<?xml version="1.0" encoding="UTF-8"?>
<testsuite xmlns:xsi="http://www.w3.org/2001/XMLSchema-instance" xsi:noNamespaceSchemaLocation="https://maven.apache.org/surefire/maven-surefire-plugin/xsd/surefire-test-report.xsd" name="org.apache.hadoop.ozone.client.rpc.TestDeleteWithSlowFollower" time="132.295" tests="1" errors="0" skipped="0" failures="1">
  <properties>
    <property name="awt.toolkit" value="sun.awt.X11.XToolkit"/>
    <property name="file.encoding.pkg" value="sun.io"/>
    <property name="java.specification.version" value="1.8"/>
    <property name="sun.cpu.isalist" value=""/>
    <property name="sun.jnu.encoding" value="ANSI_X3.4-1968"/>
    <property name="java.class.path" value="/workdir/hadoop-ozone/integration-test/target/test-classes:/workdir/hadoop-ozone/integration-test/target/classes:/home/user/.m2/repository/org/apache/hadoop/hadoop-ozone-common/0.5.0-SNAPSHOT/hadoop-ozone-common-0.5.0-SNAPSHOT.jar:/home/user/.m2/repository/org/apache/commons/commons-compress/1.4.1/commons-compress-1.4.1.jar:/home/user/.m2/repository/org/tukaani/xz/1.0/xz-1.0.jar:/home/user/.m2/repository/org/apache/hadoop/hadoop-common/3.2.0/hadoop-common-3.2.0.jar:/home/user/.m2/repository/org/apache/hadoop/hadoop-hdfs/3.2.0/hadoop-hdfs-3.2.0.jar:/home/user/.m2/repository/org/apache/hadoop/hadoop-hdfs-client/3.2.0/hadoop-hdfs-client-3.2.0.jar:/home/user/.m2/repository/com/fasterxml/jackson/core/jackson-annotations/2.9.9/jackson-annotations-2.9.9.jar:/home/user/.m2/repository/org/apache/hadoop/hadoop-hdds-common/0.5.0-SNAPSHOT/hadoop-hdds-common-0.5.0-SNAPSHOT.jar:/home/user/.m2/repository/javax/annotation/javax.annotation-api/1.2/javax.annotation-api-1.2.jar:/home/user/.m2/repository/org/apache/ratis/ratis-server/0.5.0-3f446aa-SNAPSHOT/ratis-server-0.5.0-3f446aa-SNAPSHOT.jar:/home/user/.m2/repository/org/apache/ratis/ratis-thirdparty-misc/0.2.0/ratis-thirdparty-misc-0.2.0.jar:/home/user/.m2/repository/org/apache/ratis/ratis-proto/0.5.0-3f446aa-SNAPSHOT/ratis-proto-0.5.0-3f446aa-SNAPSHOT.jar:/home/user/.m2/repository/org/apache/ratis/ratis-common/0.5.0-3f446aa-SNAPSHOT/ratis-common-0.5.0-3f446aa-SNAPSHOT.jar:/home/user/.m2/repository/org/apache/ratis/ratis-client/0.5.0-3f446aa-SNAPSHOT/ratis-client-0.5.0-3f446aa-SNAPSHOT.jar:/home/user/.m2/repository/org/apache/ratis/ratis-metrics/0.5.0-3f446aa-SNAPSHOT/ratis-metrics-0.5.0-3f446aa-SNAPSHOT.jar:/home/user/.m2/repository/com/github/joshelser/dropwizard-metrics-hadoop-metrics2-reporter/0.1.2/dropwizard-metrics-hadoop-metrics2-reporter-0.1.2.jar:/home/user/.m2/repository/io/dropwizard/metrics/metrics-jvm/3.2.5/metrics-jvm-3.2.5.jar:/home/user/.m2/repository/io/dropwizard/metrics/metrics-ganglia/3.2.5/metrics-ganglia-3.2.5.jar:/home/user/.m2/repository/info/ganglia/gmetric4j/gmetric4j/1.0.7/gmetric4j-1.0.7.jar:/home/user/.m2/repository/org/apache/ratis/ratis-netty/0.5.0-3f446aa-SNAPSHOT/ratis-netty-0.5.0-3f446aa-SNAPSHOT.jar:/home/user/.m2/repository/org/apache/ratis/ratis-grpc/0.5.0-3f446aa-SNAPSHOT/ratis-grpc-0.5.0-3f446aa-SNAPSHOT.jar:/home/user/.m2/repository/org/rocksdb/rocksdbjni/6.0.1/rocksdbjni-6.0.1.jar:/home/user/.m2/repository/org/apache/logging/log4j/log4j-api/2.11.0/log4j-api-2.11.0.jar:/home/user/.m2/repository/org/apache/logging/log4j/log4j-core/2.11.0/log4j-core-2.11.0.jar:/home/user/.m2/repository/com/lmax/disruptor/3.4.2/disruptor-3.4.2.jar:/home/user/.m2/repository/org/apache/commons/commons-pool2/2.6.0/commons-pool2-2.6.0.jar:/home/user/.m2/repository/org/bouncycastle/bcpkix-jdk15on/1.60/bcpkix-jdk15on-1.60.jar:/home/user/.m2/repository/commons-validator/commons-validator/1.6/commons-validator-1.6.jar:/home/user/.m2/repository/commons-digester/commons-digester/1.8.1/commons-digester-1.8.1.jar:/home/user/.m2/repository/io/jaegertracing/jaeger-client/0.34.0/jaeger-client-0.34.0.jar:/home/user/.m2/repository/io/jaegertracing/jaeger-thrift/0.34.0/jaeger-thrift-0.34.0.jar:/home/user/.m2/repository/org/apache/thrift/libthrift/0.12.0/libthrift-0.12.0.jar:/home/user/.m2/repository/com/squareup/okhttp3/okhttp/3.9.0/okhttp-3.9.0.jar:/home/user/.m2/repository/com/squareup/okio/okio/1.13.0/okio-1.13.0.jar:/home/user/.m2/repository/io/jaegertracing/jaeger-core/0.34.0/jaeger-core-0.34.0.jar:/home/user/.m2/repository/io/jaegertracing/jaeger-tracerresolver/0.34.0/jaeger-tracerresolver-0.34.0.jar:/home/user/.m2/repository/io/opentracing/contrib/opentracing-tracerresolver/0.1.5/opentracing-tracerresolver-0.1.5.jar:/home/user/.m2/repository/io/opentracing/opentracing-util/0.31.0/opentracing-util-0.31.0.jar:/home/user/.m2/repository/io/opentracing/opentracing-api/0.31.0/opentracing-api-0.31.0.jar:/home/user/.m2/repository/io/opentracing/opentracing-noop/0.31.0/opentracing-noop-0.31.0.jar:/home/user/.m2/repository/org/apache/hadoop/hadoop-hdds-server-framework/0.5.0-SNAPSHOT/hadoop-hdds-server-framework-0.5.0-SNAPSHOT.jar:/home/user/.m2/repository/org/apache/hadoop/hadoop-hdds-container-service/0.5.0-SNAPSHOT/hadoop-hdds-container-service-0.5.0-SNAPSHOT.jar:/home/user/.m2/repository/org/apache/hadoop/hadoop-hdds-client/0.5.0-SNAPSHOT/hadoop-hdds-client-0.5.0-SNAPSHOT.jar:/home/user/.m2/repository/org/apache/hadoop/hadoop-hdds-tools/0.5.0-SNAPSHOT/hadoop-hdds-tools-0.5.0-SNAPSHOT.jar:/home/user/.m2/repository/org/apache/hadoop/hadoop-hdds-server-scm/0.5.0-SNAPSHOT/hadoop-hdds-server-scm-0.5.0-SNAPSHOT.jar:/home/user/.m2/repository/org/apache/hadoop/hadoop-hdds-docs/0.5.0-SNAPSHOT/hadoop-hdds-docs-0.5.0-SNAPSHOT.jar:/home/user/.m2/repository/io/dropwizard/metrics/metrics-core/3.2.4/metrics-core-3.2.4.jar:/home/user/.m2/repository/org/hamcrest/hamcrest-all/1.3/hamcrest-all-1.3.jar:/home/user/.m2/repository/org/bouncycastle/bcprov-jdk15on/1.60/bcprov-jdk15on-1.60.jar:/home/user/.m2/repository/info/picocli/picocli/3.9.6/picocli-3.9.6.jar:/home/user/.m2/repository/com/google/protobuf/protobuf-java/2.5.0/protobuf-java-2.5.0.jar:/home/user/.m2/repository/com/google/guava/guava/11.0.2/guava-11.0.2.jar:/home/user/.m2/repository/org/apache/hadoop/hadoop-ozone-ozone-manager/0.5.0-SNAPSHOT/hadoop-ozone-ozone-manager-0.5.0-SNAPSHOT.jar:/home/user/.m2/repository/org/apache/hadoop/hadoop-minikdc/3.2.0/hadoop-minikdc-3.2.0.jar:/home/user/.m2/repository/commons-io/commons-io/2.5/commons-io-2.5.jar:/home/user/.m2/repository/org/apache/kerby/kerb-simplekdc/1.0.1/kerb-simplekdc-1.0.1.jar:/home/user/.m2/repository/org/apache/kerby/kerb-client/1.0.1/kerb-client-1.0.1.jar:/home/user/.m2/repository/org/apache/kerby/kerby-config/1.0.1/kerby-config-1.0.1.jar:/home/user/.m2/repository/org/apache/kerby/kerb-core/1.0.1/kerb-core-1.0.1.jar:/home/user/.m2/repository/org/apache/kerby/kerby-pkix/1.0.1/kerby-pkix-1.0.1.jar:/home/user/.m2/repository/org/apache/kerby/kerby-asn1/1.0.1/kerby-asn1-1.0.1.jar:/home/user/.m2/repository/org/apache/kerby/kerby-util/1.0.1/kerby-util-1.0.1.jar:/home/user/.m2/repository/org/apache/kerby/kerb-common/1.0.1/kerb-common-1.0.1.jar:/home/user/.m2/repository/org/apache/kerby/kerb-crypto/1.0.1/kerb-crypto-1.0.1.jar:/home/user/.m2/repository/org/apache/kerby/kerb-util/1.0.1/kerb-util-1.0.1.jar:/home/user/.m2/repository/org/apache/kerby/token-provider/1.0.1/token-provider-1.0.1.jar:/home/user/.m2/repository/org/apache/kerby/kerb-admin/1.0.1/kerb-admin-1.0.1.jar:/home/user/.m2/repository/org/apache/kerby/kerb-server/1.0.1/kerb-server-1.0.1.jar:/home/user/.m2/repository/org/apache/kerby/kerb-identity/1.0.1/kerb-identity-1.0.1.jar:/home/user/.m2/repository/org/apache/kerby/kerby-xdr/1.0.1/kerby-xdr-1.0.1.jar:/home/user/.m2/repository/org/slf4j/slf4j-log4j12/1.7.25/slf4j-log4j12-1.7.25.jar:/home/user/.m2/repository/org/apache/hadoop/hadoop-ozone-s3gateway/0.5.0-SNAPSHOT/hadoop-ozone-s3gateway-0.5.0-SNAPSHOT.jar:/home/user/.m2/repository/org/jboss/weld/servlet/weld-servlet/2.4.7.Final/weld-servlet-2.4.7.Final.jar:/home/user/.m2/repository/org/glassfish/jersey/containers/jersey-container-servlet-core/2.27/jersey-container-servlet-core-2.27.jar:/home/user/.m2/repository/org/glassfish/hk2/external/javax.inject/2.5.0-b42/javax.inject-2.5.0-b42.jar:/home/user/.m2/repository/org/glassfish/jersey/core/jersey-common/2.27/jersey-common-2.27.jar:/home/user/.m2/repository/org/glassfish/hk2/osgi-resource-locator/1.0.1/osgi-resource-locator-1.0.1.jar:/home/user/.m2/repository/javax/ws/rs/javax.ws.rs-api/2.1/javax.ws.rs-api-2.1.jar:/home/user/.m2/repository/org/glassfish/jersey/ext/cdi/jersey-cdi1x/2.27/jersey-cdi1x-2.27.jar:/home/user/.m2/repository/org/glassfish/jersey/inject/jersey-hk2/2.27/jersey-hk2-2.27.jar:/home/user/.m2/repository/org/glassfish/hk2/hk2-locator/2.5.0-b42/hk2-locator-2.5.0-b42.jar:/home/user/.m2/repository/org/javassist/javassist/3.22.0-CR2/javassist-3.22.0-CR2.jar:/home/user/.m2/repository/org/glassfish/hk2/hk2-api/2.5.0/hk2-api-2.5.0.jar:/home/user/.m2/repository/org/glassfish/hk2/external/jakarta.inject/2.5.0/jakarta.inject-2.5.0.jar:/home/user/.m2/repository/org/glassfish/hk2/hk2-utils/2.5.0/hk2-utils-2.5.0.jar:/home/user/.m2/repository/jakarta/annotation/jakarta.annotation-api/1.3.4/jakarta.annotation-api-1.3.4.jar:/home/user/.m2/repository/org/glassfish/hk2/external/aopalliance-repackaged/2.5.0/aopalliance-repackaged-2.5.0.jar:/home/user/.m2/repository/com/fasterxml/jackson/dataformat/jackson-dataformat-xml/2.9.0/jackson-dataformat-xml-2.9.0.jar:/home/user/.m2/repository/com/fasterxml/jackson/core/jackson-core/2.9.9/jackson-core-2.9.9.jar:/home/user/.m2/repository/com/fasterxml/jackson/module/jackson-module-jaxb-annotations/2.9.9/jackson-module-jaxb-annotations-2.9.9.jar:/home/user/.m2/repository/javax/enterprise/cdi-api/1.2/cdi-api-1.2.jar:/home/user/.m2/repository/javax/el/javax.el-api/3.0.0/javax.el-api-3.0.0.jar:/home/user/.m2/repository/javax/interceptor/javax.interceptor-api/1.2/javax.interceptor-api-1.2.jar:/home/user/.m2/repository/javax/inject/javax.inject/1/javax.inject-1.jar:/home/user/.m2/repository/com/sun/xml/bind/jaxb-impl/2.3.0.1/jaxb-impl-2.3.0.1.jar:/home/user/.m2/repository/com/sun/xml/bind/jaxb-core/2.3.0.1/jaxb-core-2.3.0.1.jar:/home/user/.m2/repository/javax/xml/bind/jaxb-api/2.3.0/jaxb-api-2.3.0.jar:/home/user/.m2/repository/javax/activation/activation/1.1.1/activation-1.1.1.jar:/home/user/.m2/repository/org/apache/hadoop/hadoop-ozone-csi/0.5.0-SNAPSHOT/hadoop-ozone-csi-0.5.0-SNAPSHOT.jar:/home/user/.m2/repository/com/google/protobuf/protobuf-java-util/3.5.1/protobuf-java-util-3.5.1.jar:/home/user/.m2/repository/org/apache/hadoop/hadoop-hdds-config/0.5.0-SNAPSHOT/hadoop-hdds-config-0.5.0-SNAPSHOT.jar:/home/user/.m2/repository/io/grpc/grpc-netty/1.17.1/grpc-netty-1.17.1.jar:/home/user/.m2/repository/io/grpc/grpc-core/1.17.1/grpc-core-1.17.1.jar:/home/user/.m2/repository/io/grpc/grpc-context/1.17.1/grpc-context-1.17.1.jar:/home/user/.m2/repository/com/google/errorprone/error_prone_annotations/2.2.0/error_prone_annotations-2.2.0.jar:/home/user/.m2/repository/org/codehaus/mojo/animal-sniffer-annotations/1.17/animal-sniffer-annotations-1.17.jar:/home/user/.m2/repository/io/opencensus/opencensus-api/0.17.0/opencensus-api-0.17.0.jar:/home/user/.m2/repository/io/opencensus/opencensus-contrib-grpc-metrics/0.17.0/opencensus-contrib-grpc-metrics-0.17.0.jar:/home/user/.m2/repository/io/netty/netty-codec-http2/4.1.30.Final/netty-codec-http2-4.1.30.Final.jar:/home/user/.m2/repository/io/netty/netty-codec-http/4.1.30.Final/netty-codec-http-4.1.30.Final.jar:/home/user/.m2/repository/io/netty/netty-codec/4.1.30.Final/netty-codec-4.1.30.Final.jar:/home/user/.m2/repository/io/netty/netty-handler/4.1.30.Final/netty-handler-4.1.30.Final.jar:/home/user/.m2/repository/io/netty/netty-handler-proxy/4.1.30.Final/netty-handler-proxy-4.1.30.Final.jar:/home/user/.m2/repository/io/netty/netty-codec-socks/4.1.30.Final/netty-codec-socks-4.1.30.Final.jar:/home/user/.m2/repository/io/netty/netty-transport-native-epoll/4.1.30.Final/netty-transport-native-epoll-4.1.30.Final.jar:/home/user/.m2/repository/io/netty/netty-common/4.1.30.Final/netty-common-4.1.30.Final.jar:/home/user/.m2/repository/io/netty/netty-buffer/4.1.30.Final/netty-buffer-4.1.30.Final.jar:/home/user/.m2/repository/io/netty/netty-transport/4.1.30.Final/netty-transport-4.1.30.Final.jar:/home/user/.m2/repository/io/netty/netty-resolver/4.1.30.Final/netty-resolver-4.1.30.Final.jar:/home/user/.m2/repository/io/netty/netty-transport-native-unix-common/4.1.30.Final/netty-transport-native-unix-common-4.1.30.Final.jar:/home/user/.m2/repository/io/grpc/grpc-protobuf/1.17.1/grpc-protobuf-1.17.1.jar:/home/user/.m2/repository/com/google/api/grpc/proto-google-common-protos/1.0.0/proto-google-common-protos-1.0.0.jar:/home/user/.m2/repository/io/grpc/grpc-protobuf-lite/1.17.1/grpc-protobuf-lite-1.17.1.jar:/home/user/.m2/repository/io/grpc/grpc-stub/1.17.1/grpc-stub-1.17.1.jar:/home/user/.m2/repository/org/apache/hadoop/hadoop-ozone-recon/0.5.0-SNAPSHOT/hadoop-ozone-recon-0.5.0-SNAPSHOT.jar:/home/user/.m2/repository/org/apache/hadoop/hadoop-ozone-reconcodegen/0.5.0-SNAPSHOT/hadoop-ozone-reconcodegen-0.5.0-SNAPSHOT.jar:/home/user/.m2/repository/com/google/inject/extensions/guice-multibindings/4.0/guice-multibindings-4.0.jar:/home/user/.m2/repository/com/google/inject/guice/4.0/guice-4.0.jar:/home/user/.m2/repository/aopalliance/aopalliance/1.0/aopalliance-1.0.jar:/home/user/.m2/repository/com/google/inject/extensions/guice-servlet/4.0/guice-servlet-4.0.jar:/home/user/.m2/repository/org/glassfish/jersey/containers/jersey-container-servlet/2.27/jersey-container-servlet-2.27.jar:/home/user/.m2/repository/org/glassfish/hk2/guice-bridge/2.5.0/guice-bridge-2.5.0.jar:/home/user/.m2/repository/org/glassfish/jersey/core/jersey-server/2.27/jersey-server-2.27.jar:/home/user/.m2/repository/org/glassfish/jersey/core/jersey-client/2.27/jersey-client-2.27.jar:/home/user/.m2/repository/org/glassfish/jersey/media/jersey-media-jaxb/2.27/jersey-media-jaxb-2.27.jar:/home/user/.m2/repository/javax/validation/validation-api/1.1.0.Final/validation-api-1.1.0.Final.jar:/home/user/.m2/repository/org/glassfish/jersey/media/jersey-media-json-jackson/2.27/jersey-media-json-jackson-2.27.jar:/home/user/.m2/repository/org/glassfish/jersey/ext/jersey-entity-filtering/2.27/jersey-entity-filtering-2.27.jar:/home/user/.m2/repository/com/google/inject/extensions/guice-assistedinject/4.0/guice-assistedinject-4.0.jar:/home/user/.m2/repository/org/jooq/jooq/3.11.10/jooq-3.11.10.jar:/home/user/.m2/repository/org/jooq/jooq-meta/3.11.10/jooq-meta-3.11.10.jar:/home/user/.m2/repository/org/jooq/jooq-codegen/3.11.10/jooq-codegen-3.11.10.jar:/home/user/.m2/repository/com/jolbox/bonecp/0.8.0.RELEASE/bonecp-0.8.0.RELEASE.jar:/home/user/.m2/repository/org/xerial/sqlite-jdbc/3.25.2/sqlite-jdbc-3.25.2.jar:/home/user/.m2/repository/org/springframework/spring-jdbc/5.1.3.RELEASE/spring-jdbc-5.1.3.RELEASE.jar:/home/user/.m2/repository/org/springframework/spring-beans/5.1.3.RELEASE/spring-beans-5.1.3.RELEASE.jar:/home/user/.m2/repository/org/springframework/spring-core/5.1.3.RELEASE/spring-core-5.1.3.RELEASE.jar:/home/user/.m2/repository/org/springframework/spring-jcl/5.1.3.RELEASE/spring-jcl-5.1.3.RELEASE.jar:/home/user/.m2/repository/org/springframework/spring-tx/5.1.3.RELEASE/spring-tx-5.1.3.RELEASE.jar:/home/user/.m2/repository/org/apache/hadoop/hadoop-ozone-client/0.5.0-SNAPSHOT/hadoop-ozone-client-0.5.0-SNAPSHOT.jar:/home/user/.m2/repository/commons-lang/commons-lang/2.6/commons-lang-2.6.jar:/home/user/.m2/repository/org/apache/hadoop/hadoop-ozone-ozone-manager/0.5.0-SNAPSHOT/hadoop-ozone-ozone-manager-0.5.0-SNAPSHOT-tests.jar:/home/user/.m2/repository/junit/junit/4.11/junit-4.11.jar:/home/user/.m2/repository/org/hamcrest/hamcrest-core/1.3/hamcrest-core-1.3.jar:/home/user/.m2/repository/org/openjdk/jmh/jmh-core/1.19/jmh-core-1.19.jar:/home/user/.m2/repository/net/sf/jopt-simple/jopt-simple/4.6/jopt-simple-4.6.jar:/home/user/.m2/repository/org/apache/commons/commons-math3/3.1.1/commons-math3-3.1.1.jar:/home/user/.m2/repository/org/openjdk/jmh/jmh-generator-annprocess/1.19/jmh-generator-annprocess-1.19.jar:/home/user/.m2/repository/org/mockito/mockito-all/1.8.5/mockito-all-1.8.5.jar:/home/user/.m2/repository/org/apache/hadoop/hadoop-kms/3.2.0/hadoop-kms-3.2.0.jar:/home/user/.m2/repository/org/apache/hadoop/hadoop-auth/3.2.0/hadoop-auth-3.2.0.jar:/home/user/.m2/repository/com/nimbusds/nimbus-jose-jwt/4.41.1/nimbus-jose-jwt-4.41.1.jar:/home/user/.m2/repository/com/github/stephenc/jcip/jcip-annotations/1.0-1/jcip-annotations-1.0-1.jar:/home/user/.m2/repository/net/minidev/json-smart/2.3/json-smart-2.3.jar:/home/user/.m2/repository/net/minidev/accessors-smart/1.2/accessors-smart-1.2.jar:/home/user/.m2/repository/org/ow2/asm/asm/5.0.4/asm-5.0.4.jar:/home/user/.m2/repository/org/apache/curator/curator-framework/2.12.0/curator-framework-2.12.0.jar:/home/user/.m2/repository/com/sun/jersey/jersey-core/1.19/jersey-core-1.19.jar:/home/user/.m2/repository/javax/ws/rs/jsr311-api/1.1.1/jsr311-api-1.1.1.jar:/home/user/.m2/repository/com/sun/jersey/jersey-server/1.19/jersey-server-1.19.jar:/home/user/.m2/repository/javax/servlet/javax.servlet-api/3.1.0/javax.servlet-api-3.1.0.jar:/home/user/.m2/repository/org/eclipse/jetty/jetty-server/9.3.25.v20180904/jetty-server-9.3.25.v20180904.jar:/home/user/.m2/repository/org/eclipse/jetty/jetty-http/9.3.25.v20180904/jetty-http-9.3.25.v20180904.jar:/home/user/.m2/repository/org/eclipse/jetty/jetty-io/9.3.25.v20180904/jetty-io-9.3.25.v20180904.jar:/home/user/.m2/repository/org/eclipse/jetty/jetty-webapp/9.3.25.v20180904/jetty-webapp-9.3.25.v20180904.jar:/home/user/.m2/repository/org/eclipse/jetty/jetty-xml/9.3.25.v20180904/jetty-xml-9.3.25.v20180904.jar:/home/user/.m2/repository/log4j/log4j/1.2.17/log4j-1.2.17.jar:/home/user/.m2/repository/org/slf4j/slf4j-api/1.7.25/slf4j-api-1.7.25.jar:/home/user/.m2/repository/org/slf4j/jul-to-slf4j/1.7.25/jul-to-slf4j-1.7.25.jar:/home/user/.m2/repository/org/eclipse/jetty/jetty-util/9.3.25.v20180904/jetty-util-9.3.25.v20180904.jar:/home/user/.m2/repository/com/fasterxml/jackson/core/jackson-databind/2.9.9/jackson-databind-2.9.9.jar:/home/user/.m2/repository/org/apache/hadoop/hadoop-kms/3.2.0/hadoop-kms-3.2.0-tests.jar:/home/user/.m2/repository/org/apache/hadoop/hadoop-hdds-server-scm/0.5.0-SNAPSHOT/hadoop-hdds-server-scm-0.5.0-SNAPSHOT-tests.jar:/home/user/.m2/repository/org/apache/hadoop/hadoop-hdds-container-service/0.5.0-SNAPSHOT/hadoop-hdds-container-service-0.5.0-SNAPSHOT-tests.jar:/home/user/.m2/repository/org/yaml/snakeyaml/1.16/snakeyaml-1.16.jar:/home/user/.m2/repository/org/apache/hadoop/hadoop-common/3.2.0/hadoop-common-3.2.0-tests.jar:/home/user/.m2/repository/org/apache/hadoop/hadoop-annotations/3.2.0/hadoop-annotations-3.2.0.jar:/usr/lib/jvm/java-1.8.0-openjdk-1.8.0.222.b10-1.el7_7.x86_64/jre/../lib/tools.jar:/home/user/.m2/repository/commons-cli/commons-cli/1.2/commons-cli-1.2.jar:/home/user/.m2/repository/org/apache/httpcomponents/httpclient/4.5.2/httpclient-4.5.2.jar:/home/user/.m2/repository/org/apache/httpcomponents/httpcore/4.4.4/httpcore-4.4.4.jar:/home/user/.m2/repository/commons-codec/commons-codec/1.11/commons-codec-1.11.jar:/home/user/.m2/repository/commons-net/commons-net/3.6/commons-net-3.6.jar:/home/user/.m2/repository/commons-collections/commons-collections/3.2.2/commons-collections-3.2.2.jar:/home/user/.m2/repository/org/eclipse/jetty/jetty-servlet/9.3.25.v20180904/jetty-servlet-9.3.25.v20180904.jar:/home/user/.m2/repository/org/eclipse/jetty/jetty-security/9.3.25.v20180904/jetty-security-9.3.25.v20180904.jar:/home/user/.m2/repository/javax/servlet/jsp/jsp-api/2.1/jsp-api-2.1.jar:/home/user/.m2/repository/com/sun/jersey/jersey-servlet/1.19/jersey-servlet-1.19.jar:/home/user/.m2/repository/com/sun/jersey/jersey-json/1.19/jersey-json-1.19.jar:/home/user/.m2/repository/org/codehaus/jettison/jettison/1.1/jettison-1.1.jar:/home/user/.m2/repository/org/codehaus/jackson/jackson-core-asl/1.9.13/jackson-core-asl-1.9.13.jar:/home/user/.m2/repository/org/codehaus/jackson/jackson-mapper-asl/1.9.13/jackson-mapper-asl-1.9.13.jar:/home/user/.m2/repository/org/codehaus/jackson/jackson-jaxrs/1.9.13/jackson-jaxrs-1.9.13.jar:/home/user/.m2/repository/org/codehaus/jackson/jackson-xc/1.9.13/jackson-xc-1.9.13.jar:/home/user/.m2/repository/commons-logging/commons-logging/1.1.3/commons-logging-1.1.3.jar:/home/user/.m2/repository/commons-beanutils/commons-beanutils/1.9.4/commons-beanutils-1.9.4.jar:/home/user/.m2/repository/org/apache/commons/commons-configuration2/2.1.1/commons-configuration2-2.1.1.jar:/home/user/.m2/repository/org/apache/commons/commons-lang3/3.7/commons-lang3-3.7.jar:/home/user/.m2/repository/org/apache/commons/commons-text/1.4/commons-text-1.4.jar:/home/user/.m2/repository/org/apache/avro/avro/1.7.7/avro-1.7.7.jar:/home/user/.m2/repository/com/thoughtworks/paranamer/paranamer/2.3/paranamer-2.3.jar:/home/user/.m2/repository/org/xerial/snappy/snappy-java/1.0.5/snappy-java-1.0.5.jar:/home/user/.m2/repository/com/google/re2j/re2j/1.1/re2j-1.1.jar:/home/user/.m2/repository/com/google/code/gson/gson/2.2.4/gson-2.2.4.jar:/home/user/.m2/repository/com/jcraft/jsch/0.1.54/jsch-0.1.54.jar:/home/user/.m2/repository/org/apache/curator/curator-client/2.12.0/curator-client-2.12.0.jar:/home/user/.m2/repository/org/apache/curator/curator-recipes/2.12.0/curator-recipes-2.12.0.jar:/home/user/.m2/repository/com/google/code/findbugs/jsr305/3.0.0/jsr305-3.0.0.jar:/home/user/.m2/repository/org/apache/htrace/htrace-core4/4.1.0-incubating/htrace-core4-4.1.0-incubating.jar:/home/user/.m2/repository/org/apache/zookeeper/zookeeper/3.4.13/zookeeper-3.4.13.jar:/home/user/.m2/repository/jline/jline/0.9.94/jline-0.9.94.jar:/home/user/.m2/repository/org/apache/yetus/audience-annotations/0.5.0/audience-annotations-0.5.0.jar:/home/user/.m2/repository/org/codehaus/woodstox/stax2-api/3.1.4/stax2-api-3.1.4.jar:/home/user/.m2/repository/com/fasterxml/woodstox/woodstox-core/5.0.3/woodstox-core-5.0.3.jar:/home/user/.m2/repository/dnsjava/dnsjava/2.1.7/dnsjava-2.1.7.jar:/home/user/.m2/repository/org/apache/hadoop/hadoop-hdfs/3.2.0/hadoop-hdfs-3.2.0-tests.jar:/home/user/.m2/repository/org/eclipse/jetty/jetty-util-ajax/9.3.25.v20180904/jetty-util-ajax-9.3.25.v20180904.jar:/home/user/.m2/repository/commons-daemon/commons-daemon/1.0.13/commons-daemon-1.0.13.jar:/home/user/.m2/repository/io/netty/netty/3.10.5.Final/netty-3.10.5.Final.jar:/home/user/.m2/repository/io/netty/netty-all/4.0.52.Final/netty-all-4.0.52.Final.jar:/home/user/.m2/repository/org/fusesource/leveldbjni/leveldbjni-all/1.8/leveldbjni-all-1.8.jar:"/>
    <property name="java.vm.vendor" value="Oracle Corporation"/>
    <property name="sun.arch.data.model" value="64"/>
    <property name="test.build.dir" value="/workdir/hadoop-ozone/integration-test/target/test-dir"/>
    <property name="test.cache.data" value=""/>
    <property name="java.vendor.url" value="http://java.oracle.com/"/>
    <property name="user.timezone" value=""/>
    <property name="java.vm.specification.version" value="1.8"/>
    <property name="os.name" value="Linux"/>
    <property name="test.build.data" value="/workdir/hadoop-ozone/integration-test/target/test-dir"/>
    <property name="user.country" value="US"/>
    <property name="sun.java.launcher" value="SUN_STANDARD"/>
    <property name="sun.boot.library.path" value="/usr/lib/jvm/java-1.8.0-openjdk-1.8.0.222.b10-1.el7_7.x86_64/jre/lib/amd64"/>
    <property name="sun.java.command" value="/workdir/hadoop-ozone/integration-test/target/surefire/surefirebooter2104145205169965156.jar /workdir/hadoop-ozone/integration-test/target/surefire 2019-10-15T20-45-56_094-jvmRun1 surefire586154788830237542tmp surefire_268720112663763464302tmp"/>
    <property name="surefire.test.class.path" value="/workdir/hadoop-ozone/integration-test/target/test-classes:/workdir/hadoop-ozone/integration-test/target/classes:/home/user/.m2/repository/org/apache/hadoop/hadoop-ozone-common/0.5.0-SNAPSHOT/hadoop-ozone-common-0.5.0-SNAPSHOT.jar:/home/user/.m2/repository/org/apache/commons/commons-compress/1.4.1/commons-compress-1.4.1.jar:/home/user/.m2/repository/org/tukaani/xz/1.0/xz-1.0.jar:/home/user/.m2/repository/org/apache/hadoop/hadoop-common/3.2.0/hadoop-common-3.2.0.jar:/home/user/.m2/repository/org/apache/hadoop/hadoop-hdfs/3.2.0/hadoop-hdfs-3.2.0.jar:/home/user/.m2/repository/org/apache/hadoop/hadoop-hdfs-client/3.2.0/hadoop-hdfs-client-3.2.0.jar:/home/user/.m2/repository/com/fasterxml/jackson/core/jackson-annotations/2.9.9/jackson-annotations-2.9.9.jar:/home/user/.m2/repository/org/apache/hadoop/hadoop-hdds-common/0.5.0-SNAPSHOT/hadoop-hdds-common-0.5.0-SNAPSHOT.jar:/home/user/.m2/repository/javax/annotation/javax.annotation-api/1.2/javax.annotation-api-1.2.jar:/home/user/.m2/repository/org/apache/ratis/ratis-server/0.5.0-3f446aa-SNAPSHOT/ratis-server-0.5.0-3f446aa-SNAPSHOT.jar:/home/user/.m2/repository/org/apache/ratis/ratis-thirdparty-misc/0.2.0/ratis-thirdparty-misc-0.2.0.jar:/home/user/.m2/repository/org/apache/ratis/ratis-proto/0.5.0-3f446aa-SNAPSHOT/ratis-proto-0.5.0-3f446aa-SNAPSHOT.jar:/home/user/.m2/repository/org/apache/ratis/ratis-common/0.5.0-3f446aa-SNAPSHOT/ratis-common-0.5.0-3f446aa-SNAPSHOT.jar:/home/user/.m2/repository/org/apache/ratis/ratis-client/0.5.0-3f446aa-SNAPSHOT/ratis-client-0.5.0-3f446aa-SNAPSHOT.jar:/home/user/.m2/repository/org/apache/ratis/ratis-metrics/0.5.0-3f446aa-SNAPSHOT/ratis-metrics-0.5.0-3f446aa-SNAPSHOT.jar:/home/user/.m2/repository/com/github/joshelser/dropwizard-metrics-hadoop-metrics2-reporter/0.1.2/dropwizard-metrics-hadoop-metrics2-reporter-0.1.2.jar:/home/user/.m2/repository/io/dropwizard/metrics/metrics-jvm/3.2.5/metrics-jvm-3.2.5.jar:/home/user/.m2/repository/io/dropwizard/metrics/metrics-ganglia/3.2.5/metrics-ganglia-3.2.5.jar:/home/user/.m2/repository/info/ganglia/gmetric4j/gmetric4j/1.0.7/gmetric4j-1.0.7.jar:/home/user/.m2/repository/org/apache/ratis/ratis-netty/0.5.0-3f446aa-SNAPSHOT/ratis-netty-0.5.0-3f446aa-SNAPSHOT.jar:/home/user/.m2/repository/org/apache/ratis/ratis-grpc/0.5.0-3f446aa-SNAPSHOT/ratis-grpc-0.5.0-3f446aa-SNAPSHOT.jar:/home/user/.m2/repository/org/rocksdb/rocksdbjni/6.0.1/rocksdbjni-6.0.1.jar:/home/user/.m2/repository/org/apache/logging/log4j/log4j-api/2.11.0/log4j-api-2.11.0.jar:/home/user/.m2/repository/org/apache/logging/log4j/log4j-core/2.11.0/log4j-core-2.11.0.jar:/home/user/.m2/repository/com/lmax/disruptor/3.4.2/disruptor-3.4.2.jar:/home/user/.m2/repository/org/apache/commons/commons-pool2/2.6.0/commons-pool2-2.6.0.jar:/home/user/.m2/repository/org/bouncycastle/bcpkix-jdk15on/1.60/bcpkix-jdk15on-1.60.jar:/home/user/.m2/repository/commons-validator/commons-validator/1.6/commons-validator-1.6.jar:/home/user/.m2/repository/commons-digester/commons-digester/1.8.1/commons-digester-1.8.1.jar:/home/user/.m2/repository/io/jaegertracing/jaeger-client/0.34.0/jaeger-client-0.34.0.jar:/home/user/.m2/repository/io/jaegertracing/jaeger-thrift/0.34.0/jaeger-thrift-0.34.0.jar:/home/user/.m2/repository/org/apache/thrift/libthrift/0.12.0/libthrift-0.12.0.jar:/home/user/.m2/repository/com/squareup/okhttp3/okhttp/3.9.0/okhttp-3.9.0.jar:/home/user/.m2/repository/com/squareup/okio/okio/1.13.0/okio-1.13.0.jar:/home/user/.m2/repository/io/jaegertracing/jaeger-core/0.34.0/jaeger-core-0.34.0.jar:/home/user/.m2/repository/io/jaegertracing/jaeger-tracerresolver/0.34.0/jaeger-tracerresolver-0.34.0.jar:/home/user/.m2/repository/io/opentracing/contrib/opentracing-tracerresolver/0.1.5/opentracing-tracerresolver-0.1.5.jar:/home/user/.m2/repository/io/opentracing/opentracing-util/0.31.0/opentracing-util-0.31.0.jar:/home/user/.m2/repository/io/opentracing/opentracing-api/0.31.0/opentracing-api-0.31.0.jar:/home/user/.m2/repository/io/opentracing/opentracing-noop/0.31.0/opentracing-noop-0.31.0.jar:/home/user/.m2/repository/org/apache/hadoop/hadoop-hdds-server-framework/0.5.0-SNAPSHOT/hadoop-hdds-server-framework-0.5.0-SNAPSHOT.jar:/home/user/.m2/repository/org/apache/hadoop/hadoop-hdds-container-service/0.5.0-SNAPSHOT/hadoop-hdds-container-service-0.5.0-SNAPSHOT.jar:/home/user/.m2/repository/org/apache/hadoop/hadoop-hdds-client/0.5.0-SNAPSHOT/hadoop-hdds-client-0.5.0-SNAPSHOT.jar:/home/user/.m2/repository/org/apache/hadoop/hadoop-hdds-tools/0.5.0-SNAPSHOT/hadoop-hdds-tools-0.5.0-SNAPSHOT.jar:/home/user/.m2/repository/org/apache/hadoop/hadoop-hdds-server-scm/0.5.0-SNAPSHOT/hadoop-hdds-server-scm-0.5.0-SNAPSHOT.jar:/home/user/.m2/repository/org/apache/hadoop/hadoop-hdds-docs/0.5.0-SNAPSHOT/hadoop-hdds-docs-0.5.0-SNAPSHOT.jar:/home/user/.m2/repository/io/dropwizard/metrics/metrics-core/3.2.4/metrics-core-3.2.4.jar:/home/user/.m2/repository/org/hamcrest/hamcrest-all/1.3/hamcrest-all-1.3.jar:/home/user/.m2/repository/org/bouncycastle/bcprov-jdk15on/1.60/bcprov-jdk15on-1.60.jar:/home/user/.m2/repository/info/picocli/picocli/3.9.6/picocli-3.9.6.jar:/home/user/.m2/repository/com/google/protobuf/protobuf-java/2.5.0/protobuf-java-2.5.0.jar:/home/user/.m2/repository/com/google/guava/guava/11.0.2/guava-11.0.2.jar:/home/user/.m2/repository/org/apache/hadoop/hadoop-ozone-ozone-manager/0.5.0-SNAPSHOT/hadoop-ozone-ozone-manager-0.5.0-SNAPSHOT.jar:/home/user/.m2/repository/org/apache/hadoop/hadoop-minikdc/3.2.0/hadoop-minikdc-3.2.0.jar:/home/user/.m2/repository/commons-io/commons-io/2.5/commons-io-2.5.jar:/home/user/.m2/repository/org/apache/kerby/kerb-simplekdc/1.0.1/kerb-simplekdc-1.0.1.jar:/home/user/.m2/repository/org/apache/kerby/kerb-client/1.0.1/kerb-client-1.0.1.jar:/home/user/.m2/repository/org/apache/kerby/kerby-config/1.0.1/kerby-config-1.0.1.jar:/home/user/.m2/repository/org/apache/kerby/kerb-core/1.0.1/kerb-core-1.0.1.jar:/home/user/.m2/repository/org/apache/kerby/kerby-pkix/1.0.1/kerby-pkix-1.0.1.jar:/home/user/.m2/repository/org/apache/kerby/kerby-asn1/1.0.1/kerby-asn1-1.0.1.jar:/home/user/.m2/repository/org/apache/kerby/kerby-util/1.0.1/kerby-util-1.0.1.jar:/home/user/.m2/repository/org/apache/kerby/kerb-common/1.0.1/kerb-common-1.0.1.jar:/home/user/.m2/repository/org/apache/kerby/kerb-crypto/1.0.1/kerb-crypto-1.0.1.jar:/home/user/.m2/repository/org/apache/kerby/kerb-util/1.0.1/kerb-util-1.0.1.jar:/home/user/.m2/repository/org/apache/kerby/token-provider/1.0.1/token-provider-1.0.1.jar:/home/user/.m2/repository/org/apache/kerby/kerb-admin/1.0.1/kerb-admin-1.0.1.jar:/home/user/.m2/repository/org/apache/kerby/kerb-server/1.0.1/kerb-server-1.0.1.jar:/home/user/.m2/repository/org/apache/kerby/kerb-identity/1.0.1/kerb-identity-1.0.1.jar:/home/user/.m2/repository/org/apache/kerby/kerby-xdr/1.0.1/kerby-xdr-1.0.1.jar:/home/user/.m2/repository/org/slf4j/slf4j-log4j12/1.7.25/slf4j-log4j12-1.7.25.jar:/home/user/.m2/repository/org/apache/hadoop/hadoop-ozone-s3gateway/0.5.0-SNAPSHOT/hadoop-ozone-s3gateway-0.5.0-SNAPSHOT.jar:/home/user/.m2/repository/org/jboss/weld/servlet/weld-servlet/2.4.7.Final/weld-servlet-2.4.7.Final.jar:/home/user/.m2/repository/org/glassfish/jersey/containers/jersey-container-servlet-core/2.27/jersey-container-servlet-core-2.27.jar:/home/user/.m2/repository/org/glassfish/hk2/external/javax.inject/2.5.0-b42/javax.inject-2.5.0-b42.jar:/home/user/.m2/repository/org/glassfish/jersey/core/jersey-common/2.27/jersey-common-2.27.jar:/home/user/.m2/repository/org/glassfish/hk2/osgi-resource-locator/1.0.1/osgi-resource-locator-1.0.1.jar:/home/user/.m2/repository/javax/ws/rs/javax.ws.rs-api/2.1/javax.ws.rs-api-2.1.jar:/home/user/.m2/repository/org/glassfish/jersey/ext/cdi/jersey-cdi1x/2.27/jersey-cdi1x-2.27.jar:/home/user/.m2/repository/org/glassfish/jersey/inject/jersey-hk2/2.27/jersey-hk2-2.27.jar:/home/user/.m2/repository/org/glassfish/hk2/hk2-locator/2.5.0-b42/hk2-locator-2.5.0-b42.jar:/home/user/.m2/repository/org/javassist/javassist/3.22.0-CR2/javassist-3.22.0-CR2.jar:/home/user/.m2/repository/org/glassfish/hk2/hk2-api/2.5.0/hk2-api-2.5.0.jar:/home/user/.m2/repository/org/glassfish/hk2/external/jakarta.inject/2.5.0/jakarta.inject-2.5.0.jar:/home/user/.m2/repository/org/glassfish/hk2/hk2-utils/2.5.0/hk2-utils-2.5.0.jar:/home/user/.m2/repository/jakarta/annotation/jakarta.annotation-api/1.3.4/jakarta.annotation-api-1.3.4.jar:/home/user/.m2/repository/org/glassfish/hk2/external/aopalliance-repackaged/2.5.0/aopalliance-repackaged-2.5.0.jar:/home/user/.m2/repository/com/fasterxml/jackson/dataformat/jackson-dataformat-xml/2.9.0/jackson-dataformat-xml-2.9.0.jar:/home/user/.m2/repository/com/fasterxml/jackson/core/jackson-core/2.9.9/jackson-core-2.9.9.jar:/home/user/.m2/repository/com/fasterxml/jackson/module/jackson-module-jaxb-annotations/2.9.9/jackson-module-jaxb-annotations-2.9.9.jar:/home/user/.m2/repository/javax/enterprise/cdi-api/1.2/cdi-api-1.2.jar:/home/user/.m2/repository/javax/el/javax.el-api/3.0.0/javax.el-api-3.0.0.jar:/home/user/.m2/repository/javax/interceptor/javax.interceptor-api/1.2/javax.interceptor-api-1.2.jar:/home/user/.m2/repository/javax/inject/javax.inject/1/javax.inject-1.jar:/home/user/.m2/repository/com/sun/xml/bind/jaxb-impl/2.3.0.1/jaxb-impl-2.3.0.1.jar:/home/user/.m2/repository/com/sun/xml/bind/jaxb-core/2.3.0.1/jaxb-core-2.3.0.1.jar:/home/user/.m2/repository/javax/xml/bind/jaxb-api/2.3.0/jaxb-api-2.3.0.jar:/home/user/.m2/repository/javax/activation/activation/1.1.1/activation-1.1.1.jar:/home/user/.m2/repository/org/apache/hadoop/hadoop-ozone-csi/0.5.0-SNAPSHOT/hadoop-ozone-csi-0.5.0-SNAPSHOT.jar:/home/user/.m2/repository/com/google/protobuf/protobuf-java-util/3.5.1/protobuf-java-util-3.5.1.jar:/home/user/.m2/repository/org/apache/hadoop/hadoop-hdds-config/0.5.0-SNAPSHOT/hadoop-hdds-config-0.5.0-SNAPSHOT.jar:/home/user/.m2/repository/io/grpc/grpc-netty/1.17.1/grpc-netty-1.17.1.jar:/home/user/.m2/repository/io/grpc/grpc-core/1.17.1/grpc-core-1.17.1.jar:/home/user/.m2/repository/io/grpc/grpc-context/1.17.1/grpc-context-1.17.1.jar:/home/user/.m2/repository/com/google/errorprone/error_prone_annotations/2.2.0/error_prone_annotations-2.2.0.jar:/home/user/.m2/repository/org/codehaus/mojo/animal-sniffer-annotations/1.17/animal-sniffer-annotations-1.17.jar:/home/user/.m2/repository/io/opencensus/opencensus-api/0.17.0/opencensus-api-0.17.0.jar:/home/user/.m2/repository/io/opencensus/opencensus-contrib-grpc-metrics/0.17.0/opencensus-contrib-grpc-metrics-0.17.0.jar:/home/user/.m2/repository/io/netty/netty-codec-http2/4.1.30.Final/netty-codec-http2-4.1.30.Final.jar:/home/user/.m2/repository/io/netty/netty-codec-http/4.1.30.Final/netty-codec-http-4.1.30.Final.jar:/home/user/.m2/repository/io/netty/netty-codec/4.1.30.Final/netty-codec-4.1.30.Final.jar:/home/user/.m2/repository/io/netty/netty-handler/4.1.30.Final/netty-handler-4.1.30.Final.jar:/home/user/.m2/repository/io/netty/netty-handler-proxy/4.1.30.Final/netty-handler-proxy-4.1.30.Final.jar:/home/user/.m2/repository/io/netty/netty-codec-socks/4.1.30.Final/netty-codec-socks-4.1.30.Final.jar:/home/user/.m2/repository/io/netty/netty-transport-native-epoll/4.1.30.Final/netty-transport-native-epoll-4.1.30.Final.jar:/home/user/.m2/repository/io/netty/netty-common/4.1.30.Final/netty-common-4.1.30.Final.jar:/home/user/.m2/repository/io/netty/netty-buffer/4.1.30.Final/netty-buffer-4.1.30.Final.jar:/home/user/.m2/repository/io/netty/netty-transport/4.1.30.Final/netty-transport-4.1.30.Final.jar:/home/user/.m2/repository/io/netty/netty-resolver/4.1.30.Final/netty-resolver-4.1.30.Final.jar:/home/user/.m2/repository/io/netty/netty-transport-native-unix-common/4.1.30.Final/netty-transport-native-unix-common-4.1.30.Final.jar:/home/user/.m2/repository/io/grpc/grpc-protobuf/1.17.1/grpc-protobuf-1.17.1.jar:/home/user/.m2/repository/com/google/api/grpc/proto-google-common-protos/1.0.0/proto-google-common-protos-1.0.0.jar:/home/user/.m2/repository/io/grpc/grpc-protobuf-lite/1.17.1/grpc-protobuf-lite-1.17.1.jar:/home/user/.m2/repository/io/grpc/grpc-stub/1.17.1/grpc-stub-1.17.1.jar:/home/user/.m2/repository/org/apache/hadoop/hadoop-ozone-recon/0.5.0-SNAPSHOT/hadoop-ozone-recon-0.5.0-SNAPSHOT.jar:/home/user/.m2/repository/org/apache/hadoop/hadoop-ozone-reconcodegen/0.5.0-SNAPSHOT/hadoop-ozone-reconcodegen-0.5.0-SNAPSHOT.jar:/home/user/.m2/repository/com/google/inject/extensions/guice-multibindings/4.0/guice-multibindings-4.0.jar:/home/user/.m2/repository/com/google/inject/guice/4.0/guice-4.0.jar:/home/user/.m2/repository/aopalliance/aopalliance/1.0/aopalliance-1.0.jar:/home/user/.m2/repository/com/google/inject/extensions/guice-servlet/4.0/guice-servlet-4.0.jar:/home/user/.m2/repository/org/glassfish/jersey/containers/jersey-container-servlet/2.27/jersey-container-servlet-2.27.jar:/home/user/.m2/repository/org/glassfish/hk2/guice-bridge/2.5.0/guice-bridge-2.5.0.jar:/home/user/.m2/repository/org/glassfish/jersey/core/jersey-server/2.27/jersey-server-2.27.jar:/home/user/.m2/repository/org/glassfish/jersey/core/jersey-client/2.27/jersey-client-2.27.jar:/home/user/.m2/repository/org/glassfish/jersey/media/jersey-media-jaxb/2.27/jersey-media-jaxb-2.27.jar:/home/user/.m2/repository/javax/validation/validation-api/1.1.0.Final/validation-api-1.1.0.Final.jar:/home/user/.m2/repository/org/glassfish/jersey/media/jersey-media-json-jackson/2.27/jersey-media-json-jackson-2.27.jar:/home/user/.m2/repository/org/glassfish/jersey/ext/jersey-entity-filtering/2.27/jersey-entity-filtering-2.27.jar:/home/user/.m2/repository/com/google/inject/extensions/guice-assistedinject/4.0/guice-assistedinject-4.0.jar:/home/user/.m2/repository/org/jooq/jooq/3.11.10/jooq-3.11.10.jar:/home/user/.m2/repository/org/jooq/jooq-meta/3.11.10/jooq-meta-3.11.10.jar:/home/user/.m2/repository/org/jooq/jooq-codegen/3.11.10/jooq-codegen-3.11.10.jar:/home/user/.m2/repository/com/jolbox/bonecp/0.8.0.RELEASE/bonecp-0.8.0.RELEASE.jar:/home/user/.m2/repository/org/xerial/sqlite-jdbc/3.25.2/sqlite-jdbc-3.25.2.jar:/home/user/.m2/repository/org/springframework/spring-jdbc/5.1.3.RELEASE/spring-jdbc-5.1.3.RELEASE.jar:/home/user/.m2/repository/org/springframework/spring-beans/5.1.3.RELEASE/spring-beans-5.1.3.RELEASE.jar:/home/user/.m2/repository/org/springframework/spring-core/5.1.3.RELEASE/spring-core-5.1.3.RELEASE.jar:/home/user/.m2/repository/org/springframework/spring-jcl/5.1.3.RELEASE/spring-jcl-5.1.3.RELEASE.jar:/home/user/.m2/repository/org/springframework/spring-tx/5.1.3.RELEASE/spring-tx-5.1.3.RELEASE.jar:/home/user/.m2/repository/org/apache/hadoop/hadoop-ozone-client/0.5.0-SNAPSHOT/hadoop-ozone-client-0.5.0-SNAPSHOT.jar:/home/user/.m2/repository/commons-lang/commons-lang/2.6/commons-lang-2.6.jar:/home/user/.m2/repository/org/apache/hadoop/hadoop-ozone-ozone-manager/0.5.0-SNAPSHOT/hadoop-ozone-ozone-manager-0.5.0-SNAPSHOT-tests.jar:/home/user/.m2/repository/junit/junit/4.11/junit-4.11.jar:/home/user/.m2/repository/org/hamcrest/hamcrest-core/1.3/hamcrest-core-1.3.jar:/home/user/.m2/repository/org/openjdk/jmh/jmh-core/1.19/jmh-core-1.19.jar:/home/user/.m2/repository/net/sf/jopt-simple/jopt-simple/4.6/jopt-simple-4.6.jar:/home/user/.m2/repository/org/apache/commons/commons-math3/3.1.1/commons-math3-3.1.1.jar:/home/user/.m2/repository/org/openjdk/jmh/jmh-generator-annprocess/1.19/jmh-generator-annprocess-1.19.jar:/home/user/.m2/repository/org/mockito/mockito-all/1.8.5/mockito-all-1.8.5.jar:/home/user/.m2/repository/org/apache/hadoop/hadoop-kms/3.2.0/hadoop-kms-3.2.0.jar:/home/user/.m2/repository/org/apache/hadoop/hadoop-auth/3.2.0/hadoop-auth-3.2.0.jar:/home/user/.m2/repository/com/nimbusds/nimbus-jose-jwt/4.41.1/nimbus-jose-jwt-4.41.1.jar:/home/user/.m2/repository/com/github/stephenc/jcip/jcip-annotations/1.0-1/jcip-annotations-1.0-1.jar:/home/user/.m2/repository/net/minidev/json-smart/2.3/json-smart-2.3.jar:/home/user/.m2/repository/net/minidev/accessors-smart/1.2/accessors-smart-1.2.jar:/home/user/.m2/repository/org/ow2/asm/asm/5.0.4/asm-5.0.4.jar:/home/user/.m2/repository/org/apache/curator/curator-framework/2.12.0/curator-framework-2.12.0.jar:/home/user/.m2/repository/com/sun/jersey/jersey-core/1.19/jersey-core-1.19.jar:/home/user/.m2/repository/javax/ws/rs/jsr311-api/1.1.1/jsr311-api-1.1.1.jar:/home/user/.m2/repository/com/sun/jersey/jersey-server/1.19/jersey-server-1.19.jar:/home/user/.m2/repository/javax/servlet/javax.servlet-api/3.1.0/javax.servlet-api-3.1.0.jar:/home/user/.m2/repository/org/eclipse/jetty/jetty-server/9.3.25.v20180904/jetty-server-9.3.25.v20180904.jar:/home/user/.m2/repository/org/eclipse/jetty/jetty-http/9.3.25.v20180904/jetty-http-9.3.25.v20180904.jar:/home/user/.m2/repository/org/eclipse/jetty/jetty-io/9.3.25.v20180904/jetty-io-9.3.25.v20180904.jar:/home/user/.m2/repository/org/eclipse/jetty/jetty-webapp/9.3.25.v20180904/jetty-webapp-9.3.25.v20180904.jar:/home/user/.m2/repository/org/eclipse/jetty/jetty-xml/9.3.25.v20180904/jetty-xml-9.3.25.v20180904.jar:/home/user/.m2/repository/log4j/log4j/1.2.17/log4j-1.2.17.jar:/home/user/.m2/repository/org/slf4j/slf4j-api/1.7.25/slf4j-api-1.7.25.jar:/home/user/.m2/repository/org/slf4j/jul-to-slf4j/1.7.25/jul-to-slf4j-1.7.25.jar:/home/user/.m2/repository/org/eclipse/jetty/jetty-util/9.3.25.v20180904/jetty-util-9.3.25.v20180904.jar:/home/user/.m2/repository/com/fasterxml/jackson/core/jackson-databind/2.9.9/jackson-databind-2.9.9.jar:/home/user/.m2/repository/org/apache/hadoop/hadoop-kms/3.2.0/hadoop-kms-3.2.0-tests.jar:/home/user/.m2/repository/org/apache/hadoop/hadoop-hdds-server-scm/0.5.0-SNAPSHOT/hadoop-hdds-server-scm-0.5.0-SNAPSHOT-tests.jar:/home/user/.m2/repository/org/apache/hadoop/hadoop-hdds-container-service/0.5.0-SNAPSHOT/hadoop-hdds-container-service-0.5.0-SNAPSHOT-tests.jar:/home/user/.m2/repository/org/yaml/snakeyaml/1.16/snakeyaml-1.16.jar:/home/user/.m2/repository/org/apache/hadoop/hadoop-common/3.2.0/hadoop-common-3.2.0-tests.jar:/home/user/.m2/repository/org/apache/hadoop/hadoop-annotations/3.2.0/hadoop-annotations-3.2.0.jar:/usr/lib/jvm/java-1.8.0-openjdk-1.8.0.222.b10-1.el7_7.x86_64/jre/../lib/tools.jar:/home/user/.m2/repository/commons-cli/commons-cli/1.2/commons-cli-1.2.jar:/home/user/.m2/repository/org/apache/httpcomponents/httpclient/4.5.2/httpclient-4.5.2.jar:/home/user/.m2/repository/org/apache/httpcomponents/httpcore/4.4.4/httpcore-4.4.4.jar:/home/user/.m2/repository/commons-codec/commons-codec/1.11/commons-codec-1.11.jar:/home/user/.m2/repository/commons-net/commons-net/3.6/commons-net-3.6.jar:/home/user/.m2/repository/commons-collections/commons-collections/3.2.2/commons-collections-3.2.2.jar:/home/user/.m2/repository/org/eclipse/jetty/jetty-servlet/9.3.25.v20180904/jetty-servlet-9.3.25.v20180904.jar:/home/user/.m2/repository/org/eclipse/jetty/jetty-security/9.3.25.v20180904/jetty-security-9.3.25.v20180904.jar:/home/user/.m2/repository/javax/servlet/jsp/jsp-api/2.1/jsp-api-2.1.jar:/home/user/.m2/repository/com/sun/jersey/jersey-servlet/1.19/jersey-servlet-1.19.jar:/home/user/.m2/repository/com/sun/jersey/jersey-json/1.19/jersey-json-1.19.jar:/home/user/.m2/repository/org/codehaus/jettison/jettison/1.1/jettison-1.1.jar:/home/user/.m2/repository/org/codehaus/jackson/jackson-core-asl/1.9.13/jackson-core-asl-1.9.13.jar:/home/user/.m2/repository/org/codehaus/jackson/jackson-mapper-asl/1.9.13/jackson-mapper-asl-1.9.13.jar:/home/user/.m2/repository/org/codehaus/jackson/jackson-jaxrs/1.9.13/jackson-jaxrs-1.9.13.jar:/home/user/.m2/repository/org/codehaus/jackson/jackson-xc/1.9.13/jackson-xc-1.9.13.jar:/home/user/.m2/repository/commons-logging/commons-logging/1.1.3/commons-logging-1.1.3.jar:/home/user/.m2/repository/commons-beanutils/commons-beanutils/1.9.4/commons-beanutils-1.9.4.jar:/home/user/.m2/repository/org/apache/commons/commons-configuration2/2.1.1/commons-configuration2-2.1.1.jar:/home/user/.m2/repository/org/apache/commons/commons-lang3/3.7/commons-lang3-3.7.jar:/home/user/.m2/repository/org/apache/commons/commons-text/1.4/commons-text-1.4.jar:/home/user/.m2/repository/org/apache/avro/avro/1.7.7/avro-1.7.7.jar:/home/user/.m2/repository/com/thoughtworks/paranamer/paranamer/2.3/paranamer-2.3.jar:/home/user/.m2/repository/org/xerial/snappy/snappy-java/1.0.5/snappy-java-1.0.5.jar:/home/user/.m2/repository/com/google/re2j/re2j/1.1/re2j-1.1.jar:/home/user/.m2/repository/com/google/code/gson/gson/2.2.4/gson-2.2.4.jar:/home/user/.m2/repository/com/jcraft/jsch/0.1.54/jsch-0.1.54.jar:/home/user/.m2/repository/org/apache/curator/curator-client/2.12.0/curator-client-2.12.0.jar:/home/user/.m2/repository/org/apache/curator/curator-recipes/2.12.0/curator-recipes-2.12.0.jar:/home/user/.m2/repository/com/google/code/findbugs/jsr305/3.0.0/jsr305-3.0.0.jar:/home/user/.m2/repository/org/apache/htrace/htrace-core4/4.1.0-incubating/htrace-core4-4.1.0-incubating.jar:/home/user/.m2/repository/org/apache/zookeeper/zookeeper/3.4.13/zookeeper-3.4.13.jar:/home/user/.m2/repository/jline/jline/0.9.94/jline-0.9.94.jar:/home/user/.m2/repository/org/apache/yetus/audience-annotations/0.5.0/audience-annotations-0.5.0.jar:/home/user/.m2/repository/org/codehaus/woodstox/stax2-api/3.1.4/stax2-api-3.1.4.jar:/home/user/.m2/repository/com/fasterxml/woodstox/woodstox-core/5.0.3/woodstox-core-5.0.3.jar:/home/user/.m2/repository/dnsjava/dnsjava/2.1.7/dnsjava-2.1.7.jar:/home/user/.m2/repository/org/apache/hadoop/hadoop-hdfs/3.2.0/hadoop-hdfs-3.2.0-tests.jar:/home/user/.m2/repository/org/eclipse/jetty/jetty-util-ajax/9.3.25.v20180904/jetty-util-ajax-9.3.25.v20180904.jar:/home/user/.m2/repository/commons-daemon/commons-daemon/1.0.13/commons-daemon-1.0.13.jar:/home/user/.m2/repository/io/netty/netty/3.10.5.Final/netty-3.10.5.Final.jar:/home/user/.m2/repository/io/netty/netty-all/4.0.52.Final/netty-all-4.0.52.Final.jar:/home/user/.m2/repository/org/fusesource/leveldbjni/leveldbjni-all/1.8/leveldbjni-all-1.8.jar:"/>
    <property name="sun.cpu.endian" value="little"/>
    <property name="user.home" value="/home/user"/>
    <property name="user.language" value="en"/>
    <property name="java.specification.vendor" value="Oracle Corporation"/>
    <property name="java.home" value="/usr/lib/jvm/java-1.8.0-openjdk-1.8.0.222.b10-1.el7_7.x86_64/jre"/>
    <property name="surefire.excludesFile" value="/tools/ozone-bad-unit-tests"/>
    <property name="java.security.krb5.conf" value="/workdir/hadoop-ozone/integration-test/target/test-classes/krb5.conf"/>
    <property name="basedir" value="/workdir/hadoop-ozone/integration-test"/>
    <property name="file.separator" value="/"/>
    <property name="line.separator" value="&#10;"/>
    <property name="java.vm.specification.vendor" value="Oracle Corporation"/>
    <property name="java.specification.name" value="Java Platform API Specification"/>
    <property name="java.awt.graphicsenv" value="sun.awt.X11GraphicsEnvironment"/>
    <property name="surefire.real.class.path" value="/workdir/hadoop-ozone/integration-test/target/surefire/surefirebooter2104145205169965156.jar"/>
    <property name="hadoop.log.dir" value="/workdir/hadoop-ozone/integration-test/target/log"/>
    <property name="sun.boot.class.path" value="/usr/lib/jvm/java-1.8.0-openjdk-1.8.0.222.b10-1.el7_7.x86_64/jre/lib/resources.jar:/usr/lib/jvm/java-1.8.0-openjdk-1.8.0.222.b10-1.el7_7.x86_64/jre/lib/rt.jar:/usr/lib/jvm/java-1.8.0-openjdk-1.8.0.222.b10-1.el7_7.x86_64/jre/lib/sunrsasign.jar:/usr/lib/jvm/java-1.8.0-openjdk-1.8.0.222.b10-1.el7_7.x86_64/jre/lib/jsse.jar:/usr/lib/jvm/java-1.8.0-openjdk-1.8.0.222.b10-1.el7_7.x86_64/jre/lib/jce.jar:/usr/lib/jvm/java-1.8.0-openjdk-1.8.0.222.b10-1.el7_7.x86_64/jre/lib/charsets.jar:/usr/lib/jvm/java-1.8.0-openjdk-1.8.0.222.b10-1.el7_7.x86_64/jre/lib/jfr.jar:/usr/lib/jvm/java-1.8.0-openjdk-1.8.0.222.b10-1.el7_7.x86_64/jre/classes"/>
    <property name="sun.management.compiler" value="HotSpot 64-Bit Tiered Compilers"/>
    <property name="java.runtime.version" value="1.8.0_222-b10"/>
    <property name="java.net.preferIPv4Stack" value="true"/>
    <property name="user.name" value="jenkins1000"/>
    <property name="path.separator" value=":"/>
    <property name="java.security.egd" value="file:///dev/urandom"/>
    <property name="os.version" value="3.10.0-957.12.2.el7.x86_64"/>
    <property name="java.endorsed.dirs" value="/usr/lib/jvm/java-1.8.0-openjdk-1.8.0.222.b10-1.el7_7.x86_64/jre/lib/endorsed"/>
    <property name="java.runtime.name" value="OpenJDK Runtime Environment"/>
    <property name="file.encoding" value="ANSI_X3.4-1968"/>
    <property name="java.vm.name" value="OpenJDK 64-Bit Server VM"/>
    <property name="test.build.webapps" value=""/>
    <property name="localRepository" value="/home/user/.m2/repository"/>
    <property name="java.vendor.url.bug" value="http://bugreport.sun.com/bugreport/"/>
    <property name="java.io.tmpdir" value="/tmp"/>
    <property name="require.test.libhadoop" value=""/>
    <property name="java.version" value="1.8.0_222"/>
    <property name="user.dir" value="/workdir/hadoop-ozone/integration-test"/>
    <property name="os.arch" value="amd64"/>
    <property name="java.vm.specification.name" value="Java Virtual Machine Specification"/>
    <property name="test.build.classes" value="/workdir/hadoop-ozone/integration-test/target/test-classes"/>
    <property name="java.awt.printerjob" value="sun.print.PSPrinterJob"/>
    <property name="sun.os.patch.level" value="unknown"/>
    <property name="hadoop.tmp.dir" value="/workdir/hadoop-ozone/integration-test/target/tmp"/>
    <property name="java.library.path" value="/usr/lib:/workdir/hadoop-ozone/integration-test/target/native/target/usr/local/lib:/workdir/hadoop-ozone/integration-test/../../hadoop-common-project/hadoop-common/target/native/target/usr/local/lib:/usr/java/packages/lib/amd64:/usr/lib64:/lib64:/lib:/usr/lib"/>
    <property name="java.vm.info" value="mixed mode"/>
    <property name="java.vendor" value="Oracle Corporation"/>
    <property name="java.vm.version" value="25.222-b10"/>
    <property name="java.ext.dirs" value="/usr/lib/jvm/java-1.8.0-openjdk-1.8.0.222.b10-1.el7_7.x86_64/jre/lib/ext:/usr/java/packages/lib/ext"/>
    <property name="sun.io.unicode.encoding" value="UnicodeLittle"/>
    <property name="java.class.version" value="52.0"/>
  </properties>
  <testcase name="testDeleteKeyWithSlowFollower" classname="org.apache.hadoop.ozone.client.rpc.TestDeleteWithSlowFollower" time="112.056">
    <failure type="java.lang.AssertionError">java.lang.AssertionError
	at org.junit.Assert.fail(Assert.java:86)
	at org.junit.Assert.assertTrue(Assert.java:41)
	at org.junit.Assert.assertTrue(Assert.java:52)
	at org.apache.hadoop.ozone.client.rpc.TestDeleteWithSlowFollower.testDeleteKeyWithSlowFollower(TestDeleteWithSlowFollower.java:265)
	at sun.reflect.NativeMethodAccessorImpl.invoke0(Native Method)
	at sun.reflect.NativeMethodAccessorImpl.invoke(NativeMethodAccessorImpl.java:62)
	at sun.reflect.DelegatingMethodAccessorImpl.invoke(DelegatingMethodAccessorImpl.java:43)
	at java.lang.reflect.Method.invoke(Method.java:498)
	at org.junit.runners.model.FrameworkMethod$1.runReflectiveCall(FrameworkMethod.java:47)
	at org.junit.internal.runners.model.ReflectiveCallable.run(ReflectiveCallable.java:12)
	at org.junit.runners.model.FrameworkMethod.invokeExplosively(FrameworkMethod.java:44)
	at org.junit.internal.runners.statements.InvokeMethod.evaluate(InvokeMethod.java:17)
	at org.junit.runners.ParentRunner.runLeaf(ParentRunner.java:271)
	at org.junit.runners.BlockJUnit4ClassRunner.runChild(BlockJUnit4ClassRunner.java:70)
	at org.junit.runners.BlockJUnit4ClassRunner.runChild(BlockJUnit4ClassRunner.java:50)
	at org.junit.runners.ParentRunner$3.run(ParentRunner.java:238)
	at org.junit.runners.ParentRunner$1.schedule(ParentRunner.java:63)
	at org.junit.runners.ParentRunner.runChildren(ParentRunner.java:236)
	at org.junit.runners.ParentRunner.access$000(ParentRunner.java:53)
	at org.junit.runners.ParentRunner$2.evaluate(ParentRunner.java:229)
	at org.junit.internal.runners.statements.RunBefores.evaluate(RunBefores.java:26)
	at org.junit.internal.runners.statements.RunAfters.evaluate(RunAfters.java:27)
	at org.junit.runners.ParentRunner.run(ParentRunner.java:309)
	at org.apache.maven.surefire.junit4.JUnit4Provider.execute(JUnit4Provider.java:365)
	at org.apache.maven.surefire.junit4.JUnit4Provider.executeWithRerun(JUnit4Provider.java:273)
	at org.apache.maven.surefire.junit4.JUnit4Provider.executeTestSet(JUnit4Provider.java:238)
	at org.apache.maven.surefire.junit4.JUnit4Provider.invoke(JUnit4Provider.java:159)
	at org.apache.maven.surefire.booter.ForkedBooter.invokeProviderInSameClassLoader(ForkedBooter.java:384)
	at org.apache.maven.surefire.booter.ForkedBooter.runSuitesInProcess(ForkedBooter.java:345)
	at org.apache.maven.surefire.booter.ForkedBooter.execute(ForkedBooter.java:126)
	at org.apache.maven.surefire.booter.ForkedBooter.main(ForkedBooter.java:418)
</failure>
    <system-out><![CDATA[2019-10-15 21:19:29,826 [main] WARN  server.ServerUtils (ServerUtils.java:getScmDbDir(145)) - ozone.scm.db.dirs is not configured. We recommend adding this setting. Falling back to ozone.metadata.dirs instead.
2019-10-15 21:19:29,928 [main] WARN  server.ServerUtils (ServerUtils.java:getScmDbDir(145)) - ozone.scm.db.dirs is not configured. We recommend adding this setting. Falling back to ozone.metadata.dirs instead.
2019-10-15 21:19:29,931 [main] WARN  server.ServerUtils (ServerUtils.java:getScmDbDir(145)) - ozone.scm.db.dirs is not configured. We recommend adding this setting. Falling back to ozone.metadata.dirs instead.
2019-10-15 21:19:29,954 [main] INFO  util.log (Log.java:initialized(192)) - Logging initialized @795ms
2019-10-15 21:19:30,044 [main] INFO  db.DBStoreBuilder (DBStoreBuilder.java:addTable(117)) - using custom profile for table: deletedBlocks
2019-10-15 21:19:30,044 [main] INFO  db.DBStoreBuilder (DBStoreBuilder.java:processTables(168)) - Using default column profile:DBProfile.DISK for Table:deletedBlocks
2019-10-15 21:19:30,045 [main] INFO  db.DBStoreBuilder (DBStoreBuilder.java:addTable(117)) - using custom profile for table: validCerts
2019-10-15 21:19:30,045 [main] INFO  db.DBStoreBuilder (DBStoreBuilder.java:processTables(168)) - Using default column profile:DBProfile.DISK for Table:validCerts
2019-10-15 21:19:30,045 [main] INFO  db.DBStoreBuilder (DBStoreBuilder.java:addTable(117)) - using custom profile for table: revokedCerts
2019-10-15 21:19:30,046 [main] INFO  db.DBStoreBuilder (DBStoreBuilder.java:processTables(168)) - Using default column profile:DBProfile.DISK for Table:revokedCerts
2019-10-15 21:19:30,059 [main] INFO  db.DBStoreBuilder (DBStoreBuilder.java:addTable(117)) - using custom profile for table: default
2019-10-15 21:19:30,059 [main] INFO  db.DBStoreBuilder (DBStoreBuilder.java:processTables(174)) - Using default column profile:DBProfile.DISK for Table:default
2019-10-15 21:19:30,060 [main] INFO  db.DBStoreBuilder (DBStoreBuilder.java:getDbProfile(205)) - Using default options. DBProfile.DISK
2019-10-15 21:19:30,239 [main] INFO  net.NodeSchemaLoader (NodeSchemaLoader.java:loadSchemaFromFile(125)) - Loading file from sun.misc.CompoundEnumeration@74235045
2019-10-15 21:19:30,240 [main] INFO  net.NodeSchemaLoader (NodeSchemaLoader.java:loadSchema(171)) - Loading network topology layer schema file
2019-10-15 21:19:30,293 [main] WARN  server.ServerUtils (ServerUtils.java:sanitizeUserArgs(70)) - ozone.scm.stale.node.interval value = 1000000 is larger than max = 100000 based on the key value of ozone.scm.heartbeat.thread.interval, reset to the max value 100000.
2019-10-15 21:19:30,295 [main] WARN  server.ServerUtils (ServerUtils.java:sanitizeUserArgs(70)) - ozone.scm.stale.node.interval value = 1000000 is larger than max = 100000 based on the key value of ozone.scm.heartbeat.thread.interval, reset to the max value 100000.
2019-10-15 21:19:30,297 [main] INFO  node.SCMNodeManager (SCMNodeManager.java:<init>(116)) - Entering startup safe mode.
2019-10-15 21:19:30,357 [main] INFO  algorithms.ContainerPlacementPolicyFactory (ContainerPlacementPolicyFactory.java:getPolicy(57)) - Create container placement policy of type org.apache.hadoop.hdds.scm.container.placement.algorithms.SCMContainerPlacementRandom
2019-10-15 21:19:30,370 [main] WARN  server.ServerUtils (ServerUtils.java:getScmDbDir(145)) - ozone.scm.db.dirs is not configured. We recommend adding this setting. Falling back to ozone.metadata.dirs instead.
2019-10-15 21:19:30,418 [main] INFO  pipeline.SCMPipelineManager (SCMPipelineManager.java:initializePipelineState(132)) - No pipeline exists in current db
2019-10-15 21:19:30,420 [main] WARN  server.ServerUtils (ServerUtils.java:getScmDbDir(145)) - ozone.scm.db.dirs is not configured. We recommend adding this setting. Falling back to ozone.metadata.dirs instead.
2019-10-15 21:19:30,561 [main] WARN  events.EventQueue (EventQueue.java:fireEvent(183)) - No event handler registered for event TypedEvent{payloadType=SafeModeStatus, name='SafeModeStatus'}
2019-10-15 21:19:30,894 [main] INFO  ipc.CallQueueManager (CallQueueManager.java:<init>(84)) - Using callQueue: class java.util.concurrent.LinkedBlockingQueue, queueCapacity: 2000, scheduler: class org.apache.hadoop.ipc.DefaultRpcScheduler, ipcBackoff: false.
2019-10-15 21:19:31,016 [Socket Reader #1 for port 42912] INFO  ipc.Server (Server.java:run(1074)) - Starting Socket Reader #1 for port 42912
2019-10-15 21:19:31,042 [main] INFO  ipc.CallQueueManager (CallQueueManager.java:<init>(84)) - Using callQueue: class java.util.concurrent.LinkedBlockingQueue, queueCapacity: 2000, scheduler: class org.apache.hadoop.ipc.DefaultRpcScheduler, ipcBackoff: false.
2019-10-15 21:19:31,043 [Socket Reader #1 for port 32864] INFO  ipc.Server (Server.java:run(1074)) - Starting Socket Reader #1 for port 32864
2019-10-15 21:19:31,050 [main] INFO  ipc.CallQueueManager (CallQueueManager.java:<init>(84)) - Using callQueue: class java.util.concurrent.LinkedBlockingQueue, queueCapacity: 2000, scheduler: class org.apache.hadoop.ipc.DefaultRpcScheduler, ipcBackoff: false.
2019-10-15 21:19:31,051 [Socket Reader #1 for port 45960] INFO  ipc.Server (Server.java:run(1074)) - Starting Socket Reader #1 for port 45960
2019-10-15 21:19:31,071 [main] INFO  hdfs.DFSUtil (DFSUtil.java:httpServerTemplateForNNAndJN(1641)) - Starting Web-server for scm at: http://0.0.0.0:0
2019-10-15 21:19:31,211 [main] INFO  server.AuthenticationFilter (AuthenticationFilter.java:constructSecretProvider(240)) - Unable to initialize FileSignerSecretProvider, falling back to use random secrets.
2019-10-15 21:19:31,219 [main] WARN  http.HttpRequestLog (HttpRequestLog.java:getRequestLog(97)) - Jetty request log can only be enabled using Log4j
2019-10-15 21:19:31,226 [main] INFO  http.HttpServer2 (HttpServer2.java:addGlobalFilter(975)) - Added global filter 'safety' (class=org.apache.hadoop.http.HttpServer2$QuotingInputFilter)
2019-10-15 21:19:31,228 [main] INFO  http.HttpServer2 (HttpServer2.java:addFilter(948)) - Added filter static_user_filter (class=org.apache.hadoop.http.lib.StaticUserWebFilter$StaticUserFilter) to context scm
2019-10-15 21:19:31,229 [main] INFO  http.HttpServer2 (HttpServer2.java:addFilter(958)) - Added filter static_user_filter (class=org.apache.hadoop.http.lib.StaticUserWebFilter$StaticUserFilter) to context logs
2019-10-15 21:19:31,229 [main] INFO  http.HttpServer2 (HttpServer2.java:addFilter(958)) - Added filter static_user_filter (class=org.apache.hadoop.http.lib.StaticUserWebFilter$StaticUserFilter) to context static
2019-10-15 21:19:31,256 [main] INFO  server.StorageContainerManager (StorageContainerManager.java:start(772)) - StorageContainerLocationProtocol RPC server is listening at /0.0.0.0:45960
2019-10-15 21:19:31,310 [main] WARN  impl.MetricsConfig (MetricsConfig.java:loadFirst(134)) - Cannot locate configuration: tried hadoop-metrics2-storagecontainermanager.properties,hadoop-metrics2.properties
2019-10-15 21:19:31,323 [main] INFO  impl.MetricsSystemImpl (MetricsSystemImpl.java:startTimer(374)) - Scheduled Metric snapshot period at 10 second(s).
2019-10-15 21:19:31,323 [main] INFO  impl.MetricsSystemImpl (MetricsSystemImpl.java:start(191)) - StorageContainerManager metrics system started
2019-10-15 21:19:31,545 [main] INFO  server.SCMClientProtocolServer (SCMClientProtocolServer.java:start(159)) - RPC server for Client  is listening at /0.0.0.0:45960
2019-10-15 21:19:31,546 [IPC Server Responder] INFO  ipc.Server (Server.java:run(1314)) - IPC Server Responder: starting
2019-10-15 21:19:31,546 [IPC Server listener on 45960] INFO  ipc.Server (Server.java:run(1153)) - IPC Server listener on 45960: starting
2019-10-15 21:19:31,548 [main] INFO  server.StorageContainerManager (StorageContainerManager.java:start(782)) - ScmBlockLocationProtocol RPC server is listening at /0.0.0.0:32864
2019-10-15 21:19:31,549 [main] INFO  server.SCMBlockProtocolServer (SCMBlockProtocolServer.java:start(146)) - RPC server for Block Protocol is listening at /0.0.0.0:32864
2019-10-15 21:19:31,549 [IPC Server Responder] INFO  ipc.Server (Server.java:run(1314)) - IPC Server Responder: starting
2019-10-15 21:19:31,549 [IPC Server listener on 32864] INFO  ipc.Server (Server.java:run(1153)) - IPC Server listener on 32864: starting
2019-10-15 21:19:31,551 [main] INFO  server.StorageContainerManager (StorageContainerManager.java:start(786)) - ScmDatanodeProtocl RPC server is listening at /0.0.0.0:42912
2019-10-15 21:19:31,551 [main] INFO  server.SCMDatanodeProtocolServer (SCMDatanodeProtocolServer.java:start(169)) - RPC server for DataNodes is listening at /0.0.0.0:42912
2019-10-15 21:19:31,553 [IPC Server Responder] INFO  ipc.Server (Server.java:run(1314)) - IPC Server Responder: starting
2019-10-15 21:19:31,553 [IPC Server listener on 42912] INFO  ipc.Server (Server.java:run(1153)) - IPC Server listener on 42912: starting
2019-10-15 21:19:31,557 [main] INFO  http.HttpServer2 (HttpServer2.java:bindListener(1191)) - Jetty bound to port 35108
2019-10-15 21:19:31,559 [main] INFO  server.Server (Server.java:doStart(351)) - jetty-9.3.25.v20180904, build timestamp: 2018-09-04T21:11:46Z, git hash: 3ce520221d0240229c862b122d2b06c12a625732
2019-10-15 21:19:31,599 [main] INFO  handler.ContextHandler (ContextHandler.java:doStart(781)) - Started o.e.j.s.ServletContextHandler@42f8285e{/logs,file:///workdir/hadoop-ozone/integration-test/target/log,AVAILABLE}
2019-10-15 21:19:31,599 [main] INFO  handler.ContextHandler (ContextHandler.java:doStart(781)) - Started o.e.j.s.ServletContextHandler@3724af13{/static,file:///workdir/hadoop-ozone/integration-test/target/test-classes/webapps/static,AVAILABLE}
2019-10-15 21:19:31,630 [main] INFO  handler.ContextHandler (ContextHandler.java:doStart(781)) - Started o.e.j.w.WebAppContext@24a1c17f{/,file:///workdir/hadoop-ozone/integration-test/target/test-classes/webapps/scm/,AVAILABLE}{/scm}
2019-10-15 21:19:31,635 [main] INFO  server.AbstractConnector (AbstractConnector.java:doStart(278)) - Started ServerConnector@4d63b624{HTTP/1.1,[http/1.1]}{0.0.0.0:35108}
2019-10-15 21:19:31,635 [main] INFO  server.Server (Server.java:doStart(419)) - Started @2476ms
2019-10-15 21:19:31,637 [main] INFO  impl.MetricsSinkAdapter (MetricsSinkAdapter.java:start(204)) - Sink prometheus started
2019-10-15 21:19:31,637 [main] INFO  impl.MetricsSystemImpl (MetricsSystemImpl.java:registerSink(301)) - Registered sink prometheus
2019-10-15 21:19:31,639 [main] INFO  server.BaseHttpServer (BaseHttpServer.java:updateConnectorAddress(215)) - HTTP server of SCM is listening at http://0.0.0.0:35108
2019-10-15 21:19:31,643 [org.apache.hadoop.util.JvmPauseMonitor$Monitor@4b629f13] INFO  util.JvmPauseMonitor (JvmPauseMonitor.java:run(188)) - Starting JVM pause monitor
2019-10-15 21:19:31,646 [main] WARN  server.ServerUtils (ServerUtils.java:getDBPath(222)) - ozone.om.db.dirs is not configured. We recommend adding this setting. Falling back to ozone.metadata.dirs instead.
2019-10-15 21:19:31,737 [main] INFO  ha.OMHANodeDetails (OMHANodeDetails.java:loadOMHAConfig(190)) - Configuration either no ozone.om.address set. Falling back to the default OM address /127.0.0.1:0
2019-10-15 21:19:31,738 [main] INFO  ha.OMHANodeDetails (OMHANodeDetails.java:getOMNodeDetails(220)) - OM Service ID is not set. Setting it to the default ID: omServiceIdDefault
2019-10-15 21:19:31,740 [main] WARN  server.ServerUtils (ServerUtils.java:getDBPath(222)) - ozone.om.db.dirs is not configured. We recommend adding this setting. Falling back to ozone.metadata.dirs instead.
2019-10-15 21:19:31,741 [main] WARN  server.ServerUtils (ServerUtils.java:getDBPath(222)) - ozone.om.db.dirs is not configured. We recommend adding this setting. Falling back to ozone.metadata.dirs instead.
2019-10-15 21:19:32,299 [main] WARN  server.ServerUtils (ServerUtils.java:getDBPath(222)) - ozone.om.db.dirs is not configured. We recommend adding this setting. Falling back to ozone.metadata.dirs instead.
2019-10-15 21:19:32,307 [main] INFO  db.DBStoreBuilder (DBStoreBuilder.java:addTable(117)) - using custom profile for table: userTable
2019-10-15 21:19:32,307 [main] INFO  db.DBStoreBuilder (DBStoreBuilder.java:processTables(168)) - Using default column profile:DBProfile.DISK for Table:userTable
2019-10-15 21:19:32,307 [main] INFO  db.DBStoreBuilder (DBStoreBuilder.java:addTable(117)) - using custom profile for table: volumeTable
2019-10-15 21:19:32,307 [main] INFO  db.DBStoreBuilder (DBStoreBuilder.java:processTables(168)) - Using default column profile:DBProfile.DISK for Table:volumeTable
2019-10-15 21:19:32,308 [main] INFO  db.DBStoreBuilder (DBStoreBuilder.java:addTable(117)) - using custom profile for table: bucketTable
2019-10-15 21:19:32,308 [main] INFO  db.DBStoreBuilder (DBStoreBuilder.java:processTables(168)) - Using default column profile:DBProfile.DISK for Table:bucketTable
2019-10-15 21:19:32,308 [main] INFO  db.DBStoreBuilder (DBStoreBuilder.java:addTable(117)) - using custom profile for table: keyTable
2019-10-15 21:19:32,308 [main] INFO  db.DBStoreBuilder (DBStoreBuilder.java:processTables(168)) - Using default column profile:DBProfile.DISK for Table:keyTable
2019-10-15 21:19:32,308 [main] INFO  db.DBStoreBuilder (DBStoreBuilder.java:addTable(117)) - using custom profile for table: deletedTable
2019-10-15 21:19:32,309 [main] INFO  db.DBStoreBuilder (DBStoreBuilder.java:processTables(168)) - Using default column profile:DBProfile.DISK for Table:deletedTable
2019-10-15 21:19:32,309 [main] INFO  db.DBStoreBuilder (DBStoreBuilder.java:addTable(117)) - using custom profile for table: openKeyTable
2019-10-15 21:19:32,309 [main] INFO  db.DBStoreBuilder (DBStoreBuilder.java:processTables(168)) - Using default column profile:DBProfile.DISK for Table:openKeyTable
2019-10-15 21:19:32,309 [main] INFO  db.DBStoreBuilder (DBStoreBuilder.java:addTable(117)) - using custom profile for table: s3Table
2019-10-15 21:19:32,309 [main] INFO  db.DBStoreBuilder (DBStoreBuilder.java:processTables(168)) - Using default column profile:DBProfile.DISK for Table:s3Table
2019-10-15 21:19:32,310 [main] INFO  db.DBStoreBuilder (DBStoreBuilder.java:addTable(117)) - using custom profile for table: multipartInfoTable
2019-10-15 21:19:32,310 [main] INFO  db.DBStoreBuilder (DBStoreBuilder.java:processTables(168)) - Using default column profile:DBProfile.DISK for Table:multipartInfoTable
2019-10-15 21:19:32,310 [main] INFO  db.DBStoreBuilder (DBStoreBuilder.java:addTable(117)) - using custom profile for table: dTokenTable
2019-10-15 21:19:32,310 [main] INFO  db.DBStoreBuilder (DBStoreBuilder.java:processTables(168)) - Using default column profile:DBProfile.DISK for Table:dTokenTable
2019-10-15 21:19:32,310 [main] INFO  db.DBStoreBuilder (DBStoreBuilder.java:addTable(117)) - using custom profile for table: s3SecretTable
2019-10-15 21:19:32,311 [main] INFO  db.DBStoreBuilder (DBStoreBuilder.java:processTables(168)) - Using default column profile:DBProfile.DISK for Table:s3SecretTable
2019-10-15 21:19:32,311 [main] INFO  db.DBStoreBuilder (DBStoreBuilder.java:addTable(117)) - using custom profile for table: prefixTable
2019-10-15 21:19:32,311 [main] INFO  db.DBStoreBuilder (DBStoreBuilder.java:processTables(168)) - Using default column profile:DBProfile.DISK for Table:prefixTable
2019-10-15 21:19:32,311 [main] INFO  db.DBStoreBuilder (DBStoreBuilder.java:addTable(117)) - using custom profile for table: default
2019-10-15 21:19:32,311 [main] INFO  db.DBStoreBuilder (DBStoreBuilder.java:processTables(174)) - Using default column profile:DBProfile.DISK for Table:default
2019-10-15 21:19:32,312 [main] INFO  db.DBStoreBuilder (DBStoreBuilder.java:getDbProfile(205)) - Using default options. DBProfile.DISK
2019-10-15 21:19:32,742 [main] INFO  ipc.CallQueueManager (CallQueueManager.java:<init>(84)) - Using callQueue: class java.util.concurrent.LinkedBlockingQueue, queueCapacity: 2000, scheduler: class org.apache.hadoop.ipc.DefaultRpcScheduler, ipcBackoff: false.
2019-10-15 21:19:32,743 [Socket Reader #1 for port 39228] INFO  ipc.Server (Server.java:run(1074)) - Starting Socket Reader #1 for port 39228
2019-10-15 21:19:32,763 [main] INFO  om.OzoneManager (OzoneManager.java:start(1074)) - OzoneManager RPC server is listening at localhost/127.0.0.1:39228
2019-10-15 21:19:32,763 [main] INFO  impl.MetricsSystemImpl (MetricsSystemImpl.java:init(158)) - OzoneManager metrics system started (again)
2019-10-15 21:19:32,772 [IPC Server Responder] INFO  ipc.Server (Server.java:run(1314)) - IPC Server Responder: starting
2019-10-15 21:19:32,772 [IPC Server listener on 39228] INFO  ipc.Server (Server.java:run(1153)) - IPC Server listener on 39228: starting
2019-10-15 21:19:32,777 [main] INFO  hdfs.DFSUtil (DFSUtil.java:httpServerTemplateForNNAndJN(1641)) - Starting Web-server for ozoneManager at: http://0.0.0.0:0
2019-10-15 21:19:32,779 [main] INFO  server.AuthenticationFilter (AuthenticationFilter.java:constructSecretProvider(240)) - Unable to initialize FileSignerSecretProvider, falling back to use random secrets.
2019-10-15 21:19:32,780 [main] WARN  http.HttpRequestLog (HttpRequestLog.java:getRequestLog(97)) - Jetty request log can only be enabled using Log4j
2019-10-15 21:19:32,782 [main] INFO  http.HttpServer2 (HttpServer2.java:addGlobalFilter(975)) - Added global filter 'safety' (class=org.apache.hadoop.http.HttpServer2$QuotingInputFilter)
2019-10-15 21:19:32,783 [main] INFO  http.HttpServer2 (HttpServer2.java:addFilter(948)) - Added filter static_user_filter (class=org.apache.hadoop.http.lib.StaticUserWebFilter$StaticUserFilter) to context ozoneManager
2019-10-15 21:19:32,783 [main] INFO  http.HttpServer2 (HttpServer2.java:addFilter(958)) - Added filter static_user_filter (class=org.apache.hadoop.http.lib.StaticUserWebFilter$StaticUserFilter) to context static
2019-10-15 21:19:32,784 [main] INFO  http.HttpServer2 (HttpServer2.java:addFilter(958)) - Added filter static_user_filter (class=org.apache.hadoop.http.lib.StaticUserWebFilter$StaticUserFilter) to context logs
2019-10-15 21:19:32,786 [main] INFO  http.HttpServer2 (HttpServer2.java:bindListener(1191)) - Jetty bound to port 44253
2019-10-15 21:19:32,786 [main] INFO  server.Server (Server.java:doStart(351)) - jetty-9.3.25.v20180904, build timestamp: 2018-09-04T21:11:46Z, git hash: 3ce520221d0240229c862b122d2b06c12a625732
2019-10-15 21:19:32,788 [main] INFO  handler.ContextHandler (ContextHandler.java:doStart(781)) - Started o.e.j.s.ServletContextHandler@aa10649{/logs,file:///workdir/hadoop-ozone/integration-test/target/log,AVAILABLE}
2019-10-15 21:19:32,789 [main] INFO  handler.ContextHandler (ContextHandler.java:doStart(781)) - Started o.e.j.s.ServletContextHandler@37095ded{/static,file:///workdir/hadoop-ozone/integration-test/target/test-classes/webapps/static,AVAILABLE}
2019-10-15 21:19:32,795 [main] INFO  handler.ContextHandler (ContextHandler.java:doStart(781)) - Started o.e.j.w.WebAppContext@75b3673{/,file:///workdir/hadoop-ozone/integration-test/target/test-classes/webapps/ozoneManager/,AVAILABLE}{/ozoneManager}
2019-10-15 21:19:32,796 [main] INFO  server.AbstractConnector (AbstractConnector.java:doStart(278)) - Started ServerConnector@1bcb79c2{HTTP/1.1,[http/1.1]}{0.0.0.0:44253}
2019-10-15 21:19:32,796 [main] INFO  server.Server (Server.java:doStart(419)) - Started @3637ms
2019-10-15 21:19:32,796 [main] WARN  impl.MetricsSystemImpl (MetricsSystemImpl.java:register(276)) - Sink prometheus already exists!
2019-10-15 21:19:32,798 [main] INFO  server.BaseHttpServer (BaseHttpServer.java:updateConnectorAddress(215)) - HTTP server of OZONEMANAGER is listening at http://0.0.0.0:44253
2019-10-15 21:19:33,041 [main] INFO  impl.MetricsSystemImpl (MetricsSystemImpl.java:init(158)) - HddsDatanode metrics system started (again)
2019-10-15 21:19:33,080 [main] INFO  ozone.HddsDatanodeService (HddsDatanodeService.java:start(184)) - HddsDatanodeService host:pr-hdds-2254-trunk-ddzgt-1485873308 ip:192.168.69.102
2019-10-15 21:19:33,104 [main] INFO  volume.HddsVolume (HddsVolume.java:<init>(176)) - Creating Volume: /workdir/hadoop-ozone/integration-test/target/test-dir/MiniOzoneClusterImpl-7ec64718-fc6c-4bdc-a59e-2452df301b4b/datanode-0/data/containers/hdds of  storage type : DISK and capacity : 1482555576320
2019-10-15 21:19:33,106 [main] INFO  volume.VolumeSet (VolumeSet.java:initializeVolumeSet(170)) - Added Volume : /workdir/hadoop-ozone/integration-test/target/test-dir/MiniOzoneClusterImpl-7ec64718-fc6c-4bdc-a59e-2452df301b4b/datanode-0/data/containers/hdds to VolumeSet
2019-10-15 21:19:33,109 [main] INFO  volume.ThrottledAsyncChecker (ThrottledAsyncChecker.java:schedule(141)) - Scheduling a check for /workdir/hadoop-ozone/integration-test/target/test-dir/MiniOzoneClusterImpl-7ec64718-fc6c-4bdc-a59e-2452df301b4b/datanode-0/data/containers/hdds
2019-10-15 21:19:33,124 [main] INFO  volume.HddsVolumeChecker (HddsVolumeChecker.java:checkAllVolumes(204)) - Scheduled health check for volume /workdir/hadoop-ozone/integration-test/target/test-dir/MiniOzoneClusterImpl-7ec64718-fc6c-4bdc-a59e-2452df301b4b/datanode-0/data/containers/hdds
2019-10-15 21:19:33,215 [main] INFO  impl.RaftServerProxy (ConfUtils.java:logGet(43)) - raft.rpc.type = GRPC (default)
2019-10-15 21:19:33,270 [main] INFO  grpc.GrpcFactory (GrpcFactory.java:checkPooledByteBufAllocatorUseCacheForAllThreads(45)) - PERFORMANCE WARNING: useCacheForAllThreads is true that may cause Netty to create a lot garbage objects and, as a result, trigger GC.
	It is recommended to disable useCacheForAllThreads by setting -Dorg.apache.ratis.thirdparty.io.netty.allocator.useCacheForAllThreads=false in command line.
2019-10-15 21:19:33,274 [main] INFO  grpc.GrpcConfigKeys$Server (ConfUtils.java:logGet(43)) - raft.grpc.server.port = 0 (default)
2019-10-15 21:19:33,275 [main] INFO  server.GrpcService (ConfUtils.java:logGet(43)) - raft.grpc.message.size.max = 33570816 (custom)
2019-10-15 21:19:33,276 [main] INFO  server.RaftServerConfigKeys (ConfUtils.java:logGet(43)) - raft.server.log.appender.buffer.byte-limit = 33554432 (custom)
2019-10-15 21:19:33,277 [main] INFO  server.GrpcService (ConfUtils.java:logGet(43)) - raft.grpc.flow.control.window = 1MB (=1048576) (default)
2019-10-15 21:19:33,277 [main] INFO  server.RaftServerConfigKeys (ConfUtils.java:logGet(43)) - raft.server.rpc.request.timeout = 3000ms (default)
2019-10-15 21:19:33,414 [main] INFO  server.RaftServerConfigKeys (ConfUtils.java:logGet(43)) - raft.server.storage.dir = [/workdir/hadoop-ozone/integration-test/target/test-dir/MiniOzoneClusterImpl-7ec64718-fc6c-4bdc-a59e-2452df301b4b/datanode-0/data/ratis] (custom)
2019-10-15 21:19:33,455 [main] INFO  hdfs.DFSUtil (DFSUtil.java:httpServerTemplateForNNAndJN(1641)) - Starting Web-server for hddsDatanode at: http://0.0.0.0:0
2019-10-15 21:19:33,457 [main] INFO  server.AuthenticationFilter (AuthenticationFilter.java:constructSecretProvider(240)) - Unable to initialize FileSignerSecretProvider, falling back to use random secrets.
2019-10-15 21:19:33,458 [main] WARN  http.HttpRequestLog (HttpRequestLog.java:getRequestLog(97)) - Jetty request log can only be enabled using Log4j
2019-10-15 21:19:33,460 [main] INFO  http.HttpServer2 (HttpServer2.java:addGlobalFilter(975)) - Added global filter 'safety' (class=org.apache.hadoop.http.HttpServer2$QuotingInputFilter)
2019-10-15 21:19:33,461 [main] INFO  http.HttpServer2 (HttpServer2.java:addFilter(948)) - Added filter static_user_filter (class=org.apache.hadoop.http.lib.StaticUserWebFilter$StaticUserFilter) to context hddsDatanode
2019-10-15 21:19:33,461 [main] INFO  http.HttpServer2 (HttpServer2.java:addFilter(958)) - Added filter static_user_filter (class=org.apache.hadoop.http.lib.StaticUserWebFilter$StaticUserFilter) to context logs
2019-10-15 21:19:33,461 [main] INFO  http.HttpServer2 (HttpServer2.java:addFilter(958)) - Added filter static_user_filter (class=org.apache.hadoop.http.lib.StaticUserWebFilter$StaticUserFilter) to context static
2019-10-15 21:19:33,462 [main] INFO  http.HttpServer2 (HttpServer2.java:bindListener(1191)) - Jetty bound to port 33735
2019-10-15 21:19:33,463 [main] INFO  server.Server (Server.java:doStart(351)) - jetty-9.3.25.v20180904, build timestamp: 2018-09-04T21:11:46Z, git hash: 3ce520221d0240229c862b122d2b06c12a625732
2019-10-15 21:19:33,465 [main] INFO  handler.ContextHandler (ContextHandler.java:doStart(781)) - Started o.e.j.s.ServletContextHandler@60cf62ad{/logs,file:///workdir/hadoop-ozone/integration-test/target/log,AVAILABLE}
2019-10-15 21:19:33,466 [main] INFO  handler.ContextHandler (ContextHandler.java:doStart(781)) - Started o.e.j.s.ServletContextHandler@1ac4ccad{/static,jar:file:/home/user/.m2/repository/org/apache/hadoop/hadoop-hdds-container-service/0.5.0-SNAPSHOT/hadoop-hdds-container-service-0.5.0-SNAPSHOT.jar!/webapps/static,AVAILABLE}
2019-10-15 21:19:33,511 [main] INFO  handler.ContextHandler (ContextHandler.java:doStart(781)) - Started o.e.j.w.WebAppContext@de8039f{/,file:///tmp/jetty-0.0.0.0-33735-hddsDatanode-_-any-8004837343087362396.dir/webapp/,AVAILABLE}{/hddsDatanode}
2019-10-15 21:19:33,512 [main] INFO  server.AbstractConnector (AbstractConnector.java:doStart(278)) - Started ServerConnector@1deceb67{HTTP/1.1,[http/1.1]}{0.0.0.0:33735}
2019-10-15 21:19:33,513 [main] INFO  server.Server (Server.java:doStart(419)) - Started @4353ms
2019-10-15 21:19:33,513 [main] WARN  impl.MetricsSystemImpl (MetricsSystemImpl.java:register(276)) - Sink prometheus already exists!
2019-10-15 21:19:33,514 [main] INFO  server.BaseHttpServer (BaseHttpServer.java:updateConnectorAddress(215)) - HTTP server of HDDSDATANODE is listening at http://0.0.0.0:33735
2019-10-15 21:19:33,515 [main] INFO  impl.MetricsSystemImpl (MetricsSystemImpl.java:init(158)) - HddsDatanode metrics system started (again)
2019-10-15 21:19:33,518 [main] INFO  ozone.HddsDatanodeService (HddsDatanodeService.java:start(184)) - HddsDatanodeService host:pr-hdds-2254-trunk-ddzgt-1485873308 ip:192.168.69.102
2019-10-15 21:19:33,519 [org.apache.hadoop.util.JvmPauseMonitor$Monitor@3f3b332e] INFO  util.JvmPauseMonitor (JvmPauseMonitor.java:run(188)) - Starting JVM pause monitor
2019-10-15 21:19:33,527 [main] INFO  volume.HddsVolume (HddsVolume.java:<init>(176)) - Creating Volume: /workdir/hadoop-ozone/integration-test/target/test-dir/MiniOzoneClusterImpl-7ec64718-fc6c-4bdc-a59e-2452df301b4b/datanode-1/data/containers/hdds of  storage type : DISK and capacity : 1482555576320
2019-10-15 21:19:33,527 [main] INFO  volume.VolumeSet (VolumeSet.java:initializeVolumeSet(170)) - Added Volume : /workdir/hadoop-ozone/integration-test/target/test-dir/MiniOzoneClusterImpl-7ec64718-fc6c-4bdc-a59e-2452df301b4b/datanode-1/data/containers/hdds to VolumeSet
2019-10-15 21:19:33,527 [main] INFO  volume.ThrottledAsyncChecker (ThrottledAsyncChecker.java:schedule(141)) - Scheduling a check for /workdir/hadoop-ozone/integration-test/target/test-dir/MiniOzoneClusterImpl-7ec64718-fc6c-4bdc-a59e-2452df301b4b/datanode-1/data/containers/hdds
2019-10-15 21:19:33,528 [main] INFO  volume.HddsVolumeChecker (HddsVolumeChecker.java:checkAllVolumes(204)) - Scheduled health check for volume /workdir/hadoop-ozone/integration-test/target/test-dir/MiniOzoneClusterImpl-7ec64718-fc6c-4bdc-a59e-2452df301b4b/datanode-1/data/containers/hdds
2019-10-15 21:19:33,542 [main] INFO  impl.RaftServerProxy (ConfUtils.java:logGet(43)) - raft.rpc.type = GRPC (default)
2019-10-15 21:19:33,542 [main] INFO  grpc.GrpcFactory (GrpcFactory.java:checkPooledByteBufAllocatorUseCacheForAllThreads(45)) - PERFORMANCE WARNING: useCacheForAllThreads is true that may cause Netty to create a lot garbage objects and, as a result, trigger GC.
	It is recommended to disable useCacheForAllThreads by setting -Dorg.apache.ratis.thirdparty.io.netty.allocator.useCacheForAllThreads=false in command line.
2019-10-15 21:19:33,542 [main] INFO  grpc.GrpcConfigKeys$Server (ConfUtils.java:logGet(43)) - raft.grpc.server.port = 0 (default)
2019-10-15 21:19:33,542 [main] INFO  server.GrpcService (ConfUtils.java:logGet(43)) - raft.grpc.message.size.max = 33570816 (custom)
2019-10-15 21:19:33,543 [main] INFO  server.RaftServerConfigKeys (ConfUtils.java:logGet(43)) - raft.server.log.appender.buffer.byte-limit = 33554432 (custom)
2019-10-15 21:19:33,543 [main] INFO  server.GrpcService (ConfUtils.java:logGet(43)) - raft.grpc.flow.control.window = 1MB (=1048576) (default)
2019-10-15 21:19:33,543 [main] INFO  server.RaftServerConfigKeys (ConfUtils.java:logGet(43)) - raft.server.rpc.request.timeout = 3000ms (default)
2019-10-15 21:19:33,544 [main] INFO  server.RaftServerConfigKeys (ConfUtils.java:logGet(43)) - raft.server.storage.dir = [/workdir/hadoop-ozone/integration-test/target/test-dir/MiniOzoneClusterImpl-7ec64718-fc6c-4bdc-a59e-2452df301b4b/datanode-1/data/ratis] (custom)
2019-10-15 21:19:33,545 [main] INFO  hdfs.DFSUtil (DFSUtil.java:httpServerTemplateForNNAndJN(1641)) - Starting Web-server for hddsDatanode at: http://0.0.0.0:0
2019-10-15 21:19:33,547 [main] INFO  server.AuthenticationFilter (AuthenticationFilter.java:constructSecretProvider(240)) - Unable to initialize FileSignerSecretProvider, falling back to use random secrets.
2019-10-15 21:19:33,547 [main] WARN  http.HttpRequestLog (HttpRequestLog.java:getRequestLog(97)) - Jetty request log can only be enabled using Log4j
2019-10-15 21:19:33,549 [main] INFO  http.HttpServer2 (HttpServer2.java:addGlobalFilter(975)) - Added global filter 'safety' (class=org.apache.hadoop.http.HttpServer2$QuotingInputFilter)
2019-10-15 21:19:33,549 [main] INFO  http.HttpServer2 (HttpServer2.java:addFilter(948)) - Added filter static_user_filter (class=org.apache.hadoop.http.lib.StaticUserWebFilter$StaticUserFilter) to context hddsDatanode
2019-10-15 21:19:33,549 [main] INFO  http.HttpServer2 (HttpServer2.java:addFilter(958)) - Added filter static_user_filter (class=org.apache.hadoop.http.lib.StaticUserWebFilter$StaticUserFilter) to context logs
2019-10-15 21:19:33,550 [main] INFO  http.HttpServer2 (HttpServer2.java:addFilter(958)) - Added filter static_user_filter (class=org.apache.hadoop.http.lib.StaticUserWebFilter$StaticUserFilter) to context static
2019-10-15 21:19:33,550 [main] INFO  http.HttpServer2 (HttpServer2.java:bindListener(1191)) - Jetty bound to port 33987
2019-10-15 21:19:33,551 [main] INFO  server.Server (Server.java:doStart(351)) - jetty-9.3.25.v20180904, build timestamp: 2018-09-04T21:11:46Z, git hash: 3ce520221d0240229c862b122d2b06c12a625732
2019-10-15 21:19:33,555 [main] INFO  handler.ContextHandler (ContextHandler.java:doStart(781)) - Started o.e.j.s.ServletContextHandler@5e65afb6{/logs,file:///workdir/hadoop-ozone/integration-test/target/log,AVAILABLE}
2019-10-15 21:19:33,555 [main] INFO  handler.ContextHandler (ContextHandler.java:doStart(781)) - Started o.e.j.s.ServletContextHandler@8851ce1{/static,jar:file:/home/user/.m2/repository/org/apache/hadoop/hadoop-hdds-container-service/0.5.0-SNAPSHOT/hadoop-hdds-container-service-0.5.0-SNAPSHOT.jar!/webapps/static,AVAILABLE}
2019-10-15 21:19:33,588 [main] INFO  handler.ContextHandler (ContextHandler.java:doStart(781)) - Started o.e.j.w.WebAppContext@7a0ef219{/,file:///tmp/jetty-0.0.0.0-33987-hddsDatanode-_-any-4813554842733659169.dir/webapp/,AVAILABLE}{/hddsDatanode}
2019-10-15 21:19:33,588 [main] INFO  server.AbstractConnector (AbstractConnector.java:doStart(278)) - Started ServerConnector@1b1f5012{HTTP/1.1,[http/1.1]}{0.0.0.0:33987}
2019-10-15 21:19:33,589 [main] INFO  server.Server (Server.java:doStart(419)) - Started @4430ms
2019-10-15 21:19:33,590 [main] WARN  impl.MetricsSystemImpl (MetricsSystemImpl.java:register(276)) - Sink prometheus already exists!
2019-10-15 21:19:33,591 [main] INFO  server.BaseHttpServer (BaseHttpServer.java:updateConnectorAddress(215)) - HTTP server of HDDSDATANODE is listening at http://0.0.0.0:33987
2019-10-15 21:19:33,591 [main] INFO  impl.MetricsSystemImpl (MetricsSystemImpl.java:init(158)) - HddsDatanode metrics system started (again)
2019-10-15 21:19:33,593 [org.apache.hadoop.util.JvmPauseMonitor$Monitor@2a2948fb] INFO  util.JvmPauseMonitor (JvmPauseMonitor.java:run(188)) - Starting JVM pause monitor
2019-10-15 21:19:33,593 [main] INFO  ozone.HddsDatanodeService (HddsDatanodeService.java:start(184)) - HddsDatanodeService host:pr-hdds-2254-trunk-ddzgt-1485873308 ip:192.168.69.102
2019-10-15 21:19:33,602 [main] INFO  volume.HddsVolume (HddsVolume.java:<init>(176)) - Creating Volume: /workdir/hadoop-ozone/integration-test/target/test-dir/MiniOzoneClusterImpl-7ec64718-fc6c-4bdc-a59e-2452df301b4b/datanode-2/data/containers/hdds of  storage type : DISK and capacity : 1482555576320
2019-10-15 21:19:33,602 [main] INFO  volume.VolumeSet (VolumeSet.java:initializeVolumeSet(170)) - Added Volume : /workdir/hadoop-ozone/integration-test/target/test-dir/MiniOzoneClusterImpl-7ec64718-fc6c-4bdc-a59e-2452df301b4b/datanode-2/data/containers/hdds to VolumeSet
2019-10-15 21:19:33,602 [main] INFO  volume.ThrottledAsyncChecker (ThrottledAsyncChecker.java:schedule(141)) - Scheduling a check for /workdir/hadoop-ozone/integration-test/target/test-dir/MiniOzoneClusterImpl-7ec64718-fc6c-4bdc-a59e-2452df301b4b/datanode-2/data/containers/hdds
2019-10-15 21:19:33,603 [main] INFO  volume.HddsVolumeChecker (HddsVolumeChecker.java:checkAllVolumes(204)) - Scheduled health check for volume /workdir/hadoop-ozone/integration-test/target/test-dir/MiniOzoneClusterImpl-7ec64718-fc6c-4bdc-a59e-2452df301b4b/datanode-2/data/containers/hdds
2019-10-15 21:19:33,620 [main] INFO  impl.RaftServerProxy (ConfUtils.java:logGet(43)) - raft.rpc.type = GRPC (default)
2019-10-15 21:19:33,620 [main] INFO  grpc.GrpcFactory (GrpcFactory.java:checkPooledByteBufAllocatorUseCacheForAllThreads(45)) - PERFORMANCE WARNING: useCacheForAllThreads is true that may cause Netty to create a lot garbage objects and, as a result, trigger GC.
	It is recommended to disable useCacheForAllThreads by setting -Dorg.apache.ratis.thirdparty.io.netty.allocator.useCacheForAllThreads=false in command line.
2019-10-15 21:19:33,620 [main] INFO  grpc.GrpcConfigKeys$Server (ConfUtils.java:logGet(43)) - raft.grpc.server.port = 0 (default)
2019-10-15 21:19:33,621 [main] INFO  server.GrpcService (ConfUtils.java:logGet(43)) - raft.grpc.message.size.max = 33570816 (custom)
2019-10-15 21:19:33,621 [main] INFO  server.RaftServerConfigKeys (ConfUtils.java:logGet(43)) - raft.server.log.appender.buffer.byte-limit = 33554432 (custom)
2019-10-15 21:19:33,621 [Datanode State Machine Thread - 0] INFO  datanode.InitDatanodeState (InitDatanodeState.java:persistContainerDatanodeDetails(140)) - DatanodeDetails is persisted to /workdir/hadoop-ozone/integration-test/target/test-dir/MiniOzoneClusterImpl-7ec64718-fc6c-4bdc-a59e-2452df301b4b/datanode-0/meta/datanode.id
2019-10-15 21:19:33,621 [main] INFO  server.GrpcService (ConfUtils.java:logGet(43)) - raft.grpc.flow.control.window = 1MB (=1048576) (default)
2019-10-15 21:19:33,623 [main] INFO  server.RaftServerConfigKeys (ConfUtils.java:logGet(43)) - raft.server.rpc.request.timeout = 3000ms (default)
2019-10-15 21:19:33,624 [main] INFO  server.RaftServerConfigKeys (ConfUtils.java:logGet(43)) - raft.server.storage.dir = [/workdir/hadoop-ozone/integration-test/target/test-dir/MiniOzoneClusterImpl-7ec64718-fc6c-4bdc-a59e-2452df301b4b/datanode-2/data/ratis] (custom)
2019-10-15 21:19:33,624 [Datanode State Machine Thread - 0] INFO  datanode.InitDatanodeState (InitDatanodeState.java:persistContainerDatanodeDetails(140)) - DatanodeDetails is persisted to /workdir/hadoop-ozone/integration-test/target/test-dir/MiniOzoneClusterImpl-7ec64718-fc6c-4bdc-a59e-2452df301b4b/datanode-1/meta/datanode.id
2019-10-15 21:19:33,626 [main] INFO  hdfs.DFSUtil (DFSUtil.java:httpServerTemplateForNNAndJN(1641)) - Starting Web-server for hddsDatanode at: http://0.0.0.0:0
2019-10-15 21:19:33,628 [main] INFO  server.AuthenticationFilter (AuthenticationFilter.java:constructSecretProvider(240)) - Unable to initialize FileSignerSecretProvider, falling back to use random secrets.
2019-10-15 21:19:33,628 [main] WARN  http.HttpRequestLog (HttpRequestLog.java:getRequestLog(97)) - Jetty request log can only be enabled using Log4j
2019-10-15 21:19:33,630 [main] INFO  http.HttpServer2 (HttpServer2.java:addGlobalFilter(975)) - Added global filter 'safety' (class=org.apache.hadoop.http.HttpServer2$QuotingInputFilter)
2019-10-15 21:19:33,631 [main] INFO  http.HttpServer2 (HttpServer2.java:addFilter(948)) - Added filter static_user_filter (class=org.apache.hadoop.http.lib.StaticUserWebFilter$StaticUserFilter) to context hddsDatanode
2019-10-15 21:19:33,631 [main] INFO  http.HttpServer2 (HttpServer2.java:addFilter(958)) - Added filter static_user_filter (class=org.apache.hadoop.http.lib.StaticUserWebFilter$StaticUserFilter) to context logs
2019-10-15 21:19:33,631 [main] INFO  http.HttpServer2 (HttpServer2.java:addFilter(958)) - Added filter static_user_filter (class=org.apache.hadoop.http.lib.StaticUserWebFilter$StaticUserFilter) to context static
2019-10-15 21:19:33,632 [main] INFO  http.HttpServer2 (HttpServer2.java:bindListener(1191)) - Jetty bound to port 37888
2019-10-15 21:19:33,632 [main] INFO  server.Server (Server.java:doStart(351)) - jetty-9.3.25.v20180904, build timestamp: 2018-09-04T21:11:46Z, git hash: 3ce520221d0240229c862b122d2b06c12a625732
2019-10-15 21:19:33,635 [main] INFO  handler.ContextHandler (ContextHandler.java:doStart(781)) - Started o.e.j.s.ServletContextHandler@6069dd38{/logs,file:///workdir/hadoop-ozone/integration-test/target/log,AVAILABLE}
2019-10-15 21:19:33,636 [main] INFO  handler.ContextHandler (ContextHandler.java:doStart(781)) - Started o.e.j.s.ServletContextHandler@558756be{/static,jar:file:/home/user/.m2/repository/org/apache/hadoop/hadoop-hdds-container-service/0.5.0-SNAPSHOT/hadoop-hdds-container-service-0.5.0-SNAPSHOT.jar!/webapps/static,AVAILABLE}
2019-10-15 21:19:33,672 [main] INFO  handler.ContextHandler (ContextHandler.java:doStart(781)) - Started o.e.j.w.WebAppContext@54e3658c{/,file:///tmp/jetty-0.0.0.0-37888-hddsDatanode-_-any-5530724256817143112.dir/webapp/,AVAILABLE}{/hddsDatanode}
2019-10-15 21:19:33,673 [main] INFO  server.AbstractConnector (AbstractConnector.java:doStart(278)) - Started ServerConnector@43e9089{HTTP/1.1,[http/1.1]}{0.0.0.0:37888}
2019-10-15 21:19:33,673 [main] INFO  server.Server (Server.java:doStart(419)) - Started @4513ms
2019-10-15 21:19:33,673 [main] WARN  impl.MetricsSystemImpl (MetricsSystemImpl.java:register(276)) - Sink prometheus already exists!
2019-10-15 21:19:33,674 [main] INFO  server.BaseHttpServer (BaseHttpServer.java:updateConnectorAddress(215)) - HTTP server of HDDSDATANODE is listening at http://0.0.0.0:37888
2019-10-15 21:19:33,675 [main] INFO  ozone.MiniOzoneClusterImpl (MiniOzoneClusterImpl.java:lambda$waitForClusterToBeReady$0(147)) - Waiting for cluster to be ready. Got 0 of 3 DN Heartbeats.
2019-10-15 21:19:33,676 [org.apache.hadoop.util.JvmPauseMonitor$Monitor@336049a6] INFO  util.JvmPauseMonitor (JvmPauseMonitor.java:run(188)) - Starting JVM pause monitor
2019-10-15 21:19:33,678 [Datanode State Machine Thread - 0] INFO  datanode.InitDatanodeState (InitDatanodeState.java:persistContainerDatanodeDetails(140)) - DatanodeDetails is persisted to /workdir/hadoop-ozone/integration-test/target/test-dir/MiniOzoneClusterImpl-7ec64718-fc6c-4bdc-a59e-2452df301b4b/datanode-2/meta/datanode.id
2019-10-15 21:19:34,676 [main] INFO  ozone.MiniOzoneClusterImpl (MiniOzoneClusterImpl.java:lambda$waitForClusterToBeReady$0(147)) - Waiting for cluster to be ready. Got 0 of 3 DN Heartbeats.
2019-10-15 21:19:35,571 [Datanode State Machine Thread - 0] INFO  ozoneimpl.OzoneContainer (OzoneContainer.java:start(213)) - Attempting to start container services.
2019-10-15 21:19:35,573 [Datanode State Machine Thread - 0] INFO  ozoneimpl.OzoneContainer (OzoneContainer.java:startContainerScrub(177)) - Background container scanner has been disabled.
2019-10-15 21:19:35,573 [Datanode State Machine Thread - 0] INFO  ratis.XceiverServerRatis (XceiverServerRatis.java:start(418)) - Starting XceiverServerRatis 0eb142cf-b7a4-42cc-bedf-7b6b824b4e6a at port 0
2019-10-15 21:19:35,590 [Datanode State Machine Thread - 0] INFO  impl.RaftServerProxy (RaftServerProxy.java:lambda$start$3(299)) - 0eb142cf-b7a4-42cc-bedf-7b6b824b4e6a: start RPC server
2019-10-15 21:19:35,624 [Datanode State Machine Thread - 0] INFO  ozoneimpl.OzoneContainer (OzoneContainer.java:start(213)) - Attempting to start container services.
2019-10-15 21:19:35,628 [Datanode State Machine Thread - 0] INFO  ozoneimpl.OzoneContainer (OzoneContainer.java:startContainerScrub(177)) - Background container scanner has been disabled.
2019-10-15 21:19:35,628 [Datanode State Machine Thread - 0] INFO  ratis.XceiverServerRatis (XceiverServerRatis.java:start(418)) - Starting XceiverServerRatis 47d72301-684e-48ba-af14-36fa0ba944f7 at port 0
2019-10-15 21:19:35,634 [Datanode State Machine Thread - 0] INFO  impl.RaftServerProxy (RaftServerProxy.java:lambda$start$3(299)) - 47d72301-684e-48ba-af14-36fa0ba944f7: start RPC server
2019-10-15 21:19:35,677 [main] INFO  ozone.MiniOzoneClusterImpl (MiniOzoneClusterImpl.java:lambda$waitForClusterToBeReady$0(147)) - Waiting for cluster to be ready. Got 0 of 3 DN Heartbeats.
2019-10-15 21:19:35,712 [Datanode State Machine Thread - 0] INFO  server.GrpcService (GrpcService.java:startImpl(158)) - 0eb142cf-b7a4-42cc-bedf-7b6b824b4e6a: GrpcService started, listening on 0.0.0.0/0.0.0.0:43792
2019-10-15 21:19:35,712 [Datanode State Machine Thread - 0] INFO  server.GrpcService (GrpcService.java:startImpl(158)) - 47d72301-684e-48ba-af14-36fa0ba944f7: GrpcService started, listening on 0.0.0.0/0.0.0.0:33903
2019-10-15 21:19:35,712 [Datanode State Machine Thread - 0] INFO  ratis.XceiverServerRatis (XceiverServerRatis.java:start(428)) - XceiverServerRatis 0eb142cf-b7a4-42cc-bedf-7b6b824b4e6a is started using port 43792
2019-10-15 21:19:35,713 [Datanode State Machine Thread - 0] INFO  ratis.XceiverServerRatis (XceiverServerRatis.java:start(428)) - XceiverServerRatis 47d72301-684e-48ba-af14-36fa0ba944f7 is started using port 33903
2019-10-15 21:19:35,715 [Datanode State Machine Thread - 0] INFO  server.XceiverServerGrpc (XceiverServerGrpc.java:start(149)) - XceiverServerGrpc 0eb142cf-b7a4-42cc-bedf-7b6b824b4e6a is started using port 36805
2019-10-15 21:19:35,715 [Datanode State Machine Thread - 0] INFO  server.XceiverServerGrpc (XceiverServerGrpc.java:start(149)) - XceiverServerGrpc 47d72301-684e-48ba-af14-36fa0ba944f7 is started using port 39682
2019-10-15 21:19:35,725 [Datanode State Machine Thread - 0] INFO  ozoneimpl.OzoneContainer (OzoneContainer.java:start(213)) - Attempting to start container services.
2019-10-15 21:19:35,726 [Datanode State Machine Thread - 0] INFO  ozoneimpl.OzoneContainer (OzoneContainer.java:startContainerScrub(177)) - Background container scanner has been disabled.
2019-10-15 21:19:35,726 [Datanode State Machine Thread - 0] INFO  ratis.XceiverServerRatis (XceiverServerRatis.java:start(418)) - Starting XceiverServerRatis 436ea7cb-b08f-45a9-ac25-59983fb5da84 at port 0
2019-10-15 21:19:35,745 [Datanode State Machine Thread - 0] INFO  impl.RaftServerProxy (RaftServerProxy.java:lambda$start$3(299)) - 436ea7cb-b08f-45a9-ac25-59983fb5da84: start RPC server
2019-10-15 21:19:35,747 [Datanode State Machine Thread - 0] INFO  server.GrpcService (GrpcService.java:startImpl(158)) - 436ea7cb-b08f-45a9-ac25-59983fb5da84: GrpcService started, listening on 0.0.0.0/0.0.0.0:32878
2019-10-15 21:19:35,747 [Datanode State Machine Thread - 0] INFO  ratis.XceiverServerRatis (XceiverServerRatis.java:start(428)) - XceiverServerRatis 436ea7cb-b08f-45a9-ac25-59983fb5da84 is started using port 32878
2019-10-15 21:19:35,749 [Datanode State Machine Thread - 0] INFO  server.XceiverServerGrpc (XceiverServerGrpc.java:start(149)) - XceiverServerGrpc 436ea7cb-b08f-45a9-ac25-59983fb5da84 is started using port 38826
2019-10-15 21:19:36,677 [main] INFO  ozone.MiniOzoneClusterImpl (MiniOzoneClusterImpl.java:lambda$waitForClusterToBeReady$0(147)) - Waiting for cluster to be ready. Got 0 of 3 DN Heartbeats.
2019-10-15 21:19:37,548 [IPC Server handler 10 on 42912] INFO  net.NetworkTopology (NetworkTopologyImpl.java:add(111)) - Added a new node: /default-rack/0eb142cf-b7a4-42cc-bedf-7b6b824b4e6a
2019-10-15 21:19:37,548 [IPC Server handler 10 on 42912] INFO  node.SCMNodeManager (SCMNodeManager.java:register(268)) - Registered Data node : 0eb142cf-b7a4-42cc-bedf-7b6b824b4e6a{ip: 192.168.69.102, host: pr-hdds-2254-trunk-ddzgt-1485873308, networkLocation: /default-rack, certSerialId: null}
2019-10-15 21:19:37,551 [EventQueue-NodeRegistrationContainerReportForDataNodeSafeModeRule] INFO  safemode.SCMSafeModeManager (DataNodeSafeModeRule.java:process(71)) - SCM in safe mode. 1 DataNodes registered, 1 required.
2019-10-15 21:19:37,551 [EventQueue-NodeRegistrationContainerReportForDataNodeSafeModeRule] INFO  safemode.SCMSafeModeManager (SCMSafeModeManager.java:validateSafeModeExitRules(177)) - ScmSafeModeManager, all rules are successfully validated
2019-10-15 21:19:37,551 [EventQueue-NodeRegistrationContainerReportForDataNodeSafeModeRule] INFO  safemode.SCMSafeModeManager (SCMSafeModeManager.java:exitSafeMode(193)) - SCM exiting safe mode.
2019-10-15 21:19:37,595 [IPC Server handler 8 on 42912] INFO  net.NetworkTopology (NetworkTopologyImpl.java:add(111)) - Added a new node: /default-rack/47d72301-684e-48ba-af14-36fa0ba944f7
2019-10-15 21:19:37,595 [IPC Server handler 8 on 42912] INFO  node.SCMNodeManager (SCMNodeManager.java:register(268)) - Registered Data node : 47d72301-684e-48ba-af14-36fa0ba944f7{ip: 192.168.69.102, host: pr-hdds-2254-trunk-ddzgt-1485873308, networkLocation: /default-rack, certSerialId: null}
2019-10-15 21:19:37,678 [main] INFO  ozone.MiniOzoneClusterImpl (MiniOzoneClusterImpl.java:lambda$waitForClusterToBeReady$0(147)) - Waiting for cluster to be ready. Got 2 of 3 DN Heartbeats.
2019-10-15 21:19:37,678 [IPC Server handler 4 on 42912] INFO  net.NetworkTopology (NetworkTopologyImpl.java:add(111)) - Added a new node: /default-rack/436ea7cb-b08f-45a9-ac25-59983fb5da84
2019-10-15 21:19:37,679 [IPC Server handler 4 on 42912] INFO  node.SCMNodeManager (SCMNodeManager.java:register(268)) - Registered Data node : 436ea7cb-b08f-45a9-ac25-59983fb5da84{ip: 192.168.69.102, host: pr-hdds-2254-trunk-ddzgt-1485873308, networkLocation: /default-rack, certSerialId: null}
2019-10-15 21:19:37,952 [grpc-default-executor-0] INFO  impl.RaftServerProxy (RaftServerProxy.java:addNew(89)) - 0eb142cf-b7a4-42cc-bedf-7b6b824b4e6a: addNew group-2B2D3A74CDE4:[0eb142cf-b7a4-42cc-bedf-7b6b824b4e6a:192.168.69.102:43792] returns group-2B2D3A74CDE4:java.util.concurrent.CompletableFuture@51e16f7e[Not completed]
2019-10-15 21:19:37,963 [pool-27-thread-1] INFO  impl.RaftServerImpl (RaftServerImpl.java:<init>(104)) - 0eb142cf-b7a4-42cc-bedf-7b6b824b4e6a: new RaftServerImpl for group-2B2D3A74CDE4:[0eb142cf-b7a4-42cc-bedf-7b6b824b4e6a:192.168.69.102:43792] with ContainerStateMachine:uninitialized
2019-10-15 21:19:37,965 [pool-27-thread-1] INFO  server.RaftServerConfigKeys (ConfUtils.java:logGet(43)) - raft.server.rpc.timeout.min = 5s (custom)
2019-10-15 21:19:37,965 [pool-27-thread-1] INFO  server.RaftServerConfigKeys (ConfUtils.java:logGet(43)) - raft.server.rpc.timeout.max = 5200ms (custom)
2019-10-15 21:19:37,965 [pool-27-thread-1] INFO  server.RaftServerConfigKeys (ConfUtils.java:logGet(43)) - raft.server.rpcslowness.timeout = 1000s (custom)
2019-10-15 21:19:37,966 [pool-27-thread-1] INFO  server.RaftServerConfigKeys (ConfUtils.java:logGet(43)) - raft.server.sleep.deviation.threshold = 300 (default)
2019-10-15 21:19:37,966 [pool-27-thread-1] INFO  server.RaftServerConfigKeys (ConfUtils.java:logGet(43)) - raft.server.log.appender.install.snapshot.enabled = false (custom)
2019-10-15 21:19:37,973 [pool-27-thread-1] INFO  impl.RaftServerImpl (ServerState.java:<init>(103)) - 0eb142cf-b7a4-42cc-bedf-7b6b824b4e6a@group-2B2D3A74CDE4: ConfigurationManager, init=-1: [0eb142cf-b7a4-42cc-bedf-7b6b824b4e6a:192.168.69.102:43792], old=null, confs=<EMPTY_MAP>
2019-10-15 21:19:37,973 [pool-27-thread-1] INFO  server.RaftServerConfigKeys (ConfUtils.java:logGet(43)) - raft.server.storage.dir = [/workdir/hadoop-ozone/integration-test/target/test-dir/MiniOzoneClusterImpl-7ec64718-fc6c-4bdc-a59e-2452df301b4b/datanode-0/data/ratis] (custom)
2019-10-15 21:19:37,978 [pool-27-thread-1] INFO  server.RaftServerConfigKeys (ConfUtils.java:logGet(43)) - raft.server.log.corruption.policy = EXCEPTION (default)
2019-10-15 21:19:37,979 [pool-27-thread-1] INFO  storage.RaftStorageDirectory (RaftStorageDirectory.java:analyzeStorage(246)) - The storage directory /workdir/hadoop-ozone/integration-test/target/test-dir/MiniOzoneClusterImpl-7ec64718-fc6c-4bdc-a59e-2452df301b4b/datanode-0/data/ratis/ec193929-9f28-4f45-8ccc-2b2d3a74cde4 does not exist. Creating ...
2019-10-15 21:19:38,011 [pool-27-thread-1] INFO  storage.RaftStorageDirectory (RaftStorageDirectory.java:tryLock(328)) - Lock on /workdir/hadoop-ozone/integration-test/target/test-dir/MiniOzoneClusterImpl-7ec64718-fc6c-4bdc-a59e-2452df301b4b/datanode-0/data/ratis/ec193929-9f28-4f45-8ccc-2b2d3a74cde4/in_use.lock acquired by nodename 19633@pr-hdds-2254-trunk-ddzgt-1485873308
2019-10-15 21:19:38,028 [pool-27-thread-1] INFO  storage.RaftStorage (RaftStorage.java:format(84)) - Storage directory /workdir/hadoop-ozone/integration-test/target/test-dir/MiniOzoneClusterImpl-7ec64718-fc6c-4bdc-a59e-2452df301b4b/datanode-0/data/ratis/ec193929-9f28-4f45-8ccc-2b2d3a74cde4 has been successfully formatted.
2019-10-15 21:19:38,030 [pool-27-thread-1] INFO  ratis.ContainerStateMachine (ContainerStateMachine.java:loadSnapshot(231)) - group-2B2D3A74CDE4: The snapshot info is null. Setting the last applied indexto:(t:0, i:~)
2019-10-15 21:19:38,030 [pool-27-thread-1] INFO  server.RaftServerConfigKeys (ConfUtils.java:logGet(43)) - raft.server.notification.no-leader.timeout = 1000s (custom)
2019-10-15 21:19:38,032 [pool-27-thread-1] INFO  server.RaftServerConfigKeys (ConfUtils.java:logGet(43)) - raft.server.log.use.memory = false (default)
2019-10-15 21:19:38,036 [pool-27-thread-1] INFO  server.RaftServerConfigKeys (ConfUtils.java:logGet(43)) - raft.server.log.purge.gap = 1000000 (custom)
2019-10-15 21:19:38,036 [pool-27-thread-1] INFO  server.RaftServerConfigKeys (ConfUtils.java:logGet(43)) - raft.server.log.appender.buffer.byte-limit = 33554432 (custom)
2019-10-15 21:19:38,038 [pool-27-thread-1] INFO  server.RaftServerConfigKeys (ConfUtils.java:logGet(43)) - raft.server.log.segment.size.max = 1048576 (custom)
2019-10-15 21:19:38,039 [pool-27-thread-1] INFO  impl.MetricsSystemImpl (MetricsSystemImpl.java:init(158)) - ratis metrics system started (again)
2019-10-15 21:19:38,042 [pool-27-thread-1] INFO  metrics.MetricRegistries (MetricRegistriesLoader.java:load(64)) - Loaded MetricRegistries class org.apache.ratis.metrics.impl.MetricRegistriesImpl
2019-10-15 21:19:38,071 [pool-27-thread-1] INFO  server.RaftServerConfigKeys (ConfUtils.java:logGet(43)) - raft.server.log.segment.cache.num.max = 2 (custom)
2019-10-15 21:19:38,076 [pool-27-thread-1] INFO  segmented.SegmentedRaftLogWorker (SegmentedRaftLogWorker.java:<init>(173)) - new 0eb142cf-b7a4-42cc-bedf-7b6b824b4e6a@group-2B2D3A74CDE4-SegmentedRaftLogWorker for RaftStorage:Storage Directory /workdir/hadoop-ozone/integration-test/target/test-dir/MiniOzoneClusterImpl-7ec64718-fc6c-4bdc-a59e-2452df301b4b/datanode-0/data/ratis/ec193929-9f28-4f45-8ccc-2b2d3a74cde4
2019-10-15 21:19:38,076 [pool-27-thread-1] INFO  server.RaftServerConfigKeys (ConfUtils.java:logGet(43)) - raft.server.log.queue.byte-limit = 2147483647 (custom)
2019-10-15 21:19:38,077 [pool-27-thread-1] INFO  server.RaftServerConfigKeys (ConfUtils.java:logGet(43)) - raft.server.log.queue.element-limit = 1024 (custom)
2019-10-15 21:19:38,078 [pool-27-thread-1] INFO  server.RaftServerConfigKeys (ConfUtils.java:logGet(43)) - raft.server.log.segment.size.max = 1048576 (custom)
2019-10-15 21:19:38,078 [pool-27-thread-1] INFO  server.RaftServerConfigKeys (ConfUtils.java:logGet(43)) - raft.server.log.preallocated.size = 16384 (custom)
2019-10-15 21:19:38,078 [pool-27-thread-1] INFO  server.RaftServerConfigKeys (ConfUtils.java:logGet(43)) - raft.server.log.write.buffer.size = 33554432 (custom)
2019-10-15 21:19:38,079 [pool-27-thread-1] INFO  server.RaftServerConfigKeys (ConfUtils.java:logGet(43)) - raft.server.log.force.sync.num = 128 (default)
2019-10-15 21:19:38,079 [pool-27-thread-1] INFO  server.RaftServerConfigKeys (ConfUtils.java:logGet(43)) - raft.server.log.statemachine.data.sync = true (default)
2019-10-15 21:19:38,080 [pool-27-thread-1] INFO  server.RaftServerConfigKeys (ConfUtils.java:logGet(43)) - raft.server.log.statemachine.data.sync.timeout = 10s (default)
2019-10-15 21:19:38,080 [pool-27-thread-1] INFO  server.RaftServerConfigKeys (ConfUtils.java:logGet(43)) - raft.server.log.statemachine.data.sync.timeout.retry = -1 (default)
2019-10-15 21:19:38,089 [pool-27-thread-1] INFO  server.RaftServerConfigKeys (ConfUtils.java:logGet(43)) - raft.server.log.statemachine.data.caching.enabled = true (custom)
2019-10-15 21:19:38,093 [pool-27-thread-1] INFO  segmented.SegmentedRaftLogWorker (SegmentedRaftLogWorker.java:lambda$new$0(128)) - 0eb142cf-b7a4-42cc-bedf-7b6b824b4e6a@group-2B2D3A74CDE4-SegmentedRaftLogWorker: flushIndex: setUnconditionally 0 -> -1
2019-10-15 21:19:38,097 [pool-27-thread-1] INFO  server.RaftServerConfigKeys (ConfUtils.java:logGet(43)) - raft.server.snapshot.auto.trigger.enabled = true (custom)
2019-10-15 21:19:38,097 [pool-27-thread-1] INFO  server.RaftServerConfigKeys (ConfUtils.java:logGet(43)) - raft.server.snapshot.auto.trigger.threshold = 10000 (custom)
2019-10-15 21:19:38,098 [pool-27-thread-1] INFO  server.RaftServerConfigKeys (ConfUtils.java:logGet(43)) - raft.server.snapshot.retention.file.num = 5 (custom)
2019-10-15 21:19:38,098 [pool-27-thread-1] INFO  server.RaftServerConfigKeys (ConfUtils.java:logGet(43)) - raft.server.retrycache.expirytime = 600000ms (custom)
2019-10-15 21:19:38,122 [pool-27-thread-1] INFO  impl.RaftServerImpl (RaftServerImpl.java:start(195)) - 0eb142cf-b7a4-42cc-bedf-7b6b824b4e6a@group-2B2D3A74CDE4: start as a follower, conf=-1: [0eb142cf-b7a4-42cc-bedf-7b6b824b4e6a:192.168.69.102:43792], old=null
2019-10-15 21:19:38,123 [pool-27-thread-1] INFO  impl.RaftServerImpl (RaftServerImpl.java:setRole(184)) - 0eb142cf-b7a4-42cc-bedf-7b6b824b4e6a@group-2B2D3A74CDE4: changes role from      null to FOLLOWER at term 0 for startAsFollower
2019-10-15 21:19:38,123 [pool-27-thread-1] INFO  impl.RoleInfo (RoleInfo.java:updateAndGet(143)) - 0eb142cf-b7a4-42cc-bedf-7b6b824b4e6a: start FollowerState
2019-10-15 21:19:38,125 [pool-27-thread-1] INFO  util.JmxRegister (JmxRegister.java:tryRegister(44)) - Successfully registered JMX Bean with object name Ratis:service=RaftServer,group=group-2B2D3A74CDE4,id=0eb142cf-b7a4-42cc-bedf-7b6b824b4e6a
2019-10-15 21:19:38,182 [RatisPipelineUtilsThread] INFO  pipeline.PipelineStateManager (PipelineStateManager.java:addPipeline(56)) - Created pipeline Pipeline[ Id: ec193929-9f28-4f45-8ccc-2b2d3a74cde4, Nodes: 0eb142cf-b7a4-42cc-bedf-7b6b824b4e6a{ip: 192.168.69.102, host: pr-hdds-2254-trunk-ddzgt-1485873308, networkLocation: /default-rack, certSerialId: null}, Type:RATIS, Factor:ONE, State:OPEN]
2019-10-15 21:19:38,197 [grpc-default-executor-0] INFO  impl.RaftServerProxy (RaftServerProxy.java:addNew(89)) - 47d72301-684e-48ba-af14-36fa0ba944f7: addNew group-0887ECF210A2:[47d72301-684e-48ba-af14-36fa0ba944f7:192.168.69.102:33903] returns group-0887ECF210A2:java.util.concurrent.CompletableFuture@1238eb27[Not completed]
2019-10-15 21:19:38,214 [pool-37-thread-1] INFO  impl.RaftServerImpl (RaftServerImpl.java:<init>(104)) - 47d72301-684e-48ba-af14-36fa0ba944f7: new RaftServerImpl for group-0887ECF210A2:[47d72301-684e-48ba-af14-36fa0ba944f7:192.168.69.102:33903] with ContainerStateMachine:uninitialized
2019-10-15 21:19:38,215 [pool-37-thread-1] INFO  server.RaftServerConfigKeys (ConfUtils.java:logGet(43)) - raft.server.rpc.timeout.min = 5s (custom)
2019-10-15 21:19:38,215 [pool-37-thread-1] INFO  server.RaftServerConfigKeys (ConfUtils.java:logGet(43)) - raft.server.rpc.timeout.max = 5200ms (custom)
2019-10-15 21:19:38,215 [pool-37-thread-1] INFO  server.RaftServerConfigKeys (ConfUtils.java:logGet(43)) - raft.server.rpcslowness.timeout = 1000s (custom)
2019-10-15 21:19:38,215 [pool-37-thread-1] INFO  server.RaftServerConfigKeys (ConfUtils.java:logGet(43)) - raft.server.sleep.deviation.threshold = 300 (default)
2019-10-15 21:19:38,215 [pool-37-thread-1] INFO  server.RaftServerConfigKeys (ConfUtils.java:logGet(43)) - raft.server.log.appender.install.snapshot.enabled = false (custom)
2019-10-15 21:19:38,215 [pool-37-thread-1] INFO  impl.RaftServerImpl (ServerState.java:<init>(103)) - 47d72301-684e-48ba-af14-36fa0ba944f7@group-0887ECF210A2: ConfigurationManager, init=-1: [47d72301-684e-48ba-af14-36fa0ba944f7:192.168.69.102:33903], old=null, confs=<EMPTY_MAP>
2019-10-15 21:19:38,216 [pool-37-thread-1] INFO  server.RaftServerConfigKeys (ConfUtils.java:logGet(43)) - raft.server.storage.dir = [/workdir/hadoop-ozone/integration-test/target/test-dir/MiniOzoneClusterImpl-7ec64718-fc6c-4bdc-a59e-2452df301b4b/datanode-1/data/ratis] (custom)
2019-10-15 21:19:38,216 [pool-37-thread-1] INFO  server.RaftServerConfigKeys (ConfUtils.java:logGet(43)) - raft.server.log.corruption.policy = EXCEPTION (default)
2019-10-15 21:19:38,216 [pool-37-thread-1] INFO  storage.RaftStorageDirectory (RaftStorageDirectory.java:analyzeStorage(246)) - The storage directory /workdir/hadoop-ozone/integration-test/target/test-dir/MiniOzoneClusterImpl-7ec64718-fc6c-4bdc-a59e-2452df301b4b/datanode-1/data/ratis/9665e72b-5bd5-4d6d-bb23-0887ecf210a2 does not exist. Creating ...
2019-10-15 21:19:38,245 [Thread-186] INFO  impl.FollowerState (FollowerState.java:run(108)) - 0eb142cf-b7a4-42cc-bedf-7b6b824b4e6a@group-2B2D3A74CDE4-FollowerState: change to CANDIDATE, lastRpcTime:121ms, electionTimeout:121ms
2019-10-15 21:19:38,247 [Thread-186] INFO  impl.RoleInfo (RoleInfo.java:shutdownFollowerState(121)) - 0eb142cf-b7a4-42cc-bedf-7b6b824b4e6a: shutdown FollowerState
2019-10-15 21:19:38,248 [Thread-186] INFO  impl.RaftServerImpl (RaftServerImpl.java:setRole(184)) - 0eb142cf-b7a4-42cc-bedf-7b6b824b4e6a@group-2B2D3A74CDE4: changes role from  FOLLOWER to CANDIDATE at term 0 for changeToCandidate
2019-10-15 21:19:38,251 [Thread-186] INFO  impl.RoleInfo (RoleInfo.java:updateAndGet(143)) - 0eb142cf-b7a4-42cc-bedf-7b6b824b4e6a: start LeaderElection
2019-10-15 21:19:38,253 [pool-37-thread-1] INFO  storage.RaftStorageDirectory (RaftStorageDirectory.java:tryLock(328)) - Lock on /workdir/hadoop-ozone/integration-test/target/test-dir/MiniOzoneClusterImpl-7ec64718-fc6c-4bdc-a59e-2452df301b4b/datanode-1/data/ratis/9665e72b-5bd5-4d6d-bb23-0887ecf210a2/in_use.lock acquired by nodename 19633@pr-hdds-2254-trunk-ddzgt-1485873308
2019-10-15 21:19:38,256 [0eb142cf-b7a4-42cc-bedf-7b6b824b4e6a@group-2B2D3A74CDE4-LeaderElection1] INFO  impl.LeaderElection (LeaderElection.java:askForVotes(178)) - 0eb142cf-b7a4-42cc-bedf-7b6b824b4e6a@group-2B2D3A74CDE4-LeaderElection1: begin an election at term 1 for -1: [0eb142cf-b7a4-42cc-bedf-7b6b824b4e6a:192.168.69.102:43792], old=null
2019-10-15 21:19:38,257 [0eb142cf-b7a4-42cc-bedf-7b6b824b4e6a@group-2B2D3A74CDE4-LeaderElection1] INFO  impl.RoleInfo (RoleInfo.java:shutdownLeaderElection(134)) - 0eb142cf-b7a4-42cc-bedf-7b6b824b4e6a: shutdown LeaderElection
2019-10-15 21:19:38,257 [0eb142cf-b7a4-42cc-bedf-7b6b824b4e6a@group-2B2D3A74CDE4-LeaderElection1] INFO  impl.RaftServerImpl (RaftServerImpl.java:setRole(184)) - 0eb142cf-b7a4-42cc-bedf-7b6b824b4e6a@group-2B2D3A74CDE4: changes role from CANDIDATE to LEADER at term 1 for changeToLeader
2019-10-15 21:19:38,257 [0eb142cf-b7a4-42cc-bedf-7b6b824b4e6a@group-2B2D3A74CDE4-LeaderElection1] INFO  impl.RaftServerImpl (ServerState.java:setLeader(256)) - 0eb142cf-b7a4-42cc-bedf-7b6b824b4e6a@group-2B2D3A74CDE4: change Leader from null to 0eb142cf-b7a4-42cc-bedf-7b6b824b4e6a at term 1 for becomeLeader, leader elected after 227ms
2019-10-15 21:19:38,261 [0eb142cf-b7a4-42cc-bedf-7b6b824b4e6a@group-2B2D3A74CDE4-LeaderElection1] INFO  server.RaftServerConfigKeys (ConfUtils.java:logGet(43)) - raft.server.staging.catchup.gap = 1000 (default)
2019-10-15 21:19:38,261 [0eb142cf-b7a4-42cc-bedf-7b6b824b4e6a@group-2B2D3A74CDE4-LeaderElection1] INFO  server.RaftServerConfigKeys (ConfUtils.java:logGet(43)) - raft.server.rpc.sleep.time = 25ms (default)
2019-10-15 21:19:38,264 [0eb142cf-b7a4-42cc-bedf-7b6b824b4e6a@group-2B2D3A74CDE4-LeaderElection1] INFO  server.RaftServerConfigKeys (ConfUtils.java:logGet(43)) - raft.server.write.element-limit = 4096 (default)
2019-10-15 21:19:38,266 [0eb142cf-b7a4-42cc-bedf-7b6b824b4e6a@group-2B2D3A74CDE4-LeaderElection1] INFO  server.RaftServerConfigKeys (ConfUtils.java:logGet(43)) - raft.server.watch.timeout = 10s (default)
2019-10-15 21:19:38,266 [0eb142cf-b7a4-42cc-bedf-7b6b824b4e6a@group-2B2D3A74CDE4-LeaderElection1] INFO  server.RaftServerConfigKeys (ConfUtils.java:logGet(43)) - raft.server.watch.timeout.denomination = 1s (default)
2019-10-15 21:19:38,267 [0eb142cf-b7a4-42cc-bedf-7b6b824b4e6a@group-2B2D3A74CDE4-LeaderElection1] INFO  server.RaftServerConfigKeys (ConfUtils.java:logGet(43)) - raft.server.watch.element-limit = 65536 (default)
2019-10-15 21:19:38,272 [pool-37-thread-1] INFO  storage.RaftStorage (RaftStorage.java:format(84)) - Storage directory /workdir/hadoop-ozone/integration-test/target/test-dir/MiniOzoneClusterImpl-7ec64718-fc6c-4bdc-a59e-2452df301b4b/datanode-1/data/ratis/9665e72b-5bd5-4d6d-bb23-0887ecf210a2 has been successfully formatted.
2019-10-15 21:19:38,273 [pool-37-thread-1] INFO  ratis.ContainerStateMachine (ContainerStateMachine.java:loadSnapshot(231)) - group-0887ECF210A2: The snapshot info is null. Setting the last applied indexto:(t:0, i:~)
2019-10-15 21:19:38,274 [pool-37-thread-1] INFO  server.RaftServerConfigKeys (ConfUtils.java:logGet(43)) - raft.server.notification.no-leader.timeout = 1000s (custom)
2019-10-15 21:19:38,274 [pool-37-thread-1] INFO  server.RaftServerConfigKeys (ConfUtils.java:logGet(43)) - raft.server.log.use.memory = false (default)
2019-10-15 21:19:38,274 [pool-37-thread-1] INFO  server.RaftServerConfigKeys (ConfUtils.java:logGet(43)) - raft.server.log.purge.gap = 1000000 (custom)
2019-10-15 21:19:38,274 [pool-37-thread-1] INFO  server.RaftServerConfigKeys (ConfUtils.java:logGet(43)) - raft.server.log.appender.buffer.byte-limit = 33554432 (custom)
2019-10-15 21:19:38,274 [pool-37-thread-1] INFO  server.RaftServerConfigKeys (ConfUtils.java:logGet(43)) - raft.server.log.segment.size.max = 1048576 (custom)
2019-10-15 21:19:38,295 [pool-37-thread-1] INFO  server.RaftServerConfigKeys (ConfUtils.java:logGet(43)) - raft.server.log.segment.cache.num.max = 2 (custom)
2019-10-15 21:19:38,295 [pool-37-thread-1] INFO  segmented.SegmentedRaftLogWorker (SegmentedRaftLogWorker.java:<init>(173)) - new 47d72301-684e-48ba-af14-36fa0ba944f7@group-0887ECF210A2-SegmentedRaftLogWorker for RaftStorage:Storage Directory /workdir/hadoop-ozone/integration-test/target/test-dir/MiniOzoneClusterImpl-7ec64718-fc6c-4bdc-a59e-2452df301b4b/datanode-1/data/ratis/9665e72b-5bd5-4d6d-bb23-0887ecf210a2
2019-10-15 21:19:38,296 [pool-37-thread-1] INFO  server.RaftServerConfigKeys (ConfUtils.java:logGet(43)) - raft.server.log.queue.byte-limit = 2147483647 (custom)
2019-10-15 21:19:38,297 [pool-37-thread-1] INFO  server.RaftServerConfigKeys (ConfUtils.java:logGet(43)) - raft.server.log.queue.element-limit = 1024 (custom)
2019-10-15 21:19:38,297 [0eb142cf-b7a4-42cc-bedf-7b6b824b4e6a@group-2B2D3A74CDE4-LeaderElection1] INFO  impl.RoleInfo (RoleInfo.java:updateAndGet(143)) - 0eb142cf-b7a4-42cc-bedf-7b6b824b4e6a: start LeaderState
2019-10-15 21:19:38,297 [pool-37-thread-1] INFO  server.RaftServerConfigKeys (ConfUtils.java:logGet(43)) - raft.server.log.segment.size.max = 1048576 (custom)
2019-10-15 21:19:38,297 [pool-37-thread-1] INFO  server.RaftServerConfigKeys (ConfUtils.java:logGet(43)) - raft.server.log.preallocated.size = 16384 (custom)
2019-10-15 21:19:38,297 [pool-37-thread-1] INFO  server.RaftServerConfigKeys (ConfUtils.java:logGet(43)) - raft.server.log.write.buffer.size = 33554432 (custom)
2019-10-15 21:19:38,297 [pool-37-thread-1] INFO  server.RaftServerConfigKeys (ConfUtils.java:logGet(43)) - raft.server.log.force.sync.num = 128 (default)
2019-10-15 21:19:38,297 [pool-37-thread-1] INFO  server.RaftServerConfigKeys (ConfUtils.java:logGet(43)) - raft.server.log.statemachine.data.sync = true (default)
2019-10-15 21:19:38,297 [pool-37-thread-1] INFO  server.RaftServerConfigKeys (ConfUtils.java:logGet(43)) - raft.server.log.statemachine.data.sync.timeout = 10s (default)
2019-10-15 21:19:38,297 [pool-37-thread-1] INFO  server.RaftServerConfigKeys (ConfUtils.java:logGet(43)) - raft.server.log.statemachine.data.sync.timeout.retry = -1 (default)
2019-10-15 21:19:38,298 [pool-37-thread-1] INFO  server.RaftServerConfigKeys (ConfUtils.java:logGet(43)) - raft.server.log.statemachine.data.caching.enabled = true (custom)
2019-10-15 21:19:38,298 [pool-37-thread-1] INFO  segmented.SegmentedRaftLogWorker (SegmentedRaftLogWorker.java:lambda$new$0(128)) - 47d72301-684e-48ba-af14-36fa0ba944f7@group-0887ECF210A2-SegmentedRaftLogWorker: flushIndex: setUnconditionally 0 -> -1
2019-10-15 21:19:38,299 [pool-37-thread-1] INFO  server.RaftServerConfigKeys (ConfUtils.java:logGet(43)) - raft.server.snapshot.auto.trigger.enabled = true (custom)
2019-10-15 21:19:38,299 [pool-37-thread-1] INFO  server.RaftServerConfigKeys (ConfUtils.java:logGet(43)) - raft.server.snapshot.auto.trigger.threshold = 10000 (custom)
2019-10-15 21:19:38,299 [pool-37-thread-1] INFO  server.RaftServerConfigKeys (ConfUtils.java:logGet(43)) - raft.server.snapshot.retention.file.num = 5 (custom)
2019-10-15 21:19:38,299 [pool-37-thread-1] INFO  server.RaftServerConfigKeys (ConfUtils.java:logGet(43)) - raft.server.retrycache.expirytime = 600000ms (custom)
2019-10-15 21:19:38,305 [pool-37-thread-1] INFO  impl.RaftServerImpl (RaftServerImpl.java:start(195)) - 47d72301-684e-48ba-af14-36fa0ba944f7@group-0887ECF210A2: start as a follower, conf=-1: [47d72301-684e-48ba-af14-36fa0ba944f7:192.168.69.102:33903], old=null
2019-10-15 21:19:38,305 [pool-37-thread-1] INFO  impl.RaftServerImpl (RaftServerImpl.java:setRole(184)) - 47d72301-684e-48ba-af14-36fa0ba944f7@group-0887ECF210A2: changes role from      null to FOLLOWER at term 0 for startAsFollower
2019-10-15 21:19:38,305 [pool-37-thread-1] INFO  impl.RoleInfo (RoleInfo.java:updateAndGet(143)) - 47d72301-684e-48ba-af14-36fa0ba944f7: start FollowerState
2019-10-15 21:19:38,306 [pool-37-thread-1] INFO  util.JmxRegister (JmxRegister.java:tryRegister(44)) - Successfully registered JMX Bean with object name Ratis:service=RaftServer,group=group-0887ECF210A2,id=47d72301-684e-48ba-af14-36fa0ba944f7
2019-10-15 21:19:38,314 [0eb142cf-b7a4-42cc-bedf-7b6b824b4e6a@group-2B2D3A74CDE4-LeaderElection1] INFO  segmented.SegmentedRaftLogWorker (SegmentedRaftLogWorker.java:startLogSegment(385)) - 0eb142cf-b7a4-42cc-bedf-7b6b824b4e6a@group-2B2D3A74CDE4-SegmentedRaftLogWorker: Starting segment from index:0
2019-10-15 21:19:38,317 [RatisPipelineUtilsThread] INFO  pipeline.PipelineStateManager (PipelineStateManager.java:addPipeline(56)) - Created pipeline Pipeline[ Id: 9665e72b-5bd5-4d6d-bb23-0887ecf210a2, Nodes: 47d72301-684e-48ba-af14-36fa0ba944f7{ip: 192.168.69.102, host: pr-hdds-2254-trunk-ddzgt-1485873308, networkLocation: /default-rack, certSerialId: null}, Type:RATIS, Factor:ONE, State:OPEN]
2019-10-15 21:19:38,324 [0eb142cf-b7a4-42cc-bedf-7b6b824b4e6a@group-2B2D3A74CDE4-LeaderElection1] INFO  impl.RaftServerImpl (ServerState.java:setRaftConf(357)) - 0eb142cf-b7a4-42cc-bedf-7b6b824b4e6a@group-2B2D3A74CDE4: set configuration 0: [0eb142cf-b7a4-42cc-bedf-7b6b824b4e6a:192.168.69.102:43792], old=null at 0
2019-10-15 21:19:38,330 [grpc-default-executor-0] INFO  impl.RaftServerProxy (RaftServerProxy.java:addNew(89)) - 436ea7cb-b08f-45a9-ac25-59983fb5da84: addNew group-470080A10795:[436ea7cb-b08f-45a9-ac25-59983fb5da84:192.168.69.102:32878] returns group-470080A10795:java.util.concurrent.CompletableFuture@369e6e89[Not completed]
2019-10-15 21:19:38,332 [pool-47-thread-1] INFO  impl.RaftServerImpl (RaftServerImpl.java:<init>(104)) - 436ea7cb-b08f-45a9-ac25-59983fb5da84: new RaftServerImpl for group-470080A10795:[436ea7cb-b08f-45a9-ac25-59983fb5da84:192.168.69.102:32878] with ContainerStateMachine:uninitialized
2019-10-15 21:19:38,333 [pool-47-thread-1] INFO  server.RaftServerConfigKeys (ConfUtils.java:logGet(43)) - raft.server.rpc.timeout.min = 5s (custom)
2019-10-15 21:19:38,333 [pool-47-thread-1] INFO  server.RaftServerConfigKeys (ConfUtils.java:logGet(43)) - raft.server.rpc.timeout.max = 5200ms (custom)
2019-10-15 21:19:38,333 [pool-47-thread-1] INFO  server.RaftServerConfigKeys (ConfUtils.java:logGet(43)) - raft.server.rpcslowness.timeout = 1000s (custom)
2019-10-15 21:19:38,333 [pool-47-thread-1] INFO  server.RaftServerConfigKeys (ConfUtils.java:logGet(43)) - raft.server.sleep.deviation.threshold = 300 (default)
2019-10-15 21:19:38,333 [pool-47-thread-1] INFO  server.RaftServerConfigKeys (ConfUtils.java:logGet(43)) - raft.server.log.appender.install.snapshot.enabled = false (custom)
2019-10-15 21:19:38,333 [pool-47-thread-1] INFO  impl.RaftServerImpl (ServerState.java:<init>(103)) - 436ea7cb-b08f-45a9-ac25-59983fb5da84@group-470080A10795: ConfigurationManager, init=-1: [436ea7cb-b08f-45a9-ac25-59983fb5da84:192.168.69.102:32878], old=null, confs=<EMPTY_MAP>
2019-10-15 21:19:38,333 [pool-47-thread-1] INFO  server.RaftServerConfigKeys (ConfUtils.java:logGet(43)) - raft.server.storage.dir = [/workdir/hadoop-ozone/integration-test/target/test-dir/MiniOzoneClusterImpl-7ec64718-fc6c-4bdc-a59e-2452df301b4b/datanode-2/data/ratis] (custom)
2019-10-15 21:19:38,333 [pool-47-thread-1] INFO  server.RaftServerConfigKeys (ConfUtils.java:logGet(43)) - raft.server.log.corruption.policy = EXCEPTION (default)
2019-10-15 21:19:38,334 [pool-47-thread-1] INFO  storage.RaftStorageDirectory (RaftStorageDirectory.java:analyzeStorage(246)) - The storage directory /workdir/hadoop-ozone/integration-test/target/test-dir/MiniOzoneClusterImpl-7ec64718-fc6c-4bdc-a59e-2452df301b4b/datanode-2/data/ratis/72cb23c4-d0e3-473f-b325-470080a10795 does not exist. Creating ...
2019-10-15 21:19:38,338 [Thread-191] INFO  impl.FollowerState (FollowerState.java:run(108)) - 47d72301-684e-48ba-af14-36fa0ba944f7@group-0887ECF210A2-FollowerState: change to CANDIDATE, lastRpcTime:32ms, electionTimeout:32ms
2019-10-15 21:19:38,338 [Thread-191] INFO  impl.RoleInfo (RoleInfo.java:shutdownFollowerState(121)) - 47d72301-684e-48ba-af14-36fa0ba944f7: shutdown FollowerState
2019-10-15 21:19:38,338 [Thread-191] INFO  impl.RaftServerImpl (RaftServerImpl.java:setRole(184)) - 47d72301-684e-48ba-af14-36fa0ba944f7@group-0887ECF210A2: changes role from  FOLLOWER to CANDIDATE at term 0 for changeToCandidate
2019-10-15 21:19:38,338 [Thread-191] INFO  impl.RoleInfo (RoleInfo.java:updateAndGet(143)) - 47d72301-684e-48ba-af14-36fa0ba944f7: start LeaderElection
2019-10-15 21:19:38,364 [pool-47-thread-1] INFO  storage.RaftStorageDirectory (RaftStorageDirectory.java:tryLock(328)) - Lock on /workdir/hadoop-ozone/integration-test/target/test-dir/MiniOzoneClusterImpl-7ec64718-fc6c-4bdc-a59e-2452df301b4b/datanode-2/data/ratis/72cb23c4-d0e3-473f-b325-470080a10795/in_use.lock acquired by nodename 19633@pr-hdds-2254-trunk-ddzgt-1485873308
2019-10-15 21:19:38,364 [47d72301-684e-48ba-af14-36fa0ba944f7@group-0887ECF210A2-LeaderElection2] INFO  impl.LeaderElection (LeaderElection.java:askForVotes(178)) - 47d72301-684e-48ba-af14-36fa0ba944f7@group-0887ECF210A2-LeaderElection2: begin an election at term 1 for -1: [47d72301-684e-48ba-af14-36fa0ba944f7:192.168.69.102:33903], old=null
2019-10-15 21:19:38,365 [47d72301-684e-48ba-af14-36fa0ba944f7@group-0887ECF210A2-LeaderElection2] INFO  impl.RoleInfo (RoleInfo.java:shutdownLeaderElection(134)) - 47d72301-684e-48ba-af14-36fa0ba944f7: shutdown LeaderElection
2019-10-15 21:19:38,365 [47d72301-684e-48ba-af14-36fa0ba944f7@group-0887ECF210A2-LeaderElection2] INFO  impl.RaftServerImpl (RaftServerImpl.java:setRole(184)) - 47d72301-684e-48ba-af14-36fa0ba944f7@group-0887ECF210A2: changes role from CANDIDATE to LEADER at term 1 for changeToLeader
2019-10-15 21:19:38,365 [47d72301-684e-48ba-af14-36fa0ba944f7@group-0887ECF210A2-LeaderElection2] INFO  impl.RaftServerImpl (ServerState.java:setLeader(256)) - 47d72301-684e-48ba-af14-36fa0ba944f7@group-0887ECF210A2: change Leader from null to 47d72301-684e-48ba-af14-36fa0ba944f7 at term 1 for becomeLeader, leader elected after 91ms
2019-10-15 21:19:38,365 [47d72301-684e-48ba-af14-36fa0ba944f7@group-0887ECF210A2-LeaderElection2] INFO  server.RaftServerConfigKeys (ConfUtils.java:logGet(43)) - raft.server.staging.catchup.gap = 1000 (default)
2019-10-15 21:19:38,365 [47d72301-684e-48ba-af14-36fa0ba944f7@group-0887ECF210A2-LeaderElection2] INFO  server.RaftServerConfigKeys (ConfUtils.java:logGet(43)) - raft.server.rpc.sleep.time = 25ms (default)
2019-10-15 21:19:38,366 [47d72301-684e-48ba-af14-36fa0ba944f7@group-0887ECF210A2-LeaderElection2] INFO  server.RaftServerConfigKeys (ConfUtils.java:logGet(43)) - raft.server.write.element-limit = 4096 (default)
2019-10-15 21:19:38,366 [47d72301-684e-48ba-af14-36fa0ba944f7@group-0887ECF210A2-LeaderElection2] INFO  server.RaftServerConfigKeys (ConfUtils.java:logGet(43)) - raft.server.watch.timeout = 10s (default)
2019-10-15 21:19:38,366 [47d72301-684e-48ba-af14-36fa0ba944f7@group-0887ECF210A2-LeaderElection2] INFO  server.RaftServerConfigKeys (ConfUtils.java:logGet(43)) - raft.server.watch.timeout.denomination = 1s (default)
2019-10-15 21:19:38,366 [47d72301-684e-48ba-af14-36fa0ba944f7@group-0887ECF210A2-LeaderElection2] INFO  server.RaftServerConfigKeys (ConfUtils.java:logGet(43)) - raft.server.watch.element-limit = 65536 (default)
2019-10-15 21:19:38,369 [pool-47-thread-1] INFO  storage.RaftStorage (RaftStorage.java:format(84)) - Storage directory /workdir/hadoop-ozone/integration-test/target/test-dir/MiniOzoneClusterImpl-7ec64718-fc6c-4bdc-a59e-2452df301b4b/datanode-2/data/ratis/72cb23c4-d0e3-473f-b325-470080a10795 has been successfully formatted.
2019-10-15 21:19:38,369 [pool-47-thread-1] INFO  ratis.ContainerStateMachine (ContainerStateMachine.java:loadSnapshot(231)) - group-470080A10795: The snapshot info is null. Setting the last applied indexto:(t:0, i:~)
2019-10-15 21:19:38,369 [pool-47-thread-1] INFO  server.RaftServerConfigKeys (ConfUtils.java:logGet(43)) - raft.server.notification.no-leader.timeout = 1000s (custom)
2019-10-15 21:19:38,369 [47d72301-684e-48ba-af14-36fa0ba944f7@group-0887ECF210A2-LeaderElection2] INFO  impl.RoleInfo (RoleInfo.java:updateAndGet(143)) - 47d72301-684e-48ba-af14-36fa0ba944f7: start LeaderState
2019-10-15 21:19:38,369 [pool-47-thread-1] INFO  server.RaftServerConfigKeys (ConfUtils.java:logGet(43)) - raft.server.log.use.memory = false (default)
2019-10-15 21:19:38,370 [pool-47-thread-1] INFO  server.RaftServerConfigKeys (ConfUtils.java:logGet(43)) - raft.server.log.purge.gap = 1000000 (custom)
2019-10-15 21:19:38,370 [pool-47-thread-1] INFO  server.RaftServerConfigKeys (ConfUtils.java:logGet(43)) - raft.server.log.appender.buffer.byte-limit = 33554432 (custom)
2019-10-15 21:19:38,370 [47d72301-684e-48ba-af14-36fa0ba944f7@group-0887ECF210A2-LeaderElection2] INFO  segmented.SegmentedRaftLogWorker (SegmentedRaftLogWorker.java:startLogSegment(385)) - 47d72301-684e-48ba-af14-36fa0ba944f7@group-0887ECF210A2-SegmentedRaftLogWorker: Starting segment from index:0
2019-10-15 21:19:38,370 [pool-47-thread-1] INFO  server.RaftServerConfigKeys (ConfUtils.java:logGet(43)) - raft.server.log.segment.size.max = 1048576 (custom)
2019-10-15 21:19:38,370 [47d72301-684e-48ba-af14-36fa0ba944f7@group-0887ECF210A2-LeaderElection2] INFO  impl.RaftServerImpl (ServerState.java:setRaftConf(357)) - 47d72301-684e-48ba-af14-36fa0ba944f7@group-0887ECF210A2: set configuration 0: [47d72301-684e-48ba-af14-36fa0ba944f7:192.168.69.102:33903], old=null at 0
2019-10-15 21:19:38,373 [pool-47-thread-1] INFO  server.RaftServerConfigKeys (ConfUtils.java:logGet(43)) - raft.server.log.segment.cache.num.max = 2 (custom)
2019-10-15 21:19:38,373 [pool-47-thread-1] INFO  segmented.SegmentedRaftLogWorker (SegmentedRaftLogWorker.java:<init>(173)) - new 436ea7cb-b08f-45a9-ac25-59983fb5da84@group-470080A10795-SegmentedRaftLogWorker for RaftStorage:Storage Directory /workdir/hadoop-ozone/integration-test/target/test-dir/MiniOzoneClusterImpl-7ec64718-fc6c-4bdc-a59e-2452df301b4b/datanode-2/data/ratis/72cb23c4-d0e3-473f-b325-470080a10795
2019-10-15 21:19:38,373 [pool-47-thread-1] INFO  server.RaftServerConfigKeys (ConfUtils.java:logGet(43)) - raft.server.log.queue.byte-limit = 2147483647 (custom)
2019-10-15 21:19:38,373 [pool-47-thread-1] INFO  server.RaftServerConfigKeys (ConfUtils.java:logGet(43)) - raft.server.log.queue.element-limit = 1024 (custom)
2019-10-15 21:19:38,373 [pool-47-thread-1] INFO  server.RaftServerConfigKeys (ConfUtils.java:logGet(43)) - raft.server.log.segment.size.max = 1048576 (custom)
2019-10-15 21:19:38,373 [pool-47-thread-1] INFO  server.RaftServerConfigKeys (ConfUtils.java:logGet(43)) - raft.server.log.preallocated.size = 16384 (custom)
2019-10-15 21:19:38,374 [pool-47-thread-1] INFO  server.RaftServerConfigKeys (ConfUtils.java:logGet(43)) - raft.server.log.write.buffer.size = 33554432 (custom)
2019-10-15 21:19:38,374 [pool-47-thread-1] INFO  server.RaftServerConfigKeys (ConfUtils.java:logGet(43)) - raft.server.log.force.sync.num = 128 (default)
2019-10-15 21:19:38,374 [pool-47-thread-1] INFO  server.RaftServerConfigKeys (ConfUtils.java:logGet(43)) - raft.server.log.statemachine.data.sync = true (default)
2019-10-15 21:19:38,374 [pool-47-thread-1] INFO  server.RaftServerConfigKeys (ConfUtils.java:logGet(43)) - raft.server.log.statemachine.data.sync.timeout = 10s (default)
2019-10-15 21:19:38,374 [pool-47-thread-1] INFO  server.RaftServerConfigKeys (ConfUtils.java:logGet(43)) - raft.server.log.statemachine.data.sync.timeout.retry = -1 (default)
2019-10-15 21:19:38,375 [pool-47-thread-1] INFO  server.RaftServerConfigKeys (ConfUtils.java:logGet(43)) - raft.server.log.statemachine.data.caching.enabled = true (custom)
2019-10-15 21:19:38,375 [pool-47-thread-1] INFO  segmented.SegmentedRaftLogWorker (SegmentedRaftLogWorker.java:lambda$new$0(128)) - 436ea7cb-b08f-45a9-ac25-59983fb5da84@group-470080A10795-SegmentedRaftLogWorker: flushIndex: setUnconditionally 0 -> -1
2019-10-15 21:19:38,375 [pool-47-thread-1] INFO  server.RaftServerConfigKeys (ConfUtils.java:logGet(43)) - raft.server.snapshot.auto.trigger.enabled = true (custom)
2019-10-15 21:19:38,375 [pool-47-thread-1] INFO  server.RaftServerConfigKeys (ConfUtils.java:logGet(43)) - raft.server.snapshot.auto.trigger.threshold = 10000 (custom)
2019-10-15 21:19:38,375 [pool-47-thread-1] INFO  server.RaftServerConfigKeys (ConfUtils.java:logGet(43)) - raft.server.snapshot.retention.file.num = 5 (custom)
2019-10-15 21:19:38,376 [pool-47-thread-1] INFO  server.RaftServerConfigKeys (ConfUtils.java:logGet(43)) - raft.server.retrycache.expirytime = 600000ms (custom)
2019-10-15 21:19:38,380 [pool-47-thread-1] INFO  impl.RaftServerImpl (RaftServerImpl.java:start(195)) - 436ea7cb-b08f-45a9-ac25-59983fb5da84@group-470080A10795: start as a follower, conf=-1: [436ea7cb-b08f-45a9-ac25-59983fb5da84:192.168.69.102:32878], old=null
2019-10-15 21:19:38,380 [pool-47-thread-1] INFO  impl.RaftServerImpl (RaftServerImpl.java:setRole(184)) - 436ea7cb-b08f-45a9-ac25-59983fb5da84@group-470080A10795: changes role from      null to FOLLOWER at term 0 for startAsFollower
2019-10-15 21:19:38,380 [pool-47-thread-1] INFO  impl.RoleInfo (RoleInfo.java:updateAndGet(143)) - 436ea7cb-b08f-45a9-ac25-59983fb5da84: start FollowerState
2019-10-15 21:19:38,380 [pool-47-thread-1] INFO  util.JmxRegister (JmxRegister.java:tryRegister(44)) - Successfully registered JMX Bean with object name Ratis:service=RaftServer,group=group-470080A10795,id=436ea7cb-b08f-45a9-ac25-59983fb5da84
2019-10-15 21:19:38,389 [RatisPipelineUtilsThread] INFO  pipeline.PipelineStateManager (PipelineStateManager.java:addPipeline(56)) - Created pipeline Pipeline[ Id: 72cb23c4-d0e3-473f-b325-470080a10795, Nodes: 436ea7cb-b08f-45a9-ac25-59983fb5da84{ip: 192.168.69.102, host: pr-hdds-2254-trunk-ddzgt-1485873308, networkLocation: /default-rack, certSerialId: null}, Type:RATIS, Factor:ONE, State:OPEN]
2019-10-15 21:19:38,412 [grpc-default-executor-2] INFO  impl.RaftServerProxy (RaftServerProxy.java:addNew(89)) - 47d72301-684e-48ba-af14-36fa0ba944f7: addNew group-1135523AB2CE:[436ea7cb-b08f-45a9-ac25-59983fb5da84:192.168.69.102:32878, 0eb142cf-b7a4-42cc-bedf-7b6b824b4e6a:192.168.69.102:43792, 47d72301-684e-48ba-af14-36fa0ba944f7:192.168.69.102:33903] returns group-1135523AB2CE:java.util.concurrent.CompletableFuture@275580c2[Not completed]
2019-10-15 21:19:38,412 [grpc-default-executor-0] INFO  impl.RaftServerProxy (RaftServerProxy.java:addNew(89)) - 436ea7cb-b08f-45a9-ac25-59983fb5da84: addNew group-1135523AB2CE:[436ea7cb-b08f-45a9-ac25-59983fb5da84:192.168.69.102:32878, 0eb142cf-b7a4-42cc-bedf-7b6b824b4e6a:192.168.69.102:43792, 47d72301-684e-48ba-af14-36fa0ba944f7:192.168.69.102:33903] returns group-1135523AB2CE:java.util.concurrent.CompletableFuture@72bda37f[Not completed]
2019-10-15 21:19:38,413 [grpc-default-executor-1] INFO  impl.RaftServerProxy (RaftServerProxy.java:addNew(89)) - 0eb142cf-b7a4-42cc-bedf-7b6b824b4e6a: addNew group-1135523AB2CE:[436ea7cb-b08f-45a9-ac25-59983fb5da84:192.168.69.102:32878, 0eb142cf-b7a4-42cc-bedf-7b6b824b4e6a:192.168.69.102:43792, 47d72301-684e-48ba-af14-36fa0ba944f7:192.168.69.102:33903] returns group-1135523AB2CE:java.util.concurrent.CompletableFuture@22a49f22[Not completed]
2019-10-15 21:19:38,414 [pool-37-thread-1] INFO  impl.RaftServerImpl (RaftServerImpl.java:<init>(104)) - 47d72301-684e-48ba-af14-36fa0ba944f7: new RaftServerImpl for group-1135523AB2CE:[436ea7cb-b08f-45a9-ac25-59983fb5da84:192.168.69.102:32878, 0eb142cf-b7a4-42cc-bedf-7b6b824b4e6a:192.168.69.102:43792, 47d72301-684e-48ba-af14-36fa0ba944f7:192.168.69.102:33903] with ContainerStateMachine:uninitialized
2019-10-15 21:19:38,414 [pool-37-thread-1] INFO  server.RaftServerConfigKeys (ConfUtils.java:logGet(43)) - raft.server.rpc.timeout.min = 5s (custom)
2019-10-15 21:19:38,414 [pool-37-thread-1] INFO  server.RaftServerConfigKeys (ConfUtils.java:logGet(43)) - raft.server.rpc.timeout.max = 5200ms (custom)
2019-10-15 21:19:38,414 [pool-37-thread-1] INFO  server.RaftServerConfigKeys (ConfUtils.java:logGet(43)) - raft.server.rpcslowness.timeout = 1000s (custom)
2019-10-15 21:19:38,414 [pool-37-thread-1] INFO  server.RaftServerConfigKeys (ConfUtils.java:logGet(43)) - raft.server.sleep.deviation.threshold = 300 (default)
2019-10-15 21:19:38,414 [pool-37-thread-1] INFO  server.RaftServerConfigKeys (ConfUtils.java:logGet(43)) - raft.server.log.appender.install.snapshot.enabled = false (custom)
2019-10-15 21:19:38,414 [pool-27-thread-1] INFO  impl.RaftServerImpl (RaftServerImpl.java:<init>(104)) - 0eb142cf-b7a4-42cc-bedf-7b6b824b4e6a: new RaftServerImpl for group-1135523AB2CE:[436ea7cb-b08f-45a9-ac25-59983fb5da84:192.168.69.102:32878, 0eb142cf-b7a4-42cc-bedf-7b6b824b4e6a:192.168.69.102:43792, 47d72301-684e-48ba-af14-36fa0ba944f7:192.168.69.102:33903] with ContainerStateMachine:uninitialized
2019-10-15 21:19:38,415 [pool-37-thread-1] INFO  impl.RaftServerImpl (ServerState.java:<init>(103)) - 47d72301-684e-48ba-af14-36fa0ba944f7@group-1135523AB2CE: ConfigurationManager, init=-1: [436ea7cb-b08f-45a9-ac25-59983fb5da84:192.168.69.102:32878, 0eb142cf-b7a4-42cc-bedf-7b6b824b4e6a:192.168.69.102:43792, 47d72301-684e-48ba-af14-36fa0ba944f7:192.168.69.102:33903], old=null, confs=<EMPTY_MAP>
2019-10-15 21:19:38,415 [pool-27-thread-1] INFO  server.RaftServerConfigKeys (ConfUtils.java:logGet(43)) - raft.server.rpc.timeout.min = 5s (custom)
2019-10-15 21:19:38,415 [pool-37-thread-1] INFO  server.RaftServerConfigKeys (ConfUtils.java:logGet(43)) - raft.server.storage.dir = [/workdir/hadoop-ozone/integration-test/target/test-dir/MiniOzoneClusterImpl-7ec64718-fc6c-4bdc-a59e-2452df301b4b/datanode-1/data/ratis] (custom)
2019-10-15 21:19:38,415 [pool-27-thread-1] INFO  server.RaftServerConfigKeys (ConfUtils.java:logGet(43)) - raft.server.rpc.timeout.max = 5200ms (custom)
2019-10-15 21:19:38,415 [pool-27-thread-1] INFO  server.RaftServerConfigKeys (ConfUtils.java:logGet(43)) - raft.server.rpcslowness.timeout = 1000s (custom)
2019-10-15 21:19:38,415 [pool-37-thread-1] INFO  server.RaftServerConfigKeys (ConfUtils.java:logGet(43)) - raft.server.log.corruption.policy = EXCEPTION (default)
2019-10-15 21:19:38,415 [pool-27-thread-1] INFO  server.RaftServerConfigKeys (ConfUtils.java:logGet(43)) - raft.server.sleep.deviation.threshold = 300 (default)
2019-10-15 21:19:38,415 [pool-47-thread-1] INFO  impl.RaftServerImpl (RaftServerImpl.java:<init>(104)) - 436ea7cb-b08f-45a9-ac25-59983fb5da84: new RaftServerImpl for group-1135523AB2CE:[436ea7cb-b08f-45a9-ac25-59983fb5da84:192.168.69.102:32878, 0eb142cf-b7a4-42cc-bedf-7b6b824b4e6a:192.168.69.102:43792, 47d72301-684e-48ba-af14-36fa0ba944f7:192.168.69.102:33903] with ContainerStateMachine:uninitialized
2019-10-15 21:19:38,415 [pool-27-thread-1] INFO  server.RaftServerConfigKeys (ConfUtils.java:logGet(43)) - raft.server.log.appender.install.snapshot.enabled = false (custom)
2019-10-15 21:19:38,415 [pool-37-thread-1] INFO  storage.RaftStorageDirectory (RaftStorageDirectory.java:analyzeStorage(246)) - The storage directory /workdir/hadoop-ozone/integration-test/target/test-dir/MiniOzoneClusterImpl-7ec64718-fc6c-4bdc-a59e-2452df301b4b/datanode-1/data/ratis/2edbc878-18e2-43a0-b08d-1135523ab2ce does not exist. Creating ...
2019-10-15 21:19:38,416 [pool-27-thread-1] INFO  impl.RaftServerImpl (ServerState.java:<init>(103)) - 0eb142cf-b7a4-42cc-bedf-7b6b824b4e6a@group-1135523AB2CE: ConfigurationManager, init=-1: [436ea7cb-b08f-45a9-ac25-59983fb5da84:192.168.69.102:32878, 0eb142cf-b7a4-42cc-bedf-7b6b824b4e6a:192.168.69.102:43792, 47d72301-684e-48ba-af14-36fa0ba944f7:192.168.69.102:33903], old=null, confs=<EMPTY_MAP>
2019-10-15 21:19:38,416 [pool-47-thread-1] INFO  server.RaftServerConfigKeys (ConfUtils.java:logGet(43)) - raft.server.rpc.timeout.min = 5s (custom)
2019-10-15 21:19:38,416 [pool-27-thread-1] INFO  server.RaftServerConfigKeys (ConfUtils.java:logGet(43)) - raft.server.storage.dir = [/workdir/hadoop-ozone/integration-test/target/test-dir/MiniOzoneClusterImpl-7ec64718-fc6c-4bdc-a59e-2452df301b4b/datanode-0/data/ratis] (custom)
2019-10-15 21:19:38,416 [pool-47-thread-1] INFO  server.RaftServerConfigKeys (ConfUtils.java:logGet(43)) - raft.server.rpc.timeout.max = 5200ms (custom)
2019-10-15 21:19:38,416 [pool-27-thread-1] INFO  server.RaftServerConfigKeys (ConfUtils.java:logGet(43)) - raft.server.log.corruption.policy = EXCEPTION (default)
2019-10-15 21:19:38,416 [pool-47-thread-1] INFO  server.RaftServerConfigKeys (ConfUtils.java:logGet(43)) - raft.server.rpcslowness.timeout = 1000s (custom)
2019-10-15 21:19:38,416 [pool-27-thread-1] INFO  storage.RaftStorageDirectory (RaftStorageDirectory.java:analyzeStorage(246)) - The storage directory /workdir/hadoop-ozone/integration-test/target/test-dir/MiniOzoneClusterImpl-7ec64718-fc6c-4bdc-a59e-2452df301b4b/datanode-0/data/ratis/2edbc878-18e2-43a0-b08d-1135523ab2ce does not exist. Creating ...
2019-10-15 21:19:38,417 [pool-47-thread-1] INFO  server.RaftServerConfigKeys (ConfUtils.java:logGet(43)) - raft.server.sleep.deviation.threshold = 300 (default)
2019-10-15 21:19:38,417 [pool-47-thread-1] INFO  server.RaftServerConfigKeys (ConfUtils.java:logGet(43)) - raft.server.log.appender.install.snapshot.enabled = false (custom)
2019-10-15 21:19:38,417 [pool-47-thread-1] INFO  impl.RaftServerImpl (ServerState.java:<init>(103)) - 436ea7cb-b08f-45a9-ac25-59983fb5da84@group-1135523AB2CE: ConfigurationManager, init=-1: [436ea7cb-b08f-45a9-ac25-59983fb5da84:192.168.69.102:32878, 0eb142cf-b7a4-42cc-bedf-7b6b824b4e6a:192.168.69.102:43792, 47d72301-684e-48ba-af14-36fa0ba944f7:192.168.69.102:33903], old=null, confs=<EMPTY_MAP>
2019-10-15 21:19:38,417 [pool-47-thread-1] INFO  server.RaftServerConfigKeys (ConfUtils.java:logGet(43)) - raft.server.storage.dir = [/workdir/hadoop-ozone/integration-test/target/test-dir/MiniOzoneClusterImpl-7ec64718-fc6c-4bdc-a59e-2452df301b4b/datanode-2/data/ratis] (custom)
2019-10-15 21:19:38,417 [pool-47-thread-1] INFO  server.RaftServerConfigKeys (ConfUtils.java:logGet(43)) - raft.server.log.corruption.policy = EXCEPTION (default)
2019-10-15 21:19:38,417 [pool-47-thread-1] INFO  storage.RaftStorageDirectory (RaftStorageDirectory.java:analyzeStorage(246)) - The storage directory /workdir/hadoop-ozone/integration-test/target/test-dir/MiniOzoneClusterImpl-7ec64718-fc6c-4bdc-a59e-2452df301b4b/datanode-2/data/ratis/2edbc878-18e2-43a0-b08d-1135523ab2ce does not exist. Creating ...
2019-10-15 21:19:38,433 [pool-37-thread-1] INFO  storage.RaftStorageDirectory (RaftStorageDirectory.java:tryLock(328)) - Lock on /workdir/hadoop-ozone/integration-test/target/test-dir/MiniOzoneClusterImpl-7ec64718-fc6c-4bdc-a59e-2452df301b4b/datanode-1/data/ratis/2edbc878-18e2-43a0-b08d-1135523ab2ce/in_use.lock acquired by nodename 19633@pr-hdds-2254-trunk-ddzgt-1485873308
2019-10-15 21:19:38,435 [pool-27-thread-1] INFO  storage.RaftStorageDirectory (RaftStorageDirectory.java:tryLock(328)) - Lock on /workdir/hadoop-ozone/integration-test/target/test-dir/MiniOzoneClusterImpl-7ec64718-fc6c-4bdc-a59e-2452df301b4b/datanode-0/data/ratis/2edbc878-18e2-43a0-b08d-1135523ab2ce/in_use.lock acquired by nodename 19633@pr-hdds-2254-trunk-ddzgt-1485873308
2019-10-15 21:19:38,435 [pool-47-thread-1] INFO  storage.RaftStorageDirectory (RaftStorageDirectory.java:tryLock(328)) - Lock on /workdir/hadoop-ozone/integration-test/target/test-dir/MiniOzoneClusterImpl-7ec64718-fc6c-4bdc-a59e-2452df301b4b/datanode-2/data/ratis/2edbc878-18e2-43a0-b08d-1135523ab2ce/in_use.lock acquired by nodename 19633@pr-hdds-2254-trunk-ddzgt-1485873308
2019-10-15 21:19:38,438 [pool-37-thread-1] INFO  storage.RaftStorage (RaftStorage.java:format(84)) - Storage directory /workdir/hadoop-ozone/integration-test/target/test-dir/MiniOzoneClusterImpl-7ec64718-fc6c-4bdc-a59e-2452df301b4b/datanode-1/data/ratis/2edbc878-18e2-43a0-b08d-1135523ab2ce has been successfully formatted.
2019-10-15 21:19:38,438 [pool-27-thread-1] INFO  storage.RaftStorage (RaftStorage.java:format(84)) - Storage directory /workdir/hadoop-ozone/integration-test/target/test-dir/MiniOzoneClusterImpl-7ec64718-fc6c-4bdc-a59e-2452df301b4b/datanode-0/data/ratis/2edbc878-18e2-43a0-b08d-1135523ab2ce has been successfully formatted.
2019-10-15 21:19:38,438 [pool-37-thread-1] INFO  ratis.ContainerStateMachine (ContainerStateMachine.java:loadSnapshot(231)) - group-1135523AB2CE: The snapshot info is null. Setting the last applied indexto:(t:0, i:~)
2019-10-15 21:19:38,438 [pool-27-thread-1] INFO  ratis.ContainerStateMachine (ContainerStateMachine.java:loadSnapshot(231)) - group-1135523AB2CE: The snapshot info is null. Setting the last applied indexto:(t:0, i:~)
2019-10-15 21:19:38,438 [pool-37-thread-1] INFO  server.RaftServerConfigKeys (ConfUtils.java:logGet(43)) - raft.server.notification.no-leader.timeout = 1000s (custom)
2019-10-15 21:19:38,438 [pool-27-thread-1] INFO  server.RaftServerConfigKeys (ConfUtils.java:logGet(43)) - raft.server.notification.no-leader.timeout = 1000s (custom)
2019-10-15 21:19:38,439 [pool-37-thread-1] INFO  server.RaftServerConfigKeys (ConfUtils.java:logGet(43)) - raft.server.log.use.memory = false (default)
2019-10-15 21:19:38,439 [pool-27-thread-1] INFO  server.RaftServerConfigKeys (ConfUtils.java:logGet(43)) - raft.server.log.use.memory = false (default)
2019-10-15 21:19:38,439 [pool-37-thread-1] INFO  server.RaftServerConfigKeys (ConfUtils.java:logGet(43)) - raft.server.log.purge.gap = 1000000 (custom)
2019-10-15 21:19:38,439 [pool-27-thread-1] INFO  server.RaftServerConfigKeys (ConfUtils.java:logGet(43)) - raft.server.log.purge.gap = 1000000 (custom)
2019-10-15 21:19:38,439 [pool-37-thread-1] INFO  server.RaftServerConfigKeys (ConfUtils.java:logGet(43)) - raft.server.log.appender.buffer.byte-limit = 33554432 (custom)
2019-10-15 21:19:38,439 [pool-27-thread-1] INFO  server.RaftServerConfigKeys (ConfUtils.java:logGet(43)) - raft.server.log.appender.buffer.byte-limit = 33554432 (custom)
2019-10-15 21:19:38,439 [pool-37-thread-1] INFO  server.RaftServerConfigKeys (ConfUtils.java:logGet(43)) - raft.server.log.segment.size.max = 1048576 (custom)
2019-10-15 21:19:38,439 [pool-27-thread-1] INFO  server.RaftServerConfigKeys (ConfUtils.java:logGet(43)) - raft.server.log.segment.size.max = 1048576 (custom)
2019-10-15 21:19:38,439 [pool-37-thread-1] INFO  server.RaftServerConfigKeys (ConfUtils.java:logGet(43)) - raft.server.log.segment.cache.num.max = 2 (custom)
2019-10-15 21:19:38,439 [pool-27-thread-1] INFO  server.RaftServerConfigKeys (ConfUtils.java:logGet(43)) - raft.server.log.segment.cache.num.max = 2 (custom)
2019-10-15 21:19:38,439 [pool-37-thread-1] INFO  segmented.SegmentedRaftLogWorker (SegmentedRaftLogWorker.java:<init>(173)) - new 47d72301-684e-48ba-af14-36fa0ba944f7@group-1135523AB2CE-SegmentedRaftLogWorker for RaftStorage:Storage Directory /workdir/hadoop-ozone/integration-test/target/test-dir/MiniOzoneClusterImpl-7ec64718-fc6c-4bdc-a59e-2452df301b4b/datanode-1/data/ratis/2edbc878-18e2-43a0-b08d-1135523ab2ce
2019-10-15 21:19:38,439 [pool-27-thread-1] INFO  segmented.SegmentedRaftLogWorker (SegmentedRaftLogWorker.java:<init>(173)) - new 0eb142cf-b7a4-42cc-bedf-7b6b824b4e6a@group-1135523AB2CE-SegmentedRaftLogWorker for RaftStorage:Storage Directory /workdir/hadoop-ozone/integration-test/target/test-dir/MiniOzoneClusterImpl-7ec64718-fc6c-4bdc-a59e-2452df301b4b/datanode-0/data/ratis/2edbc878-18e2-43a0-b08d-1135523ab2ce
2019-10-15 21:19:38,440 [pool-37-thread-1] INFO  server.RaftServerConfigKeys (ConfUtils.java:logGet(43)) - raft.server.log.queue.byte-limit = 2147483647 (custom)
2019-10-15 21:19:38,440 [pool-27-thread-1] INFO  server.RaftServerConfigKeys (ConfUtils.java:logGet(43)) - raft.server.log.queue.byte-limit = 2147483647 (custom)
2019-10-15 21:19:38,440 [pool-37-thread-1] INFO  server.RaftServerConfigKeys (ConfUtils.java:logGet(43)) - raft.server.log.queue.element-limit = 1024 (custom)
2019-10-15 21:19:38,440 [pool-27-thread-1] INFO  server.RaftServerConfigKeys (ConfUtils.java:logGet(43)) - raft.server.log.queue.element-limit = 1024 (custom)
2019-10-15 21:19:38,440 [pool-37-thread-1] INFO  server.RaftServerConfigKeys (ConfUtils.java:logGet(43)) - raft.server.log.segment.size.max = 1048576 (custom)
2019-10-15 21:19:38,440 [pool-27-thread-1] INFO  server.RaftServerConfigKeys (ConfUtils.java:logGet(43)) - raft.server.log.segment.size.max = 1048576 (custom)
2019-10-15 21:19:38,440 [pool-37-thread-1] INFO  server.RaftServerConfigKeys (ConfUtils.java:logGet(43)) - raft.server.log.preallocated.size = 16384 (custom)
2019-10-15 21:19:38,440 [pool-27-thread-1] INFO  server.RaftServerConfigKeys (ConfUtils.java:logGet(43)) - raft.server.log.preallocated.size = 16384 (custom)
2019-10-15 21:19:38,440 [pool-37-thread-1] INFO  server.RaftServerConfigKeys (ConfUtils.java:logGet(43)) - raft.server.log.write.buffer.size = 33554432 (custom)
2019-10-15 21:19:38,440 [pool-27-thread-1] INFO  server.RaftServerConfigKeys (ConfUtils.java:logGet(43)) - raft.server.log.write.buffer.size = 33554432 (custom)
2019-10-15 21:19:38,440 [pool-37-thread-1] INFO  server.RaftServerConfigKeys (ConfUtils.java:logGet(43)) - raft.server.log.force.sync.num = 128 (default)
2019-10-15 21:19:38,440 [pool-27-thread-1] INFO  server.RaftServerConfigKeys (ConfUtils.java:logGet(43)) - raft.server.log.force.sync.num = 128 (default)
2019-10-15 21:19:38,441 [pool-37-thread-1] INFO  server.RaftServerConfigKeys (ConfUtils.java:logGet(43)) - raft.server.log.statemachine.data.sync = true (default)
2019-10-15 21:19:38,441 [pool-27-thread-1] INFO  server.RaftServerConfigKeys (ConfUtils.java:logGet(43)) - raft.server.log.statemachine.data.sync = true (default)
2019-10-15 21:19:38,441 [pool-37-thread-1] INFO  server.RaftServerConfigKeys (ConfUtils.java:logGet(43)) - raft.server.log.statemachine.data.sync.timeout = 10s (default)
2019-10-15 21:19:38,441 [pool-27-thread-1] INFO  server.RaftServerConfigKeys (ConfUtils.java:logGet(43)) - raft.server.log.statemachine.data.sync.timeout = 10s (default)
2019-10-15 21:19:38,441 [pool-37-thread-1] INFO  server.RaftServerConfigKeys (ConfUtils.java:logGet(43)) - raft.server.log.statemachine.data.sync.timeout.retry = -1 (default)
2019-10-15 21:19:38,441 [pool-27-thread-1] INFO  server.RaftServerConfigKeys (ConfUtils.java:logGet(43)) - raft.server.log.statemachine.data.sync.timeout.retry = -1 (default)
2019-10-15 21:19:38,441 [pool-37-thread-1] INFO  server.RaftServerConfigKeys (ConfUtils.java:logGet(43)) - raft.server.log.statemachine.data.caching.enabled = true (custom)
2019-10-15 21:19:38,441 [pool-27-thread-1] INFO  server.RaftServerConfigKeys (ConfUtils.java:logGet(43)) - raft.server.log.statemachine.data.caching.enabled = true (custom)
2019-10-15 21:19:38,441 [pool-37-thread-1] INFO  segmented.SegmentedRaftLogWorker (SegmentedRaftLogWorker.java:lambda$new$0(128)) - 47d72301-684e-48ba-af14-36fa0ba944f7@group-1135523AB2CE-SegmentedRaftLogWorker: flushIndex: setUnconditionally 0 -> -1
2019-10-15 21:19:38,441 [pool-27-thread-1] INFO  segmented.SegmentedRaftLogWorker (SegmentedRaftLogWorker.java:lambda$new$0(128)) - 0eb142cf-b7a4-42cc-bedf-7b6b824b4e6a@group-1135523AB2CE-SegmentedRaftLogWorker: flushIndex: setUnconditionally 0 -> -1
2019-10-15 21:19:38,442 [pool-47-thread-1] INFO  storage.RaftStorage (RaftStorage.java:format(84)) - Storage directory /workdir/hadoop-ozone/integration-test/target/test-dir/MiniOzoneClusterImpl-7ec64718-fc6c-4bdc-a59e-2452df301b4b/datanode-2/data/ratis/2edbc878-18e2-43a0-b08d-1135523ab2ce has been successfully formatted.
2019-10-15 21:19:38,442 [pool-37-thread-1] INFO  server.RaftServerConfigKeys (ConfUtils.java:logGet(43)) - raft.server.snapshot.auto.trigger.enabled = true (custom)
2019-10-15 21:19:38,442 [pool-47-thread-1] INFO  ratis.ContainerStateMachine (ContainerStateMachine.java:loadSnapshot(231)) - group-1135523AB2CE: The snapshot info is null. Setting the last applied indexto:(t:0, i:~)
2019-10-15 21:19:38,442 [pool-27-thread-1] INFO  server.RaftServerConfigKeys (ConfUtils.java:logGet(43)) - raft.server.snapshot.auto.trigger.enabled = true (custom)
2019-10-15 21:19:38,442 [pool-47-thread-1] INFO  server.RaftServerConfigKeys (ConfUtils.java:logGet(43)) - raft.server.notification.no-leader.timeout = 1000s (custom)
2019-10-15 21:19:38,442 [pool-37-thread-1] INFO  server.RaftServerConfigKeys (ConfUtils.java:logGet(43)) - raft.server.snapshot.auto.trigger.threshold = 10000 (custom)
2019-10-15 21:19:38,442 [pool-47-thread-1] INFO  server.RaftServerConfigKeys (ConfUtils.java:logGet(43)) - raft.server.log.use.memory = false (default)
2019-10-15 21:19:38,442 [pool-27-thread-1] INFO  server.RaftServerConfigKeys (ConfUtils.java:logGet(43)) - raft.server.snapshot.auto.trigger.threshold = 10000 (custom)
2019-10-15 21:19:38,442 [pool-47-thread-1] INFO  server.RaftServerConfigKeys (ConfUtils.java:logGet(43)) - raft.server.log.purge.gap = 1000000 (custom)
2019-10-15 21:19:38,442 [pool-37-thread-1] INFO  server.RaftServerConfigKeys (ConfUtils.java:logGet(43)) - raft.server.snapshot.retention.file.num = 5 (custom)
2019-10-15 21:19:38,443 [pool-47-thread-1] INFO  server.RaftServerConfigKeys (ConfUtils.java:logGet(43)) - raft.server.log.appender.buffer.byte-limit = 33554432 (custom)
2019-10-15 21:19:38,442 [pool-27-thread-1] INFO  server.RaftServerConfigKeys (ConfUtils.java:logGet(43)) - raft.server.snapshot.retention.file.num = 5 (custom)
2019-10-15 21:19:38,443 [pool-47-thread-1] INFO  server.RaftServerConfigKeys (ConfUtils.java:logGet(43)) - raft.server.log.segment.size.max = 1048576 (custom)
2019-10-15 21:19:38,443 [pool-37-thread-1] INFO  server.RaftServerConfigKeys (ConfUtils.java:logGet(43)) - raft.server.retrycache.expirytime = 600000ms (custom)
2019-10-15 21:19:38,443 [pool-47-thread-1] INFO  server.RaftServerConfigKeys (ConfUtils.java:logGet(43)) - raft.server.log.segment.cache.num.max = 2 (custom)
2019-10-15 21:19:38,443 [pool-27-thread-1] INFO  server.RaftServerConfigKeys (ConfUtils.java:logGet(43)) - raft.server.retrycache.expirytime = 600000ms (custom)
2019-10-15 21:19:38,443 [pool-47-thread-1] INFO  segmented.SegmentedRaftLogWorker (SegmentedRaftLogWorker.java:<init>(173)) - new 436ea7cb-b08f-45a9-ac25-59983fb5da84@group-1135523AB2CE-SegmentedRaftLogWorker for RaftStorage:Storage Directory /workdir/hadoop-ozone/integration-test/target/test-dir/MiniOzoneClusterImpl-7ec64718-fc6c-4bdc-a59e-2452df301b4b/datanode-2/data/ratis/2edbc878-18e2-43a0-b08d-1135523ab2ce
2019-10-15 21:19:38,443 [pool-47-thread-1] INFO  server.RaftServerConfigKeys (ConfUtils.java:logGet(43)) - raft.server.log.queue.byte-limit = 2147483647 (custom)
2019-10-15 21:19:38,443 [pool-47-thread-1] INFO  server.RaftServerConfigKeys (ConfUtils.java:logGet(43)) - raft.server.log.queue.element-limit = 1024 (custom)
2019-10-15 21:19:38,443 [pool-47-thread-1] INFO  server.RaftServerConfigKeys (ConfUtils.java:logGet(43)) - raft.server.log.segment.size.max = 1048576 (custom)
2019-10-15 21:19:38,443 [pool-47-thread-1] INFO  server.RaftServerConfigKeys (ConfUtils.java:logGet(43)) - raft.server.log.preallocated.size = 16384 (custom)
2019-10-15 21:19:38,444 [pool-47-thread-1] INFO  server.RaftServerConfigKeys (ConfUtils.java:logGet(43)) - raft.server.log.write.buffer.size = 33554432 (custom)
2019-10-15 21:19:38,444 [pool-47-thread-1] INFO  server.RaftServerConfigKeys (ConfUtils.java:logGet(43)) - raft.server.log.force.sync.num = 128 (default)
2019-10-15 21:19:38,444 [pool-47-thread-1] INFO  server.RaftServerConfigKeys (ConfUtils.java:logGet(43)) - raft.server.log.statemachine.data.sync = true (default)
2019-10-15 21:19:38,444 [pool-47-thread-1] INFO  server.RaftServerConfigKeys (ConfUtils.java:logGet(43)) - raft.server.log.statemachine.data.sync.timeout = 10s (default)
2019-10-15 21:19:38,444 [pool-47-thread-1] INFO  server.RaftServerConfigKeys (ConfUtils.java:logGet(43)) - raft.server.log.statemachine.data.sync.timeout.retry = -1 (default)
2019-10-15 21:19:38,444 [pool-47-thread-1] INFO  server.RaftServerConfigKeys (ConfUtils.java:logGet(43)) - raft.server.log.statemachine.data.caching.enabled = true (custom)
2019-10-15 21:19:38,444 [pool-47-thread-1] INFO  segmented.SegmentedRaftLogWorker (SegmentedRaftLogWorker.java:lambda$new$0(128)) - 436ea7cb-b08f-45a9-ac25-59983fb5da84@group-1135523AB2CE-SegmentedRaftLogWorker: flushIndex: setUnconditionally 0 -> -1
2019-10-15 21:19:38,445 [pool-47-thread-1] INFO  server.RaftServerConfigKeys (ConfUtils.java:logGet(43)) - raft.server.snapshot.auto.trigger.enabled = true (custom)
2019-10-15 21:19:38,445 [pool-47-thread-1] INFO  server.RaftServerConfigKeys (ConfUtils.java:logGet(43)) - raft.server.snapshot.auto.trigger.threshold = 10000 (custom)
2019-10-15 21:19:38,445 [pool-47-thread-1] INFO  server.RaftServerConfigKeys (ConfUtils.java:logGet(43)) - raft.server.snapshot.retention.file.num = 5 (custom)
2019-10-15 21:19:38,445 [pool-47-thread-1] INFO  server.RaftServerConfigKeys (ConfUtils.java:logGet(43)) - raft.server.retrycache.expirytime = 600000ms (custom)
2019-10-15 21:19:38,445 [pool-37-thread-1] INFO  impl.RaftServerImpl (RaftServerImpl.java:start(195)) - 47d72301-684e-48ba-af14-36fa0ba944f7@group-1135523AB2CE: start as a follower, conf=-1: [436ea7cb-b08f-45a9-ac25-59983fb5da84:192.168.69.102:32878, 0eb142cf-b7a4-42cc-bedf-7b6b824b4e6a:192.168.69.102:43792, 47d72301-684e-48ba-af14-36fa0ba944f7:192.168.69.102:33903], old=null
2019-10-15 21:19:38,445 [pool-27-thread-1] INFO  impl.RaftServerImpl (RaftServerImpl.java:start(195)) - 0eb142cf-b7a4-42cc-bedf-7b6b824b4e6a@group-1135523AB2CE: start as a follower, conf=-1: [436ea7cb-b08f-45a9-ac25-59983fb5da84:192.168.69.102:32878, 0eb142cf-b7a4-42cc-bedf-7b6b824b4e6a:192.168.69.102:43792, 47d72301-684e-48ba-af14-36fa0ba944f7:192.168.69.102:33903], old=null
2019-10-15 21:19:38,445 [pool-37-thread-1] INFO  impl.RaftServerImpl (RaftServerImpl.java:setRole(184)) - 47d72301-684e-48ba-af14-36fa0ba944f7@group-1135523AB2CE: changes role from      null to FOLLOWER at term 0 for startAsFollower
2019-10-15 21:19:38,446 [pool-27-thread-1] INFO  impl.RaftServerImpl (RaftServerImpl.java:setRole(184)) - 0eb142cf-b7a4-42cc-bedf-7b6b824b4e6a@group-1135523AB2CE: changes role from      null to FOLLOWER at term 0 for startAsFollower
2019-10-15 21:19:38,446 [pool-37-thread-1] INFO  impl.RoleInfo (RoleInfo.java:updateAndGet(143)) - 47d72301-684e-48ba-af14-36fa0ba944f7: start FollowerState
2019-10-15 21:19:38,446 [pool-27-thread-1] INFO  impl.RoleInfo (RoleInfo.java:updateAndGet(143)) - 0eb142cf-b7a4-42cc-bedf-7b6b824b4e6a: start FollowerState
2019-10-15 21:19:38,446 [pool-37-thread-1] INFO  util.JmxRegister (JmxRegister.java:tryRegister(44)) - Successfully registered JMX Bean with object name Ratis:service=RaftServer,group=group-1135523AB2CE,id=47d72301-684e-48ba-af14-36fa0ba944f7
2019-10-15 21:19:38,446 [pool-27-thread-1] INFO  util.JmxRegister (JmxRegister.java:tryRegister(44)) - Successfully registered JMX Bean with object name Ratis:service=RaftServer,group=group-1135523AB2CE,id=0eb142cf-b7a4-42cc-bedf-7b6b824b4e6a
2019-10-15 21:19:38,447 [pool-47-thread-1] INFO  impl.RaftServerImpl (RaftServerImpl.java:start(195)) - 436ea7cb-b08f-45a9-ac25-59983fb5da84@group-1135523AB2CE: start as a follower, conf=-1: [436ea7cb-b08f-45a9-ac25-59983fb5da84:192.168.69.102:32878, 0eb142cf-b7a4-42cc-bedf-7b6b824b4e6a:192.168.69.102:43792, 47d72301-684e-48ba-af14-36fa0ba944f7:192.168.69.102:33903], old=null
2019-10-15 21:19:38,447 [pool-47-thread-1] INFO  impl.RaftServerImpl (RaftServerImpl.java:setRole(184)) - 436ea7cb-b08f-45a9-ac25-59983fb5da84@group-1135523AB2CE: changes role from      null to FOLLOWER at term 0 for startAsFollower
2019-10-15 21:19:38,447 [pool-47-thread-1] INFO  impl.RoleInfo (RoleInfo.java:updateAndGet(143)) - 436ea7cb-b08f-45a9-ac25-59983fb5da84: start FollowerState
2019-10-15 21:19:38,447 [pool-47-thread-1] INFO  util.JmxRegister (JmxRegister.java:tryRegister(44)) - Successfully registered JMX Bean with object name Ratis:service=RaftServer,group=group-1135523AB2CE,id=436ea7cb-b08f-45a9-ac25-59983fb5da84
2019-10-15 21:19:38,459 [Thread-203] INFO  impl.FollowerState (FollowerState.java:run(108)) - 436ea7cb-b08f-45a9-ac25-59983fb5da84@group-1135523AB2CE-FollowerState: change to CANDIDATE, lastRpcTime:12ms, electionTimeout:12ms
2019-10-15 21:19:38,460 [Thread-203] INFO  impl.RoleInfo (RoleInfo.java:shutdownFollowerState(121)) - 436ea7cb-b08f-45a9-ac25-59983fb5da84: shutdown FollowerState
2019-10-15 21:19:38,460 [Thread-203] INFO  impl.RaftServerImpl (RaftServerImpl.java:setRole(184)) - 436ea7cb-b08f-45a9-ac25-59983fb5da84@group-1135523AB2CE: changes role from  FOLLOWER to CANDIDATE at term 0 for changeToCandidate
2019-10-15 21:19:38,460 [Thread-203] INFO  impl.RoleInfo (RoleInfo.java:updateAndGet(143)) - 436ea7cb-b08f-45a9-ac25-59983fb5da84: start LeaderElection
2019-10-15 21:19:38,462 [RatisPipelineUtilsThread] INFO  pipeline.PipelineStateManager (PipelineStateManager.java:addPipeline(56)) - Created pipeline Pipeline[ Id: 2edbc878-18e2-43a0-b08d-1135523ab2ce, Nodes: 47d72301-684e-48ba-af14-36fa0ba944f7{ip: 192.168.69.102, host: pr-hdds-2254-trunk-ddzgt-1485873308, networkLocation: /default-rack, certSerialId: null}0eb142cf-b7a4-42cc-bedf-7b6b824b4e6a{ip: 192.168.69.102, host: pr-hdds-2254-trunk-ddzgt-1485873308, networkLocation: /default-rack, certSerialId: null}436ea7cb-b08f-45a9-ac25-59983fb5da84{ip: 192.168.69.102, host: pr-hdds-2254-trunk-ddzgt-1485873308, networkLocation: /default-rack, certSerialId: null}, Type:RATIS, Factor:THREE, State:OPEN]
2019-10-15 21:19:38,472 [436ea7cb-b08f-45a9-ac25-59983fb5da84@group-1135523AB2CE-LeaderElection3] INFO  impl.LeaderElection (LeaderElection.java:askForVotes(178)) - 436ea7cb-b08f-45a9-ac25-59983fb5da84@group-1135523AB2CE-LeaderElection3: begin an election at term 1 for -1: [436ea7cb-b08f-45a9-ac25-59983fb5da84:192.168.69.102:32878, 0eb142cf-b7a4-42cc-bedf-7b6b824b4e6a:192.168.69.102:43792, 47d72301-684e-48ba-af14-36fa0ba944f7:192.168.69.102:33903], old=null
2019-10-15 21:19:38,496 [grpc-default-executor-0] INFO  impl.RaftServerImpl (RaftServerImpl.java:setRole(184)) - 47d72301-684e-48ba-af14-36fa0ba944f7@group-1135523AB2CE: changes role from  FOLLOWER to FOLLOWER at term 1 for recognizeCandidate:436ea7cb-b08f-45a9-ac25-59983fb5da84
2019-10-15 21:19:38,496 [grpc-default-executor-1] INFO  impl.RaftServerImpl (RaftServerImpl.java:setRole(184)) - 0eb142cf-b7a4-42cc-bedf-7b6b824b4e6a@group-1135523AB2CE: changes role from  FOLLOWER to FOLLOWER at term 1 for recognizeCandidate:436ea7cb-b08f-45a9-ac25-59983fb5da84
2019-10-15 21:19:38,496 [grpc-default-executor-0] INFO  impl.RoleInfo (RoleInfo.java:shutdownFollowerState(121)) - 47d72301-684e-48ba-af14-36fa0ba944f7: shutdown FollowerState
2019-10-15 21:19:38,496 [grpc-default-executor-1] INFO  impl.RoleInfo (RoleInfo.java:shutdownFollowerState(121)) - 0eb142cf-b7a4-42cc-bedf-7b6b824b4e6a: shutdown FollowerState
2019-10-15 21:19:38,496 [Thread-201] INFO  impl.FollowerState (FollowerState.java:run(117)) - 47d72301-684e-48ba-af14-36fa0ba944f7@group-1135523AB2CE-FollowerState was interrupted: java.lang.InterruptedException: sleep interrupted
2019-10-15 21:19:38,496 [grpc-default-executor-0] INFO  impl.RoleInfo (RoleInfo.java:updateAndGet(143)) - 47d72301-684e-48ba-af14-36fa0ba944f7: start FollowerState
2019-10-15 21:19:38,496 [grpc-default-executor-1] INFO  impl.RoleInfo (RoleInfo.java:updateAndGet(143)) - 0eb142cf-b7a4-42cc-bedf-7b6b824b4e6a: start FollowerState
2019-10-15 21:19:38,496 [Thread-202] INFO  impl.FollowerState (FollowerState.java:run(117)) - 0eb142cf-b7a4-42cc-bedf-7b6b824b4e6a@group-1135523AB2CE-FollowerState was interrupted: java.lang.InterruptedException: sleep interrupted
2019-10-15 21:19:38,542 [Thread-210] INFO  impl.FollowerState (FollowerState.java:run(108)) - 47d72301-684e-48ba-af14-36fa0ba944f7@group-1135523AB2CE-FollowerState: change to CANDIDATE, lastRpcTime:45ms, electionTimeout:32ms
2019-10-15 21:19:38,544 [Thread-210] INFO  impl.RoleInfo (RoleInfo.java:shutdownFollowerState(121)) - 47d72301-684e-48ba-af14-36fa0ba944f7: shutdown FollowerState
2019-10-15 21:19:38,544 [Thread-210] INFO  impl.RaftServerImpl (RaftServerImpl.java:setRole(184)) - 47d72301-684e-48ba-af14-36fa0ba944f7@group-1135523AB2CE: changes role from  FOLLOWER to CANDIDATE at term 1 for changeToCandidate
2019-10-15 21:19:38,544 [Thread-210] INFO  impl.RoleInfo (RoleInfo.java:updateAndGet(143)) - 47d72301-684e-48ba-af14-36fa0ba944f7: start LeaderElection
2019-10-15 21:19:38,546 [436ea7cb-b08f-45a9-ac25-59983fb5da84@group-1135523AB2CE-LeaderElection3] INFO  impl.LeaderElection (LeaderElection.java:logAndReturn(56)) - 436ea7cb-b08f-45a9-ac25-59983fb5da84@group-1135523AB2CE-LeaderElection3: Election PASSED; received 1 response(s) [436ea7cb-b08f-45a9-ac25-59983fb5da84<-47d72301-684e-48ba-af14-36fa0ba944f7#0:OK-t1] and 0 exception(s); 436ea7cb-b08f-45a9-ac25-59983fb5da84@group-1135523AB2CE:t1, leader=null, voted=436ea7cb-b08f-45a9-ac25-59983fb5da84, raftlog=436ea7cb-b08f-45a9-ac25-59983fb5da84@group-1135523AB2CE-SegmentedRaftLog:OPENED:c-1,f-1,i0, conf=-1: [436ea7cb-b08f-45a9-ac25-59983fb5da84:192.168.69.102:32878, 0eb142cf-b7a4-42cc-bedf-7b6b824b4e6a:192.168.69.102:43792, 47d72301-684e-48ba-af14-36fa0ba944f7:192.168.69.102:33903], old=null
2019-10-15 21:19:38,546 [436ea7cb-b08f-45a9-ac25-59983fb5da84@group-1135523AB2CE-LeaderElection3] INFO  impl.RoleInfo (RoleInfo.java:shutdownLeaderElection(134)) - 436ea7cb-b08f-45a9-ac25-59983fb5da84: shutdown LeaderElection
2019-10-15 21:19:38,546 [436ea7cb-b08f-45a9-ac25-59983fb5da84@group-1135523AB2CE-LeaderElection3] INFO  impl.RaftServerImpl (RaftServerImpl.java:setRole(184)) - 436ea7cb-b08f-45a9-ac25-59983fb5da84@group-1135523AB2CE: changes role from CANDIDATE to LEADER at term 1 for changeToLeader
2019-10-15 21:19:38,547 [436ea7cb-b08f-45a9-ac25-59983fb5da84@group-1135523AB2CE-LeaderElection3] INFO  impl.RaftServerImpl (ServerState.java:setLeader(256)) - 436ea7cb-b08f-45a9-ac25-59983fb5da84@group-1135523AB2CE: change Leader from null to 436ea7cb-b08f-45a9-ac25-59983fb5da84 at term 1 for becomeLeader, leader elected after 104ms
2019-10-15 21:19:38,547 [436ea7cb-b08f-45a9-ac25-59983fb5da84@group-1135523AB2CE-LeaderElection3] INFO  server.RaftServerConfigKeys (ConfUtils.java:logGet(43)) - raft.server.staging.catchup.gap = 1000 (default)
2019-10-15 21:19:38,547 [436ea7cb-b08f-45a9-ac25-59983fb5da84@group-1135523AB2CE-LeaderElection3] INFO  server.RaftServerConfigKeys (ConfUtils.java:logGet(43)) - raft.server.rpc.sleep.time = 25ms (default)
2019-10-15 21:19:38,547 [436ea7cb-b08f-45a9-ac25-59983fb5da84@group-1135523AB2CE-LeaderElection3] INFO  server.RaftServerConfigKeys (ConfUtils.java:logGet(43)) - raft.server.write.element-limit = 4096 (default)
2019-10-15 21:19:38,547 [436ea7cb-b08f-45a9-ac25-59983fb5da84@group-1135523AB2CE-LeaderElection3] INFO  server.RaftServerConfigKeys (ConfUtils.java:logGet(43)) - raft.server.watch.timeout = 10s (default)
2019-10-15 21:19:38,547 [436ea7cb-b08f-45a9-ac25-59983fb5da84@group-1135523AB2CE-LeaderElection3] INFO  server.RaftServerConfigKeys (ConfUtils.java:logGet(43)) - raft.server.watch.timeout.denomination = 1s (default)
2019-10-15 21:19:38,547 [436ea7cb-b08f-45a9-ac25-59983fb5da84@group-1135523AB2CE-LeaderElection3] INFO  server.RaftServerConfigKeys (ConfUtils.java:logGet(43)) - raft.server.watch.element-limit = 65536 (default)
2019-10-15 21:19:38,551 [436ea7cb-b08f-45a9-ac25-59983fb5da84@group-1135523AB2CE-LeaderElection3] INFO  server.RaftServerConfigKeys (ConfUtils.java:logGet(43)) - raft.server.log.appender.snapshot.chunk.size.max = 16MB (=16777216) (default)
2019-10-15 21:19:38,551 [436ea7cb-b08f-45a9-ac25-59983fb5da84@group-1135523AB2CE-LeaderElection3] INFO  server.RaftServerConfigKeys (ConfUtils.java:logGet(43)) - raft.server.log.appender.buffer.byte-limit = 33554432 (custom)
2019-10-15 21:19:38,551 [436ea7cb-b08f-45a9-ac25-59983fb5da84@group-1135523AB2CE-LeaderElection3] INFO  server.RaftServerConfigKeys (ConfUtils.java:logGet(43)) - raft.server.log.appender.buffer.element-limit = 1 (custom)
2019-10-15 21:19:38,554 [436ea7cb-b08f-45a9-ac25-59983fb5da84@group-1135523AB2CE-LeaderElection3] INFO  grpc.GrpcConfigKeys$Server (ConfUtils.java:logGet(43)) - raft.grpc.server.leader.outstanding.appends.max = 128 (default)
2019-10-15 21:19:38,554 [436ea7cb-b08f-45a9-ac25-59983fb5da84@group-1135523AB2CE-LeaderElection3] INFO  server.RaftServerConfigKeys (ConfUtils.java:logGet(43)) - raft.server.rpc.request.timeout = 3000ms (default)
2019-10-15 21:19:38,554 [Thread-196] INFO  impl.FollowerState (FollowerState.java:run(108)) - 436ea7cb-b08f-45a9-ac25-59983fb5da84@group-470080A10795-FollowerState: change to CANDIDATE, lastRpcTime:174ms, electionTimeout:174ms
2019-10-15 21:19:38,555 [436ea7cb-b08f-45a9-ac25-59983fb5da84@group-1135523AB2CE-LeaderElection3] INFO  server.RaftServerConfigKeys (ConfUtils.java:logGet(43)) - raft.server.log.appender.install.snapshot.enabled = false (custom)
2019-10-15 21:19:38,555 [Thread-196] INFO  impl.RoleInfo (RoleInfo.java:shutdownFollowerState(121)) - 436ea7cb-b08f-45a9-ac25-59983fb5da84: shutdown FollowerState
2019-10-15 21:19:38,555 [Thread-196] INFO  impl.RaftServerImpl (RaftServerImpl.java:setRole(184)) - 436ea7cb-b08f-45a9-ac25-59983fb5da84@group-470080A10795: changes role from  FOLLOWER to CANDIDATE at term 0 for changeToCandidate
2019-10-15 21:19:38,555 [Thread-196] INFO  impl.RoleInfo (RoleInfo.java:updateAndGet(143)) - 436ea7cb-b08f-45a9-ac25-59983fb5da84: start LeaderElection
2019-10-15 21:19:38,559 [436ea7cb-b08f-45a9-ac25-59983fb5da84@group-1135523AB2CE-LeaderElection3] INFO  server.RaftServerConfigKeys (ConfUtils.java:logGet(43)) - raft.server.log.appender.snapshot.chunk.size.max = 16MB (=16777216) (default)
2019-10-15 21:19:38,559 [436ea7cb-b08f-45a9-ac25-59983fb5da84@group-1135523AB2CE-LeaderElection3] INFO  server.RaftServerConfigKeys (ConfUtils.java:logGet(43)) - raft.server.log.appender.buffer.byte-limit = 33554432 (custom)
2019-10-15 21:19:38,559 [436ea7cb-b08f-45a9-ac25-59983fb5da84@group-1135523AB2CE-LeaderElection3] INFO  server.RaftServerConfigKeys (ConfUtils.java:logGet(43)) - raft.server.log.appender.buffer.element-limit = 1 (custom)
2019-10-15 21:19:38,559 [436ea7cb-b08f-45a9-ac25-59983fb5da84@group-1135523AB2CE-LeaderElection3] INFO  grpc.GrpcConfigKeys$Server (ConfUtils.java:logGet(43)) - raft.grpc.server.leader.outstanding.appends.max = 128 (default)
2019-10-15 21:19:38,559 [436ea7cb-b08f-45a9-ac25-59983fb5da84@group-1135523AB2CE-LeaderElection3] INFO  server.RaftServerConfigKeys (ConfUtils.java:logGet(43)) - raft.server.rpc.request.timeout = 3000ms (default)
2019-10-15 21:19:38,559 [436ea7cb-b08f-45a9-ac25-59983fb5da84@group-1135523AB2CE-LeaderElection3] INFO  server.RaftServerConfigKeys (ConfUtils.java:logGet(43)) - raft.server.log.appender.install.snapshot.enabled = false (custom)
2019-10-15 21:19:38,563 [436ea7cb-b08f-45a9-ac25-59983fb5da84@group-1135523AB2CE-LeaderElection3] INFO  impl.RoleInfo (RoleInfo.java:updateAndGet(143)) - 436ea7cb-b08f-45a9-ac25-59983fb5da84: start LeaderState
2019-10-15 21:19:38,563 [436ea7cb-b08f-45a9-ac25-59983fb5da84@group-1135523AB2CE-LeaderElection3] INFO  segmented.SegmentedRaftLogWorker (SegmentedRaftLogWorker.java:startLogSegment(385)) - 436ea7cb-b08f-45a9-ac25-59983fb5da84@group-1135523AB2CE-SegmentedRaftLogWorker: Starting segment from index:0
2019-10-15 21:19:38,564 [436ea7cb-b08f-45a9-ac25-59983fb5da84@group-1135523AB2CE-LeaderElection3] INFO  impl.RaftServerImpl (ServerState.java:setRaftConf(357)) - 436ea7cb-b08f-45a9-ac25-59983fb5da84@group-1135523AB2CE: set configuration 0: [436ea7cb-b08f-45a9-ac25-59983fb5da84:192.168.69.102:32878, 0eb142cf-b7a4-42cc-bedf-7b6b824b4e6a:192.168.69.102:43792, 47d72301-684e-48ba-af14-36fa0ba944f7:192.168.69.102:33903], old=null at 0
2019-10-15 21:19:38,587 [47d72301-684e-48ba-af14-36fa0ba944f7@group-0887ECF210A2-SegmentedRaftLogWorker] INFO  segmented.SegmentedRaftLogWorker (SegmentedRaftLogWorker.java:execute(576)) - 47d72301-684e-48ba-af14-36fa0ba944f7@group-0887ECF210A2-SegmentedRaftLogWorker: created new log segment /workdir/hadoop-ozone/integration-test/target/test-dir/MiniOzoneClusterImpl-7ec64718-fc6c-4bdc-a59e-2452df301b4b/datanode-1/data/ratis/9665e72b-5bd5-4d6d-bb23-0887ecf210a2/current/log_inprogress_0
2019-10-15 21:19:38,587 [0eb142cf-b7a4-42cc-bedf-7b6b824b4e6a@group-2B2D3A74CDE4-SegmentedRaftLogWorker] INFO  segmented.SegmentedRaftLogWorker (SegmentedRaftLogWorker.java:execute(576)) - 0eb142cf-b7a4-42cc-bedf-7b6b824b4e6a@group-2B2D3A74CDE4-SegmentedRaftLogWorker: created new log segment /workdir/hadoop-ozone/integration-test/target/test-dir/MiniOzoneClusterImpl-7ec64718-fc6c-4bdc-a59e-2452df301b4b/datanode-0/data/ratis/ec193929-9f28-4f45-8ccc-2b2d3a74cde4/current/log_inprogress_0
2019-10-15 21:19:38,589 [436ea7cb-b08f-45a9-ac25-59983fb5da84@group-470080A10795-LeaderElection5] INFO  impl.LeaderElection (LeaderElection.java:askForVotes(178)) - 436ea7cb-b08f-45a9-ac25-59983fb5da84@group-470080A10795-LeaderElection5: begin an election at term 1 for -1: [436ea7cb-b08f-45a9-ac25-59983fb5da84:192.168.69.102:32878], old=null
2019-10-15 21:19:38,589 [47d72301-684e-48ba-af14-36fa0ba944f7@group-1135523AB2CE-LeaderElection4] INFO  impl.LeaderElection (LeaderElection.java:askForVotes(178)) - 47d72301-684e-48ba-af14-36fa0ba944f7@group-1135523AB2CE-LeaderElection4: begin an election at term 2 for -1: [436ea7cb-b08f-45a9-ac25-59983fb5da84:192.168.69.102:32878, 0eb142cf-b7a4-42cc-bedf-7b6b824b4e6a:192.168.69.102:43792, 47d72301-684e-48ba-af14-36fa0ba944f7:192.168.69.102:33903], old=null
2019-10-15 21:19:38,590 [436ea7cb-b08f-45a9-ac25-59983fb5da84@group-470080A10795-LeaderElection5] INFO  impl.RoleInfo (RoleInfo.java:shutdownLeaderElection(134)) - 436ea7cb-b08f-45a9-ac25-59983fb5da84: shutdown LeaderElection
2019-10-15 21:19:38,590 [436ea7cb-b08f-45a9-ac25-59983fb5da84@group-470080A10795-LeaderElection5] INFO  impl.RaftServerImpl (RaftServerImpl.java:setRole(184)) - 436ea7cb-b08f-45a9-ac25-59983fb5da84@group-470080A10795: changes role from CANDIDATE to LEADER at term 1 for changeToLeader
2019-10-15 21:19:38,590 [436ea7cb-b08f-45a9-ac25-59983fb5da84@group-470080A10795-LeaderElection5] INFO  impl.RaftServerImpl (ServerState.java:setLeader(256)) - 436ea7cb-b08f-45a9-ac25-59983fb5da84@group-470080A10795: change Leader from null to 436ea7cb-b08f-45a9-ac25-59983fb5da84 at term 1 for becomeLeader, leader elected after 220ms
2019-10-15 21:19:38,590 [436ea7cb-b08f-45a9-ac25-59983fb5da84@group-470080A10795-LeaderElection5] INFO  server.RaftServerConfigKeys (ConfUtils.java:logGet(43)) - raft.server.staging.catchup.gap = 1000 (default)
2019-10-15 21:19:38,590 [436ea7cb-b08f-45a9-ac25-59983fb5da84@group-470080A10795-LeaderElection5] INFO  server.RaftServerConfigKeys (ConfUtils.java:logGet(43)) - raft.server.rpc.sleep.time = 25ms (default)
2019-10-15 21:19:38,590 [436ea7cb-b08f-45a9-ac25-59983fb5da84@group-470080A10795-LeaderElection5] INFO  server.RaftServerConfigKeys (ConfUtils.java:logGet(43)) - raft.server.write.element-limit = 4096 (default)
2019-10-15 21:19:38,590 [436ea7cb-b08f-45a9-ac25-59983fb5da84@group-470080A10795-LeaderElection5] INFO  server.RaftServerConfigKeys (ConfUtils.java:logGet(43)) - raft.server.watch.timeout = 10s (default)
2019-10-15 21:19:38,590 [436ea7cb-b08f-45a9-ac25-59983fb5da84@group-470080A10795-LeaderElection5] INFO  server.RaftServerConfigKeys (ConfUtils.java:logGet(43)) - raft.server.watch.timeout.denomination = 1s (default)
2019-10-15 21:19:38,591 [436ea7cb-b08f-45a9-ac25-59983fb5da84@group-470080A10795-LeaderElection5] INFO  server.RaftServerConfigKeys (ConfUtils.java:logGet(43)) - raft.server.watch.element-limit = 65536 (default)
2019-10-15 21:19:38,592 [436ea7cb-b08f-45a9-ac25-59983fb5da84@group-1135523AB2CE-SegmentedRaftLogWorker] INFO  segmented.SegmentedRaftLogWorker (SegmentedRaftLogWorker.java:execute(576)) - 436ea7cb-b08f-45a9-ac25-59983fb5da84@group-1135523AB2CE-SegmentedRaftLogWorker: created new log segment /workdir/hadoop-ozone/integration-test/target/test-dir/MiniOzoneClusterImpl-7ec64718-fc6c-4bdc-a59e-2452df301b4b/datanode-2/data/ratis/2edbc878-18e2-43a0-b08d-1135523ab2ce/current/log_inprogress_0
2019-10-15 21:19:38,598 [436ea7cb-b08f-45a9-ac25-59983fb5da84@group-470080A10795-LeaderElection5] INFO  impl.RoleInfo (RoleInfo.java:updateAndGet(143)) - 436ea7cb-b08f-45a9-ac25-59983fb5da84: start LeaderState
2019-10-15 21:19:38,598 [436ea7cb-b08f-45a9-ac25-59983fb5da84@group-470080A10795-LeaderElection5] INFO  segmented.SegmentedRaftLogWorker (SegmentedRaftLogWorker.java:startLogSegment(385)) - 436ea7cb-b08f-45a9-ac25-59983fb5da84@group-470080A10795-SegmentedRaftLogWorker: Starting segment from index:0
2019-10-15 21:19:38,599 [436ea7cb-b08f-45a9-ac25-59983fb5da84@group-470080A10795-LeaderElection5] INFO  impl.RaftServerImpl (ServerState.java:setRaftConf(357)) - 436ea7cb-b08f-45a9-ac25-59983fb5da84@group-470080A10795: set configuration 0: [436ea7cb-b08f-45a9-ac25-59983fb5da84:192.168.69.102:32878], old=null at 0
2019-10-15 21:19:38,627 [grpc-default-executor-1] INFO  impl.RaftServerImpl (RaftServerImpl.java:setRole(184)) - 0eb142cf-b7a4-42cc-bedf-7b6b824b4e6a@group-1135523AB2CE: changes role from  FOLLOWER to FOLLOWER at term 2 for recognizeCandidate:47d72301-684e-48ba-af14-36fa0ba944f7
2019-10-15 21:19:38,628 [grpc-default-executor-1] INFO  impl.RoleInfo (RoleInfo.java:shutdownFollowerState(121)) - 0eb142cf-b7a4-42cc-bedf-7b6b824b4e6a: shutdown FollowerState
2019-10-15 21:19:38,628 [grpc-default-executor-1] INFO  impl.RoleInfo (RoleInfo.java:updateAndGet(143)) - 0eb142cf-b7a4-42cc-bedf-7b6b824b4e6a: start FollowerState
2019-10-15 21:19:38,628 [Thread-211] INFO  impl.FollowerState (FollowerState.java:run(117)) - 0eb142cf-b7a4-42cc-bedf-7b6b824b4e6a@group-1135523AB2CE-FollowerState was interrupted: java.lang.InterruptedException: sleep interrupted
2019-10-15 21:19:38,631 [grpc-default-executor-2] INFO  impl.RaftServerImpl (ServerState.java:setLeader(256)) - 436ea7cb-b08f-45a9-ac25-59983fb5da84@group-1135523AB2CE: change Leader from 436ea7cb-b08f-45a9-ac25-59983fb5da84 to null at term 2 for updateCurrentTerm
2019-10-15 21:19:38,631 [grpc-default-executor-2] INFO  impl.RaftServerImpl (RaftServerImpl.java:setRole(184)) - 436ea7cb-b08f-45a9-ac25-59983fb5da84@group-1135523AB2CE: changes role from    LEADER to FOLLOWER at term 2 for recognizeCandidate:47d72301-684e-48ba-af14-36fa0ba944f7
2019-10-15 21:19:38,631 [grpc-default-executor-2] INFO  impl.RoleInfo (RoleInfo.java:shutdownLeaderState(104)) - 436ea7cb-b08f-45a9-ac25-59983fb5da84: shutdown LeaderState
2019-10-15 21:19:38,633 [grpc-default-executor-2] INFO  impl.PendingRequests (PendingRequests.java:sendNotLeaderResponses(202)) - 436ea7cb-b08f-45a9-ac25-59983fb5da84@group-1135523AB2CE-PendingRequests: sendNotLeaderResponses
2019-10-15 21:19:38,633 [org.apache.ratis.server.impl.LogAppender$AppenderDaemon$$Lambda$371/1672964846@55c487a0] WARN  server.GrpcLogAppender (GrpcLogAppender.java:mayWait(149)) - 436ea7cb-b08f-45a9-ac25-59983fb5da84@group-1135523AB2CE->47d72301-684e-48ba-af14-36fa0ba944f7-GrpcLogAppender: Wait interrupted by java.lang.InterruptedException
2019-10-15 21:19:38,633 [org.apache.ratis.server.impl.LogAppender$AppenderDaemon$$Lambda$371/1672964846@3f0cd1f8] WARN  server.GrpcLogAppender (GrpcLogAppender.java:mayWait(149)) - 436ea7cb-b08f-45a9-ac25-59983fb5da84@group-1135523AB2CE->0eb142cf-b7a4-42cc-bedf-7b6b824b4e6a-GrpcLogAppender: Wait interrupted by java.lang.InterruptedException
2019-10-15 21:19:38,636 [grpc-default-executor-2] INFO  impl.RoleInfo (RoleInfo.java:updateAndGet(143)) - 436ea7cb-b08f-45a9-ac25-59983fb5da84: start FollowerState
2019-10-15 21:19:38,645 [grpc-default-executor-0] INFO  server.GrpcServerProtocolService (GrpcServerProtocolService.java:onCompleted(113)) - 47d72301-684e-48ba-af14-36fa0ba944f7: Completed APPEND_ENTRIES, lastRequest: 436ea7cb-b08f-45a9-ac25-59983fb5da84->47d72301-684e-48ba-af14-36fa0ba944f7#0-t1, previous=(t:0, i:0), leaderCommit=-1, initializing? false, entries: <empty>
2019-10-15 21:19:38,655 [436ea7cb-b08f-45a9-ac25-59983fb5da84@group-470080A10795-SegmentedRaftLogWorker] INFO  segmented.SegmentedRaftLogWorker (SegmentedRaftLogWorker.java:execute(576)) - 436ea7cb-b08f-45a9-ac25-59983fb5da84@group-470080A10795-SegmentedRaftLogWorker: created new log segment /workdir/hadoop-ozone/integration-test/target/test-dir/MiniOzoneClusterImpl-7ec64718-fc6c-4bdc-a59e-2452df301b4b/datanode-2/data/ratis/72cb23c4-d0e3-473f-b325-470080a10795/current/log_inprogress_0
2019-10-15 21:19:38,656 [grpc-default-executor-3] INFO  server.GrpcServerProtocolService (GrpcServerProtocolService.java:onCompleted(113)) - 0eb142cf-b7a4-42cc-bedf-7b6b824b4e6a: Completed APPEND_ENTRIES, lastRequest: 436ea7cb-b08f-45a9-ac25-59983fb5da84->0eb142cf-b7a4-42cc-bedf-7b6b824b4e6a#0-t1, previous=(t:0, i:0), leaderCommit=-1, initializing? false, entries: <empty>
2019-10-15 21:19:38,657 [grpc-default-executor-4] INFO  server.GrpcLogAppender (GrpcLogAppender.java:onCompleted(308)) - 436ea7cb-b08f-45a9-ac25-59983fb5da84@group-1135523AB2CE->47d72301-684e-48ba-af14-36fa0ba944f7-AppendLogResponseHandler: follower responses appendEntries COMPLETED
2019-10-15 21:19:38,660 [47d72301-684e-48ba-af14-36fa0ba944f7@group-1135523AB2CE-LeaderElection4] INFO  impl.LeaderElection (LeaderElection.java:logAndReturn(56)) - 47d72301-684e-48ba-af14-36fa0ba944f7@group-1135523AB2CE-LeaderElection4: Election PASSED; received 1 response(s) [47d72301-684e-48ba-af14-36fa0ba944f7<-0eb142cf-b7a4-42cc-bedf-7b6b824b4e6a#0:OK-t2] and 0 exception(s); 47d72301-684e-48ba-af14-36fa0ba944f7@group-1135523AB2CE:t2, leader=null, voted=47d72301-684e-48ba-af14-36fa0ba944f7, raftlog=47d72301-684e-48ba-af14-36fa0ba944f7@group-1135523AB2CE-SegmentedRaftLog:OPENED:c-1,f-1,i0, conf=-1: [436ea7cb-b08f-45a9-ac25-59983fb5da84:192.168.69.102:32878, 0eb142cf-b7a4-42cc-bedf-7b6b824b4e6a:192.168.69.102:43792, 47d72301-684e-48ba-af14-36fa0ba944f7:192.168.69.102:33903], old=null
2019-10-15 21:19:38,661 [47d72301-684e-48ba-af14-36fa0ba944f7@group-1135523AB2CE-LeaderElection4] INFO  impl.RoleInfo (RoleInfo.java:shutdownLeaderElection(134)) - 47d72301-684e-48ba-af14-36fa0ba944f7: shutdown LeaderElection
2019-10-15 21:19:38,661 [47d72301-684e-48ba-af14-36fa0ba944f7@group-1135523AB2CE-LeaderElection4] INFO  impl.RaftServerImpl (RaftServerImpl.java:setRole(184)) - 47d72301-684e-48ba-af14-36fa0ba944f7@group-1135523AB2CE: changes role from CANDIDATE to LEADER at term 2 for changeToLeader
2019-10-15 21:19:38,661 [47d72301-684e-48ba-af14-36fa0ba944f7@group-1135523AB2CE-LeaderElection4] INFO  impl.RaftServerImpl (ServerState.java:setLeader(256)) - 47d72301-684e-48ba-af14-36fa0ba944f7@group-1135523AB2CE: change Leader from null to 47d72301-684e-48ba-af14-36fa0ba944f7 at term 2 for becomeLeader, leader elected after 222ms
2019-10-15 21:19:38,661 [47d72301-684e-48ba-af14-36fa0ba944f7@group-1135523AB2CE-LeaderElection4] INFO  server.RaftServerConfigKeys (ConfUtils.java:logGet(43)) - raft.server.staging.catchup.gap = 1000 (default)
2019-10-15 21:19:38,663 [47d72301-684e-48ba-af14-36fa0ba944f7@group-1135523AB2CE-LeaderElection4] INFO  server.RaftServerConfigKeys (ConfUtils.java:logGet(43)) - raft.server.rpc.sleep.time = 25ms (default)
2019-10-15 21:19:38,663 [grpc-default-executor-2] INFO  server.GrpcLogAppender (GrpcLogAppender.java:onCompleted(308)) - 436ea7cb-b08f-45a9-ac25-59983fb5da84@group-1135523AB2CE->0eb142cf-b7a4-42cc-bedf-7b6b824b4e6a-AppendLogResponseHandler: follower responses appendEntries COMPLETED
2019-10-15 21:19:38,664 [47d72301-684e-48ba-af14-36fa0ba944f7@group-1135523AB2CE-LeaderElection4] INFO  server.RaftServerConfigKeys (ConfUtils.java:logGet(43)) - raft.server.write.element-limit = 4096 (default)
2019-10-15 21:19:38,664 [grpc-default-executor-4] INFO  impl.FollowerInfo (FollowerInfo.java:lambda$new$0(51)) - 436ea7cb-b08f-45a9-ac25-59983fb5da84@group-1135523AB2CE->47d72301-684e-48ba-af14-36fa0ba944f7: nextIndex: updateUnconditionally 0 -> 0
2019-10-15 21:19:38,664 [47d72301-684e-48ba-af14-36fa0ba944f7@group-1135523AB2CE-LeaderElection4] INFO  server.RaftServerConfigKeys (ConfUtils.java:logGet(43)) - raft.server.watch.timeout = 10s (default)
2019-10-15 21:19:38,665 [47d72301-684e-48ba-af14-36fa0ba944f7@group-1135523AB2CE-LeaderElection4] INFO  server.RaftServerConfigKeys (ConfUtils.java:logGet(43)) - raft.server.watch.timeout.denomination = 1s (default)
2019-10-15 21:19:38,665 [47d72301-684e-48ba-af14-36fa0ba944f7@group-1135523AB2CE-LeaderElection4] INFO  server.RaftServerConfigKeys (ConfUtils.java:logGet(43)) - raft.server.watch.element-limit = 65536 (default)
2019-10-15 21:19:38,665 [grpc-default-executor-2] INFO  impl.FollowerInfo (FollowerInfo.java:lambda$new$0(51)) - 436ea7cb-b08f-45a9-ac25-59983fb5da84@group-1135523AB2CE->0eb142cf-b7a4-42cc-bedf-7b6b824b4e6a: nextIndex: updateUnconditionally 0 -> 0
2019-10-15 21:19:38,668 [47d72301-684e-48ba-af14-36fa0ba944f7@group-1135523AB2CE-LeaderElection4] INFO  server.RaftServerConfigKeys (ConfUtils.java:logGet(43)) - raft.server.log.appender.snapshot.chunk.size.max = 16MB (=16777216) (default)
2019-10-15 21:19:38,668 [47d72301-684e-48ba-af14-36fa0ba944f7@group-1135523AB2CE-LeaderElection4] INFO  server.RaftServerConfigKeys (ConfUtils.java:logGet(43)) - raft.server.log.appender.buffer.byte-limit = 33554432 (custom)
2019-10-15 21:19:38,668 [47d72301-684e-48ba-af14-36fa0ba944f7@group-1135523AB2CE-LeaderElection4] INFO  server.RaftServerConfigKeys (ConfUtils.java:logGet(43)) - raft.server.log.appender.buffer.element-limit = 1 (custom)
2019-10-15 21:19:38,668 [47d72301-684e-48ba-af14-36fa0ba944f7@group-1135523AB2CE-LeaderElection4] INFO  grpc.GrpcConfigKeys$Server (ConfUtils.java:logGet(43)) - raft.grpc.server.leader.outstanding.appends.max = 128 (default)
2019-10-15 21:19:38,668 [47d72301-684e-48ba-af14-36fa0ba944f7@group-1135523AB2CE-LeaderElection4] INFO  server.RaftServerConfigKeys (ConfUtils.java:logGet(43)) - raft.server.rpc.request.timeout = 3000ms (default)
2019-10-15 21:19:38,668 [47d72301-684e-48ba-af14-36fa0ba944f7@group-1135523AB2CE-LeaderElection4] INFO  server.RaftServerConfigKeys (ConfUtils.java:logGet(43)) - raft.server.log.appender.install.snapshot.enabled = false (custom)
2019-10-15 21:19:38,670 [47d72301-684e-48ba-af14-36fa0ba944f7@group-1135523AB2CE-LeaderElection4] INFO  server.RaftServerConfigKeys (ConfUtils.java:logGet(43)) - raft.server.log.appender.snapshot.chunk.size.max = 16MB (=16777216) (default)
2019-10-15 21:19:38,670 [47d72301-684e-48ba-af14-36fa0ba944f7@group-1135523AB2CE-LeaderElection4] INFO  server.RaftServerConfigKeys (ConfUtils.java:logGet(43)) - raft.server.log.appender.buffer.byte-limit = 33554432 (custom)
2019-10-15 21:19:38,670 [47d72301-684e-48ba-af14-36fa0ba944f7@group-1135523AB2CE-LeaderElection4] INFO  server.RaftServerConfigKeys (ConfUtils.java:logGet(43)) - raft.server.log.appender.buffer.element-limit = 1 (custom)
2019-10-15 21:19:38,670 [47d72301-684e-48ba-af14-36fa0ba944f7@group-1135523AB2CE-LeaderElection4] INFO  grpc.GrpcConfigKeys$Server (ConfUtils.java:logGet(43)) - raft.grpc.server.leader.outstanding.appends.max = 128 (default)
2019-10-15 21:19:38,671 [47d72301-684e-48ba-af14-36fa0ba944f7@group-1135523AB2CE-LeaderElection4] INFO  server.RaftServerConfigKeys (ConfUtils.java:logGet(43)) - raft.server.rpc.request.timeout = 3000ms (default)
2019-10-15 21:19:38,671 [47d72301-684e-48ba-af14-36fa0ba944f7@group-1135523AB2CE-LeaderElection4] INFO  server.RaftServerConfigKeys (ConfUtils.java:logGet(43)) - raft.server.log.appender.install.snapshot.enabled = false (custom)
2019-10-15 21:19:38,672 [47d72301-684e-48ba-af14-36fa0ba944f7@group-1135523AB2CE-LeaderElection4] INFO  impl.RoleInfo (RoleInfo.java:updateAndGet(143)) - 47d72301-684e-48ba-af14-36fa0ba944f7: start LeaderState
2019-10-15 21:19:38,673 [47d72301-684e-48ba-af14-36fa0ba944f7@group-1135523AB2CE-LeaderElection4] INFO  segmented.SegmentedRaftLogWorker (SegmentedRaftLogWorker.java:startLogSegment(385)) - 47d72301-684e-48ba-af14-36fa0ba944f7@group-1135523AB2CE-SegmentedRaftLogWorker: Starting segment from index:0
2019-10-15 21:19:38,673 [47d72301-684e-48ba-af14-36fa0ba944f7@group-1135523AB2CE-LeaderElection4] INFO  impl.RaftServerImpl (ServerState.java:setRaftConf(357)) - 47d72301-684e-48ba-af14-36fa0ba944f7@group-1135523AB2CE: set configuration 0: [436ea7cb-b08f-45a9-ac25-59983fb5da84:192.168.69.102:32878, 0eb142cf-b7a4-42cc-bedf-7b6b824b4e6a:192.168.69.102:43792, 47d72301-684e-48ba-af14-36fa0ba944f7:192.168.69.102:33903], old=null at 0
2019-10-15 21:19:38,676 [grpc-default-executor-2] INFO  impl.RaftServerImpl (ServerState.java:setLeader(256)) - 0eb142cf-b7a4-42cc-bedf-7b6b824b4e6a@group-1135523AB2CE: change Leader from null to 47d72301-684e-48ba-af14-36fa0ba944f7 at term 2 for appendEntries, leader elected after 237ms
2019-10-15 21:19:38,676 [grpc-default-executor-4] INFO  impl.RaftServerImpl (ServerState.java:setLeader(256)) - 436ea7cb-b08f-45a9-ac25-59983fb5da84@group-1135523AB2CE: change Leader from null to 47d72301-684e-48ba-af14-36fa0ba944f7 at term 2 for appendEntries, leader elected after 45ms
2019-10-15 21:19:38,701 [main] INFO  ozone.MiniOzoneClusterImpl (MiniOzoneClusterImpl.java:lambda$waitForClusterToBeReady$0(147)) - Cluster is ready. Got 3 of 3 DN Heartbeats.
2019-10-15 21:19:38,715 [grpc-default-executor-4] INFO  impl.RaftServerImpl (ServerState.java:setRaftConf(357)) - 0eb142cf-b7a4-42cc-bedf-7b6b824b4e6a@group-1135523AB2CE: set configuration 0: [436ea7cb-b08f-45a9-ac25-59983fb5da84:192.168.69.102:32878, 0eb142cf-b7a4-42cc-bedf-7b6b824b4e6a:192.168.69.102:43792, 47d72301-684e-48ba-af14-36fa0ba944f7:192.168.69.102:33903], old=null at 0
2019-10-15 21:19:38,715 [grpc-default-executor-2] INFO  impl.RaftServerImpl (ServerState.java:setRaftConf(357)) - 436ea7cb-b08f-45a9-ac25-59983fb5da84@group-1135523AB2CE: set configuration 0: [436ea7cb-b08f-45a9-ac25-59983fb5da84:192.168.69.102:32878, 0eb142cf-b7a4-42cc-bedf-7b6b824b4e6a:192.168.69.102:43792, 47d72301-684e-48ba-af14-36fa0ba944f7:192.168.69.102:33903], old=null at 0
2019-10-15 21:19:38,716 [grpc-default-executor-4] INFO  segmented.SegmentedRaftLogWorker (SegmentedRaftLogWorker.java:startLogSegment(385)) - 0eb142cf-b7a4-42cc-bedf-7b6b824b4e6a@group-1135523AB2CE-SegmentedRaftLogWorker: Starting segment from index:0
2019-10-15 21:19:38,718 [grpc-default-executor-2] INFO  segmented.SegmentedRaftLogWorker (SegmentedRaftLogWorker.java:truncate(401)) - 436ea7cb-b08f-45a9-ac25-59983fb5da84@group-1135523AB2CE-SegmentedRaftLogWorker: Truncating segments toTruncate: null
  toDelete: [(0, 0) isOpen? true, length=0, newEndIndex=-1], start index 0
2019-10-15 21:19:38,719 [grpc-default-executor-2] INFO  segmented.SegmentedRaftLogWorker (SegmentedRaftLogWorker.java:startLogSegment(385)) - 436ea7cb-b08f-45a9-ac25-59983fb5da84@group-1135523AB2CE-SegmentedRaftLogWorker: Starting segment from index:0
2019-10-15 21:19:38,720 [436ea7cb-b08f-45a9-ac25-59983fb5da84@group-1135523AB2CE-SegmentedRaftLogWorker] INFO  segmented.SegmentedRaftLogWorker (SegmentedRaftLogWorker.java:execute(640)) - 436ea7cb-b08f-45a9-ac25-59983fb5da84@group-1135523AB2CE-SegmentedRaftLogWorker: Deleted log file /workdir/hadoop-ozone/integration-test/target/test-dir/MiniOzoneClusterImpl-7ec64718-fc6c-4bdc-a59e-2452df301b4b/datanode-2/data/ratis/2edbc878-18e2-43a0-b08d-1135523ab2ce/current/log_inprogress_0
2019-10-15 21:19:38,720 [436ea7cb-b08f-45a9-ac25-59983fb5da84@group-1135523AB2CE-SegmentedRaftLogWorker] INFO  segmented.SegmentedRaftLogWorker (SegmentedRaftLogWorker.java:lambda$new$0(128)) - 436ea7cb-b08f-45a9-ac25-59983fb5da84@group-1135523AB2CE-SegmentedRaftLogWorker: flushIndex: setUnconditionally 0 -> -1
2019-10-15 21:19:38,721 [47d72301-684e-48ba-af14-36fa0ba944f7@group-1135523AB2CE-SegmentedRaftLogWorker] INFO  segmented.SegmentedRaftLogWorker (SegmentedRaftLogWorker.java:execute(576)) - 47d72301-684e-48ba-af14-36fa0ba944f7@group-1135523AB2CE-SegmentedRaftLogWorker: created new log segment /workdir/hadoop-ozone/integration-test/target/test-dir/MiniOzoneClusterImpl-7ec64718-fc6c-4bdc-a59e-2452df301b4b/datanode-1/data/ratis/2edbc878-18e2-43a0-b08d-1135523ab2ce/current/log_inprogress_0
2019-10-15 21:19:38,748 [436ea7cb-b08f-45a9-ac25-59983fb5da84@group-1135523AB2CE-SegmentedRaftLogWorker] INFO  segmented.SegmentedRaftLogWorker (SegmentedRaftLogWorker.java:execute(576)) - 436ea7cb-b08f-45a9-ac25-59983fb5da84@group-1135523AB2CE-SegmentedRaftLogWorker: created new log segment /workdir/hadoop-ozone/integration-test/target/test-dir/MiniOzoneClusterImpl-7ec64718-fc6c-4bdc-a59e-2452df301b4b/datanode-2/data/ratis/2edbc878-18e2-43a0-b08d-1135523ab2ce/current/log_inprogress_0
2019-10-15 21:19:38,748 [0eb142cf-b7a4-42cc-bedf-7b6b824b4e6a@group-1135523AB2CE-SegmentedRaftLogWorker] INFO  segmented.SegmentedRaftLogWorker (SegmentedRaftLogWorker.java:execute(576)) - 0eb142cf-b7a4-42cc-bedf-7b6b824b4e6a@group-1135523AB2CE-SegmentedRaftLogWorker: created new log segment /workdir/hadoop-ozone/integration-test/target/test-dir/MiniOzoneClusterImpl-7ec64718-fc6c-4bdc-a59e-2452df301b4b/datanode-0/data/ratis/2edbc878-18e2-43a0-b08d-1135523ab2ce/current/log_inprogress_0
2019-10-15 21:19:39,364 [main] INFO  rpc.RpcClient (RpcClient.java:createVolume(272)) - Creating Volume: testcontainerstatemachinefailures, with jenkins1000 as owner.
2019-10-15 21:19:39,437 [IPC Server handler 0 on 39228] INFO  volume.OMVolumeCreateRequest (OMVolumeCreateRequest.java:validateAndUpdateCache(193)) - created volume:testcontainerstatemachinefailures for user:jenkins1000
2019-10-15 21:19:39,454 [main] INFO  rpc.RpcClient (RpcClient.java:createBucket(411)) - Creating Bucket: testcontainerstatemachinefailures/testcontainerstatemachinefailures, with Versioning false and Storage Type set to DISK and Encryption set to false 
2019-10-15 21:19:39,557 [main] INFO  impl.MetricsSystemImpl (MetricsSystemImpl.java:init(158)) - XceiverClientMetrics metrics system started (again)
2019-10-15 21:19:39,996 [Datanode State Machine Thread - 0] INFO  statemachine.DatanodeStateMachine (DatanodeStateMachine.java:lambda$startDaemon$0(350)) - Ozone container server started.
2019-10-15 21:19:40,555 [Thread-181] INFO  container.ReplicationManager (ReplicationManager.java:start(162)) - Starting Replication Monitor Thread.
2019-10-15 21:19:40,557 [ReplicationMonitor] INFO  container.ReplicationManager (ReplicationManager.java:run(225)) - Replication Monitor Thread took 1 milliseconds for processing 1 containers.
2019-10-15 21:19:44,991 [main] INFO  ozoneimpl.OzoneContainer (OzoneContainer.java:stop(227)) - Attempting to stop container services.
2019-10-15 21:19:44,993 [main] INFO  impl.RaftServerProxy (RaftServerProxy.java:lambda$close$4(314)) - 436ea7cb-b08f-45a9-ac25-59983fb5da84: close
2019-10-15 21:19:44,995 [main] INFO  impl.RaftServerImpl (RaftServerImpl.java:lambda$shutdown$3(261)) - 436ea7cb-b08f-45a9-ac25-59983fb5da84@group-470080A10795: shutdown
2019-10-15 21:19:44,995 [ForkJoinPool.commonPool-worker-0] INFO  impl.RaftServerImpl (RaftServerImpl.java:lambda$shutdown$3(261)) - 436ea7cb-b08f-45a9-ac25-59983fb5da84@group-1135523AB2CE: shutdown
2019-10-15 21:19:44,995 [main] INFO  util.JmxRegister (JmxRegister.java:unregister(73)) - Successfully un-registered JMX Bean with object name Ratis:service=RaftServer,group=group-470080A10795,id=436ea7cb-b08f-45a9-ac25-59983fb5da84
2019-10-15 21:19:44,995 [ForkJoinPool.commonPool-worker-0] INFO  util.JmxRegister (JmxRegister.java:unregister(73)) - Successfully un-registered JMX Bean with object name Ratis:service=RaftServer,group=group-1135523AB2CE,id=436ea7cb-b08f-45a9-ac25-59983fb5da84
2019-10-15 21:19:44,995 [main] INFO  impl.RoleInfo (RoleInfo.java:shutdownLeaderState(104)) - 436ea7cb-b08f-45a9-ac25-59983fb5da84: shutdown LeaderState
2019-10-15 21:19:44,996 [ForkJoinPool.commonPool-worker-0] INFO  impl.RoleInfo (RoleInfo.java:shutdownFollowerState(121)) - 436ea7cb-b08f-45a9-ac25-59983fb5da84: shutdown FollowerState
2019-10-15 21:19:44,996 [main] INFO  impl.PendingRequests (PendingRequests.java:sendNotLeaderResponses(202)) - 436ea7cb-b08f-45a9-ac25-59983fb5da84@group-470080A10795-PendingRequests: sendNotLeaderResponses
2019-10-15 21:19:44,997 [Thread-223] INFO  impl.FollowerState (FollowerState.java:run(117)) - 436ea7cb-b08f-45a9-ac25-59983fb5da84@group-1135523AB2CE-FollowerState was interrupted: java.lang.InterruptedException: sleep interrupted
2019-10-15 21:19:44,997 [ForkJoinPool.commonPool-worker-0] INFO  impl.StateMachineUpdater (StateMachineUpdater.java:stopAndJoin(136)) - 436ea7cb-b08f-45a9-ac25-59983fb5da84@group-1135523AB2CE-StateMachineUpdater: set stopIndex = 4
2019-10-15 21:19:44,997 [436ea7cb-b08f-45a9-ac25-59983fb5da84@group-1135523AB2CE-StateMachineUpdater] INFO  ratis.ContainerStateMachine (ContainerStateMachine.java:takeSnapshot(294)) - group-1135523AB2CE: Taking a snapshot at:(t:2, i:3) file /workdir/hadoop-ozone/integration-test/target/test-dir/MiniOzoneClusterImpl-7ec64718-fc6c-4bdc-a59e-2452df301b4b/datanode-2/data/ratis/2edbc878-18e2-43a0-b08d-1135523ab2ce/sm/snapshot.2_3
2019-10-15 21:19:44,999 [main] INFO  impl.StateMachineUpdater (StateMachineUpdater.java:stopAndJoin(136)) - 436ea7cb-b08f-45a9-ac25-59983fb5da84@group-470080A10795-StateMachineUpdater: set stopIndex = 0
2019-10-15 21:19:45,001 [main] INFO  impl.RaftServerImpl (ServerState.java:close(388)) - 436ea7cb-b08f-45a9-ac25-59983fb5da84@group-470080A10795: closes. applyIndex: 0
2019-10-15 21:19:45,003 [436ea7cb-b08f-45a9-ac25-59983fb5da84@group-470080A10795-SegmentedRaftLogWorker] INFO  segmented.SegmentedRaftLogWorker (SegmentedRaftLogWorker.java:run(316)) - 436ea7cb-b08f-45a9-ac25-59983fb5da84@group-470080A10795-SegmentedRaftLogWorker was interrupted, exiting. There are 0 tasks remaining in the queue.
2019-10-15 21:19:45,005 [main] INFO  segmented.SegmentedRaftLogWorker (SegmentedRaftLogWorker.java:close(224)) - 436ea7cb-b08f-45a9-ac25-59983fb5da84@group-470080A10795-SegmentedRaftLogWorker close()
2019-10-15 21:19:45,096 [436ea7cb-b08f-45a9-ac25-59983fb5da84@group-1135523AB2CE-StateMachineUpdater] INFO  ratis.ContainerStateMachine (ContainerStateMachine.java:takeSnapshot(305)) - group-1135523AB2CE: Finished taking a snapshot at:(t:2, i:3) file:/workdir/hadoop-ozone/integration-test/target/test-dir/MiniOzoneClusterImpl-7ec64718-fc6c-4bdc-a59e-2452df301b4b/datanode-2/data/ratis/2edbc878-18e2-43a0-b08d-1135523ab2ce/sm/snapshot.2_3 time:99
2019-10-15 21:19:45,097 [436ea7cb-b08f-45a9-ac25-59983fb5da84@group-1135523AB2CE-StateMachineUpdater] INFO  impl.StateMachineUpdater (StateMachineUpdater.java:takeSnapshot(269)) - 436ea7cb-b08f-45a9-ac25-59983fb5da84@group-1135523AB2CE-StateMachineUpdater: Took a snapshot at index 3
2019-10-15 21:19:45,098 [436ea7cb-b08f-45a9-ac25-59983fb5da84@group-1135523AB2CE-StateMachineUpdater] INFO  impl.StateMachineUpdater (StateMachineUpdater.java:lambda$new$0(84)) - 436ea7cb-b08f-45a9-ac25-59983fb5da84@group-1135523AB2CE-StateMachineUpdater: snapshotIndex: updateIncreasingly -1 -> 3
2019-10-15 21:19:45,101 [436ea7cb-b08f-45a9-ac25-59983fb5da84@group-1135523AB2CE-StateMachineUpdater] INFO  ratis.ContainerStateMachine (ContainerStateMachine.java:takeSnapshot(294)) - group-1135523AB2CE: Taking a snapshot at:(t:2, i:3) file /workdir/hadoop-ozone/integration-test/target/test-dir/MiniOzoneClusterImpl-7ec64718-fc6c-4bdc-a59e-2452df301b4b/datanode-2/data/ratis/2edbc878-18e2-43a0-b08d-1135523ab2ce/sm/snapshot.2_3
2019-10-15 21:19:45,111 [436ea7cb-b08f-45a9-ac25-59983fb5da84@group-1135523AB2CE-StateMachineUpdater] INFO  ratis.ContainerStateMachine (ContainerStateMachine.java:takeSnapshot(305)) - group-1135523AB2CE: Finished taking a snapshot at:(t:2, i:3) file:/workdir/hadoop-ozone/integration-test/target/test-dir/MiniOzoneClusterImpl-7ec64718-fc6c-4bdc-a59e-2452df301b4b/datanode-2/data/ratis/2edbc878-18e2-43a0-b08d-1135523ab2ce/sm/snapshot.2_3 time:10
2019-10-15 21:19:45,111 [436ea7cb-b08f-45a9-ac25-59983fb5da84@group-1135523AB2CE-StateMachineUpdater] INFO  impl.StateMachineUpdater (StateMachineUpdater.java:takeSnapshot(269)) - 436ea7cb-b08f-45a9-ac25-59983fb5da84@group-1135523AB2CE-StateMachineUpdater: Took a snapshot at index 3
2019-10-15 21:19:45,111 [436ea7cb-b08f-45a9-ac25-59983fb5da84@group-1135523AB2CE-StateMachineUpdater] INFO  impl.StateMachineUpdater (StateMachineUpdater.java:lambda$new$0(84)) - 436ea7cb-b08f-45a9-ac25-59983fb5da84@group-1135523AB2CE-StateMachineUpdater: snapshotIndex: updateIncreasingly 3 -> 3
2019-10-15 21:19:45,112 [ForkJoinPool.commonPool-worker-0] INFO  impl.RaftServerImpl (ServerState.java:close(388)) - 436ea7cb-b08f-45a9-ac25-59983fb5da84@group-1135523AB2CE: closes. applyIndex: 4
2019-10-15 21:19:45,112 [436ea7cb-b08f-45a9-ac25-59983fb5da84@group-1135523AB2CE-SegmentedRaftLogWorker] INFO  segmented.SegmentedRaftLogWorker (SegmentedRaftLogWorker.java:run(316)) - 436ea7cb-b08f-45a9-ac25-59983fb5da84@group-1135523AB2CE-SegmentedRaftLogWorker was interrupted, exiting. There are 0 tasks remaining in the queue.
2019-10-15 21:19:45,113 [ForkJoinPool.commonPool-worker-0] INFO  segmented.SegmentedRaftLogWorker (SegmentedRaftLogWorker.java:close(224)) - 436ea7cb-b08f-45a9-ac25-59983fb5da84@group-1135523AB2CE-SegmentedRaftLogWorker close()
2019-10-15 21:19:45,115 [main] INFO  server.GrpcService (GrpcService.java:closeImpl(164)) - 436ea7cb-b08f-45a9-ac25-59983fb5da84: shutdown server with port 32878 now
2019-10-15 21:19:45,121 [grpc-default-executor-2] WARN  server.GrpcServerProtocolService (LogUtils.java:warn(134)) - 436ea7cb-b08f-45a9-ac25-59983fb5da84: installSnapshot onError, lastRequest: 47d72301-684e-48ba-af14-36fa0ba944f7->436ea7cb-b08f-45a9-ac25-59983fb5da84#7-t2, previous=(t:2, i:4), leaderCommit=4, initializing? false, entries: <empty>: org.apache.ratis.thirdparty.io.grpc.StatusRuntimeException: CANCELLED: cancelled before receiving half close
2019-10-15 21:19:45,121 [main] INFO  server.GrpcService (GrpcService.java:closeImpl(172)) - 436ea7cb-b08f-45a9-ac25-59983fb5da84: shutdown server with port 32878 successfully
2019-10-15 21:19:45,123 [grpc-default-executor-4] WARN  server.GrpcLogAppender (LogUtils.java:warn(134)) - 47d72301-684e-48ba-af14-36fa0ba944f7@group-1135523AB2CE->436ea7cb-b08f-45a9-ac25-59983fb5da84-AppendLogResponseHandler: Failed appendEntries: org.apache.ratis.thirdparty.io.grpc.StatusRuntimeException: CANCELLED: HTTP/2 error code: CANCEL
Received Rst Stream
2019-10-15 21:19:45,124 [refreshUsed-/workdir/hadoop-ozone/integration-test/target/test-dir/MiniOzoneClusterImpl-7ec64718-fc6c-4bdc-a59e-2452df301b4b/datanode-2/data/containers] WARN  fs.CachingGetSpaceUsed (CachingGetSpaceUsed.java:run(183)) - Thread Interrupted waiting to refresh disk information: sleep interrupted
2019-10-15 21:19:45,139 [main] INFO  utils.BackgroundService (BackgroundService.java:shutdown(151)) - Shutting down service BlockDeletingService
2019-10-15 21:19:45,145 [main] INFO  statemachine.DatanodeStateMachine (DatanodeStateMachine.java:stopDaemon(395)) - Ozone container server stopped.
2019-10-15 21:19:45,149 [main] INFO  handler.ContextHandler (ContextHandler.java:doStop(910)) - Stopped o.e.j.w.WebAppContext@54e3658c{/,null,UNAVAILABLE}{/hddsDatanode}
2019-10-15 21:19:45,153 [main] INFO  server.AbstractConnector (AbstractConnector.java:doStop(318)) - Stopped ServerConnector@43e9089{HTTP/1.1,[http/1.1]}{0.0.0.0:0}
2019-10-15 21:19:45,153 [main] INFO  handler.ContextHandler (ContextHandler.java:doStop(910)) - Stopped o.e.j.s.ServletContextHandler@558756be{/static,jar:file:/home/user/.m2/repository/org/apache/hadoop/hadoop-hdds-container-service/0.5.0-SNAPSHOT/hadoop-hdds-container-service-0.5.0-SNAPSHOT.jar!/webapps/static,UNAVAILABLE}
2019-10-15 21:19:45,154 [main] INFO  handler.ContextHandler (ContextHandler.java:doStop(910)) - Stopped o.e.j.s.ServletContextHandler@6069dd38{/logs,file:///workdir/hadoop-ozone/integration-test/target/log,UNAVAILABLE}
2019-10-15 21:19:48,163 [java.util.concurrent.ThreadPoolExecutor$Worker@28bf4c2e[State = -1, empty queue]] WARN  server.GrpcLogAppender (GrpcLogAppender.java:timeoutAppendRequest(209)) - 47d72301-684e-48ba-af14-36fa0ba944f7@group-1135523AB2CE->436ea7cb-b08f-45a9-ac25-59983fb5da84-GrpcLogAppender: appendEntries Timeout, request=47d72301-684e-48ba-af14-36fa0ba944f7->436ea7cb-b08f-45a9-ac25-59983fb5da84#8-t2, previous=(t:2, i:4), leaderCommit=4, initializing? false, entries: size=1, first=(t:2, i:5), STATEMACHINELOGENTRY, client-E312EE24CE89, cid=8
2019-10-15 21:19:48,163 [java.util.concurrent.ThreadPoolExecutor$Worker@28bf4c2e[State = -1, empty queue]] WARN  server.GrpcLogAppender (GrpcLogAppender.java:timeoutAppendRequest(209)) - 47d72301-684e-48ba-af14-36fa0ba944f7@group-1135523AB2CE->436ea7cb-b08f-45a9-ac25-59983fb5da84-GrpcLogAppender: appendEntries Timeout, request=47d72301-684e-48ba-af14-36fa0ba944f7->436ea7cb-b08f-45a9-ac25-59983fb5da84#9-t2, previous=(t:2, i:5), leaderCommit=4, initializing? false, entries: size=1, first=(t:2, i:6), STATEMACHINELOGENTRY, client-E312EE24CE89, cid=9
2019-10-15 21:19:48,169 [java.util.concurrent.ThreadPoolExecutor$Worker@28bf4c2e[State = -1, empty queue]] WARN  server.GrpcLogAppender (GrpcLogAppender.java:timeoutAppendRequest(209)) - 47d72301-684e-48ba-af14-36fa0ba944f7@group-1135523AB2CE->436ea7cb-b08f-45a9-ac25-59983fb5da84-GrpcLogAppender: appendEntries Timeout, request=47d72301-684e-48ba-af14-36fa0ba944f7->436ea7cb-b08f-45a9-ac25-59983fb5da84#10-t2, previous=(t:2, i:6), leaderCommit=5, initializing? false, entries: size=1, first=(t:2, i:7), METADATAENTRY(c5)
2019-10-15 21:19:48,170 [java.util.concurrent.ThreadPoolExecutor$Worker@28bf4c2e[State = -1, empty queue]] WARN  server.GrpcLogAppender (GrpcLogAppender.java:timeoutAppendRequest(209)) - 47d72301-684e-48ba-af14-36fa0ba944f7@group-1135523AB2CE->436ea7cb-b08f-45a9-ac25-59983fb5da84-GrpcLogAppender: appendEntries Timeout, request=47d72301-684e-48ba-af14-36fa0ba944f7->436ea7cb-b08f-45a9-ac25-59983fb5da84#11-t2, previous=(t:2, i:7), leaderCommit=6, initializing? false, entries: size=1, first=(t:2, i:8), METADATAENTRY(c6)
2019-10-15 21:19:50,672 [java.util.concurrent.ThreadPoolExecutor$Worker@28bf4c2e[State = -1, empty queue]] WARN  server.GrpcLogAppender (GrpcLogAppender.java:timeoutAppendRequest(209)) - 47d72301-684e-48ba-af14-36fa0ba944f7@group-1135523AB2CE->436ea7cb-b08f-45a9-ac25-59983fb5da84-GrpcLogAppender: appendEntries Timeout, request=47d72301-684e-48ba-af14-36fa0ba944f7->436ea7cb-b08f-45a9-ac25-59983fb5da84#12-t2, previous=(t:2, i:8), leaderCommit=8, initializing? false, entries: <empty>
2019-10-15 21:19:53,173 [java.util.concurrent.ThreadPoolExecutor$Worker@28bf4c2e[State = -1, empty queue]] WARN  server.GrpcLogAppender (GrpcLogAppender.java:timeoutAppendRequest(209)) - 47d72301-684e-48ba-af14-36fa0ba944f7@group-1135523AB2CE->436ea7cb-b08f-45a9-ac25-59983fb5da84-GrpcLogAppender: appendEntries Timeout, request=47d72301-684e-48ba-af14-36fa0ba944f7->436ea7cb-b08f-45a9-ac25-59983fb5da84#13-t2, previous=(t:2, i:8), leaderCommit=8, initializing? false, entries: <empty>
2019-10-15 21:19:55,674 [java.util.concurrent.ThreadPoolExecutor$Worker@28bf4c2e[State = -1, empty queue]] WARN  server.GrpcLogAppender (GrpcLogAppender.java:timeoutAppendRequest(209)) - 47d72301-684e-48ba-af14-36fa0ba944f7@group-1135523AB2CE->436ea7cb-b08f-45a9-ac25-59983fb5da84-GrpcLogAppender: appendEntries Timeout, request=47d72301-684e-48ba-af14-36fa0ba944f7->436ea7cb-b08f-45a9-ac25-59983fb5da84#14-t2, previous=(t:2, i:8), leaderCommit=8, initializing? false, entries: <empty>
2019-10-15 21:19:55,890 [Thread-290] INFO  client.GrpcClientProtocolService (GrpcClientProtocolService.java:lambda$processClientRequest$0(278)) - Failed RaftClientRequest:client-E312EE24CE89->47d72301-684e-48ba-af14-36fa0ba944f7@group-1135523AB2CE, cid=10, seq=0, Watch-ALL_COMMITTED(6), Message:<EMPTY>, reply=RaftClientReply:client-E312EE24CE89->47d72301-684e-48ba-af14-36fa0ba944f7@group-1135523AB2CE, cid=10, FAILED org.apache.ratis.protocol.NotReplicatedException: Request with call Id 10 and log index 6 is not yet replicated to ALL_COMMITTED, logIndex=6, commits[47d72301-684e-48ba-af14-36fa0ba944f7:c8, 436ea7cb-b08f-45a9-ac25-59983fb5da84:c4, 0eb142cf-b7a4-42cc-bedf-7b6b824b4e6a:c8]
2019-10-15 21:19:58,177 [java.util.concurrent.ThreadPoolExecutor$Worker@28bf4c2e[State = -1, empty queue]] WARN  server.GrpcLogAppender (GrpcLogAppender.java:timeoutAppendRequest(209)) - 47d72301-684e-48ba-af14-36fa0ba944f7@group-1135523AB2CE->436ea7cb-b08f-45a9-ac25-59983fb5da84-GrpcLogAppender: appendEntries Timeout, request=47d72301-684e-48ba-af14-36fa0ba944f7->436ea7cb-b08f-45a9-ac25-59983fb5da84#15-t2, previous=(t:2, i:8), leaderCommit=8, initializing? false, entries: <empty>
2019-10-15 21:20:00,678 [java.util.concurrent.ThreadPoolExecutor$Worker@28bf4c2e[State = -1, empty queue]] WARN  server.GrpcLogAppender (GrpcLogAppender.java:timeoutAppendRequest(209)) - 47d72301-684e-48ba-af14-36fa0ba944f7@group-1135523AB2CE->436ea7cb-b08f-45a9-ac25-59983fb5da84-GrpcLogAppender: appendEntries Timeout, request=47d72301-684e-48ba-af14-36fa0ba944f7->436ea7cb-b08f-45a9-ac25-59983fb5da84#16-t2, previous=(t:2, i:8), leaderCommit=8, initializing? false, entries: <empty>
2019-10-15 21:20:03,179 [java.util.concurrent.ThreadPoolExecutor$Worker@28bf4c2e[State = -1, empty queue]] WARN  server.GrpcLogAppender (GrpcLogAppender.java:timeoutAppendRequest(209)) - 47d72301-684e-48ba-af14-36fa0ba944f7@group-1135523AB2CE->436ea7cb-b08f-45a9-ac25-59983fb5da84-GrpcLogAppender: appendEntries Timeout, request=47d72301-684e-48ba-af14-36fa0ba944f7->436ea7cb-b08f-45a9-ac25-59983fb5da84#17-t2, previous=(t:2, i:8), leaderCommit=8, initializing? false, entries: <empty>
2019-10-15 21:20:04,223 [Thread-296] INFO  client.GrpcClientProtocolService (GrpcClientProtocolService.java:lambda$processClientRequest$0(278)) - Failed RaftClientRequest:client-E312EE24CE89->0eb142cf-b7a4-42cc-bedf-7b6b824b4e6a@group-1135523AB2CE, cid=10, seq=0, Watch-ALL_COMMITTED(6), Message:<EMPTY>, reply=RaftClientReply:client-E312EE24CE89->0eb142cf-b7a4-42cc-bedf-7b6b824b4e6a@group-1135523AB2CE, cid=10, FAILED org.apache.ratis.protocol.NotLeaderException: Server 0eb142cf-b7a4-42cc-bedf-7b6b824b4e6a@group-1135523AB2CE is not the leader 47d72301-684e-48ba-af14-36fa0ba944f7:192.168.69.102:33903, logIndex=0, commits[0eb142cf-b7a4-42cc-bedf-7b6b824b4e6a:c8, 436ea7cb-b08f-45a9-ac25-59983fb5da84:c4, 47d72301-684e-48ba-af14-36fa0ba944f7:c8]
2019-10-15 21:20:05,679 [java.util.concurrent.ThreadPoolExecutor$Worker@28bf4c2e[State = -1, empty queue]] WARN  server.GrpcLogAppender (GrpcLogAppender.java:timeoutAppendRequest(209)) - 47d72301-684e-48ba-af14-36fa0ba944f7@group-1135523AB2CE->436ea7cb-b08f-45a9-ac25-59983fb5da84-GrpcLogAppender: appendEntries Timeout, request=47d72301-684e-48ba-af14-36fa0ba944f7->436ea7cb-b08f-45a9-ac25-59983fb5da84#18-t2, previous=(t:2, i:8), leaderCommit=8, initializing? false, entries: <empty>
2019-10-15 21:20:05,884 [Thread-300] INFO  client.GrpcClientProtocolService (GrpcClientProtocolService.java:lambda$processClientRequest$0(278)) - Failed RaftClientRequest:client-E312EE24CE89->47d72301-684e-48ba-af14-36fa0ba944f7@group-1135523AB2CE, cid=10, seq=0, Watch-ALL_COMMITTED(6), Message:<EMPTY>, reply=RaftClientReply:client-E312EE24CE89->47d72301-684e-48ba-af14-36fa0ba944f7@group-1135523AB2CE, cid=10, FAILED org.apache.ratis.protocol.NotReplicatedException: Request with call Id 10 and log index 6 is not yet replicated to ALL_COMMITTED, logIndex=6, commits[47d72301-684e-48ba-af14-36fa0ba944f7:c8, 436ea7cb-b08f-45a9-ac25-59983fb5da84:c4, 0eb142cf-b7a4-42cc-bedf-7b6b824b4e6a:c8]
2019-10-15 21:20:08,180 [java.util.concurrent.ThreadPoolExecutor$Worker@28bf4c2e[State = -1, empty queue]] WARN  server.GrpcLogAppender (GrpcLogAppender.java:timeoutAppendRequest(209)) - 47d72301-684e-48ba-af14-36fa0ba944f7@group-1135523AB2CE->436ea7cb-b08f-45a9-ac25-59983fb5da84-GrpcLogAppender: appendEntries Timeout, request=47d72301-684e-48ba-af14-36fa0ba944f7->436ea7cb-b08f-45a9-ac25-59983fb5da84#19-t2, previous=(t:2, i:8), leaderCommit=8, initializing? false, entries: <empty>
2019-10-15 21:20:10,683 [java.util.concurrent.ThreadPoolExecutor$Worker@28bf4c2e[State = -1, empty queue]] WARN  server.GrpcLogAppender (GrpcLogAppender.java:timeoutAppendRequest(209)) - 47d72301-684e-48ba-af14-36fa0ba944f7@group-1135523AB2CE->436ea7cb-b08f-45a9-ac25-59983fb5da84-GrpcLogAppender: appendEntries Timeout, request=47d72301-684e-48ba-af14-36fa0ba944f7->436ea7cb-b08f-45a9-ac25-59983fb5da84#20-t2, previous=(t:2, i:8), leaderCommit=8, initializing? false, entries: <empty>
2019-10-15 21:20:13,185 [java.util.concurrent.ThreadPoolExecutor$Worker@28bf4c2e[State = -1, empty queue]] WARN  server.GrpcLogAppender (GrpcLogAppender.java:timeoutAppendRequest(209)) - 47d72301-684e-48ba-af14-36fa0ba944f7@group-1135523AB2CE->436ea7cb-b08f-45a9-ac25-59983fb5da84-GrpcLogAppender: appendEntries Timeout, request=47d72301-684e-48ba-af14-36fa0ba944f7->436ea7cb-b08f-45a9-ac25-59983fb5da84#21-t2, previous=(t:2, i:8), leaderCommit=8, initializing? false, entries: <empty>
2019-10-15 21:20:14,885 [Thread-308] INFO  client.GrpcClientProtocolService (GrpcClientProtocolService.java:lambda$processClientRequest$0(278)) - Failed RaftClientRequest:client-E312EE24CE89->47d72301-684e-48ba-af14-36fa0ba944f7@group-1135523AB2CE, cid=10, seq=0, Watch-ALL_COMMITTED(6), Message:<EMPTY>, reply=RaftClientReply:client-E312EE24CE89->47d72301-684e-48ba-af14-36fa0ba944f7@group-1135523AB2CE, cid=10, FAILED org.apache.ratis.protocol.NotReplicatedException: Request with call Id 10 and log index 6 is not yet replicated to ALL_COMMITTED, logIndex=6, commits[47d72301-684e-48ba-af14-36fa0ba944f7:c8, 436ea7cb-b08f-45a9-ac25-59983fb5da84:c4, 0eb142cf-b7a4-42cc-bedf-7b6b824b4e6a:c8]
2019-10-15 21:20:15,184 [main] WARN  scm.XceiverClientRatis (XceiverClientRatis.java:watchForCommit(277)) - 3 way commit failed on pipeline Pipeline[ Id: 2edbc878-18e2-43a0-b08d-1135523ab2ce, Nodes: 47d72301-684e-48ba-af14-36fa0ba944f7{ip: 192.168.69.102, host: pr-hdds-2254-trunk-ddzgt-1485873308, networkLocation: /default-rack, certSerialId: null}0eb142cf-b7a4-42cc-bedf-7b6b824b4e6a{ip: 192.168.69.102, host: pr-hdds-2254-trunk-ddzgt-1485873308, networkLocation: /default-rack, certSerialId: null}436ea7cb-b08f-45a9-ac25-59983fb5da84{ip: 192.168.69.102, host: pr-hdds-2254-trunk-ddzgt-1485873308, networkLocation: /default-rack, certSerialId: null}, Type:RATIS, Factor:THREE, State:OPEN]
java.util.concurrent.TimeoutException
	at java.util.concurrent.CompletableFuture.timedGet(CompletableFuture.java:1771)
	at java.util.concurrent.CompletableFuture.get(CompletableFuture.java:1915)
	at org.apache.hadoop.hdds.scm.XceiverClientRatis.watchForCommit(XceiverClientRatis.java:274)
	at org.apache.hadoop.hdds.scm.storage.CommitWatcher.watchForCommit(CommitWatcher.java:198)
	at org.apache.hadoop.hdds.scm.storage.CommitWatcher.watchOnLastIndex(CommitWatcher.java:161)
	at org.apache.hadoop.hdds.scm.storage.BlockOutputStream.watchForCommit(BlockOutputStream.java:346)
	at org.apache.hadoop.hdds.scm.storage.BlockOutputStream.handleFlush(BlockOutputStream.java:482)
	at org.apache.hadoop.hdds.scm.storage.BlockOutputStream.close(BlockOutputStream.java:496)
	at org.apache.hadoop.ozone.client.io.BlockOutputStreamEntry.close(BlockOutputStreamEntry.java:143)
	at org.apache.hadoop.ozone.client.io.KeyOutputStream.handleFlushOrClose(KeyOutputStream.java:435)
	at org.apache.hadoop.ozone.client.io.KeyOutputStream.close(KeyOutputStream.java:473)
	at org.apache.hadoop.ozone.client.io.OzoneOutputStream.close(OzoneOutputStream.java:60)
	at org.apache.hadoop.ozone.client.rpc.TestDeleteWithSlowFollower.testDeleteKeyWithSlowFollower(TestDeleteWithSlowFollower.java:193)
	at sun.reflect.NativeMethodAccessorImpl.invoke0(Native Method)
	at sun.reflect.NativeMethodAccessorImpl.invoke(NativeMethodAccessorImpl.java:62)
	at sun.reflect.DelegatingMethodAccessorImpl.invoke(DelegatingMethodAccessorImpl.java:43)
	at java.lang.reflect.Method.invoke(Method.java:498)
	at org.junit.runners.model.FrameworkMethod$1.runReflectiveCall(FrameworkMethod.java:47)
	at org.junit.internal.runners.model.ReflectiveCallable.run(ReflectiveCallable.java:12)
	at org.junit.runners.model.FrameworkMethod.invokeExplosively(FrameworkMethod.java:44)
	at org.junit.internal.runners.statements.InvokeMethod.evaluate(InvokeMethod.java:17)
	at org.junit.runners.ParentRunner.runLeaf(ParentRunner.java:271)
	at org.junit.runners.BlockJUnit4ClassRunner.runChild(BlockJUnit4ClassRunner.java:70)
	at org.junit.runners.BlockJUnit4ClassRunner.runChild(BlockJUnit4ClassRunner.java:50)
	at org.junit.runners.ParentRunner$3.run(ParentRunner.java:238)
	at org.junit.runners.ParentRunner$1.schedule(ParentRunner.java:63)
	at org.junit.runners.ParentRunner.runChildren(ParentRunner.java:236)
	at org.junit.runners.ParentRunner.access$000(ParentRunner.java:53)
	at org.junit.runners.ParentRunner$2.evaluate(ParentRunner.java:229)
	at org.junit.internal.runners.statements.RunBefores.evaluate(RunBefores.java:26)
	at org.junit.internal.runners.statements.RunAfters.evaluate(RunAfters.java:27)
	at org.junit.runners.ParentRunner.run(ParentRunner.java:309)
	at org.apache.maven.surefire.junit4.JUnit4Provider.execute(JUnit4Provider.java:365)
	at org.apache.maven.surefire.junit4.JUnit4Provider.executeWithRerun(JUnit4Provider.java:273)
	at org.apache.maven.surefire.junit4.JUnit4Provider.executeTestSet(JUnit4Provider.java:238)
	at org.apache.maven.surefire.junit4.JUnit4Provider.invoke(JUnit4Provider.java:159)
	at org.apache.maven.surefire.booter.ForkedBooter.invokeProviderInSameClassLoader(ForkedBooter.java:384)
	at org.apache.maven.surefire.booter.ForkedBooter.runSuitesInProcess(ForkedBooter.java:345)
	at org.apache.maven.surefire.booter.ForkedBooter.execute(ForkedBooter.java:126)
	at org.apache.maven.surefire.booter.ForkedBooter.main(ForkedBooter.java:418)
2019-10-15 21:20:15,200 [main] INFO  scm.XceiverClientRatis (XceiverClientRatis.java:lambda$watchForCommit$5(295)) - Could not commit index 6 on pipeline Pipeline[ Id: 2edbc878-18e2-43a0-b08d-1135523ab2ce, Nodes: 47d72301-684e-48ba-af14-36fa0ba944f7{ip: 192.168.69.102, host: pr-hdds-2254-trunk-ddzgt-1485873308, networkLocation: /default-rack, certSerialId: null}0eb142cf-b7a4-42cc-bedf-7b6b824b4e6a{ip: 192.168.69.102, host: pr-hdds-2254-trunk-ddzgt-1485873308, networkLocation: /default-rack, certSerialId: null}436ea7cb-b08f-45a9-ac25-59983fb5da84{ip: 192.168.69.102, host: pr-hdds-2254-trunk-ddzgt-1485873308, networkLocation: /default-rack, certSerialId: null}, Type:RATIS, Factor:THREE, State:OPEN] to all the nodes. Server 436ea7cb-b08f-45a9-ac25-59983fb5da84 has failed. Committed by majority.
2019-10-15 21:20:15,201 [main] WARN  storage.BlockOutputStream (BlockOutputStream.java:watchForCommit(352)) - Failed to commit BlockId conID: 1 locID: 102968484134912000 bcsId: 6 on Pipeline[ Id: 2edbc878-18e2-43a0-b08d-1135523ab2ce, Nodes: 47d72301-684e-48ba-af14-36fa0ba944f7{ip: 192.168.69.102, host: pr-hdds-2254-trunk-ddzgt-1485873308, networkLocation: /default-rack, certSerialId: null}0eb142cf-b7a4-42cc-bedf-7b6b824b4e6a{ip: 192.168.69.102, host: pr-hdds-2254-trunk-ddzgt-1485873308, networkLocation: /default-rack, certSerialId: null}436ea7cb-b08f-45a9-ac25-59983fb5da84{ip: 192.168.69.102, host: pr-hdds-2254-trunk-ddzgt-1485873308, networkLocation: /default-rack, certSerialId: null}, Type:RATIS, Factor:THREE, State:OPEN]. Failed nodes: [436ea7cb-b08f-45a9-ac25-59983fb5da84{ip: null, host: null, networkLocation: /default-rack, certSerialId: null}]
2019-10-15 21:20:15,273 [EventQueue-IncrementalContainerReportForIncrementalContainerReportHandler] WARN  container.IncrementalContainerReportHandler (AbstractContainerReportHandler.java:updateContainerState(145)) - Container #1 is in OPEN state, but the datanode 47d72301-684e-48ba-af14-36fa0ba944f7{ip: 192.168.69.102, host: pr-hdds-2254-trunk-ddzgt-1485873308, networkLocation: /default-rack, certSerialId: null} reports an CLOSING replica.
2019-10-15 21:20:15,275 [RatisApplyTransactionExecutor 1] INFO  interfaces.Container (KeyValueContainer.java:flushAndSyncDB(386)) - Container 1 is synced with bcsId 6.
2019-10-15 21:20:15,278 [EventQueue-IncrementalContainerReportForIncrementalContainerReportHandler] WARN  container.IncrementalContainerReportHandler (AbstractContainerReportHandler.java:updateContainerState(145)) - Container #1 is in OPEN state, but the datanode 0eb142cf-b7a4-42cc-bedf-7b6b824b4e6a{ip: 192.168.69.102, host: pr-hdds-2254-trunk-ddzgt-1485873308, networkLocation: /default-rack, certSerialId: null} reports an CLOSING replica.
2019-10-15 21:20:15,278 [RatisApplyTransactionExecutor 1] INFO  interfaces.Container (KeyValueContainer.java:flushAndSyncDB(386)) - Container 1 is synced with bcsId 6.
2019-10-15 21:20:15,285 [RatisApplyTransactionExecutor 1] INFO  interfaces.Container (KeyValueContainer.java:flushAndSyncDB(386)) - Container 1 is synced with bcsId 6.
2019-10-15 21:20:15,293 [RatisApplyTransactionExecutor 1] INFO  interfaces.Container (KeyValueContainer.java:flushAndSyncDB(386)) - Container 1 is synced with bcsId 6.
2019-10-15 21:20:15,288 [RatisApplyTransactionExecutor 1] INFO  interfaces.Container (KeyValueContainer.java:close(335)) - Container 1 is closed with bcsId 6.
2019-10-15 21:20:15,301 [EventQueue-IncrementalContainerReportForIncrementalContainerReportHandler] WARN  container.IncrementalContainerReportHandler (AbstractContainerReportHandler.java:updateContainerState(145)) - Container #1 is in OPEN state, but the datanode 47d72301-684e-48ba-af14-36fa0ba944f7{ip: 192.168.69.102, host: pr-hdds-2254-trunk-ddzgt-1485873308, networkLocation: /default-rack, certSerialId: null} reports an CLOSED replica.
2019-10-15 21:20:15,317 [RatisApplyTransactionExecutor 1] INFO  interfaces.Container (KeyValueContainer.java:close(335)) - Container 1 is closed with bcsId 6.
2019-10-15 21:20:15,318 [EventQueue-IncrementalContainerReportForIncrementalContainerReportHandler] WARN  container.IncrementalContainerReportHandler (AbstractContainerReportHandler.java:updateContainerState(145)) - Container #1 is in OPEN state, but the datanode 0eb142cf-b7a4-42cc-bedf-7b6b824b4e6a{ip: 192.168.69.102, host: pr-hdds-2254-trunk-ddzgt-1485873308, networkLocation: /default-rack, certSerialId: null} reports an CLOSED replica.
2019-10-15 21:20:15,498 [EventQueue-ContainerReportForContainerReportHandler] WARN  container.ContainerReportHandler (AbstractContainerReportHandler.java:updateContainerState(145)) - Container #1 is in OPEN state, but the datanode 47d72301-684e-48ba-af14-36fa0ba944f7{ip: 192.168.69.102, host: pr-hdds-2254-trunk-ddzgt-1485873308, networkLocation: /default-rack, certSerialId: null} reports an CLOSED replica.
2019-10-15 21:20:15,518 [EventQueue-ContainerReportForContainerReportHandler] WARN  container.ContainerReportHandler (AbstractContainerReportHandler.java:updateContainerState(145)) - Container #1 is in OPEN state, but the datanode 0eb142cf-b7a4-42cc-bedf-7b6b824b4e6a{ip: 192.168.69.102, host: pr-hdds-2254-trunk-ddzgt-1485873308, networkLocation: /default-rack, certSerialId: null} reports an CLOSED replica.
2019-10-15 21:20:15,689 [java.util.concurrent.ThreadPoolExecutor$Worker@28bf4c2e[State = -1, empty queue]] WARN  server.GrpcLogAppender (GrpcLogAppender.java:timeoutAppendRequest(209)) - 47d72301-684e-48ba-af14-36fa0ba944f7@group-1135523AB2CE->436ea7cb-b08f-45a9-ac25-59983fb5da84-GrpcLogAppender: appendEntries Timeout, request=47d72301-684e-48ba-af14-36fa0ba944f7->436ea7cb-b08f-45a9-ac25-59983fb5da84#22-t2, previous=(t:2, i:8), leaderCommit=8, initializing? false, entries: <empty>
2019-10-15 21:20:15,719 [EventQueue-ContainerReportForContainerReportHandler] WARN  container.ContainerReportHandler (AbstractContainerReportHandler.java:updateContainerState(145)) - Container #1 is in OPEN state, but the datanode 0eb142cf-b7a4-42cc-bedf-7b6b824b4e6a{ip: 192.168.69.102, host: pr-hdds-2254-trunk-ddzgt-1485873308, networkLocation: /default-rack, certSerialId: null} reports an CLOSED replica.
2019-10-15 21:20:15,750 [BlockDeletingService#2] WARN  background.BlockDeletingService (BlockDeletingService.java:isDeletionAllowed(187)) - Close Container log Index 6 is not replicated across allthe servers in the pipeline 2edbc878-18e2-43a0-b08d-1135523ab2ce as the min replicated index is 4. Deletion is not allowed in this container yet.
2019-10-15 21:20:15,752 [BlockDeletingService#2] WARN  background.BlockDeletingService (BlockDeletingService.java:isDeletionAllowed(187)) - Close Container log Index 6 is not replicated across allthe servers in the pipeline 2edbc878-18e2-43a0-b08d-1135523ab2ce as the min replicated index is 4. Deletion is not allowed in this container yet.
2019-10-15 21:20:15,810 [IPC Server handler 0 on 32864] INFO  server.SCMBlockProtocolServer (SCMBlockProtocolServer.java:deleteKeyBlocks(212)) - SCM is informed by OM to delete 1 blocks
2019-10-15 21:20:15,810 [IPC Server handler 0 on 32864] INFO  block.BlockManagerImpl (BlockManagerImpl.java:deleteBlocks(285)) - Deleting blocks conID: 1 locID: 102968484134912000 bcsId: 0
2019-10-15 21:20:15,900 [EventQueue-ContainerReportForContainerReportHandler] WARN  container.ContainerReportHandler (AbstractContainerReportHandler.java:updateContainerState(145)) - Container #1 is in OPEN state, but the datanode 47d72301-684e-48ba-af14-36fa0ba944f7{ip: 192.168.69.102, host: pr-hdds-2254-trunk-ddzgt-1485873308, networkLocation: /default-rack, certSerialId: null} reports an CLOSED replica.
2019-10-15 21:20:16,018 [EventQueue-ContainerReportForContainerReportHandler] WARN  container.ContainerReportHandler (AbstractContainerReportHandler.java:updateContainerState(145)) - Container #1 is in OPEN state, but the datanode 0eb142cf-b7a4-42cc-bedf-7b6b824b4e6a{ip: 192.168.69.102, host: pr-hdds-2254-trunk-ddzgt-1485873308, networkLocation: /default-rack, certSerialId: null} reports an CLOSED replica.
2019-10-15 21:20:16,300 [EventQueue-ContainerReportForContainerReportHandler] WARN  container.ContainerReportHandler (AbstractContainerReportHandler.java:updateContainerState(145)) - Container #1 is in OPEN state, but the datanode 47d72301-684e-48ba-af14-36fa0ba944f7{ip: 192.168.69.102, host: pr-hdds-2254-trunk-ddzgt-1485873308, networkLocation: /default-rack, certSerialId: null} reports an CLOSED replica.
2019-10-15 21:20:16,419 [EventQueue-ContainerReportForContainerReportHandler] WARN  container.ContainerReportHandler (AbstractContainerReportHandler.java:updateContainerState(145)) - Container #1 is in OPEN state, but the datanode 0eb142cf-b7a4-42cc-bedf-7b6b824b4e6a{ip: 192.168.69.102, host: pr-hdds-2254-trunk-ddzgt-1485873308, networkLocation: /default-rack, certSerialId: null} reports an CLOSED replica.
2019-10-15 21:20:16,601 [EventQueue-ContainerReportForContainerReportHandler] WARN  container.ContainerReportHandler (AbstractContainerReportHandler.java:updateContainerState(145)) - Container #1 is in OPEN state, but the datanode 47d72301-684e-48ba-af14-36fa0ba944f7{ip: 192.168.69.102, host: pr-hdds-2254-trunk-ddzgt-1485873308, networkLocation: /default-rack, certSerialId: null} reports an CLOSED replica.
2019-10-15 21:20:16,751 [BlockDeletingService#2] WARN  background.BlockDeletingService (BlockDeletingService.java:isDeletionAllowed(187)) - Close Container log Index 6 is not replicated across allthe servers in the pipeline 2edbc878-18e2-43a0-b08d-1135523ab2ce as the min replicated index is 4. Deletion is not allowed in this container yet.
2019-10-15 21:20:16,754 [BlockDeletingService#2] WARN  background.BlockDeletingService (BlockDeletingService.java:isDeletionAllowed(187)) - Close Container log Index 6 is not replicated across allthe servers in the pipeline 2edbc878-18e2-43a0-b08d-1135523ab2ce as the min replicated index is 4. Deletion is not allowed in this container yet.
2019-10-15 21:20:16,818 [EventQueue-ContainerReportForContainerReportHandler] WARN  container.ContainerReportHandler (AbstractContainerReportHandler.java:updateContainerState(145)) - Container #1 is in OPEN state, but the datanode 0eb142cf-b7a4-42cc-bedf-7b6b824b4e6a{ip: 192.168.69.102, host: pr-hdds-2254-trunk-ddzgt-1485873308, networkLocation: /default-rack, certSerialId: null} reports an CLOSED replica.
2019-10-15 21:20:16,900 [EventQueue-ContainerReportForContainerReportHandler] WARN  container.ContainerReportHandler (AbstractContainerReportHandler.java:updateContainerState(145)) - Container #1 is in OPEN state, but the datanode 47d72301-684e-48ba-af14-36fa0ba944f7{ip: 192.168.69.102, host: pr-hdds-2254-trunk-ddzgt-1485873308, networkLocation: /default-rack, certSerialId: null} reports an CLOSED replica.
2019-10-15 21:20:17,118 [EventQueue-ContainerReportForContainerReportHandler] WARN  container.ContainerReportHandler (AbstractContainerReportHandler.java:updateContainerState(145)) - Container #1 is in OPEN state, but the datanode 0eb142cf-b7a4-42cc-bedf-7b6b824b4e6a{ip: 192.168.69.102, host: pr-hdds-2254-trunk-ddzgt-1485873308, networkLocation: /default-rack, certSerialId: null} reports an CLOSED replica.
2019-10-15 21:20:17,201 [EventQueue-ContainerReportForContainerReportHandler] WARN  container.ContainerReportHandler (AbstractContainerReportHandler.java:updateContainerState(145)) - Container #1 is in OPEN state, but the datanode 47d72301-684e-48ba-af14-36fa0ba944f7{ip: 192.168.69.102, host: pr-hdds-2254-trunk-ddzgt-1485873308, networkLocation: /default-rack, certSerialId: null} reports an CLOSED replica.
2019-10-15 21:20:17,318 [EventQueue-ContainerReportForContainerReportHandler] WARN  container.ContainerReportHandler (AbstractContainerReportHandler.java:updateContainerState(145)) - Container #1 is in OPEN state, but the datanode 0eb142cf-b7a4-42cc-bedf-7b6b824b4e6a{ip: 192.168.69.102, host: pr-hdds-2254-trunk-ddzgt-1485873308, networkLocation: /default-rack, certSerialId: null} reports an CLOSED replica.
2019-10-15 21:20:17,600 [EventQueue-ContainerReportForContainerReportHandler] WARN  container.ContainerReportHandler (AbstractContainerReportHandler.java:updateContainerState(145)) - Container #1 is in OPEN state, but the datanode 47d72301-684e-48ba-af14-36fa0ba944f7{ip: 192.168.69.102, host: pr-hdds-2254-trunk-ddzgt-1485873308, networkLocation: /default-rack, certSerialId: null} reports an CLOSED replica.
2019-10-15 21:20:17,718 [EventQueue-ContainerReportForContainerReportHandler] WARN  container.ContainerReportHandler (AbstractContainerReportHandler.java:updateContainerState(145)) - Container #1 is in OPEN state, but the datanode 0eb142cf-b7a4-42cc-bedf-7b6b824b4e6a{ip: 192.168.69.102, host: pr-hdds-2254-trunk-ddzgt-1485873308, networkLocation: /default-rack, certSerialId: null} reports an CLOSED replica.
2019-10-15 21:20:17,752 [BlockDeletingService#2] WARN  background.BlockDeletingService (BlockDeletingService.java:isDeletionAllowed(187)) - Close Container log Index 6 is not replicated across allthe servers in the pipeline 2edbc878-18e2-43a0-b08d-1135523ab2ce as the min replicated index is 4. Deletion is not allowed in this container yet.
2019-10-15 21:20:17,754 [BlockDeletingService#2] WARN  background.BlockDeletingService (BlockDeletingService.java:isDeletionAllowed(187)) - Close Container log Index 6 is not replicated across allthe servers in the pipeline 2edbc878-18e2-43a0-b08d-1135523ab2ce as the min replicated index is 4. Deletion is not allowed in this container yet.
2019-10-15 21:20:17,903 [EventQueue-ContainerReportForContainerReportHandler] WARN  container.ContainerReportHandler (AbstractContainerReportHandler.java:updateContainerState(145)) - Container #1 is in OPEN state, but the datanode 47d72301-684e-48ba-af14-36fa0ba944f7{ip: 192.168.69.102, host: pr-hdds-2254-trunk-ddzgt-1485873308, networkLocation: /default-rack, certSerialId: null} reports an CLOSED replica.
2019-10-15 21:20:18,020 [EventQueue-ContainerReportForContainerReportHandler] WARN  container.ContainerReportHandler (AbstractContainerReportHandler.java:updateContainerState(145)) - Container #1 is in OPEN state, but the datanode 0eb142cf-b7a4-42cc-bedf-7b6b824b4e6a{ip: 192.168.69.102, host: pr-hdds-2254-trunk-ddzgt-1485873308, networkLocation: /default-rack, certSerialId: null} reports an CLOSED replica.
2019-10-15 21:20:18,103 [EventQueue-ContainerReportForContainerReportHandler] WARN  container.ContainerReportHandler (AbstractContainerReportHandler.java:updateContainerState(145)) - Container #1 is in OPEN state, but the datanode 47d72301-684e-48ba-af14-36fa0ba944f7{ip: 192.168.69.102, host: pr-hdds-2254-trunk-ddzgt-1485873308, networkLocation: /default-rack, certSerialId: null} reports an CLOSED replica.
2019-10-15 21:20:18,190 [java.util.concurrent.ThreadPoolExecutor$Worker@28bf4c2e[State = -1, empty queue]] WARN  server.GrpcLogAppender (GrpcLogAppender.java:timeoutAppendRequest(209)) - 47d72301-684e-48ba-af14-36fa0ba944f7@group-1135523AB2CE->436ea7cb-b08f-45a9-ac25-59983fb5da84-GrpcLogAppender: appendEntries Timeout, request=47d72301-684e-48ba-af14-36fa0ba944f7->436ea7cb-b08f-45a9-ac25-59983fb5da84#23-t2, previous=(t:2, i:8), leaderCommit=8, initializing? false, entries: <empty>
2019-10-15 21:20:18,220 [EventQueue-ContainerReportForContainerReportHandler] WARN  container.ContainerReportHandler (AbstractContainerReportHandler.java:updateContainerState(145)) - Container #1 is in OPEN state, but the datanode 0eb142cf-b7a4-42cc-bedf-7b6b824b4e6a{ip: 192.168.69.102, host: pr-hdds-2254-trunk-ddzgt-1485873308, networkLocation: /default-rack, certSerialId: null} reports an CLOSED replica.
2019-10-15 21:20:18,243 [java.util.concurrent.ThreadPoolExecutor$Worker@28bf4c2e[State = -1, empty queue]] WARN  server.GrpcLogAppender (GrpcLogAppender.java:timeoutAppendRequest(209)) - 47d72301-684e-48ba-af14-36fa0ba944f7@group-1135523AB2CE->436ea7cb-b08f-45a9-ac25-59983fb5da84-GrpcLogAppender: appendEntries Timeout, request=47d72301-684e-48ba-af14-36fa0ba944f7->436ea7cb-b08f-45a9-ac25-59983fb5da84#24-t2, previous=(t:2, i:8), leaderCommit=8, initializing? false, entries: size=1, first=(t:2, i:9), STATEMACHINELOGENTRY, client-17FDAF4B3C5A, cid=12
2019-10-15 21:20:18,255 [java.util.concurrent.ThreadPoolExecutor$Worker@28bf4c2e[State = -1, empty queue]] WARN  server.GrpcLogAppender (GrpcLogAppender.java:timeoutAppendRequest(209)) - 47d72301-684e-48ba-af14-36fa0ba944f7@group-1135523AB2CE->436ea7cb-b08f-45a9-ac25-59983fb5da84-GrpcLogAppender: appendEntries Timeout, request=47d72301-684e-48ba-af14-36fa0ba944f7->436ea7cb-b08f-45a9-ac25-59983fb5da84#25-t2, previous=(t:2, i:9), leaderCommit=9, initializing? false, entries: size=1, first=(t:2, i:10), METADATAENTRY(c9)
2019-10-15 21:20:18,403 [EventQueue-ContainerReportForContainerReportHandler] WARN  container.ContainerReportHandler (AbstractContainerReportHandler.java:updateContainerState(145)) - Container #1 is in OPEN state, but the datanode 47d72301-684e-48ba-af14-36fa0ba944f7{ip: 192.168.69.102, host: pr-hdds-2254-trunk-ddzgt-1485873308, networkLocation: /default-rack, certSerialId: null} reports an CLOSED replica.
2019-10-15 21:20:18,420 [EventQueue-ContainerReportForContainerReportHandler] WARN  container.ContainerReportHandler (AbstractContainerReportHandler.java:updateContainerState(145)) - Container #1 is in OPEN state, but the datanode 0eb142cf-b7a4-42cc-bedf-7b6b824b4e6a{ip: 192.168.69.102, host: pr-hdds-2254-trunk-ddzgt-1485873308, networkLocation: /default-rack, certSerialId: null} reports an CLOSED replica.
2019-10-15 21:20:18,603 [EventQueue-ContainerReportForContainerReportHandler] WARN  container.ContainerReportHandler (AbstractContainerReportHandler.java:updateContainerState(145)) - Container #1 is in OPEN state, but the datanode 47d72301-684e-48ba-af14-36fa0ba944f7{ip: 192.168.69.102, host: pr-hdds-2254-trunk-ddzgt-1485873308, networkLocation: /default-rack, certSerialId: null} reports an CLOSED replica.
2019-10-15 21:20:18,755 [BlockDeletingService#2] WARN  background.BlockDeletingService (BlockDeletingService.java:isDeletionAllowed(187)) - Close Container log Index 6 is not replicated across allthe servers in the pipeline 2edbc878-18e2-43a0-b08d-1135523ab2ce as the min replicated index is 4. Deletion is not allowed in this container yet.
2019-10-15 21:20:18,757 [BlockDeletingService#2] WARN  background.BlockDeletingService (BlockDeletingService.java:isDeletionAllowed(187)) - Close Container log Index 6 is not replicated across allthe servers in the pipeline 2edbc878-18e2-43a0-b08d-1135523ab2ce as the min replicated index is 4. Deletion is not allowed in this container yet.
2019-10-15 21:20:18,822 [EventQueue-ContainerReportForContainerReportHandler] WARN  container.ContainerReportHandler (AbstractContainerReportHandler.java:updateContainerState(145)) - Container #1 is in OPEN state, but the datanode 0eb142cf-b7a4-42cc-bedf-7b6b824b4e6a{ip: 192.168.69.102, host: pr-hdds-2254-trunk-ddzgt-1485873308, networkLocation: /default-rack, certSerialId: null} reports an CLOSED replica.
2019-10-15 21:20:19,004 [EventQueue-ContainerReportForContainerReportHandler] WARN  container.ContainerReportHandler (AbstractContainerReportHandler.java:updateContainerState(145)) - Container #1 is in OPEN state, but the datanode 47d72301-684e-48ba-af14-36fa0ba944f7{ip: 192.168.69.102, host: pr-hdds-2254-trunk-ddzgt-1485873308, networkLocation: /default-rack, certSerialId: null} reports an CLOSED replica.
2019-10-15 21:20:19,022 [EventQueue-ContainerReportForContainerReportHandler] WARN  container.ContainerReportHandler (AbstractContainerReportHandler.java:updateContainerState(145)) - Container #1 is in OPEN state, but the datanode 0eb142cf-b7a4-42cc-bedf-7b6b824b4e6a{ip: 192.168.69.102, host: pr-hdds-2254-trunk-ddzgt-1485873308, networkLocation: /default-rack, certSerialId: null} reports an CLOSED replica.
2019-10-15 21:20:19,303 [EventQueue-ContainerReportForContainerReportHandler] WARN  container.ContainerReportHandler (AbstractContainerReportHandler.java:updateContainerState(145)) - Container #1 is in OPEN state, but the datanode 47d72301-684e-48ba-af14-36fa0ba944f7{ip: 192.168.69.102, host: pr-hdds-2254-trunk-ddzgt-1485873308, networkLocation: /default-rack, certSerialId: null} reports an CLOSED replica.
2019-10-15 21:20:19,321 [EventQueue-ContainerReportForContainerReportHandler] WARN  container.ContainerReportHandler (AbstractContainerReportHandler.java:updateContainerState(145)) - Container #1 is in OPEN state, but the datanode 0eb142cf-b7a4-42cc-bedf-7b6b824b4e6a{ip: 192.168.69.102, host: pr-hdds-2254-trunk-ddzgt-1485873308, networkLocation: /default-rack, certSerialId: null} reports an CLOSED replica.
2019-10-15 21:20:19,603 [EventQueue-ContainerReportForContainerReportHandler] WARN  container.ContainerReportHandler (AbstractContainerReportHandler.java:updateContainerState(145)) - Container #1 is in OPEN state, but the datanode 47d72301-684e-48ba-af14-36fa0ba944f7{ip: 192.168.69.102, host: pr-hdds-2254-trunk-ddzgt-1485873308, networkLocation: /default-rack, certSerialId: null} reports an CLOSED replica.
2019-10-15 21:20:19,621 [EventQueue-ContainerReportForContainerReportHandler] WARN  container.ContainerReportHandler (AbstractContainerReportHandler.java:updateContainerState(145)) - Container #1 is in OPEN state, but the datanode 0eb142cf-b7a4-42cc-bedf-7b6b824b4e6a{ip: 192.168.69.102, host: pr-hdds-2254-trunk-ddzgt-1485873308, networkLocation: /default-rack, certSerialId: null} reports an CLOSED replica.
2019-10-15 21:20:19,759 [BlockDeletingService#2] WARN  background.BlockDeletingService (BlockDeletingService.java:isDeletionAllowed(187)) - Close Container log Index 6 is not replicated across allthe servers in the pipeline 2edbc878-18e2-43a0-b08d-1135523ab2ce as the min replicated index is 4. Deletion is not allowed in this container yet.
2019-10-15 21:20:19,759 [BlockDeletingService#2] WARN  background.BlockDeletingService (BlockDeletingService.java:isDeletionAllowed(187)) - Close Container log Index 6 is not replicated across allthe servers in the pipeline 2edbc878-18e2-43a0-b08d-1135523ab2ce as the min replicated index is 4. Deletion is not allowed in this container yet.
2019-10-15 21:20:19,821 [EventQueue-ContainerReportForContainerReportHandler] WARN  container.ContainerReportHandler (AbstractContainerReportHandler.java:updateContainerState(145)) - Container #1 is in OPEN state, but the datanode 0eb142cf-b7a4-42cc-bedf-7b6b824b4e6a{ip: 192.168.69.102, host: pr-hdds-2254-trunk-ddzgt-1485873308, networkLocation: /default-rack, certSerialId: null} reports an CLOSED replica.
2019-10-15 21:20:20,004 [EventQueue-ContainerReportForContainerReportHandler] WARN  container.ContainerReportHandler (AbstractContainerReportHandler.java:updateContainerState(145)) - Container #1 is in OPEN state, but the datanode 47d72301-684e-48ba-af14-36fa0ba944f7{ip: 192.168.69.102, host: pr-hdds-2254-trunk-ddzgt-1485873308, networkLocation: /default-rack, certSerialId: null} reports an CLOSED replica.
2019-10-15 21:20:20,122 [EventQueue-ContainerReportForContainerReportHandler] WARN  container.ContainerReportHandler (AbstractContainerReportHandler.java:updateContainerState(145)) - Container #1 is in OPEN state, but the datanode 0eb142cf-b7a4-42cc-bedf-7b6b824b4e6a{ip: 192.168.69.102, host: pr-hdds-2254-trunk-ddzgt-1485873308, networkLocation: /default-rack, certSerialId: null} reports an CLOSED replica.
2019-10-15 21:20:20,303 [EventQueue-ContainerReportForContainerReportHandler] WARN  container.ContainerReportHandler (AbstractContainerReportHandler.java:updateContainerState(145)) - Container #1 is in OPEN state, but the datanode 47d72301-684e-48ba-af14-36fa0ba944f7{ip: 192.168.69.102, host: pr-hdds-2254-trunk-ddzgt-1485873308, networkLocation: /default-rack, certSerialId: null} reports an CLOSED replica.
2019-10-15 21:20:20,322 [EventQueue-ContainerReportForContainerReportHandler] WARN  container.ContainerReportHandler (AbstractContainerReportHandler.java:updateContainerState(145)) - Container #1 is in OPEN state, but the datanode 0eb142cf-b7a4-42cc-bedf-7b6b824b4e6a{ip: 192.168.69.102, host: pr-hdds-2254-trunk-ddzgt-1485873308, networkLocation: /default-rack, certSerialId: null} reports an CLOSED replica.
2019-10-15 21:20:20,504 [EventQueue-ContainerReportForContainerReportHandler] WARN  container.ContainerReportHandler (AbstractContainerReportHandler.java:updateContainerState(145)) - Container #1 is in OPEN state, but the datanode 47d72301-684e-48ba-af14-36fa0ba944f7{ip: 192.168.69.102, host: pr-hdds-2254-trunk-ddzgt-1485873308, networkLocation: /default-rack, certSerialId: null} reports an CLOSED replica.
2019-10-15 21:20:20,703 [EventQueue-ContainerReportForContainerReportHandler] WARN  container.ContainerReportHandler (AbstractContainerReportHandler.java:updateContainerState(145)) - Container #1 is in OPEN state, but the datanode 47d72301-684e-48ba-af14-36fa0ba944f7{ip: 192.168.69.102, host: pr-hdds-2254-trunk-ddzgt-1485873308, networkLocation: /default-rack, certSerialId: null} reports an CLOSED replica.
2019-10-15 21:20:20,722 [EventQueue-ContainerReportForContainerReportHandler] WARN  container.ContainerReportHandler (AbstractContainerReportHandler.java:updateContainerState(145)) - Container #1 is in OPEN state, but the datanode 0eb142cf-b7a4-42cc-bedf-7b6b824b4e6a{ip: 192.168.69.102, host: pr-hdds-2254-trunk-ddzgt-1485873308, networkLocation: /default-rack, certSerialId: null} reports an CLOSED replica.
2019-10-15 21:20:20,757 [java.util.concurrent.ThreadPoolExecutor$Worker@28bf4c2e[State = -1, empty queue]] WARN  server.GrpcLogAppender (GrpcLogAppender.java:timeoutAppendRequest(209)) - 47d72301-684e-48ba-af14-36fa0ba944f7@group-1135523AB2CE->436ea7cb-b08f-45a9-ac25-59983fb5da84-GrpcLogAppender: appendEntries Timeout, request=47d72301-684e-48ba-af14-36fa0ba944f7->436ea7cb-b08f-45a9-ac25-59983fb5da84#26-t2, previous=(t:2, i:10), leaderCommit=10, initializing? false, entries: <empty>
2019-10-15 21:20:20,761 [BlockDeletingService#2] WARN  background.BlockDeletingService (BlockDeletingService.java:isDeletionAllowed(187)) - Close Container log Index 6 is not replicated across allthe servers in the pipeline 2edbc878-18e2-43a0-b08d-1135523ab2ce as the min replicated index is 4. Deletion is not allowed in this container yet.
2019-10-15 21:20:20,761 [BlockDeletingService#2] WARN  background.BlockDeletingService (BlockDeletingService.java:isDeletionAllowed(187)) - Close Container log Index 6 is not replicated across allthe servers in the pipeline 2edbc878-18e2-43a0-b08d-1135523ab2ce as the min replicated index is 4. Deletion is not allowed in this container yet.
2019-10-15 21:20:21,004 [EventQueue-ContainerReportForContainerReportHandler] WARN  container.ContainerReportHandler (AbstractContainerReportHandler.java:updateContainerState(145)) - Container #1 is in OPEN state, but the datanode 47d72301-684e-48ba-af14-36fa0ba944f7{ip: 192.168.69.102, host: pr-hdds-2254-trunk-ddzgt-1485873308, networkLocation: /default-rack, certSerialId: null} reports an CLOSED replica.
2019-10-15 21:20:21,022 [EventQueue-ContainerReportForContainerReportHandler] WARN  container.ContainerReportHandler (AbstractContainerReportHandler.java:updateContainerState(145)) - Container #1 is in OPEN state, but the datanode 0eb142cf-b7a4-42cc-bedf-7b6b824b4e6a{ip: 192.168.69.102, host: pr-hdds-2254-trunk-ddzgt-1485873308, networkLocation: /default-rack, certSerialId: null} reports an CLOSED replica.
2019-10-15 21:20:21,222 [EventQueue-ContainerReportForContainerReportHandler] WARN  container.ContainerReportHandler (AbstractContainerReportHandler.java:updateContainerState(145)) - Container #1 is in OPEN state, but the datanode 0eb142cf-b7a4-42cc-bedf-7b6b824b4e6a{ip: 192.168.69.102, host: pr-hdds-2254-trunk-ddzgt-1485873308, networkLocation: /default-rack, certSerialId: null} reports an CLOSED replica.
2019-10-15 21:20:21,303 [EventQueue-ContainerReportForContainerReportHandler] WARN  container.ContainerReportHandler (AbstractContainerReportHandler.java:updateContainerState(145)) - Container #1 is in OPEN state, but the datanode 47d72301-684e-48ba-af14-36fa0ba944f7{ip: 192.168.69.102, host: pr-hdds-2254-trunk-ddzgt-1485873308, networkLocation: /default-rack, certSerialId: null} reports an CLOSED replica.
2019-10-15 21:20:21,523 [EventQueue-ContainerReportForContainerReportHandler] WARN  container.ContainerReportHandler (AbstractContainerReportHandler.java:updateContainerState(145)) - Container #1 is in OPEN state, but the datanode 0eb142cf-b7a4-42cc-bedf-7b6b824b4e6a{ip: 192.168.69.102, host: pr-hdds-2254-trunk-ddzgt-1485873308, networkLocation: /default-rack, certSerialId: null} reports an CLOSED replica.
2019-10-15 21:20:21,603 [EventQueue-ContainerReportForContainerReportHandler] WARN  container.ContainerReportHandler (AbstractContainerReportHandler.java:updateContainerState(145)) - Container #1 is in OPEN state, but the datanode 47d72301-684e-48ba-af14-36fa0ba944f7{ip: 192.168.69.102, host: pr-hdds-2254-trunk-ddzgt-1485873308, networkLocation: /default-rack, certSerialId: null} reports an CLOSED replica.
2019-10-15 21:20:21,724 [EventQueue-ContainerReportForContainerReportHandler] WARN  container.ContainerReportHandler (AbstractContainerReportHandler.java:updateContainerState(145)) - Container #1 is in OPEN state, but the datanode 0eb142cf-b7a4-42cc-bedf-7b6b824b4e6a{ip: 192.168.69.102, host: pr-hdds-2254-trunk-ddzgt-1485873308, networkLocation: /default-rack, certSerialId: null} reports an CLOSED replica.
2019-10-15 21:20:21,762 [BlockDeletingService#2] WARN  background.BlockDeletingService (BlockDeletingService.java:isDeletionAllowed(187)) - Close Container log Index 6 is not replicated across allthe servers in the pipeline 2edbc878-18e2-43a0-b08d-1135523ab2ce as the min replicated index is 4. Deletion is not allowed in this container yet.
2019-10-15 21:20:21,762 [BlockDeletingService#2] WARN  background.BlockDeletingService (BlockDeletingService.java:isDeletionAllowed(187)) - Close Container log Index 6 is not replicated across allthe servers in the pipeline 2edbc878-18e2-43a0-b08d-1135523ab2ce as the min replicated index is 4. Deletion is not allowed in this container yet.
2019-10-15 21:20:21,803 [EventQueue-ContainerReportForContainerReportHandler] WARN  container.ContainerReportHandler (AbstractContainerReportHandler.java:updateContainerState(145)) - Container #1 is in OPEN state, but the datanode 47d72301-684e-48ba-af14-36fa0ba944f7{ip: 192.168.69.102, host: pr-hdds-2254-trunk-ddzgt-1485873308, networkLocation: /default-rack, certSerialId: null} reports an CLOSED replica.
2019-10-15 21:20:21,923 [EventQueue-ContainerReportForContainerReportHandler] WARN  container.ContainerReportHandler (AbstractContainerReportHandler.java:updateContainerState(145)) - Container #1 is in OPEN state, but the datanode 0eb142cf-b7a4-42cc-bedf-7b6b824b4e6a{ip: 192.168.69.102, host: pr-hdds-2254-trunk-ddzgt-1485873308, networkLocation: /default-rack, certSerialId: null} reports an CLOSED replica.
2019-10-15 21:20:22,206 [EventQueue-ContainerReportForContainerReportHandler] WARN  container.ContainerReportHandler (AbstractContainerReportHandler.java:updateContainerState(145)) - Container #1 is in OPEN state, but the datanode 47d72301-684e-48ba-af14-36fa0ba944f7{ip: 192.168.69.102, host: pr-hdds-2254-trunk-ddzgt-1485873308, networkLocation: /default-rack, certSerialId: null} reports an CLOSED replica.
2019-10-15 21:20:22,323 [EventQueue-ContainerReportForContainerReportHandler] WARN  container.ContainerReportHandler (AbstractContainerReportHandler.java:updateContainerState(145)) - Container #1 is in OPEN state, but the datanode 0eb142cf-b7a4-42cc-bedf-7b6b824b4e6a{ip: 192.168.69.102, host: pr-hdds-2254-trunk-ddzgt-1485873308, networkLocation: /default-rack, certSerialId: null} reports an CLOSED replica.
2019-10-15 21:20:22,506 [EventQueue-ContainerReportForContainerReportHandler] WARN  container.ContainerReportHandler (AbstractContainerReportHandler.java:updateContainerState(145)) - Container #1 is in OPEN state, but the datanode 47d72301-684e-48ba-af14-36fa0ba944f7{ip: 192.168.69.102, host: pr-hdds-2254-trunk-ddzgt-1485873308, networkLocation: /default-rack, certSerialId: null} reports an CLOSED replica.
2019-10-15 21:20:22,523 [EventQueue-ContainerReportForContainerReportHandler] WARN  container.ContainerReportHandler (AbstractContainerReportHandler.java:updateContainerState(145)) - Container #1 is in OPEN state, but the datanode 0eb142cf-b7a4-42cc-bedf-7b6b824b4e6a{ip: 192.168.69.102, host: pr-hdds-2254-trunk-ddzgt-1485873308, networkLocation: /default-rack, certSerialId: null} reports an CLOSED replica.
2019-10-15 21:20:22,763 [BlockDeletingService#2] WARN  background.BlockDeletingService (BlockDeletingService.java:isDeletionAllowed(187)) - Close Container log Index 6 is not replicated across allthe servers in the pipeline 2edbc878-18e2-43a0-b08d-1135523ab2ce as the min replicated index is 4. Deletion is not allowed in this container yet.
2019-10-15 21:20:22,763 [BlockDeletingService#2] WARN  background.BlockDeletingService (BlockDeletingService.java:isDeletionAllowed(187)) - Close Container log Index 6 is not replicated across allthe servers in the pipeline 2edbc878-18e2-43a0-b08d-1135523ab2ce as the min replicated index is 4. Deletion is not allowed in this container yet.
2019-10-15 21:20:22,805 [EventQueue-ContainerReportForContainerReportHandler] WARN  container.ContainerReportHandler (AbstractContainerReportHandler.java:updateContainerState(145)) - Container #1 is in OPEN state, but the datanode 47d72301-684e-48ba-af14-36fa0ba944f7{ip: 192.168.69.102, host: pr-hdds-2254-trunk-ddzgt-1485873308, networkLocation: /default-rack, certSerialId: null} reports an CLOSED replica.
2019-10-15 21:20:22,923 [EventQueue-ContainerReportForContainerReportHandler] WARN  container.ContainerReportHandler (AbstractContainerReportHandler.java:updateContainerState(145)) - Container #1 is in OPEN state, but the datanode 0eb142cf-b7a4-42cc-bedf-7b6b824b4e6a{ip: 192.168.69.102, host: pr-hdds-2254-trunk-ddzgt-1485873308, networkLocation: /default-rack, certSerialId: null} reports an CLOSED replica.
2019-10-15 21:20:23,205 [EventQueue-ContainerReportForContainerReportHandler] WARN  container.ContainerReportHandler (AbstractContainerReportHandler.java:updateContainerState(145)) - Container #1 is in OPEN state, but the datanode 47d72301-684e-48ba-af14-36fa0ba944f7{ip: 192.168.69.102, host: pr-hdds-2254-trunk-ddzgt-1485873308, networkLocation: /default-rack, certSerialId: null} reports an CLOSED replica.
2019-10-15 21:20:23,223 [EventQueue-ContainerReportForContainerReportHandler] WARN  container.ContainerReportHandler (AbstractContainerReportHandler.java:updateContainerState(145)) - Container #1 is in OPEN state, but the datanode 0eb142cf-b7a4-42cc-bedf-7b6b824b4e6a{ip: 192.168.69.102, host: pr-hdds-2254-trunk-ddzgt-1485873308, networkLocation: /default-rack, certSerialId: null} reports an CLOSED replica.
2019-10-15 21:20:23,258 [java.util.concurrent.ThreadPoolExecutor$Worker@28bf4c2e[State = -1, empty queue]] WARN  server.GrpcLogAppender (GrpcLogAppender.java:timeoutAppendRequest(209)) - 47d72301-684e-48ba-af14-36fa0ba944f7@group-1135523AB2CE->436ea7cb-b08f-45a9-ac25-59983fb5da84-GrpcLogAppender: appendEntries Timeout, request=47d72301-684e-48ba-af14-36fa0ba944f7->436ea7cb-b08f-45a9-ac25-59983fb5da84#27-t2, previous=(t:2, i:10), leaderCommit=10, initializing? false, entries: <empty>
2019-10-15 21:20:23,275 [Thread-338] INFO  client.GrpcClientProtocolService (GrpcClientProtocolService.java:lambda$processClientRequest$0(278)) - Failed RaftClientRequest:client-E312EE24CE89->0eb142cf-b7a4-42cc-bedf-7b6b824b4e6a@group-1135523AB2CE, cid=10, seq=0, Watch-ALL_COMMITTED(6), Message:<EMPTY>, reply=RaftClientReply:client-E312EE24CE89->0eb142cf-b7a4-42cc-bedf-7b6b824b4e6a@group-1135523AB2CE, cid=10, FAILED org.apache.ratis.protocol.NotLeaderException: Server 0eb142cf-b7a4-42cc-bedf-7b6b824b4e6a@group-1135523AB2CE is not the leader 47d72301-684e-48ba-af14-36fa0ba944f7:192.168.69.102:33903, logIndex=0, commits[0eb142cf-b7a4-42cc-bedf-7b6b824b4e6a:c10, 436ea7cb-b08f-45a9-ac25-59983fb5da84:c4, 47d72301-684e-48ba-af14-36fa0ba944f7:c10]
2019-10-15 21:20:23,505 [EventQueue-ContainerReportForContainerReportHandler] WARN  container.ContainerReportHandler (AbstractContainerReportHandler.java:updateContainerState(145)) - Container #1 is in OPEN state, but the datanode 47d72301-684e-48ba-af14-36fa0ba944f7{ip: 192.168.69.102, host: pr-hdds-2254-trunk-ddzgt-1485873308, networkLocation: /default-rack, certSerialId: null} reports an CLOSED replica.
2019-10-15 21:20:23,523 [EventQueue-ContainerReportForContainerReportHandler] WARN  container.ContainerReportHandler (AbstractContainerReportHandler.java:updateContainerState(145)) - Container #1 is in OPEN state, but the datanode 0eb142cf-b7a4-42cc-bedf-7b6b824b4e6a{ip: 192.168.69.102, host: pr-hdds-2254-trunk-ddzgt-1485873308, networkLocation: /default-rack, certSerialId: null} reports an CLOSED replica.
2019-10-15 21:20:23,705 [EventQueue-ContainerReportForContainerReportHandler] WARN  container.ContainerReportHandler (AbstractContainerReportHandler.java:updateContainerState(145)) - Container #1 is in OPEN state, but the datanode 47d72301-684e-48ba-af14-36fa0ba944f7{ip: 192.168.69.102, host: pr-hdds-2254-trunk-ddzgt-1485873308, networkLocation: /default-rack, certSerialId: null} reports an CLOSED replica.
2019-10-15 21:20:23,764 [BlockDeletingService#2] WARN  background.BlockDeletingService (BlockDeletingService.java:isDeletionAllowed(187)) - Close Container log Index 6 is not replicated across allthe servers in the pipeline 2edbc878-18e2-43a0-b08d-1135523ab2ce as the min replicated index is 4. Deletion is not allowed in this container yet.
2019-10-15 21:20:23,764 [BlockDeletingService#2] WARN  background.BlockDeletingService (BlockDeletingService.java:isDeletionAllowed(187)) - Close Container log Index 6 is not replicated across allthe servers in the pipeline 2edbc878-18e2-43a0-b08d-1135523ab2ce as the min replicated index is 4. Deletion is not allowed in this container yet.
2019-10-15 21:20:23,823 [EventQueue-ContainerReportForContainerReportHandler] WARN  container.ContainerReportHandler (AbstractContainerReportHandler.java:updateContainerState(145)) - Container #1 is in OPEN state, but the datanode 0eb142cf-b7a4-42cc-bedf-7b6b824b4e6a{ip: 192.168.69.102, host: pr-hdds-2254-trunk-ddzgt-1485873308, networkLocation: /default-rack, certSerialId: null} reports an CLOSED replica.
2019-10-15 21:20:24,006 [EventQueue-ContainerReportForContainerReportHandler] WARN  container.ContainerReportHandler (AbstractContainerReportHandler.java:updateContainerState(145)) - Container #1 is in OPEN state, but the datanode 47d72301-684e-48ba-af14-36fa0ba944f7{ip: 192.168.69.102, host: pr-hdds-2254-trunk-ddzgt-1485873308, networkLocation: /default-rack, certSerialId: null} reports an CLOSED replica.
2019-10-15 21:20:24,223 [EventQueue-ContainerReportForContainerReportHandler] WARN  container.ContainerReportHandler (AbstractContainerReportHandler.java:updateContainerState(145)) - Container #1 is in OPEN state, but the datanode 0eb142cf-b7a4-42cc-bedf-7b6b824b4e6a{ip: 192.168.69.102, host: pr-hdds-2254-trunk-ddzgt-1485873308, networkLocation: /default-rack, certSerialId: null} reports an CLOSED replica.
2019-10-15 21:20:24,307 [EventQueue-ContainerReportForContainerReportHandler] WARN  container.ContainerReportHandler (AbstractContainerReportHandler.java:updateContainerState(145)) - Container #1 is in OPEN state, but the datanode 47d72301-684e-48ba-af14-36fa0ba944f7{ip: 192.168.69.102, host: pr-hdds-2254-trunk-ddzgt-1485873308, networkLocation: /default-rack, certSerialId: null} reports an CLOSED replica.
2019-10-15 21:20:24,608 [EventQueue-ContainerReportForContainerReportHandler] WARN  container.ContainerReportHandler (AbstractContainerReportHandler.java:updateContainerState(145)) - Container #1 is in OPEN state, but the datanode 47d72301-684e-48ba-af14-36fa0ba944f7{ip: 192.168.69.102, host: pr-hdds-2254-trunk-ddzgt-1485873308, networkLocation: /default-rack, certSerialId: null} reports an CLOSED replica.
2019-10-15 21:20:24,623 [EventQueue-ContainerReportForContainerReportHandler] WARN  container.ContainerReportHandler (AbstractContainerReportHandler.java:updateContainerState(145)) - Container #1 is in OPEN state, but the datanode 0eb142cf-b7a4-42cc-bedf-7b6b824b4e6a{ip: 192.168.69.102, host: pr-hdds-2254-trunk-ddzgt-1485873308, networkLocation: /default-rack, certSerialId: null} reports an CLOSED replica.
2019-10-15 21:20:24,769 [BlockDeletingService#2] WARN  background.BlockDeletingService (BlockDeletingService.java:isDeletionAllowed(187)) - Close Container log Index 6 is not replicated across allthe servers in the pipeline 2edbc878-18e2-43a0-b08d-1135523ab2ce as the min replicated index is 4. Deletion is not allowed in this container yet.
2019-10-15 21:20:24,769 [BlockDeletingService#2] WARN  background.BlockDeletingService (BlockDeletingService.java:isDeletionAllowed(187)) - Close Container log Index 6 is not replicated across allthe servers in the pipeline 2edbc878-18e2-43a0-b08d-1135523ab2ce as the min replicated index is 4. Deletion is not allowed in this container yet.
2019-10-15 21:20:24,884 [Thread-345] INFO  client.GrpcClientProtocolService (GrpcClientProtocolService.java:lambda$processClientRequest$0(278)) - Failed RaftClientRequest:client-E312EE24CE89->47d72301-684e-48ba-af14-36fa0ba944f7@group-1135523AB2CE, cid=10, seq=0, Watch-ALL_COMMITTED(6), Message:<EMPTY>, reply=RaftClientReply:client-E312EE24CE89->47d72301-684e-48ba-af14-36fa0ba944f7@group-1135523AB2CE, cid=10, FAILED org.apache.ratis.protocol.NotReplicatedException: Request with call Id 10 and log index 6 is not yet replicated to ALL_COMMITTED, logIndex=6, commits[47d72301-684e-48ba-af14-36fa0ba944f7:c10, 436ea7cb-b08f-45a9-ac25-59983fb5da84:c4, 0eb142cf-b7a4-42cc-bedf-7b6b824b4e6a:c10]
2019-10-15 21:20:24,908 [EventQueue-ContainerReportForContainerReportHandler] WARN  container.ContainerReportHandler (AbstractContainerReportHandler.java:updateContainerState(145)) - Container #1 is in OPEN state, but the datanode 47d72301-684e-48ba-af14-36fa0ba944f7{ip: 192.168.69.102, host: pr-hdds-2254-trunk-ddzgt-1485873308, networkLocation: /default-rack, certSerialId: null} reports an CLOSED replica.
2019-10-15 21:20:24,924 [EventQueue-ContainerReportForContainerReportHandler] WARN  container.ContainerReportHandler (AbstractContainerReportHandler.java:updateContainerState(145)) - Container #1 is in OPEN state, but the datanode 0eb142cf-b7a4-42cc-bedf-7b6b824b4e6a{ip: 192.168.69.102, host: pr-hdds-2254-trunk-ddzgt-1485873308, networkLocation: /default-rack, certSerialId: null} reports an CLOSED replica.
2019-10-15 21:20:25,108 [EventQueue-ContainerReportForContainerReportHandler] WARN  container.ContainerReportHandler (AbstractContainerReportHandler.java:updateContainerState(145)) - Container #1 is in OPEN state, but the datanode 47d72301-684e-48ba-af14-36fa0ba944f7{ip: 192.168.69.102, host: pr-hdds-2254-trunk-ddzgt-1485873308, networkLocation: /default-rack, certSerialId: null} reports an CLOSED replica.
2019-10-15 21:20:25,124 [EventQueue-ContainerReportForContainerReportHandler] WARN  container.ContainerReportHandler (AbstractContainerReportHandler.java:updateContainerState(145)) - Container #1 is in OPEN state, but the datanode 0eb142cf-b7a4-42cc-bedf-7b6b824b4e6a{ip: 192.168.69.102, host: pr-hdds-2254-trunk-ddzgt-1485873308, networkLocation: /default-rack, certSerialId: null} reports an CLOSED replica.
2019-10-15 21:20:25,308 [EventQueue-ContainerReportForContainerReportHandler] WARN  container.ContainerReportHandler (AbstractContainerReportHandler.java:updateContainerState(145)) - Container #1 is in OPEN state, but the datanode 47d72301-684e-48ba-af14-36fa0ba944f7{ip: 192.168.69.102, host: pr-hdds-2254-trunk-ddzgt-1485873308, networkLocation: /default-rack, certSerialId: null} reports an CLOSED replica.
2019-10-15 21:20:25,524 [EventQueue-ContainerReportForContainerReportHandler] WARN  container.ContainerReportHandler (AbstractContainerReportHandler.java:updateContainerState(145)) - Container #1 is in OPEN state, but the datanode 0eb142cf-b7a4-42cc-bedf-7b6b824b4e6a{ip: 192.168.69.102, host: pr-hdds-2254-trunk-ddzgt-1485873308, networkLocation: /default-rack, certSerialId: null} reports an CLOSED replica.
2019-10-15 21:20:25,609 [EventQueue-ContainerReportForContainerReportHandler] WARN  container.ContainerReportHandler (AbstractContainerReportHandler.java:updateContainerState(145)) - Container #1 is in OPEN state, but the datanode 47d72301-684e-48ba-af14-36fa0ba944f7{ip: 192.168.69.102, host: pr-hdds-2254-trunk-ddzgt-1485873308, networkLocation: /default-rack, certSerialId: null} reports an CLOSED replica.
2019-10-15 21:20:25,724 [EventQueue-ContainerReportForContainerReportHandler] WARN  container.ContainerReportHandler (AbstractContainerReportHandler.java:updateContainerState(145)) - Container #1 is in OPEN state, but the datanode 0eb142cf-b7a4-42cc-bedf-7b6b824b4e6a{ip: 192.168.69.102, host: pr-hdds-2254-trunk-ddzgt-1485873308, networkLocation: /default-rack, certSerialId: null} reports an CLOSED replica.
2019-10-15 21:20:25,759 [java.util.concurrent.ThreadPoolExecutor$Worker@28bf4c2e[State = -1, empty queue]] WARN  server.GrpcLogAppender (GrpcLogAppender.java:timeoutAppendRequest(209)) - 47d72301-684e-48ba-af14-36fa0ba944f7@group-1135523AB2CE->436ea7cb-b08f-45a9-ac25-59983fb5da84-GrpcLogAppender: appendEntries Timeout, request=47d72301-684e-48ba-af14-36fa0ba944f7->436ea7cb-b08f-45a9-ac25-59983fb5da84#28-t2, previous=(t:2, i:10), leaderCommit=10, initializing? false, entries: <empty>
2019-10-15 21:20:25,771 [BlockDeletingService#2] WARN  background.BlockDeletingService (BlockDeletingService.java:isDeletionAllowed(187)) - Close Container log Index 6 is not replicated across allthe servers in the pipeline 2edbc878-18e2-43a0-b08d-1135523ab2ce as the min replicated index is 4. Deletion is not allowed in this container yet.
2019-10-15 21:20:25,771 [BlockDeletingService#2] WARN  background.BlockDeletingService (BlockDeletingService.java:isDeletionAllowed(187)) - Close Container log Index 6 is not replicated across allthe servers in the pipeline 2edbc878-18e2-43a0-b08d-1135523ab2ce as the min replicated index is 4. Deletion is not allowed in this container yet.
2019-10-15 21:20:25,911 [EventQueue-ContainerReportForContainerReportHandler] WARN  container.ContainerReportHandler (AbstractContainerReportHandler.java:updateContainerState(145)) - Container #1 is in OPEN state, but the datanode 47d72301-684e-48ba-af14-36fa0ba944f7{ip: 192.168.69.102, host: pr-hdds-2254-trunk-ddzgt-1485873308, networkLocation: /default-rack, certSerialId: null} reports an CLOSED replica.
2019-10-15 21:20:26,025 [EventQueue-ContainerReportForContainerReportHandler] WARN  container.ContainerReportHandler (AbstractContainerReportHandler.java:updateContainerState(145)) - Container #1 is in OPEN state, but the datanode 0eb142cf-b7a4-42cc-bedf-7b6b824b4e6a{ip: 192.168.69.102, host: pr-hdds-2254-trunk-ddzgt-1485873308, networkLocation: /default-rack, certSerialId: null} reports an CLOSED replica.
2019-10-15 21:20:26,224 [EventQueue-ContainerReportForContainerReportHandler] WARN  container.ContainerReportHandler (AbstractContainerReportHandler.java:updateContainerState(145)) - Container #1 is in OPEN state, but the datanode 0eb142cf-b7a4-42cc-bedf-7b6b824b4e6a{ip: 192.168.69.102, host: pr-hdds-2254-trunk-ddzgt-1485873308, networkLocation: /default-rack, certSerialId: null} reports an CLOSED replica.
2019-10-15 21:20:26,308 [EventQueue-ContainerReportForContainerReportHandler] WARN  container.ContainerReportHandler (AbstractContainerReportHandler.java:updateContainerState(145)) - Container #1 is in OPEN state, but the datanode 47d72301-684e-48ba-af14-36fa0ba944f7{ip: 192.168.69.102, host: pr-hdds-2254-trunk-ddzgt-1485873308, networkLocation: /default-rack, certSerialId: null} reports an CLOSED replica.
2019-10-15 21:20:26,424 [EventQueue-ContainerReportForContainerReportHandler] WARN  container.ContainerReportHandler (AbstractContainerReportHandler.java:updateContainerState(145)) - Container #1 is in OPEN state, but the datanode 0eb142cf-b7a4-42cc-bedf-7b6b824b4e6a{ip: 192.168.69.102, host: pr-hdds-2254-trunk-ddzgt-1485873308, networkLocation: /default-rack, certSerialId: null} reports an CLOSED replica.
2019-10-15 21:20:26,509 [EventQueue-ContainerReportForContainerReportHandler] WARN  container.ContainerReportHandler (AbstractContainerReportHandler.java:updateContainerState(145)) - Container #1 is in OPEN state, but the datanode 47d72301-684e-48ba-af14-36fa0ba944f7{ip: 192.168.69.102, host: pr-hdds-2254-trunk-ddzgt-1485873308, networkLocation: /default-rack, certSerialId: null} reports an CLOSED replica.
2019-10-15 21:20:26,624 [EventQueue-ContainerReportForContainerReportHandler] WARN  container.ContainerReportHandler (AbstractContainerReportHandler.java:updateContainerState(145)) - Container #1 is in OPEN state, but the datanode 0eb142cf-b7a4-42cc-bedf-7b6b824b4e6a{ip: 192.168.69.102, host: pr-hdds-2254-trunk-ddzgt-1485873308, networkLocation: /default-rack, certSerialId: null} reports an CLOSED replica.
2019-10-15 21:20:26,773 [BlockDeletingService#2] WARN  background.BlockDeletingService (BlockDeletingService.java:isDeletionAllowed(187)) - Close Container log Index 6 is not replicated across allthe servers in the pipeline 2edbc878-18e2-43a0-b08d-1135523ab2ce as the min replicated index is 4. Deletion is not allowed in this container yet.
2019-10-15 21:20:26,773 [BlockDeletingService#2] WARN  background.BlockDeletingService (BlockDeletingService.java:isDeletionAllowed(187)) - Close Container log Index 6 is not replicated across allthe servers in the pipeline 2edbc878-18e2-43a0-b08d-1135523ab2ce as the min replicated index is 4. Deletion is not allowed in this container yet.
2019-10-15 21:20:26,824 [EventQueue-ContainerReportForContainerReportHandler] WARN  container.ContainerReportHandler (AbstractContainerReportHandler.java:updateContainerState(145)) - Container #1 is in OPEN state, but the datanode 0eb142cf-b7a4-42cc-bedf-7b6b824b4e6a{ip: 192.168.69.102, host: pr-hdds-2254-trunk-ddzgt-1485873308, networkLocation: /default-rack, certSerialId: null} reports an CLOSED replica.
2019-10-15 21:20:26,910 [EventQueue-ContainerReportForContainerReportHandler] WARN  container.ContainerReportHandler (AbstractContainerReportHandler.java:updateContainerState(145)) - Container #1 is in OPEN state, but the datanode 47d72301-684e-48ba-af14-36fa0ba944f7{ip: 192.168.69.102, host: pr-hdds-2254-trunk-ddzgt-1485873308, networkLocation: /default-rack, certSerialId: null} reports an CLOSED replica.
2019-10-15 21:20:27,110 [EventQueue-ContainerReportForContainerReportHandler] WARN  container.ContainerReportHandler (AbstractContainerReportHandler.java:updateContainerState(145)) - Container #1 is in OPEN state, but the datanode 47d72301-684e-48ba-af14-36fa0ba944f7{ip: 192.168.69.102, host: pr-hdds-2254-trunk-ddzgt-1485873308, networkLocation: /default-rack, certSerialId: null} reports an CLOSED replica.
2019-10-15 21:20:27,124 [EventQueue-ContainerReportForContainerReportHandler] WARN  container.ContainerReportHandler (AbstractContainerReportHandler.java:updateContainerState(145)) - Container #1 is in OPEN state, but the datanode 0eb142cf-b7a4-42cc-bedf-7b6b824b4e6a{ip: 192.168.69.102, host: pr-hdds-2254-trunk-ddzgt-1485873308, networkLocation: /default-rack, certSerialId: null} reports an CLOSED replica.
2019-10-15 21:20:27,311 [EventQueue-ContainerReportForContainerReportHandler] WARN  container.ContainerReportHandler (AbstractContainerReportHandler.java:updateContainerState(145)) - Container #1 is in OPEN state, but the datanode 47d72301-684e-48ba-af14-36fa0ba944f7{ip: 192.168.69.102, host: pr-hdds-2254-trunk-ddzgt-1485873308, networkLocation: /default-rack, certSerialId: null} reports an CLOSED replica.
2019-10-15 21:20:27,325 [EventQueue-ContainerReportForContainerReportHandler] WARN  container.ContainerReportHandler (AbstractContainerReportHandler.java:updateContainerState(145)) - Container #1 is in OPEN state, but the datanode 0eb142cf-b7a4-42cc-bedf-7b6b824b4e6a{ip: 192.168.69.102, host: pr-hdds-2254-trunk-ddzgt-1485873308, networkLocation: /default-rack, certSerialId: null} reports an CLOSED replica.
2019-10-15 21:20:27,624 [EventQueue-ContainerReportForContainerReportHandler] WARN  container.ContainerReportHandler (AbstractContainerReportHandler.java:updateContainerState(145)) - Container #1 is in OPEN state, but the datanode 0eb142cf-b7a4-42cc-bedf-7b6b824b4e6a{ip: 192.168.69.102, host: pr-hdds-2254-trunk-ddzgt-1485873308, networkLocation: /default-rack, certSerialId: null} reports an CLOSED replica.
2019-10-15 21:20:27,711 [EventQueue-ContainerReportForContainerReportHandler] WARN  container.ContainerReportHandler (AbstractContainerReportHandler.java:updateContainerState(145)) - Container #1 is in OPEN state, but the datanode 47d72301-684e-48ba-af14-36fa0ba944f7{ip: 192.168.69.102, host: pr-hdds-2254-trunk-ddzgt-1485873308, networkLocation: /default-rack, certSerialId: null} reports an CLOSED replica.
2019-10-15 21:20:27,774 [BlockDeletingService#2] WARN  background.BlockDeletingService (BlockDeletingService.java:isDeletionAllowed(187)) - Close Container log Index 6 is not replicated across allthe servers in the pipeline 2edbc878-18e2-43a0-b08d-1135523ab2ce as the min replicated index is 4. Deletion is not allowed in this container yet.
2019-10-15 21:20:27,774 [BlockDeletingService#2] WARN  background.BlockDeletingService (BlockDeletingService.java:isDeletionAllowed(187)) - Close Container log Index 6 is not replicated across allthe servers in the pipeline 2edbc878-18e2-43a0-b08d-1135523ab2ce as the min replicated index is 4. Deletion is not allowed in this container yet.
2019-10-15 21:20:27,826 [EventQueue-ContainerReportForContainerReportHandler] WARN  container.ContainerReportHandler (AbstractContainerReportHandler.java:updateContainerState(145)) - Container #1 is in OPEN state, but the datanode 0eb142cf-b7a4-42cc-bedf-7b6b824b4e6a{ip: 192.168.69.102, host: pr-hdds-2254-trunk-ddzgt-1485873308, networkLocation: /default-rack, certSerialId: null} reports an CLOSED replica.
2019-10-15 21:20:28,011 [EventQueue-ContainerReportForContainerReportHandler] WARN  container.ContainerReportHandler (AbstractContainerReportHandler.java:updateContainerState(145)) - Container #1 is in OPEN state, but the datanode 47d72301-684e-48ba-af14-36fa0ba944f7{ip: 192.168.69.102, host: pr-hdds-2254-trunk-ddzgt-1485873308, networkLocation: /default-rack, certSerialId: null} reports an CLOSED replica.
2019-10-15 21:20:28,125 [EventQueue-ContainerReportForContainerReportHandler] WARN  container.ContainerReportHandler (AbstractContainerReportHandler.java:updateContainerState(145)) - Container #1 is in OPEN state, but the datanode 0eb142cf-b7a4-42cc-bedf-7b6b824b4e6a{ip: 192.168.69.102, host: pr-hdds-2254-trunk-ddzgt-1485873308, networkLocation: /default-rack, certSerialId: null} reports an CLOSED replica.
2019-10-15 21:20:28,260 [java.util.concurrent.ThreadPoolExecutor$Worker@28bf4c2e[State = -1, empty queue]] WARN  server.GrpcLogAppender (GrpcLogAppender.java:timeoutAppendRequest(209)) - 47d72301-684e-48ba-af14-36fa0ba944f7@group-1135523AB2CE->436ea7cb-b08f-45a9-ac25-59983fb5da84-GrpcLogAppender: appendEntries Timeout, request=47d72301-684e-48ba-af14-36fa0ba944f7->436ea7cb-b08f-45a9-ac25-59983fb5da84#29-t2, previous=(t:2, i:10), leaderCommit=10, initializing? false, entries: <empty>
2019-10-15 21:20:28,311 [EventQueue-ContainerReportForContainerReportHandler] WARN  container.ContainerReportHandler (AbstractContainerReportHandler.java:updateContainerState(145)) - Container #1 is in OPEN state, but the datanode 47d72301-684e-48ba-af14-36fa0ba944f7{ip: 192.168.69.102, host: pr-hdds-2254-trunk-ddzgt-1485873308, networkLocation: /default-rack, certSerialId: null} reports an CLOSED replica.
2019-10-15 21:20:28,525 [EventQueue-ContainerReportForContainerReportHandler] WARN  container.ContainerReportHandler (AbstractContainerReportHandler.java:updateContainerState(145)) - Container #1 is in OPEN state, but the datanode 0eb142cf-b7a4-42cc-bedf-7b6b824b4e6a{ip: 192.168.69.102, host: pr-hdds-2254-trunk-ddzgt-1485873308, networkLocation: /default-rack, certSerialId: null} reports an CLOSED replica.
2019-10-15 21:20:28,711 [EventQueue-ContainerReportForContainerReportHandler] WARN  container.ContainerReportHandler (AbstractContainerReportHandler.java:updateContainerState(145)) - Container #1 is in OPEN state, but the datanode 47d72301-684e-48ba-af14-36fa0ba944f7{ip: 192.168.69.102, host: pr-hdds-2254-trunk-ddzgt-1485873308, networkLocation: /default-rack, certSerialId: null} reports an CLOSED replica.
2019-10-15 21:20:28,776 [BlockDeletingService#2] WARN  background.BlockDeletingService (BlockDeletingService.java:isDeletionAllowed(187)) - Close Container log Index 6 is not replicated across allthe servers in the pipeline 2edbc878-18e2-43a0-b08d-1135523ab2ce as the min replicated index is 4. Deletion is not allowed in this container yet.
2019-10-15 21:20:28,776 [BlockDeletingService#2] WARN  background.BlockDeletingService (BlockDeletingService.java:isDeletionAllowed(187)) - Close Container log Index 6 is not replicated across allthe servers in the pipeline 2edbc878-18e2-43a0-b08d-1135523ab2ce as the min replicated index is 4. Deletion is not allowed in this container yet.
2019-10-15 21:20:28,825 [EventQueue-ContainerReportForContainerReportHandler] WARN  container.ContainerReportHandler (AbstractContainerReportHandler.java:updateContainerState(145)) - Container #1 is in OPEN state, but the datanode 0eb142cf-b7a4-42cc-bedf-7b6b824b4e6a{ip: 192.168.69.102, host: pr-hdds-2254-trunk-ddzgt-1485873308, networkLocation: /default-rack, certSerialId: null} reports an CLOSED replica.
2019-10-15 21:20:29,012 [EventQueue-ContainerReportForContainerReportHandler] WARN  container.ContainerReportHandler (AbstractContainerReportHandler.java:updateContainerState(145)) - Container #1 is in OPEN state, but the datanode 47d72301-684e-48ba-af14-36fa0ba944f7{ip: 192.168.69.102, host: pr-hdds-2254-trunk-ddzgt-1485873308, networkLocation: /default-rack, certSerialId: null} reports an CLOSED replica.
2019-10-15 21:20:29,225 [EventQueue-ContainerReportForContainerReportHandler] WARN  container.ContainerReportHandler (AbstractContainerReportHandler.java:updateContainerState(145)) - Container #1 is in OPEN state, but the datanode 0eb142cf-b7a4-42cc-bedf-7b6b824b4e6a{ip: 192.168.69.102, host: pr-hdds-2254-trunk-ddzgt-1485873308, networkLocation: /default-rack, certSerialId: null} reports an CLOSED replica.
2019-10-15 21:20:29,313 [EventQueue-ContainerReportForContainerReportHandler] WARN  container.ContainerReportHandler (AbstractContainerReportHandler.java:updateContainerState(145)) - Container #1 is in OPEN state, but the datanode 47d72301-684e-48ba-af14-36fa0ba944f7{ip: 192.168.69.102, host: pr-hdds-2254-trunk-ddzgt-1485873308, networkLocation: /default-rack, certSerialId: null} reports an CLOSED replica.
2019-10-15 21:20:29,513 [EventQueue-ContainerReportForContainerReportHandler] WARN  container.ContainerReportHandler (AbstractContainerReportHandler.java:updateContainerState(145)) - Container #1 is in OPEN state, but the datanode 47d72301-684e-48ba-af14-36fa0ba944f7{ip: 192.168.69.102, host: pr-hdds-2254-trunk-ddzgt-1485873308, networkLocation: /default-rack, certSerialId: null} reports an CLOSED replica.
2019-10-15 21:20:29,525 [EventQueue-ContainerReportForContainerReportHandler] WARN  container.ContainerReportHandler (AbstractContainerReportHandler.java:updateContainerState(145)) - Container #1 is in OPEN state, but the datanode 0eb142cf-b7a4-42cc-bedf-7b6b824b4e6a{ip: 192.168.69.102, host: pr-hdds-2254-trunk-ddzgt-1485873308, networkLocation: /default-rack, certSerialId: null} reports an CLOSED replica.
2019-10-15 21:20:29,777 [BlockDeletingService#2] WARN  background.BlockDeletingService (BlockDeletingService.java:isDeletionAllowed(187)) - Close Container log Index 6 is not replicated across allthe servers in the pipeline 2edbc878-18e2-43a0-b08d-1135523ab2ce as the min replicated index is 4. Deletion is not allowed in this container yet.
2019-10-15 21:20:29,777 [BlockDeletingService#2] WARN  background.BlockDeletingService (BlockDeletingService.java:isDeletionAllowed(187)) - Close Container log Index 6 is not replicated across allthe servers in the pipeline 2edbc878-18e2-43a0-b08d-1135523ab2ce as the min replicated index is 4. Deletion is not allowed in this container yet.
2019-10-15 21:20:29,813 [EventQueue-ContainerReportForContainerReportHandler] WARN  container.ContainerReportHandler (AbstractContainerReportHandler.java:updateContainerState(145)) - Container #1 is in OPEN state, but the datanode 47d72301-684e-48ba-af14-36fa0ba944f7{ip: 192.168.69.102, host: pr-hdds-2254-trunk-ddzgt-1485873308, networkLocation: /default-rack, certSerialId: null} reports an CLOSED replica.
2019-10-15 21:20:29,926 [EventQueue-ContainerReportForContainerReportHandler] WARN  container.ContainerReportHandler (AbstractContainerReportHandler.java:updateContainerState(145)) - Container #1 is in OPEN state, but the datanode 0eb142cf-b7a4-42cc-bedf-7b6b824b4e6a{ip: 192.168.69.102, host: pr-hdds-2254-trunk-ddzgt-1485873308, networkLocation: /default-rack, certSerialId: null} reports an CLOSED replica.
2019-10-15 21:20:30,113 [EventQueue-ContainerReportForContainerReportHandler] WARN  container.ContainerReportHandler (AbstractContainerReportHandler.java:updateContainerState(145)) - Container #1 is in OPEN state, but the datanode 47d72301-684e-48ba-af14-36fa0ba944f7{ip: 192.168.69.102, host: pr-hdds-2254-trunk-ddzgt-1485873308, networkLocation: /default-rack, certSerialId: null} reports an CLOSED replica.
2019-10-15 21:20:30,226 [EventQueue-ContainerReportForContainerReportHandler] WARN  container.ContainerReportHandler (AbstractContainerReportHandler.java:updateContainerState(145)) - Container #1 is in OPEN state, but the datanode 0eb142cf-b7a4-42cc-bedf-7b6b824b4e6a{ip: 192.168.69.102, host: pr-hdds-2254-trunk-ddzgt-1485873308, networkLocation: /default-rack, certSerialId: null} reports an CLOSED replica.
2019-10-15 21:20:30,415 [EventQueue-ContainerReportForContainerReportHandler] WARN  container.ContainerReportHandler (AbstractContainerReportHandler.java:updateContainerState(145)) - Container #1 is in OPEN state, but the datanode 47d72301-684e-48ba-af14-36fa0ba944f7{ip: 192.168.69.102, host: pr-hdds-2254-trunk-ddzgt-1485873308, networkLocation: /default-rack, certSerialId: null} reports an CLOSED replica.
2019-10-15 21:20:30,526 [EventQueue-ContainerReportForContainerReportHandler] WARN  container.ContainerReportHandler (AbstractContainerReportHandler.java:updateContainerState(145)) - Container #1 is in OPEN state, but the datanode 0eb142cf-b7a4-42cc-bedf-7b6b824b4e6a{ip: 192.168.69.102, host: pr-hdds-2254-trunk-ddzgt-1485873308, networkLocation: /default-rack, certSerialId: null} reports an CLOSED replica.
2019-10-15 21:20:30,713 [EventQueue-ContainerReportForContainerReportHandler] WARN  container.ContainerReportHandler (AbstractContainerReportHandler.java:updateContainerState(145)) - Container #1 is in OPEN state, but the datanode 47d72301-684e-48ba-af14-36fa0ba944f7{ip: 192.168.69.102, host: pr-hdds-2254-trunk-ddzgt-1485873308, networkLocation: /default-rack, certSerialId: null} reports an CLOSED replica.
2019-10-15 21:20:30,761 [java.util.concurrent.ThreadPoolExecutor$Worker@28bf4c2e[State = -1, empty queue]] WARN  server.GrpcLogAppender (GrpcLogAppender.java:timeoutAppendRequest(209)) - 47d72301-684e-48ba-af14-36fa0ba944f7@group-1135523AB2CE->436ea7cb-b08f-45a9-ac25-59983fb5da84-GrpcLogAppender: appendEntries Timeout, request=47d72301-684e-48ba-af14-36fa0ba944f7->436ea7cb-b08f-45a9-ac25-59983fb5da84#30-t2, previous=(t:2, i:10), leaderCommit=10, initializing? false, entries: <empty>
2019-10-15 21:20:30,779 [BlockDeletingService#2] WARN  background.BlockDeletingService (BlockDeletingService.java:isDeletionAllowed(187)) - Close Container log Index 6 is not replicated across allthe servers in the pipeline 2edbc878-18e2-43a0-b08d-1135523ab2ce as the min replicated index is 4. Deletion is not allowed in this container yet.
2019-10-15 21:20:30,779 [BlockDeletingService#2] WARN  background.BlockDeletingService (BlockDeletingService.java:isDeletionAllowed(187)) - Close Container log Index 6 is not replicated across allthe servers in the pipeline 2edbc878-18e2-43a0-b08d-1135523ab2ce as the min replicated index is 4. Deletion is not allowed in this container yet.
2019-10-15 21:20:30,827 [EventQueue-ContainerReportForContainerReportHandler] WARN  container.ContainerReportHandler (AbstractContainerReportHandler.java:updateContainerState(145)) - Container #1 is in OPEN state, but the datanode 0eb142cf-b7a4-42cc-bedf-7b6b824b4e6a{ip: 192.168.69.102, host: pr-hdds-2254-trunk-ddzgt-1485873308, networkLocation: /default-rack, certSerialId: null} reports an CLOSED replica.
2019-10-15 21:20:30,913 [EventQueue-ContainerReportForContainerReportHandler] WARN  container.ContainerReportHandler (AbstractContainerReportHandler.java:updateContainerState(145)) - Container #1 is in OPEN state, but the datanode 47d72301-684e-48ba-af14-36fa0ba944f7{ip: 192.168.69.102, host: pr-hdds-2254-trunk-ddzgt-1485873308, networkLocation: /default-rack, certSerialId: null} reports an CLOSED replica.
2019-10-15 21:20:31,127 [EventQueue-ContainerReportForContainerReportHandler] WARN  container.ContainerReportHandler (AbstractContainerReportHandler.java:updateContainerState(145)) - Container #1 is in OPEN state, but the datanode 0eb142cf-b7a4-42cc-bedf-7b6b824b4e6a{ip: 192.168.69.102, host: pr-hdds-2254-trunk-ddzgt-1485873308, networkLocation: /default-rack, certSerialId: null} reports an CLOSED replica.
2019-10-15 21:20:31,313 [EventQueue-ContainerReportForContainerReportHandler] WARN  container.ContainerReportHandler (AbstractContainerReportHandler.java:updateContainerState(145)) - Container #1 is in OPEN state, but the datanode 47d72301-684e-48ba-af14-36fa0ba944f7{ip: 192.168.69.102, host: pr-hdds-2254-trunk-ddzgt-1485873308, networkLocation: /default-rack, certSerialId: null} reports an CLOSED replica.
2019-10-15 21:20:31,327 [EventQueue-ContainerReportForContainerReportHandler] WARN  container.ContainerReportHandler (AbstractContainerReportHandler.java:updateContainerState(145)) - Container #1 is in OPEN state, but the datanode 0eb142cf-b7a4-42cc-bedf-7b6b824b4e6a{ip: 192.168.69.102, host: pr-hdds-2254-trunk-ddzgt-1485873308, networkLocation: /default-rack, certSerialId: null} reports an CLOSED replica.
2019-10-15 21:20:31,613 [EventQueue-ContainerReportForContainerReportHandler] WARN  container.ContainerReportHandler (AbstractContainerReportHandler.java:updateContainerState(145)) - Container #1 is in OPEN state, but the datanode 47d72301-684e-48ba-af14-36fa0ba944f7{ip: 192.168.69.102, host: pr-hdds-2254-trunk-ddzgt-1485873308, networkLocation: /default-rack, certSerialId: null} reports an CLOSED replica.
2019-10-15 21:20:31,627 [EventQueue-ContainerReportForContainerReportHandler] WARN  container.ContainerReportHandler (AbstractContainerReportHandler.java:updateContainerState(145)) - Container #1 is in OPEN state, but the datanode 0eb142cf-b7a4-42cc-bedf-7b6b824b4e6a{ip: 192.168.69.102, host: pr-hdds-2254-trunk-ddzgt-1485873308, networkLocation: /default-rack, certSerialId: null} reports an CLOSED replica.
2019-10-15 21:20:31,780 [BlockDeletingService#2] WARN  background.BlockDeletingService (BlockDeletingService.java:isDeletionAllowed(187)) - Close Container log Index 6 is not replicated across allthe servers in the pipeline 2edbc878-18e2-43a0-b08d-1135523ab2ce as the min replicated index is 4. Deletion is not allowed in this container yet.
2019-10-15 21:20:31,780 [BlockDeletingService#2] WARN  background.BlockDeletingService (BlockDeletingService.java:isDeletionAllowed(187)) - Close Container log Index 6 is not replicated across allthe servers in the pipeline 2edbc878-18e2-43a0-b08d-1135523ab2ce as the min replicated index is 4. Deletion is not allowed in this container yet.
2019-10-15 21:20:31,827 [EventQueue-ContainerReportForContainerReportHandler] WARN  container.ContainerReportHandler (AbstractContainerReportHandler.java:updateContainerState(145)) - Container #1 is in OPEN state, but the datanode 0eb142cf-b7a4-42cc-bedf-7b6b824b4e6a{ip: 192.168.69.102, host: pr-hdds-2254-trunk-ddzgt-1485873308, networkLocation: /default-rack, certSerialId: null} reports an CLOSED replica.
2019-10-15 21:20:31,914 [EventQueue-ContainerReportForContainerReportHandler] WARN  container.ContainerReportHandler (AbstractContainerReportHandler.java:updateContainerState(145)) - Container #1 is in OPEN state, but the datanode 47d72301-684e-48ba-af14-36fa0ba944f7{ip: 192.168.69.102, host: pr-hdds-2254-trunk-ddzgt-1485873308, networkLocation: /default-rack, certSerialId: null} reports an CLOSED replica.
2019-10-15 21:20:32,027 [EventQueue-ContainerReportForContainerReportHandler] WARN  container.ContainerReportHandler (AbstractContainerReportHandler.java:updateContainerState(145)) - Container #1 is in OPEN state, but the datanode 0eb142cf-b7a4-42cc-bedf-7b6b824b4e6a{ip: 192.168.69.102, host: pr-hdds-2254-trunk-ddzgt-1485873308, networkLocation: /default-rack, certSerialId: null} reports an CLOSED replica.
2019-10-15 21:20:32,213 [EventQueue-ContainerReportForContainerReportHandler] WARN  container.ContainerReportHandler (AbstractContainerReportHandler.java:updateContainerState(145)) - Container #1 is in OPEN state, but the datanode 47d72301-684e-48ba-af14-36fa0ba944f7{ip: 192.168.69.102, host: pr-hdds-2254-trunk-ddzgt-1485873308, networkLocation: /default-rack, certSerialId: null} reports an CLOSED replica.
2019-10-15 21:20:32,308 [Thread-365] INFO  client.GrpcClientProtocolService (GrpcClientProtocolService.java:lambda$processClientRequest$0(278)) - Failed RaftClientRequest:client-E312EE24CE89->0eb142cf-b7a4-42cc-bedf-7b6b824b4e6a@group-1135523AB2CE, cid=10, seq=0, Watch-ALL_COMMITTED(6), Message:<EMPTY>, reply=RaftClientReply:client-E312EE24CE89->0eb142cf-b7a4-42cc-bedf-7b6b824b4e6a@group-1135523AB2CE, cid=10, FAILED org.apache.ratis.protocol.NotLeaderException: Server 0eb142cf-b7a4-42cc-bedf-7b6b824b4e6a@group-1135523AB2CE is not the leader 47d72301-684e-48ba-af14-36fa0ba944f7:192.168.69.102:33903, logIndex=0, commits[0eb142cf-b7a4-42cc-bedf-7b6b824b4e6a:c10, 436ea7cb-b08f-45a9-ac25-59983fb5da84:c4, 47d72301-684e-48ba-af14-36fa0ba944f7:c10]
2019-10-15 21:20:32,414 [EventQueue-ContainerReportForContainerReportHandler] WARN  container.ContainerReportHandler (AbstractContainerReportHandler.java:updateContainerState(145)) - Container #1 is in OPEN state, but the datanode 47d72301-684e-48ba-af14-36fa0ba944f7{ip: 192.168.69.102, host: pr-hdds-2254-trunk-ddzgt-1485873308, networkLocation: /default-rack, certSerialId: null} reports an CLOSED replica.
2019-10-15 21:20:32,428 [EventQueue-ContainerReportForContainerReportHandler] WARN  container.ContainerReportHandler (AbstractContainerReportHandler.java:updateContainerState(145)) - Container #1 is in OPEN state, but the datanode 0eb142cf-b7a4-42cc-bedf-7b6b824b4e6a{ip: 192.168.69.102, host: pr-hdds-2254-trunk-ddzgt-1485873308, networkLocation: /default-rack, certSerialId: null} reports an CLOSED replica.
2019-10-15 21:20:32,630 [EventQueue-ContainerReportForContainerReportHandler] WARN  container.ContainerReportHandler (AbstractContainerReportHandler.java:updateContainerState(145)) - Container #1 is in OPEN state, but the datanode 0eb142cf-b7a4-42cc-bedf-7b6b824b4e6a{ip: 192.168.69.102, host: pr-hdds-2254-trunk-ddzgt-1485873308, networkLocation: /default-rack, certSerialId: null} reports an CLOSED replica.
2019-10-15 21:20:32,714 [EventQueue-ContainerReportForContainerReportHandler] WARN  container.ContainerReportHandler (AbstractContainerReportHandler.java:updateContainerState(145)) - Container #1 is in OPEN state, but the datanode 47d72301-684e-48ba-af14-36fa0ba944f7{ip: 192.168.69.102, host: pr-hdds-2254-trunk-ddzgt-1485873308, networkLocation: /default-rack, certSerialId: null} reports an CLOSED replica.
2019-10-15 21:20:32,782 [BlockDeletingService#2] WARN  background.BlockDeletingService (BlockDeletingService.java:isDeletionAllowed(187)) - Close Container log Index 6 is not replicated across allthe servers in the pipeline 2edbc878-18e2-43a0-b08d-1135523ab2ce as the min replicated index is 4. Deletion is not allowed in this container yet.
2019-10-15 21:20:32,784 [BlockDeletingService#2] WARN  background.BlockDeletingService (BlockDeletingService.java:isDeletionAllowed(187)) - Close Container log Index 6 is not replicated across allthe servers in the pipeline 2edbc878-18e2-43a0-b08d-1135523ab2ce as the min replicated index is 4. Deletion is not allowed in this container yet.
2019-10-15 21:20:33,015 [EventQueue-ContainerReportForContainerReportHandler] WARN  container.ContainerReportHandler (AbstractContainerReportHandler.java:updateContainerState(145)) - Container #1 is in OPEN state, but the datanode 47d72301-684e-48ba-af14-36fa0ba944f7{ip: 192.168.69.102, host: pr-hdds-2254-trunk-ddzgt-1485873308, networkLocation: /default-rack, certSerialId: null} reports an CLOSED replica.
2019-10-15 21:20:33,029 [EventQueue-ContainerReportForContainerReportHandler] WARN  container.ContainerReportHandler (AbstractContainerReportHandler.java:updateContainerState(145)) - Container #1 is in OPEN state, but the datanode 0eb142cf-b7a4-42cc-bedf-7b6b824b4e6a{ip: 192.168.69.102, host: pr-hdds-2254-trunk-ddzgt-1485873308, networkLocation: /default-rack, certSerialId: null} reports an CLOSED replica.
2019-10-15 21:20:33,230 [EventQueue-ContainerReportForContainerReportHandler] WARN  container.ContainerReportHandler (AbstractContainerReportHandler.java:updateContainerState(145)) - Container #1 is in OPEN state, but the datanode 0eb142cf-b7a4-42cc-bedf-7b6b824b4e6a{ip: 192.168.69.102, host: pr-hdds-2254-trunk-ddzgt-1485873308, networkLocation: /default-rack, certSerialId: null} reports an CLOSED replica.
2019-10-15 21:20:33,262 [java.util.concurrent.ThreadPoolExecutor$Worker@28bf4c2e[State = -1, empty queue]] WARN  server.GrpcLogAppender (GrpcLogAppender.java:timeoutAppendRequest(209)) - 47d72301-684e-48ba-af14-36fa0ba944f7@group-1135523AB2CE->436ea7cb-b08f-45a9-ac25-59983fb5da84-GrpcLogAppender: appendEntries Timeout, request=47d72301-684e-48ba-af14-36fa0ba944f7->436ea7cb-b08f-45a9-ac25-59983fb5da84#31-t2, previous=(t:2, i:10), leaderCommit=10, initializing? false, entries: <empty>
2019-10-15 21:20:33,314 [EventQueue-ContainerReportForContainerReportHandler] WARN  container.ContainerReportHandler (AbstractContainerReportHandler.java:updateContainerState(145)) - Container #1 is in OPEN state, but the datanode 47d72301-684e-48ba-af14-36fa0ba944f7{ip: 192.168.69.102, host: pr-hdds-2254-trunk-ddzgt-1485873308, networkLocation: /default-rack, certSerialId: null} reports an CLOSED replica.
2019-10-15 21:20:33,514 [EventQueue-ContainerReportForContainerReportHandler] WARN  container.ContainerReportHandler (AbstractContainerReportHandler.java:updateContainerState(145)) - Container #1 is in OPEN state, but the datanode 47d72301-684e-48ba-af14-36fa0ba944f7{ip: 192.168.69.102, host: pr-hdds-2254-trunk-ddzgt-1485873308, networkLocation: /default-rack, certSerialId: null} reports an CLOSED replica.
2019-10-15 21:20:33,631 [EventQueue-ContainerReportForContainerReportHandler] WARN  container.ContainerReportHandler (AbstractContainerReportHandler.java:updateContainerState(145)) - Container #1 is in OPEN state, but the datanode 0eb142cf-b7a4-42cc-bedf-7b6b824b4e6a{ip: 192.168.69.102, host: pr-hdds-2254-trunk-ddzgt-1485873308, networkLocation: /default-rack, certSerialId: null} reports an CLOSED replica.
2019-10-15 21:20:33,785 [BlockDeletingService#2] WARN  background.BlockDeletingService (BlockDeletingService.java:isDeletionAllowed(187)) - Close Container log Index 6 is not replicated across allthe servers in the pipeline 2edbc878-18e2-43a0-b08d-1135523ab2ce as the min replicated index is 4. Deletion is not allowed in this container yet.
2019-10-15 21:20:33,785 [BlockDeletingService#2] WARN  background.BlockDeletingService (BlockDeletingService.java:isDeletionAllowed(187)) - Close Container log Index 6 is not replicated across allthe servers in the pipeline 2edbc878-18e2-43a0-b08d-1135523ab2ce as the min replicated index is 4. Deletion is not allowed in this container yet.
2019-10-15 21:20:33,884 [Thread-374] INFO  client.GrpcClientProtocolService (GrpcClientProtocolService.java:lambda$processClientRequest$0(278)) - Failed RaftClientRequest:client-E312EE24CE89->47d72301-684e-48ba-af14-36fa0ba944f7@group-1135523AB2CE, cid=10, seq=0, Watch-ALL_COMMITTED(6), Message:<EMPTY>, reply=RaftClientReply:client-E312EE24CE89->47d72301-684e-48ba-af14-36fa0ba944f7@group-1135523AB2CE, cid=10, FAILED org.apache.ratis.protocol.NotReplicatedException: Request with call Id 10 and log index 6 is not yet replicated to ALL_COMMITTED, logIndex=6, commits[47d72301-684e-48ba-af14-36fa0ba944f7:c10, 436ea7cb-b08f-45a9-ac25-59983fb5da84:c4, 0eb142cf-b7a4-42cc-bedf-7b6b824b4e6a:c10]
2019-10-15 21:20:33,914 [EventQueue-ContainerReportForContainerReportHandler] WARN  container.ContainerReportHandler (AbstractContainerReportHandler.java:updateContainerState(145)) - Container #1 is in OPEN state, but the datanode 47d72301-684e-48ba-af14-36fa0ba944f7{ip: 192.168.69.102, host: pr-hdds-2254-trunk-ddzgt-1485873308, networkLocation: /default-rack, certSerialId: null} reports an CLOSED replica.
2019-10-15 21:20:33,932 [EventQueue-ContainerReportForContainerReportHandler] WARN  container.ContainerReportHandler (AbstractContainerReportHandler.java:updateContainerState(145)) - Container #1 is in OPEN state, but the datanode 0eb142cf-b7a4-42cc-bedf-7b6b824b4e6a{ip: 192.168.69.102, host: pr-hdds-2254-trunk-ddzgt-1485873308, networkLocation: /default-rack, certSerialId: null} reports an CLOSED replica.
2019-10-15 21:20:34,214 [EventQueue-ContainerReportForContainerReportHandler] WARN  container.ContainerReportHandler (AbstractContainerReportHandler.java:updateContainerState(145)) - Container #1 is in OPEN state, but the datanode 47d72301-684e-48ba-af14-36fa0ba944f7{ip: 192.168.69.102, host: pr-hdds-2254-trunk-ddzgt-1485873308, networkLocation: /default-rack, certSerialId: null} reports an CLOSED replica.
2019-10-15 21:20:34,231 [EventQueue-ContainerReportForContainerReportHandler] WARN  container.ContainerReportHandler (AbstractContainerReportHandler.java:updateContainerState(145)) - Container #1 is in OPEN state, but the datanode 0eb142cf-b7a4-42cc-bedf-7b6b824b4e6a{ip: 192.168.69.102, host: pr-hdds-2254-trunk-ddzgt-1485873308, networkLocation: /default-rack, certSerialId: null} reports an CLOSED replica.
2019-10-15 21:20:34,514 [EventQueue-ContainerReportForContainerReportHandler] WARN  container.ContainerReportHandler (AbstractContainerReportHandler.java:updateContainerState(145)) - Container #1 is in OPEN state, but the datanode 47d72301-684e-48ba-af14-36fa0ba944f7{ip: 192.168.69.102, host: pr-hdds-2254-trunk-ddzgt-1485873308, networkLocation: /default-rack, certSerialId: null} reports an CLOSED replica.
2019-10-15 21:20:34,532 [EventQueue-ContainerReportForContainerReportHandler] WARN  container.ContainerReportHandler (AbstractContainerReportHandler.java:updateContainerState(145)) - Container #1 is in OPEN state, but the datanode 0eb142cf-b7a4-42cc-bedf-7b6b824b4e6a{ip: 192.168.69.102, host: pr-hdds-2254-trunk-ddzgt-1485873308, networkLocation: /default-rack, certSerialId: null} reports an CLOSED replica.
2019-10-15 21:20:34,787 [BlockDeletingService#2] WARN  background.BlockDeletingService (BlockDeletingService.java:isDeletionAllowed(187)) - Close Container log Index 6 is not replicated across allthe servers in the pipeline 2edbc878-18e2-43a0-b08d-1135523ab2ce as the min replicated index is 4. Deletion is not allowed in this container yet.
2019-10-15 21:20:34,789 [BlockDeletingService#2] WARN  background.BlockDeletingService (BlockDeletingService.java:isDeletionAllowed(187)) - Close Container log Index 6 is not replicated across allthe servers in the pipeline 2edbc878-18e2-43a0-b08d-1135523ab2ce as the min replicated index is 4. Deletion is not allowed in this container yet.
2019-10-15 21:20:34,915 [EventQueue-ContainerReportForContainerReportHandler] WARN  container.ContainerReportHandler (AbstractContainerReportHandler.java:updateContainerState(145)) - Container #1 is in OPEN state, but the datanode 47d72301-684e-48ba-af14-36fa0ba944f7{ip: 192.168.69.102, host: pr-hdds-2254-trunk-ddzgt-1485873308, networkLocation: /default-rack, certSerialId: null} reports an CLOSED replica.
2019-10-15 21:20:34,932 [EventQueue-ContainerReportForContainerReportHandler] WARN  container.ContainerReportHandler (AbstractContainerReportHandler.java:updateContainerState(145)) - Container #1 is in OPEN state, but the datanode 0eb142cf-b7a4-42cc-bedf-7b6b824b4e6a{ip: 192.168.69.102, host: pr-hdds-2254-trunk-ddzgt-1485873308, networkLocation: /default-rack, certSerialId: null} reports an CLOSED replica.
2019-10-15 21:20:35,214 [EventQueue-ContainerReportForContainerReportHandler] WARN  container.ContainerReportHandler (AbstractContainerReportHandler.java:updateContainerState(145)) - Container #1 is in OPEN state, but the datanode 47d72301-684e-48ba-af14-36fa0ba944f7{ip: 192.168.69.102, host: pr-hdds-2254-trunk-ddzgt-1485873308, networkLocation: /default-rack, certSerialId: null} reports an CLOSED replica.
2019-10-15 21:20:35,332 [EventQueue-ContainerReportForContainerReportHandler] WARN  container.ContainerReportHandler (AbstractContainerReportHandler.java:updateContainerState(145)) - Container #1 is in OPEN state, but the datanode 0eb142cf-b7a4-42cc-bedf-7b6b824b4e6a{ip: 192.168.69.102, host: pr-hdds-2254-trunk-ddzgt-1485873308, networkLocation: /default-rack, certSerialId: null} reports an CLOSED replica.
2019-10-15 21:20:35,515 [EventQueue-ContainerReportForContainerReportHandler] WARN  container.ContainerReportHandler (AbstractContainerReportHandler.java:updateContainerState(145)) - Container #1 is in OPEN state, but the datanode 47d72301-684e-48ba-af14-36fa0ba944f7{ip: 192.168.69.102, host: pr-hdds-2254-trunk-ddzgt-1485873308, networkLocation: /default-rack, certSerialId: null} reports an CLOSED replica.
2019-10-15 21:20:35,532 [EventQueue-ContainerReportForContainerReportHandler] WARN  container.ContainerReportHandler (AbstractContainerReportHandler.java:updateContainerState(145)) - Container #1 is in OPEN state, but the datanode 0eb142cf-b7a4-42cc-bedf-7b6b824b4e6a{ip: 192.168.69.102, host: pr-hdds-2254-trunk-ddzgt-1485873308, networkLocation: /default-rack, certSerialId: null} reports an CLOSED replica.
2019-10-15 21:20:35,715 [EventQueue-ContainerReportForContainerReportHandler] WARN  container.ContainerReportHandler (AbstractContainerReportHandler.java:updateContainerState(145)) - Container #1 is in OPEN state, but the datanode 47d72301-684e-48ba-af14-36fa0ba944f7{ip: 192.168.69.102, host: pr-hdds-2254-trunk-ddzgt-1485873308, networkLocation: /default-rack, certSerialId: null} reports an CLOSED replica.
2019-10-15 21:20:35,734 [EventQueue-ContainerReportForContainerReportHandler] WARN  container.ContainerReportHandler (AbstractContainerReportHandler.java:updateContainerState(145)) - Container #1 is in OPEN state, but the datanode 0eb142cf-b7a4-42cc-bedf-7b6b824b4e6a{ip: 192.168.69.102, host: pr-hdds-2254-trunk-ddzgt-1485873308, networkLocation: /default-rack, certSerialId: null} reports an CLOSED replica.
2019-10-15 21:20:35,763 [java.util.concurrent.ThreadPoolExecutor$Worker@28bf4c2e[State = -1, empty queue]] WARN  server.GrpcLogAppender (GrpcLogAppender.java:timeoutAppendRequest(209)) - 47d72301-684e-48ba-af14-36fa0ba944f7@group-1135523AB2CE->436ea7cb-b08f-45a9-ac25-59983fb5da84-GrpcLogAppender: appendEntries Timeout, request=47d72301-684e-48ba-af14-36fa0ba944f7->436ea7cb-b08f-45a9-ac25-59983fb5da84#32-t2, previous=(t:2, i:10), leaderCommit=10, initializing? false, entries: <empty>
2019-10-15 21:20:35,790 [BlockDeletingService#2] WARN  background.BlockDeletingService (BlockDeletingService.java:isDeletionAllowed(187)) - Close Container log Index 6 is not replicated across allthe servers in the pipeline 2edbc878-18e2-43a0-b08d-1135523ab2ce as the min replicated index is 4. Deletion is not allowed in this container yet.
2019-10-15 21:20:35,793 [BlockDeletingService#2] WARN  background.BlockDeletingService (BlockDeletingService.java:isDeletionAllowed(187)) - Close Container log Index 6 is not replicated across allthe servers in the pipeline 2edbc878-18e2-43a0-b08d-1135523ab2ce as the min replicated index is 4. Deletion is not allowed in this container yet.
2019-10-15 21:20:35,915 [EventQueue-ContainerReportForContainerReportHandler] WARN  container.ContainerReportHandler (AbstractContainerReportHandler.java:updateContainerState(145)) - Container #1 is in OPEN state, but the datanode 47d72301-684e-48ba-af14-36fa0ba944f7{ip: 192.168.69.102, host: pr-hdds-2254-trunk-ddzgt-1485873308, networkLocation: /default-rack, certSerialId: null} reports an CLOSED replica.
2019-10-15 21:20:35,932 [EventQueue-ContainerReportForContainerReportHandler] WARN  container.ContainerReportHandler (AbstractContainerReportHandler.java:updateContainerState(145)) - Container #1 is in OPEN state, but the datanode 0eb142cf-b7a4-42cc-bedf-7b6b824b4e6a{ip: 192.168.69.102, host: pr-hdds-2254-trunk-ddzgt-1485873308, networkLocation: /default-rack, certSerialId: null} reports an CLOSED replica.
2019-10-15 21:20:36,216 [EventQueue-ContainerReportForContainerReportHandler] WARN  container.ContainerReportHandler (AbstractContainerReportHandler.java:updateContainerState(145)) - Container #1 is in OPEN state, but the datanode 47d72301-684e-48ba-af14-36fa0ba944f7{ip: 192.168.69.102, host: pr-hdds-2254-trunk-ddzgt-1485873308, networkLocation: /default-rack, certSerialId: null} reports an CLOSED replica.
2019-10-15 21:20:36,332 [EventQueue-ContainerReportForContainerReportHandler] WARN  container.ContainerReportHandler (AbstractContainerReportHandler.java:updateContainerState(145)) - Container #1 is in OPEN state, but the datanode 0eb142cf-b7a4-42cc-bedf-7b6b824b4e6a{ip: 192.168.69.102, host: pr-hdds-2254-trunk-ddzgt-1485873308, networkLocation: /default-rack, certSerialId: null} reports an CLOSED replica.
2019-10-15 21:20:36,617 [EventQueue-ContainerReportForContainerReportHandler] WARN  container.ContainerReportHandler (AbstractContainerReportHandler.java:updateContainerState(145)) - Container #1 is in OPEN state, but the datanode 47d72301-684e-48ba-af14-36fa0ba944f7{ip: 192.168.69.102, host: pr-hdds-2254-trunk-ddzgt-1485873308, networkLocation: /default-rack, certSerialId: null} reports an CLOSED replica.
2019-10-15 21:20:36,632 [EventQueue-ContainerReportForContainerReportHandler] WARN  container.ContainerReportHandler (AbstractContainerReportHandler.java:updateContainerState(145)) - Container #1 is in OPEN state, but the datanode 0eb142cf-b7a4-42cc-bedf-7b6b824b4e6a{ip: 192.168.69.102, host: pr-hdds-2254-trunk-ddzgt-1485873308, networkLocation: /default-rack, certSerialId: null} reports an CLOSED replica.
2019-10-15 21:20:36,792 [BlockDeletingService#2] WARN  background.BlockDeletingService (BlockDeletingService.java:isDeletionAllowed(187)) - Close Container log Index 6 is not replicated across allthe servers in the pipeline 2edbc878-18e2-43a0-b08d-1135523ab2ce as the min replicated index is 4. Deletion is not allowed in this container yet.
2019-10-15 21:20:36,794 [BlockDeletingService#2] WARN  background.BlockDeletingService (BlockDeletingService.java:isDeletionAllowed(187)) - Close Container log Index 6 is not replicated across allthe servers in the pipeline 2edbc878-18e2-43a0-b08d-1135523ab2ce as the min replicated index is 4. Deletion is not allowed in this container yet.
2019-10-15 21:20:36,817 [EventQueue-ContainerReportForContainerReportHandler] WARN  container.ContainerReportHandler (AbstractContainerReportHandler.java:updateContainerState(145)) - Container #1 is in OPEN state, but the datanode 47d72301-684e-48ba-af14-36fa0ba944f7{ip: 192.168.69.102, host: pr-hdds-2254-trunk-ddzgt-1485873308, networkLocation: /default-rack, certSerialId: null} reports an CLOSED replica.
2019-10-15 21:20:36,832 [EventQueue-ContainerReportForContainerReportHandler] WARN  container.ContainerReportHandler (AbstractContainerReportHandler.java:updateContainerState(145)) - Container #1 is in OPEN state, but the datanode 0eb142cf-b7a4-42cc-bedf-7b6b824b4e6a{ip: 192.168.69.102, host: pr-hdds-2254-trunk-ddzgt-1485873308, networkLocation: /default-rack, certSerialId: null} reports an CLOSED replica.
2019-10-15 21:20:37,017 [EventQueue-ContainerReportForContainerReportHandler] WARN  container.ContainerReportHandler (AbstractContainerReportHandler.java:updateContainerState(145)) - Container #1 is in OPEN state, but the datanode 47d72301-684e-48ba-af14-36fa0ba944f7{ip: 192.168.69.102, host: pr-hdds-2254-trunk-ddzgt-1485873308, networkLocation: /default-rack, certSerialId: null} reports an CLOSED replica.
2019-10-15 21:20:37,233 [EventQueue-ContainerReportForContainerReportHandler] WARN  container.ContainerReportHandler (AbstractContainerReportHandler.java:updateContainerState(145)) - Container #1 is in OPEN state, but the datanode 0eb142cf-b7a4-42cc-bedf-7b6b824b4e6a{ip: 192.168.69.102, host: pr-hdds-2254-trunk-ddzgt-1485873308, networkLocation: /default-rack, certSerialId: null} reports an CLOSED replica.
2019-10-15 21:20:37,317 [EventQueue-ContainerReportForContainerReportHandler] WARN  container.ContainerReportHandler (AbstractContainerReportHandler.java:updateContainerState(145)) - Container #1 is in OPEN state, but the datanode 47d72301-684e-48ba-af14-36fa0ba944f7{ip: 192.168.69.102, host: pr-hdds-2254-trunk-ddzgt-1485873308, networkLocation: /default-rack, certSerialId: null} reports an CLOSED replica.
2019-10-15 21:20:37,433 [EventQueue-ContainerReportForContainerReportHandler] WARN  container.ContainerReportHandler (AbstractContainerReportHandler.java:updateContainerState(145)) - Container #1 is in OPEN state, but the datanode 0eb142cf-b7a4-42cc-bedf-7b6b824b4e6a{ip: 192.168.69.102, host: pr-hdds-2254-trunk-ddzgt-1485873308, networkLocation: /default-rack, certSerialId: null} reports an CLOSED replica.
2019-10-15 21:20:37,617 [EventQueue-ContainerReportForContainerReportHandler] WARN  container.ContainerReportHandler (AbstractContainerReportHandler.java:updateContainerState(145)) - Container #1 is in OPEN state, but the datanode 47d72301-684e-48ba-af14-36fa0ba944f7{ip: 192.168.69.102, host: pr-hdds-2254-trunk-ddzgt-1485873308, networkLocation: /default-rack, certSerialId: null} reports an CLOSED replica.
2019-10-15 21:20:37,734 [EventQueue-ContainerReportForContainerReportHandler] WARN  container.ContainerReportHandler (AbstractContainerReportHandler.java:updateContainerState(145)) - Container #1 is in OPEN state, but the datanode 0eb142cf-b7a4-42cc-bedf-7b6b824b4e6a{ip: 192.168.69.102, host: pr-hdds-2254-trunk-ddzgt-1485873308, networkLocation: /default-rack, certSerialId: null} reports an CLOSED replica.
2019-10-15 21:20:37,793 [BlockDeletingService#2] WARN  background.BlockDeletingService (BlockDeletingService.java:isDeletionAllowed(187)) - Close Container log Index 6 is not replicated across allthe servers in the pipeline 2edbc878-18e2-43a0-b08d-1135523ab2ce as the min replicated index is 4. Deletion is not allowed in this container yet.
2019-10-15 21:20:37,795 [BlockDeletingService#2] WARN  background.BlockDeletingService (BlockDeletingService.java:isDeletionAllowed(187)) - Close Container log Index 6 is not replicated across allthe servers in the pipeline 2edbc878-18e2-43a0-b08d-1135523ab2ce as the min replicated index is 4. Deletion is not allowed in this container yet.
2019-10-15 21:20:37,817 [EventQueue-ContainerReportForContainerReportHandler] WARN  container.ContainerReportHandler (AbstractContainerReportHandler.java:updateContainerState(145)) - Container #1 is in OPEN state, but the datanode 47d72301-684e-48ba-af14-36fa0ba944f7{ip: 192.168.69.102, host: pr-hdds-2254-trunk-ddzgt-1485873308, networkLocation: /default-rack, certSerialId: null} reports an CLOSED replica.
2019-10-15 21:20:38,017 [EventQueue-ContainerReportForContainerReportHandler] WARN  container.ContainerReportHandler (AbstractContainerReportHandler.java:updateContainerState(145)) - Container #1 is in OPEN state, but the datanode 47d72301-684e-48ba-af14-36fa0ba944f7{ip: 192.168.69.102, host: pr-hdds-2254-trunk-ddzgt-1485873308, networkLocation: /default-rack, certSerialId: null} reports an CLOSED replica.
2019-10-15 21:20:38,034 [EventQueue-ContainerReportForContainerReportHandler] WARN  container.ContainerReportHandler (AbstractContainerReportHandler.java:updateContainerState(145)) - Container #1 is in OPEN state, but the datanode 0eb142cf-b7a4-42cc-bedf-7b6b824b4e6a{ip: 192.168.69.102, host: pr-hdds-2254-trunk-ddzgt-1485873308, networkLocation: /default-rack, certSerialId: null} reports an CLOSED replica.
2019-10-15 21:20:38,263 [java.util.concurrent.ThreadPoolExecutor$Worker@28bf4c2e[State = -1, empty queue]] WARN  server.GrpcLogAppender (GrpcLogAppender.java:timeoutAppendRequest(209)) - 47d72301-684e-48ba-af14-36fa0ba944f7@group-1135523AB2CE->436ea7cb-b08f-45a9-ac25-59983fb5da84-GrpcLogAppender: appendEntries Timeout, request=47d72301-684e-48ba-af14-36fa0ba944f7->436ea7cb-b08f-45a9-ac25-59983fb5da84#33-t2, previous=(t:2, i:10), leaderCommit=10, initializing? false, entries: <empty>
2019-10-15 21:20:38,334 [EventQueue-ContainerReportForContainerReportHandler] WARN  container.ContainerReportHandler (AbstractContainerReportHandler.java:updateContainerState(145)) - Container #1 is in OPEN state, but the datanode 0eb142cf-b7a4-42cc-bedf-7b6b824b4e6a{ip: 192.168.69.102, host: pr-hdds-2254-trunk-ddzgt-1485873308, networkLocation: /default-rack, certSerialId: null} reports an CLOSED replica.
2019-10-15 21:20:38,418 [EventQueue-ContainerReportForContainerReportHandler] WARN  container.ContainerReportHandler (AbstractContainerReportHandler.java:updateContainerState(145)) - Container #1 is in OPEN state, but the datanode 47d72301-684e-48ba-af14-36fa0ba944f7{ip: 192.168.69.102, host: pr-hdds-2254-trunk-ddzgt-1485873308, networkLocation: /default-rack, certSerialId: null} reports an CLOSED replica.
2019-10-15 21:20:38,618 [EventQueue-ContainerReportForContainerReportHandler] WARN  container.ContainerReportHandler (AbstractContainerReportHandler.java:updateContainerState(145)) - Container #1 is in OPEN state, but the datanode 47d72301-684e-48ba-af14-36fa0ba944f7{ip: 192.168.69.102, host: pr-hdds-2254-trunk-ddzgt-1485873308, networkLocation: /default-rack, certSerialId: null} reports an CLOSED replica.
2019-10-15 21:20:38,634 [EventQueue-ContainerReportForContainerReportHandler] WARN  container.ContainerReportHandler (AbstractContainerReportHandler.java:updateContainerState(145)) - Container #1 is in OPEN state, but the datanode 0eb142cf-b7a4-42cc-bedf-7b6b824b4e6a{ip: 192.168.69.102, host: pr-hdds-2254-trunk-ddzgt-1485873308, networkLocation: /default-rack, certSerialId: null} reports an CLOSED replica.
2019-10-15 21:20:38,794 [BlockDeletingService#2] WARN  background.BlockDeletingService (BlockDeletingService.java:isDeletionAllowed(187)) - Close Container log Index 6 is not replicated across allthe servers in the pipeline 2edbc878-18e2-43a0-b08d-1135523ab2ce as the min replicated index is 4. Deletion is not allowed in this container yet.
2019-10-15 21:20:38,796 [BlockDeletingService#2] WARN  background.BlockDeletingService (BlockDeletingService.java:isDeletionAllowed(187)) - Close Container log Index 6 is not replicated across allthe servers in the pipeline 2edbc878-18e2-43a0-b08d-1135523ab2ce as the min replicated index is 4. Deletion is not allowed in this container yet.
2019-10-15 21:20:38,818 [EventQueue-ContainerReportForContainerReportHandler] WARN  container.ContainerReportHandler (AbstractContainerReportHandler.java:updateContainerState(145)) - Container #1 is in OPEN state, but the datanode 47d72301-684e-48ba-af14-36fa0ba944f7{ip: 192.168.69.102, host: pr-hdds-2254-trunk-ddzgt-1485873308, networkLocation: /default-rack, certSerialId: null} reports an CLOSED replica.
2019-10-15 21:20:38,834 [EventQueue-ContainerReportForContainerReportHandler] WARN  container.ContainerReportHandler (AbstractContainerReportHandler.java:updateContainerState(145)) - Container #1 is in OPEN state, but the datanode 0eb142cf-b7a4-42cc-bedf-7b6b824b4e6a{ip: 192.168.69.102, host: pr-hdds-2254-trunk-ddzgt-1485873308, networkLocation: /default-rack, certSerialId: null} reports an CLOSED replica.
2019-10-15 21:20:39,120 [EventQueue-ContainerReportForContainerReportHandler] WARN  container.ContainerReportHandler (AbstractContainerReportHandler.java:updateContainerState(145)) - Container #1 is in OPEN state, but the datanode 47d72301-684e-48ba-af14-36fa0ba944f7{ip: 192.168.69.102, host: pr-hdds-2254-trunk-ddzgt-1485873308, networkLocation: /default-rack, certSerialId: null} reports an CLOSED replica.
2019-10-15 21:20:39,135 [EventQueue-ContainerReportForContainerReportHandler] WARN  container.ContainerReportHandler (AbstractContainerReportHandler.java:updateContainerState(145)) - Container #1 is in OPEN state, but the datanode 0eb142cf-b7a4-42cc-bedf-7b6b824b4e6a{ip: 192.168.69.102, host: pr-hdds-2254-trunk-ddzgt-1485873308, networkLocation: /default-rack, certSerialId: null} reports an CLOSED replica.
2019-10-15 21:20:39,321 [EventQueue-ContainerReportForContainerReportHandler] WARN  container.ContainerReportHandler (AbstractContainerReportHandler.java:updateContainerState(145)) - Container #1 is in OPEN state, but the datanode 47d72301-684e-48ba-af14-36fa0ba944f7{ip: 192.168.69.102, host: pr-hdds-2254-trunk-ddzgt-1485873308, networkLocation: /default-rack, certSerialId: null} reports an CLOSED replica.
2019-10-15 21:20:39,537 [EventQueue-ContainerReportForContainerReportHandler] WARN  container.ContainerReportHandler (AbstractContainerReportHandler.java:updateContainerState(145)) - Container #1 is in OPEN state, but the datanode 0eb142cf-b7a4-42cc-bedf-7b6b824b4e6a{ip: 192.168.69.102, host: pr-hdds-2254-trunk-ddzgt-1485873308, networkLocation: /default-rack, certSerialId: null} reports an CLOSED replica.
2019-10-15 21:20:39,721 [EventQueue-ContainerReportForContainerReportHandler] WARN  container.ContainerReportHandler (AbstractContainerReportHandler.java:updateContainerState(145)) - Container #1 is in OPEN state, but the datanode 47d72301-684e-48ba-af14-36fa0ba944f7{ip: 192.168.69.102, host: pr-hdds-2254-trunk-ddzgt-1485873308, networkLocation: /default-rack, certSerialId: null} reports an CLOSED replica.
2019-10-15 21:20:39,737 [EventQueue-ContainerReportForContainerReportHandler] WARN  container.ContainerReportHandler (AbstractContainerReportHandler.java:updateContainerState(145)) - Container #1 is in OPEN state, but the datanode 0eb142cf-b7a4-42cc-bedf-7b6b824b4e6a{ip: 192.168.69.102, host: pr-hdds-2254-trunk-ddzgt-1485873308, networkLocation: /default-rack, certSerialId: null} reports an CLOSED replica.
2019-10-15 21:20:39,795 [BlockDeletingService#2] WARN  background.BlockDeletingService (BlockDeletingService.java:isDeletionAllowed(187)) - Close Container log Index 6 is not replicated across allthe servers in the pipeline 2edbc878-18e2-43a0-b08d-1135523ab2ce as the min replicated index is 4. Deletion is not allowed in this container yet.
2019-10-15 21:20:39,797 [BlockDeletingService#2] WARN  background.BlockDeletingService (BlockDeletingService.java:isDeletionAllowed(187)) - Close Container log Index 6 is not replicated across allthe servers in the pipeline 2edbc878-18e2-43a0-b08d-1135523ab2ce as the min replicated index is 4. Deletion is not allowed in this container yet.
2019-10-15 21:20:40,021 [EventQueue-ContainerReportForContainerReportHandler] WARN  container.ContainerReportHandler (AbstractContainerReportHandler.java:updateContainerState(145)) - Container #1 is in OPEN state, but the datanode 47d72301-684e-48ba-af14-36fa0ba944f7{ip: 192.168.69.102, host: pr-hdds-2254-trunk-ddzgt-1485873308, networkLocation: /default-rack, certSerialId: null} reports an CLOSED replica.
2019-10-15 21:20:40,137 [EventQueue-ContainerReportForContainerReportHandler] WARN  container.ContainerReportHandler (AbstractContainerReportHandler.java:updateContainerState(145)) - Container #1 is in OPEN state, but the datanode 0eb142cf-b7a4-42cc-bedf-7b6b824b4e6a{ip: 192.168.69.102, host: pr-hdds-2254-trunk-ddzgt-1485873308, networkLocation: /default-rack, certSerialId: null} reports an CLOSED replica.
2019-10-15 21:20:40,421 [EventQueue-ContainerReportForContainerReportHandler] WARN  container.ContainerReportHandler (AbstractContainerReportHandler.java:updateContainerState(145)) - Container #1 is in OPEN state, but the datanode 47d72301-684e-48ba-af14-36fa0ba944f7{ip: 192.168.69.102, host: pr-hdds-2254-trunk-ddzgt-1485873308, networkLocation: /default-rack, certSerialId: null} reports an CLOSED replica.
2019-10-15 21:20:40,436 [EventQueue-ContainerReportForContainerReportHandler] WARN  container.ContainerReportHandler (AbstractContainerReportHandler.java:updateContainerState(145)) - Container #1 is in OPEN state, but the datanode 0eb142cf-b7a4-42cc-bedf-7b6b824b4e6a{ip: 192.168.69.102, host: pr-hdds-2254-trunk-ddzgt-1485873308, networkLocation: /default-rack, certSerialId: null} reports an CLOSED replica.
2019-10-15 21:20:40,637 [EventQueue-ContainerReportForContainerReportHandler] WARN  container.ContainerReportHandler (AbstractContainerReportHandler.java:updateContainerState(145)) - Container #1 is in OPEN state, but the datanode 0eb142cf-b7a4-42cc-bedf-7b6b824b4e6a{ip: 192.168.69.102, host: pr-hdds-2254-trunk-ddzgt-1485873308, networkLocation: /default-rack, certSerialId: null} reports an CLOSED replica.
2019-10-15 21:20:40,721 [EventQueue-ContainerReportForContainerReportHandler] WARN  container.ContainerReportHandler (AbstractContainerReportHandler.java:updateContainerState(145)) - Container #1 is in OPEN state, but the datanode 47d72301-684e-48ba-af14-36fa0ba944f7{ip: 192.168.69.102, host: pr-hdds-2254-trunk-ddzgt-1485873308, networkLocation: /default-rack, certSerialId: null} reports an CLOSED replica.
2019-10-15 21:20:40,764 [java.util.concurrent.ThreadPoolExecutor$Worker@28bf4c2e[State = -1, empty queue]] WARN  server.GrpcLogAppender (GrpcLogAppender.java:timeoutAppendRequest(209)) - 47d72301-684e-48ba-af14-36fa0ba944f7@group-1135523AB2CE->436ea7cb-b08f-45a9-ac25-59983fb5da84-GrpcLogAppender: appendEntries Timeout, request=47d72301-684e-48ba-af14-36fa0ba944f7->436ea7cb-b08f-45a9-ac25-59983fb5da84#34-t2, previous=(t:2, i:10), leaderCommit=10, initializing? false, entries: <empty>
2019-10-15 21:20:40,796 [BlockDeletingService#2] WARN  background.BlockDeletingService (BlockDeletingService.java:isDeletionAllowed(187)) - Close Container log Index 6 is not replicated across allthe servers in the pipeline 2edbc878-18e2-43a0-b08d-1135523ab2ce as the min replicated index is 4. Deletion is not allowed in this container yet.
2019-10-15 21:20:40,798 [BlockDeletingService#2] WARN  background.BlockDeletingService (BlockDeletingService.java:isDeletionAllowed(187)) - Close Container log Index 6 is not replicated across allthe servers in the pipeline 2edbc878-18e2-43a0-b08d-1135523ab2ce as the min replicated index is 4. Deletion is not allowed in this container yet.
2019-10-15 21:20:41,038 [EventQueue-ContainerReportForContainerReportHandler] WARN  container.ContainerReportHandler (AbstractContainerReportHandler.java:updateContainerState(145)) - Container #1 is in OPEN state, but the datanode 0eb142cf-b7a4-42cc-bedf-7b6b824b4e6a{ip: 192.168.69.102, host: pr-hdds-2254-trunk-ddzgt-1485873308, networkLocation: /default-rack, certSerialId: null} reports an CLOSED replica.
2019-10-15 21:20:41,122 [EventQueue-ContainerReportForContainerReportHandler] WARN  container.ContainerReportHandler (AbstractContainerReportHandler.java:updateContainerState(145)) - Container #1 is in OPEN state, but the datanode 47d72301-684e-48ba-af14-36fa0ba944f7{ip: 192.168.69.102, host: pr-hdds-2254-trunk-ddzgt-1485873308, networkLocation: /default-rack, certSerialId: null} reports an CLOSED replica.
2019-10-15 21:20:41,238 [EventQueue-ContainerReportForContainerReportHandler] WARN  container.ContainerReportHandler (AbstractContainerReportHandler.java:updateContainerState(145)) - Container #1 is in OPEN state, but the datanode 0eb142cf-b7a4-42cc-bedf-7b6b824b4e6a{ip: 192.168.69.102, host: pr-hdds-2254-trunk-ddzgt-1485873308, networkLocation: /default-rack, certSerialId: null} reports an CLOSED replica.
2019-10-15 21:20:41,322 [EventQueue-ContainerReportForContainerReportHandler] WARN  container.ContainerReportHandler (AbstractContainerReportHandler.java:updateContainerState(145)) - Container #1 is in OPEN state, but the datanode 47d72301-684e-48ba-af14-36fa0ba944f7{ip: 192.168.69.102, host: pr-hdds-2254-trunk-ddzgt-1485873308, networkLocation: /default-rack, certSerialId: null} reports an CLOSED replica.
2019-10-15 21:20:41,333 [Thread-394] INFO  client.GrpcClientProtocolService (GrpcClientProtocolService.java:lambda$processClientRequest$0(278)) - Failed RaftClientRequest:client-E312EE24CE89->0eb142cf-b7a4-42cc-bedf-7b6b824b4e6a@group-1135523AB2CE, cid=10, seq=0, Watch-ALL_COMMITTED(6), Message:<EMPTY>, reply=RaftClientReply:client-E312EE24CE89->0eb142cf-b7a4-42cc-bedf-7b6b824b4e6a@group-1135523AB2CE, cid=10, FAILED org.apache.ratis.protocol.NotLeaderException: Server 0eb142cf-b7a4-42cc-bedf-7b6b824b4e6a@group-1135523AB2CE is not the leader 47d72301-684e-48ba-af14-36fa0ba944f7:192.168.69.102:33903, logIndex=0, commits[0eb142cf-b7a4-42cc-bedf-7b6b824b4e6a:c10, 436ea7cb-b08f-45a9-ac25-59983fb5da84:c4, 47d72301-684e-48ba-af14-36fa0ba944f7:c10]
2019-10-15 21:20:41,540 [EventQueue-ContainerReportForContainerReportHandler] WARN  container.ContainerReportHandler (AbstractContainerReportHandler.java:updateContainerState(145)) - Container #1 is in OPEN state, but the datanode 0eb142cf-b7a4-42cc-bedf-7b6b824b4e6a{ip: 192.168.69.102, host: pr-hdds-2254-trunk-ddzgt-1485873308, networkLocation: /default-rack, certSerialId: null} reports an CLOSED replica.
2019-10-15 21:20:41,621 [EventQueue-ContainerReportForContainerReportHandler] WARN  container.ContainerReportHandler (AbstractContainerReportHandler.java:updateContainerState(145)) - Container #1 is in OPEN state, but the datanode 47d72301-684e-48ba-af14-36fa0ba944f7{ip: 192.168.69.102, host: pr-hdds-2254-trunk-ddzgt-1485873308, networkLocation: /default-rack, certSerialId: null} reports an CLOSED replica.
2019-10-15 21:20:41,740 [EventQueue-ContainerReportForContainerReportHandler] WARN  container.ContainerReportHandler (AbstractContainerReportHandler.java:updateContainerState(145)) - Container #1 is in OPEN state, but the datanode 0eb142cf-b7a4-42cc-bedf-7b6b824b4e6a{ip: 192.168.69.102, host: pr-hdds-2254-trunk-ddzgt-1485873308, networkLocation: /default-rack, certSerialId: null} reports an CLOSED replica.
2019-10-15 21:20:41,797 [BlockDeletingService#2] WARN  background.BlockDeletingService (BlockDeletingService.java:isDeletionAllowed(187)) - Close Container log Index 6 is not replicated across allthe servers in the pipeline 2edbc878-18e2-43a0-b08d-1135523ab2ce as the min replicated index is 4. Deletion is not allowed in this container yet.
2019-10-15 21:20:41,799 [BlockDeletingService#2] WARN  background.BlockDeletingService (BlockDeletingService.java:isDeletionAllowed(187)) - Close Container log Index 6 is not replicated across allthe servers in the pipeline 2edbc878-18e2-43a0-b08d-1135523ab2ce as the min replicated index is 4. Deletion is not allowed in this container yet.
2019-10-15 21:20:41,821 [EventQueue-ContainerReportForContainerReportHandler] WARN  container.ContainerReportHandler (AbstractContainerReportHandler.java:updateContainerState(145)) - Container #1 is in OPEN state, but the datanode 47d72301-684e-48ba-af14-36fa0ba944f7{ip: 192.168.69.102, host: pr-hdds-2254-trunk-ddzgt-1485873308, networkLocation: /default-rack, certSerialId: null} reports an CLOSED replica.
2019-10-15 21:20:42,040 [EventQueue-ContainerReportForContainerReportHandler] WARN  container.ContainerReportHandler (AbstractContainerReportHandler.java:updateContainerState(145)) - Container #1 is in OPEN state, but the datanode 0eb142cf-b7a4-42cc-bedf-7b6b824b4e6a{ip: 192.168.69.102, host: pr-hdds-2254-trunk-ddzgt-1485873308, networkLocation: /default-rack, certSerialId: null} reports an CLOSED replica.
2019-10-15 21:20:42,222 [EventQueue-ContainerReportForContainerReportHandler] WARN  container.ContainerReportHandler (AbstractContainerReportHandler.java:updateContainerState(145)) - Container #1 is in OPEN state, but the datanode 47d72301-684e-48ba-af14-36fa0ba944f7{ip: 192.168.69.102, host: pr-hdds-2254-trunk-ddzgt-1485873308, networkLocation: /default-rack, certSerialId: null} reports an CLOSED replica.
2019-10-15 21:20:42,241 [EventQueue-ContainerReportForContainerReportHandler] WARN  container.ContainerReportHandler (AbstractContainerReportHandler.java:updateContainerState(145)) - Container #1 is in OPEN state, but the datanode 0eb142cf-b7a4-42cc-bedf-7b6b824b4e6a{ip: 192.168.69.102, host: pr-hdds-2254-trunk-ddzgt-1485873308, networkLocation: /default-rack, certSerialId: null} reports an CLOSED replica.
2019-10-15 21:20:42,422 [EventQueue-ContainerReportForContainerReportHandler] WARN  container.ContainerReportHandler (AbstractContainerReportHandler.java:updateContainerState(145)) - Container #1 is in OPEN state, but the datanode 47d72301-684e-48ba-af14-36fa0ba944f7{ip: 192.168.69.102, host: pr-hdds-2254-trunk-ddzgt-1485873308, networkLocation: /default-rack, certSerialId: null} reports an CLOSED replica.
2019-10-15 21:20:42,642 [EventQueue-ContainerReportForContainerReportHandler] WARN  container.ContainerReportHandler (AbstractContainerReportHandler.java:updateContainerState(145)) - Container #1 is in OPEN state, but the datanode 0eb142cf-b7a4-42cc-bedf-7b6b824b4e6a{ip: 192.168.69.102, host: pr-hdds-2254-trunk-ddzgt-1485873308, networkLocation: /default-rack, certSerialId: null} reports an CLOSED replica.
2019-10-15 21:20:42,722 [EventQueue-ContainerReportForContainerReportHandler] WARN  container.ContainerReportHandler (AbstractContainerReportHandler.java:updateContainerState(145)) - Container #1 is in OPEN state, but the datanode 47d72301-684e-48ba-af14-36fa0ba944f7{ip: 192.168.69.102, host: pr-hdds-2254-trunk-ddzgt-1485873308, networkLocation: /default-rack, certSerialId: null} reports an CLOSED replica.
2019-10-15 21:20:42,800 [BlockDeletingService#2] WARN  background.BlockDeletingService (BlockDeletingService.java:isDeletionAllowed(187)) - Close Container log Index 6 is not replicated across allthe servers in the pipeline 2edbc878-18e2-43a0-b08d-1135523ab2ce as the min replicated index is 4. Deletion is not allowed in this container yet.
2019-10-15 21:20:42,800 [BlockDeletingService#2] WARN  background.BlockDeletingService (BlockDeletingService.java:isDeletionAllowed(187)) - Close Container log Index 6 is not replicated across allthe servers in the pipeline 2edbc878-18e2-43a0-b08d-1135523ab2ce as the min replicated index is 4. Deletion is not allowed in this container yet.
2019-10-15 21:20:42,841 [EventQueue-ContainerReportForContainerReportHandler] WARN  container.ContainerReportHandler (AbstractContainerReportHandler.java:updateContainerState(145)) - Container #1 is in OPEN state, but the datanode 0eb142cf-b7a4-42cc-bedf-7b6b824b4e6a{ip: 192.168.69.102, host: pr-hdds-2254-trunk-ddzgt-1485873308, networkLocation: /default-rack, certSerialId: null} reports an CLOSED replica.
2019-10-15 21:20:42,884 [Thread-402] INFO  client.GrpcClientProtocolService (GrpcClientProtocolService.java:lambda$processClientRequest$0(278)) - Failed RaftClientRequest:client-E312EE24CE89->47d72301-684e-48ba-af14-36fa0ba944f7@group-1135523AB2CE, cid=10, seq=0, Watch-ALL_COMMITTED(6), Message:<EMPTY>, reply=RaftClientReply:client-E312EE24CE89->47d72301-684e-48ba-af14-36fa0ba944f7@group-1135523AB2CE, cid=10, FAILED org.apache.ratis.protocol.NotReplicatedException: Request with call Id 10 and log index 6 is not yet replicated to ALL_COMMITTED, logIndex=6, commits[47d72301-684e-48ba-af14-36fa0ba944f7:c10, 436ea7cb-b08f-45a9-ac25-59983fb5da84:c4, 0eb142cf-b7a4-42cc-bedf-7b6b824b4e6a:c10]
2019-10-15 21:20:42,922 [EventQueue-ContainerReportForContainerReportHandler] WARN  container.ContainerReportHandler (AbstractContainerReportHandler.java:updateContainerState(145)) - Container #1 is in OPEN state, but the datanode 47d72301-684e-48ba-af14-36fa0ba944f7{ip: 192.168.69.102, host: pr-hdds-2254-trunk-ddzgt-1485873308, networkLocation: /default-rack, certSerialId: null} reports an CLOSED replica.
2019-10-15 21:20:43,143 [EventQueue-ContainerReportForContainerReportHandler] WARN  container.ContainerReportHandler (AbstractContainerReportHandler.java:updateContainerState(145)) - Container #1 is in OPEN state, but the datanode 0eb142cf-b7a4-42cc-bedf-7b6b824b4e6a{ip: 192.168.69.102, host: pr-hdds-2254-trunk-ddzgt-1485873308, networkLocation: /default-rack, certSerialId: null} reports an CLOSED replica.
2019-10-15 21:20:43,266 [java.util.concurrent.ThreadPoolExecutor$Worker@28bf4c2e[State = -1, empty queue]] WARN  server.GrpcLogAppender (GrpcLogAppender.java:timeoutAppendRequest(209)) - 47d72301-684e-48ba-af14-36fa0ba944f7@group-1135523AB2CE->436ea7cb-b08f-45a9-ac25-59983fb5da84-GrpcLogAppender: appendEntries Timeout, request=47d72301-684e-48ba-af14-36fa0ba944f7->436ea7cb-b08f-45a9-ac25-59983fb5da84#35-t2, previous=(t:2, i:10), leaderCommit=10, initializing? false, entries: <empty>
2019-10-15 21:20:43,324 [EventQueue-ContainerReportForContainerReportHandler] WARN  container.ContainerReportHandler (AbstractContainerReportHandler.java:updateContainerState(145)) - Container #1 is in OPEN state, but the datanode 47d72301-684e-48ba-af14-36fa0ba944f7{ip: 192.168.69.102, host: pr-hdds-2254-trunk-ddzgt-1485873308, networkLocation: /default-rack, certSerialId: null} reports an CLOSED replica.
2019-10-15 21:20:43,442 [EventQueue-ContainerReportForContainerReportHandler] WARN  container.ContainerReportHandler (AbstractContainerReportHandler.java:updateContainerState(145)) - Container #1 is in OPEN state, but the datanode 0eb142cf-b7a4-42cc-bedf-7b6b824b4e6a{ip: 192.168.69.102, host: pr-hdds-2254-trunk-ddzgt-1485873308, networkLocation: /default-rack, certSerialId: null} reports an CLOSED replica.
2019-10-15 21:20:43,522 [EventQueue-ContainerReportForContainerReportHandler] WARN  container.ContainerReportHandler (AbstractContainerReportHandler.java:updateContainerState(145)) - Container #1 is in OPEN state, but the datanode 47d72301-684e-48ba-af14-36fa0ba944f7{ip: 192.168.69.102, host: pr-hdds-2254-trunk-ddzgt-1485873308, networkLocation: /default-rack, certSerialId: null} reports an CLOSED replica.
2019-10-15 21:20:43,801 [BlockDeletingService#2] WARN  background.BlockDeletingService (BlockDeletingService.java:isDeletionAllowed(187)) - Close Container log Index 6 is not replicated across allthe servers in the pipeline 2edbc878-18e2-43a0-b08d-1135523ab2ce as the min replicated index is 4. Deletion is not allowed in this container yet.
2019-10-15 21:20:43,801 [BlockDeletingService#2] WARN  background.BlockDeletingService (BlockDeletingService.java:isDeletionAllowed(187)) - Close Container log Index 6 is not replicated across allthe servers in the pipeline 2edbc878-18e2-43a0-b08d-1135523ab2ce as the min replicated index is 4. Deletion is not allowed in this container yet.
2019-10-15 21:20:43,822 [EventQueue-ContainerReportForContainerReportHandler] WARN  container.ContainerReportHandler (AbstractContainerReportHandler.java:updateContainerState(145)) - Container #1 is in OPEN state, but the datanode 47d72301-684e-48ba-af14-36fa0ba944f7{ip: 192.168.69.102, host: pr-hdds-2254-trunk-ddzgt-1485873308, networkLocation: /default-rack, certSerialId: null} reports an CLOSED replica.
2019-10-15 21:20:43,842 [EventQueue-ContainerReportForContainerReportHandler] WARN  container.ContainerReportHandler (AbstractContainerReportHandler.java:updateContainerState(145)) - Container #1 is in OPEN state, but the datanode 0eb142cf-b7a4-42cc-bedf-7b6b824b4e6a{ip: 192.168.69.102, host: pr-hdds-2254-trunk-ddzgt-1485873308, networkLocation: /default-rack, certSerialId: null} reports an CLOSED replica.
2019-10-15 21:20:44,022 [EventQueue-ContainerReportForContainerReportHandler] WARN  container.ContainerReportHandler (AbstractContainerReportHandler.java:updateContainerState(145)) - Container #1 is in OPEN state, but the datanode 47d72301-684e-48ba-af14-36fa0ba944f7{ip: 192.168.69.102, host: pr-hdds-2254-trunk-ddzgt-1485873308, networkLocation: /default-rack, certSerialId: null} reports an CLOSED replica.
2019-10-15 21:20:44,043 [EventQueue-ContainerReportForContainerReportHandler] WARN  container.ContainerReportHandler (AbstractContainerReportHandler.java:updateContainerState(145)) - Container #1 is in OPEN state, but the datanode 0eb142cf-b7a4-42cc-bedf-7b6b824b4e6a{ip: 192.168.69.102, host: pr-hdds-2254-trunk-ddzgt-1485873308, networkLocation: /default-rack, certSerialId: null} reports an CLOSED replica.
2019-10-15 21:20:44,344 [EventQueue-ContainerReportForContainerReportHandler] WARN  container.ContainerReportHandler (AbstractContainerReportHandler.java:updateContainerState(145)) - Container #1 is in OPEN state, but the datanode 0eb142cf-b7a4-42cc-bedf-7b6b824b4e6a{ip: 192.168.69.102, host: pr-hdds-2254-trunk-ddzgt-1485873308, networkLocation: /default-rack, certSerialId: null} reports an CLOSED replica.
2019-10-15 21:20:44,422 [EventQueue-ContainerReportForContainerReportHandler] WARN  container.ContainerReportHandler (AbstractContainerReportHandler.java:updateContainerState(145)) - Container #1 is in OPEN state, but the datanode 47d72301-684e-48ba-af14-36fa0ba944f7{ip: 192.168.69.102, host: pr-hdds-2254-trunk-ddzgt-1485873308, networkLocation: /default-rack, certSerialId: null} reports an CLOSED replica.
2019-10-15 21:20:44,644 [EventQueue-ContainerReportForContainerReportHandler] WARN  container.ContainerReportHandler (AbstractContainerReportHandler.java:updateContainerState(145)) - Container #1 is in OPEN state, but the datanode 0eb142cf-b7a4-42cc-bedf-7b6b824b4e6a{ip: 192.168.69.102, host: pr-hdds-2254-trunk-ddzgt-1485873308, networkLocation: /default-rack, certSerialId: null} reports an CLOSED replica.
2019-10-15 21:20:44,722 [EventQueue-ContainerReportForContainerReportHandler] WARN  container.ContainerReportHandler (AbstractContainerReportHandler.java:updateContainerState(145)) - Container #1 is in OPEN state, but the datanode 47d72301-684e-48ba-af14-36fa0ba944f7{ip: 192.168.69.102, host: pr-hdds-2254-trunk-ddzgt-1485873308, networkLocation: /default-rack, certSerialId: null} reports an CLOSED replica.
2019-10-15 21:20:44,803 [BlockDeletingService#2] WARN  background.BlockDeletingService (BlockDeletingService.java:isDeletionAllowed(187)) - Close Container log Index 6 is not replicated across allthe servers in the pipeline 2edbc878-18e2-43a0-b08d-1135523ab2ce as the min replicated index is 4. Deletion is not allowed in this container yet.
2019-10-15 21:20:44,804 [BlockDeletingService#2] WARN  background.BlockDeletingService (BlockDeletingService.java:isDeletionAllowed(187)) - Close Container log Index 6 is not replicated across allthe servers in the pipeline 2edbc878-18e2-43a0-b08d-1135523ab2ce as the min replicated index is 4. Deletion is not allowed in this container yet.
2019-10-15 21:20:44,944 [EventQueue-ContainerReportForContainerReportHandler] WARN  container.ContainerReportHandler (AbstractContainerReportHandler.java:updateContainerState(145)) - Container #1 is in OPEN state, but the datanode 0eb142cf-b7a4-42cc-bedf-7b6b824b4e6a{ip: 192.168.69.102, host: pr-hdds-2254-trunk-ddzgt-1485873308, networkLocation: /default-rack, certSerialId: null} reports an CLOSED replica.
2019-10-15 21:20:45,022 [EventQueue-ContainerReportForContainerReportHandler] WARN  container.ContainerReportHandler (AbstractContainerReportHandler.java:updateContainerState(145)) - Container #1 is in OPEN state, but the datanode 47d72301-684e-48ba-af14-36fa0ba944f7{ip: 192.168.69.102, host: pr-hdds-2254-trunk-ddzgt-1485873308, networkLocation: /default-rack, certSerialId: null} reports an CLOSED replica.
2019-10-15 21:20:45,145 [EventQueue-ContainerReportForContainerReportHandler] WARN  container.ContainerReportHandler (AbstractContainerReportHandler.java:updateContainerState(145)) - Container #1 is in OPEN state, but the datanode 0eb142cf-b7a4-42cc-bedf-7b6b824b4e6a{ip: 192.168.69.102, host: pr-hdds-2254-trunk-ddzgt-1485873308, networkLocation: /default-rack, certSerialId: null} reports an CLOSED replica.
2019-10-15 21:20:45,322 [EventQueue-ContainerReportForContainerReportHandler] WARN  container.ContainerReportHandler (AbstractContainerReportHandler.java:updateContainerState(145)) - Container #1 is in OPEN state, but the datanode 47d72301-684e-48ba-af14-36fa0ba944f7{ip: 192.168.69.102, host: pr-hdds-2254-trunk-ddzgt-1485873308, networkLocation: /default-rack, certSerialId: null} reports an CLOSED replica.
2019-10-15 21:20:45,446 [EventQueue-ContainerReportForContainerReportHandler] WARN  container.ContainerReportHandler (AbstractContainerReportHandler.java:updateContainerState(145)) - Container #1 is in OPEN state, but the datanode 0eb142cf-b7a4-42cc-bedf-7b6b824b4e6a{ip: 192.168.69.102, host: pr-hdds-2254-trunk-ddzgt-1485873308, networkLocation: /default-rack, certSerialId: null} reports an CLOSED replica.
2019-10-15 21:20:45,522 [EventQueue-ContainerReportForContainerReportHandler] WARN  container.ContainerReportHandler (AbstractContainerReportHandler.java:updateContainerState(145)) - Container #1 is in OPEN state, but the datanode 47d72301-684e-48ba-af14-36fa0ba944f7{ip: 192.168.69.102, host: pr-hdds-2254-trunk-ddzgt-1485873308, networkLocation: /default-rack, certSerialId: null} reports an CLOSED replica.
2019-10-15 21:20:45,766 [java.util.concurrent.ThreadPoolExecutor$Worker@28bf4c2e[State = -1, empty queue]] WARN  server.GrpcLogAppender (GrpcLogAppender.java:timeoutAppendRequest(209)) - 47d72301-684e-48ba-af14-36fa0ba944f7@group-1135523AB2CE->436ea7cb-b08f-45a9-ac25-59983fb5da84-GrpcLogAppender: appendEntries Timeout, request=47d72301-684e-48ba-af14-36fa0ba944f7->436ea7cb-b08f-45a9-ac25-59983fb5da84#36-t2, previous=(t:2, i:10), leaderCommit=10, initializing? false, entries: <empty>
2019-10-15 21:20:45,806 [BlockDeletingService#2] WARN  background.BlockDeletingService (BlockDeletingService.java:isDeletionAllowed(187)) - Close Container log Index 6 is not replicated across allthe servers in the pipeline 2edbc878-18e2-43a0-b08d-1135523ab2ce as the min replicated index is 4. Deletion is not allowed in this container yet.
2019-10-15 21:20:45,806 [BlockDeletingService#2] WARN  background.BlockDeletingService (BlockDeletingService.java:isDeletionAllowed(187)) - Close Container log Index 6 is not replicated across allthe servers in the pipeline 2edbc878-18e2-43a0-b08d-1135523ab2ce as the min replicated index is 4. Deletion is not allowed in this container yet.
2019-10-15 21:20:45,822 [EventQueue-ContainerReportForContainerReportHandler] WARN  container.ContainerReportHandler (AbstractContainerReportHandler.java:updateContainerState(145)) - Container #1 is in OPEN state, but the datanode 47d72301-684e-48ba-af14-36fa0ba944f7{ip: 192.168.69.102, host: pr-hdds-2254-trunk-ddzgt-1485873308, networkLocation: /default-rack, certSerialId: null} reports an CLOSED replica.
2019-10-15 21:20:45,844 [EventQueue-ContainerReportForContainerReportHandler] WARN  container.ContainerReportHandler (AbstractContainerReportHandler.java:updateContainerState(145)) - Container #1 is in OPEN state, but the datanode 0eb142cf-b7a4-42cc-bedf-7b6b824b4e6a{ip: 192.168.69.102, host: pr-hdds-2254-trunk-ddzgt-1485873308, networkLocation: /default-rack, certSerialId: null} reports an CLOSED replica.
2019-10-15 21:20:46,123 [EventQueue-ContainerReportForContainerReportHandler] WARN  container.ContainerReportHandler (AbstractContainerReportHandler.java:updateContainerState(145)) - Container #1 is in OPEN state, but the datanode 47d72301-684e-48ba-af14-36fa0ba944f7{ip: 192.168.69.102, host: pr-hdds-2254-trunk-ddzgt-1485873308, networkLocation: /default-rack, certSerialId: null} reports an CLOSED replica.
2019-10-15 21:20:46,144 [EventQueue-ContainerReportForContainerReportHandler] WARN  container.ContainerReportHandler (AbstractContainerReportHandler.java:updateContainerState(145)) - Container #1 is in OPEN state, but the datanode 0eb142cf-b7a4-42cc-bedf-7b6b824b4e6a{ip: 192.168.69.102, host: pr-hdds-2254-trunk-ddzgt-1485873308, networkLocation: /default-rack, certSerialId: null} reports an CLOSED replica.
2019-10-15 21:20:46,444 [EventQueue-ContainerReportForContainerReportHandler] WARN  container.ContainerReportHandler (AbstractContainerReportHandler.java:updateContainerState(145)) - Container #1 is in OPEN state, but the datanode 0eb142cf-b7a4-42cc-bedf-7b6b824b4e6a{ip: 192.168.69.102, host: pr-hdds-2254-trunk-ddzgt-1485873308, networkLocation: /default-rack, certSerialId: null} reports an CLOSED replica.
2019-10-15 21:20:46,522 [EventQueue-ContainerReportForContainerReportHandler] WARN  container.ContainerReportHandler (AbstractContainerReportHandler.java:updateContainerState(145)) - Container #1 is in OPEN state, but the datanode 47d72301-684e-48ba-af14-36fa0ba944f7{ip: 192.168.69.102, host: pr-hdds-2254-trunk-ddzgt-1485873308, networkLocation: /default-rack, certSerialId: null} reports an CLOSED replica.
2019-10-15 21:20:46,644 [EventQueue-ContainerReportForContainerReportHandler] WARN  container.ContainerReportHandler (AbstractContainerReportHandler.java:updateContainerState(145)) - Container #1 is in OPEN state, but the datanode 0eb142cf-b7a4-42cc-bedf-7b6b824b4e6a{ip: 192.168.69.102, host: pr-hdds-2254-trunk-ddzgt-1485873308, networkLocation: /default-rack, certSerialId: null} reports an CLOSED replica.
2019-10-15 21:20:46,722 [EventQueue-ContainerReportForContainerReportHandler] WARN  container.ContainerReportHandler (AbstractContainerReportHandler.java:updateContainerState(145)) - Container #1 is in OPEN state, but the datanode 47d72301-684e-48ba-af14-36fa0ba944f7{ip: 192.168.69.102, host: pr-hdds-2254-trunk-ddzgt-1485873308, networkLocation: /default-rack, certSerialId: null} reports an CLOSED replica.
2019-10-15 21:20:46,807 [BlockDeletingService#2] WARN  background.BlockDeletingService (BlockDeletingService.java:isDeletionAllowed(187)) - Close Container log Index 6 is not replicated across allthe servers in the pipeline 2edbc878-18e2-43a0-b08d-1135523ab2ce as the min replicated index is 4. Deletion is not allowed in this container yet.
2019-10-15 21:20:46,807 [BlockDeletingService#2] WARN  background.BlockDeletingService (BlockDeletingService.java:isDeletionAllowed(187)) - Close Container log Index 6 is not replicated across allthe servers in the pipeline 2edbc878-18e2-43a0-b08d-1135523ab2ce as the min replicated index is 4. Deletion is not allowed in this container yet.
2019-10-15 21:20:46,844 [EventQueue-ContainerReportForContainerReportHandler] WARN  container.ContainerReportHandler (AbstractContainerReportHandler.java:updateContainerState(145)) - Container #1 is in OPEN state, but the datanode 0eb142cf-b7a4-42cc-bedf-7b6b824b4e6a{ip: 192.168.69.102, host: pr-hdds-2254-trunk-ddzgt-1485873308, networkLocation: /default-rack, certSerialId: null} reports an CLOSED replica.
2019-10-15 21:20:47,124 [EventQueue-ContainerReportForContainerReportHandler] WARN  container.ContainerReportHandler (AbstractContainerReportHandler.java:updateContainerState(145)) - Container #1 is in OPEN state, but the datanode 47d72301-684e-48ba-af14-36fa0ba944f7{ip: 192.168.69.102, host: pr-hdds-2254-trunk-ddzgt-1485873308, networkLocation: /default-rack, certSerialId: null} reports an CLOSED replica.
2019-10-15 21:20:47,144 [EventQueue-ContainerReportForContainerReportHandler] WARN  container.ContainerReportHandler (AbstractContainerReportHandler.java:updateContainerState(145)) - Container #1 is in OPEN state, but the datanode 0eb142cf-b7a4-42cc-bedf-7b6b824b4e6a{ip: 192.168.69.102, host: pr-hdds-2254-trunk-ddzgt-1485873308, networkLocation: /default-rack, certSerialId: null} reports an CLOSED replica.
2019-10-15 21:20:47,344 [EventQueue-ContainerReportForContainerReportHandler] WARN  container.ContainerReportHandler (AbstractContainerReportHandler.java:updateContainerState(145)) - Container #1 is in OPEN state, but the datanode 0eb142cf-b7a4-42cc-bedf-7b6b824b4e6a{ip: 192.168.69.102, host: pr-hdds-2254-trunk-ddzgt-1485873308, networkLocation: /default-rack, certSerialId: null} reports an CLOSED replica.
2019-10-15 21:20:47,425 [EventQueue-ContainerReportForContainerReportHandler] WARN  container.ContainerReportHandler (AbstractContainerReportHandler.java:updateContainerState(145)) - Container #1 is in OPEN state, but the datanode 47d72301-684e-48ba-af14-36fa0ba944f7{ip: 192.168.69.102, host: pr-hdds-2254-trunk-ddzgt-1485873308, networkLocation: /default-rack, certSerialId: null} reports an CLOSED replica.
2019-10-15 21:20:47,723 [EventQueue-ContainerReportForContainerReportHandler] WARN  container.ContainerReportHandler (AbstractContainerReportHandler.java:updateContainerState(145)) - Container #1 is in OPEN state, but the datanode 47d72301-684e-48ba-af14-36fa0ba944f7{ip: 192.168.69.102, host: pr-hdds-2254-trunk-ddzgt-1485873308, networkLocation: /default-rack, certSerialId: null} reports an CLOSED replica.
2019-10-15 21:20:47,744 [EventQueue-ContainerReportForContainerReportHandler] WARN  container.ContainerReportHandler (AbstractContainerReportHandler.java:updateContainerState(145)) - Container #1 is in OPEN state, but the datanode 0eb142cf-b7a4-42cc-bedf-7b6b824b4e6a{ip: 192.168.69.102, host: pr-hdds-2254-trunk-ddzgt-1485873308, networkLocation: /default-rack, certSerialId: null} reports an CLOSED replica.
2019-10-15 21:20:47,809 [BlockDeletingService#2] WARN  background.BlockDeletingService (BlockDeletingService.java:isDeletionAllowed(187)) - Close Container log Index 6 is not replicated across allthe servers in the pipeline 2edbc878-18e2-43a0-b08d-1135523ab2ce as the min replicated index is 4. Deletion is not allowed in this container yet.
2019-10-15 21:20:47,809 [BlockDeletingService#2] WARN  background.BlockDeletingService (BlockDeletingService.java:isDeletionAllowed(187)) - Close Container log Index 6 is not replicated across allthe servers in the pipeline 2edbc878-18e2-43a0-b08d-1135523ab2ce as the min replicated index is 4. Deletion is not allowed in this container yet.
2019-10-15 21:20:47,944 [EventQueue-ContainerReportForContainerReportHandler] WARN  container.ContainerReportHandler (AbstractContainerReportHandler.java:updateContainerState(145)) - Container #1 is in OPEN state, but the datanode 0eb142cf-b7a4-42cc-bedf-7b6b824b4e6a{ip: 192.168.69.102, host: pr-hdds-2254-trunk-ddzgt-1485873308, networkLocation: /default-rack, certSerialId: null} reports an CLOSED replica.
2019-10-15 21:20:48,023 [EventQueue-ContainerReportForContainerReportHandler] WARN  container.ContainerReportHandler (AbstractContainerReportHandler.java:updateContainerState(145)) - Container #1 is in OPEN state, but the datanode 47d72301-684e-48ba-af14-36fa0ba944f7{ip: 192.168.69.102, host: pr-hdds-2254-trunk-ddzgt-1485873308, networkLocation: /default-rack, certSerialId: null} reports an CLOSED replica.
2019-10-15 21:20:48,224 [EventQueue-ContainerReportForContainerReportHandler] WARN  container.ContainerReportHandler (AbstractContainerReportHandler.java:updateContainerState(145)) - Container #1 is in OPEN state, but the datanode 47d72301-684e-48ba-af14-36fa0ba944f7{ip: 192.168.69.102, host: pr-hdds-2254-trunk-ddzgt-1485873308, networkLocation: /default-rack, certSerialId: null} reports an CLOSED replica.
2019-10-15 21:20:48,267 [java.util.concurrent.ThreadPoolExecutor$Worker@28bf4c2e[State = -1, empty queue]] WARN  server.GrpcLogAppender (GrpcLogAppender.java:timeoutAppendRequest(209)) - 47d72301-684e-48ba-af14-36fa0ba944f7@group-1135523AB2CE->436ea7cb-b08f-45a9-ac25-59983fb5da84-GrpcLogAppender: appendEntries Timeout, request=47d72301-684e-48ba-af14-36fa0ba944f7->436ea7cb-b08f-45a9-ac25-59983fb5da84#37-t2, previous=(t:2, i:10), leaderCommit=10, initializing? false, entries: <empty>
2019-10-15 21:20:48,343 [EventQueue-ContainerReportForContainerReportHandler] WARN  container.ContainerReportHandler (AbstractContainerReportHandler.java:updateContainerState(145)) - Container #1 is in OPEN state, but the datanode 0eb142cf-b7a4-42cc-bedf-7b6b824b4e6a{ip: 192.168.69.102, host: pr-hdds-2254-trunk-ddzgt-1485873308, networkLocation: /default-rack, certSerialId: null} reports an CLOSED replica.
2019-10-15 21:20:48,624 [EventQueue-ContainerReportForContainerReportHandler] WARN  container.ContainerReportHandler (AbstractContainerReportHandler.java:updateContainerState(145)) - Container #1 is in OPEN state, but the datanode 47d72301-684e-48ba-af14-36fa0ba944f7{ip: 192.168.69.102, host: pr-hdds-2254-trunk-ddzgt-1485873308, networkLocation: /default-rack, certSerialId: null} reports an CLOSED replica.
2019-10-15 21:20:48,644 [EventQueue-ContainerReportForContainerReportHandler] WARN  container.ContainerReportHandler (AbstractContainerReportHandler.java:updateContainerState(145)) - Container #1 is in OPEN state, but the datanode 0eb142cf-b7a4-42cc-bedf-7b6b824b4e6a{ip: 192.168.69.102, host: pr-hdds-2254-trunk-ddzgt-1485873308, networkLocation: /default-rack, certSerialId: null} reports an CLOSED replica.
2019-10-15 21:20:48,810 [BlockDeletingService#2] WARN  background.BlockDeletingService (BlockDeletingService.java:isDeletionAllowed(187)) - Close Container log Index 6 is not replicated across allthe servers in the pipeline 2edbc878-18e2-43a0-b08d-1135523ab2ce as the min replicated index is 4. Deletion is not allowed in this container yet.
2019-10-15 21:20:48,810 [BlockDeletingService#2] WARN  background.BlockDeletingService (BlockDeletingService.java:isDeletionAllowed(187)) - Close Container log Index 6 is not replicated across allthe servers in the pipeline 2edbc878-18e2-43a0-b08d-1135523ab2ce as the min replicated index is 4. Deletion is not allowed in this container yet.
2019-10-15 21:20:49,024 [EventQueue-ContainerReportForContainerReportHandler] WARN  container.ContainerReportHandler (AbstractContainerReportHandler.java:updateContainerState(145)) - Container #1 is in OPEN state, but the datanode 47d72301-684e-48ba-af14-36fa0ba944f7{ip: 192.168.69.102, host: pr-hdds-2254-trunk-ddzgt-1485873308, networkLocation: /default-rack, certSerialId: null} reports an CLOSED replica.
2019-10-15 21:20:49,046 [EventQueue-ContainerReportForContainerReportHandler] WARN  container.ContainerReportHandler (AbstractContainerReportHandler.java:updateContainerState(145)) - Container #1 is in OPEN state, but the datanode 0eb142cf-b7a4-42cc-bedf-7b6b824b4e6a{ip: 192.168.69.102, host: pr-hdds-2254-trunk-ddzgt-1485873308, networkLocation: /default-rack, certSerialId: null} reports an CLOSED replica.
2019-10-15 21:20:49,324 [EventQueue-ContainerReportForContainerReportHandler] WARN  container.ContainerReportHandler (AbstractContainerReportHandler.java:updateContainerState(145)) - Container #1 is in OPEN state, but the datanode 47d72301-684e-48ba-af14-36fa0ba944f7{ip: 192.168.69.102, host: pr-hdds-2254-trunk-ddzgt-1485873308, networkLocation: /default-rack, certSerialId: null} reports an CLOSED replica.
2019-10-15 21:20:49,346 [EventQueue-ContainerReportForContainerReportHandler] WARN  container.ContainerReportHandler (AbstractContainerReportHandler.java:updateContainerState(145)) - Container #1 is in OPEN state, but the datanode 0eb142cf-b7a4-42cc-bedf-7b6b824b4e6a{ip: 192.168.69.102, host: pr-hdds-2254-trunk-ddzgt-1485873308, networkLocation: /default-rack, certSerialId: null} reports an CLOSED replica.
2019-10-15 21:20:49,624 [EventQueue-ContainerReportForContainerReportHandler] WARN  container.ContainerReportHandler (AbstractContainerReportHandler.java:updateContainerState(145)) - Container #1 is in OPEN state, but the datanode 47d72301-684e-48ba-af14-36fa0ba944f7{ip: 192.168.69.102, host: pr-hdds-2254-trunk-ddzgt-1485873308, networkLocation: /default-rack, certSerialId: null} reports an CLOSED replica.
2019-10-15 21:20:49,646 [EventQueue-ContainerReportForContainerReportHandler] WARN  container.ContainerReportHandler (AbstractContainerReportHandler.java:updateContainerState(145)) - Container #1 is in OPEN state, but the datanode 0eb142cf-b7a4-42cc-bedf-7b6b824b4e6a{ip: 192.168.69.102, host: pr-hdds-2254-trunk-ddzgt-1485873308, networkLocation: /default-rack, certSerialId: null} reports an CLOSED replica.
2019-10-15 21:20:49,812 [BlockDeletingService#2] WARN  background.BlockDeletingService (BlockDeletingService.java:isDeletionAllowed(187)) - Close Container log Index 6 is not replicated across allthe servers in the pipeline 2edbc878-18e2-43a0-b08d-1135523ab2ce as the min replicated index is 4. Deletion is not allowed in this container yet.
2019-10-15 21:20:49,812 [BlockDeletingService#2] WARN  background.BlockDeletingService (BlockDeletingService.java:isDeletionAllowed(187)) - Close Container log Index 6 is not replicated across allthe servers in the pipeline 2edbc878-18e2-43a0-b08d-1135523ab2ce as the min replicated index is 4. Deletion is not allowed in this container yet.
2019-10-15 21:20:49,825 [EventQueue-ContainerReportForContainerReportHandler] WARN  container.ContainerReportHandler (AbstractContainerReportHandler.java:updateContainerState(145)) - Container #1 is in OPEN state, but the datanode 47d72301-684e-48ba-af14-36fa0ba944f7{ip: 192.168.69.102, host: pr-hdds-2254-trunk-ddzgt-1485873308, networkLocation: /default-rack, certSerialId: null} reports an CLOSED replica.
2019-10-15 21:20:50,047 [EventQueue-ContainerReportForContainerReportHandler] WARN  container.ContainerReportHandler (AbstractContainerReportHandler.java:updateContainerState(145)) - Container #1 is in OPEN state, but the datanode 0eb142cf-b7a4-42cc-bedf-7b6b824b4e6a{ip: 192.168.69.102, host: pr-hdds-2254-trunk-ddzgt-1485873308, networkLocation: /default-rack, certSerialId: null} reports an CLOSED replica.
2019-10-15 21:20:50,226 [EventQueue-ContainerReportForContainerReportHandler] WARN  container.ContainerReportHandler (AbstractContainerReportHandler.java:updateContainerState(145)) - Container #1 is in OPEN state, but the datanode 47d72301-684e-48ba-af14-36fa0ba944f7{ip: 192.168.69.102, host: pr-hdds-2254-trunk-ddzgt-1485873308, networkLocation: /default-rack, certSerialId: null} reports an CLOSED replica.
2019-10-15 21:20:50,348 [EventQueue-ContainerReportForContainerReportHandler] WARN  container.ContainerReportHandler (AbstractContainerReportHandler.java:updateContainerState(145)) - Container #1 is in OPEN state, but the datanode 0eb142cf-b7a4-42cc-bedf-7b6b824b4e6a{ip: 192.168.69.102, host: pr-hdds-2254-trunk-ddzgt-1485873308, networkLocation: /default-rack, certSerialId: null} reports an CLOSED replica.
2019-10-15 21:20:50,527 [EventQueue-ContainerReportForContainerReportHandler] WARN  container.ContainerReportHandler (AbstractContainerReportHandler.java:updateContainerState(145)) - Container #1 is in OPEN state, but the datanode 47d72301-684e-48ba-af14-36fa0ba944f7{ip: 192.168.69.102, host: pr-hdds-2254-trunk-ddzgt-1485873308, networkLocation: /default-rack, certSerialId: null} reports an CLOSED replica.
2019-10-15 21:20:50,748 [EventQueue-ContainerReportForContainerReportHandler] WARN  container.ContainerReportHandler (AbstractContainerReportHandler.java:updateContainerState(145)) - Container #1 is in OPEN state, but the datanode 0eb142cf-b7a4-42cc-bedf-7b6b824b4e6a{ip: 192.168.69.102, host: pr-hdds-2254-trunk-ddzgt-1485873308, networkLocation: /default-rack, certSerialId: null} reports an CLOSED replica.
2019-10-15 21:20:50,770 [java.util.concurrent.ThreadPoolExecutor$Worker@28bf4c2e[State = -1, empty queue]] WARN  server.GrpcLogAppender (GrpcLogAppender.java:timeoutAppendRequest(209)) - 47d72301-684e-48ba-af14-36fa0ba944f7@group-1135523AB2CE->436ea7cb-b08f-45a9-ac25-59983fb5da84-GrpcLogAppender: appendEntries Timeout, request=47d72301-684e-48ba-af14-36fa0ba944f7->436ea7cb-b08f-45a9-ac25-59983fb5da84#38-t2, previous=(t:2, i:10), leaderCommit=10, initializing? false, entries: <empty>
2019-10-15 21:20:50,814 [BlockDeletingService#2] WARN  background.BlockDeletingService (BlockDeletingService.java:isDeletionAllowed(187)) - Close Container log Index 6 is not replicated across allthe servers in the pipeline 2edbc878-18e2-43a0-b08d-1135523ab2ce as the min replicated index is 4. Deletion is not allowed in this container yet.
2019-10-15 21:20:50,814 [BlockDeletingService#2] WARN  background.BlockDeletingService (BlockDeletingService.java:isDeletionAllowed(187)) - Close Container log Index 6 is not replicated across allthe servers in the pipeline 2edbc878-18e2-43a0-b08d-1135523ab2ce as the min replicated index is 4. Deletion is not allowed in this container yet.
2019-10-15 21:20:50,827 [EventQueue-ContainerReportForContainerReportHandler] WARN  container.ContainerReportHandler (AbstractContainerReportHandler.java:updateContainerState(145)) - Container #1 is in OPEN state, but the datanode 47d72301-684e-48ba-af14-36fa0ba944f7{ip: 192.168.69.102, host: pr-hdds-2254-trunk-ddzgt-1485873308, networkLocation: /default-rack, certSerialId: null} reports an CLOSED replica.
2019-10-15 21:20:51,048 [EventQueue-ContainerReportForContainerReportHandler] WARN  container.ContainerReportHandler (AbstractContainerReportHandler.java:updateContainerState(145)) - Container #1 is in OPEN state, but the datanode 0eb142cf-b7a4-42cc-bedf-7b6b824b4e6a{ip: 192.168.69.102, host: pr-hdds-2254-trunk-ddzgt-1485873308, networkLocation: /default-rack, certSerialId: null} reports an CLOSED replica.
2019-10-15 21:20:51,127 [EventQueue-ContainerReportForContainerReportHandler] WARN  container.ContainerReportHandler (AbstractContainerReportHandler.java:updateContainerState(145)) - Container #1 is in OPEN state, but the datanode 47d72301-684e-48ba-af14-36fa0ba944f7{ip: 192.168.69.102, host: pr-hdds-2254-trunk-ddzgt-1485873308, networkLocation: /default-rack, certSerialId: null} reports an CLOSED replica.
2019-10-15 21:20:51,248 [EventQueue-ContainerReportForContainerReportHandler] WARN  container.ContainerReportHandler (AbstractContainerReportHandler.java:updateContainerState(145)) - Container #1 is in OPEN state, but the datanode 0eb142cf-b7a4-42cc-bedf-7b6b824b4e6a{ip: 192.168.69.102, host: pr-hdds-2254-trunk-ddzgt-1485873308, networkLocation: /default-rack, certSerialId: null} reports an CLOSED replica.
2019-10-15 21:20:51,449 [EventQueue-ContainerReportForContainerReportHandler] WARN  container.ContainerReportHandler (AbstractContainerReportHandler.java:updateContainerState(145)) - Container #1 is in OPEN state, but the datanode 0eb142cf-b7a4-42cc-bedf-7b6b824b4e6a{ip: 192.168.69.102, host: pr-hdds-2254-trunk-ddzgt-1485873308, networkLocation: /default-rack, certSerialId: null} reports an CLOSED replica.
2019-10-15 21:20:51,531 [EventQueue-ContainerReportForContainerReportHandler] WARN  container.ContainerReportHandler (AbstractContainerReportHandler.java:updateContainerState(145)) - Container #1 is in OPEN state, but the datanode 47d72301-684e-48ba-af14-36fa0ba944f7{ip: 192.168.69.102, host: pr-hdds-2254-trunk-ddzgt-1485873308, networkLocation: /default-rack, certSerialId: null} reports an CLOSED replica.
2019-10-15 21:20:51,816 [BlockDeletingService#2] WARN  background.BlockDeletingService (BlockDeletingService.java:isDeletionAllowed(187)) - Close Container log Index 6 is not replicated across allthe servers in the pipeline 2edbc878-18e2-43a0-b08d-1135523ab2ce as the min replicated index is 4. Deletion is not allowed in this container yet.
2019-10-15 21:20:51,816 [BlockDeletingService#2] WARN  background.BlockDeletingService (BlockDeletingService.java:isDeletionAllowed(187)) - Close Container log Index 6 is not replicated across allthe servers in the pipeline 2edbc878-18e2-43a0-b08d-1135523ab2ce as the min replicated index is 4. Deletion is not allowed in this container yet.
2019-10-15 21:20:51,830 [EventQueue-ContainerReportForContainerReportHandler] WARN  container.ContainerReportHandler (AbstractContainerReportHandler.java:updateContainerState(145)) - Container #1 is in OPEN state, but the datanode 47d72301-684e-48ba-af14-36fa0ba944f7{ip: 192.168.69.102, host: pr-hdds-2254-trunk-ddzgt-1485873308, networkLocation: /default-rack, certSerialId: null} reports an CLOSED replica.
2019-10-15 21:20:51,849 [EventQueue-ContainerReportForContainerReportHandler] WARN  container.ContainerReportHandler (AbstractContainerReportHandler.java:updateContainerState(145)) - Container #1 is in OPEN state, but the datanode 0eb142cf-b7a4-42cc-bedf-7b6b824b4e6a{ip: 192.168.69.102, host: pr-hdds-2254-trunk-ddzgt-1485873308, networkLocation: /default-rack, certSerialId: null} reports an CLOSED replica.
2019-10-15 21:20:51,884 [Thread-428] INFO  client.GrpcClientProtocolService (GrpcClientProtocolService.java:lambda$processClientRequest$0(278)) - Failed RaftClientRequest:client-E312EE24CE89->47d72301-684e-48ba-af14-36fa0ba944f7@group-1135523AB2CE, cid=10, seq=0, Watch-ALL_COMMITTED(6), Message:<EMPTY>, reply=RaftClientReply:client-E312EE24CE89->47d72301-684e-48ba-af14-36fa0ba944f7@group-1135523AB2CE, cid=10, FAILED org.apache.ratis.protocol.NotReplicatedException: Request with call Id 10 and log index 6 is not yet replicated to ALL_COMMITTED, logIndex=6, commits[47d72301-684e-48ba-af14-36fa0ba944f7:c10, 436ea7cb-b08f-45a9-ac25-59983fb5da84:c4, 0eb142cf-b7a4-42cc-bedf-7b6b824b4e6a:c10]
2019-10-15 21:20:52,150 [EventQueue-ContainerReportForContainerReportHandler] WARN  container.ContainerReportHandler (AbstractContainerReportHandler.java:updateContainerState(145)) - Container #1 is in OPEN state, but the datanode 0eb142cf-b7a4-42cc-bedf-7b6b824b4e6a{ip: 192.168.69.102, host: pr-hdds-2254-trunk-ddzgt-1485873308, networkLocation: /default-rack, certSerialId: null} reports an CLOSED replica.
2019-10-15 21:20:52,230 [EventQueue-ContainerReportForContainerReportHandler] WARN  container.ContainerReportHandler (AbstractContainerReportHandler.java:updateContainerState(145)) - Container #1 is in OPEN state, but the datanode 47d72301-684e-48ba-af14-36fa0ba944f7{ip: 192.168.69.102, host: pr-hdds-2254-trunk-ddzgt-1485873308, networkLocation: /default-rack, certSerialId: null} reports an CLOSED replica.
2019-10-15 21:20:52,551 [EventQueue-ContainerReportForContainerReportHandler] WARN  container.ContainerReportHandler (AbstractContainerReportHandler.java:updateContainerState(145)) - Container #1 is in OPEN state, but the datanode 0eb142cf-b7a4-42cc-bedf-7b6b824b4e6a{ip: 192.168.69.102, host: pr-hdds-2254-trunk-ddzgt-1485873308, networkLocation: /default-rack, certSerialId: null} reports an CLOSED replica.
2019-10-15 21:20:52,630 [EventQueue-ContainerReportForContainerReportHandler] WARN  container.ContainerReportHandler (AbstractContainerReportHandler.java:updateContainerState(145)) - Container #1 is in OPEN state, but the datanode 47d72301-684e-48ba-af14-36fa0ba944f7{ip: 192.168.69.102, host: pr-hdds-2254-trunk-ddzgt-1485873308, networkLocation: /default-rack, certSerialId: null} reports an CLOSED replica.
2019-10-15 21:20:52,818 [BlockDeletingService#2] WARN  background.BlockDeletingService (BlockDeletingService.java:isDeletionAllowed(187)) - Close Container log Index 6 is not replicated across allthe servers in the pipeline 2edbc878-18e2-43a0-b08d-1135523ab2ce as the min replicated index is 4. Deletion is not allowed in this container yet.
2019-10-15 21:20:52,827 [BlockDeletingService#2] WARN  background.BlockDeletingService (BlockDeletingService.java:isDeletionAllowed(187)) - Close Container log Index 6 is not replicated across allthe servers in the pipeline 2edbc878-18e2-43a0-b08d-1135523ab2ce as the min replicated index is 4. Deletion is not allowed in this container yet.
2019-10-15 21:20:52,950 [EventQueue-ContainerReportForContainerReportHandler] WARN  container.ContainerReportHandler (AbstractContainerReportHandler.java:updateContainerState(145)) - Container #1 is in OPEN state, but the datanode 0eb142cf-b7a4-42cc-bedf-7b6b824b4e6a{ip: 192.168.69.102, host: pr-hdds-2254-trunk-ddzgt-1485873308, networkLocation: /default-rack, certSerialId: null} reports an CLOSED replica.
2019-10-15 21:20:53,029 [EventQueue-ContainerReportForContainerReportHandler] WARN  container.ContainerReportHandler (AbstractContainerReportHandler.java:updateContainerState(145)) - Container #1 is in OPEN state, but the datanode 47d72301-684e-48ba-af14-36fa0ba944f7{ip: 192.168.69.102, host: pr-hdds-2254-trunk-ddzgt-1485873308, networkLocation: /default-rack, certSerialId: null} reports an CLOSED replica.
2019-10-15 21:20:53,230 [EventQueue-ContainerReportForContainerReportHandler] WARN  container.ContainerReportHandler (AbstractContainerReportHandler.java:updateContainerState(145)) - Container #1 is in OPEN state, but the datanode 47d72301-684e-48ba-af14-36fa0ba944f7{ip: 192.168.69.102, host: pr-hdds-2254-trunk-ddzgt-1485873308, networkLocation: /default-rack, certSerialId: null} reports an CLOSED replica.
2019-10-15 21:20:53,251 [EventQueue-ContainerReportForContainerReportHandler] WARN  container.ContainerReportHandler (AbstractContainerReportHandler.java:updateContainerState(145)) - Container #1 is in OPEN state, but the datanode 0eb142cf-b7a4-42cc-bedf-7b6b824b4e6a{ip: 192.168.69.102, host: pr-hdds-2254-trunk-ddzgt-1485873308, networkLocation: /default-rack, certSerialId: null} reports an CLOSED replica.
2019-10-15 21:20:53,271 [java.util.concurrent.ThreadPoolExecutor$Worker@28bf4c2e[State = -1, empty queue]] WARN  server.GrpcLogAppender (GrpcLogAppender.java:timeoutAppendRequest(209)) - 47d72301-684e-48ba-af14-36fa0ba944f7@group-1135523AB2CE->436ea7cb-b08f-45a9-ac25-59983fb5da84-GrpcLogAppender: appendEntries Timeout, request=47d72301-684e-48ba-af14-36fa0ba944f7->436ea7cb-b08f-45a9-ac25-59983fb5da84#39-t2, previous=(t:2, i:10), leaderCommit=10, initializing? false, entries: <empty>
2019-10-15 21:20:53,450 [EventQueue-ContainerReportForContainerReportHandler] WARN  container.ContainerReportHandler (AbstractContainerReportHandler.java:updateContainerState(145)) - Container #1 is in OPEN state, but the datanode 0eb142cf-b7a4-42cc-bedf-7b6b824b4e6a{ip: 192.168.69.102, host: pr-hdds-2254-trunk-ddzgt-1485873308, networkLocation: /default-rack, certSerialId: null} reports an CLOSED replica.
2019-10-15 21:20:53,531 [EventQueue-ContainerReportForContainerReportHandler] WARN  container.ContainerReportHandler (AbstractContainerReportHandler.java:updateContainerState(145)) - Container #1 is in OPEN state, but the datanode 47d72301-684e-48ba-af14-36fa0ba944f7{ip: 192.168.69.102, host: pr-hdds-2254-trunk-ddzgt-1485873308, networkLocation: /default-rack, certSerialId: null} reports an CLOSED replica.
2019-10-15 21:20:53,750 [EventQueue-ContainerReportForContainerReportHandler] WARN  container.ContainerReportHandler (AbstractContainerReportHandler.java:updateContainerState(145)) - Container #1 is in OPEN state, but the datanode 0eb142cf-b7a4-42cc-bedf-7b6b824b4e6a{ip: 192.168.69.102, host: pr-hdds-2254-trunk-ddzgt-1485873308, networkLocation: /default-rack, certSerialId: null} reports an CLOSED replica.
2019-10-15 21:20:53,821 [BlockDeletingService#2] WARN  background.BlockDeletingService (BlockDeletingService.java:isDeletionAllowed(187)) - Close Container log Index 6 is not replicated across allthe servers in the pipeline 2edbc878-18e2-43a0-b08d-1135523ab2ce as the min replicated index is 4. Deletion is not allowed in this container yet.
2019-10-15 21:20:53,828 [BlockDeletingService#2] WARN  background.BlockDeletingService (BlockDeletingService.java:isDeletionAllowed(187)) - Close Container log Index 6 is not replicated across allthe servers in the pipeline 2edbc878-18e2-43a0-b08d-1135523ab2ce as the min replicated index is 4. Deletion is not allowed in this container yet.
2019-10-15 21:20:53,830 [EventQueue-ContainerReportForContainerReportHandler] WARN  container.ContainerReportHandler (AbstractContainerReportHandler.java:updateContainerState(145)) - Container #1 is in OPEN state, but the datanode 47d72301-684e-48ba-af14-36fa0ba944f7{ip: 192.168.69.102, host: pr-hdds-2254-trunk-ddzgt-1485873308, networkLocation: /default-rack, certSerialId: null} reports an CLOSED replica.
2019-10-15 21:20:53,950 [EventQueue-ContainerReportForContainerReportHandler] WARN  container.ContainerReportHandler (AbstractContainerReportHandler.java:updateContainerState(145)) - Container #1 is in OPEN state, but the datanode 0eb142cf-b7a4-42cc-bedf-7b6b824b4e6a{ip: 192.168.69.102, host: pr-hdds-2254-trunk-ddzgt-1485873308, networkLocation: /default-rack, certSerialId: null} reports an CLOSED replica.
2019-10-15 21:20:54,131 [EventQueue-ContainerReportForContainerReportHandler] WARN  container.ContainerReportHandler (AbstractContainerReportHandler.java:updateContainerState(145)) - Container #1 is in OPEN state, but the datanode 47d72301-684e-48ba-af14-36fa0ba944f7{ip: 192.168.69.102, host: pr-hdds-2254-trunk-ddzgt-1485873308, networkLocation: /default-rack, certSerialId: null} reports an CLOSED replica.
2019-10-15 21:20:54,251 [EventQueue-ContainerReportForContainerReportHandler] WARN  container.ContainerReportHandler (AbstractContainerReportHandler.java:updateContainerState(145)) - Container #1 is in OPEN state, but the datanode 0eb142cf-b7a4-42cc-bedf-7b6b824b4e6a{ip: 192.168.69.102, host: pr-hdds-2254-trunk-ddzgt-1485873308, networkLocation: /default-rack, certSerialId: null} reports an CLOSED replica.
2019-10-15 21:20:54,332 [EventQueue-ContainerReportForContainerReportHandler] WARN  container.ContainerReportHandler (AbstractContainerReportHandler.java:updateContainerState(145)) - Container #1 is in OPEN state, but the datanode 47d72301-684e-48ba-af14-36fa0ba944f7{ip: 192.168.69.102, host: pr-hdds-2254-trunk-ddzgt-1485873308, networkLocation: /default-rack, certSerialId: null} reports an CLOSED replica.
2019-10-15 21:20:54,651 [EventQueue-ContainerReportForContainerReportHandler] WARN  container.ContainerReportHandler (AbstractContainerReportHandler.java:updateContainerState(145)) - Container #1 is in OPEN state, but the datanode 0eb142cf-b7a4-42cc-bedf-7b6b824b4e6a{ip: 192.168.69.102, host: pr-hdds-2254-trunk-ddzgt-1485873308, networkLocation: /default-rack, certSerialId: null} reports an CLOSED replica.
2019-10-15 21:20:54,732 [EventQueue-ContainerReportForContainerReportHandler] WARN  container.ContainerReportHandler (AbstractContainerReportHandler.java:updateContainerState(145)) - Container #1 is in OPEN state, but the datanode 47d72301-684e-48ba-af14-36fa0ba944f7{ip: 192.168.69.102, host: pr-hdds-2254-trunk-ddzgt-1485873308, networkLocation: /default-rack, certSerialId: null} reports an CLOSED replica.
2019-10-15 21:20:54,822 [BlockDeletingService#2] WARN  background.BlockDeletingService (BlockDeletingService.java:isDeletionAllowed(187)) - Close Container log Index 6 is not replicated across allthe servers in the pipeline 2edbc878-18e2-43a0-b08d-1135523ab2ce as the min replicated index is 4. Deletion is not allowed in this container yet.
2019-10-15 21:20:54,828 [BlockDeletingService#2] WARN  background.BlockDeletingService (BlockDeletingService.java:isDeletionAllowed(187)) - Close Container log Index 6 is not replicated across allthe servers in the pipeline 2edbc878-18e2-43a0-b08d-1135523ab2ce as the min replicated index is 4. Deletion is not allowed in this container yet.
2019-10-15 21:20:54,932 [EventQueue-ContainerReportForContainerReportHandler] WARN  container.ContainerReportHandler (AbstractContainerReportHandler.java:updateContainerState(145)) - Container #1 is in OPEN state, but the datanode 47d72301-684e-48ba-af14-36fa0ba944f7{ip: 192.168.69.102, host: pr-hdds-2254-trunk-ddzgt-1485873308, networkLocation: /default-rack, certSerialId: null} reports an CLOSED replica.
2019-10-15 21:20:54,951 [EventQueue-ContainerReportForContainerReportHandler] WARN  container.ContainerReportHandler (AbstractContainerReportHandler.java:updateContainerState(145)) - Container #1 is in OPEN state, but the datanode 0eb142cf-b7a4-42cc-bedf-7b6b824b4e6a{ip: 192.168.69.102, host: pr-hdds-2254-trunk-ddzgt-1485873308, networkLocation: /default-rack, certSerialId: null} reports an CLOSED replica.
2019-10-15 21:20:55,151 [EventQueue-ContainerReportForContainerReportHandler] WARN  container.ContainerReportHandler (AbstractContainerReportHandler.java:updateContainerState(145)) - Container #1 is in OPEN state, but the datanode 0eb142cf-b7a4-42cc-bedf-7b6b824b4e6a{ip: 192.168.69.102, host: pr-hdds-2254-trunk-ddzgt-1485873308, networkLocation: /default-rack, certSerialId: null} reports an CLOSED replica.
2019-10-15 21:20:55,333 [EventQueue-ContainerReportForContainerReportHandler] WARN  container.ContainerReportHandler (AbstractContainerReportHandler.java:updateContainerState(145)) - Container #1 is in OPEN state, but the datanode 47d72301-684e-48ba-af14-36fa0ba944f7{ip: 192.168.69.102, host: pr-hdds-2254-trunk-ddzgt-1485873308, networkLocation: /default-rack, certSerialId: null} reports an CLOSED replica.
2019-10-15 21:20:55,451 [EventQueue-ContainerReportForContainerReportHandler] WARN  container.ContainerReportHandler (AbstractContainerReportHandler.java:updateContainerState(145)) - Container #1 is in OPEN state, but the datanode 0eb142cf-b7a4-42cc-bedf-7b6b824b4e6a{ip: 192.168.69.102, host: pr-hdds-2254-trunk-ddzgt-1485873308, networkLocation: /default-rack, certSerialId: null} reports an CLOSED replica.
2019-10-15 21:20:55,633 [EventQueue-ContainerReportForContainerReportHandler] WARN  container.ContainerReportHandler (AbstractContainerReportHandler.java:updateContainerState(145)) - Container #1 is in OPEN state, but the datanode 47d72301-684e-48ba-af14-36fa0ba944f7{ip: 192.168.69.102, host: pr-hdds-2254-trunk-ddzgt-1485873308, networkLocation: /default-rack, certSerialId: null} reports an CLOSED replica.
2019-10-15 21:20:55,771 [java.util.concurrent.ThreadPoolExecutor$Worker@28bf4c2e[State = -1, empty queue]] WARN  server.GrpcLogAppender (GrpcLogAppender.java:timeoutAppendRequest(209)) - 47d72301-684e-48ba-af14-36fa0ba944f7@group-1135523AB2CE->436ea7cb-b08f-45a9-ac25-59983fb5da84-GrpcLogAppender: appendEntries Timeout, request=47d72301-684e-48ba-af14-36fa0ba944f7->436ea7cb-b08f-45a9-ac25-59983fb5da84#40-t2, previous=(t:2, i:10), leaderCommit=10, initializing? false, entries: <empty>
2019-10-15 21:20:55,823 [BlockDeletingService#2] WARN  background.BlockDeletingService (BlockDeletingService.java:isDeletionAllowed(187)) - Close Container log Index 6 is not replicated across allthe servers in the pipeline 2edbc878-18e2-43a0-b08d-1135523ab2ce as the min replicated index is 4. Deletion is not allowed in this container yet.
2019-10-15 21:20:55,829 [BlockDeletingService#2] WARN  background.BlockDeletingService (BlockDeletingService.java:isDeletionAllowed(187)) - Close Container log Index 6 is not replicated across allthe servers in the pipeline 2edbc878-18e2-43a0-b08d-1135523ab2ce as the min replicated index is 4. Deletion is not allowed in this container yet.
2019-10-15 21:20:55,851 [EventQueue-ContainerReportForContainerReportHandler] WARN  container.ContainerReportHandler (AbstractContainerReportHandler.java:updateContainerState(145)) - Container #1 is in OPEN state, but the datanode 0eb142cf-b7a4-42cc-bedf-7b6b824b4e6a{ip: 192.168.69.102, host: pr-hdds-2254-trunk-ddzgt-1485873308, networkLocation: /default-rack, certSerialId: null} reports an CLOSED replica.
2019-10-15 21:20:55,933 [EventQueue-ContainerReportForContainerReportHandler] WARN  container.ContainerReportHandler (AbstractContainerReportHandler.java:updateContainerState(145)) - Container #1 is in OPEN state, but the datanode 47d72301-684e-48ba-af14-36fa0ba944f7{ip: 192.168.69.102, host: pr-hdds-2254-trunk-ddzgt-1485873308, networkLocation: /default-rack, certSerialId: null} reports an CLOSED replica.
2019-10-15 21:20:56,051 [EventQueue-ContainerReportForContainerReportHandler] WARN  container.ContainerReportHandler (AbstractContainerReportHandler.java:updateContainerState(145)) - Container #1 is in OPEN state, but the datanode 0eb142cf-b7a4-42cc-bedf-7b6b824b4e6a{ip: 192.168.69.102, host: pr-hdds-2254-trunk-ddzgt-1485873308, networkLocation: /default-rack, certSerialId: null} reports an CLOSED replica.
2019-10-15 21:20:56,233 [EventQueue-ContainerReportForContainerReportHandler] WARN  container.ContainerReportHandler (AbstractContainerReportHandler.java:updateContainerState(145)) - Container #1 is in OPEN state, but the datanode 47d72301-684e-48ba-af14-36fa0ba944f7{ip: 192.168.69.102, host: pr-hdds-2254-trunk-ddzgt-1485873308, networkLocation: /default-rack, certSerialId: null} reports an CLOSED replica.
2019-10-15 21:20:56,451 [EventQueue-ContainerReportForContainerReportHandler] WARN  container.ContainerReportHandler (AbstractContainerReportHandler.java:updateContainerState(145)) - Container #1 is in OPEN state, but the datanode 0eb142cf-b7a4-42cc-bedf-7b6b824b4e6a{ip: 192.168.69.102, host: pr-hdds-2254-trunk-ddzgt-1485873308, networkLocation: /default-rack, certSerialId: null} reports an CLOSED replica.
2019-10-15 21:20:56,633 [EventQueue-ContainerReportForContainerReportHandler] WARN  container.ContainerReportHandler (AbstractContainerReportHandler.java:updateContainerState(145)) - Container #1 is in OPEN state, but the datanode 47d72301-684e-48ba-af14-36fa0ba944f7{ip: 192.168.69.102, host: pr-hdds-2254-trunk-ddzgt-1485873308, networkLocation: /default-rack, certSerialId: null} reports an CLOSED replica.
2019-10-15 21:20:56,752 [EventQueue-ContainerReportForContainerReportHandler] WARN  container.ContainerReportHandler (AbstractContainerReportHandler.java:updateContainerState(145)) - Container #1 is in OPEN state, but the datanode 0eb142cf-b7a4-42cc-bedf-7b6b824b4e6a{ip: 192.168.69.102, host: pr-hdds-2254-trunk-ddzgt-1485873308, networkLocation: /default-rack, certSerialId: null} reports an CLOSED replica.
2019-10-15 21:20:56,824 [BlockDeletingService#2] WARN  background.BlockDeletingService (BlockDeletingService.java:isDeletionAllowed(187)) - Close Container log Index 6 is not replicated across allthe servers in the pipeline 2edbc878-18e2-43a0-b08d-1135523ab2ce as the min replicated index is 4. Deletion is not allowed in this container yet.
2019-10-15 21:20:56,830 [BlockDeletingService#2] WARN  background.BlockDeletingService (BlockDeletingService.java:isDeletionAllowed(187)) - Close Container log Index 6 is not replicated across allthe servers in the pipeline 2edbc878-18e2-43a0-b08d-1135523ab2ce as the min replicated index is 4. Deletion is not allowed in this container yet.
2019-10-15 21:20:56,934 [EventQueue-ContainerReportForContainerReportHandler] WARN  container.ContainerReportHandler (AbstractContainerReportHandler.java:updateContainerState(145)) - Container #1 is in OPEN state, but the datanode 47d72301-684e-48ba-af14-36fa0ba944f7{ip: 192.168.69.102, host: pr-hdds-2254-trunk-ddzgt-1485873308, networkLocation: /default-rack, certSerialId: null} reports an CLOSED replica.
2019-10-15 21:20:56,952 [EventQueue-ContainerReportForContainerReportHandler] WARN  container.ContainerReportHandler (AbstractContainerReportHandler.java:updateContainerState(145)) - Container #1 is in OPEN state, but the datanode 0eb142cf-b7a4-42cc-bedf-7b6b824b4e6a{ip: 192.168.69.102, host: pr-hdds-2254-trunk-ddzgt-1485873308, networkLocation: /default-rack, certSerialId: null} reports an CLOSED replica.
2019-10-15 21:20:57,252 [EventQueue-ContainerReportForContainerReportHandler] WARN  container.ContainerReportHandler (AbstractContainerReportHandler.java:updateContainerState(145)) - Container #1 is in OPEN state, but the datanode 0eb142cf-b7a4-42cc-bedf-7b6b824b4e6a{ip: 192.168.69.102, host: pr-hdds-2254-trunk-ddzgt-1485873308, networkLocation: /default-rack, certSerialId: null} reports an CLOSED replica.
2019-10-15 21:20:57,333 [EventQueue-ContainerReportForContainerReportHandler] WARN  container.ContainerReportHandler (AbstractContainerReportHandler.java:updateContainerState(145)) - Container #1 is in OPEN state, but the datanode 47d72301-684e-48ba-af14-36fa0ba944f7{ip: 192.168.69.102, host: pr-hdds-2254-trunk-ddzgt-1485873308, networkLocation: /default-rack, certSerialId: null} reports an CLOSED replica.
2019-10-15 21:20:57,552 [EventQueue-ContainerReportForContainerReportHandler] WARN  container.ContainerReportHandler (AbstractContainerReportHandler.java:updateContainerState(145)) - Container #1 is in OPEN state, but the datanode 0eb142cf-b7a4-42cc-bedf-7b6b824b4e6a{ip: 192.168.69.102, host: pr-hdds-2254-trunk-ddzgt-1485873308, networkLocation: /default-rack, certSerialId: null} reports an CLOSED replica.
2019-10-15 21:20:57,633 [EventQueue-ContainerReportForContainerReportHandler] WARN  container.ContainerReportHandler (AbstractContainerReportHandler.java:updateContainerState(145)) - Container #1 is in OPEN state, but the datanode 47d72301-684e-48ba-af14-36fa0ba944f7{ip: 192.168.69.102, host: pr-hdds-2254-trunk-ddzgt-1485873308, networkLocation: /default-rack, certSerialId: null} reports an CLOSED replica.
2019-10-15 21:20:57,752 [EventQueue-ContainerReportForContainerReportHandler] WARN  container.ContainerReportHandler (AbstractContainerReportHandler.java:updateContainerState(145)) - Container #1 is in OPEN state, but the datanode 0eb142cf-b7a4-42cc-bedf-7b6b824b4e6a{ip: 192.168.69.102, host: pr-hdds-2254-trunk-ddzgt-1485873308, networkLocation: /default-rack, certSerialId: null} reports an CLOSED replica.
2019-10-15 21:20:57,826 [BlockDeletingService#2] WARN  background.BlockDeletingService (BlockDeletingService.java:isDeletionAllowed(187)) - Close Container log Index 6 is not replicated across allthe servers in the pipeline 2edbc878-18e2-43a0-b08d-1135523ab2ce as the min replicated index is 4. Deletion is not allowed in this container yet.
2019-10-15 21:20:57,831 [BlockDeletingService#2] WARN  background.BlockDeletingService (BlockDeletingService.java:isDeletionAllowed(187)) - Close Container log Index 6 is not replicated across allthe servers in the pipeline 2edbc878-18e2-43a0-b08d-1135523ab2ce as the min replicated index is 4. Deletion is not allowed in this container yet.
2019-10-15 21:20:57,935 [EventQueue-ContainerReportForContainerReportHandler] WARN  container.ContainerReportHandler (AbstractContainerReportHandler.java:updateContainerState(145)) - Container #1 is in OPEN state, but the datanode 47d72301-684e-48ba-af14-36fa0ba944f7{ip: 192.168.69.102, host: pr-hdds-2254-trunk-ddzgt-1485873308, networkLocation: /default-rack, certSerialId: null} reports an CLOSED replica.
2019-10-15 21:20:58,053 [EventQueue-ContainerReportForContainerReportHandler] WARN  container.ContainerReportHandler (AbstractContainerReportHandler.java:updateContainerState(145)) - Container #1 is in OPEN state, but the datanode 0eb142cf-b7a4-42cc-bedf-7b6b824b4e6a{ip: 192.168.69.102, host: pr-hdds-2254-trunk-ddzgt-1485873308, networkLocation: /default-rack, certSerialId: null} reports an CLOSED replica.
2019-10-15 21:20:58,272 [java.util.concurrent.ThreadPoolExecutor$Worker@28bf4c2e[State = -1, empty queue]] WARN  server.GrpcLogAppender (GrpcLogAppender.java:timeoutAppendRequest(209)) - 47d72301-684e-48ba-af14-36fa0ba944f7@group-1135523AB2CE->436ea7cb-b08f-45a9-ac25-59983fb5da84-GrpcLogAppender: appendEntries Timeout, request=47d72301-684e-48ba-af14-36fa0ba944f7->436ea7cb-b08f-45a9-ac25-59983fb5da84#41-t2, previous=(t:2, i:10), leaderCommit=10, initializing? false, entries: <empty>
2019-10-15 21:20:58,338 [EventQueue-ContainerReportForContainerReportHandler] WARN  container.ContainerReportHandler (AbstractContainerReportHandler.java:updateContainerState(145)) - Container #1 is in OPEN state, but the datanode 47d72301-684e-48ba-af14-36fa0ba944f7{ip: 192.168.69.102, host: pr-hdds-2254-trunk-ddzgt-1485873308, networkLocation: /default-rack, certSerialId: null} reports an CLOSED replica.
2019-10-15 21:20:58,353 [EventQueue-ContainerReportForContainerReportHandler] WARN  container.ContainerReportHandler (AbstractContainerReportHandler.java:updateContainerState(145)) - Container #1 is in OPEN state, but the datanode 0eb142cf-b7a4-42cc-bedf-7b6b824b4e6a{ip: 192.168.69.102, host: pr-hdds-2254-trunk-ddzgt-1485873308, networkLocation: /default-rack, certSerialId: null} reports an CLOSED replica.
2019-10-15 21:20:58,637 [EventQueue-ContainerReportForContainerReportHandler] WARN  container.ContainerReportHandler (AbstractContainerReportHandler.java:updateContainerState(145)) - Container #1 is in OPEN state, but the datanode 47d72301-684e-48ba-af14-36fa0ba944f7{ip: 192.168.69.102, host: pr-hdds-2254-trunk-ddzgt-1485873308, networkLocation: /default-rack, certSerialId: null} reports an CLOSED replica.
2019-10-15 21:20:58,753 [EventQueue-ContainerReportForContainerReportHandler] WARN  container.ContainerReportHandler (AbstractContainerReportHandler.java:updateContainerState(145)) - Container #1 is in OPEN state, but the datanode 0eb142cf-b7a4-42cc-bedf-7b6b824b4e6a{ip: 192.168.69.102, host: pr-hdds-2254-trunk-ddzgt-1485873308, networkLocation: /default-rack, certSerialId: null} reports an CLOSED replica.
2019-10-15 21:20:58,827 [BlockDeletingService#2] WARN  background.BlockDeletingService (BlockDeletingService.java:isDeletionAllowed(187)) - Close Container log Index 6 is not replicated across allthe servers in the pipeline 2edbc878-18e2-43a0-b08d-1135523ab2ce as the min replicated index is 4. Deletion is not allowed in this container yet.
2019-10-15 21:20:58,832 [BlockDeletingService#2] WARN  background.BlockDeletingService (BlockDeletingService.java:isDeletionAllowed(187)) - Close Container log Index 6 is not replicated across allthe servers in the pipeline 2edbc878-18e2-43a0-b08d-1135523ab2ce as the min replicated index is 4. Deletion is not allowed in this container yet.
2019-10-15 21:20:58,953 [EventQueue-ContainerReportForContainerReportHandler] WARN  container.ContainerReportHandler (AbstractContainerReportHandler.java:updateContainerState(145)) - Container #1 is in OPEN state, but the datanode 0eb142cf-b7a4-42cc-bedf-7b6b824b4e6a{ip: 192.168.69.102, host: pr-hdds-2254-trunk-ddzgt-1485873308, networkLocation: /default-rack, certSerialId: null} reports an CLOSED replica.
2019-10-15 21:20:59,037 [EventQueue-ContainerReportForContainerReportHandler] WARN  container.ContainerReportHandler (AbstractContainerReportHandler.java:updateContainerState(145)) - Container #1 is in OPEN state, but the datanode 47d72301-684e-48ba-af14-36fa0ba944f7{ip: 192.168.69.102, host: pr-hdds-2254-trunk-ddzgt-1485873308, networkLocation: /default-rack, certSerialId: null} reports an CLOSED replica.
2019-10-15 21:20:59,337 [EventQueue-ContainerReportForContainerReportHandler] WARN  container.ContainerReportHandler (AbstractContainerReportHandler.java:updateContainerState(145)) - Container #1 is in OPEN state, but the datanode 47d72301-684e-48ba-af14-36fa0ba944f7{ip: 192.168.69.102, host: pr-hdds-2254-trunk-ddzgt-1485873308, networkLocation: /default-rack, certSerialId: null} reports an CLOSED replica.
2019-10-15 21:20:59,354 [EventQueue-ContainerReportForContainerReportHandler] WARN  container.ContainerReportHandler (AbstractContainerReportHandler.java:updateContainerState(145)) - Container #1 is in OPEN state, but the datanode 0eb142cf-b7a4-42cc-bedf-7b6b824b4e6a{ip: 192.168.69.102, host: pr-hdds-2254-trunk-ddzgt-1485873308, networkLocation: /default-rack, certSerialId: null} reports an CLOSED replica.
2019-10-15 21:20:59,537 [EventQueue-ContainerReportForContainerReportHandler] WARN  container.ContainerReportHandler (AbstractContainerReportHandler.java:updateContainerState(145)) - Container #1 is in OPEN state, but the datanode 47d72301-684e-48ba-af14-36fa0ba944f7{ip: 192.168.69.102, host: pr-hdds-2254-trunk-ddzgt-1485873308, networkLocation: /default-rack, certSerialId: null} reports an CLOSED replica.
2019-10-15 21:20:59,655 [EventQueue-ContainerReportForContainerReportHandler] WARN  container.ContainerReportHandler (AbstractContainerReportHandler.java:updateContainerState(145)) - Container #1 is in OPEN state, but the datanode 0eb142cf-b7a4-42cc-bedf-7b6b824b4e6a{ip: 192.168.69.102, host: pr-hdds-2254-trunk-ddzgt-1485873308, networkLocation: /default-rack, certSerialId: null} reports an CLOSED replica.
2019-10-15 21:20:59,828 [BlockDeletingService#2] WARN  background.BlockDeletingService (BlockDeletingService.java:isDeletionAllowed(187)) - Close Container log Index 6 is not replicated across allthe servers in the pipeline 2edbc878-18e2-43a0-b08d-1135523ab2ce as the min replicated index is 4. Deletion is not allowed in this container yet.
2019-10-15 21:20:59,833 [BlockDeletingService#2] WARN  background.BlockDeletingService (BlockDeletingService.java:isDeletionAllowed(187)) - Close Container log Index 6 is not replicated across allthe servers in the pipeline 2edbc878-18e2-43a0-b08d-1135523ab2ce as the min replicated index is 4. Deletion is not allowed in this container yet.
2019-10-15 21:20:59,854 [EventQueue-ContainerReportForContainerReportHandler] WARN  container.ContainerReportHandler (AbstractContainerReportHandler.java:updateContainerState(145)) - Container #1 is in OPEN state, but the datanode 0eb142cf-b7a4-42cc-bedf-7b6b824b4e6a{ip: 192.168.69.102, host: pr-hdds-2254-trunk-ddzgt-1485873308, networkLocation: /default-rack, certSerialId: null} reports an CLOSED replica.
2019-10-15 21:20:59,937 [EventQueue-ContainerReportForContainerReportHandler] WARN  container.ContainerReportHandler (AbstractContainerReportHandler.java:updateContainerState(145)) - Container #1 is in OPEN state, but the datanode 47d72301-684e-48ba-af14-36fa0ba944f7{ip: 192.168.69.102, host: pr-hdds-2254-trunk-ddzgt-1485873308, networkLocation: /default-rack, certSerialId: null} reports an CLOSED replica.
2019-10-15 21:21:00,154 [EventQueue-ContainerReportForContainerReportHandler] WARN  container.ContainerReportHandler (AbstractContainerReportHandler.java:updateContainerState(145)) - Container #1 is in OPEN state, but the datanode 0eb142cf-b7a4-42cc-bedf-7b6b824b4e6a{ip: 192.168.69.102, host: pr-hdds-2254-trunk-ddzgt-1485873308, networkLocation: /default-rack, certSerialId: null} reports an CLOSED replica.
2019-10-15 21:21:00,237 [EventQueue-ContainerReportForContainerReportHandler] WARN  container.ContainerReportHandler (AbstractContainerReportHandler.java:updateContainerState(145)) - Container #1 is in OPEN state, but the datanode 47d72301-684e-48ba-af14-36fa0ba944f7{ip: 192.168.69.102, host: pr-hdds-2254-trunk-ddzgt-1485873308, networkLocation: /default-rack, certSerialId: null} reports an CLOSED replica.
2019-10-15 21:21:00,416 [Thread-451] INFO  client.GrpcClientProtocolService (GrpcClientProtocolService.java:lambda$processClientRequest$0(278)) - Failed RaftClientRequest:client-E312EE24CE89->0eb142cf-b7a4-42cc-bedf-7b6b824b4e6a@group-1135523AB2CE, cid=10, seq=0, Watch-ALL_COMMITTED(6), Message:<EMPTY>, reply=RaftClientReply:client-E312EE24CE89->0eb142cf-b7a4-42cc-bedf-7b6b824b4e6a@group-1135523AB2CE, cid=10, FAILED org.apache.ratis.protocol.NotLeaderException: Server 0eb142cf-b7a4-42cc-bedf-7b6b824b4e6a@group-1135523AB2CE is not the leader 47d72301-684e-48ba-af14-36fa0ba944f7:192.168.69.102:33903, logIndex=0, commits[0eb142cf-b7a4-42cc-bedf-7b6b824b4e6a:c10, 436ea7cb-b08f-45a9-ac25-59983fb5da84:c4, 47d72301-684e-48ba-af14-36fa0ba944f7:c10]
2019-10-15 21:21:00,455 [EventQueue-ContainerReportForContainerReportHandler] WARN  container.ContainerReportHandler (AbstractContainerReportHandler.java:updateContainerState(145)) - Container #1 is in OPEN state, but the datanode 0eb142cf-b7a4-42cc-bedf-7b6b824b4e6a{ip: 192.168.69.102, host: pr-hdds-2254-trunk-ddzgt-1485873308, networkLocation: /default-rack, certSerialId: null} reports an CLOSED replica.
2019-10-15 21:21:00,537 [EventQueue-ContainerReportForContainerReportHandler] WARN  container.ContainerReportHandler (AbstractContainerReportHandler.java:updateContainerState(145)) - Container #1 is in OPEN state, but the datanode 47d72301-684e-48ba-af14-36fa0ba944f7{ip: 192.168.69.102, host: pr-hdds-2254-trunk-ddzgt-1485873308, networkLocation: /default-rack, certSerialId: null} reports an CLOSED replica.
2019-10-15 21:21:00,738 [EventQueue-ContainerReportForContainerReportHandler] WARN  container.ContainerReportHandler (AbstractContainerReportHandler.java:updateContainerState(145)) - Container #1 is in OPEN state, but the datanode 47d72301-684e-48ba-af14-36fa0ba944f7{ip: 192.168.69.102, host: pr-hdds-2254-trunk-ddzgt-1485873308, networkLocation: /default-rack, certSerialId: null} reports an CLOSED replica.
2019-10-15 21:21:00,755 [EventQueue-ContainerReportForContainerReportHandler] WARN  container.ContainerReportHandler (AbstractContainerReportHandler.java:updateContainerState(145)) - Container #1 is in OPEN state, but the datanode 0eb142cf-b7a4-42cc-bedf-7b6b824b4e6a{ip: 192.168.69.102, host: pr-hdds-2254-trunk-ddzgt-1485873308, networkLocation: /default-rack, certSerialId: null} reports an CLOSED replica.
2019-10-15 21:21:00,772 [java.util.concurrent.ThreadPoolExecutor$Worker@28bf4c2e[State = -1, empty queue]] WARN  server.GrpcLogAppender (GrpcLogAppender.java:timeoutAppendRequest(209)) - 47d72301-684e-48ba-af14-36fa0ba944f7@group-1135523AB2CE->436ea7cb-b08f-45a9-ac25-59983fb5da84-GrpcLogAppender: appendEntries Timeout, request=47d72301-684e-48ba-af14-36fa0ba944f7->436ea7cb-b08f-45a9-ac25-59983fb5da84#42-t2, previous=(t:2, i:10), leaderCommit=10, initializing? false, entries: <empty>
2019-10-15 21:21:00,829 [BlockDeletingService#2] WARN  background.BlockDeletingService (BlockDeletingService.java:isDeletionAllowed(187)) - Close Container log Index 6 is not replicated across allthe servers in the pipeline 2edbc878-18e2-43a0-b08d-1135523ab2ce as the min replicated index is 4. Deletion is not allowed in this container yet.
2019-10-15 21:21:00,834 [BlockDeletingService#2] WARN  background.BlockDeletingService (BlockDeletingService.java:isDeletionAllowed(187)) - Close Container log Index 6 is not replicated across allthe servers in the pipeline 2edbc878-18e2-43a0-b08d-1135523ab2ce as the min replicated index is 4. Deletion is not allowed in this container yet.
2019-10-15 21:21:01,038 [EventQueue-ContainerReportForContainerReportHandler] WARN  container.ContainerReportHandler (AbstractContainerReportHandler.java:updateContainerState(145)) - Container #1 is in OPEN state, but the datanode 47d72301-684e-48ba-af14-36fa0ba944f7{ip: 192.168.69.102, host: pr-hdds-2254-trunk-ddzgt-1485873308, networkLocation: /default-rack, certSerialId: null} reports an CLOSED replica.
2019-10-15 21:21:01,055 [EventQueue-ContainerReportForContainerReportHandler] WARN  container.ContainerReportHandler (AbstractContainerReportHandler.java:updateContainerState(145)) - Container #1 is in OPEN state, but the datanode 0eb142cf-b7a4-42cc-bedf-7b6b824b4e6a{ip: 192.168.69.102, host: pr-hdds-2254-trunk-ddzgt-1485873308, networkLocation: /default-rack, certSerialId: null} reports an CLOSED replica.
2019-10-15 21:21:01,255 [EventQueue-ContainerReportForContainerReportHandler] WARN  container.ContainerReportHandler (AbstractContainerReportHandler.java:updateContainerState(145)) - Container #1 is in OPEN state, but the datanode 0eb142cf-b7a4-42cc-bedf-7b6b824b4e6a{ip: 192.168.69.102, host: pr-hdds-2254-trunk-ddzgt-1485873308, networkLocation: /default-rack, certSerialId: null} reports an CLOSED replica.
2019-10-15 21:21:01,338 [EventQueue-ContainerReportForContainerReportHandler] WARN  container.ContainerReportHandler (AbstractContainerReportHandler.java:updateContainerState(145)) - Container #1 is in OPEN state, but the datanode 47d72301-684e-48ba-af14-36fa0ba944f7{ip: 192.168.69.102, host: pr-hdds-2254-trunk-ddzgt-1485873308, networkLocation: /default-rack, certSerialId: null} reports an CLOSED replica.
2019-10-15 21:21:01,555 [EventQueue-ContainerReportForContainerReportHandler] WARN  container.ContainerReportHandler (AbstractContainerReportHandler.java:updateContainerState(145)) - Container #1 is in OPEN state, but the datanode 0eb142cf-b7a4-42cc-bedf-7b6b824b4e6a{ip: 192.168.69.102, host: pr-hdds-2254-trunk-ddzgt-1485873308, networkLocation: /default-rack, certSerialId: null} reports an CLOSED replica.
2019-10-15 21:21:01,638 [EventQueue-ContainerReportForContainerReportHandler] WARN  container.ContainerReportHandler (AbstractContainerReportHandler.java:updateContainerState(145)) - Container #1 is in OPEN state, but the datanode 47d72301-684e-48ba-af14-36fa0ba944f7{ip: 192.168.69.102, host: pr-hdds-2254-trunk-ddzgt-1485873308, networkLocation: /default-rack, certSerialId: null} reports an CLOSED replica.
2019-10-15 21:21:01,830 [BlockDeletingService#2] WARN  background.BlockDeletingService (BlockDeletingService.java:isDeletionAllowed(187)) - Close Container log Index 6 is not replicated across allthe servers in the pipeline 2edbc878-18e2-43a0-b08d-1135523ab2ce as the min replicated index is 4. Deletion is not allowed in this container yet.
2019-10-15 21:21:01,835 [BlockDeletingService#2] WARN  background.BlockDeletingService (BlockDeletingService.java:isDeletionAllowed(187)) - Close Container log Index 6 is not replicated across allthe servers in the pipeline 2edbc878-18e2-43a0-b08d-1135523ab2ce as the min replicated index is 4. Deletion is not allowed in this container yet.
2019-10-15 21:21:01,884 [Thread-458] INFO  client.GrpcClientProtocolService (GrpcClientProtocolService.java:lambda$processClientRequest$0(278)) - Failed RaftClientRequest:client-E312EE24CE89->47d72301-684e-48ba-af14-36fa0ba944f7@group-1135523AB2CE, cid=10, seq=0, Watch-ALL_COMMITTED(6), Message:<EMPTY>, reply=RaftClientReply:client-E312EE24CE89->47d72301-684e-48ba-af14-36fa0ba944f7@group-1135523AB2CE, cid=10, FAILED org.apache.ratis.protocol.NotReplicatedException: Request with call Id 10 and log index 6 is not yet replicated to ALL_COMMITTED, logIndex=6, commits[47d72301-684e-48ba-af14-36fa0ba944f7:c10, 436ea7cb-b08f-45a9-ac25-59983fb5da84:c4, 0eb142cf-b7a4-42cc-bedf-7b6b824b4e6a:c10]
2019-10-15 21:21:01,938 [EventQueue-ContainerReportForContainerReportHandler] WARN  container.ContainerReportHandler (AbstractContainerReportHandler.java:updateContainerState(145)) - Container #1 is in OPEN state, but the datanode 47d72301-684e-48ba-af14-36fa0ba944f7{ip: 192.168.69.102, host: pr-hdds-2254-trunk-ddzgt-1485873308, networkLocation: /default-rack, certSerialId: null} reports an CLOSED replica.
2019-10-15 21:21:01,955 [EventQueue-ContainerReportForContainerReportHandler] WARN  container.ContainerReportHandler (AbstractContainerReportHandler.java:updateContainerState(145)) - Container #1 is in OPEN state, but the datanode 0eb142cf-b7a4-42cc-bedf-7b6b824b4e6a{ip: 192.168.69.102, host: pr-hdds-2254-trunk-ddzgt-1485873308, networkLocation: /default-rack, certSerialId: null} reports an CLOSED replica.
2019-10-15 21:21:02,155 [EventQueue-ContainerReportForContainerReportHandler] WARN  container.ContainerReportHandler (AbstractContainerReportHandler.java:updateContainerState(145)) - Container #1 is in OPEN state, but the datanode 0eb142cf-b7a4-42cc-bedf-7b6b824b4e6a{ip: 192.168.69.102, host: pr-hdds-2254-trunk-ddzgt-1485873308, networkLocation: /default-rack, certSerialId: null} reports an CLOSED replica.
2019-10-15 21:21:02,238 [EventQueue-ContainerReportForContainerReportHandler] WARN  container.ContainerReportHandler (AbstractContainerReportHandler.java:updateContainerState(145)) - Container #1 is in OPEN state, but the datanode 47d72301-684e-48ba-af14-36fa0ba944f7{ip: 192.168.69.102, host: pr-hdds-2254-trunk-ddzgt-1485873308, networkLocation: /default-rack, certSerialId: null} reports an CLOSED replica.
2019-10-15 21:21:02,455 [EventQueue-ContainerReportForContainerReportHandler] WARN  container.ContainerReportHandler (AbstractContainerReportHandler.java:updateContainerState(145)) - Container #1 is in OPEN state, but the datanode 0eb142cf-b7a4-42cc-bedf-7b6b824b4e6a{ip: 192.168.69.102, host: pr-hdds-2254-trunk-ddzgt-1485873308, networkLocation: /default-rack, certSerialId: null} reports an CLOSED replica.
2019-10-15 21:21:02,538 [EventQueue-ContainerReportForContainerReportHandler] WARN  container.ContainerReportHandler (AbstractContainerReportHandler.java:updateContainerState(145)) - Container #1 is in OPEN state, but the datanode 47d72301-684e-48ba-af14-36fa0ba944f7{ip: 192.168.69.102, host: pr-hdds-2254-trunk-ddzgt-1485873308, networkLocation: /default-rack, certSerialId: null} reports an CLOSED replica.
2019-10-15 21:21:02,755 [EventQueue-ContainerReportForContainerReportHandler] WARN  container.ContainerReportHandler (AbstractContainerReportHandler.java:updateContainerState(145)) - Container #1 is in OPEN state, but the datanode 0eb142cf-b7a4-42cc-bedf-7b6b824b4e6a{ip: 192.168.69.102, host: pr-hdds-2254-trunk-ddzgt-1485873308, networkLocation: /default-rack, certSerialId: null} reports an CLOSED replica.
2019-10-15 21:21:02,831 [BlockDeletingService#2] WARN  background.BlockDeletingService (BlockDeletingService.java:isDeletionAllowed(187)) - Close Container log Index 6 is not replicated across allthe servers in the pipeline 2edbc878-18e2-43a0-b08d-1135523ab2ce as the min replicated index is 4. Deletion is not allowed in this container yet.
2019-10-15 21:21:02,836 [BlockDeletingService#2] WARN  background.BlockDeletingService (BlockDeletingService.java:isDeletionAllowed(187)) - Close Container log Index 6 is not replicated across allthe servers in the pipeline 2edbc878-18e2-43a0-b08d-1135523ab2ce as the min replicated index is 4. Deletion is not allowed in this container yet.
2019-10-15 21:21:02,839 [EventQueue-ContainerReportForContainerReportHandler] WARN  container.ContainerReportHandler (AbstractContainerReportHandler.java:updateContainerState(145)) - Container #1 is in OPEN state, but the datanode 47d72301-684e-48ba-af14-36fa0ba944f7{ip: 192.168.69.102, host: pr-hdds-2254-trunk-ddzgt-1485873308, networkLocation: /default-rack, certSerialId: null} reports an CLOSED replica.
2019-10-15 21:21:03,056 [EventQueue-ContainerReportForContainerReportHandler] WARN  container.ContainerReportHandler (AbstractContainerReportHandler.java:updateContainerState(145)) - Container #1 is in OPEN state, but the datanode 0eb142cf-b7a4-42cc-bedf-7b6b824b4e6a{ip: 192.168.69.102, host: pr-hdds-2254-trunk-ddzgt-1485873308, networkLocation: /default-rack, certSerialId: null} reports an CLOSED replica.
2019-10-15 21:21:03,239 [EventQueue-ContainerReportForContainerReportHandler] WARN  container.ContainerReportHandler (AbstractContainerReportHandler.java:updateContainerState(145)) - Container #1 is in OPEN state, but the datanode 47d72301-684e-48ba-af14-36fa0ba944f7{ip: 192.168.69.102, host: pr-hdds-2254-trunk-ddzgt-1485873308, networkLocation: /default-rack, certSerialId: null} reports an CLOSED replica.
2019-10-15 21:21:03,274 [java.util.concurrent.ThreadPoolExecutor$Worker@28bf4c2e[State = -1, empty queue]] WARN  server.GrpcLogAppender (GrpcLogAppender.java:timeoutAppendRequest(209)) - 47d72301-684e-48ba-af14-36fa0ba944f7@group-1135523AB2CE->436ea7cb-b08f-45a9-ac25-59983fb5da84-GrpcLogAppender: appendEntries Timeout, request=47d72301-684e-48ba-af14-36fa0ba944f7->436ea7cb-b08f-45a9-ac25-59983fb5da84#43-t2, previous=(t:2, i:10), leaderCommit=10, initializing? false, entries: <empty>
2019-10-15 21:21:03,456 [EventQueue-ContainerReportForContainerReportHandler] WARN  container.ContainerReportHandler (AbstractContainerReportHandler.java:updateContainerState(145)) - Container #1 is in OPEN state, but the datanode 0eb142cf-b7a4-42cc-bedf-7b6b824b4e6a{ip: 192.168.69.102, host: pr-hdds-2254-trunk-ddzgt-1485873308, networkLocation: /default-rack, certSerialId: null} reports an CLOSED replica.
2019-10-15 21:21:03,539 [EventQueue-ContainerReportForContainerReportHandler] WARN  container.ContainerReportHandler (AbstractContainerReportHandler.java:updateContainerState(145)) - Container #1 is in OPEN state, but the datanode 47d72301-684e-48ba-af14-36fa0ba944f7{ip: 192.168.69.102, host: pr-hdds-2254-trunk-ddzgt-1485873308, networkLocation: /default-rack, certSerialId: null} reports an CLOSED replica.
2019-10-15 21:21:03,739 [EventQueue-ContainerReportForContainerReportHandler] WARN  container.ContainerReportHandler (AbstractContainerReportHandler.java:updateContainerState(145)) - Container #1 is in OPEN state, but the datanode 47d72301-684e-48ba-af14-36fa0ba944f7{ip: 192.168.69.102, host: pr-hdds-2254-trunk-ddzgt-1485873308, networkLocation: /default-rack, certSerialId: null} reports an CLOSED replica.
2019-10-15 21:21:03,755 [EventQueue-ContainerReportForContainerReportHandler] WARN  container.ContainerReportHandler (AbstractContainerReportHandler.java:updateContainerState(145)) - Container #1 is in OPEN state, but the datanode 0eb142cf-b7a4-42cc-bedf-7b6b824b4e6a{ip: 192.168.69.102, host: pr-hdds-2254-trunk-ddzgt-1485873308, networkLocation: /default-rack, certSerialId: null} reports an CLOSED replica.
2019-10-15 21:21:03,835 [BlockDeletingService#2] WARN  background.BlockDeletingService (BlockDeletingService.java:isDeletionAllowed(187)) - Close Container log Index 6 is not replicated across allthe servers in the pipeline 2edbc878-18e2-43a0-b08d-1135523ab2ce as the min replicated index is 4. Deletion is not allowed in this container yet.
2019-10-15 21:21:03,837 [BlockDeletingService#2] WARN  background.BlockDeletingService (BlockDeletingService.java:isDeletionAllowed(187)) - Close Container log Index 6 is not replicated across allthe servers in the pipeline 2edbc878-18e2-43a0-b08d-1135523ab2ce as the min replicated index is 4. Deletion is not allowed in this container yet.
2019-10-15 21:21:04,040 [EventQueue-ContainerReportForContainerReportHandler] WARN  container.ContainerReportHandler (AbstractContainerReportHandler.java:updateContainerState(145)) - Container #1 is in OPEN state, but the datanode 47d72301-684e-48ba-af14-36fa0ba944f7{ip: 192.168.69.102, host: pr-hdds-2254-trunk-ddzgt-1485873308, networkLocation: /default-rack, certSerialId: null} reports an CLOSED replica.
2019-10-15 21:21:04,056 [EventQueue-ContainerReportForContainerReportHandler] WARN  container.ContainerReportHandler (AbstractContainerReportHandler.java:updateContainerState(145)) - Container #1 is in OPEN state, but the datanode 0eb142cf-b7a4-42cc-bedf-7b6b824b4e6a{ip: 192.168.69.102, host: pr-hdds-2254-trunk-ddzgt-1485873308, networkLocation: /default-rack, certSerialId: null} reports an CLOSED replica.
2019-10-15 21:21:04,440 [EventQueue-ContainerReportForContainerReportHandler] WARN  container.ContainerReportHandler (AbstractContainerReportHandler.java:updateContainerState(145)) - Container #1 is in OPEN state, but the datanode 47d72301-684e-48ba-af14-36fa0ba944f7{ip: 192.168.69.102, host: pr-hdds-2254-trunk-ddzgt-1485873308, networkLocation: /default-rack, certSerialId: null} reports an CLOSED replica.
2019-10-15 21:21:04,456 [EventQueue-ContainerReportForContainerReportHandler] WARN  container.ContainerReportHandler (AbstractContainerReportHandler.java:updateContainerState(145)) - Container #1 is in OPEN state, but the datanode 0eb142cf-b7a4-42cc-bedf-7b6b824b4e6a{ip: 192.168.69.102, host: pr-hdds-2254-trunk-ddzgt-1485873308, networkLocation: /default-rack, certSerialId: null} reports an CLOSED replica.
2019-10-15 21:21:04,836 [BlockDeletingService#2] WARN  background.BlockDeletingService (BlockDeletingService.java:isDeletionAllowed(187)) - Close Container log Index 6 is not replicated across allthe servers in the pipeline 2edbc878-18e2-43a0-b08d-1135523ab2ce as the min replicated index is 4. Deletion is not allowed in this container yet.
2019-10-15 21:21:04,838 [BlockDeletingService#2] WARN  background.BlockDeletingService (BlockDeletingService.java:isDeletionAllowed(187)) - Close Container log Index 6 is not replicated across allthe servers in the pipeline 2edbc878-18e2-43a0-b08d-1135523ab2ce as the min replicated index is 4. Deletion is not allowed in this container yet.
2019-10-15 21:21:04,841 [EventQueue-ContainerReportForContainerReportHandler] WARN  container.ContainerReportHandler (AbstractContainerReportHandler.java:updateContainerState(145)) - Container #1 is in OPEN state, but the datanode 47d72301-684e-48ba-af14-36fa0ba944f7{ip: 192.168.69.102, host: pr-hdds-2254-trunk-ddzgt-1485873308, networkLocation: /default-rack, certSerialId: null} reports an CLOSED replica.
2019-10-15 21:21:04,856 [EventQueue-ContainerReportForContainerReportHandler] WARN  container.ContainerReportHandler (AbstractContainerReportHandler.java:updateContainerState(145)) - Container #1 is in OPEN state, but the datanode 0eb142cf-b7a4-42cc-bedf-7b6b824b4e6a{ip: 192.168.69.102, host: pr-hdds-2254-trunk-ddzgt-1485873308, networkLocation: /default-rack, certSerialId: null} reports an CLOSED replica.
2019-10-15 21:21:05,140 [EventQueue-ContainerReportForContainerReportHandler] WARN  container.ContainerReportHandler (AbstractContainerReportHandler.java:updateContainerState(145)) - Container #1 is in OPEN state, but the datanode 47d72301-684e-48ba-af14-36fa0ba944f7{ip: 192.168.69.102, host: pr-hdds-2254-trunk-ddzgt-1485873308, networkLocation: /default-rack, certSerialId: null} reports an CLOSED replica.
2019-10-15 21:21:05,156 [EventQueue-ContainerReportForContainerReportHandler] WARN  container.ContainerReportHandler (AbstractContainerReportHandler.java:updateContainerState(145)) - Container #1 is in OPEN state, but the datanode 0eb142cf-b7a4-42cc-bedf-7b6b824b4e6a{ip: 192.168.69.102, host: pr-hdds-2254-trunk-ddzgt-1485873308, networkLocation: /default-rack, certSerialId: null} reports an CLOSED replica.
2019-10-15 21:21:05,457 [EventQueue-ContainerReportForContainerReportHandler] WARN  container.ContainerReportHandler (AbstractContainerReportHandler.java:updateContainerState(145)) - Container #1 is in OPEN state, but the datanode 0eb142cf-b7a4-42cc-bedf-7b6b824b4e6a{ip: 192.168.69.102, host: pr-hdds-2254-trunk-ddzgt-1485873308, networkLocation: /default-rack, certSerialId: null} reports an CLOSED replica.
2019-10-15 21:21:05,541 [EventQueue-ContainerReportForContainerReportHandler] WARN  container.ContainerReportHandler (AbstractContainerReportHandler.java:updateContainerState(145)) - Container #1 is in OPEN state, but the datanode 47d72301-684e-48ba-af14-36fa0ba944f7{ip: 192.168.69.102, host: pr-hdds-2254-trunk-ddzgt-1485873308, networkLocation: /default-rack, certSerialId: null} reports an CLOSED replica.
2019-10-15 21:21:05,741 [EventQueue-ContainerReportForContainerReportHandler] WARN  container.ContainerReportHandler (AbstractContainerReportHandler.java:updateContainerState(145)) - Container #1 is in OPEN state, but the datanode 47d72301-684e-48ba-af14-36fa0ba944f7{ip: 192.168.69.102, host: pr-hdds-2254-trunk-ddzgt-1485873308, networkLocation: /default-rack, certSerialId: null} reports an CLOSED replica.
2019-10-15 21:21:05,774 [java.util.concurrent.ThreadPoolExecutor$Worker@28bf4c2e[State = -1, empty queue]] WARN  server.GrpcLogAppender (GrpcLogAppender.java:timeoutAppendRequest(209)) - 47d72301-684e-48ba-af14-36fa0ba944f7@group-1135523AB2CE->436ea7cb-b08f-45a9-ac25-59983fb5da84-GrpcLogAppender: appendEntries Timeout, request=47d72301-684e-48ba-af14-36fa0ba944f7->436ea7cb-b08f-45a9-ac25-59983fb5da84#44-t2, previous=(t:2, i:10), leaderCommit=10, initializing? false, entries: <empty>
2019-10-15 21:21:05,837 [BlockDeletingService#2] WARN  background.BlockDeletingService (BlockDeletingService.java:isDeletionAllowed(187)) - Close Container log Index 6 is not replicated across allthe servers in the pipeline 2edbc878-18e2-43a0-b08d-1135523ab2ce as the min replicated index is 4. Deletion is not allowed in this container yet.
2019-10-15 21:21:05,839 [BlockDeletingService#2] WARN  background.BlockDeletingService (BlockDeletingService.java:isDeletionAllowed(187)) - Close Container log Index 6 is not replicated across allthe servers in the pipeline 2edbc878-18e2-43a0-b08d-1135523ab2ce as the min replicated index is 4. Deletion is not allowed in this container yet.
2019-10-15 21:21:05,857 [EventQueue-ContainerReportForContainerReportHandler] WARN  container.ContainerReportHandler (AbstractContainerReportHandler.java:updateContainerState(145)) - Container #1 is in OPEN state, but the datanode 0eb142cf-b7a4-42cc-bedf-7b6b824b4e6a{ip: 192.168.69.102, host: pr-hdds-2254-trunk-ddzgt-1485873308, networkLocation: /default-rack, certSerialId: null} reports an CLOSED replica.
2019-10-15 21:21:06,057 [EventQueue-ContainerReportForContainerReportHandler] WARN  container.ContainerReportHandler (AbstractContainerReportHandler.java:updateContainerState(145)) - Container #1 is in OPEN state, but the datanode 0eb142cf-b7a4-42cc-bedf-7b6b824b4e6a{ip: 192.168.69.102, host: pr-hdds-2254-trunk-ddzgt-1485873308, networkLocation: /default-rack, certSerialId: null} reports an CLOSED replica.
2019-10-15 21:21:06,142 [EventQueue-ContainerReportForContainerReportHandler] WARN  container.ContainerReportHandler (AbstractContainerReportHandler.java:updateContainerState(145)) - Container #1 is in OPEN state, but the datanode 47d72301-684e-48ba-af14-36fa0ba944f7{ip: 192.168.69.102, host: pr-hdds-2254-trunk-ddzgt-1485873308, networkLocation: /default-rack, certSerialId: null} reports an CLOSED replica.
2019-10-15 21:21:06,442 [EventQueue-ContainerReportForContainerReportHandler] WARN  container.ContainerReportHandler (AbstractContainerReportHandler.java:updateContainerState(145)) - Container #1 is in OPEN state, but the datanode 47d72301-684e-48ba-af14-36fa0ba944f7{ip: 192.168.69.102, host: pr-hdds-2254-trunk-ddzgt-1485873308, networkLocation: /default-rack, certSerialId: null} reports an CLOSED replica.
2019-10-15 21:21:06,457 [EventQueue-ContainerReportForContainerReportHandler] WARN  container.ContainerReportHandler (AbstractContainerReportHandler.java:updateContainerState(145)) - Container #1 is in OPEN state, but the datanode 0eb142cf-b7a4-42cc-bedf-7b6b824b4e6a{ip: 192.168.69.102, host: pr-hdds-2254-trunk-ddzgt-1485873308, networkLocation: /default-rack, certSerialId: null} reports an CLOSED replica.
2019-10-15 21:21:06,643 [EventQueue-ContainerReportForContainerReportHandler] WARN  container.ContainerReportHandler (AbstractContainerReportHandler.java:updateContainerState(145)) - Container #1 is in OPEN state, but the datanode 47d72301-684e-48ba-af14-36fa0ba944f7{ip: 192.168.69.102, host: pr-hdds-2254-trunk-ddzgt-1485873308, networkLocation: /default-rack, certSerialId: null} reports an CLOSED replica.
2019-10-15 21:21:06,757 [EventQueue-ContainerReportForContainerReportHandler] WARN  container.ContainerReportHandler (AbstractContainerReportHandler.java:updateContainerState(145)) - Container #1 is in OPEN state, but the datanode 0eb142cf-b7a4-42cc-bedf-7b6b824b4e6a{ip: 192.168.69.102, host: pr-hdds-2254-trunk-ddzgt-1485873308, networkLocation: /default-rack, certSerialId: null} reports an CLOSED replica.
2019-10-15 21:21:06,842 [BlockDeletingService#2] WARN  background.BlockDeletingService (BlockDeletingService.java:isDeletionAllowed(187)) - Close Container log Index 6 is not replicated across allthe servers in the pipeline 2edbc878-18e2-43a0-b08d-1135523ab2ce as the min replicated index is 4. Deletion is not allowed in this container yet.
2019-10-15 21:21:06,842 [BlockDeletingService#2] WARN  background.BlockDeletingService (BlockDeletingService.java:isDeletionAllowed(187)) - Close Container log Index 6 is not replicated across allthe servers in the pipeline 2edbc878-18e2-43a0-b08d-1135523ab2ce as the min replicated index is 4. Deletion is not allowed in this container yet.
2019-10-15 21:21:06,942 [EventQueue-ContainerReportForContainerReportHandler] WARN  container.ContainerReportHandler (AbstractContainerReportHandler.java:updateContainerState(145)) - Container #1 is in OPEN state, but the datanode 47d72301-684e-48ba-af14-36fa0ba944f7{ip: 192.168.69.102, host: pr-hdds-2254-trunk-ddzgt-1485873308, networkLocation: /default-rack, certSerialId: null} reports an CLOSED replica.
2019-10-15 21:21:06,957 [EventQueue-ContainerReportForContainerReportHandler] WARN  container.ContainerReportHandler (AbstractContainerReportHandler.java:updateContainerState(145)) - Container #1 is in OPEN state, but the datanode 0eb142cf-b7a4-42cc-bedf-7b6b824b4e6a{ip: 192.168.69.102, host: pr-hdds-2254-trunk-ddzgt-1485873308, networkLocation: /default-rack, certSerialId: null} reports an CLOSED replica.
2019-10-15 21:21:07,242 [EventQueue-ContainerReportForContainerReportHandler] WARN  container.ContainerReportHandler (AbstractContainerReportHandler.java:updateContainerState(145)) - Container #1 is in OPEN state, but the datanode 47d72301-684e-48ba-af14-36fa0ba944f7{ip: 192.168.69.102, host: pr-hdds-2254-trunk-ddzgt-1485873308, networkLocation: /default-rack, certSerialId: null} reports an CLOSED replica.
2019-10-15 21:21:07,257 [EventQueue-ContainerReportForContainerReportHandler] WARN  container.ContainerReportHandler (AbstractContainerReportHandler.java:updateContainerState(145)) - Container #1 is in OPEN state, but the datanode 0eb142cf-b7a4-42cc-bedf-7b6b824b4e6a{ip: 192.168.69.102, host: pr-hdds-2254-trunk-ddzgt-1485873308, networkLocation: /default-rack, certSerialId: null} reports an CLOSED replica.
2019-10-15 21:21:07,442 [EventQueue-ContainerReportForContainerReportHandler] WARN  container.ContainerReportHandler (AbstractContainerReportHandler.java:updateContainerState(145)) - Container #1 is in OPEN state, but the datanode 47d72301-684e-48ba-af14-36fa0ba944f7{ip: 192.168.69.102, host: pr-hdds-2254-trunk-ddzgt-1485873308, networkLocation: /default-rack, certSerialId: null} reports an CLOSED replica.
2019-10-15 21:21:07,657 [EventQueue-ContainerReportForContainerReportHandler] WARN  container.ContainerReportHandler (AbstractContainerReportHandler.java:updateContainerState(145)) - Container #1 is in OPEN state, but the datanode 0eb142cf-b7a4-42cc-bedf-7b6b824b4e6a{ip: 192.168.69.102, host: pr-hdds-2254-trunk-ddzgt-1485873308, networkLocation: /default-rack, certSerialId: null} reports an CLOSED replica.
2019-10-15 21:21:07,743 [EventQueue-ContainerReportForContainerReportHandler] WARN  container.ContainerReportHandler (AbstractContainerReportHandler.java:updateContainerState(145)) - Container #1 is in OPEN state, but the datanode 47d72301-684e-48ba-af14-36fa0ba944f7{ip: 192.168.69.102, host: pr-hdds-2254-trunk-ddzgt-1485873308, networkLocation: /default-rack, certSerialId: null} reports an CLOSED replica.
2019-10-15 21:21:07,843 [BlockDeletingService#2] WARN  background.BlockDeletingService (BlockDeletingService.java:isDeletionAllowed(187)) - Close Container log Index 6 is not replicated across allthe servers in the pipeline 2edbc878-18e2-43a0-b08d-1135523ab2ce as the min replicated index is 4. Deletion is not allowed in this container yet.
2019-10-15 21:21:07,844 [BlockDeletingService#2] WARN  background.BlockDeletingService (BlockDeletingService.java:isDeletionAllowed(187)) - Close Container log Index 6 is not replicated across allthe servers in the pipeline 2edbc878-18e2-43a0-b08d-1135523ab2ce as the min replicated index is 4. Deletion is not allowed in this container yet.
2019-10-15 21:21:07,857 [EventQueue-ContainerReportForContainerReportHandler] WARN  container.ContainerReportHandler (AbstractContainerReportHandler.java:updateContainerState(145)) - Container #1 is in OPEN state, but the datanode 0eb142cf-b7a4-42cc-bedf-7b6b824b4e6a{ip: 192.168.69.102, host: pr-hdds-2254-trunk-ddzgt-1485873308, networkLocation: /default-rack, certSerialId: null} reports an CLOSED replica.
2019-10-15 21:21:07,943 [EventQueue-ContainerReportForContainerReportHandler] WARN  container.ContainerReportHandler (AbstractContainerReportHandler.java:updateContainerState(145)) - Container #1 is in OPEN state, but the datanode 47d72301-684e-48ba-af14-36fa0ba944f7{ip: 192.168.69.102, host: pr-hdds-2254-trunk-ddzgt-1485873308, networkLocation: /default-rack, certSerialId: null} reports an CLOSED replica.
2019-10-15 21:21:08,156 [EventQueue-ContainerReportForContainerReportHandler] WARN  container.ContainerReportHandler (AbstractContainerReportHandler.java:updateContainerState(145)) - Container #1 is in OPEN state, but the datanode 0eb142cf-b7a4-42cc-bedf-7b6b824b4e6a{ip: 192.168.69.102, host: pr-hdds-2254-trunk-ddzgt-1485873308, networkLocation: /default-rack, certSerialId: null} reports an CLOSED replica.
2019-10-15 21:21:08,242 [EventQueue-ContainerReportForContainerReportHandler] WARN  container.ContainerReportHandler (AbstractContainerReportHandler.java:updateContainerState(145)) - Container #1 is in OPEN state, but the datanode 47d72301-684e-48ba-af14-36fa0ba944f7{ip: 192.168.69.102, host: pr-hdds-2254-trunk-ddzgt-1485873308, networkLocation: /default-rack, certSerialId: null} reports an CLOSED replica.
2019-10-15 21:21:08,275 [java.util.concurrent.ThreadPoolExecutor$Worker@28bf4c2e[State = -1, empty queue]] WARN  server.GrpcLogAppender (GrpcLogAppender.java:timeoutAppendRequest(209)) - 47d72301-684e-48ba-af14-36fa0ba944f7@group-1135523AB2CE->436ea7cb-b08f-45a9-ac25-59983fb5da84-GrpcLogAppender: appendEntries Timeout, request=47d72301-684e-48ba-af14-36fa0ba944f7->436ea7cb-b08f-45a9-ac25-59983fb5da84#45-t2, previous=(t:2, i:10), leaderCommit=10, initializing? false, entries: <empty>
2019-10-15 21:21:08,457 [EventQueue-ContainerReportForContainerReportHandler] WARN  container.ContainerReportHandler (AbstractContainerReportHandler.java:updateContainerState(145)) - Container #1 is in OPEN state, but the datanode 0eb142cf-b7a4-42cc-bedf-7b6b824b4e6a{ip: 192.168.69.102, host: pr-hdds-2254-trunk-ddzgt-1485873308, networkLocation: /default-rack, certSerialId: null} reports an CLOSED replica.
2019-10-15 21:21:08,543 [EventQueue-ContainerReportForContainerReportHandler] WARN  container.ContainerReportHandler (AbstractContainerReportHandler.java:updateContainerState(145)) - Container #1 is in OPEN state, but the datanode 47d72301-684e-48ba-af14-36fa0ba944f7{ip: 192.168.69.102, host: pr-hdds-2254-trunk-ddzgt-1485873308, networkLocation: /default-rack, certSerialId: null} reports an CLOSED replica.
2019-10-15 21:21:08,657 [EventQueue-ContainerReportForContainerReportHandler] WARN  container.ContainerReportHandler (AbstractContainerReportHandler.java:updateContainerState(145)) - Container #1 is in OPEN state, but the datanode 0eb142cf-b7a4-42cc-bedf-7b6b824b4e6a{ip: 192.168.69.102, host: pr-hdds-2254-trunk-ddzgt-1485873308, networkLocation: /default-rack, certSerialId: null} reports an CLOSED replica.
2019-10-15 21:21:08,843 [EventQueue-ContainerReportForContainerReportHandler] WARN  container.ContainerReportHandler (AbstractContainerReportHandler.java:updateContainerState(145)) - Container #1 is in OPEN state, but the datanode 47d72301-684e-48ba-af14-36fa0ba944f7{ip: 192.168.69.102, host: pr-hdds-2254-trunk-ddzgt-1485873308, networkLocation: /default-rack, certSerialId: null} reports an CLOSED replica.
2019-10-15 21:21:08,845 [BlockDeletingService#2] WARN  background.BlockDeletingService (BlockDeletingService.java:isDeletionAllowed(187)) - Close Container log Index 6 is not replicated across allthe servers in the pipeline 2edbc878-18e2-43a0-b08d-1135523ab2ce as the min replicated index is 4. Deletion is not allowed in this container yet.
2019-10-15 21:21:08,845 [BlockDeletingService#2] WARN  background.BlockDeletingService (BlockDeletingService.java:isDeletionAllowed(187)) - Close Container log Index 6 is not replicated across allthe servers in the pipeline 2edbc878-18e2-43a0-b08d-1135523ab2ce as the min replicated index is 4. Deletion is not allowed in this container yet.
2019-10-15 21:21:08,958 [EventQueue-ContainerReportForContainerReportHandler] WARN  container.ContainerReportHandler (AbstractContainerReportHandler.java:updateContainerState(145)) - Container #1 is in OPEN state, but the datanode 0eb142cf-b7a4-42cc-bedf-7b6b824b4e6a{ip: 192.168.69.102, host: pr-hdds-2254-trunk-ddzgt-1485873308, networkLocation: /default-rack, certSerialId: null} reports an CLOSED replica.
2019-10-15 21:21:09,043 [EventQueue-ContainerReportForContainerReportHandler] WARN  container.ContainerReportHandler (AbstractContainerReportHandler.java:updateContainerState(145)) - Container #1 is in OPEN state, but the datanode 47d72301-684e-48ba-af14-36fa0ba944f7{ip: 192.168.69.102, host: pr-hdds-2254-trunk-ddzgt-1485873308, networkLocation: /default-rack, certSerialId: null} reports an CLOSED replica.
2019-10-15 21:21:09,158 [EventQueue-ContainerReportForContainerReportHandler] WARN  container.ContainerReportHandler (AbstractContainerReportHandler.java:updateContainerState(145)) - Container #1 is in OPEN state, but the datanode 0eb142cf-b7a4-42cc-bedf-7b6b824b4e6a{ip: 192.168.69.102, host: pr-hdds-2254-trunk-ddzgt-1485873308, networkLocation: /default-rack, certSerialId: null} reports an CLOSED replica.
2019-10-15 21:21:09,343 [EventQueue-ContainerReportForContainerReportHandler] WARN  container.ContainerReportHandler (AbstractContainerReportHandler.java:updateContainerState(145)) - Container #1 is in OPEN state, but the datanode 47d72301-684e-48ba-af14-36fa0ba944f7{ip: 192.168.69.102, host: pr-hdds-2254-trunk-ddzgt-1485873308, networkLocation: /default-rack, certSerialId: null} reports an CLOSED replica.
2019-10-15 21:21:09,442 [Thread-478] INFO  client.GrpcClientProtocolService (GrpcClientProtocolService.java:lambda$processClientRequest$0(278)) - Failed RaftClientRequest:client-E312EE24CE89->0eb142cf-b7a4-42cc-bedf-7b6b824b4e6a@group-1135523AB2CE, cid=10, seq=0, Watch-ALL_COMMITTED(6), Message:<EMPTY>, reply=RaftClientReply:client-E312EE24CE89->0eb142cf-b7a4-42cc-bedf-7b6b824b4e6a@group-1135523AB2CE, cid=10, FAILED org.apache.ratis.protocol.NotLeaderException: Server 0eb142cf-b7a4-42cc-bedf-7b6b824b4e6a@group-1135523AB2CE is not the leader 47d72301-684e-48ba-af14-36fa0ba944f7:192.168.69.102:33903, logIndex=0, commits[0eb142cf-b7a4-42cc-bedf-7b6b824b4e6a:c10, 436ea7cb-b08f-45a9-ac25-59983fb5da84:c4, 47d72301-684e-48ba-af14-36fa0ba944f7:c10]
2019-10-15 21:21:09,559 [EventQueue-ContainerReportForContainerReportHandler] WARN  container.ContainerReportHandler (AbstractContainerReportHandler.java:updateContainerState(145)) - Container #1 is in OPEN state, but the datanode 0eb142cf-b7a4-42cc-bedf-7b6b824b4e6a{ip: 192.168.69.102, host: pr-hdds-2254-trunk-ddzgt-1485873308, networkLocation: /default-rack, certSerialId: null} reports an CLOSED replica.
2019-10-15 21:21:09,743 [EventQueue-ContainerReportForContainerReportHandler] WARN  container.ContainerReportHandler (AbstractContainerReportHandler.java:updateContainerState(145)) - Container #1 is in OPEN state, but the datanode 47d72301-684e-48ba-af14-36fa0ba944f7{ip: 192.168.69.102, host: pr-hdds-2254-trunk-ddzgt-1485873308, networkLocation: /default-rack, certSerialId: null} reports an CLOSED replica.
2019-10-15 21:21:09,759 [EventQueue-ContainerReportForContainerReportHandler] WARN  container.ContainerReportHandler (AbstractContainerReportHandler.java:updateContainerState(145)) - Container #1 is in OPEN state, but the datanode 0eb142cf-b7a4-42cc-bedf-7b6b824b4e6a{ip: 192.168.69.102, host: pr-hdds-2254-trunk-ddzgt-1485873308, networkLocation: /default-rack, certSerialId: null} reports an CLOSED replica.
2019-10-15 21:21:09,846 [BlockDeletingService#2] WARN  background.BlockDeletingService (BlockDeletingService.java:isDeletionAllowed(187)) - Close Container log Index 6 is not replicated across allthe servers in the pipeline 2edbc878-18e2-43a0-b08d-1135523ab2ce as the min replicated index is 4. Deletion is not allowed in this container yet.
2019-10-15 21:21:09,846 [BlockDeletingService#2] WARN  background.BlockDeletingService (BlockDeletingService.java:isDeletionAllowed(187)) - Close Container log Index 6 is not replicated across allthe servers in the pipeline 2edbc878-18e2-43a0-b08d-1135523ab2ce as the min replicated index is 4. Deletion is not allowed in this container yet.
2019-10-15 21:21:09,958 [EventQueue-ContainerReportForContainerReportHandler] WARN  container.ContainerReportHandler (AbstractContainerReportHandler.java:updateContainerState(145)) - Container #1 is in OPEN state, but the datanode 0eb142cf-b7a4-42cc-bedf-7b6b824b4e6a{ip: 192.168.69.102, host: pr-hdds-2254-trunk-ddzgt-1485873308, networkLocation: /default-rack, certSerialId: null} reports an CLOSED replica.
2019-10-15 21:21:10,044 [EventQueue-ContainerReportForContainerReportHandler] WARN  container.ContainerReportHandler (AbstractContainerReportHandler.java:updateContainerState(145)) - Container #1 is in OPEN state, but the datanode 47d72301-684e-48ba-af14-36fa0ba944f7{ip: 192.168.69.102, host: pr-hdds-2254-trunk-ddzgt-1485873308, networkLocation: /default-rack, certSerialId: null} reports an CLOSED replica.
2019-10-15 21:21:10,359 [EventQueue-ContainerReportForContainerReportHandler] WARN  container.ContainerReportHandler (AbstractContainerReportHandler.java:updateContainerState(145)) - Container #1 is in OPEN state, but the datanode 0eb142cf-b7a4-42cc-bedf-7b6b824b4e6a{ip: 192.168.69.102, host: pr-hdds-2254-trunk-ddzgt-1485873308, networkLocation: /default-rack, certSerialId: null} reports an CLOSED replica.
2019-10-15 21:21:10,444 [EventQueue-ContainerReportForContainerReportHandler] WARN  container.ContainerReportHandler (AbstractContainerReportHandler.java:updateContainerState(145)) - Container #1 is in OPEN state, but the datanode 47d72301-684e-48ba-af14-36fa0ba944f7{ip: 192.168.69.102, host: pr-hdds-2254-trunk-ddzgt-1485873308, networkLocation: /default-rack, certSerialId: null} reports an CLOSED replica.
2019-10-15 21:21:10,644 [EventQueue-ContainerReportForContainerReportHandler] WARN  container.ContainerReportHandler (AbstractContainerReportHandler.java:updateContainerState(145)) - Container #1 is in OPEN state, but the datanode 47d72301-684e-48ba-af14-36fa0ba944f7{ip: 192.168.69.102, host: pr-hdds-2254-trunk-ddzgt-1485873308, networkLocation: /default-rack, certSerialId: null} reports an CLOSED replica.
2019-10-15 21:21:10,759 [EventQueue-ContainerReportForContainerReportHandler] WARN  container.ContainerReportHandler (AbstractContainerReportHandler.java:updateContainerState(145)) - Container #1 is in OPEN state, but the datanode 0eb142cf-b7a4-42cc-bedf-7b6b824b4e6a{ip: 192.168.69.102, host: pr-hdds-2254-trunk-ddzgt-1485873308, networkLocation: /default-rack, certSerialId: null} reports an CLOSED replica.
2019-10-15 21:21:10,775 [java.util.concurrent.ThreadPoolExecutor$Worker@28bf4c2e[State = -1, empty queue]] WARN  server.GrpcLogAppender (GrpcLogAppender.java:timeoutAppendRequest(209)) - 47d72301-684e-48ba-af14-36fa0ba944f7@group-1135523AB2CE->436ea7cb-b08f-45a9-ac25-59983fb5da84-GrpcLogAppender: appendEntries Timeout, request=47d72301-684e-48ba-af14-36fa0ba944f7->436ea7cb-b08f-45a9-ac25-59983fb5da84#46-t2, previous=(t:2, i:10), leaderCommit=10, initializing? false, entries: <empty>
2019-10-15 21:21:10,843 [EventQueue-ContainerReportForContainerReportHandler] WARN  container.ContainerReportHandler (AbstractContainerReportHandler.java:updateContainerState(145)) - Container #1 is in OPEN state, but the datanode 47d72301-684e-48ba-af14-36fa0ba944f7{ip: 192.168.69.102, host: pr-hdds-2254-trunk-ddzgt-1485873308, networkLocation: /default-rack, certSerialId: null} reports an CLOSED replica.
2019-10-15 21:21:10,849 [BlockDeletingService#2] WARN  background.BlockDeletingService (BlockDeletingService.java:isDeletionAllowed(187)) - Close Container log Index 6 is not replicated across allthe servers in the pipeline 2edbc878-18e2-43a0-b08d-1135523ab2ce as the min replicated index is 4. Deletion is not allowed in this container yet.
2019-10-15 21:21:10,849 [BlockDeletingService#2] WARN  background.BlockDeletingService (BlockDeletingService.java:isDeletionAllowed(187)) - Close Container log Index 6 is not replicated across allthe servers in the pipeline 2edbc878-18e2-43a0-b08d-1135523ab2ce as the min replicated index is 4. Deletion is not allowed in this container yet.
2019-10-15 21:21:10,884 [Thread-486] INFO  client.GrpcClientProtocolService (GrpcClientProtocolService.java:lambda$processClientRequest$0(278)) - Failed RaftClientRequest:client-E312EE24CE89->47d72301-684e-48ba-af14-36fa0ba944f7@group-1135523AB2CE, cid=10, seq=0, Watch-ALL_COMMITTED(6), Message:<EMPTY>, reply=RaftClientReply:client-E312EE24CE89->47d72301-684e-48ba-af14-36fa0ba944f7@group-1135523AB2CE, cid=10, FAILED org.apache.ratis.protocol.NotReplicatedException: Request with call Id 10 and log index 6 is not yet replicated to ALL_COMMITTED, logIndex=6, commits[47d72301-684e-48ba-af14-36fa0ba944f7:c10, 436ea7cb-b08f-45a9-ac25-59983fb5da84:c4, 0eb142cf-b7a4-42cc-bedf-7b6b824b4e6a:c10]
2019-10-15 21:21:11,059 [EventQueue-ContainerReportForContainerReportHandler] WARN  container.ContainerReportHandler (AbstractContainerReportHandler.java:updateContainerState(145)) - Container #1 is in OPEN state, but the datanode 0eb142cf-b7a4-42cc-bedf-7b6b824b4e6a{ip: 192.168.69.102, host: pr-hdds-2254-trunk-ddzgt-1485873308, networkLocation: /default-rack, certSerialId: null} reports an CLOSED replica.
2019-10-15 21:21:11,144 [EventQueue-ContainerReportForContainerReportHandler] WARN  container.ContainerReportHandler (AbstractContainerReportHandler.java:updateContainerState(145)) - Container #1 is in OPEN state, but the datanode 47d72301-684e-48ba-af14-36fa0ba944f7{ip: 192.168.69.102, host: pr-hdds-2254-trunk-ddzgt-1485873308, networkLocation: /default-rack, certSerialId: null} reports an CLOSED replica.
2019-10-15 21:21:11,362 [EventQueue-ContainerReportForContainerReportHandler] WARN  container.ContainerReportHandler (AbstractContainerReportHandler.java:updateContainerState(145)) - Container #1 is in OPEN state, but the datanode 0eb142cf-b7a4-42cc-bedf-7b6b824b4e6a{ip: 192.168.69.102, host: pr-hdds-2254-trunk-ddzgt-1485873308, networkLocation: /default-rack, certSerialId: null} reports an CLOSED replica.
2019-10-15 21:21:11,448 [EventQueue-ContainerReportForContainerReportHandler] WARN  container.ContainerReportHandler (AbstractContainerReportHandler.java:updateContainerState(145)) - Container #1 is in OPEN state, but the datanode 47d72301-684e-48ba-af14-36fa0ba944f7{ip: 192.168.69.102, host: pr-hdds-2254-trunk-ddzgt-1485873308, networkLocation: /default-rack, certSerialId: null} reports an CLOSED replica.
2019-10-15 21:21:11,648 [EventQueue-ContainerReportForContainerReportHandler] WARN  container.ContainerReportHandler (AbstractContainerReportHandler.java:updateContainerState(145)) - Container #1 is in OPEN state, but the datanode 47d72301-684e-48ba-af14-36fa0ba944f7{ip: 192.168.69.102, host: pr-hdds-2254-trunk-ddzgt-1485873308, networkLocation: /default-rack, certSerialId: null} reports an CLOSED replica.
2019-10-15 21:21:11,662 [EventQueue-ContainerReportForContainerReportHandler] WARN  container.ContainerReportHandler (AbstractContainerReportHandler.java:updateContainerState(145)) - Container #1 is in OPEN state, but the datanode 0eb142cf-b7a4-42cc-bedf-7b6b824b4e6a{ip: 192.168.69.102, host: pr-hdds-2254-trunk-ddzgt-1485873308, networkLocation: /default-rack, certSerialId: null} reports an CLOSED replica.
2019-10-15 21:21:11,851 [BlockDeletingService#2] WARN  background.BlockDeletingService (BlockDeletingService.java:isDeletionAllowed(187)) - Close Container log Index 6 is not replicated across allthe servers in the pipeline 2edbc878-18e2-43a0-b08d-1135523ab2ce as the min replicated index is 4. Deletion is not allowed in this container yet.
2019-10-15 21:21:11,854 [BlockDeletingService#2] WARN  background.BlockDeletingService (BlockDeletingService.java:isDeletionAllowed(187)) - Close Container log Index 6 is not replicated across allthe servers in the pipeline 2edbc878-18e2-43a0-b08d-1135523ab2ce as the min replicated index is 4. Deletion is not allowed in this container yet.
2019-10-15 21:21:11,962 [EventQueue-ContainerReportForContainerReportHandler] WARN  container.ContainerReportHandler (AbstractContainerReportHandler.java:updateContainerState(145)) - Container #1 is in OPEN state, but the datanode 0eb142cf-b7a4-42cc-bedf-7b6b824b4e6a{ip: 192.168.69.102, host: pr-hdds-2254-trunk-ddzgt-1485873308, networkLocation: /default-rack, certSerialId: null} reports an CLOSED replica.
2019-10-15 21:21:12,047 [EventQueue-ContainerReportForContainerReportHandler] WARN  container.ContainerReportHandler (AbstractContainerReportHandler.java:updateContainerState(145)) - Container #1 is in OPEN state, but the datanode 47d72301-684e-48ba-af14-36fa0ba944f7{ip: 192.168.69.102, host: pr-hdds-2254-trunk-ddzgt-1485873308, networkLocation: /default-rack, certSerialId: null} reports an CLOSED replica.
2019-10-15 21:21:12,263 [EventQueue-ContainerReportForContainerReportHandler] WARN  container.ContainerReportHandler (AbstractContainerReportHandler.java:updateContainerState(145)) - Container #1 is in OPEN state, but the datanode 0eb142cf-b7a4-42cc-bedf-7b6b824b4e6a{ip: 192.168.69.102, host: pr-hdds-2254-trunk-ddzgt-1485873308, networkLocation: /default-rack, certSerialId: null} reports an CLOSED replica.
2019-10-15 21:21:12,448 [EventQueue-ContainerReportForContainerReportHandler] WARN  container.ContainerReportHandler (AbstractContainerReportHandler.java:updateContainerState(145)) - Container #1 is in OPEN state, but the datanode 47d72301-684e-48ba-af14-36fa0ba944f7{ip: 192.168.69.102, host: pr-hdds-2254-trunk-ddzgt-1485873308, networkLocation: /default-rack, certSerialId: null} reports an CLOSED replica.
2019-10-15 21:21:12,564 [EventQueue-ContainerReportForContainerReportHandler] WARN  container.ContainerReportHandler (AbstractContainerReportHandler.java:updateContainerState(145)) - Container #1 is in OPEN state, but the datanode 0eb142cf-b7a4-42cc-bedf-7b6b824b4e6a{ip: 192.168.69.102, host: pr-hdds-2254-trunk-ddzgt-1485873308, networkLocation: /default-rack, certSerialId: null} reports an CLOSED replica.
2019-10-15 21:21:12,848 [EventQueue-ContainerReportForContainerReportHandler] WARN  container.ContainerReportHandler (AbstractContainerReportHandler.java:updateContainerState(145)) - Container #1 is in OPEN state, but the datanode 47d72301-684e-48ba-af14-36fa0ba944f7{ip: 192.168.69.102, host: pr-hdds-2254-trunk-ddzgt-1485873308, networkLocation: /default-rack, certSerialId: null} reports an CLOSED replica.
2019-10-15 21:21:12,858 [BlockDeletingService#2] WARN  background.BlockDeletingService (BlockDeletingService.java:isDeletionAllowed(187)) - Close Container log Index 6 is not replicated across allthe servers in the pipeline 2edbc878-18e2-43a0-b08d-1135523ab2ce as the min replicated index is 4. Deletion is not allowed in this container yet.
2019-10-15 21:21:12,858 [BlockDeletingService#2] WARN  background.BlockDeletingService (BlockDeletingService.java:isDeletionAllowed(187)) - Close Container log Index 6 is not replicated across allthe servers in the pipeline 2edbc878-18e2-43a0-b08d-1135523ab2ce as the min replicated index is 4. Deletion is not allowed in this container yet.
2019-10-15 21:21:12,865 [EventQueue-ContainerReportForContainerReportHandler] WARN  container.ContainerReportHandler (AbstractContainerReportHandler.java:updateContainerState(145)) - Container #1 is in OPEN state, but the datanode 0eb142cf-b7a4-42cc-bedf-7b6b824b4e6a{ip: 192.168.69.102, host: pr-hdds-2254-trunk-ddzgt-1485873308, networkLocation: /default-rack, certSerialId: null} reports an CLOSED replica.
2019-10-15 21:21:13,048 [EventQueue-ContainerReportForContainerReportHandler] WARN  container.ContainerReportHandler (AbstractContainerReportHandler.java:updateContainerState(145)) - Container #1 is in OPEN state, but the datanode 47d72301-684e-48ba-af14-36fa0ba944f7{ip: 192.168.69.102, host: pr-hdds-2254-trunk-ddzgt-1485873308, networkLocation: /default-rack, certSerialId: null} reports an CLOSED replica.
2019-10-15 21:21:13,165 [EventQueue-ContainerReportForContainerReportHandler] WARN  container.ContainerReportHandler (AbstractContainerReportHandler.java:updateContainerState(145)) - Container #1 is in OPEN state, but the datanode 0eb142cf-b7a4-42cc-bedf-7b6b824b4e6a{ip: 192.168.69.102, host: pr-hdds-2254-trunk-ddzgt-1485873308, networkLocation: /default-rack, certSerialId: null} reports an CLOSED replica.
2019-10-15 21:21:13,276 [java.util.concurrent.ThreadPoolExecutor$Worker@28bf4c2e[State = -1, empty queue]] WARN  server.GrpcLogAppender (GrpcLogAppender.java:timeoutAppendRequest(209)) - 47d72301-684e-48ba-af14-36fa0ba944f7@group-1135523AB2CE->436ea7cb-b08f-45a9-ac25-59983fb5da84-GrpcLogAppender: appendEntries Timeout, request=47d72301-684e-48ba-af14-36fa0ba944f7->436ea7cb-b08f-45a9-ac25-59983fb5da84#47-t2, previous=(t:2, i:10), leaderCommit=10, initializing? false, entries: <empty>
2019-10-15 21:21:13,449 [EventQueue-ContainerReportForContainerReportHandler] WARN  container.ContainerReportHandler (AbstractContainerReportHandler.java:updateContainerState(145)) - Container #1 is in OPEN state, but the datanode 47d72301-684e-48ba-af14-36fa0ba944f7{ip: 192.168.69.102, host: pr-hdds-2254-trunk-ddzgt-1485873308, networkLocation: /default-rack, certSerialId: null} reports an CLOSED replica.
2019-10-15 21:21:13,466 [EventQueue-ContainerReportForContainerReportHandler] WARN  container.ContainerReportHandler (AbstractContainerReportHandler.java:updateContainerState(145)) - Container #1 is in OPEN state, but the datanode 0eb142cf-b7a4-42cc-bedf-7b6b824b4e6a{ip: 192.168.69.102, host: pr-hdds-2254-trunk-ddzgt-1485873308, networkLocation: /default-rack, certSerialId: null} reports an CLOSED replica.
2019-10-15 21:21:13,649 [EventQueue-ContainerReportForContainerReportHandler] WARN  container.ContainerReportHandler (AbstractContainerReportHandler.java:updateContainerState(145)) - Container #1 is in OPEN state, but the datanode 47d72301-684e-48ba-af14-36fa0ba944f7{ip: 192.168.69.102, host: pr-hdds-2254-trunk-ddzgt-1485873308, networkLocation: /default-rack, certSerialId: null} reports an CLOSED replica.
2019-10-15 21:21:13,767 [EventQueue-ContainerReportForContainerReportHandler] WARN  container.ContainerReportHandler (AbstractContainerReportHandler.java:updateContainerState(145)) - Container #1 is in OPEN state, but the datanode 0eb142cf-b7a4-42cc-bedf-7b6b824b4e6a{ip: 192.168.69.102, host: pr-hdds-2254-trunk-ddzgt-1485873308, networkLocation: /default-rack, certSerialId: null} reports an CLOSED replica.
2019-10-15 21:21:13,859 [BlockDeletingService#2] WARN  background.BlockDeletingService (BlockDeletingService.java:isDeletionAllowed(187)) - Close Container log Index 6 is not replicated across allthe servers in the pipeline 2edbc878-18e2-43a0-b08d-1135523ab2ce as the min replicated index is 4. Deletion is not allowed in this container yet.
2019-10-15 21:21:13,859 [BlockDeletingService#2] WARN  background.BlockDeletingService (BlockDeletingService.java:isDeletionAllowed(187)) - Close Container log Index 6 is not replicated across allthe servers in the pipeline 2edbc878-18e2-43a0-b08d-1135523ab2ce as the min replicated index is 4. Deletion is not allowed in this container yet.
2019-10-15 21:21:13,953 [EventQueue-ContainerReportForContainerReportHandler] WARN  container.ContainerReportHandler (AbstractContainerReportHandler.java:updateContainerState(145)) - Container #1 is in OPEN state, but the datanode 47d72301-684e-48ba-af14-36fa0ba944f7{ip: 192.168.69.102, host: pr-hdds-2254-trunk-ddzgt-1485873308, networkLocation: /default-rack, certSerialId: null} reports an CLOSED replica.
2019-10-15 21:21:14,068 [EventQueue-ContainerReportForContainerReportHandler] WARN  container.ContainerReportHandler (AbstractContainerReportHandler.java:updateContainerState(145)) - Container #1 is in OPEN state, but the datanode 0eb142cf-b7a4-42cc-bedf-7b6b824b4e6a{ip: 192.168.69.102, host: pr-hdds-2254-trunk-ddzgt-1485873308, networkLocation: /default-rack, certSerialId: null} reports an CLOSED replica.
2019-10-15 21:21:14,254 [EventQueue-ContainerReportForContainerReportHandler] WARN  container.ContainerReportHandler (AbstractContainerReportHandler.java:updateContainerState(145)) - Container #1 is in OPEN state, but the datanode 47d72301-684e-48ba-af14-36fa0ba944f7{ip: 192.168.69.102, host: pr-hdds-2254-trunk-ddzgt-1485873308, networkLocation: /default-rack, certSerialId: null} reports an CLOSED replica.
2019-10-15 21:21:14,467 [EventQueue-ContainerReportForContainerReportHandler] WARN  container.ContainerReportHandler (AbstractContainerReportHandler.java:updateContainerState(145)) - Container #1 is in OPEN state, but the datanode 0eb142cf-b7a4-42cc-bedf-7b6b824b4e6a{ip: 192.168.69.102, host: pr-hdds-2254-trunk-ddzgt-1485873308, networkLocation: /default-rack, certSerialId: null} reports an CLOSED replica.
2019-10-15 21:21:14,554 [EventQueue-ContainerReportForContainerReportHandler] WARN  container.ContainerReportHandler (AbstractContainerReportHandler.java:updateContainerState(145)) - Container #1 is in OPEN state, but the datanode 47d72301-684e-48ba-af14-36fa0ba944f7{ip: 192.168.69.102, host: pr-hdds-2254-trunk-ddzgt-1485873308, networkLocation: /default-rack, certSerialId: null} reports an CLOSED replica.
2019-10-15 21:21:14,755 [EventQueue-ContainerReportForContainerReportHandler] WARN  container.ContainerReportHandler (AbstractContainerReportHandler.java:updateContainerState(145)) - Container #1 is in OPEN state, but the datanode 47d72301-684e-48ba-af14-36fa0ba944f7{ip: 192.168.69.102, host: pr-hdds-2254-trunk-ddzgt-1485873308, networkLocation: /default-rack, certSerialId: null} reports an CLOSED replica.
2019-10-15 21:21:14,767 [EventQueue-ContainerReportForContainerReportHandler] WARN  container.ContainerReportHandler (AbstractContainerReportHandler.java:updateContainerState(145)) - Container #1 is in OPEN state, but the datanode 0eb142cf-b7a4-42cc-bedf-7b6b824b4e6a{ip: 192.168.69.102, host: pr-hdds-2254-trunk-ddzgt-1485873308, networkLocation: /default-rack, certSerialId: null} reports an CLOSED replica.
2019-10-15 21:21:14,860 [BlockDeletingService#2] WARN  background.BlockDeletingService (BlockDeletingService.java:isDeletionAllowed(187)) - Close Container log Index 6 is not replicated across allthe servers in the pipeline 2edbc878-18e2-43a0-b08d-1135523ab2ce as the min replicated index is 4. Deletion is not allowed in this container yet.
2019-10-15 21:21:14,861 [BlockDeletingService#2] WARN  background.BlockDeletingService (BlockDeletingService.java:isDeletionAllowed(187)) - Close Container log Index 6 is not replicated across allthe servers in the pipeline 2edbc878-18e2-43a0-b08d-1135523ab2ce as the min replicated index is 4. Deletion is not allowed in this container yet.
2019-10-15 21:21:15,054 [EventQueue-ContainerReportForContainerReportHandler] WARN  container.ContainerReportHandler (AbstractContainerReportHandler.java:updateContainerState(145)) - Container #1 is in OPEN state, but the datanode 47d72301-684e-48ba-af14-36fa0ba944f7{ip: 192.168.69.102, host: pr-hdds-2254-trunk-ddzgt-1485873308, networkLocation: /default-rack, certSerialId: null} reports an CLOSED replica.
2019-10-15 21:21:15,068 [EventQueue-ContainerReportForContainerReportHandler] WARN  container.ContainerReportHandler (AbstractContainerReportHandler.java:updateContainerState(145)) - Container #1 is in OPEN state, but the datanode 0eb142cf-b7a4-42cc-bedf-7b6b824b4e6a{ip: 192.168.69.102, host: pr-hdds-2254-trunk-ddzgt-1485873308, networkLocation: /default-rack, certSerialId: null} reports an CLOSED replica.
2019-10-15 21:21:15,354 [EventQueue-ContainerReportForContainerReportHandler] WARN  container.ContainerReportHandler (AbstractContainerReportHandler.java:updateContainerState(145)) - Container #1 is in OPEN state, but the datanode 47d72301-684e-48ba-af14-36fa0ba944f7{ip: 192.168.69.102, host: pr-hdds-2254-trunk-ddzgt-1485873308, networkLocation: /default-rack, certSerialId: null} reports an CLOSED replica.
2019-10-15 21:21:15,368 [EventQueue-ContainerReportForContainerReportHandler] WARN  container.ContainerReportHandler (AbstractContainerReportHandler.java:updateContainerState(145)) - Container #1 is in OPEN state, but the datanode 0eb142cf-b7a4-42cc-bedf-7b6b824b4e6a{ip: 192.168.69.102, host: pr-hdds-2254-trunk-ddzgt-1485873308, networkLocation: /default-rack, certSerialId: null} reports an CLOSED replica.
2019-10-15 21:21:15,654 [EventQueue-ContainerReportForContainerReportHandler] WARN  container.ContainerReportHandler (AbstractContainerReportHandler.java:updateContainerState(145)) - Container #1 is in OPEN state, but the datanode 47d72301-684e-48ba-af14-36fa0ba944f7{ip: 192.168.69.102, host: pr-hdds-2254-trunk-ddzgt-1485873308, networkLocation: /default-rack, certSerialId: null} reports an CLOSED replica.
2019-10-15 21:21:15,669 [EventQueue-ContainerReportForContainerReportHandler] WARN  container.ContainerReportHandler (AbstractContainerReportHandler.java:updateContainerState(145)) - Container #1 is in OPEN state, but the datanode 0eb142cf-b7a4-42cc-bedf-7b6b824b4e6a{ip: 192.168.69.102, host: pr-hdds-2254-trunk-ddzgt-1485873308, networkLocation: /default-rack, certSerialId: null} reports an CLOSED replica.
2019-10-15 21:21:15,777 [java.util.concurrent.ThreadPoolExecutor$Worker@28bf4c2e[State = -1, empty queue]] WARN  server.GrpcLogAppender (GrpcLogAppender.java:timeoutAppendRequest(209)) - 47d72301-684e-48ba-af14-36fa0ba944f7@group-1135523AB2CE->436ea7cb-b08f-45a9-ac25-59983fb5da84-GrpcLogAppender: appendEntries Timeout, request=47d72301-684e-48ba-af14-36fa0ba944f7->436ea7cb-b08f-45a9-ac25-59983fb5da84#48-t2, previous=(t:2, i:10), leaderCommit=10, initializing? false, entries: <empty>
2019-10-15 21:21:15,861 [BlockDeletingService#2] WARN  background.BlockDeletingService (BlockDeletingService.java:isDeletionAllowed(187)) - Close Container log Index 6 is not replicated across allthe servers in the pipeline 2edbc878-18e2-43a0-b08d-1135523ab2ce as the min replicated index is 4. Deletion is not allowed in this container yet.
2019-10-15 21:21:15,862 [BlockDeletingService#2] WARN  background.BlockDeletingService (BlockDeletingService.java:isDeletionAllowed(187)) - Close Container log Index 6 is not replicated across allthe servers in the pipeline 2edbc878-18e2-43a0-b08d-1135523ab2ce as the min replicated index is 4. Deletion is not allowed in this container yet.
2019-10-15 21:21:15,970 [EventQueue-ContainerReportForContainerReportHandler] WARN  container.ContainerReportHandler (AbstractContainerReportHandler.java:updateContainerState(145)) - Container #1 is in OPEN state, but the datanode 0eb142cf-b7a4-42cc-bedf-7b6b824b4e6a{ip: 192.168.69.102, host: pr-hdds-2254-trunk-ddzgt-1485873308, networkLocation: /default-rack, certSerialId: null} reports an CLOSED replica.
2019-10-15 21:21:16,055 [EventQueue-ContainerReportForContainerReportHandler] WARN  container.ContainerReportHandler (AbstractContainerReportHandler.java:updateContainerState(145)) - Container #1 is in OPEN state, but the datanode 47d72301-684e-48ba-af14-36fa0ba944f7{ip: 192.168.69.102, host: pr-hdds-2254-trunk-ddzgt-1485873308, networkLocation: /default-rack, certSerialId: null} reports an CLOSED replica.
2019-10-15 21:21:16,170 [EventQueue-ContainerReportForContainerReportHandler] WARN  container.ContainerReportHandler (AbstractContainerReportHandler.java:updateContainerState(145)) - Container #1 is in OPEN state, but the datanode 0eb142cf-b7a4-42cc-bedf-7b6b824b4e6a{ip: 192.168.69.102, host: pr-hdds-2254-trunk-ddzgt-1485873308, networkLocation: /default-rack, certSerialId: null} reports an CLOSED replica.
2019-10-15 21:21:16,255 [EventQueue-ContainerReportForContainerReportHandler] WARN  container.ContainerReportHandler (AbstractContainerReportHandler.java:updateContainerState(145)) - Container #1 is in OPEN state, but the datanode 47d72301-684e-48ba-af14-36fa0ba944f7{ip: 192.168.69.102, host: pr-hdds-2254-trunk-ddzgt-1485873308, networkLocation: /default-rack, certSerialId: null} reports an CLOSED replica.
2019-10-15 21:21:16,474 [EventQueue-ContainerReportForContainerReportHandler] WARN  container.ContainerReportHandler (AbstractContainerReportHandler.java:updateContainerState(145)) - Container #1 is in OPEN state, but the datanode 0eb142cf-b7a4-42cc-bedf-7b6b824b4e6a{ip: 192.168.69.102, host: pr-hdds-2254-trunk-ddzgt-1485873308, networkLocation: /default-rack, certSerialId: null} reports an CLOSED replica.
2019-10-15 21:21:16,658 [EventQueue-ContainerReportForContainerReportHandler] WARN  container.ContainerReportHandler (AbstractContainerReportHandler.java:updateContainerState(145)) - Container #1 is in OPEN state, but the datanode 47d72301-684e-48ba-af14-36fa0ba944f7{ip: 192.168.69.102, host: pr-hdds-2254-trunk-ddzgt-1485873308, networkLocation: /default-rack, certSerialId: null} reports an CLOSED replica.
2019-10-15 21:21:16,773 [EventQueue-ContainerReportForContainerReportHandler] WARN  container.ContainerReportHandler (AbstractContainerReportHandler.java:updateContainerState(145)) - Container #1 is in OPEN state, but the datanode 0eb142cf-b7a4-42cc-bedf-7b6b824b4e6a{ip: 192.168.69.102, host: pr-hdds-2254-trunk-ddzgt-1485873308, networkLocation: /default-rack, certSerialId: null} reports an CLOSED replica.
2019-10-15 21:21:16,863 [BlockDeletingService#2] WARN  background.BlockDeletingService (BlockDeletingService.java:isDeletionAllowed(187)) - Close Container log Index 6 is not replicated across allthe servers in the pipeline 2edbc878-18e2-43a0-b08d-1135523ab2ce as the min replicated index is 4. Deletion is not allowed in this container yet.
2019-10-15 21:21:16,863 [BlockDeletingService#2] WARN  background.BlockDeletingService (BlockDeletingService.java:isDeletionAllowed(187)) - Close Container log Index 6 is not replicated across allthe servers in the pipeline 2edbc878-18e2-43a0-b08d-1135523ab2ce as the min replicated index is 4. Deletion is not allowed in this container yet.
2019-10-15 21:21:16,957 [EventQueue-ContainerReportForContainerReportHandler] WARN  container.ContainerReportHandler (AbstractContainerReportHandler.java:updateContainerState(145)) - Container #1 is in OPEN state, but the datanode 47d72301-684e-48ba-af14-36fa0ba944f7{ip: 192.168.69.102, host: pr-hdds-2254-trunk-ddzgt-1485873308, networkLocation: /default-rack, certSerialId: null} reports an CLOSED replica.
2019-10-15 21:21:17,074 [EventQueue-ContainerReportForContainerReportHandler] WARN  container.ContainerReportHandler (AbstractContainerReportHandler.java:updateContainerState(145)) - Container #1 is in OPEN state, but the datanode 0eb142cf-b7a4-42cc-bedf-7b6b824b4e6a{ip: 192.168.69.102, host: pr-hdds-2254-trunk-ddzgt-1485873308, networkLocation: /default-rack, certSerialId: null} reports an CLOSED replica.
2019-10-15 21:21:17,258 [EventQueue-ContainerReportForContainerReportHandler] WARN  container.ContainerReportHandler (AbstractContainerReportHandler.java:updateContainerState(145)) - Container #1 is in OPEN state, but the datanode 47d72301-684e-48ba-af14-36fa0ba944f7{ip: 192.168.69.102, host: pr-hdds-2254-trunk-ddzgt-1485873308, networkLocation: /default-rack, certSerialId: null} reports an CLOSED replica.
2019-10-15 21:21:17,374 [EventQueue-ContainerReportForContainerReportHandler] WARN  container.ContainerReportHandler (AbstractContainerReportHandler.java:updateContainerState(145)) - Container #1 is in OPEN state, but the datanode 0eb142cf-b7a4-42cc-bedf-7b6b824b4e6a{ip: 192.168.69.102, host: pr-hdds-2254-trunk-ddzgt-1485873308, networkLocation: /default-rack, certSerialId: null} reports an CLOSED replica.
2019-10-15 21:21:17,659 [EventQueue-ContainerReportForContainerReportHandler] WARN  container.ContainerReportHandler (AbstractContainerReportHandler.java:updateContainerState(145)) - Container #1 is in OPEN state, but the datanode 47d72301-684e-48ba-af14-36fa0ba944f7{ip: 192.168.69.102, host: pr-hdds-2254-trunk-ddzgt-1485873308, networkLocation: /default-rack, certSerialId: null} reports an CLOSED replica.
2019-10-15 21:21:17,776 [EventQueue-ContainerReportForContainerReportHandler] WARN  container.ContainerReportHandler (AbstractContainerReportHandler.java:updateContainerState(145)) - Container #1 is in OPEN state, but the datanode 0eb142cf-b7a4-42cc-bedf-7b6b824b4e6a{ip: 192.168.69.102, host: pr-hdds-2254-trunk-ddzgt-1485873308, networkLocation: /default-rack, certSerialId: null} reports an CLOSED replica.
2019-10-15 21:21:17,864 [BlockDeletingService#2] WARN  background.BlockDeletingService (BlockDeletingService.java:isDeletionAllowed(187)) - Close Container log Index 6 is not replicated across allthe servers in the pipeline 2edbc878-18e2-43a0-b08d-1135523ab2ce as the min replicated index is 4. Deletion is not allowed in this container yet.
2019-10-15 21:21:17,864 [BlockDeletingService#2] WARN  background.BlockDeletingService (BlockDeletingService.java:isDeletionAllowed(187)) - Close Container log Index 6 is not replicated across allthe servers in the pipeline 2edbc878-18e2-43a0-b08d-1135523ab2ce as the min replicated index is 4. Deletion is not allowed in this container yet.
2019-10-15 21:21:17,960 [EventQueue-ContainerReportForContainerReportHandler] WARN  container.ContainerReportHandler (AbstractContainerReportHandler.java:updateContainerState(145)) - Container #1 is in OPEN state, but the datanode 47d72301-684e-48ba-af14-36fa0ba944f7{ip: 192.168.69.102, host: pr-hdds-2254-trunk-ddzgt-1485873308, networkLocation: /default-rack, certSerialId: null} reports an CLOSED replica.
2019-10-15 21:21:17,976 [EventQueue-ContainerReportForContainerReportHandler] WARN  container.ContainerReportHandler (AbstractContainerReportHandler.java:updateContainerState(145)) - Container #1 is in OPEN state, but the datanode 0eb142cf-b7a4-42cc-bedf-7b6b824b4e6a{ip: 192.168.69.102, host: pr-hdds-2254-trunk-ddzgt-1485873308, networkLocation: /default-rack, certSerialId: null} reports an CLOSED replica.
2019-10-15 21:21:18,160 [EventQueue-ContainerReportForContainerReportHandler] WARN  container.ContainerReportHandler (AbstractContainerReportHandler.java:updateContainerState(145)) - Container #1 is in OPEN state, but the datanode 47d72301-684e-48ba-af14-36fa0ba944f7{ip: 192.168.69.102, host: pr-hdds-2254-trunk-ddzgt-1485873308, networkLocation: /default-rack, certSerialId: null} reports an CLOSED replica.
2019-10-15 21:21:18,276 [EventQueue-ContainerReportForContainerReportHandler] WARN  container.ContainerReportHandler (AbstractContainerReportHandler.java:updateContainerState(145)) - Container #1 is in OPEN state, but the datanode 0eb142cf-b7a4-42cc-bedf-7b6b824b4e6a{ip: 192.168.69.102, host: pr-hdds-2254-trunk-ddzgt-1485873308, networkLocation: /default-rack, certSerialId: null} reports an CLOSED replica.
2019-10-15 21:21:18,278 [java.util.concurrent.ThreadPoolExecutor$Worker@28bf4c2e[State = -1, empty queue]] WARN  server.GrpcLogAppender (GrpcLogAppender.java:timeoutAppendRequest(209)) - 47d72301-684e-48ba-af14-36fa0ba944f7@group-1135523AB2CE->436ea7cb-b08f-45a9-ac25-59983fb5da84-GrpcLogAppender: appendEntries Timeout, request=47d72301-684e-48ba-af14-36fa0ba944f7->436ea7cb-b08f-45a9-ac25-59983fb5da84#49-t2, previous=(t:2, i:10), leaderCommit=10, initializing? false, entries: <empty>
2019-10-15 21:21:18,468 [Thread-506] INFO  client.GrpcClientProtocolService (GrpcClientProtocolService.java:lambda$processClientRequest$0(278)) - Failed RaftClientRequest:client-E312EE24CE89->0eb142cf-b7a4-42cc-bedf-7b6b824b4e6a@group-1135523AB2CE, cid=10, seq=0, Watch-ALL_COMMITTED(6), Message:<EMPTY>, reply=RaftClientReply:client-E312EE24CE89->0eb142cf-b7a4-42cc-bedf-7b6b824b4e6a@group-1135523AB2CE, cid=10, FAILED org.apache.ratis.protocol.NotLeaderException: Server 0eb142cf-b7a4-42cc-bedf-7b6b824b4e6a@group-1135523AB2CE is not the leader 47d72301-684e-48ba-af14-36fa0ba944f7:192.168.69.102:33903, logIndex=0, commits[0eb142cf-b7a4-42cc-bedf-7b6b824b4e6a:c10, 436ea7cb-b08f-45a9-ac25-59983fb5da84:c4, 47d72301-684e-48ba-af14-36fa0ba944f7:c10]
2019-10-15 21:21:18,560 [EventQueue-ContainerReportForContainerReportHandler] WARN  container.ContainerReportHandler (AbstractContainerReportHandler.java:updateContainerState(145)) - Container #1 is in OPEN state, but the datanode 47d72301-684e-48ba-af14-36fa0ba944f7{ip: 192.168.69.102, host: pr-hdds-2254-trunk-ddzgt-1485873308, networkLocation: /default-rack, certSerialId: null} reports an CLOSED replica.
2019-10-15 21:21:18,577 [EventQueue-ContainerReportForContainerReportHandler] WARN  container.ContainerReportHandler (AbstractContainerReportHandler.java:updateContainerState(145)) - Container #1 is in OPEN state, but the datanode 0eb142cf-b7a4-42cc-bedf-7b6b824b4e6a{ip: 192.168.69.102, host: pr-hdds-2254-trunk-ddzgt-1485873308, networkLocation: /default-rack, certSerialId: null} reports an CLOSED replica.
2019-10-15 21:21:18,760 [EventQueue-ContainerReportForContainerReportHandler] WARN  container.ContainerReportHandler (AbstractContainerReportHandler.java:updateContainerState(145)) - Container #1 is in OPEN state, but the datanode 47d72301-684e-48ba-af14-36fa0ba944f7{ip: 192.168.69.102, host: pr-hdds-2254-trunk-ddzgt-1485873308, networkLocation: /default-rack, certSerialId: null} reports an CLOSED replica.
2019-10-15 21:21:18,777 [EventQueue-ContainerReportForContainerReportHandler] WARN  container.ContainerReportHandler (AbstractContainerReportHandler.java:updateContainerState(145)) - Container #1 is in OPEN state, but the datanode 0eb142cf-b7a4-42cc-bedf-7b6b824b4e6a{ip: 192.168.69.102, host: pr-hdds-2254-trunk-ddzgt-1485873308, networkLocation: /default-rack, certSerialId: null} reports an CLOSED replica.
2019-10-15 21:21:18,865 [BlockDeletingService#2] WARN  background.BlockDeletingService (BlockDeletingService.java:isDeletionAllowed(187)) - Close Container log Index 6 is not replicated across allthe servers in the pipeline 2edbc878-18e2-43a0-b08d-1135523ab2ce as the min replicated index is 4. Deletion is not allowed in this container yet.
2019-10-15 21:21:18,866 [BlockDeletingService#2] WARN  background.BlockDeletingService (BlockDeletingService.java:isDeletionAllowed(187)) - Close Container log Index 6 is not replicated across allthe servers in the pipeline 2edbc878-18e2-43a0-b08d-1135523ab2ce as the min replicated index is 4. Deletion is not allowed in this container yet.
2019-10-15 21:21:19,077 [EventQueue-ContainerReportForContainerReportHandler] WARN  container.ContainerReportHandler (AbstractContainerReportHandler.java:updateContainerState(145)) - Container #1 is in OPEN state, but the datanode 0eb142cf-b7a4-42cc-bedf-7b6b824b4e6a{ip: 192.168.69.102, host: pr-hdds-2254-trunk-ddzgt-1485873308, networkLocation: /default-rack, certSerialId: null} reports an CLOSED replica.
2019-10-15 21:21:19,160 [EventQueue-ContainerReportForContainerReportHandler] WARN  container.ContainerReportHandler (AbstractContainerReportHandler.java:updateContainerState(145)) - Container #1 is in OPEN state, but the datanode 47d72301-684e-48ba-af14-36fa0ba944f7{ip: 192.168.69.102, host: pr-hdds-2254-trunk-ddzgt-1485873308, networkLocation: /default-rack, certSerialId: null} reports an CLOSED replica.
2019-10-15 21:21:19,460 [EventQueue-ContainerReportForContainerReportHandler] WARN  container.ContainerReportHandler (AbstractContainerReportHandler.java:updateContainerState(145)) - Container #1 is in OPEN state, but the datanode 47d72301-684e-48ba-af14-36fa0ba944f7{ip: 192.168.69.102, host: pr-hdds-2254-trunk-ddzgt-1485873308, networkLocation: /default-rack, certSerialId: null} reports an CLOSED replica.
2019-10-15 21:21:19,478 [EventQueue-ContainerReportForContainerReportHandler] WARN  container.ContainerReportHandler (AbstractContainerReportHandler.java:updateContainerState(145)) - Container #1 is in OPEN state, but the datanode 0eb142cf-b7a4-42cc-bedf-7b6b824b4e6a{ip: 192.168.69.102, host: pr-hdds-2254-trunk-ddzgt-1485873308, networkLocation: /default-rack, certSerialId: null} reports an CLOSED replica.
2019-10-15 21:21:19,760 [EventQueue-ContainerReportForContainerReportHandler] WARN  container.ContainerReportHandler (AbstractContainerReportHandler.java:updateContainerState(145)) - Container #1 is in OPEN state, but the datanode 47d72301-684e-48ba-af14-36fa0ba944f7{ip: 192.168.69.102, host: pr-hdds-2254-trunk-ddzgt-1485873308, networkLocation: /default-rack, certSerialId: null} reports an CLOSED replica.
2019-10-15 21:21:19,779 [EventQueue-ContainerReportForContainerReportHandler] WARN  container.ContainerReportHandler (AbstractContainerReportHandler.java:updateContainerState(145)) - Container #1 is in OPEN state, but the datanode 0eb142cf-b7a4-42cc-bedf-7b6b824b4e6a{ip: 192.168.69.102, host: pr-hdds-2254-trunk-ddzgt-1485873308, networkLocation: /default-rack, certSerialId: null} reports an CLOSED replica.
2019-10-15 21:21:19,867 [BlockDeletingService#2] WARN  background.BlockDeletingService (BlockDeletingService.java:isDeletionAllowed(187)) - Close Container log Index 6 is not replicated across allthe servers in the pipeline 2edbc878-18e2-43a0-b08d-1135523ab2ce as the min replicated index is 4. Deletion is not allowed in this container yet.
2019-10-15 21:21:19,867 [BlockDeletingService#2] WARN  background.BlockDeletingService (BlockDeletingService.java:isDeletionAllowed(187)) - Close Container log Index 6 is not replicated across allthe servers in the pipeline 2edbc878-18e2-43a0-b08d-1135523ab2ce as the min replicated index is 4. Deletion is not allowed in this container yet.
2019-10-15 21:21:19,884 [Thread-513] INFO  client.GrpcClientProtocolService (GrpcClientProtocolService.java:lambda$processClientRequest$0(278)) - Failed RaftClientRequest:client-E312EE24CE89->47d72301-684e-48ba-af14-36fa0ba944f7@group-1135523AB2CE, cid=10, seq=0, Watch-ALL_COMMITTED(6), Message:<EMPTY>, reply=RaftClientReply:client-E312EE24CE89->47d72301-684e-48ba-af14-36fa0ba944f7@group-1135523AB2CE, cid=10, FAILED org.apache.ratis.protocol.NotReplicatedException: Request with call Id 10 and log index 6 is not yet replicated to ALL_COMMITTED, logIndex=6, commits[47d72301-684e-48ba-af14-36fa0ba944f7:c10, 436ea7cb-b08f-45a9-ac25-59983fb5da84:c4, 0eb142cf-b7a4-42cc-bedf-7b6b824b4e6a:c10]
2019-10-15 21:21:19,926 [EventQueue-StaleNodeForStaleNodeHandler] INFO  node.StaleNodeHandler (StaleNodeHandler.java:onMessage(58)) - Datanode 436ea7cb-b08f-45a9-ac25-59983fb5da84{ip: 192.168.69.102, host: pr-hdds-2254-trunk-ddzgt-1485873308, networkLocation: /default-rack, certSerialId: null} moved to stale state. Finalizing its pipelines [PipelineID=72cb23c4-d0e3-473f-b325-470080a10795, PipelineID=2edbc878-18e2-43a0-b08d-1135523ab2ce]
2019-10-15 21:21:19,926 [EventQueue-StaleNodeForStaleNodeHandler] INFO  pipeline.SCMPipelineManager (SCMPipelineManager.java:finalizeAndDestroyPipeline(315)) - destroying pipeline:Pipeline[ Id: 72cb23c4-d0e3-473f-b325-470080a10795, Nodes: 436ea7cb-b08f-45a9-ac25-59983fb5da84{ip: 192.168.69.102, host: pr-hdds-2254-trunk-ddzgt-1485873308, networkLocation: /default-rack, certSerialId: null}, Type:RATIS, Factor:ONE, State:OPEN]
2019-10-15 21:21:19,928 [EventQueue-StaleNodeForStaleNodeHandler] INFO  pipeline.PipelineStateManager (PipelineStateManager.java:finalizePipeline(123)) - Pipeline Pipeline[ Id: 72cb23c4-d0e3-473f-b325-470080a10795, Nodes: 436ea7cb-b08f-45a9-ac25-59983fb5da84{ip: 192.168.69.102, host: pr-hdds-2254-trunk-ddzgt-1485873308, networkLocation: /default-rack, certSerialId: null}, Type:RATIS, Factor:ONE, State:CLOSED] moved to CLOSED state
2019-10-15 21:21:19,929 [EventQueue-StaleNodeForStaleNodeHandler] INFO  pipeline.SCMPipelineManager (SCMPipelineManager.java:finalizeAndDestroyPipeline(315)) - destroying pipeline:Pipeline[ Id: 2edbc878-18e2-43a0-b08d-1135523ab2ce, Nodes: 47d72301-684e-48ba-af14-36fa0ba944f7{ip: 192.168.69.102, host: pr-hdds-2254-trunk-ddzgt-1485873308, networkLocation: /default-rack, certSerialId: null}0eb142cf-b7a4-42cc-bedf-7b6b824b4e6a{ip: 192.168.69.102, host: pr-hdds-2254-trunk-ddzgt-1485873308, networkLocation: /default-rack, certSerialId: null}436ea7cb-b08f-45a9-ac25-59983fb5da84{ip: 192.168.69.102, host: pr-hdds-2254-trunk-ddzgt-1485873308, networkLocation: /default-rack, certSerialId: null}, Type:RATIS, Factor:THREE, State:OPEN]
2019-10-15 21:21:19,929 [EventQueue-StaleNodeForStaleNodeHandler] INFO  pipeline.PipelineStateManager (PipelineStateManager.java:finalizePipeline(123)) - Pipeline Pipeline[ Id: 2edbc878-18e2-43a0-b08d-1135523ab2ce, Nodes: 47d72301-684e-48ba-af14-36fa0ba944f7{ip: 192.168.69.102, host: pr-hdds-2254-trunk-ddzgt-1485873308, networkLocation: /default-rack, certSerialId: null}0eb142cf-b7a4-42cc-bedf-7b6b824b4e6a{ip: 192.168.69.102, host: pr-hdds-2254-trunk-ddzgt-1485873308, networkLocation: /default-rack, certSerialId: null}436ea7cb-b08f-45a9-ac25-59983fb5da84{ip: 192.168.69.102, host: pr-hdds-2254-trunk-ddzgt-1485873308, networkLocation: /default-rack, certSerialId: null}, Type:RATIS, Factor:THREE, State:CLOSED] moved to CLOSED state
2019-10-15 21:21:19,930 [EventQueue-CloseContainerForCloseContainerEventHandler] INFO  container.CloseContainerEventHandler (CloseContainerEventHandler.java:onMessage(61)) - Close container Event triggered for container : #1
2019-10-15 21:21:19,960 [EventQueue-ContainerReportForContainerReportHandler] INFO  container.ContainerReportHandler (AbstractContainerReportHandler.java:updateContainerState(178)) - Moving container #1 to CLOSED state, datanode 47d72301-684e-48ba-af14-36fa0ba944f7{ip: 192.168.69.102, host: pr-hdds-2254-trunk-ddzgt-1485873308, networkLocation: /default-rack, certSerialId: null} reported CLOSED replica.
2019-10-15 21:21:20,706 [SCMBlockDeletingService#1] INFO  block.SCMBlockDeletingService (SCMBlockDeletingService.java:call(184)) - Totally added 3 delete blocks command for 3 datanodes, task elapsed time: 5ms
2019-10-15 21:21:20,762 [EventQueue-PendingDeleteStatusForPendingDeleteHandler] INFO  block.SCMBlockDeletingService (SCMBlockDeletingService.java:handlePendingDeletes(115)) - Block deletion txnID mismatch in datanode 47d72301-684e-48ba-af14-36fa0ba944f7 for containerID 1. Datanode delete txnID: 0, SCM txnID: 1
2019-10-15 21:21:20,778 [java.util.concurrent.ThreadPoolExecutor$Worker@28bf4c2e[State = -1, empty queue]] WARN  server.GrpcLogAppender (GrpcLogAppender.java:timeoutAppendRequest(209)) - 47d72301-684e-48ba-af14-36fa0ba944f7@group-1135523AB2CE->436ea7cb-b08f-45a9-ac25-59983fb5da84-GrpcLogAppender: appendEntries Timeout, request=47d72301-684e-48ba-af14-36fa0ba944f7->436ea7cb-b08f-45a9-ac25-59983fb5da84#50-t2, previous=(t:2, i:10), leaderCommit=10, initializing? false, entries: <empty>
2019-10-15 21:21:20,868 [BlockDeletingService#2] WARN  background.BlockDeletingService (BlockDeletingService.java:isDeletionAllowed(187)) - Close Container log Index 6 is not replicated across allthe servers in the pipeline 2edbc878-18e2-43a0-b08d-1135523ab2ce as the min replicated index is 4. Deletion is not allowed in this container yet.
2019-10-15 21:21:20,868 [BlockDeletingService#2] WARN  background.BlockDeletingService (BlockDeletingService.java:isDeletionAllowed(187)) - Close Container log Index 6 is not replicated across allthe servers in the pipeline 2edbc878-18e2-43a0-b08d-1135523ab2ce as the min replicated index is 4. Deletion is not allowed in this container yet.
2019-10-15 21:21:20,979 [EventQueue-PendingDeleteStatusForPendingDeleteHandler] INFO  block.SCMBlockDeletingService (SCMBlockDeletingService.java:handlePendingDeletes(115)) - Block deletion txnID mismatch in datanode 0eb142cf-b7a4-42cc-bedf-7b6b824b4e6a for containerID 1. Datanode delete txnID: 0, SCM txnID: 1
2019-10-15 21:21:20,981 [Command processor thread] INFO  commandhandler.DeleteBlocksCommandHandler (DeleteBlocksCommandHandler.java:handle(106)) - Start to delete container blocks, TXIDs=[1(0)], numOfContainers=1, numOfBlocks=1
2019-10-15 21:21:21,062 [EventQueue-PendingDeleteStatusForPendingDeleteHandler] INFO  block.SCMBlockDeletingService (SCMBlockDeletingService.java:handlePendingDeletes(115)) - Block deletion txnID mismatch in datanode 47d72301-684e-48ba-af14-36fa0ba944f7 for containerID 1. Datanode delete txnID: 0, SCM txnID: 1
2019-10-15 21:21:21,159 [Command processor thread] INFO  commandhandler.DeleteBlocksCommandHandler (DeleteBlocksCommandHandler.java:handle(106)) - Start to delete container blocks, TXIDs=[1(0)], numOfContainers=1, numOfBlocks=1
2019-10-15 21:21:21,344 [main] INFO  impl.MetricsSystemImpl (MetricsSystemImpl.java:init(158)) - HddsDatanode metrics system started (again)
2019-10-15 21:21:21,394 [main] INFO  ozone.HddsDatanodeService (HddsDatanodeService.java:start(184)) - HddsDatanodeService host:pr-hdds-2254-trunk-ddzgt-1485873308 ip:192.168.69.102
2019-10-15 21:21:21,399 [main] INFO  volume.VolumeUsage (VolumeUsage.java:loadScmUsed(144)) - Cached ScmUsed found for /workdir/hadoop-ozone/integration-test/target/test-dir/MiniOzoneClusterImpl-7ec64718-fc6c-4bdc-a59e-2452df301b4b/datanode-2/data/containers : 4096 
2019-10-15 21:21:21,399 [main] INFO  volume.HddsVolume (HddsVolume.java:<init>(176)) - Creating Volume: /workdir/hadoop-ozone/integration-test/target/test-dir/MiniOzoneClusterImpl-7ec64718-fc6c-4bdc-a59e-2452df301b4b/datanode-2/data/containers/hdds of  storage type : DISK and capacity : 1482555576320
2019-10-15 21:21:21,400 [main] INFO  volume.VolumeSet (VolumeSet.java:initializeVolumeSet(170)) - Added Volume : /workdir/hadoop-ozone/integration-test/target/test-dir/MiniOzoneClusterImpl-7ec64718-fc6c-4bdc-a59e-2452df301b4b/datanode-2/data/containers/hdds to VolumeSet
2019-10-15 21:21:21,400 [main] INFO  volume.ThrottledAsyncChecker (ThrottledAsyncChecker.java:schedule(141)) - Scheduling a check for /workdir/hadoop-ozone/integration-test/target/test-dir/MiniOzoneClusterImpl-7ec64718-fc6c-4bdc-a59e-2452df301b4b/datanode-2/data/containers/hdds
2019-10-15 21:21:21,401 [main] INFO  volume.HddsVolumeChecker (HddsVolumeChecker.java:checkAllVolumes(204)) - Scheduled health check for volume /workdir/hadoop-ozone/integration-test/target/test-dir/MiniOzoneClusterImpl-7ec64718-fc6c-4bdc-a59e-2452df301b4b/datanode-2/data/containers/hdds
2019-10-15 21:21:21,441 [main] INFO  impl.RaftServerProxy (ConfUtils.java:logGet(43)) - raft.rpc.type = GRPC (default)
2019-10-15 21:21:21,441 [main] INFO  grpc.GrpcFactory (GrpcFactory.java:checkPooledByteBufAllocatorUseCacheForAllThreads(45)) - PERFORMANCE WARNING: useCacheForAllThreads is true that may cause Netty to create a lot garbage objects and, as a result, trigger GC.
	It is recommended to disable useCacheForAllThreads by setting -Dorg.apache.ratis.thirdparty.io.netty.allocator.useCacheForAllThreads=false in command line.
2019-10-15 21:21:21,441 [main] INFO  grpc.GrpcConfigKeys$Server (ConfUtils.java:logGet(43)) - raft.grpc.server.port = 32878 (custom)
2019-10-15 21:21:21,442 [main] INFO  server.GrpcService (ConfUtils.java:logGet(43)) - raft.grpc.message.size.max = 33570816 (custom)
2019-10-15 21:21:21,442 [main] INFO  server.RaftServerConfigKeys (ConfUtils.java:logGet(43)) - raft.server.log.appender.buffer.byte-limit = 33554432 (custom)
2019-10-15 21:21:21,442 [main] INFO  server.GrpcService (ConfUtils.java:logGet(43)) - raft.grpc.flow.control.window = 1MB (=1048576) (default)
2019-10-15 21:21:21,442 [main] INFO  server.RaftServerConfigKeys (ConfUtils.java:logGet(43)) - raft.server.rpc.request.timeout = 3000ms (default)
2019-10-15 21:21:21,443 [main] INFO  server.RaftServerConfigKeys (ConfUtils.java:logGet(43)) - raft.server.storage.dir = [/workdir/hadoop-ozone/integration-test/target/test-dir/MiniOzoneClusterImpl-7ec64718-fc6c-4bdc-a59e-2452df301b4b/datanode-2/data/ratis] (custom)
2019-10-15 21:21:21,443 [main] INFO  impl.RaftServerProxy (RaftServerProxy.java:lambda$null$0(191)) - 436ea7cb-b08f-45a9-ac25-59983fb5da84: found a subdirectory /workdir/hadoop-ozone/integration-test/target/test-dir/MiniOzoneClusterImpl-7ec64718-fc6c-4bdc-a59e-2452df301b4b/datanode-2/data/ratis/2edbc878-18e2-43a0-b08d-1135523ab2ce
2019-10-15 21:21:21,444 [main] INFO  impl.RaftServerProxy (RaftServerProxy.java:addNew(89)) - 436ea7cb-b08f-45a9-ac25-59983fb5da84: addNew group-1135523AB2CE:[] returns group-1135523AB2CE:java.util.concurrent.CompletableFuture@6e4599c0[Not completed]
2019-10-15 21:21:21,444 [main] INFO  impl.RaftServerProxy (RaftServerProxy.java:lambda$null$0(191)) - 436ea7cb-b08f-45a9-ac25-59983fb5da84: found a subdirectory /workdir/hadoop-ozone/integration-test/target/test-dir/MiniOzoneClusterImpl-7ec64718-fc6c-4bdc-a59e-2452df301b4b/datanode-2/data/ratis/72cb23c4-d0e3-473f-b325-470080a10795
2019-10-15 21:21:21,444 [main] INFO  impl.RaftServerProxy (RaftServerProxy.java:addNew(89)) - 436ea7cb-b08f-45a9-ac25-59983fb5da84: addNew group-470080A10795:[] returns group-470080A10795:java.util.concurrent.CompletableFuture@7dffda8b[Not completed]
2019-10-15 21:21:21,447 [pool-59-thread-1] INFO  impl.RaftServerImpl (RaftServerImpl.java:<init>(104)) - 436ea7cb-b08f-45a9-ac25-59983fb5da84: new RaftServerImpl for group-1135523AB2CE:[] with ContainerStateMachine:uninitialized
2019-10-15 21:21:21,447 [main] INFO  hdfs.DFSUtil (DFSUtil.java:httpServerTemplateForNNAndJN(1641)) - Starting Web-server for hddsDatanode at: http://0.0.0.0:37888
2019-10-15 21:21:21,448 [pool-59-thread-1] INFO  server.RaftServerConfigKeys (ConfUtils.java:logGet(43)) - raft.server.rpc.timeout.min = 5s (custom)
2019-10-15 21:21:21,448 [pool-59-thread-1] INFO  server.RaftServerConfigKeys (ConfUtils.java:logGet(43)) - raft.server.rpc.timeout.max = 5200ms (custom)
2019-10-15 21:21:21,448 [pool-59-thread-1] INFO  server.RaftServerConfigKeys (ConfUtils.java:logGet(43)) - raft.server.rpcslowness.timeout = 1000s (custom)
2019-10-15 21:21:21,448 [pool-59-thread-1] INFO  server.RaftServerConfigKeys (ConfUtils.java:logGet(43)) - raft.server.sleep.deviation.threshold = 300 (default)
2019-10-15 21:21:21,448 [pool-59-thread-1] INFO  server.RaftServerConfigKeys (ConfUtils.java:logGet(43)) - raft.server.log.appender.install.snapshot.enabled = false (custom)
2019-10-15 21:21:21,449 [pool-59-thread-1] INFO  impl.RaftServerImpl (ServerState.java:<init>(103)) - 436ea7cb-b08f-45a9-ac25-59983fb5da84@group-1135523AB2CE: ConfigurationManager, init=-1: [], old=null, confs=<EMPTY_MAP>
2019-10-15 21:21:21,449 [pool-59-thread-1] INFO  server.RaftServerConfigKeys (ConfUtils.java:logGet(43)) - raft.server.storage.dir = [/workdir/hadoop-ozone/integration-test/target/test-dir/MiniOzoneClusterImpl-7ec64718-fc6c-4bdc-a59e-2452df301b4b/datanode-2/data/ratis] (custom)
2019-10-15 21:21:21,449 [pool-59-thread-1] INFO  server.RaftServerConfigKeys (ConfUtils.java:logGet(43)) - raft.server.log.corruption.policy = EXCEPTION (default)
2019-10-15 21:21:21,450 [main] INFO  server.AuthenticationFilter (AuthenticationFilter.java:constructSecretProvider(240)) - Unable to initialize FileSignerSecretProvider, falling back to use random secrets.
2019-10-15 21:21:21,451 [main] WARN  http.HttpRequestLog (HttpRequestLog.java:getRequestLog(97)) - Jetty request log can only be enabled using Log4j
2019-10-15 21:21:21,454 [main] INFO  http.HttpServer2 (HttpServer2.java:addGlobalFilter(975)) - Added global filter 'safety' (class=org.apache.hadoop.http.HttpServer2$QuotingInputFilter)
2019-10-15 21:21:21,454 [pool-59-thread-1] INFO  storage.RaftStorageDirectory (RaftStorageDirectory.java:tryLock(328)) - Lock on /workdir/hadoop-ozone/integration-test/target/test-dir/MiniOzoneClusterImpl-7ec64718-fc6c-4bdc-a59e-2452df301b4b/datanode-2/data/ratis/2edbc878-18e2-43a0-b08d-1135523ab2ce/in_use.lock acquired by nodename 19633@pr-hdds-2254-trunk-ddzgt-1485873308
2019-10-15 21:21:21,454 [main] INFO  http.HttpServer2 (HttpServer2.java:addFilter(948)) - Added filter static_user_filter (class=org.apache.hadoop.http.lib.StaticUserWebFilter$StaticUserFilter) to context hddsDatanode
2019-10-15 21:21:21,455 [main] INFO  http.HttpServer2 (HttpServer2.java:addFilter(958)) - Added filter static_user_filter (class=org.apache.hadoop.http.lib.StaticUserWebFilter$StaticUserFilter) to context logs
2019-10-15 21:21:21,455 [main] INFO  http.HttpServer2 (HttpServer2.java:addFilter(958)) - Added filter static_user_filter (class=org.apache.hadoop.http.lib.StaticUserWebFilter$StaticUserFilter) to context static
2019-10-15 21:21:21,456 [main] INFO  http.HttpServer2 (HttpServer2.java:bindListener(1191)) - Jetty bound to port 37888
2019-10-15 21:21:21,456 [main] INFO  server.Server (Server.java:doStart(351)) - jetty-9.3.25.v20180904, build timestamp: 2018-09-04T21:11:46Z, git hash: 3ce520221d0240229c862b122d2b06c12a625732
2019-10-15 21:21:21,457 [pool-59-thread-1] INFO  ratis.ContainerStateMachine (ContainerStateMachine.java:loadSnapshot(240)) - group-1135523AB2CE: Setting the last applied index to (t:2, i:3)
2019-10-15 21:21:21,458 [main] INFO  handler.ContextHandler (ContextHandler.java:doStart(781)) - Started o.e.j.s.ServletContextHandler@69f0b0f4{/logs,file:///workdir/hadoop-ozone/integration-test/target/log,AVAILABLE}
2019-10-15 21:21:21,459 [main] INFO  handler.ContextHandler (ContextHandler.java:doStart(781)) - Started o.e.j.s.ServletContextHandler@2f7efd0b{/static,jar:file:/home/user/.m2/repository/org/apache/hadoop/hadoop-hdds-container-service/0.5.0-SNAPSHOT/hadoop-hdds-container-service-0.5.0-SNAPSHOT.jar!/webapps/static,AVAILABLE}
2019-10-15 21:21:21,461 [pool-59-thread-1] INFO  impl.RaftServerImpl (ServerState.java:setRaftConf(357)) - 436ea7cb-b08f-45a9-ac25-59983fb5da84@group-1135523AB2CE: set configuration 0: [436ea7cb-b08f-45a9-ac25-59983fb5da84:192.168.69.102:32878, 0eb142cf-b7a4-42cc-bedf-7b6b824b4e6a:192.168.69.102:43792, 47d72301-684e-48ba-af14-36fa0ba944f7:192.168.69.102:33903], old=null at 0
2019-10-15 21:21:21,461 [pool-59-thread-1] INFO  server.RaftServerConfigKeys (ConfUtils.java:logGet(43)) - raft.server.notification.no-leader.timeout = 1000s (custom)
2019-10-15 21:21:21,462 [pool-59-thread-1] INFO  server.RaftServerConfigKeys (ConfUtils.java:logGet(43)) - raft.server.log.use.memory = false (default)
2019-10-15 21:21:21,462 [pool-59-thread-1] INFO  server.RaftServerConfigKeys (ConfUtils.java:logGet(43)) - raft.server.log.purge.gap = 1000000 (custom)
2019-10-15 21:21:21,462 [pool-59-thread-1] INFO  server.RaftServerConfigKeys (ConfUtils.java:logGet(43)) - raft.server.log.appender.buffer.byte-limit = 33554432 (custom)
2019-10-15 21:21:21,462 [pool-59-thread-1] INFO  server.RaftServerConfigKeys (ConfUtils.java:logGet(43)) - raft.server.log.segment.size.max = 1048576 (custom)
2019-10-15 21:21:21,463 [pool-59-thread-1] INFO  server.RaftServerConfigKeys (ConfUtils.java:logGet(43)) - raft.server.log.segment.cache.num.max = 2 (custom)
2019-10-15 21:21:21,463 [pool-59-thread-1] INFO  segmented.SegmentedRaftLogWorker (SegmentedRaftLogWorker.java:<init>(173)) - new 436ea7cb-b08f-45a9-ac25-59983fb5da84@group-1135523AB2CE-SegmentedRaftLogWorker for RaftStorage:Storage Directory /workdir/hadoop-ozone/integration-test/target/test-dir/MiniOzoneClusterImpl-7ec64718-fc6c-4bdc-a59e-2452df301b4b/datanode-2/data/ratis/2edbc878-18e2-43a0-b08d-1135523ab2ce
2019-10-15 21:21:21,463 [pool-59-thread-1] INFO  server.RaftServerConfigKeys (ConfUtils.java:logGet(43)) - raft.server.log.queue.byte-limit = 2147483647 (custom)
2019-10-15 21:21:21,463 [pool-59-thread-1] INFO  server.RaftServerConfigKeys (ConfUtils.java:logGet(43)) - raft.server.log.queue.element-limit = 1024 (custom)
2019-10-15 21:21:21,463 [pool-59-thread-1] INFO  server.RaftServerConfigKeys (ConfUtils.java:logGet(43)) - raft.server.log.segment.size.max = 1048576 (custom)
2019-10-15 21:21:21,463 [pool-59-thread-1] INFO  server.RaftServerConfigKeys (ConfUtils.java:logGet(43)) - raft.server.log.preallocated.size = 16384 (custom)
2019-10-15 21:21:21,464 [pool-59-thread-1] INFO  server.RaftServerConfigKeys (ConfUtils.java:logGet(43)) - raft.server.log.write.buffer.size = 33554432 (custom)
2019-10-15 21:21:21,464 [pool-59-thread-1] INFO  server.RaftServerConfigKeys (ConfUtils.java:logGet(43)) - raft.server.log.force.sync.num = 128 (default)
2019-10-15 21:21:21,464 [pool-59-thread-1] INFO  server.RaftServerConfigKeys (ConfUtils.java:logGet(43)) - raft.server.log.statemachine.data.sync = true (default)
2019-10-15 21:21:21,464 [pool-59-thread-1] INFO  server.RaftServerConfigKeys (ConfUtils.java:logGet(43)) - raft.server.log.statemachine.data.sync.timeout = 10s (default)
2019-10-15 21:21:21,464 [pool-59-thread-1] INFO  server.RaftServerConfigKeys (ConfUtils.java:logGet(43)) - raft.server.log.statemachine.data.sync.timeout.retry = -1 (default)
2019-10-15 21:21:21,464 [pool-59-thread-1] INFO  server.RaftServerConfigKeys (ConfUtils.java:logGet(43)) - raft.server.log.statemachine.data.caching.enabled = true (custom)
2019-10-15 21:21:21,472 [pool-59-thread-1] INFO  impl.RaftServerImpl (ServerState.java:setRaftConf(357)) - 436ea7cb-b08f-45a9-ac25-59983fb5da84@group-1135523AB2CE: set configuration 0: [436ea7cb-b08f-45a9-ac25-59983fb5da84:192.168.69.102:32878, 0eb142cf-b7a4-42cc-bedf-7b6b824b4e6a:192.168.69.102:43792, 47d72301-684e-48ba-af14-36fa0ba944f7:192.168.69.102:33903], old=null at 0
2019-10-15 21:21:21,472 [pool-59-thread-1] INFO  segmented.LogSegment (LogSegment.java:loadSegment(140)) - Successfully read 5 entries from segment file /workdir/hadoop-ozone/integration-test/target/test-dir/MiniOzoneClusterImpl-7ec64718-fc6c-4bdc-a59e-2452df301b4b/datanode-2/data/ratis/2edbc878-18e2-43a0-b08d-1135523ab2ce/current/log_inprogress_0
2019-10-15 21:21:21,473 [pool-59-thread-1] INFO  segmented.SegmentedRaftLogWorker (SegmentedRaftLogWorker.java:lambda$new$0(128)) - 436ea7cb-b08f-45a9-ac25-59983fb5da84@group-1135523AB2CE-SegmentedRaftLogWorker: flushIndex: setUnconditionally 0 -> 4
2019-10-15 21:21:21,494 [pool-59-thread-1] INFO  raftlog.RaftLog (RaftLog.java:lambda$new$0(61)) - 436ea7cb-b08f-45a9-ac25-59983fb5da84@group-1135523AB2CE-SegmentedRaftLog: commitIndex: updateToMax old=3, new=3, updated? false
2019-10-15 21:21:21,499 [pool-59-thread-1] INFO  server.RaftServerConfigKeys (ConfUtils.java:logGet(43)) - raft.server.snapshot.auto.trigger.enabled = true (custom)
2019-10-15 21:21:21,500 [pool-59-thread-1] INFO  server.RaftServerConfigKeys (ConfUtils.java:logGet(43)) - raft.server.snapshot.auto.trigger.threshold = 10000 (custom)
2019-10-15 21:21:21,500 [pool-59-thread-1] INFO  server.RaftServerConfigKeys (ConfUtils.java:logGet(43)) - raft.server.snapshot.retention.file.num = 5 (custom)
2019-10-15 21:21:21,500 [pool-59-thread-1] INFO  server.RaftServerConfigKeys (ConfUtils.java:logGet(43)) - raft.server.retrycache.expirytime = 600000ms (custom)
2019-10-15 21:21:21,501 [pool-59-thread-1] INFO  impl.RaftServerImpl (RaftServerImpl.java:<init>(104)) - 436ea7cb-b08f-45a9-ac25-59983fb5da84: new RaftServerImpl for group-470080A10795:[] with ContainerStateMachine:uninitialized
2019-10-15 21:21:21,501 [pool-59-thread-1] INFO  server.RaftServerConfigKeys (ConfUtils.java:logGet(43)) - raft.server.rpc.timeout.min = 5s (custom)
2019-10-15 21:21:21,501 [pool-59-thread-1] INFO  server.RaftServerConfigKeys (ConfUtils.java:logGet(43)) - raft.server.rpc.timeout.max = 5200ms (custom)
2019-10-15 21:21:21,501 [pool-59-thread-1] INFO  server.RaftServerConfigKeys (ConfUtils.java:logGet(43)) - raft.server.rpcslowness.timeout = 1000s (custom)
2019-10-15 21:21:21,502 [pool-59-thread-1] INFO  server.RaftServerConfigKeys (ConfUtils.java:logGet(43)) - raft.server.sleep.deviation.threshold = 300 (default)
2019-10-15 21:21:21,502 [pool-59-thread-1] INFO  server.RaftServerConfigKeys (ConfUtils.java:logGet(43)) - raft.server.log.appender.install.snapshot.enabled = false (custom)
2019-10-15 21:21:21,502 [pool-59-thread-1] INFO  impl.RaftServerImpl (ServerState.java:<init>(103)) - 436ea7cb-b08f-45a9-ac25-59983fb5da84@group-470080A10795: ConfigurationManager, init=-1: [], old=null, confs=<EMPTY_MAP>
2019-10-15 21:21:21,502 [pool-59-thread-1] INFO  server.RaftServerConfigKeys (ConfUtils.java:logGet(43)) - raft.server.storage.dir = [/workdir/hadoop-ozone/integration-test/target/test-dir/MiniOzoneClusterImpl-7ec64718-fc6c-4bdc-a59e-2452df301b4b/datanode-2/data/ratis] (custom)
2019-10-15 21:21:21,502 [pool-59-thread-1] INFO  server.RaftServerConfigKeys (ConfUtils.java:logGet(43)) - raft.server.log.corruption.policy = EXCEPTION (default)
2019-10-15 21:21:21,512 [main] INFO  handler.ContextHandler (ContextHandler.java:doStart(781)) - Started o.e.j.w.WebAppContext@1d408060{/,file:///tmp/jetty-0.0.0.0-37888-hddsDatanode-_-any-3917227186054492819.dir/webapp/,AVAILABLE}{/hddsDatanode}
2019-10-15 21:21:21,513 [main] INFO  server.AbstractConnector (AbstractConnector.java:doStart(278)) - Started ServerConnector@68a78f3c{HTTP/1.1,[http/1.1]}{0.0.0.0:37888}
2019-10-15 21:21:21,514 [main] INFO  server.Server (Server.java:doStart(419)) - Started @112354ms
2019-10-15 21:21:21,514 [main] WARN  impl.MetricsSystemImpl (MetricsSystemImpl.java:register(276)) - Sink prometheus already exists!
2019-10-15 21:21:21,515 [main] INFO  server.BaseHttpServer (BaseHttpServer.java:updateConnectorAddress(215)) - HTTP server of HDDSDATANODE is listening at http://0.0.0.0:37888
2019-10-15 21:21:21,516 [org.apache.hadoop.util.JvmPauseMonitor$Monitor@24d19451] INFO  util.JvmPauseMonitor (JvmPauseMonitor.java:run(188)) - Starting JVM pause monitor
2019-10-15 21:21:21,520 [pool-59-thread-1] INFO  storage.RaftStorageDirectory (RaftStorageDirectory.java:tryLock(328)) - Lock on /workdir/hadoop-ozone/integration-test/target/test-dir/MiniOzoneClusterImpl-7ec64718-fc6c-4bdc-a59e-2452df301b4b/datanode-2/data/ratis/72cb23c4-d0e3-473f-b325-470080a10795/in_use.lock acquired by nodename 19633@pr-hdds-2254-trunk-ddzgt-1485873308
2019-10-15 21:21:21,520 [pool-59-thread-1] INFO  ratis.ContainerStateMachine (ContainerStateMachine.java:loadSnapshot(231)) - group-470080A10795: The snapshot info is null. Setting the last applied indexto:(t:0, i:~)
2019-10-15 21:21:21,520 [pool-59-thread-1] INFO  server.RaftServerConfigKeys (ConfUtils.java:logGet(43)) - raft.server.notification.no-leader.timeout = 1000s (custom)
2019-10-15 21:21:21,520 [pool-59-thread-1] INFO  server.RaftServerConfigKeys (ConfUtils.java:logGet(43)) - raft.server.log.use.memory = false (default)
2019-10-15 21:21:21,520 [pool-59-thread-1] INFO  server.RaftServerConfigKeys (ConfUtils.java:logGet(43)) - raft.server.log.purge.gap = 1000000 (custom)
2019-10-15 21:21:21,520 [pool-59-thread-1] INFO  server.RaftServerConfigKeys (ConfUtils.java:logGet(43)) - raft.server.log.appender.buffer.byte-limit = 33554432 (custom)
2019-10-15 21:21:21,521 [pool-59-thread-1] INFO  server.RaftServerConfigKeys (ConfUtils.java:logGet(43)) - raft.server.log.segment.size.max = 1048576 (custom)
2019-10-15 21:21:21,521 [pool-59-thread-1] INFO  server.RaftServerConfigKeys (ConfUtils.java:logGet(43)) - raft.server.log.segment.cache.num.max = 2 (custom)
2019-10-15 21:21:21,521 [pool-59-thread-1] INFO  segmented.SegmentedRaftLogWorker (SegmentedRaftLogWorker.java:<init>(173)) - new 436ea7cb-b08f-45a9-ac25-59983fb5da84@group-470080A10795-SegmentedRaftLogWorker for RaftStorage:Storage Directory /workdir/hadoop-ozone/integration-test/target/test-dir/MiniOzoneClusterImpl-7ec64718-fc6c-4bdc-a59e-2452df301b4b/datanode-2/data/ratis/72cb23c4-d0e3-473f-b325-470080a10795
2019-10-15 21:21:21,521 [pool-59-thread-1] INFO  server.RaftServerConfigKeys (ConfUtils.java:logGet(43)) - raft.server.log.queue.byte-limit = 2147483647 (custom)
2019-10-15 21:21:21,521 [pool-59-thread-1] INFO  server.RaftServerConfigKeys (ConfUtils.java:logGet(43)) - raft.server.log.queue.element-limit = 1024 (custom)
2019-10-15 21:21:21,521 [pool-59-thread-1] INFO  server.RaftServerConfigKeys (ConfUtils.java:logGet(43)) - raft.server.log.segment.size.max = 1048576 (custom)
2019-10-15 21:21:21,521 [pool-59-thread-1] INFO  server.RaftServerConfigKeys (ConfUtils.java:logGet(43)) - raft.server.log.preallocated.size = 16384 (custom)
2019-10-15 21:21:21,521 [pool-59-thread-1] INFO  server.RaftServerConfigKeys (ConfUtils.java:logGet(43)) - raft.server.log.write.buffer.size = 33554432 (custom)
2019-10-15 21:21:21,521 [pool-59-thread-1] INFO  server.RaftServerConfigKeys (ConfUtils.java:logGet(43)) - raft.server.log.force.sync.num = 128 (default)
2019-10-15 21:21:21,521 [pool-59-thread-1] INFO  server.RaftServerConfigKeys (ConfUtils.java:logGet(43)) - raft.server.log.statemachine.data.sync = true (default)
2019-10-15 21:21:21,521 [pool-59-thread-1] INFO  server.RaftServerConfigKeys (ConfUtils.java:logGet(43)) - raft.server.log.statemachine.data.sync.timeout = 10s (default)
2019-10-15 21:21:21,521 [pool-59-thread-1] INFO  server.RaftServerConfigKeys (ConfUtils.java:logGet(43)) - raft.server.log.statemachine.data.sync.timeout.retry = -1 (default)
2019-10-15 21:21:21,522 [pool-59-thread-1] INFO  server.RaftServerConfigKeys (ConfUtils.java:logGet(43)) - raft.server.log.statemachine.data.caching.enabled = true (custom)
2019-10-15 21:21:21,522 [pool-59-thread-1] INFO  impl.RaftServerImpl (ServerState.java:setRaftConf(357)) - 436ea7cb-b08f-45a9-ac25-59983fb5da84@group-470080A10795: set configuration 0: [436ea7cb-b08f-45a9-ac25-59983fb5da84:192.168.69.102:32878], old=null at 0
2019-10-15 21:21:21,522 [pool-59-thread-1] INFO  segmented.LogSegment (LogSegment.java:loadSegment(140)) - Successfully read 1 entries from segment file /workdir/hadoop-ozone/integration-test/target/test-dir/MiniOzoneClusterImpl-7ec64718-fc6c-4bdc-a59e-2452df301b4b/datanode-2/data/ratis/72cb23c4-d0e3-473f-b325-470080a10795/current/log_inprogress_0
2019-10-15 21:21:21,522 [pool-59-thread-1] INFO  segmented.SegmentedRaftLogWorker (SegmentedRaftLogWorker.java:lambda$new$0(128)) - 436ea7cb-b08f-45a9-ac25-59983fb5da84@group-470080A10795-SegmentedRaftLogWorker: flushIndex: setUnconditionally 0 -> 0
2019-10-15 21:21:21,544 [pool-59-thread-1] INFO  server.RaftServerConfigKeys (ConfUtils.java:logGet(43)) - raft.server.snapshot.auto.trigger.enabled = true (custom)
2019-10-15 21:21:21,544 [pool-59-thread-1] INFO  server.RaftServerConfigKeys (ConfUtils.java:logGet(43)) - raft.server.snapshot.auto.trigger.threshold = 10000 (custom)
2019-10-15 21:21:21,544 [pool-59-thread-1] INFO  server.RaftServerConfigKeys (ConfUtils.java:logGet(43)) - raft.server.snapshot.retention.file.num = 5 (custom)
2019-10-15 21:21:21,544 [pool-59-thread-1] INFO  server.RaftServerConfigKeys (ConfUtils.java:logGet(43)) - raft.server.retrycache.expirytime = 600000ms (custom)
2019-10-15 21:21:21,707 [SCMBlockDeletingService#1] INFO  block.SCMBlockDeletingService (SCMBlockDeletingService.java:call(184)) - Totally added 1 delete blocks command for 1 datanodes, task elapsed time: 1ms
2019-10-15 21:21:21,707 [pool-7-thread-1] INFO  commands.RetriableDatanodeEventWatcher (RetriableDatanodeEventWatcher.java:onTimeout(47)) - RetriableDatanodeCommand type=deleteBlocksCommand with id=1571174480707 timed out. Retrying.
2019-10-15 21:21:21,869 [BlockDeletingService#2] WARN  background.BlockDeletingService (BlockDeletingService.java:isDeletionAllowed(187)) - Close Container log Index 6 is not replicated across allthe servers in the pipeline 2edbc878-18e2-43a0-b08d-1135523ab2ce as the min replicated index is 4. Deletion is not allowed in this container yet.
2019-10-15 21:21:21,869 [BlockDeletingService#2] WARN  background.BlockDeletingService (BlockDeletingService.java:isDeletionAllowed(187)) - Close Container log Index 6 is not replicated across allthe servers in the pipeline 2edbc878-18e2-43a0-b08d-1135523ab2ce as the min replicated index is 4. Deletion is not allowed in this container yet.
2019-10-15 21:21:22,707 [pool-7-thread-1] INFO  commands.RetriableDatanodeEventWatcher (RetriableDatanodeEventWatcher.java:onTimeout(47)) - RetriableDatanodeCommand type=deleteBlocksCommand with id=1571174480708 timed out. Retrying.
2019-10-15 21:21:22,707 [pool-7-thread-1] INFO  commands.RetriableDatanodeEventWatcher (RetriableDatanodeEventWatcher.java:onTimeout(47)) - RetriableDatanodeCommand type=deleteBlocksCommand with id=1571174480707 timed out. Retrying.
2019-10-15 21:21:22,708 [SCMBlockDeletingService#1] INFO  block.SCMBlockDeletingService (SCMBlockDeletingService.java:call(184)) - Totally added 1 delete blocks command for 1 datanodes, task elapsed time: 1ms
2019-10-15 21:21:22,871 [BlockDeletingService#2] WARN  background.BlockDeletingService (BlockDeletingService.java:isDeletionAllowed(187)) - Close Container log Index 6 is not replicated across allthe servers in the pipeline 2edbc878-18e2-43a0-b08d-1135523ab2ce as the min replicated index is 4. Deletion is not allowed in this container yet.
2019-10-15 21:21:22,871 [BlockDeletingService#2] WARN  background.BlockDeletingService (BlockDeletingService.java:isDeletionAllowed(187)) - Close Container log Index 6 is not replicated across allthe servers in the pipeline 2edbc878-18e2-43a0-b08d-1135523ab2ce as the min replicated index is 4. Deletion is not allowed in this container yet.
2019-10-15 21:21:23,279 [java.util.concurrent.ThreadPoolExecutor$Worker@28bf4c2e[State = -1, empty queue]] WARN  server.GrpcLogAppender (GrpcLogAppender.java:timeoutAppendRequest(209)) - 47d72301-684e-48ba-af14-36fa0ba944f7@group-1135523AB2CE->436ea7cb-b08f-45a9-ac25-59983fb5da84-GrpcLogAppender: appendEntries Timeout, request=47d72301-684e-48ba-af14-36fa0ba944f7->436ea7cb-b08f-45a9-ac25-59983fb5da84#51-t2, previous=(t:2, i:10), leaderCommit=10, initializing? false, entries: <empty>
2019-10-15 21:21:23,518 [Datanode State Machine Thread - 0] INFO  ozoneimpl.OzoneContainer (OzoneContainer.java:start(213)) - Attempting to start container services.
2019-10-15 21:21:23,519 [Datanode State Machine Thread - 0] INFO  ozoneimpl.OzoneContainer (OzoneContainer.java:startContainerScrub(177)) - Background container scanner has been disabled.
2019-10-15 21:21:23,519 [Datanode State Machine Thread - 0] INFO  ratis.XceiverServerRatis (XceiverServerRatis.java:start(418)) - Starting XceiverServerRatis 436ea7cb-b08f-45a9-ac25-59983fb5da84 at port 32878
2019-10-15 21:21:23,526 [Datanode State Machine Thread - 0] INFO  impl.RaftServerImpl (RaftServerImpl.java:start(195)) - 436ea7cb-b08f-45a9-ac25-59983fb5da84@group-1135523AB2CE: start as a follower, conf=0: [436ea7cb-b08f-45a9-ac25-59983fb5da84:192.168.69.102:32878, 0eb142cf-b7a4-42cc-bedf-7b6b824b4e6a:192.168.69.102:43792, 47d72301-684e-48ba-af14-36fa0ba944f7:192.168.69.102:33903], old=null
2019-10-15 21:21:23,526 [ForkJoinPool.commonPool-worker-0] INFO  impl.RaftServerImpl (RaftServerImpl.java:start(195)) - 436ea7cb-b08f-45a9-ac25-59983fb5da84@group-470080A10795: start as a follower, conf=0: [436ea7cb-b08f-45a9-ac25-59983fb5da84:192.168.69.102:32878], old=null
2019-10-15 21:21:23,526 [Datanode State Machine Thread - 0] INFO  impl.RaftServerImpl (RaftServerImpl.java:setRole(184)) - 436ea7cb-b08f-45a9-ac25-59983fb5da84@group-1135523AB2CE: changes role from      null to FOLLOWER at term 2 for startAsFollower
2019-10-15 21:21:23,526 [ForkJoinPool.commonPool-worker-0] INFO  impl.RaftServerImpl (RaftServerImpl.java:setRole(184)) - 436ea7cb-b08f-45a9-ac25-59983fb5da84@group-470080A10795: changes role from      null to FOLLOWER at term 1 for startAsFollower
2019-10-15 21:21:23,527 [Datanode State Machine Thread - 0] INFO  impl.RoleInfo (RoleInfo.java:updateAndGet(143)) - 436ea7cb-b08f-45a9-ac25-59983fb5da84: start FollowerState
2019-10-15 21:21:23,527 [ForkJoinPool.commonPool-worker-0] INFO  impl.RoleInfo (RoleInfo.java:updateAndGet(143)) - 436ea7cb-b08f-45a9-ac25-59983fb5da84: start FollowerState
2019-10-15 21:21:23,527 [ForkJoinPool.commonPool-worker-0] INFO  util.JmxRegister (JmxRegister.java:tryRegister(44)) - Successfully registered JMX Bean with object name Ratis:service=RaftServer,group=group-470080A10795,id=436ea7cb-b08f-45a9-ac25-59983fb5da84
2019-10-15 21:21:23,527 [Datanode State Machine Thread - 0] INFO  util.JmxRegister (JmxRegister.java:tryRegister(44)) - Successfully registered JMX Bean with object name Ratis:service=RaftServer,group=group-1135523AB2CE,id=436ea7cb-b08f-45a9-ac25-59983fb5da84
2019-10-15 21:21:23,528 [Datanode State Machine Thread - 0] INFO  impl.RaftServerProxy (RaftServerProxy.java:lambda$start$3(299)) - 436ea7cb-b08f-45a9-ac25-59983fb5da84: start RPC server
2019-10-15 21:21:23,530 [Datanode State Machine Thread - 0] INFO  server.GrpcService (GrpcService.java:startImpl(158)) - 436ea7cb-b08f-45a9-ac25-59983fb5da84: GrpcService started, listening on 0.0.0.0/0.0.0.0:32878
2019-10-15 21:21:23,557 [Thread-546] INFO  impl.FollowerState (FollowerState.java:run(108)) - 436ea7cb-b08f-45a9-ac25-59983fb5da84@group-1135523AB2CE-FollowerState: change to CANDIDATE, lastRpcTime:30ms, electionTimeout:30ms
2019-10-15 21:21:23,557 [Thread-546] INFO  impl.RoleInfo (RoleInfo.java:shutdownFollowerState(121)) - 436ea7cb-b08f-45a9-ac25-59983fb5da84: shutdown FollowerState
2019-10-15 21:21:23,557 [Thread-546] INFO  impl.RaftServerImpl (RaftServerImpl.java:setRole(184)) - 436ea7cb-b08f-45a9-ac25-59983fb5da84@group-1135523AB2CE: changes role from  FOLLOWER to CANDIDATE at term 2 for changeToCandidate
2019-10-15 21:21:23,557 [Thread-546] INFO  impl.RoleInfo (RoleInfo.java:updateAndGet(143)) - 436ea7cb-b08f-45a9-ac25-59983fb5da84: start LeaderElection
2019-10-15 21:21:23,568 [436ea7cb-b08f-45a9-ac25-59983fb5da84@group-1135523AB2CE-LeaderElection6] INFO  impl.LeaderElection (LeaderElection.java:askForVotes(178)) - 436ea7cb-b08f-45a9-ac25-59983fb5da84@group-1135523AB2CE-LeaderElection6: begin an election at term 3 for 0: [436ea7cb-b08f-45a9-ac25-59983fb5da84:192.168.69.102:32878, 0eb142cf-b7a4-42cc-bedf-7b6b824b4e6a:192.168.69.102:43792, 47d72301-684e-48ba-af14-36fa0ba944f7:192.168.69.102:33903], old=null
2019-10-15 21:21:23,576 [grpc-default-executor-2] INFO  impl.RaftServerImpl (ServerState.java:setLeader(256)) - 47d72301-684e-48ba-af14-36fa0ba944f7@group-1135523AB2CE: change Leader from 47d72301-684e-48ba-af14-36fa0ba944f7 to null at term 3 for updateCurrentTerm
2019-10-15 21:21:23,576 [grpc-default-executor-4] INFO  impl.RaftServerImpl (ServerState.java:setLeader(256)) - 0eb142cf-b7a4-42cc-bedf-7b6b824b4e6a@group-1135523AB2CE: change Leader from 47d72301-684e-48ba-af14-36fa0ba944f7 to null at term 3 for updateCurrentTerm
2019-10-15 21:21:23,576 [grpc-default-executor-2] INFO  impl.RaftServerImpl (RaftServerImpl.java:setRole(184)) - 47d72301-684e-48ba-af14-36fa0ba944f7@group-1135523AB2CE: changes role from    LEADER to FOLLOWER at term 3 for recognizeCandidate:436ea7cb-b08f-45a9-ac25-59983fb5da84
2019-10-15 21:21:23,576 [grpc-default-executor-4] INFO  impl.RaftServerImpl (RaftServerImpl.java:setRole(184)) - 0eb142cf-b7a4-42cc-bedf-7b6b824b4e6a@group-1135523AB2CE: changes role from  FOLLOWER to FOLLOWER at term 3 for recognizeCandidate:436ea7cb-b08f-45a9-ac25-59983fb5da84
2019-10-15 21:21:23,576 [grpc-default-executor-2] INFO  impl.RoleInfo (RoleInfo.java:shutdownLeaderState(104)) - 47d72301-684e-48ba-af14-36fa0ba944f7: shutdown LeaderState
2019-10-15 21:21:23,577 [grpc-default-executor-4] INFO  impl.RoleInfo (RoleInfo.java:shutdownFollowerState(121)) - 0eb142cf-b7a4-42cc-bedf-7b6b824b4e6a: shutdown FollowerState
2019-10-15 21:21:23,578 [org.apache.ratis.server.impl.LogAppender$AppenderDaemon$$Lambda$371/1672964846@61b6439a] WARN  server.GrpcLogAppender (GrpcLogAppender.java:mayWait(149)) - 47d72301-684e-48ba-af14-36fa0ba944f7@group-1135523AB2CE->436ea7cb-b08f-45a9-ac25-59983fb5da84-GrpcLogAppender: Wait interrupted by java.lang.InterruptedException
2019-10-15 21:21:23,578 [org.apache.ratis.server.impl.LogAppender$AppenderDaemon$$Lambda$371/1672964846@509de372] WARN  server.GrpcLogAppender (GrpcLogAppender.java:mayWait(149)) - 47d72301-684e-48ba-af14-36fa0ba944f7@group-1135523AB2CE->0eb142cf-b7a4-42cc-bedf-7b6b824b4e6a-GrpcLogAppender: Wait interrupted by java.lang.InterruptedException
2019-10-15 21:21:23,578 [grpc-default-executor-2] INFO  impl.PendingRequests (PendingRequests.java:sendNotLeaderResponses(202)) - 47d72301-684e-48ba-af14-36fa0ba944f7@group-1135523AB2CE-PendingRequests: sendNotLeaderResponses
2019-10-15 21:21:23,578 [Thread-220] INFO  impl.FollowerState (FollowerState.java:run(117)) - 0eb142cf-b7a4-42cc-bedf-7b6b824b4e6a@group-1135523AB2CE-FollowerState was interrupted: java.lang.InterruptedException: sleep interrupted
2019-10-15 21:21:23,578 [grpc-default-executor-4] INFO  impl.RoleInfo (RoleInfo.java:updateAndGet(143)) - 0eb142cf-b7a4-42cc-bedf-7b6b824b4e6a: start FollowerState
2019-10-15 21:21:23,580 [grpc-default-executor-5] INFO  server.GrpcServerProtocolService (GrpcServerProtocolService.java:onCompleted(113)) - 0eb142cf-b7a4-42cc-bedf-7b6b824b4e6a: Completed APPEND_ENTRIES, lastRequest: 47d72301-684e-48ba-af14-36fa0ba944f7->0eb142cf-b7a4-42cc-bedf-7b6b824b4e6a#51-t2, previous=(t:2, i:10), leaderCommit=10, initializing? false, entries: <empty>
2019-10-15 21:21:23,581 [Thread-554] INFO  client.GrpcClientProtocolService (GrpcClientProtocolService.java:lambda$processClientRequest$0(278)) - Failed RaftClientRequest:client-E312EE24CE89->47d72301-684e-48ba-af14-36fa0ba944f7@group-1135523AB2CE, cid=10, seq=0, Watch-ALL_COMMITTED(6), Message:<EMPTY>, reply=RaftClientReply:client-E312EE24CE89->47d72301-684e-48ba-af14-36fa0ba944f7@group-1135523AB2CE, cid=10, FAILED org.apache.ratis.protocol.NotLeaderException: Server 47d72301-684e-48ba-af14-36fa0ba944f7@group-1135523AB2CE is not the leader, logIndex=0, commits[47d72301-684e-48ba-af14-36fa0ba944f7:c10, 436ea7cb-b08f-45a9-ac25-59983fb5da84:c4, 0eb142cf-b7a4-42cc-bedf-7b6b824b4e6a:c10]
2019-10-15 21:21:23,581 [grpc-default-executor-2] INFO  impl.RoleInfo (RoleInfo.java:updateAndGet(143)) - 47d72301-684e-48ba-af14-36fa0ba944f7: start FollowerState
2019-10-15 21:21:23,585 [grpc-default-executor-6] INFO  server.GrpcLogAppender (GrpcLogAppender.java:onCompleted(308)) - 47d72301-684e-48ba-af14-36fa0ba944f7@group-1135523AB2CE->0eb142cf-b7a4-42cc-bedf-7b6b824b4e6a-AppendLogResponseHandler: follower responses appendEntries COMPLETED
2019-10-15 21:21:23,587 [grpc-default-executor-6] INFO  impl.FollowerInfo (FollowerInfo.java:lambda$new$0(51)) - 47d72301-684e-48ba-af14-36fa0ba944f7@group-1135523AB2CE->0eb142cf-b7a4-42cc-bedf-7b6b824b4e6a: nextIndex: updateUnconditionally 11 -> 10
2019-10-15 21:21:23,632 [Thread-547] INFO  impl.FollowerState (FollowerState.java:run(108)) - 436ea7cb-b08f-45a9-ac25-59983fb5da84@group-470080A10795-FollowerState: change to CANDIDATE, lastRpcTime:105ms, electionTimeout:105ms
2019-10-15 21:21:23,632 [Thread-547] INFO  impl.RoleInfo (RoleInfo.java:shutdownFollowerState(121)) - 436ea7cb-b08f-45a9-ac25-59983fb5da84: shutdown FollowerState
2019-10-15 21:21:23,632 [Thread-547] INFO  impl.RaftServerImpl (RaftServerImpl.java:setRole(184)) - 436ea7cb-b08f-45a9-ac25-59983fb5da84@group-470080A10795: changes role from  FOLLOWER to CANDIDATE at term 1 for changeToCandidate
2019-10-15 21:21:23,632 [Thread-547] INFO  impl.RoleInfo (RoleInfo.java:updateAndGet(143)) - 436ea7cb-b08f-45a9-ac25-59983fb5da84: start LeaderElection
2019-10-15 21:21:23,638 [436ea7cb-b08f-45a9-ac25-59983fb5da84@group-1135523AB2CE-LeaderElection6] INFO  impl.LeaderElection (LeaderElection.java:logAndReturn(56)) - 436ea7cb-b08f-45a9-ac25-59983fb5da84@group-1135523AB2CE-LeaderElection6: Election REJECTED; received 2 response(s) [436ea7cb-b08f-45a9-ac25-59983fb5da84<-0eb142cf-b7a4-42cc-bedf-7b6b824b4e6a#0:FAIL-t3, 436ea7cb-b08f-45a9-ac25-59983fb5da84<-47d72301-684e-48ba-af14-36fa0ba944f7#0:FAIL-t3] and 0 exception(s); 436ea7cb-b08f-45a9-ac25-59983fb5da84@group-1135523AB2CE:t3, leader=null, voted=436ea7cb-b08f-45a9-ac25-59983fb5da84, raftlog=436ea7cb-b08f-45a9-ac25-59983fb5da84@group-1135523AB2CE-SegmentedRaftLog:OPENED:c3,f4,i4, conf=0: [436ea7cb-b08f-45a9-ac25-59983fb5da84:192.168.69.102:32878, 0eb142cf-b7a4-42cc-bedf-7b6b824b4e6a:192.168.69.102:43792, 47d72301-684e-48ba-af14-36fa0ba944f7:192.168.69.102:33903], old=null
2019-10-15 21:21:23,638 [436ea7cb-b08f-45a9-ac25-59983fb5da84@group-1135523AB2CE-LeaderElection6] INFO  impl.RaftServerImpl (RaftServerImpl.java:setRole(184)) - 436ea7cb-b08f-45a9-ac25-59983fb5da84@group-1135523AB2CE: changes role from CANDIDATE to FOLLOWER at term 3 for DISCOVERED_A_NEW_TERM
2019-10-15 21:21:23,639 [436ea7cb-b08f-45a9-ac25-59983fb5da84@group-1135523AB2CE-LeaderElection6] INFO  impl.RoleInfo (RoleInfo.java:shutdownLeaderElection(134)) - 436ea7cb-b08f-45a9-ac25-59983fb5da84: shutdown LeaderElection
2019-10-15 21:21:23,639 [436ea7cb-b08f-45a9-ac25-59983fb5da84@group-1135523AB2CE-LeaderElection6] INFO  impl.RoleInfo (RoleInfo.java:updateAndGet(143)) - 436ea7cb-b08f-45a9-ac25-59983fb5da84: start FollowerState
2019-10-15 21:21:23,667 [436ea7cb-b08f-45a9-ac25-59983fb5da84@group-470080A10795-LeaderElection7] INFO  impl.LeaderElection (LeaderElection.java:askForVotes(178)) - 436ea7cb-b08f-45a9-ac25-59983fb5da84@group-470080A10795-LeaderElection7: begin an election at term 2 for 0: [436ea7cb-b08f-45a9-ac25-59983fb5da84:192.168.69.102:32878], old=null
2019-10-15 21:21:23,668 [436ea7cb-b08f-45a9-ac25-59983fb5da84@group-470080A10795-LeaderElection7] INFO  impl.RoleInfo (RoleInfo.java:shutdownLeaderElection(134)) - 436ea7cb-b08f-45a9-ac25-59983fb5da84: shutdown LeaderElection
2019-10-15 21:21:23,668 [436ea7cb-b08f-45a9-ac25-59983fb5da84@group-470080A10795-LeaderElection7] INFO  impl.RaftServerImpl (RaftServerImpl.java:setRole(184)) - 436ea7cb-b08f-45a9-ac25-59983fb5da84@group-470080A10795: changes role from CANDIDATE to LEADER at term 2 for changeToLeader
2019-10-15 21:21:23,668 [436ea7cb-b08f-45a9-ac25-59983fb5da84@group-470080A10795-LeaderElection7] INFO  impl.RaftServerImpl (ServerState.java:setLeader(256)) - 436ea7cb-b08f-45a9-ac25-59983fb5da84@group-470080A10795: change Leader from null to 436ea7cb-b08f-45a9-ac25-59983fb5da84 at term 2 for becomeLeader, leader elected after 2147ms
2019-10-15 21:21:23,668 [436ea7cb-b08f-45a9-ac25-59983fb5da84@group-470080A10795-LeaderElection7] INFO  server.RaftServerConfigKeys (ConfUtils.java:logGet(43)) - raft.server.staging.catchup.gap = 1000 (default)
2019-10-15 21:21:23,668 [436ea7cb-b08f-45a9-ac25-59983fb5da84@group-470080A10795-LeaderElection7] INFO  server.RaftServerConfigKeys (ConfUtils.java:logGet(43)) - raft.server.rpc.sleep.time = 25ms (default)
2019-10-15 21:21:23,668 [436ea7cb-b08f-45a9-ac25-59983fb5da84@group-470080A10795-LeaderElection7] INFO  server.RaftServerConfigKeys (ConfUtils.java:logGet(43)) - raft.server.write.element-limit = 4096 (default)
2019-10-15 21:21:23,669 [436ea7cb-b08f-45a9-ac25-59983fb5da84@group-470080A10795-LeaderElection7] INFO  server.RaftServerConfigKeys (ConfUtils.java:logGet(43)) - raft.server.watch.timeout = 10s (default)
2019-10-15 21:21:23,669 [436ea7cb-b08f-45a9-ac25-59983fb5da84@group-470080A10795-LeaderElection7] INFO  server.RaftServerConfigKeys (ConfUtils.java:logGet(43)) - raft.server.watch.timeout.denomination = 1s (default)
2019-10-15 21:21:23,669 [436ea7cb-b08f-45a9-ac25-59983fb5da84@group-470080A10795-LeaderElection7] INFO  server.RaftServerConfigKeys (ConfUtils.java:logGet(43)) - raft.server.watch.element-limit = 65536 (default)
2019-10-15 21:21:23,669 [436ea7cb-b08f-45a9-ac25-59983fb5da84@group-470080A10795-LeaderElection7] INFO  impl.RoleInfo (RoleInfo.java:updateAndGet(143)) - 436ea7cb-b08f-45a9-ac25-59983fb5da84: start LeaderState
2019-10-15 21:21:23,669 [436ea7cb-b08f-45a9-ac25-59983fb5da84@group-470080A10795-LeaderElection7] INFO  segmented.SegmentedRaftLogWorker (SegmentedRaftLogWorker.java:rollLogSegment(390)) - 436ea7cb-b08f-45a9-ac25-59983fb5da84@group-470080A10795-SegmentedRaftLogWorker: Rolling segment log-0_0 to index:0
2019-10-15 21:21:23,672 [436ea7cb-b08f-45a9-ac25-59983fb5da84@group-470080A10795-LeaderElection7] INFO  impl.RaftServerImpl (ServerState.java:setRaftConf(357)) - 436ea7cb-b08f-45a9-ac25-59983fb5da84@group-470080A10795: set configuration 1: [436ea7cb-b08f-45a9-ac25-59983fb5da84:192.168.69.102:32878], old=null at 1
2019-10-15 21:21:23,673 [436ea7cb-b08f-45a9-ac25-59983fb5da84@group-470080A10795-SegmentedRaftLogWorker] INFO  segmented.SegmentedRaftLogWorker (SegmentedRaftLogWorker.java:execute(533)) - 436ea7cb-b08f-45a9-ac25-59983fb5da84@group-470080A10795-SegmentedRaftLogWorker: Rolled log segment from /workdir/hadoop-ozone/integration-test/target/test-dir/MiniOzoneClusterImpl-7ec64718-fc6c-4bdc-a59e-2452df301b4b/datanode-2/data/ratis/72cb23c4-d0e3-473f-b325-470080a10795/current/log_inprogress_0 to /workdir/hadoop-ozone/integration-test/target/test-dir/MiniOzoneClusterImpl-7ec64718-fc6c-4bdc-a59e-2452df301b4b/datanode-2/data/ratis/72cb23c4-d0e3-473f-b325-470080a10795/current/log_0-0
2019-10-15 21:21:23,708 [pool-7-thread-1] INFO  commands.RetriableDatanodeEventWatcher (RetriableDatanodeEventWatcher.java:onTimeout(47)) - RetriableDatanodeCommand type=deleteBlocksCommand with id=1571174480708 timed out. Retrying.
2019-10-15 21:21:23,708 [pool-7-thread-3] INFO  commands.RetriableDatanodeEventWatcher (RetriableDatanodeEventWatcher.java:onTimeout(47)) - RetriableDatanodeCommand type=deleteBlocksCommand with id=1571174480707 timed out. Retrying.
2019-10-15 21:21:23,710 [pool-7-thread-2] INFO  commands.RetriableDatanodeEventWatcher (RetriableDatanodeEventWatcher.java:onTimeout(47)) - RetriableDatanodeCommand type=deleteBlocksCommand with id=1571174480709 timed out. Retrying.
2019-10-15 21:21:23,710 [SCMBlockDeletingService#1] INFO  block.SCMBlockDeletingService (SCMBlockDeletingService.java:call(184)) - Totally added 1 delete blocks command for 1 datanodes, task elapsed time: 2ms
2019-10-15 21:21:23,724 [436ea7cb-b08f-45a9-ac25-59983fb5da84@group-470080A10795-SegmentedRaftLogWorker] INFO  segmented.SegmentedRaftLogWorker (SegmentedRaftLogWorker.java:execute(576)) - 436ea7cb-b08f-45a9-ac25-59983fb5da84@group-470080A10795-SegmentedRaftLogWorker: created new log segment /workdir/hadoop-ozone/integration-test/target/test-dir/MiniOzoneClusterImpl-7ec64718-fc6c-4bdc-a59e-2452df301b4b/datanode-2/data/ratis/72cb23c4-d0e3-473f-b325-470080a10795/current/log_inprogress_1
2019-10-15 21:21:23,831 [Thread-557] INFO  impl.FollowerState (FollowerState.java:run(108)) - 436ea7cb-b08f-45a9-ac25-59983fb5da84@group-1135523AB2CE-FollowerState: change to CANDIDATE, lastRpcTime:191ms, electionTimeout:191ms
2019-10-15 21:21:23,831 [Thread-557] INFO  impl.RoleInfo (RoleInfo.java:shutdownFollowerState(121)) - 436ea7cb-b08f-45a9-ac25-59983fb5da84: shutdown FollowerState
2019-10-15 21:21:23,831 [Thread-557] INFO  impl.RaftServerImpl (RaftServerImpl.java:setRole(184)) - 436ea7cb-b08f-45a9-ac25-59983fb5da84@group-1135523AB2CE: changes role from  FOLLOWER to CANDIDATE at term 3 for changeToCandidate
2019-10-15 21:21:23,831 [Thread-557] INFO  impl.RoleInfo (RoleInfo.java:updateAndGet(143)) - 436ea7cb-b08f-45a9-ac25-59983fb5da84: start LeaderElection
2019-10-15 21:21:23,859 [436ea7cb-b08f-45a9-ac25-59983fb5da84@group-1135523AB2CE-LeaderElection8] INFO  impl.LeaderElection (LeaderElection.java:askForVotes(178)) - 436ea7cb-b08f-45a9-ac25-59983fb5da84@group-1135523AB2CE-LeaderElection8: begin an election at term 4 for 0: [436ea7cb-b08f-45a9-ac25-59983fb5da84:192.168.69.102:32878, 0eb142cf-b7a4-42cc-bedf-7b6b824b4e6a:192.168.69.102:43792, 47d72301-684e-48ba-af14-36fa0ba944f7:192.168.69.102:33903], old=null
2019-10-15 21:21:23,863 [grpc-default-executor-2] INFO  impl.RaftServerImpl (RaftServerImpl.java:setRole(184)) - 0eb142cf-b7a4-42cc-bedf-7b6b824b4e6a@group-1135523AB2CE: changes role from  FOLLOWER to FOLLOWER at term 4 for recognizeCandidate:436ea7cb-b08f-45a9-ac25-59983fb5da84
2019-10-15 21:21:23,863 [grpc-default-executor-4] INFO  impl.RaftServerImpl (RaftServerImpl.java:setRole(184)) - 47d72301-684e-48ba-af14-36fa0ba944f7@group-1135523AB2CE: changes role from  FOLLOWER to FOLLOWER at term 4 for recognizeCandidate:436ea7cb-b08f-45a9-ac25-59983fb5da84
2019-10-15 21:21:23,863 [grpc-default-executor-2] INFO  impl.RoleInfo (RoleInfo.java:shutdownFollowerState(121)) - 0eb142cf-b7a4-42cc-bedf-7b6b824b4e6a: shutdown FollowerState
2019-10-15 21:21:23,864 [grpc-default-executor-4] INFO  impl.RoleInfo (RoleInfo.java:shutdownFollowerState(121)) - 47d72301-684e-48ba-af14-36fa0ba944f7: shutdown FollowerState
2019-10-15 21:21:23,864 [Thread-553] INFO  impl.FollowerState (FollowerState.java:run(117)) - 0eb142cf-b7a4-42cc-bedf-7b6b824b4e6a@group-1135523AB2CE-FollowerState was interrupted: java.lang.InterruptedException: sleep interrupted
2019-10-15 21:21:23,864 [grpc-default-executor-2] INFO  impl.RoleInfo (RoleInfo.java:updateAndGet(143)) - 0eb142cf-b7a4-42cc-bedf-7b6b824b4e6a: start FollowerState
2019-10-15 21:21:23,864 [grpc-default-executor-4] INFO  impl.RoleInfo (RoleInfo.java:updateAndGet(143)) - 47d72301-684e-48ba-af14-36fa0ba944f7: start FollowerState
2019-10-15 21:21:23,864 [Thread-555] INFO  impl.FollowerState (FollowerState.java:run(117)) - 47d72301-684e-48ba-af14-36fa0ba944f7@group-1135523AB2CE-FollowerState was interrupted: java.lang.InterruptedException: sleep interrupted
2019-10-15 21:21:23,873 [BlockDeletingService#2] WARN  background.BlockDeletingService (BlockDeletingService.java:isDeletionAllowed(187)) - Close Container log Index 6 is not replicated across allthe servers in the pipeline 2edbc878-18e2-43a0-b08d-1135523ab2ce as the min replicated index is 4. Deletion is not allowed in this container yet.
2019-10-15 21:21:23,873 [BlockDeletingService#2] WARN  background.BlockDeletingService (BlockDeletingService.java:isDeletionAllowed(187)) - Close Container log Index 6 is not replicated across allthe servers in the pipeline 2edbc878-18e2-43a0-b08d-1135523ab2ce as the min replicated index is 4. Deletion is not allowed in this container yet.
2019-10-15 21:21:23,882 [436ea7cb-b08f-45a9-ac25-59983fb5da84@group-1135523AB2CE-LeaderElection8] INFO  impl.LeaderElection (LeaderElection.java:logAndReturn(56)) - 436ea7cb-b08f-45a9-ac25-59983fb5da84@group-1135523AB2CE-LeaderElection8: Election REJECTED; received 2 response(s) [436ea7cb-b08f-45a9-ac25-59983fb5da84<-0eb142cf-b7a4-42cc-bedf-7b6b824b4e6a#0:FAIL-t4, 436ea7cb-b08f-45a9-ac25-59983fb5da84<-47d72301-684e-48ba-af14-36fa0ba944f7#0:FAIL-t4] and 0 exception(s); 436ea7cb-b08f-45a9-ac25-59983fb5da84@group-1135523AB2CE:t4, leader=null, voted=436ea7cb-b08f-45a9-ac25-59983fb5da84, raftlog=436ea7cb-b08f-45a9-ac25-59983fb5da84@group-1135523AB2CE-SegmentedRaftLog:OPENED:c3,f4,i4, conf=0: [436ea7cb-b08f-45a9-ac25-59983fb5da84:192.168.69.102:32878, 0eb142cf-b7a4-42cc-bedf-7b6b824b4e6a:192.168.69.102:43792, 47d72301-684e-48ba-af14-36fa0ba944f7:192.168.69.102:33903], old=null
2019-10-15 21:21:23,882 [436ea7cb-b08f-45a9-ac25-59983fb5da84@group-1135523AB2CE-LeaderElection8] INFO  impl.RaftServerImpl (RaftServerImpl.java:setRole(184)) - 436ea7cb-b08f-45a9-ac25-59983fb5da84@group-1135523AB2CE: changes role from CANDIDATE to FOLLOWER at term 4 for DISCOVERED_A_NEW_TERM
2019-10-15 21:21:23,883 [436ea7cb-b08f-45a9-ac25-59983fb5da84@group-1135523AB2CE-LeaderElection8] INFO  impl.RoleInfo (RoleInfo.java:shutdownLeaderElection(134)) - 436ea7cb-b08f-45a9-ac25-59983fb5da84: shutdown LeaderElection
2019-10-15 21:21:23,883 [436ea7cb-b08f-45a9-ac25-59983fb5da84@group-1135523AB2CE-LeaderElection8] INFO  impl.RoleInfo (RoleInfo.java:updateAndGet(143)) - 436ea7cb-b08f-45a9-ac25-59983fb5da84: start FollowerState
2019-10-15 21:21:24,083 [Thread-566] INFO  impl.FollowerState (FollowerState.java:run(108)) - 436ea7cb-b08f-45a9-ac25-59983fb5da84@group-1135523AB2CE-FollowerState: change to CANDIDATE, lastRpcTime:199ms, electionTimeout:199ms
2019-10-15 21:21:24,084 [Thread-566] INFO  impl.RoleInfo (RoleInfo.java:shutdownFollowerState(121)) - 436ea7cb-b08f-45a9-ac25-59983fb5da84: shutdown FollowerState
2019-10-15 21:21:24,084 [Thread-566] INFO  impl.RaftServerImpl (RaftServerImpl.java:setRole(184)) - 436ea7cb-b08f-45a9-ac25-59983fb5da84@group-1135523AB2CE: changes role from  FOLLOWER to CANDIDATE at term 4 for changeToCandidate
2019-10-15 21:21:24,085 [Thread-566] INFO  impl.RoleInfo (RoleInfo.java:updateAndGet(143)) - 436ea7cb-b08f-45a9-ac25-59983fb5da84: start LeaderElection
2019-10-15 21:21:24,098 [436ea7cb-b08f-45a9-ac25-59983fb5da84@group-1135523AB2CE-LeaderElection9] INFO  impl.LeaderElection (LeaderElection.java:askForVotes(178)) - 436ea7cb-b08f-45a9-ac25-59983fb5da84@group-1135523AB2CE-LeaderElection9: begin an election at term 5 for 0: [436ea7cb-b08f-45a9-ac25-59983fb5da84:192.168.69.102:32878, 0eb142cf-b7a4-42cc-bedf-7b6b824b4e6a:192.168.69.102:43792, 47d72301-684e-48ba-af14-36fa0ba944f7:192.168.69.102:33903], old=null
2019-10-15 21:21:24,101 [grpc-default-executor-4] INFO  impl.RaftServerImpl (RaftServerImpl.java:setRole(184)) - 47d72301-684e-48ba-af14-36fa0ba944f7@group-1135523AB2CE: changes role from  FOLLOWER to FOLLOWER at term 5 for recognizeCandidate:436ea7cb-b08f-45a9-ac25-59983fb5da84
2019-10-15 21:21:24,101 [grpc-default-executor-2] INFO  impl.RaftServerImpl (RaftServerImpl.java:setRole(184)) - 0eb142cf-b7a4-42cc-bedf-7b6b824b4e6a@group-1135523AB2CE: changes role from  FOLLOWER to FOLLOWER at term 5 for recognizeCandidate:436ea7cb-b08f-45a9-ac25-59983fb5da84
2019-10-15 21:21:24,101 [grpc-default-executor-4] INFO  impl.RoleInfo (RoleInfo.java:shutdownFollowerState(121)) - 47d72301-684e-48ba-af14-36fa0ba944f7: shutdown FollowerState
2019-10-15 21:21:24,102 [grpc-default-executor-2] INFO  impl.RoleInfo (RoleInfo.java:shutdownFollowerState(121)) - 0eb142cf-b7a4-42cc-bedf-7b6b824b4e6a: shutdown FollowerState
2019-10-15 21:21:24,102 [grpc-default-executor-4] INFO  impl.RoleInfo (RoleInfo.java:updateAndGet(143)) - 47d72301-684e-48ba-af14-36fa0ba944f7: start FollowerState
2019-10-15 21:21:24,102 [Thread-563] INFO  impl.FollowerState (FollowerState.java:run(117)) - 47d72301-684e-48ba-af14-36fa0ba944f7@group-1135523AB2CE-FollowerState was interrupted: java.lang.InterruptedException: sleep interrupted
2019-10-15 21:21:24,102 [Thread-562] INFO  impl.FollowerState (FollowerState.java:run(117)) - 0eb142cf-b7a4-42cc-bedf-7b6b824b4e6a@group-1135523AB2CE-FollowerState was interrupted: java.lang.InterruptedException: sleep interrupted
2019-10-15 21:21:24,102 [grpc-default-executor-2] INFO  impl.RoleInfo (RoleInfo.java:updateAndGet(143)) - 0eb142cf-b7a4-42cc-bedf-7b6b824b4e6a: start FollowerState
2019-10-15 21:21:24,119 [436ea7cb-b08f-45a9-ac25-59983fb5da84@group-1135523AB2CE-LeaderElection9] INFO  impl.LeaderElection (LeaderElection.java:logAndReturn(56)) - 436ea7cb-b08f-45a9-ac25-59983fb5da84@group-1135523AB2CE-LeaderElection9: Election REJECTED; received 2 response(s) [436ea7cb-b08f-45a9-ac25-59983fb5da84<-0eb142cf-b7a4-42cc-bedf-7b6b824b4e6a#0:FAIL-t5, 436ea7cb-b08f-45a9-ac25-59983fb5da84<-47d72301-684e-48ba-af14-36fa0ba944f7#0:FAIL-t5] and 0 exception(s); 436ea7cb-b08f-45a9-ac25-59983fb5da84@group-1135523AB2CE:t5, leader=null, voted=436ea7cb-b08f-45a9-ac25-59983fb5da84, raftlog=436ea7cb-b08f-45a9-ac25-59983fb5da84@group-1135523AB2CE-SegmentedRaftLog:OPENED:c3,f4,i4, conf=0: [436ea7cb-b08f-45a9-ac25-59983fb5da84:192.168.69.102:32878, 0eb142cf-b7a4-42cc-bedf-7b6b824b4e6a:192.168.69.102:43792, 47d72301-684e-48ba-af14-36fa0ba944f7:192.168.69.102:33903], old=null
2019-10-15 21:21:24,119 [436ea7cb-b08f-45a9-ac25-59983fb5da84@group-1135523AB2CE-LeaderElection9] INFO  impl.RaftServerImpl (RaftServerImpl.java:setRole(184)) - 436ea7cb-b08f-45a9-ac25-59983fb5da84@group-1135523AB2CE: changes role from CANDIDATE to FOLLOWER at term 5 for DISCOVERED_A_NEW_TERM
2019-10-15 21:21:24,121 [436ea7cb-b08f-45a9-ac25-59983fb5da84@group-1135523AB2CE-LeaderElection9] INFO  impl.RoleInfo (RoleInfo.java:shutdownLeaderElection(134)) - 436ea7cb-b08f-45a9-ac25-59983fb5da84: shutdown LeaderElection
2019-10-15 21:21:24,122 [436ea7cb-b08f-45a9-ac25-59983fb5da84@group-1135523AB2CE-LeaderElection9] INFO  impl.RoleInfo (RoleInfo.java:updateAndGet(143)) - 436ea7cb-b08f-45a9-ac25-59983fb5da84: start FollowerState
2019-10-15 21:21:24,313 [Thread-572] INFO  impl.FollowerState (FollowerState.java:run(108)) - 436ea7cb-b08f-45a9-ac25-59983fb5da84@group-1135523AB2CE-FollowerState: change to CANDIDATE, lastRpcTime:191ms, electionTimeout:191ms
2019-10-15 21:21:24,314 [Thread-572] INFO  impl.RoleInfo (RoleInfo.java:shutdownFollowerState(121)) - 436ea7cb-b08f-45a9-ac25-59983fb5da84: shutdown FollowerState
2019-10-15 21:21:24,314 [Thread-572] INFO  impl.RaftServerImpl (RaftServerImpl.java:setRole(184)) - 436ea7cb-b08f-45a9-ac25-59983fb5da84@group-1135523AB2CE: changes role from  FOLLOWER to CANDIDATE at term 5 for changeToCandidate
2019-10-15 21:21:24,314 [Thread-572] INFO  impl.RoleInfo (RoleInfo.java:updateAndGet(143)) - 436ea7cb-b08f-45a9-ac25-59983fb5da84: start LeaderElection
2019-10-15 21:21:24,339 [436ea7cb-b08f-45a9-ac25-59983fb5da84@group-1135523AB2CE-LeaderElection10] INFO  impl.LeaderElection (LeaderElection.java:askForVotes(178)) - 436ea7cb-b08f-45a9-ac25-59983fb5da84@group-1135523AB2CE-LeaderElection10: begin an election at term 6 for 0: [436ea7cb-b08f-45a9-ac25-59983fb5da84:192.168.69.102:32878, 0eb142cf-b7a4-42cc-bedf-7b6b824b4e6a:192.168.69.102:43792, 47d72301-684e-48ba-af14-36fa0ba944f7:192.168.69.102:33903], old=null
2019-10-15 21:21:24,343 [grpc-default-executor-4] INFO  impl.RaftServerImpl (RaftServerImpl.java:setRole(184)) - 0eb142cf-b7a4-42cc-bedf-7b6b824b4e6a@group-1135523AB2CE: changes role from  FOLLOWER to FOLLOWER at term 6 for recognizeCandidate:436ea7cb-b08f-45a9-ac25-59983fb5da84
2019-10-15 21:21:24,343 [grpc-default-executor-4] INFO  impl.RoleInfo (RoleInfo.java:shutdownFollowerState(121)) - 0eb142cf-b7a4-42cc-bedf-7b6b824b4e6a: shutdown FollowerState
2019-10-15 21:21:24,344 [Thread-571] INFO  impl.FollowerState (FollowerState.java:run(117)) - 0eb142cf-b7a4-42cc-bedf-7b6b824b4e6a@group-1135523AB2CE-FollowerState was interrupted: java.lang.InterruptedException: sleep interrupted
2019-10-15 21:21:24,344 [grpc-default-executor-4] INFO  impl.RoleInfo (RoleInfo.java:updateAndGet(143)) - 0eb142cf-b7a4-42cc-bedf-7b6b824b4e6a: start FollowerState
2019-10-15 21:21:24,344 [grpc-default-executor-2] INFO  impl.RaftServerImpl (RaftServerImpl.java:setRole(184)) - 47d72301-684e-48ba-af14-36fa0ba944f7@group-1135523AB2CE: changes role from  FOLLOWER to FOLLOWER at term 6 for recognizeCandidate:436ea7cb-b08f-45a9-ac25-59983fb5da84
2019-10-15 21:21:24,347 [grpc-default-executor-2] INFO  impl.RoleInfo (RoleInfo.java:shutdownFollowerState(121)) - 47d72301-684e-48ba-af14-36fa0ba944f7: shutdown FollowerState
2019-10-15 21:21:24,347 [Thread-570] INFO  impl.FollowerState (FollowerState.java:run(117)) - 47d72301-684e-48ba-af14-36fa0ba944f7@group-1135523AB2CE-FollowerState was interrupted: java.lang.InterruptedException: sleep interrupted
2019-10-15 21:21:24,347 [grpc-default-executor-2] INFO  impl.RoleInfo (RoleInfo.java:updateAndGet(143)) - 47d72301-684e-48ba-af14-36fa0ba944f7: start FollowerState
2019-10-15 21:21:24,363 [436ea7cb-b08f-45a9-ac25-59983fb5da84@group-1135523AB2CE-LeaderElection10] INFO  impl.LeaderElection (LeaderElection.java:logAndReturn(56)) - 436ea7cb-b08f-45a9-ac25-59983fb5da84@group-1135523AB2CE-LeaderElection10: Election REJECTED; received 2 response(s) [436ea7cb-b08f-45a9-ac25-59983fb5da84<-0eb142cf-b7a4-42cc-bedf-7b6b824b4e6a#0:FAIL-t6, 436ea7cb-b08f-45a9-ac25-59983fb5da84<-47d72301-684e-48ba-af14-36fa0ba944f7#0:FAIL-t6] and 0 exception(s); 436ea7cb-b08f-45a9-ac25-59983fb5da84@group-1135523AB2CE:t6, leader=null, voted=436ea7cb-b08f-45a9-ac25-59983fb5da84, raftlog=436ea7cb-b08f-45a9-ac25-59983fb5da84@group-1135523AB2CE-SegmentedRaftLog:OPENED:c3,f4,i4, conf=0: [436ea7cb-b08f-45a9-ac25-59983fb5da84:192.168.69.102:32878, 0eb142cf-b7a4-42cc-bedf-7b6b824b4e6a:192.168.69.102:43792, 47d72301-684e-48ba-af14-36fa0ba944f7:192.168.69.102:33903], old=null
2019-10-15 21:21:24,363 [436ea7cb-b08f-45a9-ac25-59983fb5da84@group-1135523AB2CE-LeaderElection10] INFO  impl.RaftServerImpl (RaftServerImpl.java:setRole(184)) - 436ea7cb-b08f-45a9-ac25-59983fb5da84@group-1135523AB2CE: changes role from CANDIDATE to FOLLOWER at term 6 for DISCOVERED_A_NEW_TERM
2019-10-15 21:21:24,364 [436ea7cb-b08f-45a9-ac25-59983fb5da84@group-1135523AB2CE-LeaderElection10] INFO  impl.RoleInfo (RoleInfo.java:shutdownLeaderElection(134)) - 436ea7cb-b08f-45a9-ac25-59983fb5da84: shutdown LeaderElection
2019-10-15 21:21:24,364 [436ea7cb-b08f-45a9-ac25-59983fb5da84@group-1135523AB2CE-LeaderElection10] INFO  impl.RoleInfo (RoleInfo.java:updateAndGet(143)) - 436ea7cb-b08f-45a9-ac25-59983fb5da84: start FollowerState
2019-10-15 21:21:24,387 [Thread-578] INFO  impl.FollowerState (FollowerState.java:run(108)) - 436ea7cb-b08f-45a9-ac25-59983fb5da84@group-1135523AB2CE-FollowerState: change to CANDIDATE, lastRpcTime:23ms, electionTimeout:22ms
2019-10-15 21:21:24,388 [Thread-578] INFO  impl.RoleInfo (RoleInfo.java:shutdownFollowerState(121)) - 436ea7cb-b08f-45a9-ac25-59983fb5da84: shutdown FollowerState
2019-10-15 21:21:24,388 [Thread-578] INFO  impl.RaftServerImpl (RaftServerImpl.java:setRole(184)) - 436ea7cb-b08f-45a9-ac25-59983fb5da84@group-1135523AB2CE: changes role from  FOLLOWER to CANDIDATE at term 6 for changeToCandidate
2019-10-15 21:21:24,389 [Thread-578] INFO  impl.RoleInfo (RoleInfo.java:updateAndGet(143)) - 436ea7cb-b08f-45a9-ac25-59983fb5da84: start LeaderElection
2019-10-15 21:21:24,416 [436ea7cb-b08f-45a9-ac25-59983fb5da84@group-1135523AB2CE-LeaderElection11] INFO  impl.LeaderElection (LeaderElection.java:askForVotes(178)) - 436ea7cb-b08f-45a9-ac25-59983fb5da84@group-1135523AB2CE-LeaderElection11: begin an election at term 7 for 0: [436ea7cb-b08f-45a9-ac25-59983fb5da84:192.168.69.102:32878, 0eb142cf-b7a4-42cc-bedf-7b6b824b4e6a:192.168.69.102:43792, 47d72301-684e-48ba-af14-36fa0ba944f7:192.168.69.102:33903], old=null
2019-10-15 21:21:24,420 [grpc-default-executor-4] INFO  impl.RaftServerImpl (RaftServerImpl.java:setRole(184)) - 47d72301-684e-48ba-af14-36fa0ba944f7@group-1135523AB2CE: changes role from  FOLLOWER to FOLLOWER at term 7 for recognizeCandidate:436ea7cb-b08f-45a9-ac25-59983fb5da84
2019-10-15 21:21:24,420 [grpc-default-executor-4] INFO  impl.RoleInfo (RoleInfo.java:shutdownFollowerState(121)) - 47d72301-684e-48ba-af14-36fa0ba944f7: shutdown FollowerState
2019-10-15 21:21:24,420 [grpc-default-executor-2] INFO  impl.RaftServerImpl (RaftServerImpl.java:setRole(184)) - 0eb142cf-b7a4-42cc-bedf-7b6b824b4e6a@group-1135523AB2CE: changes role from  FOLLOWER to FOLLOWER at term 7 for recognizeCandidate:436ea7cb-b08f-45a9-ac25-59983fb5da84
2019-10-15 21:21:24,420 [grpc-default-executor-4] INFO  impl.RoleInfo (RoleInfo.java:updateAndGet(143)) - 47d72301-684e-48ba-af14-36fa0ba944f7: start FollowerState
2019-10-15 21:21:24,420 [Thread-577] INFO  impl.FollowerState (FollowerState.java:run(117)) - 47d72301-684e-48ba-af14-36fa0ba944f7@group-1135523AB2CE-FollowerState was interrupted: java.lang.InterruptedException: sleep interrupted
2019-10-15 21:21:24,420 [grpc-default-executor-2] INFO  impl.RoleInfo (RoleInfo.java:shutdownFollowerState(121)) - 0eb142cf-b7a4-42cc-bedf-7b6b824b4e6a: shutdown FollowerState
2019-10-15 21:21:24,421 [Thread-576] INFO  impl.FollowerState (FollowerState.java:run(117)) - 0eb142cf-b7a4-42cc-bedf-7b6b824b4e6a@group-1135523AB2CE-FollowerState was interrupted: java.lang.InterruptedException: sleep interrupted
2019-10-15 21:21:24,421 [grpc-default-executor-2] INFO  impl.RoleInfo (RoleInfo.java:updateAndGet(143)) - 0eb142cf-b7a4-42cc-bedf-7b6b824b4e6a: start FollowerState
2019-10-15 21:21:24,495 [436ea7cb-b08f-45a9-ac25-59983fb5da84@group-1135523AB2CE-LeaderElection11] INFO  impl.LeaderElection (LeaderElection.java:logAndReturn(56)) - 436ea7cb-b08f-45a9-ac25-59983fb5da84@group-1135523AB2CE-LeaderElection11: Election TIMEOUT; received 0 response(s) [] and 0 exception(s); 436ea7cb-b08f-45a9-ac25-59983fb5da84@group-1135523AB2CE:t7, leader=null, voted=436ea7cb-b08f-45a9-ac25-59983fb5da84, raftlog=436ea7cb-b08f-45a9-ac25-59983fb5da84@group-1135523AB2CE-SegmentedRaftLog:OPENED:c3,f4,i4, conf=0: [436ea7cb-b08f-45a9-ac25-59983fb5da84:192.168.69.102:32878, 0eb142cf-b7a4-42cc-bedf-7b6b824b4e6a:192.168.69.102:43792, 47d72301-684e-48ba-af14-36fa0ba944f7:192.168.69.102:33903], old=null
2019-10-15 21:21:24,510 [436ea7cb-b08f-45a9-ac25-59983fb5da84@group-1135523AB2CE-LeaderElection11] INFO  impl.LeaderElection (LeaderElection.java:askForVotes(178)) - 436ea7cb-b08f-45a9-ac25-59983fb5da84@group-1135523AB2CE-LeaderElection11: begin an election at term 8 for 0: [436ea7cb-b08f-45a9-ac25-59983fb5da84:192.168.69.102:32878, 0eb142cf-b7a4-42cc-bedf-7b6b824b4e6a:192.168.69.102:43792, 47d72301-684e-48ba-af14-36fa0ba944f7:192.168.69.102:33903], old=null
2019-10-15 21:21:24,517 [grpc-default-executor-2] INFO  impl.RaftServerImpl (RaftServerImpl.java:setRole(184)) - 47d72301-684e-48ba-af14-36fa0ba944f7@group-1135523AB2CE: changes role from  FOLLOWER to FOLLOWER at term 8 for recognizeCandidate:436ea7cb-b08f-45a9-ac25-59983fb5da84
2019-10-15 21:21:24,517 [grpc-default-executor-4] INFO  impl.RaftServerImpl (RaftServerImpl.java:setRole(184)) - 0eb142cf-b7a4-42cc-bedf-7b6b824b4e6a@group-1135523AB2CE: changes role from  FOLLOWER to FOLLOWER at term 8 for recognizeCandidate:436ea7cb-b08f-45a9-ac25-59983fb5da84
2019-10-15 21:21:24,518 [grpc-default-executor-2] INFO  impl.RoleInfo (RoleInfo.java:shutdownFollowerState(121)) - 47d72301-684e-48ba-af14-36fa0ba944f7: shutdown FollowerState
2019-10-15 21:21:24,518 [grpc-default-executor-4] INFO  impl.RoleInfo (RoleInfo.java:shutdownFollowerState(121)) - 0eb142cf-b7a4-42cc-bedf-7b6b824b4e6a: shutdown FollowerState
2019-10-15 21:21:24,518 [grpc-default-executor-2] INFO  impl.RoleInfo (RoleInfo.java:updateAndGet(143)) - 47d72301-684e-48ba-af14-36fa0ba944f7: start FollowerState
2019-10-15 21:21:24,518 [Thread-582] INFO  impl.FollowerState (FollowerState.java:run(117)) - 47d72301-684e-48ba-af14-36fa0ba944f7@group-1135523AB2CE-FollowerState was interrupted: java.lang.InterruptedException: sleep interrupted
2019-10-15 21:21:24,518 [grpc-default-executor-4] INFO  impl.RoleInfo (RoleInfo.java:updateAndGet(143)) - 0eb142cf-b7a4-42cc-bedf-7b6b824b4e6a: start FollowerState
2019-10-15 21:21:24,518 [Thread-583] INFO  impl.FollowerState (FollowerState.java:run(117)) - 0eb142cf-b7a4-42cc-bedf-7b6b824b4e6a@group-1135523AB2CE-FollowerState was interrupted: java.lang.InterruptedException: sleep interrupted
2019-10-15 21:21:24,541 [436ea7cb-b08f-45a9-ac25-59983fb5da84@group-1135523AB2CE-LeaderElection11] INFO  impl.LeaderElection (LeaderElection.java:logAndReturn(56)) - 436ea7cb-b08f-45a9-ac25-59983fb5da84@group-1135523AB2CE-LeaderElection11: Election REJECTED; received 2 response(s) [436ea7cb-b08f-45a9-ac25-59983fb5da84<-0eb142cf-b7a4-42cc-bedf-7b6b824b4e6a#0:FAIL-t8, 436ea7cb-b08f-45a9-ac25-59983fb5da84<-47d72301-684e-48ba-af14-36fa0ba944f7#0:FAIL-t8] and 0 exception(s); 436ea7cb-b08f-45a9-ac25-59983fb5da84@group-1135523AB2CE:t8, leader=null, voted=436ea7cb-b08f-45a9-ac25-59983fb5da84, raftlog=436ea7cb-b08f-45a9-ac25-59983fb5da84@group-1135523AB2CE-SegmentedRaftLog:OPENED:c3,f4,i4, conf=0: [436ea7cb-b08f-45a9-ac25-59983fb5da84:192.168.69.102:32878, 0eb142cf-b7a4-42cc-bedf-7b6b824b4e6a:192.168.69.102:43792, 47d72301-684e-48ba-af14-36fa0ba944f7:192.168.69.102:33903], old=null
2019-10-15 21:21:24,541 [436ea7cb-b08f-45a9-ac25-59983fb5da84@group-1135523AB2CE-LeaderElection11] INFO  impl.RaftServerImpl (RaftServerImpl.java:setRole(184)) - 436ea7cb-b08f-45a9-ac25-59983fb5da84@group-1135523AB2CE: changes role from CANDIDATE to FOLLOWER at term 8 for DISCOVERED_A_NEW_TERM
2019-10-15 21:21:24,543 [436ea7cb-b08f-45a9-ac25-59983fb5da84@group-1135523AB2CE-LeaderElection11] INFO  impl.RoleInfo (RoleInfo.java:shutdownLeaderElection(134)) - 436ea7cb-b08f-45a9-ac25-59983fb5da84: shutdown LeaderElection
2019-10-15 21:21:24,543 [436ea7cb-b08f-45a9-ac25-59983fb5da84@group-1135523AB2CE-LeaderElection11] INFO  impl.RoleInfo (RoleInfo.java:updateAndGet(143)) - 436ea7cb-b08f-45a9-ac25-59983fb5da84: start FollowerState
2019-10-15 21:21:24,585 [Thread-589] INFO  impl.FollowerState (FollowerState.java:run(108)) - 436ea7cb-b08f-45a9-ac25-59983fb5da84@group-1135523AB2CE-FollowerState: change to CANDIDATE, lastRpcTime:41ms, electionTimeout:41ms
2019-10-15 21:21:24,586 [Thread-589] INFO  impl.RoleInfo (RoleInfo.java:shutdownFollowerState(121)) - 436ea7cb-b08f-45a9-ac25-59983fb5da84: shutdown FollowerState
2019-10-15 21:21:24,586 [Thread-589] INFO  impl.RaftServerImpl (RaftServerImpl.java:setRole(184)) - 436ea7cb-b08f-45a9-ac25-59983fb5da84@group-1135523AB2CE: changes role from  FOLLOWER to CANDIDATE at term 8 for changeToCandidate
2019-10-15 21:21:24,586 [Thread-589] INFO  impl.RoleInfo (RoleInfo.java:updateAndGet(143)) - 436ea7cb-b08f-45a9-ac25-59983fb5da84: start LeaderElection
2019-10-15 21:21:24,594 [Thread-592] INFO  client.GrpcClientProtocolService (GrpcClientProtocolService.java:lambda$processClientRequest$0(278)) - Failed RaftClientRequest:client-E312EE24CE89->0eb142cf-b7a4-42cc-bedf-7b6b824b4e6a@group-1135523AB2CE, cid=10, seq=0, Watch-ALL_COMMITTED(6), Message:<EMPTY>, reply=RaftClientReply:client-E312EE24CE89->0eb142cf-b7a4-42cc-bedf-7b6b824b4e6a@group-1135523AB2CE, cid=10, FAILED org.apache.ratis.protocol.NotLeaderException: Server 0eb142cf-b7a4-42cc-bedf-7b6b824b4e6a@group-1135523AB2CE is not the leader, logIndex=0, commits[0eb142cf-b7a4-42cc-bedf-7b6b824b4e6a:c10, 436ea7cb-b08f-45a9-ac25-59983fb5da84:c4, 47d72301-684e-48ba-af14-36fa0ba944f7:c10]
2019-10-15 21:21:24,621 [436ea7cb-b08f-45a9-ac25-59983fb5da84@group-1135523AB2CE-LeaderElection12] INFO  impl.LeaderElection (LeaderElection.java:askForVotes(178)) - 436ea7cb-b08f-45a9-ac25-59983fb5da84@group-1135523AB2CE-LeaderElection12: begin an election at term 9 for 0: [436ea7cb-b08f-45a9-ac25-59983fb5da84:192.168.69.102:32878, 0eb142cf-b7a4-42cc-bedf-7b6b824b4e6a:192.168.69.102:43792, 47d72301-684e-48ba-af14-36fa0ba944f7:192.168.69.102:33903], old=null
2019-10-15 21:21:24,624 [grpc-default-executor-4] INFO  impl.RaftServerImpl (RaftServerImpl.java:setRole(184)) - 47d72301-684e-48ba-af14-36fa0ba944f7@group-1135523AB2CE: changes role from  FOLLOWER to FOLLOWER at term 9 for recognizeCandidate:436ea7cb-b08f-45a9-ac25-59983fb5da84
2019-10-15 21:21:24,624 [grpc-default-executor-2] INFO  impl.RaftServerImpl (RaftServerImpl.java:setRole(184)) - 0eb142cf-b7a4-42cc-bedf-7b6b824b4e6a@group-1135523AB2CE: changes role from  FOLLOWER to FOLLOWER at term 9 for recognizeCandidate:436ea7cb-b08f-45a9-ac25-59983fb5da84
2019-10-15 21:21:24,625 [grpc-default-executor-4] INFO  impl.RoleInfo (RoleInfo.java:shutdownFollowerState(121)) - 47d72301-684e-48ba-af14-36fa0ba944f7: shutdown FollowerState
2019-10-15 21:21:24,625 [grpc-default-executor-2] INFO  impl.RoleInfo (RoleInfo.java:shutdownFollowerState(121)) - 0eb142cf-b7a4-42cc-bedf-7b6b824b4e6a: shutdown FollowerState
2019-10-15 21:21:24,626 [Thread-586] INFO  impl.FollowerState (FollowerState.java:run(117)) - 47d72301-684e-48ba-af14-36fa0ba944f7@group-1135523AB2CE-FollowerState was interrupted: java.lang.InterruptedException: sleep interrupted
2019-10-15 21:21:24,626 [grpc-default-executor-2] INFO  impl.RoleInfo (RoleInfo.java:updateAndGet(143)) - 0eb142cf-b7a4-42cc-bedf-7b6b824b4e6a: start FollowerState
2019-10-15 21:21:24,626 [grpc-default-executor-4] INFO  impl.RoleInfo (RoleInfo.java:updateAndGet(143)) - 47d72301-684e-48ba-af14-36fa0ba944f7: start FollowerState
2019-10-15 21:21:24,626 [Thread-587] INFO  impl.FollowerState (FollowerState.java:run(117)) - 0eb142cf-b7a4-42cc-bedf-7b6b824b4e6a@group-1135523AB2CE-FollowerState was interrupted: java.lang.InterruptedException: sleep interrupted
2019-10-15 21:21:24,643 [436ea7cb-b08f-45a9-ac25-59983fb5da84@group-1135523AB2CE-LeaderElection12] INFO  impl.LeaderElection (LeaderElection.java:logAndReturn(56)) - 436ea7cb-b08f-45a9-ac25-59983fb5da84@group-1135523AB2CE-LeaderElection12: Election REJECTED; received 2 response(s) [436ea7cb-b08f-45a9-ac25-59983fb5da84<-0eb142cf-b7a4-42cc-bedf-7b6b824b4e6a#0:FAIL-t9, 436ea7cb-b08f-45a9-ac25-59983fb5da84<-47d72301-684e-48ba-af14-36fa0ba944f7#0:FAIL-t9] and 0 exception(s); 436ea7cb-b08f-45a9-ac25-59983fb5da84@group-1135523AB2CE:t9, leader=null, voted=436ea7cb-b08f-45a9-ac25-59983fb5da84, raftlog=436ea7cb-b08f-45a9-ac25-59983fb5da84@group-1135523AB2CE-SegmentedRaftLog:OPENED:c3,f4,i4, conf=0: [436ea7cb-b08f-45a9-ac25-59983fb5da84:192.168.69.102:32878, 0eb142cf-b7a4-42cc-bedf-7b6b824b4e6a:192.168.69.102:43792, 47d72301-684e-48ba-af14-36fa0ba944f7:192.168.69.102:33903], old=null
2019-10-15 21:21:24,643 [436ea7cb-b08f-45a9-ac25-59983fb5da84@group-1135523AB2CE-LeaderElection12] INFO  impl.RaftServerImpl (RaftServerImpl.java:setRole(184)) - 436ea7cb-b08f-45a9-ac25-59983fb5da84@group-1135523AB2CE: changes role from CANDIDATE to FOLLOWER at term 9 for DISCOVERED_A_NEW_TERM
2019-10-15 21:21:24,644 [436ea7cb-b08f-45a9-ac25-59983fb5da84@group-1135523AB2CE-LeaderElection12] INFO  impl.RoleInfo (RoleInfo.java:shutdownLeaderElection(134)) - 436ea7cb-b08f-45a9-ac25-59983fb5da84: shutdown LeaderElection
2019-10-15 21:21:24,644 [436ea7cb-b08f-45a9-ac25-59983fb5da84@group-1135523AB2CE-LeaderElection12] INFO  impl.RoleInfo (RoleInfo.java:updateAndGet(143)) - 436ea7cb-b08f-45a9-ac25-59983fb5da84: start FollowerState
2019-10-15 21:21:24,710 [pool-7-thread-3] INFO  commands.RetriableDatanodeEventWatcher (RetriableDatanodeEventWatcher.java:onTimeout(47)) - RetriableDatanodeCommand type=deleteBlocksCommand with id=1571174480708 timed out. Retrying.
2019-10-15 21:21:24,712 [pool-7-thread-4] INFO  commands.RetriableDatanodeEventWatcher (RetriableDatanodeEventWatcher.java:onTimeout(47)) - RetriableDatanodeCommand type=deleteBlocksCommand with id=1571174480707 timed out. Retrying.
2019-10-15 21:21:24,713 [pool-7-thread-1] INFO  commands.RetriableDatanodeEventWatcher (RetriableDatanodeEventWatcher.java:onTimeout(47)) - RetriableDatanodeCommand type=deleteBlocksCommand with id=1571174480709 timed out. Retrying.
2019-10-15 21:21:24,713 [SCMBlockDeletingService#1] INFO  block.SCMBlockDeletingService (SCMBlockDeletingService.java:call(184)) - Totally added 1 delete blocks command for 1 datanodes, task elapsed time: 2ms
2019-10-15 21:21:24,713 [pool-7-thread-2] INFO  commands.RetriableDatanodeEventWatcher (RetriableDatanodeEventWatcher.java:onTimeout(47)) - RetriableDatanodeCommand type=deleteBlocksCommand with id=1571174480710 timed out. Retrying.
2019-10-15 21:21:24,745 [Thread-598] INFO  impl.FollowerState (FollowerState.java:run(108)) - 436ea7cb-b08f-45a9-ac25-59983fb5da84@group-1135523AB2CE-FollowerState: change to CANDIDATE, lastRpcTime:101ms, electionTimeout:100ms
2019-10-15 21:21:24,746 [Thread-598] INFO  impl.RoleInfo (RoleInfo.java:shutdownFollowerState(121)) - 436ea7cb-b08f-45a9-ac25-59983fb5da84: shutdown FollowerState
2019-10-15 21:21:24,746 [Thread-598] INFO  impl.RaftServerImpl (RaftServerImpl.java:setRole(184)) - 436ea7cb-b08f-45a9-ac25-59983fb5da84@group-1135523AB2CE: changes role from  FOLLOWER to CANDIDATE at term 9 for changeToCandidate
2019-10-15 21:21:24,746 [Thread-598] INFO  impl.RoleInfo (RoleInfo.java:updateAndGet(143)) - 436ea7cb-b08f-45a9-ac25-59983fb5da84: start LeaderElection
2019-10-15 21:21:24,755 [436ea7cb-b08f-45a9-ac25-59983fb5da84@group-1135523AB2CE-LeaderElection13] INFO  impl.LeaderElection (LeaderElection.java:askForVotes(178)) - 436ea7cb-b08f-45a9-ac25-59983fb5da84@group-1135523AB2CE-LeaderElection13: begin an election at term 10 for 0: [436ea7cb-b08f-45a9-ac25-59983fb5da84:192.168.69.102:32878, 0eb142cf-b7a4-42cc-bedf-7b6b824b4e6a:192.168.69.102:43792, 47d72301-684e-48ba-af14-36fa0ba944f7:192.168.69.102:33903], old=null
2019-10-15 21:21:24,760 [grpc-default-executor-6] INFO  impl.RaftServerImpl (RaftServerImpl.java:setRole(184)) - 47d72301-684e-48ba-af14-36fa0ba944f7@group-1135523AB2CE: changes role from  FOLLOWER to FOLLOWER at term 10 for recognizeCandidate:436ea7cb-b08f-45a9-ac25-59983fb5da84
2019-10-15 21:21:24,760 [grpc-default-executor-2] INFO  impl.RaftServerImpl (RaftServerImpl.java:setRole(184)) - 0eb142cf-b7a4-42cc-bedf-7b6b824b4e6a@group-1135523AB2CE: changes role from  FOLLOWER to FOLLOWER at term 10 for recognizeCandidate:436ea7cb-b08f-45a9-ac25-59983fb5da84
2019-10-15 21:21:24,760 [grpc-default-executor-6] INFO  impl.RoleInfo (RoleInfo.java:shutdownFollowerState(121)) - 47d72301-684e-48ba-af14-36fa0ba944f7: shutdown FollowerState
2019-10-15 21:21:24,760 [grpc-default-executor-2] INFO  impl.RoleInfo (RoleInfo.java:shutdownFollowerState(121)) - 0eb142cf-b7a4-42cc-bedf-7b6b824b4e6a: shutdown FollowerState
2019-10-15 21:21:24,760 [Thread-596] INFO  impl.FollowerState (FollowerState.java:run(117)) - 47d72301-684e-48ba-af14-36fa0ba944f7@group-1135523AB2CE-FollowerState was interrupted: java.lang.InterruptedException: sleep interrupted
2019-10-15 21:21:24,760 [grpc-default-executor-6] INFO  impl.RoleInfo (RoleInfo.java:updateAndGet(143)) - 47d72301-684e-48ba-af14-36fa0ba944f7: start FollowerState
2019-10-15 21:21:24,761 [grpc-default-executor-2] INFO  impl.RoleInfo (RoleInfo.java:updateAndGet(143)) - 0eb142cf-b7a4-42cc-bedf-7b6b824b4e6a: start FollowerState
2019-10-15 21:21:24,761 [Thread-597] INFO  impl.FollowerState (FollowerState.java:run(117)) - 0eb142cf-b7a4-42cc-bedf-7b6b824b4e6a@group-1135523AB2CE-FollowerState was interrupted: java.lang.InterruptedException: sleep interrupted
2019-10-15 21:21:24,792 [436ea7cb-b08f-45a9-ac25-59983fb5da84@group-1135523AB2CE-LeaderElection13] INFO  impl.LeaderElection (LeaderElection.java:logAndReturn(56)) - 436ea7cb-b08f-45a9-ac25-59983fb5da84@group-1135523AB2CE-LeaderElection13: Election REJECTED; received 2 response(s) [436ea7cb-b08f-45a9-ac25-59983fb5da84<-0eb142cf-b7a4-42cc-bedf-7b6b824b4e6a#0:FAIL-t10, 436ea7cb-b08f-45a9-ac25-59983fb5da84<-47d72301-684e-48ba-af14-36fa0ba944f7#0:FAIL-t10] and 0 exception(s); 436ea7cb-b08f-45a9-ac25-59983fb5da84@group-1135523AB2CE:t10, leader=null, voted=436ea7cb-b08f-45a9-ac25-59983fb5da84, raftlog=436ea7cb-b08f-45a9-ac25-59983fb5da84@group-1135523AB2CE-SegmentedRaftLog:OPENED:c3,f4,i4, conf=0: [436ea7cb-b08f-45a9-ac25-59983fb5da84:192.168.69.102:32878, 0eb142cf-b7a4-42cc-bedf-7b6b824b4e6a:192.168.69.102:43792, 47d72301-684e-48ba-af14-36fa0ba944f7:192.168.69.102:33903], old=null
2019-10-15 21:21:24,792 [436ea7cb-b08f-45a9-ac25-59983fb5da84@group-1135523AB2CE-LeaderElection13] INFO  impl.RaftServerImpl (RaftServerImpl.java:setRole(184)) - 436ea7cb-b08f-45a9-ac25-59983fb5da84@group-1135523AB2CE: changes role from CANDIDATE to FOLLOWER at term 10 for DISCOVERED_A_NEW_TERM
2019-10-15 21:21:24,794 [436ea7cb-b08f-45a9-ac25-59983fb5da84@group-1135523AB2CE-LeaderElection13] INFO  impl.RoleInfo (RoleInfo.java:shutdownLeaderElection(134)) - 436ea7cb-b08f-45a9-ac25-59983fb5da84: shutdown LeaderElection
2019-10-15 21:21:24,794 [436ea7cb-b08f-45a9-ac25-59983fb5da84@group-1135523AB2CE-LeaderElection13] INFO  impl.RoleInfo (RoleInfo.java:updateAndGet(143)) - 436ea7cb-b08f-45a9-ac25-59983fb5da84: start FollowerState
2019-10-15 21:21:24,808 [Thread-604] INFO  impl.FollowerState (FollowerState.java:run(108)) - 436ea7cb-b08f-45a9-ac25-59983fb5da84@group-1135523AB2CE-FollowerState: change to CANDIDATE, lastRpcTime:14ms, electionTimeout:13ms
2019-10-15 21:21:24,809 [Thread-604] INFO  impl.RoleInfo (RoleInfo.java:shutdownFollowerState(121)) - 436ea7cb-b08f-45a9-ac25-59983fb5da84: shutdown FollowerState
2019-10-15 21:21:24,809 [Thread-604] INFO  impl.RaftServerImpl (RaftServerImpl.java:setRole(184)) - 436ea7cb-b08f-45a9-ac25-59983fb5da84@group-1135523AB2CE: changes role from  FOLLOWER to CANDIDATE at term 10 for changeToCandidate
2019-10-15 21:21:24,809 [Thread-604] INFO  impl.RoleInfo (RoleInfo.java:updateAndGet(143)) - 436ea7cb-b08f-45a9-ac25-59983fb5da84: start LeaderElection
2019-10-15 21:21:24,842 [436ea7cb-b08f-45a9-ac25-59983fb5da84@group-1135523AB2CE-LeaderElection14] INFO  impl.LeaderElection (LeaderElection.java:askForVotes(178)) - 436ea7cb-b08f-45a9-ac25-59983fb5da84@group-1135523AB2CE-LeaderElection14: begin an election at term 11 for 0: [436ea7cb-b08f-45a9-ac25-59983fb5da84:192.168.69.102:32878, 0eb142cf-b7a4-42cc-bedf-7b6b824b4e6a:192.168.69.102:43792, 47d72301-684e-48ba-af14-36fa0ba944f7:192.168.69.102:33903], old=null
2019-10-15 21:21:24,846 [grpc-default-executor-6] INFO  impl.RaftServerImpl (RaftServerImpl.java:setRole(184)) - 0eb142cf-b7a4-42cc-bedf-7b6b824b4e6a@group-1135523AB2CE: changes role from  FOLLOWER to FOLLOWER at term 11 for recognizeCandidate:436ea7cb-b08f-45a9-ac25-59983fb5da84
2019-10-15 21:21:24,846 [grpc-default-executor-6] INFO  impl.RoleInfo (RoleInfo.java:shutdownFollowerState(121)) - 0eb142cf-b7a4-42cc-bedf-7b6b824b4e6a: shutdown FollowerState
2019-10-15 21:21:24,847 [grpc-default-executor-2] INFO  impl.RaftServerImpl (RaftServerImpl.java:setRole(184)) - 47d72301-684e-48ba-af14-36fa0ba944f7@group-1135523AB2CE: changes role from  FOLLOWER to FOLLOWER at term 11 for recognizeCandidate:436ea7cb-b08f-45a9-ac25-59983fb5da84
2019-10-15 21:21:24,847 [grpc-default-executor-6] INFO  impl.RoleInfo (RoleInfo.java:updateAndGet(143)) - 0eb142cf-b7a4-42cc-bedf-7b6b824b4e6a: start FollowerState
2019-10-15 21:21:24,847 [Thread-603] INFO  impl.FollowerState (FollowerState.java:run(117)) - 0eb142cf-b7a4-42cc-bedf-7b6b824b4e6a@group-1135523AB2CE-FollowerState was interrupted: java.lang.InterruptedException: sleep interrupted
2019-10-15 21:21:24,847 [grpc-default-executor-2] INFO  impl.RoleInfo (RoleInfo.java:shutdownFollowerState(121)) - 47d72301-684e-48ba-af14-36fa0ba944f7: shutdown FollowerState
2019-10-15 21:21:24,848 [Thread-602] INFO  impl.FollowerState (FollowerState.java:run(117)) - 47d72301-684e-48ba-af14-36fa0ba944f7@group-1135523AB2CE-FollowerState was interrupted: java.lang.InterruptedException: sleep interrupted
2019-10-15 21:21:24,848 [grpc-default-executor-2] INFO  impl.RoleInfo (RoleInfo.java:updateAndGet(143)) - 47d72301-684e-48ba-af14-36fa0ba944f7: start FollowerState
2019-10-15 21:21:24,863 [436ea7cb-b08f-45a9-ac25-59983fb5da84@group-1135523AB2CE-LeaderElection14] INFO  impl.LeaderElection (LeaderElection.java:logAndReturn(56)) - 436ea7cb-b08f-45a9-ac25-59983fb5da84@group-1135523AB2CE-LeaderElection14: Election REJECTED; received 2 response(s) [436ea7cb-b08f-45a9-ac25-59983fb5da84<-0eb142cf-b7a4-42cc-bedf-7b6b824b4e6a#0:FAIL-t11, 436ea7cb-b08f-45a9-ac25-59983fb5da84<-47d72301-684e-48ba-af14-36fa0ba944f7#0:FAIL-t11] and 0 exception(s); 436ea7cb-b08f-45a9-ac25-59983fb5da84@group-1135523AB2CE:t11, leader=null, voted=436ea7cb-b08f-45a9-ac25-59983fb5da84, raftlog=436ea7cb-b08f-45a9-ac25-59983fb5da84@group-1135523AB2CE-SegmentedRaftLog:OPENED:c3,f4,i4, conf=0: [436ea7cb-b08f-45a9-ac25-59983fb5da84:192.168.69.102:32878, 0eb142cf-b7a4-42cc-bedf-7b6b824b4e6a:192.168.69.102:43792, 47d72301-684e-48ba-af14-36fa0ba944f7:192.168.69.102:33903], old=null
2019-10-15 21:21:24,863 [436ea7cb-b08f-45a9-ac25-59983fb5da84@group-1135523AB2CE-LeaderElection14] INFO  impl.RaftServerImpl (RaftServerImpl.java:setRole(184)) - 436ea7cb-b08f-45a9-ac25-59983fb5da84@group-1135523AB2CE: changes role from CANDIDATE to FOLLOWER at term 11 for DISCOVERED_A_NEW_TERM
2019-10-15 21:21:24,863 [436ea7cb-b08f-45a9-ac25-59983fb5da84@group-1135523AB2CE-LeaderElection14] INFO  impl.RoleInfo (RoleInfo.java:shutdownLeaderElection(134)) - 436ea7cb-b08f-45a9-ac25-59983fb5da84: shutdown LeaderElection
2019-10-15 21:21:24,865 [436ea7cb-b08f-45a9-ac25-59983fb5da84@group-1135523AB2CE-LeaderElection14] INFO  impl.RoleInfo (RoleInfo.java:updateAndGet(143)) - 436ea7cb-b08f-45a9-ac25-59983fb5da84: start FollowerState
2019-10-15 21:21:24,874 [BlockDeletingService#2] WARN  background.BlockDeletingService (BlockDeletingService.java:isDeletionAllowed(187)) - Close Container log Index 6 is not replicated across allthe servers in the pipeline 2edbc878-18e2-43a0-b08d-1135523ab2ce as the min replicated index is 4. Deletion is not allowed in this container yet.
2019-10-15 21:21:24,875 [BlockDeletingService#2] WARN  background.BlockDeletingService (BlockDeletingService.java:isDeletionAllowed(187)) - Close Container log Index 6 is not replicated across allthe servers in the pipeline 2edbc878-18e2-43a0-b08d-1135523ab2ce as the min replicated index is 4. Deletion is not allowed in this container yet.
2019-10-15 21:21:24,877 [Thread-610] INFO  impl.FollowerState (FollowerState.java:run(108)) - 436ea7cb-b08f-45a9-ac25-59983fb5da84@group-1135523AB2CE-FollowerState: change to CANDIDATE, lastRpcTime:12ms, electionTimeout:11ms
2019-10-15 21:21:24,877 [Thread-610] INFO  impl.RoleInfo (RoleInfo.java:shutdownFollowerState(121)) - 436ea7cb-b08f-45a9-ac25-59983fb5da84: shutdown FollowerState
2019-10-15 21:21:24,877 [Thread-610] INFO  impl.RaftServerImpl (RaftServerImpl.java:setRole(184)) - 436ea7cb-b08f-45a9-ac25-59983fb5da84@group-1135523AB2CE: changes role from  FOLLOWER to CANDIDATE at term 11 for changeToCandidate
2019-10-15 21:21:24,877 [Thread-610] INFO  impl.RoleInfo (RoleInfo.java:updateAndGet(143)) - 436ea7cb-b08f-45a9-ac25-59983fb5da84: start LeaderElection
2019-10-15 21:21:24,891 [436ea7cb-b08f-45a9-ac25-59983fb5da84@group-1135523AB2CE-LeaderElection15] INFO  impl.LeaderElection (LeaderElection.java:askForVotes(178)) - 436ea7cb-b08f-45a9-ac25-59983fb5da84@group-1135523AB2CE-LeaderElection15: begin an election at term 12 for 0: [436ea7cb-b08f-45a9-ac25-59983fb5da84:192.168.69.102:32878, 0eb142cf-b7a4-42cc-bedf-7b6b824b4e6a:192.168.69.102:43792, 47d72301-684e-48ba-af14-36fa0ba944f7:192.168.69.102:33903], old=null
2019-10-15 21:21:24,894 [grpc-default-executor-6] INFO  impl.RaftServerImpl (RaftServerImpl.java:setRole(184)) - 0eb142cf-b7a4-42cc-bedf-7b6b824b4e6a@group-1135523AB2CE: changes role from  FOLLOWER to FOLLOWER at term 12 for recognizeCandidate:436ea7cb-b08f-45a9-ac25-59983fb5da84
2019-10-15 21:21:24,894 [grpc-default-executor-6] INFO  impl.RoleInfo (RoleInfo.java:shutdownFollowerState(121)) - 0eb142cf-b7a4-42cc-bedf-7b6b824b4e6a: shutdown FollowerState
2019-10-15 21:21:24,894 [Thread-608] INFO  impl.FollowerState (FollowerState.java:run(117)) - 0eb142cf-b7a4-42cc-bedf-7b6b824b4e6a@group-1135523AB2CE-FollowerState was interrupted: java.lang.InterruptedException: sleep interrupted
2019-10-15 21:21:24,894 [grpc-default-executor-6] INFO  impl.RoleInfo (RoleInfo.java:updateAndGet(143)) - 0eb142cf-b7a4-42cc-bedf-7b6b824b4e6a: start FollowerState
2019-10-15 21:21:24,896 [grpc-default-executor-2] INFO  impl.RaftServerImpl (RaftServerImpl.java:setRole(184)) - 47d72301-684e-48ba-af14-36fa0ba944f7@group-1135523AB2CE: changes role from  FOLLOWER to FOLLOWER at term 12 for recognizeCandidate:436ea7cb-b08f-45a9-ac25-59983fb5da84
2019-10-15 21:21:24,897 [grpc-default-executor-2] INFO  impl.RoleInfo (RoleInfo.java:shutdownFollowerState(121)) - 47d72301-684e-48ba-af14-36fa0ba944f7: shutdown FollowerState
2019-10-15 21:21:24,897 [Thread-609] INFO  impl.FollowerState (FollowerState.java:run(117)) - 47d72301-684e-48ba-af14-36fa0ba944f7@group-1135523AB2CE-FollowerState was interrupted: java.lang.InterruptedException: sleep interrupted
2019-10-15 21:21:24,897 [grpc-default-executor-2] INFO  impl.RoleInfo (RoleInfo.java:updateAndGet(143)) - 47d72301-684e-48ba-af14-36fa0ba944f7: start FollowerState
2019-10-15 21:21:24,933 [436ea7cb-b08f-45a9-ac25-59983fb5da84@group-1135523AB2CE-LeaderElection15] INFO  impl.LeaderElection (LeaderElection.java:logAndReturn(56)) - 436ea7cb-b08f-45a9-ac25-59983fb5da84@group-1135523AB2CE-LeaderElection15: Election REJECTED; received 2 response(s) [436ea7cb-b08f-45a9-ac25-59983fb5da84<-0eb142cf-b7a4-42cc-bedf-7b6b824b4e6a#0:FAIL-t12, 436ea7cb-b08f-45a9-ac25-59983fb5da84<-47d72301-684e-48ba-af14-36fa0ba944f7#0:FAIL-t12] and 0 exception(s); 436ea7cb-b08f-45a9-ac25-59983fb5da84@group-1135523AB2CE:t12, leader=null, voted=436ea7cb-b08f-45a9-ac25-59983fb5da84, raftlog=436ea7cb-b08f-45a9-ac25-59983fb5da84@group-1135523AB2CE-SegmentedRaftLog:OPENED:c3,f4,i4, conf=0: [436ea7cb-b08f-45a9-ac25-59983fb5da84:192.168.69.102:32878, 0eb142cf-b7a4-42cc-bedf-7b6b824b4e6a:192.168.69.102:43792, 47d72301-684e-48ba-af14-36fa0ba944f7:192.168.69.102:33903], old=null
2019-10-15 21:21:24,934 [436ea7cb-b08f-45a9-ac25-59983fb5da84@group-1135523AB2CE-LeaderElection15] INFO  impl.RaftServerImpl (RaftServerImpl.java:setRole(184)) - 436ea7cb-b08f-45a9-ac25-59983fb5da84@group-1135523AB2CE: changes role from CANDIDATE to FOLLOWER at term 12 for DISCOVERED_A_NEW_TERM
2019-10-15 21:21:24,934 [436ea7cb-b08f-45a9-ac25-59983fb5da84@group-1135523AB2CE-LeaderElection15] INFO  impl.RoleInfo (RoleInfo.java:shutdownLeaderElection(134)) - 436ea7cb-b08f-45a9-ac25-59983fb5da84: shutdown LeaderElection
2019-10-15 21:21:24,934 [436ea7cb-b08f-45a9-ac25-59983fb5da84@group-1135523AB2CE-LeaderElection15] INFO  impl.RoleInfo (RoleInfo.java:updateAndGet(143)) - 436ea7cb-b08f-45a9-ac25-59983fb5da84: start FollowerState
2019-10-15 21:21:24,968 [Thread-618] INFO  impl.FollowerState (FollowerState.java:run(108)) - 436ea7cb-b08f-45a9-ac25-59983fb5da84@group-1135523AB2CE-FollowerState: change to CANDIDATE, lastRpcTime:33ms, electionTimeout:33ms
2019-10-15 21:21:24,969 [Thread-618] INFO  impl.RoleInfo (RoleInfo.java:shutdownFollowerState(121)) - 436ea7cb-b08f-45a9-ac25-59983fb5da84: shutdown FollowerState
2019-10-15 21:21:24,969 [Thread-618] INFO  impl.RaftServerImpl (RaftServerImpl.java:setRole(184)) - 436ea7cb-b08f-45a9-ac25-59983fb5da84@group-1135523AB2CE: changes role from  FOLLOWER to CANDIDATE at term 12 for changeToCandidate
2019-10-15 21:21:24,969 [Thread-618] INFO  impl.RoleInfo (RoleInfo.java:updateAndGet(143)) - 436ea7cb-b08f-45a9-ac25-59983fb5da84: start LeaderElection
2019-10-15 21:21:24,977 [436ea7cb-b08f-45a9-ac25-59983fb5da84@group-1135523AB2CE-LeaderElection16] INFO  impl.LeaderElection (LeaderElection.java:askForVotes(178)) - 436ea7cb-b08f-45a9-ac25-59983fb5da84@group-1135523AB2CE-LeaderElection16: begin an election at term 13 for 0: [436ea7cb-b08f-45a9-ac25-59983fb5da84:192.168.69.102:32878, 0eb142cf-b7a4-42cc-bedf-7b6b824b4e6a:192.168.69.102:43792, 47d72301-684e-48ba-af14-36fa0ba944f7:192.168.69.102:33903], old=null
2019-10-15 21:21:24,985 [grpc-default-executor-6] INFO  impl.RaftServerImpl (RaftServerImpl.java:setRole(184)) - 0eb142cf-b7a4-42cc-bedf-7b6b824b4e6a@group-1135523AB2CE: changes role from  FOLLOWER to FOLLOWER at term 13 for recognizeCandidate:436ea7cb-b08f-45a9-ac25-59983fb5da84
2019-10-15 21:21:24,985 [grpc-default-executor-2] INFO  impl.RaftServerImpl (RaftServerImpl.java:setRole(184)) - 47d72301-684e-48ba-af14-36fa0ba944f7@group-1135523AB2CE: changes role from  FOLLOWER to FOLLOWER at term 13 for recognizeCandidate:436ea7cb-b08f-45a9-ac25-59983fb5da84
2019-10-15 21:21:24,986 [grpc-default-executor-6] INFO  impl.RoleInfo (RoleInfo.java:shutdownFollowerState(121)) - 0eb142cf-b7a4-42cc-bedf-7b6b824b4e6a: shutdown FollowerState
2019-10-15 21:21:24,986 [grpc-default-executor-2] INFO  impl.RoleInfo (RoleInfo.java:shutdownFollowerState(121)) - 47d72301-684e-48ba-af14-36fa0ba944f7: shutdown FollowerState
2019-10-15 21:21:24,986 [grpc-default-executor-6] INFO  impl.RoleInfo (RoleInfo.java:updateAndGet(143)) - 0eb142cf-b7a4-42cc-bedf-7b6b824b4e6a: start FollowerState
2019-10-15 21:21:24,986 [Thread-616] INFO  impl.FollowerState (FollowerState.java:run(117)) - 0eb142cf-b7a4-42cc-bedf-7b6b824b4e6a@group-1135523AB2CE-FollowerState was interrupted: java.lang.InterruptedException: sleep interrupted
2019-10-15 21:21:24,986 [grpc-default-executor-2] INFO  impl.RoleInfo (RoleInfo.java:updateAndGet(143)) - 47d72301-684e-48ba-af14-36fa0ba944f7: start FollowerState
2019-10-15 21:21:24,986 [Thread-617] INFO  impl.FollowerState (FollowerState.java:run(117)) - 47d72301-684e-48ba-af14-36fa0ba944f7@group-1135523AB2CE-FollowerState was interrupted: java.lang.InterruptedException: sleep interrupted
2019-10-15 21:21:25,040 [436ea7cb-b08f-45a9-ac25-59983fb5da84@group-1135523AB2CE-LeaderElection16] INFO  impl.LeaderElection (LeaderElection.java:logAndReturn(56)) - 436ea7cb-b08f-45a9-ac25-59983fb5da84@group-1135523AB2CE-LeaderElection16: Election REJECTED; received 2 response(s) [436ea7cb-b08f-45a9-ac25-59983fb5da84<-0eb142cf-b7a4-42cc-bedf-7b6b824b4e6a#0:FAIL-t13, 436ea7cb-b08f-45a9-ac25-59983fb5da84<-47d72301-684e-48ba-af14-36fa0ba944f7#0:FAIL-t13] and 0 exception(s); 436ea7cb-b08f-45a9-ac25-59983fb5da84@group-1135523AB2CE:t13, leader=null, voted=436ea7cb-b08f-45a9-ac25-59983fb5da84, raftlog=436ea7cb-b08f-45a9-ac25-59983fb5da84@group-1135523AB2CE-SegmentedRaftLog:OPENED:c3,f4,i4, conf=0: [436ea7cb-b08f-45a9-ac25-59983fb5da84:192.168.69.102:32878, 0eb142cf-b7a4-42cc-bedf-7b6b824b4e6a:192.168.69.102:43792, 47d72301-684e-48ba-af14-36fa0ba944f7:192.168.69.102:33903], old=null
2019-10-15 21:21:25,040 [436ea7cb-b08f-45a9-ac25-59983fb5da84@group-1135523AB2CE-LeaderElection16] INFO  impl.RaftServerImpl (RaftServerImpl.java:setRole(184)) - 436ea7cb-b08f-45a9-ac25-59983fb5da84@group-1135523AB2CE: changes role from CANDIDATE to FOLLOWER at term 13 for DISCOVERED_A_NEW_TERM
2019-10-15 21:21:25,040 [436ea7cb-b08f-45a9-ac25-59983fb5da84@group-1135523AB2CE-LeaderElection16] INFO  impl.RoleInfo (RoleInfo.java:shutdownLeaderElection(134)) - 436ea7cb-b08f-45a9-ac25-59983fb5da84: shutdown LeaderElection
2019-10-15 21:21:25,041 [436ea7cb-b08f-45a9-ac25-59983fb5da84@group-1135523AB2CE-LeaderElection16] INFO  impl.RoleInfo (RoleInfo.java:updateAndGet(143)) - 436ea7cb-b08f-45a9-ac25-59983fb5da84: start FollowerState
2019-10-15 21:21:25,209 [Thread-624] INFO  impl.FollowerState (FollowerState.java:run(108)) - 436ea7cb-b08f-45a9-ac25-59983fb5da84@group-1135523AB2CE-FollowerState: change to CANDIDATE, lastRpcTime:168ms, electionTimeout:168ms
2019-10-15 21:21:25,213 [Thread-624] INFO  impl.RoleInfo (RoleInfo.java:shutdownFollowerState(121)) - 436ea7cb-b08f-45a9-ac25-59983fb5da84: shutdown FollowerState
2019-10-15 21:21:25,213 [Thread-624] INFO  impl.RaftServerImpl (RaftServerImpl.java:setRole(184)) - 436ea7cb-b08f-45a9-ac25-59983fb5da84@group-1135523AB2CE: changes role from  FOLLOWER to CANDIDATE at term 13 for changeToCandidate
2019-10-15 21:21:25,213 [Thread-624] INFO  impl.RoleInfo (RoleInfo.java:updateAndGet(143)) - 436ea7cb-b08f-45a9-ac25-59983fb5da84: start LeaderElection
2019-10-15 21:21:25,219 [436ea7cb-b08f-45a9-ac25-59983fb5da84@group-1135523AB2CE-LeaderElection17] INFO  impl.LeaderElection (LeaderElection.java:askForVotes(178)) - 436ea7cb-b08f-45a9-ac25-59983fb5da84@group-1135523AB2CE-LeaderElection17: begin an election at term 14 for 0: [436ea7cb-b08f-45a9-ac25-59983fb5da84:192.168.69.102:32878, 0eb142cf-b7a4-42cc-bedf-7b6b824b4e6a:192.168.69.102:43792, 47d72301-684e-48ba-af14-36fa0ba944f7:192.168.69.102:33903], old=null
2019-10-15 21:21:25,221 [grpc-default-executor-2] INFO  impl.RaftServerImpl (RaftServerImpl.java:setRole(184)) - 0eb142cf-b7a4-42cc-bedf-7b6b824b4e6a@group-1135523AB2CE: changes role from  FOLLOWER to FOLLOWER at term 14 for recognizeCandidate:436ea7cb-b08f-45a9-ac25-59983fb5da84
2019-10-15 21:21:25,221 [grpc-default-executor-6] INFO  impl.RaftServerImpl (RaftServerImpl.java:setRole(184)) - 47d72301-684e-48ba-af14-36fa0ba944f7@group-1135523AB2CE: changes role from  FOLLOWER to FOLLOWER at term 14 for recognizeCandidate:436ea7cb-b08f-45a9-ac25-59983fb5da84
2019-10-15 21:21:25,221 [grpc-default-executor-2] INFO  impl.RoleInfo (RoleInfo.java:shutdownFollowerState(121)) - 0eb142cf-b7a4-42cc-bedf-7b6b824b4e6a: shutdown FollowerState
2019-10-15 21:21:25,222 [grpc-default-executor-6] INFO  impl.RoleInfo (RoleInfo.java:shutdownFollowerState(121)) - 47d72301-684e-48ba-af14-36fa0ba944f7: shutdown FollowerState
2019-10-15 21:21:25,222 [grpc-default-executor-2] INFO  impl.RoleInfo (RoleInfo.java:updateAndGet(143)) - 0eb142cf-b7a4-42cc-bedf-7b6b824b4e6a: start FollowerState
2019-10-15 21:21:25,222 [Thread-622] INFO  impl.FollowerState (FollowerState.java:run(117)) - 0eb142cf-b7a4-42cc-bedf-7b6b824b4e6a@group-1135523AB2CE-FollowerState was interrupted: java.lang.InterruptedException: sleep interrupted
2019-10-15 21:21:25,222 [Thread-623] INFO  impl.FollowerState (FollowerState.java:run(117)) - 47d72301-684e-48ba-af14-36fa0ba944f7@group-1135523AB2CE-FollowerState was interrupted: java.lang.InterruptedException: sleep interrupted
2019-10-15 21:21:25,222 [grpc-default-executor-6] INFO  impl.RoleInfo (RoleInfo.java:updateAndGet(143)) - 47d72301-684e-48ba-af14-36fa0ba944f7: start FollowerState
2019-10-15 21:21:25,237 [436ea7cb-b08f-45a9-ac25-59983fb5da84@group-1135523AB2CE-LeaderElection17] INFO  impl.LeaderElection (LeaderElection.java:logAndReturn(56)) - 436ea7cb-b08f-45a9-ac25-59983fb5da84@group-1135523AB2CE-LeaderElection17: Election REJECTED; received 2 response(s) [436ea7cb-b08f-45a9-ac25-59983fb5da84<-0eb142cf-b7a4-42cc-bedf-7b6b824b4e6a#0:FAIL-t14, 436ea7cb-b08f-45a9-ac25-59983fb5da84<-47d72301-684e-48ba-af14-36fa0ba944f7#0:FAIL-t14] and 0 exception(s); 436ea7cb-b08f-45a9-ac25-59983fb5da84@group-1135523AB2CE:t14, leader=null, voted=436ea7cb-b08f-45a9-ac25-59983fb5da84, raftlog=436ea7cb-b08f-45a9-ac25-59983fb5da84@group-1135523AB2CE-SegmentedRaftLog:OPENED:c3,f4,i4, conf=0: [436ea7cb-b08f-45a9-ac25-59983fb5da84:192.168.69.102:32878, 0eb142cf-b7a4-42cc-bedf-7b6b824b4e6a:192.168.69.102:43792, 47d72301-684e-48ba-af14-36fa0ba944f7:192.168.69.102:33903], old=null
2019-10-15 21:21:25,237 [436ea7cb-b08f-45a9-ac25-59983fb5da84@group-1135523AB2CE-LeaderElection17] INFO  impl.RaftServerImpl (RaftServerImpl.java:setRole(184)) - 436ea7cb-b08f-45a9-ac25-59983fb5da84@group-1135523AB2CE: changes role from CANDIDATE to FOLLOWER at term 14 for DISCOVERED_A_NEW_TERM
2019-10-15 21:21:25,237 [436ea7cb-b08f-45a9-ac25-59983fb5da84@group-1135523AB2CE-LeaderElection17] INFO  impl.RoleInfo (RoleInfo.java:shutdownLeaderElection(134)) - 436ea7cb-b08f-45a9-ac25-59983fb5da84: shutdown LeaderElection
2019-10-15 21:21:25,237 [436ea7cb-b08f-45a9-ac25-59983fb5da84@group-1135523AB2CE-LeaderElection17] INFO  impl.RoleInfo (RoleInfo.java:updateAndGet(143)) - 436ea7cb-b08f-45a9-ac25-59983fb5da84: start FollowerState
2019-10-15 21:21:25,368 [Thread-630] INFO  impl.FollowerState (FollowerState.java:run(108)) - 436ea7cb-b08f-45a9-ac25-59983fb5da84@group-1135523AB2CE-FollowerState: change to CANDIDATE, lastRpcTime:130ms, electionTimeout:130ms
2019-10-15 21:21:25,368 [Thread-630] INFO  impl.RoleInfo (RoleInfo.java:shutdownFollowerState(121)) - 436ea7cb-b08f-45a9-ac25-59983fb5da84: shutdown FollowerState
2019-10-15 21:21:25,368 [Thread-630] INFO  impl.RaftServerImpl (RaftServerImpl.java:setRole(184)) - 436ea7cb-b08f-45a9-ac25-59983fb5da84@group-1135523AB2CE: changes role from  FOLLOWER to CANDIDATE at term 14 for changeToCandidate
2019-10-15 21:21:25,368 [Thread-630] INFO  impl.RoleInfo (RoleInfo.java:updateAndGet(143)) - 436ea7cb-b08f-45a9-ac25-59983fb5da84: start LeaderElection
2019-10-15 21:21:25,403 [436ea7cb-b08f-45a9-ac25-59983fb5da84@group-1135523AB2CE-LeaderElection18] INFO  impl.LeaderElection (LeaderElection.java:askForVotes(178)) - 436ea7cb-b08f-45a9-ac25-59983fb5da84@group-1135523AB2CE-LeaderElection18: begin an election at term 15 for 0: [436ea7cb-b08f-45a9-ac25-59983fb5da84:192.168.69.102:32878, 0eb142cf-b7a4-42cc-bedf-7b6b824b4e6a:192.168.69.102:43792, 47d72301-684e-48ba-af14-36fa0ba944f7:192.168.69.102:33903], old=null
2019-10-15 21:21:25,406 [grpc-default-executor-2] INFO  impl.RaftServerImpl (RaftServerImpl.java:setRole(184)) - 47d72301-684e-48ba-af14-36fa0ba944f7@group-1135523AB2CE: changes role from  FOLLOWER to FOLLOWER at term 15 for recognizeCandidate:436ea7cb-b08f-45a9-ac25-59983fb5da84
2019-10-15 21:21:25,406 [grpc-default-executor-6] INFO  impl.RaftServerImpl (RaftServerImpl.java:setRole(184)) - 0eb142cf-b7a4-42cc-bedf-7b6b824b4e6a@group-1135523AB2CE: changes role from  FOLLOWER to FOLLOWER at term 15 for recognizeCandidate:436ea7cb-b08f-45a9-ac25-59983fb5da84
2019-10-15 21:21:25,406 [grpc-default-executor-2] INFO  impl.RoleInfo (RoleInfo.java:shutdownFollowerState(121)) - 47d72301-684e-48ba-af14-36fa0ba944f7: shutdown FollowerState
2019-10-15 21:21:25,406 [grpc-default-executor-6] INFO  impl.RoleInfo (RoleInfo.java:shutdownFollowerState(121)) - 0eb142cf-b7a4-42cc-bedf-7b6b824b4e6a: shutdown FollowerState
2019-10-15 21:21:25,406 [grpc-default-executor-2] INFO  impl.RoleInfo (RoleInfo.java:updateAndGet(143)) - 47d72301-684e-48ba-af14-36fa0ba944f7: start FollowerState
2019-10-15 21:21:25,406 [Thread-629] INFO  impl.FollowerState (FollowerState.java:run(117)) - 47d72301-684e-48ba-af14-36fa0ba944f7@group-1135523AB2CE-FollowerState was interrupted: java.lang.InterruptedException: sleep interrupted
2019-10-15 21:21:25,406 [Thread-628] INFO  impl.FollowerState (FollowerState.java:run(117)) - 0eb142cf-b7a4-42cc-bedf-7b6b824b4e6a@group-1135523AB2CE-FollowerState was interrupted: java.lang.InterruptedException: sleep interrupted
2019-10-15 21:21:25,406 [grpc-default-executor-6] INFO  impl.RoleInfo (RoleInfo.java:updateAndGet(143)) - 0eb142cf-b7a4-42cc-bedf-7b6b824b4e6a: start FollowerState
2019-10-15 21:21:25,422 [436ea7cb-b08f-45a9-ac25-59983fb5da84@group-1135523AB2CE-LeaderElection18] INFO  impl.LeaderElection (LeaderElection.java:logAndReturn(56)) - 436ea7cb-b08f-45a9-ac25-59983fb5da84@group-1135523AB2CE-LeaderElection18: Election REJECTED; received 2 response(s) [436ea7cb-b08f-45a9-ac25-59983fb5da84<-0eb142cf-b7a4-42cc-bedf-7b6b824b4e6a#0:FAIL-t15, 436ea7cb-b08f-45a9-ac25-59983fb5da84<-47d72301-684e-48ba-af14-36fa0ba944f7#0:FAIL-t15] and 0 exception(s); 436ea7cb-b08f-45a9-ac25-59983fb5da84@group-1135523AB2CE:t15, leader=null, voted=436ea7cb-b08f-45a9-ac25-59983fb5da84, raftlog=436ea7cb-b08f-45a9-ac25-59983fb5da84@group-1135523AB2CE-SegmentedRaftLog:OPENED:c3,f4,i4, conf=0: [436ea7cb-b08f-45a9-ac25-59983fb5da84:192.168.69.102:32878, 0eb142cf-b7a4-42cc-bedf-7b6b824b4e6a:192.168.69.102:43792, 47d72301-684e-48ba-af14-36fa0ba944f7:192.168.69.102:33903], old=null
2019-10-15 21:21:25,422 [436ea7cb-b08f-45a9-ac25-59983fb5da84@group-1135523AB2CE-LeaderElection18] INFO  impl.RaftServerImpl (RaftServerImpl.java:setRole(184)) - 436ea7cb-b08f-45a9-ac25-59983fb5da84@group-1135523AB2CE: changes role from CANDIDATE to FOLLOWER at term 15 for DISCOVERED_A_NEW_TERM
2019-10-15 21:21:25,422 [436ea7cb-b08f-45a9-ac25-59983fb5da84@group-1135523AB2CE-LeaderElection18] INFO  impl.RoleInfo (RoleInfo.java:shutdownLeaderElection(134)) - 436ea7cb-b08f-45a9-ac25-59983fb5da84: shutdown LeaderElection
2019-10-15 21:21:25,422 [436ea7cb-b08f-45a9-ac25-59983fb5da84@group-1135523AB2CE-LeaderElection18] INFO  impl.RoleInfo (RoleInfo.java:updateAndGet(143)) - 436ea7cb-b08f-45a9-ac25-59983fb5da84: start FollowerState
2019-10-15 21:21:25,463 [Thread-636] INFO  impl.FollowerState (FollowerState.java:run(108)) - 436ea7cb-b08f-45a9-ac25-59983fb5da84@group-1135523AB2CE-FollowerState: change to CANDIDATE, lastRpcTime:41ms, electionTimeout:41ms
2019-10-15 21:21:25,463 [Thread-636] INFO  impl.RoleInfo (RoleInfo.java:shutdownFollowerState(121)) - 436ea7cb-b08f-45a9-ac25-59983fb5da84: shutdown FollowerState
2019-10-15 21:21:25,464 [Thread-636] INFO  impl.RaftServerImpl (RaftServerImpl.java:setRole(184)) - 436ea7cb-b08f-45a9-ac25-59983fb5da84@group-1135523AB2CE: changes role from  FOLLOWER to CANDIDATE at term 15 for changeToCandidate
2019-10-15 21:21:25,464 [Thread-636] INFO  impl.RoleInfo (RoleInfo.java:updateAndGet(143)) - 436ea7cb-b08f-45a9-ac25-59983fb5da84: start LeaderElection
2019-10-15 21:21:25,518 [EventQueue-PendingDeleteStatusForPendingDeleteHandler] INFO  block.SCMBlockDeletingService (SCMBlockDeletingService.java:handlePendingDeletes(115)) - Block deletion txnID mismatch in datanode 436ea7cb-b08f-45a9-ac25-59983fb5da84 for containerID 1. Datanode delete txnID: 0, SCM txnID: 1
2019-10-15 21:21:25,529 [436ea7cb-b08f-45a9-ac25-59983fb5da84@group-1135523AB2CE-LeaderElection19] INFO  impl.LeaderElection (LeaderElection.java:askForVotes(178)) - 436ea7cb-b08f-45a9-ac25-59983fb5da84@group-1135523AB2CE-LeaderElection19: begin an election at term 16 for 0: [436ea7cb-b08f-45a9-ac25-59983fb5da84:192.168.69.102:32878, 0eb142cf-b7a4-42cc-bedf-7b6b824b4e6a:192.168.69.102:43792, 47d72301-684e-48ba-af14-36fa0ba944f7:192.168.69.102:33903], old=null
2019-10-15 21:21:25,532 [grpc-default-executor-2] INFO  impl.RaftServerImpl (RaftServerImpl.java:setRole(184)) - 0eb142cf-b7a4-42cc-bedf-7b6b824b4e6a@group-1135523AB2CE: changes role from  FOLLOWER to FOLLOWER at term 16 for recognizeCandidate:436ea7cb-b08f-45a9-ac25-59983fb5da84
2019-10-15 21:21:25,532 [grpc-default-executor-2] INFO  impl.RoleInfo (RoleInfo.java:shutdownFollowerState(121)) - 0eb142cf-b7a4-42cc-bedf-7b6b824b4e6a: shutdown FollowerState
2019-10-15 21:21:25,532 [grpc-default-executor-6] INFO  impl.RaftServerImpl (RaftServerImpl.java:setRole(184)) - 47d72301-684e-48ba-af14-36fa0ba944f7@group-1135523AB2CE: changes role from  FOLLOWER to FOLLOWER at term 16 for recognizeCandidate:436ea7cb-b08f-45a9-ac25-59983fb5da84
2019-10-15 21:21:25,533 [grpc-default-executor-2] INFO  impl.RoleInfo (RoleInfo.java:updateAndGet(143)) - 0eb142cf-b7a4-42cc-bedf-7b6b824b4e6a: start FollowerState
2019-10-15 21:21:25,533 [Thread-635] INFO  impl.FollowerState (FollowerState.java:run(117)) - 0eb142cf-b7a4-42cc-bedf-7b6b824b4e6a@group-1135523AB2CE-FollowerState was interrupted: java.lang.InterruptedException: sleep interrupted
2019-10-15 21:21:25,533 [grpc-default-executor-6] INFO  impl.RoleInfo (RoleInfo.java:shutdownFollowerState(121)) - 47d72301-684e-48ba-af14-36fa0ba944f7: shutdown FollowerState
2019-10-15 21:21:25,533 [Thread-634] INFO  impl.FollowerState (FollowerState.java:run(117)) - 47d72301-684e-48ba-af14-36fa0ba944f7@group-1135523AB2CE-FollowerState was interrupted: java.lang.InterruptedException: sleep interrupted
2019-10-15 21:21:25,533 [grpc-default-executor-6] INFO  impl.RoleInfo (RoleInfo.java:updateAndGet(143)) - 47d72301-684e-48ba-af14-36fa0ba944f7: start FollowerState
2019-10-15 21:21:25,547 [436ea7cb-b08f-45a9-ac25-59983fb5da84@group-1135523AB2CE-LeaderElection19] INFO  impl.LeaderElection (LeaderElection.java:logAndReturn(56)) - 436ea7cb-b08f-45a9-ac25-59983fb5da84@group-1135523AB2CE-LeaderElection19: Election REJECTED; received 2 response(s) [436ea7cb-b08f-45a9-ac25-59983fb5da84<-0eb142cf-b7a4-42cc-bedf-7b6b824b4e6a#0:FAIL-t16, 436ea7cb-b08f-45a9-ac25-59983fb5da84<-47d72301-684e-48ba-af14-36fa0ba944f7#0:FAIL-t16] and 0 exception(s); 436ea7cb-b08f-45a9-ac25-59983fb5da84@group-1135523AB2CE:t16, leader=null, voted=436ea7cb-b08f-45a9-ac25-59983fb5da84, raftlog=436ea7cb-b08f-45a9-ac25-59983fb5da84@group-1135523AB2CE-SegmentedRaftLog:OPENED:c3,f4,i4, conf=0: [436ea7cb-b08f-45a9-ac25-59983fb5da84:192.168.69.102:32878, 0eb142cf-b7a4-42cc-bedf-7b6b824b4e6a:192.168.69.102:43792, 47d72301-684e-48ba-af14-36fa0ba944f7:192.168.69.102:33903], old=null
2019-10-15 21:21:25,547 [436ea7cb-b08f-45a9-ac25-59983fb5da84@group-1135523AB2CE-LeaderElection19] INFO  impl.RaftServerImpl (RaftServerImpl.java:setRole(184)) - 436ea7cb-b08f-45a9-ac25-59983fb5da84@group-1135523AB2CE: changes role from CANDIDATE to FOLLOWER at term 16 for DISCOVERED_A_NEW_TERM
2019-10-15 21:21:25,547 [436ea7cb-b08f-45a9-ac25-59983fb5da84@group-1135523AB2CE-LeaderElection19] INFO  impl.RoleInfo (RoleInfo.java:shutdownLeaderElection(134)) - 436ea7cb-b08f-45a9-ac25-59983fb5da84: shutdown LeaderElection
2019-10-15 21:21:25,548 [436ea7cb-b08f-45a9-ac25-59983fb5da84@group-1135523AB2CE-LeaderElection19] INFO  impl.RoleInfo (RoleInfo.java:updateAndGet(143)) - 436ea7cb-b08f-45a9-ac25-59983fb5da84: start FollowerState
2019-10-15 21:21:25,609 [Thread-645] INFO  client.GrpcClientProtocolService (GrpcClientProtocolService.java:lambda$processClientRequest$0(278)) - Failed RaftClientRequest:client-E312EE24CE89->47d72301-684e-48ba-af14-36fa0ba944f7@group-1135523AB2CE, cid=10, seq=0, Watch-ALL_COMMITTED(6), Message:<EMPTY>, reply=RaftClientReply:client-E312EE24CE89->47d72301-684e-48ba-af14-36fa0ba944f7@group-1135523AB2CE, cid=10, FAILED org.apache.ratis.protocol.NotLeaderException: Server 47d72301-684e-48ba-af14-36fa0ba944f7@group-1135523AB2CE is not the leader, logIndex=0, commits[47d72301-684e-48ba-af14-36fa0ba944f7:c10, 436ea7cb-b08f-45a9-ac25-59983fb5da84:c4, 0eb142cf-b7a4-42cc-bedf-7b6b824b4e6a:c10]
2019-10-15 21:21:25,660 [Thread-643] INFO  impl.FollowerState (FollowerState.java:run(108)) - 436ea7cb-b08f-45a9-ac25-59983fb5da84@group-1135523AB2CE-FollowerState: change to CANDIDATE, lastRpcTime:112ms, electionTimeout:112ms
2019-10-15 21:21:25,660 [Thread-643] INFO  impl.RoleInfo (RoleInfo.java:shutdownFollowerState(121)) - 436ea7cb-b08f-45a9-ac25-59983fb5da84: shutdown FollowerState
2019-10-15 21:21:25,660 [Thread-643] INFO  impl.RaftServerImpl (RaftServerImpl.java:setRole(184)) - 436ea7cb-b08f-45a9-ac25-59983fb5da84@group-1135523AB2CE: changes role from  FOLLOWER to CANDIDATE at term 16 for changeToCandidate
2019-10-15 21:21:25,660 [Thread-643] INFO  impl.RoleInfo (RoleInfo.java:updateAndGet(143)) - 436ea7cb-b08f-45a9-ac25-59983fb5da84: start LeaderElection
2019-10-15 21:21:25,663 [436ea7cb-b08f-45a9-ac25-59983fb5da84@group-1135523AB2CE-LeaderElection20] INFO  impl.LeaderElection (LeaderElection.java:askForVotes(178)) - 436ea7cb-b08f-45a9-ac25-59983fb5da84@group-1135523AB2CE-LeaderElection20: begin an election at term 17 for 0: [436ea7cb-b08f-45a9-ac25-59983fb5da84:192.168.69.102:32878, 0eb142cf-b7a4-42cc-bedf-7b6b824b4e6a:192.168.69.102:43792, 47d72301-684e-48ba-af14-36fa0ba944f7:192.168.69.102:33903], old=null
2019-10-15 21:21:25,666 [grpc-default-executor-2] INFO  impl.RaftServerImpl (RaftServerImpl.java:setRole(184)) - 47d72301-684e-48ba-af14-36fa0ba944f7@group-1135523AB2CE: changes role from  FOLLOWER to FOLLOWER at term 17 for recognizeCandidate:436ea7cb-b08f-45a9-ac25-59983fb5da84
2019-10-15 21:21:25,666 [grpc-default-executor-6] INFO  impl.RaftServerImpl (RaftServerImpl.java:setRole(184)) - 0eb142cf-b7a4-42cc-bedf-7b6b824b4e6a@group-1135523AB2CE: changes role from  FOLLOWER to FOLLOWER at term 17 for recognizeCandidate:436ea7cb-b08f-45a9-ac25-59983fb5da84
2019-10-15 21:21:25,666 [grpc-default-executor-2] INFO  impl.RoleInfo (RoleInfo.java:shutdownFollowerState(121)) - 47d72301-684e-48ba-af14-36fa0ba944f7: shutdown FollowerState
2019-10-15 21:21:25,666 [grpc-default-executor-6] INFO  impl.RoleInfo (RoleInfo.java:shutdownFollowerState(121)) - 0eb142cf-b7a4-42cc-bedf-7b6b824b4e6a: shutdown FollowerState
2019-10-15 21:21:25,666 [grpc-default-executor-2] INFO  impl.RoleInfo (RoleInfo.java:updateAndGet(143)) - 47d72301-684e-48ba-af14-36fa0ba944f7: start FollowerState
2019-10-15 21:21:25,666 [Thread-642] INFO  impl.FollowerState (FollowerState.java:run(117)) - 47d72301-684e-48ba-af14-36fa0ba944f7@group-1135523AB2CE-FollowerState was interrupted: java.lang.InterruptedException: sleep interrupted
2019-10-15 21:21:25,667 [Thread-640] INFO  impl.FollowerState (FollowerState.java:run(117)) - 0eb142cf-b7a4-42cc-bedf-7b6b824b4e6a@group-1135523AB2CE-FollowerState was interrupted: java.lang.InterruptedException: sleep interrupted
2019-10-15 21:21:25,667 [grpc-default-executor-6] INFO  impl.RoleInfo (RoleInfo.java:updateAndGet(143)) - 0eb142cf-b7a4-42cc-bedf-7b6b824b4e6a: start FollowerState
2019-10-15 21:21:25,707 [436ea7cb-b08f-45a9-ac25-59983fb5da84@group-1135523AB2CE-LeaderElection20] INFO  impl.LeaderElection (LeaderElection.java:logAndReturn(56)) - 436ea7cb-b08f-45a9-ac25-59983fb5da84@group-1135523AB2CE-LeaderElection20: Election REJECTED; received 2 response(s) [436ea7cb-b08f-45a9-ac25-59983fb5da84<-0eb142cf-b7a4-42cc-bedf-7b6b824b4e6a#0:FAIL-t17, 436ea7cb-b08f-45a9-ac25-59983fb5da84<-47d72301-684e-48ba-af14-36fa0ba944f7#0:FAIL-t17] and 0 exception(s); 436ea7cb-b08f-45a9-ac25-59983fb5da84@group-1135523AB2CE:t17, leader=null, voted=436ea7cb-b08f-45a9-ac25-59983fb5da84, raftlog=436ea7cb-b08f-45a9-ac25-59983fb5da84@group-1135523AB2CE-SegmentedRaftLog:OPENED:c3,f4,i4, conf=0: [436ea7cb-b08f-45a9-ac25-59983fb5da84:192.168.69.102:32878, 0eb142cf-b7a4-42cc-bedf-7b6b824b4e6a:192.168.69.102:43792, 47d72301-684e-48ba-af14-36fa0ba944f7:192.168.69.102:33903], old=null
2019-10-15 21:21:25,707 [436ea7cb-b08f-45a9-ac25-59983fb5da84@group-1135523AB2CE-LeaderElection20] INFO  impl.RaftServerImpl (RaftServerImpl.java:setRole(184)) - 436ea7cb-b08f-45a9-ac25-59983fb5da84@group-1135523AB2CE: changes role from CANDIDATE to FOLLOWER at term 17 for DISCOVERED_A_NEW_TERM
2019-10-15 21:21:25,707 [436ea7cb-b08f-45a9-ac25-59983fb5da84@group-1135523AB2CE-LeaderElection20] INFO  impl.RoleInfo (RoleInfo.java:shutdownLeaderElection(134)) - 436ea7cb-b08f-45a9-ac25-59983fb5da84: shutdown LeaderElection
2019-10-15 21:21:25,707 [436ea7cb-b08f-45a9-ac25-59983fb5da84@group-1135523AB2CE-LeaderElection20] INFO  impl.RoleInfo (RoleInfo.java:updateAndGet(143)) - 436ea7cb-b08f-45a9-ac25-59983fb5da84: start FollowerState
2019-10-15 21:21:25,713 [pool-7-thread-2] INFO  commands.RetriableDatanodeEventWatcher (RetriableDatanodeEventWatcher.java:onTimeout(47)) - RetriableDatanodeCommand type=deleteBlocksCommand with id=1571174480710 timed out. Retrying.
2019-10-15 21:21:25,714 [SCMBlockDeletingService#1] INFO  block.SCMBlockDeletingService (SCMBlockDeletingService.java:call(184)) - Totally added 1 delete blocks command for 1 datanodes, task elapsed time: 0ms
2019-10-15 21:21:25,714 [pool-7-thread-5] INFO  commands.RetriableDatanodeEventWatcher (RetriableDatanodeEventWatcher.java:onTimeout(47)) - RetriableDatanodeCommand type=deleteBlocksCommand with id=1571174480707 timed out. Retrying.
2019-10-15 21:21:25,714 [pool-7-thread-3] INFO  commands.RetriableDatanodeEventWatcher (RetriableDatanodeEventWatcher.java:onTimeout(47)) - RetriableDatanodeCommand type=deleteBlocksCommand with id=1571174480709 timed out. Retrying.
2019-10-15 21:21:25,714 [pool-7-thread-1] INFO  commands.RetriableDatanodeEventWatcher (RetriableDatanodeEventWatcher.java:onTimeout(47)) - RetriableDatanodeCommand type=deleteBlocksCommand with id=1571174480711 timed out. Retrying.
2019-10-15 21:21:25,714 [pool-7-thread-4] INFO  commands.RetriableDatanodeEventWatcher (RetriableDatanodeEventWatcher.java:onTimeout(47)) - RetriableDatanodeCommand type=deleteBlocksCommand with id=1571174480708 timed out. Retrying.
2019-10-15 21:21:25,779 [java.util.concurrent.ThreadPoolExecutor$Worker@28bf4c2e[State = -1, empty queue]] WARN  server.GrpcLogAppender (GrpcLogAppender.java:timeoutAppendRequest(209)) - 47d72301-684e-48ba-af14-36fa0ba944f7@group-1135523AB2CE->436ea7cb-b08f-45a9-ac25-59983fb5da84-GrpcLogAppender: appendEntries Timeout, request=47d72301-684e-48ba-af14-36fa0ba944f7->436ea7cb-b08f-45a9-ac25-59983fb5da84#52-t2, previous=(t:2, i:10), leaderCommit=10, initializing? false, entries: <empty>
2019-10-15 21:21:25,856 [Thread-652] INFO  impl.FollowerState (FollowerState.java:run(108)) - 436ea7cb-b08f-45a9-ac25-59983fb5da84@group-1135523AB2CE-FollowerState: change to CANDIDATE, lastRpcTime:148ms, electionTimeout:148ms
2019-10-15 21:21:25,856 [Thread-652] INFO  impl.RoleInfo (RoleInfo.java:shutdownFollowerState(121)) - 436ea7cb-b08f-45a9-ac25-59983fb5da84: shutdown FollowerState
2019-10-15 21:21:25,856 [Thread-652] INFO  impl.RaftServerImpl (RaftServerImpl.java:setRole(184)) - 436ea7cb-b08f-45a9-ac25-59983fb5da84@group-1135523AB2CE: changes role from  FOLLOWER to CANDIDATE at term 17 for changeToCandidate
2019-10-15 21:21:25,856 [Thread-652] INFO  impl.RoleInfo (RoleInfo.java:updateAndGet(143)) - 436ea7cb-b08f-45a9-ac25-59983fb5da84: start LeaderElection
2019-10-15 21:21:25,876 [BlockDeletingService#2] WARN  background.BlockDeletingService (BlockDeletingService.java:isDeletionAllowed(187)) - Close Container log Index 6 is not replicated across allthe servers in the pipeline 2edbc878-18e2-43a0-b08d-1135523ab2ce as the min replicated index is 4. Deletion is not allowed in this container yet.
2019-10-15 21:21:25,876 [BlockDeletingService#2] WARN  background.BlockDeletingService (BlockDeletingService.java:isDeletionAllowed(187)) - Close Container log Index 6 is not replicated across allthe servers in the pipeline 2edbc878-18e2-43a0-b08d-1135523ab2ce as the min replicated index is 4. Deletion is not allowed in this container yet.
2019-10-15 21:21:25,903 [436ea7cb-b08f-45a9-ac25-59983fb5da84@group-1135523AB2CE-LeaderElection21] INFO  impl.LeaderElection (LeaderElection.java:askForVotes(178)) - 436ea7cb-b08f-45a9-ac25-59983fb5da84@group-1135523AB2CE-LeaderElection21: begin an election at term 18 for 0: [436ea7cb-b08f-45a9-ac25-59983fb5da84:192.168.69.102:32878, 0eb142cf-b7a4-42cc-bedf-7b6b824b4e6a:192.168.69.102:43792, 47d72301-684e-48ba-af14-36fa0ba944f7:192.168.69.102:33903], old=null
2019-10-15 21:21:25,906 [grpc-default-executor-2] INFO  impl.RaftServerImpl (RaftServerImpl.java:setRole(184)) - 47d72301-684e-48ba-af14-36fa0ba944f7@group-1135523AB2CE: changes role from  FOLLOWER to FOLLOWER at term 18 for recognizeCandidate:436ea7cb-b08f-45a9-ac25-59983fb5da84
2019-10-15 21:21:25,906 [grpc-default-executor-2] INFO  impl.RoleInfo (RoleInfo.java:shutdownFollowerState(121)) - 47d72301-684e-48ba-af14-36fa0ba944f7: shutdown FollowerState
2019-10-15 21:21:25,906 [grpc-default-executor-6] INFO  impl.RaftServerImpl (RaftServerImpl.java:setRole(184)) - 0eb142cf-b7a4-42cc-bedf-7b6b824b4e6a@group-1135523AB2CE: changes role from  FOLLOWER to FOLLOWER at term 18 for recognizeCandidate:436ea7cb-b08f-45a9-ac25-59983fb5da84
2019-10-15 21:21:25,906 [grpc-default-executor-2] INFO  impl.RoleInfo (RoleInfo.java:updateAndGet(143)) - 47d72301-684e-48ba-af14-36fa0ba944f7: start FollowerState
2019-10-15 21:21:25,906 [Thread-650] INFO  impl.FollowerState (FollowerState.java:run(117)) - 47d72301-684e-48ba-af14-36fa0ba944f7@group-1135523AB2CE-FollowerState was interrupted: java.lang.InterruptedException: sleep interrupted
2019-10-15 21:21:25,906 [grpc-default-executor-6] INFO  impl.RoleInfo (RoleInfo.java:shutdownFollowerState(121)) - 0eb142cf-b7a4-42cc-bedf-7b6b824b4e6a: shutdown FollowerState
2019-10-15 21:21:25,907 [grpc-default-executor-6] INFO  impl.RoleInfo (RoleInfo.java:updateAndGet(143)) - 0eb142cf-b7a4-42cc-bedf-7b6b824b4e6a: start FollowerState
2019-10-15 21:21:25,907 [Thread-651] INFO  impl.FollowerState (FollowerState.java:run(117)) - 0eb142cf-b7a4-42cc-bedf-7b6b824b4e6a@group-1135523AB2CE-FollowerState was interrupted: java.lang.InterruptedException: sleep interrupted
2019-10-15 21:21:25,921 [436ea7cb-b08f-45a9-ac25-59983fb5da84@group-1135523AB2CE-LeaderElection21] INFO  impl.LeaderElection (LeaderElection.java:logAndReturn(56)) - 436ea7cb-b08f-45a9-ac25-59983fb5da84@group-1135523AB2CE-LeaderElection21: Election REJECTED; received 2 response(s) [436ea7cb-b08f-45a9-ac25-59983fb5da84<-0eb142cf-b7a4-42cc-bedf-7b6b824b4e6a#0:FAIL-t18, 436ea7cb-b08f-45a9-ac25-59983fb5da84<-47d72301-684e-48ba-af14-36fa0ba944f7#0:FAIL-t18] and 0 exception(s); 436ea7cb-b08f-45a9-ac25-59983fb5da84@group-1135523AB2CE:t18, leader=null, voted=436ea7cb-b08f-45a9-ac25-59983fb5da84, raftlog=436ea7cb-b08f-45a9-ac25-59983fb5da84@group-1135523AB2CE-SegmentedRaftLog:OPENED:c3,f4,i4, conf=0: [436ea7cb-b08f-45a9-ac25-59983fb5da84:192.168.69.102:32878, 0eb142cf-b7a4-42cc-bedf-7b6b824b4e6a:192.168.69.102:43792, 47d72301-684e-48ba-af14-36fa0ba944f7:192.168.69.102:33903], old=null
2019-10-15 21:21:25,921 [436ea7cb-b08f-45a9-ac25-59983fb5da84@group-1135523AB2CE-LeaderElection21] INFO  impl.RaftServerImpl (RaftServerImpl.java:setRole(184)) - 436ea7cb-b08f-45a9-ac25-59983fb5da84@group-1135523AB2CE: changes role from CANDIDATE to FOLLOWER at term 18 for DISCOVERED_A_NEW_TERM
2019-10-15 21:21:25,921 [436ea7cb-b08f-45a9-ac25-59983fb5da84@group-1135523AB2CE-LeaderElection21] INFO  impl.RoleInfo (RoleInfo.java:shutdownLeaderElection(134)) - 436ea7cb-b08f-45a9-ac25-59983fb5da84: shutdown LeaderElection
2019-10-15 21:21:25,921 [436ea7cb-b08f-45a9-ac25-59983fb5da84@group-1135523AB2CE-LeaderElection21] INFO  impl.RoleInfo (RoleInfo.java:updateAndGet(143)) - 436ea7cb-b08f-45a9-ac25-59983fb5da84: start FollowerState
2019-10-15 21:21:25,983 [Thread-660] INFO  impl.FollowerState (FollowerState.java:run(108)) - 436ea7cb-b08f-45a9-ac25-59983fb5da84@group-1135523AB2CE-FollowerState: change to CANDIDATE, lastRpcTime:61ms, electionTimeout:61ms
2019-10-15 21:21:25,983 [Thread-660] INFO  impl.RoleInfo (RoleInfo.java:shutdownFollowerState(121)) - 436ea7cb-b08f-45a9-ac25-59983fb5da84: shutdown FollowerState
2019-10-15 21:21:25,983 [Thread-660] INFO  impl.RaftServerImpl (RaftServerImpl.java:setRole(184)) - 436ea7cb-b08f-45a9-ac25-59983fb5da84@group-1135523AB2CE: changes role from  FOLLOWER to CANDIDATE at term 18 for changeToCandidate
2019-10-15 21:21:25,983 [Thread-660] INFO  impl.RoleInfo (RoleInfo.java:updateAndGet(143)) - 436ea7cb-b08f-45a9-ac25-59983fb5da84: start LeaderElection
2019-10-15 21:21:26,005 [436ea7cb-b08f-45a9-ac25-59983fb5da84@group-1135523AB2CE-LeaderElection22] INFO  impl.LeaderElection (LeaderElection.java:askForVotes(178)) - 436ea7cb-b08f-45a9-ac25-59983fb5da84@group-1135523AB2CE-LeaderElection22: begin an election at term 19 for 0: [436ea7cb-b08f-45a9-ac25-59983fb5da84:192.168.69.102:32878, 0eb142cf-b7a4-42cc-bedf-7b6b824b4e6a:192.168.69.102:43792, 47d72301-684e-48ba-af14-36fa0ba944f7:192.168.69.102:33903], old=null
2019-10-15 21:21:26,008 [grpc-default-executor-2] INFO  impl.RaftServerImpl (RaftServerImpl.java:setRole(184)) - 0eb142cf-b7a4-42cc-bedf-7b6b824b4e6a@group-1135523AB2CE: changes role from  FOLLOWER to FOLLOWER at term 19 for recognizeCandidate:436ea7cb-b08f-45a9-ac25-59983fb5da84
2019-10-15 21:21:26,008 [grpc-default-executor-6] INFO  impl.RaftServerImpl (RaftServerImpl.java:setRole(184)) - 47d72301-684e-48ba-af14-36fa0ba944f7@group-1135523AB2CE: changes role from  FOLLOWER to FOLLOWER at term 19 for recognizeCandidate:436ea7cb-b08f-45a9-ac25-59983fb5da84
2019-10-15 21:21:26,008 [grpc-default-executor-2] INFO  impl.RoleInfo (RoleInfo.java:shutdownFollowerState(121)) - 0eb142cf-b7a4-42cc-bedf-7b6b824b4e6a: shutdown FollowerState
2019-10-15 21:21:26,008 [grpc-default-executor-6] INFO  impl.RoleInfo (RoleInfo.java:shutdownFollowerState(121)) - 47d72301-684e-48ba-af14-36fa0ba944f7: shutdown FollowerState
2019-10-15 21:21:26,008 [grpc-default-executor-2] INFO  impl.RoleInfo (RoleInfo.java:updateAndGet(143)) - 0eb142cf-b7a4-42cc-bedf-7b6b824b4e6a: start FollowerState
2019-10-15 21:21:26,008 [Thread-658] INFO  impl.FollowerState (FollowerState.java:run(117)) - 47d72301-684e-48ba-af14-36fa0ba944f7@group-1135523AB2CE-FollowerState was interrupted: java.lang.InterruptedException: sleep interrupted
2019-10-15 21:21:26,008 [Thread-659] INFO  impl.FollowerState (FollowerState.java:run(117)) - 0eb142cf-b7a4-42cc-bedf-7b6b824b4e6a@group-1135523AB2CE-FollowerState was interrupted: java.lang.InterruptedException: sleep interrupted
2019-10-15 21:21:26,008 [grpc-default-executor-6] INFO  impl.RoleInfo (RoleInfo.java:updateAndGet(143)) - 47d72301-684e-48ba-af14-36fa0ba944f7: start FollowerState
2019-10-15 21:21:26,024 [436ea7cb-b08f-45a9-ac25-59983fb5da84@group-1135523AB2CE-LeaderElection22] INFO  impl.LeaderElection (LeaderElection.java:logAndReturn(56)) - 436ea7cb-b08f-45a9-ac25-59983fb5da84@group-1135523AB2CE-LeaderElection22: Election REJECTED; received 2 response(s) [436ea7cb-b08f-45a9-ac25-59983fb5da84<-0eb142cf-b7a4-42cc-bedf-7b6b824b4e6a#0:FAIL-t19, 436ea7cb-b08f-45a9-ac25-59983fb5da84<-47d72301-684e-48ba-af14-36fa0ba944f7#0:FAIL-t19] and 0 exception(s); 436ea7cb-b08f-45a9-ac25-59983fb5da84@group-1135523AB2CE:t19, leader=null, voted=436ea7cb-b08f-45a9-ac25-59983fb5da84, raftlog=436ea7cb-b08f-45a9-ac25-59983fb5da84@group-1135523AB2CE-SegmentedRaftLog:OPENED:c3,f4,i4, conf=0: [436ea7cb-b08f-45a9-ac25-59983fb5da84:192.168.69.102:32878, 0eb142cf-b7a4-42cc-bedf-7b6b824b4e6a:192.168.69.102:43792, 47d72301-684e-48ba-af14-36fa0ba944f7:192.168.69.102:33903], old=null
2019-10-15 21:21:26,024 [436ea7cb-b08f-45a9-ac25-59983fb5da84@group-1135523AB2CE-LeaderElection22] INFO  impl.RaftServerImpl (RaftServerImpl.java:setRole(184)) - 436ea7cb-b08f-45a9-ac25-59983fb5da84@group-1135523AB2CE: changes role from CANDIDATE to FOLLOWER at term 19 for DISCOVERED_A_NEW_TERM
2019-10-15 21:21:26,024 [436ea7cb-b08f-45a9-ac25-59983fb5da84@group-1135523AB2CE-LeaderElection22] INFO  impl.RoleInfo (RoleInfo.java:shutdownLeaderElection(134)) - 436ea7cb-b08f-45a9-ac25-59983fb5da84: shutdown LeaderElection
2019-10-15 21:21:26,025 [436ea7cb-b08f-45a9-ac25-59983fb5da84@group-1135523AB2CE-LeaderElection22] INFO  impl.RoleInfo (RoleInfo.java:updateAndGet(143)) - 436ea7cb-b08f-45a9-ac25-59983fb5da84: start FollowerState
2019-10-15 21:21:26,050 [Thread-666] INFO  impl.FollowerState (FollowerState.java:run(108)) - 436ea7cb-b08f-45a9-ac25-59983fb5da84@group-1135523AB2CE-FollowerState: change to CANDIDATE, lastRpcTime:25ms, electionTimeout:25ms
2019-10-15 21:21:26,050 [Thread-666] INFO  impl.RoleInfo (RoleInfo.java:shutdownFollowerState(121)) - 436ea7cb-b08f-45a9-ac25-59983fb5da84: shutdown FollowerState
2019-10-15 21:21:26,050 [Thread-666] INFO  impl.RaftServerImpl (RaftServerImpl.java:setRole(184)) - 436ea7cb-b08f-45a9-ac25-59983fb5da84@group-1135523AB2CE: changes role from  FOLLOWER to CANDIDATE at term 19 for changeToCandidate
2019-10-15 21:21:26,051 [Thread-666] INFO  impl.RoleInfo (RoleInfo.java:updateAndGet(143)) - 436ea7cb-b08f-45a9-ac25-59983fb5da84: start LeaderElection
2019-10-15 21:21:26,057 [436ea7cb-b08f-45a9-ac25-59983fb5da84@group-1135523AB2CE-LeaderElection23] INFO  impl.LeaderElection (LeaderElection.java:askForVotes(178)) - 436ea7cb-b08f-45a9-ac25-59983fb5da84@group-1135523AB2CE-LeaderElection23: begin an election at term 20 for 0: [436ea7cb-b08f-45a9-ac25-59983fb5da84:192.168.69.102:32878, 0eb142cf-b7a4-42cc-bedf-7b6b824b4e6a:192.168.69.102:43792, 47d72301-684e-48ba-af14-36fa0ba944f7:192.168.69.102:33903], old=null
2019-10-15 21:21:26,060 [grpc-default-executor-6] INFO  impl.RaftServerImpl (RaftServerImpl.java:setRole(184)) - 47d72301-684e-48ba-af14-36fa0ba944f7@group-1135523AB2CE: changes role from  FOLLOWER to FOLLOWER at term 20 for recognizeCandidate:436ea7cb-b08f-45a9-ac25-59983fb5da84
2019-10-15 21:21:26,060 [grpc-default-executor-2] INFO  impl.RaftServerImpl (RaftServerImpl.java:setRole(184)) - 0eb142cf-b7a4-42cc-bedf-7b6b824b4e6a@group-1135523AB2CE: changes role from  FOLLOWER to FOLLOWER at term 20 for recognizeCandidate:436ea7cb-b08f-45a9-ac25-59983fb5da84
2019-10-15 21:21:26,060 [grpc-default-executor-2] INFO  impl.RoleInfo (RoleInfo.java:shutdownFollowerState(121)) - 0eb142cf-b7a4-42cc-bedf-7b6b824b4e6a: shutdown FollowerState
2019-10-15 21:21:26,060 [grpc-default-executor-6] INFO  impl.RoleInfo (RoleInfo.java:shutdownFollowerState(121)) - 47d72301-684e-48ba-af14-36fa0ba944f7: shutdown FollowerState
2019-10-15 21:21:26,061 [grpc-default-executor-2] INFO  impl.RoleInfo (RoleInfo.java:updateAndGet(143)) - 0eb142cf-b7a4-42cc-bedf-7b6b824b4e6a: start FollowerState
2019-10-15 21:21:26,061 [Thread-665] INFO  impl.FollowerState (FollowerState.java:run(117)) - 47d72301-684e-48ba-af14-36fa0ba944f7@group-1135523AB2CE-FollowerState was interrupted: java.lang.InterruptedException: sleep interrupted
2019-10-15 21:21:26,061 [Thread-664] INFO  impl.FollowerState (FollowerState.java:run(117)) - 0eb142cf-b7a4-42cc-bedf-7b6b824b4e6a@group-1135523AB2CE-FollowerState was interrupted: java.lang.InterruptedException: sleep interrupted
2019-10-15 21:21:26,061 [grpc-default-executor-6] INFO  impl.RoleInfo (RoleInfo.java:updateAndGet(143)) - 47d72301-684e-48ba-af14-36fa0ba944f7: start FollowerState
2019-10-15 21:21:26,072 [436ea7cb-b08f-45a9-ac25-59983fb5da84@group-1135523AB2CE-LeaderElection23] INFO  impl.LeaderElection (LeaderElection.java:logAndReturn(56)) - 436ea7cb-b08f-45a9-ac25-59983fb5da84@group-1135523AB2CE-LeaderElection23: Election REJECTED; received 2 response(s) [436ea7cb-b08f-45a9-ac25-59983fb5da84<-0eb142cf-b7a4-42cc-bedf-7b6b824b4e6a#0:FAIL-t20, 436ea7cb-b08f-45a9-ac25-59983fb5da84<-47d72301-684e-48ba-af14-36fa0ba944f7#0:FAIL-t20] and 0 exception(s); 436ea7cb-b08f-45a9-ac25-59983fb5da84@group-1135523AB2CE:t20, leader=null, voted=436ea7cb-b08f-45a9-ac25-59983fb5da84, raftlog=436ea7cb-b08f-45a9-ac25-59983fb5da84@group-1135523AB2CE-SegmentedRaftLog:OPENED:c3,f4,i4, conf=0: [436ea7cb-b08f-45a9-ac25-59983fb5da84:192.168.69.102:32878, 0eb142cf-b7a4-42cc-bedf-7b6b824b4e6a:192.168.69.102:43792, 47d72301-684e-48ba-af14-36fa0ba944f7:192.168.69.102:33903], old=null
2019-10-15 21:21:26,073 [436ea7cb-b08f-45a9-ac25-59983fb5da84@group-1135523AB2CE-LeaderElection23] INFO  impl.RaftServerImpl (RaftServerImpl.java:setRole(184)) - 436ea7cb-b08f-45a9-ac25-59983fb5da84@group-1135523AB2CE: changes role from CANDIDATE to FOLLOWER at term 20 for DISCOVERED_A_NEW_TERM
2019-10-15 21:21:26,073 [436ea7cb-b08f-45a9-ac25-59983fb5da84@group-1135523AB2CE-LeaderElection23] INFO  impl.RoleInfo (RoleInfo.java:shutdownLeaderElection(134)) - 436ea7cb-b08f-45a9-ac25-59983fb5da84: shutdown LeaderElection
2019-10-15 21:21:26,073 [436ea7cb-b08f-45a9-ac25-59983fb5da84@group-1135523AB2CE-LeaderElection23] INFO  impl.RoleInfo (RoleInfo.java:updateAndGet(143)) - 436ea7cb-b08f-45a9-ac25-59983fb5da84: start FollowerState
2019-10-15 21:21:26,193 [Thread-672] INFO  impl.FollowerState (FollowerState.java:run(108)) - 436ea7cb-b08f-45a9-ac25-59983fb5da84@group-1135523AB2CE-FollowerState: change to CANDIDATE, lastRpcTime:120ms, electionTimeout:120ms
2019-10-15 21:21:26,193 [Thread-672] INFO  impl.RoleInfo (RoleInfo.java:shutdownFollowerState(121)) - 436ea7cb-b08f-45a9-ac25-59983fb5da84: shutdown FollowerState
2019-10-15 21:21:26,193 [Thread-672] INFO  impl.RaftServerImpl (RaftServerImpl.java:setRole(184)) - 436ea7cb-b08f-45a9-ac25-59983fb5da84@group-1135523AB2CE: changes role from  FOLLOWER to CANDIDATE at term 20 for changeToCandidate
2019-10-15 21:21:26,193 [Thread-672] INFO  impl.RoleInfo (RoleInfo.java:updateAndGet(143)) - 436ea7cb-b08f-45a9-ac25-59983fb5da84: start LeaderElection
2019-10-15 21:21:26,207 [436ea7cb-b08f-45a9-ac25-59983fb5da84@group-1135523AB2CE-LeaderElection24] INFO  impl.LeaderElection (LeaderElection.java:askForVotes(178)) - 436ea7cb-b08f-45a9-ac25-59983fb5da84@group-1135523AB2CE-LeaderElection24: begin an election at term 21 for 0: [436ea7cb-b08f-45a9-ac25-59983fb5da84:192.168.69.102:32878, 0eb142cf-b7a4-42cc-bedf-7b6b824b4e6a:192.168.69.102:43792, 47d72301-684e-48ba-af14-36fa0ba944f7:192.168.69.102:33903], old=null
2019-10-15 21:21:26,210 [grpc-default-executor-2] INFO  impl.RaftServerImpl (RaftServerImpl.java:setRole(184)) - 47d72301-684e-48ba-af14-36fa0ba944f7@group-1135523AB2CE: changes role from  FOLLOWER to FOLLOWER at term 21 for recognizeCandidate:436ea7cb-b08f-45a9-ac25-59983fb5da84
2019-10-15 21:21:26,210 [grpc-default-executor-2] INFO  impl.RoleInfo (RoleInfo.java:shutdownFollowerState(121)) - 47d72301-684e-48ba-af14-36fa0ba944f7: shutdown FollowerState
2019-10-15 21:21:26,210 [Thread-671] INFO  impl.FollowerState (FollowerState.java:run(117)) - 47d72301-684e-48ba-af14-36fa0ba944f7@group-1135523AB2CE-FollowerState was interrupted: java.lang.InterruptedException: sleep interrupted
2019-10-15 21:21:26,210 [grpc-default-executor-6] INFO  impl.RaftServerImpl (RaftServerImpl.java:setRole(184)) - 0eb142cf-b7a4-42cc-bedf-7b6b824b4e6a@group-1135523AB2CE: changes role from  FOLLOWER to FOLLOWER at term 21 for recognizeCandidate:436ea7cb-b08f-45a9-ac25-59983fb5da84
2019-10-15 21:21:26,210 [grpc-default-executor-2] INFO  impl.RoleInfo (RoleInfo.java:updateAndGet(143)) - 47d72301-684e-48ba-af14-36fa0ba944f7: start FollowerState
2019-10-15 21:21:26,214 [grpc-default-executor-6] INFO  impl.RoleInfo (RoleInfo.java:shutdownFollowerState(121)) - 0eb142cf-b7a4-42cc-bedf-7b6b824b4e6a: shutdown FollowerState
2019-10-15 21:21:26,214 [Thread-670] INFO  impl.FollowerState (FollowerState.java:run(117)) - 0eb142cf-b7a4-42cc-bedf-7b6b824b4e6a@group-1135523AB2CE-FollowerState was interrupted: java.lang.InterruptedException: sleep interrupted
2019-10-15 21:21:26,214 [grpc-default-executor-6] INFO  impl.RoleInfo (RoleInfo.java:updateAndGet(143)) - 0eb142cf-b7a4-42cc-bedf-7b6b824b4e6a: start FollowerState
2019-10-15 21:21:26,242 [436ea7cb-b08f-45a9-ac25-59983fb5da84@group-1135523AB2CE-LeaderElection24] INFO  impl.LeaderElection (LeaderElection.java:logAndReturn(56)) - 436ea7cb-b08f-45a9-ac25-59983fb5da84@group-1135523AB2CE-LeaderElection24: Election REJECTED; received 2 response(s) [436ea7cb-b08f-45a9-ac25-59983fb5da84<-0eb142cf-b7a4-42cc-bedf-7b6b824b4e6a#0:FAIL-t21, 436ea7cb-b08f-45a9-ac25-59983fb5da84<-47d72301-684e-48ba-af14-36fa0ba944f7#0:FAIL-t21] and 0 exception(s); 436ea7cb-b08f-45a9-ac25-59983fb5da84@group-1135523AB2CE:t21, leader=null, voted=436ea7cb-b08f-45a9-ac25-59983fb5da84, raftlog=436ea7cb-b08f-45a9-ac25-59983fb5da84@group-1135523AB2CE-SegmentedRaftLog:OPENED:c3,f4,i4, conf=0: [436ea7cb-b08f-45a9-ac25-59983fb5da84:192.168.69.102:32878, 0eb142cf-b7a4-42cc-bedf-7b6b824b4e6a:192.168.69.102:43792, 47d72301-684e-48ba-af14-36fa0ba944f7:192.168.69.102:33903], old=null
2019-10-15 21:21:26,242 [436ea7cb-b08f-45a9-ac25-59983fb5da84@group-1135523AB2CE-LeaderElection24] INFO  impl.RaftServerImpl (RaftServerImpl.java:setRole(184)) - 436ea7cb-b08f-45a9-ac25-59983fb5da84@group-1135523AB2CE: changes role from CANDIDATE to FOLLOWER at term 21 for DISCOVERED_A_NEW_TERM
2019-10-15 21:21:26,242 [436ea7cb-b08f-45a9-ac25-59983fb5da84@group-1135523AB2CE-LeaderElection24] INFO  impl.RoleInfo (RoleInfo.java:shutdownLeaderElection(134)) - 436ea7cb-b08f-45a9-ac25-59983fb5da84: shutdown LeaderElection
2019-10-15 21:21:26,242 [436ea7cb-b08f-45a9-ac25-59983fb5da84@group-1135523AB2CE-LeaderElection24] INFO  impl.RoleInfo (RoleInfo.java:updateAndGet(143)) - 436ea7cb-b08f-45a9-ac25-59983fb5da84: start FollowerState
2019-10-15 21:21:26,436 [Thread-678] INFO  impl.FollowerState (FollowerState.java:run(108)) - 436ea7cb-b08f-45a9-ac25-59983fb5da84@group-1135523AB2CE-FollowerState: change to CANDIDATE, lastRpcTime:193ms, electionTimeout:193ms
2019-10-15 21:21:26,436 [Thread-678] INFO  impl.RoleInfo (RoleInfo.java:shutdownFollowerState(121)) - 436ea7cb-b08f-45a9-ac25-59983fb5da84: shutdown FollowerState
2019-10-15 21:21:26,436 [Thread-678] INFO  impl.RaftServerImpl (RaftServerImpl.java:setRole(184)) - 436ea7cb-b08f-45a9-ac25-59983fb5da84@group-1135523AB2CE: changes role from  FOLLOWER to CANDIDATE at term 21 for changeToCandidate
2019-10-15 21:21:26,436 [Thread-678] INFO  impl.RoleInfo (RoleInfo.java:updateAndGet(143)) - 436ea7cb-b08f-45a9-ac25-59983fb5da84: start LeaderElection
2019-10-15 21:21:26,450 [436ea7cb-b08f-45a9-ac25-59983fb5da84@group-1135523AB2CE-LeaderElection25] INFO  impl.LeaderElection (LeaderElection.java:askForVotes(178)) - 436ea7cb-b08f-45a9-ac25-59983fb5da84@group-1135523AB2CE-LeaderElection25: begin an election at term 22 for 0: [436ea7cb-b08f-45a9-ac25-59983fb5da84:192.168.69.102:32878, 0eb142cf-b7a4-42cc-bedf-7b6b824b4e6a:192.168.69.102:43792, 47d72301-684e-48ba-af14-36fa0ba944f7:192.168.69.102:33903], old=null
2019-10-15 21:21:26,453 [grpc-default-executor-2] INFO  impl.RaftServerImpl (RaftServerImpl.java:setRole(184)) - 0eb142cf-b7a4-42cc-bedf-7b6b824b4e6a@group-1135523AB2CE: changes role from  FOLLOWER to FOLLOWER at term 22 for recognizeCandidate:436ea7cb-b08f-45a9-ac25-59983fb5da84
2019-10-15 21:21:26,453 [grpc-default-executor-6] INFO  impl.RaftServerImpl (RaftServerImpl.java:setRole(184)) - 47d72301-684e-48ba-af14-36fa0ba944f7@group-1135523AB2CE: changes role from  FOLLOWER to FOLLOWER at term 22 for recognizeCandidate:436ea7cb-b08f-45a9-ac25-59983fb5da84
2019-10-15 21:21:26,453 [grpc-default-executor-2] INFO  impl.RoleInfo (RoleInfo.java:shutdownFollowerState(121)) - 0eb142cf-b7a4-42cc-bedf-7b6b824b4e6a: shutdown FollowerState
2019-10-15 21:21:26,453 [grpc-default-executor-6] INFO  impl.RoleInfo (RoleInfo.java:shutdownFollowerState(121)) - 47d72301-684e-48ba-af14-36fa0ba944f7: shutdown FollowerState
2019-10-15 21:21:26,453 [grpc-default-executor-2] INFO  impl.RoleInfo (RoleInfo.java:updateAndGet(143)) - 0eb142cf-b7a4-42cc-bedf-7b6b824b4e6a: start FollowerState
2019-10-15 21:21:26,453 [Thread-676] INFO  impl.FollowerState (FollowerState.java:run(117)) - 47d72301-684e-48ba-af14-36fa0ba944f7@group-1135523AB2CE-FollowerState was interrupted: java.lang.InterruptedException: sleep interrupted
2019-10-15 21:21:26,453 [grpc-default-executor-6] INFO  impl.RoleInfo (RoleInfo.java:updateAndGet(143)) - 47d72301-684e-48ba-af14-36fa0ba944f7: start FollowerState
2019-10-15 21:21:26,453 [Thread-677] INFO  impl.FollowerState (FollowerState.java:run(117)) - 0eb142cf-b7a4-42cc-bedf-7b6b824b4e6a@group-1135523AB2CE-FollowerState was interrupted: java.lang.InterruptedException: sleep interrupted
2019-10-15 21:21:26,456 [436ea7cb-b08f-45a9-ac25-59983fb5da84@group-1135523AB2CE-LeaderElection25] INFO  impl.LeaderElection (LeaderElection.java:logAndReturn(56)) - 436ea7cb-b08f-45a9-ac25-59983fb5da84@group-1135523AB2CE-LeaderElection25: Election TIMEOUT; received 0 response(s) [] and 0 exception(s); 436ea7cb-b08f-45a9-ac25-59983fb5da84@group-1135523AB2CE:t22, leader=null, voted=436ea7cb-b08f-45a9-ac25-59983fb5da84, raftlog=436ea7cb-b08f-45a9-ac25-59983fb5da84@group-1135523AB2CE-SegmentedRaftLog:OPENED:c3,f4,i4, conf=0: [436ea7cb-b08f-45a9-ac25-59983fb5da84:192.168.69.102:32878, 0eb142cf-b7a4-42cc-bedf-7b6b824b4e6a:192.168.69.102:43792, 47d72301-684e-48ba-af14-36fa0ba944f7:192.168.69.102:33903], old=null
2019-10-15 21:21:26,463 [436ea7cb-b08f-45a9-ac25-59983fb5da84@group-1135523AB2CE-LeaderElection25] INFO  impl.LeaderElection (LeaderElection.java:askForVotes(178)) - 436ea7cb-b08f-45a9-ac25-59983fb5da84@group-1135523AB2CE-LeaderElection25: begin an election at term 23 for 0: [436ea7cb-b08f-45a9-ac25-59983fb5da84:192.168.69.102:32878, 0eb142cf-b7a4-42cc-bedf-7b6b824b4e6a:192.168.69.102:43792, 47d72301-684e-48ba-af14-36fa0ba944f7:192.168.69.102:33903], old=null
2019-10-15 21:21:26,465 [grpc-default-executor-2] INFO  impl.RaftServerImpl (RaftServerImpl.java:setRole(184)) - 0eb142cf-b7a4-42cc-bedf-7b6b824b4e6a@group-1135523AB2CE: changes role from  FOLLOWER to FOLLOWER at term 23 for recognizeCandidate:436ea7cb-b08f-45a9-ac25-59983fb5da84
2019-10-15 21:21:26,465 [grpc-default-executor-2] INFO  impl.RoleInfo (RoleInfo.java:shutdownFollowerState(121)) - 0eb142cf-b7a4-42cc-bedf-7b6b824b4e6a: shutdown FollowerState
2019-10-15 21:21:26,465 [Thread-682] INFO  impl.FollowerState (FollowerState.java:run(117)) - 0eb142cf-b7a4-42cc-bedf-7b6b824b4e6a@group-1135523AB2CE-FollowerState was interrupted: java.lang.InterruptedException: sleep interrupted
2019-10-15 21:21:26,465 [grpc-default-executor-2] INFO  impl.RoleInfo (RoleInfo.java:updateAndGet(143)) - 0eb142cf-b7a4-42cc-bedf-7b6b824b4e6a: start FollowerState
2019-10-15 21:21:26,466 [grpc-default-executor-6] INFO  impl.RaftServerImpl (RaftServerImpl.java:setRole(184)) - 47d72301-684e-48ba-af14-36fa0ba944f7@group-1135523AB2CE: changes role from  FOLLOWER to FOLLOWER at term 23 for recognizeCandidate:436ea7cb-b08f-45a9-ac25-59983fb5da84
2019-10-15 21:21:26,466 [grpc-default-executor-6] INFO  impl.RoleInfo (RoleInfo.java:shutdownFollowerState(121)) - 47d72301-684e-48ba-af14-36fa0ba944f7: shutdown FollowerState
2019-10-15 21:21:26,466 [grpc-default-executor-6] INFO  impl.RoleInfo (RoleInfo.java:updateAndGet(143)) - 47d72301-684e-48ba-af14-36fa0ba944f7: start FollowerState
2019-10-15 21:21:26,466 [Thread-683] INFO  impl.FollowerState (FollowerState.java:run(117)) - 47d72301-684e-48ba-af14-36fa0ba944f7@group-1135523AB2CE-FollowerState was interrupted: java.lang.InterruptedException: sleep interrupted
2019-10-15 21:21:26,515 [436ea7cb-b08f-45a9-ac25-59983fb5da84@group-1135523AB2CE-LeaderElection25] INFO  impl.LeaderElection (LeaderElection.java:logAndReturn(56)) - 436ea7cb-b08f-45a9-ac25-59983fb5da84@group-1135523AB2CE-LeaderElection25: Election REJECTED; received 2 response(s) [436ea7cb-b08f-45a9-ac25-59983fb5da84<-0eb142cf-b7a4-42cc-bedf-7b6b824b4e6a#0:FAIL-t23, 436ea7cb-b08f-45a9-ac25-59983fb5da84<-47d72301-684e-48ba-af14-36fa0ba944f7#0:FAIL-t23] and 0 exception(s); 436ea7cb-b08f-45a9-ac25-59983fb5da84@group-1135523AB2CE:t23, leader=null, voted=436ea7cb-b08f-45a9-ac25-59983fb5da84, raftlog=436ea7cb-b08f-45a9-ac25-59983fb5da84@group-1135523AB2CE-SegmentedRaftLog:OPENED:c3,f4,i4, conf=0: [436ea7cb-b08f-45a9-ac25-59983fb5da84:192.168.69.102:32878, 0eb142cf-b7a4-42cc-bedf-7b6b824b4e6a:192.168.69.102:43792, 47d72301-684e-48ba-af14-36fa0ba944f7:192.168.69.102:33903], old=null
2019-10-15 21:21:26,515 [436ea7cb-b08f-45a9-ac25-59983fb5da84@group-1135523AB2CE-LeaderElection25] INFO  impl.RaftServerImpl (RaftServerImpl.java:setRole(184)) - 436ea7cb-b08f-45a9-ac25-59983fb5da84@group-1135523AB2CE: changes role from CANDIDATE to FOLLOWER at term 23 for DISCOVERED_A_NEW_TERM
2019-10-15 21:21:26,516 [436ea7cb-b08f-45a9-ac25-59983fb5da84@group-1135523AB2CE-LeaderElection25] INFO  impl.RoleInfo (RoleInfo.java:shutdownLeaderElection(134)) - 436ea7cb-b08f-45a9-ac25-59983fb5da84: shutdown LeaderElection
2019-10-15 21:21:26,516 [436ea7cb-b08f-45a9-ac25-59983fb5da84@group-1135523AB2CE-LeaderElection25] INFO  impl.RoleInfo (RoleInfo.java:updateAndGet(143)) - 436ea7cb-b08f-45a9-ac25-59983fb5da84: start FollowerState
2019-10-15 21:21:26,570 [Thread-688] INFO  impl.FollowerState (FollowerState.java:run(108)) - 436ea7cb-b08f-45a9-ac25-59983fb5da84@group-1135523AB2CE-FollowerState: change to CANDIDATE, lastRpcTime:54ms, electionTimeout:54ms
2019-10-15 21:21:26,570 [Thread-688] INFO  impl.RoleInfo (RoleInfo.java:shutdownFollowerState(121)) - 436ea7cb-b08f-45a9-ac25-59983fb5da84: shutdown FollowerState
2019-10-15 21:21:26,570 [Thread-688] INFO  impl.RaftServerImpl (RaftServerImpl.java:setRole(184)) - 436ea7cb-b08f-45a9-ac25-59983fb5da84@group-1135523AB2CE: changes role from  FOLLOWER to CANDIDATE at term 23 for changeToCandidate
2019-10-15 21:21:26,571 [Thread-688] INFO  impl.RoleInfo (RoleInfo.java:updateAndGet(143)) - 436ea7cb-b08f-45a9-ac25-59983fb5da84: start LeaderElection
2019-10-15 21:21:26,585 [436ea7cb-b08f-45a9-ac25-59983fb5da84@group-1135523AB2CE-LeaderElection26] INFO  impl.LeaderElection (LeaderElection.java:askForVotes(178)) - 436ea7cb-b08f-45a9-ac25-59983fb5da84@group-1135523AB2CE-LeaderElection26: begin an election at term 24 for 0: [436ea7cb-b08f-45a9-ac25-59983fb5da84:192.168.69.102:32878, 0eb142cf-b7a4-42cc-bedf-7b6b824b4e6a:192.168.69.102:43792, 47d72301-684e-48ba-af14-36fa0ba944f7:192.168.69.102:33903], old=null
2019-10-15 21:21:26,588 [grpc-default-executor-6] INFO  impl.RaftServerImpl (RaftServerImpl.java:setRole(184)) - 0eb142cf-b7a4-42cc-bedf-7b6b824b4e6a@group-1135523AB2CE: changes role from  FOLLOWER to FOLLOWER at term 24 for recognizeCandidate:436ea7cb-b08f-45a9-ac25-59983fb5da84
2019-10-15 21:21:26,588 [grpc-default-executor-6] INFO  impl.RoleInfo (RoleInfo.java:shutdownFollowerState(121)) - 0eb142cf-b7a4-42cc-bedf-7b6b824b4e6a: shutdown FollowerState
2019-10-15 21:21:26,588 [grpc-default-executor-2] INFO  impl.RaftServerImpl (RaftServerImpl.java:setRole(184)) - 47d72301-684e-48ba-af14-36fa0ba944f7@group-1135523AB2CE: changes role from  FOLLOWER to FOLLOWER at term 24 for recognizeCandidate:436ea7cb-b08f-45a9-ac25-59983fb5da84
2019-10-15 21:21:26,588 [grpc-default-executor-6] INFO  impl.RoleInfo (RoleInfo.java:updateAndGet(143)) - 0eb142cf-b7a4-42cc-bedf-7b6b824b4e6a: start FollowerState
2019-10-15 21:21:26,588 [Thread-686] INFO  impl.FollowerState (FollowerState.java:run(117)) - 0eb142cf-b7a4-42cc-bedf-7b6b824b4e6a@group-1135523AB2CE-FollowerState was interrupted: java.lang.InterruptedException: sleep interrupted
2019-10-15 21:21:26,588 [grpc-default-executor-2] INFO  impl.RoleInfo (RoleInfo.java:shutdownFollowerState(121)) - 47d72301-684e-48ba-af14-36fa0ba944f7: shutdown FollowerState
2019-10-15 21:21:26,589 [Thread-687] INFO  impl.FollowerState (FollowerState.java:run(117)) - 47d72301-684e-48ba-af14-36fa0ba944f7@group-1135523AB2CE-FollowerState was interrupted: java.lang.InterruptedException: sleep interrupted
2019-10-15 21:21:26,589 [grpc-default-executor-2] INFO  impl.RoleInfo (RoleInfo.java:updateAndGet(143)) - 47d72301-684e-48ba-af14-36fa0ba944f7: start FollowerState
2019-10-15 21:21:26,614 [436ea7cb-b08f-45a9-ac25-59983fb5da84@group-1135523AB2CE-LeaderElection26] INFO  impl.LeaderElection (LeaderElection.java:logAndReturn(56)) - 436ea7cb-b08f-45a9-ac25-59983fb5da84@group-1135523AB2CE-LeaderElection26: Election REJECTED; received 2 response(s) [436ea7cb-b08f-45a9-ac25-59983fb5da84<-0eb142cf-b7a4-42cc-bedf-7b6b824b4e6a#0:FAIL-t24, 436ea7cb-b08f-45a9-ac25-59983fb5da84<-47d72301-684e-48ba-af14-36fa0ba944f7#0:FAIL-t24] and 0 exception(s); 436ea7cb-b08f-45a9-ac25-59983fb5da84@group-1135523AB2CE:t24, leader=null, voted=436ea7cb-b08f-45a9-ac25-59983fb5da84, raftlog=436ea7cb-b08f-45a9-ac25-59983fb5da84@group-1135523AB2CE-SegmentedRaftLog:OPENED:c3,f4,i4, conf=0: [436ea7cb-b08f-45a9-ac25-59983fb5da84:192.168.69.102:32878, 0eb142cf-b7a4-42cc-bedf-7b6b824b4e6a:192.168.69.102:43792, 47d72301-684e-48ba-af14-36fa0ba944f7:192.168.69.102:33903], old=null
2019-10-15 21:21:26,614 [436ea7cb-b08f-45a9-ac25-59983fb5da84@group-1135523AB2CE-LeaderElection26] INFO  impl.RaftServerImpl (RaftServerImpl.java:setRole(184)) - 436ea7cb-b08f-45a9-ac25-59983fb5da84@group-1135523AB2CE: changes role from CANDIDATE to FOLLOWER at term 24 for DISCOVERED_A_NEW_TERM
2019-10-15 21:21:26,614 [436ea7cb-b08f-45a9-ac25-59983fb5da84@group-1135523AB2CE-LeaderElection26] INFO  impl.RoleInfo (RoleInfo.java:shutdownLeaderElection(134)) - 436ea7cb-b08f-45a9-ac25-59983fb5da84: shutdown LeaderElection
2019-10-15 21:21:26,614 [436ea7cb-b08f-45a9-ac25-59983fb5da84@group-1135523AB2CE-LeaderElection26] INFO  impl.RoleInfo (RoleInfo.java:updateAndGet(143)) - 436ea7cb-b08f-45a9-ac25-59983fb5da84: start FollowerState
2019-10-15 21:21:26,632 [Thread-697] INFO  client.GrpcClientProtocolService (GrpcClientProtocolService.java:lambda$processClientRequest$0(278)) - Failed RaftClientRequest:client-E312EE24CE89->0eb142cf-b7a4-42cc-bedf-7b6b824b4e6a@group-1135523AB2CE, cid=10, seq=0, Watch-ALL_COMMITTED(6), Message:<EMPTY>, reply=RaftClientReply:client-E312EE24CE89->0eb142cf-b7a4-42cc-bedf-7b6b824b4e6a@group-1135523AB2CE, cid=10, FAILED org.apache.ratis.protocol.NotLeaderException: Server 0eb142cf-b7a4-42cc-bedf-7b6b824b4e6a@group-1135523AB2CE is not the leader, logIndex=0, commits[0eb142cf-b7a4-42cc-bedf-7b6b824b4e6a:c10, 436ea7cb-b08f-45a9-ac25-59983fb5da84:c4, 47d72301-684e-48ba-af14-36fa0ba944f7:c10]
2019-10-15 21:21:26,714 [pool-7-thread-4] INFO  commands.RetriableDatanodeEventWatcher (RetriableDatanodeEventWatcher.java:onTimeout(47)) - RetriableDatanodeCommand type=deleteBlocksCommand with id=1571174480710 timed out. Retrying.
2019-10-15 21:21:26,714 [pool-7-thread-3] INFO  commands.RetriableDatanodeEventWatcher (RetriableDatanodeEventWatcher.java:onTimeout(47)) - RetriableDatanodeCommand type=deleteBlocksCommand with id=1571174480712 timed out. Retrying.
2019-10-15 21:21:26,714 [pool-7-thread-1] INFO  commands.RetriableDatanodeEventWatcher (RetriableDatanodeEventWatcher.java:onTimeout(47)) - RetriableDatanodeCommand type=deleteBlocksCommand with id=1571174480707 timed out. Retrying.
2019-10-15 21:21:26,714 [pool-7-thread-5] INFO  commands.RetriableDatanodeEventWatcher (RetriableDatanodeEventWatcher.java:onTimeout(47)) - RetriableDatanodeCommand type=deleteBlocksCommand with id=1571174480708 timed out. Retrying.
2019-10-15 21:21:26,714 [SCMBlockDeletingService#1] INFO  block.SCMBlockDeletingService (SCMBlockDeletingService.java:call(184)) - Totally added 1 delete blocks command for 1 datanodes, task elapsed time: 1ms
2019-10-15 21:21:26,714 [pool-7-thread-2] INFO  commands.RetriableDatanodeEventWatcher (RetriableDatanodeEventWatcher.java:onTimeout(47)) - RetriableDatanodeCommand type=deleteBlocksCommand with id=1571174480709 timed out. Retrying.
2019-10-15 21:21:26,715 [pool-7-thread-4] INFO  commands.RetriableDatanodeEventWatcher (RetriableDatanodeEventWatcher.java:onTimeout(47)) - RetriableDatanodeCommand type=deleteBlocksCommand with id=1571174480711 timed out. Retrying.
2019-10-15 21:21:26,731 [Thread-695] INFO  impl.FollowerState (FollowerState.java:run(108)) - 436ea7cb-b08f-45a9-ac25-59983fb5da84@group-1135523AB2CE-FollowerState: change to CANDIDATE, lastRpcTime:116ms, electionTimeout:116ms
2019-10-15 21:21:26,731 [Thread-695] INFO  impl.RoleInfo (RoleInfo.java:shutdownFollowerState(121)) - 436ea7cb-b08f-45a9-ac25-59983fb5da84: shutdown FollowerState
2019-10-15 21:21:26,731 [Thread-695] INFO  impl.RaftServerImpl (RaftServerImpl.java:setRole(184)) - 436ea7cb-b08f-45a9-ac25-59983fb5da84@group-1135523AB2CE: changes role from  FOLLOWER to CANDIDATE at term 24 for changeToCandidate
2019-10-15 21:21:26,731 [Thread-695] INFO  impl.RoleInfo (RoleInfo.java:updateAndGet(143)) - 436ea7cb-b08f-45a9-ac25-59983fb5da84: start LeaderElection
2019-10-15 21:21:26,744 [436ea7cb-b08f-45a9-ac25-59983fb5da84@group-1135523AB2CE-LeaderElection27] INFO  impl.LeaderElection (LeaderElection.java:askForVotes(178)) - 436ea7cb-b08f-45a9-ac25-59983fb5da84@group-1135523AB2CE-LeaderElection27: begin an election at term 25 for 0: [436ea7cb-b08f-45a9-ac25-59983fb5da84:192.168.69.102:32878, 0eb142cf-b7a4-42cc-bedf-7b6b824b4e6a:192.168.69.102:43792, 47d72301-684e-48ba-af14-36fa0ba944f7:192.168.69.102:33903], old=null
2019-10-15 21:21:26,746 [grpc-default-executor-2] INFO  impl.RaftServerImpl (RaftServerImpl.java:setRole(184)) - 0eb142cf-b7a4-42cc-bedf-7b6b824b4e6a@group-1135523AB2CE: changes role from  FOLLOWER to FOLLOWER at term 25 for recognizeCandidate:436ea7cb-b08f-45a9-ac25-59983fb5da84
2019-10-15 21:21:26,746 [grpc-default-executor-2] INFO  impl.RoleInfo (RoleInfo.java:shutdownFollowerState(121)) - 0eb142cf-b7a4-42cc-bedf-7b6b824b4e6a: shutdown FollowerState
2019-10-15 21:21:26,747 [grpc-default-executor-2] INFO  impl.RoleInfo (RoleInfo.java:updateAndGet(143)) - 0eb142cf-b7a4-42cc-bedf-7b6b824b4e6a: start FollowerState
2019-10-15 21:21:26,747 [Thread-693] INFO  impl.FollowerState (FollowerState.java:run(117)) - 0eb142cf-b7a4-42cc-bedf-7b6b824b4e6a@group-1135523AB2CE-FollowerState was interrupted: java.lang.InterruptedException: sleep interrupted
2019-10-15 21:21:26,747 [grpc-default-executor-6] INFO  impl.RaftServerImpl (RaftServerImpl.java:setRole(184)) - 47d72301-684e-48ba-af14-36fa0ba944f7@group-1135523AB2CE: changes role from  FOLLOWER to FOLLOWER at term 25 for recognizeCandidate:436ea7cb-b08f-45a9-ac25-59983fb5da84
2019-10-15 21:21:26,747 [grpc-default-executor-6] INFO  impl.RoleInfo (RoleInfo.java:shutdownFollowerState(121)) - 47d72301-684e-48ba-af14-36fa0ba944f7: shutdown FollowerState
2019-10-15 21:21:26,747 [Thread-694] INFO  impl.FollowerState (FollowerState.java:run(117)) - 47d72301-684e-48ba-af14-36fa0ba944f7@group-1135523AB2CE-FollowerState was interrupted: java.lang.InterruptedException: sleep interrupted
2019-10-15 21:21:26,747 [grpc-default-executor-6] INFO  impl.RoleInfo (RoleInfo.java:updateAndGet(143)) - 47d72301-684e-48ba-af14-36fa0ba944f7: start FollowerState
2019-10-15 21:21:26,764 [436ea7cb-b08f-45a9-ac25-59983fb5da84@group-1135523AB2CE-LeaderElection27] INFO  impl.LeaderElection (LeaderElection.java:logAndReturn(56)) - 436ea7cb-b08f-45a9-ac25-59983fb5da84@group-1135523AB2CE-LeaderElection27: Election REJECTED; received 2 response(s) [436ea7cb-b08f-45a9-ac25-59983fb5da84<-0eb142cf-b7a4-42cc-bedf-7b6b824b4e6a#0:FAIL-t25, 436ea7cb-b08f-45a9-ac25-59983fb5da84<-47d72301-684e-48ba-af14-36fa0ba944f7#0:FAIL-t25] and 0 exception(s); 436ea7cb-b08f-45a9-ac25-59983fb5da84@group-1135523AB2CE:t25, leader=null, voted=436ea7cb-b08f-45a9-ac25-59983fb5da84, raftlog=436ea7cb-b08f-45a9-ac25-59983fb5da84@group-1135523AB2CE-SegmentedRaftLog:OPENED:c3,f4,i4, conf=0: [436ea7cb-b08f-45a9-ac25-59983fb5da84:192.168.69.102:32878, 0eb142cf-b7a4-42cc-bedf-7b6b824b4e6a:192.168.69.102:43792, 47d72301-684e-48ba-af14-36fa0ba944f7:192.168.69.102:33903], old=null
2019-10-15 21:21:26,765 [436ea7cb-b08f-45a9-ac25-59983fb5da84@group-1135523AB2CE-LeaderElection27] INFO  impl.RaftServerImpl (RaftServerImpl.java:setRole(184)) - 436ea7cb-b08f-45a9-ac25-59983fb5da84@group-1135523AB2CE: changes role from CANDIDATE to FOLLOWER at term 25 for DISCOVERED_A_NEW_TERM
2019-10-15 21:21:26,765 [436ea7cb-b08f-45a9-ac25-59983fb5da84@group-1135523AB2CE-LeaderElection27] INFO  impl.RoleInfo (RoleInfo.java:shutdownLeaderElection(134)) - 436ea7cb-b08f-45a9-ac25-59983fb5da84: shutdown LeaderElection
2019-10-15 21:21:26,765 [436ea7cb-b08f-45a9-ac25-59983fb5da84@group-1135523AB2CE-LeaderElection27] INFO  impl.RoleInfo (RoleInfo.java:updateAndGet(143)) - 436ea7cb-b08f-45a9-ac25-59983fb5da84: start FollowerState
2019-10-15 21:21:26,877 [BlockDeletingService#2] WARN  background.BlockDeletingService (BlockDeletingService.java:isDeletionAllowed(187)) - Close Container log Index 6 is not replicated across allthe servers in the pipeline 2edbc878-18e2-43a0-b08d-1135523ab2ce as the min replicated index is 4. Deletion is not allowed in this container yet.
2019-10-15 21:21:26,877 [BlockDeletingService#2] WARN  background.BlockDeletingService (BlockDeletingService.java:isDeletionAllowed(187)) - Close Container log Index 6 is not replicated across allthe servers in the pipeline 2edbc878-18e2-43a0-b08d-1135523ab2ce as the min replicated index is 4. Deletion is not allowed in this container yet.
2019-10-15 21:21:26,904 [Thread-704] INFO  impl.FollowerState (FollowerState.java:run(108)) - 436ea7cb-b08f-45a9-ac25-59983fb5da84@group-1135523AB2CE-FollowerState: change to CANDIDATE, lastRpcTime:139ms, electionTimeout:139ms
2019-10-15 21:21:26,904 [Thread-704] INFO  impl.RoleInfo (RoleInfo.java:shutdownFollowerState(121)) - 436ea7cb-b08f-45a9-ac25-59983fb5da84: shutdown FollowerState
2019-10-15 21:21:26,904 [Thread-704] INFO  impl.RaftServerImpl (RaftServerImpl.java:setRole(184)) - 436ea7cb-b08f-45a9-ac25-59983fb5da84@group-1135523AB2CE: changes role from  FOLLOWER to CANDIDATE at term 25 for changeToCandidate
2019-10-15 21:21:26,904 [Thread-704] INFO  impl.RoleInfo (RoleInfo.java:updateAndGet(143)) - 436ea7cb-b08f-45a9-ac25-59983fb5da84: start LeaderElection
2019-10-15 21:21:26,913 [436ea7cb-b08f-45a9-ac25-59983fb5da84@group-1135523AB2CE-LeaderElection28] INFO  impl.LeaderElection (LeaderElection.java:askForVotes(178)) - 436ea7cb-b08f-45a9-ac25-59983fb5da84@group-1135523AB2CE-LeaderElection28: begin an election at term 26 for 0: [436ea7cb-b08f-45a9-ac25-59983fb5da84:192.168.69.102:32878, 0eb142cf-b7a4-42cc-bedf-7b6b824b4e6a:192.168.69.102:43792, 47d72301-684e-48ba-af14-36fa0ba944f7:192.168.69.102:33903], old=null
2019-10-15 21:21:26,916 [grpc-default-executor-2] INFO  impl.RaftServerImpl (RaftServerImpl.java:setRole(184)) - 0eb142cf-b7a4-42cc-bedf-7b6b824b4e6a@group-1135523AB2CE: changes role from  FOLLOWER to FOLLOWER at term 26 for recognizeCandidate:436ea7cb-b08f-45a9-ac25-59983fb5da84
2019-10-15 21:21:26,916 [grpc-default-executor-2] INFO  impl.RoleInfo (RoleInfo.java:shutdownFollowerState(121)) - 0eb142cf-b7a4-42cc-bedf-7b6b824b4e6a: shutdown FollowerState
2019-10-15 21:21:26,916 [Thread-702] INFO  impl.FollowerState (FollowerState.java:run(117)) - 0eb142cf-b7a4-42cc-bedf-7b6b824b4e6a@group-1135523AB2CE-FollowerState was interrupted: java.lang.InterruptedException: sleep interrupted
2019-10-15 21:21:26,916 [grpc-default-executor-2] INFO  impl.RoleInfo (RoleInfo.java:updateAndGet(143)) - 0eb142cf-b7a4-42cc-bedf-7b6b824b4e6a: start FollowerState
2019-10-15 21:21:26,917 [grpc-default-executor-6] INFO  impl.RaftServerImpl (RaftServerImpl.java:setRole(184)) - 47d72301-684e-48ba-af14-36fa0ba944f7@group-1135523AB2CE: changes role from  FOLLOWER to FOLLOWER at term 26 for recognizeCandidate:436ea7cb-b08f-45a9-ac25-59983fb5da84
2019-10-15 21:21:26,917 [grpc-default-executor-6] INFO  impl.RoleInfo (RoleInfo.java:shutdownFollowerState(121)) - 47d72301-684e-48ba-af14-36fa0ba944f7: shutdown FollowerState
2019-10-15 21:21:26,917 [grpc-default-executor-6] INFO  impl.RoleInfo (RoleInfo.java:updateAndGet(143)) - 47d72301-684e-48ba-af14-36fa0ba944f7: start FollowerState
2019-10-15 21:21:26,917 [Thread-703] INFO  impl.FollowerState (FollowerState.java:run(117)) - 47d72301-684e-48ba-af14-36fa0ba944f7@group-1135523AB2CE-FollowerState was interrupted: java.lang.InterruptedException: sleep interrupted
2019-10-15 21:21:26,952 [436ea7cb-b08f-45a9-ac25-59983fb5da84@group-1135523AB2CE-LeaderElection28] INFO  impl.LeaderElection (LeaderElection.java:logAndReturn(56)) - 436ea7cb-b08f-45a9-ac25-59983fb5da84@group-1135523AB2CE-LeaderElection28: Election REJECTED; received 2 response(s) [436ea7cb-b08f-45a9-ac25-59983fb5da84<-0eb142cf-b7a4-42cc-bedf-7b6b824b4e6a#0:FAIL-t26, 436ea7cb-b08f-45a9-ac25-59983fb5da84<-47d72301-684e-48ba-af14-36fa0ba944f7#0:FAIL-t26] and 0 exception(s); 436ea7cb-b08f-45a9-ac25-59983fb5da84@group-1135523AB2CE:t26, leader=null, voted=436ea7cb-b08f-45a9-ac25-59983fb5da84, raftlog=436ea7cb-b08f-45a9-ac25-59983fb5da84@group-1135523AB2CE-SegmentedRaftLog:OPENED:c3,f4,i4, conf=0: [436ea7cb-b08f-45a9-ac25-59983fb5da84:192.168.69.102:32878, 0eb142cf-b7a4-42cc-bedf-7b6b824b4e6a:192.168.69.102:43792, 47d72301-684e-48ba-af14-36fa0ba944f7:192.168.69.102:33903], old=null
2019-10-15 21:21:26,952 [436ea7cb-b08f-45a9-ac25-59983fb5da84@group-1135523AB2CE-LeaderElection28] INFO  impl.RaftServerImpl (RaftServerImpl.java:setRole(184)) - 436ea7cb-b08f-45a9-ac25-59983fb5da84@group-1135523AB2CE: changes role from CANDIDATE to FOLLOWER at term 26 for DISCOVERED_A_NEW_TERM
2019-10-15 21:21:26,952 [436ea7cb-b08f-45a9-ac25-59983fb5da84@group-1135523AB2CE-LeaderElection28] INFO  impl.RoleInfo (RoleInfo.java:shutdownLeaderElection(134)) - 436ea7cb-b08f-45a9-ac25-59983fb5da84: shutdown LeaderElection
2019-10-15 21:21:26,952 [436ea7cb-b08f-45a9-ac25-59983fb5da84@group-1135523AB2CE-LeaderElection28] INFO  impl.RoleInfo (RoleInfo.java:updateAndGet(143)) - 436ea7cb-b08f-45a9-ac25-59983fb5da84: start FollowerState
2019-10-15 21:21:27,028 [Thread-712] INFO  impl.FollowerState (FollowerState.java:run(108)) - 436ea7cb-b08f-45a9-ac25-59983fb5da84@group-1135523AB2CE-FollowerState: change to CANDIDATE, lastRpcTime:76ms, electionTimeout:76ms
2019-10-15 21:21:27,029 [Thread-712] INFO  impl.RoleInfo (RoleInfo.java:shutdownFollowerState(121)) - 436ea7cb-b08f-45a9-ac25-59983fb5da84: shutdown FollowerState
2019-10-15 21:21:27,029 [Thread-712] INFO  impl.RaftServerImpl (RaftServerImpl.java:setRole(184)) - 436ea7cb-b08f-45a9-ac25-59983fb5da84@group-1135523AB2CE: changes role from  FOLLOWER to CANDIDATE at term 26 for changeToCandidate
2019-10-15 21:21:27,029 [Thread-712] INFO  impl.RoleInfo (RoleInfo.java:updateAndGet(143)) - 436ea7cb-b08f-45a9-ac25-59983fb5da84: start LeaderElection
2019-10-15 21:21:27,041 [436ea7cb-b08f-45a9-ac25-59983fb5da84@group-1135523AB2CE-LeaderElection29] INFO  impl.LeaderElection (LeaderElection.java:askForVotes(178)) - 436ea7cb-b08f-45a9-ac25-59983fb5da84@group-1135523AB2CE-LeaderElection29: begin an election at term 27 for 0: [436ea7cb-b08f-45a9-ac25-59983fb5da84:192.168.69.102:32878, 0eb142cf-b7a4-42cc-bedf-7b6b824b4e6a:192.168.69.102:43792, 47d72301-684e-48ba-af14-36fa0ba944f7:192.168.69.102:33903], old=null
2019-10-15 21:21:27,044 [grpc-default-executor-6] INFO  impl.RaftServerImpl (RaftServerImpl.java:setRole(184)) - 0eb142cf-b7a4-42cc-bedf-7b6b824b4e6a@group-1135523AB2CE: changes role from  FOLLOWER to FOLLOWER at term 27 for recognizeCandidate:436ea7cb-b08f-45a9-ac25-59983fb5da84
2019-10-15 21:21:27,044 [grpc-default-executor-2] INFO  impl.RaftServerImpl (RaftServerImpl.java:setRole(184)) - 47d72301-684e-48ba-af14-36fa0ba944f7@group-1135523AB2CE: changes role from  FOLLOWER to FOLLOWER at term 27 for recognizeCandidate:436ea7cb-b08f-45a9-ac25-59983fb5da84
2019-10-15 21:21:27,044 [grpc-default-executor-6] INFO  impl.RoleInfo (RoleInfo.java:shutdownFollowerState(121)) - 0eb142cf-b7a4-42cc-bedf-7b6b824b4e6a: shutdown FollowerState
2019-10-15 21:21:27,044 [grpc-default-executor-2] INFO  impl.RoleInfo (RoleInfo.java:shutdownFollowerState(121)) - 47d72301-684e-48ba-af14-36fa0ba944f7: shutdown FollowerState
2019-10-15 21:21:27,044 [grpc-default-executor-6] INFO  impl.RoleInfo (RoleInfo.java:updateAndGet(143)) - 0eb142cf-b7a4-42cc-bedf-7b6b824b4e6a: start FollowerState
2019-10-15 21:21:27,044 [Thread-710] INFO  impl.FollowerState (FollowerState.java:run(117)) - 0eb142cf-b7a4-42cc-bedf-7b6b824b4e6a@group-1135523AB2CE-FollowerState was interrupted: java.lang.InterruptedException: sleep interrupted
2019-10-15 21:21:27,044 [Thread-711] INFO  impl.FollowerState (FollowerState.java:run(117)) - 47d72301-684e-48ba-af14-36fa0ba944f7@group-1135523AB2CE-FollowerState was interrupted: java.lang.InterruptedException: sleep interrupted
2019-10-15 21:21:27,044 [grpc-default-executor-2] INFO  impl.RoleInfo (RoleInfo.java:updateAndGet(143)) - 47d72301-684e-48ba-af14-36fa0ba944f7: start FollowerState
2019-10-15 21:21:27,053 [436ea7cb-b08f-45a9-ac25-59983fb5da84@group-1135523AB2CE-LeaderElection29] INFO  impl.LeaderElection (LeaderElection.java:logAndReturn(56)) - 436ea7cb-b08f-45a9-ac25-59983fb5da84@group-1135523AB2CE-LeaderElection29: Election REJECTED; received 2 response(s) [436ea7cb-b08f-45a9-ac25-59983fb5da84<-0eb142cf-b7a4-42cc-bedf-7b6b824b4e6a#0:FAIL-t27, 436ea7cb-b08f-45a9-ac25-59983fb5da84<-47d72301-684e-48ba-af14-36fa0ba944f7#0:FAIL-t27] and 0 exception(s); 436ea7cb-b08f-45a9-ac25-59983fb5da84@group-1135523AB2CE:t27, leader=null, voted=436ea7cb-b08f-45a9-ac25-59983fb5da84, raftlog=436ea7cb-b08f-45a9-ac25-59983fb5da84@group-1135523AB2CE-SegmentedRaftLog:OPENED:c3,f4,i4, conf=0: [436ea7cb-b08f-45a9-ac25-59983fb5da84:192.168.69.102:32878, 0eb142cf-b7a4-42cc-bedf-7b6b824b4e6a:192.168.69.102:43792, 47d72301-684e-48ba-af14-36fa0ba944f7:192.168.69.102:33903], old=null
2019-10-15 21:21:27,053 [436ea7cb-b08f-45a9-ac25-59983fb5da84@group-1135523AB2CE-LeaderElection29] INFO  impl.RaftServerImpl (RaftServerImpl.java:setRole(184)) - 436ea7cb-b08f-45a9-ac25-59983fb5da84@group-1135523AB2CE: changes role from CANDIDATE to FOLLOWER at term 27 for DISCOVERED_A_NEW_TERM
2019-10-15 21:21:27,053 [436ea7cb-b08f-45a9-ac25-59983fb5da84@group-1135523AB2CE-LeaderElection29] INFO  impl.RoleInfo (RoleInfo.java:shutdownLeaderElection(134)) - 436ea7cb-b08f-45a9-ac25-59983fb5da84: shutdown LeaderElection
2019-10-15 21:21:27,053 [436ea7cb-b08f-45a9-ac25-59983fb5da84@group-1135523AB2CE-LeaderElection29] INFO  impl.RoleInfo (RoleInfo.java:updateAndGet(143)) - 436ea7cb-b08f-45a9-ac25-59983fb5da84: start FollowerState
2019-10-15 21:21:27,152 [Thread-718] INFO  impl.FollowerState (FollowerState.java:run(108)) - 436ea7cb-b08f-45a9-ac25-59983fb5da84@group-1135523AB2CE-FollowerState: change to CANDIDATE, lastRpcTime:98ms, electionTimeout:98ms
2019-10-15 21:21:27,152 [Thread-718] INFO  impl.RoleInfo (RoleInfo.java:shutdownFollowerState(121)) - 436ea7cb-b08f-45a9-ac25-59983fb5da84: shutdown FollowerState
2019-10-15 21:21:27,152 [Thread-718] INFO  impl.RaftServerImpl (RaftServerImpl.java:setRole(184)) - 436ea7cb-b08f-45a9-ac25-59983fb5da84@group-1135523AB2CE: changes role from  FOLLOWER to CANDIDATE at term 27 for changeToCandidate
2019-10-15 21:21:27,152 [Thread-718] INFO  impl.RoleInfo (RoleInfo.java:updateAndGet(143)) - 436ea7cb-b08f-45a9-ac25-59983fb5da84: start LeaderElection
2019-10-15 21:21:27,155 [436ea7cb-b08f-45a9-ac25-59983fb5da84@group-1135523AB2CE-LeaderElection30] INFO  impl.LeaderElection (LeaderElection.java:askForVotes(178)) - 436ea7cb-b08f-45a9-ac25-59983fb5da84@group-1135523AB2CE-LeaderElection30: begin an election at term 28 for 0: [436ea7cb-b08f-45a9-ac25-59983fb5da84:192.168.69.102:32878, 0eb142cf-b7a4-42cc-bedf-7b6b824b4e6a:192.168.69.102:43792, 47d72301-684e-48ba-af14-36fa0ba944f7:192.168.69.102:33903], old=null
2019-10-15 21:21:27,158 [grpc-default-executor-2] INFO  impl.RaftServerImpl (RaftServerImpl.java:setRole(184)) - 0eb142cf-b7a4-42cc-bedf-7b6b824b4e6a@group-1135523AB2CE: changes role from  FOLLOWER to FOLLOWER at term 28 for recognizeCandidate:436ea7cb-b08f-45a9-ac25-59983fb5da84
2019-10-15 21:21:27,158 [grpc-default-executor-2] INFO  impl.RoleInfo (RoleInfo.java:shutdownFollowerState(121)) - 0eb142cf-b7a4-42cc-bedf-7b6b824b4e6a: shutdown FollowerState
2019-10-15 21:21:27,158 [grpc-default-executor-2] INFO  impl.RoleInfo (RoleInfo.java:updateAndGet(143)) - 0eb142cf-b7a4-42cc-bedf-7b6b824b4e6a: start FollowerState
2019-10-15 21:21:27,158 [grpc-default-executor-6] INFO  impl.RaftServerImpl (RaftServerImpl.java:setRole(184)) - 47d72301-684e-48ba-af14-36fa0ba944f7@group-1135523AB2CE: changes role from  FOLLOWER to FOLLOWER at term 28 for recognizeCandidate:436ea7cb-b08f-45a9-ac25-59983fb5da84
2019-10-15 21:21:27,158 [Thread-716] INFO  impl.FollowerState (FollowerState.java:run(117)) - 0eb142cf-b7a4-42cc-bedf-7b6b824b4e6a@group-1135523AB2CE-FollowerState was interrupted: java.lang.InterruptedException: sleep interrupted
2019-10-15 21:21:27,159 [grpc-default-executor-6] INFO  impl.RoleInfo (RoleInfo.java:shutdownFollowerState(121)) - 47d72301-684e-48ba-af14-36fa0ba944f7: shutdown FollowerState
2019-10-15 21:21:27,159 [Thread-717] INFO  impl.FollowerState (FollowerState.java:run(117)) - 47d72301-684e-48ba-af14-36fa0ba944f7@group-1135523AB2CE-FollowerState was interrupted: java.lang.InterruptedException: sleep interrupted
2019-10-15 21:21:27,159 [grpc-default-executor-6] INFO  impl.RoleInfo (RoleInfo.java:updateAndGet(143)) - 47d72301-684e-48ba-af14-36fa0ba944f7: start FollowerState
2019-10-15 21:21:27,194 [436ea7cb-b08f-45a9-ac25-59983fb5da84@group-1135523AB2CE-LeaderElection30] INFO  impl.LeaderElection (LeaderElection.java:logAndReturn(56)) - 436ea7cb-b08f-45a9-ac25-59983fb5da84@group-1135523AB2CE-LeaderElection30: Election REJECTED; received 2 response(s) [436ea7cb-b08f-45a9-ac25-59983fb5da84<-0eb142cf-b7a4-42cc-bedf-7b6b824b4e6a#0:FAIL-t28, 436ea7cb-b08f-45a9-ac25-59983fb5da84<-47d72301-684e-48ba-af14-36fa0ba944f7#0:FAIL-t28] and 0 exception(s); 436ea7cb-b08f-45a9-ac25-59983fb5da84@group-1135523AB2CE:t28, leader=null, voted=436ea7cb-b08f-45a9-ac25-59983fb5da84, raftlog=436ea7cb-b08f-45a9-ac25-59983fb5da84@group-1135523AB2CE-SegmentedRaftLog:OPENED:c3,f4,i4, conf=0: [436ea7cb-b08f-45a9-ac25-59983fb5da84:192.168.69.102:32878, 0eb142cf-b7a4-42cc-bedf-7b6b824b4e6a:192.168.69.102:43792, 47d72301-684e-48ba-af14-36fa0ba944f7:192.168.69.102:33903], old=null
2019-10-15 21:21:27,195 [436ea7cb-b08f-45a9-ac25-59983fb5da84@group-1135523AB2CE-LeaderElection30] INFO  impl.RaftServerImpl (RaftServerImpl.java:setRole(184)) - 436ea7cb-b08f-45a9-ac25-59983fb5da84@group-1135523AB2CE: changes role from CANDIDATE to FOLLOWER at term 28 for DISCOVERED_A_NEW_TERM
2019-10-15 21:21:27,195 [436ea7cb-b08f-45a9-ac25-59983fb5da84@group-1135523AB2CE-LeaderElection30] INFO  impl.RoleInfo (RoleInfo.java:shutdownLeaderElection(134)) - 436ea7cb-b08f-45a9-ac25-59983fb5da84: shutdown LeaderElection
2019-10-15 21:21:27,195 [436ea7cb-b08f-45a9-ac25-59983fb5da84@group-1135523AB2CE-LeaderElection30] INFO  impl.RoleInfo (RoleInfo.java:updateAndGet(143)) - 436ea7cb-b08f-45a9-ac25-59983fb5da84: start FollowerState
2019-10-15 21:21:27,361 [Thread-724] INFO  impl.FollowerState (FollowerState.java:run(108)) - 436ea7cb-b08f-45a9-ac25-59983fb5da84@group-1135523AB2CE-FollowerState: change to CANDIDATE, lastRpcTime:166ms, electionTimeout:166ms
2019-10-15 21:21:27,362 [Thread-724] INFO  impl.RoleInfo (RoleInfo.java:shutdownFollowerState(121)) - 436ea7cb-b08f-45a9-ac25-59983fb5da84: shutdown FollowerState
2019-10-15 21:21:27,362 [Thread-724] INFO  impl.RaftServerImpl (RaftServerImpl.java:setRole(184)) - 436ea7cb-b08f-45a9-ac25-59983fb5da84@group-1135523AB2CE: changes role from  FOLLOWER to CANDIDATE at term 28 for changeToCandidate
2019-10-15 21:21:27,362 [Thread-724] INFO  impl.RoleInfo (RoleInfo.java:updateAndGet(143)) - 436ea7cb-b08f-45a9-ac25-59983fb5da84: start LeaderElection
2019-10-15 21:21:27,382 [436ea7cb-b08f-45a9-ac25-59983fb5da84@group-1135523AB2CE-LeaderElection31] INFO  impl.LeaderElection (LeaderElection.java:askForVotes(178)) - 436ea7cb-b08f-45a9-ac25-59983fb5da84@group-1135523AB2CE-LeaderElection31: begin an election at term 29 for 0: [436ea7cb-b08f-45a9-ac25-59983fb5da84:192.168.69.102:32878, 0eb142cf-b7a4-42cc-bedf-7b6b824b4e6a:192.168.69.102:43792, 47d72301-684e-48ba-af14-36fa0ba944f7:192.168.69.102:33903], old=null
2019-10-15 21:21:27,385 [grpc-default-executor-6] INFO  impl.RaftServerImpl (RaftServerImpl.java:setRole(184)) - 0eb142cf-b7a4-42cc-bedf-7b6b824b4e6a@group-1135523AB2CE: changes role from  FOLLOWER to FOLLOWER at term 29 for recognizeCandidate:436ea7cb-b08f-45a9-ac25-59983fb5da84
2019-10-15 21:21:27,385 [grpc-default-executor-2] INFO  impl.RaftServerImpl (RaftServerImpl.java:setRole(184)) - 47d72301-684e-48ba-af14-36fa0ba944f7@group-1135523AB2CE: changes role from  FOLLOWER to FOLLOWER at term 29 for recognizeCandidate:436ea7cb-b08f-45a9-ac25-59983fb5da84
2019-10-15 21:21:27,385 [grpc-default-executor-6] INFO  impl.RoleInfo (RoleInfo.java:shutdownFollowerState(121)) - 0eb142cf-b7a4-42cc-bedf-7b6b824b4e6a: shutdown FollowerState
2019-10-15 21:21:27,386 [grpc-default-executor-2] INFO  impl.RoleInfo (RoleInfo.java:shutdownFollowerState(121)) - 47d72301-684e-48ba-af14-36fa0ba944f7: shutdown FollowerState
2019-10-15 21:21:27,386 [grpc-default-executor-6] INFO  impl.RoleInfo (RoleInfo.java:updateAndGet(143)) - 0eb142cf-b7a4-42cc-bedf-7b6b824b4e6a: start FollowerState
2019-10-15 21:21:27,386 [Thread-722] INFO  impl.FollowerState (FollowerState.java:run(117)) - 0eb142cf-b7a4-42cc-bedf-7b6b824b4e6a@group-1135523AB2CE-FollowerState was interrupted: java.lang.InterruptedException: sleep interrupted
2019-10-15 21:21:27,386 [Thread-723] INFO  impl.FollowerState (FollowerState.java:run(117)) - 47d72301-684e-48ba-af14-36fa0ba944f7@group-1135523AB2CE-FollowerState was interrupted: java.lang.InterruptedException: sleep interrupted
2019-10-15 21:21:27,386 [grpc-default-executor-2] INFO  impl.RoleInfo (RoleInfo.java:updateAndGet(143)) - 47d72301-684e-48ba-af14-36fa0ba944f7: start FollowerState
2019-10-15 21:21:27,401 [436ea7cb-b08f-45a9-ac25-59983fb5da84@group-1135523AB2CE-LeaderElection31] INFO  impl.LeaderElection (LeaderElection.java:logAndReturn(56)) - 436ea7cb-b08f-45a9-ac25-59983fb5da84@group-1135523AB2CE-LeaderElection31: Election REJECTED; received 2 response(s) [436ea7cb-b08f-45a9-ac25-59983fb5da84<-0eb142cf-b7a4-42cc-bedf-7b6b824b4e6a#0:FAIL-t29, 436ea7cb-b08f-45a9-ac25-59983fb5da84<-47d72301-684e-48ba-af14-36fa0ba944f7#0:FAIL-t29] and 0 exception(s); 436ea7cb-b08f-45a9-ac25-59983fb5da84@group-1135523AB2CE:t29, leader=null, voted=436ea7cb-b08f-45a9-ac25-59983fb5da84, raftlog=436ea7cb-b08f-45a9-ac25-59983fb5da84@group-1135523AB2CE-SegmentedRaftLog:OPENED:c3,f4,i4, conf=0: [436ea7cb-b08f-45a9-ac25-59983fb5da84:192.168.69.102:32878, 0eb142cf-b7a4-42cc-bedf-7b6b824b4e6a:192.168.69.102:43792, 47d72301-684e-48ba-af14-36fa0ba944f7:192.168.69.102:33903], old=null
2019-10-15 21:21:27,401 [436ea7cb-b08f-45a9-ac25-59983fb5da84@group-1135523AB2CE-LeaderElection31] INFO  impl.RaftServerImpl (RaftServerImpl.java:setRole(184)) - 436ea7cb-b08f-45a9-ac25-59983fb5da84@group-1135523AB2CE: changes role from CANDIDATE to FOLLOWER at term 29 for DISCOVERED_A_NEW_TERM
2019-10-15 21:21:27,401 [436ea7cb-b08f-45a9-ac25-59983fb5da84@group-1135523AB2CE-LeaderElection31] INFO  impl.RoleInfo (RoleInfo.java:shutdownLeaderElection(134)) - 436ea7cb-b08f-45a9-ac25-59983fb5da84: shutdown LeaderElection
2019-10-15 21:21:27,401 [436ea7cb-b08f-45a9-ac25-59983fb5da84@group-1135523AB2CE-LeaderElection31] INFO  impl.RoleInfo (RoleInfo.java:updateAndGet(143)) - 436ea7cb-b08f-45a9-ac25-59983fb5da84: start FollowerState
2019-10-15 21:21:27,452 [Thread-730] INFO  impl.FollowerState (FollowerState.java:run(108)) - 436ea7cb-b08f-45a9-ac25-59983fb5da84@group-1135523AB2CE-FollowerState: change to CANDIDATE, lastRpcTime:50ms, electionTimeout:50ms
2019-10-15 21:21:27,452 [Thread-730] INFO  impl.RoleInfo (RoleInfo.java:shutdownFollowerState(121)) - 436ea7cb-b08f-45a9-ac25-59983fb5da84: shutdown FollowerState
2019-10-15 21:21:27,452 [Thread-730] INFO  impl.RaftServerImpl (RaftServerImpl.java:setRole(184)) - 436ea7cb-b08f-45a9-ac25-59983fb5da84@group-1135523AB2CE: changes role from  FOLLOWER to CANDIDATE at term 29 for changeToCandidate
2019-10-15 21:21:27,452 [Thread-730] INFO  impl.RoleInfo (RoleInfo.java:updateAndGet(143)) - 436ea7cb-b08f-45a9-ac25-59983fb5da84: start LeaderElection
2019-10-15 21:21:27,462 [436ea7cb-b08f-45a9-ac25-59983fb5da84@group-1135523AB2CE-LeaderElection32] INFO  impl.LeaderElection (LeaderElection.java:askForVotes(178)) - 436ea7cb-b08f-45a9-ac25-59983fb5da84@group-1135523AB2CE-LeaderElection32: begin an election at term 30 for 0: [436ea7cb-b08f-45a9-ac25-59983fb5da84:192.168.69.102:32878, 0eb142cf-b7a4-42cc-bedf-7b6b824b4e6a:192.168.69.102:43792, 47d72301-684e-48ba-af14-36fa0ba944f7:192.168.69.102:33903], old=null
2019-10-15 21:21:27,464 [grpc-default-executor-2] INFO  impl.RaftServerImpl (RaftServerImpl.java:setRole(184)) - 47d72301-684e-48ba-af14-36fa0ba944f7@group-1135523AB2CE: changes role from  FOLLOWER to FOLLOWER at term 30 for recognizeCandidate:436ea7cb-b08f-45a9-ac25-59983fb5da84
2019-10-15 21:21:27,464 [grpc-default-executor-6] INFO  impl.RaftServerImpl (RaftServerImpl.java:setRole(184)) - 0eb142cf-b7a4-42cc-bedf-7b6b824b4e6a@group-1135523AB2CE: changes role from  FOLLOWER to FOLLOWER at term 30 for recognizeCandidate:436ea7cb-b08f-45a9-ac25-59983fb5da84
2019-10-15 21:21:27,464 [grpc-default-executor-6] INFO  impl.RoleInfo (RoleInfo.java:shutdownFollowerState(121)) - 0eb142cf-b7a4-42cc-bedf-7b6b824b4e6a: shutdown FollowerState
2019-10-15 21:21:27,464 [grpc-default-executor-2] INFO  impl.RoleInfo (RoleInfo.java:shutdownFollowerState(121)) - 47d72301-684e-48ba-af14-36fa0ba944f7: shutdown FollowerState
2019-10-15 21:21:27,464 [grpc-default-executor-6] INFO  impl.RoleInfo (RoleInfo.java:updateAndGet(143)) - 0eb142cf-b7a4-42cc-bedf-7b6b824b4e6a: start FollowerState
2019-10-15 21:21:27,464 [Thread-728] INFO  impl.FollowerState (FollowerState.java:run(117)) - 0eb142cf-b7a4-42cc-bedf-7b6b824b4e6a@group-1135523AB2CE-FollowerState was interrupted: java.lang.InterruptedException: sleep interrupted
2019-10-15 21:21:27,464 [436ea7cb-b08f-45a9-ac25-59983fb5da84@group-1135523AB2CE-LeaderElection32] INFO  impl.LeaderElection (LeaderElection.java:logAndReturn(56)) - 436ea7cb-b08f-45a9-ac25-59983fb5da84@group-1135523AB2CE-LeaderElection32: Election TIMEOUT; received 0 response(s) [] and 0 exception(s); 436ea7cb-b08f-45a9-ac25-59983fb5da84@group-1135523AB2CE:t30, leader=null, voted=436ea7cb-b08f-45a9-ac25-59983fb5da84, raftlog=436ea7cb-b08f-45a9-ac25-59983fb5da84@group-1135523AB2CE-SegmentedRaftLog:OPENED:c3,f4,i4, conf=0: [436ea7cb-b08f-45a9-ac25-59983fb5da84:192.168.69.102:32878, 0eb142cf-b7a4-42cc-bedf-7b6b824b4e6a:192.168.69.102:43792, 47d72301-684e-48ba-af14-36fa0ba944f7:192.168.69.102:33903], old=null
2019-10-15 21:21:27,464 [Thread-729] INFO  impl.FollowerState (FollowerState.java:run(117)) - 47d72301-684e-48ba-af14-36fa0ba944f7@group-1135523AB2CE-FollowerState was interrupted: java.lang.InterruptedException: sleep interrupted
2019-10-15 21:21:27,464 [grpc-default-executor-2] INFO  impl.RoleInfo (RoleInfo.java:updateAndGet(143)) - 47d72301-684e-48ba-af14-36fa0ba944f7: start FollowerState
2019-10-15 21:21:27,476 [436ea7cb-b08f-45a9-ac25-59983fb5da84@group-1135523AB2CE-LeaderElection32] INFO  impl.LeaderElection (LeaderElection.java:askForVotes(178)) - 436ea7cb-b08f-45a9-ac25-59983fb5da84@group-1135523AB2CE-LeaderElection32: begin an election at term 31 for 0: [436ea7cb-b08f-45a9-ac25-59983fb5da84:192.168.69.102:32878, 0eb142cf-b7a4-42cc-bedf-7b6b824b4e6a:192.168.69.102:43792, 47d72301-684e-48ba-af14-36fa0ba944f7:192.168.69.102:33903], old=null
2019-10-15 21:21:27,478 [grpc-default-executor-6] INFO  impl.RaftServerImpl (RaftServerImpl.java:setRole(184)) - 0eb142cf-b7a4-42cc-bedf-7b6b824b4e6a@group-1135523AB2CE: changes role from  FOLLOWER to FOLLOWER at term 31 for recognizeCandidate:436ea7cb-b08f-45a9-ac25-59983fb5da84
2019-10-15 21:21:27,478 [grpc-default-executor-6] INFO  impl.RoleInfo (RoleInfo.java:shutdownFollowerState(121)) - 0eb142cf-b7a4-42cc-bedf-7b6b824b4e6a: shutdown FollowerState
2019-10-15 21:21:27,478 [Thread-734] INFO  impl.FollowerState (FollowerState.java:run(117)) - 0eb142cf-b7a4-42cc-bedf-7b6b824b4e6a@group-1135523AB2CE-FollowerState was interrupted: java.lang.InterruptedException: sleep interrupted
2019-10-15 21:21:27,478 [436ea7cb-b08f-45a9-ac25-59983fb5da84@group-1135523AB2CE-LeaderElection32] INFO  impl.LeaderElection (LeaderElection.java:logAndReturn(56)) - 436ea7cb-b08f-45a9-ac25-59983fb5da84@group-1135523AB2CE-LeaderElection32: Election TIMEOUT; received 0 response(s) [] and 0 exception(s); 436ea7cb-b08f-45a9-ac25-59983fb5da84@group-1135523AB2CE:t31, leader=null, voted=436ea7cb-b08f-45a9-ac25-59983fb5da84, raftlog=436ea7cb-b08f-45a9-ac25-59983fb5da84@group-1135523AB2CE-SegmentedRaftLog:OPENED:c3,f4,i4, conf=0: [436ea7cb-b08f-45a9-ac25-59983fb5da84:192.168.69.102:32878, 0eb142cf-b7a4-42cc-bedf-7b6b824b4e6a:192.168.69.102:43792, 47d72301-684e-48ba-af14-36fa0ba944f7:192.168.69.102:33903], old=null
2019-10-15 21:21:27,478 [grpc-default-executor-2] INFO  impl.RaftServerImpl (RaftServerImpl.java:setRole(184)) - 47d72301-684e-48ba-af14-36fa0ba944f7@group-1135523AB2CE: changes role from  FOLLOWER to FOLLOWER at term 31 for recognizeCandidate:436ea7cb-b08f-45a9-ac25-59983fb5da84
2019-10-15 21:21:27,478 [grpc-default-executor-6] INFO  impl.RoleInfo (RoleInfo.java:updateAndGet(143)) - 0eb142cf-b7a4-42cc-bedf-7b6b824b4e6a: start FollowerState
2019-10-15 21:21:27,479 [grpc-default-executor-2] INFO  impl.RoleInfo (RoleInfo.java:shutdownFollowerState(121)) - 47d72301-684e-48ba-af14-36fa0ba944f7: shutdown FollowerState
2019-10-15 21:21:27,479 [Thread-735] INFO  impl.FollowerState (FollowerState.java:run(117)) - 47d72301-684e-48ba-af14-36fa0ba944f7@group-1135523AB2CE-FollowerState was interrupted: java.lang.InterruptedException: sleep interrupted
2019-10-15 21:21:27,479 [grpc-default-executor-2] INFO  impl.RoleInfo (RoleInfo.java:updateAndGet(143)) - 47d72301-684e-48ba-af14-36fa0ba944f7: start FollowerState
2019-10-15 21:21:27,492 [436ea7cb-b08f-45a9-ac25-59983fb5da84@group-1135523AB2CE-LeaderElection32] INFO  impl.LeaderElection (LeaderElection.java:askForVotes(178)) - 436ea7cb-b08f-45a9-ac25-59983fb5da84@group-1135523AB2CE-LeaderElection32: begin an election at term 32 for 0: [436ea7cb-b08f-45a9-ac25-59983fb5da84:192.168.69.102:32878, 0eb142cf-b7a4-42cc-bedf-7b6b824b4e6a:192.168.69.102:43792, 47d72301-684e-48ba-af14-36fa0ba944f7:192.168.69.102:33903], old=null
2019-10-15 21:21:27,496 [grpc-default-executor-6] INFO  impl.RaftServerImpl (RaftServerImpl.java:setRole(184)) - 0eb142cf-b7a4-42cc-bedf-7b6b824b4e6a@group-1135523AB2CE: changes role from  FOLLOWER to FOLLOWER at term 32 for recognizeCandidate:436ea7cb-b08f-45a9-ac25-59983fb5da84
2019-10-15 21:21:27,496 [grpc-default-executor-6] INFO  impl.RoleInfo (RoleInfo.java:shutdownFollowerState(121)) - 0eb142cf-b7a4-42cc-bedf-7b6b824b4e6a: shutdown FollowerState
2019-10-15 21:21:27,497 [grpc-default-executor-2] INFO  impl.RaftServerImpl (RaftServerImpl.java:setRole(184)) - 47d72301-684e-48ba-af14-36fa0ba944f7@group-1135523AB2CE: changes role from  FOLLOWER to FOLLOWER at term 32 for recognizeCandidate:436ea7cb-b08f-45a9-ac25-59983fb5da84
2019-10-15 21:21:27,497 [grpc-default-executor-2] INFO  impl.RoleInfo (RoleInfo.java:shutdownFollowerState(121)) - 47d72301-684e-48ba-af14-36fa0ba944f7: shutdown FollowerState
2019-10-15 21:21:27,497 [grpc-default-executor-6] INFO  impl.RoleInfo (RoleInfo.java:updateAndGet(143)) - 0eb142cf-b7a4-42cc-bedf-7b6b824b4e6a: start FollowerState
2019-10-15 21:21:27,497 [Thread-738] INFO  impl.FollowerState (FollowerState.java:run(117)) - 0eb142cf-b7a4-42cc-bedf-7b6b824b4e6a@group-1135523AB2CE-FollowerState was interrupted: java.lang.InterruptedException: sleep interrupted
2019-10-15 21:21:27,497 [grpc-default-executor-2] INFO  impl.RoleInfo (RoleInfo.java:updateAndGet(143)) - 47d72301-684e-48ba-af14-36fa0ba944f7: start FollowerState
2019-10-15 21:21:27,497 [Thread-739] INFO  impl.FollowerState (FollowerState.java:run(117)) - 47d72301-684e-48ba-af14-36fa0ba944f7@group-1135523AB2CE-FollowerState was interrupted: java.lang.InterruptedException: sleep interrupted
2019-10-15 21:21:27,517 [EventQueue-PendingDeleteStatusForPendingDeleteHandler] INFO  block.SCMBlockDeletingService (SCMBlockDeletingService.java:handlePendingDeletes(115)) - Block deletion txnID mismatch in datanode 436ea7cb-b08f-45a9-ac25-59983fb5da84 for containerID 1. Datanode delete txnID: 0, SCM txnID: 1
2019-10-15 21:21:27,539 [436ea7cb-b08f-45a9-ac25-59983fb5da84@group-1135523AB2CE-LeaderElection32] INFO  impl.LeaderElection (LeaderElection.java:logAndReturn(56)) - 436ea7cb-b08f-45a9-ac25-59983fb5da84@group-1135523AB2CE-LeaderElection32: Election REJECTED; received 2 response(s) [436ea7cb-b08f-45a9-ac25-59983fb5da84<-0eb142cf-b7a4-42cc-bedf-7b6b824b4e6a#0:FAIL-t32, 436ea7cb-b08f-45a9-ac25-59983fb5da84<-47d72301-684e-48ba-af14-36fa0ba944f7#0:FAIL-t32] and 0 exception(s); 436ea7cb-b08f-45a9-ac25-59983fb5da84@group-1135523AB2CE:t32, leader=null, voted=436ea7cb-b08f-45a9-ac25-59983fb5da84, raftlog=436ea7cb-b08f-45a9-ac25-59983fb5da84@group-1135523AB2CE-SegmentedRaftLog:OPENED:c3,f4,i4, conf=0: [436ea7cb-b08f-45a9-ac25-59983fb5da84:192.168.69.102:32878, 0eb142cf-b7a4-42cc-bedf-7b6b824b4e6a:192.168.69.102:43792, 47d72301-684e-48ba-af14-36fa0ba944f7:192.168.69.102:33903], old=null
2019-10-15 21:21:27,539 [436ea7cb-b08f-45a9-ac25-59983fb5da84@group-1135523AB2CE-LeaderElection32] INFO  impl.RaftServerImpl (RaftServerImpl.java:setRole(184)) - 436ea7cb-b08f-45a9-ac25-59983fb5da84@group-1135523AB2CE: changes role from CANDIDATE to FOLLOWER at term 32 for DISCOVERED_A_NEW_TERM
2019-10-15 21:21:27,539 [436ea7cb-b08f-45a9-ac25-59983fb5da84@group-1135523AB2CE-LeaderElection32] INFO  impl.RoleInfo (RoleInfo.java:shutdownLeaderElection(134)) - 436ea7cb-b08f-45a9-ac25-59983fb5da84: shutdown LeaderElection
2019-10-15 21:21:27,539 [436ea7cb-b08f-45a9-ac25-59983fb5da84@group-1135523AB2CE-LeaderElection32] INFO  impl.RoleInfo (RoleInfo.java:updateAndGet(143)) - 436ea7cb-b08f-45a9-ac25-59983fb5da84: start FollowerState
2019-10-15 21:21:27,609 [grpc-default-executor-2] INFO  impl.RaftServerProxy (RaftServerProxy.java:addNew(89)) - 436ea7cb-b08f-45a9-ac25-59983fb5da84: addNew group-39564569D596:[436ea7cb-b08f-45a9-ac25-59983fb5da84:192.168.69.102:32878] returns group-39564569D596:java.util.concurrent.CompletableFuture@14453c91[Not completed]
2019-10-15 21:21:27,610 [pool-59-thread-1] INFO  impl.RaftServerImpl (RaftServerImpl.java:<init>(104)) - 436ea7cb-b08f-45a9-ac25-59983fb5da84: new RaftServerImpl for group-39564569D596:[436ea7cb-b08f-45a9-ac25-59983fb5da84:192.168.69.102:32878] with ContainerStateMachine:uninitialized
2019-10-15 21:21:27,610 [pool-59-thread-1] INFO  server.RaftServerConfigKeys (ConfUtils.java:logGet(43)) - raft.server.rpc.timeout.min = 5s (custom)
2019-10-15 21:21:27,610 [pool-59-thread-1] INFO  server.RaftServerConfigKeys (ConfUtils.java:logGet(43)) - raft.server.rpc.timeout.max = 5200ms (custom)
2019-10-15 21:21:27,610 [pool-59-thread-1] INFO  server.RaftServerConfigKeys (ConfUtils.java:logGet(43)) - raft.server.rpcslowness.timeout = 1000s (custom)
2019-10-15 21:21:27,611 [pool-59-thread-1] INFO  server.RaftServerConfigKeys (ConfUtils.java:logGet(43)) - raft.server.sleep.deviation.threshold = 300 (default)
2019-10-15 21:21:27,611 [pool-59-thread-1] INFO  server.RaftServerConfigKeys (ConfUtils.java:logGet(43)) - raft.server.log.appender.install.snapshot.enabled = false (custom)
2019-10-15 21:21:27,611 [pool-59-thread-1] INFO  impl.RaftServerImpl (ServerState.java:<init>(103)) - 436ea7cb-b08f-45a9-ac25-59983fb5da84@group-39564569D596: ConfigurationManager, init=-1: [436ea7cb-b08f-45a9-ac25-59983fb5da84:192.168.69.102:32878], old=null, confs=<EMPTY_MAP>
2019-10-15 21:21:27,611 [pool-59-thread-1] INFO  server.RaftServerConfigKeys (ConfUtils.java:logGet(43)) - raft.server.storage.dir = [/workdir/hadoop-ozone/integration-test/target/test-dir/MiniOzoneClusterImpl-7ec64718-fc6c-4bdc-a59e-2452df301b4b/datanode-2/data/ratis] (custom)
2019-10-15 21:21:27,611 [pool-59-thread-1] INFO  server.RaftServerConfigKeys (ConfUtils.java:logGet(43)) - raft.server.log.corruption.policy = EXCEPTION (default)
2019-10-15 21:21:27,611 [pool-59-thread-1] INFO  storage.RaftStorageDirectory (RaftStorageDirectory.java:analyzeStorage(246)) - The storage directory /workdir/hadoop-ozone/integration-test/target/test-dir/MiniOzoneClusterImpl-7ec64718-fc6c-4bdc-a59e-2452df301b4b/datanode-2/data/ratis/2d45e049-e646-4306-82af-39564569d596 does not exist. Creating ...
2019-10-15 21:21:27,620 [pool-59-thread-1] INFO  storage.RaftStorageDirectory (RaftStorageDirectory.java:tryLock(328)) - Lock on /workdir/hadoop-ozone/integration-test/target/test-dir/MiniOzoneClusterImpl-7ec64718-fc6c-4bdc-a59e-2452df301b4b/datanode-2/data/ratis/2d45e049-e646-4306-82af-39564569d596/in_use.lock acquired by nodename 19633@pr-hdds-2254-trunk-ddzgt-1485873308
2019-10-15 21:21:27,629 [Thread-745] INFO  impl.FollowerState (FollowerState.java:run(108)) - 436ea7cb-b08f-45a9-ac25-59983fb5da84@group-1135523AB2CE-FollowerState: change to CANDIDATE, lastRpcTime:89ms, electionTimeout:89ms
2019-10-15 21:21:27,629 [Thread-745] INFO  impl.RoleInfo (RoleInfo.java:shutdownFollowerState(121)) - 436ea7cb-b08f-45a9-ac25-59983fb5da84: shutdown FollowerState
2019-10-15 21:21:27,629 [Thread-745] INFO  impl.RaftServerImpl (RaftServerImpl.java:setRole(184)) - 436ea7cb-b08f-45a9-ac25-59983fb5da84@group-1135523AB2CE: changes role from  FOLLOWER to CANDIDATE at term 32 for changeToCandidate
2019-10-15 21:21:27,629 [Thread-745] INFO  impl.RoleInfo (RoleInfo.java:updateAndGet(143)) - 436ea7cb-b08f-45a9-ac25-59983fb5da84: start LeaderElection
2019-10-15 21:21:27,638 [pool-59-thread-1] INFO  storage.RaftStorage (RaftStorage.java:format(84)) - Storage directory /workdir/hadoop-ozone/integration-test/target/test-dir/MiniOzoneClusterImpl-7ec64718-fc6c-4bdc-a59e-2452df301b4b/datanode-2/data/ratis/2d45e049-e646-4306-82af-39564569d596 has been successfully formatted.
2019-10-15 21:21:27,638 [436ea7cb-b08f-45a9-ac25-59983fb5da84@group-1135523AB2CE-LeaderElection33] INFO  impl.LeaderElection (LeaderElection.java:askForVotes(178)) - 436ea7cb-b08f-45a9-ac25-59983fb5da84@group-1135523AB2CE-LeaderElection33: begin an election at term 33 for 0: [436ea7cb-b08f-45a9-ac25-59983fb5da84:192.168.69.102:32878, 0eb142cf-b7a4-42cc-bedf-7b6b824b4e6a:192.168.69.102:43792, 47d72301-684e-48ba-af14-36fa0ba944f7:192.168.69.102:33903], old=null
2019-10-15 21:21:27,638 [pool-59-thread-1] INFO  ratis.ContainerStateMachine (ContainerStateMachine.java:loadSnapshot(231)) - group-39564569D596: The snapshot info is null. Setting the last applied indexto:(t:0, i:~)
2019-10-15 21:21:27,638 [pool-59-thread-1] INFO  server.RaftServerConfigKeys (ConfUtils.java:logGet(43)) - raft.server.notification.no-leader.timeout = 1000s (custom)
2019-10-15 21:21:27,638 [pool-59-thread-1] INFO  server.RaftServerConfigKeys (ConfUtils.java:logGet(43)) - raft.server.log.use.memory = false (default)
2019-10-15 21:21:27,639 [pool-59-thread-1] INFO  server.RaftServerConfigKeys (ConfUtils.java:logGet(43)) - raft.server.log.purge.gap = 1000000 (custom)
2019-10-15 21:21:27,639 [pool-59-thread-1] INFO  server.RaftServerConfigKeys (ConfUtils.java:logGet(43)) - raft.server.log.appender.buffer.byte-limit = 33554432 (custom)
2019-10-15 21:21:27,639 [pool-59-thread-1] INFO  server.RaftServerConfigKeys (ConfUtils.java:logGet(43)) - raft.server.log.segment.size.max = 1048576 (custom)
2019-10-15 21:21:27,639 [pool-59-thread-1] INFO  server.RaftServerConfigKeys (ConfUtils.java:logGet(43)) - raft.server.log.segment.cache.num.max = 2 (custom)
2019-10-15 21:21:27,639 [pool-59-thread-1] INFO  segmented.SegmentedRaftLogWorker (SegmentedRaftLogWorker.java:<init>(173)) - new 436ea7cb-b08f-45a9-ac25-59983fb5da84@group-39564569D596-SegmentedRaftLogWorker for RaftStorage:Storage Directory /workdir/hadoop-ozone/integration-test/target/test-dir/MiniOzoneClusterImpl-7ec64718-fc6c-4bdc-a59e-2452df301b4b/datanode-2/data/ratis/2d45e049-e646-4306-82af-39564569d596
2019-10-15 21:21:27,639 [pool-59-thread-1] INFO  server.RaftServerConfigKeys (ConfUtils.java:logGet(43)) - raft.server.log.queue.byte-limit = 2147483647 (custom)
2019-10-15 21:21:27,639 [pool-59-thread-1] INFO  server.RaftServerConfigKeys (ConfUtils.java:logGet(43)) - raft.server.log.queue.element-limit = 1024 (custom)
2019-10-15 21:21:27,640 [pool-59-thread-1] INFO  server.RaftServerConfigKeys (ConfUtils.java:logGet(43)) - raft.server.log.segment.size.max = 1048576 (custom)
2019-10-15 21:21:27,640 [pool-59-thread-1] INFO  server.RaftServerConfigKeys (ConfUtils.java:logGet(43)) - raft.server.log.preallocated.size = 16384 (custom)
2019-10-15 21:21:27,640 [pool-59-thread-1] INFO  server.RaftServerConfigKeys (ConfUtils.java:logGet(43)) - raft.server.log.write.buffer.size = 33554432 (custom)
2019-10-15 21:21:27,640 [pool-59-thread-1] INFO  server.RaftServerConfigKeys (ConfUtils.java:logGet(43)) - raft.server.log.force.sync.num = 128 (default)
2019-10-15 21:21:27,640 [pool-59-thread-1] INFO  server.RaftServerConfigKeys (ConfUtils.java:logGet(43)) - raft.server.log.statemachine.data.sync = true (default)
2019-10-15 21:21:27,640 [grpc-default-executor-4] INFO  impl.RaftServerImpl (RaftServerImpl.java:setRole(184)) - 47d72301-684e-48ba-af14-36fa0ba944f7@group-1135523AB2CE: changes role from  FOLLOWER to FOLLOWER at term 33 for recognizeCandidate:436ea7cb-b08f-45a9-ac25-59983fb5da84
2019-10-15 21:21:27,640 [pool-59-thread-1] INFO  server.RaftServerConfigKeys (ConfUtils.java:logGet(43)) - raft.server.log.statemachine.data.sync.timeout = 10s (default)
2019-10-15 21:21:27,640 [grpc-default-executor-4] INFO  impl.RoleInfo (RoleInfo.java:shutdownFollowerState(121)) - 47d72301-684e-48ba-af14-36fa0ba944f7: shutdown FollowerState
2019-10-15 21:21:27,641 [grpc-default-executor-6] INFO  impl.RaftServerImpl (RaftServerImpl.java:setRole(184)) - 0eb142cf-b7a4-42cc-bedf-7b6b824b4e6a@group-1135523AB2CE: changes role from  FOLLOWER to FOLLOWER at term 33 for recognizeCandidate:436ea7cb-b08f-45a9-ac25-59983fb5da84
2019-10-15 21:21:27,641 [grpc-default-executor-6] INFO  impl.RoleInfo (RoleInfo.java:shutdownFollowerState(121)) - 0eb142cf-b7a4-42cc-bedf-7b6b824b4e6a: shutdown FollowerState
2019-10-15 21:21:27,641 [pool-59-thread-1] INFO  server.RaftServerConfigKeys (ConfUtils.java:logGet(43)) - raft.server.log.statemachine.data.sync.timeout.retry = -1 (default)
2019-10-15 21:21:27,643 [Thread-742] INFO  impl.FollowerState (FollowerState.java:run(117)) - 0eb142cf-b7a4-42cc-bedf-7b6b824b4e6a@group-1135523AB2CE-FollowerState was interrupted: java.lang.InterruptedException: sleep interrupted
2019-10-15 21:21:27,642 [grpc-default-executor-6] INFO  impl.RoleInfo (RoleInfo.java:updateAndGet(143)) - 0eb142cf-b7a4-42cc-bedf-7b6b824b4e6a: start FollowerState
2019-10-15 21:21:27,641 [Thread-743] INFO  impl.FollowerState (FollowerState.java:run(117)) - 47d72301-684e-48ba-af14-36fa0ba944f7@group-1135523AB2CE-FollowerState was interrupted: java.lang.InterruptedException: sleep interrupted
2019-10-15 21:21:27,641 [grpc-default-executor-4] INFO  impl.RoleInfo (RoleInfo.java:updateAndGet(143)) - 47d72301-684e-48ba-af14-36fa0ba944f7: start FollowerState
2019-10-15 21:21:27,644 [pool-59-thread-1] INFO  server.RaftServerConfigKeys (ConfUtils.java:logGet(43)) - raft.server.log.statemachine.data.caching.enabled = true (custom)
2019-10-15 21:21:27,649 [Thread-753] INFO  client.GrpcClientProtocolService (GrpcClientProtocolService.java:lambda$processClientRequest$0(278)) - Failed RaftClientRequest:client-E312EE24CE89->436ea7cb-b08f-45a9-ac25-59983fb5da84@group-1135523AB2CE, cid=10, seq=0, Watch-ALL_COMMITTED(6), Message:<EMPTY>, reply=RaftClientReply:client-E312EE24CE89->436ea7cb-b08f-45a9-ac25-59983fb5da84@group-1135523AB2CE, cid=10, FAILED org.apache.ratis.protocol.NotLeaderException: Server 436ea7cb-b08f-45a9-ac25-59983fb5da84@group-1135523AB2CE is not the leader, logIndex=0, commits[436ea7cb-b08f-45a9-ac25-59983fb5da84:c3]
2019-10-15 21:21:27,655 [pool-59-thread-1] INFO  segmented.SegmentedRaftLogWorker (SegmentedRaftLogWorker.java:lambda$new$0(128)) - 436ea7cb-b08f-45a9-ac25-59983fb5da84@group-39564569D596-SegmentedRaftLogWorker: flushIndex: setUnconditionally 0 -> -1
2019-10-15 21:21:27,655 [pool-59-thread-1] INFO  server.RaftServerConfigKeys (ConfUtils.java:logGet(43)) - raft.server.snapshot.auto.trigger.enabled = true (custom)
2019-10-15 21:21:27,655 [pool-59-thread-1] INFO  server.RaftServerConfigKeys (ConfUtils.java:logGet(43)) - raft.server.snapshot.auto.trigger.threshold = 10000 (custom)
2019-10-15 21:21:27,655 [pool-59-thread-1] INFO  server.RaftServerConfigKeys (ConfUtils.java:logGet(43)) - raft.server.snapshot.retention.file.num = 5 (custom)
2019-10-15 21:21:27,655 [pool-59-thread-1] INFO  server.RaftServerConfigKeys (ConfUtils.java:logGet(43)) - raft.server.retrycache.expirytime = 600000ms (custom)
2019-10-15 21:21:27,661 [pool-59-thread-1] INFO  impl.RaftServerImpl (RaftServerImpl.java:start(195)) - 436ea7cb-b08f-45a9-ac25-59983fb5da84@group-39564569D596: start as a follower, conf=-1: [436ea7cb-b08f-45a9-ac25-59983fb5da84:192.168.69.102:32878], old=null
2019-10-15 21:21:27,662 [pool-59-thread-1] INFO  impl.RaftServerImpl (RaftServerImpl.java:setRole(184)) - 436ea7cb-b08f-45a9-ac25-59983fb5da84@group-39564569D596: changes role from      null to FOLLOWER at term 0 for startAsFollower
2019-10-15 21:21:27,662 [pool-59-thread-1] INFO  impl.RoleInfo (RoleInfo.java:updateAndGet(143)) - 436ea7cb-b08f-45a9-ac25-59983fb5da84: start FollowerState
2019-10-15 21:21:27,667 [436ea7cb-b08f-45a9-ac25-59983fb5da84@group-1135523AB2CE-LeaderElection33] INFO  impl.LeaderElection (LeaderElection.java:logAndReturn(56)) - 436ea7cb-b08f-45a9-ac25-59983fb5da84@group-1135523AB2CE-LeaderElection33: Election REJECTED; received 2 response(s) [436ea7cb-b08f-45a9-ac25-59983fb5da84<-0eb142cf-b7a4-42cc-bedf-7b6b824b4e6a#0:FAIL-t33, 436ea7cb-b08f-45a9-ac25-59983fb5da84<-47d72301-684e-48ba-af14-36fa0ba944f7#0:FAIL-t33] and 0 exception(s); 436ea7cb-b08f-45a9-ac25-59983fb5da84@group-1135523AB2CE:t33, leader=null, voted=436ea7cb-b08f-45a9-ac25-59983fb5da84, raftlog=436ea7cb-b08f-45a9-ac25-59983fb5da84@group-1135523AB2CE-SegmentedRaftLog:OPENED:c3,f4,i4, conf=0: [436ea7cb-b08f-45a9-ac25-59983fb5da84:192.168.69.102:32878, 0eb142cf-b7a4-42cc-bedf-7b6b824b4e6a:192.168.69.102:43792, 47d72301-684e-48ba-af14-36fa0ba944f7:192.168.69.102:33903], old=null
2019-10-15 21:21:27,667 [436ea7cb-b08f-45a9-ac25-59983fb5da84@group-1135523AB2CE-LeaderElection33] INFO  impl.RaftServerImpl (RaftServerImpl.java:setRole(184)) - 436ea7cb-b08f-45a9-ac25-59983fb5da84@group-1135523AB2CE: changes role from CANDIDATE to FOLLOWER at term 33 for DISCOVERED_A_NEW_TERM
2019-10-15 21:21:27,667 [436ea7cb-b08f-45a9-ac25-59983fb5da84@group-1135523AB2CE-LeaderElection33] INFO  impl.RoleInfo (RoleInfo.java:shutdownLeaderElection(134)) - 436ea7cb-b08f-45a9-ac25-59983fb5da84: shutdown LeaderElection
2019-10-15 21:21:27,668 [436ea7cb-b08f-45a9-ac25-59983fb5da84@group-1135523AB2CE-LeaderElection33] INFO  impl.RoleInfo (RoleInfo.java:updateAndGet(143)) - 436ea7cb-b08f-45a9-ac25-59983fb5da84: start FollowerState
2019-10-15 21:21:27,668 [pool-59-thread-1] INFO  util.JmxRegister (JmxRegister.java:tryRegister(44)) - Successfully registered JMX Bean with object name Ratis:service=RaftServer,group=group-39564569D596,id=436ea7cb-b08f-45a9-ac25-59983fb5da84
2019-10-15 21:21:27,687 [RatisPipelineUtilsThread] INFO  pipeline.PipelineStateManager (PipelineStateManager.java:addPipeline(56)) - Created pipeline Pipeline[ Id: 2d45e049-e646-4306-82af-39564569d596, Nodes: 436ea7cb-b08f-45a9-ac25-59983fb5da84{ip: 192.168.69.102, host: pr-hdds-2254-trunk-ddzgt-1485873308, networkLocation: /default-rack, certSerialId: null}, Type:RATIS, Factor:ONE, State:OPEN]
2019-10-15 21:21:27,699 [grpc-default-executor-2] INFO  impl.RaftServerProxy (RaftServerProxy.java:addNew(89)) - 436ea7cb-b08f-45a9-ac25-59983fb5da84: addNew group-1A0C8EB8A4C4:[436ea7cb-b08f-45a9-ac25-59983fb5da84:192.168.69.102:32878, 0eb142cf-b7a4-42cc-bedf-7b6b824b4e6a:192.168.69.102:43792, 47d72301-684e-48ba-af14-36fa0ba944f7:192.168.69.102:33903] returns group-1A0C8EB8A4C4:java.util.concurrent.CompletableFuture@38153333[Not completed]
2019-10-15 21:21:27,701 [pool-59-thread-1] INFO  impl.RaftServerImpl (RaftServerImpl.java:<init>(104)) - 436ea7cb-b08f-45a9-ac25-59983fb5da84: new RaftServerImpl for group-1A0C8EB8A4C4:[436ea7cb-b08f-45a9-ac25-59983fb5da84:192.168.69.102:32878, 0eb142cf-b7a4-42cc-bedf-7b6b824b4e6a:192.168.69.102:43792, 47d72301-684e-48ba-af14-36fa0ba944f7:192.168.69.102:33903] with ContainerStateMachine:uninitialized
2019-10-15 21:21:27,701 [pool-59-thread-1] INFO  server.RaftServerConfigKeys (ConfUtils.java:logGet(43)) - raft.server.rpc.timeout.min = 5s (custom)
2019-10-15 21:21:27,701 [pool-59-thread-1] INFO  server.RaftServerConfigKeys (ConfUtils.java:logGet(43)) - raft.server.rpc.timeout.max = 5200ms (custom)
2019-10-15 21:21:27,701 [pool-59-thread-1] INFO  server.RaftServerConfigKeys (ConfUtils.java:logGet(43)) - raft.server.rpcslowness.timeout = 1000s (custom)
2019-10-15 21:21:27,702 [pool-59-thread-1] INFO  server.RaftServerConfigKeys (ConfUtils.java:logGet(43)) - raft.server.sleep.deviation.threshold = 300 (default)
2019-10-15 21:21:27,702 [pool-59-thread-1] INFO  server.RaftServerConfigKeys (ConfUtils.java:logGet(43)) - raft.server.log.appender.install.snapshot.enabled = false (custom)
2019-10-15 21:21:27,702 [pool-59-thread-1] INFO  impl.RaftServerImpl (ServerState.java:<init>(103)) - 436ea7cb-b08f-45a9-ac25-59983fb5da84@group-1A0C8EB8A4C4: ConfigurationManager, init=-1: [436ea7cb-b08f-45a9-ac25-59983fb5da84:192.168.69.102:32878, 0eb142cf-b7a4-42cc-bedf-7b6b824b4e6a:192.168.69.102:43792, 47d72301-684e-48ba-af14-36fa0ba944f7:192.168.69.102:33903], old=null, confs=<EMPTY_MAP>
2019-10-15 21:21:27,702 [grpc-default-executor-2] INFO  impl.RaftServerProxy (RaftServerProxy.java:addNew(89)) - 0eb142cf-b7a4-42cc-bedf-7b6b824b4e6a: addNew group-1A0C8EB8A4C4:[436ea7cb-b08f-45a9-ac25-59983fb5da84:192.168.69.102:32878, 0eb142cf-b7a4-42cc-bedf-7b6b824b4e6a:192.168.69.102:43792, 47d72301-684e-48ba-af14-36fa0ba944f7:192.168.69.102:33903] returns group-1A0C8EB8A4C4:java.util.concurrent.CompletableFuture@5093114[Not completed]
2019-10-15 21:21:27,703 [pool-59-thread-1] INFO  server.RaftServerConfigKeys (ConfUtils.java:logGet(43)) - raft.server.storage.dir = [/workdir/hadoop-ozone/integration-test/target/test-dir/MiniOzoneClusterImpl-7ec64718-fc6c-4bdc-a59e-2452df301b4b/datanode-2/data/ratis] (custom)
2019-10-15 21:21:27,703 [grpc-default-executor-6] INFO  impl.RaftServerProxy (RaftServerProxy.java:addNew(89)) - 47d72301-684e-48ba-af14-36fa0ba944f7: addNew group-1A0C8EB8A4C4:[436ea7cb-b08f-45a9-ac25-59983fb5da84:192.168.69.102:32878, 0eb142cf-b7a4-42cc-bedf-7b6b824b4e6a:192.168.69.102:43792, 47d72301-684e-48ba-af14-36fa0ba944f7:192.168.69.102:33903] returns group-1A0C8EB8A4C4:java.util.concurrent.CompletableFuture@73d6b27[Not completed]
2019-10-15 21:21:27,703 [pool-59-thread-1] INFO  server.RaftServerConfigKeys (ConfUtils.java:logGet(43)) - raft.server.log.corruption.policy = EXCEPTION (default)
2019-10-15 21:21:27,703 [pool-59-thread-1] INFO  storage.RaftStorageDirectory (RaftStorageDirectory.java:analyzeStorage(246)) - The storage directory /workdir/hadoop-ozone/integration-test/target/test-dir/MiniOzoneClusterImpl-7ec64718-fc6c-4bdc-a59e-2452df301b4b/datanode-2/data/ratis/a07fd9a6-50a7-40c9-8120-1a0c8eb8a4c4 does not exist. Creating ...
2019-10-15 21:21:27,704 [pool-27-thread-1] INFO  impl.RaftServerImpl (RaftServerImpl.java:<init>(104)) - 0eb142cf-b7a4-42cc-bedf-7b6b824b4e6a: new RaftServerImpl for group-1A0C8EB8A4C4:[436ea7cb-b08f-45a9-ac25-59983fb5da84:192.168.69.102:32878, 0eb142cf-b7a4-42cc-bedf-7b6b824b4e6a:192.168.69.102:43792, 47d72301-684e-48ba-af14-36fa0ba944f7:192.168.69.102:33903] with ContainerStateMachine:uninitialized
2019-10-15 21:21:27,704 [pool-27-thread-1] INFO  server.RaftServerConfigKeys (ConfUtils.java:logGet(43)) - raft.server.rpc.timeout.min = 5s (custom)
2019-10-15 21:21:27,704 [pool-27-thread-1] INFO  server.RaftServerConfigKeys (ConfUtils.java:logGet(43)) - raft.server.rpc.timeout.max = 5200ms (custom)
2019-10-15 21:21:27,704 [pool-27-thread-1] INFO  server.RaftServerConfigKeys (ConfUtils.java:logGet(43)) - raft.server.rpcslowness.timeout = 1000s (custom)
2019-10-15 21:21:27,704 [pool-27-thread-1] INFO  server.RaftServerConfigKeys (ConfUtils.java:logGet(43)) - raft.server.sleep.deviation.threshold = 300 (default)
2019-10-15 21:21:27,704 [pool-27-thread-1] INFO  server.RaftServerConfigKeys (ConfUtils.java:logGet(43)) - raft.server.log.appender.install.snapshot.enabled = false (custom)
2019-10-15 21:21:27,704 [pool-27-thread-1] INFO  impl.RaftServerImpl (ServerState.java:<init>(103)) - 0eb142cf-b7a4-42cc-bedf-7b6b824b4e6a@group-1A0C8EB8A4C4: ConfigurationManager, init=-1: [436ea7cb-b08f-45a9-ac25-59983fb5da84:192.168.69.102:32878, 0eb142cf-b7a4-42cc-bedf-7b6b824b4e6a:192.168.69.102:43792, 47d72301-684e-48ba-af14-36fa0ba944f7:192.168.69.102:33903], old=null, confs=<EMPTY_MAP>
2019-10-15 21:21:27,704 [pool-27-thread-1] INFO  server.RaftServerConfigKeys (ConfUtils.java:logGet(43)) - raft.server.storage.dir = [/workdir/hadoop-ozone/integration-test/target/test-dir/MiniOzoneClusterImpl-7ec64718-fc6c-4bdc-a59e-2452df301b4b/datanode-0/data/ratis] (custom)
2019-10-15 21:21:27,704 [pool-37-thread-1] INFO  impl.RaftServerImpl (RaftServerImpl.java:<init>(104)) - 47d72301-684e-48ba-af14-36fa0ba944f7: new RaftServerImpl for group-1A0C8EB8A4C4:[436ea7cb-b08f-45a9-ac25-59983fb5da84:192.168.69.102:32878, 0eb142cf-b7a4-42cc-bedf-7b6b824b4e6a:192.168.69.102:43792, 47d72301-684e-48ba-af14-36fa0ba944f7:192.168.69.102:33903] with ContainerStateMachine:uninitialized
2019-10-15 21:21:27,704 [pool-37-thread-1] INFO  server.RaftServerConfigKeys (ConfUtils.java:logGet(43)) - raft.server.rpc.timeout.min = 5s (custom)
2019-10-15 21:21:27,705 [pool-27-thread-1] INFO  server.RaftServerConfigKeys (ConfUtils.java:logGet(43)) - raft.server.log.corruption.policy = EXCEPTION (default)
2019-10-15 21:21:27,705 [pool-37-thread-1] INFO  server.RaftServerConfigKeys (ConfUtils.java:logGet(43)) - raft.server.rpc.timeout.max = 5200ms (custom)
2019-10-15 21:21:27,705 [pool-27-thread-1] INFO  storage.RaftStorageDirectory (RaftStorageDirectory.java:analyzeStorage(246)) - The storage directory /workdir/hadoop-ozone/integration-test/target/test-dir/MiniOzoneClusterImpl-7ec64718-fc6c-4bdc-a59e-2452df301b4b/datanode-0/data/ratis/a07fd9a6-50a7-40c9-8120-1a0c8eb8a4c4 does not exist. Creating ...
2019-10-15 21:21:27,705 [pool-37-thread-1] INFO  server.RaftServerConfigKeys (ConfUtils.java:logGet(43)) - raft.server.rpcslowness.timeout = 1000s (custom)
2019-10-15 21:21:27,705 [pool-37-thread-1] INFO  server.RaftServerConfigKeys (ConfUtils.java:logGet(43)) - raft.server.sleep.deviation.threshold = 300 (default)
2019-10-15 21:21:27,705 [pool-37-thread-1] INFO  server.RaftServerConfigKeys (ConfUtils.java:logGet(43)) - raft.server.log.appender.install.snapshot.enabled = false (custom)
2019-10-15 21:21:27,705 [pool-37-thread-1] INFO  impl.RaftServerImpl (ServerState.java:<init>(103)) - 47d72301-684e-48ba-af14-36fa0ba944f7@group-1A0C8EB8A4C4: ConfigurationManager, init=-1: [436ea7cb-b08f-45a9-ac25-59983fb5da84:192.168.69.102:32878, 0eb142cf-b7a4-42cc-bedf-7b6b824b4e6a:192.168.69.102:43792, 47d72301-684e-48ba-af14-36fa0ba944f7:192.168.69.102:33903], old=null, confs=<EMPTY_MAP>
2019-10-15 21:21:27,705 [pool-37-thread-1] INFO  server.RaftServerConfigKeys (ConfUtils.java:logGet(43)) - raft.server.storage.dir = [/workdir/hadoop-ozone/integration-test/target/test-dir/MiniOzoneClusterImpl-7ec64718-fc6c-4bdc-a59e-2452df301b4b/datanode-1/data/ratis] (custom)
2019-10-15 21:21:27,705 [pool-37-thread-1] INFO  server.RaftServerConfigKeys (ConfUtils.java:logGet(43)) - raft.server.log.corruption.policy = EXCEPTION (default)
2019-10-15 21:21:27,706 [pool-37-thread-1] INFO  storage.RaftStorageDirectory (RaftStorageDirectory.java:analyzeStorage(246)) - The storage directory /workdir/hadoop-ozone/integration-test/target/test-dir/MiniOzoneClusterImpl-7ec64718-fc6c-4bdc-a59e-2452df301b4b/datanode-1/data/ratis/a07fd9a6-50a7-40c9-8120-1a0c8eb8a4c4 does not exist. Creating ...
2019-10-15 21:21:27,714 [pool-7-thread-4] INFO  commands.RetriableDatanodeEventWatcher (RetriableDatanodeEventWatcher.java:onTimeout(47)) - RetriableDatanodeCommand type=deleteBlocksCommand with id=1571174480710 timed out. Retrying.
2019-10-15 21:21:27,714 [pool-7-thread-1] INFO  commands.RetriableDatanodeEventWatcher (RetriableDatanodeEventWatcher.java:onTimeout(47)) - RetriableDatanodeCommand type=deleteBlocksCommand with id=1571174480709 timed out. Retrying.
2019-10-15 21:21:27,714 [pool-7-thread-3] INFO  commands.RetriableDatanodeEventWatcher (RetriableDatanodeEventWatcher.java:onTimeout(47)) - RetriableDatanodeCommand type=deleteBlocksCommand with id=1571174480707 timed out. Retrying.
2019-10-15 21:21:27,715 [pool-7-thread-3] INFO  commands.RetriableDatanodeEventWatcher (RetriableDatanodeEventWatcher.java:onTimeout(47)) - RetriableDatanodeCommand type=deleteBlocksCommand with id=1571174480713 timed out. Retrying.
2019-10-15 21:21:27,715 [SCMBlockDeletingService#1] INFO  block.SCMBlockDeletingService (SCMBlockDeletingService.java:call(184)) - Totally added 1 delete blocks command for 1 datanodes, task elapsed time: 1ms
2019-10-15 21:21:27,715 [pool-7-thread-5] INFO  commands.RetriableDatanodeEventWatcher (RetriableDatanodeEventWatcher.java:onTimeout(47)) - RetriableDatanodeCommand type=deleteBlocksCommand with id=1571174480708 timed out. Retrying.
2019-10-15 21:21:27,717 [EventQueue-PendingDeleteStatusForPendingDeleteHandler] INFO  block.SCMBlockDeletingService (SCMBlockDeletingService.java:handlePendingDeletes(115)) - Block deletion txnID mismatch in datanode 436ea7cb-b08f-45a9-ac25-59983fb5da84 for containerID 1. Datanode delete txnID: 0, SCM txnID: 1
2019-10-15 21:21:27,717 [pool-27-thread-1] INFO  storage.RaftStorageDirectory (RaftStorageDirectory.java:tryLock(328)) - Lock on /workdir/hadoop-ozone/integration-test/target/test-dir/MiniOzoneClusterImpl-7ec64718-fc6c-4bdc-a59e-2452df301b4b/datanode-0/data/ratis/a07fd9a6-50a7-40c9-8120-1a0c8eb8a4c4/in_use.lock acquired by nodename 19633@pr-hdds-2254-trunk-ddzgt-1485873308
2019-10-15 21:21:27,717 [pool-37-thread-1] INFO  storage.RaftStorageDirectory (RaftStorageDirectory.java:tryLock(328)) - Lock on /workdir/hadoop-ozone/integration-test/target/test-dir/MiniOzoneClusterImpl-7ec64718-fc6c-4bdc-a59e-2452df301b4b/datanode-1/data/ratis/a07fd9a6-50a7-40c9-8120-1a0c8eb8a4c4/in_use.lock acquired by nodename 19633@pr-hdds-2254-trunk-ddzgt-1485873308
2019-10-15 21:21:27,717 [pool-59-thread-1] INFO  storage.RaftStorageDirectory (RaftStorageDirectory.java:tryLock(328)) - Lock on /workdir/hadoop-ozone/integration-test/target/test-dir/MiniOzoneClusterImpl-7ec64718-fc6c-4bdc-a59e-2452df301b4b/datanode-2/data/ratis/a07fd9a6-50a7-40c9-8120-1a0c8eb8a4c4/in_use.lock acquired by nodename 19633@pr-hdds-2254-trunk-ddzgt-1485873308
2019-10-15 21:21:27,718 [pool-7-thread-2] INFO  commands.RetriableDatanodeEventWatcher (RetriableDatanodeEventWatcher.java:onTimeout(47)) - RetriableDatanodeCommand type=deleteBlocksCommand with id=1571174480711 timed out. Retrying.
2019-10-15 21:21:27,718 [pool-7-thread-6] INFO  commands.RetriableDatanodeEventWatcher (RetriableDatanodeEventWatcher.java:onTimeout(47)) - RetriableDatanodeCommand type=deleteBlocksCommand with id=1571174480712 timed out. Retrying.
2019-10-15 21:21:27,720 [pool-27-thread-1] INFO  storage.RaftStorage (RaftStorage.java:format(84)) - Storage directory /workdir/hadoop-ozone/integration-test/target/test-dir/MiniOzoneClusterImpl-7ec64718-fc6c-4bdc-a59e-2452df301b4b/datanode-0/data/ratis/a07fd9a6-50a7-40c9-8120-1a0c8eb8a4c4 has been successfully formatted.
2019-10-15 21:21:27,720 [pool-27-thread-1] INFO  ratis.ContainerStateMachine (ContainerStateMachine.java:loadSnapshot(231)) - group-1A0C8EB8A4C4: The snapshot info is null. Setting the last applied indexto:(t:0, i:~)
2019-10-15 21:21:27,720 [pool-27-thread-1] INFO  server.RaftServerConfigKeys (ConfUtils.java:logGet(43)) - raft.server.notification.no-leader.timeout = 1000s (custom)
2019-10-15 21:21:27,720 [pool-27-thread-1] INFO  server.RaftServerConfigKeys (ConfUtils.java:logGet(43)) - raft.server.log.use.memory = false (default)
2019-10-15 21:21:27,720 [pool-27-thread-1] INFO  server.RaftServerConfigKeys (ConfUtils.java:logGet(43)) - raft.server.log.purge.gap = 1000000 (custom)
2019-10-15 21:21:27,720 [pool-27-thread-1] INFO  server.RaftServerConfigKeys (ConfUtils.java:logGet(43)) - raft.server.log.appender.buffer.byte-limit = 33554432 (custom)
2019-10-15 21:21:27,721 [pool-27-thread-1] INFO  server.RaftServerConfigKeys (ConfUtils.java:logGet(43)) - raft.server.log.segment.size.max = 1048576 (custom)
2019-10-15 21:21:27,721 [pool-59-thread-1] INFO  storage.RaftStorage (RaftStorage.java:format(84)) - Storage directory /workdir/hadoop-ozone/integration-test/target/test-dir/MiniOzoneClusterImpl-7ec64718-fc6c-4bdc-a59e-2452df301b4b/datanode-2/data/ratis/a07fd9a6-50a7-40c9-8120-1a0c8eb8a4c4 has been successfully formatted.
2019-10-15 21:21:27,721 [pool-37-thread-1] INFO  storage.RaftStorage (RaftStorage.java:format(84)) - Storage directory /workdir/hadoop-ozone/integration-test/target/test-dir/MiniOzoneClusterImpl-7ec64718-fc6c-4bdc-a59e-2452df301b4b/datanode-1/data/ratis/a07fd9a6-50a7-40c9-8120-1a0c8eb8a4c4 has been successfully formatted.
2019-10-15 21:21:27,721 [pool-27-thread-1] INFO  server.RaftServerConfigKeys (ConfUtils.java:logGet(43)) - raft.server.log.segment.cache.num.max = 2 (custom)
2019-10-15 21:21:27,721 [pool-27-thread-1] INFO  segmented.SegmentedRaftLogWorker (SegmentedRaftLogWorker.java:<init>(173)) - new 0eb142cf-b7a4-42cc-bedf-7b6b824b4e6a@group-1A0C8EB8A4C4-SegmentedRaftLogWorker for RaftStorage:Storage Directory /workdir/hadoop-ozone/integration-test/target/test-dir/MiniOzoneClusterImpl-7ec64718-fc6c-4bdc-a59e-2452df301b4b/datanode-0/data/ratis/a07fd9a6-50a7-40c9-8120-1a0c8eb8a4c4
2019-10-15 21:21:27,721 [pool-27-thread-1] INFO  server.RaftServerConfigKeys (ConfUtils.java:logGet(43)) - raft.server.log.queue.byte-limit = 2147483647 (custom)
2019-10-15 21:21:27,721 [pool-27-thread-1] INFO  server.RaftServerConfigKeys (ConfUtils.java:logGet(43)) - raft.server.log.queue.element-limit = 1024 (custom)
2019-10-15 21:21:27,721 [pool-27-thread-1] INFO  server.RaftServerConfigKeys (ConfUtils.java:logGet(43)) - raft.server.log.segment.size.max = 1048576 (custom)
2019-10-15 21:21:27,722 [pool-27-thread-1] INFO  server.RaftServerConfigKeys (ConfUtils.java:logGet(43)) - raft.server.log.preallocated.size = 16384 (custom)
2019-10-15 21:21:27,722 [pool-27-thread-1] INFO  server.RaftServerConfigKeys (ConfUtils.java:logGet(43)) - raft.server.log.write.buffer.size = 33554432 (custom)
2019-10-15 21:21:27,722 [pool-27-thread-1] INFO  server.RaftServerConfigKeys (ConfUtils.java:logGet(43)) - raft.server.log.force.sync.num = 128 (default)
2019-10-15 21:21:27,722 [pool-27-thread-1] INFO  server.RaftServerConfigKeys (ConfUtils.java:logGet(43)) - raft.server.log.statemachine.data.sync = true (default)
2019-10-15 21:21:27,722 [pool-27-thread-1] INFO  server.RaftServerConfigKeys (ConfUtils.java:logGet(43)) - raft.server.log.statemachine.data.sync.timeout = 10s (default)
2019-10-15 21:21:27,722 [pool-27-thread-1] INFO  server.RaftServerConfigKeys (ConfUtils.java:logGet(43)) - raft.server.log.statemachine.data.sync.timeout.retry = -1 (default)
2019-10-15 21:21:27,722 [pool-27-thread-1] INFO  server.RaftServerConfigKeys (ConfUtils.java:logGet(43)) - raft.server.log.statemachine.data.caching.enabled = true (custom)
2019-10-15 21:21:27,724 [pool-37-thread-1] INFO  ratis.ContainerStateMachine (ContainerStateMachine.java:loadSnapshot(231)) - group-1A0C8EB8A4C4: The snapshot info is null. Setting the last applied indexto:(t:0, i:~)
2019-10-15 21:21:27,724 [pool-27-thread-1] INFO  segmented.SegmentedRaftLogWorker (SegmentedRaftLogWorker.java:lambda$new$0(128)) - 0eb142cf-b7a4-42cc-bedf-7b6b824b4e6a@group-1A0C8EB8A4C4-SegmentedRaftLogWorker: flushIndex: setUnconditionally 0 -> -1
2019-10-15 21:21:27,724 [pool-59-thread-1] INFO  ratis.ContainerStateMachine (ContainerStateMachine.java:loadSnapshot(231)) - group-1A0C8EB8A4C4: The snapshot info is null. Setting the last applied indexto:(t:0, i:~)
2019-10-15 21:21:27,724 [pool-37-thread-1] INFO  server.RaftServerConfigKeys (ConfUtils.java:logGet(43)) - raft.server.notification.no-leader.timeout = 1000s (custom)
2019-10-15 21:21:27,724 [pool-59-thread-1] INFO  server.RaftServerConfigKeys (ConfUtils.java:logGet(43)) - raft.server.notification.no-leader.timeout = 1000s (custom)
2019-10-15 21:21:27,724 [pool-27-thread-1] INFO  server.RaftServerConfigKeys (ConfUtils.java:logGet(43)) - raft.server.snapshot.auto.trigger.enabled = true (custom)
2019-10-15 21:21:27,725 [pool-59-thread-1] INFO  server.RaftServerConfigKeys (ConfUtils.java:logGet(43)) - raft.server.log.use.memory = false (default)
2019-10-15 21:21:27,725 [pool-37-thread-1] INFO  server.RaftServerConfigKeys (ConfUtils.java:logGet(43)) - raft.server.log.use.memory = false (default)
2019-10-15 21:21:27,725 [pool-59-thread-1] INFO  server.RaftServerConfigKeys (ConfUtils.java:logGet(43)) - raft.server.log.purge.gap = 1000000 (custom)
2019-10-15 21:21:27,725 [pool-27-thread-1] INFO  server.RaftServerConfigKeys (ConfUtils.java:logGet(43)) - raft.server.snapshot.auto.trigger.threshold = 10000 (custom)
2019-10-15 21:21:27,725 [pool-59-thread-1] INFO  server.RaftServerConfigKeys (ConfUtils.java:logGet(43)) - raft.server.log.appender.buffer.byte-limit = 33554432 (custom)
2019-10-15 21:21:27,725 [pool-37-thread-1] INFO  server.RaftServerConfigKeys (ConfUtils.java:logGet(43)) - raft.server.log.purge.gap = 1000000 (custom)
2019-10-15 21:21:27,725 [pool-59-thread-1] INFO  server.RaftServerConfigKeys (ConfUtils.java:logGet(43)) - raft.server.log.segment.size.max = 1048576 (custom)
2019-10-15 21:21:27,725 [pool-27-thread-1] INFO  server.RaftServerConfigKeys (ConfUtils.java:logGet(43)) - raft.server.snapshot.retention.file.num = 5 (custom)
2019-10-15 21:21:27,725 [pool-59-thread-1] INFO  server.RaftServerConfigKeys (ConfUtils.java:logGet(43)) - raft.server.log.segment.cache.num.max = 2 (custom)
2019-10-15 21:21:27,725 [pool-37-thread-1] INFO  server.RaftServerConfigKeys (ConfUtils.java:logGet(43)) - raft.server.log.appender.buffer.byte-limit = 33554432 (custom)
2019-10-15 21:21:27,725 [pool-59-thread-1] INFO  segmented.SegmentedRaftLogWorker (SegmentedRaftLogWorker.java:<init>(173)) - new 436ea7cb-b08f-45a9-ac25-59983fb5da84@group-1A0C8EB8A4C4-SegmentedRaftLogWorker for RaftStorage:Storage Directory /workdir/hadoop-ozone/integration-test/target/test-dir/MiniOzoneClusterImpl-7ec64718-fc6c-4bdc-a59e-2452df301b4b/datanode-2/data/ratis/a07fd9a6-50a7-40c9-8120-1a0c8eb8a4c4
2019-10-15 21:21:27,725 [pool-27-thread-1] INFO  server.RaftServerConfigKeys (ConfUtils.java:logGet(43)) - raft.server.retrycache.expirytime = 600000ms (custom)
2019-10-15 21:21:27,726 [pool-59-thread-1] INFO  server.RaftServerConfigKeys (ConfUtils.java:logGet(43)) - raft.server.log.queue.byte-limit = 2147483647 (custom)
2019-10-15 21:21:27,726 [pool-37-thread-1] INFO  server.RaftServerConfigKeys (ConfUtils.java:logGet(43)) - raft.server.log.segment.size.max = 1048576 (custom)
2019-10-15 21:21:27,726 [pool-59-thread-1] INFO  server.RaftServerConfigKeys (ConfUtils.java:logGet(43)) - raft.server.log.queue.element-limit = 1024 (custom)
2019-10-15 21:21:27,726 [pool-37-thread-1] INFO  server.RaftServerConfigKeys (ConfUtils.java:logGet(43)) - raft.server.log.segment.cache.num.max = 2 (custom)
2019-10-15 21:21:27,726 [pool-59-thread-1] INFO  server.RaftServerConfigKeys (ConfUtils.java:logGet(43)) - raft.server.log.segment.size.max = 1048576 (custom)
2019-10-15 21:21:27,726 [pool-37-thread-1] INFO  segmented.SegmentedRaftLogWorker (SegmentedRaftLogWorker.java:<init>(173)) - new 47d72301-684e-48ba-af14-36fa0ba944f7@group-1A0C8EB8A4C4-SegmentedRaftLogWorker for RaftStorage:Storage Directory /workdir/hadoop-ozone/integration-test/target/test-dir/MiniOzoneClusterImpl-7ec64718-fc6c-4bdc-a59e-2452df301b4b/datanode-1/data/ratis/a07fd9a6-50a7-40c9-8120-1a0c8eb8a4c4
2019-10-15 21:21:27,726 [pool-59-thread-1] INFO  server.RaftServerConfigKeys (ConfUtils.java:logGet(43)) - raft.server.log.preallocated.size = 16384 (custom)
2019-10-15 21:21:27,726 [pool-37-thread-1] INFO  server.RaftServerConfigKeys (ConfUtils.java:logGet(43)) - raft.server.log.queue.byte-limit = 2147483647 (custom)
2019-10-15 21:21:27,726 [pool-59-thread-1] INFO  server.RaftServerConfigKeys (ConfUtils.java:logGet(43)) - raft.server.log.write.buffer.size = 33554432 (custom)
2019-10-15 21:21:27,727 [pool-37-thread-1] INFO  server.RaftServerConfigKeys (ConfUtils.java:logGet(43)) - raft.server.log.queue.element-limit = 1024 (custom)
2019-10-15 21:21:27,727 [pool-59-thread-1] INFO  server.RaftServerConfigKeys (ConfUtils.java:logGet(43)) - raft.server.log.force.sync.num = 128 (default)
2019-10-15 21:21:27,727 [pool-37-thread-1] INFO  server.RaftServerConfigKeys (ConfUtils.java:logGet(43)) - raft.server.log.segment.size.max = 1048576 (custom)
2019-10-15 21:21:27,727 [pool-59-thread-1] INFO  server.RaftServerConfigKeys (ConfUtils.java:logGet(43)) - raft.server.log.statemachine.data.sync = true (default)
2019-10-15 21:21:27,727 [pool-37-thread-1] INFO  server.RaftServerConfigKeys (ConfUtils.java:logGet(43)) - raft.server.log.preallocated.size = 16384 (custom)
2019-10-15 21:21:27,727 [pool-59-thread-1] INFO  server.RaftServerConfigKeys (ConfUtils.java:logGet(43)) - raft.server.log.statemachine.data.sync.timeout = 10s (default)
2019-10-15 21:21:27,727 [pool-37-thread-1] INFO  server.RaftServerConfigKeys (ConfUtils.java:logGet(43)) - raft.server.log.write.buffer.size = 33554432 (custom)
2019-10-15 21:21:27,727 [pool-59-thread-1] INFO  server.RaftServerConfigKeys (ConfUtils.java:logGet(43)) - raft.server.log.statemachine.data.sync.timeout.retry = -1 (default)
2019-10-15 21:21:27,727 [pool-37-thread-1] INFO  server.RaftServerConfigKeys (ConfUtils.java:logGet(43)) - raft.server.log.force.sync.num = 128 (default)
2019-10-15 21:21:27,727 [pool-59-thread-1] INFO  server.RaftServerConfigKeys (ConfUtils.java:logGet(43)) - raft.server.log.statemachine.data.caching.enabled = true (custom)
2019-10-15 21:21:27,728 [pool-37-thread-1] INFO  server.RaftServerConfigKeys (ConfUtils.java:logGet(43)) - raft.server.log.statemachine.data.sync = true (default)
2019-10-15 21:21:27,728 [pool-59-thread-1] INFO  segmented.SegmentedRaftLogWorker (SegmentedRaftLogWorker.java:lambda$new$0(128)) - 436ea7cb-b08f-45a9-ac25-59983fb5da84@group-1A0C8EB8A4C4-SegmentedRaftLogWorker: flushIndex: setUnconditionally 0 -> -1
2019-10-15 21:21:27,728 [pool-37-thread-1] INFO  server.RaftServerConfigKeys (ConfUtils.java:logGet(43)) - raft.server.log.statemachine.data.sync.timeout = 10s (default)
2019-10-15 21:21:27,728 [pool-37-thread-1] INFO  server.RaftServerConfigKeys (ConfUtils.java:logGet(43)) - raft.server.log.statemachine.data.sync.timeout.retry = -1 (default)
2019-10-15 21:21:27,728 [pool-59-thread-1] INFO  server.RaftServerConfigKeys (ConfUtils.java:logGet(43)) - raft.server.snapshot.auto.trigger.enabled = true (custom)
2019-10-15 21:21:27,728 [pool-37-thread-1] INFO  server.RaftServerConfigKeys (ConfUtils.java:logGet(43)) - raft.server.log.statemachine.data.caching.enabled = true (custom)
2019-10-15 21:21:27,728 [pool-59-thread-1] INFO  server.RaftServerConfigKeys (ConfUtils.java:logGet(43)) - raft.server.snapshot.auto.trigger.threshold = 10000 (custom)
2019-10-15 21:21:27,728 [pool-59-thread-1] INFO  server.RaftServerConfigKeys (ConfUtils.java:logGet(43)) - raft.server.snapshot.retention.file.num = 5 (custom)
2019-10-15 21:21:27,728 [pool-37-thread-1] INFO  segmented.SegmentedRaftLogWorker (SegmentedRaftLogWorker.java:lambda$new$0(128)) - 47d72301-684e-48ba-af14-36fa0ba944f7@group-1A0C8EB8A4C4-SegmentedRaftLogWorker: flushIndex: setUnconditionally 0 -> -1
2019-10-15 21:21:27,728 [pool-59-thread-1] INFO  server.RaftServerConfigKeys (ConfUtils.java:logGet(43)) - raft.server.retrycache.expirytime = 600000ms (custom)
2019-10-15 21:21:27,728 [pool-27-thread-1] INFO  impl.RaftServerImpl (RaftServerImpl.java:start(195)) - 0eb142cf-b7a4-42cc-bedf-7b6b824b4e6a@group-1A0C8EB8A4C4: start as a follower, conf=-1: [436ea7cb-b08f-45a9-ac25-59983fb5da84:192.168.69.102:32878, 0eb142cf-b7a4-42cc-bedf-7b6b824b4e6a:192.168.69.102:43792, 47d72301-684e-48ba-af14-36fa0ba944f7:192.168.69.102:33903], old=null
2019-10-15 21:21:27,729 [pool-37-thread-1] INFO  server.RaftServerConfigKeys (ConfUtils.java:logGet(43)) - raft.server.snapshot.auto.trigger.enabled = true (custom)
2019-10-15 21:21:27,729 [pool-27-thread-1] INFO  impl.RaftServerImpl (RaftServerImpl.java:setRole(184)) - 0eb142cf-b7a4-42cc-bedf-7b6b824b4e6a@group-1A0C8EB8A4C4: changes role from      null to FOLLOWER at term 0 for startAsFollower
2019-10-15 21:21:27,729 [pool-37-thread-1] INFO  server.RaftServerConfigKeys (ConfUtils.java:logGet(43)) - raft.server.snapshot.auto.trigger.threshold = 10000 (custom)
2019-10-15 21:21:27,729 [pool-27-thread-1] INFO  impl.RoleInfo (RoleInfo.java:updateAndGet(143)) - 0eb142cf-b7a4-42cc-bedf-7b6b824b4e6a: start FollowerState
2019-10-15 21:21:27,729 [pool-37-thread-1] INFO  server.RaftServerConfigKeys (ConfUtils.java:logGet(43)) - raft.server.snapshot.retention.file.num = 5 (custom)
2019-10-15 21:21:27,729 [pool-37-thread-1] INFO  server.RaftServerConfigKeys (ConfUtils.java:logGet(43)) - raft.server.retrycache.expirytime = 600000ms (custom)
2019-10-15 21:21:27,729 [pool-27-thread-1] INFO  util.JmxRegister (JmxRegister.java:tryRegister(44)) - Successfully registered JMX Bean with object name Ratis:service=RaftServer,group=group-1A0C8EB8A4C4,id=0eb142cf-b7a4-42cc-bedf-7b6b824b4e6a
2019-10-15 21:21:27,730 [Thread-757] INFO  impl.FollowerState (FollowerState.java:run(108)) - 436ea7cb-b08f-45a9-ac25-59983fb5da84@group-1135523AB2CE-FollowerState: change to CANDIDATE, lastRpcTime:62ms, electionTimeout:62ms
2019-10-15 21:21:27,730 [Thread-757] INFO  impl.RoleInfo (RoleInfo.java:shutdownFollowerState(121)) - 436ea7cb-b08f-45a9-ac25-59983fb5da84: shutdown FollowerState
2019-10-15 21:21:27,730 [Thread-757] INFO  impl.RaftServerImpl (RaftServerImpl.java:setRole(184)) - 436ea7cb-b08f-45a9-ac25-59983fb5da84@group-1135523AB2CE: changes role from  FOLLOWER to CANDIDATE at term 33 for changeToCandidate
2019-10-15 21:21:27,730 [Thread-757] INFO  impl.RoleInfo (RoleInfo.java:updateAndGet(143)) - 436ea7cb-b08f-45a9-ac25-59983fb5da84: start LeaderElection
2019-10-15 21:21:27,731 [pool-59-thread-1] INFO  impl.RaftServerImpl (RaftServerImpl.java:start(195)) - 436ea7cb-b08f-45a9-ac25-59983fb5da84@group-1A0C8EB8A4C4: start as a follower, conf=-1: [436ea7cb-b08f-45a9-ac25-59983fb5da84:192.168.69.102:32878, 0eb142cf-b7a4-42cc-bedf-7b6b824b4e6a:192.168.69.102:43792, 47d72301-684e-48ba-af14-36fa0ba944f7:192.168.69.102:33903], old=null
2019-10-15 21:21:27,731 [pool-59-thread-1] INFO  impl.RaftServerImpl (RaftServerImpl.java:setRole(184)) - 436ea7cb-b08f-45a9-ac25-59983fb5da84@group-1A0C8EB8A4C4: changes role from      null to FOLLOWER at term 0 for startAsFollower
2019-10-15 21:21:27,731 [pool-59-thread-1] INFO  impl.RoleInfo (RoleInfo.java:updateAndGet(143)) - 436ea7cb-b08f-45a9-ac25-59983fb5da84: start FollowerState
2019-10-15 21:21:27,732 [pool-59-thread-1] INFO  util.JmxRegister (JmxRegister.java:tryRegister(44)) - Successfully registered JMX Bean with object name Ratis:service=RaftServer,group=group-1A0C8EB8A4C4,id=436ea7cb-b08f-45a9-ac25-59983fb5da84
2019-10-15 21:21:27,733 [pool-37-thread-1] INFO  impl.RaftServerImpl (RaftServerImpl.java:start(195)) - 47d72301-684e-48ba-af14-36fa0ba944f7@group-1A0C8EB8A4C4: start as a follower, conf=-1: [436ea7cb-b08f-45a9-ac25-59983fb5da84:192.168.69.102:32878, 0eb142cf-b7a4-42cc-bedf-7b6b824b4e6a:192.168.69.102:43792, 47d72301-684e-48ba-af14-36fa0ba944f7:192.168.69.102:33903], old=null
2019-10-15 21:21:27,733 [pool-37-thread-1] INFO  impl.RaftServerImpl (RaftServerImpl.java:setRole(184)) - 47d72301-684e-48ba-af14-36fa0ba944f7@group-1A0C8EB8A4C4: changes role from      null to FOLLOWER at term 0 for startAsFollower
2019-10-15 21:21:27,733 [pool-37-thread-1] INFO  impl.RoleInfo (RoleInfo.java:updateAndGet(143)) - 47d72301-684e-48ba-af14-36fa0ba944f7: start FollowerState
2019-10-15 21:21:27,735 [pool-37-thread-1] INFO  util.JmxRegister (JmxRegister.java:tryRegister(44)) - Successfully registered JMX Bean with object name Ratis:service=RaftServer,group=group-1A0C8EB8A4C4,id=47d72301-684e-48ba-af14-36fa0ba944f7
2019-10-15 21:21:27,739 [Thread-764] INFO  impl.FollowerState (FollowerState.java:run(108)) - 436ea7cb-b08f-45a9-ac25-59983fb5da84@group-1A0C8EB8A4C4-FollowerState: change to CANDIDATE, lastRpcTime:7ms, electionTimeout:7ms
2019-10-15 21:21:27,739 [Thread-764] INFO  impl.RoleInfo (RoleInfo.java:shutdownFollowerState(121)) - 436ea7cb-b08f-45a9-ac25-59983fb5da84: shutdown FollowerState
2019-10-15 21:21:27,739 [Thread-764] INFO  impl.RaftServerImpl (RaftServerImpl.java:setRole(184)) - 436ea7cb-b08f-45a9-ac25-59983fb5da84@group-1A0C8EB8A4C4: changes role from  FOLLOWER to CANDIDATE at term 0 for changeToCandidate
2019-10-15 21:21:27,739 [Thread-764] INFO  impl.RoleInfo (RoleInfo.java:updateAndGet(143)) - 436ea7cb-b08f-45a9-ac25-59983fb5da84: start LeaderElection
2019-10-15 21:21:27,744 [RatisPipelineUtilsThread] INFO  pipeline.PipelineStateManager (PipelineStateManager.java:addPipeline(56)) - Created pipeline Pipeline[ Id: a07fd9a6-50a7-40c9-8120-1a0c8eb8a4c4, Nodes: 47d72301-684e-48ba-af14-36fa0ba944f7{ip: 192.168.69.102, host: pr-hdds-2254-trunk-ddzgt-1485873308, networkLocation: /default-rack, certSerialId: null}0eb142cf-b7a4-42cc-bedf-7b6b824b4e6a{ip: 192.168.69.102, host: pr-hdds-2254-trunk-ddzgt-1485873308, networkLocation: /default-rack, certSerialId: null}436ea7cb-b08f-45a9-ac25-59983fb5da84{ip: 192.168.69.102, host: pr-hdds-2254-trunk-ddzgt-1485873308, networkLocation: /default-rack, certSerialId: null}, Type:RATIS, Factor:THREE, State:OPEN]
2019-10-15 21:21:27,747 [436ea7cb-b08f-45a9-ac25-59983fb5da84@group-1135523AB2CE-LeaderElection34] INFO  impl.LeaderElection (LeaderElection.java:askForVotes(178)) - 436ea7cb-b08f-45a9-ac25-59983fb5da84@group-1135523AB2CE-LeaderElection34: begin an election at term 34 for 0: [436ea7cb-b08f-45a9-ac25-59983fb5da84:192.168.69.102:32878, 0eb142cf-b7a4-42cc-bedf-7b6b824b4e6a:192.168.69.102:43792, 47d72301-684e-48ba-af14-36fa0ba944f7:192.168.69.102:33903], old=null
2019-10-15 21:21:27,747 [436ea7cb-b08f-45a9-ac25-59983fb5da84@group-1A0C8EB8A4C4-LeaderElection35] INFO  impl.LeaderElection (LeaderElection.java:askForVotes(178)) - 436ea7cb-b08f-45a9-ac25-59983fb5da84@group-1A0C8EB8A4C4-LeaderElection35: begin an election at term 1 for -1: [436ea7cb-b08f-45a9-ac25-59983fb5da84:192.168.69.102:32878, 0eb142cf-b7a4-42cc-bedf-7b6b824b4e6a:192.168.69.102:43792, 47d72301-684e-48ba-af14-36fa0ba944f7:192.168.69.102:33903], old=null
2019-10-15 21:21:27,748 [grpc-default-executor-2] INFO  impl.RaftServerImpl (RaftServerImpl.java:setRole(184)) - 47d72301-684e-48ba-af14-36fa0ba944f7@group-1135523AB2CE: changes role from  FOLLOWER to FOLLOWER at term 34 for recognizeCandidate:436ea7cb-b08f-45a9-ac25-59983fb5da84
2019-10-15 21:21:27,749 [grpc-default-executor-6] INFO  impl.RaftServerImpl (RaftServerImpl.java:setRole(184)) - 0eb142cf-b7a4-42cc-bedf-7b6b824b4e6a@group-1135523AB2CE: changes role from  FOLLOWER to FOLLOWER at term 34 for recognizeCandidate:436ea7cb-b08f-45a9-ac25-59983fb5da84
2019-10-15 21:21:27,749 [grpc-default-executor-2] INFO  impl.RoleInfo (RoleInfo.java:shutdownFollowerState(121)) - 47d72301-684e-48ba-af14-36fa0ba944f7: shutdown FollowerState
2019-10-15 21:21:27,749 [grpc-default-executor-6] INFO  impl.RoleInfo (RoleInfo.java:shutdownFollowerState(121)) - 0eb142cf-b7a4-42cc-bedf-7b6b824b4e6a: shutdown FollowerState
2019-10-15 21:21:27,749 [Thread-751] INFO  impl.FollowerState (FollowerState.java:run(117)) - 47d72301-684e-48ba-af14-36fa0ba944f7@group-1135523AB2CE-FollowerState was interrupted: java.lang.InterruptedException: sleep interrupted
2019-10-15 21:21:27,749 [grpc-default-executor-2] INFO  impl.RoleInfo (RoleInfo.java:updateAndGet(143)) - 47d72301-684e-48ba-af14-36fa0ba944f7: start FollowerState
2019-10-15 21:21:27,750 [grpc-default-executor-4] INFO  impl.RaftServerImpl (RaftServerImpl.java:setRole(184)) - 47d72301-684e-48ba-af14-36fa0ba944f7@group-1A0C8EB8A4C4: changes role from  FOLLOWER to FOLLOWER at term 1 for recognizeCandidate:436ea7cb-b08f-45a9-ac25-59983fb5da84
2019-10-15 21:21:27,750 [grpc-default-executor-5] INFO  impl.RaftServerImpl (RaftServerImpl.java:setRole(184)) - 0eb142cf-b7a4-42cc-bedf-7b6b824b4e6a@group-1A0C8EB8A4C4: changes role from  FOLLOWER to FOLLOWER at term 1 for recognizeCandidate:436ea7cb-b08f-45a9-ac25-59983fb5da84
2019-10-15 21:21:27,750 [Thread-752] INFO  impl.FollowerState (FollowerState.java:run(117)) - 0eb142cf-b7a4-42cc-bedf-7b6b824b4e6a@group-1135523AB2CE-FollowerState was interrupted: java.lang.InterruptedException: sleep interrupted
2019-10-15 21:21:27,749 [grpc-default-executor-6] INFO  impl.RoleInfo (RoleInfo.java:updateAndGet(143)) - 0eb142cf-b7a4-42cc-bedf-7b6b824b4e6a: start FollowerState
2019-10-15 21:21:27,750 [grpc-default-executor-5] INFO  impl.RoleInfo (RoleInfo.java:shutdownFollowerState(121)) - 0eb142cf-b7a4-42cc-bedf-7b6b824b4e6a: shutdown FollowerState
2019-10-15 21:21:27,750 [grpc-default-executor-4] INFO  impl.RoleInfo (RoleInfo.java:shutdownFollowerState(121)) - 47d72301-684e-48ba-af14-36fa0ba944f7: shutdown FollowerState
2019-10-15 21:21:27,751 [grpc-default-executor-4] INFO  impl.RoleInfo (RoleInfo.java:updateAndGet(143)) - 47d72301-684e-48ba-af14-36fa0ba944f7: start FollowerState
2019-10-15 21:21:27,751 [Thread-761] INFO  impl.FollowerState (FollowerState.java:run(117)) - 0eb142cf-b7a4-42cc-bedf-7b6b824b4e6a@group-1A0C8EB8A4C4-FollowerState was interrupted: java.lang.InterruptedException: sleep interrupted
2019-10-15 21:21:27,751 [grpc-default-executor-5] INFO  impl.RoleInfo (RoleInfo.java:updateAndGet(143)) - 0eb142cf-b7a4-42cc-bedf-7b6b824b4e6a: start FollowerState
2019-10-15 21:21:27,751 [Thread-765] INFO  impl.FollowerState (FollowerState.java:run(117)) - 47d72301-684e-48ba-af14-36fa0ba944f7@group-1A0C8EB8A4C4-FollowerState was interrupted: java.lang.InterruptedException: sleep interrupted
2019-10-15 21:21:27,766 [436ea7cb-b08f-45a9-ac25-59983fb5da84@group-1135523AB2CE-LeaderElection34] INFO  impl.LeaderElection (LeaderElection.java:logAndReturn(56)) - 436ea7cb-b08f-45a9-ac25-59983fb5da84@group-1135523AB2CE-LeaderElection34: Election REJECTED; received 2 response(s) [436ea7cb-b08f-45a9-ac25-59983fb5da84<-0eb142cf-b7a4-42cc-bedf-7b6b824b4e6a#0:FAIL-t34, 436ea7cb-b08f-45a9-ac25-59983fb5da84<-47d72301-684e-48ba-af14-36fa0ba944f7#0:FAIL-t34] and 0 exception(s); 436ea7cb-b08f-45a9-ac25-59983fb5da84@group-1135523AB2CE:t34, leader=null, voted=436ea7cb-b08f-45a9-ac25-59983fb5da84, raftlog=436ea7cb-b08f-45a9-ac25-59983fb5da84@group-1135523AB2CE-SegmentedRaftLog:OPENED:c3,f4,i4, conf=0: [436ea7cb-b08f-45a9-ac25-59983fb5da84:192.168.69.102:32878, 0eb142cf-b7a4-42cc-bedf-7b6b824b4e6a:192.168.69.102:43792, 47d72301-684e-48ba-af14-36fa0ba944f7:192.168.69.102:33903], old=null
2019-10-15 21:21:27,766 [436ea7cb-b08f-45a9-ac25-59983fb5da84@group-1135523AB2CE-LeaderElection34] INFO  impl.RaftServerImpl (RaftServerImpl.java:setRole(184)) - 436ea7cb-b08f-45a9-ac25-59983fb5da84@group-1135523AB2CE: changes role from CANDIDATE to FOLLOWER at term 34 for DISCOVERED_A_NEW_TERM
2019-10-15 21:21:27,767 [436ea7cb-b08f-45a9-ac25-59983fb5da84@group-1135523AB2CE-LeaderElection34] INFO  impl.RoleInfo (RoleInfo.java:shutdownLeaderElection(134)) - 436ea7cb-b08f-45a9-ac25-59983fb5da84: shutdown LeaderElection
2019-10-15 21:21:27,767 [436ea7cb-b08f-45a9-ac25-59983fb5da84@group-1135523AB2CE-LeaderElection34] INFO  impl.RoleInfo (RoleInfo.java:updateAndGet(143)) - 436ea7cb-b08f-45a9-ac25-59983fb5da84: start FollowerState
2019-10-15 21:21:27,767 [436ea7cb-b08f-45a9-ac25-59983fb5da84@group-1A0C8EB8A4C4-LeaderElection35] INFO  impl.LeaderElection (LeaderElection.java:logAndReturn(56)) - 436ea7cb-b08f-45a9-ac25-59983fb5da84@group-1A0C8EB8A4C4-LeaderElection35: Election PASSED; received 1 response(s) [436ea7cb-b08f-45a9-ac25-59983fb5da84<-47d72301-684e-48ba-af14-36fa0ba944f7#0:OK-t1] and 0 exception(s); 436ea7cb-b08f-45a9-ac25-59983fb5da84@group-1A0C8EB8A4C4:t1, leader=null, voted=436ea7cb-b08f-45a9-ac25-59983fb5da84, raftlog=436ea7cb-b08f-45a9-ac25-59983fb5da84@group-1A0C8EB8A4C4-SegmentedRaftLog:OPENED:c-1,f-1,i0, conf=-1: [436ea7cb-b08f-45a9-ac25-59983fb5da84:192.168.69.102:32878, 0eb142cf-b7a4-42cc-bedf-7b6b824b4e6a:192.168.69.102:43792, 47d72301-684e-48ba-af14-36fa0ba944f7:192.168.69.102:33903], old=null
2019-10-15 21:21:27,767 [436ea7cb-b08f-45a9-ac25-59983fb5da84@group-1A0C8EB8A4C4-LeaderElection35] INFO  impl.RoleInfo (RoleInfo.java:shutdownLeaderElection(134)) - 436ea7cb-b08f-45a9-ac25-59983fb5da84: shutdown LeaderElection
2019-10-15 21:21:27,768 [436ea7cb-b08f-45a9-ac25-59983fb5da84@group-1A0C8EB8A4C4-LeaderElection35] INFO  impl.RaftServerImpl (RaftServerImpl.java:setRole(184)) - 436ea7cb-b08f-45a9-ac25-59983fb5da84@group-1A0C8EB8A4C4: changes role from CANDIDATE to LEADER at term 1 for changeToLeader
2019-10-15 21:21:27,768 [436ea7cb-b08f-45a9-ac25-59983fb5da84@group-1A0C8EB8A4C4-LeaderElection35] INFO  impl.RaftServerImpl (ServerState.java:setLeader(256)) - 436ea7cb-b08f-45a9-ac25-59983fb5da84@group-1A0C8EB8A4C4: change Leader from null to 436ea7cb-b08f-45a9-ac25-59983fb5da84 at term 1 for becomeLeader, leader elected after 43ms
2019-10-15 21:21:27,768 [436ea7cb-b08f-45a9-ac25-59983fb5da84@group-1A0C8EB8A4C4-LeaderElection35] INFO  server.RaftServerConfigKeys (ConfUtils.java:logGet(43)) - raft.server.staging.catchup.gap = 1000 (default)
2019-10-15 21:21:27,768 [436ea7cb-b08f-45a9-ac25-59983fb5da84@group-1A0C8EB8A4C4-LeaderElection35] INFO  server.RaftServerConfigKeys (ConfUtils.java:logGet(43)) - raft.server.rpc.sleep.time = 25ms (default)
2019-10-15 21:21:27,768 [436ea7cb-b08f-45a9-ac25-59983fb5da84@group-1A0C8EB8A4C4-LeaderElection35] INFO  server.RaftServerConfigKeys (ConfUtils.java:logGet(43)) - raft.server.write.element-limit = 4096 (default)
2019-10-15 21:21:27,768 [436ea7cb-b08f-45a9-ac25-59983fb5da84@group-1A0C8EB8A4C4-LeaderElection35] INFO  server.RaftServerConfigKeys (ConfUtils.java:logGet(43)) - raft.server.watch.timeout = 10s (default)
2019-10-15 21:21:27,769 [436ea7cb-b08f-45a9-ac25-59983fb5da84@group-1A0C8EB8A4C4-LeaderElection35] INFO  server.RaftServerConfigKeys (ConfUtils.java:logGet(43)) - raft.server.watch.timeout.denomination = 1s (default)
2019-10-15 21:21:27,769 [436ea7cb-b08f-45a9-ac25-59983fb5da84@group-1A0C8EB8A4C4-LeaderElection35] INFO  server.RaftServerConfigKeys (ConfUtils.java:logGet(43)) - raft.server.watch.element-limit = 65536 (default)
2019-10-15 21:21:27,771 [436ea7cb-b08f-45a9-ac25-59983fb5da84@group-1A0C8EB8A4C4-LeaderElection35] INFO  server.RaftServerConfigKeys (ConfUtils.java:logGet(43)) - raft.server.log.appender.snapshot.chunk.size.max = 16MB (=16777216) (default)
2019-10-15 21:21:27,772 [436ea7cb-b08f-45a9-ac25-59983fb5da84@group-1A0C8EB8A4C4-LeaderElection35] INFO  server.RaftServerConfigKeys (ConfUtils.java:logGet(43)) - raft.server.log.appender.buffer.byte-limit = 33554432 (custom)
2019-10-15 21:21:27,772 [436ea7cb-b08f-45a9-ac25-59983fb5da84@group-1A0C8EB8A4C4-LeaderElection35] INFO  server.RaftServerConfigKeys (ConfUtils.java:logGet(43)) - raft.server.log.appender.buffer.element-limit = 1 (custom)
2019-10-15 21:21:27,772 [436ea7cb-b08f-45a9-ac25-59983fb5da84@group-1A0C8EB8A4C4-LeaderElection35] INFO  grpc.GrpcConfigKeys$Server (ConfUtils.java:logGet(43)) - raft.grpc.server.leader.outstanding.appends.max = 128 (default)
2019-10-15 21:21:27,772 [436ea7cb-b08f-45a9-ac25-59983fb5da84@group-1A0C8EB8A4C4-LeaderElection35] INFO  server.RaftServerConfigKeys (ConfUtils.java:logGet(43)) - raft.server.rpc.request.timeout = 3000ms (default)
2019-10-15 21:21:27,773 [436ea7cb-b08f-45a9-ac25-59983fb5da84@group-1A0C8EB8A4C4-LeaderElection35] INFO  server.RaftServerConfigKeys (ConfUtils.java:logGet(43)) - raft.server.log.appender.install.snapshot.enabled = false (custom)
2019-10-15 21:21:27,775 [436ea7cb-b08f-45a9-ac25-59983fb5da84@group-1A0C8EB8A4C4-LeaderElection35] INFO  server.RaftServerConfigKeys (ConfUtils.java:logGet(43)) - raft.server.log.appender.snapshot.chunk.size.max = 16MB (=16777216) (default)
2019-10-15 21:21:27,775 [436ea7cb-b08f-45a9-ac25-59983fb5da84@group-1A0C8EB8A4C4-LeaderElection35] INFO  server.RaftServerConfigKeys (ConfUtils.java:logGet(43)) - raft.server.log.appender.buffer.byte-limit = 33554432 (custom)
2019-10-15 21:21:27,775 [436ea7cb-b08f-45a9-ac25-59983fb5da84@group-1A0C8EB8A4C4-LeaderElection35] INFO  server.RaftServerConfigKeys (ConfUtils.java:logGet(43)) - raft.server.log.appender.buffer.element-limit = 1 (custom)
2019-10-15 21:21:27,775 [436ea7cb-b08f-45a9-ac25-59983fb5da84@group-1A0C8EB8A4C4-LeaderElection35] INFO  grpc.GrpcConfigKeys$Server (ConfUtils.java:logGet(43)) - raft.grpc.server.leader.outstanding.appends.max = 128 (default)
2019-10-15 21:21:27,776 [436ea7cb-b08f-45a9-ac25-59983fb5da84@group-1A0C8EB8A4C4-LeaderElection35] INFO  server.RaftServerConfigKeys (ConfUtils.java:logGet(43)) - raft.server.rpc.request.timeout = 3000ms (default)
2019-10-15 21:21:27,776 [436ea7cb-b08f-45a9-ac25-59983fb5da84@group-1A0C8EB8A4C4-LeaderElection35] INFO  server.RaftServerConfigKeys (ConfUtils.java:logGet(43)) - raft.server.log.appender.install.snapshot.enabled = false (custom)
2019-10-15 21:21:27,778 [Thread-756] INFO  impl.FollowerState (FollowerState.java:run(108)) - 436ea7cb-b08f-45a9-ac25-59983fb5da84@group-39564569D596-FollowerState: change to CANDIDATE, lastRpcTime:115ms, electionTimeout:115ms
2019-10-15 21:21:27,778 [Thread-756] INFO  impl.RoleInfo (RoleInfo.java:shutdownFollowerState(121)) - 436ea7cb-b08f-45a9-ac25-59983fb5da84: shutdown FollowerState
2019-10-15 21:21:27,778 [Thread-756] INFO  impl.RaftServerImpl (RaftServerImpl.java:setRole(184)) - 436ea7cb-b08f-45a9-ac25-59983fb5da84@group-39564569D596: changes role from  FOLLOWER to CANDIDATE at term 0 for changeToCandidate
2019-10-15 21:21:27,778 [Thread-756] INFO  impl.RoleInfo (RoleInfo.java:updateAndGet(143)) - 436ea7cb-b08f-45a9-ac25-59983fb5da84: start LeaderElection
2019-10-15 21:21:27,782 [436ea7cb-b08f-45a9-ac25-59983fb5da84@group-1A0C8EB8A4C4-LeaderElection35] INFO  impl.RoleInfo (RoleInfo.java:updateAndGet(143)) - 436ea7cb-b08f-45a9-ac25-59983fb5da84: start LeaderState
2019-10-15 21:21:27,783 [436ea7cb-b08f-45a9-ac25-59983fb5da84@group-1A0C8EB8A4C4-LeaderElection35] INFO  segmented.SegmentedRaftLogWorker (SegmentedRaftLogWorker.java:startLogSegment(385)) - 436ea7cb-b08f-45a9-ac25-59983fb5da84@group-1A0C8EB8A4C4-SegmentedRaftLogWorker: Starting segment from index:0
2019-10-15 21:21:27,783 [436ea7cb-b08f-45a9-ac25-59983fb5da84@group-1A0C8EB8A4C4-LeaderElection35] INFO  impl.RaftServerImpl (ServerState.java:setRaftConf(357)) - 436ea7cb-b08f-45a9-ac25-59983fb5da84@group-1A0C8EB8A4C4: set configuration 0: [436ea7cb-b08f-45a9-ac25-59983fb5da84:192.168.69.102:32878, 0eb142cf-b7a4-42cc-bedf-7b6b824b4e6a:192.168.69.102:43792, 47d72301-684e-48ba-af14-36fa0ba944f7:192.168.69.102:33903], old=null at 0
2019-10-15 21:21:27,806 [grpc-default-executor-6] INFO  impl.RaftServerImpl (ServerState.java:setLeader(256)) - 47d72301-684e-48ba-af14-36fa0ba944f7@group-1A0C8EB8A4C4: change Leader from null to 436ea7cb-b08f-45a9-ac25-59983fb5da84 at term 1 for appendEntries, leader elected after 82ms
2019-10-15 21:21:27,806 [436ea7cb-b08f-45a9-ac25-59983fb5da84@group-39564569D596-LeaderElection36] INFO  impl.LeaderElection (LeaderElection.java:askForVotes(178)) - 436ea7cb-b08f-45a9-ac25-59983fb5da84@group-39564569D596-LeaderElection36: begin an election at term 1 for -1: [436ea7cb-b08f-45a9-ac25-59983fb5da84:192.168.69.102:32878], old=null
2019-10-15 21:21:27,807 [grpc-default-executor-5] INFO  impl.RaftServerImpl (ServerState.java:setLeader(256)) - 0eb142cf-b7a4-42cc-bedf-7b6b824b4e6a@group-1A0C8EB8A4C4: change Leader from null to 436ea7cb-b08f-45a9-ac25-59983fb5da84 at term 1 for appendEntries, leader elected after 86ms
2019-10-15 21:21:27,807 [436ea7cb-b08f-45a9-ac25-59983fb5da84@group-39564569D596-LeaderElection36] INFO  impl.RoleInfo (RoleInfo.java:shutdownLeaderElection(134)) - 436ea7cb-b08f-45a9-ac25-59983fb5da84: shutdown LeaderElection
2019-10-15 21:21:27,807 [436ea7cb-b08f-45a9-ac25-59983fb5da84@group-39564569D596-LeaderElection36] INFO  impl.RaftServerImpl (RaftServerImpl.java:setRole(184)) - 436ea7cb-b08f-45a9-ac25-59983fb5da84@group-39564569D596: changes role from CANDIDATE to LEADER at term 1 for changeToLeader
2019-10-15 21:21:27,808 [436ea7cb-b08f-45a9-ac25-59983fb5da84@group-39564569D596-LeaderElection36] INFO  impl.RaftServerImpl (ServerState.java:setLeader(256)) - 436ea7cb-b08f-45a9-ac25-59983fb5da84@group-39564569D596: change Leader from null to 436ea7cb-b08f-45a9-ac25-59983fb5da84 at term 1 for becomeLeader, leader elected after 169ms
2019-10-15 21:21:27,808 [436ea7cb-b08f-45a9-ac25-59983fb5da84@group-39564569D596-LeaderElection36] INFO  server.RaftServerConfigKeys (ConfUtils.java:logGet(43)) - raft.server.staging.catchup.gap = 1000 (default)
2019-10-15 21:21:27,809 [436ea7cb-b08f-45a9-ac25-59983fb5da84@group-39564569D596-LeaderElection36] INFO  server.RaftServerConfigKeys (ConfUtils.java:logGet(43)) - raft.server.rpc.sleep.time = 25ms (default)
2019-10-15 21:21:27,809 [436ea7cb-b08f-45a9-ac25-59983fb5da84@group-39564569D596-LeaderElection36] INFO  server.RaftServerConfigKeys (ConfUtils.java:logGet(43)) - raft.server.write.element-limit = 4096 (default)
2019-10-15 21:21:27,809 [436ea7cb-b08f-45a9-ac25-59983fb5da84@group-39564569D596-LeaderElection36] INFO  server.RaftServerConfigKeys (ConfUtils.java:logGet(43)) - raft.server.watch.timeout = 10s (default)
2019-10-15 21:21:27,809 [436ea7cb-b08f-45a9-ac25-59983fb5da84@group-39564569D596-LeaderElection36] INFO  server.RaftServerConfigKeys (ConfUtils.java:logGet(43)) - raft.server.watch.timeout.denomination = 1s (default)
2019-10-15 21:21:27,809 [436ea7cb-b08f-45a9-ac25-59983fb5da84@group-39564569D596-LeaderElection36] INFO  server.RaftServerConfigKeys (ConfUtils.java:logGet(43)) - raft.server.watch.element-limit = 65536 (default)
2019-10-15 21:21:27,810 [grpc-default-executor-5] INFO  impl.RaftServerImpl (ServerState.java:setRaftConf(357)) - 47d72301-684e-48ba-af14-36fa0ba944f7@group-1A0C8EB8A4C4: set configuration 0: [436ea7cb-b08f-45a9-ac25-59983fb5da84:192.168.69.102:32878, 0eb142cf-b7a4-42cc-bedf-7b6b824b4e6a:192.168.69.102:43792, 47d72301-684e-48ba-af14-36fa0ba944f7:192.168.69.102:33903], old=null at 0
2019-10-15 21:21:27,810 [grpc-default-executor-5] INFO  segmented.SegmentedRaftLogWorker (SegmentedRaftLogWorker.java:startLogSegment(385)) - 47d72301-684e-48ba-af14-36fa0ba944f7@group-1A0C8EB8A4C4-SegmentedRaftLogWorker: Starting segment from index:0
2019-10-15 21:21:27,811 [grpc-default-executor-6] INFO  impl.RaftServerImpl (ServerState.java:setRaftConf(357)) - 0eb142cf-b7a4-42cc-bedf-7b6b824b4e6a@group-1A0C8EB8A4C4: set configuration 0: [436ea7cb-b08f-45a9-ac25-59983fb5da84:192.168.69.102:32878, 0eb142cf-b7a4-42cc-bedf-7b6b824b4e6a:192.168.69.102:43792, 47d72301-684e-48ba-af14-36fa0ba944f7:192.168.69.102:33903], old=null at 0
2019-10-15 21:21:27,811 [436ea7cb-b08f-45a9-ac25-59983fb5da84@group-39564569D596-LeaderElection36] INFO  impl.RoleInfo (RoleInfo.java:updateAndGet(143)) - 436ea7cb-b08f-45a9-ac25-59983fb5da84: start LeaderState
2019-10-15 21:21:27,811 [grpc-default-executor-6] INFO  segmented.SegmentedRaftLogWorker (SegmentedRaftLogWorker.java:startLogSegment(385)) - 0eb142cf-b7a4-42cc-bedf-7b6b824b4e6a@group-1A0C8EB8A4C4-SegmentedRaftLogWorker: Starting segment from index:0
2019-10-15 21:21:27,811 [436ea7cb-b08f-45a9-ac25-59983fb5da84@group-39564569D596-LeaderElection36] INFO  segmented.SegmentedRaftLogWorker (SegmentedRaftLogWorker.java:startLogSegment(385)) - 436ea7cb-b08f-45a9-ac25-59983fb5da84@group-39564569D596-SegmentedRaftLogWorker: Starting segment from index:0
2019-10-15 21:21:27,811 [436ea7cb-b08f-45a9-ac25-59983fb5da84@group-39564569D596-LeaderElection36] INFO  impl.RaftServerImpl (ServerState.java:setRaftConf(357)) - 436ea7cb-b08f-45a9-ac25-59983fb5da84@group-39564569D596: set configuration 0: [436ea7cb-b08f-45a9-ac25-59983fb5da84:192.168.69.102:32878], old=null at 0
2019-10-15 21:21:27,821 [436ea7cb-b08f-45a9-ac25-59983fb5da84@group-1A0C8EB8A4C4-SegmentedRaftLogWorker] INFO  segmented.SegmentedRaftLogWorker (SegmentedRaftLogWorker.java:execute(576)) - 436ea7cb-b08f-45a9-ac25-59983fb5da84@group-1A0C8EB8A4C4-SegmentedRaftLogWorker: created new log segment /workdir/hadoop-ozone/integration-test/target/test-dir/MiniOzoneClusterImpl-7ec64718-fc6c-4bdc-a59e-2452df301b4b/datanode-2/data/ratis/a07fd9a6-50a7-40c9-8120-1a0c8eb8a4c4/current/log_inprogress_0
2019-10-15 21:21:27,835 [Thread-778] INFO  impl.FollowerState (FollowerState.java:run(108)) - 436ea7cb-b08f-45a9-ac25-59983fb5da84@group-1135523AB2CE-FollowerState: change to CANDIDATE, lastRpcTime:68ms, electionTimeout:68ms
2019-10-15 21:21:27,835 [Thread-778] INFO  impl.RoleInfo (RoleInfo.java:shutdownFollowerState(121)) - 436ea7cb-b08f-45a9-ac25-59983fb5da84: shutdown FollowerState
2019-10-15 21:21:27,835 [Thread-778] INFO  impl.RaftServerImpl (RaftServerImpl.java:setRole(184)) - 436ea7cb-b08f-45a9-ac25-59983fb5da84@group-1135523AB2CE: changes role from  FOLLOWER to CANDIDATE at term 34 for changeToCandidate
2019-10-15 21:21:27,835 [Thread-778] INFO  impl.RoleInfo (RoleInfo.java:updateAndGet(143)) - 436ea7cb-b08f-45a9-ac25-59983fb5da84: start LeaderElection
2019-10-15 21:21:27,875 [47d72301-684e-48ba-af14-36fa0ba944f7@group-1A0C8EB8A4C4-SegmentedRaftLogWorker] INFO  segmented.SegmentedRaftLogWorker (SegmentedRaftLogWorker.java:execute(576)) - 47d72301-684e-48ba-af14-36fa0ba944f7@group-1A0C8EB8A4C4-SegmentedRaftLogWorker: created new log segment /workdir/hadoop-ozone/integration-test/target/test-dir/MiniOzoneClusterImpl-7ec64718-fc6c-4bdc-a59e-2452df301b4b/datanode-1/data/ratis/a07fd9a6-50a7-40c9-8120-1a0c8eb8a4c4/current/log_inprogress_0
2019-10-15 21:21:27,875 [436ea7cb-b08f-45a9-ac25-59983fb5da84@group-1135523AB2CE-LeaderElection37] INFO  impl.LeaderElection (LeaderElection.java:askForVotes(178)) - 436ea7cb-b08f-45a9-ac25-59983fb5da84@group-1135523AB2CE-LeaderElection37: begin an election at term 35 for 0: [436ea7cb-b08f-45a9-ac25-59983fb5da84:192.168.69.102:32878, 0eb142cf-b7a4-42cc-bedf-7b6b824b4e6a:192.168.69.102:43792, 47d72301-684e-48ba-af14-36fa0ba944f7:192.168.69.102:33903], old=null
2019-10-15 21:21:27,875 [0eb142cf-b7a4-42cc-bedf-7b6b824b4e6a@group-1A0C8EB8A4C4-SegmentedRaftLogWorker] INFO  segmented.SegmentedRaftLogWorker (SegmentedRaftLogWorker.java:execute(576)) - 0eb142cf-b7a4-42cc-bedf-7b6b824b4e6a@group-1A0C8EB8A4C4-SegmentedRaftLogWorker: created new log segment /workdir/hadoop-ozone/integration-test/target/test-dir/MiniOzoneClusterImpl-7ec64718-fc6c-4bdc-a59e-2452df301b4b/datanode-0/data/ratis/a07fd9a6-50a7-40c9-8120-1a0c8eb8a4c4/current/log_inprogress_0
2019-10-15 21:21:27,875 [436ea7cb-b08f-45a9-ac25-59983fb5da84@group-39564569D596-SegmentedRaftLogWorker] INFO  segmented.SegmentedRaftLogWorker (SegmentedRaftLogWorker.java:execute(576)) - 436ea7cb-b08f-45a9-ac25-59983fb5da84@group-39564569D596-SegmentedRaftLogWorker: created new log segment /workdir/hadoop-ozone/integration-test/target/test-dir/MiniOzoneClusterImpl-7ec64718-fc6c-4bdc-a59e-2452df301b4b/datanode-2/data/ratis/2d45e049-e646-4306-82af-39564569d596/current/log_inprogress_0
2019-10-15 21:21:27,877 [grpc-default-executor-6] INFO  impl.RaftServerImpl (RaftServerImpl.java:setRole(184)) - 0eb142cf-b7a4-42cc-bedf-7b6b824b4e6a@group-1135523AB2CE: changes role from  FOLLOWER to FOLLOWER at term 35 for recognizeCandidate:436ea7cb-b08f-45a9-ac25-59983fb5da84
2019-10-15 21:21:27,877 [grpc-default-executor-5] INFO  impl.RaftServerImpl (RaftServerImpl.java:setRole(184)) - 47d72301-684e-48ba-af14-36fa0ba944f7@group-1135523AB2CE: changes role from  FOLLOWER to FOLLOWER at term 35 for recognizeCandidate:436ea7cb-b08f-45a9-ac25-59983fb5da84
2019-10-15 21:21:27,878 [grpc-default-executor-6] INFO  impl.RoleInfo (RoleInfo.java:shutdownFollowerState(121)) - 0eb142cf-b7a4-42cc-bedf-7b6b824b4e6a: shutdown FollowerState
2019-10-15 21:21:27,878 [BlockDeletingService#2] WARN  background.BlockDeletingService (BlockDeletingService.java:isDeletionAllowed(187)) - Close Container log Index 6 is not replicated across allthe servers in the pipeline 2edbc878-18e2-43a0-b08d-1135523ab2ce as the min replicated index is 4. Deletion is not allowed in this container yet.
2019-10-15 21:21:27,878 [Thread-775] INFO  impl.FollowerState (FollowerState.java:run(117)) - 0eb142cf-b7a4-42cc-bedf-7b6b824b4e6a@group-1135523AB2CE-FollowerState was interrupted: java.lang.InterruptedException: sleep interrupted
2019-10-15 21:21:27,878 [grpc-default-executor-6] INFO  impl.RoleInfo (RoleInfo.java:updateAndGet(143)) - 0eb142cf-b7a4-42cc-bedf-7b6b824b4e6a: start FollowerState
2019-10-15 21:21:27,878 [BlockDeletingService#2] WARN  background.BlockDeletingService (BlockDeletingService.java:isDeletionAllowed(187)) - Close Container log Index 6 is not replicated across allthe servers in the pipeline 2edbc878-18e2-43a0-b08d-1135523ab2ce as the min replicated index is 4. Deletion is not allowed in this container yet.
2019-10-15 21:21:27,878 [grpc-default-executor-5] INFO  impl.RoleInfo (RoleInfo.java:shutdownFollowerState(121)) - 47d72301-684e-48ba-af14-36fa0ba944f7: shutdown FollowerState
2019-10-15 21:21:27,878 [grpc-default-executor-5] INFO  impl.RoleInfo (RoleInfo.java:updateAndGet(143)) - 47d72301-684e-48ba-af14-36fa0ba944f7: start FollowerState
2019-10-15 21:21:27,878 [Thread-774] INFO  impl.FollowerState (FollowerState.java:run(117)) - 47d72301-684e-48ba-af14-36fa0ba944f7@group-1135523AB2CE-FollowerState was interrupted: java.lang.InterruptedException: sleep interrupted
2019-10-15 21:21:27,889 [436ea7cb-b08f-45a9-ac25-59983fb5da84@group-1135523AB2CE-LeaderElection37] INFO  impl.LeaderElection (LeaderElection.java:logAndReturn(56)) - 436ea7cb-b08f-45a9-ac25-59983fb5da84@group-1135523AB2CE-LeaderElection37: Election REJECTED; received 2 response(s) [436ea7cb-b08f-45a9-ac25-59983fb5da84<-0eb142cf-b7a4-42cc-bedf-7b6b824b4e6a#0:FAIL-t35, 436ea7cb-b08f-45a9-ac25-59983fb5da84<-47d72301-684e-48ba-af14-36fa0ba944f7#0:FAIL-t35] and 0 exception(s); 436ea7cb-b08f-45a9-ac25-59983fb5da84@group-1135523AB2CE:t35, leader=null, voted=436ea7cb-b08f-45a9-ac25-59983fb5da84, raftlog=436ea7cb-b08f-45a9-ac25-59983fb5da84@group-1135523AB2CE-SegmentedRaftLog:OPENED:c3,f4,i4, conf=0: [436ea7cb-b08f-45a9-ac25-59983fb5da84:192.168.69.102:32878, 0eb142cf-b7a4-42cc-bedf-7b6b824b4e6a:192.168.69.102:43792, 47d72301-684e-48ba-af14-36fa0ba944f7:192.168.69.102:33903], old=null
2019-10-15 21:21:27,889 [436ea7cb-b08f-45a9-ac25-59983fb5da84@group-1135523AB2CE-LeaderElection37] INFO  impl.RaftServerImpl (RaftServerImpl.java:setRole(184)) - 436ea7cb-b08f-45a9-ac25-59983fb5da84@group-1135523AB2CE: changes role from CANDIDATE to FOLLOWER at term 35 for DISCOVERED_A_NEW_TERM
2019-10-15 21:21:27,889 [436ea7cb-b08f-45a9-ac25-59983fb5da84@group-1135523AB2CE-LeaderElection37] INFO  impl.RoleInfo (RoleInfo.java:shutdownLeaderElection(134)) - 436ea7cb-b08f-45a9-ac25-59983fb5da84: shutdown LeaderElection
2019-10-15 21:21:27,890 [436ea7cb-b08f-45a9-ac25-59983fb5da84@group-1135523AB2CE-LeaderElection37] INFO  impl.RoleInfo (RoleInfo.java:updateAndGet(143)) - 436ea7cb-b08f-45a9-ac25-59983fb5da84: start FollowerState
2019-10-15 21:21:27,917 [EventQueue-PendingDeleteStatusForPendingDeleteHandler] INFO  block.SCMBlockDeletingService (SCMBlockDeletingService.java:handlePendingDeletes(115)) - Block deletion txnID mismatch in datanode 436ea7cb-b08f-45a9-ac25-59983fb5da84 for containerID 1. Datanode delete txnID: 0, SCM txnID: 1
2019-10-15 21:21:28,076 [Thread-797] INFO  impl.FollowerState (FollowerState.java:run(108)) - 436ea7cb-b08f-45a9-ac25-59983fb5da84@group-1135523AB2CE-FollowerState: change to CANDIDATE, lastRpcTime:186ms, electionTimeout:186ms
2019-10-15 21:21:28,076 [Thread-797] INFO  impl.RoleInfo (RoleInfo.java:shutdownFollowerState(121)) - 436ea7cb-b08f-45a9-ac25-59983fb5da84: shutdown FollowerState
2019-10-15 21:21:28,076 [Thread-797] INFO  impl.RaftServerImpl (RaftServerImpl.java:setRole(184)) - 436ea7cb-b08f-45a9-ac25-59983fb5da84@group-1135523AB2CE: changes role from  FOLLOWER to CANDIDATE at term 35 for changeToCandidate
2019-10-15 21:21:28,076 [Thread-797] INFO  impl.RoleInfo (RoleInfo.java:updateAndGet(143)) - 436ea7cb-b08f-45a9-ac25-59983fb5da84: start LeaderElection
2019-10-15 21:21:28,088 [436ea7cb-b08f-45a9-ac25-59983fb5da84@group-1135523AB2CE-LeaderElection38] INFO  impl.LeaderElection (LeaderElection.java:askForVotes(178)) - 436ea7cb-b08f-45a9-ac25-59983fb5da84@group-1135523AB2CE-LeaderElection38: begin an election at term 36 for 0: [436ea7cb-b08f-45a9-ac25-59983fb5da84:192.168.69.102:32878, 0eb142cf-b7a4-42cc-bedf-7b6b824b4e6a:192.168.69.102:43792, 47d72301-684e-48ba-af14-36fa0ba944f7:192.168.69.102:33903], old=null
2019-10-15 21:21:28,091 [grpc-default-executor-6] INFO  impl.RaftServerImpl (RaftServerImpl.java:setRole(184)) - 0eb142cf-b7a4-42cc-bedf-7b6b824b4e6a@group-1135523AB2CE: changes role from  FOLLOWER to FOLLOWER at term 36 for recognizeCandidate:436ea7cb-b08f-45a9-ac25-59983fb5da84
2019-10-15 21:21:28,091 [grpc-default-executor-5] INFO  impl.RaftServerImpl (RaftServerImpl.java:setRole(184)) - 47d72301-684e-48ba-af14-36fa0ba944f7@group-1135523AB2CE: changes role from  FOLLOWER to FOLLOWER at term 36 for recognizeCandidate:436ea7cb-b08f-45a9-ac25-59983fb5da84
2019-10-15 21:21:28,091 [grpc-default-executor-6] INFO  impl.RoleInfo (RoleInfo.java:shutdownFollowerState(121)) - 0eb142cf-b7a4-42cc-bedf-7b6b824b4e6a: shutdown FollowerState
2019-10-15 21:21:28,091 [grpc-default-executor-5] INFO  impl.RoleInfo (RoleInfo.java:shutdownFollowerState(121)) - 47d72301-684e-48ba-af14-36fa0ba944f7: shutdown FollowerState
2019-10-15 21:21:28,091 [grpc-default-executor-6] INFO  impl.RoleInfo (RoleInfo.java:updateAndGet(143)) - 0eb142cf-b7a4-42cc-bedf-7b6b824b4e6a: start FollowerState
2019-10-15 21:21:28,091 [Thread-794] INFO  impl.FollowerState (FollowerState.java:run(117)) - 47d72301-684e-48ba-af14-36fa0ba944f7@group-1135523AB2CE-FollowerState was interrupted: java.lang.InterruptedException: sleep interrupted
2019-10-15 21:21:28,091 [Thread-793] INFO  impl.FollowerState (FollowerState.java:run(117)) - 0eb142cf-b7a4-42cc-bedf-7b6b824b4e6a@group-1135523AB2CE-FollowerState was interrupted: java.lang.InterruptedException: sleep interrupted
2019-10-15 21:21:28,091 [grpc-default-executor-5] INFO  impl.RoleInfo (RoleInfo.java:updateAndGet(143)) - 47d72301-684e-48ba-af14-36fa0ba944f7: start FollowerState
2019-10-15 21:21:28,146 [436ea7cb-b08f-45a9-ac25-59983fb5da84@group-1135523AB2CE-LeaderElection38] INFO  impl.LeaderElection (LeaderElection.java:logAndReturn(56)) - 436ea7cb-b08f-45a9-ac25-59983fb5da84@group-1135523AB2CE-LeaderElection38: Election REJECTED; received 2 response(s) [436ea7cb-b08f-45a9-ac25-59983fb5da84<-0eb142cf-b7a4-42cc-bedf-7b6b824b4e6a#0:FAIL-t36, 436ea7cb-b08f-45a9-ac25-59983fb5da84<-47d72301-684e-48ba-af14-36fa0ba944f7#0:FAIL-t36] and 0 exception(s); 436ea7cb-b08f-45a9-ac25-59983fb5da84@group-1135523AB2CE:t36, leader=null, voted=436ea7cb-b08f-45a9-ac25-59983fb5da84, raftlog=436ea7cb-b08f-45a9-ac25-59983fb5da84@group-1135523AB2CE-SegmentedRaftLog:OPENED:c3,f4,i4, conf=0: [436ea7cb-b08f-45a9-ac25-59983fb5da84:192.168.69.102:32878, 0eb142cf-b7a4-42cc-bedf-7b6b824b4e6a:192.168.69.102:43792, 47d72301-684e-48ba-af14-36fa0ba944f7:192.168.69.102:33903], old=null
2019-10-15 21:21:28,147 [436ea7cb-b08f-45a9-ac25-59983fb5da84@group-1135523AB2CE-LeaderElection38] INFO  impl.RaftServerImpl (RaftServerImpl.java:setRole(184)) - 436ea7cb-b08f-45a9-ac25-59983fb5da84@group-1135523AB2CE: changes role from CANDIDATE to FOLLOWER at term 36 for DISCOVERED_A_NEW_TERM
2019-10-15 21:21:28,147 [436ea7cb-b08f-45a9-ac25-59983fb5da84@group-1135523AB2CE-LeaderElection38] INFO  impl.RoleInfo (RoleInfo.java:shutdownLeaderElection(134)) - 436ea7cb-b08f-45a9-ac25-59983fb5da84: shutdown LeaderElection
2019-10-15 21:21:28,147 [436ea7cb-b08f-45a9-ac25-59983fb5da84@group-1135523AB2CE-LeaderElection38] INFO  impl.RoleInfo (RoleInfo.java:updateAndGet(143)) - 436ea7cb-b08f-45a9-ac25-59983fb5da84: start FollowerState
2019-10-15 21:21:28,218 [EventQueue-PendingDeleteStatusForPendingDeleteHandler] INFO  block.SCMBlockDeletingService (SCMBlockDeletingService.java:handlePendingDeletes(115)) - Block deletion txnID mismatch in datanode 436ea7cb-b08f-45a9-ac25-59983fb5da84 for containerID 1. Datanode delete txnID: 0, SCM txnID: 1
2019-10-15 21:21:28,247 [Thread-803] INFO  impl.FollowerState (FollowerState.java:run(108)) - 436ea7cb-b08f-45a9-ac25-59983fb5da84@group-1135523AB2CE-FollowerState: change to CANDIDATE, lastRpcTime:100ms, electionTimeout:100ms
2019-10-15 21:21:28,248 [Thread-803] INFO  impl.RoleInfo (RoleInfo.java:shutdownFollowerState(121)) - 436ea7cb-b08f-45a9-ac25-59983fb5da84: shutdown FollowerState
2019-10-15 21:21:28,248 [Thread-803] INFO  impl.RaftServerImpl (RaftServerImpl.java:setRole(184)) - 436ea7cb-b08f-45a9-ac25-59983fb5da84@group-1135523AB2CE: changes role from  FOLLOWER to CANDIDATE at term 36 for changeToCandidate
2019-10-15 21:21:28,248 [Thread-803] INFO  impl.RoleInfo (RoleInfo.java:updateAndGet(143)) - 436ea7cb-b08f-45a9-ac25-59983fb5da84: start LeaderElection
2019-10-15 21:21:28,261 [436ea7cb-b08f-45a9-ac25-59983fb5da84@group-1135523AB2CE-LeaderElection39] INFO  impl.LeaderElection (LeaderElection.java:askForVotes(178)) - 436ea7cb-b08f-45a9-ac25-59983fb5da84@group-1135523AB2CE-LeaderElection39: begin an election at term 37 for 0: [436ea7cb-b08f-45a9-ac25-59983fb5da84:192.168.69.102:32878, 0eb142cf-b7a4-42cc-bedf-7b6b824b4e6a:192.168.69.102:43792, 47d72301-684e-48ba-af14-36fa0ba944f7:192.168.69.102:33903], old=null
2019-10-15 21:21:28,263 [grpc-default-executor-6] INFO  impl.RaftServerImpl (RaftServerImpl.java:setRole(184)) - 0eb142cf-b7a4-42cc-bedf-7b6b824b4e6a@group-1135523AB2CE: changes role from  FOLLOWER to FOLLOWER at term 37 for recognizeCandidate:436ea7cb-b08f-45a9-ac25-59983fb5da84
2019-10-15 21:21:28,264 [grpc-default-executor-5] INFO  impl.RaftServerImpl (RaftServerImpl.java:setRole(184)) - 47d72301-684e-48ba-af14-36fa0ba944f7@group-1135523AB2CE: changes role from  FOLLOWER to FOLLOWER at term 37 for recognizeCandidate:436ea7cb-b08f-45a9-ac25-59983fb5da84
2019-10-15 21:21:28,264 [grpc-default-executor-6] INFO  impl.RoleInfo (RoleInfo.java:shutdownFollowerState(121)) - 0eb142cf-b7a4-42cc-bedf-7b6b824b4e6a: shutdown FollowerState
2019-10-15 21:21:28,264 [grpc-default-executor-5] INFO  impl.RoleInfo (RoleInfo.java:shutdownFollowerState(121)) - 47d72301-684e-48ba-af14-36fa0ba944f7: shutdown FollowerState
2019-10-15 21:21:28,264 [Thread-801] INFO  impl.FollowerState (FollowerState.java:run(117)) - 0eb142cf-b7a4-42cc-bedf-7b6b824b4e6a@group-1135523AB2CE-FollowerState was interrupted: java.lang.InterruptedException: sleep interrupted
2019-10-15 21:21:28,264 [grpc-default-executor-6] INFO  impl.RoleInfo (RoleInfo.java:updateAndGet(143)) - 0eb142cf-b7a4-42cc-bedf-7b6b824b4e6a: start FollowerState
2019-10-15 21:21:28,264 [Thread-802] INFO  impl.FollowerState (FollowerState.java:run(117)) - 47d72301-684e-48ba-af14-36fa0ba944f7@group-1135523AB2CE-FollowerState was interrupted: java.lang.InterruptedException: sleep interrupted
2019-10-15 21:21:28,264 [grpc-default-executor-5] INFO  impl.RoleInfo (RoleInfo.java:updateAndGet(143)) - 47d72301-684e-48ba-af14-36fa0ba944f7: start FollowerState
2019-10-15 21:21:28,286 [436ea7cb-b08f-45a9-ac25-59983fb5da84@group-1135523AB2CE-LeaderElection39] INFO  impl.LeaderElection (LeaderElection.java:logAndReturn(56)) - 436ea7cb-b08f-45a9-ac25-59983fb5da84@group-1135523AB2CE-LeaderElection39: Election REJECTED; received 2 response(s) [436ea7cb-b08f-45a9-ac25-59983fb5da84<-0eb142cf-b7a4-42cc-bedf-7b6b824b4e6a#0:FAIL-t37, 436ea7cb-b08f-45a9-ac25-59983fb5da84<-47d72301-684e-48ba-af14-36fa0ba944f7#0:FAIL-t37] and 0 exception(s); 436ea7cb-b08f-45a9-ac25-59983fb5da84@group-1135523AB2CE:t37, leader=null, voted=436ea7cb-b08f-45a9-ac25-59983fb5da84, raftlog=436ea7cb-b08f-45a9-ac25-59983fb5da84@group-1135523AB2CE-SegmentedRaftLog:OPENED:c3,f4,i4, conf=0: [436ea7cb-b08f-45a9-ac25-59983fb5da84:192.168.69.102:32878, 0eb142cf-b7a4-42cc-bedf-7b6b824b4e6a:192.168.69.102:43792, 47d72301-684e-48ba-af14-36fa0ba944f7:192.168.69.102:33903], old=null
2019-10-15 21:21:28,286 [436ea7cb-b08f-45a9-ac25-59983fb5da84@group-1135523AB2CE-LeaderElection39] INFO  impl.RaftServerImpl (RaftServerImpl.java:setRole(184)) - 436ea7cb-b08f-45a9-ac25-59983fb5da84@group-1135523AB2CE: changes role from CANDIDATE to FOLLOWER at term 37 for DISCOVERED_A_NEW_TERM
2019-10-15 21:21:28,286 [436ea7cb-b08f-45a9-ac25-59983fb5da84@group-1135523AB2CE-LeaderElection39] INFO  impl.RoleInfo (RoleInfo.java:shutdownLeaderElection(134)) - 436ea7cb-b08f-45a9-ac25-59983fb5da84: shutdown LeaderElection
2019-10-15 21:21:28,286 [436ea7cb-b08f-45a9-ac25-59983fb5da84@group-1135523AB2CE-LeaderElection39] INFO  impl.RoleInfo (RoleInfo.java:updateAndGet(143)) - 436ea7cb-b08f-45a9-ac25-59983fb5da84: start FollowerState
2019-10-15 21:21:28,385 [Thread-809] INFO  impl.FollowerState (FollowerState.java:run(108)) - 436ea7cb-b08f-45a9-ac25-59983fb5da84@group-1135523AB2CE-FollowerState: change to CANDIDATE, lastRpcTime:98ms, electionTimeout:98ms
2019-10-15 21:21:28,385 [Thread-809] INFO  impl.RoleInfo (RoleInfo.java:shutdownFollowerState(121)) - 436ea7cb-b08f-45a9-ac25-59983fb5da84: shutdown FollowerState
2019-10-15 21:21:28,385 [Thread-809] INFO  impl.RaftServerImpl (RaftServerImpl.java:setRole(184)) - 436ea7cb-b08f-45a9-ac25-59983fb5da84@group-1135523AB2CE: changes role from  FOLLOWER to CANDIDATE at term 37 for changeToCandidate
2019-10-15 21:21:28,385 [Thread-809] INFO  impl.RoleInfo (RoleInfo.java:updateAndGet(143)) - 436ea7cb-b08f-45a9-ac25-59983fb5da84: start LeaderElection
2019-10-15 21:21:28,402 [436ea7cb-b08f-45a9-ac25-59983fb5da84@group-1135523AB2CE-LeaderElection40] INFO  impl.LeaderElection (LeaderElection.java:askForVotes(178)) - 436ea7cb-b08f-45a9-ac25-59983fb5da84@group-1135523AB2CE-LeaderElection40: begin an election at term 38 for 0: [436ea7cb-b08f-45a9-ac25-59983fb5da84:192.168.69.102:32878, 0eb142cf-b7a4-42cc-bedf-7b6b824b4e6a:192.168.69.102:43792, 47d72301-684e-48ba-af14-36fa0ba944f7:192.168.69.102:33903], old=null
2019-10-15 21:21:28,404 [grpc-default-executor-5] INFO  impl.RaftServerImpl (RaftServerImpl.java:setRole(184)) - 0eb142cf-b7a4-42cc-bedf-7b6b824b4e6a@group-1135523AB2CE: changes role from  FOLLOWER to FOLLOWER at term 38 for recognizeCandidate:436ea7cb-b08f-45a9-ac25-59983fb5da84
2019-10-15 21:21:28,404 [grpc-default-executor-6] INFO  impl.RaftServerImpl (RaftServerImpl.java:setRole(184)) - 47d72301-684e-48ba-af14-36fa0ba944f7@group-1135523AB2CE: changes role from  FOLLOWER to FOLLOWER at term 38 for recognizeCandidate:436ea7cb-b08f-45a9-ac25-59983fb5da84
2019-10-15 21:21:28,405 [grpc-default-executor-6] INFO  impl.RoleInfo (RoleInfo.java:shutdownFollowerState(121)) - 47d72301-684e-48ba-af14-36fa0ba944f7: shutdown FollowerState
2019-10-15 21:21:28,404 [grpc-default-executor-5] INFO  impl.RoleInfo (RoleInfo.java:shutdownFollowerState(121)) - 0eb142cf-b7a4-42cc-bedf-7b6b824b4e6a: shutdown FollowerState
2019-10-15 21:21:28,405 [Thread-808] INFO  impl.FollowerState (FollowerState.java:run(117)) - 47d72301-684e-48ba-af14-36fa0ba944f7@group-1135523AB2CE-FollowerState was interrupted: java.lang.InterruptedException: sleep interrupted
2019-10-15 21:21:28,405 [grpc-default-executor-6] INFO  impl.RoleInfo (RoleInfo.java:updateAndGet(143)) - 47d72301-684e-48ba-af14-36fa0ba944f7: start FollowerState
2019-10-15 21:21:28,405 [grpc-default-executor-5] INFO  impl.RoleInfo (RoleInfo.java:updateAndGet(143)) - 0eb142cf-b7a4-42cc-bedf-7b6b824b4e6a: start FollowerState
2019-10-15 21:21:28,405 [Thread-807] INFO  impl.FollowerState (FollowerState.java:run(117)) - 0eb142cf-b7a4-42cc-bedf-7b6b824b4e6a@group-1135523AB2CE-FollowerState was interrupted: java.lang.InterruptedException: sleep interrupted
2019-10-15 21:21:28,438 [436ea7cb-b08f-45a9-ac25-59983fb5da84@group-1135523AB2CE-LeaderElection40] INFO  impl.LeaderElection (LeaderElection.java:logAndReturn(56)) - 436ea7cb-b08f-45a9-ac25-59983fb5da84@group-1135523AB2CE-LeaderElection40: Election REJECTED; received 2 response(s) [436ea7cb-b08f-45a9-ac25-59983fb5da84<-0eb142cf-b7a4-42cc-bedf-7b6b824b4e6a#0:FAIL-t38, 436ea7cb-b08f-45a9-ac25-59983fb5da84<-47d72301-684e-48ba-af14-36fa0ba944f7#0:FAIL-t38] and 0 exception(s); 436ea7cb-b08f-45a9-ac25-59983fb5da84@group-1135523AB2CE:t38, leader=null, voted=436ea7cb-b08f-45a9-ac25-59983fb5da84, raftlog=436ea7cb-b08f-45a9-ac25-59983fb5da84@group-1135523AB2CE-SegmentedRaftLog:OPENED:c3,f4,i4, conf=0: [436ea7cb-b08f-45a9-ac25-59983fb5da84:192.168.69.102:32878, 0eb142cf-b7a4-42cc-bedf-7b6b824b4e6a:192.168.69.102:43792, 47d72301-684e-48ba-af14-36fa0ba944f7:192.168.69.102:33903], old=null
2019-10-15 21:21:28,438 [436ea7cb-b08f-45a9-ac25-59983fb5da84@group-1135523AB2CE-LeaderElection40] INFO  impl.RaftServerImpl (RaftServerImpl.java:setRole(184)) - 436ea7cb-b08f-45a9-ac25-59983fb5da84@group-1135523AB2CE: changes role from CANDIDATE to FOLLOWER at term 38 for DISCOVERED_A_NEW_TERM
2019-10-15 21:21:28,438 [436ea7cb-b08f-45a9-ac25-59983fb5da84@group-1135523AB2CE-LeaderElection40] INFO  impl.RoleInfo (RoleInfo.java:shutdownLeaderElection(134)) - 436ea7cb-b08f-45a9-ac25-59983fb5da84: shutdown LeaderElection
2019-10-15 21:21:28,438 [436ea7cb-b08f-45a9-ac25-59983fb5da84@group-1135523AB2CE-LeaderElection40] INFO  impl.RoleInfo (RoleInfo.java:updateAndGet(143)) - 436ea7cb-b08f-45a9-ac25-59983fb5da84: start FollowerState
2019-10-15 21:21:28,517 [EventQueue-PendingDeleteStatusForPendingDeleteHandler] INFO  block.SCMBlockDeletingService (SCMBlockDeletingService.java:handlePendingDeletes(115)) - Block deletion txnID mismatch in datanode 436ea7cb-b08f-45a9-ac25-59983fb5da84 for containerID 1. Datanode delete txnID: 0, SCM txnID: 1
2019-10-15 21:21:28,530 [Command processor thread] INFO  commandhandler.DeleteBlocksCommandHandler (DeleteBlocksCommandHandler.java:handle(106)) - Start to delete container blocks, TXIDs=[1(0)], numOfContainers=1, numOfBlocks=1
2019-10-15 21:21:28,530 [Command processor thread] INFO  commandhandler.DeleteBlocksCommandHandler (DeleteBlocksCommandHandler.java:handle(106)) - Start to delete container blocks, TXIDs=[1(2)], numOfContainers=1, numOfBlocks=1
2019-10-15 21:21:28,530 [Command processor thread] INFO  commandhandler.DeleteBlocksCommandHandler (DeleteBlocksCommandHandler.java:handle(106)) - Start to delete container blocks, TXIDs=[1(0)], numOfContainers=1, numOfBlocks=1
2019-10-15 21:21:28,530 [Command processor thread] INFO  commandhandler.DeleteBlocksCommandHandler (DeleteBlocksCommandHandler.java:handle(106)) - Start to delete container blocks, TXIDs=[1(2)], numOfContainers=1, numOfBlocks=1
2019-10-15 21:21:28,530 [Command processor thread] INFO  commandhandler.DeleteBlocksCommandHandler (DeleteBlocksCommandHandler.java:handle(106)) - Start to delete container blocks, TXIDs=[1(0)], numOfContainers=1, numOfBlocks=1
2019-10-15 21:21:28,530 [Command processor thread] INFO  commandhandler.DeleteBlocksCommandHandler (DeleteBlocksCommandHandler.java:handle(106)) - Start to delete container blocks, TXIDs=[1(2)], numOfContainers=1, numOfBlocks=1
2019-10-15 21:21:28,531 [Command processor thread] INFO  commandhandler.DeleteBlocksCommandHandler (DeleteBlocksCommandHandler.java:handle(106)) - Start to delete container blocks, TXIDs=[1(2)], numOfContainers=1, numOfBlocks=1
2019-10-15 21:21:28,531 [Command processor thread] INFO  commandhandler.DeleteBlocksCommandHandler (DeleteBlocksCommandHandler.java:handle(106)) - Start to delete container blocks, TXIDs=[1(0)], numOfContainers=1, numOfBlocks=1
2019-10-15 21:21:28,531 [Command processor thread] INFO  commandhandler.DeleteBlocksCommandHandler (DeleteBlocksCommandHandler.java:handle(106)) - Start to delete container blocks, TXIDs=[1(2)], numOfContainers=1, numOfBlocks=1
2019-10-15 21:21:28,531 [Command processor thread] INFO  commandhandler.DeleteBlocksCommandHandler (DeleteBlocksCommandHandler.java:handle(106)) - Start to delete container blocks, TXIDs=[1(2)], numOfContainers=1, numOfBlocks=1
2019-10-15 21:21:28,531 [Command processor thread] INFO  commandhandler.DeleteBlocksCommandHandler (DeleteBlocksCommandHandler.java:handle(106)) - Start to delete container blocks, TXIDs=[1(2)], numOfContainers=1, numOfBlocks=1
2019-10-15 21:21:28,531 [Command processor thread] INFO  commandhandler.DeleteBlocksCommandHandler (DeleteBlocksCommandHandler.java:handle(106)) - Start to delete container blocks, TXIDs=[1(2)], numOfContainers=1, numOfBlocks=1
2019-10-15 21:21:28,531 [Command processor thread] INFO  commandhandler.DeleteBlocksCommandHandler (DeleteBlocksCommandHandler.java:handle(106)) - Start to delete container blocks, TXIDs=[1(0)], numOfContainers=1, numOfBlocks=1
2019-10-15 21:21:28,532 [Command processor thread] INFO  commandhandler.DeleteBlocksCommandHandler (DeleteBlocksCommandHandler.java:handle(106)) - Start to delete container blocks, TXIDs=[1(2)], numOfContainers=1, numOfBlocks=1
2019-10-15 21:21:28,532 [Command processor thread] INFO  commandhandler.DeleteBlocksCommandHandler (DeleteBlocksCommandHandler.java:handle(106)) - Start to delete container blocks, TXIDs=[1(2)], numOfContainers=1, numOfBlocks=1
2019-10-15 21:21:28,532 [Command processor thread] INFO  commandhandler.DeleteBlocksCommandHandler (DeleteBlocksCommandHandler.java:handle(106)) - Start to delete container blocks, TXIDs=[1(2)], numOfContainers=1, numOfBlocks=1
2019-10-15 21:21:28,532 [Command processor thread] INFO  commandhandler.DeleteBlocksCommandHandler (DeleteBlocksCommandHandler.java:handle(106)) - Start to delete container blocks, TXIDs=[1(2)], numOfContainers=1, numOfBlocks=1
2019-10-15 21:21:28,532 [Command processor thread] INFO  commandhandler.DeleteBlocksCommandHandler (DeleteBlocksCommandHandler.java:handle(106)) - Start to delete container blocks, TXIDs=[1(0)], numOfContainers=1, numOfBlocks=1
2019-10-15 21:21:28,532 [Command processor thread] INFO  commandhandler.DeleteBlocksCommandHandler (DeleteBlocksCommandHandler.java:handle(106)) - Start to delete container blocks, TXIDs=[1(2)], numOfContainers=1, numOfBlocks=1
2019-10-15 21:21:28,532 [Command processor thread] INFO  commandhandler.DeleteBlocksCommandHandler (DeleteBlocksCommandHandler.java:handle(106)) - Start to delete container blocks, TXIDs=[1(2)], numOfContainers=1, numOfBlocks=1
2019-10-15 21:21:28,533 [Command processor thread] INFO  commandhandler.DeleteBlocksCommandHandler (DeleteBlocksCommandHandler.java:handle(106)) - Start to delete container blocks, TXIDs=[1(2)], numOfContainers=1, numOfBlocks=1
2019-10-15 21:21:28,533 [Command processor thread] INFO  commandhandler.DeleteBlocksCommandHandler (DeleteBlocksCommandHandler.java:handle(106)) - Start to delete container blocks, TXIDs=[1(2)], numOfContainers=1, numOfBlocks=1
2019-10-15 21:21:28,533 [Command processor thread] INFO  commandhandler.DeleteBlocksCommandHandler (DeleteBlocksCommandHandler.java:handle(106)) - Start to delete container blocks, TXIDs=[1(2)], numOfContainers=1, numOfBlocks=1
2019-10-15 21:21:28,533 [Command processor thread] INFO  commandhandler.DeleteBlocksCommandHandler (DeleteBlocksCommandHandler.java:handle(106)) - Start to delete container blocks, TXIDs=[1(2)], numOfContainers=1, numOfBlocks=1
2019-10-15 21:21:28,533 [Command processor thread] INFO  commandhandler.DeleteBlocksCommandHandler (DeleteBlocksCommandHandler.java:handle(106)) - Start to delete container blocks, TXIDs=[1(0)], numOfContainers=1, numOfBlocks=1
2019-10-15 21:21:28,533 [Command processor thread] INFO  commandhandler.DeleteBlocksCommandHandler (DeleteBlocksCommandHandler.java:handle(106)) - Start to delete container blocks, TXIDs=[1(2)], numOfContainers=1, numOfBlocks=1
2019-10-15 21:21:28,533 [Command processor thread] INFO  commandhandler.DeleteBlocksCommandHandler (DeleteBlocksCommandHandler.java:handle(106)) - Start to delete container blocks, TXIDs=[1(2)], numOfContainers=1, numOfBlocks=1
2019-10-15 21:21:28,534 [Command processor thread] INFO  commandhandler.DeleteBlocksCommandHandler (DeleteBlocksCommandHandler.java:handle(106)) - Start to delete container blocks, TXIDs=[1(2)], numOfContainers=1, numOfBlocks=1
2019-10-15 21:21:28,534 [Command processor thread] INFO  commandhandler.DeleteBlocksCommandHandler (DeleteBlocksCommandHandler.java:handle(106)) - Start to delete container blocks, TXIDs=[1(2)], numOfContainers=1, numOfBlocks=1
2019-10-15 21:21:28,534 [Command processor thread] INFO  commandhandler.DeleteBlocksCommandHandler (DeleteBlocksCommandHandler.java:handle(106)) - Start to delete container blocks, TXIDs=[1(2)], numOfContainers=1, numOfBlocks=1
2019-10-15 21:21:28,534 [Command processor thread] INFO  commandhandler.DeleteBlocksCommandHandler (DeleteBlocksCommandHandler.java:handle(106)) - Start to delete container blocks, TXIDs=[1(0)], numOfContainers=1, numOfBlocks=1
2019-10-15 21:21:28,534 [Command processor thread] INFO  commandhandler.DeleteBlocksCommandHandler (DeleteBlocksCommandHandler.java:handle(106)) - Start to delete container blocks, TXIDs=[1(30)], numOfContainers=1, numOfBlocks=1
2019-10-15 21:21:28,534 [Command processor thread] INFO  commandhandler.DeleteBlocksCommandHandler (DeleteBlocksCommandHandler.java:handle(106)) - Start to delete container blocks, TXIDs=[1(2)], numOfContainers=1, numOfBlocks=1
2019-10-15 21:21:28,534 [Command processor thread] INFO  commandhandler.DeleteBlocksCommandHandler (DeleteBlocksCommandHandler.java:handle(106)) - Start to delete container blocks, TXIDs=[1(2)], numOfContainers=1, numOfBlocks=1
2019-10-15 21:21:28,535 [Command processor thread] INFO  commandhandler.DeleteBlocksCommandHandler (DeleteBlocksCommandHandler.java:handle(106)) - Start to delete container blocks, TXIDs=[1(2)], numOfContainers=1, numOfBlocks=1
2019-10-15 21:21:28,535 [Command processor thread] INFO  commandhandler.DeleteBlocksCommandHandler (DeleteBlocksCommandHandler.java:handle(106)) - Start to delete container blocks, TXIDs=[1(2)], numOfContainers=1, numOfBlocks=1
2019-10-15 21:21:28,617 [Thread-815] INFO  impl.FollowerState (FollowerState.java:run(108)) - 436ea7cb-b08f-45a9-ac25-59983fb5da84@group-1135523AB2CE-FollowerState: change to CANDIDATE, lastRpcTime:179ms, electionTimeout:179ms
2019-10-15 21:21:28,618 [Thread-815] INFO  impl.RoleInfo (RoleInfo.java:shutdownFollowerState(121)) - 436ea7cb-b08f-45a9-ac25-59983fb5da84: shutdown FollowerState
2019-10-15 21:21:28,618 [Thread-815] INFO  impl.RaftServerImpl (RaftServerImpl.java:setRole(184)) - 436ea7cb-b08f-45a9-ac25-59983fb5da84@group-1135523AB2CE: changes role from  FOLLOWER to CANDIDATE at term 38 for changeToCandidate
2019-10-15 21:21:28,618 [Thread-815] INFO  impl.RoleInfo (RoleInfo.java:updateAndGet(143)) - 436ea7cb-b08f-45a9-ac25-59983fb5da84: start LeaderElection
2019-10-15 21:21:28,646 [436ea7cb-b08f-45a9-ac25-59983fb5da84@group-1135523AB2CE-LeaderElection41] INFO  impl.LeaderElection (LeaderElection.java:askForVotes(178)) - 436ea7cb-b08f-45a9-ac25-59983fb5da84@group-1135523AB2CE-LeaderElection41: begin an election at term 39 for 0: [436ea7cb-b08f-45a9-ac25-59983fb5da84:192.168.69.102:32878, 0eb142cf-b7a4-42cc-bedf-7b6b824b4e6a:192.168.69.102:43792, 47d72301-684e-48ba-af14-36fa0ba944f7:192.168.69.102:33903], old=null
2019-10-15 21:21:28,649 [grpc-default-executor-5] INFO  impl.RaftServerImpl (RaftServerImpl.java:setRole(184)) - 47d72301-684e-48ba-af14-36fa0ba944f7@group-1135523AB2CE: changes role from  FOLLOWER to FOLLOWER at term 39 for recognizeCandidate:436ea7cb-b08f-45a9-ac25-59983fb5da84
2019-10-15 21:21:28,649 [grpc-default-executor-6] INFO  impl.RaftServerImpl (RaftServerImpl.java:setRole(184)) - 0eb142cf-b7a4-42cc-bedf-7b6b824b4e6a@group-1135523AB2CE: changes role from  FOLLOWER to FOLLOWER at term 39 for recognizeCandidate:436ea7cb-b08f-45a9-ac25-59983fb5da84
2019-10-15 21:21:28,649 [grpc-default-executor-5] INFO  impl.RoleInfo (RoleInfo.java:shutdownFollowerState(121)) - 47d72301-684e-48ba-af14-36fa0ba944f7: shutdown FollowerState
2019-10-15 21:21:28,649 [grpc-default-executor-6] INFO  impl.RoleInfo (RoleInfo.java:shutdownFollowerState(121)) - 0eb142cf-b7a4-42cc-bedf-7b6b824b4e6a: shutdown FollowerState
2019-10-15 21:21:28,649 [Thread-813] INFO  impl.FollowerState (FollowerState.java:run(117)) - 47d72301-684e-48ba-af14-36fa0ba944f7@group-1135523AB2CE-FollowerState was interrupted: java.lang.InterruptedException: sleep interrupted
2019-10-15 21:21:28,649 [grpc-default-executor-5] INFO  impl.RoleInfo (RoleInfo.java:updateAndGet(143)) - 47d72301-684e-48ba-af14-36fa0ba944f7: start FollowerState
2019-10-15 21:21:28,649 [Thread-814] INFO  impl.FollowerState (FollowerState.java:run(117)) - 0eb142cf-b7a4-42cc-bedf-7b6b824b4e6a@group-1135523AB2CE-FollowerState was interrupted: java.lang.InterruptedException: sleep interrupted
2019-10-15 21:21:28,649 [grpc-default-executor-6] INFO  impl.RoleInfo (RoleInfo.java:updateAndGet(143)) - 0eb142cf-b7a4-42cc-bedf-7b6b824b4e6a: start FollowerState
2019-10-15 21:21:28,668 [436ea7cb-b08f-45a9-ac25-59983fb5da84@group-1135523AB2CE-LeaderElection41] INFO  impl.LeaderElection (LeaderElection.java:logAndReturn(56)) - 436ea7cb-b08f-45a9-ac25-59983fb5da84@group-1135523AB2CE-LeaderElection41: Election REJECTED; received 2 response(s) [436ea7cb-b08f-45a9-ac25-59983fb5da84<-0eb142cf-b7a4-42cc-bedf-7b6b824b4e6a#0:FAIL-t39, 436ea7cb-b08f-45a9-ac25-59983fb5da84<-47d72301-684e-48ba-af14-36fa0ba944f7#0:FAIL-t39] and 0 exception(s); 436ea7cb-b08f-45a9-ac25-59983fb5da84@group-1135523AB2CE:t39, leader=null, voted=436ea7cb-b08f-45a9-ac25-59983fb5da84, raftlog=436ea7cb-b08f-45a9-ac25-59983fb5da84@group-1135523AB2CE-SegmentedRaftLog:OPENED:c3,f4,i4, conf=0: [436ea7cb-b08f-45a9-ac25-59983fb5da84:192.168.69.102:32878, 0eb142cf-b7a4-42cc-bedf-7b6b824b4e6a:192.168.69.102:43792, 47d72301-684e-48ba-af14-36fa0ba944f7:192.168.69.102:33903], old=null
2019-10-15 21:21:28,668 [436ea7cb-b08f-45a9-ac25-59983fb5da84@group-1135523AB2CE-LeaderElection41] INFO  impl.RaftServerImpl (RaftServerImpl.java:setRole(184)) - 436ea7cb-b08f-45a9-ac25-59983fb5da84@group-1135523AB2CE: changes role from CANDIDATE to FOLLOWER at term 39 for DISCOVERED_A_NEW_TERM
2019-10-15 21:21:28,668 [436ea7cb-b08f-45a9-ac25-59983fb5da84@group-1135523AB2CE-LeaderElection41] INFO  impl.RoleInfo (RoleInfo.java:shutdownLeaderElection(134)) - 436ea7cb-b08f-45a9-ac25-59983fb5da84: shutdown LeaderElection
2019-10-15 21:21:28,669 [436ea7cb-b08f-45a9-ac25-59983fb5da84@group-1135523AB2CE-LeaderElection41] INFO  impl.RoleInfo (RoleInfo.java:updateAndGet(143)) - 436ea7cb-b08f-45a9-ac25-59983fb5da84: start FollowerState
2019-10-15 21:21:28,670 [Thread-824] INFO  client.GrpcClientProtocolService (GrpcClientProtocolService.java:lambda$processClientRequest$0(278)) - Failed RaftClientRequest:client-E312EE24CE89->47d72301-684e-48ba-af14-36fa0ba944f7@group-1135523AB2CE, cid=10, seq=0, Watch-ALL_COMMITTED(6), Message:<EMPTY>, reply=RaftClientReply:client-E312EE24CE89->47d72301-684e-48ba-af14-36fa0ba944f7@group-1135523AB2CE, cid=10, FAILED org.apache.ratis.protocol.NotLeaderException: Server 47d72301-684e-48ba-af14-36fa0ba944f7@group-1135523AB2CE is not the leader, logIndex=0, commits[47d72301-684e-48ba-af14-36fa0ba944f7:c10, 436ea7cb-b08f-45a9-ac25-59983fb5da84:c4, 0eb142cf-b7a4-42cc-bedf-7b6b824b4e6a:c10]
2019-10-15 21:21:28,714 [pool-7-thread-6] INFO  commands.RetriableDatanodeEventWatcher (RetriableDatanodeEventWatcher.java:onTimeout(47)) - RetriableDatanodeCommand type=deleteBlocksCommand with id=1571174480710 timed out. Retrying.
2019-10-15 21:21:28,716 [pool-7-thread-6] INFO  commands.RetriableDatanodeEventWatcher (RetriableDatanodeEventWatcher.java:onTimeout(47)) - RetriableDatanodeCommand type=deleteBlocksCommand with id=1571174480709 timed out. Retrying.
2019-10-15 21:21:28,716 [SCMBlockDeletingService#1] INFO  block.SCMBlockDeletingService (SCMBlockDeletingService.java:call(184)) - Totally added 1 delete blocks command for 1 datanodes, task elapsed time: 1ms
2019-10-15 21:21:28,718 [pool-7-thread-6] INFO  commands.RetriableDatanodeEventWatcher (RetriableDatanodeEventWatcher.java:onTimeout(47)) - RetriableDatanodeCommand type=deleteBlocksCommand with id=1571174480711 timed out. Retrying.
2019-10-15 21:21:28,718 [pool-7-thread-4] INFO  commands.RetriableDatanodeEventWatcher (RetriableDatanodeEventWatcher.java:onTimeout(47)) - RetriableDatanodeCommand type=deleteBlocksCommand with id=1571174480713 timed out. Retrying.
2019-10-15 21:21:28,719 [pool-7-thread-1] INFO  commands.RetriableDatanodeEventWatcher (RetriableDatanodeEventWatcher.java:onTimeout(47)) - RetriableDatanodeCommand type=deleteBlocksCommand with id=1571174480712 timed out. Retrying.
2019-10-15 21:21:28,719 [pool-7-thread-3] INFO  commands.RetriableDatanodeEventWatcher (RetriableDatanodeEventWatcher.java:onTimeout(47)) - RetriableDatanodeCommand type=deleteBlocksCommand with id=1571174480714 timed out. Retrying.
2019-10-15 21:21:28,719 [pool-7-thread-5] INFO  commands.RetriableDatanodeEventWatcher (RetriableDatanodeEventWatcher.java:onTimeout(47)) - RetriableDatanodeCommand type=deleteBlocksCommand with id=1571174480707 timed out. Retrying.
2019-10-15 21:21:28,719 [pool-7-thread-2] INFO  commands.RetriableDatanodeEventWatcher (RetriableDatanodeEventWatcher.java:onTimeout(47)) - RetriableDatanodeCommand type=deleteBlocksCommand with id=1571174480708 timed out. Retrying.
2019-10-15 21:21:28,733 [EventQueue-DeleteBlockStatusForDeletedBlockLogImpl] WARN  block.DeletedBlockLogImpl (DeletedBlockLogImpl.java:commitTransactions(205)) - Transaction txId=1 commit by dnId=436ea7cb-b08f-45a9-ac25-59983fb5da84 for containerID=#1 failed. Corresponding entry not found.
2019-10-15 21:21:28,733 [EventQueue-DeleteBlockStatusForDeletedBlockLogImpl] WARN  block.DeletedBlockLogImpl (DeletedBlockLogImpl.java:commitTransactions(205)) - Transaction txId=1 commit by dnId=436ea7cb-b08f-45a9-ac25-59983fb5da84 for containerID=#1 failed. Corresponding entry not found.
2019-10-15 21:21:28,733 [EventQueue-DeleteBlockStatusForDeletedBlockLogImpl] WARN  block.DeletedBlockLogImpl (DeletedBlockLogImpl.java:commitTransactions(205)) - Transaction txId=1 commit by dnId=436ea7cb-b08f-45a9-ac25-59983fb5da84 for containerID=#1 failed. Corresponding entry not found.
2019-10-15 21:21:28,733 [EventQueue-DeleteBlockStatusForDeletedBlockLogImpl] WARN  block.DeletedBlockLogImpl (DeletedBlockLogImpl.java:commitTransactions(205)) - Transaction txId=1 commit by dnId=436ea7cb-b08f-45a9-ac25-59983fb5da84 for containerID=#1 failed. Corresponding entry not found.
2019-10-15 21:21:28,734 [EventQueue-DeleteBlockStatusForDeletedBlockLogImpl] WARN  block.DeletedBlockLogImpl (DeletedBlockLogImpl.java:commitTransactions(205)) - Transaction txId=1 commit by dnId=436ea7cb-b08f-45a9-ac25-59983fb5da84 for containerID=#1 failed. Corresponding entry not found.
2019-10-15 21:21:28,734 [EventQueue-DeleteBlockStatusForDeletedBlockLogImpl] WARN  block.DeletedBlockLogImpl (DeletedBlockLogImpl.java:commitTransactions(205)) - Transaction txId=1 commit by dnId=436ea7cb-b08f-45a9-ac25-59983fb5da84 for containerID=#1 failed. Corresponding entry not found.
2019-10-15 21:21:28,734 [EventQueue-DeleteBlockStatusForDeletedBlockLogImpl] WARN  block.DeletedBlockLogImpl (DeletedBlockLogImpl.java:commitTransactions(205)) - Transaction txId=1 commit by dnId=436ea7cb-b08f-45a9-ac25-59983fb5da84 for containerID=#1 failed. Corresponding entry not found.
2019-10-15 21:21:28,734 [IPC Server handler 6 on 42912] WARN  block.DeletedBlockLogImpl (DeletedBlockLogImpl.java:incrementCount(141)) - Deleted TXID not found.
2019-10-15 21:21:28,734 [IPC Server handler 6 on 42912] WARN  block.DeletedBlockLogImpl (DeletedBlockLogImpl.java:incrementCount(141)) - Deleted TXID not found.
2019-10-15 21:21:28,734 [IPC Server handler 6 on 42912] WARN  block.DeletedBlockLogImpl (DeletedBlockLogImpl.java:incrementCount(141)) - Deleted TXID not found.
2019-10-15 21:21:28,734 [IPC Server handler 6 on 42912] WARN  block.DeletedBlockLogImpl (DeletedBlockLogImpl.java:incrementCount(141)) - Deleted TXID not found.
2019-10-15 21:21:28,735 [IPC Server handler 6 on 42912] WARN  block.DeletedBlockLogImpl (DeletedBlockLogImpl.java:incrementCount(141)) - Deleted TXID not found.
2019-10-15 21:21:28,735 [IPC Server handler 6 on 42912] WARN  block.DeletedBlockLogImpl (DeletedBlockLogImpl.java:incrementCount(141)) - Deleted TXID not found.
2019-10-15 21:21:28,735 [IPC Server handler 6 on 42912] WARN  block.DeletedBlockLogImpl (DeletedBlockLogImpl.java:incrementCount(141)) - Deleted TXID not found.
2019-10-15 21:21:28,735 [IPC Server handler 6 on 42912] WARN  block.DeletedBlockLogImpl (DeletedBlockLogImpl.java:incrementCount(141)) - Deleted TXID not found.
2019-10-15 21:21:28,764 [Thread-823] INFO  impl.FollowerState (FollowerState.java:run(108)) - 436ea7cb-b08f-45a9-ac25-59983fb5da84@group-1135523AB2CE-FollowerState: change to CANDIDATE, lastRpcTime:95ms, electionTimeout:95ms
2019-10-15 21:21:28,764 [Thread-823] INFO  impl.RoleInfo (RoleInfo.java:shutdownFollowerState(121)) - 436ea7cb-b08f-45a9-ac25-59983fb5da84: shutdown FollowerState
2019-10-15 21:21:28,764 [Thread-823] INFO  impl.RaftServerImpl (RaftServerImpl.java:setRole(184)) - 436ea7cb-b08f-45a9-ac25-59983fb5da84@group-1135523AB2CE: changes role from  FOLLOWER to CANDIDATE at term 39 for changeToCandidate
2019-10-15 21:21:28,764 [Thread-823] INFO  impl.RoleInfo (RoleInfo.java:updateAndGet(143)) - 436ea7cb-b08f-45a9-ac25-59983fb5da84: start LeaderElection
2019-10-15 21:21:28,767 [436ea7cb-b08f-45a9-ac25-59983fb5da84@group-1135523AB2CE-LeaderElection42] INFO  impl.LeaderElection (LeaderElection.java:askForVotes(178)) - 436ea7cb-b08f-45a9-ac25-59983fb5da84@group-1135523AB2CE-LeaderElection42: begin an election at term 40 for 0: [436ea7cb-b08f-45a9-ac25-59983fb5da84:192.168.69.102:32878, 0eb142cf-b7a4-42cc-bedf-7b6b824b4e6a:192.168.69.102:43792, 47d72301-684e-48ba-af14-36fa0ba944f7:192.168.69.102:33903], old=null
2019-10-15 21:21:28,770 [grpc-default-executor-2] INFO  impl.RaftServerImpl (RaftServerImpl.java:setRole(184)) - 47d72301-684e-48ba-af14-36fa0ba944f7@group-1135523AB2CE: changes role from  FOLLOWER to FOLLOWER at term 40 for recognizeCandidate:436ea7cb-b08f-45a9-ac25-59983fb5da84
2019-10-15 21:21:28,770 [grpc-default-executor-5] INFO  impl.RaftServerImpl (RaftServerImpl.java:setRole(184)) - 0eb142cf-b7a4-42cc-bedf-7b6b824b4e6a@group-1135523AB2CE: changes role from  FOLLOWER to FOLLOWER at term 40 for recognizeCandidate:436ea7cb-b08f-45a9-ac25-59983fb5da84
2019-10-15 21:21:28,770 [grpc-default-executor-2] INFO  impl.RoleInfo (RoleInfo.java:shutdownFollowerState(121)) - 47d72301-684e-48ba-af14-36fa0ba944f7: shutdown FollowerState
2019-10-15 21:21:28,770 [grpc-default-executor-5] INFO  impl.RoleInfo (RoleInfo.java:shutdownFollowerState(121)) - 0eb142cf-b7a4-42cc-bedf-7b6b824b4e6a: shutdown FollowerState
2019-10-15 21:21:28,770 [Thread-820] INFO  impl.FollowerState (FollowerState.java:run(117)) - 47d72301-684e-48ba-af14-36fa0ba944f7@group-1135523AB2CE-FollowerState was interrupted: java.lang.InterruptedException: sleep interrupted
2019-10-15 21:21:28,770 [grpc-default-executor-2] INFO  impl.RoleInfo (RoleInfo.java:updateAndGet(143)) - 47d72301-684e-48ba-af14-36fa0ba944f7: start FollowerState
2019-10-15 21:21:28,770 [Thread-821] INFO  impl.FollowerState (FollowerState.java:run(117)) - 0eb142cf-b7a4-42cc-bedf-7b6b824b4e6a@group-1135523AB2CE-FollowerState was interrupted: java.lang.InterruptedException: sleep interrupted
2019-10-15 21:21:28,770 [grpc-default-executor-5] INFO  impl.RoleInfo (RoleInfo.java:updateAndGet(143)) - 0eb142cf-b7a4-42cc-bedf-7b6b824b4e6a: start FollowerState
2019-10-15 21:21:28,783 [436ea7cb-b08f-45a9-ac25-59983fb5da84@group-1135523AB2CE-LeaderElection42] INFO  impl.LeaderElection (LeaderElection.java:logAndReturn(56)) - 436ea7cb-b08f-45a9-ac25-59983fb5da84@group-1135523AB2CE-LeaderElection42: Election REJECTED; received 2 response(s) [436ea7cb-b08f-45a9-ac25-59983fb5da84<-0eb142cf-b7a4-42cc-bedf-7b6b824b4e6a#0:FAIL-t40, 436ea7cb-b08f-45a9-ac25-59983fb5da84<-47d72301-684e-48ba-af14-36fa0ba944f7#0:FAIL-t40] and 0 exception(s); 436ea7cb-b08f-45a9-ac25-59983fb5da84@group-1135523AB2CE:t40, leader=null, voted=436ea7cb-b08f-45a9-ac25-59983fb5da84, raftlog=436ea7cb-b08f-45a9-ac25-59983fb5da84@group-1135523AB2CE-SegmentedRaftLog:OPENED:c3,f4,i4, conf=0: [436ea7cb-b08f-45a9-ac25-59983fb5da84:192.168.69.102:32878, 0eb142cf-b7a4-42cc-bedf-7b6b824b4e6a:192.168.69.102:43792, 47d72301-684e-48ba-af14-36fa0ba944f7:192.168.69.102:33903], old=null
2019-10-15 21:21:28,783 [436ea7cb-b08f-45a9-ac25-59983fb5da84@group-1135523AB2CE-LeaderElection42] INFO  impl.RaftServerImpl (RaftServerImpl.java:setRole(184)) - 436ea7cb-b08f-45a9-ac25-59983fb5da84@group-1135523AB2CE: changes role from CANDIDATE to FOLLOWER at term 40 for DISCOVERED_A_NEW_TERM
2019-10-15 21:21:28,783 [436ea7cb-b08f-45a9-ac25-59983fb5da84@group-1135523AB2CE-LeaderElection42] INFO  impl.RoleInfo (RoleInfo.java:shutdownLeaderElection(134)) - 436ea7cb-b08f-45a9-ac25-59983fb5da84: shutdown LeaderElection
2019-10-15 21:21:28,783 [436ea7cb-b08f-45a9-ac25-59983fb5da84@group-1135523AB2CE-LeaderElection42] INFO  impl.RoleInfo (RoleInfo.java:updateAndGet(143)) - 436ea7cb-b08f-45a9-ac25-59983fb5da84: start FollowerState
2019-10-15 21:21:28,843 [Thread-831] INFO  impl.FollowerState (FollowerState.java:run(108)) - 436ea7cb-b08f-45a9-ac25-59983fb5da84@group-1135523AB2CE-FollowerState: change to CANDIDATE, lastRpcTime:59ms, electionTimeout:59ms
2019-10-15 21:21:28,843 [Thread-831] INFO  impl.RoleInfo (RoleInfo.java:shutdownFollowerState(121)) - 436ea7cb-b08f-45a9-ac25-59983fb5da84: shutdown FollowerState
2019-10-15 21:21:28,843 [Thread-831] INFO  impl.RaftServerImpl (RaftServerImpl.java:setRole(184)) - 436ea7cb-b08f-45a9-ac25-59983fb5da84@group-1135523AB2CE: changes role from  FOLLOWER to CANDIDATE at term 40 for changeToCandidate
2019-10-15 21:21:28,843 [Thread-831] INFO  impl.RoleInfo (RoleInfo.java:updateAndGet(143)) - 436ea7cb-b08f-45a9-ac25-59983fb5da84: start LeaderElection
2019-10-15 21:21:28,866 [436ea7cb-b08f-45a9-ac25-59983fb5da84@group-1135523AB2CE-LeaderElection43] INFO  impl.LeaderElection (LeaderElection.java:askForVotes(178)) - 436ea7cb-b08f-45a9-ac25-59983fb5da84@group-1135523AB2CE-LeaderElection43: begin an election at term 41 for 0: [436ea7cb-b08f-45a9-ac25-59983fb5da84:192.168.69.102:32878, 0eb142cf-b7a4-42cc-bedf-7b6b824b4e6a:192.168.69.102:43792, 47d72301-684e-48ba-af14-36fa0ba944f7:192.168.69.102:33903], old=null
2019-10-15 21:21:28,869 [grpc-default-executor-2] INFO  impl.RaftServerImpl (RaftServerImpl.java:setRole(184)) - 0eb142cf-b7a4-42cc-bedf-7b6b824b4e6a@group-1135523AB2CE: changes role from  FOLLOWER to FOLLOWER at term 41 for recognizeCandidate:436ea7cb-b08f-45a9-ac25-59983fb5da84
2019-10-15 21:21:28,869 [grpc-default-executor-5] INFO  impl.RaftServerImpl (RaftServerImpl.java:setRole(184)) - 47d72301-684e-48ba-af14-36fa0ba944f7@group-1135523AB2CE: changes role from  FOLLOWER to FOLLOWER at term 41 for recognizeCandidate:436ea7cb-b08f-45a9-ac25-59983fb5da84
2019-10-15 21:21:28,869 [grpc-default-executor-2] INFO  impl.RoleInfo (RoleInfo.java:shutdownFollowerState(121)) - 0eb142cf-b7a4-42cc-bedf-7b6b824b4e6a: shutdown FollowerState
2019-10-15 21:21:28,869 [grpc-default-executor-5] INFO  impl.RoleInfo (RoleInfo.java:shutdownFollowerState(121)) - 47d72301-684e-48ba-af14-36fa0ba944f7: shutdown FollowerState
2019-10-15 21:21:28,869 [Thread-830] INFO  impl.FollowerState (FollowerState.java:run(117)) - 0eb142cf-b7a4-42cc-bedf-7b6b824b4e6a@group-1135523AB2CE-FollowerState was interrupted: java.lang.InterruptedException: sleep interrupted
2019-10-15 21:21:28,869 [grpc-default-executor-2] INFO  impl.RoleInfo (RoleInfo.java:updateAndGet(143)) - 0eb142cf-b7a4-42cc-bedf-7b6b824b4e6a: start FollowerState
2019-10-15 21:21:28,870 [Thread-829] INFO  impl.FollowerState (FollowerState.java:run(117)) - 47d72301-684e-48ba-af14-36fa0ba944f7@group-1135523AB2CE-FollowerState was interrupted: java.lang.InterruptedException: sleep interrupted
2019-10-15 21:21:28,870 [grpc-default-executor-5] INFO  impl.RoleInfo (RoleInfo.java:updateAndGet(143)) - 47d72301-684e-48ba-af14-36fa0ba944f7: start FollowerState
2019-10-15 21:21:28,879 [BlockDeletingService#2] WARN  background.BlockDeletingService (BlockDeletingService.java:isDeletionAllowed(187)) - Close Container log Index 6 is not replicated across allthe servers in the pipeline 2edbc878-18e2-43a0-b08d-1135523ab2ce as the min replicated index is 4. Deletion is not allowed in this container yet.
2019-10-15 21:21:28,879 [BlockDeletingService#2] WARN  background.BlockDeletingService (BlockDeletingService.java:isDeletionAllowed(187)) - Close Container log Index 6 is not replicated across allthe servers in the pipeline 2edbc878-18e2-43a0-b08d-1135523ab2ce as the min replicated index is 4. Deletion is not allowed in this container yet.
2019-10-15 21:21:28,895 [436ea7cb-b08f-45a9-ac25-59983fb5da84@group-1135523AB2CE-LeaderElection43] INFO  impl.LeaderElection (LeaderElection.java:logAndReturn(56)) - 436ea7cb-b08f-45a9-ac25-59983fb5da84@group-1135523AB2CE-LeaderElection43: Election REJECTED; received 2 response(s) [436ea7cb-b08f-45a9-ac25-59983fb5da84<-0eb142cf-b7a4-42cc-bedf-7b6b824b4e6a#0:FAIL-t41, 436ea7cb-b08f-45a9-ac25-59983fb5da84<-47d72301-684e-48ba-af14-36fa0ba944f7#0:FAIL-t41] and 0 exception(s); 436ea7cb-b08f-45a9-ac25-59983fb5da84@group-1135523AB2CE:t41, leader=null, voted=436ea7cb-b08f-45a9-ac25-59983fb5da84, raftlog=436ea7cb-b08f-45a9-ac25-59983fb5da84@group-1135523AB2CE-SegmentedRaftLog:OPENED:c3,f4,i4, conf=0: [436ea7cb-b08f-45a9-ac25-59983fb5da84:192.168.69.102:32878, 0eb142cf-b7a4-42cc-bedf-7b6b824b4e6a:192.168.69.102:43792, 47d72301-684e-48ba-af14-36fa0ba944f7:192.168.69.102:33903], old=null
2019-10-15 21:21:28,895 [436ea7cb-b08f-45a9-ac25-59983fb5da84@group-1135523AB2CE-LeaderElection43] INFO  impl.RaftServerImpl (RaftServerImpl.java:setRole(184)) - 436ea7cb-b08f-45a9-ac25-59983fb5da84@group-1135523AB2CE: changes role from CANDIDATE to FOLLOWER at term 41 for DISCOVERED_A_NEW_TERM
2019-10-15 21:21:28,895 [436ea7cb-b08f-45a9-ac25-59983fb5da84@group-1135523AB2CE-LeaderElection43] INFO  impl.RoleInfo (RoleInfo.java:shutdownLeaderElection(134)) - 436ea7cb-b08f-45a9-ac25-59983fb5da84: shutdown LeaderElection
2019-10-15 21:21:28,895 [436ea7cb-b08f-45a9-ac25-59983fb5da84@group-1135523AB2CE-LeaderElection43] INFO  impl.RoleInfo (RoleInfo.java:updateAndGet(143)) - 436ea7cb-b08f-45a9-ac25-59983fb5da84: start FollowerState
2019-10-15 21:21:28,978 [Thread-839] INFO  impl.FollowerState (FollowerState.java:run(108)) - 436ea7cb-b08f-45a9-ac25-59983fb5da84@group-1135523AB2CE-FollowerState: change to CANDIDATE, lastRpcTime:82ms, electionTimeout:82ms
2019-10-15 21:21:28,978 [Thread-839] INFO  impl.RoleInfo (RoleInfo.java:shutdownFollowerState(121)) - 436ea7cb-b08f-45a9-ac25-59983fb5da84: shutdown FollowerState
2019-10-15 21:21:28,978 [Thread-839] INFO  impl.RaftServerImpl (RaftServerImpl.java:setRole(184)) - 436ea7cb-b08f-45a9-ac25-59983fb5da84@group-1135523AB2CE: changes role from  FOLLOWER to CANDIDATE at term 41 for changeToCandidate
2019-10-15 21:21:28,978 [Thread-839] INFO  impl.RoleInfo (RoleInfo.java:updateAndGet(143)) - 436ea7cb-b08f-45a9-ac25-59983fb5da84: start LeaderElection
2019-10-15 21:21:28,998 [436ea7cb-b08f-45a9-ac25-59983fb5da84@group-1135523AB2CE-LeaderElection44] INFO  impl.LeaderElection (LeaderElection.java:askForVotes(178)) - 436ea7cb-b08f-45a9-ac25-59983fb5da84@group-1135523AB2CE-LeaderElection44: begin an election at term 42 for 0: [436ea7cb-b08f-45a9-ac25-59983fb5da84:192.168.69.102:32878, 0eb142cf-b7a4-42cc-bedf-7b6b824b4e6a:192.168.69.102:43792, 47d72301-684e-48ba-af14-36fa0ba944f7:192.168.69.102:33903], old=null
2019-10-15 21:21:29,001 [grpc-default-executor-2] INFO  impl.RaftServerImpl (RaftServerImpl.java:setRole(184)) - 0eb142cf-b7a4-42cc-bedf-7b6b824b4e6a@group-1135523AB2CE: changes role from  FOLLOWER to FOLLOWER at term 42 for recognizeCandidate:436ea7cb-b08f-45a9-ac25-59983fb5da84
2019-10-15 21:21:29,001 [grpc-default-executor-5] INFO  impl.RaftServerImpl (RaftServerImpl.java:setRole(184)) - 47d72301-684e-48ba-af14-36fa0ba944f7@group-1135523AB2CE: changes role from  FOLLOWER to FOLLOWER at term 42 for recognizeCandidate:436ea7cb-b08f-45a9-ac25-59983fb5da84
2019-10-15 21:21:29,001 [grpc-default-executor-2] INFO  impl.RoleInfo (RoleInfo.java:shutdownFollowerState(121)) - 0eb142cf-b7a4-42cc-bedf-7b6b824b4e6a: shutdown FollowerState
2019-10-15 21:21:29,001 [grpc-default-executor-5] INFO  impl.RoleInfo (RoleInfo.java:shutdownFollowerState(121)) - 47d72301-684e-48ba-af14-36fa0ba944f7: shutdown FollowerState
2019-10-15 21:21:29,001 [grpc-default-executor-2] INFO  impl.RoleInfo (RoleInfo.java:updateAndGet(143)) - 0eb142cf-b7a4-42cc-bedf-7b6b824b4e6a: start FollowerState
2019-10-15 21:21:29,001 [Thread-836] INFO  impl.FollowerState (FollowerState.java:run(117)) - 47d72301-684e-48ba-af14-36fa0ba944f7@group-1135523AB2CE-FollowerState was interrupted: java.lang.InterruptedException: sleep interrupted
2019-10-15 21:21:29,001 [grpc-default-executor-5] INFO  impl.RoleInfo (RoleInfo.java:updateAndGet(143)) - 47d72301-684e-48ba-af14-36fa0ba944f7: start FollowerState
2019-10-15 21:21:29,001 [Thread-835] INFO  impl.FollowerState (FollowerState.java:run(117)) - 0eb142cf-b7a4-42cc-bedf-7b6b824b4e6a@group-1135523AB2CE-FollowerState was interrupted: java.lang.InterruptedException: sleep interrupted
2019-10-15 21:21:29,023 [436ea7cb-b08f-45a9-ac25-59983fb5da84@group-1135523AB2CE-LeaderElection44] INFO  impl.LeaderElection (LeaderElection.java:logAndReturn(56)) - 436ea7cb-b08f-45a9-ac25-59983fb5da84@group-1135523AB2CE-LeaderElection44: Election REJECTED; received 2 response(s) [436ea7cb-b08f-45a9-ac25-59983fb5da84<-0eb142cf-b7a4-42cc-bedf-7b6b824b4e6a#0:FAIL-t42, 436ea7cb-b08f-45a9-ac25-59983fb5da84<-47d72301-684e-48ba-af14-36fa0ba944f7#0:FAIL-t42] and 0 exception(s); 436ea7cb-b08f-45a9-ac25-59983fb5da84@group-1135523AB2CE:t42, leader=null, voted=436ea7cb-b08f-45a9-ac25-59983fb5da84, raftlog=436ea7cb-b08f-45a9-ac25-59983fb5da84@group-1135523AB2CE-SegmentedRaftLog:OPENED:c3,f4,i4, conf=0: [436ea7cb-b08f-45a9-ac25-59983fb5da84:192.168.69.102:32878, 0eb142cf-b7a4-42cc-bedf-7b6b824b4e6a:192.168.69.102:43792, 47d72301-684e-48ba-af14-36fa0ba944f7:192.168.69.102:33903], old=null
2019-10-15 21:21:29,024 [436ea7cb-b08f-45a9-ac25-59983fb5da84@group-1135523AB2CE-LeaderElection44] INFO  impl.RaftServerImpl (RaftServerImpl.java:setRole(184)) - 436ea7cb-b08f-45a9-ac25-59983fb5da84@group-1135523AB2CE: changes role from CANDIDATE to FOLLOWER at term 42 for DISCOVERED_A_NEW_TERM
2019-10-15 21:21:29,024 [436ea7cb-b08f-45a9-ac25-59983fb5da84@group-1135523AB2CE-LeaderElection44] INFO  impl.RoleInfo (RoleInfo.java:shutdownLeaderElection(134)) - 436ea7cb-b08f-45a9-ac25-59983fb5da84: shutdown LeaderElection
2019-10-15 21:21:29,024 [436ea7cb-b08f-45a9-ac25-59983fb5da84@group-1135523AB2CE-LeaderElection44] INFO  impl.RoleInfo (RoleInfo.java:updateAndGet(143)) - 436ea7cb-b08f-45a9-ac25-59983fb5da84: start FollowerState
2019-10-15 21:21:29,188 [Thread-845] INFO  impl.FollowerState (FollowerState.java:run(108)) - 436ea7cb-b08f-45a9-ac25-59983fb5da84@group-1135523AB2CE-FollowerState: change to CANDIDATE, lastRpcTime:164ms, electionTimeout:164ms
2019-10-15 21:21:29,189 [Thread-845] INFO  impl.RoleInfo (RoleInfo.java:shutdownFollowerState(121)) - 436ea7cb-b08f-45a9-ac25-59983fb5da84: shutdown FollowerState
2019-10-15 21:21:29,189 [Thread-845] INFO  impl.RaftServerImpl (RaftServerImpl.java:setRole(184)) - 436ea7cb-b08f-45a9-ac25-59983fb5da84@group-1135523AB2CE: changes role from  FOLLOWER to CANDIDATE at term 42 for changeToCandidate
2019-10-15 21:21:29,189 [Thread-845] INFO  impl.RoleInfo (RoleInfo.java:updateAndGet(143)) - 436ea7cb-b08f-45a9-ac25-59983fb5da84: start LeaderElection
2019-10-15 21:21:29,193 [436ea7cb-b08f-45a9-ac25-59983fb5da84@group-1135523AB2CE-LeaderElection45] INFO  impl.LeaderElection (LeaderElection.java:askForVotes(178)) - 436ea7cb-b08f-45a9-ac25-59983fb5da84@group-1135523AB2CE-LeaderElection45: begin an election at term 43 for 0: [436ea7cb-b08f-45a9-ac25-59983fb5da84:192.168.69.102:32878, 0eb142cf-b7a4-42cc-bedf-7b6b824b4e6a:192.168.69.102:43792, 47d72301-684e-48ba-af14-36fa0ba944f7:192.168.69.102:33903], old=null
2019-10-15 21:21:29,195 [grpc-default-executor-5] INFO  impl.RaftServerImpl (RaftServerImpl.java:setRole(184)) - 47d72301-684e-48ba-af14-36fa0ba944f7@group-1135523AB2CE: changes role from  FOLLOWER to FOLLOWER at term 43 for recognizeCandidate:436ea7cb-b08f-45a9-ac25-59983fb5da84
2019-10-15 21:21:29,196 [grpc-default-executor-5] INFO  impl.RoleInfo (RoleInfo.java:shutdownFollowerState(121)) - 47d72301-684e-48ba-af14-36fa0ba944f7: shutdown FollowerState
2019-10-15 21:21:29,196 [grpc-default-executor-5] INFO  impl.RoleInfo (RoleInfo.java:updateAndGet(143)) - 47d72301-684e-48ba-af14-36fa0ba944f7: start FollowerState
2019-10-15 21:21:29,196 [Thread-844] INFO  impl.FollowerState (FollowerState.java:run(117)) - 47d72301-684e-48ba-af14-36fa0ba944f7@group-1135523AB2CE-FollowerState was interrupted: java.lang.InterruptedException: sleep interrupted
2019-10-15 21:21:29,196 [grpc-default-executor-2] INFO  impl.RaftServerImpl (RaftServerImpl.java:setRole(184)) - 0eb142cf-b7a4-42cc-bedf-7b6b824b4e6a@group-1135523AB2CE: changes role from  FOLLOWER to FOLLOWER at term 43 for recognizeCandidate:436ea7cb-b08f-45a9-ac25-59983fb5da84
2019-10-15 21:21:29,196 [grpc-default-executor-2] INFO  impl.RoleInfo (RoleInfo.java:shutdownFollowerState(121)) - 0eb142cf-b7a4-42cc-bedf-7b6b824b4e6a: shutdown FollowerState
2019-10-15 21:21:29,197 [grpc-default-executor-2] INFO  impl.RoleInfo (RoleInfo.java:updateAndGet(143)) - 0eb142cf-b7a4-42cc-bedf-7b6b824b4e6a: start FollowerState
2019-10-15 21:21:29,197 [Thread-843] INFO  impl.FollowerState (FollowerState.java:run(117)) - 0eb142cf-b7a4-42cc-bedf-7b6b824b4e6a@group-1135523AB2CE-FollowerState was interrupted: java.lang.InterruptedException: sleep interrupted
2019-10-15 21:21:29,228 [436ea7cb-b08f-45a9-ac25-59983fb5da84@group-1135523AB2CE-LeaderElection45] INFO  impl.LeaderElection (LeaderElection.java:logAndReturn(56)) - 436ea7cb-b08f-45a9-ac25-59983fb5da84@group-1135523AB2CE-LeaderElection45: Election REJECTED; received 2 response(s) [436ea7cb-b08f-45a9-ac25-59983fb5da84<-0eb142cf-b7a4-42cc-bedf-7b6b824b4e6a#0:FAIL-t43, 436ea7cb-b08f-45a9-ac25-59983fb5da84<-47d72301-684e-48ba-af14-36fa0ba944f7#0:FAIL-t43] and 0 exception(s); 436ea7cb-b08f-45a9-ac25-59983fb5da84@group-1135523AB2CE:t43, leader=null, voted=436ea7cb-b08f-45a9-ac25-59983fb5da84, raftlog=436ea7cb-b08f-45a9-ac25-59983fb5da84@group-1135523AB2CE-SegmentedRaftLog:OPENED:c3,f4,i4, conf=0: [436ea7cb-b08f-45a9-ac25-59983fb5da84:192.168.69.102:32878, 0eb142cf-b7a4-42cc-bedf-7b6b824b4e6a:192.168.69.102:43792, 47d72301-684e-48ba-af14-36fa0ba944f7:192.168.69.102:33903], old=null
2019-10-15 21:21:29,228 [436ea7cb-b08f-45a9-ac25-59983fb5da84@group-1135523AB2CE-LeaderElection45] INFO  impl.RaftServerImpl (RaftServerImpl.java:setRole(184)) - 436ea7cb-b08f-45a9-ac25-59983fb5da84@group-1135523AB2CE: changes role from CANDIDATE to FOLLOWER at term 43 for DISCOVERED_A_NEW_TERM
2019-10-15 21:21:29,228 [436ea7cb-b08f-45a9-ac25-59983fb5da84@group-1135523AB2CE-LeaderElection45] INFO  impl.RoleInfo (RoleInfo.java:shutdownLeaderElection(134)) - 436ea7cb-b08f-45a9-ac25-59983fb5da84: shutdown LeaderElection
2019-10-15 21:21:29,229 [436ea7cb-b08f-45a9-ac25-59983fb5da84@group-1135523AB2CE-LeaderElection45] INFO  impl.RoleInfo (RoleInfo.java:updateAndGet(143)) - 436ea7cb-b08f-45a9-ac25-59983fb5da84: start FollowerState
2019-10-15 21:21:29,372 [Thread-851] INFO  impl.FollowerState (FollowerState.java:run(108)) - 436ea7cb-b08f-45a9-ac25-59983fb5da84@group-1135523AB2CE-FollowerState: change to CANDIDATE, lastRpcTime:143ms, electionTimeout:143ms
2019-10-15 21:21:29,372 [Thread-851] INFO  impl.RoleInfo (RoleInfo.java:shutdownFollowerState(121)) - 436ea7cb-b08f-45a9-ac25-59983fb5da84: shutdown FollowerState
2019-10-15 21:21:29,372 [Thread-851] INFO  impl.RaftServerImpl (RaftServerImpl.java:setRole(184)) - 436ea7cb-b08f-45a9-ac25-59983fb5da84@group-1135523AB2CE: changes role from  FOLLOWER to CANDIDATE at term 43 for changeToCandidate
2019-10-15 21:21:29,372 [Thread-851] INFO  impl.RoleInfo (RoleInfo.java:updateAndGet(143)) - 436ea7cb-b08f-45a9-ac25-59983fb5da84: start LeaderElection
2019-10-15 21:21:29,388 [436ea7cb-b08f-45a9-ac25-59983fb5da84@group-1135523AB2CE-LeaderElection46] INFO  impl.LeaderElection (LeaderElection.java:askForVotes(178)) - 436ea7cb-b08f-45a9-ac25-59983fb5da84@group-1135523AB2CE-LeaderElection46: begin an election at term 44 for 0: [436ea7cb-b08f-45a9-ac25-59983fb5da84:192.168.69.102:32878, 0eb142cf-b7a4-42cc-bedf-7b6b824b4e6a:192.168.69.102:43792, 47d72301-684e-48ba-af14-36fa0ba944f7:192.168.69.102:33903], old=null
2019-10-15 21:21:29,390 [grpc-default-executor-5] INFO  impl.RaftServerImpl (RaftServerImpl.java:setRole(184)) - 47d72301-684e-48ba-af14-36fa0ba944f7@group-1135523AB2CE: changes role from  FOLLOWER to FOLLOWER at term 44 for recognizeCandidate:436ea7cb-b08f-45a9-ac25-59983fb5da84
2019-10-15 21:21:29,390 [grpc-default-executor-2] INFO  impl.RaftServerImpl (RaftServerImpl.java:setRole(184)) - 0eb142cf-b7a4-42cc-bedf-7b6b824b4e6a@group-1135523AB2CE: changes role from  FOLLOWER to FOLLOWER at term 44 for recognizeCandidate:436ea7cb-b08f-45a9-ac25-59983fb5da84
2019-10-15 21:21:29,390 [grpc-default-executor-5] INFO  impl.RoleInfo (RoleInfo.java:shutdownFollowerState(121)) - 47d72301-684e-48ba-af14-36fa0ba944f7: shutdown FollowerState
2019-10-15 21:21:29,390 [grpc-default-executor-2] INFO  impl.RoleInfo (RoleInfo.java:shutdownFollowerState(121)) - 0eb142cf-b7a4-42cc-bedf-7b6b824b4e6a: shutdown FollowerState
2019-10-15 21:21:29,391 [grpc-default-executor-5] INFO  impl.RoleInfo (RoleInfo.java:updateAndGet(143)) - 47d72301-684e-48ba-af14-36fa0ba944f7: start FollowerState
2019-10-15 21:21:29,391 [grpc-default-executor-2] INFO  impl.RoleInfo (RoleInfo.java:updateAndGet(143)) - 0eb142cf-b7a4-42cc-bedf-7b6b824b4e6a: start FollowerState
2019-10-15 21:21:29,391 [Thread-849] INFO  impl.FollowerState (FollowerState.java:run(117)) - 47d72301-684e-48ba-af14-36fa0ba944f7@group-1135523AB2CE-FollowerState was interrupted: java.lang.InterruptedException: sleep interrupted
2019-10-15 21:21:29,391 [Thread-850] INFO  impl.FollowerState (FollowerState.java:run(117)) - 0eb142cf-b7a4-42cc-bedf-7b6b824b4e6a@group-1135523AB2CE-FollowerState was interrupted: java.lang.InterruptedException: sleep interrupted
2019-10-15 21:21:29,420 [436ea7cb-b08f-45a9-ac25-59983fb5da84@group-1135523AB2CE-LeaderElection46] INFO  impl.LeaderElection (LeaderElection.java:logAndReturn(56)) - 436ea7cb-b08f-45a9-ac25-59983fb5da84@group-1135523AB2CE-LeaderElection46: Election REJECTED; received 2 response(s) [436ea7cb-b08f-45a9-ac25-59983fb5da84<-0eb142cf-b7a4-42cc-bedf-7b6b824b4e6a#0:FAIL-t44, 436ea7cb-b08f-45a9-ac25-59983fb5da84<-47d72301-684e-48ba-af14-36fa0ba944f7#0:FAIL-t44] and 0 exception(s); 436ea7cb-b08f-45a9-ac25-59983fb5da84@group-1135523AB2CE:t44, leader=null, voted=436ea7cb-b08f-45a9-ac25-59983fb5da84, raftlog=436ea7cb-b08f-45a9-ac25-59983fb5da84@group-1135523AB2CE-SegmentedRaftLog:OPENED:c3,f4,i4, conf=0: [436ea7cb-b08f-45a9-ac25-59983fb5da84:192.168.69.102:32878, 0eb142cf-b7a4-42cc-bedf-7b6b824b4e6a:192.168.69.102:43792, 47d72301-684e-48ba-af14-36fa0ba944f7:192.168.69.102:33903], old=null
2019-10-15 21:21:29,420 [436ea7cb-b08f-45a9-ac25-59983fb5da84@group-1135523AB2CE-LeaderElection46] INFO  impl.RaftServerImpl (RaftServerImpl.java:setRole(184)) - 436ea7cb-b08f-45a9-ac25-59983fb5da84@group-1135523AB2CE: changes role from CANDIDATE to FOLLOWER at term 44 for DISCOVERED_A_NEW_TERM
2019-10-15 21:21:29,421 [436ea7cb-b08f-45a9-ac25-59983fb5da84@group-1135523AB2CE-LeaderElection46] INFO  impl.RoleInfo (RoleInfo.java:shutdownLeaderElection(134)) - 436ea7cb-b08f-45a9-ac25-59983fb5da84: shutdown LeaderElection
2019-10-15 21:21:29,421 [436ea7cb-b08f-45a9-ac25-59983fb5da84@group-1135523AB2CE-LeaderElection46] INFO  impl.RoleInfo (RoleInfo.java:updateAndGet(143)) - 436ea7cb-b08f-45a9-ac25-59983fb5da84: start FollowerState
2019-10-15 21:21:29,619 [Thread-857] INFO  impl.FollowerState (FollowerState.java:run(108)) - 436ea7cb-b08f-45a9-ac25-59983fb5da84@group-1135523AB2CE-FollowerState: change to CANDIDATE, lastRpcTime:198ms, electionTimeout:198ms
2019-10-15 21:21:29,619 [Thread-857] INFO  impl.RoleInfo (RoleInfo.java:shutdownFollowerState(121)) - 436ea7cb-b08f-45a9-ac25-59983fb5da84: shutdown FollowerState
2019-10-15 21:21:29,619 [Thread-857] INFO  impl.RaftServerImpl (RaftServerImpl.java:setRole(184)) - 436ea7cb-b08f-45a9-ac25-59983fb5da84@group-1135523AB2CE: changes role from  FOLLOWER to CANDIDATE at term 44 for changeToCandidate
2019-10-15 21:21:29,619 [Thread-857] INFO  impl.RoleInfo (RoleInfo.java:updateAndGet(143)) - 436ea7cb-b08f-45a9-ac25-59983fb5da84: start LeaderElection
2019-10-15 21:21:29,628 [436ea7cb-b08f-45a9-ac25-59983fb5da84@group-1135523AB2CE-LeaderElection47] INFO  impl.LeaderElection (LeaderElection.java:askForVotes(178)) - 436ea7cb-b08f-45a9-ac25-59983fb5da84@group-1135523AB2CE-LeaderElection47: begin an election at term 45 for 0: [436ea7cb-b08f-45a9-ac25-59983fb5da84:192.168.69.102:32878, 0eb142cf-b7a4-42cc-bedf-7b6b824b4e6a:192.168.69.102:43792, 47d72301-684e-48ba-af14-36fa0ba944f7:192.168.69.102:33903], old=null
2019-10-15 21:21:29,629 [Command processor thread] INFO  commandhandler.DeleteBlocksCommandHandler (DeleteBlocksCommandHandler.java:handle(106)) - Start to delete container blocks, TXIDs=[1(2)], numOfContainers=1, numOfBlocks=1
2019-10-15 21:21:29,630 [Command processor thread] INFO  commandhandler.DeleteBlocksCommandHandler (DeleteBlocksCommandHandler.java:handle(106)) - Start to delete container blocks, TXIDs=[1(38)], numOfContainers=1, numOfBlocks=1
2019-10-15 21:21:29,630 [Command processor thread] INFO  commandhandler.DeleteBlocksCommandHandler (DeleteBlocksCommandHandler.java:handle(106)) - Start to delete container blocks, TXIDs=[1(2)], numOfContainers=1, numOfBlocks=1
2019-10-15 21:21:29,630 [Command processor thread] INFO  commandhandler.DeleteBlocksCommandHandler (DeleteBlocksCommandHandler.java:handle(106)) - Start to delete container blocks, TXIDs=[1(2)], numOfContainers=1, numOfBlocks=1
2019-10-15 21:21:29,631 [Command processor thread] INFO  commandhandler.DeleteBlocksCommandHandler (DeleteBlocksCommandHandler.java:handle(106)) - Start to delete container blocks, TXIDs=[1(2)], numOfContainers=1, numOfBlocks=1
2019-10-15 21:21:29,631 [Command processor thread] INFO  commandhandler.DeleteBlocksCommandHandler (DeleteBlocksCommandHandler.java:handle(106)) - Start to delete container blocks, TXIDs=[1(2)], numOfContainers=1, numOfBlocks=1
2019-10-15 21:21:29,631 [Command processor thread] INFO  commandhandler.DeleteBlocksCommandHandler (DeleteBlocksCommandHandler.java:handle(106)) - Start to delete container blocks, TXIDs=[1(30)], numOfContainers=1, numOfBlocks=1
2019-10-15 21:21:29,631 [Command processor thread] INFO  commandhandler.DeleteBlocksCommandHandler (DeleteBlocksCommandHandler.java:handle(106)) - Start to delete container blocks, TXIDs=[1(0)], numOfContainers=1, numOfBlocks=1
2019-10-15 21:21:29,631 [Command processor thread] INFO  commandhandler.DeleteBlocksCommandHandler (DeleteBlocksCommandHandler.java:handle(106)) - Start to delete container blocks, TXIDs=[1(2)], numOfContainers=1, numOfBlocks=1
2019-10-15 21:21:29,632 [grpc-default-executor-2] INFO  impl.RaftServerImpl (RaftServerImpl.java:setRole(184)) - 47d72301-684e-48ba-af14-36fa0ba944f7@group-1135523AB2CE: changes role from  FOLLOWER to FOLLOWER at term 45 for recognizeCandidate:436ea7cb-b08f-45a9-ac25-59983fb5da84
2019-10-15 21:21:29,631 [grpc-default-executor-5] INFO  impl.RaftServerImpl (RaftServerImpl.java:setRole(184)) - 0eb142cf-b7a4-42cc-bedf-7b6b824b4e6a@group-1135523AB2CE: changes role from  FOLLOWER to FOLLOWER at term 45 for recognizeCandidate:436ea7cb-b08f-45a9-ac25-59983fb5da84
2019-10-15 21:21:29,632 [grpc-default-executor-2] INFO  impl.RoleInfo (RoleInfo.java:shutdownFollowerState(121)) - 47d72301-684e-48ba-af14-36fa0ba944f7: shutdown FollowerState
2019-10-15 21:21:29,632 [grpc-default-executor-5] INFO  impl.RoleInfo (RoleInfo.java:shutdownFollowerState(121)) - 0eb142cf-b7a4-42cc-bedf-7b6b824b4e6a: shutdown FollowerState
2019-10-15 21:21:29,632 [grpc-default-executor-2] INFO  impl.RoleInfo (RoleInfo.java:updateAndGet(143)) - 47d72301-684e-48ba-af14-36fa0ba944f7: start FollowerState
2019-10-15 21:21:29,632 [Thread-855] INFO  impl.FollowerState (FollowerState.java:run(117)) - 47d72301-684e-48ba-af14-36fa0ba944f7@group-1135523AB2CE-FollowerState was interrupted: java.lang.InterruptedException: sleep interrupted
2019-10-15 21:21:29,632 [grpc-default-executor-5] INFO  impl.RoleInfo (RoleInfo.java:updateAndGet(143)) - 0eb142cf-b7a4-42cc-bedf-7b6b824b4e6a: start FollowerState
2019-10-15 21:21:29,632 [Thread-856] INFO  impl.FollowerState (FollowerState.java:run(117)) - 0eb142cf-b7a4-42cc-bedf-7b6b824b4e6a@group-1135523AB2CE-FollowerState was interrupted: java.lang.InterruptedException: sleep interrupted
2019-10-15 21:21:29,657 [436ea7cb-b08f-45a9-ac25-59983fb5da84@group-1135523AB2CE-LeaderElection47] INFO  impl.LeaderElection (LeaderElection.java:logAndReturn(56)) - 436ea7cb-b08f-45a9-ac25-59983fb5da84@group-1135523AB2CE-LeaderElection47: Election REJECTED; received 2 response(s) [436ea7cb-b08f-45a9-ac25-59983fb5da84<-0eb142cf-b7a4-42cc-bedf-7b6b824b4e6a#0:FAIL-t45, 436ea7cb-b08f-45a9-ac25-59983fb5da84<-47d72301-684e-48ba-af14-36fa0ba944f7#0:FAIL-t45] and 0 exception(s); 436ea7cb-b08f-45a9-ac25-59983fb5da84@group-1135523AB2CE:t45, leader=null, voted=436ea7cb-b08f-45a9-ac25-59983fb5da84, raftlog=436ea7cb-b08f-45a9-ac25-59983fb5da84@group-1135523AB2CE-SegmentedRaftLog:OPENED:c3,f4,i4, conf=0: [436ea7cb-b08f-45a9-ac25-59983fb5da84:192.168.69.102:32878, 0eb142cf-b7a4-42cc-bedf-7b6b824b4e6a:192.168.69.102:43792, 47d72301-684e-48ba-af14-36fa0ba944f7:192.168.69.102:33903], old=null
2019-10-15 21:21:29,657 [436ea7cb-b08f-45a9-ac25-59983fb5da84@group-1135523AB2CE-LeaderElection47] INFO  impl.RaftServerImpl (RaftServerImpl.java:setRole(184)) - 436ea7cb-b08f-45a9-ac25-59983fb5da84@group-1135523AB2CE: changes role from CANDIDATE to FOLLOWER at term 45 for DISCOVERED_A_NEW_TERM
2019-10-15 21:21:29,657 [436ea7cb-b08f-45a9-ac25-59983fb5da84@group-1135523AB2CE-LeaderElection47] INFO  impl.RoleInfo (RoleInfo.java:shutdownLeaderElection(134)) - 436ea7cb-b08f-45a9-ac25-59983fb5da84: shutdown LeaderElection
2019-10-15 21:21:29,657 [436ea7cb-b08f-45a9-ac25-59983fb5da84@group-1135523AB2CE-LeaderElection47] INFO  impl.RoleInfo (RoleInfo.java:updateAndGet(143)) - 436ea7cb-b08f-45a9-ac25-59983fb5da84: start FollowerState
2019-10-15 21:21:29,690 [Thread-866] INFO  client.GrpcClientProtocolService (GrpcClientProtocolService.java:lambda$processClientRequest$0(278)) - Failed RaftClientRequest:client-E312EE24CE89->436ea7cb-b08f-45a9-ac25-59983fb5da84@group-1135523AB2CE, cid=10, seq=0, Watch-ALL_COMMITTED(6), Message:<EMPTY>, reply=RaftClientReply:client-E312EE24CE89->436ea7cb-b08f-45a9-ac25-59983fb5da84@group-1135523AB2CE, cid=10, FAILED org.apache.ratis.protocol.NotLeaderException: Server 436ea7cb-b08f-45a9-ac25-59983fb5da84@group-1135523AB2CE is not the leader, logIndex=0, commits[436ea7cb-b08f-45a9-ac25-59983fb5da84:c3]
2019-10-15 21:21:29,716 [pool-7-thread-2] INFO  commands.RetriableDatanodeEventWatcher (RetriableDatanodeEventWatcher.java:onTimeout(47)) - RetriableDatanodeCommand type=deleteBlocksCommand with id=1571174480715 timed out. Retrying.
2019-10-15 21:21:29,733 [IPC Server handler 8 on 42912] WARN  block.DeletedBlockLogImpl (DeletedBlockLogImpl.java:incrementCount(141)) - Deleted TXID not found.
2019-10-15 21:21:29,733 [EventQueue-DeleteBlockStatusForEventWatcher$$Lambda$30/637241618] WARN  events.EventWatcher (EventWatcher.java:lambda$start$0(110)) - Completion event without active lease. Id=1571174480710
2019-10-15 21:21:29,733 [EventQueue-DeleteBlockStatusForDeletedBlockLogImpl] WARN  block.DeletedBlockLogImpl (DeletedBlockLogImpl.java:commitTransactions(205)) - Transaction txId=1 commit by dnId=436ea7cb-b08f-45a9-ac25-59983fb5da84 for containerID=#1 failed. Corresponding entry not found.
2019-10-15 21:21:29,733 [EventQueue-DeleteBlockStatusForEventWatcher$$Lambda$30/637241618] WARN  events.EventWatcher (EventWatcher.java:lambda$start$0(110)) - Completion event without active lease. Id=1571174480711
2019-10-15 21:21:29,733 [EventQueue-DeleteBlockStatusForDeletedBlockLogImpl] WARN  block.DeletedBlockLogImpl (DeletedBlockLogImpl.java:commitTransactions(205)) - Transaction txId=1 commit by dnId=436ea7cb-b08f-45a9-ac25-59983fb5da84 for containerID=#1 failed. Corresponding entry not found.
2019-10-15 21:21:29,733 [EventQueue-DeleteBlockStatusForEventWatcher$$Lambda$30/637241618] WARN  events.EventWatcher (EventWatcher.java:lambda$start$0(110)) - Completion event without active lease. Id=1571174480708
2019-10-15 21:21:29,733 [EventQueue-DeleteBlockStatusForDeletedBlockLogImpl] WARN  block.DeletedBlockLogImpl (DeletedBlockLogImpl.java:commitTransactions(205)) - Transaction txId=1 commit by dnId=436ea7cb-b08f-45a9-ac25-59983fb5da84 for containerID=#1 failed. Corresponding entry not found.
2019-10-15 21:21:29,733 [EventQueue-DeleteBlockStatusForEventWatcher$$Lambda$30/637241618] WARN  events.EventWatcher (EventWatcher.java:lambda$start$0(110)) - Completion event without active lease. Id=1571174480709
2019-10-15 21:21:29,733 [EventQueue-DeleteBlockStatusForDeletedBlockLogImpl] WARN  block.DeletedBlockLogImpl (DeletedBlockLogImpl.java:commitTransactions(205)) - Transaction txId=1 commit by dnId=436ea7cb-b08f-45a9-ac25-59983fb5da84 for containerID=#1 failed. Corresponding entry not found.
2019-10-15 21:21:29,734 [EventQueue-DeleteBlockStatusForEventWatcher$$Lambda$30/637241618] WARN  events.EventWatcher (EventWatcher.java:lambda$start$0(110)) - Completion event without active lease. Id=1571174480707
2019-10-15 21:21:29,734 [EventQueue-DeleteBlockStatusForDeletedBlockLogImpl] WARN  block.DeletedBlockLogImpl (DeletedBlockLogImpl.java:commitTransactions(205)) - Transaction txId=1 commit by dnId=436ea7cb-b08f-45a9-ac25-59983fb5da84 for containerID=#1 failed. Corresponding entry not found.
2019-10-15 21:21:29,734 [EventQueue-DeleteBlockStatusForEventWatcher$$Lambda$30/637241618] WARN  events.EventWatcher (EventWatcher.java:lambda$start$0(110)) - Completion event without active lease. Id=1571174480714
2019-10-15 21:21:29,734 [EventQueue-DeleteBlockStatusForDeletedBlockLogImpl] WARN  block.DeletedBlockLogImpl (DeletedBlockLogImpl.java:commitTransactions(205)) - Transaction txId=1 commit by dnId=436ea7cb-b08f-45a9-ac25-59983fb5da84 for containerID=#1 failed. Corresponding entry not found.
2019-10-15 21:21:29,734 [EventQueue-DeleteBlockStatusForEventWatcher$$Lambda$30/637241618] WARN  events.EventWatcher (EventWatcher.java:lambda$start$0(110)) - Completion event without active lease. Id=1571174480712
2019-10-15 21:21:29,734 [EventQueue-DeleteBlockStatusForDeletedBlockLogImpl] WARN  block.DeletedBlockLogImpl (DeletedBlockLogImpl.java:commitTransactions(205)) - Transaction txId=1 commit by dnId=436ea7cb-b08f-45a9-ac25-59983fb5da84 for containerID=#1 failed. Corresponding entry not found.
2019-10-15 21:21:29,734 [EventQueue-DeleteBlockStatusForEventWatcher$$Lambda$30/637241618] WARN  events.EventWatcher (EventWatcher.java:lambda$start$0(110)) - Completion event without active lease. Id=1571174480713
2019-10-15 21:21:29,734 [EventQueue-DeleteBlockStatusForDeletedBlockLogImpl] WARN  block.DeletedBlockLogImpl (DeletedBlockLogImpl.java:commitTransactions(205)) - Transaction txId=1 commit by dnId=436ea7cb-b08f-45a9-ac25-59983fb5da84 for containerID=#1 failed. Corresponding entry not found.
2019-10-15 21:21:29,734 [EventQueue-DeleteBlockStatusForDeletedBlockLogImpl] WARN  block.DeletedBlockLogImpl (DeletedBlockLogImpl.java:commitTransactions(205)) - Transaction txId=1 commit by dnId=436ea7cb-b08f-45a9-ac25-59983fb5da84 for containerID=#1 failed. Corresponding entry not found.
2019-10-15 21:21:29,773 [Thread-864] INFO  impl.FollowerState (FollowerState.java:run(108)) - 436ea7cb-b08f-45a9-ac25-59983fb5da84@group-1135523AB2CE-FollowerState: change to CANDIDATE, lastRpcTime:115ms, electionTimeout:115ms
2019-10-15 21:21:29,773 [Thread-864] INFO  impl.RoleInfo (RoleInfo.java:shutdownFollowerState(121)) - 436ea7cb-b08f-45a9-ac25-59983fb5da84: shutdown FollowerState
2019-10-15 21:21:29,773 [Thread-864] INFO  impl.RaftServerImpl (RaftServerImpl.java:setRole(184)) - 436ea7cb-b08f-45a9-ac25-59983fb5da84@group-1135523AB2CE: changes role from  FOLLOWER to CANDIDATE at term 45 for changeToCandidate
2019-10-15 21:21:29,773 [Thread-864] INFO  impl.RoleInfo (RoleInfo.java:updateAndGet(143)) - 436ea7cb-b08f-45a9-ac25-59983fb5da84: start LeaderElection
2019-10-15 21:21:29,805 [436ea7cb-b08f-45a9-ac25-59983fb5da84@group-1135523AB2CE-LeaderElection48] INFO  impl.LeaderElection (LeaderElection.java:askForVotes(178)) - 436ea7cb-b08f-45a9-ac25-59983fb5da84@group-1135523AB2CE-LeaderElection48: begin an election at term 46 for 0: [436ea7cb-b08f-45a9-ac25-59983fb5da84:192.168.69.102:32878, 0eb142cf-b7a4-42cc-bedf-7b6b824b4e6a:192.168.69.102:43792, 47d72301-684e-48ba-af14-36fa0ba944f7:192.168.69.102:33903], old=null
2019-10-15 21:21:29,808 [grpc-default-executor-5] INFO  impl.RaftServerImpl (RaftServerImpl.java:setRole(184)) - 0eb142cf-b7a4-42cc-bedf-7b6b824b4e6a@group-1135523AB2CE: changes role from  FOLLOWER to FOLLOWER at term 46 for recognizeCandidate:436ea7cb-b08f-45a9-ac25-59983fb5da84
2019-10-15 21:21:29,808 [grpc-default-executor-5] INFO  impl.RoleInfo (RoleInfo.java:shutdownFollowerState(121)) - 0eb142cf-b7a4-42cc-bedf-7b6b824b4e6a: shutdown FollowerState
2019-10-15 21:21:29,808 [grpc-default-executor-2] INFO  impl.RaftServerImpl (RaftServerImpl.java:setRole(184)) - 47d72301-684e-48ba-af14-36fa0ba944f7@group-1135523AB2CE: changes role from  FOLLOWER to FOLLOWER at term 46 for recognizeCandidate:436ea7cb-b08f-45a9-ac25-59983fb5da84
2019-10-15 21:21:29,808 [Thread-863] INFO  impl.FollowerState (FollowerState.java:run(117)) - 0eb142cf-b7a4-42cc-bedf-7b6b824b4e6a@group-1135523AB2CE-FollowerState was interrupted: java.lang.InterruptedException: sleep interrupted
2019-10-15 21:21:29,808 [grpc-default-executor-5] INFO  impl.RoleInfo (RoleInfo.java:updateAndGet(143)) - 0eb142cf-b7a4-42cc-bedf-7b6b824b4e6a: start FollowerState
2019-10-15 21:21:29,808 [grpc-default-executor-2] INFO  impl.RoleInfo (RoleInfo.java:shutdownFollowerState(121)) - 47d72301-684e-48ba-af14-36fa0ba944f7: shutdown FollowerState
2019-10-15 21:21:29,809 [Thread-862] INFO  impl.FollowerState (FollowerState.java:run(117)) - 47d72301-684e-48ba-af14-36fa0ba944f7@group-1135523AB2CE-FollowerState was interrupted: java.lang.InterruptedException: sleep interrupted
2019-10-15 21:21:29,809 [grpc-default-executor-2] INFO  impl.RoleInfo (RoleInfo.java:updateAndGet(143)) - 47d72301-684e-48ba-af14-36fa0ba944f7: start FollowerState
2019-10-15 21:21:29,829 [436ea7cb-b08f-45a9-ac25-59983fb5da84@group-1135523AB2CE-LeaderElection48] INFO  impl.LeaderElection (LeaderElection.java:logAndReturn(56)) - 436ea7cb-b08f-45a9-ac25-59983fb5da84@group-1135523AB2CE-LeaderElection48: Election REJECTED; received 2 response(s) [436ea7cb-b08f-45a9-ac25-59983fb5da84<-0eb142cf-b7a4-42cc-bedf-7b6b824b4e6a#0:FAIL-t46, 436ea7cb-b08f-45a9-ac25-59983fb5da84<-47d72301-684e-48ba-af14-36fa0ba944f7#0:FAIL-t46] and 0 exception(s); 436ea7cb-b08f-45a9-ac25-59983fb5da84@group-1135523AB2CE:t46, leader=null, voted=436ea7cb-b08f-45a9-ac25-59983fb5da84, raftlog=436ea7cb-b08f-45a9-ac25-59983fb5da84@group-1135523AB2CE-SegmentedRaftLog:OPENED:c3,f4,i4, conf=0: [436ea7cb-b08f-45a9-ac25-59983fb5da84:192.168.69.102:32878, 0eb142cf-b7a4-42cc-bedf-7b6b824b4e6a:192.168.69.102:43792, 47d72301-684e-48ba-af14-36fa0ba944f7:192.168.69.102:33903], old=null
2019-10-15 21:21:29,830 [436ea7cb-b08f-45a9-ac25-59983fb5da84@group-1135523AB2CE-LeaderElection48] INFO  impl.RaftServerImpl (RaftServerImpl.java:setRole(184)) - 436ea7cb-b08f-45a9-ac25-59983fb5da84@group-1135523AB2CE: changes role from CANDIDATE to FOLLOWER at term 46 for DISCOVERED_A_NEW_TERM
2019-10-15 21:21:29,830 [436ea7cb-b08f-45a9-ac25-59983fb5da84@group-1135523AB2CE-LeaderElection48] INFO  impl.RoleInfo (RoleInfo.java:shutdownLeaderElection(134)) - 436ea7cb-b08f-45a9-ac25-59983fb5da84: shutdown LeaderElection
2019-10-15 21:21:29,830 [436ea7cb-b08f-45a9-ac25-59983fb5da84@group-1135523AB2CE-LeaderElection48] INFO  impl.RoleInfo (RoleInfo.java:updateAndGet(143)) - 436ea7cb-b08f-45a9-ac25-59983fb5da84: start FollowerState
2019-10-15 21:21:29,880 [BlockDeletingService#2] WARN  background.BlockDeletingService (BlockDeletingService.java:isDeletionAllowed(187)) - Close Container log Index 6 is not replicated across allthe servers in the pipeline 2edbc878-18e2-43a0-b08d-1135523ab2ce as the min replicated index is 4. Deletion is not allowed in this container yet.
2019-10-15 21:21:29,880 [BlockDeletingService#2] WARN  background.BlockDeletingService (BlockDeletingService.java:isDeletionAllowed(187)) - Close Container log Index 6 is not replicated across allthe servers in the pipeline 2edbc878-18e2-43a0-b08d-1135523ab2ce as the min replicated index is 4. Deletion is not allowed in this container yet.
2019-10-15 21:21:29,896 [Thread-873] INFO  impl.FollowerState (FollowerState.java:run(108)) - 436ea7cb-b08f-45a9-ac25-59983fb5da84@group-1135523AB2CE-FollowerState: change to CANDIDATE, lastRpcTime:66ms, electionTimeout:66ms
2019-10-15 21:21:29,896 [Thread-873] INFO  impl.RoleInfo (RoleInfo.java:shutdownFollowerState(121)) - 436ea7cb-b08f-45a9-ac25-59983fb5da84: shutdown FollowerState
2019-10-15 21:21:29,897 [Thread-873] INFO  impl.RaftServerImpl (RaftServerImpl.java:setRole(184)) - 436ea7cb-b08f-45a9-ac25-59983fb5da84@group-1135523AB2CE: changes role from  FOLLOWER to CANDIDATE at term 46 for changeToCandidate
2019-10-15 21:21:29,897 [Thread-873] INFO  impl.RoleInfo (RoleInfo.java:updateAndGet(143)) - 436ea7cb-b08f-45a9-ac25-59983fb5da84: start LeaderElection
2019-10-15 21:21:29,910 [436ea7cb-b08f-45a9-ac25-59983fb5da84@group-1135523AB2CE-LeaderElection49] INFO  impl.LeaderElection (LeaderElection.java:askForVotes(178)) - 436ea7cb-b08f-45a9-ac25-59983fb5da84@group-1135523AB2CE-LeaderElection49: begin an election at term 47 for 0: [436ea7cb-b08f-45a9-ac25-59983fb5da84:192.168.69.102:32878, 0eb142cf-b7a4-42cc-bedf-7b6b824b4e6a:192.168.69.102:43792, 47d72301-684e-48ba-af14-36fa0ba944f7:192.168.69.102:33903], old=null
2019-10-15 21:21:29,912 [grpc-default-executor-2] INFO  impl.RaftServerImpl (RaftServerImpl.java:setRole(184)) - 47d72301-684e-48ba-af14-36fa0ba944f7@group-1135523AB2CE: changes role from  FOLLOWER to FOLLOWER at term 47 for recognizeCandidate:436ea7cb-b08f-45a9-ac25-59983fb5da84
2019-10-15 21:21:29,912 [grpc-default-executor-2] INFO  impl.RoleInfo (RoleInfo.java:shutdownFollowerState(121)) - 47d72301-684e-48ba-af14-36fa0ba944f7: shutdown FollowerState
2019-10-15 21:21:29,913 [Thread-872] INFO  impl.FollowerState (FollowerState.java:run(117)) - 47d72301-684e-48ba-af14-36fa0ba944f7@group-1135523AB2CE-FollowerState was interrupted: java.lang.InterruptedException: sleep interrupted
2019-10-15 21:21:29,913 [grpc-default-executor-2] INFO  impl.RoleInfo (RoleInfo.java:updateAndGet(143)) - 47d72301-684e-48ba-af14-36fa0ba944f7: start FollowerState
2019-10-15 21:21:29,913 [grpc-default-executor-5] INFO  impl.RaftServerImpl (RaftServerImpl.java:setRole(184)) - 0eb142cf-b7a4-42cc-bedf-7b6b824b4e6a@group-1135523AB2CE: changes role from  FOLLOWER to FOLLOWER at term 47 for recognizeCandidate:436ea7cb-b08f-45a9-ac25-59983fb5da84
2019-10-15 21:21:29,913 [grpc-default-executor-5] INFO  impl.RoleInfo (RoleInfo.java:shutdownFollowerState(121)) - 0eb142cf-b7a4-42cc-bedf-7b6b824b4e6a: shutdown FollowerState
2019-10-15 21:21:29,913 [grpc-default-executor-5] INFO  impl.RoleInfo (RoleInfo.java:updateAndGet(143)) - 0eb142cf-b7a4-42cc-bedf-7b6b824b4e6a: start FollowerState
2019-10-15 21:21:29,914 [Thread-871] INFO  impl.FollowerState (FollowerState.java:run(117)) - 0eb142cf-b7a4-42cc-bedf-7b6b824b4e6a@group-1135523AB2CE-FollowerState was interrupted: java.lang.InterruptedException: sleep interrupted
2019-10-15 21:21:29,925 [436ea7cb-b08f-45a9-ac25-59983fb5da84@group-1135523AB2CE-LeaderElection49] INFO  impl.LeaderElection (LeaderElection.java:logAndReturn(56)) - 436ea7cb-b08f-45a9-ac25-59983fb5da84@group-1135523AB2CE-LeaderElection49: Election REJECTED; received 2 response(s) [436ea7cb-b08f-45a9-ac25-59983fb5da84<-0eb142cf-b7a4-42cc-bedf-7b6b824b4e6a#0:FAIL-t47, 436ea7cb-b08f-45a9-ac25-59983fb5da84<-47d72301-684e-48ba-af14-36fa0ba944f7#0:FAIL-t47] and 0 exception(s); 436ea7cb-b08f-45a9-ac25-59983fb5da84@group-1135523AB2CE:t47, leader=null, voted=436ea7cb-b08f-45a9-ac25-59983fb5da84, raftlog=436ea7cb-b08f-45a9-ac25-59983fb5da84@group-1135523AB2CE-SegmentedRaftLog:OPENED:c3,f4,i4, conf=0: [436ea7cb-b08f-45a9-ac25-59983fb5da84:192.168.69.102:32878, 0eb142cf-b7a4-42cc-bedf-7b6b824b4e6a:192.168.69.102:43792, 47d72301-684e-48ba-af14-36fa0ba944f7:192.168.69.102:33903], old=null
2019-10-15 21:21:29,925 [436ea7cb-b08f-45a9-ac25-59983fb5da84@group-1135523AB2CE-LeaderElection49] INFO  impl.RaftServerImpl (RaftServerImpl.java:setRole(184)) - 436ea7cb-b08f-45a9-ac25-59983fb5da84@group-1135523AB2CE: changes role from CANDIDATE to FOLLOWER at term 47 for DISCOVERED_A_NEW_TERM
2019-10-15 21:21:29,925 [436ea7cb-b08f-45a9-ac25-59983fb5da84@group-1135523AB2CE-LeaderElection49] INFO  impl.RoleInfo (RoleInfo.java:shutdownLeaderElection(134)) - 436ea7cb-b08f-45a9-ac25-59983fb5da84: shutdown LeaderElection
2019-10-15 21:21:29,925 [436ea7cb-b08f-45a9-ac25-59983fb5da84@group-1135523AB2CE-LeaderElection49] INFO  impl.RoleInfo (RoleInfo.java:updateAndGet(143)) - 436ea7cb-b08f-45a9-ac25-59983fb5da84: start FollowerState
2019-10-15 21:21:30,048 [Thread-881] INFO  impl.FollowerState (FollowerState.java:run(108)) - 436ea7cb-b08f-45a9-ac25-59983fb5da84@group-1135523AB2CE-FollowerState: change to CANDIDATE, lastRpcTime:122ms, electionTimeout:122ms
2019-10-15 21:21:30,048 [Thread-881] INFO  impl.RoleInfo (RoleInfo.java:shutdownFollowerState(121)) - 436ea7cb-b08f-45a9-ac25-59983fb5da84: shutdown FollowerState
2019-10-15 21:21:30,048 [Thread-881] INFO  impl.RaftServerImpl (RaftServerImpl.java:setRole(184)) - 436ea7cb-b08f-45a9-ac25-59983fb5da84@group-1135523AB2CE: changes role from  FOLLOWER to CANDIDATE at term 47 for changeToCandidate
2019-10-15 21:21:30,048 [Thread-881] INFO  impl.RoleInfo (RoleInfo.java:updateAndGet(143)) - 436ea7cb-b08f-45a9-ac25-59983fb5da84: start LeaderElection
2019-10-15 21:21:30,099 [436ea7cb-b08f-45a9-ac25-59983fb5da84@group-1135523AB2CE-LeaderElection50] INFO  impl.LeaderElection (LeaderElection.java:askForVotes(178)) - 436ea7cb-b08f-45a9-ac25-59983fb5da84@group-1135523AB2CE-LeaderElection50: begin an election at term 48 for 0: [436ea7cb-b08f-45a9-ac25-59983fb5da84:192.168.69.102:32878, 0eb142cf-b7a4-42cc-bedf-7b6b824b4e6a:192.168.69.102:43792, 47d72301-684e-48ba-af14-36fa0ba944f7:192.168.69.102:33903], old=null
2019-10-15 21:21:30,102 [grpc-default-executor-2] INFO  impl.RaftServerImpl (RaftServerImpl.java:setRole(184)) - 0eb142cf-b7a4-42cc-bedf-7b6b824b4e6a@group-1135523AB2CE: changes role from  FOLLOWER to FOLLOWER at term 48 for recognizeCandidate:436ea7cb-b08f-45a9-ac25-59983fb5da84
2019-10-15 21:21:30,102 [grpc-default-executor-5] INFO  impl.RaftServerImpl (RaftServerImpl.java:setRole(184)) - 47d72301-684e-48ba-af14-36fa0ba944f7@group-1135523AB2CE: changes role from  FOLLOWER to FOLLOWER at term 48 for recognizeCandidate:436ea7cb-b08f-45a9-ac25-59983fb5da84
2019-10-15 21:21:30,102 [grpc-default-executor-2] INFO  impl.RoleInfo (RoleInfo.java:shutdownFollowerState(121)) - 0eb142cf-b7a4-42cc-bedf-7b6b824b4e6a: shutdown FollowerState
2019-10-15 21:21:30,102 [grpc-default-executor-5] INFO  impl.RoleInfo (RoleInfo.java:shutdownFollowerState(121)) - 47d72301-684e-48ba-af14-36fa0ba944f7: shutdown FollowerState
2019-10-15 21:21:30,103 [Thread-880] INFO  impl.FollowerState (FollowerState.java:run(117)) - 0eb142cf-b7a4-42cc-bedf-7b6b824b4e6a@group-1135523AB2CE-FollowerState was interrupted: java.lang.InterruptedException: sleep interrupted
2019-10-15 21:21:30,103 [grpc-default-executor-2] INFO  impl.RoleInfo (RoleInfo.java:updateAndGet(143)) - 0eb142cf-b7a4-42cc-bedf-7b6b824b4e6a: start FollowerState
2019-10-15 21:21:30,103 [Thread-879] INFO  impl.FollowerState (FollowerState.java:run(117)) - 47d72301-684e-48ba-af14-36fa0ba944f7@group-1135523AB2CE-FollowerState was interrupted: java.lang.InterruptedException: sleep interrupted
2019-10-15 21:21:30,103 [grpc-default-executor-5] INFO  impl.RoleInfo (RoleInfo.java:updateAndGet(143)) - 47d72301-684e-48ba-af14-36fa0ba944f7: start FollowerState
2019-10-15 21:21:30,103 [436ea7cb-b08f-45a9-ac25-59983fb5da84@group-1135523AB2CE-LeaderElection50] INFO  impl.LeaderElection (LeaderElection.java:logAndReturn(56)) - 436ea7cb-b08f-45a9-ac25-59983fb5da84@group-1135523AB2CE-LeaderElection50: Election TIMEOUT; received 0 response(s) [] and 0 exception(s); 436ea7cb-b08f-45a9-ac25-59983fb5da84@group-1135523AB2CE:t48, leader=null, voted=436ea7cb-b08f-45a9-ac25-59983fb5da84, raftlog=436ea7cb-b08f-45a9-ac25-59983fb5da84@group-1135523AB2CE-SegmentedRaftLog:OPENED:c3,f4,i4, conf=0: [436ea7cb-b08f-45a9-ac25-59983fb5da84:192.168.69.102:32878, 0eb142cf-b7a4-42cc-bedf-7b6b824b4e6a:192.168.69.102:43792, 47d72301-684e-48ba-af14-36fa0ba944f7:192.168.69.102:33903], old=null
2019-10-15 21:21:30,114 [436ea7cb-b08f-45a9-ac25-59983fb5da84@group-1135523AB2CE-LeaderElection50] INFO  impl.LeaderElection (LeaderElection.java:askForVotes(178)) - 436ea7cb-b08f-45a9-ac25-59983fb5da84@group-1135523AB2CE-LeaderElection50: begin an election at term 49 for 0: [436ea7cb-b08f-45a9-ac25-59983fb5da84:192.168.69.102:32878, 0eb142cf-b7a4-42cc-bedf-7b6b824b4e6a:192.168.69.102:43792, 47d72301-684e-48ba-af14-36fa0ba944f7:192.168.69.102:33903], old=null
2019-10-15 21:21:30,116 [grpc-default-executor-5] INFO  impl.RaftServerImpl (RaftServerImpl.java:setRole(184)) - 0eb142cf-b7a4-42cc-bedf-7b6b824b4e6a@group-1135523AB2CE: changes role from  FOLLOWER to FOLLOWER at term 49 for recognizeCandidate:436ea7cb-b08f-45a9-ac25-59983fb5da84
2019-10-15 21:21:30,116 [grpc-default-executor-5] INFO  impl.RoleInfo (RoleInfo.java:shutdownFollowerState(121)) - 0eb142cf-b7a4-42cc-bedf-7b6b824b4e6a: shutdown FollowerState
2019-10-15 21:21:30,116 [grpc-default-executor-5] INFO  impl.RoleInfo (RoleInfo.java:updateAndGet(143)) - 0eb142cf-b7a4-42cc-bedf-7b6b824b4e6a: start FollowerState
2019-10-15 21:21:30,116 [Thread-885] INFO  impl.FollowerState (FollowerState.java:run(117)) - 0eb142cf-b7a4-42cc-bedf-7b6b824b4e6a@group-1135523AB2CE-FollowerState was interrupted: java.lang.InterruptedException: sleep interrupted
2019-10-15 21:21:30,117 [grpc-default-executor-2] INFO  impl.RaftServerImpl (RaftServerImpl.java:setRole(184)) - 47d72301-684e-48ba-af14-36fa0ba944f7@group-1135523AB2CE: changes role from  FOLLOWER to FOLLOWER at term 49 for recognizeCandidate:436ea7cb-b08f-45a9-ac25-59983fb5da84
2019-10-15 21:21:30,117 [grpc-default-executor-2] INFO  impl.RoleInfo (RoleInfo.java:shutdownFollowerState(121)) - 47d72301-684e-48ba-af14-36fa0ba944f7: shutdown FollowerState
2019-10-15 21:21:30,117 [Thread-886] INFO  impl.FollowerState (FollowerState.java:run(117)) - 47d72301-684e-48ba-af14-36fa0ba944f7@group-1135523AB2CE-FollowerState was interrupted: java.lang.InterruptedException: sleep interrupted
2019-10-15 21:21:30,117 [grpc-default-executor-2] INFO  impl.RoleInfo (RoleInfo.java:updateAndGet(143)) - 47d72301-684e-48ba-af14-36fa0ba944f7: start FollowerState
2019-10-15 21:21:30,123 [436ea7cb-b08f-45a9-ac25-59983fb5da84@group-1135523AB2CE-LeaderElection50] INFO  impl.LeaderElection (LeaderElection.java:logAndReturn(56)) - 436ea7cb-b08f-45a9-ac25-59983fb5da84@group-1135523AB2CE-LeaderElection50: Election REJECTED; received 2 response(s) [436ea7cb-b08f-45a9-ac25-59983fb5da84<-0eb142cf-b7a4-42cc-bedf-7b6b824b4e6a#0:FAIL-t49, 436ea7cb-b08f-45a9-ac25-59983fb5da84<-47d72301-684e-48ba-af14-36fa0ba944f7#0:FAIL-t49] and 0 exception(s); 436ea7cb-b08f-45a9-ac25-59983fb5da84@group-1135523AB2CE:t49, leader=null, voted=436ea7cb-b08f-45a9-ac25-59983fb5da84, raftlog=436ea7cb-b08f-45a9-ac25-59983fb5da84@group-1135523AB2CE-SegmentedRaftLog:OPENED:c3,f4,i4, conf=0: [436ea7cb-b08f-45a9-ac25-59983fb5da84:192.168.69.102:32878, 0eb142cf-b7a4-42cc-bedf-7b6b824b4e6a:192.168.69.102:43792, 47d72301-684e-48ba-af14-36fa0ba944f7:192.168.69.102:33903], old=null
2019-10-15 21:21:30,123 [436ea7cb-b08f-45a9-ac25-59983fb5da84@group-1135523AB2CE-LeaderElection50] INFO  impl.RaftServerImpl (RaftServerImpl.java:setRole(184)) - 436ea7cb-b08f-45a9-ac25-59983fb5da84@group-1135523AB2CE: changes role from CANDIDATE to FOLLOWER at term 49 for DISCOVERED_A_NEW_TERM
2019-10-15 21:21:30,123 [436ea7cb-b08f-45a9-ac25-59983fb5da84@group-1135523AB2CE-LeaderElection50] INFO  impl.RoleInfo (RoleInfo.java:shutdownLeaderElection(134)) - 436ea7cb-b08f-45a9-ac25-59983fb5da84: shutdown LeaderElection
2019-10-15 21:21:30,124 [436ea7cb-b08f-45a9-ac25-59983fb5da84@group-1135523AB2CE-LeaderElection50] INFO  impl.RoleInfo (RoleInfo.java:updateAndGet(143)) - 436ea7cb-b08f-45a9-ac25-59983fb5da84: start FollowerState
2019-10-15 21:21:30,203 [Thread-891] INFO  impl.FollowerState (FollowerState.java:run(108)) - 436ea7cb-b08f-45a9-ac25-59983fb5da84@group-1135523AB2CE-FollowerState: change to CANDIDATE, lastRpcTime:79ms, electionTimeout:79ms
2019-10-15 21:21:30,203 [Thread-891] INFO  impl.RoleInfo (RoleInfo.java:shutdownFollowerState(121)) - 436ea7cb-b08f-45a9-ac25-59983fb5da84: shutdown FollowerState
2019-10-15 21:21:30,203 [Thread-891] INFO  impl.RaftServerImpl (RaftServerImpl.java:setRole(184)) - 436ea7cb-b08f-45a9-ac25-59983fb5da84@group-1135523AB2CE: changes role from  FOLLOWER to CANDIDATE at term 49 for changeToCandidate
2019-10-15 21:21:30,203 [Thread-891] INFO  impl.RoleInfo (RoleInfo.java:updateAndGet(143)) - 436ea7cb-b08f-45a9-ac25-59983fb5da84: start LeaderElection
2019-10-15 21:21:30,208 [436ea7cb-b08f-45a9-ac25-59983fb5da84@group-1135523AB2CE-LeaderElection51] INFO  impl.LeaderElection (LeaderElection.java:askForVotes(178)) - 436ea7cb-b08f-45a9-ac25-59983fb5da84@group-1135523AB2CE-LeaderElection51: begin an election at term 50 for 0: [436ea7cb-b08f-45a9-ac25-59983fb5da84:192.168.69.102:32878, 0eb142cf-b7a4-42cc-bedf-7b6b824b4e6a:192.168.69.102:43792, 47d72301-684e-48ba-af14-36fa0ba944f7:192.168.69.102:33903], old=null
2019-10-15 21:21:30,210 [grpc-default-executor-5] INFO  impl.RaftServerImpl (RaftServerImpl.java:setRole(184)) - 0eb142cf-b7a4-42cc-bedf-7b6b824b4e6a@group-1135523AB2CE: changes role from  FOLLOWER to FOLLOWER at term 50 for recognizeCandidate:436ea7cb-b08f-45a9-ac25-59983fb5da84
2019-10-15 21:21:30,210 [grpc-default-executor-5] INFO  impl.RoleInfo (RoleInfo.java:shutdownFollowerState(121)) - 0eb142cf-b7a4-42cc-bedf-7b6b824b4e6a: shutdown FollowerState
2019-10-15 21:21:30,210 [grpc-default-executor-2] INFO  impl.RaftServerImpl (RaftServerImpl.java:setRole(184)) - 47d72301-684e-48ba-af14-36fa0ba944f7@group-1135523AB2CE: changes role from  FOLLOWER to FOLLOWER at term 50 for recognizeCandidate:436ea7cb-b08f-45a9-ac25-59983fb5da84
2019-10-15 21:21:30,210 [Thread-889] INFO  impl.FollowerState (FollowerState.java:run(117)) - 0eb142cf-b7a4-42cc-bedf-7b6b824b4e6a@group-1135523AB2CE-FollowerState was interrupted: java.lang.InterruptedException: sleep interrupted
2019-10-15 21:21:30,210 [grpc-default-executor-5] INFO  impl.RoleInfo (RoleInfo.java:updateAndGet(143)) - 0eb142cf-b7a4-42cc-bedf-7b6b824b4e6a: start FollowerState
2019-10-15 21:21:30,210 [grpc-default-executor-2] INFO  impl.RoleInfo (RoleInfo.java:shutdownFollowerState(121)) - 47d72301-684e-48ba-af14-36fa0ba944f7: shutdown FollowerState
2019-10-15 21:21:30,211 [grpc-default-executor-2] INFO  impl.RoleInfo (RoleInfo.java:updateAndGet(143)) - 47d72301-684e-48ba-af14-36fa0ba944f7: start FollowerState
2019-10-15 21:21:30,211 [Thread-890] INFO  impl.FollowerState (FollowerState.java:run(117)) - 47d72301-684e-48ba-af14-36fa0ba944f7@group-1135523AB2CE-FollowerState was interrupted: java.lang.InterruptedException: sleep interrupted
2019-10-15 21:21:30,226 [436ea7cb-b08f-45a9-ac25-59983fb5da84@group-1135523AB2CE-LeaderElection51] INFO  impl.LeaderElection (LeaderElection.java:logAndReturn(56)) - 436ea7cb-b08f-45a9-ac25-59983fb5da84@group-1135523AB2CE-LeaderElection51: Election REJECTED; received 2 response(s) [436ea7cb-b08f-45a9-ac25-59983fb5da84<-0eb142cf-b7a4-42cc-bedf-7b6b824b4e6a#0:FAIL-t50, 436ea7cb-b08f-45a9-ac25-59983fb5da84<-47d72301-684e-48ba-af14-36fa0ba944f7#0:FAIL-t50] and 0 exception(s); 436ea7cb-b08f-45a9-ac25-59983fb5da84@group-1135523AB2CE:t50, leader=null, voted=436ea7cb-b08f-45a9-ac25-59983fb5da84, raftlog=436ea7cb-b08f-45a9-ac25-59983fb5da84@group-1135523AB2CE-SegmentedRaftLog:OPENED:c3,f4,i4, conf=0: [436ea7cb-b08f-45a9-ac25-59983fb5da84:192.168.69.102:32878, 0eb142cf-b7a4-42cc-bedf-7b6b824b4e6a:192.168.69.102:43792, 47d72301-684e-48ba-af14-36fa0ba944f7:192.168.69.102:33903], old=null
2019-10-15 21:21:30,226 [436ea7cb-b08f-45a9-ac25-59983fb5da84@group-1135523AB2CE-LeaderElection51] INFO  impl.RaftServerImpl (RaftServerImpl.java:setRole(184)) - 436ea7cb-b08f-45a9-ac25-59983fb5da84@group-1135523AB2CE: changes role from CANDIDATE to FOLLOWER at term 50 for DISCOVERED_A_NEW_TERM
2019-10-15 21:21:30,226 [436ea7cb-b08f-45a9-ac25-59983fb5da84@group-1135523AB2CE-LeaderElection51] INFO  impl.RoleInfo (RoleInfo.java:shutdownLeaderElection(134)) - 436ea7cb-b08f-45a9-ac25-59983fb5da84: shutdown LeaderElection
2019-10-15 21:21:30,226 [436ea7cb-b08f-45a9-ac25-59983fb5da84@group-1135523AB2CE-LeaderElection51] INFO  impl.RoleInfo (RoleInfo.java:updateAndGet(143)) - 436ea7cb-b08f-45a9-ac25-59983fb5da84: start FollowerState
2019-10-15 21:21:30,330 [Thread-897] INFO  impl.FollowerState (FollowerState.java:run(108)) - 436ea7cb-b08f-45a9-ac25-59983fb5da84@group-1135523AB2CE-FollowerState: change to CANDIDATE, lastRpcTime:104ms, electionTimeout:104ms
2019-10-15 21:21:30,331 [Thread-897] INFO  impl.RoleInfo (RoleInfo.java:shutdownFollowerState(121)) - 436ea7cb-b08f-45a9-ac25-59983fb5da84: shutdown FollowerState
2019-10-15 21:21:30,331 [Thread-897] INFO  impl.RaftServerImpl (RaftServerImpl.java:setRole(184)) - 436ea7cb-b08f-45a9-ac25-59983fb5da84@group-1135523AB2CE: changes role from  FOLLOWER to CANDIDATE at term 50 for changeToCandidate
2019-10-15 21:21:30,331 [Thread-897] INFO  impl.RoleInfo (RoleInfo.java:updateAndGet(143)) - 436ea7cb-b08f-45a9-ac25-59983fb5da84: start LeaderElection
2019-10-15 21:21:30,339 [436ea7cb-b08f-45a9-ac25-59983fb5da84@group-1135523AB2CE-LeaderElection52] INFO  impl.LeaderElection (LeaderElection.java:askForVotes(178)) - 436ea7cb-b08f-45a9-ac25-59983fb5da84@group-1135523AB2CE-LeaderElection52: begin an election at term 51 for 0: [436ea7cb-b08f-45a9-ac25-59983fb5da84:192.168.69.102:32878, 0eb142cf-b7a4-42cc-bedf-7b6b824b4e6a:192.168.69.102:43792, 47d72301-684e-48ba-af14-36fa0ba944f7:192.168.69.102:33903], old=null
2019-10-15 21:21:30,341 [grpc-default-executor-5] INFO  impl.RaftServerImpl (RaftServerImpl.java:setRole(184)) - 0eb142cf-b7a4-42cc-bedf-7b6b824b4e6a@group-1135523AB2CE: changes role from  FOLLOWER to FOLLOWER at term 51 for recognizeCandidate:436ea7cb-b08f-45a9-ac25-59983fb5da84
2019-10-15 21:21:30,341 [grpc-default-executor-2] INFO  impl.RaftServerImpl (RaftServerImpl.java:setRole(184)) - 47d72301-684e-48ba-af14-36fa0ba944f7@group-1135523AB2CE: changes role from  FOLLOWER to FOLLOWER at term 51 for recognizeCandidate:436ea7cb-b08f-45a9-ac25-59983fb5da84
2019-10-15 21:21:30,341 [grpc-default-executor-2] INFO  impl.RoleInfo (RoleInfo.java:shutdownFollowerState(121)) - 47d72301-684e-48ba-af14-36fa0ba944f7: shutdown FollowerState
2019-10-15 21:21:30,341 [grpc-default-executor-5] INFO  impl.RoleInfo (RoleInfo.java:shutdownFollowerState(121)) - 0eb142cf-b7a4-42cc-bedf-7b6b824b4e6a: shutdown FollowerState
2019-10-15 21:21:30,341 [Thread-896] INFO  impl.FollowerState (FollowerState.java:run(117)) - 47d72301-684e-48ba-af14-36fa0ba944f7@group-1135523AB2CE-FollowerState was interrupted: java.lang.InterruptedException: sleep interrupted
2019-10-15 21:21:30,341 [grpc-default-executor-2] INFO  impl.RoleInfo (RoleInfo.java:updateAndGet(143)) - 47d72301-684e-48ba-af14-36fa0ba944f7: start FollowerState
2019-10-15 21:21:30,341 [grpc-default-executor-5] INFO  impl.RoleInfo (RoleInfo.java:updateAndGet(143)) - 0eb142cf-b7a4-42cc-bedf-7b6b824b4e6a: start FollowerState
2019-10-15 21:21:30,341 [Thread-895] INFO  impl.FollowerState (FollowerState.java:run(117)) - 0eb142cf-b7a4-42cc-bedf-7b6b824b4e6a@group-1135523AB2CE-FollowerState was interrupted: java.lang.InterruptedException: sleep interrupted
2019-10-15 21:21:30,357 [436ea7cb-b08f-45a9-ac25-59983fb5da84@group-1135523AB2CE-LeaderElection52] INFO  impl.LeaderElection (LeaderElection.java:logAndReturn(56)) - 436ea7cb-b08f-45a9-ac25-59983fb5da84@group-1135523AB2CE-LeaderElection52: Election REJECTED; received 2 response(s) [436ea7cb-b08f-45a9-ac25-59983fb5da84<-0eb142cf-b7a4-42cc-bedf-7b6b824b4e6a#0:FAIL-t51, 436ea7cb-b08f-45a9-ac25-59983fb5da84<-47d72301-684e-48ba-af14-36fa0ba944f7#0:FAIL-t51] and 0 exception(s); 436ea7cb-b08f-45a9-ac25-59983fb5da84@group-1135523AB2CE:t51, leader=null, voted=436ea7cb-b08f-45a9-ac25-59983fb5da84, raftlog=436ea7cb-b08f-45a9-ac25-59983fb5da84@group-1135523AB2CE-SegmentedRaftLog:OPENED:c3,f4,i4, conf=0: [436ea7cb-b08f-45a9-ac25-59983fb5da84:192.168.69.102:32878, 0eb142cf-b7a4-42cc-bedf-7b6b824b4e6a:192.168.69.102:43792, 47d72301-684e-48ba-af14-36fa0ba944f7:192.168.69.102:33903], old=null
2019-10-15 21:21:30,357 [436ea7cb-b08f-45a9-ac25-59983fb5da84@group-1135523AB2CE-LeaderElection52] INFO  impl.RaftServerImpl (RaftServerImpl.java:setRole(184)) - 436ea7cb-b08f-45a9-ac25-59983fb5da84@group-1135523AB2CE: changes role from CANDIDATE to FOLLOWER at term 51 for DISCOVERED_A_NEW_TERM
2019-10-15 21:21:30,357 [436ea7cb-b08f-45a9-ac25-59983fb5da84@group-1135523AB2CE-LeaderElection52] INFO  impl.RoleInfo (RoleInfo.java:shutdownLeaderElection(134)) - 436ea7cb-b08f-45a9-ac25-59983fb5da84: shutdown LeaderElection
2019-10-15 21:21:30,357 [436ea7cb-b08f-45a9-ac25-59983fb5da84@group-1135523AB2CE-LeaderElection52] INFO  impl.RoleInfo (RoleInfo.java:updateAndGet(143)) - 436ea7cb-b08f-45a9-ac25-59983fb5da84: start FollowerState
2019-10-15 21:21:30,437 [Thread-903] INFO  impl.FollowerState (FollowerState.java:run(108)) - 436ea7cb-b08f-45a9-ac25-59983fb5da84@group-1135523AB2CE-FollowerState: change to CANDIDATE, lastRpcTime:79ms, electionTimeout:79ms
2019-10-15 21:21:30,437 [Thread-903] INFO  impl.RoleInfo (RoleInfo.java:shutdownFollowerState(121)) - 436ea7cb-b08f-45a9-ac25-59983fb5da84: shutdown FollowerState
2019-10-15 21:21:30,437 [Thread-903] INFO  impl.RaftServerImpl (RaftServerImpl.java:setRole(184)) - 436ea7cb-b08f-45a9-ac25-59983fb5da84@group-1135523AB2CE: changes role from  FOLLOWER to CANDIDATE at term 51 for changeToCandidate
2019-10-15 21:21:30,437 [Thread-903] INFO  impl.RoleInfo (RoleInfo.java:updateAndGet(143)) - 436ea7cb-b08f-45a9-ac25-59983fb5da84: start LeaderElection
2019-10-15 21:21:30,451 [436ea7cb-b08f-45a9-ac25-59983fb5da84@group-1135523AB2CE-LeaderElection53] INFO  impl.LeaderElection (LeaderElection.java:askForVotes(178)) - 436ea7cb-b08f-45a9-ac25-59983fb5da84@group-1135523AB2CE-LeaderElection53: begin an election at term 52 for 0: [436ea7cb-b08f-45a9-ac25-59983fb5da84:192.168.69.102:32878, 0eb142cf-b7a4-42cc-bedf-7b6b824b4e6a:192.168.69.102:43792, 47d72301-684e-48ba-af14-36fa0ba944f7:192.168.69.102:33903], old=null
2019-10-15 21:21:30,454 [grpc-default-executor-2] INFO  impl.RaftServerImpl (RaftServerImpl.java:setRole(184)) - 0eb142cf-b7a4-42cc-bedf-7b6b824b4e6a@group-1135523AB2CE: changes role from  FOLLOWER to FOLLOWER at term 52 for recognizeCandidate:436ea7cb-b08f-45a9-ac25-59983fb5da84
2019-10-15 21:21:30,454 [grpc-default-executor-5] INFO  impl.RaftServerImpl (RaftServerImpl.java:setRole(184)) - 47d72301-684e-48ba-af14-36fa0ba944f7@group-1135523AB2CE: changes role from  FOLLOWER to FOLLOWER at term 52 for recognizeCandidate:436ea7cb-b08f-45a9-ac25-59983fb5da84
2019-10-15 21:21:30,454 [grpc-default-executor-2] INFO  impl.RoleInfo (RoleInfo.java:shutdownFollowerState(121)) - 0eb142cf-b7a4-42cc-bedf-7b6b824b4e6a: shutdown FollowerState
2019-10-15 21:21:30,454 [grpc-default-executor-5] INFO  impl.RoleInfo (RoleInfo.java:shutdownFollowerState(121)) - 47d72301-684e-48ba-af14-36fa0ba944f7: shutdown FollowerState
2019-10-15 21:21:30,454 [Thread-902] INFO  impl.FollowerState (FollowerState.java:run(117)) - 0eb142cf-b7a4-42cc-bedf-7b6b824b4e6a@group-1135523AB2CE-FollowerState was interrupted: java.lang.InterruptedException: sleep interrupted
2019-10-15 21:21:30,454 [grpc-default-executor-2] INFO  impl.RoleInfo (RoleInfo.java:updateAndGet(143)) - 0eb142cf-b7a4-42cc-bedf-7b6b824b4e6a: start FollowerState
2019-10-15 21:21:30,454 [Thread-901] INFO  impl.FollowerState (FollowerState.java:run(117)) - 47d72301-684e-48ba-af14-36fa0ba944f7@group-1135523AB2CE-FollowerState was interrupted: java.lang.InterruptedException: sleep interrupted
2019-10-15 21:21:30,454 [grpc-default-executor-5] INFO  impl.RoleInfo (RoleInfo.java:updateAndGet(143)) - 47d72301-684e-48ba-af14-36fa0ba944f7: start FollowerState
2019-10-15 21:21:30,486 [436ea7cb-b08f-45a9-ac25-59983fb5da84@group-1135523AB2CE-LeaderElection53] INFO  impl.LeaderElection (LeaderElection.java:logAndReturn(56)) - 436ea7cb-b08f-45a9-ac25-59983fb5da84@group-1135523AB2CE-LeaderElection53: Election REJECTED; received 2 response(s) [436ea7cb-b08f-45a9-ac25-59983fb5da84<-0eb142cf-b7a4-42cc-bedf-7b6b824b4e6a#0:FAIL-t52, 436ea7cb-b08f-45a9-ac25-59983fb5da84<-47d72301-684e-48ba-af14-36fa0ba944f7#0:FAIL-t52] and 0 exception(s); 436ea7cb-b08f-45a9-ac25-59983fb5da84@group-1135523AB2CE:t52, leader=null, voted=436ea7cb-b08f-45a9-ac25-59983fb5da84, raftlog=436ea7cb-b08f-45a9-ac25-59983fb5da84@group-1135523AB2CE-SegmentedRaftLog:OPENED:c3,f4,i4, conf=0: [436ea7cb-b08f-45a9-ac25-59983fb5da84:192.168.69.102:32878, 0eb142cf-b7a4-42cc-bedf-7b6b824b4e6a:192.168.69.102:43792, 47d72301-684e-48ba-af14-36fa0ba944f7:192.168.69.102:33903], old=null
2019-10-15 21:21:30,486 [436ea7cb-b08f-45a9-ac25-59983fb5da84@group-1135523AB2CE-LeaderElection53] INFO  impl.RaftServerImpl (RaftServerImpl.java:setRole(184)) - 436ea7cb-b08f-45a9-ac25-59983fb5da84@group-1135523AB2CE: changes role from CANDIDATE to FOLLOWER at term 52 for DISCOVERED_A_NEW_TERM
2019-10-15 21:21:30,487 [436ea7cb-b08f-45a9-ac25-59983fb5da84@group-1135523AB2CE-LeaderElection53] INFO  impl.RoleInfo (RoleInfo.java:shutdownLeaderElection(134)) - 436ea7cb-b08f-45a9-ac25-59983fb5da84: shutdown LeaderElection
2019-10-15 21:21:30,487 [436ea7cb-b08f-45a9-ac25-59983fb5da84@group-1135523AB2CE-LeaderElection53] INFO  impl.RoleInfo (RoleInfo.java:updateAndGet(143)) - 436ea7cb-b08f-45a9-ac25-59983fb5da84: start FollowerState
2019-10-15 21:21:30,632 [Thread-911] INFO  impl.FollowerState (FollowerState.java:run(108)) - 436ea7cb-b08f-45a9-ac25-59983fb5da84@group-1135523AB2CE-FollowerState: change to CANDIDATE, lastRpcTime:145ms, electionTimeout:145ms
2019-10-15 21:21:30,632 [Thread-911] INFO  impl.RoleInfo (RoleInfo.java:shutdownFollowerState(121)) - 436ea7cb-b08f-45a9-ac25-59983fb5da84: shutdown FollowerState
2019-10-15 21:21:30,632 [Thread-911] INFO  impl.RaftServerImpl (RaftServerImpl.java:setRole(184)) - 436ea7cb-b08f-45a9-ac25-59983fb5da84@group-1135523AB2CE: changes role from  FOLLOWER to CANDIDATE at term 52 for changeToCandidate
2019-10-15 21:21:30,633 [Thread-911] INFO  impl.RoleInfo (RoleInfo.java:updateAndGet(143)) - 436ea7cb-b08f-45a9-ac25-59983fb5da84: start LeaderElection
2019-10-15 21:21:30,639 [436ea7cb-b08f-45a9-ac25-59983fb5da84@group-1135523AB2CE-LeaderElection54] INFO  impl.LeaderElection (LeaderElection.java:askForVotes(178)) - 436ea7cb-b08f-45a9-ac25-59983fb5da84@group-1135523AB2CE-LeaderElection54: begin an election at term 53 for 0: [436ea7cb-b08f-45a9-ac25-59983fb5da84:192.168.69.102:32878, 0eb142cf-b7a4-42cc-bedf-7b6b824b4e6a:192.168.69.102:43792, 47d72301-684e-48ba-af14-36fa0ba944f7:192.168.69.102:33903], old=null
2019-10-15 21:21:30,641 [grpc-default-executor-5] INFO  impl.RaftServerImpl (RaftServerImpl.java:setRole(184)) - 47d72301-684e-48ba-af14-36fa0ba944f7@group-1135523AB2CE: changes role from  FOLLOWER to FOLLOWER at term 53 for recognizeCandidate:436ea7cb-b08f-45a9-ac25-59983fb5da84
2019-10-15 21:21:30,641 [grpc-default-executor-2] INFO  impl.RaftServerImpl (RaftServerImpl.java:setRole(184)) - 0eb142cf-b7a4-42cc-bedf-7b6b824b4e6a@group-1135523AB2CE: changes role from  FOLLOWER to FOLLOWER at term 53 for recognizeCandidate:436ea7cb-b08f-45a9-ac25-59983fb5da84
2019-10-15 21:21:30,642 [grpc-default-executor-2] INFO  impl.RoleInfo (RoleInfo.java:shutdownFollowerState(121)) - 0eb142cf-b7a4-42cc-bedf-7b6b824b4e6a: shutdown FollowerState
2019-10-15 21:21:30,642 [grpc-default-executor-5] INFO  impl.RoleInfo (RoleInfo.java:shutdownFollowerState(121)) - 47d72301-684e-48ba-af14-36fa0ba944f7: shutdown FollowerState
2019-10-15 21:21:30,642 [grpc-default-executor-2] INFO  impl.RoleInfo (RoleInfo.java:updateAndGet(143)) - 0eb142cf-b7a4-42cc-bedf-7b6b824b4e6a: start FollowerState
2019-10-15 21:21:30,642 [Thread-909] INFO  impl.FollowerState (FollowerState.java:run(117)) - 0eb142cf-b7a4-42cc-bedf-7b6b824b4e6a@group-1135523AB2CE-FollowerState was interrupted: java.lang.InterruptedException: sleep interrupted
2019-10-15 21:21:30,642 [grpc-default-executor-5] INFO  impl.RoleInfo (RoleInfo.java:updateAndGet(143)) - 47d72301-684e-48ba-af14-36fa0ba944f7: start FollowerState
2019-10-15 21:21:30,642 [Thread-910] INFO  impl.FollowerState (FollowerState.java:run(117)) - 47d72301-684e-48ba-af14-36fa0ba944f7@group-1135523AB2CE-FollowerState was interrupted: java.lang.InterruptedException: sleep interrupted
2019-10-15 21:21:30,666 [436ea7cb-b08f-45a9-ac25-59983fb5da84@group-1135523AB2CE-LeaderElection54] INFO  impl.LeaderElection (LeaderElection.java:logAndReturn(56)) - 436ea7cb-b08f-45a9-ac25-59983fb5da84@group-1135523AB2CE-LeaderElection54: Election REJECTED; received 2 response(s) [436ea7cb-b08f-45a9-ac25-59983fb5da84<-0eb142cf-b7a4-42cc-bedf-7b6b824b4e6a#0:FAIL-t53, 436ea7cb-b08f-45a9-ac25-59983fb5da84<-47d72301-684e-48ba-af14-36fa0ba944f7#0:FAIL-t53] and 0 exception(s); 436ea7cb-b08f-45a9-ac25-59983fb5da84@group-1135523AB2CE:t53, leader=null, voted=436ea7cb-b08f-45a9-ac25-59983fb5da84, raftlog=436ea7cb-b08f-45a9-ac25-59983fb5da84@group-1135523AB2CE-SegmentedRaftLog:OPENED:c3,f4,i4, conf=0: [436ea7cb-b08f-45a9-ac25-59983fb5da84:192.168.69.102:32878, 0eb142cf-b7a4-42cc-bedf-7b6b824b4e6a:192.168.69.102:43792, 47d72301-684e-48ba-af14-36fa0ba944f7:192.168.69.102:33903], old=null
2019-10-15 21:21:30,666 [436ea7cb-b08f-45a9-ac25-59983fb5da84@group-1135523AB2CE-LeaderElection54] INFO  impl.RaftServerImpl (RaftServerImpl.java:setRole(184)) - 436ea7cb-b08f-45a9-ac25-59983fb5da84@group-1135523AB2CE: changes role from CANDIDATE to FOLLOWER at term 53 for DISCOVERED_A_NEW_TERM
2019-10-15 21:21:30,667 [436ea7cb-b08f-45a9-ac25-59983fb5da84@group-1135523AB2CE-LeaderElection54] INFO  impl.RoleInfo (RoleInfo.java:shutdownLeaderElection(134)) - 436ea7cb-b08f-45a9-ac25-59983fb5da84: shutdown LeaderElection
2019-10-15 21:21:30,667 [436ea7cb-b08f-45a9-ac25-59983fb5da84@group-1135523AB2CE-LeaderElection54] INFO  impl.RoleInfo (RoleInfo.java:updateAndGet(143)) - 436ea7cb-b08f-45a9-ac25-59983fb5da84: start FollowerState
2019-10-15 21:21:30,722 [Thread-920] INFO  client.GrpcClientProtocolService (GrpcClientProtocolService.java:lambda$processClientRequest$0(278)) - Failed RaftClientRequest:client-E312EE24CE89->0eb142cf-b7a4-42cc-bedf-7b6b824b4e6a@group-1135523AB2CE, cid=10, seq=0, Watch-ALL_COMMITTED(6), Message:<EMPTY>, reply=RaftClientReply:client-E312EE24CE89->0eb142cf-b7a4-42cc-bedf-7b6b824b4e6a@group-1135523AB2CE, cid=10, FAILED org.apache.ratis.protocol.NotLeaderException: Server 0eb142cf-b7a4-42cc-bedf-7b6b824b4e6a@group-1135523AB2CE is not the leader, logIndex=0, commits[0eb142cf-b7a4-42cc-bedf-7b6b824b4e6a:c10, 436ea7cb-b08f-45a9-ac25-59983fb5da84:c4, 47d72301-684e-48ba-af14-36fa0ba944f7:c10]
2019-10-15 21:21:30,732 [Command processor thread] INFO  commandhandler.DeleteBlocksCommandHandler (DeleteBlocksCommandHandler.java:handle(106)) - Start to delete container blocks, TXIDs=[1(38)], numOfContainers=1, numOfBlocks=1
2019-10-15 21:21:30,787 [Thread-918] INFO  impl.FollowerState (FollowerState.java:run(108)) - 436ea7cb-b08f-45a9-ac25-59983fb5da84@group-1135523AB2CE-FollowerState: change to CANDIDATE, lastRpcTime:120ms, electionTimeout:120ms
2019-10-15 21:21:30,787 [Thread-918] INFO  impl.RoleInfo (RoleInfo.java:shutdownFollowerState(121)) - 436ea7cb-b08f-45a9-ac25-59983fb5da84: shutdown FollowerState
2019-10-15 21:21:30,787 [Thread-918] INFO  impl.RaftServerImpl (RaftServerImpl.java:setRole(184)) - 436ea7cb-b08f-45a9-ac25-59983fb5da84@group-1135523AB2CE: changes role from  FOLLOWER to CANDIDATE at term 53 for changeToCandidate
2019-10-15 21:21:30,787 [Thread-918] INFO  impl.RoleInfo (RoleInfo.java:updateAndGet(143)) - 436ea7cb-b08f-45a9-ac25-59983fb5da84: start LeaderElection
2019-10-15 21:21:30,794 [436ea7cb-b08f-45a9-ac25-59983fb5da84@group-1135523AB2CE-LeaderElection55] INFO  impl.LeaderElection (LeaderElection.java:askForVotes(178)) - 436ea7cb-b08f-45a9-ac25-59983fb5da84@group-1135523AB2CE-LeaderElection55: begin an election at term 54 for 0: [436ea7cb-b08f-45a9-ac25-59983fb5da84:192.168.69.102:32878, 0eb142cf-b7a4-42cc-bedf-7b6b824b4e6a:192.168.69.102:43792, 47d72301-684e-48ba-af14-36fa0ba944f7:192.168.69.102:33903], old=null
2019-10-15 21:21:30,796 [grpc-default-executor-5] INFO  impl.RaftServerImpl (RaftServerImpl.java:setRole(184)) - 47d72301-684e-48ba-af14-36fa0ba944f7@group-1135523AB2CE: changes role from  FOLLOWER to FOLLOWER at term 54 for recognizeCandidate:436ea7cb-b08f-45a9-ac25-59983fb5da84
2019-10-15 21:21:30,796 [grpc-default-executor-2] INFO  impl.RaftServerImpl (RaftServerImpl.java:setRole(184)) - 0eb142cf-b7a4-42cc-bedf-7b6b824b4e6a@group-1135523AB2CE: changes role from  FOLLOWER to FOLLOWER at term 54 for recognizeCandidate:436ea7cb-b08f-45a9-ac25-59983fb5da84
2019-10-15 21:21:30,796 [grpc-default-executor-5] INFO  impl.RoleInfo (RoleInfo.java:shutdownFollowerState(121)) - 47d72301-684e-48ba-af14-36fa0ba944f7: shutdown FollowerState
2019-10-15 21:21:30,796 [grpc-default-executor-2] INFO  impl.RoleInfo (RoleInfo.java:shutdownFollowerState(121)) - 0eb142cf-b7a4-42cc-bedf-7b6b824b4e6a: shutdown FollowerState
2019-10-15 21:21:30,796 [Thread-917] INFO  impl.FollowerState (FollowerState.java:run(117)) - 47d72301-684e-48ba-af14-36fa0ba944f7@group-1135523AB2CE-FollowerState was interrupted: java.lang.InterruptedException: sleep interrupted
2019-10-15 21:21:30,796 [Thread-916] INFO  impl.FollowerState (FollowerState.java:run(117)) - 0eb142cf-b7a4-42cc-bedf-7b6b824b4e6a@group-1135523AB2CE-FollowerState was interrupted: java.lang.InterruptedException: sleep interrupted
2019-10-15 21:21:30,796 [grpc-default-executor-5] INFO  impl.RoleInfo (RoleInfo.java:updateAndGet(143)) - 47d72301-684e-48ba-af14-36fa0ba944f7: start FollowerState
2019-10-15 21:21:30,796 [grpc-default-executor-2] INFO  impl.RoleInfo (RoleInfo.java:updateAndGet(143)) - 0eb142cf-b7a4-42cc-bedf-7b6b824b4e6a: start FollowerState
2019-10-15 21:21:30,821 [436ea7cb-b08f-45a9-ac25-59983fb5da84@group-1135523AB2CE-LeaderElection55] INFO  impl.LeaderElection (LeaderElection.java:logAndReturn(56)) - 436ea7cb-b08f-45a9-ac25-59983fb5da84@group-1135523AB2CE-LeaderElection55: Election REJECTED; received 2 response(s) [436ea7cb-b08f-45a9-ac25-59983fb5da84<-0eb142cf-b7a4-42cc-bedf-7b6b824b4e6a#0:FAIL-t54, 436ea7cb-b08f-45a9-ac25-59983fb5da84<-47d72301-684e-48ba-af14-36fa0ba944f7#0:FAIL-t54] and 0 exception(s); 436ea7cb-b08f-45a9-ac25-59983fb5da84@group-1135523AB2CE:t54, leader=null, voted=436ea7cb-b08f-45a9-ac25-59983fb5da84, raftlog=436ea7cb-b08f-45a9-ac25-59983fb5da84@group-1135523AB2CE-SegmentedRaftLog:OPENED:c3,f4,i4, conf=0: [436ea7cb-b08f-45a9-ac25-59983fb5da84:192.168.69.102:32878, 0eb142cf-b7a4-42cc-bedf-7b6b824b4e6a:192.168.69.102:43792, 47d72301-684e-48ba-af14-36fa0ba944f7:192.168.69.102:33903], old=null
2019-10-15 21:21:30,821 [436ea7cb-b08f-45a9-ac25-59983fb5da84@group-1135523AB2CE-LeaderElection55] INFO  impl.RaftServerImpl (RaftServerImpl.java:setRole(184)) - 436ea7cb-b08f-45a9-ac25-59983fb5da84@group-1135523AB2CE: changes role from CANDIDATE to FOLLOWER at term 54 for DISCOVERED_A_NEW_TERM
2019-10-15 21:21:30,821 [436ea7cb-b08f-45a9-ac25-59983fb5da84@group-1135523AB2CE-LeaderElection55] INFO  impl.RoleInfo (RoleInfo.java:shutdownLeaderElection(134)) - 436ea7cb-b08f-45a9-ac25-59983fb5da84: shutdown LeaderElection
2019-10-15 21:21:30,821 [436ea7cb-b08f-45a9-ac25-59983fb5da84@group-1135523AB2CE-LeaderElection55] INFO  impl.RoleInfo (RoleInfo.java:updateAndGet(143)) - 436ea7cb-b08f-45a9-ac25-59983fb5da84: start FollowerState
2019-10-15 21:21:30,831 [Thread-927] INFO  impl.FollowerState (FollowerState.java:run(108)) - 436ea7cb-b08f-45a9-ac25-59983fb5da84@group-1135523AB2CE-FollowerState: change to CANDIDATE, lastRpcTime:10ms, electionTimeout:10ms
2019-10-15 21:21:30,831 [Thread-927] INFO  impl.RoleInfo (RoleInfo.java:shutdownFollowerState(121)) - 436ea7cb-b08f-45a9-ac25-59983fb5da84: shutdown FollowerState
2019-10-15 21:21:30,831 [Thread-927] INFO  impl.RaftServerImpl (RaftServerImpl.java:setRole(184)) - 436ea7cb-b08f-45a9-ac25-59983fb5da84@group-1135523AB2CE: changes role from  FOLLOWER to CANDIDATE at term 54 for changeToCandidate
2019-10-15 21:21:30,832 [Thread-927] INFO  impl.RoleInfo (RoleInfo.java:updateAndGet(143)) - 436ea7cb-b08f-45a9-ac25-59983fb5da84: start LeaderElection
2019-10-15 21:21:30,855 [436ea7cb-b08f-45a9-ac25-59983fb5da84@group-1135523AB2CE-LeaderElection56] INFO  impl.LeaderElection (LeaderElection.java:askForVotes(178)) - 436ea7cb-b08f-45a9-ac25-59983fb5da84@group-1135523AB2CE-LeaderElection56: begin an election at term 55 for 0: [436ea7cb-b08f-45a9-ac25-59983fb5da84:192.168.69.102:32878, 0eb142cf-b7a4-42cc-bedf-7b6b824b4e6a:192.168.69.102:43792, 47d72301-684e-48ba-af14-36fa0ba944f7:192.168.69.102:33903], old=null
2019-10-15 21:21:30,858 [grpc-default-executor-2] INFO  impl.RaftServerImpl (RaftServerImpl.java:setRole(184)) - 0eb142cf-b7a4-42cc-bedf-7b6b824b4e6a@group-1135523AB2CE: changes role from  FOLLOWER to FOLLOWER at term 55 for recognizeCandidate:436ea7cb-b08f-45a9-ac25-59983fb5da84
2019-10-15 21:21:30,858 [grpc-default-executor-5] INFO  impl.RaftServerImpl (RaftServerImpl.java:setRole(184)) - 47d72301-684e-48ba-af14-36fa0ba944f7@group-1135523AB2CE: changes role from  FOLLOWER to FOLLOWER at term 55 for recognizeCandidate:436ea7cb-b08f-45a9-ac25-59983fb5da84
2019-10-15 21:21:30,859 [grpc-default-executor-2] INFO  impl.RoleInfo (RoleInfo.java:shutdownFollowerState(121)) - 0eb142cf-b7a4-42cc-bedf-7b6b824b4e6a: shutdown FollowerState
2019-10-15 21:21:30,859 [grpc-default-executor-5] INFO  impl.RoleInfo (RoleInfo.java:shutdownFollowerState(121)) - 47d72301-684e-48ba-af14-36fa0ba944f7: shutdown FollowerState
2019-10-15 21:21:30,859 [Thread-926] INFO  impl.FollowerState (FollowerState.java:run(117)) - 0eb142cf-b7a4-42cc-bedf-7b6b824b4e6a@group-1135523AB2CE-FollowerState was interrupted: java.lang.InterruptedException: sleep interrupted
2019-10-15 21:21:30,859 [grpc-default-executor-2] INFO  impl.RoleInfo (RoleInfo.java:updateAndGet(143)) - 0eb142cf-b7a4-42cc-bedf-7b6b824b4e6a: start FollowerState
2019-10-15 21:21:30,859 [Thread-925] INFO  impl.FollowerState (FollowerState.java:run(117)) - 47d72301-684e-48ba-af14-36fa0ba944f7@group-1135523AB2CE-FollowerState was interrupted: java.lang.InterruptedException: sleep interrupted
2019-10-15 21:21:30,859 [grpc-default-executor-5] INFO  impl.RoleInfo (RoleInfo.java:updateAndGet(143)) - 47d72301-684e-48ba-af14-36fa0ba944f7: start FollowerState
2019-10-15 21:21:30,878 [436ea7cb-b08f-45a9-ac25-59983fb5da84@group-1135523AB2CE-LeaderElection56] INFO  impl.LeaderElection (LeaderElection.java:logAndReturn(56)) - 436ea7cb-b08f-45a9-ac25-59983fb5da84@group-1135523AB2CE-LeaderElection56: Election REJECTED; received 2 response(s) [436ea7cb-b08f-45a9-ac25-59983fb5da84<-0eb142cf-b7a4-42cc-bedf-7b6b824b4e6a#0:FAIL-t55, 436ea7cb-b08f-45a9-ac25-59983fb5da84<-47d72301-684e-48ba-af14-36fa0ba944f7#0:FAIL-t55] and 0 exception(s); 436ea7cb-b08f-45a9-ac25-59983fb5da84@group-1135523AB2CE:t55, leader=null, voted=436ea7cb-b08f-45a9-ac25-59983fb5da84, raftlog=436ea7cb-b08f-45a9-ac25-59983fb5da84@group-1135523AB2CE-SegmentedRaftLog:OPENED:c3,f4,i4, conf=0: [436ea7cb-b08f-45a9-ac25-59983fb5da84:192.168.69.102:32878, 0eb142cf-b7a4-42cc-bedf-7b6b824b4e6a:192.168.69.102:43792, 47d72301-684e-48ba-af14-36fa0ba944f7:192.168.69.102:33903], old=null
2019-10-15 21:21:30,879 [436ea7cb-b08f-45a9-ac25-59983fb5da84@group-1135523AB2CE-LeaderElection56] INFO  impl.RaftServerImpl (RaftServerImpl.java:setRole(184)) - 436ea7cb-b08f-45a9-ac25-59983fb5da84@group-1135523AB2CE: changes role from CANDIDATE to FOLLOWER at term 55 for DISCOVERED_A_NEW_TERM
2019-10-15 21:21:30,879 [436ea7cb-b08f-45a9-ac25-59983fb5da84@group-1135523AB2CE-LeaderElection56] INFO  impl.RoleInfo (RoleInfo.java:shutdownLeaderElection(134)) - 436ea7cb-b08f-45a9-ac25-59983fb5da84: shutdown LeaderElection
2019-10-15 21:21:30,879 [436ea7cb-b08f-45a9-ac25-59983fb5da84@group-1135523AB2CE-LeaderElection56] INFO  impl.RoleInfo (RoleInfo.java:updateAndGet(143)) - 436ea7cb-b08f-45a9-ac25-59983fb5da84: start FollowerState
2019-10-15 21:21:30,881 [BlockDeletingService#2] WARN  background.BlockDeletingService (BlockDeletingService.java:isDeletionAllowed(187)) - Close Container log Index 6 is not replicated across allthe servers in the pipeline 2edbc878-18e2-43a0-b08d-1135523ab2ce as the min replicated index is 4. Deletion is not allowed in this container yet.
2019-10-15 21:21:30,881 [BlockDeletingService#2] WARN  background.BlockDeletingService (BlockDeletingService.java:isDeletionAllowed(187)) - Close Container log Index 6 is not replicated across allthe servers in the pipeline 2edbc878-18e2-43a0-b08d-1135523ab2ce as the min replicated index is 4. Deletion is not allowed in this container yet.
2019-10-15 21:21:30,934 [EventQueue-DeleteBlockStatusForEventWatcher$$Lambda$30/637241618] WARN  events.EventWatcher (EventWatcher.java:lambda$start$0(110)) - Completion event without active lease. Id=1571174480715
2019-10-15 21:21:30,934 [EventQueue-DeleteBlockStatusForDeletedBlockLogImpl] WARN  block.DeletedBlockLogImpl (DeletedBlockLogImpl.java:commitTransactions(205)) - Transaction txId=1 commit by dnId=436ea7cb-b08f-45a9-ac25-59983fb5da84 for containerID=#1 failed. Corresponding entry not found.
2019-10-15 21:21:30,942 [Thread-933] INFO  impl.FollowerState (FollowerState.java:run(108)) - 436ea7cb-b08f-45a9-ac25-59983fb5da84@group-1135523AB2CE-FollowerState: change to CANDIDATE, lastRpcTime:63ms, electionTimeout:63ms
2019-10-15 21:21:30,942 [Thread-933] INFO  impl.RoleInfo (RoleInfo.java:shutdownFollowerState(121)) - 436ea7cb-b08f-45a9-ac25-59983fb5da84: shutdown FollowerState
2019-10-15 21:21:30,943 [Thread-933] INFO  impl.RaftServerImpl (RaftServerImpl.java:setRole(184)) - 436ea7cb-b08f-45a9-ac25-59983fb5da84@group-1135523AB2CE: changes role from  FOLLOWER to CANDIDATE at term 55 for changeToCandidate
2019-10-15 21:21:30,943 [Thread-933] INFO  impl.RoleInfo (RoleInfo.java:updateAndGet(143)) - 436ea7cb-b08f-45a9-ac25-59983fb5da84: start LeaderElection
2019-10-15 21:21:30,956 [436ea7cb-b08f-45a9-ac25-59983fb5da84@group-1135523AB2CE-LeaderElection57] INFO  impl.LeaderElection (LeaderElection.java:askForVotes(178)) - 436ea7cb-b08f-45a9-ac25-59983fb5da84@group-1135523AB2CE-LeaderElection57: begin an election at term 56 for 0: [436ea7cb-b08f-45a9-ac25-59983fb5da84:192.168.69.102:32878, 0eb142cf-b7a4-42cc-bedf-7b6b824b4e6a:192.168.69.102:43792, 47d72301-684e-48ba-af14-36fa0ba944f7:192.168.69.102:33903], old=null
2019-10-15 21:21:30,959 [grpc-default-executor-5] INFO  impl.RaftServerImpl (RaftServerImpl.java:setRole(184)) - 0eb142cf-b7a4-42cc-bedf-7b6b824b4e6a@group-1135523AB2CE: changes role from  FOLLOWER to FOLLOWER at term 56 for recognizeCandidate:436ea7cb-b08f-45a9-ac25-59983fb5da84
2019-10-15 21:21:30,959 [grpc-default-executor-5] INFO  impl.RoleInfo (RoleInfo.java:shutdownFollowerState(121)) - 0eb142cf-b7a4-42cc-bedf-7b6b824b4e6a: shutdown FollowerState
2019-10-15 21:21:30,959 [grpc-default-executor-5] INFO  impl.RoleInfo (RoleInfo.java:updateAndGet(143)) - 0eb142cf-b7a4-42cc-bedf-7b6b824b4e6a: start FollowerState
2019-10-15 21:21:30,959 [Thread-931] INFO  impl.FollowerState (FollowerState.java:run(117)) - 0eb142cf-b7a4-42cc-bedf-7b6b824b4e6a@group-1135523AB2CE-FollowerState was interrupted: java.lang.InterruptedException: sleep interrupted
2019-10-15 21:21:30,959 [grpc-default-executor-2] INFO  impl.RaftServerImpl (RaftServerImpl.java:setRole(184)) - 47d72301-684e-48ba-af14-36fa0ba944f7@group-1135523AB2CE: changes role from  FOLLOWER to FOLLOWER at term 56 for recognizeCandidate:436ea7cb-b08f-45a9-ac25-59983fb5da84
2019-10-15 21:21:30,959 [grpc-default-executor-2] INFO  impl.RoleInfo (RoleInfo.java:shutdownFollowerState(121)) - 47d72301-684e-48ba-af14-36fa0ba944f7: shutdown FollowerState
2019-10-15 21:21:30,959 [grpc-default-executor-2] INFO  impl.RoleInfo (RoleInfo.java:updateAndGet(143)) - 47d72301-684e-48ba-af14-36fa0ba944f7: start FollowerState
2019-10-15 21:21:30,959 [Thread-932] INFO  impl.FollowerState (FollowerState.java:run(117)) - 47d72301-684e-48ba-af14-36fa0ba944f7@group-1135523AB2CE-FollowerState was interrupted: java.lang.InterruptedException: sleep interrupted
2019-10-15 21:21:30,984 [436ea7cb-b08f-45a9-ac25-59983fb5da84@group-1135523AB2CE-LeaderElection57] INFO  impl.LeaderElection (LeaderElection.java:logAndReturn(56)) - 436ea7cb-b08f-45a9-ac25-59983fb5da84@group-1135523AB2CE-LeaderElection57: Election REJECTED; received 2 response(s) [436ea7cb-b08f-45a9-ac25-59983fb5da84<-0eb142cf-b7a4-42cc-bedf-7b6b824b4e6a#0:FAIL-t56, 436ea7cb-b08f-45a9-ac25-59983fb5da84<-47d72301-684e-48ba-af14-36fa0ba944f7#0:FAIL-t56] and 0 exception(s); 436ea7cb-b08f-45a9-ac25-59983fb5da84@group-1135523AB2CE:t56, leader=null, voted=436ea7cb-b08f-45a9-ac25-59983fb5da84, raftlog=436ea7cb-b08f-45a9-ac25-59983fb5da84@group-1135523AB2CE-SegmentedRaftLog:OPENED:c3,f4,i4, conf=0: [436ea7cb-b08f-45a9-ac25-59983fb5da84:192.168.69.102:32878, 0eb142cf-b7a4-42cc-bedf-7b6b824b4e6a:192.168.69.102:43792, 47d72301-684e-48ba-af14-36fa0ba944f7:192.168.69.102:33903], old=null
2019-10-15 21:21:30,984 [436ea7cb-b08f-45a9-ac25-59983fb5da84@group-1135523AB2CE-LeaderElection57] INFO  impl.RaftServerImpl (RaftServerImpl.java:setRole(184)) - 436ea7cb-b08f-45a9-ac25-59983fb5da84@group-1135523AB2CE: changes role from CANDIDATE to FOLLOWER at term 56 for DISCOVERED_A_NEW_TERM
2019-10-15 21:21:30,984 [436ea7cb-b08f-45a9-ac25-59983fb5da84@group-1135523AB2CE-LeaderElection57] INFO  impl.RoleInfo (RoleInfo.java:shutdownLeaderElection(134)) - 436ea7cb-b08f-45a9-ac25-59983fb5da84: shutdown LeaderElection
2019-10-15 21:21:30,985 [436ea7cb-b08f-45a9-ac25-59983fb5da84@group-1135523AB2CE-LeaderElection57] INFO  impl.RoleInfo (RoleInfo.java:updateAndGet(143)) - 436ea7cb-b08f-45a9-ac25-59983fb5da84: start FollowerState
2019-10-15 21:21:31,032 [Thread-941] INFO  impl.FollowerState (FollowerState.java:run(108)) - 436ea7cb-b08f-45a9-ac25-59983fb5da84@group-1135523AB2CE-FollowerState: change to CANDIDATE, lastRpcTime:47ms, electionTimeout:47ms
2019-10-15 21:21:31,032 [Thread-941] INFO  impl.RoleInfo (RoleInfo.java:shutdownFollowerState(121)) - 436ea7cb-b08f-45a9-ac25-59983fb5da84: shutdown FollowerState
2019-10-15 21:21:31,032 [Thread-941] INFO  impl.RaftServerImpl (RaftServerImpl.java:setRole(184)) - 436ea7cb-b08f-45a9-ac25-59983fb5da84@group-1135523AB2CE: changes role from  FOLLOWER to CANDIDATE at term 56 for changeToCandidate
2019-10-15 21:21:31,032 [Thread-941] INFO  impl.RoleInfo (RoleInfo.java:updateAndGet(143)) - 436ea7cb-b08f-45a9-ac25-59983fb5da84: start LeaderElection
2019-10-15 21:21:31,047 [436ea7cb-b08f-45a9-ac25-59983fb5da84@group-1135523AB2CE-LeaderElection58] INFO  impl.LeaderElection (LeaderElection.java:askForVotes(178)) - 436ea7cb-b08f-45a9-ac25-59983fb5da84@group-1135523AB2CE-LeaderElection58: begin an election at term 57 for 0: [436ea7cb-b08f-45a9-ac25-59983fb5da84:192.168.69.102:32878, 0eb142cf-b7a4-42cc-bedf-7b6b824b4e6a:192.168.69.102:43792, 47d72301-684e-48ba-af14-36fa0ba944f7:192.168.69.102:33903], old=null
2019-10-15 21:21:31,049 [grpc-default-executor-5] INFO  impl.RaftServerImpl (RaftServerImpl.java:setRole(184)) - 47d72301-684e-48ba-af14-36fa0ba944f7@group-1135523AB2CE: changes role from  FOLLOWER to FOLLOWER at term 57 for recognizeCandidate:436ea7cb-b08f-45a9-ac25-59983fb5da84
2019-10-15 21:21:31,049 [grpc-default-executor-2] INFO  impl.RaftServerImpl (RaftServerImpl.java:setRole(184)) - 0eb142cf-b7a4-42cc-bedf-7b6b824b4e6a@group-1135523AB2CE: changes role from  FOLLOWER to FOLLOWER at term 57 for recognizeCandidate:436ea7cb-b08f-45a9-ac25-59983fb5da84
2019-10-15 21:21:31,049 [grpc-default-executor-5] INFO  impl.RoleInfo (RoleInfo.java:shutdownFollowerState(121)) - 47d72301-684e-48ba-af14-36fa0ba944f7: shutdown FollowerState
2019-10-15 21:21:31,049 [grpc-default-executor-2] INFO  impl.RoleInfo (RoleInfo.java:shutdownFollowerState(121)) - 0eb142cf-b7a4-42cc-bedf-7b6b824b4e6a: shutdown FollowerState
2019-10-15 21:21:31,049 [Thread-940] INFO  impl.FollowerState (FollowerState.java:run(117)) - 47d72301-684e-48ba-af14-36fa0ba944f7@group-1135523AB2CE-FollowerState was interrupted: java.lang.InterruptedException: sleep interrupted
2019-10-15 21:21:31,049 [grpc-default-executor-5] INFO  impl.RoleInfo (RoleInfo.java:updateAndGet(143)) - 47d72301-684e-48ba-af14-36fa0ba944f7: start FollowerState
2019-10-15 21:21:31,049 [Thread-939] INFO  impl.FollowerState (FollowerState.java:run(117)) - 0eb142cf-b7a4-42cc-bedf-7b6b824b4e6a@group-1135523AB2CE-FollowerState was interrupted: java.lang.InterruptedException: sleep interrupted
2019-10-15 21:21:31,049 [grpc-default-executor-2] INFO  impl.RoleInfo (RoleInfo.java:updateAndGet(143)) - 0eb142cf-b7a4-42cc-bedf-7b6b824b4e6a: start FollowerState
2019-10-15 21:21:31,075 [436ea7cb-b08f-45a9-ac25-59983fb5da84@group-1135523AB2CE-LeaderElection58] INFO  impl.LeaderElection (LeaderElection.java:logAndReturn(56)) - 436ea7cb-b08f-45a9-ac25-59983fb5da84@group-1135523AB2CE-LeaderElection58: Election REJECTED; received 2 response(s) [436ea7cb-b08f-45a9-ac25-59983fb5da84<-0eb142cf-b7a4-42cc-bedf-7b6b824b4e6a#0:FAIL-t57, 436ea7cb-b08f-45a9-ac25-59983fb5da84<-47d72301-684e-48ba-af14-36fa0ba944f7#0:FAIL-t57] and 0 exception(s); 436ea7cb-b08f-45a9-ac25-59983fb5da84@group-1135523AB2CE:t57, leader=null, voted=436ea7cb-b08f-45a9-ac25-59983fb5da84, raftlog=436ea7cb-b08f-45a9-ac25-59983fb5da84@group-1135523AB2CE-SegmentedRaftLog:OPENED:c3,f4,i4, conf=0: [436ea7cb-b08f-45a9-ac25-59983fb5da84:192.168.69.102:32878, 0eb142cf-b7a4-42cc-bedf-7b6b824b4e6a:192.168.69.102:43792, 47d72301-684e-48ba-af14-36fa0ba944f7:192.168.69.102:33903], old=null
2019-10-15 21:21:31,075 [436ea7cb-b08f-45a9-ac25-59983fb5da84@group-1135523AB2CE-LeaderElection58] INFO  impl.RaftServerImpl (RaftServerImpl.java:setRole(184)) - 436ea7cb-b08f-45a9-ac25-59983fb5da84@group-1135523AB2CE: changes role from CANDIDATE to FOLLOWER at term 57 for DISCOVERED_A_NEW_TERM
2019-10-15 21:21:31,075 [436ea7cb-b08f-45a9-ac25-59983fb5da84@group-1135523AB2CE-LeaderElection58] INFO  impl.RoleInfo (RoleInfo.java:shutdownLeaderElection(134)) - 436ea7cb-b08f-45a9-ac25-59983fb5da84: shutdown LeaderElection
2019-10-15 21:21:31,076 [436ea7cb-b08f-45a9-ac25-59983fb5da84@group-1135523AB2CE-LeaderElection58] INFO  impl.RoleInfo (RoleInfo.java:updateAndGet(143)) - 436ea7cb-b08f-45a9-ac25-59983fb5da84: start FollowerState
2019-10-15 21:21:31,276 [Thread-947] INFO  impl.FollowerState (FollowerState.java:run(108)) - 436ea7cb-b08f-45a9-ac25-59983fb5da84@group-1135523AB2CE-FollowerState: change to CANDIDATE, lastRpcTime:200ms, electionTimeout:200ms
2019-10-15 21:21:31,276 [Thread-947] INFO  impl.RoleInfo (RoleInfo.java:shutdownFollowerState(121)) - 436ea7cb-b08f-45a9-ac25-59983fb5da84: shutdown FollowerState
2019-10-15 21:21:31,276 [Thread-947] INFO  impl.RaftServerImpl (RaftServerImpl.java:setRole(184)) - 436ea7cb-b08f-45a9-ac25-59983fb5da84@group-1135523AB2CE: changes role from  FOLLOWER to CANDIDATE at term 57 for changeToCandidate
2019-10-15 21:21:31,276 [Thread-947] INFO  impl.RoleInfo (RoleInfo.java:updateAndGet(143)) - 436ea7cb-b08f-45a9-ac25-59983fb5da84: start LeaderElection
2019-10-15 21:21:31,303 [436ea7cb-b08f-45a9-ac25-59983fb5da84@group-1135523AB2CE-LeaderElection59] INFO  impl.LeaderElection (LeaderElection.java:askForVotes(178)) - 436ea7cb-b08f-45a9-ac25-59983fb5da84@group-1135523AB2CE-LeaderElection59: begin an election at term 58 for 0: [436ea7cb-b08f-45a9-ac25-59983fb5da84:192.168.69.102:32878, 0eb142cf-b7a4-42cc-bedf-7b6b824b4e6a:192.168.69.102:43792, 47d72301-684e-48ba-af14-36fa0ba944f7:192.168.69.102:33903], old=null
2019-10-15 21:21:31,306 [grpc-default-executor-2] INFO  impl.RaftServerImpl (RaftServerImpl.java:setRole(184)) - 47d72301-684e-48ba-af14-36fa0ba944f7@group-1135523AB2CE: changes role from  FOLLOWER to FOLLOWER at term 58 for recognizeCandidate:436ea7cb-b08f-45a9-ac25-59983fb5da84
2019-10-15 21:21:31,306 [grpc-default-executor-5] INFO  impl.RaftServerImpl (RaftServerImpl.java:setRole(184)) - 0eb142cf-b7a4-42cc-bedf-7b6b824b4e6a@group-1135523AB2CE: changes role from  FOLLOWER to FOLLOWER at term 58 for recognizeCandidate:436ea7cb-b08f-45a9-ac25-59983fb5da84
2019-10-15 21:21:31,306 [grpc-default-executor-2] INFO  impl.RoleInfo (RoleInfo.java:shutdownFollowerState(121)) - 47d72301-684e-48ba-af14-36fa0ba944f7: shutdown FollowerState
2019-10-15 21:21:31,306 [grpc-default-executor-5] INFO  impl.RoleInfo (RoleInfo.java:shutdownFollowerState(121)) - 0eb142cf-b7a4-42cc-bedf-7b6b824b4e6a: shutdown FollowerState
2019-10-15 21:21:31,306 [Thread-945] INFO  impl.FollowerState (FollowerState.java:run(117)) - 47d72301-684e-48ba-af14-36fa0ba944f7@group-1135523AB2CE-FollowerState was interrupted: java.lang.InterruptedException: sleep interrupted
2019-10-15 21:21:31,306 [grpc-default-executor-2] INFO  impl.RoleInfo (RoleInfo.java:updateAndGet(143)) - 47d72301-684e-48ba-af14-36fa0ba944f7: start FollowerState
2019-10-15 21:21:31,306 [Thread-946] INFO  impl.FollowerState (FollowerState.java:run(117)) - 0eb142cf-b7a4-42cc-bedf-7b6b824b4e6a@group-1135523AB2CE-FollowerState was interrupted: java.lang.InterruptedException: sleep interrupted
2019-10-15 21:21:31,306 [grpc-default-executor-5] INFO  impl.RoleInfo (RoleInfo.java:updateAndGet(143)) - 0eb142cf-b7a4-42cc-bedf-7b6b824b4e6a: start FollowerState
2019-10-15 21:21:31,335 [436ea7cb-b08f-45a9-ac25-59983fb5da84@group-1135523AB2CE-LeaderElection59] INFO  impl.LeaderElection (LeaderElection.java:logAndReturn(56)) - 436ea7cb-b08f-45a9-ac25-59983fb5da84@group-1135523AB2CE-LeaderElection59: Election TIMEOUT; received 0 response(s) [] and 0 exception(s); 436ea7cb-b08f-45a9-ac25-59983fb5da84@group-1135523AB2CE:t58, leader=null, voted=436ea7cb-b08f-45a9-ac25-59983fb5da84, raftlog=436ea7cb-b08f-45a9-ac25-59983fb5da84@group-1135523AB2CE-SegmentedRaftLog:OPENED:c3,f4,i4, conf=0: [436ea7cb-b08f-45a9-ac25-59983fb5da84:192.168.69.102:32878, 0eb142cf-b7a4-42cc-bedf-7b6b824b4e6a:192.168.69.102:43792, 47d72301-684e-48ba-af14-36fa0ba944f7:192.168.69.102:33903], old=null
2019-10-15 21:21:31,344 [436ea7cb-b08f-45a9-ac25-59983fb5da84@group-1135523AB2CE-LeaderElection59] INFO  impl.LeaderElection (LeaderElection.java:askForVotes(178)) - 436ea7cb-b08f-45a9-ac25-59983fb5da84@group-1135523AB2CE-LeaderElection59: begin an election at term 59 for 0: [436ea7cb-b08f-45a9-ac25-59983fb5da84:192.168.69.102:32878, 0eb142cf-b7a4-42cc-bedf-7b6b824b4e6a:192.168.69.102:43792, 47d72301-684e-48ba-af14-36fa0ba944f7:192.168.69.102:33903], old=null
2019-10-15 21:21:31,347 [grpc-default-executor-2] INFO  impl.RaftServerImpl (RaftServerImpl.java:setRole(184)) - 0eb142cf-b7a4-42cc-bedf-7b6b824b4e6a@group-1135523AB2CE: changes role from  FOLLOWER to FOLLOWER at term 59 for recognizeCandidate:436ea7cb-b08f-45a9-ac25-59983fb5da84
2019-10-15 21:21:31,347 [grpc-default-executor-5] INFO  impl.RaftServerImpl (RaftServerImpl.java:setRole(184)) - 47d72301-684e-48ba-af14-36fa0ba944f7@group-1135523AB2CE: changes role from  FOLLOWER to FOLLOWER at term 59 for recognizeCandidate:436ea7cb-b08f-45a9-ac25-59983fb5da84
2019-10-15 21:21:31,347 [grpc-default-executor-2] INFO  impl.RoleInfo (RoleInfo.java:shutdownFollowerState(121)) - 0eb142cf-b7a4-42cc-bedf-7b6b824b4e6a: shutdown FollowerState
2019-10-15 21:21:31,348 [grpc-default-executor-5] INFO  impl.RoleInfo (RoleInfo.java:shutdownFollowerState(121)) - 47d72301-684e-48ba-af14-36fa0ba944f7: shutdown FollowerState
2019-10-15 21:21:31,348 [grpc-default-executor-2] INFO  impl.RoleInfo (RoleInfo.java:updateAndGet(143)) - 0eb142cf-b7a4-42cc-bedf-7b6b824b4e6a: start FollowerState
2019-10-15 21:21:31,348 [Thread-951] INFO  impl.FollowerState (FollowerState.java:run(117)) - 47d72301-684e-48ba-af14-36fa0ba944f7@group-1135523AB2CE-FollowerState was interrupted: java.lang.InterruptedException: sleep interrupted
2019-10-15 21:21:31,348 [grpc-default-executor-5] INFO  impl.RoleInfo (RoleInfo.java:updateAndGet(143)) - 47d72301-684e-48ba-af14-36fa0ba944f7: start FollowerState
2019-10-15 21:21:31,348 [Thread-952] INFO  impl.FollowerState (FollowerState.java:run(117)) - 0eb142cf-b7a4-42cc-bedf-7b6b824b4e6a@group-1135523AB2CE-FollowerState was interrupted: java.lang.InterruptedException: sleep interrupted
2019-10-15 21:21:31,385 [436ea7cb-b08f-45a9-ac25-59983fb5da84@group-1135523AB2CE-LeaderElection59] INFO  impl.LeaderElection (LeaderElection.java:logAndReturn(56)) - 436ea7cb-b08f-45a9-ac25-59983fb5da84@group-1135523AB2CE-LeaderElection59: Election REJECTED; received 2 response(s) [436ea7cb-b08f-45a9-ac25-59983fb5da84<-0eb142cf-b7a4-42cc-bedf-7b6b824b4e6a#0:FAIL-t59, 436ea7cb-b08f-45a9-ac25-59983fb5da84<-47d72301-684e-48ba-af14-36fa0ba944f7#0:FAIL-t59] and 0 exception(s); 436ea7cb-b08f-45a9-ac25-59983fb5da84@group-1135523AB2CE:t59, leader=null, voted=436ea7cb-b08f-45a9-ac25-59983fb5da84, raftlog=436ea7cb-b08f-45a9-ac25-59983fb5da84@group-1135523AB2CE-SegmentedRaftLog:OPENED:c3,f4,i4, conf=0: [436ea7cb-b08f-45a9-ac25-59983fb5da84:192.168.69.102:32878, 0eb142cf-b7a4-42cc-bedf-7b6b824b4e6a:192.168.69.102:43792, 47d72301-684e-48ba-af14-36fa0ba944f7:192.168.69.102:33903], old=null
2019-10-15 21:21:31,385 [436ea7cb-b08f-45a9-ac25-59983fb5da84@group-1135523AB2CE-LeaderElection59] INFO  impl.RaftServerImpl (RaftServerImpl.java:setRole(184)) - 436ea7cb-b08f-45a9-ac25-59983fb5da84@group-1135523AB2CE: changes role from CANDIDATE to FOLLOWER at term 59 for DISCOVERED_A_NEW_TERM
2019-10-15 21:21:31,385 [436ea7cb-b08f-45a9-ac25-59983fb5da84@group-1135523AB2CE-LeaderElection59] INFO  impl.RoleInfo (RoleInfo.java:shutdownLeaderElection(134)) - 436ea7cb-b08f-45a9-ac25-59983fb5da84: shutdown LeaderElection
2019-10-15 21:21:31,385 [436ea7cb-b08f-45a9-ac25-59983fb5da84@group-1135523AB2CE-LeaderElection59] INFO  impl.RoleInfo (RoleInfo.java:updateAndGet(143)) - 436ea7cb-b08f-45a9-ac25-59983fb5da84: start FollowerState
]]></system-out>
    <system-err><![CDATA[ERROR StatusLogger No Log4j 2 configuration file found. Using default configuration (logging only errors to the console), or user programmatically provided configurations. Set system property 'log4j2.debug' to show Log4j 2 internal initialization logging. See https://logging.apache.org/log4j/2.x/manual/configuration.html for instructions on how to configure Log4j 2
Oct 15, 2019 9:19:45 PM org.apache.ratis.thirdparty.io.grpc.internal.SerializingExecutor run
SEVERE: Exception while executing runnable org.apache.ratis.thirdparty.io.grpc.internal.ServerImpl$JumpToApplicationThreadServerStreamListener$1Closed@4ced8473
org.apache.ratis.thirdparty.io.grpc.StatusRuntimeException: CANCELLED: call already cancelled
	at org.apache.ratis.thirdparty.io.grpc.Status.asRuntimeException(Status.java:517)
	at org.apache.ratis.thirdparty.io.grpc.stub.ServerCalls$ServerCallStreamObserverImpl.onCompleted(ServerCalls.java:356)
	at org.apache.ratis.grpc.server.GrpcServerProtocolService$ServerRequestStreamObserver.onError(GrpcServerProtocolService.java:121)
	at org.apache.ratis.thirdparty.io.grpc.stub.ServerCalls$StreamingServerCallHandler$StreamingServerCallListener.onCancel(ServerCalls.java:269)
	at org.apache.ratis.thirdparty.io.grpc.internal.ServerCallImpl$ServerStreamListenerImpl.closed(ServerCallImpl.java:293)
	at org.apache.ratis.thirdparty.io.grpc.internal.ServerImpl$JumpToApplicationThreadServerStreamListener$1Closed.runInContext(ServerImpl.java:741)
	at org.apache.ratis.thirdparty.io.grpc.internal.ContextRunnable.run(ContextRunnable.java:37)
	at org.apache.ratis.thirdparty.io.grpc.internal.SerializingExecutor.run(SerializingExecutor.java:123)
	at java.util.concurrent.ThreadPoolExecutor.runWorker(ThreadPoolExecutor.java:1149)
	at java.util.concurrent.ThreadPoolExecutor$Worker.run(ThreadPoolExecutor.java:624)
	at java.lang.Thread.run(Thread.java:748)

Oct 15, 2019 9:19:45 PM org.apache.ratis.thirdparty.io.grpc.internal.SerializingExecutor run
SEVERE: Exception while executing runnable org.apache.ratis.thirdparty.io.grpc.internal.ClientCallImpl$ClientStreamListenerImpl$1StreamClosed@7cb31ddc
java.lang.NullPointerException
	at org.apache.ratis.grpc.server.GrpcLogAppender$AppendLogResponseHandler.onError(GrpcLogAppender.java:303)
	at org.apache.ratis.thirdparty.io.grpc.stub.ClientCalls$StreamObserverToCallListenerAdapter.onClose(ClientCalls.java:434)
	at org.apache.ratis.thirdparty.io.grpc.PartialForwardingClientCallListener.onClose(PartialForwardingClientCallListener.java:39)
	at org.apache.ratis.thirdparty.io.grpc.ForwardingClientCallListener.onClose(ForwardingClientCallListener.java:23)
	at org.apache.ratis.thirdparty.io.grpc.ForwardingClientCallListener$SimpleForwardingClientCallListener.onClose(ForwardingClientCallListener.java:40)
	at org.apache.ratis.thirdparty.io.grpc.internal.CensusStatsModule$StatsClientInterceptor$1$1.onClose(CensusStatsModule.java:678)
	at org.apache.ratis.thirdparty.io.grpc.PartialForwardingClientCallListener.onClose(PartialForwardingClientCallListener.java:39)
	at org.apache.ratis.thirdparty.io.grpc.ForwardingClientCallListener.onClose(ForwardingClientCallListener.java:23)
	at org.apache.ratis.thirdparty.io.grpc.ForwardingClientCallListener$SimpleForwardingClientCallListener.onClose(ForwardingClientCallListener.java:40)
	at org.apache.ratis.thirdparty.io.grpc.internal.CensusTracingModule$TracingClientInterceptor$1$1.onClose(CensusTracingModule.java:397)
	at org.apache.ratis.thirdparty.io.grpc.internal.ClientCallImpl.closeObserver(ClientCallImpl.java:459)
	at org.apache.ratis.thirdparty.io.grpc.internal.ClientCallImpl.access$300(ClientCallImpl.java:63)
	at org.apache.ratis.thirdparty.io.grpc.internal.ClientCallImpl$ClientStreamListenerImpl.close(ClientCallImpl.java:546)
	at org.apache.ratis.thirdparty.io.grpc.internal.ClientCallImpl$ClientStreamListenerImpl.access$600(ClientCallImpl.java:467)
	at org.apache.ratis.thirdparty.io.grpc.internal.ClientCallImpl$ClientStreamListenerImpl$1StreamClosed.runInContext(ClientCallImpl.java:584)
	at org.apache.ratis.thirdparty.io.grpc.internal.ContextRunnable.run(ContextRunnable.java:37)
	at org.apache.ratis.thirdparty.io.grpc.internal.SerializingExecutor.run(SerializingExecutor.java:123)
	at java.util.concurrent.ThreadPoolExecutor.runWorker(ThreadPoolExecutor.java:1149)
	at java.util.concurrent.ThreadPoolExecutor$Worker.run(ThreadPoolExecutor.java:624)
	at java.lang.Thread.run(Thread.java:748)

]]></system-err>
  </testcase>
</testsuite>