<?xml version="1.0" encoding="UTF-8"?>
<testsuite xmlns:xsi="http://www.w3.org/2001/XMLSchema-instance" xsi:noNamespaceSchemaLocation="https://maven.apache.org/surefire/maven-surefire-plugin/xsd/surefire-test-report.xsd" name="org.apache.hadoop.ozone.client.rpc.TestFailureHandlingByClient" time="281.299" tests="5" errors="0" skipped="0" failures="1">
  <properties>
    <property name="awt.toolkit" value="sun.awt.X11.XToolkit"/>
    <property name="file.encoding.pkg" value="sun.io"/>
    <property name="java.specification.version" value="1.8"/>
    <property name="sun.cpu.isalist" value=""/>
    <property name="sun.jnu.encoding" value="ANSI_X3.4-1968"/>
    <property name="java.class.path" value="/workdir/hadoop-ozone/integration-test/target/test-classes:/workdir/hadoop-ozone/integration-test/target/classes:/home/user/.m2/repository/org/apache/hadoop/hadoop-ozone-common/0.5.0-SNAPSHOT/hadoop-ozone-common-0.5.0-SNAPSHOT.jar:/home/user/.m2/repository/org/apache/commons/commons-compress/1.4.1/commons-compress-1.4.1.jar:/home/user/.m2/repository/org/tukaani/xz/1.0/xz-1.0.jar:/home/user/.m2/repository/org/apache/hadoop/hadoop-common/3.2.0/hadoop-common-3.2.0.jar:/home/user/.m2/repository/org/apache/hadoop/hadoop-hdfs/3.2.0/hadoop-hdfs-3.2.0.jar:/home/user/.m2/repository/org/apache/hadoop/hadoop-hdfs-client/3.2.0/hadoop-hdfs-client-3.2.0.jar:/home/user/.m2/repository/com/fasterxml/jackson/core/jackson-annotations/2.9.9/jackson-annotations-2.9.9.jar:/home/user/.m2/repository/org/apache/hadoop/hadoop-hdds-common/0.5.0-SNAPSHOT/hadoop-hdds-common-0.5.0-SNAPSHOT.jar:/home/user/.m2/repository/javax/annotation/javax.annotation-api/1.2/javax.annotation-api-1.2.jar:/home/user/.m2/repository/org/apache/ratis/ratis-server/0.5.0-3f446aa-SNAPSHOT/ratis-server-0.5.0-3f446aa-SNAPSHOT.jar:/home/user/.m2/repository/org/apache/ratis/ratis-thirdparty-misc/0.2.0/ratis-thirdparty-misc-0.2.0.jar:/home/user/.m2/repository/org/apache/ratis/ratis-proto/0.5.0-3f446aa-SNAPSHOT/ratis-proto-0.5.0-3f446aa-SNAPSHOT.jar:/home/user/.m2/repository/org/apache/ratis/ratis-common/0.5.0-3f446aa-SNAPSHOT/ratis-common-0.5.0-3f446aa-SNAPSHOT.jar:/home/user/.m2/repository/org/apache/ratis/ratis-client/0.5.0-3f446aa-SNAPSHOT/ratis-client-0.5.0-3f446aa-SNAPSHOT.jar:/home/user/.m2/repository/org/apache/ratis/ratis-metrics/0.5.0-3f446aa-SNAPSHOT/ratis-metrics-0.5.0-3f446aa-SNAPSHOT.jar:/home/user/.m2/repository/com/github/joshelser/dropwizard-metrics-hadoop-metrics2-reporter/0.1.2/dropwizard-metrics-hadoop-metrics2-reporter-0.1.2.jar:/home/user/.m2/repository/io/dropwizard/metrics/metrics-jvm/3.2.5/metrics-jvm-3.2.5.jar:/home/user/.m2/repository/io/dropwizard/metrics/metrics-ganglia/3.2.5/metrics-ganglia-3.2.5.jar:/home/user/.m2/repository/info/ganglia/gmetric4j/gmetric4j/1.0.7/gmetric4j-1.0.7.jar:/home/user/.m2/repository/org/apache/ratis/ratis-netty/0.5.0-3f446aa-SNAPSHOT/ratis-netty-0.5.0-3f446aa-SNAPSHOT.jar:/home/user/.m2/repository/org/apache/ratis/ratis-grpc/0.5.0-3f446aa-SNAPSHOT/ratis-grpc-0.5.0-3f446aa-SNAPSHOT.jar:/home/user/.m2/repository/org/rocksdb/rocksdbjni/6.0.1/rocksdbjni-6.0.1.jar:/home/user/.m2/repository/org/apache/logging/log4j/log4j-api/2.11.0/log4j-api-2.11.0.jar:/home/user/.m2/repository/org/apache/logging/log4j/log4j-core/2.11.0/log4j-core-2.11.0.jar:/home/user/.m2/repository/com/lmax/disruptor/3.4.2/disruptor-3.4.2.jar:/home/user/.m2/repository/org/apache/commons/commons-pool2/2.6.0/commons-pool2-2.6.0.jar:/home/user/.m2/repository/org/bouncycastle/bcpkix-jdk15on/1.60/bcpkix-jdk15on-1.60.jar:/home/user/.m2/repository/commons-validator/commons-validator/1.6/commons-validator-1.6.jar:/home/user/.m2/repository/commons-digester/commons-digester/1.8.1/commons-digester-1.8.1.jar:/home/user/.m2/repository/io/jaegertracing/jaeger-client/0.34.0/jaeger-client-0.34.0.jar:/home/user/.m2/repository/io/jaegertracing/jaeger-thrift/0.34.0/jaeger-thrift-0.34.0.jar:/home/user/.m2/repository/org/apache/thrift/libthrift/0.12.0/libthrift-0.12.0.jar:/home/user/.m2/repository/com/squareup/okhttp3/okhttp/3.9.0/okhttp-3.9.0.jar:/home/user/.m2/repository/com/squareup/okio/okio/1.13.0/okio-1.13.0.jar:/home/user/.m2/repository/io/jaegertracing/jaeger-core/0.34.0/jaeger-core-0.34.0.jar:/home/user/.m2/repository/io/jaegertracing/jaeger-tracerresolver/0.34.0/jaeger-tracerresolver-0.34.0.jar:/home/user/.m2/repository/io/opentracing/contrib/opentracing-tracerresolver/0.1.5/opentracing-tracerresolver-0.1.5.jar:/home/user/.m2/repository/io/opentracing/opentracing-util/0.31.0/opentracing-util-0.31.0.jar:/home/user/.m2/repository/io/opentracing/opentracing-api/0.31.0/opentracing-api-0.31.0.jar:/home/user/.m2/repository/io/opentracing/opentracing-noop/0.31.0/opentracing-noop-0.31.0.jar:/home/user/.m2/repository/org/apache/hadoop/hadoop-hdds-server-framework/0.5.0-SNAPSHOT/hadoop-hdds-server-framework-0.5.0-SNAPSHOT.jar:/home/user/.m2/repository/org/apache/hadoop/hadoop-hdds-container-service/0.5.0-SNAPSHOT/hadoop-hdds-container-service-0.5.0-SNAPSHOT.jar:/home/user/.m2/repository/org/apache/hadoop/hadoop-hdds-client/0.5.0-SNAPSHOT/hadoop-hdds-client-0.5.0-SNAPSHOT.jar:/home/user/.m2/repository/org/apache/hadoop/hadoop-hdds-tools/0.5.0-SNAPSHOT/hadoop-hdds-tools-0.5.0-SNAPSHOT.jar:/home/user/.m2/repository/org/apache/hadoop/hadoop-hdds-server-scm/0.5.0-SNAPSHOT/hadoop-hdds-server-scm-0.5.0-SNAPSHOT.jar:/home/user/.m2/repository/org/apache/hadoop/hadoop-hdds-docs/0.5.0-SNAPSHOT/hadoop-hdds-docs-0.5.0-SNAPSHOT.jar:/home/user/.m2/repository/io/dropwizard/metrics/metrics-core/3.2.4/metrics-core-3.2.4.jar:/home/user/.m2/repository/org/hamcrest/hamcrest-all/1.3/hamcrest-all-1.3.jar:/home/user/.m2/repository/org/bouncycastle/bcprov-jdk15on/1.60/bcprov-jdk15on-1.60.jar:/home/user/.m2/repository/info/picocli/picocli/3.9.6/picocli-3.9.6.jar:/home/user/.m2/repository/com/google/protobuf/protobuf-java/2.5.0/protobuf-java-2.5.0.jar:/home/user/.m2/repository/com/google/guava/guava/11.0.2/guava-11.0.2.jar:/home/user/.m2/repository/org/apache/hadoop/hadoop-ozone-ozone-manager/0.5.0-SNAPSHOT/hadoop-ozone-ozone-manager-0.5.0-SNAPSHOT.jar:/home/user/.m2/repository/org/apache/hadoop/hadoop-minikdc/3.2.0/hadoop-minikdc-3.2.0.jar:/home/user/.m2/repository/commons-io/commons-io/2.5/commons-io-2.5.jar:/home/user/.m2/repository/org/apache/kerby/kerb-simplekdc/1.0.1/kerb-simplekdc-1.0.1.jar:/home/user/.m2/repository/org/apache/kerby/kerb-client/1.0.1/kerb-client-1.0.1.jar:/home/user/.m2/repository/org/apache/kerby/kerby-config/1.0.1/kerby-config-1.0.1.jar:/home/user/.m2/repository/org/apache/kerby/kerb-core/1.0.1/kerb-core-1.0.1.jar:/home/user/.m2/repository/org/apache/kerby/kerby-pkix/1.0.1/kerby-pkix-1.0.1.jar:/home/user/.m2/repository/org/apache/kerby/kerby-asn1/1.0.1/kerby-asn1-1.0.1.jar:/home/user/.m2/repository/org/apache/kerby/kerby-util/1.0.1/kerby-util-1.0.1.jar:/home/user/.m2/repository/org/apache/kerby/kerb-common/1.0.1/kerb-common-1.0.1.jar:/home/user/.m2/repository/org/apache/kerby/kerb-crypto/1.0.1/kerb-crypto-1.0.1.jar:/home/user/.m2/repository/org/apache/kerby/kerb-util/1.0.1/kerb-util-1.0.1.jar:/home/user/.m2/repository/org/apache/kerby/token-provider/1.0.1/token-provider-1.0.1.jar:/home/user/.m2/repository/org/apache/kerby/kerb-admin/1.0.1/kerb-admin-1.0.1.jar:/home/user/.m2/repository/org/apache/kerby/kerb-server/1.0.1/kerb-server-1.0.1.jar:/home/user/.m2/repository/org/apache/kerby/kerb-identity/1.0.1/kerb-identity-1.0.1.jar:/home/user/.m2/repository/org/apache/kerby/kerby-xdr/1.0.1/kerby-xdr-1.0.1.jar:/home/user/.m2/repository/org/slf4j/slf4j-log4j12/1.7.25/slf4j-log4j12-1.7.25.jar:/home/user/.m2/repository/org/apache/hadoop/hadoop-ozone-s3gateway/0.5.0-SNAPSHOT/hadoop-ozone-s3gateway-0.5.0-SNAPSHOT.jar:/home/user/.m2/repository/org/jboss/weld/servlet/weld-servlet/2.4.7.Final/weld-servlet-2.4.7.Final.jar:/home/user/.m2/repository/org/glassfish/jersey/containers/jersey-container-servlet-core/2.27/jersey-container-servlet-core-2.27.jar:/home/user/.m2/repository/org/glassfish/hk2/external/javax.inject/2.5.0-b42/javax.inject-2.5.0-b42.jar:/home/user/.m2/repository/org/glassfish/jersey/core/jersey-common/2.27/jersey-common-2.27.jar:/home/user/.m2/repository/org/glassfish/hk2/osgi-resource-locator/1.0.1/osgi-resource-locator-1.0.1.jar:/home/user/.m2/repository/javax/ws/rs/javax.ws.rs-api/2.1/javax.ws.rs-api-2.1.jar:/home/user/.m2/repository/org/glassfish/jersey/ext/cdi/jersey-cdi1x/2.27/jersey-cdi1x-2.27.jar:/home/user/.m2/repository/org/glassfish/jersey/inject/jersey-hk2/2.27/jersey-hk2-2.27.jar:/home/user/.m2/repository/org/glassfish/hk2/hk2-locator/2.5.0-b42/hk2-locator-2.5.0-b42.jar:/home/user/.m2/repository/org/javassist/javassist/3.22.0-CR2/javassist-3.22.0-CR2.jar:/home/user/.m2/repository/org/glassfish/hk2/hk2-api/2.5.0/hk2-api-2.5.0.jar:/home/user/.m2/repository/org/glassfish/hk2/external/jakarta.inject/2.5.0/jakarta.inject-2.5.0.jar:/home/user/.m2/repository/org/glassfish/hk2/hk2-utils/2.5.0/hk2-utils-2.5.0.jar:/home/user/.m2/repository/jakarta/annotation/jakarta.annotation-api/1.3.4/jakarta.annotation-api-1.3.4.jar:/home/user/.m2/repository/org/glassfish/hk2/external/aopalliance-repackaged/2.5.0/aopalliance-repackaged-2.5.0.jar:/home/user/.m2/repository/com/fasterxml/jackson/dataformat/jackson-dataformat-xml/2.9.0/jackson-dataformat-xml-2.9.0.jar:/home/user/.m2/repository/com/fasterxml/jackson/core/jackson-core/2.9.9/jackson-core-2.9.9.jar:/home/user/.m2/repository/com/fasterxml/jackson/module/jackson-module-jaxb-annotations/2.9.9/jackson-module-jaxb-annotations-2.9.9.jar:/home/user/.m2/repository/javax/enterprise/cdi-api/1.2/cdi-api-1.2.jar:/home/user/.m2/repository/javax/el/javax.el-api/3.0.0/javax.el-api-3.0.0.jar:/home/user/.m2/repository/javax/interceptor/javax.interceptor-api/1.2/javax.interceptor-api-1.2.jar:/home/user/.m2/repository/javax/inject/javax.inject/1/javax.inject-1.jar:/home/user/.m2/repository/com/sun/xml/bind/jaxb-impl/2.3.0.1/jaxb-impl-2.3.0.1.jar:/home/user/.m2/repository/com/sun/xml/bind/jaxb-core/2.3.0.1/jaxb-core-2.3.0.1.jar:/home/user/.m2/repository/javax/xml/bind/jaxb-api/2.3.0/jaxb-api-2.3.0.jar:/home/user/.m2/repository/javax/activation/activation/1.1.1/activation-1.1.1.jar:/home/user/.m2/repository/org/apache/hadoop/hadoop-ozone-csi/0.5.0-SNAPSHOT/hadoop-ozone-csi-0.5.0-SNAPSHOT.jar:/home/user/.m2/repository/com/google/protobuf/protobuf-java-util/3.5.1/protobuf-java-util-3.5.1.jar:/home/user/.m2/repository/org/apache/hadoop/hadoop-hdds-config/0.5.0-SNAPSHOT/hadoop-hdds-config-0.5.0-SNAPSHOT.jar:/home/user/.m2/repository/io/grpc/grpc-netty/1.17.1/grpc-netty-1.17.1.jar:/home/user/.m2/repository/io/grpc/grpc-core/1.17.1/grpc-core-1.17.1.jar:/home/user/.m2/repository/io/grpc/grpc-context/1.17.1/grpc-context-1.17.1.jar:/home/user/.m2/repository/com/google/errorprone/error_prone_annotations/2.2.0/error_prone_annotations-2.2.0.jar:/home/user/.m2/repository/org/codehaus/mojo/animal-sniffer-annotations/1.17/animal-sniffer-annotations-1.17.jar:/home/user/.m2/repository/io/opencensus/opencensus-api/0.17.0/opencensus-api-0.17.0.jar:/home/user/.m2/repository/io/opencensus/opencensus-contrib-grpc-metrics/0.17.0/opencensus-contrib-grpc-metrics-0.17.0.jar:/home/user/.m2/repository/io/netty/netty-codec-http2/4.1.30.Final/netty-codec-http2-4.1.30.Final.jar:/home/user/.m2/repository/io/netty/netty-codec-http/4.1.30.Final/netty-codec-http-4.1.30.Final.jar:/home/user/.m2/repository/io/netty/netty-codec/4.1.30.Final/netty-codec-4.1.30.Final.jar:/home/user/.m2/repository/io/netty/netty-handler/4.1.30.Final/netty-handler-4.1.30.Final.jar:/home/user/.m2/repository/io/netty/netty-handler-proxy/4.1.30.Final/netty-handler-proxy-4.1.30.Final.jar:/home/user/.m2/repository/io/netty/netty-codec-socks/4.1.30.Final/netty-codec-socks-4.1.30.Final.jar:/home/user/.m2/repository/io/netty/netty-transport-native-epoll/4.1.30.Final/netty-transport-native-epoll-4.1.30.Final.jar:/home/user/.m2/repository/io/netty/netty-common/4.1.30.Final/netty-common-4.1.30.Final.jar:/home/user/.m2/repository/io/netty/netty-buffer/4.1.30.Final/netty-buffer-4.1.30.Final.jar:/home/user/.m2/repository/io/netty/netty-transport/4.1.30.Final/netty-transport-4.1.30.Final.jar:/home/user/.m2/repository/io/netty/netty-resolver/4.1.30.Final/netty-resolver-4.1.30.Final.jar:/home/user/.m2/repository/io/netty/netty-transport-native-unix-common/4.1.30.Final/netty-transport-native-unix-common-4.1.30.Final.jar:/home/user/.m2/repository/io/grpc/grpc-protobuf/1.17.1/grpc-protobuf-1.17.1.jar:/home/user/.m2/repository/com/google/api/grpc/proto-google-common-protos/1.0.0/proto-google-common-protos-1.0.0.jar:/home/user/.m2/repository/io/grpc/grpc-protobuf-lite/1.17.1/grpc-protobuf-lite-1.17.1.jar:/home/user/.m2/repository/io/grpc/grpc-stub/1.17.1/grpc-stub-1.17.1.jar:/home/user/.m2/repository/org/apache/hadoop/hadoop-ozone-recon/0.5.0-SNAPSHOT/hadoop-ozone-recon-0.5.0-SNAPSHOT.jar:/home/user/.m2/repository/org/apache/hadoop/hadoop-ozone-reconcodegen/0.5.0-SNAPSHOT/hadoop-ozone-reconcodegen-0.5.0-SNAPSHOT.jar:/home/user/.m2/repository/com/google/inject/extensions/guice-multibindings/4.0/guice-multibindings-4.0.jar:/home/user/.m2/repository/com/google/inject/guice/4.0/guice-4.0.jar:/home/user/.m2/repository/aopalliance/aopalliance/1.0/aopalliance-1.0.jar:/home/user/.m2/repository/com/google/inject/extensions/guice-servlet/4.0/guice-servlet-4.0.jar:/home/user/.m2/repository/org/glassfish/jersey/containers/jersey-container-servlet/2.27/jersey-container-servlet-2.27.jar:/home/user/.m2/repository/org/glassfish/hk2/guice-bridge/2.5.0/guice-bridge-2.5.0.jar:/home/user/.m2/repository/org/glassfish/jersey/core/jersey-server/2.27/jersey-server-2.27.jar:/home/user/.m2/repository/org/glassfish/jersey/core/jersey-client/2.27/jersey-client-2.27.jar:/home/user/.m2/repository/org/glassfish/jersey/media/jersey-media-jaxb/2.27/jersey-media-jaxb-2.27.jar:/home/user/.m2/repository/javax/validation/validation-api/1.1.0.Final/validation-api-1.1.0.Final.jar:/home/user/.m2/repository/org/glassfish/jersey/media/jersey-media-json-jackson/2.27/jersey-media-json-jackson-2.27.jar:/home/user/.m2/repository/org/glassfish/jersey/ext/jersey-entity-filtering/2.27/jersey-entity-filtering-2.27.jar:/home/user/.m2/repository/com/google/inject/extensions/guice-assistedinject/4.0/guice-assistedinject-4.0.jar:/home/user/.m2/repository/org/jooq/jooq/3.11.10/jooq-3.11.10.jar:/home/user/.m2/repository/org/jooq/jooq-meta/3.11.10/jooq-meta-3.11.10.jar:/home/user/.m2/repository/org/jooq/jooq-codegen/3.11.10/jooq-codegen-3.11.10.jar:/home/user/.m2/repository/com/jolbox/bonecp/0.8.0.RELEASE/bonecp-0.8.0.RELEASE.jar:/home/user/.m2/repository/org/xerial/sqlite-jdbc/3.25.2/sqlite-jdbc-3.25.2.jar:/home/user/.m2/repository/org/springframework/spring-jdbc/5.1.3.RELEASE/spring-jdbc-5.1.3.RELEASE.jar:/home/user/.m2/repository/org/springframework/spring-beans/5.1.3.RELEASE/spring-beans-5.1.3.RELEASE.jar:/home/user/.m2/repository/org/springframework/spring-core/5.1.3.RELEASE/spring-core-5.1.3.RELEASE.jar:/home/user/.m2/repository/org/springframework/spring-jcl/5.1.3.RELEASE/spring-jcl-5.1.3.RELEASE.jar:/home/user/.m2/repository/org/springframework/spring-tx/5.1.3.RELEASE/spring-tx-5.1.3.RELEASE.jar:/home/user/.m2/repository/org/apache/hadoop/hadoop-ozone-client/0.5.0-SNAPSHOT/hadoop-ozone-client-0.5.0-SNAPSHOT.jar:/home/user/.m2/repository/commons-lang/commons-lang/2.6/commons-lang-2.6.jar:/home/user/.m2/repository/org/apache/hadoop/hadoop-ozone-ozone-manager/0.5.0-SNAPSHOT/hadoop-ozone-ozone-manager-0.5.0-SNAPSHOT-tests.jar:/home/user/.m2/repository/junit/junit/4.11/junit-4.11.jar:/home/user/.m2/repository/org/hamcrest/hamcrest-core/1.3/hamcrest-core-1.3.jar:/home/user/.m2/repository/org/openjdk/jmh/jmh-core/1.19/jmh-core-1.19.jar:/home/user/.m2/repository/net/sf/jopt-simple/jopt-simple/4.6/jopt-simple-4.6.jar:/home/user/.m2/repository/org/apache/commons/commons-math3/3.1.1/commons-math3-3.1.1.jar:/home/user/.m2/repository/org/openjdk/jmh/jmh-generator-annprocess/1.19/jmh-generator-annprocess-1.19.jar:/home/user/.m2/repository/org/mockito/mockito-all/1.8.5/mockito-all-1.8.5.jar:/home/user/.m2/repository/org/apache/hadoop/hadoop-kms/3.2.0/hadoop-kms-3.2.0.jar:/home/user/.m2/repository/org/apache/hadoop/hadoop-auth/3.2.0/hadoop-auth-3.2.0.jar:/home/user/.m2/repository/com/nimbusds/nimbus-jose-jwt/4.41.1/nimbus-jose-jwt-4.41.1.jar:/home/user/.m2/repository/com/github/stephenc/jcip/jcip-annotations/1.0-1/jcip-annotations-1.0-1.jar:/home/user/.m2/repository/net/minidev/json-smart/2.3/json-smart-2.3.jar:/home/user/.m2/repository/net/minidev/accessors-smart/1.2/accessors-smart-1.2.jar:/home/user/.m2/repository/org/ow2/asm/asm/5.0.4/asm-5.0.4.jar:/home/user/.m2/repository/org/apache/curator/curator-framework/2.12.0/curator-framework-2.12.0.jar:/home/user/.m2/repository/com/sun/jersey/jersey-core/1.19/jersey-core-1.19.jar:/home/user/.m2/repository/javax/ws/rs/jsr311-api/1.1.1/jsr311-api-1.1.1.jar:/home/user/.m2/repository/com/sun/jersey/jersey-server/1.19/jersey-server-1.19.jar:/home/user/.m2/repository/javax/servlet/javax.servlet-api/3.1.0/javax.servlet-api-3.1.0.jar:/home/user/.m2/repository/org/eclipse/jetty/jetty-server/9.3.25.v20180904/jetty-server-9.3.25.v20180904.jar:/home/user/.m2/repository/org/eclipse/jetty/jetty-http/9.3.25.v20180904/jetty-http-9.3.25.v20180904.jar:/home/user/.m2/repository/org/eclipse/jetty/jetty-io/9.3.25.v20180904/jetty-io-9.3.25.v20180904.jar:/home/user/.m2/repository/org/eclipse/jetty/jetty-webapp/9.3.25.v20180904/jetty-webapp-9.3.25.v20180904.jar:/home/user/.m2/repository/org/eclipse/jetty/jetty-xml/9.3.25.v20180904/jetty-xml-9.3.25.v20180904.jar:/home/user/.m2/repository/log4j/log4j/1.2.17/log4j-1.2.17.jar:/home/user/.m2/repository/org/slf4j/slf4j-api/1.7.25/slf4j-api-1.7.25.jar:/home/user/.m2/repository/org/slf4j/jul-to-slf4j/1.7.25/jul-to-slf4j-1.7.25.jar:/home/user/.m2/repository/org/eclipse/jetty/jetty-util/9.3.25.v20180904/jetty-util-9.3.25.v20180904.jar:/home/user/.m2/repository/com/fasterxml/jackson/core/jackson-databind/2.9.9/jackson-databind-2.9.9.jar:/home/user/.m2/repository/org/apache/hadoop/hadoop-kms/3.2.0/hadoop-kms-3.2.0-tests.jar:/home/user/.m2/repository/org/apache/hadoop/hadoop-hdds-server-scm/0.5.0-SNAPSHOT/hadoop-hdds-server-scm-0.5.0-SNAPSHOT-tests.jar:/home/user/.m2/repository/org/apache/hadoop/hadoop-hdds-container-service/0.5.0-SNAPSHOT/hadoop-hdds-container-service-0.5.0-SNAPSHOT-tests.jar:/home/user/.m2/repository/org/yaml/snakeyaml/1.16/snakeyaml-1.16.jar:/home/user/.m2/repository/org/apache/hadoop/hadoop-common/3.2.0/hadoop-common-3.2.0-tests.jar:/home/user/.m2/repository/org/apache/hadoop/hadoop-annotations/3.2.0/hadoop-annotations-3.2.0.jar:/usr/lib/jvm/java-1.8.0-openjdk-1.8.0.222.b10-1.el7_7.x86_64/jre/../lib/tools.jar:/home/user/.m2/repository/commons-cli/commons-cli/1.2/commons-cli-1.2.jar:/home/user/.m2/repository/org/apache/httpcomponents/httpclient/4.5.2/httpclient-4.5.2.jar:/home/user/.m2/repository/org/apache/httpcomponents/httpcore/4.4.4/httpcore-4.4.4.jar:/home/user/.m2/repository/commons-codec/commons-codec/1.11/commons-codec-1.11.jar:/home/user/.m2/repository/commons-net/commons-net/3.6/commons-net-3.6.jar:/home/user/.m2/repository/commons-collections/commons-collections/3.2.2/commons-collections-3.2.2.jar:/home/user/.m2/repository/org/eclipse/jetty/jetty-servlet/9.3.25.v20180904/jetty-servlet-9.3.25.v20180904.jar:/home/user/.m2/repository/org/eclipse/jetty/jetty-security/9.3.25.v20180904/jetty-security-9.3.25.v20180904.jar:/home/user/.m2/repository/javax/servlet/jsp/jsp-api/2.1/jsp-api-2.1.jar:/home/user/.m2/repository/com/sun/jersey/jersey-servlet/1.19/jersey-servlet-1.19.jar:/home/user/.m2/repository/com/sun/jersey/jersey-json/1.19/jersey-json-1.19.jar:/home/user/.m2/repository/org/codehaus/jettison/jettison/1.1/jettison-1.1.jar:/home/user/.m2/repository/org/codehaus/jackson/jackson-core-asl/1.9.13/jackson-core-asl-1.9.13.jar:/home/user/.m2/repository/org/codehaus/jackson/jackson-mapper-asl/1.9.13/jackson-mapper-asl-1.9.13.jar:/home/user/.m2/repository/org/codehaus/jackson/jackson-jaxrs/1.9.13/jackson-jaxrs-1.9.13.jar:/home/user/.m2/repository/org/codehaus/jackson/jackson-xc/1.9.13/jackson-xc-1.9.13.jar:/home/user/.m2/repository/commons-logging/commons-logging/1.1.3/commons-logging-1.1.3.jar:/home/user/.m2/repository/commons-beanutils/commons-beanutils/1.9.4/commons-beanutils-1.9.4.jar:/home/user/.m2/repository/org/apache/commons/commons-configuration2/2.1.1/commons-configuration2-2.1.1.jar:/home/user/.m2/repository/org/apache/commons/commons-lang3/3.7/commons-lang3-3.7.jar:/home/user/.m2/repository/org/apache/commons/commons-text/1.4/commons-text-1.4.jar:/home/user/.m2/repository/org/apache/avro/avro/1.7.7/avro-1.7.7.jar:/home/user/.m2/repository/com/thoughtworks/paranamer/paranamer/2.3/paranamer-2.3.jar:/home/user/.m2/repository/org/xerial/snappy/snappy-java/1.0.5/snappy-java-1.0.5.jar:/home/user/.m2/repository/com/google/re2j/re2j/1.1/re2j-1.1.jar:/home/user/.m2/repository/com/google/code/gson/gson/2.2.4/gson-2.2.4.jar:/home/user/.m2/repository/com/jcraft/jsch/0.1.54/jsch-0.1.54.jar:/home/user/.m2/repository/org/apache/curator/curator-client/2.12.0/curator-client-2.12.0.jar:/home/user/.m2/repository/org/apache/curator/curator-recipes/2.12.0/curator-recipes-2.12.0.jar:/home/user/.m2/repository/com/google/code/findbugs/jsr305/3.0.0/jsr305-3.0.0.jar:/home/user/.m2/repository/org/apache/htrace/htrace-core4/4.1.0-incubating/htrace-core4-4.1.0-incubating.jar:/home/user/.m2/repository/org/apache/zookeeper/zookeeper/3.4.13/zookeeper-3.4.13.jar:/home/user/.m2/repository/jline/jline/0.9.94/jline-0.9.94.jar:/home/user/.m2/repository/org/apache/yetus/audience-annotations/0.5.0/audience-annotations-0.5.0.jar:/home/user/.m2/repository/org/codehaus/woodstox/stax2-api/3.1.4/stax2-api-3.1.4.jar:/home/user/.m2/repository/com/fasterxml/woodstox/woodstox-core/5.0.3/woodstox-core-5.0.3.jar:/home/user/.m2/repository/dnsjava/dnsjava/2.1.7/dnsjava-2.1.7.jar:/home/user/.m2/repository/org/apache/hadoop/hadoop-hdfs/3.2.0/hadoop-hdfs-3.2.0-tests.jar:/home/user/.m2/repository/org/eclipse/jetty/jetty-util-ajax/9.3.25.v20180904/jetty-util-ajax-9.3.25.v20180904.jar:/home/user/.m2/repository/commons-daemon/commons-daemon/1.0.13/commons-daemon-1.0.13.jar:/home/user/.m2/repository/io/netty/netty/3.10.5.Final/netty-3.10.5.Final.jar:/home/user/.m2/repository/io/netty/netty-all/4.0.52.Final/netty-all-4.0.52.Final.jar:/home/user/.m2/repository/org/fusesource/leveldbjni/leveldbjni-all/1.8/leveldbjni-all-1.8.jar:"/>
    <property name="java.vm.vendor" value="Oracle Corporation"/>
    <property name="sun.arch.data.model" value="64"/>
    <property name="test.build.dir" value="/workdir/hadoop-ozone/integration-test/target/test-dir"/>
    <property name="test.cache.data" value=""/>
    <property name="java.vendor.url" value="http://java.oracle.com/"/>
    <property name="user.timezone" value=""/>
    <property name="java.vm.specification.version" value="1.8"/>
    <property name="os.name" value="Linux"/>
    <property name="test.build.data" value="/workdir/hadoop-ozone/integration-test/target/test-dir"/>
    <property name="user.country" value="US"/>
    <property name="sun.java.launcher" value="SUN_STANDARD"/>
    <property name="sun.boot.library.path" value="/usr/lib/jvm/java-1.8.0-openjdk-1.8.0.222.b10-1.el7_7.x86_64/jre/lib/amd64"/>
    <property name="sun.java.command" value="/workdir/hadoop-ozone/integration-test/target/surefire/surefirebooter3151278309780472533.jar /workdir/hadoop-ozone/integration-test/target/surefire 2019-10-15T20-45-56_094-jvmRun1 surefire4070481970383844569tmp surefire_25662615888743444758tmp"/>
    <property name="surefire.test.class.path" value="/workdir/hadoop-ozone/integration-test/target/test-classes:/workdir/hadoop-ozone/integration-test/target/classes:/home/user/.m2/repository/org/apache/hadoop/hadoop-ozone-common/0.5.0-SNAPSHOT/hadoop-ozone-common-0.5.0-SNAPSHOT.jar:/home/user/.m2/repository/org/apache/commons/commons-compress/1.4.1/commons-compress-1.4.1.jar:/home/user/.m2/repository/org/tukaani/xz/1.0/xz-1.0.jar:/home/user/.m2/repository/org/apache/hadoop/hadoop-common/3.2.0/hadoop-common-3.2.0.jar:/home/user/.m2/repository/org/apache/hadoop/hadoop-hdfs/3.2.0/hadoop-hdfs-3.2.0.jar:/home/user/.m2/repository/org/apache/hadoop/hadoop-hdfs-client/3.2.0/hadoop-hdfs-client-3.2.0.jar:/home/user/.m2/repository/com/fasterxml/jackson/core/jackson-annotations/2.9.9/jackson-annotations-2.9.9.jar:/home/user/.m2/repository/org/apache/hadoop/hadoop-hdds-common/0.5.0-SNAPSHOT/hadoop-hdds-common-0.5.0-SNAPSHOT.jar:/home/user/.m2/repository/javax/annotation/javax.annotation-api/1.2/javax.annotation-api-1.2.jar:/home/user/.m2/repository/org/apache/ratis/ratis-server/0.5.0-3f446aa-SNAPSHOT/ratis-server-0.5.0-3f446aa-SNAPSHOT.jar:/home/user/.m2/repository/org/apache/ratis/ratis-thirdparty-misc/0.2.0/ratis-thirdparty-misc-0.2.0.jar:/home/user/.m2/repository/org/apache/ratis/ratis-proto/0.5.0-3f446aa-SNAPSHOT/ratis-proto-0.5.0-3f446aa-SNAPSHOT.jar:/home/user/.m2/repository/org/apache/ratis/ratis-common/0.5.0-3f446aa-SNAPSHOT/ratis-common-0.5.0-3f446aa-SNAPSHOT.jar:/home/user/.m2/repository/org/apache/ratis/ratis-client/0.5.0-3f446aa-SNAPSHOT/ratis-client-0.5.0-3f446aa-SNAPSHOT.jar:/home/user/.m2/repository/org/apache/ratis/ratis-metrics/0.5.0-3f446aa-SNAPSHOT/ratis-metrics-0.5.0-3f446aa-SNAPSHOT.jar:/home/user/.m2/repository/com/github/joshelser/dropwizard-metrics-hadoop-metrics2-reporter/0.1.2/dropwizard-metrics-hadoop-metrics2-reporter-0.1.2.jar:/home/user/.m2/repository/io/dropwizard/metrics/metrics-jvm/3.2.5/metrics-jvm-3.2.5.jar:/home/user/.m2/repository/io/dropwizard/metrics/metrics-ganglia/3.2.5/metrics-ganglia-3.2.5.jar:/home/user/.m2/repository/info/ganglia/gmetric4j/gmetric4j/1.0.7/gmetric4j-1.0.7.jar:/home/user/.m2/repository/org/apache/ratis/ratis-netty/0.5.0-3f446aa-SNAPSHOT/ratis-netty-0.5.0-3f446aa-SNAPSHOT.jar:/home/user/.m2/repository/org/apache/ratis/ratis-grpc/0.5.0-3f446aa-SNAPSHOT/ratis-grpc-0.5.0-3f446aa-SNAPSHOT.jar:/home/user/.m2/repository/org/rocksdb/rocksdbjni/6.0.1/rocksdbjni-6.0.1.jar:/home/user/.m2/repository/org/apache/logging/log4j/log4j-api/2.11.0/log4j-api-2.11.0.jar:/home/user/.m2/repository/org/apache/logging/log4j/log4j-core/2.11.0/log4j-core-2.11.0.jar:/home/user/.m2/repository/com/lmax/disruptor/3.4.2/disruptor-3.4.2.jar:/home/user/.m2/repository/org/apache/commons/commons-pool2/2.6.0/commons-pool2-2.6.0.jar:/home/user/.m2/repository/org/bouncycastle/bcpkix-jdk15on/1.60/bcpkix-jdk15on-1.60.jar:/home/user/.m2/repository/commons-validator/commons-validator/1.6/commons-validator-1.6.jar:/home/user/.m2/repository/commons-digester/commons-digester/1.8.1/commons-digester-1.8.1.jar:/home/user/.m2/repository/io/jaegertracing/jaeger-client/0.34.0/jaeger-client-0.34.0.jar:/home/user/.m2/repository/io/jaegertracing/jaeger-thrift/0.34.0/jaeger-thrift-0.34.0.jar:/home/user/.m2/repository/org/apache/thrift/libthrift/0.12.0/libthrift-0.12.0.jar:/home/user/.m2/repository/com/squareup/okhttp3/okhttp/3.9.0/okhttp-3.9.0.jar:/home/user/.m2/repository/com/squareup/okio/okio/1.13.0/okio-1.13.0.jar:/home/user/.m2/repository/io/jaegertracing/jaeger-core/0.34.0/jaeger-core-0.34.0.jar:/home/user/.m2/repository/io/jaegertracing/jaeger-tracerresolver/0.34.0/jaeger-tracerresolver-0.34.0.jar:/home/user/.m2/repository/io/opentracing/contrib/opentracing-tracerresolver/0.1.5/opentracing-tracerresolver-0.1.5.jar:/home/user/.m2/repository/io/opentracing/opentracing-util/0.31.0/opentracing-util-0.31.0.jar:/home/user/.m2/repository/io/opentracing/opentracing-api/0.31.0/opentracing-api-0.31.0.jar:/home/user/.m2/repository/io/opentracing/opentracing-noop/0.31.0/opentracing-noop-0.31.0.jar:/home/user/.m2/repository/org/apache/hadoop/hadoop-hdds-server-framework/0.5.0-SNAPSHOT/hadoop-hdds-server-framework-0.5.0-SNAPSHOT.jar:/home/user/.m2/repository/org/apache/hadoop/hadoop-hdds-container-service/0.5.0-SNAPSHOT/hadoop-hdds-container-service-0.5.0-SNAPSHOT.jar:/home/user/.m2/repository/org/apache/hadoop/hadoop-hdds-client/0.5.0-SNAPSHOT/hadoop-hdds-client-0.5.0-SNAPSHOT.jar:/home/user/.m2/repository/org/apache/hadoop/hadoop-hdds-tools/0.5.0-SNAPSHOT/hadoop-hdds-tools-0.5.0-SNAPSHOT.jar:/home/user/.m2/repository/org/apache/hadoop/hadoop-hdds-server-scm/0.5.0-SNAPSHOT/hadoop-hdds-server-scm-0.5.0-SNAPSHOT.jar:/home/user/.m2/repository/org/apache/hadoop/hadoop-hdds-docs/0.5.0-SNAPSHOT/hadoop-hdds-docs-0.5.0-SNAPSHOT.jar:/home/user/.m2/repository/io/dropwizard/metrics/metrics-core/3.2.4/metrics-core-3.2.4.jar:/home/user/.m2/repository/org/hamcrest/hamcrest-all/1.3/hamcrest-all-1.3.jar:/home/user/.m2/repository/org/bouncycastle/bcprov-jdk15on/1.60/bcprov-jdk15on-1.60.jar:/home/user/.m2/repository/info/picocli/picocli/3.9.6/picocli-3.9.6.jar:/home/user/.m2/repository/com/google/protobuf/protobuf-java/2.5.0/protobuf-java-2.5.0.jar:/home/user/.m2/repository/com/google/guava/guava/11.0.2/guava-11.0.2.jar:/home/user/.m2/repository/org/apache/hadoop/hadoop-ozone-ozone-manager/0.5.0-SNAPSHOT/hadoop-ozone-ozone-manager-0.5.0-SNAPSHOT.jar:/home/user/.m2/repository/org/apache/hadoop/hadoop-minikdc/3.2.0/hadoop-minikdc-3.2.0.jar:/home/user/.m2/repository/commons-io/commons-io/2.5/commons-io-2.5.jar:/home/user/.m2/repository/org/apache/kerby/kerb-simplekdc/1.0.1/kerb-simplekdc-1.0.1.jar:/home/user/.m2/repository/org/apache/kerby/kerb-client/1.0.1/kerb-client-1.0.1.jar:/home/user/.m2/repository/org/apache/kerby/kerby-config/1.0.1/kerby-config-1.0.1.jar:/home/user/.m2/repository/org/apache/kerby/kerb-core/1.0.1/kerb-core-1.0.1.jar:/home/user/.m2/repository/org/apache/kerby/kerby-pkix/1.0.1/kerby-pkix-1.0.1.jar:/home/user/.m2/repository/org/apache/kerby/kerby-asn1/1.0.1/kerby-asn1-1.0.1.jar:/home/user/.m2/repository/org/apache/kerby/kerby-util/1.0.1/kerby-util-1.0.1.jar:/home/user/.m2/repository/org/apache/kerby/kerb-common/1.0.1/kerb-common-1.0.1.jar:/home/user/.m2/repository/org/apache/kerby/kerb-crypto/1.0.1/kerb-crypto-1.0.1.jar:/home/user/.m2/repository/org/apache/kerby/kerb-util/1.0.1/kerb-util-1.0.1.jar:/home/user/.m2/repository/org/apache/kerby/token-provider/1.0.1/token-provider-1.0.1.jar:/home/user/.m2/repository/org/apache/kerby/kerb-admin/1.0.1/kerb-admin-1.0.1.jar:/home/user/.m2/repository/org/apache/kerby/kerb-server/1.0.1/kerb-server-1.0.1.jar:/home/user/.m2/repository/org/apache/kerby/kerb-identity/1.0.1/kerb-identity-1.0.1.jar:/home/user/.m2/repository/org/apache/kerby/kerby-xdr/1.0.1/kerby-xdr-1.0.1.jar:/home/user/.m2/repository/org/slf4j/slf4j-log4j12/1.7.25/slf4j-log4j12-1.7.25.jar:/home/user/.m2/repository/org/apache/hadoop/hadoop-ozone-s3gateway/0.5.0-SNAPSHOT/hadoop-ozone-s3gateway-0.5.0-SNAPSHOT.jar:/home/user/.m2/repository/org/jboss/weld/servlet/weld-servlet/2.4.7.Final/weld-servlet-2.4.7.Final.jar:/home/user/.m2/repository/org/glassfish/jersey/containers/jersey-container-servlet-core/2.27/jersey-container-servlet-core-2.27.jar:/home/user/.m2/repository/org/glassfish/hk2/external/javax.inject/2.5.0-b42/javax.inject-2.5.0-b42.jar:/home/user/.m2/repository/org/glassfish/jersey/core/jersey-common/2.27/jersey-common-2.27.jar:/home/user/.m2/repository/org/glassfish/hk2/osgi-resource-locator/1.0.1/osgi-resource-locator-1.0.1.jar:/home/user/.m2/repository/javax/ws/rs/javax.ws.rs-api/2.1/javax.ws.rs-api-2.1.jar:/home/user/.m2/repository/org/glassfish/jersey/ext/cdi/jersey-cdi1x/2.27/jersey-cdi1x-2.27.jar:/home/user/.m2/repository/org/glassfish/jersey/inject/jersey-hk2/2.27/jersey-hk2-2.27.jar:/home/user/.m2/repository/org/glassfish/hk2/hk2-locator/2.5.0-b42/hk2-locator-2.5.0-b42.jar:/home/user/.m2/repository/org/javassist/javassist/3.22.0-CR2/javassist-3.22.0-CR2.jar:/home/user/.m2/repository/org/glassfish/hk2/hk2-api/2.5.0/hk2-api-2.5.0.jar:/home/user/.m2/repository/org/glassfish/hk2/external/jakarta.inject/2.5.0/jakarta.inject-2.5.0.jar:/home/user/.m2/repository/org/glassfish/hk2/hk2-utils/2.5.0/hk2-utils-2.5.0.jar:/home/user/.m2/repository/jakarta/annotation/jakarta.annotation-api/1.3.4/jakarta.annotation-api-1.3.4.jar:/home/user/.m2/repository/org/glassfish/hk2/external/aopalliance-repackaged/2.5.0/aopalliance-repackaged-2.5.0.jar:/home/user/.m2/repository/com/fasterxml/jackson/dataformat/jackson-dataformat-xml/2.9.0/jackson-dataformat-xml-2.9.0.jar:/home/user/.m2/repository/com/fasterxml/jackson/core/jackson-core/2.9.9/jackson-core-2.9.9.jar:/home/user/.m2/repository/com/fasterxml/jackson/module/jackson-module-jaxb-annotations/2.9.9/jackson-module-jaxb-annotations-2.9.9.jar:/home/user/.m2/repository/javax/enterprise/cdi-api/1.2/cdi-api-1.2.jar:/home/user/.m2/repository/javax/el/javax.el-api/3.0.0/javax.el-api-3.0.0.jar:/home/user/.m2/repository/javax/interceptor/javax.interceptor-api/1.2/javax.interceptor-api-1.2.jar:/home/user/.m2/repository/javax/inject/javax.inject/1/javax.inject-1.jar:/home/user/.m2/repository/com/sun/xml/bind/jaxb-impl/2.3.0.1/jaxb-impl-2.3.0.1.jar:/home/user/.m2/repository/com/sun/xml/bind/jaxb-core/2.3.0.1/jaxb-core-2.3.0.1.jar:/home/user/.m2/repository/javax/xml/bind/jaxb-api/2.3.0/jaxb-api-2.3.0.jar:/home/user/.m2/repository/javax/activation/activation/1.1.1/activation-1.1.1.jar:/home/user/.m2/repository/org/apache/hadoop/hadoop-ozone-csi/0.5.0-SNAPSHOT/hadoop-ozone-csi-0.5.0-SNAPSHOT.jar:/home/user/.m2/repository/com/google/protobuf/protobuf-java-util/3.5.1/protobuf-java-util-3.5.1.jar:/home/user/.m2/repository/org/apache/hadoop/hadoop-hdds-config/0.5.0-SNAPSHOT/hadoop-hdds-config-0.5.0-SNAPSHOT.jar:/home/user/.m2/repository/io/grpc/grpc-netty/1.17.1/grpc-netty-1.17.1.jar:/home/user/.m2/repository/io/grpc/grpc-core/1.17.1/grpc-core-1.17.1.jar:/home/user/.m2/repository/io/grpc/grpc-context/1.17.1/grpc-context-1.17.1.jar:/home/user/.m2/repository/com/google/errorprone/error_prone_annotations/2.2.0/error_prone_annotations-2.2.0.jar:/home/user/.m2/repository/org/codehaus/mojo/animal-sniffer-annotations/1.17/animal-sniffer-annotations-1.17.jar:/home/user/.m2/repository/io/opencensus/opencensus-api/0.17.0/opencensus-api-0.17.0.jar:/home/user/.m2/repository/io/opencensus/opencensus-contrib-grpc-metrics/0.17.0/opencensus-contrib-grpc-metrics-0.17.0.jar:/home/user/.m2/repository/io/netty/netty-codec-http2/4.1.30.Final/netty-codec-http2-4.1.30.Final.jar:/home/user/.m2/repository/io/netty/netty-codec-http/4.1.30.Final/netty-codec-http-4.1.30.Final.jar:/home/user/.m2/repository/io/netty/netty-codec/4.1.30.Final/netty-codec-4.1.30.Final.jar:/home/user/.m2/repository/io/netty/netty-handler/4.1.30.Final/netty-handler-4.1.30.Final.jar:/home/user/.m2/repository/io/netty/netty-handler-proxy/4.1.30.Final/netty-handler-proxy-4.1.30.Final.jar:/home/user/.m2/repository/io/netty/netty-codec-socks/4.1.30.Final/netty-codec-socks-4.1.30.Final.jar:/home/user/.m2/repository/io/netty/netty-transport-native-epoll/4.1.30.Final/netty-transport-native-epoll-4.1.30.Final.jar:/home/user/.m2/repository/io/netty/netty-common/4.1.30.Final/netty-common-4.1.30.Final.jar:/home/user/.m2/repository/io/netty/netty-buffer/4.1.30.Final/netty-buffer-4.1.30.Final.jar:/home/user/.m2/repository/io/netty/netty-transport/4.1.30.Final/netty-transport-4.1.30.Final.jar:/home/user/.m2/repository/io/netty/netty-resolver/4.1.30.Final/netty-resolver-4.1.30.Final.jar:/home/user/.m2/repository/io/netty/netty-transport-native-unix-common/4.1.30.Final/netty-transport-native-unix-common-4.1.30.Final.jar:/home/user/.m2/repository/io/grpc/grpc-protobuf/1.17.1/grpc-protobuf-1.17.1.jar:/home/user/.m2/repository/com/google/api/grpc/proto-google-common-protos/1.0.0/proto-google-common-protos-1.0.0.jar:/home/user/.m2/repository/io/grpc/grpc-protobuf-lite/1.17.1/grpc-protobuf-lite-1.17.1.jar:/home/user/.m2/repository/io/grpc/grpc-stub/1.17.1/grpc-stub-1.17.1.jar:/home/user/.m2/repository/org/apache/hadoop/hadoop-ozone-recon/0.5.0-SNAPSHOT/hadoop-ozone-recon-0.5.0-SNAPSHOT.jar:/home/user/.m2/repository/org/apache/hadoop/hadoop-ozone-reconcodegen/0.5.0-SNAPSHOT/hadoop-ozone-reconcodegen-0.5.0-SNAPSHOT.jar:/home/user/.m2/repository/com/google/inject/extensions/guice-multibindings/4.0/guice-multibindings-4.0.jar:/home/user/.m2/repository/com/google/inject/guice/4.0/guice-4.0.jar:/home/user/.m2/repository/aopalliance/aopalliance/1.0/aopalliance-1.0.jar:/home/user/.m2/repository/com/google/inject/extensions/guice-servlet/4.0/guice-servlet-4.0.jar:/home/user/.m2/repository/org/glassfish/jersey/containers/jersey-container-servlet/2.27/jersey-container-servlet-2.27.jar:/home/user/.m2/repository/org/glassfish/hk2/guice-bridge/2.5.0/guice-bridge-2.5.0.jar:/home/user/.m2/repository/org/glassfish/jersey/core/jersey-server/2.27/jersey-server-2.27.jar:/home/user/.m2/repository/org/glassfish/jersey/core/jersey-client/2.27/jersey-client-2.27.jar:/home/user/.m2/repository/org/glassfish/jersey/media/jersey-media-jaxb/2.27/jersey-media-jaxb-2.27.jar:/home/user/.m2/repository/javax/validation/validation-api/1.1.0.Final/validation-api-1.1.0.Final.jar:/home/user/.m2/repository/org/glassfish/jersey/media/jersey-media-json-jackson/2.27/jersey-media-json-jackson-2.27.jar:/home/user/.m2/repository/org/glassfish/jersey/ext/jersey-entity-filtering/2.27/jersey-entity-filtering-2.27.jar:/home/user/.m2/repository/com/google/inject/extensions/guice-assistedinject/4.0/guice-assistedinject-4.0.jar:/home/user/.m2/repository/org/jooq/jooq/3.11.10/jooq-3.11.10.jar:/home/user/.m2/repository/org/jooq/jooq-meta/3.11.10/jooq-meta-3.11.10.jar:/home/user/.m2/repository/org/jooq/jooq-codegen/3.11.10/jooq-codegen-3.11.10.jar:/home/user/.m2/repository/com/jolbox/bonecp/0.8.0.RELEASE/bonecp-0.8.0.RELEASE.jar:/home/user/.m2/repository/org/xerial/sqlite-jdbc/3.25.2/sqlite-jdbc-3.25.2.jar:/home/user/.m2/repository/org/springframework/spring-jdbc/5.1.3.RELEASE/spring-jdbc-5.1.3.RELEASE.jar:/home/user/.m2/repository/org/springframework/spring-beans/5.1.3.RELEASE/spring-beans-5.1.3.RELEASE.jar:/home/user/.m2/repository/org/springframework/spring-core/5.1.3.RELEASE/spring-core-5.1.3.RELEASE.jar:/home/user/.m2/repository/org/springframework/spring-jcl/5.1.3.RELEASE/spring-jcl-5.1.3.RELEASE.jar:/home/user/.m2/repository/org/springframework/spring-tx/5.1.3.RELEASE/spring-tx-5.1.3.RELEASE.jar:/home/user/.m2/repository/org/apache/hadoop/hadoop-ozone-client/0.5.0-SNAPSHOT/hadoop-ozone-client-0.5.0-SNAPSHOT.jar:/home/user/.m2/repository/commons-lang/commons-lang/2.6/commons-lang-2.6.jar:/home/user/.m2/repository/org/apache/hadoop/hadoop-ozone-ozone-manager/0.5.0-SNAPSHOT/hadoop-ozone-ozone-manager-0.5.0-SNAPSHOT-tests.jar:/home/user/.m2/repository/junit/junit/4.11/junit-4.11.jar:/home/user/.m2/repository/org/hamcrest/hamcrest-core/1.3/hamcrest-core-1.3.jar:/home/user/.m2/repository/org/openjdk/jmh/jmh-core/1.19/jmh-core-1.19.jar:/home/user/.m2/repository/net/sf/jopt-simple/jopt-simple/4.6/jopt-simple-4.6.jar:/home/user/.m2/repository/org/apache/commons/commons-math3/3.1.1/commons-math3-3.1.1.jar:/home/user/.m2/repository/org/openjdk/jmh/jmh-generator-annprocess/1.19/jmh-generator-annprocess-1.19.jar:/home/user/.m2/repository/org/mockito/mockito-all/1.8.5/mockito-all-1.8.5.jar:/home/user/.m2/repository/org/apache/hadoop/hadoop-kms/3.2.0/hadoop-kms-3.2.0.jar:/home/user/.m2/repository/org/apache/hadoop/hadoop-auth/3.2.0/hadoop-auth-3.2.0.jar:/home/user/.m2/repository/com/nimbusds/nimbus-jose-jwt/4.41.1/nimbus-jose-jwt-4.41.1.jar:/home/user/.m2/repository/com/github/stephenc/jcip/jcip-annotations/1.0-1/jcip-annotations-1.0-1.jar:/home/user/.m2/repository/net/minidev/json-smart/2.3/json-smart-2.3.jar:/home/user/.m2/repository/net/minidev/accessors-smart/1.2/accessors-smart-1.2.jar:/home/user/.m2/repository/org/ow2/asm/asm/5.0.4/asm-5.0.4.jar:/home/user/.m2/repository/org/apache/curator/curator-framework/2.12.0/curator-framework-2.12.0.jar:/home/user/.m2/repository/com/sun/jersey/jersey-core/1.19/jersey-core-1.19.jar:/home/user/.m2/repository/javax/ws/rs/jsr311-api/1.1.1/jsr311-api-1.1.1.jar:/home/user/.m2/repository/com/sun/jersey/jersey-server/1.19/jersey-server-1.19.jar:/home/user/.m2/repository/javax/servlet/javax.servlet-api/3.1.0/javax.servlet-api-3.1.0.jar:/home/user/.m2/repository/org/eclipse/jetty/jetty-server/9.3.25.v20180904/jetty-server-9.3.25.v20180904.jar:/home/user/.m2/repository/org/eclipse/jetty/jetty-http/9.3.25.v20180904/jetty-http-9.3.25.v20180904.jar:/home/user/.m2/repository/org/eclipse/jetty/jetty-io/9.3.25.v20180904/jetty-io-9.3.25.v20180904.jar:/home/user/.m2/repository/org/eclipse/jetty/jetty-webapp/9.3.25.v20180904/jetty-webapp-9.3.25.v20180904.jar:/home/user/.m2/repository/org/eclipse/jetty/jetty-xml/9.3.25.v20180904/jetty-xml-9.3.25.v20180904.jar:/home/user/.m2/repository/log4j/log4j/1.2.17/log4j-1.2.17.jar:/home/user/.m2/repository/org/slf4j/slf4j-api/1.7.25/slf4j-api-1.7.25.jar:/home/user/.m2/repository/org/slf4j/jul-to-slf4j/1.7.25/jul-to-slf4j-1.7.25.jar:/home/user/.m2/repository/org/eclipse/jetty/jetty-util/9.3.25.v20180904/jetty-util-9.3.25.v20180904.jar:/home/user/.m2/repository/com/fasterxml/jackson/core/jackson-databind/2.9.9/jackson-databind-2.9.9.jar:/home/user/.m2/repository/org/apache/hadoop/hadoop-kms/3.2.0/hadoop-kms-3.2.0-tests.jar:/home/user/.m2/repository/org/apache/hadoop/hadoop-hdds-server-scm/0.5.0-SNAPSHOT/hadoop-hdds-server-scm-0.5.0-SNAPSHOT-tests.jar:/home/user/.m2/repository/org/apache/hadoop/hadoop-hdds-container-service/0.5.0-SNAPSHOT/hadoop-hdds-container-service-0.5.0-SNAPSHOT-tests.jar:/home/user/.m2/repository/org/yaml/snakeyaml/1.16/snakeyaml-1.16.jar:/home/user/.m2/repository/org/apache/hadoop/hadoop-common/3.2.0/hadoop-common-3.2.0-tests.jar:/home/user/.m2/repository/org/apache/hadoop/hadoop-annotations/3.2.0/hadoop-annotations-3.2.0.jar:/usr/lib/jvm/java-1.8.0-openjdk-1.8.0.222.b10-1.el7_7.x86_64/jre/../lib/tools.jar:/home/user/.m2/repository/commons-cli/commons-cli/1.2/commons-cli-1.2.jar:/home/user/.m2/repository/org/apache/httpcomponents/httpclient/4.5.2/httpclient-4.5.2.jar:/home/user/.m2/repository/org/apache/httpcomponents/httpcore/4.4.4/httpcore-4.4.4.jar:/home/user/.m2/repository/commons-codec/commons-codec/1.11/commons-codec-1.11.jar:/home/user/.m2/repository/commons-net/commons-net/3.6/commons-net-3.6.jar:/home/user/.m2/repository/commons-collections/commons-collections/3.2.2/commons-collections-3.2.2.jar:/home/user/.m2/repository/org/eclipse/jetty/jetty-servlet/9.3.25.v20180904/jetty-servlet-9.3.25.v20180904.jar:/home/user/.m2/repository/org/eclipse/jetty/jetty-security/9.3.25.v20180904/jetty-security-9.3.25.v20180904.jar:/home/user/.m2/repository/javax/servlet/jsp/jsp-api/2.1/jsp-api-2.1.jar:/home/user/.m2/repository/com/sun/jersey/jersey-servlet/1.19/jersey-servlet-1.19.jar:/home/user/.m2/repository/com/sun/jersey/jersey-json/1.19/jersey-json-1.19.jar:/home/user/.m2/repository/org/codehaus/jettison/jettison/1.1/jettison-1.1.jar:/home/user/.m2/repository/org/codehaus/jackson/jackson-core-asl/1.9.13/jackson-core-asl-1.9.13.jar:/home/user/.m2/repository/org/codehaus/jackson/jackson-mapper-asl/1.9.13/jackson-mapper-asl-1.9.13.jar:/home/user/.m2/repository/org/codehaus/jackson/jackson-jaxrs/1.9.13/jackson-jaxrs-1.9.13.jar:/home/user/.m2/repository/org/codehaus/jackson/jackson-xc/1.9.13/jackson-xc-1.9.13.jar:/home/user/.m2/repository/commons-logging/commons-logging/1.1.3/commons-logging-1.1.3.jar:/home/user/.m2/repository/commons-beanutils/commons-beanutils/1.9.4/commons-beanutils-1.9.4.jar:/home/user/.m2/repository/org/apache/commons/commons-configuration2/2.1.1/commons-configuration2-2.1.1.jar:/home/user/.m2/repository/org/apache/commons/commons-lang3/3.7/commons-lang3-3.7.jar:/home/user/.m2/repository/org/apache/commons/commons-text/1.4/commons-text-1.4.jar:/home/user/.m2/repository/org/apache/avro/avro/1.7.7/avro-1.7.7.jar:/home/user/.m2/repository/com/thoughtworks/paranamer/paranamer/2.3/paranamer-2.3.jar:/home/user/.m2/repository/org/xerial/snappy/snappy-java/1.0.5/snappy-java-1.0.5.jar:/home/user/.m2/repository/com/google/re2j/re2j/1.1/re2j-1.1.jar:/home/user/.m2/repository/com/google/code/gson/gson/2.2.4/gson-2.2.4.jar:/home/user/.m2/repository/com/jcraft/jsch/0.1.54/jsch-0.1.54.jar:/home/user/.m2/repository/org/apache/curator/curator-client/2.12.0/curator-client-2.12.0.jar:/home/user/.m2/repository/org/apache/curator/curator-recipes/2.12.0/curator-recipes-2.12.0.jar:/home/user/.m2/repository/com/google/code/findbugs/jsr305/3.0.0/jsr305-3.0.0.jar:/home/user/.m2/repository/org/apache/htrace/htrace-core4/4.1.0-incubating/htrace-core4-4.1.0-incubating.jar:/home/user/.m2/repository/org/apache/zookeeper/zookeeper/3.4.13/zookeeper-3.4.13.jar:/home/user/.m2/repository/jline/jline/0.9.94/jline-0.9.94.jar:/home/user/.m2/repository/org/apache/yetus/audience-annotations/0.5.0/audience-annotations-0.5.0.jar:/home/user/.m2/repository/org/codehaus/woodstox/stax2-api/3.1.4/stax2-api-3.1.4.jar:/home/user/.m2/repository/com/fasterxml/woodstox/woodstox-core/5.0.3/woodstox-core-5.0.3.jar:/home/user/.m2/repository/dnsjava/dnsjava/2.1.7/dnsjava-2.1.7.jar:/home/user/.m2/repository/org/apache/hadoop/hadoop-hdfs/3.2.0/hadoop-hdfs-3.2.0-tests.jar:/home/user/.m2/repository/org/eclipse/jetty/jetty-util-ajax/9.3.25.v20180904/jetty-util-ajax-9.3.25.v20180904.jar:/home/user/.m2/repository/commons-daemon/commons-daemon/1.0.13/commons-daemon-1.0.13.jar:/home/user/.m2/repository/io/netty/netty/3.10.5.Final/netty-3.10.5.Final.jar:/home/user/.m2/repository/io/netty/netty-all/4.0.52.Final/netty-all-4.0.52.Final.jar:/home/user/.m2/repository/org/fusesource/leveldbjni/leveldbjni-all/1.8/leveldbjni-all-1.8.jar:"/>
    <property name="sun.cpu.endian" value="little"/>
    <property name="user.home" value="/home/user"/>
    <property name="user.language" value="en"/>
    <property name="java.specification.vendor" value="Oracle Corporation"/>
    <property name="java.home" value="/usr/lib/jvm/java-1.8.0-openjdk-1.8.0.222.b10-1.el7_7.x86_64/jre"/>
    <property name="surefire.excludesFile" value="/tools/ozone-bad-unit-tests"/>
    <property name="java.security.krb5.conf" value="/workdir/hadoop-ozone/integration-test/target/test-classes/krb5.conf"/>
    <property name="basedir" value="/workdir/hadoop-ozone/integration-test"/>
    <property name="file.separator" value="/"/>
    <property name="line.separator" value="&#10;"/>
    <property name="java.vm.specification.vendor" value="Oracle Corporation"/>
    <property name="java.specification.name" value="Java Platform API Specification"/>
    <property name="java.awt.graphicsenv" value="sun.awt.X11GraphicsEnvironment"/>
    <property name="surefire.real.class.path" value="/workdir/hadoop-ozone/integration-test/target/surefire/surefirebooter3151278309780472533.jar"/>
    <property name="hadoop.log.dir" value="/workdir/hadoop-ozone/integration-test/target/log"/>
    <property name="sun.boot.class.path" value="/usr/lib/jvm/java-1.8.0-openjdk-1.8.0.222.b10-1.el7_7.x86_64/jre/lib/resources.jar:/usr/lib/jvm/java-1.8.0-openjdk-1.8.0.222.b10-1.el7_7.x86_64/jre/lib/rt.jar:/usr/lib/jvm/java-1.8.0-openjdk-1.8.0.222.b10-1.el7_7.x86_64/jre/lib/sunrsasign.jar:/usr/lib/jvm/java-1.8.0-openjdk-1.8.0.222.b10-1.el7_7.x86_64/jre/lib/jsse.jar:/usr/lib/jvm/java-1.8.0-openjdk-1.8.0.222.b10-1.el7_7.x86_64/jre/lib/jce.jar:/usr/lib/jvm/java-1.8.0-openjdk-1.8.0.222.b10-1.el7_7.x86_64/jre/lib/charsets.jar:/usr/lib/jvm/java-1.8.0-openjdk-1.8.0.222.b10-1.el7_7.x86_64/jre/lib/jfr.jar:/usr/lib/jvm/java-1.8.0-openjdk-1.8.0.222.b10-1.el7_7.x86_64/jre/classes"/>
    <property name="sun.management.compiler" value="HotSpot 64-Bit Tiered Compilers"/>
    <property name="java.runtime.version" value="1.8.0_222-b10"/>
    <property name="java.net.preferIPv4Stack" value="true"/>
    <property name="user.name" value="jenkins1000"/>
    <property name="path.separator" value=":"/>
    <property name="java.security.egd" value="file:///dev/urandom"/>
    <property name="os.version" value="3.10.0-957.12.2.el7.x86_64"/>
    <property name="java.endorsed.dirs" value="/usr/lib/jvm/java-1.8.0-openjdk-1.8.0.222.b10-1.el7_7.x86_64/jre/lib/endorsed"/>
    <property name="java.runtime.name" value="OpenJDK Runtime Environment"/>
    <property name="file.encoding" value="ANSI_X3.4-1968"/>
    <property name="java.vm.name" value="OpenJDK 64-Bit Server VM"/>
    <property name="test.build.webapps" value=""/>
    <property name="localRepository" value="/home/user/.m2/repository"/>
    <property name="java.vendor.url.bug" value="http://bugreport.sun.com/bugreport/"/>
    <property name="java.io.tmpdir" value="/tmp"/>
    <property name="require.test.libhadoop" value=""/>
    <property name="java.version" value="1.8.0_222"/>
    <property name="user.dir" value="/workdir/hadoop-ozone/integration-test"/>
    <property name="os.arch" value="amd64"/>
    <property name="java.vm.specification.name" value="Java Virtual Machine Specification"/>
    <property name="test.build.classes" value="/workdir/hadoop-ozone/integration-test/target/test-classes"/>
    <property name="java.awt.printerjob" value="sun.print.PSPrinterJob"/>
    <property name="sun.os.patch.level" value="unknown"/>
    <property name="hadoop.tmp.dir" value="/workdir/hadoop-ozone/integration-test/target/tmp"/>
    <property name="java.library.path" value="/usr/lib:/workdir/hadoop-ozone/integration-test/target/native/target/usr/local/lib:/workdir/hadoop-ozone/integration-test/../../hadoop-common-project/hadoop-common/target/native/target/usr/local/lib:/usr/java/packages/lib/amd64:/usr/lib64:/lib64:/lib:/usr/lib"/>
    <property name="java.vm.info" value="mixed mode"/>
    <property name="java.vendor" value="Oracle Corporation"/>
    <property name="java.vm.version" value="25.222-b10"/>
    <property name="java.ext.dirs" value="/usr/lib/jvm/java-1.8.0-openjdk-1.8.0.222.b10-1.el7_7.x86_64/jre/lib/ext:/usr/java/packages/lib/ext"/>
    <property name="sun.io.unicode.encoding" value="UnicodeLittle"/>
    <property name="java.class.version" value="52.0"/>
  </properties>
  <testcase name="testPipelineExclusionWithPipelineFailure" classname="org.apache.hadoop.ozone.client.rpc.TestFailureHandlingByClient" time="102.676"/>
  <testcase name="testContainerExclusionWithClosedContainerException" classname="org.apache.hadoop.ozone.client.rpc.TestFailureHandlingByClient" time="35.711"/>
  <testcase name="testWriteSmallFile" classname="org.apache.hadoop.ozone.client.rpc.TestFailureHandlingByClient" time="47.627"/>
  <testcase name="testBlockWritesWithDnFailures" classname="org.apache.hadoop.ozone.client.rpc.TestFailureHandlingByClient" time="48.146"/>
  <testcase name="testDatanodeExclusionWithMajorityCommit" classname="org.apache.hadoop.ozone.client.rpc.TestFailureHandlingByClient" time="47.088">
    <failure type="java.lang.AssertionError">java.lang.AssertionError
	at org.junit.Assert.fail(Assert.java:86)
	at org.junit.Assert.assertTrue(Assert.java:41)
	at org.junit.Assert.assertTrue(Assert.java:52)
	at org.apache.hadoop.ozone.client.rpc.TestFailureHandlingByClient.testDatanodeExclusionWithMajorityCommit(TestFailureHandlingByClient.java:318)
	at sun.reflect.NativeMethodAccessorImpl.invoke0(Native Method)
	at sun.reflect.NativeMethodAccessorImpl.invoke(NativeMethodAccessorImpl.java:62)
	at sun.reflect.DelegatingMethodAccessorImpl.invoke(DelegatingMethodAccessorImpl.java:43)
	at java.lang.reflect.Method.invoke(Method.java:498)
	at org.junit.runners.model.FrameworkMethod$1.runReflectiveCall(FrameworkMethod.java:47)
	at org.junit.internal.runners.model.ReflectiveCallable.run(ReflectiveCallable.java:12)
	at org.junit.runners.model.FrameworkMethod.invokeExplosively(FrameworkMethod.java:44)
	at org.junit.internal.runners.statements.InvokeMethod.evaluate(InvokeMethod.java:17)
	at org.junit.internal.runners.statements.RunAfters.evaluate(RunAfters.java:27)
	at org.junit.runners.ParentRunner.runLeaf(ParentRunner.java:271)
	at org.junit.runners.BlockJUnit4ClassRunner.runChild(BlockJUnit4ClassRunner.java:70)
	at org.junit.runners.BlockJUnit4ClassRunner.runChild(BlockJUnit4ClassRunner.java:50)
	at org.junit.runners.ParentRunner$3.run(ParentRunner.java:238)
	at org.junit.runners.ParentRunner$1.schedule(ParentRunner.java:63)
	at org.junit.runners.ParentRunner.runChildren(ParentRunner.java:236)
	at org.junit.runners.ParentRunner.access$000(ParentRunner.java:53)
	at org.junit.runners.ParentRunner$2.evaluate(ParentRunner.java:229)
	at org.junit.runners.ParentRunner.run(ParentRunner.java:309)
	at org.apache.maven.surefire.junit4.JUnit4Provider.execute(JUnit4Provider.java:365)
	at org.apache.maven.surefire.junit4.JUnit4Provider.executeWithRerun(JUnit4Provider.java:273)
	at org.apache.maven.surefire.junit4.JUnit4Provider.executeTestSet(JUnit4Provider.java:238)
	at org.apache.maven.surefire.junit4.JUnit4Provider.invoke(JUnit4Provider.java:159)
	at org.apache.maven.surefire.booter.ForkedBooter.invokeProviderInSameClassLoader(ForkedBooter.java:384)
	at org.apache.maven.surefire.booter.ForkedBooter.runSuitesInProcess(ForkedBooter.java:345)
	at org.apache.maven.surefire.booter.ForkedBooter.execute(ForkedBooter.java:126)
	at org.apache.maven.surefire.booter.ForkedBooter.main(ForkedBooter.java:418)
</failure>
    <system-out><![CDATA[2019-10-15 21:18:41,376 [main] WARN  server.ServerUtils (ServerUtils.java:getScmDbDir(145)) - ozone.scm.db.dirs is not configured. We recommend adding this setting. Falling back to ozone.metadata.dirs instead.
2019-10-15 21:18:41,431 [main] WARN  server.ServerUtils (ServerUtils.java:getScmDbDir(145)) - ozone.scm.db.dirs is not configured. We recommend adding this setting. Falling back to ozone.metadata.dirs instead.
2019-10-15 21:18:41,432 [main] WARN  server.ServerUtils (ServerUtils.java:getScmDbDir(145)) - ozone.scm.db.dirs is not configured. We recommend adding this setting. Falling back to ozone.metadata.dirs instead.
2019-10-15 21:18:41,433 [main] INFO  db.DBStoreBuilder (DBStoreBuilder.java:addTable(117)) - using custom profile for table: deletedBlocks
2019-10-15 21:18:41,433 [main] INFO  db.DBStoreBuilder (DBStoreBuilder.java:processTables(168)) - Using default column profile:DBProfile.DISK for Table:deletedBlocks
2019-10-15 21:18:41,434 [main] INFO  db.DBStoreBuilder (DBStoreBuilder.java:addTable(117)) - using custom profile for table: validCerts
2019-10-15 21:18:41,434 [main] INFO  db.DBStoreBuilder (DBStoreBuilder.java:processTables(168)) - Using default column profile:DBProfile.DISK for Table:validCerts
2019-10-15 21:18:41,434 [main] INFO  db.DBStoreBuilder (DBStoreBuilder.java:addTable(117)) - using custom profile for table: revokedCerts
2019-10-15 21:18:41,434 [main] INFO  db.DBStoreBuilder (DBStoreBuilder.java:processTables(168)) - Using default column profile:DBProfile.DISK for Table:revokedCerts
2019-10-15 21:18:41,434 [main] INFO  db.DBStoreBuilder (DBStoreBuilder.java:addTable(117)) - using custom profile for table: default
2019-10-15 21:18:41,434 [main] INFO  db.DBStoreBuilder (DBStoreBuilder.java:processTables(174)) - Using default column profile:DBProfile.DISK for Table:default
2019-10-15 21:18:41,434 [main] INFO  db.DBStoreBuilder (DBStoreBuilder.java:getDbProfile(205)) - Using default options. DBProfile.DISK
2019-10-15 21:18:41,566 [main] INFO  net.NodeSchemaLoader (NodeSchemaLoader.java:loadSchemaFromFile(125)) - Loading file from sun.misc.CompoundEnumeration@1c84d80a
2019-10-15 21:18:41,567 [main] INFO  net.NodeSchemaLoader (NodeSchemaLoader.java:loadSchema(171)) - Loading network topology layer schema file
2019-10-15 21:18:41,572 [main] INFO  node.SCMNodeManager (SCMNodeManager.java:<init>(116)) - Entering startup safe mode.
2019-10-15 21:18:41,573 [main] INFO  algorithms.ContainerPlacementPolicyFactory (ContainerPlacementPolicyFactory.java:getPolicy(57)) - Create container placement policy of type org.apache.hadoop.hdds.scm.container.placement.algorithms.SCMContainerPlacementRandom
2019-10-15 21:18:41,574 [main] WARN  server.ServerUtils (ServerUtils.java:getScmDbDir(145)) - ozone.scm.db.dirs is not configured. We recommend adding this setting. Falling back to ozone.metadata.dirs instead.
2019-10-15 21:18:41,603 [main] INFO  pipeline.SCMPipelineManager (SCMPipelineManager.java:initializePipelineState(132)) - No pipeline exists in current db
2019-10-15 21:18:41,603 [main] WARN  server.ServerUtils (ServerUtils.java:getScmDbDir(145)) - ozone.scm.db.dirs is not configured. We recommend adding this setting. Falling back to ozone.metadata.dirs instead.
2019-10-15 21:18:41,642 [main] WARN  events.EventQueue (EventQueue.java:fireEvent(183)) - No event handler registered for event TypedEvent{payloadType=SafeModeStatus, name='SafeModeStatus'}
2019-10-15 21:18:41,643 [main] INFO  ipc.CallQueueManager (CallQueueManager.java:<init>(84)) - Using callQueue: class java.util.concurrent.LinkedBlockingQueue, queueCapacity: 2000, scheduler: class org.apache.hadoop.ipc.DefaultRpcScheduler, ipcBackoff: false.
2019-10-15 21:18:41,644 [Socket Reader #1 for port 43782] INFO  ipc.Server (Server.java:run(1074)) - Starting Socket Reader #1 for port 43782
2019-10-15 21:18:41,647 [main] INFO  ipc.CallQueueManager (CallQueueManager.java:<init>(84)) - Using callQueue: class java.util.concurrent.LinkedBlockingQueue, queueCapacity: 2000, scheduler: class org.apache.hadoop.ipc.DefaultRpcScheduler, ipcBackoff: false.
2019-10-15 21:18:41,648 [Socket Reader #1 for port 37666] INFO  ipc.Server (Server.java:run(1074)) - Starting Socket Reader #1 for port 37666
2019-10-15 21:18:41,649 [main] INFO  ipc.CallQueueManager (CallQueueManager.java:<init>(84)) - Using callQueue: class java.util.concurrent.LinkedBlockingQueue, queueCapacity: 2000, scheduler: class org.apache.hadoop.ipc.DefaultRpcScheduler, ipcBackoff: false.
2019-10-15 21:18:41,650 [Socket Reader #1 for port 33099] INFO  ipc.Server (Server.java:run(1074)) - Starting Socket Reader #1 for port 33099
2019-10-15 21:18:41,652 [main] INFO  hdfs.DFSUtil (DFSUtil.java:httpServerTemplateForNNAndJN(1641)) - Starting Web-server for scm at: http://0.0.0.0:0
2019-10-15 21:18:41,654 [main] INFO  server.AuthenticationFilter (AuthenticationFilter.java:constructSecretProvider(240)) - Unable to initialize FileSignerSecretProvider, falling back to use random secrets.
2019-10-15 21:18:41,655 [main] WARN  http.HttpRequestLog (HttpRequestLog.java:getRequestLog(97)) - Jetty request log can only be enabled using Log4j
2019-10-15 21:18:41,656 [main] INFO  http.HttpServer2 (HttpServer2.java:addGlobalFilter(975)) - Added global filter 'safety' (class=org.apache.hadoop.http.HttpServer2$QuotingInputFilter)
2019-10-15 21:18:41,657 [main] INFO  http.HttpServer2 (HttpServer2.java:addFilter(948)) - Added filter static_user_filter (class=org.apache.hadoop.http.lib.StaticUserWebFilter$StaticUserFilter) to context scm
2019-10-15 21:18:41,657 [main] INFO  http.HttpServer2 (HttpServer2.java:addFilter(958)) - Added filter static_user_filter (class=org.apache.hadoop.http.lib.StaticUserWebFilter$StaticUserFilter) to context logs
2019-10-15 21:18:41,657 [main] INFO  http.HttpServer2 (HttpServer2.java:addFilter(958)) - Added filter static_user_filter (class=org.apache.hadoop.http.lib.StaticUserWebFilter$StaticUserFilter) to context static
2019-10-15 21:18:41,659 [main] INFO  server.StorageContainerManager (StorageContainerManager.java:start(772)) - StorageContainerLocationProtocol RPC server is listening at /0.0.0.0:33099
2019-10-15 21:18:41,661 [main] WARN  impl.MetricsConfig (MetricsConfig.java:loadFirst(134)) - Cannot locate configuration: tried hadoop-metrics2-storagecontainermanager.properties,hadoop-metrics2.properties
2019-10-15 21:18:41,662 [main] INFO  impl.MetricsSystemImpl (MetricsSystemImpl.java:startTimer(374)) - Scheduled Metric snapshot period at 10 second(s).
2019-10-15 21:18:41,662 [main] INFO  impl.MetricsSystemImpl (MetricsSystemImpl.java:start(191)) - StorageContainerManager metrics system started
2019-10-15 21:18:41,869 [main] WARN  impl.MetricsSystemImpl (MetricsSystemImpl.java:register(276)) - Sink prometheus already exists!
2019-10-15 21:18:41,955 [main] INFO  server.SCMClientProtocolServer (SCMClientProtocolServer.java:start(159)) - RPC server for Client  is listening at /0.0.0.0:33099
2019-10-15 21:18:41,955 [IPC Server Responder] INFO  ipc.Server (Server.java:run(1314)) - IPC Server Responder: starting
2019-10-15 21:18:41,955 [IPC Server listener on 33099] INFO  ipc.Server (Server.java:run(1153)) - IPC Server listener on 33099: starting
2019-10-15 21:18:41,961 [main] INFO  server.StorageContainerManager (StorageContainerManager.java:start(782)) - ScmBlockLocationProtocol RPC server is listening at /0.0.0.0:37666
2019-10-15 21:18:41,961 [main] INFO  server.SCMBlockProtocolServer (SCMBlockProtocolServer.java:start(146)) - RPC server for Block Protocol is listening at /0.0.0.0:37666
2019-10-15 21:18:41,961 [IPC Server Responder] INFO  ipc.Server (Server.java:run(1314)) - IPC Server Responder: starting
2019-10-15 21:18:41,962 [IPC Server listener on 37666] INFO  ipc.Server (Server.java:run(1153)) - IPC Server listener on 37666: starting
2019-10-15 21:18:41,964 [main] INFO  server.StorageContainerManager (StorageContainerManager.java:start(786)) - ScmDatanodeProtocl RPC server is listening at /0.0.0.0:43782
2019-10-15 21:18:41,964 [main] INFO  server.SCMDatanodeProtocolServer (SCMDatanodeProtocolServer.java:start(169)) - RPC server for DataNodes is listening at /0.0.0.0:43782
2019-10-15 21:18:41,965 [IPC Server Responder] INFO  ipc.Server (Server.java:run(1314)) - IPC Server Responder: starting
2019-10-15 21:18:41,965 [IPC Server listener on 43782] INFO  ipc.Server (Server.java:run(1153)) - IPC Server listener on 43782: starting
2019-10-15 21:18:41,967 [main] INFO  http.HttpServer2 (HttpServer2.java:bindListener(1191)) - Jetty bound to port 35810
2019-10-15 21:18:41,967 [main] INFO  server.Server (Server.java:doStart(351)) - jetty-9.3.25.v20180904, build timestamp: 2018-09-04T21:11:46Z, git hash: 3ce520221d0240229c862b122d2b06c12a625732
2019-10-15 21:18:41,968 [main] INFO  handler.ContextHandler (ContextHandler.java:doStart(781)) - Started o.e.j.s.ServletContextHandler@55a0f011{/logs,file:///workdir/hadoop-ozone/integration-test/target/log,AVAILABLE}
2019-10-15 21:18:41,969 [main] INFO  handler.ContextHandler (ContextHandler.java:doStart(781)) - Started o.e.j.s.ServletContextHandler@39133244{/static,file:///workdir/hadoop-ozone/integration-test/target/test-classes/webapps/static,AVAILABLE}
2019-10-15 21:18:41,972 [main] INFO  handler.ContextHandler (ContextHandler.java:doStart(781)) - Started o.e.j.w.WebAppContext@7af327e3{/,file:///workdir/hadoop-ozone/integration-test/target/test-classes/webapps/scm/,AVAILABLE}{/scm}
2019-10-15 21:18:41,973 [main] INFO  server.AbstractConnector (AbstractConnector.java:doStart(278)) - Started ServerConnector@743d0d44{HTTP/1.1,[http/1.1]}{0.0.0.0:35810}
2019-10-15 21:18:41,974 [main] INFO  server.Server (Server.java:doStart(419)) - Started @235143ms
2019-10-15 21:18:41,974 [main] WARN  impl.MetricsSystemImpl (MetricsSystemImpl.java:register(276)) - Sink prometheus already exists!
2019-10-15 21:18:41,975 [main] INFO  server.BaseHttpServer (BaseHttpServer.java:updateConnectorAddress(215)) - HTTP server of SCM is listening at http://0.0.0.0:35810
2019-10-15 21:18:41,976 [main] WARN  server.ServerUtils (ServerUtils.java:getDBPath(222)) - ozone.om.db.dirs is not configured. We recommend adding this setting. Falling back to ozone.metadata.dirs instead.
2019-10-15 21:18:41,976 [org.apache.hadoop.util.JvmPauseMonitor$Monitor@6dd79214] INFO  util.JvmPauseMonitor (JvmPauseMonitor.java:run(188)) - Starting JVM pause monitor
2019-10-15 21:18:41,992 [main] INFO  ha.OMHANodeDetails (OMHANodeDetails.java:loadOMHAConfig(190)) - Configuration either no ozone.om.address set. Falling back to the default OM address /127.0.0.1:0
2019-10-15 21:18:41,992 [main] INFO  ha.OMHANodeDetails (OMHANodeDetails.java:getOMNodeDetails(220)) - OM Service ID is not set. Setting it to the default ID: omServiceIdDefault
2019-10-15 21:18:41,993 [main] WARN  server.ServerUtils (ServerUtils.java:getDBPath(222)) - ozone.om.db.dirs is not configured. We recommend adding this setting. Falling back to ozone.metadata.dirs instead.
2019-10-15 21:18:41,995 [main] WARN  server.ServerUtils (ServerUtils.java:getDBPath(222)) - ozone.om.db.dirs is not configured. We recommend adding this setting. Falling back to ozone.metadata.dirs instead.
2019-10-15 21:18:42,000 [main] WARN  server.ServerUtils (ServerUtils.java:getDBPath(222)) - ozone.om.db.dirs is not configured. We recommend adding this setting. Falling back to ozone.metadata.dirs instead.
2019-10-15 21:18:42,001 [main] INFO  db.DBStoreBuilder (DBStoreBuilder.java:addTable(117)) - using custom profile for table: userTable
2019-10-15 21:18:42,001 [main] INFO  db.DBStoreBuilder (DBStoreBuilder.java:processTables(168)) - Using default column profile:DBProfile.DISK for Table:userTable
2019-10-15 21:18:42,001 [main] INFO  db.DBStoreBuilder (DBStoreBuilder.java:addTable(117)) - using custom profile for table: volumeTable
2019-10-15 21:18:42,001 [main] INFO  db.DBStoreBuilder (DBStoreBuilder.java:processTables(168)) - Using default column profile:DBProfile.DISK for Table:volumeTable
2019-10-15 21:18:42,001 [main] INFO  db.DBStoreBuilder (DBStoreBuilder.java:addTable(117)) - using custom profile for table: bucketTable
2019-10-15 21:18:42,001 [main] INFO  db.DBStoreBuilder (DBStoreBuilder.java:processTables(168)) - Using default column profile:DBProfile.DISK for Table:bucketTable
2019-10-15 21:18:42,001 [main] INFO  db.DBStoreBuilder (DBStoreBuilder.java:addTable(117)) - using custom profile for table: keyTable
2019-10-15 21:18:42,002 [main] INFO  db.DBStoreBuilder (DBStoreBuilder.java:processTables(168)) - Using default column profile:DBProfile.DISK for Table:keyTable
2019-10-15 21:18:42,002 [main] INFO  db.DBStoreBuilder (DBStoreBuilder.java:addTable(117)) - using custom profile for table: deletedTable
2019-10-15 21:18:42,002 [main] INFO  db.DBStoreBuilder (DBStoreBuilder.java:processTables(168)) - Using default column profile:DBProfile.DISK for Table:deletedTable
2019-10-15 21:18:42,002 [main] INFO  db.DBStoreBuilder (DBStoreBuilder.java:addTable(117)) - using custom profile for table: openKeyTable
2019-10-15 21:18:42,002 [main] INFO  db.DBStoreBuilder (DBStoreBuilder.java:processTables(168)) - Using default column profile:DBProfile.DISK for Table:openKeyTable
2019-10-15 21:18:42,002 [main] INFO  db.DBStoreBuilder (DBStoreBuilder.java:addTable(117)) - using custom profile for table: s3Table
2019-10-15 21:18:42,002 [main] INFO  db.DBStoreBuilder (DBStoreBuilder.java:processTables(168)) - Using default column profile:DBProfile.DISK for Table:s3Table
2019-10-15 21:18:42,002 [main] INFO  db.DBStoreBuilder (DBStoreBuilder.java:addTable(117)) - using custom profile for table: multipartInfoTable
2019-10-15 21:18:42,002 [main] INFO  db.DBStoreBuilder (DBStoreBuilder.java:processTables(168)) - Using default column profile:DBProfile.DISK for Table:multipartInfoTable
2019-10-15 21:18:42,003 [main] INFO  db.DBStoreBuilder (DBStoreBuilder.java:addTable(117)) - using custom profile for table: dTokenTable
2019-10-15 21:18:42,003 [main] INFO  db.DBStoreBuilder (DBStoreBuilder.java:processTables(168)) - Using default column profile:DBProfile.DISK for Table:dTokenTable
2019-10-15 21:18:42,003 [main] INFO  db.DBStoreBuilder (DBStoreBuilder.java:addTable(117)) - using custom profile for table: s3SecretTable
2019-10-15 21:18:42,003 [main] INFO  db.DBStoreBuilder (DBStoreBuilder.java:processTables(168)) - Using default column profile:DBProfile.DISK for Table:s3SecretTable
2019-10-15 21:18:42,003 [main] INFO  db.DBStoreBuilder (DBStoreBuilder.java:addTable(117)) - using custom profile for table: prefixTable
2019-10-15 21:18:42,003 [main] INFO  db.DBStoreBuilder (DBStoreBuilder.java:processTables(168)) - Using default column profile:DBProfile.DISK for Table:prefixTable
2019-10-15 21:18:42,003 [main] INFO  db.DBStoreBuilder (DBStoreBuilder.java:addTable(117)) - using custom profile for table: default
2019-10-15 21:18:42,003 [main] INFO  db.DBStoreBuilder (DBStoreBuilder.java:processTables(174)) - Using default column profile:DBProfile.DISK for Table:default
2019-10-15 21:18:42,004 [main] INFO  db.DBStoreBuilder (DBStoreBuilder.java:getDbProfile(205)) - Using default options. DBProfile.DISK
2019-10-15 21:18:42,350 [main] INFO  ipc.CallQueueManager (CallQueueManager.java:<init>(84)) - Using callQueue: class java.util.concurrent.LinkedBlockingQueue, queueCapacity: 2000, scheduler: class org.apache.hadoop.ipc.DefaultRpcScheduler, ipcBackoff: false.
2019-10-15 21:18:42,350 [Socket Reader #1 for port 46069] INFO  ipc.Server (Server.java:run(1074)) - Starting Socket Reader #1 for port 46069
2019-10-15 21:18:42,363 [main] INFO  om.OzoneManager (OzoneManager.java:start(1074)) - OzoneManager RPC server is listening at localhost/127.0.0.1:46069
2019-10-15 21:18:42,363 [main] INFO  impl.MetricsSystemImpl (MetricsSystemImpl.java:init(158)) - OzoneManager metrics system started (again)
2019-10-15 21:18:42,366 [IPC Server Responder] INFO  ipc.Server (Server.java:run(1314)) - IPC Server Responder: starting
2019-10-15 21:18:42,366 [IPC Server listener on 46069] INFO  ipc.Server (Server.java:run(1153)) - IPC Server listener on 46069: starting
2019-10-15 21:18:42,370 [main] INFO  hdfs.DFSUtil (DFSUtil.java:httpServerTemplateForNNAndJN(1641)) - Starting Web-server for ozoneManager at: http://0.0.0.0:0
2019-10-15 21:18:42,372 [main] INFO  server.AuthenticationFilter (AuthenticationFilter.java:constructSecretProvider(240)) - Unable to initialize FileSignerSecretProvider, falling back to use random secrets.
2019-10-15 21:18:42,372 [main] WARN  http.HttpRequestLog (HttpRequestLog.java:getRequestLog(97)) - Jetty request log can only be enabled using Log4j
2019-10-15 21:18:42,374 [main] INFO  http.HttpServer2 (HttpServer2.java:addGlobalFilter(975)) - Added global filter 'safety' (class=org.apache.hadoop.http.HttpServer2$QuotingInputFilter)
2019-10-15 21:18:42,375 [main] INFO  http.HttpServer2 (HttpServer2.java:addFilter(948)) - Added filter static_user_filter (class=org.apache.hadoop.http.lib.StaticUserWebFilter$StaticUserFilter) to context ozoneManager
2019-10-15 21:18:42,375 [main] INFO  http.HttpServer2 (HttpServer2.java:addFilter(958)) - Added filter static_user_filter (class=org.apache.hadoop.http.lib.StaticUserWebFilter$StaticUserFilter) to context logs
2019-10-15 21:18:42,375 [main] INFO  http.HttpServer2 (HttpServer2.java:addFilter(958)) - Added filter static_user_filter (class=org.apache.hadoop.http.lib.StaticUserWebFilter$StaticUserFilter) to context static
2019-10-15 21:18:42,376 [main] INFO  http.HttpServer2 (HttpServer2.java:bindListener(1191)) - Jetty bound to port 36121
2019-10-15 21:18:42,376 [main] INFO  server.Server (Server.java:doStart(351)) - jetty-9.3.25.v20180904, build timestamp: 2018-09-04T21:11:46Z, git hash: 3ce520221d0240229c862b122d2b06c12a625732
2019-10-15 21:18:42,377 [main] INFO  handler.ContextHandler (ContextHandler.java:doStart(781)) - Started o.e.j.s.ServletContextHandler@700b9e6b{/logs,file:///workdir/hadoop-ozone/integration-test/target/log,AVAILABLE}
2019-10-15 21:18:42,378 [main] INFO  handler.ContextHandler (ContextHandler.java:doStart(781)) - Started o.e.j.s.ServletContextHandler@150fc7a7{/static,file:///workdir/hadoop-ozone/integration-test/target/test-classes/webapps/static,AVAILABLE}
2019-10-15 21:18:42,382 [main] INFO  handler.ContextHandler (ContextHandler.java:doStart(781)) - Started o.e.j.w.WebAppContext@4b93dd6a{/,file:///workdir/hadoop-ozone/integration-test/target/test-classes/webapps/ozoneManager/,AVAILABLE}{/ozoneManager}
2019-10-15 21:18:42,382 [main] INFO  server.AbstractConnector (AbstractConnector.java:doStart(278)) - Started ServerConnector@582a3b19{HTTP/1.1,[http/1.1]}{0.0.0.0:36121}
2019-10-15 21:18:42,383 [main] INFO  server.Server (Server.java:doStart(419)) - Started @235553ms
2019-10-15 21:18:42,383 [main] WARN  impl.MetricsSystemImpl (MetricsSystemImpl.java:register(276)) - Sink prometheus already exists!
2019-10-15 21:18:42,384 [main] INFO  server.BaseHttpServer (BaseHttpServer.java:updateConnectorAddress(215)) - HTTP server of OZONEMANAGER is listening at http://0.0.0.0:36121
2019-10-15 21:18:42,411 [main] INFO  impl.MetricsSystemImpl (MetricsSystemImpl.java:init(158)) - HddsDatanode metrics system started (again)
2019-10-15 21:18:42,417 [main] INFO  ozone.HddsDatanodeService (HddsDatanodeService.java:start(184)) - HddsDatanodeService host:pr-hdds-2254-trunk-ddzgt-1485873308 ip:192.168.69.102
2019-10-15 21:18:42,424 [main] INFO  volume.HddsVolume (HddsVolume.java:<init>(176)) - Creating Volume: /workdir/hadoop-ozone/integration-test/target/test-dir/MiniOzoneClusterImpl-31458ddc-69ad-405c-a8b1-f839bd3d9382/datanode-0/data/containers/hdds of  storage type : DISK and capacity : 1482555576320
2019-10-15 21:18:42,424 [main] INFO  volume.VolumeSet (VolumeSet.java:initializeVolumeSet(170)) - Added Volume : /workdir/hadoop-ozone/integration-test/target/test-dir/MiniOzoneClusterImpl-31458ddc-69ad-405c-a8b1-f839bd3d9382/datanode-0/data/containers/hdds to VolumeSet
2019-10-15 21:18:42,425 [main] INFO  volume.ThrottledAsyncChecker (ThrottledAsyncChecker.java:schedule(141)) - Scheduling a check for /workdir/hadoop-ozone/integration-test/target/test-dir/MiniOzoneClusterImpl-31458ddc-69ad-405c-a8b1-f839bd3d9382/datanode-0/data/containers/hdds
2019-10-15 21:18:42,425 [main] INFO  volume.HddsVolumeChecker (HddsVolumeChecker.java:checkAllVolumes(204)) - Scheduled health check for volume /workdir/hadoop-ozone/integration-test/target/test-dir/MiniOzoneClusterImpl-31458ddc-69ad-405c-a8b1-f839bd3d9382/datanode-0/data/containers/hdds
2019-10-15 21:18:42,440 [main] INFO  impl.RaftServerProxy (ConfUtils.java:logGet(43)) - raft.rpc.type = GRPC (default)
2019-10-15 21:18:42,440 [main] INFO  grpc.GrpcFactory (GrpcFactory.java:checkPooledByteBufAllocatorUseCacheForAllThreads(45)) - PERFORMANCE WARNING: useCacheForAllThreads is true that may cause Netty to create a lot garbage objects and, as a result, trigger GC.
	It is recommended to disable useCacheForAllThreads by setting -Dorg.apache.ratis.thirdparty.io.netty.allocator.useCacheForAllThreads=false in command line.
2019-10-15 21:18:42,441 [main] INFO  grpc.GrpcConfigKeys$Server (ConfUtils.java:logGet(43)) - raft.grpc.server.port = 0 (default)
2019-10-15 21:18:42,441 [main] INFO  server.GrpcService (ConfUtils.java:logGet(43)) - raft.grpc.message.size.max = 33570816 (custom)
2019-10-15 21:18:42,441 [main] INFO  server.RaftServerConfigKeys (ConfUtils.java:logGet(43)) - raft.server.log.appender.buffer.byte-limit = 33554432 (custom)
2019-10-15 21:18:42,441 [main] INFO  server.GrpcService (ConfUtils.java:logGet(43)) - raft.grpc.flow.control.window = 1MB (=1048576) (default)
2019-10-15 21:18:42,442 [main] INFO  server.RaftServerConfigKeys (ConfUtils.java:logGet(43)) - raft.server.rpc.request.timeout = 3000ms (default)
2019-10-15 21:18:42,442 [main] INFO  server.RaftServerConfigKeys (ConfUtils.java:logGet(43)) - raft.server.storage.dir = [/workdir/hadoop-ozone/integration-test/target/test-dir/MiniOzoneClusterImpl-31458ddc-69ad-405c-a8b1-f839bd3d9382/datanode-0/data/ratis] (custom)
2019-10-15 21:18:42,444 [main] INFO  hdfs.DFSUtil (DFSUtil.java:httpServerTemplateForNNAndJN(1641)) - Starting Web-server for hddsDatanode at: http://0.0.0.0:0
2019-10-15 21:18:42,446 [main] INFO  server.AuthenticationFilter (AuthenticationFilter.java:constructSecretProvider(240)) - Unable to initialize FileSignerSecretProvider, falling back to use random secrets.
2019-10-15 21:18:42,446 [main] WARN  http.HttpRequestLog (HttpRequestLog.java:getRequestLog(97)) - Jetty request log can only be enabled using Log4j
2019-10-15 21:18:42,448 [main] INFO  http.HttpServer2 (HttpServer2.java:addGlobalFilter(975)) - Added global filter 'safety' (class=org.apache.hadoop.http.HttpServer2$QuotingInputFilter)
2019-10-15 21:18:42,449 [main] INFO  http.HttpServer2 (HttpServer2.java:addFilter(948)) - Added filter static_user_filter (class=org.apache.hadoop.http.lib.StaticUserWebFilter$StaticUserFilter) to context hddsDatanode
2019-10-15 21:18:42,449 [main] INFO  http.HttpServer2 (HttpServer2.java:addFilter(958)) - Added filter static_user_filter (class=org.apache.hadoop.http.lib.StaticUserWebFilter$StaticUserFilter) to context static
2019-10-15 21:18:42,449 [main] INFO  http.HttpServer2 (HttpServer2.java:addFilter(958)) - Added filter static_user_filter (class=org.apache.hadoop.http.lib.StaticUserWebFilter$StaticUserFilter) to context logs
2019-10-15 21:18:42,450 [main] INFO  http.HttpServer2 (HttpServer2.java:bindListener(1191)) - Jetty bound to port 39296
2019-10-15 21:18:42,450 [main] INFO  server.Server (Server.java:doStart(351)) - jetty-9.3.25.v20180904, build timestamp: 2018-09-04T21:11:46Z, git hash: 3ce520221d0240229c862b122d2b06c12a625732
2019-10-15 21:18:42,452 [main] INFO  handler.ContextHandler (ContextHandler.java:doStart(781)) - Started o.e.j.s.ServletContextHandler@3a3883c4{/logs,file:///workdir/hadoop-ozone/integration-test/target/log,AVAILABLE}
2019-10-15 21:18:42,452 [main] INFO  handler.ContextHandler (ContextHandler.java:doStart(781)) - Started o.e.j.s.ServletContextHandler@573aeab2{/static,jar:file:/home/user/.m2/repository/org/apache/hadoop/hadoop-hdds-container-service/0.5.0-SNAPSHOT/hadoop-hdds-container-service-0.5.0-SNAPSHOT.jar!/webapps/static,AVAILABLE}
2019-10-15 21:18:42,487 [main] INFO  handler.ContextHandler (ContextHandler.java:doStart(781)) - Started o.e.j.w.WebAppContext@66756662{/,file:///tmp/jetty-0.0.0.0-39296-hddsDatanode-_-any-7448502348443455713.dir/webapp/,AVAILABLE}{/hddsDatanode}
2019-10-15 21:18:42,487 [main] INFO  server.AbstractConnector (AbstractConnector.java:doStart(278)) - Started ServerConnector@5d14e99e{HTTP/1.1,[http/1.1]}{0.0.0.0:39296}
2019-10-15 21:18:42,489 [main] INFO  server.Server (Server.java:doStart(419)) - Started @235658ms
2019-10-15 21:18:42,489 [main] WARN  impl.MetricsSystemImpl (MetricsSystemImpl.java:register(276)) - Sink prometheus already exists!
2019-10-15 21:18:42,490 [main] INFO  server.BaseHttpServer (BaseHttpServer.java:updateConnectorAddress(215)) - HTTP server of HDDSDATANODE is listening at http://0.0.0.0:39296
2019-10-15 21:18:42,490 [main] INFO  impl.MetricsSystemImpl (MetricsSystemImpl.java:init(158)) - HddsDatanode metrics system started (again)
2019-10-15 21:18:42,496 [org.apache.hadoop.util.JvmPauseMonitor$Monitor@61d7efbd] INFO  util.JvmPauseMonitor (JvmPauseMonitor.java:run(188)) - Starting JVM pause monitor
2019-10-15 21:18:42,498 [main] INFO  ozone.HddsDatanodeService (HddsDatanodeService.java:start(184)) - HddsDatanodeService host:pr-hdds-2254-trunk-ddzgt-1485873308 ip:192.168.69.102
2019-10-15 21:18:42,498 [Datanode State Machine Thread - 0] INFO  datanode.InitDatanodeState (InitDatanodeState.java:persistContainerDatanodeDetails(140)) - DatanodeDetails is persisted to /workdir/hadoop-ozone/integration-test/target/test-dir/MiniOzoneClusterImpl-31458ddc-69ad-405c-a8b1-f839bd3d9382/datanode-0/meta/datanode.id
2019-10-15 21:18:42,504 [main] INFO  volume.HddsVolume (HddsVolume.java:<init>(176)) - Creating Volume: /workdir/hadoop-ozone/integration-test/target/test-dir/MiniOzoneClusterImpl-31458ddc-69ad-405c-a8b1-f839bd3d9382/datanode-1/data/containers/hdds of  storage type : DISK and capacity : 1482555576320
2019-10-15 21:18:42,504 [main] INFO  volume.VolumeSet (VolumeSet.java:initializeVolumeSet(170)) - Added Volume : /workdir/hadoop-ozone/integration-test/target/test-dir/MiniOzoneClusterImpl-31458ddc-69ad-405c-a8b1-f839bd3d9382/datanode-1/data/containers/hdds to VolumeSet
2019-10-15 21:18:42,505 [main] INFO  volume.ThrottledAsyncChecker (ThrottledAsyncChecker.java:schedule(141)) - Scheduling a check for /workdir/hadoop-ozone/integration-test/target/test-dir/MiniOzoneClusterImpl-31458ddc-69ad-405c-a8b1-f839bd3d9382/datanode-1/data/containers/hdds
2019-10-15 21:18:42,505 [main] INFO  volume.HddsVolumeChecker (HddsVolumeChecker.java:checkAllVolumes(204)) - Scheduled health check for volume /workdir/hadoop-ozone/integration-test/target/test-dir/MiniOzoneClusterImpl-31458ddc-69ad-405c-a8b1-f839bd3d9382/datanode-1/data/containers/hdds
2019-10-15 21:18:42,523 [main] INFO  impl.RaftServerProxy (ConfUtils.java:logGet(43)) - raft.rpc.type = GRPC (default)
2019-10-15 21:18:42,523 [main] INFO  grpc.GrpcFactory (GrpcFactory.java:checkPooledByteBufAllocatorUseCacheForAllThreads(45)) - PERFORMANCE WARNING: useCacheForAllThreads is true that may cause Netty to create a lot garbage objects and, as a result, trigger GC.
	It is recommended to disable useCacheForAllThreads by setting -Dorg.apache.ratis.thirdparty.io.netty.allocator.useCacheForAllThreads=false in command line.
2019-10-15 21:18:42,523 [main] INFO  grpc.GrpcConfigKeys$Server (ConfUtils.java:logGet(43)) - raft.grpc.server.port = 0 (default)
2019-10-15 21:18:42,524 [main] INFO  server.GrpcService (ConfUtils.java:logGet(43)) - raft.grpc.message.size.max = 33570816 (custom)
2019-10-15 21:18:42,524 [main] INFO  server.RaftServerConfigKeys (ConfUtils.java:logGet(43)) - raft.server.log.appender.buffer.byte-limit = 33554432 (custom)
2019-10-15 21:18:42,524 [main] INFO  server.GrpcService (ConfUtils.java:logGet(43)) - raft.grpc.flow.control.window = 1MB (=1048576) (default)
2019-10-15 21:18:42,524 [main] INFO  server.RaftServerConfigKeys (ConfUtils.java:logGet(43)) - raft.server.rpc.request.timeout = 3000ms (default)
2019-10-15 21:18:42,525 [main] INFO  server.RaftServerConfigKeys (ConfUtils.java:logGet(43)) - raft.server.storage.dir = [/workdir/hadoop-ozone/integration-test/target/test-dir/MiniOzoneClusterImpl-31458ddc-69ad-405c-a8b1-f839bd3d9382/datanode-1/data/ratis] (custom)
2019-10-15 21:18:42,526 [main] INFO  hdfs.DFSUtil (DFSUtil.java:httpServerTemplateForNNAndJN(1641)) - Starting Web-server for hddsDatanode at: http://0.0.0.0:0
2019-10-15 21:18:42,528 [main] INFO  server.AuthenticationFilter (AuthenticationFilter.java:constructSecretProvider(240)) - Unable to initialize FileSignerSecretProvider, falling back to use random secrets.
2019-10-15 21:18:42,528 [main] WARN  http.HttpRequestLog (HttpRequestLog.java:getRequestLog(97)) - Jetty request log can only be enabled using Log4j
2019-10-15 21:18:42,530 [main] INFO  http.HttpServer2 (HttpServer2.java:addGlobalFilter(975)) - Added global filter 'safety' (class=org.apache.hadoop.http.HttpServer2$QuotingInputFilter)
2019-10-15 21:18:42,531 [main] INFO  http.HttpServer2 (HttpServer2.java:addFilter(948)) - Added filter static_user_filter (class=org.apache.hadoop.http.lib.StaticUserWebFilter$StaticUserFilter) to context hddsDatanode
2019-10-15 21:18:42,531 [main] INFO  http.HttpServer2 (HttpServer2.java:addFilter(958)) - Added filter static_user_filter (class=org.apache.hadoop.http.lib.StaticUserWebFilter$StaticUserFilter) to context logs
2019-10-15 21:18:42,531 [main] INFO  http.HttpServer2 (HttpServer2.java:addFilter(958)) - Added filter static_user_filter (class=org.apache.hadoop.http.lib.StaticUserWebFilter$StaticUserFilter) to context static
2019-10-15 21:18:42,532 [main] INFO  http.HttpServer2 (HttpServer2.java:bindListener(1191)) - Jetty bound to port 45547
2019-10-15 21:18:42,532 [main] INFO  server.Server (Server.java:doStart(351)) - jetty-9.3.25.v20180904, build timestamp: 2018-09-04T21:11:46Z, git hash: 3ce520221d0240229c862b122d2b06c12a625732
2019-10-15 21:18:42,534 [main] INFO  handler.ContextHandler (ContextHandler.java:doStart(781)) - Started o.e.j.s.ServletContextHandler@3e9beef2{/logs,file:///workdir/hadoop-ozone/integration-test/target/log,AVAILABLE}
2019-10-15 21:18:42,534 [main] INFO  handler.ContextHandler (ContextHandler.java:doStart(781)) - Started o.e.j.s.ServletContextHandler@3111631d{/static,jar:file:/home/user/.m2/repository/org/apache/hadoop/hadoop-hdds-container-service/0.5.0-SNAPSHOT/hadoop-hdds-container-service-0.5.0-SNAPSHOT.jar!/webapps/static,AVAILABLE}
2019-10-15 21:18:42,572 [main] INFO  handler.ContextHandler (ContextHandler.java:doStart(781)) - Started o.e.j.w.WebAppContext@68aec50{/,file:///tmp/jetty-0.0.0.0-45547-hddsDatanode-_-any-3145764104531041746.dir/webapp/,AVAILABLE}{/hddsDatanode}
2019-10-15 21:18:42,573 [main] INFO  server.AbstractConnector (AbstractConnector.java:doStart(278)) - Started ServerConnector@6aff97d6{HTTP/1.1,[http/1.1]}{0.0.0.0:45547}
2019-10-15 21:18:42,574 [main] INFO  server.Server (Server.java:doStart(419)) - Started @235744ms
2019-10-15 21:18:42,575 [main] WARN  impl.MetricsSystemImpl (MetricsSystemImpl.java:register(276)) - Sink prometheus already exists!
2019-10-15 21:18:42,576 [main] INFO  server.BaseHttpServer (BaseHttpServer.java:updateConnectorAddress(215)) - HTTP server of HDDSDATANODE is listening at http://0.0.0.0:45547
2019-10-15 21:18:42,576 [main] INFO  impl.MetricsSystemImpl (MetricsSystemImpl.java:init(158)) - HddsDatanode metrics system started (again)
2019-10-15 21:18:42,583 [org.apache.hadoop.util.JvmPauseMonitor$Monitor@460ec895] INFO  util.JvmPauseMonitor (JvmPauseMonitor.java:run(188)) - Starting JVM pause monitor
2019-10-15 21:18:42,584 [Datanode State Machine Thread - 0] INFO  datanode.InitDatanodeState (InitDatanodeState.java:persistContainerDatanodeDetails(140)) - DatanodeDetails is persisted to /workdir/hadoop-ozone/integration-test/target/test-dir/MiniOzoneClusterImpl-31458ddc-69ad-405c-a8b1-f839bd3d9382/datanode-1/meta/datanode.id
2019-10-15 21:18:42,584 [main] INFO  ozone.HddsDatanodeService (HddsDatanodeService.java:start(184)) - HddsDatanodeService host:pr-hdds-2254-trunk-ddzgt-1485873308 ip:192.168.69.102
2019-10-15 21:18:42,590 [main] INFO  volume.HddsVolume (HddsVolume.java:<init>(176)) - Creating Volume: /workdir/hadoop-ozone/integration-test/target/test-dir/MiniOzoneClusterImpl-31458ddc-69ad-405c-a8b1-f839bd3d9382/datanode-2/data/containers/hdds of  storage type : DISK and capacity : 1482555576320
2019-10-15 21:18:42,590 [main] INFO  volume.VolumeSet (VolumeSet.java:initializeVolumeSet(170)) - Added Volume : /workdir/hadoop-ozone/integration-test/target/test-dir/MiniOzoneClusterImpl-31458ddc-69ad-405c-a8b1-f839bd3d9382/datanode-2/data/containers/hdds to VolumeSet
2019-10-15 21:18:42,590 [main] INFO  volume.ThrottledAsyncChecker (ThrottledAsyncChecker.java:schedule(141)) - Scheduling a check for /workdir/hadoop-ozone/integration-test/target/test-dir/MiniOzoneClusterImpl-31458ddc-69ad-405c-a8b1-f839bd3d9382/datanode-2/data/containers/hdds
2019-10-15 21:18:42,591 [main] INFO  volume.HddsVolumeChecker (HddsVolumeChecker.java:checkAllVolumes(204)) - Scheduled health check for volume /workdir/hadoop-ozone/integration-test/target/test-dir/MiniOzoneClusterImpl-31458ddc-69ad-405c-a8b1-f839bd3d9382/datanode-2/data/containers/hdds
2019-10-15 21:18:42,605 [main] INFO  impl.RaftServerProxy (ConfUtils.java:logGet(43)) - raft.rpc.type = GRPC (default)
2019-10-15 21:18:42,605 [main] INFO  grpc.GrpcFactory (GrpcFactory.java:checkPooledByteBufAllocatorUseCacheForAllThreads(45)) - PERFORMANCE WARNING: useCacheForAllThreads is true that may cause Netty to create a lot garbage objects and, as a result, trigger GC.
	It is recommended to disable useCacheForAllThreads by setting -Dorg.apache.ratis.thirdparty.io.netty.allocator.useCacheForAllThreads=false in command line.
2019-10-15 21:18:42,605 [main] INFO  grpc.GrpcConfigKeys$Server (ConfUtils.java:logGet(43)) - raft.grpc.server.port = 0 (default)
2019-10-15 21:18:42,605 [main] INFO  server.GrpcService (ConfUtils.java:logGet(43)) - raft.grpc.message.size.max = 33570816 (custom)
2019-10-15 21:18:42,606 [main] INFO  server.RaftServerConfigKeys (ConfUtils.java:logGet(43)) - raft.server.log.appender.buffer.byte-limit = 33554432 (custom)
2019-10-15 21:18:42,606 [main] INFO  server.GrpcService (ConfUtils.java:logGet(43)) - raft.grpc.flow.control.window = 1MB (=1048576) (default)
2019-10-15 21:18:42,606 [main] INFO  server.RaftServerConfigKeys (ConfUtils.java:logGet(43)) - raft.server.rpc.request.timeout = 3000ms (default)
2019-10-15 21:18:42,607 [main] INFO  server.RaftServerConfigKeys (ConfUtils.java:logGet(43)) - raft.server.storage.dir = [/workdir/hadoop-ozone/integration-test/target/test-dir/MiniOzoneClusterImpl-31458ddc-69ad-405c-a8b1-f839bd3d9382/datanode-2/data/ratis] (custom)
2019-10-15 21:18:42,608 [main] INFO  hdfs.DFSUtil (DFSUtil.java:httpServerTemplateForNNAndJN(1641)) - Starting Web-server for hddsDatanode at: http://0.0.0.0:0
2019-10-15 21:18:42,610 [main] INFO  server.AuthenticationFilter (AuthenticationFilter.java:constructSecretProvider(240)) - Unable to initialize FileSignerSecretProvider, falling back to use random secrets.
2019-10-15 21:18:42,610 [main] WARN  http.HttpRequestLog (HttpRequestLog.java:getRequestLog(97)) - Jetty request log can only be enabled using Log4j
2019-10-15 21:18:42,612 [main] INFO  http.HttpServer2 (HttpServer2.java:addGlobalFilter(975)) - Added global filter 'safety' (class=org.apache.hadoop.http.HttpServer2$QuotingInputFilter)
2019-10-15 21:18:42,613 [main] INFO  http.HttpServer2 (HttpServer2.java:addFilter(948)) - Added filter static_user_filter (class=org.apache.hadoop.http.lib.StaticUserWebFilter$StaticUserFilter) to context hddsDatanode
2019-10-15 21:18:42,613 [main] INFO  http.HttpServer2 (HttpServer2.java:addFilter(958)) - Added filter static_user_filter (class=org.apache.hadoop.http.lib.StaticUserWebFilter$StaticUserFilter) to context logs
2019-10-15 21:18:42,613 [main] INFO  http.HttpServer2 (HttpServer2.java:addFilter(958)) - Added filter static_user_filter (class=org.apache.hadoop.http.lib.StaticUserWebFilter$StaticUserFilter) to context static
2019-10-15 21:18:42,614 [main] INFO  http.HttpServer2 (HttpServer2.java:bindListener(1191)) - Jetty bound to port 37353
2019-10-15 21:18:42,614 [main] INFO  server.Server (Server.java:doStart(351)) - jetty-9.3.25.v20180904, build timestamp: 2018-09-04T21:11:46Z, git hash: 3ce520221d0240229c862b122d2b06c12a625732
2019-10-15 21:18:42,615 [main] INFO  handler.ContextHandler (ContextHandler.java:doStart(781)) - Started o.e.j.s.ServletContextHandler@426c0486{/logs,file:///workdir/hadoop-ozone/integration-test/target/log,AVAILABLE}
2019-10-15 21:18:42,616 [main] INFO  handler.ContextHandler (ContextHandler.java:doStart(781)) - Started o.e.j.s.ServletContextHandler@5002fde9{/static,jar:file:/home/user/.m2/repository/org/apache/hadoop/hadoop-hdds-container-service/0.5.0-SNAPSHOT/hadoop-hdds-container-service-0.5.0-SNAPSHOT.jar!/webapps/static,AVAILABLE}
2019-10-15 21:18:42,648 [main] INFO  handler.ContextHandler (ContextHandler.java:doStart(781)) - Started o.e.j.w.WebAppContext@52621501{/,file:///tmp/jetty-0.0.0.0-37353-hddsDatanode-_-any-850913235677125982.dir/webapp/,AVAILABLE}{/hddsDatanode}
2019-10-15 21:18:42,648 [main] INFO  server.AbstractConnector (AbstractConnector.java:doStart(278)) - Started ServerConnector@401e02b4{HTTP/1.1,[http/1.1]}{0.0.0.0:37353}
2019-10-15 21:18:42,650 [main] INFO  server.Server (Server.java:doStart(419)) - Started @235819ms
2019-10-15 21:18:42,650 [main] WARN  impl.MetricsSystemImpl (MetricsSystemImpl.java:register(276)) - Sink prometheus already exists!
2019-10-15 21:18:42,651 [main] INFO  server.BaseHttpServer (BaseHttpServer.java:updateConnectorAddress(215)) - HTTP server of HDDSDATANODE is listening at http://0.0.0.0:37353
2019-10-15 21:18:42,651 [main] INFO  impl.MetricsSystemImpl (MetricsSystemImpl.java:init(158)) - HddsDatanode metrics system started (again)
2019-10-15 21:18:42,658 [org.apache.hadoop.util.JvmPauseMonitor$Monitor@74bb1cb6] INFO  util.JvmPauseMonitor (JvmPauseMonitor.java:run(188)) - Starting JVM pause monitor
2019-10-15 21:18:42,659 [Datanode State Machine Thread - 0] INFO  datanode.InitDatanodeState (InitDatanodeState.java:persistContainerDatanodeDetails(140)) - DatanodeDetails is persisted to /workdir/hadoop-ozone/integration-test/target/test-dir/MiniOzoneClusterImpl-31458ddc-69ad-405c-a8b1-f839bd3d9382/datanode-2/meta/datanode.id
2019-10-15 21:18:42,659 [main] INFO  ozone.HddsDatanodeService (HddsDatanodeService.java:start(184)) - HddsDatanodeService host:pr-hdds-2254-trunk-ddzgt-1485873308 ip:192.168.69.102
2019-10-15 21:18:42,665 [main] INFO  volume.HddsVolume (HddsVolume.java:<init>(176)) - Creating Volume: /workdir/hadoop-ozone/integration-test/target/test-dir/MiniOzoneClusterImpl-31458ddc-69ad-405c-a8b1-f839bd3d9382/datanode-3/data/containers/hdds of  storage type : DISK and capacity : 1482555576320
2019-10-15 21:18:42,665 [main] INFO  volume.VolumeSet (VolumeSet.java:initializeVolumeSet(170)) - Added Volume : /workdir/hadoop-ozone/integration-test/target/test-dir/MiniOzoneClusterImpl-31458ddc-69ad-405c-a8b1-f839bd3d9382/datanode-3/data/containers/hdds to VolumeSet
2019-10-15 21:18:42,666 [main] INFO  volume.ThrottledAsyncChecker (ThrottledAsyncChecker.java:schedule(141)) - Scheduling a check for /workdir/hadoop-ozone/integration-test/target/test-dir/MiniOzoneClusterImpl-31458ddc-69ad-405c-a8b1-f839bd3d9382/datanode-3/data/containers/hdds
2019-10-15 21:18:42,667 [main] INFO  volume.HddsVolumeChecker (HddsVolumeChecker.java:checkAllVolumes(204)) - Scheduled health check for volume /workdir/hadoop-ozone/integration-test/target/test-dir/MiniOzoneClusterImpl-31458ddc-69ad-405c-a8b1-f839bd3d9382/datanode-3/data/containers/hdds
2019-10-15 21:18:42,678 [main] INFO  impl.RaftServerProxy (ConfUtils.java:logGet(43)) - raft.rpc.type = GRPC (default)
2019-10-15 21:18:42,679 [main] INFO  grpc.GrpcFactory (GrpcFactory.java:checkPooledByteBufAllocatorUseCacheForAllThreads(45)) - PERFORMANCE WARNING: useCacheForAllThreads is true that may cause Netty to create a lot garbage objects and, as a result, trigger GC.
	It is recommended to disable useCacheForAllThreads by setting -Dorg.apache.ratis.thirdparty.io.netty.allocator.useCacheForAllThreads=false in command line.
2019-10-15 21:18:42,679 [main] INFO  grpc.GrpcConfigKeys$Server (ConfUtils.java:logGet(43)) - raft.grpc.server.port = 0 (default)
2019-10-15 21:18:42,679 [main] INFO  server.GrpcService (ConfUtils.java:logGet(43)) - raft.grpc.message.size.max = 33570816 (custom)
2019-10-15 21:18:42,679 [main] INFO  server.RaftServerConfigKeys (ConfUtils.java:logGet(43)) - raft.server.log.appender.buffer.byte-limit = 33554432 (custom)
2019-10-15 21:18:42,679 [main] INFO  server.GrpcService (ConfUtils.java:logGet(43)) - raft.grpc.flow.control.window = 1MB (=1048576) (default)
2019-10-15 21:18:42,679 [main] INFO  server.RaftServerConfigKeys (ConfUtils.java:logGet(43)) - raft.server.rpc.request.timeout = 3000ms (default)
2019-10-15 21:18:42,680 [main] INFO  server.RaftServerConfigKeys (ConfUtils.java:logGet(43)) - raft.server.storage.dir = [/workdir/hadoop-ozone/integration-test/target/test-dir/MiniOzoneClusterImpl-31458ddc-69ad-405c-a8b1-f839bd3d9382/datanode-3/data/ratis] (custom)
2019-10-15 21:18:42,681 [main] INFO  hdfs.DFSUtil (DFSUtil.java:httpServerTemplateForNNAndJN(1641)) - Starting Web-server for hddsDatanode at: http://0.0.0.0:0
2019-10-15 21:18:42,682 [main] INFO  server.AuthenticationFilter (AuthenticationFilter.java:constructSecretProvider(240)) - Unable to initialize FileSignerSecretProvider, falling back to use random secrets.
2019-10-15 21:18:42,683 [main] WARN  http.HttpRequestLog (HttpRequestLog.java:getRequestLog(97)) - Jetty request log can only be enabled using Log4j
2019-10-15 21:18:42,684 [main] INFO  http.HttpServer2 (HttpServer2.java:addGlobalFilter(975)) - Added global filter 'safety' (class=org.apache.hadoop.http.HttpServer2$QuotingInputFilter)
2019-10-15 21:18:42,685 [main] INFO  http.HttpServer2 (HttpServer2.java:addFilter(948)) - Added filter static_user_filter (class=org.apache.hadoop.http.lib.StaticUserWebFilter$StaticUserFilter) to context hddsDatanode
2019-10-15 21:18:42,685 [main] INFO  http.HttpServer2 (HttpServer2.java:addFilter(958)) - Added filter static_user_filter (class=org.apache.hadoop.http.lib.StaticUserWebFilter$StaticUserFilter) to context logs
2019-10-15 21:18:42,685 [main] INFO  http.HttpServer2 (HttpServer2.java:addFilter(958)) - Added filter static_user_filter (class=org.apache.hadoop.http.lib.StaticUserWebFilter$StaticUserFilter) to context static
2019-10-15 21:18:42,686 [main] INFO  http.HttpServer2 (HttpServer2.java:bindListener(1191)) - Jetty bound to port 43529
2019-10-15 21:18:42,686 [main] INFO  server.Server (Server.java:doStart(351)) - jetty-9.3.25.v20180904, build timestamp: 2018-09-04T21:11:46Z, git hash: 3ce520221d0240229c862b122d2b06c12a625732
2019-10-15 21:18:42,687 [main] INFO  handler.ContextHandler (ContextHandler.java:doStart(781)) - Started o.e.j.s.ServletContextHandler@20216016{/logs,file:///workdir/hadoop-ozone/integration-test/target/log,AVAILABLE}
2019-10-15 21:18:42,688 [main] INFO  handler.ContextHandler (ContextHandler.java:doStart(781)) - Started o.e.j.s.ServletContextHandler@267891bf{/static,jar:file:/home/user/.m2/repository/org/apache/hadoop/hadoop-hdds-container-service/0.5.0-SNAPSHOT/hadoop-hdds-container-service-0.5.0-SNAPSHOT.jar!/webapps/static,AVAILABLE}
2019-10-15 21:18:42,725 [main] INFO  handler.ContextHandler (ContextHandler.java:doStart(781)) - Started o.e.j.w.WebAppContext@17216605{/,file:///tmp/jetty-0.0.0.0-43529-hddsDatanode-_-any-3906742714147373814.dir/webapp/,AVAILABLE}{/hddsDatanode}
2019-10-15 21:18:42,726 [main] INFO  server.AbstractConnector (AbstractConnector.java:doStart(278)) - Started ServerConnector@10a907ec{HTTP/1.1,[http/1.1]}{0.0.0.0:43529}
2019-10-15 21:18:42,727 [main] INFO  server.Server (Server.java:doStart(419)) - Started @235897ms
2019-10-15 21:18:42,728 [main] WARN  impl.MetricsSystemImpl (MetricsSystemImpl.java:register(276)) - Sink prometheus already exists!
2019-10-15 21:18:42,728 [main] INFO  server.BaseHttpServer (BaseHttpServer.java:updateConnectorAddress(215)) - HTTP server of HDDSDATANODE is listening at http://0.0.0.0:43529
2019-10-15 21:18:42,729 [main] INFO  impl.MetricsSystemImpl (MetricsSystemImpl.java:init(158)) - HddsDatanode metrics system started (again)
2019-10-15 21:18:42,737 [org.apache.hadoop.util.JvmPauseMonitor$Monitor@107225fb] INFO  util.JvmPauseMonitor (JvmPauseMonitor.java:run(188)) - Starting JVM pause monitor
2019-10-15 21:18:42,738 [Datanode State Machine Thread - 0] INFO  datanode.InitDatanodeState (InitDatanodeState.java:persistContainerDatanodeDetails(140)) - DatanodeDetails is persisted to /workdir/hadoop-ozone/integration-test/target/test-dir/MiniOzoneClusterImpl-31458ddc-69ad-405c-a8b1-f839bd3d9382/datanode-3/meta/datanode.id
2019-10-15 21:18:42,738 [main] INFO  ozone.HddsDatanodeService (HddsDatanodeService.java:start(184)) - HddsDatanodeService host:pr-hdds-2254-trunk-ddzgt-1485873308 ip:192.168.69.102
2019-10-15 21:18:42,745 [main] INFO  volume.HddsVolume (HddsVolume.java:<init>(176)) - Creating Volume: /workdir/hadoop-ozone/integration-test/target/test-dir/MiniOzoneClusterImpl-31458ddc-69ad-405c-a8b1-f839bd3d9382/datanode-4/data/containers/hdds of  storage type : DISK and capacity : 1482555576320
2019-10-15 21:18:42,745 [main] INFO  volume.VolumeSet (VolumeSet.java:initializeVolumeSet(170)) - Added Volume : /workdir/hadoop-ozone/integration-test/target/test-dir/MiniOzoneClusterImpl-31458ddc-69ad-405c-a8b1-f839bd3d9382/datanode-4/data/containers/hdds to VolumeSet
2019-10-15 21:18:42,745 [main] INFO  volume.ThrottledAsyncChecker (ThrottledAsyncChecker.java:schedule(141)) - Scheduling a check for /workdir/hadoop-ozone/integration-test/target/test-dir/MiniOzoneClusterImpl-31458ddc-69ad-405c-a8b1-f839bd3d9382/datanode-4/data/containers/hdds
2019-10-15 21:18:42,746 [main] INFO  volume.HddsVolumeChecker (HddsVolumeChecker.java:checkAllVolumes(204)) - Scheduled health check for volume /workdir/hadoop-ozone/integration-test/target/test-dir/MiniOzoneClusterImpl-31458ddc-69ad-405c-a8b1-f839bd3d9382/datanode-4/data/containers/hdds
2019-10-15 21:18:42,761 [main] INFO  impl.RaftServerProxy (ConfUtils.java:logGet(43)) - raft.rpc.type = GRPC (default)
2019-10-15 21:18:42,761 [main] INFO  grpc.GrpcFactory (GrpcFactory.java:checkPooledByteBufAllocatorUseCacheForAllThreads(45)) - PERFORMANCE WARNING: useCacheForAllThreads is true that may cause Netty to create a lot garbage objects and, as a result, trigger GC.
	It is recommended to disable useCacheForAllThreads by setting -Dorg.apache.ratis.thirdparty.io.netty.allocator.useCacheForAllThreads=false in command line.
2019-10-15 21:18:42,762 [main] INFO  grpc.GrpcConfigKeys$Server (ConfUtils.java:logGet(43)) - raft.grpc.server.port = 0 (default)
2019-10-15 21:18:42,762 [main] INFO  server.GrpcService (ConfUtils.java:logGet(43)) - raft.grpc.message.size.max = 33570816 (custom)
2019-10-15 21:18:42,762 [main] INFO  server.RaftServerConfigKeys (ConfUtils.java:logGet(43)) - raft.server.log.appender.buffer.byte-limit = 33554432 (custom)
2019-10-15 21:18:42,762 [main] INFO  server.GrpcService (ConfUtils.java:logGet(43)) - raft.grpc.flow.control.window = 1MB (=1048576) (default)
2019-10-15 21:18:42,763 [main] INFO  server.RaftServerConfigKeys (ConfUtils.java:logGet(43)) - raft.server.rpc.request.timeout = 3000ms (default)
2019-10-15 21:18:42,763 [main] INFO  server.RaftServerConfigKeys (ConfUtils.java:logGet(43)) - raft.server.storage.dir = [/workdir/hadoop-ozone/integration-test/target/test-dir/MiniOzoneClusterImpl-31458ddc-69ad-405c-a8b1-f839bd3d9382/datanode-4/data/ratis] (custom)
2019-10-15 21:18:42,767 [main] INFO  hdfs.DFSUtil (DFSUtil.java:httpServerTemplateForNNAndJN(1641)) - Starting Web-server for hddsDatanode at: http://0.0.0.0:0
2019-10-15 21:18:42,769 [main] INFO  server.AuthenticationFilter (AuthenticationFilter.java:constructSecretProvider(240)) - Unable to initialize FileSignerSecretProvider, falling back to use random secrets.
2019-10-15 21:18:42,769 [main] WARN  http.HttpRequestLog (HttpRequestLog.java:getRequestLog(97)) - Jetty request log can only be enabled using Log4j
2019-10-15 21:18:42,771 [main] INFO  http.HttpServer2 (HttpServer2.java:addGlobalFilter(975)) - Added global filter 'safety' (class=org.apache.hadoop.http.HttpServer2$QuotingInputFilter)
2019-10-15 21:18:42,771 [main] INFO  http.HttpServer2 (HttpServer2.java:addFilter(948)) - Added filter static_user_filter (class=org.apache.hadoop.http.lib.StaticUserWebFilter$StaticUserFilter) to context hddsDatanode
2019-10-15 21:18:42,771 [main] INFO  http.HttpServer2 (HttpServer2.java:addFilter(958)) - Added filter static_user_filter (class=org.apache.hadoop.http.lib.StaticUserWebFilter$StaticUserFilter) to context logs
2019-10-15 21:18:42,771 [main] INFO  http.HttpServer2 (HttpServer2.java:addFilter(958)) - Added filter static_user_filter (class=org.apache.hadoop.http.lib.StaticUserWebFilter$StaticUserFilter) to context static
2019-10-15 21:18:42,772 [main] INFO  http.HttpServer2 (HttpServer2.java:bindListener(1191)) - Jetty bound to port 43809
2019-10-15 21:18:42,772 [main] INFO  server.Server (Server.java:doStart(351)) - jetty-9.3.25.v20180904, build timestamp: 2018-09-04T21:11:46Z, git hash: 3ce520221d0240229c862b122d2b06c12a625732
2019-10-15 21:18:42,773 [main] INFO  handler.ContextHandler (ContextHandler.java:doStart(781)) - Started o.e.j.s.ServletContextHandler@4e974b9e{/logs,file:///workdir/hadoop-ozone/integration-test/target/log,AVAILABLE}
2019-10-15 21:18:42,774 [main] INFO  handler.ContextHandler (ContextHandler.java:doStart(781)) - Started o.e.j.s.ServletContextHandler@61b838f2{/static,jar:file:/home/user/.m2/repository/org/apache/hadoop/hadoop-hdds-container-service/0.5.0-SNAPSHOT/hadoop-hdds-container-service-0.5.0-SNAPSHOT.jar!/webapps/static,AVAILABLE}
2019-10-15 21:18:42,806 [main] INFO  handler.ContextHandler (ContextHandler.java:doStart(781)) - Started o.e.j.w.WebAppContext@633ddc0c{/,file:///tmp/jetty-0.0.0.0-43809-hddsDatanode-_-any-6990736932456969685.dir/webapp/,AVAILABLE}{/hddsDatanode}
2019-10-15 21:18:42,806 [main] INFO  server.AbstractConnector (AbstractConnector.java:doStart(278)) - Started ServerConnector@4bcdd11{HTTP/1.1,[http/1.1]}{0.0.0.0:43809}
2019-10-15 21:18:42,808 [main] INFO  server.Server (Server.java:doStart(419)) - Started @235978ms
2019-10-15 21:18:42,808 [main] WARN  impl.MetricsSystemImpl (MetricsSystemImpl.java:register(276)) - Sink prometheus already exists!
2019-10-15 21:18:42,809 [main] INFO  server.BaseHttpServer (BaseHttpServer.java:updateConnectorAddress(215)) - HTTP server of HDDSDATANODE is listening at http://0.0.0.0:43809
2019-10-15 21:18:42,810 [main] INFO  impl.MetricsSystemImpl (MetricsSystemImpl.java:init(158)) - HddsDatanode metrics system started (again)
2019-10-15 21:18:42,818 [org.apache.hadoop.util.JvmPauseMonitor$Monitor@39e52a26] INFO  util.JvmPauseMonitor (JvmPauseMonitor.java:run(188)) - Starting JVM pause monitor
2019-10-15 21:18:42,819 [Datanode State Machine Thread - 0] INFO  datanode.InitDatanodeState (InitDatanodeState.java:persistContainerDatanodeDetails(140)) - DatanodeDetails is persisted to /workdir/hadoop-ozone/integration-test/target/test-dir/MiniOzoneClusterImpl-31458ddc-69ad-405c-a8b1-f839bd3d9382/datanode-4/meta/datanode.id
2019-10-15 21:18:42,820 [main] INFO  ozone.HddsDatanodeService (HddsDatanodeService.java:start(184)) - HddsDatanodeService host:pr-hdds-2254-trunk-ddzgt-1485873308 ip:192.168.69.102
2019-10-15 21:18:42,826 [main] INFO  volume.HddsVolume (HddsVolume.java:<init>(176)) - Creating Volume: /workdir/hadoop-ozone/integration-test/target/test-dir/MiniOzoneClusterImpl-31458ddc-69ad-405c-a8b1-f839bd3d9382/datanode-5/data/containers/hdds of  storage type : DISK and capacity : 1482555576320
2019-10-15 21:18:42,826 [main] INFO  volume.VolumeSet (VolumeSet.java:initializeVolumeSet(170)) - Added Volume : /workdir/hadoop-ozone/integration-test/target/test-dir/MiniOzoneClusterImpl-31458ddc-69ad-405c-a8b1-f839bd3d9382/datanode-5/data/containers/hdds to VolumeSet
2019-10-15 21:18:42,826 [main] INFO  volume.ThrottledAsyncChecker (ThrottledAsyncChecker.java:schedule(141)) - Scheduling a check for /workdir/hadoop-ozone/integration-test/target/test-dir/MiniOzoneClusterImpl-31458ddc-69ad-405c-a8b1-f839bd3d9382/datanode-5/data/containers/hdds
2019-10-15 21:18:42,827 [main] INFO  volume.HddsVolumeChecker (HddsVolumeChecker.java:checkAllVolumes(204)) - Scheduled health check for volume /workdir/hadoop-ozone/integration-test/target/test-dir/MiniOzoneClusterImpl-31458ddc-69ad-405c-a8b1-f839bd3d9382/datanode-5/data/containers/hdds
2019-10-15 21:18:42,843 [main] INFO  impl.RaftServerProxy (ConfUtils.java:logGet(43)) - raft.rpc.type = GRPC (default)
2019-10-15 21:18:42,843 [main] INFO  grpc.GrpcFactory (GrpcFactory.java:checkPooledByteBufAllocatorUseCacheForAllThreads(45)) - PERFORMANCE WARNING: useCacheForAllThreads is true that may cause Netty to create a lot garbage objects and, as a result, trigger GC.
	It is recommended to disable useCacheForAllThreads by setting -Dorg.apache.ratis.thirdparty.io.netty.allocator.useCacheForAllThreads=false in command line.
2019-10-15 21:18:42,844 [main] INFO  grpc.GrpcConfigKeys$Server (ConfUtils.java:logGet(43)) - raft.grpc.server.port = 0 (default)
2019-10-15 21:18:42,844 [main] INFO  server.GrpcService (ConfUtils.java:logGet(43)) - raft.grpc.message.size.max = 33570816 (custom)
2019-10-15 21:18:42,844 [main] INFO  server.RaftServerConfigKeys (ConfUtils.java:logGet(43)) - raft.server.log.appender.buffer.byte-limit = 33554432 (custom)
2019-10-15 21:18:42,844 [main] INFO  server.GrpcService (ConfUtils.java:logGet(43)) - raft.grpc.flow.control.window = 1MB (=1048576) (default)
2019-10-15 21:18:42,844 [main] INFO  server.RaftServerConfigKeys (ConfUtils.java:logGet(43)) - raft.server.rpc.request.timeout = 3000ms (default)
2019-10-15 21:18:42,845 [main] INFO  server.RaftServerConfigKeys (ConfUtils.java:logGet(43)) - raft.server.storage.dir = [/workdir/hadoop-ozone/integration-test/target/test-dir/MiniOzoneClusterImpl-31458ddc-69ad-405c-a8b1-f839bd3d9382/datanode-5/data/ratis] (custom)
2019-10-15 21:18:42,847 [main] INFO  hdfs.DFSUtil (DFSUtil.java:httpServerTemplateForNNAndJN(1641)) - Starting Web-server for hddsDatanode at: http://0.0.0.0:0
2019-10-15 21:18:42,848 [main] INFO  server.AuthenticationFilter (AuthenticationFilter.java:constructSecretProvider(240)) - Unable to initialize FileSignerSecretProvider, falling back to use random secrets.
2019-10-15 21:18:42,848 [main] WARN  http.HttpRequestLog (HttpRequestLog.java:getRequestLog(97)) - Jetty request log can only be enabled using Log4j
2019-10-15 21:18:42,850 [main] INFO  http.HttpServer2 (HttpServer2.java:addGlobalFilter(975)) - Added global filter 'safety' (class=org.apache.hadoop.http.HttpServer2$QuotingInputFilter)
2019-10-15 21:18:42,850 [main] INFO  http.HttpServer2 (HttpServer2.java:addFilter(948)) - Added filter static_user_filter (class=org.apache.hadoop.http.lib.StaticUserWebFilter$StaticUserFilter) to context hddsDatanode
2019-10-15 21:18:42,851 [main] INFO  http.HttpServer2 (HttpServer2.java:addFilter(958)) - Added filter static_user_filter (class=org.apache.hadoop.http.lib.StaticUserWebFilter$StaticUserFilter) to context static
2019-10-15 21:18:42,851 [main] INFO  http.HttpServer2 (HttpServer2.java:addFilter(958)) - Added filter static_user_filter (class=org.apache.hadoop.http.lib.StaticUserWebFilter$StaticUserFilter) to context logs
2019-10-15 21:18:42,851 [main] INFO  http.HttpServer2 (HttpServer2.java:bindListener(1191)) - Jetty bound to port 44685
2019-10-15 21:18:42,852 [main] INFO  server.Server (Server.java:doStart(351)) - jetty-9.3.25.v20180904, build timestamp: 2018-09-04T21:11:46Z, git hash: 3ce520221d0240229c862b122d2b06c12a625732
2019-10-15 21:18:42,853 [main] INFO  handler.ContextHandler (ContextHandler.java:doStart(781)) - Started o.e.j.s.ServletContextHandler@7f6b7426{/logs,file:///workdir/hadoop-ozone/integration-test/target/log,AVAILABLE}
2019-10-15 21:18:42,853 [main] INFO  handler.ContextHandler (ContextHandler.java:doStart(781)) - Started o.e.j.s.ServletContextHandler@6d969330{/static,jar:file:/home/user/.m2/repository/org/apache/hadoop/hadoop-hdds-container-service/0.5.0-SNAPSHOT/hadoop-hdds-container-service-0.5.0-SNAPSHOT.jar!/webapps/static,AVAILABLE}
2019-10-15 21:18:42,881 [main] INFO  handler.ContextHandler (ContextHandler.java:doStart(781)) - Started o.e.j.w.WebAppContext@66020d69{/,file:///tmp/jetty-0.0.0.0-44685-hddsDatanode-_-any-4277551670241053578.dir/webapp/,AVAILABLE}{/hddsDatanode}
2019-10-15 21:18:42,881 [main] INFO  server.AbstractConnector (AbstractConnector.java:doStart(278)) - Started ServerConnector@3751acd7{HTTP/1.1,[http/1.1]}{0.0.0.0:44685}
2019-10-15 21:18:42,892 [main] INFO  server.Server (Server.java:doStart(419)) - Started @236062ms
2019-10-15 21:18:42,892 [main] WARN  impl.MetricsSystemImpl (MetricsSystemImpl.java:register(276)) - Sink prometheus already exists!
2019-10-15 21:18:42,893 [main] INFO  server.BaseHttpServer (BaseHttpServer.java:updateConnectorAddress(215)) - HTTP server of HDDSDATANODE is listening at http://0.0.0.0:44685
2019-10-15 21:18:42,894 [main] INFO  impl.MetricsSystemImpl (MetricsSystemImpl.java:init(158)) - HddsDatanode metrics system started (again)
2019-10-15 21:18:42,902 [org.apache.hadoop.util.JvmPauseMonitor$Monitor@1c0bbea3] INFO  util.JvmPauseMonitor (JvmPauseMonitor.java:run(188)) - Starting JVM pause monitor
2019-10-15 21:18:42,903 [Datanode State Machine Thread - 0] INFO  datanode.InitDatanodeState (InitDatanodeState.java:persistContainerDatanodeDetails(140)) - DatanodeDetails is persisted to /workdir/hadoop-ozone/integration-test/target/test-dir/MiniOzoneClusterImpl-31458ddc-69ad-405c-a8b1-f839bd3d9382/datanode-5/meta/datanode.id
2019-10-15 21:18:42,903 [main] INFO  ozone.HddsDatanodeService (HddsDatanodeService.java:start(184)) - HddsDatanodeService host:pr-hdds-2254-trunk-ddzgt-1485873308 ip:192.168.69.102
2019-10-15 21:18:42,910 [main] INFO  volume.HddsVolume (HddsVolume.java:<init>(176)) - Creating Volume: /workdir/hadoop-ozone/integration-test/target/test-dir/MiniOzoneClusterImpl-31458ddc-69ad-405c-a8b1-f839bd3d9382/datanode-6/data/containers/hdds of  storage type : DISK and capacity : 1482555576320
2019-10-15 21:18:42,911 [main] INFO  volume.VolumeSet (VolumeSet.java:initializeVolumeSet(170)) - Added Volume : /workdir/hadoop-ozone/integration-test/target/test-dir/MiniOzoneClusterImpl-31458ddc-69ad-405c-a8b1-f839bd3d9382/datanode-6/data/containers/hdds to VolumeSet
2019-10-15 21:18:42,912 [main] INFO  volume.ThrottledAsyncChecker (ThrottledAsyncChecker.java:schedule(141)) - Scheduling a check for /workdir/hadoop-ozone/integration-test/target/test-dir/MiniOzoneClusterImpl-31458ddc-69ad-405c-a8b1-f839bd3d9382/datanode-6/data/containers/hdds
2019-10-15 21:18:42,912 [main] INFO  volume.HddsVolumeChecker (HddsVolumeChecker.java:checkAllVolumes(204)) - Scheduled health check for volume /workdir/hadoop-ozone/integration-test/target/test-dir/MiniOzoneClusterImpl-31458ddc-69ad-405c-a8b1-f839bd3d9382/datanode-6/data/containers/hdds
2019-10-15 21:18:43,214 [main] INFO  impl.RaftServerProxy (ConfUtils.java:logGet(43)) - raft.rpc.type = GRPC (default)
2019-10-15 21:18:43,215 [main] INFO  grpc.GrpcFactory (GrpcFactory.java:checkPooledByteBufAllocatorUseCacheForAllThreads(45)) - PERFORMANCE WARNING: useCacheForAllThreads is true that may cause Netty to create a lot garbage objects and, as a result, trigger GC.
	It is recommended to disable useCacheForAllThreads by setting -Dorg.apache.ratis.thirdparty.io.netty.allocator.useCacheForAllThreads=false in command line.
2019-10-15 21:18:43,215 [main] INFO  grpc.GrpcConfigKeys$Server (ConfUtils.java:logGet(43)) - raft.grpc.server.port = 0 (default)
2019-10-15 21:18:43,223 [main] INFO  server.GrpcService (ConfUtils.java:logGet(43)) - raft.grpc.message.size.max = 33570816 (custom)
2019-10-15 21:18:43,223 [main] INFO  server.RaftServerConfigKeys (ConfUtils.java:logGet(43)) - raft.server.log.appender.buffer.byte-limit = 33554432 (custom)
2019-10-15 21:18:43,223 [main] INFO  server.GrpcService (ConfUtils.java:logGet(43)) - raft.grpc.flow.control.window = 1MB (=1048576) (default)
2019-10-15 21:18:43,223 [main] INFO  server.RaftServerConfigKeys (ConfUtils.java:logGet(43)) - raft.server.rpc.request.timeout = 3000ms (default)
2019-10-15 21:18:43,224 [main] INFO  server.RaftServerConfigKeys (ConfUtils.java:logGet(43)) - raft.server.storage.dir = [/workdir/hadoop-ozone/integration-test/target/test-dir/MiniOzoneClusterImpl-31458ddc-69ad-405c-a8b1-f839bd3d9382/datanode-6/data/ratis] (custom)
2019-10-15 21:18:43,225 [main] INFO  hdfs.DFSUtil (DFSUtil.java:httpServerTemplateForNNAndJN(1641)) - Starting Web-server for hddsDatanode at: http://0.0.0.0:0
2019-10-15 21:18:43,227 [main] INFO  server.AuthenticationFilter (AuthenticationFilter.java:constructSecretProvider(240)) - Unable to initialize FileSignerSecretProvider, falling back to use random secrets.
2019-10-15 21:18:43,227 [main] WARN  http.HttpRequestLog (HttpRequestLog.java:getRequestLog(97)) - Jetty request log can only be enabled using Log4j
2019-10-15 21:18:43,228 [main] INFO  http.HttpServer2 (HttpServer2.java:addGlobalFilter(975)) - Added global filter 'safety' (class=org.apache.hadoop.http.HttpServer2$QuotingInputFilter)
2019-10-15 21:18:43,229 [main] INFO  http.HttpServer2 (HttpServer2.java:addFilter(948)) - Added filter static_user_filter (class=org.apache.hadoop.http.lib.StaticUserWebFilter$StaticUserFilter) to context hddsDatanode
2019-10-15 21:18:43,229 [main] INFO  http.HttpServer2 (HttpServer2.java:addFilter(958)) - Added filter static_user_filter (class=org.apache.hadoop.http.lib.StaticUserWebFilter$StaticUserFilter) to context logs
2019-10-15 21:18:43,229 [main] INFO  http.HttpServer2 (HttpServer2.java:addFilter(958)) - Added filter static_user_filter (class=org.apache.hadoop.http.lib.StaticUserWebFilter$StaticUserFilter) to context static
2019-10-15 21:18:43,230 [main] INFO  http.HttpServer2 (HttpServer2.java:bindListener(1191)) - Jetty bound to port 46476
2019-10-15 21:18:43,230 [main] INFO  server.Server (Server.java:doStart(351)) - jetty-9.3.25.v20180904, build timestamp: 2018-09-04T21:11:46Z, git hash: 3ce520221d0240229c862b122d2b06c12a625732
2019-10-15 21:18:43,231 [main] INFO  handler.ContextHandler (ContextHandler.java:doStart(781)) - Started o.e.j.s.ServletContextHandler@b5d9f1e{/logs,file:///workdir/hadoop-ozone/integration-test/target/log,AVAILABLE}
2019-10-15 21:18:43,232 [main] INFO  handler.ContextHandler (ContextHandler.java:doStart(781)) - Started o.e.j.s.ServletContextHandler@401317a0{/static,jar:file:/home/user/.m2/repository/org/apache/hadoop/hadoop-hdds-container-service/0.5.0-SNAPSHOT/hadoop-hdds-container-service-0.5.0-SNAPSHOT.jar!/webapps/static,AVAILABLE}
2019-10-15 21:18:43,260 [main] INFO  handler.ContextHandler (ContextHandler.java:doStart(781)) - Started o.e.j.w.WebAppContext@6bb4cc0e{/,file:///tmp/jetty-0.0.0.0-46476-hddsDatanode-_-any-6154090020406657471.dir/webapp/,AVAILABLE}{/hddsDatanode}
2019-10-15 21:18:43,261 [main] INFO  server.AbstractConnector (AbstractConnector.java:doStart(278)) - Started ServerConnector@5cc1bf20{HTTP/1.1,[http/1.1]}{0.0.0.0:46476}
2019-10-15 21:18:43,262 [main] INFO  server.Server (Server.java:doStart(419)) - Started @236432ms
2019-10-15 21:18:43,263 [main] WARN  impl.MetricsSystemImpl (MetricsSystemImpl.java:register(276)) - Sink prometheus already exists!
2019-10-15 21:18:43,264 [main] INFO  server.BaseHttpServer (BaseHttpServer.java:updateConnectorAddress(215)) - HTTP server of HDDSDATANODE is listening at http://0.0.0.0:46476
2019-10-15 21:18:43,264 [main] INFO  impl.MetricsSystemImpl (MetricsSystemImpl.java:init(158)) - HddsDatanode metrics system started (again)
2019-10-15 21:18:43,272 [org.apache.hadoop.util.JvmPauseMonitor$Monitor@18fb71e4] INFO  util.JvmPauseMonitor (JvmPauseMonitor.java:run(188)) - Starting JVM pause monitor
2019-10-15 21:18:43,273 [main] INFO  ozone.HddsDatanodeService (HddsDatanodeService.java:start(184)) - HddsDatanodeService host:pr-hdds-2254-trunk-ddzgt-1485873308 ip:192.168.69.102
2019-10-15 21:18:43,273 [Datanode State Machine Thread - 0] INFO  datanode.InitDatanodeState (InitDatanodeState.java:persistContainerDatanodeDetails(140)) - DatanodeDetails is persisted to /workdir/hadoop-ozone/integration-test/target/test-dir/MiniOzoneClusterImpl-31458ddc-69ad-405c-a8b1-f839bd3d9382/datanode-6/meta/datanode.id
2019-10-15 21:18:43,282 [main] INFO  volume.HddsVolume (HddsVolume.java:<init>(176)) - Creating Volume: /workdir/hadoop-ozone/integration-test/target/test-dir/MiniOzoneClusterImpl-31458ddc-69ad-405c-a8b1-f839bd3d9382/datanode-7/data/containers/hdds of  storage type : DISK and capacity : 1482555576320
2019-10-15 21:18:43,293 [main] INFO  volume.VolumeSet (VolumeSet.java:initializeVolumeSet(170)) - Added Volume : /workdir/hadoop-ozone/integration-test/target/test-dir/MiniOzoneClusterImpl-31458ddc-69ad-405c-a8b1-f839bd3d9382/datanode-7/data/containers/hdds to VolumeSet
2019-10-15 21:18:43,293 [main] INFO  volume.ThrottledAsyncChecker (ThrottledAsyncChecker.java:schedule(141)) - Scheduling a check for /workdir/hadoop-ozone/integration-test/target/test-dir/MiniOzoneClusterImpl-31458ddc-69ad-405c-a8b1-f839bd3d9382/datanode-7/data/containers/hdds
2019-10-15 21:18:43,294 [main] INFO  volume.HddsVolumeChecker (HddsVolumeChecker.java:checkAllVolumes(204)) - Scheduled health check for volume /workdir/hadoop-ozone/integration-test/target/test-dir/MiniOzoneClusterImpl-31458ddc-69ad-405c-a8b1-f839bd3d9382/datanode-7/data/containers/hdds
2019-10-15 21:18:43,312 [main] INFO  impl.RaftServerProxy (ConfUtils.java:logGet(43)) - raft.rpc.type = GRPC (default)
2019-10-15 21:18:43,312 [main] INFO  grpc.GrpcFactory (GrpcFactory.java:checkPooledByteBufAllocatorUseCacheForAllThreads(45)) - PERFORMANCE WARNING: useCacheForAllThreads is true that may cause Netty to create a lot garbage objects and, as a result, trigger GC.
	It is recommended to disable useCacheForAllThreads by setting -Dorg.apache.ratis.thirdparty.io.netty.allocator.useCacheForAllThreads=false in command line.
2019-10-15 21:18:43,313 [main] INFO  grpc.GrpcConfigKeys$Server (ConfUtils.java:logGet(43)) - raft.grpc.server.port = 0 (default)
2019-10-15 21:18:43,315 [main] INFO  server.GrpcService (ConfUtils.java:logGet(43)) - raft.grpc.message.size.max = 33570816 (custom)
2019-10-15 21:18:43,315 [main] INFO  server.RaftServerConfigKeys (ConfUtils.java:logGet(43)) - raft.server.log.appender.buffer.byte-limit = 33554432 (custom)
2019-10-15 21:18:43,315 [main] INFO  server.GrpcService (ConfUtils.java:logGet(43)) - raft.grpc.flow.control.window = 1MB (=1048576) (default)
2019-10-15 21:18:43,315 [main] INFO  server.RaftServerConfigKeys (ConfUtils.java:logGet(43)) - raft.server.rpc.request.timeout = 3000ms (default)
2019-10-15 21:18:43,316 [main] INFO  server.RaftServerConfigKeys (ConfUtils.java:logGet(43)) - raft.server.storage.dir = [/workdir/hadoop-ozone/integration-test/target/test-dir/MiniOzoneClusterImpl-31458ddc-69ad-405c-a8b1-f839bd3d9382/datanode-7/data/ratis] (custom)
2019-10-15 21:18:43,317 [main] INFO  hdfs.DFSUtil (DFSUtil.java:httpServerTemplateForNNAndJN(1641)) - Starting Web-server for hddsDatanode at: http://0.0.0.0:0
2019-10-15 21:18:43,318 [main] INFO  server.AuthenticationFilter (AuthenticationFilter.java:constructSecretProvider(240)) - Unable to initialize FileSignerSecretProvider, falling back to use random secrets.
2019-10-15 21:18:43,319 [main] WARN  http.HttpRequestLog (HttpRequestLog.java:getRequestLog(97)) - Jetty request log can only be enabled using Log4j
2019-10-15 21:18:43,320 [main] INFO  http.HttpServer2 (HttpServer2.java:addGlobalFilter(975)) - Added global filter 'safety' (class=org.apache.hadoop.http.HttpServer2$QuotingInputFilter)
2019-10-15 21:18:43,320 [main] INFO  http.HttpServer2 (HttpServer2.java:addFilter(948)) - Added filter static_user_filter (class=org.apache.hadoop.http.lib.StaticUserWebFilter$StaticUserFilter) to context hddsDatanode
2019-10-15 21:18:43,320 [main] INFO  http.HttpServer2 (HttpServer2.java:addFilter(958)) - Added filter static_user_filter (class=org.apache.hadoop.http.lib.StaticUserWebFilter$StaticUserFilter) to context logs
2019-10-15 21:18:43,320 [main] INFO  http.HttpServer2 (HttpServer2.java:addFilter(958)) - Added filter static_user_filter (class=org.apache.hadoop.http.lib.StaticUserWebFilter$StaticUserFilter) to context static
2019-10-15 21:18:43,321 [main] INFO  http.HttpServer2 (HttpServer2.java:bindListener(1191)) - Jetty bound to port 43666
2019-10-15 21:18:43,321 [main] INFO  server.Server (Server.java:doStart(351)) - jetty-9.3.25.v20180904, build timestamp: 2018-09-04T21:11:46Z, git hash: 3ce520221d0240229c862b122d2b06c12a625732
2019-10-15 21:18:43,322 [main] INFO  handler.ContextHandler (ContextHandler.java:doStart(781)) - Started o.e.j.s.ServletContextHandler@57c69937{/logs,file:///workdir/hadoop-ozone/integration-test/target/log,AVAILABLE}
2019-10-15 21:18:43,323 [main] INFO  handler.ContextHandler (ContextHandler.java:doStart(781)) - Started o.e.j.s.ServletContextHandler@446b64b3{/static,jar:file:/home/user/.m2/repository/org/apache/hadoop/hadoop-hdds-container-service/0.5.0-SNAPSHOT/hadoop-hdds-container-service-0.5.0-SNAPSHOT.jar!/webapps/static,AVAILABLE}
2019-10-15 21:18:43,350 [main] INFO  handler.ContextHandler (ContextHandler.java:doStart(781)) - Started o.e.j.w.WebAppContext@23648d2d{/,file:///tmp/jetty-0.0.0.0-43666-hddsDatanode-_-any-8899747349362688384.dir/webapp/,AVAILABLE}{/hddsDatanode}
2019-10-15 21:18:43,351 [main] INFO  server.AbstractConnector (AbstractConnector.java:doStart(278)) - Started ServerConnector@69feb4d9{HTTP/1.1,[http/1.1]}{0.0.0.0:43666}
2019-10-15 21:18:43,351 [main] INFO  server.Server (Server.java:doStart(419)) - Started @236521ms
2019-10-15 21:18:43,352 [main] WARN  impl.MetricsSystemImpl (MetricsSystemImpl.java:register(276)) - Sink prometheus already exists!
2019-10-15 21:18:43,354 [main] INFO  server.BaseHttpServer (BaseHttpServer.java:updateConnectorAddress(215)) - HTTP server of HDDSDATANODE is listening at http://0.0.0.0:43666
2019-10-15 21:18:43,354 [main] INFO  impl.MetricsSystemImpl (MetricsSystemImpl.java:init(158)) - HddsDatanode metrics system started (again)
2019-10-15 21:18:43,364 [org.apache.hadoop.util.JvmPauseMonitor$Monitor@326331cc] INFO  util.JvmPauseMonitor (JvmPauseMonitor.java:run(188)) - Starting JVM pause monitor
2019-10-15 21:18:43,365 [main] INFO  ozone.HddsDatanodeService (HddsDatanodeService.java:start(184)) - HddsDatanodeService host:pr-hdds-2254-trunk-ddzgt-1485873308 ip:192.168.69.102
2019-10-15 21:18:43,373 [main] INFO  volume.HddsVolume (HddsVolume.java:<init>(176)) - Creating Volume: /workdir/hadoop-ozone/integration-test/target/test-dir/MiniOzoneClusterImpl-31458ddc-69ad-405c-a8b1-f839bd3d9382/datanode-8/data/containers/hdds of  storage type : DISK and capacity : 1482555576320
2019-10-15 21:18:43,379 [main] INFO  volume.VolumeSet (VolumeSet.java:initializeVolumeSet(170)) - Added Volume : /workdir/hadoop-ozone/integration-test/target/test-dir/MiniOzoneClusterImpl-31458ddc-69ad-405c-a8b1-f839bd3d9382/datanode-8/data/containers/hdds to VolumeSet
2019-10-15 21:18:43,379 [main] INFO  volume.ThrottledAsyncChecker (ThrottledAsyncChecker.java:schedule(141)) - Scheduling a check for /workdir/hadoop-ozone/integration-test/target/test-dir/MiniOzoneClusterImpl-31458ddc-69ad-405c-a8b1-f839bd3d9382/datanode-8/data/containers/hdds
2019-10-15 21:18:43,379 [Datanode State Machine Thread - 0] INFO  datanode.InitDatanodeState (InitDatanodeState.java:persistContainerDatanodeDetails(140)) - DatanodeDetails is persisted to /workdir/hadoop-ozone/integration-test/target/test-dir/MiniOzoneClusterImpl-31458ddc-69ad-405c-a8b1-f839bd3d9382/datanode-7/meta/datanode.id
2019-10-15 21:18:43,379 [main] INFO  volume.HddsVolumeChecker (HddsVolumeChecker.java:checkAllVolumes(204)) - Scheduled health check for volume /workdir/hadoop-ozone/integration-test/target/test-dir/MiniOzoneClusterImpl-31458ddc-69ad-405c-a8b1-f839bd3d9382/datanode-8/data/containers/hdds
2019-10-15 21:18:43,391 [main] INFO  impl.RaftServerProxy (ConfUtils.java:logGet(43)) - raft.rpc.type = GRPC (default)
2019-10-15 21:18:43,391 [main] INFO  grpc.GrpcFactory (GrpcFactory.java:checkPooledByteBufAllocatorUseCacheForAllThreads(45)) - PERFORMANCE WARNING: useCacheForAllThreads is true that may cause Netty to create a lot garbage objects and, as a result, trigger GC.
	It is recommended to disable useCacheForAllThreads by setting -Dorg.apache.ratis.thirdparty.io.netty.allocator.useCacheForAllThreads=false in command line.
2019-10-15 21:18:43,391 [main] INFO  grpc.GrpcConfigKeys$Server (ConfUtils.java:logGet(43)) - raft.grpc.server.port = 0 (default)
2019-10-15 21:18:43,392 [main] INFO  server.GrpcService (ConfUtils.java:logGet(43)) - raft.grpc.message.size.max = 33570816 (custom)
2019-10-15 21:18:43,392 [main] INFO  server.RaftServerConfigKeys (ConfUtils.java:logGet(43)) - raft.server.log.appender.buffer.byte-limit = 33554432 (custom)
2019-10-15 21:18:43,392 [main] INFO  server.GrpcService (ConfUtils.java:logGet(43)) - raft.grpc.flow.control.window = 1MB (=1048576) (default)
2019-10-15 21:18:43,392 [main] INFO  server.RaftServerConfigKeys (ConfUtils.java:logGet(43)) - raft.server.rpc.request.timeout = 3000ms (default)
2019-10-15 21:18:43,393 [main] INFO  server.RaftServerConfigKeys (ConfUtils.java:logGet(43)) - raft.server.storage.dir = [/workdir/hadoop-ozone/integration-test/target/test-dir/MiniOzoneClusterImpl-31458ddc-69ad-405c-a8b1-f839bd3d9382/datanode-8/data/ratis] (custom)
2019-10-15 21:18:43,394 [main] INFO  hdfs.DFSUtil (DFSUtil.java:httpServerTemplateForNNAndJN(1641)) - Starting Web-server for hddsDatanode at: http://0.0.0.0:0
2019-10-15 21:18:43,395 [main] INFO  server.AuthenticationFilter (AuthenticationFilter.java:constructSecretProvider(240)) - Unable to initialize FileSignerSecretProvider, falling back to use random secrets.
2019-10-15 21:18:43,396 [main] WARN  http.HttpRequestLog (HttpRequestLog.java:getRequestLog(97)) - Jetty request log can only be enabled using Log4j
2019-10-15 21:18:43,397 [main] INFO  http.HttpServer2 (HttpServer2.java:addGlobalFilter(975)) - Added global filter 'safety' (class=org.apache.hadoop.http.HttpServer2$QuotingInputFilter)
2019-10-15 21:18:43,397 [main] INFO  http.HttpServer2 (HttpServer2.java:addFilter(948)) - Added filter static_user_filter (class=org.apache.hadoop.http.lib.StaticUserWebFilter$StaticUserFilter) to context hddsDatanode
2019-10-15 21:18:43,397 [main] INFO  http.HttpServer2 (HttpServer2.java:addFilter(958)) - Added filter static_user_filter (class=org.apache.hadoop.http.lib.StaticUserWebFilter$StaticUserFilter) to context static
2019-10-15 21:18:43,397 [main] INFO  http.HttpServer2 (HttpServer2.java:addFilter(958)) - Added filter static_user_filter (class=org.apache.hadoop.http.lib.StaticUserWebFilter$StaticUserFilter) to context logs
2019-10-15 21:18:43,398 [main] INFO  http.HttpServer2 (HttpServer2.java:bindListener(1191)) - Jetty bound to port 36376
2019-10-15 21:18:43,398 [main] INFO  server.Server (Server.java:doStart(351)) - jetty-9.3.25.v20180904, build timestamp: 2018-09-04T21:11:46Z, git hash: 3ce520221d0240229c862b122d2b06c12a625732
2019-10-15 21:18:43,399 [main] INFO  handler.ContextHandler (ContextHandler.java:doStart(781)) - Started o.e.j.s.ServletContextHandler@60b616c8{/logs,file:///workdir/hadoop-ozone/integration-test/target/log,AVAILABLE}
2019-10-15 21:18:43,399 [main] INFO  handler.ContextHandler (ContextHandler.java:doStart(781)) - Started o.e.j.s.ServletContextHandler@147e0734{/static,jar:file:/home/user/.m2/repository/org/apache/hadoop/hadoop-hdds-container-service/0.5.0-SNAPSHOT/hadoop-hdds-container-service-0.5.0-SNAPSHOT.jar!/webapps/static,AVAILABLE}
2019-10-15 21:18:43,427 [main] INFO  handler.ContextHandler (ContextHandler.java:doStart(781)) - Started o.e.j.w.WebAppContext@660b1a9d{/,file:///tmp/jetty-0.0.0.0-36376-hddsDatanode-_-any-5714738581295877075.dir/webapp/,AVAILABLE}{/hddsDatanode}
2019-10-15 21:18:43,429 [main] INFO  server.AbstractConnector (AbstractConnector.java:doStart(278)) - Started ServerConnector@47535ee4{HTTP/1.1,[http/1.1]}{0.0.0.0:36376}
2019-10-15 21:18:43,429 [main] INFO  server.Server (Server.java:doStart(419)) - Started @236599ms
2019-10-15 21:18:43,429 [main] WARN  impl.MetricsSystemImpl (MetricsSystemImpl.java:register(276)) - Sink prometheus already exists!
2019-10-15 21:18:43,430 [main] INFO  server.BaseHttpServer (BaseHttpServer.java:updateConnectorAddress(215)) - HTTP server of HDDSDATANODE is listening at http://0.0.0.0:36376
2019-10-15 21:18:43,431 [main] INFO  impl.MetricsSystemImpl (MetricsSystemImpl.java:init(158)) - HddsDatanode metrics system started (again)
2019-10-15 21:18:43,440 [org.apache.hadoop.util.JvmPauseMonitor$Monitor@41ccb7a0] INFO  util.JvmPauseMonitor (JvmPauseMonitor.java:run(188)) - Starting JVM pause monitor
2019-10-15 21:18:43,440 [main] INFO  ozone.HddsDatanodeService (HddsDatanodeService.java:start(184)) - HddsDatanodeService host:pr-hdds-2254-trunk-ddzgt-1485873308 ip:192.168.69.102
2019-10-15 21:18:43,441 [Datanode State Machine Thread - 0] INFO  datanode.InitDatanodeState (InitDatanodeState.java:persistContainerDatanodeDetails(140)) - DatanodeDetails is persisted to /workdir/hadoop-ozone/integration-test/target/test-dir/MiniOzoneClusterImpl-31458ddc-69ad-405c-a8b1-f839bd3d9382/datanode-8/meta/datanode.id
2019-10-15 21:18:43,447 [main] INFO  volume.HddsVolume (HddsVolume.java:<init>(176)) - Creating Volume: /workdir/hadoop-ozone/integration-test/target/test-dir/MiniOzoneClusterImpl-31458ddc-69ad-405c-a8b1-f839bd3d9382/datanode-9/data/containers/hdds of  storage type : DISK and capacity : 1482555576320
2019-10-15 21:18:43,447 [main] INFO  volume.VolumeSet (VolumeSet.java:initializeVolumeSet(170)) - Added Volume : /workdir/hadoop-ozone/integration-test/target/test-dir/MiniOzoneClusterImpl-31458ddc-69ad-405c-a8b1-f839bd3d9382/datanode-9/data/containers/hdds to VolumeSet
2019-10-15 21:18:43,447 [main] INFO  volume.ThrottledAsyncChecker (ThrottledAsyncChecker.java:schedule(141)) - Scheduling a check for /workdir/hadoop-ozone/integration-test/target/test-dir/MiniOzoneClusterImpl-31458ddc-69ad-405c-a8b1-f839bd3d9382/datanode-9/data/containers/hdds
2019-10-15 21:18:43,449 [main] INFO  volume.HddsVolumeChecker (HddsVolumeChecker.java:checkAllVolumes(204)) - Scheduled health check for volume /workdir/hadoop-ozone/integration-test/target/test-dir/MiniOzoneClusterImpl-31458ddc-69ad-405c-a8b1-f839bd3d9382/datanode-9/data/containers/hdds
2019-10-15 21:18:43,458 [main] INFO  impl.RaftServerProxy (ConfUtils.java:logGet(43)) - raft.rpc.type = GRPC (default)
2019-10-15 21:18:43,459 [main] INFO  grpc.GrpcFactory (GrpcFactory.java:checkPooledByteBufAllocatorUseCacheForAllThreads(45)) - PERFORMANCE WARNING: useCacheForAllThreads is true that may cause Netty to create a lot garbage objects and, as a result, trigger GC.
	It is recommended to disable useCacheForAllThreads by setting -Dorg.apache.ratis.thirdparty.io.netty.allocator.useCacheForAllThreads=false in command line.
2019-10-15 21:18:43,459 [main] INFO  grpc.GrpcConfigKeys$Server (ConfUtils.java:logGet(43)) - raft.grpc.server.port = 0 (default)
2019-10-15 21:18:43,459 [main] INFO  server.GrpcService (ConfUtils.java:logGet(43)) - raft.grpc.message.size.max = 33570816 (custom)
2019-10-15 21:18:43,459 [main] INFO  server.RaftServerConfigKeys (ConfUtils.java:logGet(43)) - raft.server.log.appender.buffer.byte-limit = 33554432 (custom)
2019-10-15 21:18:43,459 [main] INFO  server.GrpcService (ConfUtils.java:logGet(43)) - raft.grpc.flow.control.window = 1MB (=1048576) (default)
2019-10-15 21:18:43,459 [main] INFO  server.RaftServerConfigKeys (ConfUtils.java:logGet(43)) - raft.server.rpc.request.timeout = 3000ms (default)
2019-10-15 21:18:43,460 [main] INFO  server.RaftServerConfigKeys (ConfUtils.java:logGet(43)) - raft.server.storage.dir = [/workdir/hadoop-ozone/integration-test/target/test-dir/MiniOzoneClusterImpl-31458ddc-69ad-405c-a8b1-f839bd3d9382/datanode-9/data/ratis] (custom)
2019-10-15 21:18:43,462 [main] INFO  hdfs.DFSUtil (DFSUtil.java:httpServerTemplateForNNAndJN(1641)) - Starting Web-server for hddsDatanode at: http://0.0.0.0:0
2019-10-15 21:18:43,464 [main] INFO  server.AuthenticationFilter (AuthenticationFilter.java:constructSecretProvider(240)) - Unable to initialize FileSignerSecretProvider, falling back to use random secrets.
2019-10-15 21:18:43,465 [main] WARN  http.HttpRequestLog (HttpRequestLog.java:getRequestLog(97)) - Jetty request log can only be enabled using Log4j
2019-10-15 21:18:43,466 [main] INFO  http.HttpServer2 (HttpServer2.java:addGlobalFilter(975)) - Added global filter 'safety' (class=org.apache.hadoop.http.HttpServer2$QuotingInputFilter)
2019-10-15 21:18:43,466 [main] INFO  http.HttpServer2 (HttpServer2.java:addFilter(948)) - Added filter static_user_filter (class=org.apache.hadoop.http.lib.StaticUserWebFilter$StaticUserFilter) to context hddsDatanode
2019-10-15 21:18:43,467 [main] INFO  http.HttpServer2 (HttpServer2.java:addFilter(958)) - Added filter static_user_filter (class=org.apache.hadoop.http.lib.StaticUserWebFilter$StaticUserFilter) to context logs
2019-10-15 21:18:43,467 [main] INFO  http.HttpServer2 (HttpServer2.java:addFilter(958)) - Added filter static_user_filter (class=org.apache.hadoop.http.lib.StaticUserWebFilter$StaticUserFilter) to context static
2019-10-15 21:18:43,467 [main] INFO  http.HttpServer2 (HttpServer2.java:bindListener(1191)) - Jetty bound to port 40850
2019-10-15 21:18:43,467 [main] INFO  server.Server (Server.java:doStart(351)) - jetty-9.3.25.v20180904, build timestamp: 2018-09-04T21:11:46Z, git hash: 3ce520221d0240229c862b122d2b06c12a625732
2019-10-15 21:18:43,468 [main] INFO  handler.ContextHandler (ContextHandler.java:doStart(781)) - Started o.e.j.s.ServletContextHandler@f18b738{/logs,file:///workdir/hadoop-ozone/integration-test/target/log,AVAILABLE}
2019-10-15 21:18:43,469 [main] INFO  handler.ContextHandler (ContextHandler.java:doStart(781)) - Started o.e.j.s.ServletContextHandler@aca3c85{/static,jar:file:/home/user/.m2/repository/org/apache/hadoop/hadoop-hdds-container-service/0.5.0-SNAPSHOT/hadoop-hdds-container-service-0.5.0-SNAPSHOT.jar!/webapps/static,AVAILABLE}
2019-10-15 21:18:43,499 [main] INFO  handler.ContextHandler (ContextHandler.java:doStart(781)) - Started o.e.j.w.WebAppContext@541d4d9f{/,file:///tmp/jetty-0.0.0.0-40850-hddsDatanode-_-any-6920844008212343695.dir/webapp/,AVAILABLE}{/hddsDatanode}
2019-10-15 21:18:43,500 [main] INFO  server.AbstractConnector (AbstractConnector.java:doStart(278)) - Started ServerConnector@1a497286{HTTP/1.1,[http/1.1]}{0.0.0.0:40850}
2019-10-15 21:18:43,504 [main] INFO  server.Server (Server.java:doStart(419)) - Started @236674ms
2019-10-15 21:18:43,504 [main] WARN  impl.MetricsSystemImpl (MetricsSystemImpl.java:register(276)) - Sink prometheus already exists!
2019-10-15 21:18:43,505 [main] INFO  server.BaseHttpServer (BaseHttpServer.java:updateConnectorAddress(215)) - HTTP server of HDDSDATANODE is listening at http://0.0.0.0:40850
2019-10-15 21:18:43,505 [main] INFO  ozone.MiniOzoneClusterImpl (MiniOzoneClusterImpl.java:lambda$waitForClusterToBeReady$0(147)) - Waiting for cluster to be ready. Got 0 of 10 DN Heartbeats.
2019-10-15 21:18:43,506 [org.apache.hadoop.util.JvmPauseMonitor$Monitor@272a3669] INFO  util.JvmPauseMonitor (JvmPauseMonitor.java:run(188)) - Starting JVM pause monitor
2019-10-15 21:18:43,507 [Datanode State Machine Thread - 0] INFO  datanode.InitDatanodeState (InitDatanodeState.java:persistContainerDatanodeDetails(140)) - DatanodeDetails is persisted to /workdir/hadoop-ozone/integration-test/target/test-dir/MiniOzoneClusterImpl-31458ddc-69ad-405c-a8b1-f839bd3d9382/datanode-9/meta/datanode.id
2019-10-15 21:18:44,505 [main] INFO  ozone.MiniOzoneClusterImpl (MiniOzoneClusterImpl.java:lambda$waitForClusterToBeReady$0(147)) - Waiting for cluster to be ready. Got 0 of 10 DN Heartbeats.
2019-10-15 21:18:44,513 [Datanode State Machine Thread - 0] INFO  ozoneimpl.OzoneContainer (OzoneContainer.java:start(213)) - Attempting to start container services.
2019-10-15 21:18:44,513 [Datanode State Machine Thread - 0] INFO  ozoneimpl.OzoneContainer (OzoneContainer.java:startContainerScrub(177)) - Background container scanner has been disabled.
2019-10-15 21:18:44,513 [Datanode State Machine Thread - 0] INFO  ratis.XceiverServerRatis (XceiverServerRatis.java:start(418)) - Starting XceiverServerRatis 61c3ff9d-aa4b-4312-85d3-a53b64a62d48 at port 0
2019-10-15 21:18:44,520 [Datanode State Machine Thread - 0] INFO  impl.RaftServerProxy (RaftServerProxy.java:lambda$start$3(299)) - 61c3ff9d-aa4b-4312-85d3-a53b64a62d48: start RPC server
2019-10-15 21:18:44,521 [Datanode State Machine Thread - 0] INFO  server.GrpcService (GrpcService.java:startImpl(158)) - 61c3ff9d-aa4b-4312-85d3-a53b64a62d48: GrpcService started, listening on 0.0.0.0/0.0.0.0:42195
2019-10-15 21:18:44,521 [Datanode State Machine Thread - 0] INFO  ratis.XceiverServerRatis (XceiverServerRatis.java:start(428)) - XceiverServerRatis 61c3ff9d-aa4b-4312-85d3-a53b64a62d48 is started using port 42195
2019-10-15 21:18:44,522 [Datanode State Machine Thread - 0] INFO  server.XceiverServerGrpc (XceiverServerGrpc.java:start(149)) - XceiverServerGrpc 61c3ff9d-aa4b-4312-85d3-a53b64a62d48 is started using port 40724
2019-10-15 21:18:44,609 [Datanode State Machine Thread - 0] INFO  ozoneimpl.OzoneContainer (OzoneContainer.java:start(213)) - Attempting to start container services.
2019-10-15 21:18:44,609 [Datanode State Machine Thread - 0] INFO  ozoneimpl.OzoneContainer (OzoneContainer.java:startContainerScrub(177)) - Background container scanner has been disabled.
2019-10-15 21:18:44,609 [Datanode State Machine Thread - 0] INFO  ratis.XceiverServerRatis (XceiverServerRatis.java:start(418)) - Starting XceiverServerRatis 93d557fa-335e-4e3d-b2bb-e33832802906 at port 0
2019-10-15 21:18:44,615 [Datanode State Machine Thread - 0] INFO  impl.RaftServerProxy (RaftServerProxy.java:lambda$start$3(299)) - 93d557fa-335e-4e3d-b2bb-e33832802906: start RPC server
2019-10-15 21:18:44,615 [Datanode State Machine Thread - 0] INFO  server.GrpcService (GrpcService.java:startImpl(158)) - 93d557fa-335e-4e3d-b2bb-e33832802906: GrpcService started, listening on 0.0.0.0/0.0.0.0:43737
2019-10-15 21:18:44,615 [Datanode State Machine Thread - 0] INFO  ratis.XceiverServerRatis (XceiverServerRatis.java:start(428)) - XceiverServerRatis 93d557fa-335e-4e3d-b2bb-e33832802906 is started using port 43737
2019-10-15 21:18:44,616 [Datanode State Machine Thread - 0] INFO  server.XceiverServerGrpc (XceiverServerGrpc.java:start(149)) - XceiverServerGrpc 93d557fa-335e-4e3d-b2bb-e33832802906 is started using port 36158
2019-10-15 21:18:44,670 [Datanode State Machine Thread - 0] INFO  ozoneimpl.OzoneContainer (OzoneContainer.java:start(213)) - Attempting to start container services.
2019-10-15 21:18:44,670 [Datanode State Machine Thread - 0] INFO  ozoneimpl.OzoneContainer (OzoneContainer.java:startContainerScrub(177)) - Background container scanner has been disabled.
2019-10-15 21:18:44,670 [Datanode State Machine Thread - 0] INFO  ratis.XceiverServerRatis (XceiverServerRatis.java:start(418)) - Starting XceiverServerRatis 090573f1-c213-462e-b422-6463ca97c373 at port 0
2019-10-15 21:18:44,676 [Datanode State Machine Thread - 0] INFO  impl.RaftServerProxy (RaftServerProxy.java:lambda$start$3(299)) - 090573f1-c213-462e-b422-6463ca97c373: start RPC server
2019-10-15 21:18:44,676 [Datanode State Machine Thread - 0] INFO  server.GrpcService (GrpcService.java:startImpl(158)) - 090573f1-c213-462e-b422-6463ca97c373: GrpcService started, listening on 0.0.0.0/0.0.0.0:43336
2019-10-15 21:18:44,676 [Datanode State Machine Thread - 0] INFO  ratis.XceiverServerRatis (XceiverServerRatis.java:start(428)) - XceiverServerRatis 090573f1-c213-462e-b422-6463ca97c373 is started using port 43336
2019-10-15 21:18:44,676 [Datanode State Machine Thread - 0] INFO  server.XceiverServerGrpc (XceiverServerGrpc.java:start(149)) - XceiverServerGrpc 090573f1-c213-462e-b422-6463ca97c373 is started using port 41619
2019-10-15 21:18:44,748 [Datanode State Machine Thread - 0] INFO  ozoneimpl.OzoneContainer (OzoneContainer.java:start(213)) - Attempting to start container services.
2019-10-15 21:18:44,748 [Datanode State Machine Thread - 0] INFO  ozoneimpl.OzoneContainer (OzoneContainer.java:startContainerScrub(177)) - Background container scanner has been disabled.
2019-10-15 21:18:44,748 [Datanode State Machine Thread - 0] INFO  ratis.XceiverServerRatis (XceiverServerRatis.java:start(418)) - Starting XceiverServerRatis c2130dde-588e-42a9-bf71-2215e165583f at port 0
2019-10-15 21:18:44,752 [Datanode State Machine Thread - 0] INFO  impl.RaftServerProxy (RaftServerProxy.java:lambda$start$3(299)) - c2130dde-588e-42a9-bf71-2215e165583f: start RPC server
2019-10-15 21:18:44,760 [Datanode State Machine Thread - 0] INFO  server.GrpcService (GrpcService.java:startImpl(158)) - c2130dde-588e-42a9-bf71-2215e165583f: GrpcService started, listening on 0.0.0.0/0.0.0.0:45437
2019-10-15 21:18:44,760 [Datanode State Machine Thread - 0] INFO  ratis.XceiverServerRatis (XceiverServerRatis.java:start(428)) - XceiverServerRatis c2130dde-588e-42a9-bf71-2215e165583f is started using port 45437
2019-10-15 21:18:44,760 [Datanode State Machine Thread - 0] INFO  server.XceiverServerGrpc (XceiverServerGrpc.java:start(149)) - XceiverServerGrpc c2130dde-588e-42a9-bf71-2215e165583f is started using port 35808
2019-10-15 21:18:44,828 [Datanode State Machine Thread - 0] INFO  ozoneimpl.OzoneContainer (OzoneContainer.java:start(213)) - Attempting to start container services.
2019-10-15 21:18:44,828 [Datanode State Machine Thread - 0] INFO  ozoneimpl.OzoneContainer (OzoneContainer.java:startContainerScrub(177)) - Background container scanner has been disabled.
2019-10-15 21:18:44,828 [Datanode State Machine Thread - 0] INFO  ratis.XceiverServerRatis (XceiverServerRatis.java:start(418)) - Starting XceiverServerRatis a27cc913-8f64-4948-968f-b26bd365b697 at port 0
2019-10-15 21:18:44,832 [Datanode State Machine Thread - 0] INFO  impl.RaftServerProxy (RaftServerProxy.java:lambda$start$3(299)) - a27cc913-8f64-4948-968f-b26bd365b697: start RPC server
2019-10-15 21:18:44,832 [Datanode State Machine Thread - 0] INFO  server.GrpcService (GrpcService.java:startImpl(158)) - a27cc913-8f64-4948-968f-b26bd365b697: GrpcService started, listening on 0.0.0.0/0.0.0.0:42925
2019-10-15 21:18:44,833 [Datanode State Machine Thread - 0] INFO  ratis.XceiverServerRatis (XceiverServerRatis.java:start(428)) - XceiverServerRatis a27cc913-8f64-4948-968f-b26bd365b697 is started using port 42925
2019-10-15 21:18:44,835 [Datanode State Machine Thread - 0] INFO  server.XceiverServerGrpc (XceiverServerGrpc.java:start(149)) - XceiverServerGrpc a27cc913-8f64-4948-968f-b26bd365b697 is started using port 39025
2019-10-15 21:18:44,913 [Datanode State Machine Thread - 0] INFO  ozoneimpl.OzoneContainer (OzoneContainer.java:start(213)) - Attempting to start container services.
2019-10-15 21:18:44,914 [Datanode State Machine Thread - 0] INFO  ozoneimpl.OzoneContainer (OzoneContainer.java:startContainerScrub(177)) - Background container scanner has been disabled.
2019-10-15 21:18:44,914 [Datanode State Machine Thread - 0] INFO  ratis.XceiverServerRatis (XceiverServerRatis.java:start(418)) - Starting XceiverServerRatis db364705-f60f-4be7-83db-fd25b014fd0b at port 0
2019-10-15 21:18:44,919 [Datanode State Machine Thread - 0] INFO  impl.RaftServerProxy (RaftServerProxy.java:lambda$start$3(299)) - db364705-f60f-4be7-83db-fd25b014fd0b: start RPC server
2019-10-15 21:18:44,920 [Datanode State Machine Thread - 0] INFO  server.GrpcService (GrpcService.java:startImpl(158)) - db364705-f60f-4be7-83db-fd25b014fd0b: GrpcService started, listening on 0.0.0.0/0.0.0.0:41270
2019-10-15 21:18:44,920 [Datanode State Machine Thread - 0] INFO  ratis.XceiverServerRatis (XceiverServerRatis.java:start(428)) - XceiverServerRatis db364705-f60f-4be7-83db-fd25b014fd0b is started using port 41270
2019-10-15 21:18:44,921 [Datanode State Machine Thread - 0] INFO  server.XceiverServerGrpc (XceiverServerGrpc.java:start(149)) - XceiverServerGrpc db364705-f60f-4be7-83db-fd25b014fd0b is started using port 43917
2019-10-15 21:18:45,288 [Datanode State Machine Thread - 0] INFO  ozoneimpl.OzoneContainer (OzoneContainer.java:start(213)) - Attempting to start container services.
2019-10-15 21:18:45,288 [Datanode State Machine Thread - 0] INFO  ozoneimpl.OzoneContainer (OzoneContainer.java:startContainerScrub(177)) - Background container scanner has been disabled.
2019-10-15 21:18:45,288 [Datanode State Machine Thread - 0] INFO  ratis.XceiverServerRatis (XceiverServerRatis.java:start(418)) - Starting XceiverServerRatis e66d25fa-4711-4065-821e-74242ad152cb at port 0
2019-10-15 21:18:45,293 [Datanode State Machine Thread - 0] INFO  impl.RaftServerProxy (RaftServerProxy.java:lambda$start$3(299)) - e66d25fa-4711-4065-821e-74242ad152cb: start RPC server
2019-10-15 21:18:45,293 [Datanode State Machine Thread - 0] INFO  server.GrpcService (GrpcService.java:startImpl(158)) - e66d25fa-4711-4065-821e-74242ad152cb: GrpcService started, listening on 0.0.0.0/0.0.0.0:39961
2019-10-15 21:18:45,293 [Datanode State Machine Thread - 0] INFO  ratis.XceiverServerRatis (XceiverServerRatis.java:start(428)) - XceiverServerRatis e66d25fa-4711-4065-821e-74242ad152cb is started using port 39961
2019-10-15 21:18:45,293 [Datanode State Machine Thread - 0] INFO  server.XceiverServerGrpc (XceiverServerGrpc.java:start(149)) - XceiverServerGrpc e66d25fa-4711-4065-821e-74242ad152cb is started using port 41698
2019-10-15 21:18:45,369 [Datanode State Machine Thread - 0] INFO  ozoneimpl.OzoneContainer (OzoneContainer.java:start(213)) - Attempting to start container services.
2019-10-15 21:18:45,369 [Datanode State Machine Thread - 0] INFO  ozoneimpl.OzoneContainer (OzoneContainer.java:startContainerScrub(177)) - Background container scanner has been disabled.
2019-10-15 21:18:45,369 [Datanode State Machine Thread - 0] INFO  ratis.XceiverServerRatis (XceiverServerRatis.java:start(418)) - Starting XceiverServerRatis 8cb7ea3b-ad52-4b28-856c-a59c42ac9757 at port 0
2019-10-15 21:18:45,379 [Datanode State Machine Thread - 0] INFO  impl.RaftServerProxy (RaftServerProxy.java:lambda$start$3(299)) - 8cb7ea3b-ad52-4b28-856c-a59c42ac9757: start RPC server
2019-10-15 21:18:45,383 [Datanode State Machine Thread - 0] INFO  server.GrpcService (GrpcService.java:startImpl(158)) - 8cb7ea3b-ad52-4b28-856c-a59c42ac9757: GrpcService started, listening on 0.0.0.0/0.0.0.0:41689
2019-10-15 21:18:45,383 [Datanode State Machine Thread - 0] INFO  ratis.XceiverServerRatis (XceiverServerRatis.java:start(428)) - XceiverServerRatis 8cb7ea3b-ad52-4b28-856c-a59c42ac9757 is started using port 41689
2019-10-15 21:18:45,384 [Datanode State Machine Thread - 0] INFO  server.XceiverServerGrpc (XceiverServerGrpc.java:start(149)) - XceiverServerGrpc 8cb7ea3b-ad52-4b28-856c-a59c42ac9757 is started using port 38249
2019-10-15 21:18:45,443 [Datanode State Machine Thread - 0] INFO  ozoneimpl.OzoneContainer (OzoneContainer.java:start(213)) - Attempting to start container services.
2019-10-15 21:18:45,443 [Datanode State Machine Thread - 0] INFO  ozoneimpl.OzoneContainer (OzoneContainer.java:startContainerScrub(177)) - Background container scanner has been disabled.
2019-10-15 21:18:45,443 [Datanode State Machine Thread - 0] INFO  ratis.XceiverServerRatis (XceiverServerRatis.java:start(418)) - Starting XceiverServerRatis 274b1c51-9c2c-4419-942c-803b5038fb5c at port 0
2019-10-15 21:18:45,450 [Datanode State Machine Thread - 0] INFO  impl.RaftServerProxy (RaftServerProxy.java:lambda$start$3(299)) - 274b1c51-9c2c-4419-942c-803b5038fb5c: start RPC server
2019-10-15 21:18:45,454 [Datanode State Machine Thread - 0] INFO  server.GrpcService (GrpcService.java:startImpl(158)) - 274b1c51-9c2c-4419-942c-803b5038fb5c: GrpcService started, listening on 0.0.0.0/0.0.0.0:39513
2019-10-15 21:18:45,454 [Datanode State Machine Thread - 0] INFO  ratis.XceiverServerRatis (XceiverServerRatis.java:start(428)) - XceiverServerRatis 274b1c51-9c2c-4419-942c-803b5038fb5c is started using port 39513
2019-10-15 21:18:45,455 [Datanode State Machine Thread - 0] INFO  server.XceiverServerGrpc (XceiverServerGrpc.java:start(149)) - XceiverServerGrpc 274b1c51-9c2c-4419-942c-803b5038fb5c is started using port 35136
2019-10-15 21:18:45,506 [main] INFO  ozone.MiniOzoneClusterImpl (MiniOzoneClusterImpl.java:lambda$waitForClusterToBeReady$0(147)) - Waiting for cluster to be ready. Got 0 of 10 DN Heartbeats.
2019-10-15 21:18:45,510 [Datanode State Machine Thread - 0] INFO  ozoneimpl.OzoneContainer (OzoneContainer.java:start(213)) - Attempting to start container services.
2019-10-15 21:18:45,510 [Datanode State Machine Thread - 0] INFO  ozoneimpl.OzoneContainer (OzoneContainer.java:startContainerScrub(177)) - Background container scanner has been disabled.
2019-10-15 21:18:45,510 [Datanode State Machine Thread - 0] INFO  ratis.XceiverServerRatis (XceiverServerRatis.java:start(418)) - Starting XceiverServerRatis ba85c1be-f88e-49af-b96e-605dad6c1e68 at port 0
2019-10-15 21:18:45,515 [Datanode State Machine Thread - 0] INFO  impl.RaftServerProxy (RaftServerProxy.java:lambda$start$3(299)) - ba85c1be-f88e-49af-b96e-605dad6c1e68: start RPC server
2019-10-15 21:18:45,515 [Datanode State Machine Thread - 0] INFO  server.GrpcService (GrpcService.java:startImpl(158)) - ba85c1be-f88e-49af-b96e-605dad6c1e68: GrpcService started, listening on 0.0.0.0/0.0.0.0:37728
2019-10-15 21:18:45,515 [Datanode State Machine Thread - 0] INFO  ratis.XceiverServerRatis (XceiverServerRatis.java:start(428)) - XceiverServerRatis ba85c1be-f88e-49af-b96e-605dad6c1e68 is started using port 37728
2019-10-15 21:18:45,518 [Datanode State Machine Thread - 0] INFO  server.XceiverServerGrpc (XceiverServerGrpc.java:start(149)) - XceiverServerGrpc ba85c1be-f88e-49af-b96e-605dad6c1e68 is started using port 41454
2019-10-15 21:18:46,510 [IPC Server handler 4 on 43782] INFO  net.NetworkTopology (NetworkTopologyImpl.java:add(111)) - Added a new node: /rack1/61c3ff9d-aa4b-4312-85d3-a53b64a62d48
2019-10-15 21:18:46,513 [IPC Server handler 4 on 43782] INFO  node.SCMNodeManager (SCMNodeManager.java:register(268)) - Registered Data node : 61c3ff9d-aa4b-4312-85d3-a53b64a62d48{ip: 192.168.69.102, host: pr-hdds-2254-trunk-ddzgt-1485873308, networkLocation: /rack1, certSerialId: null}
2019-10-15 21:18:46,510 [main] INFO  ozone.MiniOzoneClusterImpl (MiniOzoneClusterImpl.java:lambda$waitForClusterToBeReady$0(147)) - Waiting for cluster to be ready. Got 1 of 10 DN Heartbeats.
2019-10-15 21:18:46,514 [EventQueue-NodeRegistrationContainerReportForDataNodeSafeModeRule] INFO  safemode.SCMSafeModeManager (DataNodeSafeModeRule.java:process(71)) - SCM in safe mode. 1 DataNodes registered, 1 required.
2019-10-15 21:18:46,516 [EventQueue-NodeRegistrationContainerReportForDataNodeSafeModeRule] INFO  safemode.SCMSafeModeManager (SCMSafeModeManager.java:validateSafeModeExitRules(177)) - ScmSafeModeManager, all rules are successfully validated
2019-10-15 21:18:46,516 [EventQueue-NodeRegistrationContainerReportForDataNodeSafeModeRule] INFO  safemode.SCMSafeModeManager (SCMSafeModeManager.java:exitSafeMode(193)) - SCM exiting safe mode.
2019-10-15 21:18:46,538 [grpc-default-executor-10] INFO  impl.RaftServerProxy (RaftServerProxy.java:addNew(89)) - 61c3ff9d-aa4b-4312-85d3-a53b64a62d48: addNew group-4D9437289EFA:[61c3ff9d-aa4b-4312-85d3-a53b64a62d48:192.168.69.102:42195] returns group-4D9437289EFA:java.util.concurrent.CompletableFuture@30d90330[Not completed]
2019-10-15 21:18:46,540 [pool-510-thread-1] INFO  impl.RaftServerImpl (RaftServerImpl.java:<init>(104)) - 61c3ff9d-aa4b-4312-85d3-a53b64a62d48: new RaftServerImpl for group-4D9437289EFA:[61c3ff9d-aa4b-4312-85d3-a53b64a62d48:192.168.69.102:42195] with ContainerStateMachine:uninitialized
2019-10-15 21:18:46,540 [pool-510-thread-1] INFO  server.RaftServerConfigKeys (ConfUtils.java:logGet(43)) - raft.server.rpc.timeout.min = 1s (custom)
2019-10-15 21:18:46,540 [pool-510-thread-1] INFO  server.RaftServerConfigKeys (ConfUtils.java:logGet(43)) - raft.server.rpc.timeout.max = 1200ms (custom)
2019-10-15 21:18:46,540 [pool-510-thread-1] INFO  server.RaftServerConfigKeys (ConfUtils.java:logGet(43)) - raft.server.rpcslowness.timeout = 120s (custom)
2019-10-15 21:18:46,540 [pool-510-thread-1] INFO  server.RaftServerConfigKeys (ConfUtils.java:logGet(43)) - raft.server.sleep.deviation.threshold = 300 (default)
2019-10-15 21:18:46,540 [pool-510-thread-1] INFO  server.RaftServerConfigKeys (ConfUtils.java:logGet(43)) - raft.server.log.appender.install.snapshot.enabled = false (custom)
2019-10-15 21:18:46,540 [pool-510-thread-1] INFO  impl.RaftServerImpl (ServerState.java:<init>(103)) - 61c3ff9d-aa4b-4312-85d3-a53b64a62d48@group-4D9437289EFA: ConfigurationManager, init=-1: [61c3ff9d-aa4b-4312-85d3-a53b64a62d48:192.168.69.102:42195], old=null, confs=<EMPTY_MAP>
2019-10-15 21:18:46,541 [pool-510-thread-1] INFO  server.RaftServerConfigKeys (ConfUtils.java:logGet(43)) - raft.server.storage.dir = [/workdir/hadoop-ozone/integration-test/target/test-dir/MiniOzoneClusterImpl-31458ddc-69ad-405c-a8b1-f839bd3d9382/datanode-0/data/ratis] (custom)
2019-10-15 21:18:46,541 [pool-510-thread-1] INFO  server.RaftServerConfigKeys (ConfUtils.java:logGet(43)) - raft.server.log.corruption.policy = EXCEPTION (default)
2019-10-15 21:18:46,541 [pool-510-thread-1] INFO  storage.RaftStorageDirectory (RaftStorageDirectory.java:analyzeStorage(246)) - The storage directory /workdir/hadoop-ozone/integration-test/target/test-dir/MiniOzoneClusterImpl-31458ddc-69ad-405c-a8b1-f839bd3d9382/datanode-0/data/ratis/04147cc1-c185-4829-86bb-4d9437289efa does not exist. Creating ...
2019-10-15 21:18:46,553 [pool-510-thread-1] INFO  storage.RaftStorageDirectory (RaftStorageDirectory.java:tryLock(328)) - Lock on /workdir/hadoop-ozone/integration-test/target/test-dir/MiniOzoneClusterImpl-31458ddc-69ad-405c-a8b1-f839bd3d9382/datanode-0/data/ratis/04147cc1-c185-4829-86bb-4d9437289efa/in_use.lock acquired by nodename 3939@pr-hdds-2254-trunk-ddzgt-1485873308
2019-10-15 21:18:46,563 [pool-510-thread-1] INFO  storage.RaftStorage (RaftStorage.java:format(84)) - Storage directory /workdir/hadoop-ozone/integration-test/target/test-dir/MiniOzoneClusterImpl-31458ddc-69ad-405c-a8b1-f839bd3d9382/datanode-0/data/ratis/04147cc1-c185-4829-86bb-4d9437289efa has been successfully formatted.
2019-10-15 21:18:46,563 [pool-510-thread-1] INFO  ratis.ContainerStateMachine (ContainerStateMachine.java:loadSnapshot(231)) - group-4D9437289EFA: The snapshot info is null. Setting the last applied indexto:(t:0, i:~)
2019-10-15 21:18:46,564 [pool-510-thread-1] INFO  server.RaftServerConfigKeys (ConfUtils.java:logGet(43)) - raft.server.notification.no-leader.timeout = 120s (custom)
2019-10-15 21:18:46,564 [pool-510-thread-1] INFO  server.RaftServerConfigKeys (ConfUtils.java:logGet(43)) - raft.server.log.use.memory = false (default)
2019-10-15 21:18:46,564 [pool-510-thread-1] INFO  server.RaftServerConfigKeys (ConfUtils.java:logGet(43)) - raft.server.log.purge.gap = 1000000 (custom)
2019-10-15 21:18:46,564 [pool-510-thread-1] INFO  server.RaftServerConfigKeys (ConfUtils.java:logGet(43)) - raft.server.log.appender.buffer.byte-limit = 33554432 (custom)
2019-10-15 21:18:46,564 [pool-510-thread-1] INFO  server.RaftServerConfigKeys (ConfUtils.java:logGet(43)) - raft.server.log.segment.size.max = 1048576 (custom)
2019-10-15 21:18:46,565 [pool-510-thread-1] INFO  server.RaftServerConfigKeys (ConfUtils.java:logGet(43)) - raft.server.log.segment.cache.num.max = 2 (custom)
2019-10-15 21:18:46,566 [pool-510-thread-1] INFO  segmented.SegmentedRaftLogWorker (SegmentedRaftLogWorker.java:<init>(173)) - new 61c3ff9d-aa4b-4312-85d3-a53b64a62d48@group-4D9437289EFA-SegmentedRaftLogWorker for RaftStorage:Storage Directory /workdir/hadoop-ozone/integration-test/target/test-dir/MiniOzoneClusterImpl-31458ddc-69ad-405c-a8b1-f839bd3d9382/datanode-0/data/ratis/04147cc1-c185-4829-86bb-4d9437289efa
2019-10-15 21:18:46,566 [pool-510-thread-1] INFO  server.RaftServerConfigKeys (ConfUtils.java:logGet(43)) - raft.server.log.queue.byte-limit = 2147483647 (custom)
2019-10-15 21:18:46,566 [pool-510-thread-1] INFO  server.RaftServerConfigKeys (ConfUtils.java:logGet(43)) - raft.server.log.queue.element-limit = 1024 (custom)
2019-10-15 21:18:46,566 [pool-510-thread-1] INFO  server.RaftServerConfigKeys (ConfUtils.java:logGet(43)) - raft.server.log.segment.size.max = 1048576 (custom)
2019-10-15 21:18:46,566 [pool-510-thread-1] INFO  server.RaftServerConfigKeys (ConfUtils.java:logGet(43)) - raft.server.log.preallocated.size = 16384 (custom)
2019-10-15 21:18:46,566 [pool-510-thread-1] INFO  server.RaftServerConfigKeys (ConfUtils.java:logGet(43)) - raft.server.log.write.buffer.size = 33554432 (custom)
2019-10-15 21:18:46,566 [pool-510-thread-1] INFO  server.RaftServerConfigKeys (ConfUtils.java:logGet(43)) - raft.server.log.force.sync.num = 128 (default)
2019-10-15 21:18:46,566 [pool-510-thread-1] INFO  server.RaftServerConfigKeys (ConfUtils.java:logGet(43)) - raft.server.log.statemachine.data.sync = true (default)
2019-10-15 21:18:46,566 [pool-510-thread-1] INFO  server.RaftServerConfigKeys (ConfUtils.java:logGet(43)) - raft.server.log.statemachine.data.sync.timeout = 10s (default)
2019-10-15 21:18:46,566 [pool-510-thread-1] INFO  server.RaftServerConfigKeys (ConfUtils.java:logGet(43)) - raft.server.log.statemachine.data.sync.timeout.retry = -1 (default)
2019-10-15 21:18:46,567 [pool-510-thread-1] INFO  server.RaftServerConfigKeys (ConfUtils.java:logGet(43)) - raft.server.log.statemachine.data.caching.enabled = true (custom)
2019-10-15 21:18:46,567 [pool-510-thread-1] INFO  segmented.SegmentedRaftLogWorker (SegmentedRaftLogWorker.java:lambda$new$0(128)) - 61c3ff9d-aa4b-4312-85d3-a53b64a62d48@group-4D9437289EFA-SegmentedRaftLogWorker: flushIndex: setUnconditionally 0 -> -1
2019-10-15 21:18:46,567 [pool-510-thread-1] INFO  server.RaftServerConfigKeys (ConfUtils.java:logGet(43)) - raft.server.snapshot.auto.trigger.enabled = true (custom)
2019-10-15 21:18:46,567 [pool-510-thread-1] INFO  server.RaftServerConfigKeys (ConfUtils.java:logGet(43)) - raft.server.snapshot.auto.trigger.threshold = 10000 (custom)
2019-10-15 21:18:46,567 [pool-510-thread-1] INFO  server.RaftServerConfigKeys (ConfUtils.java:logGet(43)) - raft.server.snapshot.retention.file.num = 5 (custom)
2019-10-15 21:18:46,567 [pool-510-thread-1] INFO  server.RaftServerConfigKeys (ConfUtils.java:logGet(43)) - raft.server.retrycache.expirytime = 600000ms (custom)
2019-10-15 21:18:46,569 [pool-510-thread-1] INFO  impl.RaftServerImpl (RaftServerImpl.java:start(195)) - 61c3ff9d-aa4b-4312-85d3-a53b64a62d48@group-4D9437289EFA: start as a follower, conf=-1: [61c3ff9d-aa4b-4312-85d3-a53b64a62d48:192.168.69.102:42195], old=null
2019-10-15 21:18:46,569 [pool-510-thread-1] INFO  impl.RaftServerImpl (RaftServerImpl.java:setRole(184)) - 61c3ff9d-aa4b-4312-85d3-a53b64a62d48@group-4D9437289EFA: changes role from      null to FOLLOWER at term 0 for startAsFollower
2019-10-15 21:18:46,569 [pool-510-thread-1] INFO  impl.RoleInfo (RoleInfo.java:updateAndGet(143)) - 61c3ff9d-aa4b-4312-85d3-a53b64a62d48: start FollowerState
2019-10-15 21:18:46,570 [pool-510-thread-1] INFO  util.JmxRegister (JmxRegister.java:tryRegister(44)) - Successfully registered JMX Bean with object name Ratis:service=RaftServer,group=group-4D9437289EFA,id=61c3ff9d-aa4b-4312-85d3-a53b64a62d48
2019-10-15 21:18:46,586 [IPC Server handler 19 on 43782] INFO  net.NetworkTopology (NetworkTopologyImpl.java:add(111)) - Added a new node: /rack1/93d557fa-335e-4e3d-b2bb-e33832802906
2019-10-15 21:18:46,586 [IPC Server handler 19 on 43782] INFO  node.SCMNodeManager (SCMNodeManager.java:register(268)) - Registered Data node : 93d557fa-335e-4e3d-b2bb-e33832802906{ip: 192.168.69.102, host: pr-hdds-2254-trunk-ddzgt-1485873308, networkLocation: /rack1, certSerialId: null}
2019-10-15 21:18:46,593 [RatisPipelineUtilsThread] INFO  pipeline.PipelineStateManager (PipelineStateManager.java:addPipeline(56)) - Created pipeline Pipeline[ Id: 04147cc1-c185-4829-86bb-4d9437289efa, Nodes: 61c3ff9d-aa4b-4312-85d3-a53b64a62d48{ip: 192.168.69.102, host: pr-hdds-2254-trunk-ddzgt-1485873308, networkLocation: /rack1, certSerialId: null}, Type:RATIS, Factor:ONE, State:OPEN]
2019-10-15 21:18:46,606 [grpc-default-executor-10] INFO  impl.RaftServerProxy (RaftServerProxy.java:addNew(89)) - 93d557fa-335e-4e3d-b2bb-e33832802906: addNew group-D90C6F5BD62C:[93d557fa-335e-4e3d-b2bb-e33832802906:192.168.69.102:43737] returns group-D90C6F5BD62C:java.util.concurrent.CompletableFuture@63f2466d[Not completed]
2019-10-15 21:18:46,607 [pool-520-thread-1] INFO  impl.RaftServerImpl (RaftServerImpl.java:<init>(104)) - 93d557fa-335e-4e3d-b2bb-e33832802906: new RaftServerImpl for group-D90C6F5BD62C:[93d557fa-335e-4e3d-b2bb-e33832802906:192.168.69.102:43737] with ContainerStateMachine:uninitialized
2019-10-15 21:18:46,607 [pool-520-thread-1] INFO  server.RaftServerConfigKeys (ConfUtils.java:logGet(43)) - raft.server.rpc.timeout.min = 1s (custom)
2019-10-15 21:18:46,607 [pool-520-thread-1] INFO  server.RaftServerConfigKeys (ConfUtils.java:logGet(43)) - raft.server.rpc.timeout.max = 1200ms (custom)
2019-10-15 21:18:46,607 [pool-520-thread-1] INFO  server.RaftServerConfigKeys (ConfUtils.java:logGet(43)) - raft.server.rpcslowness.timeout = 120s (custom)
2019-10-15 21:18:46,608 [pool-520-thread-1] INFO  server.RaftServerConfigKeys (ConfUtils.java:logGet(43)) - raft.server.sleep.deviation.threshold = 300 (default)
2019-10-15 21:18:46,608 [pool-520-thread-1] INFO  server.RaftServerConfigKeys (ConfUtils.java:logGet(43)) - raft.server.log.appender.install.snapshot.enabled = false (custom)
2019-10-15 21:18:46,608 [pool-520-thread-1] INFO  impl.RaftServerImpl (ServerState.java:<init>(103)) - 93d557fa-335e-4e3d-b2bb-e33832802906@group-D90C6F5BD62C: ConfigurationManager, init=-1: [93d557fa-335e-4e3d-b2bb-e33832802906:192.168.69.102:43737], old=null, confs=<EMPTY_MAP>
2019-10-15 21:18:46,608 [pool-520-thread-1] INFO  server.RaftServerConfigKeys (ConfUtils.java:logGet(43)) - raft.server.storage.dir = [/workdir/hadoop-ozone/integration-test/target/test-dir/MiniOzoneClusterImpl-31458ddc-69ad-405c-a8b1-f839bd3d9382/datanode-1/data/ratis] (custom)
2019-10-15 21:18:46,608 [pool-520-thread-1] INFO  server.RaftServerConfigKeys (ConfUtils.java:logGet(43)) - raft.server.log.corruption.policy = EXCEPTION (default)
2019-10-15 21:18:46,608 [pool-520-thread-1] INFO  storage.RaftStorageDirectory (RaftStorageDirectory.java:analyzeStorage(246)) - The storage directory /workdir/hadoop-ozone/integration-test/target/test-dir/MiniOzoneClusterImpl-31458ddc-69ad-405c-a8b1-f839bd3d9382/datanode-1/data/ratis/96724b59-03e8-4549-87e6-d90c6f5bd62c does not exist. Creating ...
2019-10-15 21:18:46,617 [pool-520-thread-1] INFO  storage.RaftStorageDirectory (RaftStorageDirectory.java:tryLock(328)) - Lock on /workdir/hadoop-ozone/integration-test/target/test-dir/MiniOzoneClusterImpl-31458ddc-69ad-405c-a8b1-f839bd3d9382/datanode-1/data/ratis/96724b59-03e8-4549-87e6-d90c6f5bd62c/in_use.lock acquired by nodename 3939@pr-hdds-2254-trunk-ddzgt-1485873308
2019-10-15 21:18:46,622 [pool-520-thread-1] INFO  storage.RaftStorage (RaftStorage.java:format(84)) - Storage directory /workdir/hadoop-ozone/integration-test/target/test-dir/MiniOzoneClusterImpl-31458ddc-69ad-405c-a8b1-f839bd3d9382/datanode-1/data/ratis/96724b59-03e8-4549-87e6-d90c6f5bd62c has been successfully formatted.
2019-10-15 21:18:46,622 [pool-520-thread-1] INFO  ratis.ContainerStateMachine (ContainerStateMachine.java:loadSnapshot(231)) - group-D90C6F5BD62C: The snapshot info is null. Setting the last applied indexto:(t:0, i:~)
2019-10-15 21:18:46,622 [pool-520-thread-1] INFO  server.RaftServerConfigKeys (ConfUtils.java:logGet(43)) - raft.server.notification.no-leader.timeout = 120s (custom)
2019-10-15 21:18:46,623 [pool-520-thread-1] INFO  server.RaftServerConfigKeys (ConfUtils.java:logGet(43)) - raft.server.log.use.memory = false (default)
2019-10-15 21:18:46,623 [pool-520-thread-1] INFO  server.RaftServerConfigKeys (ConfUtils.java:logGet(43)) - raft.server.log.purge.gap = 1000000 (custom)
2019-10-15 21:18:46,623 [pool-520-thread-1] INFO  server.RaftServerConfigKeys (ConfUtils.java:logGet(43)) - raft.server.log.appender.buffer.byte-limit = 33554432 (custom)
2019-10-15 21:18:46,623 [pool-520-thread-1] INFO  server.RaftServerConfigKeys (ConfUtils.java:logGet(43)) - raft.server.log.segment.size.max = 1048576 (custom)
2019-10-15 21:18:46,625 [pool-520-thread-1] INFO  server.RaftServerConfigKeys (ConfUtils.java:logGet(43)) - raft.server.log.segment.cache.num.max = 2 (custom)
2019-10-15 21:18:46,625 [pool-520-thread-1] INFO  segmented.SegmentedRaftLogWorker (SegmentedRaftLogWorker.java:<init>(173)) - new 93d557fa-335e-4e3d-b2bb-e33832802906@group-D90C6F5BD62C-SegmentedRaftLogWorker for RaftStorage:Storage Directory /workdir/hadoop-ozone/integration-test/target/test-dir/MiniOzoneClusterImpl-31458ddc-69ad-405c-a8b1-f839bd3d9382/datanode-1/data/ratis/96724b59-03e8-4549-87e6-d90c6f5bd62c
2019-10-15 21:18:46,625 [pool-520-thread-1] INFO  server.RaftServerConfigKeys (ConfUtils.java:logGet(43)) - raft.server.log.queue.byte-limit = 2147483647 (custom)
2019-10-15 21:18:46,625 [pool-520-thread-1] INFO  server.RaftServerConfigKeys (ConfUtils.java:logGet(43)) - raft.server.log.queue.element-limit = 1024 (custom)
2019-10-15 21:18:46,626 [pool-520-thread-1] INFO  server.RaftServerConfigKeys (ConfUtils.java:logGet(43)) - raft.server.log.segment.size.max = 1048576 (custom)
2019-10-15 21:18:46,626 [pool-520-thread-1] INFO  server.RaftServerConfigKeys (ConfUtils.java:logGet(43)) - raft.server.log.preallocated.size = 16384 (custom)
2019-10-15 21:18:46,626 [pool-520-thread-1] INFO  server.RaftServerConfigKeys (ConfUtils.java:logGet(43)) - raft.server.log.write.buffer.size = 33554432 (custom)
2019-10-15 21:18:46,626 [pool-520-thread-1] INFO  server.RaftServerConfigKeys (ConfUtils.java:logGet(43)) - raft.server.log.force.sync.num = 128 (default)
2019-10-15 21:18:46,626 [pool-520-thread-1] INFO  server.RaftServerConfigKeys (ConfUtils.java:logGet(43)) - raft.server.log.statemachine.data.sync = true (default)
2019-10-15 21:18:46,626 [pool-520-thread-1] INFO  server.RaftServerConfigKeys (ConfUtils.java:logGet(43)) - raft.server.log.statemachine.data.sync.timeout = 10s (default)
2019-10-15 21:18:46,626 [pool-520-thread-1] INFO  server.RaftServerConfigKeys (ConfUtils.java:logGet(43)) - raft.server.log.statemachine.data.sync.timeout.retry = -1 (default)
2019-10-15 21:18:46,627 [pool-520-thread-1] INFO  server.RaftServerConfigKeys (ConfUtils.java:logGet(43)) - raft.server.log.statemachine.data.caching.enabled = true (custom)
2019-10-15 21:18:46,635 [pool-520-thread-1] INFO  segmented.SegmentedRaftLogWorker (SegmentedRaftLogWorker.java:lambda$new$0(128)) - 93d557fa-335e-4e3d-b2bb-e33832802906@group-D90C6F5BD62C-SegmentedRaftLogWorker: flushIndex: setUnconditionally 0 -> -1
2019-10-15 21:18:46,635 [pool-520-thread-1] INFO  server.RaftServerConfigKeys (ConfUtils.java:logGet(43)) - raft.server.snapshot.auto.trigger.enabled = true (custom)
2019-10-15 21:18:46,635 [pool-520-thread-1] INFO  server.RaftServerConfigKeys (ConfUtils.java:logGet(43)) - raft.server.snapshot.auto.trigger.threshold = 10000 (custom)
2019-10-15 21:18:46,635 [pool-520-thread-1] INFO  server.RaftServerConfigKeys (ConfUtils.java:logGet(43)) - raft.server.snapshot.retention.file.num = 5 (custom)
2019-10-15 21:18:46,635 [pool-520-thread-1] INFO  server.RaftServerConfigKeys (ConfUtils.java:logGet(43)) - raft.server.retrycache.expirytime = 600000ms (custom)
2019-10-15 21:18:46,638 [pool-520-thread-1] INFO  impl.RaftServerImpl (RaftServerImpl.java:start(195)) - 93d557fa-335e-4e3d-b2bb-e33832802906@group-D90C6F5BD62C: start as a follower, conf=-1: [93d557fa-335e-4e3d-b2bb-e33832802906:192.168.69.102:43737], old=null
2019-10-15 21:18:46,638 [pool-520-thread-1] INFO  impl.RaftServerImpl (RaftServerImpl.java:setRole(184)) - 93d557fa-335e-4e3d-b2bb-e33832802906@group-D90C6F5BD62C: changes role from      null to FOLLOWER at term 0 for startAsFollower
2019-10-15 21:18:46,638 [pool-520-thread-1] INFO  impl.RoleInfo (RoleInfo.java:updateAndGet(143)) - 93d557fa-335e-4e3d-b2bb-e33832802906: start FollowerState
2019-10-15 21:18:46,638 [pool-520-thread-1] INFO  util.JmxRegister (JmxRegister.java:tryRegister(44)) - Successfully registered JMX Bean with object name Ratis:service=RaftServer,group=group-D90C6F5BD62C,id=93d557fa-335e-4e3d-b2bb-e33832802906
2019-10-15 21:18:46,641 [RatisPipelineUtilsThread] INFO  pipeline.PipelineStateManager (PipelineStateManager.java:addPipeline(56)) - Created pipeline Pipeline[ Id: 96724b59-03e8-4549-87e6-d90c6f5bd62c, Nodes: 93d557fa-335e-4e3d-b2bb-e33832802906{ip: 192.168.69.102, host: pr-hdds-2254-trunk-ddzgt-1485873308, networkLocation: /rack1, certSerialId: null}, Type:RATIS, Factor:ONE, State:OPEN]
2019-10-15 21:18:46,659 [IPC Server handler 2 on 43782] INFO  net.NetworkTopology (NetworkTopologyImpl.java:add(111)) - Added a new node: /rack1/090573f1-c213-462e-b422-6463ca97c373
2019-10-15 21:18:46,659 [IPC Server handler 2 on 43782] INFO  node.SCMNodeManager (SCMNodeManager.java:register(268)) - Registered Data node : 090573f1-c213-462e-b422-6463ca97c373{ip: 192.168.69.102, host: pr-hdds-2254-trunk-ddzgt-1485873308, networkLocation: /rack1, certSerialId: null}
2019-10-15 21:18:46,687 [grpc-default-executor-10] INFO  impl.RaftServerProxy (RaftServerProxy.java:addNew(89)) - 090573f1-c213-462e-b422-6463ca97c373: addNew group-FB3B374425E2:[090573f1-c213-462e-b422-6463ca97c373:192.168.69.102:43336] returns group-FB3B374425E2:java.util.concurrent.CompletableFuture@3f4b8ab1[Not completed]
2019-10-15 21:18:46,687 [Thread-8379] INFO  impl.FollowerState (FollowerState.java:run(108)) - 93d557fa-335e-4e3d-b2bb-e33832802906@group-D90C6F5BD62C-FollowerState: change to CANDIDATE, lastRpcTime:49ms, electionTimeout:49ms
2019-10-15 21:18:46,687 [Thread-8379] INFO  impl.RoleInfo (RoleInfo.java:shutdownFollowerState(121)) - 93d557fa-335e-4e3d-b2bb-e33832802906: shutdown FollowerState
2019-10-15 21:18:46,687 [Thread-8379] INFO  impl.RaftServerImpl (RaftServerImpl.java:setRole(184)) - 93d557fa-335e-4e3d-b2bb-e33832802906@group-D90C6F5BD62C: changes role from  FOLLOWER to CANDIDATE at term 0 for changeToCandidate
2019-10-15 21:18:46,688 [Thread-8379] INFO  impl.RoleInfo (RoleInfo.java:updateAndGet(143)) - 93d557fa-335e-4e3d-b2bb-e33832802906: start LeaderElection
2019-10-15 21:18:46,688 [pool-530-thread-1] INFO  impl.RaftServerImpl (RaftServerImpl.java:<init>(104)) - 090573f1-c213-462e-b422-6463ca97c373: new RaftServerImpl for group-FB3B374425E2:[090573f1-c213-462e-b422-6463ca97c373:192.168.69.102:43336] with ContainerStateMachine:uninitialized
2019-10-15 21:18:46,688 [pool-530-thread-1] INFO  server.RaftServerConfigKeys (ConfUtils.java:logGet(43)) - raft.server.rpc.timeout.min = 1s (custom)
2019-10-15 21:18:46,697 [pool-530-thread-1] INFO  server.RaftServerConfigKeys (ConfUtils.java:logGet(43)) - raft.server.rpc.timeout.max = 1200ms (custom)
2019-10-15 21:18:46,697 [pool-530-thread-1] INFO  server.RaftServerConfigKeys (ConfUtils.java:logGet(43)) - raft.server.rpcslowness.timeout = 120s (custom)
2019-10-15 21:18:46,697 [pool-530-thread-1] INFO  server.RaftServerConfigKeys (ConfUtils.java:logGet(43)) - raft.server.sleep.deviation.threshold = 300 (default)
2019-10-15 21:18:46,697 [pool-530-thread-1] INFO  server.RaftServerConfigKeys (ConfUtils.java:logGet(43)) - raft.server.log.appender.install.snapshot.enabled = false (custom)
2019-10-15 21:18:46,697 [pool-530-thread-1] INFO  impl.RaftServerImpl (ServerState.java:<init>(103)) - 090573f1-c213-462e-b422-6463ca97c373@group-FB3B374425E2: ConfigurationManager, init=-1: [090573f1-c213-462e-b422-6463ca97c373:192.168.69.102:43336], old=null, confs=<EMPTY_MAP>
2019-10-15 21:18:46,697 [pool-530-thread-1] INFO  server.RaftServerConfigKeys (ConfUtils.java:logGet(43)) - raft.server.storage.dir = [/workdir/hadoop-ozone/integration-test/target/test-dir/MiniOzoneClusterImpl-31458ddc-69ad-405c-a8b1-f839bd3d9382/datanode-2/data/ratis] (custom)
2019-10-15 21:18:46,697 [pool-530-thread-1] INFO  server.RaftServerConfigKeys (ConfUtils.java:logGet(43)) - raft.server.log.corruption.policy = EXCEPTION (default)
2019-10-15 21:18:46,698 [pool-530-thread-1] INFO  storage.RaftStorageDirectory (RaftStorageDirectory.java:analyzeStorage(246)) - The storage directory /workdir/hadoop-ozone/integration-test/target/test-dir/MiniOzoneClusterImpl-31458ddc-69ad-405c-a8b1-f839bd3d9382/datanode-2/data/ratis/4b50d8c7-c0ee-4a40-b6a7-fb3b374425e2 does not exist. Creating ...
2019-10-15 21:18:46,708 [pool-530-thread-1] INFO  storage.RaftStorageDirectory (RaftStorageDirectory.java:tryLock(328)) - Lock on /workdir/hadoop-ozone/integration-test/target/test-dir/MiniOzoneClusterImpl-31458ddc-69ad-405c-a8b1-f839bd3d9382/datanode-2/data/ratis/4b50d8c7-c0ee-4a40-b6a7-fb3b374425e2/in_use.lock acquired by nodename 3939@pr-hdds-2254-trunk-ddzgt-1485873308
2019-10-15 21:18:46,708 [Thread-8376] INFO  impl.FollowerState (FollowerState.java:run(108)) - 61c3ff9d-aa4b-4312-85d3-a53b64a62d48@group-4D9437289EFA-FollowerState: change to CANDIDATE, lastRpcTime:139ms, electionTimeout:136ms
2019-10-15 21:18:46,709 [Thread-8376] INFO  impl.RoleInfo (RoleInfo.java:shutdownFollowerState(121)) - 61c3ff9d-aa4b-4312-85d3-a53b64a62d48: shutdown FollowerState
2019-10-15 21:18:46,709 [93d557fa-335e-4e3d-b2bb-e33832802906@group-D90C6F5BD62C-LeaderElection978] INFO  impl.LeaderElection (LeaderElection.java:askForVotes(178)) - 93d557fa-335e-4e3d-b2bb-e33832802906@group-D90C6F5BD62C-LeaderElection978: begin an election at term 1 for -1: [93d557fa-335e-4e3d-b2bb-e33832802906:192.168.69.102:43737], old=null
2019-10-15 21:18:46,709 [Thread-8376] INFO  impl.RaftServerImpl (RaftServerImpl.java:setRole(184)) - 61c3ff9d-aa4b-4312-85d3-a53b64a62d48@group-4D9437289EFA: changes role from  FOLLOWER to CANDIDATE at term 0 for changeToCandidate
2019-10-15 21:18:46,709 [Thread-8376] INFO  impl.RoleInfo (RoleInfo.java:updateAndGet(143)) - 61c3ff9d-aa4b-4312-85d3-a53b64a62d48: start LeaderElection
2019-10-15 21:18:46,709 [93d557fa-335e-4e3d-b2bb-e33832802906@group-D90C6F5BD62C-LeaderElection978] INFO  impl.RoleInfo (RoleInfo.java:shutdownLeaderElection(134)) - 93d557fa-335e-4e3d-b2bb-e33832802906: shutdown LeaderElection
2019-10-15 21:18:46,709 [93d557fa-335e-4e3d-b2bb-e33832802906@group-D90C6F5BD62C-LeaderElection978] INFO  impl.RaftServerImpl (RaftServerImpl.java:setRole(184)) - 93d557fa-335e-4e3d-b2bb-e33832802906@group-D90C6F5BD62C: changes role from CANDIDATE to LEADER at term 1 for changeToLeader
2019-10-15 21:18:46,715 [93d557fa-335e-4e3d-b2bb-e33832802906@group-D90C6F5BD62C-LeaderElection978] INFO  impl.RaftServerImpl (ServerState.java:setLeader(256)) - 93d557fa-335e-4e3d-b2bb-e33832802906@group-D90C6F5BD62C: change Leader from null to 93d557fa-335e-4e3d-b2bb-e33832802906 at term 1 for becomeLeader, leader elected after 92ms
2019-10-15 21:18:46,715 [93d557fa-335e-4e3d-b2bb-e33832802906@group-D90C6F5BD62C-LeaderElection978] INFO  server.RaftServerConfigKeys (ConfUtils.java:logGet(43)) - raft.server.staging.catchup.gap = 1000 (default)
2019-10-15 21:18:46,715 [93d557fa-335e-4e3d-b2bb-e33832802906@group-D90C6F5BD62C-LeaderElection978] INFO  server.RaftServerConfigKeys (ConfUtils.java:logGet(43)) - raft.server.rpc.sleep.time = 25ms (default)
2019-10-15 21:18:46,715 [93d557fa-335e-4e3d-b2bb-e33832802906@group-D90C6F5BD62C-LeaderElection978] INFO  server.RaftServerConfigKeys (ConfUtils.java:logGet(43)) - raft.server.write.element-limit = 4096 (default)
2019-10-15 21:18:46,716 [93d557fa-335e-4e3d-b2bb-e33832802906@group-D90C6F5BD62C-LeaderElection978] INFO  server.RaftServerConfigKeys (ConfUtils.java:logGet(43)) - raft.server.watch.timeout = 10s (default)
2019-10-15 21:18:46,716 [93d557fa-335e-4e3d-b2bb-e33832802906@group-D90C6F5BD62C-LeaderElection978] INFO  server.RaftServerConfigKeys (ConfUtils.java:logGet(43)) - raft.server.watch.timeout.denomination = 1s (default)
2019-10-15 21:18:46,716 [93d557fa-335e-4e3d-b2bb-e33832802906@group-D90C6F5BD62C-LeaderElection978] INFO  server.RaftServerConfigKeys (ConfUtils.java:logGet(43)) - raft.server.watch.element-limit = 65536 (default)
2019-10-15 21:18:46,717 [93d557fa-335e-4e3d-b2bb-e33832802906@group-D90C6F5BD62C-LeaderElection978] INFO  impl.RoleInfo (RoleInfo.java:updateAndGet(143)) - 93d557fa-335e-4e3d-b2bb-e33832802906: start LeaderState
2019-10-15 21:18:46,717 [93d557fa-335e-4e3d-b2bb-e33832802906@group-D90C6F5BD62C-LeaderElection978] INFO  segmented.SegmentedRaftLogWorker (SegmentedRaftLogWorker.java:startLogSegment(385)) - 93d557fa-335e-4e3d-b2bb-e33832802906@group-D90C6F5BD62C-SegmentedRaftLogWorker: Starting segment from index:0
2019-10-15 21:18:46,717 [93d557fa-335e-4e3d-b2bb-e33832802906@group-D90C6F5BD62C-LeaderElection978] INFO  impl.RaftServerImpl (ServerState.java:setRaftConf(357)) - 93d557fa-335e-4e3d-b2bb-e33832802906@group-D90C6F5BD62C: set configuration 0: [93d557fa-335e-4e3d-b2bb-e33832802906:192.168.69.102:43737], old=null at 0
2019-10-15 21:18:46,739 [IPC Server handler 14 on 43782] INFO  net.NetworkTopology (NetworkTopologyImpl.java:add(111)) - Added a new node: /rack1/c2130dde-588e-42a9-bf71-2215e165583f
2019-10-15 21:18:46,739 [IPC Server handler 14 on 43782] INFO  node.SCMNodeManager (SCMNodeManager.java:register(268)) - Registered Data node : c2130dde-588e-42a9-bf71-2215e165583f{ip: 192.168.69.102, host: pr-hdds-2254-trunk-ddzgt-1485873308, networkLocation: /rack1, certSerialId: null}
2019-10-15 21:18:46,744 [pool-530-thread-1] INFO  storage.RaftStorage (RaftStorage.java:format(84)) - Storage directory /workdir/hadoop-ozone/integration-test/target/test-dir/MiniOzoneClusterImpl-31458ddc-69ad-405c-a8b1-f839bd3d9382/datanode-2/data/ratis/4b50d8c7-c0ee-4a40-b6a7-fb3b374425e2 has been successfully formatted.
2019-10-15 21:18:46,744 [61c3ff9d-aa4b-4312-85d3-a53b64a62d48@group-4D9437289EFA-LeaderElection979] INFO  impl.LeaderElection (LeaderElection.java:askForVotes(178)) - 61c3ff9d-aa4b-4312-85d3-a53b64a62d48@group-4D9437289EFA-LeaderElection979: begin an election at term 1 for -1: [61c3ff9d-aa4b-4312-85d3-a53b64a62d48:192.168.69.102:42195], old=null
2019-10-15 21:18:46,744 [61c3ff9d-aa4b-4312-85d3-a53b64a62d48@group-4D9437289EFA-LeaderElection979] INFO  impl.RoleInfo (RoleInfo.java:shutdownLeaderElection(134)) - 61c3ff9d-aa4b-4312-85d3-a53b64a62d48: shutdown LeaderElection
2019-10-15 21:18:46,744 [pool-530-thread-1] INFO  ratis.ContainerStateMachine (ContainerStateMachine.java:loadSnapshot(231)) - group-FB3B374425E2: The snapshot info is null. Setting the last applied indexto:(t:0, i:~)
2019-10-15 21:18:46,744 [61c3ff9d-aa4b-4312-85d3-a53b64a62d48@group-4D9437289EFA-LeaderElection979] INFO  impl.RaftServerImpl (RaftServerImpl.java:setRole(184)) - 61c3ff9d-aa4b-4312-85d3-a53b64a62d48@group-4D9437289EFA: changes role from CANDIDATE to LEADER at term 1 for changeToLeader
2019-10-15 21:18:46,745 [pool-530-thread-1] INFO  server.RaftServerConfigKeys (ConfUtils.java:logGet(43)) - raft.server.notification.no-leader.timeout = 120s (custom)
2019-10-15 21:18:46,745 [61c3ff9d-aa4b-4312-85d3-a53b64a62d48@group-4D9437289EFA-LeaderElection979] INFO  impl.RaftServerImpl (ServerState.java:setLeader(256)) - 61c3ff9d-aa4b-4312-85d3-a53b64a62d48@group-4D9437289EFA: change Leader from null to 61c3ff9d-aa4b-4312-85d3-a53b64a62d48 at term 1 for becomeLeader, leader elected after 181ms
2019-10-15 21:18:46,745 [pool-530-thread-1] INFO  server.RaftServerConfigKeys (ConfUtils.java:logGet(43)) - raft.server.log.use.memory = false (default)
2019-10-15 21:18:46,745 [61c3ff9d-aa4b-4312-85d3-a53b64a62d48@group-4D9437289EFA-LeaderElection979] INFO  server.RaftServerConfigKeys (ConfUtils.java:logGet(43)) - raft.server.staging.catchup.gap = 1000 (default)
2019-10-15 21:18:46,745 [pool-530-thread-1] INFO  server.RaftServerConfigKeys (ConfUtils.java:logGet(43)) - raft.server.log.purge.gap = 1000000 (custom)
2019-10-15 21:18:46,745 [61c3ff9d-aa4b-4312-85d3-a53b64a62d48@group-4D9437289EFA-LeaderElection979] INFO  server.RaftServerConfigKeys (ConfUtils.java:logGet(43)) - raft.server.rpc.sleep.time = 25ms (default)
2019-10-15 21:18:46,745 [pool-530-thread-1] INFO  server.RaftServerConfigKeys (ConfUtils.java:logGet(43)) - raft.server.log.appender.buffer.byte-limit = 33554432 (custom)
2019-10-15 21:18:46,745 [61c3ff9d-aa4b-4312-85d3-a53b64a62d48@group-4D9437289EFA-LeaderElection979] INFO  server.RaftServerConfigKeys (ConfUtils.java:logGet(43)) - raft.server.write.element-limit = 4096 (default)
2019-10-15 21:18:46,745 [pool-530-thread-1] INFO  server.RaftServerConfigKeys (ConfUtils.java:logGet(43)) - raft.server.log.segment.size.max = 1048576 (custom)
2019-10-15 21:18:46,745 [61c3ff9d-aa4b-4312-85d3-a53b64a62d48@group-4D9437289EFA-LeaderElection979] INFO  server.RaftServerConfigKeys (ConfUtils.java:logGet(43)) - raft.server.watch.timeout = 10s (default)
2019-10-15 21:18:46,745 [61c3ff9d-aa4b-4312-85d3-a53b64a62d48@group-4D9437289EFA-LeaderElection979] INFO  server.RaftServerConfigKeys (ConfUtils.java:logGet(43)) - raft.server.watch.timeout.denomination = 1s (default)
2019-10-15 21:18:46,745 [61c3ff9d-aa4b-4312-85d3-a53b64a62d48@group-4D9437289EFA-LeaderElection979] INFO  server.RaftServerConfigKeys (ConfUtils.java:logGet(43)) - raft.server.watch.element-limit = 65536 (default)
2019-10-15 21:18:46,747 [93d557fa-335e-4e3d-b2bb-e33832802906@group-D90C6F5BD62C-SegmentedRaftLogWorker] INFO  segmented.SegmentedRaftLogWorker (SegmentedRaftLogWorker.java:execute(576)) - 93d557fa-335e-4e3d-b2bb-e33832802906@group-D90C6F5BD62C-SegmentedRaftLogWorker: created new log segment /workdir/hadoop-ozone/integration-test/target/test-dir/MiniOzoneClusterImpl-31458ddc-69ad-405c-a8b1-f839bd3d9382/datanode-1/data/ratis/96724b59-03e8-4549-87e6-d90c6f5bd62c/current/log_inprogress_0
2019-10-15 21:18:46,748 [pool-530-thread-1] INFO  server.RaftServerConfigKeys (ConfUtils.java:logGet(43)) - raft.server.log.segment.cache.num.max = 2 (custom)
2019-10-15 21:18:46,748 [61c3ff9d-aa4b-4312-85d3-a53b64a62d48@group-4D9437289EFA-LeaderElection979] INFO  impl.RoleInfo (RoleInfo.java:updateAndGet(143)) - 61c3ff9d-aa4b-4312-85d3-a53b64a62d48: start LeaderState
2019-10-15 21:18:46,748 [pool-530-thread-1] INFO  segmented.SegmentedRaftLogWorker (SegmentedRaftLogWorker.java:<init>(173)) - new 090573f1-c213-462e-b422-6463ca97c373@group-FB3B374425E2-SegmentedRaftLogWorker for RaftStorage:Storage Directory /workdir/hadoop-ozone/integration-test/target/test-dir/MiniOzoneClusterImpl-31458ddc-69ad-405c-a8b1-f839bd3d9382/datanode-2/data/ratis/4b50d8c7-c0ee-4a40-b6a7-fb3b374425e2
2019-10-15 21:18:46,748 [pool-530-thread-1] INFO  server.RaftServerConfigKeys (ConfUtils.java:logGet(43)) - raft.server.log.queue.byte-limit = 2147483647 (custom)
2019-10-15 21:18:46,748 [61c3ff9d-aa4b-4312-85d3-a53b64a62d48@group-4D9437289EFA-LeaderElection979] INFO  segmented.SegmentedRaftLogWorker (SegmentedRaftLogWorker.java:startLogSegment(385)) - 61c3ff9d-aa4b-4312-85d3-a53b64a62d48@group-4D9437289EFA-SegmentedRaftLogWorker: Starting segment from index:0
2019-10-15 21:18:46,748 [pool-530-thread-1] INFO  server.RaftServerConfigKeys (ConfUtils.java:logGet(43)) - raft.server.log.queue.element-limit = 1024 (custom)
2019-10-15 21:18:46,749 [61c3ff9d-aa4b-4312-85d3-a53b64a62d48@group-4D9437289EFA-LeaderElection979] INFO  impl.RaftServerImpl (ServerState.java:setRaftConf(357)) - 61c3ff9d-aa4b-4312-85d3-a53b64a62d48@group-4D9437289EFA: set configuration 0: [61c3ff9d-aa4b-4312-85d3-a53b64a62d48:192.168.69.102:42195], old=null at 0
2019-10-15 21:18:46,749 [pool-530-thread-1] INFO  server.RaftServerConfigKeys (ConfUtils.java:logGet(43)) - raft.server.log.segment.size.max = 1048576 (custom)
2019-10-15 21:18:46,749 [pool-530-thread-1] INFO  server.RaftServerConfigKeys (ConfUtils.java:logGet(43)) - raft.server.log.preallocated.size = 16384 (custom)
2019-10-15 21:18:46,749 [pool-530-thread-1] INFO  server.RaftServerConfigKeys (ConfUtils.java:logGet(43)) - raft.server.log.write.buffer.size = 33554432 (custom)
2019-10-15 21:18:46,749 [pool-530-thread-1] INFO  server.RaftServerConfigKeys (ConfUtils.java:logGet(43)) - raft.server.log.force.sync.num = 128 (default)
2019-10-15 21:18:46,749 [pool-530-thread-1] INFO  server.RaftServerConfigKeys (ConfUtils.java:logGet(43)) - raft.server.log.statemachine.data.sync = true (default)
2019-10-15 21:18:46,749 [pool-530-thread-1] INFO  server.RaftServerConfigKeys (ConfUtils.java:logGet(43)) - raft.server.log.statemachine.data.sync.timeout = 10s (default)
2019-10-15 21:18:46,750 [pool-530-thread-1] INFO  server.RaftServerConfigKeys (ConfUtils.java:logGet(43)) - raft.server.log.statemachine.data.sync.timeout.retry = -1 (default)
2019-10-15 21:18:46,750 [pool-530-thread-1] INFO  server.RaftServerConfigKeys (ConfUtils.java:logGet(43)) - raft.server.log.statemachine.data.caching.enabled = true (custom)
2019-10-15 21:18:46,750 [pool-530-thread-1] INFO  segmented.SegmentedRaftLogWorker (SegmentedRaftLogWorker.java:lambda$new$0(128)) - 090573f1-c213-462e-b422-6463ca97c373@group-FB3B374425E2-SegmentedRaftLogWorker: flushIndex: setUnconditionally 0 -> -1
2019-10-15 21:18:46,750 [pool-530-thread-1] INFO  server.RaftServerConfigKeys (ConfUtils.java:logGet(43)) - raft.server.snapshot.auto.trigger.enabled = true (custom)
2019-10-15 21:18:46,751 [pool-530-thread-1] INFO  server.RaftServerConfigKeys (ConfUtils.java:logGet(43)) - raft.server.snapshot.auto.trigger.threshold = 10000 (custom)
2019-10-15 21:18:46,751 [pool-530-thread-1] INFO  server.RaftServerConfigKeys (ConfUtils.java:logGet(43)) - raft.server.snapshot.retention.file.num = 5 (custom)
2019-10-15 21:18:46,751 [pool-530-thread-1] INFO  server.RaftServerConfigKeys (ConfUtils.java:logGet(43)) - raft.server.retrycache.expirytime = 600000ms (custom)
2019-10-15 21:18:46,753 [pool-530-thread-1] INFO  impl.RaftServerImpl (RaftServerImpl.java:start(195)) - 090573f1-c213-462e-b422-6463ca97c373@group-FB3B374425E2: start as a follower, conf=-1: [090573f1-c213-462e-b422-6463ca97c373:192.168.69.102:43336], old=null
2019-10-15 21:18:46,753 [pool-530-thread-1] INFO  impl.RaftServerImpl (RaftServerImpl.java:setRole(184)) - 090573f1-c213-462e-b422-6463ca97c373@group-FB3B374425E2: changes role from      null to FOLLOWER at term 0 for startAsFollower
2019-10-15 21:18:46,754 [pool-530-thread-1] INFO  impl.RoleInfo (RoleInfo.java:updateAndGet(143)) - 090573f1-c213-462e-b422-6463ca97c373: start FollowerState
2019-10-15 21:18:46,754 [pool-530-thread-1] INFO  util.JmxRegister (JmxRegister.java:tryRegister(44)) - Successfully registered JMX Bean with object name Ratis:service=RaftServer,group=group-FB3B374425E2,id=090573f1-c213-462e-b422-6463ca97c373
2019-10-15 21:18:46,758 [RatisPipelineUtilsThread] INFO  pipeline.PipelineStateManager (PipelineStateManager.java:addPipeline(56)) - Created pipeline Pipeline[ Id: 4b50d8c7-c0ee-4a40-b6a7-fb3b374425e2, Nodes: 090573f1-c213-462e-b422-6463ca97c373{ip: 192.168.69.102, host: pr-hdds-2254-trunk-ddzgt-1485873308, networkLocation: /rack1, certSerialId: null}, Type:RATIS, Factor:ONE, State:OPEN]
2019-10-15 21:18:46,781 [61c3ff9d-aa4b-4312-85d3-a53b64a62d48@group-4D9437289EFA-SegmentedRaftLogWorker] INFO  segmented.SegmentedRaftLogWorker (SegmentedRaftLogWorker.java:execute(576)) - 61c3ff9d-aa4b-4312-85d3-a53b64a62d48@group-4D9437289EFA-SegmentedRaftLogWorker: created new log segment /workdir/hadoop-ozone/integration-test/target/test-dir/MiniOzoneClusterImpl-31458ddc-69ad-405c-a8b1-f839bd3d9382/datanode-0/data/ratis/04147cc1-c185-4829-86bb-4d9437289efa/current/log_inprogress_0
2019-10-15 21:18:46,781 [grpc-default-executor-10] INFO  impl.RaftServerProxy (RaftServerProxy.java:addNew(89)) - c2130dde-588e-42a9-bf71-2215e165583f: addNew group-BE7980CB5568:[c2130dde-588e-42a9-bf71-2215e165583f:192.168.69.102:45437] returns group-BE7980CB5568:java.util.concurrent.CompletableFuture@3de303ca[Not completed]
2019-10-15 21:18:46,782 [pool-540-thread-1] INFO  impl.RaftServerImpl (RaftServerImpl.java:<init>(104)) - c2130dde-588e-42a9-bf71-2215e165583f: new RaftServerImpl for group-BE7980CB5568:[c2130dde-588e-42a9-bf71-2215e165583f:192.168.69.102:45437] with ContainerStateMachine:uninitialized
2019-10-15 21:18:46,783 [pool-540-thread-1] INFO  server.RaftServerConfigKeys (ConfUtils.java:logGet(43)) - raft.server.rpc.timeout.min = 1s (custom)
2019-10-15 21:18:46,783 [pool-540-thread-1] INFO  server.RaftServerConfigKeys (ConfUtils.java:logGet(43)) - raft.server.rpc.timeout.max = 1200ms (custom)
2019-10-15 21:18:46,783 [pool-540-thread-1] INFO  server.RaftServerConfigKeys (ConfUtils.java:logGet(43)) - raft.server.rpcslowness.timeout = 120s (custom)
2019-10-15 21:18:46,783 [pool-540-thread-1] INFO  server.RaftServerConfigKeys (ConfUtils.java:logGet(43)) - raft.server.sleep.deviation.threshold = 300 (default)
2019-10-15 21:18:46,783 [pool-540-thread-1] INFO  server.RaftServerConfigKeys (ConfUtils.java:logGet(43)) - raft.server.log.appender.install.snapshot.enabled = false (custom)
2019-10-15 21:18:46,783 [pool-540-thread-1] INFO  impl.RaftServerImpl (ServerState.java:<init>(103)) - c2130dde-588e-42a9-bf71-2215e165583f@group-BE7980CB5568: ConfigurationManager, init=-1: [c2130dde-588e-42a9-bf71-2215e165583f:192.168.69.102:45437], old=null, confs=<EMPTY_MAP>
2019-10-15 21:18:46,783 [pool-540-thread-1] INFO  server.RaftServerConfigKeys (ConfUtils.java:logGet(43)) - raft.server.storage.dir = [/workdir/hadoop-ozone/integration-test/target/test-dir/MiniOzoneClusterImpl-31458ddc-69ad-405c-a8b1-f839bd3d9382/datanode-3/data/ratis] (custom)
2019-10-15 21:18:46,783 [pool-540-thread-1] INFO  server.RaftServerConfigKeys (ConfUtils.java:logGet(43)) - raft.server.log.corruption.policy = EXCEPTION (default)
2019-10-15 21:18:46,784 [pool-540-thread-1] INFO  storage.RaftStorageDirectory (RaftStorageDirectory.java:analyzeStorage(246)) - The storage directory /workdir/hadoop-ozone/integration-test/target/test-dir/MiniOzoneClusterImpl-31458ddc-69ad-405c-a8b1-f839bd3d9382/datanode-3/data/ratis/ace585d9-e4ab-4043-8816-be7980cb5568 does not exist. Creating ...
2019-10-15 21:18:46,818 [IPC Server handler 12 on 43782] INFO  net.NetworkTopology (NetworkTopologyImpl.java:add(111)) - Added a new node: /rack1/a27cc913-8f64-4948-968f-b26bd365b697
2019-10-15 21:18:46,818 [IPC Server handler 12 on 43782] INFO  node.SCMNodeManager (SCMNodeManager.java:register(268)) - Registered Data node : a27cc913-8f64-4948-968f-b26bd365b697{ip: 192.168.69.102, host: pr-hdds-2254-trunk-ddzgt-1485873308, networkLocation: /rack1, certSerialId: null}
2019-10-15 21:18:46,825 [pool-540-thread-1] INFO  storage.RaftStorageDirectory (RaftStorageDirectory.java:tryLock(328)) - Lock on /workdir/hadoop-ozone/integration-test/target/test-dir/MiniOzoneClusterImpl-31458ddc-69ad-405c-a8b1-f839bd3d9382/datanode-3/data/ratis/ace585d9-e4ab-4043-8816-be7980cb5568/in_use.lock acquired by nodename 3939@pr-hdds-2254-trunk-ddzgt-1485873308
2019-10-15 21:18:46,830 [pool-540-thread-1] INFO  storage.RaftStorage (RaftStorage.java:format(84)) - Storage directory /workdir/hadoop-ozone/integration-test/target/test-dir/MiniOzoneClusterImpl-31458ddc-69ad-405c-a8b1-f839bd3d9382/datanode-3/data/ratis/ace585d9-e4ab-4043-8816-be7980cb5568 has been successfully formatted.
2019-10-15 21:18:46,830 [pool-540-thread-1] INFO  ratis.ContainerStateMachine (ContainerStateMachine.java:loadSnapshot(231)) - group-BE7980CB5568: The snapshot info is null. Setting the last applied indexto:(t:0, i:~)
2019-10-15 21:18:46,830 [pool-540-thread-1] INFO  server.RaftServerConfigKeys (ConfUtils.java:logGet(43)) - raft.server.notification.no-leader.timeout = 120s (custom)
2019-10-15 21:18:46,830 [pool-540-thread-1] INFO  server.RaftServerConfigKeys (ConfUtils.java:logGet(43)) - raft.server.log.use.memory = false (default)
2019-10-15 21:18:46,830 [pool-540-thread-1] INFO  server.RaftServerConfigKeys (ConfUtils.java:logGet(43)) - raft.server.log.purge.gap = 1000000 (custom)
2019-10-15 21:18:46,830 [pool-540-thread-1] INFO  server.RaftServerConfigKeys (ConfUtils.java:logGet(43)) - raft.server.log.appender.buffer.byte-limit = 33554432 (custom)
2019-10-15 21:18:46,830 [pool-540-thread-1] INFO  server.RaftServerConfigKeys (ConfUtils.java:logGet(43)) - raft.server.log.segment.size.max = 1048576 (custom)
2019-10-15 21:18:46,832 [pool-540-thread-1] INFO  server.RaftServerConfigKeys (ConfUtils.java:logGet(43)) - raft.server.log.segment.cache.num.max = 2 (custom)
2019-10-15 21:18:46,832 [pool-540-thread-1] INFO  segmented.SegmentedRaftLogWorker (SegmentedRaftLogWorker.java:<init>(173)) - new c2130dde-588e-42a9-bf71-2215e165583f@group-BE7980CB5568-SegmentedRaftLogWorker for RaftStorage:Storage Directory /workdir/hadoop-ozone/integration-test/target/test-dir/MiniOzoneClusterImpl-31458ddc-69ad-405c-a8b1-f839bd3d9382/datanode-3/data/ratis/ace585d9-e4ab-4043-8816-be7980cb5568
2019-10-15 21:18:46,832 [pool-540-thread-1] INFO  server.RaftServerConfigKeys (ConfUtils.java:logGet(43)) - raft.server.log.queue.byte-limit = 2147483647 (custom)
2019-10-15 21:18:46,832 [pool-540-thread-1] INFO  server.RaftServerConfigKeys (ConfUtils.java:logGet(43)) - raft.server.log.queue.element-limit = 1024 (custom)
2019-10-15 21:18:46,832 [pool-540-thread-1] INFO  server.RaftServerConfigKeys (ConfUtils.java:logGet(43)) - raft.server.log.segment.size.max = 1048576 (custom)
2019-10-15 21:18:46,832 [pool-540-thread-1] INFO  server.RaftServerConfigKeys (ConfUtils.java:logGet(43)) - raft.server.log.preallocated.size = 16384 (custom)
2019-10-15 21:18:46,832 [pool-540-thread-1] INFO  server.RaftServerConfigKeys (ConfUtils.java:logGet(43)) - raft.server.log.write.buffer.size = 33554432 (custom)
2019-10-15 21:18:46,832 [pool-540-thread-1] INFO  server.RaftServerConfigKeys (ConfUtils.java:logGet(43)) - raft.server.log.force.sync.num = 128 (default)
2019-10-15 21:18:46,833 [pool-540-thread-1] INFO  server.RaftServerConfigKeys (ConfUtils.java:logGet(43)) - raft.server.log.statemachine.data.sync = true (default)
2019-10-15 21:18:46,833 [pool-540-thread-1] INFO  server.RaftServerConfigKeys (ConfUtils.java:logGet(43)) - raft.server.log.statemachine.data.sync.timeout = 10s (default)
2019-10-15 21:18:46,833 [pool-540-thread-1] INFO  server.RaftServerConfigKeys (ConfUtils.java:logGet(43)) - raft.server.log.statemachine.data.sync.timeout.retry = -1 (default)
2019-10-15 21:18:46,833 [pool-540-thread-1] INFO  server.RaftServerConfigKeys (ConfUtils.java:logGet(43)) - raft.server.log.statemachine.data.caching.enabled = true (custom)
2019-10-15 21:18:46,833 [pool-540-thread-1] INFO  segmented.SegmentedRaftLogWorker (SegmentedRaftLogWorker.java:lambda$new$0(128)) - c2130dde-588e-42a9-bf71-2215e165583f@group-BE7980CB5568-SegmentedRaftLogWorker: flushIndex: setUnconditionally 0 -> -1
2019-10-15 21:18:46,833 [pool-540-thread-1] INFO  server.RaftServerConfigKeys (ConfUtils.java:logGet(43)) - raft.server.snapshot.auto.trigger.enabled = true (custom)
2019-10-15 21:18:46,834 [pool-540-thread-1] INFO  server.RaftServerConfigKeys (ConfUtils.java:logGet(43)) - raft.server.snapshot.auto.trigger.threshold = 10000 (custom)
2019-10-15 21:18:46,834 [pool-540-thread-1] INFO  server.RaftServerConfigKeys (ConfUtils.java:logGet(43)) - raft.server.snapshot.retention.file.num = 5 (custom)
2019-10-15 21:18:46,834 [pool-540-thread-1] INFO  server.RaftServerConfigKeys (ConfUtils.java:logGet(43)) - raft.server.retrycache.expirytime = 600000ms (custom)
2019-10-15 21:18:46,836 [pool-540-thread-1] INFO  impl.RaftServerImpl (RaftServerImpl.java:start(195)) - c2130dde-588e-42a9-bf71-2215e165583f@group-BE7980CB5568: start as a follower, conf=-1: [c2130dde-588e-42a9-bf71-2215e165583f:192.168.69.102:45437], old=null
2019-10-15 21:18:46,836 [pool-540-thread-1] INFO  impl.RaftServerImpl (RaftServerImpl.java:setRole(184)) - c2130dde-588e-42a9-bf71-2215e165583f@group-BE7980CB5568: changes role from      null to FOLLOWER at term 0 for startAsFollower
2019-10-15 21:18:46,836 [pool-540-thread-1] INFO  impl.RoleInfo (RoleInfo.java:updateAndGet(143)) - c2130dde-588e-42a9-bf71-2215e165583f: start FollowerState
2019-10-15 21:18:46,836 [pool-540-thread-1] INFO  util.JmxRegister (JmxRegister.java:tryRegister(44)) - Successfully registered JMX Bean with object name Ratis:service=RaftServer,group=group-BE7980CB5568,id=c2130dde-588e-42a9-bf71-2215e165583f
2019-10-15 21:18:46,840 [RatisPipelineUtilsThread] INFO  pipeline.PipelineStateManager (PipelineStateManager.java:addPipeline(56)) - Created pipeline Pipeline[ Id: ace585d9-e4ab-4043-8816-be7980cb5568, Nodes: c2130dde-588e-42a9-bf71-2215e165583f{ip: 192.168.69.102, host: pr-hdds-2254-trunk-ddzgt-1485873308, networkLocation: /rack1, certSerialId: null}, Type:RATIS, Factor:ONE, State:OPEN]
2019-10-15 21:18:46,851 [grpc-default-executor-10] INFO  impl.RaftServerProxy (RaftServerProxy.java:addNew(89)) - a27cc913-8f64-4948-968f-b26bd365b697: addNew group-65A8C6F10550:[a27cc913-8f64-4948-968f-b26bd365b697:192.168.69.102:42925] returns group-65A8C6F10550:java.util.concurrent.CompletableFuture@5a294133[Not completed]
2019-10-15 21:18:46,852 [pool-550-thread-1] INFO  impl.RaftServerImpl (RaftServerImpl.java:<init>(104)) - a27cc913-8f64-4948-968f-b26bd365b697: new RaftServerImpl for group-65A8C6F10550:[a27cc913-8f64-4948-968f-b26bd365b697:192.168.69.102:42925] with ContainerStateMachine:uninitialized
2019-10-15 21:18:46,852 [pool-550-thread-1] INFO  server.RaftServerConfigKeys (ConfUtils.java:logGet(43)) - raft.server.rpc.timeout.min = 1s (custom)
2019-10-15 21:18:46,852 [pool-550-thread-1] INFO  server.RaftServerConfigKeys (ConfUtils.java:logGet(43)) - raft.server.rpc.timeout.max = 1200ms (custom)
2019-10-15 21:18:46,852 [pool-550-thread-1] INFO  server.RaftServerConfigKeys (ConfUtils.java:logGet(43)) - raft.server.rpcslowness.timeout = 120s (custom)
2019-10-15 21:18:46,852 [pool-550-thread-1] INFO  server.RaftServerConfigKeys (ConfUtils.java:logGet(43)) - raft.server.sleep.deviation.threshold = 300 (default)
2019-10-15 21:18:46,852 [pool-550-thread-1] INFO  server.RaftServerConfigKeys (ConfUtils.java:logGet(43)) - raft.server.log.appender.install.snapshot.enabled = false (custom)
2019-10-15 21:18:46,852 [pool-550-thread-1] INFO  impl.RaftServerImpl (ServerState.java:<init>(103)) - a27cc913-8f64-4948-968f-b26bd365b697@group-65A8C6F10550: ConfigurationManager, init=-1: [a27cc913-8f64-4948-968f-b26bd365b697:192.168.69.102:42925], old=null, confs=<EMPTY_MAP>
2019-10-15 21:18:46,852 [pool-550-thread-1] INFO  server.RaftServerConfigKeys (ConfUtils.java:logGet(43)) - raft.server.storage.dir = [/workdir/hadoop-ozone/integration-test/target/test-dir/MiniOzoneClusterImpl-31458ddc-69ad-405c-a8b1-f839bd3d9382/datanode-4/data/ratis] (custom)
2019-10-15 21:18:46,853 [pool-550-thread-1] INFO  server.RaftServerConfigKeys (ConfUtils.java:logGet(43)) - raft.server.log.corruption.policy = EXCEPTION (default)
2019-10-15 21:18:46,853 [pool-550-thread-1] INFO  storage.RaftStorageDirectory (RaftStorageDirectory.java:analyzeStorage(246)) - The storage directory /workdir/hadoop-ozone/integration-test/target/test-dir/MiniOzoneClusterImpl-31458ddc-69ad-405c-a8b1-f839bd3d9382/datanode-4/data/ratis/bd8e1f84-2397-47da-b026-65a8c6f10550 does not exist. Creating ...
2019-10-15 21:18:46,861 [pool-550-thread-1] INFO  storage.RaftStorageDirectory (RaftStorageDirectory.java:tryLock(328)) - Lock on /workdir/hadoop-ozone/integration-test/target/test-dir/MiniOzoneClusterImpl-31458ddc-69ad-405c-a8b1-f839bd3d9382/datanode-4/data/ratis/bd8e1f84-2397-47da-b026-65a8c6f10550/in_use.lock acquired by nodename 3939@pr-hdds-2254-trunk-ddzgt-1485873308
2019-10-15 21:18:46,875 [pool-550-thread-1] INFO  storage.RaftStorage (RaftStorage.java:format(84)) - Storage directory /workdir/hadoop-ozone/integration-test/target/test-dir/MiniOzoneClusterImpl-31458ddc-69ad-405c-a8b1-f839bd3d9382/datanode-4/data/ratis/bd8e1f84-2397-47da-b026-65a8c6f10550 has been successfully formatted.
2019-10-15 21:18:46,875 [pool-550-thread-1] INFO  ratis.ContainerStateMachine (ContainerStateMachine.java:loadSnapshot(231)) - group-65A8C6F10550: The snapshot info is null. Setting the last applied indexto:(t:0, i:~)
2019-10-15 21:18:46,875 [pool-550-thread-1] INFO  server.RaftServerConfigKeys (ConfUtils.java:logGet(43)) - raft.server.notification.no-leader.timeout = 120s (custom)
2019-10-15 21:18:46,875 [pool-550-thread-1] INFO  server.RaftServerConfigKeys (ConfUtils.java:logGet(43)) - raft.server.log.use.memory = false (default)
2019-10-15 21:18:46,876 [pool-550-thread-1] INFO  server.RaftServerConfigKeys (ConfUtils.java:logGet(43)) - raft.server.log.purge.gap = 1000000 (custom)
2019-10-15 21:18:46,876 [pool-550-thread-1] INFO  server.RaftServerConfigKeys (ConfUtils.java:logGet(43)) - raft.server.log.appender.buffer.byte-limit = 33554432 (custom)
2019-10-15 21:18:46,876 [pool-550-thread-1] INFO  server.RaftServerConfigKeys (ConfUtils.java:logGet(43)) - raft.server.log.segment.size.max = 1048576 (custom)
2019-10-15 21:18:46,877 [pool-550-thread-1] INFO  server.RaftServerConfigKeys (ConfUtils.java:logGet(43)) - raft.server.log.segment.cache.num.max = 2 (custom)
2019-10-15 21:18:46,877 [pool-550-thread-1] INFO  segmented.SegmentedRaftLogWorker (SegmentedRaftLogWorker.java:<init>(173)) - new a27cc913-8f64-4948-968f-b26bd365b697@group-65A8C6F10550-SegmentedRaftLogWorker for RaftStorage:Storage Directory /workdir/hadoop-ozone/integration-test/target/test-dir/MiniOzoneClusterImpl-31458ddc-69ad-405c-a8b1-f839bd3d9382/datanode-4/data/ratis/bd8e1f84-2397-47da-b026-65a8c6f10550
2019-10-15 21:18:46,877 [pool-550-thread-1] INFO  server.RaftServerConfigKeys (ConfUtils.java:logGet(43)) - raft.server.log.queue.byte-limit = 2147483647 (custom)
2019-10-15 21:18:46,877 [pool-550-thread-1] INFO  server.RaftServerConfigKeys (ConfUtils.java:logGet(43)) - raft.server.log.queue.element-limit = 1024 (custom)
2019-10-15 21:18:46,877 [pool-550-thread-1] INFO  server.RaftServerConfigKeys (ConfUtils.java:logGet(43)) - raft.server.log.segment.size.max = 1048576 (custom)
2019-10-15 21:18:46,877 [pool-550-thread-1] INFO  server.RaftServerConfigKeys (ConfUtils.java:logGet(43)) - raft.server.log.preallocated.size = 16384 (custom)
2019-10-15 21:18:46,877 [pool-550-thread-1] INFO  server.RaftServerConfigKeys (ConfUtils.java:logGet(43)) - raft.server.log.write.buffer.size = 33554432 (custom)
2019-10-15 21:18:46,877 [pool-550-thread-1] INFO  server.RaftServerConfigKeys (ConfUtils.java:logGet(43)) - raft.server.log.force.sync.num = 128 (default)
2019-10-15 21:18:46,877 [pool-550-thread-1] INFO  server.RaftServerConfigKeys (ConfUtils.java:logGet(43)) - raft.server.log.statemachine.data.sync = true (default)
2019-10-15 21:18:46,877 [pool-550-thread-1] INFO  server.RaftServerConfigKeys (ConfUtils.java:logGet(43)) - raft.server.log.statemachine.data.sync.timeout = 10s (default)
2019-10-15 21:18:46,878 [pool-550-thread-1] INFO  server.RaftServerConfigKeys (ConfUtils.java:logGet(43)) - raft.server.log.statemachine.data.sync.timeout.retry = -1 (default)
2019-10-15 21:18:46,878 [pool-550-thread-1] INFO  server.RaftServerConfigKeys (ConfUtils.java:logGet(43)) - raft.server.log.statemachine.data.caching.enabled = true (custom)
2019-10-15 21:18:46,878 [pool-550-thread-1] INFO  segmented.SegmentedRaftLogWorker (SegmentedRaftLogWorker.java:lambda$new$0(128)) - a27cc913-8f64-4948-968f-b26bd365b697@group-65A8C6F10550-SegmentedRaftLogWorker: flushIndex: setUnconditionally 0 -> -1
2019-10-15 21:18:46,878 [pool-550-thread-1] INFO  server.RaftServerConfigKeys (ConfUtils.java:logGet(43)) - raft.server.snapshot.auto.trigger.enabled = true (custom)
2019-10-15 21:18:46,878 [pool-550-thread-1] INFO  server.RaftServerConfigKeys (ConfUtils.java:logGet(43)) - raft.server.snapshot.auto.trigger.threshold = 10000 (custom)
2019-10-15 21:18:46,878 [pool-550-thread-1] INFO  server.RaftServerConfigKeys (ConfUtils.java:logGet(43)) - raft.server.snapshot.retention.file.num = 5 (custom)
2019-10-15 21:18:46,878 [pool-550-thread-1] INFO  server.RaftServerConfigKeys (ConfUtils.java:logGet(43)) - raft.server.retrycache.expirytime = 600000ms (custom)
2019-10-15 21:18:46,880 [pool-550-thread-1] INFO  impl.RaftServerImpl (RaftServerImpl.java:start(195)) - a27cc913-8f64-4948-968f-b26bd365b697@group-65A8C6F10550: start as a follower, conf=-1: [a27cc913-8f64-4948-968f-b26bd365b697:192.168.69.102:42925], old=null
2019-10-15 21:18:46,880 [pool-550-thread-1] INFO  impl.RaftServerImpl (RaftServerImpl.java:setRole(184)) - a27cc913-8f64-4948-968f-b26bd365b697@group-65A8C6F10550: changes role from      null to FOLLOWER at term 0 for startAsFollower
2019-10-15 21:18:46,880 [pool-550-thread-1] INFO  impl.RoleInfo (RoleInfo.java:updateAndGet(143)) - a27cc913-8f64-4948-968f-b26bd365b697: start FollowerState
2019-10-15 21:18:46,881 [pool-550-thread-1] INFO  util.JmxRegister (JmxRegister.java:tryRegister(44)) - Successfully registered JMX Bean with object name Ratis:service=RaftServer,group=group-65A8C6F10550,id=a27cc913-8f64-4948-968f-b26bd365b697
2019-10-15 21:18:46,884 [RatisPipelineUtilsThread] INFO  pipeline.PipelineStateManager (PipelineStateManager.java:addPipeline(56)) - Created pipeline Pipeline[ Id: bd8e1f84-2397-47da-b026-65a8c6f10550, Nodes: a27cc913-8f64-4948-968f-b26bd365b697{ip: 192.168.69.102, host: pr-hdds-2254-trunk-ddzgt-1485873308, networkLocation: /rack1, certSerialId: null}, Type:RATIS, Factor:ONE, State:OPEN]
2019-10-15 21:18:46,902 [IPC Server handler 11 on 43782] INFO  net.NetworkTopology (NetworkTopologyImpl.java:add(111)) - Added a new node: /rack1/db364705-f60f-4be7-83db-fd25b014fd0b
2019-10-15 21:18:46,902 [IPC Server handler 11 on 43782] INFO  node.SCMNodeManager (SCMNodeManager.java:register(268)) - Registered Data node : db364705-f60f-4be7-83db-fd25b014fd0b{ip: 192.168.69.102, host: pr-hdds-2254-trunk-ddzgt-1485873308, networkLocation: /rack1, certSerialId: null}
2019-10-15 21:18:46,914 [grpc-default-executor-10] INFO  impl.RaftServerProxy (RaftServerProxy.java:addNew(89)) - 61c3ff9d-aa4b-4312-85d3-a53b64a62d48: addNew group-3A863E456FC8:[61c3ff9d-aa4b-4312-85d3-a53b64a62d48:192.168.69.102:42195, a27cc913-8f64-4948-968f-b26bd365b697:192.168.69.102:42925, c2130dde-588e-42a9-bf71-2215e165583f:192.168.69.102:45437] returns group-3A863E456FC8:java.util.concurrent.CompletableFuture@518703e4[Not completed]
2019-10-15 21:18:46,915 [pool-510-thread-1] INFO  impl.RaftServerImpl (RaftServerImpl.java:<init>(104)) - 61c3ff9d-aa4b-4312-85d3-a53b64a62d48: new RaftServerImpl for group-3A863E456FC8:[61c3ff9d-aa4b-4312-85d3-a53b64a62d48:192.168.69.102:42195, a27cc913-8f64-4948-968f-b26bd365b697:192.168.69.102:42925, c2130dde-588e-42a9-bf71-2215e165583f:192.168.69.102:45437] with ContainerStateMachine:uninitialized
2019-10-15 21:18:46,915 [pool-510-thread-1] INFO  server.RaftServerConfigKeys (ConfUtils.java:logGet(43)) - raft.server.rpc.timeout.min = 1s (custom)
2019-10-15 21:18:46,915 [grpc-default-executor-10] INFO  impl.RaftServerProxy (RaftServerProxy.java:addNew(89)) - a27cc913-8f64-4948-968f-b26bd365b697: addNew group-3A863E456FC8:[61c3ff9d-aa4b-4312-85d3-a53b64a62d48:192.168.69.102:42195, a27cc913-8f64-4948-968f-b26bd365b697:192.168.69.102:42925, c2130dde-588e-42a9-bf71-2215e165583f:192.168.69.102:45437] returns group-3A863E456FC8:java.util.concurrent.CompletableFuture@37acb4c8[Not completed]
2019-10-15 21:18:46,915 [pool-510-thread-1] INFO  server.RaftServerConfigKeys (ConfUtils.java:logGet(43)) - raft.server.rpc.timeout.max = 1200ms (custom)
2019-10-15 21:18:46,915 [pool-510-thread-1] INFO  server.RaftServerConfigKeys (ConfUtils.java:logGet(43)) - raft.server.rpcslowness.timeout = 120s (custom)
2019-10-15 21:18:46,915 [pool-510-thread-1] INFO  server.RaftServerConfigKeys (ConfUtils.java:logGet(43)) - raft.server.sleep.deviation.threshold = 300 (default)
2019-10-15 21:18:46,915 [pool-510-thread-1] INFO  server.RaftServerConfigKeys (ConfUtils.java:logGet(43)) - raft.server.log.appender.install.snapshot.enabled = false (custom)
2019-10-15 21:18:46,915 [pool-510-thread-1] INFO  impl.RaftServerImpl (ServerState.java:<init>(103)) - 61c3ff9d-aa4b-4312-85d3-a53b64a62d48@group-3A863E456FC8: ConfigurationManager, init=-1: [61c3ff9d-aa4b-4312-85d3-a53b64a62d48:192.168.69.102:42195, a27cc913-8f64-4948-968f-b26bd365b697:192.168.69.102:42925, c2130dde-588e-42a9-bf71-2215e165583f:192.168.69.102:45437], old=null, confs=<EMPTY_MAP>
2019-10-15 21:18:46,915 [pool-510-thread-1] INFO  server.RaftServerConfigKeys (ConfUtils.java:logGet(43)) - raft.server.storage.dir = [/workdir/hadoop-ozone/integration-test/target/test-dir/MiniOzoneClusterImpl-31458ddc-69ad-405c-a8b1-f839bd3d9382/datanode-0/data/ratis] (custom)
2019-10-15 21:18:46,916 [pool-550-thread-1] INFO  impl.RaftServerImpl (RaftServerImpl.java:<init>(104)) - a27cc913-8f64-4948-968f-b26bd365b697: new RaftServerImpl for group-3A863E456FC8:[61c3ff9d-aa4b-4312-85d3-a53b64a62d48:192.168.69.102:42195, a27cc913-8f64-4948-968f-b26bd365b697:192.168.69.102:42925, c2130dde-588e-42a9-bf71-2215e165583f:192.168.69.102:45437] with ContainerStateMachine:uninitialized
2019-10-15 21:18:46,916 [pool-510-thread-1] INFO  server.RaftServerConfigKeys (ConfUtils.java:logGet(43)) - raft.server.log.corruption.policy = EXCEPTION (default)
2019-10-15 21:18:46,916 [pool-550-thread-1] INFO  server.RaftServerConfigKeys (ConfUtils.java:logGet(43)) - raft.server.rpc.timeout.min = 1s (custom)
2019-10-15 21:18:46,916 [pool-550-thread-1] INFO  server.RaftServerConfigKeys (ConfUtils.java:logGet(43)) - raft.server.rpc.timeout.max = 1200ms (custom)
2019-10-15 21:18:46,916 [pool-510-thread-1] INFO  storage.RaftStorageDirectory (RaftStorageDirectory.java:analyzeStorage(246)) - The storage directory /workdir/hadoop-ozone/integration-test/target/test-dir/MiniOzoneClusterImpl-31458ddc-69ad-405c-a8b1-f839bd3d9382/datanode-0/data/ratis/86000e96-8907-4f64-bc23-3a863e456fc8 does not exist. Creating ...
2019-10-15 21:18:46,916 [pool-550-thread-1] INFO  server.RaftServerConfigKeys (ConfUtils.java:logGet(43)) - raft.server.rpcslowness.timeout = 120s (custom)
2019-10-15 21:18:46,916 [pool-550-thread-1] INFO  server.RaftServerConfigKeys (ConfUtils.java:logGet(43)) - raft.server.sleep.deviation.threshold = 300 (default)
2019-10-15 21:18:46,916 [pool-550-thread-1] INFO  server.RaftServerConfigKeys (ConfUtils.java:logGet(43)) - raft.server.log.appender.install.snapshot.enabled = false (custom)
2019-10-15 21:18:46,916 [pool-550-thread-1] INFO  impl.RaftServerImpl (ServerState.java:<init>(103)) - a27cc913-8f64-4948-968f-b26bd365b697@group-3A863E456FC8: ConfigurationManager, init=-1: [61c3ff9d-aa4b-4312-85d3-a53b64a62d48:192.168.69.102:42195, a27cc913-8f64-4948-968f-b26bd365b697:192.168.69.102:42925, c2130dde-588e-42a9-bf71-2215e165583f:192.168.69.102:45437], old=null, confs=<EMPTY_MAP>
2019-10-15 21:18:46,916 [pool-550-thread-1] INFO  server.RaftServerConfigKeys (ConfUtils.java:logGet(43)) - raft.server.storage.dir = [/workdir/hadoop-ozone/integration-test/target/test-dir/MiniOzoneClusterImpl-31458ddc-69ad-405c-a8b1-f839bd3d9382/datanode-4/data/ratis] (custom)
2019-10-15 21:18:46,917 [pool-550-thread-1] INFO  server.RaftServerConfigKeys (ConfUtils.java:logGet(43)) - raft.server.log.corruption.policy = EXCEPTION (default)
2019-10-15 21:18:46,917 [grpc-default-executor-10] INFO  impl.RaftServerProxy (RaftServerProxy.java:addNew(89)) - c2130dde-588e-42a9-bf71-2215e165583f: addNew group-3A863E456FC8:[61c3ff9d-aa4b-4312-85d3-a53b64a62d48:192.168.69.102:42195, a27cc913-8f64-4948-968f-b26bd365b697:192.168.69.102:42925, c2130dde-588e-42a9-bf71-2215e165583f:192.168.69.102:45437] returns group-3A863E456FC8:java.util.concurrent.CompletableFuture@271c5bd7[Not completed]
2019-10-15 21:18:46,918 [pool-540-thread-1] INFO  impl.RaftServerImpl (RaftServerImpl.java:<init>(104)) - c2130dde-588e-42a9-bf71-2215e165583f: new RaftServerImpl for group-3A863E456FC8:[61c3ff9d-aa4b-4312-85d3-a53b64a62d48:192.168.69.102:42195, a27cc913-8f64-4948-968f-b26bd365b697:192.168.69.102:42925, c2130dde-588e-42a9-bf71-2215e165583f:192.168.69.102:45437] with ContainerStateMachine:uninitialized
2019-10-15 21:18:46,918 [pool-540-thread-1] INFO  server.RaftServerConfigKeys (ConfUtils.java:logGet(43)) - raft.server.rpc.timeout.min = 1s (custom)
2019-10-15 21:18:46,918 [pool-540-thread-1] INFO  server.RaftServerConfigKeys (ConfUtils.java:logGet(43)) - raft.server.rpc.timeout.max = 1200ms (custom)
2019-10-15 21:18:46,918 [pool-540-thread-1] INFO  server.RaftServerConfigKeys (ConfUtils.java:logGet(43)) - raft.server.rpcslowness.timeout = 120s (custom)
2019-10-15 21:18:46,918 [pool-540-thread-1] INFO  server.RaftServerConfigKeys (ConfUtils.java:logGet(43)) - raft.server.sleep.deviation.threshold = 300 (default)
2019-10-15 21:18:46,918 [pool-540-thread-1] INFO  server.RaftServerConfigKeys (ConfUtils.java:logGet(43)) - raft.server.log.appender.install.snapshot.enabled = false (custom)
2019-10-15 21:18:46,918 [pool-540-thread-1] INFO  impl.RaftServerImpl (ServerState.java:<init>(103)) - c2130dde-588e-42a9-bf71-2215e165583f@group-3A863E456FC8: ConfigurationManager, init=-1: [61c3ff9d-aa4b-4312-85d3-a53b64a62d48:192.168.69.102:42195, a27cc913-8f64-4948-968f-b26bd365b697:192.168.69.102:42925, c2130dde-588e-42a9-bf71-2215e165583f:192.168.69.102:45437], old=null, confs=<EMPTY_MAP>
2019-10-15 21:18:46,918 [pool-540-thread-1] INFO  server.RaftServerConfigKeys (ConfUtils.java:logGet(43)) - raft.server.storage.dir = [/workdir/hadoop-ozone/integration-test/target/test-dir/MiniOzoneClusterImpl-31458ddc-69ad-405c-a8b1-f839bd3d9382/datanode-3/data/ratis] (custom)
2019-10-15 21:18:46,918 [pool-550-thread-1] INFO  storage.RaftStorageDirectory (RaftStorageDirectory.java:analyzeStorage(246)) - The storage directory /workdir/hadoop-ozone/integration-test/target/test-dir/MiniOzoneClusterImpl-31458ddc-69ad-405c-a8b1-f839bd3d9382/datanode-4/data/ratis/86000e96-8907-4f64-bc23-3a863e456fc8 does not exist. Creating ...
2019-10-15 21:18:46,918 [pool-540-thread-1] INFO  server.RaftServerConfigKeys (ConfUtils.java:logGet(43)) - raft.server.log.corruption.policy = EXCEPTION (default)
2019-10-15 21:18:46,919 [pool-540-thread-1] INFO  storage.RaftStorageDirectory (RaftStorageDirectory.java:analyzeStorage(246)) - The storage directory /workdir/hadoop-ozone/integration-test/target/test-dir/MiniOzoneClusterImpl-31458ddc-69ad-405c-a8b1-f839bd3d9382/datanode-3/data/ratis/86000e96-8907-4f64-bc23-3a863e456fc8 does not exist. Creating ...
2019-10-15 21:18:46,932 [pool-510-thread-1] INFO  storage.RaftStorageDirectory (RaftStorageDirectory.java:tryLock(328)) - Lock on /workdir/hadoop-ozone/integration-test/target/test-dir/MiniOzoneClusterImpl-31458ddc-69ad-405c-a8b1-f839bd3d9382/datanode-0/data/ratis/86000e96-8907-4f64-bc23-3a863e456fc8/in_use.lock acquired by nodename 3939@pr-hdds-2254-trunk-ddzgt-1485873308
2019-10-15 21:18:46,932 [pool-550-thread-1] INFO  storage.RaftStorageDirectory (RaftStorageDirectory.java:tryLock(328)) - Lock on /workdir/hadoop-ozone/integration-test/target/test-dir/MiniOzoneClusterImpl-31458ddc-69ad-405c-a8b1-f839bd3d9382/datanode-4/data/ratis/86000e96-8907-4f64-bc23-3a863e456fc8/in_use.lock acquired by nodename 3939@pr-hdds-2254-trunk-ddzgt-1485873308
2019-10-15 21:18:46,932 [pool-540-thread-1] INFO  storage.RaftStorageDirectory (RaftStorageDirectory.java:tryLock(328)) - Lock on /workdir/hadoop-ozone/integration-test/target/test-dir/MiniOzoneClusterImpl-31458ddc-69ad-405c-a8b1-f839bd3d9382/datanode-3/data/ratis/86000e96-8907-4f64-bc23-3a863e456fc8/in_use.lock acquired by nodename 3939@pr-hdds-2254-trunk-ddzgt-1485873308
2019-10-15 21:18:46,947 [pool-510-thread-1] INFO  storage.RaftStorage (RaftStorage.java:format(84)) - Storage directory /workdir/hadoop-ozone/integration-test/target/test-dir/MiniOzoneClusterImpl-31458ddc-69ad-405c-a8b1-f839bd3d9382/datanode-0/data/ratis/86000e96-8907-4f64-bc23-3a863e456fc8 has been successfully formatted.
2019-10-15 21:18:46,947 [pool-550-thread-1] INFO  storage.RaftStorage (RaftStorage.java:format(84)) - Storage directory /workdir/hadoop-ozone/integration-test/target/test-dir/MiniOzoneClusterImpl-31458ddc-69ad-405c-a8b1-f839bd3d9382/datanode-4/data/ratis/86000e96-8907-4f64-bc23-3a863e456fc8 has been successfully formatted.
2019-10-15 21:18:46,947 [pool-540-thread-1] INFO  storage.RaftStorage (RaftStorage.java:format(84)) - Storage directory /workdir/hadoop-ozone/integration-test/target/test-dir/MiniOzoneClusterImpl-31458ddc-69ad-405c-a8b1-f839bd3d9382/datanode-3/data/ratis/86000e96-8907-4f64-bc23-3a863e456fc8 has been successfully formatted.
2019-10-15 21:18:46,948 [pool-550-thread-1] INFO  ratis.ContainerStateMachine (ContainerStateMachine.java:loadSnapshot(231)) - group-3A863E456FC8: The snapshot info is null. Setting the last applied indexto:(t:0, i:~)
2019-10-15 21:18:46,948 [pool-510-thread-1] INFO  ratis.ContainerStateMachine (ContainerStateMachine.java:loadSnapshot(231)) - group-3A863E456FC8: The snapshot info is null. Setting the last applied indexto:(t:0, i:~)
2019-10-15 21:18:46,948 [pool-540-thread-1] INFO  ratis.ContainerStateMachine (ContainerStateMachine.java:loadSnapshot(231)) - group-3A863E456FC8: The snapshot info is null. Setting the last applied indexto:(t:0, i:~)
2019-10-15 21:18:46,948 [pool-510-thread-1] INFO  server.RaftServerConfigKeys (ConfUtils.java:logGet(43)) - raft.server.notification.no-leader.timeout = 120s (custom)
2019-10-15 21:18:46,948 [pool-550-thread-1] INFO  server.RaftServerConfigKeys (ConfUtils.java:logGet(43)) - raft.server.notification.no-leader.timeout = 120s (custom)
2019-10-15 21:18:46,948 [pool-510-thread-1] INFO  server.RaftServerConfigKeys (ConfUtils.java:logGet(43)) - raft.server.log.use.memory = false (default)
2019-10-15 21:18:46,948 [pool-540-thread-1] INFO  server.RaftServerConfigKeys (ConfUtils.java:logGet(43)) - raft.server.notification.no-leader.timeout = 120s (custom)
2019-10-15 21:18:46,948 [pool-510-thread-1] INFO  server.RaftServerConfigKeys (ConfUtils.java:logGet(43)) - raft.server.log.purge.gap = 1000000 (custom)
2019-10-15 21:18:46,948 [pool-550-thread-1] INFO  server.RaftServerConfigKeys (ConfUtils.java:logGet(43)) - raft.server.log.use.memory = false (default)
2019-10-15 21:18:46,948 [pool-510-thread-1] INFO  server.RaftServerConfigKeys (ConfUtils.java:logGet(43)) - raft.server.log.appender.buffer.byte-limit = 33554432 (custom)
2019-10-15 21:18:46,949 [pool-510-thread-1] INFO  server.RaftServerConfigKeys (ConfUtils.java:logGet(43)) - raft.server.log.segment.size.max = 1048576 (custom)
2019-10-15 21:18:46,948 [pool-540-thread-1] INFO  server.RaftServerConfigKeys (ConfUtils.java:logGet(43)) - raft.server.log.use.memory = false (default)
2019-10-15 21:18:46,949 [pool-510-thread-1] INFO  server.RaftServerConfigKeys (ConfUtils.java:logGet(43)) - raft.server.log.segment.cache.num.max = 2 (custom)
2019-10-15 21:18:46,949 [pool-550-thread-1] INFO  server.RaftServerConfigKeys (ConfUtils.java:logGet(43)) - raft.server.log.purge.gap = 1000000 (custom)
2019-10-15 21:18:46,949 [pool-510-thread-1] INFO  segmented.SegmentedRaftLogWorker (SegmentedRaftLogWorker.java:<init>(173)) - new 61c3ff9d-aa4b-4312-85d3-a53b64a62d48@group-3A863E456FC8-SegmentedRaftLogWorker for RaftStorage:Storage Directory /workdir/hadoop-ozone/integration-test/target/test-dir/MiniOzoneClusterImpl-31458ddc-69ad-405c-a8b1-f839bd3d9382/datanode-0/data/ratis/86000e96-8907-4f64-bc23-3a863e456fc8
2019-10-15 21:18:46,949 [pool-540-thread-1] INFO  server.RaftServerConfigKeys (ConfUtils.java:logGet(43)) - raft.server.log.purge.gap = 1000000 (custom)
2019-10-15 21:18:46,949 [pool-510-thread-1] INFO  server.RaftServerConfigKeys (ConfUtils.java:logGet(43)) - raft.server.log.queue.byte-limit = 2147483647 (custom)
2019-10-15 21:18:46,949 [pool-550-thread-1] INFO  server.RaftServerConfigKeys (ConfUtils.java:logGet(43)) - raft.server.log.appender.buffer.byte-limit = 33554432 (custom)
2019-10-15 21:18:46,949 [pool-510-thread-1] INFO  server.RaftServerConfigKeys (ConfUtils.java:logGet(43)) - raft.server.log.queue.element-limit = 1024 (custom)
2019-10-15 21:18:46,949 [pool-540-thread-1] INFO  server.RaftServerConfigKeys (ConfUtils.java:logGet(43)) - raft.server.log.appender.buffer.byte-limit = 33554432 (custom)
2019-10-15 21:18:46,949 [pool-510-thread-1] INFO  server.RaftServerConfigKeys (ConfUtils.java:logGet(43)) - raft.server.log.segment.size.max = 1048576 (custom)
2019-10-15 21:18:46,949 [pool-550-thread-1] INFO  server.RaftServerConfigKeys (ConfUtils.java:logGet(43)) - raft.server.log.segment.size.max = 1048576 (custom)
2019-10-15 21:18:46,949 [pool-510-thread-1] INFO  server.RaftServerConfigKeys (ConfUtils.java:logGet(43)) - raft.server.log.preallocated.size = 16384 (custom)
2019-10-15 21:18:46,949 [pool-540-thread-1] INFO  server.RaftServerConfigKeys (ConfUtils.java:logGet(43)) - raft.server.log.segment.size.max = 1048576 (custom)
2019-10-15 21:18:46,950 [pool-510-thread-1] INFO  server.RaftServerConfigKeys (ConfUtils.java:logGet(43)) - raft.server.log.write.buffer.size = 33554432 (custom)
2019-10-15 21:18:46,950 [pool-550-thread-1] INFO  server.RaftServerConfigKeys (ConfUtils.java:logGet(43)) - raft.server.log.segment.cache.num.max = 2 (custom)
2019-10-15 21:18:46,950 [pool-510-thread-1] INFO  server.RaftServerConfigKeys (ConfUtils.java:logGet(43)) - raft.server.log.force.sync.num = 128 (default)
2019-10-15 21:18:46,950 [pool-540-thread-1] INFO  server.RaftServerConfigKeys (ConfUtils.java:logGet(43)) - raft.server.log.segment.cache.num.max = 2 (custom)
2019-10-15 21:18:46,950 [pool-510-thread-1] INFO  server.RaftServerConfigKeys (ConfUtils.java:logGet(43)) - raft.server.log.statemachine.data.sync = true (default)
2019-10-15 21:18:46,950 [pool-550-thread-1] INFO  segmented.SegmentedRaftLogWorker (SegmentedRaftLogWorker.java:<init>(173)) - new a27cc913-8f64-4948-968f-b26bd365b697@group-3A863E456FC8-SegmentedRaftLogWorker for RaftStorage:Storage Directory /workdir/hadoop-ozone/integration-test/target/test-dir/MiniOzoneClusterImpl-31458ddc-69ad-405c-a8b1-f839bd3d9382/datanode-4/data/ratis/86000e96-8907-4f64-bc23-3a863e456fc8
2019-10-15 21:18:46,950 [pool-510-thread-1] INFO  server.RaftServerConfigKeys (ConfUtils.java:logGet(43)) - raft.server.log.statemachine.data.sync.timeout = 10s (default)
2019-10-15 21:18:46,950 [pool-540-thread-1] INFO  segmented.SegmentedRaftLogWorker (SegmentedRaftLogWorker.java:<init>(173)) - new c2130dde-588e-42a9-bf71-2215e165583f@group-3A863E456FC8-SegmentedRaftLogWorker for RaftStorage:Storage Directory /workdir/hadoop-ozone/integration-test/target/test-dir/MiniOzoneClusterImpl-31458ddc-69ad-405c-a8b1-f839bd3d9382/datanode-3/data/ratis/86000e96-8907-4f64-bc23-3a863e456fc8
2019-10-15 21:18:46,950 [pool-510-thread-1] INFO  server.RaftServerConfigKeys (ConfUtils.java:logGet(43)) - raft.server.log.statemachine.data.sync.timeout.retry = -1 (default)
2019-10-15 21:18:46,950 [pool-550-thread-1] INFO  server.RaftServerConfigKeys (ConfUtils.java:logGet(43)) - raft.server.log.queue.byte-limit = 2147483647 (custom)
2019-10-15 21:18:46,950 [pool-510-thread-1] INFO  server.RaftServerConfigKeys (ConfUtils.java:logGet(43)) - raft.server.log.statemachine.data.caching.enabled = true (custom)
2019-10-15 21:18:46,950 [pool-540-thread-1] INFO  server.RaftServerConfigKeys (ConfUtils.java:logGet(43)) - raft.server.log.queue.byte-limit = 2147483647 (custom)
2019-10-15 21:18:46,950 [pool-550-thread-1] INFO  server.RaftServerConfigKeys (ConfUtils.java:logGet(43)) - raft.server.log.queue.element-limit = 1024 (custom)
2019-10-15 21:18:46,951 [pool-510-thread-1] INFO  segmented.SegmentedRaftLogWorker (SegmentedRaftLogWorker.java:lambda$new$0(128)) - 61c3ff9d-aa4b-4312-85d3-a53b64a62d48@group-3A863E456FC8-SegmentedRaftLogWorker: flushIndex: setUnconditionally 0 -> -1
2019-10-15 21:18:46,951 [pool-540-thread-1] INFO  server.RaftServerConfigKeys (ConfUtils.java:logGet(43)) - raft.server.log.queue.element-limit = 1024 (custom)
2019-10-15 21:18:46,951 [pool-550-thread-1] INFO  server.RaftServerConfigKeys (ConfUtils.java:logGet(43)) - raft.server.log.segment.size.max = 1048576 (custom)
2019-10-15 21:18:46,951 [pool-540-thread-1] INFO  server.RaftServerConfigKeys (ConfUtils.java:logGet(43)) - raft.server.log.segment.size.max = 1048576 (custom)
2019-10-15 21:18:46,951 [pool-510-thread-1] INFO  server.RaftServerConfigKeys (ConfUtils.java:logGet(43)) - raft.server.snapshot.auto.trigger.enabled = true (custom)
2019-10-15 21:18:46,951 [pool-550-thread-1] INFO  server.RaftServerConfigKeys (ConfUtils.java:logGet(43)) - raft.server.log.preallocated.size = 16384 (custom)
2019-10-15 21:18:46,951 [pool-510-thread-1] INFO  server.RaftServerConfigKeys (ConfUtils.java:logGet(43)) - raft.server.snapshot.auto.trigger.threshold = 10000 (custom)
2019-10-15 21:18:46,951 [pool-540-thread-1] INFO  server.RaftServerConfigKeys (ConfUtils.java:logGet(43)) - raft.server.log.preallocated.size = 16384 (custom)
2019-10-15 21:18:46,951 [pool-510-thread-1] INFO  server.RaftServerConfigKeys (ConfUtils.java:logGet(43)) - raft.server.snapshot.retention.file.num = 5 (custom)
2019-10-15 21:18:46,951 [pool-550-thread-1] INFO  server.RaftServerConfigKeys (ConfUtils.java:logGet(43)) - raft.server.log.write.buffer.size = 33554432 (custom)
2019-10-15 21:18:46,951 [pool-510-thread-1] INFO  server.RaftServerConfigKeys (ConfUtils.java:logGet(43)) - raft.server.retrycache.expirytime = 600000ms (custom)
2019-10-15 21:18:46,951 [pool-540-thread-1] INFO  server.RaftServerConfigKeys (ConfUtils.java:logGet(43)) - raft.server.log.write.buffer.size = 33554432 (custom)
2019-10-15 21:18:46,951 [pool-550-thread-1] INFO  server.RaftServerConfigKeys (ConfUtils.java:logGet(43)) - raft.server.log.force.sync.num = 128 (default)
2019-10-15 21:18:46,952 [pool-540-thread-1] INFO  server.RaftServerConfigKeys (ConfUtils.java:logGet(43)) - raft.server.log.force.sync.num = 128 (default)
2019-10-15 21:18:46,952 [pool-550-thread-1] INFO  server.RaftServerConfigKeys (ConfUtils.java:logGet(43)) - raft.server.log.statemachine.data.sync = true (default)
2019-10-15 21:18:46,952 [pool-540-thread-1] INFO  server.RaftServerConfigKeys (ConfUtils.java:logGet(43)) - raft.server.log.statemachine.data.sync = true (default)
2019-10-15 21:18:46,952 [pool-550-thread-1] INFO  server.RaftServerConfigKeys (ConfUtils.java:logGet(43)) - raft.server.log.statemachine.data.sync.timeout = 10s (default)
2019-10-15 21:18:46,952 [pool-540-thread-1] INFO  server.RaftServerConfigKeys (ConfUtils.java:logGet(43)) - raft.server.log.statemachine.data.sync.timeout = 10s (default)
2019-10-15 21:18:46,952 [pool-550-thread-1] INFO  server.RaftServerConfigKeys (ConfUtils.java:logGet(43)) - raft.server.log.statemachine.data.sync.timeout.retry = -1 (default)
2019-10-15 21:18:46,952 [pool-540-thread-1] INFO  server.RaftServerConfigKeys (ConfUtils.java:logGet(43)) - raft.server.log.statemachine.data.sync.timeout.retry = -1 (default)
2019-10-15 21:18:46,952 [pool-550-thread-1] INFO  server.RaftServerConfigKeys (ConfUtils.java:logGet(43)) - raft.server.log.statemachine.data.caching.enabled = true (custom)
2019-10-15 21:18:46,952 [pool-540-thread-1] INFO  server.RaftServerConfigKeys (ConfUtils.java:logGet(43)) - raft.server.log.statemachine.data.caching.enabled = true (custom)
2019-10-15 21:18:46,952 [pool-550-thread-1] INFO  segmented.SegmentedRaftLogWorker (SegmentedRaftLogWorker.java:lambda$new$0(128)) - a27cc913-8f64-4948-968f-b26bd365b697@group-3A863E456FC8-SegmentedRaftLogWorker: flushIndex: setUnconditionally 0 -> -1
2019-10-15 21:18:46,952 [pool-540-thread-1] INFO  segmented.SegmentedRaftLogWorker (SegmentedRaftLogWorker.java:lambda$new$0(128)) - c2130dde-588e-42a9-bf71-2215e165583f@group-3A863E456FC8-SegmentedRaftLogWorker: flushIndex: setUnconditionally 0 -> -1
2019-10-15 21:18:46,953 [pool-550-thread-1] INFO  server.RaftServerConfigKeys (ConfUtils.java:logGet(43)) - raft.server.snapshot.auto.trigger.enabled = true (custom)
2019-10-15 21:18:46,953 [pool-540-thread-1] INFO  server.RaftServerConfigKeys (ConfUtils.java:logGet(43)) - raft.server.snapshot.auto.trigger.enabled = true (custom)
2019-10-15 21:18:46,953 [pool-550-thread-1] INFO  server.RaftServerConfigKeys (ConfUtils.java:logGet(43)) - raft.server.snapshot.auto.trigger.threshold = 10000 (custom)
2019-10-15 21:18:46,953 [pool-540-thread-1] INFO  server.RaftServerConfigKeys (ConfUtils.java:logGet(43)) - raft.server.snapshot.auto.trigger.threshold = 10000 (custom)
2019-10-15 21:18:46,953 [pool-550-thread-1] INFO  server.RaftServerConfigKeys (ConfUtils.java:logGet(43)) - raft.server.snapshot.retention.file.num = 5 (custom)
2019-10-15 21:18:46,953 [Thread-8386] INFO  impl.FollowerState (FollowerState.java:run(108)) - 090573f1-c213-462e-b422-6463ca97c373@group-FB3B374425E2-FollowerState: change to CANDIDATE, lastRpcTime:199ms, electionTimeout:199ms
2019-10-15 21:18:46,953 [pool-540-thread-1] INFO  server.RaftServerConfigKeys (ConfUtils.java:logGet(43)) - raft.server.snapshot.retention.file.num = 5 (custom)
2019-10-15 21:18:46,953 [pool-510-thread-1] INFO  impl.RaftServerImpl (RaftServerImpl.java:start(195)) - 61c3ff9d-aa4b-4312-85d3-a53b64a62d48@group-3A863E456FC8: start as a follower, conf=-1: [61c3ff9d-aa4b-4312-85d3-a53b64a62d48:192.168.69.102:42195, a27cc913-8f64-4948-968f-b26bd365b697:192.168.69.102:42925, c2130dde-588e-42a9-bf71-2215e165583f:192.168.69.102:45437], old=null
2019-10-15 21:18:46,953 [pool-540-thread-1] INFO  server.RaftServerConfigKeys (ConfUtils.java:logGet(43)) - raft.server.retrycache.expirytime = 600000ms (custom)
2019-10-15 21:18:46,953 [Thread-8386] INFO  impl.RoleInfo (RoleInfo.java:shutdownFollowerState(121)) - 090573f1-c213-462e-b422-6463ca97c373: shutdown FollowerState
2019-10-15 21:18:46,953 [pool-550-thread-1] INFO  server.RaftServerConfigKeys (ConfUtils.java:logGet(43)) - raft.server.retrycache.expirytime = 600000ms (custom)
2019-10-15 21:18:46,953 [Thread-8386] INFO  impl.RaftServerImpl (RaftServerImpl.java:setRole(184)) - 090573f1-c213-462e-b422-6463ca97c373@group-FB3B374425E2: changes role from  FOLLOWER to CANDIDATE at term 0 for changeToCandidate
2019-10-15 21:18:46,953 [pool-510-thread-1] INFO  impl.RaftServerImpl (RaftServerImpl.java:setRole(184)) - 61c3ff9d-aa4b-4312-85d3-a53b64a62d48@group-3A863E456FC8: changes role from      null to FOLLOWER at term 0 for startAsFollower
2019-10-15 21:18:46,954 [Thread-8386] INFO  impl.RoleInfo (RoleInfo.java:updateAndGet(143)) - 090573f1-c213-462e-b422-6463ca97c373: start LeaderElection
2019-10-15 21:18:46,954 [pool-510-thread-1] INFO  impl.RoleInfo (RoleInfo.java:updateAndGet(143)) - 61c3ff9d-aa4b-4312-85d3-a53b64a62d48: start FollowerState
2019-10-15 21:18:46,958 [pool-510-thread-1] INFO  util.JmxRegister (JmxRegister.java:tryRegister(44)) - Successfully registered JMX Bean with object name Ratis:service=RaftServer,group=group-3A863E456FC8,id=61c3ff9d-aa4b-4312-85d3-a53b64a62d48
2019-10-15 21:18:46,960 [pool-540-thread-1] INFO  impl.RaftServerImpl (RaftServerImpl.java:start(195)) - c2130dde-588e-42a9-bf71-2215e165583f@group-3A863E456FC8: start as a follower, conf=-1: [61c3ff9d-aa4b-4312-85d3-a53b64a62d48:192.168.69.102:42195, a27cc913-8f64-4948-968f-b26bd365b697:192.168.69.102:42925, c2130dde-588e-42a9-bf71-2215e165583f:192.168.69.102:45437], old=null
2019-10-15 21:18:46,960 [pool-540-thread-1] INFO  impl.RaftServerImpl (RaftServerImpl.java:setRole(184)) - c2130dde-588e-42a9-bf71-2215e165583f@group-3A863E456FC8: changes role from      null to FOLLOWER at term 0 for startAsFollower
2019-10-15 21:18:46,960 [pool-540-thread-1] INFO  impl.RoleInfo (RoleInfo.java:updateAndGet(143)) - c2130dde-588e-42a9-bf71-2215e165583f: start FollowerState
2019-10-15 21:18:46,962 [pool-540-thread-1] INFO  util.JmxRegister (JmxRegister.java:tryRegister(44)) - Successfully registered JMX Bean with object name Ratis:service=RaftServer,group=group-3A863E456FC8,id=c2130dde-588e-42a9-bf71-2215e165583f
2019-10-15 21:18:46,963 [pool-550-thread-1] INFO  impl.RaftServerImpl (RaftServerImpl.java:start(195)) - a27cc913-8f64-4948-968f-b26bd365b697@group-3A863E456FC8: start as a follower, conf=-1: [61c3ff9d-aa4b-4312-85d3-a53b64a62d48:192.168.69.102:42195, a27cc913-8f64-4948-968f-b26bd365b697:192.168.69.102:42925, c2130dde-588e-42a9-bf71-2215e165583f:192.168.69.102:45437], old=null
2019-10-15 21:18:46,963 [pool-550-thread-1] INFO  impl.RaftServerImpl (RaftServerImpl.java:setRole(184)) - a27cc913-8f64-4948-968f-b26bd365b697@group-3A863E456FC8: changes role from      null to FOLLOWER at term 0 for startAsFollower
2019-10-15 21:18:46,963 [pool-550-thread-1] INFO  impl.RoleInfo (RoleInfo.java:updateAndGet(143)) - a27cc913-8f64-4948-968f-b26bd365b697: start FollowerState
2019-10-15 21:18:46,963 [pool-550-thread-1] INFO  util.JmxRegister (JmxRegister.java:tryRegister(44)) - Successfully registered JMX Bean with object name Ratis:service=RaftServer,group=group-3A863E456FC8,id=a27cc913-8f64-4948-968f-b26bd365b697
2019-10-15 21:18:46,965 [090573f1-c213-462e-b422-6463ca97c373@group-FB3B374425E2-LeaderElection980] INFO  impl.LeaderElection (LeaderElection.java:askForVotes(178)) - 090573f1-c213-462e-b422-6463ca97c373@group-FB3B374425E2-LeaderElection980: begin an election at term 1 for -1: [090573f1-c213-462e-b422-6463ca97c373:192.168.69.102:43336], old=null
2019-10-15 21:18:46,965 [090573f1-c213-462e-b422-6463ca97c373@group-FB3B374425E2-LeaderElection980] INFO  impl.RoleInfo (RoleInfo.java:shutdownLeaderElection(134)) - 090573f1-c213-462e-b422-6463ca97c373: shutdown LeaderElection
2019-10-15 21:18:46,965 [090573f1-c213-462e-b422-6463ca97c373@group-FB3B374425E2-LeaderElection980] INFO  impl.RaftServerImpl (RaftServerImpl.java:setRole(184)) - 090573f1-c213-462e-b422-6463ca97c373@group-FB3B374425E2: changes role from CANDIDATE to LEADER at term 1 for changeToLeader
2019-10-15 21:18:46,965 [090573f1-c213-462e-b422-6463ca97c373@group-FB3B374425E2-LeaderElection980] INFO  impl.RaftServerImpl (ServerState.java:setLeader(256)) - 090573f1-c213-462e-b422-6463ca97c373@group-FB3B374425E2: change Leader from null to 090573f1-c213-462e-b422-6463ca97c373 at term 1 for becomeLeader, leader elected after 220ms
2019-10-15 21:18:46,966 [090573f1-c213-462e-b422-6463ca97c373@group-FB3B374425E2-LeaderElection980] INFO  server.RaftServerConfigKeys (ConfUtils.java:logGet(43)) - raft.server.staging.catchup.gap = 1000 (default)
2019-10-15 21:18:46,966 [090573f1-c213-462e-b422-6463ca97c373@group-FB3B374425E2-LeaderElection980] INFO  server.RaftServerConfigKeys (ConfUtils.java:logGet(43)) - raft.server.rpc.sleep.time = 25ms (default)
2019-10-15 21:18:46,966 [090573f1-c213-462e-b422-6463ca97c373@group-FB3B374425E2-LeaderElection980] INFO  server.RaftServerConfigKeys (ConfUtils.java:logGet(43)) - raft.server.write.element-limit = 4096 (default)
2019-10-15 21:18:46,966 [090573f1-c213-462e-b422-6463ca97c373@group-FB3B374425E2-LeaderElection980] INFO  server.RaftServerConfigKeys (ConfUtils.java:logGet(43)) - raft.server.watch.timeout = 10s (default)
2019-10-15 21:18:46,966 [090573f1-c213-462e-b422-6463ca97c373@group-FB3B374425E2-LeaderElection980] INFO  server.RaftServerConfigKeys (ConfUtils.java:logGet(43)) - raft.server.watch.timeout.denomination = 1s (default)
2019-10-15 21:18:46,966 [090573f1-c213-462e-b422-6463ca97c373@group-FB3B374425E2-LeaderElection980] INFO  server.RaftServerConfigKeys (ConfUtils.java:logGet(43)) - raft.server.watch.element-limit = 65536 (default)
2019-10-15 21:18:46,966 [RatisPipelineUtilsThread] INFO  pipeline.PipelineStateManager (PipelineStateManager.java:addPipeline(56)) - Created pipeline Pipeline[ Id: 86000e96-8907-4f64-bc23-3a863e456fc8, Nodes: 61c3ff9d-aa4b-4312-85d3-a53b64a62d48{ip: 192.168.69.102, host: pr-hdds-2254-trunk-ddzgt-1485873308, networkLocation: /rack1, certSerialId: null}c2130dde-588e-42a9-bf71-2215e165583f{ip: 192.168.69.102, host: pr-hdds-2254-trunk-ddzgt-1485873308, networkLocation: /rack1, certSerialId: null}a27cc913-8f64-4948-968f-b26bd365b697{ip: 192.168.69.102, host: pr-hdds-2254-trunk-ddzgt-1485873308, networkLocation: /rack1, certSerialId: null}, Type:RATIS, Factor:THREE, State:OPEN]
2019-10-15 21:18:46,967 [090573f1-c213-462e-b422-6463ca97c373@group-FB3B374425E2-LeaderElection980] INFO  impl.RoleInfo (RoleInfo.java:updateAndGet(143)) - 090573f1-c213-462e-b422-6463ca97c373: start LeaderState
2019-10-15 21:18:46,971 [090573f1-c213-462e-b422-6463ca97c373@group-FB3B374425E2-LeaderElection980] INFO  segmented.SegmentedRaftLogWorker (SegmentedRaftLogWorker.java:startLogSegment(385)) - 090573f1-c213-462e-b422-6463ca97c373@group-FB3B374425E2-SegmentedRaftLogWorker: Starting segment from index:0
2019-10-15 21:18:46,971 [090573f1-c213-462e-b422-6463ca97c373@group-FB3B374425E2-LeaderElection980] INFO  impl.RaftServerImpl (ServerState.java:setRaftConf(357)) - 090573f1-c213-462e-b422-6463ca97c373@group-FB3B374425E2: set configuration 0: [090573f1-c213-462e-b422-6463ca97c373:192.168.69.102:43336], old=null at 0
2019-10-15 21:18:46,997 [Thread-8400] INFO  impl.FollowerState (FollowerState.java:run(108)) - a27cc913-8f64-4948-968f-b26bd365b697@group-3A863E456FC8-FollowerState: change to CANDIDATE, lastRpcTime:33ms, electionTimeout:26ms
2019-10-15 21:18:46,997 [Thread-8400] INFO  impl.RoleInfo (RoleInfo.java:shutdownFollowerState(121)) - a27cc913-8f64-4948-968f-b26bd365b697: shutdown FollowerState
2019-10-15 21:18:46,997 [Thread-8400] INFO  impl.RaftServerImpl (RaftServerImpl.java:setRole(184)) - a27cc913-8f64-4948-968f-b26bd365b697@group-3A863E456FC8: changes role from  FOLLOWER to CANDIDATE at term 0 for changeToCandidate
2019-10-15 21:18:46,997 [Thread-8400] INFO  impl.RoleInfo (RoleInfo.java:updateAndGet(143)) - a27cc913-8f64-4948-968f-b26bd365b697: start LeaderElection
2019-10-15 21:18:47,007 [grpc-default-executor-3] INFO  impl.RaftServerProxy (RaftServerProxy.java:addNew(89)) - 93d557fa-335e-4e3d-b2bb-e33832802906: addNew group-848D76B22711:[93d557fa-335e-4e3d-b2bb-e33832802906:192.168.69.102:43737, 090573f1-c213-462e-b422-6463ca97c373:192.168.69.102:43336, db364705-f60f-4be7-83db-fd25b014fd0b:192.168.69.102:41270] returns group-848D76B22711:java.util.concurrent.CompletableFuture@227b35d3[Not completed]
2019-10-15 21:18:47,008 [Thread-8389] INFO  impl.FollowerState (FollowerState.java:run(108)) - c2130dde-588e-42a9-bf71-2215e165583f@group-BE7980CB5568-FollowerState: change to CANDIDATE, lastRpcTime:171ms, electionTimeout:171ms
2019-10-15 21:18:47,008 [grpc-default-executor-3] INFO  impl.RaftServerProxy (RaftServerProxy.java:addNew(89)) - 090573f1-c213-462e-b422-6463ca97c373: addNew group-848D76B22711:[93d557fa-335e-4e3d-b2bb-e33832802906:192.168.69.102:43737, 090573f1-c213-462e-b422-6463ca97c373:192.168.69.102:43336, db364705-f60f-4be7-83db-fd25b014fd0b:192.168.69.102:41270] returns group-848D76B22711:java.util.concurrent.CompletableFuture@54127f01[Not completed]
2019-10-15 21:18:47,008 [Thread-8389] INFO  impl.RoleInfo (RoleInfo.java:shutdownFollowerState(121)) - c2130dde-588e-42a9-bf71-2215e165583f: shutdown FollowerState
2019-10-15 21:18:47,008 [Thread-8389] INFO  impl.RaftServerImpl (RaftServerImpl.java:setRole(184)) - c2130dde-588e-42a9-bf71-2215e165583f@group-BE7980CB5568: changes role from  FOLLOWER to CANDIDATE at term 0 for changeToCandidate
2019-10-15 21:18:47,008 [Thread-8389] INFO  impl.RoleInfo (RoleInfo.java:updateAndGet(143)) - c2130dde-588e-42a9-bf71-2215e165583f: start LeaderElection
2019-10-15 21:18:47,014 [Thread-8392] INFO  impl.FollowerState (FollowerState.java:run(108)) - a27cc913-8f64-4948-968f-b26bd365b697@group-65A8C6F10550-FollowerState: change to CANDIDATE, lastRpcTime:133ms, electionTimeout:133ms
2019-10-15 21:18:47,014 [pool-520-thread-1] INFO  impl.RaftServerImpl (RaftServerImpl.java:<init>(104)) - 93d557fa-335e-4e3d-b2bb-e33832802906: new RaftServerImpl for group-848D76B22711:[93d557fa-335e-4e3d-b2bb-e33832802906:192.168.69.102:43737, 090573f1-c213-462e-b422-6463ca97c373:192.168.69.102:43336, db364705-f60f-4be7-83db-fd25b014fd0b:192.168.69.102:41270] with ContainerStateMachine:uninitialized
2019-10-15 21:18:47,014 [Thread-8392] INFO  impl.RoleInfo (RoleInfo.java:shutdownFollowerState(121)) - a27cc913-8f64-4948-968f-b26bd365b697: shutdown FollowerState
2019-10-15 21:18:47,014 [grpc-default-executor-2] INFO  impl.RaftServerProxy (RaftServerProxy.java:addNew(89)) - db364705-f60f-4be7-83db-fd25b014fd0b: addNew group-848D76B22711:[93d557fa-335e-4e3d-b2bb-e33832802906:192.168.69.102:43737, 090573f1-c213-462e-b422-6463ca97c373:192.168.69.102:43336, db364705-f60f-4be7-83db-fd25b014fd0b:192.168.69.102:41270] returns group-848D76B22711:java.util.concurrent.CompletableFuture@66c55e77[Not completed]
2019-10-15 21:18:47,014 [pool-520-thread-1] INFO  server.RaftServerConfigKeys (ConfUtils.java:logGet(43)) - raft.server.rpc.timeout.min = 1s (custom)
2019-10-15 21:18:47,014 [Thread-8392] INFO  impl.RaftServerImpl (RaftServerImpl.java:setRole(184)) - a27cc913-8f64-4948-968f-b26bd365b697@group-65A8C6F10550: changes role from  FOLLOWER to CANDIDATE at term 0 for changeToCandidate
2019-10-15 21:18:47,014 [pool-520-thread-1] INFO  server.RaftServerConfigKeys (ConfUtils.java:logGet(43)) - raft.server.rpc.timeout.max = 1200ms (custom)
2019-10-15 21:18:47,014 [Thread-8392] INFO  impl.RoleInfo (RoleInfo.java:updateAndGet(143)) - a27cc913-8f64-4948-968f-b26bd365b697: start LeaderElection
2019-10-15 21:18:47,014 [pool-520-thread-1] INFO  server.RaftServerConfigKeys (ConfUtils.java:logGet(43)) - raft.server.rpcslowness.timeout = 120s (custom)
2019-10-15 21:18:47,014 [pool-530-thread-1] INFO  impl.RaftServerImpl (RaftServerImpl.java:<init>(104)) - 090573f1-c213-462e-b422-6463ca97c373: new RaftServerImpl for group-848D76B22711:[93d557fa-335e-4e3d-b2bb-e33832802906:192.168.69.102:43737, 090573f1-c213-462e-b422-6463ca97c373:192.168.69.102:43336, db364705-f60f-4be7-83db-fd25b014fd0b:192.168.69.102:41270] with ContainerStateMachine:uninitialized
2019-10-15 21:18:47,023 [pool-530-thread-1] INFO  server.RaftServerConfigKeys (ConfUtils.java:logGet(43)) - raft.server.rpc.timeout.min = 1s (custom)
2019-10-15 21:18:47,023 [pool-530-thread-1] INFO  server.RaftServerConfigKeys (ConfUtils.java:logGet(43)) - raft.server.rpc.timeout.max = 1200ms (custom)
2019-10-15 21:18:47,023 [pool-530-thread-1] INFO  server.RaftServerConfigKeys (ConfUtils.java:logGet(43)) - raft.server.rpcslowness.timeout = 120s (custom)
2019-10-15 21:18:47,024 [pool-530-thread-1] INFO  server.RaftServerConfigKeys (ConfUtils.java:logGet(43)) - raft.server.sleep.deviation.threshold = 300 (default)
2019-10-15 21:18:47,024 [pool-530-thread-1] INFO  server.RaftServerConfigKeys (ConfUtils.java:logGet(43)) - raft.server.log.appender.install.snapshot.enabled = false (custom)
2019-10-15 21:18:47,015 [pool-520-thread-1] INFO  server.RaftServerConfigKeys (ConfUtils.java:logGet(43)) - raft.server.sleep.deviation.threshold = 300 (default)
2019-10-15 21:18:47,023 [pool-560-thread-1] INFO  impl.RaftServerImpl (RaftServerImpl.java:<init>(104)) - db364705-f60f-4be7-83db-fd25b014fd0b: new RaftServerImpl for group-848D76B22711:[93d557fa-335e-4e3d-b2bb-e33832802906:192.168.69.102:43737, 090573f1-c213-462e-b422-6463ca97c373:192.168.69.102:43336, db364705-f60f-4be7-83db-fd25b014fd0b:192.168.69.102:41270] with ContainerStateMachine:uninitialized
2019-10-15 21:18:47,019 [090573f1-c213-462e-b422-6463ca97c373@group-FB3B374425E2-SegmentedRaftLogWorker] INFO  segmented.SegmentedRaftLogWorker (SegmentedRaftLogWorker.java:execute(576)) - 090573f1-c213-462e-b422-6463ca97c373@group-FB3B374425E2-SegmentedRaftLogWorker: created new log segment /workdir/hadoop-ozone/integration-test/target/test-dir/MiniOzoneClusterImpl-31458ddc-69ad-405c-a8b1-f839bd3d9382/datanode-2/data/ratis/4b50d8c7-c0ee-4a40-b6a7-fb3b374425e2/current/log_inprogress_0
2019-10-15 21:18:47,024 [pool-560-thread-1] INFO  server.RaftServerConfigKeys (ConfUtils.java:logGet(43)) - raft.server.rpc.timeout.min = 1s (custom)
2019-10-15 21:18:47,024 [pool-520-thread-1] INFO  server.RaftServerConfigKeys (ConfUtils.java:logGet(43)) - raft.server.log.appender.install.snapshot.enabled = false (custom)
2019-10-15 21:18:47,024 [a27cc913-8f64-4948-968f-b26bd365b697@group-3A863E456FC8-LeaderElection981] INFO  impl.LeaderElection (LeaderElection.java:askForVotes(178)) - a27cc913-8f64-4948-968f-b26bd365b697@group-3A863E456FC8-LeaderElection981: begin an election at term 1 for -1: [61c3ff9d-aa4b-4312-85d3-a53b64a62d48:192.168.69.102:42195, a27cc913-8f64-4948-968f-b26bd365b697:192.168.69.102:42925, c2130dde-588e-42a9-bf71-2215e165583f:192.168.69.102:45437], old=null
2019-10-15 21:18:47,024 [pool-530-thread-1] INFO  impl.RaftServerImpl (ServerState.java:<init>(103)) - 090573f1-c213-462e-b422-6463ca97c373@group-848D76B22711: ConfigurationManager, init=-1: [93d557fa-335e-4e3d-b2bb-e33832802906:192.168.69.102:43737, 090573f1-c213-462e-b422-6463ca97c373:192.168.69.102:43336, db364705-f60f-4be7-83db-fd25b014fd0b:192.168.69.102:41270], old=null, confs=<EMPTY_MAP>
2019-10-15 21:18:47,024 [pool-520-thread-1] INFO  impl.RaftServerImpl (ServerState.java:<init>(103)) - 93d557fa-335e-4e3d-b2bb-e33832802906@group-848D76B22711: ConfigurationManager, init=-1: [93d557fa-335e-4e3d-b2bb-e33832802906:192.168.69.102:43737, 090573f1-c213-462e-b422-6463ca97c373:192.168.69.102:43336, db364705-f60f-4be7-83db-fd25b014fd0b:192.168.69.102:41270], old=null, confs=<EMPTY_MAP>
2019-10-15 21:18:47,024 [pool-560-thread-1] INFO  server.RaftServerConfigKeys (ConfUtils.java:logGet(43)) - raft.server.rpc.timeout.max = 1200ms (custom)
2019-10-15 21:18:47,025 [pool-520-thread-1] INFO  server.RaftServerConfigKeys (ConfUtils.java:logGet(43)) - raft.server.storage.dir = [/workdir/hadoop-ozone/integration-test/target/test-dir/MiniOzoneClusterImpl-31458ddc-69ad-405c-a8b1-f839bd3d9382/datanode-1/data/ratis] (custom)
2019-10-15 21:18:47,025 [pool-530-thread-1] INFO  server.RaftServerConfigKeys (ConfUtils.java:logGet(43)) - raft.server.storage.dir = [/workdir/hadoop-ozone/integration-test/target/test-dir/MiniOzoneClusterImpl-31458ddc-69ad-405c-a8b1-f839bd3d9382/datanode-2/data/ratis] (custom)
2019-10-15 21:18:47,025 [pool-520-thread-1] INFO  server.RaftServerConfigKeys (ConfUtils.java:logGet(43)) - raft.server.log.corruption.policy = EXCEPTION (default)
2019-10-15 21:18:47,025 [pool-560-thread-1] INFO  server.RaftServerConfigKeys (ConfUtils.java:logGet(43)) - raft.server.rpcslowness.timeout = 120s (custom)
2019-10-15 21:18:47,026 [pool-520-thread-1] INFO  storage.RaftStorageDirectory (RaftStorageDirectory.java:analyzeStorage(246)) - The storage directory /workdir/hadoop-ozone/integration-test/target/test-dir/MiniOzoneClusterImpl-31458ddc-69ad-405c-a8b1-f839bd3d9382/datanode-1/data/ratis/f15f32ca-4630-492e-96ea-848d76b22711 does not exist. Creating ...
2019-10-15 21:18:47,026 [pool-530-thread-1] INFO  server.RaftServerConfigKeys (ConfUtils.java:logGet(43)) - raft.server.log.corruption.policy = EXCEPTION (default)
2019-10-15 21:18:47,026 [pool-530-thread-1] INFO  storage.RaftStorageDirectory (RaftStorageDirectory.java:analyzeStorage(246)) - The storage directory /workdir/hadoop-ozone/integration-test/target/test-dir/MiniOzoneClusterImpl-31458ddc-69ad-405c-a8b1-f839bd3d9382/datanode-2/data/ratis/f15f32ca-4630-492e-96ea-848d76b22711 does not exist. Creating ...
2019-10-15 21:18:47,026 [pool-560-thread-1] INFO  server.RaftServerConfigKeys (ConfUtils.java:logGet(43)) - raft.server.sleep.deviation.threshold = 300 (default)
2019-10-15 21:18:47,026 [pool-560-thread-1] INFO  server.RaftServerConfigKeys (ConfUtils.java:logGet(43)) - raft.server.log.appender.install.snapshot.enabled = false (custom)
2019-10-15 21:18:47,027 [pool-560-thread-1] INFO  impl.RaftServerImpl (ServerState.java:<init>(103)) - db364705-f60f-4be7-83db-fd25b014fd0b@group-848D76B22711: ConfigurationManager, init=-1: [93d557fa-335e-4e3d-b2bb-e33832802906:192.168.69.102:43737, 090573f1-c213-462e-b422-6463ca97c373:192.168.69.102:43336, db364705-f60f-4be7-83db-fd25b014fd0b:192.168.69.102:41270], old=null, confs=<EMPTY_MAP>
2019-10-15 21:18:47,027 [pool-560-thread-1] INFO  server.RaftServerConfigKeys (ConfUtils.java:logGet(43)) - raft.server.storage.dir = [/workdir/hadoop-ozone/integration-test/target/test-dir/MiniOzoneClusterImpl-31458ddc-69ad-405c-a8b1-f839bd3d9382/datanode-5/data/ratis] (custom)
2019-10-15 21:18:47,027 [pool-560-thread-1] INFO  server.RaftServerConfigKeys (ConfUtils.java:logGet(43)) - raft.server.log.corruption.policy = EXCEPTION (default)
2019-10-15 21:18:47,028 [pool-560-thread-1] INFO  storage.RaftStorageDirectory (RaftStorageDirectory.java:analyzeStorage(246)) - The storage directory /workdir/hadoop-ozone/integration-test/target/test-dir/MiniOzoneClusterImpl-31458ddc-69ad-405c-a8b1-f839bd3d9382/datanode-5/data/ratis/f15f32ca-4630-492e-96ea-848d76b22711 does not exist. Creating ...
2019-10-15 21:18:47,031 [grpc-default-executor-2] INFO  impl.RaftServerImpl (RaftServerImpl.java:setRole(184)) - c2130dde-588e-42a9-bf71-2215e165583f@group-3A863E456FC8: changes role from  FOLLOWER to FOLLOWER at term 1 for recognizeCandidate:a27cc913-8f64-4948-968f-b26bd365b697
2019-10-15 21:18:47,031 [grpc-default-executor-2] INFO  impl.RoleInfo (RoleInfo.java:shutdownFollowerState(121)) - c2130dde-588e-42a9-bf71-2215e165583f: shutdown FollowerState
2019-10-15 21:18:47,031 [grpc-default-executor-2] INFO  impl.RoleInfo (RoleInfo.java:updateAndGet(143)) - c2130dde-588e-42a9-bf71-2215e165583f: start FollowerState
2019-10-15 21:18:47,031 [Thread-8399] INFO  impl.FollowerState (FollowerState.java:run(117)) - c2130dde-588e-42a9-bf71-2215e165583f@group-3A863E456FC8-FollowerState was interrupted: java.lang.InterruptedException: sleep interrupted
2019-10-15 21:18:47,033 [grpc-default-executor-3] INFO  impl.RaftServerImpl (RaftServerImpl.java:setRole(184)) - 61c3ff9d-aa4b-4312-85d3-a53b64a62d48@group-3A863E456FC8: changes role from  FOLLOWER to FOLLOWER at term 1 for recognizeCandidate:a27cc913-8f64-4948-968f-b26bd365b697
2019-10-15 21:18:47,033 [grpc-default-executor-3] INFO  impl.RoleInfo (RoleInfo.java:shutdownFollowerState(121)) - 61c3ff9d-aa4b-4312-85d3-a53b64a62d48: shutdown FollowerState
2019-10-15 21:18:47,033 [grpc-default-executor-3] INFO  impl.RoleInfo (RoleInfo.java:updateAndGet(143)) - 61c3ff9d-aa4b-4312-85d3-a53b64a62d48: start FollowerState
2019-10-15 21:18:47,033 [Thread-8398] INFO  impl.FollowerState (FollowerState.java:run(117)) - 61c3ff9d-aa4b-4312-85d3-a53b64a62d48@group-3A863E456FC8-FollowerState was interrupted: java.lang.InterruptedException: sleep interrupted
2019-10-15 21:18:47,048 [a27cc913-8f64-4948-968f-b26bd365b697@group-65A8C6F10550-LeaderElection983] INFO  impl.LeaderElection (LeaderElection.java:askForVotes(178)) - a27cc913-8f64-4948-968f-b26bd365b697@group-65A8C6F10550-LeaderElection983: begin an election at term 1 for -1: [a27cc913-8f64-4948-968f-b26bd365b697:192.168.69.102:42925], old=null
2019-10-15 21:18:47,048 [c2130dde-588e-42a9-bf71-2215e165583f@group-BE7980CB5568-LeaderElection982] INFO  impl.LeaderElection (LeaderElection.java:askForVotes(178)) - c2130dde-588e-42a9-bf71-2215e165583f@group-BE7980CB5568-LeaderElection982: begin an election at term 1 for -1: [c2130dde-588e-42a9-bf71-2215e165583f:192.168.69.102:45437], old=null
2019-10-15 21:18:47,049 [a27cc913-8f64-4948-968f-b26bd365b697@group-65A8C6F10550-LeaderElection983] INFO  impl.RoleInfo (RoleInfo.java:shutdownLeaderElection(134)) - a27cc913-8f64-4948-968f-b26bd365b697: shutdown LeaderElection
2019-10-15 21:18:47,049 [c2130dde-588e-42a9-bf71-2215e165583f@group-BE7980CB5568-LeaderElection982] INFO  impl.RoleInfo (RoleInfo.java:shutdownLeaderElection(134)) - c2130dde-588e-42a9-bf71-2215e165583f: shutdown LeaderElection
2019-10-15 21:18:47,049 [a27cc913-8f64-4948-968f-b26bd365b697@group-65A8C6F10550-LeaderElection983] INFO  impl.RaftServerImpl (RaftServerImpl.java:setRole(184)) - a27cc913-8f64-4948-968f-b26bd365b697@group-65A8C6F10550: changes role from CANDIDATE to LEADER at term 1 for changeToLeader
2019-10-15 21:18:47,049 [c2130dde-588e-42a9-bf71-2215e165583f@group-BE7980CB5568-LeaderElection982] INFO  impl.RaftServerImpl (RaftServerImpl.java:setRole(184)) - c2130dde-588e-42a9-bf71-2215e165583f@group-BE7980CB5568: changes role from CANDIDATE to LEADER at term 1 for changeToLeader
2019-10-15 21:18:47,049 [a27cc913-8f64-4948-968f-b26bd365b697@group-65A8C6F10550-LeaderElection983] INFO  impl.RaftServerImpl (ServerState.java:setLeader(256)) - a27cc913-8f64-4948-968f-b26bd365b697@group-65A8C6F10550: change Leader from null to a27cc913-8f64-4948-968f-b26bd365b697 at term 1 for becomeLeader, leader elected after 173ms
2019-10-15 21:18:47,049 [c2130dde-588e-42a9-bf71-2215e165583f@group-BE7980CB5568-LeaderElection982] INFO  impl.RaftServerImpl (ServerState.java:setLeader(256)) - c2130dde-588e-42a9-bf71-2215e165583f@group-BE7980CB5568: change Leader from null to c2130dde-588e-42a9-bf71-2215e165583f at term 1 for becomeLeader, leader elected after 218ms
2019-10-15 21:18:47,049 [pool-560-thread-1] INFO  storage.RaftStorageDirectory (RaftStorageDirectory.java:tryLock(328)) - Lock on /workdir/hadoop-ozone/integration-test/target/test-dir/MiniOzoneClusterImpl-31458ddc-69ad-405c-a8b1-f839bd3d9382/datanode-5/data/ratis/f15f32ca-4630-492e-96ea-848d76b22711/in_use.lock acquired by nodename 3939@pr-hdds-2254-trunk-ddzgt-1485873308
2019-10-15 21:18:47,049 [a27cc913-8f64-4948-968f-b26bd365b697@group-65A8C6F10550-LeaderElection983] INFO  server.RaftServerConfigKeys (ConfUtils.java:logGet(43)) - raft.server.staging.catchup.gap = 1000 (default)
2019-10-15 21:18:47,049 [pool-520-thread-1] INFO  storage.RaftStorageDirectory (RaftStorageDirectory.java:tryLock(328)) - Lock on /workdir/hadoop-ozone/integration-test/target/test-dir/MiniOzoneClusterImpl-31458ddc-69ad-405c-a8b1-f839bd3d9382/datanode-1/data/ratis/f15f32ca-4630-492e-96ea-848d76b22711/in_use.lock acquired by nodename 3939@pr-hdds-2254-trunk-ddzgt-1485873308
2019-10-15 21:18:47,049 [a27cc913-8f64-4948-968f-b26bd365b697@group-65A8C6F10550-LeaderElection983] INFO  server.RaftServerConfigKeys (ConfUtils.java:logGet(43)) - raft.server.rpc.sleep.time = 25ms (default)
2019-10-15 21:18:47,050 [a27cc913-8f64-4948-968f-b26bd365b697@group-65A8C6F10550-LeaderElection983] INFO  server.RaftServerConfigKeys (ConfUtils.java:logGet(43)) - raft.server.write.element-limit = 4096 (default)
2019-10-15 21:18:47,050 [a27cc913-8f64-4948-968f-b26bd365b697@group-65A8C6F10550-LeaderElection983] INFO  server.RaftServerConfigKeys (ConfUtils.java:logGet(43)) - raft.server.watch.timeout = 10s (default)
2019-10-15 21:18:47,050 [a27cc913-8f64-4948-968f-b26bd365b697@group-3A863E456FC8-LeaderElection981] INFO  impl.LeaderElection (LeaderElection.java:logAndReturn(56)) - a27cc913-8f64-4948-968f-b26bd365b697@group-3A863E456FC8-LeaderElection981: Election PASSED; received 1 response(s) [a27cc913-8f64-4948-968f-b26bd365b697<-c2130dde-588e-42a9-bf71-2215e165583f#0:OK-t1] and 0 exception(s); a27cc913-8f64-4948-968f-b26bd365b697@group-3A863E456FC8:t1, leader=null, voted=a27cc913-8f64-4948-968f-b26bd365b697, raftlog=a27cc913-8f64-4948-968f-b26bd365b697@group-3A863E456FC8-SegmentedRaftLog:OPENED:c-1,f-1,i0, conf=-1: [61c3ff9d-aa4b-4312-85d3-a53b64a62d48:192.168.69.102:42195, a27cc913-8f64-4948-968f-b26bd365b697:192.168.69.102:42925, c2130dde-588e-42a9-bf71-2215e165583f:192.168.69.102:45437], old=null
2019-10-15 21:18:47,050 [a27cc913-8f64-4948-968f-b26bd365b697@group-3A863E456FC8-LeaderElection981] INFO  impl.RoleInfo (RoleInfo.java:shutdownLeaderElection(134)) - a27cc913-8f64-4948-968f-b26bd365b697: shutdown LeaderElection
2019-10-15 21:18:47,050 [a27cc913-8f64-4948-968f-b26bd365b697@group-3A863E456FC8-LeaderElection981] INFO  impl.RaftServerImpl (RaftServerImpl.java:setRole(184)) - a27cc913-8f64-4948-968f-b26bd365b697@group-3A863E456FC8: changes role from CANDIDATE to LEADER at term 1 for changeToLeader
2019-10-15 21:18:47,050 [a27cc913-8f64-4948-968f-b26bd365b697@group-3A863E456FC8-LeaderElection981] INFO  impl.RaftServerImpl (ServerState.java:setLeader(256)) - a27cc913-8f64-4948-968f-b26bd365b697@group-3A863E456FC8: change Leader from null to a27cc913-8f64-4948-968f-b26bd365b697 at term 1 for becomeLeader, leader elected after 102ms
2019-10-15 21:18:47,050 [a27cc913-8f64-4948-968f-b26bd365b697@group-3A863E456FC8-LeaderElection981] INFO  server.RaftServerConfigKeys (ConfUtils.java:logGet(43)) - raft.server.staging.catchup.gap = 1000 (default)
2019-10-15 21:18:47,050 [a27cc913-8f64-4948-968f-b26bd365b697@group-3A863E456FC8-LeaderElection981] INFO  server.RaftServerConfigKeys (ConfUtils.java:logGet(43)) - raft.server.rpc.sleep.time = 25ms (default)
2019-10-15 21:18:47,050 [a27cc913-8f64-4948-968f-b26bd365b697@group-3A863E456FC8-LeaderElection981] INFO  server.RaftServerConfigKeys (ConfUtils.java:logGet(43)) - raft.server.write.element-limit = 4096 (default)
2019-10-15 21:18:47,051 [a27cc913-8f64-4948-968f-b26bd365b697@group-3A863E456FC8-LeaderElection981] INFO  server.RaftServerConfigKeys (ConfUtils.java:logGet(43)) - raft.server.watch.timeout = 10s (default)
2019-10-15 21:18:47,051 [a27cc913-8f64-4948-968f-b26bd365b697@group-3A863E456FC8-LeaderElection981] INFO  server.RaftServerConfigKeys (ConfUtils.java:logGet(43)) - raft.server.watch.timeout.denomination = 1s (default)
2019-10-15 21:18:47,051 [a27cc913-8f64-4948-968f-b26bd365b697@group-3A863E456FC8-LeaderElection981] INFO  server.RaftServerConfigKeys (ConfUtils.java:logGet(43)) - raft.server.watch.element-limit = 65536 (default)
2019-10-15 21:18:47,049 [pool-530-thread-1] INFO  storage.RaftStorageDirectory (RaftStorageDirectory.java:tryLock(328)) - Lock on /workdir/hadoop-ozone/integration-test/target/test-dir/MiniOzoneClusterImpl-31458ddc-69ad-405c-a8b1-f839bd3d9382/datanode-2/data/ratis/f15f32ca-4630-492e-96ea-848d76b22711/in_use.lock acquired by nodename 3939@pr-hdds-2254-trunk-ddzgt-1485873308
2019-10-15 21:18:47,053 [a27cc913-8f64-4948-968f-b26bd365b697@group-3A863E456FC8-LeaderElection981] INFO  server.RaftServerConfigKeys (ConfUtils.java:logGet(43)) - raft.server.log.appender.snapshot.chunk.size.max = 16MB (=16777216) (default)
2019-10-15 21:18:47,053 [a27cc913-8f64-4948-968f-b26bd365b697@group-3A863E456FC8-LeaderElection981] INFO  server.RaftServerConfigKeys (ConfUtils.java:logGet(43)) - raft.server.log.appender.buffer.byte-limit = 33554432 (custom)
2019-10-15 21:18:47,053 [a27cc913-8f64-4948-968f-b26bd365b697@group-3A863E456FC8-LeaderElection981] INFO  server.RaftServerConfigKeys (ConfUtils.java:logGet(43)) - raft.server.log.appender.buffer.element-limit = 1 (custom)
2019-10-15 21:18:47,049 [c2130dde-588e-42a9-bf71-2215e165583f@group-BE7980CB5568-LeaderElection982] INFO  server.RaftServerConfigKeys (ConfUtils.java:logGet(43)) - raft.server.staging.catchup.gap = 1000 (default)
2019-10-15 21:18:47,053 [a27cc913-8f64-4948-968f-b26bd365b697@group-3A863E456FC8-LeaderElection981] INFO  grpc.GrpcConfigKeys$Server (ConfUtils.java:logGet(43)) - raft.grpc.server.leader.outstanding.appends.max = 128 (default)
2019-10-15 21:18:47,050 [a27cc913-8f64-4948-968f-b26bd365b697@group-65A8C6F10550-LeaderElection983] INFO  server.RaftServerConfigKeys (ConfUtils.java:logGet(43)) - raft.server.watch.timeout.denomination = 1s (default)
2019-10-15 21:18:47,053 [a27cc913-8f64-4948-968f-b26bd365b697@group-3A863E456FC8-LeaderElection981] INFO  server.RaftServerConfigKeys (ConfUtils.java:logGet(43)) - raft.server.rpc.request.timeout = 3000ms (default)
2019-10-15 21:18:47,053 [c2130dde-588e-42a9-bf71-2215e165583f@group-BE7980CB5568-LeaderElection982] INFO  server.RaftServerConfigKeys (ConfUtils.java:logGet(43)) - raft.server.rpc.sleep.time = 25ms (default)
2019-10-15 21:18:47,054 [a27cc913-8f64-4948-968f-b26bd365b697@group-3A863E456FC8-LeaderElection981] INFO  server.RaftServerConfigKeys (ConfUtils.java:logGet(43)) - raft.server.log.appender.install.snapshot.enabled = false (custom)
2019-10-15 21:18:47,054 [a27cc913-8f64-4948-968f-b26bd365b697@group-65A8C6F10550-LeaderElection983] INFO  server.RaftServerConfigKeys (ConfUtils.java:logGet(43)) - raft.server.watch.element-limit = 65536 (default)
2019-10-15 21:18:47,054 [c2130dde-588e-42a9-bf71-2215e165583f@group-BE7980CB5568-LeaderElection982] INFO  server.RaftServerConfigKeys (ConfUtils.java:logGet(43)) - raft.server.write.element-limit = 4096 (default)
2019-10-15 21:18:47,054 [c2130dde-588e-42a9-bf71-2215e165583f@group-BE7980CB5568-LeaderElection982] INFO  server.RaftServerConfigKeys (ConfUtils.java:logGet(43)) - raft.server.watch.timeout = 10s (default)
2019-10-15 21:18:47,054 [c2130dde-588e-42a9-bf71-2215e165583f@group-BE7980CB5568-LeaderElection982] INFO  server.RaftServerConfigKeys (ConfUtils.java:logGet(43)) - raft.server.watch.timeout.denomination = 1s (default)
2019-10-15 21:18:47,054 [c2130dde-588e-42a9-bf71-2215e165583f@group-BE7980CB5568-LeaderElection982] INFO  server.RaftServerConfigKeys (ConfUtils.java:logGet(43)) - raft.server.watch.element-limit = 65536 (default)
2019-10-15 21:18:47,057 [a27cc913-8f64-4948-968f-b26bd365b697@group-3A863E456FC8-LeaderElection981] INFO  server.RaftServerConfigKeys (ConfUtils.java:logGet(43)) - raft.server.log.appender.snapshot.chunk.size.max = 16MB (=16777216) (default)
2019-10-15 21:18:47,057 [a27cc913-8f64-4948-968f-b26bd365b697@group-3A863E456FC8-LeaderElection981] INFO  server.RaftServerConfigKeys (ConfUtils.java:logGet(43)) - raft.server.log.appender.buffer.byte-limit = 33554432 (custom)
2019-10-15 21:18:47,057 [a27cc913-8f64-4948-968f-b26bd365b697@group-3A863E456FC8-LeaderElection981] INFO  server.RaftServerConfigKeys (ConfUtils.java:logGet(43)) - raft.server.log.appender.buffer.element-limit = 1 (custom)
2019-10-15 21:18:47,057 [a27cc913-8f64-4948-968f-b26bd365b697@group-3A863E456FC8-LeaderElection981] INFO  grpc.GrpcConfigKeys$Server (ConfUtils.java:logGet(43)) - raft.grpc.server.leader.outstanding.appends.max = 128 (default)
2019-10-15 21:18:47,057 [a27cc913-8f64-4948-968f-b26bd365b697@group-3A863E456FC8-LeaderElection981] INFO  server.RaftServerConfigKeys (ConfUtils.java:logGet(43)) - raft.server.rpc.request.timeout = 3000ms (default)
2019-10-15 21:18:47,057 [c2130dde-588e-42a9-bf71-2215e165583f@group-BE7980CB5568-LeaderElection982] INFO  impl.RoleInfo (RoleInfo.java:updateAndGet(143)) - c2130dde-588e-42a9-bf71-2215e165583f: start LeaderState
2019-10-15 21:18:47,057 [a27cc913-8f64-4948-968f-b26bd365b697@group-65A8C6F10550-LeaderElection983] INFO  impl.RoleInfo (RoleInfo.java:updateAndGet(143)) - a27cc913-8f64-4948-968f-b26bd365b697: start LeaderState
2019-10-15 21:18:47,057 [a27cc913-8f64-4948-968f-b26bd365b697@group-3A863E456FC8-LeaderElection981] INFO  server.RaftServerConfigKeys (ConfUtils.java:logGet(43)) - raft.server.log.appender.install.snapshot.enabled = false (custom)
2019-10-15 21:18:47,057 [c2130dde-588e-42a9-bf71-2215e165583f@group-BE7980CB5568-LeaderElection982] INFO  segmented.SegmentedRaftLogWorker (SegmentedRaftLogWorker.java:startLogSegment(385)) - c2130dde-588e-42a9-bf71-2215e165583f@group-BE7980CB5568-SegmentedRaftLogWorker: Starting segment from index:0
2019-10-15 21:18:47,057 [a27cc913-8f64-4948-968f-b26bd365b697@group-65A8C6F10550-LeaderElection983] INFO  segmented.SegmentedRaftLogWorker (SegmentedRaftLogWorker.java:startLogSegment(385)) - a27cc913-8f64-4948-968f-b26bd365b697@group-65A8C6F10550-SegmentedRaftLogWorker: Starting segment from index:0
2019-10-15 21:18:47,058 [c2130dde-588e-42a9-bf71-2215e165583f@group-BE7980CB5568-LeaderElection982] INFO  impl.RaftServerImpl (ServerState.java:setRaftConf(357)) - c2130dde-588e-42a9-bf71-2215e165583f@group-BE7980CB5568: set configuration 0: [c2130dde-588e-42a9-bf71-2215e165583f:192.168.69.102:45437], old=null at 0
2019-10-15 21:18:47,058 [a27cc913-8f64-4948-968f-b26bd365b697@group-65A8C6F10550-LeaderElection983] INFO  impl.RaftServerImpl (ServerState.java:setRaftConf(357)) - a27cc913-8f64-4948-968f-b26bd365b697@group-65A8C6F10550: set configuration 0: [a27cc913-8f64-4948-968f-b26bd365b697:192.168.69.102:42925], old=null at 0
2019-10-15 21:18:47,058 [a27cc913-8f64-4948-968f-b26bd365b697@group-3A863E456FC8-LeaderElection981] INFO  impl.RoleInfo (RoleInfo.java:updateAndGet(143)) - a27cc913-8f64-4948-968f-b26bd365b697: start LeaderState
2019-10-15 21:18:47,059 [a27cc913-8f64-4948-968f-b26bd365b697@group-3A863E456FC8-LeaderElection981] INFO  segmented.SegmentedRaftLogWorker (SegmentedRaftLogWorker.java:startLogSegment(385)) - a27cc913-8f64-4948-968f-b26bd365b697@group-3A863E456FC8-SegmentedRaftLogWorker: Starting segment from index:0
2019-10-15 21:18:47,059 [a27cc913-8f64-4948-968f-b26bd365b697@group-3A863E456FC8-LeaderElection981] INFO  impl.RaftServerImpl (ServerState.java:setRaftConf(357)) - a27cc913-8f64-4948-968f-b26bd365b697@group-3A863E456FC8: set configuration 0: [61c3ff9d-aa4b-4312-85d3-a53b64a62d48:192.168.69.102:42195, a27cc913-8f64-4948-968f-b26bd365b697:192.168.69.102:42925, c2130dde-588e-42a9-bf71-2215e165583f:192.168.69.102:45437], old=null at 0
2019-10-15 21:18:47,084 [grpc-default-executor-3] INFO  impl.RaftServerImpl (ServerState.java:setLeader(256)) - c2130dde-588e-42a9-bf71-2215e165583f@group-3A863E456FC8: change Leader from null to a27cc913-8f64-4948-968f-b26bd365b697 at term 1 for appendEntries, leader elected after 136ms
2019-10-15 21:18:47,084 [grpc-default-executor-2] INFO  impl.RaftServerImpl (ServerState.java:setLeader(256)) - 61c3ff9d-aa4b-4312-85d3-a53b64a62d48@group-3A863E456FC8: change Leader from null to a27cc913-8f64-4948-968f-b26bd365b697 at term 1 for appendEntries, leader elected after 136ms
2019-10-15 21:18:47,085 [pool-520-thread-1] INFO  storage.RaftStorage (RaftStorage.java:format(84)) - Storage directory /workdir/hadoop-ozone/integration-test/target/test-dir/MiniOzoneClusterImpl-31458ddc-69ad-405c-a8b1-f839bd3d9382/datanode-1/data/ratis/f15f32ca-4630-492e-96ea-848d76b22711 has been successfully formatted.
2019-10-15 21:18:47,085 [pool-530-thread-1] INFO  storage.RaftStorage (RaftStorage.java:format(84)) - Storage directory /workdir/hadoop-ozone/integration-test/target/test-dir/MiniOzoneClusterImpl-31458ddc-69ad-405c-a8b1-f839bd3d9382/datanode-2/data/ratis/f15f32ca-4630-492e-96ea-848d76b22711 has been successfully formatted.
2019-10-15 21:18:47,085 [pool-560-thread-1] INFO  storage.RaftStorage (RaftStorage.java:format(84)) - Storage directory /workdir/hadoop-ozone/integration-test/target/test-dir/MiniOzoneClusterImpl-31458ddc-69ad-405c-a8b1-f839bd3d9382/datanode-5/data/ratis/f15f32ca-4630-492e-96ea-848d76b22711 has been successfully formatted.
2019-10-15 21:18:47,085 [pool-520-thread-1] INFO  ratis.ContainerStateMachine (ContainerStateMachine.java:loadSnapshot(231)) - group-848D76B22711: The snapshot info is null. Setting the last applied indexto:(t:0, i:~)
2019-10-15 21:18:47,085 [pool-560-thread-1] INFO  ratis.ContainerStateMachine (ContainerStateMachine.java:loadSnapshot(231)) - group-848D76B22711: The snapshot info is null. Setting the last applied indexto:(t:0, i:~)
2019-10-15 21:18:47,085 [pool-530-thread-1] INFO  ratis.ContainerStateMachine (ContainerStateMachine.java:loadSnapshot(231)) - group-848D76B22711: The snapshot info is null. Setting the last applied indexto:(t:0, i:~)
2019-10-15 21:18:47,085 [pool-560-thread-1] INFO  server.RaftServerConfigKeys (ConfUtils.java:logGet(43)) - raft.server.notification.no-leader.timeout = 120s (custom)
2019-10-15 21:18:47,085 [pool-520-thread-1] INFO  server.RaftServerConfigKeys (ConfUtils.java:logGet(43)) - raft.server.notification.no-leader.timeout = 120s (custom)
2019-10-15 21:18:47,085 [pool-560-thread-1] INFO  server.RaftServerConfigKeys (ConfUtils.java:logGet(43)) - raft.server.log.use.memory = false (default)
2019-10-15 21:18:47,085 [pool-530-thread-1] INFO  server.RaftServerConfigKeys (ConfUtils.java:logGet(43)) - raft.server.notification.no-leader.timeout = 120s (custom)
2019-10-15 21:18:47,086 [pool-560-thread-1] INFO  server.RaftServerConfigKeys (ConfUtils.java:logGet(43)) - raft.server.log.purge.gap = 1000000 (custom)
2019-10-15 21:18:47,085 [pool-520-thread-1] INFO  server.RaftServerConfigKeys (ConfUtils.java:logGet(43)) - raft.server.log.use.memory = false (default)
2019-10-15 21:18:47,086 [pool-560-thread-1] INFO  server.RaftServerConfigKeys (ConfUtils.java:logGet(43)) - raft.server.log.appender.buffer.byte-limit = 33554432 (custom)
2019-10-15 21:18:47,086 [pool-530-thread-1] INFO  server.RaftServerConfigKeys (ConfUtils.java:logGet(43)) - raft.server.log.use.memory = false (default)
2019-10-15 21:18:47,086 [pool-560-thread-1] INFO  server.RaftServerConfigKeys (ConfUtils.java:logGet(43)) - raft.server.log.segment.size.max = 1048576 (custom)
2019-10-15 21:18:47,086 [pool-520-thread-1] INFO  server.RaftServerConfigKeys (ConfUtils.java:logGet(43)) - raft.server.log.purge.gap = 1000000 (custom)
2019-10-15 21:18:47,086 [pool-530-thread-1] INFO  server.RaftServerConfigKeys (ConfUtils.java:logGet(43)) - raft.server.log.purge.gap = 1000000 (custom)
2019-10-15 21:18:47,086 [grpc-default-executor-3] INFO  impl.RaftServerImpl (ServerState.java:setRaftConf(357)) - c2130dde-588e-42a9-bf71-2215e165583f@group-3A863E456FC8: set configuration 0: [61c3ff9d-aa4b-4312-85d3-a53b64a62d48:192.168.69.102:42195, a27cc913-8f64-4948-968f-b26bd365b697:192.168.69.102:42925, c2130dde-588e-42a9-bf71-2215e165583f:192.168.69.102:45437], old=null at 0
2019-10-15 21:18:47,086 [pool-520-thread-1] INFO  server.RaftServerConfigKeys (ConfUtils.java:logGet(43)) - raft.server.log.appender.buffer.byte-limit = 33554432 (custom)
2019-10-15 21:18:47,086 [grpc-default-executor-2] INFO  impl.RaftServerImpl (ServerState.java:setRaftConf(357)) - 61c3ff9d-aa4b-4312-85d3-a53b64a62d48@group-3A863E456FC8: set configuration 0: [61c3ff9d-aa4b-4312-85d3-a53b64a62d48:192.168.69.102:42195, a27cc913-8f64-4948-968f-b26bd365b697:192.168.69.102:42925, c2130dde-588e-42a9-bf71-2215e165583f:192.168.69.102:45437], old=null at 0
2019-10-15 21:18:47,086 [pool-520-thread-1] INFO  server.RaftServerConfigKeys (ConfUtils.java:logGet(43)) - raft.server.log.segment.size.max = 1048576 (custom)
2019-10-15 21:18:47,086 [grpc-default-executor-3] INFO  segmented.SegmentedRaftLogWorker (SegmentedRaftLogWorker.java:startLogSegment(385)) - c2130dde-588e-42a9-bf71-2215e165583f@group-3A863E456FC8-SegmentedRaftLogWorker: Starting segment from index:0
2019-10-15 21:18:47,086 [pool-530-thread-1] INFO  server.RaftServerConfigKeys (ConfUtils.java:logGet(43)) - raft.server.log.appender.buffer.byte-limit = 33554432 (custom)
2019-10-15 21:18:47,087 [pool-520-thread-1] INFO  server.RaftServerConfigKeys (ConfUtils.java:logGet(43)) - raft.server.log.segment.cache.num.max = 2 (custom)
2019-10-15 21:18:47,086 [grpc-default-executor-2] INFO  segmented.SegmentedRaftLogWorker (SegmentedRaftLogWorker.java:startLogSegment(385)) - 61c3ff9d-aa4b-4312-85d3-a53b64a62d48@group-3A863E456FC8-SegmentedRaftLogWorker: Starting segment from index:0
2019-10-15 21:18:47,087 [pool-520-thread-1] INFO  segmented.SegmentedRaftLogWorker (SegmentedRaftLogWorker.java:<init>(173)) - new 93d557fa-335e-4e3d-b2bb-e33832802906@group-848D76B22711-SegmentedRaftLogWorker for RaftStorage:Storage Directory /workdir/hadoop-ozone/integration-test/target/test-dir/MiniOzoneClusterImpl-31458ddc-69ad-405c-a8b1-f839bd3d9382/datanode-1/data/ratis/f15f32ca-4630-492e-96ea-848d76b22711
2019-10-15 21:18:47,087 [pool-530-thread-1] INFO  server.RaftServerConfigKeys (ConfUtils.java:logGet(43)) - raft.server.log.segment.size.max = 1048576 (custom)
2019-10-15 21:18:47,087 [pool-520-thread-1] INFO  server.RaftServerConfigKeys (ConfUtils.java:logGet(43)) - raft.server.log.queue.byte-limit = 2147483647 (custom)
2019-10-15 21:18:47,087 [pool-530-thread-1] INFO  server.RaftServerConfigKeys (ConfUtils.java:logGet(43)) - raft.server.log.segment.cache.num.max = 2 (custom)
2019-10-15 21:18:47,087 [pool-520-thread-1] INFO  server.RaftServerConfigKeys (ConfUtils.java:logGet(43)) - raft.server.log.queue.element-limit = 1024 (custom)
2019-10-15 21:18:47,087 [pool-530-thread-1] INFO  segmented.SegmentedRaftLogWorker (SegmentedRaftLogWorker.java:<init>(173)) - new 090573f1-c213-462e-b422-6463ca97c373@group-848D76B22711-SegmentedRaftLogWorker for RaftStorage:Storage Directory /workdir/hadoop-ozone/integration-test/target/test-dir/MiniOzoneClusterImpl-31458ddc-69ad-405c-a8b1-f839bd3d9382/datanode-2/data/ratis/f15f32ca-4630-492e-96ea-848d76b22711
2019-10-15 21:18:47,087 [pool-560-thread-1] INFO  server.RaftServerConfigKeys (ConfUtils.java:logGet(43)) - raft.server.log.segment.cache.num.max = 2 (custom)
2019-10-15 21:18:47,087 [pool-530-thread-1] INFO  server.RaftServerConfigKeys (ConfUtils.java:logGet(43)) - raft.server.log.queue.byte-limit = 2147483647 (custom)
2019-10-15 21:18:47,087 [pool-520-thread-1] INFO  server.RaftServerConfigKeys (ConfUtils.java:logGet(43)) - raft.server.log.segment.size.max = 1048576 (custom)
2019-10-15 21:18:47,088 [pool-530-thread-1] INFO  server.RaftServerConfigKeys (ConfUtils.java:logGet(43)) - raft.server.log.queue.element-limit = 1024 (custom)
2019-10-15 21:18:47,088 [pool-560-thread-1] INFO  segmented.SegmentedRaftLogWorker (SegmentedRaftLogWorker.java:<init>(173)) - new db364705-f60f-4be7-83db-fd25b014fd0b@group-848D76B22711-SegmentedRaftLogWorker for RaftStorage:Storage Directory /workdir/hadoop-ozone/integration-test/target/test-dir/MiniOzoneClusterImpl-31458ddc-69ad-405c-a8b1-f839bd3d9382/datanode-5/data/ratis/f15f32ca-4630-492e-96ea-848d76b22711
2019-10-15 21:18:47,088 [pool-530-thread-1] INFO  server.RaftServerConfigKeys (ConfUtils.java:logGet(43)) - raft.server.log.segment.size.max = 1048576 (custom)
2019-10-15 21:18:47,088 [pool-520-thread-1] INFO  server.RaftServerConfigKeys (ConfUtils.java:logGet(43)) - raft.server.log.preallocated.size = 16384 (custom)
2019-10-15 21:18:47,088 [pool-530-thread-1] INFO  server.RaftServerConfigKeys (ConfUtils.java:logGet(43)) - raft.server.log.preallocated.size = 16384 (custom)
2019-10-15 21:18:47,088 [pool-560-thread-1] INFO  server.RaftServerConfigKeys (ConfUtils.java:logGet(43)) - raft.server.log.queue.byte-limit = 2147483647 (custom)
2019-10-15 21:18:47,088 [pool-530-thread-1] INFO  server.RaftServerConfigKeys (ConfUtils.java:logGet(43)) - raft.server.log.write.buffer.size = 33554432 (custom)
2019-10-15 21:18:47,088 [pool-520-thread-1] INFO  server.RaftServerConfigKeys (ConfUtils.java:logGet(43)) - raft.server.log.write.buffer.size = 33554432 (custom)
2019-10-15 21:18:47,088 [pool-530-thread-1] INFO  server.RaftServerConfigKeys (ConfUtils.java:logGet(43)) - raft.server.log.force.sync.num = 128 (default)
2019-10-15 21:18:47,088 [pool-560-thread-1] INFO  server.RaftServerConfigKeys (ConfUtils.java:logGet(43)) - raft.server.log.queue.element-limit = 1024 (custom)
2019-10-15 21:18:47,088 [pool-530-thread-1] INFO  server.RaftServerConfigKeys (ConfUtils.java:logGet(43)) - raft.server.log.statemachine.data.sync = true (default)
2019-10-15 21:18:47,088 [pool-520-thread-1] INFO  server.RaftServerConfigKeys (ConfUtils.java:logGet(43)) - raft.server.log.force.sync.num = 128 (default)
2019-10-15 21:18:47,089 [pool-530-thread-1] INFO  server.RaftServerConfigKeys (ConfUtils.java:logGet(43)) - raft.server.log.statemachine.data.sync.timeout = 10s (default)
2019-10-15 21:18:47,089 [pool-560-thread-1] INFO  server.RaftServerConfigKeys (ConfUtils.java:logGet(43)) - raft.server.log.segment.size.max = 1048576 (custom)
2019-10-15 21:18:47,089 [pool-530-thread-1] INFO  server.RaftServerConfigKeys (ConfUtils.java:logGet(43)) - raft.server.log.statemachine.data.sync.timeout.retry = -1 (default)
2019-10-15 21:18:47,089 [pool-520-thread-1] INFO  server.RaftServerConfigKeys (ConfUtils.java:logGet(43)) - raft.server.log.statemachine.data.sync = true (default)
2019-10-15 21:18:47,089 [pool-530-thread-1] INFO  server.RaftServerConfigKeys (ConfUtils.java:logGet(43)) - raft.server.log.statemachine.data.caching.enabled = true (custom)
2019-10-15 21:18:47,089 [pool-560-thread-1] INFO  server.RaftServerConfigKeys (ConfUtils.java:logGet(43)) - raft.server.log.preallocated.size = 16384 (custom)
2019-10-15 21:18:47,089 [pool-520-thread-1] INFO  server.RaftServerConfigKeys (ConfUtils.java:logGet(43)) - raft.server.log.statemachine.data.sync.timeout = 10s (default)
2019-10-15 21:18:47,089 [pool-530-thread-1] INFO  segmented.SegmentedRaftLogWorker (SegmentedRaftLogWorker.java:lambda$new$0(128)) - 090573f1-c213-462e-b422-6463ca97c373@group-848D76B22711-SegmentedRaftLogWorker: flushIndex: setUnconditionally 0 -> -1
2019-10-15 21:18:47,089 [pool-560-thread-1] INFO  server.RaftServerConfigKeys (ConfUtils.java:logGet(43)) - raft.server.log.write.buffer.size = 33554432 (custom)
2019-10-15 21:18:47,089 [pool-530-thread-1] INFO  server.RaftServerConfigKeys (ConfUtils.java:logGet(43)) - raft.server.snapshot.auto.trigger.enabled = true (custom)
2019-10-15 21:18:47,089 [pool-520-thread-1] INFO  server.RaftServerConfigKeys (ConfUtils.java:logGet(43)) - raft.server.log.statemachine.data.sync.timeout.retry = -1 (default)
2019-10-15 21:18:47,090 [pool-530-thread-1] INFO  server.RaftServerConfigKeys (ConfUtils.java:logGet(43)) - raft.server.snapshot.auto.trigger.threshold = 10000 (custom)
2019-10-15 21:18:47,089 [pool-560-thread-1] INFO  server.RaftServerConfigKeys (ConfUtils.java:logGet(43)) - raft.server.log.force.sync.num = 128 (default)
2019-10-15 21:18:47,090 [pool-530-thread-1] INFO  server.RaftServerConfigKeys (ConfUtils.java:logGet(43)) - raft.server.snapshot.retention.file.num = 5 (custom)
2019-10-15 21:18:47,090 [pool-520-thread-1] INFO  server.RaftServerConfigKeys (ConfUtils.java:logGet(43)) - raft.server.log.statemachine.data.caching.enabled = true (custom)
2019-10-15 21:18:47,090 [pool-530-thread-1] INFO  server.RaftServerConfigKeys (ConfUtils.java:logGet(43)) - raft.server.retrycache.expirytime = 600000ms (custom)
2019-10-15 21:18:47,090 [pool-560-thread-1] INFO  server.RaftServerConfigKeys (ConfUtils.java:logGet(43)) - raft.server.log.statemachine.data.sync = true (default)
2019-10-15 21:18:47,090 [pool-520-thread-1] INFO  segmented.SegmentedRaftLogWorker (SegmentedRaftLogWorker.java:lambda$new$0(128)) - 93d557fa-335e-4e3d-b2bb-e33832802906@group-848D76B22711-SegmentedRaftLogWorker: flushIndex: setUnconditionally 0 -> -1
2019-10-15 21:18:47,090 [pool-560-thread-1] INFO  server.RaftServerConfigKeys (ConfUtils.java:logGet(43)) - raft.server.log.statemachine.data.sync.timeout = 10s (default)
2019-10-15 21:18:47,090 [pool-560-thread-1] INFO  server.RaftServerConfigKeys (ConfUtils.java:logGet(43)) - raft.server.log.statemachine.data.sync.timeout.retry = -1 (default)
2019-10-15 21:18:47,090 [pool-520-thread-1] INFO  server.RaftServerConfigKeys (ConfUtils.java:logGet(43)) - raft.server.snapshot.auto.trigger.enabled = true (custom)
2019-10-15 21:18:47,090 [pool-520-thread-1] INFO  server.RaftServerConfigKeys (ConfUtils.java:logGet(43)) - raft.server.snapshot.auto.trigger.threshold = 10000 (custom)
2019-10-15 21:18:47,090 [pool-520-thread-1] INFO  server.RaftServerConfigKeys (ConfUtils.java:logGet(43)) - raft.server.snapshot.retention.file.num = 5 (custom)
2019-10-15 21:18:47,091 [pool-520-thread-1] INFO  server.RaftServerConfigKeys (ConfUtils.java:logGet(43)) - raft.server.retrycache.expirytime = 600000ms (custom)
2019-10-15 21:18:47,091 [pool-560-thread-1] INFO  server.RaftServerConfigKeys (ConfUtils.java:logGet(43)) - raft.server.log.statemachine.data.caching.enabled = true (custom)
2019-10-15 21:18:47,091 [pool-560-thread-1] INFO  segmented.SegmentedRaftLogWorker (SegmentedRaftLogWorker.java:lambda$new$0(128)) - db364705-f60f-4be7-83db-fd25b014fd0b@group-848D76B22711-SegmentedRaftLogWorker: flushIndex: setUnconditionally 0 -> -1
2019-10-15 21:18:47,093 [pool-560-thread-1] INFO  server.RaftServerConfigKeys (ConfUtils.java:logGet(43)) - raft.server.snapshot.auto.trigger.enabled = true (custom)
2019-10-15 21:18:47,094 [pool-560-thread-1] INFO  server.RaftServerConfigKeys (ConfUtils.java:logGet(43)) - raft.server.snapshot.auto.trigger.threshold = 10000 (custom)
2019-10-15 21:18:47,094 [pool-560-thread-1] INFO  server.RaftServerConfigKeys (ConfUtils.java:logGet(43)) - raft.server.snapshot.retention.file.num = 5 (custom)
2019-10-15 21:18:47,094 [pool-560-thread-1] INFO  server.RaftServerConfigKeys (ConfUtils.java:logGet(43)) - raft.server.retrycache.expirytime = 600000ms (custom)
2019-10-15 21:18:47,094 [pool-530-thread-1] INFO  impl.RaftServerImpl (RaftServerImpl.java:start(195)) - 090573f1-c213-462e-b422-6463ca97c373@group-848D76B22711: start as a follower, conf=-1: [93d557fa-335e-4e3d-b2bb-e33832802906:192.168.69.102:43737, 090573f1-c213-462e-b422-6463ca97c373:192.168.69.102:43336, db364705-f60f-4be7-83db-fd25b014fd0b:192.168.69.102:41270], old=null
2019-10-15 21:18:47,094 [pool-530-thread-1] INFO  impl.RaftServerImpl (RaftServerImpl.java:setRole(184)) - 090573f1-c213-462e-b422-6463ca97c373@group-848D76B22711: changes role from      null to FOLLOWER at term 0 for startAsFollower
2019-10-15 21:18:47,094 [pool-530-thread-1] INFO  impl.RoleInfo (RoleInfo.java:updateAndGet(143)) - 090573f1-c213-462e-b422-6463ca97c373: start FollowerState
2019-10-15 21:18:47,095 [pool-530-thread-1] INFO  util.JmxRegister (JmxRegister.java:tryRegister(44)) - Successfully registered JMX Bean with object name Ratis:service=RaftServer,group=group-848D76B22711,id=090573f1-c213-462e-b422-6463ca97c373
2019-10-15 21:18:47,095 [pool-520-thread-1] INFO  impl.RaftServerImpl (RaftServerImpl.java:start(195)) - 93d557fa-335e-4e3d-b2bb-e33832802906@group-848D76B22711: start as a follower, conf=-1: [93d557fa-335e-4e3d-b2bb-e33832802906:192.168.69.102:43737, 090573f1-c213-462e-b422-6463ca97c373:192.168.69.102:43336, db364705-f60f-4be7-83db-fd25b014fd0b:192.168.69.102:41270], old=null
2019-10-15 21:18:47,095 [pool-520-thread-1] INFO  impl.RaftServerImpl (RaftServerImpl.java:setRole(184)) - 93d557fa-335e-4e3d-b2bb-e33832802906@group-848D76B22711: changes role from      null to FOLLOWER at term 0 for startAsFollower
2019-10-15 21:18:47,095 [pool-520-thread-1] INFO  impl.RoleInfo (RoleInfo.java:updateAndGet(143)) - 93d557fa-335e-4e3d-b2bb-e33832802906: start FollowerState
2019-10-15 21:18:47,095 [pool-520-thread-1] INFO  util.JmxRegister (JmxRegister.java:tryRegister(44)) - Successfully registered JMX Bean with object name Ratis:service=RaftServer,group=group-848D76B22711,id=93d557fa-335e-4e3d-b2bb-e33832802906
2019-10-15 21:18:47,099 [pool-560-thread-1] INFO  impl.RaftServerImpl (RaftServerImpl.java:start(195)) - db364705-f60f-4be7-83db-fd25b014fd0b@group-848D76B22711: start as a follower, conf=-1: [93d557fa-335e-4e3d-b2bb-e33832802906:192.168.69.102:43737, 090573f1-c213-462e-b422-6463ca97c373:192.168.69.102:43336, db364705-f60f-4be7-83db-fd25b014fd0b:192.168.69.102:41270], old=null
2019-10-15 21:18:47,099 [pool-560-thread-1] INFO  impl.RaftServerImpl (RaftServerImpl.java:setRole(184)) - db364705-f60f-4be7-83db-fd25b014fd0b@group-848D76B22711: changes role from      null to FOLLOWER at term 0 for startAsFollower
2019-10-15 21:18:47,099 [pool-560-thread-1] INFO  impl.RoleInfo (RoleInfo.java:updateAndGet(143)) - db364705-f60f-4be7-83db-fd25b014fd0b: start FollowerState
2019-10-15 21:18:47,100 [pool-560-thread-1] INFO  util.JmxRegister (JmxRegister.java:tryRegister(44)) - Successfully registered JMX Bean with object name Ratis:service=RaftServer,group=group-848D76B22711,id=db364705-f60f-4be7-83db-fd25b014fd0b
2019-10-15 21:18:47,103 [RatisPipelineUtilsThread] INFO  pipeline.PipelineStateManager (PipelineStateManager.java:addPipeline(56)) - Created pipeline Pipeline[ Id: f15f32ca-4630-492e-96ea-848d76b22711, Nodes: 93d557fa-335e-4e3d-b2bb-e33832802906{ip: 192.168.69.102, host: pr-hdds-2254-trunk-ddzgt-1485873308, networkLocation: /rack1, certSerialId: null}db364705-f60f-4be7-83db-fd25b014fd0b{ip: 192.168.69.102, host: pr-hdds-2254-trunk-ddzgt-1485873308, networkLocation: /rack1, certSerialId: null}090573f1-c213-462e-b422-6463ca97c373{ip: 192.168.69.102, host: pr-hdds-2254-trunk-ddzgt-1485873308, networkLocation: /rack1, certSerialId: null}, Type:RATIS, Factor:THREE, State:OPEN]
2019-10-15 21:18:47,114 [a27cc913-8f64-4948-968f-b26bd365b697@group-3A863E456FC8-SegmentedRaftLogWorker] INFO  segmented.SegmentedRaftLogWorker (SegmentedRaftLogWorker.java:execute(576)) - a27cc913-8f64-4948-968f-b26bd365b697@group-3A863E456FC8-SegmentedRaftLogWorker: created new log segment /workdir/hadoop-ozone/integration-test/target/test-dir/MiniOzoneClusterImpl-31458ddc-69ad-405c-a8b1-f839bd3d9382/datanode-4/data/ratis/86000e96-8907-4f64-bc23-3a863e456fc8/current/log_inprogress_0
2019-10-15 21:18:47,114 [a27cc913-8f64-4948-968f-b26bd365b697@group-65A8C6F10550-SegmentedRaftLogWorker] INFO  segmented.SegmentedRaftLogWorker (SegmentedRaftLogWorker.java:execute(576)) - a27cc913-8f64-4948-968f-b26bd365b697@group-65A8C6F10550-SegmentedRaftLogWorker: created new log segment /workdir/hadoop-ozone/integration-test/target/test-dir/MiniOzoneClusterImpl-31458ddc-69ad-405c-a8b1-f839bd3d9382/datanode-4/data/ratis/bd8e1f84-2397-47da-b026-65a8c6f10550/current/log_inprogress_0
2019-10-15 21:18:47,114 [c2130dde-588e-42a9-bf71-2215e165583f@group-BE7980CB5568-SegmentedRaftLogWorker] INFO  segmented.SegmentedRaftLogWorker (SegmentedRaftLogWorker.java:execute(576)) - c2130dde-588e-42a9-bf71-2215e165583f@group-BE7980CB5568-SegmentedRaftLogWorker: created new log segment /workdir/hadoop-ozone/integration-test/target/test-dir/MiniOzoneClusterImpl-31458ddc-69ad-405c-a8b1-f839bd3d9382/datanode-3/data/ratis/ace585d9-e4ab-4043-8816-be7980cb5568/current/log_inprogress_0
2019-10-15 21:18:47,124 [Thread-8425] INFO  impl.FollowerState (FollowerState.java:run(108)) - 93d557fa-335e-4e3d-b2bb-e33832802906@group-848D76B22711-FollowerState: change to CANDIDATE, lastRpcTime:29ms, electionTimeout:29ms
2019-10-15 21:18:47,124 [Thread-8425] INFO  impl.RoleInfo (RoleInfo.java:shutdownFollowerState(121)) - 93d557fa-335e-4e3d-b2bb-e33832802906: shutdown FollowerState
2019-10-15 21:18:47,124 [Thread-8425] INFO  impl.RaftServerImpl (RaftServerImpl.java:setRole(184)) - 93d557fa-335e-4e3d-b2bb-e33832802906@group-848D76B22711: changes role from  FOLLOWER to CANDIDATE at term 0 for changeToCandidate
2019-10-15 21:18:47,125 [Thread-8425] INFO  impl.RoleInfo (RoleInfo.java:updateAndGet(143)) - 93d557fa-335e-4e3d-b2bb-e33832802906: start LeaderElection
2019-10-15 21:18:47,129 [61c3ff9d-aa4b-4312-85d3-a53b64a62d48@group-3A863E456FC8-SegmentedRaftLogWorker] INFO  segmented.SegmentedRaftLogWorker (SegmentedRaftLogWorker.java:execute(576)) - 61c3ff9d-aa4b-4312-85d3-a53b64a62d48@group-3A863E456FC8-SegmentedRaftLogWorker: created new log segment /workdir/hadoop-ozone/integration-test/target/test-dir/MiniOzoneClusterImpl-31458ddc-69ad-405c-a8b1-f839bd3d9382/datanode-0/data/ratis/86000e96-8907-4f64-bc23-3a863e456fc8/current/log_inprogress_0
2019-10-15 21:18:47,129 [c2130dde-588e-42a9-bf71-2215e165583f@group-3A863E456FC8-SegmentedRaftLogWorker] INFO  segmented.SegmentedRaftLogWorker (SegmentedRaftLogWorker.java:execute(576)) - c2130dde-588e-42a9-bf71-2215e165583f@group-3A863E456FC8-SegmentedRaftLogWorker: created new log segment /workdir/hadoop-ozone/integration-test/target/test-dir/MiniOzoneClusterImpl-31458ddc-69ad-405c-a8b1-f839bd3d9382/datanode-3/data/ratis/86000e96-8907-4f64-bc23-3a863e456fc8/current/log_inprogress_0
2019-10-15 21:18:47,142 [93d557fa-335e-4e3d-b2bb-e33832802906@group-848D76B22711-LeaderElection984] INFO  impl.LeaderElection (LeaderElection.java:askForVotes(178)) - 93d557fa-335e-4e3d-b2bb-e33832802906@group-848D76B22711-LeaderElection984: begin an election at term 1 for -1: [93d557fa-335e-4e3d-b2bb-e33832802906:192.168.69.102:43737, 090573f1-c213-462e-b422-6463ca97c373:192.168.69.102:43336, db364705-f60f-4be7-83db-fd25b014fd0b:192.168.69.102:41270], old=null
2019-10-15 21:18:47,148 [grpc-default-executor-3] INFO  impl.RaftServerImpl (RaftServerImpl.java:setRole(184)) - db364705-f60f-4be7-83db-fd25b014fd0b@group-848D76B22711: changes role from  FOLLOWER to FOLLOWER at term 1 for recognizeCandidate:93d557fa-335e-4e3d-b2bb-e33832802906
2019-10-15 21:18:47,149 [grpc-default-executor-3] INFO  impl.RoleInfo (RoleInfo.java:shutdownFollowerState(121)) - db364705-f60f-4be7-83db-fd25b014fd0b: shutdown FollowerState
2019-10-15 21:18:47,149 [grpc-default-executor-3] INFO  impl.RoleInfo (RoleInfo.java:updateAndGet(143)) - db364705-f60f-4be7-83db-fd25b014fd0b: start FollowerState
2019-10-15 21:18:47,150 [Thread-8428] INFO  impl.FollowerState (FollowerState.java:run(117)) - db364705-f60f-4be7-83db-fd25b014fd0b@group-848D76B22711-FollowerState was interrupted: java.lang.InterruptedException: sleep interrupted
2019-10-15 21:18:47,150 [grpc-default-executor-2] INFO  impl.RaftServerImpl (RaftServerImpl.java:setRole(184)) - 090573f1-c213-462e-b422-6463ca97c373@group-848D76B22711: changes role from  FOLLOWER to FOLLOWER at term 1 for recognizeCandidate:93d557fa-335e-4e3d-b2bb-e33832802906
2019-10-15 21:18:47,151 [grpc-default-executor-2] INFO  impl.RoleInfo (RoleInfo.java:shutdownFollowerState(121)) - 090573f1-c213-462e-b422-6463ca97c373: shutdown FollowerState
2019-10-15 21:18:47,151 [grpc-default-executor-2] INFO  impl.RoleInfo (RoleInfo.java:updateAndGet(143)) - 090573f1-c213-462e-b422-6463ca97c373: start FollowerState
2019-10-15 21:18:47,151 [Thread-8424] INFO  impl.FollowerState (FollowerState.java:run(117)) - 090573f1-c213-462e-b422-6463ca97c373@group-848D76B22711-FollowerState was interrupted: java.lang.InterruptedException: sleep interrupted
2019-10-15 21:18:47,155 [93d557fa-335e-4e3d-b2bb-e33832802906@group-848D76B22711-LeaderElection984] INFO  impl.LeaderElection (LeaderElection.java:logAndReturn(56)) - 93d557fa-335e-4e3d-b2bb-e33832802906@group-848D76B22711-LeaderElection984: Election PASSED; received 1 response(s) [93d557fa-335e-4e3d-b2bb-e33832802906<-db364705-f60f-4be7-83db-fd25b014fd0b#0:OK-t1] and 0 exception(s); 93d557fa-335e-4e3d-b2bb-e33832802906@group-848D76B22711:t1, leader=null, voted=93d557fa-335e-4e3d-b2bb-e33832802906, raftlog=93d557fa-335e-4e3d-b2bb-e33832802906@group-848D76B22711-SegmentedRaftLog:OPENED:c-1,f-1,i0, conf=-1: [93d557fa-335e-4e3d-b2bb-e33832802906:192.168.69.102:43737, 090573f1-c213-462e-b422-6463ca97c373:192.168.69.102:43336, db364705-f60f-4be7-83db-fd25b014fd0b:192.168.69.102:41270], old=null
2019-10-15 21:18:47,157 [Thread-8436] INFO  impl.FollowerState (FollowerState.java:run(108)) - 090573f1-c213-462e-b422-6463ca97c373@group-848D76B22711-FollowerState: change to CANDIDATE, lastRpcTime:6ms, electionTimeout:4ms
2019-10-15 21:18:47,157 [93d557fa-335e-4e3d-b2bb-e33832802906@group-848D76B22711-LeaderElection984] INFO  impl.RoleInfo (RoleInfo.java:shutdownLeaderElection(134)) - 93d557fa-335e-4e3d-b2bb-e33832802906: shutdown LeaderElection
2019-10-15 21:18:47,157 [Thread-8436] INFO  impl.RoleInfo (RoleInfo.java:shutdownFollowerState(121)) - 090573f1-c213-462e-b422-6463ca97c373: shutdown FollowerState
2019-10-15 21:18:47,157 [93d557fa-335e-4e3d-b2bb-e33832802906@group-848D76B22711-LeaderElection984] INFO  impl.RaftServerImpl (RaftServerImpl.java:setRole(184)) - 93d557fa-335e-4e3d-b2bb-e33832802906@group-848D76B22711: changes role from CANDIDATE to LEADER at term 1 for changeToLeader
2019-10-15 21:18:47,157 [Thread-8436] INFO  impl.RaftServerImpl (RaftServerImpl.java:setRole(184)) - 090573f1-c213-462e-b422-6463ca97c373@group-848D76B22711: changes role from  FOLLOWER to CANDIDATE at term 1 for changeToCandidate
2019-10-15 21:18:47,157 [93d557fa-335e-4e3d-b2bb-e33832802906@group-848D76B22711-LeaderElection984] INFO  impl.RaftServerImpl (ServerState.java:setLeader(256)) - 93d557fa-335e-4e3d-b2bb-e33832802906@group-848D76B22711: change Leader from null to 93d557fa-335e-4e3d-b2bb-e33832802906 at term 1 for becomeLeader, leader elected after 72ms
2019-10-15 21:18:47,157 [Thread-8436] INFO  impl.RoleInfo (RoleInfo.java:updateAndGet(143)) - 090573f1-c213-462e-b422-6463ca97c373: start LeaderElection
2019-10-15 21:18:47,157 [93d557fa-335e-4e3d-b2bb-e33832802906@group-848D76B22711-LeaderElection984] INFO  server.RaftServerConfigKeys (ConfUtils.java:logGet(43)) - raft.server.staging.catchup.gap = 1000 (default)
2019-10-15 21:18:47,158 [93d557fa-335e-4e3d-b2bb-e33832802906@group-848D76B22711-LeaderElection984] INFO  server.RaftServerConfigKeys (ConfUtils.java:logGet(43)) - raft.server.rpc.sleep.time = 25ms (default)
2019-10-15 21:18:47,158 [93d557fa-335e-4e3d-b2bb-e33832802906@group-848D76B22711-LeaderElection984] INFO  server.RaftServerConfigKeys (ConfUtils.java:logGet(43)) - raft.server.write.element-limit = 4096 (default)
2019-10-15 21:18:47,158 [93d557fa-335e-4e3d-b2bb-e33832802906@group-848D76B22711-LeaderElection984] INFO  server.RaftServerConfigKeys (ConfUtils.java:logGet(43)) - raft.server.watch.timeout = 10s (default)
2019-10-15 21:18:47,158 [93d557fa-335e-4e3d-b2bb-e33832802906@group-848D76B22711-LeaderElection984] INFO  server.RaftServerConfigKeys (ConfUtils.java:logGet(43)) - raft.server.watch.timeout.denomination = 1s (default)
2019-10-15 21:18:47,158 [93d557fa-335e-4e3d-b2bb-e33832802906@group-848D76B22711-LeaderElection984] INFO  server.RaftServerConfigKeys (ConfUtils.java:logGet(43)) - raft.server.watch.element-limit = 65536 (default)
2019-10-15 21:18:47,159 [93d557fa-335e-4e3d-b2bb-e33832802906@group-848D76B22711-LeaderElection984] INFO  server.RaftServerConfigKeys (ConfUtils.java:logGet(43)) - raft.server.log.appender.snapshot.chunk.size.max = 16MB (=16777216) (default)
2019-10-15 21:18:47,159 [93d557fa-335e-4e3d-b2bb-e33832802906@group-848D76B22711-LeaderElection984] INFO  server.RaftServerConfigKeys (ConfUtils.java:logGet(43)) - raft.server.log.appender.buffer.byte-limit = 33554432 (custom)
2019-10-15 21:18:47,159 [93d557fa-335e-4e3d-b2bb-e33832802906@group-848D76B22711-LeaderElection984] INFO  server.RaftServerConfigKeys (ConfUtils.java:logGet(43)) - raft.server.log.appender.buffer.element-limit = 1 (custom)
2019-10-15 21:18:47,159 [93d557fa-335e-4e3d-b2bb-e33832802906@group-848D76B22711-LeaderElection984] INFO  grpc.GrpcConfigKeys$Server (ConfUtils.java:logGet(43)) - raft.grpc.server.leader.outstanding.appends.max = 128 (default)
2019-10-15 21:18:47,161 [93d557fa-335e-4e3d-b2bb-e33832802906@group-848D76B22711-LeaderElection984] INFO  server.RaftServerConfigKeys (ConfUtils.java:logGet(43)) - raft.server.rpc.request.timeout = 3000ms (default)
2019-10-15 21:18:47,161 [93d557fa-335e-4e3d-b2bb-e33832802906@group-848D76B22711-LeaderElection984] INFO  server.RaftServerConfigKeys (ConfUtils.java:logGet(43)) - raft.server.log.appender.install.snapshot.enabled = false (custom)
2019-10-15 21:18:47,162 [93d557fa-335e-4e3d-b2bb-e33832802906@group-848D76B22711-LeaderElection984] INFO  server.RaftServerConfigKeys (ConfUtils.java:logGet(43)) - raft.server.log.appender.snapshot.chunk.size.max = 16MB (=16777216) (default)
2019-10-15 21:18:47,162 [93d557fa-335e-4e3d-b2bb-e33832802906@group-848D76B22711-LeaderElection984] INFO  server.RaftServerConfigKeys (ConfUtils.java:logGet(43)) - raft.server.log.appender.buffer.byte-limit = 33554432 (custom)
2019-10-15 21:18:47,162 [93d557fa-335e-4e3d-b2bb-e33832802906@group-848D76B22711-LeaderElection984] INFO  server.RaftServerConfigKeys (ConfUtils.java:logGet(43)) - raft.server.log.appender.buffer.element-limit = 1 (custom)
2019-10-15 21:18:47,162 [93d557fa-335e-4e3d-b2bb-e33832802906@group-848D76B22711-LeaderElection984] INFO  grpc.GrpcConfigKeys$Server (ConfUtils.java:logGet(43)) - raft.grpc.server.leader.outstanding.appends.max = 128 (default)
2019-10-15 21:18:47,162 [93d557fa-335e-4e3d-b2bb-e33832802906@group-848D76B22711-LeaderElection984] INFO  server.RaftServerConfigKeys (ConfUtils.java:logGet(43)) - raft.server.rpc.request.timeout = 3000ms (default)
2019-10-15 21:18:47,162 [93d557fa-335e-4e3d-b2bb-e33832802906@group-848D76B22711-LeaderElection984] INFO  server.RaftServerConfigKeys (ConfUtils.java:logGet(43)) - raft.server.log.appender.install.snapshot.enabled = false (custom)
2019-10-15 21:18:47,163 [93d557fa-335e-4e3d-b2bb-e33832802906@group-848D76B22711-LeaderElection984] INFO  impl.RoleInfo (RoleInfo.java:updateAndGet(143)) - 93d557fa-335e-4e3d-b2bb-e33832802906: start LeaderState
2019-10-15 21:18:47,163 [93d557fa-335e-4e3d-b2bb-e33832802906@group-848D76B22711-LeaderElection984] INFO  segmented.SegmentedRaftLogWorker (SegmentedRaftLogWorker.java:startLogSegment(385)) - 93d557fa-335e-4e3d-b2bb-e33832802906@group-848D76B22711-SegmentedRaftLogWorker: Starting segment from index:0
2019-10-15 21:18:47,164 [93d557fa-335e-4e3d-b2bb-e33832802906@group-848D76B22711-LeaderElection984] INFO  impl.RaftServerImpl (ServerState.java:setRaftConf(357)) - 93d557fa-335e-4e3d-b2bb-e33832802906@group-848D76B22711: set configuration 0: [93d557fa-335e-4e3d-b2bb-e33832802906:192.168.69.102:43737, 090573f1-c213-462e-b422-6463ca97c373:192.168.69.102:43336, db364705-f60f-4be7-83db-fd25b014fd0b:192.168.69.102:41270], old=null at 0
2019-10-15 21:18:47,199 [grpc-default-executor-2] INFO  impl.RaftServerImpl (ServerState.java:setLeader(256)) - db364705-f60f-4be7-83db-fd25b014fd0b@group-848D76B22711: change Leader from null to 93d557fa-335e-4e3d-b2bb-e33832802906 at term 1 for appendEntries, leader elected after 114ms
2019-10-15 21:18:47,201 [grpc-default-executor-2] INFO  impl.RaftServerImpl (ServerState.java:setRaftConf(357)) - db364705-f60f-4be7-83db-fd25b014fd0b@group-848D76B22711: set configuration 0: [93d557fa-335e-4e3d-b2bb-e33832802906:192.168.69.102:43737, 090573f1-c213-462e-b422-6463ca97c373:192.168.69.102:43336, db364705-f60f-4be7-83db-fd25b014fd0b:192.168.69.102:41270], old=null at 0
2019-10-15 21:18:47,201 [grpc-default-executor-2] INFO  segmented.SegmentedRaftLogWorker (SegmentedRaftLogWorker.java:startLogSegment(385)) - db364705-f60f-4be7-83db-fd25b014fd0b@group-848D76B22711-SegmentedRaftLogWorker: Starting segment from index:0
2019-10-15 21:18:47,203 [93d557fa-335e-4e3d-b2bb-e33832802906@group-848D76B22711-SegmentedRaftLogWorker] INFO  segmented.SegmentedRaftLogWorker (SegmentedRaftLogWorker.java:execute(576)) - 93d557fa-335e-4e3d-b2bb-e33832802906@group-848D76B22711-SegmentedRaftLogWorker: created new log segment /workdir/hadoop-ozone/integration-test/target/test-dir/MiniOzoneClusterImpl-31458ddc-69ad-405c-a8b1-f839bd3d9382/datanode-1/data/ratis/f15f32ca-4630-492e-96ea-848d76b22711/current/log_inprogress_0
2019-10-15 21:18:47,203 [090573f1-c213-462e-b422-6463ca97c373@group-848D76B22711-LeaderElection985] INFO  impl.LeaderElection (LeaderElection.java:askForVotes(178)) - 090573f1-c213-462e-b422-6463ca97c373@group-848D76B22711-LeaderElection985: begin an election at term 2 for -1: [93d557fa-335e-4e3d-b2bb-e33832802906:192.168.69.102:43737, 090573f1-c213-462e-b422-6463ca97c373:192.168.69.102:43336, db364705-f60f-4be7-83db-fd25b014fd0b:192.168.69.102:41270], old=null
2019-10-15 21:18:47,204 [Thread-8438] INFO  impl.RaftServerImpl (ServerState.java:setLeader(256)) - 93d557fa-335e-4e3d-b2bb-e33832802906@group-848D76B22711: change Leader from 93d557fa-335e-4e3d-b2bb-e33832802906 to null at term 2 for updateCurrentTerm
2019-10-15 21:18:47,204 [Thread-8438] INFO  impl.RaftServerImpl (RaftServerImpl.java:setRole(184)) - 93d557fa-335e-4e3d-b2bb-e33832802906@group-848D76B22711: changes role from    LEADER to FOLLOWER at term 2 for stepDown
2019-10-15 21:18:47,204 [Thread-8438] INFO  impl.RoleInfo (RoleInfo.java:shutdownLeaderState(104)) - 93d557fa-335e-4e3d-b2bb-e33832802906: shutdown LeaderState
2019-10-15 21:18:47,228 [org.apache.ratis.server.impl.LogAppender$AppenderDaemon$$Lambda$433/1296272531@773bd3bf] WARN  server.GrpcLogAppender (GrpcLogAppender.java:mayWait(149)) - 93d557fa-335e-4e3d-b2bb-e33832802906@group-848D76B22711->db364705-f60f-4be7-83db-fd25b014fd0b-GrpcLogAppender: Wait interrupted by java.lang.InterruptedException
2019-10-15 21:18:47,228 [Thread-8438] INFO  impl.PendingRequests (PendingRequests.java:sendNotLeaderResponses(202)) - 93d557fa-335e-4e3d-b2bb-e33832802906@group-848D76B22711-PendingRequests: sendNotLeaderResponses
2019-10-15 21:18:47,228 [Thread-8438] INFO  impl.RoleInfo (RoleInfo.java:updateAndGet(143)) - 93d557fa-335e-4e3d-b2bb-e33832802906: start FollowerState
2019-10-15 21:18:47,228 [grpc-default-executor-10] INFO  server.GrpcServerProtocolService (GrpcServerProtocolService.java:onCompleted(113)) - db364705-f60f-4be7-83db-fd25b014fd0b: Completed APPEND_ENTRIES, lastRequest: 93d557fa-335e-4e3d-b2bb-e33832802906->db364705-f60f-4be7-83db-fd25b014fd0b#1-t1, previous=(t:0, i:0), leaderCommit=-1, initializing? false, entries: size=1, first=(t:1, i:0), CONFIGURATIONENTRY
2019-10-15 21:18:47,228 [org.apache.ratis.server.impl.LogAppender$AppenderDaemon$$Lambda$433/1296272531@4637d544] WARN  server.GrpcLogAppender (GrpcLogAppender.java:mayWait(149)) - 93d557fa-335e-4e3d-b2bb-e33832802906@group-848D76B22711->090573f1-c213-462e-b422-6463ca97c373-GrpcLogAppender: Wait interrupted by java.lang.InterruptedException
2019-10-15 21:18:47,229 [grpc-default-executor-10] INFO  server.GrpcLogAppender (GrpcLogAppender.java:onCompleted(308)) - 93d557fa-335e-4e3d-b2bb-e33832802906@group-848D76B22711->db364705-f60f-4be7-83db-fd25b014fd0b-AppendLogResponseHandler: follower responses appendEntries COMPLETED
2019-10-15 21:18:47,229 [grpc-default-executor-3] INFO  server.GrpcServerProtocolService (GrpcServerProtocolService.java:onCompleted(113)) - 090573f1-c213-462e-b422-6463ca97c373: Completed APPEND_ENTRIES, lastRequest: 93d557fa-335e-4e3d-b2bb-e33832802906->090573f1-c213-462e-b422-6463ca97c373#0-t1, previous=(t:0, i:0), leaderCommit=-1, initializing? false, entries: <empty>
2019-10-15 21:18:47,231 [grpc-default-executor-10] INFO  impl.FollowerInfo (FollowerInfo.java:lambda$new$0(51)) - 93d557fa-335e-4e3d-b2bb-e33832802906@group-848D76B22711->db364705-f60f-4be7-83db-fd25b014fd0b: nextIndex: updateUnconditionally 1 -> 0
2019-10-15 21:18:47,231 [grpc-default-executor-3] INFO  server.GrpcLogAppender (GrpcLogAppender.java:onCompleted(308)) - 93d557fa-335e-4e3d-b2bb-e33832802906@group-848D76B22711->090573f1-c213-462e-b422-6463ca97c373-AppendLogResponseHandler: follower responses appendEntries COMPLETED
2019-10-15 21:18:47,233 [db364705-f60f-4be7-83db-fd25b014fd0b@group-848D76B22711-SegmentedRaftLogWorker] INFO  segmented.SegmentedRaftLogWorker (SegmentedRaftLogWorker.java:execute(576)) - db364705-f60f-4be7-83db-fd25b014fd0b@group-848D76B22711-SegmentedRaftLogWorker: created new log segment /workdir/hadoop-ozone/integration-test/target/test-dir/MiniOzoneClusterImpl-31458ddc-69ad-405c-a8b1-f839bd3d9382/datanode-5/data/ratis/f15f32ca-4630-492e-96ea-848d76b22711/current/log_inprogress_0
2019-10-15 21:18:47,235 [grpc-default-executor-3] INFO  impl.FollowerInfo (FollowerInfo.java:lambda$new$0(51)) - 93d557fa-335e-4e3d-b2bb-e33832802906@group-848D76B22711->090573f1-c213-462e-b422-6463ca97c373: nextIndex: updateUnconditionally 0 -> 0
2019-10-15 21:18:47,235 [grpc-default-executor-10] INFO  impl.RaftServerImpl (RaftServerImpl.java:setRole(184)) - 93d557fa-335e-4e3d-b2bb-e33832802906@group-848D76B22711: changes role from  FOLLOWER to FOLLOWER at term 2 for recognizeCandidate:090573f1-c213-462e-b422-6463ca97c373
2019-10-15 21:18:47,235 [grpc-default-executor-10] INFO  impl.RoleInfo (RoleInfo.java:shutdownFollowerState(121)) - 93d557fa-335e-4e3d-b2bb-e33832802906: shutdown FollowerState
2019-10-15 21:18:47,235 [grpc-default-executor-3] INFO  impl.RaftServerImpl (ServerState.java:setLeader(256)) - db364705-f60f-4be7-83db-fd25b014fd0b@group-848D76B22711: change Leader from 93d557fa-335e-4e3d-b2bb-e33832802906 to null at term 2 for updateCurrentTerm
2019-10-15 21:18:47,235 [grpc-default-executor-3] INFO  impl.RaftServerImpl (RaftServerImpl.java:setRole(184)) - db364705-f60f-4be7-83db-fd25b014fd0b@group-848D76B22711: changes role from  FOLLOWER to FOLLOWER at term 2 for recognizeCandidate:090573f1-c213-462e-b422-6463ca97c373
2019-10-15 21:18:47,235 [Thread-8446] INFO  impl.FollowerState (FollowerState.java:run(117)) - 93d557fa-335e-4e3d-b2bb-e33832802906@group-848D76B22711-FollowerState was interrupted: java.lang.InterruptedException: sleep interrupted
2019-10-15 21:18:47,235 [grpc-default-executor-10] INFO  impl.RoleInfo (RoleInfo.java:updateAndGet(143)) - 93d557fa-335e-4e3d-b2bb-e33832802906: start FollowerState
2019-10-15 21:18:47,235 [grpc-default-executor-3] INFO  impl.RoleInfo (RoleInfo.java:shutdownFollowerState(121)) - db364705-f60f-4be7-83db-fd25b014fd0b: shutdown FollowerState
2019-10-15 21:18:47,235 [grpc-default-executor-3] INFO  impl.RoleInfo (RoleInfo.java:updateAndGet(143)) - db364705-f60f-4be7-83db-fd25b014fd0b: start FollowerState
2019-10-15 21:18:47,236 [Thread-8435] INFO  impl.FollowerState (FollowerState.java:run(117)) - db364705-f60f-4be7-83db-fd25b014fd0b@group-848D76B22711-FollowerState was interrupted: java.lang.InterruptedException: sleep interrupted
2019-10-15 21:18:47,241 [090573f1-c213-462e-b422-6463ca97c373@group-848D76B22711-LeaderElection985] INFO  impl.LeaderElection (LeaderElection.java:logAndReturn(56)) - 090573f1-c213-462e-b422-6463ca97c373@group-848D76B22711-LeaderElection985: Election REJECTED; received 2 response(s) [090573f1-c213-462e-b422-6463ca97c373<-93d557fa-335e-4e3d-b2bb-e33832802906#0:FAIL-t2, 090573f1-c213-462e-b422-6463ca97c373<-db364705-f60f-4be7-83db-fd25b014fd0b#0:FAIL-t2] and 0 exception(s); 090573f1-c213-462e-b422-6463ca97c373@group-848D76B22711:t2, leader=null, voted=090573f1-c213-462e-b422-6463ca97c373, raftlog=090573f1-c213-462e-b422-6463ca97c373@group-848D76B22711-SegmentedRaftLog:OPENED:c-1,f-1,i0, conf=-1: [93d557fa-335e-4e3d-b2bb-e33832802906:192.168.69.102:43737, 090573f1-c213-462e-b422-6463ca97c373:192.168.69.102:43336, db364705-f60f-4be7-83db-fd25b014fd0b:192.168.69.102:41270], old=null
2019-10-15 21:18:47,241 [090573f1-c213-462e-b422-6463ca97c373@group-848D76B22711-LeaderElection985] INFO  impl.RaftServerImpl (RaftServerImpl.java:setRole(184)) - 090573f1-c213-462e-b422-6463ca97c373@group-848D76B22711: changes role from CANDIDATE to FOLLOWER at term 2 for DISCOVERED_A_NEW_TERM
2019-10-15 21:18:47,241 [090573f1-c213-462e-b422-6463ca97c373@group-848D76B22711-LeaderElection985] INFO  impl.RoleInfo (RoleInfo.java:shutdownLeaderElection(134)) - 090573f1-c213-462e-b422-6463ca97c373: shutdown LeaderElection
2019-10-15 21:18:47,241 [090573f1-c213-462e-b422-6463ca97c373@group-848D76B22711-LeaderElection985] INFO  impl.RoleInfo (RoleInfo.java:updateAndGet(143)) - 090573f1-c213-462e-b422-6463ca97c373: start FollowerState
2019-10-15 21:18:47,274 [IPC Server handler 10 on 43782] INFO  net.NetworkTopology (NetworkTopologyImpl.java:add(111)) - Added a new node: /rack1/e66d25fa-4711-4065-821e-74242ad152cb
2019-10-15 21:18:47,274 [IPC Server handler 10 on 43782] INFO  node.SCMNodeManager (SCMNodeManager.java:register(268)) - Registered Data node : e66d25fa-4711-4065-821e-74242ad152cb{ip: 192.168.69.102, host: pr-hdds-2254-trunk-ddzgt-1485873308, networkLocation: /rack1, certSerialId: null}
2019-10-15 21:18:47,282 [grpc-default-executor-3] INFO  impl.RaftServerProxy (RaftServerProxy.java:addNew(89)) - e66d25fa-4711-4065-821e-74242ad152cb: addNew group-3ABCB13D7792:[e66d25fa-4711-4065-821e-74242ad152cb:192.168.69.102:39961] returns group-3ABCB13D7792:java.util.concurrent.CompletableFuture@7259a53d[Not completed]
2019-10-15 21:18:47,283 [pool-570-thread-1] INFO  impl.RaftServerImpl (RaftServerImpl.java:<init>(104)) - e66d25fa-4711-4065-821e-74242ad152cb: new RaftServerImpl for group-3ABCB13D7792:[e66d25fa-4711-4065-821e-74242ad152cb:192.168.69.102:39961] with ContainerStateMachine:uninitialized
2019-10-15 21:18:47,283 [pool-570-thread-1] INFO  server.RaftServerConfigKeys (ConfUtils.java:logGet(43)) - raft.server.rpc.timeout.min = 1s (custom)
2019-10-15 21:18:47,283 [pool-570-thread-1] INFO  server.RaftServerConfigKeys (ConfUtils.java:logGet(43)) - raft.server.rpc.timeout.max = 1200ms (custom)
2019-10-15 21:18:47,283 [pool-570-thread-1] INFO  server.RaftServerConfigKeys (ConfUtils.java:logGet(43)) - raft.server.rpcslowness.timeout = 120s (custom)
2019-10-15 21:18:47,283 [pool-570-thread-1] INFO  server.RaftServerConfigKeys (ConfUtils.java:logGet(43)) - raft.server.sleep.deviation.threshold = 300 (default)
2019-10-15 21:18:47,283 [pool-570-thread-1] INFO  server.RaftServerConfigKeys (ConfUtils.java:logGet(43)) - raft.server.log.appender.install.snapshot.enabled = false (custom)
2019-10-15 21:18:47,283 [pool-570-thread-1] INFO  impl.RaftServerImpl (ServerState.java:<init>(103)) - e66d25fa-4711-4065-821e-74242ad152cb@group-3ABCB13D7792: ConfigurationManager, init=-1: [e66d25fa-4711-4065-821e-74242ad152cb:192.168.69.102:39961], old=null, confs=<EMPTY_MAP>
2019-10-15 21:18:47,283 [pool-570-thread-1] INFO  server.RaftServerConfigKeys (ConfUtils.java:logGet(43)) - raft.server.storage.dir = [/workdir/hadoop-ozone/integration-test/target/test-dir/MiniOzoneClusterImpl-31458ddc-69ad-405c-a8b1-f839bd3d9382/datanode-6/data/ratis] (custom)
2019-10-15 21:18:47,283 [pool-570-thread-1] INFO  server.RaftServerConfigKeys (ConfUtils.java:logGet(43)) - raft.server.log.corruption.policy = EXCEPTION (default)
2019-10-15 21:18:47,284 [pool-570-thread-1] INFO  storage.RaftStorageDirectory (RaftStorageDirectory.java:analyzeStorage(246)) - The storage directory /workdir/hadoop-ozone/integration-test/target/test-dir/MiniOzoneClusterImpl-31458ddc-69ad-405c-a8b1-f839bd3d9382/datanode-6/data/ratis/a44041bb-785a-41e8-9043-3abcb13d7792 does not exist. Creating ...
2019-10-15 21:18:47,288 [pool-570-thread-1] INFO  storage.RaftStorageDirectory (RaftStorageDirectory.java:tryLock(328)) - Lock on /workdir/hadoop-ozone/integration-test/target/test-dir/MiniOzoneClusterImpl-31458ddc-69ad-405c-a8b1-f839bd3d9382/datanode-6/data/ratis/a44041bb-785a-41e8-9043-3abcb13d7792/in_use.lock acquired by nodename 3939@pr-hdds-2254-trunk-ddzgt-1485873308
2019-10-15 21:18:47,303 [pool-570-thread-1] INFO  storage.RaftStorage (RaftStorage.java:format(84)) - Storage directory /workdir/hadoop-ozone/integration-test/target/test-dir/MiniOzoneClusterImpl-31458ddc-69ad-405c-a8b1-f839bd3d9382/datanode-6/data/ratis/a44041bb-785a-41e8-9043-3abcb13d7792 has been successfully formatted.
2019-10-15 21:18:47,303 [pool-570-thread-1] INFO  ratis.ContainerStateMachine (ContainerStateMachine.java:loadSnapshot(231)) - group-3ABCB13D7792: The snapshot info is null. Setting the last applied indexto:(t:0, i:~)
2019-10-15 21:18:47,303 [pool-570-thread-1] INFO  server.RaftServerConfigKeys (ConfUtils.java:logGet(43)) - raft.server.notification.no-leader.timeout = 120s (custom)
2019-10-15 21:18:47,303 [pool-570-thread-1] INFO  server.RaftServerConfigKeys (ConfUtils.java:logGet(43)) - raft.server.log.use.memory = false (default)
2019-10-15 21:18:47,303 [pool-570-thread-1] INFO  server.RaftServerConfigKeys (ConfUtils.java:logGet(43)) - raft.server.log.purge.gap = 1000000 (custom)
2019-10-15 21:18:47,303 [pool-570-thread-1] INFO  server.RaftServerConfigKeys (ConfUtils.java:logGet(43)) - raft.server.log.appender.buffer.byte-limit = 33554432 (custom)
2019-10-15 21:18:47,303 [pool-570-thread-1] INFO  server.RaftServerConfigKeys (ConfUtils.java:logGet(43)) - raft.server.log.segment.size.max = 1048576 (custom)
2019-10-15 21:18:47,305 [pool-570-thread-1] INFO  server.RaftServerConfigKeys (ConfUtils.java:logGet(43)) - raft.server.log.segment.cache.num.max = 2 (custom)
2019-10-15 21:18:47,305 [pool-570-thread-1] INFO  segmented.SegmentedRaftLogWorker (SegmentedRaftLogWorker.java:<init>(173)) - new e66d25fa-4711-4065-821e-74242ad152cb@group-3ABCB13D7792-SegmentedRaftLogWorker for RaftStorage:Storage Directory /workdir/hadoop-ozone/integration-test/target/test-dir/MiniOzoneClusterImpl-31458ddc-69ad-405c-a8b1-f839bd3d9382/datanode-6/data/ratis/a44041bb-785a-41e8-9043-3abcb13d7792
2019-10-15 21:18:47,305 [pool-570-thread-1] INFO  server.RaftServerConfigKeys (ConfUtils.java:logGet(43)) - raft.server.log.queue.byte-limit = 2147483647 (custom)
2019-10-15 21:18:47,305 [pool-570-thread-1] INFO  server.RaftServerConfigKeys (ConfUtils.java:logGet(43)) - raft.server.log.queue.element-limit = 1024 (custom)
2019-10-15 21:18:47,305 [pool-570-thread-1] INFO  server.RaftServerConfigKeys (ConfUtils.java:logGet(43)) - raft.server.log.segment.size.max = 1048576 (custom)
2019-10-15 21:18:47,305 [pool-570-thread-1] INFO  server.RaftServerConfigKeys (ConfUtils.java:logGet(43)) - raft.server.log.preallocated.size = 16384 (custom)
2019-10-15 21:18:47,305 [pool-570-thread-1] INFO  server.RaftServerConfigKeys (ConfUtils.java:logGet(43)) - raft.server.log.write.buffer.size = 33554432 (custom)
2019-10-15 21:18:47,305 [pool-570-thread-1] INFO  server.RaftServerConfigKeys (ConfUtils.java:logGet(43)) - raft.server.log.force.sync.num = 128 (default)
2019-10-15 21:18:47,305 [pool-570-thread-1] INFO  server.RaftServerConfigKeys (ConfUtils.java:logGet(43)) - raft.server.log.statemachine.data.sync = true (default)
2019-10-15 21:18:47,305 [pool-570-thread-1] INFO  server.RaftServerConfigKeys (ConfUtils.java:logGet(43)) - raft.server.log.statemachine.data.sync.timeout = 10s (default)
2019-10-15 21:18:47,306 [pool-570-thread-1] INFO  server.RaftServerConfigKeys (ConfUtils.java:logGet(43)) - raft.server.log.statemachine.data.sync.timeout.retry = -1 (default)
2019-10-15 21:18:47,306 [pool-570-thread-1] INFO  server.RaftServerConfigKeys (ConfUtils.java:logGet(43)) - raft.server.log.statemachine.data.caching.enabled = true (custom)
2019-10-15 21:18:47,306 [pool-570-thread-1] INFO  segmented.SegmentedRaftLogWorker (SegmentedRaftLogWorker.java:lambda$new$0(128)) - e66d25fa-4711-4065-821e-74242ad152cb@group-3ABCB13D7792-SegmentedRaftLogWorker: flushIndex: setUnconditionally 0 -> -1
2019-10-15 21:18:47,306 [pool-570-thread-1] INFO  server.RaftServerConfigKeys (ConfUtils.java:logGet(43)) - raft.server.snapshot.auto.trigger.enabled = true (custom)
2019-10-15 21:18:47,306 [pool-570-thread-1] INFO  server.RaftServerConfigKeys (ConfUtils.java:logGet(43)) - raft.server.snapshot.auto.trigger.threshold = 10000 (custom)
2019-10-15 21:18:47,307 [pool-570-thread-1] INFO  server.RaftServerConfigKeys (ConfUtils.java:logGet(43)) - raft.server.snapshot.retention.file.num = 5 (custom)
2019-10-15 21:18:47,307 [pool-570-thread-1] INFO  server.RaftServerConfigKeys (ConfUtils.java:logGet(43)) - raft.server.retrycache.expirytime = 600000ms (custom)
2019-10-15 21:18:47,309 [pool-570-thread-1] INFO  impl.RaftServerImpl (RaftServerImpl.java:start(195)) - e66d25fa-4711-4065-821e-74242ad152cb@group-3ABCB13D7792: start as a follower, conf=-1: [e66d25fa-4711-4065-821e-74242ad152cb:192.168.69.102:39961], old=null
2019-10-15 21:18:47,309 [pool-570-thread-1] INFO  impl.RaftServerImpl (RaftServerImpl.java:setRole(184)) - e66d25fa-4711-4065-821e-74242ad152cb@group-3ABCB13D7792: changes role from      null to FOLLOWER at term 0 for startAsFollower
2019-10-15 21:18:47,309 [pool-570-thread-1] INFO  impl.RoleInfo (RoleInfo.java:updateAndGet(143)) - e66d25fa-4711-4065-821e-74242ad152cb: start FollowerState
2019-10-15 21:18:47,310 [pool-570-thread-1] INFO  util.JmxRegister (JmxRegister.java:tryRegister(44)) - Successfully registered JMX Bean with object name Ratis:service=RaftServer,group=group-3ABCB13D7792,id=e66d25fa-4711-4065-821e-74242ad152cb
2019-10-15 21:18:47,312 [RatisPipelineUtilsThread] INFO  pipeline.PipelineStateManager (PipelineStateManager.java:addPipeline(56)) - Created pipeline Pipeline[ Id: a44041bb-785a-41e8-9043-3abcb13d7792, Nodes: e66d25fa-4711-4065-821e-74242ad152cb{ip: 192.168.69.102, host: pr-hdds-2254-trunk-ddzgt-1485873308, networkLocation: /rack1, certSerialId: null}, Type:RATIS, Factor:ONE, State:OPEN]
2019-10-15 21:18:47,316 [grpc-default-executor-3] INFO  impl.RaftServerProxy (RaftServerProxy.java:addNew(89)) - db364705-f60f-4be7-83db-fd25b014fd0b: addNew group-499C0513E079:[db364705-f60f-4be7-83db-fd25b014fd0b:192.168.69.102:41270] returns group-499C0513E079:java.util.concurrent.CompletableFuture@7acbb376[Not completed]
2019-10-15 21:18:47,317 [pool-560-thread-1] INFO  impl.RaftServerImpl (RaftServerImpl.java:<init>(104)) - db364705-f60f-4be7-83db-fd25b014fd0b: new RaftServerImpl for group-499C0513E079:[db364705-f60f-4be7-83db-fd25b014fd0b:192.168.69.102:41270] with ContainerStateMachine:uninitialized
2019-10-15 21:18:47,317 [pool-560-thread-1] INFO  server.RaftServerConfigKeys (ConfUtils.java:logGet(43)) - raft.server.rpc.timeout.min = 1s (custom)
2019-10-15 21:18:47,317 [pool-560-thread-1] INFO  server.RaftServerConfigKeys (ConfUtils.java:logGet(43)) - raft.server.rpc.timeout.max = 1200ms (custom)
2019-10-15 21:18:47,317 [pool-560-thread-1] INFO  server.RaftServerConfigKeys (ConfUtils.java:logGet(43)) - raft.server.rpcslowness.timeout = 120s (custom)
2019-10-15 21:18:47,317 [pool-560-thread-1] INFO  server.RaftServerConfigKeys (ConfUtils.java:logGet(43)) - raft.server.sleep.deviation.threshold = 300 (default)
2019-10-15 21:18:47,317 [pool-560-thread-1] INFO  server.RaftServerConfigKeys (ConfUtils.java:logGet(43)) - raft.server.log.appender.install.snapshot.enabled = false (custom)
2019-10-15 21:18:47,317 [pool-560-thread-1] INFO  impl.RaftServerImpl (ServerState.java:<init>(103)) - db364705-f60f-4be7-83db-fd25b014fd0b@group-499C0513E079: ConfigurationManager, init=-1: [db364705-f60f-4be7-83db-fd25b014fd0b:192.168.69.102:41270], old=null, confs=<EMPTY_MAP>
2019-10-15 21:18:47,317 [pool-560-thread-1] INFO  server.RaftServerConfigKeys (ConfUtils.java:logGet(43)) - raft.server.storage.dir = [/workdir/hadoop-ozone/integration-test/target/test-dir/MiniOzoneClusterImpl-31458ddc-69ad-405c-a8b1-f839bd3d9382/datanode-5/data/ratis] (custom)
2019-10-15 21:18:47,317 [pool-560-thread-1] INFO  server.RaftServerConfigKeys (ConfUtils.java:logGet(43)) - raft.server.log.corruption.policy = EXCEPTION (default)
2019-10-15 21:18:47,318 [pool-560-thread-1] INFO  storage.RaftStorageDirectory (RaftStorageDirectory.java:analyzeStorage(246)) - The storage directory /workdir/hadoop-ozone/integration-test/target/test-dir/MiniOzoneClusterImpl-31458ddc-69ad-405c-a8b1-f839bd3d9382/datanode-5/data/ratis/cd8e3525-f498-46d1-b0fe-499c0513e079 does not exist. Creating ...
2019-10-15 21:18:47,318 [Thread-8450] INFO  impl.FollowerState (FollowerState.java:run(108)) - 090573f1-c213-462e-b422-6463ca97c373@group-848D76B22711-FollowerState: change to CANDIDATE, lastRpcTime:77ms, electionTimeout:77ms
2019-10-15 21:18:47,318 [Thread-8450] INFO  impl.RoleInfo (RoleInfo.java:shutdownFollowerState(121)) - 090573f1-c213-462e-b422-6463ca97c373: shutdown FollowerState
2019-10-15 21:18:47,318 [Thread-8450] INFO  impl.RaftServerImpl (RaftServerImpl.java:setRole(184)) - 090573f1-c213-462e-b422-6463ca97c373@group-848D76B22711: changes role from  FOLLOWER to CANDIDATE at term 2 for changeToCandidate
2019-10-15 21:18:47,318 [Thread-8450] INFO  impl.RoleInfo (RoleInfo.java:updateAndGet(143)) - 090573f1-c213-462e-b422-6463ca97c373: start LeaderElection
2019-10-15 21:18:47,321 [pool-560-thread-1] INFO  storage.RaftStorageDirectory (RaftStorageDirectory.java:tryLock(328)) - Lock on /workdir/hadoop-ozone/integration-test/target/test-dir/MiniOzoneClusterImpl-31458ddc-69ad-405c-a8b1-f839bd3d9382/datanode-5/data/ratis/cd8e3525-f498-46d1-b0fe-499c0513e079/in_use.lock acquired by nodename 3939@pr-hdds-2254-trunk-ddzgt-1485873308
2019-10-15 21:18:47,323 [090573f1-c213-462e-b422-6463ca97c373@group-848D76B22711-LeaderElection986] INFO  impl.LeaderElection (LeaderElection.java:askForVotes(178)) - 090573f1-c213-462e-b422-6463ca97c373@group-848D76B22711-LeaderElection986: begin an election at term 3 for -1: [93d557fa-335e-4e3d-b2bb-e33832802906:192.168.69.102:43737, 090573f1-c213-462e-b422-6463ca97c373:192.168.69.102:43336, db364705-f60f-4be7-83db-fd25b014fd0b:192.168.69.102:41270], old=null
2019-10-15 21:18:47,324 [grpc-default-executor-3] INFO  impl.RaftServerImpl (RaftServerImpl.java:setRole(184)) - 93d557fa-335e-4e3d-b2bb-e33832802906@group-848D76B22711: changes role from  FOLLOWER to FOLLOWER at term 3 for recognizeCandidate:090573f1-c213-462e-b422-6463ca97c373
2019-10-15 21:18:47,324 [grpc-default-executor-3] INFO  impl.RoleInfo (RoleInfo.java:shutdownFollowerState(121)) - 93d557fa-335e-4e3d-b2bb-e33832802906: shutdown FollowerState
2019-10-15 21:18:47,324 [grpc-default-executor-10] INFO  impl.RaftServerImpl (RaftServerImpl.java:setRole(184)) - db364705-f60f-4be7-83db-fd25b014fd0b@group-848D76B22711: changes role from  FOLLOWER to FOLLOWER at term 3 for recognizeCandidate:090573f1-c213-462e-b422-6463ca97c373
2019-10-15 21:18:47,324 [Thread-8447] INFO  impl.FollowerState (FollowerState.java:run(117)) - 93d557fa-335e-4e3d-b2bb-e33832802906@group-848D76B22711-FollowerState was interrupted: java.lang.InterruptedException: sleep interrupted
2019-10-15 21:18:47,324 [grpc-default-executor-3] INFO  impl.RoleInfo (RoleInfo.java:updateAndGet(143)) - 93d557fa-335e-4e3d-b2bb-e33832802906: start FollowerState
2019-10-15 21:18:47,324 [grpc-default-executor-10] INFO  impl.RoleInfo (RoleInfo.java:shutdownFollowerState(121)) - db364705-f60f-4be7-83db-fd25b014fd0b: shutdown FollowerState
2019-10-15 21:18:47,324 [grpc-default-executor-10] INFO  impl.RoleInfo (RoleInfo.java:updateAndGet(143)) - db364705-f60f-4be7-83db-fd25b014fd0b: start FollowerState
2019-10-15 21:18:47,326 [Thread-8448] INFO  impl.FollowerState (FollowerState.java:run(117)) - db364705-f60f-4be7-83db-fd25b014fd0b@group-848D76B22711-FollowerState was interrupted: java.lang.InterruptedException: sleep interrupted
2019-10-15 21:18:47,328 [pool-560-thread-1] INFO  storage.RaftStorage (RaftStorage.java:format(84)) - Storage directory /workdir/hadoop-ozone/integration-test/target/test-dir/MiniOzoneClusterImpl-31458ddc-69ad-405c-a8b1-f839bd3d9382/datanode-5/data/ratis/cd8e3525-f498-46d1-b0fe-499c0513e079 has been successfully formatted.
2019-10-15 21:18:47,328 [090573f1-c213-462e-b422-6463ca97c373@group-848D76B22711-LeaderElection986] INFO  impl.LeaderElection (LeaderElection.java:logAndReturn(56)) - 090573f1-c213-462e-b422-6463ca97c373@group-848D76B22711-LeaderElection986: Election TIMEOUT; received 0 response(s) [] and 0 exception(s); 090573f1-c213-462e-b422-6463ca97c373@group-848D76B22711:t3, leader=null, voted=090573f1-c213-462e-b422-6463ca97c373, raftlog=090573f1-c213-462e-b422-6463ca97c373@group-848D76B22711-SegmentedRaftLog:OPENED:c-1,f-1,i0, conf=-1: [93d557fa-335e-4e3d-b2bb-e33832802906:192.168.69.102:43737, 090573f1-c213-462e-b422-6463ca97c373:192.168.69.102:43336, db364705-f60f-4be7-83db-fd25b014fd0b:192.168.69.102:41270], old=null
2019-10-15 21:18:47,328 [pool-560-thread-1] INFO  ratis.ContainerStateMachine (ContainerStateMachine.java:loadSnapshot(231)) - group-499C0513E079: The snapshot info is null. Setting the last applied indexto:(t:0, i:~)
2019-10-15 21:18:47,329 [pool-560-thread-1] INFO  server.RaftServerConfigKeys (ConfUtils.java:logGet(43)) - raft.server.notification.no-leader.timeout = 120s (custom)
2019-10-15 21:18:47,329 [pool-560-thread-1] INFO  server.RaftServerConfigKeys (ConfUtils.java:logGet(43)) - raft.server.log.use.memory = false (default)
2019-10-15 21:18:47,329 [pool-560-thread-1] INFO  server.RaftServerConfigKeys (ConfUtils.java:logGet(43)) - raft.server.log.purge.gap = 1000000 (custom)
2019-10-15 21:18:47,329 [pool-560-thread-1] INFO  server.RaftServerConfigKeys (ConfUtils.java:logGet(43)) - raft.server.log.appender.buffer.byte-limit = 33554432 (custom)
2019-10-15 21:18:47,329 [pool-560-thread-1] INFO  server.RaftServerConfigKeys (ConfUtils.java:logGet(43)) - raft.server.log.segment.size.max = 1048576 (custom)
2019-10-15 21:18:47,329 [pool-560-thread-1] INFO  server.RaftServerConfigKeys (ConfUtils.java:logGet(43)) - raft.server.log.segment.cache.num.max = 2 (custom)
2019-10-15 21:18:47,329 [pool-560-thread-1] INFO  segmented.SegmentedRaftLogWorker (SegmentedRaftLogWorker.java:<init>(173)) - new db364705-f60f-4be7-83db-fd25b014fd0b@group-499C0513E079-SegmentedRaftLogWorker for RaftStorage:Storage Directory /workdir/hadoop-ozone/integration-test/target/test-dir/MiniOzoneClusterImpl-31458ddc-69ad-405c-a8b1-f839bd3d9382/datanode-5/data/ratis/cd8e3525-f498-46d1-b0fe-499c0513e079
2019-10-15 21:18:47,329 [pool-560-thread-1] INFO  server.RaftServerConfigKeys (ConfUtils.java:logGet(43)) - raft.server.log.queue.byte-limit = 2147483647 (custom)
2019-10-15 21:18:47,329 [pool-560-thread-1] INFO  server.RaftServerConfigKeys (ConfUtils.java:logGet(43)) - raft.server.log.queue.element-limit = 1024 (custom)
2019-10-15 21:18:47,329 [pool-560-thread-1] INFO  server.RaftServerConfigKeys (ConfUtils.java:logGet(43)) - raft.server.log.segment.size.max = 1048576 (custom)
2019-10-15 21:18:47,329 [pool-560-thread-1] INFO  server.RaftServerConfigKeys (ConfUtils.java:logGet(43)) - raft.server.log.preallocated.size = 16384 (custom)
2019-10-15 21:18:47,329 [pool-560-thread-1] INFO  server.RaftServerConfigKeys (ConfUtils.java:logGet(43)) - raft.server.log.write.buffer.size = 33554432 (custom)
2019-10-15 21:18:47,330 [pool-560-thread-1] INFO  server.RaftServerConfigKeys (ConfUtils.java:logGet(43)) - raft.server.log.force.sync.num = 128 (default)
2019-10-15 21:18:47,330 [pool-560-thread-1] INFO  server.RaftServerConfigKeys (ConfUtils.java:logGet(43)) - raft.server.log.statemachine.data.sync = true (default)
2019-10-15 21:18:47,330 [pool-560-thread-1] INFO  server.RaftServerConfigKeys (ConfUtils.java:logGet(43)) - raft.server.log.statemachine.data.sync.timeout = 10s (default)
2019-10-15 21:18:47,330 [pool-560-thread-1] INFO  server.RaftServerConfigKeys (ConfUtils.java:logGet(43)) - raft.server.log.statemachine.data.sync.timeout.retry = -1 (default)
2019-10-15 21:18:47,330 [pool-560-thread-1] INFO  server.RaftServerConfigKeys (ConfUtils.java:logGet(43)) - raft.server.log.statemachine.data.caching.enabled = true (custom)
2019-10-15 21:18:47,331 [pool-560-thread-1] INFO  segmented.SegmentedRaftLogWorker (SegmentedRaftLogWorker.java:lambda$new$0(128)) - db364705-f60f-4be7-83db-fd25b014fd0b@group-499C0513E079-SegmentedRaftLogWorker: flushIndex: setUnconditionally 0 -> -1
2019-10-15 21:18:47,331 [pool-560-thread-1] INFO  server.RaftServerConfigKeys (ConfUtils.java:logGet(43)) - raft.server.snapshot.auto.trigger.enabled = true (custom)
2019-10-15 21:18:47,331 [pool-560-thread-1] INFO  server.RaftServerConfigKeys (ConfUtils.java:logGet(43)) - raft.server.snapshot.auto.trigger.threshold = 10000 (custom)
2019-10-15 21:18:47,331 [pool-560-thread-1] INFO  server.RaftServerConfigKeys (ConfUtils.java:logGet(43)) - raft.server.snapshot.retention.file.num = 5 (custom)
2019-10-15 21:18:47,331 [pool-560-thread-1] INFO  server.RaftServerConfigKeys (ConfUtils.java:logGet(43)) - raft.server.retrycache.expirytime = 600000ms (custom)
2019-10-15 21:18:47,332 [090573f1-c213-462e-b422-6463ca97c373@group-848D76B22711-LeaderElection986] INFO  impl.LeaderElection (LeaderElection.java:askForVotes(178)) - 090573f1-c213-462e-b422-6463ca97c373@group-848D76B22711-LeaderElection986: begin an election at term 4 for -1: [93d557fa-335e-4e3d-b2bb-e33832802906:192.168.69.102:43737, 090573f1-c213-462e-b422-6463ca97c373:192.168.69.102:43336, db364705-f60f-4be7-83db-fd25b014fd0b:192.168.69.102:41270], old=null
2019-10-15 21:18:47,333 [grpc-default-executor-3] INFO  impl.RaftServerImpl (RaftServerImpl.java:setRole(184)) - 93d557fa-335e-4e3d-b2bb-e33832802906@group-848D76B22711: changes role from  FOLLOWER to FOLLOWER at term 4 for recognizeCandidate:090573f1-c213-462e-b422-6463ca97c373
2019-10-15 21:18:47,333 [grpc-default-executor-3] INFO  impl.RoleInfo (RoleInfo.java:shutdownFollowerState(121)) - 93d557fa-335e-4e3d-b2bb-e33832802906: shutdown FollowerState
2019-10-15 21:18:47,333 [pool-560-thread-1] INFO  impl.RaftServerImpl (RaftServerImpl.java:start(195)) - db364705-f60f-4be7-83db-fd25b014fd0b@group-499C0513E079: start as a follower, conf=-1: [db364705-f60f-4be7-83db-fd25b014fd0b:192.168.69.102:41270], old=null
2019-10-15 21:18:47,333 [Thread-8457] INFO  impl.FollowerState (FollowerState.java:run(117)) - 93d557fa-335e-4e3d-b2bb-e33832802906@group-848D76B22711-FollowerState was interrupted: java.lang.InterruptedException: sleep interrupted
2019-10-15 21:18:47,333 [grpc-default-executor-3] INFO  impl.RoleInfo (RoleInfo.java:updateAndGet(143)) - 93d557fa-335e-4e3d-b2bb-e33832802906: start FollowerState
2019-10-15 21:18:47,333 [grpc-default-executor-10] INFO  impl.RaftServerImpl (RaftServerImpl.java:setRole(184)) - db364705-f60f-4be7-83db-fd25b014fd0b@group-848D76B22711: changes role from  FOLLOWER to FOLLOWER at term 4 for recognizeCandidate:090573f1-c213-462e-b422-6463ca97c373
2019-10-15 21:18:47,333 [pool-560-thread-1] INFO  impl.RaftServerImpl (RaftServerImpl.java:setRole(184)) - db364705-f60f-4be7-83db-fd25b014fd0b@group-499C0513E079: changes role from      null to FOLLOWER at term 0 for startAsFollower
2019-10-15 21:18:47,333 [pool-560-thread-1] INFO  impl.RoleInfo (RoleInfo.java:updateAndGet(143)) - db364705-f60f-4be7-83db-fd25b014fd0b: start FollowerState
2019-10-15 21:18:47,333 [grpc-default-executor-10] INFO  impl.RoleInfo (RoleInfo.java:shutdownFollowerState(121)) - db364705-f60f-4be7-83db-fd25b014fd0b: shutdown FollowerState
2019-10-15 21:18:47,333 [grpc-default-executor-10] INFO  impl.RoleInfo (RoleInfo.java:updateAndGet(143)) - db364705-f60f-4be7-83db-fd25b014fd0b: start FollowerState
2019-10-15 21:18:47,333 [pool-560-thread-1] INFO  util.JmxRegister (JmxRegister.java:tryRegister(44)) - Successfully registered JMX Bean with object name Ratis:service=RaftServer,group=group-499C0513E079,id=db364705-f60f-4be7-83db-fd25b014fd0b
2019-10-15 21:18:47,333 [Thread-8458] INFO  impl.FollowerState (FollowerState.java:run(117)) - db364705-f60f-4be7-83db-fd25b014fd0b@group-848D76B22711-FollowerState was interrupted: java.lang.InterruptedException: sleep interrupted
2019-10-15 21:18:47,334 [090573f1-c213-462e-b422-6463ca97c373@group-848D76B22711-LeaderElection986] INFO  impl.LeaderElection (LeaderElection.java:logAndReturn(56)) - 090573f1-c213-462e-b422-6463ca97c373@group-848D76B22711-LeaderElection986: Election TIMEOUT; received 0 response(s) [] and 0 exception(s); 090573f1-c213-462e-b422-6463ca97c373@group-848D76B22711:t4, leader=null, voted=090573f1-c213-462e-b422-6463ca97c373, raftlog=090573f1-c213-462e-b422-6463ca97c373@group-848D76B22711-SegmentedRaftLog:OPENED:c-1,f-1,i0, conf=-1: [93d557fa-335e-4e3d-b2bb-e33832802906:192.168.69.102:43737, 090573f1-c213-462e-b422-6463ca97c373:192.168.69.102:43336, db364705-f60f-4be7-83db-fd25b014fd0b:192.168.69.102:41270], old=null
2019-10-15 21:18:47,336 [RatisPipelineUtilsThread] INFO  pipeline.PipelineStateManager (PipelineStateManager.java:addPipeline(56)) - Created pipeline Pipeline[ Id: cd8e3525-f498-46d1-b0fe-499c0513e079, Nodes: db364705-f60f-4be7-83db-fd25b014fd0b{ip: 192.168.69.102, host: pr-hdds-2254-trunk-ddzgt-1485873308, networkLocation: /rack1, certSerialId: null}, Type:RATIS, Factor:ONE, State:OPEN]
2019-10-15 21:18:47,345 [090573f1-c213-462e-b422-6463ca97c373@group-848D76B22711-LeaderElection986] INFO  impl.LeaderElection (LeaderElection.java:askForVotes(178)) - 090573f1-c213-462e-b422-6463ca97c373@group-848D76B22711-LeaderElection986: begin an election at term 5 for -1: [93d557fa-335e-4e3d-b2bb-e33832802906:192.168.69.102:43737, 090573f1-c213-462e-b422-6463ca97c373:192.168.69.102:43336, db364705-f60f-4be7-83db-fd25b014fd0b:192.168.69.102:41270], old=null
2019-10-15 21:18:47,346 [grpc-default-executor-10] INFO  impl.RaftServerImpl (RaftServerImpl.java:setRole(184)) - 93d557fa-335e-4e3d-b2bb-e33832802906@group-848D76B22711: changes role from  FOLLOWER to FOLLOWER at term 5 for recognizeCandidate:090573f1-c213-462e-b422-6463ca97c373
2019-10-15 21:18:47,346 [grpc-default-executor-10] INFO  impl.RoleInfo (RoleInfo.java:shutdownFollowerState(121)) - 93d557fa-335e-4e3d-b2bb-e33832802906: shutdown FollowerState
2019-10-15 21:18:47,346 [grpc-default-executor-3] INFO  impl.RaftServerImpl (RaftServerImpl.java:setRole(184)) - db364705-f60f-4be7-83db-fd25b014fd0b@group-848D76B22711: changes role from  FOLLOWER to FOLLOWER at term 5 for recognizeCandidate:090573f1-c213-462e-b422-6463ca97c373
2019-10-15 21:18:47,346 [Thread-8462] INFO  impl.FollowerState (FollowerState.java:run(117)) - 93d557fa-335e-4e3d-b2bb-e33832802906@group-848D76B22711-FollowerState was interrupted: java.lang.InterruptedException: sleep interrupted
2019-10-15 21:18:47,346 [grpc-default-executor-10] INFO  impl.RoleInfo (RoleInfo.java:updateAndGet(143)) - 93d557fa-335e-4e3d-b2bb-e33832802906: start FollowerState
2019-10-15 21:18:47,346 [grpc-default-executor-3] INFO  impl.RoleInfo (RoleInfo.java:shutdownFollowerState(121)) - db364705-f60f-4be7-83db-fd25b014fd0b: shutdown FollowerState
2019-10-15 21:18:47,347 [Thread-8464] INFO  impl.FollowerState (FollowerState.java:run(117)) - db364705-f60f-4be7-83db-fd25b014fd0b@group-848D76B22711-FollowerState was interrupted: java.lang.InterruptedException: sleep interrupted
2019-10-15 21:18:47,347 [grpc-default-executor-3] INFO  impl.RoleInfo (RoleInfo.java:updateAndGet(143)) - db364705-f60f-4be7-83db-fd25b014fd0b: start FollowerState
2019-10-15 21:18:47,358 [090573f1-c213-462e-b422-6463ca97c373@group-848D76B22711-LeaderElection986] INFO  impl.LeaderElection (LeaderElection.java:logAndReturn(56)) - 090573f1-c213-462e-b422-6463ca97c373@group-848D76B22711-LeaderElection986: Election REJECTED; received 2 response(s) [090573f1-c213-462e-b422-6463ca97c373<-93d557fa-335e-4e3d-b2bb-e33832802906#0:FAIL-t5, 090573f1-c213-462e-b422-6463ca97c373<-db364705-f60f-4be7-83db-fd25b014fd0b#0:FAIL-t5] and 0 exception(s); 090573f1-c213-462e-b422-6463ca97c373@group-848D76B22711:t5, leader=null, voted=090573f1-c213-462e-b422-6463ca97c373, raftlog=090573f1-c213-462e-b422-6463ca97c373@group-848D76B22711-SegmentedRaftLog:OPENED:c-1,f-1,i0, conf=-1: [93d557fa-335e-4e3d-b2bb-e33832802906:192.168.69.102:43737, 090573f1-c213-462e-b422-6463ca97c373:192.168.69.102:43336, db364705-f60f-4be7-83db-fd25b014fd0b:192.168.69.102:41270], old=null
2019-10-15 21:18:47,358 [090573f1-c213-462e-b422-6463ca97c373@group-848D76B22711-LeaderElection986] INFO  impl.RaftServerImpl (RaftServerImpl.java:setRole(184)) - 090573f1-c213-462e-b422-6463ca97c373@group-848D76B22711: changes role from CANDIDATE to FOLLOWER at term 5 for DISCOVERED_A_NEW_TERM
2019-10-15 21:18:47,358 [090573f1-c213-462e-b422-6463ca97c373@group-848D76B22711-LeaderElection986] INFO  impl.RoleInfo (RoleInfo.java:shutdownLeaderElection(134)) - 090573f1-c213-462e-b422-6463ca97c373: shutdown LeaderElection
2019-10-15 21:18:47,359 [090573f1-c213-462e-b422-6463ca97c373@group-848D76B22711-LeaderElection986] INFO  impl.RoleInfo (RoleInfo.java:updateAndGet(143)) - 090573f1-c213-462e-b422-6463ca97c373: start FollowerState
2019-10-15 21:18:47,364 [IPC Server handler 3 on 43782] INFO  net.NetworkTopology (NetworkTopologyImpl.java:add(111)) - Added a new node: /rack1/8cb7ea3b-ad52-4b28-856c-a59c42ac9757
2019-10-15 21:18:47,364 [IPC Server handler 3 on 43782] INFO  node.SCMNodeManager (SCMNodeManager.java:register(268)) - Registered Data node : 8cb7ea3b-ad52-4b28-856c-a59c42ac9757{ip: 192.168.69.102, host: pr-hdds-2254-trunk-ddzgt-1485873308, networkLocation: /rack1, certSerialId: null}
2019-10-15 21:18:47,371 [grpc-default-executor-10] INFO  impl.RaftServerProxy (RaftServerProxy.java:addNew(89)) - 8cb7ea3b-ad52-4b28-856c-a59c42ac9757: addNew group-9C5CC721B6D2:[8cb7ea3b-ad52-4b28-856c-a59c42ac9757:192.168.69.102:41689] returns group-9C5CC721B6D2:java.util.concurrent.CompletableFuture@29146124[Not completed]
2019-10-15 21:18:47,372 [pool-580-thread-1] INFO  impl.RaftServerImpl (RaftServerImpl.java:<init>(104)) - 8cb7ea3b-ad52-4b28-856c-a59c42ac9757: new RaftServerImpl for group-9C5CC721B6D2:[8cb7ea3b-ad52-4b28-856c-a59c42ac9757:192.168.69.102:41689] with ContainerStateMachine:uninitialized
2019-10-15 21:18:47,372 [pool-580-thread-1] INFO  server.RaftServerConfigKeys (ConfUtils.java:logGet(43)) - raft.server.rpc.timeout.min = 1s (custom)
2019-10-15 21:18:47,372 [pool-580-thread-1] INFO  server.RaftServerConfigKeys (ConfUtils.java:logGet(43)) - raft.server.rpc.timeout.max = 1200ms (custom)
2019-10-15 21:18:47,372 [pool-580-thread-1] INFO  server.RaftServerConfigKeys (ConfUtils.java:logGet(43)) - raft.server.rpcslowness.timeout = 120s (custom)
2019-10-15 21:18:47,373 [pool-580-thread-1] INFO  server.RaftServerConfigKeys (ConfUtils.java:logGet(43)) - raft.server.sleep.deviation.threshold = 300 (default)
2019-10-15 21:18:47,373 [pool-580-thread-1] INFO  server.RaftServerConfigKeys (ConfUtils.java:logGet(43)) - raft.server.log.appender.install.snapshot.enabled = false (custom)
2019-10-15 21:18:47,373 [pool-580-thread-1] INFO  impl.RaftServerImpl (ServerState.java:<init>(103)) - 8cb7ea3b-ad52-4b28-856c-a59c42ac9757@group-9C5CC721B6D2: ConfigurationManager, init=-1: [8cb7ea3b-ad52-4b28-856c-a59c42ac9757:192.168.69.102:41689], old=null, confs=<EMPTY_MAP>
2019-10-15 21:18:47,373 [pool-580-thread-1] INFO  server.RaftServerConfigKeys (ConfUtils.java:logGet(43)) - raft.server.storage.dir = [/workdir/hadoop-ozone/integration-test/target/test-dir/MiniOzoneClusterImpl-31458ddc-69ad-405c-a8b1-f839bd3d9382/datanode-7/data/ratis] (custom)
2019-10-15 21:18:47,373 [pool-580-thread-1] INFO  server.RaftServerConfigKeys (ConfUtils.java:logGet(43)) - raft.server.log.corruption.policy = EXCEPTION (default)
2019-10-15 21:18:47,373 [pool-580-thread-1] INFO  storage.RaftStorageDirectory (RaftStorageDirectory.java:analyzeStorage(246)) - The storage directory /workdir/hadoop-ozone/integration-test/target/test-dir/MiniOzoneClusterImpl-31458ddc-69ad-405c-a8b1-f839bd3d9382/datanode-7/data/ratis/cbd9274a-7da4-4ef0-a45d-9c5cc721b6d2 does not exist. Creating ...
2019-10-15 21:18:47,382 [pool-580-thread-1] INFO  storage.RaftStorageDirectory (RaftStorageDirectory.java:tryLock(328)) - Lock on /workdir/hadoop-ozone/integration-test/target/test-dir/MiniOzoneClusterImpl-31458ddc-69ad-405c-a8b1-f839bd3d9382/datanode-7/data/ratis/cbd9274a-7da4-4ef0-a45d-9c5cc721b6d2/in_use.lock acquired by nodename 3939@pr-hdds-2254-trunk-ddzgt-1485873308
2019-10-15 21:18:47,395 [pool-580-thread-1] INFO  storage.RaftStorage (RaftStorage.java:format(84)) - Storage directory /workdir/hadoop-ozone/integration-test/target/test-dir/MiniOzoneClusterImpl-31458ddc-69ad-405c-a8b1-f839bd3d9382/datanode-7/data/ratis/cbd9274a-7da4-4ef0-a45d-9c5cc721b6d2 has been successfully formatted.
2019-10-15 21:18:47,396 [pool-580-thread-1] INFO  ratis.ContainerStateMachine (ContainerStateMachine.java:loadSnapshot(231)) - group-9C5CC721B6D2: The snapshot info is null. Setting the last applied indexto:(t:0, i:~)
2019-10-15 21:18:47,396 [pool-580-thread-1] INFO  server.RaftServerConfigKeys (ConfUtils.java:logGet(43)) - raft.server.notification.no-leader.timeout = 120s (custom)
2019-10-15 21:18:47,396 [pool-580-thread-1] INFO  server.RaftServerConfigKeys (ConfUtils.java:logGet(43)) - raft.server.log.use.memory = false (default)
2019-10-15 21:18:47,396 [pool-580-thread-1] INFO  server.RaftServerConfigKeys (ConfUtils.java:logGet(43)) - raft.server.log.purge.gap = 1000000 (custom)
2019-10-15 21:18:47,396 [pool-580-thread-1] INFO  server.RaftServerConfigKeys (ConfUtils.java:logGet(43)) - raft.server.log.appender.buffer.byte-limit = 33554432 (custom)
2019-10-15 21:18:47,396 [pool-580-thread-1] INFO  server.RaftServerConfigKeys (ConfUtils.java:logGet(43)) - raft.server.log.segment.size.max = 1048576 (custom)
2019-10-15 21:18:47,398 [pool-580-thread-1] INFO  server.RaftServerConfigKeys (ConfUtils.java:logGet(43)) - raft.server.log.segment.cache.num.max = 2 (custom)
2019-10-15 21:18:47,398 [pool-580-thread-1] INFO  segmented.SegmentedRaftLogWorker (SegmentedRaftLogWorker.java:<init>(173)) - new 8cb7ea3b-ad52-4b28-856c-a59c42ac9757@group-9C5CC721B6D2-SegmentedRaftLogWorker for RaftStorage:Storage Directory /workdir/hadoop-ozone/integration-test/target/test-dir/MiniOzoneClusterImpl-31458ddc-69ad-405c-a8b1-f839bd3d9382/datanode-7/data/ratis/cbd9274a-7da4-4ef0-a45d-9c5cc721b6d2
2019-10-15 21:18:47,398 [pool-580-thread-1] INFO  server.RaftServerConfigKeys (ConfUtils.java:logGet(43)) - raft.server.log.queue.byte-limit = 2147483647 (custom)
2019-10-15 21:18:47,398 [pool-580-thread-1] INFO  server.RaftServerConfigKeys (ConfUtils.java:logGet(43)) - raft.server.log.queue.element-limit = 1024 (custom)
2019-10-15 21:18:47,398 [pool-580-thread-1] INFO  server.RaftServerConfigKeys (ConfUtils.java:logGet(43)) - raft.server.log.segment.size.max = 1048576 (custom)
2019-10-15 21:18:47,399 [pool-580-thread-1] INFO  server.RaftServerConfigKeys (ConfUtils.java:logGet(43)) - raft.server.log.preallocated.size = 16384 (custom)
2019-10-15 21:18:47,399 [pool-580-thread-1] INFO  server.RaftServerConfigKeys (ConfUtils.java:logGet(43)) - raft.server.log.write.buffer.size = 33554432 (custom)
2019-10-15 21:18:47,399 [pool-580-thread-1] INFO  server.RaftServerConfigKeys (ConfUtils.java:logGet(43)) - raft.server.log.force.sync.num = 128 (default)
2019-10-15 21:18:47,399 [pool-580-thread-1] INFO  server.RaftServerConfigKeys (ConfUtils.java:logGet(43)) - raft.server.log.statemachine.data.sync = true (default)
2019-10-15 21:18:47,399 [pool-580-thread-1] INFO  server.RaftServerConfigKeys (ConfUtils.java:logGet(43)) - raft.server.log.statemachine.data.sync.timeout = 10s (default)
2019-10-15 21:18:47,399 [pool-580-thread-1] INFO  server.RaftServerConfigKeys (ConfUtils.java:logGet(43)) - raft.server.log.statemachine.data.sync.timeout.retry = -1 (default)
2019-10-15 21:18:47,399 [pool-580-thread-1] INFO  server.RaftServerConfigKeys (ConfUtils.java:logGet(43)) - raft.server.log.statemachine.data.caching.enabled = true (custom)
2019-10-15 21:18:47,400 [pool-580-thread-1] INFO  segmented.SegmentedRaftLogWorker (SegmentedRaftLogWorker.java:lambda$new$0(128)) - 8cb7ea3b-ad52-4b28-856c-a59c42ac9757@group-9C5CC721B6D2-SegmentedRaftLogWorker: flushIndex: setUnconditionally 0 -> -1
2019-10-15 21:18:47,400 [pool-580-thread-1] INFO  server.RaftServerConfigKeys (ConfUtils.java:logGet(43)) - raft.server.snapshot.auto.trigger.enabled = true (custom)
2019-10-15 21:18:47,400 [pool-580-thread-1] INFO  server.RaftServerConfigKeys (ConfUtils.java:logGet(43)) - raft.server.snapshot.auto.trigger.threshold = 10000 (custom)
2019-10-15 21:18:47,400 [pool-580-thread-1] INFO  server.RaftServerConfigKeys (ConfUtils.java:logGet(43)) - raft.server.snapshot.retention.file.num = 5 (custom)
2019-10-15 21:18:47,400 [pool-580-thread-1] INFO  server.RaftServerConfigKeys (ConfUtils.java:logGet(43)) - raft.server.retrycache.expirytime = 600000ms (custom)
2019-10-15 21:18:47,402 [pool-580-thread-1] INFO  impl.RaftServerImpl (RaftServerImpl.java:start(195)) - 8cb7ea3b-ad52-4b28-856c-a59c42ac9757@group-9C5CC721B6D2: start as a follower, conf=-1: [8cb7ea3b-ad52-4b28-856c-a59c42ac9757:192.168.69.102:41689], old=null
2019-10-15 21:18:47,403 [pool-580-thread-1] INFO  impl.RaftServerImpl (RaftServerImpl.java:setRole(184)) - 8cb7ea3b-ad52-4b28-856c-a59c42ac9757@group-9C5CC721B6D2: changes role from      null to FOLLOWER at term 0 for startAsFollower
2019-10-15 21:18:47,403 [pool-580-thread-1] INFO  impl.RoleInfo (RoleInfo.java:updateAndGet(143)) - 8cb7ea3b-ad52-4b28-856c-a59c42ac9757: start FollowerState
2019-10-15 21:18:47,403 [pool-580-thread-1] INFO  util.JmxRegister (JmxRegister.java:tryRegister(44)) - Successfully registered JMX Bean with object name Ratis:service=RaftServer,group=group-9C5CC721B6D2,id=8cb7ea3b-ad52-4b28-856c-a59c42ac9757
2019-10-15 21:18:47,406 [RatisPipelineUtilsThread] INFO  pipeline.PipelineStateManager (PipelineStateManager.java:addPipeline(56)) - Created pipeline Pipeline[ Id: cbd9274a-7da4-4ef0-a45d-9c5cc721b6d2, Nodes: 8cb7ea3b-ad52-4b28-856c-a59c42ac9757{ip: 192.168.69.102, host: pr-hdds-2254-trunk-ddzgt-1485873308, networkLocation: /rack1, certSerialId: null}, Type:RATIS, Factor:ONE, State:OPEN]
2019-10-15 21:18:47,415 [Thread-8472] INFO  impl.FollowerState (FollowerState.java:run(108)) - 8cb7ea3b-ad52-4b28-856c-a59c42ac9757@group-9C5CC721B6D2-FollowerState: change to CANDIDATE, lastRpcTime:12ms, electionTimeout:12ms
2019-10-15 21:18:47,415 [Thread-8472] INFO  impl.RoleInfo (RoleInfo.java:shutdownFollowerState(121)) - 8cb7ea3b-ad52-4b28-856c-a59c42ac9757: shutdown FollowerState
2019-10-15 21:18:47,415 [Thread-8472] INFO  impl.RaftServerImpl (RaftServerImpl.java:setRole(184)) - 8cb7ea3b-ad52-4b28-856c-a59c42ac9757@group-9C5CC721B6D2: changes role from  FOLLOWER to CANDIDATE at term 0 for changeToCandidate
2019-10-15 21:18:47,415 [Thread-8472] INFO  impl.RoleInfo (RoleInfo.java:updateAndGet(143)) - 8cb7ea3b-ad52-4b28-856c-a59c42ac9757: start LeaderElection
2019-10-15 21:18:47,419 [Thread-8463] INFO  impl.FollowerState (FollowerState.java:run(108)) - db364705-f60f-4be7-83db-fd25b014fd0b@group-499C0513E079-FollowerState: change to CANDIDATE, lastRpcTime:86ms, electionTimeout:86ms
2019-10-15 21:18:47,420 [Thread-8463] INFO  impl.RoleInfo (RoleInfo.java:shutdownFollowerState(121)) - db364705-f60f-4be7-83db-fd25b014fd0b: shutdown FollowerState
2019-10-15 21:18:47,420 [Thread-8463] INFO  impl.RaftServerImpl (RaftServerImpl.java:setRole(184)) - db364705-f60f-4be7-83db-fd25b014fd0b@group-499C0513E079: changes role from  FOLLOWER to CANDIDATE at term 0 for changeToCandidate
2019-10-15 21:18:47,420 [Thread-8463] INFO  impl.RoleInfo (RoleInfo.java:updateAndGet(143)) - db364705-f60f-4be7-83db-fd25b014fd0b: start LeaderElection
2019-10-15 21:18:47,427 [8cb7ea3b-ad52-4b28-856c-a59c42ac9757@group-9C5CC721B6D2-LeaderElection987] INFO  impl.LeaderElection (LeaderElection.java:askForVotes(178)) - 8cb7ea3b-ad52-4b28-856c-a59c42ac9757@group-9C5CC721B6D2-LeaderElection987: begin an election at term 1 for -1: [8cb7ea3b-ad52-4b28-856c-a59c42ac9757:192.168.69.102:41689], old=null
2019-10-15 21:18:47,427 [db364705-f60f-4be7-83db-fd25b014fd0b@group-499C0513E079-LeaderElection988] INFO  impl.LeaderElection (LeaderElection.java:askForVotes(178)) - db364705-f60f-4be7-83db-fd25b014fd0b@group-499C0513E079-LeaderElection988: begin an election at term 1 for -1: [db364705-f60f-4be7-83db-fd25b014fd0b:192.168.69.102:41270], old=null
2019-10-15 21:18:47,427 [8cb7ea3b-ad52-4b28-856c-a59c42ac9757@group-9C5CC721B6D2-LeaderElection987] INFO  impl.RoleInfo (RoleInfo.java:shutdownLeaderElection(134)) - 8cb7ea3b-ad52-4b28-856c-a59c42ac9757: shutdown LeaderElection
2019-10-15 21:18:47,427 [db364705-f60f-4be7-83db-fd25b014fd0b@group-499C0513E079-LeaderElection988] INFO  impl.RoleInfo (RoleInfo.java:shutdownLeaderElection(134)) - db364705-f60f-4be7-83db-fd25b014fd0b: shutdown LeaderElection
2019-10-15 21:18:47,427 [8cb7ea3b-ad52-4b28-856c-a59c42ac9757@group-9C5CC721B6D2-LeaderElection987] INFO  impl.RaftServerImpl (RaftServerImpl.java:setRole(184)) - 8cb7ea3b-ad52-4b28-856c-a59c42ac9757@group-9C5CC721B6D2: changes role from CANDIDATE to LEADER at term 1 for changeToLeader
2019-10-15 21:18:47,427 [db364705-f60f-4be7-83db-fd25b014fd0b@group-499C0513E079-LeaderElection988] INFO  impl.RaftServerImpl (RaftServerImpl.java:setRole(184)) - db364705-f60f-4be7-83db-fd25b014fd0b@group-499C0513E079: changes role from CANDIDATE to LEADER at term 1 for changeToLeader
2019-10-15 21:18:47,428 [8cb7ea3b-ad52-4b28-856c-a59c42ac9757@group-9C5CC721B6D2-LeaderElection987] INFO  impl.RaftServerImpl (ServerState.java:setLeader(256)) - 8cb7ea3b-ad52-4b28-856c-a59c42ac9757@group-9C5CC721B6D2: change Leader from null to 8cb7ea3b-ad52-4b28-856c-a59c42ac9757 at term 1 for becomeLeader, leader elected after 31ms
2019-10-15 21:18:47,428 [db364705-f60f-4be7-83db-fd25b014fd0b@group-499C0513E079-LeaderElection988] INFO  impl.RaftServerImpl (ServerState.java:setLeader(256)) - db364705-f60f-4be7-83db-fd25b014fd0b@group-499C0513E079: change Leader from null to db364705-f60f-4be7-83db-fd25b014fd0b at term 1 for becomeLeader, leader elected after 99ms
2019-10-15 21:18:47,428 [8cb7ea3b-ad52-4b28-856c-a59c42ac9757@group-9C5CC721B6D2-LeaderElection987] INFO  server.RaftServerConfigKeys (ConfUtils.java:logGet(43)) - raft.server.staging.catchup.gap = 1000 (default)
2019-10-15 21:18:47,428 [db364705-f60f-4be7-83db-fd25b014fd0b@group-499C0513E079-LeaderElection988] INFO  server.RaftServerConfigKeys (ConfUtils.java:logGet(43)) - raft.server.staging.catchup.gap = 1000 (default)
2019-10-15 21:18:47,428 [8cb7ea3b-ad52-4b28-856c-a59c42ac9757@group-9C5CC721B6D2-LeaderElection987] INFO  server.RaftServerConfigKeys (ConfUtils.java:logGet(43)) - raft.server.rpc.sleep.time = 25ms (default)
2019-10-15 21:18:47,428 [db364705-f60f-4be7-83db-fd25b014fd0b@group-499C0513E079-LeaderElection988] INFO  server.RaftServerConfigKeys (ConfUtils.java:logGet(43)) - raft.server.rpc.sleep.time = 25ms (default)
2019-10-15 21:18:47,428 [8cb7ea3b-ad52-4b28-856c-a59c42ac9757@group-9C5CC721B6D2-LeaderElection987] INFO  server.RaftServerConfigKeys (ConfUtils.java:logGet(43)) - raft.server.write.element-limit = 4096 (default)
2019-10-15 21:18:47,428 [db364705-f60f-4be7-83db-fd25b014fd0b@group-499C0513E079-LeaderElection988] INFO  server.RaftServerConfigKeys (ConfUtils.java:logGet(43)) - raft.server.write.element-limit = 4096 (default)
2019-10-15 21:18:47,428 [8cb7ea3b-ad52-4b28-856c-a59c42ac9757@group-9C5CC721B6D2-LeaderElection987] INFO  server.RaftServerConfigKeys (ConfUtils.java:logGet(43)) - raft.server.watch.timeout = 10s (default)
2019-10-15 21:18:47,428 [db364705-f60f-4be7-83db-fd25b014fd0b@group-499C0513E079-LeaderElection988] INFO  server.RaftServerConfigKeys (ConfUtils.java:logGet(43)) - raft.server.watch.timeout = 10s (default)
2019-10-15 21:18:47,428 [8cb7ea3b-ad52-4b28-856c-a59c42ac9757@group-9C5CC721B6D2-LeaderElection987] INFO  server.RaftServerConfigKeys (ConfUtils.java:logGet(43)) - raft.server.watch.timeout.denomination = 1s (default)
2019-10-15 21:18:47,428 [db364705-f60f-4be7-83db-fd25b014fd0b@group-499C0513E079-LeaderElection988] INFO  server.RaftServerConfigKeys (ConfUtils.java:logGet(43)) - raft.server.watch.timeout.denomination = 1s (default)
2019-10-15 21:18:47,428 [8cb7ea3b-ad52-4b28-856c-a59c42ac9757@group-9C5CC721B6D2-LeaderElection987] INFO  server.RaftServerConfigKeys (ConfUtils.java:logGet(43)) - raft.server.watch.element-limit = 65536 (default)
2019-10-15 21:18:47,429 [db364705-f60f-4be7-83db-fd25b014fd0b@group-499C0513E079-LeaderElection988] INFO  server.RaftServerConfigKeys (ConfUtils.java:logGet(43)) - raft.server.watch.element-limit = 65536 (default)
2019-10-15 21:18:47,430 [db364705-f60f-4be7-83db-fd25b014fd0b@group-499C0513E079-LeaderElection988] INFO  impl.RoleInfo (RoleInfo.java:updateAndGet(143)) - db364705-f60f-4be7-83db-fd25b014fd0b: start LeaderState
2019-10-15 21:18:47,431 [db364705-f60f-4be7-83db-fd25b014fd0b@group-499C0513E079-LeaderElection988] INFO  segmented.SegmentedRaftLogWorker (SegmentedRaftLogWorker.java:startLogSegment(385)) - db364705-f60f-4be7-83db-fd25b014fd0b@group-499C0513E079-SegmentedRaftLogWorker: Starting segment from index:0
2019-10-15 21:18:47,431 [8cb7ea3b-ad52-4b28-856c-a59c42ac9757@group-9C5CC721B6D2-LeaderElection987] INFO  impl.RoleInfo (RoleInfo.java:updateAndGet(143)) - 8cb7ea3b-ad52-4b28-856c-a59c42ac9757: start LeaderState
2019-10-15 21:18:47,431 [db364705-f60f-4be7-83db-fd25b014fd0b@group-499C0513E079-LeaderElection988] INFO  impl.RaftServerImpl (ServerState.java:setRaftConf(357)) - db364705-f60f-4be7-83db-fd25b014fd0b@group-499C0513E079: set configuration 0: [db364705-f60f-4be7-83db-fd25b014fd0b:192.168.69.102:41270], old=null at 0
2019-10-15 21:18:47,431 [8cb7ea3b-ad52-4b28-856c-a59c42ac9757@group-9C5CC721B6D2-LeaderElection987] INFO  segmented.SegmentedRaftLogWorker (SegmentedRaftLogWorker.java:startLogSegment(385)) - 8cb7ea3b-ad52-4b28-856c-a59c42ac9757@group-9C5CC721B6D2-SegmentedRaftLogWorker: Starting segment from index:0
2019-10-15 21:18:47,431 [8cb7ea3b-ad52-4b28-856c-a59c42ac9757@group-9C5CC721B6D2-LeaderElection987] INFO  impl.RaftServerImpl (ServerState.java:setRaftConf(357)) - 8cb7ea3b-ad52-4b28-856c-a59c42ac9757@group-9C5CC721B6D2: set configuration 0: [8cb7ea3b-ad52-4b28-856c-a59c42ac9757:192.168.69.102:41689], old=null at 0
2019-10-15 21:18:47,441 [IPC Server handler 4 on 43782] INFO  net.NetworkTopology (NetworkTopologyImpl.java:add(111)) - Added a new node: /rack1/274b1c51-9c2c-4419-942c-803b5038fb5c
2019-10-15 21:18:47,441 [IPC Server handler 4 on 43782] INFO  node.SCMNodeManager (SCMNodeManager.java:register(268)) - Registered Data node : 274b1c51-9c2c-4419-942c-803b5038fb5c{ip: 192.168.69.102, host: pr-hdds-2254-trunk-ddzgt-1485873308, networkLocation: /rack1, certSerialId: null}
2019-10-15 21:18:47,465 [grpc-default-executor-10] INFO  impl.RaftServerProxy (RaftServerProxy.java:addNew(89)) - 274b1c51-9c2c-4419-942c-803b5038fb5c: addNew group-75D137EA487E:[274b1c51-9c2c-4419-942c-803b5038fb5c:192.168.69.102:39513] returns group-75D137EA487E:java.util.concurrent.CompletableFuture@3b8193a9[Not completed]
2019-10-15 21:18:47,465 [Thread-8470] INFO  impl.FollowerState (FollowerState.java:run(108)) - 090573f1-c213-462e-b422-6463ca97c373@group-848D76B22711-FollowerState: change to CANDIDATE, lastRpcTime:106ms, electionTimeout:91ms
2019-10-15 21:18:47,465 [Thread-8470] INFO  impl.RoleInfo (RoleInfo.java:shutdownFollowerState(121)) - 090573f1-c213-462e-b422-6463ca97c373: shutdown FollowerState
2019-10-15 21:18:47,465 [Thread-8470] INFO  impl.RaftServerImpl (RaftServerImpl.java:setRole(184)) - 090573f1-c213-462e-b422-6463ca97c373@group-848D76B22711: changes role from  FOLLOWER to CANDIDATE at term 5 for changeToCandidate
2019-10-15 21:18:47,465 [Thread-8470] INFO  impl.RoleInfo (RoleInfo.java:updateAndGet(143)) - 090573f1-c213-462e-b422-6463ca97c373: start LeaderElection
2019-10-15 21:18:47,466 [pool-590-thread-1] INFO  impl.RaftServerImpl (RaftServerImpl.java:<init>(104)) - 274b1c51-9c2c-4419-942c-803b5038fb5c: new RaftServerImpl for group-75D137EA487E:[274b1c51-9c2c-4419-942c-803b5038fb5c:192.168.69.102:39513] with ContainerStateMachine:uninitialized
2019-10-15 21:18:47,466 [pool-590-thread-1] INFO  server.RaftServerConfigKeys (ConfUtils.java:logGet(43)) - raft.server.rpc.timeout.min = 1s (custom)
2019-10-15 21:18:47,466 [pool-590-thread-1] INFO  server.RaftServerConfigKeys (ConfUtils.java:logGet(43)) - raft.server.rpc.timeout.max = 1200ms (custom)
2019-10-15 21:18:47,466 [pool-590-thread-1] INFO  server.RaftServerConfigKeys (ConfUtils.java:logGet(43)) - raft.server.rpcslowness.timeout = 120s (custom)
2019-10-15 21:18:47,466 [pool-590-thread-1] INFO  server.RaftServerConfigKeys (ConfUtils.java:logGet(43)) - raft.server.sleep.deviation.threshold = 300 (default)
2019-10-15 21:18:47,466 [pool-590-thread-1] INFO  server.RaftServerConfigKeys (ConfUtils.java:logGet(43)) - raft.server.log.appender.install.snapshot.enabled = false (custom)
2019-10-15 21:18:47,466 [pool-590-thread-1] INFO  impl.RaftServerImpl (ServerState.java:<init>(103)) - 274b1c51-9c2c-4419-942c-803b5038fb5c@group-75D137EA487E: ConfigurationManager, init=-1: [274b1c51-9c2c-4419-942c-803b5038fb5c:192.168.69.102:39513], old=null, confs=<EMPTY_MAP>
2019-10-15 21:18:47,466 [pool-590-thread-1] INFO  server.RaftServerConfigKeys (ConfUtils.java:logGet(43)) - raft.server.storage.dir = [/workdir/hadoop-ozone/integration-test/target/test-dir/MiniOzoneClusterImpl-31458ddc-69ad-405c-a8b1-f839bd3d9382/datanode-8/data/ratis] (custom)
2019-10-15 21:18:47,466 [pool-590-thread-1] INFO  server.RaftServerConfigKeys (ConfUtils.java:logGet(43)) - raft.server.log.corruption.policy = EXCEPTION (default)
2019-10-15 21:18:47,467 [pool-590-thread-1] INFO  storage.RaftStorageDirectory (RaftStorageDirectory.java:analyzeStorage(246)) - The storage directory /workdir/hadoop-ozone/integration-test/target/test-dir/MiniOzoneClusterImpl-31458ddc-69ad-405c-a8b1-f839bd3d9382/datanode-8/data/ratis/ae20c3c2-49e4-460f-bf6d-75d137ea487e does not exist. Creating ...
2019-10-15 21:18:47,470 [8cb7ea3b-ad52-4b28-856c-a59c42ac9757@group-9C5CC721B6D2-SegmentedRaftLogWorker] INFO  segmented.SegmentedRaftLogWorker (SegmentedRaftLogWorker.java:execute(576)) - 8cb7ea3b-ad52-4b28-856c-a59c42ac9757@group-9C5CC721B6D2-SegmentedRaftLogWorker: created new log segment /workdir/hadoop-ozone/integration-test/target/test-dir/MiniOzoneClusterImpl-31458ddc-69ad-405c-a8b1-f839bd3d9382/datanode-7/data/ratis/cbd9274a-7da4-4ef0-a45d-9c5cc721b6d2/current/log_inprogress_0
2019-10-15 21:18:47,470 [db364705-f60f-4be7-83db-fd25b014fd0b@group-499C0513E079-SegmentedRaftLogWorker] INFO  segmented.SegmentedRaftLogWorker (SegmentedRaftLogWorker.java:execute(576)) - db364705-f60f-4be7-83db-fd25b014fd0b@group-499C0513E079-SegmentedRaftLogWorker: created new log segment /workdir/hadoop-ozone/integration-test/target/test-dir/MiniOzoneClusterImpl-31458ddc-69ad-405c-a8b1-f839bd3d9382/datanode-5/data/ratis/cd8e3525-f498-46d1-b0fe-499c0513e079/current/log_inprogress_0
2019-10-15 21:18:47,471 [pool-590-thread-1] INFO  storage.RaftStorageDirectory (RaftStorageDirectory.java:tryLock(328)) - Lock on /workdir/hadoop-ozone/integration-test/target/test-dir/MiniOzoneClusterImpl-31458ddc-69ad-405c-a8b1-f839bd3d9382/datanode-8/data/ratis/ae20c3c2-49e4-460f-bf6d-75d137ea487e/in_use.lock acquired by nodename 3939@pr-hdds-2254-trunk-ddzgt-1485873308
2019-10-15 21:18:47,470 [090573f1-c213-462e-b422-6463ca97c373@group-848D76B22711-LeaderElection989] INFO  impl.LeaderElection (LeaderElection.java:askForVotes(178)) - 090573f1-c213-462e-b422-6463ca97c373@group-848D76B22711-LeaderElection989: begin an election at term 6 for -1: [93d557fa-335e-4e3d-b2bb-e33832802906:192.168.69.102:43737, 090573f1-c213-462e-b422-6463ca97c373:192.168.69.102:43336, db364705-f60f-4be7-83db-fd25b014fd0b:192.168.69.102:41270], old=null
2019-10-15 21:18:47,472 [grpc-default-executor-10] INFO  impl.RaftServerImpl (RaftServerImpl.java:setRole(184)) - db364705-f60f-4be7-83db-fd25b014fd0b@group-848D76B22711: changes role from  FOLLOWER to FOLLOWER at term 6 for recognizeCandidate:090573f1-c213-462e-b422-6463ca97c373
2019-10-15 21:18:47,472 [grpc-default-executor-3] INFO  impl.RaftServerImpl (RaftServerImpl.java:setRole(184)) - 93d557fa-335e-4e3d-b2bb-e33832802906@group-848D76B22711: changes role from  FOLLOWER to FOLLOWER at term 6 for recognizeCandidate:090573f1-c213-462e-b422-6463ca97c373
2019-10-15 21:18:47,472 [grpc-default-executor-3] INFO  impl.RoleInfo (RoleInfo.java:shutdownFollowerState(121)) - 93d557fa-335e-4e3d-b2bb-e33832802906: shutdown FollowerState
2019-10-15 21:18:47,472 [grpc-default-executor-10] INFO  impl.RoleInfo (RoleInfo.java:shutdownFollowerState(121)) - db364705-f60f-4be7-83db-fd25b014fd0b: shutdown FollowerState
2019-10-15 21:18:47,473 [Thread-8468] INFO  impl.FollowerState (FollowerState.java:run(117)) - 93d557fa-335e-4e3d-b2bb-e33832802906@group-848D76B22711-FollowerState was interrupted: java.lang.InterruptedException: sleep interrupted
2019-10-15 21:18:47,472 [grpc-default-executor-3] INFO  impl.RoleInfo (RoleInfo.java:updateAndGet(143)) - 93d557fa-335e-4e3d-b2bb-e33832802906: start FollowerState
2019-10-15 21:18:47,473 [Thread-8469] INFO  impl.FollowerState (FollowerState.java:run(117)) - db364705-f60f-4be7-83db-fd25b014fd0b@group-848D76B22711-FollowerState was interrupted: java.lang.InterruptedException: sleep interrupted
2019-10-15 21:18:47,473 [grpc-default-executor-10] INFO  impl.RoleInfo (RoleInfo.java:updateAndGet(143)) - db364705-f60f-4be7-83db-fd25b014fd0b: start FollowerState
2019-10-15 21:18:47,475 [pool-590-thread-1] INFO  storage.RaftStorage (RaftStorage.java:format(84)) - Storage directory /workdir/hadoop-ozone/integration-test/target/test-dir/MiniOzoneClusterImpl-31458ddc-69ad-405c-a8b1-f839bd3d9382/datanode-8/data/ratis/ae20c3c2-49e4-460f-bf6d-75d137ea487e has been successfully formatted.
2019-10-15 21:18:47,476 [pool-590-thread-1] INFO  ratis.ContainerStateMachine (ContainerStateMachine.java:loadSnapshot(231)) - group-75D137EA487E: The snapshot info is null. Setting the last applied indexto:(t:0, i:~)
2019-10-15 21:18:47,476 [pool-590-thread-1] INFO  server.RaftServerConfigKeys (ConfUtils.java:logGet(43)) - raft.server.notification.no-leader.timeout = 120s (custom)
2019-10-15 21:18:47,476 [pool-590-thread-1] INFO  server.RaftServerConfigKeys (ConfUtils.java:logGet(43)) - raft.server.log.use.memory = false (default)
2019-10-15 21:18:47,476 [pool-590-thread-1] INFO  server.RaftServerConfigKeys (ConfUtils.java:logGet(43)) - raft.server.log.purge.gap = 1000000 (custom)
2019-10-15 21:18:47,476 [pool-590-thread-1] INFO  server.RaftServerConfigKeys (ConfUtils.java:logGet(43)) - raft.server.log.appender.buffer.byte-limit = 33554432 (custom)
2019-10-15 21:18:47,476 [pool-590-thread-1] INFO  server.RaftServerConfigKeys (ConfUtils.java:logGet(43)) - raft.server.log.segment.size.max = 1048576 (custom)
2019-10-15 21:18:47,477 [pool-590-thread-1] INFO  server.RaftServerConfigKeys (ConfUtils.java:logGet(43)) - raft.server.log.segment.cache.num.max = 2 (custom)
2019-10-15 21:18:47,477 [pool-590-thread-1] INFO  segmented.SegmentedRaftLogWorker (SegmentedRaftLogWorker.java:<init>(173)) - new 274b1c51-9c2c-4419-942c-803b5038fb5c@group-75D137EA487E-SegmentedRaftLogWorker for RaftStorage:Storage Directory /workdir/hadoop-ozone/integration-test/target/test-dir/MiniOzoneClusterImpl-31458ddc-69ad-405c-a8b1-f839bd3d9382/datanode-8/data/ratis/ae20c3c2-49e4-460f-bf6d-75d137ea487e
2019-10-15 21:18:47,478 [pool-590-thread-1] INFO  server.RaftServerConfigKeys (ConfUtils.java:logGet(43)) - raft.server.log.queue.byte-limit = 2147483647 (custom)
2019-10-15 21:18:47,478 [pool-590-thread-1] INFO  server.RaftServerConfigKeys (ConfUtils.java:logGet(43)) - raft.server.log.queue.element-limit = 1024 (custom)
2019-10-15 21:18:47,478 [pool-590-thread-1] INFO  server.RaftServerConfigKeys (ConfUtils.java:logGet(43)) - raft.server.log.segment.size.max = 1048576 (custom)
2019-10-15 21:18:47,478 [pool-590-thread-1] INFO  server.RaftServerConfigKeys (ConfUtils.java:logGet(43)) - raft.server.log.preallocated.size = 16384 (custom)
2019-10-15 21:18:47,478 [pool-590-thread-1] INFO  server.RaftServerConfigKeys (ConfUtils.java:logGet(43)) - raft.server.log.write.buffer.size = 33554432 (custom)
2019-10-15 21:18:47,478 [pool-590-thread-1] INFO  server.RaftServerConfigKeys (ConfUtils.java:logGet(43)) - raft.server.log.force.sync.num = 128 (default)
2019-10-15 21:18:47,478 [pool-590-thread-1] INFO  server.RaftServerConfigKeys (ConfUtils.java:logGet(43)) - raft.server.log.statemachine.data.sync = true (default)
2019-10-15 21:18:47,478 [pool-590-thread-1] INFO  server.RaftServerConfigKeys (ConfUtils.java:logGet(43)) - raft.server.log.statemachine.data.sync.timeout = 10s (default)
2019-10-15 21:18:47,478 [pool-590-thread-1] INFO  server.RaftServerConfigKeys (ConfUtils.java:logGet(43)) - raft.server.log.statemachine.data.sync.timeout.retry = -1 (default)
2019-10-15 21:18:47,478 [pool-590-thread-1] INFO  server.RaftServerConfigKeys (ConfUtils.java:logGet(43)) - raft.server.log.statemachine.data.caching.enabled = true (custom)
2019-10-15 21:18:47,481 [pool-590-thread-1] INFO  segmented.SegmentedRaftLogWorker (SegmentedRaftLogWorker.java:lambda$new$0(128)) - 274b1c51-9c2c-4419-942c-803b5038fb5c@group-75D137EA487E-SegmentedRaftLogWorker: flushIndex: setUnconditionally 0 -> -1
2019-10-15 21:18:47,481 [pool-590-thread-1] INFO  server.RaftServerConfigKeys (ConfUtils.java:logGet(43)) - raft.server.snapshot.auto.trigger.enabled = true (custom)
2019-10-15 21:18:47,481 [pool-590-thread-1] INFO  server.RaftServerConfigKeys (ConfUtils.java:logGet(43)) - raft.server.snapshot.auto.trigger.threshold = 10000 (custom)
2019-10-15 21:18:47,481 [pool-590-thread-1] INFO  server.RaftServerConfigKeys (ConfUtils.java:logGet(43)) - raft.server.snapshot.retention.file.num = 5 (custom)
2019-10-15 21:18:47,481 [pool-590-thread-1] INFO  server.RaftServerConfigKeys (ConfUtils.java:logGet(43)) - raft.server.retrycache.expirytime = 600000ms (custom)
2019-10-15 21:18:47,483 [090573f1-c213-462e-b422-6463ca97c373@group-848D76B22711-LeaderElection989] INFO  impl.LeaderElection (LeaderElection.java:logAndReturn(56)) - 090573f1-c213-462e-b422-6463ca97c373@group-848D76B22711-LeaderElection989: Election REJECTED; received 2 response(s) [090573f1-c213-462e-b422-6463ca97c373<-93d557fa-335e-4e3d-b2bb-e33832802906#0:FAIL-t6, 090573f1-c213-462e-b422-6463ca97c373<-db364705-f60f-4be7-83db-fd25b014fd0b#0:FAIL-t6] and 0 exception(s); 090573f1-c213-462e-b422-6463ca97c373@group-848D76B22711:t6, leader=null, voted=090573f1-c213-462e-b422-6463ca97c373, raftlog=090573f1-c213-462e-b422-6463ca97c373@group-848D76B22711-SegmentedRaftLog:OPENED:c-1,f-1,i0, conf=-1: [93d557fa-335e-4e3d-b2bb-e33832802906:192.168.69.102:43737, 090573f1-c213-462e-b422-6463ca97c373:192.168.69.102:43336, db364705-f60f-4be7-83db-fd25b014fd0b:192.168.69.102:41270], old=null
2019-10-15 21:18:47,483 [090573f1-c213-462e-b422-6463ca97c373@group-848D76B22711-LeaderElection989] INFO  impl.RaftServerImpl (RaftServerImpl.java:setRole(184)) - 090573f1-c213-462e-b422-6463ca97c373@group-848D76B22711: changes role from CANDIDATE to FOLLOWER at term 6 for DISCOVERED_A_NEW_TERM
2019-10-15 21:18:47,483 [090573f1-c213-462e-b422-6463ca97c373@group-848D76B22711-LeaderElection989] INFO  impl.RoleInfo (RoleInfo.java:shutdownLeaderElection(134)) - 090573f1-c213-462e-b422-6463ca97c373: shutdown LeaderElection
2019-10-15 21:18:47,483 [090573f1-c213-462e-b422-6463ca97c373@group-848D76B22711-LeaderElection989] INFO  impl.RoleInfo (RoleInfo.java:updateAndGet(143)) - 090573f1-c213-462e-b422-6463ca97c373: start FollowerState
2019-10-15 21:18:47,483 [pool-590-thread-1] INFO  impl.RaftServerImpl (RaftServerImpl.java:start(195)) - 274b1c51-9c2c-4419-942c-803b5038fb5c@group-75D137EA487E: start as a follower, conf=-1: [274b1c51-9c2c-4419-942c-803b5038fb5c:192.168.69.102:39513], old=null
2019-10-15 21:18:47,484 [pool-590-thread-1] INFO  impl.RaftServerImpl (RaftServerImpl.java:setRole(184)) - 274b1c51-9c2c-4419-942c-803b5038fb5c@group-75D137EA487E: changes role from      null to FOLLOWER at term 0 for startAsFollower
2019-10-15 21:18:47,484 [pool-590-thread-1] INFO  impl.RoleInfo (RoleInfo.java:updateAndGet(143)) - 274b1c51-9c2c-4419-942c-803b5038fb5c: start FollowerState
2019-10-15 21:18:47,484 [pool-590-thread-1] INFO  util.JmxRegister (JmxRegister.java:tryRegister(44)) - Successfully registered JMX Bean with object name Ratis:service=RaftServer,group=group-75D137EA487E,id=274b1c51-9c2c-4419-942c-803b5038fb5c
2019-10-15 21:18:47,487 [RatisPipelineUtilsThread] INFO  pipeline.PipelineStateManager (PipelineStateManager.java:addPipeline(56)) - Created pipeline Pipeline[ Id: ae20c3c2-49e4-460f-bf6d-75d137ea487e, Nodes: 274b1c51-9c2c-4419-942c-803b5038fb5c{ip: 192.168.69.102, host: pr-hdds-2254-trunk-ddzgt-1485873308, networkLocation: /rack1, certSerialId: null}, Type:RATIS, Factor:ONE, State:OPEN]
2019-10-15 21:18:47,490 [Thread-8452] INFO  impl.FollowerState (FollowerState.java:run(108)) - e66d25fa-4711-4065-821e-74242ad152cb@group-3ABCB13D7792-FollowerState: change to CANDIDATE, lastRpcTime:180ms, electionTimeout:180ms
2019-10-15 21:18:47,490 [Thread-8452] INFO  impl.RoleInfo (RoleInfo.java:shutdownFollowerState(121)) - e66d25fa-4711-4065-821e-74242ad152cb: shutdown FollowerState
2019-10-15 21:18:47,490 [Thread-8452] INFO  impl.RaftServerImpl (RaftServerImpl.java:setRole(184)) - e66d25fa-4711-4065-821e-74242ad152cb@group-3ABCB13D7792: changes role from  FOLLOWER to CANDIDATE at term 0 for changeToCandidate
2019-10-15 21:18:47,492 [Thread-8452] INFO  impl.RoleInfo (RoleInfo.java:updateAndGet(143)) - e66d25fa-4711-4065-821e-74242ad152cb: start LeaderElection
2019-10-15 21:18:47,505 [grpc-default-executor-10] INFO  impl.RaftServerProxy (RaftServerProxy.java:addNew(89)) - 274b1c51-9c2c-4419-942c-803b5038fb5c: addNew group-2C98C0445E28:[8cb7ea3b-ad52-4b28-856c-a59c42ac9757:192.168.69.102:41689, 274b1c51-9c2c-4419-942c-803b5038fb5c:192.168.69.102:39513, e66d25fa-4711-4065-821e-74242ad152cb:192.168.69.102:39961] returns group-2C98C0445E28:java.util.concurrent.CompletableFuture@1eabbdb[Not completed]
2019-10-15 21:18:47,505 [grpc-default-executor-2] INFO  impl.RaftServerProxy (RaftServerProxy.java:addNew(89)) - e66d25fa-4711-4065-821e-74242ad152cb: addNew group-2C98C0445E28:[8cb7ea3b-ad52-4b28-856c-a59c42ac9757:192.168.69.102:41689, 274b1c51-9c2c-4419-942c-803b5038fb5c:192.168.69.102:39513, e66d25fa-4711-4065-821e-74242ad152cb:192.168.69.102:39961] returns group-2C98C0445E28:java.util.concurrent.CompletableFuture@107cd778[Not completed]
2019-10-15 21:18:47,505 [grpc-default-executor-3] INFO  impl.RaftServerProxy (RaftServerProxy.java:addNew(89)) - 8cb7ea3b-ad52-4b28-856c-a59c42ac9757: addNew group-2C98C0445E28:[8cb7ea3b-ad52-4b28-856c-a59c42ac9757:192.168.69.102:41689, 274b1c51-9c2c-4419-942c-803b5038fb5c:192.168.69.102:39513, e66d25fa-4711-4065-821e-74242ad152cb:192.168.69.102:39961] returns group-2C98C0445E28:java.util.concurrent.CompletableFuture@74b7a1a6[Not completed]
2019-10-15 21:18:47,506 [pool-590-thread-1] INFO  impl.RaftServerImpl (RaftServerImpl.java:<init>(104)) - 274b1c51-9c2c-4419-942c-803b5038fb5c: new RaftServerImpl for group-2C98C0445E28:[8cb7ea3b-ad52-4b28-856c-a59c42ac9757:192.168.69.102:41689, 274b1c51-9c2c-4419-942c-803b5038fb5c:192.168.69.102:39513, e66d25fa-4711-4065-821e-74242ad152cb:192.168.69.102:39961] with ContainerStateMachine:uninitialized
2019-10-15 21:18:47,506 [pool-590-thread-1] INFO  server.RaftServerConfigKeys (ConfUtils.java:logGet(43)) - raft.server.rpc.timeout.min = 1s (custom)
2019-10-15 21:18:47,506 [pool-590-thread-1] INFO  server.RaftServerConfigKeys (ConfUtils.java:logGet(43)) - raft.server.rpc.timeout.max = 1200ms (custom)
2019-10-15 21:18:47,506 [pool-590-thread-1] INFO  server.RaftServerConfigKeys (ConfUtils.java:logGet(43)) - raft.server.rpcslowness.timeout = 120s (custom)
2019-10-15 21:18:47,506 [pool-590-thread-1] INFO  server.RaftServerConfigKeys (ConfUtils.java:logGet(43)) - raft.server.sleep.deviation.threshold = 300 (default)
2019-10-15 21:18:47,506 [pool-590-thread-1] INFO  server.RaftServerConfigKeys (ConfUtils.java:logGet(43)) - raft.server.log.appender.install.snapshot.enabled = false (custom)
2019-10-15 21:18:47,506 [pool-580-thread-1] INFO  impl.RaftServerImpl (RaftServerImpl.java:<init>(104)) - 8cb7ea3b-ad52-4b28-856c-a59c42ac9757: new RaftServerImpl for group-2C98C0445E28:[8cb7ea3b-ad52-4b28-856c-a59c42ac9757:192.168.69.102:41689, 274b1c51-9c2c-4419-942c-803b5038fb5c:192.168.69.102:39513, e66d25fa-4711-4065-821e-74242ad152cb:192.168.69.102:39961] with ContainerStateMachine:uninitialized
2019-10-15 21:18:47,506 [pool-590-thread-1] INFO  impl.RaftServerImpl (ServerState.java:<init>(103)) - 274b1c51-9c2c-4419-942c-803b5038fb5c@group-2C98C0445E28: ConfigurationManager, init=-1: [8cb7ea3b-ad52-4b28-856c-a59c42ac9757:192.168.69.102:41689, 274b1c51-9c2c-4419-942c-803b5038fb5c:192.168.69.102:39513, e66d25fa-4711-4065-821e-74242ad152cb:192.168.69.102:39961], old=null, confs=<EMPTY_MAP>
2019-10-15 21:18:47,507 [pool-580-thread-1] INFO  server.RaftServerConfigKeys (ConfUtils.java:logGet(43)) - raft.server.rpc.timeout.min = 1s (custom)
2019-10-15 21:18:47,507 [pool-590-thread-1] INFO  server.RaftServerConfigKeys (ConfUtils.java:logGet(43)) - raft.server.storage.dir = [/workdir/hadoop-ozone/integration-test/target/test-dir/MiniOzoneClusterImpl-31458ddc-69ad-405c-a8b1-f839bd3d9382/datanode-8/data/ratis] (custom)
2019-10-15 21:18:47,507 [pool-570-thread-1] INFO  impl.RaftServerImpl (RaftServerImpl.java:<init>(104)) - e66d25fa-4711-4065-821e-74242ad152cb: new RaftServerImpl for group-2C98C0445E28:[8cb7ea3b-ad52-4b28-856c-a59c42ac9757:192.168.69.102:41689, 274b1c51-9c2c-4419-942c-803b5038fb5c:192.168.69.102:39513, e66d25fa-4711-4065-821e-74242ad152cb:192.168.69.102:39961] with ContainerStateMachine:uninitialized
2019-10-15 21:18:47,507 [pool-580-thread-1] INFO  server.RaftServerConfigKeys (ConfUtils.java:logGet(43)) - raft.server.rpc.timeout.max = 1200ms (custom)
2019-10-15 21:18:47,507 [pool-570-thread-1] INFO  server.RaftServerConfigKeys (ConfUtils.java:logGet(43)) - raft.server.rpc.timeout.min = 1s (custom)
2019-10-15 21:18:47,507 [pool-590-thread-1] INFO  server.RaftServerConfigKeys (ConfUtils.java:logGet(43)) - raft.server.log.corruption.policy = EXCEPTION (default)
2019-10-15 21:18:47,507 [pool-570-thread-1] INFO  server.RaftServerConfigKeys (ConfUtils.java:logGet(43)) - raft.server.rpc.timeout.max = 1200ms (custom)
2019-10-15 21:18:47,507 [pool-580-thread-1] INFO  server.RaftServerConfigKeys (ConfUtils.java:logGet(43)) - raft.server.rpcslowness.timeout = 120s (custom)
2019-10-15 21:18:47,507 [pool-570-thread-1] INFO  server.RaftServerConfigKeys (ConfUtils.java:logGet(43)) - raft.server.rpcslowness.timeout = 120s (custom)
2019-10-15 21:18:47,507 [pool-590-thread-1] INFO  storage.RaftStorageDirectory (RaftStorageDirectory.java:analyzeStorage(246)) - The storage directory /workdir/hadoop-ozone/integration-test/target/test-dir/MiniOzoneClusterImpl-31458ddc-69ad-405c-a8b1-f839bd3d9382/datanode-8/data/ratis/b6171856-9d25-406a-b188-2c98c0445e28 does not exist. Creating ...
2019-10-15 21:18:47,508 [pool-570-thread-1] INFO  server.RaftServerConfigKeys (ConfUtils.java:logGet(43)) - raft.server.sleep.deviation.threshold = 300 (default)
2019-10-15 21:18:47,507 [pool-580-thread-1] INFO  server.RaftServerConfigKeys (ConfUtils.java:logGet(43)) - raft.server.sleep.deviation.threshold = 300 (default)
2019-10-15 21:18:47,508 [pool-570-thread-1] INFO  server.RaftServerConfigKeys (ConfUtils.java:logGet(43)) - raft.server.log.appender.install.snapshot.enabled = false (custom)
2019-10-15 21:18:47,508 [IPC Server handler 19 on 43782] INFO  net.NetworkTopology (NetworkTopologyImpl.java:add(111)) - Added a new node: /rack1/ba85c1be-f88e-49af-b96e-605dad6c1e68
2019-10-15 21:18:47,508 [pool-580-thread-1] INFO  server.RaftServerConfigKeys (ConfUtils.java:logGet(43)) - raft.server.log.appender.install.snapshot.enabled = false (custom)
2019-10-15 21:18:47,508 [IPC Server handler 19 on 43782] INFO  node.SCMNodeManager (SCMNodeManager.java:register(268)) - Registered Data node : ba85c1be-f88e-49af-b96e-605dad6c1e68{ip: 192.168.69.102, host: pr-hdds-2254-trunk-ddzgt-1485873308, networkLocation: /rack1, certSerialId: null}
2019-10-15 21:18:47,508 [pool-570-thread-1] INFO  impl.RaftServerImpl (ServerState.java:<init>(103)) - e66d25fa-4711-4065-821e-74242ad152cb@group-2C98C0445E28: ConfigurationManager, init=-1: [8cb7ea3b-ad52-4b28-856c-a59c42ac9757:192.168.69.102:41689, 274b1c51-9c2c-4419-942c-803b5038fb5c:192.168.69.102:39513, e66d25fa-4711-4065-821e-74242ad152cb:192.168.69.102:39961], old=null, confs=<EMPTY_MAP>
2019-10-15 21:18:47,508 [pool-580-thread-1] INFO  impl.RaftServerImpl (ServerState.java:<init>(103)) - 8cb7ea3b-ad52-4b28-856c-a59c42ac9757@group-2C98C0445E28: ConfigurationManager, init=-1: [8cb7ea3b-ad52-4b28-856c-a59c42ac9757:192.168.69.102:41689, 274b1c51-9c2c-4419-942c-803b5038fb5c:192.168.69.102:39513, e66d25fa-4711-4065-821e-74242ad152cb:192.168.69.102:39961], old=null, confs=<EMPTY_MAP>
2019-10-15 21:18:47,508 [pool-570-thread-1] INFO  server.RaftServerConfigKeys (ConfUtils.java:logGet(43)) - raft.server.storage.dir = [/workdir/hadoop-ozone/integration-test/target/test-dir/MiniOzoneClusterImpl-31458ddc-69ad-405c-a8b1-f839bd3d9382/datanode-6/data/ratis] (custom)
2019-10-15 21:18:47,509 [pool-580-thread-1] INFO  server.RaftServerConfigKeys (ConfUtils.java:logGet(43)) - raft.server.storage.dir = [/workdir/hadoop-ozone/integration-test/target/test-dir/MiniOzoneClusterImpl-31458ddc-69ad-405c-a8b1-f839bd3d9382/datanode-7/data/ratis] (custom)
2019-10-15 21:18:47,509 [pool-570-thread-1] INFO  server.RaftServerConfigKeys (ConfUtils.java:logGet(43)) - raft.server.log.corruption.policy = EXCEPTION (default)
2019-10-15 21:18:47,509 [pool-580-thread-1] INFO  server.RaftServerConfigKeys (ConfUtils.java:logGet(43)) - raft.server.log.corruption.policy = EXCEPTION (default)
2019-10-15 21:18:47,509 [pool-570-thread-1] INFO  storage.RaftStorageDirectory (RaftStorageDirectory.java:analyzeStorage(246)) - The storage directory /workdir/hadoop-ozone/integration-test/target/test-dir/MiniOzoneClusterImpl-31458ddc-69ad-405c-a8b1-f839bd3d9382/datanode-6/data/ratis/b6171856-9d25-406a-b188-2c98c0445e28 does not exist. Creating ...
2019-10-15 21:18:47,509 [pool-580-thread-1] INFO  storage.RaftStorageDirectory (RaftStorageDirectory.java:analyzeStorage(246)) - The storage directory /workdir/hadoop-ozone/integration-test/target/test-dir/MiniOzoneClusterImpl-31458ddc-69ad-405c-a8b1-f839bd3d9382/datanode-7/data/ratis/b6171856-9d25-406a-b188-2c98c0445e28 does not exist. Creating ...
2019-10-15 21:18:47,512 [e66d25fa-4711-4065-821e-74242ad152cb@group-3ABCB13D7792-LeaderElection990] INFO  impl.LeaderElection (LeaderElection.java:askForVotes(178)) - e66d25fa-4711-4065-821e-74242ad152cb@group-3ABCB13D7792-LeaderElection990: begin an election at term 1 for -1: [e66d25fa-4711-4065-821e-74242ad152cb:192.168.69.102:39961], old=null
2019-10-15 21:18:47,512 [e66d25fa-4711-4065-821e-74242ad152cb@group-3ABCB13D7792-LeaderElection990] INFO  impl.RoleInfo (RoleInfo.java:shutdownLeaderElection(134)) - e66d25fa-4711-4065-821e-74242ad152cb: shutdown LeaderElection
2019-10-15 21:18:47,512 [e66d25fa-4711-4065-821e-74242ad152cb@group-3ABCB13D7792-LeaderElection990] INFO  impl.RaftServerImpl (RaftServerImpl.java:setRole(184)) - e66d25fa-4711-4065-821e-74242ad152cb@group-3ABCB13D7792: changes role from CANDIDATE to LEADER at term 1 for changeToLeader
2019-10-15 21:18:47,512 [e66d25fa-4711-4065-821e-74242ad152cb@group-3ABCB13D7792-LeaderElection990] INFO  impl.RaftServerImpl (ServerState.java:setLeader(256)) - e66d25fa-4711-4065-821e-74242ad152cb@group-3ABCB13D7792: change Leader from null to e66d25fa-4711-4065-821e-74242ad152cb at term 1 for becomeLeader, leader elected after 209ms
2019-10-15 21:18:47,512 [e66d25fa-4711-4065-821e-74242ad152cb@group-3ABCB13D7792-LeaderElection990] INFO  server.RaftServerConfigKeys (ConfUtils.java:logGet(43)) - raft.server.staging.catchup.gap = 1000 (default)
2019-10-15 21:18:47,512 [e66d25fa-4711-4065-821e-74242ad152cb@group-3ABCB13D7792-LeaderElection990] INFO  server.RaftServerConfigKeys (ConfUtils.java:logGet(43)) - raft.server.rpc.sleep.time = 25ms (default)
2019-10-15 21:18:47,512 [e66d25fa-4711-4065-821e-74242ad152cb@group-3ABCB13D7792-LeaderElection990] INFO  server.RaftServerConfigKeys (ConfUtils.java:logGet(43)) - raft.server.write.element-limit = 4096 (default)
2019-10-15 21:18:47,512 [e66d25fa-4711-4065-821e-74242ad152cb@group-3ABCB13D7792-LeaderElection990] INFO  server.RaftServerConfigKeys (ConfUtils.java:logGet(43)) - raft.server.watch.timeout = 10s (default)
2019-10-15 21:18:47,513 [e66d25fa-4711-4065-821e-74242ad152cb@group-3ABCB13D7792-LeaderElection990] INFO  server.RaftServerConfigKeys (ConfUtils.java:logGet(43)) - raft.server.watch.timeout.denomination = 1s (default)
2019-10-15 21:18:47,513 [e66d25fa-4711-4065-821e-74242ad152cb@group-3ABCB13D7792-LeaderElection990] INFO  server.RaftServerConfigKeys (ConfUtils.java:logGet(43)) - raft.server.watch.element-limit = 65536 (default)
2019-10-15 21:18:47,512 [pool-580-thread-1] INFO  storage.RaftStorageDirectory (RaftStorageDirectory.java:tryLock(328)) - Lock on /workdir/hadoop-ozone/integration-test/target/test-dir/MiniOzoneClusterImpl-31458ddc-69ad-405c-a8b1-f839bd3d9382/datanode-7/data/ratis/b6171856-9d25-406a-b188-2c98c0445e28/in_use.lock acquired by nodename 3939@pr-hdds-2254-trunk-ddzgt-1485873308
2019-10-15 21:18:47,512 [pool-590-thread-1] INFO  storage.RaftStorageDirectory (RaftStorageDirectory.java:tryLock(328)) - Lock on /workdir/hadoop-ozone/integration-test/target/test-dir/MiniOzoneClusterImpl-31458ddc-69ad-405c-a8b1-f839bd3d9382/datanode-8/data/ratis/b6171856-9d25-406a-b188-2c98c0445e28/in_use.lock acquired by nodename 3939@pr-hdds-2254-trunk-ddzgt-1485873308
2019-10-15 21:18:47,512 [pool-570-thread-1] INFO  storage.RaftStorageDirectory (RaftStorageDirectory.java:tryLock(328)) - Lock on /workdir/hadoop-ozone/integration-test/target/test-dir/MiniOzoneClusterImpl-31458ddc-69ad-405c-a8b1-f839bd3d9382/datanode-6/data/ratis/b6171856-9d25-406a-b188-2c98c0445e28/in_use.lock acquired by nodename 3939@pr-hdds-2254-trunk-ddzgt-1485873308
2019-10-15 21:18:47,514 [main] INFO  ozone.MiniOzoneClusterImpl (MiniOzoneClusterImpl.java:lambda$waitForClusterToBeReady$0(147)) - Cluster is ready. Got 10 of 10 DN Heartbeats.
2019-10-15 21:18:47,514 [e66d25fa-4711-4065-821e-74242ad152cb@group-3ABCB13D7792-LeaderElection990] INFO  impl.RoleInfo (RoleInfo.java:updateAndGet(143)) - e66d25fa-4711-4065-821e-74242ad152cb: start LeaderState
2019-10-15 21:18:47,514 [e66d25fa-4711-4065-821e-74242ad152cb@group-3ABCB13D7792-LeaderElection990] INFO  segmented.SegmentedRaftLogWorker (SegmentedRaftLogWorker.java:startLogSegment(385)) - e66d25fa-4711-4065-821e-74242ad152cb@group-3ABCB13D7792-SegmentedRaftLogWorker: Starting segment from index:0
2019-10-15 21:18:47,515 [e66d25fa-4711-4065-821e-74242ad152cb@group-3ABCB13D7792-LeaderElection990] INFO  impl.RaftServerImpl (ServerState.java:setRaftConf(357)) - e66d25fa-4711-4065-821e-74242ad152cb@group-3ABCB13D7792: set configuration 0: [e66d25fa-4711-4065-821e-74242ad152cb:192.168.69.102:39961], old=null at 0
2019-10-15 21:18:47,544 [pool-590-thread-1] INFO  storage.RaftStorage (RaftStorage.java:format(84)) - Storage directory /workdir/hadoop-ozone/integration-test/target/test-dir/MiniOzoneClusterImpl-31458ddc-69ad-405c-a8b1-f839bd3d9382/datanode-8/data/ratis/b6171856-9d25-406a-b188-2c98c0445e28 has been successfully formatted.
2019-10-15 21:18:47,544 [pool-580-thread-1] INFO  storage.RaftStorage (RaftStorage.java:format(84)) - Storage directory /workdir/hadoop-ozone/integration-test/target/test-dir/MiniOzoneClusterImpl-31458ddc-69ad-405c-a8b1-f839bd3d9382/datanode-7/data/ratis/b6171856-9d25-406a-b188-2c98c0445e28 has been successfully formatted.
2019-10-15 21:18:47,544 [pool-570-thread-1] INFO  storage.RaftStorage (RaftStorage.java:format(84)) - Storage directory /workdir/hadoop-ozone/integration-test/target/test-dir/MiniOzoneClusterImpl-31458ddc-69ad-405c-a8b1-f839bd3d9382/datanode-6/data/ratis/b6171856-9d25-406a-b188-2c98c0445e28 has been successfully formatted.
2019-10-15 21:18:47,549 [pool-580-thread-1] INFO  ratis.ContainerStateMachine (ContainerStateMachine.java:loadSnapshot(231)) - group-2C98C0445E28: The snapshot info is null. Setting the last applied indexto:(t:0, i:~)
2019-10-15 21:18:47,549 [pool-590-thread-1] INFO  ratis.ContainerStateMachine (ContainerStateMachine.java:loadSnapshot(231)) - group-2C98C0445E28: The snapshot info is null. Setting the last applied indexto:(t:0, i:~)
2019-10-15 21:18:47,549 [pool-580-thread-1] INFO  server.RaftServerConfigKeys (ConfUtils.java:logGet(43)) - raft.server.notification.no-leader.timeout = 120s (custom)
2019-10-15 21:18:47,549 [pool-570-thread-1] INFO  ratis.ContainerStateMachine (ContainerStateMachine.java:loadSnapshot(231)) - group-2C98C0445E28: The snapshot info is null. Setting the last applied indexto:(t:0, i:~)
2019-10-15 21:18:47,549 [pool-580-thread-1] INFO  server.RaftServerConfigKeys (ConfUtils.java:logGet(43)) - raft.server.log.use.memory = false (default)
2019-10-15 21:18:47,549 [pool-590-thread-1] INFO  server.RaftServerConfigKeys (ConfUtils.java:logGet(43)) - raft.server.notification.no-leader.timeout = 120s (custom)
2019-10-15 21:18:47,549 [pool-580-thread-1] INFO  server.RaftServerConfigKeys (ConfUtils.java:logGet(43)) - raft.server.log.purge.gap = 1000000 (custom)
2019-10-15 21:18:47,549 [pool-570-thread-1] INFO  server.RaftServerConfigKeys (ConfUtils.java:logGet(43)) - raft.server.notification.no-leader.timeout = 120s (custom)
2019-10-15 21:18:47,549 [pool-580-thread-1] INFO  server.RaftServerConfigKeys (ConfUtils.java:logGet(43)) - raft.server.log.appender.buffer.byte-limit = 33554432 (custom)
2019-10-15 21:18:47,549 [pool-590-thread-1] INFO  server.RaftServerConfigKeys (ConfUtils.java:logGet(43)) - raft.server.log.use.memory = false (default)
2019-10-15 21:18:47,550 [pool-580-thread-1] INFO  server.RaftServerConfigKeys (ConfUtils.java:logGet(43)) - raft.server.log.segment.size.max = 1048576 (custom)
2019-10-15 21:18:47,550 [pool-570-thread-1] INFO  server.RaftServerConfigKeys (ConfUtils.java:logGet(43)) - raft.server.log.use.memory = false (default)
2019-10-15 21:18:47,550 [pool-580-thread-1] INFO  server.RaftServerConfigKeys (ConfUtils.java:logGet(43)) - raft.server.log.segment.cache.num.max = 2 (custom)
2019-10-15 21:18:47,550 [pool-590-thread-1] INFO  server.RaftServerConfigKeys (ConfUtils.java:logGet(43)) - raft.server.log.purge.gap = 1000000 (custom)
2019-10-15 21:18:47,550 [pool-590-thread-1] INFO  server.RaftServerConfigKeys (ConfUtils.java:logGet(43)) - raft.server.log.appender.buffer.byte-limit = 33554432 (custom)
2019-10-15 21:18:47,550 [pool-580-thread-1] INFO  segmented.SegmentedRaftLogWorker (SegmentedRaftLogWorker.java:<init>(173)) - new 8cb7ea3b-ad52-4b28-856c-a59c42ac9757@group-2C98C0445E28-SegmentedRaftLogWorker for RaftStorage:Storage Directory /workdir/hadoop-ozone/integration-test/target/test-dir/MiniOzoneClusterImpl-31458ddc-69ad-405c-a8b1-f839bd3d9382/datanode-7/data/ratis/b6171856-9d25-406a-b188-2c98c0445e28
2019-10-15 21:18:47,550 [pool-580-thread-1] INFO  server.RaftServerConfigKeys (ConfUtils.java:logGet(43)) - raft.server.log.queue.byte-limit = 2147483647 (custom)
2019-10-15 21:18:47,550 [pool-580-thread-1] INFO  server.RaftServerConfigKeys (ConfUtils.java:logGet(43)) - raft.server.log.queue.element-limit = 1024 (custom)
2019-10-15 21:18:47,551 [pool-580-thread-1] INFO  server.RaftServerConfigKeys (ConfUtils.java:logGet(43)) - raft.server.log.segment.size.max = 1048576 (custom)
2019-10-15 21:18:47,554 [pool-580-thread-1] INFO  server.RaftServerConfigKeys (ConfUtils.java:logGet(43)) - raft.server.log.preallocated.size = 16384 (custom)
2019-10-15 21:18:47,550 [pool-570-thread-1] INFO  server.RaftServerConfigKeys (ConfUtils.java:logGet(43)) - raft.server.log.purge.gap = 1000000 (custom)
2019-10-15 21:18:47,554 [pool-580-thread-1] INFO  server.RaftServerConfigKeys (ConfUtils.java:logGet(43)) - raft.server.log.write.buffer.size = 33554432 (custom)
2019-10-15 21:18:47,550 [pool-590-thread-1] INFO  server.RaftServerConfigKeys (ConfUtils.java:logGet(43)) - raft.server.log.segment.size.max = 1048576 (custom)
2019-10-15 21:18:47,554 [pool-580-thread-1] INFO  server.RaftServerConfigKeys (ConfUtils.java:logGet(43)) - raft.server.log.force.sync.num = 128 (default)
2019-10-15 21:18:47,554 [pool-570-thread-1] INFO  server.RaftServerConfigKeys (ConfUtils.java:logGet(43)) - raft.server.log.appender.buffer.byte-limit = 33554432 (custom)
2019-10-15 21:18:47,554 [pool-580-thread-1] INFO  server.RaftServerConfigKeys (ConfUtils.java:logGet(43)) - raft.server.log.statemachine.data.sync = true (default)
2019-10-15 21:18:47,554 [pool-590-thread-1] INFO  server.RaftServerConfigKeys (ConfUtils.java:logGet(43)) - raft.server.log.segment.cache.num.max = 2 (custom)
2019-10-15 21:18:47,554 [pool-580-thread-1] INFO  server.RaftServerConfigKeys (ConfUtils.java:logGet(43)) - raft.server.log.statemachine.data.sync.timeout = 10s (default)
2019-10-15 21:18:47,558 [pool-580-thread-1] INFO  server.RaftServerConfigKeys (ConfUtils.java:logGet(43)) - raft.server.log.statemachine.data.sync.timeout.retry = -1 (default)
2019-10-15 21:18:47,558 [pool-580-thread-1] INFO  server.RaftServerConfigKeys (ConfUtils.java:logGet(43)) - raft.server.log.statemachine.data.caching.enabled = true (custom)
2019-10-15 21:18:47,554 [pool-570-thread-1] INFO  server.RaftServerConfigKeys (ConfUtils.java:logGet(43)) - raft.server.log.segment.size.max = 1048576 (custom)
2019-10-15 21:18:47,559 [pool-580-thread-1] INFO  segmented.SegmentedRaftLogWorker (SegmentedRaftLogWorker.java:lambda$new$0(128)) - 8cb7ea3b-ad52-4b28-856c-a59c42ac9757@group-2C98C0445E28-SegmentedRaftLogWorker: flushIndex: setUnconditionally 0 -> -1
2019-10-15 21:18:47,557 [Thread-8484] INFO  impl.FollowerState (FollowerState.java:run(108)) - 090573f1-c213-462e-b422-6463ca97c373@group-848D76B22711-FollowerState: change to CANDIDATE, lastRpcTime:73ms, electionTimeout:73ms
2019-10-15 21:18:47,554 [pool-590-thread-1] INFO  segmented.SegmentedRaftLogWorker (SegmentedRaftLogWorker.java:<init>(173)) - new 274b1c51-9c2c-4419-942c-803b5038fb5c@group-2C98C0445E28-SegmentedRaftLogWorker for RaftStorage:Storage Directory /workdir/hadoop-ozone/integration-test/target/test-dir/MiniOzoneClusterImpl-31458ddc-69ad-405c-a8b1-f839bd3d9382/datanode-8/data/ratis/b6171856-9d25-406a-b188-2c98c0445e28
2019-10-15 21:18:47,559 [Thread-8484] INFO  impl.RoleInfo (RoleInfo.java:shutdownFollowerState(121)) - 090573f1-c213-462e-b422-6463ca97c373: shutdown FollowerState
2019-10-15 21:18:47,559 [pool-580-thread-1] INFO  server.RaftServerConfigKeys (ConfUtils.java:logGet(43)) - raft.server.snapshot.auto.trigger.enabled = true (custom)
2019-10-15 21:18:47,559 [pool-570-thread-1] INFO  server.RaftServerConfigKeys (ConfUtils.java:logGet(43)) - raft.server.log.segment.cache.num.max = 2 (custom)
2019-10-15 21:18:47,559 [pool-580-thread-1] INFO  server.RaftServerConfigKeys (ConfUtils.java:logGet(43)) - raft.server.snapshot.auto.trigger.threshold = 10000 (custom)
2019-10-15 21:18:47,559 [Thread-8484] INFO  impl.RaftServerImpl (RaftServerImpl.java:setRole(184)) - 090573f1-c213-462e-b422-6463ca97c373@group-848D76B22711: changes role from  FOLLOWER to CANDIDATE at term 6 for changeToCandidate
2019-10-15 21:18:47,559 [pool-590-thread-1] INFO  server.RaftServerConfigKeys (ConfUtils.java:logGet(43)) - raft.server.log.queue.byte-limit = 2147483647 (custom)
2019-10-15 21:18:47,560 [Thread-8484] INFO  impl.RoleInfo (RoleInfo.java:updateAndGet(143)) - 090573f1-c213-462e-b422-6463ca97c373: start LeaderElection
2019-10-15 21:18:47,560 [pool-580-thread-1] INFO  server.RaftServerConfigKeys (ConfUtils.java:logGet(43)) - raft.server.snapshot.retention.file.num = 5 (custom)
2019-10-15 21:18:47,560 [e66d25fa-4711-4065-821e-74242ad152cb@group-3ABCB13D7792-SegmentedRaftLogWorker] INFO  segmented.SegmentedRaftLogWorker (SegmentedRaftLogWorker.java:execute(576)) - e66d25fa-4711-4065-821e-74242ad152cb@group-3ABCB13D7792-SegmentedRaftLogWorker: created new log segment /workdir/hadoop-ozone/integration-test/target/test-dir/MiniOzoneClusterImpl-31458ddc-69ad-405c-a8b1-f839bd3d9382/datanode-6/data/ratis/a44041bb-785a-41e8-9043-3abcb13d7792/current/log_inprogress_0
2019-10-15 21:18:47,559 [pool-570-thread-1] INFO  segmented.SegmentedRaftLogWorker (SegmentedRaftLogWorker.java:<init>(173)) - new e66d25fa-4711-4065-821e-74242ad152cb@group-2C98C0445E28-SegmentedRaftLogWorker for RaftStorage:Storage Directory /workdir/hadoop-ozone/integration-test/target/test-dir/MiniOzoneClusterImpl-31458ddc-69ad-405c-a8b1-f839bd3d9382/datanode-6/data/ratis/b6171856-9d25-406a-b188-2c98c0445e28
2019-10-15 21:18:47,575 [pool-580-thread-1] INFO  server.RaftServerConfigKeys (ConfUtils.java:logGet(43)) - raft.server.retrycache.expirytime = 600000ms (custom)
2019-10-15 21:18:47,560 [pool-590-thread-1] INFO  server.RaftServerConfigKeys (ConfUtils.java:logGet(43)) - raft.server.log.queue.element-limit = 1024 (custom)
2019-10-15 21:18:47,575 [pool-570-thread-1] INFO  server.RaftServerConfigKeys (ConfUtils.java:logGet(43)) - raft.server.log.queue.byte-limit = 2147483647 (custom)
2019-10-15 21:18:47,576 [pool-590-thread-1] INFO  server.RaftServerConfigKeys (ConfUtils.java:logGet(43)) - raft.server.log.segment.size.max = 1048576 (custom)
2019-10-15 21:18:47,576 [pool-570-thread-1] INFO  server.RaftServerConfigKeys (ConfUtils.java:logGet(43)) - raft.server.log.queue.element-limit = 1024 (custom)
2019-10-15 21:18:47,576 [pool-590-thread-1] INFO  server.RaftServerConfigKeys (ConfUtils.java:logGet(43)) - raft.server.log.preallocated.size = 16384 (custom)
2019-10-15 21:18:47,576 [pool-570-thread-1] INFO  server.RaftServerConfigKeys (ConfUtils.java:logGet(43)) - raft.server.log.segment.size.max = 1048576 (custom)
2019-10-15 21:18:47,576 [pool-590-thread-1] INFO  server.RaftServerConfigKeys (ConfUtils.java:logGet(43)) - raft.server.log.write.buffer.size = 33554432 (custom)
2019-10-15 21:18:47,577 [pool-570-thread-1] INFO  server.RaftServerConfigKeys (ConfUtils.java:logGet(43)) - raft.server.log.preallocated.size = 16384 (custom)
2019-10-15 21:18:47,577 [pool-590-thread-1] INFO  server.RaftServerConfigKeys (ConfUtils.java:logGet(43)) - raft.server.log.force.sync.num = 128 (default)
2019-10-15 21:18:47,577 [pool-580-thread-1] INFO  impl.RaftServerImpl (RaftServerImpl.java:start(195)) - 8cb7ea3b-ad52-4b28-856c-a59c42ac9757@group-2C98C0445E28: start as a follower, conf=-1: [8cb7ea3b-ad52-4b28-856c-a59c42ac9757:192.168.69.102:41689, 274b1c51-9c2c-4419-942c-803b5038fb5c:192.168.69.102:39513, e66d25fa-4711-4065-821e-74242ad152cb:192.168.69.102:39961], old=null
2019-10-15 21:18:47,577 [pool-570-thread-1] INFO  server.RaftServerConfigKeys (ConfUtils.java:logGet(43)) - raft.server.log.write.buffer.size = 33554432 (custom)
2019-10-15 21:18:47,577 [pool-580-thread-1] INFO  impl.RaftServerImpl (RaftServerImpl.java:setRole(184)) - 8cb7ea3b-ad52-4b28-856c-a59c42ac9757@group-2C98C0445E28: changes role from      null to FOLLOWER at term 0 for startAsFollower
2019-10-15 21:18:47,577 [pool-590-thread-1] INFO  server.RaftServerConfigKeys (ConfUtils.java:logGet(43)) - raft.server.log.statemachine.data.sync = true (default)
2019-10-15 21:18:47,577 [pool-580-thread-1] INFO  impl.RoleInfo (RoleInfo.java:updateAndGet(143)) - 8cb7ea3b-ad52-4b28-856c-a59c42ac9757: start FollowerState
2019-10-15 21:18:47,577 [pool-570-thread-1] INFO  server.RaftServerConfigKeys (ConfUtils.java:logGet(43)) - raft.server.log.force.sync.num = 128 (default)
2019-10-15 21:18:47,577 [pool-590-thread-1] INFO  server.RaftServerConfigKeys (ConfUtils.java:logGet(43)) - raft.server.log.statemachine.data.sync.timeout = 10s (default)
2019-10-15 21:18:47,578 [pool-580-thread-1] INFO  util.JmxRegister (JmxRegister.java:tryRegister(44)) - Successfully registered JMX Bean with object name Ratis:service=RaftServer,group=group-2C98C0445E28,id=8cb7ea3b-ad52-4b28-856c-a59c42ac9757
2019-10-15 21:18:47,577 [pool-570-thread-1] INFO  server.RaftServerConfigKeys (ConfUtils.java:logGet(43)) - raft.server.log.statemachine.data.sync = true (default)
2019-10-15 21:18:47,578 [pool-590-thread-1] INFO  server.RaftServerConfigKeys (ConfUtils.java:logGet(43)) - raft.server.log.statemachine.data.sync.timeout.retry = -1 (default)
2019-10-15 21:18:47,578 [pool-570-thread-1] INFO  server.RaftServerConfigKeys (ConfUtils.java:logGet(43)) - raft.server.log.statemachine.data.sync.timeout = 10s (default)
2019-10-15 21:18:47,578 [pool-590-thread-1] INFO  server.RaftServerConfigKeys (ConfUtils.java:logGet(43)) - raft.server.log.statemachine.data.caching.enabled = true (custom)
2019-10-15 21:18:47,578 [pool-570-thread-1] INFO  server.RaftServerConfigKeys (ConfUtils.java:logGet(43)) - raft.server.log.statemachine.data.sync.timeout.retry = -1 (default)
2019-10-15 21:18:47,578 [pool-570-thread-1] INFO  server.RaftServerConfigKeys (ConfUtils.java:logGet(43)) - raft.server.log.statemachine.data.caching.enabled = true (custom)
2019-10-15 21:18:47,578 [pool-590-thread-1] INFO  segmented.SegmentedRaftLogWorker (SegmentedRaftLogWorker.java:lambda$new$0(128)) - 274b1c51-9c2c-4419-942c-803b5038fb5c@group-2C98C0445E28-SegmentedRaftLogWorker: flushIndex: setUnconditionally 0 -> -1
2019-10-15 21:18:47,579 [pool-570-thread-1] INFO  segmented.SegmentedRaftLogWorker (SegmentedRaftLogWorker.java:lambda$new$0(128)) - e66d25fa-4711-4065-821e-74242ad152cb@group-2C98C0445E28-SegmentedRaftLogWorker: flushIndex: setUnconditionally 0 -> -1
2019-10-15 21:18:47,579 [pool-590-thread-1] INFO  server.RaftServerConfigKeys (ConfUtils.java:logGet(43)) - raft.server.snapshot.auto.trigger.enabled = true (custom)
2019-10-15 21:18:47,579 [pool-590-thread-1] INFO  server.RaftServerConfigKeys (ConfUtils.java:logGet(43)) - raft.server.snapshot.auto.trigger.threshold = 10000 (custom)
2019-10-15 21:18:47,579 [pool-590-thread-1] INFO  server.RaftServerConfigKeys (ConfUtils.java:logGet(43)) - raft.server.snapshot.retention.file.num = 5 (custom)
2019-10-15 21:18:47,584 [pool-590-thread-1] INFO  server.RaftServerConfigKeys (ConfUtils.java:logGet(43)) - raft.server.retrycache.expirytime = 600000ms (custom)
2019-10-15 21:18:47,584 [Thread-8493] INFO  impl.FollowerState (FollowerState.java:run(108)) - 8cb7ea3b-ad52-4b28-856c-a59c42ac9757@group-2C98C0445E28-FollowerState: change to CANDIDATE, lastRpcTime:6ms, electionTimeout:1ms
2019-10-15 21:18:47,584 [pool-570-thread-1] INFO  server.RaftServerConfigKeys (ConfUtils.java:logGet(43)) - raft.server.snapshot.auto.trigger.enabled = true (custom)
2019-10-15 21:18:47,584 [Thread-8493] INFO  impl.RoleInfo (RoleInfo.java:shutdownFollowerState(121)) - 8cb7ea3b-ad52-4b28-856c-a59c42ac9757: shutdown FollowerState
2019-10-15 21:18:47,584 [Thread-8493] INFO  impl.RaftServerImpl (RaftServerImpl.java:setRole(184)) - 8cb7ea3b-ad52-4b28-856c-a59c42ac9757@group-2C98C0445E28: changes role from  FOLLOWER to CANDIDATE at term 0 for changeToCandidate
2019-10-15 21:18:47,584 [pool-570-thread-1] INFO  server.RaftServerConfigKeys (ConfUtils.java:logGet(43)) - raft.server.snapshot.auto.trigger.threshold = 10000 (custom)
2019-10-15 21:18:47,584 [Thread-8493] INFO  impl.RoleInfo (RoleInfo.java:updateAndGet(143)) - 8cb7ea3b-ad52-4b28-856c-a59c42ac9757: start LeaderElection
2019-10-15 21:18:47,585 [pool-570-thread-1] INFO  server.RaftServerConfigKeys (ConfUtils.java:logGet(43)) - raft.server.snapshot.retention.file.num = 5 (custom)
2019-10-15 21:18:47,585 [090573f1-c213-462e-b422-6463ca97c373@group-848D76B22711-LeaderElection991] INFO  impl.LeaderElection (LeaderElection.java:askForVotes(178)) - 090573f1-c213-462e-b422-6463ca97c373@group-848D76B22711-LeaderElection991: begin an election at term 7 for -1: [93d557fa-335e-4e3d-b2bb-e33832802906:192.168.69.102:43737, 090573f1-c213-462e-b422-6463ca97c373:192.168.69.102:43336, db364705-f60f-4be7-83db-fd25b014fd0b:192.168.69.102:41270], old=null
2019-10-15 21:18:47,585 [pool-570-thread-1] INFO  server.RaftServerConfigKeys (ConfUtils.java:logGet(43)) - raft.server.retrycache.expirytime = 600000ms (custom)
2019-10-15 21:18:47,590 [main] INFO  rpc.RpcClient (RpcClient.java:createVolume(272)) - Creating Volume: datanodefailurehandlingtest, with jenkins1000 as owner.
2019-10-15 21:18:47,590 [pool-590-thread-1] INFO  impl.RaftServerImpl (RaftServerImpl.java:start(195)) - 274b1c51-9c2c-4419-942c-803b5038fb5c@group-2C98C0445E28: start as a follower, conf=-1: [8cb7ea3b-ad52-4b28-856c-a59c42ac9757:192.168.69.102:41689, 274b1c51-9c2c-4419-942c-803b5038fb5c:192.168.69.102:39513, e66d25fa-4711-4065-821e-74242ad152cb:192.168.69.102:39961], old=null
2019-10-15 21:18:47,590 [pool-590-thread-1] INFO  impl.RaftServerImpl (RaftServerImpl.java:setRole(184)) - 274b1c51-9c2c-4419-942c-803b5038fb5c@group-2C98C0445E28: changes role from      null to FOLLOWER at term 0 for startAsFollower
2019-10-15 21:18:47,590 [pool-590-thread-1] INFO  impl.RoleInfo (RoleInfo.java:updateAndGet(143)) - 274b1c51-9c2c-4419-942c-803b5038fb5c: start FollowerState
2019-10-15 21:18:47,590 [grpc-default-executor-3] INFO  impl.RaftServerImpl (RaftServerImpl.java:setRole(184)) - 93d557fa-335e-4e3d-b2bb-e33832802906@group-848D76B22711: changes role from  FOLLOWER to FOLLOWER at term 7 for recognizeCandidate:090573f1-c213-462e-b422-6463ca97c373
2019-10-15 21:18:47,590 [grpc-default-executor-3] INFO  impl.RoleInfo (RoleInfo.java:shutdownFollowerState(121)) - 93d557fa-335e-4e3d-b2bb-e33832802906: shutdown FollowerState
2019-10-15 21:18:47,590 [pool-590-thread-1] INFO  util.JmxRegister (JmxRegister.java:tryRegister(44)) - Successfully registered JMX Bean with object name Ratis:service=RaftServer,group=group-2C98C0445E28,id=274b1c51-9c2c-4419-942c-803b5038fb5c
2019-10-15 21:18:47,591 [grpc-default-executor-3] INFO  impl.RoleInfo (RoleInfo.java:updateAndGet(143)) - 93d557fa-335e-4e3d-b2bb-e33832802906: start FollowerState
2019-10-15 21:18:47,591 [Thread-8481] INFO  impl.FollowerState (FollowerState.java:run(117)) - 93d557fa-335e-4e3d-b2bb-e33832802906@group-848D76B22711-FollowerState was interrupted: java.lang.InterruptedException: sleep interrupted
2019-10-15 21:18:47,591 [grpc-default-executor-2] INFO  impl.RaftServerImpl (RaftServerImpl.java:setRole(184)) - db364705-f60f-4be7-83db-fd25b014fd0b@group-848D76B22711: changes role from  FOLLOWER to FOLLOWER at term 7 for recognizeCandidate:090573f1-c213-462e-b422-6463ca97c373
2019-10-15 21:18:47,591 [grpc-default-executor-2] INFO  impl.RoleInfo (RoleInfo.java:shutdownFollowerState(121)) - db364705-f60f-4be7-83db-fd25b014fd0b: shutdown FollowerState
2019-10-15 21:18:47,591 [grpc-default-executor-2] INFO  impl.RoleInfo (RoleInfo.java:updateAndGet(143)) - db364705-f60f-4be7-83db-fd25b014fd0b: start FollowerState
2019-10-15 21:18:47,591 [pool-570-thread-1] INFO  impl.RaftServerImpl (RaftServerImpl.java:start(195)) - e66d25fa-4711-4065-821e-74242ad152cb@group-2C98C0445E28: start as a follower, conf=-1: [8cb7ea3b-ad52-4b28-856c-a59c42ac9757:192.168.69.102:41689, 274b1c51-9c2c-4419-942c-803b5038fb5c:192.168.69.102:39513, e66d25fa-4711-4065-821e-74242ad152cb:192.168.69.102:39961], old=null
2019-10-15 21:18:47,592 [Thread-8482] INFO  impl.FollowerState (FollowerState.java:run(117)) - db364705-f60f-4be7-83db-fd25b014fd0b@group-848D76B22711-FollowerState was interrupted: java.lang.InterruptedException: sleep interrupted
2019-10-15 21:18:47,593 [pool-570-thread-1] INFO  impl.RaftServerImpl (RaftServerImpl.java:setRole(184)) - e66d25fa-4711-4065-821e-74242ad152cb@group-2C98C0445E28: changes role from      null to FOLLOWER at term 0 for startAsFollower
2019-10-15 21:18:47,593 [pool-570-thread-1] INFO  impl.RoleInfo (RoleInfo.java:updateAndGet(143)) - e66d25fa-4711-4065-821e-74242ad152cb: start FollowerState
2019-10-15 21:18:47,593 [pool-570-thread-1] INFO  util.JmxRegister (JmxRegister.java:tryRegister(44)) - Successfully registered JMX Bean with object name Ratis:service=RaftServer,group=group-2C98C0445E28,id=e66d25fa-4711-4065-821e-74242ad152cb
2019-10-15 21:18:47,593 [IPC Server handler 2 on 46069] INFO  volume.OMVolumeCreateRequest (OMVolumeCreateRequest.java:validateAndUpdateCache(193)) - created volume:datanodefailurehandlingtest for user:jenkins1000
2019-10-15 21:18:47,596 [RatisPipelineUtilsThread] INFO  pipeline.PipelineStateManager (PipelineStateManager.java:addPipeline(56)) - Created pipeline Pipeline[ Id: b6171856-9d25-406a-b188-2c98c0445e28, Nodes: e66d25fa-4711-4065-821e-74242ad152cb{ip: 192.168.69.102, host: pr-hdds-2254-trunk-ddzgt-1485873308, networkLocation: /rack1, certSerialId: null}274b1c51-9c2c-4419-942c-803b5038fb5c{ip: 192.168.69.102, host: pr-hdds-2254-trunk-ddzgt-1485873308, networkLocation: /rack1, certSerialId: null}8cb7ea3b-ad52-4b28-856c-a59c42ac9757{ip: 192.168.69.102, host: pr-hdds-2254-trunk-ddzgt-1485873308, networkLocation: /rack1, certSerialId: null}, Type:RATIS, Factor:THREE, State:OPEN]
2019-10-15 21:18:47,628 [8cb7ea3b-ad52-4b28-856c-a59c42ac9757@group-2C98C0445E28-LeaderElection992] INFO  impl.LeaderElection (LeaderElection.java:askForVotes(178)) - 8cb7ea3b-ad52-4b28-856c-a59c42ac9757@group-2C98C0445E28-LeaderElection992: begin an election at term 1 for -1: [8cb7ea3b-ad52-4b28-856c-a59c42ac9757:192.168.69.102:41689, 274b1c51-9c2c-4419-942c-803b5038fb5c:192.168.69.102:39513, e66d25fa-4711-4065-821e-74242ad152cb:192.168.69.102:39961], old=null
2019-10-15 21:18:47,629 [090573f1-c213-462e-b422-6463ca97c373@group-848D76B22711-LeaderElection991] INFO  impl.LeaderElection (LeaderElection.java:logAndReturn(56)) - 090573f1-c213-462e-b422-6463ca97c373@group-848D76B22711-LeaderElection991: Election REJECTED; received 2 response(s) [090573f1-c213-462e-b422-6463ca97c373<-93d557fa-335e-4e3d-b2bb-e33832802906#0:FAIL-t7, 090573f1-c213-462e-b422-6463ca97c373<-db364705-f60f-4be7-83db-fd25b014fd0b#0:FAIL-t7] and 0 exception(s); 090573f1-c213-462e-b422-6463ca97c373@group-848D76B22711:t7, leader=null, voted=090573f1-c213-462e-b422-6463ca97c373, raftlog=090573f1-c213-462e-b422-6463ca97c373@group-848D76B22711-SegmentedRaftLog:OPENED:c-1,f-1,i0, conf=-1: [93d557fa-335e-4e3d-b2bb-e33832802906:192.168.69.102:43737, 090573f1-c213-462e-b422-6463ca97c373:192.168.69.102:43336, db364705-f60f-4be7-83db-fd25b014fd0b:192.168.69.102:41270], old=null
2019-10-15 21:18:47,629 [090573f1-c213-462e-b422-6463ca97c373@group-848D76B22711-LeaderElection991] INFO  impl.RaftServerImpl (RaftServerImpl.java:setRole(184)) - 090573f1-c213-462e-b422-6463ca97c373@group-848D76B22711: changes role from CANDIDATE to FOLLOWER at term 7 for DISCOVERED_A_NEW_TERM
2019-10-15 21:18:47,635 [090573f1-c213-462e-b422-6463ca97c373@group-848D76B22711-LeaderElection991] INFO  impl.RoleInfo (RoleInfo.java:shutdownLeaderElection(134)) - 090573f1-c213-462e-b422-6463ca97c373: shutdown LeaderElection
2019-10-15 21:18:47,635 [Thread-8485] INFO  impl.FollowerState (FollowerState.java:run(108)) - 274b1c51-9c2c-4419-942c-803b5038fb5c@group-75D137EA487E-FollowerState: change to CANDIDATE, lastRpcTime:151ms, electionTimeout:149ms
2019-10-15 21:18:47,635 [090573f1-c213-462e-b422-6463ca97c373@group-848D76B22711-LeaderElection991] INFO  impl.RoleInfo (RoleInfo.java:updateAndGet(143)) - 090573f1-c213-462e-b422-6463ca97c373: start FollowerState
2019-10-15 21:18:47,635 [Thread-8485] INFO  impl.RoleInfo (RoleInfo.java:shutdownFollowerState(121)) - 274b1c51-9c2c-4419-942c-803b5038fb5c: shutdown FollowerState
2019-10-15 21:18:47,635 [Thread-8485] INFO  impl.RaftServerImpl (RaftServerImpl.java:setRole(184)) - 274b1c51-9c2c-4419-942c-803b5038fb5c@group-75D137EA487E: changes role from  FOLLOWER to CANDIDATE at term 0 for changeToCandidate
2019-10-15 21:18:47,636 [Thread-8485] INFO  impl.RoleInfo (RoleInfo.java:updateAndGet(143)) - 274b1c51-9c2c-4419-942c-803b5038fb5c: start LeaderElection
2019-10-15 21:18:47,644 [grpc-default-executor-3] INFO  impl.RaftServerImpl (RaftServerImpl.java:setRole(184)) - 274b1c51-9c2c-4419-942c-803b5038fb5c@group-2C98C0445E28: changes role from  FOLLOWER to FOLLOWER at term 1 for recognizeCandidate:8cb7ea3b-ad52-4b28-856c-a59c42ac9757
2019-10-15 21:18:47,644 [grpc-default-executor-3] INFO  impl.RoleInfo (RoleInfo.java:shutdownFollowerState(121)) - 274b1c51-9c2c-4419-942c-803b5038fb5c: shutdown FollowerState
2019-10-15 21:18:47,644 [grpc-default-executor-3] INFO  impl.RoleInfo (RoleInfo.java:updateAndGet(143)) - 274b1c51-9c2c-4419-942c-803b5038fb5c: start FollowerState
2019-10-15 21:18:47,644 [Thread-8500] INFO  impl.FollowerState (FollowerState.java:run(117)) - 274b1c51-9c2c-4419-942c-803b5038fb5c@group-2C98C0445E28-FollowerState was interrupted: java.lang.InterruptedException: sleep interrupted
2019-10-15 21:18:47,648 [main] INFO  rpc.RpcClient (RpcClient.java:createBucket(411)) - Creating Bucket: datanodefailurehandlingtest/datanodefailurehandlingtest, with Versioning false and Storage Type set to DISK and Encryption set to false 
2019-10-15 21:18:47,651 [grpc-default-executor-10] INFO  impl.RaftServerImpl (RaftServerImpl.java:setRole(184)) - e66d25fa-4711-4065-821e-74242ad152cb@group-2C98C0445E28: changes role from  FOLLOWER to FOLLOWER at term 1 for recognizeCandidate:8cb7ea3b-ad52-4b28-856c-a59c42ac9757
2019-10-15 21:18:47,651 [grpc-default-executor-10] INFO  impl.RoleInfo (RoleInfo.java:shutdownFollowerState(121)) - e66d25fa-4711-4065-821e-74242ad152cb: shutdown FollowerState
2019-10-15 21:18:47,652 [grpc-default-executor-10] INFO  impl.RoleInfo (RoleInfo.java:updateAndGet(143)) - e66d25fa-4711-4065-821e-74242ad152cb: start FollowerState
2019-10-15 21:18:47,652 [Thread-8504] INFO  impl.FollowerState (FollowerState.java:run(117)) - e66d25fa-4711-4065-821e-74242ad152cb@group-2C98C0445E28-FollowerState was interrupted: java.lang.InterruptedException: sleep interrupted
2019-10-15 21:18:47,661 [274b1c51-9c2c-4419-942c-803b5038fb5c@group-75D137EA487E-LeaderElection993] INFO  impl.LeaderElection (LeaderElection.java:askForVotes(178)) - 274b1c51-9c2c-4419-942c-803b5038fb5c@group-75D137EA487E-LeaderElection993: begin an election at term 1 for -1: [274b1c51-9c2c-4419-942c-803b5038fb5c:192.168.69.102:39513], old=null
2019-10-15 21:18:47,661 [274b1c51-9c2c-4419-942c-803b5038fb5c@group-75D137EA487E-LeaderElection993] INFO  impl.RoleInfo (RoleInfo.java:shutdownLeaderElection(134)) - 274b1c51-9c2c-4419-942c-803b5038fb5c: shutdown LeaderElection
2019-10-15 21:18:47,661 [274b1c51-9c2c-4419-942c-803b5038fb5c@group-75D137EA487E-LeaderElection993] INFO  impl.RaftServerImpl (RaftServerImpl.java:setRole(184)) - 274b1c51-9c2c-4419-942c-803b5038fb5c@group-75D137EA487E: changes role from CANDIDATE to LEADER at term 1 for changeToLeader
2019-10-15 21:18:47,661 [8cb7ea3b-ad52-4b28-856c-a59c42ac9757@group-2C98C0445E28-LeaderElection992] INFO  impl.LeaderElection (LeaderElection.java:logAndReturn(56)) - 8cb7ea3b-ad52-4b28-856c-a59c42ac9757@group-2C98C0445E28-LeaderElection992: Election PASSED; received 1 response(s) [8cb7ea3b-ad52-4b28-856c-a59c42ac9757<-e66d25fa-4711-4065-821e-74242ad152cb#0:OK-t1] and 0 exception(s); 8cb7ea3b-ad52-4b28-856c-a59c42ac9757@group-2C98C0445E28:t1, leader=null, voted=8cb7ea3b-ad52-4b28-856c-a59c42ac9757, raftlog=8cb7ea3b-ad52-4b28-856c-a59c42ac9757@group-2C98C0445E28-SegmentedRaftLog:OPENED:c-1,f-1,i0, conf=-1: [8cb7ea3b-ad52-4b28-856c-a59c42ac9757:192.168.69.102:41689, 274b1c51-9c2c-4419-942c-803b5038fb5c:192.168.69.102:39513, e66d25fa-4711-4065-821e-74242ad152cb:192.168.69.102:39961], old=null
2019-10-15 21:18:47,661 [274b1c51-9c2c-4419-942c-803b5038fb5c@group-75D137EA487E-LeaderElection993] INFO  impl.RaftServerImpl (ServerState.java:setLeader(256)) - 274b1c51-9c2c-4419-942c-803b5038fb5c@group-75D137EA487E: change Leader from null to 274b1c51-9c2c-4419-942c-803b5038fb5c at term 1 for becomeLeader, leader elected after 185ms
2019-10-15 21:18:47,662 [8cb7ea3b-ad52-4b28-856c-a59c42ac9757@group-2C98C0445E28-LeaderElection992] INFO  impl.RoleInfo (RoleInfo.java:shutdownLeaderElection(134)) - 8cb7ea3b-ad52-4b28-856c-a59c42ac9757: shutdown LeaderElection
2019-10-15 21:18:47,662 [274b1c51-9c2c-4419-942c-803b5038fb5c@group-75D137EA487E-LeaderElection993] INFO  server.RaftServerConfigKeys (ConfUtils.java:logGet(43)) - raft.server.staging.catchup.gap = 1000 (default)
2019-10-15 21:18:47,662 [8cb7ea3b-ad52-4b28-856c-a59c42ac9757@group-2C98C0445E28-LeaderElection992] INFO  impl.RaftServerImpl (RaftServerImpl.java:setRole(184)) - 8cb7ea3b-ad52-4b28-856c-a59c42ac9757@group-2C98C0445E28: changes role from CANDIDATE to LEADER at term 1 for changeToLeader
2019-10-15 21:18:47,662 [274b1c51-9c2c-4419-942c-803b5038fb5c@group-75D137EA487E-LeaderElection993] INFO  server.RaftServerConfigKeys (ConfUtils.java:logGet(43)) - raft.server.rpc.sleep.time = 25ms (default)
2019-10-15 21:18:47,662 [8cb7ea3b-ad52-4b28-856c-a59c42ac9757@group-2C98C0445E28-LeaderElection992] INFO  impl.RaftServerImpl (ServerState.java:setLeader(256)) - 8cb7ea3b-ad52-4b28-856c-a59c42ac9757@group-2C98C0445E28: change Leader from null to 8cb7ea3b-ad52-4b28-856c-a59c42ac9757 at term 1 for becomeLeader, leader elected after 113ms
2019-10-15 21:18:47,662 [274b1c51-9c2c-4419-942c-803b5038fb5c@group-75D137EA487E-LeaderElection993] INFO  server.RaftServerConfigKeys (ConfUtils.java:logGet(43)) - raft.server.write.element-limit = 4096 (default)
2019-10-15 21:18:47,662 [8cb7ea3b-ad52-4b28-856c-a59c42ac9757@group-2C98C0445E28-LeaderElection992] INFO  server.RaftServerConfigKeys (ConfUtils.java:logGet(43)) - raft.server.staging.catchup.gap = 1000 (default)
2019-10-15 21:18:47,662 [274b1c51-9c2c-4419-942c-803b5038fb5c@group-75D137EA487E-LeaderElection993] INFO  server.RaftServerConfigKeys (ConfUtils.java:logGet(43)) - raft.server.watch.timeout = 10s (default)
2019-10-15 21:18:47,662 [8cb7ea3b-ad52-4b28-856c-a59c42ac9757@group-2C98C0445E28-LeaderElection992] INFO  server.RaftServerConfigKeys (ConfUtils.java:logGet(43)) - raft.server.rpc.sleep.time = 25ms (default)
2019-10-15 21:18:47,662 [274b1c51-9c2c-4419-942c-803b5038fb5c@group-75D137EA487E-LeaderElection993] INFO  server.RaftServerConfigKeys (ConfUtils.java:logGet(43)) - raft.server.watch.timeout.denomination = 1s (default)
2019-10-15 21:18:47,662 [8cb7ea3b-ad52-4b28-856c-a59c42ac9757@group-2C98C0445E28-LeaderElection992] INFO  server.RaftServerConfigKeys (ConfUtils.java:logGet(43)) - raft.server.write.element-limit = 4096 (default)
2019-10-15 21:18:47,662 [274b1c51-9c2c-4419-942c-803b5038fb5c@group-75D137EA487E-LeaderElection993] INFO  server.RaftServerConfigKeys (ConfUtils.java:logGet(43)) - raft.server.watch.element-limit = 65536 (default)
2019-10-15 21:18:47,662 [8cb7ea3b-ad52-4b28-856c-a59c42ac9757@group-2C98C0445E28-LeaderElection992] INFO  server.RaftServerConfigKeys (ConfUtils.java:logGet(43)) - raft.server.watch.timeout = 10s (default)
2019-10-15 21:18:47,663 [8cb7ea3b-ad52-4b28-856c-a59c42ac9757@group-2C98C0445E28-LeaderElection992] INFO  server.RaftServerConfigKeys (ConfUtils.java:logGet(43)) - raft.server.watch.timeout.denomination = 1s (default)
2019-10-15 21:18:47,663 [8cb7ea3b-ad52-4b28-856c-a59c42ac9757@group-2C98C0445E28-LeaderElection992] INFO  server.RaftServerConfigKeys (ConfUtils.java:logGet(43)) - raft.server.watch.element-limit = 65536 (default)
2019-10-15 21:18:47,665 [274b1c51-9c2c-4419-942c-803b5038fb5c@group-75D137EA487E-LeaderElection993] INFO  impl.RoleInfo (RoleInfo.java:updateAndGet(143)) - 274b1c51-9c2c-4419-942c-803b5038fb5c: start LeaderState
2019-10-15 21:18:47,665 [8cb7ea3b-ad52-4b28-856c-a59c42ac9757@group-2C98C0445E28-LeaderElection992] INFO  server.RaftServerConfigKeys (ConfUtils.java:logGet(43)) - raft.server.log.appender.snapshot.chunk.size.max = 16MB (=16777216) (default)
2019-10-15 21:18:47,665 [8cb7ea3b-ad52-4b28-856c-a59c42ac9757@group-2C98C0445E28-LeaderElection992] INFO  server.RaftServerConfigKeys (ConfUtils.java:logGet(43)) - raft.server.log.appender.buffer.byte-limit = 33554432 (custom)
2019-10-15 21:18:47,665 [274b1c51-9c2c-4419-942c-803b5038fb5c@group-75D137EA487E-LeaderElection993] INFO  segmented.SegmentedRaftLogWorker (SegmentedRaftLogWorker.java:startLogSegment(385)) - 274b1c51-9c2c-4419-942c-803b5038fb5c@group-75D137EA487E-SegmentedRaftLogWorker: Starting segment from index:0
2019-10-15 21:18:47,665 [8cb7ea3b-ad52-4b28-856c-a59c42ac9757@group-2C98C0445E28-LeaderElection992] INFO  server.RaftServerConfigKeys (ConfUtils.java:logGet(43)) - raft.server.log.appender.buffer.element-limit = 1 (custom)
2019-10-15 21:18:47,665 [8cb7ea3b-ad52-4b28-856c-a59c42ac9757@group-2C98C0445E28-LeaderElection992] INFO  grpc.GrpcConfigKeys$Server (ConfUtils.java:logGet(43)) - raft.grpc.server.leader.outstanding.appends.max = 128 (default)
2019-10-15 21:18:47,665 [274b1c51-9c2c-4419-942c-803b5038fb5c@group-75D137EA487E-LeaderElection993] INFO  impl.RaftServerImpl (ServerState.java:setRaftConf(357)) - 274b1c51-9c2c-4419-942c-803b5038fb5c@group-75D137EA487E: set configuration 0: [274b1c51-9c2c-4419-942c-803b5038fb5c:192.168.69.102:39513], old=null at 0
2019-10-15 21:18:47,666 [8cb7ea3b-ad52-4b28-856c-a59c42ac9757@group-2C98C0445E28-LeaderElection992] INFO  server.RaftServerConfigKeys (ConfUtils.java:logGet(43)) - raft.server.rpc.request.timeout = 3000ms (default)
2019-10-15 21:18:47,666 [8cb7ea3b-ad52-4b28-856c-a59c42ac9757@group-2C98C0445E28-LeaderElection992] INFO  server.RaftServerConfigKeys (ConfUtils.java:logGet(43)) - raft.server.log.appender.install.snapshot.enabled = false (custom)
2019-10-15 21:18:47,667 [8cb7ea3b-ad52-4b28-856c-a59c42ac9757@group-2C98C0445E28-LeaderElection992] INFO  server.RaftServerConfigKeys (ConfUtils.java:logGet(43)) - raft.server.log.appender.snapshot.chunk.size.max = 16MB (=16777216) (default)
2019-10-15 21:18:47,667 [8cb7ea3b-ad52-4b28-856c-a59c42ac9757@group-2C98C0445E28-LeaderElection992] INFO  server.RaftServerConfigKeys (ConfUtils.java:logGet(43)) - raft.server.log.appender.buffer.byte-limit = 33554432 (custom)
2019-10-15 21:18:47,667 [8cb7ea3b-ad52-4b28-856c-a59c42ac9757@group-2C98C0445E28-LeaderElection992] INFO  server.RaftServerConfigKeys (ConfUtils.java:logGet(43)) - raft.server.log.appender.buffer.element-limit = 1 (custom)
2019-10-15 21:18:47,667 [8cb7ea3b-ad52-4b28-856c-a59c42ac9757@group-2C98C0445E28-LeaderElection992] INFO  grpc.GrpcConfigKeys$Server (ConfUtils.java:logGet(43)) - raft.grpc.server.leader.outstanding.appends.max = 128 (default)
2019-10-15 21:18:47,667 [8cb7ea3b-ad52-4b28-856c-a59c42ac9757@group-2C98C0445E28-LeaderElection992] INFO  server.RaftServerConfigKeys (ConfUtils.java:logGet(43)) - raft.server.rpc.request.timeout = 3000ms (default)
2019-10-15 21:18:47,667 [8cb7ea3b-ad52-4b28-856c-a59c42ac9757@group-2C98C0445E28-LeaderElection992] INFO  server.RaftServerConfigKeys (ConfUtils.java:logGet(43)) - raft.server.log.appender.install.snapshot.enabled = false (custom)
2019-10-15 21:18:47,668 [8cb7ea3b-ad52-4b28-856c-a59c42ac9757@group-2C98C0445E28-LeaderElection992] INFO  impl.RoleInfo (RoleInfo.java:updateAndGet(143)) - 8cb7ea3b-ad52-4b28-856c-a59c42ac9757: start LeaderState
2019-10-15 21:18:47,669 [8cb7ea3b-ad52-4b28-856c-a59c42ac9757@group-2C98C0445E28-LeaderElection992] INFO  segmented.SegmentedRaftLogWorker (SegmentedRaftLogWorker.java:startLogSegment(385)) - 8cb7ea3b-ad52-4b28-856c-a59c42ac9757@group-2C98C0445E28-SegmentedRaftLogWorker: Starting segment from index:0
2019-10-15 21:18:47,670 [8cb7ea3b-ad52-4b28-856c-a59c42ac9757@group-2C98C0445E28-LeaderElection992] INFO  impl.RaftServerImpl (ServerState.java:setRaftConf(357)) - 8cb7ea3b-ad52-4b28-856c-a59c42ac9757@group-2C98C0445E28: set configuration 0: [8cb7ea3b-ad52-4b28-856c-a59c42ac9757:192.168.69.102:41689, 274b1c51-9c2c-4419-942c-803b5038fb5c:192.168.69.102:39513, e66d25fa-4711-4065-821e-74242ad152cb:192.168.69.102:39961], old=null at 0
2019-10-15 21:18:47,695 [grpc-default-executor-2] INFO  impl.RaftServerImpl (ServerState.java:setLeader(256)) - 274b1c51-9c2c-4419-942c-803b5038fb5c@group-2C98C0445E28: change Leader from null to 8cb7ea3b-ad52-4b28-856c-a59c42ac9757 at term 1 for appendEntries, leader elected after 146ms
2019-10-15 21:18:47,702 [grpc-default-executor-2] INFO  impl.RaftServerImpl (ServerState.java:setLeader(256)) - e66d25fa-4711-4065-821e-74242ad152cb@group-2C98C0445E28: change Leader from null to 8cb7ea3b-ad52-4b28-856c-a59c42ac9757 at term 1 for appendEntries, leader elected after 152ms
2019-10-15 21:18:47,703 [grpc-default-executor-2] INFO  impl.RaftServerImpl (ServerState.java:setRaftConf(357)) - 274b1c51-9c2c-4419-942c-803b5038fb5c@group-2C98C0445E28: set configuration 0: [8cb7ea3b-ad52-4b28-856c-a59c42ac9757:192.168.69.102:41689, 274b1c51-9c2c-4419-942c-803b5038fb5c:192.168.69.102:39513, e66d25fa-4711-4065-821e-74242ad152cb:192.168.69.102:39961], old=null at 0
2019-10-15 21:18:47,703 [274b1c51-9c2c-4419-942c-803b5038fb5c@group-75D137EA487E-SegmentedRaftLogWorker] INFO  segmented.SegmentedRaftLogWorker (SegmentedRaftLogWorker.java:execute(576)) - 274b1c51-9c2c-4419-942c-803b5038fb5c@group-75D137EA487E-SegmentedRaftLogWorker: created new log segment /workdir/hadoop-ozone/integration-test/target/test-dir/MiniOzoneClusterImpl-31458ddc-69ad-405c-a8b1-f839bd3d9382/datanode-8/data/ratis/ae20c3c2-49e4-460f-bf6d-75d137ea487e/current/log_inprogress_0
2019-10-15 21:18:47,703 [grpc-default-executor-3] INFO  impl.RaftServerImpl (ServerState.java:setRaftConf(357)) - e66d25fa-4711-4065-821e-74242ad152cb@group-2C98C0445E28: set configuration 0: [8cb7ea3b-ad52-4b28-856c-a59c42ac9757:192.168.69.102:41689, 274b1c51-9c2c-4419-942c-803b5038fb5c:192.168.69.102:39513, e66d25fa-4711-4065-821e-74242ad152cb:192.168.69.102:39961], old=null at 0
2019-10-15 21:18:47,703 [grpc-default-executor-2] INFO  segmented.SegmentedRaftLogWorker (SegmentedRaftLogWorker.java:startLogSegment(385)) - 274b1c51-9c2c-4419-942c-803b5038fb5c@group-2C98C0445E28-SegmentedRaftLogWorker: Starting segment from index:0
2019-10-15 21:18:47,703 [8cb7ea3b-ad52-4b28-856c-a59c42ac9757@group-2C98C0445E28-SegmentedRaftLogWorker] INFO  segmented.SegmentedRaftLogWorker (SegmentedRaftLogWorker.java:execute(576)) - 8cb7ea3b-ad52-4b28-856c-a59c42ac9757@group-2C98C0445E28-SegmentedRaftLogWorker: created new log segment /workdir/hadoop-ozone/integration-test/target/test-dir/MiniOzoneClusterImpl-31458ddc-69ad-405c-a8b1-f839bd3d9382/datanode-7/data/ratis/b6171856-9d25-406a-b188-2c98c0445e28/current/log_inprogress_0
2019-10-15 21:18:47,703 [grpc-default-executor-3] INFO  segmented.SegmentedRaftLogWorker (SegmentedRaftLogWorker.java:startLogSegment(385)) - e66d25fa-4711-4065-821e-74242ad152cb@group-2C98C0445E28-SegmentedRaftLogWorker: Starting segment from index:0
2019-10-15 21:18:47,707 [Thread-8508] INFO  impl.FollowerState (FollowerState.java:run(108)) - 090573f1-c213-462e-b422-6463ca97c373@group-848D76B22711-FollowerState: change to CANDIDATE, lastRpcTime:71ms, electionTimeout:71ms
2019-10-15 21:18:47,707 [Thread-8508] INFO  impl.RoleInfo (RoleInfo.java:shutdownFollowerState(121)) - 090573f1-c213-462e-b422-6463ca97c373: shutdown FollowerState
2019-10-15 21:18:47,707 [Thread-8508] INFO  impl.RaftServerImpl (RaftServerImpl.java:setRole(184)) - 090573f1-c213-462e-b422-6463ca97c373@group-848D76B22711: changes role from  FOLLOWER to CANDIDATE at term 7 for changeToCandidate
2019-10-15 21:18:47,707 [Thread-8508] INFO  impl.RoleInfo (RoleInfo.java:updateAndGet(143)) - 090573f1-c213-462e-b422-6463ca97c373: start LeaderElection
2019-10-15 21:18:47,717 [090573f1-c213-462e-b422-6463ca97c373@group-848D76B22711-LeaderElection994] INFO  impl.LeaderElection (LeaderElection.java:askForVotes(178)) - 090573f1-c213-462e-b422-6463ca97c373@group-848D76B22711-LeaderElection994: begin an election at term 8 for -1: [93d557fa-335e-4e3d-b2bb-e33832802906:192.168.69.102:43737, 090573f1-c213-462e-b422-6463ca97c373:192.168.69.102:43336, db364705-f60f-4be7-83db-fd25b014fd0b:192.168.69.102:41270], old=null
2019-10-15 21:18:47,719 [grpc-default-executor-3] INFO  impl.RaftServerImpl (RaftServerImpl.java:setRole(184)) - 93d557fa-335e-4e3d-b2bb-e33832802906@group-848D76B22711: changes role from  FOLLOWER to FOLLOWER at term 8 for recognizeCandidate:090573f1-c213-462e-b422-6463ca97c373
2019-10-15 21:18:47,719 [grpc-default-executor-3] INFO  impl.RoleInfo (RoleInfo.java:shutdownFollowerState(121)) - 93d557fa-335e-4e3d-b2bb-e33832802906: shutdown FollowerState
2019-10-15 21:18:47,719 [grpc-default-executor-3] INFO  impl.RoleInfo (RoleInfo.java:updateAndGet(143)) - 93d557fa-335e-4e3d-b2bb-e33832802906: start FollowerState
2019-10-15 21:18:47,719 [grpc-default-executor-10] INFO  impl.RaftServerImpl (RaftServerImpl.java:setRole(184)) - db364705-f60f-4be7-83db-fd25b014fd0b@group-848D76B22711: changes role from  FOLLOWER to FOLLOWER at term 8 for recognizeCandidate:090573f1-c213-462e-b422-6463ca97c373
2019-10-15 21:18:47,719 [grpc-default-executor-10] INFO  impl.RoleInfo (RoleInfo.java:shutdownFollowerState(121)) - db364705-f60f-4be7-83db-fd25b014fd0b: shutdown FollowerState
2019-10-15 21:18:47,719 [Thread-8501] INFO  impl.FollowerState (FollowerState.java:run(117)) - 93d557fa-335e-4e3d-b2bb-e33832802906@group-848D76B22711-FollowerState was interrupted: java.lang.InterruptedException: sleep interrupted
2019-10-15 21:18:47,719 [Thread-8502] INFO  impl.FollowerState (FollowerState.java:run(117)) - db364705-f60f-4be7-83db-fd25b014fd0b@group-848D76B22711-FollowerState was interrupted: java.lang.InterruptedException: sleep interrupted
2019-10-15 21:18:47,719 [grpc-default-executor-10] INFO  impl.RoleInfo (RoleInfo.java:updateAndGet(143)) - db364705-f60f-4be7-83db-fd25b014fd0b: start FollowerState
2019-10-15 21:18:47,747 [e66d25fa-4711-4065-821e-74242ad152cb@group-2C98C0445E28-SegmentedRaftLogWorker] INFO  segmented.SegmentedRaftLogWorker (SegmentedRaftLogWorker.java:execute(576)) - e66d25fa-4711-4065-821e-74242ad152cb@group-2C98C0445E28-SegmentedRaftLogWorker: created new log segment /workdir/hadoop-ozone/integration-test/target/test-dir/MiniOzoneClusterImpl-31458ddc-69ad-405c-a8b1-f839bd3d9382/datanode-6/data/ratis/b6171856-9d25-406a-b188-2c98c0445e28/current/log_inprogress_0
2019-10-15 21:18:47,747 [274b1c51-9c2c-4419-942c-803b5038fb5c@group-2C98C0445E28-SegmentedRaftLogWorker] INFO  segmented.SegmentedRaftLogWorker (SegmentedRaftLogWorker.java:execute(576)) - 274b1c51-9c2c-4419-942c-803b5038fb5c@group-2C98C0445E28-SegmentedRaftLogWorker: created new log segment /workdir/hadoop-ozone/integration-test/target/test-dir/MiniOzoneClusterImpl-31458ddc-69ad-405c-a8b1-f839bd3d9382/datanode-8/data/ratis/b6171856-9d25-406a-b188-2c98c0445e28/current/log_inprogress_0
2019-10-15 21:18:47,748 [090573f1-c213-462e-b422-6463ca97c373@group-848D76B22711-LeaderElection994] INFO  impl.LeaderElection (LeaderElection.java:logAndReturn(56)) - 090573f1-c213-462e-b422-6463ca97c373@group-848D76B22711-LeaderElection994: Election REJECTED; received 2 response(s) [090573f1-c213-462e-b422-6463ca97c373<-93d557fa-335e-4e3d-b2bb-e33832802906#0:FAIL-t8, 090573f1-c213-462e-b422-6463ca97c373<-db364705-f60f-4be7-83db-fd25b014fd0b#0:FAIL-t8] and 0 exception(s); 090573f1-c213-462e-b422-6463ca97c373@group-848D76B22711:t8, leader=null, voted=090573f1-c213-462e-b422-6463ca97c373, raftlog=090573f1-c213-462e-b422-6463ca97c373@group-848D76B22711-SegmentedRaftLog:OPENED:c-1,f-1,i0, conf=-1: [93d557fa-335e-4e3d-b2bb-e33832802906:192.168.69.102:43737, 090573f1-c213-462e-b422-6463ca97c373:192.168.69.102:43336, db364705-f60f-4be7-83db-fd25b014fd0b:192.168.69.102:41270], old=null
2019-10-15 21:18:47,748 [090573f1-c213-462e-b422-6463ca97c373@group-848D76B22711-LeaderElection994] INFO  impl.RaftServerImpl (RaftServerImpl.java:setRole(184)) - 090573f1-c213-462e-b422-6463ca97c373@group-848D76B22711: changes role from CANDIDATE to FOLLOWER at term 8 for DISCOVERED_A_NEW_TERM
2019-10-15 21:18:47,750 [090573f1-c213-462e-b422-6463ca97c373@group-848D76B22711-LeaderElection994] INFO  impl.RoleInfo (RoleInfo.java:shutdownLeaderElection(134)) - 090573f1-c213-462e-b422-6463ca97c373: shutdown LeaderElection
2019-10-15 21:18:47,750 [090573f1-c213-462e-b422-6463ca97c373@group-848D76B22711-LeaderElection994] INFO  impl.RoleInfo (RoleInfo.java:updateAndGet(143)) - 090573f1-c213-462e-b422-6463ca97c373: start FollowerState
2019-10-15 21:18:47,865 [Thread-8531] INFO  impl.FollowerState (FollowerState.java:run(108)) - 090573f1-c213-462e-b422-6463ca97c373@group-848D76B22711-FollowerState: change to CANDIDATE, lastRpcTime:114ms, electionTimeout:114ms
2019-10-15 21:18:47,865 [Thread-8531] INFO  impl.RoleInfo (RoleInfo.java:shutdownFollowerState(121)) - 090573f1-c213-462e-b422-6463ca97c373: shutdown FollowerState
2019-10-15 21:18:47,865 [Thread-8531] INFO  impl.RaftServerImpl (RaftServerImpl.java:setRole(184)) - 090573f1-c213-462e-b422-6463ca97c373@group-848D76B22711: changes role from  FOLLOWER to CANDIDATE at term 8 for changeToCandidate
2019-10-15 21:18:47,865 [Thread-8531] INFO  impl.RoleInfo (RoleInfo.java:updateAndGet(143)) - 090573f1-c213-462e-b422-6463ca97c373: start LeaderElection
2019-10-15 21:18:47,895 [090573f1-c213-462e-b422-6463ca97c373@group-848D76B22711-LeaderElection995] INFO  impl.LeaderElection (LeaderElection.java:askForVotes(178)) - 090573f1-c213-462e-b422-6463ca97c373@group-848D76B22711-LeaderElection995: begin an election at term 9 for -1: [93d557fa-335e-4e3d-b2bb-e33832802906:192.168.69.102:43737, 090573f1-c213-462e-b422-6463ca97c373:192.168.69.102:43336, db364705-f60f-4be7-83db-fd25b014fd0b:192.168.69.102:41270], old=null
2019-10-15 21:18:47,897 [grpc-default-executor-2] INFO  impl.RaftServerImpl (RaftServerImpl.java:setRole(184)) - 93d557fa-335e-4e3d-b2bb-e33832802906@group-848D76B22711: changes role from  FOLLOWER to FOLLOWER at term 9 for recognizeCandidate:090573f1-c213-462e-b422-6463ca97c373
2019-10-15 21:18:47,897 [grpc-default-executor-2] INFO  impl.RoleInfo (RoleInfo.java:shutdownFollowerState(121)) - 93d557fa-335e-4e3d-b2bb-e33832802906: shutdown FollowerState
2019-10-15 21:18:47,897 [grpc-default-executor-7] INFO  impl.RaftServerImpl (RaftServerImpl.java:setRole(184)) - db364705-f60f-4be7-83db-fd25b014fd0b@group-848D76B22711: changes role from  FOLLOWER to FOLLOWER at term 9 for recognizeCandidate:090573f1-c213-462e-b422-6463ca97c373
2019-10-15 21:18:47,897 [Thread-8526] INFO  impl.FollowerState (FollowerState.java:run(117)) - 93d557fa-335e-4e3d-b2bb-e33832802906@group-848D76B22711-FollowerState was interrupted: java.lang.InterruptedException: sleep interrupted
2019-10-15 21:18:47,897 [grpc-default-executor-2] INFO  impl.RoleInfo (RoleInfo.java:updateAndGet(143)) - 93d557fa-335e-4e3d-b2bb-e33832802906: start FollowerState
2019-10-15 21:18:47,897 [grpc-default-executor-7] INFO  impl.RoleInfo (RoleInfo.java:shutdownFollowerState(121)) - db364705-f60f-4be7-83db-fd25b014fd0b: shutdown FollowerState
2019-10-15 21:18:47,897 [grpc-default-executor-7] INFO  impl.RoleInfo (RoleInfo.java:updateAndGet(143)) - db364705-f60f-4be7-83db-fd25b014fd0b: start FollowerState
2019-10-15 21:18:47,900 [Thread-8527] INFO  impl.FollowerState (FollowerState.java:run(117)) - db364705-f60f-4be7-83db-fd25b014fd0b@group-848D76B22711-FollowerState was interrupted: java.lang.InterruptedException: sleep interrupted
2019-10-15 21:18:47,909 [090573f1-c213-462e-b422-6463ca97c373@group-848D76B22711-LeaderElection995] INFO  impl.LeaderElection (LeaderElection.java:logAndReturn(56)) - 090573f1-c213-462e-b422-6463ca97c373@group-848D76B22711-LeaderElection995: Election REJECTED; received 2 response(s) [090573f1-c213-462e-b422-6463ca97c373<-93d557fa-335e-4e3d-b2bb-e33832802906#0:FAIL-t9, 090573f1-c213-462e-b422-6463ca97c373<-db364705-f60f-4be7-83db-fd25b014fd0b#0:FAIL-t9] and 0 exception(s); 090573f1-c213-462e-b422-6463ca97c373@group-848D76B22711:t9, leader=null, voted=090573f1-c213-462e-b422-6463ca97c373, raftlog=090573f1-c213-462e-b422-6463ca97c373@group-848D76B22711-SegmentedRaftLog:OPENED:c-1,f-1,i0, conf=-1: [93d557fa-335e-4e3d-b2bb-e33832802906:192.168.69.102:43737, 090573f1-c213-462e-b422-6463ca97c373:192.168.69.102:43336, db364705-f60f-4be7-83db-fd25b014fd0b:192.168.69.102:41270], old=null
2019-10-15 21:18:47,909 [090573f1-c213-462e-b422-6463ca97c373@group-848D76B22711-LeaderElection995] INFO  impl.RaftServerImpl (RaftServerImpl.java:setRole(184)) - 090573f1-c213-462e-b422-6463ca97c373@group-848D76B22711: changes role from CANDIDATE to FOLLOWER at term 9 for DISCOVERED_A_NEW_TERM
2019-10-15 21:18:47,909 [090573f1-c213-462e-b422-6463ca97c373@group-848D76B22711-LeaderElection995] INFO  impl.RoleInfo (RoleInfo.java:shutdownLeaderElection(134)) - 090573f1-c213-462e-b422-6463ca97c373: shutdown LeaderElection
2019-10-15 21:18:47,909 [090573f1-c213-462e-b422-6463ca97c373@group-848D76B22711-LeaderElection995] INFO  impl.RoleInfo (RoleInfo.java:updateAndGet(143)) - 090573f1-c213-462e-b422-6463ca97c373: start FollowerState
2019-10-15 21:18:48,108 [Thread-8538] INFO  impl.FollowerState (FollowerState.java:run(108)) - 090573f1-c213-462e-b422-6463ca97c373@group-848D76B22711-FollowerState: change to CANDIDATE, lastRpcTime:199ms, electionTimeout:199ms
2019-10-15 21:18:48,109 [Thread-8538] INFO  impl.RoleInfo (RoleInfo.java:shutdownFollowerState(121)) - 090573f1-c213-462e-b422-6463ca97c373: shutdown FollowerState
2019-10-15 21:18:48,109 [Thread-8538] INFO  impl.RaftServerImpl (RaftServerImpl.java:setRole(184)) - 090573f1-c213-462e-b422-6463ca97c373@group-848D76B22711: changes role from  FOLLOWER to CANDIDATE at term 9 for changeToCandidate
2019-10-15 21:18:48,109 [Thread-8538] INFO  impl.RoleInfo (RoleInfo.java:updateAndGet(143)) - 090573f1-c213-462e-b422-6463ca97c373: start LeaderElection
2019-10-15 21:18:48,121 [090573f1-c213-462e-b422-6463ca97c373@group-848D76B22711-LeaderElection996] INFO  impl.LeaderElection (LeaderElection.java:askForVotes(178)) - 090573f1-c213-462e-b422-6463ca97c373@group-848D76B22711-LeaderElection996: begin an election at term 10 for -1: [93d557fa-335e-4e3d-b2bb-e33832802906:192.168.69.102:43737, 090573f1-c213-462e-b422-6463ca97c373:192.168.69.102:43336, db364705-f60f-4be7-83db-fd25b014fd0b:192.168.69.102:41270], old=null
2019-10-15 21:18:48,122 [grpc-default-executor-2] INFO  impl.RaftServerImpl (RaftServerImpl.java:setRole(184)) - db364705-f60f-4be7-83db-fd25b014fd0b@group-848D76B22711: changes role from  FOLLOWER to FOLLOWER at term 10 for recognizeCandidate:090573f1-c213-462e-b422-6463ca97c373
2019-10-15 21:18:48,122 [grpc-default-executor-7] INFO  impl.RaftServerImpl (RaftServerImpl.java:setRole(184)) - 93d557fa-335e-4e3d-b2bb-e33832802906@group-848D76B22711: changes role from  FOLLOWER to FOLLOWER at term 10 for recognizeCandidate:090573f1-c213-462e-b422-6463ca97c373
2019-10-15 21:18:48,122 [grpc-default-executor-7] INFO  impl.RoleInfo (RoleInfo.java:shutdownFollowerState(121)) - 93d557fa-335e-4e3d-b2bb-e33832802906: shutdown FollowerState
2019-10-15 21:18:48,122 [grpc-default-executor-7] INFO  impl.RoleInfo (RoleInfo.java:updateAndGet(143)) - 93d557fa-335e-4e3d-b2bb-e33832802906: start FollowerState
2019-10-15 21:18:48,122 [grpc-default-executor-2] INFO  impl.RoleInfo (RoleInfo.java:shutdownFollowerState(121)) - db364705-f60f-4be7-83db-fd25b014fd0b: shutdown FollowerState
2019-10-15 21:18:48,123 [Thread-8536] INFO  impl.FollowerState (FollowerState.java:run(117)) - 93d557fa-335e-4e3d-b2bb-e33832802906@group-848D76B22711-FollowerState was interrupted: java.lang.InterruptedException: sleep interrupted
2019-10-15 21:18:48,123 [Thread-8537] INFO  impl.FollowerState (FollowerState.java:run(117)) - db364705-f60f-4be7-83db-fd25b014fd0b@group-848D76B22711-FollowerState was interrupted: java.lang.InterruptedException: sleep interrupted
2019-10-15 21:18:48,123 [grpc-default-executor-2] INFO  impl.RoleInfo (RoleInfo.java:updateAndGet(143)) - db364705-f60f-4be7-83db-fd25b014fd0b: start FollowerState
2019-10-15 21:18:48,136 [090573f1-c213-462e-b422-6463ca97c373@group-848D76B22711-LeaderElection996] INFO  impl.LeaderElection (LeaderElection.java:logAndReturn(56)) - 090573f1-c213-462e-b422-6463ca97c373@group-848D76B22711-LeaderElection996: Election TIMEOUT; received 0 response(s) [] and 0 exception(s); 090573f1-c213-462e-b422-6463ca97c373@group-848D76B22711:t10, leader=null, voted=090573f1-c213-462e-b422-6463ca97c373, raftlog=090573f1-c213-462e-b422-6463ca97c373@group-848D76B22711-SegmentedRaftLog:OPENED:c-1,f-1,i0, conf=-1: [93d557fa-335e-4e3d-b2bb-e33832802906:192.168.69.102:43737, 090573f1-c213-462e-b422-6463ca97c373:192.168.69.102:43336, db364705-f60f-4be7-83db-fd25b014fd0b:192.168.69.102:41270], old=null
2019-10-15 21:18:48,147 [090573f1-c213-462e-b422-6463ca97c373@group-848D76B22711-LeaderElection996] INFO  impl.LeaderElection (LeaderElection.java:askForVotes(178)) - 090573f1-c213-462e-b422-6463ca97c373@group-848D76B22711-LeaderElection996: begin an election at term 11 for -1: [93d557fa-335e-4e3d-b2bb-e33832802906:192.168.69.102:43737, 090573f1-c213-462e-b422-6463ca97c373:192.168.69.102:43336, db364705-f60f-4be7-83db-fd25b014fd0b:192.168.69.102:41270], old=null
2019-10-15 21:18:48,150 [grpc-default-executor-2] INFO  impl.RaftServerImpl (RaftServerImpl.java:setRole(184)) - 93d557fa-335e-4e3d-b2bb-e33832802906@group-848D76B22711: changes role from  FOLLOWER to FOLLOWER at term 11 for recognizeCandidate:090573f1-c213-462e-b422-6463ca97c373
2019-10-15 21:18:48,150 [grpc-default-executor-2] INFO  impl.RoleInfo (RoleInfo.java:shutdownFollowerState(121)) - 93d557fa-335e-4e3d-b2bb-e33832802906: shutdown FollowerState
2019-10-15 21:18:48,151 [Thread-8542] INFO  impl.FollowerState (FollowerState.java:run(117)) - 93d557fa-335e-4e3d-b2bb-e33832802906@group-848D76B22711-FollowerState was interrupted: java.lang.InterruptedException: sleep interrupted
2019-10-15 21:18:48,151 [grpc-default-executor-2] INFO  impl.RoleInfo (RoleInfo.java:updateAndGet(143)) - 93d557fa-335e-4e3d-b2bb-e33832802906: start FollowerState
2019-10-15 21:18:48,154 [grpc-default-executor-3] INFO  impl.RaftServerImpl (RaftServerImpl.java:setRole(184)) - db364705-f60f-4be7-83db-fd25b014fd0b@group-848D76B22711: changes role from  FOLLOWER to FOLLOWER at term 11 for recognizeCandidate:090573f1-c213-462e-b422-6463ca97c373
2019-10-15 21:18:48,154 [grpc-default-executor-3] INFO  impl.RoleInfo (RoleInfo.java:shutdownFollowerState(121)) - db364705-f60f-4be7-83db-fd25b014fd0b: shutdown FollowerState
2019-10-15 21:18:48,154 [grpc-default-executor-3] INFO  impl.RoleInfo (RoleInfo.java:updateAndGet(143)) - db364705-f60f-4be7-83db-fd25b014fd0b: start FollowerState
2019-10-15 21:18:48,154 [Thread-8543] INFO  impl.FollowerState (FollowerState.java:run(117)) - db364705-f60f-4be7-83db-fd25b014fd0b@group-848D76B22711-FollowerState was interrupted: java.lang.InterruptedException: sleep interrupted
2019-10-15 21:18:48,174 [090573f1-c213-462e-b422-6463ca97c373@group-848D76B22711-LeaderElection996] INFO  impl.LeaderElection (LeaderElection.java:logAndReturn(56)) - 090573f1-c213-462e-b422-6463ca97c373@group-848D76B22711-LeaderElection996: Election REJECTED; received 2 response(s) [090573f1-c213-462e-b422-6463ca97c373<-93d557fa-335e-4e3d-b2bb-e33832802906#0:FAIL-t11, 090573f1-c213-462e-b422-6463ca97c373<-db364705-f60f-4be7-83db-fd25b014fd0b#0:FAIL-t11] and 0 exception(s); 090573f1-c213-462e-b422-6463ca97c373@group-848D76B22711:t11, leader=null, voted=090573f1-c213-462e-b422-6463ca97c373, raftlog=090573f1-c213-462e-b422-6463ca97c373@group-848D76B22711-SegmentedRaftLog:OPENED:c-1,f-1,i0, conf=-1: [93d557fa-335e-4e3d-b2bb-e33832802906:192.168.69.102:43737, 090573f1-c213-462e-b422-6463ca97c373:192.168.69.102:43336, db364705-f60f-4be7-83db-fd25b014fd0b:192.168.69.102:41270], old=null
2019-10-15 21:18:48,174 [090573f1-c213-462e-b422-6463ca97c373@group-848D76B22711-LeaderElection996] INFO  impl.RaftServerImpl (RaftServerImpl.java:setRole(184)) - 090573f1-c213-462e-b422-6463ca97c373@group-848D76B22711: changes role from CANDIDATE to FOLLOWER at term 11 for DISCOVERED_A_NEW_TERM
2019-10-15 21:18:48,174 [090573f1-c213-462e-b422-6463ca97c373@group-848D76B22711-LeaderElection996] INFO  impl.RoleInfo (RoleInfo.java:shutdownLeaderElection(134)) - 090573f1-c213-462e-b422-6463ca97c373: shutdown LeaderElection
2019-10-15 21:18:48,174 [090573f1-c213-462e-b422-6463ca97c373@group-848D76B22711-LeaderElection996] INFO  impl.RoleInfo (RoleInfo.java:updateAndGet(143)) - 090573f1-c213-462e-b422-6463ca97c373: start FollowerState
2019-10-15 21:18:48,179 [Thread-8550] INFO  impl.FollowerState (FollowerState.java:run(108)) - 090573f1-c213-462e-b422-6463ca97c373@group-848D76B22711-FollowerState: change to CANDIDATE, lastRpcTime:4ms, electionTimeout:4ms
2019-10-15 21:18:48,179 [Thread-8550] INFO  impl.RoleInfo (RoleInfo.java:shutdownFollowerState(121)) - 090573f1-c213-462e-b422-6463ca97c373: shutdown FollowerState
2019-10-15 21:18:48,179 [Thread-8550] INFO  impl.RaftServerImpl (RaftServerImpl.java:setRole(184)) - 090573f1-c213-462e-b422-6463ca97c373@group-848D76B22711: changes role from  FOLLOWER to CANDIDATE at term 11 for changeToCandidate
2019-10-15 21:18:48,179 [Thread-8550] INFO  impl.RoleInfo (RoleInfo.java:updateAndGet(143)) - 090573f1-c213-462e-b422-6463ca97c373: start LeaderElection
2019-10-15 21:18:48,188 [090573f1-c213-462e-b422-6463ca97c373@group-848D76B22711-LeaderElection997] INFO  impl.LeaderElection (LeaderElection.java:askForVotes(178)) - 090573f1-c213-462e-b422-6463ca97c373@group-848D76B22711-LeaderElection997: begin an election at term 12 for -1: [93d557fa-335e-4e3d-b2bb-e33832802906:192.168.69.102:43737, 090573f1-c213-462e-b422-6463ca97c373:192.168.69.102:43336, db364705-f60f-4be7-83db-fd25b014fd0b:192.168.69.102:41270], old=null
2019-10-15 21:18:48,189 [grpc-default-executor-3] INFO  impl.RaftServerImpl (RaftServerImpl.java:setRole(184)) - 93d557fa-335e-4e3d-b2bb-e33832802906@group-848D76B22711: changes role from  FOLLOWER to FOLLOWER at term 12 for recognizeCandidate:090573f1-c213-462e-b422-6463ca97c373
2019-10-15 21:18:48,189 [grpc-default-executor-3] INFO  impl.RoleInfo (RoleInfo.java:shutdownFollowerState(121)) - 93d557fa-335e-4e3d-b2bb-e33832802906: shutdown FollowerState
2019-10-15 21:18:48,189 [grpc-default-executor-3] INFO  impl.RoleInfo (RoleInfo.java:updateAndGet(143)) - 93d557fa-335e-4e3d-b2bb-e33832802906: start FollowerState
2019-10-15 21:18:48,189 [Thread-8548] INFO  impl.FollowerState (FollowerState.java:run(117)) - 93d557fa-335e-4e3d-b2bb-e33832802906@group-848D76B22711-FollowerState was interrupted: java.lang.InterruptedException: sleep interrupted
2019-10-15 21:18:48,190 [grpc-default-executor-2] INFO  impl.RaftServerImpl (RaftServerImpl.java:setRole(184)) - db364705-f60f-4be7-83db-fd25b014fd0b@group-848D76B22711: changes role from  FOLLOWER to FOLLOWER at term 12 for recognizeCandidate:090573f1-c213-462e-b422-6463ca97c373
2019-10-15 21:18:48,190 [grpc-default-executor-2] INFO  impl.RoleInfo (RoleInfo.java:shutdownFollowerState(121)) - db364705-f60f-4be7-83db-fd25b014fd0b: shutdown FollowerState
2019-10-15 21:18:48,190 [grpc-default-executor-2] INFO  impl.RoleInfo (RoleInfo.java:updateAndGet(143)) - db364705-f60f-4be7-83db-fd25b014fd0b: start FollowerState
2019-10-15 21:18:48,190 [Thread-8549] INFO  impl.FollowerState (FollowerState.java:run(117)) - db364705-f60f-4be7-83db-fd25b014fd0b@group-848D76B22711-FollowerState was interrupted: java.lang.InterruptedException: sleep interrupted
2019-10-15 21:18:48,218 [090573f1-c213-462e-b422-6463ca97c373@group-848D76B22711-LeaderElection997] INFO  impl.LeaderElection (LeaderElection.java:logAndReturn(56)) - 090573f1-c213-462e-b422-6463ca97c373@group-848D76B22711-LeaderElection997: Election REJECTED; received 2 response(s) [090573f1-c213-462e-b422-6463ca97c373<-93d557fa-335e-4e3d-b2bb-e33832802906#0:FAIL-t12, 090573f1-c213-462e-b422-6463ca97c373<-db364705-f60f-4be7-83db-fd25b014fd0b#0:FAIL-t12] and 0 exception(s); 090573f1-c213-462e-b422-6463ca97c373@group-848D76B22711:t12, leader=null, voted=090573f1-c213-462e-b422-6463ca97c373, raftlog=090573f1-c213-462e-b422-6463ca97c373@group-848D76B22711-SegmentedRaftLog:OPENED:c-1,f-1,i0, conf=-1: [93d557fa-335e-4e3d-b2bb-e33832802906:192.168.69.102:43737, 090573f1-c213-462e-b422-6463ca97c373:192.168.69.102:43336, db364705-f60f-4be7-83db-fd25b014fd0b:192.168.69.102:41270], old=null
2019-10-15 21:18:48,218 [090573f1-c213-462e-b422-6463ca97c373@group-848D76B22711-LeaderElection997] INFO  impl.RaftServerImpl (RaftServerImpl.java:setRole(184)) - 090573f1-c213-462e-b422-6463ca97c373@group-848D76B22711: changes role from CANDIDATE to FOLLOWER at term 12 for DISCOVERED_A_NEW_TERM
2019-10-15 21:18:48,218 [090573f1-c213-462e-b422-6463ca97c373@group-848D76B22711-LeaderElection997] INFO  impl.RoleInfo (RoleInfo.java:shutdownLeaderElection(134)) - 090573f1-c213-462e-b422-6463ca97c373: shutdown LeaderElection
2019-10-15 21:18:48,218 [090573f1-c213-462e-b422-6463ca97c373@group-848D76B22711-LeaderElection997] INFO  impl.RoleInfo (RoleInfo.java:updateAndGet(143)) - 090573f1-c213-462e-b422-6463ca97c373: start FollowerState
2019-10-15 21:18:48,360 [Thread-8556] INFO  impl.FollowerState (FollowerState.java:run(108)) - 090573f1-c213-462e-b422-6463ca97c373@group-848D76B22711-FollowerState: change to CANDIDATE, lastRpcTime:141ms, electionTimeout:141ms
2019-10-15 21:18:48,360 [Thread-8556] INFO  impl.RoleInfo (RoleInfo.java:shutdownFollowerState(121)) - 090573f1-c213-462e-b422-6463ca97c373: shutdown FollowerState
2019-10-15 21:18:48,360 [Thread-8556] INFO  impl.RaftServerImpl (RaftServerImpl.java:setRole(184)) - 090573f1-c213-462e-b422-6463ca97c373@group-848D76B22711: changes role from  FOLLOWER to CANDIDATE at term 12 for changeToCandidate
2019-10-15 21:18:48,360 [Thread-8556] INFO  impl.RoleInfo (RoleInfo.java:updateAndGet(143)) - 090573f1-c213-462e-b422-6463ca97c373: start LeaderElection
2019-10-15 21:18:48,373 [090573f1-c213-462e-b422-6463ca97c373@group-848D76B22711-LeaderElection998] INFO  impl.LeaderElection (LeaderElection.java:askForVotes(178)) - 090573f1-c213-462e-b422-6463ca97c373@group-848D76B22711-LeaderElection998: begin an election at term 13 for -1: [93d557fa-335e-4e3d-b2bb-e33832802906:192.168.69.102:43737, 090573f1-c213-462e-b422-6463ca97c373:192.168.69.102:43336, db364705-f60f-4be7-83db-fd25b014fd0b:192.168.69.102:41270], old=null
2019-10-15 21:18:48,375 [grpc-default-executor-2] INFO  impl.RaftServerImpl (RaftServerImpl.java:setRole(184)) - db364705-f60f-4be7-83db-fd25b014fd0b@group-848D76B22711: changes role from  FOLLOWER to FOLLOWER at term 13 for recognizeCandidate:090573f1-c213-462e-b422-6463ca97c373
2019-10-15 21:18:48,375 [grpc-default-executor-2] INFO  impl.RoleInfo (RoleInfo.java:shutdownFollowerState(121)) - db364705-f60f-4be7-83db-fd25b014fd0b: shutdown FollowerState
2019-10-15 21:18:48,375 [grpc-default-executor-2] INFO  impl.RoleInfo (RoleInfo.java:updateAndGet(143)) - db364705-f60f-4be7-83db-fd25b014fd0b: start FollowerState
2019-10-15 21:18:48,375 [grpc-default-executor-3] INFO  impl.RaftServerImpl (RaftServerImpl.java:setRole(184)) - 93d557fa-335e-4e3d-b2bb-e33832802906@group-848D76B22711: changes role from  FOLLOWER to FOLLOWER at term 13 for recognizeCandidate:090573f1-c213-462e-b422-6463ca97c373
2019-10-15 21:18:48,375 [Thread-8555] INFO  impl.FollowerState (FollowerState.java:run(117)) - db364705-f60f-4be7-83db-fd25b014fd0b@group-848D76B22711-FollowerState was interrupted: java.lang.InterruptedException: sleep interrupted
2019-10-15 21:18:48,375 [grpc-default-executor-3] INFO  impl.RoleInfo (RoleInfo.java:shutdownFollowerState(121)) - 93d557fa-335e-4e3d-b2bb-e33832802906: shutdown FollowerState
2019-10-15 21:18:48,375 [grpc-default-executor-3] INFO  impl.RoleInfo (RoleInfo.java:updateAndGet(143)) - 93d557fa-335e-4e3d-b2bb-e33832802906: start FollowerState
2019-10-15 21:18:48,375 [Thread-8554] INFO  impl.FollowerState (FollowerState.java:run(117)) - 93d557fa-335e-4e3d-b2bb-e33832802906@group-848D76B22711-FollowerState was interrupted: java.lang.InterruptedException: sleep interrupted
2019-10-15 21:18:48,382 [090573f1-c213-462e-b422-6463ca97c373@group-848D76B22711-LeaderElection998] INFO  impl.LeaderElection (LeaderElection.java:logAndReturn(56)) - 090573f1-c213-462e-b422-6463ca97c373@group-848D76B22711-LeaderElection998: Election REJECTED; received 2 response(s) [090573f1-c213-462e-b422-6463ca97c373<-93d557fa-335e-4e3d-b2bb-e33832802906#0:FAIL-t13, 090573f1-c213-462e-b422-6463ca97c373<-db364705-f60f-4be7-83db-fd25b014fd0b#0:FAIL-t13] and 0 exception(s); 090573f1-c213-462e-b422-6463ca97c373@group-848D76B22711:t13, leader=null, voted=090573f1-c213-462e-b422-6463ca97c373, raftlog=090573f1-c213-462e-b422-6463ca97c373@group-848D76B22711-SegmentedRaftLog:OPENED:c-1,f-1,i0, conf=-1: [93d557fa-335e-4e3d-b2bb-e33832802906:192.168.69.102:43737, 090573f1-c213-462e-b422-6463ca97c373:192.168.69.102:43336, db364705-f60f-4be7-83db-fd25b014fd0b:192.168.69.102:41270], old=null
2019-10-15 21:18:48,382 [090573f1-c213-462e-b422-6463ca97c373@group-848D76B22711-LeaderElection998] INFO  impl.RaftServerImpl (RaftServerImpl.java:setRole(184)) - 090573f1-c213-462e-b422-6463ca97c373@group-848D76B22711: changes role from CANDIDATE to FOLLOWER at term 13 for DISCOVERED_A_NEW_TERM
2019-10-15 21:18:48,382 [090573f1-c213-462e-b422-6463ca97c373@group-848D76B22711-LeaderElection998] INFO  impl.RoleInfo (RoleInfo.java:shutdownLeaderElection(134)) - 090573f1-c213-462e-b422-6463ca97c373: shutdown LeaderElection
2019-10-15 21:18:48,382 [090573f1-c213-462e-b422-6463ca97c373@group-848D76B22711-LeaderElection998] INFO  impl.RoleInfo (RoleInfo.java:updateAndGet(143)) - 090573f1-c213-462e-b422-6463ca97c373: start FollowerState
2019-10-15 21:18:48,443 [Thread-8564] INFO  impl.FollowerState (FollowerState.java:run(108)) - 090573f1-c213-462e-b422-6463ca97c373@group-848D76B22711-FollowerState: change to CANDIDATE, lastRpcTime:61ms, electionTimeout:61ms
2019-10-15 21:18:48,443 [Thread-8564] INFO  impl.RoleInfo (RoleInfo.java:shutdownFollowerState(121)) - 090573f1-c213-462e-b422-6463ca97c373: shutdown FollowerState
2019-10-15 21:18:48,444 [Thread-8564] INFO  impl.RaftServerImpl (RaftServerImpl.java:setRole(184)) - 090573f1-c213-462e-b422-6463ca97c373@group-848D76B22711: changes role from  FOLLOWER to CANDIDATE at term 13 for changeToCandidate
2019-10-15 21:18:48,444 [Thread-8564] INFO  impl.RoleInfo (RoleInfo.java:updateAndGet(143)) - 090573f1-c213-462e-b422-6463ca97c373: start LeaderElection
2019-10-15 21:18:48,448 [090573f1-c213-462e-b422-6463ca97c373@group-848D76B22711-LeaderElection999] INFO  impl.LeaderElection (LeaderElection.java:askForVotes(178)) - 090573f1-c213-462e-b422-6463ca97c373@group-848D76B22711-LeaderElection999: begin an election at term 14 for -1: [93d557fa-335e-4e3d-b2bb-e33832802906:192.168.69.102:43737, 090573f1-c213-462e-b422-6463ca97c373:192.168.69.102:43336, db364705-f60f-4be7-83db-fd25b014fd0b:192.168.69.102:41270], old=null
2019-10-15 21:18:48,449 [grpc-default-executor-2] INFO  impl.RaftServerImpl (RaftServerImpl.java:setRole(184)) - 93d557fa-335e-4e3d-b2bb-e33832802906@group-848D76B22711: changes role from  FOLLOWER to FOLLOWER at term 14 for recognizeCandidate:090573f1-c213-462e-b422-6463ca97c373
2019-10-15 21:18:48,449 [grpc-default-executor-3] INFO  impl.RaftServerImpl (RaftServerImpl.java:setRole(184)) - db364705-f60f-4be7-83db-fd25b014fd0b@group-848D76B22711: changes role from  FOLLOWER to FOLLOWER at term 14 for recognizeCandidate:090573f1-c213-462e-b422-6463ca97c373
2019-10-15 21:18:48,449 [grpc-default-executor-3] INFO  impl.RoleInfo (RoleInfo.java:shutdownFollowerState(121)) - db364705-f60f-4be7-83db-fd25b014fd0b: shutdown FollowerState
2019-10-15 21:18:48,449 [grpc-default-executor-3] INFO  impl.RoleInfo (RoleInfo.java:updateAndGet(143)) - db364705-f60f-4be7-83db-fd25b014fd0b: start FollowerState
2019-10-15 21:18:48,449 [Thread-8562] INFO  impl.FollowerState (FollowerState.java:run(117)) - db364705-f60f-4be7-83db-fd25b014fd0b@group-848D76B22711-FollowerState was interrupted: java.lang.InterruptedException: sleep interrupted
2019-10-15 21:18:48,449 [grpc-default-executor-2] INFO  impl.RoleInfo (RoleInfo.java:shutdownFollowerState(121)) - 93d557fa-335e-4e3d-b2bb-e33832802906: shutdown FollowerState
2019-10-15 21:18:48,450 [grpc-default-executor-2] INFO  impl.RoleInfo (RoleInfo.java:updateAndGet(143)) - 93d557fa-335e-4e3d-b2bb-e33832802906: start FollowerState
2019-10-15 21:18:48,450 [Thread-8563] INFO  impl.FollowerState (FollowerState.java:run(117)) - 93d557fa-335e-4e3d-b2bb-e33832802906@group-848D76B22711-FollowerState was interrupted: java.lang.InterruptedException: sleep interrupted
2019-10-15 21:18:48,478 [090573f1-c213-462e-b422-6463ca97c373@group-848D76B22711-LeaderElection999] INFO  impl.LeaderElection (LeaderElection.java:logAndReturn(56)) - 090573f1-c213-462e-b422-6463ca97c373@group-848D76B22711-LeaderElection999: Election REJECTED; received 2 response(s) [090573f1-c213-462e-b422-6463ca97c373<-93d557fa-335e-4e3d-b2bb-e33832802906#0:FAIL-t14, 090573f1-c213-462e-b422-6463ca97c373<-db364705-f60f-4be7-83db-fd25b014fd0b#0:FAIL-t14] and 0 exception(s); 090573f1-c213-462e-b422-6463ca97c373@group-848D76B22711:t14, leader=null, voted=090573f1-c213-462e-b422-6463ca97c373, raftlog=090573f1-c213-462e-b422-6463ca97c373@group-848D76B22711-SegmentedRaftLog:OPENED:c-1,f-1,i0, conf=-1: [93d557fa-335e-4e3d-b2bb-e33832802906:192.168.69.102:43737, 090573f1-c213-462e-b422-6463ca97c373:192.168.69.102:43336, db364705-f60f-4be7-83db-fd25b014fd0b:192.168.69.102:41270], old=null
2019-10-15 21:18:48,478 [090573f1-c213-462e-b422-6463ca97c373@group-848D76B22711-LeaderElection999] INFO  impl.RaftServerImpl (RaftServerImpl.java:setRole(184)) - 090573f1-c213-462e-b422-6463ca97c373@group-848D76B22711: changes role from CANDIDATE to FOLLOWER at term 14 for DISCOVERED_A_NEW_TERM
2019-10-15 21:18:48,478 [090573f1-c213-462e-b422-6463ca97c373@group-848D76B22711-LeaderElection999] INFO  impl.RoleInfo (RoleInfo.java:shutdownLeaderElection(134)) - 090573f1-c213-462e-b422-6463ca97c373: shutdown LeaderElection
2019-10-15 21:18:48,478 [090573f1-c213-462e-b422-6463ca97c373@group-848D76B22711-LeaderElection999] INFO  impl.RoleInfo (RoleInfo.java:updateAndGet(143)) - 090573f1-c213-462e-b422-6463ca97c373: start FollowerState
2019-10-15 21:18:48,621 [Thread-8570] INFO  impl.FollowerState (FollowerState.java:run(108)) - 090573f1-c213-462e-b422-6463ca97c373@group-848D76B22711-FollowerState: change to CANDIDATE, lastRpcTime:142ms, electionTimeout:142ms
2019-10-15 21:18:48,621 [Thread-8570] INFO  impl.RoleInfo (RoleInfo.java:shutdownFollowerState(121)) - 090573f1-c213-462e-b422-6463ca97c373: shutdown FollowerState
2019-10-15 21:18:48,621 [Thread-8570] INFO  impl.RaftServerImpl (RaftServerImpl.java:setRole(184)) - 090573f1-c213-462e-b422-6463ca97c373@group-848D76B22711: changes role from  FOLLOWER to CANDIDATE at term 14 for changeToCandidate
2019-10-15 21:18:48,621 [Thread-8570] INFO  impl.RoleInfo (RoleInfo.java:updateAndGet(143)) - 090573f1-c213-462e-b422-6463ca97c373: start LeaderElection
2019-10-15 21:18:48,630 [090573f1-c213-462e-b422-6463ca97c373@group-848D76B22711-LeaderElection1000] INFO  impl.LeaderElection (LeaderElection.java:askForVotes(178)) - 090573f1-c213-462e-b422-6463ca97c373@group-848D76B22711-LeaderElection1000: begin an election at term 15 for -1: [93d557fa-335e-4e3d-b2bb-e33832802906:192.168.69.102:43737, 090573f1-c213-462e-b422-6463ca97c373:192.168.69.102:43336, db364705-f60f-4be7-83db-fd25b014fd0b:192.168.69.102:41270], old=null
2019-10-15 21:18:48,631 [grpc-default-executor-3] INFO  impl.RaftServerImpl (RaftServerImpl.java:setRole(184)) - 93d557fa-335e-4e3d-b2bb-e33832802906@group-848D76B22711: changes role from  FOLLOWER to FOLLOWER at term 15 for recognizeCandidate:090573f1-c213-462e-b422-6463ca97c373
2019-10-15 21:18:48,631 [grpc-default-executor-3] INFO  impl.RoleInfo (RoleInfo.java:shutdownFollowerState(121)) - 93d557fa-335e-4e3d-b2bb-e33832802906: shutdown FollowerState
2019-10-15 21:18:48,631 [grpc-default-executor-2] INFO  impl.RaftServerImpl (RaftServerImpl.java:setRole(184)) - db364705-f60f-4be7-83db-fd25b014fd0b@group-848D76B22711: changes role from  FOLLOWER to FOLLOWER at term 15 for recognizeCandidate:090573f1-c213-462e-b422-6463ca97c373
2019-10-15 21:18:48,631 [Thread-8569] INFO  impl.FollowerState (FollowerState.java:run(117)) - 93d557fa-335e-4e3d-b2bb-e33832802906@group-848D76B22711-FollowerState was interrupted: java.lang.InterruptedException: sleep interrupted
2019-10-15 21:18:48,631 [grpc-default-executor-3] INFO  impl.RoleInfo (RoleInfo.java:updateAndGet(143)) - 93d557fa-335e-4e3d-b2bb-e33832802906: start FollowerState
2019-10-15 21:18:48,631 [grpc-default-executor-2] INFO  impl.RoleInfo (RoleInfo.java:shutdownFollowerState(121)) - db364705-f60f-4be7-83db-fd25b014fd0b: shutdown FollowerState
2019-10-15 21:18:48,632 [grpc-default-executor-2] INFO  impl.RoleInfo (RoleInfo.java:updateAndGet(143)) - db364705-f60f-4be7-83db-fd25b014fd0b: start FollowerState
2019-10-15 21:18:48,632 [Thread-8568] INFO  impl.FollowerState (FollowerState.java:run(117)) - db364705-f60f-4be7-83db-fd25b014fd0b@group-848D76B22711-FollowerState was interrupted: java.lang.InterruptedException: sleep interrupted
2019-10-15 21:18:48,640 [090573f1-c213-462e-b422-6463ca97c373@group-848D76B22711-LeaderElection1000] INFO  impl.LeaderElection (LeaderElection.java:logAndReturn(56)) - 090573f1-c213-462e-b422-6463ca97c373@group-848D76B22711-LeaderElection1000: Election REJECTED; received 2 response(s) [090573f1-c213-462e-b422-6463ca97c373<-93d557fa-335e-4e3d-b2bb-e33832802906#0:FAIL-t15, 090573f1-c213-462e-b422-6463ca97c373<-db364705-f60f-4be7-83db-fd25b014fd0b#0:FAIL-t15] and 0 exception(s); 090573f1-c213-462e-b422-6463ca97c373@group-848D76B22711:t15, leader=null, voted=090573f1-c213-462e-b422-6463ca97c373, raftlog=090573f1-c213-462e-b422-6463ca97c373@group-848D76B22711-SegmentedRaftLog:OPENED:c-1,f-1,i0, conf=-1: [93d557fa-335e-4e3d-b2bb-e33832802906:192.168.69.102:43737, 090573f1-c213-462e-b422-6463ca97c373:192.168.69.102:43336, db364705-f60f-4be7-83db-fd25b014fd0b:192.168.69.102:41270], old=null
2019-10-15 21:18:48,640 [090573f1-c213-462e-b422-6463ca97c373@group-848D76B22711-LeaderElection1000] INFO  impl.RaftServerImpl (RaftServerImpl.java:setRole(184)) - 090573f1-c213-462e-b422-6463ca97c373@group-848D76B22711: changes role from CANDIDATE to FOLLOWER at term 15 for DISCOVERED_A_NEW_TERM
2019-10-15 21:18:48,640 [090573f1-c213-462e-b422-6463ca97c373@group-848D76B22711-LeaderElection1000] INFO  impl.RoleInfo (RoleInfo.java:shutdownLeaderElection(134)) - 090573f1-c213-462e-b422-6463ca97c373: shutdown LeaderElection
2019-10-15 21:18:48,640 [090573f1-c213-462e-b422-6463ca97c373@group-848D76B22711-LeaderElection1000] INFO  impl.RoleInfo (RoleInfo.java:updateAndGet(143)) - 090573f1-c213-462e-b422-6463ca97c373: start FollowerState
2019-10-15 21:18:48,697 [Thread-8576] INFO  impl.FollowerState (FollowerState.java:run(108)) - 090573f1-c213-462e-b422-6463ca97c373@group-848D76B22711-FollowerState: change to CANDIDATE, lastRpcTime:57ms, electionTimeout:57ms
2019-10-15 21:18:48,697 [Thread-8576] INFO  impl.RoleInfo (RoleInfo.java:shutdownFollowerState(121)) - 090573f1-c213-462e-b422-6463ca97c373: shutdown FollowerState
2019-10-15 21:18:48,698 [Thread-8576] INFO  impl.RaftServerImpl (RaftServerImpl.java:setRole(184)) - 090573f1-c213-462e-b422-6463ca97c373@group-848D76B22711: changes role from  FOLLOWER to CANDIDATE at term 15 for changeToCandidate
2019-10-15 21:18:48,698 [Thread-8576] INFO  impl.RoleInfo (RoleInfo.java:updateAndGet(143)) - 090573f1-c213-462e-b422-6463ca97c373: start LeaderElection
2019-10-15 21:18:48,703 [090573f1-c213-462e-b422-6463ca97c373@group-848D76B22711-LeaderElection1001] INFO  impl.LeaderElection (LeaderElection.java:askForVotes(178)) - 090573f1-c213-462e-b422-6463ca97c373@group-848D76B22711-LeaderElection1001: begin an election at term 16 for -1: [93d557fa-335e-4e3d-b2bb-e33832802906:192.168.69.102:43737, 090573f1-c213-462e-b422-6463ca97c373:192.168.69.102:43336, db364705-f60f-4be7-83db-fd25b014fd0b:192.168.69.102:41270], old=null
2019-10-15 21:18:48,704 [grpc-default-executor-2] INFO  impl.RaftServerImpl (RaftServerImpl.java:setRole(184)) - db364705-f60f-4be7-83db-fd25b014fd0b@group-848D76B22711: changes role from  FOLLOWER to FOLLOWER at term 16 for recognizeCandidate:090573f1-c213-462e-b422-6463ca97c373
2019-10-15 21:18:48,704 [grpc-default-executor-2] INFO  impl.RoleInfo (RoleInfo.java:shutdownFollowerState(121)) - db364705-f60f-4be7-83db-fd25b014fd0b: shutdown FollowerState
2019-10-15 21:18:48,704 [grpc-default-executor-3] INFO  impl.RaftServerImpl (RaftServerImpl.java:setRole(184)) - 93d557fa-335e-4e3d-b2bb-e33832802906@group-848D76B22711: changes role from  FOLLOWER to FOLLOWER at term 16 for recognizeCandidate:090573f1-c213-462e-b422-6463ca97c373
2019-10-15 21:18:48,704 [grpc-default-executor-3] INFO  impl.RoleInfo (RoleInfo.java:shutdownFollowerState(121)) - 93d557fa-335e-4e3d-b2bb-e33832802906: shutdown FollowerState
2019-10-15 21:18:48,704 [Thread-8575] INFO  impl.FollowerState (FollowerState.java:run(117)) - db364705-f60f-4be7-83db-fd25b014fd0b@group-848D76B22711-FollowerState was interrupted: java.lang.InterruptedException: sleep interrupted
2019-10-15 21:18:48,704 [grpc-default-executor-2] INFO  impl.RoleInfo (RoleInfo.java:updateAndGet(143)) - db364705-f60f-4be7-83db-fd25b014fd0b: start FollowerState
2019-10-15 21:18:48,705 [Thread-8574] INFO  impl.FollowerState (FollowerState.java:run(117)) - 93d557fa-335e-4e3d-b2bb-e33832802906@group-848D76B22711-FollowerState was interrupted: java.lang.InterruptedException: sleep interrupted
2019-10-15 21:18:48,705 [grpc-default-executor-3] INFO  impl.RoleInfo (RoleInfo.java:updateAndGet(143)) - 93d557fa-335e-4e3d-b2bb-e33832802906: start FollowerState
2019-10-15 21:18:48,716 [090573f1-c213-462e-b422-6463ca97c373@group-848D76B22711-LeaderElection1001] INFO  impl.LeaderElection (LeaderElection.java:logAndReturn(56)) - 090573f1-c213-462e-b422-6463ca97c373@group-848D76B22711-LeaderElection1001: Election REJECTED; received 2 response(s) [090573f1-c213-462e-b422-6463ca97c373<-93d557fa-335e-4e3d-b2bb-e33832802906#0:FAIL-t16, 090573f1-c213-462e-b422-6463ca97c373<-db364705-f60f-4be7-83db-fd25b014fd0b#0:FAIL-t16] and 0 exception(s); 090573f1-c213-462e-b422-6463ca97c373@group-848D76B22711:t16, leader=null, voted=090573f1-c213-462e-b422-6463ca97c373, raftlog=090573f1-c213-462e-b422-6463ca97c373@group-848D76B22711-SegmentedRaftLog:OPENED:c-1,f-1,i0, conf=-1: [93d557fa-335e-4e3d-b2bb-e33832802906:192.168.69.102:43737, 090573f1-c213-462e-b422-6463ca97c373:192.168.69.102:43336, db364705-f60f-4be7-83db-fd25b014fd0b:192.168.69.102:41270], old=null
2019-10-15 21:18:48,717 [090573f1-c213-462e-b422-6463ca97c373@group-848D76B22711-LeaderElection1001] INFO  impl.RaftServerImpl (RaftServerImpl.java:setRole(184)) - 090573f1-c213-462e-b422-6463ca97c373@group-848D76B22711: changes role from CANDIDATE to FOLLOWER at term 16 for DISCOVERED_A_NEW_TERM
2019-10-15 21:18:48,717 [090573f1-c213-462e-b422-6463ca97c373@group-848D76B22711-LeaderElection1001] INFO  impl.RoleInfo (RoleInfo.java:shutdownLeaderElection(134)) - 090573f1-c213-462e-b422-6463ca97c373: shutdown LeaderElection
2019-10-15 21:18:48,717 [090573f1-c213-462e-b422-6463ca97c373@group-848D76B22711-LeaderElection1001] INFO  impl.RoleInfo (RoleInfo.java:updateAndGet(143)) - 090573f1-c213-462e-b422-6463ca97c373: start FollowerState
2019-10-15 21:18:48,805 [Thread-8584] INFO  impl.FollowerState (FollowerState.java:run(108)) - 090573f1-c213-462e-b422-6463ca97c373@group-848D76B22711-FollowerState: change to CANDIDATE, lastRpcTime:88ms, electionTimeout:88ms
2019-10-15 21:18:48,805 [Thread-8584] INFO  impl.RoleInfo (RoleInfo.java:shutdownFollowerState(121)) - 090573f1-c213-462e-b422-6463ca97c373: shutdown FollowerState
2019-10-15 21:18:48,805 [Thread-8584] INFO  impl.RaftServerImpl (RaftServerImpl.java:setRole(184)) - 090573f1-c213-462e-b422-6463ca97c373@group-848D76B22711: changes role from  FOLLOWER to CANDIDATE at term 16 for changeToCandidate
2019-10-15 21:18:48,805 [Thread-8584] INFO  impl.RoleInfo (RoleInfo.java:updateAndGet(143)) - 090573f1-c213-462e-b422-6463ca97c373: start LeaderElection
2019-10-15 21:18:48,812 [090573f1-c213-462e-b422-6463ca97c373@group-848D76B22711-LeaderElection1002] INFO  impl.LeaderElection (LeaderElection.java:askForVotes(178)) - 090573f1-c213-462e-b422-6463ca97c373@group-848D76B22711-LeaderElection1002: begin an election at term 17 for -1: [93d557fa-335e-4e3d-b2bb-e33832802906:192.168.69.102:43737, 090573f1-c213-462e-b422-6463ca97c373:192.168.69.102:43336, db364705-f60f-4be7-83db-fd25b014fd0b:192.168.69.102:41270], old=null
2019-10-15 21:18:48,813 [grpc-default-executor-2] INFO  impl.RaftServerImpl (RaftServerImpl.java:setRole(184)) - db364705-f60f-4be7-83db-fd25b014fd0b@group-848D76B22711: changes role from  FOLLOWER to FOLLOWER at term 17 for recognizeCandidate:090573f1-c213-462e-b422-6463ca97c373
2019-10-15 21:18:48,813 [grpc-default-executor-7] INFO  impl.RaftServerImpl (RaftServerImpl.java:setRole(184)) - 93d557fa-335e-4e3d-b2bb-e33832802906@group-848D76B22711: changes role from  FOLLOWER to FOLLOWER at term 17 for recognizeCandidate:090573f1-c213-462e-b422-6463ca97c373
2019-10-15 21:18:48,813 [grpc-default-executor-2] INFO  impl.RoleInfo (RoleInfo.java:shutdownFollowerState(121)) - db364705-f60f-4be7-83db-fd25b014fd0b: shutdown FollowerState
2019-10-15 21:18:48,813 [grpc-default-executor-7] INFO  impl.RoleInfo (RoleInfo.java:shutdownFollowerState(121)) - 93d557fa-335e-4e3d-b2bb-e33832802906: shutdown FollowerState
2019-10-15 21:18:48,813 [Thread-8582] INFO  impl.FollowerState (FollowerState.java:run(117)) - db364705-f60f-4be7-83db-fd25b014fd0b@group-848D76B22711-FollowerState was interrupted: java.lang.InterruptedException: sleep interrupted
2019-10-15 21:18:48,813 [Thread-8583] INFO  impl.FollowerState (FollowerState.java:run(117)) - 93d557fa-335e-4e3d-b2bb-e33832802906@group-848D76B22711-FollowerState was interrupted: java.lang.InterruptedException: sleep interrupted
2019-10-15 21:18:48,813 [grpc-default-executor-2] INFO  impl.RoleInfo (RoleInfo.java:updateAndGet(143)) - db364705-f60f-4be7-83db-fd25b014fd0b: start FollowerState
2019-10-15 21:18:48,813 [grpc-default-executor-7] INFO  impl.RoleInfo (RoleInfo.java:updateAndGet(143)) - 93d557fa-335e-4e3d-b2bb-e33832802906: start FollowerState
2019-10-15 21:18:48,821 [090573f1-c213-462e-b422-6463ca97c373@group-848D76B22711-LeaderElection1002] INFO  impl.LeaderElection (LeaderElection.java:logAndReturn(56)) - 090573f1-c213-462e-b422-6463ca97c373@group-848D76B22711-LeaderElection1002: Election REJECTED; received 2 response(s) [090573f1-c213-462e-b422-6463ca97c373<-93d557fa-335e-4e3d-b2bb-e33832802906#0:FAIL-t17, 090573f1-c213-462e-b422-6463ca97c373<-db364705-f60f-4be7-83db-fd25b014fd0b#0:FAIL-t17] and 0 exception(s); 090573f1-c213-462e-b422-6463ca97c373@group-848D76B22711:t17, leader=null, voted=090573f1-c213-462e-b422-6463ca97c373, raftlog=090573f1-c213-462e-b422-6463ca97c373@group-848D76B22711-SegmentedRaftLog:OPENED:c-1,f-1,i0, conf=-1: [93d557fa-335e-4e3d-b2bb-e33832802906:192.168.69.102:43737, 090573f1-c213-462e-b422-6463ca97c373:192.168.69.102:43336, db364705-f60f-4be7-83db-fd25b014fd0b:192.168.69.102:41270], old=null
2019-10-15 21:18:48,821 [090573f1-c213-462e-b422-6463ca97c373@group-848D76B22711-LeaderElection1002] INFO  impl.RaftServerImpl (RaftServerImpl.java:setRole(184)) - 090573f1-c213-462e-b422-6463ca97c373@group-848D76B22711: changes role from CANDIDATE to FOLLOWER at term 17 for DISCOVERED_A_NEW_TERM
2019-10-15 21:18:48,821 [090573f1-c213-462e-b422-6463ca97c373@group-848D76B22711-LeaderElection1002] INFO  impl.RoleInfo (RoleInfo.java:shutdownLeaderElection(134)) - 090573f1-c213-462e-b422-6463ca97c373: shutdown LeaderElection
2019-10-15 21:18:48,822 [090573f1-c213-462e-b422-6463ca97c373@group-848D76B22711-LeaderElection1002] INFO  impl.RoleInfo (RoleInfo.java:updateAndGet(143)) - 090573f1-c213-462e-b422-6463ca97c373: start FollowerState
2019-10-15 21:18:48,935 [Thread-8594] INFO  impl.FollowerState (FollowerState.java:run(108)) - 090573f1-c213-462e-b422-6463ca97c373@group-848D76B22711-FollowerState: change to CANDIDATE, lastRpcTime:113ms, electionTimeout:113ms
2019-10-15 21:18:48,935 [Thread-8594] INFO  impl.RoleInfo (RoleInfo.java:shutdownFollowerState(121)) - 090573f1-c213-462e-b422-6463ca97c373: shutdown FollowerState
2019-10-15 21:18:48,935 [Thread-8594] INFO  impl.RaftServerImpl (RaftServerImpl.java:setRole(184)) - 090573f1-c213-462e-b422-6463ca97c373@group-848D76B22711: changes role from  FOLLOWER to CANDIDATE at term 17 for changeToCandidate
2019-10-15 21:18:48,935 [Thread-8594] INFO  impl.RoleInfo (RoleInfo.java:updateAndGet(143)) - 090573f1-c213-462e-b422-6463ca97c373: start LeaderElection
2019-10-15 21:18:48,951 [090573f1-c213-462e-b422-6463ca97c373@group-848D76B22711-LeaderElection1003] INFO  impl.LeaderElection (LeaderElection.java:askForVotes(178)) - 090573f1-c213-462e-b422-6463ca97c373@group-848D76B22711-LeaderElection1003: begin an election at term 18 for -1: [93d557fa-335e-4e3d-b2bb-e33832802906:192.168.69.102:43737, 090573f1-c213-462e-b422-6463ca97c373:192.168.69.102:43336, db364705-f60f-4be7-83db-fd25b014fd0b:192.168.69.102:41270], old=null
2019-10-15 21:18:48,953 [grpc-default-executor-2] INFO  impl.RaftServerImpl (RaftServerImpl.java:setRole(184)) - db364705-f60f-4be7-83db-fd25b014fd0b@group-848D76B22711: changes role from  FOLLOWER to FOLLOWER at term 18 for recognizeCandidate:090573f1-c213-462e-b422-6463ca97c373
2019-10-15 21:18:48,953 [grpc-default-executor-2] INFO  impl.RoleInfo (RoleInfo.java:shutdownFollowerState(121)) - db364705-f60f-4be7-83db-fd25b014fd0b: shutdown FollowerState
2019-10-15 21:18:48,953 [grpc-default-executor-7] INFO  impl.RaftServerImpl (RaftServerImpl.java:setRole(184)) - 93d557fa-335e-4e3d-b2bb-e33832802906@group-848D76B22711: changes role from  FOLLOWER to FOLLOWER at term 18 for recognizeCandidate:090573f1-c213-462e-b422-6463ca97c373
2019-10-15 21:18:48,953 [grpc-default-executor-7] INFO  impl.RoleInfo (RoleInfo.java:shutdownFollowerState(121)) - 93d557fa-335e-4e3d-b2bb-e33832802906: shutdown FollowerState
2019-10-15 21:18:48,953 [Thread-8592] INFO  impl.FollowerState (FollowerState.java:run(117)) - db364705-f60f-4be7-83db-fd25b014fd0b@group-848D76B22711-FollowerState was interrupted: java.lang.InterruptedException: sleep interrupted
2019-10-15 21:18:48,953 [grpc-default-executor-2] INFO  impl.RoleInfo (RoleInfo.java:updateAndGet(143)) - db364705-f60f-4be7-83db-fd25b014fd0b: start FollowerState
2019-10-15 21:18:48,953 [Thread-8593] INFO  impl.FollowerState (FollowerState.java:run(117)) - 93d557fa-335e-4e3d-b2bb-e33832802906@group-848D76B22711-FollowerState was interrupted: java.lang.InterruptedException: sleep interrupted
2019-10-15 21:18:48,953 [grpc-default-executor-7] INFO  impl.RoleInfo (RoleInfo.java:updateAndGet(143)) - 93d557fa-335e-4e3d-b2bb-e33832802906: start FollowerState
2019-10-15 21:18:48,961 [090573f1-c213-462e-b422-6463ca97c373@group-848D76B22711-LeaderElection1003] INFO  impl.LeaderElection (LeaderElection.java:logAndReturn(56)) - 090573f1-c213-462e-b422-6463ca97c373@group-848D76B22711-LeaderElection1003: Election REJECTED; received 2 response(s) [090573f1-c213-462e-b422-6463ca97c373<-93d557fa-335e-4e3d-b2bb-e33832802906#0:FAIL-t18, 090573f1-c213-462e-b422-6463ca97c373<-db364705-f60f-4be7-83db-fd25b014fd0b#0:FAIL-t18] and 0 exception(s); 090573f1-c213-462e-b422-6463ca97c373@group-848D76B22711:t18, leader=null, voted=090573f1-c213-462e-b422-6463ca97c373, raftlog=090573f1-c213-462e-b422-6463ca97c373@group-848D76B22711-SegmentedRaftLog:OPENED:c-1,f-1,i0, conf=-1: [93d557fa-335e-4e3d-b2bb-e33832802906:192.168.69.102:43737, 090573f1-c213-462e-b422-6463ca97c373:192.168.69.102:43336, db364705-f60f-4be7-83db-fd25b014fd0b:192.168.69.102:41270], old=null
2019-10-15 21:18:48,961 [090573f1-c213-462e-b422-6463ca97c373@group-848D76B22711-LeaderElection1003] INFO  impl.RaftServerImpl (RaftServerImpl.java:setRole(184)) - 090573f1-c213-462e-b422-6463ca97c373@group-848D76B22711: changes role from CANDIDATE to FOLLOWER at term 18 for DISCOVERED_A_NEW_TERM
2019-10-15 21:18:48,961 [090573f1-c213-462e-b422-6463ca97c373@group-848D76B22711-LeaderElection1003] INFO  impl.RoleInfo (RoleInfo.java:shutdownLeaderElection(134)) - 090573f1-c213-462e-b422-6463ca97c373: shutdown LeaderElection
2019-10-15 21:18:48,961 [090573f1-c213-462e-b422-6463ca97c373@group-848D76B22711-LeaderElection1003] INFO  impl.RoleInfo (RoleInfo.java:updateAndGet(143)) - 090573f1-c213-462e-b422-6463ca97c373: start FollowerState
2019-10-15 21:18:49,096 [Thread-8600] INFO  impl.FollowerState (FollowerState.java:run(108)) - 090573f1-c213-462e-b422-6463ca97c373@group-848D76B22711-FollowerState: change to CANDIDATE, lastRpcTime:134ms, electionTimeout:134ms
2019-10-15 21:18:49,096 [Thread-8600] INFO  impl.RoleInfo (RoleInfo.java:shutdownFollowerState(121)) - 090573f1-c213-462e-b422-6463ca97c373: shutdown FollowerState
2019-10-15 21:18:49,096 [Thread-8600] INFO  impl.RaftServerImpl (RaftServerImpl.java:setRole(184)) - 090573f1-c213-462e-b422-6463ca97c373@group-848D76B22711: changes role from  FOLLOWER to CANDIDATE at term 18 for changeToCandidate
2019-10-15 21:18:49,096 [Thread-8600] INFO  impl.RoleInfo (RoleInfo.java:updateAndGet(143)) - 090573f1-c213-462e-b422-6463ca97c373: start LeaderElection
2019-10-15 21:18:49,102 [090573f1-c213-462e-b422-6463ca97c373@group-848D76B22711-LeaderElection1004] INFO  impl.LeaderElection (LeaderElection.java:askForVotes(178)) - 090573f1-c213-462e-b422-6463ca97c373@group-848D76B22711-LeaderElection1004: begin an election at term 19 for -1: [93d557fa-335e-4e3d-b2bb-e33832802906:192.168.69.102:43737, 090573f1-c213-462e-b422-6463ca97c373:192.168.69.102:43336, db364705-f60f-4be7-83db-fd25b014fd0b:192.168.69.102:41270], old=null
2019-10-15 21:18:49,104 [grpc-default-executor-7] INFO  impl.RaftServerImpl (RaftServerImpl.java:setRole(184)) - 93d557fa-335e-4e3d-b2bb-e33832802906@group-848D76B22711: changes role from  FOLLOWER to FOLLOWER at term 19 for recognizeCandidate:090573f1-c213-462e-b422-6463ca97c373
2019-10-15 21:18:49,104 [grpc-default-executor-2] INFO  impl.RaftServerImpl (RaftServerImpl.java:setRole(184)) - db364705-f60f-4be7-83db-fd25b014fd0b@group-848D76B22711: changes role from  FOLLOWER to FOLLOWER at term 19 for recognizeCandidate:090573f1-c213-462e-b422-6463ca97c373
2019-10-15 21:18:49,104 [grpc-default-executor-7] INFO  impl.RoleInfo (RoleInfo.java:shutdownFollowerState(121)) - 93d557fa-335e-4e3d-b2bb-e33832802906: shutdown FollowerState
2019-10-15 21:18:49,104 [grpc-default-executor-2] INFO  impl.RoleInfo (RoleInfo.java:shutdownFollowerState(121)) - db364705-f60f-4be7-83db-fd25b014fd0b: shutdown FollowerState
2019-10-15 21:18:49,104 [Thread-8599] INFO  impl.FollowerState (FollowerState.java:run(117)) - 93d557fa-335e-4e3d-b2bb-e33832802906@group-848D76B22711-FollowerState was interrupted: java.lang.InterruptedException: sleep interrupted
2019-10-15 21:18:49,104 [grpc-default-executor-7] INFO  impl.RoleInfo (RoleInfo.java:updateAndGet(143)) - 93d557fa-335e-4e3d-b2bb-e33832802906: start FollowerState
2019-10-15 21:18:49,104 [Thread-8598] INFO  impl.FollowerState (FollowerState.java:run(117)) - db364705-f60f-4be7-83db-fd25b014fd0b@group-848D76B22711-FollowerState was interrupted: java.lang.InterruptedException: sleep interrupted
2019-10-15 21:18:49,104 [grpc-default-executor-2] INFO  impl.RoleInfo (RoleInfo.java:updateAndGet(143)) - db364705-f60f-4be7-83db-fd25b014fd0b: start FollowerState
2019-10-15 21:18:49,108 [090573f1-c213-462e-b422-6463ca97c373@group-848D76B22711-LeaderElection1004] INFO  impl.LeaderElection (LeaderElection.java:logAndReturn(56)) - 090573f1-c213-462e-b422-6463ca97c373@group-848D76B22711-LeaderElection1004: Election REJECTED; received 2 response(s) [090573f1-c213-462e-b422-6463ca97c373<-93d557fa-335e-4e3d-b2bb-e33832802906#0:FAIL-t19, 090573f1-c213-462e-b422-6463ca97c373<-db364705-f60f-4be7-83db-fd25b014fd0b#0:FAIL-t19] and 0 exception(s); 090573f1-c213-462e-b422-6463ca97c373@group-848D76B22711:t19, leader=null, voted=090573f1-c213-462e-b422-6463ca97c373, raftlog=090573f1-c213-462e-b422-6463ca97c373@group-848D76B22711-SegmentedRaftLog:OPENED:c-1,f-1,i0, conf=-1: [93d557fa-335e-4e3d-b2bb-e33832802906:192.168.69.102:43737, 090573f1-c213-462e-b422-6463ca97c373:192.168.69.102:43336, db364705-f60f-4be7-83db-fd25b014fd0b:192.168.69.102:41270], old=null
2019-10-15 21:18:49,108 [090573f1-c213-462e-b422-6463ca97c373@group-848D76B22711-LeaderElection1004] INFO  impl.RaftServerImpl (RaftServerImpl.java:setRole(184)) - 090573f1-c213-462e-b422-6463ca97c373@group-848D76B22711: changes role from CANDIDATE to FOLLOWER at term 19 for DISCOVERED_A_NEW_TERM
2019-10-15 21:18:49,108 [090573f1-c213-462e-b422-6463ca97c373@group-848D76B22711-LeaderElection1004] INFO  impl.RoleInfo (RoleInfo.java:shutdownLeaderElection(134)) - 090573f1-c213-462e-b422-6463ca97c373: shutdown LeaderElection
2019-10-15 21:18:49,108 [090573f1-c213-462e-b422-6463ca97c373@group-848D76B22711-LeaderElection1004] INFO  impl.RoleInfo (RoleInfo.java:updateAndGet(143)) - 090573f1-c213-462e-b422-6463ca97c373: start FollowerState
2019-10-15 21:18:49,264 [Thread-8606] INFO  impl.FollowerState (FollowerState.java:run(108)) - 090573f1-c213-462e-b422-6463ca97c373@group-848D76B22711-FollowerState: change to CANDIDATE, lastRpcTime:155ms, electionTimeout:155ms
2019-10-15 21:18:49,264 [Thread-8606] INFO  impl.RoleInfo (RoleInfo.java:shutdownFollowerState(121)) - 090573f1-c213-462e-b422-6463ca97c373: shutdown FollowerState
2019-10-15 21:18:49,264 [Thread-8606] INFO  impl.RaftServerImpl (RaftServerImpl.java:setRole(184)) - 090573f1-c213-462e-b422-6463ca97c373@group-848D76B22711: changes role from  FOLLOWER to CANDIDATE at term 19 for changeToCandidate
2019-10-15 21:18:49,264 [Thread-8606] INFO  impl.RoleInfo (RoleInfo.java:updateAndGet(143)) - 090573f1-c213-462e-b422-6463ca97c373: start LeaderElection
2019-10-15 21:18:49,284 [090573f1-c213-462e-b422-6463ca97c373@group-848D76B22711-LeaderElection1005] INFO  impl.LeaderElection (LeaderElection.java:askForVotes(178)) - 090573f1-c213-462e-b422-6463ca97c373@group-848D76B22711-LeaderElection1005: begin an election at term 20 for -1: [93d557fa-335e-4e3d-b2bb-e33832802906:192.168.69.102:43737, 090573f1-c213-462e-b422-6463ca97c373:192.168.69.102:43336, db364705-f60f-4be7-83db-fd25b014fd0b:192.168.69.102:41270], old=null
2019-10-15 21:18:49,285 [grpc-default-executor-7] INFO  impl.RaftServerImpl (RaftServerImpl.java:setRole(184)) - db364705-f60f-4be7-83db-fd25b014fd0b@group-848D76B22711: changes role from  FOLLOWER to FOLLOWER at term 20 for recognizeCandidate:090573f1-c213-462e-b422-6463ca97c373
2019-10-15 21:18:49,285 [grpc-default-executor-7] INFO  impl.RoleInfo (RoleInfo.java:shutdownFollowerState(121)) - db364705-f60f-4be7-83db-fd25b014fd0b: shutdown FollowerState
2019-10-15 21:18:49,286 [grpc-default-executor-7] INFO  impl.RoleInfo (RoleInfo.java:updateAndGet(143)) - db364705-f60f-4be7-83db-fd25b014fd0b: start FollowerState
2019-10-15 21:18:49,286 [Thread-8605] INFO  impl.FollowerState (FollowerState.java:run(117)) - db364705-f60f-4be7-83db-fd25b014fd0b@group-848D76B22711-FollowerState was interrupted: java.lang.InterruptedException: sleep interrupted
2019-10-15 21:18:49,285 [grpc-default-executor-2] INFO  impl.RaftServerImpl (RaftServerImpl.java:setRole(184)) - 93d557fa-335e-4e3d-b2bb-e33832802906@group-848D76B22711: changes role from  FOLLOWER to FOLLOWER at term 20 for recognizeCandidate:090573f1-c213-462e-b422-6463ca97c373
2019-10-15 21:18:49,286 [grpc-default-executor-2] INFO  impl.RoleInfo (RoleInfo.java:shutdownFollowerState(121)) - 93d557fa-335e-4e3d-b2bb-e33832802906: shutdown FollowerState
2019-10-15 21:18:49,287 [grpc-default-executor-2] INFO  impl.RoleInfo (RoleInfo.java:updateAndGet(143)) - 93d557fa-335e-4e3d-b2bb-e33832802906: start FollowerState
2019-10-15 21:18:49,287 [Thread-8604] INFO  impl.FollowerState (FollowerState.java:run(117)) - 93d557fa-335e-4e3d-b2bb-e33832802906@group-848D76B22711-FollowerState was interrupted: java.lang.InterruptedException: sleep interrupted
2019-10-15 21:18:49,298 [090573f1-c213-462e-b422-6463ca97c373@group-848D76B22711-LeaderElection1005] INFO  impl.LeaderElection (LeaderElection.java:logAndReturn(56)) - 090573f1-c213-462e-b422-6463ca97c373@group-848D76B22711-LeaderElection1005: Election REJECTED; received 2 response(s) [090573f1-c213-462e-b422-6463ca97c373<-93d557fa-335e-4e3d-b2bb-e33832802906#0:FAIL-t20, 090573f1-c213-462e-b422-6463ca97c373<-db364705-f60f-4be7-83db-fd25b014fd0b#0:FAIL-t20] and 0 exception(s); 090573f1-c213-462e-b422-6463ca97c373@group-848D76B22711:t20, leader=null, voted=090573f1-c213-462e-b422-6463ca97c373, raftlog=090573f1-c213-462e-b422-6463ca97c373@group-848D76B22711-SegmentedRaftLog:OPENED:c-1,f-1,i0, conf=-1: [93d557fa-335e-4e3d-b2bb-e33832802906:192.168.69.102:43737, 090573f1-c213-462e-b422-6463ca97c373:192.168.69.102:43336, db364705-f60f-4be7-83db-fd25b014fd0b:192.168.69.102:41270], old=null
2019-10-15 21:18:49,299 [090573f1-c213-462e-b422-6463ca97c373@group-848D76B22711-LeaderElection1005] INFO  impl.RaftServerImpl (RaftServerImpl.java:setRole(184)) - 090573f1-c213-462e-b422-6463ca97c373@group-848D76B22711: changes role from CANDIDATE to FOLLOWER at term 20 for DISCOVERED_A_NEW_TERM
2019-10-15 21:18:49,299 [090573f1-c213-462e-b422-6463ca97c373@group-848D76B22711-LeaderElection1005] INFO  impl.RoleInfo (RoleInfo.java:shutdownLeaderElection(134)) - 090573f1-c213-462e-b422-6463ca97c373: shutdown LeaderElection
2019-10-15 21:18:49,299 [090573f1-c213-462e-b422-6463ca97c373@group-848D76B22711-LeaderElection1005] INFO  impl.RoleInfo (RoleInfo.java:updateAndGet(143)) - 090573f1-c213-462e-b422-6463ca97c373: start FollowerState
2019-10-15 21:18:49,450 [Thread-8616] INFO  impl.FollowerState (FollowerState.java:run(108)) - 090573f1-c213-462e-b422-6463ca97c373@group-848D76B22711-FollowerState: change to CANDIDATE, lastRpcTime:151ms, electionTimeout:151ms
2019-10-15 21:18:49,450 [Thread-8616] INFO  impl.RoleInfo (RoleInfo.java:shutdownFollowerState(121)) - 090573f1-c213-462e-b422-6463ca97c373: shutdown FollowerState
2019-10-15 21:18:49,450 [Thread-8616] INFO  impl.RaftServerImpl (RaftServerImpl.java:setRole(184)) - 090573f1-c213-462e-b422-6463ca97c373@group-848D76B22711: changes role from  FOLLOWER to CANDIDATE at term 20 for changeToCandidate
2019-10-15 21:18:49,450 [Thread-8616] INFO  impl.RoleInfo (RoleInfo.java:updateAndGet(143)) - 090573f1-c213-462e-b422-6463ca97c373: start LeaderElection
2019-10-15 21:18:49,457 [090573f1-c213-462e-b422-6463ca97c373@group-848D76B22711-LeaderElection1006] INFO  impl.LeaderElection (LeaderElection.java:askForVotes(178)) - 090573f1-c213-462e-b422-6463ca97c373@group-848D76B22711-LeaderElection1006: begin an election at term 21 for -1: [93d557fa-335e-4e3d-b2bb-e33832802906:192.168.69.102:43737, 090573f1-c213-462e-b422-6463ca97c373:192.168.69.102:43336, db364705-f60f-4be7-83db-fd25b014fd0b:192.168.69.102:41270], old=null
2019-10-15 21:18:49,459 [grpc-default-executor-7] INFO  impl.RaftServerImpl (RaftServerImpl.java:setRole(184)) - db364705-f60f-4be7-83db-fd25b014fd0b@group-848D76B22711: changes role from  FOLLOWER to FOLLOWER at term 21 for recognizeCandidate:090573f1-c213-462e-b422-6463ca97c373
2019-10-15 21:18:49,459 [grpc-default-executor-2] INFO  impl.RaftServerImpl (RaftServerImpl.java:setRole(184)) - 93d557fa-335e-4e3d-b2bb-e33832802906@group-848D76B22711: changes role from  FOLLOWER to FOLLOWER at term 21 for recognizeCandidate:090573f1-c213-462e-b422-6463ca97c373
2019-10-15 21:18:49,459 [grpc-default-executor-7] INFO  impl.RoleInfo (RoleInfo.java:shutdownFollowerState(121)) - db364705-f60f-4be7-83db-fd25b014fd0b: shutdown FollowerState
2019-10-15 21:18:49,459 [grpc-default-executor-2] INFO  impl.RoleInfo (RoleInfo.java:shutdownFollowerState(121)) - 93d557fa-335e-4e3d-b2bb-e33832802906: shutdown FollowerState
2019-10-15 21:18:49,459 [Thread-8614] INFO  impl.FollowerState (FollowerState.java:run(117)) - db364705-f60f-4be7-83db-fd25b014fd0b@group-848D76B22711-FollowerState was interrupted: java.lang.InterruptedException: sleep interrupted
2019-10-15 21:18:49,459 [grpc-default-executor-7] INFO  impl.RoleInfo (RoleInfo.java:updateAndGet(143)) - db364705-f60f-4be7-83db-fd25b014fd0b: start FollowerState
2019-10-15 21:18:49,459 [Thread-8615] INFO  impl.FollowerState (FollowerState.java:run(117)) - 93d557fa-335e-4e3d-b2bb-e33832802906@group-848D76B22711-FollowerState was interrupted: java.lang.InterruptedException: sleep interrupted
2019-10-15 21:18:49,459 [grpc-default-executor-2] INFO  impl.RoleInfo (RoleInfo.java:updateAndGet(143)) - 93d557fa-335e-4e3d-b2bb-e33832802906: start FollowerState
2019-10-15 21:18:49,465 [090573f1-c213-462e-b422-6463ca97c373@group-848D76B22711-LeaderElection1006] INFO  impl.LeaderElection (LeaderElection.java:logAndReturn(56)) - 090573f1-c213-462e-b422-6463ca97c373@group-848D76B22711-LeaderElection1006: Election REJECTED; received 2 response(s) [090573f1-c213-462e-b422-6463ca97c373<-93d557fa-335e-4e3d-b2bb-e33832802906#0:FAIL-t21, 090573f1-c213-462e-b422-6463ca97c373<-db364705-f60f-4be7-83db-fd25b014fd0b#0:FAIL-t21] and 0 exception(s); 090573f1-c213-462e-b422-6463ca97c373@group-848D76B22711:t21, leader=null, voted=090573f1-c213-462e-b422-6463ca97c373, raftlog=090573f1-c213-462e-b422-6463ca97c373@group-848D76B22711-SegmentedRaftLog:OPENED:c-1,f-1,i0, conf=-1: [93d557fa-335e-4e3d-b2bb-e33832802906:192.168.69.102:43737, 090573f1-c213-462e-b422-6463ca97c373:192.168.69.102:43336, db364705-f60f-4be7-83db-fd25b014fd0b:192.168.69.102:41270], old=null
2019-10-15 21:18:49,466 [090573f1-c213-462e-b422-6463ca97c373@group-848D76B22711-LeaderElection1006] INFO  impl.RaftServerImpl (RaftServerImpl.java:setRole(184)) - 090573f1-c213-462e-b422-6463ca97c373@group-848D76B22711: changes role from CANDIDATE to FOLLOWER at term 21 for DISCOVERED_A_NEW_TERM
2019-10-15 21:18:49,466 [090573f1-c213-462e-b422-6463ca97c373@group-848D76B22711-LeaderElection1006] INFO  impl.RoleInfo (RoleInfo.java:shutdownLeaderElection(134)) - 090573f1-c213-462e-b422-6463ca97c373: shutdown LeaderElection
2019-10-15 21:18:49,466 [090573f1-c213-462e-b422-6463ca97c373@group-848D76B22711-LeaderElection1006] INFO  impl.RoleInfo (RoleInfo.java:updateAndGet(143)) - 090573f1-c213-462e-b422-6463ca97c373: start FollowerState
2019-10-15 21:18:49,517 [Thread-8374] INFO  container.ReplicationManager (ReplicationManager.java:start(162)) - Starting Replication Monitor Thread.
2019-10-15 21:18:49,520 [ReplicationMonitor] INFO  container.ReplicationManager (ReplicationManager.java:run(225)) - Replication Monitor Thread took 0 milliseconds for processing 1 containers.
2019-10-15 21:18:49,644 [Thread-8622] INFO  impl.FollowerState (FollowerState.java:run(108)) - 090573f1-c213-462e-b422-6463ca97c373@group-848D76B22711-FollowerState: change to CANDIDATE, lastRpcTime:178ms, electionTimeout:178ms
2019-10-15 21:18:49,644 [Thread-8622] INFO  impl.RoleInfo (RoleInfo.java:shutdownFollowerState(121)) - 090573f1-c213-462e-b422-6463ca97c373: shutdown FollowerState
2019-10-15 21:18:49,644 [Thread-8622] INFO  impl.RaftServerImpl (RaftServerImpl.java:setRole(184)) - 090573f1-c213-462e-b422-6463ca97c373@group-848D76B22711: changes role from  FOLLOWER to CANDIDATE at term 21 for changeToCandidate
2019-10-15 21:18:49,644 [Thread-8622] INFO  impl.RoleInfo (RoleInfo.java:updateAndGet(143)) - 090573f1-c213-462e-b422-6463ca97c373: start LeaderElection
2019-10-15 21:18:49,659 [090573f1-c213-462e-b422-6463ca97c373@group-848D76B22711-LeaderElection1007] INFO  impl.LeaderElection (LeaderElection.java:askForVotes(178)) - 090573f1-c213-462e-b422-6463ca97c373@group-848D76B22711-LeaderElection1007: begin an election at term 22 for -1: [93d557fa-335e-4e3d-b2bb-e33832802906:192.168.69.102:43737, 090573f1-c213-462e-b422-6463ca97c373:192.168.69.102:43336, db364705-f60f-4be7-83db-fd25b014fd0b:192.168.69.102:41270], old=null
2019-10-15 21:18:49,660 [grpc-default-executor-2] INFO  impl.RaftServerImpl (RaftServerImpl.java:setRole(184)) - 93d557fa-335e-4e3d-b2bb-e33832802906@group-848D76B22711: changes role from  FOLLOWER to FOLLOWER at term 22 for recognizeCandidate:090573f1-c213-462e-b422-6463ca97c373
2019-10-15 21:18:49,660 [grpc-default-executor-7] INFO  impl.RaftServerImpl (RaftServerImpl.java:setRole(184)) - db364705-f60f-4be7-83db-fd25b014fd0b@group-848D76B22711: changes role from  FOLLOWER to FOLLOWER at term 22 for recognizeCandidate:090573f1-c213-462e-b422-6463ca97c373
2019-10-15 21:18:49,660 [grpc-default-executor-7] INFO  impl.RoleInfo (RoleInfo.java:shutdownFollowerState(121)) - db364705-f60f-4be7-83db-fd25b014fd0b: shutdown FollowerState
2019-10-15 21:18:49,660 [grpc-default-executor-7] INFO  impl.RoleInfo (RoleInfo.java:updateAndGet(143)) - db364705-f60f-4be7-83db-fd25b014fd0b: start FollowerState
2019-10-15 21:18:49,660 [grpc-default-executor-2] INFO  impl.RoleInfo (RoleInfo.java:shutdownFollowerState(121)) - 93d557fa-335e-4e3d-b2bb-e33832802906: shutdown FollowerState
2019-10-15 21:18:49,660 [Thread-8620] INFO  impl.FollowerState (FollowerState.java:run(117)) - db364705-f60f-4be7-83db-fd25b014fd0b@group-848D76B22711-FollowerState was interrupted: java.lang.InterruptedException: sleep interrupted
2019-10-15 21:18:49,661 [Thread-8621] INFO  impl.FollowerState (FollowerState.java:run(117)) - 93d557fa-335e-4e3d-b2bb-e33832802906@group-848D76B22711-FollowerState was interrupted: java.lang.InterruptedException: sleep interrupted
2019-10-15 21:18:49,661 [grpc-default-executor-2] INFO  impl.RoleInfo (RoleInfo.java:updateAndGet(143)) - 93d557fa-335e-4e3d-b2bb-e33832802906: start FollowerState
2019-10-15 21:18:49,665 [090573f1-c213-462e-b422-6463ca97c373@group-848D76B22711-LeaderElection1007] INFO  impl.LeaderElection (LeaderElection.java:logAndReturn(56)) - 090573f1-c213-462e-b422-6463ca97c373@group-848D76B22711-LeaderElection1007: Election REJECTED; received 2 response(s) [090573f1-c213-462e-b422-6463ca97c373<-93d557fa-335e-4e3d-b2bb-e33832802906#0:FAIL-t22, 090573f1-c213-462e-b422-6463ca97c373<-db364705-f60f-4be7-83db-fd25b014fd0b#0:FAIL-t22] and 0 exception(s); 090573f1-c213-462e-b422-6463ca97c373@group-848D76B22711:t22, leader=null, voted=090573f1-c213-462e-b422-6463ca97c373, raftlog=090573f1-c213-462e-b422-6463ca97c373@group-848D76B22711-SegmentedRaftLog:OPENED:c-1,f-1,i0, conf=-1: [93d557fa-335e-4e3d-b2bb-e33832802906:192.168.69.102:43737, 090573f1-c213-462e-b422-6463ca97c373:192.168.69.102:43336, db364705-f60f-4be7-83db-fd25b014fd0b:192.168.69.102:41270], old=null
2019-10-15 21:18:49,665 [090573f1-c213-462e-b422-6463ca97c373@group-848D76B22711-LeaderElection1007] INFO  impl.RaftServerImpl (RaftServerImpl.java:setRole(184)) - 090573f1-c213-462e-b422-6463ca97c373@group-848D76B22711: changes role from CANDIDATE to FOLLOWER at term 22 for DISCOVERED_A_NEW_TERM
2019-10-15 21:18:49,665 [090573f1-c213-462e-b422-6463ca97c373@group-848D76B22711-LeaderElection1007] INFO  impl.RoleInfo (RoleInfo.java:shutdownLeaderElection(134)) - 090573f1-c213-462e-b422-6463ca97c373: shutdown LeaderElection
2019-10-15 21:18:49,665 [090573f1-c213-462e-b422-6463ca97c373@group-848D76B22711-LeaderElection1007] INFO  impl.RoleInfo (RoleInfo.java:updateAndGet(143)) - 090573f1-c213-462e-b422-6463ca97c373: start FollowerState
2019-10-15 21:18:49,772 [Thread-8631] INFO  impl.FollowerState (FollowerState.java:run(108)) - 090573f1-c213-462e-b422-6463ca97c373@group-848D76B22711-FollowerState: change to CANDIDATE, lastRpcTime:107ms, electionTimeout:107ms
2019-10-15 21:18:49,772 [Thread-8631] INFO  impl.RoleInfo (RoleInfo.java:shutdownFollowerState(121)) - 090573f1-c213-462e-b422-6463ca97c373: shutdown FollowerState
2019-10-15 21:18:49,772 [Thread-8631] INFO  impl.RaftServerImpl (RaftServerImpl.java:setRole(184)) - 090573f1-c213-462e-b422-6463ca97c373@group-848D76B22711: changes role from  FOLLOWER to CANDIDATE at term 22 for changeToCandidate
2019-10-15 21:18:49,773 [Thread-8631] INFO  impl.RoleInfo (RoleInfo.java:updateAndGet(143)) - 090573f1-c213-462e-b422-6463ca97c373: start LeaderElection
2019-10-15 21:18:49,792 [090573f1-c213-462e-b422-6463ca97c373@group-848D76B22711-LeaderElection1008] INFO  impl.LeaderElection (LeaderElection.java:askForVotes(178)) - 090573f1-c213-462e-b422-6463ca97c373@group-848D76B22711-LeaderElection1008: begin an election at term 23 for -1: [93d557fa-335e-4e3d-b2bb-e33832802906:192.168.69.102:43737, 090573f1-c213-462e-b422-6463ca97c373:192.168.69.102:43336, db364705-f60f-4be7-83db-fd25b014fd0b:192.168.69.102:41270], old=null
2019-10-15 21:18:49,802 [grpc-default-executor-2] INFO  impl.RaftServerImpl (RaftServerImpl.java:setRole(184)) - 93d557fa-335e-4e3d-b2bb-e33832802906@group-848D76B22711: changes role from  FOLLOWER to FOLLOWER at term 23 for recognizeCandidate:090573f1-c213-462e-b422-6463ca97c373
2019-10-15 21:18:49,802 [grpc-default-executor-2] INFO  impl.RoleInfo (RoleInfo.java:shutdownFollowerState(121)) - 93d557fa-335e-4e3d-b2bb-e33832802906: shutdown FollowerState
2019-10-15 21:18:49,802 [grpc-default-executor-7] INFO  impl.RaftServerImpl (RaftServerImpl.java:setRole(184)) - db364705-f60f-4be7-83db-fd25b014fd0b@group-848D76B22711: changes role from  FOLLOWER to FOLLOWER at term 23 for recognizeCandidate:090573f1-c213-462e-b422-6463ca97c373
2019-10-15 21:18:49,802 [Thread-8630] INFO  impl.FollowerState (FollowerState.java:run(117)) - 93d557fa-335e-4e3d-b2bb-e33832802906@group-848D76B22711-FollowerState was interrupted: java.lang.InterruptedException: sleep interrupted
2019-10-15 21:18:49,802 [grpc-default-executor-2] INFO  impl.RoleInfo (RoleInfo.java:updateAndGet(143)) - 93d557fa-335e-4e3d-b2bb-e33832802906: start FollowerState
2019-10-15 21:18:49,802 [grpc-default-executor-7] INFO  impl.RoleInfo (RoleInfo.java:shutdownFollowerState(121)) - db364705-f60f-4be7-83db-fd25b014fd0b: shutdown FollowerState
2019-10-15 21:18:49,803 [grpc-default-executor-7] INFO  impl.RoleInfo (RoleInfo.java:updateAndGet(143)) - db364705-f60f-4be7-83db-fd25b014fd0b: start FollowerState
2019-10-15 21:18:49,803 [Thread-8629] INFO  impl.FollowerState (FollowerState.java:run(117)) - db364705-f60f-4be7-83db-fd25b014fd0b@group-848D76B22711-FollowerState was interrupted: java.lang.InterruptedException: sleep interrupted
2019-10-15 21:18:49,806 [090573f1-c213-462e-b422-6463ca97c373@group-848D76B22711-LeaderElection1008] INFO  impl.LeaderElection (LeaderElection.java:logAndReturn(56)) - 090573f1-c213-462e-b422-6463ca97c373@group-848D76B22711-LeaderElection1008: Election REJECTED; received 2 response(s) [090573f1-c213-462e-b422-6463ca97c373<-93d557fa-335e-4e3d-b2bb-e33832802906#0:FAIL-t23, 090573f1-c213-462e-b422-6463ca97c373<-db364705-f60f-4be7-83db-fd25b014fd0b#0:FAIL-t23] and 0 exception(s); 090573f1-c213-462e-b422-6463ca97c373@group-848D76B22711:t23, leader=null, voted=090573f1-c213-462e-b422-6463ca97c373, raftlog=090573f1-c213-462e-b422-6463ca97c373@group-848D76B22711-SegmentedRaftLog:OPENED:c-1,f-1,i0, conf=-1: [93d557fa-335e-4e3d-b2bb-e33832802906:192.168.69.102:43737, 090573f1-c213-462e-b422-6463ca97c373:192.168.69.102:43336, db364705-f60f-4be7-83db-fd25b014fd0b:192.168.69.102:41270], old=null
2019-10-15 21:18:49,806 [090573f1-c213-462e-b422-6463ca97c373@group-848D76B22711-LeaderElection1008] INFO  impl.RaftServerImpl (RaftServerImpl.java:setRole(184)) - 090573f1-c213-462e-b422-6463ca97c373@group-848D76B22711: changes role from CANDIDATE to FOLLOWER at term 23 for DISCOVERED_A_NEW_TERM
2019-10-15 21:18:49,807 [090573f1-c213-462e-b422-6463ca97c373@group-848D76B22711-LeaderElection1008] INFO  impl.RoleInfo (RoleInfo.java:shutdownLeaderElection(134)) - 090573f1-c213-462e-b422-6463ca97c373: shutdown LeaderElection
2019-10-15 21:18:49,807 [090573f1-c213-462e-b422-6463ca97c373@group-848D76B22711-LeaderElection1008] INFO  impl.RoleInfo (RoleInfo.java:updateAndGet(143)) - 090573f1-c213-462e-b422-6463ca97c373: start FollowerState
2019-10-15 21:18:49,875 [Thread-8641] INFO  impl.FollowerState (FollowerState.java:run(108)) - 090573f1-c213-462e-b422-6463ca97c373@group-848D76B22711-FollowerState: change to CANDIDATE, lastRpcTime:68ms, electionTimeout:68ms
2019-10-15 21:18:49,875 [Thread-8641] INFO  impl.RoleInfo (RoleInfo.java:shutdownFollowerState(121)) - 090573f1-c213-462e-b422-6463ca97c373: shutdown FollowerState
2019-10-15 21:18:49,875 [Thread-8641] INFO  impl.RaftServerImpl (RaftServerImpl.java:setRole(184)) - 090573f1-c213-462e-b422-6463ca97c373@group-848D76B22711: changes role from  FOLLOWER to CANDIDATE at term 23 for changeToCandidate
2019-10-15 21:18:49,875 [Thread-8641] INFO  impl.RoleInfo (RoleInfo.java:updateAndGet(143)) - 090573f1-c213-462e-b422-6463ca97c373: start LeaderElection
2019-10-15 21:18:49,889 [090573f1-c213-462e-b422-6463ca97c373@group-848D76B22711-LeaderElection1009] INFO  impl.LeaderElection (LeaderElection.java:askForVotes(178)) - 090573f1-c213-462e-b422-6463ca97c373@group-848D76B22711-LeaderElection1009: begin an election at term 24 for -1: [93d557fa-335e-4e3d-b2bb-e33832802906:192.168.69.102:43737, 090573f1-c213-462e-b422-6463ca97c373:192.168.69.102:43336, db364705-f60f-4be7-83db-fd25b014fd0b:192.168.69.102:41270], old=null
2019-10-15 21:18:49,890 [grpc-default-executor-7] INFO  impl.RaftServerImpl (RaftServerImpl.java:setRole(184)) - 93d557fa-335e-4e3d-b2bb-e33832802906@group-848D76B22711: changes role from  FOLLOWER to FOLLOWER at term 24 for recognizeCandidate:090573f1-c213-462e-b422-6463ca97c373
2019-10-15 21:18:49,890 [grpc-default-executor-7] INFO  impl.RoleInfo (RoleInfo.java:shutdownFollowerState(121)) - 93d557fa-335e-4e3d-b2bb-e33832802906: shutdown FollowerState
2019-10-15 21:18:49,890 [grpc-default-executor-7] INFO  impl.RoleInfo (RoleInfo.java:updateAndGet(143)) - 93d557fa-335e-4e3d-b2bb-e33832802906: start FollowerState
2019-10-15 21:18:49,890 [Thread-8639] INFO  impl.FollowerState (FollowerState.java:run(117)) - 93d557fa-335e-4e3d-b2bb-e33832802906@group-848D76B22711-FollowerState was interrupted: java.lang.InterruptedException: sleep interrupted
2019-10-15 21:18:49,890 [grpc-default-executor-2] INFO  impl.RaftServerImpl (RaftServerImpl.java:setRole(184)) - db364705-f60f-4be7-83db-fd25b014fd0b@group-848D76B22711: changes role from  FOLLOWER to FOLLOWER at term 24 for recognizeCandidate:090573f1-c213-462e-b422-6463ca97c373
2019-10-15 21:18:49,890 [grpc-default-executor-2] INFO  impl.RoleInfo (RoleInfo.java:shutdownFollowerState(121)) - db364705-f60f-4be7-83db-fd25b014fd0b: shutdown FollowerState
2019-10-15 21:18:49,891 [grpc-default-executor-2] INFO  impl.RoleInfo (RoleInfo.java:updateAndGet(143)) - db364705-f60f-4be7-83db-fd25b014fd0b: start FollowerState
2019-10-15 21:18:49,891 [Thread-8640] INFO  impl.FollowerState (FollowerState.java:run(117)) - db364705-f60f-4be7-83db-fd25b014fd0b@group-848D76B22711-FollowerState was interrupted: java.lang.InterruptedException: sleep interrupted
2019-10-15 21:18:49,901 [090573f1-c213-462e-b422-6463ca97c373@group-848D76B22711-LeaderElection1009] INFO  impl.LeaderElection (LeaderElection.java:logAndReturn(56)) - 090573f1-c213-462e-b422-6463ca97c373@group-848D76B22711-LeaderElection1009: Election REJECTED; received 2 response(s) [090573f1-c213-462e-b422-6463ca97c373<-93d557fa-335e-4e3d-b2bb-e33832802906#0:FAIL-t24, 090573f1-c213-462e-b422-6463ca97c373<-db364705-f60f-4be7-83db-fd25b014fd0b#0:FAIL-t24] and 0 exception(s); 090573f1-c213-462e-b422-6463ca97c373@group-848D76B22711:t24, leader=null, voted=090573f1-c213-462e-b422-6463ca97c373, raftlog=090573f1-c213-462e-b422-6463ca97c373@group-848D76B22711-SegmentedRaftLog:OPENED:c-1,f-1,i0, conf=-1: [93d557fa-335e-4e3d-b2bb-e33832802906:192.168.69.102:43737, 090573f1-c213-462e-b422-6463ca97c373:192.168.69.102:43336, db364705-f60f-4be7-83db-fd25b014fd0b:192.168.69.102:41270], old=null
2019-10-15 21:18:49,901 [090573f1-c213-462e-b422-6463ca97c373@group-848D76B22711-LeaderElection1009] INFO  impl.RaftServerImpl (RaftServerImpl.java:setRole(184)) - 090573f1-c213-462e-b422-6463ca97c373@group-848D76B22711: changes role from CANDIDATE to FOLLOWER at term 24 for DISCOVERED_A_NEW_TERM
2019-10-15 21:18:49,901 [090573f1-c213-462e-b422-6463ca97c373@group-848D76B22711-LeaderElection1009] INFO  impl.RoleInfo (RoleInfo.java:shutdownLeaderElection(134)) - 090573f1-c213-462e-b422-6463ca97c373: shutdown LeaderElection
2019-10-15 21:18:49,902 [090573f1-c213-462e-b422-6463ca97c373@group-848D76B22711-LeaderElection1009] INFO  impl.RoleInfo (RoleInfo.java:updateAndGet(143)) - 090573f1-c213-462e-b422-6463ca97c373: start FollowerState
2019-10-15 21:18:49,983 [Thread-8647] INFO  impl.FollowerState (FollowerState.java:run(108)) - 090573f1-c213-462e-b422-6463ca97c373@group-848D76B22711-FollowerState: change to CANDIDATE, lastRpcTime:81ms, electionTimeout:81ms
2019-10-15 21:18:49,983 [Thread-8647] INFO  impl.RoleInfo (RoleInfo.java:shutdownFollowerState(121)) - 090573f1-c213-462e-b422-6463ca97c373: shutdown FollowerState
2019-10-15 21:18:49,983 [Thread-8647] INFO  impl.RaftServerImpl (RaftServerImpl.java:setRole(184)) - 090573f1-c213-462e-b422-6463ca97c373@group-848D76B22711: changes role from  FOLLOWER to CANDIDATE at term 24 for changeToCandidate
2019-10-15 21:18:49,983 [Thread-8647] INFO  impl.RoleInfo (RoleInfo.java:updateAndGet(143)) - 090573f1-c213-462e-b422-6463ca97c373: start LeaderElection
2019-10-15 21:18:49,997 [090573f1-c213-462e-b422-6463ca97c373@group-848D76B22711-LeaderElection1010] INFO  impl.LeaderElection (LeaderElection.java:askForVotes(178)) - 090573f1-c213-462e-b422-6463ca97c373@group-848D76B22711-LeaderElection1010: begin an election at term 25 for -1: [93d557fa-335e-4e3d-b2bb-e33832802906:192.168.69.102:43737, 090573f1-c213-462e-b422-6463ca97c373:192.168.69.102:43336, db364705-f60f-4be7-83db-fd25b014fd0b:192.168.69.102:41270], old=null
2019-10-15 21:18:49,999 [grpc-default-executor-7] INFO  impl.RaftServerImpl (RaftServerImpl.java:setRole(184)) - 93d557fa-335e-4e3d-b2bb-e33832802906@group-848D76B22711: changes role from  FOLLOWER to FOLLOWER at term 25 for recognizeCandidate:090573f1-c213-462e-b422-6463ca97c373
2019-10-15 21:18:49,999 [grpc-default-executor-2] INFO  impl.RaftServerImpl (RaftServerImpl.java:setRole(184)) - db364705-f60f-4be7-83db-fd25b014fd0b@group-848D76B22711: changes role from  FOLLOWER to FOLLOWER at term 25 for recognizeCandidate:090573f1-c213-462e-b422-6463ca97c373
2019-10-15 21:18:49,999 [grpc-default-executor-2] INFO  impl.RoleInfo (RoleInfo.java:shutdownFollowerState(121)) - db364705-f60f-4be7-83db-fd25b014fd0b: shutdown FollowerState
2019-10-15 21:18:49,999 [grpc-default-executor-7] INFO  impl.RoleInfo (RoleInfo.java:shutdownFollowerState(121)) - 93d557fa-335e-4e3d-b2bb-e33832802906: shutdown FollowerState
2019-10-15 21:18:49,999 [grpc-default-executor-2] INFO  impl.RoleInfo (RoleInfo.java:updateAndGet(143)) - db364705-f60f-4be7-83db-fd25b014fd0b: start FollowerState
2019-10-15 21:18:49,999 [grpc-default-executor-7] INFO  impl.RoleInfo (RoleInfo.java:updateAndGet(143)) - 93d557fa-335e-4e3d-b2bb-e33832802906: start FollowerState
2019-10-15 21:18:50,000 [Thread-8646] INFO  impl.FollowerState (FollowerState.java:run(117)) - db364705-f60f-4be7-83db-fd25b014fd0b@group-848D76B22711-FollowerState was interrupted: java.lang.InterruptedException: sleep interrupted
2019-10-15 21:18:50,000 [Thread-8645] INFO  impl.FollowerState (FollowerState.java:run(117)) - 93d557fa-335e-4e3d-b2bb-e33832802906@group-848D76B22711-FollowerState was interrupted: java.lang.InterruptedException: sleep interrupted
2019-10-15 21:18:50,012 [090573f1-c213-462e-b422-6463ca97c373@group-848D76B22711-LeaderElection1010] INFO  impl.LeaderElection (LeaderElection.java:logAndReturn(56)) - 090573f1-c213-462e-b422-6463ca97c373@group-848D76B22711-LeaderElection1010: Election REJECTED; received 2 response(s) [090573f1-c213-462e-b422-6463ca97c373<-93d557fa-335e-4e3d-b2bb-e33832802906#0:FAIL-t25, 090573f1-c213-462e-b422-6463ca97c373<-db364705-f60f-4be7-83db-fd25b014fd0b#0:FAIL-t25] and 0 exception(s); 090573f1-c213-462e-b422-6463ca97c373@group-848D76B22711:t25, leader=null, voted=090573f1-c213-462e-b422-6463ca97c373, raftlog=090573f1-c213-462e-b422-6463ca97c373@group-848D76B22711-SegmentedRaftLog:OPENED:c-1,f-1,i0, conf=-1: [93d557fa-335e-4e3d-b2bb-e33832802906:192.168.69.102:43737, 090573f1-c213-462e-b422-6463ca97c373:192.168.69.102:43336, db364705-f60f-4be7-83db-fd25b014fd0b:192.168.69.102:41270], old=null
2019-10-15 21:18:50,012 [090573f1-c213-462e-b422-6463ca97c373@group-848D76B22711-LeaderElection1010] INFO  impl.RaftServerImpl (RaftServerImpl.java:setRole(184)) - 090573f1-c213-462e-b422-6463ca97c373@group-848D76B22711: changes role from CANDIDATE to FOLLOWER at term 25 for DISCOVERED_A_NEW_TERM
2019-10-15 21:18:50,013 [090573f1-c213-462e-b422-6463ca97c373@group-848D76B22711-LeaderElection1010] INFO  impl.RoleInfo (RoleInfo.java:shutdownLeaderElection(134)) - 090573f1-c213-462e-b422-6463ca97c373: shutdown LeaderElection
2019-10-15 21:18:50,013 [090573f1-c213-462e-b422-6463ca97c373@group-848D76B22711-LeaderElection1010] INFO  impl.RoleInfo (RoleInfo.java:updateAndGet(143)) - 090573f1-c213-462e-b422-6463ca97c373: start FollowerState
2019-10-15 21:18:50,063 [Thread-8653] INFO  impl.FollowerState (FollowerState.java:run(108)) - 090573f1-c213-462e-b422-6463ca97c373@group-848D76B22711-FollowerState: change to CANDIDATE, lastRpcTime:50ms, electionTimeout:50ms
2019-10-15 21:18:50,065 [Thread-8653] INFO  impl.RoleInfo (RoleInfo.java:shutdownFollowerState(121)) - 090573f1-c213-462e-b422-6463ca97c373: shutdown FollowerState
2019-10-15 21:18:50,065 [Thread-8653] INFO  impl.RaftServerImpl (RaftServerImpl.java:setRole(184)) - 090573f1-c213-462e-b422-6463ca97c373@group-848D76B22711: changes role from  FOLLOWER to CANDIDATE at term 25 for changeToCandidate
2019-10-15 21:18:50,065 [Thread-8653] INFO  impl.RoleInfo (RoleInfo.java:updateAndGet(143)) - 090573f1-c213-462e-b422-6463ca97c373: start LeaderElection
2019-10-15 21:18:50,151 [090573f1-c213-462e-b422-6463ca97c373@group-848D76B22711-LeaderElection1011] INFO  impl.LeaderElection (LeaderElection.java:askForVotes(178)) - 090573f1-c213-462e-b422-6463ca97c373@group-848D76B22711-LeaderElection1011: begin an election at term 26 for -1: [93d557fa-335e-4e3d-b2bb-e33832802906:192.168.69.102:43737, 090573f1-c213-462e-b422-6463ca97c373:192.168.69.102:43336, db364705-f60f-4be7-83db-fd25b014fd0b:192.168.69.102:41270], old=null
2019-10-15 21:18:50,153 [grpc-default-executor-7] INFO  impl.RaftServerImpl (RaftServerImpl.java:setRole(184)) - 93d557fa-335e-4e3d-b2bb-e33832802906@group-848D76B22711: changes role from  FOLLOWER to FOLLOWER at term 26 for recognizeCandidate:090573f1-c213-462e-b422-6463ca97c373
2019-10-15 21:18:50,153 [grpc-default-executor-7] INFO  impl.RoleInfo (RoleInfo.java:shutdownFollowerState(121)) - 93d557fa-335e-4e3d-b2bb-e33832802906: shutdown FollowerState
2019-10-15 21:18:50,153 [grpc-default-executor-7] INFO  impl.RoleInfo (RoleInfo.java:updateAndGet(143)) - 93d557fa-335e-4e3d-b2bb-e33832802906: start FollowerState
2019-10-15 21:18:50,153 [Thread-8652] INFO  impl.FollowerState (FollowerState.java:run(117)) - 93d557fa-335e-4e3d-b2bb-e33832802906@group-848D76B22711-FollowerState was interrupted: java.lang.InterruptedException: sleep interrupted
2019-10-15 21:18:50,153 [grpc-default-executor-2] INFO  impl.RaftServerImpl (RaftServerImpl.java:setRole(184)) - db364705-f60f-4be7-83db-fd25b014fd0b@group-848D76B22711: changes role from  FOLLOWER to FOLLOWER at term 26 for recognizeCandidate:090573f1-c213-462e-b422-6463ca97c373
2019-10-15 21:18:50,154 [grpc-default-executor-2] INFO  impl.RoleInfo (RoleInfo.java:shutdownFollowerState(121)) - db364705-f60f-4be7-83db-fd25b014fd0b: shutdown FollowerState
2019-10-15 21:18:50,154 [grpc-default-executor-2] INFO  impl.RoleInfo (RoleInfo.java:updateAndGet(143)) - db364705-f60f-4be7-83db-fd25b014fd0b: start FollowerState
2019-10-15 21:18:50,154 [Thread-8651] INFO  impl.FollowerState (FollowerState.java:run(117)) - db364705-f60f-4be7-83db-fd25b014fd0b@group-848D76B22711-FollowerState was interrupted: java.lang.InterruptedException: sleep interrupted
2019-10-15 21:18:50,188 [090573f1-c213-462e-b422-6463ca97c373@group-848D76B22711-LeaderElection1011] INFO  impl.LeaderElection (LeaderElection.java:logAndReturn(56)) - 090573f1-c213-462e-b422-6463ca97c373@group-848D76B22711-LeaderElection1011: Election REJECTED; received 2 response(s) [090573f1-c213-462e-b422-6463ca97c373<-93d557fa-335e-4e3d-b2bb-e33832802906#0:FAIL-t26, 090573f1-c213-462e-b422-6463ca97c373<-db364705-f60f-4be7-83db-fd25b014fd0b#0:FAIL-t26] and 0 exception(s); 090573f1-c213-462e-b422-6463ca97c373@group-848D76B22711:t26, leader=null, voted=090573f1-c213-462e-b422-6463ca97c373, raftlog=090573f1-c213-462e-b422-6463ca97c373@group-848D76B22711-SegmentedRaftLog:OPENED:c-1,f-1,i0, conf=-1: [93d557fa-335e-4e3d-b2bb-e33832802906:192.168.69.102:43737, 090573f1-c213-462e-b422-6463ca97c373:192.168.69.102:43336, db364705-f60f-4be7-83db-fd25b014fd0b:192.168.69.102:41270], old=null
2019-10-15 21:18:50,188 [090573f1-c213-462e-b422-6463ca97c373@group-848D76B22711-LeaderElection1011] INFO  impl.RaftServerImpl (RaftServerImpl.java:setRole(184)) - 090573f1-c213-462e-b422-6463ca97c373@group-848D76B22711: changes role from CANDIDATE to FOLLOWER at term 26 for DISCOVERED_A_NEW_TERM
2019-10-15 21:18:50,188 [090573f1-c213-462e-b422-6463ca97c373@group-848D76B22711-LeaderElection1011] INFO  impl.RoleInfo (RoleInfo.java:shutdownLeaderElection(134)) - 090573f1-c213-462e-b422-6463ca97c373: shutdown LeaderElection
2019-10-15 21:18:50,188 [090573f1-c213-462e-b422-6463ca97c373@group-848D76B22711-LeaderElection1011] INFO  impl.RoleInfo (RoleInfo.java:updateAndGet(143)) - 090573f1-c213-462e-b422-6463ca97c373: start FollowerState
2019-10-15 21:18:50,282 [Thread-8661] INFO  impl.FollowerState (FollowerState.java:run(108)) - 090573f1-c213-462e-b422-6463ca97c373@group-848D76B22711-FollowerState: change to CANDIDATE, lastRpcTime:93ms, electionTimeout:93ms
2019-10-15 21:18:50,282 [Thread-8661] INFO  impl.RoleInfo (RoleInfo.java:shutdownFollowerState(121)) - 090573f1-c213-462e-b422-6463ca97c373: shutdown FollowerState
2019-10-15 21:18:50,282 [Thread-8661] INFO  impl.RaftServerImpl (RaftServerImpl.java:setRole(184)) - 090573f1-c213-462e-b422-6463ca97c373@group-848D76B22711: changes role from  FOLLOWER to CANDIDATE at term 26 for changeToCandidate
2019-10-15 21:18:50,282 [Thread-8661] INFO  impl.RoleInfo (RoleInfo.java:updateAndGet(143)) - 090573f1-c213-462e-b422-6463ca97c373: start LeaderElection
2019-10-15 21:18:50,286 [090573f1-c213-462e-b422-6463ca97c373@group-848D76B22711-LeaderElection1012] INFO  impl.LeaderElection (LeaderElection.java:askForVotes(178)) - 090573f1-c213-462e-b422-6463ca97c373@group-848D76B22711-LeaderElection1012: begin an election at term 27 for -1: [93d557fa-335e-4e3d-b2bb-e33832802906:192.168.69.102:43737, 090573f1-c213-462e-b422-6463ca97c373:192.168.69.102:43336, db364705-f60f-4be7-83db-fd25b014fd0b:192.168.69.102:41270], old=null
2019-10-15 21:18:50,287 [grpc-default-executor-2] INFO  impl.RaftServerImpl (RaftServerImpl.java:setRole(184)) - 93d557fa-335e-4e3d-b2bb-e33832802906@group-848D76B22711: changes role from  FOLLOWER to FOLLOWER at term 27 for recognizeCandidate:090573f1-c213-462e-b422-6463ca97c373
2019-10-15 21:18:50,287 [grpc-default-executor-2] INFO  impl.RoleInfo (RoleInfo.java:shutdownFollowerState(121)) - 93d557fa-335e-4e3d-b2bb-e33832802906: shutdown FollowerState
2019-10-15 21:18:50,288 [grpc-default-executor-7] INFO  impl.RaftServerImpl (RaftServerImpl.java:setRole(184)) - db364705-f60f-4be7-83db-fd25b014fd0b@group-848D76B22711: changes role from  FOLLOWER to FOLLOWER at term 27 for recognizeCandidate:090573f1-c213-462e-b422-6463ca97c373
2019-10-15 21:18:50,288 [grpc-default-executor-7] INFO  impl.RoleInfo (RoleInfo.java:shutdownFollowerState(121)) - db364705-f60f-4be7-83db-fd25b014fd0b: shutdown FollowerState
2019-10-15 21:18:50,288 [grpc-default-executor-2] INFO  impl.RoleInfo (RoleInfo.java:updateAndGet(143)) - 93d557fa-335e-4e3d-b2bb-e33832802906: start FollowerState
2019-10-15 21:18:50,288 [Thread-8658] INFO  impl.FollowerState (FollowerState.java:run(117)) - db364705-f60f-4be7-83db-fd25b014fd0b@group-848D76B22711-FollowerState was interrupted: java.lang.InterruptedException: sleep interrupted
2019-10-15 21:18:50,288 [grpc-default-executor-7] INFO  impl.RoleInfo (RoleInfo.java:updateAndGet(143)) - db364705-f60f-4be7-83db-fd25b014fd0b: start FollowerState
2019-10-15 21:18:50,288 [Thread-8657] INFO  impl.FollowerState (FollowerState.java:run(117)) - 93d557fa-335e-4e3d-b2bb-e33832802906@group-848D76B22711-FollowerState was interrupted: java.lang.InterruptedException: sleep interrupted
2019-10-15 21:18:50,300 [090573f1-c213-462e-b422-6463ca97c373@group-848D76B22711-LeaderElection1012] INFO  impl.LeaderElection (LeaderElection.java:logAndReturn(56)) - 090573f1-c213-462e-b422-6463ca97c373@group-848D76B22711-LeaderElection1012: Election REJECTED; received 2 response(s) [090573f1-c213-462e-b422-6463ca97c373<-93d557fa-335e-4e3d-b2bb-e33832802906#0:FAIL-t27, 090573f1-c213-462e-b422-6463ca97c373<-db364705-f60f-4be7-83db-fd25b014fd0b#0:FAIL-t27] and 0 exception(s); 090573f1-c213-462e-b422-6463ca97c373@group-848D76B22711:t27, leader=null, voted=090573f1-c213-462e-b422-6463ca97c373, raftlog=090573f1-c213-462e-b422-6463ca97c373@group-848D76B22711-SegmentedRaftLog:OPENED:c-1,f-1,i0, conf=-1: [93d557fa-335e-4e3d-b2bb-e33832802906:192.168.69.102:43737, 090573f1-c213-462e-b422-6463ca97c373:192.168.69.102:43336, db364705-f60f-4be7-83db-fd25b014fd0b:192.168.69.102:41270], old=null
2019-10-15 21:18:50,300 [090573f1-c213-462e-b422-6463ca97c373@group-848D76B22711-LeaderElection1012] INFO  impl.RaftServerImpl (RaftServerImpl.java:setRole(184)) - 090573f1-c213-462e-b422-6463ca97c373@group-848D76B22711: changes role from CANDIDATE to FOLLOWER at term 27 for DISCOVERED_A_NEW_TERM
2019-10-15 21:18:50,300 [090573f1-c213-462e-b422-6463ca97c373@group-848D76B22711-LeaderElection1012] INFO  impl.RoleInfo (RoleInfo.java:shutdownLeaderElection(134)) - 090573f1-c213-462e-b422-6463ca97c373: shutdown LeaderElection
2019-10-15 21:18:50,300 [090573f1-c213-462e-b422-6463ca97c373@group-848D76B22711-LeaderElection1012] INFO  impl.RoleInfo (RoleInfo.java:updateAndGet(143)) - 090573f1-c213-462e-b422-6463ca97c373: start FollowerState
2019-10-15 21:18:50,489 [Thread-8669] INFO  impl.FollowerState (FollowerState.java:run(108)) - 090573f1-c213-462e-b422-6463ca97c373@group-848D76B22711-FollowerState: change to CANDIDATE, lastRpcTime:189ms, electionTimeout:189ms
2019-10-15 21:18:50,490 [Thread-8669] INFO  impl.RoleInfo (RoleInfo.java:shutdownFollowerState(121)) - 090573f1-c213-462e-b422-6463ca97c373: shutdown FollowerState
2019-10-15 21:18:50,490 [Thread-8669] INFO  impl.RaftServerImpl (RaftServerImpl.java:setRole(184)) - 090573f1-c213-462e-b422-6463ca97c373@group-848D76B22711: changes role from  FOLLOWER to CANDIDATE at term 27 for changeToCandidate
2019-10-15 21:18:50,490 [Thread-8669] INFO  impl.RoleInfo (RoleInfo.java:updateAndGet(143)) - 090573f1-c213-462e-b422-6463ca97c373: start LeaderElection
2019-10-15 21:18:50,501 [090573f1-c213-462e-b422-6463ca97c373@group-848D76B22711-LeaderElection1013] INFO  impl.LeaderElection (LeaderElection.java:askForVotes(178)) - 090573f1-c213-462e-b422-6463ca97c373@group-848D76B22711-LeaderElection1013: begin an election at term 28 for -1: [93d557fa-335e-4e3d-b2bb-e33832802906:192.168.69.102:43737, 090573f1-c213-462e-b422-6463ca97c373:192.168.69.102:43336, db364705-f60f-4be7-83db-fd25b014fd0b:192.168.69.102:41270], old=null
2019-10-15 21:18:50,502 [grpc-default-executor-2] INFO  impl.RaftServerImpl (RaftServerImpl.java:setRole(184)) - 93d557fa-335e-4e3d-b2bb-e33832802906@group-848D76B22711: changes role from  FOLLOWER to FOLLOWER at term 28 for recognizeCandidate:090573f1-c213-462e-b422-6463ca97c373
2019-10-15 21:18:50,502 [grpc-default-executor-2] INFO  impl.RoleInfo (RoleInfo.java:shutdownFollowerState(121)) - 93d557fa-335e-4e3d-b2bb-e33832802906: shutdown FollowerState
2019-10-15 21:18:50,502 [grpc-default-executor-2] INFO  impl.RoleInfo (RoleInfo.java:updateAndGet(143)) - 93d557fa-335e-4e3d-b2bb-e33832802906: start FollowerState
2019-10-15 21:18:50,502 [grpc-default-executor-7] INFO  impl.RaftServerImpl (RaftServerImpl.java:setRole(184)) - db364705-f60f-4be7-83db-fd25b014fd0b@group-848D76B22711: changes role from  FOLLOWER to FOLLOWER at term 28 for recognizeCandidate:090573f1-c213-462e-b422-6463ca97c373
2019-10-15 21:18:50,503 [grpc-default-executor-7] INFO  impl.RoleInfo (RoleInfo.java:shutdownFollowerState(121)) - db364705-f60f-4be7-83db-fd25b014fd0b: shutdown FollowerState
2019-10-15 21:18:50,502 [Thread-8667] INFO  impl.FollowerState (FollowerState.java:run(117)) - 93d557fa-335e-4e3d-b2bb-e33832802906@group-848D76B22711-FollowerState was interrupted: java.lang.InterruptedException: sleep interrupted
2019-10-15 21:18:50,503 [Thread-8668] INFO  impl.FollowerState (FollowerState.java:run(117)) - db364705-f60f-4be7-83db-fd25b014fd0b@group-848D76B22711-FollowerState was interrupted: java.lang.InterruptedException: sleep interrupted
2019-10-15 21:18:50,503 [grpc-default-executor-7] INFO  impl.RoleInfo (RoleInfo.java:updateAndGet(143)) - db364705-f60f-4be7-83db-fd25b014fd0b: start FollowerState
2019-10-15 21:18:50,517 [090573f1-c213-462e-b422-6463ca97c373@group-848D76B22711-LeaderElection1013] INFO  impl.LeaderElection (LeaderElection.java:logAndReturn(56)) - 090573f1-c213-462e-b422-6463ca97c373@group-848D76B22711-LeaderElection1013: Election REJECTED; received 2 response(s) [090573f1-c213-462e-b422-6463ca97c373<-93d557fa-335e-4e3d-b2bb-e33832802906#0:FAIL-t28, 090573f1-c213-462e-b422-6463ca97c373<-db364705-f60f-4be7-83db-fd25b014fd0b#0:FAIL-t28] and 0 exception(s); 090573f1-c213-462e-b422-6463ca97c373@group-848D76B22711:t28, leader=null, voted=090573f1-c213-462e-b422-6463ca97c373, raftlog=090573f1-c213-462e-b422-6463ca97c373@group-848D76B22711-SegmentedRaftLog:OPENED:c-1,f-1,i0, conf=-1: [93d557fa-335e-4e3d-b2bb-e33832802906:192.168.69.102:43737, 090573f1-c213-462e-b422-6463ca97c373:192.168.69.102:43336, db364705-f60f-4be7-83db-fd25b014fd0b:192.168.69.102:41270], old=null
2019-10-15 21:18:50,517 [090573f1-c213-462e-b422-6463ca97c373@group-848D76B22711-LeaderElection1013] INFO  impl.RaftServerImpl (RaftServerImpl.java:setRole(184)) - 090573f1-c213-462e-b422-6463ca97c373@group-848D76B22711: changes role from CANDIDATE to FOLLOWER at term 28 for DISCOVERED_A_NEW_TERM
2019-10-15 21:18:50,517 [090573f1-c213-462e-b422-6463ca97c373@group-848D76B22711-LeaderElection1013] INFO  impl.RoleInfo (RoleInfo.java:shutdownLeaderElection(134)) - 090573f1-c213-462e-b422-6463ca97c373: shutdown LeaderElection
2019-10-15 21:18:50,517 [090573f1-c213-462e-b422-6463ca97c373@group-848D76B22711-LeaderElection1013] INFO  impl.RoleInfo (RoleInfo.java:updateAndGet(143)) - 090573f1-c213-462e-b422-6463ca97c373: start FollowerState
2019-10-15 21:18:50,709 [Thread-8675] INFO  impl.FollowerState (FollowerState.java:run(108)) - 090573f1-c213-462e-b422-6463ca97c373@group-848D76B22711-FollowerState: change to CANDIDATE, lastRpcTime:192ms, electionTimeout:192ms
2019-10-15 21:18:50,709 [Thread-8675] INFO  impl.RoleInfo (RoleInfo.java:shutdownFollowerState(121)) - 090573f1-c213-462e-b422-6463ca97c373: shutdown FollowerState
2019-10-15 21:18:50,710 [Thread-8675] INFO  impl.RaftServerImpl (RaftServerImpl.java:setRole(184)) - 090573f1-c213-462e-b422-6463ca97c373@group-848D76B22711: changes role from  FOLLOWER to CANDIDATE at term 28 for changeToCandidate
2019-10-15 21:18:50,710 [Thread-8675] INFO  impl.RoleInfo (RoleInfo.java:updateAndGet(143)) - 090573f1-c213-462e-b422-6463ca97c373: start LeaderElection
2019-10-15 21:18:50,720 [090573f1-c213-462e-b422-6463ca97c373@group-848D76B22711-LeaderElection1014] INFO  impl.LeaderElection (LeaderElection.java:askForVotes(178)) - 090573f1-c213-462e-b422-6463ca97c373@group-848D76B22711-LeaderElection1014: begin an election at term 29 for -1: [93d557fa-335e-4e3d-b2bb-e33832802906:192.168.69.102:43737, 090573f1-c213-462e-b422-6463ca97c373:192.168.69.102:43336, db364705-f60f-4be7-83db-fd25b014fd0b:192.168.69.102:41270], old=null
2019-10-15 21:18:50,721 [grpc-default-executor-2] INFO  impl.RaftServerImpl (RaftServerImpl.java:setRole(184)) - db364705-f60f-4be7-83db-fd25b014fd0b@group-848D76B22711: changes role from  FOLLOWER to FOLLOWER at term 29 for recognizeCandidate:090573f1-c213-462e-b422-6463ca97c373
2019-10-15 21:18:50,721 [grpc-default-executor-2] INFO  impl.RoleInfo (RoleInfo.java:shutdownFollowerState(121)) - db364705-f60f-4be7-83db-fd25b014fd0b: shutdown FollowerState
2019-10-15 21:18:50,721 [grpc-default-executor-7] INFO  impl.RaftServerImpl (RaftServerImpl.java:setRole(184)) - 93d557fa-335e-4e3d-b2bb-e33832802906@group-848D76B22711: changes role from  FOLLOWER to FOLLOWER at term 29 for recognizeCandidate:090573f1-c213-462e-b422-6463ca97c373
2019-10-15 21:18:50,721 [Thread-8674] INFO  impl.FollowerState (FollowerState.java:run(117)) - db364705-f60f-4be7-83db-fd25b014fd0b@group-848D76B22711-FollowerState was interrupted: java.lang.InterruptedException: sleep interrupted
2019-10-15 21:18:50,721 [grpc-default-executor-7] INFO  impl.RoleInfo (RoleInfo.java:shutdownFollowerState(121)) - 93d557fa-335e-4e3d-b2bb-e33832802906: shutdown FollowerState
2019-10-15 21:18:50,721 [grpc-default-executor-2] INFO  impl.RoleInfo (RoleInfo.java:updateAndGet(143)) - db364705-f60f-4be7-83db-fd25b014fd0b: start FollowerState
2019-10-15 21:18:50,722 [Thread-8673] INFO  impl.FollowerState (FollowerState.java:run(117)) - 93d557fa-335e-4e3d-b2bb-e33832802906@group-848D76B22711-FollowerState was interrupted: java.lang.InterruptedException: sleep interrupted
2019-10-15 21:18:50,722 [grpc-default-executor-7] INFO  impl.RoleInfo (RoleInfo.java:updateAndGet(143)) - 93d557fa-335e-4e3d-b2bb-e33832802906: start FollowerState
2019-10-15 21:18:50,727 [090573f1-c213-462e-b422-6463ca97c373@group-848D76B22711-LeaderElection1014] INFO  impl.LeaderElection (LeaderElection.java:logAndReturn(56)) - 090573f1-c213-462e-b422-6463ca97c373@group-848D76B22711-LeaderElection1014: Election REJECTED; received 2 response(s) [090573f1-c213-462e-b422-6463ca97c373<-93d557fa-335e-4e3d-b2bb-e33832802906#0:FAIL-t29, 090573f1-c213-462e-b422-6463ca97c373<-db364705-f60f-4be7-83db-fd25b014fd0b#0:FAIL-t29] and 0 exception(s); 090573f1-c213-462e-b422-6463ca97c373@group-848D76B22711:t29, leader=null, voted=090573f1-c213-462e-b422-6463ca97c373, raftlog=090573f1-c213-462e-b422-6463ca97c373@group-848D76B22711-SegmentedRaftLog:OPENED:c-1,f-1,i0, conf=-1: [93d557fa-335e-4e3d-b2bb-e33832802906:192.168.69.102:43737, 090573f1-c213-462e-b422-6463ca97c373:192.168.69.102:43336, db364705-f60f-4be7-83db-fd25b014fd0b:192.168.69.102:41270], old=null
2019-10-15 21:18:50,727 [090573f1-c213-462e-b422-6463ca97c373@group-848D76B22711-LeaderElection1014] INFO  impl.RaftServerImpl (RaftServerImpl.java:setRole(184)) - 090573f1-c213-462e-b422-6463ca97c373@group-848D76B22711: changes role from CANDIDATE to FOLLOWER at term 29 for DISCOVERED_A_NEW_TERM
2019-10-15 21:18:50,727 [090573f1-c213-462e-b422-6463ca97c373@group-848D76B22711-LeaderElection1014] INFO  impl.RoleInfo (RoleInfo.java:shutdownLeaderElection(134)) - 090573f1-c213-462e-b422-6463ca97c373: shutdown LeaderElection
2019-10-15 21:18:50,728 [090573f1-c213-462e-b422-6463ca97c373@group-848D76B22711-LeaderElection1014] INFO  impl.RoleInfo (RoleInfo.java:updateAndGet(143)) - 090573f1-c213-462e-b422-6463ca97c373: start FollowerState
2019-10-15 21:18:50,820 [Thread-8683] INFO  impl.FollowerState (FollowerState.java:run(108)) - 090573f1-c213-462e-b422-6463ca97c373@group-848D76B22711-FollowerState: change to CANDIDATE, lastRpcTime:92ms, electionTimeout:92ms
2019-10-15 21:18:50,823 [Thread-8683] INFO  impl.RoleInfo (RoleInfo.java:shutdownFollowerState(121)) - 090573f1-c213-462e-b422-6463ca97c373: shutdown FollowerState
2019-10-15 21:18:50,824 [Thread-8683] INFO  impl.RaftServerImpl (RaftServerImpl.java:setRole(184)) - 090573f1-c213-462e-b422-6463ca97c373@group-848D76B22711: changes role from  FOLLOWER to CANDIDATE at term 29 for changeToCandidate
2019-10-15 21:18:50,824 [Thread-8683] INFO  impl.RoleInfo (RoleInfo.java:updateAndGet(143)) - 090573f1-c213-462e-b422-6463ca97c373: start LeaderElection
2019-10-15 21:18:50,841 [090573f1-c213-462e-b422-6463ca97c373@group-848D76B22711-LeaderElection1015] INFO  impl.LeaderElection (LeaderElection.java:askForVotes(178)) - 090573f1-c213-462e-b422-6463ca97c373@group-848D76B22711-LeaderElection1015: begin an election at term 30 for -1: [93d557fa-335e-4e3d-b2bb-e33832802906:192.168.69.102:43737, 090573f1-c213-462e-b422-6463ca97c373:192.168.69.102:43336, db364705-f60f-4be7-83db-fd25b014fd0b:192.168.69.102:41270], old=null
2019-10-15 21:18:50,843 [grpc-default-executor-2] INFO  impl.RaftServerImpl (RaftServerImpl.java:setRole(184)) - db364705-f60f-4be7-83db-fd25b014fd0b@group-848D76B22711: changes role from  FOLLOWER to FOLLOWER at term 30 for recognizeCandidate:090573f1-c213-462e-b422-6463ca97c373
2019-10-15 21:18:50,843 [grpc-default-executor-2] INFO  impl.RoleInfo (RoleInfo.java:shutdownFollowerState(121)) - db364705-f60f-4be7-83db-fd25b014fd0b: shutdown FollowerState
2019-10-15 21:18:50,843 [grpc-default-executor-7] INFO  impl.RaftServerImpl (RaftServerImpl.java:setRole(184)) - 93d557fa-335e-4e3d-b2bb-e33832802906@group-848D76B22711: changes role from  FOLLOWER to FOLLOWER at term 30 for recognizeCandidate:090573f1-c213-462e-b422-6463ca97c373
2019-10-15 21:18:50,843 [grpc-default-executor-7] INFO  impl.RoleInfo (RoleInfo.java:shutdownFollowerState(121)) - 93d557fa-335e-4e3d-b2bb-e33832802906: shutdown FollowerState
2019-10-15 21:18:50,843 [Thread-8681] INFO  impl.FollowerState (FollowerState.java:run(117)) - db364705-f60f-4be7-83db-fd25b014fd0b@group-848D76B22711-FollowerState was interrupted: java.lang.InterruptedException: sleep interrupted
2019-10-15 21:18:50,843 [grpc-default-executor-2] INFO  impl.RoleInfo (RoleInfo.java:updateAndGet(143)) - db364705-f60f-4be7-83db-fd25b014fd0b: start FollowerState
2019-10-15 21:18:50,843 [Thread-8682] INFO  impl.FollowerState (FollowerState.java:run(117)) - 93d557fa-335e-4e3d-b2bb-e33832802906@group-848D76B22711-FollowerState was interrupted: java.lang.InterruptedException: sleep interrupted
2019-10-15 21:18:50,843 [grpc-default-executor-7] INFO  impl.RoleInfo (RoleInfo.java:updateAndGet(143)) - 93d557fa-335e-4e3d-b2bb-e33832802906: start FollowerState
2019-10-15 21:18:50,880 [090573f1-c213-462e-b422-6463ca97c373@group-848D76B22711-LeaderElection1015] INFO  impl.LeaderElection (LeaderElection.java:logAndReturn(56)) - 090573f1-c213-462e-b422-6463ca97c373@group-848D76B22711-LeaderElection1015: Election REJECTED; received 2 response(s) [090573f1-c213-462e-b422-6463ca97c373<-93d557fa-335e-4e3d-b2bb-e33832802906#0:FAIL-t30, 090573f1-c213-462e-b422-6463ca97c373<-db364705-f60f-4be7-83db-fd25b014fd0b#0:FAIL-t30] and 0 exception(s); 090573f1-c213-462e-b422-6463ca97c373@group-848D76B22711:t30, leader=null, voted=090573f1-c213-462e-b422-6463ca97c373, raftlog=090573f1-c213-462e-b422-6463ca97c373@group-848D76B22711-SegmentedRaftLog:OPENED:c-1,f-1,i0, conf=-1: [93d557fa-335e-4e3d-b2bb-e33832802906:192.168.69.102:43737, 090573f1-c213-462e-b422-6463ca97c373:192.168.69.102:43336, db364705-f60f-4be7-83db-fd25b014fd0b:192.168.69.102:41270], old=null
2019-10-15 21:18:50,880 [090573f1-c213-462e-b422-6463ca97c373@group-848D76B22711-LeaderElection1015] INFO  impl.RaftServerImpl (RaftServerImpl.java:setRole(184)) - 090573f1-c213-462e-b422-6463ca97c373@group-848D76B22711: changes role from CANDIDATE to FOLLOWER at term 30 for DISCOVERED_A_NEW_TERM
2019-10-15 21:18:50,880 [090573f1-c213-462e-b422-6463ca97c373@group-848D76B22711-LeaderElection1015] INFO  impl.RoleInfo (RoleInfo.java:shutdownLeaderElection(134)) - 090573f1-c213-462e-b422-6463ca97c373: shutdown LeaderElection
2019-10-15 21:18:50,880 [090573f1-c213-462e-b422-6463ca97c373@group-848D76B22711-LeaderElection1015] INFO  impl.RoleInfo (RoleInfo.java:updateAndGet(143)) - 090573f1-c213-462e-b422-6463ca97c373: start FollowerState
2019-10-15 21:18:50,891 [Thread-8693] INFO  impl.FollowerState (FollowerState.java:run(108)) - 090573f1-c213-462e-b422-6463ca97c373@group-848D76B22711-FollowerState: change to CANDIDATE, lastRpcTime:11ms, electionTimeout:11ms
2019-10-15 21:18:50,891 [Thread-8693] INFO  impl.RoleInfo (RoleInfo.java:shutdownFollowerState(121)) - 090573f1-c213-462e-b422-6463ca97c373: shutdown FollowerState
2019-10-15 21:18:50,891 [Thread-8693] INFO  impl.RaftServerImpl (RaftServerImpl.java:setRole(184)) - 090573f1-c213-462e-b422-6463ca97c373@group-848D76B22711: changes role from  FOLLOWER to CANDIDATE at term 30 for changeToCandidate
2019-10-15 21:18:50,891 [Thread-8693] INFO  impl.RoleInfo (RoleInfo.java:updateAndGet(143)) - 090573f1-c213-462e-b422-6463ca97c373: start LeaderElection
2019-10-15 21:18:50,913 [090573f1-c213-462e-b422-6463ca97c373@group-848D76B22711-LeaderElection1016] INFO  impl.LeaderElection (LeaderElection.java:askForVotes(178)) - 090573f1-c213-462e-b422-6463ca97c373@group-848D76B22711-LeaderElection1016: begin an election at term 31 for -1: [93d557fa-335e-4e3d-b2bb-e33832802906:192.168.69.102:43737, 090573f1-c213-462e-b422-6463ca97c373:192.168.69.102:43336, db364705-f60f-4be7-83db-fd25b014fd0b:192.168.69.102:41270], old=null
2019-10-15 21:18:50,915 [grpc-default-executor-2] INFO  impl.RaftServerImpl (RaftServerImpl.java:setRole(184)) - db364705-f60f-4be7-83db-fd25b014fd0b@group-848D76B22711: changes role from  FOLLOWER to FOLLOWER at term 31 for recognizeCandidate:090573f1-c213-462e-b422-6463ca97c373
2019-10-15 21:18:50,915 [grpc-default-executor-2] INFO  impl.RoleInfo (RoleInfo.java:shutdownFollowerState(121)) - db364705-f60f-4be7-83db-fd25b014fd0b: shutdown FollowerState
2019-10-15 21:18:50,915 [grpc-default-executor-2] INFO  impl.RoleInfo (RoleInfo.java:updateAndGet(143)) - db364705-f60f-4be7-83db-fd25b014fd0b: start FollowerState
2019-10-15 21:18:50,915 [Thread-8691] INFO  impl.FollowerState (FollowerState.java:run(117)) - db364705-f60f-4be7-83db-fd25b014fd0b@group-848D76B22711-FollowerState was interrupted: java.lang.InterruptedException: sleep interrupted
2019-10-15 21:18:50,915 [grpc-default-executor-7] INFO  impl.RaftServerImpl (RaftServerImpl.java:setRole(184)) - 93d557fa-335e-4e3d-b2bb-e33832802906@group-848D76B22711: changes role from  FOLLOWER to FOLLOWER at term 31 for recognizeCandidate:090573f1-c213-462e-b422-6463ca97c373
2019-10-15 21:18:50,915 [grpc-default-executor-7] INFO  impl.RoleInfo (RoleInfo.java:shutdownFollowerState(121)) - 93d557fa-335e-4e3d-b2bb-e33832802906: shutdown FollowerState
2019-10-15 21:18:50,916 [grpc-default-executor-7] INFO  impl.RoleInfo (RoleInfo.java:updateAndGet(143)) - 93d557fa-335e-4e3d-b2bb-e33832802906: start FollowerState
2019-10-15 21:18:50,916 [Thread-8692] INFO  impl.FollowerState (FollowerState.java:run(117)) - 93d557fa-335e-4e3d-b2bb-e33832802906@group-848D76B22711-FollowerState was interrupted: java.lang.InterruptedException: sleep interrupted
2019-10-15 21:18:50,922 [090573f1-c213-462e-b422-6463ca97c373@group-848D76B22711-LeaderElection1016] INFO  impl.LeaderElection (LeaderElection.java:logAndReturn(56)) - 090573f1-c213-462e-b422-6463ca97c373@group-848D76B22711-LeaderElection1016: Election TIMEOUT; received 0 response(s) [] and 0 exception(s); 090573f1-c213-462e-b422-6463ca97c373@group-848D76B22711:t31, leader=null, voted=090573f1-c213-462e-b422-6463ca97c373, raftlog=090573f1-c213-462e-b422-6463ca97c373@group-848D76B22711-SegmentedRaftLog:OPENED:c-1,f-1,i0, conf=-1: [93d557fa-335e-4e3d-b2bb-e33832802906:192.168.69.102:43737, 090573f1-c213-462e-b422-6463ca97c373:192.168.69.102:43336, db364705-f60f-4be7-83db-fd25b014fd0b:192.168.69.102:41270], old=null
2019-10-15 21:18:50,929 [090573f1-c213-462e-b422-6463ca97c373@group-848D76B22711-LeaderElection1016] INFO  impl.LeaderElection (LeaderElection.java:askForVotes(178)) - 090573f1-c213-462e-b422-6463ca97c373@group-848D76B22711-LeaderElection1016: begin an election at term 32 for -1: [93d557fa-335e-4e3d-b2bb-e33832802906:192.168.69.102:43737, 090573f1-c213-462e-b422-6463ca97c373:192.168.69.102:43336, db364705-f60f-4be7-83db-fd25b014fd0b:192.168.69.102:41270], old=null
2019-10-15 21:18:50,930 [grpc-default-executor-2] INFO  impl.RaftServerImpl (RaftServerImpl.java:setRole(184)) - 93d557fa-335e-4e3d-b2bb-e33832802906@group-848D76B22711: changes role from  FOLLOWER to FOLLOWER at term 32 for recognizeCandidate:090573f1-c213-462e-b422-6463ca97c373
2019-10-15 21:18:50,930 [grpc-default-executor-2] INFO  impl.RoleInfo (RoleInfo.java:shutdownFollowerState(121)) - 93d557fa-335e-4e3d-b2bb-e33832802906: shutdown FollowerState
2019-10-15 21:18:50,930 [grpc-default-executor-2] INFO  impl.RoleInfo (RoleInfo.java:updateAndGet(143)) - 93d557fa-335e-4e3d-b2bb-e33832802906: start FollowerState
2019-10-15 21:18:50,930 [Thread-8698] INFO  impl.FollowerState (FollowerState.java:run(117)) - 93d557fa-335e-4e3d-b2bb-e33832802906@group-848D76B22711-FollowerState was interrupted: java.lang.InterruptedException: sleep interrupted
2019-10-15 21:18:50,930 [grpc-default-executor-7] INFO  impl.RaftServerImpl (RaftServerImpl.java:setRole(184)) - db364705-f60f-4be7-83db-fd25b014fd0b@group-848D76B22711: changes role from  FOLLOWER to FOLLOWER at term 32 for recognizeCandidate:090573f1-c213-462e-b422-6463ca97c373
2019-10-15 21:18:50,931 [grpc-default-executor-7] INFO  impl.RoleInfo (RoleInfo.java:shutdownFollowerState(121)) - db364705-f60f-4be7-83db-fd25b014fd0b: shutdown FollowerState
2019-10-15 21:18:50,931 [grpc-default-executor-7] INFO  impl.RoleInfo (RoleInfo.java:updateAndGet(143)) - db364705-f60f-4be7-83db-fd25b014fd0b: start FollowerState
2019-10-15 21:18:50,931 [Thread-8697] INFO  impl.FollowerState (FollowerState.java:run(117)) - db364705-f60f-4be7-83db-fd25b014fd0b@group-848D76B22711-FollowerState was interrupted: java.lang.InterruptedException: sleep interrupted
2019-10-15 21:18:50,939 [090573f1-c213-462e-b422-6463ca97c373@group-848D76B22711-LeaderElection1016] INFO  impl.LeaderElection (LeaderElection.java:logAndReturn(56)) - 090573f1-c213-462e-b422-6463ca97c373@group-848D76B22711-LeaderElection1016: Election REJECTED; received 2 response(s) [090573f1-c213-462e-b422-6463ca97c373<-93d557fa-335e-4e3d-b2bb-e33832802906#0:FAIL-t32, 090573f1-c213-462e-b422-6463ca97c373<-db364705-f60f-4be7-83db-fd25b014fd0b#0:FAIL-t32] and 0 exception(s); 090573f1-c213-462e-b422-6463ca97c373@group-848D76B22711:t32, leader=null, voted=090573f1-c213-462e-b422-6463ca97c373, raftlog=090573f1-c213-462e-b422-6463ca97c373@group-848D76B22711-SegmentedRaftLog:OPENED:c-1,f-1,i0, conf=-1: [93d557fa-335e-4e3d-b2bb-e33832802906:192.168.69.102:43737, 090573f1-c213-462e-b422-6463ca97c373:192.168.69.102:43336, db364705-f60f-4be7-83db-fd25b014fd0b:192.168.69.102:41270], old=null
2019-10-15 21:18:50,939 [090573f1-c213-462e-b422-6463ca97c373@group-848D76B22711-LeaderElection1016] INFO  impl.RaftServerImpl (RaftServerImpl.java:setRole(184)) - 090573f1-c213-462e-b422-6463ca97c373@group-848D76B22711: changes role from CANDIDATE to FOLLOWER at term 32 for DISCOVERED_A_NEW_TERM
2019-10-15 21:18:50,939 [090573f1-c213-462e-b422-6463ca97c373@group-848D76B22711-LeaderElection1016] INFO  impl.RoleInfo (RoleInfo.java:shutdownLeaderElection(134)) - 090573f1-c213-462e-b422-6463ca97c373: shutdown LeaderElection
2019-10-15 21:18:50,939 [090573f1-c213-462e-b422-6463ca97c373@group-848D76B22711-LeaderElection1016] INFO  impl.RoleInfo (RoleInfo.java:updateAndGet(143)) - 090573f1-c213-462e-b422-6463ca97c373: start FollowerState
2019-10-15 21:18:51,034 [Thread-8703] INFO  impl.FollowerState (FollowerState.java:run(108)) - 090573f1-c213-462e-b422-6463ca97c373@group-848D76B22711-FollowerState: change to CANDIDATE, lastRpcTime:95ms, electionTimeout:95ms
2019-10-15 21:18:51,035 [Thread-8703] INFO  impl.RoleInfo (RoleInfo.java:shutdownFollowerState(121)) - 090573f1-c213-462e-b422-6463ca97c373: shutdown FollowerState
2019-10-15 21:18:51,035 [Thread-8703] INFO  impl.RaftServerImpl (RaftServerImpl.java:setRole(184)) - 090573f1-c213-462e-b422-6463ca97c373@group-848D76B22711: changes role from  FOLLOWER to CANDIDATE at term 32 for changeToCandidate
2019-10-15 21:18:51,035 [Thread-8703] INFO  impl.RoleInfo (RoleInfo.java:updateAndGet(143)) - 090573f1-c213-462e-b422-6463ca97c373: start LeaderElection
2019-10-15 21:18:51,046 [090573f1-c213-462e-b422-6463ca97c373@group-848D76B22711-LeaderElection1017] INFO  impl.LeaderElection (LeaderElection.java:askForVotes(178)) - 090573f1-c213-462e-b422-6463ca97c373@group-848D76B22711-LeaderElection1017: begin an election at term 33 for -1: [93d557fa-335e-4e3d-b2bb-e33832802906:192.168.69.102:43737, 090573f1-c213-462e-b422-6463ca97c373:192.168.69.102:43336, db364705-f60f-4be7-83db-fd25b014fd0b:192.168.69.102:41270], old=null
2019-10-15 21:18:51,047 [grpc-default-executor-2] INFO  impl.RaftServerImpl (RaftServerImpl.java:setRole(184)) - 93d557fa-335e-4e3d-b2bb-e33832802906@group-848D76B22711: changes role from  FOLLOWER to FOLLOWER at term 33 for recognizeCandidate:090573f1-c213-462e-b422-6463ca97c373
2019-10-15 21:18:51,047 [grpc-default-executor-2] INFO  impl.RoleInfo (RoleInfo.java:shutdownFollowerState(121)) - 93d557fa-335e-4e3d-b2bb-e33832802906: shutdown FollowerState
2019-10-15 21:18:51,047 [grpc-default-executor-7] INFO  impl.RaftServerImpl (RaftServerImpl.java:setRole(184)) - db364705-f60f-4be7-83db-fd25b014fd0b@group-848D76B22711: changes role from  FOLLOWER to FOLLOWER at term 33 for recognizeCandidate:090573f1-c213-462e-b422-6463ca97c373
2019-10-15 21:18:51,047 [Thread-8701] INFO  impl.FollowerState (FollowerState.java:run(117)) - 93d557fa-335e-4e3d-b2bb-e33832802906@group-848D76B22711-FollowerState was interrupted: java.lang.InterruptedException: sleep interrupted
2019-10-15 21:18:51,047 [grpc-default-executor-7] INFO  impl.RoleInfo (RoleInfo.java:shutdownFollowerState(121)) - db364705-f60f-4be7-83db-fd25b014fd0b: shutdown FollowerState
2019-10-15 21:18:51,047 [grpc-default-executor-2] INFO  impl.RoleInfo (RoleInfo.java:updateAndGet(143)) - 93d557fa-335e-4e3d-b2bb-e33832802906: start FollowerState
2019-10-15 21:18:51,047 [Thread-8702] INFO  impl.FollowerState (FollowerState.java:run(117)) - db364705-f60f-4be7-83db-fd25b014fd0b@group-848D76B22711-FollowerState was interrupted: java.lang.InterruptedException: sleep interrupted
2019-10-15 21:18:51,047 [grpc-default-executor-7] INFO  impl.RoleInfo (RoleInfo.java:updateAndGet(143)) - db364705-f60f-4be7-83db-fd25b014fd0b: start FollowerState
2019-10-15 21:18:51,060 [090573f1-c213-462e-b422-6463ca97c373@group-848D76B22711-LeaderElection1017] INFO  impl.LeaderElection (LeaderElection.java:logAndReturn(56)) - 090573f1-c213-462e-b422-6463ca97c373@group-848D76B22711-LeaderElection1017: Election REJECTED; received 2 response(s) [090573f1-c213-462e-b422-6463ca97c373<-93d557fa-335e-4e3d-b2bb-e33832802906#0:FAIL-t33, 090573f1-c213-462e-b422-6463ca97c373<-db364705-f60f-4be7-83db-fd25b014fd0b#0:FAIL-t33] and 0 exception(s); 090573f1-c213-462e-b422-6463ca97c373@group-848D76B22711:t33, leader=null, voted=090573f1-c213-462e-b422-6463ca97c373, raftlog=090573f1-c213-462e-b422-6463ca97c373@group-848D76B22711-SegmentedRaftLog:OPENED:c-1,f-1,i0, conf=-1: [93d557fa-335e-4e3d-b2bb-e33832802906:192.168.69.102:43737, 090573f1-c213-462e-b422-6463ca97c373:192.168.69.102:43336, db364705-f60f-4be7-83db-fd25b014fd0b:192.168.69.102:41270], old=null
2019-10-15 21:18:51,061 [090573f1-c213-462e-b422-6463ca97c373@group-848D76B22711-LeaderElection1017] INFO  impl.RaftServerImpl (RaftServerImpl.java:setRole(184)) - 090573f1-c213-462e-b422-6463ca97c373@group-848D76B22711: changes role from CANDIDATE to FOLLOWER at term 33 for DISCOVERED_A_NEW_TERM
2019-10-15 21:18:51,061 [090573f1-c213-462e-b422-6463ca97c373@group-848D76B22711-LeaderElection1017] INFO  impl.RoleInfo (RoleInfo.java:shutdownLeaderElection(134)) - 090573f1-c213-462e-b422-6463ca97c373: shutdown LeaderElection
2019-10-15 21:18:51,061 [090573f1-c213-462e-b422-6463ca97c373@group-848D76B22711-LeaderElection1017] INFO  impl.RoleInfo (RoleInfo.java:updateAndGet(143)) - 090573f1-c213-462e-b422-6463ca97c373: start FollowerState
2019-10-15 21:18:51,136 [Thread-8709] INFO  impl.FollowerState (FollowerState.java:run(108)) - 090573f1-c213-462e-b422-6463ca97c373@group-848D76B22711-FollowerState: change to CANDIDATE, lastRpcTime:75ms, electionTimeout:75ms
2019-10-15 21:18:51,136 [Thread-8709] INFO  impl.RoleInfo (RoleInfo.java:shutdownFollowerState(121)) - 090573f1-c213-462e-b422-6463ca97c373: shutdown FollowerState
2019-10-15 21:18:51,136 [Thread-8709] INFO  impl.RaftServerImpl (RaftServerImpl.java:setRole(184)) - 090573f1-c213-462e-b422-6463ca97c373@group-848D76B22711: changes role from  FOLLOWER to CANDIDATE at term 33 for changeToCandidate
2019-10-15 21:18:51,137 [Thread-8709] INFO  impl.RoleInfo (RoleInfo.java:updateAndGet(143)) - 090573f1-c213-462e-b422-6463ca97c373: start LeaderElection
2019-10-15 21:18:51,141 [090573f1-c213-462e-b422-6463ca97c373@group-848D76B22711-LeaderElection1018] INFO  impl.LeaderElection (LeaderElection.java:askForVotes(178)) - 090573f1-c213-462e-b422-6463ca97c373@group-848D76B22711-LeaderElection1018: begin an election at term 34 for -1: [93d557fa-335e-4e3d-b2bb-e33832802906:192.168.69.102:43737, 090573f1-c213-462e-b422-6463ca97c373:192.168.69.102:43336, db364705-f60f-4be7-83db-fd25b014fd0b:192.168.69.102:41270], old=null
2019-10-15 21:18:51,142 [grpc-default-executor-7] INFO  impl.RaftServerImpl (RaftServerImpl.java:setRole(184)) - 93d557fa-335e-4e3d-b2bb-e33832802906@group-848D76B22711: changes role from  FOLLOWER to FOLLOWER at term 34 for recognizeCandidate:090573f1-c213-462e-b422-6463ca97c373
2019-10-15 21:18:51,142 [grpc-default-executor-2] INFO  impl.RaftServerImpl (RaftServerImpl.java:setRole(184)) - db364705-f60f-4be7-83db-fd25b014fd0b@group-848D76B22711: changes role from  FOLLOWER to FOLLOWER at term 34 for recognizeCandidate:090573f1-c213-462e-b422-6463ca97c373
2019-10-15 21:18:51,142 [grpc-default-executor-2] INFO  impl.RoleInfo (RoleInfo.java:shutdownFollowerState(121)) - db364705-f60f-4be7-83db-fd25b014fd0b: shutdown FollowerState
2019-10-15 21:18:51,142 [grpc-default-executor-7] INFO  impl.RoleInfo (RoleInfo.java:shutdownFollowerState(121)) - 93d557fa-335e-4e3d-b2bb-e33832802906: shutdown FollowerState
2019-10-15 21:18:51,143 [grpc-default-executor-2] INFO  impl.RoleInfo (RoleInfo.java:updateAndGet(143)) - db364705-f60f-4be7-83db-fd25b014fd0b: start FollowerState
2019-10-15 21:18:51,143 [Thread-8708] INFO  impl.FollowerState (FollowerState.java:run(117)) - db364705-f60f-4be7-83db-fd25b014fd0b@group-848D76B22711-FollowerState was interrupted: java.lang.InterruptedException: sleep interrupted
2019-10-15 21:18:51,143 [Thread-8707] INFO  impl.FollowerState (FollowerState.java:run(117)) - 93d557fa-335e-4e3d-b2bb-e33832802906@group-848D76B22711-FollowerState was interrupted: java.lang.InterruptedException: sleep interrupted
2019-10-15 21:18:51,143 [grpc-default-executor-7] INFO  impl.RoleInfo (RoleInfo.java:updateAndGet(143)) - 93d557fa-335e-4e3d-b2bb-e33832802906: start FollowerState
2019-10-15 21:18:51,152 [090573f1-c213-462e-b422-6463ca97c373@group-848D76B22711-LeaderElection1018] INFO  impl.LeaderElection (LeaderElection.java:logAndReturn(56)) - 090573f1-c213-462e-b422-6463ca97c373@group-848D76B22711-LeaderElection1018: Election REJECTED; received 2 response(s) [090573f1-c213-462e-b422-6463ca97c373<-93d557fa-335e-4e3d-b2bb-e33832802906#0:FAIL-t34, 090573f1-c213-462e-b422-6463ca97c373<-db364705-f60f-4be7-83db-fd25b014fd0b#0:FAIL-t34] and 0 exception(s); 090573f1-c213-462e-b422-6463ca97c373@group-848D76B22711:t34, leader=null, voted=090573f1-c213-462e-b422-6463ca97c373, raftlog=090573f1-c213-462e-b422-6463ca97c373@group-848D76B22711-SegmentedRaftLog:OPENED:c-1,f-1,i0, conf=-1: [93d557fa-335e-4e3d-b2bb-e33832802906:192.168.69.102:43737, 090573f1-c213-462e-b422-6463ca97c373:192.168.69.102:43336, db364705-f60f-4be7-83db-fd25b014fd0b:192.168.69.102:41270], old=null
2019-10-15 21:18:51,152 [090573f1-c213-462e-b422-6463ca97c373@group-848D76B22711-LeaderElection1018] INFO  impl.RaftServerImpl (RaftServerImpl.java:setRole(184)) - 090573f1-c213-462e-b422-6463ca97c373@group-848D76B22711: changes role from CANDIDATE to FOLLOWER at term 34 for DISCOVERED_A_NEW_TERM
2019-10-15 21:18:51,152 [090573f1-c213-462e-b422-6463ca97c373@group-848D76B22711-LeaderElection1018] INFO  impl.RoleInfo (RoleInfo.java:shutdownLeaderElection(134)) - 090573f1-c213-462e-b422-6463ca97c373: shutdown LeaderElection
2019-10-15 21:18:51,152 [090573f1-c213-462e-b422-6463ca97c373@group-848D76B22711-LeaderElection1018] INFO  impl.RoleInfo (RoleInfo.java:updateAndGet(143)) - 090573f1-c213-462e-b422-6463ca97c373: start FollowerState
2019-10-15 21:18:51,294 [Thread-8715] INFO  impl.FollowerState (FollowerState.java:run(108)) - 090573f1-c213-462e-b422-6463ca97c373@group-848D76B22711-FollowerState: change to CANDIDATE, lastRpcTime:141ms, electionTimeout:141ms
2019-10-15 21:18:51,294 [Thread-8715] INFO  impl.RoleInfo (RoleInfo.java:shutdownFollowerState(121)) - 090573f1-c213-462e-b422-6463ca97c373: shutdown FollowerState
2019-10-15 21:18:51,294 [Thread-8715] INFO  impl.RaftServerImpl (RaftServerImpl.java:setRole(184)) - 090573f1-c213-462e-b422-6463ca97c373@group-848D76B22711: changes role from  FOLLOWER to CANDIDATE at term 34 for changeToCandidate
2019-10-15 21:18:51,294 [Thread-8715] INFO  impl.RoleInfo (RoleInfo.java:updateAndGet(143)) - 090573f1-c213-462e-b422-6463ca97c373: start LeaderElection
2019-10-15 21:18:51,317 [090573f1-c213-462e-b422-6463ca97c373@group-848D76B22711-LeaderElection1019] INFO  impl.LeaderElection (LeaderElection.java:askForVotes(178)) - 090573f1-c213-462e-b422-6463ca97c373@group-848D76B22711-LeaderElection1019: begin an election at term 35 for -1: [93d557fa-335e-4e3d-b2bb-e33832802906:192.168.69.102:43737, 090573f1-c213-462e-b422-6463ca97c373:192.168.69.102:43336, db364705-f60f-4be7-83db-fd25b014fd0b:192.168.69.102:41270], old=null
2019-10-15 21:18:51,318 [grpc-default-executor-2] INFO  impl.RaftServerImpl (RaftServerImpl.java:setRole(184)) - 93d557fa-335e-4e3d-b2bb-e33832802906@group-848D76B22711: changes role from  FOLLOWER to FOLLOWER at term 35 for recognizeCandidate:090573f1-c213-462e-b422-6463ca97c373
2019-10-15 21:18:51,318 [grpc-default-executor-2] INFO  impl.RoleInfo (RoleInfo.java:shutdownFollowerState(121)) - 93d557fa-335e-4e3d-b2bb-e33832802906: shutdown FollowerState
2019-10-15 21:18:51,318 [grpc-default-executor-7] INFO  impl.RaftServerImpl (RaftServerImpl.java:setRole(184)) - db364705-f60f-4be7-83db-fd25b014fd0b@group-848D76B22711: changes role from  FOLLOWER to FOLLOWER at term 35 for recognizeCandidate:090573f1-c213-462e-b422-6463ca97c373
2019-10-15 21:18:51,318 [grpc-default-executor-7] INFO  impl.RoleInfo (RoleInfo.java:shutdownFollowerState(121)) - db364705-f60f-4be7-83db-fd25b014fd0b: shutdown FollowerState
2019-10-15 21:18:51,318 [grpc-default-executor-2] INFO  impl.RoleInfo (RoleInfo.java:updateAndGet(143)) - 93d557fa-335e-4e3d-b2bb-e33832802906: start FollowerState
2019-10-15 21:18:51,318 [Thread-8714] INFO  impl.FollowerState (FollowerState.java:run(117)) - 93d557fa-335e-4e3d-b2bb-e33832802906@group-848D76B22711-FollowerState was interrupted: java.lang.InterruptedException: sleep interrupted
2019-10-15 21:18:51,319 [Thread-8713] INFO  impl.FollowerState (FollowerState.java:run(117)) - db364705-f60f-4be7-83db-fd25b014fd0b@group-848D76B22711-FollowerState was interrupted: java.lang.InterruptedException: sleep interrupted
2019-10-15 21:18:51,319 [grpc-default-executor-7] INFO  impl.RoleInfo (RoleInfo.java:updateAndGet(143)) - db364705-f60f-4be7-83db-fd25b014fd0b: start FollowerState
2019-10-15 21:18:51,331 [090573f1-c213-462e-b422-6463ca97c373@group-848D76B22711-LeaderElection1019] INFO  impl.LeaderElection (LeaderElection.java:logAndReturn(56)) - 090573f1-c213-462e-b422-6463ca97c373@group-848D76B22711-LeaderElection1019: Election REJECTED; received 2 response(s) [090573f1-c213-462e-b422-6463ca97c373<-93d557fa-335e-4e3d-b2bb-e33832802906#0:FAIL-t35, 090573f1-c213-462e-b422-6463ca97c373<-db364705-f60f-4be7-83db-fd25b014fd0b#0:FAIL-t35] and 0 exception(s); 090573f1-c213-462e-b422-6463ca97c373@group-848D76B22711:t35, leader=null, voted=090573f1-c213-462e-b422-6463ca97c373, raftlog=090573f1-c213-462e-b422-6463ca97c373@group-848D76B22711-SegmentedRaftLog:OPENED:c-1,f-1,i0, conf=-1: [93d557fa-335e-4e3d-b2bb-e33832802906:192.168.69.102:43737, 090573f1-c213-462e-b422-6463ca97c373:192.168.69.102:43336, db364705-f60f-4be7-83db-fd25b014fd0b:192.168.69.102:41270], old=null
2019-10-15 21:18:51,332 [090573f1-c213-462e-b422-6463ca97c373@group-848D76B22711-LeaderElection1019] INFO  impl.RaftServerImpl (RaftServerImpl.java:setRole(184)) - 090573f1-c213-462e-b422-6463ca97c373@group-848D76B22711: changes role from CANDIDATE to FOLLOWER at term 35 for DISCOVERED_A_NEW_TERM
2019-10-15 21:18:51,332 [090573f1-c213-462e-b422-6463ca97c373@group-848D76B22711-LeaderElection1019] INFO  impl.RoleInfo (RoleInfo.java:shutdownLeaderElection(134)) - 090573f1-c213-462e-b422-6463ca97c373: shutdown LeaderElection
2019-10-15 21:18:51,332 [090573f1-c213-462e-b422-6463ca97c373@group-848D76B22711-LeaderElection1019] INFO  impl.RoleInfo (RoleInfo.java:updateAndGet(143)) - 090573f1-c213-462e-b422-6463ca97c373: start FollowerState
2019-10-15 21:18:51,418 [Thread-8725] INFO  impl.FollowerState (FollowerState.java:run(108)) - 090573f1-c213-462e-b422-6463ca97c373@group-848D76B22711-FollowerState: change to CANDIDATE, lastRpcTime:86ms, electionTimeout:86ms
2019-10-15 21:18:51,418 [Thread-8725] INFO  impl.RoleInfo (RoleInfo.java:shutdownFollowerState(121)) - 090573f1-c213-462e-b422-6463ca97c373: shutdown FollowerState
2019-10-15 21:18:51,418 [Thread-8725] INFO  impl.RaftServerImpl (RaftServerImpl.java:setRole(184)) - 090573f1-c213-462e-b422-6463ca97c373@group-848D76B22711: changes role from  FOLLOWER to CANDIDATE at term 35 for changeToCandidate
2019-10-15 21:18:51,418 [Thread-8725] INFO  impl.RoleInfo (RoleInfo.java:updateAndGet(143)) - 090573f1-c213-462e-b422-6463ca97c373: start LeaderElection
2019-10-15 21:18:51,450 [090573f1-c213-462e-b422-6463ca97c373@group-848D76B22711-LeaderElection1020] INFO  impl.LeaderElection (LeaderElection.java:askForVotes(178)) - 090573f1-c213-462e-b422-6463ca97c373@group-848D76B22711-LeaderElection1020: begin an election at term 36 for -1: [93d557fa-335e-4e3d-b2bb-e33832802906:192.168.69.102:43737, 090573f1-c213-462e-b422-6463ca97c373:192.168.69.102:43336, db364705-f60f-4be7-83db-fd25b014fd0b:192.168.69.102:41270], old=null
2019-10-15 21:18:51,451 [grpc-default-executor-7] INFO  impl.RaftServerImpl (RaftServerImpl.java:setRole(184)) - db364705-f60f-4be7-83db-fd25b014fd0b@group-848D76B22711: changes role from  FOLLOWER to FOLLOWER at term 36 for recognizeCandidate:090573f1-c213-462e-b422-6463ca97c373
2019-10-15 21:18:51,451 [grpc-default-executor-7] INFO  impl.RoleInfo (RoleInfo.java:shutdownFollowerState(121)) - db364705-f60f-4be7-83db-fd25b014fd0b: shutdown FollowerState
2019-10-15 21:18:51,451 [grpc-default-executor-7] INFO  impl.RoleInfo (RoleInfo.java:updateAndGet(143)) - db364705-f60f-4be7-83db-fd25b014fd0b: start FollowerState
2019-10-15 21:18:51,451 [Thread-8724] INFO  impl.FollowerState (FollowerState.java:run(117)) - db364705-f60f-4be7-83db-fd25b014fd0b@group-848D76B22711-FollowerState was interrupted: java.lang.InterruptedException: sleep interrupted
2019-10-15 21:18:51,452 [grpc-default-executor-2] INFO  impl.RaftServerImpl (RaftServerImpl.java:setRole(184)) - 93d557fa-335e-4e3d-b2bb-e33832802906@group-848D76B22711: changes role from  FOLLOWER to FOLLOWER at term 36 for recognizeCandidate:090573f1-c213-462e-b422-6463ca97c373
2019-10-15 21:18:51,452 [grpc-default-executor-2] INFO  impl.RoleInfo (RoleInfo.java:shutdownFollowerState(121)) - 93d557fa-335e-4e3d-b2bb-e33832802906: shutdown FollowerState
2019-10-15 21:18:51,452 [grpc-default-executor-2] INFO  impl.RoleInfo (RoleInfo.java:updateAndGet(143)) - 93d557fa-335e-4e3d-b2bb-e33832802906: start FollowerState
2019-10-15 21:18:51,452 [Thread-8723] INFO  impl.FollowerState (FollowerState.java:run(117)) - 93d557fa-335e-4e3d-b2bb-e33832802906@group-848D76B22711-FollowerState was interrupted: java.lang.InterruptedException: sleep interrupted
2019-10-15 21:18:51,456 [090573f1-c213-462e-b422-6463ca97c373@group-848D76B22711-LeaderElection1020] INFO  impl.LeaderElection (LeaderElection.java:logAndReturn(56)) - 090573f1-c213-462e-b422-6463ca97c373@group-848D76B22711-LeaderElection1020: Election REJECTED; received 2 response(s) [090573f1-c213-462e-b422-6463ca97c373<-93d557fa-335e-4e3d-b2bb-e33832802906#0:FAIL-t36, 090573f1-c213-462e-b422-6463ca97c373<-db364705-f60f-4be7-83db-fd25b014fd0b#0:FAIL-t36] and 0 exception(s); 090573f1-c213-462e-b422-6463ca97c373@group-848D76B22711:t36, leader=null, voted=090573f1-c213-462e-b422-6463ca97c373, raftlog=090573f1-c213-462e-b422-6463ca97c373@group-848D76B22711-SegmentedRaftLog:OPENED:c-1,f-1,i0, conf=-1: [93d557fa-335e-4e3d-b2bb-e33832802906:192.168.69.102:43737, 090573f1-c213-462e-b422-6463ca97c373:192.168.69.102:43336, db364705-f60f-4be7-83db-fd25b014fd0b:192.168.69.102:41270], old=null
2019-10-15 21:18:51,456 [090573f1-c213-462e-b422-6463ca97c373@group-848D76B22711-LeaderElection1020] INFO  impl.RaftServerImpl (RaftServerImpl.java:setRole(184)) - 090573f1-c213-462e-b422-6463ca97c373@group-848D76B22711: changes role from CANDIDATE to FOLLOWER at term 36 for DISCOVERED_A_NEW_TERM
2019-10-15 21:18:51,456 [090573f1-c213-462e-b422-6463ca97c373@group-848D76B22711-LeaderElection1020] INFO  impl.RoleInfo (RoleInfo.java:shutdownLeaderElection(134)) - 090573f1-c213-462e-b422-6463ca97c373: shutdown LeaderElection
2019-10-15 21:18:51,456 [090573f1-c213-462e-b422-6463ca97c373@group-848D76B22711-LeaderElection1020] INFO  impl.RoleInfo (RoleInfo.java:updateAndGet(143)) - 090573f1-c213-462e-b422-6463ca97c373: start FollowerState
2019-10-15 21:18:51,579 [Thread-8731] INFO  impl.FollowerState (FollowerState.java:run(108)) - 090573f1-c213-462e-b422-6463ca97c373@group-848D76B22711-FollowerState: change to CANDIDATE, lastRpcTime:122ms, electionTimeout:122ms
2019-10-15 21:18:51,579 [Thread-8731] INFO  impl.RoleInfo (RoleInfo.java:shutdownFollowerState(121)) - 090573f1-c213-462e-b422-6463ca97c373: shutdown FollowerState
2019-10-15 21:18:51,579 [Thread-8731] INFO  impl.RaftServerImpl (RaftServerImpl.java:setRole(184)) - 090573f1-c213-462e-b422-6463ca97c373@group-848D76B22711: changes role from  FOLLOWER to CANDIDATE at term 36 for changeToCandidate
2019-10-15 21:18:51,579 [Thread-8731] INFO  impl.RoleInfo (RoleInfo.java:updateAndGet(143)) - 090573f1-c213-462e-b422-6463ca97c373: start LeaderElection
2019-10-15 21:18:51,585 [090573f1-c213-462e-b422-6463ca97c373@group-848D76B22711-LeaderElection1021] INFO  impl.LeaderElection (LeaderElection.java:askForVotes(178)) - 090573f1-c213-462e-b422-6463ca97c373@group-848D76B22711-LeaderElection1021: begin an election at term 37 for -1: [93d557fa-335e-4e3d-b2bb-e33832802906:192.168.69.102:43737, 090573f1-c213-462e-b422-6463ca97c373:192.168.69.102:43336, db364705-f60f-4be7-83db-fd25b014fd0b:192.168.69.102:41270], old=null
2019-10-15 21:18:51,586 [grpc-default-executor-7] INFO  impl.RaftServerImpl (RaftServerImpl.java:setRole(184)) - 93d557fa-335e-4e3d-b2bb-e33832802906@group-848D76B22711: changes role from  FOLLOWER to FOLLOWER at term 37 for recognizeCandidate:090573f1-c213-462e-b422-6463ca97c373
2019-10-15 21:18:51,586 [grpc-default-executor-2] INFO  impl.RaftServerImpl (RaftServerImpl.java:setRole(184)) - db364705-f60f-4be7-83db-fd25b014fd0b@group-848D76B22711: changes role from  FOLLOWER to FOLLOWER at term 37 for recognizeCandidate:090573f1-c213-462e-b422-6463ca97c373
2019-10-15 21:18:51,587 [grpc-default-executor-2] INFO  impl.RoleInfo (RoleInfo.java:shutdownFollowerState(121)) - db364705-f60f-4be7-83db-fd25b014fd0b: shutdown FollowerState
2019-10-15 21:18:51,586 [grpc-default-executor-7] INFO  impl.RoleInfo (RoleInfo.java:shutdownFollowerState(121)) - 93d557fa-335e-4e3d-b2bb-e33832802906: shutdown FollowerState
2019-10-15 21:18:51,587 [Thread-8729] INFO  impl.FollowerState (FollowerState.java:run(117)) - db364705-f60f-4be7-83db-fd25b014fd0b@group-848D76B22711-FollowerState was interrupted: java.lang.InterruptedException: sleep interrupted
2019-10-15 21:18:51,587 [Thread-8730] INFO  impl.FollowerState (FollowerState.java:run(117)) - 93d557fa-335e-4e3d-b2bb-e33832802906@group-848D76B22711-FollowerState was interrupted: java.lang.InterruptedException: sleep interrupted
2019-10-15 21:18:51,587 [grpc-default-executor-2] INFO  impl.RoleInfo (RoleInfo.java:updateAndGet(143)) - db364705-f60f-4be7-83db-fd25b014fd0b: start FollowerState
2019-10-15 21:18:51,587 [grpc-default-executor-7] INFO  impl.RoleInfo (RoleInfo.java:updateAndGet(143)) - 93d557fa-335e-4e3d-b2bb-e33832802906: start FollowerState
2019-10-15 21:18:51,591 [090573f1-c213-462e-b422-6463ca97c373@group-848D76B22711-LeaderElection1021] INFO  impl.LeaderElection (LeaderElection.java:logAndReturn(56)) - 090573f1-c213-462e-b422-6463ca97c373@group-848D76B22711-LeaderElection1021: Election REJECTED; received 2 response(s) [090573f1-c213-462e-b422-6463ca97c373<-93d557fa-335e-4e3d-b2bb-e33832802906#0:FAIL-t37, 090573f1-c213-462e-b422-6463ca97c373<-db364705-f60f-4be7-83db-fd25b014fd0b#0:FAIL-t37] and 0 exception(s); 090573f1-c213-462e-b422-6463ca97c373@group-848D76B22711:t37, leader=null, voted=090573f1-c213-462e-b422-6463ca97c373, raftlog=090573f1-c213-462e-b422-6463ca97c373@group-848D76B22711-SegmentedRaftLog:OPENED:c-1,f-1,i0, conf=-1: [93d557fa-335e-4e3d-b2bb-e33832802906:192.168.69.102:43737, 090573f1-c213-462e-b422-6463ca97c373:192.168.69.102:43336, db364705-f60f-4be7-83db-fd25b014fd0b:192.168.69.102:41270], old=null
2019-10-15 21:18:51,592 [090573f1-c213-462e-b422-6463ca97c373@group-848D76B22711-LeaderElection1021] INFO  impl.RaftServerImpl (RaftServerImpl.java:setRole(184)) - 090573f1-c213-462e-b422-6463ca97c373@group-848D76B22711: changes role from CANDIDATE to FOLLOWER at term 37 for DISCOVERED_A_NEW_TERM
2019-10-15 21:18:51,592 [090573f1-c213-462e-b422-6463ca97c373@group-848D76B22711-LeaderElection1021] INFO  impl.RoleInfo (RoleInfo.java:shutdownLeaderElection(134)) - 090573f1-c213-462e-b422-6463ca97c373: shutdown LeaderElection
2019-10-15 21:18:51,592 [090573f1-c213-462e-b422-6463ca97c373@group-848D76B22711-LeaderElection1021] INFO  impl.RoleInfo (RoleInfo.java:updateAndGet(143)) - 090573f1-c213-462e-b422-6463ca97c373: start FollowerState
2019-10-15 21:18:51,668 [Thread-8737] INFO  impl.FollowerState (FollowerState.java:run(108)) - 090573f1-c213-462e-b422-6463ca97c373@group-848D76B22711-FollowerState: change to CANDIDATE, lastRpcTime:76ms, electionTimeout:76ms
2019-10-15 21:18:51,668 [Thread-8737] INFO  impl.RoleInfo (RoleInfo.java:shutdownFollowerState(121)) - 090573f1-c213-462e-b422-6463ca97c373: shutdown FollowerState
2019-10-15 21:18:51,668 [Thread-8737] INFO  impl.RaftServerImpl (RaftServerImpl.java:setRole(184)) - 090573f1-c213-462e-b422-6463ca97c373@group-848D76B22711: changes role from  FOLLOWER to CANDIDATE at term 37 for changeToCandidate
2019-10-15 21:18:51,669 [Thread-8737] INFO  impl.RoleInfo (RoleInfo.java:updateAndGet(143)) - 090573f1-c213-462e-b422-6463ca97c373: start LeaderElection
2019-10-15 21:18:51,681 [090573f1-c213-462e-b422-6463ca97c373@group-848D76B22711-LeaderElection1022] INFO  impl.LeaderElection (LeaderElection.java:askForVotes(178)) - 090573f1-c213-462e-b422-6463ca97c373@group-848D76B22711-LeaderElection1022: begin an election at term 38 for -1: [93d557fa-335e-4e3d-b2bb-e33832802906:192.168.69.102:43737, 090573f1-c213-462e-b422-6463ca97c373:192.168.69.102:43336, db364705-f60f-4be7-83db-fd25b014fd0b:192.168.69.102:41270], old=null
2019-10-15 21:18:51,682 [grpc-default-executor-2] INFO  impl.RaftServerImpl (RaftServerImpl.java:setRole(184)) - 93d557fa-335e-4e3d-b2bb-e33832802906@group-848D76B22711: changes role from  FOLLOWER to FOLLOWER at term 38 for recognizeCandidate:090573f1-c213-462e-b422-6463ca97c373
2019-10-15 21:18:51,682 [grpc-default-executor-2] INFO  impl.RoleInfo (RoleInfo.java:shutdownFollowerState(121)) - 93d557fa-335e-4e3d-b2bb-e33832802906: shutdown FollowerState
2019-10-15 21:18:51,682 [grpc-default-executor-2] INFO  impl.RoleInfo (RoleInfo.java:updateAndGet(143)) - 93d557fa-335e-4e3d-b2bb-e33832802906: start FollowerState
2019-10-15 21:18:51,682 [Thread-8736] INFO  impl.FollowerState (FollowerState.java:run(117)) - 93d557fa-335e-4e3d-b2bb-e33832802906@group-848D76B22711-FollowerState was interrupted: java.lang.InterruptedException: sleep interrupted
2019-10-15 21:18:51,682 [grpc-default-executor-7] INFO  impl.RaftServerImpl (RaftServerImpl.java:setRole(184)) - db364705-f60f-4be7-83db-fd25b014fd0b@group-848D76B22711: changes role from  FOLLOWER to FOLLOWER at term 38 for recognizeCandidate:090573f1-c213-462e-b422-6463ca97c373
2019-10-15 21:18:51,682 [grpc-default-executor-7] INFO  impl.RoleInfo (RoleInfo.java:shutdownFollowerState(121)) - db364705-f60f-4be7-83db-fd25b014fd0b: shutdown FollowerState
2019-10-15 21:18:51,683 [grpc-default-executor-7] INFO  impl.RoleInfo (RoleInfo.java:updateAndGet(143)) - db364705-f60f-4be7-83db-fd25b014fd0b: start FollowerState
2019-10-15 21:18:51,683 [Thread-8735] INFO  impl.FollowerState (FollowerState.java:run(117)) - db364705-f60f-4be7-83db-fd25b014fd0b@group-848D76B22711-FollowerState was interrupted: java.lang.InterruptedException: sleep interrupted
2019-10-15 21:18:51,693 [090573f1-c213-462e-b422-6463ca97c373@group-848D76B22711-LeaderElection1022] INFO  impl.LeaderElection (LeaderElection.java:logAndReturn(56)) - 090573f1-c213-462e-b422-6463ca97c373@group-848D76B22711-LeaderElection1022: Election REJECTED; received 2 response(s) [090573f1-c213-462e-b422-6463ca97c373<-93d557fa-335e-4e3d-b2bb-e33832802906#0:FAIL-t38, 090573f1-c213-462e-b422-6463ca97c373<-db364705-f60f-4be7-83db-fd25b014fd0b#0:FAIL-t38] and 0 exception(s); 090573f1-c213-462e-b422-6463ca97c373@group-848D76B22711:t38, leader=null, voted=090573f1-c213-462e-b422-6463ca97c373, raftlog=090573f1-c213-462e-b422-6463ca97c373@group-848D76B22711-SegmentedRaftLog:OPENED:c-1,f-1,i0, conf=-1: [93d557fa-335e-4e3d-b2bb-e33832802906:192.168.69.102:43737, 090573f1-c213-462e-b422-6463ca97c373:192.168.69.102:43336, db364705-f60f-4be7-83db-fd25b014fd0b:192.168.69.102:41270], old=null
2019-10-15 21:18:51,693 [090573f1-c213-462e-b422-6463ca97c373@group-848D76B22711-LeaderElection1022] INFO  impl.RaftServerImpl (RaftServerImpl.java:setRole(184)) - 090573f1-c213-462e-b422-6463ca97c373@group-848D76B22711: changes role from CANDIDATE to FOLLOWER at term 38 for DISCOVERED_A_NEW_TERM
2019-10-15 21:18:51,693 [090573f1-c213-462e-b422-6463ca97c373@group-848D76B22711-LeaderElection1022] INFO  impl.RoleInfo (RoleInfo.java:shutdownLeaderElection(134)) - 090573f1-c213-462e-b422-6463ca97c373: shutdown LeaderElection
2019-10-15 21:18:51,694 [090573f1-c213-462e-b422-6463ca97c373@group-848D76B22711-LeaderElection1022] INFO  impl.RoleInfo (RoleInfo.java:updateAndGet(143)) - 090573f1-c213-462e-b422-6463ca97c373: start FollowerState
2019-10-15 21:18:51,859 [Thread-8745] INFO  impl.FollowerState (FollowerState.java:run(108)) - 090573f1-c213-462e-b422-6463ca97c373@group-848D76B22711-FollowerState: change to CANDIDATE, lastRpcTime:165ms, electionTimeout:165ms
2019-10-15 21:18:51,859 [Thread-8745] INFO  impl.RoleInfo (RoleInfo.java:shutdownFollowerState(121)) - 090573f1-c213-462e-b422-6463ca97c373: shutdown FollowerState
2019-10-15 21:18:51,859 [Thread-8745] INFO  impl.RaftServerImpl (RaftServerImpl.java:setRole(184)) - 090573f1-c213-462e-b422-6463ca97c373@group-848D76B22711: changes role from  FOLLOWER to CANDIDATE at term 38 for changeToCandidate
2019-10-15 21:18:51,859 [Thread-8745] INFO  impl.RoleInfo (RoleInfo.java:updateAndGet(143)) - 090573f1-c213-462e-b422-6463ca97c373: start LeaderElection
2019-10-15 21:18:51,867 [090573f1-c213-462e-b422-6463ca97c373@group-848D76B22711-LeaderElection1023] INFO  impl.LeaderElection (LeaderElection.java:askForVotes(178)) - 090573f1-c213-462e-b422-6463ca97c373@group-848D76B22711-LeaderElection1023: begin an election at term 39 for -1: [93d557fa-335e-4e3d-b2bb-e33832802906:192.168.69.102:43737, 090573f1-c213-462e-b422-6463ca97c373:192.168.69.102:43336, db364705-f60f-4be7-83db-fd25b014fd0b:192.168.69.102:41270], old=null
2019-10-15 21:18:51,868 [grpc-default-executor-2] INFO  impl.RaftServerImpl (RaftServerImpl.java:setRole(184)) - db364705-f60f-4be7-83db-fd25b014fd0b@group-848D76B22711: changes role from  FOLLOWER to FOLLOWER at term 39 for recognizeCandidate:090573f1-c213-462e-b422-6463ca97c373
2019-10-15 21:18:51,868 [grpc-default-executor-10] INFO  impl.RaftServerImpl (RaftServerImpl.java:setRole(184)) - 93d557fa-335e-4e3d-b2bb-e33832802906@group-848D76B22711: changes role from  FOLLOWER to FOLLOWER at term 39 for recognizeCandidate:090573f1-c213-462e-b422-6463ca97c373
2019-10-15 21:18:51,868 [grpc-default-executor-2] INFO  impl.RoleInfo (RoleInfo.java:shutdownFollowerState(121)) - db364705-f60f-4be7-83db-fd25b014fd0b: shutdown FollowerState
2019-10-15 21:18:51,868 [grpc-default-executor-2] INFO  impl.RoleInfo (RoleInfo.java:updateAndGet(143)) - db364705-f60f-4be7-83db-fd25b014fd0b: start FollowerState
2019-10-15 21:18:51,868 [grpc-default-executor-10] INFO  impl.RoleInfo (RoleInfo.java:shutdownFollowerState(121)) - 93d557fa-335e-4e3d-b2bb-e33832802906: shutdown FollowerState
2019-10-15 21:18:51,869 [Thread-8744] INFO  impl.FollowerState (FollowerState.java:run(117)) - db364705-f60f-4be7-83db-fd25b014fd0b@group-848D76B22711-FollowerState was interrupted: java.lang.InterruptedException: sleep interrupted
2019-10-15 21:18:51,869 [Thread-8743] INFO  impl.FollowerState (FollowerState.java:run(117)) - 93d557fa-335e-4e3d-b2bb-e33832802906@group-848D76B22711-FollowerState was interrupted: java.lang.InterruptedException: sleep interrupted
2019-10-15 21:18:51,869 [grpc-default-executor-10] INFO  impl.RoleInfo (RoleInfo.java:updateAndGet(143)) - 93d557fa-335e-4e3d-b2bb-e33832802906: start FollowerState
2019-10-15 21:18:51,887 [090573f1-c213-462e-b422-6463ca97c373@group-848D76B22711-LeaderElection1023] INFO  impl.LeaderElection (LeaderElection.java:logAndReturn(56)) - 090573f1-c213-462e-b422-6463ca97c373@group-848D76B22711-LeaderElection1023: Election REJECTED; received 2 response(s) [090573f1-c213-462e-b422-6463ca97c373<-93d557fa-335e-4e3d-b2bb-e33832802906#0:FAIL-t39, 090573f1-c213-462e-b422-6463ca97c373<-db364705-f60f-4be7-83db-fd25b014fd0b#0:FAIL-t39] and 0 exception(s); 090573f1-c213-462e-b422-6463ca97c373@group-848D76B22711:t39, leader=null, voted=090573f1-c213-462e-b422-6463ca97c373, raftlog=090573f1-c213-462e-b422-6463ca97c373@group-848D76B22711-SegmentedRaftLog:OPENED:c-1,f-1,i0, conf=-1: [93d557fa-335e-4e3d-b2bb-e33832802906:192.168.69.102:43737, 090573f1-c213-462e-b422-6463ca97c373:192.168.69.102:43336, db364705-f60f-4be7-83db-fd25b014fd0b:192.168.69.102:41270], old=null
2019-10-15 21:18:51,887 [090573f1-c213-462e-b422-6463ca97c373@group-848D76B22711-LeaderElection1023] INFO  impl.RaftServerImpl (RaftServerImpl.java:setRole(184)) - 090573f1-c213-462e-b422-6463ca97c373@group-848D76B22711: changes role from CANDIDATE to FOLLOWER at term 39 for DISCOVERED_A_NEW_TERM
2019-10-15 21:18:51,887 [090573f1-c213-462e-b422-6463ca97c373@group-848D76B22711-LeaderElection1023] INFO  impl.RoleInfo (RoleInfo.java:shutdownLeaderElection(134)) - 090573f1-c213-462e-b422-6463ca97c373: shutdown LeaderElection
2019-10-15 21:18:51,887 [090573f1-c213-462e-b422-6463ca97c373@group-848D76B22711-LeaderElection1023] INFO  impl.RoleInfo (RoleInfo.java:updateAndGet(143)) - 090573f1-c213-462e-b422-6463ca97c373: start FollowerState
2019-10-15 21:18:51,951 [Thread-8755] INFO  impl.FollowerState (FollowerState.java:run(108)) - 090573f1-c213-462e-b422-6463ca97c373@group-848D76B22711-FollowerState: change to CANDIDATE, lastRpcTime:63ms, electionTimeout:63ms
2019-10-15 21:18:51,951 [Thread-8755] INFO  impl.RoleInfo (RoleInfo.java:shutdownFollowerState(121)) - 090573f1-c213-462e-b422-6463ca97c373: shutdown FollowerState
2019-10-15 21:18:51,951 [Thread-8755] INFO  impl.RaftServerImpl (RaftServerImpl.java:setRole(184)) - 090573f1-c213-462e-b422-6463ca97c373@group-848D76B22711: changes role from  FOLLOWER to CANDIDATE at term 39 for changeToCandidate
2019-10-15 21:18:51,951 [Thread-8755] INFO  impl.RoleInfo (RoleInfo.java:updateAndGet(143)) - 090573f1-c213-462e-b422-6463ca97c373: start LeaderElection
2019-10-15 21:18:51,960 [090573f1-c213-462e-b422-6463ca97c373@group-848D76B22711-LeaderElection1024] INFO  impl.LeaderElection (LeaderElection.java:askForVotes(178)) - 090573f1-c213-462e-b422-6463ca97c373@group-848D76B22711-LeaderElection1024: begin an election at term 40 for -1: [93d557fa-335e-4e3d-b2bb-e33832802906:192.168.69.102:43737, 090573f1-c213-462e-b422-6463ca97c373:192.168.69.102:43336, db364705-f60f-4be7-83db-fd25b014fd0b:192.168.69.102:41270], old=null
2019-10-15 21:18:51,961 [grpc-default-executor-10] INFO  impl.RaftServerImpl (RaftServerImpl.java:setRole(184)) - db364705-f60f-4be7-83db-fd25b014fd0b@group-848D76B22711: changes role from  FOLLOWER to FOLLOWER at term 40 for recognizeCandidate:090573f1-c213-462e-b422-6463ca97c373
2019-10-15 21:18:51,961 [grpc-default-executor-10] INFO  impl.RoleInfo (RoleInfo.java:shutdownFollowerState(121)) - db364705-f60f-4be7-83db-fd25b014fd0b: shutdown FollowerState
2019-10-15 21:18:51,961 [grpc-default-executor-2] INFO  impl.RaftServerImpl (RaftServerImpl.java:setRole(184)) - 93d557fa-335e-4e3d-b2bb-e33832802906@group-848D76B22711: changes role from  FOLLOWER to FOLLOWER at term 40 for recognizeCandidate:090573f1-c213-462e-b422-6463ca97c373
2019-10-15 21:18:51,961 [Thread-8753] INFO  impl.FollowerState (FollowerState.java:run(117)) - db364705-f60f-4be7-83db-fd25b014fd0b@group-848D76B22711-FollowerState was interrupted: java.lang.InterruptedException: sleep interrupted
2019-10-15 21:18:51,961 [grpc-default-executor-10] INFO  impl.RoleInfo (RoleInfo.java:updateAndGet(143)) - db364705-f60f-4be7-83db-fd25b014fd0b: start FollowerState
2019-10-15 21:18:51,961 [grpc-default-executor-2] INFO  impl.RoleInfo (RoleInfo.java:shutdownFollowerState(121)) - 93d557fa-335e-4e3d-b2bb-e33832802906: shutdown FollowerState
2019-10-15 21:18:51,962 [Thread-8754] INFO  impl.FollowerState (FollowerState.java:run(117)) - 93d557fa-335e-4e3d-b2bb-e33832802906@group-848D76B22711-FollowerState was interrupted: java.lang.InterruptedException: sleep interrupted
2019-10-15 21:18:51,962 [grpc-default-executor-2] INFO  impl.RoleInfo (RoleInfo.java:updateAndGet(143)) - 93d557fa-335e-4e3d-b2bb-e33832802906: start FollowerState
2019-10-15 21:18:51,971 [090573f1-c213-462e-b422-6463ca97c373@group-848D76B22711-LeaderElection1024] INFO  impl.LeaderElection (LeaderElection.java:logAndReturn(56)) - 090573f1-c213-462e-b422-6463ca97c373@group-848D76B22711-LeaderElection1024: Election TIMEOUT; received 0 response(s) [] and 0 exception(s); 090573f1-c213-462e-b422-6463ca97c373@group-848D76B22711:t40, leader=null, voted=090573f1-c213-462e-b422-6463ca97c373, raftlog=090573f1-c213-462e-b422-6463ca97c373@group-848D76B22711-SegmentedRaftLog:OPENED:c-1,f-1,i0, conf=-1: [93d557fa-335e-4e3d-b2bb-e33832802906:192.168.69.102:43737, 090573f1-c213-462e-b422-6463ca97c373:192.168.69.102:43336, db364705-f60f-4be7-83db-fd25b014fd0b:192.168.69.102:41270], old=null
2019-10-15 21:18:51,978 [090573f1-c213-462e-b422-6463ca97c373@group-848D76B22711-LeaderElection1024] INFO  impl.LeaderElection (LeaderElection.java:askForVotes(178)) - 090573f1-c213-462e-b422-6463ca97c373@group-848D76B22711-LeaderElection1024: begin an election at term 41 for -1: [93d557fa-335e-4e3d-b2bb-e33832802906:192.168.69.102:43737, 090573f1-c213-462e-b422-6463ca97c373:192.168.69.102:43336, db364705-f60f-4be7-83db-fd25b014fd0b:192.168.69.102:41270], old=null
2019-10-15 21:18:51,979 [grpc-default-executor-2] INFO  impl.RaftServerImpl (RaftServerImpl.java:setRole(184)) - 93d557fa-335e-4e3d-b2bb-e33832802906@group-848D76B22711: changes role from  FOLLOWER to FOLLOWER at term 41 for recognizeCandidate:090573f1-c213-462e-b422-6463ca97c373
2019-10-15 21:18:51,979 [grpc-default-executor-2] INFO  impl.RoleInfo (RoleInfo.java:shutdownFollowerState(121)) - 93d557fa-335e-4e3d-b2bb-e33832802906: shutdown FollowerState
2019-10-15 21:18:51,979 [grpc-default-executor-10] INFO  impl.RaftServerImpl (RaftServerImpl.java:setRole(184)) - db364705-f60f-4be7-83db-fd25b014fd0b@group-848D76B22711: changes role from  FOLLOWER to FOLLOWER at term 41 for recognizeCandidate:090573f1-c213-462e-b422-6463ca97c373
2019-10-15 21:18:51,979 [Thread-8760] INFO  impl.FollowerState (FollowerState.java:run(117)) - 93d557fa-335e-4e3d-b2bb-e33832802906@group-848D76B22711-FollowerState was interrupted: java.lang.InterruptedException: sleep interrupted
2019-10-15 21:18:51,979 [grpc-default-executor-2] INFO  impl.RoleInfo (RoleInfo.java:updateAndGet(143)) - 93d557fa-335e-4e3d-b2bb-e33832802906: start FollowerState
2019-10-15 21:18:51,979 [grpc-default-executor-10] INFO  impl.RoleInfo (RoleInfo.java:shutdownFollowerState(121)) - db364705-f60f-4be7-83db-fd25b014fd0b: shutdown FollowerState
2019-10-15 21:18:51,979 [grpc-default-executor-10] INFO  impl.RoleInfo (RoleInfo.java:updateAndGet(143)) - db364705-f60f-4be7-83db-fd25b014fd0b: start FollowerState
2019-10-15 21:18:51,979 [Thread-8759] INFO  impl.FollowerState (FollowerState.java:run(117)) - db364705-f60f-4be7-83db-fd25b014fd0b@group-848D76B22711-FollowerState was interrupted: java.lang.InterruptedException: sleep interrupted
2019-10-15 21:18:51,993 [090573f1-c213-462e-b422-6463ca97c373@group-848D76B22711-LeaderElection1024] INFO  impl.LeaderElection (LeaderElection.java:logAndReturn(56)) - 090573f1-c213-462e-b422-6463ca97c373@group-848D76B22711-LeaderElection1024: Election REJECTED; received 2 response(s) [090573f1-c213-462e-b422-6463ca97c373<-93d557fa-335e-4e3d-b2bb-e33832802906#0:FAIL-t41, 090573f1-c213-462e-b422-6463ca97c373<-db364705-f60f-4be7-83db-fd25b014fd0b#0:FAIL-t41] and 0 exception(s); 090573f1-c213-462e-b422-6463ca97c373@group-848D76B22711:t41, leader=null, voted=090573f1-c213-462e-b422-6463ca97c373, raftlog=090573f1-c213-462e-b422-6463ca97c373@group-848D76B22711-SegmentedRaftLog:OPENED:c-1,f-1,i0, conf=-1: [93d557fa-335e-4e3d-b2bb-e33832802906:192.168.69.102:43737, 090573f1-c213-462e-b422-6463ca97c373:192.168.69.102:43336, db364705-f60f-4be7-83db-fd25b014fd0b:192.168.69.102:41270], old=null
2019-10-15 21:18:51,993 [090573f1-c213-462e-b422-6463ca97c373@group-848D76B22711-LeaderElection1024] INFO  impl.RaftServerImpl (RaftServerImpl.java:setRole(184)) - 090573f1-c213-462e-b422-6463ca97c373@group-848D76B22711: changes role from CANDIDATE to FOLLOWER at term 41 for DISCOVERED_A_NEW_TERM
2019-10-15 21:18:51,993 [090573f1-c213-462e-b422-6463ca97c373@group-848D76B22711-LeaderElection1024] INFO  impl.RoleInfo (RoleInfo.java:shutdownLeaderElection(134)) - 090573f1-c213-462e-b422-6463ca97c373: shutdown LeaderElection
2019-10-15 21:18:51,993 [090573f1-c213-462e-b422-6463ca97c373@group-848D76B22711-LeaderElection1024] INFO  impl.RoleInfo (RoleInfo.java:updateAndGet(143)) - 090573f1-c213-462e-b422-6463ca97c373: start FollowerState
2019-10-15 21:18:52,001 [Thread-8765] INFO  impl.FollowerState (FollowerState.java:run(108)) - 090573f1-c213-462e-b422-6463ca97c373@group-848D76B22711-FollowerState: change to CANDIDATE, lastRpcTime:8ms, electionTimeout:8ms
2019-10-15 21:18:52,001 [Thread-8765] INFO  impl.RoleInfo (RoleInfo.java:shutdownFollowerState(121)) - 090573f1-c213-462e-b422-6463ca97c373: shutdown FollowerState
2019-10-15 21:18:52,001 [Thread-8765] INFO  impl.RaftServerImpl (RaftServerImpl.java:setRole(184)) - 090573f1-c213-462e-b422-6463ca97c373@group-848D76B22711: changes role from  FOLLOWER to CANDIDATE at term 41 for changeToCandidate
2019-10-15 21:18:52,002 [Thread-8765] INFO  impl.RoleInfo (RoleInfo.java:updateAndGet(143)) - 090573f1-c213-462e-b422-6463ca97c373: start LeaderElection
2019-10-15 21:18:52,012 [090573f1-c213-462e-b422-6463ca97c373@group-848D76B22711-LeaderElection1025] INFO  impl.LeaderElection (LeaderElection.java:askForVotes(178)) - 090573f1-c213-462e-b422-6463ca97c373@group-848D76B22711-LeaderElection1025: begin an election at term 42 for -1: [93d557fa-335e-4e3d-b2bb-e33832802906:192.168.69.102:43737, 090573f1-c213-462e-b422-6463ca97c373:192.168.69.102:43336, db364705-f60f-4be7-83db-fd25b014fd0b:192.168.69.102:41270], old=null
2019-10-15 21:18:52,013 [grpc-default-executor-2] INFO  impl.RaftServerImpl (RaftServerImpl.java:setRole(184)) - 93d557fa-335e-4e3d-b2bb-e33832802906@group-848D76B22711: changes role from  FOLLOWER to FOLLOWER at term 42 for recognizeCandidate:090573f1-c213-462e-b422-6463ca97c373
2019-10-15 21:18:52,013 [grpc-default-executor-2] INFO  impl.RoleInfo (RoleInfo.java:shutdownFollowerState(121)) - 93d557fa-335e-4e3d-b2bb-e33832802906: shutdown FollowerState
2019-10-15 21:18:52,013 [grpc-default-executor-10] INFO  impl.RaftServerImpl (RaftServerImpl.java:setRole(184)) - db364705-f60f-4be7-83db-fd25b014fd0b@group-848D76B22711: changes role from  FOLLOWER to FOLLOWER at term 42 for recognizeCandidate:090573f1-c213-462e-b422-6463ca97c373
2019-10-15 21:18:52,013 [grpc-default-executor-10] INFO  impl.RoleInfo (RoleInfo.java:shutdownFollowerState(121)) - db364705-f60f-4be7-83db-fd25b014fd0b: shutdown FollowerState
2019-10-15 21:18:52,013 [Thread-8763] INFO  impl.FollowerState (FollowerState.java:run(117)) - 93d557fa-335e-4e3d-b2bb-e33832802906@group-848D76B22711-FollowerState was interrupted: java.lang.InterruptedException: sleep interrupted
2019-10-15 21:18:52,013 [grpc-default-executor-2] INFO  impl.RoleInfo (RoleInfo.java:updateAndGet(143)) - 93d557fa-335e-4e3d-b2bb-e33832802906: start FollowerState
2019-10-15 21:18:52,013 [Thread-8764] INFO  impl.FollowerState (FollowerState.java:run(117)) - db364705-f60f-4be7-83db-fd25b014fd0b@group-848D76B22711-FollowerState was interrupted: java.lang.InterruptedException: sleep interrupted
2019-10-15 21:18:52,013 [grpc-default-executor-10] INFO  impl.RoleInfo (RoleInfo.java:updateAndGet(143)) - db364705-f60f-4be7-83db-fd25b014fd0b: start FollowerState
2019-10-15 21:18:52,032 [090573f1-c213-462e-b422-6463ca97c373@group-848D76B22711-LeaderElection1025] INFO  impl.LeaderElection (LeaderElection.java:logAndReturn(56)) - 090573f1-c213-462e-b422-6463ca97c373@group-848D76B22711-LeaderElection1025: Election REJECTED; received 2 response(s) [090573f1-c213-462e-b422-6463ca97c373<-93d557fa-335e-4e3d-b2bb-e33832802906#0:FAIL-t42, 090573f1-c213-462e-b422-6463ca97c373<-db364705-f60f-4be7-83db-fd25b014fd0b#0:FAIL-t42] and 0 exception(s); 090573f1-c213-462e-b422-6463ca97c373@group-848D76B22711:t42, leader=null, voted=090573f1-c213-462e-b422-6463ca97c373, raftlog=090573f1-c213-462e-b422-6463ca97c373@group-848D76B22711-SegmentedRaftLog:OPENED:c-1,f-1,i0, conf=-1: [93d557fa-335e-4e3d-b2bb-e33832802906:192.168.69.102:43737, 090573f1-c213-462e-b422-6463ca97c373:192.168.69.102:43336, db364705-f60f-4be7-83db-fd25b014fd0b:192.168.69.102:41270], old=null
2019-10-15 21:18:52,032 [090573f1-c213-462e-b422-6463ca97c373@group-848D76B22711-LeaderElection1025] INFO  impl.RaftServerImpl (RaftServerImpl.java:setRole(184)) - 090573f1-c213-462e-b422-6463ca97c373@group-848D76B22711: changes role from CANDIDATE to FOLLOWER at term 42 for DISCOVERED_A_NEW_TERM
2019-10-15 21:18:52,032 [090573f1-c213-462e-b422-6463ca97c373@group-848D76B22711-LeaderElection1025] INFO  impl.RoleInfo (RoleInfo.java:shutdownLeaderElection(134)) - 090573f1-c213-462e-b422-6463ca97c373: shutdown LeaderElection
2019-10-15 21:18:52,032 [090573f1-c213-462e-b422-6463ca97c373@group-848D76B22711-LeaderElection1025] INFO  impl.RoleInfo (RoleInfo.java:updateAndGet(143)) - 090573f1-c213-462e-b422-6463ca97c373: start FollowerState
2019-10-15 21:18:52,221 [Thread-8771] INFO  impl.FollowerState (FollowerState.java:run(108)) - 090573f1-c213-462e-b422-6463ca97c373@group-848D76B22711-FollowerState: change to CANDIDATE, lastRpcTime:188ms, electionTimeout:188ms
2019-10-15 21:18:52,221 [Thread-8771] INFO  impl.RoleInfo (RoleInfo.java:shutdownFollowerState(121)) - 090573f1-c213-462e-b422-6463ca97c373: shutdown FollowerState
2019-10-15 21:18:52,221 [Thread-8771] INFO  impl.RaftServerImpl (RaftServerImpl.java:setRole(184)) - 090573f1-c213-462e-b422-6463ca97c373@group-848D76B22711: changes role from  FOLLOWER to CANDIDATE at term 42 for changeToCandidate
2019-10-15 21:18:52,221 [Thread-8771] INFO  impl.RoleInfo (RoleInfo.java:updateAndGet(143)) - 090573f1-c213-462e-b422-6463ca97c373: start LeaderElection
2019-10-15 21:18:52,228 [090573f1-c213-462e-b422-6463ca97c373@group-848D76B22711-LeaderElection1026] INFO  impl.LeaderElection (LeaderElection.java:askForVotes(178)) - 090573f1-c213-462e-b422-6463ca97c373@group-848D76B22711-LeaderElection1026: begin an election at term 43 for -1: [93d557fa-335e-4e3d-b2bb-e33832802906:192.168.69.102:43737, 090573f1-c213-462e-b422-6463ca97c373:192.168.69.102:43336, db364705-f60f-4be7-83db-fd25b014fd0b:192.168.69.102:41270], old=null
2019-10-15 21:18:52,229 [grpc-default-executor-10] INFO  impl.RaftServerImpl (RaftServerImpl.java:setRole(184)) - 93d557fa-335e-4e3d-b2bb-e33832802906@group-848D76B22711: changes role from  FOLLOWER to FOLLOWER at term 43 for recognizeCandidate:090573f1-c213-462e-b422-6463ca97c373
2019-10-15 21:18:52,229 [grpc-default-executor-10] INFO  impl.RoleInfo (RoleInfo.java:shutdownFollowerState(121)) - 93d557fa-335e-4e3d-b2bb-e33832802906: shutdown FollowerState
2019-10-15 21:18:52,230 [grpc-default-executor-10] INFO  impl.RoleInfo (RoleInfo.java:updateAndGet(143)) - 93d557fa-335e-4e3d-b2bb-e33832802906: start FollowerState
2019-10-15 21:18:52,230 [Thread-8769] INFO  impl.FollowerState (FollowerState.java:run(117)) - 93d557fa-335e-4e3d-b2bb-e33832802906@group-848D76B22711-FollowerState was interrupted: java.lang.InterruptedException: sleep interrupted
2019-10-15 21:18:52,230 [grpc-default-executor-2] INFO  impl.RaftServerImpl (RaftServerImpl.java:setRole(184)) - db364705-f60f-4be7-83db-fd25b014fd0b@group-848D76B22711: changes role from  FOLLOWER to FOLLOWER at term 43 for recognizeCandidate:090573f1-c213-462e-b422-6463ca97c373
2019-10-15 21:18:52,230 [grpc-default-executor-2] INFO  impl.RoleInfo (RoleInfo.java:shutdownFollowerState(121)) - db364705-f60f-4be7-83db-fd25b014fd0b: shutdown FollowerState
2019-10-15 21:18:52,230 [grpc-default-executor-2] INFO  impl.RoleInfo (RoleInfo.java:updateAndGet(143)) - db364705-f60f-4be7-83db-fd25b014fd0b: start FollowerState
2019-10-15 21:18:52,230 [Thread-8770] INFO  impl.FollowerState (FollowerState.java:run(117)) - db364705-f60f-4be7-83db-fd25b014fd0b@group-848D76B22711-FollowerState was interrupted: java.lang.InterruptedException: sleep interrupted
2019-10-15 21:18:52,253 [090573f1-c213-462e-b422-6463ca97c373@group-848D76B22711-LeaderElection1026] INFO  impl.LeaderElection (LeaderElection.java:logAndReturn(56)) - 090573f1-c213-462e-b422-6463ca97c373@group-848D76B22711-LeaderElection1026: Election REJECTED; received 2 response(s) [090573f1-c213-462e-b422-6463ca97c373<-93d557fa-335e-4e3d-b2bb-e33832802906#0:FAIL-t43, 090573f1-c213-462e-b422-6463ca97c373<-db364705-f60f-4be7-83db-fd25b014fd0b#0:FAIL-t43] and 0 exception(s); 090573f1-c213-462e-b422-6463ca97c373@group-848D76B22711:t43, leader=null, voted=090573f1-c213-462e-b422-6463ca97c373, raftlog=090573f1-c213-462e-b422-6463ca97c373@group-848D76B22711-SegmentedRaftLog:OPENED:c-1,f-1,i0, conf=-1: [93d557fa-335e-4e3d-b2bb-e33832802906:192.168.69.102:43737, 090573f1-c213-462e-b422-6463ca97c373:192.168.69.102:43336, db364705-f60f-4be7-83db-fd25b014fd0b:192.168.69.102:41270], old=null
2019-10-15 21:18:52,253 [090573f1-c213-462e-b422-6463ca97c373@group-848D76B22711-LeaderElection1026] INFO  impl.RaftServerImpl (RaftServerImpl.java:setRole(184)) - 090573f1-c213-462e-b422-6463ca97c373@group-848D76B22711: changes role from CANDIDATE to FOLLOWER at term 43 for DISCOVERED_A_NEW_TERM
2019-10-15 21:18:52,253 [090573f1-c213-462e-b422-6463ca97c373@group-848D76B22711-LeaderElection1026] INFO  impl.RoleInfo (RoleInfo.java:shutdownLeaderElection(134)) - 090573f1-c213-462e-b422-6463ca97c373: shutdown LeaderElection
2019-10-15 21:18:52,253 [090573f1-c213-462e-b422-6463ca97c373@group-848D76B22711-LeaderElection1026] INFO  impl.RoleInfo (RoleInfo.java:updateAndGet(143)) - 090573f1-c213-462e-b422-6463ca97c373: start FollowerState
2019-10-15 21:18:52,418 [Thread-8779] INFO  impl.FollowerState (FollowerState.java:run(108)) - 090573f1-c213-462e-b422-6463ca97c373@group-848D76B22711-FollowerState: change to CANDIDATE, lastRpcTime:164ms, electionTimeout:164ms
2019-10-15 21:18:52,418 [Thread-8779] INFO  impl.RoleInfo (RoleInfo.java:shutdownFollowerState(121)) - 090573f1-c213-462e-b422-6463ca97c373: shutdown FollowerState
2019-10-15 21:18:52,418 [Thread-8779] INFO  impl.RaftServerImpl (RaftServerImpl.java:setRole(184)) - 090573f1-c213-462e-b422-6463ca97c373@group-848D76B22711: changes role from  FOLLOWER to CANDIDATE at term 43 for changeToCandidate
2019-10-15 21:18:52,418 [Thread-8779] INFO  impl.RoleInfo (RoleInfo.java:updateAndGet(143)) - 090573f1-c213-462e-b422-6463ca97c373: start LeaderElection
2019-10-15 21:18:52,429 [090573f1-c213-462e-b422-6463ca97c373@group-848D76B22711-LeaderElection1027] INFO  impl.LeaderElection (LeaderElection.java:askForVotes(178)) - 090573f1-c213-462e-b422-6463ca97c373@group-848D76B22711-LeaderElection1027: begin an election at term 44 for -1: [93d557fa-335e-4e3d-b2bb-e33832802906:192.168.69.102:43737, 090573f1-c213-462e-b422-6463ca97c373:192.168.69.102:43336, db364705-f60f-4be7-83db-fd25b014fd0b:192.168.69.102:41270], old=null
2019-10-15 21:18:52,430 [grpc-default-executor-10] INFO  impl.RaftServerImpl (RaftServerImpl.java:setRole(184)) - db364705-f60f-4be7-83db-fd25b014fd0b@group-848D76B22711: changes role from  FOLLOWER to FOLLOWER at term 44 for recognizeCandidate:090573f1-c213-462e-b422-6463ca97c373
2019-10-15 21:18:52,430 [grpc-default-executor-10] INFO  impl.RoleInfo (RoleInfo.java:shutdownFollowerState(121)) - db364705-f60f-4be7-83db-fd25b014fd0b: shutdown FollowerState
2019-10-15 21:18:52,431 [grpc-default-executor-10] INFO  impl.RoleInfo (RoleInfo.java:updateAndGet(143)) - db364705-f60f-4be7-83db-fd25b014fd0b: start FollowerState
2019-10-15 21:18:52,431 [Thread-8778] INFO  impl.FollowerState (FollowerState.java:run(117)) - db364705-f60f-4be7-83db-fd25b014fd0b@group-848D76B22711-FollowerState was interrupted: java.lang.InterruptedException: sleep interrupted
2019-10-15 21:18:52,437 [grpc-default-executor-2] INFO  impl.RaftServerImpl (RaftServerImpl.java:setRole(184)) - 93d557fa-335e-4e3d-b2bb-e33832802906@group-848D76B22711: changes role from  FOLLOWER to FOLLOWER at term 44 for recognizeCandidate:090573f1-c213-462e-b422-6463ca97c373
2019-10-15 21:18:52,437 [grpc-default-executor-2] INFO  impl.RoleInfo (RoleInfo.java:shutdownFollowerState(121)) - 93d557fa-335e-4e3d-b2bb-e33832802906: shutdown FollowerState
2019-10-15 21:18:52,437 [grpc-default-executor-2] INFO  impl.RoleInfo (RoleInfo.java:updateAndGet(143)) - 93d557fa-335e-4e3d-b2bb-e33832802906: start FollowerState
2019-10-15 21:18:52,437 [Thread-8777] INFO  impl.FollowerState (FollowerState.java:run(117)) - 93d557fa-335e-4e3d-b2bb-e33832802906@group-848D76B22711-FollowerState was interrupted: java.lang.InterruptedException: sleep interrupted
2019-10-15 21:18:52,496 [090573f1-c213-462e-b422-6463ca97c373@group-848D76B22711-LeaderElection1027] INFO  impl.LeaderElection (LeaderElection.java:logAndReturn(56)) - 090573f1-c213-462e-b422-6463ca97c373@group-848D76B22711-LeaderElection1027: Election REJECTED; received 2 response(s) [090573f1-c213-462e-b422-6463ca97c373<-93d557fa-335e-4e3d-b2bb-e33832802906#0:FAIL-t44, 090573f1-c213-462e-b422-6463ca97c373<-db364705-f60f-4be7-83db-fd25b014fd0b#0:FAIL-t44] and 0 exception(s); 090573f1-c213-462e-b422-6463ca97c373@group-848D76B22711:t44, leader=null, voted=090573f1-c213-462e-b422-6463ca97c373, raftlog=090573f1-c213-462e-b422-6463ca97c373@group-848D76B22711-SegmentedRaftLog:OPENED:c-1,f-1,i0, conf=-1: [93d557fa-335e-4e3d-b2bb-e33832802906:192.168.69.102:43737, 090573f1-c213-462e-b422-6463ca97c373:192.168.69.102:43336, db364705-f60f-4be7-83db-fd25b014fd0b:192.168.69.102:41270], old=null
2019-10-15 21:18:52,496 [090573f1-c213-462e-b422-6463ca97c373@group-848D76B22711-LeaderElection1027] INFO  impl.RaftServerImpl (RaftServerImpl.java:setRole(184)) - 090573f1-c213-462e-b422-6463ca97c373@group-848D76B22711: changes role from CANDIDATE to FOLLOWER at term 44 for DISCOVERED_A_NEW_TERM
2019-10-15 21:18:52,496 [090573f1-c213-462e-b422-6463ca97c373@group-848D76B22711-LeaderElection1027] INFO  impl.RoleInfo (RoleInfo.java:shutdownLeaderElection(134)) - 090573f1-c213-462e-b422-6463ca97c373: shutdown LeaderElection
2019-10-15 21:18:52,496 [090573f1-c213-462e-b422-6463ca97c373@group-848D76B22711-LeaderElection1027] INFO  impl.RoleInfo (RoleInfo.java:updateAndGet(143)) - 090573f1-c213-462e-b422-6463ca97c373: start FollowerState
2019-10-15 21:18:52,553 [Thread-8787] INFO  impl.FollowerState (FollowerState.java:run(108)) - 090573f1-c213-462e-b422-6463ca97c373@group-848D76B22711-FollowerState: change to CANDIDATE, lastRpcTime:57ms, electionTimeout:57ms
2019-10-15 21:18:52,553 [Thread-8787] INFO  impl.RoleInfo (RoleInfo.java:shutdownFollowerState(121)) - 090573f1-c213-462e-b422-6463ca97c373: shutdown FollowerState
2019-10-15 21:18:52,553 [Thread-8787] INFO  impl.RaftServerImpl (RaftServerImpl.java:setRole(184)) - 090573f1-c213-462e-b422-6463ca97c373@group-848D76B22711: changes role from  FOLLOWER to CANDIDATE at term 44 for changeToCandidate
2019-10-15 21:18:52,553 [Thread-8787] INFO  impl.RoleInfo (RoleInfo.java:updateAndGet(143)) - 090573f1-c213-462e-b422-6463ca97c373: start LeaderElection
2019-10-15 21:18:52,562 [090573f1-c213-462e-b422-6463ca97c373@group-848D76B22711-LeaderElection1028] INFO  impl.LeaderElection (LeaderElection.java:askForVotes(178)) - 090573f1-c213-462e-b422-6463ca97c373@group-848D76B22711-LeaderElection1028: begin an election at term 45 for -1: [93d557fa-335e-4e3d-b2bb-e33832802906:192.168.69.102:43737, 090573f1-c213-462e-b422-6463ca97c373:192.168.69.102:43336, db364705-f60f-4be7-83db-fd25b014fd0b:192.168.69.102:41270], old=null
2019-10-15 21:18:52,564 [grpc-default-executor-2] INFO  impl.RaftServerImpl (RaftServerImpl.java:setRole(184)) - 93d557fa-335e-4e3d-b2bb-e33832802906@group-848D76B22711: changes role from  FOLLOWER to FOLLOWER at term 45 for recognizeCandidate:090573f1-c213-462e-b422-6463ca97c373
2019-10-15 21:18:52,564 [grpc-default-executor-2] INFO  impl.RoleInfo (RoleInfo.java:shutdownFollowerState(121)) - 93d557fa-335e-4e3d-b2bb-e33832802906: shutdown FollowerState
2019-10-15 21:18:52,564 [grpc-default-executor-10] INFO  impl.RaftServerImpl (RaftServerImpl.java:setRole(184)) - db364705-f60f-4be7-83db-fd25b014fd0b@group-848D76B22711: changes role from  FOLLOWER to FOLLOWER at term 45 for recognizeCandidate:090573f1-c213-462e-b422-6463ca97c373
2019-10-15 21:18:52,564 [grpc-default-executor-10] INFO  impl.RoleInfo (RoleInfo.java:shutdownFollowerState(121)) - db364705-f60f-4be7-83db-fd25b014fd0b: shutdown FollowerState
2019-10-15 21:18:52,564 [Thread-8786] INFO  impl.FollowerState (FollowerState.java:run(117)) - 93d557fa-335e-4e3d-b2bb-e33832802906@group-848D76B22711-FollowerState was interrupted: java.lang.InterruptedException: sleep interrupted
2019-10-15 21:18:52,564 [grpc-default-executor-2] INFO  impl.RoleInfo (RoleInfo.java:updateAndGet(143)) - 93d557fa-335e-4e3d-b2bb-e33832802906: start FollowerState
2019-10-15 21:18:52,564 [Thread-8785] INFO  impl.FollowerState (FollowerState.java:run(117)) - db364705-f60f-4be7-83db-fd25b014fd0b@group-848D76B22711-FollowerState was interrupted: java.lang.InterruptedException: sleep interrupted
2019-10-15 21:18:52,564 [grpc-default-executor-10] INFO  impl.RoleInfo (RoleInfo.java:updateAndGet(143)) - db364705-f60f-4be7-83db-fd25b014fd0b: start FollowerState
2019-10-15 21:18:52,583 [090573f1-c213-462e-b422-6463ca97c373@group-848D76B22711-LeaderElection1028] INFO  impl.LeaderElection (LeaderElection.java:logAndReturn(56)) - 090573f1-c213-462e-b422-6463ca97c373@group-848D76B22711-LeaderElection1028: Election REJECTED; received 2 response(s) [090573f1-c213-462e-b422-6463ca97c373<-93d557fa-335e-4e3d-b2bb-e33832802906#0:FAIL-t45, 090573f1-c213-462e-b422-6463ca97c373<-db364705-f60f-4be7-83db-fd25b014fd0b#0:FAIL-t45] and 0 exception(s); 090573f1-c213-462e-b422-6463ca97c373@group-848D76B22711:t45, leader=null, voted=090573f1-c213-462e-b422-6463ca97c373, raftlog=090573f1-c213-462e-b422-6463ca97c373@group-848D76B22711-SegmentedRaftLog:OPENED:c-1,f-1,i0, conf=-1: [93d557fa-335e-4e3d-b2bb-e33832802906:192.168.69.102:43737, 090573f1-c213-462e-b422-6463ca97c373:192.168.69.102:43336, db364705-f60f-4be7-83db-fd25b014fd0b:192.168.69.102:41270], old=null
2019-10-15 21:18:52,583 [090573f1-c213-462e-b422-6463ca97c373@group-848D76B22711-LeaderElection1028] INFO  impl.RaftServerImpl (RaftServerImpl.java:setRole(184)) - 090573f1-c213-462e-b422-6463ca97c373@group-848D76B22711: changes role from CANDIDATE to FOLLOWER at term 45 for DISCOVERED_A_NEW_TERM
2019-10-15 21:18:52,583 [090573f1-c213-462e-b422-6463ca97c373@group-848D76B22711-LeaderElection1028] INFO  impl.RoleInfo (RoleInfo.java:shutdownLeaderElection(134)) - 090573f1-c213-462e-b422-6463ca97c373: shutdown LeaderElection
2019-10-15 21:18:52,583 [090573f1-c213-462e-b422-6463ca97c373@group-848D76B22711-LeaderElection1028] INFO  impl.RoleInfo (RoleInfo.java:updateAndGet(143)) - 090573f1-c213-462e-b422-6463ca97c373: start FollowerState
2019-10-15 21:18:52,681 [Thread-8793] INFO  impl.FollowerState (FollowerState.java:run(108)) - 090573f1-c213-462e-b422-6463ca97c373@group-848D76B22711-FollowerState: change to CANDIDATE, lastRpcTime:98ms, electionTimeout:98ms
2019-10-15 21:18:52,682 [Thread-8793] INFO  impl.RoleInfo (RoleInfo.java:shutdownFollowerState(121)) - 090573f1-c213-462e-b422-6463ca97c373: shutdown FollowerState
2019-10-15 21:18:52,682 [Thread-8793] INFO  impl.RaftServerImpl (RaftServerImpl.java:setRole(184)) - 090573f1-c213-462e-b422-6463ca97c373@group-848D76B22711: changes role from  FOLLOWER to CANDIDATE at term 45 for changeToCandidate
2019-10-15 21:18:52,682 [Thread-8793] INFO  impl.RoleInfo (RoleInfo.java:updateAndGet(143)) - 090573f1-c213-462e-b422-6463ca97c373: start LeaderElection
2019-10-15 21:18:52,709 [090573f1-c213-462e-b422-6463ca97c373@group-848D76B22711-LeaderElection1029] INFO  impl.LeaderElection (LeaderElection.java:askForVotes(178)) - 090573f1-c213-462e-b422-6463ca97c373@group-848D76B22711-LeaderElection1029: begin an election at term 46 for -1: [93d557fa-335e-4e3d-b2bb-e33832802906:192.168.69.102:43737, 090573f1-c213-462e-b422-6463ca97c373:192.168.69.102:43336, db364705-f60f-4be7-83db-fd25b014fd0b:192.168.69.102:41270], old=null
2019-10-15 21:18:52,710 [grpc-default-executor-2] INFO  impl.RaftServerImpl (RaftServerImpl.java:setRole(184)) - 93d557fa-335e-4e3d-b2bb-e33832802906@group-848D76B22711: changes role from  FOLLOWER to FOLLOWER at term 46 for recognizeCandidate:090573f1-c213-462e-b422-6463ca97c373
2019-10-15 21:18:52,710 [grpc-default-executor-2] INFO  impl.RoleInfo (RoleInfo.java:shutdownFollowerState(121)) - 93d557fa-335e-4e3d-b2bb-e33832802906: shutdown FollowerState
2019-10-15 21:18:52,710 [grpc-default-executor-2] INFO  impl.RoleInfo (RoleInfo.java:updateAndGet(143)) - 93d557fa-335e-4e3d-b2bb-e33832802906: start FollowerState
2019-10-15 21:18:52,711 [Thread-8791] INFO  impl.FollowerState (FollowerState.java:run(117)) - 93d557fa-335e-4e3d-b2bb-e33832802906@group-848D76B22711-FollowerState was interrupted: java.lang.InterruptedException: sleep interrupted
2019-10-15 21:18:52,711 [grpc-default-executor-10] INFO  impl.RaftServerImpl (RaftServerImpl.java:setRole(184)) - db364705-f60f-4be7-83db-fd25b014fd0b@group-848D76B22711: changes role from  FOLLOWER to FOLLOWER at term 46 for recognizeCandidate:090573f1-c213-462e-b422-6463ca97c373
2019-10-15 21:18:52,711 [grpc-default-executor-10] INFO  impl.RoleInfo (RoleInfo.java:shutdownFollowerState(121)) - db364705-f60f-4be7-83db-fd25b014fd0b: shutdown FollowerState
2019-10-15 21:18:52,711 [grpc-default-executor-10] INFO  impl.RoleInfo (RoleInfo.java:updateAndGet(143)) - db364705-f60f-4be7-83db-fd25b014fd0b: start FollowerState
2019-10-15 21:18:52,711 [Thread-8792] INFO  impl.FollowerState (FollowerState.java:run(117)) - db364705-f60f-4be7-83db-fd25b014fd0b@group-848D76B22711-FollowerState was interrupted: java.lang.InterruptedException: sleep interrupted
2019-10-15 21:18:52,726 [090573f1-c213-462e-b422-6463ca97c373@group-848D76B22711-LeaderElection1029] INFO  impl.LeaderElection (LeaderElection.java:logAndReturn(56)) - 090573f1-c213-462e-b422-6463ca97c373@group-848D76B22711-LeaderElection1029: Election REJECTED; received 2 response(s) [090573f1-c213-462e-b422-6463ca97c373<-93d557fa-335e-4e3d-b2bb-e33832802906#0:FAIL-t46, 090573f1-c213-462e-b422-6463ca97c373<-db364705-f60f-4be7-83db-fd25b014fd0b#0:FAIL-t46] and 0 exception(s); 090573f1-c213-462e-b422-6463ca97c373@group-848D76B22711:t46, leader=null, voted=090573f1-c213-462e-b422-6463ca97c373, raftlog=090573f1-c213-462e-b422-6463ca97c373@group-848D76B22711-SegmentedRaftLog:OPENED:c-1,f-1,i0, conf=-1: [93d557fa-335e-4e3d-b2bb-e33832802906:192.168.69.102:43737, 090573f1-c213-462e-b422-6463ca97c373:192.168.69.102:43336, db364705-f60f-4be7-83db-fd25b014fd0b:192.168.69.102:41270], old=null
2019-10-15 21:18:52,726 [090573f1-c213-462e-b422-6463ca97c373@group-848D76B22711-LeaderElection1029] INFO  impl.RaftServerImpl (RaftServerImpl.java:setRole(184)) - 090573f1-c213-462e-b422-6463ca97c373@group-848D76B22711: changes role from CANDIDATE to FOLLOWER at term 46 for DISCOVERED_A_NEW_TERM
2019-10-15 21:18:52,726 [090573f1-c213-462e-b422-6463ca97c373@group-848D76B22711-LeaderElection1029] INFO  impl.RoleInfo (RoleInfo.java:shutdownLeaderElection(134)) - 090573f1-c213-462e-b422-6463ca97c373: shutdown LeaderElection
2019-10-15 21:18:52,726 [090573f1-c213-462e-b422-6463ca97c373@group-848D76B22711-LeaderElection1029] INFO  impl.RoleInfo (RoleInfo.java:updateAndGet(143)) - 090573f1-c213-462e-b422-6463ca97c373: start FollowerState
2019-10-15 21:18:52,909 [Thread-8801] INFO  impl.FollowerState (FollowerState.java:run(108)) - 090573f1-c213-462e-b422-6463ca97c373@group-848D76B22711-FollowerState: change to CANDIDATE, lastRpcTime:183ms, electionTimeout:183ms
2019-10-15 21:18:52,909 [Thread-8801] INFO  impl.RoleInfo (RoleInfo.java:shutdownFollowerState(121)) - 090573f1-c213-462e-b422-6463ca97c373: shutdown FollowerState
2019-10-15 21:18:52,910 [Thread-8801] INFO  impl.RaftServerImpl (RaftServerImpl.java:setRole(184)) - 090573f1-c213-462e-b422-6463ca97c373@group-848D76B22711: changes role from  FOLLOWER to CANDIDATE at term 46 for changeToCandidate
2019-10-15 21:18:52,910 [Thread-8801] INFO  impl.RoleInfo (RoleInfo.java:updateAndGet(143)) - 090573f1-c213-462e-b422-6463ca97c373: start LeaderElection
2019-10-15 21:18:52,928 [090573f1-c213-462e-b422-6463ca97c373@group-848D76B22711-LeaderElection1030] INFO  impl.LeaderElection (LeaderElection.java:askForVotes(178)) - 090573f1-c213-462e-b422-6463ca97c373@group-848D76B22711-LeaderElection1030: begin an election at term 47 for -1: [93d557fa-335e-4e3d-b2bb-e33832802906:192.168.69.102:43737, 090573f1-c213-462e-b422-6463ca97c373:192.168.69.102:43336, db364705-f60f-4be7-83db-fd25b014fd0b:192.168.69.102:41270], old=null
2019-10-15 21:18:52,929 [grpc-default-executor-10] INFO  impl.RaftServerImpl (RaftServerImpl.java:setRole(184)) - 93d557fa-335e-4e3d-b2bb-e33832802906@group-848D76B22711: changes role from  FOLLOWER to FOLLOWER at term 47 for recognizeCandidate:090573f1-c213-462e-b422-6463ca97c373
2019-10-15 21:18:52,930 [grpc-default-executor-7] INFO  impl.RaftServerImpl (RaftServerImpl.java:setRole(184)) - db364705-f60f-4be7-83db-fd25b014fd0b@group-848D76B22711: changes role from  FOLLOWER to FOLLOWER at term 47 for recognizeCandidate:090573f1-c213-462e-b422-6463ca97c373
2019-10-15 21:18:52,930 [grpc-default-executor-7] INFO  impl.RoleInfo (RoleInfo.java:shutdownFollowerState(121)) - db364705-f60f-4be7-83db-fd25b014fd0b: shutdown FollowerState
2019-10-15 21:18:52,930 [grpc-default-executor-10] INFO  impl.RoleInfo (RoleInfo.java:shutdownFollowerState(121)) - 93d557fa-335e-4e3d-b2bb-e33832802906: shutdown FollowerState
2019-10-15 21:18:52,930 [Thread-8800] INFO  impl.FollowerState (FollowerState.java:run(117)) - db364705-f60f-4be7-83db-fd25b014fd0b@group-848D76B22711-FollowerState was interrupted: java.lang.InterruptedException: sleep interrupted
2019-10-15 21:18:52,930 [grpc-default-executor-7] INFO  impl.RoleInfo (RoleInfo.java:updateAndGet(143)) - db364705-f60f-4be7-83db-fd25b014fd0b: start FollowerState
2019-10-15 21:18:52,930 [Thread-8799] INFO  impl.FollowerState (FollowerState.java:run(117)) - 93d557fa-335e-4e3d-b2bb-e33832802906@group-848D76B22711-FollowerState was interrupted: java.lang.InterruptedException: sleep interrupted
2019-10-15 21:18:52,930 [grpc-default-executor-10] INFO  impl.RoleInfo (RoleInfo.java:updateAndGet(143)) - 93d557fa-335e-4e3d-b2bb-e33832802906: start FollowerState
2019-10-15 21:18:52,936 [090573f1-c213-462e-b422-6463ca97c373@group-848D76B22711-LeaderElection1030] INFO  impl.LeaderElection (LeaderElection.java:logAndReturn(56)) - 090573f1-c213-462e-b422-6463ca97c373@group-848D76B22711-LeaderElection1030: Election REJECTED; received 2 response(s) [090573f1-c213-462e-b422-6463ca97c373<-93d557fa-335e-4e3d-b2bb-e33832802906#0:FAIL-t47, 090573f1-c213-462e-b422-6463ca97c373<-db364705-f60f-4be7-83db-fd25b014fd0b#0:FAIL-t47] and 0 exception(s); 090573f1-c213-462e-b422-6463ca97c373@group-848D76B22711:t47, leader=null, voted=090573f1-c213-462e-b422-6463ca97c373, raftlog=090573f1-c213-462e-b422-6463ca97c373@group-848D76B22711-SegmentedRaftLog:OPENED:c-1,f-1,i0, conf=-1: [93d557fa-335e-4e3d-b2bb-e33832802906:192.168.69.102:43737, 090573f1-c213-462e-b422-6463ca97c373:192.168.69.102:43336, db364705-f60f-4be7-83db-fd25b014fd0b:192.168.69.102:41270], old=null
2019-10-15 21:18:52,936 [090573f1-c213-462e-b422-6463ca97c373@group-848D76B22711-LeaderElection1030] INFO  impl.RaftServerImpl (RaftServerImpl.java:setRole(184)) - 090573f1-c213-462e-b422-6463ca97c373@group-848D76B22711: changes role from CANDIDATE to FOLLOWER at term 47 for DISCOVERED_A_NEW_TERM
2019-10-15 21:18:52,936 [090573f1-c213-462e-b422-6463ca97c373@group-848D76B22711-LeaderElection1030] INFO  impl.RoleInfo (RoleInfo.java:shutdownLeaderElection(134)) - 090573f1-c213-462e-b422-6463ca97c373: shutdown LeaderElection
2019-10-15 21:18:52,936 [090573f1-c213-462e-b422-6463ca97c373@group-848D76B22711-LeaderElection1030] INFO  impl.RoleInfo (RoleInfo.java:updateAndGet(143)) - 090573f1-c213-462e-b422-6463ca97c373: start FollowerState
2019-10-15 21:18:53,115 [Thread-8811] INFO  impl.FollowerState (FollowerState.java:run(108)) - 090573f1-c213-462e-b422-6463ca97c373@group-848D76B22711-FollowerState: change to CANDIDATE, lastRpcTime:178ms, electionTimeout:178ms
2019-10-15 21:18:53,115 [Thread-8811] INFO  impl.RoleInfo (RoleInfo.java:shutdownFollowerState(121)) - 090573f1-c213-462e-b422-6463ca97c373: shutdown FollowerState
2019-10-15 21:18:53,115 [Thread-8811] INFO  impl.RaftServerImpl (RaftServerImpl.java:setRole(184)) - 090573f1-c213-462e-b422-6463ca97c373@group-848D76B22711: changes role from  FOLLOWER to CANDIDATE at term 47 for changeToCandidate
2019-10-15 21:18:53,115 [Thread-8811] INFO  impl.RoleInfo (RoleInfo.java:updateAndGet(143)) - 090573f1-c213-462e-b422-6463ca97c373: start LeaderElection
2019-10-15 21:18:53,124 [090573f1-c213-462e-b422-6463ca97c373@group-848D76B22711-LeaderElection1031] INFO  impl.LeaderElection (LeaderElection.java:askForVotes(178)) - 090573f1-c213-462e-b422-6463ca97c373@group-848D76B22711-LeaderElection1031: begin an election at term 48 for -1: [93d557fa-335e-4e3d-b2bb-e33832802906:192.168.69.102:43737, 090573f1-c213-462e-b422-6463ca97c373:192.168.69.102:43336, db364705-f60f-4be7-83db-fd25b014fd0b:192.168.69.102:41270], old=null
2019-10-15 21:18:53,125 [grpc-default-executor-10] INFO  impl.RaftServerImpl (RaftServerImpl.java:setRole(184)) - db364705-f60f-4be7-83db-fd25b014fd0b@group-848D76B22711: changes role from  FOLLOWER to FOLLOWER at term 48 for recognizeCandidate:090573f1-c213-462e-b422-6463ca97c373
2019-10-15 21:18:53,125 [grpc-default-executor-10] INFO  impl.RoleInfo (RoleInfo.java:shutdownFollowerState(121)) - db364705-f60f-4be7-83db-fd25b014fd0b: shutdown FollowerState
2019-10-15 21:18:53,126 [grpc-default-executor-10] INFO  impl.RoleInfo (RoleInfo.java:updateAndGet(143)) - db364705-f60f-4be7-83db-fd25b014fd0b: start FollowerState
2019-10-15 21:18:53,126 [Thread-8809] INFO  impl.FollowerState (FollowerState.java:run(117)) - db364705-f60f-4be7-83db-fd25b014fd0b@group-848D76B22711-FollowerState was interrupted: java.lang.InterruptedException: sleep interrupted
2019-10-15 21:18:53,128 [grpc-default-executor-7] INFO  impl.RaftServerImpl (RaftServerImpl.java:setRole(184)) - 93d557fa-335e-4e3d-b2bb-e33832802906@group-848D76B22711: changes role from  FOLLOWER to FOLLOWER at term 48 for recognizeCandidate:090573f1-c213-462e-b422-6463ca97c373
2019-10-15 21:18:53,128 [grpc-default-executor-7] INFO  impl.RoleInfo (RoleInfo.java:shutdownFollowerState(121)) - 93d557fa-335e-4e3d-b2bb-e33832802906: shutdown FollowerState
2019-10-15 21:18:53,128 [grpc-default-executor-7] INFO  impl.RoleInfo (RoleInfo.java:updateAndGet(143)) - 93d557fa-335e-4e3d-b2bb-e33832802906: start FollowerState
2019-10-15 21:18:53,128 [Thread-8810] INFO  impl.FollowerState (FollowerState.java:run(117)) - 93d557fa-335e-4e3d-b2bb-e33832802906@group-848D76B22711-FollowerState was interrupted: java.lang.InterruptedException: sleep interrupted
2019-10-15 21:18:53,134 [090573f1-c213-462e-b422-6463ca97c373@group-848D76B22711-LeaderElection1031] INFO  impl.LeaderElection (LeaderElection.java:logAndReturn(56)) - 090573f1-c213-462e-b422-6463ca97c373@group-848D76B22711-LeaderElection1031: Election REJECTED; received 2 response(s) [090573f1-c213-462e-b422-6463ca97c373<-93d557fa-335e-4e3d-b2bb-e33832802906#0:FAIL-t48, 090573f1-c213-462e-b422-6463ca97c373<-db364705-f60f-4be7-83db-fd25b014fd0b#0:FAIL-t48] and 0 exception(s); 090573f1-c213-462e-b422-6463ca97c373@group-848D76B22711:t48, leader=null, voted=090573f1-c213-462e-b422-6463ca97c373, raftlog=090573f1-c213-462e-b422-6463ca97c373@group-848D76B22711-SegmentedRaftLog:OPENED:c-1,f-1,i0, conf=-1: [93d557fa-335e-4e3d-b2bb-e33832802906:192.168.69.102:43737, 090573f1-c213-462e-b422-6463ca97c373:192.168.69.102:43336, db364705-f60f-4be7-83db-fd25b014fd0b:192.168.69.102:41270], old=null
2019-10-15 21:18:53,134 [090573f1-c213-462e-b422-6463ca97c373@group-848D76B22711-LeaderElection1031] INFO  impl.RaftServerImpl (RaftServerImpl.java:setRole(184)) - 090573f1-c213-462e-b422-6463ca97c373@group-848D76B22711: changes role from CANDIDATE to FOLLOWER at term 48 for DISCOVERED_A_NEW_TERM
2019-10-15 21:18:53,134 [090573f1-c213-462e-b422-6463ca97c373@group-848D76B22711-LeaderElection1031] INFO  impl.RoleInfo (RoleInfo.java:shutdownLeaderElection(134)) - 090573f1-c213-462e-b422-6463ca97c373: shutdown LeaderElection
2019-10-15 21:18:53,134 [090573f1-c213-462e-b422-6463ca97c373@group-848D76B22711-LeaderElection1031] INFO  impl.RoleInfo (RoleInfo.java:updateAndGet(143)) - 090573f1-c213-462e-b422-6463ca97c373: start FollowerState
2019-10-15 21:18:53,315 [Thread-8817] INFO  impl.FollowerState (FollowerState.java:run(108)) - 090573f1-c213-462e-b422-6463ca97c373@group-848D76B22711-FollowerState: change to CANDIDATE, lastRpcTime:181ms, electionTimeout:181ms
2019-10-15 21:18:53,316 [Thread-8817] INFO  impl.RoleInfo (RoleInfo.java:shutdownFollowerState(121)) - 090573f1-c213-462e-b422-6463ca97c373: shutdown FollowerState
2019-10-15 21:18:53,316 [Thread-8817] INFO  impl.RaftServerImpl (RaftServerImpl.java:setRole(184)) - 090573f1-c213-462e-b422-6463ca97c373@group-848D76B22711: changes role from  FOLLOWER to CANDIDATE at term 48 for changeToCandidate
2019-10-15 21:18:53,316 [Thread-8817] INFO  impl.RoleInfo (RoleInfo.java:updateAndGet(143)) - 090573f1-c213-462e-b422-6463ca97c373: start LeaderElection
2019-10-15 21:18:53,321 [090573f1-c213-462e-b422-6463ca97c373@group-848D76B22711-LeaderElection1032] INFO  impl.LeaderElection (LeaderElection.java:askForVotes(178)) - 090573f1-c213-462e-b422-6463ca97c373@group-848D76B22711-LeaderElection1032: begin an election at term 49 for -1: [93d557fa-335e-4e3d-b2bb-e33832802906:192.168.69.102:43737, 090573f1-c213-462e-b422-6463ca97c373:192.168.69.102:43336, db364705-f60f-4be7-83db-fd25b014fd0b:192.168.69.102:41270], old=null
2019-10-15 21:18:53,322 [grpc-default-executor-10] INFO  impl.RaftServerImpl (RaftServerImpl.java:setRole(184)) - db364705-f60f-4be7-83db-fd25b014fd0b@group-848D76B22711: changes role from  FOLLOWER to FOLLOWER at term 49 for recognizeCandidate:090573f1-c213-462e-b422-6463ca97c373
2019-10-15 21:18:53,322 [grpc-default-executor-2] INFO  impl.RaftServerImpl (RaftServerImpl.java:setRole(184)) - 93d557fa-335e-4e3d-b2bb-e33832802906@group-848D76B22711: changes role from  FOLLOWER to FOLLOWER at term 49 for recognizeCandidate:090573f1-c213-462e-b422-6463ca97c373
2019-10-15 21:18:53,322 [grpc-default-executor-10] INFO  impl.RoleInfo (RoleInfo.java:shutdownFollowerState(121)) - db364705-f60f-4be7-83db-fd25b014fd0b: shutdown FollowerState
2019-10-15 21:18:53,322 [grpc-default-executor-2] INFO  impl.RoleInfo (RoleInfo.java:shutdownFollowerState(121)) - 93d557fa-335e-4e3d-b2bb-e33832802906: shutdown FollowerState
2019-10-15 21:18:53,322 [Thread-8815] INFO  impl.FollowerState (FollowerState.java:run(117)) - db364705-f60f-4be7-83db-fd25b014fd0b@group-848D76B22711-FollowerState was interrupted: java.lang.InterruptedException: sleep interrupted
2019-10-15 21:18:53,322 [grpc-default-executor-10] INFO  impl.RoleInfo (RoleInfo.java:updateAndGet(143)) - db364705-f60f-4be7-83db-fd25b014fd0b: start FollowerState
2019-10-15 21:18:53,322 [Thread-8816] INFO  impl.FollowerState (FollowerState.java:run(117)) - 93d557fa-335e-4e3d-b2bb-e33832802906@group-848D76B22711-FollowerState was interrupted: java.lang.InterruptedException: sleep interrupted
2019-10-15 21:18:53,322 [grpc-default-executor-2] INFO  impl.RoleInfo (RoleInfo.java:updateAndGet(143)) - 93d557fa-335e-4e3d-b2bb-e33832802906: start FollowerState
2019-10-15 21:18:53,328 [090573f1-c213-462e-b422-6463ca97c373@group-848D76B22711-LeaderElection1032] INFO  impl.LeaderElection (LeaderElection.java:logAndReturn(56)) - 090573f1-c213-462e-b422-6463ca97c373@group-848D76B22711-LeaderElection1032: Election REJECTED; received 2 response(s) [090573f1-c213-462e-b422-6463ca97c373<-93d557fa-335e-4e3d-b2bb-e33832802906#0:FAIL-t49, 090573f1-c213-462e-b422-6463ca97c373<-db364705-f60f-4be7-83db-fd25b014fd0b#0:FAIL-t49] and 0 exception(s); 090573f1-c213-462e-b422-6463ca97c373@group-848D76B22711:t49, leader=null, voted=090573f1-c213-462e-b422-6463ca97c373, raftlog=090573f1-c213-462e-b422-6463ca97c373@group-848D76B22711-SegmentedRaftLog:OPENED:c-1,f-1,i0, conf=-1: [93d557fa-335e-4e3d-b2bb-e33832802906:192.168.69.102:43737, 090573f1-c213-462e-b422-6463ca97c373:192.168.69.102:43336, db364705-f60f-4be7-83db-fd25b014fd0b:192.168.69.102:41270], old=null
2019-10-15 21:18:53,329 [090573f1-c213-462e-b422-6463ca97c373@group-848D76B22711-LeaderElection1032] INFO  impl.RaftServerImpl (RaftServerImpl.java:setRole(184)) - 090573f1-c213-462e-b422-6463ca97c373@group-848D76B22711: changes role from CANDIDATE to FOLLOWER at term 49 for DISCOVERED_A_NEW_TERM
2019-10-15 21:18:53,329 [090573f1-c213-462e-b422-6463ca97c373@group-848D76B22711-LeaderElection1032] INFO  impl.RoleInfo (RoleInfo.java:shutdownLeaderElection(134)) - 090573f1-c213-462e-b422-6463ca97c373: shutdown LeaderElection
2019-10-15 21:18:53,329 [090573f1-c213-462e-b422-6463ca97c373@group-848D76B22711-LeaderElection1032] INFO  impl.RoleInfo (RoleInfo.java:updateAndGet(143)) - 090573f1-c213-462e-b422-6463ca97c373: start FollowerState
2019-10-15 21:18:53,421 [Thread-8827] INFO  impl.FollowerState (FollowerState.java:run(108)) - 090573f1-c213-462e-b422-6463ca97c373@group-848D76B22711-FollowerState: change to CANDIDATE, lastRpcTime:92ms, electionTimeout:92ms
2019-10-15 21:18:53,421 [Thread-8827] INFO  impl.RoleInfo (RoleInfo.java:shutdownFollowerState(121)) - 090573f1-c213-462e-b422-6463ca97c373: shutdown FollowerState
2019-10-15 21:18:53,421 [Thread-8827] INFO  impl.RaftServerImpl (RaftServerImpl.java:setRole(184)) - 090573f1-c213-462e-b422-6463ca97c373@group-848D76B22711: changes role from  FOLLOWER to CANDIDATE at term 49 for changeToCandidate
2019-10-15 21:18:53,422 [Thread-8827] INFO  impl.RoleInfo (RoleInfo.java:updateAndGet(143)) - 090573f1-c213-462e-b422-6463ca97c373: start LeaderElection
2019-10-15 21:18:53,440 [090573f1-c213-462e-b422-6463ca97c373@group-848D76B22711-LeaderElection1033] INFO  impl.LeaderElection (LeaderElection.java:askForVotes(178)) - 090573f1-c213-462e-b422-6463ca97c373@group-848D76B22711-LeaderElection1033: begin an election at term 50 for -1: [93d557fa-335e-4e3d-b2bb-e33832802906:192.168.69.102:43737, 090573f1-c213-462e-b422-6463ca97c373:192.168.69.102:43336, db364705-f60f-4be7-83db-fd25b014fd0b:192.168.69.102:41270], old=null
2019-10-15 21:18:53,441 [grpc-default-executor-2] INFO  impl.RaftServerImpl (RaftServerImpl.java:setRole(184)) - 93d557fa-335e-4e3d-b2bb-e33832802906@group-848D76B22711: changes role from  FOLLOWER to FOLLOWER at term 50 for recognizeCandidate:090573f1-c213-462e-b422-6463ca97c373
2019-10-15 21:18:53,441 [grpc-default-executor-2] INFO  impl.RoleInfo (RoleInfo.java:shutdownFollowerState(121)) - 93d557fa-335e-4e3d-b2bb-e33832802906: shutdown FollowerState
2019-10-15 21:18:53,441 [grpc-default-executor-7] INFO  impl.RaftServerImpl (RaftServerImpl.java:setRole(184)) - db364705-f60f-4be7-83db-fd25b014fd0b@group-848D76B22711: changes role from  FOLLOWER to FOLLOWER at term 50 for recognizeCandidate:090573f1-c213-462e-b422-6463ca97c373
2019-10-15 21:18:53,442 [grpc-default-executor-7] INFO  impl.RoleInfo (RoleInfo.java:shutdownFollowerState(121)) - db364705-f60f-4be7-83db-fd25b014fd0b: shutdown FollowerState
2019-10-15 21:18:53,442 [Thread-8826] INFO  impl.FollowerState (FollowerState.java:run(117)) - 93d557fa-335e-4e3d-b2bb-e33832802906@group-848D76B22711-FollowerState was interrupted: java.lang.InterruptedException: sleep interrupted
2019-10-15 21:18:53,442 [grpc-default-executor-2] INFO  impl.RoleInfo (RoleInfo.java:updateAndGet(143)) - 93d557fa-335e-4e3d-b2bb-e33832802906: start FollowerState
2019-10-15 21:18:53,442 [grpc-default-executor-7] INFO  impl.RoleInfo (RoleInfo.java:updateAndGet(143)) - db364705-f60f-4be7-83db-fd25b014fd0b: start FollowerState
2019-10-15 21:18:53,442 [Thread-8825] INFO  impl.FollowerState (FollowerState.java:run(117)) - db364705-f60f-4be7-83db-fd25b014fd0b@group-848D76B22711-FollowerState was interrupted: java.lang.InterruptedException: sleep interrupted
2019-10-15 21:18:53,453 [090573f1-c213-462e-b422-6463ca97c373@group-848D76B22711-LeaderElection1033] INFO  impl.LeaderElection (LeaderElection.java:logAndReturn(56)) - 090573f1-c213-462e-b422-6463ca97c373@group-848D76B22711-LeaderElection1033: Election REJECTED; received 2 response(s) [090573f1-c213-462e-b422-6463ca97c373<-93d557fa-335e-4e3d-b2bb-e33832802906#0:FAIL-t50, 090573f1-c213-462e-b422-6463ca97c373<-db364705-f60f-4be7-83db-fd25b014fd0b#0:FAIL-t50] and 0 exception(s); 090573f1-c213-462e-b422-6463ca97c373@group-848D76B22711:t50, leader=null, voted=090573f1-c213-462e-b422-6463ca97c373, raftlog=090573f1-c213-462e-b422-6463ca97c373@group-848D76B22711-SegmentedRaftLog:OPENED:c-1,f-1,i0, conf=-1: [93d557fa-335e-4e3d-b2bb-e33832802906:192.168.69.102:43737, 090573f1-c213-462e-b422-6463ca97c373:192.168.69.102:43336, db364705-f60f-4be7-83db-fd25b014fd0b:192.168.69.102:41270], old=null
2019-10-15 21:18:53,453 [090573f1-c213-462e-b422-6463ca97c373@group-848D76B22711-LeaderElection1033] INFO  impl.RaftServerImpl (RaftServerImpl.java:setRole(184)) - 090573f1-c213-462e-b422-6463ca97c373@group-848D76B22711: changes role from CANDIDATE to FOLLOWER at term 50 for DISCOVERED_A_NEW_TERM
2019-10-15 21:18:53,453 [090573f1-c213-462e-b422-6463ca97c373@group-848D76B22711-LeaderElection1033] INFO  impl.RoleInfo (RoleInfo.java:shutdownLeaderElection(134)) - 090573f1-c213-462e-b422-6463ca97c373: shutdown LeaderElection
2019-10-15 21:18:53,453 [090573f1-c213-462e-b422-6463ca97c373@group-848D76B22711-LeaderElection1033] INFO  impl.RoleInfo (RoleInfo.java:updateAndGet(143)) - 090573f1-c213-462e-b422-6463ca97c373: start FollowerState
2019-10-15 21:18:53,624 [Thread-8833] INFO  impl.FollowerState (FollowerState.java:run(108)) - 090573f1-c213-462e-b422-6463ca97c373@group-848D76B22711-FollowerState: change to CANDIDATE, lastRpcTime:170ms, electionTimeout:170ms
2019-10-15 21:18:53,624 [Thread-8833] INFO  impl.RoleInfo (RoleInfo.java:shutdownFollowerState(121)) - 090573f1-c213-462e-b422-6463ca97c373: shutdown FollowerState
2019-10-15 21:18:53,624 [Thread-8833] INFO  impl.RaftServerImpl (RaftServerImpl.java:setRole(184)) - 090573f1-c213-462e-b422-6463ca97c373@group-848D76B22711: changes role from  FOLLOWER to CANDIDATE at term 50 for changeToCandidate
2019-10-15 21:18:53,624 [Thread-8833] INFO  impl.RoleInfo (RoleInfo.java:updateAndGet(143)) - 090573f1-c213-462e-b422-6463ca97c373: start LeaderElection
2019-10-15 21:18:53,628 [090573f1-c213-462e-b422-6463ca97c373@group-848D76B22711-LeaderElection1034] INFO  impl.LeaderElection (LeaderElection.java:askForVotes(178)) - 090573f1-c213-462e-b422-6463ca97c373@group-848D76B22711-LeaderElection1034: begin an election at term 51 for -1: [93d557fa-335e-4e3d-b2bb-e33832802906:192.168.69.102:43737, 090573f1-c213-462e-b422-6463ca97c373:192.168.69.102:43336, db364705-f60f-4be7-83db-fd25b014fd0b:192.168.69.102:41270], old=null
2019-10-15 21:18:53,630 [grpc-default-executor-2] INFO  impl.RaftServerImpl (RaftServerImpl.java:setRole(184)) - 93d557fa-335e-4e3d-b2bb-e33832802906@group-848D76B22711: changes role from  FOLLOWER to FOLLOWER at term 51 for recognizeCandidate:090573f1-c213-462e-b422-6463ca97c373
2019-10-15 21:18:53,630 [grpc-default-executor-2] INFO  impl.RoleInfo (RoleInfo.java:shutdownFollowerState(121)) - 93d557fa-335e-4e3d-b2bb-e33832802906: shutdown FollowerState
2019-10-15 21:18:53,630 [grpc-default-executor-2] INFO  impl.RoleInfo (RoleInfo.java:updateAndGet(143)) - 93d557fa-335e-4e3d-b2bb-e33832802906: start FollowerState
2019-10-15 21:18:53,630 [Thread-8831] INFO  impl.FollowerState (FollowerState.java:run(117)) - 93d557fa-335e-4e3d-b2bb-e33832802906@group-848D76B22711-FollowerState was interrupted: java.lang.InterruptedException: sleep interrupted
2019-10-15 21:18:53,630 [grpc-default-executor-7] INFO  impl.RaftServerImpl (RaftServerImpl.java:setRole(184)) - db364705-f60f-4be7-83db-fd25b014fd0b@group-848D76B22711: changes role from  FOLLOWER to FOLLOWER at term 51 for recognizeCandidate:090573f1-c213-462e-b422-6463ca97c373
2019-10-15 21:18:53,630 [grpc-default-executor-7] INFO  impl.RoleInfo (RoleInfo.java:shutdownFollowerState(121)) - db364705-f60f-4be7-83db-fd25b014fd0b: shutdown FollowerState
2019-10-15 21:18:53,631 [grpc-default-executor-7] INFO  impl.RoleInfo (RoleInfo.java:updateAndGet(143)) - db364705-f60f-4be7-83db-fd25b014fd0b: start FollowerState
2019-10-15 21:18:53,631 [Thread-8832] INFO  impl.FollowerState (FollowerState.java:run(117)) - db364705-f60f-4be7-83db-fd25b014fd0b@group-848D76B22711-FollowerState was interrupted: java.lang.InterruptedException: sleep interrupted
2019-10-15 21:18:53,665 [090573f1-c213-462e-b422-6463ca97c373@group-848D76B22711-LeaderElection1034] INFO  impl.LeaderElection (LeaderElection.java:logAndReturn(56)) - 090573f1-c213-462e-b422-6463ca97c373@group-848D76B22711-LeaderElection1034: Election REJECTED; received 2 response(s) [090573f1-c213-462e-b422-6463ca97c373<-93d557fa-335e-4e3d-b2bb-e33832802906#0:FAIL-t51, 090573f1-c213-462e-b422-6463ca97c373<-db364705-f60f-4be7-83db-fd25b014fd0b#0:FAIL-t51] and 0 exception(s); 090573f1-c213-462e-b422-6463ca97c373@group-848D76B22711:t51, leader=null, voted=090573f1-c213-462e-b422-6463ca97c373, raftlog=090573f1-c213-462e-b422-6463ca97c373@group-848D76B22711-SegmentedRaftLog:OPENED:c-1,f-1,i0, conf=-1: [93d557fa-335e-4e3d-b2bb-e33832802906:192.168.69.102:43737, 090573f1-c213-462e-b422-6463ca97c373:192.168.69.102:43336, db364705-f60f-4be7-83db-fd25b014fd0b:192.168.69.102:41270], old=null
2019-10-15 21:18:53,666 [090573f1-c213-462e-b422-6463ca97c373@group-848D76B22711-LeaderElection1034] INFO  impl.RaftServerImpl (RaftServerImpl.java:setRole(184)) - 090573f1-c213-462e-b422-6463ca97c373@group-848D76B22711: changes role from CANDIDATE to FOLLOWER at term 51 for DISCOVERED_A_NEW_TERM
2019-10-15 21:18:53,666 [090573f1-c213-462e-b422-6463ca97c373@group-848D76B22711-LeaderElection1034] INFO  impl.RoleInfo (RoleInfo.java:shutdownLeaderElection(134)) - 090573f1-c213-462e-b422-6463ca97c373: shutdown LeaderElection
2019-10-15 21:18:53,666 [090573f1-c213-462e-b422-6463ca97c373@group-848D76B22711-LeaderElection1034] INFO  impl.RoleInfo (RoleInfo.java:updateAndGet(143)) - 090573f1-c213-462e-b422-6463ca97c373: start FollowerState
2019-10-15 21:18:53,698 [Thread-8841] INFO  impl.FollowerState (FollowerState.java:run(108)) - 090573f1-c213-462e-b422-6463ca97c373@group-848D76B22711-FollowerState: change to CANDIDATE, lastRpcTime:31ms, electionTimeout:31ms
2019-10-15 21:18:53,698 [Thread-8841] INFO  impl.RoleInfo (RoleInfo.java:shutdownFollowerState(121)) - 090573f1-c213-462e-b422-6463ca97c373: shutdown FollowerState
2019-10-15 21:18:53,698 [Thread-8841] INFO  impl.RaftServerImpl (RaftServerImpl.java:setRole(184)) - 090573f1-c213-462e-b422-6463ca97c373@group-848D76B22711: changes role from  FOLLOWER to CANDIDATE at term 51 for changeToCandidate
2019-10-15 21:18:53,698 [Thread-8841] INFO  impl.RoleInfo (RoleInfo.java:updateAndGet(143)) - 090573f1-c213-462e-b422-6463ca97c373: start LeaderElection
2019-10-15 21:18:53,709 [090573f1-c213-462e-b422-6463ca97c373@group-848D76B22711-LeaderElection1035] INFO  impl.LeaderElection (LeaderElection.java:askForVotes(178)) - 090573f1-c213-462e-b422-6463ca97c373@group-848D76B22711-LeaderElection1035: begin an election at term 52 for -1: [93d557fa-335e-4e3d-b2bb-e33832802906:192.168.69.102:43737, 090573f1-c213-462e-b422-6463ca97c373:192.168.69.102:43336, db364705-f60f-4be7-83db-fd25b014fd0b:192.168.69.102:41270], old=null
2019-10-15 21:18:53,711 [grpc-default-executor-10] INFO  impl.RaftServerImpl (RaftServerImpl.java:setRole(184)) - 93d557fa-335e-4e3d-b2bb-e33832802906@group-848D76B22711: changes role from  FOLLOWER to FOLLOWER at term 52 for recognizeCandidate:090573f1-c213-462e-b422-6463ca97c373
2019-10-15 21:18:53,711 [grpc-default-executor-10] INFO  impl.RoleInfo (RoleInfo.java:shutdownFollowerState(121)) - 93d557fa-335e-4e3d-b2bb-e33832802906: shutdown FollowerState
2019-10-15 21:18:53,711 [grpc-default-executor-10] INFO  impl.RoleInfo (RoleInfo.java:updateAndGet(143)) - 93d557fa-335e-4e3d-b2bb-e33832802906: start FollowerState
2019-10-15 21:18:53,711 [Thread-8837] INFO  impl.FollowerState (FollowerState.java:run(117)) - 93d557fa-335e-4e3d-b2bb-e33832802906@group-848D76B22711-FollowerState was interrupted: java.lang.InterruptedException: sleep interrupted
2019-10-15 21:18:53,715 [grpc-default-executor-7] INFO  impl.RaftServerImpl (RaftServerImpl.java:setRole(184)) - db364705-f60f-4be7-83db-fd25b014fd0b@group-848D76B22711: changes role from  FOLLOWER to FOLLOWER at term 52 for recognizeCandidate:090573f1-c213-462e-b422-6463ca97c373
2019-10-15 21:18:53,715 [grpc-default-executor-7] INFO  impl.RoleInfo (RoleInfo.java:shutdownFollowerState(121)) - db364705-f60f-4be7-83db-fd25b014fd0b: shutdown FollowerState
2019-10-15 21:18:53,715 [grpc-default-executor-7] INFO  impl.RoleInfo (RoleInfo.java:updateAndGet(143)) - db364705-f60f-4be7-83db-fd25b014fd0b: start FollowerState
2019-10-15 21:18:53,715 [Thread-8838] INFO  impl.FollowerState (FollowerState.java:run(117)) - db364705-f60f-4be7-83db-fd25b014fd0b@group-848D76B22711-FollowerState was interrupted: java.lang.InterruptedException: sleep interrupted
2019-10-15 21:18:53,722 [090573f1-c213-462e-b422-6463ca97c373@group-848D76B22711-LeaderElection1035] INFO  impl.LeaderElection (LeaderElection.java:logAndReturn(56)) - 090573f1-c213-462e-b422-6463ca97c373@group-848D76B22711-LeaderElection1035: Election REJECTED; received 2 response(s) [090573f1-c213-462e-b422-6463ca97c373<-93d557fa-335e-4e3d-b2bb-e33832802906#0:FAIL-t52, 090573f1-c213-462e-b422-6463ca97c373<-db364705-f60f-4be7-83db-fd25b014fd0b#0:FAIL-t52] and 0 exception(s); 090573f1-c213-462e-b422-6463ca97c373@group-848D76B22711:t52, leader=null, voted=090573f1-c213-462e-b422-6463ca97c373, raftlog=090573f1-c213-462e-b422-6463ca97c373@group-848D76B22711-SegmentedRaftLog:OPENED:c-1,f-1,i0, conf=-1: [93d557fa-335e-4e3d-b2bb-e33832802906:192.168.69.102:43737, 090573f1-c213-462e-b422-6463ca97c373:192.168.69.102:43336, db364705-f60f-4be7-83db-fd25b014fd0b:192.168.69.102:41270], old=null
2019-10-15 21:18:53,722 [090573f1-c213-462e-b422-6463ca97c373@group-848D76B22711-LeaderElection1035] INFO  impl.RaftServerImpl (RaftServerImpl.java:setRole(184)) - 090573f1-c213-462e-b422-6463ca97c373@group-848D76B22711: changes role from CANDIDATE to FOLLOWER at term 52 for DISCOVERED_A_NEW_TERM
2019-10-15 21:18:53,722 [090573f1-c213-462e-b422-6463ca97c373@group-848D76B22711-LeaderElection1035] INFO  impl.RoleInfo (RoleInfo.java:shutdownLeaderElection(134)) - 090573f1-c213-462e-b422-6463ca97c373: shutdown LeaderElection
2019-10-15 21:18:53,722 [090573f1-c213-462e-b422-6463ca97c373@group-848D76B22711-LeaderElection1035] INFO  impl.RoleInfo (RoleInfo.java:updateAndGet(143)) - 090573f1-c213-462e-b422-6463ca97c373: start FollowerState
2019-10-15 21:18:53,753 [Thread-8847] INFO  impl.FollowerState (FollowerState.java:run(108)) - 090573f1-c213-462e-b422-6463ca97c373@group-848D76B22711-FollowerState: change to CANDIDATE, lastRpcTime:31ms, electionTimeout:31ms
2019-10-15 21:18:53,754 [Thread-8847] INFO  impl.RoleInfo (RoleInfo.java:shutdownFollowerState(121)) - 090573f1-c213-462e-b422-6463ca97c373: shutdown FollowerState
2019-10-15 21:18:53,754 [Thread-8847] INFO  impl.RaftServerImpl (RaftServerImpl.java:setRole(184)) - 090573f1-c213-462e-b422-6463ca97c373@group-848D76B22711: changes role from  FOLLOWER to CANDIDATE at term 52 for changeToCandidate
2019-10-15 21:18:53,754 [Thread-8847] INFO  impl.RoleInfo (RoleInfo.java:updateAndGet(143)) - 090573f1-c213-462e-b422-6463ca97c373: start LeaderElection
2019-10-15 21:18:53,767 [090573f1-c213-462e-b422-6463ca97c373@group-848D76B22711-LeaderElection1036] INFO  impl.LeaderElection (LeaderElection.java:askForVotes(178)) - 090573f1-c213-462e-b422-6463ca97c373@group-848D76B22711-LeaderElection1036: begin an election at term 53 for -1: [93d557fa-335e-4e3d-b2bb-e33832802906:192.168.69.102:43737, 090573f1-c213-462e-b422-6463ca97c373:192.168.69.102:43336, db364705-f60f-4be7-83db-fd25b014fd0b:192.168.69.102:41270], old=null
2019-10-15 21:18:53,769 [grpc-default-executor-10] INFO  impl.RaftServerImpl (RaftServerImpl.java:setRole(184)) - db364705-f60f-4be7-83db-fd25b014fd0b@group-848D76B22711: changes role from  FOLLOWER to FOLLOWER at term 53 for recognizeCandidate:090573f1-c213-462e-b422-6463ca97c373
2019-10-15 21:18:53,769 [grpc-default-executor-7] INFO  impl.RaftServerImpl (RaftServerImpl.java:setRole(184)) - 93d557fa-335e-4e3d-b2bb-e33832802906@group-848D76B22711: changes role from  FOLLOWER to FOLLOWER at term 53 for recognizeCandidate:090573f1-c213-462e-b422-6463ca97c373
2019-10-15 21:18:53,769 [grpc-default-executor-7] INFO  impl.RoleInfo (RoleInfo.java:shutdownFollowerState(121)) - 93d557fa-335e-4e3d-b2bb-e33832802906: shutdown FollowerState
2019-10-15 21:18:53,769 [grpc-default-executor-10] INFO  impl.RoleInfo (RoleInfo.java:shutdownFollowerState(121)) - db364705-f60f-4be7-83db-fd25b014fd0b: shutdown FollowerState
2019-10-15 21:18:53,769 [Thread-8845] INFO  impl.FollowerState (FollowerState.java:run(117)) - 93d557fa-335e-4e3d-b2bb-e33832802906@group-848D76B22711-FollowerState was interrupted: java.lang.InterruptedException: sleep interrupted
2019-10-15 21:18:53,769 [grpc-default-executor-7] INFO  impl.RoleInfo (RoleInfo.java:updateAndGet(143)) - 93d557fa-335e-4e3d-b2bb-e33832802906: start FollowerState
2019-10-15 21:18:53,769 [Thread-8846] INFO  impl.FollowerState (FollowerState.java:run(117)) - db364705-f60f-4be7-83db-fd25b014fd0b@group-848D76B22711-FollowerState was interrupted: java.lang.InterruptedException: sleep interrupted
2019-10-15 21:18:53,769 [grpc-default-executor-10] INFO  impl.RoleInfo (RoleInfo.java:updateAndGet(143)) - db364705-f60f-4be7-83db-fd25b014fd0b: start FollowerState
2019-10-15 21:18:53,788 [090573f1-c213-462e-b422-6463ca97c373@group-848D76B22711-LeaderElection1036] INFO  impl.LeaderElection (LeaderElection.java:logAndReturn(56)) - 090573f1-c213-462e-b422-6463ca97c373@group-848D76B22711-LeaderElection1036: Election REJECTED; received 2 response(s) [090573f1-c213-462e-b422-6463ca97c373<-93d557fa-335e-4e3d-b2bb-e33832802906#0:FAIL-t53, 090573f1-c213-462e-b422-6463ca97c373<-db364705-f60f-4be7-83db-fd25b014fd0b#0:FAIL-t53] and 0 exception(s); 090573f1-c213-462e-b422-6463ca97c373@group-848D76B22711:t53, leader=null, voted=090573f1-c213-462e-b422-6463ca97c373, raftlog=090573f1-c213-462e-b422-6463ca97c373@group-848D76B22711-SegmentedRaftLog:OPENED:c-1,f-1,i0, conf=-1: [93d557fa-335e-4e3d-b2bb-e33832802906:192.168.69.102:43737, 090573f1-c213-462e-b422-6463ca97c373:192.168.69.102:43336, db364705-f60f-4be7-83db-fd25b014fd0b:192.168.69.102:41270], old=null
2019-10-15 21:18:53,788 [090573f1-c213-462e-b422-6463ca97c373@group-848D76B22711-LeaderElection1036] INFO  impl.RaftServerImpl (RaftServerImpl.java:setRole(184)) - 090573f1-c213-462e-b422-6463ca97c373@group-848D76B22711: changes role from CANDIDATE to FOLLOWER at term 53 for DISCOVERED_A_NEW_TERM
2019-10-15 21:18:53,788 [090573f1-c213-462e-b422-6463ca97c373@group-848D76B22711-LeaderElection1036] INFO  impl.RoleInfo (RoleInfo.java:shutdownLeaderElection(134)) - 090573f1-c213-462e-b422-6463ca97c373: shutdown LeaderElection
2019-10-15 21:18:53,788 [090573f1-c213-462e-b422-6463ca97c373@group-848D76B22711-LeaderElection1036] INFO  impl.RoleInfo (RoleInfo.java:updateAndGet(143)) - 090573f1-c213-462e-b422-6463ca97c373: start FollowerState
2019-10-15 21:18:53,958 [Thread-8855] INFO  impl.FollowerState (FollowerState.java:run(108)) - 090573f1-c213-462e-b422-6463ca97c373@group-848D76B22711-FollowerState: change to CANDIDATE, lastRpcTime:169ms, electionTimeout:169ms
2019-10-15 21:18:53,958 [Thread-8855] INFO  impl.RoleInfo (RoleInfo.java:shutdownFollowerState(121)) - 090573f1-c213-462e-b422-6463ca97c373: shutdown FollowerState
2019-10-15 21:18:53,958 [Thread-8855] INFO  impl.RaftServerImpl (RaftServerImpl.java:setRole(184)) - 090573f1-c213-462e-b422-6463ca97c373@group-848D76B22711: changes role from  FOLLOWER to CANDIDATE at term 53 for changeToCandidate
2019-10-15 21:18:53,958 [Thread-8855] INFO  impl.RoleInfo (RoleInfo.java:updateAndGet(143)) - 090573f1-c213-462e-b422-6463ca97c373: start LeaderElection
2019-10-15 21:18:53,984 [090573f1-c213-462e-b422-6463ca97c373@group-848D76B22711-LeaderElection1037] INFO  impl.LeaderElection (LeaderElection.java:askForVotes(178)) - 090573f1-c213-462e-b422-6463ca97c373@group-848D76B22711-LeaderElection1037: begin an election at term 54 for -1: [93d557fa-335e-4e3d-b2bb-e33832802906:192.168.69.102:43737, 090573f1-c213-462e-b422-6463ca97c373:192.168.69.102:43336, db364705-f60f-4be7-83db-fd25b014fd0b:192.168.69.102:41270], old=null
2019-10-15 21:18:53,985 [grpc-default-executor-10] INFO  impl.RaftServerImpl (RaftServerImpl.java:setRole(184)) - 93d557fa-335e-4e3d-b2bb-e33832802906@group-848D76B22711: changes role from  FOLLOWER to FOLLOWER at term 54 for recognizeCandidate:090573f1-c213-462e-b422-6463ca97c373
2019-10-15 21:18:53,985 [grpc-default-executor-10] INFO  impl.RoleInfo (RoleInfo.java:shutdownFollowerState(121)) - 93d557fa-335e-4e3d-b2bb-e33832802906: shutdown FollowerState
2019-10-15 21:18:53,985 [grpc-default-executor-2] INFO  impl.RaftServerImpl (RaftServerImpl.java:setRole(184)) - db364705-f60f-4be7-83db-fd25b014fd0b@group-848D76B22711: changes role from  FOLLOWER to FOLLOWER at term 54 for recognizeCandidate:090573f1-c213-462e-b422-6463ca97c373
2019-10-15 21:18:53,985 [Thread-8853] INFO  impl.FollowerState (FollowerState.java:run(117)) - 93d557fa-335e-4e3d-b2bb-e33832802906@group-848D76B22711-FollowerState was interrupted: java.lang.InterruptedException: sleep interrupted
2019-10-15 21:18:53,985 [grpc-default-executor-10] INFO  impl.RoleInfo (RoleInfo.java:updateAndGet(143)) - 93d557fa-335e-4e3d-b2bb-e33832802906: start FollowerState
2019-10-15 21:18:53,986 [grpc-default-executor-2] INFO  impl.RoleInfo (RoleInfo.java:shutdownFollowerState(121)) - db364705-f60f-4be7-83db-fd25b014fd0b: shutdown FollowerState
2019-10-15 21:18:53,986 [grpc-default-executor-2] INFO  impl.RoleInfo (RoleInfo.java:updateAndGet(143)) - db364705-f60f-4be7-83db-fd25b014fd0b: start FollowerState
2019-10-15 21:18:53,987 [Thread-8854] INFO  impl.FollowerState (FollowerState.java:run(117)) - db364705-f60f-4be7-83db-fd25b014fd0b@group-848D76B22711-FollowerState was interrupted: java.lang.InterruptedException: sleep interrupted
2019-10-15 21:18:53,991 [090573f1-c213-462e-b422-6463ca97c373@group-848D76B22711-LeaderElection1037] INFO  impl.LeaderElection (LeaderElection.java:logAndReturn(56)) - 090573f1-c213-462e-b422-6463ca97c373@group-848D76B22711-LeaderElection1037: Election REJECTED; received 2 response(s) [090573f1-c213-462e-b422-6463ca97c373<-93d557fa-335e-4e3d-b2bb-e33832802906#0:FAIL-t54, 090573f1-c213-462e-b422-6463ca97c373<-db364705-f60f-4be7-83db-fd25b014fd0b#0:FAIL-t54] and 0 exception(s); 090573f1-c213-462e-b422-6463ca97c373@group-848D76B22711:t54, leader=null, voted=090573f1-c213-462e-b422-6463ca97c373, raftlog=090573f1-c213-462e-b422-6463ca97c373@group-848D76B22711-SegmentedRaftLog:OPENED:c-1,f-1,i0, conf=-1: [93d557fa-335e-4e3d-b2bb-e33832802906:192.168.69.102:43737, 090573f1-c213-462e-b422-6463ca97c373:192.168.69.102:43336, db364705-f60f-4be7-83db-fd25b014fd0b:192.168.69.102:41270], old=null
2019-10-15 21:18:53,991 [090573f1-c213-462e-b422-6463ca97c373@group-848D76B22711-LeaderElection1037] INFO  impl.RaftServerImpl (RaftServerImpl.java:setRole(184)) - 090573f1-c213-462e-b422-6463ca97c373@group-848D76B22711: changes role from CANDIDATE to FOLLOWER at term 54 for DISCOVERED_A_NEW_TERM
2019-10-15 21:18:53,991 [090573f1-c213-462e-b422-6463ca97c373@group-848D76B22711-LeaderElection1037] INFO  impl.RoleInfo (RoleInfo.java:shutdownLeaderElection(134)) - 090573f1-c213-462e-b422-6463ca97c373: shutdown LeaderElection
2019-10-15 21:18:53,991 [090573f1-c213-462e-b422-6463ca97c373@group-848D76B22711-LeaderElection1037] INFO  impl.RoleInfo (RoleInfo.java:updateAndGet(143)) - 090573f1-c213-462e-b422-6463ca97c373: start FollowerState
2019-10-15 21:18:54,188 [Thread-8863] INFO  impl.FollowerState (FollowerState.java:run(108)) - 090573f1-c213-462e-b422-6463ca97c373@group-848D76B22711-FollowerState: change to CANDIDATE, lastRpcTime:197ms, electionTimeout:197ms
2019-10-15 21:18:54,189 [Thread-8863] INFO  impl.RoleInfo (RoleInfo.java:shutdownFollowerState(121)) - 090573f1-c213-462e-b422-6463ca97c373: shutdown FollowerState
2019-10-15 21:18:54,189 [Thread-8863] INFO  impl.RaftServerImpl (RaftServerImpl.java:setRole(184)) - 090573f1-c213-462e-b422-6463ca97c373@group-848D76B22711: changes role from  FOLLOWER to CANDIDATE at term 54 for changeToCandidate
2019-10-15 21:18:54,189 [Thread-8863] INFO  impl.RoleInfo (RoleInfo.java:updateAndGet(143)) - 090573f1-c213-462e-b422-6463ca97c373: start LeaderElection
2019-10-15 21:18:54,192 [090573f1-c213-462e-b422-6463ca97c373@group-848D76B22711-LeaderElection1038] INFO  impl.LeaderElection (LeaderElection.java:askForVotes(178)) - 090573f1-c213-462e-b422-6463ca97c373@group-848D76B22711-LeaderElection1038: begin an election at term 55 for -1: [93d557fa-335e-4e3d-b2bb-e33832802906:192.168.69.102:43737, 090573f1-c213-462e-b422-6463ca97c373:192.168.69.102:43336, db364705-f60f-4be7-83db-fd25b014fd0b:192.168.69.102:41270], old=null
2019-10-15 21:18:54,194 [grpc-default-executor-2] INFO  impl.RaftServerImpl (RaftServerImpl.java:setRole(184)) - 93d557fa-335e-4e3d-b2bb-e33832802906@group-848D76B22711: changes role from  FOLLOWER to FOLLOWER at term 55 for recognizeCandidate:090573f1-c213-462e-b422-6463ca97c373
2019-10-15 21:18:54,194 [grpc-default-executor-2] INFO  impl.RoleInfo (RoleInfo.java:shutdownFollowerState(121)) - 93d557fa-335e-4e3d-b2bb-e33832802906: shutdown FollowerState
2019-10-15 21:18:54,194 [grpc-default-executor-2] INFO  impl.RoleInfo (RoleInfo.java:updateAndGet(143)) - 93d557fa-335e-4e3d-b2bb-e33832802906: start FollowerState
2019-10-15 21:18:54,194 [Thread-8861] INFO  impl.FollowerState (FollowerState.java:run(117)) - 93d557fa-335e-4e3d-b2bb-e33832802906@group-848D76B22711-FollowerState was interrupted: java.lang.InterruptedException: sleep interrupted
2019-10-15 21:18:54,194 [grpc-default-executor-10] INFO  impl.RaftServerImpl (RaftServerImpl.java:setRole(184)) - db364705-f60f-4be7-83db-fd25b014fd0b@group-848D76B22711: changes role from  FOLLOWER to FOLLOWER at term 55 for recognizeCandidate:090573f1-c213-462e-b422-6463ca97c373
2019-10-15 21:18:54,194 [grpc-default-executor-10] INFO  impl.RoleInfo (RoleInfo.java:shutdownFollowerState(121)) - db364705-f60f-4be7-83db-fd25b014fd0b: shutdown FollowerState
2019-10-15 21:18:54,194 [grpc-default-executor-10] INFO  impl.RoleInfo (RoleInfo.java:updateAndGet(143)) - db364705-f60f-4be7-83db-fd25b014fd0b: start FollowerState
2019-10-15 21:18:54,194 [Thread-8862] INFO  impl.FollowerState (FollowerState.java:run(117)) - db364705-f60f-4be7-83db-fd25b014fd0b@group-848D76B22711-FollowerState was interrupted: java.lang.InterruptedException: sleep interrupted
2019-10-15 21:18:54,202 [090573f1-c213-462e-b422-6463ca97c373@group-848D76B22711-LeaderElection1038] INFO  impl.LeaderElection (LeaderElection.java:logAndReturn(56)) - 090573f1-c213-462e-b422-6463ca97c373@group-848D76B22711-LeaderElection1038: Election REJECTED; received 2 response(s) [090573f1-c213-462e-b422-6463ca97c373<-93d557fa-335e-4e3d-b2bb-e33832802906#0:FAIL-t55, 090573f1-c213-462e-b422-6463ca97c373<-db364705-f60f-4be7-83db-fd25b014fd0b#0:FAIL-t55] and 0 exception(s); 090573f1-c213-462e-b422-6463ca97c373@group-848D76B22711:t55, leader=null, voted=090573f1-c213-462e-b422-6463ca97c373, raftlog=090573f1-c213-462e-b422-6463ca97c373@group-848D76B22711-SegmentedRaftLog:OPENED:c-1,f-1,i0, conf=-1: [93d557fa-335e-4e3d-b2bb-e33832802906:192.168.69.102:43737, 090573f1-c213-462e-b422-6463ca97c373:192.168.69.102:43336, db364705-f60f-4be7-83db-fd25b014fd0b:192.168.69.102:41270], old=null
2019-10-15 21:18:54,202 [090573f1-c213-462e-b422-6463ca97c373@group-848D76B22711-LeaderElection1038] INFO  impl.RaftServerImpl (RaftServerImpl.java:setRole(184)) - 090573f1-c213-462e-b422-6463ca97c373@group-848D76B22711: changes role from CANDIDATE to FOLLOWER at term 55 for DISCOVERED_A_NEW_TERM
2019-10-15 21:18:54,202 [090573f1-c213-462e-b422-6463ca97c373@group-848D76B22711-LeaderElection1038] INFO  impl.RoleInfo (RoleInfo.java:shutdownLeaderElection(134)) - 090573f1-c213-462e-b422-6463ca97c373: shutdown LeaderElection
2019-10-15 21:18:54,202 [090573f1-c213-462e-b422-6463ca97c373@group-848D76B22711-LeaderElection1038] INFO  impl.RoleInfo (RoleInfo.java:updateAndGet(143)) - 090573f1-c213-462e-b422-6463ca97c373: start FollowerState
2019-10-15 21:18:54,331 [Thread-8871] INFO  impl.FollowerState (FollowerState.java:run(108)) - 090573f1-c213-462e-b422-6463ca97c373@group-848D76B22711-FollowerState: change to CANDIDATE, lastRpcTime:128ms, electionTimeout:128ms
2019-10-15 21:18:54,331 [Thread-8871] INFO  impl.RoleInfo (RoleInfo.java:shutdownFollowerState(121)) - 090573f1-c213-462e-b422-6463ca97c373: shutdown FollowerState
2019-10-15 21:18:54,331 [Thread-8871] INFO  impl.RaftServerImpl (RaftServerImpl.java:setRole(184)) - 090573f1-c213-462e-b422-6463ca97c373@group-848D76B22711: changes role from  FOLLOWER to CANDIDATE at term 55 for changeToCandidate
2019-10-15 21:18:54,331 [Thread-8871] INFO  impl.RoleInfo (RoleInfo.java:updateAndGet(143)) - 090573f1-c213-462e-b422-6463ca97c373: start LeaderElection
2019-10-15 21:18:54,336 [090573f1-c213-462e-b422-6463ca97c373@group-848D76B22711-LeaderElection1039] INFO  impl.LeaderElection (LeaderElection.java:askForVotes(178)) - 090573f1-c213-462e-b422-6463ca97c373@group-848D76B22711-LeaderElection1039: begin an election at term 56 for -1: [93d557fa-335e-4e3d-b2bb-e33832802906:192.168.69.102:43737, 090573f1-c213-462e-b422-6463ca97c373:192.168.69.102:43336, db364705-f60f-4be7-83db-fd25b014fd0b:192.168.69.102:41270], old=null
2019-10-15 21:18:54,338 [grpc-default-executor-2] INFO  impl.RaftServerImpl (RaftServerImpl.java:setRole(184)) - db364705-f60f-4be7-83db-fd25b014fd0b@group-848D76B22711: changes role from  FOLLOWER to FOLLOWER at term 56 for recognizeCandidate:090573f1-c213-462e-b422-6463ca97c373
2019-10-15 21:18:54,338 [grpc-default-executor-10] INFO  impl.RaftServerImpl (RaftServerImpl.java:setRole(184)) - 93d557fa-335e-4e3d-b2bb-e33832802906@group-848D76B22711: changes role from  FOLLOWER to FOLLOWER at term 56 for recognizeCandidate:090573f1-c213-462e-b422-6463ca97c373
2019-10-15 21:18:54,338 [grpc-default-executor-2] INFO  impl.RoleInfo (RoleInfo.java:shutdownFollowerState(121)) - db364705-f60f-4be7-83db-fd25b014fd0b: shutdown FollowerState
2019-10-15 21:18:54,338 [grpc-default-executor-10] INFO  impl.RoleInfo (RoleInfo.java:shutdownFollowerState(121)) - 93d557fa-335e-4e3d-b2bb-e33832802906: shutdown FollowerState
2019-10-15 21:18:54,338 [Thread-8870] INFO  impl.FollowerState (FollowerState.java:run(117)) - db364705-f60f-4be7-83db-fd25b014fd0b@group-848D76B22711-FollowerState was interrupted: java.lang.InterruptedException: sleep interrupted
2019-10-15 21:18:54,338 [Thread-8869] INFO  impl.FollowerState (FollowerState.java:run(117)) - 93d557fa-335e-4e3d-b2bb-e33832802906@group-848D76B22711-FollowerState was interrupted: java.lang.InterruptedException: sleep interrupted
2019-10-15 21:18:54,338 [grpc-default-executor-2] INFO  impl.RoleInfo (RoleInfo.java:updateAndGet(143)) - db364705-f60f-4be7-83db-fd25b014fd0b: start FollowerState
2019-10-15 21:18:54,338 [grpc-default-executor-10] INFO  impl.RoleInfo (RoleInfo.java:updateAndGet(143)) - 93d557fa-335e-4e3d-b2bb-e33832802906: start FollowerState
2019-10-15 21:18:54,345 [090573f1-c213-462e-b422-6463ca97c373@group-848D76B22711-LeaderElection1039] INFO  impl.LeaderElection (LeaderElection.java:logAndReturn(56)) - 090573f1-c213-462e-b422-6463ca97c373@group-848D76B22711-LeaderElection1039: Election REJECTED; received 2 response(s) [090573f1-c213-462e-b422-6463ca97c373<-93d557fa-335e-4e3d-b2bb-e33832802906#0:FAIL-t56, 090573f1-c213-462e-b422-6463ca97c373<-db364705-f60f-4be7-83db-fd25b014fd0b#0:FAIL-t56] and 0 exception(s); 090573f1-c213-462e-b422-6463ca97c373@group-848D76B22711:t56, leader=null, voted=090573f1-c213-462e-b422-6463ca97c373, raftlog=090573f1-c213-462e-b422-6463ca97c373@group-848D76B22711-SegmentedRaftLog:OPENED:c-1,f-1,i0, conf=-1: [93d557fa-335e-4e3d-b2bb-e33832802906:192.168.69.102:43737, 090573f1-c213-462e-b422-6463ca97c373:192.168.69.102:43336, db364705-f60f-4be7-83db-fd25b014fd0b:192.168.69.102:41270], old=null
2019-10-15 21:18:54,345 [090573f1-c213-462e-b422-6463ca97c373@group-848D76B22711-LeaderElection1039] INFO  impl.RaftServerImpl (RaftServerImpl.java:setRole(184)) - 090573f1-c213-462e-b422-6463ca97c373@group-848D76B22711: changes role from CANDIDATE to FOLLOWER at term 56 for DISCOVERED_A_NEW_TERM
2019-10-15 21:18:54,345 [090573f1-c213-462e-b422-6463ca97c373@group-848D76B22711-LeaderElection1039] INFO  impl.RoleInfo (RoleInfo.java:shutdownLeaderElection(134)) - 090573f1-c213-462e-b422-6463ca97c373: shutdown LeaderElection
2019-10-15 21:18:54,345 [090573f1-c213-462e-b422-6463ca97c373@group-848D76B22711-LeaderElection1039] INFO  impl.RoleInfo (RoleInfo.java:updateAndGet(143)) - 090573f1-c213-462e-b422-6463ca97c373: start FollowerState
2019-10-15 21:18:54,506 [Thread-8879] INFO  impl.FollowerState (FollowerState.java:run(108)) - 090573f1-c213-462e-b422-6463ca97c373@group-848D76B22711-FollowerState: change to CANDIDATE, lastRpcTime:161ms, electionTimeout:161ms
2019-10-15 21:18:54,506 [Thread-8879] INFO  impl.RoleInfo (RoleInfo.java:shutdownFollowerState(121)) - 090573f1-c213-462e-b422-6463ca97c373: shutdown FollowerState
2019-10-15 21:18:54,507 [Thread-8879] INFO  impl.RaftServerImpl (RaftServerImpl.java:setRole(184)) - 090573f1-c213-462e-b422-6463ca97c373@group-848D76B22711: changes role from  FOLLOWER to CANDIDATE at term 56 for changeToCandidate
2019-10-15 21:18:54,507 [Thread-8879] INFO  impl.RoleInfo (RoleInfo.java:updateAndGet(143)) - 090573f1-c213-462e-b422-6463ca97c373: start LeaderElection
2019-10-15 21:18:54,515 [090573f1-c213-462e-b422-6463ca97c373@group-848D76B22711-LeaderElection1040] INFO  impl.LeaderElection (LeaderElection.java:askForVotes(178)) - 090573f1-c213-462e-b422-6463ca97c373@group-848D76B22711-LeaderElection1040: begin an election at term 57 for -1: [93d557fa-335e-4e3d-b2bb-e33832802906:192.168.69.102:43737, 090573f1-c213-462e-b422-6463ca97c373:192.168.69.102:43336, db364705-f60f-4be7-83db-fd25b014fd0b:192.168.69.102:41270], old=null
2019-10-15 21:18:54,517 [grpc-default-executor-2] INFO  impl.RaftServerImpl (RaftServerImpl.java:setRole(184)) - 93d557fa-335e-4e3d-b2bb-e33832802906@group-848D76B22711: changes role from  FOLLOWER to FOLLOWER at term 57 for recognizeCandidate:090573f1-c213-462e-b422-6463ca97c373
2019-10-15 21:18:54,517 [grpc-default-executor-2] INFO  impl.RoleInfo (RoleInfo.java:shutdownFollowerState(121)) - 93d557fa-335e-4e3d-b2bb-e33832802906: shutdown FollowerState
2019-10-15 21:18:54,517 [grpc-default-executor-10] INFO  impl.RaftServerImpl (RaftServerImpl.java:setRole(184)) - db364705-f60f-4be7-83db-fd25b014fd0b@group-848D76B22711: changes role from  FOLLOWER to FOLLOWER at term 57 for recognizeCandidate:090573f1-c213-462e-b422-6463ca97c373
2019-10-15 21:18:54,517 [grpc-default-executor-10] INFO  impl.RoleInfo (RoleInfo.java:shutdownFollowerState(121)) - db364705-f60f-4be7-83db-fd25b014fd0b: shutdown FollowerState
2019-10-15 21:18:54,517 [Thread-8878] INFO  impl.FollowerState (FollowerState.java:run(117)) - 93d557fa-335e-4e3d-b2bb-e33832802906@group-848D76B22711-FollowerState was interrupted: java.lang.InterruptedException: sleep interrupted
2019-10-15 21:18:54,517 [Thread-8877] INFO  impl.FollowerState (FollowerState.java:run(117)) - db364705-f60f-4be7-83db-fd25b014fd0b@group-848D76B22711-FollowerState was interrupted: java.lang.InterruptedException: sleep interrupted
2019-10-15 21:18:54,517 [grpc-default-executor-2] INFO  impl.RoleInfo (RoleInfo.java:updateAndGet(143)) - 93d557fa-335e-4e3d-b2bb-e33832802906: start FollowerState
2019-10-15 21:18:54,517 [grpc-default-executor-10] INFO  impl.RoleInfo (RoleInfo.java:updateAndGet(143)) - db364705-f60f-4be7-83db-fd25b014fd0b: start FollowerState
2019-10-15 21:18:54,535 [090573f1-c213-462e-b422-6463ca97c373@group-848D76B22711-LeaderElection1040] INFO  impl.LeaderElection (LeaderElection.java:logAndReturn(56)) - 090573f1-c213-462e-b422-6463ca97c373@group-848D76B22711-LeaderElection1040: Election REJECTED; received 2 response(s) [090573f1-c213-462e-b422-6463ca97c373<-93d557fa-335e-4e3d-b2bb-e33832802906#0:FAIL-t57, 090573f1-c213-462e-b422-6463ca97c373<-db364705-f60f-4be7-83db-fd25b014fd0b#0:FAIL-t57] and 0 exception(s); 090573f1-c213-462e-b422-6463ca97c373@group-848D76B22711:t57, leader=null, voted=090573f1-c213-462e-b422-6463ca97c373, raftlog=090573f1-c213-462e-b422-6463ca97c373@group-848D76B22711-SegmentedRaftLog:OPENED:c-1,f-1,i0, conf=-1: [93d557fa-335e-4e3d-b2bb-e33832802906:192.168.69.102:43737, 090573f1-c213-462e-b422-6463ca97c373:192.168.69.102:43336, db364705-f60f-4be7-83db-fd25b014fd0b:192.168.69.102:41270], old=null
2019-10-15 21:18:54,536 [090573f1-c213-462e-b422-6463ca97c373@group-848D76B22711-LeaderElection1040] INFO  impl.RaftServerImpl (RaftServerImpl.java:setRole(184)) - 090573f1-c213-462e-b422-6463ca97c373@group-848D76B22711: changes role from CANDIDATE to FOLLOWER at term 57 for DISCOVERED_A_NEW_TERM
2019-10-15 21:18:54,536 [090573f1-c213-462e-b422-6463ca97c373@group-848D76B22711-LeaderElection1040] INFO  impl.RoleInfo (RoleInfo.java:shutdownLeaderElection(134)) - 090573f1-c213-462e-b422-6463ca97c373: shutdown LeaderElection
2019-10-15 21:18:54,536 [090573f1-c213-462e-b422-6463ca97c373@group-848D76B22711-LeaderElection1040] INFO  impl.RoleInfo (RoleInfo.java:updateAndGet(143)) - 090573f1-c213-462e-b422-6463ca97c373: start FollowerState
2019-10-15 21:18:54,674 [Thread-8885] INFO  impl.FollowerState (FollowerState.java:run(108)) - 090573f1-c213-462e-b422-6463ca97c373@group-848D76B22711-FollowerState: change to CANDIDATE, lastRpcTime:138ms, electionTimeout:138ms
2019-10-15 21:18:54,674 [Thread-8885] INFO  impl.RoleInfo (RoleInfo.java:shutdownFollowerState(121)) - 090573f1-c213-462e-b422-6463ca97c373: shutdown FollowerState
2019-10-15 21:18:54,674 [Thread-8885] INFO  impl.RaftServerImpl (RaftServerImpl.java:setRole(184)) - 090573f1-c213-462e-b422-6463ca97c373@group-848D76B22711: changes role from  FOLLOWER to CANDIDATE at term 57 for changeToCandidate
2019-10-15 21:18:54,674 [Thread-8885] INFO  impl.RoleInfo (RoleInfo.java:updateAndGet(143)) - 090573f1-c213-462e-b422-6463ca97c373: start LeaderElection
2019-10-15 21:18:54,703 [090573f1-c213-462e-b422-6463ca97c373@group-848D76B22711-LeaderElection1041] INFO  impl.LeaderElection (LeaderElection.java:askForVotes(178)) - 090573f1-c213-462e-b422-6463ca97c373@group-848D76B22711-LeaderElection1041: begin an election at term 58 for -1: [93d557fa-335e-4e3d-b2bb-e33832802906:192.168.69.102:43737, 090573f1-c213-462e-b422-6463ca97c373:192.168.69.102:43336, db364705-f60f-4be7-83db-fd25b014fd0b:192.168.69.102:41270], old=null
2019-10-15 21:18:54,704 [grpc-default-executor-10] INFO  impl.RaftServerImpl (RaftServerImpl.java:setRole(184)) - 93d557fa-335e-4e3d-b2bb-e33832802906@group-848D76B22711: changes role from  FOLLOWER to FOLLOWER at term 58 for recognizeCandidate:090573f1-c213-462e-b422-6463ca97c373
2019-10-15 21:18:54,705 [grpc-default-executor-10] INFO  impl.RoleInfo (RoleInfo.java:shutdownFollowerState(121)) - 93d557fa-335e-4e3d-b2bb-e33832802906: shutdown FollowerState
2019-10-15 21:18:54,705 [grpc-default-executor-2] INFO  impl.RaftServerImpl (RaftServerImpl.java:setRole(184)) - db364705-f60f-4be7-83db-fd25b014fd0b@group-848D76B22711: changes role from  FOLLOWER to FOLLOWER at term 58 for recognizeCandidate:090573f1-c213-462e-b422-6463ca97c373
2019-10-15 21:18:54,705 [Thread-8883] INFO  impl.FollowerState (FollowerState.java:run(117)) - 93d557fa-335e-4e3d-b2bb-e33832802906@group-848D76B22711-FollowerState was interrupted: java.lang.InterruptedException: sleep interrupted
2019-10-15 21:18:54,705 [grpc-default-executor-10] INFO  impl.RoleInfo (RoleInfo.java:updateAndGet(143)) - 93d557fa-335e-4e3d-b2bb-e33832802906: start FollowerState
2019-10-15 21:18:54,705 [grpc-default-executor-2] INFO  impl.RoleInfo (RoleInfo.java:shutdownFollowerState(121)) - db364705-f60f-4be7-83db-fd25b014fd0b: shutdown FollowerState
2019-10-15 21:18:54,705 [grpc-default-executor-2] INFO  impl.RoleInfo (RoleInfo.java:updateAndGet(143)) - db364705-f60f-4be7-83db-fd25b014fd0b: start FollowerState
2019-10-15 21:18:54,705 [Thread-8884] INFO  impl.FollowerState (FollowerState.java:run(117)) - db364705-f60f-4be7-83db-fd25b014fd0b@group-848D76B22711-FollowerState was interrupted: java.lang.InterruptedException: sleep interrupted
2019-10-15 21:18:54,738 [090573f1-c213-462e-b422-6463ca97c373@group-848D76B22711-LeaderElection1041] INFO  impl.LeaderElection (LeaderElection.java:logAndReturn(56)) - 090573f1-c213-462e-b422-6463ca97c373@group-848D76B22711-LeaderElection1041: Election REJECTED; received 2 response(s) [090573f1-c213-462e-b422-6463ca97c373<-93d557fa-335e-4e3d-b2bb-e33832802906#0:FAIL-t58, 090573f1-c213-462e-b422-6463ca97c373<-db364705-f60f-4be7-83db-fd25b014fd0b#0:FAIL-t58] and 0 exception(s); 090573f1-c213-462e-b422-6463ca97c373@group-848D76B22711:t58, leader=null, voted=090573f1-c213-462e-b422-6463ca97c373, raftlog=090573f1-c213-462e-b422-6463ca97c373@group-848D76B22711-SegmentedRaftLog:OPENED:c-1,f-1,i0, conf=-1: [93d557fa-335e-4e3d-b2bb-e33832802906:192.168.69.102:43737, 090573f1-c213-462e-b422-6463ca97c373:192.168.69.102:43336, db364705-f60f-4be7-83db-fd25b014fd0b:192.168.69.102:41270], old=null
2019-10-15 21:18:54,738 [090573f1-c213-462e-b422-6463ca97c373@group-848D76B22711-LeaderElection1041] INFO  impl.RaftServerImpl (RaftServerImpl.java:setRole(184)) - 090573f1-c213-462e-b422-6463ca97c373@group-848D76B22711: changes role from CANDIDATE to FOLLOWER at term 58 for DISCOVERED_A_NEW_TERM
2019-10-15 21:18:54,738 [090573f1-c213-462e-b422-6463ca97c373@group-848D76B22711-LeaderElection1041] INFO  impl.RoleInfo (RoleInfo.java:shutdownLeaderElection(134)) - 090573f1-c213-462e-b422-6463ca97c373: shutdown LeaderElection
2019-10-15 21:18:54,739 [090573f1-c213-462e-b422-6463ca97c373@group-848D76B22711-LeaderElection1041] INFO  impl.RoleInfo (RoleInfo.java:updateAndGet(143)) - 090573f1-c213-462e-b422-6463ca97c373: start FollowerState
2019-10-15 21:18:54,911 [Thread-8893] INFO  impl.FollowerState (FollowerState.java:run(108)) - 090573f1-c213-462e-b422-6463ca97c373@group-848D76B22711-FollowerState: change to CANDIDATE, lastRpcTime:172ms, electionTimeout:172ms
2019-10-15 21:18:54,919 [Thread-8893] INFO  impl.RoleInfo (RoleInfo.java:shutdownFollowerState(121)) - 090573f1-c213-462e-b422-6463ca97c373: shutdown FollowerState
2019-10-15 21:18:54,919 [Thread-8893] INFO  impl.RaftServerImpl (RaftServerImpl.java:setRole(184)) - 090573f1-c213-462e-b422-6463ca97c373@group-848D76B22711: changes role from  FOLLOWER to CANDIDATE at term 58 for changeToCandidate
2019-10-15 21:18:54,919 [Thread-8893] INFO  impl.RoleInfo (RoleInfo.java:updateAndGet(143)) - 090573f1-c213-462e-b422-6463ca97c373: start LeaderElection
2019-10-15 21:18:54,933 [090573f1-c213-462e-b422-6463ca97c373@group-848D76B22711-LeaderElection1042] INFO  impl.LeaderElection (LeaderElection.java:askForVotes(178)) - 090573f1-c213-462e-b422-6463ca97c373@group-848D76B22711-LeaderElection1042: begin an election at term 59 for -1: [93d557fa-335e-4e3d-b2bb-e33832802906:192.168.69.102:43737, 090573f1-c213-462e-b422-6463ca97c373:192.168.69.102:43336, db364705-f60f-4be7-83db-fd25b014fd0b:192.168.69.102:41270], old=null
2019-10-15 21:18:54,935 [grpc-default-executor-10] INFO  impl.RaftServerImpl (RaftServerImpl.java:setRole(184)) - 93d557fa-335e-4e3d-b2bb-e33832802906@group-848D76B22711: changes role from  FOLLOWER to FOLLOWER at term 59 for recognizeCandidate:090573f1-c213-462e-b422-6463ca97c373
2019-10-15 21:18:54,935 [grpc-default-executor-2] INFO  impl.RaftServerImpl (RaftServerImpl.java:setRole(184)) - db364705-f60f-4be7-83db-fd25b014fd0b@group-848D76B22711: changes role from  FOLLOWER to FOLLOWER at term 59 for recognizeCandidate:090573f1-c213-462e-b422-6463ca97c373
2019-10-15 21:18:54,935 [grpc-default-executor-2] INFO  impl.RoleInfo (RoleInfo.java:shutdownFollowerState(121)) - db364705-f60f-4be7-83db-fd25b014fd0b: shutdown FollowerState
2019-10-15 21:18:54,935 [grpc-default-executor-10] INFO  impl.RoleInfo (RoleInfo.java:shutdownFollowerState(121)) - 93d557fa-335e-4e3d-b2bb-e33832802906: shutdown FollowerState
2019-10-15 21:18:54,935 [Thread-8892] INFO  impl.FollowerState (FollowerState.java:run(117)) - db364705-f60f-4be7-83db-fd25b014fd0b@group-848D76B22711-FollowerState was interrupted: java.lang.InterruptedException: sleep interrupted
2019-10-15 21:18:54,935 [Thread-8891] INFO  impl.FollowerState (FollowerState.java:run(117)) - 93d557fa-335e-4e3d-b2bb-e33832802906@group-848D76B22711-FollowerState was interrupted: java.lang.InterruptedException: sleep interrupted
2019-10-15 21:18:54,935 [grpc-default-executor-2] INFO  impl.RoleInfo (RoleInfo.java:updateAndGet(143)) - db364705-f60f-4be7-83db-fd25b014fd0b: start FollowerState
2019-10-15 21:18:54,935 [grpc-default-executor-10] INFO  impl.RoleInfo (RoleInfo.java:updateAndGet(143)) - 93d557fa-335e-4e3d-b2bb-e33832802906: start FollowerState
2019-10-15 21:18:54,948 [090573f1-c213-462e-b422-6463ca97c373@group-848D76B22711-LeaderElection1042] INFO  impl.LeaderElection (LeaderElection.java:logAndReturn(56)) - 090573f1-c213-462e-b422-6463ca97c373@group-848D76B22711-LeaderElection1042: Election REJECTED; received 2 response(s) [090573f1-c213-462e-b422-6463ca97c373<-93d557fa-335e-4e3d-b2bb-e33832802906#0:FAIL-t59, 090573f1-c213-462e-b422-6463ca97c373<-db364705-f60f-4be7-83db-fd25b014fd0b#0:FAIL-t59] and 0 exception(s); 090573f1-c213-462e-b422-6463ca97c373@group-848D76B22711:t59, leader=null, voted=090573f1-c213-462e-b422-6463ca97c373, raftlog=090573f1-c213-462e-b422-6463ca97c373@group-848D76B22711-SegmentedRaftLog:OPENED:c-1,f-1,i0, conf=-1: [93d557fa-335e-4e3d-b2bb-e33832802906:192.168.69.102:43737, 090573f1-c213-462e-b422-6463ca97c373:192.168.69.102:43336, db364705-f60f-4be7-83db-fd25b014fd0b:192.168.69.102:41270], old=null
2019-10-15 21:18:54,948 [090573f1-c213-462e-b422-6463ca97c373@group-848D76B22711-LeaderElection1042] INFO  impl.RaftServerImpl (RaftServerImpl.java:setRole(184)) - 090573f1-c213-462e-b422-6463ca97c373@group-848D76B22711: changes role from CANDIDATE to FOLLOWER at term 59 for DISCOVERED_A_NEW_TERM
2019-10-15 21:18:54,948 [090573f1-c213-462e-b422-6463ca97c373@group-848D76B22711-LeaderElection1042] INFO  impl.RoleInfo (RoleInfo.java:shutdownLeaderElection(134)) - 090573f1-c213-462e-b422-6463ca97c373: shutdown LeaderElection
2019-10-15 21:18:54,948 [090573f1-c213-462e-b422-6463ca97c373@group-848D76B22711-LeaderElection1042] INFO  impl.RoleInfo (RoleInfo.java:updateAndGet(143)) - 090573f1-c213-462e-b422-6463ca97c373: start FollowerState
2019-10-15 21:18:54,966 [Thread-8903] INFO  impl.FollowerState (FollowerState.java:run(108)) - 090573f1-c213-462e-b422-6463ca97c373@group-848D76B22711-FollowerState: change to CANDIDATE, lastRpcTime:18ms, electionTimeout:18ms
2019-10-15 21:18:54,966 [Thread-8903] INFO  impl.RoleInfo (RoleInfo.java:shutdownFollowerState(121)) - 090573f1-c213-462e-b422-6463ca97c373: shutdown FollowerState
2019-10-15 21:18:54,966 [Thread-8903] INFO  impl.RaftServerImpl (RaftServerImpl.java:setRole(184)) - 090573f1-c213-462e-b422-6463ca97c373@group-848D76B22711: changes role from  FOLLOWER to CANDIDATE at term 59 for changeToCandidate
2019-10-15 21:18:54,966 [Thread-8903] INFO  impl.RoleInfo (RoleInfo.java:updateAndGet(143)) - 090573f1-c213-462e-b422-6463ca97c373: start LeaderElection
2019-10-15 21:18:54,985 [090573f1-c213-462e-b422-6463ca97c373@group-848D76B22711-LeaderElection1043] INFO  impl.LeaderElection (LeaderElection.java:askForVotes(178)) - 090573f1-c213-462e-b422-6463ca97c373@group-848D76B22711-LeaderElection1043: begin an election at term 60 for -1: [93d557fa-335e-4e3d-b2bb-e33832802906:192.168.69.102:43737, 090573f1-c213-462e-b422-6463ca97c373:192.168.69.102:43336, db364705-f60f-4be7-83db-fd25b014fd0b:192.168.69.102:41270], old=null
2019-10-15 21:18:54,986 [grpc-default-executor-10] INFO  impl.RaftServerImpl (RaftServerImpl.java:setRole(184)) - 93d557fa-335e-4e3d-b2bb-e33832802906@group-848D76B22711: changes role from  FOLLOWER to FOLLOWER at term 60 for recognizeCandidate:090573f1-c213-462e-b422-6463ca97c373
2019-10-15 21:18:54,986 [grpc-default-executor-2] INFO  impl.RaftServerImpl (RaftServerImpl.java:setRole(184)) - db364705-f60f-4be7-83db-fd25b014fd0b@group-848D76B22711: changes role from  FOLLOWER to FOLLOWER at term 60 for recognizeCandidate:090573f1-c213-462e-b422-6463ca97c373
2019-10-15 21:18:54,986 [grpc-default-executor-2] INFO  impl.RoleInfo (RoleInfo.java:shutdownFollowerState(121)) - db364705-f60f-4be7-83db-fd25b014fd0b: shutdown FollowerState
2019-10-15 21:18:54,986 [grpc-default-executor-10] INFO  impl.RoleInfo (RoleInfo.java:shutdownFollowerState(121)) - 93d557fa-335e-4e3d-b2bb-e33832802906: shutdown FollowerState
2019-10-15 21:18:54,986 [Thread-8901] INFO  impl.FollowerState (FollowerState.java:run(117)) - db364705-f60f-4be7-83db-fd25b014fd0b@group-848D76B22711-FollowerState was interrupted: java.lang.InterruptedException: sleep interrupted
2019-10-15 21:18:54,986 [grpc-default-executor-2] INFO  impl.RoleInfo (RoleInfo.java:updateAndGet(143)) - db364705-f60f-4be7-83db-fd25b014fd0b: start FollowerState
2019-10-15 21:18:54,986 [Thread-8902] INFO  impl.FollowerState (FollowerState.java:run(117)) - 93d557fa-335e-4e3d-b2bb-e33832802906@group-848D76B22711-FollowerState was interrupted: java.lang.InterruptedException: sleep interrupted
2019-10-15 21:18:54,986 [grpc-default-executor-10] INFO  impl.RoleInfo (RoleInfo.java:updateAndGet(143)) - 93d557fa-335e-4e3d-b2bb-e33832802906: start FollowerState
2019-10-15 21:18:54,997 [090573f1-c213-462e-b422-6463ca97c373@group-848D76B22711-LeaderElection1043] INFO  impl.LeaderElection (LeaderElection.java:logAndReturn(56)) - 090573f1-c213-462e-b422-6463ca97c373@group-848D76B22711-LeaderElection1043: Election REJECTED; received 2 response(s) [090573f1-c213-462e-b422-6463ca97c373<-93d557fa-335e-4e3d-b2bb-e33832802906#0:FAIL-t60, 090573f1-c213-462e-b422-6463ca97c373<-db364705-f60f-4be7-83db-fd25b014fd0b#0:FAIL-t60] and 0 exception(s); 090573f1-c213-462e-b422-6463ca97c373@group-848D76B22711:t60, leader=null, voted=090573f1-c213-462e-b422-6463ca97c373, raftlog=090573f1-c213-462e-b422-6463ca97c373@group-848D76B22711-SegmentedRaftLog:OPENED:c-1,f-1,i0, conf=-1: [93d557fa-335e-4e3d-b2bb-e33832802906:192.168.69.102:43737, 090573f1-c213-462e-b422-6463ca97c373:192.168.69.102:43336, db364705-f60f-4be7-83db-fd25b014fd0b:192.168.69.102:41270], old=null
2019-10-15 21:18:54,997 [090573f1-c213-462e-b422-6463ca97c373@group-848D76B22711-LeaderElection1043] INFO  impl.RaftServerImpl (RaftServerImpl.java:setRole(184)) - 090573f1-c213-462e-b422-6463ca97c373@group-848D76B22711: changes role from CANDIDATE to FOLLOWER at term 60 for DISCOVERED_A_NEW_TERM
2019-10-15 21:18:54,997 [090573f1-c213-462e-b422-6463ca97c373@group-848D76B22711-LeaderElection1043] INFO  impl.RoleInfo (RoleInfo.java:shutdownLeaderElection(134)) - 090573f1-c213-462e-b422-6463ca97c373: shutdown LeaderElection
2019-10-15 21:18:54,997 [090573f1-c213-462e-b422-6463ca97c373@group-848D76B22711-LeaderElection1043] INFO  impl.RoleInfo (RoleInfo.java:updateAndGet(143)) - 090573f1-c213-462e-b422-6463ca97c373: start FollowerState
2019-10-15 21:18:55,155 [Thread-8909] INFO  impl.FollowerState (FollowerState.java:run(108)) - 090573f1-c213-462e-b422-6463ca97c373@group-848D76B22711-FollowerState: change to CANDIDATE, lastRpcTime:158ms, electionTimeout:158ms
2019-10-15 21:18:55,155 [Thread-8909] INFO  impl.RoleInfo (RoleInfo.java:shutdownFollowerState(121)) - 090573f1-c213-462e-b422-6463ca97c373: shutdown FollowerState
2019-10-15 21:18:55,155 [Thread-8909] INFO  impl.RaftServerImpl (RaftServerImpl.java:setRole(184)) - 090573f1-c213-462e-b422-6463ca97c373@group-848D76B22711: changes role from  FOLLOWER to CANDIDATE at term 60 for changeToCandidate
2019-10-15 21:18:55,155 [Thread-8909] INFO  impl.RoleInfo (RoleInfo.java:updateAndGet(143)) - 090573f1-c213-462e-b422-6463ca97c373: start LeaderElection
2019-10-15 21:18:55,159 [090573f1-c213-462e-b422-6463ca97c373@group-848D76B22711-LeaderElection1044] INFO  impl.LeaderElection (LeaderElection.java:askForVotes(178)) - 090573f1-c213-462e-b422-6463ca97c373@group-848D76B22711-LeaderElection1044: begin an election at term 61 for -1: [93d557fa-335e-4e3d-b2bb-e33832802906:192.168.69.102:43737, 090573f1-c213-462e-b422-6463ca97c373:192.168.69.102:43336, db364705-f60f-4be7-83db-fd25b014fd0b:192.168.69.102:41270], old=null
2019-10-15 21:18:55,160 [grpc-default-executor-2] INFO  impl.RaftServerImpl (RaftServerImpl.java:setRole(184)) - db364705-f60f-4be7-83db-fd25b014fd0b@group-848D76B22711: changes role from  FOLLOWER to FOLLOWER at term 61 for recognizeCandidate:090573f1-c213-462e-b422-6463ca97c373
2019-10-15 21:18:55,160 [grpc-default-executor-10] INFO  impl.RaftServerImpl (RaftServerImpl.java:setRole(184)) - 93d557fa-335e-4e3d-b2bb-e33832802906@group-848D76B22711: changes role from  FOLLOWER to FOLLOWER at term 61 for recognizeCandidate:090573f1-c213-462e-b422-6463ca97c373
2019-10-15 21:18:55,160 [grpc-default-executor-2] INFO  impl.RoleInfo (RoleInfo.java:shutdownFollowerState(121)) - db364705-f60f-4be7-83db-fd25b014fd0b: shutdown FollowerState
2019-10-15 21:18:55,160 [grpc-default-executor-10] INFO  impl.RoleInfo (RoleInfo.java:shutdownFollowerState(121)) - 93d557fa-335e-4e3d-b2bb-e33832802906: shutdown FollowerState
2019-10-15 21:18:55,160 [Thread-8907] INFO  impl.FollowerState (FollowerState.java:run(117)) - db364705-f60f-4be7-83db-fd25b014fd0b@group-848D76B22711-FollowerState was interrupted: java.lang.InterruptedException: sleep interrupted
2019-10-15 21:18:55,160 [grpc-default-executor-2] INFO  impl.RoleInfo (RoleInfo.java:updateAndGet(143)) - db364705-f60f-4be7-83db-fd25b014fd0b: start FollowerState
2019-10-15 21:18:55,160 [Thread-8908] INFO  impl.FollowerState (FollowerState.java:run(117)) - 93d557fa-335e-4e3d-b2bb-e33832802906@group-848D76B22711-FollowerState was interrupted: java.lang.InterruptedException: sleep interrupted
2019-10-15 21:18:55,160 [grpc-default-executor-10] INFO  impl.RoleInfo (RoleInfo.java:updateAndGet(143)) - 93d557fa-335e-4e3d-b2bb-e33832802906: start FollowerState
2019-10-15 21:18:55,205 [090573f1-c213-462e-b422-6463ca97c373@group-848D76B22711-LeaderElection1044] INFO  impl.LeaderElection (LeaderElection.java:logAndReturn(56)) - 090573f1-c213-462e-b422-6463ca97c373@group-848D76B22711-LeaderElection1044: Election REJECTED; received 2 response(s) [090573f1-c213-462e-b422-6463ca97c373<-93d557fa-335e-4e3d-b2bb-e33832802906#0:FAIL-t61, 090573f1-c213-462e-b422-6463ca97c373<-db364705-f60f-4be7-83db-fd25b014fd0b#0:FAIL-t61] and 0 exception(s); 090573f1-c213-462e-b422-6463ca97c373@group-848D76B22711:t61, leader=null, voted=090573f1-c213-462e-b422-6463ca97c373, raftlog=090573f1-c213-462e-b422-6463ca97c373@group-848D76B22711-SegmentedRaftLog:OPENED:c-1,f-1,i0, conf=-1: [93d557fa-335e-4e3d-b2bb-e33832802906:192.168.69.102:43737, 090573f1-c213-462e-b422-6463ca97c373:192.168.69.102:43336, db364705-f60f-4be7-83db-fd25b014fd0b:192.168.69.102:41270], old=null
2019-10-15 21:18:55,205 [090573f1-c213-462e-b422-6463ca97c373@group-848D76B22711-LeaderElection1044] INFO  impl.RaftServerImpl (RaftServerImpl.java:setRole(184)) - 090573f1-c213-462e-b422-6463ca97c373@group-848D76B22711: changes role from CANDIDATE to FOLLOWER at term 61 for DISCOVERED_A_NEW_TERM
2019-10-15 21:18:55,205 [090573f1-c213-462e-b422-6463ca97c373@group-848D76B22711-LeaderElection1044] INFO  impl.RoleInfo (RoleInfo.java:shutdownLeaderElection(134)) - 090573f1-c213-462e-b422-6463ca97c373: shutdown LeaderElection
2019-10-15 21:18:55,205 [090573f1-c213-462e-b422-6463ca97c373@group-848D76B22711-LeaderElection1044] INFO  impl.RoleInfo (RoleInfo.java:updateAndGet(143)) - 090573f1-c213-462e-b422-6463ca97c373: start FollowerState
2019-10-15 21:18:55,299 [Thread-8917] INFO  impl.FollowerState (FollowerState.java:run(108)) - 090573f1-c213-462e-b422-6463ca97c373@group-848D76B22711-FollowerState: change to CANDIDATE, lastRpcTime:93ms, electionTimeout:93ms
2019-10-15 21:18:55,299 [Thread-8917] INFO  impl.RoleInfo (RoleInfo.java:shutdownFollowerState(121)) - 090573f1-c213-462e-b422-6463ca97c373: shutdown FollowerState
2019-10-15 21:18:55,299 [Thread-8917] INFO  impl.RaftServerImpl (RaftServerImpl.java:setRole(184)) - 090573f1-c213-462e-b422-6463ca97c373@group-848D76B22711: changes role from  FOLLOWER to CANDIDATE at term 61 for changeToCandidate
2019-10-15 21:18:55,299 [Thread-8917] INFO  impl.RoleInfo (RoleInfo.java:updateAndGet(143)) - 090573f1-c213-462e-b422-6463ca97c373: start LeaderElection
2019-10-15 21:18:55,310 [090573f1-c213-462e-b422-6463ca97c373@group-848D76B22711-LeaderElection1045] INFO  impl.LeaderElection (LeaderElection.java:askForVotes(178)) - 090573f1-c213-462e-b422-6463ca97c373@group-848D76B22711-LeaderElection1045: begin an election at term 62 for -1: [93d557fa-335e-4e3d-b2bb-e33832802906:192.168.69.102:43737, 090573f1-c213-462e-b422-6463ca97c373:192.168.69.102:43336, db364705-f60f-4be7-83db-fd25b014fd0b:192.168.69.102:41270], old=null
2019-10-15 21:18:55,311 [grpc-default-executor-2] INFO  impl.RaftServerImpl (RaftServerImpl.java:setRole(184)) - db364705-f60f-4be7-83db-fd25b014fd0b@group-848D76B22711: changes role from  FOLLOWER to FOLLOWER at term 62 for recognizeCandidate:090573f1-c213-462e-b422-6463ca97c373
2019-10-15 21:18:55,311 [grpc-default-executor-2] INFO  impl.RoleInfo (RoleInfo.java:shutdownFollowerState(121)) - db364705-f60f-4be7-83db-fd25b014fd0b: shutdown FollowerState
2019-10-15 21:18:55,311 [grpc-default-executor-10] INFO  impl.RaftServerImpl (RaftServerImpl.java:setRole(184)) - 93d557fa-335e-4e3d-b2bb-e33832802906@group-848D76B22711: changes role from  FOLLOWER to FOLLOWER at term 62 for recognizeCandidate:090573f1-c213-462e-b422-6463ca97c373
2019-10-15 21:18:55,312 [grpc-default-executor-10] INFO  impl.RoleInfo (RoleInfo.java:shutdownFollowerState(121)) - 93d557fa-335e-4e3d-b2bb-e33832802906: shutdown FollowerState
2019-10-15 21:18:55,312 [Thread-8913] INFO  impl.FollowerState (FollowerState.java:run(117)) - db364705-f60f-4be7-83db-fd25b014fd0b@group-848D76B22711-FollowerState was interrupted: java.lang.InterruptedException: sleep interrupted
2019-10-15 21:18:55,311 [grpc-default-executor-2] INFO  impl.RoleInfo (RoleInfo.java:updateAndGet(143)) - db364705-f60f-4be7-83db-fd25b014fd0b: start FollowerState
2019-10-15 21:18:55,312 [Thread-8914] INFO  impl.FollowerState (FollowerState.java:run(117)) - 93d557fa-335e-4e3d-b2bb-e33832802906@group-848D76B22711-FollowerState was interrupted: java.lang.InterruptedException: sleep interrupted
2019-10-15 21:18:55,312 [grpc-default-executor-10] INFO  impl.RoleInfo (RoleInfo.java:updateAndGet(143)) - 93d557fa-335e-4e3d-b2bb-e33832802906: start FollowerState
2019-10-15 21:18:55,318 [090573f1-c213-462e-b422-6463ca97c373@group-848D76B22711-LeaderElection1045] INFO  impl.LeaderElection (LeaderElection.java:logAndReturn(56)) - 090573f1-c213-462e-b422-6463ca97c373@group-848D76B22711-LeaderElection1045: Election REJECTED; received 2 response(s) [090573f1-c213-462e-b422-6463ca97c373<-93d557fa-335e-4e3d-b2bb-e33832802906#0:FAIL-t62, 090573f1-c213-462e-b422-6463ca97c373<-db364705-f60f-4be7-83db-fd25b014fd0b#0:FAIL-t62] and 0 exception(s); 090573f1-c213-462e-b422-6463ca97c373@group-848D76B22711:t62, leader=null, voted=090573f1-c213-462e-b422-6463ca97c373, raftlog=090573f1-c213-462e-b422-6463ca97c373@group-848D76B22711-SegmentedRaftLog:OPENED:c-1,f-1,i0, conf=-1: [93d557fa-335e-4e3d-b2bb-e33832802906:192.168.69.102:43737, 090573f1-c213-462e-b422-6463ca97c373:192.168.69.102:43336, db364705-f60f-4be7-83db-fd25b014fd0b:192.168.69.102:41270], old=null
2019-10-15 21:18:55,318 [090573f1-c213-462e-b422-6463ca97c373@group-848D76B22711-LeaderElection1045] INFO  impl.RaftServerImpl (RaftServerImpl.java:setRole(184)) - 090573f1-c213-462e-b422-6463ca97c373@group-848D76B22711: changes role from CANDIDATE to FOLLOWER at term 62 for DISCOVERED_A_NEW_TERM
2019-10-15 21:18:55,318 [090573f1-c213-462e-b422-6463ca97c373@group-848D76B22711-LeaderElection1045] INFO  impl.RoleInfo (RoleInfo.java:shutdownLeaderElection(134)) - 090573f1-c213-462e-b422-6463ca97c373: shutdown LeaderElection
2019-10-15 21:18:55,318 [090573f1-c213-462e-b422-6463ca97c373@group-848D76B22711-LeaderElection1045] INFO  impl.RoleInfo (RoleInfo.java:updateAndGet(143)) - 090573f1-c213-462e-b422-6463ca97c373: start FollowerState
2019-10-15 21:18:55,366 [Thread-8925] INFO  impl.FollowerState (FollowerState.java:run(108)) - 090573f1-c213-462e-b422-6463ca97c373@group-848D76B22711-FollowerState: change to CANDIDATE, lastRpcTime:48ms, electionTimeout:48ms
2019-10-15 21:18:55,367 [Thread-8925] INFO  impl.RoleInfo (RoleInfo.java:shutdownFollowerState(121)) - 090573f1-c213-462e-b422-6463ca97c373: shutdown FollowerState
2019-10-15 21:18:55,367 [Thread-8925] INFO  impl.RaftServerImpl (RaftServerImpl.java:setRole(184)) - 090573f1-c213-462e-b422-6463ca97c373@group-848D76B22711: changes role from  FOLLOWER to CANDIDATE at term 62 for changeToCandidate
2019-10-15 21:18:55,367 [Thread-8925] INFO  impl.RoleInfo (RoleInfo.java:updateAndGet(143)) - 090573f1-c213-462e-b422-6463ca97c373: start LeaderElection
2019-10-15 21:18:55,372 [090573f1-c213-462e-b422-6463ca97c373@group-848D76B22711-LeaderElection1046] INFO  impl.LeaderElection (LeaderElection.java:askForVotes(178)) - 090573f1-c213-462e-b422-6463ca97c373@group-848D76B22711-LeaderElection1046: begin an election at term 63 for -1: [93d557fa-335e-4e3d-b2bb-e33832802906:192.168.69.102:43737, 090573f1-c213-462e-b422-6463ca97c373:192.168.69.102:43336, db364705-f60f-4be7-83db-fd25b014fd0b:192.168.69.102:41270], old=null
2019-10-15 21:18:55,373 [grpc-default-executor-2] INFO  impl.RaftServerImpl (RaftServerImpl.java:setRole(184)) - 93d557fa-335e-4e3d-b2bb-e33832802906@group-848D76B22711: changes role from  FOLLOWER to FOLLOWER at term 63 for recognizeCandidate:090573f1-c213-462e-b422-6463ca97c373
2019-10-15 21:18:55,373 [grpc-default-executor-2] INFO  impl.RoleInfo (RoleInfo.java:shutdownFollowerState(121)) - 93d557fa-335e-4e3d-b2bb-e33832802906: shutdown FollowerState
2019-10-15 21:18:55,374 [grpc-default-executor-2] INFO  impl.RoleInfo (RoleInfo.java:updateAndGet(143)) - 93d557fa-335e-4e3d-b2bb-e33832802906: start FollowerState
2019-10-15 21:18:55,374 [Thread-8924] INFO  impl.FollowerState (FollowerState.java:run(117)) - 93d557fa-335e-4e3d-b2bb-e33832802906@group-848D76B22711-FollowerState was interrupted: java.lang.InterruptedException: sleep interrupted
2019-10-15 21:18:55,374 [grpc-default-executor-10] INFO  impl.RaftServerImpl (RaftServerImpl.java:setRole(184)) - db364705-f60f-4be7-83db-fd25b014fd0b@group-848D76B22711: changes role from  FOLLOWER to FOLLOWER at term 63 for recognizeCandidate:090573f1-c213-462e-b422-6463ca97c373
2019-10-15 21:18:55,374 [grpc-default-executor-10] INFO  impl.RoleInfo (RoleInfo.java:shutdownFollowerState(121)) - db364705-f60f-4be7-83db-fd25b014fd0b: shutdown FollowerState
2019-10-15 21:18:55,374 [grpc-default-executor-10] INFO  impl.RoleInfo (RoleInfo.java:updateAndGet(143)) - db364705-f60f-4be7-83db-fd25b014fd0b: start FollowerState
2019-10-15 21:18:55,376 [Thread-8923] INFO  impl.FollowerState (FollowerState.java:run(117)) - db364705-f60f-4be7-83db-fd25b014fd0b@group-848D76B22711-FollowerState was interrupted: java.lang.InterruptedException: sleep interrupted
2019-10-15 21:18:55,395 [090573f1-c213-462e-b422-6463ca97c373@group-848D76B22711-LeaderElection1046] INFO  impl.LeaderElection (LeaderElection.java:logAndReturn(56)) - 090573f1-c213-462e-b422-6463ca97c373@group-848D76B22711-LeaderElection1046: Election REJECTED; received 2 response(s) [090573f1-c213-462e-b422-6463ca97c373<-93d557fa-335e-4e3d-b2bb-e33832802906#0:FAIL-t63, 090573f1-c213-462e-b422-6463ca97c373<-db364705-f60f-4be7-83db-fd25b014fd0b#0:FAIL-t63] and 0 exception(s); 090573f1-c213-462e-b422-6463ca97c373@group-848D76B22711:t63, leader=null, voted=090573f1-c213-462e-b422-6463ca97c373, raftlog=090573f1-c213-462e-b422-6463ca97c373@group-848D76B22711-SegmentedRaftLog:OPENED:c-1,f-1,i0, conf=-1: [93d557fa-335e-4e3d-b2bb-e33832802906:192.168.69.102:43737, 090573f1-c213-462e-b422-6463ca97c373:192.168.69.102:43336, db364705-f60f-4be7-83db-fd25b014fd0b:192.168.69.102:41270], old=null
2019-10-15 21:18:55,396 [090573f1-c213-462e-b422-6463ca97c373@group-848D76B22711-LeaderElection1046] INFO  impl.RaftServerImpl (RaftServerImpl.java:setRole(184)) - 090573f1-c213-462e-b422-6463ca97c373@group-848D76B22711: changes role from CANDIDATE to FOLLOWER at term 63 for DISCOVERED_A_NEW_TERM
2019-10-15 21:18:55,396 [090573f1-c213-462e-b422-6463ca97c373@group-848D76B22711-LeaderElection1046] INFO  impl.RoleInfo (RoleInfo.java:shutdownLeaderElection(134)) - 090573f1-c213-462e-b422-6463ca97c373: shutdown LeaderElection
2019-10-15 21:18:55,396 [090573f1-c213-462e-b422-6463ca97c373@group-848D76B22711-LeaderElection1046] INFO  impl.RoleInfo (RoleInfo.java:updateAndGet(143)) - 090573f1-c213-462e-b422-6463ca97c373: start FollowerState
2019-10-15 21:18:55,552 [Thread-8931] INFO  impl.FollowerState (FollowerState.java:run(108)) - 090573f1-c213-462e-b422-6463ca97c373@group-848D76B22711-FollowerState: change to CANDIDATE, lastRpcTime:156ms, electionTimeout:155ms
2019-10-15 21:18:55,552 [Thread-8931] INFO  impl.RoleInfo (RoleInfo.java:shutdownFollowerState(121)) - 090573f1-c213-462e-b422-6463ca97c373: shutdown FollowerState
2019-10-15 21:18:55,552 [Thread-8931] INFO  impl.RaftServerImpl (RaftServerImpl.java:setRole(184)) - 090573f1-c213-462e-b422-6463ca97c373@group-848D76B22711: changes role from  FOLLOWER to CANDIDATE at term 63 for changeToCandidate
2019-10-15 21:18:55,552 [Thread-8931] INFO  impl.RoleInfo (RoleInfo.java:updateAndGet(143)) - 090573f1-c213-462e-b422-6463ca97c373: start LeaderElection
2019-10-15 21:18:55,565 [090573f1-c213-462e-b422-6463ca97c373@group-848D76B22711-LeaderElection1047] INFO  impl.LeaderElection (LeaderElection.java:askForVotes(178)) - 090573f1-c213-462e-b422-6463ca97c373@group-848D76B22711-LeaderElection1047: begin an election at term 64 for -1: [93d557fa-335e-4e3d-b2bb-e33832802906:192.168.69.102:43737, 090573f1-c213-462e-b422-6463ca97c373:192.168.69.102:43336, db364705-f60f-4be7-83db-fd25b014fd0b:192.168.69.102:41270], old=null
2019-10-15 21:18:55,566 [grpc-default-executor-2] INFO  impl.RaftServerImpl (RaftServerImpl.java:setRole(184)) - 93d557fa-335e-4e3d-b2bb-e33832802906@group-848D76B22711: changes role from  FOLLOWER to FOLLOWER at term 64 for recognizeCandidate:090573f1-c213-462e-b422-6463ca97c373
2019-10-15 21:18:55,566 [grpc-default-executor-10] INFO  impl.RaftServerImpl (RaftServerImpl.java:setRole(184)) - db364705-f60f-4be7-83db-fd25b014fd0b@group-848D76B22711: changes role from  FOLLOWER to FOLLOWER at term 64 for recognizeCandidate:090573f1-c213-462e-b422-6463ca97c373
2019-10-15 21:18:55,567 [grpc-default-executor-2] INFO  impl.RoleInfo (RoleInfo.java:shutdownFollowerState(121)) - 93d557fa-335e-4e3d-b2bb-e33832802906: shutdown FollowerState
2019-10-15 21:18:55,567 [grpc-default-executor-10] INFO  impl.RoleInfo (RoleInfo.java:shutdownFollowerState(121)) - db364705-f60f-4be7-83db-fd25b014fd0b: shutdown FollowerState
2019-10-15 21:18:55,567 [grpc-default-executor-2] INFO  impl.RoleInfo (RoleInfo.java:updateAndGet(143)) - 93d557fa-335e-4e3d-b2bb-e33832802906: start FollowerState
2019-10-15 21:18:55,567 [Thread-8930] INFO  impl.FollowerState (FollowerState.java:run(117)) - db364705-f60f-4be7-83db-fd25b014fd0b@group-848D76B22711-FollowerState was interrupted: java.lang.InterruptedException: sleep interrupted
2019-10-15 21:18:55,567 [grpc-default-executor-10] INFO  impl.RoleInfo (RoleInfo.java:updateAndGet(143)) - db364705-f60f-4be7-83db-fd25b014fd0b: start FollowerState
2019-10-15 21:18:55,567 [Thread-8929] INFO  impl.FollowerState (FollowerState.java:run(117)) - 93d557fa-335e-4e3d-b2bb-e33832802906@group-848D76B22711-FollowerState was interrupted: java.lang.InterruptedException: sleep interrupted
2019-10-15 21:18:55,575 [090573f1-c213-462e-b422-6463ca97c373@group-848D76B22711-LeaderElection1047] INFO  impl.LeaderElection (LeaderElection.java:logAndReturn(56)) - 090573f1-c213-462e-b422-6463ca97c373@group-848D76B22711-LeaderElection1047: Election TIMEOUT; received 0 response(s) [] and 0 exception(s); 090573f1-c213-462e-b422-6463ca97c373@group-848D76B22711:t64, leader=null, voted=090573f1-c213-462e-b422-6463ca97c373, raftlog=090573f1-c213-462e-b422-6463ca97c373@group-848D76B22711-SegmentedRaftLog:OPENED:c-1,f-1,i0, conf=-1: [93d557fa-335e-4e3d-b2bb-e33832802906:192.168.69.102:43737, 090573f1-c213-462e-b422-6463ca97c373:192.168.69.102:43336, db364705-f60f-4be7-83db-fd25b014fd0b:192.168.69.102:41270], old=null
2019-10-15 21:18:55,580 [090573f1-c213-462e-b422-6463ca97c373@group-848D76B22711-LeaderElection1047] INFO  impl.LeaderElection (LeaderElection.java:askForVotes(178)) - 090573f1-c213-462e-b422-6463ca97c373@group-848D76B22711-LeaderElection1047: begin an election at term 65 for -1: [93d557fa-335e-4e3d-b2bb-e33832802906:192.168.69.102:43737, 090573f1-c213-462e-b422-6463ca97c373:192.168.69.102:43336, db364705-f60f-4be7-83db-fd25b014fd0b:192.168.69.102:41270], old=null
2019-10-15 21:18:55,581 [grpc-default-executor-2] INFO  impl.RaftServerImpl (RaftServerImpl.java:setRole(184)) - 93d557fa-335e-4e3d-b2bb-e33832802906@group-848D76B22711: changes role from  FOLLOWER to FOLLOWER at term 65 for recognizeCandidate:090573f1-c213-462e-b422-6463ca97c373
2019-10-15 21:18:55,581 [grpc-default-executor-2] INFO  impl.RoleInfo (RoleInfo.java:shutdownFollowerState(121)) - 93d557fa-335e-4e3d-b2bb-e33832802906: shutdown FollowerState
2019-10-15 21:18:55,581 [grpc-default-executor-2] INFO  impl.RoleInfo (RoleInfo.java:updateAndGet(143)) - 93d557fa-335e-4e3d-b2bb-e33832802906: start FollowerState
2019-10-15 21:18:55,581 [Thread-8935] INFO  impl.FollowerState (FollowerState.java:run(117)) - 93d557fa-335e-4e3d-b2bb-e33832802906@group-848D76B22711-FollowerState was interrupted: java.lang.InterruptedException: sleep interrupted
2019-10-15 21:18:55,581 [grpc-default-executor-10] INFO  impl.RaftServerImpl (RaftServerImpl.java:setRole(184)) - db364705-f60f-4be7-83db-fd25b014fd0b@group-848D76B22711: changes role from  FOLLOWER to FOLLOWER at term 65 for recognizeCandidate:090573f1-c213-462e-b422-6463ca97c373
2019-10-15 21:18:55,581 [grpc-default-executor-10] INFO  impl.RoleInfo (RoleInfo.java:shutdownFollowerState(121)) - db364705-f60f-4be7-83db-fd25b014fd0b: shutdown FollowerState
2019-10-15 21:18:55,582 [grpc-default-executor-10] INFO  impl.RoleInfo (RoleInfo.java:updateAndGet(143)) - db364705-f60f-4be7-83db-fd25b014fd0b: start FollowerState
2019-10-15 21:18:55,582 [Thread-8936] INFO  impl.FollowerState (FollowerState.java:run(117)) - db364705-f60f-4be7-83db-fd25b014fd0b@group-848D76B22711-FollowerState was interrupted: java.lang.InterruptedException: sleep interrupted
2019-10-15 21:18:55,590 [090573f1-c213-462e-b422-6463ca97c373@group-848D76B22711-LeaderElection1047] INFO  impl.LeaderElection (LeaderElection.java:logAndReturn(56)) - 090573f1-c213-462e-b422-6463ca97c373@group-848D76B22711-LeaderElection1047: Election REJECTED; received 2 response(s) [090573f1-c213-462e-b422-6463ca97c373<-93d557fa-335e-4e3d-b2bb-e33832802906#0:FAIL-t65, 090573f1-c213-462e-b422-6463ca97c373<-db364705-f60f-4be7-83db-fd25b014fd0b#0:FAIL-t65] and 0 exception(s); 090573f1-c213-462e-b422-6463ca97c373@group-848D76B22711:t65, leader=null, voted=090573f1-c213-462e-b422-6463ca97c373, raftlog=090573f1-c213-462e-b422-6463ca97c373@group-848D76B22711-SegmentedRaftLog:OPENED:c-1,f-1,i0, conf=-1: [93d557fa-335e-4e3d-b2bb-e33832802906:192.168.69.102:43737, 090573f1-c213-462e-b422-6463ca97c373:192.168.69.102:43336, db364705-f60f-4be7-83db-fd25b014fd0b:192.168.69.102:41270], old=null
2019-10-15 21:18:55,590 [090573f1-c213-462e-b422-6463ca97c373@group-848D76B22711-LeaderElection1047] INFO  impl.RaftServerImpl (RaftServerImpl.java:setRole(184)) - 090573f1-c213-462e-b422-6463ca97c373@group-848D76B22711: changes role from CANDIDATE to FOLLOWER at term 65 for DISCOVERED_A_NEW_TERM
2019-10-15 21:18:55,590 [090573f1-c213-462e-b422-6463ca97c373@group-848D76B22711-LeaderElection1047] INFO  impl.RoleInfo (RoleInfo.java:shutdownLeaderElection(134)) - 090573f1-c213-462e-b422-6463ca97c373: shutdown LeaderElection
2019-10-15 21:18:55,590 [090573f1-c213-462e-b422-6463ca97c373@group-848D76B22711-LeaderElection1047] INFO  impl.RoleInfo (RoleInfo.java:updateAndGet(143)) - 090573f1-c213-462e-b422-6463ca97c373: start FollowerState
2019-10-15 21:18:55,762 [Thread-8941] INFO  impl.FollowerState (FollowerState.java:run(108)) - 090573f1-c213-462e-b422-6463ca97c373@group-848D76B22711-FollowerState: change to CANDIDATE, lastRpcTime:171ms, electionTimeout:171ms
2019-10-15 21:18:55,762 [Thread-8941] INFO  impl.RoleInfo (RoleInfo.java:shutdownFollowerState(121)) - 090573f1-c213-462e-b422-6463ca97c373: shutdown FollowerState
2019-10-15 21:18:55,762 [Thread-8941] INFO  impl.RaftServerImpl (RaftServerImpl.java:setRole(184)) - 090573f1-c213-462e-b422-6463ca97c373@group-848D76B22711: changes role from  FOLLOWER to CANDIDATE at term 65 for changeToCandidate
2019-10-15 21:18:55,762 [Thread-8941] INFO  impl.RoleInfo (RoleInfo.java:updateAndGet(143)) - 090573f1-c213-462e-b422-6463ca97c373: start LeaderElection
2019-10-15 21:18:55,766 [090573f1-c213-462e-b422-6463ca97c373@group-848D76B22711-LeaderElection1048] INFO  impl.LeaderElection (LeaderElection.java:askForVotes(178)) - 090573f1-c213-462e-b422-6463ca97c373@group-848D76B22711-LeaderElection1048: begin an election at term 66 for -1: [93d557fa-335e-4e3d-b2bb-e33832802906:192.168.69.102:43737, 090573f1-c213-462e-b422-6463ca97c373:192.168.69.102:43336, db364705-f60f-4be7-83db-fd25b014fd0b:192.168.69.102:41270], old=null
2019-10-15 21:18:55,767 [grpc-default-executor-2] INFO  impl.RaftServerImpl (RaftServerImpl.java:setRole(184)) - 93d557fa-335e-4e3d-b2bb-e33832802906@group-848D76B22711: changes role from  FOLLOWER to FOLLOWER at term 66 for recognizeCandidate:090573f1-c213-462e-b422-6463ca97c373
2019-10-15 21:18:55,767 [grpc-default-executor-2] INFO  impl.RoleInfo (RoleInfo.java:shutdownFollowerState(121)) - 93d557fa-335e-4e3d-b2bb-e33832802906: shutdown FollowerState
2019-10-15 21:18:55,767 [grpc-default-executor-2] INFO  impl.RoleInfo (RoleInfo.java:updateAndGet(143)) - 93d557fa-335e-4e3d-b2bb-e33832802906: start FollowerState
2019-10-15 21:18:55,767 [Thread-8939] INFO  impl.FollowerState (FollowerState.java:run(117)) - 93d557fa-335e-4e3d-b2bb-e33832802906@group-848D76B22711-FollowerState was interrupted: java.lang.InterruptedException: sleep interrupted
2019-10-15 21:18:55,768 [grpc-default-executor-10] INFO  impl.RaftServerImpl (RaftServerImpl.java:setRole(184)) - db364705-f60f-4be7-83db-fd25b014fd0b@group-848D76B22711: changes role from  FOLLOWER to FOLLOWER at term 66 for recognizeCandidate:090573f1-c213-462e-b422-6463ca97c373
2019-10-15 21:18:55,768 [grpc-default-executor-10] INFO  impl.RoleInfo (RoleInfo.java:shutdownFollowerState(121)) - db364705-f60f-4be7-83db-fd25b014fd0b: shutdown FollowerState
2019-10-15 21:18:55,768 [grpc-default-executor-10] INFO  impl.RoleInfo (RoleInfo.java:updateAndGet(143)) - db364705-f60f-4be7-83db-fd25b014fd0b: start FollowerState
2019-10-15 21:18:55,769 [Thread-8940] INFO  impl.FollowerState (FollowerState.java:run(117)) - db364705-f60f-4be7-83db-fd25b014fd0b@group-848D76B22711-FollowerState was interrupted: java.lang.InterruptedException: sleep interrupted
2019-10-15 21:18:55,780 [090573f1-c213-462e-b422-6463ca97c373@group-848D76B22711-LeaderElection1048] INFO  impl.LeaderElection (LeaderElection.java:logAndReturn(56)) - 090573f1-c213-462e-b422-6463ca97c373@group-848D76B22711-LeaderElection1048: Election REJECTED; received 2 response(s) [090573f1-c213-462e-b422-6463ca97c373<-93d557fa-335e-4e3d-b2bb-e33832802906#0:FAIL-t66, 090573f1-c213-462e-b422-6463ca97c373<-db364705-f60f-4be7-83db-fd25b014fd0b#0:FAIL-t66] and 0 exception(s); 090573f1-c213-462e-b422-6463ca97c373@group-848D76B22711:t66, leader=null, voted=090573f1-c213-462e-b422-6463ca97c373, raftlog=090573f1-c213-462e-b422-6463ca97c373@group-848D76B22711-SegmentedRaftLog:OPENED:c-1,f-1,i0, conf=-1: [93d557fa-335e-4e3d-b2bb-e33832802906:192.168.69.102:43737, 090573f1-c213-462e-b422-6463ca97c373:192.168.69.102:43336, db364705-f60f-4be7-83db-fd25b014fd0b:192.168.69.102:41270], old=null
2019-10-15 21:18:55,781 [090573f1-c213-462e-b422-6463ca97c373@group-848D76B22711-LeaderElection1048] INFO  impl.RaftServerImpl (RaftServerImpl.java:setRole(184)) - 090573f1-c213-462e-b422-6463ca97c373@group-848D76B22711: changes role from CANDIDATE to FOLLOWER at term 66 for DISCOVERED_A_NEW_TERM
2019-10-15 21:18:55,781 [090573f1-c213-462e-b422-6463ca97c373@group-848D76B22711-LeaderElection1048] INFO  impl.RoleInfo (RoleInfo.java:shutdownLeaderElection(134)) - 090573f1-c213-462e-b422-6463ca97c373: shutdown LeaderElection
2019-10-15 21:18:55,781 [090573f1-c213-462e-b422-6463ca97c373@group-848D76B22711-LeaderElection1048] INFO  impl.RoleInfo (RoleInfo.java:updateAndGet(143)) - 090573f1-c213-462e-b422-6463ca97c373: start FollowerState
2019-10-15 21:18:55,884 [Thread-8951] INFO  impl.FollowerState (FollowerState.java:run(108)) - 090573f1-c213-462e-b422-6463ca97c373@group-848D76B22711-FollowerState: change to CANDIDATE, lastRpcTime:103ms, electionTimeout:103ms
2019-10-15 21:18:55,884 [Thread-8951] INFO  impl.RoleInfo (RoleInfo.java:shutdownFollowerState(121)) - 090573f1-c213-462e-b422-6463ca97c373: shutdown FollowerState
2019-10-15 21:18:55,884 [Thread-8951] INFO  impl.RaftServerImpl (RaftServerImpl.java:setRole(184)) - 090573f1-c213-462e-b422-6463ca97c373@group-848D76B22711: changes role from  FOLLOWER to CANDIDATE at term 66 for changeToCandidate
2019-10-15 21:18:55,884 [Thread-8951] INFO  impl.RoleInfo (RoleInfo.java:updateAndGet(143)) - 090573f1-c213-462e-b422-6463ca97c373: start LeaderElection
2019-10-15 21:18:55,911 [090573f1-c213-462e-b422-6463ca97c373@group-848D76B22711-LeaderElection1049] INFO  impl.LeaderElection (LeaderElection.java:askForVotes(178)) - 090573f1-c213-462e-b422-6463ca97c373@group-848D76B22711-LeaderElection1049: begin an election at term 67 for -1: [93d557fa-335e-4e3d-b2bb-e33832802906:192.168.69.102:43737, 090573f1-c213-462e-b422-6463ca97c373:192.168.69.102:43336, db364705-f60f-4be7-83db-fd25b014fd0b:192.168.69.102:41270], old=null
2019-10-15 21:18:55,913 [grpc-default-executor-10] INFO  impl.RaftServerImpl (RaftServerImpl.java:setRole(184)) - 93d557fa-335e-4e3d-b2bb-e33832802906@group-848D76B22711: changes role from  FOLLOWER to FOLLOWER at term 67 for recognizeCandidate:090573f1-c213-462e-b422-6463ca97c373
2019-10-15 21:18:55,913 [grpc-default-executor-10] INFO  impl.RoleInfo (RoleInfo.java:shutdownFollowerState(121)) - 93d557fa-335e-4e3d-b2bb-e33832802906: shutdown FollowerState
2019-10-15 21:18:55,913 [grpc-default-executor-10] INFO  impl.RoleInfo (RoleInfo.java:updateAndGet(143)) - 93d557fa-335e-4e3d-b2bb-e33832802906: start FollowerState
2019-10-15 21:18:55,913 [Thread-8947] INFO  impl.FollowerState (FollowerState.java:run(117)) - 93d557fa-335e-4e3d-b2bb-e33832802906@group-848D76B22711-FollowerState was interrupted: java.lang.InterruptedException: sleep interrupted
2019-10-15 21:18:55,913 [grpc-default-executor-2] INFO  impl.RaftServerImpl (RaftServerImpl.java:setRole(184)) - db364705-f60f-4be7-83db-fd25b014fd0b@group-848D76B22711: changes role from  FOLLOWER to FOLLOWER at term 67 for recognizeCandidate:090573f1-c213-462e-b422-6463ca97c373
2019-10-15 21:18:55,914 [grpc-default-executor-2] INFO  impl.RoleInfo (RoleInfo.java:shutdownFollowerState(121)) - db364705-f60f-4be7-83db-fd25b014fd0b: shutdown FollowerState
2019-10-15 21:18:55,914 [grpc-default-executor-2] INFO  impl.RoleInfo (RoleInfo.java:updateAndGet(143)) - db364705-f60f-4be7-83db-fd25b014fd0b: start FollowerState
2019-10-15 21:18:55,914 [Thread-8948] INFO  impl.FollowerState (FollowerState.java:run(117)) - db364705-f60f-4be7-83db-fd25b014fd0b@group-848D76B22711-FollowerState was interrupted: java.lang.InterruptedException: sleep interrupted
2019-10-15 21:18:55,928 [090573f1-c213-462e-b422-6463ca97c373@group-848D76B22711-LeaderElection1049] INFO  impl.LeaderElection (LeaderElection.java:logAndReturn(56)) - 090573f1-c213-462e-b422-6463ca97c373@group-848D76B22711-LeaderElection1049: Election REJECTED; received 2 response(s) [090573f1-c213-462e-b422-6463ca97c373<-93d557fa-335e-4e3d-b2bb-e33832802906#0:FAIL-t67, 090573f1-c213-462e-b422-6463ca97c373<-db364705-f60f-4be7-83db-fd25b014fd0b#0:FAIL-t67] and 0 exception(s); 090573f1-c213-462e-b422-6463ca97c373@group-848D76B22711:t67, leader=null, voted=090573f1-c213-462e-b422-6463ca97c373, raftlog=090573f1-c213-462e-b422-6463ca97c373@group-848D76B22711-SegmentedRaftLog:OPENED:c-1,f-1,i0, conf=-1: [93d557fa-335e-4e3d-b2bb-e33832802906:192.168.69.102:43737, 090573f1-c213-462e-b422-6463ca97c373:192.168.69.102:43336, db364705-f60f-4be7-83db-fd25b014fd0b:192.168.69.102:41270], old=null
2019-10-15 21:18:55,928 [090573f1-c213-462e-b422-6463ca97c373@group-848D76B22711-LeaderElection1049] INFO  impl.RaftServerImpl (RaftServerImpl.java:setRole(184)) - 090573f1-c213-462e-b422-6463ca97c373@group-848D76B22711: changes role from CANDIDATE to FOLLOWER at term 67 for DISCOVERED_A_NEW_TERM
2019-10-15 21:18:55,928 [090573f1-c213-462e-b422-6463ca97c373@group-848D76B22711-LeaderElection1049] INFO  impl.RoleInfo (RoleInfo.java:shutdownLeaderElection(134)) - 090573f1-c213-462e-b422-6463ca97c373: shutdown LeaderElection
2019-10-15 21:18:55,928 [090573f1-c213-462e-b422-6463ca97c373@group-848D76B22711-LeaderElection1049] INFO  impl.RoleInfo (RoleInfo.java:updateAndGet(143)) - 090573f1-c213-462e-b422-6463ca97c373: start FollowerState
2019-10-15 21:18:55,970 [Thread-8958] INFO  impl.FollowerState (FollowerState.java:run(108)) - 090573f1-c213-462e-b422-6463ca97c373@group-848D76B22711-FollowerState: change to CANDIDATE, lastRpcTime:42ms, electionTimeout:42ms
2019-10-15 21:18:55,971 [Thread-8958] INFO  impl.RoleInfo (RoleInfo.java:shutdownFollowerState(121)) - 090573f1-c213-462e-b422-6463ca97c373: shutdown FollowerState
2019-10-15 21:18:55,971 [Thread-8958] INFO  impl.RaftServerImpl (RaftServerImpl.java:setRole(184)) - 090573f1-c213-462e-b422-6463ca97c373@group-848D76B22711: changes role from  FOLLOWER to CANDIDATE at term 67 for changeToCandidate
2019-10-15 21:18:55,971 [Thread-8958] INFO  impl.RoleInfo (RoleInfo.java:updateAndGet(143)) - 090573f1-c213-462e-b422-6463ca97c373: start LeaderElection
2019-10-15 21:18:55,986 [090573f1-c213-462e-b422-6463ca97c373@group-848D76B22711-LeaderElection1050] INFO  impl.LeaderElection (LeaderElection.java:askForVotes(178)) - 090573f1-c213-462e-b422-6463ca97c373@group-848D76B22711-LeaderElection1050: begin an election at term 68 for -1: [93d557fa-335e-4e3d-b2bb-e33832802906:192.168.69.102:43737, 090573f1-c213-462e-b422-6463ca97c373:192.168.69.102:43336, db364705-f60f-4be7-83db-fd25b014fd0b:192.168.69.102:41270], old=null
2019-10-15 21:18:55,987 [grpc-default-executor-2] INFO  impl.RaftServerImpl (RaftServerImpl.java:setRole(184)) - db364705-f60f-4be7-83db-fd25b014fd0b@group-848D76B22711: changes role from  FOLLOWER to FOLLOWER at term 68 for recognizeCandidate:090573f1-c213-462e-b422-6463ca97c373
2019-10-15 21:18:55,987 [grpc-default-executor-7] INFO  impl.RaftServerImpl (RaftServerImpl.java:setRole(184)) - 93d557fa-335e-4e3d-b2bb-e33832802906@group-848D76B22711: changes role from  FOLLOWER to FOLLOWER at term 68 for recognizeCandidate:090573f1-c213-462e-b422-6463ca97c373
2019-10-15 21:18:55,987 [grpc-default-executor-2] INFO  impl.RoleInfo (RoleInfo.java:shutdownFollowerState(121)) - db364705-f60f-4be7-83db-fd25b014fd0b: shutdown FollowerState
2019-10-15 21:18:55,987 [grpc-default-executor-7] INFO  impl.RoleInfo (RoleInfo.java:shutdownFollowerState(121)) - 93d557fa-335e-4e3d-b2bb-e33832802906: shutdown FollowerState
2019-10-15 21:18:55,988 [Thread-8956] INFO  impl.FollowerState (FollowerState.java:run(117)) - db364705-f60f-4be7-83db-fd25b014fd0b@group-848D76B22711-FollowerState was interrupted: java.lang.InterruptedException: sleep interrupted
2019-10-15 21:18:55,988 [grpc-default-executor-2] INFO  impl.RoleInfo (RoleInfo.java:updateAndGet(143)) - db364705-f60f-4be7-83db-fd25b014fd0b: start FollowerState
2019-10-15 21:18:55,988 [Thread-8955] INFO  impl.FollowerState (FollowerState.java:run(117)) - 93d557fa-335e-4e3d-b2bb-e33832802906@group-848D76B22711-FollowerState was interrupted: java.lang.InterruptedException: sleep interrupted
2019-10-15 21:18:55,988 [grpc-default-executor-7] INFO  impl.RoleInfo (RoleInfo.java:updateAndGet(143)) - 93d557fa-335e-4e3d-b2bb-e33832802906: start FollowerState
2019-10-15 21:18:55,998 [090573f1-c213-462e-b422-6463ca97c373@group-848D76B22711-LeaderElection1050] INFO  impl.LeaderElection (LeaderElection.java:logAndReturn(56)) - 090573f1-c213-462e-b422-6463ca97c373@group-848D76B22711-LeaderElection1050: Election REJECTED; received 2 response(s) [090573f1-c213-462e-b422-6463ca97c373<-93d557fa-335e-4e3d-b2bb-e33832802906#0:FAIL-t68, 090573f1-c213-462e-b422-6463ca97c373<-db364705-f60f-4be7-83db-fd25b014fd0b#0:FAIL-t68] and 0 exception(s); 090573f1-c213-462e-b422-6463ca97c373@group-848D76B22711:t68, leader=null, voted=090573f1-c213-462e-b422-6463ca97c373, raftlog=090573f1-c213-462e-b422-6463ca97c373@group-848D76B22711-SegmentedRaftLog:OPENED:c-1,f-1,i0, conf=-1: [93d557fa-335e-4e3d-b2bb-e33832802906:192.168.69.102:43737, 090573f1-c213-462e-b422-6463ca97c373:192.168.69.102:43336, db364705-f60f-4be7-83db-fd25b014fd0b:192.168.69.102:41270], old=null
2019-10-15 21:18:55,998 [090573f1-c213-462e-b422-6463ca97c373@group-848D76B22711-LeaderElection1050] INFO  impl.RaftServerImpl (RaftServerImpl.java:setRole(184)) - 090573f1-c213-462e-b422-6463ca97c373@group-848D76B22711: changes role from CANDIDATE to FOLLOWER at term 68 for DISCOVERED_A_NEW_TERM
2019-10-15 21:18:55,998 [090573f1-c213-462e-b422-6463ca97c373@group-848D76B22711-LeaderElection1050] INFO  impl.RoleInfo (RoleInfo.java:shutdownLeaderElection(134)) - 090573f1-c213-462e-b422-6463ca97c373: shutdown LeaderElection
2019-10-15 21:18:55,998 [090573f1-c213-462e-b422-6463ca97c373@group-848D76B22711-LeaderElection1050] INFO  impl.RoleInfo (RoleInfo.java:updateAndGet(143)) - 090573f1-c213-462e-b422-6463ca97c373: start FollowerState
2019-10-15 21:18:56,061 [Thread-8965] INFO  impl.FollowerState (FollowerState.java:run(108)) - 090573f1-c213-462e-b422-6463ca97c373@group-848D76B22711-FollowerState: change to CANDIDATE, lastRpcTime:62ms, electionTimeout:62ms
2019-10-15 21:18:56,061 [Thread-8965] INFO  impl.RoleInfo (RoleInfo.java:shutdownFollowerState(121)) - 090573f1-c213-462e-b422-6463ca97c373: shutdown FollowerState
2019-10-15 21:18:56,061 [Thread-8965] INFO  impl.RaftServerImpl (RaftServerImpl.java:setRole(184)) - 090573f1-c213-462e-b422-6463ca97c373@group-848D76B22711: changes role from  FOLLOWER to CANDIDATE at term 68 for changeToCandidate
2019-10-15 21:18:56,061 [Thread-8965] INFO  impl.RoleInfo (RoleInfo.java:updateAndGet(143)) - 090573f1-c213-462e-b422-6463ca97c373: start LeaderElection
2019-10-15 21:18:56,085 [090573f1-c213-462e-b422-6463ca97c373@group-848D76B22711-LeaderElection1051] INFO  impl.LeaderElection (LeaderElection.java:askForVotes(178)) - 090573f1-c213-462e-b422-6463ca97c373@group-848D76B22711-LeaderElection1051: begin an election at term 69 for -1: [93d557fa-335e-4e3d-b2bb-e33832802906:192.168.69.102:43737, 090573f1-c213-462e-b422-6463ca97c373:192.168.69.102:43336, db364705-f60f-4be7-83db-fd25b014fd0b:192.168.69.102:41270], old=null
2019-10-15 21:18:56,087 [grpc-default-executor-7] INFO  impl.RaftServerImpl (RaftServerImpl.java:setRole(184)) - db364705-f60f-4be7-83db-fd25b014fd0b@group-848D76B22711: changes role from  FOLLOWER to FOLLOWER at term 69 for recognizeCandidate:090573f1-c213-462e-b422-6463ca97c373
2019-10-15 21:18:56,087 [grpc-default-executor-7] INFO  impl.RoleInfo (RoleInfo.java:shutdownFollowerState(121)) - db364705-f60f-4be7-83db-fd25b014fd0b: shutdown FollowerState
2019-10-15 21:18:56,087 [grpc-default-executor-2] INFO  impl.RaftServerImpl (RaftServerImpl.java:setRole(184)) - 93d557fa-335e-4e3d-b2bb-e33832802906@group-848D76B22711: changes role from  FOLLOWER to FOLLOWER at term 69 for recognizeCandidate:090573f1-c213-462e-b422-6463ca97c373
2019-10-15 21:18:56,087 [Thread-8963] INFO  impl.FollowerState (FollowerState.java:run(117)) - db364705-f60f-4be7-83db-fd25b014fd0b@group-848D76B22711-FollowerState was interrupted: java.lang.InterruptedException: sleep interrupted
2019-10-15 21:18:56,087 [grpc-default-executor-7] INFO  impl.RoleInfo (RoleInfo.java:updateAndGet(143)) - db364705-f60f-4be7-83db-fd25b014fd0b: start FollowerState
2019-10-15 21:18:56,087 [grpc-default-executor-2] INFO  impl.RoleInfo (RoleInfo.java:shutdownFollowerState(121)) - 93d557fa-335e-4e3d-b2bb-e33832802906: shutdown FollowerState
2019-10-15 21:18:56,087 [grpc-default-executor-2] INFO  impl.RoleInfo (RoleInfo.java:updateAndGet(143)) - 93d557fa-335e-4e3d-b2bb-e33832802906: start FollowerState
2019-10-15 21:18:56,087 [Thread-8964] INFO  impl.FollowerState (FollowerState.java:run(117)) - 93d557fa-335e-4e3d-b2bb-e33832802906@group-848D76B22711-FollowerState was interrupted: java.lang.InterruptedException: sleep interrupted
2019-10-15 21:18:56,108 [090573f1-c213-462e-b422-6463ca97c373@group-848D76B22711-LeaderElection1051] INFO  impl.LeaderElection (LeaderElection.java:logAndReturn(56)) - 090573f1-c213-462e-b422-6463ca97c373@group-848D76B22711-LeaderElection1051: Election REJECTED; received 2 response(s) [090573f1-c213-462e-b422-6463ca97c373<-93d557fa-335e-4e3d-b2bb-e33832802906#0:FAIL-t69, 090573f1-c213-462e-b422-6463ca97c373<-db364705-f60f-4be7-83db-fd25b014fd0b#0:FAIL-t69] and 0 exception(s); 090573f1-c213-462e-b422-6463ca97c373@group-848D76B22711:t69, leader=null, voted=090573f1-c213-462e-b422-6463ca97c373, raftlog=090573f1-c213-462e-b422-6463ca97c373@group-848D76B22711-SegmentedRaftLog:OPENED:c-1,f-1,i0, conf=-1: [93d557fa-335e-4e3d-b2bb-e33832802906:192.168.69.102:43737, 090573f1-c213-462e-b422-6463ca97c373:192.168.69.102:43336, db364705-f60f-4be7-83db-fd25b014fd0b:192.168.69.102:41270], old=null
2019-10-15 21:18:56,109 [090573f1-c213-462e-b422-6463ca97c373@group-848D76B22711-LeaderElection1051] INFO  impl.RaftServerImpl (RaftServerImpl.java:setRole(184)) - 090573f1-c213-462e-b422-6463ca97c373@group-848D76B22711: changes role from CANDIDATE to FOLLOWER at term 69 for DISCOVERED_A_NEW_TERM
2019-10-15 21:18:56,109 [090573f1-c213-462e-b422-6463ca97c373@group-848D76B22711-LeaderElection1051] INFO  impl.RoleInfo (RoleInfo.java:shutdownLeaderElection(134)) - 090573f1-c213-462e-b422-6463ca97c373: shutdown LeaderElection
2019-10-15 21:18:56,109 [090573f1-c213-462e-b422-6463ca97c373@group-848D76B22711-LeaderElection1051] INFO  impl.RoleInfo (RoleInfo.java:updateAndGet(143)) - 090573f1-c213-462e-b422-6463ca97c373: start FollowerState
2019-10-15 21:18:56,216 [Thread-8971] INFO  impl.FollowerState (FollowerState.java:run(108)) - 090573f1-c213-462e-b422-6463ca97c373@group-848D76B22711-FollowerState: change to CANDIDATE, lastRpcTime:107ms, electionTimeout:107ms
2019-10-15 21:18:56,216 [Thread-8971] INFO  impl.RoleInfo (RoleInfo.java:shutdownFollowerState(121)) - 090573f1-c213-462e-b422-6463ca97c373: shutdown FollowerState
2019-10-15 21:18:56,216 [Thread-8971] INFO  impl.RaftServerImpl (RaftServerImpl.java:setRole(184)) - 090573f1-c213-462e-b422-6463ca97c373@group-848D76B22711: changes role from  FOLLOWER to CANDIDATE at term 69 for changeToCandidate
2019-10-15 21:18:56,217 [Thread-8971] INFO  impl.RoleInfo (RoleInfo.java:updateAndGet(143)) - 090573f1-c213-462e-b422-6463ca97c373: start LeaderElection
2019-10-15 21:18:56,220 [090573f1-c213-462e-b422-6463ca97c373@group-848D76B22711-LeaderElection1052] INFO  impl.LeaderElection (LeaderElection.java:askForVotes(178)) - 090573f1-c213-462e-b422-6463ca97c373@group-848D76B22711-LeaderElection1052: begin an election at term 70 for -1: [93d557fa-335e-4e3d-b2bb-e33832802906:192.168.69.102:43737, 090573f1-c213-462e-b422-6463ca97c373:192.168.69.102:43336, db364705-f60f-4be7-83db-fd25b014fd0b:192.168.69.102:41270], old=null
2019-10-15 21:18:56,221 [grpc-default-executor-7] INFO  impl.RaftServerImpl (RaftServerImpl.java:setRole(184)) - 93d557fa-335e-4e3d-b2bb-e33832802906@group-848D76B22711: changes role from  FOLLOWER to FOLLOWER at term 70 for recognizeCandidate:090573f1-c213-462e-b422-6463ca97c373
2019-10-15 21:18:56,221 [grpc-default-executor-2] INFO  impl.RaftServerImpl (RaftServerImpl.java:setRole(184)) - db364705-f60f-4be7-83db-fd25b014fd0b@group-848D76B22711: changes role from  FOLLOWER to FOLLOWER at term 70 for recognizeCandidate:090573f1-c213-462e-b422-6463ca97c373
2019-10-15 21:18:56,222 [grpc-default-executor-7] INFO  impl.RoleInfo (RoleInfo.java:shutdownFollowerState(121)) - 93d557fa-335e-4e3d-b2bb-e33832802906: shutdown FollowerState
2019-10-15 21:18:56,222 [grpc-default-executor-2] INFO  impl.RoleInfo (RoleInfo.java:shutdownFollowerState(121)) - db364705-f60f-4be7-83db-fd25b014fd0b: shutdown FollowerState
2019-10-15 21:18:56,222 [grpc-default-executor-7] INFO  impl.RoleInfo (RoleInfo.java:updateAndGet(143)) - 93d557fa-335e-4e3d-b2bb-e33832802906: start FollowerState
2019-10-15 21:18:56,222 [grpc-default-executor-2] INFO  impl.RoleInfo (RoleInfo.java:updateAndGet(143)) - db364705-f60f-4be7-83db-fd25b014fd0b: start FollowerState
2019-10-15 21:18:56,222 [Thread-8969] INFO  impl.FollowerState (FollowerState.java:run(117)) - db364705-f60f-4be7-83db-fd25b014fd0b@group-848D76B22711-FollowerState was interrupted: java.lang.InterruptedException: sleep interrupted
2019-10-15 21:18:56,222 [Thread-8970] INFO  impl.FollowerState (FollowerState.java:run(117)) - 93d557fa-335e-4e3d-b2bb-e33832802906@group-848D76B22711-FollowerState was interrupted: java.lang.InterruptedException: sleep interrupted
2019-10-15 21:18:56,252 [090573f1-c213-462e-b422-6463ca97c373@group-848D76B22711-LeaderElection1052] INFO  impl.LeaderElection (LeaderElection.java:logAndReturn(56)) - 090573f1-c213-462e-b422-6463ca97c373@group-848D76B22711-LeaderElection1052: Election REJECTED; received 2 response(s) [090573f1-c213-462e-b422-6463ca97c373<-93d557fa-335e-4e3d-b2bb-e33832802906#0:FAIL-t70, 090573f1-c213-462e-b422-6463ca97c373<-db364705-f60f-4be7-83db-fd25b014fd0b#0:FAIL-t70] and 0 exception(s); 090573f1-c213-462e-b422-6463ca97c373@group-848D76B22711:t70, leader=null, voted=090573f1-c213-462e-b422-6463ca97c373, raftlog=090573f1-c213-462e-b422-6463ca97c373@group-848D76B22711-SegmentedRaftLog:OPENED:c-1,f-1,i0, conf=-1: [93d557fa-335e-4e3d-b2bb-e33832802906:192.168.69.102:43737, 090573f1-c213-462e-b422-6463ca97c373:192.168.69.102:43336, db364705-f60f-4be7-83db-fd25b014fd0b:192.168.69.102:41270], old=null
2019-10-15 21:18:56,253 [090573f1-c213-462e-b422-6463ca97c373@group-848D76B22711-LeaderElection1052] INFO  impl.RaftServerImpl (RaftServerImpl.java:setRole(184)) - 090573f1-c213-462e-b422-6463ca97c373@group-848D76B22711: changes role from CANDIDATE to FOLLOWER at term 70 for DISCOVERED_A_NEW_TERM
2019-10-15 21:18:56,253 [090573f1-c213-462e-b422-6463ca97c373@group-848D76B22711-LeaderElection1052] INFO  impl.RoleInfo (RoleInfo.java:shutdownLeaderElection(134)) - 090573f1-c213-462e-b422-6463ca97c373: shutdown LeaderElection
2019-10-15 21:18:56,253 [090573f1-c213-462e-b422-6463ca97c373@group-848D76B22711-LeaderElection1052] INFO  impl.RoleInfo (RoleInfo.java:updateAndGet(143)) - 090573f1-c213-462e-b422-6463ca97c373: start FollowerState
2019-10-15 21:18:56,403 [Thread-8979] INFO  impl.FollowerState (FollowerState.java:run(108)) - 090573f1-c213-462e-b422-6463ca97c373@group-848D76B22711-FollowerState: change to CANDIDATE, lastRpcTime:150ms, electionTimeout:150ms
2019-10-15 21:18:56,404 [Thread-8979] INFO  impl.RoleInfo (RoleInfo.java:shutdownFollowerState(121)) - 090573f1-c213-462e-b422-6463ca97c373: shutdown FollowerState
2019-10-15 21:18:56,404 [Thread-8979] INFO  impl.RaftServerImpl (RaftServerImpl.java:setRole(184)) - 090573f1-c213-462e-b422-6463ca97c373@group-848D76B22711: changes role from  FOLLOWER to CANDIDATE at term 70 for changeToCandidate
2019-10-15 21:18:56,404 [Thread-8979] INFO  impl.RoleInfo (RoleInfo.java:updateAndGet(143)) - 090573f1-c213-462e-b422-6463ca97c373: start LeaderElection
2019-10-15 21:18:56,412 [090573f1-c213-462e-b422-6463ca97c373@group-848D76B22711-LeaderElection1053] INFO  impl.LeaderElection (LeaderElection.java:askForVotes(178)) - 090573f1-c213-462e-b422-6463ca97c373@group-848D76B22711-LeaderElection1053: begin an election at term 71 for -1: [93d557fa-335e-4e3d-b2bb-e33832802906:192.168.69.102:43737, 090573f1-c213-462e-b422-6463ca97c373:192.168.69.102:43336, db364705-f60f-4be7-83db-fd25b014fd0b:192.168.69.102:41270], old=null
2019-10-15 21:18:56,414 [grpc-default-executor-2] INFO  impl.RaftServerImpl (RaftServerImpl.java:setRole(184)) - db364705-f60f-4be7-83db-fd25b014fd0b@group-848D76B22711: changes role from  FOLLOWER to FOLLOWER at term 71 for recognizeCandidate:090573f1-c213-462e-b422-6463ca97c373
2019-10-15 21:18:56,415 [grpc-default-executor-2] INFO  impl.RoleInfo (RoleInfo.java:shutdownFollowerState(121)) - db364705-f60f-4be7-83db-fd25b014fd0b: shutdown FollowerState
2019-10-15 21:18:56,414 [grpc-default-executor-7] INFO  impl.RaftServerImpl (RaftServerImpl.java:setRole(184)) - 93d557fa-335e-4e3d-b2bb-e33832802906@group-848D76B22711: changes role from  FOLLOWER to FOLLOWER at term 71 for recognizeCandidate:090573f1-c213-462e-b422-6463ca97c373
2019-10-15 21:18:56,415 [Thread-8978] INFO  impl.FollowerState (FollowerState.java:run(117)) - db364705-f60f-4be7-83db-fd25b014fd0b@group-848D76B22711-FollowerState was interrupted: java.lang.InterruptedException: sleep interrupted
2019-10-15 21:18:56,415 [grpc-default-executor-2] INFO  impl.RoleInfo (RoleInfo.java:updateAndGet(143)) - db364705-f60f-4be7-83db-fd25b014fd0b: start FollowerState
2019-10-15 21:18:56,415 [grpc-default-executor-7] INFO  impl.RoleInfo (RoleInfo.java:shutdownFollowerState(121)) - 93d557fa-335e-4e3d-b2bb-e33832802906: shutdown FollowerState
2019-10-15 21:18:56,415 [grpc-default-executor-7] INFO  impl.RoleInfo (RoleInfo.java:updateAndGet(143)) - 93d557fa-335e-4e3d-b2bb-e33832802906: start FollowerState
2019-10-15 21:18:56,416 [Thread-8977] INFO  impl.FollowerState (FollowerState.java:run(117)) - 93d557fa-335e-4e3d-b2bb-e33832802906@group-848D76B22711-FollowerState was interrupted: java.lang.InterruptedException: sleep interrupted
2019-10-15 21:18:56,428 [090573f1-c213-462e-b422-6463ca97c373@group-848D76B22711-LeaderElection1053] INFO  impl.LeaderElection (LeaderElection.java:logAndReturn(56)) - 090573f1-c213-462e-b422-6463ca97c373@group-848D76B22711-LeaderElection1053: Election REJECTED; received 2 response(s) [090573f1-c213-462e-b422-6463ca97c373<-93d557fa-335e-4e3d-b2bb-e33832802906#0:FAIL-t71, 090573f1-c213-462e-b422-6463ca97c373<-db364705-f60f-4be7-83db-fd25b014fd0b#0:FAIL-t71] and 0 exception(s); 090573f1-c213-462e-b422-6463ca97c373@group-848D76B22711:t71, leader=null, voted=090573f1-c213-462e-b422-6463ca97c373, raftlog=090573f1-c213-462e-b422-6463ca97c373@group-848D76B22711-SegmentedRaftLog:OPENED:c-1,f-1,i0, conf=-1: [93d557fa-335e-4e3d-b2bb-e33832802906:192.168.69.102:43737, 090573f1-c213-462e-b422-6463ca97c373:192.168.69.102:43336, db364705-f60f-4be7-83db-fd25b014fd0b:192.168.69.102:41270], old=null
2019-10-15 21:18:56,428 [090573f1-c213-462e-b422-6463ca97c373@group-848D76B22711-LeaderElection1053] INFO  impl.RaftServerImpl (RaftServerImpl.java:setRole(184)) - 090573f1-c213-462e-b422-6463ca97c373@group-848D76B22711: changes role from CANDIDATE to FOLLOWER at term 71 for DISCOVERED_A_NEW_TERM
2019-10-15 21:18:56,429 [090573f1-c213-462e-b422-6463ca97c373@group-848D76B22711-LeaderElection1053] INFO  impl.RoleInfo (RoleInfo.java:shutdownLeaderElection(134)) - 090573f1-c213-462e-b422-6463ca97c373: shutdown LeaderElection
2019-10-15 21:18:56,429 [090573f1-c213-462e-b422-6463ca97c373@group-848D76B22711-LeaderElection1053] INFO  impl.RoleInfo (RoleInfo.java:updateAndGet(143)) - 090573f1-c213-462e-b422-6463ca97c373: start FollowerState
2019-10-15 21:18:56,514 [Thread-8987] INFO  impl.FollowerState (FollowerState.java:run(108)) - 090573f1-c213-462e-b422-6463ca97c373@group-848D76B22711-FollowerState: change to CANDIDATE, lastRpcTime:85ms, electionTimeout:85ms
2019-10-15 21:18:56,514 [Thread-8987] INFO  impl.RoleInfo (RoleInfo.java:shutdownFollowerState(121)) - 090573f1-c213-462e-b422-6463ca97c373: shutdown FollowerState
2019-10-15 21:18:56,514 [Thread-8987] INFO  impl.RaftServerImpl (RaftServerImpl.java:setRole(184)) - 090573f1-c213-462e-b422-6463ca97c373@group-848D76B22711: changes role from  FOLLOWER to CANDIDATE at term 71 for changeToCandidate
2019-10-15 21:18:56,514 [Thread-8987] INFO  impl.RoleInfo (RoleInfo.java:updateAndGet(143)) - 090573f1-c213-462e-b422-6463ca97c373: start LeaderElection
2019-10-15 21:18:56,531 [090573f1-c213-462e-b422-6463ca97c373@group-848D76B22711-LeaderElection1054] INFO  impl.LeaderElection (LeaderElection.java:askForVotes(178)) - 090573f1-c213-462e-b422-6463ca97c373@group-848D76B22711-LeaderElection1054: begin an election at term 72 for -1: [93d557fa-335e-4e3d-b2bb-e33832802906:192.168.69.102:43737, 090573f1-c213-462e-b422-6463ca97c373:192.168.69.102:43336, db364705-f60f-4be7-83db-fd25b014fd0b:192.168.69.102:41270], old=null
2019-10-15 21:18:56,532 [grpc-default-executor-2] INFO  impl.RaftServerImpl (RaftServerImpl.java:setRole(184)) - db364705-f60f-4be7-83db-fd25b014fd0b@group-848D76B22711: changes role from  FOLLOWER to FOLLOWER at term 72 for recognizeCandidate:090573f1-c213-462e-b422-6463ca97c373
2019-10-15 21:18:56,532 [grpc-default-executor-2] INFO  impl.RoleInfo (RoleInfo.java:shutdownFollowerState(121)) - db364705-f60f-4be7-83db-fd25b014fd0b: shutdown FollowerState
2019-10-15 21:18:56,532 [grpc-default-executor-7] INFO  impl.RaftServerImpl (RaftServerImpl.java:setRole(184)) - 93d557fa-335e-4e3d-b2bb-e33832802906@group-848D76B22711: changes role from  FOLLOWER to FOLLOWER at term 72 for recognizeCandidate:090573f1-c213-462e-b422-6463ca97c373
2019-10-15 21:18:56,532 [Thread-8985] INFO  impl.FollowerState (FollowerState.java:run(117)) - db364705-f60f-4be7-83db-fd25b014fd0b@group-848D76B22711-FollowerState was interrupted: java.lang.InterruptedException: sleep interrupted
2019-10-15 21:18:56,532 [grpc-default-executor-2] INFO  impl.RoleInfo (RoleInfo.java:updateAndGet(143)) - db364705-f60f-4be7-83db-fd25b014fd0b: start FollowerState
2019-10-15 21:18:56,532 [grpc-default-executor-7] INFO  impl.RoleInfo (RoleInfo.java:shutdownFollowerState(121)) - 93d557fa-335e-4e3d-b2bb-e33832802906: shutdown FollowerState
2019-10-15 21:18:56,533 [grpc-default-executor-7] INFO  impl.RoleInfo (RoleInfo.java:updateAndGet(143)) - 93d557fa-335e-4e3d-b2bb-e33832802906: start FollowerState
2019-10-15 21:18:56,533 [Thread-8986] INFO  impl.FollowerState (FollowerState.java:run(117)) - 93d557fa-335e-4e3d-b2bb-e33832802906@group-848D76B22711-FollowerState was interrupted: java.lang.InterruptedException: sleep interrupted
2019-10-15 21:18:56,546 [090573f1-c213-462e-b422-6463ca97c373@group-848D76B22711-LeaderElection1054] INFO  impl.LeaderElection (LeaderElection.java:logAndReturn(56)) - 090573f1-c213-462e-b422-6463ca97c373@group-848D76B22711-LeaderElection1054: Election REJECTED; received 2 response(s) [090573f1-c213-462e-b422-6463ca97c373<-93d557fa-335e-4e3d-b2bb-e33832802906#0:FAIL-t72, 090573f1-c213-462e-b422-6463ca97c373<-db364705-f60f-4be7-83db-fd25b014fd0b#0:FAIL-t72] and 0 exception(s); 090573f1-c213-462e-b422-6463ca97c373@group-848D76B22711:t72, leader=null, voted=090573f1-c213-462e-b422-6463ca97c373, raftlog=090573f1-c213-462e-b422-6463ca97c373@group-848D76B22711-SegmentedRaftLog:OPENED:c-1,f-1,i0, conf=-1: [93d557fa-335e-4e3d-b2bb-e33832802906:192.168.69.102:43737, 090573f1-c213-462e-b422-6463ca97c373:192.168.69.102:43336, db364705-f60f-4be7-83db-fd25b014fd0b:192.168.69.102:41270], old=null
2019-10-15 21:18:56,546 [090573f1-c213-462e-b422-6463ca97c373@group-848D76B22711-LeaderElection1054] INFO  impl.RaftServerImpl (RaftServerImpl.java:setRole(184)) - 090573f1-c213-462e-b422-6463ca97c373@group-848D76B22711: changes role from CANDIDATE to FOLLOWER at term 72 for DISCOVERED_A_NEW_TERM
2019-10-15 21:18:56,546 [090573f1-c213-462e-b422-6463ca97c373@group-848D76B22711-LeaderElection1054] INFO  impl.RoleInfo (RoleInfo.java:shutdownLeaderElection(134)) - 090573f1-c213-462e-b422-6463ca97c373: shutdown LeaderElection
2019-10-15 21:18:56,546 [090573f1-c213-462e-b422-6463ca97c373@group-848D76B22711-LeaderElection1054] INFO  impl.RoleInfo (RoleInfo.java:updateAndGet(143)) - 090573f1-c213-462e-b422-6463ca97c373: start FollowerState
2019-10-15 21:18:56,728 [Thread-8993] INFO  impl.FollowerState (FollowerState.java:run(108)) - 090573f1-c213-462e-b422-6463ca97c373@group-848D76B22711-FollowerState: change to CANDIDATE, lastRpcTime:181ms, electionTimeout:181ms
2019-10-15 21:18:56,728 [Thread-8993] INFO  impl.RoleInfo (RoleInfo.java:shutdownFollowerState(121)) - 090573f1-c213-462e-b422-6463ca97c373: shutdown FollowerState
2019-10-15 21:18:56,728 [Thread-8993] INFO  impl.RaftServerImpl (RaftServerImpl.java:setRole(184)) - 090573f1-c213-462e-b422-6463ca97c373@group-848D76B22711: changes role from  FOLLOWER to CANDIDATE at term 72 for changeToCandidate
2019-10-15 21:18:56,728 [Thread-8993] INFO  impl.RoleInfo (RoleInfo.java:updateAndGet(143)) - 090573f1-c213-462e-b422-6463ca97c373: start LeaderElection
2019-10-15 21:18:56,735 [090573f1-c213-462e-b422-6463ca97c373@group-848D76B22711-LeaderElection1055] INFO  impl.LeaderElection (LeaderElection.java:askForVotes(178)) - 090573f1-c213-462e-b422-6463ca97c373@group-848D76B22711-LeaderElection1055: begin an election at term 73 for -1: [93d557fa-335e-4e3d-b2bb-e33832802906:192.168.69.102:43737, 090573f1-c213-462e-b422-6463ca97c373:192.168.69.102:43336, db364705-f60f-4be7-83db-fd25b014fd0b:192.168.69.102:41270], old=null
2019-10-15 21:18:56,737 [grpc-default-executor-7] INFO  impl.RaftServerImpl (RaftServerImpl.java:setRole(184)) - 93d557fa-335e-4e3d-b2bb-e33832802906@group-848D76B22711: changes role from  FOLLOWER to FOLLOWER at term 73 for recognizeCandidate:090573f1-c213-462e-b422-6463ca97c373
2019-10-15 21:18:56,737 [grpc-default-executor-7] INFO  impl.RoleInfo (RoleInfo.java:shutdownFollowerState(121)) - 93d557fa-335e-4e3d-b2bb-e33832802906: shutdown FollowerState
2019-10-15 21:18:56,738 [grpc-default-executor-2] INFO  impl.RaftServerImpl (RaftServerImpl.java:setRole(184)) - db364705-f60f-4be7-83db-fd25b014fd0b@group-848D76B22711: changes role from  FOLLOWER to FOLLOWER at term 73 for recognizeCandidate:090573f1-c213-462e-b422-6463ca97c373
2019-10-15 21:18:56,738 [grpc-default-executor-2] INFO  impl.RoleInfo (RoleInfo.java:shutdownFollowerState(121)) - db364705-f60f-4be7-83db-fd25b014fd0b: shutdown FollowerState
2019-10-15 21:18:56,738 [grpc-default-executor-7] INFO  impl.RoleInfo (RoleInfo.java:updateAndGet(143)) - 93d557fa-335e-4e3d-b2bb-e33832802906: start FollowerState
2019-10-15 21:18:56,738 [Thread-8992] INFO  impl.FollowerState (FollowerState.java:run(117)) - 93d557fa-335e-4e3d-b2bb-e33832802906@group-848D76B22711-FollowerState was interrupted: java.lang.InterruptedException: sleep interrupted
2019-10-15 21:18:56,738 [Thread-8991] INFO  impl.FollowerState (FollowerState.java:run(117)) - db364705-f60f-4be7-83db-fd25b014fd0b@group-848D76B22711-FollowerState was interrupted: java.lang.InterruptedException: sleep interrupted
2019-10-15 21:18:56,738 [grpc-default-executor-2] INFO  impl.RoleInfo (RoleInfo.java:updateAndGet(143)) - db364705-f60f-4be7-83db-fd25b014fd0b: start FollowerState
2019-10-15 21:18:56,753 [090573f1-c213-462e-b422-6463ca97c373@group-848D76B22711-LeaderElection1055] INFO  impl.LeaderElection (LeaderElection.java:logAndReturn(56)) - 090573f1-c213-462e-b422-6463ca97c373@group-848D76B22711-LeaderElection1055: Election REJECTED; received 2 response(s) [090573f1-c213-462e-b422-6463ca97c373<-93d557fa-335e-4e3d-b2bb-e33832802906#0:FAIL-t73, 090573f1-c213-462e-b422-6463ca97c373<-db364705-f60f-4be7-83db-fd25b014fd0b#0:FAIL-t73] and 0 exception(s); 090573f1-c213-462e-b422-6463ca97c373@group-848D76B22711:t73, leader=null, voted=090573f1-c213-462e-b422-6463ca97c373, raftlog=090573f1-c213-462e-b422-6463ca97c373@group-848D76B22711-SegmentedRaftLog:OPENED:c-1,f-1,i0, conf=-1: [93d557fa-335e-4e3d-b2bb-e33832802906:192.168.69.102:43737, 090573f1-c213-462e-b422-6463ca97c373:192.168.69.102:43336, db364705-f60f-4be7-83db-fd25b014fd0b:192.168.69.102:41270], old=null
2019-10-15 21:18:56,753 [090573f1-c213-462e-b422-6463ca97c373@group-848D76B22711-LeaderElection1055] INFO  impl.RaftServerImpl (RaftServerImpl.java:setRole(184)) - 090573f1-c213-462e-b422-6463ca97c373@group-848D76B22711: changes role from CANDIDATE to FOLLOWER at term 73 for DISCOVERED_A_NEW_TERM
2019-10-15 21:18:56,753 [090573f1-c213-462e-b422-6463ca97c373@group-848D76B22711-LeaderElection1055] INFO  impl.RoleInfo (RoleInfo.java:shutdownLeaderElection(134)) - 090573f1-c213-462e-b422-6463ca97c373: shutdown LeaderElection
2019-10-15 21:18:56,753 [090573f1-c213-462e-b422-6463ca97c373@group-848D76B22711-LeaderElection1055] INFO  impl.RoleInfo (RoleInfo.java:updateAndGet(143)) - 090573f1-c213-462e-b422-6463ca97c373: start FollowerState
2019-10-15 21:18:56,757 [Thread-9001] INFO  impl.FollowerState (FollowerState.java:run(108)) - 090573f1-c213-462e-b422-6463ca97c373@group-848D76B22711-FollowerState: change to CANDIDATE, lastRpcTime:4ms, electionTimeout:4ms
2019-10-15 21:18:56,757 [Thread-9001] INFO  impl.RoleInfo (RoleInfo.java:shutdownFollowerState(121)) - 090573f1-c213-462e-b422-6463ca97c373: shutdown FollowerState
2019-10-15 21:18:56,757 [Thread-9001] INFO  impl.RaftServerImpl (RaftServerImpl.java:setRole(184)) - 090573f1-c213-462e-b422-6463ca97c373@group-848D76B22711: changes role from  FOLLOWER to CANDIDATE at term 73 for changeToCandidate
2019-10-15 21:18:56,757 [Thread-9001] INFO  impl.RoleInfo (RoleInfo.java:updateAndGet(143)) - 090573f1-c213-462e-b422-6463ca97c373: start LeaderElection
2019-10-15 21:18:56,769 [090573f1-c213-462e-b422-6463ca97c373@group-848D76B22711-LeaderElection1056] INFO  impl.LeaderElection (LeaderElection.java:askForVotes(178)) - 090573f1-c213-462e-b422-6463ca97c373@group-848D76B22711-LeaderElection1056: begin an election at term 74 for -1: [93d557fa-335e-4e3d-b2bb-e33832802906:192.168.69.102:43737, 090573f1-c213-462e-b422-6463ca97c373:192.168.69.102:43336, db364705-f60f-4be7-83db-fd25b014fd0b:192.168.69.102:41270], old=null
2019-10-15 21:18:56,771 [grpc-default-executor-2] INFO  impl.RaftServerImpl (RaftServerImpl.java:setRole(184)) - 93d557fa-335e-4e3d-b2bb-e33832802906@group-848D76B22711: changes role from  FOLLOWER to FOLLOWER at term 74 for recognizeCandidate:090573f1-c213-462e-b422-6463ca97c373
2019-10-15 21:18:56,771 [grpc-default-executor-2] INFO  impl.RoleInfo (RoleInfo.java:shutdownFollowerState(121)) - 93d557fa-335e-4e3d-b2bb-e33832802906: shutdown FollowerState
2019-10-15 21:18:56,771 [grpc-default-executor-2] INFO  impl.RoleInfo (RoleInfo.java:updateAndGet(143)) - 93d557fa-335e-4e3d-b2bb-e33832802906: start FollowerState
2019-10-15 21:18:56,771 [Thread-8999] INFO  impl.FollowerState (FollowerState.java:run(117)) - 93d557fa-335e-4e3d-b2bb-e33832802906@group-848D76B22711-FollowerState was interrupted: java.lang.InterruptedException: sleep interrupted
2019-10-15 21:18:56,771 [grpc-default-executor-7] INFO  impl.RaftServerImpl (RaftServerImpl.java:setRole(184)) - db364705-f60f-4be7-83db-fd25b014fd0b@group-848D76B22711: changes role from  FOLLOWER to FOLLOWER at term 74 for recognizeCandidate:090573f1-c213-462e-b422-6463ca97c373
2019-10-15 21:18:56,771 [grpc-default-executor-7] INFO  impl.RoleInfo (RoleInfo.java:shutdownFollowerState(121)) - db364705-f60f-4be7-83db-fd25b014fd0b: shutdown FollowerState
2019-10-15 21:18:56,771 [grpc-default-executor-7] INFO  impl.RoleInfo (RoleInfo.java:updateAndGet(143)) - db364705-f60f-4be7-83db-fd25b014fd0b: start FollowerState
2019-10-15 21:18:56,771 [Thread-9000] INFO  impl.FollowerState (FollowerState.java:run(117)) - db364705-f60f-4be7-83db-fd25b014fd0b@group-848D76B22711-FollowerState was interrupted: java.lang.InterruptedException: sleep interrupted
2019-10-15 21:18:56,775 [090573f1-c213-462e-b422-6463ca97c373@group-848D76B22711-LeaderElection1056] INFO  impl.LeaderElection (LeaderElection.java:logAndReturn(56)) - 090573f1-c213-462e-b422-6463ca97c373@group-848D76B22711-LeaderElection1056: Election REJECTED; received 2 response(s) [090573f1-c213-462e-b422-6463ca97c373<-93d557fa-335e-4e3d-b2bb-e33832802906#0:FAIL-t74, 090573f1-c213-462e-b422-6463ca97c373<-db364705-f60f-4be7-83db-fd25b014fd0b#0:FAIL-t74] and 0 exception(s); 090573f1-c213-462e-b422-6463ca97c373@group-848D76B22711:t74, leader=null, voted=090573f1-c213-462e-b422-6463ca97c373, raftlog=090573f1-c213-462e-b422-6463ca97c373@group-848D76B22711-SegmentedRaftLog:OPENED:c-1,f-1,i0, conf=-1: [93d557fa-335e-4e3d-b2bb-e33832802906:192.168.69.102:43737, 090573f1-c213-462e-b422-6463ca97c373:192.168.69.102:43336, db364705-f60f-4be7-83db-fd25b014fd0b:192.168.69.102:41270], old=null
2019-10-15 21:18:56,775 [090573f1-c213-462e-b422-6463ca97c373@group-848D76B22711-LeaderElection1056] INFO  impl.RaftServerImpl (RaftServerImpl.java:setRole(184)) - 090573f1-c213-462e-b422-6463ca97c373@group-848D76B22711: changes role from CANDIDATE to FOLLOWER at term 74 for DISCOVERED_A_NEW_TERM
2019-10-15 21:18:56,775 [090573f1-c213-462e-b422-6463ca97c373@group-848D76B22711-LeaderElection1056] INFO  impl.RoleInfo (RoleInfo.java:shutdownLeaderElection(134)) - 090573f1-c213-462e-b422-6463ca97c373: shutdown LeaderElection
2019-10-15 21:18:56,775 [090573f1-c213-462e-b422-6463ca97c373@group-848D76B22711-LeaderElection1056] INFO  impl.RoleInfo (RoleInfo.java:updateAndGet(143)) - 090573f1-c213-462e-b422-6463ca97c373: start FollowerState
2019-10-15 21:18:56,825 [Thread-9007] INFO  impl.FollowerState (FollowerState.java:run(108)) - 090573f1-c213-462e-b422-6463ca97c373@group-848D76B22711-FollowerState: change to CANDIDATE, lastRpcTime:49ms, electionTimeout:49ms
2019-10-15 21:18:56,825 [Thread-9007] INFO  impl.RoleInfo (RoleInfo.java:shutdownFollowerState(121)) - 090573f1-c213-462e-b422-6463ca97c373: shutdown FollowerState
2019-10-15 21:18:56,825 [Thread-9007] INFO  impl.RaftServerImpl (RaftServerImpl.java:setRole(184)) - 090573f1-c213-462e-b422-6463ca97c373@group-848D76B22711: changes role from  FOLLOWER to CANDIDATE at term 74 for changeToCandidate
2019-10-15 21:18:56,825 [Thread-9007] INFO  impl.RoleInfo (RoleInfo.java:updateAndGet(143)) - 090573f1-c213-462e-b422-6463ca97c373: start LeaderElection
2019-10-15 21:18:56,836 [090573f1-c213-462e-b422-6463ca97c373@group-848D76B22711-LeaderElection1057] INFO  impl.LeaderElection (LeaderElection.java:askForVotes(178)) - 090573f1-c213-462e-b422-6463ca97c373@group-848D76B22711-LeaderElection1057: begin an election at term 75 for -1: [93d557fa-335e-4e3d-b2bb-e33832802906:192.168.69.102:43737, 090573f1-c213-462e-b422-6463ca97c373:192.168.69.102:43336, db364705-f60f-4be7-83db-fd25b014fd0b:192.168.69.102:41270], old=null
2019-10-15 21:18:56,838 [grpc-default-executor-7] INFO  impl.RaftServerImpl (RaftServerImpl.java:setRole(184)) - db364705-f60f-4be7-83db-fd25b014fd0b@group-848D76B22711: changes role from  FOLLOWER to FOLLOWER at term 75 for recognizeCandidate:090573f1-c213-462e-b422-6463ca97c373
2019-10-15 21:18:56,838 [grpc-default-executor-7] INFO  impl.RoleInfo (RoleInfo.java:shutdownFollowerState(121)) - db364705-f60f-4be7-83db-fd25b014fd0b: shutdown FollowerState
2019-10-15 21:18:56,838 [grpc-default-executor-7] INFO  impl.RoleInfo (RoleInfo.java:updateAndGet(143)) - db364705-f60f-4be7-83db-fd25b014fd0b: start FollowerState
2019-10-15 21:18:56,838 [Thread-9006] INFO  impl.FollowerState (FollowerState.java:run(117)) - db364705-f60f-4be7-83db-fd25b014fd0b@group-848D76B22711-FollowerState was interrupted: java.lang.InterruptedException: sleep interrupted
2019-10-15 21:18:56,838 [grpc-default-executor-2] INFO  impl.RaftServerImpl (RaftServerImpl.java:setRole(184)) - 93d557fa-335e-4e3d-b2bb-e33832802906@group-848D76B22711: changes role from  FOLLOWER to FOLLOWER at term 75 for recognizeCandidate:090573f1-c213-462e-b422-6463ca97c373
2019-10-15 21:18:56,838 [grpc-default-executor-2] INFO  impl.RoleInfo (RoleInfo.java:shutdownFollowerState(121)) - 93d557fa-335e-4e3d-b2bb-e33832802906: shutdown FollowerState
2019-10-15 21:18:56,838 [grpc-default-executor-2] INFO  impl.RoleInfo (RoleInfo.java:updateAndGet(143)) - 93d557fa-335e-4e3d-b2bb-e33832802906: start FollowerState
2019-10-15 21:18:56,838 [Thread-9005] INFO  impl.FollowerState (FollowerState.java:run(117)) - 93d557fa-335e-4e3d-b2bb-e33832802906@group-848D76B22711-FollowerState was interrupted: java.lang.InterruptedException: sleep interrupted
2019-10-15 21:18:56,855 [090573f1-c213-462e-b422-6463ca97c373@group-848D76B22711-LeaderElection1057] INFO  impl.LeaderElection (LeaderElection.java:logAndReturn(56)) - 090573f1-c213-462e-b422-6463ca97c373@group-848D76B22711-LeaderElection1057: Election REJECTED; received 2 response(s) [090573f1-c213-462e-b422-6463ca97c373<-93d557fa-335e-4e3d-b2bb-e33832802906#0:FAIL-t75, 090573f1-c213-462e-b422-6463ca97c373<-db364705-f60f-4be7-83db-fd25b014fd0b#0:FAIL-t75] and 0 exception(s); 090573f1-c213-462e-b422-6463ca97c373@group-848D76B22711:t75, leader=null, voted=090573f1-c213-462e-b422-6463ca97c373, raftlog=090573f1-c213-462e-b422-6463ca97c373@group-848D76B22711-SegmentedRaftLog:OPENED:c-1,f-1,i0, conf=-1: [93d557fa-335e-4e3d-b2bb-e33832802906:192.168.69.102:43737, 090573f1-c213-462e-b422-6463ca97c373:192.168.69.102:43336, db364705-f60f-4be7-83db-fd25b014fd0b:192.168.69.102:41270], old=null
2019-10-15 21:18:56,855 [090573f1-c213-462e-b422-6463ca97c373@group-848D76B22711-LeaderElection1057] INFO  impl.RaftServerImpl (RaftServerImpl.java:setRole(184)) - 090573f1-c213-462e-b422-6463ca97c373@group-848D76B22711: changes role from CANDIDATE to FOLLOWER at term 75 for DISCOVERED_A_NEW_TERM
2019-10-15 21:18:56,855 [090573f1-c213-462e-b422-6463ca97c373@group-848D76B22711-LeaderElection1057] INFO  impl.RoleInfo (RoleInfo.java:shutdownLeaderElection(134)) - 090573f1-c213-462e-b422-6463ca97c373: shutdown LeaderElection
2019-10-15 21:18:56,855 [090573f1-c213-462e-b422-6463ca97c373@group-848D76B22711-LeaderElection1057] INFO  impl.RoleInfo (RoleInfo.java:updateAndGet(143)) - 090573f1-c213-462e-b422-6463ca97c373: start FollowerState
2019-10-15 21:18:56,983 [main] WARN  io.KeyOutputStream (KeyOutputStream.java:handleException(274)) - Encountered exception java.io.IOException: Unexpected Storage Container Exception: java.util.concurrent.CompletionException: java.util.concurrent.CompletionException: org.apache.ratis.protocol.RaftRetryFailureException: Failed RaftClientRequest:client-628D13F43704->db364705-f60f-4be7-83db-fd25b014fd0b@group-848D76B22711, cid=124, seq=1*, RW, cmdType: WriteChunk
traceID: "9201a7fdab0ef437:9201a7fdab0ef437:0:0"
containerID: 1
datanodeUuid: "93d557fa-335e-4e3d-b2bb-e33832802906"
writeChunk {
  blockID {
    containerID: 1
    localID: 102968480737591309
    blockCommitSequenceId: 0
  }
  chunkData {
    chunkName: "102968480737591309_chunk_1"
    offset: 0
    len: 1048576
    checksumData {
      type: CRC32
      bytesPerChecksum: 1048576
      checksums: "o\362\331\036"
    }
  }
}
, data.size=1048576 for 10 attempts with RetryLimited(maxAttempts=10, sleepTime=1000ms) on the pipeline Pipeline[ Id: f15f32ca-4630-492e-96ea-848d76b22711, Nodes: 93d557fa-335e-4e3d-b2bb-e33832802906{ip: 192.168.69.102, host: pr-hdds-2254-trunk-ddzgt-1485873308, networkLocation: /rack1, certSerialId: null}db364705-f60f-4be7-83db-fd25b014fd0b{ip: 192.168.69.102, host: pr-hdds-2254-trunk-ddzgt-1485873308, networkLocation: /rack1, certSerialId: null}090573f1-c213-462e-b422-6463ca97c373{ip: 192.168.69.102, host: pr-hdds-2254-trunk-ddzgt-1485873308, networkLocation: /rack1, certSerialId: null}, Type:RATIS, Factor:THREE, State:OPEN]. The last committed block length is 0, uncommitted data length is 1048576 retry count 0
2019-10-15 21:18:57,014 [Thread-9015] INFO  impl.FollowerState (FollowerState.java:run(108)) - 090573f1-c213-462e-b422-6463ca97c373@group-848D76B22711-FollowerState: change to CANDIDATE, lastRpcTime:158ms, electionTimeout:158ms
2019-10-15 21:18:57,014 [Thread-9015] INFO  impl.RoleInfo (RoleInfo.java:shutdownFollowerState(121)) - 090573f1-c213-462e-b422-6463ca97c373: shutdown FollowerState
2019-10-15 21:18:57,014 [Thread-9015] INFO  impl.RaftServerImpl (RaftServerImpl.java:setRole(184)) - 090573f1-c213-462e-b422-6463ca97c373@group-848D76B22711: changes role from  FOLLOWER to CANDIDATE at term 75 for changeToCandidate
2019-10-15 21:18:57,014 [Thread-9015] INFO  impl.RoleInfo (RoleInfo.java:updateAndGet(143)) - 090573f1-c213-462e-b422-6463ca97c373: start LeaderElection
2019-10-15 21:18:57,035 [090573f1-c213-462e-b422-6463ca97c373@group-848D76B22711-LeaderElection1058] INFO  impl.LeaderElection (LeaderElection.java:askForVotes(178)) - 090573f1-c213-462e-b422-6463ca97c373@group-848D76B22711-LeaderElection1058: begin an election at term 76 for -1: [93d557fa-335e-4e3d-b2bb-e33832802906:192.168.69.102:43737, 090573f1-c213-462e-b422-6463ca97c373:192.168.69.102:43336, db364705-f60f-4be7-83db-fd25b014fd0b:192.168.69.102:41270], old=null
2019-10-15 21:18:57,038 [grpc-default-executor-7] INFO  impl.RaftServerImpl (RaftServerImpl.java:setRole(184)) - db364705-f60f-4be7-83db-fd25b014fd0b@group-848D76B22711: changes role from  FOLLOWER to FOLLOWER at term 76 for recognizeCandidate:090573f1-c213-462e-b422-6463ca97c373
2019-10-15 21:18:57,038 [grpc-default-executor-7] INFO  impl.RoleInfo (RoleInfo.java:shutdownFollowerState(121)) - db364705-f60f-4be7-83db-fd25b014fd0b: shutdown FollowerState
2019-10-15 21:18:57,038 [grpc-default-executor-2] INFO  impl.RaftServerImpl (RaftServerImpl.java:setRole(184)) - 93d557fa-335e-4e3d-b2bb-e33832802906@group-848D76B22711: changes role from  FOLLOWER to FOLLOWER at term 76 for recognizeCandidate:090573f1-c213-462e-b422-6463ca97c373
2019-10-15 21:18:57,038 [grpc-default-executor-7] INFO  impl.RoleInfo (RoleInfo.java:updateAndGet(143)) - db364705-f60f-4be7-83db-fd25b014fd0b: start FollowerState
2019-10-15 21:18:57,040 [Thread-9013] INFO  impl.FollowerState (FollowerState.java:run(117)) - db364705-f60f-4be7-83db-fd25b014fd0b@group-848D76B22711-FollowerState was interrupted: java.lang.InterruptedException: sleep interrupted
2019-10-15 21:18:57,040 [grpc-default-executor-2] INFO  impl.RoleInfo (RoleInfo.java:shutdownFollowerState(121)) - 93d557fa-335e-4e3d-b2bb-e33832802906: shutdown FollowerState
2019-10-15 21:18:57,040 [grpc-default-executor-2] INFO  impl.RoleInfo (RoleInfo.java:updateAndGet(143)) - 93d557fa-335e-4e3d-b2bb-e33832802906: start FollowerState
2019-10-15 21:18:57,041 [Thread-9014] INFO  impl.FollowerState (FollowerState.java:run(117)) - 93d557fa-335e-4e3d-b2bb-e33832802906@group-848D76B22711-FollowerState was interrupted: java.lang.InterruptedException: sleep interrupted
2019-10-15 21:18:57,045 [090573f1-c213-462e-b422-6463ca97c373@group-848D76B22711-LeaderElection1058] INFO  impl.LeaderElection (LeaderElection.java:logAndReturn(56)) - 090573f1-c213-462e-b422-6463ca97c373@group-848D76B22711-LeaderElection1058: Election REJECTED; received 2 response(s) [090573f1-c213-462e-b422-6463ca97c373<-93d557fa-335e-4e3d-b2bb-e33832802906#0:FAIL-t76, 090573f1-c213-462e-b422-6463ca97c373<-db364705-f60f-4be7-83db-fd25b014fd0b#0:FAIL-t76] and 0 exception(s); 090573f1-c213-462e-b422-6463ca97c373@group-848D76B22711:t76, leader=null, voted=090573f1-c213-462e-b422-6463ca97c373, raftlog=090573f1-c213-462e-b422-6463ca97c373@group-848D76B22711-SegmentedRaftLog:OPENED:c-1,f-1,i0, conf=-1: [93d557fa-335e-4e3d-b2bb-e33832802906:192.168.69.102:43737, 090573f1-c213-462e-b422-6463ca97c373:192.168.69.102:43336, db364705-f60f-4be7-83db-fd25b014fd0b:192.168.69.102:41270], old=null
2019-10-15 21:18:57,046 [090573f1-c213-462e-b422-6463ca97c373@group-848D76B22711-LeaderElection1058] INFO  impl.RaftServerImpl (RaftServerImpl.java:setRole(184)) - 090573f1-c213-462e-b422-6463ca97c373@group-848D76B22711: changes role from CANDIDATE to FOLLOWER at term 76 for DISCOVERED_A_NEW_TERM
2019-10-15 21:18:57,046 [090573f1-c213-462e-b422-6463ca97c373@group-848D76B22711-LeaderElection1058] INFO  impl.RoleInfo (RoleInfo.java:shutdownLeaderElection(134)) - 090573f1-c213-462e-b422-6463ca97c373: shutdown LeaderElection
2019-10-15 21:18:57,046 [090573f1-c213-462e-b422-6463ca97c373@group-848D76B22711-LeaderElection1058] INFO  impl.RoleInfo (RoleInfo.java:updateAndGet(143)) - 090573f1-c213-462e-b422-6463ca97c373: start FollowerState
2019-10-15 21:18:57,142 [Thread-9027] INFO  impl.FollowerState (FollowerState.java:run(108)) - 090573f1-c213-462e-b422-6463ca97c373@group-848D76B22711-FollowerState: change to CANDIDATE, lastRpcTime:96ms, electionTimeout:96ms
2019-10-15 21:18:57,142 [Thread-9027] INFO  impl.RoleInfo (RoleInfo.java:shutdownFollowerState(121)) - 090573f1-c213-462e-b422-6463ca97c373: shutdown FollowerState
2019-10-15 21:18:57,143 [Thread-9027] INFO  impl.RaftServerImpl (RaftServerImpl.java:setRole(184)) - 090573f1-c213-462e-b422-6463ca97c373@group-848D76B22711: changes role from  FOLLOWER to CANDIDATE at term 76 for changeToCandidate
2019-10-15 21:18:57,143 [Thread-9027] INFO  impl.RoleInfo (RoleInfo.java:updateAndGet(143)) - 090573f1-c213-462e-b422-6463ca97c373: start LeaderElection
2019-10-15 21:18:57,156 [090573f1-c213-462e-b422-6463ca97c373@group-848D76B22711-LeaderElection1059] INFO  impl.LeaderElection (LeaderElection.java:askForVotes(178)) - 090573f1-c213-462e-b422-6463ca97c373@group-848D76B22711-LeaderElection1059: begin an election at term 77 for -1: [93d557fa-335e-4e3d-b2bb-e33832802906:192.168.69.102:43737, 090573f1-c213-462e-b422-6463ca97c373:192.168.69.102:43336, db364705-f60f-4be7-83db-fd25b014fd0b:192.168.69.102:41270], old=null
2019-10-15 21:18:57,158 [grpc-default-executor-3] INFO  impl.RaftServerImpl (RaftServerImpl.java:setRole(184)) - 93d557fa-335e-4e3d-b2bb-e33832802906@group-848D76B22711: changes role from  FOLLOWER to FOLLOWER at term 77 for recognizeCandidate:090573f1-c213-462e-b422-6463ca97c373
2019-10-15 21:18:57,158 [grpc-default-executor-7] INFO  impl.RaftServerImpl (RaftServerImpl.java:setRole(184)) - db364705-f60f-4be7-83db-fd25b014fd0b@group-848D76B22711: changes role from  FOLLOWER to FOLLOWER at term 77 for recognizeCandidate:090573f1-c213-462e-b422-6463ca97c373
2019-10-15 21:18:57,158 [grpc-default-executor-7] INFO  impl.RoleInfo (RoleInfo.java:shutdownFollowerState(121)) - db364705-f60f-4be7-83db-fd25b014fd0b: shutdown FollowerState
2019-10-15 21:18:57,158 [grpc-default-executor-3] INFO  impl.RoleInfo (RoleInfo.java:shutdownFollowerState(121)) - 93d557fa-335e-4e3d-b2bb-e33832802906: shutdown FollowerState
2019-10-15 21:18:57,158 [Thread-9025] INFO  impl.FollowerState (FollowerState.java:run(117)) - db364705-f60f-4be7-83db-fd25b014fd0b@group-848D76B22711-FollowerState was interrupted: java.lang.InterruptedException: sleep interrupted
2019-10-15 21:18:57,158 [grpc-default-executor-7] INFO  impl.RoleInfo (RoleInfo.java:updateAndGet(143)) - db364705-f60f-4be7-83db-fd25b014fd0b: start FollowerState
2019-10-15 21:18:57,159 [grpc-default-executor-3] INFO  impl.RoleInfo (RoleInfo.java:updateAndGet(143)) - 93d557fa-335e-4e3d-b2bb-e33832802906: start FollowerState
2019-10-15 21:18:57,159 [Thread-9026] INFO  impl.FollowerState (FollowerState.java:run(117)) - 93d557fa-335e-4e3d-b2bb-e33832802906@group-848D76B22711-FollowerState was interrupted: java.lang.InterruptedException: sleep interrupted
2019-10-15 21:18:57,173 [090573f1-c213-462e-b422-6463ca97c373@group-848D76B22711-LeaderElection1059] INFO  impl.LeaderElection (LeaderElection.java:logAndReturn(56)) - 090573f1-c213-462e-b422-6463ca97c373@group-848D76B22711-LeaderElection1059: Election REJECTED; received 2 response(s) [090573f1-c213-462e-b422-6463ca97c373<-93d557fa-335e-4e3d-b2bb-e33832802906#0:FAIL-t77, 090573f1-c213-462e-b422-6463ca97c373<-db364705-f60f-4be7-83db-fd25b014fd0b#0:FAIL-t77] and 0 exception(s); 090573f1-c213-462e-b422-6463ca97c373@group-848D76B22711:t77, leader=null, voted=090573f1-c213-462e-b422-6463ca97c373, raftlog=090573f1-c213-462e-b422-6463ca97c373@group-848D76B22711-SegmentedRaftLog:OPENED:c-1,f-1,i0, conf=-1: [93d557fa-335e-4e3d-b2bb-e33832802906:192.168.69.102:43737, 090573f1-c213-462e-b422-6463ca97c373:192.168.69.102:43336, db364705-f60f-4be7-83db-fd25b014fd0b:192.168.69.102:41270], old=null
2019-10-15 21:18:57,174 [090573f1-c213-462e-b422-6463ca97c373@group-848D76B22711-LeaderElection1059] INFO  impl.RaftServerImpl (RaftServerImpl.java:setRole(184)) - 090573f1-c213-462e-b422-6463ca97c373@group-848D76B22711: changes role from CANDIDATE to FOLLOWER at term 77 for DISCOVERED_A_NEW_TERM
2019-10-15 21:18:57,174 [090573f1-c213-462e-b422-6463ca97c373@group-848D76B22711-LeaderElection1059] INFO  impl.RoleInfo (RoleInfo.java:shutdownLeaderElection(134)) - 090573f1-c213-462e-b422-6463ca97c373: shutdown LeaderElection
2019-10-15 21:18:57,174 [090573f1-c213-462e-b422-6463ca97c373@group-848D76B22711-LeaderElection1059] INFO  impl.RoleInfo (RoleInfo.java:updateAndGet(143)) - 090573f1-c213-462e-b422-6463ca97c373: start FollowerState
2019-10-15 21:18:57,189 [Thread-9033] INFO  impl.FollowerState (FollowerState.java:run(108)) - 090573f1-c213-462e-b422-6463ca97c373@group-848D76B22711-FollowerState: change to CANDIDATE, lastRpcTime:15ms, electionTimeout:15ms
2019-10-15 21:18:57,189 [Thread-9033] INFO  impl.RoleInfo (RoleInfo.java:shutdownFollowerState(121)) - 090573f1-c213-462e-b422-6463ca97c373: shutdown FollowerState
2019-10-15 21:18:57,189 [Thread-9033] INFO  impl.RaftServerImpl (RaftServerImpl.java:setRole(184)) - 090573f1-c213-462e-b422-6463ca97c373@group-848D76B22711: changes role from  FOLLOWER to CANDIDATE at term 77 for changeToCandidate
2019-10-15 21:18:57,189 [Thread-9033] INFO  impl.RoleInfo (RoleInfo.java:updateAndGet(143)) - 090573f1-c213-462e-b422-6463ca97c373: start LeaderElection
2019-10-15 21:18:57,199 [090573f1-c213-462e-b422-6463ca97c373@group-848D76B22711-LeaderElection1060] INFO  impl.LeaderElection (LeaderElection.java:askForVotes(178)) - 090573f1-c213-462e-b422-6463ca97c373@group-848D76B22711-LeaderElection1060: begin an election at term 78 for -1: [93d557fa-335e-4e3d-b2bb-e33832802906:192.168.69.102:43737, 090573f1-c213-462e-b422-6463ca97c373:192.168.69.102:43336, db364705-f60f-4be7-83db-fd25b014fd0b:192.168.69.102:41270], old=null
2019-10-15 21:18:57,206 [grpc-default-executor-7] INFO  impl.RaftServerImpl (RaftServerImpl.java:setRole(184)) - 93d557fa-335e-4e3d-b2bb-e33832802906@group-848D76B22711: changes role from  FOLLOWER to FOLLOWER at term 78 for recognizeCandidate:090573f1-c213-462e-b422-6463ca97c373
2019-10-15 21:18:57,206 [grpc-default-executor-7] INFO  impl.RoleInfo (RoleInfo.java:shutdownFollowerState(121)) - 93d557fa-335e-4e3d-b2bb-e33832802906: shutdown FollowerState
2019-10-15 21:18:57,207 [grpc-default-executor-7] INFO  impl.RoleInfo (RoleInfo.java:updateAndGet(143)) - 93d557fa-335e-4e3d-b2bb-e33832802906: start FollowerState
2019-10-15 21:18:57,207 [Thread-9032] INFO  impl.FollowerState (FollowerState.java:run(117)) - 93d557fa-335e-4e3d-b2bb-e33832802906@group-848D76B22711-FollowerState was interrupted: java.lang.InterruptedException: sleep interrupted
2019-10-15 21:18:57,207 [grpc-default-executor-3] INFO  impl.RaftServerImpl (RaftServerImpl.java:setRole(184)) - db364705-f60f-4be7-83db-fd25b014fd0b@group-848D76B22711: changes role from  FOLLOWER to FOLLOWER at term 78 for recognizeCandidate:090573f1-c213-462e-b422-6463ca97c373
2019-10-15 21:18:57,207 [grpc-default-executor-3] INFO  impl.RoleInfo (RoleInfo.java:shutdownFollowerState(121)) - db364705-f60f-4be7-83db-fd25b014fd0b: shutdown FollowerState
2019-10-15 21:18:57,207 [grpc-default-executor-3] INFO  impl.RoleInfo (RoleInfo.java:updateAndGet(143)) - db364705-f60f-4be7-83db-fd25b014fd0b: start FollowerState
2019-10-15 21:18:57,207 [Thread-9031] INFO  impl.FollowerState (FollowerState.java:run(117)) - db364705-f60f-4be7-83db-fd25b014fd0b@group-848D76B22711-FollowerState was interrupted: java.lang.InterruptedException: sleep interrupted
2019-10-15 21:18:57,218 [090573f1-c213-462e-b422-6463ca97c373@group-848D76B22711-LeaderElection1060] INFO  impl.LeaderElection (LeaderElection.java:logAndReturn(56)) - 090573f1-c213-462e-b422-6463ca97c373@group-848D76B22711-LeaderElection1060: Election REJECTED; received 2 response(s) [090573f1-c213-462e-b422-6463ca97c373<-93d557fa-335e-4e3d-b2bb-e33832802906#0:FAIL-t78, 090573f1-c213-462e-b422-6463ca97c373<-db364705-f60f-4be7-83db-fd25b014fd0b#0:FAIL-t78] and 0 exception(s); 090573f1-c213-462e-b422-6463ca97c373@group-848D76B22711:t78, leader=null, voted=090573f1-c213-462e-b422-6463ca97c373, raftlog=090573f1-c213-462e-b422-6463ca97c373@group-848D76B22711-SegmentedRaftLog:OPENED:c-1,f-1,i0, conf=-1: [93d557fa-335e-4e3d-b2bb-e33832802906:192.168.69.102:43737, 090573f1-c213-462e-b422-6463ca97c373:192.168.69.102:43336, db364705-f60f-4be7-83db-fd25b014fd0b:192.168.69.102:41270], old=null
2019-10-15 21:18:57,218 [090573f1-c213-462e-b422-6463ca97c373@group-848D76B22711-LeaderElection1060] INFO  impl.RaftServerImpl (RaftServerImpl.java:setRole(184)) - 090573f1-c213-462e-b422-6463ca97c373@group-848D76B22711: changes role from CANDIDATE to FOLLOWER at term 78 for DISCOVERED_A_NEW_TERM
2019-10-15 21:18:57,219 [090573f1-c213-462e-b422-6463ca97c373@group-848D76B22711-LeaderElection1060] INFO  impl.RoleInfo (RoleInfo.java:shutdownLeaderElection(134)) - 090573f1-c213-462e-b422-6463ca97c373: shutdown LeaderElection
2019-10-15 21:18:57,219 [090573f1-c213-462e-b422-6463ca97c373@group-848D76B22711-LeaderElection1060] INFO  impl.RoleInfo (RoleInfo.java:updateAndGet(143)) - 090573f1-c213-462e-b422-6463ca97c373: start FollowerState
2019-10-15 21:18:57,412 [Thread-9052] INFO  impl.FollowerState (FollowerState.java:run(108)) - 090573f1-c213-462e-b422-6463ca97c373@group-848D76B22711-FollowerState: change to CANDIDATE, lastRpcTime:193ms, electionTimeout:193ms
2019-10-15 21:18:57,412 [Thread-9052] INFO  impl.RoleInfo (RoleInfo.java:shutdownFollowerState(121)) - 090573f1-c213-462e-b422-6463ca97c373: shutdown FollowerState
2019-10-15 21:18:57,412 [Thread-9052] INFO  impl.RaftServerImpl (RaftServerImpl.java:setRole(184)) - 090573f1-c213-462e-b422-6463ca97c373@group-848D76B22711: changes role from  FOLLOWER to CANDIDATE at term 78 for changeToCandidate
2019-10-15 21:18:57,412 [Thread-9052] INFO  impl.RoleInfo (RoleInfo.java:updateAndGet(143)) - 090573f1-c213-462e-b422-6463ca97c373: start LeaderElection
2019-10-15 21:18:57,418 [090573f1-c213-462e-b422-6463ca97c373@group-848D76B22711-LeaderElection1061] INFO  impl.LeaderElection (LeaderElection.java:askForVotes(178)) - 090573f1-c213-462e-b422-6463ca97c373@group-848D76B22711-LeaderElection1061: begin an election at term 79 for -1: [93d557fa-335e-4e3d-b2bb-e33832802906:192.168.69.102:43737, 090573f1-c213-462e-b422-6463ca97c373:192.168.69.102:43336, db364705-f60f-4be7-83db-fd25b014fd0b:192.168.69.102:41270], old=null
2019-10-15 21:18:57,420 [grpc-default-executor-7] INFO  impl.RaftServerImpl (RaftServerImpl.java:setRole(184)) - 93d557fa-335e-4e3d-b2bb-e33832802906@group-848D76B22711: changes role from  FOLLOWER to FOLLOWER at term 79 for recognizeCandidate:090573f1-c213-462e-b422-6463ca97c373
2019-10-15 21:18:57,420 [grpc-default-executor-3] INFO  impl.RaftServerImpl (RaftServerImpl.java:setRole(184)) - db364705-f60f-4be7-83db-fd25b014fd0b@group-848D76B22711: changes role from  FOLLOWER to FOLLOWER at term 79 for recognizeCandidate:090573f1-c213-462e-b422-6463ca97c373
2019-10-15 21:18:57,420 [grpc-default-executor-7] INFO  impl.RoleInfo (RoleInfo.java:shutdownFollowerState(121)) - 93d557fa-335e-4e3d-b2bb-e33832802906: shutdown FollowerState
2019-10-15 21:18:57,420 [grpc-default-executor-3] INFO  impl.RoleInfo (RoleInfo.java:shutdownFollowerState(121)) - db364705-f60f-4be7-83db-fd25b014fd0b: shutdown FollowerState
2019-10-15 21:18:57,420 [Thread-9048] INFO  impl.FollowerState (FollowerState.java:run(117)) - 93d557fa-335e-4e3d-b2bb-e33832802906@group-848D76B22711-FollowerState was interrupted: java.lang.InterruptedException: sleep interrupted
2019-10-15 21:18:57,420 [grpc-default-executor-7] INFO  impl.RoleInfo (RoleInfo.java:updateAndGet(143)) - 93d557fa-335e-4e3d-b2bb-e33832802906: start FollowerState
2019-10-15 21:18:57,420 [Thread-9049] INFO  impl.FollowerState (FollowerState.java:run(117)) - db364705-f60f-4be7-83db-fd25b014fd0b@group-848D76B22711-FollowerState was interrupted: java.lang.InterruptedException: sleep interrupted
2019-10-15 21:18:57,420 [grpc-default-executor-3] INFO  impl.RoleInfo (RoleInfo.java:updateAndGet(143)) - db364705-f60f-4be7-83db-fd25b014fd0b: start FollowerState
2019-10-15 21:18:57,426 [090573f1-c213-462e-b422-6463ca97c373@group-848D76B22711-LeaderElection1061] INFO  impl.LeaderElection (LeaderElection.java:logAndReturn(56)) - 090573f1-c213-462e-b422-6463ca97c373@group-848D76B22711-LeaderElection1061: Election REJECTED; received 2 response(s) [090573f1-c213-462e-b422-6463ca97c373<-93d557fa-335e-4e3d-b2bb-e33832802906#0:FAIL-t79, 090573f1-c213-462e-b422-6463ca97c373<-db364705-f60f-4be7-83db-fd25b014fd0b#0:FAIL-t79] and 0 exception(s); 090573f1-c213-462e-b422-6463ca97c373@group-848D76B22711:t79, leader=null, voted=090573f1-c213-462e-b422-6463ca97c373, raftlog=090573f1-c213-462e-b422-6463ca97c373@group-848D76B22711-SegmentedRaftLog:OPENED:c-1,f-1,i0, conf=-1: [93d557fa-335e-4e3d-b2bb-e33832802906:192.168.69.102:43737, 090573f1-c213-462e-b422-6463ca97c373:192.168.69.102:43336, db364705-f60f-4be7-83db-fd25b014fd0b:192.168.69.102:41270], old=null
2019-10-15 21:18:57,426 [090573f1-c213-462e-b422-6463ca97c373@group-848D76B22711-LeaderElection1061] INFO  impl.RaftServerImpl (RaftServerImpl.java:setRole(184)) - 090573f1-c213-462e-b422-6463ca97c373@group-848D76B22711: changes role from CANDIDATE to FOLLOWER at term 79 for DISCOVERED_A_NEW_TERM
2019-10-15 21:18:57,426 [090573f1-c213-462e-b422-6463ca97c373@group-848D76B22711-LeaderElection1061] INFO  impl.RoleInfo (RoleInfo.java:shutdownLeaderElection(134)) - 090573f1-c213-462e-b422-6463ca97c373: shutdown LeaderElection
2019-10-15 21:18:57,426 [090573f1-c213-462e-b422-6463ca97c373@group-848D76B22711-LeaderElection1061] INFO  impl.RoleInfo (RoleInfo.java:updateAndGet(143)) - 090573f1-c213-462e-b422-6463ca97c373: start FollowerState
2019-10-15 21:18:57,587 [Datanode State Machine Thread - 0] INFO  statemachine.DatanodeStateMachine (DatanodeStateMachine.java:lambda$startDaemon$0(350)) - Ozone container server started.
2019-10-15 21:18:57,605 [Thread-9061] INFO  impl.FollowerState (FollowerState.java:run(108)) - 090573f1-c213-462e-b422-6463ca97c373@group-848D76B22711-FollowerState: change to CANDIDATE, lastRpcTime:178ms, electionTimeout:178ms
2019-10-15 21:18:57,605 [Thread-9061] INFO  impl.RoleInfo (RoleInfo.java:shutdownFollowerState(121)) - 090573f1-c213-462e-b422-6463ca97c373: shutdown FollowerState
2019-10-15 21:18:57,605 [Thread-9061] INFO  impl.RaftServerImpl (RaftServerImpl.java:setRole(184)) - 090573f1-c213-462e-b422-6463ca97c373@group-848D76B22711: changes role from  FOLLOWER to CANDIDATE at term 79 for changeToCandidate
2019-10-15 21:18:57,605 [Thread-9061] INFO  impl.RoleInfo (RoleInfo.java:updateAndGet(143)) - 090573f1-c213-462e-b422-6463ca97c373: start LeaderElection
2019-10-15 21:18:57,608 [090573f1-c213-462e-b422-6463ca97c373@group-848D76B22711-LeaderElection1062] INFO  impl.LeaderElection (LeaderElection.java:askForVotes(178)) - 090573f1-c213-462e-b422-6463ca97c373@group-848D76B22711-LeaderElection1062: begin an election at term 80 for -1: [93d557fa-335e-4e3d-b2bb-e33832802906:192.168.69.102:43737, 090573f1-c213-462e-b422-6463ca97c373:192.168.69.102:43336, db364705-f60f-4be7-83db-fd25b014fd0b:192.168.69.102:41270], old=null
2019-10-15 21:18:57,609 [grpc-default-executor-7] INFO  impl.RaftServerImpl (RaftServerImpl.java:setRole(184)) - 93d557fa-335e-4e3d-b2bb-e33832802906@group-848D76B22711: changes role from  FOLLOWER to FOLLOWER at term 80 for recognizeCandidate:090573f1-c213-462e-b422-6463ca97c373
2019-10-15 21:18:57,609 [090573f1-c213-462e-b422-6463ca97c373@group-848D76B22711-LeaderElection1062] INFO  impl.LeaderElection (LeaderElection.java:logAndReturn(56)) - 090573f1-c213-462e-b422-6463ca97c373@group-848D76B22711-LeaderElection1062: Election TIMEOUT; received 0 response(s) [] and 0 exception(s); 090573f1-c213-462e-b422-6463ca97c373@group-848D76B22711:t80, leader=null, voted=090573f1-c213-462e-b422-6463ca97c373, raftlog=090573f1-c213-462e-b422-6463ca97c373@group-848D76B22711-SegmentedRaftLog:OPENED:c-1,f-1,i0, conf=-1: [93d557fa-335e-4e3d-b2bb-e33832802906:192.168.69.102:43737, 090573f1-c213-462e-b422-6463ca97c373:192.168.69.102:43336, db364705-f60f-4be7-83db-fd25b014fd0b:192.168.69.102:41270], old=null
2019-10-15 21:18:57,609 [grpc-default-executor-3] INFO  impl.RaftServerImpl (RaftServerImpl.java:setRole(184)) - db364705-f60f-4be7-83db-fd25b014fd0b@group-848D76B22711: changes role from  FOLLOWER to FOLLOWER at term 80 for recognizeCandidate:090573f1-c213-462e-b422-6463ca97c373
2019-10-15 21:18:57,609 [grpc-default-executor-7] INFO  impl.RoleInfo (RoleInfo.java:shutdownFollowerState(121)) - 93d557fa-335e-4e3d-b2bb-e33832802906: shutdown FollowerState
2019-10-15 21:18:57,609 [grpc-default-executor-3] INFO  impl.RoleInfo (RoleInfo.java:shutdownFollowerState(121)) - db364705-f60f-4be7-83db-fd25b014fd0b: shutdown FollowerState
2019-10-15 21:18:57,610 [Thread-9059] INFO  impl.FollowerState (FollowerState.java:run(117)) - 93d557fa-335e-4e3d-b2bb-e33832802906@group-848D76B22711-FollowerState was interrupted: java.lang.InterruptedException: sleep interrupted
2019-10-15 21:18:57,610 [grpc-default-executor-7] INFO  impl.RoleInfo (RoleInfo.java:updateAndGet(143)) - 93d557fa-335e-4e3d-b2bb-e33832802906: start FollowerState
2019-10-15 21:18:57,610 [Thread-9060] INFO  impl.FollowerState (FollowerState.java:run(117)) - db364705-f60f-4be7-83db-fd25b014fd0b@group-848D76B22711-FollowerState was interrupted: java.lang.InterruptedException: sleep interrupted
2019-10-15 21:18:57,610 [grpc-default-executor-3] INFO  impl.RoleInfo (RoleInfo.java:updateAndGet(143)) - db364705-f60f-4be7-83db-fd25b014fd0b: start FollowerState
2019-10-15 21:18:57,690 [090573f1-c213-462e-b422-6463ca97c373@group-848D76B22711-LeaderElection1062] INFO  impl.LeaderElection (LeaderElection.java:askForVotes(178)) - 090573f1-c213-462e-b422-6463ca97c373@group-848D76B22711-LeaderElection1062: begin an election at term 81 for -1: [93d557fa-335e-4e3d-b2bb-e33832802906:192.168.69.102:43737, 090573f1-c213-462e-b422-6463ca97c373:192.168.69.102:43336, db364705-f60f-4be7-83db-fd25b014fd0b:192.168.69.102:41270], old=null
2019-10-15 21:18:57,692 [grpc-default-executor-7] INFO  impl.RaftServerImpl (RaftServerImpl.java:setRole(184)) - db364705-f60f-4be7-83db-fd25b014fd0b@group-848D76B22711: changes role from  FOLLOWER to FOLLOWER at term 81 for recognizeCandidate:090573f1-c213-462e-b422-6463ca97c373
2019-10-15 21:18:57,692 [grpc-default-executor-7] INFO  impl.RoleInfo (RoleInfo.java:shutdownFollowerState(121)) - db364705-f60f-4be7-83db-fd25b014fd0b: shutdown FollowerState
2019-10-15 21:18:57,692 [grpc-default-executor-7] INFO  impl.RoleInfo (RoleInfo.java:updateAndGet(143)) - db364705-f60f-4be7-83db-fd25b014fd0b: start FollowerState
2019-10-15 21:18:57,692 [Thread-9066] INFO  impl.FollowerState (FollowerState.java:run(117)) - db364705-f60f-4be7-83db-fd25b014fd0b@group-848D76B22711-FollowerState was interrupted: java.lang.InterruptedException: sleep interrupted
2019-10-15 21:18:57,692 [grpc-default-executor-3] INFO  impl.RaftServerImpl (RaftServerImpl.java:setRole(184)) - 93d557fa-335e-4e3d-b2bb-e33832802906@group-848D76B22711: changes role from  FOLLOWER to FOLLOWER at term 81 for recognizeCandidate:090573f1-c213-462e-b422-6463ca97c373
2019-10-15 21:18:57,692 [grpc-default-executor-3] INFO  impl.RoleInfo (RoleInfo.java:shutdownFollowerState(121)) - 93d557fa-335e-4e3d-b2bb-e33832802906: shutdown FollowerState
2019-10-15 21:18:57,692 [grpc-default-executor-3] INFO  impl.RoleInfo (RoleInfo.java:updateAndGet(143)) - 93d557fa-335e-4e3d-b2bb-e33832802906: start FollowerState
2019-10-15 21:18:57,692 [Thread-9065] INFO  impl.FollowerState (FollowerState.java:run(117)) - 93d557fa-335e-4e3d-b2bb-e33832802906@group-848D76B22711-FollowerState was interrupted: java.lang.InterruptedException: sleep interrupted
2019-10-15 21:18:57,701 [090573f1-c213-462e-b422-6463ca97c373@group-848D76B22711-LeaderElection1062] INFO  impl.LeaderElection (LeaderElection.java:logAndReturn(56)) - 090573f1-c213-462e-b422-6463ca97c373@group-848D76B22711-LeaderElection1062: Election REJECTED; received 2 response(s) [090573f1-c213-462e-b422-6463ca97c373<-93d557fa-335e-4e3d-b2bb-e33832802906#0:FAIL-t81, 090573f1-c213-462e-b422-6463ca97c373<-db364705-f60f-4be7-83db-fd25b014fd0b#0:FAIL-t81] and 0 exception(s); 090573f1-c213-462e-b422-6463ca97c373@group-848D76B22711:t81, leader=null, voted=090573f1-c213-462e-b422-6463ca97c373, raftlog=090573f1-c213-462e-b422-6463ca97c373@group-848D76B22711-SegmentedRaftLog:OPENED:c-1,f-1,i0, conf=-1: [93d557fa-335e-4e3d-b2bb-e33832802906:192.168.69.102:43737, 090573f1-c213-462e-b422-6463ca97c373:192.168.69.102:43336, db364705-f60f-4be7-83db-fd25b014fd0b:192.168.69.102:41270], old=null
2019-10-15 21:18:57,701 [090573f1-c213-462e-b422-6463ca97c373@group-848D76B22711-LeaderElection1062] INFO  impl.RaftServerImpl (RaftServerImpl.java:setRole(184)) - 090573f1-c213-462e-b422-6463ca97c373@group-848D76B22711: changes role from CANDIDATE to FOLLOWER at term 81 for DISCOVERED_A_NEW_TERM
2019-10-15 21:18:57,701 [090573f1-c213-462e-b422-6463ca97c373@group-848D76B22711-LeaderElection1062] INFO  impl.RoleInfo (RoleInfo.java:shutdownLeaderElection(134)) - 090573f1-c213-462e-b422-6463ca97c373: shutdown LeaderElection
2019-10-15 21:18:57,701 [090573f1-c213-462e-b422-6463ca97c373@group-848D76B22711-LeaderElection1062] INFO  impl.RoleInfo (RoleInfo.java:updateAndGet(143)) - 090573f1-c213-462e-b422-6463ca97c373: start FollowerState
2019-10-15 21:18:57,752 [Thread-9073] INFO  impl.FollowerState (FollowerState.java:run(108)) - 090573f1-c213-462e-b422-6463ca97c373@group-848D76B22711-FollowerState: change to CANDIDATE, lastRpcTime:51ms, electionTimeout:51ms
2019-10-15 21:18:57,753 [Thread-9073] INFO  impl.RoleInfo (RoleInfo.java:shutdownFollowerState(121)) - 090573f1-c213-462e-b422-6463ca97c373: shutdown FollowerState
2019-10-15 21:18:57,753 [Thread-9073] INFO  impl.RaftServerImpl (RaftServerImpl.java:setRole(184)) - 090573f1-c213-462e-b422-6463ca97c373@group-848D76B22711: changes role from  FOLLOWER to CANDIDATE at term 81 for changeToCandidate
2019-10-15 21:18:57,753 [Thread-9073] INFO  impl.RoleInfo (RoleInfo.java:updateAndGet(143)) - 090573f1-c213-462e-b422-6463ca97c373: start LeaderElection
2019-10-15 21:18:57,761 [090573f1-c213-462e-b422-6463ca97c373@group-848D76B22711-LeaderElection1063] INFO  impl.LeaderElection (LeaderElection.java:askForVotes(178)) - 090573f1-c213-462e-b422-6463ca97c373@group-848D76B22711-LeaderElection1063: begin an election at term 82 for -1: [93d557fa-335e-4e3d-b2bb-e33832802906:192.168.69.102:43737, 090573f1-c213-462e-b422-6463ca97c373:192.168.69.102:43336, db364705-f60f-4be7-83db-fd25b014fd0b:192.168.69.102:41270], old=null
2019-10-15 21:18:57,762 [grpc-default-executor-3] INFO  impl.RaftServerImpl (RaftServerImpl.java:setRole(184)) - 93d557fa-335e-4e3d-b2bb-e33832802906@group-848D76B22711: changes role from  FOLLOWER to FOLLOWER at term 82 for recognizeCandidate:090573f1-c213-462e-b422-6463ca97c373
2019-10-15 21:18:57,762 [grpc-default-executor-3] INFO  impl.RoleInfo (RoleInfo.java:shutdownFollowerState(121)) - 93d557fa-335e-4e3d-b2bb-e33832802906: shutdown FollowerState
2019-10-15 21:18:57,762 [grpc-default-executor-3] INFO  impl.RoleInfo (RoleInfo.java:updateAndGet(143)) - 93d557fa-335e-4e3d-b2bb-e33832802906: start FollowerState
2019-10-15 21:18:57,762 [Thread-9072] INFO  impl.FollowerState (FollowerState.java:run(117)) - 93d557fa-335e-4e3d-b2bb-e33832802906@group-848D76B22711-FollowerState was interrupted: java.lang.InterruptedException: sleep interrupted
2019-10-15 21:18:57,763 [grpc-default-executor-7] INFO  impl.RaftServerImpl (RaftServerImpl.java:setRole(184)) - db364705-f60f-4be7-83db-fd25b014fd0b@group-848D76B22711: changes role from  FOLLOWER to FOLLOWER at term 82 for recognizeCandidate:090573f1-c213-462e-b422-6463ca97c373
2019-10-15 21:18:57,763 [grpc-default-executor-7] INFO  impl.RoleInfo (RoleInfo.java:shutdownFollowerState(121)) - db364705-f60f-4be7-83db-fd25b014fd0b: shutdown FollowerState
2019-10-15 21:18:57,763 [grpc-default-executor-7] INFO  impl.RoleInfo (RoleInfo.java:updateAndGet(143)) - db364705-f60f-4be7-83db-fd25b014fd0b: start FollowerState
2019-10-15 21:18:57,763 [Thread-9071] INFO  impl.FollowerState (FollowerState.java:run(117)) - db364705-f60f-4be7-83db-fd25b014fd0b@group-848D76B22711-FollowerState was interrupted: java.lang.InterruptedException: sleep interrupted
2019-10-15 21:18:57,777 [090573f1-c213-462e-b422-6463ca97c373@group-848D76B22711-LeaderElection1063] INFO  impl.LeaderElection (LeaderElection.java:logAndReturn(56)) - 090573f1-c213-462e-b422-6463ca97c373@group-848D76B22711-LeaderElection1063: Election REJECTED; received 2 response(s) [090573f1-c213-462e-b422-6463ca97c373<-93d557fa-335e-4e3d-b2bb-e33832802906#0:FAIL-t82, 090573f1-c213-462e-b422-6463ca97c373<-db364705-f60f-4be7-83db-fd25b014fd0b#0:FAIL-t82] and 0 exception(s); 090573f1-c213-462e-b422-6463ca97c373@group-848D76B22711:t82, leader=null, voted=090573f1-c213-462e-b422-6463ca97c373, raftlog=090573f1-c213-462e-b422-6463ca97c373@group-848D76B22711-SegmentedRaftLog:OPENED:c-1,f-1,i0, conf=-1: [93d557fa-335e-4e3d-b2bb-e33832802906:192.168.69.102:43737, 090573f1-c213-462e-b422-6463ca97c373:192.168.69.102:43336, db364705-f60f-4be7-83db-fd25b014fd0b:192.168.69.102:41270], old=null
2019-10-15 21:18:57,777 [090573f1-c213-462e-b422-6463ca97c373@group-848D76B22711-LeaderElection1063] INFO  impl.RaftServerImpl (RaftServerImpl.java:setRole(184)) - 090573f1-c213-462e-b422-6463ca97c373@group-848D76B22711: changes role from CANDIDATE to FOLLOWER at term 82 for DISCOVERED_A_NEW_TERM
2019-10-15 21:18:57,778 [090573f1-c213-462e-b422-6463ca97c373@group-848D76B22711-LeaderElection1063] INFO  impl.RoleInfo (RoleInfo.java:shutdownLeaderElection(134)) - 090573f1-c213-462e-b422-6463ca97c373: shutdown LeaderElection
2019-10-15 21:18:57,778 [090573f1-c213-462e-b422-6463ca97c373@group-848D76B22711-LeaderElection1063] INFO  impl.RoleInfo (RoleInfo.java:updateAndGet(143)) - 090573f1-c213-462e-b422-6463ca97c373: start FollowerState
2019-10-15 21:18:57,876 [Thread-9081] INFO  impl.FollowerState (FollowerState.java:run(108)) - 090573f1-c213-462e-b422-6463ca97c373@group-848D76B22711-FollowerState: change to CANDIDATE, lastRpcTime:98ms, electionTimeout:98ms
2019-10-15 21:18:57,876 [Thread-9081] INFO  impl.RoleInfo (RoleInfo.java:shutdownFollowerState(121)) - 090573f1-c213-462e-b422-6463ca97c373: shutdown FollowerState
2019-10-15 21:18:57,876 [Thread-9081] INFO  impl.RaftServerImpl (RaftServerImpl.java:setRole(184)) - 090573f1-c213-462e-b422-6463ca97c373@group-848D76B22711: changes role from  FOLLOWER to CANDIDATE at term 82 for changeToCandidate
2019-10-15 21:18:57,876 [Thread-9081] INFO  impl.RoleInfo (RoleInfo.java:updateAndGet(143)) - 090573f1-c213-462e-b422-6463ca97c373: start LeaderElection
2019-10-15 21:18:57,880 [090573f1-c213-462e-b422-6463ca97c373@group-848D76B22711-LeaderElection1064] INFO  impl.LeaderElection (LeaderElection.java:askForVotes(178)) - 090573f1-c213-462e-b422-6463ca97c373@group-848D76B22711-LeaderElection1064: begin an election at term 83 for -1: [93d557fa-335e-4e3d-b2bb-e33832802906:192.168.69.102:43737, 090573f1-c213-462e-b422-6463ca97c373:192.168.69.102:43336, db364705-f60f-4be7-83db-fd25b014fd0b:192.168.69.102:41270], old=null
2019-10-15 21:18:57,882 [grpc-default-executor-3] INFO  impl.RaftServerImpl (RaftServerImpl.java:setRole(184)) - 93d557fa-335e-4e3d-b2bb-e33832802906@group-848D76B22711: changes role from  FOLLOWER to FOLLOWER at term 83 for recognizeCandidate:090573f1-c213-462e-b422-6463ca97c373
2019-10-15 21:18:57,882 [grpc-default-executor-7] INFO  impl.RaftServerImpl (RaftServerImpl.java:setRole(184)) - db364705-f60f-4be7-83db-fd25b014fd0b@group-848D76B22711: changes role from  FOLLOWER to FOLLOWER at term 83 for recognizeCandidate:090573f1-c213-462e-b422-6463ca97c373
2019-10-15 21:18:57,882 [grpc-default-executor-3] INFO  impl.RoleInfo (RoleInfo.java:shutdownFollowerState(121)) - 93d557fa-335e-4e3d-b2bb-e33832802906: shutdown FollowerState
2019-10-15 21:18:57,882 [grpc-default-executor-7] INFO  impl.RoleInfo (RoleInfo.java:shutdownFollowerState(121)) - db364705-f60f-4be7-83db-fd25b014fd0b: shutdown FollowerState
2019-10-15 21:18:57,882 [Thread-9079] INFO  impl.FollowerState (FollowerState.java:run(117)) - 93d557fa-335e-4e3d-b2bb-e33832802906@group-848D76B22711-FollowerState was interrupted: java.lang.InterruptedException: sleep interrupted
2019-10-15 21:18:57,882 [grpc-default-executor-3] INFO  impl.RoleInfo (RoleInfo.java:updateAndGet(143)) - 93d557fa-335e-4e3d-b2bb-e33832802906: start FollowerState
2019-10-15 21:18:57,882 [Thread-9080] INFO  impl.FollowerState (FollowerState.java:run(117)) - db364705-f60f-4be7-83db-fd25b014fd0b@group-848D76B22711-FollowerState was interrupted: java.lang.InterruptedException: sleep interrupted
2019-10-15 21:18:57,882 [grpc-default-executor-7] INFO  impl.RoleInfo (RoleInfo.java:updateAndGet(143)) - db364705-f60f-4be7-83db-fd25b014fd0b: start FollowerState
2019-10-15 21:18:57,908 [090573f1-c213-462e-b422-6463ca97c373@group-848D76B22711-LeaderElection1064] INFO  impl.LeaderElection (LeaderElection.java:logAndReturn(56)) - 090573f1-c213-462e-b422-6463ca97c373@group-848D76B22711-LeaderElection1064: Election REJECTED; received 2 response(s) [090573f1-c213-462e-b422-6463ca97c373<-93d557fa-335e-4e3d-b2bb-e33832802906#0:FAIL-t83, 090573f1-c213-462e-b422-6463ca97c373<-db364705-f60f-4be7-83db-fd25b014fd0b#0:FAIL-t83] and 0 exception(s); 090573f1-c213-462e-b422-6463ca97c373@group-848D76B22711:t83, leader=null, voted=090573f1-c213-462e-b422-6463ca97c373, raftlog=090573f1-c213-462e-b422-6463ca97c373@group-848D76B22711-SegmentedRaftLog:OPENED:c-1,f-1,i0, conf=-1: [93d557fa-335e-4e3d-b2bb-e33832802906:192.168.69.102:43737, 090573f1-c213-462e-b422-6463ca97c373:192.168.69.102:43336, db364705-f60f-4be7-83db-fd25b014fd0b:192.168.69.102:41270], old=null
2019-10-15 21:18:57,909 [090573f1-c213-462e-b422-6463ca97c373@group-848D76B22711-LeaderElection1064] INFO  impl.RaftServerImpl (RaftServerImpl.java:setRole(184)) - 090573f1-c213-462e-b422-6463ca97c373@group-848D76B22711: changes role from CANDIDATE to FOLLOWER at term 83 for DISCOVERED_A_NEW_TERM
2019-10-15 21:18:57,909 [090573f1-c213-462e-b422-6463ca97c373@group-848D76B22711-LeaderElection1064] INFO  impl.RoleInfo (RoleInfo.java:shutdownLeaderElection(134)) - 090573f1-c213-462e-b422-6463ca97c373: shutdown LeaderElection
2019-10-15 21:18:57,909 [090573f1-c213-462e-b422-6463ca97c373@group-848D76B22711-LeaderElection1064] INFO  impl.RoleInfo (RoleInfo.java:updateAndGet(143)) - 090573f1-c213-462e-b422-6463ca97c373: start FollowerState
2019-10-15 21:18:57,998 [Thread-9087] INFO  impl.FollowerState (FollowerState.java:run(108)) - 090573f1-c213-462e-b422-6463ca97c373@group-848D76B22711-FollowerState: change to CANDIDATE, lastRpcTime:89ms, electionTimeout:89ms
2019-10-15 21:18:57,998 [Thread-9087] INFO  impl.RoleInfo (RoleInfo.java:shutdownFollowerState(121)) - 090573f1-c213-462e-b422-6463ca97c373: shutdown FollowerState
2019-10-15 21:18:57,998 [Thread-9087] INFO  impl.RaftServerImpl (RaftServerImpl.java:setRole(184)) - 090573f1-c213-462e-b422-6463ca97c373@group-848D76B22711: changes role from  FOLLOWER to CANDIDATE at term 83 for changeToCandidate
2019-10-15 21:18:57,998 [Thread-9087] INFO  impl.RoleInfo (RoleInfo.java:updateAndGet(143)) - 090573f1-c213-462e-b422-6463ca97c373: start LeaderElection
2019-10-15 21:18:58,007 [090573f1-c213-462e-b422-6463ca97c373@group-848D76B22711-LeaderElection1065] INFO  impl.LeaderElection (LeaderElection.java:askForVotes(178)) - 090573f1-c213-462e-b422-6463ca97c373@group-848D76B22711-LeaderElection1065: begin an election at term 84 for -1: [93d557fa-335e-4e3d-b2bb-e33832802906:192.168.69.102:43737, 090573f1-c213-462e-b422-6463ca97c373:192.168.69.102:43336, db364705-f60f-4be7-83db-fd25b014fd0b:192.168.69.102:41270], old=null
2019-10-15 21:18:58,009 [grpc-default-executor-7] INFO  impl.RaftServerImpl (RaftServerImpl.java:setRole(184)) - 93d557fa-335e-4e3d-b2bb-e33832802906@group-848D76B22711: changes role from  FOLLOWER to FOLLOWER at term 84 for recognizeCandidate:090573f1-c213-462e-b422-6463ca97c373
2019-10-15 21:18:58,009 [grpc-default-executor-7] INFO  impl.RoleInfo (RoleInfo.java:shutdownFollowerState(121)) - 93d557fa-335e-4e3d-b2bb-e33832802906: shutdown FollowerState
2019-10-15 21:18:58,009 [grpc-default-executor-7] INFO  impl.RoleInfo (RoleInfo.java:updateAndGet(143)) - 93d557fa-335e-4e3d-b2bb-e33832802906: start FollowerState
2019-10-15 21:18:58,009 [Thread-9085] INFO  impl.FollowerState (FollowerState.java:run(117)) - 93d557fa-335e-4e3d-b2bb-e33832802906@group-848D76B22711-FollowerState was interrupted: java.lang.InterruptedException: sleep interrupted
2019-10-15 21:18:58,009 [grpc-default-executor-3] INFO  impl.RaftServerImpl (RaftServerImpl.java:setRole(184)) - db364705-f60f-4be7-83db-fd25b014fd0b@group-848D76B22711: changes role from  FOLLOWER to FOLLOWER at term 84 for recognizeCandidate:090573f1-c213-462e-b422-6463ca97c373
2019-10-15 21:18:58,009 [grpc-default-executor-3] INFO  impl.RoleInfo (RoleInfo.java:shutdownFollowerState(121)) - db364705-f60f-4be7-83db-fd25b014fd0b: shutdown FollowerState
2019-10-15 21:18:58,009 [grpc-default-executor-3] INFO  impl.RoleInfo (RoleInfo.java:updateAndGet(143)) - db364705-f60f-4be7-83db-fd25b014fd0b: start FollowerState
2019-10-15 21:18:58,009 [Thread-9086] INFO  impl.FollowerState (FollowerState.java:run(117)) - db364705-f60f-4be7-83db-fd25b014fd0b@group-848D76B22711-FollowerState was interrupted: java.lang.InterruptedException: sleep interrupted
2019-10-15 21:18:58,018 [090573f1-c213-462e-b422-6463ca97c373@group-848D76B22711-LeaderElection1065] INFO  impl.LeaderElection (LeaderElection.java:logAndReturn(56)) - 090573f1-c213-462e-b422-6463ca97c373@group-848D76B22711-LeaderElection1065: Election REJECTED; received 2 response(s) [090573f1-c213-462e-b422-6463ca97c373<-93d557fa-335e-4e3d-b2bb-e33832802906#0:FAIL-t84, 090573f1-c213-462e-b422-6463ca97c373<-db364705-f60f-4be7-83db-fd25b014fd0b#0:FAIL-t84] and 0 exception(s); 090573f1-c213-462e-b422-6463ca97c373@group-848D76B22711:t84, leader=null, voted=090573f1-c213-462e-b422-6463ca97c373, raftlog=090573f1-c213-462e-b422-6463ca97c373@group-848D76B22711-SegmentedRaftLog:OPENED:c-1,f-1,i0, conf=-1: [93d557fa-335e-4e3d-b2bb-e33832802906:192.168.69.102:43737, 090573f1-c213-462e-b422-6463ca97c373:192.168.69.102:43336, db364705-f60f-4be7-83db-fd25b014fd0b:192.168.69.102:41270], old=null
2019-10-15 21:18:58,018 [090573f1-c213-462e-b422-6463ca97c373@group-848D76B22711-LeaderElection1065] INFO  impl.RaftServerImpl (RaftServerImpl.java:setRole(184)) - 090573f1-c213-462e-b422-6463ca97c373@group-848D76B22711: changes role from CANDIDATE to FOLLOWER at term 84 for DISCOVERED_A_NEW_TERM
2019-10-15 21:18:58,018 [090573f1-c213-462e-b422-6463ca97c373@group-848D76B22711-LeaderElection1065] INFO  impl.RoleInfo (RoleInfo.java:shutdownLeaderElection(134)) - 090573f1-c213-462e-b422-6463ca97c373: shutdown LeaderElection
2019-10-15 21:18:58,018 [090573f1-c213-462e-b422-6463ca97c373@group-848D76B22711-LeaderElection1065] INFO  impl.RoleInfo (RoleInfo.java:updateAndGet(143)) - 090573f1-c213-462e-b422-6463ca97c373: start FollowerState
2019-10-15 21:18:58,079 [Thread-9093] INFO  impl.FollowerState (FollowerState.java:run(108)) - 090573f1-c213-462e-b422-6463ca97c373@group-848D76B22711-FollowerState: change to CANDIDATE, lastRpcTime:60ms, electionTimeout:60ms
2019-10-15 21:18:58,079 [Thread-9093] INFO  impl.RoleInfo (RoleInfo.java:shutdownFollowerState(121)) - 090573f1-c213-462e-b422-6463ca97c373: shutdown FollowerState
2019-10-15 21:18:58,079 [Thread-9093] INFO  impl.RaftServerImpl (RaftServerImpl.java:setRole(184)) - 090573f1-c213-462e-b422-6463ca97c373@group-848D76B22711: changes role from  FOLLOWER to CANDIDATE at term 84 for changeToCandidate
2019-10-15 21:18:58,079 [Thread-9093] INFO  impl.RoleInfo (RoleInfo.java:updateAndGet(143)) - 090573f1-c213-462e-b422-6463ca97c373: start LeaderElection
2019-10-15 21:18:58,082 [090573f1-c213-462e-b422-6463ca97c373@group-848D76B22711-LeaderElection1066] INFO  impl.LeaderElection (LeaderElection.java:askForVotes(178)) - 090573f1-c213-462e-b422-6463ca97c373@group-848D76B22711-LeaderElection1066: begin an election at term 85 for -1: [93d557fa-335e-4e3d-b2bb-e33832802906:192.168.69.102:43737, 090573f1-c213-462e-b422-6463ca97c373:192.168.69.102:43336, db364705-f60f-4be7-83db-fd25b014fd0b:192.168.69.102:41270], old=null
2019-10-15 21:18:58,084 [grpc-default-executor-3] INFO  impl.RaftServerImpl (RaftServerImpl.java:setRole(184)) - 93d557fa-335e-4e3d-b2bb-e33832802906@group-848D76B22711: changes role from  FOLLOWER to FOLLOWER at term 85 for recognizeCandidate:090573f1-c213-462e-b422-6463ca97c373
2019-10-15 21:18:58,084 [grpc-default-executor-7] INFO  impl.RaftServerImpl (RaftServerImpl.java:setRole(184)) - db364705-f60f-4be7-83db-fd25b014fd0b@group-848D76B22711: changes role from  FOLLOWER to FOLLOWER at term 85 for recognizeCandidate:090573f1-c213-462e-b422-6463ca97c373
2019-10-15 21:18:58,084 [grpc-default-executor-7] INFO  impl.RoleInfo (RoleInfo.java:shutdownFollowerState(121)) - db364705-f60f-4be7-83db-fd25b014fd0b: shutdown FollowerState
2019-10-15 21:18:58,084 [grpc-default-executor-3] INFO  impl.RoleInfo (RoleInfo.java:shutdownFollowerState(121)) - 93d557fa-335e-4e3d-b2bb-e33832802906: shutdown FollowerState
2019-10-15 21:18:58,084 [grpc-default-executor-7] INFO  impl.RoleInfo (RoleInfo.java:updateAndGet(143)) - db364705-f60f-4be7-83db-fd25b014fd0b: start FollowerState
2019-10-15 21:18:58,084 [Thread-9092] INFO  impl.FollowerState (FollowerState.java:run(117)) - db364705-f60f-4be7-83db-fd25b014fd0b@group-848D76B22711-FollowerState was interrupted: java.lang.InterruptedException: sleep interrupted
2019-10-15 21:18:58,084 [Thread-9091] INFO  impl.FollowerState (FollowerState.java:run(117)) - 93d557fa-335e-4e3d-b2bb-e33832802906@group-848D76B22711-FollowerState was interrupted: java.lang.InterruptedException: sleep interrupted
2019-10-15 21:18:58,084 [grpc-default-executor-3] INFO  impl.RoleInfo (RoleInfo.java:updateAndGet(143)) - 93d557fa-335e-4e3d-b2bb-e33832802906: start FollowerState
2019-10-15 21:18:58,097 [090573f1-c213-462e-b422-6463ca97c373@group-848D76B22711-LeaderElection1066] INFO  impl.LeaderElection (LeaderElection.java:logAndReturn(56)) - 090573f1-c213-462e-b422-6463ca97c373@group-848D76B22711-LeaderElection1066: Election REJECTED; received 2 response(s) [090573f1-c213-462e-b422-6463ca97c373<-93d557fa-335e-4e3d-b2bb-e33832802906#0:FAIL-t85, 090573f1-c213-462e-b422-6463ca97c373<-db364705-f60f-4be7-83db-fd25b014fd0b#0:FAIL-t85] and 0 exception(s); 090573f1-c213-462e-b422-6463ca97c373@group-848D76B22711:t85, leader=null, voted=090573f1-c213-462e-b422-6463ca97c373, raftlog=090573f1-c213-462e-b422-6463ca97c373@group-848D76B22711-SegmentedRaftLog:OPENED:c-1,f-1,i0, conf=-1: [93d557fa-335e-4e3d-b2bb-e33832802906:192.168.69.102:43737, 090573f1-c213-462e-b422-6463ca97c373:192.168.69.102:43336, db364705-f60f-4be7-83db-fd25b014fd0b:192.168.69.102:41270], old=null
2019-10-15 21:18:58,097 [090573f1-c213-462e-b422-6463ca97c373@group-848D76B22711-LeaderElection1066] INFO  impl.RaftServerImpl (RaftServerImpl.java:setRole(184)) - 090573f1-c213-462e-b422-6463ca97c373@group-848D76B22711: changes role from CANDIDATE to FOLLOWER at term 85 for DISCOVERED_A_NEW_TERM
2019-10-15 21:18:58,097 [090573f1-c213-462e-b422-6463ca97c373@group-848D76B22711-LeaderElection1066] INFO  impl.RoleInfo (RoleInfo.java:shutdownLeaderElection(134)) - 090573f1-c213-462e-b422-6463ca97c373: shutdown LeaderElection
2019-10-15 21:18:58,097 [090573f1-c213-462e-b422-6463ca97c373@group-848D76B22711-LeaderElection1066] INFO  impl.RoleInfo (RoleInfo.java:updateAndGet(143)) - 090573f1-c213-462e-b422-6463ca97c373: start FollowerState
2019-10-15 21:18:58,197 [Thread-9099] INFO  impl.FollowerState (FollowerState.java:run(108)) - 090573f1-c213-462e-b422-6463ca97c373@group-848D76B22711-FollowerState: change to CANDIDATE, lastRpcTime:99ms, electionTimeout:99ms
2019-10-15 21:18:58,197 [Thread-9099] INFO  impl.RoleInfo (RoleInfo.java:shutdownFollowerState(121)) - 090573f1-c213-462e-b422-6463ca97c373: shutdown FollowerState
2019-10-15 21:18:58,197 [Thread-9099] INFO  impl.RaftServerImpl (RaftServerImpl.java:setRole(184)) - 090573f1-c213-462e-b422-6463ca97c373@group-848D76B22711: changes role from  FOLLOWER to CANDIDATE at term 85 for changeToCandidate
2019-10-15 21:18:58,197 [Thread-9099] INFO  impl.RoleInfo (RoleInfo.java:updateAndGet(143)) - 090573f1-c213-462e-b422-6463ca97c373: start LeaderElection
2019-10-15 21:18:58,203 [090573f1-c213-462e-b422-6463ca97c373@group-848D76B22711-LeaderElection1067] INFO  impl.LeaderElection (LeaderElection.java:askForVotes(178)) - 090573f1-c213-462e-b422-6463ca97c373@group-848D76B22711-LeaderElection1067: begin an election at term 86 for -1: [93d557fa-335e-4e3d-b2bb-e33832802906:192.168.69.102:43737, 090573f1-c213-462e-b422-6463ca97c373:192.168.69.102:43336, db364705-f60f-4be7-83db-fd25b014fd0b:192.168.69.102:41270], old=null
2019-10-15 21:18:58,203 [grpc-default-executor-7] INFO  impl.RaftServerImpl (RaftServerImpl.java:setRole(184)) - 93d557fa-335e-4e3d-b2bb-e33832802906@group-848D76B22711: changes role from  FOLLOWER to FOLLOWER at term 86 for recognizeCandidate:090573f1-c213-462e-b422-6463ca97c373
2019-10-15 21:18:58,204 [grpc-default-executor-7] INFO  impl.RoleInfo (RoleInfo.java:shutdownFollowerState(121)) - 93d557fa-335e-4e3d-b2bb-e33832802906: shutdown FollowerState
2019-10-15 21:18:58,204 [grpc-default-executor-7] INFO  impl.RoleInfo (RoleInfo.java:updateAndGet(143)) - 93d557fa-335e-4e3d-b2bb-e33832802906: start FollowerState
2019-10-15 21:18:58,204 [grpc-default-executor-3] INFO  impl.RaftServerImpl (RaftServerImpl.java:setRole(184)) - db364705-f60f-4be7-83db-fd25b014fd0b@group-848D76B22711: changes role from  FOLLOWER to FOLLOWER at term 86 for recognizeCandidate:090573f1-c213-462e-b422-6463ca97c373
2019-10-15 21:18:58,204 [grpc-default-executor-3] INFO  impl.RoleInfo (RoleInfo.java:shutdownFollowerState(121)) - db364705-f60f-4be7-83db-fd25b014fd0b: shutdown FollowerState
2019-10-15 21:18:58,204 [Thread-9098] INFO  impl.FollowerState (FollowerState.java:run(117)) - 93d557fa-335e-4e3d-b2bb-e33832802906@group-848D76B22711-FollowerState was interrupted: java.lang.InterruptedException: sleep interrupted
2019-10-15 21:18:58,204 [grpc-default-executor-3] INFO  impl.RoleInfo (RoleInfo.java:updateAndGet(143)) - db364705-f60f-4be7-83db-fd25b014fd0b: start FollowerState
2019-10-15 21:18:58,204 [Thread-9097] INFO  impl.FollowerState (FollowerState.java:run(117)) - db364705-f60f-4be7-83db-fd25b014fd0b@group-848D76B22711-FollowerState was interrupted: java.lang.InterruptedException: sleep interrupted
2019-10-15 21:18:58,227 [090573f1-c213-462e-b422-6463ca97c373@group-848D76B22711-LeaderElection1067] INFO  impl.LeaderElection (LeaderElection.java:logAndReturn(56)) - 090573f1-c213-462e-b422-6463ca97c373@group-848D76B22711-LeaderElection1067: Election REJECTED; received 2 response(s) [090573f1-c213-462e-b422-6463ca97c373<-93d557fa-335e-4e3d-b2bb-e33832802906#0:FAIL-t86, 090573f1-c213-462e-b422-6463ca97c373<-db364705-f60f-4be7-83db-fd25b014fd0b#0:FAIL-t86] and 0 exception(s); 090573f1-c213-462e-b422-6463ca97c373@group-848D76B22711:t86, leader=null, voted=090573f1-c213-462e-b422-6463ca97c373, raftlog=090573f1-c213-462e-b422-6463ca97c373@group-848D76B22711-SegmentedRaftLog:OPENED:c-1,f-1,i0, conf=-1: [93d557fa-335e-4e3d-b2bb-e33832802906:192.168.69.102:43737, 090573f1-c213-462e-b422-6463ca97c373:192.168.69.102:43336, db364705-f60f-4be7-83db-fd25b014fd0b:192.168.69.102:41270], old=null
2019-10-15 21:18:58,228 [090573f1-c213-462e-b422-6463ca97c373@group-848D76B22711-LeaderElection1067] INFO  impl.RaftServerImpl (RaftServerImpl.java:setRole(184)) - 090573f1-c213-462e-b422-6463ca97c373@group-848D76B22711: changes role from CANDIDATE to FOLLOWER at term 86 for DISCOVERED_A_NEW_TERM
2019-10-15 21:18:58,228 [090573f1-c213-462e-b422-6463ca97c373@group-848D76B22711-LeaderElection1067] INFO  impl.RoleInfo (RoleInfo.java:shutdownLeaderElection(134)) - 090573f1-c213-462e-b422-6463ca97c373: shutdown LeaderElection
2019-10-15 21:18:58,228 [090573f1-c213-462e-b422-6463ca97c373@group-848D76B22711-LeaderElection1067] INFO  impl.RoleInfo (RoleInfo.java:updateAndGet(143)) - 090573f1-c213-462e-b422-6463ca97c373: start FollowerState
2019-10-15 21:18:58,419 [Thread-9109] INFO  impl.FollowerState (FollowerState.java:run(108)) - 090573f1-c213-462e-b422-6463ca97c373@group-848D76B22711-FollowerState: change to CANDIDATE, lastRpcTime:191ms, electionTimeout:191ms
2019-10-15 21:18:58,419 [Thread-9109] INFO  impl.RoleInfo (RoleInfo.java:shutdownFollowerState(121)) - 090573f1-c213-462e-b422-6463ca97c373: shutdown FollowerState
2019-10-15 21:18:58,419 [Thread-9109] INFO  impl.RaftServerImpl (RaftServerImpl.java:setRole(184)) - 090573f1-c213-462e-b422-6463ca97c373@group-848D76B22711: changes role from  FOLLOWER to CANDIDATE at term 86 for changeToCandidate
2019-10-15 21:18:58,419 [Thread-9109] INFO  impl.RoleInfo (RoleInfo.java:updateAndGet(143)) - 090573f1-c213-462e-b422-6463ca97c373: start LeaderElection
2019-10-15 21:18:58,450 [090573f1-c213-462e-b422-6463ca97c373@group-848D76B22711-LeaderElection1068] INFO  impl.LeaderElection (LeaderElection.java:askForVotes(178)) - 090573f1-c213-462e-b422-6463ca97c373@group-848D76B22711-LeaderElection1068: begin an election at term 87 for -1: [93d557fa-335e-4e3d-b2bb-e33832802906:192.168.69.102:43737, 090573f1-c213-462e-b422-6463ca97c373:192.168.69.102:43336, db364705-f60f-4be7-83db-fd25b014fd0b:192.168.69.102:41270], old=null
2019-10-15 21:18:58,451 [grpc-default-executor-7] INFO  impl.RaftServerImpl (RaftServerImpl.java:setRole(184)) - db364705-f60f-4be7-83db-fd25b014fd0b@group-848D76B22711: changes role from  FOLLOWER to FOLLOWER at term 87 for recognizeCandidate:090573f1-c213-462e-b422-6463ca97c373
2019-10-15 21:18:58,451 [grpc-default-executor-3] INFO  impl.RaftServerImpl (RaftServerImpl.java:setRole(184)) - 93d557fa-335e-4e3d-b2bb-e33832802906@group-848D76B22711: changes role from  FOLLOWER to FOLLOWER at term 87 for recognizeCandidate:090573f1-c213-462e-b422-6463ca97c373
2019-10-15 21:18:58,452 [grpc-default-executor-3] INFO  impl.RoleInfo (RoleInfo.java:shutdownFollowerState(121)) - 93d557fa-335e-4e3d-b2bb-e33832802906: shutdown FollowerState
2019-10-15 21:18:58,452 [grpc-default-executor-7] INFO  impl.RoleInfo (RoleInfo.java:shutdownFollowerState(121)) - db364705-f60f-4be7-83db-fd25b014fd0b: shutdown FollowerState
2019-10-15 21:18:58,452 [grpc-default-executor-3] INFO  impl.RoleInfo (RoleInfo.java:updateAndGet(143)) - 93d557fa-335e-4e3d-b2bb-e33832802906: start FollowerState
2019-10-15 21:18:58,452 [Thread-9106] INFO  impl.FollowerState (FollowerState.java:run(117)) - db364705-f60f-4be7-83db-fd25b014fd0b@group-848D76B22711-FollowerState was interrupted: java.lang.InterruptedException: sleep interrupted
2019-10-15 21:18:58,452 [grpc-default-executor-7] INFO  impl.RoleInfo (RoleInfo.java:updateAndGet(143)) - db364705-f60f-4be7-83db-fd25b014fd0b: start FollowerState
2019-10-15 21:18:58,452 [Thread-9105] INFO  impl.FollowerState (FollowerState.java:run(117)) - 93d557fa-335e-4e3d-b2bb-e33832802906@group-848D76B22711-FollowerState was interrupted: java.lang.InterruptedException: sleep interrupted
2019-10-15 21:18:58,462 [090573f1-c213-462e-b422-6463ca97c373@group-848D76B22711-LeaderElection1068] INFO  impl.LeaderElection (LeaderElection.java:logAndReturn(56)) - 090573f1-c213-462e-b422-6463ca97c373@group-848D76B22711-LeaderElection1068: Election REJECTED; received 2 response(s) [090573f1-c213-462e-b422-6463ca97c373<-93d557fa-335e-4e3d-b2bb-e33832802906#0:FAIL-t87, 090573f1-c213-462e-b422-6463ca97c373<-db364705-f60f-4be7-83db-fd25b014fd0b#0:FAIL-t87] and 0 exception(s); 090573f1-c213-462e-b422-6463ca97c373@group-848D76B22711:t87, leader=null, voted=090573f1-c213-462e-b422-6463ca97c373, raftlog=090573f1-c213-462e-b422-6463ca97c373@group-848D76B22711-SegmentedRaftLog:OPENED:c-1,f-1,i0, conf=-1: [93d557fa-335e-4e3d-b2bb-e33832802906:192.168.69.102:43737, 090573f1-c213-462e-b422-6463ca97c373:192.168.69.102:43336, db364705-f60f-4be7-83db-fd25b014fd0b:192.168.69.102:41270], old=null
2019-10-15 21:18:58,462 [090573f1-c213-462e-b422-6463ca97c373@group-848D76B22711-LeaderElection1068] INFO  impl.RaftServerImpl (RaftServerImpl.java:setRole(184)) - 090573f1-c213-462e-b422-6463ca97c373@group-848D76B22711: changes role from CANDIDATE to FOLLOWER at term 87 for DISCOVERED_A_NEW_TERM
2019-10-15 21:18:58,463 [090573f1-c213-462e-b422-6463ca97c373@group-848D76B22711-LeaderElection1068] INFO  impl.RoleInfo (RoleInfo.java:shutdownLeaderElection(134)) - 090573f1-c213-462e-b422-6463ca97c373: shutdown LeaderElection
2019-10-15 21:18:58,463 [090573f1-c213-462e-b422-6463ca97c373@group-848D76B22711-LeaderElection1068] INFO  impl.RoleInfo (RoleInfo.java:updateAndGet(143)) - 090573f1-c213-462e-b422-6463ca97c373: start FollowerState
2019-10-15 21:18:58,582 [Thread-9115] INFO  impl.FollowerState (FollowerState.java:run(108)) - 090573f1-c213-462e-b422-6463ca97c373@group-848D76B22711-FollowerState: change to CANDIDATE, lastRpcTime:119ms, electionTimeout:119ms
2019-10-15 21:18:58,582 [Thread-9115] INFO  impl.RoleInfo (RoleInfo.java:shutdownFollowerState(121)) - 090573f1-c213-462e-b422-6463ca97c373: shutdown FollowerState
2019-10-15 21:18:58,582 [Thread-9115] INFO  impl.RaftServerImpl (RaftServerImpl.java:setRole(184)) - 090573f1-c213-462e-b422-6463ca97c373@group-848D76B22711: changes role from  FOLLOWER to CANDIDATE at term 87 for changeToCandidate
2019-10-15 21:18:58,582 [Thread-9115] INFO  impl.RoleInfo (RoleInfo.java:updateAndGet(143)) - 090573f1-c213-462e-b422-6463ca97c373: start LeaderElection
2019-10-15 21:18:58,638 [090573f1-c213-462e-b422-6463ca97c373@group-848D76B22711-LeaderElection1069] INFO  impl.LeaderElection (LeaderElection.java:askForVotes(178)) - 090573f1-c213-462e-b422-6463ca97c373@group-848D76B22711-LeaderElection1069: begin an election at term 88 for -1: [93d557fa-335e-4e3d-b2bb-e33832802906:192.168.69.102:43737, 090573f1-c213-462e-b422-6463ca97c373:192.168.69.102:43336, db364705-f60f-4be7-83db-fd25b014fd0b:192.168.69.102:41270], old=null
2019-10-15 21:18:58,640 [grpc-default-executor-7] INFO  impl.RaftServerImpl (RaftServerImpl.java:setRole(184)) - db364705-f60f-4be7-83db-fd25b014fd0b@group-848D76B22711: changes role from  FOLLOWER to FOLLOWER at term 88 for recognizeCandidate:090573f1-c213-462e-b422-6463ca97c373
2019-10-15 21:18:58,640 [grpc-default-executor-3] INFO  impl.RaftServerImpl (RaftServerImpl.java:setRole(184)) - 93d557fa-335e-4e3d-b2bb-e33832802906@group-848D76B22711: changes role from  FOLLOWER to FOLLOWER at term 88 for recognizeCandidate:090573f1-c213-462e-b422-6463ca97c373
2019-10-15 21:18:58,640 [grpc-default-executor-3] INFO  impl.RoleInfo (RoleInfo.java:shutdownFollowerState(121)) - 93d557fa-335e-4e3d-b2bb-e33832802906: shutdown FollowerState
2019-10-15 21:18:58,640 [grpc-default-executor-7] INFO  impl.RoleInfo (RoleInfo.java:shutdownFollowerState(121)) - db364705-f60f-4be7-83db-fd25b014fd0b: shutdown FollowerState
2019-10-15 21:18:58,640 [grpc-default-executor-7] INFO  impl.RoleInfo (RoleInfo.java:updateAndGet(143)) - db364705-f60f-4be7-83db-fd25b014fd0b: start FollowerState
2019-10-15 21:18:58,640 [Thread-9113] INFO  impl.FollowerState (FollowerState.java:run(117)) - 93d557fa-335e-4e3d-b2bb-e33832802906@group-848D76B22711-FollowerState was interrupted: java.lang.InterruptedException: sleep interrupted
2019-10-15 21:18:58,640 [grpc-default-executor-3] INFO  impl.RoleInfo (RoleInfo.java:updateAndGet(143)) - 93d557fa-335e-4e3d-b2bb-e33832802906: start FollowerState
2019-10-15 21:18:58,640 [Thread-9114] INFO  impl.FollowerState (FollowerState.java:run(117)) - db364705-f60f-4be7-83db-fd25b014fd0b@group-848D76B22711-FollowerState was interrupted: java.lang.InterruptedException: sleep interrupted
2019-10-15 21:18:58,664 [090573f1-c213-462e-b422-6463ca97c373@group-848D76B22711-LeaderElection1069] INFO  impl.LeaderElection (LeaderElection.java:logAndReturn(56)) - 090573f1-c213-462e-b422-6463ca97c373@group-848D76B22711-LeaderElection1069: Election REJECTED; received 2 response(s) [090573f1-c213-462e-b422-6463ca97c373<-93d557fa-335e-4e3d-b2bb-e33832802906#0:FAIL-t88, 090573f1-c213-462e-b422-6463ca97c373<-db364705-f60f-4be7-83db-fd25b014fd0b#0:FAIL-t88] and 0 exception(s); 090573f1-c213-462e-b422-6463ca97c373@group-848D76B22711:t88, leader=null, voted=090573f1-c213-462e-b422-6463ca97c373, raftlog=090573f1-c213-462e-b422-6463ca97c373@group-848D76B22711-SegmentedRaftLog:OPENED:c-1,f-1,i0, conf=-1: [93d557fa-335e-4e3d-b2bb-e33832802906:192.168.69.102:43737, 090573f1-c213-462e-b422-6463ca97c373:192.168.69.102:43336, db364705-f60f-4be7-83db-fd25b014fd0b:192.168.69.102:41270], old=null
2019-10-15 21:18:58,664 [090573f1-c213-462e-b422-6463ca97c373@group-848D76B22711-LeaderElection1069] INFO  impl.RaftServerImpl (RaftServerImpl.java:setRole(184)) - 090573f1-c213-462e-b422-6463ca97c373@group-848D76B22711: changes role from CANDIDATE to FOLLOWER at term 88 for DISCOVERED_A_NEW_TERM
2019-10-15 21:18:58,664 [090573f1-c213-462e-b422-6463ca97c373@group-848D76B22711-LeaderElection1069] INFO  impl.RoleInfo (RoleInfo.java:shutdownLeaderElection(134)) - 090573f1-c213-462e-b422-6463ca97c373: shutdown LeaderElection
2019-10-15 21:18:58,664 [090573f1-c213-462e-b422-6463ca97c373@group-848D76B22711-LeaderElection1069] INFO  impl.RoleInfo (RoleInfo.java:updateAndGet(143)) - 090573f1-c213-462e-b422-6463ca97c373: start FollowerState
2019-10-15 21:18:58,740 [Thread-9121] INFO  impl.FollowerState (FollowerState.java:run(108)) - 090573f1-c213-462e-b422-6463ca97c373@group-848D76B22711-FollowerState: change to CANDIDATE, lastRpcTime:76ms, electionTimeout:76ms
2019-10-15 21:18:58,740 [Thread-9121] INFO  impl.RoleInfo (RoleInfo.java:shutdownFollowerState(121)) - 090573f1-c213-462e-b422-6463ca97c373: shutdown FollowerState
2019-10-15 21:18:58,741 [Thread-9121] INFO  impl.RaftServerImpl (RaftServerImpl.java:setRole(184)) - 090573f1-c213-462e-b422-6463ca97c373@group-848D76B22711: changes role from  FOLLOWER to CANDIDATE at term 88 for changeToCandidate
2019-10-15 21:18:58,741 [Thread-9121] INFO  impl.RoleInfo (RoleInfo.java:updateAndGet(143)) - 090573f1-c213-462e-b422-6463ca97c373: start LeaderElection
2019-10-15 21:18:58,753 [090573f1-c213-462e-b422-6463ca97c373@group-848D76B22711-LeaderElection1070] INFO  impl.LeaderElection (LeaderElection.java:askForVotes(178)) - 090573f1-c213-462e-b422-6463ca97c373@group-848D76B22711-LeaderElection1070: begin an election at term 89 for -1: [93d557fa-335e-4e3d-b2bb-e33832802906:192.168.69.102:43737, 090573f1-c213-462e-b422-6463ca97c373:192.168.69.102:43336, db364705-f60f-4be7-83db-fd25b014fd0b:192.168.69.102:41270], old=null
2019-10-15 21:18:58,754 [grpc-default-executor-7] INFO  impl.RaftServerImpl (RaftServerImpl.java:setRole(184)) - 93d557fa-335e-4e3d-b2bb-e33832802906@group-848D76B22711: changes role from  FOLLOWER to FOLLOWER at term 89 for recognizeCandidate:090573f1-c213-462e-b422-6463ca97c373
2019-10-15 21:18:58,754 [grpc-default-executor-3] INFO  impl.RaftServerImpl (RaftServerImpl.java:setRole(184)) - db364705-f60f-4be7-83db-fd25b014fd0b@group-848D76B22711: changes role from  FOLLOWER to FOLLOWER at term 89 for recognizeCandidate:090573f1-c213-462e-b422-6463ca97c373
2019-10-15 21:18:58,754 [grpc-default-executor-3] INFO  impl.RoleInfo (RoleInfo.java:shutdownFollowerState(121)) - db364705-f60f-4be7-83db-fd25b014fd0b: shutdown FollowerState
2019-10-15 21:18:58,754 [grpc-default-executor-7] INFO  impl.RoleInfo (RoleInfo.java:shutdownFollowerState(121)) - 93d557fa-335e-4e3d-b2bb-e33832802906: shutdown FollowerState
2019-10-15 21:18:58,755 [Thread-9120] INFO  impl.FollowerState (FollowerState.java:run(117)) - db364705-f60f-4be7-83db-fd25b014fd0b@group-848D76B22711-FollowerState was interrupted: java.lang.InterruptedException: sleep interrupted
2019-10-15 21:18:58,755 [Thread-9119] INFO  impl.FollowerState (FollowerState.java:run(117)) - 93d557fa-335e-4e3d-b2bb-e33832802906@group-848D76B22711-FollowerState was interrupted: java.lang.InterruptedException: sleep interrupted
2019-10-15 21:18:58,755 [grpc-default-executor-3] INFO  impl.RoleInfo (RoleInfo.java:updateAndGet(143)) - db364705-f60f-4be7-83db-fd25b014fd0b: start FollowerState
2019-10-15 21:18:58,755 [grpc-default-executor-7] INFO  impl.RoleInfo (RoleInfo.java:updateAndGet(143)) - 93d557fa-335e-4e3d-b2bb-e33832802906: start FollowerState
2019-10-15 21:18:58,776 [090573f1-c213-462e-b422-6463ca97c373@group-848D76B22711-LeaderElection1070] INFO  impl.LeaderElection (LeaderElection.java:logAndReturn(56)) - 090573f1-c213-462e-b422-6463ca97c373@group-848D76B22711-LeaderElection1070: Election REJECTED; received 2 response(s) [090573f1-c213-462e-b422-6463ca97c373<-93d557fa-335e-4e3d-b2bb-e33832802906#0:FAIL-t89, 090573f1-c213-462e-b422-6463ca97c373<-db364705-f60f-4be7-83db-fd25b014fd0b#0:FAIL-t89] and 0 exception(s); 090573f1-c213-462e-b422-6463ca97c373@group-848D76B22711:t89, leader=null, voted=090573f1-c213-462e-b422-6463ca97c373, raftlog=090573f1-c213-462e-b422-6463ca97c373@group-848D76B22711-SegmentedRaftLog:OPENED:c-1,f-1,i0, conf=-1: [93d557fa-335e-4e3d-b2bb-e33832802906:192.168.69.102:43737, 090573f1-c213-462e-b422-6463ca97c373:192.168.69.102:43336, db364705-f60f-4be7-83db-fd25b014fd0b:192.168.69.102:41270], old=null
2019-10-15 21:18:58,776 [090573f1-c213-462e-b422-6463ca97c373@group-848D76B22711-LeaderElection1070] INFO  impl.RaftServerImpl (RaftServerImpl.java:setRole(184)) - 090573f1-c213-462e-b422-6463ca97c373@group-848D76B22711: changes role from CANDIDATE to FOLLOWER at term 89 for DISCOVERED_A_NEW_TERM
2019-10-15 21:18:58,776 [090573f1-c213-462e-b422-6463ca97c373@group-848D76B22711-LeaderElection1070] INFO  impl.RoleInfo (RoleInfo.java:shutdownLeaderElection(134)) - 090573f1-c213-462e-b422-6463ca97c373: shutdown LeaderElection
2019-10-15 21:18:58,776 [090573f1-c213-462e-b422-6463ca97c373@group-848D76B22711-LeaderElection1070] INFO  impl.RoleInfo (RoleInfo.java:updateAndGet(143)) - 090573f1-c213-462e-b422-6463ca97c373: start FollowerState
2019-10-15 21:18:58,802 [Thread-9131] INFO  impl.FollowerState (FollowerState.java:run(108)) - 090573f1-c213-462e-b422-6463ca97c373@group-848D76B22711-FollowerState: change to CANDIDATE, lastRpcTime:26ms, electionTimeout:26ms
2019-10-15 21:18:58,802 [Thread-9131] INFO  impl.RoleInfo (RoleInfo.java:shutdownFollowerState(121)) - 090573f1-c213-462e-b422-6463ca97c373: shutdown FollowerState
2019-10-15 21:18:58,802 [Thread-9131] INFO  impl.RaftServerImpl (RaftServerImpl.java:setRole(184)) - 090573f1-c213-462e-b422-6463ca97c373@group-848D76B22711: changes role from  FOLLOWER to CANDIDATE at term 89 for changeToCandidate
2019-10-15 21:18:58,803 [Thread-9131] INFO  impl.RoleInfo (RoleInfo.java:updateAndGet(143)) - 090573f1-c213-462e-b422-6463ca97c373: start LeaderElection
2019-10-15 21:18:58,808 [090573f1-c213-462e-b422-6463ca97c373@group-848D76B22711-LeaderElection1071] INFO  impl.LeaderElection (LeaderElection.java:askForVotes(178)) - 090573f1-c213-462e-b422-6463ca97c373@group-848D76B22711-LeaderElection1071: begin an election at term 90 for -1: [93d557fa-335e-4e3d-b2bb-e33832802906:192.168.69.102:43737, 090573f1-c213-462e-b422-6463ca97c373:192.168.69.102:43336, db364705-f60f-4be7-83db-fd25b014fd0b:192.168.69.102:41270], old=null
2019-10-15 21:18:58,809 [grpc-default-executor-7] INFO  impl.RaftServerImpl (RaftServerImpl.java:setRole(184)) - 93d557fa-335e-4e3d-b2bb-e33832802906@group-848D76B22711: changes role from  FOLLOWER to FOLLOWER at term 90 for recognizeCandidate:090573f1-c213-462e-b422-6463ca97c373
2019-10-15 21:18:58,809 [grpc-default-executor-3] INFO  impl.RaftServerImpl (RaftServerImpl.java:setRole(184)) - db364705-f60f-4be7-83db-fd25b014fd0b@group-848D76B22711: changes role from  FOLLOWER to FOLLOWER at term 90 for recognizeCandidate:090573f1-c213-462e-b422-6463ca97c373
2019-10-15 21:18:58,809 [grpc-default-executor-7] INFO  impl.RoleInfo (RoleInfo.java:shutdownFollowerState(121)) - 93d557fa-335e-4e3d-b2bb-e33832802906: shutdown FollowerState
2019-10-15 21:18:58,809 [grpc-default-executor-3] INFO  impl.RoleInfo (RoleInfo.java:shutdownFollowerState(121)) - db364705-f60f-4be7-83db-fd25b014fd0b: shutdown FollowerState
2019-10-15 21:18:58,809 [Thread-9130] INFO  impl.FollowerState (FollowerState.java:run(117)) - 93d557fa-335e-4e3d-b2bb-e33832802906@group-848D76B22711-FollowerState was interrupted: java.lang.InterruptedException: sleep interrupted
2019-10-15 21:18:58,809 [grpc-default-executor-7] INFO  impl.RoleInfo (RoleInfo.java:updateAndGet(143)) - 93d557fa-335e-4e3d-b2bb-e33832802906: start FollowerState
2019-10-15 21:18:58,809 [Thread-9129] INFO  impl.FollowerState (FollowerState.java:run(117)) - db364705-f60f-4be7-83db-fd25b014fd0b@group-848D76B22711-FollowerState was interrupted: java.lang.InterruptedException: sleep interrupted
2019-10-15 21:18:58,809 [grpc-default-executor-3] INFO  impl.RoleInfo (RoleInfo.java:updateAndGet(143)) - db364705-f60f-4be7-83db-fd25b014fd0b: start FollowerState
2019-10-15 21:18:58,818 [090573f1-c213-462e-b422-6463ca97c373@group-848D76B22711-LeaderElection1071] INFO  impl.LeaderElection (LeaderElection.java:logAndReturn(56)) - 090573f1-c213-462e-b422-6463ca97c373@group-848D76B22711-LeaderElection1071: Election REJECTED; received 2 response(s) [090573f1-c213-462e-b422-6463ca97c373<-93d557fa-335e-4e3d-b2bb-e33832802906#0:FAIL-t90, 090573f1-c213-462e-b422-6463ca97c373<-db364705-f60f-4be7-83db-fd25b014fd0b#0:FAIL-t90] and 0 exception(s); 090573f1-c213-462e-b422-6463ca97c373@group-848D76B22711:t90, leader=null, voted=090573f1-c213-462e-b422-6463ca97c373, raftlog=090573f1-c213-462e-b422-6463ca97c373@group-848D76B22711-SegmentedRaftLog:OPENED:c-1,f-1,i0, conf=-1: [93d557fa-335e-4e3d-b2bb-e33832802906:192.168.69.102:43737, 090573f1-c213-462e-b422-6463ca97c373:192.168.69.102:43336, db364705-f60f-4be7-83db-fd25b014fd0b:192.168.69.102:41270], old=null
2019-10-15 21:18:58,818 [090573f1-c213-462e-b422-6463ca97c373@group-848D76B22711-LeaderElection1071] INFO  impl.RaftServerImpl (RaftServerImpl.java:setRole(184)) - 090573f1-c213-462e-b422-6463ca97c373@group-848D76B22711: changes role from CANDIDATE to FOLLOWER at term 90 for DISCOVERED_A_NEW_TERM
2019-10-15 21:18:58,818 [090573f1-c213-462e-b422-6463ca97c373@group-848D76B22711-LeaderElection1071] INFO  impl.RoleInfo (RoleInfo.java:shutdownLeaderElection(134)) - 090573f1-c213-462e-b422-6463ca97c373: shutdown LeaderElection
2019-10-15 21:18:58,818 [090573f1-c213-462e-b422-6463ca97c373@group-848D76B22711-LeaderElection1071] INFO  impl.RoleInfo (RoleInfo.java:updateAndGet(143)) - 090573f1-c213-462e-b422-6463ca97c373: start FollowerState
2019-10-15 21:18:58,947 [Thread-9137] INFO  impl.FollowerState (FollowerState.java:run(108)) - 090573f1-c213-462e-b422-6463ca97c373@group-848D76B22711-FollowerState: change to CANDIDATE, lastRpcTime:129ms, electionTimeout:129ms
2019-10-15 21:18:58,947 [Thread-9137] INFO  impl.RoleInfo (RoleInfo.java:shutdownFollowerState(121)) - 090573f1-c213-462e-b422-6463ca97c373: shutdown FollowerState
2019-10-15 21:18:58,948 [Thread-9137] INFO  impl.RaftServerImpl (RaftServerImpl.java:setRole(184)) - 090573f1-c213-462e-b422-6463ca97c373@group-848D76B22711: changes role from  FOLLOWER to CANDIDATE at term 90 for changeToCandidate
2019-10-15 21:18:58,948 [Thread-9137] INFO  impl.RoleInfo (RoleInfo.java:updateAndGet(143)) - 090573f1-c213-462e-b422-6463ca97c373: start LeaderElection
2019-10-15 21:18:58,981 [090573f1-c213-462e-b422-6463ca97c373@group-848D76B22711-LeaderElection1072] INFO  impl.LeaderElection (LeaderElection.java:askForVotes(178)) - 090573f1-c213-462e-b422-6463ca97c373@group-848D76B22711-LeaderElection1072: begin an election at term 91 for -1: [93d557fa-335e-4e3d-b2bb-e33832802906:192.168.69.102:43737, 090573f1-c213-462e-b422-6463ca97c373:192.168.69.102:43336, db364705-f60f-4be7-83db-fd25b014fd0b:192.168.69.102:41270], old=null
2019-10-15 21:18:58,983 [grpc-default-executor-7] INFO  impl.RaftServerImpl (RaftServerImpl.java:setRole(184)) - 93d557fa-335e-4e3d-b2bb-e33832802906@group-848D76B22711: changes role from  FOLLOWER to FOLLOWER at term 91 for recognizeCandidate:090573f1-c213-462e-b422-6463ca97c373
2019-10-15 21:18:58,983 [grpc-default-executor-7] INFO  impl.RoleInfo (RoleInfo.java:shutdownFollowerState(121)) - 93d557fa-335e-4e3d-b2bb-e33832802906: shutdown FollowerState
2019-10-15 21:18:58,983 [grpc-default-executor-7] INFO  impl.RoleInfo (RoleInfo.java:updateAndGet(143)) - 93d557fa-335e-4e3d-b2bb-e33832802906: start FollowerState
2019-10-15 21:18:58,983 [grpc-default-executor-3] INFO  impl.RaftServerImpl (RaftServerImpl.java:setRole(184)) - db364705-f60f-4be7-83db-fd25b014fd0b@group-848D76B22711: changes role from  FOLLOWER to FOLLOWER at term 91 for recognizeCandidate:090573f1-c213-462e-b422-6463ca97c373
2019-10-15 21:18:58,983 [Thread-9135] INFO  impl.FollowerState (FollowerState.java:run(117)) - 93d557fa-335e-4e3d-b2bb-e33832802906@group-848D76B22711-FollowerState was interrupted: java.lang.InterruptedException: sleep interrupted
2019-10-15 21:18:58,983 [grpc-default-executor-3] INFO  impl.RoleInfo (RoleInfo.java:shutdownFollowerState(121)) - db364705-f60f-4be7-83db-fd25b014fd0b: shutdown FollowerState
2019-10-15 21:18:58,983 [grpc-default-executor-3] INFO  impl.RoleInfo (RoleInfo.java:updateAndGet(143)) - db364705-f60f-4be7-83db-fd25b014fd0b: start FollowerState
2019-10-15 21:18:58,983 [Thread-9136] INFO  impl.FollowerState (FollowerState.java:run(117)) - db364705-f60f-4be7-83db-fd25b014fd0b@group-848D76B22711-FollowerState was interrupted: java.lang.InterruptedException: sleep interrupted
2019-10-15 21:18:58,996 [090573f1-c213-462e-b422-6463ca97c373@group-848D76B22711-LeaderElection1072] INFO  impl.LeaderElection (LeaderElection.java:logAndReturn(56)) - 090573f1-c213-462e-b422-6463ca97c373@group-848D76B22711-LeaderElection1072: Election REJECTED; received 2 response(s) [090573f1-c213-462e-b422-6463ca97c373<-93d557fa-335e-4e3d-b2bb-e33832802906#0:FAIL-t91, 090573f1-c213-462e-b422-6463ca97c373<-db364705-f60f-4be7-83db-fd25b014fd0b#0:FAIL-t91] and 0 exception(s); 090573f1-c213-462e-b422-6463ca97c373@group-848D76B22711:t91, leader=null, voted=090573f1-c213-462e-b422-6463ca97c373, raftlog=090573f1-c213-462e-b422-6463ca97c373@group-848D76B22711-SegmentedRaftLog:OPENED:c-1,f-1,i0, conf=-1: [93d557fa-335e-4e3d-b2bb-e33832802906:192.168.69.102:43737, 090573f1-c213-462e-b422-6463ca97c373:192.168.69.102:43336, db364705-f60f-4be7-83db-fd25b014fd0b:192.168.69.102:41270], old=null
2019-10-15 21:18:58,996 [090573f1-c213-462e-b422-6463ca97c373@group-848D76B22711-LeaderElection1072] INFO  impl.RaftServerImpl (RaftServerImpl.java:setRole(184)) - 090573f1-c213-462e-b422-6463ca97c373@group-848D76B22711: changes role from CANDIDATE to FOLLOWER at term 91 for DISCOVERED_A_NEW_TERM
2019-10-15 21:18:58,996 [090573f1-c213-462e-b422-6463ca97c373@group-848D76B22711-LeaderElection1072] INFO  impl.RoleInfo (RoleInfo.java:shutdownLeaderElection(134)) - 090573f1-c213-462e-b422-6463ca97c373: shutdown LeaderElection
2019-10-15 21:18:58,996 [090573f1-c213-462e-b422-6463ca97c373@group-848D76B22711-LeaderElection1072] INFO  impl.RoleInfo (RoleInfo.java:updateAndGet(143)) - 090573f1-c213-462e-b422-6463ca97c373: start FollowerState
2019-10-15 21:18:59,024 [Thread-9143] INFO  impl.FollowerState (FollowerState.java:run(108)) - 090573f1-c213-462e-b422-6463ca97c373@group-848D76B22711-FollowerState: change to CANDIDATE, lastRpcTime:28ms, electionTimeout:28ms
2019-10-15 21:18:59,024 [Thread-9143] INFO  impl.RoleInfo (RoleInfo.java:shutdownFollowerState(121)) - 090573f1-c213-462e-b422-6463ca97c373: shutdown FollowerState
2019-10-15 21:18:59,024 [Thread-9143] INFO  impl.RaftServerImpl (RaftServerImpl.java:setRole(184)) - 090573f1-c213-462e-b422-6463ca97c373@group-848D76B22711: changes role from  FOLLOWER to CANDIDATE at term 91 for changeToCandidate
2019-10-15 21:18:59,025 [Thread-9143] INFO  impl.RoleInfo (RoleInfo.java:updateAndGet(143)) - 090573f1-c213-462e-b422-6463ca97c373: start LeaderElection
2019-10-15 21:18:59,035 [090573f1-c213-462e-b422-6463ca97c373@group-848D76B22711-LeaderElection1073] INFO  impl.LeaderElection (LeaderElection.java:askForVotes(178)) - 090573f1-c213-462e-b422-6463ca97c373@group-848D76B22711-LeaderElection1073: begin an election at term 92 for -1: [93d557fa-335e-4e3d-b2bb-e33832802906:192.168.69.102:43737, 090573f1-c213-462e-b422-6463ca97c373:192.168.69.102:43336, db364705-f60f-4be7-83db-fd25b014fd0b:192.168.69.102:41270], old=null
2019-10-15 21:18:59,036 [grpc-default-executor-7] INFO  impl.RaftServerImpl (RaftServerImpl.java:setRole(184)) - 93d557fa-335e-4e3d-b2bb-e33832802906@group-848D76B22711: changes role from  FOLLOWER to FOLLOWER at term 92 for recognizeCandidate:090573f1-c213-462e-b422-6463ca97c373
2019-10-15 21:18:59,036 [grpc-default-executor-7] INFO  impl.RoleInfo (RoleInfo.java:shutdownFollowerState(121)) - 93d557fa-335e-4e3d-b2bb-e33832802906: shutdown FollowerState
2019-10-15 21:18:59,036 [grpc-default-executor-7] INFO  impl.RoleInfo (RoleInfo.java:updateAndGet(143)) - 93d557fa-335e-4e3d-b2bb-e33832802906: start FollowerState
2019-10-15 21:18:59,036 [Thread-9141] INFO  impl.FollowerState (FollowerState.java:run(117)) - 93d557fa-335e-4e3d-b2bb-e33832802906@group-848D76B22711-FollowerState was interrupted: java.lang.InterruptedException: sleep interrupted
2019-10-15 21:18:59,036 [grpc-default-executor-3] INFO  impl.RaftServerImpl (RaftServerImpl.java:setRole(184)) - db364705-f60f-4be7-83db-fd25b014fd0b@group-848D76B22711: changes role from  FOLLOWER to FOLLOWER at term 92 for recognizeCandidate:090573f1-c213-462e-b422-6463ca97c373
2019-10-15 21:18:59,037 [grpc-default-executor-3] INFO  impl.RoleInfo (RoleInfo.java:shutdownFollowerState(121)) - db364705-f60f-4be7-83db-fd25b014fd0b: shutdown FollowerState
2019-10-15 21:18:59,037 [grpc-default-executor-3] INFO  impl.RoleInfo (RoleInfo.java:updateAndGet(143)) - db364705-f60f-4be7-83db-fd25b014fd0b: start FollowerState
2019-10-15 21:18:59,037 [Thread-9142] INFO  impl.FollowerState (FollowerState.java:run(117)) - db364705-f60f-4be7-83db-fd25b014fd0b@group-848D76B22711-FollowerState was interrupted: java.lang.InterruptedException: sleep interrupted
2019-10-15 21:18:59,056 [090573f1-c213-462e-b422-6463ca97c373@group-848D76B22711-LeaderElection1073] INFO  impl.LeaderElection (LeaderElection.java:logAndReturn(56)) - 090573f1-c213-462e-b422-6463ca97c373@group-848D76B22711-LeaderElection1073: Election REJECTED; received 2 response(s) [090573f1-c213-462e-b422-6463ca97c373<-93d557fa-335e-4e3d-b2bb-e33832802906#0:FAIL-t92, 090573f1-c213-462e-b422-6463ca97c373<-db364705-f60f-4be7-83db-fd25b014fd0b#0:FAIL-t92] and 0 exception(s); 090573f1-c213-462e-b422-6463ca97c373@group-848D76B22711:t92, leader=null, voted=090573f1-c213-462e-b422-6463ca97c373, raftlog=090573f1-c213-462e-b422-6463ca97c373@group-848D76B22711-SegmentedRaftLog:OPENED:c-1,f-1,i0, conf=-1: [93d557fa-335e-4e3d-b2bb-e33832802906:192.168.69.102:43737, 090573f1-c213-462e-b422-6463ca97c373:192.168.69.102:43336, db364705-f60f-4be7-83db-fd25b014fd0b:192.168.69.102:41270], old=null
2019-10-15 21:18:59,056 [090573f1-c213-462e-b422-6463ca97c373@group-848D76B22711-LeaderElection1073] INFO  impl.RaftServerImpl (RaftServerImpl.java:setRole(184)) - 090573f1-c213-462e-b422-6463ca97c373@group-848D76B22711: changes role from CANDIDATE to FOLLOWER at term 92 for DISCOVERED_A_NEW_TERM
2019-10-15 21:18:59,056 [090573f1-c213-462e-b422-6463ca97c373@group-848D76B22711-LeaderElection1073] INFO  impl.RoleInfo (RoleInfo.java:shutdownLeaderElection(134)) - 090573f1-c213-462e-b422-6463ca97c373: shutdown LeaderElection
2019-10-15 21:18:59,056 [090573f1-c213-462e-b422-6463ca97c373@group-848D76B22711-LeaderElection1073] INFO  impl.RoleInfo (RoleInfo.java:updateAndGet(143)) - 090573f1-c213-462e-b422-6463ca97c373: start FollowerState
2019-10-15 21:18:59,080 [Thread-9149] INFO  impl.FollowerState (FollowerState.java:run(108)) - 090573f1-c213-462e-b422-6463ca97c373@group-848D76B22711-FollowerState: change to CANDIDATE, lastRpcTime:23ms, electionTimeout:22ms
2019-10-15 21:18:59,080 [Thread-9149] INFO  impl.RoleInfo (RoleInfo.java:shutdownFollowerState(121)) - 090573f1-c213-462e-b422-6463ca97c373: shutdown FollowerState
2019-10-15 21:18:59,080 [Thread-9149] INFO  impl.RaftServerImpl (RaftServerImpl.java:setRole(184)) - 090573f1-c213-462e-b422-6463ca97c373@group-848D76B22711: changes role from  FOLLOWER to CANDIDATE at term 92 for changeToCandidate
2019-10-15 21:18:59,080 [Thread-9149] INFO  impl.RoleInfo (RoleInfo.java:updateAndGet(143)) - 090573f1-c213-462e-b422-6463ca97c373: start LeaderElection
2019-10-15 21:18:59,083 [090573f1-c213-462e-b422-6463ca97c373@group-848D76B22711-LeaderElection1074] INFO  impl.LeaderElection (LeaderElection.java:askForVotes(178)) - 090573f1-c213-462e-b422-6463ca97c373@group-848D76B22711-LeaderElection1074: begin an election at term 93 for -1: [93d557fa-335e-4e3d-b2bb-e33832802906:192.168.69.102:43737, 090573f1-c213-462e-b422-6463ca97c373:192.168.69.102:43336, db364705-f60f-4be7-83db-fd25b014fd0b:192.168.69.102:41270], old=null
2019-10-15 21:18:59,084 [grpc-default-executor-3] INFO  impl.RaftServerImpl (RaftServerImpl.java:setRole(184)) - db364705-f60f-4be7-83db-fd25b014fd0b@group-848D76B22711: changes role from  FOLLOWER to FOLLOWER at term 93 for recognizeCandidate:090573f1-c213-462e-b422-6463ca97c373
2019-10-15 21:18:59,085 [grpc-default-executor-3] INFO  impl.RoleInfo (RoleInfo.java:shutdownFollowerState(121)) - db364705-f60f-4be7-83db-fd25b014fd0b: shutdown FollowerState
2019-10-15 21:18:59,085 [grpc-default-executor-7] INFO  impl.RaftServerImpl (RaftServerImpl.java:setRole(184)) - 93d557fa-335e-4e3d-b2bb-e33832802906@group-848D76B22711: changes role from  FOLLOWER to FOLLOWER at term 93 for recognizeCandidate:090573f1-c213-462e-b422-6463ca97c373
2019-10-15 21:18:59,085 [Thread-9148] INFO  impl.FollowerState (FollowerState.java:run(117)) - db364705-f60f-4be7-83db-fd25b014fd0b@group-848D76B22711-FollowerState was interrupted: java.lang.InterruptedException: sleep interrupted
2019-10-15 21:18:59,085 [grpc-default-executor-3] INFO  impl.RoleInfo (RoleInfo.java:updateAndGet(143)) - db364705-f60f-4be7-83db-fd25b014fd0b: start FollowerState
2019-10-15 21:18:59,085 [grpc-default-executor-7] INFO  impl.RoleInfo (RoleInfo.java:shutdownFollowerState(121)) - 93d557fa-335e-4e3d-b2bb-e33832802906: shutdown FollowerState
2019-10-15 21:18:59,085 [grpc-default-executor-7] INFO  impl.RoleInfo (RoleInfo.java:updateAndGet(143)) - 93d557fa-335e-4e3d-b2bb-e33832802906: start FollowerState
2019-10-15 21:18:59,085 [Thread-9147] INFO  impl.FollowerState (FollowerState.java:run(117)) - 93d557fa-335e-4e3d-b2bb-e33832802906@group-848D76B22711-FollowerState was interrupted: java.lang.InterruptedException: sleep interrupted
2019-10-15 21:18:59,108 [090573f1-c213-462e-b422-6463ca97c373@group-848D76B22711-LeaderElection1074] INFO  impl.LeaderElection (LeaderElection.java:logAndReturn(56)) - 090573f1-c213-462e-b422-6463ca97c373@group-848D76B22711-LeaderElection1074: Election REJECTED; received 2 response(s) [090573f1-c213-462e-b422-6463ca97c373<-93d557fa-335e-4e3d-b2bb-e33832802906#0:FAIL-t93, 090573f1-c213-462e-b422-6463ca97c373<-db364705-f60f-4be7-83db-fd25b014fd0b#0:FAIL-t93] and 0 exception(s); 090573f1-c213-462e-b422-6463ca97c373@group-848D76B22711:t93, leader=null, voted=090573f1-c213-462e-b422-6463ca97c373, raftlog=090573f1-c213-462e-b422-6463ca97c373@group-848D76B22711-SegmentedRaftLog:OPENED:c-1,f-1,i0, conf=-1: [93d557fa-335e-4e3d-b2bb-e33832802906:192.168.69.102:43737, 090573f1-c213-462e-b422-6463ca97c373:192.168.69.102:43336, db364705-f60f-4be7-83db-fd25b014fd0b:192.168.69.102:41270], old=null
2019-10-15 21:18:59,108 [090573f1-c213-462e-b422-6463ca97c373@group-848D76B22711-LeaderElection1074] INFO  impl.RaftServerImpl (RaftServerImpl.java:setRole(184)) - 090573f1-c213-462e-b422-6463ca97c373@group-848D76B22711: changes role from CANDIDATE to FOLLOWER at term 93 for DISCOVERED_A_NEW_TERM
2019-10-15 21:18:59,108 [090573f1-c213-462e-b422-6463ca97c373@group-848D76B22711-LeaderElection1074] INFO  impl.RoleInfo (RoleInfo.java:shutdownLeaderElection(134)) - 090573f1-c213-462e-b422-6463ca97c373: shutdown LeaderElection
2019-10-15 21:18:59,108 [090573f1-c213-462e-b422-6463ca97c373@group-848D76B22711-LeaderElection1074] INFO  impl.RoleInfo (RoleInfo.java:updateAndGet(143)) - 090573f1-c213-462e-b422-6463ca97c373: start FollowerState
2019-10-15 21:18:59,123 [Thread-9155] INFO  impl.FollowerState (FollowerState.java:run(108)) - 090573f1-c213-462e-b422-6463ca97c373@group-848D76B22711-FollowerState: change to CANDIDATE, lastRpcTime:14ms, electionTimeout:14ms
2019-10-15 21:18:59,123 [Thread-9155] INFO  impl.RoleInfo (RoleInfo.java:shutdownFollowerState(121)) - 090573f1-c213-462e-b422-6463ca97c373: shutdown FollowerState
2019-10-15 21:18:59,123 [Thread-9155] INFO  impl.RaftServerImpl (RaftServerImpl.java:setRole(184)) - 090573f1-c213-462e-b422-6463ca97c373@group-848D76B22711: changes role from  FOLLOWER to CANDIDATE at term 93 for changeToCandidate
2019-10-15 21:18:59,123 [Thread-9155] INFO  impl.RoleInfo (RoleInfo.java:updateAndGet(143)) - 090573f1-c213-462e-b422-6463ca97c373: start LeaderElection
2019-10-15 21:18:59,130 [090573f1-c213-462e-b422-6463ca97c373@group-848D76B22711-LeaderElection1075] INFO  impl.LeaderElection (LeaderElection.java:askForVotes(178)) - 090573f1-c213-462e-b422-6463ca97c373@group-848D76B22711-LeaderElection1075: begin an election at term 94 for -1: [93d557fa-335e-4e3d-b2bb-e33832802906:192.168.69.102:43737, 090573f1-c213-462e-b422-6463ca97c373:192.168.69.102:43336, db364705-f60f-4be7-83db-fd25b014fd0b:192.168.69.102:41270], old=null
2019-10-15 21:18:59,131 [grpc-default-executor-7] INFO  impl.RaftServerImpl (RaftServerImpl.java:setRole(184)) - 93d557fa-335e-4e3d-b2bb-e33832802906@group-848D76B22711: changes role from  FOLLOWER to FOLLOWER at term 94 for recognizeCandidate:090573f1-c213-462e-b422-6463ca97c373
2019-10-15 21:18:59,131 [grpc-default-executor-7] INFO  impl.RoleInfo (RoleInfo.java:shutdownFollowerState(121)) - 93d557fa-335e-4e3d-b2bb-e33832802906: shutdown FollowerState
2019-10-15 21:18:59,131 [grpc-default-executor-3] INFO  impl.RaftServerImpl (RaftServerImpl.java:setRole(184)) - db364705-f60f-4be7-83db-fd25b014fd0b@group-848D76B22711: changes role from  FOLLOWER to FOLLOWER at term 94 for recognizeCandidate:090573f1-c213-462e-b422-6463ca97c373
2019-10-15 21:18:59,131 [grpc-default-executor-3] INFO  impl.RoleInfo (RoleInfo.java:shutdownFollowerState(121)) - db364705-f60f-4be7-83db-fd25b014fd0b: shutdown FollowerState
2019-10-15 21:18:59,131 [Thread-9154] INFO  impl.FollowerState (FollowerState.java:run(117)) - 93d557fa-335e-4e3d-b2bb-e33832802906@group-848D76B22711-FollowerState was interrupted: java.lang.InterruptedException: sleep interrupted
2019-10-15 21:18:59,131 [grpc-default-executor-7] INFO  impl.RoleInfo (RoleInfo.java:updateAndGet(143)) - 93d557fa-335e-4e3d-b2bb-e33832802906: start FollowerState
2019-10-15 21:18:59,131 [Thread-9153] INFO  impl.FollowerState (FollowerState.java:run(117)) - db364705-f60f-4be7-83db-fd25b014fd0b@group-848D76B22711-FollowerState was interrupted: java.lang.InterruptedException: sleep interrupted
2019-10-15 21:18:59,131 [grpc-default-executor-3] INFO  impl.RoleInfo (RoleInfo.java:updateAndGet(143)) - db364705-f60f-4be7-83db-fd25b014fd0b: start FollowerState
2019-10-15 21:18:59,147 [090573f1-c213-462e-b422-6463ca97c373@group-848D76B22711-LeaderElection1075] INFO  impl.LeaderElection (LeaderElection.java:logAndReturn(56)) - 090573f1-c213-462e-b422-6463ca97c373@group-848D76B22711-LeaderElection1075: Election REJECTED; received 2 response(s) [090573f1-c213-462e-b422-6463ca97c373<-93d557fa-335e-4e3d-b2bb-e33832802906#0:FAIL-t94, 090573f1-c213-462e-b422-6463ca97c373<-db364705-f60f-4be7-83db-fd25b014fd0b#0:FAIL-t94] and 0 exception(s); 090573f1-c213-462e-b422-6463ca97c373@group-848D76B22711:t94, leader=null, voted=090573f1-c213-462e-b422-6463ca97c373, raftlog=090573f1-c213-462e-b422-6463ca97c373@group-848D76B22711-SegmentedRaftLog:OPENED:c-1,f-1,i0, conf=-1: [93d557fa-335e-4e3d-b2bb-e33832802906:192.168.69.102:43737, 090573f1-c213-462e-b422-6463ca97c373:192.168.69.102:43336, db364705-f60f-4be7-83db-fd25b014fd0b:192.168.69.102:41270], old=null
2019-10-15 21:18:59,147 [090573f1-c213-462e-b422-6463ca97c373@group-848D76B22711-LeaderElection1075] INFO  impl.RaftServerImpl (RaftServerImpl.java:setRole(184)) - 090573f1-c213-462e-b422-6463ca97c373@group-848D76B22711: changes role from CANDIDATE to FOLLOWER at term 94 for DISCOVERED_A_NEW_TERM
2019-10-15 21:18:59,147 [090573f1-c213-462e-b422-6463ca97c373@group-848D76B22711-LeaderElection1075] INFO  impl.RoleInfo (RoleInfo.java:shutdownLeaderElection(134)) - 090573f1-c213-462e-b422-6463ca97c373: shutdown LeaderElection
2019-10-15 21:18:59,148 [090573f1-c213-462e-b422-6463ca97c373@group-848D76B22711-LeaderElection1075] INFO  impl.RoleInfo (RoleInfo.java:updateAndGet(143)) - 090573f1-c213-462e-b422-6463ca97c373: start FollowerState
2019-10-15 21:18:59,304 [Thread-9161] INFO  impl.FollowerState (FollowerState.java:run(108)) - 090573f1-c213-462e-b422-6463ca97c373@group-848D76B22711-FollowerState: change to CANDIDATE, lastRpcTime:156ms, electionTimeout:156ms
2019-10-15 21:18:59,304 [Thread-9161] INFO  impl.RoleInfo (RoleInfo.java:shutdownFollowerState(121)) - 090573f1-c213-462e-b422-6463ca97c373: shutdown FollowerState
2019-10-15 21:18:59,304 [Thread-9161] INFO  impl.RaftServerImpl (RaftServerImpl.java:setRole(184)) - 090573f1-c213-462e-b422-6463ca97c373@group-848D76B22711: changes role from  FOLLOWER to CANDIDATE at term 94 for changeToCandidate
2019-10-15 21:18:59,304 [Thread-9161] INFO  impl.RoleInfo (RoleInfo.java:updateAndGet(143)) - 090573f1-c213-462e-b422-6463ca97c373: start LeaderElection
2019-10-15 21:18:59,319 [090573f1-c213-462e-b422-6463ca97c373@group-848D76B22711-LeaderElection1076] INFO  impl.LeaderElection (LeaderElection.java:askForVotes(178)) - 090573f1-c213-462e-b422-6463ca97c373@group-848D76B22711-LeaderElection1076: begin an election at term 95 for -1: [93d557fa-335e-4e3d-b2bb-e33832802906:192.168.69.102:43737, 090573f1-c213-462e-b422-6463ca97c373:192.168.69.102:43336, db364705-f60f-4be7-83db-fd25b014fd0b:192.168.69.102:41270], old=null
2019-10-15 21:18:59,320 [grpc-default-executor-3] INFO  impl.RaftServerImpl (RaftServerImpl.java:setRole(184)) - db364705-f60f-4be7-83db-fd25b014fd0b@group-848D76B22711: changes role from  FOLLOWER to FOLLOWER at term 95 for recognizeCandidate:090573f1-c213-462e-b422-6463ca97c373
2019-10-15 21:18:59,320 [grpc-default-executor-7] INFO  impl.RaftServerImpl (RaftServerImpl.java:setRole(184)) - 93d557fa-335e-4e3d-b2bb-e33832802906@group-848D76B22711: changes role from  FOLLOWER to FOLLOWER at term 95 for recognizeCandidate:090573f1-c213-462e-b422-6463ca97c373
2019-10-15 21:18:59,320 [grpc-default-executor-3] INFO  impl.RoleInfo (RoleInfo.java:shutdownFollowerState(121)) - db364705-f60f-4be7-83db-fd25b014fd0b: shutdown FollowerState
2019-10-15 21:18:59,320 [grpc-default-executor-7] INFO  impl.RoleInfo (RoleInfo.java:shutdownFollowerState(121)) - 93d557fa-335e-4e3d-b2bb-e33832802906: shutdown FollowerState
2019-10-15 21:18:59,321 [Thread-9160] INFO  impl.FollowerState (FollowerState.java:run(117)) - db364705-f60f-4be7-83db-fd25b014fd0b@group-848D76B22711-FollowerState was interrupted: java.lang.InterruptedException: sleep interrupted
2019-10-15 21:18:59,321 [grpc-default-executor-3] INFO  impl.RoleInfo (RoleInfo.java:updateAndGet(143)) - db364705-f60f-4be7-83db-fd25b014fd0b: start FollowerState
2019-10-15 21:18:59,321 [grpc-default-executor-7] INFO  impl.RoleInfo (RoleInfo.java:updateAndGet(143)) - 93d557fa-335e-4e3d-b2bb-e33832802906: start FollowerState
2019-10-15 21:18:59,321 [Thread-9159] INFO  impl.FollowerState (FollowerState.java:run(117)) - 93d557fa-335e-4e3d-b2bb-e33832802906@group-848D76B22711-FollowerState was interrupted: java.lang.InterruptedException: sleep interrupted
2019-10-15 21:18:59,329 [090573f1-c213-462e-b422-6463ca97c373@group-848D76B22711-LeaderElection1076] INFO  impl.LeaderElection (LeaderElection.java:logAndReturn(56)) - 090573f1-c213-462e-b422-6463ca97c373@group-848D76B22711-LeaderElection1076: Election TIMEOUT; received 0 response(s) [] and 0 exception(s); 090573f1-c213-462e-b422-6463ca97c373@group-848D76B22711:t95, leader=null, voted=090573f1-c213-462e-b422-6463ca97c373, raftlog=090573f1-c213-462e-b422-6463ca97c373@group-848D76B22711-SegmentedRaftLog:OPENED:c-1,f-1,i0, conf=-1: [93d557fa-335e-4e3d-b2bb-e33832802906:192.168.69.102:43737, 090573f1-c213-462e-b422-6463ca97c373:192.168.69.102:43336, db364705-f60f-4be7-83db-fd25b014fd0b:192.168.69.102:41270], old=null
2019-10-15 21:18:59,363 [090573f1-c213-462e-b422-6463ca97c373@group-848D76B22711-LeaderElection1076] INFO  impl.LeaderElection (LeaderElection.java:askForVotes(178)) - 090573f1-c213-462e-b422-6463ca97c373@group-848D76B22711-LeaderElection1076: begin an election at term 96 for -1: [93d557fa-335e-4e3d-b2bb-e33832802906:192.168.69.102:43737, 090573f1-c213-462e-b422-6463ca97c373:192.168.69.102:43336, db364705-f60f-4be7-83db-fd25b014fd0b:192.168.69.102:41270], old=null
2019-10-15 21:18:59,364 [grpc-default-executor-3] INFO  impl.RaftServerImpl (RaftServerImpl.java:setRole(184)) - 93d557fa-335e-4e3d-b2bb-e33832802906@group-848D76B22711: changes role from  FOLLOWER to FOLLOWER at term 96 for recognizeCandidate:090573f1-c213-462e-b422-6463ca97c373
2019-10-15 21:18:59,364 [grpc-default-executor-7] INFO  impl.RaftServerImpl (RaftServerImpl.java:setRole(184)) - db364705-f60f-4be7-83db-fd25b014fd0b@group-848D76B22711: changes role from  FOLLOWER to FOLLOWER at term 96 for recognizeCandidate:090573f1-c213-462e-b422-6463ca97c373
2019-10-15 21:18:59,364 [grpc-default-executor-7] INFO  impl.RoleInfo (RoleInfo.java:shutdownFollowerState(121)) - db364705-f60f-4be7-83db-fd25b014fd0b: shutdown FollowerState
2019-10-15 21:18:59,364 [grpc-default-executor-3] INFO  impl.RoleInfo (RoleInfo.java:shutdownFollowerState(121)) - 93d557fa-335e-4e3d-b2bb-e33832802906: shutdown FollowerState
2019-10-15 21:18:59,365 [Thread-9169] INFO  impl.FollowerState (FollowerState.java:run(117)) - db364705-f60f-4be7-83db-fd25b014fd0b@group-848D76B22711-FollowerState was interrupted: java.lang.InterruptedException: sleep interrupted
2019-10-15 21:18:59,365 [grpc-default-executor-7] INFO  impl.RoleInfo (RoleInfo.java:updateAndGet(143)) - db364705-f60f-4be7-83db-fd25b014fd0b: start FollowerState
2019-10-15 21:18:59,365 [Thread-9170] INFO  impl.FollowerState (FollowerState.java:run(117)) - 93d557fa-335e-4e3d-b2bb-e33832802906@group-848D76B22711-FollowerState was interrupted: java.lang.InterruptedException: sleep interrupted
2019-10-15 21:18:59,365 [grpc-default-executor-3] INFO  impl.RoleInfo (RoleInfo.java:updateAndGet(143)) - 93d557fa-335e-4e3d-b2bb-e33832802906: start FollowerState
2019-10-15 21:18:59,384 [090573f1-c213-462e-b422-6463ca97c373@group-848D76B22711-LeaderElection1076] INFO  impl.LeaderElection (LeaderElection.java:logAndReturn(56)) - 090573f1-c213-462e-b422-6463ca97c373@group-848D76B22711-LeaderElection1076: Election REJECTED; received 2 response(s) [090573f1-c213-462e-b422-6463ca97c373<-93d557fa-335e-4e3d-b2bb-e33832802906#0:FAIL-t96, 090573f1-c213-462e-b422-6463ca97c373<-db364705-f60f-4be7-83db-fd25b014fd0b#0:FAIL-t96] and 0 exception(s); 090573f1-c213-462e-b422-6463ca97c373@group-848D76B22711:t96, leader=null, voted=090573f1-c213-462e-b422-6463ca97c373, raftlog=090573f1-c213-462e-b422-6463ca97c373@group-848D76B22711-SegmentedRaftLog:OPENED:c-1,f-1,i0, conf=-1: [93d557fa-335e-4e3d-b2bb-e33832802906:192.168.69.102:43737, 090573f1-c213-462e-b422-6463ca97c373:192.168.69.102:43336, db364705-f60f-4be7-83db-fd25b014fd0b:192.168.69.102:41270], old=null
2019-10-15 21:18:59,384 [090573f1-c213-462e-b422-6463ca97c373@group-848D76B22711-LeaderElection1076] INFO  impl.RaftServerImpl (RaftServerImpl.java:setRole(184)) - 090573f1-c213-462e-b422-6463ca97c373@group-848D76B22711: changes role from CANDIDATE to FOLLOWER at term 96 for DISCOVERED_A_NEW_TERM
2019-10-15 21:18:59,384 [090573f1-c213-462e-b422-6463ca97c373@group-848D76B22711-LeaderElection1076] INFO  impl.RoleInfo (RoleInfo.java:shutdownLeaderElection(134)) - 090573f1-c213-462e-b422-6463ca97c373: shutdown LeaderElection
2019-10-15 21:18:59,384 [090573f1-c213-462e-b422-6463ca97c373@group-848D76B22711-LeaderElection1076] INFO  impl.RoleInfo (RoleInfo.java:updateAndGet(143)) - 090573f1-c213-462e-b422-6463ca97c373: start FollowerState
2019-10-15 21:18:59,467 [Thread-9175] INFO  impl.FollowerState (FollowerState.java:run(108)) - 090573f1-c213-462e-b422-6463ca97c373@group-848D76B22711-FollowerState: change to CANDIDATE, lastRpcTime:82ms, electionTimeout:82ms
2019-10-15 21:18:59,467 [Thread-9175] INFO  impl.RoleInfo (RoleInfo.java:shutdownFollowerState(121)) - 090573f1-c213-462e-b422-6463ca97c373: shutdown FollowerState
2019-10-15 21:18:59,467 [Thread-9175] INFO  impl.RaftServerImpl (RaftServerImpl.java:setRole(184)) - 090573f1-c213-462e-b422-6463ca97c373@group-848D76B22711: changes role from  FOLLOWER to CANDIDATE at term 96 for changeToCandidate
2019-10-15 21:18:59,467 [Thread-9175] INFO  impl.RoleInfo (RoleInfo.java:updateAndGet(143)) - 090573f1-c213-462e-b422-6463ca97c373: start LeaderElection
2019-10-15 21:18:59,491 [090573f1-c213-462e-b422-6463ca97c373@group-848D76B22711-LeaderElection1077] INFO  impl.LeaderElection (LeaderElection.java:askForVotes(178)) - 090573f1-c213-462e-b422-6463ca97c373@group-848D76B22711-LeaderElection1077: begin an election at term 97 for -1: [93d557fa-335e-4e3d-b2bb-e33832802906:192.168.69.102:43737, 090573f1-c213-462e-b422-6463ca97c373:192.168.69.102:43336, db364705-f60f-4be7-83db-fd25b014fd0b:192.168.69.102:41270], old=null
2019-10-15 21:18:59,493 [grpc-default-executor-3] INFO  impl.RaftServerImpl (RaftServerImpl.java:setRole(184)) - db364705-f60f-4be7-83db-fd25b014fd0b@group-848D76B22711: changes role from  FOLLOWER to FOLLOWER at term 97 for recognizeCandidate:090573f1-c213-462e-b422-6463ca97c373
2019-10-15 21:18:59,493 [grpc-default-executor-3] INFO  impl.RoleInfo (RoleInfo.java:shutdownFollowerState(121)) - db364705-f60f-4be7-83db-fd25b014fd0b: shutdown FollowerState
2019-10-15 21:18:59,493 [grpc-default-executor-7] INFO  impl.RaftServerImpl (RaftServerImpl.java:setRole(184)) - 93d557fa-335e-4e3d-b2bb-e33832802906@group-848D76B22711: changes role from  FOLLOWER to FOLLOWER at term 97 for recognizeCandidate:090573f1-c213-462e-b422-6463ca97c373
2019-10-15 21:18:59,493 [grpc-default-executor-7] INFO  impl.RoleInfo (RoleInfo.java:shutdownFollowerState(121)) - 93d557fa-335e-4e3d-b2bb-e33832802906: shutdown FollowerState
2019-10-15 21:18:59,493 [grpc-default-executor-3] INFO  impl.RoleInfo (RoleInfo.java:updateAndGet(143)) - db364705-f60f-4be7-83db-fd25b014fd0b: start FollowerState
2019-10-15 21:18:59,493 [Thread-9173] INFO  impl.FollowerState (FollowerState.java:run(117)) - db364705-f60f-4be7-83db-fd25b014fd0b@group-848D76B22711-FollowerState was interrupted: java.lang.InterruptedException: sleep interrupted
2019-10-15 21:18:59,493 [Thread-9174] INFO  impl.FollowerState (FollowerState.java:run(117)) - 93d557fa-335e-4e3d-b2bb-e33832802906@group-848D76B22711-FollowerState was interrupted: java.lang.InterruptedException: sleep interrupted
2019-10-15 21:18:59,493 [grpc-default-executor-7] INFO  impl.RoleInfo (RoleInfo.java:updateAndGet(143)) - 93d557fa-335e-4e3d-b2bb-e33832802906: start FollowerState
2019-10-15 21:18:59,498 [090573f1-c213-462e-b422-6463ca97c373@group-848D76B22711-LeaderElection1077] INFO  impl.LeaderElection (LeaderElection.java:logAndReturn(56)) - 090573f1-c213-462e-b422-6463ca97c373@group-848D76B22711-LeaderElection1077: Election TIMEOUT; received 0 response(s) [] and 0 exception(s); 090573f1-c213-462e-b422-6463ca97c373@group-848D76B22711:t97, leader=null, voted=090573f1-c213-462e-b422-6463ca97c373, raftlog=090573f1-c213-462e-b422-6463ca97c373@group-848D76B22711-SegmentedRaftLog:OPENED:c-1,f-1,i0, conf=-1: [93d557fa-335e-4e3d-b2bb-e33832802906:192.168.69.102:43737, 090573f1-c213-462e-b422-6463ca97c373:192.168.69.102:43336, db364705-f60f-4be7-83db-fd25b014fd0b:192.168.69.102:41270], old=null
2019-10-15 21:19:00,237 [090573f1-c213-462e-b422-6463ca97c373@group-848D76B22711-LeaderElection1077] INFO  impl.LeaderElection (LeaderElection.java:askForVotes(178)) - 090573f1-c213-462e-b422-6463ca97c373@group-848D76B22711-LeaderElection1077: begin an election at term 98 for -1: [93d557fa-335e-4e3d-b2bb-e33832802906:192.168.69.102:43737, 090573f1-c213-462e-b422-6463ca97c373:192.168.69.102:43336, db364705-f60f-4be7-83db-fd25b014fd0b:192.168.69.102:41270], old=null
2019-10-15 21:19:00,238 [grpc-default-executor-7] INFO  impl.RaftServerImpl (RaftServerImpl.java:setRole(184)) - db364705-f60f-4be7-83db-fd25b014fd0b@group-848D76B22711: changes role from  FOLLOWER to FOLLOWER at term 98 for recognizeCandidate:090573f1-c213-462e-b422-6463ca97c373
2019-10-15 21:19:00,238 [grpc-default-executor-7] INFO  impl.RoleInfo (RoleInfo.java:shutdownFollowerState(121)) - db364705-f60f-4be7-83db-fd25b014fd0b: shutdown FollowerState
2019-10-15 21:19:00,239 [grpc-default-executor-3] INFO  impl.RaftServerImpl (RaftServerImpl.java:setRole(184)) - 93d557fa-335e-4e3d-b2bb-e33832802906@group-848D76B22711: changes role from  FOLLOWER to FOLLOWER at term 98 for recognizeCandidate:090573f1-c213-462e-b422-6463ca97c373
2019-10-15 21:19:00,239 [Thread-9179] INFO  impl.FollowerState (FollowerState.java:run(117)) - db364705-f60f-4be7-83db-fd25b014fd0b@group-848D76B22711-FollowerState was interrupted: java.lang.InterruptedException: sleep interrupted
2019-10-15 21:19:00,239 [grpc-default-executor-7] INFO  impl.RoleInfo (RoleInfo.java:updateAndGet(143)) - db364705-f60f-4be7-83db-fd25b014fd0b: start FollowerState
2019-10-15 21:19:00,239 [grpc-default-executor-3] INFO  impl.RoleInfo (RoleInfo.java:shutdownFollowerState(121)) - 93d557fa-335e-4e3d-b2bb-e33832802906: shutdown FollowerState
2019-10-15 21:19:00,239 [grpc-default-executor-3] INFO  impl.RoleInfo (RoleInfo.java:updateAndGet(143)) - 93d557fa-335e-4e3d-b2bb-e33832802906: start FollowerState
2019-10-15 21:19:00,239 [Thread-9180] INFO  impl.FollowerState (FollowerState.java:run(117)) - 93d557fa-335e-4e3d-b2bb-e33832802906@group-848D76B22711-FollowerState was interrupted: java.lang.InterruptedException: sleep interrupted
2019-10-15 21:19:00,419 [090573f1-c213-462e-b422-6463ca97c373@group-848D76B22711-LeaderElection1077] INFO  impl.LeaderElection (LeaderElection.java:logAndReturn(56)) - 090573f1-c213-462e-b422-6463ca97c373@group-848D76B22711-LeaderElection1077: Election TIMEOUT; received 0 response(s) [] and 0 exception(s); 090573f1-c213-462e-b422-6463ca97c373@group-848D76B22711:t98, leader=null, voted=090573f1-c213-462e-b422-6463ca97c373, raftlog=090573f1-c213-462e-b422-6463ca97c373@group-848D76B22711-SegmentedRaftLog:OPENED:c-1,f-1,i0, conf=-1: [93d557fa-335e-4e3d-b2bb-e33832802906:192.168.69.102:43737, 090573f1-c213-462e-b422-6463ca97c373:192.168.69.102:43336, db364705-f60f-4be7-83db-fd25b014fd0b:192.168.69.102:41270], old=null
2019-10-15 21:19:00,439 [090573f1-c213-462e-b422-6463ca97c373@group-848D76B22711-LeaderElection1077] INFO  impl.LeaderElection (LeaderElection.java:askForVotes(178)) - 090573f1-c213-462e-b422-6463ca97c373@group-848D76B22711-LeaderElection1077: begin an election at term 99 for -1: [93d557fa-335e-4e3d-b2bb-e33832802906:192.168.69.102:43737, 090573f1-c213-462e-b422-6463ca97c373:192.168.69.102:43336, db364705-f60f-4be7-83db-fd25b014fd0b:192.168.69.102:41270], old=null
2019-10-15 21:19:00,441 [grpc-default-executor-7] INFO  impl.RaftServerImpl (RaftServerImpl.java:setRole(184)) - db364705-f60f-4be7-83db-fd25b014fd0b@group-848D76B22711: changes role from  FOLLOWER to FOLLOWER at term 99 for recognizeCandidate:090573f1-c213-462e-b422-6463ca97c373
2019-10-15 21:19:00,441 [grpc-default-executor-7] INFO  impl.RoleInfo (RoleInfo.java:shutdownFollowerState(121)) - db364705-f60f-4be7-83db-fd25b014fd0b: shutdown FollowerState
2019-10-15 21:19:00,441 [grpc-default-executor-3] INFO  impl.RaftServerImpl (RaftServerImpl.java:setRole(184)) - 93d557fa-335e-4e3d-b2bb-e33832802906@group-848D76B22711: changes role from  FOLLOWER to FOLLOWER at term 99 for recognizeCandidate:090573f1-c213-462e-b422-6463ca97c373
2019-10-15 21:19:00,441 [grpc-default-executor-3] INFO  impl.RoleInfo (RoleInfo.java:shutdownFollowerState(121)) - 93d557fa-335e-4e3d-b2bb-e33832802906: shutdown FollowerState
2019-10-15 21:19:00,441 [Thread-9190] INFO  impl.FollowerState (FollowerState.java:run(117)) - db364705-f60f-4be7-83db-fd25b014fd0b@group-848D76B22711-FollowerState was interrupted: java.lang.InterruptedException: sleep interrupted
2019-10-15 21:19:00,442 [Thread-9192] INFO  impl.FollowerState (FollowerState.java:run(117)) - 93d557fa-335e-4e3d-b2bb-e33832802906@group-848D76B22711-FollowerState was interrupted: java.lang.InterruptedException: sleep interrupted
2019-10-15 21:19:00,441 [grpc-default-executor-7] INFO  impl.RoleInfo (RoleInfo.java:updateAndGet(143)) - db364705-f60f-4be7-83db-fd25b014fd0b: start FollowerState
2019-10-15 21:19:00,441 [grpc-default-executor-3] INFO  impl.RoleInfo (RoleInfo.java:updateAndGet(143)) - 93d557fa-335e-4e3d-b2bb-e33832802906: start FollowerState
2019-10-15 21:19:00,452 [090573f1-c213-462e-b422-6463ca97c373@group-848D76B22711-LeaderElection1077] INFO  impl.LeaderElection (LeaderElection.java:logAndReturn(56)) - 090573f1-c213-462e-b422-6463ca97c373@group-848D76B22711-LeaderElection1077: Election REJECTED; received 2 response(s) [090573f1-c213-462e-b422-6463ca97c373<-93d557fa-335e-4e3d-b2bb-e33832802906#0:FAIL-t99, 090573f1-c213-462e-b422-6463ca97c373<-db364705-f60f-4be7-83db-fd25b014fd0b#0:FAIL-t99] and 0 exception(s); 090573f1-c213-462e-b422-6463ca97c373@group-848D76B22711:t99, leader=null, voted=090573f1-c213-462e-b422-6463ca97c373, raftlog=090573f1-c213-462e-b422-6463ca97c373@group-848D76B22711-SegmentedRaftLog:OPENED:c-1,f-1,i0, conf=-1: [93d557fa-335e-4e3d-b2bb-e33832802906:192.168.69.102:43737, 090573f1-c213-462e-b422-6463ca97c373:192.168.69.102:43336, db364705-f60f-4be7-83db-fd25b014fd0b:192.168.69.102:41270], old=null
2019-10-15 21:19:00,452 [090573f1-c213-462e-b422-6463ca97c373@group-848D76B22711-LeaderElection1077] INFO  impl.RaftServerImpl (RaftServerImpl.java:setRole(184)) - 090573f1-c213-462e-b422-6463ca97c373@group-848D76B22711: changes role from CANDIDATE to FOLLOWER at term 99 for DISCOVERED_A_NEW_TERM
2019-10-15 21:19:00,452 [090573f1-c213-462e-b422-6463ca97c373@group-848D76B22711-LeaderElection1077] INFO  impl.RoleInfo (RoleInfo.java:shutdownLeaderElection(134)) - 090573f1-c213-462e-b422-6463ca97c373: shutdown LeaderElection
2019-10-15 21:19:00,452 [090573f1-c213-462e-b422-6463ca97c373@group-848D76B22711-LeaderElection1077] INFO  impl.RoleInfo (RoleInfo.java:updateAndGet(143)) - 090573f1-c213-462e-b422-6463ca97c373: start FollowerState
2019-10-15 21:19:00,568 [Thread-9197] INFO  impl.FollowerState (FollowerState.java:run(108)) - 090573f1-c213-462e-b422-6463ca97c373@group-848D76B22711-FollowerState: change to CANDIDATE, lastRpcTime:115ms, electionTimeout:115ms
2019-10-15 21:19:00,568 [Thread-9197] INFO  impl.RoleInfo (RoleInfo.java:shutdownFollowerState(121)) - 090573f1-c213-462e-b422-6463ca97c373: shutdown FollowerState
2019-10-15 21:19:00,568 [Thread-9197] INFO  impl.RaftServerImpl (RaftServerImpl.java:setRole(184)) - 090573f1-c213-462e-b422-6463ca97c373@group-848D76B22711: changes role from  FOLLOWER to CANDIDATE at term 99 for changeToCandidate
2019-10-15 21:19:00,568 [Thread-9197] INFO  impl.RoleInfo (RoleInfo.java:updateAndGet(143)) - 090573f1-c213-462e-b422-6463ca97c373: start LeaderElection
2019-10-15 21:19:00,578 [090573f1-c213-462e-b422-6463ca97c373@group-848D76B22711-LeaderElection1078] INFO  impl.LeaderElection (LeaderElection.java:askForVotes(178)) - 090573f1-c213-462e-b422-6463ca97c373@group-848D76B22711-LeaderElection1078: begin an election at term 100 for -1: [93d557fa-335e-4e3d-b2bb-e33832802906:192.168.69.102:43737, 090573f1-c213-462e-b422-6463ca97c373:192.168.69.102:43336, db364705-f60f-4be7-83db-fd25b014fd0b:192.168.69.102:41270], old=null
2019-10-15 21:19:00,579 [grpc-default-executor-7] INFO  impl.RaftServerImpl (RaftServerImpl.java:setRole(184)) - 93d557fa-335e-4e3d-b2bb-e33832802906@group-848D76B22711: changes role from  FOLLOWER to FOLLOWER at term 100 for recognizeCandidate:090573f1-c213-462e-b422-6463ca97c373
2019-10-15 21:19:00,579 [grpc-default-executor-3] INFO  impl.RaftServerImpl (RaftServerImpl.java:setRole(184)) - db364705-f60f-4be7-83db-fd25b014fd0b@group-848D76B22711: changes role from  FOLLOWER to FOLLOWER at term 100 for recognizeCandidate:090573f1-c213-462e-b422-6463ca97c373
2019-10-15 21:19:00,579 [grpc-default-executor-3] INFO  impl.RoleInfo (RoleInfo.java:shutdownFollowerState(121)) - db364705-f60f-4be7-83db-fd25b014fd0b: shutdown FollowerState
2019-10-15 21:19:00,579 [grpc-default-executor-7] INFO  impl.RoleInfo (RoleInfo.java:shutdownFollowerState(121)) - 93d557fa-335e-4e3d-b2bb-e33832802906: shutdown FollowerState
2019-10-15 21:19:00,579 [Thread-9195] INFO  impl.FollowerState (FollowerState.java:run(117)) - db364705-f60f-4be7-83db-fd25b014fd0b@group-848D76B22711-FollowerState was interrupted: java.lang.InterruptedException: sleep interrupted
2019-10-15 21:19:00,579 [grpc-default-executor-3] INFO  impl.RoleInfo (RoleInfo.java:updateAndGet(143)) - db364705-f60f-4be7-83db-fd25b014fd0b: start FollowerState
2019-10-15 21:19:00,580 [Thread-9196] INFO  impl.FollowerState (FollowerState.java:run(117)) - 93d557fa-335e-4e3d-b2bb-e33832802906@group-848D76B22711-FollowerState was interrupted: java.lang.InterruptedException: sleep interrupted
2019-10-15 21:19:00,580 [grpc-default-executor-7] INFO  impl.RoleInfo (RoleInfo.java:updateAndGet(143)) - 93d557fa-335e-4e3d-b2bb-e33832802906: start FollowerState
2019-10-15 21:19:00,593 [090573f1-c213-462e-b422-6463ca97c373@group-848D76B22711-LeaderElection1078] INFO  impl.LeaderElection (LeaderElection.java:logAndReturn(56)) - 090573f1-c213-462e-b422-6463ca97c373@group-848D76B22711-LeaderElection1078: Election REJECTED; received 2 response(s) [090573f1-c213-462e-b422-6463ca97c373<-93d557fa-335e-4e3d-b2bb-e33832802906#0:FAIL-t100, 090573f1-c213-462e-b422-6463ca97c373<-db364705-f60f-4be7-83db-fd25b014fd0b#0:FAIL-t100] and 0 exception(s); 090573f1-c213-462e-b422-6463ca97c373@group-848D76B22711:t100, leader=null, voted=090573f1-c213-462e-b422-6463ca97c373, raftlog=090573f1-c213-462e-b422-6463ca97c373@group-848D76B22711-SegmentedRaftLog:OPENED:c-1,f-1,i0, conf=-1: [93d557fa-335e-4e3d-b2bb-e33832802906:192.168.69.102:43737, 090573f1-c213-462e-b422-6463ca97c373:192.168.69.102:43336, db364705-f60f-4be7-83db-fd25b014fd0b:192.168.69.102:41270], old=null
2019-10-15 21:19:00,594 [090573f1-c213-462e-b422-6463ca97c373@group-848D76B22711-LeaderElection1078] INFO  impl.RaftServerImpl (RaftServerImpl.java:setRole(184)) - 090573f1-c213-462e-b422-6463ca97c373@group-848D76B22711: changes role from CANDIDATE to FOLLOWER at term 100 for DISCOVERED_A_NEW_TERM
2019-10-15 21:19:00,594 [090573f1-c213-462e-b422-6463ca97c373@group-848D76B22711-LeaderElection1078] INFO  impl.RoleInfo (RoleInfo.java:shutdownLeaderElection(134)) - 090573f1-c213-462e-b422-6463ca97c373: shutdown LeaderElection
2019-10-15 21:19:00,594 [090573f1-c213-462e-b422-6463ca97c373@group-848D76B22711-LeaderElection1078] INFO  impl.RoleInfo (RoleInfo.java:updateAndGet(143)) - 090573f1-c213-462e-b422-6463ca97c373: start FollowerState
2019-10-15 21:19:00,738 [Thread-9203] INFO  impl.FollowerState (FollowerState.java:run(108)) - 090573f1-c213-462e-b422-6463ca97c373@group-848D76B22711-FollowerState: change to CANDIDATE, lastRpcTime:144ms, electionTimeout:144ms
2019-10-15 21:19:00,738 [Thread-9203] INFO  impl.RoleInfo (RoleInfo.java:shutdownFollowerState(121)) - 090573f1-c213-462e-b422-6463ca97c373: shutdown FollowerState
2019-10-15 21:19:00,738 [Thread-9203] INFO  impl.RaftServerImpl (RaftServerImpl.java:setRole(184)) - 090573f1-c213-462e-b422-6463ca97c373@group-848D76B22711: changes role from  FOLLOWER to CANDIDATE at term 100 for changeToCandidate
2019-10-15 21:19:00,738 [Thread-9203] INFO  impl.RoleInfo (RoleInfo.java:updateAndGet(143)) - 090573f1-c213-462e-b422-6463ca97c373: start LeaderElection
2019-10-15 21:19:00,742 [090573f1-c213-462e-b422-6463ca97c373@group-848D76B22711-LeaderElection1079] INFO  impl.LeaderElection (LeaderElection.java:askForVotes(178)) - 090573f1-c213-462e-b422-6463ca97c373@group-848D76B22711-LeaderElection1079: begin an election at term 101 for -1: [93d557fa-335e-4e3d-b2bb-e33832802906:192.168.69.102:43737, 090573f1-c213-462e-b422-6463ca97c373:192.168.69.102:43336, db364705-f60f-4be7-83db-fd25b014fd0b:192.168.69.102:41270], old=null
2019-10-15 21:19:00,743 [grpc-default-executor-7] INFO  impl.RaftServerImpl (RaftServerImpl.java:setRole(184)) - 93d557fa-335e-4e3d-b2bb-e33832802906@group-848D76B22711: changes role from  FOLLOWER to FOLLOWER at term 101 for recognizeCandidate:090573f1-c213-462e-b422-6463ca97c373
2019-10-15 21:19:00,744 [grpc-default-executor-7] INFO  impl.RoleInfo (RoleInfo.java:shutdownFollowerState(121)) - 93d557fa-335e-4e3d-b2bb-e33832802906: shutdown FollowerState
2019-10-15 21:19:00,744 [grpc-default-executor-7] INFO  impl.RoleInfo (RoleInfo.java:updateAndGet(143)) - 93d557fa-335e-4e3d-b2bb-e33832802906: start FollowerState
2019-10-15 21:19:00,744 [grpc-default-executor-3] INFO  impl.RaftServerImpl (RaftServerImpl.java:setRole(184)) - db364705-f60f-4be7-83db-fd25b014fd0b@group-848D76B22711: changes role from  FOLLOWER to FOLLOWER at term 101 for recognizeCandidate:090573f1-c213-462e-b422-6463ca97c373
2019-10-15 21:19:00,744 [Thread-9202] INFO  impl.FollowerState (FollowerState.java:run(117)) - 93d557fa-335e-4e3d-b2bb-e33832802906@group-848D76B22711-FollowerState was interrupted: java.lang.InterruptedException: sleep interrupted
2019-10-15 21:19:00,744 [grpc-default-executor-3] INFO  impl.RoleInfo (RoleInfo.java:shutdownFollowerState(121)) - db364705-f60f-4be7-83db-fd25b014fd0b: shutdown FollowerState
2019-10-15 21:19:00,744 [grpc-default-executor-3] INFO  impl.RoleInfo (RoleInfo.java:updateAndGet(143)) - db364705-f60f-4be7-83db-fd25b014fd0b: start FollowerState
2019-10-15 21:19:00,744 [Thread-9201] INFO  impl.FollowerState (FollowerState.java:run(117)) - db364705-f60f-4be7-83db-fd25b014fd0b@group-848D76B22711-FollowerState was interrupted: java.lang.InterruptedException: sleep interrupted
2019-10-15 21:19:00,768 [090573f1-c213-462e-b422-6463ca97c373@group-848D76B22711-LeaderElection1079] INFO  impl.LeaderElection (LeaderElection.java:logAndReturn(56)) - 090573f1-c213-462e-b422-6463ca97c373@group-848D76B22711-LeaderElection1079: Election REJECTED; received 2 response(s) [090573f1-c213-462e-b422-6463ca97c373<-93d557fa-335e-4e3d-b2bb-e33832802906#0:FAIL-t101, 090573f1-c213-462e-b422-6463ca97c373<-db364705-f60f-4be7-83db-fd25b014fd0b#0:FAIL-t101] and 0 exception(s); 090573f1-c213-462e-b422-6463ca97c373@group-848D76B22711:t101, leader=null, voted=090573f1-c213-462e-b422-6463ca97c373, raftlog=090573f1-c213-462e-b422-6463ca97c373@group-848D76B22711-SegmentedRaftLog:OPENED:c-1,f-1,i0, conf=-1: [93d557fa-335e-4e3d-b2bb-e33832802906:192.168.69.102:43737, 090573f1-c213-462e-b422-6463ca97c373:192.168.69.102:43336, db364705-f60f-4be7-83db-fd25b014fd0b:192.168.69.102:41270], old=null
2019-10-15 21:19:00,768 [090573f1-c213-462e-b422-6463ca97c373@group-848D76B22711-LeaderElection1079] INFO  impl.RaftServerImpl (RaftServerImpl.java:setRole(184)) - 090573f1-c213-462e-b422-6463ca97c373@group-848D76B22711: changes role from CANDIDATE to FOLLOWER at term 101 for DISCOVERED_A_NEW_TERM
2019-10-15 21:19:00,768 [090573f1-c213-462e-b422-6463ca97c373@group-848D76B22711-LeaderElection1079] INFO  impl.RoleInfo (RoleInfo.java:shutdownLeaderElection(134)) - 090573f1-c213-462e-b422-6463ca97c373: shutdown LeaderElection
2019-10-15 21:19:00,768 [090573f1-c213-462e-b422-6463ca97c373@group-848D76B22711-LeaderElection1079] INFO  impl.RoleInfo (RoleInfo.java:updateAndGet(143)) - 090573f1-c213-462e-b422-6463ca97c373: start FollowerState
2019-10-15 21:19:00,813 [Thread-9213] INFO  impl.FollowerState (FollowerState.java:run(108)) - 090573f1-c213-462e-b422-6463ca97c373@group-848D76B22711-FollowerState: change to CANDIDATE, lastRpcTime:45ms, electionTimeout:45ms
2019-10-15 21:19:00,813 [Thread-9213] INFO  impl.RoleInfo (RoleInfo.java:shutdownFollowerState(121)) - 090573f1-c213-462e-b422-6463ca97c373: shutdown FollowerState
2019-10-15 21:19:00,813 [Thread-9213] INFO  impl.RaftServerImpl (RaftServerImpl.java:setRole(184)) - 090573f1-c213-462e-b422-6463ca97c373@group-848D76B22711: changes role from  FOLLOWER to CANDIDATE at term 101 for changeToCandidate
2019-10-15 21:19:00,814 [Thread-9213] INFO  impl.RoleInfo (RoleInfo.java:updateAndGet(143)) - 090573f1-c213-462e-b422-6463ca97c373: start LeaderElection
2019-10-15 21:19:00,817 [090573f1-c213-462e-b422-6463ca97c373@group-848D76B22711-LeaderElection1080] INFO  impl.LeaderElection (LeaderElection.java:askForVotes(178)) - 090573f1-c213-462e-b422-6463ca97c373@group-848D76B22711-LeaderElection1080: begin an election at term 102 for -1: [93d557fa-335e-4e3d-b2bb-e33832802906:192.168.69.102:43737, 090573f1-c213-462e-b422-6463ca97c373:192.168.69.102:43336, db364705-f60f-4be7-83db-fd25b014fd0b:192.168.69.102:41270], old=null
2019-10-15 21:19:00,818 [grpc-default-executor-3] INFO  impl.RaftServerImpl (RaftServerImpl.java:setRole(184)) - db364705-f60f-4be7-83db-fd25b014fd0b@group-848D76B22711: changes role from  FOLLOWER to FOLLOWER at term 102 for recognizeCandidate:090573f1-c213-462e-b422-6463ca97c373
2019-10-15 21:19:00,818 [grpc-default-executor-7] INFO  impl.RaftServerImpl (RaftServerImpl.java:setRole(184)) - 93d557fa-335e-4e3d-b2bb-e33832802906@group-848D76B22711: changes role from  FOLLOWER to FOLLOWER at term 102 for recognizeCandidate:090573f1-c213-462e-b422-6463ca97c373
2019-10-15 21:19:00,818 [grpc-default-executor-7] INFO  impl.RoleInfo (RoleInfo.java:shutdownFollowerState(121)) - 93d557fa-335e-4e3d-b2bb-e33832802906: shutdown FollowerState
2019-10-15 21:19:00,818 [grpc-default-executor-3] INFO  impl.RoleInfo (RoleInfo.java:shutdownFollowerState(121)) - db364705-f60f-4be7-83db-fd25b014fd0b: shutdown FollowerState
2019-10-15 21:19:00,819 [Thread-9211] INFO  impl.FollowerState (FollowerState.java:run(117)) - 93d557fa-335e-4e3d-b2bb-e33832802906@group-848D76B22711-FollowerState was interrupted: java.lang.InterruptedException: sleep interrupted
2019-10-15 21:19:00,819 [grpc-default-executor-7] INFO  impl.RoleInfo (RoleInfo.java:updateAndGet(143)) - 93d557fa-335e-4e3d-b2bb-e33832802906: start FollowerState
2019-10-15 21:19:00,819 [Thread-9212] INFO  impl.FollowerState (FollowerState.java:run(117)) - db364705-f60f-4be7-83db-fd25b014fd0b@group-848D76B22711-FollowerState was interrupted: java.lang.InterruptedException: sleep interrupted
2019-10-15 21:19:00,819 [grpc-default-executor-3] INFO  impl.RoleInfo (RoleInfo.java:updateAndGet(143)) - db364705-f60f-4be7-83db-fd25b014fd0b: start FollowerState
2019-10-15 21:19:00,829 [090573f1-c213-462e-b422-6463ca97c373@group-848D76B22711-LeaderElection1080] INFO  impl.LeaderElection (LeaderElection.java:logAndReturn(56)) - 090573f1-c213-462e-b422-6463ca97c373@group-848D76B22711-LeaderElection1080: Election REJECTED; received 2 response(s) [090573f1-c213-462e-b422-6463ca97c373<-93d557fa-335e-4e3d-b2bb-e33832802906#0:FAIL-t102, 090573f1-c213-462e-b422-6463ca97c373<-db364705-f60f-4be7-83db-fd25b014fd0b#0:FAIL-t102] and 0 exception(s); 090573f1-c213-462e-b422-6463ca97c373@group-848D76B22711:t102, leader=null, voted=090573f1-c213-462e-b422-6463ca97c373, raftlog=090573f1-c213-462e-b422-6463ca97c373@group-848D76B22711-SegmentedRaftLog:OPENED:c-1,f-1,i0, conf=-1: [93d557fa-335e-4e3d-b2bb-e33832802906:192.168.69.102:43737, 090573f1-c213-462e-b422-6463ca97c373:192.168.69.102:43336, db364705-f60f-4be7-83db-fd25b014fd0b:192.168.69.102:41270], old=null
2019-10-15 21:19:00,830 [090573f1-c213-462e-b422-6463ca97c373@group-848D76B22711-LeaderElection1080] INFO  impl.RaftServerImpl (RaftServerImpl.java:setRole(184)) - 090573f1-c213-462e-b422-6463ca97c373@group-848D76B22711: changes role from CANDIDATE to FOLLOWER at term 102 for DISCOVERED_A_NEW_TERM
2019-10-15 21:19:00,830 [090573f1-c213-462e-b422-6463ca97c373@group-848D76B22711-LeaderElection1080] INFO  impl.RoleInfo (RoleInfo.java:shutdownLeaderElection(134)) - 090573f1-c213-462e-b422-6463ca97c373: shutdown LeaderElection
2019-10-15 21:19:00,830 [090573f1-c213-462e-b422-6463ca97c373@group-848D76B22711-LeaderElection1080] INFO  impl.RoleInfo (RoleInfo.java:updateAndGet(143)) - 090573f1-c213-462e-b422-6463ca97c373: start FollowerState
2019-10-15 21:19:00,832 [Thread-9219] INFO  impl.FollowerState (FollowerState.java:run(108)) - 090573f1-c213-462e-b422-6463ca97c373@group-848D76B22711-FollowerState: change to CANDIDATE, lastRpcTime:2ms, electionTimeout:2ms
2019-10-15 21:19:00,832 [Thread-9219] INFO  impl.RoleInfo (RoleInfo.java:shutdownFollowerState(121)) - 090573f1-c213-462e-b422-6463ca97c373: shutdown FollowerState
2019-10-15 21:19:00,832 [Thread-9219] INFO  impl.RaftServerImpl (RaftServerImpl.java:setRole(184)) - 090573f1-c213-462e-b422-6463ca97c373@group-848D76B22711: changes role from  FOLLOWER to CANDIDATE at term 102 for changeToCandidate
2019-10-15 21:19:00,832 [Thread-9219] INFO  impl.RoleInfo (RoleInfo.java:updateAndGet(143)) - 090573f1-c213-462e-b422-6463ca97c373: start LeaderElection
2019-10-15 21:19:00,843 [090573f1-c213-462e-b422-6463ca97c373@group-848D76B22711-LeaderElection1081] INFO  impl.LeaderElection (LeaderElection.java:askForVotes(178)) - 090573f1-c213-462e-b422-6463ca97c373@group-848D76B22711-LeaderElection1081: begin an election at term 103 for -1: [93d557fa-335e-4e3d-b2bb-e33832802906:192.168.69.102:43737, 090573f1-c213-462e-b422-6463ca97c373:192.168.69.102:43336, db364705-f60f-4be7-83db-fd25b014fd0b:192.168.69.102:41270], old=null
2019-10-15 21:19:00,844 [grpc-default-executor-3] INFO  impl.RaftServerImpl (RaftServerImpl.java:setRole(184)) - 93d557fa-335e-4e3d-b2bb-e33832802906@group-848D76B22711: changes role from  FOLLOWER to FOLLOWER at term 103 for recognizeCandidate:090573f1-c213-462e-b422-6463ca97c373
2019-10-15 21:19:00,844 [grpc-default-executor-3] INFO  impl.RoleInfo (RoleInfo.java:shutdownFollowerState(121)) - 93d557fa-335e-4e3d-b2bb-e33832802906: shutdown FollowerState
2019-10-15 21:19:00,844 [grpc-default-executor-7] INFO  impl.RaftServerImpl (RaftServerImpl.java:setRole(184)) - db364705-f60f-4be7-83db-fd25b014fd0b@group-848D76B22711: changes role from  FOLLOWER to FOLLOWER at term 103 for recognizeCandidate:090573f1-c213-462e-b422-6463ca97c373
2019-10-15 21:19:00,844 [Thread-9217] INFO  impl.FollowerState (FollowerState.java:run(117)) - 93d557fa-335e-4e3d-b2bb-e33832802906@group-848D76B22711-FollowerState was interrupted: java.lang.InterruptedException: sleep interrupted
2019-10-15 21:19:00,844 [grpc-default-executor-3] INFO  impl.RoleInfo (RoleInfo.java:updateAndGet(143)) - 93d557fa-335e-4e3d-b2bb-e33832802906: start FollowerState
2019-10-15 21:19:00,844 [grpc-default-executor-7] INFO  impl.RoleInfo (RoleInfo.java:shutdownFollowerState(121)) - db364705-f60f-4be7-83db-fd25b014fd0b: shutdown FollowerState
2019-10-15 21:19:00,845 [grpc-default-executor-7] INFO  impl.RoleInfo (RoleInfo.java:updateAndGet(143)) - db364705-f60f-4be7-83db-fd25b014fd0b: start FollowerState
2019-10-15 21:19:00,845 [Thread-9218] INFO  impl.FollowerState (FollowerState.java:run(117)) - db364705-f60f-4be7-83db-fd25b014fd0b@group-848D76B22711-FollowerState was interrupted: java.lang.InterruptedException: sleep interrupted
2019-10-15 21:19:00,851 [090573f1-c213-462e-b422-6463ca97c373@group-848D76B22711-LeaderElection1081] INFO  impl.LeaderElection (LeaderElection.java:logAndReturn(56)) - 090573f1-c213-462e-b422-6463ca97c373@group-848D76B22711-LeaderElection1081: Election REJECTED; received 2 response(s) [090573f1-c213-462e-b422-6463ca97c373<-93d557fa-335e-4e3d-b2bb-e33832802906#0:FAIL-t103, 090573f1-c213-462e-b422-6463ca97c373<-db364705-f60f-4be7-83db-fd25b014fd0b#0:FAIL-t103] and 0 exception(s); 090573f1-c213-462e-b422-6463ca97c373@group-848D76B22711:t103, leader=null, voted=090573f1-c213-462e-b422-6463ca97c373, raftlog=090573f1-c213-462e-b422-6463ca97c373@group-848D76B22711-SegmentedRaftLog:OPENED:c-1,f-1,i0, conf=-1: [93d557fa-335e-4e3d-b2bb-e33832802906:192.168.69.102:43737, 090573f1-c213-462e-b422-6463ca97c373:192.168.69.102:43336, db364705-f60f-4be7-83db-fd25b014fd0b:192.168.69.102:41270], old=null
2019-10-15 21:19:00,851 [090573f1-c213-462e-b422-6463ca97c373@group-848D76B22711-LeaderElection1081] INFO  impl.RaftServerImpl (RaftServerImpl.java:setRole(184)) - 090573f1-c213-462e-b422-6463ca97c373@group-848D76B22711: changes role from CANDIDATE to FOLLOWER at term 103 for DISCOVERED_A_NEW_TERM
2019-10-15 21:19:00,851 [090573f1-c213-462e-b422-6463ca97c373@group-848D76B22711-LeaderElection1081] INFO  impl.RoleInfo (RoleInfo.java:shutdownLeaderElection(134)) - 090573f1-c213-462e-b422-6463ca97c373: shutdown LeaderElection
2019-10-15 21:19:00,851 [090573f1-c213-462e-b422-6463ca97c373@group-848D76B22711-LeaderElection1081] INFO  impl.RoleInfo (RoleInfo.java:updateAndGet(143)) - 090573f1-c213-462e-b422-6463ca97c373: start FollowerState
2019-10-15 21:19:00,981 [Thread-9225] INFO  impl.FollowerState (FollowerState.java:run(108)) - 090573f1-c213-462e-b422-6463ca97c373@group-848D76B22711-FollowerState: change to CANDIDATE, lastRpcTime:130ms, electionTimeout:130ms
2019-10-15 21:19:00,981 [Thread-9225] INFO  impl.RoleInfo (RoleInfo.java:shutdownFollowerState(121)) - 090573f1-c213-462e-b422-6463ca97c373: shutdown FollowerState
2019-10-15 21:19:00,981 [Thread-9225] INFO  impl.RaftServerImpl (RaftServerImpl.java:setRole(184)) - 090573f1-c213-462e-b422-6463ca97c373@group-848D76B22711: changes role from  FOLLOWER to CANDIDATE at term 103 for changeToCandidate
2019-10-15 21:19:00,982 [Thread-9225] INFO  impl.RoleInfo (RoleInfo.java:updateAndGet(143)) - 090573f1-c213-462e-b422-6463ca97c373: start LeaderElection
2019-10-15 21:19:00,990 [090573f1-c213-462e-b422-6463ca97c373@group-848D76B22711-LeaderElection1082] INFO  impl.LeaderElection (LeaderElection.java:askForVotes(178)) - 090573f1-c213-462e-b422-6463ca97c373@group-848D76B22711-LeaderElection1082: begin an election at term 104 for -1: [93d557fa-335e-4e3d-b2bb-e33832802906:192.168.69.102:43737, 090573f1-c213-462e-b422-6463ca97c373:192.168.69.102:43336, db364705-f60f-4be7-83db-fd25b014fd0b:192.168.69.102:41270], old=null
2019-10-15 21:19:00,991 [grpc-default-executor-7] INFO  impl.RaftServerImpl (RaftServerImpl.java:setRole(184)) - 93d557fa-335e-4e3d-b2bb-e33832802906@group-848D76B22711: changes role from  FOLLOWER to FOLLOWER at term 104 for recognizeCandidate:090573f1-c213-462e-b422-6463ca97c373
2019-10-15 21:19:00,991 [grpc-default-executor-3] INFO  impl.RaftServerImpl (RaftServerImpl.java:setRole(184)) - db364705-f60f-4be7-83db-fd25b014fd0b@group-848D76B22711: changes role from  FOLLOWER to FOLLOWER at term 104 for recognizeCandidate:090573f1-c213-462e-b422-6463ca97c373
2019-10-15 21:19:00,991 [grpc-default-executor-7] INFO  impl.RoleInfo (RoleInfo.java:shutdownFollowerState(121)) - 93d557fa-335e-4e3d-b2bb-e33832802906: shutdown FollowerState
2019-10-15 21:19:00,992 [grpc-default-executor-3] INFO  impl.RoleInfo (RoleInfo.java:shutdownFollowerState(121)) - db364705-f60f-4be7-83db-fd25b014fd0b: shutdown FollowerState
2019-10-15 21:19:00,992 [Thread-9223] INFO  impl.FollowerState (FollowerState.java:run(117)) - 93d557fa-335e-4e3d-b2bb-e33832802906@group-848D76B22711-FollowerState was interrupted: java.lang.InterruptedException: sleep interrupted
2019-10-15 21:19:00,992 [grpc-default-executor-7] INFO  impl.RoleInfo (RoleInfo.java:updateAndGet(143)) - 93d557fa-335e-4e3d-b2bb-e33832802906: start FollowerState
2019-10-15 21:19:00,992 [Thread-9224] INFO  impl.FollowerState (FollowerState.java:run(117)) - db364705-f60f-4be7-83db-fd25b014fd0b@group-848D76B22711-FollowerState was interrupted: java.lang.InterruptedException: sleep interrupted
2019-10-15 21:19:00,992 [grpc-default-executor-3] INFO  impl.RoleInfo (RoleInfo.java:updateAndGet(143)) - db364705-f60f-4be7-83db-fd25b014fd0b: start FollowerState
2019-10-15 21:19:00,999 [090573f1-c213-462e-b422-6463ca97c373@group-848D76B22711-LeaderElection1082] INFO  impl.LeaderElection (LeaderElection.java:logAndReturn(56)) - 090573f1-c213-462e-b422-6463ca97c373@group-848D76B22711-LeaderElection1082: Election TIMEOUT; received 0 response(s) [] and 0 exception(s); 090573f1-c213-462e-b422-6463ca97c373@group-848D76B22711:t104, leader=null, voted=090573f1-c213-462e-b422-6463ca97c373, raftlog=090573f1-c213-462e-b422-6463ca97c373@group-848D76B22711-SegmentedRaftLog:OPENED:c-1,f-1,i0, conf=-1: [93d557fa-335e-4e3d-b2bb-e33832802906:192.168.69.102:43737, 090573f1-c213-462e-b422-6463ca97c373:192.168.69.102:43336, db364705-f60f-4be7-83db-fd25b014fd0b:192.168.69.102:41270], old=null
2019-10-15 21:19:01,033 [090573f1-c213-462e-b422-6463ca97c373@group-848D76B22711-LeaderElection1082] INFO  impl.LeaderElection (LeaderElection.java:askForVotes(178)) - 090573f1-c213-462e-b422-6463ca97c373@group-848D76B22711-LeaderElection1082: begin an election at term 105 for -1: [93d557fa-335e-4e3d-b2bb-e33832802906:192.168.69.102:43737, 090573f1-c213-462e-b422-6463ca97c373:192.168.69.102:43336, db364705-f60f-4be7-83db-fd25b014fd0b:192.168.69.102:41270], old=null
2019-10-15 21:19:01,034 [grpc-default-executor-7] INFO  impl.RaftServerImpl (RaftServerImpl.java:setRole(184)) - 93d557fa-335e-4e3d-b2bb-e33832802906@group-848D76B22711: changes role from  FOLLOWER to FOLLOWER at term 105 for recognizeCandidate:090573f1-c213-462e-b422-6463ca97c373
2019-10-15 21:19:01,034 [grpc-default-executor-3] INFO  impl.RaftServerImpl (RaftServerImpl.java:setRole(184)) - db364705-f60f-4be7-83db-fd25b014fd0b@group-848D76B22711: changes role from  FOLLOWER to FOLLOWER at term 105 for recognizeCandidate:090573f1-c213-462e-b422-6463ca97c373
2019-10-15 21:19:01,034 [grpc-default-executor-3] INFO  impl.RoleInfo (RoleInfo.java:shutdownFollowerState(121)) - db364705-f60f-4be7-83db-fd25b014fd0b: shutdown FollowerState
2019-10-15 21:19:01,034 [grpc-default-executor-7] INFO  impl.RoleInfo (RoleInfo.java:shutdownFollowerState(121)) - 93d557fa-335e-4e3d-b2bb-e33832802906: shutdown FollowerState
2019-10-15 21:19:01,034 [Thread-9230] INFO  impl.FollowerState (FollowerState.java:run(117)) - db364705-f60f-4be7-83db-fd25b014fd0b@group-848D76B22711-FollowerState was interrupted: java.lang.InterruptedException: sleep interrupted
2019-10-15 21:19:01,034 [grpc-default-executor-3] INFO  impl.RoleInfo (RoleInfo.java:updateAndGet(143)) - db364705-f60f-4be7-83db-fd25b014fd0b: start FollowerState
2019-10-15 21:19:01,034 [grpc-default-executor-7] INFO  impl.RoleInfo (RoleInfo.java:updateAndGet(143)) - 93d557fa-335e-4e3d-b2bb-e33832802906: start FollowerState
2019-10-15 21:19:01,034 [Thread-9229] INFO  impl.FollowerState (FollowerState.java:run(117)) - 93d557fa-335e-4e3d-b2bb-e33832802906@group-848D76B22711-FollowerState was interrupted: java.lang.InterruptedException: sleep interrupted
2019-10-15 21:19:01,068 [090573f1-c213-462e-b422-6463ca97c373@group-848D76B22711-LeaderElection1082] INFO  impl.LeaderElection (LeaderElection.java:logAndReturn(56)) - 090573f1-c213-462e-b422-6463ca97c373@group-848D76B22711-LeaderElection1082: Election REJECTED; received 2 response(s) [090573f1-c213-462e-b422-6463ca97c373<-93d557fa-335e-4e3d-b2bb-e33832802906#0:FAIL-t105, 090573f1-c213-462e-b422-6463ca97c373<-db364705-f60f-4be7-83db-fd25b014fd0b#0:FAIL-t105] and 0 exception(s); 090573f1-c213-462e-b422-6463ca97c373@group-848D76B22711:t105, leader=null, voted=090573f1-c213-462e-b422-6463ca97c373, raftlog=090573f1-c213-462e-b422-6463ca97c373@group-848D76B22711-SegmentedRaftLog:OPENED:c-1,f-1,i0, conf=-1: [93d557fa-335e-4e3d-b2bb-e33832802906:192.168.69.102:43737, 090573f1-c213-462e-b422-6463ca97c373:192.168.69.102:43336, db364705-f60f-4be7-83db-fd25b014fd0b:192.168.69.102:41270], old=null
2019-10-15 21:19:01,068 [090573f1-c213-462e-b422-6463ca97c373@group-848D76B22711-LeaderElection1082] INFO  impl.RaftServerImpl (RaftServerImpl.java:setRole(184)) - 090573f1-c213-462e-b422-6463ca97c373@group-848D76B22711: changes role from CANDIDATE to FOLLOWER at term 105 for DISCOVERED_A_NEW_TERM
2019-10-15 21:19:01,068 [090573f1-c213-462e-b422-6463ca97c373@group-848D76B22711-LeaderElection1082] INFO  impl.RoleInfo (RoleInfo.java:shutdownLeaderElection(134)) - 090573f1-c213-462e-b422-6463ca97c373: shutdown LeaderElection
2019-10-15 21:19:01,069 [090573f1-c213-462e-b422-6463ca97c373@group-848D76B22711-LeaderElection1082] INFO  impl.RoleInfo (RoleInfo.java:updateAndGet(143)) - 090573f1-c213-462e-b422-6463ca97c373: start FollowerState
2019-10-15 21:19:01,092 [Thread-9235] INFO  impl.FollowerState (FollowerState.java:run(108)) - 090573f1-c213-462e-b422-6463ca97c373@group-848D76B22711-FollowerState: change to CANDIDATE, lastRpcTime:23ms, electionTimeout:23ms
2019-10-15 21:19:01,092 [Thread-9235] INFO  impl.RoleInfo (RoleInfo.java:shutdownFollowerState(121)) - 090573f1-c213-462e-b422-6463ca97c373: shutdown FollowerState
2019-10-15 21:19:01,092 [Thread-9235] INFO  impl.RaftServerImpl (RaftServerImpl.java:setRole(184)) - 090573f1-c213-462e-b422-6463ca97c373@group-848D76B22711: changes role from  FOLLOWER to CANDIDATE at term 105 for changeToCandidate
2019-10-15 21:19:01,092 [Thread-9235] INFO  impl.RoleInfo (RoleInfo.java:updateAndGet(143)) - 090573f1-c213-462e-b422-6463ca97c373: start LeaderElection
2019-10-15 21:19:01,164 [090573f1-c213-462e-b422-6463ca97c373@group-848D76B22711-LeaderElection1083] INFO  impl.LeaderElection (LeaderElection.java:askForVotes(178)) - 090573f1-c213-462e-b422-6463ca97c373@group-848D76B22711-LeaderElection1083: begin an election at term 106 for -1: [93d557fa-335e-4e3d-b2bb-e33832802906:192.168.69.102:43737, 090573f1-c213-462e-b422-6463ca97c373:192.168.69.102:43336, db364705-f60f-4be7-83db-fd25b014fd0b:192.168.69.102:41270], old=null
2019-10-15 21:19:01,166 [grpc-default-executor-7] INFO  impl.RaftServerImpl (RaftServerImpl.java:setRole(184)) - db364705-f60f-4be7-83db-fd25b014fd0b@group-848D76B22711: changes role from  FOLLOWER to FOLLOWER at term 106 for recognizeCandidate:090573f1-c213-462e-b422-6463ca97c373
2019-10-15 21:19:01,166 [grpc-default-executor-7] INFO  impl.RoleInfo (RoleInfo.java:shutdownFollowerState(121)) - db364705-f60f-4be7-83db-fd25b014fd0b: shutdown FollowerState
2019-10-15 21:19:01,166 [grpc-default-executor-7] INFO  impl.RoleInfo (RoleInfo.java:updateAndGet(143)) - db364705-f60f-4be7-83db-fd25b014fd0b: start FollowerState
2019-10-15 21:19:01,166 [Thread-9233] INFO  impl.FollowerState (FollowerState.java:run(117)) - db364705-f60f-4be7-83db-fd25b014fd0b@group-848D76B22711-FollowerState was interrupted: java.lang.InterruptedException: sleep interrupted
2019-10-15 21:19:01,166 [grpc-default-executor-3] INFO  impl.RaftServerImpl (RaftServerImpl.java:setRole(184)) - 93d557fa-335e-4e3d-b2bb-e33832802906@group-848D76B22711: changes role from  FOLLOWER to FOLLOWER at term 106 for recognizeCandidate:090573f1-c213-462e-b422-6463ca97c373
2019-10-15 21:19:01,167 [grpc-default-executor-3] INFO  impl.RoleInfo (RoleInfo.java:shutdownFollowerState(121)) - 93d557fa-335e-4e3d-b2bb-e33832802906: shutdown FollowerState
2019-10-15 21:19:01,167 [grpc-default-executor-3] INFO  impl.RoleInfo (RoleInfo.java:updateAndGet(143)) - 93d557fa-335e-4e3d-b2bb-e33832802906: start FollowerState
2019-10-15 21:19:01,167 [Thread-9234] INFO  impl.FollowerState (FollowerState.java:run(117)) - 93d557fa-335e-4e3d-b2bb-e33832802906@group-848D76B22711-FollowerState was interrupted: java.lang.InterruptedException: sleep interrupted
2019-10-15 21:19:01,171 [090573f1-c213-462e-b422-6463ca97c373@group-848D76B22711-LeaderElection1083] INFO  impl.LeaderElection (LeaderElection.java:logAndReturn(56)) - 090573f1-c213-462e-b422-6463ca97c373@group-848D76B22711-LeaderElection1083: Election REJECTED; received 2 response(s) [090573f1-c213-462e-b422-6463ca97c373<-93d557fa-335e-4e3d-b2bb-e33832802906#0:FAIL-t106, 090573f1-c213-462e-b422-6463ca97c373<-db364705-f60f-4be7-83db-fd25b014fd0b#0:FAIL-t106] and 0 exception(s); 090573f1-c213-462e-b422-6463ca97c373@group-848D76B22711:t106, leader=null, voted=090573f1-c213-462e-b422-6463ca97c373, raftlog=090573f1-c213-462e-b422-6463ca97c373@group-848D76B22711-SegmentedRaftLog:OPENED:c-1,f-1,i0, conf=-1: [93d557fa-335e-4e3d-b2bb-e33832802906:192.168.69.102:43737, 090573f1-c213-462e-b422-6463ca97c373:192.168.69.102:43336, db364705-f60f-4be7-83db-fd25b014fd0b:192.168.69.102:41270], old=null
2019-10-15 21:19:01,171 [090573f1-c213-462e-b422-6463ca97c373@group-848D76B22711-LeaderElection1083] INFO  impl.RaftServerImpl (RaftServerImpl.java:setRole(184)) - 090573f1-c213-462e-b422-6463ca97c373@group-848D76B22711: changes role from CANDIDATE to FOLLOWER at term 106 for DISCOVERED_A_NEW_TERM
2019-10-15 21:19:01,171 [090573f1-c213-462e-b422-6463ca97c373@group-848D76B22711-LeaderElection1083] INFO  impl.RoleInfo (RoleInfo.java:shutdownLeaderElection(134)) - 090573f1-c213-462e-b422-6463ca97c373: shutdown LeaderElection
2019-10-15 21:19:01,171 [090573f1-c213-462e-b422-6463ca97c373@group-848D76B22711-LeaderElection1083] INFO  impl.RoleInfo (RoleInfo.java:updateAndGet(143)) - 090573f1-c213-462e-b422-6463ca97c373: start FollowerState
2019-10-15 21:19:01,356 [Thread-9241] INFO  impl.FollowerState (FollowerState.java:run(108)) - 090573f1-c213-462e-b422-6463ca97c373@group-848D76B22711-FollowerState: change to CANDIDATE, lastRpcTime:184ms, electionTimeout:184ms
2019-10-15 21:19:01,356 [Thread-9241] INFO  impl.RoleInfo (RoleInfo.java:shutdownFollowerState(121)) - 090573f1-c213-462e-b422-6463ca97c373: shutdown FollowerState
2019-10-15 21:19:01,356 [Thread-9241] INFO  impl.RaftServerImpl (RaftServerImpl.java:setRole(184)) - 090573f1-c213-462e-b422-6463ca97c373@group-848D76B22711: changes role from  FOLLOWER to CANDIDATE at term 106 for changeToCandidate
2019-10-15 21:19:01,356 [Thread-9241] INFO  impl.RoleInfo (RoleInfo.java:updateAndGet(143)) - 090573f1-c213-462e-b422-6463ca97c373: start LeaderElection
2019-10-15 21:19:01,406 [090573f1-c213-462e-b422-6463ca97c373@group-848D76B22711-LeaderElection1084] INFO  impl.LeaderElection (LeaderElection.java:askForVotes(178)) - 090573f1-c213-462e-b422-6463ca97c373@group-848D76B22711-LeaderElection1084: begin an election at term 107 for -1: [93d557fa-335e-4e3d-b2bb-e33832802906:192.168.69.102:43737, 090573f1-c213-462e-b422-6463ca97c373:192.168.69.102:43336, db364705-f60f-4be7-83db-fd25b014fd0b:192.168.69.102:41270], old=null
2019-10-15 21:19:01,407 [grpc-default-executor-7] INFO  impl.RaftServerImpl (RaftServerImpl.java:setRole(184)) - 93d557fa-335e-4e3d-b2bb-e33832802906@group-848D76B22711: changes role from  FOLLOWER to FOLLOWER at term 107 for recognizeCandidate:090573f1-c213-462e-b422-6463ca97c373
2019-10-15 21:19:01,408 [grpc-default-executor-7] INFO  impl.RoleInfo (RoleInfo.java:shutdownFollowerState(121)) - 93d557fa-335e-4e3d-b2bb-e33832802906: shutdown FollowerState
2019-10-15 21:19:01,408 [grpc-default-executor-7] INFO  impl.RoleInfo (RoleInfo.java:updateAndGet(143)) - 93d557fa-335e-4e3d-b2bb-e33832802906: start FollowerState
2019-10-15 21:19:01,407 [grpc-default-executor-3] INFO  impl.RaftServerImpl (RaftServerImpl.java:setRole(184)) - db364705-f60f-4be7-83db-fd25b014fd0b@group-848D76B22711: changes role from  FOLLOWER to FOLLOWER at term 107 for recognizeCandidate:090573f1-c213-462e-b422-6463ca97c373
2019-10-15 21:19:01,408 [Thread-9240] INFO  impl.FollowerState (FollowerState.java:run(117)) - 93d557fa-335e-4e3d-b2bb-e33832802906@group-848D76B22711-FollowerState was interrupted: java.lang.InterruptedException: sleep interrupted
2019-10-15 21:19:01,408 [grpc-default-executor-3] INFO  impl.RoleInfo (RoleInfo.java:shutdownFollowerState(121)) - db364705-f60f-4be7-83db-fd25b014fd0b: shutdown FollowerState
2019-10-15 21:19:01,408 [grpc-default-executor-3] INFO  impl.RoleInfo (RoleInfo.java:updateAndGet(143)) - db364705-f60f-4be7-83db-fd25b014fd0b: start FollowerState
2019-10-15 21:19:01,408 [Thread-9239] INFO  impl.FollowerState (FollowerState.java:run(117)) - db364705-f60f-4be7-83db-fd25b014fd0b@group-848D76B22711-FollowerState was interrupted: java.lang.InterruptedException: sleep interrupted
2019-10-15 21:19:01,438 [090573f1-c213-462e-b422-6463ca97c373@group-848D76B22711-LeaderElection1084] INFO  impl.LeaderElection (LeaderElection.java:logAndReturn(56)) - 090573f1-c213-462e-b422-6463ca97c373@group-848D76B22711-LeaderElection1084: Election REJECTED; received 2 response(s) [090573f1-c213-462e-b422-6463ca97c373<-93d557fa-335e-4e3d-b2bb-e33832802906#0:FAIL-t107, 090573f1-c213-462e-b422-6463ca97c373<-db364705-f60f-4be7-83db-fd25b014fd0b#0:FAIL-t107] and 0 exception(s); 090573f1-c213-462e-b422-6463ca97c373@group-848D76B22711:t107, leader=null, voted=090573f1-c213-462e-b422-6463ca97c373, raftlog=090573f1-c213-462e-b422-6463ca97c373@group-848D76B22711-SegmentedRaftLog:OPENED:c-1,f-1,i0, conf=-1: [93d557fa-335e-4e3d-b2bb-e33832802906:192.168.69.102:43737, 090573f1-c213-462e-b422-6463ca97c373:192.168.69.102:43336, db364705-f60f-4be7-83db-fd25b014fd0b:192.168.69.102:41270], old=null
2019-10-15 21:19:01,438 [090573f1-c213-462e-b422-6463ca97c373@group-848D76B22711-LeaderElection1084] INFO  impl.RaftServerImpl (RaftServerImpl.java:setRole(184)) - 090573f1-c213-462e-b422-6463ca97c373@group-848D76B22711: changes role from CANDIDATE to FOLLOWER at term 107 for DISCOVERED_A_NEW_TERM
2019-10-15 21:19:01,438 [090573f1-c213-462e-b422-6463ca97c373@group-848D76B22711-LeaderElection1084] INFO  impl.RoleInfo (RoleInfo.java:shutdownLeaderElection(134)) - 090573f1-c213-462e-b422-6463ca97c373: shutdown LeaderElection
2019-10-15 21:19:01,439 [090573f1-c213-462e-b422-6463ca97c373@group-848D76B22711-LeaderElection1084] INFO  impl.RoleInfo (RoleInfo.java:updateAndGet(143)) - 090573f1-c213-462e-b422-6463ca97c373: start FollowerState
2019-10-15 21:19:01,491 [Thread-9251] INFO  impl.FollowerState (FollowerState.java:run(108)) - 090573f1-c213-462e-b422-6463ca97c373@group-848D76B22711-FollowerState: change to CANDIDATE, lastRpcTime:52ms, electionTimeout:50ms
2019-10-15 21:19:01,492 [Thread-9251] INFO  impl.RoleInfo (RoleInfo.java:shutdownFollowerState(121)) - 090573f1-c213-462e-b422-6463ca97c373: shutdown FollowerState
2019-10-15 21:19:01,492 [Thread-9251] INFO  impl.RaftServerImpl (RaftServerImpl.java:setRole(184)) - 090573f1-c213-462e-b422-6463ca97c373@group-848D76B22711: changes role from  FOLLOWER to CANDIDATE at term 107 for changeToCandidate
2019-10-15 21:19:01,492 [Thread-9251] INFO  impl.RoleInfo (RoleInfo.java:updateAndGet(143)) - 090573f1-c213-462e-b422-6463ca97c373: start LeaderElection
2019-10-15 21:19:01,503 [090573f1-c213-462e-b422-6463ca97c373@group-848D76B22711-LeaderElection1085] INFO  impl.LeaderElection (LeaderElection.java:askForVotes(178)) - 090573f1-c213-462e-b422-6463ca97c373@group-848D76B22711-LeaderElection1085: begin an election at term 108 for -1: [93d557fa-335e-4e3d-b2bb-e33832802906:192.168.69.102:43737, 090573f1-c213-462e-b422-6463ca97c373:192.168.69.102:43336, db364705-f60f-4be7-83db-fd25b014fd0b:192.168.69.102:41270], old=null
2019-10-15 21:19:01,504 [grpc-default-executor-7] INFO  impl.RaftServerImpl (RaftServerImpl.java:setRole(184)) - 93d557fa-335e-4e3d-b2bb-e33832802906@group-848D76B22711: changes role from  FOLLOWER to FOLLOWER at term 108 for recognizeCandidate:090573f1-c213-462e-b422-6463ca97c373
2019-10-15 21:19:01,504 [grpc-default-executor-3] INFO  impl.RaftServerImpl (RaftServerImpl.java:setRole(184)) - db364705-f60f-4be7-83db-fd25b014fd0b@group-848D76B22711: changes role from  FOLLOWER to FOLLOWER at term 108 for recognizeCandidate:090573f1-c213-462e-b422-6463ca97c373
2019-10-15 21:19:01,504 [grpc-default-executor-3] INFO  impl.RoleInfo (RoleInfo.java:shutdownFollowerState(121)) - db364705-f60f-4be7-83db-fd25b014fd0b: shutdown FollowerState
2019-10-15 21:19:01,504 [grpc-default-executor-7] INFO  impl.RoleInfo (RoleInfo.java:shutdownFollowerState(121)) - 93d557fa-335e-4e3d-b2bb-e33832802906: shutdown FollowerState
2019-10-15 21:19:01,505 [Thread-9250] INFO  impl.FollowerState (FollowerState.java:run(117)) - db364705-f60f-4be7-83db-fd25b014fd0b@group-848D76B22711-FollowerState was interrupted: java.lang.InterruptedException: sleep interrupted
2019-10-15 21:19:01,505 [grpc-default-executor-3] INFO  impl.RoleInfo (RoleInfo.java:updateAndGet(143)) - db364705-f60f-4be7-83db-fd25b014fd0b: start FollowerState
2019-10-15 21:19:01,505 [Thread-9249] INFO  impl.FollowerState (FollowerState.java:run(117)) - 93d557fa-335e-4e3d-b2bb-e33832802906@group-848D76B22711-FollowerState was interrupted: java.lang.InterruptedException: sleep interrupted
2019-10-15 21:19:01,505 [grpc-default-executor-7] INFO  impl.RoleInfo (RoleInfo.java:updateAndGet(143)) - 93d557fa-335e-4e3d-b2bb-e33832802906: start FollowerState
2019-10-15 21:19:01,509 [090573f1-c213-462e-b422-6463ca97c373@group-848D76B22711-LeaderElection1085] INFO  impl.LeaderElection (LeaderElection.java:logAndReturn(56)) - 090573f1-c213-462e-b422-6463ca97c373@group-848D76B22711-LeaderElection1085: Election REJECTED; received 2 response(s) [090573f1-c213-462e-b422-6463ca97c373<-93d557fa-335e-4e3d-b2bb-e33832802906#0:FAIL-t108, 090573f1-c213-462e-b422-6463ca97c373<-db364705-f60f-4be7-83db-fd25b014fd0b#0:FAIL-t108] and 0 exception(s); 090573f1-c213-462e-b422-6463ca97c373@group-848D76B22711:t108, leader=null, voted=090573f1-c213-462e-b422-6463ca97c373, raftlog=090573f1-c213-462e-b422-6463ca97c373@group-848D76B22711-SegmentedRaftLog:OPENED:c-1,f-1,i0, conf=-1: [93d557fa-335e-4e3d-b2bb-e33832802906:192.168.69.102:43737, 090573f1-c213-462e-b422-6463ca97c373:192.168.69.102:43336, db364705-f60f-4be7-83db-fd25b014fd0b:192.168.69.102:41270], old=null
2019-10-15 21:19:01,509 [090573f1-c213-462e-b422-6463ca97c373@group-848D76B22711-LeaderElection1085] INFO  impl.RaftServerImpl (RaftServerImpl.java:setRole(184)) - 090573f1-c213-462e-b422-6463ca97c373@group-848D76B22711: changes role from CANDIDATE to FOLLOWER at term 108 for DISCOVERED_A_NEW_TERM
2019-10-15 21:19:01,509 [090573f1-c213-462e-b422-6463ca97c373@group-848D76B22711-LeaderElection1085] INFO  impl.RoleInfo (RoleInfo.java:shutdownLeaderElection(134)) - 090573f1-c213-462e-b422-6463ca97c373: shutdown LeaderElection
2019-10-15 21:19:01,509 [090573f1-c213-462e-b422-6463ca97c373@group-848D76B22711-LeaderElection1085] INFO  impl.RoleInfo (RoleInfo.java:updateAndGet(143)) - 090573f1-c213-462e-b422-6463ca97c373: start FollowerState
2019-10-15 21:19:01,559 [Thread-9257] INFO  impl.FollowerState (FollowerState.java:run(108)) - 090573f1-c213-462e-b422-6463ca97c373@group-848D76B22711-FollowerState: change to CANDIDATE, lastRpcTime:50ms, electionTimeout:50ms
2019-10-15 21:19:01,560 [Thread-9257] INFO  impl.RoleInfo (RoleInfo.java:shutdownFollowerState(121)) - 090573f1-c213-462e-b422-6463ca97c373: shutdown FollowerState
2019-10-15 21:19:01,560 [Thread-9257] INFO  impl.RaftServerImpl (RaftServerImpl.java:setRole(184)) - 090573f1-c213-462e-b422-6463ca97c373@group-848D76B22711: changes role from  FOLLOWER to CANDIDATE at term 108 for changeToCandidate
2019-10-15 21:19:01,560 [Thread-9257] INFO  impl.RoleInfo (RoleInfo.java:updateAndGet(143)) - 090573f1-c213-462e-b422-6463ca97c373: start LeaderElection
2019-10-15 21:19:01,566 [090573f1-c213-462e-b422-6463ca97c373@group-848D76B22711-LeaderElection1086] INFO  impl.LeaderElection (LeaderElection.java:askForVotes(178)) - 090573f1-c213-462e-b422-6463ca97c373@group-848D76B22711-LeaderElection1086: begin an election at term 109 for -1: [93d557fa-335e-4e3d-b2bb-e33832802906:192.168.69.102:43737, 090573f1-c213-462e-b422-6463ca97c373:192.168.69.102:43336, db364705-f60f-4be7-83db-fd25b014fd0b:192.168.69.102:41270], old=null
2019-10-15 21:19:01,567 [grpc-default-executor-7] INFO  impl.RaftServerImpl (RaftServerImpl.java:setRole(184)) - db364705-f60f-4be7-83db-fd25b014fd0b@group-848D76B22711: changes role from  FOLLOWER to FOLLOWER at term 109 for recognizeCandidate:090573f1-c213-462e-b422-6463ca97c373
2019-10-15 21:19:01,567 [grpc-default-executor-7] INFO  impl.RoleInfo (RoleInfo.java:shutdownFollowerState(121)) - db364705-f60f-4be7-83db-fd25b014fd0b: shutdown FollowerState
2019-10-15 21:19:01,567 [grpc-default-executor-3] INFO  impl.RaftServerImpl (RaftServerImpl.java:setRole(184)) - 93d557fa-335e-4e3d-b2bb-e33832802906@group-848D76B22711: changes role from  FOLLOWER to FOLLOWER at term 109 for recognizeCandidate:090573f1-c213-462e-b422-6463ca97c373
2019-10-15 21:19:01,567 [Thread-9255] INFO  impl.FollowerState (FollowerState.java:run(117)) - db364705-f60f-4be7-83db-fd25b014fd0b@group-848D76B22711-FollowerState was interrupted: java.lang.InterruptedException: sleep interrupted
2019-10-15 21:19:01,567 [grpc-default-executor-7] INFO  impl.RoleInfo (RoleInfo.java:updateAndGet(143)) - db364705-f60f-4be7-83db-fd25b014fd0b: start FollowerState
2019-10-15 21:19:01,567 [grpc-default-executor-3] INFO  impl.RoleInfo (RoleInfo.java:shutdownFollowerState(121)) - 93d557fa-335e-4e3d-b2bb-e33832802906: shutdown FollowerState
2019-10-15 21:19:01,568 [grpc-default-executor-3] INFO  impl.RoleInfo (RoleInfo.java:updateAndGet(143)) - 93d557fa-335e-4e3d-b2bb-e33832802906: start FollowerState
2019-10-15 21:19:01,568 [Thread-9256] INFO  impl.FollowerState (FollowerState.java:run(117)) - 93d557fa-335e-4e3d-b2bb-e33832802906@group-848D76B22711-FollowerState was interrupted: java.lang.InterruptedException: sleep interrupted
2019-10-15 21:19:01,571 [090573f1-c213-462e-b422-6463ca97c373@group-848D76B22711-LeaderElection1086] INFO  impl.LeaderElection (LeaderElection.java:logAndReturn(56)) - 090573f1-c213-462e-b422-6463ca97c373@group-848D76B22711-LeaderElection1086: Election REJECTED; received 2 response(s) [090573f1-c213-462e-b422-6463ca97c373<-93d557fa-335e-4e3d-b2bb-e33832802906#0:FAIL-t109, 090573f1-c213-462e-b422-6463ca97c373<-db364705-f60f-4be7-83db-fd25b014fd0b#0:FAIL-t109] and 0 exception(s); 090573f1-c213-462e-b422-6463ca97c373@group-848D76B22711:t109, leader=null, voted=090573f1-c213-462e-b422-6463ca97c373, raftlog=090573f1-c213-462e-b422-6463ca97c373@group-848D76B22711-SegmentedRaftLog:OPENED:c-1,f-1,i0, conf=-1: [93d557fa-335e-4e3d-b2bb-e33832802906:192.168.69.102:43737, 090573f1-c213-462e-b422-6463ca97c373:192.168.69.102:43336, db364705-f60f-4be7-83db-fd25b014fd0b:192.168.69.102:41270], old=null
2019-10-15 21:19:01,571 [090573f1-c213-462e-b422-6463ca97c373@group-848D76B22711-LeaderElection1086] INFO  impl.RaftServerImpl (RaftServerImpl.java:setRole(184)) - 090573f1-c213-462e-b422-6463ca97c373@group-848D76B22711: changes role from CANDIDATE to FOLLOWER at term 109 for DISCOVERED_A_NEW_TERM
2019-10-15 21:19:01,571 [090573f1-c213-462e-b422-6463ca97c373@group-848D76B22711-LeaderElection1086] INFO  impl.RoleInfo (RoleInfo.java:shutdownLeaderElection(134)) - 090573f1-c213-462e-b422-6463ca97c373: shutdown LeaderElection
2019-10-15 21:19:01,571 [090573f1-c213-462e-b422-6463ca97c373@group-848D76B22711-LeaderElection1086] INFO  impl.RoleInfo (RoleInfo.java:updateAndGet(143)) - 090573f1-c213-462e-b422-6463ca97c373: start FollowerState
2019-10-15 21:19:01,594 [Thread-9263] INFO  impl.FollowerState (FollowerState.java:run(108)) - 090573f1-c213-462e-b422-6463ca97c373@group-848D76B22711-FollowerState: change to CANDIDATE, lastRpcTime:23ms, electionTimeout:23ms
2019-10-15 21:19:01,595 [Thread-9263] INFO  impl.RoleInfo (RoleInfo.java:shutdownFollowerState(121)) - 090573f1-c213-462e-b422-6463ca97c373: shutdown FollowerState
2019-10-15 21:19:01,595 [Thread-9263] INFO  impl.RaftServerImpl (RaftServerImpl.java:setRole(184)) - 090573f1-c213-462e-b422-6463ca97c373@group-848D76B22711: changes role from  FOLLOWER to CANDIDATE at term 109 for changeToCandidate
2019-10-15 21:19:01,595 [Thread-9263] INFO  impl.RoleInfo (RoleInfo.java:updateAndGet(143)) - 090573f1-c213-462e-b422-6463ca97c373: start LeaderElection
2019-10-15 21:19:01,605 [090573f1-c213-462e-b422-6463ca97c373@group-848D76B22711-LeaderElection1087] INFO  impl.LeaderElection (LeaderElection.java:askForVotes(178)) - 090573f1-c213-462e-b422-6463ca97c373@group-848D76B22711-LeaderElection1087: begin an election at term 110 for -1: [93d557fa-335e-4e3d-b2bb-e33832802906:192.168.69.102:43737, 090573f1-c213-462e-b422-6463ca97c373:192.168.69.102:43336, db364705-f60f-4be7-83db-fd25b014fd0b:192.168.69.102:41270], old=null
2019-10-15 21:19:01,607 [grpc-default-executor-3] INFO  impl.RaftServerImpl (RaftServerImpl.java:setRole(184)) - 93d557fa-335e-4e3d-b2bb-e33832802906@group-848D76B22711: changes role from  FOLLOWER to FOLLOWER at term 110 for recognizeCandidate:090573f1-c213-462e-b422-6463ca97c373
2019-10-15 21:19:01,607 [grpc-default-executor-3] INFO  impl.RoleInfo (RoleInfo.java:shutdownFollowerState(121)) - 93d557fa-335e-4e3d-b2bb-e33832802906: shutdown FollowerState
2019-10-15 21:19:01,607 [grpc-default-executor-7] INFO  impl.RaftServerImpl (RaftServerImpl.java:setRole(184)) - db364705-f60f-4be7-83db-fd25b014fd0b@group-848D76B22711: changes role from  FOLLOWER to FOLLOWER at term 110 for recognizeCandidate:090573f1-c213-462e-b422-6463ca97c373
2019-10-15 21:19:01,607 [Thread-9262] INFO  impl.FollowerState (FollowerState.java:run(117)) - 93d557fa-335e-4e3d-b2bb-e33832802906@group-848D76B22711-FollowerState was interrupted: java.lang.InterruptedException: sleep interrupted
2019-10-15 21:19:01,607 [grpc-default-executor-3] INFO  impl.RoleInfo (RoleInfo.java:updateAndGet(143)) - 93d557fa-335e-4e3d-b2bb-e33832802906: start FollowerState
2019-10-15 21:19:01,607 [grpc-default-executor-7] INFO  impl.RoleInfo (RoleInfo.java:shutdownFollowerState(121)) - db364705-f60f-4be7-83db-fd25b014fd0b: shutdown FollowerState
2019-10-15 21:19:01,607 [grpc-default-executor-7] INFO  impl.RoleInfo (RoleInfo.java:updateAndGet(143)) - db364705-f60f-4be7-83db-fd25b014fd0b: start FollowerState
2019-10-15 21:19:01,607 [Thread-9261] INFO  impl.FollowerState (FollowerState.java:run(117)) - db364705-f60f-4be7-83db-fd25b014fd0b@group-848D76B22711-FollowerState was interrupted: java.lang.InterruptedException: sleep interrupted
2019-10-15 21:19:01,612 [090573f1-c213-462e-b422-6463ca97c373@group-848D76B22711-LeaderElection1087] INFO  impl.LeaderElection (LeaderElection.java:logAndReturn(56)) - 090573f1-c213-462e-b422-6463ca97c373@group-848D76B22711-LeaderElection1087: Election REJECTED; received 2 response(s) [090573f1-c213-462e-b422-6463ca97c373<-93d557fa-335e-4e3d-b2bb-e33832802906#0:FAIL-t110, 090573f1-c213-462e-b422-6463ca97c373<-db364705-f60f-4be7-83db-fd25b014fd0b#0:FAIL-t110] and 0 exception(s); 090573f1-c213-462e-b422-6463ca97c373@group-848D76B22711:t110, leader=null, voted=090573f1-c213-462e-b422-6463ca97c373, raftlog=090573f1-c213-462e-b422-6463ca97c373@group-848D76B22711-SegmentedRaftLog:OPENED:c-1,f-1,i0, conf=-1: [93d557fa-335e-4e3d-b2bb-e33832802906:192.168.69.102:43737, 090573f1-c213-462e-b422-6463ca97c373:192.168.69.102:43336, db364705-f60f-4be7-83db-fd25b014fd0b:192.168.69.102:41270], old=null
2019-10-15 21:19:01,612 [090573f1-c213-462e-b422-6463ca97c373@group-848D76B22711-LeaderElection1087] INFO  impl.RaftServerImpl (RaftServerImpl.java:setRole(184)) - 090573f1-c213-462e-b422-6463ca97c373@group-848D76B22711: changes role from CANDIDATE to FOLLOWER at term 110 for DISCOVERED_A_NEW_TERM
2019-10-15 21:19:01,613 [090573f1-c213-462e-b422-6463ca97c373@group-848D76B22711-LeaderElection1087] INFO  impl.RoleInfo (RoleInfo.java:shutdownLeaderElection(134)) - 090573f1-c213-462e-b422-6463ca97c373: shutdown LeaderElection
2019-10-15 21:19:01,613 [090573f1-c213-462e-b422-6463ca97c373@group-848D76B22711-LeaderElection1087] INFO  impl.RoleInfo (RoleInfo.java:updateAndGet(143)) - 090573f1-c213-462e-b422-6463ca97c373: start FollowerState
2019-10-15 21:19:01,678 [Thread-9269] INFO  impl.FollowerState (FollowerState.java:run(108)) - 090573f1-c213-462e-b422-6463ca97c373@group-848D76B22711-FollowerState: change to CANDIDATE, lastRpcTime:65ms, electionTimeout:65ms
2019-10-15 21:19:01,678 [Thread-9269] INFO  impl.RoleInfo (RoleInfo.java:shutdownFollowerState(121)) - 090573f1-c213-462e-b422-6463ca97c373: shutdown FollowerState
2019-10-15 21:19:01,679 [Thread-9269] INFO  impl.RaftServerImpl (RaftServerImpl.java:setRole(184)) - 090573f1-c213-462e-b422-6463ca97c373@group-848D76B22711: changes role from  FOLLOWER to CANDIDATE at term 110 for changeToCandidate
2019-10-15 21:19:01,679 [Thread-9269] INFO  impl.RoleInfo (RoleInfo.java:updateAndGet(143)) - 090573f1-c213-462e-b422-6463ca97c373: start LeaderElection
2019-10-15 21:19:01,683 [090573f1-c213-462e-b422-6463ca97c373@group-848D76B22711-LeaderElection1088] INFO  impl.LeaderElection (LeaderElection.java:askForVotes(178)) - 090573f1-c213-462e-b422-6463ca97c373@group-848D76B22711-LeaderElection1088: begin an election at term 111 for -1: [93d557fa-335e-4e3d-b2bb-e33832802906:192.168.69.102:43737, 090573f1-c213-462e-b422-6463ca97c373:192.168.69.102:43336, db364705-f60f-4be7-83db-fd25b014fd0b:192.168.69.102:41270], old=null
2019-10-15 21:19:01,686 [grpc-default-executor-3] INFO  impl.RaftServerImpl (RaftServerImpl.java:setRole(184)) - db364705-f60f-4be7-83db-fd25b014fd0b@group-848D76B22711: changes role from  FOLLOWER to FOLLOWER at term 111 for recognizeCandidate:090573f1-c213-462e-b422-6463ca97c373
2019-10-15 21:19:01,686 [grpc-default-executor-7] INFO  impl.RaftServerImpl (RaftServerImpl.java:setRole(184)) - 93d557fa-335e-4e3d-b2bb-e33832802906@group-848D76B22711: changes role from  FOLLOWER to FOLLOWER at term 111 for recognizeCandidate:090573f1-c213-462e-b422-6463ca97c373
2019-10-15 21:19:01,686 [grpc-default-executor-7] INFO  impl.RoleInfo (RoleInfo.java:shutdownFollowerState(121)) - 93d557fa-335e-4e3d-b2bb-e33832802906: shutdown FollowerState
2019-10-15 21:19:01,686 [grpc-default-executor-3] INFO  impl.RoleInfo (RoleInfo.java:shutdownFollowerState(121)) - db364705-f60f-4be7-83db-fd25b014fd0b: shutdown FollowerState
2019-10-15 21:19:01,687 [Thread-9267] INFO  impl.FollowerState (FollowerState.java:run(117)) - 93d557fa-335e-4e3d-b2bb-e33832802906@group-848D76B22711-FollowerState was interrupted: java.lang.InterruptedException: sleep interrupted
2019-10-15 21:19:01,687 [grpc-default-executor-7] INFO  impl.RoleInfo (RoleInfo.java:updateAndGet(143)) - 93d557fa-335e-4e3d-b2bb-e33832802906: start FollowerState
2019-10-15 21:19:01,687 [Thread-9268] INFO  impl.FollowerState (FollowerState.java:run(117)) - db364705-f60f-4be7-83db-fd25b014fd0b@group-848D76B22711-FollowerState was interrupted: java.lang.InterruptedException: sleep interrupted
2019-10-15 21:19:01,687 [grpc-default-executor-3] INFO  impl.RoleInfo (RoleInfo.java:updateAndGet(143)) - db364705-f60f-4be7-83db-fd25b014fd0b: start FollowerState
2019-10-15 21:19:01,703 [090573f1-c213-462e-b422-6463ca97c373@group-848D76B22711-LeaderElection1088] INFO  impl.LeaderElection (LeaderElection.java:logAndReturn(56)) - 090573f1-c213-462e-b422-6463ca97c373@group-848D76B22711-LeaderElection1088: Election REJECTED; received 2 response(s) [090573f1-c213-462e-b422-6463ca97c373<-93d557fa-335e-4e3d-b2bb-e33832802906#0:FAIL-t111, 090573f1-c213-462e-b422-6463ca97c373<-db364705-f60f-4be7-83db-fd25b014fd0b#0:FAIL-t111] and 0 exception(s); 090573f1-c213-462e-b422-6463ca97c373@group-848D76B22711:t111, leader=null, voted=090573f1-c213-462e-b422-6463ca97c373, raftlog=090573f1-c213-462e-b422-6463ca97c373@group-848D76B22711-SegmentedRaftLog:OPENED:c-1,f-1,i0, conf=-1: [93d557fa-335e-4e3d-b2bb-e33832802906:192.168.69.102:43737, 090573f1-c213-462e-b422-6463ca97c373:192.168.69.102:43336, db364705-f60f-4be7-83db-fd25b014fd0b:192.168.69.102:41270], old=null
2019-10-15 21:19:01,703 [090573f1-c213-462e-b422-6463ca97c373@group-848D76B22711-LeaderElection1088] INFO  impl.RaftServerImpl (RaftServerImpl.java:setRole(184)) - 090573f1-c213-462e-b422-6463ca97c373@group-848D76B22711: changes role from CANDIDATE to FOLLOWER at term 111 for DISCOVERED_A_NEW_TERM
2019-10-15 21:19:01,703 [090573f1-c213-462e-b422-6463ca97c373@group-848D76B22711-LeaderElection1088] INFO  impl.RoleInfo (RoleInfo.java:shutdownLeaderElection(134)) - 090573f1-c213-462e-b422-6463ca97c373: shutdown LeaderElection
2019-10-15 21:19:01,703 [090573f1-c213-462e-b422-6463ca97c373@group-848D76B22711-LeaderElection1088] INFO  impl.RoleInfo (RoleInfo.java:updateAndGet(143)) - 090573f1-c213-462e-b422-6463ca97c373: start FollowerState
2019-10-15 21:19:01,783 [Thread-9277] INFO  impl.FollowerState (FollowerState.java:run(108)) - 090573f1-c213-462e-b422-6463ca97c373@group-848D76B22711-FollowerState: change to CANDIDATE, lastRpcTime:80ms, electionTimeout:80ms
2019-10-15 21:19:01,784 [Thread-9277] INFO  impl.RoleInfo (RoleInfo.java:shutdownFollowerState(121)) - 090573f1-c213-462e-b422-6463ca97c373: shutdown FollowerState
2019-10-15 21:19:01,784 [Thread-9277] INFO  impl.RaftServerImpl (RaftServerImpl.java:setRole(184)) - 090573f1-c213-462e-b422-6463ca97c373@group-848D76B22711: changes role from  FOLLOWER to CANDIDATE at term 111 for changeToCandidate
2019-10-15 21:19:01,784 [Thread-9277] INFO  impl.RoleInfo (RoleInfo.java:updateAndGet(143)) - 090573f1-c213-462e-b422-6463ca97c373: start LeaderElection
2019-10-15 21:19:01,789 [090573f1-c213-462e-b422-6463ca97c373@group-848D76B22711-LeaderElection1089] INFO  impl.LeaderElection (LeaderElection.java:askForVotes(178)) - 090573f1-c213-462e-b422-6463ca97c373@group-848D76B22711-LeaderElection1089: begin an election at term 112 for -1: [93d557fa-335e-4e3d-b2bb-e33832802906:192.168.69.102:43737, 090573f1-c213-462e-b422-6463ca97c373:192.168.69.102:43336, db364705-f60f-4be7-83db-fd25b014fd0b:192.168.69.102:41270], old=null
2019-10-15 21:19:01,790 [090573f1-c213-462e-b422-6463ca97c373@group-848D76B22711-LeaderElection1089] INFO  impl.LeaderElection (LeaderElection.java:logAndReturn(56)) - 090573f1-c213-462e-b422-6463ca97c373@group-848D76B22711-LeaderElection1089: Election TIMEOUT; received 0 response(s) [] and 0 exception(s); 090573f1-c213-462e-b422-6463ca97c373@group-848D76B22711:t112, leader=null, voted=090573f1-c213-462e-b422-6463ca97c373, raftlog=090573f1-c213-462e-b422-6463ca97c373@group-848D76B22711-SegmentedRaftLog:OPENED:c-1,f-1,i0, conf=-1: [93d557fa-335e-4e3d-b2bb-e33832802906:192.168.69.102:43737, 090573f1-c213-462e-b422-6463ca97c373:192.168.69.102:43336, db364705-f60f-4be7-83db-fd25b014fd0b:192.168.69.102:41270], old=null
2019-10-15 21:19:01,791 [grpc-default-executor-7] INFO  impl.RaftServerImpl (RaftServerImpl.java:setRole(184)) - db364705-f60f-4be7-83db-fd25b014fd0b@group-848D76B22711: changes role from  FOLLOWER to FOLLOWER at term 112 for recognizeCandidate:090573f1-c213-462e-b422-6463ca97c373
2019-10-15 21:19:01,791 [grpc-default-executor-7] INFO  impl.RoleInfo (RoleInfo.java:shutdownFollowerState(121)) - db364705-f60f-4be7-83db-fd25b014fd0b: shutdown FollowerState
2019-10-15 21:19:01,791 [grpc-default-executor-3] INFO  impl.RaftServerImpl (RaftServerImpl.java:setRole(184)) - 93d557fa-335e-4e3d-b2bb-e33832802906@group-848D76B22711: changes role from  FOLLOWER to FOLLOWER at term 112 for recognizeCandidate:090573f1-c213-462e-b422-6463ca97c373
2019-10-15 21:19:01,791 [grpc-default-executor-3] INFO  impl.RoleInfo (RoleInfo.java:shutdownFollowerState(121)) - 93d557fa-335e-4e3d-b2bb-e33832802906: shutdown FollowerState
2019-10-15 21:19:01,791 [Thread-9274] INFO  impl.FollowerState (FollowerState.java:run(117)) - db364705-f60f-4be7-83db-fd25b014fd0b@group-848D76B22711-FollowerState was interrupted: java.lang.InterruptedException: sleep interrupted
2019-10-15 21:19:01,791 [grpc-default-executor-7] INFO  impl.RoleInfo (RoleInfo.java:updateAndGet(143)) - db364705-f60f-4be7-83db-fd25b014fd0b: start FollowerState
2019-10-15 21:19:01,791 [grpc-default-executor-3] INFO  impl.RoleInfo (RoleInfo.java:updateAndGet(143)) - 93d557fa-335e-4e3d-b2bb-e33832802906: start FollowerState
2019-10-15 21:19:01,792 [Thread-9273] INFO  impl.FollowerState (FollowerState.java:run(117)) - 93d557fa-335e-4e3d-b2bb-e33832802906@group-848D76B22711-FollowerState was interrupted: java.lang.InterruptedException: sleep interrupted
2019-10-15 21:19:01,803 [090573f1-c213-462e-b422-6463ca97c373@group-848D76B22711-LeaderElection1089] INFO  impl.LeaderElection (LeaderElection.java:askForVotes(178)) - 090573f1-c213-462e-b422-6463ca97c373@group-848D76B22711-LeaderElection1089: begin an election at term 113 for -1: [93d557fa-335e-4e3d-b2bb-e33832802906:192.168.69.102:43737, 090573f1-c213-462e-b422-6463ca97c373:192.168.69.102:43336, db364705-f60f-4be7-83db-fd25b014fd0b:192.168.69.102:41270], old=null
2019-10-15 21:19:01,804 [grpc-default-executor-7] INFO  impl.RaftServerImpl (RaftServerImpl.java:setRole(184)) - 93d557fa-335e-4e3d-b2bb-e33832802906@group-848D76B22711: changes role from  FOLLOWER to FOLLOWER at term 113 for recognizeCandidate:090573f1-c213-462e-b422-6463ca97c373
2019-10-15 21:19:01,804 [grpc-default-executor-7] INFO  impl.RoleInfo (RoleInfo.java:shutdownFollowerState(121)) - 93d557fa-335e-4e3d-b2bb-e33832802906: shutdown FollowerState
2019-10-15 21:19:01,804 [grpc-default-executor-3] INFO  impl.RaftServerImpl (RaftServerImpl.java:setRole(184)) - db364705-f60f-4be7-83db-fd25b014fd0b@group-848D76B22711: changes role from  FOLLOWER to FOLLOWER at term 113 for recognizeCandidate:090573f1-c213-462e-b422-6463ca97c373
2019-10-15 21:19:01,804 [grpc-default-executor-3] INFO  impl.RoleInfo (RoleInfo.java:shutdownFollowerState(121)) - db364705-f60f-4be7-83db-fd25b014fd0b: shutdown FollowerState
2019-10-15 21:19:01,804 [Thread-9284] INFO  impl.FollowerState (FollowerState.java:run(117)) - 93d557fa-335e-4e3d-b2bb-e33832802906@group-848D76B22711-FollowerState was interrupted: java.lang.InterruptedException: sleep interrupted
2019-10-15 21:19:01,804 [grpc-default-executor-7] INFO  impl.RoleInfo (RoleInfo.java:updateAndGet(143)) - 93d557fa-335e-4e3d-b2bb-e33832802906: start FollowerState
2019-10-15 21:19:01,805 [Thread-9283] INFO  impl.FollowerState (FollowerState.java:run(117)) - db364705-f60f-4be7-83db-fd25b014fd0b@group-848D76B22711-FollowerState was interrupted: java.lang.InterruptedException: sleep interrupted
2019-10-15 21:19:01,804 [grpc-default-executor-3] INFO  impl.RoleInfo (RoleInfo.java:updateAndGet(143)) - db364705-f60f-4be7-83db-fd25b014fd0b: start FollowerState
2019-10-15 21:19:01,809 [090573f1-c213-462e-b422-6463ca97c373@group-848D76B22711-LeaderElection1089] INFO  impl.LeaderElection (LeaderElection.java:logAndReturn(56)) - 090573f1-c213-462e-b422-6463ca97c373@group-848D76B22711-LeaderElection1089: Election REJECTED; received 2 response(s) [090573f1-c213-462e-b422-6463ca97c373<-93d557fa-335e-4e3d-b2bb-e33832802906#0:FAIL-t113, 090573f1-c213-462e-b422-6463ca97c373<-db364705-f60f-4be7-83db-fd25b014fd0b#0:FAIL-t113] and 0 exception(s); 090573f1-c213-462e-b422-6463ca97c373@group-848D76B22711:t113, leader=null, voted=090573f1-c213-462e-b422-6463ca97c373, raftlog=090573f1-c213-462e-b422-6463ca97c373@group-848D76B22711-SegmentedRaftLog:OPENED:c-1,f-1,i0, conf=-1: [93d557fa-335e-4e3d-b2bb-e33832802906:192.168.69.102:43737, 090573f1-c213-462e-b422-6463ca97c373:192.168.69.102:43336, db364705-f60f-4be7-83db-fd25b014fd0b:192.168.69.102:41270], old=null
2019-10-15 21:19:01,809 [090573f1-c213-462e-b422-6463ca97c373@group-848D76B22711-LeaderElection1089] INFO  impl.RaftServerImpl (RaftServerImpl.java:setRole(184)) - 090573f1-c213-462e-b422-6463ca97c373@group-848D76B22711: changes role from CANDIDATE to FOLLOWER at term 113 for DISCOVERED_A_NEW_TERM
2019-10-15 21:19:01,809 [090573f1-c213-462e-b422-6463ca97c373@group-848D76B22711-LeaderElection1089] INFO  impl.RoleInfo (RoleInfo.java:shutdownLeaderElection(134)) - 090573f1-c213-462e-b422-6463ca97c373: shutdown LeaderElection
2019-10-15 21:19:01,809 [090573f1-c213-462e-b422-6463ca97c373@group-848D76B22711-LeaderElection1089] INFO  impl.RoleInfo (RoleInfo.java:updateAndGet(143)) - 090573f1-c213-462e-b422-6463ca97c373: start FollowerState
2019-10-15 21:19:01,900 [Thread-9289] INFO  impl.FollowerState (FollowerState.java:run(108)) - 090573f1-c213-462e-b422-6463ca97c373@group-848D76B22711-FollowerState: change to CANDIDATE, lastRpcTime:91ms, electionTimeout:91ms
2019-10-15 21:19:01,901 [Thread-9289] INFO  impl.RoleInfo (RoleInfo.java:shutdownFollowerState(121)) - 090573f1-c213-462e-b422-6463ca97c373: shutdown FollowerState
2019-10-15 21:19:01,901 [Thread-9289] INFO  impl.RaftServerImpl (RaftServerImpl.java:setRole(184)) - 090573f1-c213-462e-b422-6463ca97c373@group-848D76B22711: changes role from  FOLLOWER to CANDIDATE at term 113 for changeToCandidate
2019-10-15 21:19:01,901 [Thread-9289] INFO  impl.RoleInfo (RoleInfo.java:updateAndGet(143)) - 090573f1-c213-462e-b422-6463ca97c373: start LeaderElection
2019-10-15 21:19:01,908 [090573f1-c213-462e-b422-6463ca97c373@group-848D76B22711-LeaderElection1090] INFO  impl.LeaderElection (LeaderElection.java:askForVotes(178)) - 090573f1-c213-462e-b422-6463ca97c373@group-848D76B22711-LeaderElection1090: begin an election at term 114 for -1: [93d557fa-335e-4e3d-b2bb-e33832802906:192.168.69.102:43737, 090573f1-c213-462e-b422-6463ca97c373:192.168.69.102:43336, db364705-f60f-4be7-83db-fd25b014fd0b:192.168.69.102:41270], old=null
2019-10-15 21:19:01,909 [grpc-default-executor-12] INFO  impl.RaftServerImpl (RaftServerImpl.java:setRole(184)) - db364705-f60f-4be7-83db-fd25b014fd0b@group-848D76B22711: changes role from  FOLLOWER to FOLLOWER at term 114 for recognizeCandidate:090573f1-c213-462e-b422-6463ca97c373
2019-10-15 21:19:01,909 [grpc-default-executor-12] INFO  impl.RoleInfo (RoleInfo.java:shutdownFollowerState(121)) - db364705-f60f-4be7-83db-fd25b014fd0b: shutdown FollowerState
2019-10-15 21:19:01,909 [grpc-default-executor-3] INFO  impl.RaftServerImpl (RaftServerImpl.java:setRole(184)) - 93d557fa-335e-4e3d-b2bb-e33832802906@group-848D76B22711: changes role from  FOLLOWER to FOLLOWER at term 114 for recognizeCandidate:090573f1-c213-462e-b422-6463ca97c373
2019-10-15 21:19:01,909 [Thread-9288] INFO  impl.FollowerState (FollowerState.java:run(117)) - db364705-f60f-4be7-83db-fd25b014fd0b@group-848D76B22711-FollowerState was interrupted: java.lang.InterruptedException: sleep interrupted
2019-10-15 21:19:01,909 [grpc-default-executor-12] INFO  impl.RoleInfo (RoleInfo.java:updateAndGet(143)) - db364705-f60f-4be7-83db-fd25b014fd0b: start FollowerState
2019-10-15 21:19:01,909 [grpc-default-executor-3] INFO  impl.RoleInfo (RoleInfo.java:shutdownFollowerState(121)) - 93d557fa-335e-4e3d-b2bb-e33832802906: shutdown FollowerState
2019-10-15 21:19:01,910 [grpc-default-executor-3] INFO  impl.RoleInfo (RoleInfo.java:updateAndGet(143)) - 93d557fa-335e-4e3d-b2bb-e33832802906: start FollowerState
2019-10-15 21:19:01,910 [Thread-9287] INFO  impl.FollowerState (FollowerState.java:run(117)) - 93d557fa-335e-4e3d-b2bb-e33832802906@group-848D76B22711-FollowerState was interrupted: java.lang.InterruptedException: sleep interrupted
2019-10-15 21:19:01,919 [090573f1-c213-462e-b422-6463ca97c373@group-848D76B22711-LeaderElection1090] INFO  impl.LeaderElection (LeaderElection.java:logAndReturn(56)) - 090573f1-c213-462e-b422-6463ca97c373@group-848D76B22711-LeaderElection1090: Election REJECTED; received 2 response(s) [090573f1-c213-462e-b422-6463ca97c373<-93d557fa-335e-4e3d-b2bb-e33832802906#0:FAIL-t114, 090573f1-c213-462e-b422-6463ca97c373<-db364705-f60f-4be7-83db-fd25b014fd0b#0:FAIL-t114] and 0 exception(s); 090573f1-c213-462e-b422-6463ca97c373@group-848D76B22711:t114, leader=null, voted=090573f1-c213-462e-b422-6463ca97c373, raftlog=090573f1-c213-462e-b422-6463ca97c373@group-848D76B22711-SegmentedRaftLog:OPENED:c-1,f-1,i0, conf=-1: [93d557fa-335e-4e3d-b2bb-e33832802906:192.168.69.102:43737, 090573f1-c213-462e-b422-6463ca97c373:192.168.69.102:43336, db364705-f60f-4be7-83db-fd25b014fd0b:192.168.69.102:41270], old=null
2019-10-15 21:19:01,919 [090573f1-c213-462e-b422-6463ca97c373@group-848D76B22711-LeaderElection1090] INFO  impl.RaftServerImpl (RaftServerImpl.java:setRole(184)) - 090573f1-c213-462e-b422-6463ca97c373@group-848D76B22711: changes role from CANDIDATE to FOLLOWER at term 114 for DISCOVERED_A_NEW_TERM
2019-10-15 21:19:01,919 [090573f1-c213-462e-b422-6463ca97c373@group-848D76B22711-LeaderElection1090] INFO  impl.RoleInfo (RoleInfo.java:shutdownLeaderElection(134)) - 090573f1-c213-462e-b422-6463ca97c373: shutdown LeaderElection
2019-10-15 21:19:01,919 [090573f1-c213-462e-b422-6463ca97c373@group-848D76B22711-LeaderElection1090] INFO  impl.RoleInfo (RoleInfo.java:updateAndGet(143)) - 090573f1-c213-462e-b422-6463ca97c373: start FollowerState
2019-10-15 21:19:01,934 [Thread-9295] INFO  impl.FollowerState (FollowerState.java:run(108)) - 090573f1-c213-462e-b422-6463ca97c373@group-848D76B22711-FollowerState: change to CANDIDATE, lastRpcTime:15ms, electionTimeout:15ms
2019-10-15 21:19:01,934 [Thread-9295] INFO  impl.RoleInfo (RoleInfo.java:shutdownFollowerState(121)) - 090573f1-c213-462e-b422-6463ca97c373: shutdown FollowerState
2019-10-15 21:19:01,934 [Thread-9295] INFO  impl.RaftServerImpl (RaftServerImpl.java:setRole(184)) - 090573f1-c213-462e-b422-6463ca97c373@group-848D76B22711: changes role from  FOLLOWER to CANDIDATE at term 114 for changeToCandidate
2019-10-15 21:19:01,934 [Thread-9295] INFO  impl.RoleInfo (RoleInfo.java:updateAndGet(143)) - 090573f1-c213-462e-b422-6463ca97c373: start LeaderElection
2019-10-15 21:19:01,949 [090573f1-c213-462e-b422-6463ca97c373@group-848D76B22711-LeaderElection1091] INFO  impl.LeaderElection (LeaderElection.java:askForVotes(178)) - 090573f1-c213-462e-b422-6463ca97c373@group-848D76B22711-LeaderElection1091: begin an election at term 115 for -1: [93d557fa-335e-4e3d-b2bb-e33832802906:192.168.69.102:43737, 090573f1-c213-462e-b422-6463ca97c373:192.168.69.102:43336, db364705-f60f-4be7-83db-fd25b014fd0b:192.168.69.102:41270], old=null
2019-10-15 21:19:01,950 [grpc-default-executor-12] INFO  impl.RaftServerImpl (RaftServerImpl.java:setRole(184)) - 93d557fa-335e-4e3d-b2bb-e33832802906@group-848D76B22711: changes role from  FOLLOWER to FOLLOWER at term 115 for recognizeCandidate:090573f1-c213-462e-b422-6463ca97c373
2019-10-15 21:19:01,950 [grpc-default-executor-12] INFO  impl.RoleInfo (RoleInfo.java:shutdownFollowerState(121)) - 93d557fa-335e-4e3d-b2bb-e33832802906: shutdown FollowerState
2019-10-15 21:19:01,950 [grpc-default-executor-3] INFO  impl.RaftServerImpl (RaftServerImpl.java:setRole(184)) - db364705-f60f-4be7-83db-fd25b014fd0b@group-848D76B22711: changes role from  FOLLOWER to FOLLOWER at term 115 for recognizeCandidate:090573f1-c213-462e-b422-6463ca97c373
2019-10-15 21:19:01,950 [grpc-default-executor-3] INFO  impl.RoleInfo (RoleInfo.java:shutdownFollowerState(121)) - db364705-f60f-4be7-83db-fd25b014fd0b: shutdown FollowerState
2019-10-15 21:19:01,950 [Thread-9294] INFO  impl.FollowerState (FollowerState.java:run(117)) - 93d557fa-335e-4e3d-b2bb-e33832802906@group-848D76B22711-FollowerState was interrupted: java.lang.InterruptedException: sleep interrupted
2019-10-15 21:19:01,950 [grpc-default-executor-12] INFO  impl.RoleInfo (RoleInfo.java:updateAndGet(143)) - 93d557fa-335e-4e3d-b2bb-e33832802906: start FollowerState
2019-10-15 21:19:01,950 [Thread-9293] INFO  impl.FollowerState (FollowerState.java:run(117)) - db364705-f60f-4be7-83db-fd25b014fd0b@group-848D76B22711-FollowerState was interrupted: java.lang.InterruptedException: sleep interrupted
2019-10-15 21:19:01,950 [grpc-default-executor-3] INFO  impl.RoleInfo (RoleInfo.java:updateAndGet(143)) - db364705-f60f-4be7-83db-fd25b014fd0b: start FollowerState
2019-10-15 21:19:01,983 [090573f1-c213-462e-b422-6463ca97c373@group-848D76B22711-LeaderElection1091] INFO  impl.LeaderElection (LeaderElection.java:logAndReturn(56)) - 090573f1-c213-462e-b422-6463ca97c373@group-848D76B22711-LeaderElection1091: Election REJECTED; received 2 response(s) [090573f1-c213-462e-b422-6463ca97c373<-93d557fa-335e-4e3d-b2bb-e33832802906#0:FAIL-t115, 090573f1-c213-462e-b422-6463ca97c373<-db364705-f60f-4be7-83db-fd25b014fd0b#0:FAIL-t115] and 0 exception(s); 090573f1-c213-462e-b422-6463ca97c373@group-848D76B22711:t115, leader=null, voted=090573f1-c213-462e-b422-6463ca97c373, raftlog=090573f1-c213-462e-b422-6463ca97c373@group-848D76B22711-SegmentedRaftLog:OPENED:c-1,f-1,i0, conf=-1: [93d557fa-335e-4e3d-b2bb-e33832802906:192.168.69.102:43737, 090573f1-c213-462e-b422-6463ca97c373:192.168.69.102:43336, db364705-f60f-4be7-83db-fd25b014fd0b:192.168.69.102:41270], old=null
2019-10-15 21:19:01,984 [090573f1-c213-462e-b422-6463ca97c373@group-848D76B22711-LeaderElection1091] INFO  impl.RaftServerImpl (RaftServerImpl.java:setRole(184)) - 090573f1-c213-462e-b422-6463ca97c373@group-848D76B22711: changes role from CANDIDATE to FOLLOWER at term 115 for DISCOVERED_A_NEW_TERM
2019-10-15 21:19:01,984 [090573f1-c213-462e-b422-6463ca97c373@group-848D76B22711-LeaderElection1091] INFO  impl.RoleInfo (RoleInfo.java:shutdownLeaderElection(134)) - 090573f1-c213-462e-b422-6463ca97c373: shutdown LeaderElection
2019-10-15 21:19:01,984 [090573f1-c213-462e-b422-6463ca97c373@group-848D76B22711-LeaderElection1091] INFO  impl.RoleInfo (RoleInfo.java:updateAndGet(143)) - 090573f1-c213-462e-b422-6463ca97c373: start FollowerState
2019-10-15 21:19:02,077 [Thread-9301] INFO  impl.FollowerState (FollowerState.java:run(108)) - 090573f1-c213-462e-b422-6463ca97c373@group-848D76B22711-FollowerState: change to CANDIDATE, lastRpcTime:93ms, electionTimeout:93ms
2019-10-15 21:19:02,077 [Thread-9301] INFO  impl.RoleInfo (RoleInfo.java:shutdownFollowerState(121)) - 090573f1-c213-462e-b422-6463ca97c373: shutdown FollowerState
2019-10-15 21:19:02,078 [Thread-9301] INFO  impl.RaftServerImpl (RaftServerImpl.java:setRole(184)) - 090573f1-c213-462e-b422-6463ca97c373@group-848D76B22711: changes role from  FOLLOWER to CANDIDATE at term 115 for changeToCandidate
2019-10-15 21:19:02,078 [Thread-9301] INFO  impl.RoleInfo (RoleInfo.java:updateAndGet(143)) - 090573f1-c213-462e-b422-6463ca97c373: start LeaderElection
2019-10-15 21:19:02,081 [090573f1-c213-462e-b422-6463ca97c373@group-848D76B22711-LeaderElection1092] INFO  impl.LeaderElection (LeaderElection.java:askForVotes(178)) - 090573f1-c213-462e-b422-6463ca97c373@group-848D76B22711-LeaderElection1092: begin an election at term 116 for -1: [93d557fa-335e-4e3d-b2bb-e33832802906:192.168.69.102:43737, 090573f1-c213-462e-b422-6463ca97c373:192.168.69.102:43336, db364705-f60f-4be7-83db-fd25b014fd0b:192.168.69.102:41270], old=null
2019-10-15 21:19:02,082 [grpc-default-executor-12] INFO  impl.RaftServerImpl (RaftServerImpl.java:setRole(184)) - 93d557fa-335e-4e3d-b2bb-e33832802906@group-848D76B22711: changes role from  FOLLOWER to FOLLOWER at term 116 for recognizeCandidate:090573f1-c213-462e-b422-6463ca97c373
2019-10-15 21:19:02,082 [grpc-default-executor-12] INFO  impl.RoleInfo (RoleInfo.java:shutdownFollowerState(121)) - 93d557fa-335e-4e3d-b2bb-e33832802906: shutdown FollowerState
2019-10-15 21:19:02,082 [grpc-default-executor-3] INFO  impl.RaftServerImpl (RaftServerImpl.java:setRole(184)) - db364705-f60f-4be7-83db-fd25b014fd0b@group-848D76B22711: changes role from  FOLLOWER to FOLLOWER at term 116 for recognizeCandidate:090573f1-c213-462e-b422-6463ca97c373
2019-10-15 21:19:02,082 [grpc-default-executor-3] INFO  impl.RoleInfo (RoleInfo.java:shutdownFollowerState(121)) - db364705-f60f-4be7-83db-fd25b014fd0b: shutdown FollowerState
2019-10-15 21:19:02,082 [Thread-9299] INFO  impl.FollowerState (FollowerState.java:run(117)) - 93d557fa-335e-4e3d-b2bb-e33832802906@group-848D76B22711-FollowerState was interrupted: java.lang.InterruptedException: sleep interrupted
2019-10-15 21:19:02,082 [grpc-default-executor-12] INFO  impl.RoleInfo (RoleInfo.java:updateAndGet(143)) - 93d557fa-335e-4e3d-b2bb-e33832802906: start FollowerState
2019-10-15 21:19:02,082 [Thread-9300] INFO  impl.FollowerState (FollowerState.java:run(117)) - db364705-f60f-4be7-83db-fd25b014fd0b@group-848D76B22711-FollowerState was interrupted: java.lang.InterruptedException: sleep interrupted
2019-10-15 21:19:02,082 [grpc-default-executor-3] INFO  impl.RoleInfo (RoleInfo.java:updateAndGet(143)) - db364705-f60f-4be7-83db-fd25b014fd0b: start FollowerState
2019-10-15 21:19:02,097 [090573f1-c213-462e-b422-6463ca97c373@group-848D76B22711-LeaderElection1092] INFO  impl.LeaderElection (LeaderElection.java:logAndReturn(56)) - 090573f1-c213-462e-b422-6463ca97c373@group-848D76B22711-LeaderElection1092: Election REJECTED; received 2 response(s) [090573f1-c213-462e-b422-6463ca97c373<-93d557fa-335e-4e3d-b2bb-e33832802906#0:FAIL-t116, 090573f1-c213-462e-b422-6463ca97c373<-db364705-f60f-4be7-83db-fd25b014fd0b#0:FAIL-t116] and 0 exception(s); 090573f1-c213-462e-b422-6463ca97c373@group-848D76B22711:t116, leader=null, voted=090573f1-c213-462e-b422-6463ca97c373, raftlog=090573f1-c213-462e-b422-6463ca97c373@group-848D76B22711-SegmentedRaftLog:OPENED:c-1,f-1,i0, conf=-1: [93d557fa-335e-4e3d-b2bb-e33832802906:192.168.69.102:43737, 090573f1-c213-462e-b422-6463ca97c373:192.168.69.102:43336, db364705-f60f-4be7-83db-fd25b014fd0b:192.168.69.102:41270], old=null
2019-10-15 21:19:02,097 [090573f1-c213-462e-b422-6463ca97c373@group-848D76B22711-LeaderElection1092] INFO  impl.RaftServerImpl (RaftServerImpl.java:setRole(184)) - 090573f1-c213-462e-b422-6463ca97c373@group-848D76B22711: changes role from CANDIDATE to FOLLOWER at term 116 for DISCOVERED_A_NEW_TERM
2019-10-15 21:19:02,097 [090573f1-c213-462e-b422-6463ca97c373@group-848D76B22711-LeaderElection1092] INFO  impl.RoleInfo (RoleInfo.java:shutdownLeaderElection(134)) - 090573f1-c213-462e-b422-6463ca97c373: shutdown LeaderElection
2019-10-15 21:19:02,097 [090573f1-c213-462e-b422-6463ca97c373@group-848D76B22711-LeaderElection1092] INFO  impl.RoleInfo (RoleInfo.java:updateAndGet(143)) - 090573f1-c213-462e-b422-6463ca97c373: start FollowerState
2019-10-15 21:19:02,209 [Thread-9307] INFO  impl.FollowerState (FollowerState.java:run(108)) - 090573f1-c213-462e-b422-6463ca97c373@group-848D76B22711-FollowerState: change to CANDIDATE, lastRpcTime:111ms, electionTimeout:111ms
2019-10-15 21:19:02,210 [Thread-9307] INFO  impl.RoleInfo (RoleInfo.java:shutdownFollowerState(121)) - 090573f1-c213-462e-b422-6463ca97c373: shutdown FollowerState
2019-10-15 21:19:02,210 [Thread-9307] INFO  impl.RaftServerImpl (RaftServerImpl.java:setRole(184)) - 090573f1-c213-462e-b422-6463ca97c373@group-848D76B22711: changes role from  FOLLOWER to CANDIDATE at term 116 for changeToCandidate
2019-10-15 21:19:02,210 [Thread-9307] INFO  impl.RoleInfo (RoleInfo.java:updateAndGet(143)) - 090573f1-c213-462e-b422-6463ca97c373: start LeaderElection
2019-10-15 21:19:02,231 [090573f1-c213-462e-b422-6463ca97c373@group-848D76B22711-LeaderElection1093] INFO  impl.LeaderElection (LeaderElection.java:askForVotes(178)) - 090573f1-c213-462e-b422-6463ca97c373@group-848D76B22711-LeaderElection1093: begin an election at term 117 for -1: [93d557fa-335e-4e3d-b2bb-e33832802906:192.168.69.102:43737, 090573f1-c213-462e-b422-6463ca97c373:192.168.69.102:43336, db364705-f60f-4be7-83db-fd25b014fd0b:192.168.69.102:41270], old=null
2019-10-15 21:19:02,233 [grpc-default-executor-3] INFO  impl.RaftServerImpl (RaftServerImpl.java:setRole(184)) - 93d557fa-335e-4e3d-b2bb-e33832802906@group-848D76B22711: changes role from  FOLLOWER to FOLLOWER at term 117 for recognizeCandidate:090573f1-c213-462e-b422-6463ca97c373
2019-10-15 21:19:02,233 [grpc-default-executor-12] INFO  impl.RaftServerImpl (RaftServerImpl.java:setRole(184)) - db364705-f60f-4be7-83db-fd25b014fd0b@group-848D76B22711: changes role from  FOLLOWER to FOLLOWER at term 117 for recognizeCandidate:090573f1-c213-462e-b422-6463ca97c373
2019-10-15 21:19:02,234 [grpc-default-executor-12] INFO  impl.RoleInfo (RoleInfo.java:shutdownFollowerState(121)) - db364705-f60f-4be7-83db-fd25b014fd0b: shutdown FollowerState
2019-10-15 21:19:02,234 [grpc-default-executor-3] INFO  impl.RoleInfo (RoleInfo.java:shutdownFollowerState(121)) - 93d557fa-335e-4e3d-b2bb-e33832802906: shutdown FollowerState
2019-10-15 21:19:02,234 [Thread-9306] INFO  impl.FollowerState (FollowerState.java:run(117)) - db364705-f60f-4be7-83db-fd25b014fd0b@group-848D76B22711-FollowerState was interrupted: java.lang.InterruptedException: sleep interrupted
2019-10-15 21:19:02,234 [Thread-9305] INFO  impl.FollowerState (FollowerState.java:run(117)) - 93d557fa-335e-4e3d-b2bb-e33832802906@group-848D76B22711-FollowerState was interrupted: java.lang.InterruptedException: sleep interrupted
2019-10-15 21:19:02,234 [grpc-default-executor-12] INFO  impl.RoleInfo (RoleInfo.java:updateAndGet(143)) - db364705-f60f-4be7-83db-fd25b014fd0b: start FollowerState
2019-10-15 21:19:02,234 [grpc-default-executor-3] INFO  impl.RoleInfo (RoleInfo.java:updateAndGet(143)) - 93d557fa-335e-4e3d-b2bb-e33832802906: start FollowerState
2019-10-15 21:19:02,244 [090573f1-c213-462e-b422-6463ca97c373@group-848D76B22711-LeaderElection1093] INFO  impl.LeaderElection (LeaderElection.java:logAndReturn(56)) - 090573f1-c213-462e-b422-6463ca97c373@group-848D76B22711-LeaderElection1093: Election REJECTED; received 2 response(s) [090573f1-c213-462e-b422-6463ca97c373<-93d557fa-335e-4e3d-b2bb-e33832802906#0:FAIL-t117, 090573f1-c213-462e-b422-6463ca97c373<-db364705-f60f-4be7-83db-fd25b014fd0b#0:FAIL-t117] and 0 exception(s); 090573f1-c213-462e-b422-6463ca97c373@group-848D76B22711:t117, leader=null, voted=090573f1-c213-462e-b422-6463ca97c373, raftlog=090573f1-c213-462e-b422-6463ca97c373@group-848D76B22711-SegmentedRaftLog:OPENED:c-1,f-1,i0, conf=-1: [93d557fa-335e-4e3d-b2bb-e33832802906:192.168.69.102:43737, 090573f1-c213-462e-b422-6463ca97c373:192.168.69.102:43336, db364705-f60f-4be7-83db-fd25b014fd0b:192.168.69.102:41270], old=null
2019-10-15 21:19:02,244 [090573f1-c213-462e-b422-6463ca97c373@group-848D76B22711-LeaderElection1093] INFO  impl.RaftServerImpl (RaftServerImpl.java:setRole(184)) - 090573f1-c213-462e-b422-6463ca97c373@group-848D76B22711: changes role from CANDIDATE to FOLLOWER at term 117 for DISCOVERED_A_NEW_TERM
2019-10-15 21:19:02,244 [090573f1-c213-462e-b422-6463ca97c373@group-848D76B22711-LeaderElection1093] INFO  impl.RoleInfo (RoleInfo.java:shutdownLeaderElection(134)) - 090573f1-c213-462e-b422-6463ca97c373: shutdown LeaderElection
2019-10-15 21:19:02,244 [090573f1-c213-462e-b422-6463ca97c373@group-848D76B22711-LeaderElection1093] INFO  impl.RoleInfo (RoleInfo.java:updateAndGet(143)) - 090573f1-c213-462e-b422-6463ca97c373: start FollowerState
2019-10-15 21:19:02,254 [main] INFO  ozoneimpl.OzoneContainer (OzoneContainer.java:stop(227)) - Attempting to stop container services.
2019-10-15 21:19:02,255 [main] INFO  impl.RaftServerProxy (RaftServerProxy.java:lambda$close$4(314)) - 93d557fa-335e-4e3d-b2bb-e33832802906: close
2019-10-15 21:19:02,256 [main] INFO  impl.RaftServerImpl (RaftServerImpl.java:lambda$shutdown$3(261)) - 93d557fa-335e-4e3d-b2bb-e33832802906@group-D90C6F5BD62C: shutdown
2019-10-15 21:19:02,256 [ForkJoinPool.commonPool-worker-1] INFO  impl.RaftServerImpl (RaftServerImpl.java:lambda$shutdown$3(261)) - 93d557fa-335e-4e3d-b2bb-e33832802906@group-848D76B22711: shutdown
2019-10-15 21:19:02,256 [main] INFO  util.JmxRegister (JmxRegister.java:unregister(73)) - Successfully un-registered JMX Bean with object name Ratis:service=RaftServer,group=group-D90C6F5BD62C,id=93d557fa-335e-4e3d-b2bb-e33832802906
2019-10-15 21:19:02,256 [ForkJoinPool.commonPool-worker-1] INFO  util.JmxRegister (JmxRegister.java:unregister(73)) - Successfully un-registered JMX Bean with object name Ratis:service=RaftServer,group=group-848D76B22711,id=93d557fa-335e-4e3d-b2bb-e33832802906
2019-10-15 21:19:02,257 [ForkJoinPool.commonPool-worker-1] INFO  impl.RoleInfo (RoleInfo.java:shutdownFollowerState(121)) - 93d557fa-335e-4e3d-b2bb-e33832802906: shutdown FollowerState
2019-10-15 21:19:02,256 [main] INFO  impl.RoleInfo (RoleInfo.java:shutdownLeaderState(104)) - 93d557fa-335e-4e3d-b2bb-e33832802906: shutdown LeaderState
2019-10-15 21:19:02,257 [ForkJoinPool.commonPool-worker-1] INFO  impl.StateMachineUpdater (StateMachineUpdater.java:stopAndJoin(136)) - 93d557fa-335e-4e3d-b2bb-e33832802906@group-848D76B22711-StateMachineUpdater: set stopIndex = -1
2019-10-15 21:19:02,257 [Thread-9314] INFO  impl.FollowerState (FollowerState.java:run(117)) - 93d557fa-335e-4e3d-b2bb-e33832802906@group-848D76B22711-FollowerState was interrupted: java.lang.InterruptedException: sleep interrupted
2019-10-15 21:19:02,257 [ForkJoinPool.commonPool-worker-1] INFO  impl.RaftServerImpl (ServerState.java:close(388)) - 93d557fa-335e-4e3d-b2bb-e33832802906@group-848D76B22711: closes. applyIndex: -1
2019-10-15 21:19:02,257 [main] INFO  impl.PendingRequests (PendingRequests.java:sendNotLeaderResponses(202)) - 93d557fa-335e-4e3d-b2bb-e33832802906@group-D90C6F5BD62C-PendingRequests: sendNotLeaderResponses
2019-10-15 21:19:02,257 [93d557fa-335e-4e3d-b2bb-e33832802906@group-848D76B22711-SegmentedRaftLogWorker] INFO  segmented.SegmentedRaftLogWorker (SegmentedRaftLogWorker.java:run(316)) - 93d557fa-335e-4e3d-b2bb-e33832802906@group-848D76B22711-SegmentedRaftLogWorker was interrupted, exiting. There are 0 tasks remaining in the queue.
2019-10-15 21:19:02,258 [main] INFO  impl.StateMachineUpdater (StateMachineUpdater.java:stopAndJoin(136)) - 93d557fa-335e-4e3d-b2bb-e33832802906@group-D90C6F5BD62C-StateMachineUpdater: set stopIndex = 0
2019-10-15 21:19:02,264 [ForkJoinPool.commonPool-worker-1] INFO  segmented.SegmentedRaftLogWorker (SegmentedRaftLogWorker.java:close(224)) - 93d557fa-335e-4e3d-b2bb-e33832802906@group-848D76B22711-SegmentedRaftLogWorker close()
2019-10-15 21:19:02,268 [main] INFO  impl.RaftServerImpl (ServerState.java:close(388)) - 93d557fa-335e-4e3d-b2bb-e33832802906@group-D90C6F5BD62C: closes. applyIndex: 0
2019-10-15 21:19:02,268 [93d557fa-335e-4e3d-b2bb-e33832802906@group-D90C6F5BD62C-SegmentedRaftLogWorker] INFO  segmented.SegmentedRaftLogWorker (SegmentedRaftLogWorker.java:run(316)) - 93d557fa-335e-4e3d-b2bb-e33832802906@group-D90C6F5BD62C-SegmentedRaftLogWorker was interrupted, exiting. There are 0 tasks remaining in the queue.
2019-10-15 21:19:02,271 [main] INFO  segmented.SegmentedRaftLogWorker (SegmentedRaftLogWorker.java:close(224)) - 93d557fa-335e-4e3d-b2bb-e33832802906@group-D90C6F5BD62C-SegmentedRaftLogWorker close()
2019-10-15 21:19:02,275 [main] INFO  server.GrpcService (GrpcService.java:closeImpl(164)) - 93d557fa-335e-4e3d-b2bb-e33832802906: shutdown server with port 43737 now
2019-10-15 21:19:02,277 [main] INFO  server.GrpcService (GrpcService.java:closeImpl(172)) - 93d557fa-335e-4e3d-b2bb-e33832802906: shutdown server with port 43737 successfully
2019-10-15 21:19:02,278 [refreshUsed-/workdir/hadoop-ozone/integration-test/target/test-dir/MiniOzoneClusterImpl-31458ddc-69ad-405c-a8b1-f839bd3d9382/datanode-1/data/containers] WARN  fs.CachingGetSpaceUsed (CachingGetSpaceUsed.java:run(183)) - Thread Interrupted waiting to refresh disk information: sleep interrupted
2019-10-15 21:19:02,297 [main] INFO  utils.BackgroundService (BackgroundService.java:shutdown(151)) - Shutting down service BlockDeletingService
2019-10-15 21:19:02,306 [Thread-9317] INFO  impl.FollowerState (FollowerState.java:run(108)) - 090573f1-c213-462e-b422-6463ca97c373@group-848D76B22711-FollowerState: change to CANDIDATE, lastRpcTime:61ms, electionTimeout:61ms
2019-10-15 21:19:02,306 [Thread-9317] INFO  impl.RoleInfo (RoleInfo.java:shutdownFollowerState(121)) - 090573f1-c213-462e-b422-6463ca97c373: shutdown FollowerState
2019-10-15 21:19:02,308 [main] INFO  statemachine.DatanodeStateMachine (DatanodeStateMachine.java:stopDaemon(395)) - Ozone container server stopped.
2019-10-15 21:19:02,308 [Thread-9317] INFO  impl.RaftServerImpl (RaftServerImpl.java:setRole(184)) - 090573f1-c213-462e-b422-6463ca97c373@group-848D76B22711: changes role from  FOLLOWER to CANDIDATE at term 117 for changeToCandidate
2019-10-15 21:19:02,308 [Thread-9317] INFO  impl.RoleInfo (RoleInfo.java:updateAndGet(143)) - 090573f1-c213-462e-b422-6463ca97c373: start LeaderElection
2019-10-15 21:19:02,311 [main] INFO  handler.ContextHandler (ContextHandler.java:doStop(910)) - Stopped o.e.j.w.WebAppContext@68aec50{/,null,UNAVAILABLE}{/hddsDatanode}
2019-10-15 21:19:02,312 [main] INFO  server.AbstractConnector (AbstractConnector.java:doStop(318)) - Stopped ServerConnector@6aff97d6{HTTP/1.1,[http/1.1]}{0.0.0.0:0}
2019-10-15 21:19:02,313 [main] INFO  handler.ContextHandler (ContextHandler.java:doStop(910)) - Stopped o.e.j.s.ServletContextHandler@3111631d{/static,jar:file:/home/user/.m2/repository/org/apache/hadoop/hadoop-hdds-container-service/0.5.0-SNAPSHOT/hadoop-hdds-container-service-0.5.0-SNAPSHOT.jar!/webapps/static,UNAVAILABLE}
2019-10-15 21:19:02,313 [main] INFO  handler.ContextHandler (ContextHandler.java:doStop(910)) - Stopped o.e.j.s.ServletContextHandler@3e9beef2{/logs,file:///workdir/hadoop-ozone/integration-test/target/log,UNAVAILABLE}
2019-10-15 21:19:02,314 [090573f1-c213-462e-b422-6463ca97c373@group-848D76B22711-LeaderElection1094] INFO  impl.LeaderElection (LeaderElection.java:askForVotes(178)) - 090573f1-c213-462e-b422-6463ca97c373@group-848D76B22711-LeaderElection1094: begin an election at term 118 for -1: [93d557fa-335e-4e3d-b2bb-e33832802906:192.168.69.102:43737, 090573f1-c213-462e-b422-6463ca97c373:192.168.69.102:43336, db364705-f60f-4be7-83db-fd25b014fd0b:192.168.69.102:41270], old=null
2019-10-15 21:19:02,315 [grpc-default-executor-12] INFO  impl.RaftServerImpl (RaftServerImpl.java:setRole(184)) - db364705-f60f-4be7-83db-fd25b014fd0b@group-848D76B22711: changes role from  FOLLOWER to FOLLOWER at term 118 for recognizeCandidate:090573f1-c213-462e-b422-6463ca97c373
2019-10-15 21:19:02,315 [grpc-default-executor-12] INFO  impl.RoleInfo (RoleInfo.java:shutdownFollowerState(121)) - db364705-f60f-4be7-83db-fd25b014fd0b: shutdown FollowerState
2019-10-15 21:19:02,315 [grpc-default-executor-12] INFO  impl.RoleInfo (RoleInfo.java:updateAndGet(143)) - db364705-f60f-4be7-83db-fd25b014fd0b: start FollowerState
2019-10-15 21:19:02,315 [Thread-9313] INFO  impl.FollowerState (FollowerState.java:run(117)) - db364705-f60f-4be7-83db-fd25b014fd0b@group-848D76B22711-FollowerState was interrupted: java.lang.InterruptedException: sleep interrupted
2019-10-15 21:19:02,316 [090573f1-c213-462e-b422-6463ca97c373@group-848D76B22711-LeaderElection1094] INFO  impl.LeaderElection (LogUtils.java:infoOrTrace(149)) - 090573f1-c213-462e-b422-6463ca97c373@group-848D76B22711-LeaderElection1094 got exception when requesting votes: {}
java.util.concurrent.ExecutionException: org.apache.ratis.thirdparty.io.grpc.StatusRuntimeException: UNAVAILABLE: io exception
	at java.util.concurrent.FutureTask.report(FutureTask.java:122)
	at java.util.concurrent.FutureTask.get(FutureTask.java:192)
	at org.apache.ratis.server.impl.LeaderElection.waitForResults(LeaderElection.java:259)
	at org.apache.ratis.server.impl.LeaderElection.askForVotes(LeaderElection.java:197)
	at org.apache.ratis.server.impl.LeaderElection.run(LeaderElection.java:133)
	at java.lang.Thread.run(Thread.java:748)
Caused by: org.apache.ratis.thirdparty.io.grpc.StatusRuntimeException: UNAVAILABLE: io exception
	at org.apache.ratis.thirdparty.io.grpc.stub.ClientCalls.toStatusRuntimeException(ClientCalls.java:233)
	at org.apache.ratis.thirdparty.io.grpc.stub.ClientCalls.getUnchecked(ClientCalls.java:214)
	at org.apache.ratis.thirdparty.io.grpc.stub.ClientCalls.blockingUnaryCall(ClientCalls.java:139)
	at org.apache.ratis.proto.grpc.RaftServerProtocolServiceGrpc$RaftServerProtocolServiceBlockingStub.requestVote(RaftServerProtocolServiceGrpc.java:265)
	at org.apache.ratis.grpc.server.GrpcServerProtocolClient.requestVote(GrpcServerProtocolClient.java:99)
	at org.apache.ratis.grpc.server.GrpcService.requestVote(GrpcService.java:204)
	at org.apache.ratis.server.impl.LeaderElection.lambda$submitRequests$1(LeaderElection.java:234)
	at java.util.concurrent.FutureTask.run(FutureTask.java:266)
	at java.util.concurrent.Executors$RunnableAdapter.call(Executors.java:511)
	at java.util.concurrent.FutureTask.run(FutureTask.java:266)
	at java.util.concurrent.ThreadPoolExecutor.runWorker(ThreadPoolExecutor.java:1149)
	at java.util.concurrent.ThreadPoolExecutor$Worker.run(ThreadPoolExecutor.java:624)
	... 1 more
Caused by: org.apache.ratis.thirdparty.io.netty.channel.AbstractChannel$AnnotatedConnectException: Connection refused: /192.168.69.102:43737
	at sun.nio.ch.SocketChannelImpl.checkConnect(Native Method)
	at sun.nio.ch.SocketChannelImpl.finishConnect(SocketChannelImpl.java:717)
	at org.apache.ratis.thirdparty.io.netty.channel.socket.nio.NioSocketChannel.doFinishConnect(NioSocketChannel.java:327)
	at org.apache.ratis.thirdparty.io.netty.channel.nio.AbstractNioChannel$AbstractNioUnsafe.finishConnect(AbstractNioChannel.java:340)
	at org.apache.ratis.thirdparty.io.netty.channel.nio.NioEventLoop.processSelectedKey(NioEventLoop.java:632)
	at org.apache.ratis.thirdparty.io.netty.channel.nio.NioEventLoop.processSelectedKeysOptimized(NioEventLoop.java:579)
	at org.apache.ratis.thirdparty.io.netty.channel.nio.NioEventLoop.processSelectedKeys(NioEventLoop.java:496)
	at org.apache.ratis.thirdparty.io.netty.channel.nio.NioEventLoop.run(NioEventLoop.java:458)
	at org.apache.ratis.thirdparty.io.netty.util.concurrent.SingleThreadEventExecutor$5.run(SingleThreadEventExecutor.java:897)
	at org.apache.ratis.thirdparty.io.netty.util.concurrent.FastThreadLocalRunnable.run(FastThreadLocalRunnable.java:30)
	... 1 more
Caused by: java.net.ConnectException: Connection refused
	... 11 more
2019-10-15 21:19:02,322 [090573f1-c213-462e-b422-6463ca97c373@group-848D76B22711-LeaderElection1094] INFO  impl.LeaderElection (LeaderElection.java:logAndReturn(56)) - 090573f1-c213-462e-b422-6463ca97c373@group-848D76B22711-LeaderElection1094: Election REJECTED; received 1 response(s) [090573f1-c213-462e-b422-6463ca97c373<-db364705-f60f-4be7-83db-fd25b014fd0b#0:FAIL-t118] and 1 exception(s); 090573f1-c213-462e-b422-6463ca97c373@group-848D76B22711:t118, leader=null, voted=090573f1-c213-462e-b422-6463ca97c373, raftlog=090573f1-c213-462e-b422-6463ca97c373@group-848D76B22711-SegmentedRaftLog:OPENED:c-1,f-1,i0, conf=-1: [93d557fa-335e-4e3d-b2bb-e33832802906:192.168.69.102:43737, 090573f1-c213-462e-b422-6463ca97c373:192.168.69.102:43336, db364705-f60f-4be7-83db-fd25b014fd0b:192.168.69.102:41270], old=null
2019-10-15 21:19:02,322 [090573f1-c213-462e-b422-6463ca97c373@group-848D76B22711-LeaderElection1094] INFO  impl.LeaderElection (LogUtils.java:infoOrTrace(149)) -   Exception 0: {}
java.util.concurrent.ExecutionException: org.apache.ratis.thirdparty.io.grpc.StatusRuntimeException: UNAVAILABLE: io exception
	at java.util.concurrent.FutureTask.report(FutureTask.java:122)
	at java.util.concurrent.FutureTask.get(FutureTask.java:192)
	at org.apache.ratis.server.impl.LeaderElection.waitForResults(LeaderElection.java:259)
	at org.apache.ratis.server.impl.LeaderElection.askForVotes(LeaderElection.java:197)
	at org.apache.ratis.server.impl.LeaderElection.run(LeaderElection.java:133)
	at java.lang.Thread.run(Thread.java:748)
Caused by: org.apache.ratis.thirdparty.io.grpc.StatusRuntimeException: UNAVAILABLE: io exception
	at org.apache.ratis.thirdparty.io.grpc.stub.ClientCalls.toStatusRuntimeException(ClientCalls.java:233)
	at org.apache.ratis.thirdparty.io.grpc.stub.ClientCalls.getUnchecked(ClientCalls.java:214)
	at org.apache.ratis.thirdparty.io.grpc.stub.ClientCalls.blockingUnaryCall(ClientCalls.java:139)
	at org.apache.ratis.proto.grpc.RaftServerProtocolServiceGrpc$RaftServerProtocolServiceBlockingStub.requestVote(RaftServerProtocolServiceGrpc.java:265)
	at org.apache.ratis.grpc.server.GrpcServerProtocolClient.requestVote(GrpcServerProtocolClient.java:99)
	at org.apache.ratis.grpc.server.GrpcService.requestVote(GrpcService.java:204)
	at org.apache.ratis.server.impl.LeaderElection.lambda$submitRequests$1(LeaderElection.java:234)
	at java.util.concurrent.FutureTask.run(FutureTask.java:266)
	at java.util.concurrent.Executors$RunnableAdapter.call(Executors.java:511)
	at java.util.concurrent.FutureTask.run(FutureTask.java:266)
	at java.util.concurrent.ThreadPoolExecutor.runWorker(ThreadPoolExecutor.java:1149)
	at java.util.concurrent.ThreadPoolExecutor$Worker.run(ThreadPoolExecutor.java:624)
	... 1 more
Caused by: org.apache.ratis.thirdparty.io.netty.channel.AbstractChannel$AnnotatedConnectException: Connection refused: /192.168.69.102:43737
	at sun.nio.ch.SocketChannelImpl.checkConnect(Native Method)
	at sun.nio.ch.SocketChannelImpl.finishConnect(SocketChannelImpl.java:717)
	at org.apache.ratis.thirdparty.io.netty.channel.socket.nio.NioSocketChannel.doFinishConnect(NioSocketChannel.java:327)
	at org.apache.ratis.thirdparty.io.netty.channel.nio.AbstractNioChannel$AbstractNioUnsafe.finishConnect(AbstractNioChannel.java:340)
	at org.apache.ratis.thirdparty.io.netty.channel.nio.NioEventLoop.processSelectedKey(NioEventLoop.java:632)
	at org.apache.ratis.thirdparty.io.netty.channel.nio.NioEventLoop.processSelectedKeysOptimized(NioEventLoop.java:579)
	at org.apache.ratis.thirdparty.io.netty.channel.nio.NioEventLoop.processSelectedKeys(NioEventLoop.java:496)
	at org.apache.ratis.thirdparty.io.netty.channel.nio.NioEventLoop.run(NioEventLoop.java:458)
	at org.apache.ratis.thirdparty.io.netty.util.concurrent.SingleThreadEventExecutor$5.run(SingleThreadEventExecutor.java:897)
	at org.apache.ratis.thirdparty.io.netty.util.concurrent.FastThreadLocalRunnable.run(FastThreadLocalRunnable.java:30)
	... 1 more
Caused by: java.net.ConnectException: Connection refused
	... 11 more
2019-10-15 21:19:02,323 [090573f1-c213-462e-b422-6463ca97c373@group-848D76B22711-LeaderElection1094] INFO  impl.RaftServerImpl (RaftServerImpl.java:setRole(184)) - 090573f1-c213-462e-b422-6463ca97c373@group-848D76B22711: changes role from CANDIDATE to FOLLOWER at term 118 for DISCOVERED_A_NEW_TERM
2019-10-15 21:19:02,323 [090573f1-c213-462e-b422-6463ca97c373@group-848D76B22711-LeaderElection1094] INFO  impl.RoleInfo (RoleInfo.java:shutdownLeaderElection(134)) - 090573f1-c213-462e-b422-6463ca97c373: shutdown LeaderElection
2019-10-15 21:19:02,323 [090573f1-c213-462e-b422-6463ca97c373@group-848D76B22711-LeaderElection1094] INFO  impl.RoleInfo (RoleInfo.java:updateAndGet(143)) - 090573f1-c213-462e-b422-6463ca97c373: start FollowerState
2019-10-15 21:19:02,436 [Thread-9322] INFO  impl.FollowerState (FollowerState.java:run(108)) - 090573f1-c213-462e-b422-6463ca97c373@group-848D76B22711-FollowerState: change to CANDIDATE, lastRpcTime:112ms, electionTimeout:112ms
2019-10-15 21:19:02,436 [Thread-9322] INFO  impl.RoleInfo (RoleInfo.java:shutdownFollowerState(121)) - 090573f1-c213-462e-b422-6463ca97c373: shutdown FollowerState
2019-10-15 21:19:02,436 [Thread-9322] INFO  impl.RaftServerImpl (RaftServerImpl.java:setRole(184)) - 090573f1-c213-462e-b422-6463ca97c373@group-848D76B22711: changes role from  FOLLOWER to CANDIDATE at term 118 for changeToCandidate
2019-10-15 21:19:02,436 [Thread-9322] INFO  impl.RoleInfo (RoleInfo.java:updateAndGet(143)) - 090573f1-c213-462e-b422-6463ca97c373: start LeaderElection
2019-10-15 21:19:02,465 [090573f1-c213-462e-b422-6463ca97c373@group-848D76B22711-LeaderElection1095] INFO  impl.LeaderElection (LeaderElection.java:askForVotes(178)) - 090573f1-c213-462e-b422-6463ca97c373@group-848D76B22711-LeaderElection1095: begin an election at term 119 for -1: [93d557fa-335e-4e3d-b2bb-e33832802906:192.168.69.102:43737, 090573f1-c213-462e-b422-6463ca97c373:192.168.69.102:43336, db364705-f60f-4be7-83db-fd25b014fd0b:192.168.69.102:41270], old=null
2019-10-15 21:19:02,465 [090573f1-c213-462e-b422-6463ca97c373@group-848D76B22711-LeaderElection1095] INFO  impl.LeaderElection (LogUtils.java:infoOrTrace(149)) - 090573f1-c213-462e-b422-6463ca97c373@group-848D76B22711-LeaderElection1095 got exception when requesting votes: {}
java.util.concurrent.ExecutionException: org.apache.ratis.thirdparty.io.grpc.StatusRuntimeException: UNAVAILABLE: io exception
	at java.util.concurrent.FutureTask.report(FutureTask.java:122)
	at java.util.concurrent.FutureTask.get(FutureTask.java:192)
	at org.apache.ratis.server.impl.LeaderElection.waitForResults(LeaderElection.java:259)
	at org.apache.ratis.server.impl.LeaderElection.askForVotes(LeaderElection.java:197)
	at org.apache.ratis.server.impl.LeaderElection.run(LeaderElection.java:133)
	at java.lang.Thread.run(Thread.java:748)
Caused by: org.apache.ratis.thirdparty.io.grpc.StatusRuntimeException: UNAVAILABLE: io exception
	at org.apache.ratis.thirdparty.io.grpc.stub.ClientCalls.toStatusRuntimeException(ClientCalls.java:233)
	at org.apache.ratis.thirdparty.io.grpc.stub.ClientCalls.getUnchecked(ClientCalls.java:214)
	at org.apache.ratis.thirdparty.io.grpc.stub.ClientCalls.blockingUnaryCall(ClientCalls.java:139)
	at org.apache.ratis.proto.grpc.RaftServerProtocolServiceGrpc$RaftServerProtocolServiceBlockingStub.requestVote(RaftServerProtocolServiceGrpc.java:265)
	at org.apache.ratis.grpc.server.GrpcServerProtocolClient.requestVote(GrpcServerProtocolClient.java:99)
	at org.apache.ratis.grpc.server.GrpcService.requestVote(GrpcService.java:204)
	at org.apache.ratis.server.impl.LeaderElection.lambda$submitRequests$1(LeaderElection.java:234)
	at java.util.concurrent.FutureTask.run(FutureTask.java:266)
	at java.util.concurrent.Executors$RunnableAdapter.call(Executors.java:511)
	at java.util.concurrent.FutureTask.run(FutureTask.java:266)
	at java.util.concurrent.ThreadPoolExecutor.runWorker(ThreadPoolExecutor.java:1149)
	at java.util.concurrent.ThreadPoolExecutor$Worker.run(ThreadPoolExecutor.java:624)
	... 1 more
Caused by: org.apache.ratis.thirdparty.io.netty.channel.AbstractChannel$AnnotatedConnectException: Connection refused: /192.168.69.102:43737
	at sun.nio.ch.SocketChannelImpl.checkConnect(Native Method)
	at sun.nio.ch.SocketChannelImpl.finishConnect(SocketChannelImpl.java:717)
	at org.apache.ratis.thirdparty.io.netty.channel.socket.nio.NioSocketChannel.doFinishConnect(NioSocketChannel.java:327)
	at org.apache.ratis.thirdparty.io.netty.channel.nio.AbstractNioChannel$AbstractNioUnsafe.finishConnect(AbstractNioChannel.java:340)
	at org.apache.ratis.thirdparty.io.netty.channel.nio.NioEventLoop.processSelectedKey(NioEventLoop.java:632)
	at org.apache.ratis.thirdparty.io.netty.channel.nio.NioEventLoop.processSelectedKeysOptimized(NioEventLoop.java:579)
	at org.apache.ratis.thirdparty.io.netty.channel.nio.NioEventLoop.processSelectedKeys(NioEventLoop.java:496)
	at org.apache.ratis.thirdparty.io.netty.channel.nio.NioEventLoop.run(NioEventLoop.java:458)
	at org.apache.ratis.thirdparty.io.netty.util.concurrent.SingleThreadEventExecutor$5.run(SingleThreadEventExecutor.java:897)
	at org.apache.ratis.thirdparty.io.netty.util.concurrent.FastThreadLocalRunnable.run(FastThreadLocalRunnable.java:30)
	... 1 more
Caused by: java.net.ConnectException: Connection refused
	... 11 more
2019-10-15 21:19:02,466 [grpc-default-executor-12] INFO  impl.RaftServerImpl (RaftServerImpl.java:setRole(184)) - db364705-f60f-4be7-83db-fd25b014fd0b@group-848D76B22711: changes role from  FOLLOWER to FOLLOWER at term 119 for recognizeCandidate:090573f1-c213-462e-b422-6463ca97c373
2019-10-15 21:19:02,466 [grpc-default-executor-12] INFO  impl.RoleInfo (RoleInfo.java:shutdownFollowerState(121)) - db364705-f60f-4be7-83db-fd25b014fd0b: shutdown FollowerState
2019-10-15 21:19:02,466 [grpc-default-executor-12] INFO  impl.RoleInfo (RoleInfo.java:updateAndGet(143)) - db364705-f60f-4be7-83db-fd25b014fd0b: start FollowerState
2019-10-15 21:19:02,466 [Thread-9321] INFO  impl.FollowerState (FollowerState.java:run(117)) - db364705-f60f-4be7-83db-fd25b014fd0b@group-848D76B22711-FollowerState was interrupted: java.lang.InterruptedException: sleep interrupted
2019-10-15 21:19:02,479 [090573f1-c213-462e-b422-6463ca97c373@group-848D76B22711-LeaderElection1095] INFO  impl.LeaderElection (LeaderElection.java:logAndReturn(56)) - 090573f1-c213-462e-b422-6463ca97c373@group-848D76B22711-LeaderElection1095: Election REJECTED; received 1 response(s) [090573f1-c213-462e-b422-6463ca97c373<-db364705-f60f-4be7-83db-fd25b014fd0b#0:FAIL-t119] and 1 exception(s); 090573f1-c213-462e-b422-6463ca97c373@group-848D76B22711:t119, leader=null, voted=090573f1-c213-462e-b422-6463ca97c373, raftlog=090573f1-c213-462e-b422-6463ca97c373@group-848D76B22711-SegmentedRaftLog:OPENED:c-1,f-1,i0, conf=-1: [93d557fa-335e-4e3d-b2bb-e33832802906:192.168.69.102:43737, 090573f1-c213-462e-b422-6463ca97c373:192.168.69.102:43336, db364705-f60f-4be7-83db-fd25b014fd0b:192.168.69.102:41270], old=null
2019-10-15 21:19:02,479 [090573f1-c213-462e-b422-6463ca97c373@group-848D76B22711-LeaderElection1095] INFO  impl.LeaderElection (LogUtils.java:infoOrTrace(149)) -   Exception 0: {}
java.util.concurrent.ExecutionException: org.apache.ratis.thirdparty.io.grpc.StatusRuntimeException: UNAVAILABLE: io exception
	at java.util.concurrent.FutureTask.report(FutureTask.java:122)
	at java.util.concurrent.FutureTask.get(FutureTask.java:192)
	at org.apache.ratis.server.impl.LeaderElection.waitForResults(LeaderElection.java:259)
	at org.apache.ratis.server.impl.LeaderElection.askForVotes(LeaderElection.java:197)
	at org.apache.ratis.server.impl.LeaderElection.run(LeaderElection.java:133)
	at java.lang.Thread.run(Thread.java:748)
Caused by: org.apache.ratis.thirdparty.io.grpc.StatusRuntimeException: UNAVAILABLE: io exception
	at org.apache.ratis.thirdparty.io.grpc.stub.ClientCalls.toStatusRuntimeException(ClientCalls.java:233)
	at org.apache.ratis.thirdparty.io.grpc.stub.ClientCalls.getUnchecked(ClientCalls.java:214)
	at org.apache.ratis.thirdparty.io.grpc.stub.ClientCalls.blockingUnaryCall(ClientCalls.java:139)
	at org.apache.ratis.proto.grpc.RaftServerProtocolServiceGrpc$RaftServerProtocolServiceBlockingStub.requestVote(RaftServerProtocolServiceGrpc.java:265)
	at org.apache.ratis.grpc.server.GrpcServerProtocolClient.requestVote(GrpcServerProtocolClient.java:99)
	at org.apache.ratis.grpc.server.GrpcService.requestVote(GrpcService.java:204)
	at org.apache.ratis.server.impl.LeaderElection.lambda$submitRequests$1(LeaderElection.java:234)
	at java.util.concurrent.FutureTask.run(FutureTask.java:266)
	at java.util.concurrent.Executors$RunnableAdapter.call(Executors.java:511)
	at java.util.concurrent.FutureTask.run(FutureTask.java:266)
	at java.util.concurrent.ThreadPoolExecutor.runWorker(ThreadPoolExecutor.java:1149)
	at java.util.concurrent.ThreadPoolExecutor$Worker.run(ThreadPoolExecutor.java:624)
	... 1 more
Caused by: org.apache.ratis.thirdparty.io.netty.channel.AbstractChannel$AnnotatedConnectException: Connection refused: /192.168.69.102:43737
	at sun.nio.ch.SocketChannelImpl.checkConnect(Native Method)
	at sun.nio.ch.SocketChannelImpl.finishConnect(SocketChannelImpl.java:717)
	at org.apache.ratis.thirdparty.io.netty.channel.socket.nio.NioSocketChannel.doFinishConnect(NioSocketChannel.java:327)
	at org.apache.ratis.thirdparty.io.netty.channel.nio.AbstractNioChannel$AbstractNioUnsafe.finishConnect(AbstractNioChannel.java:340)
	at org.apache.ratis.thirdparty.io.netty.channel.nio.NioEventLoop.processSelectedKey(NioEventLoop.java:632)
	at org.apache.ratis.thirdparty.io.netty.channel.nio.NioEventLoop.processSelectedKeysOptimized(NioEventLoop.java:579)
	at org.apache.ratis.thirdparty.io.netty.channel.nio.NioEventLoop.processSelectedKeys(NioEventLoop.java:496)
	at org.apache.ratis.thirdparty.io.netty.channel.nio.NioEventLoop.run(NioEventLoop.java:458)
	at org.apache.ratis.thirdparty.io.netty.util.concurrent.SingleThreadEventExecutor$5.run(SingleThreadEventExecutor.java:897)
	at org.apache.ratis.thirdparty.io.netty.util.concurrent.FastThreadLocalRunnable.run(FastThreadLocalRunnable.java:30)
	... 1 more
Caused by: java.net.ConnectException: Connection refused
	... 11 more
2019-10-15 21:19:02,480 [090573f1-c213-462e-b422-6463ca97c373@group-848D76B22711-LeaderElection1095] INFO  impl.RaftServerImpl (RaftServerImpl.java:setRole(184)) - 090573f1-c213-462e-b422-6463ca97c373@group-848D76B22711: changes role from CANDIDATE to FOLLOWER at term 119 for DISCOVERED_A_NEW_TERM
2019-10-15 21:19:02,480 [090573f1-c213-462e-b422-6463ca97c373@group-848D76B22711-LeaderElection1095] INFO  impl.RoleInfo (RoleInfo.java:shutdownLeaderElection(134)) - 090573f1-c213-462e-b422-6463ca97c373: shutdown LeaderElection
2019-10-15 21:19:02,480 [090573f1-c213-462e-b422-6463ca97c373@group-848D76B22711-LeaderElection1095] INFO  impl.RoleInfo (RoleInfo.java:updateAndGet(143)) - 090573f1-c213-462e-b422-6463ca97c373: start FollowerState
2019-10-15 21:19:02,613 [Thread-9348] INFO  impl.FollowerState (FollowerState.java:run(108)) - 090573f1-c213-462e-b422-6463ca97c373@group-848D76B22711-FollowerState: change to CANDIDATE, lastRpcTime:133ms, electionTimeout:133ms
2019-10-15 21:19:02,613 [Thread-9348] INFO  impl.RoleInfo (RoleInfo.java:shutdownFollowerState(121)) - 090573f1-c213-462e-b422-6463ca97c373: shutdown FollowerState
2019-10-15 21:19:02,613 [Thread-9348] INFO  impl.RaftServerImpl (RaftServerImpl.java:setRole(184)) - 090573f1-c213-462e-b422-6463ca97c373@group-848D76B22711: changes role from  FOLLOWER to CANDIDATE at term 119 for changeToCandidate
2019-10-15 21:19:02,613 [Thread-9348] INFO  impl.RoleInfo (RoleInfo.java:updateAndGet(143)) - 090573f1-c213-462e-b422-6463ca97c373: start LeaderElection
2019-10-15 21:19:02,625 [090573f1-c213-462e-b422-6463ca97c373@group-848D76B22711-LeaderElection1096] INFO  impl.LeaderElection (LeaderElection.java:askForVotes(178)) - 090573f1-c213-462e-b422-6463ca97c373@group-848D76B22711-LeaderElection1096: begin an election at term 120 for -1: [93d557fa-335e-4e3d-b2bb-e33832802906:192.168.69.102:43737, 090573f1-c213-462e-b422-6463ca97c373:192.168.69.102:43336, db364705-f60f-4be7-83db-fd25b014fd0b:192.168.69.102:41270], old=null
2019-10-15 21:19:02,626 [090573f1-c213-462e-b422-6463ca97c373@group-848D76B22711-LeaderElection1096] INFO  impl.LeaderElection (LogUtils.java:infoOrTrace(149)) - 090573f1-c213-462e-b422-6463ca97c373@group-848D76B22711-LeaderElection1096 got exception when requesting votes: {}
java.util.concurrent.ExecutionException: org.apache.ratis.thirdparty.io.grpc.StatusRuntimeException: UNAVAILABLE: io exception
	at java.util.concurrent.FutureTask.report(FutureTask.java:122)
	at java.util.concurrent.FutureTask.get(FutureTask.java:192)
	at org.apache.ratis.server.impl.LeaderElection.waitForResults(LeaderElection.java:259)
	at org.apache.ratis.server.impl.LeaderElection.askForVotes(LeaderElection.java:197)
	at org.apache.ratis.server.impl.LeaderElection.run(LeaderElection.java:133)
	at java.lang.Thread.run(Thread.java:748)
Caused by: org.apache.ratis.thirdparty.io.grpc.StatusRuntimeException: UNAVAILABLE: io exception
	at org.apache.ratis.thirdparty.io.grpc.stub.ClientCalls.toStatusRuntimeException(ClientCalls.java:233)
	at org.apache.ratis.thirdparty.io.grpc.stub.ClientCalls.getUnchecked(ClientCalls.java:214)
	at org.apache.ratis.thirdparty.io.grpc.stub.ClientCalls.blockingUnaryCall(ClientCalls.java:139)
	at org.apache.ratis.proto.grpc.RaftServerProtocolServiceGrpc$RaftServerProtocolServiceBlockingStub.requestVote(RaftServerProtocolServiceGrpc.java:265)
	at org.apache.ratis.grpc.server.GrpcServerProtocolClient.requestVote(GrpcServerProtocolClient.java:99)
	at org.apache.ratis.grpc.server.GrpcService.requestVote(GrpcService.java:204)
	at org.apache.ratis.server.impl.LeaderElection.lambda$submitRequests$1(LeaderElection.java:234)
	at java.util.concurrent.FutureTask.run(FutureTask.java:266)
	at java.util.concurrent.Executors$RunnableAdapter.call(Executors.java:511)
	at java.util.concurrent.FutureTask.run(FutureTask.java:266)
	at java.util.concurrent.ThreadPoolExecutor.runWorker(ThreadPoolExecutor.java:1149)
	at java.util.concurrent.ThreadPoolExecutor$Worker.run(ThreadPoolExecutor.java:624)
	... 1 more
Caused by: org.apache.ratis.thirdparty.io.netty.channel.AbstractChannel$AnnotatedConnectException: Connection refused: /192.168.69.102:43737
	at sun.nio.ch.SocketChannelImpl.checkConnect(Native Method)
	at sun.nio.ch.SocketChannelImpl.finishConnect(SocketChannelImpl.java:717)
	at org.apache.ratis.thirdparty.io.netty.channel.socket.nio.NioSocketChannel.doFinishConnect(NioSocketChannel.java:327)
	at org.apache.ratis.thirdparty.io.netty.channel.nio.AbstractNioChannel$AbstractNioUnsafe.finishConnect(AbstractNioChannel.java:340)
	at org.apache.ratis.thirdparty.io.netty.channel.nio.NioEventLoop.processSelectedKey(NioEventLoop.java:632)
	at org.apache.ratis.thirdparty.io.netty.channel.nio.NioEventLoop.processSelectedKeysOptimized(NioEventLoop.java:579)
	at org.apache.ratis.thirdparty.io.netty.channel.nio.NioEventLoop.processSelectedKeys(NioEventLoop.java:496)
	at org.apache.ratis.thirdparty.io.netty.channel.nio.NioEventLoop.run(NioEventLoop.java:458)
	at org.apache.ratis.thirdparty.io.netty.util.concurrent.SingleThreadEventExecutor$5.run(SingleThreadEventExecutor.java:897)
	at org.apache.ratis.thirdparty.io.netty.util.concurrent.FastThreadLocalRunnable.run(FastThreadLocalRunnable.java:30)
	... 1 more
Caused by: java.net.ConnectException: Connection refused
	... 11 more
2019-10-15 21:19:02,626 [grpc-default-executor-12] INFO  impl.RaftServerImpl (RaftServerImpl.java:setRole(184)) - db364705-f60f-4be7-83db-fd25b014fd0b@group-848D76B22711: changes role from  FOLLOWER to FOLLOWER at term 120 for recognizeCandidate:090573f1-c213-462e-b422-6463ca97c373
2019-10-15 21:19:02,627 [grpc-default-executor-12] INFO  impl.RoleInfo (RoleInfo.java:shutdownFollowerState(121)) - db364705-f60f-4be7-83db-fd25b014fd0b: shutdown FollowerState
2019-10-15 21:19:02,627 [grpc-default-executor-12] INFO  impl.RoleInfo (RoleInfo.java:updateAndGet(143)) - db364705-f60f-4be7-83db-fd25b014fd0b: start FollowerState
2019-10-15 21:19:02,627 [Thread-9347] INFO  impl.FollowerState (FollowerState.java:run(117)) - db364705-f60f-4be7-83db-fd25b014fd0b@group-848D76B22711-FollowerState was interrupted: java.lang.InterruptedException: sleep interrupted
2019-10-15 21:19:02,651 [090573f1-c213-462e-b422-6463ca97c373@group-848D76B22711-LeaderElection1096] INFO  impl.LeaderElection (LeaderElection.java:logAndReturn(56)) - 090573f1-c213-462e-b422-6463ca97c373@group-848D76B22711-LeaderElection1096: Election REJECTED; received 1 response(s) [090573f1-c213-462e-b422-6463ca97c373<-db364705-f60f-4be7-83db-fd25b014fd0b#0:FAIL-t120] and 1 exception(s); 090573f1-c213-462e-b422-6463ca97c373@group-848D76B22711:t120, leader=null, voted=090573f1-c213-462e-b422-6463ca97c373, raftlog=090573f1-c213-462e-b422-6463ca97c373@group-848D76B22711-SegmentedRaftLog:OPENED:c-1,f-1,i0, conf=-1: [93d557fa-335e-4e3d-b2bb-e33832802906:192.168.69.102:43737, 090573f1-c213-462e-b422-6463ca97c373:192.168.69.102:43336, db364705-f60f-4be7-83db-fd25b014fd0b:192.168.69.102:41270], old=null
2019-10-15 21:19:02,651 [090573f1-c213-462e-b422-6463ca97c373@group-848D76B22711-LeaderElection1096] INFO  impl.LeaderElection (LogUtils.java:infoOrTrace(149)) -   Exception 0: {}
java.util.concurrent.ExecutionException: org.apache.ratis.thirdparty.io.grpc.StatusRuntimeException: UNAVAILABLE: io exception
	at java.util.concurrent.FutureTask.report(FutureTask.java:122)
	at java.util.concurrent.FutureTask.get(FutureTask.java:192)
	at org.apache.ratis.server.impl.LeaderElection.waitForResults(LeaderElection.java:259)
	at org.apache.ratis.server.impl.LeaderElection.askForVotes(LeaderElection.java:197)
	at org.apache.ratis.server.impl.LeaderElection.run(LeaderElection.java:133)
	at java.lang.Thread.run(Thread.java:748)
Caused by: org.apache.ratis.thirdparty.io.grpc.StatusRuntimeException: UNAVAILABLE: io exception
	at org.apache.ratis.thirdparty.io.grpc.stub.ClientCalls.toStatusRuntimeException(ClientCalls.java:233)
	at org.apache.ratis.thirdparty.io.grpc.stub.ClientCalls.getUnchecked(ClientCalls.java:214)
	at org.apache.ratis.thirdparty.io.grpc.stub.ClientCalls.blockingUnaryCall(ClientCalls.java:139)
	at org.apache.ratis.proto.grpc.RaftServerProtocolServiceGrpc$RaftServerProtocolServiceBlockingStub.requestVote(RaftServerProtocolServiceGrpc.java:265)
	at org.apache.ratis.grpc.server.GrpcServerProtocolClient.requestVote(GrpcServerProtocolClient.java:99)
	at org.apache.ratis.grpc.server.GrpcService.requestVote(GrpcService.java:204)
	at org.apache.ratis.server.impl.LeaderElection.lambda$submitRequests$1(LeaderElection.java:234)
	at java.util.concurrent.FutureTask.run(FutureTask.java:266)
	at java.util.concurrent.Executors$RunnableAdapter.call(Executors.java:511)
	at java.util.concurrent.FutureTask.run(FutureTask.java:266)
	at java.util.concurrent.ThreadPoolExecutor.runWorker(ThreadPoolExecutor.java:1149)
	at java.util.concurrent.ThreadPoolExecutor$Worker.run(ThreadPoolExecutor.java:624)
	... 1 more
Caused by: org.apache.ratis.thirdparty.io.netty.channel.AbstractChannel$AnnotatedConnectException: Connection refused: /192.168.69.102:43737
	at sun.nio.ch.SocketChannelImpl.checkConnect(Native Method)
	at sun.nio.ch.SocketChannelImpl.finishConnect(SocketChannelImpl.java:717)
	at org.apache.ratis.thirdparty.io.netty.channel.socket.nio.NioSocketChannel.doFinishConnect(NioSocketChannel.java:327)
	at org.apache.ratis.thirdparty.io.netty.channel.nio.AbstractNioChannel$AbstractNioUnsafe.finishConnect(AbstractNioChannel.java:340)
	at org.apache.ratis.thirdparty.io.netty.channel.nio.NioEventLoop.processSelectedKey(NioEventLoop.java:632)
	at org.apache.ratis.thirdparty.io.netty.channel.nio.NioEventLoop.processSelectedKeysOptimized(NioEventLoop.java:579)
	at org.apache.ratis.thirdparty.io.netty.channel.nio.NioEventLoop.processSelectedKeys(NioEventLoop.java:496)
	at org.apache.ratis.thirdparty.io.netty.channel.nio.NioEventLoop.run(NioEventLoop.java:458)
	at org.apache.ratis.thirdparty.io.netty.util.concurrent.SingleThreadEventExecutor$5.run(SingleThreadEventExecutor.java:897)
	at org.apache.ratis.thirdparty.io.netty.util.concurrent.FastThreadLocalRunnable.run(FastThreadLocalRunnable.java:30)
	... 1 more
Caused by: java.net.ConnectException: Connection refused
	... 11 more
2019-10-15 21:19:02,651 [090573f1-c213-462e-b422-6463ca97c373@group-848D76B22711-LeaderElection1096] INFO  impl.RaftServerImpl (RaftServerImpl.java:setRole(184)) - 090573f1-c213-462e-b422-6463ca97c373@group-848D76B22711: changes role from CANDIDATE to FOLLOWER at term 120 for DISCOVERED_A_NEW_TERM
2019-10-15 21:19:02,651 [090573f1-c213-462e-b422-6463ca97c373@group-848D76B22711-LeaderElection1096] INFO  impl.RoleInfo (RoleInfo.java:shutdownLeaderElection(134)) - 090573f1-c213-462e-b422-6463ca97c373: shutdown LeaderElection
2019-10-15 21:19:02,651 [090573f1-c213-462e-b422-6463ca97c373@group-848D76B22711-LeaderElection1096] INFO  impl.RoleInfo (RoleInfo.java:updateAndGet(143)) - 090573f1-c213-462e-b422-6463ca97c373: start FollowerState
2019-10-15 21:19:02,761 [Thread-9353] INFO  impl.FollowerState (FollowerState.java:run(108)) - 090573f1-c213-462e-b422-6463ca97c373@group-848D76B22711-FollowerState: change to CANDIDATE, lastRpcTime:109ms, electionTimeout:109ms
2019-10-15 21:19:02,761 [Thread-9353] INFO  impl.RoleInfo (RoleInfo.java:shutdownFollowerState(121)) - 090573f1-c213-462e-b422-6463ca97c373: shutdown FollowerState
2019-10-15 21:19:02,761 [Thread-9353] INFO  impl.RaftServerImpl (RaftServerImpl.java:setRole(184)) - 090573f1-c213-462e-b422-6463ca97c373@group-848D76B22711: changes role from  FOLLOWER to CANDIDATE at term 120 for changeToCandidate
2019-10-15 21:19:02,761 [Thread-9353] INFO  impl.RoleInfo (RoleInfo.java:updateAndGet(143)) - 090573f1-c213-462e-b422-6463ca97c373: start LeaderElection
2019-10-15 21:19:02,786 [090573f1-c213-462e-b422-6463ca97c373@group-848D76B22711-LeaderElection1097] INFO  impl.LeaderElection (LeaderElection.java:askForVotes(178)) - 090573f1-c213-462e-b422-6463ca97c373@group-848D76B22711-LeaderElection1097: begin an election at term 121 for -1: [93d557fa-335e-4e3d-b2bb-e33832802906:192.168.69.102:43737, 090573f1-c213-462e-b422-6463ca97c373:192.168.69.102:43336, db364705-f60f-4be7-83db-fd25b014fd0b:192.168.69.102:41270], old=null
2019-10-15 21:19:02,787 [090573f1-c213-462e-b422-6463ca97c373@group-848D76B22711-LeaderElection1097] INFO  impl.LeaderElection (LogUtils.java:infoOrTrace(149)) - 090573f1-c213-462e-b422-6463ca97c373@group-848D76B22711-LeaderElection1097 got exception when requesting votes: {}
java.util.concurrent.ExecutionException: org.apache.ratis.thirdparty.io.grpc.StatusRuntimeException: UNAVAILABLE: io exception
	at java.util.concurrent.FutureTask.report(FutureTask.java:122)
	at java.util.concurrent.FutureTask.get(FutureTask.java:192)
	at org.apache.ratis.server.impl.LeaderElection.waitForResults(LeaderElection.java:259)
	at org.apache.ratis.server.impl.LeaderElection.askForVotes(LeaderElection.java:197)
	at org.apache.ratis.server.impl.LeaderElection.run(LeaderElection.java:133)
	at java.lang.Thread.run(Thread.java:748)
Caused by: org.apache.ratis.thirdparty.io.grpc.StatusRuntimeException: UNAVAILABLE: io exception
	at org.apache.ratis.thirdparty.io.grpc.stub.ClientCalls.toStatusRuntimeException(ClientCalls.java:233)
	at org.apache.ratis.thirdparty.io.grpc.stub.ClientCalls.getUnchecked(ClientCalls.java:214)
	at org.apache.ratis.thirdparty.io.grpc.stub.ClientCalls.blockingUnaryCall(ClientCalls.java:139)
	at org.apache.ratis.proto.grpc.RaftServerProtocolServiceGrpc$RaftServerProtocolServiceBlockingStub.requestVote(RaftServerProtocolServiceGrpc.java:265)
	at org.apache.ratis.grpc.server.GrpcServerProtocolClient.requestVote(GrpcServerProtocolClient.java:99)
	at org.apache.ratis.grpc.server.GrpcService.requestVote(GrpcService.java:204)
	at org.apache.ratis.server.impl.LeaderElection.lambda$submitRequests$1(LeaderElection.java:234)
	at java.util.concurrent.FutureTask.run(FutureTask.java:266)
	at java.util.concurrent.Executors$RunnableAdapter.call(Executors.java:511)
	at java.util.concurrent.FutureTask.run(FutureTask.java:266)
	at java.util.concurrent.ThreadPoolExecutor.runWorker(ThreadPoolExecutor.java:1149)
	at java.util.concurrent.ThreadPoolExecutor$Worker.run(ThreadPoolExecutor.java:624)
	... 1 more
Caused by: org.apache.ratis.thirdparty.io.netty.channel.AbstractChannel$AnnotatedConnectException: Connection refused: /192.168.69.102:43737
	at sun.nio.ch.SocketChannelImpl.checkConnect(Native Method)
	at sun.nio.ch.SocketChannelImpl.finishConnect(SocketChannelImpl.java:717)
	at org.apache.ratis.thirdparty.io.netty.channel.socket.nio.NioSocketChannel.doFinishConnect(NioSocketChannel.java:327)
	at org.apache.ratis.thirdparty.io.netty.channel.nio.AbstractNioChannel$AbstractNioUnsafe.finishConnect(AbstractNioChannel.java:340)
	at org.apache.ratis.thirdparty.io.netty.channel.nio.NioEventLoop.processSelectedKey(NioEventLoop.java:632)
	at org.apache.ratis.thirdparty.io.netty.channel.nio.NioEventLoop.processSelectedKeysOptimized(NioEventLoop.java:579)
	at org.apache.ratis.thirdparty.io.netty.channel.nio.NioEventLoop.processSelectedKeys(NioEventLoop.java:496)
	at org.apache.ratis.thirdparty.io.netty.channel.nio.NioEventLoop.run(NioEventLoop.java:458)
	at org.apache.ratis.thirdparty.io.netty.util.concurrent.SingleThreadEventExecutor$5.run(SingleThreadEventExecutor.java:897)
	at org.apache.ratis.thirdparty.io.netty.util.concurrent.FastThreadLocalRunnable.run(FastThreadLocalRunnable.java:30)
	... 1 more
Caused by: java.net.ConnectException: Connection refused
	... 11 more
2019-10-15 21:19:02,788 [grpc-default-executor-12] INFO  impl.RaftServerImpl (RaftServerImpl.java:setRole(184)) - db364705-f60f-4be7-83db-fd25b014fd0b@group-848D76B22711: changes role from  FOLLOWER to FOLLOWER at term 121 for recognizeCandidate:090573f1-c213-462e-b422-6463ca97c373
2019-10-15 21:19:02,788 [grpc-default-executor-12] INFO  impl.RoleInfo (RoleInfo.java:shutdownFollowerState(121)) - db364705-f60f-4be7-83db-fd25b014fd0b: shutdown FollowerState
2019-10-15 21:19:02,788 [grpc-default-executor-12] INFO  impl.RoleInfo (RoleInfo.java:updateAndGet(143)) - db364705-f60f-4be7-83db-fd25b014fd0b: start FollowerState
2019-10-15 21:19:02,788 [Thread-9352] INFO  impl.FollowerState (FollowerState.java:run(117)) - db364705-f60f-4be7-83db-fd25b014fd0b@group-848D76B22711-FollowerState was interrupted: java.lang.InterruptedException: sleep interrupted
2019-10-15 21:19:02,794 [090573f1-c213-462e-b422-6463ca97c373@group-848D76B22711-LeaderElection1097] INFO  impl.LeaderElection (LeaderElection.java:logAndReturn(56)) - 090573f1-c213-462e-b422-6463ca97c373@group-848D76B22711-LeaderElection1097: Election REJECTED; received 1 response(s) [090573f1-c213-462e-b422-6463ca97c373<-db364705-f60f-4be7-83db-fd25b014fd0b#0:FAIL-t121] and 1 exception(s); 090573f1-c213-462e-b422-6463ca97c373@group-848D76B22711:t121, leader=null, voted=090573f1-c213-462e-b422-6463ca97c373, raftlog=090573f1-c213-462e-b422-6463ca97c373@group-848D76B22711-SegmentedRaftLog:OPENED:c-1,f-1,i0, conf=-1: [93d557fa-335e-4e3d-b2bb-e33832802906:192.168.69.102:43737, 090573f1-c213-462e-b422-6463ca97c373:192.168.69.102:43336, db364705-f60f-4be7-83db-fd25b014fd0b:192.168.69.102:41270], old=null
2019-10-15 21:19:02,794 [090573f1-c213-462e-b422-6463ca97c373@group-848D76B22711-LeaderElection1097] INFO  impl.LeaderElection (LogUtils.java:infoOrTrace(149)) -   Exception 0: {}
java.util.concurrent.ExecutionException: org.apache.ratis.thirdparty.io.grpc.StatusRuntimeException: UNAVAILABLE: io exception
	at java.util.concurrent.FutureTask.report(FutureTask.java:122)
	at java.util.concurrent.FutureTask.get(FutureTask.java:192)
	at org.apache.ratis.server.impl.LeaderElection.waitForResults(LeaderElection.java:259)
	at org.apache.ratis.server.impl.LeaderElection.askForVotes(LeaderElection.java:197)
	at org.apache.ratis.server.impl.LeaderElection.run(LeaderElection.java:133)
	at java.lang.Thread.run(Thread.java:748)
Caused by: org.apache.ratis.thirdparty.io.grpc.StatusRuntimeException: UNAVAILABLE: io exception
	at org.apache.ratis.thirdparty.io.grpc.stub.ClientCalls.toStatusRuntimeException(ClientCalls.java:233)
	at org.apache.ratis.thirdparty.io.grpc.stub.ClientCalls.getUnchecked(ClientCalls.java:214)
	at org.apache.ratis.thirdparty.io.grpc.stub.ClientCalls.blockingUnaryCall(ClientCalls.java:139)
	at org.apache.ratis.proto.grpc.RaftServerProtocolServiceGrpc$RaftServerProtocolServiceBlockingStub.requestVote(RaftServerProtocolServiceGrpc.java:265)
	at org.apache.ratis.grpc.server.GrpcServerProtocolClient.requestVote(GrpcServerProtocolClient.java:99)
	at org.apache.ratis.grpc.server.GrpcService.requestVote(GrpcService.java:204)
	at org.apache.ratis.server.impl.LeaderElection.lambda$submitRequests$1(LeaderElection.java:234)
	at java.util.concurrent.FutureTask.run(FutureTask.java:266)
	at java.util.concurrent.Executors$RunnableAdapter.call(Executors.java:511)
	at java.util.concurrent.FutureTask.run(FutureTask.java:266)
	at java.util.concurrent.ThreadPoolExecutor.runWorker(ThreadPoolExecutor.java:1149)
	at java.util.concurrent.ThreadPoolExecutor$Worker.run(ThreadPoolExecutor.java:624)
	... 1 more
Caused by: org.apache.ratis.thirdparty.io.netty.channel.AbstractChannel$AnnotatedConnectException: Connection refused: /192.168.69.102:43737
	at sun.nio.ch.SocketChannelImpl.checkConnect(Native Method)
	at sun.nio.ch.SocketChannelImpl.finishConnect(SocketChannelImpl.java:717)
	at org.apache.ratis.thirdparty.io.netty.channel.socket.nio.NioSocketChannel.doFinishConnect(NioSocketChannel.java:327)
	at org.apache.ratis.thirdparty.io.netty.channel.nio.AbstractNioChannel$AbstractNioUnsafe.finishConnect(AbstractNioChannel.java:340)
	at org.apache.ratis.thirdparty.io.netty.channel.nio.NioEventLoop.processSelectedKey(NioEventLoop.java:632)
	at org.apache.ratis.thirdparty.io.netty.channel.nio.NioEventLoop.processSelectedKeysOptimized(NioEventLoop.java:579)
	at org.apache.ratis.thirdparty.io.netty.channel.nio.NioEventLoop.processSelectedKeys(NioEventLoop.java:496)
	at org.apache.ratis.thirdparty.io.netty.channel.nio.NioEventLoop.run(NioEventLoop.java:458)
	at org.apache.ratis.thirdparty.io.netty.util.concurrent.SingleThreadEventExecutor$5.run(SingleThreadEventExecutor.java:897)
	at org.apache.ratis.thirdparty.io.netty.util.concurrent.FastThreadLocalRunnable.run(FastThreadLocalRunnable.java:30)
	... 1 more
Caused by: java.net.ConnectException: Connection refused
	... 11 more
2019-10-15 21:19:02,794 [090573f1-c213-462e-b422-6463ca97c373@group-848D76B22711-LeaderElection1097] INFO  impl.RaftServerImpl (RaftServerImpl.java:setRole(184)) - 090573f1-c213-462e-b422-6463ca97c373@group-848D76B22711: changes role from CANDIDATE to FOLLOWER at term 121 for DISCOVERED_A_NEW_TERM
2019-10-15 21:19:02,794 [090573f1-c213-462e-b422-6463ca97c373@group-848D76B22711-LeaderElection1097] INFO  impl.RoleInfo (RoleInfo.java:shutdownLeaderElection(134)) - 090573f1-c213-462e-b422-6463ca97c373: shutdown LeaderElection
2019-10-15 21:19:02,794 [090573f1-c213-462e-b422-6463ca97c373@group-848D76B22711-LeaderElection1097] INFO  impl.RoleInfo (RoleInfo.java:updateAndGet(143)) - 090573f1-c213-462e-b422-6463ca97c373: start FollowerState
2019-10-15 21:19:02,881 [main] INFO  ozone.MiniOzoneClusterImpl (MiniOzoneClusterImpl.java:shutdown(314)) - Shutting down the Mini Ozone Cluster
2019-10-15 21:19:02,881 [main] INFO  ozone.MiniOzoneClusterImpl (MiniOzoneClusterImpl.java:stop(330)) - Stopping the Mini Ozone Cluster
2019-10-15 21:19:02,882 [main] INFO  ozone.MiniOzoneClusterImpl (MiniOzoneClusterImpl.java:stopOM(400)) - Stopping the OzoneManager
2019-10-15 21:19:02,882 [main] INFO  ipc.Server (Server.java:stop(3082)) - Stopping server on 46069
2019-10-15 21:19:02,898 [IPC Server listener on 46069] INFO  ipc.Server (Server.java:run(1185)) - Stopping IPC Server listener on 46069
2019-10-15 21:19:02,899 [IPC Server Responder] INFO  ipc.Server (Server.java:run(1319)) - Stopping IPC Server Responder
2019-10-15 21:19:02,899 [main] INFO  ratis.OzoneManagerDoubleBuffer (OzoneManagerDoubleBuffer.java:stop(250)) - Stopping OMDoubleBuffer flush thread
2019-10-15 21:19:02,917 [OMDoubleBufferFlushThread] INFO  ratis.OzoneManagerDoubleBuffer (OzoneManagerDoubleBuffer.java:flushTransactions(193)) - OMDoubleBuffer flush thread OMDoubleBufferFlushThread is interrupted and will exit. OMDoubleBufferFlushThread
2019-10-15 21:19:02,918 [main] INFO  utils.BackgroundService (BackgroundService.java:shutdown(151)) - Shutting down service KeyDeletingService
2019-10-15 21:19:02,927 [main] INFO  handler.ContextHandler (ContextHandler.java:doStop(910)) - Stopped o.e.j.w.WebAppContext@4b93dd6a{/,null,UNAVAILABLE}{/ozoneManager}
2019-10-15 21:19:02,928 [main] INFO  server.AbstractConnector (AbstractConnector.java:doStop(318)) - Stopped ServerConnector@582a3b19{HTTP/1.1,[http/1.1]}{0.0.0.0:0}
2019-10-15 21:19:02,928 [main] INFO  handler.ContextHandler (ContextHandler.java:doStop(910)) - Stopped o.e.j.s.ServletContextHandler@150fc7a7{/static,file:///workdir/hadoop-ozone/integration-test/target/test-classes/webapps/static,UNAVAILABLE}
2019-10-15 21:19:02,929 [main] INFO  handler.ContextHandler (ContextHandler.java:doStop(910)) - Stopped o.e.j.s.ServletContextHandler@700b9e6b{/logs,file:///workdir/hadoop-ozone/integration-test/target/log,UNAVAILABLE}
2019-10-15 21:19:02,936 [main] INFO  ozone.MiniOzoneClusterImpl (MiniOzoneClusterImpl.java:stopDatanodes(377)) - Stopping the HddsDatanodes
2019-10-15 21:19:02,971 [Thread-9360] INFO  impl.FollowerState (FollowerState.java:run(108)) - 090573f1-c213-462e-b422-6463ca97c373@group-848D76B22711-FollowerState: change to CANDIDATE, lastRpcTime:176ms, electionTimeout:176ms
2019-10-15 21:19:02,971 [Thread-9360] INFO  impl.RoleInfo (RoleInfo.java:shutdownFollowerState(121)) - 090573f1-c213-462e-b422-6463ca97c373: shutdown FollowerState
2019-10-15 21:19:02,971 [Thread-9360] INFO  impl.RaftServerImpl (RaftServerImpl.java:setRole(184)) - 090573f1-c213-462e-b422-6463ca97c373@group-848D76B22711: changes role from  FOLLOWER to CANDIDATE at term 121 for changeToCandidate
2019-10-15 21:19:02,971 [Thread-9360] INFO  impl.RoleInfo (RoleInfo.java:updateAndGet(143)) - 090573f1-c213-462e-b422-6463ca97c373: start LeaderElection
2019-10-15 21:19:03,006 [090573f1-c213-462e-b422-6463ca97c373@group-848D76B22711-LeaderElection1098] INFO  impl.LeaderElection (LeaderElection.java:askForVotes(178)) - 090573f1-c213-462e-b422-6463ca97c373@group-848D76B22711-LeaderElection1098: begin an election at term 122 for -1: [93d557fa-335e-4e3d-b2bb-e33832802906:192.168.69.102:43737, 090573f1-c213-462e-b422-6463ca97c373:192.168.69.102:43336, db364705-f60f-4be7-83db-fd25b014fd0b:192.168.69.102:41270], old=null
2019-10-15 21:19:03,007 [090573f1-c213-462e-b422-6463ca97c373@group-848D76B22711-LeaderElection1098] INFO  impl.LeaderElection (LogUtils.java:infoOrTrace(149)) - 090573f1-c213-462e-b422-6463ca97c373@group-848D76B22711-LeaderElection1098 got exception when requesting votes: {}
java.util.concurrent.ExecutionException: org.apache.ratis.thirdparty.io.grpc.StatusRuntimeException: UNAVAILABLE: io exception
	at java.util.concurrent.FutureTask.report(FutureTask.java:122)
	at java.util.concurrent.FutureTask.get(FutureTask.java:192)
	at org.apache.ratis.server.impl.LeaderElection.waitForResults(LeaderElection.java:259)
	at org.apache.ratis.server.impl.LeaderElection.askForVotes(LeaderElection.java:197)
	at org.apache.ratis.server.impl.LeaderElection.run(LeaderElection.java:133)
	at java.lang.Thread.run(Thread.java:748)
Caused by: org.apache.ratis.thirdparty.io.grpc.StatusRuntimeException: UNAVAILABLE: io exception
	at org.apache.ratis.thirdparty.io.grpc.stub.ClientCalls.toStatusRuntimeException(ClientCalls.java:233)
	at org.apache.ratis.thirdparty.io.grpc.stub.ClientCalls.getUnchecked(ClientCalls.java:214)
	at org.apache.ratis.thirdparty.io.grpc.stub.ClientCalls.blockingUnaryCall(ClientCalls.java:139)
	at org.apache.ratis.proto.grpc.RaftServerProtocolServiceGrpc$RaftServerProtocolServiceBlockingStub.requestVote(RaftServerProtocolServiceGrpc.java:265)
	at org.apache.ratis.grpc.server.GrpcServerProtocolClient.requestVote(GrpcServerProtocolClient.java:99)
	at org.apache.ratis.grpc.server.GrpcService.requestVote(GrpcService.java:204)
	at org.apache.ratis.server.impl.LeaderElection.lambda$submitRequests$1(LeaderElection.java:234)
	at java.util.concurrent.FutureTask.run(FutureTask.java:266)
	at java.util.concurrent.Executors$RunnableAdapter.call(Executors.java:511)
	at java.util.concurrent.FutureTask.run(FutureTask.java:266)
	at java.util.concurrent.ThreadPoolExecutor.runWorker(ThreadPoolExecutor.java:1149)
	at java.util.concurrent.ThreadPoolExecutor$Worker.run(ThreadPoolExecutor.java:624)
	... 1 more
Caused by: org.apache.ratis.thirdparty.io.netty.channel.AbstractChannel$AnnotatedConnectException: Connection refused: /192.168.69.102:43737
	at sun.nio.ch.SocketChannelImpl.checkConnect(Native Method)
	at sun.nio.ch.SocketChannelImpl.finishConnect(SocketChannelImpl.java:717)
	at org.apache.ratis.thirdparty.io.netty.channel.socket.nio.NioSocketChannel.doFinishConnect(NioSocketChannel.java:327)
	at org.apache.ratis.thirdparty.io.netty.channel.nio.AbstractNioChannel$AbstractNioUnsafe.finishConnect(AbstractNioChannel.java:340)
	at org.apache.ratis.thirdparty.io.netty.channel.nio.NioEventLoop.processSelectedKey(NioEventLoop.java:632)
	at org.apache.ratis.thirdparty.io.netty.channel.nio.NioEventLoop.processSelectedKeysOptimized(NioEventLoop.java:579)
	at org.apache.ratis.thirdparty.io.netty.channel.nio.NioEventLoop.processSelectedKeys(NioEventLoop.java:496)
	at org.apache.ratis.thirdparty.io.netty.channel.nio.NioEventLoop.run(NioEventLoop.java:458)
	at org.apache.ratis.thirdparty.io.netty.util.concurrent.SingleThreadEventExecutor$5.run(SingleThreadEventExecutor.java:897)
	at org.apache.ratis.thirdparty.io.netty.util.concurrent.FastThreadLocalRunnable.run(FastThreadLocalRunnable.java:30)
	... 1 more
Caused by: java.net.ConnectException: Connection refused
	... 11 more
2019-10-15 21:19:03,007 [grpc-default-executor-12] INFO  impl.RaftServerImpl (RaftServerImpl.java:setRole(184)) - db364705-f60f-4be7-83db-fd25b014fd0b@group-848D76B22711: changes role from  FOLLOWER to FOLLOWER at term 122 for recognizeCandidate:090573f1-c213-462e-b422-6463ca97c373
2019-10-15 21:19:03,007 [grpc-default-executor-12] INFO  impl.RoleInfo (RoleInfo.java:shutdownFollowerState(121)) - db364705-f60f-4be7-83db-fd25b014fd0b: shutdown FollowerState
2019-10-15 21:19:03,008 [grpc-default-executor-12] INFO  impl.RoleInfo (RoleInfo.java:updateAndGet(143)) - db364705-f60f-4be7-83db-fd25b014fd0b: start FollowerState
2019-10-15 21:19:03,008 [Thread-9359] INFO  impl.FollowerState (FollowerState.java:run(117)) - db364705-f60f-4be7-83db-fd25b014fd0b@group-848D76B22711-FollowerState was interrupted: java.lang.InterruptedException: sleep interrupted
2019-10-15 21:19:03,031 [090573f1-c213-462e-b422-6463ca97c373@group-848D76B22711-LeaderElection1098] INFO  impl.LeaderElection (LeaderElection.java:logAndReturn(56)) - 090573f1-c213-462e-b422-6463ca97c373@group-848D76B22711-LeaderElection1098: Election REJECTED; received 1 response(s) [090573f1-c213-462e-b422-6463ca97c373<-db364705-f60f-4be7-83db-fd25b014fd0b#0:FAIL-t122] and 1 exception(s); 090573f1-c213-462e-b422-6463ca97c373@group-848D76B22711:t122, leader=null, voted=090573f1-c213-462e-b422-6463ca97c373, raftlog=090573f1-c213-462e-b422-6463ca97c373@group-848D76B22711-SegmentedRaftLog:OPENED:c-1,f-1,i0, conf=-1: [93d557fa-335e-4e3d-b2bb-e33832802906:192.168.69.102:43737, 090573f1-c213-462e-b422-6463ca97c373:192.168.69.102:43336, db364705-f60f-4be7-83db-fd25b014fd0b:192.168.69.102:41270], old=null
2019-10-15 21:19:03,031 [090573f1-c213-462e-b422-6463ca97c373@group-848D76B22711-LeaderElection1098] INFO  impl.LeaderElection (LogUtils.java:infoOrTrace(149)) -   Exception 0: {}
java.util.concurrent.ExecutionException: org.apache.ratis.thirdparty.io.grpc.StatusRuntimeException: UNAVAILABLE: io exception
	at java.util.concurrent.FutureTask.report(FutureTask.java:122)
	at java.util.concurrent.FutureTask.get(FutureTask.java:192)
	at org.apache.ratis.server.impl.LeaderElection.waitForResults(LeaderElection.java:259)
	at org.apache.ratis.server.impl.LeaderElection.askForVotes(LeaderElection.java:197)
	at org.apache.ratis.server.impl.LeaderElection.run(LeaderElection.java:133)
	at java.lang.Thread.run(Thread.java:748)
Caused by: org.apache.ratis.thirdparty.io.grpc.StatusRuntimeException: UNAVAILABLE: io exception
	at org.apache.ratis.thirdparty.io.grpc.stub.ClientCalls.toStatusRuntimeException(ClientCalls.java:233)
	at org.apache.ratis.thirdparty.io.grpc.stub.ClientCalls.getUnchecked(ClientCalls.java:214)
	at org.apache.ratis.thirdparty.io.grpc.stub.ClientCalls.blockingUnaryCall(ClientCalls.java:139)
	at org.apache.ratis.proto.grpc.RaftServerProtocolServiceGrpc$RaftServerProtocolServiceBlockingStub.requestVote(RaftServerProtocolServiceGrpc.java:265)
	at org.apache.ratis.grpc.server.GrpcServerProtocolClient.requestVote(GrpcServerProtocolClient.java:99)
	at org.apache.ratis.grpc.server.GrpcService.requestVote(GrpcService.java:204)
	at org.apache.ratis.server.impl.LeaderElection.lambda$submitRequests$1(LeaderElection.java:234)
	at java.util.concurrent.FutureTask.run(FutureTask.java:266)
	at java.util.concurrent.Executors$RunnableAdapter.call(Executors.java:511)
	at java.util.concurrent.FutureTask.run(FutureTask.java:266)
	at java.util.concurrent.ThreadPoolExecutor.runWorker(ThreadPoolExecutor.java:1149)
	at java.util.concurrent.ThreadPoolExecutor$Worker.run(ThreadPoolExecutor.java:624)
	... 1 more
Caused by: org.apache.ratis.thirdparty.io.netty.channel.AbstractChannel$AnnotatedConnectException: Connection refused: /192.168.69.102:43737
	at sun.nio.ch.SocketChannelImpl.checkConnect(Native Method)
	at sun.nio.ch.SocketChannelImpl.finishConnect(SocketChannelImpl.java:717)
	at org.apache.ratis.thirdparty.io.netty.channel.socket.nio.NioSocketChannel.doFinishConnect(NioSocketChannel.java:327)
	at org.apache.ratis.thirdparty.io.netty.channel.nio.AbstractNioChannel$AbstractNioUnsafe.finishConnect(AbstractNioChannel.java:340)
	at org.apache.ratis.thirdparty.io.netty.channel.nio.NioEventLoop.processSelectedKey(NioEventLoop.java:632)
	at org.apache.ratis.thirdparty.io.netty.channel.nio.NioEventLoop.processSelectedKeysOptimized(NioEventLoop.java:579)
	at org.apache.ratis.thirdparty.io.netty.channel.nio.NioEventLoop.processSelectedKeys(NioEventLoop.java:496)
	at org.apache.ratis.thirdparty.io.netty.channel.nio.NioEventLoop.run(NioEventLoop.java:458)
	at org.apache.ratis.thirdparty.io.netty.util.concurrent.SingleThreadEventExecutor$5.run(SingleThreadEventExecutor.java:897)
	at org.apache.ratis.thirdparty.io.netty.util.concurrent.FastThreadLocalRunnable.run(FastThreadLocalRunnable.java:30)
	... 1 more
Caused by: java.net.ConnectException: Connection refused
	... 11 more
2019-10-15 21:19:03,032 [090573f1-c213-462e-b422-6463ca97c373@group-848D76B22711-LeaderElection1098] INFO  impl.RaftServerImpl (RaftServerImpl.java:setRole(184)) - 090573f1-c213-462e-b422-6463ca97c373@group-848D76B22711: changes role from CANDIDATE to FOLLOWER at term 122 for DISCOVERED_A_NEW_TERM
2019-10-15 21:19:03,032 [090573f1-c213-462e-b422-6463ca97c373@group-848D76B22711-LeaderElection1098] INFO  impl.RoleInfo (RoleInfo.java:shutdownLeaderElection(134)) - 090573f1-c213-462e-b422-6463ca97c373: shutdown LeaderElection
2019-10-15 21:19:03,032 [090573f1-c213-462e-b422-6463ca97c373@group-848D76B22711-LeaderElection1098] INFO  impl.RoleInfo (RoleInfo.java:updateAndGet(143)) - 090573f1-c213-462e-b422-6463ca97c373: start FollowerState
2019-10-15 21:19:03,099 [Thread-9369] INFO  impl.FollowerState (FollowerState.java:run(108)) - 090573f1-c213-462e-b422-6463ca97c373@group-848D76B22711-FollowerState: change to CANDIDATE, lastRpcTime:67ms, electionTimeout:67ms
2019-10-15 21:19:03,099 [Thread-9369] INFO  impl.RoleInfo (RoleInfo.java:shutdownFollowerState(121)) - 090573f1-c213-462e-b422-6463ca97c373: shutdown FollowerState
2019-10-15 21:19:03,099 [Thread-9369] INFO  impl.RaftServerImpl (RaftServerImpl.java:setRole(184)) - 090573f1-c213-462e-b422-6463ca97c373@group-848D76B22711: changes role from  FOLLOWER to CANDIDATE at term 122 for changeToCandidate
2019-10-15 21:19:03,099 [Thread-9369] INFO  impl.RoleInfo (RoleInfo.java:updateAndGet(143)) - 090573f1-c213-462e-b422-6463ca97c373: start LeaderElection
2019-10-15 21:19:03,128 [090573f1-c213-462e-b422-6463ca97c373@group-848D76B22711-LeaderElection1099] INFO  impl.LeaderElection (LeaderElection.java:askForVotes(178)) - 090573f1-c213-462e-b422-6463ca97c373@group-848D76B22711-LeaderElection1099: begin an election at term 123 for -1: [93d557fa-335e-4e3d-b2bb-e33832802906:192.168.69.102:43737, 090573f1-c213-462e-b422-6463ca97c373:192.168.69.102:43336, db364705-f60f-4be7-83db-fd25b014fd0b:192.168.69.102:41270], old=null
2019-10-15 21:19:03,129 [090573f1-c213-462e-b422-6463ca97c373@group-848D76B22711-LeaderElection1099] INFO  impl.LeaderElection (LogUtils.java:infoOrTrace(149)) - 090573f1-c213-462e-b422-6463ca97c373@group-848D76B22711-LeaderElection1099 got exception when requesting votes: {}
java.util.concurrent.ExecutionException: org.apache.ratis.thirdparty.io.grpc.StatusRuntimeException: UNAVAILABLE: io exception
	at java.util.concurrent.FutureTask.report(FutureTask.java:122)
	at java.util.concurrent.FutureTask.get(FutureTask.java:192)
	at org.apache.ratis.server.impl.LeaderElection.waitForResults(LeaderElection.java:259)
	at org.apache.ratis.server.impl.LeaderElection.askForVotes(LeaderElection.java:197)
	at org.apache.ratis.server.impl.LeaderElection.run(LeaderElection.java:133)
	at java.lang.Thread.run(Thread.java:748)
Caused by: org.apache.ratis.thirdparty.io.grpc.StatusRuntimeException: UNAVAILABLE: io exception
	at org.apache.ratis.thirdparty.io.grpc.stub.ClientCalls.toStatusRuntimeException(ClientCalls.java:233)
	at org.apache.ratis.thirdparty.io.grpc.stub.ClientCalls.getUnchecked(ClientCalls.java:214)
	at org.apache.ratis.thirdparty.io.grpc.stub.ClientCalls.blockingUnaryCall(ClientCalls.java:139)
	at org.apache.ratis.proto.grpc.RaftServerProtocolServiceGrpc$RaftServerProtocolServiceBlockingStub.requestVote(RaftServerProtocolServiceGrpc.java:265)
	at org.apache.ratis.grpc.server.GrpcServerProtocolClient.requestVote(GrpcServerProtocolClient.java:99)
	at org.apache.ratis.grpc.server.GrpcService.requestVote(GrpcService.java:204)
	at org.apache.ratis.server.impl.LeaderElection.lambda$submitRequests$1(LeaderElection.java:234)
	at java.util.concurrent.FutureTask.run(FutureTask.java:266)
	at java.util.concurrent.Executors$RunnableAdapter.call(Executors.java:511)
	at java.util.concurrent.FutureTask.run(FutureTask.java:266)
	at java.util.concurrent.ThreadPoolExecutor.runWorker(ThreadPoolExecutor.java:1149)
	at java.util.concurrent.ThreadPoolExecutor$Worker.run(ThreadPoolExecutor.java:624)
	... 1 more
Caused by: org.apache.ratis.thirdparty.io.netty.channel.AbstractChannel$AnnotatedConnectException: Connection refused: /192.168.69.102:43737
	at sun.nio.ch.SocketChannelImpl.checkConnect(Native Method)
	at sun.nio.ch.SocketChannelImpl.finishConnect(SocketChannelImpl.java:717)
	at org.apache.ratis.thirdparty.io.netty.channel.socket.nio.NioSocketChannel.doFinishConnect(NioSocketChannel.java:327)
	at org.apache.ratis.thirdparty.io.netty.channel.nio.AbstractNioChannel$AbstractNioUnsafe.finishConnect(AbstractNioChannel.java:340)
	at org.apache.ratis.thirdparty.io.netty.channel.nio.NioEventLoop.processSelectedKey(NioEventLoop.java:632)
	at org.apache.ratis.thirdparty.io.netty.channel.nio.NioEventLoop.processSelectedKeysOptimized(NioEventLoop.java:579)
	at org.apache.ratis.thirdparty.io.netty.channel.nio.NioEventLoop.processSelectedKeys(NioEventLoop.java:496)
	at org.apache.ratis.thirdparty.io.netty.channel.nio.NioEventLoop.run(NioEventLoop.java:458)
	at org.apache.ratis.thirdparty.io.netty.util.concurrent.SingleThreadEventExecutor$5.run(SingleThreadEventExecutor.java:897)
	at org.apache.ratis.thirdparty.io.netty.util.concurrent.FastThreadLocalRunnable.run(FastThreadLocalRunnable.java:30)
	... 1 more
Caused by: java.net.ConnectException: Connection refused
	... 11 more
2019-10-15 21:19:03,129 [grpc-default-executor-12] INFO  impl.RaftServerImpl (RaftServerImpl.java:setRole(184)) - db364705-f60f-4be7-83db-fd25b014fd0b@group-848D76B22711: changes role from  FOLLOWER to FOLLOWER at term 123 for recognizeCandidate:090573f1-c213-462e-b422-6463ca97c373
2019-10-15 21:19:03,130 [grpc-default-executor-12] INFO  impl.RoleInfo (RoleInfo.java:shutdownFollowerState(121)) - db364705-f60f-4be7-83db-fd25b014fd0b: shutdown FollowerState
2019-10-15 21:19:03,130 [grpc-default-executor-12] INFO  impl.RoleInfo (RoleInfo.java:updateAndGet(143)) - db364705-f60f-4be7-83db-fd25b014fd0b: start FollowerState
2019-10-15 21:19:03,130 [Thread-9368] INFO  impl.FollowerState (FollowerState.java:run(117)) - db364705-f60f-4be7-83db-fd25b014fd0b@group-848D76B22711-FollowerState was interrupted: java.lang.InterruptedException: sleep interrupted
2019-10-15 21:19:03,149 [090573f1-c213-462e-b422-6463ca97c373@group-848D76B22711-LeaderElection1099] INFO  impl.LeaderElection (LeaderElection.java:logAndReturn(56)) - 090573f1-c213-462e-b422-6463ca97c373@group-848D76B22711-LeaderElection1099: Election REJECTED; received 1 response(s) [090573f1-c213-462e-b422-6463ca97c373<-db364705-f60f-4be7-83db-fd25b014fd0b#0:FAIL-t123] and 1 exception(s); 090573f1-c213-462e-b422-6463ca97c373@group-848D76B22711:t123, leader=null, voted=090573f1-c213-462e-b422-6463ca97c373, raftlog=090573f1-c213-462e-b422-6463ca97c373@group-848D76B22711-SegmentedRaftLog:OPENED:c-1,f-1,i0, conf=-1: [93d557fa-335e-4e3d-b2bb-e33832802906:192.168.69.102:43737, 090573f1-c213-462e-b422-6463ca97c373:192.168.69.102:43336, db364705-f60f-4be7-83db-fd25b014fd0b:192.168.69.102:41270], old=null
2019-10-15 21:19:03,149 [090573f1-c213-462e-b422-6463ca97c373@group-848D76B22711-LeaderElection1099] INFO  impl.LeaderElection (LogUtils.java:infoOrTrace(149)) -   Exception 0: {}
java.util.concurrent.ExecutionException: org.apache.ratis.thirdparty.io.grpc.StatusRuntimeException: UNAVAILABLE: io exception
	at java.util.concurrent.FutureTask.report(FutureTask.java:122)
	at java.util.concurrent.FutureTask.get(FutureTask.java:192)
	at org.apache.ratis.server.impl.LeaderElection.waitForResults(LeaderElection.java:259)
	at org.apache.ratis.server.impl.LeaderElection.askForVotes(LeaderElection.java:197)
	at org.apache.ratis.server.impl.LeaderElection.run(LeaderElection.java:133)
	at java.lang.Thread.run(Thread.java:748)
Caused by: org.apache.ratis.thirdparty.io.grpc.StatusRuntimeException: UNAVAILABLE: io exception
	at org.apache.ratis.thirdparty.io.grpc.stub.ClientCalls.toStatusRuntimeException(ClientCalls.java:233)
	at org.apache.ratis.thirdparty.io.grpc.stub.ClientCalls.getUnchecked(ClientCalls.java:214)
	at org.apache.ratis.thirdparty.io.grpc.stub.ClientCalls.blockingUnaryCall(ClientCalls.java:139)
	at org.apache.ratis.proto.grpc.RaftServerProtocolServiceGrpc$RaftServerProtocolServiceBlockingStub.requestVote(RaftServerProtocolServiceGrpc.java:265)
	at org.apache.ratis.grpc.server.GrpcServerProtocolClient.requestVote(GrpcServerProtocolClient.java:99)
	at org.apache.ratis.grpc.server.GrpcService.requestVote(GrpcService.java:204)
	at org.apache.ratis.server.impl.LeaderElection.lambda$submitRequests$1(LeaderElection.java:234)
	at java.util.concurrent.FutureTask.run(FutureTask.java:266)
	at java.util.concurrent.Executors$RunnableAdapter.call(Executors.java:511)
	at java.util.concurrent.FutureTask.run(FutureTask.java:266)
	at java.util.concurrent.ThreadPoolExecutor.runWorker(ThreadPoolExecutor.java:1149)
	at java.util.concurrent.ThreadPoolExecutor$Worker.run(ThreadPoolExecutor.java:624)
	... 1 more
Caused by: org.apache.ratis.thirdparty.io.netty.channel.AbstractChannel$AnnotatedConnectException: Connection refused: /192.168.69.102:43737
	at sun.nio.ch.SocketChannelImpl.checkConnect(Native Method)
	at sun.nio.ch.SocketChannelImpl.finishConnect(SocketChannelImpl.java:717)
	at org.apache.ratis.thirdparty.io.netty.channel.socket.nio.NioSocketChannel.doFinishConnect(NioSocketChannel.java:327)
	at org.apache.ratis.thirdparty.io.netty.channel.nio.AbstractNioChannel$AbstractNioUnsafe.finishConnect(AbstractNioChannel.java:340)
	at org.apache.ratis.thirdparty.io.netty.channel.nio.NioEventLoop.processSelectedKey(NioEventLoop.java:632)
	at org.apache.ratis.thirdparty.io.netty.channel.nio.NioEventLoop.processSelectedKeysOptimized(NioEventLoop.java:579)
	at org.apache.ratis.thirdparty.io.netty.channel.nio.NioEventLoop.processSelectedKeys(NioEventLoop.java:496)
	at org.apache.ratis.thirdparty.io.netty.channel.nio.NioEventLoop.run(NioEventLoop.java:458)
	at org.apache.ratis.thirdparty.io.netty.util.concurrent.SingleThreadEventExecutor$5.run(SingleThreadEventExecutor.java:897)
	at org.apache.ratis.thirdparty.io.netty.util.concurrent.FastThreadLocalRunnable.run(FastThreadLocalRunnable.java:30)
	... 1 more
Caused by: java.net.ConnectException: Connection refused
	... 11 more
2019-10-15 21:19:03,149 [090573f1-c213-462e-b422-6463ca97c373@group-848D76B22711-LeaderElection1099] INFO  impl.RaftServerImpl (RaftServerImpl.java:setRole(184)) - 090573f1-c213-462e-b422-6463ca97c373@group-848D76B22711: changes role from CANDIDATE to FOLLOWER at term 123 for DISCOVERED_A_NEW_TERM
2019-10-15 21:19:03,149 [090573f1-c213-462e-b422-6463ca97c373@group-848D76B22711-LeaderElection1099] INFO  impl.RoleInfo (RoleInfo.java:shutdownLeaderElection(134)) - 090573f1-c213-462e-b422-6463ca97c373: shutdown LeaderElection
2019-10-15 21:19:03,150 [090573f1-c213-462e-b422-6463ca97c373@group-848D76B22711-LeaderElection1099] INFO  impl.RoleInfo (RoleInfo.java:updateAndGet(143)) - 090573f1-c213-462e-b422-6463ca97c373: start FollowerState
2019-10-15 21:19:03,287 [Thread-9374] INFO  impl.FollowerState (FollowerState.java:run(108)) - 090573f1-c213-462e-b422-6463ca97c373@group-848D76B22711-FollowerState: change to CANDIDATE, lastRpcTime:137ms, electionTimeout:137ms
2019-10-15 21:19:03,287 [Thread-9374] INFO  impl.RoleInfo (RoleInfo.java:shutdownFollowerState(121)) - 090573f1-c213-462e-b422-6463ca97c373: shutdown FollowerState
2019-10-15 21:19:03,287 [Thread-9374] INFO  impl.RaftServerImpl (RaftServerImpl.java:setRole(184)) - 090573f1-c213-462e-b422-6463ca97c373@group-848D76B22711: changes role from  FOLLOWER to CANDIDATE at term 123 for changeToCandidate
2019-10-15 21:19:03,287 [Thread-9374] INFO  impl.RoleInfo (RoleInfo.java:updateAndGet(143)) - 090573f1-c213-462e-b422-6463ca97c373: start LeaderElection
2019-10-15 21:19:03,311 [090573f1-c213-462e-b422-6463ca97c373@group-848D76B22711-LeaderElection1100] INFO  impl.LeaderElection (LeaderElection.java:askForVotes(178)) - 090573f1-c213-462e-b422-6463ca97c373@group-848D76B22711-LeaderElection1100: begin an election at term 124 for -1: [93d557fa-335e-4e3d-b2bb-e33832802906:192.168.69.102:43737, 090573f1-c213-462e-b422-6463ca97c373:192.168.69.102:43336, db364705-f60f-4be7-83db-fd25b014fd0b:192.168.69.102:41270], old=null
2019-10-15 21:19:03,311 [090573f1-c213-462e-b422-6463ca97c373@group-848D76B22711-LeaderElection1100] INFO  impl.LeaderElection (LogUtils.java:infoOrTrace(149)) - 090573f1-c213-462e-b422-6463ca97c373@group-848D76B22711-LeaderElection1100 got exception when requesting votes: {}
java.util.concurrent.ExecutionException: org.apache.ratis.thirdparty.io.grpc.StatusRuntimeException: UNAVAILABLE: io exception
	at java.util.concurrent.FutureTask.report(FutureTask.java:122)
	at java.util.concurrent.FutureTask.get(FutureTask.java:192)
	at org.apache.ratis.server.impl.LeaderElection.waitForResults(LeaderElection.java:259)
	at org.apache.ratis.server.impl.LeaderElection.askForVotes(LeaderElection.java:197)
	at org.apache.ratis.server.impl.LeaderElection.run(LeaderElection.java:133)
	at java.lang.Thread.run(Thread.java:748)
Caused by: org.apache.ratis.thirdparty.io.grpc.StatusRuntimeException: UNAVAILABLE: io exception
	at org.apache.ratis.thirdparty.io.grpc.stub.ClientCalls.toStatusRuntimeException(ClientCalls.java:233)
	at org.apache.ratis.thirdparty.io.grpc.stub.ClientCalls.getUnchecked(ClientCalls.java:214)
	at org.apache.ratis.thirdparty.io.grpc.stub.ClientCalls.blockingUnaryCall(ClientCalls.java:139)
	at org.apache.ratis.proto.grpc.RaftServerProtocolServiceGrpc$RaftServerProtocolServiceBlockingStub.requestVote(RaftServerProtocolServiceGrpc.java:265)
	at org.apache.ratis.grpc.server.GrpcServerProtocolClient.requestVote(GrpcServerProtocolClient.java:99)
	at org.apache.ratis.grpc.server.GrpcService.requestVote(GrpcService.java:204)
	at org.apache.ratis.server.impl.LeaderElection.lambda$submitRequests$1(LeaderElection.java:234)
	at java.util.concurrent.FutureTask.run(FutureTask.java:266)
	at java.util.concurrent.Executors$RunnableAdapter.call(Executors.java:511)
	at java.util.concurrent.FutureTask.run(FutureTask.java:266)
	at java.util.concurrent.ThreadPoolExecutor.runWorker(ThreadPoolExecutor.java:1149)
	at java.util.concurrent.ThreadPoolExecutor$Worker.run(ThreadPoolExecutor.java:624)
	... 1 more
Caused by: org.apache.ratis.thirdparty.io.netty.channel.AbstractChannel$AnnotatedConnectException: Connection refused: /192.168.69.102:43737
	at sun.nio.ch.SocketChannelImpl.checkConnect(Native Method)
	at sun.nio.ch.SocketChannelImpl.finishConnect(SocketChannelImpl.java:717)
	at org.apache.ratis.thirdparty.io.netty.channel.socket.nio.NioSocketChannel.doFinishConnect(NioSocketChannel.java:327)
	at org.apache.ratis.thirdparty.io.netty.channel.nio.AbstractNioChannel$AbstractNioUnsafe.finishConnect(AbstractNioChannel.java:340)
	at org.apache.ratis.thirdparty.io.netty.channel.nio.NioEventLoop.processSelectedKey(NioEventLoop.java:632)
	at org.apache.ratis.thirdparty.io.netty.channel.nio.NioEventLoop.processSelectedKeysOptimized(NioEventLoop.java:579)
	at org.apache.ratis.thirdparty.io.netty.channel.nio.NioEventLoop.processSelectedKeys(NioEventLoop.java:496)
	at org.apache.ratis.thirdparty.io.netty.channel.nio.NioEventLoop.run(NioEventLoop.java:458)
	at org.apache.ratis.thirdparty.io.netty.util.concurrent.SingleThreadEventExecutor$5.run(SingleThreadEventExecutor.java:897)
	at org.apache.ratis.thirdparty.io.netty.util.concurrent.FastThreadLocalRunnable.run(FastThreadLocalRunnable.java:30)
	... 1 more
Caused by: java.net.ConnectException: Connection refused
	... 11 more
2019-10-15 21:19:03,312 [grpc-default-executor-12] INFO  impl.RaftServerImpl (RaftServerImpl.java:setRole(184)) - db364705-f60f-4be7-83db-fd25b014fd0b@group-848D76B22711: changes role from  FOLLOWER to FOLLOWER at term 124 for recognizeCandidate:090573f1-c213-462e-b422-6463ca97c373
2019-10-15 21:19:03,312 [grpc-default-executor-12] INFO  impl.RoleInfo (RoleInfo.java:shutdownFollowerState(121)) - db364705-f60f-4be7-83db-fd25b014fd0b: shutdown FollowerState
2019-10-15 21:19:03,312 [grpc-default-executor-12] INFO  impl.RoleInfo (RoleInfo.java:updateAndGet(143)) - db364705-f60f-4be7-83db-fd25b014fd0b: start FollowerState
2019-10-15 21:19:03,312 [Thread-9373] INFO  impl.FollowerState (FollowerState.java:run(117)) - db364705-f60f-4be7-83db-fd25b014fd0b@group-848D76B22711-FollowerState was interrupted: java.lang.InterruptedException: sleep interrupted
2019-10-15 21:19:03,328 [090573f1-c213-462e-b422-6463ca97c373@group-848D76B22711-LeaderElection1100] INFO  impl.LeaderElection (LeaderElection.java:logAndReturn(56)) - 090573f1-c213-462e-b422-6463ca97c373@group-848D76B22711-LeaderElection1100: Election REJECTED; received 1 response(s) [090573f1-c213-462e-b422-6463ca97c373<-db364705-f60f-4be7-83db-fd25b014fd0b#0:FAIL-t124] and 1 exception(s); 090573f1-c213-462e-b422-6463ca97c373@group-848D76B22711:t124, leader=null, voted=090573f1-c213-462e-b422-6463ca97c373, raftlog=090573f1-c213-462e-b422-6463ca97c373@group-848D76B22711-SegmentedRaftLog:OPENED:c-1,f-1,i0, conf=-1: [93d557fa-335e-4e3d-b2bb-e33832802906:192.168.69.102:43737, 090573f1-c213-462e-b422-6463ca97c373:192.168.69.102:43336, db364705-f60f-4be7-83db-fd25b014fd0b:192.168.69.102:41270], old=null
2019-10-15 21:19:03,328 [090573f1-c213-462e-b422-6463ca97c373@group-848D76B22711-LeaderElection1100] INFO  impl.LeaderElection (LogUtils.java:infoOrTrace(149)) -   Exception 0: {}
java.util.concurrent.ExecutionException: org.apache.ratis.thirdparty.io.grpc.StatusRuntimeException: UNAVAILABLE: io exception
	at java.util.concurrent.FutureTask.report(FutureTask.java:122)
	at java.util.concurrent.FutureTask.get(FutureTask.java:192)
	at org.apache.ratis.server.impl.LeaderElection.waitForResults(LeaderElection.java:259)
	at org.apache.ratis.server.impl.LeaderElection.askForVotes(LeaderElection.java:197)
	at org.apache.ratis.server.impl.LeaderElection.run(LeaderElection.java:133)
	at java.lang.Thread.run(Thread.java:748)
Caused by: org.apache.ratis.thirdparty.io.grpc.StatusRuntimeException: UNAVAILABLE: io exception
	at org.apache.ratis.thirdparty.io.grpc.stub.ClientCalls.toStatusRuntimeException(ClientCalls.java:233)
	at org.apache.ratis.thirdparty.io.grpc.stub.ClientCalls.getUnchecked(ClientCalls.java:214)
	at org.apache.ratis.thirdparty.io.grpc.stub.ClientCalls.blockingUnaryCall(ClientCalls.java:139)
	at org.apache.ratis.proto.grpc.RaftServerProtocolServiceGrpc$RaftServerProtocolServiceBlockingStub.requestVote(RaftServerProtocolServiceGrpc.java:265)
	at org.apache.ratis.grpc.server.GrpcServerProtocolClient.requestVote(GrpcServerProtocolClient.java:99)
	at org.apache.ratis.grpc.server.GrpcService.requestVote(GrpcService.java:204)
	at org.apache.ratis.server.impl.LeaderElection.lambda$submitRequests$1(LeaderElection.java:234)
	at java.util.concurrent.FutureTask.run(FutureTask.java:266)
	at java.util.concurrent.Executors$RunnableAdapter.call(Executors.java:511)
	at java.util.concurrent.FutureTask.run(FutureTask.java:266)
	at java.util.concurrent.ThreadPoolExecutor.runWorker(ThreadPoolExecutor.java:1149)
	at java.util.concurrent.ThreadPoolExecutor$Worker.run(ThreadPoolExecutor.java:624)
	... 1 more
Caused by: org.apache.ratis.thirdparty.io.netty.channel.AbstractChannel$AnnotatedConnectException: Connection refused: /192.168.69.102:43737
	at sun.nio.ch.SocketChannelImpl.checkConnect(Native Method)
	at sun.nio.ch.SocketChannelImpl.finishConnect(SocketChannelImpl.java:717)
	at org.apache.ratis.thirdparty.io.netty.channel.socket.nio.NioSocketChannel.doFinishConnect(NioSocketChannel.java:327)
	at org.apache.ratis.thirdparty.io.netty.channel.nio.AbstractNioChannel$AbstractNioUnsafe.finishConnect(AbstractNioChannel.java:340)
	at org.apache.ratis.thirdparty.io.netty.channel.nio.NioEventLoop.processSelectedKey(NioEventLoop.java:632)
	at org.apache.ratis.thirdparty.io.netty.channel.nio.NioEventLoop.processSelectedKeysOptimized(NioEventLoop.java:579)
	at org.apache.ratis.thirdparty.io.netty.channel.nio.NioEventLoop.processSelectedKeys(NioEventLoop.java:496)
	at org.apache.ratis.thirdparty.io.netty.channel.nio.NioEventLoop.run(NioEventLoop.java:458)
	at org.apache.ratis.thirdparty.io.netty.util.concurrent.SingleThreadEventExecutor$5.run(SingleThreadEventExecutor.java:897)
	at org.apache.ratis.thirdparty.io.netty.util.concurrent.FastThreadLocalRunnable.run(FastThreadLocalRunnable.java:30)
	... 1 more
Caused by: java.net.ConnectException: Connection refused
	... 11 more
2019-10-15 21:19:03,328 [090573f1-c213-462e-b422-6463ca97c373@group-848D76B22711-LeaderElection1100] INFO  impl.RaftServerImpl (RaftServerImpl.java:setRole(184)) - 090573f1-c213-462e-b422-6463ca97c373@group-848D76B22711: changes role from CANDIDATE to FOLLOWER at term 124 for DISCOVERED_A_NEW_TERM
2019-10-15 21:19:03,328 [090573f1-c213-462e-b422-6463ca97c373@group-848D76B22711-LeaderElection1100] INFO  impl.RoleInfo (RoleInfo.java:shutdownLeaderElection(134)) - 090573f1-c213-462e-b422-6463ca97c373: shutdown LeaderElection
2019-10-15 21:19:03,328 [090573f1-c213-462e-b422-6463ca97c373@group-848D76B22711-LeaderElection1100] INFO  impl.RoleInfo (RoleInfo.java:updateAndGet(143)) - 090573f1-c213-462e-b422-6463ca97c373: start FollowerState
2019-10-15 21:19:03,381 [Thread-9381] INFO  impl.FollowerState (FollowerState.java:run(108)) - 090573f1-c213-462e-b422-6463ca97c373@group-848D76B22711-FollowerState: change to CANDIDATE, lastRpcTime:52ms, electionTimeout:52ms
2019-10-15 21:19:03,381 [Thread-9381] INFO  impl.RoleInfo (RoleInfo.java:shutdownFollowerState(121)) - 090573f1-c213-462e-b422-6463ca97c373: shutdown FollowerState
2019-10-15 21:19:03,381 [Thread-9381] INFO  impl.RaftServerImpl (RaftServerImpl.java:setRole(184)) - 090573f1-c213-462e-b422-6463ca97c373@group-848D76B22711: changes role from  FOLLOWER to CANDIDATE at term 124 for changeToCandidate
2019-10-15 21:19:03,381 [Thread-9381] INFO  impl.RoleInfo (RoleInfo.java:updateAndGet(143)) - 090573f1-c213-462e-b422-6463ca97c373: start LeaderElection
2019-10-15 21:19:03,401 [090573f1-c213-462e-b422-6463ca97c373@group-848D76B22711-LeaderElection1101] INFO  impl.LeaderElection (LeaderElection.java:askForVotes(178)) - 090573f1-c213-462e-b422-6463ca97c373@group-848D76B22711-LeaderElection1101: begin an election at term 125 for -1: [93d557fa-335e-4e3d-b2bb-e33832802906:192.168.69.102:43737, 090573f1-c213-462e-b422-6463ca97c373:192.168.69.102:43336, db364705-f60f-4be7-83db-fd25b014fd0b:192.168.69.102:41270], old=null
2019-10-15 21:19:03,401 [090573f1-c213-462e-b422-6463ca97c373@group-848D76B22711-LeaderElection1101] INFO  impl.LeaderElection (LogUtils.java:infoOrTrace(149)) - 090573f1-c213-462e-b422-6463ca97c373@group-848D76B22711-LeaderElection1101 got exception when requesting votes: {}
java.util.concurrent.ExecutionException: org.apache.ratis.thirdparty.io.grpc.StatusRuntimeException: UNAVAILABLE: io exception
	at java.util.concurrent.FutureTask.report(FutureTask.java:122)
	at java.util.concurrent.FutureTask.get(FutureTask.java:192)
	at org.apache.ratis.server.impl.LeaderElection.waitForResults(LeaderElection.java:259)
	at org.apache.ratis.server.impl.LeaderElection.askForVotes(LeaderElection.java:197)
	at org.apache.ratis.server.impl.LeaderElection.run(LeaderElection.java:133)
	at java.lang.Thread.run(Thread.java:748)
Caused by: org.apache.ratis.thirdparty.io.grpc.StatusRuntimeException: UNAVAILABLE: io exception
	at org.apache.ratis.thirdparty.io.grpc.stub.ClientCalls.toStatusRuntimeException(ClientCalls.java:233)
	at org.apache.ratis.thirdparty.io.grpc.stub.ClientCalls.getUnchecked(ClientCalls.java:214)
	at org.apache.ratis.thirdparty.io.grpc.stub.ClientCalls.blockingUnaryCall(ClientCalls.java:139)
	at org.apache.ratis.proto.grpc.RaftServerProtocolServiceGrpc$RaftServerProtocolServiceBlockingStub.requestVote(RaftServerProtocolServiceGrpc.java:265)
	at org.apache.ratis.grpc.server.GrpcServerProtocolClient.requestVote(GrpcServerProtocolClient.java:99)
	at org.apache.ratis.grpc.server.GrpcService.requestVote(GrpcService.java:204)
	at org.apache.ratis.server.impl.LeaderElection.lambda$submitRequests$1(LeaderElection.java:234)
	at java.util.concurrent.FutureTask.run(FutureTask.java:266)
	at java.util.concurrent.Executors$RunnableAdapter.call(Executors.java:511)
	at java.util.concurrent.FutureTask.run(FutureTask.java:266)
	at java.util.concurrent.ThreadPoolExecutor.runWorker(ThreadPoolExecutor.java:1149)
	at java.util.concurrent.ThreadPoolExecutor$Worker.run(ThreadPoolExecutor.java:624)
	... 1 more
Caused by: org.apache.ratis.thirdparty.io.netty.channel.AbstractChannel$AnnotatedConnectException: Connection refused: /192.168.69.102:43737
	at sun.nio.ch.SocketChannelImpl.checkConnect(Native Method)
	at sun.nio.ch.SocketChannelImpl.finishConnect(SocketChannelImpl.java:717)
	at org.apache.ratis.thirdparty.io.netty.channel.socket.nio.NioSocketChannel.doFinishConnect(NioSocketChannel.java:327)
	at org.apache.ratis.thirdparty.io.netty.channel.nio.AbstractNioChannel$AbstractNioUnsafe.finishConnect(AbstractNioChannel.java:340)
	at org.apache.ratis.thirdparty.io.netty.channel.nio.NioEventLoop.processSelectedKey(NioEventLoop.java:632)
	at org.apache.ratis.thirdparty.io.netty.channel.nio.NioEventLoop.processSelectedKeysOptimized(NioEventLoop.java:579)
	at org.apache.ratis.thirdparty.io.netty.channel.nio.NioEventLoop.processSelectedKeys(NioEventLoop.java:496)
	at org.apache.ratis.thirdparty.io.netty.channel.nio.NioEventLoop.run(NioEventLoop.java:458)
	at org.apache.ratis.thirdparty.io.netty.util.concurrent.SingleThreadEventExecutor$5.run(SingleThreadEventExecutor.java:897)
	at org.apache.ratis.thirdparty.io.netty.util.concurrent.FastThreadLocalRunnable.run(FastThreadLocalRunnable.java:30)
	... 1 more
Caused by: java.net.ConnectException: Connection refused
	... 11 more
2019-10-15 21:19:03,402 [grpc-default-executor-12] INFO  impl.RaftServerImpl (RaftServerImpl.java:setRole(184)) - db364705-f60f-4be7-83db-fd25b014fd0b@group-848D76B22711: changes role from  FOLLOWER to FOLLOWER at term 125 for recognizeCandidate:090573f1-c213-462e-b422-6463ca97c373
2019-10-15 21:19:03,402 [grpc-default-executor-12] INFO  impl.RoleInfo (RoleInfo.java:shutdownFollowerState(121)) - db364705-f60f-4be7-83db-fd25b014fd0b: shutdown FollowerState
2019-10-15 21:19:03,402 [grpc-default-executor-12] INFO  impl.RoleInfo (RoleInfo.java:updateAndGet(143)) - db364705-f60f-4be7-83db-fd25b014fd0b: start FollowerState
2019-10-15 21:19:03,402 [Thread-9380] INFO  impl.FollowerState (FollowerState.java:run(117)) - db364705-f60f-4be7-83db-fd25b014fd0b@group-848D76B22711-FollowerState was interrupted: java.lang.InterruptedException: sleep interrupted
2019-10-15 21:19:03,417 [090573f1-c213-462e-b422-6463ca97c373@group-848D76B22711-LeaderElection1101] INFO  impl.LeaderElection (LeaderElection.java:logAndReturn(56)) - 090573f1-c213-462e-b422-6463ca97c373@group-848D76B22711-LeaderElection1101: Election REJECTED; received 1 response(s) [090573f1-c213-462e-b422-6463ca97c373<-db364705-f60f-4be7-83db-fd25b014fd0b#0:FAIL-t125] and 1 exception(s); 090573f1-c213-462e-b422-6463ca97c373@group-848D76B22711:t125, leader=null, voted=090573f1-c213-462e-b422-6463ca97c373, raftlog=090573f1-c213-462e-b422-6463ca97c373@group-848D76B22711-SegmentedRaftLog:OPENED:c-1,f-1,i0, conf=-1: [93d557fa-335e-4e3d-b2bb-e33832802906:192.168.69.102:43737, 090573f1-c213-462e-b422-6463ca97c373:192.168.69.102:43336, db364705-f60f-4be7-83db-fd25b014fd0b:192.168.69.102:41270], old=null
2019-10-15 21:19:03,417 [090573f1-c213-462e-b422-6463ca97c373@group-848D76B22711-LeaderElection1101] INFO  impl.LeaderElection (LogUtils.java:infoOrTrace(149)) -   Exception 0: {}
java.util.concurrent.ExecutionException: org.apache.ratis.thirdparty.io.grpc.StatusRuntimeException: UNAVAILABLE: io exception
	at java.util.concurrent.FutureTask.report(FutureTask.java:122)
	at java.util.concurrent.FutureTask.get(FutureTask.java:192)
	at org.apache.ratis.server.impl.LeaderElection.waitForResults(LeaderElection.java:259)
	at org.apache.ratis.server.impl.LeaderElection.askForVotes(LeaderElection.java:197)
	at org.apache.ratis.server.impl.LeaderElection.run(LeaderElection.java:133)
	at java.lang.Thread.run(Thread.java:748)
Caused by: org.apache.ratis.thirdparty.io.grpc.StatusRuntimeException: UNAVAILABLE: io exception
	at org.apache.ratis.thirdparty.io.grpc.stub.ClientCalls.toStatusRuntimeException(ClientCalls.java:233)
	at org.apache.ratis.thirdparty.io.grpc.stub.ClientCalls.getUnchecked(ClientCalls.java:214)
	at org.apache.ratis.thirdparty.io.grpc.stub.ClientCalls.blockingUnaryCall(ClientCalls.java:139)
	at org.apache.ratis.proto.grpc.RaftServerProtocolServiceGrpc$RaftServerProtocolServiceBlockingStub.requestVote(RaftServerProtocolServiceGrpc.java:265)
	at org.apache.ratis.grpc.server.GrpcServerProtocolClient.requestVote(GrpcServerProtocolClient.java:99)
	at org.apache.ratis.grpc.server.GrpcService.requestVote(GrpcService.java:204)
	at org.apache.ratis.server.impl.LeaderElection.lambda$submitRequests$1(LeaderElection.java:234)
	at java.util.concurrent.FutureTask.run(FutureTask.java:266)
	at java.util.concurrent.Executors$RunnableAdapter.call(Executors.java:511)
	at java.util.concurrent.FutureTask.run(FutureTask.java:266)
	at java.util.concurrent.ThreadPoolExecutor.runWorker(ThreadPoolExecutor.java:1149)
	at java.util.concurrent.ThreadPoolExecutor$Worker.run(ThreadPoolExecutor.java:624)
	... 1 more
Caused by: org.apache.ratis.thirdparty.io.netty.channel.AbstractChannel$AnnotatedConnectException: Connection refused: /192.168.69.102:43737
	at sun.nio.ch.SocketChannelImpl.checkConnect(Native Method)
	at sun.nio.ch.SocketChannelImpl.finishConnect(SocketChannelImpl.java:717)
	at org.apache.ratis.thirdparty.io.netty.channel.socket.nio.NioSocketChannel.doFinishConnect(NioSocketChannel.java:327)
	at org.apache.ratis.thirdparty.io.netty.channel.nio.AbstractNioChannel$AbstractNioUnsafe.finishConnect(AbstractNioChannel.java:340)
	at org.apache.ratis.thirdparty.io.netty.channel.nio.NioEventLoop.processSelectedKey(NioEventLoop.java:632)
	at org.apache.ratis.thirdparty.io.netty.channel.nio.NioEventLoop.processSelectedKeysOptimized(NioEventLoop.java:579)
	at org.apache.ratis.thirdparty.io.netty.channel.nio.NioEventLoop.processSelectedKeys(NioEventLoop.java:496)
	at org.apache.ratis.thirdparty.io.netty.channel.nio.NioEventLoop.run(NioEventLoop.java:458)
	at org.apache.ratis.thirdparty.io.netty.util.concurrent.SingleThreadEventExecutor$5.run(SingleThreadEventExecutor.java:897)
	at org.apache.ratis.thirdparty.io.netty.util.concurrent.FastThreadLocalRunnable.run(FastThreadLocalRunnable.java:30)
	... 1 more
Caused by: java.net.ConnectException: Connection refused
	... 11 more
2019-10-15 21:19:03,417 [090573f1-c213-462e-b422-6463ca97c373@group-848D76B22711-LeaderElection1101] INFO  impl.RaftServerImpl (RaftServerImpl.java:setRole(184)) - 090573f1-c213-462e-b422-6463ca97c373@group-848D76B22711: changes role from CANDIDATE to FOLLOWER at term 125 for DISCOVERED_A_NEW_TERM
2019-10-15 21:19:03,417 [090573f1-c213-462e-b422-6463ca97c373@group-848D76B22711-LeaderElection1101] INFO  impl.RoleInfo (RoleInfo.java:shutdownLeaderElection(134)) - 090573f1-c213-462e-b422-6463ca97c373: shutdown LeaderElection
2019-10-15 21:19:03,417 [090573f1-c213-462e-b422-6463ca97c373@group-848D76B22711-LeaderElection1101] INFO  impl.RoleInfo (RoleInfo.java:updateAndGet(143)) - 090573f1-c213-462e-b422-6463ca97c373: start FollowerState
2019-10-15 21:19:03,500 [Thread-9388] INFO  impl.FollowerState (FollowerState.java:run(108)) - 090573f1-c213-462e-b422-6463ca97c373@group-848D76B22711-FollowerState: change to CANDIDATE, lastRpcTime:82ms, electionTimeout:82ms
2019-10-15 21:19:03,500 [Thread-9388] INFO  impl.RoleInfo (RoleInfo.java:shutdownFollowerState(121)) - 090573f1-c213-462e-b422-6463ca97c373: shutdown FollowerState
2019-10-15 21:19:03,500 [Thread-9388] INFO  impl.RaftServerImpl (RaftServerImpl.java:setRole(184)) - 090573f1-c213-462e-b422-6463ca97c373@group-848D76B22711: changes role from  FOLLOWER to CANDIDATE at term 125 for changeToCandidate
2019-10-15 21:19:03,500 [Thread-9388] INFO  impl.RoleInfo (RoleInfo.java:updateAndGet(143)) - 090573f1-c213-462e-b422-6463ca97c373: start LeaderElection
2019-10-15 21:19:03,517 [090573f1-c213-462e-b422-6463ca97c373@group-848D76B22711-LeaderElection1102] INFO  impl.LeaderElection (LeaderElection.java:askForVotes(178)) - 090573f1-c213-462e-b422-6463ca97c373@group-848D76B22711-LeaderElection1102: begin an election at term 126 for -1: [93d557fa-335e-4e3d-b2bb-e33832802906:192.168.69.102:43737, 090573f1-c213-462e-b422-6463ca97c373:192.168.69.102:43336, db364705-f60f-4be7-83db-fd25b014fd0b:192.168.69.102:41270], old=null
2019-10-15 21:19:03,518 [090573f1-c213-462e-b422-6463ca97c373@group-848D76B22711-LeaderElection1102] INFO  impl.LeaderElection (LogUtils.java:infoOrTrace(149)) - 090573f1-c213-462e-b422-6463ca97c373@group-848D76B22711-LeaderElection1102 got exception when requesting votes: {}
java.util.concurrent.ExecutionException: org.apache.ratis.thirdparty.io.grpc.StatusRuntimeException: UNAVAILABLE: io exception
	at java.util.concurrent.FutureTask.report(FutureTask.java:122)
	at java.util.concurrent.FutureTask.get(FutureTask.java:192)
	at org.apache.ratis.server.impl.LeaderElection.waitForResults(LeaderElection.java:259)
	at org.apache.ratis.server.impl.LeaderElection.askForVotes(LeaderElection.java:197)
	at org.apache.ratis.server.impl.LeaderElection.run(LeaderElection.java:133)
	at java.lang.Thread.run(Thread.java:748)
Caused by: org.apache.ratis.thirdparty.io.grpc.StatusRuntimeException: UNAVAILABLE: io exception
	at org.apache.ratis.thirdparty.io.grpc.stub.ClientCalls.toStatusRuntimeException(ClientCalls.java:233)
	at org.apache.ratis.thirdparty.io.grpc.stub.ClientCalls.getUnchecked(ClientCalls.java:214)
	at org.apache.ratis.thirdparty.io.grpc.stub.ClientCalls.blockingUnaryCall(ClientCalls.java:139)
	at org.apache.ratis.proto.grpc.RaftServerProtocolServiceGrpc$RaftServerProtocolServiceBlockingStub.requestVote(RaftServerProtocolServiceGrpc.java:265)
	at org.apache.ratis.grpc.server.GrpcServerProtocolClient.requestVote(GrpcServerProtocolClient.java:99)
	at org.apache.ratis.grpc.server.GrpcService.requestVote(GrpcService.java:204)
	at org.apache.ratis.server.impl.LeaderElection.lambda$submitRequests$1(LeaderElection.java:234)
	at java.util.concurrent.FutureTask.run(FutureTask.java:266)
	at java.util.concurrent.Executors$RunnableAdapter.call(Executors.java:511)
	at java.util.concurrent.FutureTask.run(FutureTask.java:266)
	at java.util.concurrent.ThreadPoolExecutor.runWorker(ThreadPoolExecutor.java:1149)
	at java.util.concurrent.ThreadPoolExecutor$Worker.run(ThreadPoolExecutor.java:624)
	... 1 more
Caused by: org.apache.ratis.thirdparty.io.netty.channel.AbstractChannel$AnnotatedConnectException: Connection refused: /192.168.69.102:43737
	at sun.nio.ch.SocketChannelImpl.checkConnect(Native Method)
	at sun.nio.ch.SocketChannelImpl.finishConnect(SocketChannelImpl.java:717)
	at org.apache.ratis.thirdparty.io.netty.channel.socket.nio.NioSocketChannel.doFinishConnect(NioSocketChannel.java:327)
	at org.apache.ratis.thirdparty.io.netty.channel.nio.AbstractNioChannel$AbstractNioUnsafe.finishConnect(AbstractNioChannel.java:340)
	at org.apache.ratis.thirdparty.io.netty.channel.nio.NioEventLoop.processSelectedKey(NioEventLoop.java:632)
	at org.apache.ratis.thirdparty.io.netty.channel.nio.NioEventLoop.processSelectedKeysOptimized(NioEventLoop.java:579)
	at org.apache.ratis.thirdparty.io.netty.channel.nio.NioEventLoop.processSelectedKeys(NioEventLoop.java:496)
	at org.apache.ratis.thirdparty.io.netty.channel.nio.NioEventLoop.run(NioEventLoop.java:458)
	at org.apache.ratis.thirdparty.io.netty.util.concurrent.SingleThreadEventExecutor$5.run(SingleThreadEventExecutor.java:897)
	at org.apache.ratis.thirdparty.io.netty.util.concurrent.FastThreadLocalRunnable.run(FastThreadLocalRunnable.java:30)
	... 1 more
Caused by: java.net.ConnectException: Connection refused
	... 11 more
2019-10-15 21:19:03,518 [grpc-default-executor-12] INFO  impl.RaftServerImpl (RaftServerImpl.java:setRole(184)) - db364705-f60f-4be7-83db-fd25b014fd0b@group-848D76B22711: changes role from  FOLLOWER to FOLLOWER at term 126 for recognizeCandidate:090573f1-c213-462e-b422-6463ca97c373
2019-10-15 21:19:03,519 [grpc-default-executor-12] INFO  impl.RoleInfo (RoleInfo.java:shutdownFollowerState(121)) - db364705-f60f-4be7-83db-fd25b014fd0b: shutdown FollowerState
2019-10-15 21:19:03,519 [grpc-default-executor-12] INFO  impl.RoleInfo (RoleInfo.java:updateAndGet(143)) - db364705-f60f-4be7-83db-fd25b014fd0b: start FollowerState
2019-10-15 21:19:03,519 [Thread-9387] INFO  impl.FollowerState (FollowerState.java:run(117)) - db364705-f60f-4be7-83db-fd25b014fd0b@group-848D76B22711-FollowerState was interrupted: java.lang.InterruptedException: sleep interrupted
2019-10-15 21:19:03,539 [090573f1-c213-462e-b422-6463ca97c373@group-848D76B22711-LeaderElection1102] INFO  impl.LeaderElection (LeaderElection.java:logAndReturn(56)) - 090573f1-c213-462e-b422-6463ca97c373@group-848D76B22711-LeaderElection1102: Election REJECTED; received 1 response(s) [090573f1-c213-462e-b422-6463ca97c373<-db364705-f60f-4be7-83db-fd25b014fd0b#0:FAIL-t126] and 1 exception(s); 090573f1-c213-462e-b422-6463ca97c373@group-848D76B22711:t126, leader=null, voted=090573f1-c213-462e-b422-6463ca97c373, raftlog=090573f1-c213-462e-b422-6463ca97c373@group-848D76B22711-SegmentedRaftLog:OPENED:c-1,f-1,i0, conf=-1: [93d557fa-335e-4e3d-b2bb-e33832802906:192.168.69.102:43737, 090573f1-c213-462e-b422-6463ca97c373:192.168.69.102:43336, db364705-f60f-4be7-83db-fd25b014fd0b:192.168.69.102:41270], old=null
2019-10-15 21:19:03,539 [090573f1-c213-462e-b422-6463ca97c373@group-848D76B22711-LeaderElection1102] INFO  impl.LeaderElection (LogUtils.java:infoOrTrace(149)) -   Exception 0: {}
java.util.concurrent.ExecutionException: org.apache.ratis.thirdparty.io.grpc.StatusRuntimeException: UNAVAILABLE: io exception
	at java.util.concurrent.FutureTask.report(FutureTask.java:122)
	at java.util.concurrent.FutureTask.get(FutureTask.java:192)
	at org.apache.ratis.server.impl.LeaderElection.waitForResults(LeaderElection.java:259)
	at org.apache.ratis.server.impl.LeaderElection.askForVotes(LeaderElection.java:197)
	at org.apache.ratis.server.impl.LeaderElection.run(LeaderElection.java:133)
	at java.lang.Thread.run(Thread.java:748)
Caused by: org.apache.ratis.thirdparty.io.grpc.StatusRuntimeException: UNAVAILABLE: io exception
	at org.apache.ratis.thirdparty.io.grpc.stub.ClientCalls.toStatusRuntimeException(ClientCalls.java:233)
	at org.apache.ratis.thirdparty.io.grpc.stub.ClientCalls.getUnchecked(ClientCalls.java:214)
	at org.apache.ratis.thirdparty.io.grpc.stub.ClientCalls.blockingUnaryCall(ClientCalls.java:139)
	at org.apache.ratis.proto.grpc.RaftServerProtocolServiceGrpc$RaftServerProtocolServiceBlockingStub.requestVote(RaftServerProtocolServiceGrpc.java:265)
	at org.apache.ratis.grpc.server.GrpcServerProtocolClient.requestVote(GrpcServerProtocolClient.java:99)
	at org.apache.ratis.grpc.server.GrpcService.requestVote(GrpcService.java:204)
	at org.apache.ratis.server.impl.LeaderElection.lambda$submitRequests$1(LeaderElection.java:234)
	at java.util.concurrent.FutureTask.run(FutureTask.java:266)
	at java.util.concurrent.Executors$RunnableAdapter.call(Executors.java:511)
	at java.util.concurrent.FutureTask.run(FutureTask.java:266)
	at java.util.concurrent.ThreadPoolExecutor.runWorker(ThreadPoolExecutor.java:1149)
	at java.util.concurrent.ThreadPoolExecutor$Worker.run(ThreadPoolExecutor.java:624)
	... 1 more
Caused by: org.apache.ratis.thirdparty.io.netty.channel.AbstractChannel$AnnotatedConnectException: Connection refused: /192.168.69.102:43737
	at sun.nio.ch.SocketChannelImpl.checkConnect(Native Method)
	at sun.nio.ch.SocketChannelImpl.finishConnect(SocketChannelImpl.java:717)
	at org.apache.ratis.thirdparty.io.netty.channel.socket.nio.NioSocketChannel.doFinishConnect(NioSocketChannel.java:327)
	at org.apache.ratis.thirdparty.io.netty.channel.nio.AbstractNioChannel$AbstractNioUnsafe.finishConnect(AbstractNioChannel.java:340)
	at org.apache.ratis.thirdparty.io.netty.channel.nio.NioEventLoop.processSelectedKey(NioEventLoop.java:632)
	at org.apache.ratis.thirdparty.io.netty.channel.nio.NioEventLoop.processSelectedKeysOptimized(NioEventLoop.java:579)
	at org.apache.ratis.thirdparty.io.netty.channel.nio.NioEventLoop.processSelectedKeys(NioEventLoop.java:496)
	at org.apache.ratis.thirdparty.io.netty.channel.nio.NioEventLoop.run(NioEventLoop.java:458)
	at org.apache.ratis.thirdparty.io.netty.util.concurrent.SingleThreadEventExecutor$5.run(SingleThreadEventExecutor.java:897)
	at org.apache.ratis.thirdparty.io.netty.util.concurrent.FastThreadLocalRunnable.run(FastThreadLocalRunnable.java:30)
	... 1 more
Caused by: java.net.ConnectException: Connection refused
	... 11 more
2019-10-15 21:19:03,539 [090573f1-c213-462e-b422-6463ca97c373@group-848D76B22711-LeaderElection1102] INFO  impl.RaftServerImpl (RaftServerImpl.java:setRole(184)) - 090573f1-c213-462e-b422-6463ca97c373@group-848D76B22711: changes role from CANDIDATE to FOLLOWER at term 126 for DISCOVERED_A_NEW_TERM
2019-10-15 21:19:03,539 [090573f1-c213-462e-b422-6463ca97c373@group-848D76B22711-LeaderElection1102] INFO  impl.RoleInfo (RoleInfo.java:shutdownLeaderElection(134)) - 090573f1-c213-462e-b422-6463ca97c373: shutdown LeaderElection
2019-10-15 21:19:03,539 [090573f1-c213-462e-b422-6463ca97c373@group-848D76B22711-LeaderElection1102] INFO  impl.RoleInfo (RoleInfo.java:updateAndGet(143)) - 090573f1-c213-462e-b422-6463ca97c373: start FollowerState
2019-10-15 21:19:03,549 [Thread-9393] INFO  impl.FollowerState (FollowerState.java:run(108)) - 090573f1-c213-462e-b422-6463ca97c373@group-848D76B22711-FollowerState: change to CANDIDATE, lastRpcTime:10ms, electionTimeout:10ms
2019-10-15 21:19:03,550 [Thread-9393] INFO  impl.RoleInfo (RoleInfo.java:shutdownFollowerState(121)) - 090573f1-c213-462e-b422-6463ca97c373: shutdown FollowerState
2019-10-15 21:19:03,550 [Thread-9393] INFO  impl.RaftServerImpl (RaftServerImpl.java:setRole(184)) - 090573f1-c213-462e-b422-6463ca97c373@group-848D76B22711: changes role from  FOLLOWER to CANDIDATE at term 126 for changeToCandidate
2019-10-15 21:19:03,550 [Thread-9393] INFO  impl.RoleInfo (RoleInfo.java:updateAndGet(143)) - 090573f1-c213-462e-b422-6463ca97c373: start LeaderElection
2019-10-15 21:19:03,578 [090573f1-c213-462e-b422-6463ca97c373@group-848D76B22711-LeaderElection1103] INFO  impl.LeaderElection (LeaderElection.java:askForVotes(178)) - 090573f1-c213-462e-b422-6463ca97c373@group-848D76B22711-LeaderElection1103: begin an election at term 127 for -1: [93d557fa-335e-4e3d-b2bb-e33832802906:192.168.69.102:43737, 090573f1-c213-462e-b422-6463ca97c373:192.168.69.102:43336, db364705-f60f-4be7-83db-fd25b014fd0b:192.168.69.102:41270], old=null
2019-10-15 21:19:03,579 [090573f1-c213-462e-b422-6463ca97c373@group-848D76B22711-LeaderElection1103] INFO  impl.LeaderElection (LogUtils.java:infoOrTrace(149)) - 090573f1-c213-462e-b422-6463ca97c373@group-848D76B22711-LeaderElection1103 got exception when requesting votes: {}
java.util.concurrent.ExecutionException: org.apache.ratis.thirdparty.io.grpc.StatusRuntimeException: UNAVAILABLE: io exception
	at java.util.concurrent.FutureTask.report(FutureTask.java:122)
	at java.util.concurrent.FutureTask.get(FutureTask.java:192)
	at org.apache.ratis.server.impl.LeaderElection.waitForResults(LeaderElection.java:259)
	at org.apache.ratis.server.impl.LeaderElection.askForVotes(LeaderElection.java:197)
	at org.apache.ratis.server.impl.LeaderElection.run(LeaderElection.java:133)
	at java.lang.Thread.run(Thread.java:748)
Caused by: org.apache.ratis.thirdparty.io.grpc.StatusRuntimeException: UNAVAILABLE: io exception
	at org.apache.ratis.thirdparty.io.grpc.stub.ClientCalls.toStatusRuntimeException(ClientCalls.java:233)
	at org.apache.ratis.thirdparty.io.grpc.stub.ClientCalls.getUnchecked(ClientCalls.java:214)
	at org.apache.ratis.thirdparty.io.grpc.stub.ClientCalls.blockingUnaryCall(ClientCalls.java:139)
	at org.apache.ratis.proto.grpc.RaftServerProtocolServiceGrpc$RaftServerProtocolServiceBlockingStub.requestVote(RaftServerProtocolServiceGrpc.java:265)
	at org.apache.ratis.grpc.server.GrpcServerProtocolClient.requestVote(GrpcServerProtocolClient.java:99)
	at org.apache.ratis.grpc.server.GrpcService.requestVote(GrpcService.java:204)
	at org.apache.ratis.server.impl.LeaderElection.lambda$submitRequests$1(LeaderElection.java:234)
	at java.util.concurrent.FutureTask.run(FutureTask.java:266)
	at java.util.concurrent.Executors$RunnableAdapter.call(Executors.java:511)
	at java.util.concurrent.FutureTask.run(FutureTask.java:266)
	at java.util.concurrent.ThreadPoolExecutor.runWorker(ThreadPoolExecutor.java:1149)
	at java.util.concurrent.ThreadPoolExecutor$Worker.run(ThreadPoolExecutor.java:624)
	... 1 more
Caused by: org.apache.ratis.thirdparty.io.netty.channel.AbstractChannel$AnnotatedConnectException: Connection refused: /192.168.69.102:43737
	at sun.nio.ch.SocketChannelImpl.checkConnect(Native Method)
	at sun.nio.ch.SocketChannelImpl.finishConnect(SocketChannelImpl.java:717)
	at org.apache.ratis.thirdparty.io.netty.channel.socket.nio.NioSocketChannel.doFinishConnect(NioSocketChannel.java:327)
	at org.apache.ratis.thirdparty.io.netty.channel.nio.AbstractNioChannel$AbstractNioUnsafe.finishConnect(AbstractNioChannel.java:340)
	at org.apache.ratis.thirdparty.io.netty.channel.nio.NioEventLoop.processSelectedKey(NioEventLoop.java:632)
	at org.apache.ratis.thirdparty.io.netty.channel.nio.NioEventLoop.processSelectedKeysOptimized(NioEventLoop.java:579)
	at org.apache.ratis.thirdparty.io.netty.channel.nio.NioEventLoop.processSelectedKeys(NioEventLoop.java:496)
	at org.apache.ratis.thirdparty.io.netty.channel.nio.NioEventLoop.run(NioEventLoop.java:458)
	at org.apache.ratis.thirdparty.io.netty.util.concurrent.SingleThreadEventExecutor$5.run(SingleThreadEventExecutor.java:897)
	at org.apache.ratis.thirdparty.io.netty.util.concurrent.FastThreadLocalRunnable.run(FastThreadLocalRunnable.java:30)
	... 1 more
Caused by: java.net.ConnectException: Connection refused
	... 11 more
2019-10-15 21:19:03,579 [grpc-default-executor-12] INFO  impl.RaftServerImpl (RaftServerImpl.java:setRole(184)) - db364705-f60f-4be7-83db-fd25b014fd0b@group-848D76B22711: changes role from  FOLLOWER to FOLLOWER at term 127 for recognizeCandidate:090573f1-c213-462e-b422-6463ca97c373
2019-10-15 21:19:03,580 [grpc-default-executor-12] INFO  impl.RoleInfo (RoleInfo.java:shutdownFollowerState(121)) - db364705-f60f-4be7-83db-fd25b014fd0b: shutdown FollowerState
2019-10-15 21:19:03,580 [grpc-default-executor-12] INFO  impl.RoleInfo (RoleInfo.java:updateAndGet(143)) - db364705-f60f-4be7-83db-fd25b014fd0b: start FollowerState
2019-10-15 21:19:03,580 [Thread-9392] INFO  impl.FollowerState (FollowerState.java:run(117)) - db364705-f60f-4be7-83db-fd25b014fd0b@group-848D76B22711-FollowerState was interrupted: java.lang.InterruptedException: sleep interrupted
2019-10-15 21:19:03,600 [090573f1-c213-462e-b422-6463ca97c373@group-848D76B22711-LeaderElection1103] INFO  impl.LeaderElection (LeaderElection.java:logAndReturn(56)) - 090573f1-c213-462e-b422-6463ca97c373@group-848D76B22711-LeaderElection1103: Election REJECTED; received 1 response(s) [090573f1-c213-462e-b422-6463ca97c373<-db364705-f60f-4be7-83db-fd25b014fd0b#0:FAIL-t127] and 1 exception(s); 090573f1-c213-462e-b422-6463ca97c373@group-848D76B22711:t127, leader=null, voted=090573f1-c213-462e-b422-6463ca97c373, raftlog=090573f1-c213-462e-b422-6463ca97c373@group-848D76B22711-SegmentedRaftLog:OPENED:c-1,f-1,i0, conf=-1: [93d557fa-335e-4e3d-b2bb-e33832802906:192.168.69.102:43737, 090573f1-c213-462e-b422-6463ca97c373:192.168.69.102:43336, db364705-f60f-4be7-83db-fd25b014fd0b:192.168.69.102:41270], old=null
2019-10-15 21:19:03,600 [090573f1-c213-462e-b422-6463ca97c373@group-848D76B22711-LeaderElection1103] INFO  impl.LeaderElection (LogUtils.java:infoOrTrace(149)) -   Exception 0: {}
java.util.concurrent.ExecutionException: org.apache.ratis.thirdparty.io.grpc.StatusRuntimeException: UNAVAILABLE: io exception
	at java.util.concurrent.FutureTask.report(FutureTask.java:122)
	at java.util.concurrent.FutureTask.get(FutureTask.java:192)
	at org.apache.ratis.server.impl.LeaderElection.waitForResults(LeaderElection.java:259)
	at org.apache.ratis.server.impl.LeaderElection.askForVotes(LeaderElection.java:197)
	at org.apache.ratis.server.impl.LeaderElection.run(LeaderElection.java:133)
	at java.lang.Thread.run(Thread.java:748)
Caused by: org.apache.ratis.thirdparty.io.grpc.StatusRuntimeException: UNAVAILABLE: io exception
	at org.apache.ratis.thirdparty.io.grpc.stub.ClientCalls.toStatusRuntimeException(ClientCalls.java:233)
	at org.apache.ratis.thirdparty.io.grpc.stub.ClientCalls.getUnchecked(ClientCalls.java:214)
	at org.apache.ratis.thirdparty.io.grpc.stub.ClientCalls.blockingUnaryCall(ClientCalls.java:139)
	at org.apache.ratis.proto.grpc.RaftServerProtocolServiceGrpc$RaftServerProtocolServiceBlockingStub.requestVote(RaftServerProtocolServiceGrpc.java:265)
	at org.apache.ratis.grpc.server.GrpcServerProtocolClient.requestVote(GrpcServerProtocolClient.java:99)
	at org.apache.ratis.grpc.server.GrpcService.requestVote(GrpcService.java:204)
	at org.apache.ratis.server.impl.LeaderElection.lambda$submitRequests$1(LeaderElection.java:234)
	at java.util.concurrent.FutureTask.run(FutureTask.java:266)
	at java.util.concurrent.Executors$RunnableAdapter.call(Executors.java:511)
	at java.util.concurrent.FutureTask.run(FutureTask.java:266)
	at java.util.concurrent.ThreadPoolExecutor.runWorker(ThreadPoolExecutor.java:1149)
	at java.util.concurrent.ThreadPoolExecutor$Worker.run(ThreadPoolExecutor.java:624)
	... 1 more
Caused by: org.apache.ratis.thirdparty.io.netty.channel.AbstractChannel$AnnotatedConnectException: Connection refused: /192.168.69.102:43737
	at sun.nio.ch.SocketChannelImpl.checkConnect(Native Method)
	at sun.nio.ch.SocketChannelImpl.finishConnect(SocketChannelImpl.java:717)
	at org.apache.ratis.thirdparty.io.netty.channel.socket.nio.NioSocketChannel.doFinishConnect(NioSocketChannel.java:327)
	at org.apache.ratis.thirdparty.io.netty.channel.nio.AbstractNioChannel$AbstractNioUnsafe.finishConnect(AbstractNioChannel.java:340)
	at org.apache.ratis.thirdparty.io.netty.channel.nio.NioEventLoop.processSelectedKey(NioEventLoop.java:632)
	at org.apache.ratis.thirdparty.io.netty.channel.nio.NioEventLoop.processSelectedKeysOptimized(NioEventLoop.java:579)
	at org.apache.ratis.thirdparty.io.netty.channel.nio.NioEventLoop.processSelectedKeys(NioEventLoop.java:496)
	at org.apache.ratis.thirdparty.io.netty.channel.nio.NioEventLoop.run(NioEventLoop.java:458)
	at org.apache.ratis.thirdparty.io.netty.util.concurrent.SingleThreadEventExecutor$5.run(SingleThreadEventExecutor.java:897)
	at org.apache.ratis.thirdparty.io.netty.util.concurrent.FastThreadLocalRunnable.run(FastThreadLocalRunnable.java:30)
	... 1 more
Caused by: java.net.ConnectException: Connection refused
	... 11 more
2019-10-15 21:19:03,600 [090573f1-c213-462e-b422-6463ca97c373@group-848D76B22711-LeaderElection1103] INFO  impl.RaftServerImpl (RaftServerImpl.java:setRole(184)) - 090573f1-c213-462e-b422-6463ca97c373@group-848D76B22711: changes role from CANDIDATE to FOLLOWER at term 127 for DISCOVERED_A_NEW_TERM
2019-10-15 21:19:03,600 [090573f1-c213-462e-b422-6463ca97c373@group-848D76B22711-LeaderElection1103] INFO  impl.RoleInfo (RoleInfo.java:shutdownLeaderElection(134)) - 090573f1-c213-462e-b422-6463ca97c373: shutdown LeaderElection
2019-10-15 21:19:03,600 [090573f1-c213-462e-b422-6463ca97c373@group-848D76B22711-LeaderElection1103] INFO  impl.RoleInfo (RoleInfo.java:updateAndGet(143)) - 090573f1-c213-462e-b422-6463ca97c373: start FollowerState
2019-10-15 21:19:03,659 [Datanode State Machine Thread - 0] INFO  statemachine.DatanodeStateMachine (DatanodeStateMachine.java:lambda$startDaemon$0(350)) - Ozone container server started.
2019-10-15 21:19:03,715 [Thread-9398] INFO  impl.FollowerState (FollowerState.java:run(108)) - 090573f1-c213-462e-b422-6463ca97c373@group-848D76B22711-FollowerState: change to CANDIDATE, lastRpcTime:114ms, electionTimeout:114ms
2019-10-15 21:19:03,715 [Thread-9398] INFO  impl.RoleInfo (RoleInfo.java:shutdownFollowerState(121)) - 090573f1-c213-462e-b422-6463ca97c373: shutdown FollowerState
2019-10-15 21:19:03,715 [Thread-9398] INFO  impl.RaftServerImpl (RaftServerImpl.java:setRole(184)) - 090573f1-c213-462e-b422-6463ca97c373@group-848D76B22711: changes role from  FOLLOWER to CANDIDATE at term 127 for changeToCandidate
2019-10-15 21:19:03,715 [Thread-9398] INFO  impl.RoleInfo (RoleInfo.java:updateAndGet(143)) - 090573f1-c213-462e-b422-6463ca97c373: start LeaderElection
2019-10-15 21:19:03,719 [090573f1-c213-462e-b422-6463ca97c373@group-848D76B22711-LeaderElection1104] INFO  impl.LeaderElection (LeaderElection.java:askForVotes(178)) - 090573f1-c213-462e-b422-6463ca97c373@group-848D76B22711-LeaderElection1104: begin an election at term 128 for -1: [93d557fa-335e-4e3d-b2bb-e33832802906:192.168.69.102:43737, 090573f1-c213-462e-b422-6463ca97c373:192.168.69.102:43336, db364705-f60f-4be7-83db-fd25b014fd0b:192.168.69.102:41270], old=null
2019-10-15 21:19:03,720 [090573f1-c213-462e-b422-6463ca97c373@group-848D76B22711-LeaderElection1104] INFO  impl.LeaderElection (LogUtils.java:infoOrTrace(149)) - 090573f1-c213-462e-b422-6463ca97c373@group-848D76B22711-LeaderElection1104 got exception when requesting votes: {}
java.util.concurrent.ExecutionException: org.apache.ratis.thirdparty.io.grpc.StatusRuntimeException: UNAVAILABLE: io exception
	at java.util.concurrent.FutureTask.report(FutureTask.java:122)
	at java.util.concurrent.FutureTask.get(FutureTask.java:192)
	at org.apache.ratis.server.impl.LeaderElection.waitForResults(LeaderElection.java:259)
	at org.apache.ratis.server.impl.LeaderElection.askForVotes(LeaderElection.java:197)
	at org.apache.ratis.server.impl.LeaderElection.run(LeaderElection.java:133)
	at java.lang.Thread.run(Thread.java:748)
Caused by: org.apache.ratis.thirdparty.io.grpc.StatusRuntimeException: UNAVAILABLE: io exception
	at org.apache.ratis.thirdparty.io.grpc.stub.ClientCalls.toStatusRuntimeException(ClientCalls.java:233)
	at org.apache.ratis.thirdparty.io.grpc.stub.ClientCalls.getUnchecked(ClientCalls.java:214)
	at org.apache.ratis.thirdparty.io.grpc.stub.ClientCalls.blockingUnaryCall(ClientCalls.java:139)
	at org.apache.ratis.proto.grpc.RaftServerProtocolServiceGrpc$RaftServerProtocolServiceBlockingStub.requestVote(RaftServerProtocolServiceGrpc.java:265)
	at org.apache.ratis.grpc.server.GrpcServerProtocolClient.requestVote(GrpcServerProtocolClient.java:99)
	at org.apache.ratis.grpc.server.GrpcService.requestVote(GrpcService.java:204)
	at org.apache.ratis.server.impl.LeaderElection.lambda$submitRequests$1(LeaderElection.java:234)
	at java.util.concurrent.FutureTask.run(FutureTask.java:266)
	at java.util.concurrent.Executors$RunnableAdapter.call(Executors.java:511)
	at java.util.concurrent.FutureTask.run(FutureTask.java:266)
	at java.util.concurrent.ThreadPoolExecutor.runWorker(ThreadPoolExecutor.java:1149)
	at java.util.concurrent.ThreadPoolExecutor$Worker.run(ThreadPoolExecutor.java:624)
	... 1 more
Caused by: org.apache.ratis.thirdparty.io.netty.channel.AbstractChannel$AnnotatedConnectException: Connection refused: /192.168.69.102:43737
	at sun.nio.ch.SocketChannelImpl.checkConnect(Native Method)
	at sun.nio.ch.SocketChannelImpl.finishConnect(SocketChannelImpl.java:717)
	at org.apache.ratis.thirdparty.io.netty.channel.socket.nio.NioSocketChannel.doFinishConnect(NioSocketChannel.java:327)
	at org.apache.ratis.thirdparty.io.netty.channel.nio.AbstractNioChannel$AbstractNioUnsafe.finishConnect(AbstractNioChannel.java:340)
	at org.apache.ratis.thirdparty.io.netty.channel.nio.NioEventLoop.processSelectedKey(NioEventLoop.java:632)
	at org.apache.ratis.thirdparty.io.netty.channel.nio.NioEventLoop.processSelectedKeysOptimized(NioEventLoop.java:579)
	at org.apache.ratis.thirdparty.io.netty.channel.nio.NioEventLoop.processSelectedKeys(NioEventLoop.java:496)
	at org.apache.ratis.thirdparty.io.netty.channel.nio.NioEventLoop.run(NioEventLoop.java:458)
	at org.apache.ratis.thirdparty.io.netty.util.concurrent.SingleThreadEventExecutor$5.run(SingleThreadEventExecutor.java:897)
	at org.apache.ratis.thirdparty.io.netty.util.concurrent.FastThreadLocalRunnable.run(FastThreadLocalRunnable.java:30)
	... 1 more
Caused by: java.net.ConnectException: Connection refused
	... 11 more
2019-10-15 21:19:03,720 [grpc-default-executor-12] INFO  impl.RaftServerImpl (RaftServerImpl.java:setRole(184)) - db364705-f60f-4be7-83db-fd25b014fd0b@group-848D76B22711: changes role from  FOLLOWER to FOLLOWER at term 128 for recognizeCandidate:090573f1-c213-462e-b422-6463ca97c373
2019-10-15 21:19:03,720 [grpc-default-executor-12] INFO  impl.RoleInfo (RoleInfo.java:shutdownFollowerState(121)) - db364705-f60f-4be7-83db-fd25b014fd0b: shutdown FollowerState
2019-10-15 21:19:03,720 [grpc-default-executor-12] INFO  impl.RoleInfo (RoleInfo.java:updateAndGet(143)) - db364705-f60f-4be7-83db-fd25b014fd0b: start FollowerState
2019-10-15 21:19:03,720 [Thread-9397] INFO  impl.FollowerState (FollowerState.java:run(117)) - db364705-f60f-4be7-83db-fd25b014fd0b@group-848D76B22711-FollowerState was interrupted: java.lang.InterruptedException: sleep interrupted
2019-10-15 21:19:03,739 [090573f1-c213-462e-b422-6463ca97c373@group-848D76B22711-LeaderElection1104] INFO  impl.LeaderElection (LeaderElection.java:logAndReturn(56)) - 090573f1-c213-462e-b422-6463ca97c373@group-848D76B22711-LeaderElection1104: Election TIMEOUT; received 0 response(s) [] and 1 exception(s); 090573f1-c213-462e-b422-6463ca97c373@group-848D76B22711:t128, leader=null, voted=090573f1-c213-462e-b422-6463ca97c373, raftlog=090573f1-c213-462e-b422-6463ca97c373@group-848D76B22711-SegmentedRaftLog:OPENED:c-1,f-1,i0, conf=-1: [93d557fa-335e-4e3d-b2bb-e33832802906:192.168.69.102:43737, 090573f1-c213-462e-b422-6463ca97c373:192.168.69.102:43336, db364705-f60f-4be7-83db-fd25b014fd0b:192.168.69.102:41270], old=null
2019-10-15 21:19:03,740 [090573f1-c213-462e-b422-6463ca97c373@group-848D76B22711-LeaderElection1104] INFO  impl.LeaderElection (LogUtils.java:infoOrTrace(149)) -   Exception 0: {}
java.util.concurrent.ExecutionException: org.apache.ratis.thirdparty.io.grpc.StatusRuntimeException: UNAVAILABLE: io exception
	at java.util.concurrent.FutureTask.report(FutureTask.java:122)
	at java.util.concurrent.FutureTask.get(FutureTask.java:192)
	at org.apache.ratis.server.impl.LeaderElection.waitForResults(LeaderElection.java:259)
	at org.apache.ratis.server.impl.LeaderElection.askForVotes(LeaderElection.java:197)
	at org.apache.ratis.server.impl.LeaderElection.run(LeaderElection.java:133)
	at java.lang.Thread.run(Thread.java:748)
Caused by: org.apache.ratis.thirdparty.io.grpc.StatusRuntimeException: UNAVAILABLE: io exception
	at org.apache.ratis.thirdparty.io.grpc.stub.ClientCalls.toStatusRuntimeException(ClientCalls.java:233)
	at org.apache.ratis.thirdparty.io.grpc.stub.ClientCalls.getUnchecked(ClientCalls.java:214)
	at org.apache.ratis.thirdparty.io.grpc.stub.ClientCalls.blockingUnaryCall(ClientCalls.java:139)
	at org.apache.ratis.proto.grpc.RaftServerProtocolServiceGrpc$RaftServerProtocolServiceBlockingStub.requestVote(RaftServerProtocolServiceGrpc.java:265)
	at org.apache.ratis.grpc.server.GrpcServerProtocolClient.requestVote(GrpcServerProtocolClient.java:99)
	at org.apache.ratis.grpc.server.GrpcService.requestVote(GrpcService.java:204)
	at org.apache.ratis.server.impl.LeaderElection.lambda$submitRequests$1(LeaderElection.java:234)
	at java.util.concurrent.FutureTask.run(FutureTask.java:266)
	at java.util.concurrent.Executors$RunnableAdapter.call(Executors.java:511)
	at java.util.concurrent.FutureTask.run(FutureTask.java:266)
	at java.util.concurrent.ThreadPoolExecutor.runWorker(ThreadPoolExecutor.java:1149)
	at java.util.concurrent.ThreadPoolExecutor$Worker.run(ThreadPoolExecutor.java:624)
	... 1 more
Caused by: org.apache.ratis.thirdparty.io.netty.channel.AbstractChannel$AnnotatedConnectException: Connection refused: /192.168.69.102:43737
	at sun.nio.ch.SocketChannelImpl.checkConnect(Native Method)
	at sun.nio.ch.SocketChannelImpl.finishConnect(SocketChannelImpl.java:717)
	at org.apache.ratis.thirdparty.io.netty.channel.socket.nio.NioSocketChannel.doFinishConnect(NioSocketChannel.java:327)
	at org.apache.ratis.thirdparty.io.netty.channel.nio.AbstractNioChannel$AbstractNioUnsafe.finishConnect(AbstractNioChannel.java:340)
	at org.apache.ratis.thirdparty.io.netty.channel.nio.NioEventLoop.processSelectedKey(NioEventLoop.java:632)
	at org.apache.ratis.thirdparty.io.netty.channel.nio.NioEventLoop.processSelectedKeysOptimized(NioEventLoop.java:579)
	at org.apache.ratis.thirdparty.io.netty.channel.nio.NioEventLoop.processSelectedKeys(NioEventLoop.java:496)
	at org.apache.ratis.thirdparty.io.netty.channel.nio.NioEventLoop.run(NioEventLoop.java:458)
	at org.apache.ratis.thirdparty.io.netty.util.concurrent.SingleThreadEventExecutor$5.run(SingleThreadEventExecutor.java:897)
	at org.apache.ratis.thirdparty.io.netty.util.concurrent.FastThreadLocalRunnable.run(FastThreadLocalRunnable.java:30)
	... 1 more
Caused by: java.net.ConnectException: Connection refused
	... 11 more
2019-10-15 21:19:03,745 [090573f1-c213-462e-b422-6463ca97c373@group-848D76B22711-LeaderElection1104] INFO  impl.LeaderElection (LeaderElection.java:askForVotes(178)) - 090573f1-c213-462e-b422-6463ca97c373@group-848D76B22711-LeaderElection1104: begin an election at term 129 for -1: [93d557fa-335e-4e3d-b2bb-e33832802906:192.168.69.102:43737, 090573f1-c213-462e-b422-6463ca97c373:192.168.69.102:43336, db364705-f60f-4be7-83db-fd25b014fd0b:192.168.69.102:41270], old=null
2019-10-15 21:19:03,745 [090573f1-c213-462e-b422-6463ca97c373@group-848D76B22711-LeaderElection1104] INFO  impl.LeaderElection (LogUtils.java:infoOrTrace(149)) - 090573f1-c213-462e-b422-6463ca97c373@group-848D76B22711-LeaderElection1104 got exception when requesting votes: {}
java.util.concurrent.ExecutionException: org.apache.ratis.thirdparty.io.grpc.StatusRuntimeException: UNAVAILABLE: io exception
	at java.util.concurrent.FutureTask.report(FutureTask.java:122)
	at java.util.concurrent.FutureTask.get(FutureTask.java:192)
	at org.apache.ratis.server.impl.LeaderElection.waitForResults(LeaderElection.java:259)
	at org.apache.ratis.server.impl.LeaderElection.askForVotes(LeaderElection.java:197)
	at org.apache.ratis.server.impl.LeaderElection.run(LeaderElection.java:133)
	at java.lang.Thread.run(Thread.java:748)
Caused by: org.apache.ratis.thirdparty.io.grpc.StatusRuntimeException: UNAVAILABLE: io exception
	at org.apache.ratis.thirdparty.io.grpc.stub.ClientCalls.toStatusRuntimeException(ClientCalls.java:233)
	at org.apache.ratis.thirdparty.io.grpc.stub.ClientCalls.getUnchecked(ClientCalls.java:214)
	at org.apache.ratis.thirdparty.io.grpc.stub.ClientCalls.blockingUnaryCall(ClientCalls.java:139)
	at org.apache.ratis.proto.grpc.RaftServerProtocolServiceGrpc$RaftServerProtocolServiceBlockingStub.requestVote(RaftServerProtocolServiceGrpc.java:265)
	at org.apache.ratis.grpc.server.GrpcServerProtocolClient.requestVote(GrpcServerProtocolClient.java:99)
	at org.apache.ratis.grpc.server.GrpcService.requestVote(GrpcService.java:204)
	at org.apache.ratis.server.impl.LeaderElection.lambda$submitRequests$1(LeaderElection.java:234)
	at java.util.concurrent.FutureTask.run(FutureTask.java:266)
	at java.util.concurrent.Executors$RunnableAdapter.call(Executors.java:511)
	at java.util.concurrent.FutureTask.run(FutureTask.java:266)
	at java.util.concurrent.ThreadPoolExecutor.runWorker(ThreadPoolExecutor.java:1149)
	at java.util.concurrent.ThreadPoolExecutor$Worker.run(ThreadPoolExecutor.java:624)
	... 1 more
Caused by: org.apache.ratis.thirdparty.io.netty.channel.AbstractChannel$AnnotatedConnectException: Connection refused: /192.168.69.102:43737
	at sun.nio.ch.SocketChannelImpl.checkConnect(Native Method)
	at sun.nio.ch.SocketChannelImpl.finishConnect(SocketChannelImpl.java:717)
	at org.apache.ratis.thirdparty.io.netty.channel.socket.nio.NioSocketChannel.doFinishConnect(NioSocketChannel.java:327)
	at org.apache.ratis.thirdparty.io.netty.channel.nio.AbstractNioChannel$AbstractNioUnsafe.finishConnect(AbstractNioChannel.java:340)
	at org.apache.ratis.thirdparty.io.netty.channel.nio.NioEventLoop.processSelectedKey(NioEventLoop.java:632)
	at org.apache.ratis.thirdparty.io.netty.channel.nio.NioEventLoop.processSelectedKeysOptimized(NioEventLoop.java:579)
	at org.apache.ratis.thirdparty.io.netty.channel.nio.NioEventLoop.processSelectedKeys(NioEventLoop.java:496)
	at org.apache.ratis.thirdparty.io.netty.channel.nio.NioEventLoop.run(NioEventLoop.java:458)
	at org.apache.ratis.thirdparty.io.netty.util.concurrent.SingleThreadEventExecutor$5.run(SingleThreadEventExecutor.java:897)
	at org.apache.ratis.thirdparty.io.netty.util.concurrent.FastThreadLocalRunnable.run(FastThreadLocalRunnable.java:30)
	... 1 more
Caused by: java.net.ConnectException: Connection refused
	... 11 more
2019-10-15 21:19:03,746 [grpc-default-executor-12] INFO  impl.RaftServerImpl (RaftServerImpl.java:setRole(184)) - db364705-f60f-4be7-83db-fd25b014fd0b@group-848D76B22711: changes role from  FOLLOWER to FOLLOWER at term 129 for recognizeCandidate:090573f1-c213-462e-b422-6463ca97c373
2019-10-15 21:19:03,746 [grpc-default-executor-12] INFO  impl.RoleInfo (RoleInfo.java:shutdownFollowerState(121)) - db364705-f60f-4be7-83db-fd25b014fd0b: shutdown FollowerState
2019-10-15 21:19:03,746 [grpc-default-executor-12] INFO  impl.RoleInfo (RoleInfo.java:updateAndGet(143)) - db364705-f60f-4be7-83db-fd25b014fd0b: start FollowerState
2019-10-15 21:19:03,746 [Thread-9404] INFO  impl.FollowerState (FollowerState.java:run(117)) - db364705-f60f-4be7-83db-fd25b014fd0b@group-848D76B22711-FollowerState was interrupted: java.lang.InterruptedException: sleep interrupted
2019-10-15 21:19:03,760 [090573f1-c213-462e-b422-6463ca97c373@group-848D76B22711-LeaderElection1104] INFO  impl.LeaderElection (LeaderElection.java:logAndReturn(56)) - 090573f1-c213-462e-b422-6463ca97c373@group-848D76B22711-LeaderElection1104: Election REJECTED; received 1 response(s) [090573f1-c213-462e-b422-6463ca97c373<-db364705-f60f-4be7-83db-fd25b014fd0b#0:FAIL-t129] and 1 exception(s); 090573f1-c213-462e-b422-6463ca97c373@group-848D76B22711:t129, leader=null, voted=090573f1-c213-462e-b422-6463ca97c373, raftlog=090573f1-c213-462e-b422-6463ca97c373@group-848D76B22711-SegmentedRaftLog:OPENED:c-1,f-1,i0, conf=-1: [93d557fa-335e-4e3d-b2bb-e33832802906:192.168.69.102:43737, 090573f1-c213-462e-b422-6463ca97c373:192.168.69.102:43336, db364705-f60f-4be7-83db-fd25b014fd0b:192.168.69.102:41270], old=null
2019-10-15 21:19:03,760 [090573f1-c213-462e-b422-6463ca97c373@group-848D76B22711-LeaderElection1104] INFO  impl.LeaderElection (LogUtils.java:infoOrTrace(149)) -   Exception 0: {}
java.util.concurrent.ExecutionException: org.apache.ratis.thirdparty.io.grpc.StatusRuntimeException: UNAVAILABLE: io exception
	at java.util.concurrent.FutureTask.report(FutureTask.java:122)
	at java.util.concurrent.FutureTask.get(FutureTask.java:192)
	at org.apache.ratis.server.impl.LeaderElection.waitForResults(LeaderElection.java:259)
	at org.apache.ratis.server.impl.LeaderElection.askForVotes(LeaderElection.java:197)
	at org.apache.ratis.server.impl.LeaderElection.run(LeaderElection.java:133)
	at java.lang.Thread.run(Thread.java:748)
Caused by: org.apache.ratis.thirdparty.io.grpc.StatusRuntimeException: UNAVAILABLE: io exception
	at org.apache.ratis.thirdparty.io.grpc.stub.ClientCalls.toStatusRuntimeException(ClientCalls.java:233)
	at org.apache.ratis.thirdparty.io.grpc.stub.ClientCalls.getUnchecked(ClientCalls.java:214)
	at org.apache.ratis.thirdparty.io.grpc.stub.ClientCalls.blockingUnaryCall(ClientCalls.java:139)
	at org.apache.ratis.proto.grpc.RaftServerProtocolServiceGrpc$RaftServerProtocolServiceBlockingStub.requestVote(RaftServerProtocolServiceGrpc.java:265)
	at org.apache.ratis.grpc.server.GrpcServerProtocolClient.requestVote(GrpcServerProtocolClient.java:99)
	at org.apache.ratis.grpc.server.GrpcService.requestVote(GrpcService.java:204)
	at org.apache.ratis.server.impl.LeaderElection.lambda$submitRequests$1(LeaderElection.java:234)
	at java.util.concurrent.FutureTask.run(FutureTask.java:266)
	at java.util.concurrent.Executors$RunnableAdapter.call(Executors.java:511)
	at java.util.concurrent.FutureTask.run(FutureTask.java:266)
	at java.util.concurrent.ThreadPoolExecutor.runWorker(ThreadPoolExecutor.java:1149)
	at java.util.concurrent.ThreadPoolExecutor$Worker.run(ThreadPoolExecutor.java:624)
	... 1 more
Caused by: org.apache.ratis.thirdparty.io.netty.channel.AbstractChannel$AnnotatedConnectException: Connection refused: /192.168.69.102:43737
	at sun.nio.ch.SocketChannelImpl.checkConnect(Native Method)
	at sun.nio.ch.SocketChannelImpl.finishConnect(SocketChannelImpl.java:717)
	at org.apache.ratis.thirdparty.io.netty.channel.socket.nio.NioSocketChannel.doFinishConnect(NioSocketChannel.java:327)
	at org.apache.ratis.thirdparty.io.netty.channel.nio.AbstractNioChannel$AbstractNioUnsafe.finishConnect(AbstractNioChannel.java:340)
	at org.apache.ratis.thirdparty.io.netty.channel.nio.NioEventLoop.processSelectedKey(NioEventLoop.java:632)
	at org.apache.ratis.thirdparty.io.netty.channel.nio.NioEventLoop.processSelectedKeysOptimized(NioEventLoop.java:579)
	at org.apache.ratis.thirdparty.io.netty.channel.nio.NioEventLoop.processSelectedKeys(NioEventLoop.java:496)
	at org.apache.ratis.thirdparty.io.netty.channel.nio.NioEventLoop.run(NioEventLoop.java:458)
	at org.apache.ratis.thirdparty.io.netty.util.concurrent.SingleThreadEventExecutor$5.run(SingleThreadEventExecutor.java:897)
	at org.apache.ratis.thirdparty.io.netty.util.concurrent.FastThreadLocalRunnable.run(FastThreadLocalRunnable.java:30)
	... 1 more
Caused by: java.net.ConnectException: Connection refused
	... 11 more
2019-10-15 21:19:03,760 [090573f1-c213-462e-b422-6463ca97c373@group-848D76B22711-LeaderElection1104] INFO  impl.RaftServerImpl (RaftServerImpl.java:setRole(184)) - 090573f1-c213-462e-b422-6463ca97c373@group-848D76B22711: changes role from CANDIDATE to FOLLOWER at term 129 for DISCOVERED_A_NEW_TERM
2019-10-15 21:19:03,760 [090573f1-c213-462e-b422-6463ca97c373@group-848D76B22711-LeaderElection1104] INFO  impl.RoleInfo (RoleInfo.java:shutdownLeaderElection(134)) - 090573f1-c213-462e-b422-6463ca97c373: shutdown LeaderElection
2019-10-15 21:19:03,761 [090573f1-c213-462e-b422-6463ca97c373@group-848D76B22711-LeaderElection1104] INFO  impl.RoleInfo (RoleInfo.java:updateAndGet(143)) - 090573f1-c213-462e-b422-6463ca97c373: start FollowerState
2019-10-15 21:19:03,917 [Datanode State Machine Thread - 0] INFO  statemachine.DatanodeStateMachine (DatanodeStateMachine.java:lambda$startDaemon$0(350)) - Ozone container server started.
2019-10-15 21:19:03,954 [Thread-9408] INFO  impl.FollowerState (FollowerState.java:run(108)) - 090573f1-c213-462e-b422-6463ca97c373@group-848D76B22711-FollowerState: change to CANDIDATE, lastRpcTime:193ms, electionTimeout:193ms
2019-10-15 21:19:03,954 [Thread-9408] INFO  impl.RoleInfo (RoleInfo.java:shutdownFollowerState(121)) - 090573f1-c213-462e-b422-6463ca97c373: shutdown FollowerState
2019-10-15 21:19:03,954 [Thread-9408] INFO  impl.RaftServerImpl (RaftServerImpl.java:setRole(184)) - 090573f1-c213-462e-b422-6463ca97c373@group-848D76B22711: changes role from  FOLLOWER to CANDIDATE at term 129 for changeToCandidate
2019-10-15 21:19:03,954 [Thread-9408] INFO  impl.RoleInfo (RoleInfo.java:updateAndGet(143)) - 090573f1-c213-462e-b422-6463ca97c373: start LeaderElection
2019-10-15 21:19:03,966 [090573f1-c213-462e-b422-6463ca97c373@group-848D76B22711-LeaderElection1105] INFO  impl.LeaderElection (LeaderElection.java:askForVotes(178)) - 090573f1-c213-462e-b422-6463ca97c373@group-848D76B22711-LeaderElection1105: begin an election at term 130 for -1: [93d557fa-335e-4e3d-b2bb-e33832802906:192.168.69.102:43737, 090573f1-c213-462e-b422-6463ca97c373:192.168.69.102:43336, db364705-f60f-4be7-83db-fd25b014fd0b:192.168.69.102:41270], old=null
2019-10-15 21:19:03,966 [090573f1-c213-462e-b422-6463ca97c373@group-848D76B22711-LeaderElection1105] INFO  impl.LeaderElection (LogUtils.java:infoOrTrace(149)) - 090573f1-c213-462e-b422-6463ca97c373@group-848D76B22711-LeaderElection1105 got exception when requesting votes: {}
java.util.concurrent.ExecutionException: org.apache.ratis.thirdparty.io.grpc.StatusRuntimeException: UNAVAILABLE: io exception
	at java.util.concurrent.FutureTask.report(FutureTask.java:122)
	at java.util.concurrent.FutureTask.get(FutureTask.java:192)
	at org.apache.ratis.server.impl.LeaderElection.waitForResults(LeaderElection.java:259)
	at org.apache.ratis.server.impl.LeaderElection.askForVotes(LeaderElection.java:197)
	at org.apache.ratis.server.impl.LeaderElection.run(LeaderElection.java:133)
	at java.lang.Thread.run(Thread.java:748)
Caused by: org.apache.ratis.thirdparty.io.grpc.StatusRuntimeException: UNAVAILABLE: io exception
	at org.apache.ratis.thirdparty.io.grpc.stub.ClientCalls.toStatusRuntimeException(ClientCalls.java:233)
	at org.apache.ratis.thirdparty.io.grpc.stub.ClientCalls.getUnchecked(ClientCalls.java:214)
	at org.apache.ratis.thirdparty.io.grpc.stub.ClientCalls.blockingUnaryCall(ClientCalls.java:139)
	at org.apache.ratis.proto.grpc.RaftServerProtocolServiceGrpc$RaftServerProtocolServiceBlockingStub.requestVote(RaftServerProtocolServiceGrpc.java:265)
	at org.apache.ratis.grpc.server.GrpcServerProtocolClient.requestVote(GrpcServerProtocolClient.java:99)
	at org.apache.ratis.grpc.server.GrpcService.requestVote(GrpcService.java:204)
	at org.apache.ratis.server.impl.LeaderElection.lambda$submitRequests$1(LeaderElection.java:234)
	at java.util.concurrent.FutureTask.run(FutureTask.java:266)
	at java.util.concurrent.Executors$RunnableAdapter.call(Executors.java:511)
	at java.util.concurrent.FutureTask.run(FutureTask.java:266)
	at java.util.concurrent.ThreadPoolExecutor.runWorker(ThreadPoolExecutor.java:1149)
	at java.util.concurrent.ThreadPoolExecutor$Worker.run(ThreadPoolExecutor.java:624)
	... 1 more
Caused by: org.apache.ratis.thirdparty.io.netty.channel.AbstractChannel$AnnotatedConnectException: Connection refused: /192.168.69.102:43737
	at sun.nio.ch.SocketChannelImpl.checkConnect(Native Method)
	at sun.nio.ch.SocketChannelImpl.finishConnect(SocketChannelImpl.java:717)
	at org.apache.ratis.thirdparty.io.netty.channel.socket.nio.NioSocketChannel.doFinishConnect(NioSocketChannel.java:327)
	at org.apache.ratis.thirdparty.io.netty.channel.nio.AbstractNioChannel$AbstractNioUnsafe.finishConnect(AbstractNioChannel.java:340)
	at org.apache.ratis.thirdparty.io.netty.channel.nio.NioEventLoop.processSelectedKey(NioEventLoop.java:632)
	at org.apache.ratis.thirdparty.io.netty.channel.nio.NioEventLoop.processSelectedKeysOptimized(NioEventLoop.java:579)
	at org.apache.ratis.thirdparty.io.netty.channel.nio.NioEventLoop.processSelectedKeys(NioEventLoop.java:496)
	at org.apache.ratis.thirdparty.io.netty.channel.nio.NioEventLoop.run(NioEventLoop.java:458)
	at org.apache.ratis.thirdparty.io.netty.util.concurrent.SingleThreadEventExecutor$5.run(SingleThreadEventExecutor.java:897)
	at org.apache.ratis.thirdparty.io.netty.util.concurrent.FastThreadLocalRunnable.run(FastThreadLocalRunnable.java:30)
	... 1 more
Caused by: java.net.ConnectException: Connection refused
	... 11 more
2019-10-15 21:19:03,967 [grpc-default-executor-12] INFO  impl.RaftServerImpl (RaftServerImpl.java:setRole(184)) - db364705-f60f-4be7-83db-fd25b014fd0b@group-848D76B22711: changes role from  FOLLOWER to FOLLOWER at term 130 for recognizeCandidate:090573f1-c213-462e-b422-6463ca97c373
2019-10-15 21:19:03,967 [grpc-default-executor-12] INFO  impl.RoleInfo (RoleInfo.java:shutdownFollowerState(121)) - db364705-f60f-4be7-83db-fd25b014fd0b: shutdown FollowerState
2019-10-15 21:19:03,967 [grpc-default-executor-12] INFO  impl.RoleInfo (RoleInfo.java:updateAndGet(143)) - db364705-f60f-4be7-83db-fd25b014fd0b: start FollowerState
2019-10-15 21:19:03,967 [Thread-9407] INFO  impl.FollowerState (FollowerState.java:run(117)) - db364705-f60f-4be7-83db-fd25b014fd0b@group-848D76B22711-FollowerState was interrupted: java.lang.InterruptedException: sleep interrupted
2019-10-15 21:19:03,974 [090573f1-c213-462e-b422-6463ca97c373@group-848D76B22711-LeaderElection1105] INFO  impl.LeaderElection (LeaderElection.java:logAndReturn(56)) - 090573f1-c213-462e-b422-6463ca97c373@group-848D76B22711-LeaderElection1105: Election REJECTED; received 1 response(s) [090573f1-c213-462e-b422-6463ca97c373<-db364705-f60f-4be7-83db-fd25b014fd0b#0:FAIL-t130] and 1 exception(s); 090573f1-c213-462e-b422-6463ca97c373@group-848D76B22711:t130, leader=null, voted=090573f1-c213-462e-b422-6463ca97c373, raftlog=090573f1-c213-462e-b422-6463ca97c373@group-848D76B22711-SegmentedRaftLog:OPENED:c-1,f-1,i0, conf=-1: [93d557fa-335e-4e3d-b2bb-e33832802906:192.168.69.102:43737, 090573f1-c213-462e-b422-6463ca97c373:192.168.69.102:43336, db364705-f60f-4be7-83db-fd25b014fd0b:192.168.69.102:41270], old=null
2019-10-15 21:19:03,974 [090573f1-c213-462e-b422-6463ca97c373@group-848D76B22711-LeaderElection1105] INFO  impl.LeaderElection (LogUtils.java:infoOrTrace(149)) -   Exception 0: {}
java.util.concurrent.ExecutionException: org.apache.ratis.thirdparty.io.grpc.StatusRuntimeException: UNAVAILABLE: io exception
	at java.util.concurrent.FutureTask.report(FutureTask.java:122)
	at java.util.concurrent.FutureTask.get(FutureTask.java:192)
	at org.apache.ratis.server.impl.LeaderElection.waitForResults(LeaderElection.java:259)
	at org.apache.ratis.server.impl.LeaderElection.askForVotes(LeaderElection.java:197)
	at org.apache.ratis.server.impl.LeaderElection.run(LeaderElection.java:133)
	at java.lang.Thread.run(Thread.java:748)
Caused by: org.apache.ratis.thirdparty.io.grpc.StatusRuntimeException: UNAVAILABLE: io exception
	at org.apache.ratis.thirdparty.io.grpc.stub.ClientCalls.toStatusRuntimeException(ClientCalls.java:233)
	at org.apache.ratis.thirdparty.io.grpc.stub.ClientCalls.getUnchecked(ClientCalls.java:214)
	at org.apache.ratis.thirdparty.io.grpc.stub.ClientCalls.blockingUnaryCall(ClientCalls.java:139)
	at org.apache.ratis.proto.grpc.RaftServerProtocolServiceGrpc$RaftServerProtocolServiceBlockingStub.requestVote(RaftServerProtocolServiceGrpc.java:265)
	at org.apache.ratis.grpc.server.GrpcServerProtocolClient.requestVote(GrpcServerProtocolClient.java:99)
	at org.apache.ratis.grpc.server.GrpcService.requestVote(GrpcService.java:204)
	at org.apache.ratis.server.impl.LeaderElection.lambda$submitRequests$1(LeaderElection.java:234)
	at java.util.concurrent.FutureTask.run(FutureTask.java:266)
	at java.util.concurrent.Executors$RunnableAdapter.call(Executors.java:511)
	at java.util.concurrent.FutureTask.run(FutureTask.java:266)
	at java.util.concurrent.ThreadPoolExecutor.runWorker(ThreadPoolExecutor.java:1149)
	at java.util.concurrent.ThreadPoolExecutor$Worker.run(ThreadPoolExecutor.java:624)
	... 1 more
Caused by: org.apache.ratis.thirdparty.io.netty.channel.AbstractChannel$AnnotatedConnectException: Connection refused: /192.168.69.102:43737
	at sun.nio.ch.SocketChannelImpl.checkConnect(Native Method)
	at sun.nio.ch.SocketChannelImpl.finishConnect(SocketChannelImpl.java:717)
	at org.apache.ratis.thirdparty.io.netty.channel.socket.nio.NioSocketChannel.doFinishConnect(NioSocketChannel.java:327)
	at org.apache.ratis.thirdparty.io.netty.channel.nio.AbstractNioChannel$AbstractNioUnsafe.finishConnect(AbstractNioChannel.java:340)
	at org.apache.ratis.thirdparty.io.netty.channel.nio.NioEventLoop.processSelectedKey(NioEventLoop.java:632)
	at org.apache.ratis.thirdparty.io.netty.channel.nio.NioEventLoop.processSelectedKeysOptimized(NioEventLoop.java:579)
	at org.apache.ratis.thirdparty.io.netty.channel.nio.NioEventLoop.processSelectedKeys(NioEventLoop.java:496)
	at org.apache.ratis.thirdparty.io.netty.channel.nio.NioEventLoop.run(NioEventLoop.java:458)
	at org.apache.ratis.thirdparty.io.netty.util.concurrent.SingleThreadEventExecutor$5.run(SingleThreadEventExecutor.java:897)
	at org.apache.ratis.thirdparty.io.netty.util.concurrent.FastThreadLocalRunnable.run(FastThreadLocalRunnable.java:30)
	... 1 more
Caused by: java.net.ConnectException: Connection refused
	... 11 more
2019-10-15 21:19:03,975 [090573f1-c213-462e-b422-6463ca97c373@group-848D76B22711-LeaderElection1105] INFO  impl.RaftServerImpl (RaftServerImpl.java:setRole(184)) - 090573f1-c213-462e-b422-6463ca97c373@group-848D76B22711: changes role from CANDIDATE to FOLLOWER at term 130 for DISCOVERED_A_NEW_TERM
2019-10-15 21:19:03,975 [090573f1-c213-462e-b422-6463ca97c373@group-848D76B22711-LeaderElection1105] INFO  impl.RoleInfo (RoleInfo.java:shutdownLeaderElection(134)) - 090573f1-c213-462e-b422-6463ca97c373: shutdown LeaderElection
2019-10-15 21:19:03,975 [090573f1-c213-462e-b422-6463ca97c373@group-848D76B22711-LeaderElection1105] INFO  impl.RoleInfo (RoleInfo.java:updateAndGet(143)) - 090573f1-c213-462e-b422-6463ca97c373: start FollowerState
2019-10-15 21:19:04,174 [Thread-9415] INFO  impl.FollowerState (FollowerState.java:run(108)) - 090573f1-c213-462e-b422-6463ca97c373@group-848D76B22711-FollowerState: change to CANDIDATE, lastRpcTime:199ms, electionTimeout:199ms
2019-10-15 21:19:04,174 [Thread-9415] INFO  impl.RoleInfo (RoleInfo.java:shutdownFollowerState(121)) - 090573f1-c213-462e-b422-6463ca97c373: shutdown FollowerState
2019-10-15 21:19:04,174 [Thread-9415] INFO  impl.RaftServerImpl (RaftServerImpl.java:setRole(184)) - 090573f1-c213-462e-b422-6463ca97c373@group-848D76B22711: changes role from  FOLLOWER to CANDIDATE at term 130 for changeToCandidate
2019-10-15 21:19:04,174 [Thread-9415] INFO  impl.RoleInfo (RoleInfo.java:updateAndGet(143)) - 090573f1-c213-462e-b422-6463ca97c373: start LeaderElection
2019-10-15 21:19:04,192 [090573f1-c213-462e-b422-6463ca97c373@group-848D76B22711-LeaderElection1106] INFO  impl.LeaderElection (LeaderElection.java:askForVotes(178)) - 090573f1-c213-462e-b422-6463ca97c373@group-848D76B22711-LeaderElection1106: begin an election at term 131 for -1: [93d557fa-335e-4e3d-b2bb-e33832802906:192.168.69.102:43737, 090573f1-c213-462e-b422-6463ca97c373:192.168.69.102:43336, db364705-f60f-4be7-83db-fd25b014fd0b:192.168.69.102:41270], old=null
2019-10-15 21:19:04,193 [090573f1-c213-462e-b422-6463ca97c373@group-848D76B22711-LeaderElection1106] INFO  impl.LeaderElection (LogUtils.java:infoOrTrace(149)) - 090573f1-c213-462e-b422-6463ca97c373@group-848D76B22711-LeaderElection1106 got exception when requesting votes: {}
java.util.concurrent.ExecutionException: org.apache.ratis.thirdparty.io.grpc.StatusRuntimeException: UNAVAILABLE: io exception
	at java.util.concurrent.FutureTask.report(FutureTask.java:122)
	at java.util.concurrent.FutureTask.get(FutureTask.java:192)
	at org.apache.ratis.server.impl.LeaderElection.waitForResults(LeaderElection.java:259)
	at org.apache.ratis.server.impl.LeaderElection.askForVotes(LeaderElection.java:197)
	at org.apache.ratis.server.impl.LeaderElection.run(LeaderElection.java:133)
	at java.lang.Thread.run(Thread.java:748)
Caused by: org.apache.ratis.thirdparty.io.grpc.StatusRuntimeException: UNAVAILABLE: io exception
	at org.apache.ratis.thirdparty.io.grpc.stub.ClientCalls.toStatusRuntimeException(ClientCalls.java:233)
	at org.apache.ratis.thirdparty.io.grpc.stub.ClientCalls.getUnchecked(ClientCalls.java:214)
	at org.apache.ratis.thirdparty.io.grpc.stub.ClientCalls.blockingUnaryCall(ClientCalls.java:139)
	at org.apache.ratis.proto.grpc.RaftServerProtocolServiceGrpc$RaftServerProtocolServiceBlockingStub.requestVote(RaftServerProtocolServiceGrpc.java:265)
	at org.apache.ratis.grpc.server.GrpcServerProtocolClient.requestVote(GrpcServerProtocolClient.java:99)
	at org.apache.ratis.grpc.server.GrpcService.requestVote(GrpcService.java:204)
	at org.apache.ratis.server.impl.LeaderElection.lambda$submitRequests$1(LeaderElection.java:234)
	at java.util.concurrent.FutureTask.run(FutureTask.java:266)
	at java.util.concurrent.Executors$RunnableAdapter.call(Executors.java:511)
	at java.util.concurrent.FutureTask.run(FutureTask.java:266)
	at java.util.concurrent.ThreadPoolExecutor.runWorker(ThreadPoolExecutor.java:1149)
	at java.util.concurrent.ThreadPoolExecutor$Worker.run(ThreadPoolExecutor.java:624)
	... 1 more
Caused by: org.apache.ratis.thirdparty.io.netty.channel.AbstractChannel$AnnotatedConnectException: Connection refused: /192.168.69.102:43737
	at sun.nio.ch.SocketChannelImpl.checkConnect(Native Method)
	at sun.nio.ch.SocketChannelImpl.finishConnect(SocketChannelImpl.java:717)
	at org.apache.ratis.thirdparty.io.netty.channel.socket.nio.NioSocketChannel.doFinishConnect(NioSocketChannel.java:327)
	at org.apache.ratis.thirdparty.io.netty.channel.nio.AbstractNioChannel$AbstractNioUnsafe.finishConnect(AbstractNioChannel.java:340)
	at org.apache.ratis.thirdparty.io.netty.channel.nio.NioEventLoop.processSelectedKey(NioEventLoop.java:632)
	at org.apache.ratis.thirdparty.io.netty.channel.nio.NioEventLoop.processSelectedKeysOptimized(NioEventLoop.java:579)
	at org.apache.ratis.thirdparty.io.netty.channel.nio.NioEventLoop.processSelectedKeys(NioEventLoop.java:496)
	at org.apache.ratis.thirdparty.io.netty.channel.nio.NioEventLoop.run(NioEventLoop.java:458)
	at org.apache.ratis.thirdparty.io.netty.util.concurrent.SingleThreadEventExecutor$5.run(SingleThreadEventExecutor.java:897)
	at org.apache.ratis.thirdparty.io.netty.util.concurrent.FastThreadLocalRunnable.run(FastThreadLocalRunnable.java:30)
	... 1 more
Caused by: java.net.ConnectException: Connection refused
	... 11 more
2019-10-15 21:19:04,193 [grpc-default-executor-12] INFO  impl.RaftServerImpl (RaftServerImpl.java:setRole(184)) - db364705-f60f-4be7-83db-fd25b014fd0b@group-848D76B22711: changes role from  FOLLOWER to FOLLOWER at term 131 for recognizeCandidate:090573f1-c213-462e-b422-6463ca97c373
2019-10-15 21:19:04,193 [grpc-default-executor-12] INFO  impl.RoleInfo (RoleInfo.java:shutdownFollowerState(121)) - db364705-f60f-4be7-83db-fd25b014fd0b: shutdown FollowerState
2019-10-15 21:19:04,193 [grpc-default-executor-12] INFO  impl.RoleInfo (RoleInfo.java:updateAndGet(143)) - db364705-f60f-4be7-83db-fd25b014fd0b: start FollowerState
2019-10-15 21:19:04,193 [Thread-9414] INFO  impl.FollowerState (FollowerState.java:run(117)) - db364705-f60f-4be7-83db-fd25b014fd0b@group-848D76B22711-FollowerState was interrupted: java.lang.InterruptedException: sleep interrupted
2019-10-15 21:19:04,215 [090573f1-c213-462e-b422-6463ca97c373@group-848D76B22711-LeaderElection1106] INFO  impl.LeaderElection (LeaderElection.java:logAndReturn(56)) - 090573f1-c213-462e-b422-6463ca97c373@group-848D76B22711-LeaderElection1106: Election REJECTED; received 1 response(s) [090573f1-c213-462e-b422-6463ca97c373<-db364705-f60f-4be7-83db-fd25b014fd0b#0:FAIL-t131] and 1 exception(s); 090573f1-c213-462e-b422-6463ca97c373@group-848D76B22711:t131, leader=null, voted=090573f1-c213-462e-b422-6463ca97c373, raftlog=090573f1-c213-462e-b422-6463ca97c373@group-848D76B22711-SegmentedRaftLog:OPENED:c-1,f-1,i0, conf=-1: [93d557fa-335e-4e3d-b2bb-e33832802906:192.168.69.102:43737, 090573f1-c213-462e-b422-6463ca97c373:192.168.69.102:43336, db364705-f60f-4be7-83db-fd25b014fd0b:192.168.69.102:41270], old=null
2019-10-15 21:19:04,215 [090573f1-c213-462e-b422-6463ca97c373@group-848D76B22711-LeaderElection1106] INFO  impl.LeaderElection (LogUtils.java:infoOrTrace(149)) -   Exception 0: {}
java.util.concurrent.ExecutionException: org.apache.ratis.thirdparty.io.grpc.StatusRuntimeException: UNAVAILABLE: io exception
	at java.util.concurrent.FutureTask.report(FutureTask.java:122)
	at java.util.concurrent.FutureTask.get(FutureTask.java:192)
	at org.apache.ratis.server.impl.LeaderElection.waitForResults(LeaderElection.java:259)
	at org.apache.ratis.server.impl.LeaderElection.askForVotes(LeaderElection.java:197)
	at org.apache.ratis.server.impl.LeaderElection.run(LeaderElection.java:133)
	at java.lang.Thread.run(Thread.java:748)
Caused by: org.apache.ratis.thirdparty.io.grpc.StatusRuntimeException: UNAVAILABLE: io exception
	at org.apache.ratis.thirdparty.io.grpc.stub.ClientCalls.toStatusRuntimeException(ClientCalls.java:233)
	at org.apache.ratis.thirdparty.io.grpc.stub.ClientCalls.getUnchecked(ClientCalls.java:214)
	at org.apache.ratis.thirdparty.io.grpc.stub.ClientCalls.blockingUnaryCall(ClientCalls.java:139)
	at org.apache.ratis.proto.grpc.RaftServerProtocolServiceGrpc$RaftServerProtocolServiceBlockingStub.requestVote(RaftServerProtocolServiceGrpc.java:265)
	at org.apache.ratis.grpc.server.GrpcServerProtocolClient.requestVote(GrpcServerProtocolClient.java:99)
	at org.apache.ratis.grpc.server.GrpcService.requestVote(GrpcService.java:204)
	at org.apache.ratis.server.impl.LeaderElection.lambda$submitRequests$1(LeaderElection.java:234)
	at java.util.concurrent.FutureTask.run(FutureTask.java:266)
	at java.util.concurrent.Executors$RunnableAdapter.call(Executors.java:511)
	at java.util.concurrent.FutureTask.run(FutureTask.java:266)
	at java.util.concurrent.ThreadPoolExecutor.runWorker(ThreadPoolExecutor.java:1149)
	at java.util.concurrent.ThreadPoolExecutor$Worker.run(ThreadPoolExecutor.java:624)
	... 1 more
Caused by: org.apache.ratis.thirdparty.io.netty.channel.AbstractChannel$AnnotatedConnectException: Connection refused: /192.168.69.102:43737
	at sun.nio.ch.SocketChannelImpl.checkConnect(Native Method)
	at sun.nio.ch.SocketChannelImpl.finishConnect(SocketChannelImpl.java:717)
	at org.apache.ratis.thirdparty.io.netty.channel.socket.nio.NioSocketChannel.doFinishConnect(NioSocketChannel.java:327)
	at org.apache.ratis.thirdparty.io.netty.channel.nio.AbstractNioChannel$AbstractNioUnsafe.finishConnect(AbstractNioChannel.java:340)
	at org.apache.ratis.thirdparty.io.netty.channel.nio.NioEventLoop.processSelectedKey(NioEventLoop.java:632)
	at org.apache.ratis.thirdparty.io.netty.channel.nio.NioEventLoop.processSelectedKeysOptimized(NioEventLoop.java:579)
	at org.apache.ratis.thirdparty.io.netty.channel.nio.NioEventLoop.processSelectedKeys(NioEventLoop.java:496)
	at org.apache.ratis.thirdparty.io.netty.channel.nio.NioEventLoop.run(NioEventLoop.java:458)
	at org.apache.ratis.thirdparty.io.netty.util.concurrent.SingleThreadEventExecutor$5.run(SingleThreadEventExecutor.java:897)
	at org.apache.ratis.thirdparty.io.netty.util.concurrent.FastThreadLocalRunnable.run(FastThreadLocalRunnable.java:30)
	... 1 more
Caused by: java.net.ConnectException: Connection refused
	... 11 more
2019-10-15 21:19:04,215 [090573f1-c213-462e-b422-6463ca97c373@group-848D76B22711-LeaderElection1106] INFO  impl.RaftServerImpl (RaftServerImpl.java:setRole(184)) - 090573f1-c213-462e-b422-6463ca97c373@group-848D76B22711: changes role from CANDIDATE to FOLLOWER at term 131 for DISCOVERED_A_NEW_TERM
2019-10-15 21:19:04,215 [090573f1-c213-462e-b422-6463ca97c373@group-848D76B22711-LeaderElection1106] INFO  impl.RoleInfo (RoleInfo.java:shutdownLeaderElection(134)) - 090573f1-c213-462e-b422-6463ca97c373: shutdown LeaderElection
2019-10-15 21:19:04,215 [090573f1-c213-462e-b422-6463ca97c373@group-848D76B22711-LeaderElection1106] INFO  impl.RoleInfo (RoleInfo.java:updateAndGet(143)) - 090573f1-c213-462e-b422-6463ca97c373: start FollowerState
2019-10-15 21:19:04,234 [Thread-9422] INFO  impl.FollowerState (FollowerState.java:run(108)) - 090573f1-c213-462e-b422-6463ca97c373@group-848D76B22711-FollowerState: change to CANDIDATE, lastRpcTime:19ms, electionTimeout:19ms
2019-10-15 21:19:04,234 [Thread-9422] INFO  impl.RoleInfo (RoleInfo.java:shutdownFollowerState(121)) - 090573f1-c213-462e-b422-6463ca97c373: shutdown FollowerState
2019-10-15 21:19:04,234 [Thread-9422] INFO  impl.RaftServerImpl (RaftServerImpl.java:setRole(184)) - 090573f1-c213-462e-b422-6463ca97c373@group-848D76B22711: changes role from  FOLLOWER to CANDIDATE at term 131 for changeToCandidate
2019-10-15 21:19:04,235 [Thread-9422] INFO  impl.RoleInfo (RoleInfo.java:updateAndGet(143)) - 090573f1-c213-462e-b422-6463ca97c373: start LeaderElection
2019-10-15 21:19:04,242 [090573f1-c213-462e-b422-6463ca97c373@group-848D76B22711-LeaderElection1107] INFO  impl.LeaderElection (LeaderElection.java:askForVotes(178)) - 090573f1-c213-462e-b422-6463ca97c373@group-848D76B22711-LeaderElection1107: begin an election at term 132 for -1: [93d557fa-335e-4e3d-b2bb-e33832802906:192.168.69.102:43737, 090573f1-c213-462e-b422-6463ca97c373:192.168.69.102:43336, db364705-f60f-4be7-83db-fd25b014fd0b:192.168.69.102:41270], old=null
2019-10-15 21:19:04,242 [090573f1-c213-462e-b422-6463ca97c373@group-848D76B22711-LeaderElection1107] INFO  impl.LeaderElection (LogUtils.java:infoOrTrace(149)) - 090573f1-c213-462e-b422-6463ca97c373@group-848D76B22711-LeaderElection1107 got exception when requesting votes: {}
java.util.concurrent.ExecutionException: org.apache.ratis.thirdparty.io.grpc.StatusRuntimeException: UNAVAILABLE: io exception
	at java.util.concurrent.FutureTask.report(FutureTask.java:122)
	at java.util.concurrent.FutureTask.get(FutureTask.java:192)
	at org.apache.ratis.server.impl.LeaderElection.waitForResults(LeaderElection.java:259)
	at org.apache.ratis.server.impl.LeaderElection.askForVotes(LeaderElection.java:197)
	at org.apache.ratis.server.impl.LeaderElection.run(LeaderElection.java:133)
	at java.lang.Thread.run(Thread.java:748)
Caused by: org.apache.ratis.thirdparty.io.grpc.StatusRuntimeException: UNAVAILABLE: io exception
	at org.apache.ratis.thirdparty.io.grpc.stub.ClientCalls.toStatusRuntimeException(ClientCalls.java:233)
	at org.apache.ratis.thirdparty.io.grpc.stub.ClientCalls.getUnchecked(ClientCalls.java:214)
	at org.apache.ratis.thirdparty.io.grpc.stub.ClientCalls.blockingUnaryCall(ClientCalls.java:139)
	at org.apache.ratis.proto.grpc.RaftServerProtocolServiceGrpc$RaftServerProtocolServiceBlockingStub.requestVote(RaftServerProtocolServiceGrpc.java:265)
	at org.apache.ratis.grpc.server.GrpcServerProtocolClient.requestVote(GrpcServerProtocolClient.java:99)
	at org.apache.ratis.grpc.server.GrpcService.requestVote(GrpcService.java:204)
	at org.apache.ratis.server.impl.LeaderElection.lambda$submitRequests$1(LeaderElection.java:234)
	at java.util.concurrent.FutureTask.run(FutureTask.java:266)
	at java.util.concurrent.Executors$RunnableAdapter.call(Executors.java:511)
	at java.util.concurrent.FutureTask.run(FutureTask.java:266)
	at java.util.concurrent.ThreadPoolExecutor.runWorker(ThreadPoolExecutor.java:1149)
	at java.util.concurrent.ThreadPoolExecutor$Worker.run(ThreadPoolExecutor.java:624)
	... 1 more
Caused by: org.apache.ratis.thirdparty.io.netty.channel.AbstractChannel$AnnotatedConnectException: Connection refused: /192.168.69.102:43737
	at sun.nio.ch.SocketChannelImpl.checkConnect(Native Method)
	at sun.nio.ch.SocketChannelImpl.finishConnect(SocketChannelImpl.java:717)
	at org.apache.ratis.thirdparty.io.netty.channel.socket.nio.NioSocketChannel.doFinishConnect(NioSocketChannel.java:327)
	at org.apache.ratis.thirdparty.io.netty.channel.nio.AbstractNioChannel$AbstractNioUnsafe.finishConnect(AbstractNioChannel.java:340)
	at org.apache.ratis.thirdparty.io.netty.channel.nio.NioEventLoop.processSelectedKey(NioEventLoop.java:632)
	at org.apache.ratis.thirdparty.io.netty.channel.nio.NioEventLoop.processSelectedKeysOptimized(NioEventLoop.java:579)
	at org.apache.ratis.thirdparty.io.netty.channel.nio.NioEventLoop.processSelectedKeys(NioEventLoop.java:496)
	at org.apache.ratis.thirdparty.io.netty.channel.nio.NioEventLoop.run(NioEventLoop.java:458)
	at org.apache.ratis.thirdparty.io.netty.util.concurrent.SingleThreadEventExecutor$5.run(SingleThreadEventExecutor.java:897)
	at org.apache.ratis.thirdparty.io.netty.util.concurrent.FastThreadLocalRunnable.run(FastThreadLocalRunnable.java:30)
	... 1 more
Caused by: java.net.ConnectException: Connection refused
	... 11 more
2019-10-15 21:19:04,243 [grpc-default-executor-12] INFO  impl.RaftServerImpl (RaftServerImpl.java:setRole(184)) - db364705-f60f-4be7-83db-fd25b014fd0b@group-848D76B22711: changes role from  FOLLOWER to FOLLOWER at term 132 for recognizeCandidate:090573f1-c213-462e-b422-6463ca97c373
2019-10-15 21:19:04,243 [grpc-default-executor-12] INFO  impl.RoleInfo (RoleInfo.java:shutdownFollowerState(121)) - db364705-f60f-4be7-83db-fd25b014fd0b: shutdown FollowerState
2019-10-15 21:19:04,243 [grpc-default-executor-12] INFO  impl.RoleInfo (RoleInfo.java:updateAndGet(143)) - db364705-f60f-4be7-83db-fd25b014fd0b: start FollowerState
2019-10-15 21:19:04,243 [Thread-9419] INFO  impl.FollowerState (FollowerState.java:run(117)) - db364705-f60f-4be7-83db-fd25b014fd0b@group-848D76B22711-FollowerState was interrupted: java.lang.InterruptedException: sleep interrupted
2019-10-15 21:19:04,265 [090573f1-c213-462e-b422-6463ca97c373@group-848D76B22711-LeaderElection1107] INFO  impl.LeaderElection (LeaderElection.java:logAndReturn(56)) - 090573f1-c213-462e-b422-6463ca97c373@group-848D76B22711-LeaderElection1107: Election REJECTED; received 1 response(s) [090573f1-c213-462e-b422-6463ca97c373<-db364705-f60f-4be7-83db-fd25b014fd0b#0:FAIL-t132] and 1 exception(s); 090573f1-c213-462e-b422-6463ca97c373@group-848D76B22711:t132, leader=null, voted=090573f1-c213-462e-b422-6463ca97c373, raftlog=090573f1-c213-462e-b422-6463ca97c373@group-848D76B22711-SegmentedRaftLog:OPENED:c-1,f-1,i0, conf=-1: [93d557fa-335e-4e3d-b2bb-e33832802906:192.168.69.102:43737, 090573f1-c213-462e-b422-6463ca97c373:192.168.69.102:43336, db364705-f60f-4be7-83db-fd25b014fd0b:192.168.69.102:41270], old=null
2019-10-15 21:19:04,265 [090573f1-c213-462e-b422-6463ca97c373@group-848D76B22711-LeaderElection1107] INFO  impl.LeaderElection (LogUtils.java:infoOrTrace(149)) -   Exception 0: {}
java.util.concurrent.ExecutionException: org.apache.ratis.thirdparty.io.grpc.StatusRuntimeException: UNAVAILABLE: io exception
	at java.util.concurrent.FutureTask.report(FutureTask.java:122)
	at java.util.concurrent.FutureTask.get(FutureTask.java:192)
	at org.apache.ratis.server.impl.LeaderElection.waitForResults(LeaderElection.java:259)
	at org.apache.ratis.server.impl.LeaderElection.askForVotes(LeaderElection.java:197)
	at org.apache.ratis.server.impl.LeaderElection.run(LeaderElection.java:133)
	at java.lang.Thread.run(Thread.java:748)
Caused by: org.apache.ratis.thirdparty.io.grpc.StatusRuntimeException: UNAVAILABLE: io exception
	at org.apache.ratis.thirdparty.io.grpc.stub.ClientCalls.toStatusRuntimeException(ClientCalls.java:233)
	at org.apache.ratis.thirdparty.io.grpc.stub.ClientCalls.getUnchecked(ClientCalls.java:214)
	at org.apache.ratis.thirdparty.io.grpc.stub.ClientCalls.blockingUnaryCall(ClientCalls.java:139)
	at org.apache.ratis.proto.grpc.RaftServerProtocolServiceGrpc$RaftServerProtocolServiceBlockingStub.requestVote(RaftServerProtocolServiceGrpc.java:265)
	at org.apache.ratis.grpc.server.GrpcServerProtocolClient.requestVote(GrpcServerProtocolClient.java:99)
	at org.apache.ratis.grpc.server.GrpcService.requestVote(GrpcService.java:204)
	at org.apache.ratis.server.impl.LeaderElection.lambda$submitRequests$1(LeaderElection.java:234)
	at java.util.concurrent.FutureTask.run(FutureTask.java:266)
	at java.util.concurrent.Executors$RunnableAdapter.call(Executors.java:511)
	at java.util.concurrent.FutureTask.run(FutureTask.java:266)
	at java.util.concurrent.ThreadPoolExecutor.runWorker(ThreadPoolExecutor.java:1149)
	at java.util.concurrent.ThreadPoolExecutor$Worker.run(ThreadPoolExecutor.java:624)
	... 1 more
Caused by: org.apache.ratis.thirdparty.io.netty.channel.AbstractChannel$AnnotatedConnectException: Connection refused: /192.168.69.102:43737
	at sun.nio.ch.SocketChannelImpl.checkConnect(Native Method)
	at sun.nio.ch.SocketChannelImpl.finishConnect(SocketChannelImpl.java:717)
	at org.apache.ratis.thirdparty.io.netty.channel.socket.nio.NioSocketChannel.doFinishConnect(NioSocketChannel.java:327)
	at org.apache.ratis.thirdparty.io.netty.channel.nio.AbstractNioChannel$AbstractNioUnsafe.finishConnect(AbstractNioChannel.java:340)
	at org.apache.ratis.thirdparty.io.netty.channel.nio.NioEventLoop.processSelectedKey(NioEventLoop.java:632)
	at org.apache.ratis.thirdparty.io.netty.channel.nio.NioEventLoop.processSelectedKeysOptimized(NioEventLoop.java:579)
	at org.apache.ratis.thirdparty.io.netty.channel.nio.NioEventLoop.processSelectedKeys(NioEventLoop.java:496)
	at org.apache.ratis.thirdparty.io.netty.channel.nio.NioEventLoop.run(NioEventLoop.java:458)
	at org.apache.ratis.thirdparty.io.netty.util.concurrent.SingleThreadEventExecutor$5.run(SingleThreadEventExecutor.java:897)
	at org.apache.ratis.thirdparty.io.netty.util.concurrent.FastThreadLocalRunnable.run(FastThreadLocalRunnable.java:30)
	... 1 more
Caused by: java.net.ConnectException: Connection refused
	... 11 more
2019-10-15 21:19:04,266 [090573f1-c213-462e-b422-6463ca97c373@group-848D76B22711-LeaderElection1107] INFO  impl.RaftServerImpl (RaftServerImpl.java:setRole(184)) - 090573f1-c213-462e-b422-6463ca97c373@group-848D76B22711: changes role from CANDIDATE to FOLLOWER at term 132 for DISCOVERED_A_NEW_TERM
2019-10-15 21:19:04,266 [090573f1-c213-462e-b422-6463ca97c373@group-848D76B22711-LeaderElection1107] INFO  impl.RoleInfo (RoleInfo.java:shutdownLeaderElection(134)) - 090573f1-c213-462e-b422-6463ca97c373: shutdown LeaderElection
2019-10-15 21:19:04,266 [090573f1-c213-462e-b422-6463ca97c373@group-848D76B22711-LeaderElection1107] INFO  impl.RoleInfo (RoleInfo.java:updateAndGet(143)) - 090573f1-c213-462e-b422-6463ca97c373: start FollowerState
2019-10-15 21:19:04,429 [Thread-9427] INFO  impl.FollowerState (FollowerState.java:run(108)) - 090573f1-c213-462e-b422-6463ca97c373@group-848D76B22711-FollowerState: change to CANDIDATE, lastRpcTime:163ms, electionTimeout:163ms
2019-10-15 21:19:04,429 [Thread-9427] INFO  impl.RoleInfo (RoleInfo.java:shutdownFollowerState(121)) - 090573f1-c213-462e-b422-6463ca97c373: shutdown FollowerState
2019-10-15 21:19:04,429 [Thread-9427] INFO  impl.RaftServerImpl (RaftServerImpl.java:setRole(184)) - 090573f1-c213-462e-b422-6463ca97c373@group-848D76B22711: changes role from  FOLLOWER to CANDIDATE at term 132 for changeToCandidate
2019-10-15 21:19:04,429 [Thread-9427] INFO  impl.RoleInfo (RoleInfo.java:updateAndGet(143)) - 090573f1-c213-462e-b422-6463ca97c373: start LeaderElection
2019-10-15 21:19:04,440 [090573f1-c213-462e-b422-6463ca97c373@group-848D76B22711-LeaderElection1108] INFO  impl.LeaderElection (LeaderElection.java:askForVotes(178)) - 090573f1-c213-462e-b422-6463ca97c373@group-848D76B22711-LeaderElection1108: begin an election at term 133 for -1: [93d557fa-335e-4e3d-b2bb-e33832802906:192.168.69.102:43737, 090573f1-c213-462e-b422-6463ca97c373:192.168.69.102:43336, db364705-f60f-4be7-83db-fd25b014fd0b:192.168.69.102:41270], old=null
2019-10-15 21:19:04,441 [090573f1-c213-462e-b422-6463ca97c373@group-848D76B22711-LeaderElection1108] INFO  impl.LeaderElection (LogUtils.java:infoOrTrace(149)) - 090573f1-c213-462e-b422-6463ca97c373@group-848D76B22711-LeaderElection1108 got exception when requesting votes: {}
java.util.concurrent.ExecutionException: org.apache.ratis.thirdparty.io.grpc.StatusRuntimeException: UNAVAILABLE: io exception
	at java.util.concurrent.FutureTask.report(FutureTask.java:122)
	at java.util.concurrent.FutureTask.get(FutureTask.java:192)
	at org.apache.ratis.server.impl.LeaderElection.waitForResults(LeaderElection.java:259)
	at org.apache.ratis.server.impl.LeaderElection.askForVotes(LeaderElection.java:197)
	at org.apache.ratis.server.impl.LeaderElection.run(LeaderElection.java:133)
	at java.lang.Thread.run(Thread.java:748)
Caused by: org.apache.ratis.thirdparty.io.grpc.StatusRuntimeException: UNAVAILABLE: io exception
	at org.apache.ratis.thirdparty.io.grpc.stub.ClientCalls.toStatusRuntimeException(ClientCalls.java:233)
	at org.apache.ratis.thirdparty.io.grpc.stub.ClientCalls.getUnchecked(ClientCalls.java:214)
	at org.apache.ratis.thirdparty.io.grpc.stub.ClientCalls.blockingUnaryCall(ClientCalls.java:139)
	at org.apache.ratis.proto.grpc.RaftServerProtocolServiceGrpc$RaftServerProtocolServiceBlockingStub.requestVote(RaftServerProtocolServiceGrpc.java:265)
	at org.apache.ratis.grpc.server.GrpcServerProtocolClient.requestVote(GrpcServerProtocolClient.java:99)
	at org.apache.ratis.grpc.server.GrpcService.requestVote(GrpcService.java:204)
	at org.apache.ratis.server.impl.LeaderElection.lambda$submitRequests$1(LeaderElection.java:234)
	at java.util.concurrent.FutureTask.run(FutureTask.java:266)
	at java.util.concurrent.Executors$RunnableAdapter.call(Executors.java:511)
	at java.util.concurrent.FutureTask.run(FutureTask.java:266)
	at java.util.concurrent.ThreadPoolExecutor.runWorker(ThreadPoolExecutor.java:1149)
	at java.util.concurrent.ThreadPoolExecutor$Worker.run(ThreadPoolExecutor.java:624)
	... 1 more
Caused by: org.apache.ratis.thirdparty.io.netty.channel.AbstractChannel$AnnotatedConnectException: Connection refused: /192.168.69.102:43737
	at sun.nio.ch.SocketChannelImpl.checkConnect(Native Method)
	at sun.nio.ch.SocketChannelImpl.finishConnect(SocketChannelImpl.java:717)
	at org.apache.ratis.thirdparty.io.netty.channel.socket.nio.NioSocketChannel.doFinishConnect(NioSocketChannel.java:327)
	at org.apache.ratis.thirdparty.io.netty.channel.nio.AbstractNioChannel$AbstractNioUnsafe.finishConnect(AbstractNioChannel.java:340)
	at org.apache.ratis.thirdparty.io.netty.channel.nio.NioEventLoop.processSelectedKey(NioEventLoop.java:632)
	at org.apache.ratis.thirdparty.io.netty.channel.nio.NioEventLoop.processSelectedKeysOptimized(NioEventLoop.java:579)
	at org.apache.ratis.thirdparty.io.netty.channel.nio.NioEventLoop.processSelectedKeys(NioEventLoop.java:496)
	at org.apache.ratis.thirdparty.io.netty.channel.nio.NioEventLoop.run(NioEventLoop.java:458)
	at org.apache.ratis.thirdparty.io.netty.util.concurrent.SingleThreadEventExecutor$5.run(SingleThreadEventExecutor.java:897)
	at org.apache.ratis.thirdparty.io.netty.util.concurrent.FastThreadLocalRunnable.run(FastThreadLocalRunnable.java:30)
	... 1 more
Caused by: java.net.ConnectException: Connection refused
	... 11 more
2019-10-15 21:19:04,441 [grpc-default-executor-12] INFO  impl.RaftServerImpl (RaftServerImpl.java:setRole(184)) - db364705-f60f-4be7-83db-fd25b014fd0b@group-848D76B22711: changes role from  FOLLOWER to FOLLOWER at term 133 for recognizeCandidate:090573f1-c213-462e-b422-6463ca97c373
2019-10-15 21:19:04,441 [grpc-default-executor-12] INFO  impl.RoleInfo (RoleInfo.java:shutdownFollowerState(121)) - db364705-f60f-4be7-83db-fd25b014fd0b: shutdown FollowerState
2019-10-15 21:19:04,441 [grpc-default-executor-12] INFO  impl.RoleInfo (RoleInfo.java:updateAndGet(143)) - db364705-f60f-4be7-83db-fd25b014fd0b: start FollowerState
2019-10-15 21:19:04,441 [Thread-9426] INFO  impl.FollowerState (FollowerState.java:run(117)) - db364705-f60f-4be7-83db-fd25b014fd0b@group-848D76B22711-FollowerState was interrupted: java.lang.InterruptedException: sleep interrupted
2019-10-15 21:19:04,447 [090573f1-c213-462e-b422-6463ca97c373@group-848D76B22711-LeaderElection1108] INFO  impl.LeaderElection (LeaderElection.java:logAndReturn(56)) - 090573f1-c213-462e-b422-6463ca97c373@group-848D76B22711-LeaderElection1108: Election REJECTED; received 1 response(s) [090573f1-c213-462e-b422-6463ca97c373<-db364705-f60f-4be7-83db-fd25b014fd0b#0:FAIL-t133] and 1 exception(s); 090573f1-c213-462e-b422-6463ca97c373@group-848D76B22711:t133, leader=null, voted=090573f1-c213-462e-b422-6463ca97c373, raftlog=090573f1-c213-462e-b422-6463ca97c373@group-848D76B22711-SegmentedRaftLog:OPENED:c-1,f-1,i0, conf=-1: [93d557fa-335e-4e3d-b2bb-e33832802906:192.168.69.102:43737, 090573f1-c213-462e-b422-6463ca97c373:192.168.69.102:43336, db364705-f60f-4be7-83db-fd25b014fd0b:192.168.69.102:41270], old=null
2019-10-15 21:19:04,447 [090573f1-c213-462e-b422-6463ca97c373@group-848D76B22711-LeaderElection1108] INFO  impl.LeaderElection (LogUtils.java:infoOrTrace(149)) -   Exception 0: {}
java.util.concurrent.ExecutionException: org.apache.ratis.thirdparty.io.grpc.StatusRuntimeException: UNAVAILABLE: io exception
	at java.util.concurrent.FutureTask.report(FutureTask.java:122)
	at java.util.concurrent.FutureTask.get(FutureTask.java:192)
	at org.apache.ratis.server.impl.LeaderElection.waitForResults(LeaderElection.java:259)
	at org.apache.ratis.server.impl.LeaderElection.askForVotes(LeaderElection.java:197)
	at org.apache.ratis.server.impl.LeaderElection.run(LeaderElection.java:133)
	at java.lang.Thread.run(Thread.java:748)
Caused by: org.apache.ratis.thirdparty.io.grpc.StatusRuntimeException: UNAVAILABLE: io exception
	at org.apache.ratis.thirdparty.io.grpc.stub.ClientCalls.toStatusRuntimeException(ClientCalls.java:233)
	at org.apache.ratis.thirdparty.io.grpc.stub.ClientCalls.getUnchecked(ClientCalls.java:214)
	at org.apache.ratis.thirdparty.io.grpc.stub.ClientCalls.blockingUnaryCall(ClientCalls.java:139)
	at org.apache.ratis.proto.grpc.RaftServerProtocolServiceGrpc$RaftServerProtocolServiceBlockingStub.requestVote(RaftServerProtocolServiceGrpc.java:265)
	at org.apache.ratis.grpc.server.GrpcServerProtocolClient.requestVote(GrpcServerProtocolClient.java:99)
	at org.apache.ratis.grpc.server.GrpcService.requestVote(GrpcService.java:204)
	at org.apache.ratis.server.impl.LeaderElection.lambda$submitRequests$1(LeaderElection.java:234)
	at java.util.concurrent.FutureTask.run(FutureTask.java:266)
	at java.util.concurrent.Executors$RunnableAdapter.call(Executors.java:511)
	at java.util.concurrent.FutureTask.run(FutureTask.java:266)
	at java.util.concurrent.ThreadPoolExecutor.runWorker(ThreadPoolExecutor.java:1149)
	at java.util.concurrent.ThreadPoolExecutor$Worker.run(ThreadPoolExecutor.java:624)
	... 1 more
Caused by: org.apache.ratis.thirdparty.io.netty.channel.AbstractChannel$AnnotatedConnectException: Connection refused: /192.168.69.102:43737
	at sun.nio.ch.SocketChannelImpl.checkConnect(Native Method)
	at sun.nio.ch.SocketChannelImpl.finishConnect(SocketChannelImpl.java:717)
	at org.apache.ratis.thirdparty.io.netty.channel.socket.nio.NioSocketChannel.doFinishConnect(NioSocketChannel.java:327)
	at org.apache.ratis.thirdparty.io.netty.channel.nio.AbstractNioChannel$AbstractNioUnsafe.finishConnect(AbstractNioChannel.java:340)
	at org.apache.ratis.thirdparty.io.netty.channel.nio.NioEventLoop.processSelectedKey(NioEventLoop.java:632)
	at org.apache.ratis.thirdparty.io.netty.channel.nio.NioEventLoop.processSelectedKeysOptimized(NioEventLoop.java:579)
	at org.apache.ratis.thirdparty.io.netty.channel.nio.NioEventLoop.processSelectedKeys(NioEventLoop.java:496)
	at org.apache.ratis.thirdparty.io.netty.channel.nio.NioEventLoop.run(NioEventLoop.java:458)
	at org.apache.ratis.thirdparty.io.netty.util.concurrent.SingleThreadEventExecutor$5.run(SingleThreadEventExecutor.java:897)
	at org.apache.ratis.thirdparty.io.netty.util.concurrent.FastThreadLocalRunnable.run(FastThreadLocalRunnable.java:30)
	... 1 more
Caused by: java.net.ConnectException: Connection refused
	... 11 more
2019-10-15 21:19:04,447 [090573f1-c213-462e-b422-6463ca97c373@group-848D76B22711-LeaderElection1108] INFO  impl.RaftServerImpl (RaftServerImpl.java:setRole(184)) - 090573f1-c213-462e-b422-6463ca97c373@group-848D76B22711: changes role from CANDIDATE to FOLLOWER at term 133 for DISCOVERED_A_NEW_TERM
2019-10-15 21:19:04,447 [090573f1-c213-462e-b422-6463ca97c373@group-848D76B22711-LeaderElection1108] INFO  impl.RoleInfo (RoleInfo.java:shutdownLeaderElection(134)) - 090573f1-c213-462e-b422-6463ca97c373: shutdown LeaderElection
2019-10-15 21:19:04,447 [090573f1-c213-462e-b422-6463ca97c373@group-848D76B22711-LeaderElection1108] INFO  impl.RoleInfo (RoleInfo.java:updateAndGet(143)) - 090573f1-c213-462e-b422-6463ca97c373: start FollowerState
2019-10-15 21:19:04,525 [Thread-9434] INFO  impl.FollowerState (FollowerState.java:run(108)) - 090573f1-c213-462e-b422-6463ca97c373@group-848D76B22711-FollowerState: change to CANDIDATE, lastRpcTime:77ms, electionTimeout:77ms
2019-10-15 21:19:04,525 [Thread-9434] INFO  impl.RoleInfo (RoleInfo.java:shutdownFollowerState(121)) - 090573f1-c213-462e-b422-6463ca97c373: shutdown FollowerState
2019-10-15 21:19:04,525 [Thread-9434] INFO  impl.RaftServerImpl (RaftServerImpl.java:setRole(184)) - 090573f1-c213-462e-b422-6463ca97c373@group-848D76B22711: changes role from  FOLLOWER to CANDIDATE at term 133 for changeToCandidate
2019-10-15 21:19:04,525 [Thread-9434] INFO  impl.RoleInfo (RoleInfo.java:updateAndGet(143)) - 090573f1-c213-462e-b422-6463ca97c373: start LeaderElection
2019-10-15 21:19:04,535 [090573f1-c213-462e-b422-6463ca97c373@group-848D76B22711-LeaderElection1109] INFO  impl.LeaderElection (LeaderElection.java:askForVotes(178)) - 090573f1-c213-462e-b422-6463ca97c373@group-848D76B22711-LeaderElection1109: begin an election at term 134 for -1: [93d557fa-335e-4e3d-b2bb-e33832802906:192.168.69.102:43737, 090573f1-c213-462e-b422-6463ca97c373:192.168.69.102:43336, db364705-f60f-4be7-83db-fd25b014fd0b:192.168.69.102:41270], old=null
2019-10-15 21:19:04,536 [090573f1-c213-462e-b422-6463ca97c373@group-848D76B22711-LeaderElection1109] INFO  impl.LeaderElection (LogUtils.java:infoOrTrace(149)) - 090573f1-c213-462e-b422-6463ca97c373@group-848D76B22711-LeaderElection1109 got exception when requesting votes: {}
java.util.concurrent.ExecutionException: org.apache.ratis.thirdparty.io.grpc.StatusRuntimeException: UNAVAILABLE: io exception
	at java.util.concurrent.FutureTask.report(FutureTask.java:122)
	at java.util.concurrent.FutureTask.get(FutureTask.java:192)
	at org.apache.ratis.server.impl.LeaderElection.waitForResults(LeaderElection.java:259)
	at org.apache.ratis.server.impl.LeaderElection.askForVotes(LeaderElection.java:197)
	at org.apache.ratis.server.impl.LeaderElection.run(LeaderElection.java:133)
	at java.lang.Thread.run(Thread.java:748)
Caused by: org.apache.ratis.thirdparty.io.grpc.StatusRuntimeException: UNAVAILABLE: io exception
	at org.apache.ratis.thirdparty.io.grpc.stub.ClientCalls.toStatusRuntimeException(ClientCalls.java:233)
	at org.apache.ratis.thirdparty.io.grpc.stub.ClientCalls.getUnchecked(ClientCalls.java:214)
	at org.apache.ratis.thirdparty.io.grpc.stub.ClientCalls.blockingUnaryCall(ClientCalls.java:139)
	at org.apache.ratis.proto.grpc.RaftServerProtocolServiceGrpc$RaftServerProtocolServiceBlockingStub.requestVote(RaftServerProtocolServiceGrpc.java:265)
	at org.apache.ratis.grpc.server.GrpcServerProtocolClient.requestVote(GrpcServerProtocolClient.java:99)
	at org.apache.ratis.grpc.server.GrpcService.requestVote(GrpcService.java:204)
	at org.apache.ratis.server.impl.LeaderElection.lambda$submitRequests$1(LeaderElection.java:234)
	at java.util.concurrent.FutureTask.run(FutureTask.java:266)
	at java.util.concurrent.Executors$RunnableAdapter.call(Executors.java:511)
	at java.util.concurrent.FutureTask.run(FutureTask.java:266)
	at java.util.concurrent.ThreadPoolExecutor.runWorker(ThreadPoolExecutor.java:1149)
	at java.util.concurrent.ThreadPoolExecutor$Worker.run(ThreadPoolExecutor.java:624)
	... 1 more
Caused by: org.apache.ratis.thirdparty.io.netty.channel.AbstractChannel$AnnotatedConnectException: Connection refused: /192.168.69.102:43737
	at sun.nio.ch.SocketChannelImpl.checkConnect(Native Method)
	at sun.nio.ch.SocketChannelImpl.finishConnect(SocketChannelImpl.java:717)
	at org.apache.ratis.thirdparty.io.netty.channel.socket.nio.NioSocketChannel.doFinishConnect(NioSocketChannel.java:327)
	at org.apache.ratis.thirdparty.io.netty.channel.nio.AbstractNioChannel$AbstractNioUnsafe.finishConnect(AbstractNioChannel.java:340)
	at org.apache.ratis.thirdparty.io.netty.channel.nio.NioEventLoop.processSelectedKey(NioEventLoop.java:632)
	at org.apache.ratis.thirdparty.io.netty.channel.nio.NioEventLoop.processSelectedKeysOptimized(NioEventLoop.java:579)
	at org.apache.ratis.thirdparty.io.netty.channel.nio.NioEventLoop.processSelectedKeys(NioEventLoop.java:496)
	at org.apache.ratis.thirdparty.io.netty.channel.nio.NioEventLoop.run(NioEventLoop.java:458)
	at org.apache.ratis.thirdparty.io.netty.util.concurrent.SingleThreadEventExecutor$5.run(SingleThreadEventExecutor.java:897)
	at org.apache.ratis.thirdparty.io.netty.util.concurrent.FastThreadLocalRunnable.run(FastThreadLocalRunnable.java:30)
	... 1 more
Caused by: java.net.ConnectException: Connection refused
	... 11 more
2019-10-15 21:19:04,536 [grpc-default-executor-12] INFO  impl.RaftServerImpl (RaftServerImpl.java:setRole(184)) - db364705-f60f-4be7-83db-fd25b014fd0b@group-848D76B22711: changes role from  FOLLOWER to FOLLOWER at term 134 for recognizeCandidate:090573f1-c213-462e-b422-6463ca97c373
2019-10-15 21:19:04,536 [grpc-default-executor-12] INFO  impl.RoleInfo (RoleInfo.java:shutdownFollowerState(121)) - db364705-f60f-4be7-83db-fd25b014fd0b: shutdown FollowerState
2019-10-15 21:19:04,536 [grpc-default-executor-12] INFO  impl.RoleInfo (RoleInfo.java:updateAndGet(143)) - db364705-f60f-4be7-83db-fd25b014fd0b: start FollowerState
2019-10-15 21:19:04,536 [Thread-9433] INFO  impl.FollowerState (FollowerState.java:run(117)) - db364705-f60f-4be7-83db-fd25b014fd0b@group-848D76B22711-FollowerState was interrupted: java.lang.InterruptedException: sleep interrupted
2019-10-15 21:19:04,552 [090573f1-c213-462e-b422-6463ca97c373@group-848D76B22711-LeaderElection1109] INFO  impl.LeaderElection (LeaderElection.java:logAndReturn(56)) - 090573f1-c213-462e-b422-6463ca97c373@group-848D76B22711-LeaderElection1109: Election REJECTED; received 1 response(s) [090573f1-c213-462e-b422-6463ca97c373<-db364705-f60f-4be7-83db-fd25b014fd0b#0:FAIL-t134] and 1 exception(s); 090573f1-c213-462e-b422-6463ca97c373@group-848D76B22711:t134, leader=null, voted=090573f1-c213-462e-b422-6463ca97c373, raftlog=090573f1-c213-462e-b422-6463ca97c373@group-848D76B22711-SegmentedRaftLog:OPENED:c-1,f-1,i0, conf=-1: [93d557fa-335e-4e3d-b2bb-e33832802906:192.168.69.102:43737, 090573f1-c213-462e-b422-6463ca97c373:192.168.69.102:43336, db364705-f60f-4be7-83db-fd25b014fd0b:192.168.69.102:41270], old=null
2019-10-15 21:19:04,552 [090573f1-c213-462e-b422-6463ca97c373@group-848D76B22711-LeaderElection1109] INFO  impl.LeaderElection (LogUtils.java:infoOrTrace(149)) -   Exception 0: {}
java.util.concurrent.ExecutionException: org.apache.ratis.thirdparty.io.grpc.StatusRuntimeException: UNAVAILABLE: io exception
	at java.util.concurrent.FutureTask.report(FutureTask.java:122)
	at java.util.concurrent.FutureTask.get(FutureTask.java:192)
	at org.apache.ratis.server.impl.LeaderElection.waitForResults(LeaderElection.java:259)
	at org.apache.ratis.server.impl.LeaderElection.askForVotes(LeaderElection.java:197)
	at org.apache.ratis.server.impl.LeaderElection.run(LeaderElection.java:133)
	at java.lang.Thread.run(Thread.java:748)
Caused by: org.apache.ratis.thirdparty.io.grpc.StatusRuntimeException: UNAVAILABLE: io exception
	at org.apache.ratis.thirdparty.io.grpc.stub.ClientCalls.toStatusRuntimeException(ClientCalls.java:233)
	at org.apache.ratis.thirdparty.io.grpc.stub.ClientCalls.getUnchecked(ClientCalls.java:214)
	at org.apache.ratis.thirdparty.io.grpc.stub.ClientCalls.blockingUnaryCall(ClientCalls.java:139)
	at org.apache.ratis.proto.grpc.RaftServerProtocolServiceGrpc$RaftServerProtocolServiceBlockingStub.requestVote(RaftServerProtocolServiceGrpc.java:265)
	at org.apache.ratis.grpc.server.GrpcServerProtocolClient.requestVote(GrpcServerProtocolClient.java:99)
	at org.apache.ratis.grpc.server.GrpcService.requestVote(GrpcService.java:204)
	at org.apache.ratis.server.impl.LeaderElection.lambda$submitRequests$1(LeaderElection.java:234)
	at java.util.concurrent.FutureTask.run(FutureTask.java:266)
	at java.util.concurrent.Executors$RunnableAdapter.call(Executors.java:511)
	at java.util.concurrent.FutureTask.run(FutureTask.java:266)
	at java.util.concurrent.ThreadPoolExecutor.runWorker(ThreadPoolExecutor.java:1149)
	at java.util.concurrent.ThreadPoolExecutor$Worker.run(ThreadPoolExecutor.java:624)
	... 1 more
Caused by: org.apache.ratis.thirdparty.io.netty.channel.AbstractChannel$AnnotatedConnectException: Connection refused: /192.168.69.102:43737
	at sun.nio.ch.SocketChannelImpl.checkConnect(Native Method)
	at sun.nio.ch.SocketChannelImpl.finishConnect(SocketChannelImpl.java:717)
	at org.apache.ratis.thirdparty.io.netty.channel.socket.nio.NioSocketChannel.doFinishConnect(NioSocketChannel.java:327)
	at org.apache.ratis.thirdparty.io.netty.channel.nio.AbstractNioChannel$AbstractNioUnsafe.finishConnect(AbstractNioChannel.java:340)
	at org.apache.ratis.thirdparty.io.netty.channel.nio.NioEventLoop.processSelectedKey(NioEventLoop.java:632)
	at org.apache.ratis.thirdparty.io.netty.channel.nio.NioEventLoop.processSelectedKeysOptimized(NioEventLoop.java:579)
	at org.apache.ratis.thirdparty.io.netty.channel.nio.NioEventLoop.processSelectedKeys(NioEventLoop.java:496)
	at org.apache.ratis.thirdparty.io.netty.channel.nio.NioEventLoop.run(NioEventLoop.java:458)
	at org.apache.ratis.thirdparty.io.netty.util.concurrent.SingleThreadEventExecutor$5.run(SingleThreadEventExecutor.java:897)
	at org.apache.ratis.thirdparty.io.netty.util.concurrent.FastThreadLocalRunnable.run(FastThreadLocalRunnable.java:30)
	... 1 more
Caused by: java.net.ConnectException: Connection refused
	... 11 more
2019-10-15 21:19:04,552 [090573f1-c213-462e-b422-6463ca97c373@group-848D76B22711-LeaderElection1109] INFO  impl.RaftServerImpl (RaftServerImpl.java:setRole(184)) - 090573f1-c213-462e-b422-6463ca97c373@group-848D76B22711: changes role from CANDIDATE to FOLLOWER at term 134 for DISCOVERED_A_NEW_TERM
2019-10-15 21:19:04,552 [090573f1-c213-462e-b422-6463ca97c373@group-848D76B22711-LeaderElection1109] INFO  impl.RoleInfo (RoleInfo.java:shutdownLeaderElection(134)) - 090573f1-c213-462e-b422-6463ca97c373: shutdown LeaderElection
2019-10-15 21:19:04,552 [090573f1-c213-462e-b422-6463ca97c373@group-848D76B22711-LeaderElection1109] INFO  impl.RoleInfo (RoleInfo.java:updateAndGet(143)) - 090573f1-c213-462e-b422-6463ca97c373: start FollowerState
2019-10-15 21:19:04,613 [Thread-9439] INFO  impl.FollowerState (FollowerState.java:run(108)) - 090573f1-c213-462e-b422-6463ca97c373@group-848D76B22711-FollowerState: change to CANDIDATE, lastRpcTime:60ms, electionTimeout:60ms
2019-10-15 21:19:04,613 [Thread-9439] INFO  impl.RoleInfo (RoleInfo.java:shutdownFollowerState(121)) - 090573f1-c213-462e-b422-6463ca97c373: shutdown FollowerState
2019-10-15 21:19:04,613 [Thread-9439] INFO  impl.RaftServerImpl (RaftServerImpl.java:setRole(184)) - 090573f1-c213-462e-b422-6463ca97c373@group-848D76B22711: changes role from  FOLLOWER to CANDIDATE at term 134 for changeToCandidate
2019-10-15 21:19:04,613 [Thread-9439] INFO  impl.RoleInfo (RoleInfo.java:updateAndGet(143)) - 090573f1-c213-462e-b422-6463ca97c373: start LeaderElection
2019-10-15 21:19:04,620 [090573f1-c213-462e-b422-6463ca97c373@group-848D76B22711-LeaderElection1110] INFO  impl.LeaderElection (LeaderElection.java:askForVotes(178)) - 090573f1-c213-462e-b422-6463ca97c373@group-848D76B22711-LeaderElection1110: begin an election at term 135 for -1: [93d557fa-335e-4e3d-b2bb-e33832802906:192.168.69.102:43737, 090573f1-c213-462e-b422-6463ca97c373:192.168.69.102:43336, db364705-f60f-4be7-83db-fd25b014fd0b:192.168.69.102:41270], old=null
2019-10-15 21:19:04,620 [090573f1-c213-462e-b422-6463ca97c373@group-848D76B22711-LeaderElection1110] INFO  impl.LeaderElection (LogUtils.java:infoOrTrace(149)) - 090573f1-c213-462e-b422-6463ca97c373@group-848D76B22711-LeaderElection1110 got exception when requesting votes: {}
java.util.concurrent.ExecutionException: org.apache.ratis.thirdparty.io.grpc.StatusRuntimeException: UNAVAILABLE: io exception
	at java.util.concurrent.FutureTask.report(FutureTask.java:122)
	at java.util.concurrent.FutureTask.get(FutureTask.java:192)
	at org.apache.ratis.server.impl.LeaderElection.waitForResults(LeaderElection.java:259)
	at org.apache.ratis.server.impl.LeaderElection.askForVotes(LeaderElection.java:197)
	at org.apache.ratis.server.impl.LeaderElection.run(LeaderElection.java:133)
	at java.lang.Thread.run(Thread.java:748)
Caused by: org.apache.ratis.thirdparty.io.grpc.StatusRuntimeException: UNAVAILABLE: io exception
	at org.apache.ratis.thirdparty.io.grpc.stub.ClientCalls.toStatusRuntimeException(ClientCalls.java:233)
	at org.apache.ratis.thirdparty.io.grpc.stub.ClientCalls.getUnchecked(ClientCalls.java:214)
	at org.apache.ratis.thirdparty.io.grpc.stub.ClientCalls.blockingUnaryCall(ClientCalls.java:139)
	at org.apache.ratis.proto.grpc.RaftServerProtocolServiceGrpc$RaftServerProtocolServiceBlockingStub.requestVote(RaftServerProtocolServiceGrpc.java:265)
	at org.apache.ratis.grpc.server.GrpcServerProtocolClient.requestVote(GrpcServerProtocolClient.java:99)
	at org.apache.ratis.grpc.server.GrpcService.requestVote(GrpcService.java:204)
	at org.apache.ratis.server.impl.LeaderElection.lambda$submitRequests$1(LeaderElection.java:234)
	at java.util.concurrent.FutureTask.run(FutureTask.java:266)
	at java.util.concurrent.Executors$RunnableAdapter.call(Executors.java:511)
	at java.util.concurrent.FutureTask.run(FutureTask.java:266)
	at java.util.concurrent.ThreadPoolExecutor.runWorker(ThreadPoolExecutor.java:1149)
	at java.util.concurrent.ThreadPoolExecutor$Worker.run(ThreadPoolExecutor.java:624)
	... 1 more
Caused by: org.apache.ratis.thirdparty.io.netty.channel.AbstractChannel$AnnotatedConnectException: Connection refused: /192.168.69.102:43737
	at sun.nio.ch.SocketChannelImpl.checkConnect(Native Method)
	at sun.nio.ch.SocketChannelImpl.finishConnect(SocketChannelImpl.java:717)
	at org.apache.ratis.thirdparty.io.netty.channel.socket.nio.NioSocketChannel.doFinishConnect(NioSocketChannel.java:327)
	at org.apache.ratis.thirdparty.io.netty.channel.nio.AbstractNioChannel$AbstractNioUnsafe.finishConnect(AbstractNioChannel.java:340)
	at org.apache.ratis.thirdparty.io.netty.channel.nio.NioEventLoop.processSelectedKey(NioEventLoop.java:632)
	at org.apache.ratis.thirdparty.io.netty.channel.nio.NioEventLoop.processSelectedKeysOptimized(NioEventLoop.java:579)
	at org.apache.ratis.thirdparty.io.netty.channel.nio.NioEventLoop.processSelectedKeys(NioEventLoop.java:496)
	at org.apache.ratis.thirdparty.io.netty.channel.nio.NioEventLoop.run(NioEventLoop.java:458)
	at org.apache.ratis.thirdparty.io.netty.util.concurrent.SingleThreadEventExecutor$5.run(SingleThreadEventExecutor.java:897)
	at org.apache.ratis.thirdparty.io.netty.util.concurrent.FastThreadLocalRunnable.run(FastThreadLocalRunnable.java:30)
	... 1 more
Caused by: java.net.ConnectException: Connection refused
	... 11 more
2019-10-15 21:19:04,621 [grpc-default-executor-12] INFO  impl.RaftServerImpl (RaftServerImpl.java:setRole(184)) - db364705-f60f-4be7-83db-fd25b014fd0b@group-848D76B22711: changes role from  FOLLOWER to FOLLOWER at term 135 for recognizeCandidate:090573f1-c213-462e-b422-6463ca97c373
2019-10-15 21:19:04,621 [grpc-default-executor-12] INFO  impl.RoleInfo (RoleInfo.java:shutdownFollowerState(121)) - db364705-f60f-4be7-83db-fd25b014fd0b: shutdown FollowerState
2019-10-15 21:19:04,621 [grpc-default-executor-12] INFO  impl.RoleInfo (RoleInfo.java:updateAndGet(143)) - db364705-f60f-4be7-83db-fd25b014fd0b: start FollowerState
2019-10-15 21:19:04,621 [Thread-9438] INFO  impl.FollowerState (FollowerState.java:run(117)) - db364705-f60f-4be7-83db-fd25b014fd0b@group-848D76B22711-FollowerState was interrupted: java.lang.InterruptedException: sleep interrupted
2019-10-15 21:19:04,628 [090573f1-c213-462e-b422-6463ca97c373@group-848D76B22711-LeaderElection1110] INFO  impl.LeaderElection (LeaderElection.java:logAndReturn(56)) - 090573f1-c213-462e-b422-6463ca97c373@group-848D76B22711-LeaderElection1110: Election REJECTED; received 1 response(s) [090573f1-c213-462e-b422-6463ca97c373<-db364705-f60f-4be7-83db-fd25b014fd0b#0:FAIL-t135] and 1 exception(s); 090573f1-c213-462e-b422-6463ca97c373@group-848D76B22711:t135, leader=null, voted=090573f1-c213-462e-b422-6463ca97c373, raftlog=090573f1-c213-462e-b422-6463ca97c373@group-848D76B22711-SegmentedRaftLog:OPENED:c-1,f-1,i0, conf=-1: [93d557fa-335e-4e3d-b2bb-e33832802906:192.168.69.102:43737, 090573f1-c213-462e-b422-6463ca97c373:192.168.69.102:43336, db364705-f60f-4be7-83db-fd25b014fd0b:192.168.69.102:41270], old=null
2019-10-15 21:19:04,628 [090573f1-c213-462e-b422-6463ca97c373@group-848D76B22711-LeaderElection1110] INFO  impl.LeaderElection (LogUtils.java:infoOrTrace(149)) -   Exception 0: {}
java.util.concurrent.ExecutionException: org.apache.ratis.thirdparty.io.grpc.StatusRuntimeException: UNAVAILABLE: io exception
	at java.util.concurrent.FutureTask.report(FutureTask.java:122)
	at java.util.concurrent.FutureTask.get(FutureTask.java:192)
	at org.apache.ratis.server.impl.LeaderElection.waitForResults(LeaderElection.java:259)
	at org.apache.ratis.server.impl.LeaderElection.askForVotes(LeaderElection.java:197)
	at org.apache.ratis.server.impl.LeaderElection.run(LeaderElection.java:133)
	at java.lang.Thread.run(Thread.java:748)
Caused by: org.apache.ratis.thirdparty.io.grpc.StatusRuntimeException: UNAVAILABLE: io exception
	at org.apache.ratis.thirdparty.io.grpc.stub.ClientCalls.toStatusRuntimeException(ClientCalls.java:233)
	at org.apache.ratis.thirdparty.io.grpc.stub.ClientCalls.getUnchecked(ClientCalls.java:214)
	at org.apache.ratis.thirdparty.io.grpc.stub.ClientCalls.blockingUnaryCall(ClientCalls.java:139)
	at org.apache.ratis.proto.grpc.RaftServerProtocolServiceGrpc$RaftServerProtocolServiceBlockingStub.requestVote(RaftServerProtocolServiceGrpc.java:265)
	at org.apache.ratis.grpc.server.GrpcServerProtocolClient.requestVote(GrpcServerProtocolClient.java:99)
	at org.apache.ratis.grpc.server.GrpcService.requestVote(GrpcService.java:204)
	at org.apache.ratis.server.impl.LeaderElection.lambda$submitRequests$1(LeaderElection.java:234)
	at java.util.concurrent.FutureTask.run(FutureTask.java:266)
	at java.util.concurrent.Executors$RunnableAdapter.call(Executors.java:511)
	at java.util.concurrent.FutureTask.run(FutureTask.java:266)
	at java.util.concurrent.ThreadPoolExecutor.runWorker(ThreadPoolExecutor.java:1149)
	at java.util.concurrent.ThreadPoolExecutor$Worker.run(ThreadPoolExecutor.java:624)
	... 1 more
Caused by: org.apache.ratis.thirdparty.io.netty.channel.AbstractChannel$AnnotatedConnectException: Connection refused: /192.168.69.102:43737
	at sun.nio.ch.SocketChannelImpl.checkConnect(Native Method)
	at sun.nio.ch.SocketChannelImpl.finishConnect(SocketChannelImpl.java:717)
	at org.apache.ratis.thirdparty.io.netty.channel.socket.nio.NioSocketChannel.doFinishConnect(NioSocketChannel.java:327)
	at org.apache.ratis.thirdparty.io.netty.channel.nio.AbstractNioChannel$AbstractNioUnsafe.finishConnect(AbstractNioChannel.java:340)
	at org.apache.ratis.thirdparty.io.netty.channel.nio.NioEventLoop.processSelectedKey(NioEventLoop.java:632)
	at org.apache.ratis.thirdparty.io.netty.channel.nio.NioEventLoop.processSelectedKeysOptimized(NioEventLoop.java:579)
	at org.apache.ratis.thirdparty.io.netty.channel.nio.NioEventLoop.processSelectedKeys(NioEventLoop.java:496)
	at org.apache.ratis.thirdparty.io.netty.channel.nio.NioEventLoop.run(NioEventLoop.java:458)
	at org.apache.ratis.thirdparty.io.netty.util.concurrent.SingleThreadEventExecutor$5.run(SingleThreadEventExecutor.java:897)
	at org.apache.ratis.thirdparty.io.netty.util.concurrent.FastThreadLocalRunnable.run(FastThreadLocalRunnable.java:30)
	... 1 more
Caused by: java.net.ConnectException: Connection refused
	... 11 more
2019-10-15 21:19:04,628 [090573f1-c213-462e-b422-6463ca97c373@group-848D76B22711-LeaderElection1110] INFO  impl.RaftServerImpl (RaftServerImpl.java:setRole(184)) - 090573f1-c213-462e-b422-6463ca97c373@group-848D76B22711: changes role from CANDIDATE to FOLLOWER at term 135 for DISCOVERED_A_NEW_TERM
2019-10-15 21:19:04,628 [090573f1-c213-462e-b422-6463ca97c373@group-848D76B22711-LeaderElection1110] INFO  impl.RoleInfo (RoleInfo.java:shutdownLeaderElection(134)) - 090573f1-c213-462e-b422-6463ca97c373: shutdown LeaderElection
2019-10-15 21:19:04,628 [090573f1-c213-462e-b422-6463ca97c373@group-848D76B22711-LeaderElection1110] INFO  impl.RoleInfo (RoleInfo.java:updateAndGet(143)) - 090573f1-c213-462e-b422-6463ca97c373: start FollowerState
2019-10-15 21:19:04,746 [Thread-9444] INFO  impl.FollowerState (FollowerState.java:run(108)) - 090573f1-c213-462e-b422-6463ca97c373@group-848D76B22711-FollowerState: change to CANDIDATE, lastRpcTime:118ms, electionTimeout:118ms
2019-10-15 21:19:04,747 [Thread-9444] INFO  impl.RoleInfo (RoleInfo.java:shutdownFollowerState(121)) - 090573f1-c213-462e-b422-6463ca97c373: shutdown FollowerState
2019-10-15 21:19:04,747 [Thread-9444] INFO  impl.RaftServerImpl (RaftServerImpl.java:setRole(184)) - 090573f1-c213-462e-b422-6463ca97c373@group-848D76B22711: changes role from  FOLLOWER to CANDIDATE at term 135 for changeToCandidate
2019-10-15 21:19:04,747 [Thread-9444] INFO  impl.RoleInfo (RoleInfo.java:updateAndGet(143)) - 090573f1-c213-462e-b422-6463ca97c373: start LeaderElection
2019-10-15 21:19:04,767 [090573f1-c213-462e-b422-6463ca97c373@group-848D76B22711-LeaderElection1111] INFO  impl.LeaderElection (LeaderElection.java:askForVotes(178)) - 090573f1-c213-462e-b422-6463ca97c373@group-848D76B22711-LeaderElection1111: begin an election at term 136 for -1: [93d557fa-335e-4e3d-b2bb-e33832802906:192.168.69.102:43737, 090573f1-c213-462e-b422-6463ca97c373:192.168.69.102:43336, db364705-f60f-4be7-83db-fd25b014fd0b:192.168.69.102:41270], old=null
2019-10-15 21:19:04,768 [090573f1-c213-462e-b422-6463ca97c373@group-848D76B22711-LeaderElection1111] INFO  impl.LeaderElection (LogUtils.java:infoOrTrace(149)) - 090573f1-c213-462e-b422-6463ca97c373@group-848D76B22711-LeaderElection1111 got exception when requesting votes: {}
java.util.concurrent.ExecutionException: org.apache.ratis.thirdparty.io.grpc.StatusRuntimeException: UNAVAILABLE: io exception
	at java.util.concurrent.FutureTask.report(FutureTask.java:122)
	at java.util.concurrent.FutureTask.get(FutureTask.java:192)
	at org.apache.ratis.server.impl.LeaderElection.waitForResults(LeaderElection.java:259)
	at org.apache.ratis.server.impl.LeaderElection.askForVotes(LeaderElection.java:197)
	at org.apache.ratis.server.impl.LeaderElection.run(LeaderElection.java:133)
	at java.lang.Thread.run(Thread.java:748)
Caused by: org.apache.ratis.thirdparty.io.grpc.StatusRuntimeException: UNAVAILABLE: io exception
	at org.apache.ratis.thirdparty.io.grpc.stub.ClientCalls.toStatusRuntimeException(ClientCalls.java:233)
	at org.apache.ratis.thirdparty.io.grpc.stub.ClientCalls.getUnchecked(ClientCalls.java:214)
	at org.apache.ratis.thirdparty.io.grpc.stub.ClientCalls.blockingUnaryCall(ClientCalls.java:139)
	at org.apache.ratis.proto.grpc.RaftServerProtocolServiceGrpc$RaftServerProtocolServiceBlockingStub.requestVote(RaftServerProtocolServiceGrpc.java:265)
	at org.apache.ratis.grpc.server.GrpcServerProtocolClient.requestVote(GrpcServerProtocolClient.java:99)
	at org.apache.ratis.grpc.server.GrpcService.requestVote(GrpcService.java:204)
	at org.apache.ratis.server.impl.LeaderElection.lambda$submitRequests$1(LeaderElection.java:234)
	at java.util.concurrent.FutureTask.run(FutureTask.java:266)
	at java.util.concurrent.Executors$RunnableAdapter.call(Executors.java:511)
	at java.util.concurrent.FutureTask.run(FutureTask.java:266)
	at java.util.concurrent.ThreadPoolExecutor.runWorker(ThreadPoolExecutor.java:1149)
	at java.util.concurrent.ThreadPoolExecutor$Worker.run(ThreadPoolExecutor.java:624)
	... 1 more
Caused by: org.apache.ratis.thirdparty.io.netty.channel.AbstractChannel$AnnotatedConnectException: Connection refused: /192.168.69.102:43737
	at sun.nio.ch.SocketChannelImpl.checkConnect(Native Method)
	at sun.nio.ch.SocketChannelImpl.finishConnect(SocketChannelImpl.java:717)
	at org.apache.ratis.thirdparty.io.netty.channel.socket.nio.NioSocketChannel.doFinishConnect(NioSocketChannel.java:327)
	at org.apache.ratis.thirdparty.io.netty.channel.nio.AbstractNioChannel$AbstractNioUnsafe.finishConnect(AbstractNioChannel.java:340)
	at org.apache.ratis.thirdparty.io.netty.channel.nio.NioEventLoop.processSelectedKey(NioEventLoop.java:632)
	at org.apache.ratis.thirdparty.io.netty.channel.nio.NioEventLoop.processSelectedKeysOptimized(NioEventLoop.java:579)
	at org.apache.ratis.thirdparty.io.netty.channel.nio.NioEventLoop.processSelectedKeys(NioEventLoop.java:496)
	at org.apache.ratis.thirdparty.io.netty.channel.nio.NioEventLoop.run(NioEventLoop.java:458)
	at org.apache.ratis.thirdparty.io.netty.util.concurrent.SingleThreadEventExecutor$5.run(SingleThreadEventExecutor.java:897)
	at org.apache.ratis.thirdparty.io.netty.util.concurrent.FastThreadLocalRunnable.run(FastThreadLocalRunnable.java:30)
	... 1 more
Caused by: java.net.ConnectException: Connection refused
	... 11 more
2019-10-15 21:19:04,768 [grpc-default-executor-12] INFO  impl.RaftServerImpl (RaftServerImpl.java:setRole(184)) - db364705-f60f-4be7-83db-fd25b014fd0b@group-848D76B22711: changes role from  FOLLOWER to FOLLOWER at term 136 for recognizeCandidate:090573f1-c213-462e-b422-6463ca97c373
2019-10-15 21:19:04,769 [grpc-default-executor-12] INFO  impl.RoleInfo (RoleInfo.java:shutdownFollowerState(121)) - db364705-f60f-4be7-83db-fd25b014fd0b: shutdown FollowerState
2019-10-15 21:19:04,769 [grpc-default-executor-12] INFO  impl.RoleInfo (RoleInfo.java:updateAndGet(143)) - db364705-f60f-4be7-83db-fd25b014fd0b: start FollowerState
2019-10-15 21:19:04,769 [Thread-9443] INFO  impl.FollowerState (FollowerState.java:run(117)) - db364705-f60f-4be7-83db-fd25b014fd0b@group-848D76B22711-FollowerState was interrupted: java.lang.InterruptedException: sleep interrupted
2019-10-15 21:19:04,774 [090573f1-c213-462e-b422-6463ca97c373@group-848D76B22711-LeaderElection1111] INFO  impl.LeaderElection (LeaderElection.java:logAndReturn(56)) - 090573f1-c213-462e-b422-6463ca97c373@group-848D76B22711-LeaderElection1111: Election REJECTED; received 1 response(s) [090573f1-c213-462e-b422-6463ca97c373<-db364705-f60f-4be7-83db-fd25b014fd0b#0:FAIL-t136] and 1 exception(s); 090573f1-c213-462e-b422-6463ca97c373@group-848D76B22711:t136, leader=null, voted=090573f1-c213-462e-b422-6463ca97c373, raftlog=090573f1-c213-462e-b422-6463ca97c373@group-848D76B22711-SegmentedRaftLog:OPENED:c-1,f-1,i0, conf=-1: [93d557fa-335e-4e3d-b2bb-e33832802906:192.168.69.102:43737, 090573f1-c213-462e-b422-6463ca97c373:192.168.69.102:43336, db364705-f60f-4be7-83db-fd25b014fd0b:192.168.69.102:41270], old=null
2019-10-15 21:19:04,774 [090573f1-c213-462e-b422-6463ca97c373@group-848D76B22711-LeaderElection1111] INFO  impl.LeaderElection (LogUtils.java:infoOrTrace(149)) -   Exception 0: {}
java.util.concurrent.ExecutionException: org.apache.ratis.thirdparty.io.grpc.StatusRuntimeException: UNAVAILABLE: io exception
	at java.util.concurrent.FutureTask.report(FutureTask.java:122)
	at java.util.concurrent.FutureTask.get(FutureTask.java:192)
	at org.apache.ratis.server.impl.LeaderElection.waitForResults(LeaderElection.java:259)
	at org.apache.ratis.server.impl.LeaderElection.askForVotes(LeaderElection.java:197)
	at org.apache.ratis.server.impl.LeaderElection.run(LeaderElection.java:133)
	at java.lang.Thread.run(Thread.java:748)
Caused by: org.apache.ratis.thirdparty.io.grpc.StatusRuntimeException: UNAVAILABLE: io exception
	at org.apache.ratis.thirdparty.io.grpc.stub.ClientCalls.toStatusRuntimeException(ClientCalls.java:233)
	at org.apache.ratis.thirdparty.io.grpc.stub.ClientCalls.getUnchecked(ClientCalls.java:214)
	at org.apache.ratis.thirdparty.io.grpc.stub.ClientCalls.blockingUnaryCall(ClientCalls.java:139)
	at org.apache.ratis.proto.grpc.RaftServerProtocolServiceGrpc$RaftServerProtocolServiceBlockingStub.requestVote(RaftServerProtocolServiceGrpc.java:265)
	at org.apache.ratis.grpc.server.GrpcServerProtocolClient.requestVote(GrpcServerProtocolClient.java:99)
	at org.apache.ratis.grpc.server.GrpcService.requestVote(GrpcService.java:204)
	at org.apache.ratis.server.impl.LeaderElection.lambda$submitRequests$1(LeaderElection.java:234)
	at java.util.concurrent.FutureTask.run(FutureTask.java:266)
	at java.util.concurrent.Executors$RunnableAdapter.call(Executors.java:511)
	at java.util.concurrent.FutureTask.run(FutureTask.java:266)
	at java.util.concurrent.ThreadPoolExecutor.runWorker(ThreadPoolExecutor.java:1149)
	at java.util.concurrent.ThreadPoolExecutor$Worker.run(ThreadPoolExecutor.java:624)
	... 1 more
Caused by: org.apache.ratis.thirdparty.io.netty.channel.AbstractChannel$AnnotatedConnectException: Connection refused: /192.168.69.102:43737
	at sun.nio.ch.SocketChannelImpl.checkConnect(Native Method)
	at sun.nio.ch.SocketChannelImpl.finishConnect(SocketChannelImpl.java:717)
	at org.apache.ratis.thirdparty.io.netty.channel.socket.nio.NioSocketChannel.doFinishConnect(NioSocketChannel.java:327)
	at org.apache.ratis.thirdparty.io.netty.channel.nio.AbstractNioChannel$AbstractNioUnsafe.finishConnect(AbstractNioChannel.java:340)
	at org.apache.ratis.thirdparty.io.netty.channel.nio.NioEventLoop.processSelectedKey(NioEventLoop.java:632)
	at org.apache.ratis.thirdparty.io.netty.channel.nio.NioEventLoop.processSelectedKeysOptimized(NioEventLoop.java:579)
	at org.apache.ratis.thirdparty.io.netty.channel.nio.NioEventLoop.processSelectedKeys(NioEventLoop.java:496)
	at org.apache.ratis.thirdparty.io.netty.channel.nio.NioEventLoop.run(NioEventLoop.java:458)
	at org.apache.ratis.thirdparty.io.netty.util.concurrent.SingleThreadEventExecutor$5.run(SingleThreadEventExecutor.java:897)
	at org.apache.ratis.thirdparty.io.netty.util.concurrent.FastThreadLocalRunnable.run(FastThreadLocalRunnable.java:30)
	... 1 more
Caused by: java.net.ConnectException: Connection refused
	... 11 more
2019-10-15 21:19:04,775 [090573f1-c213-462e-b422-6463ca97c373@group-848D76B22711-LeaderElection1111] INFO  impl.RaftServerImpl (RaftServerImpl.java:setRole(184)) - 090573f1-c213-462e-b422-6463ca97c373@group-848D76B22711: changes role from CANDIDATE to FOLLOWER at term 136 for DISCOVERED_A_NEW_TERM
2019-10-15 21:19:04,775 [090573f1-c213-462e-b422-6463ca97c373@group-848D76B22711-LeaderElection1111] INFO  impl.RoleInfo (RoleInfo.java:shutdownLeaderElection(134)) - 090573f1-c213-462e-b422-6463ca97c373: shutdown LeaderElection
2019-10-15 21:19:04,775 [090573f1-c213-462e-b422-6463ca97c373@group-848D76B22711-LeaderElection1111] INFO  impl.RoleInfo (RoleInfo.java:updateAndGet(143)) - 090573f1-c213-462e-b422-6463ca97c373: start FollowerState
2019-10-15 21:19:04,953 [Thread-9451] INFO  impl.FollowerState (FollowerState.java:run(108)) - 090573f1-c213-462e-b422-6463ca97c373@group-848D76B22711-FollowerState: change to CANDIDATE, lastRpcTime:178ms, electionTimeout:178ms
2019-10-15 21:19:04,953 [Thread-9451] INFO  impl.RoleInfo (RoleInfo.java:shutdownFollowerState(121)) - 090573f1-c213-462e-b422-6463ca97c373: shutdown FollowerState
2019-10-15 21:19:04,954 [Thread-9451] INFO  impl.RaftServerImpl (RaftServerImpl.java:setRole(184)) - 090573f1-c213-462e-b422-6463ca97c373@group-848D76B22711: changes role from  FOLLOWER to CANDIDATE at term 136 for changeToCandidate
2019-10-15 21:19:04,954 [Thread-9451] INFO  impl.RoleInfo (RoleInfo.java:updateAndGet(143)) - 090573f1-c213-462e-b422-6463ca97c373: start LeaderElection
2019-10-15 21:19:05,001 [090573f1-c213-462e-b422-6463ca97c373@group-848D76B22711-LeaderElection1112] INFO  impl.LeaderElection (LeaderElection.java:askForVotes(178)) - 090573f1-c213-462e-b422-6463ca97c373@group-848D76B22711-LeaderElection1112: begin an election at term 137 for -1: [93d557fa-335e-4e3d-b2bb-e33832802906:192.168.69.102:43737, 090573f1-c213-462e-b422-6463ca97c373:192.168.69.102:43336, db364705-f60f-4be7-83db-fd25b014fd0b:192.168.69.102:41270], old=null
2019-10-15 21:19:05,002 [090573f1-c213-462e-b422-6463ca97c373@group-848D76B22711-LeaderElection1112] INFO  impl.LeaderElection (LogUtils.java:infoOrTrace(149)) - 090573f1-c213-462e-b422-6463ca97c373@group-848D76B22711-LeaderElection1112 got exception when requesting votes: {}
java.util.concurrent.ExecutionException: org.apache.ratis.thirdparty.io.grpc.StatusRuntimeException: UNAVAILABLE: io exception
	at java.util.concurrent.FutureTask.report(FutureTask.java:122)
	at java.util.concurrent.FutureTask.get(FutureTask.java:192)
	at org.apache.ratis.server.impl.LeaderElection.waitForResults(LeaderElection.java:259)
	at org.apache.ratis.server.impl.LeaderElection.askForVotes(LeaderElection.java:197)
	at org.apache.ratis.server.impl.LeaderElection.run(LeaderElection.java:133)
	at java.lang.Thread.run(Thread.java:748)
Caused by: org.apache.ratis.thirdparty.io.grpc.StatusRuntimeException: UNAVAILABLE: io exception
	at org.apache.ratis.thirdparty.io.grpc.stub.ClientCalls.toStatusRuntimeException(ClientCalls.java:233)
	at org.apache.ratis.thirdparty.io.grpc.stub.ClientCalls.getUnchecked(ClientCalls.java:214)
	at org.apache.ratis.thirdparty.io.grpc.stub.ClientCalls.blockingUnaryCall(ClientCalls.java:139)
	at org.apache.ratis.proto.grpc.RaftServerProtocolServiceGrpc$RaftServerProtocolServiceBlockingStub.requestVote(RaftServerProtocolServiceGrpc.java:265)
	at org.apache.ratis.grpc.server.GrpcServerProtocolClient.requestVote(GrpcServerProtocolClient.java:99)
	at org.apache.ratis.grpc.server.GrpcService.requestVote(GrpcService.java:204)
	at org.apache.ratis.server.impl.LeaderElection.lambda$submitRequests$1(LeaderElection.java:234)
	at java.util.concurrent.FutureTask.run(FutureTask.java:266)
	at java.util.concurrent.Executors$RunnableAdapter.call(Executors.java:511)
	at java.util.concurrent.FutureTask.run(FutureTask.java:266)
	at java.util.concurrent.ThreadPoolExecutor.runWorker(ThreadPoolExecutor.java:1149)
	at java.util.concurrent.ThreadPoolExecutor$Worker.run(ThreadPoolExecutor.java:624)
	... 1 more
Caused by: org.apache.ratis.thirdparty.io.netty.channel.AbstractChannel$AnnotatedConnectException: Connection refused: /192.168.69.102:43737
	at sun.nio.ch.SocketChannelImpl.checkConnect(Native Method)
	at sun.nio.ch.SocketChannelImpl.finishConnect(SocketChannelImpl.java:717)
	at org.apache.ratis.thirdparty.io.netty.channel.socket.nio.NioSocketChannel.doFinishConnect(NioSocketChannel.java:327)
	at org.apache.ratis.thirdparty.io.netty.channel.nio.AbstractNioChannel$AbstractNioUnsafe.finishConnect(AbstractNioChannel.java:340)
	at org.apache.ratis.thirdparty.io.netty.channel.nio.NioEventLoop.processSelectedKey(NioEventLoop.java:632)
	at org.apache.ratis.thirdparty.io.netty.channel.nio.NioEventLoop.processSelectedKeysOptimized(NioEventLoop.java:579)
	at org.apache.ratis.thirdparty.io.netty.channel.nio.NioEventLoop.processSelectedKeys(NioEventLoop.java:496)
	at org.apache.ratis.thirdparty.io.netty.channel.nio.NioEventLoop.run(NioEventLoop.java:458)
	at org.apache.ratis.thirdparty.io.netty.util.concurrent.SingleThreadEventExecutor$5.run(SingleThreadEventExecutor.java:897)
	at org.apache.ratis.thirdparty.io.netty.util.concurrent.FastThreadLocalRunnable.run(FastThreadLocalRunnable.java:30)
	... 1 more
Caused by: java.net.ConnectException: Connection refused
	... 11 more
2019-10-15 21:19:05,003 [grpc-default-executor-12] INFO  impl.RaftServerImpl (RaftServerImpl.java:setRole(184)) - db364705-f60f-4be7-83db-fd25b014fd0b@group-848D76B22711: changes role from  FOLLOWER to FOLLOWER at term 137 for recognizeCandidate:090573f1-c213-462e-b422-6463ca97c373
2019-10-15 21:19:05,003 [grpc-default-executor-12] INFO  impl.RoleInfo (RoleInfo.java:shutdownFollowerState(121)) - db364705-f60f-4be7-83db-fd25b014fd0b: shutdown FollowerState
2019-10-15 21:19:05,003 [grpc-default-executor-12] INFO  impl.RoleInfo (RoleInfo.java:updateAndGet(143)) - db364705-f60f-4be7-83db-fd25b014fd0b: start FollowerState
2019-10-15 21:19:05,003 [Thread-9450] INFO  impl.FollowerState (FollowerState.java:run(117)) - db364705-f60f-4be7-83db-fd25b014fd0b@group-848D76B22711-FollowerState was interrupted: java.lang.InterruptedException: sleep interrupted
2019-10-15 21:19:05,021 [090573f1-c213-462e-b422-6463ca97c373@group-848D76B22711-LeaderElection1112] INFO  impl.LeaderElection (LeaderElection.java:logAndReturn(56)) - 090573f1-c213-462e-b422-6463ca97c373@group-848D76B22711-LeaderElection1112: Election REJECTED; received 1 response(s) [090573f1-c213-462e-b422-6463ca97c373<-db364705-f60f-4be7-83db-fd25b014fd0b#0:FAIL-t137] and 1 exception(s); 090573f1-c213-462e-b422-6463ca97c373@group-848D76B22711:t137, leader=null, voted=090573f1-c213-462e-b422-6463ca97c373, raftlog=090573f1-c213-462e-b422-6463ca97c373@group-848D76B22711-SegmentedRaftLog:OPENED:c-1,f-1,i0, conf=-1: [93d557fa-335e-4e3d-b2bb-e33832802906:192.168.69.102:43737, 090573f1-c213-462e-b422-6463ca97c373:192.168.69.102:43336, db364705-f60f-4be7-83db-fd25b014fd0b:192.168.69.102:41270], old=null
2019-10-15 21:19:05,021 [090573f1-c213-462e-b422-6463ca97c373@group-848D76B22711-LeaderElection1112] INFO  impl.LeaderElection (LogUtils.java:infoOrTrace(149)) -   Exception 0: {}
java.util.concurrent.ExecutionException: org.apache.ratis.thirdparty.io.grpc.StatusRuntimeException: UNAVAILABLE: io exception
	at java.util.concurrent.FutureTask.report(FutureTask.java:122)
	at java.util.concurrent.FutureTask.get(FutureTask.java:192)
	at org.apache.ratis.server.impl.LeaderElection.waitForResults(LeaderElection.java:259)
	at org.apache.ratis.server.impl.LeaderElection.askForVotes(LeaderElection.java:197)
	at org.apache.ratis.server.impl.LeaderElection.run(LeaderElection.java:133)
	at java.lang.Thread.run(Thread.java:748)
Caused by: org.apache.ratis.thirdparty.io.grpc.StatusRuntimeException: UNAVAILABLE: io exception
	at org.apache.ratis.thirdparty.io.grpc.stub.ClientCalls.toStatusRuntimeException(ClientCalls.java:233)
	at org.apache.ratis.thirdparty.io.grpc.stub.ClientCalls.getUnchecked(ClientCalls.java:214)
	at org.apache.ratis.thirdparty.io.grpc.stub.ClientCalls.blockingUnaryCall(ClientCalls.java:139)
	at org.apache.ratis.proto.grpc.RaftServerProtocolServiceGrpc$RaftServerProtocolServiceBlockingStub.requestVote(RaftServerProtocolServiceGrpc.java:265)
	at org.apache.ratis.grpc.server.GrpcServerProtocolClient.requestVote(GrpcServerProtocolClient.java:99)
	at org.apache.ratis.grpc.server.GrpcService.requestVote(GrpcService.java:204)
	at org.apache.ratis.server.impl.LeaderElection.lambda$submitRequests$1(LeaderElection.java:234)
	at java.util.concurrent.FutureTask.run(FutureTask.java:266)
	at java.util.concurrent.Executors$RunnableAdapter.call(Executors.java:511)
	at java.util.concurrent.FutureTask.run(FutureTask.java:266)
	at java.util.concurrent.ThreadPoolExecutor.runWorker(ThreadPoolExecutor.java:1149)
	at java.util.concurrent.ThreadPoolExecutor$Worker.run(ThreadPoolExecutor.java:624)
	... 1 more
Caused by: org.apache.ratis.thirdparty.io.netty.channel.AbstractChannel$AnnotatedConnectException: Connection refused: /192.168.69.102:43737
	at sun.nio.ch.SocketChannelImpl.checkConnect(Native Method)
	at sun.nio.ch.SocketChannelImpl.finishConnect(SocketChannelImpl.java:717)
	at org.apache.ratis.thirdparty.io.netty.channel.socket.nio.NioSocketChannel.doFinishConnect(NioSocketChannel.java:327)
	at org.apache.ratis.thirdparty.io.netty.channel.nio.AbstractNioChannel$AbstractNioUnsafe.finishConnect(AbstractNioChannel.java:340)
	at org.apache.ratis.thirdparty.io.netty.channel.nio.NioEventLoop.processSelectedKey(NioEventLoop.java:632)
	at org.apache.ratis.thirdparty.io.netty.channel.nio.NioEventLoop.processSelectedKeysOptimized(NioEventLoop.java:579)
	at org.apache.ratis.thirdparty.io.netty.channel.nio.NioEventLoop.processSelectedKeys(NioEventLoop.java:496)
	at org.apache.ratis.thirdparty.io.netty.channel.nio.NioEventLoop.run(NioEventLoop.java:458)
	at org.apache.ratis.thirdparty.io.netty.util.concurrent.SingleThreadEventExecutor$5.run(SingleThreadEventExecutor.java:897)
	at org.apache.ratis.thirdparty.io.netty.util.concurrent.FastThreadLocalRunnable.run(FastThreadLocalRunnable.java:30)
	... 1 more
Caused by: java.net.ConnectException: Connection refused
	... 11 more
2019-10-15 21:19:05,021 [090573f1-c213-462e-b422-6463ca97c373@group-848D76B22711-LeaderElection1112] INFO  impl.RaftServerImpl (RaftServerImpl.java:setRole(184)) - 090573f1-c213-462e-b422-6463ca97c373@group-848D76B22711: changes role from CANDIDATE to FOLLOWER at term 137 for DISCOVERED_A_NEW_TERM
2019-10-15 21:19:05,021 [090573f1-c213-462e-b422-6463ca97c373@group-848D76B22711-LeaderElection1112] INFO  impl.RoleInfo (RoleInfo.java:shutdownLeaderElection(134)) - 090573f1-c213-462e-b422-6463ca97c373: shutdown LeaderElection
2019-10-15 21:19:05,022 [090573f1-c213-462e-b422-6463ca97c373@group-848D76B22711-LeaderElection1112] INFO  impl.RoleInfo (RoleInfo.java:updateAndGet(143)) - 090573f1-c213-462e-b422-6463ca97c373: start FollowerState
2019-10-15 21:19:05,155 [Thread-9458] INFO  impl.FollowerState (FollowerState.java:run(108)) - 090573f1-c213-462e-b422-6463ca97c373@group-848D76B22711-FollowerState: change to CANDIDATE, lastRpcTime:133ms, electionTimeout:133ms
2019-10-15 21:19:05,155 [Thread-9458] INFO  impl.RoleInfo (RoleInfo.java:shutdownFollowerState(121)) - 090573f1-c213-462e-b422-6463ca97c373: shutdown FollowerState
2019-10-15 21:19:05,155 [Thread-9458] INFO  impl.RaftServerImpl (RaftServerImpl.java:setRole(184)) - 090573f1-c213-462e-b422-6463ca97c373@group-848D76B22711: changes role from  FOLLOWER to CANDIDATE at term 137 for changeToCandidate
2019-10-15 21:19:05,155 [Thread-9458] INFO  impl.RoleInfo (RoleInfo.java:updateAndGet(143)) - 090573f1-c213-462e-b422-6463ca97c373: start LeaderElection
2019-10-15 21:19:05,159 [090573f1-c213-462e-b422-6463ca97c373@group-848D76B22711-LeaderElection1113] INFO  impl.LeaderElection (LeaderElection.java:askForVotes(178)) - 090573f1-c213-462e-b422-6463ca97c373@group-848D76B22711-LeaderElection1113: begin an election at term 138 for -1: [93d557fa-335e-4e3d-b2bb-e33832802906:192.168.69.102:43737, 090573f1-c213-462e-b422-6463ca97c373:192.168.69.102:43336, db364705-f60f-4be7-83db-fd25b014fd0b:192.168.69.102:41270], old=null
2019-10-15 21:19:05,160 [090573f1-c213-462e-b422-6463ca97c373@group-848D76B22711-LeaderElection1113] INFO  impl.LeaderElection (LogUtils.java:infoOrTrace(149)) - 090573f1-c213-462e-b422-6463ca97c373@group-848D76B22711-LeaderElection1113 got exception when requesting votes: {}
java.util.concurrent.ExecutionException: org.apache.ratis.thirdparty.io.grpc.StatusRuntimeException: UNAVAILABLE: io exception
	at java.util.concurrent.FutureTask.report(FutureTask.java:122)
	at java.util.concurrent.FutureTask.get(FutureTask.java:192)
	at org.apache.ratis.server.impl.LeaderElection.waitForResults(LeaderElection.java:259)
	at org.apache.ratis.server.impl.LeaderElection.askForVotes(LeaderElection.java:197)
	at org.apache.ratis.server.impl.LeaderElection.run(LeaderElection.java:133)
	at java.lang.Thread.run(Thread.java:748)
Caused by: org.apache.ratis.thirdparty.io.grpc.StatusRuntimeException: UNAVAILABLE: io exception
	at org.apache.ratis.thirdparty.io.grpc.stub.ClientCalls.toStatusRuntimeException(ClientCalls.java:233)
	at org.apache.ratis.thirdparty.io.grpc.stub.ClientCalls.getUnchecked(ClientCalls.java:214)
	at org.apache.ratis.thirdparty.io.grpc.stub.ClientCalls.blockingUnaryCall(ClientCalls.java:139)
	at org.apache.ratis.proto.grpc.RaftServerProtocolServiceGrpc$RaftServerProtocolServiceBlockingStub.requestVote(RaftServerProtocolServiceGrpc.java:265)
	at org.apache.ratis.grpc.server.GrpcServerProtocolClient.requestVote(GrpcServerProtocolClient.java:99)
	at org.apache.ratis.grpc.server.GrpcService.requestVote(GrpcService.java:204)
	at org.apache.ratis.server.impl.LeaderElection.lambda$submitRequests$1(LeaderElection.java:234)
	at java.util.concurrent.FutureTask.run(FutureTask.java:266)
	at java.util.concurrent.Executors$RunnableAdapter.call(Executors.java:511)
	at java.util.concurrent.FutureTask.run(FutureTask.java:266)
	at java.util.concurrent.ThreadPoolExecutor.runWorker(ThreadPoolExecutor.java:1149)
	at java.util.concurrent.ThreadPoolExecutor$Worker.run(ThreadPoolExecutor.java:624)
	... 1 more
Caused by: org.apache.ratis.thirdparty.io.netty.channel.AbstractChannel$AnnotatedConnectException: Connection refused: /192.168.69.102:43737
	at sun.nio.ch.SocketChannelImpl.checkConnect(Native Method)
	at sun.nio.ch.SocketChannelImpl.finishConnect(SocketChannelImpl.java:717)
	at org.apache.ratis.thirdparty.io.netty.channel.socket.nio.NioSocketChannel.doFinishConnect(NioSocketChannel.java:327)
	at org.apache.ratis.thirdparty.io.netty.channel.nio.AbstractNioChannel$AbstractNioUnsafe.finishConnect(AbstractNioChannel.java:340)
	at org.apache.ratis.thirdparty.io.netty.channel.nio.NioEventLoop.processSelectedKey(NioEventLoop.java:632)
	at org.apache.ratis.thirdparty.io.netty.channel.nio.NioEventLoop.processSelectedKeysOptimized(NioEventLoop.java:579)
	at org.apache.ratis.thirdparty.io.netty.channel.nio.NioEventLoop.processSelectedKeys(NioEventLoop.java:496)
	at org.apache.ratis.thirdparty.io.netty.channel.nio.NioEventLoop.run(NioEventLoop.java:458)
	at org.apache.ratis.thirdparty.io.netty.util.concurrent.SingleThreadEventExecutor$5.run(SingleThreadEventExecutor.java:897)
	at org.apache.ratis.thirdparty.io.netty.util.concurrent.FastThreadLocalRunnable.run(FastThreadLocalRunnable.java:30)
	... 1 more
Caused by: java.net.ConnectException: Connection refused
	... 11 more
2019-10-15 21:19:05,161 [grpc-default-executor-12] INFO  impl.RaftServerImpl (RaftServerImpl.java:setRole(184)) - db364705-f60f-4be7-83db-fd25b014fd0b@group-848D76B22711: changes role from  FOLLOWER to FOLLOWER at term 138 for recognizeCandidate:090573f1-c213-462e-b422-6463ca97c373
2019-10-15 21:19:05,161 [grpc-default-executor-12] INFO  impl.RoleInfo (RoleInfo.java:shutdownFollowerState(121)) - db364705-f60f-4be7-83db-fd25b014fd0b: shutdown FollowerState
2019-10-15 21:19:05,161 [grpc-default-executor-12] INFO  impl.RoleInfo (RoleInfo.java:updateAndGet(143)) - db364705-f60f-4be7-83db-fd25b014fd0b: start FollowerState
2019-10-15 21:19:05,161 [Thread-9457] INFO  impl.FollowerState (FollowerState.java:run(117)) - db364705-f60f-4be7-83db-fd25b014fd0b@group-848D76B22711-FollowerState was interrupted: java.lang.InterruptedException: sleep interrupted
2019-10-15 21:19:05,176 [090573f1-c213-462e-b422-6463ca97c373@group-848D76B22711-LeaderElection1113] INFO  impl.LeaderElection (LeaderElection.java:logAndReturn(56)) - 090573f1-c213-462e-b422-6463ca97c373@group-848D76B22711-LeaderElection1113: Election TIMEOUT; received 0 response(s) [] and 1 exception(s); 090573f1-c213-462e-b422-6463ca97c373@group-848D76B22711:t138, leader=null, voted=090573f1-c213-462e-b422-6463ca97c373, raftlog=090573f1-c213-462e-b422-6463ca97c373@group-848D76B22711-SegmentedRaftLog:OPENED:c-1,f-1,i0, conf=-1: [93d557fa-335e-4e3d-b2bb-e33832802906:192.168.69.102:43737, 090573f1-c213-462e-b422-6463ca97c373:192.168.69.102:43336, db364705-f60f-4be7-83db-fd25b014fd0b:192.168.69.102:41270], old=null
2019-10-15 21:19:05,176 [090573f1-c213-462e-b422-6463ca97c373@group-848D76B22711-LeaderElection1113] INFO  impl.LeaderElection (LogUtils.java:infoOrTrace(149)) -   Exception 0: {}
java.util.concurrent.ExecutionException: org.apache.ratis.thirdparty.io.grpc.StatusRuntimeException: UNAVAILABLE: io exception
	at java.util.concurrent.FutureTask.report(FutureTask.java:122)
	at java.util.concurrent.FutureTask.get(FutureTask.java:192)
	at org.apache.ratis.server.impl.LeaderElection.waitForResults(LeaderElection.java:259)
	at org.apache.ratis.server.impl.LeaderElection.askForVotes(LeaderElection.java:197)
	at org.apache.ratis.server.impl.LeaderElection.run(LeaderElection.java:133)
	at java.lang.Thread.run(Thread.java:748)
Caused by: org.apache.ratis.thirdparty.io.grpc.StatusRuntimeException: UNAVAILABLE: io exception
	at org.apache.ratis.thirdparty.io.grpc.stub.ClientCalls.toStatusRuntimeException(ClientCalls.java:233)
	at org.apache.ratis.thirdparty.io.grpc.stub.ClientCalls.getUnchecked(ClientCalls.java:214)
	at org.apache.ratis.thirdparty.io.grpc.stub.ClientCalls.blockingUnaryCall(ClientCalls.java:139)
	at org.apache.ratis.proto.grpc.RaftServerProtocolServiceGrpc$RaftServerProtocolServiceBlockingStub.requestVote(RaftServerProtocolServiceGrpc.java:265)
	at org.apache.ratis.grpc.server.GrpcServerProtocolClient.requestVote(GrpcServerProtocolClient.java:99)
	at org.apache.ratis.grpc.server.GrpcService.requestVote(GrpcService.java:204)
	at org.apache.ratis.server.impl.LeaderElection.lambda$submitRequests$1(LeaderElection.java:234)
	at java.util.concurrent.FutureTask.run(FutureTask.java:266)
	at java.util.concurrent.Executors$RunnableAdapter.call(Executors.java:511)
	at java.util.concurrent.FutureTask.run(FutureTask.java:266)
	at java.util.concurrent.ThreadPoolExecutor.runWorker(ThreadPoolExecutor.java:1149)
	at java.util.concurrent.ThreadPoolExecutor$Worker.run(ThreadPoolExecutor.java:624)
	... 1 more
Caused by: org.apache.ratis.thirdparty.io.netty.channel.AbstractChannel$AnnotatedConnectException: Connection refused: /192.168.69.102:43737
	at sun.nio.ch.SocketChannelImpl.checkConnect(Native Method)
	at sun.nio.ch.SocketChannelImpl.finishConnect(SocketChannelImpl.java:717)
	at org.apache.ratis.thirdparty.io.netty.channel.socket.nio.NioSocketChannel.doFinishConnect(NioSocketChannel.java:327)
	at org.apache.ratis.thirdparty.io.netty.channel.nio.AbstractNioChannel$AbstractNioUnsafe.finishConnect(AbstractNioChannel.java:340)
	at org.apache.ratis.thirdparty.io.netty.channel.nio.NioEventLoop.processSelectedKey(NioEventLoop.java:632)
	at org.apache.ratis.thirdparty.io.netty.channel.nio.NioEventLoop.processSelectedKeysOptimized(NioEventLoop.java:579)
	at org.apache.ratis.thirdparty.io.netty.channel.nio.NioEventLoop.processSelectedKeys(NioEventLoop.java:496)
	at org.apache.ratis.thirdparty.io.netty.channel.nio.NioEventLoop.run(NioEventLoop.java:458)
	at org.apache.ratis.thirdparty.io.netty.util.concurrent.SingleThreadEventExecutor$5.run(SingleThreadEventExecutor.java:897)
	at org.apache.ratis.thirdparty.io.netty.util.concurrent.FastThreadLocalRunnable.run(FastThreadLocalRunnable.java:30)
	... 1 more
Caused by: java.net.ConnectException: Connection refused
	... 11 more
2019-10-15 21:19:05,209 [090573f1-c213-462e-b422-6463ca97c373@group-848D76B22711-LeaderElection1113] INFO  impl.LeaderElection (LeaderElection.java:askForVotes(178)) - 090573f1-c213-462e-b422-6463ca97c373@group-848D76B22711-LeaderElection1113: begin an election at term 139 for -1: [93d557fa-335e-4e3d-b2bb-e33832802906:192.168.69.102:43737, 090573f1-c213-462e-b422-6463ca97c373:192.168.69.102:43336, db364705-f60f-4be7-83db-fd25b014fd0b:192.168.69.102:41270], old=null
2019-10-15 21:19:05,210 [090573f1-c213-462e-b422-6463ca97c373@group-848D76B22711-LeaderElection1113] INFO  impl.LeaderElection (LogUtils.java:infoOrTrace(149)) - 090573f1-c213-462e-b422-6463ca97c373@group-848D76B22711-LeaderElection1113 got exception when requesting votes: {}
java.util.concurrent.ExecutionException: org.apache.ratis.thirdparty.io.grpc.StatusRuntimeException: UNAVAILABLE: io exception
	at java.util.concurrent.FutureTask.report(FutureTask.java:122)
	at java.util.concurrent.FutureTask.get(FutureTask.java:192)
	at org.apache.ratis.server.impl.LeaderElection.waitForResults(LeaderElection.java:259)
	at org.apache.ratis.server.impl.LeaderElection.askForVotes(LeaderElection.java:197)
	at org.apache.ratis.server.impl.LeaderElection.run(LeaderElection.java:133)
	at java.lang.Thread.run(Thread.java:748)
Caused by: org.apache.ratis.thirdparty.io.grpc.StatusRuntimeException: UNAVAILABLE: io exception
	at org.apache.ratis.thirdparty.io.grpc.stub.ClientCalls.toStatusRuntimeException(ClientCalls.java:233)
	at org.apache.ratis.thirdparty.io.grpc.stub.ClientCalls.getUnchecked(ClientCalls.java:214)
	at org.apache.ratis.thirdparty.io.grpc.stub.ClientCalls.blockingUnaryCall(ClientCalls.java:139)
	at org.apache.ratis.proto.grpc.RaftServerProtocolServiceGrpc$RaftServerProtocolServiceBlockingStub.requestVote(RaftServerProtocolServiceGrpc.java:265)
	at org.apache.ratis.grpc.server.GrpcServerProtocolClient.requestVote(GrpcServerProtocolClient.java:99)
	at org.apache.ratis.grpc.server.GrpcService.requestVote(GrpcService.java:204)
	at org.apache.ratis.server.impl.LeaderElection.lambda$submitRequests$1(LeaderElection.java:234)
	at java.util.concurrent.FutureTask.run(FutureTask.java:266)
	at java.util.concurrent.Executors$RunnableAdapter.call(Executors.java:511)
	at java.util.concurrent.FutureTask.run(FutureTask.java:266)
	at java.util.concurrent.ThreadPoolExecutor.runWorker(ThreadPoolExecutor.java:1149)
	at java.util.concurrent.ThreadPoolExecutor$Worker.run(ThreadPoolExecutor.java:624)
	... 1 more
Caused by: org.apache.ratis.thirdparty.io.netty.channel.AbstractChannel$AnnotatedConnectException: Connection refused: /192.168.69.102:43737
	at sun.nio.ch.SocketChannelImpl.checkConnect(Native Method)
	at sun.nio.ch.SocketChannelImpl.finishConnect(SocketChannelImpl.java:717)
	at org.apache.ratis.thirdparty.io.netty.channel.socket.nio.NioSocketChannel.doFinishConnect(NioSocketChannel.java:327)
	at org.apache.ratis.thirdparty.io.netty.channel.nio.AbstractNioChannel$AbstractNioUnsafe.finishConnect(AbstractNioChannel.java:340)
	at org.apache.ratis.thirdparty.io.netty.channel.nio.NioEventLoop.processSelectedKey(NioEventLoop.java:632)
	at org.apache.ratis.thirdparty.io.netty.channel.nio.NioEventLoop.processSelectedKeysOptimized(NioEventLoop.java:579)
	at org.apache.ratis.thirdparty.io.netty.channel.nio.NioEventLoop.processSelectedKeys(NioEventLoop.java:496)
	at org.apache.ratis.thirdparty.io.netty.channel.nio.NioEventLoop.run(NioEventLoop.java:458)
	at org.apache.ratis.thirdparty.io.netty.util.concurrent.SingleThreadEventExecutor$5.run(SingleThreadEventExecutor.java:897)
	at org.apache.ratis.thirdparty.io.netty.util.concurrent.FastThreadLocalRunnable.run(FastThreadLocalRunnable.java:30)
	... 1 more
Caused by: java.net.ConnectException: Connection refused
	... 11 more
2019-10-15 21:19:05,210 [grpc-default-executor-12] INFO  impl.RaftServerImpl (RaftServerImpl.java:setRole(184)) - db364705-f60f-4be7-83db-fd25b014fd0b@group-848D76B22711: changes role from  FOLLOWER to FOLLOWER at term 139 for recognizeCandidate:090573f1-c213-462e-b422-6463ca97c373
2019-10-15 21:19:05,210 [grpc-default-executor-12] INFO  impl.RoleInfo (RoleInfo.java:shutdownFollowerState(121)) - db364705-f60f-4be7-83db-fd25b014fd0b: shutdown FollowerState
2019-10-15 21:19:05,211 [grpc-default-executor-12] INFO  impl.RoleInfo (RoleInfo.java:updateAndGet(143)) - db364705-f60f-4be7-83db-fd25b014fd0b: start FollowerState
2019-10-15 21:19:05,211 [Thread-9462] INFO  impl.FollowerState (FollowerState.java:run(117)) - db364705-f60f-4be7-83db-fd25b014fd0b@group-848D76B22711-FollowerState was interrupted: java.lang.InterruptedException: sleep interrupted
2019-10-15 21:19:05,234 [090573f1-c213-462e-b422-6463ca97c373@group-848D76B22711-LeaderElection1113] INFO  impl.LeaderElection (LeaderElection.java:logAndReturn(56)) - 090573f1-c213-462e-b422-6463ca97c373@group-848D76B22711-LeaderElection1113: Election REJECTED; received 1 response(s) [090573f1-c213-462e-b422-6463ca97c373<-db364705-f60f-4be7-83db-fd25b014fd0b#0:FAIL-t139] and 1 exception(s); 090573f1-c213-462e-b422-6463ca97c373@group-848D76B22711:t139, leader=null, voted=090573f1-c213-462e-b422-6463ca97c373, raftlog=090573f1-c213-462e-b422-6463ca97c373@group-848D76B22711-SegmentedRaftLog:OPENED:c-1,f-1,i0, conf=-1: [93d557fa-335e-4e3d-b2bb-e33832802906:192.168.69.102:43737, 090573f1-c213-462e-b422-6463ca97c373:192.168.69.102:43336, db364705-f60f-4be7-83db-fd25b014fd0b:192.168.69.102:41270], old=null
2019-10-15 21:19:05,234 [090573f1-c213-462e-b422-6463ca97c373@group-848D76B22711-LeaderElection1113] INFO  impl.LeaderElection (LogUtils.java:infoOrTrace(149)) -   Exception 0: {}
java.util.concurrent.ExecutionException: org.apache.ratis.thirdparty.io.grpc.StatusRuntimeException: UNAVAILABLE: io exception
	at java.util.concurrent.FutureTask.report(FutureTask.java:122)
	at java.util.concurrent.FutureTask.get(FutureTask.java:192)
	at org.apache.ratis.server.impl.LeaderElection.waitForResults(LeaderElection.java:259)
	at org.apache.ratis.server.impl.LeaderElection.askForVotes(LeaderElection.java:197)
	at org.apache.ratis.server.impl.LeaderElection.run(LeaderElection.java:133)
	at java.lang.Thread.run(Thread.java:748)
Caused by: org.apache.ratis.thirdparty.io.grpc.StatusRuntimeException: UNAVAILABLE: io exception
	at org.apache.ratis.thirdparty.io.grpc.stub.ClientCalls.toStatusRuntimeException(ClientCalls.java:233)
	at org.apache.ratis.thirdparty.io.grpc.stub.ClientCalls.getUnchecked(ClientCalls.java:214)
	at org.apache.ratis.thirdparty.io.grpc.stub.ClientCalls.blockingUnaryCall(ClientCalls.java:139)
	at org.apache.ratis.proto.grpc.RaftServerProtocolServiceGrpc$RaftServerProtocolServiceBlockingStub.requestVote(RaftServerProtocolServiceGrpc.java:265)
	at org.apache.ratis.grpc.server.GrpcServerProtocolClient.requestVote(GrpcServerProtocolClient.java:99)
	at org.apache.ratis.grpc.server.GrpcService.requestVote(GrpcService.java:204)
	at org.apache.ratis.server.impl.LeaderElection.lambda$submitRequests$1(LeaderElection.java:234)
	at java.util.concurrent.FutureTask.run(FutureTask.java:266)
	at java.util.concurrent.Executors$RunnableAdapter.call(Executors.java:511)
	at java.util.concurrent.FutureTask.run(FutureTask.java:266)
	at java.util.concurrent.ThreadPoolExecutor.runWorker(ThreadPoolExecutor.java:1149)
	at java.util.concurrent.ThreadPoolExecutor$Worker.run(ThreadPoolExecutor.java:624)
	... 1 more
Caused by: org.apache.ratis.thirdparty.io.netty.channel.AbstractChannel$AnnotatedConnectException: Connection refused: /192.168.69.102:43737
	at sun.nio.ch.SocketChannelImpl.checkConnect(Native Method)
	at sun.nio.ch.SocketChannelImpl.finishConnect(SocketChannelImpl.java:717)
	at org.apache.ratis.thirdparty.io.netty.channel.socket.nio.NioSocketChannel.doFinishConnect(NioSocketChannel.java:327)
	at org.apache.ratis.thirdparty.io.netty.channel.nio.AbstractNioChannel$AbstractNioUnsafe.finishConnect(AbstractNioChannel.java:340)
	at org.apache.ratis.thirdparty.io.netty.channel.nio.NioEventLoop.processSelectedKey(NioEventLoop.java:632)
	at org.apache.ratis.thirdparty.io.netty.channel.nio.NioEventLoop.processSelectedKeysOptimized(NioEventLoop.java:579)
	at org.apache.ratis.thirdparty.io.netty.channel.nio.NioEventLoop.processSelectedKeys(NioEventLoop.java:496)
	at org.apache.ratis.thirdparty.io.netty.channel.nio.NioEventLoop.run(NioEventLoop.java:458)
	at org.apache.ratis.thirdparty.io.netty.util.concurrent.SingleThreadEventExecutor$5.run(SingleThreadEventExecutor.java:897)
	at org.apache.ratis.thirdparty.io.netty.util.concurrent.FastThreadLocalRunnable.run(FastThreadLocalRunnable.java:30)
	... 1 more
Caused by: java.net.ConnectException: Connection refused
	... 11 more
2019-10-15 21:19:05,234 [090573f1-c213-462e-b422-6463ca97c373@group-848D76B22711-LeaderElection1113] INFO  impl.RaftServerImpl (RaftServerImpl.java:setRole(184)) - 090573f1-c213-462e-b422-6463ca97c373@group-848D76B22711: changes role from CANDIDATE to FOLLOWER at term 139 for DISCOVERED_A_NEW_TERM
2019-10-15 21:19:05,235 [090573f1-c213-462e-b422-6463ca97c373@group-848D76B22711-LeaderElection1113] INFO  impl.RoleInfo (RoleInfo.java:shutdownLeaderElection(134)) - 090573f1-c213-462e-b422-6463ca97c373: shutdown LeaderElection
2019-10-15 21:19:05,235 [090573f1-c213-462e-b422-6463ca97c373@group-848D76B22711-LeaderElection1113] INFO  impl.RoleInfo (RoleInfo.java:updateAndGet(143)) - 090573f1-c213-462e-b422-6463ca97c373: start FollowerState
2019-10-15 21:19:05,360 [Thread-9468] INFO  impl.FollowerState (FollowerState.java:run(108)) - 090573f1-c213-462e-b422-6463ca97c373@group-848D76B22711-FollowerState: change to CANDIDATE, lastRpcTime:125ms, electionTimeout:120ms
2019-10-15 21:19:05,360 [Thread-9468] INFO  impl.RoleInfo (RoleInfo.java:shutdownFollowerState(121)) - 090573f1-c213-462e-b422-6463ca97c373: shutdown FollowerState
2019-10-15 21:19:05,360 [Thread-9468] INFO  impl.RaftServerImpl (RaftServerImpl.java:setRole(184)) - 090573f1-c213-462e-b422-6463ca97c373@group-848D76B22711: changes role from  FOLLOWER to CANDIDATE at term 139 for changeToCandidate
2019-10-15 21:19:05,361 [Thread-9468] INFO  impl.RoleInfo (RoleInfo.java:updateAndGet(143)) - 090573f1-c213-462e-b422-6463ca97c373: start LeaderElection
2019-10-15 21:19:05,365 [090573f1-c213-462e-b422-6463ca97c373@group-848D76B22711-LeaderElection1114] INFO  impl.LeaderElection (LeaderElection.java:askForVotes(178)) - 090573f1-c213-462e-b422-6463ca97c373@group-848D76B22711-LeaderElection1114: begin an election at term 140 for -1: [93d557fa-335e-4e3d-b2bb-e33832802906:192.168.69.102:43737, 090573f1-c213-462e-b422-6463ca97c373:192.168.69.102:43336, db364705-f60f-4be7-83db-fd25b014fd0b:192.168.69.102:41270], old=null
2019-10-15 21:19:05,370 [090573f1-c213-462e-b422-6463ca97c373@group-848D76B22711-LeaderElection1114] INFO  impl.LeaderElection (LogUtils.java:infoOrTrace(149)) - 090573f1-c213-462e-b422-6463ca97c373@group-848D76B22711-LeaderElection1114 got exception when requesting votes: {}
java.util.concurrent.ExecutionException: org.apache.ratis.thirdparty.io.grpc.StatusRuntimeException: UNAVAILABLE: io exception
	at java.util.concurrent.FutureTask.report(FutureTask.java:122)
	at java.util.concurrent.FutureTask.get(FutureTask.java:192)
	at org.apache.ratis.server.impl.LeaderElection.waitForResults(LeaderElection.java:259)
	at org.apache.ratis.server.impl.LeaderElection.askForVotes(LeaderElection.java:197)
	at org.apache.ratis.server.impl.LeaderElection.run(LeaderElection.java:133)
	at java.lang.Thread.run(Thread.java:748)
Caused by: org.apache.ratis.thirdparty.io.grpc.StatusRuntimeException: UNAVAILABLE: io exception
	at org.apache.ratis.thirdparty.io.grpc.stub.ClientCalls.toStatusRuntimeException(ClientCalls.java:233)
	at org.apache.ratis.thirdparty.io.grpc.stub.ClientCalls.getUnchecked(ClientCalls.java:214)
	at org.apache.ratis.thirdparty.io.grpc.stub.ClientCalls.blockingUnaryCall(ClientCalls.java:139)
	at org.apache.ratis.proto.grpc.RaftServerProtocolServiceGrpc$RaftServerProtocolServiceBlockingStub.requestVote(RaftServerProtocolServiceGrpc.java:265)
	at org.apache.ratis.grpc.server.GrpcServerProtocolClient.requestVote(GrpcServerProtocolClient.java:99)
	at org.apache.ratis.grpc.server.GrpcService.requestVote(GrpcService.java:204)
	at org.apache.ratis.server.impl.LeaderElection.lambda$submitRequests$1(LeaderElection.java:234)
	at java.util.concurrent.FutureTask.run(FutureTask.java:266)
	at java.util.concurrent.Executors$RunnableAdapter.call(Executors.java:511)
	at java.util.concurrent.FutureTask.run(FutureTask.java:266)
	at java.util.concurrent.ThreadPoolExecutor.runWorker(ThreadPoolExecutor.java:1149)
	at java.util.concurrent.ThreadPoolExecutor$Worker.run(ThreadPoolExecutor.java:624)
	... 1 more
Caused by: org.apache.ratis.thirdparty.io.netty.channel.AbstractChannel$AnnotatedConnectException: Connection refused: /192.168.69.102:43737
	at sun.nio.ch.SocketChannelImpl.checkConnect(Native Method)
	at sun.nio.ch.SocketChannelImpl.finishConnect(SocketChannelImpl.java:717)
	at org.apache.ratis.thirdparty.io.netty.channel.socket.nio.NioSocketChannel.doFinishConnect(NioSocketChannel.java:327)
	at org.apache.ratis.thirdparty.io.netty.channel.nio.AbstractNioChannel$AbstractNioUnsafe.finishConnect(AbstractNioChannel.java:340)
	at org.apache.ratis.thirdparty.io.netty.channel.nio.NioEventLoop.processSelectedKey(NioEventLoop.java:632)
	at org.apache.ratis.thirdparty.io.netty.channel.nio.NioEventLoop.processSelectedKeysOptimized(NioEventLoop.java:579)
	at org.apache.ratis.thirdparty.io.netty.channel.nio.NioEventLoop.processSelectedKeys(NioEventLoop.java:496)
	at org.apache.ratis.thirdparty.io.netty.channel.nio.NioEventLoop.run(NioEventLoop.java:458)
	at org.apache.ratis.thirdparty.io.netty.util.concurrent.SingleThreadEventExecutor$5.run(SingleThreadEventExecutor.java:897)
	at org.apache.ratis.thirdparty.io.netty.util.concurrent.FastThreadLocalRunnable.run(FastThreadLocalRunnable.java:30)
	... 1 more
Caused by: java.net.ConnectException: Connection refused
	... 11 more
2019-10-15 21:19:05,372 [grpc-default-executor-12] INFO  impl.RaftServerImpl (RaftServerImpl.java:setRole(184)) - db364705-f60f-4be7-83db-fd25b014fd0b@group-848D76B22711: changes role from  FOLLOWER to FOLLOWER at term 140 for recognizeCandidate:090573f1-c213-462e-b422-6463ca97c373
2019-10-15 21:19:05,372 [grpc-default-executor-12] INFO  impl.RoleInfo (RoleInfo.java:shutdownFollowerState(121)) - db364705-f60f-4be7-83db-fd25b014fd0b: shutdown FollowerState
2019-10-15 21:19:05,372 [grpc-default-executor-12] INFO  impl.RoleInfo (RoleInfo.java:updateAndGet(143)) - db364705-f60f-4be7-83db-fd25b014fd0b: start FollowerState
2019-10-15 21:19:05,372 [Thread-9467] INFO  impl.FollowerState (FollowerState.java:run(117)) - db364705-f60f-4be7-83db-fd25b014fd0b@group-848D76B22711-FollowerState was interrupted: java.lang.InterruptedException: sleep interrupted
2019-10-15 21:19:05,399 [090573f1-c213-462e-b422-6463ca97c373@group-848D76B22711-LeaderElection1114] INFO  impl.LeaderElection (LeaderElection.java:logAndReturn(56)) - 090573f1-c213-462e-b422-6463ca97c373@group-848D76B22711-LeaderElection1114: Election REJECTED; received 1 response(s) [090573f1-c213-462e-b422-6463ca97c373<-db364705-f60f-4be7-83db-fd25b014fd0b#0:FAIL-t140] and 1 exception(s); 090573f1-c213-462e-b422-6463ca97c373@group-848D76B22711:t140, leader=null, voted=090573f1-c213-462e-b422-6463ca97c373, raftlog=090573f1-c213-462e-b422-6463ca97c373@group-848D76B22711-SegmentedRaftLog:OPENED:c-1,f-1,i0, conf=-1: [93d557fa-335e-4e3d-b2bb-e33832802906:192.168.69.102:43737, 090573f1-c213-462e-b422-6463ca97c373:192.168.69.102:43336, db364705-f60f-4be7-83db-fd25b014fd0b:192.168.69.102:41270], old=null
2019-10-15 21:19:05,399 [090573f1-c213-462e-b422-6463ca97c373@group-848D76B22711-LeaderElection1114] INFO  impl.LeaderElection (LogUtils.java:infoOrTrace(149)) -   Exception 0: {}
java.util.concurrent.ExecutionException: org.apache.ratis.thirdparty.io.grpc.StatusRuntimeException: UNAVAILABLE: io exception
	at java.util.concurrent.FutureTask.report(FutureTask.java:122)
	at java.util.concurrent.FutureTask.get(FutureTask.java:192)
	at org.apache.ratis.server.impl.LeaderElection.waitForResults(LeaderElection.java:259)
	at org.apache.ratis.server.impl.LeaderElection.askForVotes(LeaderElection.java:197)
	at org.apache.ratis.server.impl.LeaderElection.run(LeaderElection.java:133)
	at java.lang.Thread.run(Thread.java:748)
Caused by: org.apache.ratis.thirdparty.io.grpc.StatusRuntimeException: UNAVAILABLE: io exception
	at org.apache.ratis.thirdparty.io.grpc.stub.ClientCalls.toStatusRuntimeException(ClientCalls.java:233)
	at org.apache.ratis.thirdparty.io.grpc.stub.ClientCalls.getUnchecked(ClientCalls.java:214)
	at org.apache.ratis.thirdparty.io.grpc.stub.ClientCalls.blockingUnaryCall(ClientCalls.java:139)
	at org.apache.ratis.proto.grpc.RaftServerProtocolServiceGrpc$RaftServerProtocolServiceBlockingStub.requestVote(RaftServerProtocolServiceGrpc.java:265)
	at org.apache.ratis.grpc.server.GrpcServerProtocolClient.requestVote(GrpcServerProtocolClient.java:99)
	at org.apache.ratis.grpc.server.GrpcService.requestVote(GrpcService.java:204)
	at org.apache.ratis.server.impl.LeaderElection.lambda$submitRequests$1(LeaderElection.java:234)
	at java.util.concurrent.FutureTask.run(FutureTask.java:266)
	at java.util.concurrent.Executors$RunnableAdapter.call(Executors.java:511)
	at java.util.concurrent.FutureTask.run(FutureTask.java:266)
	at java.util.concurrent.ThreadPoolExecutor.runWorker(ThreadPoolExecutor.java:1149)
	at java.util.concurrent.ThreadPoolExecutor$Worker.run(ThreadPoolExecutor.java:624)
	... 1 more
Caused by: org.apache.ratis.thirdparty.io.netty.channel.AbstractChannel$AnnotatedConnectException: Connection refused: /192.168.69.102:43737
	at sun.nio.ch.SocketChannelImpl.checkConnect(Native Method)
	at sun.nio.ch.SocketChannelImpl.finishConnect(SocketChannelImpl.java:717)
	at org.apache.ratis.thirdparty.io.netty.channel.socket.nio.NioSocketChannel.doFinishConnect(NioSocketChannel.java:327)
	at org.apache.ratis.thirdparty.io.netty.channel.nio.AbstractNioChannel$AbstractNioUnsafe.finishConnect(AbstractNioChannel.java:340)
	at org.apache.ratis.thirdparty.io.netty.channel.nio.NioEventLoop.processSelectedKey(NioEventLoop.java:632)
	at org.apache.ratis.thirdparty.io.netty.channel.nio.NioEventLoop.processSelectedKeysOptimized(NioEventLoop.java:579)
	at org.apache.ratis.thirdparty.io.netty.channel.nio.NioEventLoop.processSelectedKeys(NioEventLoop.java:496)
	at org.apache.ratis.thirdparty.io.netty.channel.nio.NioEventLoop.run(NioEventLoop.java:458)
	at org.apache.ratis.thirdparty.io.netty.util.concurrent.SingleThreadEventExecutor$5.run(SingleThreadEventExecutor.java:897)
	at org.apache.ratis.thirdparty.io.netty.util.concurrent.FastThreadLocalRunnable.run(FastThreadLocalRunnable.java:30)
	... 1 more
Caused by: java.net.ConnectException: Connection refused
	... 11 more
2019-10-15 21:19:05,400 [090573f1-c213-462e-b422-6463ca97c373@group-848D76B22711-LeaderElection1114] INFO  impl.RaftServerImpl (RaftServerImpl.java:setRole(184)) - 090573f1-c213-462e-b422-6463ca97c373@group-848D76B22711: changes role from CANDIDATE to FOLLOWER at term 140 for DISCOVERED_A_NEW_TERM
2019-10-15 21:19:05,400 [090573f1-c213-462e-b422-6463ca97c373@group-848D76B22711-LeaderElection1114] INFO  impl.RoleInfo (RoleInfo.java:shutdownLeaderElection(134)) - 090573f1-c213-462e-b422-6463ca97c373: shutdown LeaderElection
2019-10-15 21:19:05,400 [090573f1-c213-462e-b422-6463ca97c373@group-848D76B22711-LeaderElection1114] INFO  impl.RoleInfo (RoleInfo.java:updateAndGet(143)) - 090573f1-c213-462e-b422-6463ca97c373: start FollowerState
2019-10-15 21:19:05,499 [Thread-9475] INFO  impl.FollowerState (FollowerState.java:run(108)) - 090573f1-c213-462e-b422-6463ca97c373@group-848D76B22711-FollowerState: change to CANDIDATE, lastRpcTime:99ms, electionTimeout:99ms
2019-10-15 21:19:05,499 [Thread-9475] INFO  impl.RoleInfo (RoleInfo.java:shutdownFollowerState(121)) - 090573f1-c213-462e-b422-6463ca97c373: shutdown FollowerState
2019-10-15 21:19:05,499 [Thread-9475] INFO  impl.RaftServerImpl (RaftServerImpl.java:setRole(184)) - 090573f1-c213-462e-b422-6463ca97c373@group-848D76B22711: changes role from  FOLLOWER to CANDIDATE at term 140 for changeToCandidate
2019-10-15 21:19:05,499 [Thread-9475] INFO  impl.RoleInfo (RoleInfo.java:updateAndGet(143)) - 090573f1-c213-462e-b422-6463ca97c373: start LeaderElection
2019-10-15 21:19:05,504 [090573f1-c213-462e-b422-6463ca97c373@group-848D76B22711-LeaderElection1115] INFO  impl.LeaderElection (LeaderElection.java:askForVotes(178)) - 090573f1-c213-462e-b422-6463ca97c373@group-848D76B22711-LeaderElection1115: begin an election at term 141 for -1: [93d557fa-335e-4e3d-b2bb-e33832802906:192.168.69.102:43737, 090573f1-c213-462e-b422-6463ca97c373:192.168.69.102:43336, db364705-f60f-4be7-83db-fd25b014fd0b:192.168.69.102:41270], old=null
2019-10-15 21:19:05,505 [090573f1-c213-462e-b422-6463ca97c373@group-848D76B22711-LeaderElection1115] INFO  impl.LeaderElection (LogUtils.java:infoOrTrace(149)) - 090573f1-c213-462e-b422-6463ca97c373@group-848D76B22711-LeaderElection1115 got exception when requesting votes: {}
java.util.concurrent.ExecutionException: org.apache.ratis.thirdparty.io.grpc.StatusRuntimeException: UNAVAILABLE: io exception
	at java.util.concurrent.FutureTask.report(FutureTask.java:122)
	at java.util.concurrent.FutureTask.get(FutureTask.java:192)
	at org.apache.ratis.server.impl.LeaderElection.waitForResults(LeaderElection.java:259)
	at org.apache.ratis.server.impl.LeaderElection.askForVotes(LeaderElection.java:197)
	at org.apache.ratis.server.impl.LeaderElection.run(LeaderElection.java:133)
	at java.lang.Thread.run(Thread.java:748)
Caused by: org.apache.ratis.thirdparty.io.grpc.StatusRuntimeException: UNAVAILABLE: io exception
	at org.apache.ratis.thirdparty.io.grpc.stub.ClientCalls.toStatusRuntimeException(ClientCalls.java:233)
	at org.apache.ratis.thirdparty.io.grpc.stub.ClientCalls.getUnchecked(ClientCalls.java:214)
	at org.apache.ratis.thirdparty.io.grpc.stub.ClientCalls.blockingUnaryCall(ClientCalls.java:139)
	at org.apache.ratis.proto.grpc.RaftServerProtocolServiceGrpc$RaftServerProtocolServiceBlockingStub.requestVote(RaftServerProtocolServiceGrpc.java:265)
	at org.apache.ratis.grpc.server.GrpcServerProtocolClient.requestVote(GrpcServerProtocolClient.java:99)
	at org.apache.ratis.grpc.server.GrpcService.requestVote(GrpcService.java:204)
	at org.apache.ratis.server.impl.LeaderElection.lambda$submitRequests$1(LeaderElection.java:234)
	at java.util.concurrent.FutureTask.run(FutureTask.java:266)
	at java.util.concurrent.Executors$RunnableAdapter.call(Executors.java:511)
	at java.util.concurrent.FutureTask.run(FutureTask.java:266)
	at java.util.concurrent.ThreadPoolExecutor.runWorker(ThreadPoolExecutor.java:1149)
	at java.util.concurrent.ThreadPoolExecutor$Worker.run(ThreadPoolExecutor.java:624)
	... 1 more
Caused by: org.apache.ratis.thirdparty.io.netty.channel.AbstractChannel$AnnotatedConnectException: Connection refused: /192.168.69.102:43737
	at sun.nio.ch.SocketChannelImpl.checkConnect(Native Method)
	at sun.nio.ch.SocketChannelImpl.finishConnect(SocketChannelImpl.java:717)
	at org.apache.ratis.thirdparty.io.netty.channel.socket.nio.NioSocketChannel.doFinishConnect(NioSocketChannel.java:327)
	at org.apache.ratis.thirdparty.io.netty.channel.nio.AbstractNioChannel$AbstractNioUnsafe.finishConnect(AbstractNioChannel.java:340)
	at org.apache.ratis.thirdparty.io.netty.channel.nio.NioEventLoop.processSelectedKey(NioEventLoop.java:632)
	at org.apache.ratis.thirdparty.io.netty.channel.nio.NioEventLoop.processSelectedKeysOptimized(NioEventLoop.java:579)
	at org.apache.ratis.thirdparty.io.netty.channel.nio.NioEventLoop.processSelectedKeys(NioEventLoop.java:496)
	at org.apache.ratis.thirdparty.io.netty.channel.nio.NioEventLoop.run(NioEventLoop.java:458)
	at org.apache.ratis.thirdparty.io.netty.util.concurrent.SingleThreadEventExecutor$5.run(SingleThreadEventExecutor.java:897)
	at org.apache.ratis.thirdparty.io.netty.util.concurrent.FastThreadLocalRunnable.run(FastThreadLocalRunnable.java:30)
	... 1 more
Caused by: java.net.ConnectException: Connection refused
	... 11 more
2019-10-15 21:19:05,506 [grpc-default-executor-12] INFO  impl.RaftServerImpl (RaftServerImpl.java:setRole(184)) - db364705-f60f-4be7-83db-fd25b014fd0b@group-848D76B22711: changes role from  FOLLOWER to FOLLOWER at term 141 for recognizeCandidate:090573f1-c213-462e-b422-6463ca97c373
2019-10-15 21:19:05,506 [grpc-default-executor-12] INFO  impl.RoleInfo (RoleInfo.java:shutdownFollowerState(121)) - db364705-f60f-4be7-83db-fd25b014fd0b: shutdown FollowerState
2019-10-15 21:19:05,506 [grpc-default-executor-12] INFO  impl.RoleInfo (RoleInfo.java:updateAndGet(143)) - db364705-f60f-4be7-83db-fd25b014fd0b: start FollowerState
2019-10-15 21:19:05,506 [Thread-9472] INFO  impl.FollowerState (FollowerState.java:run(117)) - db364705-f60f-4be7-83db-fd25b014fd0b@group-848D76B22711-FollowerState was interrupted: java.lang.InterruptedException: sleep interrupted
2019-10-15 21:19:05,532 [090573f1-c213-462e-b422-6463ca97c373@group-848D76B22711-LeaderElection1115] INFO  impl.LeaderElection (LeaderElection.java:logAndReturn(56)) - 090573f1-c213-462e-b422-6463ca97c373@group-848D76B22711-LeaderElection1115: Election REJECTED; received 1 response(s) [090573f1-c213-462e-b422-6463ca97c373<-db364705-f60f-4be7-83db-fd25b014fd0b#0:FAIL-t141] and 1 exception(s); 090573f1-c213-462e-b422-6463ca97c373@group-848D76B22711:t141, leader=null, voted=090573f1-c213-462e-b422-6463ca97c373, raftlog=090573f1-c213-462e-b422-6463ca97c373@group-848D76B22711-SegmentedRaftLog:OPENED:c-1,f-1,i0, conf=-1: [93d557fa-335e-4e3d-b2bb-e33832802906:192.168.69.102:43737, 090573f1-c213-462e-b422-6463ca97c373:192.168.69.102:43336, db364705-f60f-4be7-83db-fd25b014fd0b:192.168.69.102:41270], old=null
2019-10-15 21:19:05,532 [090573f1-c213-462e-b422-6463ca97c373@group-848D76B22711-LeaderElection1115] INFO  impl.LeaderElection (LogUtils.java:infoOrTrace(149)) -   Exception 0: {}
java.util.concurrent.ExecutionException: org.apache.ratis.thirdparty.io.grpc.StatusRuntimeException: UNAVAILABLE: io exception
	at java.util.concurrent.FutureTask.report(FutureTask.java:122)
	at java.util.concurrent.FutureTask.get(FutureTask.java:192)
	at org.apache.ratis.server.impl.LeaderElection.waitForResults(LeaderElection.java:259)
	at org.apache.ratis.server.impl.LeaderElection.askForVotes(LeaderElection.java:197)
	at org.apache.ratis.server.impl.LeaderElection.run(LeaderElection.java:133)
	at java.lang.Thread.run(Thread.java:748)
Caused by: org.apache.ratis.thirdparty.io.grpc.StatusRuntimeException: UNAVAILABLE: io exception
	at org.apache.ratis.thirdparty.io.grpc.stub.ClientCalls.toStatusRuntimeException(ClientCalls.java:233)
	at org.apache.ratis.thirdparty.io.grpc.stub.ClientCalls.getUnchecked(ClientCalls.java:214)
	at org.apache.ratis.thirdparty.io.grpc.stub.ClientCalls.blockingUnaryCall(ClientCalls.java:139)
	at org.apache.ratis.proto.grpc.RaftServerProtocolServiceGrpc$RaftServerProtocolServiceBlockingStub.requestVote(RaftServerProtocolServiceGrpc.java:265)
	at org.apache.ratis.grpc.server.GrpcServerProtocolClient.requestVote(GrpcServerProtocolClient.java:99)
	at org.apache.ratis.grpc.server.GrpcService.requestVote(GrpcService.java:204)
	at org.apache.ratis.server.impl.LeaderElection.lambda$submitRequests$1(LeaderElection.java:234)
	at java.util.concurrent.FutureTask.run(FutureTask.java:266)
	at java.util.concurrent.Executors$RunnableAdapter.call(Executors.java:511)
	at java.util.concurrent.FutureTask.run(FutureTask.java:266)
	at java.util.concurrent.ThreadPoolExecutor.runWorker(ThreadPoolExecutor.java:1149)
	at java.util.concurrent.ThreadPoolExecutor$Worker.run(ThreadPoolExecutor.java:624)
	... 1 more
Caused by: org.apache.ratis.thirdparty.io.netty.channel.AbstractChannel$AnnotatedConnectException: Connection refused: /192.168.69.102:43737
	at sun.nio.ch.SocketChannelImpl.checkConnect(Native Method)
	at sun.nio.ch.SocketChannelImpl.finishConnect(SocketChannelImpl.java:717)
	at org.apache.ratis.thirdparty.io.netty.channel.socket.nio.NioSocketChannel.doFinishConnect(NioSocketChannel.java:327)
	at org.apache.ratis.thirdparty.io.netty.channel.nio.AbstractNioChannel$AbstractNioUnsafe.finishConnect(AbstractNioChannel.java:340)
	at org.apache.ratis.thirdparty.io.netty.channel.nio.NioEventLoop.processSelectedKey(NioEventLoop.java:632)
	at org.apache.ratis.thirdparty.io.netty.channel.nio.NioEventLoop.processSelectedKeysOptimized(NioEventLoop.java:579)
	at org.apache.ratis.thirdparty.io.netty.channel.nio.NioEventLoop.processSelectedKeys(NioEventLoop.java:496)
	at org.apache.ratis.thirdparty.io.netty.channel.nio.NioEventLoop.run(NioEventLoop.java:458)
	at org.apache.ratis.thirdparty.io.netty.util.concurrent.SingleThreadEventExecutor$5.run(SingleThreadEventExecutor.java:897)
	at org.apache.ratis.thirdparty.io.netty.util.concurrent.FastThreadLocalRunnable.run(FastThreadLocalRunnable.java:30)
	... 1 more
Caused by: java.net.ConnectException: Connection refused
	... 11 more
2019-10-15 21:19:05,532 [090573f1-c213-462e-b422-6463ca97c373@group-848D76B22711-LeaderElection1115] INFO  impl.RaftServerImpl (RaftServerImpl.java:setRole(184)) - 090573f1-c213-462e-b422-6463ca97c373@group-848D76B22711: changes role from CANDIDATE to FOLLOWER at term 141 for DISCOVERED_A_NEW_TERM
2019-10-15 21:19:05,532 [090573f1-c213-462e-b422-6463ca97c373@group-848D76B22711-LeaderElection1115] INFO  impl.RoleInfo (RoleInfo.java:shutdownLeaderElection(134)) - 090573f1-c213-462e-b422-6463ca97c373: shutdown LeaderElection
2019-10-15 21:19:05,532 [090573f1-c213-462e-b422-6463ca97c373@group-848D76B22711-LeaderElection1115] INFO  impl.RoleInfo (RoleInfo.java:updateAndGet(143)) - 090573f1-c213-462e-b422-6463ca97c373: start FollowerState
2019-10-15 21:19:05,610 [Thread-9480] INFO  impl.FollowerState (FollowerState.java:run(108)) - 090573f1-c213-462e-b422-6463ca97c373@group-848D76B22711-FollowerState: change to CANDIDATE, lastRpcTime:78ms, electionTimeout:78ms
2019-10-15 21:19:05,611 [Thread-9480] INFO  impl.RoleInfo (RoleInfo.java:shutdownFollowerState(121)) - 090573f1-c213-462e-b422-6463ca97c373: shutdown FollowerState
2019-10-15 21:19:05,611 [Thread-9480] INFO  impl.RaftServerImpl (RaftServerImpl.java:setRole(184)) - 090573f1-c213-462e-b422-6463ca97c373@group-848D76B22711: changes role from  FOLLOWER to CANDIDATE at term 141 for changeToCandidate
2019-10-15 21:19:05,611 [Thread-9480] INFO  impl.RoleInfo (RoleInfo.java:updateAndGet(143)) - 090573f1-c213-462e-b422-6463ca97c373: start LeaderElection
2019-10-15 21:19:05,620 [090573f1-c213-462e-b422-6463ca97c373@group-848D76B22711-LeaderElection1116] INFO  impl.LeaderElection (LeaderElection.java:askForVotes(178)) - 090573f1-c213-462e-b422-6463ca97c373@group-848D76B22711-LeaderElection1116: begin an election at term 142 for -1: [93d557fa-335e-4e3d-b2bb-e33832802906:192.168.69.102:43737, 090573f1-c213-462e-b422-6463ca97c373:192.168.69.102:43336, db364705-f60f-4be7-83db-fd25b014fd0b:192.168.69.102:41270], old=null
2019-10-15 21:19:05,620 [090573f1-c213-462e-b422-6463ca97c373@group-848D76B22711-LeaderElection1116] INFO  impl.LeaderElection (LogUtils.java:infoOrTrace(149)) - 090573f1-c213-462e-b422-6463ca97c373@group-848D76B22711-LeaderElection1116 got exception when requesting votes: {}
java.util.concurrent.ExecutionException: org.apache.ratis.thirdparty.io.grpc.StatusRuntimeException: UNAVAILABLE: io exception
	at java.util.concurrent.FutureTask.report(FutureTask.java:122)
	at java.util.concurrent.FutureTask.get(FutureTask.java:192)
	at org.apache.ratis.server.impl.LeaderElection.waitForResults(LeaderElection.java:259)
	at org.apache.ratis.server.impl.LeaderElection.askForVotes(LeaderElection.java:197)
	at org.apache.ratis.server.impl.LeaderElection.run(LeaderElection.java:133)
	at java.lang.Thread.run(Thread.java:748)
Caused by: org.apache.ratis.thirdparty.io.grpc.StatusRuntimeException: UNAVAILABLE: io exception
	at org.apache.ratis.thirdparty.io.grpc.stub.ClientCalls.toStatusRuntimeException(ClientCalls.java:233)
	at org.apache.ratis.thirdparty.io.grpc.stub.ClientCalls.getUnchecked(ClientCalls.java:214)
	at org.apache.ratis.thirdparty.io.grpc.stub.ClientCalls.blockingUnaryCall(ClientCalls.java:139)
	at org.apache.ratis.proto.grpc.RaftServerProtocolServiceGrpc$RaftServerProtocolServiceBlockingStub.requestVote(RaftServerProtocolServiceGrpc.java:265)
	at org.apache.ratis.grpc.server.GrpcServerProtocolClient.requestVote(GrpcServerProtocolClient.java:99)
	at org.apache.ratis.grpc.server.GrpcService.requestVote(GrpcService.java:204)
	at org.apache.ratis.server.impl.LeaderElection.lambda$submitRequests$1(LeaderElection.java:234)
	at java.util.concurrent.FutureTask.run(FutureTask.java:266)
	at java.util.concurrent.Executors$RunnableAdapter.call(Executors.java:511)
	at java.util.concurrent.FutureTask.run(FutureTask.java:266)
	at java.util.concurrent.ThreadPoolExecutor.runWorker(ThreadPoolExecutor.java:1149)
	at java.util.concurrent.ThreadPoolExecutor$Worker.run(ThreadPoolExecutor.java:624)
	... 1 more
Caused by: org.apache.ratis.thirdparty.io.netty.channel.AbstractChannel$AnnotatedConnectException: Connection refused: /192.168.69.102:43737
	at sun.nio.ch.SocketChannelImpl.checkConnect(Native Method)
	at sun.nio.ch.SocketChannelImpl.finishConnect(SocketChannelImpl.java:717)
	at org.apache.ratis.thirdparty.io.netty.channel.socket.nio.NioSocketChannel.doFinishConnect(NioSocketChannel.java:327)
	at org.apache.ratis.thirdparty.io.netty.channel.nio.AbstractNioChannel$AbstractNioUnsafe.finishConnect(AbstractNioChannel.java:340)
	at org.apache.ratis.thirdparty.io.netty.channel.nio.NioEventLoop.processSelectedKey(NioEventLoop.java:632)
	at org.apache.ratis.thirdparty.io.netty.channel.nio.NioEventLoop.processSelectedKeysOptimized(NioEventLoop.java:579)
	at org.apache.ratis.thirdparty.io.netty.channel.nio.NioEventLoop.processSelectedKeys(NioEventLoop.java:496)
	at org.apache.ratis.thirdparty.io.netty.channel.nio.NioEventLoop.run(NioEventLoop.java:458)
	at org.apache.ratis.thirdparty.io.netty.util.concurrent.SingleThreadEventExecutor$5.run(SingleThreadEventExecutor.java:897)
	at org.apache.ratis.thirdparty.io.netty.util.concurrent.FastThreadLocalRunnable.run(FastThreadLocalRunnable.java:30)
	... 1 more
Caused by: java.net.ConnectException: Connection refused
	... 11 more
2019-10-15 21:19:05,621 [grpc-default-executor-12] INFO  impl.RaftServerImpl (RaftServerImpl.java:setRole(184)) - db364705-f60f-4be7-83db-fd25b014fd0b@group-848D76B22711: changes role from  FOLLOWER to FOLLOWER at term 142 for recognizeCandidate:090573f1-c213-462e-b422-6463ca97c373
2019-10-15 21:19:05,621 [grpc-default-executor-12] INFO  impl.RoleInfo (RoleInfo.java:shutdownFollowerState(121)) - db364705-f60f-4be7-83db-fd25b014fd0b: shutdown FollowerState
2019-10-15 21:19:05,621 [grpc-default-executor-12] INFO  impl.RoleInfo (RoleInfo.java:updateAndGet(143)) - db364705-f60f-4be7-83db-fd25b014fd0b: start FollowerState
2019-10-15 21:19:05,621 [Thread-9479] INFO  impl.FollowerState (FollowerState.java:run(117)) - db364705-f60f-4be7-83db-fd25b014fd0b@group-848D76B22711-FollowerState was interrupted: java.lang.InterruptedException: sleep interrupted
2019-10-15 21:19:05,624 [090573f1-c213-462e-b422-6463ca97c373@group-848D76B22711-LeaderElection1116] INFO  impl.LeaderElection (LeaderElection.java:logAndReturn(56)) - 090573f1-c213-462e-b422-6463ca97c373@group-848D76B22711-LeaderElection1116: Election REJECTED; received 1 response(s) [090573f1-c213-462e-b422-6463ca97c373<-db364705-f60f-4be7-83db-fd25b014fd0b#0:FAIL-t142] and 1 exception(s); 090573f1-c213-462e-b422-6463ca97c373@group-848D76B22711:t142, leader=null, voted=090573f1-c213-462e-b422-6463ca97c373, raftlog=090573f1-c213-462e-b422-6463ca97c373@group-848D76B22711-SegmentedRaftLog:OPENED:c-1,f-1,i0, conf=-1: [93d557fa-335e-4e3d-b2bb-e33832802906:192.168.69.102:43737, 090573f1-c213-462e-b422-6463ca97c373:192.168.69.102:43336, db364705-f60f-4be7-83db-fd25b014fd0b:192.168.69.102:41270], old=null
2019-10-15 21:19:05,624 [090573f1-c213-462e-b422-6463ca97c373@group-848D76B22711-LeaderElection1116] INFO  impl.LeaderElection (LogUtils.java:infoOrTrace(149)) -   Exception 0: {}
java.util.concurrent.ExecutionException: org.apache.ratis.thirdparty.io.grpc.StatusRuntimeException: UNAVAILABLE: io exception
	at java.util.concurrent.FutureTask.report(FutureTask.java:122)
	at java.util.concurrent.FutureTask.get(FutureTask.java:192)
	at org.apache.ratis.server.impl.LeaderElection.waitForResults(LeaderElection.java:259)
	at org.apache.ratis.server.impl.LeaderElection.askForVotes(LeaderElection.java:197)
	at org.apache.ratis.server.impl.LeaderElection.run(LeaderElection.java:133)
	at java.lang.Thread.run(Thread.java:748)
Caused by: org.apache.ratis.thirdparty.io.grpc.StatusRuntimeException: UNAVAILABLE: io exception
	at org.apache.ratis.thirdparty.io.grpc.stub.ClientCalls.toStatusRuntimeException(ClientCalls.java:233)
	at org.apache.ratis.thirdparty.io.grpc.stub.ClientCalls.getUnchecked(ClientCalls.java:214)
	at org.apache.ratis.thirdparty.io.grpc.stub.ClientCalls.blockingUnaryCall(ClientCalls.java:139)
	at org.apache.ratis.proto.grpc.RaftServerProtocolServiceGrpc$RaftServerProtocolServiceBlockingStub.requestVote(RaftServerProtocolServiceGrpc.java:265)
	at org.apache.ratis.grpc.server.GrpcServerProtocolClient.requestVote(GrpcServerProtocolClient.java:99)
	at org.apache.ratis.grpc.server.GrpcService.requestVote(GrpcService.java:204)
	at org.apache.ratis.server.impl.LeaderElection.lambda$submitRequests$1(LeaderElection.java:234)
	at java.util.concurrent.FutureTask.run(FutureTask.java:266)
	at java.util.concurrent.Executors$RunnableAdapter.call(Executors.java:511)
	at java.util.concurrent.FutureTask.run(FutureTask.java:266)
	at java.util.concurrent.ThreadPoolExecutor.runWorker(ThreadPoolExecutor.java:1149)
	at java.util.concurrent.ThreadPoolExecutor$Worker.run(ThreadPoolExecutor.java:624)
	... 1 more
Caused by: org.apache.ratis.thirdparty.io.netty.channel.AbstractChannel$AnnotatedConnectException: Connection refused: /192.168.69.102:43737
	at sun.nio.ch.SocketChannelImpl.checkConnect(Native Method)
	at sun.nio.ch.SocketChannelImpl.finishConnect(SocketChannelImpl.java:717)
	at org.apache.ratis.thirdparty.io.netty.channel.socket.nio.NioSocketChannel.doFinishConnect(NioSocketChannel.java:327)
	at org.apache.ratis.thirdparty.io.netty.channel.nio.AbstractNioChannel$AbstractNioUnsafe.finishConnect(AbstractNioChannel.java:340)
	at org.apache.ratis.thirdparty.io.netty.channel.nio.NioEventLoop.processSelectedKey(NioEventLoop.java:632)
	at org.apache.ratis.thirdparty.io.netty.channel.nio.NioEventLoop.processSelectedKeysOptimized(NioEventLoop.java:579)
	at org.apache.ratis.thirdparty.io.netty.channel.nio.NioEventLoop.processSelectedKeys(NioEventLoop.java:496)
	at org.apache.ratis.thirdparty.io.netty.channel.nio.NioEventLoop.run(NioEventLoop.java:458)
	at org.apache.ratis.thirdparty.io.netty.util.concurrent.SingleThreadEventExecutor$5.run(SingleThreadEventExecutor.java:897)
	at org.apache.ratis.thirdparty.io.netty.util.concurrent.FastThreadLocalRunnable.run(FastThreadLocalRunnable.java:30)
	... 1 more
Caused by: java.net.ConnectException: Connection refused
	... 11 more
2019-10-15 21:19:05,624 [090573f1-c213-462e-b422-6463ca97c373@group-848D76B22711-LeaderElection1116] INFO  impl.RaftServerImpl (RaftServerImpl.java:setRole(184)) - 090573f1-c213-462e-b422-6463ca97c373@group-848D76B22711: changes role from CANDIDATE to FOLLOWER at term 142 for DISCOVERED_A_NEW_TERM
2019-10-15 21:19:05,625 [090573f1-c213-462e-b422-6463ca97c373@group-848D76B22711-LeaderElection1116] INFO  impl.RoleInfo (RoleInfo.java:shutdownLeaderElection(134)) - 090573f1-c213-462e-b422-6463ca97c373: shutdown LeaderElection
2019-10-15 21:19:05,625 [090573f1-c213-462e-b422-6463ca97c373@group-848D76B22711-LeaderElection1116] INFO  impl.RoleInfo (RoleInfo.java:updateAndGet(143)) - 090573f1-c213-462e-b422-6463ca97c373: start FollowerState
2019-10-15 21:19:05,713 [Thread-9485] INFO  impl.FollowerState (FollowerState.java:run(108)) - 090573f1-c213-462e-b422-6463ca97c373@group-848D76B22711-FollowerState: change to CANDIDATE, lastRpcTime:88ms, electionTimeout:88ms
2019-10-15 21:19:05,713 [Thread-9485] INFO  impl.RoleInfo (RoleInfo.java:shutdownFollowerState(121)) - 090573f1-c213-462e-b422-6463ca97c373: shutdown FollowerState
2019-10-15 21:19:05,713 [Thread-9485] INFO  impl.RaftServerImpl (RaftServerImpl.java:setRole(184)) - 090573f1-c213-462e-b422-6463ca97c373@group-848D76B22711: changes role from  FOLLOWER to CANDIDATE at term 142 for changeToCandidate
2019-10-15 21:19:05,713 [Thread-9485] INFO  impl.RoleInfo (RoleInfo.java:updateAndGet(143)) - 090573f1-c213-462e-b422-6463ca97c373: start LeaderElection
2019-10-15 21:19:05,742 [090573f1-c213-462e-b422-6463ca97c373@group-848D76B22711-LeaderElection1117] INFO  impl.LeaderElection (LeaderElection.java:askForVotes(178)) - 090573f1-c213-462e-b422-6463ca97c373@group-848D76B22711-LeaderElection1117: begin an election at term 143 for -1: [93d557fa-335e-4e3d-b2bb-e33832802906:192.168.69.102:43737, 090573f1-c213-462e-b422-6463ca97c373:192.168.69.102:43336, db364705-f60f-4be7-83db-fd25b014fd0b:192.168.69.102:41270], old=null
2019-10-15 21:19:05,743 [090573f1-c213-462e-b422-6463ca97c373@group-848D76B22711-LeaderElection1117] INFO  impl.LeaderElection (LogUtils.java:infoOrTrace(149)) - 090573f1-c213-462e-b422-6463ca97c373@group-848D76B22711-LeaderElection1117 got exception when requesting votes: {}
java.util.concurrent.ExecutionException: org.apache.ratis.thirdparty.io.grpc.StatusRuntimeException: UNAVAILABLE: io exception
	at java.util.concurrent.FutureTask.report(FutureTask.java:122)
	at java.util.concurrent.FutureTask.get(FutureTask.java:192)
	at org.apache.ratis.server.impl.LeaderElection.waitForResults(LeaderElection.java:259)
	at org.apache.ratis.server.impl.LeaderElection.askForVotes(LeaderElection.java:197)
	at org.apache.ratis.server.impl.LeaderElection.run(LeaderElection.java:133)
	at java.lang.Thread.run(Thread.java:748)
Caused by: org.apache.ratis.thirdparty.io.grpc.StatusRuntimeException: UNAVAILABLE: io exception
	at org.apache.ratis.thirdparty.io.grpc.stub.ClientCalls.toStatusRuntimeException(ClientCalls.java:233)
	at org.apache.ratis.thirdparty.io.grpc.stub.ClientCalls.getUnchecked(ClientCalls.java:214)
	at org.apache.ratis.thirdparty.io.grpc.stub.ClientCalls.blockingUnaryCall(ClientCalls.java:139)
	at org.apache.ratis.proto.grpc.RaftServerProtocolServiceGrpc$RaftServerProtocolServiceBlockingStub.requestVote(RaftServerProtocolServiceGrpc.java:265)
	at org.apache.ratis.grpc.server.GrpcServerProtocolClient.requestVote(GrpcServerProtocolClient.java:99)
	at org.apache.ratis.grpc.server.GrpcService.requestVote(GrpcService.java:204)
	at org.apache.ratis.server.impl.LeaderElection.lambda$submitRequests$1(LeaderElection.java:234)
	at java.util.concurrent.FutureTask.run(FutureTask.java:266)
	at java.util.concurrent.Executors$RunnableAdapter.call(Executors.java:511)
	at java.util.concurrent.FutureTask.run(FutureTask.java:266)
	at java.util.concurrent.ThreadPoolExecutor.runWorker(ThreadPoolExecutor.java:1149)
	at java.util.concurrent.ThreadPoolExecutor$Worker.run(ThreadPoolExecutor.java:624)
	... 1 more
Caused by: org.apache.ratis.thirdparty.io.netty.channel.AbstractChannel$AnnotatedConnectException: Connection refused: /192.168.69.102:43737
	at sun.nio.ch.SocketChannelImpl.checkConnect(Native Method)
	at sun.nio.ch.SocketChannelImpl.finishConnect(SocketChannelImpl.java:717)
	at org.apache.ratis.thirdparty.io.netty.channel.socket.nio.NioSocketChannel.doFinishConnect(NioSocketChannel.java:327)
	at org.apache.ratis.thirdparty.io.netty.channel.nio.AbstractNioChannel$AbstractNioUnsafe.finishConnect(AbstractNioChannel.java:340)
	at org.apache.ratis.thirdparty.io.netty.channel.nio.NioEventLoop.processSelectedKey(NioEventLoop.java:632)
	at org.apache.ratis.thirdparty.io.netty.channel.nio.NioEventLoop.processSelectedKeysOptimized(NioEventLoop.java:579)
	at org.apache.ratis.thirdparty.io.netty.channel.nio.NioEventLoop.processSelectedKeys(NioEventLoop.java:496)
	at org.apache.ratis.thirdparty.io.netty.channel.nio.NioEventLoop.run(NioEventLoop.java:458)
	at org.apache.ratis.thirdparty.io.netty.util.concurrent.SingleThreadEventExecutor$5.run(SingleThreadEventExecutor.java:897)
	at org.apache.ratis.thirdparty.io.netty.util.concurrent.FastThreadLocalRunnable.run(FastThreadLocalRunnable.java:30)
	... 1 more
Caused by: java.net.ConnectException: Connection refused
	... 11 more
2019-10-15 21:19:05,744 [grpc-default-executor-7] INFO  impl.RaftServerImpl (RaftServerImpl.java:setRole(184)) - db364705-f60f-4be7-83db-fd25b014fd0b@group-848D76B22711: changes role from  FOLLOWER to FOLLOWER at term 143 for recognizeCandidate:090573f1-c213-462e-b422-6463ca97c373
2019-10-15 21:19:05,744 [grpc-default-executor-7] INFO  impl.RoleInfo (RoleInfo.java:shutdownFollowerState(121)) - db364705-f60f-4be7-83db-fd25b014fd0b: shutdown FollowerState
2019-10-15 21:19:05,744 [grpc-default-executor-7] INFO  impl.RoleInfo (RoleInfo.java:updateAndGet(143)) - db364705-f60f-4be7-83db-fd25b014fd0b: start FollowerState
2019-10-15 21:19:05,744 [Thread-9484] INFO  impl.FollowerState (FollowerState.java:run(117)) - db364705-f60f-4be7-83db-fd25b014fd0b@group-848D76B22711-FollowerState was interrupted: java.lang.InterruptedException: sleep interrupted
2019-10-15 21:19:05,765 [090573f1-c213-462e-b422-6463ca97c373@group-848D76B22711-LeaderElection1117] INFO  impl.LeaderElection (LeaderElection.java:logAndReturn(56)) - 090573f1-c213-462e-b422-6463ca97c373@group-848D76B22711-LeaderElection1117: Election REJECTED; received 1 response(s) [090573f1-c213-462e-b422-6463ca97c373<-db364705-f60f-4be7-83db-fd25b014fd0b#0:FAIL-t143] and 1 exception(s); 090573f1-c213-462e-b422-6463ca97c373@group-848D76B22711:t143, leader=null, voted=090573f1-c213-462e-b422-6463ca97c373, raftlog=090573f1-c213-462e-b422-6463ca97c373@group-848D76B22711-SegmentedRaftLog:OPENED:c-1,f-1,i0, conf=-1: [93d557fa-335e-4e3d-b2bb-e33832802906:192.168.69.102:43737, 090573f1-c213-462e-b422-6463ca97c373:192.168.69.102:43336, db364705-f60f-4be7-83db-fd25b014fd0b:192.168.69.102:41270], old=null
2019-10-15 21:19:05,765 [090573f1-c213-462e-b422-6463ca97c373@group-848D76B22711-LeaderElection1117] INFO  impl.LeaderElection (LogUtils.java:infoOrTrace(149)) -   Exception 0: {}
java.util.concurrent.ExecutionException: org.apache.ratis.thirdparty.io.grpc.StatusRuntimeException: UNAVAILABLE: io exception
	at java.util.concurrent.FutureTask.report(FutureTask.java:122)
	at java.util.concurrent.FutureTask.get(FutureTask.java:192)
	at org.apache.ratis.server.impl.LeaderElection.waitForResults(LeaderElection.java:259)
	at org.apache.ratis.server.impl.LeaderElection.askForVotes(LeaderElection.java:197)
	at org.apache.ratis.server.impl.LeaderElection.run(LeaderElection.java:133)
	at java.lang.Thread.run(Thread.java:748)
Caused by: org.apache.ratis.thirdparty.io.grpc.StatusRuntimeException: UNAVAILABLE: io exception
	at org.apache.ratis.thirdparty.io.grpc.stub.ClientCalls.toStatusRuntimeException(ClientCalls.java:233)
	at org.apache.ratis.thirdparty.io.grpc.stub.ClientCalls.getUnchecked(ClientCalls.java:214)
	at org.apache.ratis.thirdparty.io.grpc.stub.ClientCalls.blockingUnaryCall(ClientCalls.java:139)
	at org.apache.ratis.proto.grpc.RaftServerProtocolServiceGrpc$RaftServerProtocolServiceBlockingStub.requestVote(RaftServerProtocolServiceGrpc.java:265)
	at org.apache.ratis.grpc.server.GrpcServerProtocolClient.requestVote(GrpcServerProtocolClient.java:99)
	at org.apache.ratis.grpc.server.GrpcService.requestVote(GrpcService.java:204)
	at org.apache.ratis.server.impl.LeaderElection.lambda$submitRequests$1(LeaderElection.java:234)
	at java.util.concurrent.FutureTask.run(FutureTask.java:266)
	at java.util.concurrent.Executors$RunnableAdapter.call(Executors.java:511)
	at java.util.concurrent.FutureTask.run(FutureTask.java:266)
	at java.util.concurrent.ThreadPoolExecutor.runWorker(ThreadPoolExecutor.java:1149)
	at java.util.concurrent.ThreadPoolExecutor$Worker.run(ThreadPoolExecutor.java:624)
	... 1 more
Caused by: org.apache.ratis.thirdparty.io.netty.channel.AbstractChannel$AnnotatedConnectException: Connection refused: /192.168.69.102:43737
	at sun.nio.ch.SocketChannelImpl.checkConnect(Native Method)
	at sun.nio.ch.SocketChannelImpl.finishConnect(SocketChannelImpl.java:717)
	at org.apache.ratis.thirdparty.io.netty.channel.socket.nio.NioSocketChannel.doFinishConnect(NioSocketChannel.java:327)
	at org.apache.ratis.thirdparty.io.netty.channel.nio.AbstractNioChannel$AbstractNioUnsafe.finishConnect(AbstractNioChannel.java:340)
	at org.apache.ratis.thirdparty.io.netty.channel.nio.NioEventLoop.processSelectedKey(NioEventLoop.java:632)
	at org.apache.ratis.thirdparty.io.netty.channel.nio.NioEventLoop.processSelectedKeysOptimized(NioEventLoop.java:579)
	at org.apache.ratis.thirdparty.io.netty.channel.nio.NioEventLoop.processSelectedKeys(NioEventLoop.java:496)
	at org.apache.ratis.thirdparty.io.netty.channel.nio.NioEventLoop.run(NioEventLoop.java:458)
	at org.apache.ratis.thirdparty.io.netty.util.concurrent.SingleThreadEventExecutor$5.run(SingleThreadEventExecutor.java:897)
	at org.apache.ratis.thirdparty.io.netty.util.concurrent.FastThreadLocalRunnable.run(FastThreadLocalRunnable.java:30)
	... 1 more
Caused by: java.net.ConnectException: Connection refused
	... 11 more
2019-10-15 21:19:05,765 [090573f1-c213-462e-b422-6463ca97c373@group-848D76B22711-LeaderElection1117] INFO  impl.RaftServerImpl (RaftServerImpl.java:setRole(184)) - 090573f1-c213-462e-b422-6463ca97c373@group-848D76B22711: changes role from CANDIDATE to FOLLOWER at term 143 for DISCOVERED_A_NEW_TERM
2019-10-15 21:19:05,765 [090573f1-c213-462e-b422-6463ca97c373@group-848D76B22711-LeaderElection1117] INFO  impl.RoleInfo (RoleInfo.java:shutdownLeaderElection(134)) - 090573f1-c213-462e-b422-6463ca97c373: shutdown LeaderElection
2019-10-15 21:19:05,765 [090573f1-c213-462e-b422-6463ca97c373@group-848D76B22711-LeaderElection1117] INFO  impl.RoleInfo (RoleInfo.java:updateAndGet(143)) - 090573f1-c213-462e-b422-6463ca97c373: start FollowerState
2019-10-15 21:19:05,956 [Thread-9492] INFO  impl.FollowerState (FollowerState.java:run(108)) - 090573f1-c213-462e-b422-6463ca97c373@group-848D76B22711-FollowerState: change to CANDIDATE, lastRpcTime:190ms, electionTimeout:190ms
2019-10-15 21:19:05,956 [Thread-9492] INFO  impl.RoleInfo (RoleInfo.java:shutdownFollowerState(121)) - 090573f1-c213-462e-b422-6463ca97c373: shutdown FollowerState
2019-10-15 21:19:05,956 [Thread-9492] INFO  impl.RaftServerImpl (RaftServerImpl.java:setRole(184)) - 090573f1-c213-462e-b422-6463ca97c373@group-848D76B22711: changes role from  FOLLOWER to CANDIDATE at term 143 for changeToCandidate
2019-10-15 21:19:05,956 [Thread-9492] INFO  impl.RoleInfo (RoleInfo.java:updateAndGet(143)) - 090573f1-c213-462e-b422-6463ca97c373: start LeaderElection
2019-10-15 21:19:05,974 [090573f1-c213-462e-b422-6463ca97c373@group-848D76B22711-LeaderElection1118] INFO  impl.LeaderElection (LeaderElection.java:askForVotes(178)) - 090573f1-c213-462e-b422-6463ca97c373@group-848D76B22711-LeaderElection1118: begin an election at term 144 for -1: [93d557fa-335e-4e3d-b2bb-e33832802906:192.168.69.102:43737, 090573f1-c213-462e-b422-6463ca97c373:192.168.69.102:43336, db364705-f60f-4be7-83db-fd25b014fd0b:192.168.69.102:41270], old=null
2019-10-15 21:19:05,975 [090573f1-c213-462e-b422-6463ca97c373@group-848D76B22711-LeaderElection1118] INFO  impl.LeaderElection (LogUtils.java:infoOrTrace(149)) - 090573f1-c213-462e-b422-6463ca97c373@group-848D76B22711-LeaderElection1118 got exception when requesting votes: {}
java.util.concurrent.ExecutionException: org.apache.ratis.thirdparty.io.grpc.StatusRuntimeException: UNAVAILABLE: io exception
	at java.util.concurrent.FutureTask.report(FutureTask.java:122)
	at java.util.concurrent.FutureTask.get(FutureTask.java:192)
	at org.apache.ratis.server.impl.LeaderElection.waitForResults(LeaderElection.java:259)
	at org.apache.ratis.server.impl.LeaderElection.askForVotes(LeaderElection.java:197)
	at org.apache.ratis.server.impl.LeaderElection.run(LeaderElection.java:133)
	at java.lang.Thread.run(Thread.java:748)
Caused by: org.apache.ratis.thirdparty.io.grpc.StatusRuntimeException: UNAVAILABLE: io exception
	at org.apache.ratis.thirdparty.io.grpc.stub.ClientCalls.toStatusRuntimeException(ClientCalls.java:233)
	at org.apache.ratis.thirdparty.io.grpc.stub.ClientCalls.getUnchecked(ClientCalls.java:214)
	at org.apache.ratis.thirdparty.io.grpc.stub.ClientCalls.blockingUnaryCall(ClientCalls.java:139)
	at org.apache.ratis.proto.grpc.RaftServerProtocolServiceGrpc$RaftServerProtocolServiceBlockingStub.requestVote(RaftServerProtocolServiceGrpc.java:265)
	at org.apache.ratis.grpc.server.GrpcServerProtocolClient.requestVote(GrpcServerProtocolClient.java:99)
	at org.apache.ratis.grpc.server.GrpcService.requestVote(GrpcService.java:204)
	at org.apache.ratis.server.impl.LeaderElection.lambda$submitRequests$1(LeaderElection.java:234)
	at java.util.concurrent.FutureTask.run(FutureTask.java:266)
	at java.util.concurrent.Executors$RunnableAdapter.call(Executors.java:511)
	at java.util.concurrent.FutureTask.run(FutureTask.java:266)
	at java.util.concurrent.ThreadPoolExecutor.runWorker(ThreadPoolExecutor.java:1149)
	at java.util.concurrent.ThreadPoolExecutor$Worker.run(ThreadPoolExecutor.java:624)
	... 1 more
Caused by: org.apache.ratis.thirdparty.io.netty.channel.AbstractChannel$AnnotatedConnectException: Connection refused: /192.168.69.102:43737
	at sun.nio.ch.SocketChannelImpl.checkConnect(Native Method)
	at sun.nio.ch.SocketChannelImpl.finishConnect(SocketChannelImpl.java:717)
	at org.apache.ratis.thirdparty.io.netty.channel.socket.nio.NioSocketChannel.doFinishConnect(NioSocketChannel.java:327)
	at org.apache.ratis.thirdparty.io.netty.channel.nio.AbstractNioChannel$AbstractNioUnsafe.finishConnect(AbstractNioChannel.java:340)
	at org.apache.ratis.thirdparty.io.netty.channel.nio.NioEventLoop.processSelectedKey(NioEventLoop.java:632)
	at org.apache.ratis.thirdparty.io.netty.channel.nio.NioEventLoop.processSelectedKeysOptimized(NioEventLoop.java:579)
	at org.apache.ratis.thirdparty.io.netty.channel.nio.NioEventLoop.processSelectedKeys(NioEventLoop.java:496)
	at org.apache.ratis.thirdparty.io.netty.channel.nio.NioEventLoop.run(NioEventLoop.java:458)
	at org.apache.ratis.thirdparty.io.netty.util.concurrent.SingleThreadEventExecutor$5.run(SingleThreadEventExecutor.java:897)
	at org.apache.ratis.thirdparty.io.netty.util.concurrent.FastThreadLocalRunnable.run(FastThreadLocalRunnable.java:30)
	... 1 more
Caused by: java.net.ConnectException: Connection refused
	... 11 more
2019-10-15 21:19:05,975 [grpc-default-executor-7] INFO  impl.RaftServerImpl (RaftServerImpl.java:setRole(184)) - db364705-f60f-4be7-83db-fd25b014fd0b@group-848D76B22711: changes role from  FOLLOWER to FOLLOWER at term 144 for recognizeCandidate:090573f1-c213-462e-b422-6463ca97c373
2019-10-15 21:19:05,975 [grpc-default-executor-7] INFO  impl.RoleInfo (RoleInfo.java:shutdownFollowerState(121)) - db364705-f60f-4be7-83db-fd25b014fd0b: shutdown FollowerState
2019-10-15 21:19:05,975 [grpc-default-executor-7] INFO  impl.RoleInfo (RoleInfo.java:updateAndGet(143)) - db364705-f60f-4be7-83db-fd25b014fd0b: start FollowerState
2019-10-15 21:19:05,976 [Thread-9491] INFO  impl.FollowerState (FollowerState.java:run(117)) - db364705-f60f-4be7-83db-fd25b014fd0b@group-848D76B22711-FollowerState was interrupted: java.lang.InterruptedException: sleep interrupted
2019-10-15 21:19:05,999 [090573f1-c213-462e-b422-6463ca97c373@group-848D76B22711-LeaderElection1118] INFO  impl.LeaderElection (LeaderElection.java:logAndReturn(56)) - 090573f1-c213-462e-b422-6463ca97c373@group-848D76B22711-LeaderElection1118: Election REJECTED; received 1 response(s) [090573f1-c213-462e-b422-6463ca97c373<-db364705-f60f-4be7-83db-fd25b014fd0b#0:FAIL-t144] and 1 exception(s); 090573f1-c213-462e-b422-6463ca97c373@group-848D76B22711:t144, leader=null, voted=090573f1-c213-462e-b422-6463ca97c373, raftlog=090573f1-c213-462e-b422-6463ca97c373@group-848D76B22711-SegmentedRaftLog:OPENED:c-1,f-1,i0, conf=-1: [93d557fa-335e-4e3d-b2bb-e33832802906:192.168.69.102:43737, 090573f1-c213-462e-b422-6463ca97c373:192.168.69.102:43336, db364705-f60f-4be7-83db-fd25b014fd0b:192.168.69.102:41270], old=null
2019-10-15 21:19:05,999 [090573f1-c213-462e-b422-6463ca97c373@group-848D76B22711-LeaderElection1118] INFO  impl.LeaderElection (LogUtils.java:infoOrTrace(149)) -   Exception 0: {}
java.util.concurrent.ExecutionException: org.apache.ratis.thirdparty.io.grpc.StatusRuntimeException: UNAVAILABLE: io exception
	at java.util.concurrent.FutureTask.report(FutureTask.java:122)
	at java.util.concurrent.FutureTask.get(FutureTask.java:192)
	at org.apache.ratis.server.impl.LeaderElection.waitForResults(LeaderElection.java:259)
	at org.apache.ratis.server.impl.LeaderElection.askForVotes(LeaderElection.java:197)
	at org.apache.ratis.server.impl.LeaderElection.run(LeaderElection.java:133)
	at java.lang.Thread.run(Thread.java:748)
Caused by: org.apache.ratis.thirdparty.io.grpc.StatusRuntimeException: UNAVAILABLE: io exception
	at org.apache.ratis.thirdparty.io.grpc.stub.ClientCalls.toStatusRuntimeException(ClientCalls.java:233)
	at org.apache.ratis.thirdparty.io.grpc.stub.ClientCalls.getUnchecked(ClientCalls.java:214)
	at org.apache.ratis.thirdparty.io.grpc.stub.ClientCalls.blockingUnaryCall(ClientCalls.java:139)
	at org.apache.ratis.proto.grpc.RaftServerProtocolServiceGrpc$RaftServerProtocolServiceBlockingStub.requestVote(RaftServerProtocolServiceGrpc.java:265)
	at org.apache.ratis.grpc.server.GrpcServerProtocolClient.requestVote(GrpcServerProtocolClient.java:99)
	at org.apache.ratis.grpc.server.GrpcService.requestVote(GrpcService.java:204)
	at org.apache.ratis.server.impl.LeaderElection.lambda$submitRequests$1(LeaderElection.java:234)
	at java.util.concurrent.FutureTask.run(FutureTask.java:266)
	at java.util.concurrent.Executors$RunnableAdapter.call(Executors.java:511)
	at java.util.concurrent.FutureTask.run(FutureTask.java:266)
	at java.util.concurrent.ThreadPoolExecutor.runWorker(ThreadPoolExecutor.java:1149)
	at java.util.concurrent.ThreadPoolExecutor$Worker.run(ThreadPoolExecutor.java:624)
	... 1 more
Caused by: org.apache.ratis.thirdparty.io.netty.channel.AbstractChannel$AnnotatedConnectException: Connection refused: /192.168.69.102:43737
	at sun.nio.ch.SocketChannelImpl.checkConnect(Native Method)
	at sun.nio.ch.SocketChannelImpl.finishConnect(SocketChannelImpl.java:717)
	at org.apache.ratis.thirdparty.io.netty.channel.socket.nio.NioSocketChannel.doFinishConnect(NioSocketChannel.java:327)
	at org.apache.ratis.thirdparty.io.netty.channel.nio.AbstractNioChannel$AbstractNioUnsafe.finishConnect(AbstractNioChannel.java:340)
	at org.apache.ratis.thirdparty.io.netty.channel.nio.NioEventLoop.processSelectedKey(NioEventLoop.java:632)
	at org.apache.ratis.thirdparty.io.netty.channel.nio.NioEventLoop.processSelectedKeysOptimized(NioEventLoop.java:579)
	at org.apache.ratis.thirdparty.io.netty.channel.nio.NioEventLoop.processSelectedKeys(NioEventLoop.java:496)
	at org.apache.ratis.thirdparty.io.netty.channel.nio.NioEventLoop.run(NioEventLoop.java:458)
	at org.apache.ratis.thirdparty.io.netty.util.concurrent.SingleThreadEventExecutor$5.run(SingleThreadEventExecutor.java:897)
	at org.apache.ratis.thirdparty.io.netty.util.concurrent.FastThreadLocalRunnable.run(FastThreadLocalRunnable.java:30)
	... 1 more
Caused by: java.net.ConnectException: Connection refused
	... 11 more
2019-10-15 21:19:05,999 [090573f1-c213-462e-b422-6463ca97c373@group-848D76B22711-LeaderElection1118] INFO  impl.RaftServerImpl (RaftServerImpl.java:setRole(184)) - 090573f1-c213-462e-b422-6463ca97c373@group-848D76B22711: changes role from CANDIDATE to FOLLOWER at term 144 for DISCOVERED_A_NEW_TERM
2019-10-15 21:19:06,000 [090573f1-c213-462e-b422-6463ca97c373@group-848D76B22711-LeaderElection1118] INFO  impl.RoleInfo (RoleInfo.java:shutdownLeaderElection(134)) - 090573f1-c213-462e-b422-6463ca97c373: shutdown LeaderElection
2019-10-15 21:19:06,001 [090573f1-c213-462e-b422-6463ca97c373@group-848D76B22711-LeaderElection1118] INFO  impl.RoleInfo (RoleInfo.java:updateAndGet(143)) - 090573f1-c213-462e-b422-6463ca97c373: start FollowerState
2019-10-15 21:19:06,127 [Thread-9499] INFO  impl.FollowerState (FollowerState.java:run(108)) - 090573f1-c213-462e-b422-6463ca97c373@group-848D76B22711-FollowerState: change to CANDIDATE, lastRpcTime:126ms, electionTimeout:126ms
2019-10-15 21:19:06,127 [Thread-9499] INFO  impl.RoleInfo (RoleInfo.java:shutdownFollowerState(121)) - 090573f1-c213-462e-b422-6463ca97c373: shutdown FollowerState
2019-10-15 21:19:06,127 [Thread-9499] INFO  impl.RaftServerImpl (RaftServerImpl.java:setRole(184)) - 090573f1-c213-462e-b422-6463ca97c373@group-848D76B22711: changes role from  FOLLOWER to CANDIDATE at term 144 for changeToCandidate
2019-10-15 21:19:06,127 [Thread-9499] INFO  impl.RoleInfo (RoleInfo.java:updateAndGet(143)) - 090573f1-c213-462e-b422-6463ca97c373: start LeaderElection
2019-10-15 21:19:06,132 [090573f1-c213-462e-b422-6463ca97c373@group-848D76B22711-LeaderElection1119] INFO  impl.LeaderElection (LeaderElection.java:askForVotes(178)) - 090573f1-c213-462e-b422-6463ca97c373@group-848D76B22711-LeaderElection1119: begin an election at term 145 for -1: [93d557fa-335e-4e3d-b2bb-e33832802906:192.168.69.102:43737, 090573f1-c213-462e-b422-6463ca97c373:192.168.69.102:43336, db364705-f60f-4be7-83db-fd25b014fd0b:192.168.69.102:41270], old=null
2019-10-15 21:19:06,133 [090573f1-c213-462e-b422-6463ca97c373@group-848D76B22711-LeaderElection1119] INFO  impl.LeaderElection (LogUtils.java:infoOrTrace(149)) - 090573f1-c213-462e-b422-6463ca97c373@group-848D76B22711-LeaderElection1119 got exception when requesting votes: {}
java.util.concurrent.ExecutionException: org.apache.ratis.thirdparty.io.grpc.StatusRuntimeException: UNAVAILABLE: io exception
	at java.util.concurrent.FutureTask.report(FutureTask.java:122)
	at java.util.concurrent.FutureTask.get(FutureTask.java:192)
	at org.apache.ratis.server.impl.LeaderElection.waitForResults(LeaderElection.java:259)
	at org.apache.ratis.server.impl.LeaderElection.askForVotes(LeaderElection.java:197)
	at org.apache.ratis.server.impl.LeaderElection.run(LeaderElection.java:133)
	at java.lang.Thread.run(Thread.java:748)
Caused by: org.apache.ratis.thirdparty.io.grpc.StatusRuntimeException: UNAVAILABLE: io exception
	at org.apache.ratis.thirdparty.io.grpc.stub.ClientCalls.toStatusRuntimeException(ClientCalls.java:233)
	at org.apache.ratis.thirdparty.io.grpc.stub.ClientCalls.getUnchecked(ClientCalls.java:214)
	at org.apache.ratis.thirdparty.io.grpc.stub.ClientCalls.blockingUnaryCall(ClientCalls.java:139)
	at org.apache.ratis.proto.grpc.RaftServerProtocolServiceGrpc$RaftServerProtocolServiceBlockingStub.requestVote(RaftServerProtocolServiceGrpc.java:265)
	at org.apache.ratis.grpc.server.GrpcServerProtocolClient.requestVote(GrpcServerProtocolClient.java:99)
	at org.apache.ratis.grpc.server.GrpcService.requestVote(GrpcService.java:204)
	at org.apache.ratis.server.impl.LeaderElection.lambda$submitRequests$1(LeaderElection.java:234)
	at java.util.concurrent.FutureTask.run(FutureTask.java:266)
	at java.util.concurrent.Executors$RunnableAdapter.call(Executors.java:511)
	at java.util.concurrent.FutureTask.run(FutureTask.java:266)
	at java.util.concurrent.ThreadPoolExecutor.runWorker(ThreadPoolExecutor.java:1149)
	at java.util.concurrent.ThreadPoolExecutor$Worker.run(ThreadPoolExecutor.java:624)
	... 1 more
Caused by: org.apache.ratis.thirdparty.io.netty.channel.AbstractChannel$AnnotatedConnectException: Connection refused: /192.168.69.102:43737
	at sun.nio.ch.SocketChannelImpl.checkConnect(Native Method)
	at sun.nio.ch.SocketChannelImpl.finishConnect(SocketChannelImpl.java:717)
	at org.apache.ratis.thirdparty.io.netty.channel.socket.nio.NioSocketChannel.doFinishConnect(NioSocketChannel.java:327)
	at org.apache.ratis.thirdparty.io.netty.channel.nio.AbstractNioChannel$AbstractNioUnsafe.finishConnect(AbstractNioChannel.java:340)
	at org.apache.ratis.thirdparty.io.netty.channel.nio.NioEventLoop.processSelectedKey(NioEventLoop.java:632)
	at org.apache.ratis.thirdparty.io.netty.channel.nio.NioEventLoop.processSelectedKeysOptimized(NioEventLoop.java:579)
	at org.apache.ratis.thirdparty.io.netty.channel.nio.NioEventLoop.processSelectedKeys(NioEventLoop.java:496)
	at org.apache.ratis.thirdparty.io.netty.channel.nio.NioEventLoop.run(NioEventLoop.java:458)
	at org.apache.ratis.thirdparty.io.netty.util.concurrent.SingleThreadEventExecutor$5.run(SingleThreadEventExecutor.java:897)
	at org.apache.ratis.thirdparty.io.netty.util.concurrent.FastThreadLocalRunnable.run(FastThreadLocalRunnable.java:30)
	... 1 more
Caused by: java.net.ConnectException: Connection refused
	... 11 more
2019-10-15 21:19:06,133 [grpc-default-executor-7] INFO  impl.RaftServerImpl (RaftServerImpl.java:setRole(184)) - db364705-f60f-4be7-83db-fd25b014fd0b@group-848D76B22711: changes role from  FOLLOWER to FOLLOWER at term 145 for recognizeCandidate:090573f1-c213-462e-b422-6463ca97c373
2019-10-15 21:19:06,133 [grpc-default-executor-7] INFO  impl.RoleInfo (RoleInfo.java:shutdownFollowerState(121)) - db364705-f60f-4be7-83db-fd25b014fd0b: shutdown FollowerState
2019-10-15 21:19:06,134 [grpc-default-executor-7] INFO  impl.RoleInfo (RoleInfo.java:updateAndGet(143)) - db364705-f60f-4be7-83db-fd25b014fd0b: start FollowerState
2019-10-15 21:19:06,134 [Thread-9498] INFO  impl.FollowerState (FollowerState.java:run(117)) - db364705-f60f-4be7-83db-fd25b014fd0b@group-848D76B22711-FollowerState was interrupted: java.lang.InterruptedException: sleep interrupted
2019-10-15 21:19:06,166 [090573f1-c213-462e-b422-6463ca97c373@group-848D76B22711-LeaderElection1119] INFO  impl.LeaderElection (LeaderElection.java:logAndReturn(56)) - 090573f1-c213-462e-b422-6463ca97c373@group-848D76B22711-LeaderElection1119: Election REJECTED; received 1 response(s) [090573f1-c213-462e-b422-6463ca97c373<-db364705-f60f-4be7-83db-fd25b014fd0b#0:FAIL-t145] and 1 exception(s); 090573f1-c213-462e-b422-6463ca97c373@group-848D76B22711:t145, leader=null, voted=090573f1-c213-462e-b422-6463ca97c373, raftlog=090573f1-c213-462e-b422-6463ca97c373@group-848D76B22711-SegmentedRaftLog:OPENED:c-1,f-1,i0, conf=-1: [93d557fa-335e-4e3d-b2bb-e33832802906:192.168.69.102:43737, 090573f1-c213-462e-b422-6463ca97c373:192.168.69.102:43336, db364705-f60f-4be7-83db-fd25b014fd0b:192.168.69.102:41270], old=null
2019-10-15 21:19:06,166 [090573f1-c213-462e-b422-6463ca97c373@group-848D76B22711-LeaderElection1119] INFO  impl.LeaderElection (LogUtils.java:infoOrTrace(149)) -   Exception 0: {}
java.util.concurrent.ExecutionException: org.apache.ratis.thirdparty.io.grpc.StatusRuntimeException: UNAVAILABLE: io exception
	at java.util.concurrent.FutureTask.report(FutureTask.java:122)
	at java.util.concurrent.FutureTask.get(FutureTask.java:192)
	at org.apache.ratis.server.impl.LeaderElection.waitForResults(LeaderElection.java:259)
	at org.apache.ratis.server.impl.LeaderElection.askForVotes(LeaderElection.java:197)
	at org.apache.ratis.server.impl.LeaderElection.run(LeaderElection.java:133)
	at java.lang.Thread.run(Thread.java:748)
Caused by: org.apache.ratis.thirdparty.io.grpc.StatusRuntimeException: UNAVAILABLE: io exception
	at org.apache.ratis.thirdparty.io.grpc.stub.ClientCalls.toStatusRuntimeException(ClientCalls.java:233)
	at org.apache.ratis.thirdparty.io.grpc.stub.ClientCalls.getUnchecked(ClientCalls.java:214)
	at org.apache.ratis.thirdparty.io.grpc.stub.ClientCalls.blockingUnaryCall(ClientCalls.java:139)
	at org.apache.ratis.proto.grpc.RaftServerProtocolServiceGrpc$RaftServerProtocolServiceBlockingStub.requestVote(RaftServerProtocolServiceGrpc.java:265)
	at org.apache.ratis.grpc.server.GrpcServerProtocolClient.requestVote(GrpcServerProtocolClient.java:99)
	at org.apache.ratis.grpc.server.GrpcService.requestVote(GrpcService.java:204)
	at org.apache.ratis.server.impl.LeaderElection.lambda$submitRequests$1(LeaderElection.java:234)
	at java.util.concurrent.FutureTask.run(FutureTask.java:266)
	at java.util.concurrent.Executors$RunnableAdapter.call(Executors.java:511)
	at java.util.concurrent.FutureTask.run(FutureTask.java:266)
	at java.util.concurrent.ThreadPoolExecutor.runWorker(ThreadPoolExecutor.java:1149)
	at java.util.concurrent.ThreadPoolExecutor$Worker.run(ThreadPoolExecutor.java:624)
	... 1 more
Caused by: org.apache.ratis.thirdparty.io.netty.channel.AbstractChannel$AnnotatedConnectException: Connection refused: /192.168.69.102:43737
	at sun.nio.ch.SocketChannelImpl.checkConnect(Native Method)
	at sun.nio.ch.SocketChannelImpl.finishConnect(SocketChannelImpl.java:717)
	at org.apache.ratis.thirdparty.io.netty.channel.socket.nio.NioSocketChannel.doFinishConnect(NioSocketChannel.java:327)
	at org.apache.ratis.thirdparty.io.netty.channel.nio.AbstractNioChannel$AbstractNioUnsafe.finishConnect(AbstractNioChannel.java:340)
	at org.apache.ratis.thirdparty.io.netty.channel.nio.NioEventLoop.processSelectedKey(NioEventLoop.java:632)
	at org.apache.ratis.thirdparty.io.netty.channel.nio.NioEventLoop.processSelectedKeysOptimized(NioEventLoop.java:579)
	at org.apache.ratis.thirdparty.io.netty.channel.nio.NioEventLoop.processSelectedKeys(NioEventLoop.java:496)
	at org.apache.ratis.thirdparty.io.netty.channel.nio.NioEventLoop.run(NioEventLoop.java:458)
	at org.apache.ratis.thirdparty.io.netty.util.concurrent.SingleThreadEventExecutor$5.run(SingleThreadEventExecutor.java:897)
	at org.apache.ratis.thirdparty.io.netty.util.concurrent.FastThreadLocalRunnable.run(FastThreadLocalRunnable.java:30)
	... 1 more
Caused by: java.net.ConnectException: Connection refused
	... 11 more
2019-10-15 21:19:06,167 [090573f1-c213-462e-b422-6463ca97c373@group-848D76B22711-LeaderElection1119] INFO  impl.RaftServerImpl (RaftServerImpl.java:setRole(184)) - 090573f1-c213-462e-b422-6463ca97c373@group-848D76B22711: changes role from CANDIDATE to FOLLOWER at term 145 for DISCOVERED_A_NEW_TERM
2019-10-15 21:19:06,167 [090573f1-c213-462e-b422-6463ca97c373@group-848D76B22711-LeaderElection1119] INFO  impl.RoleInfo (RoleInfo.java:shutdownLeaderElection(134)) - 090573f1-c213-462e-b422-6463ca97c373: shutdown LeaderElection
2019-10-15 21:19:06,167 [090573f1-c213-462e-b422-6463ca97c373@group-848D76B22711-LeaderElection1119] INFO  impl.RoleInfo (RoleInfo.java:updateAndGet(143)) - 090573f1-c213-462e-b422-6463ca97c373: start FollowerState
2019-10-15 21:19:06,182 [Thread-9504] INFO  impl.FollowerState (FollowerState.java:run(108)) - 090573f1-c213-462e-b422-6463ca97c373@group-848D76B22711-FollowerState: change to CANDIDATE, lastRpcTime:15ms, electionTimeout:15ms
2019-10-15 21:19:06,182 [Thread-9504] INFO  impl.RoleInfo (RoleInfo.java:shutdownFollowerState(121)) - 090573f1-c213-462e-b422-6463ca97c373: shutdown FollowerState
2019-10-15 21:19:06,182 [Thread-9504] INFO  impl.RaftServerImpl (RaftServerImpl.java:setRole(184)) - 090573f1-c213-462e-b422-6463ca97c373@group-848D76B22711: changes role from  FOLLOWER to CANDIDATE at term 145 for changeToCandidate
2019-10-15 21:19:06,182 [Thread-9504] INFO  impl.RoleInfo (RoleInfo.java:updateAndGet(143)) - 090573f1-c213-462e-b422-6463ca97c373: start LeaderElection
2019-10-15 21:19:06,191 [090573f1-c213-462e-b422-6463ca97c373@group-848D76B22711-LeaderElection1120] INFO  impl.LeaderElection (LeaderElection.java:askForVotes(178)) - 090573f1-c213-462e-b422-6463ca97c373@group-848D76B22711-LeaderElection1120: begin an election at term 146 for -1: [93d557fa-335e-4e3d-b2bb-e33832802906:192.168.69.102:43737, 090573f1-c213-462e-b422-6463ca97c373:192.168.69.102:43336, db364705-f60f-4be7-83db-fd25b014fd0b:192.168.69.102:41270], old=null
2019-10-15 21:19:06,192 [090573f1-c213-462e-b422-6463ca97c373@group-848D76B22711-LeaderElection1120] INFO  impl.LeaderElection (LogUtils.java:infoOrTrace(149)) - 090573f1-c213-462e-b422-6463ca97c373@group-848D76B22711-LeaderElection1120 got exception when requesting votes: {}
java.util.concurrent.ExecutionException: org.apache.ratis.thirdparty.io.grpc.StatusRuntimeException: UNAVAILABLE: io exception
	at java.util.concurrent.FutureTask.report(FutureTask.java:122)
	at java.util.concurrent.FutureTask.get(FutureTask.java:192)
	at org.apache.ratis.server.impl.LeaderElection.waitForResults(LeaderElection.java:259)
	at org.apache.ratis.server.impl.LeaderElection.askForVotes(LeaderElection.java:197)
	at org.apache.ratis.server.impl.LeaderElection.run(LeaderElection.java:133)
	at java.lang.Thread.run(Thread.java:748)
Caused by: org.apache.ratis.thirdparty.io.grpc.StatusRuntimeException: UNAVAILABLE: io exception
	at org.apache.ratis.thirdparty.io.grpc.stub.ClientCalls.toStatusRuntimeException(ClientCalls.java:233)
	at org.apache.ratis.thirdparty.io.grpc.stub.ClientCalls.getUnchecked(ClientCalls.java:214)
	at org.apache.ratis.thirdparty.io.grpc.stub.ClientCalls.blockingUnaryCall(ClientCalls.java:139)
	at org.apache.ratis.proto.grpc.RaftServerProtocolServiceGrpc$RaftServerProtocolServiceBlockingStub.requestVote(RaftServerProtocolServiceGrpc.java:265)
	at org.apache.ratis.grpc.server.GrpcServerProtocolClient.requestVote(GrpcServerProtocolClient.java:99)
	at org.apache.ratis.grpc.server.GrpcService.requestVote(GrpcService.java:204)
	at org.apache.ratis.server.impl.LeaderElection.lambda$submitRequests$1(LeaderElection.java:234)
	at java.util.concurrent.FutureTask.run(FutureTask.java:266)
	at java.util.concurrent.Executors$RunnableAdapter.call(Executors.java:511)
	at java.util.concurrent.FutureTask.run(FutureTask.java:266)
	at java.util.concurrent.ThreadPoolExecutor.runWorker(ThreadPoolExecutor.java:1149)
	at java.util.concurrent.ThreadPoolExecutor$Worker.run(ThreadPoolExecutor.java:624)
	... 1 more
Caused by: org.apache.ratis.thirdparty.io.netty.channel.AbstractChannel$AnnotatedConnectException: Connection refused: /192.168.69.102:43737
	at sun.nio.ch.SocketChannelImpl.checkConnect(Native Method)
	at sun.nio.ch.SocketChannelImpl.finishConnect(SocketChannelImpl.java:717)
	at org.apache.ratis.thirdparty.io.netty.channel.socket.nio.NioSocketChannel.doFinishConnect(NioSocketChannel.java:327)
	at org.apache.ratis.thirdparty.io.netty.channel.nio.AbstractNioChannel$AbstractNioUnsafe.finishConnect(AbstractNioChannel.java:340)
	at org.apache.ratis.thirdparty.io.netty.channel.nio.NioEventLoop.processSelectedKey(NioEventLoop.java:632)
	at org.apache.ratis.thirdparty.io.netty.channel.nio.NioEventLoop.processSelectedKeysOptimized(NioEventLoop.java:579)
	at org.apache.ratis.thirdparty.io.netty.channel.nio.NioEventLoop.processSelectedKeys(NioEventLoop.java:496)
	at org.apache.ratis.thirdparty.io.netty.channel.nio.NioEventLoop.run(NioEventLoop.java:458)
	at org.apache.ratis.thirdparty.io.netty.util.concurrent.SingleThreadEventExecutor$5.run(SingleThreadEventExecutor.java:897)
	at org.apache.ratis.thirdparty.io.netty.util.concurrent.FastThreadLocalRunnable.run(FastThreadLocalRunnable.java:30)
	... 1 more
Caused by: java.net.ConnectException: Connection refused
	... 11 more
2019-10-15 21:19:06,192 [grpc-default-executor-7] INFO  impl.RaftServerImpl (RaftServerImpl.java:setRole(184)) - db364705-f60f-4be7-83db-fd25b014fd0b@group-848D76B22711: changes role from  FOLLOWER to FOLLOWER at term 146 for recognizeCandidate:090573f1-c213-462e-b422-6463ca97c373
2019-10-15 21:19:06,192 [grpc-default-executor-7] INFO  impl.RoleInfo (RoleInfo.java:shutdownFollowerState(121)) - db364705-f60f-4be7-83db-fd25b014fd0b: shutdown FollowerState
2019-10-15 21:19:06,192 [grpc-default-executor-7] INFO  impl.RoleInfo (RoleInfo.java:updateAndGet(143)) - db364705-f60f-4be7-83db-fd25b014fd0b: start FollowerState
2019-10-15 21:19:06,192 [Thread-9503] INFO  impl.FollowerState (FollowerState.java:run(117)) - db364705-f60f-4be7-83db-fd25b014fd0b@group-848D76B22711-FollowerState was interrupted: java.lang.InterruptedException: sleep interrupted
2019-10-15 21:19:06,226 [090573f1-c213-462e-b422-6463ca97c373@group-848D76B22711-LeaderElection1120] INFO  impl.LeaderElection (LeaderElection.java:logAndReturn(56)) - 090573f1-c213-462e-b422-6463ca97c373@group-848D76B22711-LeaderElection1120: Election REJECTED; received 1 response(s) [090573f1-c213-462e-b422-6463ca97c373<-db364705-f60f-4be7-83db-fd25b014fd0b#0:FAIL-t146] and 1 exception(s); 090573f1-c213-462e-b422-6463ca97c373@group-848D76B22711:t146, leader=null, voted=090573f1-c213-462e-b422-6463ca97c373, raftlog=090573f1-c213-462e-b422-6463ca97c373@group-848D76B22711-SegmentedRaftLog:OPENED:c-1,f-1,i0, conf=-1: [93d557fa-335e-4e3d-b2bb-e33832802906:192.168.69.102:43737, 090573f1-c213-462e-b422-6463ca97c373:192.168.69.102:43336, db364705-f60f-4be7-83db-fd25b014fd0b:192.168.69.102:41270], old=null
2019-10-15 21:19:06,226 [090573f1-c213-462e-b422-6463ca97c373@group-848D76B22711-LeaderElection1120] INFO  impl.LeaderElection (LogUtils.java:infoOrTrace(149)) -   Exception 0: {}
java.util.concurrent.ExecutionException: org.apache.ratis.thirdparty.io.grpc.StatusRuntimeException: UNAVAILABLE: io exception
	at java.util.concurrent.FutureTask.report(FutureTask.java:122)
	at java.util.concurrent.FutureTask.get(FutureTask.java:192)
	at org.apache.ratis.server.impl.LeaderElection.waitForResults(LeaderElection.java:259)
	at org.apache.ratis.server.impl.LeaderElection.askForVotes(LeaderElection.java:197)
	at org.apache.ratis.server.impl.LeaderElection.run(LeaderElection.java:133)
	at java.lang.Thread.run(Thread.java:748)
Caused by: org.apache.ratis.thirdparty.io.grpc.StatusRuntimeException: UNAVAILABLE: io exception
	at org.apache.ratis.thirdparty.io.grpc.stub.ClientCalls.toStatusRuntimeException(ClientCalls.java:233)
	at org.apache.ratis.thirdparty.io.grpc.stub.ClientCalls.getUnchecked(ClientCalls.java:214)
	at org.apache.ratis.thirdparty.io.grpc.stub.ClientCalls.blockingUnaryCall(ClientCalls.java:139)
	at org.apache.ratis.proto.grpc.RaftServerProtocolServiceGrpc$RaftServerProtocolServiceBlockingStub.requestVote(RaftServerProtocolServiceGrpc.java:265)
	at org.apache.ratis.grpc.server.GrpcServerProtocolClient.requestVote(GrpcServerProtocolClient.java:99)
	at org.apache.ratis.grpc.server.GrpcService.requestVote(GrpcService.java:204)
	at org.apache.ratis.server.impl.LeaderElection.lambda$submitRequests$1(LeaderElection.java:234)
	at java.util.concurrent.FutureTask.run(FutureTask.java:266)
	at java.util.concurrent.Executors$RunnableAdapter.call(Executors.java:511)
	at java.util.concurrent.FutureTask.run(FutureTask.java:266)
	at java.util.concurrent.ThreadPoolExecutor.runWorker(ThreadPoolExecutor.java:1149)
	at java.util.concurrent.ThreadPoolExecutor$Worker.run(ThreadPoolExecutor.java:624)
	... 1 more
Caused by: org.apache.ratis.thirdparty.io.netty.channel.AbstractChannel$AnnotatedConnectException: Connection refused: /192.168.69.102:43737
	at sun.nio.ch.SocketChannelImpl.checkConnect(Native Method)
	at sun.nio.ch.SocketChannelImpl.finishConnect(SocketChannelImpl.java:717)
	at org.apache.ratis.thirdparty.io.netty.channel.socket.nio.NioSocketChannel.doFinishConnect(NioSocketChannel.java:327)
	at org.apache.ratis.thirdparty.io.netty.channel.nio.AbstractNioChannel$AbstractNioUnsafe.finishConnect(AbstractNioChannel.java:340)
	at org.apache.ratis.thirdparty.io.netty.channel.nio.NioEventLoop.processSelectedKey(NioEventLoop.java:632)
	at org.apache.ratis.thirdparty.io.netty.channel.nio.NioEventLoop.processSelectedKeysOptimized(NioEventLoop.java:579)
	at org.apache.ratis.thirdparty.io.netty.channel.nio.NioEventLoop.processSelectedKeys(NioEventLoop.java:496)
	at org.apache.ratis.thirdparty.io.netty.channel.nio.NioEventLoop.run(NioEventLoop.java:458)
	at org.apache.ratis.thirdparty.io.netty.util.concurrent.SingleThreadEventExecutor$5.run(SingleThreadEventExecutor.java:897)
	at org.apache.ratis.thirdparty.io.netty.util.concurrent.FastThreadLocalRunnable.run(FastThreadLocalRunnable.java:30)
	... 1 more
Caused by: java.net.ConnectException: Connection refused
	... 11 more
2019-10-15 21:19:06,226 [090573f1-c213-462e-b422-6463ca97c373@group-848D76B22711-LeaderElection1120] INFO  impl.RaftServerImpl (RaftServerImpl.java:setRole(184)) - 090573f1-c213-462e-b422-6463ca97c373@group-848D76B22711: changes role from CANDIDATE to FOLLOWER at term 146 for DISCOVERED_A_NEW_TERM
2019-10-15 21:19:06,226 [090573f1-c213-462e-b422-6463ca97c373@group-848D76B22711-LeaderElection1120] INFO  impl.RoleInfo (RoleInfo.java:shutdownLeaderElection(134)) - 090573f1-c213-462e-b422-6463ca97c373: shutdown LeaderElection
2019-10-15 21:19:06,226 [090573f1-c213-462e-b422-6463ca97c373@group-848D76B22711-LeaderElection1120] INFO  impl.RoleInfo (RoleInfo.java:updateAndGet(143)) - 090573f1-c213-462e-b422-6463ca97c373: start FollowerState
2019-10-15 21:19:06,357 [Thread-9511] INFO  impl.FollowerState (FollowerState.java:run(108)) - 090573f1-c213-462e-b422-6463ca97c373@group-848D76B22711-FollowerState: change to CANDIDATE, lastRpcTime:130ms, electionTimeout:130ms
2019-10-15 21:19:06,357 [Thread-9511] INFO  impl.RoleInfo (RoleInfo.java:shutdownFollowerState(121)) - 090573f1-c213-462e-b422-6463ca97c373: shutdown FollowerState
2019-10-15 21:19:06,357 [Thread-9511] INFO  impl.RaftServerImpl (RaftServerImpl.java:setRole(184)) - 090573f1-c213-462e-b422-6463ca97c373@group-848D76B22711: changes role from  FOLLOWER to CANDIDATE at term 146 for changeToCandidate
2019-10-15 21:19:06,357 [Thread-9511] INFO  impl.RoleInfo (RoleInfo.java:updateAndGet(143)) - 090573f1-c213-462e-b422-6463ca97c373: start LeaderElection
2019-10-15 21:19:06,363 [090573f1-c213-462e-b422-6463ca97c373@group-848D76B22711-LeaderElection1121] INFO  impl.LeaderElection (LeaderElection.java:askForVotes(178)) - 090573f1-c213-462e-b422-6463ca97c373@group-848D76B22711-LeaderElection1121: begin an election at term 147 for -1: [93d557fa-335e-4e3d-b2bb-e33832802906:192.168.69.102:43737, 090573f1-c213-462e-b422-6463ca97c373:192.168.69.102:43336, db364705-f60f-4be7-83db-fd25b014fd0b:192.168.69.102:41270], old=null
2019-10-15 21:19:06,364 [090573f1-c213-462e-b422-6463ca97c373@group-848D76B22711-LeaderElection1121] INFO  impl.LeaderElection (LogUtils.java:infoOrTrace(149)) - 090573f1-c213-462e-b422-6463ca97c373@group-848D76B22711-LeaderElection1121 got exception when requesting votes: {}
java.util.concurrent.ExecutionException: org.apache.ratis.thirdparty.io.grpc.StatusRuntimeException: UNAVAILABLE: io exception
	at java.util.concurrent.FutureTask.report(FutureTask.java:122)
	at java.util.concurrent.FutureTask.get(FutureTask.java:192)
	at org.apache.ratis.server.impl.LeaderElection.waitForResults(LeaderElection.java:259)
	at org.apache.ratis.server.impl.LeaderElection.askForVotes(LeaderElection.java:197)
	at org.apache.ratis.server.impl.LeaderElection.run(LeaderElection.java:133)
	at java.lang.Thread.run(Thread.java:748)
Caused by: org.apache.ratis.thirdparty.io.grpc.StatusRuntimeException: UNAVAILABLE: io exception
	at org.apache.ratis.thirdparty.io.grpc.stub.ClientCalls.toStatusRuntimeException(ClientCalls.java:233)
	at org.apache.ratis.thirdparty.io.grpc.stub.ClientCalls.getUnchecked(ClientCalls.java:214)
	at org.apache.ratis.thirdparty.io.grpc.stub.ClientCalls.blockingUnaryCall(ClientCalls.java:139)
	at org.apache.ratis.proto.grpc.RaftServerProtocolServiceGrpc$RaftServerProtocolServiceBlockingStub.requestVote(RaftServerProtocolServiceGrpc.java:265)
	at org.apache.ratis.grpc.server.GrpcServerProtocolClient.requestVote(GrpcServerProtocolClient.java:99)
	at org.apache.ratis.grpc.server.GrpcService.requestVote(GrpcService.java:204)
	at org.apache.ratis.server.impl.LeaderElection.lambda$submitRequests$1(LeaderElection.java:234)
	at java.util.concurrent.FutureTask.run(FutureTask.java:266)
	at java.util.concurrent.Executors$RunnableAdapter.call(Executors.java:511)
	at java.util.concurrent.FutureTask.run(FutureTask.java:266)
	at java.util.concurrent.ThreadPoolExecutor.runWorker(ThreadPoolExecutor.java:1149)
	at java.util.concurrent.ThreadPoolExecutor$Worker.run(ThreadPoolExecutor.java:624)
	... 1 more
Caused by: org.apache.ratis.thirdparty.io.netty.channel.AbstractChannel$AnnotatedConnectException: Connection refused: /192.168.69.102:43737
	at sun.nio.ch.SocketChannelImpl.checkConnect(Native Method)
	at sun.nio.ch.SocketChannelImpl.finishConnect(SocketChannelImpl.java:717)
	at org.apache.ratis.thirdparty.io.netty.channel.socket.nio.NioSocketChannel.doFinishConnect(NioSocketChannel.java:327)
	at org.apache.ratis.thirdparty.io.netty.channel.nio.AbstractNioChannel$AbstractNioUnsafe.finishConnect(AbstractNioChannel.java:340)
	at org.apache.ratis.thirdparty.io.netty.channel.nio.NioEventLoop.processSelectedKey(NioEventLoop.java:632)
	at org.apache.ratis.thirdparty.io.netty.channel.nio.NioEventLoop.processSelectedKeysOptimized(NioEventLoop.java:579)
	at org.apache.ratis.thirdparty.io.netty.channel.nio.NioEventLoop.processSelectedKeys(NioEventLoop.java:496)
	at org.apache.ratis.thirdparty.io.netty.channel.nio.NioEventLoop.run(NioEventLoop.java:458)
	at org.apache.ratis.thirdparty.io.netty.util.concurrent.SingleThreadEventExecutor$5.run(SingleThreadEventExecutor.java:897)
	at org.apache.ratis.thirdparty.io.netty.util.concurrent.FastThreadLocalRunnable.run(FastThreadLocalRunnable.java:30)
	... 1 more
Caused by: java.net.ConnectException: Connection refused
	... 11 more
2019-10-15 21:19:06,364 [grpc-default-executor-7] INFO  impl.RaftServerImpl (RaftServerImpl.java:setRole(184)) - db364705-f60f-4be7-83db-fd25b014fd0b@group-848D76B22711: changes role from  FOLLOWER to FOLLOWER at term 147 for recognizeCandidate:090573f1-c213-462e-b422-6463ca97c373
2019-10-15 21:19:06,364 [grpc-default-executor-7] INFO  impl.RoleInfo (RoleInfo.java:shutdownFollowerState(121)) - db364705-f60f-4be7-83db-fd25b014fd0b: shutdown FollowerState
2019-10-15 21:19:06,365 [grpc-default-executor-7] INFO  impl.RoleInfo (RoleInfo.java:updateAndGet(143)) - db364705-f60f-4be7-83db-fd25b014fd0b: start FollowerState
2019-10-15 21:19:06,365 [Thread-9508] INFO  impl.FollowerState (FollowerState.java:run(117)) - db364705-f60f-4be7-83db-fd25b014fd0b@group-848D76B22711-FollowerState was interrupted: java.lang.InterruptedException: sleep interrupted
2019-10-15 21:19:06,400 [090573f1-c213-462e-b422-6463ca97c373@group-848D76B22711-LeaderElection1121] INFO  impl.LeaderElection (LeaderElection.java:logAndReturn(56)) - 090573f1-c213-462e-b422-6463ca97c373@group-848D76B22711-LeaderElection1121: Election REJECTED; received 1 response(s) [090573f1-c213-462e-b422-6463ca97c373<-db364705-f60f-4be7-83db-fd25b014fd0b#0:FAIL-t147] and 1 exception(s); 090573f1-c213-462e-b422-6463ca97c373@group-848D76B22711:t147, leader=null, voted=090573f1-c213-462e-b422-6463ca97c373, raftlog=090573f1-c213-462e-b422-6463ca97c373@group-848D76B22711-SegmentedRaftLog:OPENED:c-1,f-1,i0, conf=-1: [93d557fa-335e-4e3d-b2bb-e33832802906:192.168.69.102:43737, 090573f1-c213-462e-b422-6463ca97c373:192.168.69.102:43336, db364705-f60f-4be7-83db-fd25b014fd0b:192.168.69.102:41270], old=null
2019-10-15 21:19:06,400 [090573f1-c213-462e-b422-6463ca97c373@group-848D76B22711-LeaderElection1121] INFO  impl.LeaderElection (LogUtils.java:infoOrTrace(149)) -   Exception 0: {}
java.util.concurrent.ExecutionException: org.apache.ratis.thirdparty.io.grpc.StatusRuntimeException: UNAVAILABLE: io exception
	at java.util.concurrent.FutureTask.report(FutureTask.java:122)
	at java.util.concurrent.FutureTask.get(FutureTask.java:192)
	at org.apache.ratis.server.impl.LeaderElection.waitForResults(LeaderElection.java:259)
	at org.apache.ratis.server.impl.LeaderElection.askForVotes(LeaderElection.java:197)
	at org.apache.ratis.server.impl.LeaderElection.run(LeaderElection.java:133)
	at java.lang.Thread.run(Thread.java:748)
Caused by: org.apache.ratis.thirdparty.io.grpc.StatusRuntimeException: UNAVAILABLE: io exception
	at org.apache.ratis.thirdparty.io.grpc.stub.ClientCalls.toStatusRuntimeException(ClientCalls.java:233)
	at org.apache.ratis.thirdparty.io.grpc.stub.ClientCalls.getUnchecked(ClientCalls.java:214)
	at org.apache.ratis.thirdparty.io.grpc.stub.ClientCalls.blockingUnaryCall(ClientCalls.java:139)
	at org.apache.ratis.proto.grpc.RaftServerProtocolServiceGrpc$RaftServerProtocolServiceBlockingStub.requestVote(RaftServerProtocolServiceGrpc.java:265)
	at org.apache.ratis.grpc.server.GrpcServerProtocolClient.requestVote(GrpcServerProtocolClient.java:99)
	at org.apache.ratis.grpc.server.GrpcService.requestVote(GrpcService.java:204)
	at org.apache.ratis.server.impl.LeaderElection.lambda$submitRequests$1(LeaderElection.java:234)
	at java.util.concurrent.FutureTask.run(FutureTask.java:266)
	at java.util.concurrent.Executors$RunnableAdapter.call(Executors.java:511)
	at java.util.concurrent.FutureTask.run(FutureTask.java:266)
	at java.util.concurrent.ThreadPoolExecutor.runWorker(ThreadPoolExecutor.java:1149)
	at java.util.concurrent.ThreadPoolExecutor$Worker.run(ThreadPoolExecutor.java:624)
	... 1 more
Caused by: org.apache.ratis.thirdparty.io.netty.channel.AbstractChannel$AnnotatedConnectException: Connection refused: /192.168.69.102:43737
	at sun.nio.ch.SocketChannelImpl.checkConnect(Native Method)
	at sun.nio.ch.SocketChannelImpl.finishConnect(SocketChannelImpl.java:717)
	at org.apache.ratis.thirdparty.io.netty.channel.socket.nio.NioSocketChannel.doFinishConnect(NioSocketChannel.java:327)
	at org.apache.ratis.thirdparty.io.netty.channel.nio.AbstractNioChannel$AbstractNioUnsafe.finishConnect(AbstractNioChannel.java:340)
	at org.apache.ratis.thirdparty.io.netty.channel.nio.NioEventLoop.processSelectedKey(NioEventLoop.java:632)
	at org.apache.ratis.thirdparty.io.netty.channel.nio.NioEventLoop.processSelectedKeysOptimized(NioEventLoop.java:579)
	at org.apache.ratis.thirdparty.io.netty.channel.nio.NioEventLoop.processSelectedKeys(NioEventLoop.java:496)
	at org.apache.ratis.thirdparty.io.netty.channel.nio.NioEventLoop.run(NioEventLoop.java:458)
	at org.apache.ratis.thirdparty.io.netty.util.concurrent.SingleThreadEventExecutor$5.run(SingleThreadEventExecutor.java:897)
	at org.apache.ratis.thirdparty.io.netty.util.concurrent.FastThreadLocalRunnable.run(FastThreadLocalRunnable.java:30)
	... 1 more
Caused by: java.net.ConnectException: Connection refused
	... 11 more
2019-10-15 21:19:06,400 [090573f1-c213-462e-b422-6463ca97c373@group-848D76B22711-LeaderElection1121] INFO  impl.RaftServerImpl (RaftServerImpl.java:setRole(184)) - 090573f1-c213-462e-b422-6463ca97c373@group-848D76B22711: changes role from CANDIDATE to FOLLOWER at term 147 for DISCOVERED_A_NEW_TERM
2019-10-15 21:19:06,400 [090573f1-c213-462e-b422-6463ca97c373@group-848D76B22711-LeaderElection1121] INFO  impl.RoleInfo (RoleInfo.java:shutdownLeaderElection(134)) - 090573f1-c213-462e-b422-6463ca97c373: shutdown LeaderElection
2019-10-15 21:19:06,400 [090573f1-c213-462e-b422-6463ca97c373@group-848D76B22711-LeaderElection1121] INFO  impl.RoleInfo (RoleInfo.java:updateAndGet(143)) - 090573f1-c213-462e-b422-6463ca97c373: start FollowerState
2019-10-15 21:19:06,523 [Thread-9518] INFO  impl.FollowerState (FollowerState.java:run(108)) - 090573f1-c213-462e-b422-6463ca97c373@group-848D76B22711-FollowerState: change to CANDIDATE, lastRpcTime:123ms, electionTimeout:123ms
2019-10-15 21:19:06,523 [Thread-9518] INFO  impl.RoleInfo (RoleInfo.java:shutdownFollowerState(121)) - 090573f1-c213-462e-b422-6463ca97c373: shutdown FollowerState
2019-10-15 21:19:06,524 [Thread-9518] INFO  impl.RaftServerImpl (RaftServerImpl.java:setRole(184)) - 090573f1-c213-462e-b422-6463ca97c373@group-848D76B22711: changes role from  FOLLOWER to CANDIDATE at term 147 for changeToCandidate
2019-10-15 21:19:06,524 [Thread-9518] INFO  impl.RoleInfo (RoleInfo.java:updateAndGet(143)) - 090573f1-c213-462e-b422-6463ca97c373: start LeaderElection
2019-10-15 21:19:06,526 [090573f1-c213-462e-b422-6463ca97c373@group-848D76B22711-LeaderElection1122] INFO  impl.LeaderElection (LeaderElection.java:askForVotes(178)) - 090573f1-c213-462e-b422-6463ca97c373@group-848D76B22711-LeaderElection1122: begin an election at term 148 for -1: [93d557fa-335e-4e3d-b2bb-e33832802906:192.168.69.102:43737, 090573f1-c213-462e-b422-6463ca97c373:192.168.69.102:43336, db364705-f60f-4be7-83db-fd25b014fd0b:192.168.69.102:41270], old=null
2019-10-15 21:19:06,527 [090573f1-c213-462e-b422-6463ca97c373@group-848D76B22711-LeaderElection1122] INFO  impl.LeaderElection (LogUtils.java:infoOrTrace(149)) - 090573f1-c213-462e-b422-6463ca97c373@group-848D76B22711-LeaderElection1122 got exception when requesting votes: {}
java.util.concurrent.ExecutionException: org.apache.ratis.thirdparty.io.grpc.StatusRuntimeException: UNAVAILABLE: io exception
	at java.util.concurrent.FutureTask.report(FutureTask.java:122)
	at java.util.concurrent.FutureTask.get(FutureTask.java:192)
	at org.apache.ratis.server.impl.LeaderElection.waitForResults(LeaderElection.java:259)
	at org.apache.ratis.server.impl.LeaderElection.askForVotes(LeaderElection.java:197)
	at org.apache.ratis.server.impl.LeaderElection.run(LeaderElection.java:133)
	at java.lang.Thread.run(Thread.java:748)
Caused by: org.apache.ratis.thirdparty.io.grpc.StatusRuntimeException: UNAVAILABLE: io exception
	at org.apache.ratis.thirdparty.io.grpc.stub.ClientCalls.toStatusRuntimeException(ClientCalls.java:233)
	at org.apache.ratis.thirdparty.io.grpc.stub.ClientCalls.getUnchecked(ClientCalls.java:214)
	at org.apache.ratis.thirdparty.io.grpc.stub.ClientCalls.blockingUnaryCall(ClientCalls.java:139)
	at org.apache.ratis.proto.grpc.RaftServerProtocolServiceGrpc$RaftServerProtocolServiceBlockingStub.requestVote(RaftServerProtocolServiceGrpc.java:265)
	at org.apache.ratis.grpc.server.GrpcServerProtocolClient.requestVote(GrpcServerProtocolClient.java:99)
	at org.apache.ratis.grpc.server.GrpcService.requestVote(GrpcService.java:204)
	at org.apache.ratis.server.impl.LeaderElection.lambda$submitRequests$1(LeaderElection.java:234)
	at java.util.concurrent.FutureTask.run(FutureTask.java:266)
	at java.util.concurrent.Executors$RunnableAdapter.call(Executors.java:511)
	at java.util.concurrent.FutureTask.run(FutureTask.java:266)
	at java.util.concurrent.ThreadPoolExecutor.runWorker(ThreadPoolExecutor.java:1149)
	at java.util.concurrent.ThreadPoolExecutor$Worker.run(ThreadPoolExecutor.java:624)
	... 1 more
Caused by: org.apache.ratis.thirdparty.io.netty.channel.AbstractChannel$AnnotatedConnectException: Connection refused: /192.168.69.102:43737
	at sun.nio.ch.SocketChannelImpl.checkConnect(Native Method)
	at sun.nio.ch.SocketChannelImpl.finishConnect(SocketChannelImpl.java:717)
	at org.apache.ratis.thirdparty.io.netty.channel.socket.nio.NioSocketChannel.doFinishConnect(NioSocketChannel.java:327)
	at org.apache.ratis.thirdparty.io.netty.channel.nio.AbstractNioChannel$AbstractNioUnsafe.finishConnect(AbstractNioChannel.java:340)
	at org.apache.ratis.thirdparty.io.netty.channel.nio.NioEventLoop.processSelectedKey(NioEventLoop.java:632)
	at org.apache.ratis.thirdparty.io.netty.channel.nio.NioEventLoop.processSelectedKeysOptimized(NioEventLoop.java:579)
	at org.apache.ratis.thirdparty.io.netty.channel.nio.NioEventLoop.processSelectedKeys(NioEventLoop.java:496)
	at org.apache.ratis.thirdparty.io.netty.channel.nio.NioEventLoop.run(NioEventLoop.java:458)
	at org.apache.ratis.thirdparty.io.netty.util.concurrent.SingleThreadEventExecutor$5.run(SingleThreadEventExecutor.java:897)
	at org.apache.ratis.thirdparty.io.netty.util.concurrent.FastThreadLocalRunnable.run(FastThreadLocalRunnable.java:30)
	... 1 more
Caused by: java.net.ConnectException: Connection refused
	... 11 more
2019-10-15 21:19:06,528 [grpc-default-executor-7] INFO  impl.RaftServerImpl (RaftServerImpl.java:setRole(184)) - db364705-f60f-4be7-83db-fd25b014fd0b@group-848D76B22711: changes role from  FOLLOWER to FOLLOWER at term 148 for recognizeCandidate:090573f1-c213-462e-b422-6463ca97c373
2019-10-15 21:19:06,528 [grpc-default-executor-7] INFO  impl.RoleInfo (RoleInfo.java:shutdownFollowerState(121)) - db364705-f60f-4be7-83db-fd25b014fd0b: shutdown FollowerState
2019-10-15 21:19:06,528 [grpc-default-executor-7] INFO  impl.RoleInfo (RoleInfo.java:updateAndGet(143)) - db364705-f60f-4be7-83db-fd25b014fd0b: start FollowerState
2019-10-15 21:19:06,529 [Thread-9515] INFO  impl.FollowerState (FollowerState.java:run(117)) - db364705-f60f-4be7-83db-fd25b014fd0b@group-848D76B22711-FollowerState was interrupted: java.lang.InterruptedException: sleep interrupted
2019-10-15 21:19:06,549 [090573f1-c213-462e-b422-6463ca97c373@group-848D76B22711-LeaderElection1122] INFO  impl.LeaderElection (LeaderElection.java:logAndReturn(56)) - 090573f1-c213-462e-b422-6463ca97c373@group-848D76B22711-LeaderElection1122: Election REJECTED; received 1 response(s) [090573f1-c213-462e-b422-6463ca97c373<-db364705-f60f-4be7-83db-fd25b014fd0b#0:FAIL-t148] and 1 exception(s); 090573f1-c213-462e-b422-6463ca97c373@group-848D76B22711:t148, leader=null, voted=090573f1-c213-462e-b422-6463ca97c373, raftlog=090573f1-c213-462e-b422-6463ca97c373@group-848D76B22711-SegmentedRaftLog:OPENED:c-1,f-1,i0, conf=-1: [93d557fa-335e-4e3d-b2bb-e33832802906:192.168.69.102:43737, 090573f1-c213-462e-b422-6463ca97c373:192.168.69.102:43336, db364705-f60f-4be7-83db-fd25b014fd0b:192.168.69.102:41270], old=null
2019-10-15 21:19:06,549 [090573f1-c213-462e-b422-6463ca97c373@group-848D76B22711-LeaderElection1122] INFO  impl.LeaderElection (LogUtils.java:infoOrTrace(149)) -   Exception 0: {}
java.util.concurrent.ExecutionException: org.apache.ratis.thirdparty.io.grpc.StatusRuntimeException: UNAVAILABLE: io exception
	at java.util.concurrent.FutureTask.report(FutureTask.java:122)
	at java.util.concurrent.FutureTask.get(FutureTask.java:192)
	at org.apache.ratis.server.impl.LeaderElection.waitForResults(LeaderElection.java:259)
	at org.apache.ratis.server.impl.LeaderElection.askForVotes(LeaderElection.java:197)
	at org.apache.ratis.server.impl.LeaderElection.run(LeaderElection.java:133)
	at java.lang.Thread.run(Thread.java:748)
Caused by: org.apache.ratis.thirdparty.io.grpc.StatusRuntimeException: UNAVAILABLE: io exception
	at org.apache.ratis.thirdparty.io.grpc.stub.ClientCalls.toStatusRuntimeException(ClientCalls.java:233)
	at org.apache.ratis.thirdparty.io.grpc.stub.ClientCalls.getUnchecked(ClientCalls.java:214)
	at org.apache.ratis.thirdparty.io.grpc.stub.ClientCalls.blockingUnaryCall(ClientCalls.java:139)
	at org.apache.ratis.proto.grpc.RaftServerProtocolServiceGrpc$RaftServerProtocolServiceBlockingStub.requestVote(RaftServerProtocolServiceGrpc.java:265)
	at org.apache.ratis.grpc.server.GrpcServerProtocolClient.requestVote(GrpcServerProtocolClient.java:99)
	at org.apache.ratis.grpc.server.GrpcService.requestVote(GrpcService.java:204)
	at org.apache.ratis.server.impl.LeaderElection.lambda$submitRequests$1(LeaderElection.java:234)
	at java.util.concurrent.FutureTask.run(FutureTask.java:266)
	at java.util.concurrent.Executors$RunnableAdapter.call(Executors.java:511)
	at java.util.concurrent.FutureTask.run(FutureTask.java:266)
	at java.util.concurrent.ThreadPoolExecutor.runWorker(ThreadPoolExecutor.java:1149)
	at java.util.concurrent.ThreadPoolExecutor$Worker.run(ThreadPoolExecutor.java:624)
	... 1 more
Caused by: org.apache.ratis.thirdparty.io.netty.channel.AbstractChannel$AnnotatedConnectException: Connection refused: /192.168.69.102:43737
	at sun.nio.ch.SocketChannelImpl.checkConnect(Native Method)
	at sun.nio.ch.SocketChannelImpl.finishConnect(SocketChannelImpl.java:717)
	at org.apache.ratis.thirdparty.io.netty.channel.socket.nio.NioSocketChannel.doFinishConnect(NioSocketChannel.java:327)
	at org.apache.ratis.thirdparty.io.netty.channel.nio.AbstractNioChannel$AbstractNioUnsafe.finishConnect(AbstractNioChannel.java:340)
	at org.apache.ratis.thirdparty.io.netty.channel.nio.NioEventLoop.processSelectedKey(NioEventLoop.java:632)
	at org.apache.ratis.thirdparty.io.netty.channel.nio.NioEventLoop.processSelectedKeysOptimized(NioEventLoop.java:579)
	at org.apache.ratis.thirdparty.io.netty.channel.nio.NioEventLoop.processSelectedKeys(NioEventLoop.java:496)
	at org.apache.ratis.thirdparty.io.netty.channel.nio.NioEventLoop.run(NioEventLoop.java:458)
	at org.apache.ratis.thirdparty.io.netty.util.concurrent.SingleThreadEventExecutor$5.run(SingleThreadEventExecutor.java:897)
	at org.apache.ratis.thirdparty.io.netty.util.concurrent.FastThreadLocalRunnable.run(FastThreadLocalRunnable.java:30)
	... 1 more
Caused by: java.net.ConnectException: Connection refused
	... 11 more
2019-10-15 21:19:06,549 [090573f1-c213-462e-b422-6463ca97c373@group-848D76B22711-LeaderElection1122] INFO  impl.RaftServerImpl (RaftServerImpl.java:setRole(184)) - 090573f1-c213-462e-b422-6463ca97c373@group-848D76B22711: changes role from CANDIDATE to FOLLOWER at term 148 for DISCOVERED_A_NEW_TERM
2019-10-15 21:19:06,549 [090573f1-c213-462e-b422-6463ca97c373@group-848D76B22711-LeaderElection1122] INFO  impl.RoleInfo (RoleInfo.java:shutdownLeaderElection(134)) - 090573f1-c213-462e-b422-6463ca97c373: shutdown LeaderElection
2019-10-15 21:19:06,549 [090573f1-c213-462e-b422-6463ca97c373@group-848D76B22711-LeaderElection1122] INFO  impl.RoleInfo (RoleInfo.java:updateAndGet(143)) - 090573f1-c213-462e-b422-6463ca97c373: start FollowerState
2019-10-15 21:19:06,650 [Thread-9523] INFO  impl.FollowerState (FollowerState.java:run(108)) - 090573f1-c213-462e-b422-6463ca97c373@group-848D76B22711-FollowerState: change to CANDIDATE, lastRpcTime:100ms, electionTimeout:100ms
2019-10-15 21:19:06,650 [Thread-9523] INFO  impl.RoleInfo (RoleInfo.java:shutdownFollowerState(121)) - 090573f1-c213-462e-b422-6463ca97c373: shutdown FollowerState
2019-10-15 21:19:06,650 [Thread-9523] INFO  impl.RaftServerImpl (RaftServerImpl.java:setRole(184)) - 090573f1-c213-462e-b422-6463ca97c373@group-848D76B22711: changes role from  FOLLOWER to CANDIDATE at term 148 for changeToCandidate
2019-10-15 21:19:06,650 [Thread-9523] INFO  impl.RoleInfo (RoleInfo.java:updateAndGet(143)) - 090573f1-c213-462e-b422-6463ca97c373: start LeaderElection
2019-10-15 21:19:06,661 [090573f1-c213-462e-b422-6463ca97c373@group-848D76B22711-LeaderElection1123] INFO  impl.LeaderElection (LeaderElection.java:askForVotes(178)) - 090573f1-c213-462e-b422-6463ca97c373@group-848D76B22711-LeaderElection1123: begin an election at term 149 for -1: [93d557fa-335e-4e3d-b2bb-e33832802906:192.168.69.102:43737, 090573f1-c213-462e-b422-6463ca97c373:192.168.69.102:43336, db364705-f60f-4be7-83db-fd25b014fd0b:192.168.69.102:41270], old=null
2019-10-15 21:19:06,661 [090573f1-c213-462e-b422-6463ca97c373@group-848D76B22711-LeaderElection1123] INFO  impl.LeaderElection (LogUtils.java:infoOrTrace(149)) - 090573f1-c213-462e-b422-6463ca97c373@group-848D76B22711-LeaderElection1123 got exception when requesting votes: {}
java.util.concurrent.ExecutionException: org.apache.ratis.thirdparty.io.grpc.StatusRuntimeException: UNAVAILABLE: io exception
	at java.util.concurrent.FutureTask.report(FutureTask.java:122)
	at java.util.concurrent.FutureTask.get(FutureTask.java:192)
	at org.apache.ratis.server.impl.LeaderElection.waitForResults(LeaderElection.java:259)
	at org.apache.ratis.server.impl.LeaderElection.askForVotes(LeaderElection.java:197)
	at org.apache.ratis.server.impl.LeaderElection.run(LeaderElection.java:133)
	at java.lang.Thread.run(Thread.java:748)
Caused by: org.apache.ratis.thirdparty.io.grpc.StatusRuntimeException: UNAVAILABLE: io exception
	at org.apache.ratis.thirdparty.io.grpc.stub.ClientCalls.toStatusRuntimeException(ClientCalls.java:233)
	at org.apache.ratis.thirdparty.io.grpc.stub.ClientCalls.getUnchecked(ClientCalls.java:214)
	at org.apache.ratis.thirdparty.io.grpc.stub.ClientCalls.blockingUnaryCall(ClientCalls.java:139)
	at org.apache.ratis.proto.grpc.RaftServerProtocolServiceGrpc$RaftServerProtocolServiceBlockingStub.requestVote(RaftServerProtocolServiceGrpc.java:265)
	at org.apache.ratis.grpc.server.GrpcServerProtocolClient.requestVote(GrpcServerProtocolClient.java:99)
	at org.apache.ratis.grpc.server.GrpcService.requestVote(GrpcService.java:204)
	at org.apache.ratis.server.impl.LeaderElection.lambda$submitRequests$1(LeaderElection.java:234)
	at java.util.concurrent.FutureTask.run(FutureTask.java:266)
	at java.util.concurrent.Executors$RunnableAdapter.call(Executors.java:511)
	at java.util.concurrent.FutureTask.run(FutureTask.java:266)
	at java.util.concurrent.ThreadPoolExecutor.runWorker(ThreadPoolExecutor.java:1149)
	at java.util.concurrent.ThreadPoolExecutor$Worker.run(ThreadPoolExecutor.java:624)
	... 1 more
Caused by: org.apache.ratis.thirdparty.io.netty.channel.AbstractChannel$AnnotatedConnectException: Connection refused: /192.168.69.102:43737
	at sun.nio.ch.SocketChannelImpl.checkConnect(Native Method)
	at sun.nio.ch.SocketChannelImpl.finishConnect(SocketChannelImpl.java:717)
	at org.apache.ratis.thirdparty.io.netty.channel.socket.nio.NioSocketChannel.doFinishConnect(NioSocketChannel.java:327)
	at org.apache.ratis.thirdparty.io.netty.channel.nio.AbstractNioChannel$AbstractNioUnsafe.finishConnect(AbstractNioChannel.java:340)
	at org.apache.ratis.thirdparty.io.netty.channel.nio.NioEventLoop.processSelectedKey(NioEventLoop.java:632)
	at org.apache.ratis.thirdparty.io.netty.channel.nio.NioEventLoop.processSelectedKeysOptimized(NioEventLoop.java:579)
	at org.apache.ratis.thirdparty.io.netty.channel.nio.NioEventLoop.processSelectedKeys(NioEventLoop.java:496)
	at org.apache.ratis.thirdparty.io.netty.channel.nio.NioEventLoop.run(NioEventLoop.java:458)
	at org.apache.ratis.thirdparty.io.netty.util.concurrent.SingleThreadEventExecutor$5.run(SingleThreadEventExecutor.java:897)
	at org.apache.ratis.thirdparty.io.netty.util.concurrent.FastThreadLocalRunnable.run(FastThreadLocalRunnable.java:30)
	... 1 more
Caused by: java.net.ConnectException: Connection refused
	... 11 more
2019-10-15 21:19:06,662 [grpc-default-executor-7] INFO  impl.RaftServerImpl (RaftServerImpl.java:setRole(184)) - db364705-f60f-4be7-83db-fd25b014fd0b@group-848D76B22711: changes role from  FOLLOWER to FOLLOWER at term 149 for recognizeCandidate:090573f1-c213-462e-b422-6463ca97c373
2019-10-15 21:19:06,662 [grpc-default-executor-7] INFO  impl.RoleInfo (RoleInfo.java:shutdownFollowerState(121)) - db364705-f60f-4be7-83db-fd25b014fd0b: shutdown FollowerState
2019-10-15 21:19:06,662 [grpc-default-executor-7] INFO  impl.RoleInfo (RoleInfo.java:updateAndGet(143)) - db364705-f60f-4be7-83db-fd25b014fd0b: start FollowerState
2019-10-15 21:19:06,662 [Thread-9522] INFO  impl.FollowerState (FollowerState.java:run(117)) - db364705-f60f-4be7-83db-fd25b014fd0b@group-848D76B22711-FollowerState was interrupted: java.lang.InterruptedException: sleep interrupted
2019-10-15 21:19:06,691 [090573f1-c213-462e-b422-6463ca97c373@group-848D76B22711-LeaderElection1123] INFO  impl.LeaderElection (LeaderElection.java:logAndReturn(56)) - 090573f1-c213-462e-b422-6463ca97c373@group-848D76B22711-LeaderElection1123: Election REJECTED; received 1 response(s) [090573f1-c213-462e-b422-6463ca97c373<-db364705-f60f-4be7-83db-fd25b014fd0b#0:FAIL-t149] and 1 exception(s); 090573f1-c213-462e-b422-6463ca97c373@group-848D76B22711:t149, leader=null, voted=090573f1-c213-462e-b422-6463ca97c373, raftlog=090573f1-c213-462e-b422-6463ca97c373@group-848D76B22711-SegmentedRaftLog:OPENED:c-1,f-1,i0, conf=-1: [93d557fa-335e-4e3d-b2bb-e33832802906:192.168.69.102:43737, 090573f1-c213-462e-b422-6463ca97c373:192.168.69.102:43336, db364705-f60f-4be7-83db-fd25b014fd0b:192.168.69.102:41270], old=null
2019-10-15 21:19:06,691 [090573f1-c213-462e-b422-6463ca97c373@group-848D76B22711-LeaderElection1123] INFO  impl.LeaderElection (LogUtils.java:infoOrTrace(149)) -   Exception 0: {}
java.util.concurrent.ExecutionException: org.apache.ratis.thirdparty.io.grpc.StatusRuntimeException: UNAVAILABLE: io exception
	at java.util.concurrent.FutureTask.report(FutureTask.java:122)
	at java.util.concurrent.FutureTask.get(FutureTask.java:192)
	at org.apache.ratis.server.impl.LeaderElection.waitForResults(LeaderElection.java:259)
	at org.apache.ratis.server.impl.LeaderElection.askForVotes(LeaderElection.java:197)
	at org.apache.ratis.server.impl.LeaderElection.run(LeaderElection.java:133)
	at java.lang.Thread.run(Thread.java:748)
Caused by: org.apache.ratis.thirdparty.io.grpc.StatusRuntimeException: UNAVAILABLE: io exception
	at org.apache.ratis.thirdparty.io.grpc.stub.ClientCalls.toStatusRuntimeException(ClientCalls.java:233)
	at org.apache.ratis.thirdparty.io.grpc.stub.ClientCalls.getUnchecked(ClientCalls.java:214)
	at org.apache.ratis.thirdparty.io.grpc.stub.ClientCalls.blockingUnaryCall(ClientCalls.java:139)
	at org.apache.ratis.proto.grpc.RaftServerProtocolServiceGrpc$RaftServerProtocolServiceBlockingStub.requestVote(RaftServerProtocolServiceGrpc.java:265)
	at org.apache.ratis.grpc.server.GrpcServerProtocolClient.requestVote(GrpcServerProtocolClient.java:99)
	at org.apache.ratis.grpc.server.GrpcService.requestVote(GrpcService.java:204)
	at org.apache.ratis.server.impl.LeaderElection.lambda$submitRequests$1(LeaderElection.java:234)
	at java.util.concurrent.FutureTask.run(FutureTask.java:266)
	at java.util.concurrent.Executors$RunnableAdapter.call(Executors.java:511)
	at java.util.concurrent.FutureTask.run(FutureTask.java:266)
	at java.util.concurrent.ThreadPoolExecutor.runWorker(ThreadPoolExecutor.java:1149)
	at java.util.concurrent.ThreadPoolExecutor$Worker.run(ThreadPoolExecutor.java:624)
	... 1 more
Caused by: org.apache.ratis.thirdparty.io.netty.channel.AbstractChannel$AnnotatedConnectException: Connection refused: /192.168.69.102:43737
	at sun.nio.ch.SocketChannelImpl.checkConnect(Native Method)
	at sun.nio.ch.SocketChannelImpl.finishConnect(SocketChannelImpl.java:717)
	at org.apache.ratis.thirdparty.io.netty.channel.socket.nio.NioSocketChannel.doFinishConnect(NioSocketChannel.java:327)
	at org.apache.ratis.thirdparty.io.netty.channel.nio.AbstractNioChannel$AbstractNioUnsafe.finishConnect(AbstractNioChannel.java:340)
	at org.apache.ratis.thirdparty.io.netty.channel.nio.NioEventLoop.processSelectedKey(NioEventLoop.java:632)
	at org.apache.ratis.thirdparty.io.netty.channel.nio.NioEventLoop.processSelectedKeysOptimized(NioEventLoop.java:579)
	at org.apache.ratis.thirdparty.io.netty.channel.nio.NioEventLoop.processSelectedKeys(NioEventLoop.java:496)
	at org.apache.ratis.thirdparty.io.netty.channel.nio.NioEventLoop.run(NioEventLoop.java:458)
	at org.apache.ratis.thirdparty.io.netty.util.concurrent.SingleThreadEventExecutor$5.run(SingleThreadEventExecutor.java:897)
	at org.apache.ratis.thirdparty.io.netty.util.concurrent.FastThreadLocalRunnable.run(FastThreadLocalRunnable.java:30)
	... 1 more
Caused by: java.net.ConnectException: Connection refused
	... 11 more
2019-10-15 21:19:06,692 [090573f1-c213-462e-b422-6463ca97c373@group-848D76B22711-LeaderElection1123] INFO  impl.RaftServerImpl (RaftServerImpl.java:setRole(184)) - 090573f1-c213-462e-b422-6463ca97c373@group-848D76B22711: changes role from CANDIDATE to FOLLOWER at term 149 for DISCOVERED_A_NEW_TERM
2019-10-15 21:19:06,692 [090573f1-c213-462e-b422-6463ca97c373@group-848D76B22711-LeaderElection1123] INFO  impl.RoleInfo (RoleInfo.java:shutdownLeaderElection(134)) - 090573f1-c213-462e-b422-6463ca97c373: shutdown LeaderElection
2019-10-15 21:19:06,692 [090573f1-c213-462e-b422-6463ca97c373@group-848D76B22711-LeaderElection1123] INFO  impl.RoleInfo (RoleInfo.java:updateAndGet(143)) - 090573f1-c213-462e-b422-6463ca97c373: start FollowerState
2019-10-15 21:19:06,736 [Thread-9528] INFO  impl.FollowerState (FollowerState.java:run(108)) - 090573f1-c213-462e-b422-6463ca97c373@group-848D76B22711-FollowerState: change to CANDIDATE, lastRpcTime:44ms, electionTimeout:44ms
2019-10-15 21:19:06,736 [Thread-9528] INFO  impl.RoleInfo (RoleInfo.java:shutdownFollowerState(121)) - 090573f1-c213-462e-b422-6463ca97c373: shutdown FollowerState
2019-10-15 21:19:06,736 [Thread-9528] INFO  impl.RaftServerImpl (RaftServerImpl.java:setRole(184)) - 090573f1-c213-462e-b422-6463ca97c373@group-848D76B22711: changes role from  FOLLOWER to CANDIDATE at term 149 for changeToCandidate
2019-10-15 21:19:06,736 [Thread-9528] INFO  impl.RoleInfo (RoleInfo.java:updateAndGet(143)) - 090573f1-c213-462e-b422-6463ca97c373: start LeaderElection
2019-10-15 21:19:06,751 [090573f1-c213-462e-b422-6463ca97c373@group-848D76B22711-LeaderElection1124] INFO  impl.LeaderElection (LeaderElection.java:askForVotes(178)) - 090573f1-c213-462e-b422-6463ca97c373@group-848D76B22711-LeaderElection1124: begin an election at term 150 for -1: [93d557fa-335e-4e3d-b2bb-e33832802906:192.168.69.102:43737, 090573f1-c213-462e-b422-6463ca97c373:192.168.69.102:43336, db364705-f60f-4be7-83db-fd25b014fd0b:192.168.69.102:41270], old=null
2019-10-15 21:19:06,751 [090573f1-c213-462e-b422-6463ca97c373@group-848D76B22711-LeaderElection1124] INFO  impl.LeaderElection (LogUtils.java:infoOrTrace(149)) - 090573f1-c213-462e-b422-6463ca97c373@group-848D76B22711-LeaderElection1124 got exception when requesting votes: {}
java.util.concurrent.ExecutionException: org.apache.ratis.thirdparty.io.grpc.StatusRuntimeException: UNAVAILABLE: io exception
	at java.util.concurrent.FutureTask.report(FutureTask.java:122)
	at java.util.concurrent.FutureTask.get(FutureTask.java:192)
	at org.apache.ratis.server.impl.LeaderElection.waitForResults(LeaderElection.java:259)
	at org.apache.ratis.server.impl.LeaderElection.askForVotes(LeaderElection.java:197)
	at org.apache.ratis.server.impl.LeaderElection.run(LeaderElection.java:133)
	at java.lang.Thread.run(Thread.java:748)
Caused by: org.apache.ratis.thirdparty.io.grpc.StatusRuntimeException: UNAVAILABLE: io exception
	at org.apache.ratis.thirdparty.io.grpc.stub.ClientCalls.toStatusRuntimeException(ClientCalls.java:233)
	at org.apache.ratis.thirdparty.io.grpc.stub.ClientCalls.getUnchecked(ClientCalls.java:214)
	at org.apache.ratis.thirdparty.io.grpc.stub.ClientCalls.blockingUnaryCall(ClientCalls.java:139)
	at org.apache.ratis.proto.grpc.RaftServerProtocolServiceGrpc$RaftServerProtocolServiceBlockingStub.requestVote(RaftServerProtocolServiceGrpc.java:265)
	at org.apache.ratis.grpc.server.GrpcServerProtocolClient.requestVote(GrpcServerProtocolClient.java:99)
	at org.apache.ratis.grpc.server.GrpcService.requestVote(GrpcService.java:204)
	at org.apache.ratis.server.impl.LeaderElection.lambda$submitRequests$1(LeaderElection.java:234)
	at java.util.concurrent.FutureTask.run(FutureTask.java:266)
	at java.util.concurrent.Executors$RunnableAdapter.call(Executors.java:511)
	at java.util.concurrent.FutureTask.run(FutureTask.java:266)
	at java.util.concurrent.ThreadPoolExecutor.runWorker(ThreadPoolExecutor.java:1149)
	at java.util.concurrent.ThreadPoolExecutor$Worker.run(ThreadPoolExecutor.java:624)
	... 1 more
Caused by: org.apache.ratis.thirdparty.io.netty.channel.AbstractChannel$AnnotatedConnectException: Connection refused: /192.168.69.102:43737
	at sun.nio.ch.SocketChannelImpl.checkConnect(Native Method)
	at sun.nio.ch.SocketChannelImpl.finishConnect(SocketChannelImpl.java:717)
	at org.apache.ratis.thirdparty.io.netty.channel.socket.nio.NioSocketChannel.doFinishConnect(NioSocketChannel.java:327)
	at org.apache.ratis.thirdparty.io.netty.channel.nio.AbstractNioChannel$AbstractNioUnsafe.finishConnect(AbstractNioChannel.java:340)
	at org.apache.ratis.thirdparty.io.netty.channel.nio.NioEventLoop.processSelectedKey(NioEventLoop.java:632)
	at org.apache.ratis.thirdparty.io.netty.channel.nio.NioEventLoop.processSelectedKeysOptimized(NioEventLoop.java:579)
	at org.apache.ratis.thirdparty.io.netty.channel.nio.NioEventLoop.processSelectedKeys(NioEventLoop.java:496)
	at org.apache.ratis.thirdparty.io.netty.channel.nio.NioEventLoop.run(NioEventLoop.java:458)
	at org.apache.ratis.thirdparty.io.netty.util.concurrent.SingleThreadEventExecutor$5.run(SingleThreadEventExecutor.java:897)
	at org.apache.ratis.thirdparty.io.netty.util.concurrent.FastThreadLocalRunnable.run(FastThreadLocalRunnable.java:30)
	... 1 more
Caused by: java.net.ConnectException: Connection refused
	... 11 more
2019-10-15 21:19:06,752 [grpc-default-executor-7] INFO  impl.RaftServerImpl (RaftServerImpl.java:setRole(184)) - db364705-f60f-4be7-83db-fd25b014fd0b@group-848D76B22711: changes role from  FOLLOWER to FOLLOWER at term 150 for recognizeCandidate:090573f1-c213-462e-b422-6463ca97c373
2019-10-15 21:19:06,752 [grpc-default-executor-7] INFO  impl.RoleInfo (RoleInfo.java:shutdownFollowerState(121)) - db364705-f60f-4be7-83db-fd25b014fd0b: shutdown FollowerState
2019-10-15 21:19:06,752 [grpc-default-executor-7] INFO  impl.RoleInfo (RoleInfo.java:updateAndGet(143)) - db364705-f60f-4be7-83db-fd25b014fd0b: start FollowerState
2019-10-15 21:19:06,752 [Thread-9527] INFO  impl.FollowerState (FollowerState.java:run(117)) - db364705-f60f-4be7-83db-fd25b014fd0b@group-848D76B22711-FollowerState was interrupted: java.lang.InterruptedException: sleep interrupted
2019-10-15 21:19:06,776 [090573f1-c213-462e-b422-6463ca97c373@group-848D76B22711-LeaderElection1124] INFO  impl.LeaderElection (LeaderElection.java:logAndReturn(56)) - 090573f1-c213-462e-b422-6463ca97c373@group-848D76B22711-LeaderElection1124: Election REJECTED; received 1 response(s) [090573f1-c213-462e-b422-6463ca97c373<-db364705-f60f-4be7-83db-fd25b014fd0b#0:FAIL-t150] and 1 exception(s); 090573f1-c213-462e-b422-6463ca97c373@group-848D76B22711:t150, leader=null, voted=090573f1-c213-462e-b422-6463ca97c373, raftlog=090573f1-c213-462e-b422-6463ca97c373@group-848D76B22711-SegmentedRaftLog:OPENED:c-1,f-1,i0, conf=-1: [93d557fa-335e-4e3d-b2bb-e33832802906:192.168.69.102:43737, 090573f1-c213-462e-b422-6463ca97c373:192.168.69.102:43336, db364705-f60f-4be7-83db-fd25b014fd0b:192.168.69.102:41270], old=null
2019-10-15 21:19:06,776 [090573f1-c213-462e-b422-6463ca97c373@group-848D76B22711-LeaderElection1124] INFO  impl.LeaderElection (LogUtils.java:infoOrTrace(149)) -   Exception 0: {}
java.util.concurrent.ExecutionException: org.apache.ratis.thirdparty.io.grpc.StatusRuntimeException: UNAVAILABLE: io exception
	at java.util.concurrent.FutureTask.report(FutureTask.java:122)
	at java.util.concurrent.FutureTask.get(FutureTask.java:192)
	at org.apache.ratis.server.impl.LeaderElection.waitForResults(LeaderElection.java:259)
	at org.apache.ratis.server.impl.LeaderElection.askForVotes(LeaderElection.java:197)
	at org.apache.ratis.server.impl.LeaderElection.run(LeaderElection.java:133)
	at java.lang.Thread.run(Thread.java:748)
Caused by: org.apache.ratis.thirdparty.io.grpc.StatusRuntimeException: UNAVAILABLE: io exception
	at org.apache.ratis.thirdparty.io.grpc.stub.ClientCalls.toStatusRuntimeException(ClientCalls.java:233)
	at org.apache.ratis.thirdparty.io.grpc.stub.ClientCalls.getUnchecked(ClientCalls.java:214)
	at org.apache.ratis.thirdparty.io.grpc.stub.ClientCalls.blockingUnaryCall(ClientCalls.java:139)
	at org.apache.ratis.proto.grpc.RaftServerProtocolServiceGrpc$RaftServerProtocolServiceBlockingStub.requestVote(RaftServerProtocolServiceGrpc.java:265)
	at org.apache.ratis.grpc.server.GrpcServerProtocolClient.requestVote(GrpcServerProtocolClient.java:99)
	at org.apache.ratis.grpc.server.GrpcService.requestVote(GrpcService.java:204)
	at org.apache.ratis.server.impl.LeaderElection.lambda$submitRequests$1(LeaderElection.java:234)
	at java.util.concurrent.FutureTask.run(FutureTask.java:266)
	at java.util.concurrent.Executors$RunnableAdapter.call(Executors.java:511)
	at java.util.concurrent.FutureTask.run(FutureTask.java:266)
	at java.util.concurrent.ThreadPoolExecutor.runWorker(ThreadPoolExecutor.java:1149)
	at java.util.concurrent.ThreadPoolExecutor$Worker.run(ThreadPoolExecutor.java:624)
	... 1 more
Caused by: org.apache.ratis.thirdparty.io.netty.channel.AbstractChannel$AnnotatedConnectException: Connection refused: /192.168.69.102:43737
	at sun.nio.ch.SocketChannelImpl.checkConnect(Native Method)
	at sun.nio.ch.SocketChannelImpl.finishConnect(SocketChannelImpl.java:717)
	at org.apache.ratis.thirdparty.io.netty.channel.socket.nio.NioSocketChannel.doFinishConnect(NioSocketChannel.java:327)
	at org.apache.ratis.thirdparty.io.netty.channel.nio.AbstractNioChannel$AbstractNioUnsafe.finishConnect(AbstractNioChannel.java:340)
	at org.apache.ratis.thirdparty.io.netty.channel.nio.NioEventLoop.processSelectedKey(NioEventLoop.java:632)
	at org.apache.ratis.thirdparty.io.netty.channel.nio.NioEventLoop.processSelectedKeysOptimized(NioEventLoop.java:579)
	at org.apache.ratis.thirdparty.io.netty.channel.nio.NioEventLoop.processSelectedKeys(NioEventLoop.java:496)
	at org.apache.ratis.thirdparty.io.netty.channel.nio.NioEventLoop.run(NioEventLoop.java:458)
	at org.apache.ratis.thirdparty.io.netty.util.concurrent.SingleThreadEventExecutor$5.run(SingleThreadEventExecutor.java:897)
	at org.apache.ratis.thirdparty.io.netty.util.concurrent.FastThreadLocalRunnable.run(FastThreadLocalRunnable.java:30)
	... 1 more
Caused by: java.net.ConnectException: Connection refused
	... 11 more
2019-10-15 21:19:06,776 [090573f1-c213-462e-b422-6463ca97c373@group-848D76B22711-LeaderElection1124] INFO  impl.RaftServerImpl (RaftServerImpl.java:setRole(184)) - 090573f1-c213-462e-b422-6463ca97c373@group-848D76B22711: changes role from CANDIDATE to FOLLOWER at term 150 for DISCOVERED_A_NEW_TERM
2019-10-15 21:19:06,776 [090573f1-c213-462e-b422-6463ca97c373@group-848D76B22711-LeaderElection1124] INFO  impl.RoleInfo (RoleInfo.java:shutdownLeaderElection(134)) - 090573f1-c213-462e-b422-6463ca97c373: shutdown LeaderElection
2019-10-15 21:19:06,776 [090573f1-c213-462e-b422-6463ca97c373@group-848D76B22711-LeaderElection1124] INFO  impl.RoleInfo (RoleInfo.java:updateAndGet(143)) - 090573f1-c213-462e-b422-6463ca97c373: start FollowerState
2019-10-15 21:19:06,947 [Thread-9535] INFO  impl.FollowerState (FollowerState.java:run(108)) - 090573f1-c213-462e-b422-6463ca97c373@group-848D76B22711-FollowerState: change to CANDIDATE, lastRpcTime:170ms, electionTimeout:170ms
2019-10-15 21:19:06,947 [Thread-9535] INFO  impl.RoleInfo (RoleInfo.java:shutdownFollowerState(121)) - 090573f1-c213-462e-b422-6463ca97c373: shutdown FollowerState
2019-10-15 21:19:06,947 [Thread-9535] INFO  impl.RaftServerImpl (RaftServerImpl.java:setRole(184)) - 090573f1-c213-462e-b422-6463ca97c373@group-848D76B22711: changes role from  FOLLOWER to CANDIDATE at term 150 for changeToCandidate
2019-10-15 21:19:06,947 [Thread-9535] INFO  impl.RoleInfo (RoleInfo.java:updateAndGet(143)) - 090573f1-c213-462e-b422-6463ca97c373: start LeaderElection
2019-10-15 21:19:07,014 [090573f1-c213-462e-b422-6463ca97c373@group-848D76B22711-LeaderElection1125] INFO  impl.LeaderElection (LeaderElection.java:askForVotes(178)) - 090573f1-c213-462e-b422-6463ca97c373@group-848D76B22711-LeaderElection1125: begin an election at term 151 for -1: [93d557fa-335e-4e3d-b2bb-e33832802906:192.168.69.102:43737, 090573f1-c213-462e-b422-6463ca97c373:192.168.69.102:43336, db364705-f60f-4be7-83db-fd25b014fd0b:192.168.69.102:41270], old=null
2019-10-15 21:19:07,015 [090573f1-c213-462e-b422-6463ca97c373@group-848D76B22711-LeaderElection1125] INFO  impl.LeaderElection (LogUtils.java:infoOrTrace(149)) - 090573f1-c213-462e-b422-6463ca97c373@group-848D76B22711-LeaderElection1125 got exception when requesting votes: {}
java.util.concurrent.ExecutionException: org.apache.ratis.thirdparty.io.grpc.StatusRuntimeException: UNAVAILABLE: io exception
	at java.util.concurrent.FutureTask.report(FutureTask.java:122)
	at java.util.concurrent.FutureTask.get(FutureTask.java:192)
	at org.apache.ratis.server.impl.LeaderElection.waitForResults(LeaderElection.java:259)
	at org.apache.ratis.server.impl.LeaderElection.askForVotes(LeaderElection.java:197)
	at org.apache.ratis.server.impl.LeaderElection.run(LeaderElection.java:133)
	at java.lang.Thread.run(Thread.java:748)
Caused by: org.apache.ratis.thirdparty.io.grpc.StatusRuntimeException: UNAVAILABLE: io exception
	at org.apache.ratis.thirdparty.io.grpc.stub.ClientCalls.toStatusRuntimeException(ClientCalls.java:233)
	at org.apache.ratis.thirdparty.io.grpc.stub.ClientCalls.getUnchecked(ClientCalls.java:214)
	at org.apache.ratis.thirdparty.io.grpc.stub.ClientCalls.blockingUnaryCall(ClientCalls.java:139)
	at org.apache.ratis.proto.grpc.RaftServerProtocolServiceGrpc$RaftServerProtocolServiceBlockingStub.requestVote(RaftServerProtocolServiceGrpc.java:265)
	at org.apache.ratis.grpc.server.GrpcServerProtocolClient.requestVote(GrpcServerProtocolClient.java:99)
	at org.apache.ratis.grpc.server.GrpcService.requestVote(GrpcService.java:204)
	at org.apache.ratis.server.impl.LeaderElection.lambda$submitRequests$1(LeaderElection.java:234)
	at java.util.concurrent.FutureTask.run(FutureTask.java:266)
	at java.util.concurrent.Executors$RunnableAdapter.call(Executors.java:511)
	at java.util.concurrent.FutureTask.run(FutureTask.java:266)
	at java.util.concurrent.ThreadPoolExecutor.runWorker(ThreadPoolExecutor.java:1149)
	at java.util.concurrent.ThreadPoolExecutor$Worker.run(ThreadPoolExecutor.java:624)
	... 1 more
Caused by: org.apache.ratis.thirdparty.io.netty.channel.AbstractChannel$AnnotatedConnectException: Connection refused: /192.168.69.102:43737
	at sun.nio.ch.SocketChannelImpl.checkConnect(Native Method)
	at sun.nio.ch.SocketChannelImpl.finishConnect(SocketChannelImpl.java:717)
	at org.apache.ratis.thirdparty.io.netty.channel.socket.nio.NioSocketChannel.doFinishConnect(NioSocketChannel.java:327)
	at org.apache.ratis.thirdparty.io.netty.channel.nio.AbstractNioChannel$AbstractNioUnsafe.finishConnect(AbstractNioChannel.java:340)
	at org.apache.ratis.thirdparty.io.netty.channel.nio.NioEventLoop.processSelectedKey(NioEventLoop.java:632)
	at org.apache.ratis.thirdparty.io.netty.channel.nio.NioEventLoop.processSelectedKeysOptimized(NioEventLoop.java:579)
	at org.apache.ratis.thirdparty.io.netty.channel.nio.NioEventLoop.processSelectedKeys(NioEventLoop.java:496)
	at org.apache.ratis.thirdparty.io.netty.channel.nio.NioEventLoop.run(NioEventLoop.java:458)
	at org.apache.ratis.thirdparty.io.netty.util.concurrent.SingleThreadEventExecutor$5.run(SingleThreadEventExecutor.java:897)
	at org.apache.ratis.thirdparty.io.netty.util.concurrent.FastThreadLocalRunnable.run(FastThreadLocalRunnable.java:30)
	... 1 more
Caused by: java.net.ConnectException: Connection refused
	... 11 more
2019-10-15 21:19:07,016 [grpc-default-executor-7] INFO  impl.RaftServerImpl (RaftServerImpl.java:setRole(184)) - db364705-f60f-4be7-83db-fd25b014fd0b@group-848D76B22711: changes role from  FOLLOWER to FOLLOWER at term 151 for recognizeCandidate:090573f1-c213-462e-b422-6463ca97c373
2019-10-15 21:19:07,016 [grpc-default-executor-7] INFO  impl.RoleInfo (RoleInfo.java:shutdownFollowerState(121)) - db364705-f60f-4be7-83db-fd25b014fd0b: shutdown FollowerState
2019-10-15 21:19:07,016 [grpc-default-executor-7] INFO  impl.RoleInfo (RoleInfo.java:updateAndGet(143)) - db364705-f60f-4be7-83db-fd25b014fd0b: start FollowerState
2019-10-15 21:19:07,016 [Thread-9534] INFO  impl.FollowerState (FollowerState.java:run(117)) - db364705-f60f-4be7-83db-fd25b014fd0b@group-848D76B22711-FollowerState was interrupted: java.lang.InterruptedException: sleep interrupted
2019-10-15 21:19:07,048 [090573f1-c213-462e-b422-6463ca97c373@group-848D76B22711-LeaderElection1125] INFO  impl.LeaderElection (LeaderElection.java:logAndReturn(56)) - 090573f1-c213-462e-b422-6463ca97c373@group-848D76B22711-LeaderElection1125: Election REJECTED; received 1 response(s) [090573f1-c213-462e-b422-6463ca97c373<-db364705-f60f-4be7-83db-fd25b014fd0b#0:FAIL-t151] and 1 exception(s); 090573f1-c213-462e-b422-6463ca97c373@group-848D76B22711:t151, leader=null, voted=090573f1-c213-462e-b422-6463ca97c373, raftlog=090573f1-c213-462e-b422-6463ca97c373@group-848D76B22711-SegmentedRaftLog:OPENED:c-1,f-1,i0, conf=-1: [93d557fa-335e-4e3d-b2bb-e33832802906:192.168.69.102:43737, 090573f1-c213-462e-b422-6463ca97c373:192.168.69.102:43336, db364705-f60f-4be7-83db-fd25b014fd0b:192.168.69.102:41270], old=null
2019-10-15 21:19:07,048 [090573f1-c213-462e-b422-6463ca97c373@group-848D76B22711-LeaderElection1125] INFO  impl.LeaderElection (LogUtils.java:infoOrTrace(149)) -   Exception 0: {}
java.util.concurrent.ExecutionException: org.apache.ratis.thirdparty.io.grpc.StatusRuntimeException: UNAVAILABLE: io exception
	at java.util.concurrent.FutureTask.report(FutureTask.java:122)
	at java.util.concurrent.FutureTask.get(FutureTask.java:192)
	at org.apache.ratis.server.impl.LeaderElection.waitForResults(LeaderElection.java:259)
	at org.apache.ratis.server.impl.LeaderElection.askForVotes(LeaderElection.java:197)
	at org.apache.ratis.server.impl.LeaderElection.run(LeaderElection.java:133)
	at java.lang.Thread.run(Thread.java:748)
Caused by: org.apache.ratis.thirdparty.io.grpc.StatusRuntimeException: UNAVAILABLE: io exception
	at org.apache.ratis.thirdparty.io.grpc.stub.ClientCalls.toStatusRuntimeException(ClientCalls.java:233)
	at org.apache.ratis.thirdparty.io.grpc.stub.ClientCalls.getUnchecked(ClientCalls.java:214)
	at org.apache.ratis.thirdparty.io.grpc.stub.ClientCalls.blockingUnaryCall(ClientCalls.java:139)
	at org.apache.ratis.proto.grpc.RaftServerProtocolServiceGrpc$RaftServerProtocolServiceBlockingStub.requestVote(RaftServerProtocolServiceGrpc.java:265)
	at org.apache.ratis.grpc.server.GrpcServerProtocolClient.requestVote(GrpcServerProtocolClient.java:99)
	at org.apache.ratis.grpc.server.GrpcService.requestVote(GrpcService.java:204)
	at org.apache.ratis.server.impl.LeaderElection.lambda$submitRequests$1(LeaderElection.java:234)
	at java.util.concurrent.FutureTask.run(FutureTask.java:266)
	at java.util.concurrent.Executors$RunnableAdapter.call(Executors.java:511)
	at java.util.concurrent.FutureTask.run(FutureTask.java:266)
	at java.util.concurrent.ThreadPoolExecutor.runWorker(ThreadPoolExecutor.java:1149)
	at java.util.concurrent.ThreadPoolExecutor$Worker.run(ThreadPoolExecutor.java:624)
	... 1 more
Caused by: org.apache.ratis.thirdparty.io.netty.channel.AbstractChannel$AnnotatedConnectException: Connection refused: /192.168.69.102:43737
	at sun.nio.ch.SocketChannelImpl.checkConnect(Native Method)
	at sun.nio.ch.SocketChannelImpl.finishConnect(SocketChannelImpl.java:717)
	at org.apache.ratis.thirdparty.io.netty.channel.socket.nio.NioSocketChannel.doFinishConnect(NioSocketChannel.java:327)
	at org.apache.ratis.thirdparty.io.netty.channel.nio.AbstractNioChannel$AbstractNioUnsafe.finishConnect(AbstractNioChannel.java:340)
	at org.apache.ratis.thirdparty.io.netty.channel.nio.NioEventLoop.processSelectedKey(NioEventLoop.java:632)
	at org.apache.ratis.thirdparty.io.netty.channel.nio.NioEventLoop.processSelectedKeysOptimized(NioEventLoop.java:579)
	at org.apache.ratis.thirdparty.io.netty.channel.nio.NioEventLoop.processSelectedKeys(NioEventLoop.java:496)
	at org.apache.ratis.thirdparty.io.netty.channel.nio.NioEventLoop.run(NioEventLoop.java:458)
	at org.apache.ratis.thirdparty.io.netty.util.concurrent.SingleThreadEventExecutor$5.run(SingleThreadEventExecutor.java:897)
	at org.apache.ratis.thirdparty.io.netty.util.concurrent.FastThreadLocalRunnable.run(FastThreadLocalRunnable.java:30)
	... 1 more
Caused by: java.net.ConnectException: Connection refused
	... 11 more
2019-10-15 21:19:07,049 [090573f1-c213-462e-b422-6463ca97c373@group-848D76B22711-LeaderElection1125] INFO  impl.RaftServerImpl (RaftServerImpl.java:setRole(184)) - 090573f1-c213-462e-b422-6463ca97c373@group-848D76B22711: changes role from CANDIDATE to FOLLOWER at term 151 for DISCOVERED_A_NEW_TERM
2019-10-15 21:19:07,049 [090573f1-c213-462e-b422-6463ca97c373@group-848D76B22711-LeaderElection1125] INFO  impl.RoleInfo (RoleInfo.java:shutdownLeaderElection(134)) - 090573f1-c213-462e-b422-6463ca97c373: shutdown LeaderElection
2019-10-15 21:19:07,049 [090573f1-c213-462e-b422-6463ca97c373@group-848D76B22711-LeaderElection1125] INFO  impl.RoleInfo (RoleInfo.java:updateAndGet(143)) - 090573f1-c213-462e-b422-6463ca97c373: start FollowerState
2019-10-15 21:19:07,219 [Thread-9542] INFO  impl.FollowerState (FollowerState.java:run(108)) - 090573f1-c213-462e-b422-6463ca97c373@group-848D76B22711-FollowerState: change to CANDIDATE, lastRpcTime:170ms, electionTimeout:170ms
2019-10-15 21:19:07,219 [Thread-9542] INFO  impl.RoleInfo (RoleInfo.java:shutdownFollowerState(121)) - 090573f1-c213-462e-b422-6463ca97c373: shutdown FollowerState
2019-10-15 21:19:07,219 [Thread-9542] INFO  impl.RaftServerImpl (RaftServerImpl.java:setRole(184)) - 090573f1-c213-462e-b422-6463ca97c373@group-848D76B22711: changes role from  FOLLOWER to CANDIDATE at term 151 for changeToCandidate
2019-10-15 21:19:07,219 [Thread-9542] INFO  impl.RoleInfo (RoleInfo.java:updateAndGet(143)) - 090573f1-c213-462e-b422-6463ca97c373: start LeaderElection
2019-10-15 21:19:07,240 [090573f1-c213-462e-b422-6463ca97c373@group-848D76B22711-LeaderElection1126] INFO  impl.LeaderElection (LeaderElection.java:askForVotes(178)) - 090573f1-c213-462e-b422-6463ca97c373@group-848D76B22711-LeaderElection1126: begin an election at term 152 for -1: [93d557fa-335e-4e3d-b2bb-e33832802906:192.168.69.102:43737, 090573f1-c213-462e-b422-6463ca97c373:192.168.69.102:43336, db364705-f60f-4be7-83db-fd25b014fd0b:192.168.69.102:41270], old=null
2019-10-15 21:19:07,241 [090573f1-c213-462e-b422-6463ca97c373@group-848D76B22711-LeaderElection1126] INFO  impl.LeaderElection (LogUtils.java:infoOrTrace(149)) - 090573f1-c213-462e-b422-6463ca97c373@group-848D76B22711-LeaderElection1126 got exception when requesting votes: {}
java.util.concurrent.ExecutionException: org.apache.ratis.thirdparty.io.grpc.StatusRuntimeException: UNAVAILABLE: io exception
	at java.util.concurrent.FutureTask.report(FutureTask.java:122)
	at java.util.concurrent.FutureTask.get(FutureTask.java:192)
	at org.apache.ratis.server.impl.LeaderElection.waitForResults(LeaderElection.java:259)
	at org.apache.ratis.server.impl.LeaderElection.askForVotes(LeaderElection.java:197)
	at org.apache.ratis.server.impl.LeaderElection.run(LeaderElection.java:133)
	at java.lang.Thread.run(Thread.java:748)
Caused by: org.apache.ratis.thirdparty.io.grpc.StatusRuntimeException: UNAVAILABLE: io exception
	at org.apache.ratis.thirdparty.io.grpc.stub.ClientCalls.toStatusRuntimeException(ClientCalls.java:233)
	at org.apache.ratis.thirdparty.io.grpc.stub.ClientCalls.getUnchecked(ClientCalls.java:214)
	at org.apache.ratis.thirdparty.io.grpc.stub.ClientCalls.blockingUnaryCall(ClientCalls.java:139)
	at org.apache.ratis.proto.grpc.RaftServerProtocolServiceGrpc$RaftServerProtocolServiceBlockingStub.requestVote(RaftServerProtocolServiceGrpc.java:265)
	at org.apache.ratis.grpc.server.GrpcServerProtocolClient.requestVote(GrpcServerProtocolClient.java:99)
	at org.apache.ratis.grpc.server.GrpcService.requestVote(GrpcService.java:204)
	at org.apache.ratis.server.impl.LeaderElection.lambda$submitRequests$1(LeaderElection.java:234)
	at java.util.concurrent.FutureTask.run(FutureTask.java:266)
	at java.util.concurrent.Executors$RunnableAdapter.call(Executors.java:511)
	at java.util.concurrent.FutureTask.run(FutureTask.java:266)
	at java.util.concurrent.ThreadPoolExecutor.runWorker(ThreadPoolExecutor.java:1149)
	at java.util.concurrent.ThreadPoolExecutor$Worker.run(ThreadPoolExecutor.java:624)
	... 1 more
Caused by: org.apache.ratis.thirdparty.io.netty.channel.AbstractChannel$AnnotatedConnectException: Connection refused: /192.168.69.102:43737
	at sun.nio.ch.SocketChannelImpl.checkConnect(Native Method)
	at sun.nio.ch.SocketChannelImpl.finishConnect(SocketChannelImpl.java:717)
	at org.apache.ratis.thirdparty.io.netty.channel.socket.nio.NioSocketChannel.doFinishConnect(NioSocketChannel.java:327)
	at org.apache.ratis.thirdparty.io.netty.channel.nio.AbstractNioChannel$AbstractNioUnsafe.finishConnect(AbstractNioChannel.java:340)
	at org.apache.ratis.thirdparty.io.netty.channel.nio.NioEventLoop.processSelectedKey(NioEventLoop.java:632)
	at org.apache.ratis.thirdparty.io.netty.channel.nio.NioEventLoop.processSelectedKeysOptimized(NioEventLoop.java:579)
	at org.apache.ratis.thirdparty.io.netty.channel.nio.NioEventLoop.processSelectedKeys(NioEventLoop.java:496)
	at org.apache.ratis.thirdparty.io.netty.channel.nio.NioEventLoop.run(NioEventLoop.java:458)
	at org.apache.ratis.thirdparty.io.netty.util.concurrent.SingleThreadEventExecutor$5.run(SingleThreadEventExecutor.java:897)
	at org.apache.ratis.thirdparty.io.netty.util.concurrent.FastThreadLocalRunnable.run(FastThreadLocalRunnable.java:30)
	... 1 more
Caused by: java.net.ConnectException: Connection refused
	... 11 more
2019-10-15 21:19:07,241 [grpc-default-executor-2] INFO  impl.RaftServerImpl (RaftServerImpl.java:setRole(184)) - db364705-f60f-4be7-83db-fd25b014fd0b@group-848D76B22711: changes role from  FOLLOWER to FOLLOWER at term 152 for recognizeCandidate:090573f1-c213-462e-b422-6463ca97c373
2019-10-15 21:19:07,241 [grpc-default-executor-2] INFO  impl.RoleInfo (RoleInfo.java:shutdownFollowerState(121)) - db364705-f60f-4be7-83db-fd25b014fd0b: shutdown FollowerState
2019-10-15 21:19:07,241 [grpc-default-executor-2] INFO  impl.RoleInfo (RoleInfo.java:updateAndGet(143)) - db364705-f60f-4be7-83db-fd25b014fd0b: start FollowerState
2019-10-15 21:19:07,241 [Thread-9541] INFO  impl.FollowerState (FollowerState.java:run(117)) - db364705-f60f-4be7-83db-fd25b014fd0b@group-848D76B22711-FollowerState was interrupted: java.lang.InterruptedException: sleep interrupted
2019-10-15 21:19:07,255 [090573f1-c213-462e-b422-6463ca97c373@group-848D76B22711-LeaderElection1126] INFO  impl.LeaderElection (LeaderElection.java:logAndReturn(56)) - 090573f1-c213-462e-b422-6463ca97c373@group-848D76B22711-LeaderElection1126: Election REJECTED; received 1 response(s) [090573f1-c213-462e-b422-6463ca97c373<-db364705-f60f-4be7-83db-fd25b014fd0b#0:FAIL-t152] and 1 exception(s); 090573f1-c213-462e-b422-6463ca97c373@group-848D76B22711:t152, leader=null, voted=090573f1-c213-462e-b422-6463ca97c373, raftlog=090573f1-c213-462e-b422-6463ca97c373@group-848D76B22711-SegmentedRaftLog:OPENED:c-1,f-1,i0, conf=-1: [93d557fa-335e-4e3d-b2bb-e33832802906:192.168.69.102:43737, 090573f1-c213-462e-b422-6463ca97c373:192.168.69.102:43336, db364705-f60f-4be7-83db-fd25b014fd0b:192.168.69.102:41270], old=null
2019-10-15 21:19:07,255 [090573f1-c213-462e-b422-6463ca97c373@group-848D76B22711-LeaderElection1126] INFO  impl.LeaderElection (LogUtils.java:infoOrTrace(149)) -   Exception 0: {}
java.util.concurrent.ExecutionException: org.apache.ratis.thirdparty.io.grpc.StatusRuntimeException: UNAVAILABLE: io exception
	at java.util.concurrent.FutureTask.report(FutureTask.java:122)
	at java.util.concurrent.FutureTask.get(FutureTask.java:192)
	at org.apache.ratis.server.impl.LeaderElection.waitForResults(LeaderElection.java:259)
	at org.apache.ratis.server.impl.LeaderElection.askForVotes(LeaderElection.java:197)
	at org.apache.ratis.server.impl.LeaderElection.run(LeaderElection.java:133)
	at java.lang.Thread.run(Thread.java:748)
Caused by: org.apache.ratis.thirdparty.io.grpc.StatusRuntimeException: UNAVAILABLE: io exception
	at org.apache.ratis.thirdparty.io.grpc.stub.ClientCalls.toStatusRuntimeException(ClientCalls.java:233)
	at org.apache.ratis.thirdparty.io.grpc.stub.ClientCalls.getUnchecked(ClientCalls.java:214)
	at org.apache.ratis.thirdparty.io.grpc.stub.ClientCalls.blockingUnaryCall(ClientCalls.java:139)
	at org.apache.ratis.proto.grpc.RaftServerProtocolServiceGrpc$RaftServerProtocolServiceBlockingStub.requestVote(RaftServerProtocolServiceGrpc.java:265)
	at org.apache.ratis.grpc.server.GrpcServerProtocolClient.requestVote(GrpcServerProtocolClient.java:99)
	at org.apache.ratis.grpc.server.GrpcService.requestVote(GrpcService.java:204)
	at org.apache.ratis.server.impl.LeaderElection.lambda$submitRequests$1(LeaderElection.java:234)
	at java.util.concurrent.FutureTask.run(FutureTask.java:266)
	at java.util.concurrent.Executors$RunnableAdapter.call(Executors.java:511)
	at java.util.concurrent.FutureTask.run(FutureTask.java:266)
	at java.util.concurrent.ThreadPoolExecutor.runWorker(ThreadPoolExecutor.java:1149)
	at java.util.concurrent.ThreadPoolExecutor$Worker.run(ThreadPoolExecutor.java:624)
	... 1 more
Caused by: org.apache.ratis.thirdparty.io.netty.channel.AbstractChannel$AnnotatedConnectException: Connection refused: /192.168.69.102:43737
	at sun.nio.ch.SocketChannelImpl.checkConnect(Native Method)
	at sun.nio.ch.SocketChannelImpl.finishConnect(SocketChannelImpl.java:717)
	at org.apache.ratis.thirdparty.io.netty.channel.socket.nio.NioSocketChannel.doFinishConnect(NioSocketChannel.java:327)
	at org.apache.ratis.thirdparty.io.netty.channel.nio.AbstractNioChannel$AbstractNioUnsafe.finishConnect(AbstractNioChannel.java:340)
	at org.apache.ratis.thirdparty.io.netty.channel.nio.NioEventLoop.processSelectedKey(NioEventLoop.java:632)
	at org.apache.ratis.thirdparty.io.netty.channel.nio.NioEventLoop.processSelectedKeysOptimized(NioEventLoop.java:579)
	at org.apache.ratis.thirdparty.io.netty.channel.nio.NioEventLoop.processSelectedKeys(NioEventLoop.java:496)
	at org.apache.ratis.thirdparty.io.netty.channel.nio.NioEventLoop.run(NioEventLoop.java:458)
	at org.apache.ratis.thirdparty.io.netty.util.concurrent.SingleThreadEventExecutor$5.run(SingleThreadEventExecutor.java:897)
	at org.apache.ratis.thirdparty.io.netty.util.concurrent.FastThreadLocalRunnable.run(FastThreadLocalRunnable.java:30)
	... 1 more
Caused by: java.net.ConnectException: Connection refused
	... 11 more
2019-10-15 21:19:07,256 [090573f1-c213-462e-b422-6463ca97c373@group-848D76B22711-LeaderElection1126] INFO  impl.RaftServerImpl (RaftServerImpl.java:setRole(184)) - 090573f1-c213-462e-b422-6463ca97c373@group-848D76B22711: changes role from CANDIDATE to FOLLOWER at term 152 for DISCOVERED_A_NEW_TERM
2019-10-15 21:19:07,256 [090573f1-c213-462e-b422-6463ca97c373@group-848D76B22711-LeaderElection1126] INFO  impl.RoleInfo (RoleInfo.java:shutdownLeaderElection(134)) - 090573f1-c213-462e-b422-6463ca97c373: shutdown LeaderElection
2019-10-15 21:19:07,256 [090573f1-c213-462e-b422-6463ca97c373@group-848D76B22711-LeaderElection1126] INFO  impl.RoleInfo (RoleInfo.java:updateAndGet(143)) - 090573f1-c213-462e-b422-6463ca97c373: start FollowerState
2019-10-15 21:19:07,274 [Thread-9549] INFO  impl.FollowerState (FollowerState.java:run(108)) - 090573f1-c213-462e-b422-6463ca97c373@group-848D76B22711-FollowerState: change to CANDIDATE, lastRpcTime:18ms, electionTimeout:18ms
2019-10-15 21:19:07,274 [Thread-9549] INFO  impl.RoleInfo (RoleInfo.java:shutdownFollowerState(121)) - 090573f1-c213-462e-b422-6463ca97c373: shutdown FollowerState
2019-10-15 21:19:07,274 [Thread-9549] INFO  impl.RaftServerImpl (RaftServerImpl.java:setRole(184)) - 090573f1-c213-462e-b422-6463ca97c373@group-848D76B22711: changes role from  FOLLOWER to CANDIDATE at term 152 for changeToCandidate
2019-10-15 21:19:07,274 [Thread-9549] INFO  impl.RoleInfo (RoleInfo.java:updateAndGet(143)) - 090573f1-c213-462e-b422-6463ca97c373: start LeaderElection
2019-10-15 21:19:07,303 [090573f1-c213-462e-b422-6463ca97c373@group-848D76B22711-LeaderElection1127] INFO  impl.LeaderElection (LeaderElection.java:askForVotes(178)) - 090573f1-c213-462e-b422-6463ca97c373@group-848D76B22711-LeaderElection1127: begin an election at term 153 for -1: [93d557fa-335e-4e3d-b2bb-e33832802906:192.168.69.102:43737, 090573f1-c213-462e-b422-6463ca97c373:192.168.69.102:43336, db364705-f60f-4be7-83db-fd25b014fd0b:192.168.69.102:41270], old=null
2019-10-15 21:19:07,306 [090573f1-c213-462e-b422-6463ca97c373@group-848D76B22711-LeaderElection1127] INFO  impl.LeaderElection (LogUtils.java:infoOrTrace(149)) - 090573f1-c213-462e-b422-6463ca97c373@group-848D76B22711-LeaderElection1127 got exception when requesting votes: {}
java.util.concurrent.ExecutionException: org.apache.ratis.thirdparty.io.grpc.StatusRuntimeException: UNAVAILABLE: io exception
	at java.util.concurrent.FutureTask.report(FutureTask.java:122)
	at java.util.concurrent.FutureTask.get(FutureTask.java:192)
	at org.apache.ratis.server.impl.LeaderElection.waitForResults(LeaderElection.java:259)
	at org.apache.ratis.server.impl.LeaderElection.askForVotes(LeaderElection.java:197)
	at org.apache.ratis.server.impl.LeaderElection.run(LeaderElection.java:133)
	at java.lang.Thread.run(Thread.java:748)
Caused by: org.apache.ratis.thirdparty.io.grpc.StatusRuntimeException: UNAVAILABLE: io exception
	at org.apache.ratis.thirdparty.io.grpc.stub.ClientCalls.toStatusRuntimeException(ClientCalls.java:233)
	at org.apache.ratis.thirdparty.io.grpc.stub.ClientCalls.getUnchecked(ClientCalls.java:214)
	at org.apache.ratis.thirdparty.io.grpc.stub.ClientCalls.blockingUnaryCall(ClientCalls.java:139)
	at org.apache.ratis.proto.grpc.RaftServerProtocolServiceGrpc$RaftServerProtocolServiceBlockingStub.requestVote(RaftServerProtocolServiceGrpc.java:265)
	at org.apache.ratis.grpc.server.GrpcServerProtocolClient.requestVote(GrpcServerProtocolClient.java:99)
	at org.apache.ratis.grpc.server.GrpcService.requestVote(GrpcService.java:204)
	at org.apache.ratis.server.impl.LeaderElection.lambda$submitRequests$1(LeaderElection.java:234)
	at java.util.concurrent.FutureTask.run(FutureTask.java:266)
	at java.util.concurrent.Executors$RunnableAdapter.call(Executors.java:511)
	at java.util.concurrent.FutureTask.run(FutureTask.java:266)
	at java.util.concurrent.ThreadPoolExecutor.runWorker(ThreadPoolExecutor.java:1149)
	at java.util.concurrent.ThreadPoolExecutor$Worker.run(ThreadPoolExecutor.java:624)
	... 1 more
Caused by: org.apache.ratis.thirdparty.io.netty.channel.AbstractChannel$AnnotatedConnectException: Connection refused: /192.168.69.102:43737
	at sun.nio.ch.SocketChannelImpl.checkConnect(Native Method)
	at sun.nio.ch.SocketChannelImpl.finishConnect(SocketChannelImpl.java:717)
	at org.apache.ratis.thirdparty.io.netty.channel.socket.nio.NioSocketChannel.doFinishConnect(NioSocketChannel.java:327)
	at org.apache.ratis.thirdparty.io.netty.channel.nio.AbstractNioChannel$AbstractNioUnsafe.finishConnect(AbstractNioChannel.java:340)
	at org.apache.ratis.thirdparty.io.netty.channel.nio.NioEventLoop.processSelectedKey(NioEventLoop.java:632)
	at org.apache.ratis.thirdparty.io.netty.channel.nio.NioEventLoop.processSelectedKeysOptimized(NioEventLoop.java:579)
	at org.apache.ratis.thirdparty.io.netty.channel.nio.NioEventLoop.processSelectedKeys(NioEventLoop.java:496)
	at org.apache.ratis.thirdparty.io.netty.channel.nio.NioEventLoop.run(NioEventLoop.java:458)
	at org.apache.ratis.thirdparty.io.netty.util.concurrent.SingleThreadEventExecutor$5.run(SingleThreadEventExecutor.java:897)
	at org.apache.ratis.thirdparty.io.netty.util.concurrent.FastThreadLocalRunnable.run(FastThreadLocalRunnable.java:30)
	... 1 more
Caused by: java.net.ConnectException: Connection refused
	... 11 more
2019-10-15 21:19:07,306 [grpc-default-executor-2] INFO  impl.RaftServerImpl (RaftServerImpl.java:setRole(184)) - db364705-f60f-4be7-83db-fd25b014fd0b@group-848D76B22711: changes role from  FOLLOWER to FOLLOWER at term 153 for recognizeCandidate:090573f1-c213-462e-b422-6463ca97c373
2019-10-15 21:19:07,307 [grpc-default-executor-2] INFO  impl.RoleInfo (RoleInfo.java:shutdownFollowerState(121)) - db364705-f60f-4be7-83db-fd25b014fd0b: shutdown FollowerState
2019-10-15 21:19:07,307 [grpc-default-executor-2] INFO  impl.RoleInfo (RoleInfo.java:updateAndGet(143)) - db364705-f60f-4be7-83db-fd25b014fd0b: start FollowerState
2019-10-15 21:19:07,307 [Thread-9548] INFO  impl.FollowerState (FollowerState.java:run(117)) - db364705-f60f-4be7-83db-fd25b014fd0b@group-848D76B22711-FollowerState was interrupted: java.lang.InterruptedException: sleep interrupted
2019-10-15 21:19:07,337 [090573f1-c213-462e-b422-6463ca97c373@group-848D76B22711-LeaderElection1127] INFO  impl.LeaderElection (LeaderElection.java:logAndReturn(56)) - 090573f1-c213-462e-b422-6463ca97c373@group-848D76B22711-LeaderElection1127: Election REJECTED; received 1 response(s) [090573f1-c213-462e-b422-6463ca97c373<-db364705-f60f-4be7-83db-fd25b014fd0b#0:FAIL-t153] and 1 exception(s); 090573f1-c213-462e-b422-6463ca97c373@group-848D76B22711:t153, leader=null, voted=090573f1-c213-462e-b422-6463ca97c373, raftlog=090573f1-c213-462e-b422-6463ca97c373@group-848D76B22711-SegmentedRaftLog:OPENED:c-1,f-1,i0, conf=-1: [93d557fa-335e-4e3d-b2bb-e33832802906:192.168.69.102:43737, 090573f1-c213-462e-b422-6463ca97c373:192.168.69.102:43336, db364705-f60f-4be7-83db-fd25b014fd0b:192.168.69.102:41270], old=null
2019-10-15 21:19:07,337 [090573f1-c213-462e-b422-6463ca97c373@group-848D76B22711-LeaderElection1127] INFO  impl.LeaderElection (LogUtils.java:infoOrTrace(149)) -   Exception 0: {}
java.util.concurrent.ExecutionException: org.apache.ratis.thirdparty.io.grpc.StatusRuntimeException: UNAVAILABLE: io exception
	at java.util.concurrent.FutureTask.report(FutureTask.java:122)
	at java.util.concurrent.FutureTask.get(FutureTask.java:192)
	at org.apache.ratis.server.impl.LeaderElection.waitForResults(LeaderElection.java:259)
	at org.apache.ratis.server.impl.LeaderElection.askForVotes(LeaderElection.java:197)
	at org.apache.ratis.server.impl.LeaderElection.run(LeaderElection.java:133)
	at java.lang.Thread.run(Thread.java:748)
Caused by: org.apache.ratis.thirdparty.io.grpc.StatusRuntimeException: UNAVAILABLE: io exception
	at org.apache.ratis.thirdparty.io.grpc.stub.ClientCalls.toStatusRuntimeException(ClientCalls.java:233)
	at org.apache.ratis.thirdparty.io.grpc.stub.ClientCalls.getUnchecked(ClientCalls.java:214)
	at org.apache.ratis.thirdparty.io.grpc.stub.ClientCalls.blockingUnaryCall(ClientCalls.java:139)
	at org.apache.ratis.proto.grpc.RaftServerProtocolServiceGrpc$RaftServerProtocolServiceBlockingStub.requestVote(RaftServerProtocolServiceGrpc.java:265)
	at org.apache.ratis.grpc.server.GrpcServerProtocolClient.requestVote(GrpcServerProtocolClient.java:99)
	at org.apache.ratis.grpc.server.GrpcService.requestVote(GrpcService.java:204)
	at org.apache.ratis.server.impl.LeaderElection.lambda$submitRequests$1(LeaderElection.java:234)
	at java.util.concurrent.FutureTask.run(FutureTask.java:266)
	at java.util.concurrent.Executors$RunnableAdapter.call(Executors.java:511)
	at java.util.concurrent.FutureTask.run(FutureTask.java:266)
	at java.util.concurrent.ThreadPoolExecutor.runWorker(ThreadPoolExecutor.java:1149)
	at java.util.concurrent.ThreadPoolExecutor$Worker.run(ThreadPoolExecutor.java:624)
	... 1 more
Caused by: org.apache.ratis.thirdparty.io.netty.channel.AbstractChannel$AnnotatedConnectException: Connection refused: /192.168.69.102:43737
	at sun.nio.ch.SocketChannelImpl.checkConnect(Native Method)
	at sun.nio.ch.SocketChannelImpl.finishConnect(SocketChannelImpl.java:717)
	at org.apache.ratis.thirdparty.io.netty.channel.socket.nio.NioSocketChannel.doFinishConnect(NioSocketChannel.java:327)
	at org.apache.ratis.thirdparty.io.netty.channel.nio.AbstractNioChannel$AbstractNioUnsafe.finishConnect(AbstractNioChannel.java:340)
	at org.apache.ratis.thirdparty.io.netty.channel.nio.NioEventLoop.processSelectedKey(NioEventLoop.java:632)
	at org.apache.ratis.thirdparty.io.netty.channel.nio.NioEventLoop.processSelectedKeysOptimized(NioEventLoop.java:579)
	at org.apache.ratis.thirdparty.io.netty.channel.nio.NioEventLoop.processSelectedKeys(NioEventLoop.java:496)
	at org.apache.ratis.thirdparty.io.netty.channel.nio.NioEventLoop.run(NioEventLoop.java:458)
	at org.apache.ratis.thirdparty.io.netty.util.concurrent.SingleThreadEventExecutor$5.run(SingleThreadEventExecutor.java:897)
	at org.apache.ratis.thirdparty.io.netty.util.concurrent.FastThreadLocalRunnable.run(FastThreadLocalRunnable.java:30)
	... 1 more
Caused by: java.net.ConnectException: Connection refused
	... 11 more
2019-10-15 21:19:07,338 [090573f1-c213-462e-b422-6463ca97c373@group-848D76B22711-LeaderElection1127] INFO  impl.RaftServerImpl (RaftServerImpl.java:setRole(184)) - 090573f1-c213-462e-b422-6463ca97c373@group-848D76B22711: changes role from CANDIDATE to FOLLOWER at term 153 for DISCOVERED_A_NEW_TERM
2019-10-15 21:19:07,338 [090573f1-c213-462e-b422-6463ca97c373@group-848D76B22711-LeaderElection1127] INFO  impl.RoleInfo (RoleInfo.java:shutdownLeaderElection(134)) - 090573f1-c213-462e-b422-6463ca97c373: shutdown LeaderElection
2019-10-15 21:19:07,338 [090573f1-c213-462e-b422-6463ca97c373@group-848D76B22711-LeaderElection1127] INFO  impl.RoleInfo (RoleInfo.java:updateAndGet(143)) - 090573f1-c213-462e-b422-6463ca97c373: start FollowerState
2019-10-15 21:19:07,454 [Thread-9554] INFO  impl.FollowerState (FollowerState.java:run(108)) - 090573f1-c213-462e-b422-6463ca97c373@group-848D76B22711-FollowerState: change to CANDIDATE, lastRpcTime:116ms, electionTimeout:116ms
2019-10-15 21:19:07,454 [Thread-9554] INFO  impl.RoleInfo (RoleInfo.java:shutdownFollowerState(121)) - 090573f1-c213-462e-b422-6463ca97c373: shutdown FollowerState
2019-10-15 21:19:07,454 [Thread-9554] INFO  impl.RaftServerImpl (RaftServerImpl.java:setRole(184)) - 090573f1-c213-462e-b422-6463ca97c373@group-848D76B22711: changes role from  FOLLOWER to CANDIDATE at term 153 for changeToCandidate
2019-10-15 21:19:07,455 [Thread-9554] INFO  impl.RoleInfo (RoleInfo.java:updateAndGet(143)) - 090573f1-c213-462e-b422-6463ca97c373: start LeaderElection
2019-10-15 21:19:07,462 [090573f1-c213-462e-b422-6463ca97c373@group-848D76B22711-LeaderElection1128] INFO  impl.LeaderElection (LeaderElection.java:askForVotes(178)) - 090573f1-c213-462e-b422-6463ca97c373@group-848D76B22711-LeaderElection1128: begin an election at term 154 for -1: [93d557fa-335e-4e3d-b2bb-e33832802906:192.168.69.102:43737, 090573f1-c213-462e-b422-6463ca97c373:192.168.69.102:43336, db364705-f60f-4be7-83db-fd25b014fd0b:192.168.69.102:41270], old=null
2019-10-15 21:19:07,463 [090573f1-c213-462e-b422-6463ca97c373@group-848D76B22711-LeaderElection1128] INFO  impl.LeaderElection (LogUtils.java:infoOrTrace(149)) - 090573f1-c213-462e-b422-6463ca97c373@group-848D76B22711-LeaderElection1128 got exception when requesting votes: {}
java.util.concurrent.ExecutionException: org.apache.ratis.thirdparty.io.grpc.StatusRuntimeException: UNAVAILABLE: io exception
	at java.util.concurrent.FutureTask.report(FutureTask.java:122)
	at java.util.concurrent.FutureTask.get(FutureTask.java:192)
	at org.apache.ratis.server.impl.LeaderElection.waitForResults(LeaderElection.java:259)
	at org.apache.ratis.server.impl.LeaderElection.askForVotes(LeaderElection.java:197)
	at org.apache.ratis.server.impl.LeaderElection.run(LeaderElection.java:133)
	at java.lang.Thread.run(Thread.java:748)
Caused by: org.apache.ratis.thirdparty.io.grpc.StatusRuntimeException: UNAVAILABLE: io exception
	at org.apache.ratis.thirdparty.io.grpc.stub.ClientCalls.toStatusRuntimeException(ClientCalls.java:233)
	at org.apache.ratis.thirdparty.io.grpc.stub.ClientCalls.getUnchecked(ClientCalls.java:214)
	at org.apache.ratis.thirdparty.io.grpc.stub.ClientCalls.blockingUnaryCall(ClientCalls.java:139)
	at org.apache.ratis.proto.grpc.RaftServerProtocolServiceGrpc$RaftServerProtocolServiceBlockingStub.requestVote(RaftServerProtocolServiceGrpc.java:265)
	at org.apache.ratis.grpc.server.GrpcServerProtocolClient.requestVote(GrpcServerProtocolClient.java:99)
	at org.apache.ratis.grpc.server.GrpcService.requestVote(GrpcService.java:204)
	at org.apache.ratis.server.impl.LeaderElection.lambda$submitRequests$1(LeaderElection.java:234)
	at java.util.concurrent.FutureTask.run(FutureTask.java:266)
	at java.util.concurrent.Executors$RunnableAdapter.call(Executors.java:511)
	at java.util.concurrent.FutureTask.run(FutureTask.java:266)
	at java.util.concurrent.ThreadPoolExecutor.runWorker(ThreadPoolExecutor.java:1149)
	at java.util.concurrent.ThreadPoolExecutor$Worker.run(ThreadPoolExecutor.java:624)
	... 1 more
Caused by: org.apache.ratis.thirdparty.io.netty.channel.AbstractChannel$AnnotatedConnectException: Connection refused: /192.168.69.102:43737
	at sun.nio.ch.SocketChannelImpl.checkConnect(Native Method)
	at sun.nio.ch.SocketChannelImpl.finishConnect(SocketChannelImpl.java:717)
	at org.apache.ratis.thirdparty.io.netty.channel.socket.nio.NioSocketChannel.doFinishConnect(NioSocketChannel.java:327)
	at org.apache.ratis.thirdparty.io.netty.channel.nio.AbstractNioChannel$AbstractNioUnsafe.finishConnect(AbstractNioChannel.java:340)
	at org.apache.ratis.thirdparty.io.netty.channel.nio.NioEventLoop.processSelectedKey(NioEventLoop.java:632)
	at org.apache.ratis.thirdparty.io.netty.channel.nio.NioEventLoop.processSelectedKeysOptimized(NioEventLoop.java:579)
	at org.apache.ratis.thirdparty.io.netty.channel.nio.NioEventLoop.processSelectedKeys(NioEventLoop.java:496)
	at org.apache.ratis.thirdparty.io.netty.channel.nio.NioEventLoop.run(NioEventLoop.java:458)
	at org.apache.ratis.thirdparty.io.netty.util.concurrent.SingleThreadEventExecutor$5.run(SingleThreadEventExecutor.java:897)
	at org.apache.ratis.thirdparty.io.netty.util.concurrent.FastThreadLocalRunnable.run(FastThreadLocalRunnable.java:30)
	... 1 more
Caused by: java.net.ConnectException: Connection refused
	... 11 more
2019-10-15 21:19:07,463 [grpc-default-executor-2] INFO  impl.RaftServerImpl (RaftServerImpl.java:setRole(184)) - db364705-f60f-4be7-83db-fd25b014fd0b@group-848D76B22711: changes role from  FOLLOWER to FOLLOWER at term 154 for recognizeCandidate:090573f1-c213-462e-b422-6463ca97c373
2019-10-15 21:19:07,463 [grpc-default-executor-2] INFO  impl.RoleInfo (RoleInfo.java:shutdownFollowerState(121)) - db364705-f60f-4be7-83db-fd25b014fd0b: shutdown FollowerState
2019-10-15 21:19:07,464 [grpc-default-executor-2] INFO  impl.RoleInfo (RoleInfo.java:updateAndGet(143)) - db364705-f60f-4be7-83db-fd25b014fd0b: start FollowerState
2019-10-15 21:19:07,464 [Thread-9553] INFO  impl.FollowerState (FollowerState.java:run(117)) - db364705-f60f-4be7-83db-fd25b014fd0b@group-848D76B22711-FollowerState was interrupted: java.lang.InterruptedException: sleep interrupted
2019-10-15 21:19:07,467 [090573f1-c213-462e-b422-6463ca97c373@group-848D76B22711-LeaderElection1128] INFO  impl.LeaderElection (LeaderElection.java:logAndReturn(56)) - 090573f1-c213-462e-b422-6463ca97c373@group-848D76B22711-LeaderElection1128: Election REJECTED; received 1 response(s) [090573f1-c213-462e-b422-6463ca97c373<-db364705-f60f-4be7-83db-fd25b014fd0b#0:FAIL-t154] and 1 exception(s); 090573f1-c213-462e-b422-6463ca97c373@group-848D76B22711:t154, leader=null, voted=090573f1-c213-462e-b422-6463ca97c373, raftlog=090573f1-c213-462e-b422-6463ca97c373@group-848D76B22711-SegmentedRaftLog:OPENED:c-1,f-1,i0, conf=-1: [93d557fa-335e-4e3d-b2bb-e33832802906:192.168.69.102:43737, 090573f1-c213-462e-b422-6463ca97c373:192.168.69.102:43336, db364705-f60f-4be7-83db-fd25b014fd0b:192.168.69.102:41270], old=null
2019-10-15 21:19:07,467 [090573f1-c213-462e-b422-6463ca97c373@group-848D76B22711-LeaderElection1128] INFO  impl.LeaderElection (LogUtils.java:infoOrTrace(149)) -   Exception 0: {}
java.util.concurrent.ExecutionException: org.apache.ratis.thirdparty.io.grpc.StatusRuntimeException: UNAVAILABLE: io exception
	at java.util.concurrent.FutureTask.report(FutureTask.java:122)
	at java.util.concurrent.FutureTask.get(FutureTask.java:192)
	at org.apache.ratis.server.impl.LeaderElection.waitForResults(LeaderElection.java:259)
	at org.apache.ratis.server.impl.LeaderElection.askForVotes(LeaderElection.java:197)
	at org.apache.ratis.server.impl.LeaderElection.run(LeaderElection.java:133)
	at java.lang.Thread.run(Thread.java:748)
Caused by: org.apache.ratis.thirdparty.io.grpc.StatusRuntimeException: UNAVAILABLE: io exception
	at org.apache.ratis.thirdparty.io.grpc.stub.ClientCalls.toStatusRuntimeException(ClientCalls.java:233)
	at org.apache.ratis.thirdparty.io.grpc.stub.ClientCalls.getUnchecked(ClientCalls.java:214)
	at org.apache.ratis.thirdparty.io.grpc.stub.ClientCalls.blockingUnaryCall(ClientCalls.java:139)
	at org.apache.ratis.proto.grpc.RaftServerProtocolServiceGrpc$RaftServerProtocolServiceBlockingStub.requestVote(RaftServerProtocolServiceGrpc.java:265)
	at org.apache.ratis.grpc.server.GrpcServerProtocolClient.requestVote(GrpcServerProtocolClient.java:99)
	at org.apache.ratis.grpc.server.GrpcService.requestVote(GrpcService.java:204)
	at org.apache.ratis.server.impl.LeaderElection.lambda$submitRequests$1(LeaderElection.java:234)
	at java.util.concurrent.FutureTask.run(FutureTask.java:266)
	at java.util.concurrent.Executors$RunnableAdapter.call(Executors.java:511)
	at java.util.concurrent.FutureTask.run(FutureTask.java:266)
	at java.util.concurrent.ThreadPoolExecutor.runWorker(ThreadPoolExecutor.java:1149)
	at java.util.concurrent.ThreadPoolExecutor$Worker.run(ThreadPoolExecutor.java:624)
	... 1 more
Caused by: org.apache.ratis.thirdparty.io.netty.channel.AbstractChannel$AnnotatedConnectException: Connection refused: /192.168.69.102:43737
	at sun.nio.ch.SocketChannelImpl.checkConnect(Native Method)
	at sun.nio.ch.SocketChannelImpl.finishConnect(SocketChannelImpl.java:717)
	at org.apache.ratis.thirdparty.io.netty.channel.socket.nio.NioSocketChannel.doFinishConnect(NioSocketChannel.java:327)
	at org.apache.ratis.thirdparty.io.netty.channel.nio.AbstractNioChannel$AbstractNioUnsafe.finishConnect(AbstractNioChannel.java:340)
	at org.apache.ratis.thirdparty.io.netty.channel.nio.NioEventLoop.processSelectedKey(NioEventLoop.java:632)
	at org.apache.ratis.thirdparty.io.netty.channel.nio.NioEventLoop.processSelectedKeysOptimized(NioEventLoop.java:579)
	at org.apache.ratis.thirdparty.io.netty.channel.nio.NioEventLoop.processSelectedKeys(NioEventLoop.java:496)
	at org.apache.ratis.thirdparty.io.netty.channel.nio.NioEventLoop.run(NioEventLoop.java:458)
	at org.apache.ratis.thirdparty.io.netty.util.concurrent.SingleThreadEventExecutor$5.run(SingleThreadEventExecutor.java:897)
	at org.apache.ratis.thirdparty.io.netty.util.concurrent.FastThreadLocalRunnable.run(FastThreadLocalRunnable.java:30)
	... 1 more
Caused by: java.net.ConnectException: Connection refused
	... 11 more
2019-10-15 21:19:07,468 [090573f1-c213-462e-b422-6463ca97c373@group-848D76B22711-LeaderElection1128] INFO  impl.RaftServerImpl (RaftServerImpl.java:setRole(184)) - 090573f1-c213-462e-b422-6463ca97c373@group-848D76B22711: changes role from CANDIDATE to FOLLOWER at term 154 for DISCOVERED_A_NEW_TERM
2019-10-15 21:19:07,468 [090573f1-c213-462e-b422-6463ca97c373@group-848D76B22711-LeaderElection1128] INFO  impl.RoleInfo (RoleInfo.java:shutdownLeaderElection(134)) - 090573f1-c213-462e-b422-6463ca97c373: shutdown LeaderElection
2019-10-15 21:19:07,468 [090573f1-c213-462e-b422-6463ca97c373@group-848D76B22711-LeaderElection1128] INFO  impl.RoleInfo (RoleInfo.java:updateAndGet(143)) - 090573f1-c213-462e-b422-6463ca97c373: start FollowerState
2019-10-15 21:19:07,503 [Thread-9561] INFO  impl.FollowerState (FollowerState.java:run(108)) - 090573f1-c213-462e-b422-6463ca97c373@group-848D76B22711-FollowerState: change to CANDIDATE, lastRpcTime:35ms, electionTimeout:35ms
2019-10-15 21:19:07,503 [Thread-9561] INFO  impl.RoleInfo (RoleInfo.java:shutdownFollowerState(121)) - 090573f1-c213-462e-b422-6463ca97c373: shutdown FollowerState
2019-10-15 21:19:07,503 [Thread-9561] INFO  impl.RaftServerImpl (RaftServerImpl.java:setRole(184)) - 090573f1-c213-462e-b422-6463ca97c373@group-848D76B22711: changes role from  FOLLOWER to CANDIDATE at term 154 for changeToCandidate
2019-10-15 21:19:07,503 [Thread-9561] INFO  impl.RoleInfo (RoleInfo.java:updateAndGet(143)) - 090573f1-c213-462e-b422-6463ca97c373: start LeaderElection
2019-10-15 21:19:07,521 [090573f1-c213-462e-b422-6463ca97c373@group-848D76B22711-LeaderElection1129] INFO  impl.LeaderElection (LeaderElection.java:askForVotes(178)) - 090573f1-c213-462e-b422-6463ca97c373@group-848D76B22711-LeaderElection1129: begin an election at term 155 for -1: [93d557fa-335e-4e3d-b2bb-e33832802906:192.168.69.102:43737, 090573f1-c213-462e-b422-6463ca97c373:192.168.69.102:43336, db364705-f60f-4be7-83db-fd25b014fd0b:192.168.69.102:41270], old=null
2019-10-15 21:19:07,522 [090573f1-c213-462e-b422-6463ca97c373@group-848D76B22711-LeaderElection1129] INFO  impl.LeaderElection (LogUtils.java:infoOrTrace(149)) - 090573f1-c213-462e-b422-6463ca97c373@group-848D76B22711-LeaderElection1129 got exception when requesting votes: {}
java.util.concurrent.ExecutionException: org.apache.ratis.thirdparty.io.grpc.StatusRuntimeException: UNAVAILABLE: io exception
	at java.util.concurrent.FutureTask.report(FutureTask.java:122)
	at java.util.concurrent.FutureTask.get(FutureTask.java:192)
	at org.apache.ratis.server.impl.LeaderElection.waitForResults(LeaderElection.java:259)
	at org.apache.ratis.server.impl.LeaderElection.askForVotes(LeaderElection.java:197)
	at org.apache.ratis.server.impl.LeaderElection.run(LeaderElection.java:133)
	at java.lang.Thread.run(Thread.java:748)
Caused by: org.apache.ratis.thirdparty.io.grpc.StatusRuntimeException: UNAVAILABLE: io exception
	at org.apache.ratis.thirdparty.io.grpc.stub.ClientCalls.toStatusRuntimeException(ClientCalls.java:233)
	at org.apache.ratis.thirdparty.io.grpc.stub.ClientCalls.getUnchecked(ClientCalls.java:214)
	at org.apache.ratis.thirdparty.io.grpc.stub.ClientCalls.blockingUnaryCall(ClientCalls.java:139)
	at org.apache.ratis.proto.grpc.RaftServerProtocolServiceGrpc$RaftServerProtocolServiceBlockingStub.requestVote(RaftServerProtocolServiceGrpc.java:265)
	at org.apache.ratis.grpc.server.GrpcServerProtocolClient.requestVote(GrpcServerProtocolClient.java:99)
	at org.apache.ratis.grpc.server.GrpcService.requestVote(GrpcService.java:204)
	at org.apache.ratis.server.impl.LeaderElection.lambda$submitRequests$1(LeaderElection.java:234)
	at java.util.concurrent.FutureTask.run(FutureTask.java:266)
	at java.util.concurrent.Executors$RunnableAdapter.call(Executors.java:511)
	at java.util.concurrent.FutureTask.run(FutureTask.java:266)
	at java.util.concurrent.ThreadPoolExecutor.runWorker(ThreadPoolExecutor.java:1149)
	at java.util.concurrent.ThreadPoolExecutor$Worker.run(ThreadPoolExecutor.java:624)
	... 1 more
Caused by: org.apache.ratis.thirdparty.io.netty.channel.AbstractChannel$AnnotatedConnectException: Connection refused: /192.168.69.102:43737
	at sun.nio.ch.SocketChannelImpl.checkConnect(Native Method)
	at sun.nio.ch.SocketChannelImpl.finishConnect(SocketChannelImpl.java:717)
	at org.apache.ratis.thirdparty.io.netty.channel.socket.nio.NioSocketChannel.doFinishConnect(NioSocketChannel.java:327)
	at org.apache.ratis.thirdparty.io.netty.channel.nio.AbstractNioChannel$AbstractNioUnsafe.finishConnect(AbstractNioChannel.java:340)
	at org.apache.ratis.thirdparty.io.netty.channel.nio.NioEventLoop.processSelectedKey(NioEventLoop.java:632)
	at org.apache.ratis.thirdparty.io.netty.channel.nio.NioEventLoop.processSelectedKeysOptimized(NioEventLoop.java:579)
	at org.apache.ratis.thirdparty.io.netty.channel.nio.NioEventLoop.processSelectedKeys(NioEventLoop.java:496)
	at org.apache.ratis.thirdparty.io.netty.channel.nio.NioEventLoop.run(NioEventLoop.java:458)
	at org.apache.ratis.thirdparty.io.netty.util.concurrent.SingleThreadEventExecutor$5.run(SingleThreadEventExecutor.java:897)
	at org.apache.ratis.thirdparty.io.netty.util.concurrent.FastThreadLocalRunnable.run(FastThreadLocalRunnable.java:30)
	... 1 more
Caused by: java.net.ConnectException: Connection refused
	... 11 more
2019-10-15 21:19:07,523 [grpc-default-executor-2] INFO  impl.RaftServerImpl (RaftServerImpl.java:setRole(184)) - db364705-f60f-4be7-83db-fd25b014fd0b@group-848D76B22711: changes role from  FOLLOWER to FOLLOWER at term 155 for recognizeCandidate:090573f1-c213-462e-b422-6463ca97c373
2019-10-15 21:19:07,523 [grpc-default-executor-2] INFO  impl.RoleInfo (RoleInfo.java:shutdownFollowerState(121)) - db364705-f60f-4be7-83db-fd25b014fd0b: shutdown FollowerState
2019-10-15 21:19:07,523 [grpc-default-executor-2] INFO  impl.RoleInfo (RoleInfo.java:updateAndGet(143)) - db364705-f60f-4be7-83db-fd25b014fd0b: start FollowerState
2019-10-15 21:19:07,523 [Thread-9560] INFO  impl.FollowerState (FollowerState.java:run(117)) - db364705-f60f-4be7-83db-fd25b014fd0b@group-848D76B22711-FollowerState was interrupted: java.lang.InterruptedException: sleep interrupted
2019-10-15 21:19:07,527 [090573f1-c213-462e-b422-6463ca97c373@group-848D76B22711-LeaderElection1129] INFO  impl.LeaderElection (LeaderElection.java:logAndReturn(56)) - 090573f1-c213-462e-b422-6463ca97c373@group-848D76B22711-LeaderElection1129: Election REJECTED; received 1 response(s) [090573f1-c213-462e-b422-6463ca97c373<-db364705-f60f-4be7-83db-fd25b014fd0b#0:FAIL-t155] and 1 exception(s); 090573f1-c213-462e-b422-6463ca97c373@group-848D76B22711:t155, leader=null, voted=090573f1-c213-462e-b422-6463ca97c373, raftlog=090573f1-c213-462e-b422-6463ca97c373@group-848D76B22711-SegmentedRaftLog:OPENED:c-1,f-1,i0, conf=-1: [93d557fa-335e-4e3d-b2bb-e33832802906:192.168.69.102:43737, 090573f1-c213-462e-b422-6463ca97c373:192.168.69.102:43336, db364705-f60f-4be7-83db-fd25b014fd0b:192.168.69.102:41270], old=null
2019-10-15 21:19:07,527 [090573f1-c213-462e-b422-6463ca97c373@group-848D76B22711-LeaderElection1129] INFO  impl.LeaderElection (LogUtils.java:infoOrTrace(149)) -   Exception 0: {}
java.util.concurrent.ExecutionException: org.apache.ratis.thirdparty.io.grpc.StatusRuntimeException: UNAVAILABLE: io exception
	at java.util.concurrent.FutureTask.report(FutureTask.java:122)
	at java.util.concurrent.FutureTask.get(FutureTask.java:192)
	at org.apache.ratis.server.impl.LeaderElection.waitForResults(LeaderElection.java:259)
	at org.apache.ratis.server.impl.LeaderElection.askForVotes(LeaderElection.java:197)
	at org.apache.ratis.server.impl.LeaderElection.run(LeaderElection.java:133)
	at java.lang.Thread.run(Thread.java:748)
Caused by: org.apache.ratis.thirdparty.io.grpc.StatusRuntimeException: UNAVAILABLE: io exception
	at org.apache.ratis.thirdparty.io.grpc.stub.ClientCalls.toStatusRuntimeException(ClientCalls.java:233)
	at org.apache.ratis.thirdparty.io.grpc.stub.ClientCalls.getUnchecked(ClientCalls.java:214)
	at org.apache.ratis.thirdparty.io.grpc.stub.ClientCalls.blockingUnaryCall(ClientCalls.java:139)
	at org.apache.ratis.proto.grpc.RaftServerProtocolServiceGrpc$RaftServerProtocolServiceBlockingStub.requestVote(RaftServerProtocolServiceGrpc.java:265)
	at org.apache.ratis.grpc.server.GrpcServerProtocolClient.requestVote(GrpcServerProtocolClient.java:99)
	at org.apache.ratis.grpc.server.GrpcService.requestVote(GrpcService.java:204)
	at org.apache.ratis.server.impl.LeaderElection.lambda$submitRequests$1(LeaderElection.java:234)
	at java.util.concurrent.FutureTask.run(FutureTask.java:266)
	at java.util.concurrent.Executors$RunnableAdapter.call(Executors.java:511)
	at java.util.concurrent.FutureTask.run(FutureTask.java:266)
	at java.util.concurrent.ThreadPoolExecutor.runWorker(ThreadPoolExecutor.java:1149)
	at java.util.concurrent.ThreadPoolExecutor$Worker.run(ThreadPoolExecutor.java:624)
	... 1 more
Caused by: org.apache.ratis.thirdparty.io.netty.channel.AbstractChannel$AnnotatedConnectException: Connection refused: /192.168.69.102:43737
	at sun.nio.ch.SocketChannelImpl.checkConnect(Native Method)
	at sun.nio.ch.SocketChannelImpl.finishConnect(SocketChannelImpl.java:717)
	at org.apache.ratis.thirdparty.io.netty.channel.socket.nio.NioSocketChannel.doFinishConnect(NioSocketChannel.java:327)
	at org.apache.ratis.thirdparty.io.netty.channel.nio.AbstractNioChannel$AbstractNioUnsafe.finishConnect(AbstractNioChannel.java:340)
	at org.apache.ratis.thirdparty.io.netty.channel.nio.NioEventLoop.processSelectedKey(NioEventLoop.java:632)
	at org.apache.ratis.thirdparty.io.netty.channel.nio.NioEventLoop.processSelectedKeysOptimized(NioEventLoop.java:579)
	at org.apache.ratis.thirdparty.io.netty.channel.nio.NioEventLoop.processSelectedKeys(NioEventLoop.java:496)
	at org.apache.ratis.thirdparty.io.netty.channel.nio.NioEventLoop.run(NioEventLoop.java:458)
	at org.apache.ratis.thirdparty.io.netty.util.concurrent.SingleThreadEventExecutor$5.run(SingleThreadEventExecutor.java:897)
	at org.apache.ratis.thirdparty.io.netty.util.concurrent.FastThreadLocalRunnable.run(FastThreadLocalRunnable.java:30)
	... 1 more
Caused by: java.net.ConnectException: Connection refused
	... 11 more
2019-10-15 21:19:07,528 [090573f1-c213-462e-b422-6463ca97c373@group-848D76B22711-LeaderElection1129] INFO  impl.RaftServerImpl (RaftServerImpl.java:setRole(184)) - 090573f1-c213-462e-b422-6463ca97c373@group-848D76B22711: changes role from CANDIDATE to FOLLOWER at term 155 for DISCOVERED_A_NEW_TERM
2019-10-15 21:19:07,528 [090573f1-c213-462e-b422-6463ca97c373@group-848D76B22711-LeaderElection1129] INFO  impl.RoleInfo (RoleInfo.java:shutdownLeaderElection(134)) - 090573f1-c213-462e-b422-6463ca97c373: shutdown LeaderElection
2019-10-15 21:19:07,528 [090573f1-c213-462e-b422-6463ca97c373@group-848D76B22711-LeaderElection1129] INFO  impl.RoleInfo (RoleInfo.java:updateAndGet(143)) - 090573f1-c213-462e-b422-6463ca97c373: start FollowerState
2019-10-15 21:19:07,661 [Thread-9566] INFO  impl.FollowerState (FollowerState.java:run(108)) - 090573f1-c213-462e-b422-6463ca97c373@group-848D76B22711-FollowerState: change to CANDIDATE, lastRpcTime:133ms, electionTimeout:133ms
2019-10-15 21:19:07,661 [Thread-9566] INFO  impl.RoleInfo (RoleInfo.java:shutdownFollowerState(121)) - 090573f1-c213-462e-b422-6463ca97c373: shutdown FollowerState
2019-10-15 21:19:07,661 [Thread-9566] INFO  impl.RaftServerImpl (RaftServerImpl.java:setRole(184)) - 090573f1-c213-462e-b422-6463ca97c373@group-848D76B22711: changes role from  FOLLOWER to CANDIDATE at term 155 for changeToCandidate
2019-10-15 21:19:07,661 [Thread-9566] INFO  impl.RoleInfo (RoleInfo.java:updateAndGet(143)) - 090573f1-c213-462e-b422-6463ca97c373: start LeaderElection
2019-10-15 21:19:07,670 [090573f1-c213-462e-b422-6463ca97c373@group-848D76B22711-LeaderElection1130] INFO  impl.LeaderElection (LeaderElection.java:askForVotes(178)) - 090573f1-c213-462e-b422-6463ca97c373@group-848D76B22711-LeaderElection1130: begin an election at term 156 for -1: [93d557fa-335e-4e3d-b2bb-e33832802906:192.168.69.102:43737, 090573f1-c213-462e-b422-6463ca97c373:192.168.69.102:43336, db364705-f60f-4be7-83db-fd25b014fd0b:192.168.69.102:41270], old=null
2019-10-15 21:19:07,671 [090573f1-c213-462e-b422-6463ca97c373@group-848D76B22711-LeaderElection1130] INFO  impl.LeaderElection (LogUtils.java:infoOrTrace(149)) - 090573f1-c213-462e-b422-6463ca97c373@group-848D76B22711-LeaderElection1130 got exception when requesting votes: {}
java.util.concurrent.ExecutionException: org.apache.ratis.thirdparty.io.grpc.StatusRuntimeException: UNAVAILABLE: io exception
	at java.util.concurrent.FutureTask.report(FutureTask.java:122)
	at java.util.concurrent.FutureTask.get(FutureTask.java:192)
	at org.apache.ratis.server.impl.LeaderElection.waitForResults(LeaderElection.java:259)
	at org.apache.ratis.server.impl.LeaderElection.askForVotes(LeaderElection.java:197)
	at org.apache.ratis.server.impl.LeaderElection.run(LeaderElection.java:133)
	at java.lang.Thread.run(Thread.java:748)
Caused by: org.apache.ratis.thirdparty.io.grpc.StatusRuntimeException: UNAVAILABLE: io exception
	at org.apache.ratis.thirdparty.io.grpc.stub.ClientCalls.toStatusRuntimeException(ClientCalls.java:233)
	at org.apache.ratis.thirdparty.io.grpc.stub.ClientCalls.getUnchecked(ClientCalls.java:214)
	at org.apache.ratis.thirdparty.io.grpc.stub.ClientCalls.blockingUnaryCall(ClientCalls.java:139)
	at org.apache.ratis.proto.grpc.RaftServerProtocolServiceGrpc$RaftServerProtocolServiceBlockingStub.requestVote(RaftServerProtocolServiceGrpc.java:265)
	at org.apache.ratis.grpc.server.GrpcServerProtocolClient.requestVote(GrpcServerProtocolClient.java:99)
	at org.apache.ratis.grpc.server.GrpcService.requestVote(GrpcService.java:204)
	at org.apache.ratis.server.impl.LeaderElection.lambda$submitRequests$1(LeaderElection.java:234)
	at java.util.concurrent.FutureTask.run(FutureTask.java:266)
	at java.util.concurrent.Executors$RunnableAdapter.call(Executors.java:511)
	at java.util.concurrent.FutureTask.run(FutureTask.java:266)
	at java.util.concurrent.ThreadPoolExecutor.runWorker(ThreadPoolExecutor.java:1149)
	at java.util.concurrent.ThreadPoolExecutor$Worker.run(ThreadPoolExecutor.java:624)
	... 1 more
Caused by: org.apache.ratis.thirdparty.io.netty.channel.AbstractChannel$AnnotatedConnectException: Connection refused: /192.168.69.102:43737
	at sun.nio.ch.SocketChannelImpl.checkConnect(Native Method)
	at sun.nio.ch.SocketChannelImpl.finishConnect(SocketChannelImpl.java:717)
	at org.apache.ratis.thirdparty.io.netty.channel.socket.nio.NioSocketChannel.doFinishConnect(NioSocketChannel.java:327)
	at org.apache.ratis.thirdparty.io.netty.channel.nio.AbstractNioChannel$AbstractNioUnsafe.finishConnect(AbstractNioChannel.java:340)
	at org.apache.ratis.thirdparty.io.netty.channel.nio.NioEventLoop.processSelectedKey(NioEventLoop.java:632)
	at org.apache.ratis.thirdparty.io.netty.channel.nio.NioEventLoop.processSelectedKeysOptimized(NioEventLoop.java:579)
	at org.apache.ratis.thirdparty.io.netty.channel.nio.NioEventLoop.processSelectedKeys(NioEventLoop.java:496)
	at org.apache.ratis.thirdparty.io.netty.channel.nio.NioEventLoop.run(NioEventLoop.java:458)
	at org.apache.ratis.thirdparty.io.netty.util.concurrent.SingleThreadEventExecutor$5.run(SingleThreadEventExecutor.java:897)
	at org.apache.ratis.thirdparty.io.netty.util.concurrent.FastThreadLocalRunnable.run(FastThreadLocalRunnable.java:30)
	... 1 more
Caused by: java.net.ConnectException: Connection refused
	... 11 more
2019-10-15 21:19:07,671 [grpc-default-executor-2] INFO  impl.RaftServerImpl (RaftServerImpl.java:setRole(184)) - db364705-f60f-4be7-83db-fd25b014fd0b@group-848D76B22711: changes role from  FOLLOWER to FOLLOWER at term 156 for recognizeCandidate:090573f1-c213-462e-b422-6463ca97c373
2019-10-15 21:19:07,672 [grpc-default-executor-2] INFO  impl.RoleInfo (RoleInfo.java:shutdownFollowerState(121)) - db364705-f60f-4be7-83db-fd25b014fd0b: shutdown FollowerState
2019-10-15 21:19:07,672 [grpc-default-executor-2] INFO  impl.RoleInfo (RoleInfo.java:updateAndGet(143)) - db364705-f60f-4be7-83db-fd25b014fd0b: start FollowerState
2019-10-15 21:19:07,672 [Thread-9565] INFO  impl.FollowerState (FollowerState.java:run(117)) - db364705-f60f-4be7-83db-fd25b014fd0b@group-848D76B22711-FollowerState was interrupted: java.lang.InterruptedException: sleep interrupted
2019-10-15 21:19:07,675 [090573f1-c213-462e-b422-6463ca97c373@group-848D76B22711-LeaderElection1130] INFO  impl.LeaderElection (LeaderElection.java:logAndReturn(56)) - 090573f1-c213-462e-b422-6463ca97c373@group-848D76B22711-LeaderElection1130: Election REJECTED; received 1 response(s) [090573f1-c213-462e-b422-6463ca97c373<-db364705-f60f-4be7-83db-fd25b014fd0b#0:FAIL-t156] and 1 exception(s); 090573f1-c213-462e-b422-6463ca97c373@group-848D76B22711:t156, leader=null, voted=090573f1-c213-462e-b422-6463ca97c373, raftlog=090573f1-c213-462e-b422-6463ca97c373@group-848D76B22711-SegmentedRaftLog:OPENED:c-1,f-1,i0, conf=-1: [93d557fa-335e-4e3d-b2bb-e33832802906:192.168.69.102:43737, 090573f1-c213-462e-b422-6463ca97c373:192.168.69.102:43336, db364705-f60f-4be7-83db-fd25b014fd0b:192.168.69.102:41270], old=null
2019-10-15 21:19:07,675 [090573f1-c213-462e-b422-6463ca97c373@group-848D76B22711-LeaderElection1130] INFO  impl.LeaderElection (LogUtils.java:infoOrTrace(149)) -   Exception 0: {}
java.util.concurrent.ExecutionException: org.apache.ratis.thirdparty.io.grpc.StatusRuntimeException: UNAVAILABLE: io exception
	at java.util.concurrent.FutureTask.report(FutureTask.java:122)
	at java.util.concurrent.FutureTask.get(FutureTask.java:192)
	at org.apache.ratis.server.impl.LeaderElection.waitForResults(LeaderElection.java:259)
	at org.apache.ratis.server.impl.LeaderElection.askForVotes(LeaderElection.java:197)
	at org.apache.ratis.server.impl.LeaderElection.run(LeaderElection.java:133)
	at java.lang.Thread.run(Thread.java:748)
Caused by: org.apache.ratis.thirdparty.io.grpc.StatusRuntimeException: UNAVAILABLE: io exception
	at org.apache.ratis.thirdparty.io.grpc.stub.ClientCalls.toStatusRuntimeException(ClientCalls.java:233)
	at org.apache.ratis.thirdparty.io.grpc.stub.ClientCalls.getUnchecked(ClientCalls.java:214)
	at org.apache.ratis.thirdparty.io.grpc.stub.ClientCalls.blockingUnaryCall(ClientCalls.java:139)
	at org.apache.ratis.proto.grpc.RaftServerProtocolServiceGrpc$RaftServerProtocolServiceBlockingStub.requestVote(RaftServerProtocolServiceGrpc.java:265)
	at org.apache.ratis.grpc.server.GrpcServerProtocolClient.requestVote(GrpcServerProtocolClient.java:99)
	at org.apache.ratis.grpc.server.GrpcService.requestVote(GrpcService.java:204)
	at org.apache.ratis.server.impl.LeaderElection.lambda$submitRequests$1(LeaderElection.java:234)
	at java.util.concurrent.FutureTask.run(FutureTask.java:266)
	at java.util.concurrent.Executors$RunnableAdapter.call(Executors.java:511)
	at java.util.concurrent.FutureTask.run(FutureTask.java:266)
	at java.util.concurrent.ThreadPoolExecutor.runWorker(ThreadPoolExecutor.java:1149)
	at java.util.concurrent.ThreadPoolExecutor$Worker.run(ThreadPoolExecutor.java:624)
	... 1 more
Caused by: org.apache.ratis.thirdparty.io.netty.channel.AbstractChannel$AnnotatedConnectException: Connection refused: /192.168.69.102:43737
	at sun.nio.ch.SocketChannelImpl.checkConnect(Native Method)
	at sun.nio.ch.SocketChannelImpl.finishConnect(SocketChannelImpl.java:717)
	at org.apache.ratis.thirdparty.io.netty.channel.socket.nio.NioSocketChannel.doFinishConnect(NioSocketChannel.java:327)
	at org.apache.ratis.thirdparty.io.netty.channel.nio.AbstractNioChannel$AbstractNioUnsafe.finishConnect(AbstractNioChannel.java:340)
	at org.apache.ratis.thirdparty.io.netty.channel.nio.NioEventLoop.processSelectedKey(NioEventLoop.java:632)
	at org.apache.ratis.thirdparty.io.netty.channel.nio.NioEventLoop.processSelectedKeysOptimized(NioEventLoop.java:579)
	at org.apache.ratis.thirdparty.io.netty.channel.nio.NioEventLoop.processSelectedKeys(NioEventLoop.java:496)
	at org.apache.ratis.thirdparty.io.netty.channel.nio.NioEventLoop.run(NioEventLoop.java:458)
	at org.apache.ratis.thirdparty.io.netty.util.concurrent.SingleThreadEventExecutor$5.run(SingleThreadEventExecutor.java:897)
	at org.apache.ratis.thirdparty.io.netty.util.concurrent.FastThreadLocalRunnable.run(FastThreadLocalRunnable.java:30)
	... 1 more
Caused by: java.net.ConnectException: Connection refused
	... 11 more
2019-10-15 21:19:07,675 [090573f1-c213-462e-b422-6463ca97c373@group-848D76B22711-LeaderElection1130] INFO  impl.RaftServerImpl (RaftServerImpl.java:setRole(184)) - 090573f1-c213-462e-b422-6463ca97c373@group-848D76B22711: changes role from CANDIDATE to FOLLOWER at term 156 for DISCOVERED_A_NEW_TERM
2019-10-15 21:19:07,675 [090573f1-c213-462e-b422-6463ca97c373@group-848D76B22711-LeaderElection1130] INFO  impl.RoleInfo (RoleInfo.java:shutdownLeaderElection(134)) - 090573f1-c213-462e-b422-6463ca97c373: shutdown LeaderElection
2019-10-15 21:19:07,675 [090573f1-c213-462e-b422-6463ca97c373@group-848D76B22711-LeaderElection1130] INFO  impl.RoleInfo (RoleInfo.java:updateAndGet(143)) - 090573f1-c213-462e-b422-6463ca97c373: start FollowerState
2019-10-15 21:19:07,710 [Thread-9571] INFO  impl.FollowerState (FollowerState.java:run(108)) - 090573f1-c213-462e-b422-6463ca97c373@group-848D76B22711-FollowerState: change to CANDIDATE, lastRpcTime:34ms, electionTimeout:34ms
2019-10-15 21:19:07,710 [Thread-9571] INFO  impl.RoleInfo (RoleInfo.java:shutdownFollowerState(121)) - 090573f1-c213-462e-b422-6463ca97c373: shutdown FollowerState
2019-10-15 21:19:07,710 [Thread-9571] INFO  impl.RaftServerImpl (RaftServerImpl.java:setRole(184)) - 090573f1-c213-462e-b422-6463ca97c373@group-848D76B22711: changes role from  FOLLOWER to CANDIDATE at term 156 for changeToCandidate
2019-10-15 21:19:07,710 [Thread-9571] INFO  impl.RoleInfo (RoleInfo.java:updateAndGet(143)) - 090573f1-c213-462e-b422-6463ca97c373: start LeaderElection
2019-10-15 21:19:07,727 [090573f1-c213-462e-b422-6463ca97c373@group-848D76B22711-LeaderElection1131] INFO  impl.LeaderElection (LeaderElection.java:askForVotes(178)) - 090573f1-c213-462e-b422-6463ca97c373@group-848D76B22711-LeaderElection1131: begin an election at term 157 for -1: [93d557fa-335e-4e3d-b2bb-e33832802906:192.168.69.102:43737, 090573f1-c213-462e-b422-6463ca97c373:192.168.69.102:43336, db364705-f60f-4be7-83db-fd25b014fd0b:192.168.69.102:41270], old=null
2019-10-15 21:19:07,727 [090573f1-c213-462e-b422-6463ca97c373@group-848D76B22711-LeaderElection1131] INFO  impl.LeaderElection (LogUtils.java:infoOrTrace(149)) - 090573f1-c213-462e-b422-6463ca97c373@group-848D76B22711-LeaderElection1131 got exception when requesting votes: {}
java.util.concurrent.ExecutionException: org.apache.ratis.thirdparty.io.grpc.StatusRuntimeException: UNAVAILABLE: io exception
	at java.util.concurrent.FutureTask.report(FutureTask.java:122)
	at java.util.concurrent.FutureTask.get(FutureTask.java:192)
	at org.apache.ratis.server.impl.LeaderElection.waitForResults(LeaderElection.java:259)
	at org.apache.ratis.server.impl.LeaderElection.askForVotes(LeaderElection.java:197)
	at org.apache.ratis.server.impl.LeaderElection.run(LeaderElection.java:133)
	at java.lang.Thread.run(Thread.java:748)
Caused by: org.apache.ratis.thirdparty.io.grpc.StatusRuntimeException: UNAVAILABLE: io exception
	at org.apache.ratis.thirdparty.io.grpc.stub.ClientCalls.toStatusRuntimeException(ClientCalls.java:233)
	at org.apache.ratis.thirdparty.io.grpc.stub.ClientCalls.getUnchecked(ClientCalls.java:214)
	at org.apache.ratis.thirdparty.io.grpc.stub.ClientCalls.blockingUnaryCall(ClientCalls.java:139)
	at org.apache.ratis.proto.grpc.RaftServerProtocolServiceGrpc$RaftServerProtocolServiceBlockingStub.requestVote(RaftServerProtocolServiceGrpc.java:265)
	at org.apache.ratis.grpc.server.GrpcServerProtocolClient.requestVote(GrpcServerProtocolClient.java:99)
	at org.apache.ratis.grpc.server.GrpcService.requestVote(GrpcService.java:204)
	at org.apache.ratis.server.impl.LeaderElection.lambda$submitRequests$1(LeaderElection.java:234)
	at java.util.concurrent.FutureTask.run(FutureTask.java:266)
	at java.util.concurrent.Executors$RunnableAdapter.call(Executors.java:511)
	at java.util.concurrent.FutureTask.run(FutureTask.java:266)
	at java.util.concurrent.ThreadPoolExecutor.runWorker(ThreadPoolExecutor.java:1149)
	at java.util.concurrent.ThreadPoolExecutor$Worker.run(ThreadPoolExecutor.java:624)
	... 1 more
Caused by: org.apache.ratis.thirdparty.io.netty.channel.AbstractChannel$AnnotatedConnectException: Connection refused: /192.168.69.102:43737
	at sun.nio.ch.SocketChannelImpl.checkConnect(Native Method)
	at sun.nio.ch.SocketChannelImpl.finishConnect(SocketChannelImpl.java:717)
	at org.apache.ratis.thirdparty.io.netty.channel.socket.nio.NioSocketChannel.doFinishConnect(NioSocketChannel.java:327)
	at org.apache.ratis.thirdparty.io.netty.channel.nio.AbstractNioChannel$AbstractNioUnsafe.finishConnect(AbstractNioChannel.java:340)
	at org.apache.ratis.thirdparty.io.netty.channel.nio.NioEventLoop.processSelectedKey(NioEventLoop.java:632)
	at org.apache.ratis.thirdparty.io.netty.channel.nio.NioEventLoop.processSelectedKeysOptimized(NioEventLoop.java:579)
	at org.apache.ratis.thirdparty.io.netty.channel.nio.NioEventLoop.processSelectedKeys(NioEventLoop.java:496)
	at org.apache.ratis.thirdparty.io.netty.channel.nio.NioEventLoop.run(NioEventLoop.java:458)
	at org.apache.ratis.thirdparty.io.netty.util.concurrent.SingleThreadEventExecutor$5.run(SingleThreadEventExecutor.java:897)
	at org.apache.ratis.thirdparty.io.netty.util.concurrent.FastThreadLocalRunnable.run(FastThreadLocalRunnable.java:30)
	... 1 more
Caused by: java.net.ConnectException: Connection refused
	... 11 more
2019-10-15 21:19:07,728 [grpc-default-executor-2] INFO  impl.RaftServerImpl (RaftServerImpl.java:setRole(184)) - db364705-f60f-4be7-83db-fd25b014fd0b@group-848D76B22711: changes role from  FOLLOWER to FOLLOWER at term 157 for recognizeCandidate:090573f1-c213-462e-b422-6463ca97c373
2019-10-15 21:19:07,728 [grpc-default-executor-2] INFO  impl.RoleInfo (RoleInfo.java:shutdownFollowerState(121)) - db364705-f60f-4be7-83db-fd25b014fd0b: shutdown FollowerState
2019-10-15 21:19:07,728 [grpc-default-executor-2] INFO  impl.RoleInfo (RoleInfo.java:updateAndGet(143)) - db364705-f60f-4be7-83db-fd25b014fd0b: start FollowerState
2019-10-15 21:19:07,728 [Thread-9570] INFO  impl.FollowerState (FollowerState.java:run(117)) - db364705-f60f-4be7-83db-fd25b014fd0b@group-848D76B22711-FollowerState was interrupted: java.lang.InterruptedException: sleep interrupted
2019-10-15 21:19:07,733 [090573f1-c213-462e-b422-6463ca97c373@group-848D76B22711-LeaderElection1131] INFO  impl.LeaderElection (LeaderElection.java:logAndReturn(56)) - 090573f1-c213-462e-b422-6463ca97c373@group-848D76B22711-LeaderElection1131: Election REJECTED; received 1 response(s) [090573f1-c213-462e-b422-6463ca97c373<-db364705-f60f-4be7-83db-fd25b014fd0b#0:FAIL-t157] and 1 exception(s); 090573f1-c213-462e-b422-6463ca97c373@group-848D76B22711:t157, leader=null, voted=090573f1-c213-462e-b422-6463ca97c373, raftlog=090573f1-c213-462e-b422-6463ca97c373@group-848D76B22711-SegmentedRaftLog:OPENED:c-1,f-1,i0, conf=-1: [93d557fa-335e-4e3d-b2bb-e33832802906:192.168.69.102:43737, 090573f1-c213-462e-b422-6463ca97c373:192.168.69.102:43336, db364705-f60f-4be7-83db-fd25b014fd0b:192.168.69.102:41270], old=null
2019-10-15 21:19:07,733 [090573f1-c213-462e-b422-6463ca97c373@group-848D76B22711-LeaderElection1131] INFO  impl.LeaderElection (LogUtils.java:infoOrTrace(149)) -   Exception 0: {}
java.util.concurrent.ExecutionException: org.apache.ratis.thirdparty.io.grpc.StatusRuntimeException: UNAVAILABLE: io exception
	at java.util.concurrent.FutureTask.report(FutureTask.java:122)
	at java.util.concurrent.FutureTask.get(FutureTask.java:192)
	at org.apache.ratis.server.impl.LeaderElection.waitForResults(LeaderElection.java:259)
	at org.apache.ratis.server.impl.LeaderElection.askForVotes(LeaderElection.java:197)
	at org.apache.ratis.server.impl.LeaderElection.run(LeaderElection.java:133)
	at java.lang.Thread.run(Thread.java:748)
Caused by: org.apache.ratis.thirdparty.io.grpc.StatusRuntimeException: UNAVAILABLE: io exception
	at org.apache.ratis.thirdparty.io.grpc.stub.ClientCalls.toStatusRuntimeException(ClientCalls.java:233)
	at org.apache.ratis.thirdparty.io.grpc.stub.ClientCalls.getUnchecked(ClientCalls.java:214)
	at org.apache.ratis.thirdparty.io.grpc.stub.ClientCalls.blockingUnaryCall(ClientCalls.java:139)
	at org.apache.ratis.proto.grpc.RaftServerProtocolServiceGrpc$RaftServerProtocolServiceBlockingStub.requestVote(RaftServerProtocolServiceGrpc.java:265)
	at org.apache.ratis.grpc.server.GrpcServerProtocolClient.requestVote(GrpcServerProtocolClient.java:99)
	at org.apache.ratis.grpc.server.GrpcService.requestVote(GrpcService.java:204)
	at org.apache.ratis.server.impl.LeaderElection.lambda$submitRequests$1(LeaderElection.java:234)
	at java.util.concurrent.FutureTask.run(FutureTask.java:266)
	at java.util.concurrent.Executors$RunnableAdapter.call(Executors.java:511)
	at java.util.concurrent.FutureTask.run(FutureTask.java:266)
	at java.util.concurrent.ThreadPoolExecutor.runWorker(ThreadPoolExecutor.java:1149)
	at java.util.concurrent.ThreadPoolExecutor$Worker.run(ThreadPoolExecutor.java:624)
	... 1 more
Caused by: org.apache.ratis.thirdparty.io.netty.channel.AbstractChannel$AnnotatedConnectException: Connection refused: /192.168.69.102:43737
	at sun.nio.ch.SocketChannelImpl.checkConnect(Native Method)
	at sun.nio.ch.SocketChannelImpl.finishConnect(SocketChannelImpl.java:717)
	at org.apache.ratis.thirdparty.io.netty.channel.socket.nio.NioSocketChannel.doFinishConnect(NioSocketChannel.java:327)
	at org.apache.ratis.thirdparty.io.netty.channel.nio.AbstractNioChannel$AbstractNioUnsafe.finishConnect(AbstractNioChannel.java:340)
	at org.apache.ratis.thirdparty.io.netty.channel.nio.NioEventLoop.processSelectedKey(NioEventLoop.java:632)
	at org.apache.ratis.thirdparty.io.netty.channel.nio.NioEventLoop.processSelectedKeysOptimized(NioEventLoop.java:579)
	at org.apache.ratis.thirdparty.io.netty.channel.nio.NioEventLoop.processSelectedKeys(NioEventLoop.java:496)
	at org.apache.ratis.thirdparty.io.netty.channel.nio.NioEventLoop.run(NioEventLoop.java:458)
	at org.apache.ratis.thirdparty.io.netty.util.concurrent.SingleThreadEventExecutor$5.run(SingleThreadEventExecutor.java:897)
	at org.apache.ratis.thirdparty.io.netty.util.concurrent.FastThreadLocalRunnable.run(FastThreadLocalRunnable.java:30)
	... 1 more
Caused by: java.net.ConnectException: Connection refused
	... 11 more
2019-10-15 21:19:07,733 [090573f1-c213-462e-b422-6463ca97c373@group-848D76B22711-LeaderElection1131] INFO  impl.RaftServerImpl (RaftServerImpl.java:setRole(184)) - 090573f1-c213-462e-b422-6463ca97c373@group-848D76B22711: changes role from CANDIDATE to FOLLOWER at term 157 for DISCOVERED_A_NEW_TERM
2019-10-15 21:19:07,733 [090573f1-c213-462e-b422-6463ca97c373@group-848D76B22711-LeaderElection1131] INFO  impl.RoleInfo (RoleInfo.java:shutdownLeaderElection(134)) - 090573f1-c213-462e-b422-6463ca97c373: shutdown LeaderElection
2019-10-15 21:19:07,734 [090573f1-c213-462e-b422-6463ca97c373@group-848D76B22711-LeaderElection1131] INFO  impl.RoleInfo (RoleInfo.java:updateAndGet(143)) - 090573f1-c213-462e-b422-6463ca97c373: start FollowerState
2019-10-15 21:19:07,905 [Thread-9578] INFO  impl.FollowerState (FollowerState.java:run(108)) - 090573f1-c213-462e-b422-6463ca97c373@group-848D76B22711-FollowerState: change to CANDIDATE, lastRpcTime:171ms, electionTimeout:171ms
2019-10-15 21:19:07,905 [Thread-9578] INFO  impl.RoleInfo (RoleInfo.java:shutdownFollowerState(121)) - 090573f1-c213-462e-b422-6463ca97c373: shutdown FollowerState
2019-10-15 21:19:07,905 [Thread-9578] INFO  impl.RaftServerImpl (RaftServerImpl.java:setRole(184)) - 090573f1-c213-462e-b422-6463ca97c373@group-848D76B22711: changes role from  FOLLOWER to CANDIDATE at term 157 for changeToCandidate
2019-10-15 21:19:07,905 [Thread-9578] INFO  impl.RoleInfo (RoleInfo.java:updateAndGet(143)) - 090573f1-c213-462e-b422-6463ca97c373: start LeaderElection
2019-10-15 21:19:07,912 [090573f1-c213-462e-b422-6463ca97c373@group-848D76B22711-LeaderElection1132] INFO  impl.LeaderElection (LeaderElection.java:askForVotes(178)) - 090573f1-c213-462e-b422-6463ca97c373@group-848D76B22711-LeaderElection1132: begin an election at term 158 for -1: [93d557fa-335e-4e3d-b2bb-e33832802906:192.168.69.102:43737, 090573f1-c213-462e-b422-6463ca97c373:192.168.69.102:43336, db364705-f60f-4be7-83db-fd25b014fd0b:192.168.69.102:41270], old=null
2019-10-15 21:19:07,913 [090573f1-c213-462e-b422-6463ca97c373@group-848D76B22711-LeaderElection1132] INFO  impl.LeaderElection (LogUtils.java:infoOrTrace(149)) - 090573f1-c213-462e-b422-6463ca97c373@group-848D76B22711-LeaderElection1132 got exception when requesting votes: {}
java.util.concurrent.ExecutionException: org.apache.ratis.thirdparty.io.grpc.StatusRuntimeException: UNAVAILABLE: io exception
	at java.util.concurrent.FutureTask.report(FutureTask.java:122)
	at java.util.concurrent.FutureTask.get(FutureTask.java:192)
	at org.apache.ratis.server.impl.LeaderElection.waitForResults(LeaderElection.java:259)
	at org.apache.ratis.server.impl.LeaderElection.askForVotes(LeaderElection.java:197)
	at org.apache.ratis.server.impl.LeaderElection.run(LeaderElection.java:133)
	at java.lang.Thread.run(Thread.java:748)
Caused by: org.apache.ratis.thirdparty.io.grpc.StatusRuntimeException: UNAVAILABLE: io exception
	at org.apache.ratis.thirdparty.io.grpc.stub.ClientCalls.toStatusRuntimeException(ClientCalls.java:233)
	at org.apache.ratis.thirdparty.io.grpc.stub.ClientCalls.getUnchecked(ClientCalls.java:214)
	at org.apache.ratis.thirdparty.io.grpc.stub.ClientCalls.blockingUnaryCall(ClientCalls.java:139)
	at org.apache.ratis.proto.grpc.RaftServerProtocolServiceGrpc$RaftServerProtocolServiceBlockingStub.requestVote(RaftServerProtocolServiceGrpc.java:265)
	at org.apache.ratis.grpc.server.GrpcServerProtocolClient.requestVote(GrpcServerProtocolClient.java:99)
	at org.apache.ratis.grpc.server.GrpcService.requestVote(GrpcService.java:204)
	at org.apache.ratis.server.impl.LeaderElection.lambda$submitRequests$1(LeaderElection.java:234)
	at java.util.concurrent.FutureTask.run(FutureTask.java:266)
	at java.util.concurrent.Executors$RunnableAdapter.call(Executors.java:511)
	at java.util.concurrent.FutureTask.run(FutureTask.java:266)
	at java.util.concurrent.ThreadPoolExecutor.runWorker(ThreadPoolExecutor.java:1149)
	at java.util.concurrent.ThreadPoolExecutor$Worker.run(ThreadPoolExecutor.java:624)
	... 1 more
Caused by: org.apache.ratis.thirdparty.io.netty.channel.AbstractChannel$AnnotatedConnectException: Connection refused: /192.168.69.102:43737
	at sun.nio.ch.SocketChannelImpl.checkConnect(Native Method)
	at sun.nio.ch.SocketChannelImpl.finishConnect(SocketChannelImpl.java:717)
	at org.apache.ratis.thirdparty.io.netty.channel.socket.nio.NioSocketChannel.doFinishConnect(NioSocketChannel.java:327)
	at org.apache.ratis.thirdparty.io.netty.channel.nio.AbstractNioChannel$AbstractNioUnsafe.finishConnect(AbstractNioChannel.java:340)
	at org.apache.ratis.thirdparty.io.netty.channel.nio.NioEventLoop.processSelectedKey(NioEventLoop.java:632)
	at org.apache.ratis.thirdparty.io.netty.channel.nio.NioEventLoop.processSelectedKeysOptimized(NioEventLoop.java:579)
	at org.apache.ratis.thirdparty.io.netty.channel.nio.NioEventLoop.processSelectedKeys(NioEventLoop.java:496)
	at org.apache.ratis.thirdparty.io.netty.channel.nio.NioEventLoop.run(NioEventLoop.java:458)
	at org.apache.ratis.thirdparty.io.netty.util.concurrent.SingleThreadEventExecutor$5.run(SingleThreadEventExecutor.java:897)
	at org.apache.ratis.thirdparty.io.netty.util.concurrent.FastThreadLocalRunnable.run(FastThreadLocalRunnable.java:30)
	... 1 more
Caused by: java.net.ConnectException: Connection refused
	... 11 more
2019-10-15 21:19:07,914 [grpc-default-executor-2] INFO  impl.RaftServerImpl (RaftServerImpl.java:setRole(184)) - db364705-f60f-4be7-83db-fd25b014fd0b@group-848D76B22711: changes role from  FOLLOWER to FOLLOWER at term 158 for recognizeCandidate:090573f1-c213-462e-b422-6463ca97c373
2019-10-15 21:19:07,914 [grpc-default-executor-2] INFO  impl.RoleInfo (RoleInfo.java:shutdownFollowerState(121)) - db364705-f60f-4be7-83db-fd25b014fd0b: shutdown FollowerState
2019-10-15 21:19:07,914 [grpc-default-executor-2] INFO  impl.RoleInfo (RoleInfo.java:updateAndGet(143)) - db364705-f60f-4be7-83db-fd25b014fd0b: start FollowerState
2019-10-15 21:19:07,914 [Thread-9577] INFO  impl.FollowerState (FollowerState.java:run(117)) - db364705-f60f-4be7-83db-fd25b014fd0b@group-848D76B22711-FollowerState was interrupted: java.lang.InterruptedException: sleep interrupted
2019-10-15 21:19:07,917 [090573f1-c213-462e-b422-6463ca97c373@group-848D76B22711-LeaderElection1132] INFO  impl.LeaderElection (LeaderElection.java:logAndReturn(56)) - 090573f1-c213-462e-b422-6463ca97c373@group-848D76B22711-LeaderElection1132: Election REJECTED; received 1 response(s) [090573f1-c213-462e-b422-6463ca97c373<-db364705-f60f-4be7-83db-fd25b014fd0b#0:FAIL-t158] and 1 exception(s); 090573f1-c213-462e-b422-6463ca97c373@group-848D76B22711:t158, leader=null, voted=090573f1-c213-462e-b422-6463ca97c373, raftlog=090573f1-c213-462e-b422-6463ca97c373@group-848D76B22711-SegmentedRaftLog:OPENED:c-1,f-1,i0, conf=-1: [93d557fa-335e-4e3d-b2bb-e33832802906:192.168.69.102:43737, 090573f1-c213-462e-b422-6463ca97c373:192.168.69.102:43336, db364705-f60f-4be7-83db-fd25b014fd0b:192.168.69.102:41270], old=null
2019-10-15 21:19:07,917 [090573f1-c213-462e-b422-6463ca97c373@group-848D76B22711-LeaderElection1132] INFO  impl.LeaderElection (LogUtils.java:infoOrTrace(149)) -   Exception 0: {}
java.util.concurrent.ExecutionException: org.apache.ratis.thirdparty.io.grpc.StatusRuntimeException: UNAVAILABLE: io exception
	at java.util.concurrent.FutureTask.report(FutureTask.java:122)
	at java.util.concurrent.FutureTask.get(FutureTask.java:192)
	at org.apache.ratis.server.impl.LeaderElection.waitForResults(LeaderElection.java:259)
	at org.apache.ratis.server.impl.LeaderElection.askForVotes(LeaderElection.java:197)
	at org.apache.ratis.server.impl.LeaderElection.run(LeaderElection.java:133)
	at java.lang.Thread.run(Thread.java:748)
Caused by: org.apache.ratis.thirdparty.io.grpc.StatusRuntimeException: UNAVAILABLE: io exception
	at org.apache.ratis.thirdparty.io.grpc.stub.ClientCalls.toStatusRuntimeException(ClientCalls.java:233)
	at org.apache.ratis.thirdparty.io.grpc.stub.ClientCalls.getUnchecked(ClientCalls.java:214)
	at org.apache.ratis.thirdparty.io.grpc.stub.ClientCalls.blockingUnaryCall(ClientCalls.java:139)
	at org.apache.ratis.proto.grpc.RaftServerProtocolServiceGrpc$RaftServerProtocolServiceBlockingStub.requestVote(RaftServerProtocolServiceGrpc.java:265)
	at org.apache.ratis.grpc.server.GrpcServerProtocolClient.requestVote(GrpcServerProtocolClient.java:99)
	at org.apache.ratis.grpc.server.GrpcService.requestVote(GrpcService.java:204)
	at org.apache.ratis.server.impl.LeaderElection.lambda$submitRequests$1(LeaderElection.java:234)
	at java.util.concurrent.FutureTask.run(FutureTask.java:266)
	at java.util.concurrent.Executors$RunnableAdapter.call(Executors.java:511)
	at java.util.concurrent.FutureTask.run(FutureTask.java:266)
	at java.util.concurrent.ThreadPoolExecutor.runWorker(ThreadPoolExecutor.java:1149)
	at java.util.concurrent.ThreadPoolExecutor$Worker.run(ThreadPoolExecutor.java:624)
	... 1 more
Caused by: org.apache.ratis.thirdparty.io.netty.channel.AbstractChannel$AnnotatedConnectException: Connection refused: /192.168.69.102:43737
	at sun.nio.ch.SocketChannelImpl.checkConnect(Native Method)
	at sun.nio.ch.SocketChannelImpl.finishConnect(SocketChannelImpl.java:717)
	at org.apache.ratis.thirdparty.io.netty.channel.socket.nio.NioSocketChannel.doFinishConnect(NioSocketChannel.java:327)
	at org.apache.ratis.thirdparty.io.netty.channel.nio.AbstractNioChannel$AbstractNioUnsafe.finishConnect(AbstractNioChannel.java:340)
	at org.apache.ratis.thirdparty.io.netty.channel.nio.NioEventLoop.processSelectedKey(NioEventLoop.java:632)
	at org.apache.ratis.thirdparty.io.netty.channel.nio.NioEventLoop.processSelectedKeysOptimized(NioEventLoop.java:579)
	at org.apache.ratis.thirdparty.io.netty.channel.nio.NioEventLoop.processSelectedKeys(NioEventLoop.java:496)
	at org.apache.ratis.thirdparty.io.netty.channel.nio.NioEventLoop.run(NioEventLoop.java:458)
	at org.apache.ratis.thirdparty.io.netty.util.concurrent.SingleThreadEventExecutor$5.run(SingleThreadEventExecutor.java:897)
	at org.apache.ratis.thirdparty.io.netty.util.concurrent.FastThreadLocalRunnable.run(FastThreadLocalRunnable.java:30)
	... 1 more
Caused by: java.net.ConnectException: Connection refused
	... 11 more
2019-10-15 21:19:07,918 [090573f1-c213-462e-b422-6463ca97c373@group-848D76B22711-LeaderElection1132] INFO  impl.RaftServerImpl (RaftServerImpl.java:setRole(184)) - 090573f1-c213-462e-b422-6463ca97c373@group-848D76B22711: changes role from CANDIDATE to FOLLOWER at term 158 for DISCOVERED_A_NEW_TERM
2019-10-15 21:19:07,918 [090573f1-c213-462e-b422-6463ca97c373@group-848D76B22711-LeaderElection1132] INFO  impl.RoleInfo (RoleInfo.java:shutdownLeaderElection(134)) - 090573f1-c213-462e-b422-6463ca97c373: shutdown LeaderElection
2019-10-15 21:19:07,918 [090573f1-c213-462e-b422-6463ca97c373@group-848D76B22711-LeaderElection1132] INFO  impl.RoleInfo (RoleInfo.java:updateAndGet(143)) - 090573f1-c213-462e-b422-6463ca97c373: start FollowerState
2019-10-15 21:19:07,937 [ForkJoinPool.commonPool-worker-1] INFO  ozoneimpl.OzoneContainer (OzoneContainer.java:stop(227)) - Attempting to stop container services.
2019-10-15 21:19:07,937 [main] INFO  ozoneimpl.OzoneContainer (OzoneContainer.java:stop(227)) - Attempting to stop container services.
2019-10-15 21:19:07,937 [ForkJoinPool.commonPool-worker-1] INFO  impl.RaftServerProxy (RaftServerProxy.java:lambda$close$4(314)) - 090573f1-c213-462e-b422-6463ca97c373: close
2019-10-15 21:19:07,937 [main] INFO  impl.RaftServerProxy (RaftServerProxy.java:lambda$close$4(314)) - db364705-f60f-4be7-83db-fd25b014fd0b: close
2019-10-15 21:19:07,937 [ForkJoinPool.commonPool-worker-1] INFO  impl.RaftServerImpl (RaftServerImpl.java:lambda$shutdown$3(261)) - 090573f1-c213-462e-b422-6463ca97c373@group-FB3B374425E2: shutdown
2019-10-15 21:19:07,938 [main] INFO  impl.RaftServerImpl (RaftServerImpl.java:lambda$shutdown$3(261)) - db364705-f60f-4be7-83db-fd25b014fd0b@group-499C0513E079: shutdown
2019-10-15 21:19:07,938 [ForkJoinPool.commonPool-worker-1] INFO  util.JmxRegister (JmxRegister.java:unregister(73)) - Successfully un-registered JMX Bean with object name Ratis:service=RaftServer,group=group-FB3B374425E2,id=090573f1-c213-462e-b422-6463ca97c373
2019-10-15 21:19:07,938 [main] INFO  util.JmxRegister (JmxRegister.java:unregister(73)) - Successfully un-registered JMX Bean with object name Ratis:service=RaftServer,group=group-499C0513E079,id=db364705-f60f-4be7-83db-fd25b014fd0b
2019-10-15 21:19:07,938 [ForkJoinPool.commonPool-worker-1] INFO  impl.RoleInfo (RoleInfo.java:shutdownLeaderState(104)) - 090573f1-c213-462e-b422-6463ca97c373: shutdown LeaderState
2019-10-15 21:19:07,938 [main] INFO  impl.RoleInfo (RoleInfo.java:shutdownLeaderState(104)) - db364705-f60f-4be7-83db-fd25b014fd0b: shutdown LeaderState
2019-10-15 21:19:07,938 [ForkJoinPool.commonPool-worker-1] INFO  impl.PendingRequests (PendingRequests.java:sendNotLeaderResponses(202)) - 090573f1-c213-462e-b422-6463ca97c373@group-FB3B374425E2-PendingRequests: sendNotLeaderResponses
2019-10-15 21:19:07,939 [main] INFO  impl.PendingRequests (PendingRequests.java:sendNotLeaderResponses(202)) - db364705-f60f-4be7-83db-fd25b014fd0b@group-499C0513E079-PendingRequests: sendNotLeaderResponses
2019-10-15 21:19:07,939 [ForkJoinPool.commonPool-worker-1] INFO  impl.StateMachineUpdater (StateMachineUpdater.java:stopAndJoin(136)) - 090573f1-c213-462e-b422-6463ca97c373@group-FB3B374425E2-StateMachineUpdater: set stopIndex = 0
2019-10-15 21:19:07,939 [main] INFO  impl.StateMachineUpdater (StateMachineUpdater.java:stopAndJoin(136)) - db364705-f60f-4be7-83db-fd25b014fd0b@group-499C0513E079-StateMachineUpdater: set stopIndex = 0
2019-10-15 21:19:07,939 [main] INFO  impl.RaftServerImpl (ServerState.java:close(388)) - db364705-f60f-4be7-83db-fd25b014fd0b@group-499C0513E079: closes. applyIndex: 0
2019-10-15 21:19:07,939 [ForkJoinPool.commonPool-worker-1] INFO  impl.RaftServerImpl (ServerState.java:close(388)) - 090573f1-c213-462e-b422-6463ca97c373@group-FB3B374425E2: closes. applyIndex: 0
2019-10-15 21:19:07,940 [db364705-f60f-4be7-83db-fd25b014fd0b@group-499C0513E079-SegmentedRaftLogWorker] INFO  segmented.SegmentedRaftLogWorker (SegmentedRaftLogWorker.java:run(316)) - db364705-f60f-4be7-83db-fd25b014fd0b@group-499C0513E079-SegmentedRaftLogWorker was interrupted, exiting. There are 0 tasks remaining in the queue.
2019-10-15 21:19:07,940 [090573f1-c213-462e-b422-6463ca97c373@group-FB3B374425E2-SegmentedRaftLogWorker] INFO  segmented.SegmentedRaftLogWorker (SegmentedRaftLogWorker.java:run(316)) - 090573f1-c213-462e-b422-6463ca97c373@group-FB3B374425E2-SegmentedRaftLogWorker was interrupted, exiting. There are 0 tasks remaining in the queue.
2019-10-15 21:19:07,943 [main] INFO  segmented.SegmentedRaftLogWorker (SegmentedRaftLogWorker.java:close(224)) - db364705-f60f-4be7-83db-fd25b014fd0b@group-499C0513E079-SegmentedRaftLogWorker close()
2019-10-15 21:19:07,944 [ForkJoinPool.commonPool-worker-1] INFO  segmented.SegmentedRaftLogWorker (SegmentedRaftLogWorker.java:close(224)) - 090573f1-c213-462e-b422-6463ca97c373@group-FB3B374425E2-SegmentedRaftLogWorker close()
2019-10-15 21:19:07,947 [main] INFO  impl.RaftServerImpl (RaftServerImpl.java:lambda$shutdown$3(261)) - db364705-f60f-4be7-83db-fd25b014fd0b@group-848D76B22711: shutdown
2019-10-15 21:19:07,950 [ForkJoinPool.commonPool-worker-1] INFO  impl.RaftServerImpl (RaftServerImpl.java:lambda$shutdown$3(261)) - 090573f1-c213-462e-b422-6463ca97c373@group-848D76B22711: shutdown
2019-10-15 21:19:07,950 [main] INFO  util.JmxRegister (JmxRegister.java:unregister(73)) - Successfully un-registered JMX Bean with object name Ratis:service=RaftServer,group=group-848D76B22711,id=db364705-f60f-4be7-83db-fd25b014fd0b
2019-10-15 21:19:07,951 [ForkJoinPool.commonPool-worker-1] INFO  util.JmxRegister (JmxRegister.java:unregister(73)) - Successfully un-registered JMX Bean with object name Ratis:service=RaftServer,group=group-848D76B22711,id=090573f1-c213-462e-b422-6463ca97c373
2019-10-15 21:19:07,951 [main] INFO  impl.RoleInfo (RoleInfo.java:shutdownFollowerState(121)) - db364705-f60f-4be7-83db-fd25b014fd0b: shutdown FollowerState
2019-10-15 21:19:07,951 [ForkJoinPool.commonPool-worker-1] INFO  impl.RoleInfo (RoleInfo.java:shutdownFollowerState(121)) - 090573f1-c213-462e-b422-6463ca97c373: shutdown FollowerState
2019-10-15 21:19:07,951 [Thread-9584] INFO  impl.FollowerState (FollowerState.java:run(117)) - db364705-f60f-4be7-83db-fd25b014fd0b@group-848D76B22711-FollowerState was interrupted: java.lang.InterruptedException: sleep interrupted
2019-10-15 21:19:07,951 [main] INFO  impl.StateMachineUpdater (StateMachineUpdater.java:stopAndJoin(136)) - db364705-f60f-4be7-83db-fd25b014fd0b@group-848D76B22711-StateMachineUpdater: set stopIndex = -1
2019-10-15 21:19:07,952 [main] INFO  impl.RaftServerImpl (ServerState.java:close(388)) - db364705-f60f-4be7-83db-fd25b014fd0b@group-848D76B22711: closes. applyIndex: -1
2019-10-15 21:19:07,951 [Thread-9585] INFO  impl.FollowerState (FollowerState.java:run(117)) - 090573f1-c213-462e-b422-6463ca97c373@group-848D76B22711-FollowerState was interrupted: java.lang.InterruptedException: sleep interrupted
2019-10-15 21:19:07,951 [ForkJoinPool.commonPool-worker-1] INFO  impl.StateMachineUpdater (StateMachineUpdater.java:stopAndJoin(136)) - 090573f1-c213-462e-b422-6463ca97c373@group-848D76B22711-StateMachineUpdater: set stopIndex = -1
2019-10-15 21:19:07,952 [db364705-f60f-4be7-83db-fd25b014fd0b@group-848D76B22711-SegmentedRaftLogWorker] INFO  segmented.SegmentedRaftLogWorker (SegmentedRaftLogWorker.java:run(316)) - db364705-f60f-4be7-83db-fd25b014fd0b@group-848D76B22711-SegmentedRaftLogWorker was interrupted, exiting. There are 0 tasks remaining in the queue.
2019-10-15 21:19:07,952 [ForkJoinPool.commonPool-worker-1] INFO  impl.RaftServerImpl (ServerState.java:close(388)) - 090573f1-c213-462e-b422-6463ca97c373@group-848D76B22711: closes. applyIndex: -1
2019-10-15 21:19:07,954 [main] INFO  segmented.SegmentedRaftLogWorker (SegmentedRaftLogWorker.java:close(224)) - db364705-f60f-4be7-83db-fd25b014fd0b@group-848D76B22711-SegmentedRaftLogWorker close()
2019-10-15 21:19:07,954 [090573f1-c213-462e-b422-6463ca97c373@group-848D76B22711-SegmentedRaftLogWorker] INFO  segmented.SegmentedRaftLogWorker (SegmentedRaftLogWorker.java:run(316)) - 090573f1-c213-462e-b422-6463ca97c373@group-848D76B22711-SegmentedRaftLogWorker was interrupted, exiting. There are 0 tasks remaining in the queue.
2019-10-15 21:19:07,954 [ForkJoinPool.commonPool-worker-1] INFO  segmented.SegmentedRaftLogWorker (SegmentedRaftLogWorker.java:close(224)) - 090573f1-c213-462e-b422-6463ca97c373@group-848D76B22711-SegmentedRaftLogWorker close()
2019-10-15 21:19:07,968 [main] INFO  server.GrpcService (GrpcService.java:closeImpl(164)) - db364705-f60f-4be7-83db-fd25b014fd0b: shutdown server with port 41270 now
2019-10-15 21:19:07,968 [ForkJoinPool.commonPool-worker-1] INFO  server.GrpcService (GrpcService.java:closeImpl(164)) - 090573f1-c213-462e-b422-6463ca97c373: shutdown server with port 43336 now
2019-10-15 21:19:07,971 [main] INFO  server.GrpcService (GrpcService.java:closeImpl(172)) - db364705-f60f-4be7-83db-fd25b014fd0b: shutdown server with port 41270 successfully
2019-10-15 21:19:07,971 [ForkJoinPool.commonPool-worker-1] INFO  server.GrpcService (GrpcService.java:closeImpl(172)) - 090573f1-c213-462e-b422-6463ca97c373: shutdown server with port 43336 successfully
2019-10-15 21:19:07,973 [refreshUsed-/workdir/hadoop-ozone/integration-test/target/test-dir/MiniOzoneClusterImpl-31458ddc-69ad-405c-a8b1-f839bd3d9382/datanode-5/data/containers] WARN  fs.CachingGetSpaceUsed (CachingGetSpaceUsed.java:run(183)) - Thread Interrupted waiting to refresh disk information: sleep interrupted
2019-10-15 21:19:07,975 [refreshUsed-/workdir/hadoop-ozone/integration-test/target/test-dir/MiniOzoneClusterImpl-31458ddc-69ad-405c-a8b1-f839bd3d9382/datanode-2/data/containers] WARN  fs.CachingGetSpaceUsed (CachingGetSpaceUsed.java:run(183)) - Thread Interrupted waiting to refresh disk information: sleep interrupted
2019-10-15 21:19:07,991 [main] INFO  utils.BackgroundService (BackgroundService.java:shutdown(151)) - Shutting down service BlockDeletingService
2019-10-15 21:19:08,007 [main] INFO  statemachine.DatanodeStateMachine (DatanodeStateMachine.java:stopDaemon(395)) - Ozone container server stopped.
2019-10-15 21:19:08,008 [ForkJoinPool.commonPool-worker-1] INFO  utils.BackgroundService (BackgroundService.java:shutdown(151)) - Shutting down service BlockDeletingService
2019-10-15 21:19:08,010 [ForkJoinPool.commonPool-worker-1] INFO  statemachine.DatanodeStateMachine (DatanodeStateMachine.java:stopDaemon(395)) - Ozone container server stopped.
2019-10-15 21:19:08,013 [main] INFO  handler.ContextHandler (ContextHandler.java:doStop(910)) - Stopped o.e.j.w.WebAppContext@66020d69{/,null,UNAVAILABLE}{/hddsDatanode}
2019-10-15 21:19:08,015 [ForkJoinPool.commonPool-worker-1] INFO  handler.ContextHandler (ContextHandler.java:doStop(910)) - Stopped o.e.j.w.WebAppContext@52621501{/,null,UNAVAILABLE}{/hddsDatanode}
2019-10-15 21:19:08,015 [main] INFO  server.AbstractConnector (AbstractConnector.java:doStop(318)) - Stopped ServerConnector@3751acd7{HTTP/1.1,[http/1.1]}{0.0.0.0:0}
2019-10-15 21:19:08,015 [ForkJoinPool.commonPool-worker-1] INFO  server.AbstractConnector (AbstractConnector.java:doStop(318)) - Stopped ServerConnector@401e02b4{HTTP/1.1,[http/1.1]}{0.0.0.0:0}
2019-10-15 21:19:08,017 [ForkJoinPool.commonPool-worker-1] INFO  handler.ContextHandler (ContextHandler.java:doStop(910)) - Stopped o.e.j.s.ServletContextHandler@5002fde9{/static,jar:file:/home/user/.m2/repository/org/apache/hadoop/hadoop-hdds-container-service/0.5.0-SNAPSHOT/hadoop-hdds-container-service-0.5.0-SNAPSHOT.jar!/webapps/static,UNAVAILABLE}
2019-10-15 21:19:08,017 [main] INFO  handler.ContextHandler (ContextHandler.java:doStop(910)) - Stopped o.e.j.s.ServletContextHandler@6d969330{/static,jar:file:/home/user/.m2/repository/org/apache/hadoop/hadoop-hdds-container-service/0.5.0-SNAPSHOT/hadoop-hdds-container-service-0.5.0-SNAPSHOT.jar!/webapps/static,UNAVAILABLE}
2019-10-15 21:19:08,018 [ForkJoinPool.commonPool-worker-1] INFO  handler.ContextHandler (ContextHandler.java:doStop(910)) - Stopped o.e.j.s.ServletContextHandler@426c0486{/logs,file:///workdir/hadoop-ozone/integration-test/target/log,UNAVAILABLE}
2019-10-15 21:19:08,019 [main] INFO  handler.ContextHandler (ContextHandler.java:doStop(910)) - Stopped o.e.j.s.ServletContextHandler@7f6b7426{/logs,file:///workdir/hadoop-ozone/integration-test/target/log,UNAVAILABLE}
2019-10-15 21:19:08,175 [Datanode State Machine Thread - 0] INFO  statemachine.DatanodeStateMachine (DatanodeStateMachine.java:lambda$startDaemon$0(350)) - Ozone container server started.
2019-10-15 21:19:08,740 [Datanode State Machine Thread - 0] INFO  statemachine.DatanodeStateMachine (DatanodeStateMachine.java:lambda$startDaemon$0(350)) - Ozone container server started.
2019-10-15 21:19:13,020 [ForkJoinPool.commonPool-worker-1] INFO  ozoneimpl.OzoneContainer (OzoneContainer.java:stop(227)) - Attempting to stop container services.
2019-10-15 21:19:13,020 [main] INFO  ozoneimpl.OzoneContainer (OzoneContainer.java:stop(227)) - Attempting to stop container services.
2019-10-15 21:19:13,021 [ForkJoinPool.commonPool-worker-1] INFO  impl.RaftServerProxy (RaftServerProxy.java:lambda$close$4(314)) - c2130dde-588e-42a9-bf71-2215e165583f: close
2019-10-15 21:19:13,021 [main] INFO  impl.RaftServerProxy (RaftServerProxy.java:lambda$close$4(314)) - e66d25fa-4711-4065-821e-74242ad152cb: close
2019-10-15 21:19:13,021 [ForkJoinPool.commonPool-worker-1] INFO  impl.RaftServerImpl (RaftServerImpl.java:lambda$shutdown$3(261)) - c2130dde-588e-42a9-bf71-2215e165583f@group-BE7980CB5568: shutdown
2019-10-15 21:19:13,021 [main] INFO  impl.RaftServerImpl (RaftServerImpl.java:lambda$shutdown$3(261)) - e66d25fa-4711-4065-821e-74242ad152cb@group-2C98C0445E28: shutdown
2019-10-15 21:19:13,022 [ForkJoinPool.commonPool-worker-1] INFO  util.JmxRegister (JmxRegister.java:unregister(73)) - Successfully un-registered JMX Bean with object name Ratis:service=RaftServer,group=group-BE7980CB5568,id=c2130dde-588e-42a9-bf71-2215e165583f
2019-10-15 21:19:13,022 [main] INFO  util.JmxRegister (JmxRegister.java:unregister(73)) - Successfully un-registered JMX Bean with object name Ratis:service=RaftServer,group=group-2C98C0445E28,id=e66d25fa-4711-4065-821e-74242ad152cb
2019-10-15 21:19:13,022 [main] INFO  impl.RoleInfo (RoleInfo.java:shutdownFollowerState(121)) - e66d25fa-4711-4065-821e-74242ad152cb: shutdown FollowerState
2019-10-15 21:19:13,022 [ForkJoinPool.commonPool-worker-1] INFO  impl.RoleInfo (RoleInfo.java:shutdownLeaderState(104)) - c2130dde-588e-42a9-bf71-2215e165583f: shutdown LeaderState
2019-10-15 21:19:13,022 [Thread-8513] INFO  impl.FollowerState (FollowerState.java:run(117)) - e66d25fa-4711-4065-821e-74242ad152cb@group-2C98C0445E28-FollowerState was interrupted: java.lang.InterruptedException: sleep interrupted
2019-10-15 21:19:13,022 [main] INFO  impl.StateMachineUpdater (StateMachineUpdater.java:stopAndJoin(136)) - e66d25fa-4711-4065-821e-74242ad152cb@group-2C98C0445E28-StateMachineUpdater: set stopIndex = 12
2019-10-15 21:19:13,023 [ForkJoinPool.commonPool-worker-1] INFO  impl.PendingRequests (PendingRequests.java:sendNotLeaderResponses(202)) - c2130dde-588e-42a9-bf71-2215e165583f@group-BE7980CB5568-PendingRequests: sendNotLeaderResponses
2019-10-15 21:19:13,023 [e66d25fa-4711-4065-821e-74242ad152cb@group-2C98C0445E28-StateMachineUpdater] INFO  ratis.ContainerStateMachine (ContainerStateMachine.java:takeSnapshot(294)) - group-2C98C0445E28: Taking a snapshot at:(t:1, i:12) file /workdir/hadoop-ozone/integration-test/target/test-dir/MiniOzoneClusterImpl-31458ddc-69ad-405c-a8b1-f839bd3d9382/datanode-6/data/ratis/b6171856-9d25-406a-b188-2c98c0445e28/sm/snapshot.1_12
2019-10-15 21:19:13,023 [ForkJoinPool.commonPool-worker-1] INFO  impl.StateMachineUpdater (StateMachineUpdater.java:stopAndJoin(136)) - c2130dde-588e-42a9-bf71-2215e165583f@group-BE7980CB5568-StateMachineUpdater: set stopIndex = 0
2019-10-15 21:19:13,024 [ForkJoinPool.commonPool-worker-1] INFO  impl.RaftServerImpl (ServerState.java:close(388)) - c2130dde-588e-42a9-bf71-2215e165583f@group-BE7980CB5568: closes. applyIndex: 0
2019-10-15 21:19:13,024 [c2130dde-588e-42a9-bf71-2215e165583f@group-BE7980CB5568-SegmentedRaftLogWorker] INFO  segmented.SegmentedRaftLogWorker (SegmentedRaftLogWorker.java:run(316)) - c2130dde-588e-42a9-bf71-2215e165583f@group-BE7980CB5568-SegmentedRaftLogWorker was interrupted, exiting. There are 0 tasks remaining in the queue.
2019-10-15 21:19:13,027 [ForkJoinPool.commonPool-worker-1] INFO  segmented.SegmentedRaftLogWorker (SegmentedRaftLogWorker.java:close(224)) - c2130dde-588e-42a9-bf71-2215e165583f@group-BE7980CB5568-SegmentedRaftLogWorker close()
2019-10-15 21:19:13,030 [ForkJoinPool.commonPool-worker-1] INFO  impl.RaftServerImpl (RaftServerImpl.java:lambda$shutdown$3(261)) - c2130dde-588e-42a9-bf71-2215e165583f@group-3A863E456FC8: shutdown
2019-10-15 21:19:13,030 [ForkJoinPool.commonPool-worker-1] INFO  util.JmxRegister (JmxRegister.java:unregister(73)) - Successfully un-registered JMX Bean with object name Ratis:service=RaftServer,group=group-3A863E456FC8,id=c2130dde-588e-42a9-bf71-2215e165583f
2019-10-15 21:19:13,030 [ForkJoinPool.commonPool-worker-1] INFO  impl.RoleInfo (RoleInfo.java:shutdownFollowerState(121)) - c2130dde-588e-42a9-bf71-2215e165583f: shutdown FollowerState
2019-10-15 21:19:13,030 [ForkJoinPool.commonPool-worker-1] INFO  impl.StateMachineUpdater (StateMachineUpdater.java:stopAndJoin(136)) - c2130dde-588e-42a9-bf71-2215e165583f@group-3A863E456FC8-StateMachineUpdater: set stopIndex = 0
2019-10-15 21:19:13,030 [ForkJoinPool.commonPool-worker-1] INFO  impl.RaftServerImpl (ServerState.java:close(388)) - c2130dde-588e-42a9-bf71-2215e165583f@group-3A863E456FC8: closes. applyIndex: 0
2019-10-15 21:19:13,030 [Thread-8410] INFO  impl.FollowerState (FollowerState.java:run(117)) - c2130dde-588e-42a9-bf71-2215e165583f@group-3A863E456FC8-FollowerState was interrupted: java.lang.InterruptedException: sleep interrupted
2019-10-15 21:19:13,031 [c2130dde-588e-42a9-bf71-2215e165583f@group-3A863E456FC8-SegmentedRaftLogWorker] INFO  segmented.SegmentedRaftLogWorker (SegmentedRaftLogWorker.java:run(316)) - c2130dde-588e-42a9-bf71-2215e165583f@group-3A863E456FC8-SegmentedRaftLogWorker was interrupted, exiting. There are 0 tasks remaining in the queue.
2019-10-15 21:19:13,030 [e66d25fa-4711-4065-821e-74242ad152cb@group-2C98C0445E28-StateMachineUpdater] INFO  ratis.ContainerStateMachine (ContainerStateMachine.java:takeSnapshot(305)) - group-2C98C0445E28: Finished taking a snapshot at:(t:1, i:12) file:/workdir/hadoop-ozone/integration-test/target/test-dir/MiniOzoneClusterImpl-31458ddc-69ad-405c-a8b1-f839bd3d9382/datanode-6/data/ratis/b6171856-9d25-406a-b188-2c98c0445e28/sm/snapshot.1_12 time:8
2019-10-15 21:19:13,032 [ForkJoinPool.commonPool-worker-1] INFO  segmented.SegmentedRaftLogWorker (SegmentedRaftLogWorker.java:close(224)) - c2130dde-588e-42a9-bf71-2215e165583f@group-3A863E456FC8-SegmentedRaftLogWorker close()
2019-10-15 21:19:13,032 [e66d25fa-4711-4065-821e-74242ad152cb@group-2C98C0445E28-StateMachineUpdater] INFO  impl.StateMachineUpdater (StateMachineUpdater.java:takeSnapshot(269)) - e66d25fa-4711-4065-821e-74242ad152cb@group-2C98C0445E28-StateMachineUpdater: Took a snapshot at index 12
2019-10-15 21:19:13,035 [ForkJoinPool.commonPool-worker-1] INFO  server.GrpcService (GrpcService.java:closeImpl(164)) - c2130dde-588e-42a9-bf71-2215e165583f: shutdown server with port 45437 now
2019-10-15 21:19:13,035 [e66d25fa-4711-4065-821e-74242ad152cb@group-2C98C0445E28-StateMachineUpdater] INFO  impl.StateMachineUpdater (StateMachineUpdater.java:lambda$new$0(84)) - e66d25fa-4711-4065-821e-74242ad152cb@group-2C98C0445E28-StateMachineUpdater: snapshotIndex: updateIncreasingly -1 -> 12
2019-10-15 21:19:13,037 [main] INFO  impl.RaftServerImpl (ServerState.java:close(388)) - e66d25fa-4711-4065-821e-74242ad152cb@group-2C98C0445E28: closes. applyIndex: 12
2019-10-15 21:19:13,037 [e66d25fa-4711-4065-821e-74242ad152cb@group-2C98C0445E28-SegmentedRaftLogWorker] INFO  segmented.SegmentedRaftLogWorker (SegmentedRaftLogWorker.java:run(316)) - e66d25fa-4711-4065-821e-74242ad152cb@group-2C98C0445E28-SegmentedRaftLogWorker was interrupted, exiting. There are 0 tasks remaining in the queue.
2019-10-15 21:19:13,038 [grpc-default-executor-2] WARN  server.GrpcServerProtocolService (LogUtils.java:warn(134)) - c2130dde-588e-42a9-bf71-2215e165583f: installSnapshot onError, lastRequest: a27cc913-8f64-4948-968f-b26bd365b697->c2130dde-588e-42a9-bf71-2215e165583f#52-t1, previous=(t:1, i:0), leaderCommit=0, initializing? false, entries: <empty>: org.apache.ratis.thirdparty.io.grpc.StatusRuntimeException: CANCELLED: cancelled before receiving half close
2019-10-15 21:19:13,038 [ForkJoinPool.commonPool-worker-1] INFO  server.GrpcService (GrpcService.java:closeImpl(172)) - c2130dde-588e-42a9-bf71-2215e165583f: shutdown server with port 45437 successfully
2019-10-15 21:19:13,039 [grpc-default-executor-12] WARN  server.GrpcLogAppender (LogUtils.java:warn(134)) - a27cc913-8f64-4948-968f-b26bd365b697@group-3A863E456FC8->c2130dde-588e-42a9-bf71-2215e165583f-AppendLogResponseHandler: Failed appendEntries: org.apache.ratis.thirdparty.io.grpc.StatusRuntimeException: CANCELLED: HTTP/2 error code: CANCEL
Received Rst Stream
2019-10-15 21:19:13,040 [main] INFO  segmented.SegmentedRaftLogWorker (SegmentedRaftLogWorker.java:close(224)) - e66d25fa-4711-4065-821e-74242ad152cb@group-2C98C0445E28-SegmentedRaftLogWorker close()
2019-10-15 21:19:13,041 [refreshUsed-/workdir/hadoop-ozone/integration-test/target/test-dir/MiniOzoneClusterImpl-31458ddc-69ad-405c-a8b1-f839bd3d9382/datanode-3/data/containers] WARN  fs.CachingGetSpaceUsed (CachingGetSpaceUsed.java:run(183)) - Thread Interrupted waiting to refresh disk information: sleep interrupted
2019-10-15 21:19:13,050 [ForkJoinPool.commonPool-worker-1] INFO  utils.BackgroundService (BackgroundService.java:shutdown(151)) - Shutting down service BlockDeletingService
2019-10-15 21:19:13,055 [ForkJoinPool.commonPool-worker-1] INFO  statemachine.DatanodeStateMachine (DatanodeStateMachine.java:stopDaemon(395)) - Ozone container server stopped.
2019-10-15 21:19:13,055 [main] INFO  impl.RaftServerImpl (RaftServerImpl.java:lambda$shutdown$3(261)) - e66d25fa-4711-4065-821e-74242ad152cb@group-3ABCB13D7792: shutdown
2019-10-15 21:19:13,057 [main] INFO  util.JmxRegister (JmxRegister.java:unregister(73)) - Successfully un-registered JMX Bean with object name Ratis:service=RaftServer,group=group-3ABCB13D7792,id=e66d25fa-4711-4065-821e-74242ad152cb
2019-10-15 21:19:13,058 [main] INFO  impl.RoleInfo (RoleInfo.java:shutdownLeaderState(104)) - e66d25fa-4711-4065-821e-74242ad152cb: shutdown LeaderState
2019-10-15 21:19:13,060 [main] INFO  impl.PendingRequests (PendingRequests.java:sendNotLeaderResponses(202)) - e66d25fa-4711-4065-821e-74242ad152cb@group-3ABCB13D7792-PendingRequests: sendNotLeaderResponses
2019-10-15 21:19:13,061 [ForkJoinPool.commonPool-worker-1] INFO  handler.ContextHandler (ContextHandler.java:doStop(910)) - Stopped o.e.j.w.WebAppContext@17216605{/,null,UNAVAILABLE}{/hddsDatanode}
2019-10-15 21:19:13,062 [main] INFO  impl.StateMachineUpdater (StateMachineUpdater.java:stopAndJoin(136)) - e66d25fa-4711-4065-821e-74242ad152cb@group-3ABCB13D7792-StateMachineUpdater: set stopIndex = 0
2019-10-15 21:19:13,062 [main] INFO  impl.RaftServerImpl (ServerState.java:close(388)) - e66d25fa-4711-4065-821e-74242ad152cb@group-3ABCB13D7792: closes. applyIndex: 0
2019-10-15 21:19:13,062 [ForkJoinPool.commonPool-worker-1] INFO  server.AbstractConnector (AbstractConnector.java:doStop(318)) - Stopped ServerConnector@10a907ec{HTTP/1.1,[http/1.1]}{0.0.0.0:0}
2019-10-15 21:19:13,064 [e66d25fa-4711-4065-821e-74242ad152cb@group-3ABCB13D7792-SegmentedRaftLogWorker] INFO  segmented.SegmentedRaftLogWorker (SegmentedRaftLogWorker.java:run(316)) - e66d25fa-4711-4065-821e-74242ad152cb@group-3ABCB13D7792-SegmentedRaftLogWorker was interrupted, exiting. There are 0 tasks remaining in the queue.
2019-10-15 21:19:13,067 [main] INFO  segmented.SegmentedRaftLogWorker (SegmentedRaftLogWorker.java:close(224)) - e66d25fa-4711-4065-821e-74242ad152cb@group-3ABCB13D7792-SegmentedRaftLogWorker close()
2019-10-15 21:19:13,071 [main] INFO  server.GrpcService (GrpcService.java:closeImpl(164)) - e66d25fa-4711-4065-821e-74242ad152cb: shutdown server with port 39961 now
2019-10-15 21:19:13,071 [ForkJoinPool.commonPool-worker-1] INFO  handler.ContextHandler (ContextHandler.java:doStop(910)) - Stopped o.e.j.s.ServletContextHandler@267891bf{/static,jar:file:/home/user/.m2/repository/org/apache/hadoop/hadoop-hdds-container-service/0.5.0-SNAPSHOT/hadoop-hdds-container-service-0.5.0-SNAPSHOT.jar!/webapps/static,UNAVAILABLE}
2019-10-15 21:19:13,073 [ForkJoinPool.commonPool-worker-1] INFO  handler.ContextHandler (ContextHandler.java:doStop(910)) - Stopped o.e.j.s.ServletContextHandler@20216016{/logs,file:///workdir/hadoop-ozone/integration-test/target/log,UNAVAILABLE}
2019-10-15 21:19:13,074 [main] INFO  server.GrpcService (GrpcService.java:closeImpl(172)) - e66d25fa-4711-4065-821e-74242ad152cb: shutdown server with port 39961 successfully
2019-10-15 21:19:13,074 [grpc-default-executor-12] WARN  server.GrpcServerProtocolService (LogUtils.java:warn(134)) - e66d25fa-4711-4065-821e-74242ad152cb: installSnapshot onError, lastRequest: 8cb7ea3b-ad52-4b28-856c-a59c42ac9757->e66d25fa-4711-4065-821e-74242ad152cb#62-t1, previous=(t:1, i:12), leaderCommit=12, initializing? false, entries: <empty>: org.apache.ratis.thirdparty.io.grpc.StatusRuntimeException: CANCELLED: cancelled before receiving half close
2019-10-15 21:19:13,074 [grpc-default-executor-7] WARN  server.GrpcLogAppender (LogUtils.java:warn(134)) - 8cb7ea3b-ad52-4b28-856c-a59c42ac9757@group-2C98C0445E28->e66d25fa-4711-4065-821e-74242ad152cb-AppendLogResponseHandler: Failed appendEntries: org.apache.ratis.thirdparty.io.grpc.StatusRuntimeException: CANCELLED: HTTP/2 error code: CANCEL
Received Rst Stream
2019-10-15 21:19:13,087 [refreshUsed-/workdir/hadoop-ozone/integration-test/target/test-dir/MiniOzoneClusterImpl-31458ddc-69ad-405c-a8b1-f839bd3d9382/datanode-6/data/containers] WARN  fs.CachingGetSpaceUsed (CachingGetSpaceUsed.java:run(183)) - Thread Interrupted waiting to refresh disk information: sleep interrupted
2019-10-15 21:19:13,101 [main] INFO  utils.BackgroundService (BackgroundService.java:shutdown(151)) - Shutting down service BlockDeletingService
2019-10-15 21:19:13,104 [main] INFO  statemachine.DatanodeStateMachine (DatanodeStateMachine.java:stopDaemon(395)) - Ozone container server stopped.
2019-10-15 21:19:13,105 [main] INFO  handler.ContextHandler (ContextHandler.java:doStop(910)) - Stopped o.e.j.w.WebAppContext@6bb4cc0e{/,null,UNAVAILABLE}{/hddsDatanode}
2019-10-15 21:19:13,106 [main] INFO  server.AbstractConnector (AbstractConnector.java:doStop(318)) - Stopped ServerConnector@5cc1bf20{HTTP/1.1,[http/1.1]}{0.0.0.0:0}
2019-10-15 21:19:13,106 [main] INFO  handler.ContextHandler (ContextHandler.java:doStop(910)) - Stopped o.e.j.s.ServletContextHandler@401317a0{/static,jar:file:/home/user/.m2/repository/org/apache/hadoop/hadoop-hdds-container-service/0.5.0-SNAPSHOT/hadoop-hdds-container-service-0.5.0-SNAPSHOT.jar!/webapps/static,UNAVAILABLE}
2019-10-15 21:19:13,106 [main] INFO  handler.ContextHandler (ContextHandler.java:doStop(910)) - Stopped o.e.j.s.ServletContextHandler@b5d9f1e{/logs,file:///workdir/hadoop-ozone/integration-test/target/log,UNAVAILABLE}
2019-10-15 21:19:13,177 [Datanode State Machine Thread - 0] INFO  statemachine.DatanodeStateMachine (DatanodeStateMachine.java:lambda$startDaemon$0(350)) - Ozone container server started.
2019-10-15 21:19:13,823 [Datanode State Machine Thread - 0] INFO  statemachine.DatanodeStateMachine (DatanodeStateMachine.java:lambda$startDaemon$0(350)) - Ozone container server started.
2019-10-15 21:19:16,226 [java.util.concurrent.ThreadPoolExecutor$Worker@10a62ebb[State = -1, empty queue]] WARN  server.GrpcLogAppender (GrpcLogAppender.java:timeoutAppendRequest(209)) - a27cc913-8f64-4948-968f-b26bd365b697@group-3A863E456FC8->c2130dde-588e-42a9-bf71-2215e165583f-GrpcLogAppender: appendEntries Timeout, request=a27cc913-8f64-4948-968f-b26bd365b697->c2130dde-588e-42a9-bf71-2215e165583f#53-t1, previous=(t:1, i:0), leaderCommit=0, initializing? false, entries: <empty>
2019-10-15 21:19:16,403 [java.util.concurrent.ThreadPoolExecutor$Worker@55d0dacb[State = -1, empty queue]] WARN  server.GrpcLogAppender (GrpcLogAppender.java:timeoutAppendRequest(209)) - 8cb7ea3b-ad52-4b28-856c-a59c42ac9757@group-2C98C0445E28->e66d25fa-4711-4065-821e-74242ad152cb-GrpcLogAppender: appendEntries Timeout, request=8cb7ea3b-ad52-4b28-856c-a59c42ac9757->e66d25fa-4711-4065-821e-74242ad152cb#63-t1, previous=(t:1, i:12), leaderCommit=12, initializing? false, entries: <empty>
2019-10-15 21:19:16,726 [java.util.concurrent.ThreadPoolExecutor$Worker@10a62ebb[State = -1, empty queue]] WARN  server.GrpcLogAppender (GrpcLogAppender.java:timeoutAppendRequest(209)) - a27cc913-8f64-4948-968f-b26bd365b697@group-3A863E456FC8->c2130dde-588e-42a9-bf71-2215e165583f-GrpcLogAppender: appendEntries Timeout, request=a27cc913-8f64-4948-968f-b26bd365b697->c2130dde-588e-42a9-bf71-2215e165583f#54-t1, previous=(t:1, i:0), leaderCommit=0, initializing? false, entries: <empty>
2019-10-15 21:19:16,903 [java.util.concurrent.ThreadPoolExecutor$Worker@55d0dacb[State = -1, empty queue]] WARN  server.GrpcLogAppender (GrpcLogAppender.java:timeoutAppendRequest(209)) - 8cb7ea3b-ad52-4b28-856c-a59c42ac9757@group-2C98C0445E28->e66d25fa-4711-4065-821e-74242ad152cb-GrpcLogAppender: appendEntries Timeout, request=8cb7ea3b-ad52-4b28-856c-a59c42ac9757->e66d25fa-4711-4065-821e-74242ad152cb#64-t1, previous=(t:1, i:12), leaderCommit=12, initializing? false, entries: <empty>
2019-10-15 21:19:17,227 [java.util.concurrent.ThreadPoolExecutor$Worker@10a62ebb[State = -1, empty queue]] WARN  server.GrpcLogAppender (GrpcLogAppender.java:timeoutAppendRequest(209)) - a27cc913-8f64-4948-968f-b26bd365b697@group-3A863E456FC8->c2130dde-588e-42a9-bf71-2215e165583f-GrpcLogAppender: appendEntries Timeout, request=a27cc913-8f64-4948-968f-b26bd365b697->c2130dde-588e-42a9-bf71-2215e165583f#55-t1, previous=(t:1, i:0), leaderCommit=0, initializing? false, entries: <empty>
2019-10-15 21:19:17,404 [java.util.concurrent.ThreadPoolExecutor$Worker@55d0dacb[State = -1, empty queue]] WARN  server.GrpcLogAppender (GrpcLogAppender.java:timeoutAppendRequest(209)) - 8cb7ea3b-ad52-4b28-856c-a59c42ac9757@group-2C98C0445E28->e66d25fa-4711-4065-821e-74242ad152cb-GrpcLogAppender: appendEntries Timeout, request=8cb7ea3b-ad52-4b28-856c-a59c42ac9757->e66d25fa-4711-4065-821e-74242ad152cb#65-t1, previous=(t:1, i:12), leaderCommit=12, initializing? false, entries: <empty>
2019-10-15 21:19:17,727 [java.util.concurrent.ThreadPoolExecutor$Worker@10a62ebb[State = -1, empty queue]] WARN  server.GrpcLogAppender (GrpcLogAppender.java:timeoutAppendRequest(209)) - a27cc913-8f64-4948-968f-b26bd365b697@group-3A863E456FC8->c2130dde-588e-42a9-bf71-2215e165583f-GrpcLogAppender: appendEntries Timeout, request=a27cc913-8f64-4948-968f-b26bd365b697->c2130dde-588e-42a9-bf71-2215e165583f#56-t1, previous=(t:1, i:0), leaderCommit=0, initializing? false, entries: <empty>
2019-10-15 21:19:17,904 [java.util.concurrent.ThreadPoolExecutor$Worker@55d0dacb[State = -1, empty queue]] WARN  server.GrpcLogAppender (GrpcLogAppender.java:timeoutAppendRequest(209)) - 8cb7ea3b-ad52-4b28-856c-a59c42ac9757@group-2C98C0445E28->e66d25fa-4711-4065-821e-74242ad152cb-GrpcLogAppender: appendEntries Timeout, request=8cb7ea3b-ad52-4b28-856c-a59c42ac9757->e66d25fa-4711-4065-821e-74242ad152cb#66-t1, previous=(t:1, i:12), leaderCommit=12, initializing? false, entries: <empty>
2019-10-15 21:19:18,076 [ForkJoinPool.commonPool-worker-1] INFO  ozoneimpl.OzoneContainer (OzoneContainer.java:stop(227)) - Attempting to stop container services.
2019-10-15 21:19:18,076 [ForkJoinPool.commonPool-worker-1] INFO  impl.RaftServerProxy (RaftServerProxy.java:lambda$close$4(314)) - a27cc913-8f64-4948-968f-b26bd365b697: close
2019-10-15 21:19:18,076 [ForkJoinPool.commonPool-worker-1] INFO  impl.RaftServerImpl (RaftServerImpl.java:lambda$shutdown$3(261)) - a27cc913-8f64-4948-968f-b26bd365b697@group-65A8C6F10550: shutdown
2019-10-15 21:19:18,076 [ForkJoinPool.commonPool-worker-1] INFO  util.JmxRegister (JmxRegister.java:unregister(73)) - Successfully un-registered JMX Bean with object name Ratis:service=RaftServer,group=group-65A8C6F10550,id=a27cc913-8f64-4948-968f-b26bd365b697
2019-10-15 21:19:18,077 [ForkJoinPool.commonPool-worker-1] INFO  impl.RoleInfo (RoleInfo.java:shutdownLeaderState(104)) - a27cc913-8f64-4948-968f-b26bd365b697: shutdown LeaderState
2019-10-15 21:19:18,077 [ForkJoinPool.commonPool-worker-1] INFO  impl.PendingRequests (PendingRequests.java:sendNotLeaderResponses(202)) - a27cc913-8f64-4948-968f-b26bd365b697@group-65A8C6F10550-PendingRequests: sendNotLeaderResponses
2019-10-15 21:19:18,077 [ForkJoinPool.commonPool-worker-1] INFO  impl.StateMachineUpdater (StateMachineUpdater.java:stopAndJoin(136)) - a27cc913-8f64-4948-968f-b26bd365b697@group-65A8C6F10550-StateMachineUpdater: set stopIndex = 0
2019-10-15 21:19:18,077 [ForkJoinPool.commonPool-worker-1] INFO  impl.RaftServerImpl (ServerState.java:close(388)) - a27cc913-8f64-4948-968f-b26bd365b697@group-65A8C6F10550: closes. applyIndex: 0
2019-10-15 21:19:18,077 [a27cc913-8f64-4948-968f-b26bd365b697@group-65A8C6F10550-SegmentedRaftLogWorker] INFO  segmented.SegmentedRaftLogWorker (SegmentedRaftLogWorker.java:run(316)) - a27cc913-8f64-4948-968f-b26bd365b697@group-65A8C6F10550-SegmentedRaftLogWorker was interrupted, exiting. There are 0 tasks remaining in the queue.
2019-10-15 21:19:18,094 [ForkJoinPool.commonPool-worker-1] INFO  segmented.SegmentedRaftLogWorker (SegmentedRaftLogWorker.java:close(224)) - a27cc913-8f64-4948-968f-b26bd365b697@group-65A8C6F10550-SegmentedRaftLogWorker close()
2019-10-15 21:19:18,097 [ForkJoinPool.commonPool-worker-1] INFO  impl.RaftServerImpl (RaftServerImpl.java:lambda$shutdown$3(261)) - a27cc913-8f64-4948-968f-b26bd365b697@group-3A863E456FC8: shutdown
2019-10-15 21:19:18,097 [ForkJoinPool.commonPool-worker-1] INFO  util.JmxRegister (JmxRegister.java:unregister(73)) - Successfully un-registered JMX Bean with object name Ratis:service=RaftServer,group=group-3A863E456FC8,id=a27cc913-8f64-4948-968f-b26bd365b697
2019-10-15 21:19:18,097 [ForkJoinPool.commonPool-worker-1] INFO  impl.RoleInfo (RoleInfo.java:shutdownLeaderState(104)) - a27cc913-8f64-4948-968f-b26bd365b697: shutdown LeaderState
2019-10-15 21:19:18,100 [ForkJoinPool.commonPool-worker-1] INFO  impl.PendingRequests (PendingRequests.java:sendNotLeaderResponses(202)) - a27cc913-8f64-4948-968f-b26bd365b697@group-3A863E456FC8-PendingRequests: sendNotLeaderResponses
2019-10-15 21:19:18,101 [org.apache.ratis.server.impl.LogAppender$AppenderDaemon$$Lambda$433/1296272531@28706049] WARN  server.GrpcLogAppender (GrpcLogAppender.java:mayWait(149)) - a27cc913-8f64-4948-968f-b26bd365b697@group-3A863E456FC8->c2130dde-588e-42a9-bf71-2215e165583f-GrpcLogAppender: Wait interrupted by java.lang.InterruptedException
2019-10-15 21:19:18,101 [org.apache.ratis.server.impl.LogAppender$AppenderDaemon$$Lambda$433/1296272531@19233d55] WARN  server.GrpcLogAppender (GrpcLogAppender.java:mayWait(149)) - a27cc913-8f64-4948-968f-b26bd365b697@group-3A863E456FC8->61c3ff9d-aa4b-4312-85d3-a53b64a62d48-GrpcLogAppender: Wait interrupted by java.lang.InterruptedException
2019-10-15 21:19:18,101 [ForkJoinPool.commonPool-worker-1] INFO  impl.StateMachineUpdater (StateMachineUpdater.java:stopAndJoin(136)) - a27cc913-8f64-4948-968f-b26bd365b697@group-3A863E456FC8-StateMachineUpdater: set stopIndex = 0
2019-10-15 21:19:18,101 [grpc-default-executor-12] INFO  server.GrpcServerProtocolService (GrpcServerProtocolService.java:onCompleted(113)) - 61c3ff9d-aa4b-4312-85d3-a53b64a62d48: Completed APPEND_ENTRIES, lastRequest: a27cc913-8f64-4948-968f-b26bd365b697->61c3ff9d-aa4b-4312-85d3-a53b64a62d48#62-t1, previous=(t:1, i:0), leaderCommit=0, initializing? false, entries: <empty>
2019-10-15 21:19:18,102 [grpc-default-executor-12] INFO  server.GrpcLogAppender (GrpcLogAppender.java:onCompleted(308)) - a27cc913-8f64-4948-968f-b26bd365b697@group-3A863E456FC8->61c3ff9d-aa4b-4312-85d3-a53b64a62d48-AppendLogResponseHandler: follower responses appendEntries COMPLETED
2019-10-15 21:19:18,104 [ForkJoinPool.commonPool-worker-1] INFO  impl.RaftServerImpl (ServerState.java:close(388)) - a27cc913-8f64-4948-968f-b26bd365b697@group-3A863E456FC8: closes. applyIndex: 0
2019-10-15 21:19:18,104 [a27cc913-8f64-4948-968f-b26bd365b697@group-3A863E456FC8-SegmentedRaftLogWorker] INFO  segmented.SegmentedRaftLogWorker (SegmentedRaftLogWorker.java:run(316)) - a27cc913-8f64-4948-968f-b26bd365b697@group-3A863E456FC8-SegmentedRaftLogWorker was interrupted, exiting. There are 0 tasks remaining in the queue.
2019-10-15 21:19:18,104 [grpc-default-executor-12] INFO  impl.FollowerInfo (FollowerInfo.java:lambda$new$0(51)) - a27cc913-8f64-4948-968f-b26bd365b697@group-3A863E456FC8->61c3ff9d-aa4b-4312-85d3-a53b64a62d48: nextIndex: updateUnconditionally 1 -> 0
2019-10-15 21:19:18,104 [ForkJoinPool.commonPool-worker-1] INFO  segmented.SegmentedRaftLogWorker (SegmentedRaftLogWorker.java:close(224)) - a27cc913-8f64-4948-968f-b26bd365b697@group-3A863E456FC8-SegmentedRaftLogWorker close()
2019-10-15 21:19:18,106 [ForkJoinPool.commonPool-worker-1] INFO  server.GrpcService (GrpcService.java:closeImpl(164)) - a27cc913-8f64-4948-968f-b26bd365b697: shutdown server with port 42925 now
2019-10-15 21:19:18,107 [ForkJoinPool.commonPool-worker-1] INFO  server.GrpcService (GrpcService.java:closeImpl(172)) - a27cc913-8f64-4948-968f-b26bd365b697: shutdown server with port 42925 successfully
2019-10-15 21:19:18,108 [main] INFO  ozoneimpl.OzoneContainer (OzoneContainer.java:stop(227)) - Attempting to stop container services.
2019-10-15 21:19:18,108 [main] INFO  impl.RaftServerProxy (RaftServerProxy.java:lambda$close$4(314)) - 274b1c51-9c2c-4419-942c-803b5038fb5c: close
2019-10-15 21:19:18,108 [main] INFO  impl.RaftServerImpl (RaftServerImpl.java:lambda$shutdown$3(261)) - 274b1c51-9c2c-4419-942c-803b5038fb5c@group-75D137EA487E: shutdown
2019-10-15 21:19:18,109 [main] INFO  util.JmxRegister (JmxRegister.java:unregister(73)) - Successfully un-registered JMX Bean with object name Ratis:service=RaftServer,group=group-75D137EA487E,id=274b1c51-9c2c-4419-942c-803b5038fb5c
2019-10-15 21:19:18,109 [refreshUsed-/workdir/hadoop-ozone/integration-test/target/test-dir/MiniOzoneClusterImpl-31458ddc-69ad-405c-a8b1-f839bd3d9382/datanode-4/data/containers] WARN  fs.CachingGetSpaceUsed (CachingGetSpaceUsed.java:run(183)) - Thread Interrupted waiting to refresh disk information: sleep interrupted
2019-10-15 21:19:18,109 [main] INFO  impl.RoleInfo (RoleInfo.java:shutdownLeaderState(104)) - 274b1c51-9c2c-4419-942c-803b5038fb5c: shutdown LeaderState
2019-10-15 21:19:18,109 [main] INFO  impl.PendingRequests (PendingRequests.java:sendNotLeaderResponses(202)) - 274b1c51-9c2c-4419-942c-803b5038fb5c@group-75D137EA487E-PendingRequests: sendNotLeaderResponses
2019-10-15 21:19:18,110 [main] INFO  impl.StateMachineUpdater (StateMachineUpdater.java:stopAndJoin(136)) - 274b1c51-9c2c-4419-942c-803b5038fb5c@group-75D137EA487E-StateMachineUpdater: set stopIndex = 0
2019-10-15 21:19:18,110 [main] INFO  impl.RaftServerImpl (ServerState.java:close(388)) - 274b1c51-9c2c-4419-942c-803b5038fb5c@group-75D137EA487E: closes. applyIndex: 0
2019-10-15 21:19:18,111 [274b1c51-9c2c-4419-942c-803b5038fb5c@group-75D137EA487E-SegmentedRaftLogWorker] INFO  segmented.SegmentedRaftLogWorker (SegmentedRaftLogWorker.java:run(316)) - 274b1c51-9c2c-4419-942c-803b5038fb5c@group-75D137EA487E-SegmentedRaftLogWorker was interrupted, exiting. There are 0 tasks remaining in the queue.
2019-10-15 21:19:18,112 [main] INFO  segmented.SegmentedRaftLogWorker (SegmentedRaftLogWorker.java:close(224)) - 274b1c51-9c2c-4419-942c-803b5038fb5c@group-75D137EA487E-SegmentedRaftLogWorker close()
2019-10-15 21:19:18,113 [main] INFO  impl.RaftServerImpl (RaftServerImpl.java:lambda$shutdown$3(261)) - 274b1c51-9c2c-4419-942c-803b5038fb5c@group-2C98C0445E28: shutdown
2019-10-15 21:19:18,113 [main] INFO  util.JmxRegister (JmxRegister.java:unregister(73)) - Successfully un-registered JMX Bean with object name Ratis:service=RaftServer,group=group-2C98C0445E28,id=274b1c51-9c2c-4419-942c-803b5038fb5c
2019-10-15 21:19:18,113 [main] INFO  impl.RoleInfo (RoleInfo.java:shutdownFollowerState(121)) - 274b1c51-9c2c-4419-942c-803b5038fb5c: shutdown FollowerState
2019-10-15 21:19:18,114 [main] INFO  impl.StateMachineUpdater (StateMachineUpdater.java:stopAndJoin(136)) - 274b1c51-9c2c-4419-942c-803b5038fb5c@group-2C98C0445E28-StateMachineUpdater: set stopIndex = 12
2019-10-15 21:19:18,114 [274b1c51-9c2c-4419-942c-803b5038fb5c@group-2C98C0445E28-StateMachineUpdater] INFO  ratis.ContainerStateMachine (ContainerStateMachine.java:takeSnapshot(294)) - group-2C98C0445E28: Taking a snapshot at:(t:1, i:12) file /workdir/hadoop-ozone/integration-test/target/test-dir/MiniOzoneClusterImpl-31458ddc-69ad-405c-a8b1-f839bd3d9382/datanode-8/data/ratis/b6171856-9d25-406a-b188-2c98c0445e28/sm/snapshot.1_12
2019-10-15 21:19:18,114 [Thread-8510] INFO  impl.FollowerState (FollowerState.java:run(117)) - 274b1c51-9c2c-4419-942c-803b5038fb5c@group-2C98C0445E28-FollowerState was interrupted: java.lang.InterruptedException: sleep interrupted
2019-10-15 21:19:18,123 [ForkJoinPool.commonPool-worker-1] INFO  utils.BackgroundService (BackgroundService.java:shutdown(151)) - Shutting down service BlockDeletingService
2019-10-15 21:19:18,124 [ForkJoinPool.commonPool-worker-1] INFO  statemachine.DatanodeStateMachine (DatanodeStateMachine.java:stopDaemon(395)) - Ozone container server stopped.
2019-10-15 21:19:18,130 [274b1c51-9c2c-4419-942c-803b5038fb5c@group-2C98C0445E28-StateMachineUpdater] INFO  ratis.ContainerStateMachine (ContainerStateMachine.java:takeSnapshot(305)) - group-2C98C0445E28: Finished taking a snapshot at:(t:1, i:12) file:/workdir/hadoop-ozone/integration-test/target/test-dir/MiniOzoneClusterImpl-31458ddc-69ad-405c-a8b1-f839bd3d9382/datanode-8/data/ratis/b6171856-9d25-406a-b188-2c98c0445e28/sm/snapshot.1_12 time:17
2019-10-15 21:19:18,131 [274b1c51-9c2c-4419-942c-803b5038fb5c@group-2C98C0445E28-StateMachineUpdater] INFO  impl.StateMachineUpdater (StateMachineUpdater.java:takeSnapshot(269)) - 274b1c51-9c2c-4419-942c-803b5038fb5c@group-2C98C0445E28-StateMachineUpdater: Took a snapshot at index 12
2019-10-15 21:19:18,131 [274b1c51-9c2c-4419-942c-803b5038fb5c@group-2C98C0445E28-StateMachineUpdater] INFO  impl.StateMachineUpdater (StateMachineUpdater.java:lambda$new$0(84)) - 274b1c51-9c2c-4419-942c-803b5038fb5c@group-2C98C0445E28-StateMachineUpdater: snapshotIndex: updateIncreasingly -1 -> 12
2019-10-15 21:19:18,135 [ForkJoinPool.commonPool-worker-1] INFO  handler.ContextHandler (ContextHandler.java:doStop(910)) - Stopped o.e.j.w.WebAppContext@633ddc0c{/,null,UNAVAILABLE}{/hddsDatanode}
2019-10-15 21:19:18,135 [main] INFO  impl.RaftServerImpl (ServerState.java:close(388)) - 274b1c51-9c2c-4419-942c-803b5038fb5c@group-2C98C0445E28: closes. applyIndex: 12
2019-10-15 21:19:18,136 [ForkJoinPool.commonPool-worker-1] INFO  server.AbstractConnector (AbstractConnector.java:doStop(318)) - Stopped ServerConnector@4bcdd11{HTTP/1.1,[http/1.1]}{0.0.0.0:0}
2019-10-15 21:19:18,136 [274b1c51-9c2c-4419-942c-803b5038fb5c@group-2C98C0445E28-SegmentedRaftLogWorker] INFO  segmented.SegmentedRaftLogWorker (SegmentedRaftLogWorker.java:run(316)) - 274b1c51-9c2c-4419-942c-803b5038fb5c@group-2C98C0445E28-SegmentedRaftLogWorker was interrupted, exiting. There are 0 tasks remaining in the queue.
2019-10-15 21:19:18,136 [main] INFO  segmented.SegmentedRaftLogWorker (SegmentedRaftLogWorker.java:close(224)) - 274b1c51-9c2c-4419-942c-803b5038fb5c@group-2C98C0445E28-SegmentedRaftLogWorker close()
2019-10-15 21:19:18,139 [main] INFO  server.GrpcService (GrpcService.java:closeImpl(164)) - 274b1c51-9c2c-4419-942c-803b5038fb5c: shutdown server with port 39513 now
2019-10-15 21:19:18,139 [ForkJoinPool.commonPool-worker-1] INFO  handler.ContextHandler (ContextHandler.java:doStop(910)) - Stopped o.e.j.s.ServletContextHandler@61b838f2{/static,jar:file:/home/user/.m2/repository/org/apache/hadoop/hadoop-hdds-container-service/0.5.0-SNAPSHOT/hadoop-hdds-container-service-0.5.0-SNAPSHOT.jar!/webapps/static,UNAVAILABLE}
2019-10-15 21:19:18,142 [grpc-default-executor-7] WARN  server.GrpcServerProtocolService (LogUtils.java:warn(134)) - 274b1c51-9c2c-4419-942c-803b5038fb5c: installSnapshot onError, lastRequest: 8cb7ea3b-ad52-4b28-856c-a59c42ac9757->274b1c51-9c2c-4419-942c-803b5038fb5c#72-t1, previous=(t:1, i:12), leaderCommit=12, initializing? false, entries: <empty>: org.apache.ratis.thirdparty.io.grpc.StatusRuntimeException: CANCELLED: cancelled before receiving half close
2019-10-15 21:19:18,142 [main] INFO  server.GrpcService (GrpcService.java:closeImpl(172)) - 274b1c51-9c2c-4419-942c-803b5038fb5c: shutdown server with port 39513 successfully
2019-10-15 21:19:18,143 [grpc-default-executor-2] WARN  server.GrpcLogAppender (LogUtils.java:warn(134)) - 8cb7ea3b-ad52-4b28-856c-a59c42ac9757@group-2C98C0445E28->274b1c51-9c2c-4419-942c-803b5038fb5c-AppendLogResponseHandler: Failed appendEntries: org.apache.ratis.thirdparty.io.grpc.StatusRuntimeException: CANCELLED: HTTP/2 error code: CANCEL
Received Rst Stream
2019-10-15 21:19:18,145 [ForkJoinPool.commonPool-worker-1] INFO  handler.ContextHandler (ContextHandler.java:doStop(910)) - Stopped o.e.j.s.ServletContextHandler@4e974b9e{/logs,file:///workdir/hadoop-ozone/integration-test/target/log,UNAVAILABLE}
2019-10-15 21:19:18,149 [refreshUsed-/workdir/hadoop-ozone/integration-test/target/test-dir/MiniOzoneClusterImpl-31458ddc-69ad-405c-a8b1-f839bd3d9382/datanode-8/data/containers] WARN  fs.CachingGetSpaceUsed (CachingGetSpaceUsed.java:run(183)) - Thread Interrupted waiting to refresh disk information: sleep interrupted
2019-10-15 21:19:18,161 [main] INFO  utils.BackgroundService (BackgroundService.java:shutdown(151)) - Shutting down service BlockDeletingService
2019-10-15 21:19:18,164 [main] INFO  statemachine.DatanodeStateMachine (DatanodeStateMachine.java:stopDaemon(395)) - Ozone container server stopped.
2019-10-15 21:19:18,165 [main] INFO  handler.ContextHandler (ContextHandler.java:doStop(910)) - Stopped o.e.j.w.WebAppContext@660b1a9d{/,null,UNAVAILABLE}{/hddsDatanode}
2019-10-15 21:19:18,165 [main] INFO  server.AbstractConnector (AbstractConnector.java:doStop(318)) - Stopped ServerConnector@47535ee4{HTTP/1.1,[http/1.1]}{0.0.0.0:0}
2019-10-15 21:19:18,165 [main] INFO  handler.ContextHandler (ContextHandler.java:doStop(910)) - Stopped o.e.j.s.ServletContextHandler@147e0734{/static,jar:file:/home/user/.m2/repository/org/apache/hadoop/hadoop-hdds-container-service/0.5.0-SNAPSHOT/hadoop-hdds-container-service-0.5.0-SNAPSHOT.jar!/webapps/static,UNAVAILABLE}
2019-10-15 21:19:18,166 [main] INFO  handler.ContextHandler (ContextHandler.java:doStop(910)) - Stopped o.e.j.s.ServletContextHandler@60b616c8{/logs,file:///workdir/hadoop-ozone/integration-test/target/log,UNAVAILABLE}
2019-10-15 21:19:18,227 [java.util.concurrent.ThreadPoolExecutor$Worker@10a62ebb[State = -1, empty queue]] WARN  server.GrpcLogAppender (GrpcLogAppender.java:timeoutAppendRequest(209)) - a27cc913-8f64-4948-968f-b26bd365b697@group-3A863E456FC8->c2130dde-588e-42a9-bf71-2215e165583f-GrpcLogAppender: appendEntries Timeout, request=a27cc913-8f64-4948-968f-b26bd365b697->c2130dde-588e-42a9-bf71-2215e165583f#57-t1, previous=(t:1, i:0), leaderCommit=0, initializing? false, entries: <empty>
2019-10-15 21:19:18,404 [java.util.concurrent.ThreadPoolExecutor$Worker@55d0dacb[State = -1, empty queue]] WARN  server.GrpcLogAppender (GrpcLogAppender.java:timeoutAppendRequest(209)) - 8cb7ea3b-ad52-4b28-856c-a59c42ac9757@group-2C98C0445E28->e66d25fa-4711-4065-821e-74242ad152cb-GrpcLogAppender: appendEntries Timeout, request=8cb7ea3b-ad52-4b28-856c-a59c42ac9757->e66d25fa-4711-4065-821e-74242ad152cb#67-t1, previous=(t:1, i:12), leaderCommit=12, initializing? false, entries: <empty>
2019-10-15 21:19:18,503 [Datanode State Machine Thread - 0] INFO  statemachine.DatanodeStateMachine (DatanodeStateMachine.java:lambda$startDaemon$0(350)) - Ozone container server started.
2019-10-15 21:19:18,507 [Datanode State Machine Thread - 0] INFO  statemachine.DatanodeStateMachine (DatanodeStateMachine.java:lambda$startDaemon$0(350)) - Ozone container server started.
2019-10-15 21:19:18,728 [java.util.concurrent.ThreadPoolExecutor$Worker@10a62ebb[State = -1, empty queue]] WARN  server.GrpcLogAppender (GrpcLogAppender.java:timeoutAppendRequest(209)) - a27cc913-8f64-4948-968f-b26bd365b697@group-3A863E456FC8->c2130dde-588e-42a9-bf71-2215e165583f-GrpcLogAppender: appendEntries Timeout, request=a27cc913-8f64-4948-968f-b26bd365b697->c2130dde-588e-42a9-bf71-2215e165583f#58-t1, previous=(t:1, i:0), leaderCommit=0, initializing? false, entries: <empty>
2019-10-15 21:19:18,904 [java.util.concurrent.ThreadPoolExecutor$Worker@55d0dacb[State = -1, empty queue]] WARN  server.GrpcLogAppender (GrpcLogAppender.java:timeoutAppendRequest(209)) - 8cb7ea3b-ad52-4b28-856c-a59c42ac9757@group-2C98C0445E28->e66d25fa-4711-4065-821e-74242ad152cb-GrpcLogAppender: appendEntries Timeout, request=8cb7ea3b-ad52-4b28-856c-a59c42ac9757->e66d25fa-4711-4065-821e-74242ad152cb#68-t1, previous=(t:1, i:12), leaderCommit=12, initializing? false, entries: <empty>
2019-10-15 21:19:19,228 [java.util.concurrent.ThreadPoolExecutor$Worker@10a62ebb[State = -1, empty queue]] WARN  server.GrpcLogAppender (GrpcLogAppender.java:timeoutAppendRequest(209)) - a27cc913-8f64-4948-968f-b26bd365b697@group-3A863E456FC8->c2130dde-588e-42a9-bf71-2215e165583f-GrpcLogAppender: appendEntries Timeout, request=a27cc913-8f64-4948-968f-b26bd365b697->c2130dde-588e-42a9-bf71-2215e165583f#59-t1, previous=(t:1, i:0), leaderCommit=0, initializing? false, entries: <empty>
2019-10-15 21:19:19,379 [Thread-8411] INFO  impl.FollowerState (FollowerState.java:run(108)) - 61c3ff9d-aa4b-4312-85d3-a53b64a62d48@group-3A863E456FC8-FollowerState: change to CANDIDATE, lastRpcTime:1642ms, electionTimeout:1165ms
2019-10-15 21:19:19,379 [Thread-8411] INFO  impl.RoleInfo (RoleInfo.java:shutdownFollowerState(121)) - 61c3ff9d-aa4b-4312-85d3-a53b64a62d48: shutdown FollowerState
2019-10-15 21:19:19,380 [Thread-8411] INFO  impl.RaftServerImpl (RaftServerImpl.java:setRole(184)) - 61c3ff9d-aa4b-4312-85d3-a53b64a62d48@group-3A863E456FC8: changes role from  FOLLOWER to CANDIDATE at term 1 for changeToCandidate
2019-10-15 21:19:19,380 [Thread-8411] INFO  impl.RoleInfo (RoleInfo.java:updateAndGet(143)) - 61c3ff9d-aa4b-4312-85d3-a53b64a62d48: start LeaderElection
2019-10-15 21:19:19,380 [61c3ff9d-aa4b-4312-85d3-a53b64a62d48@group-3A863E456FC8-LeaderElection1133] INFO  impl.RaftServerImpl (ServerState.java:setLeader(256)) - 61c3ff9d-aa4b-4312-85d3-a53b64a62d48@group-3A863E456FC8: change Leader from a27cc913-8f64-4948-968f-b26bd365b697 to null at term 1 for initElection
2019-10-15 21:19:19,385 [61c3ff9d-aa4b-4312-85d3-a53b64a62d48@group-3A863E456FC8-LeaderElection1133] INFO  impl.LeaderElection (LeaderElection.java:askForVotes(178)) - 61c3ff9d-aa4b-4312-85d3-a53b64a62d48@group-3A863E456FC8-LeaderElection1133: begin an election at term 2 for 0: [61c3ff9d-aa4b-4312-85d3-a53b64a62d48:192.168.69.102:42195, a27cc913-8f64-4948-968f-b26bd365b697:192.168.69.102:42925, c2130dde-588e-42a9-bf71-2215e165583f:192.168.69.102:45437], old=null
2019-10-15 21:19:19,388 [61c3ff9d-aa4b-4312-85d3-a53b64a62d48@group-3A863E456FC8-LeaderElection1133] INFO  impl.LeaderElection (LogUtils.java:infoOrTrace(149)) - 61c3ff9d-aa4b-4312-85d3-a53b64a62d48@group-3A863E456FC8-LeaderElection1133 got exception when requesting votes: {}
java.util.concurrent.ExecutionException: org.apache.ratis.thirdparty.io.grpc.StatusRuntimeException: UNAVAILABLE: io exception
	at java.util.concurrent.FutureTask.report(FutureTask.java:122)
	at java.util.concurrent.FutureTask.get(FutureTask.java:192)
	at org.apache.ratis.server.impl.LeaderElection.waitForResults(LeaderElection.java:259)
	at org.apache.ratis.server.impl.LeaderElection.askForVotes(LeaderElection.java:197)
	at org.apache.ratis.server.impl.LeaderElection.run(LeaderElection.java:133)
	at java.lang.Thread.run(Thread.java:748)
Caused by: org.apache.ratis.thirdparty.io.grpc.StatusRuntimeException: UNAVAILABLE: io exception
	at org.apache.ratis.thirdparty.io.grpc.stub.ClientCalls.toStatusRuntimeException(ClientCalls.java:233)
	at org.apache.ratis.thirdparty.io.grpc.stub.ClientCalls.getUnchecked(ClientCalls.java:214)
	at org.apache.ratis.thirdparty.io.grpc.stub.ClientCalls.blockingUnaryCall(ClientCalls.java:139)
	at org.apache.ratis.proto.grpc.RaftServerProtocolServiceGrpc$RaftServerProtocolServiceBlockingStub.requestVote(RaftServerProtocolServiceGrpc.java:265)
	at org.apache.ratis.grpc.server.GrpcServerProtocolClient.requestVote(GrpcServerProtocolClient.java:99)
	at org.apache.ratis.grpc.server.GrpcService.requestVote(GrpcService.java:204)
	at org.apache.ratis.server.impl.LeaderElection.lambda$submitRequests$1(LeaderElection.java:234)
	at java.util.concurrent.FutureTask.run(FutureTask.java:266)
	at java.util.concurrent.Executors$RunnableAdapter.call(Executors.java:511)
	at java.util.concurrent.FutureTask.run(FutureTask.java:266)
	at java.util.concurrent.ThreadPoolExecutor.runWorker(ThreadPoolExecutor.java:1149)
	at java.util.concurrent.ThreadPoolExecutor$Worker.run(ThreadPoolExecutor.java:624)
	... 1 more
Caused by: org.apache.ratis.thirdparty.io.netty.channel.AbstractChannel$AnnotatedConnectException: Connection refused: /192.168.69.102:45437
	at sun.nio.ch.SocketChannelImpl.checkConnect(Native Method)
	at sun.nio.ch.SocketChannelImpl.finishConnect(SocketChannelImpl.java:717)
	at org.apache.ratis.thirdparty.io.netty.channel.socket.nio.NioSocketChannel.doFinishConnect(NioSocketChannel.java:327)
	at org.apache.ratis.thirdparty.io.netty.channel.nio.AbstractNioChannel$AbstractNioUnsafe.finishConnect(AbstractNioChannel.java:340)
	at org.apache.ratis.thirdparty.io.netty.channel.nio.NioEventLoop.processSelectedKey(NioEventLoop.java:632)
	at org.apache.ratis.thirdparty.io.netty.channel.nio.NioEventLoop.processSelectedKeysOptimized(NioEventLoop.java:579)
	at org.apache.ratis.thirdparty.io.netty.channel.nio.NioEventLoop.processSelectedKeys(NioEventLoop.java:496)
	at org.apache.ratis.thirdparty.io.netty.channel.nio.NioEventLoop.run(NioEventLoop.java:458)
	at org.apache.ratis.thirdparty.io.netty.util.concurrent.SingleThreadEventExecutor$5.run(SingleThreadEventExecutor.java:897)
	at org.apache.ratis.thirdparty.io.netty.util.concurrent.FastThreadLocalRunnable.run(FastThreadLocalRunnable.java:30)
	... 1 more
Caused by: java.net.ConnectException: Connection refused
	... 11 more
2019-10-15 21:19:19,389 [61c3ff9d-aa4b-4312-85d3-a53b64a62d48@group-3A863E456FC8-LeaderElection1133] INFO  impl.LeaderElection (LogUtils.java:infoOrTrace(149)) - 61c3ff9d-aa4b-4312-85d3-a53b64a62d48@group-3A863E456FC8-LeaderElection1133 got exception when requesting votes: {}
java.util.concurrent.ExecutionException: org.apache.ratis.thirdparty.io.grpc.StatusRuntimeException: UNAVAILABLE: io exception
	at java.util.concurrent.FutureTask.report(FutureTask.java:122)
	at java.util.concurrent.FutureTask.get(FutureTask.java:192)
	at org.apache.ratis.server.impl.LeaderElection.waitForResults(LeaderElection.java:259)
	at org.apache.ratis.server.impl.LeaderElection.askForVotes(LeaderElection.java:197)
	at org.apache.ratis.server.impl.LeaderElection.run(LeaderElection.java:133)
	at java.lang.Thread.run(Thread.java:748)
Caused by: org.apache.ratis.thirdparty.io.grpc.StatusRuntimeException: UNAVAILABLE: io exception
	at org.apache.ratis.thirdparty.io.grpc.stub.ClientCalls.toStatusRuntimeException(ClientCalls.java:233)
	at org.apache.ratis.thirdparty.io.grpc.stub.ClientCalls.getUnchecked(ClientCalls.java:214)
	at org.apache.ratis.thirdparty.io.grpc.stub.ClientCalls.blockingUnaryCall(ClientCalls.java:139)
	at org.apache.ratis.proto.grpc.RaftServerProtocolServiceGrpc$RaftServerProtocolServiceBlockingStub.requestVote(RaftServerProtocolServiceGrpc.java:265)
	at org.apache.ratis.grpc.server.GrpcServerProtocolClient.requestVote(GrpcServerProtocolClient.java:99)
	at org.apache.ratis.grpc.server.GrpcService.requestVote(GrpcService.java:204)
	at org.apache.ratis.server.impl.LeaderElection.lambda$submitRequests$1(LeaderElection.java:234)
	at java.util.concurrent.FutureTask.run(FutureTask.java:266)
	at java.util.concurrent.Executors$RunnableAdapter.call(Executors.java:511)
	at java.util.concurrent.FutureTask.run(FutureTask.java:266)
	at java.util.concurrent.ThreadPoolExecutor.runWorker(ThreadPoolExecutor.java:1149)
	at java.util.concurrent.ThreadPoolExecutor$Worker.run(ThreadPoolExecutor.java:624)
	... 1 more
Caused by: org.apache.ratis.thirdparty.io.netty.channel.AbstractChannel$AnnotatedConnectException: Connection refused: /192.168.69.102:42925
	at sun.nio.ch.SocketChannelImpl.checkConnect(Native Method)
	at sun.nio.ch.SocketChannelImpl.finishConnect(SocketChannelImpl.java:717)
	at org.apache.ratis.thirdparty.io.netty.channel.socket.nio.NioSocketChannel.doFinishConnect(NioSocketChannel.java:327)
	at org.apache.ratis.thirdparty.io.netty.channel.nio.AbstractNioChannel$AbstractNioUnsafe.finishConnect(AbstractNioChannel.java:340)
	at org.apache.ratis.thirdparty.io.netty.channel.nio.NioEventLoop.processSelectedKey(NioEventLoop.java:632)
	at org.apache.ratis.thirdparty.io.netty.channel.nio.NioEventLoop.processSelectedKeysOptimized(NioEventLoop.java:579)
	at org.apache.ratis.thirdparty.io.netty.channel.nio.NioEventLoop.processSelectedKeys(NioEventLoop.java:496)
	at org.apache.ratis.thirdparty.io.netty.channel.nio.NioEventLoop.run(NioEventLoop.java:458)
	at org.apache.ratis.thirdparty.io.netty.util.concurrent.SingleThreadEventExecutor$5.run(SingleThreadEventExecutor.java:897)
	at org.apache.ratis.thirdparty.io.netty.util.concurrent.FastThreadLocalRunnable.run(FastThreadLocalRunnable.java:30)
	... 1 more
Caused by: java.net.ConnectException: Connection refused
	... 11 more
2019-10-15 21:19:19,389 [61c3ff9d-aa4b-4312-85d3-a53b64a62d48@group-3A863E456FC8-LeaderElection1133] INFO  impl.LeaderElection (LeaderElection.java:logAndReturn(56)) - 61c3ff9d-aa4b-4312-85d3-a53b64a62d48@group-3A863E456FC8-LeaderElection1133: Election REJECTED; received 0 response(s) [] and 2 exception(s); 61c3ff9d-aa4b-4312-85d3-a53b64a62d48@group-3A863E456FC8:t2, leader=null, voted=61c3ff9d-aa4b-4312-85d3-a53b64a62d48, raftlog=61c3ff9d-aa4b-4312-85d3-a53b64a62d48@group-3A863E456FC8-SegmentedRaftLog:OPENED:c0,f0,i0, conf=0: [61c3ff9d-aa4b-4312-85d3-a53b64a62d48:192.168.69.102:42195, a27cc913-8f64-4948-968f-b26bd365b697:192.168.69.102:42925, c2130dde-588e-42a9-bf71-2215e165583f:192.168.69.102:45437], old=null
2019-10-15 21:19:19,389 [61c3ff9d-aa4b-4312-85d3-a53b64a62d48@group-3A863E456FC8-LeaderElection1133] INFO  impl.LeaderElection (LogUtils.java:infoOrTrace(149)) -   Exception 0: {}
java.util.concurrent.ExecutionException: org.apache.ratis.thirdparty.io.grpc.StatusRuntimeException: UNAVAILABLE: io exception
	at java.util.concurrent.FutureTask.report(FutureTask.java:122)
	at java.util.concurrent.FutureTask.get(FutureTask.java:192)
	at org.apache.ratis.server.impl.LeaderElection.waitForResults(LeaderElection.java:259)
	at org.apache.ratis.server.impl.LeaderElection.askForVotes(LeaderElection.java:197)
	at org.apache.ratis.server.impl.LeaderElection.run(LeaderElection.java:133)
	at java.lang.Thread.run(Thread.java:748)
Caused by: org.apache.ratis.thirdparty.io.grpc.StatusRuntimeException: UNAVAILABLE: io exception
	at org.apache.ratis.thirdparty.io.grpc.stub.ClientCalls.toStatusRuntimeException(ClientCalls.java:233)
	at org.apache.ratis.thirdparty.io.grpc.stub.ClientCalls.getUnchecked(ClientCalls.java:214)
	at org.apache.ratis.thirdparty.io.grpc.stub.ClientCalls.blockingUnaryCall(ClientCalls.java:139)
	at org.apache.ratis.proto.grpc.RaftServerProtocolServiceGrpc$RaftServerProtocolServiceBlockingStub.requestVote(RaftServerProtocolServiceGrpc.java:265)
	at org.apache.ratis.grpc.server.GrpcServerProtocolClient.requestVote(GrpcServerProtocolClient.java:99)
	at org.apache.ratis.grpc.server.GrpcService.requestVote(GrpcService.java:204)
	at org.apache.ratis.server.impl.LeaderElection.lambda$submitRequests$1(LeaderElection.java:234)
	at java.util.concurrent.FutureTask.run(FutureTask.java:266)
	at java.util.concurrent.Executors$RunnableAdapter.call(Executors.java:511)
	at java.util.concurrent.FutureTask.run(FutureTask.java:266)
	at java.util.concurrent.ThreadPoolExecutor.runWorker(ThreadPoolExecutor.java:1149)
	at java.util.concurrent.ThreadPoolExecutor$Worker.run(ThreadPoolExecutor.java:624)
	... 1 more
Caused by: org.apache.ratis.thirdparty.io.netty.channel.AbstractChannel$AnnotatedConnectException: Connection refused: /192.168.69.102:45437
	at sun.nio.ch.SocketChannelImpl.checkConnect(Native Method)
	at sun.nio.ch.SocketChannelImpl.finishConnect(SocketChannelImpl.java:717)
	at org.apache.ratis.thirdparty.io.netty.channel.socket.nio.NioSocketChannel.doFinishConnect(NioSocketChannel.java:327)
	at org.apache.ratis.thirdparty.io.netty.channel.nio.AbstractNioChannel$AbstractNioUnsafe.finishConnect(AbstractNioChannel.java:340)
	at org.apache.ratis.thirdparty.io.netty.channel.nio.NioEventLoop.processSelectedKey(NioEventLoop.java:632)
	at org.apache.ratis.thirdparty.io.netty.channel.nio.NioEventLoop.processSelectedKeysOptimized(NioEventLoop.java:579)
	at org.apache.ratis.thirdparty.io.netty.channel.nio.NioEventLoop.processSelectedKeys(NioEventLoop.java:496)
	at org.apache.ratis.thirdparty.io.netty.channel.nio.NioEventLoop.run(NioEventLoop.java:458)
	at org.apache.ratis.thirdparty.io.netty.util.concurrent.SingleThreadEventExecutor$5.run(SingleThreadEventExecutor.java:897)
	at org.apache.ratis.thirdparty.io.netty.util.concurrent.FastThreadLocalRunnable.run(FastThreadLocalRunnable.java:30)
	... 1 more
Caused by: java.net.ConnectException: Connection refused
	... 11 more
2019-10-15 21:19:19,389 [61c3ff9d-aa4b-4312-85d3-a53b64a62d48@group-3A863E456FC8-LeaderElection1133] INFO  impl.LeaderElection (LogUtils.java:infoOrTrace(149)) -   Exception 1: {}
java.util.concurrent.ExecutionException: org.apache.ratis.thirdparty.io.grpc.StatusRuntimeException: UNAVAILABLE: io exception
	at java.util.concurrent.FutureTask.report(FutureTask.java:122)
	at java.util.concurrent.FutureTask.get(FutureTask.java:192)
	at org.apache.ratis.server.impl.LeaderElection.waitForResults(LeaderElection.java:259)
	at org.apache.ratis.server.impl.LeaderElection.askForVotes(LeaderElection.java:197)
	at org.apache.ratis.server.impl.LeaderElection.run(LeaderElection.java:133)
	at java.lang.Thread.run(Thread.java:748)
Caused by: org.apache.ratis.thirdparty.io.grpc.StatusRuntimeException: UNAVAILABLE: io exception
	at org.apache.ratis.thirdparty.io.grpc.stub.ClientCalls.toStatusRuntimeException(ClientCalls.java:233)
	at org.apache.ratis.thirdparty.io.grpc.stub.ClientCalls.getUnchecked(ClientCalls.java:214)
	at org.apache.ratis.thirdparty.io.grpc.stub.ClientCalls.blockingUnaryCall(ClientCalls.java:139)
	at org.apache.ratis.proto.grpc.RaftServerProtocolServiceGrpc$RaftServerProtocolServiceBlockingStub.requestVote(RaftServerProtocolServiceGrpc.java:265)
	at org.apache.ratis.grpc.server.GrpcServerProtocolClient.requestVote(GrpcServerProtocolClient.java:99)
	at org.apache.ratis.grpc.server.GrpcService.requestVote(GrpcService.java:204)
	at org.apache.ratis.server.impl.LeaderElection.lambda$submitRequests$1(LeaderElection.java:234)
	at java.util.concurrent.FutureTask.run(FutureTask.java:266)
	at java.util.concurrent.Executors$RunnableAdapter.call(Executors.java:511)
	at java.util.concurrent.FutureTask.run(FutureTask.java:266)
	at java.util.concurrent.ThreadPoolExecutor.runWorker(ThreadPoolExecutor.java:1149)
	at java.util.concurrent.ThreadPoolExecutor$Worker.run(ThreadPoolExecutor.java:624)
	... 1 more
Caused by: org.apache.ratis.thirdparty.io.netty.channel.AbstractChannel$AnnotatedConnectException: Connection refused: /192.168.69.102:42925
	at sun.nio.ch.SocketChannelImpl.checkConnect(Native Method)
	at sun.nio.ch.SocketChannelImpl.finishConnect(SocketChannelImpl.java:717)
	at org.apache.ratis.thirdparty.io.netty.channel.socket.nio.NioSocketChannel.doFinishConnect(NioSocketChannel.java:327)
	at org.apache.ratis.thirdparty.io.netty.channel.nio.AbstractNioChannel$AbstractNioUnsafe.finishConnect(AbstractNioChannel.java:340)
	at org.apache.ratis.thirdparty.io.netty.channel.nio.NioEventLoop.processSelectedKey(NioEventLoop.java:632)
	at org.apache.ratis.thirdparty.io.netty.channel.nio.NioEventLoop.processSelectedKeysOptimized(NioEventLoop.java:579)
	at org.apache.ratis.thirdparty.io.netty.channel.nio.NioEventLoop.processSelectedKeys(NioEventLoop.java:496)
	at org.apache.ratis.thirdparty.io.netty.channel.nio.NioEventLoop.run(NioEventLoop.java:458)
	at org.apache.ratis.thirdparty.io.netty.util.concurrent.SingleThreadEventExecutor$5.run(SingleThreadEventExecutor.java:897)
	at org.apache.ratis.thirdparty.io.netty.util.concurrent.FastThreadLocalRunnable.run(FastThreadLocalRunnable.java:30)
	... 1 more
Caused by: java.net.ConnectException: Connection refused
	... 11 more
2019-10-15 21:19:19,389 [61c3ff9d-aa4b-4312-85d3-a53b64a62d48@group-3A863E456FC8-LeaderElection1133] INFO  impl.RaftServerImpl (RaftServerImpl.java:setRole(184)) - 61c3ff9d-aa4b-4312-85d3-a53b64a62d48@group-3A863E456FC8: changes role from CANDIDATE to FOLLOWER at term 2 for DISCOVERED_A_NEW_TERM
2019-10-15 21:19:19,389 [61c3ff9d-aa4b-4312-85d3-a53b64a62d48@group-3A863E456FC8-LeaderElection1133] INFO  impl.RoleInfo (RoleInfo.java:shutdownLeaderElection(134)) - 61c3ff9d-aa4b-4312-85d3-a53b64a62d48: shutdown LeaderElection
2019-10-15 21:19:19,389 [61c3ff9d-aa4b-4312-85d3-a53b64a62d48@group-3A863E456FC8-LeaderElection1133] INFO  impl.RoleInfo (RoleInfo.java:updateAndGet(143)) - 61c3ff9d-aa4b-4312-85d3-a53b64a62d48: start FollowerState
2019-10-15 21:19:19,405 [java.util.concurrent.ThreadPoolExecutor$Worker@55d0dacb[State = -1, empty queue]] WARN  server.GrpcLogAppender (GrpcLogAppender.java:timeoutAppendRequest(209)) - 8cb7ea3b-ad52-4b28-856c-a59c42ac9757@group-2C98C0445E28->e66d25fa-4711-4065-821e-74242ad152cb-GrpcLogAppender: appendEntries Timeout, request=8cb7ea3b-ad52-4b28-856c-a59c42ac9757->e66d25fa-4711-4065-821e-74242ad152cb#69-t1, previous=(t:1, i:12), leaderCommit=12, initializing? false, entries: <empty>
2019-10-15 21:19:19,728 [java.util.concurrent.ThreadPoolExecutor$Worker@10a62ebb[State = -1, empty queue]] WARN  server.GrpcLogAppender (GrpcLogAppender.java:timeoutAppendRequest(209)) - a27cc913-8f64-4948-968f-b26bd365b697@group-3A863E456FC8->c2130dde-588e-42a9-bf71-2215e165583f-GrpcLogAppender: appendEntries Timeout, request=a27cc913-8f64-4948-968f-b26bd365b697->c2130dde-588e-42a9-bf71-2215e165583f#60-t1, previous=(t:1, i:0), leaderCommit=0, initializing? false, entries: <empty>
2019-10-15 21:19:19,905 [java.util.concurrent.ThreadPoolExecutor$Worker@55d0dacb[State = -1, empty queue]] WARN  server.GrpcLogAppender (GrpcLogAppender.java:timeoutAppendRequest(209)) - 8cb7ea3b-ad52-4b28-856c-a59c42ac9757@group-2C98C0445E28->e66d25fa-4711-4065-821e-74242ad152cb-GrpcLogAppender: appendEntries Timeout, request=8cb7ea3b-ad52-4b28-856c-a59c42ac9757->e66d25fa-4711-4065-821e-74242ad152cb#70-t1, previous=(t:1, i:12), leaderCommit=12, initializing? false, entries: <empty>
2019-10-15 21:19:20,229 [java.util.concurrent.ThreadPoolExecutor$Worker@10a62ebb[State = -1, empty queue]] WARN  server.GrpcLogAppender (GrpcLogAppender.java:timeoutAppendRequest(209)) - a27cc913-8f64-4948-968f-b26bd365b697@group-3A863E456FC8->c2130dde-588e-42a9-bf71-2215e165583f-GrpcLogAppender: appendEntries Timeout, request=a27cc913-8f64-4948-968f-b26bd365b697->c2130dde-588e-42a9-bf71-2215e165583f#61-t1, previous=(t:1, i:0), leaderCommit=0, initializing? false, entries: <empty>
2019-10-15 21:19:20,405 [java.util.concurrent.ThreadPoolExecutor$Worker@55d0dacb[State = -1, empty queue]] WARN  server.GrpcLogAppender (GrpcLogAppender.java:timeoutAppendRequest(209)) - 8cb7ea3b-ad52-4b28-856c-a59c42ac9757@group-2C98C0445E28->e66d25fa-4711-4065-821e-74242ad152cb-GrpcLogAppender: appendEntries Timeout, request=8cb7ea3b-ad52-4b28-856c-a59c42ac9757->e66d25fa-4711-4065-821e-74242ad152cb#71-t1, previous=(t:1, i:12), leaderCommit=12, initializing? false, entries: <empty>
2019-10-15 21:19:20,468 [Thread-9649] INFO  impl.FollowerState (FollowerState.java:run(108)) - 61c3ff9d-aa4b-4312-85d3-a53b64a62d48@group-3A863E456FC8-FollowerState: change to CANDIDATE, lastRpcTime:1078ms, electionTimeout:1078ms
2019-10-15 21:19:20,468 [Thread-9649] INFO  impl.RoleInfo (RoleInfo.java:shutdownFollowerState(121)) - 61c3ff9d-aa4b-4312-85d3-a53b64a62d48: shutdown FollowerState
2019-10-15 21:19:20,468 [Thread-9649] INFO  impl.RaftServerImpl (RaftServerImpl.java:setRole(184)) - 61c3ff9d-aa4b-4312-85d3-a53b64a62d48@group-3A863E456FC8: changes role from  FOLLOWER to CANDIDATE at term 2 for changeToCandidate
2019-10-15 21:19:20,469 [Thread-9649] INFO  impl.RoleInfo (RoleInfo.java:updateAndGet(143)) - 61c3ff9d-aa4b-4312-85d3-a53b64a62d48: start LeaderElection
2019-10-15 21:19:20,522 [61c3ff9d-aa4b-4312-85d3-a53b64a62d48@group-3A863E456FC8-LeaderElection1134] INFO  impl.LeaderElection (LeaderElection.java:askForVotes(178)) - 61c3ff9d-aa4b-4312-85d3-a53b64a62d48@group-3A863E456FC8-LeaderElection1134: begin an election at term 3 for 0: [61c3ff9d-aa4b-4312-85d3-a53b64a62d48:192.168.69.102:42195, a27cc913-8f64-4948-968f-b26bd365b697:192.168.69.102:42925, c2130dde-588e-42a9-bf71-2215e165583f:192.168.69.102:45437], old=null
2019-10-15 21:19:20,525 [61c3ff9d-aa4b-4312-85d3-a53b64a62d48@group-3A863E456FC8-LeaderElection1134] INFO  impl.LeaderElection (LogUtils.java:infoOrTrace(149)) - 61c3ff9d-aa4b-4312-85d3-a53b64a62d48@group-3A863E456FC8-LeaderElection1134 got exception when requesting votes: {}
java.util.concurrent.ExecutionException: org.apache.ratis.thirdparty.io.grpc.StatusRuntimeException: UNAVAILABLE: io exception
	at java.util.concurrent.FutureTask.report(FutureTask.java:122)
	at java.util.concurrent.FutureTask.get(FutureTask.java:192)
	at org.apache.ratis.server.impl.LeaderElection.waitForResults(LeaderElection.java:259)
	at org.apache.ratis.server.impl.LeaderElection.askForVotes(LeaderElection.java:197)
	at org.apache.ratis.server.impl.LeaderElection.run(LeaderElection.java:133)
	at java.lang.Thread.run(Thread.java:748)
Caused by: org.apache.ratis.thirdparty.io.grpc.StatusRuntimeException: UNAVAILABLE: io exception
	at org.apache.ratis.thirdparty.io.grpc.stub.ClientCalls.toStatusRuntimeException(ClientCalls.java:233)
	at org.apache.ratis.thirdparty.io.grpc.stub.ClientCalls.getUnchecked(ClientCalls.java:214)
	at org.apache.ratis.thirdparty.io.grpc.stub.ClientCalls.blockingUnaryCall(ClientCalls.java:139)
	at org.apache.ratis.proto.grpc.RaftServerProtocolServiceGrpc$RaftServerProtocolServiceBlockingStub.requestVote(RaftServerProtocolServiceGrpc.java:265)
	at org.apache.ratis.grpc.server.GrpcServerProtocolClient.requestVote(GrpcServerProtocolClient.java:99)
	at org.apache.ratis.grpc.server.GrpcService.requestVote(GrpcService.java:204)
	at org.apache.ratis.server.impl.LeaderElection.lambda$submitRequests$1(LeaderElection.java:234)
	at java.util.concurrent.FutureTask.run(FutureTask.java:266)
	at java.util.concurrent.Executors$RunnableAdapter.call(Executors.java:511)
	at java.util.concurrent.FutureTask.run(FutureTask.java:266)
	at java.util.concurrent.ThreadPoolExecutor.runWorker(ThreadPoolExecutor.java:1149)
	at java.util.concurrent.ThreadPoolExecutor$Worker.run(ThreadPoolExecutor.java:624)
	... 1 more
Caused by: org.apache.ratis.thirdparty.io.netty.channel.AbstractChannel$AnnotatedConnectException: Connection refused: /192.168.69.102:42925
	at sun.nio.ch.SocketChannelImpl.checkConnect(Native Method)
	at sun.nio.ch.SocketChannelImpl.finishConnect(SocketChannelImpl.java:717)
	at org.apache.ratis.thirdparty.io.netty.channel.socket.nio.NioSocketChannel.doFinishConnect(NioSocketChannel.java:327)
	at org.apache.ratis.thirdparty.io.netty.channel.nio.AbstractNioChannel$AbstractNioUnsafe.finishConnect(AbstractNioChannel.java:340)
	at org.apache.ratis.thirdparty.io.netty.channel.nio.NioEventLoop.processSelectedKey(NioEventLoop.java:632)
	at org.apache.ratis.thirdparty.io.netty.channel.nio.NioEventLoop.processSelectedKeysOptimized(NioEventLoop.java:579)
	at org.apache.ratis.thirdparty.io.netty.channel.nio.NioEventLoop.processSelectedKeys(NioEventLoop.java:496)
	at org.apache.ratis.thirdparty.io.netty.channel.nio.NioEventLoop.run(NioEventLoop.java:458)
	at org.apache.ratis.thirdparty.io.netty.util.concurrent.SingleThreadEventExecutor$5.run(SingleThreadEventExecutor.java:897)
	at org.apache.ratis.thirdparty.io.netty.util.concurrent.FastThreadLocalRunnable.run(FastThreadLocalRunnable.java:30)
	... 1 more
Caused by: java.net.ConnectException: Connection refused
	... 11 more
2019-10-15 21:19:20,526 [61c3ff9d-aa4b-4312-85d3-a53b64a62d48@group-3A863E456FC8-LeaderElection1134] INFO  impl.LeaderElection (LogUtils.java:infoOrTrace(149)) - 61c3ff9d-aa4b-4312-85d3-a53b64a62d48@group-3A863E456FC8-LeaderElection1134 got exception when requesting votes: {}
java.util.concurrent.ExecutionException: org.apache.ratis.thirdparty.io.grpc.StatusRuntimeException: UNAVAILABLE: io exception
	at java.util.concurrent.FutureTask.report(FutureTask.java:122)
	at java.util.concurrent.FutureTask.get(FutureTask.java:192)
	at org.apache.ratis.server.impl.LeaderElection.waitForResults(LeaderElection.java:259)
	at org.apache.ratis.server.impl.LeaderElection.askForVotes(LeaderElection.java:197)
	at org.apache.ratis.server.impl.LeaderElection.run(LeaderElection.java:133)
	at java.lang.Thread.run(Thread.java:748)
Caused by: org.apache.ratis.thirdparty.io.grpc.StatusRuntimeException: UNAVAILABLE: io exception
	at org.apache.ratis.thirdparty.io.grpc.stub.ClientCalls.toStatusRuntimeException(ClientCalls.java:233)
	at org.apache.ratis.thirdparty.io.grpc.stub.ClientCalls.getUnchecked(ClientCalls.java:214)
	at org.apache.ratis.thirdparty.io.grpc.stub.ClientCalls.blockingUnaryCall(ClientCalls.java:139)
	at org.apache.ratis.proto.grpc.RaftServerProtocolServiceGrpc$RaftServerProtocolServiceBlockingStub.requestVote(RaftServerProtocolServiceGrpc.java:265)
	at org.apache.ratis.grpc.server.GrpcServerProtocolClient.requestVote(GrpcServerProtocolClient.java:99)
	at org.apache.ratis.grpc.server.GrpcService.requestVote(GrpcService.java:204)
	at org.apache.ratis.server.impl.LeaderElection.lambda$submitRequests$1(LeaderElection.java:234)
	at java.util.concurrent.FutureTask.run(FutureTask.java:266)
	at java.util.concurrent.Executors$RunnableAdapter.call(Executors.java:511)
	at java.util.concurrent.FutureTask.run(FutureTask.java:266)
	at java.util.concurrent.ThreadPoolExecutor.runWorker(ThreadPoolExecutor.java:1149)
	at java.util.concurrent.ThreadPoolExecutor$Worker.run(ThreadPoolExecutor.java:624)
	... 1 more
Caused by: org.apache.ratis.thirdparty.io.netty.channel.AbstractChannel$AnnotatedConnectException: Connection refused: /192.168.69.102:45437
	at sun.nio.ch.SocketChannelImpl.checkConnect(Native Method)
	at sun.nio.ch.SocketChannelImpl.finishConnect(SocketChannelImpl.java:717)
	at org.apache.ratis.thirdparty.io.netty.channel.socket.nio.NioSocketChannel.doFinishConnect(NioSocketChannel.java:327)
	at org.apache.ratis.thirdparty.io.netty.channel.nio.AbstractNioChannel$AbstractNioUnsafe.finishConnect(AbstractNioChannel.java:340)
	at org.apache.ratis.thirdparty.io.netty.channel.nio.NioEventLoop.processSelectedKey(NioEventLoop.java:632)
	at org.apache.ratis.thirdparty.io.netty.channel.nio.NioEventLoop.processSelectedKeysOptimized(NioEventLoop.java:579)
	at org.apache.ratis.thirdparty.io.netty.channel.nio.NioEventLoop.processSelectedKeys(NioEventLoop.java:496)
	at org.apache.ratis.thirdparty.io.netty.channel.nio.NioEventLoop.run(NioEventLoop.java:458)
	at org.apache.ratis.thirdparty.io.netty.util.concurrent.SingleThreadEventExecutor$5.run(SingleThreadEventExecutor.java:897)
	at org.apache.ratis.thirdparty.io.netty.util.concurrent.FastThreadLocalRunnable.run(FastThreadLocalRunnable.java:30)
	... 1 more
Caused by: java.net.ConnectException: Connection refused
	... 11 more
2019-10-15 21:19:20,527 [61c3ff9d-aa4b-4312-85d3-a53b64a62d48@group-3A863E456FC8-LeaderElection1134] INFO  impl.LeaderElection (LeaderElection.java:logAndReturn(56)) - 61c3ff9d-aa4b-4312-85d3-a53b64a62d48@group-3A863E456FC8-LeaderElection1134: Election REJECTED; received 0 response(s) [] and 2 exception(s); 61c3ff9d-aa4b-4312-85d3-a53b64a62d48@group-3A863E456FC8:t3, leader=null, voted=61c3ff9d-aa4b-4312-85d3-a53b64a62d48, raftlog=61c3ff9d-aa4b-4312-85d3-a53b64a62d48@group-3A863E456FC8-SegmentedRaftLog:OPENED:c0,f0,i0, conf=0: [61c3ff9d-aa4b-4312-85d3-a53b64a62d48:192.168.69.102:42195, a27cc913-8f64-4948-968f-b26bd365b697:192.168.69.102:42925, c2130dde-588e-42a9-bf71-2215e165583f:192.168.69.102:45437], old=null
2019-10-15 21:19:20,527 [61c3ff9d-aa4b-4312-85d3-a53b64a62d48@group-3A863E456FC8-LeaderElection1134] INFO  impl.LeaderElection (LogUtils.java:infoOrTrace(149)) -   Exception 0: {}
java.util.concurrent.ExecutionException: org.apache.ratis.thirdparty.io.grpc.StatusRuntimeException: UNAVAILABLE: io exception
	at java.util.concurrent.FutureTask.report(FutureTask.java:122)
	at java.util.concurrent.FutureTask.get(FutureTask.java:192)
	at org.apache.ratis.server.impl.LeaderElection.waitForResults(LeaderElection.java:259)
	at org.apache.ratis.server.impl.LeaderElection.askForVotes(LeaderElection.java:197)
	at org.apache.ratis.server.impl.LeaderElection.run(LeaderElection.java:133)
	at java.lang.Thread.run(Thread.java:748)
Caused by: org.apache.ratis.thirdparty.io.grpc.StatusRuntimeException: UNAVAILABLE: io exception
	at org.apache.ratis.thirdparty.io.grpc.stub.ClientCalls.toStatusRuntimeException(ClientCalls.java:233)
	at org.apache.ratis.thirdparty.io.grpc.stub.ClientCalls.getUnchecked(ClientCalls.java:214)
	at org.apache.ratis.thirdparty.io.grpc.stub.ClientCalls.blockingUnaryCall(ClientCalls.java:139)
	at org.apache.ratis.proto.grpc.RaftServerProtocolServiceGrpc$RaftServerProtocolServiceBlockingStub.requestVote(RaftServerProtocolServiceGrpc.java:265)
	at org.apache.ratis.grpc.server.GrpcServerProtocolClient.requestVote(GrpcServerProtocolClient.java:99)
	at org.apache.ratis.grpc.server.GrpcService.requestVote(GrpcService.java:204)
	at org.apache.ratis.server.impl.LeaderElection.lambda$submitRequests$1(LeaderElection.java:234)
	at java.util.concurrent.FutureTask.run(FutureTask.java:266)
	at java.util.concurrent.Executors$RunnableAdapter.call(Executors.java:511)
	at java.util.concurrent.FutureTask.run(FutureTask.java:266)
	at java.util.concurrent.ThreadPoolExecutor.runWorker(ThreadPoolExecutor.java:1149)
	at java.util.concurrent.ThreadPoolExecutor$Worker.run(ThreadPoolExecutor.java:624)
	... 1 more
Caused by: org.apache.ratis.thirdparty.io.netty.channel.AbstractChannel$AnnotatedConnectException: Connection refused: /192.168.69.102:42925
	at sun.nio.ch.SocketChannelImpl.checkConnect(Native Method)
	at sun.nio.ch.SocketChannelImpl.finishConnect(SocketChannelImpl.java:717)
	at org.apache.ratis.thirdparty.io.netty.channel.socket.nio.NioSocketChannel.doFinishConnect(NioSocketChannel.java:327)
	at org.apache.ratis.thirdparty.io.netty.channel.nio.AbstractNioChannel$AbstractNioUnsafe.finishConnect(AbstractNioChannel.java:340)
	at org.apache.ratis.thirdparty.io.netty.channel.nio.NioEventLoop.processSelectedKey(NioEventLoop.java:632)
	at org.apache.ratis.thirdparty.io.netty.channel.nio.NioEventLoop.processSelectedKeysOptimized(NioEventLoop.java:579)
	at org.apache.ratis.thirdparty.io.netty.channel.nio.NioEventLoop.processSelectedKeys(NioEventLoop.java:496)
	at org.apache.ratis.thirdparty.io.netty.channel.nio.NioEventLoop.run(NioEventLoop.java:458)
	at org.apache.ratis.thirdparty.io.netty.util.concurrent.SingleThreadEventExecutor$5.run(SingleThreadEventExecutor.java:897)
	at org.apache.ratis.thirdparty.io.netty.util.concurrent.FastThreadLocalRunnable.run(FastThreadLocalRunnable.java:30)
	... 1 more
Caused by: java.net.ConnectException: Connection refused
	... 11 more
2019-10-15 21:19:20,527 [61c3ff9d-aa4b-4312-85d3-a53b64a62d48@group-3A863E456FC8-LeaderElection1134] INFO  impl.LeaderElection (LogUtils.java:infoOrTrace(149)) -   Exception 1: {}
java.util.concurrent.ExecutionException: org.apache.ratis.thirdparty.io.grpc.StatusRuntimeException: UNAVAILABLE: io exception
	at java.util.concurrent.FutureTask.report(FutureTask.java:122)
	at java.util.concurrent.FutureTask.get(FutureTask.java:192)
	at org.apache.ratis.server.impl.LeaderElection.waitForResults(LeaderElection.java:259)
	at org.apache.ratis.server.impl.LeaderElection.askForVotes(LeaderElection.java:197)
	at org.apache.ratis.server.impl.LeaderElection.run(LeaderElection.java:133)
	at java.lang.Thread.run(Thread.java:748)
Caused by: org.apache.ratis.thirdparty.io.grpc.StatusRuntimeException: UNAVAILABLE: io exception
	at org.apache.ratis.thirdparty.io.grpc.stub.ClientCalls.toStatusRuntimeException(ClientCalls.java:233)
	at org.apache.ratis.thirdparty.io.grpc.stub.ClientCalls.getUnchecked(ClientCalls.java:214)
	at org.apache.ratis.thirdparty.io.grpc.stub.ClientCalls.blockingUnaryCall(ClientCalls.java:139)
	at org.apache.ratis.proto.grpc.RaftServerProtocolServiceGrpc$RaftServerProtocolServiceBlockingStub.requestVote(RaftServerProtocolServiceGrpc.java:265)
	at org.apache.ratis.grpc.server.GrpcServerProtocolClient.requestVote(GrpcServerProtocolClient.java:99)
	at org.apache.ratis.grpc.server.GrpcService.requestVote(GrpcService.java:204)
	at org.apache.ratis.server.impl.LeaderElection.lambda$submitRequests$1(LeaderElection.java:234)
	at java.util.concurrent.FutureTask.run(FutureTask.java:266)
	at java.util.concurrent.Executors$RunnableAdapter.call(Executors.java:511)
	at java.util.concurrent.FutureTask.run(FutureTask.java:266)
	at java.util.concurrent.ThreadPoolExecutor.runWorker(ThreadPoolExecutor.java:1149)
	at java.util.concurrent.ThreadPoolExecutor$Worker.run(ThreadPoolExecutor.java:624)
	... 1 more
Caused by: org.apache.ratis.thirdparty.io.netty.channel.AbstractChannel$AnnotatedConnectException: Connection refused: /192.168.69.102:45437
	at sun.nio.ch.SocketChannelImpl.checkConnect(Native Method)
	at sun.nio.ch.SocketChannelImpl.finishConnect(SocketChannelImpl.java:717)
	at org.apache.ratis.thirdparty.io.netty.channel.socket.nio.NioSocketChannel.doFinishConnect(NioSocketChannel.java:327)
	at org.apache.ratis.thirdparty.io.netty.channel.nio.AbstractNioChannel$AbstractNioUnsafe.finishConnect(AbstractNioChannel.java:340)
	at org.apache.ratis.thirdparty.io.netty.channel.nio.NioEventLoop.processSelectedKey(NioEventLoop.java:632)
	at org.apache.ratis.thirdparty.io.netty.channel.nio.NioEventLoop.processSelectedKeysOptimized(NioEventLoop.java:579)
	at org.apache.ratis.thirdparty.io.netty.channel.nio.NioEventLoop.processSelectedKeys(NioEventLoop.java:496)
	at org.apache.ratis.thirdparty.io.netty.channel.nio.NioEventLoop.run(NioEventLoop.java:458)
	at org.apache.ratis.thirdparty.io.netty.util.concurrent.SingleThreadEventExecutor$5.run(SingleThreadEventExecutor.java:897)
	at org.apache.ratis.thirdparty.io.netty.util.concurrent.FastThreadLocalRunnable.run(FastThreadLocalRunnable.java:30)
	... 1 more
Caused by: java.net.ConnectException: Connection refused
	... 11 more
2019-10-15 21:19:20,527 [61c3ff9d-aa4b-4312-85d3-a53b64a62d48@group-3A863E456FC8-LeaderElection1134] INFO  impl.RaftServerImpl (RaftServerImpl.java:setRole(184)) - 61c3ff9d-aa4b-4312-85d3-a53b64a62d48@group-3A863E456FC8: changes role from CANDIDATE to FOLLOWER at term 3 for DISCOVERED_A_NEW_TERM
2019-10-15 21:19:20,528 [61c3ff9d-aa4b-4312-85d3-a53b64a62d48@group-3A863E456FC8-LeaderElection1134] INFO  impl.RoleInfo (RoleInfo.java:shutdownLeaderElection(134)) - 61c3ff9d-aa4b-4312-85d3-a53b64a62d48: shutdown LeaderElection
2019-10-15 21:19:20,528 [61c3ff9d-aa4b-4312-85d3-a53b64a62d48@group-3A863E456FC8-LeaderElection1134] INFO  impl.RoleInfo (RoleInfo.java:updateAndGet(143)) - 61c3ff9d-aa4b-4312-85d3-a53b64a62d48: start FollowerState
2019-10-15 21:19:20,729 [java.util.concurrent.ThreadPoolExecutor$Worker@10a62ebb[State = -1, empty queue]] WARN  server.GrpcLogAppender (GrpcLogAppender.java:timeoutAppendRequest(209)) - a27cc913-8f64-4948-968f-b26bd365b697@group-3A863E456FC8->c2130dde-588e-42a9-bf71-2215e165583f-GrpcLogAppender: appendEntries Timeout, request=a27cc913-8f64-4948-968f-b26bd365b697->c2130dde-588e-42a9-bf71-2215e165583f#62-t1, previous=(t:1, i:0), leaderCommit=0, initializing? false, entries: <empty>
2019-10-15 21:19:20,905 [java.util.concurrent.ThreadPoolExecutor$Worker@55d0dacb[State = -1, empty queue]] WARN  server.GrpcLogAppender (GrpcLogAppender.java:timeoutAppendRequest(209)) - 8cb7ea3b-ad52-4b28-856c-a59c42ac9757@group-2C98C0445E28->e66d25fa-4711-4065-821e-74242ad152cb-GrpcLogAppender: appendEntries Timeout, request=8cb7ea3b-ad52-4b28-856c-a59c42ac9757->e66d25fa-4711-4065-821e-74242ad152cb#72-t1, previous=(t:1, i:12), leaderCommit=12, initializing? false, entries: <empty>
2019-10-15 21:19:21,406 [java.util.concurrent.ThreadPoolExecutor$Worker@55d0dacb[State = -1, empty queue]] WARN  server.GrpcLogAppender (GrpcLogAppender.java:timeoutAppendRequest(209)) - 8cb7ea3b-ad52-4b28-856c-a59c42ac9757@group-2C98C0445E28->e66d25fa-4711-4065-821e-74242ad152cb-GrpcLogAppender: appendEntries Timeout, request=8cb7ea3b-ad52-4b28-856c-a59c42ac9757->e66d25fa-4711-4065-821e-74242ad152cb#73-t1, previous=(t:1, i:12), leaderCommit=12, initializing? false, entries: <empty>
2019-10-15 21:19:21,413 [java.util.concurrent.ThreadPoolExecutor$Worker@2c976197[State = -1, empty queue]] WARN  server.GrpcLogAppender (GrpcLogAppender.java:timeoutAppendRequest(209)) - 8cb7ea3b-ad52-4b28-856c-a59c42ac9757@group-2C98C0445E28->274b1c51-9c2c-4419-942c-803b5038fb5c-GrpcLogAppender: appendEntries Timeout, request=8cb7ea3b-ad52-4b28-856c-a59c42ac9757->274b1c51-9c2c-4419-942c-803b5038fb5c#73-t1, previous=(t:1, i:12), leaderCommit=12, initializing? false, entries: <empty>
2019-10-15 21:19:21,720 [Thread-9653] INFO  impl.FollowerState (FollowerState.java:run(108)) - 61c3ff9d-aa4b-4312-85d3-a53b64a62d48@group-3A863E456FC8-FollowerState: change to CANDIDATE, lastRpcTime:1192ms, electionTimeout:1192ms
2019-10-15 21:19:21,720 [Thread-9653] INFO  impl.RoleInfo (RoleInfo.java:shutdownFollowerState(121)) - 61c3ff9d-aa4b-4312-85d3-a53b64a62d48: shutdown FollowerState
2019-10-15 21:19:21,721 [Thread-9653] INFO  impl.RaftServerImpl (RaftServerImpl.java:setRole(184)) - 61c3ff9d-aa4b-4312-85d3-a53b64a62d48@group-3A863E456FC8: changes role from  FOLLOWER to CANDIDATE at term 3 for changeToCandidate
2019-10-15 21:19:21,721 [Thread-9653] INFO  impl.RoleInfo (RoleInfo.java:updateAndGet(143)) - 61c3ff9d-aa4b-4312-85d3-a53b64a62d48: start LeaderElection
2019-10-15 21:19:21,739 [61c3ff9d-aa4b-4312-85d3-a53b64a62d48@group-3A863E456FC8-LeaderElection1135] INFO  impl.LeaderElection (LeaderElection.java:askForVotes(178)) - 61c3ff9d-aa4b-4312-85d3-a53b64a62d48@group-3A863E456FC8-LeaderElection1135: begin an election at term 4 for 0: [61c3ff9d-aa4b-4312-85d3-a53b64a62d48:192.168.69.102:42195, a27cc913-8f64-4948-968f-b26bd365b697:192.168.69.102:42925, c2130dde-588e-42a9-bf71-2215e165583f:192.168.69.102:45437], old=null
2019-10-15 21:19:21,740 [61c3ff9d-aa4b-4312-85d3-a53b64a62d48@group-3A863E456FC8-LeaderElection1135] INFO  impl.LeaderElection (LogUtils.java:infoOrTrace(149)) - 61c3ff9d-aa4b-4312-85d3-a53b64a62d48@group-3A863E456FC8-LeaderElection1135 got exception when requesting votes: {}
java.util.concurrent.ExecutionException: org.apache.ratis.thirdparty.io.grpc.StatusRuntimeException: UNAVAILABLE: io exception
	at java.util.concurrent.FutureTask.report(FutureTask.java:122)
	at java.util.concurrent.FutureTask.get(FutureTask.java:192)
	at org.apache.ratis.server.impl.LeaderElection.waitForResults(LeaderElection.java:259)
	at org.apache.ratis.server.impl.LeaderElection.askForVotes(LeaderElection.java:197)
	at org.apache.ratis.server.impl.LeaderElection.run(LeaderElection.java:133)
	at java.lang.Thread.run(Thread.java:748)
Caused by: org.apache.ratis.thirdparty.io.grpc.StatusRuntimeException: UNAVAILABLE: io exception
	at org.apache.ratis.thirdparty.io.grpc.stub.ClientCalls.toStatusRuntimeException(ClientCalls.java:233)
	at org.apache.ratis.thirdparty.io.grpc.stub.ClientCalls.getUnchecked(ClientCalls.java:214)
	at org.apache.ratis.thirdparty.io.grpc.stub.ClientCalls.blockingUnaryCall(ClientCalls.java:139)
	at org.apache.ratis.proto.grpc.RaftServerProtocolServiceGrpc$RaftServerProtocolServiceBlockingStub.requestVote(RaftServerProtocolServiceGrpc.java:265)
	at org.apache.ratis.grpc.server.GrpcServerProtocolClient.requestVote(GrpcServerProtocolClient.java:99)
	at org.apache.ratis.grpc.server.GrpcService.requestVote(GrpcService.java:204)
	at org.apache.ratis.server.impl.LeaderElection.lambda$submitRequests$1(LeaderElection.java:234)
	at java.util.concurrent.FutureTask.run(FutureTask.java:266)
	at java.util.concurrent.Executors$RunnableAdapter.call(Executors.java:511)
	at java.util.concurrent.FutureTask.run(FutureTask.java:266)
	at java.util.concurrent.ThreadPoolExecutor.runWorker(ThreadPoolExecutor.java:1149)
	at java.util.concurrent.ThreadPoolExecutor$Worker.run(ThreadPoolExecutor.java:624)
	... 1 more
Caused by: org.apache.ratis.thirdparty.io.netty.channel.AbstractChannel$AnnotatedConnectException: Connection refused: /192.168.69.102:45437
	at sun.nio.ch.SocketChannelImpl.checkConnect(Native Method)
	at sun.nio.ch.SocketChannelImpl.finishConnect(SocketChannelImpl.java:717)
	at org.apache.ratis.thirdparty.io.netty.channel.socket.nio.NioSocketChannel.doFinishConnect(NioSocketChannel.java:327)
	at org.apache.ratis.thirdparty.io.netty.channel.nio.AbstractNioChannel$AbstractNioUnsafe.finishConnect(AbstractNioChannel.java:340)
	at org.apache.ratis.thirdparty.io.netty.channel.nio.NioEventLoop.processSelectedKey(NioEventLoop.java:632)
	at org.apache.ratis.thirdparty.io.netty.channel.nio.NioEventLoop.processSelectedKeysOptimized(NioEventLoop.java:579)
	at org.apache.ratis.thirdparty.io.netty.channel.nio.NioEventLoop.processSelectedKeys(NioEventLoop.java:496)
	at org.apache.ratis.thirdparty.io.netty.channel.nio.NioEventLoop.run(NioEventLoop.java:458)
	at org.apache.ratis.thirdparty.io.netty.util.concurrent.SingleThreadEventExecutor$5.run(SingleThreadEventExecutor.java:897)
	at org.apache.ratis.thirdparty.io.netty.util.concurrent.FastThreadLocalRunnable.run(FastThreadLocalRunnable.java:30)
	... 1 more
Caused by: java.net.ConnectException: Connection refused
	... 11 more
2019-10-15 21:19:21,741 [61c3ff9d-aa4b-4312-85d3-a53b64a62d48@group-3A863E456FC8-LeaderElection1135] INFO  impl.LeaderElection (LogUtils.java:infoOrTrace(149)) - 61c3ff9d-aa4b-4312-85d3-a53b64a62d48@group-3A863E456FC8-LeaderElection1135 got exception when requesting votes: {}
java.util.concurrent.ExecutionException: org.apache.ratis.thirdparty.io.grpc.StatusRuntimeException: UNAVAILABLE: io exception
	at java.util.concurrent.FutureTask.report(FutureTask.java:122)
	at java.util.concurrent.FutureTask.get(FutureTask.java:192)
	at org.apache.ratis.server.impl.LeaderElection.waitForResults(LeaderElection.java:259)
	at org.apache.ratis.server.impl.LeaderElection.askForVotes(LeaderElection.java:197)
	at org.apache.ratis.server.impl.LeaderElection.run(LeaderElection.java:133)
	at java.lang.Thread.run(Thread.java:748)
Caused by: org.apache.ratis.thirdparty.io.grpc.StatusRuntimeException: UNAVAILABLE: io exception
	at org.apache.ratis.thirdparty.io.grpc.stub.ClientCalls.toStatusRuntimeException(ClientCalls.java:233)
	at org.apache.ratis.thirdparty.io.grpc.stub.ClientCalls.getUnchecked(ClientCalls.java:214)
	at org.apache.ratis.thirdparty.io.grpc.stub.ClientCalls.blockingUnaryCall(ClientCalls.java:139)
	at org.apache.ratis.proto.grpc.RaftServerProtocolServiceGrpc$RaftServerProtocolServiceBlockingStub.requestVote(RaftServerProtocolServiceGrpc.java:265)
	at org.apache.ratis.grpc.server.GrpcServerProtocolClient.requestVote(GrpcServerProtocolClient.java:99)
	at org.apache.ratis.grpc.server.GrpcService.requestVote(GrpcService.java:204)
	at org.apache.ratis.server.impl.LeaderElection.lambda$submitRequests$1(LeaderElection.java:234)
	at java.util.concurrent.FutureTask.run(FutureTask.java:266)
	at java.util.concurrent.Executors$RunnableAdapter.call(Executors.java:511)
	at java.util.concurrent.FutureTask.run(FutureTask.java:266)
	at java.util.concurrent.ThreadPoolExecutor.runWorker(ThreadPoolExecutor.java:1149)
	at java.util.concurrent.ThreadPoolExecutor$Worker.run(ThreadPoolExecutor.java:624)
	... 1 more
Caused by: org.apache.ratis.thirdparty.io.netty.channel.AbstractChannel$AnnotatedConnectException: Connection refused: /192.168.69.102:42925
	at sun.nio.ch.SocketChannelImpl.checkConnect(Native Method)
	at sun.nio.ch.SocketChannelImpl.finishConnect(SocketChannelImpl.java:717)
	at org.apache.ratis.thirdparty.io.netty.channel.socket.nio.NioSocketChannel.doFinishConnect(NioSocketChannel.java:327)
	at org.apache.ratis.thirdparty.io.netty.channel.nio.AbstractNioChannel$AbstractNioUnsafe.finishConnect(AbstractNioChannel.java:340)
	at org.apache.ratis.thirdparty.io.netty.channel.nio.NioEventLoop.processSelectedKey(NioEventLoop.java:632)
	at org.apache.ratis.thirdparty.io.netty.channel.nio.NioEventLoop.processSelectedKeysOptimized(NioEventLoop.java:579)
	at org.apache.ratis.thirdparty.io.netty.channel.nio.NioEventLoop.processSelectedKeys(NioEventLoop.java:496)
	at org.apache.ratis.thirdparty.io.netty.channel.nio.NioEventLoop.run(NioEventLoop.java:458)
	at org.apache.ratis.thirdparty.io.netty.util.concurrent.SingleThreadEventExecutor$5.run(SingleThreadEventExecutor.java:897)
	at org.apache.ratis.thirdparty.io.netty.util.concurrent.FastThreadLocalRunnable.run(FastThreadLocalRunnable.java:30)
	... 1 more
Caused by: java.net.ConnectException: Connection refused
	... 11 more
2019-10-15 21:19:21,741 [61c3ff9d-aa4b-4312-85d3-a53b64a62d48@group-3A863E456FC8-LeaderElection1135] INFO  impl.LeaderElection (LeaderElection.java:logAndReturn(56)) - 61c3ff9d-aa4b-4312-85d3-a53b64a62d48@group-3A863E456FC8-LeaderElection1135: Election REJECTED; received 0 response(s) [] and 2 exception(s); 61c3ff9d-aa4b-4312-85d3-a53b64a62d48@group-3A863E456FC8:t4, leader=null, voted=61c3ff9d-aa4b-4312-85d3-a53b64a62d48, raftlog=61c3ff9d-aa4b-4312-85d3-a53b64a62d48@group-3A863E456FC8-SegmentedRaftLog:OPENED:c0,f0,i0, conf=0: [61c3ff9d-aa4b-4312-85d3-a53b64a62d48:192.168.69.102:42195, a27cc913-8f64-4948-968f-b26bd365b697:192.168.69.102:42925, c2130dde-588e-42a9-bf71-2215e165583f:192.168.69.102:45437], old=null
2019-10-15 21:19:21,741 [61c3ff9d-aa4b-4312-85d3-a53b64a62d48@group-3A863E456FC8-LeaderElection1135] INFO  impl.LeaderElection (LogUtils.java:infoOrTrace(149)) -   Exception 0: {}
java.util.concurrent.ExecutionException: org.apache.ratis.thirdparty.io.grpc.StatusRuntimeException: UNAVAILABLE: io exception
	at java.util.concurrent.FutureTask.report(FutureTask.java:122)
	at java.util.concurrent.FutureTask.get(FutureTask.java:192)
	at org.apache.ratis.server.impl.LeaderElection.waitForResults(LeaderElection.java:259)
	at org.apache.ratis.server.impl.LeaderElection.askForVotes(LeaderElection.java:197)
	at org.apache.ratis.server.impl.LeaderElection.run(LeaderElection.java:133)
	at java.lang.Thread.run(Thread.java:748)
Caused by: org.apache.ratis.thirdparty.io.grpc.StatusRuntimeException: UNAVAILABLE: io exception
	at org.apache.ratis.thirdparty.io.grpc.stub.ClientCalls.toStatusRuntimeException(ClientCalls.java:233)
	at org.apache.ratis.thirdparty.io.grpc.stub.ClientCalls.getUnchecked(ClientCalls.java:214)
	at org.apache.ratis.thirdparty.io.grpc.stub.ClientCalls.blockingUnaryCall(ClientCalls.java:139)
	at org.apache.ratis.proto.grpc.RaftServerProtocolServiceGrpc$RaftServerProtocolServiceBlockingStub.requestVote(RaftServerProtocolServiceGrpc.java:265)
	at org.apache.ratis.grpc.server.GrpcServerProtocolClient.requestVote(GrpcServerProtocolClient.java:99)
	at org.apache.ratis.grpc.server.GrpcService.requestVote(GrpcService.java:204)
	at org.apache.ratis.server.impl.LeaderElection.lambda$submitRequests$1(LeaderElection.java:234)
	at java.util.concurrent.FutureTask.run(FutureTask.java:266)
	at java.util.concurrent.Executors$RunnableAdapter.call(Executors.java:511)
	at java.util.concurrent.FutureTask.run(FutureTask.java:266)
	at java.util.concurrent.ThreadPoolExecutor.runWorker(ThreadPoolExecutor.java:1149)
	at java.util.concurrent.ThreadPoolExecutor$Worker.run(ThreadPoolExecutor.java:624)
	... 1 more
Caused by: org.apache.ratis.thirdparty.io.netty.channel.AbstractChannel$AnnotatedConnectException: Connection refused: /192.168.69.102:45437
	at sun.nio.ch.SocketChannelImpl.checkConnect(Native Method)
	at sun.nio.ch.SocketChannelImpl.finishConnect(SocketChannelImpl.java:717)
	at org.apache.ratis.thirdparty.io.netty.channel.socket.nio.NioSocketChannel.doFinishConnect(NioSocketChannel.java:327)
	at org.apache.ratis.thirdparty.io.netty.channel.nio.AbstractNioChannel$AbstractNioUnsafe.finishConnect(AbstractNioChannel.java:340)
	at org.apache.ratis.thirdparty.io.netty.channel.nio.NioEventLoop.processSelectedKey(NioEventLoop.java:632)
	at org.apache.ratis.thirdparty.io.netty.channel.nio.NioEventLoop.processSelectedKeysOptimized(NioEventLoop.java:579)
	at org.apache.ratis.thirdparty.io.netty.channel.nio.NioEventLoop.processSelectedKeys(NioEventLoop.java:496)
	at org.apache.ratis.thirdparty.io.netty.channel.nio.NioEventLoop.run(NioEventLoop.java:458)
	at org.apache.ratis.thirdparty.io.netty.util.concurrent.SingleThreadEventExecutor$5.run(SingleThreadEventExecutor.java:897)
	at org.apache.ratis.thirdparty.io.netty.util.concurrent.FastThreadLocalRunnable.run(FastThreadLocalRunnable.java:30)
	... 1 more
Caused by: java.net.ConnectException: Connection refused
	... 11 more
2019-10-15 21:19:21,741 [61c3ff9d-aa4b-4312-85d3-a53b64a62d48@group-3A863E456FC8-LeaderElection1135] INFO  impl.LeaderElection (LogUtils.java:infoOrTrace(149)) -   Exception 1: {}
java.util.concurrent.ExecutionException: org.apache.ratis.thirdparty.io.grpc.StatusRuntimeException: UNAVAILABLE: io exception
	at java.util.concurrent.FutureTask.report(FutureTask.java:122)
	at java.util.concurrent.FutureTask.get(FutureTask.java:192)
	at org.apache.ratis.server.impl.LeaderElection.waitForResults(LeaderElection.java:259)
	at org.apache.ratis.server.impl.LeaderElection.askForVotes(LeaderElection.java:197)
	at org.apache.ratis.server.impl.LeaderElection.run(LeaderElection.java:133)
	at java.lang.Thread.run(Thread.java:748)
Caused by: org.apache.ratis.thirdparty.io.grpc.StatusRuntimeException: UNAVAILABLE: io exception
	at org.apache.ratis.thirdparty.io.grpc.stub.ClientCalls.toStatusRuntimeException(ClientCalls.java:233)
	at org.apache.ratis.thirdparty.io.grpc.stub.ClientCalls.getUnchecked(ClientCalls.java:214)
	at org.apache.ratis.thirdparty.io.grpc.stub.ClientCalls.blockingUnaryCall(ClientCalls.java:139)
	at org.apache.ratis.proto.grpc.RaftServerProtocolServiceGrpc$RaftServerProtocolServiceBlockingStub.requestVote(RaftServerProtocolServiceGrpc.java:265)
	at org.apache.ratis.grpc.server.GrpcServerProtocolClient.requestVote(GrpcServerProtocolClient.java:99)
	at org.apache.ratis.grpc.server.GrpcService.requestVote(GrpcService.java:204)
	at org.apache.ratis.server.impl.LeaderElection.lambda$submitRequests$1(LeaderElection.java:234)
	at java.util.concurrent.FutureTask.run(FutureTask.java:266)
	at java.util.concurrent.Executors$RunnableAdapter.call(Executors.java:511)
	at java.util.concurrent.FutureTask.run(FutureTask.java:266)
	at java.util.concurrent.ThreadPoolExecutor.runWorker(ThreadPoolExecutor.java:1149)
	at java.util.concurrent.ThreadPoolExecutor$Worker.run(ThreadPoolExecutor.java:624)
	... 1 more
Caused by: org.apache.ratis.thirdparty.io.netty.channel.AbstractChannel$AnnotatedConnectException: Connection refused: /192.168.69.102:42925
	at sun.nio.ch.SocketChannelImpl.checkConnect(Native Method)
	at sun.nio.ch.SocketChannelImpl.finishConnect(SocketChannelImpl.java:717)
	at org.apache.ratis.thirdparty.io.netty.channel.socket.nio.NioSocketChannel.doFinishConnect(NioSocketChannel.java:327)
	at org.apache.ratis.thirdparty.io.netty.channel.nio.AbstractNioChannel$AbstractNioUnsafe.finishConnect(AbstractNioChannel.java:340)
	at org.apache.ratis.thirdparty.io.netty.channel.nio.NioEventLoop.processSelectedKey(NioEventLoop.java:632)
	at org.apache.ratis.thirdparty.io.netty.channel.nio.NioEventLoop.processSelectedKeysOptimized(NioEventLoop.java:579)
	at org.apache.ratis.thirdparty.io.netty.channel.nio.NioEventLoop.processSelectedKeys(NioEventLoop.java:496)
	at org.apache.ratis.thirdparty.io.netty.channel.nio.NioEventLoop.run(NioEventLoop.java:458)
	at org.apache.ratis.thirdparty.io.netty.util.concurrent.SingleThreadEventExecutor$5.run(SingleThreadEventExecutor.java:897)
	at org.apache.ratis.thirdparty.io.netty.util.concurrent.FastThreadLocalRunnable.run(FastThreadLocalRunnable.java:30)
	... 1 more
Caused by: java.net.ConnectException: Connection refused
	... 11 more
2019-10-15 21:19:21,741 [61c3ff9d-aa4b-4312-85d3-a53b64a62d48@group-3A863E456FC8-LeaderElection1135] INFO  impl.RaftServerImpl (RaftServerImpl.java:setRole(184)) - 61c3ff9d-aa4b-4312-85d3-a53b64a62d48@group-3A863E456FC8: changes role from CANDIDATE to FOLLOWER at term 4 for DISCOVERED_A_NEW_TERM
2019-10-15 21:19:21,741 [61c3ff9d-aa4b-4312-85d3-a53b64a62d48@group-3A863E456FC8-LeaderElection1135] INFO  impl.RoleInfo (RoleInfo.java:shutdownLeaderElection(134)) - 61c3ff9d-aa4b-4312-85d3-a53b64a62d48: shutdown LeaderElection
2019-10-15 21:19:21,741 [61c3ff9d-aa4b-4312-85d3-a53b64a62d48@group-3A863E456FC8-LeaderElection1135] INFO  impl.RoleInfo (RoleInfo.java:updateAndGet(143)) - 61c3ff9d-aa4b-4312-85d3-a53b64a62d48: start FollowerState
2019-10-15 21:19:21,906 [java.util.concurrent.ThreadPoolExecutor$Worker@55d0dacb[State = -1, empty queue]] WARN  server.GrpcLogAppender (GrpcLogAppender.java:timeoutAppendRequest(209)) - 8cb7ea3b-ad52-4b28-856c-a59c42ac9757@group-2C98C0445E28->e66d25fa-4711-4065-821e-74242ad152cb-GrpcLogAppender: appendEntries Timeout, request=8cb7ea3b-ad52-4b28-856c-a59c42ac9757->e66d25fa-4711-4065-821e-74242ad152cb#74-t1, previous=(t:1, i:12), leaderCommit=12, initializing? false, entries: <empty>
2019-10-15 21:19:21,914 [java.util.concurrent.ThreadPoolExecutor$Worker@2c976197[State = -1, empty queue]] WARN  server.GrpcLogAppender (GrpcLogAppender.java:timeoutAppendRequest(209)) - 8cb7ea3b-ad52-4b28-856c-a59c42ac9757@group-2C98C0445E28->274b1c51-9c2c-4419-942c-803b5038fb5c-GrpcLogAppender: appendEntries Timeout, request=8cb7ea3b-ad52-4b28-856c-a59c42ac9757->274b1c51-9c2c-4419-942c-803b5038fb5c#74-t1, previous=(t:1, i:12), leaderCommit=12, initializing? false, entries: <empty>
2019-10-15 21:19:22,406 [java.util.concurrent.ThreadPoolExecutor$Worker@55d0dacb[State = -1, empty queue]] WARN  server.GrpcLogAppender (GrpcLogAppender.java:timeoutAppendRequest(209)) - 8cb7ea3b-ad52-4b28-856c-a59c42ac9757@group-2C98C0445E28->e66d25fa-4711-4065-821e-74242ad152cb-GrpcLogAppender: appendEntries Timeout, request=8cb7ea3b-ad52-4b28-856c-a59c42ac9757->e66d25fa-4711-4065-821e-74242ad152cb#75-t1, previous=(t:1, i:12), leaderCommit=12, initializing? false, entries: <empty>
2019-10-15 21:19:22,414 [java.util.concurrent.ThreadPoolExecutor$Worker@2c976197[State = -1, empty queue]] WARN  server.GrpcLogAppender (GrpcLogAppender.java:timeoutAppendRequest(209)) - 8cb7ea3b-ad52-4b28-856c-a59c42ac9757@group-2C98C0445E28->274b1c51-9c2c-4419-942c-803b5038fb5c-GrpcLogAppender: appendEntries Timeout, request=8cb7ea3b-ad52-4b28-856c-a59c42ac9757->274b1c51-9c2c-4419-942c-803b5038fb5c#75-t1, previous=(t:1, i:12), leaderCommit=12, initializing? false, entries: <empty>
2019-10-15 21:19:22,786 [Thread-9657] INFO  impl.FollowerState (FollowerState.java:run(108)) - 61c3ff9d-aa4b-4312-85d3-a53b64a62d48@group-3A863E456FC8-FollowerState: change to CANDIDATE, lastRpcTime:1044ms, electionTimeout:1044ms
2019-10-15 21:19:22,786 [Thread-9657] INFO  impl.RoleInfo (RoleInfo.java:shutdownFollowerState(121)) - 61c3ff9d-aa4b-4312-85d3-a53b64a62d48: shutdown FollowerState
2019-10-15 21:19:22,786 [Thread-9657] INFO  impl.RaftServerImpl (RaftServerImpl.java:setRole(184)) - 61c3ff9d-aa4b-4312-85d3-a53b64a62d48@group-3A863E456FC8: changes role from  FOLLOWER to CANDIDATE at term 4 for changeToCandidate
2019-10-15 21:19:22,786 [Thread-9657] INFO  impl.RoleInfo (RoleInfo.java:updateAndGet(143)) - 61c3ff9d-aa4b-4312-85d3-a53b64a62d48: start LeaderElection
2019-10-15 21:19:22,792 [61c3ff9d-aa4b-4312-85d3-a53b64a62d48@group-3A863E456FC8-LeaderElection1136] INFO  impl.LeaderElection (LeaderElection.java:askForVotes(178)) - 61c3ff9d-aa4b-4312-85d3-a53b64a62d48@group-3A863E456FC8-LeaderElection1136: begin an election at term 5 for 0: [61c3ff9d-aa4b-4312-85d3-a53b64a62d48:192.168.69.102:42195, a27cc913-8f64-4948-968f-b26bd365b697:192.168.69.102:42925, c2130dde-588e-42a9-bf71-2215e165583f:192.168.69.102:45437], old=null
2019-10-15 21:19:22,794 [61c3ff9d-aa4b-4312-85d3-a53b64a62d48@group-3A863E456FC8-LeaderElection1136] INFO  impl.LeaderElection (LogUtils.java:infoOrTrace(149)) - 61c3ff9d-aa4b-4312-85d3-a53b64a62d48@group-3A863E456FC8-LeaderElection1136 got exception when requesting votes: {}
java.util.concurrent.ExecutionException: org.apache.ratis.thirdparty.io.grpc.StatusRuntimeException: UNAVAILABLE: io exception
	at java.util.concurrent.FutureTask.report(FutureTask.java:122)
	at java.util.concurrent.FutureTask.get(FutureTask.java:192)
	at org.apache.ratis.server.impl.LeaderElection.waitForResults(LeaderElection.java:259)
	at org.apache.ratis.server.impl.LeaderElection.askForVotes(LeaderElection.java:197)
	at org.apache.ratis.server.impl.LeaderElection.run(LeaderElection.java:133)
	at java.lang.Thread.run(Thread.java:748)
Caused by: org.apache.ratis.thirdparty.io.grpc.StatusRuntimeException: UNAVAILABLE: io exception
	at org.apache.ratis.thirdparty.io.grpc.stub.ClientCalls.toStatusRuntimeException(ClientCalls.java:233)
	at org.apache.ratis.thirdparty.io.grpc.stub.ClientCalls.getUnchecked(ClientCalls.java:214)
	at org.apache.ratis.thirdparty.io.grpc.stub.ClientCalls.blockingUnaryCall(ClientCalls.java:139)
	at org.apache.ratis.proto.grpc.RaftServerProtocolServiceGrpc$RaftServerProtocolServiceBlockingStub.requestVote(RaftServerProtocolServiceGrpc.java:265)
	at org.apache.ratis.grpc.server.GrpcServerProtocolClient.requestVote(GrpcServerProtocolClient.java:99)
	at org.apache.ratis.grpc.server.GrpcService.requestVote(GrpcService.java:204)
	at org.apache.ratis.server.impl.LeaderElection.lambda$submitRequests$1(LeaderElection.java:234)
	at java.util.concurrent.FutureTask.run(FutureTask.java:266)
	at java.util.concurrent.Executors$RunnableAdapter.call(Executors.java:511)
	at java.util.concurrent.FutureTask.run(FutureTask.java:266)
	at java.util.concurrent.ThreadPoolExecutor.runWorker(ThreadPoolExecutor.java:1149)
	at java.util.concurrent.ThreadPoolExecutor$Worker.run(ThreadPoolExecutor.java:624)
	... 1 more
Caused by: org.apache.ratis.thirdparty.io.netty.channel.AbstractChannel$AnnotatedConnectException: Connection refused: /192.168.69.102:42925
	at sun.nio.ch.SocketChannelImpl.checkConnect(Native Method)
	at sun.nio.ch.SocketChannelImpl.finishConnect(SocketChannelImpl.java:717)
	at org.apache.ratis.thirdparty.io.netty.channel.socket.nio.NioSocketChannel.doFinishConnect(NioSocketChannel.java:327)
	at org.apache.ratis.thirdparty.io.netty.channel.nio.AbstractNioChannel$AbstractNioUnsafe.finishConnect(AbstractNioChannel.java:340)
	at org.apache.ratis.thirdparty.io.netty.channel.nio.NioEventLoop.processSelectedKey(NioEventLoop.java:632)
	at org.apache.ratis.thirdparty.io.netty.channel.nio.NioEventLoop.processSelectedKeysOptimized(NioEventLoop.java:579)
	at org.apache.ratis.thirdparty.io.netty.channel.nio.NioEventLoop.processSelectedKeys(NioEventLoop.java:496)
	at org.apache.ratis.thirdparty.io.netty.channel.nio.NioEventLoop.run(NioEventLoop.java:458)
	at org.apache.ratis.thirdparty.io.netty.util.concurrent.SingleThreadEventExecutor$5.run(SingleThreadEventExecutor.java:897)
	at org.apache.ratis.thirdparty.io.netty.util.concurrent.FastThreadLocalRunnable.run(FastThreadLocalRunnable.java:30)
	... 1 more
Caused by: java.net.ConnectException: Connection refused
	... 11 more
2019-10-15 21:19:22,794 [61c3ff9d-aa4b-4312-85d3-a53b64a62d48@group-3A863E456FC8-LeaderElection1136] INFO  impl.LeaderElection (LogUtils.java:infoOrTrace(149)) - 61c3ff9d-aa4b-4312-85d3-a53b64a62d48@group-3A863E456FC8-LeaderElection1136 got exception when requesting votes: {}
java.util.concurrent.ExecutionException: org.apache.ratis.thirdparty.io.grpc.StatusRuntimeException: UNAVAILABLE: io exception
	at java.util.concurrent.FutureTask.report(FutureTask.java:122)
	at java.util.concurrent.FutureTask.get(FutureTask.java:192)
	at org.apache.ratis.server.impl.LeaderElection.waitForResults(LeaderElection.java:259)
	at org.apache.ratis.server.impl.LeaderElection.askForVotes(LeaderElection.java:197)
	at org.apache.ratis.server.impl.LeaderElection.run(LeaderElection.java:133)
	at java.lang.Thread.run(Thread.java:748)
Caused by: org.apache.ratis.thirdparty.io.grpc.StatusRuntimeException: UNAVAILABLE: io exception
	at org.apache.ratis.thirdparty.io.grpc.stub.ClientCalls.toStatusRuntimeException(ClientCalls.java:233)
	at org.apache.ratis.thirdparty.io.grpc.stub.ClientCalls.getUnchecked(ClientCalls.java:214)
	at org.apache.ratis.thirdparty.io.grpc.stub.ClientCalls.blockingUnaryCall(ClientCalls.java:139)
	at org.apache.ratis.proto.grpc.RaftServerProtocolServiceGrpc$RaftServerProtocolServiceBlockingStub.requestVote(RaftServerProtocolServiceGrpc.java:265)
	at org.apache.ratis.grpc.server.GrpcServerProtocolClient.requestVote(GrpcServerProtocolClient.java:99)
	at org.apache.ratis.grpc.server.GrpcService.requestVote(GrpcService.java:204)
	at org.apache.ratis.server.impl.LeaderElection.lambda$submitRequests$1(LeaderElection.java:234)
	at java.util.concurrent.FutureTask.run(FutureTask.java:266)
	at java.util.concurrent.Executors$RunnableAdapter.call(Executors.java:511)
	at java.util.concurrent.FutureTask.run(FutureTask.java:266)
	at java.util.concurrent.ThreadPoolExecutor.runWorker(ThreadPoolExecutor.java:1149)
	at java.util.concurrent.ThreadPoolExecutor$Worker.run(ThreadPoolExecutor.java:624)
	... 1 more
Caused by: org.apache.ratis.thirdparty.io.netty.channel.AbstractChannel$AnnotatedConnectException: Connection refused: /192.168.69.102:45437
	at sun.nio.ch.SocketChannelImpl.checkConnect(Native Method)
	at sun.nio.ch.SocketChannelImpl.finishConnect(SocketChannelImpl.java:717)
	at org.apache.ratis.thirdparty.io.netty.channel.socket.nio.NioSocketChannel.doFinishConnect(NioSocketChannel.java:327)
	at org.apache.ratis.thirdparty.io.netty.channel.nio.AbstractNioChannel$AbstractNioUnsafe.finishConnect(AbstractNioChannel.java:340)
	at org.apache.ratis.thirdparty.io.netty.channel.nio.NioEventLoop.processSelectedKey(NioEventLoop.java:632)
	at org.apache.ratis.thirdparty.io.netty.channel.nio.NioEventLoop.processSelectedKeysOptimized(NioEventLoop.java:579)
	at org.apache.ratis.thirdparty.io.netty.channel.nio.NioEventLoop.processSelectedKeys(NioEventLoop.java:496)
	at org.apache.ratis.thirdparty.io.netty.channel.nio.NioEventLoop.run(NioEventLoop.java:458)
	at org.apache.ratis.thirdparty.io.netty.util.concurrent.SingleThreadEventExecutor$5.run(SingleThreadEventExecutor.java:897)
	at org.apache.ratis.thirdparty.io.netty.util.concurrent.FastThreadLocalRunnable.run(FastThreadLocalRunnable.java:30)
	... 1 more
Caused by: java.net.ConnectException: Connection refused
	... 11 more
2019-10-15 21:19:22,795 [61c3ff9d-aa4b-4312-85d3-a53b64a62d48@group-3A863E456FC8-LeaderElection1136] INFO  impl.LeaderElection (LeaderElection.java:logAndReturn(56)) - 61c3ff9d-aa4b-4312-85d3-a53b64a62d48@group-3A863E456FC8-LeaderElection1136: Election REJECTED; received 0 response(s) [] and 2 exception(s); 61c3ff9d-aa4b-4312-85d3-a53b64a62d48@group-3A863E456FC8:t5, leader=null, voted=61c3ff9d-aa4b-4312-85d3-a53b64a62d48, raftlog=61c3ff9d-aa4b-4312-85d3-a53b64a62d48@group-3A863E456FC8-SegmentedRaftLog:OPENED:c0,f0,i0, conf=0: [61c3ff9d-aa4b-4312-85d3-a53b64a62d48:192.168.69.102:42195, a27cc913-8f64-4948-968f-b26bd365b697:192.168.69.102:42925, c2130dde-588e-42a9-bf71-2215e165583f:192.168.69.102:45437], old=null
2019-10-15 21:19:22,795 [61c3ff9d-aa4b-4312-85d3-a53b64a62d48@group-3A863E456FC8-LeaderElection1136] INFO  impl.LeaderElection (LogUtils.java:infoOrTrace(149)) -   Exception 0: {}
java.util.concurrent.ExecutionException: org.apache.ratis.thirdparty.io.grpc.StatusRuntimeException: UNAVAILABLE: io exception
	at java.util.concurrent.FutureTask.report(FutureTask.java:122)
	at java.util.concurrent.FutureTask.get(FutureTask.java:192)
	at org.apache.ratis.server.impl.LeaderElection.waitForResults(LeaderElection.java:259)
	at org.apache.ratis.server.impl.LeaderElection.askForVotes(LeaderElection.java:197)
	at org.apache.ratis.server.impl.LeaderElection.run(LeaderElection.java:133)
	at java.lang.Thread.run(Thread.java:748)
Caused by: org.apache.ratis.thirdparty.io.grpc.StatusRuntimeException: UNAVAILABLE: io exception
	at org.apache.ratis.thirdparty.io.grpc.stub.ClientCalls.toStatusRuntimeException(ClientCalls.java:233)
	at org.apache.ratis.thirdparty.io.grpc.stub.ClientCalls.getUnchecked(ClientCalls.java:214)
	at org.apache.ratis.thirdparty.io.grpc.stub.ClientCalls.blockingUnaryCall(ClientCalls.java:139)
	at org.apache.ratis.proto.grpc.RaftServerProtocolServiceGrpc$RaftServerProtocolServiceBlockingStub.requestVote(RaftServerProtocolServiceGrpc.java:265)
	at org.apache.ratis.grpc.server.GrpcServerProtocolClient.requestVote(GrpcServerProtocolClient.java:99)
	at org.apache.ratis.grpc.server.GrpcService.requestVote(GrpcService.java:204)
	at org.apache.ratis.server.impl.LeaderElection.lambda$submitRequests$1(LeaderElection.java:234)
	at java.util.concurrent.FutureTask.run(FutureTask.java:266)
	at java.util.concurrent.Executors$RunnableAdapter.call(Executors.java:511)
	at java.util.concurrent.FutureTask.run(FutureTask.java:266)
	at java.util.concurrent.ThreadPoolExecutor.runWorker(ThreadPoolExecutor.java:1149)
	at java.util.concurrent.ThreadPoolExecutor$Worker.run(ThreadPoolExecutor.java:624)
	... 1 more
Caused by: org.apache.ratis.thirdparty.io.netty.channel.AbstractChannel$AnnotatedConnectException: Connection refused: /192.168.69.102:42925
	at sun.nio.ch.SocketChannelImpl.checkConnect(Native Method)
	at sun.nio.ch.SocketChannelImpl.finishConnect(SocketChannelImpl.java:717)
	at org.apache.ratis.thirdparty.io.netty.channel.socket.nio.NioSocketChannel.doFinishConnect(NioSocketChannel.java:327)
	at org.apache.ratis.thirdparty.io.netty.channel.nio.AbstractNioChannel$AbstractNioUnsafe.finishConnect(AbstractNioChannel.java:340)
	at org.apache.ratis.thirdparty.io.netty.channel.nio.NioEventLoop.processSelectedKey(NioEventLoop.java:632)
	at org.apache.ratis.thirdparty.io.netty.channel.nio.NioEventLoop.processSelectedKeysOptimized(NioEventLoop.java:579)
	at org.apache.ratis.thirdparty.io.netty.channel.nio.NioEventLoop.processSelectedKeys(NioEventLoop.java:496)
	at org.apache.ratis.thirdparty.io.netty.channel.nio.NioEventLoop.run(NioEventLoop.java:458)
	at org.apache.ratis.thirdparty.io.netty.util.concurrent.SingleThreadEventExecutor$5.run(SingleThreadEventExecutor.java:897)
	at org.apache.ratis.thirdparty.io.netty.util.concurrent.FastThreadLocalRunnable.run(FastThreadLocalRunnable.java:30)
	... 1 more
Caused by: java.net.ConnectException: Connection refused
	... 11 more
2019-10-15 21:19:22,795 [61c3ff9d-aa4b-4312-85d3-a53b64a62d48@group-3A863E456FC8-LeaderElection1136] INFO  impl.LeaderElection (LogUtils.java:infoOrTrace(149)) -   Exception 1: {}
java.util.concurrent.ExecutionException: org.apache.ratis.thirdparty.io.grpc.StatusRuntimeException: UNAVAILABLE: io exception
	at java.util.concurrent.FutureTask.report(FutureTask.java:122)
	at java.util.concurrent.FutureTask.get(FutureTask.java:192)
	at org.apache.ratis.server.impl.LeaderElection.waitForResults(LeaderElection.java:259)
	at org.apache.ratis.server.impl.LeaderElection.askForVotes(LeaderElection.java:197)
	at org.apache.ratis.server.impl.LeaderElection.run(LeaderElection.java:133)
	at java.lang.Thread.run(Thread.java:748)
Caused by: org.apache.ratis.thirdparty.io.grpc.StatusRuntimeException: UNAVAILABLE: io exception
	at org.apache.ratis.thirdparty.io.grpc.stub.ClientCalls.toStatusRuntimeException(ClientCalls.java:233)
	at org.apache.ratis.thirdparty.io.grpc.stub.ClientCalls.getUnchecked(ClientCalls.java:214)
	at org.apache.ratis.thirdparty.io.grpc.stub.ClientCalls.blockingUnaryCall(ClientCalls.java:139)
	at org.apache.ratis.proto.grpc.RaftServerProtocolServiceGrpc$RaftServerProtocolServiceBlockingStub.requestVote(RaftServerProtocolServiceGrpc.java:265)
	at org.apache.ratis.grpc.server.GrpcServerProtocolClient.requestVote(GrpcServerProtocolClient.java:99)
	at org.apache.ratis.grpc.server.GrpcService.requestVote(GrpcService.java:204)
	at org.apache.ratis.server.impl.LeaderElection.lambda$submitRequests$1(LeaderElection.java:234)
	at java.util.concurrent.FutureTask.run(FutureTask.java:266)
	at java.util.concurrent.Executors$RunnableAdapter.call(Executors.java:511)
	at java.util.concurrent.FutureTask.run(FutureTask.java:266)
	at java.util.concurrent.ThreadPoolExecutor.runWorker(ThreadPoolExecutor.java:1149)
	at java.util.concurrent.ThreadPoolExecutor$Worker.run(ThreadPoolExecutor.java:624)
	... 1 more
Caused by: org.apache.ratis.thirdparty.io.netty.channel.AbstractChannel$AnnotatedConnectException: Connection refused: /192.168.69.102:45437
	at sun.nio.ch.SocketChannelImpl.checkConnect(Native Method)
	at sun.nio.ch.SocketChannelImpl.finishConnect(SocketChannelImpl.java:717)
	at org.apache.ratis.thirdparty.io.netty.channel.socket.nio.NioSocketChannel.doFinishConnect(NioSocketChannel.java:327)
	at org.apache.ratis.thirdparty.io.netty.channel.nio.AbstractNioChannel$AbstractNioUnsafe.finishConnect(AbstractNioChannel.java:340)
	at org.apache.ratis.thirdparty.io.netty.channel.nio.NioEventLoop.processSelectedKey(NioEventLoop.java:632)
	at org.apache.ratis.thirdparty.io.netty.channel.nio.NioEventLoop.processSelectedKeysOptimized(NioEventLoop.java:579)
	at org.apache.ratis.thirdparty.io.netty.channel.nio.NioEventLoop.processSelectedKeys(NioEventLoop.java:496)
	at org.apache.ratis.thirdparty.io.netty.channel.nio.NioEventLoop.run(NioEventLoop.java:458)
	at org.apache.ratis.thirdparty.io.netty.util.concurrent.SingleThreadEventExecutor$5.run(SingleThreadEventExecutor.java:897)
	at org.apache.ratis.thirdparty.io.netty.util.concurrent.FastThreadLocalRunnable.run(FastThreadLocalRunnable.java:30)
	... 1 more
Caused by: java.net.ConnectException: Connection refused
	... 11 more
2019-10-15 21:19:22,795 [61c3ff9d-aa4b-4312-85d3-a53b64a62d48@group-3A863E456FC8-LeaderElection1136] INFO  impl.RaftServerImpl (RaftServerImpl.java:setRole(184)) - 61c3ff9d-aa4b-4312-85d3-a53b64a62d48@group-3A863E456FC8: changes role from CANDIDATE to FOLLOWER at term 5 for DISCOVERED_A_NEW_TERM
2019-10-15 21:19:22,795 [61c3ff9d-aa4b-4312-85d3-a53b64a62d48@group-3A863E456FC8-LeaderElection1136] INFO  impl.RoleInfo (RoleInfo.java:shutdownLeaderElection(134)) - 61c3ff9d-aa4b-4312-85d3-a53b64a62d48: shutdown LeaderElection
2019-10-15 21:19:22,795 [61c3ff9d-aa4b-4312-85d3-a53b64a62d48@group-3A863E456FC8-LeaderElection1136] INFO  impl.RoleInfo (RoleInfo.java:updateAndGet(143)) - 61c3ff9d-aa4b-4312-85d3-a53b64a62d48: start FollowerState
2019-10-15 21:19:22,907 [java.util.concurrent.ThreadPoolExecutor$Worker@55d0dacb[State = -1, empty queue]] WARN  server.GrpcLogAppender (GrpcLogAppender.java:timeoutAppendRequest(209)) - 8cb7ea3b-ad52-4b28-856c-a59c42ac9757@group-2C98C0445E28->e66d25fa-4711-4065-821e-74242ad152cb-GrpcLogAppender: appendEntries Timeout, request=8cb7ea3b-ad52-4b28-856c-a59c42ac9757->e66d25fa-4711-4065-821e-74242ad152cb#76-t1, previous=(t:1, i:12), leaderCommit=12, initializing? false, entries: <empty>
2019-10-15 21:19:22,914 [java.util.concurrent.ThreadPoolExecutor$Worker@2c976197[State = -1, empty queue]] WARN  server.GrpcLogAppender (GrpcLogAppender.java:timeoutAppendRequest(209)) - 8cb7ea3b-ad52-4b28-856c-a59c42ac9757@group-2C98C0445E28->274b1c51-9c2c-4419-942c-803b5038fb5c-GrpcLogAppender: appendEntries Timeout, request=8cb7ea3b-ad52-4b28-856c-a59c42ac9757->274b1c51-9c2c-4419-942c-803b5038fb5c#76-t1, previous=(t:1, i:12), leaderCommit=12, initializing? false, entries: <empty>
2019-10-15 21:19:23,149 [ForkJoinPool.commonPool-worker-1] INFO  ozoneimpl.OzoneContainer (OzoneContainer.java:stop(227)) - Attempting to stop container services.
2019-10-15 21:19:23,149 [ForkJoinPool.commonPool-worker-1] INFO  impl.RaftServerProxy (RaftServerProxy.java:lambda$close$4(314)) - 61c3ff9d-aa4b-4312-85d3-a53b64a62d48: close
2019-10-15 21:19:23,150 [ForkJoinPool.commonPool-worker-1] INFO  impl.RaftServerImpl (RaftServerImpl.java:lambda$shutdown$3(261)) - 61c3ff9d-aa4b-4312-85d3-a53b64a62d48@group-4D9437289EFA: shutdown
2019-10-15 21:19:23,150 [ForkJoinPool.commonPool-worker-1] INFO  util.JmxRegister (JmxRegister.java:unregister(73)) - Successfully un-registered JMX Bean with object name Ratis:service=RaftServer,group=group-4D9437289EFA,id=61c3ff9d-aa4b-4312-85d3-a53b64a62d48
2019-10-15 21:19:23,150 [ForkJoinPool.commonPool-worker-1] INFO  impl.RoleInfo (RoleInfo.java:shutdownLeaderState(104)) - 61c3ff9d-aa4b-4312-85d3-a53b64a62d48: shutdown LeaderState
2019-10-15 21:19:23,150 [ForkJoinPool.commonPool-worker-1] INFO  impl.PendingRequests (PendingRequests.java:sendNotLeaderResponses(202)) - 61c3ff9d-aa4b-4312-85d3-a53b64a62d48@group-4D9437289EFA-PendingRequests: sendNotLeaderResponses
2019-10-15 21:19:23,151 [ForkJoinPool.commonPool-worker-1] INFO  impl.StateMachineUpdater (StateMachineUpdater.java:stopAndJoin(136)) - 61c3ff9d-aa4b-4312-85d3-a53b64a62d48@group-4D9437289EFA-StateMachineUpdater: set stopIndex = 0
2019-10-15 21:19:23,151 [ForkJoinPool.commonPool-worker-1] INFO  impl.RaftServerImpl (ServerState.java:close(388)) - 61c3ff9d-aa4b-4312-85d3-a53b64a62d48@group-4D9437289EFA: closes. applyIndex: 0
2019-10-15 21:19:23,152 [61c3ff9d-aa4b-4312-85d3-a53b64a62d48@group-4D9437289EFA-SegmentedRaftLogWorker] INFO  segmented.SegmentedRaftLogWorker (SegmentedRaftLogWorker.java:run(316)) - 61c3ff9d-aa4b-4312-85d3-a53b64a62d48@group-4D9437289EFA-SegmentedRaftLogWorker was interrupted, exiting. There are 0 tasks remaining in the queue.
2019-10-15 21:19:23,152 [ForkJoinPool.commonPool-worker-1] INFO  segmented.SegmentedRaftLogWorker (SegmentedRaftLogWorker.java:close(224)) - 61c3ff9d-aa4b-4312-85d3-a53b64a62d48@group-4D9437289EFA-SegmentedRaftLogWorker close()
2019-10-15 21:19:23,157 [ForkJoinPool.commonPool-worker-1] INFO  impl.RaftServerImpl (RaftServerImpl.java:lambda$shutdown$3(261)) - 61c3ff9d-aa4b-4312-85d3-a53b64a62d48@group-3A863E456FC8: shutdown
2019-10-15 21:19:23,157 [ForkJoinPool.commonPool-worker-1] INFO  util.JmxRegister (JmxRegister.java:unregister(73)) - Successfully un-registered JMX Bean with object name Ratis:service=RaftServer,group=group-3A863E456FC8,id=61c3ff9d-aa4b-4312-85d3-a53b64a62d48
2019-10-15 21:19:23,157 [ForkJoinPool.commonPool-worker-1] INFO  impl.RoleInfo (RoleInfo.java:shutdownFollowerState(121)) - 61c3ff9d-aa4b-4312-85d3-a53b64a62d48: shutdown FollowerState
2019-10-15 21:19:23,158 [ForkJoinPool.commonPool-worker-1] INFO  impl.StateMachineUpdater (StateMachineUpdater.java:stopAndJoin(136)) - 61c3ff9d-aa4b-4312-85d3-a53b64a62d48@group-3A863E456FC8-StateMachineUpdater: set stopIndex = 0
2019-10-15 21:19:23,158 [Thread-9661] INFO  impl.FollowerState (FollowerState.java:run(117)) - 61c3ff9d-aa4b-4312-85d3-a53b64a62d48@group-3A863E456FC8-FollowerState was interrupted: java.lang.InterruptedException: sleep interrupted
2019-10-15 21:19:23,158 [ForkJoinPool.commonPool-worker-1] INFO  impl.RaftServerImpl (ServerState.java:close(388)) - 61c3ff9d-aa4b-4312-85d3-a53b64a62d48@group-3A863E456FC8: closes. applyIndex: 0
2019-10-15 21:19:23,158 [61c3ff9d-aa4b-4312-85d3-a53b64a62d48@group-3A863E456FC8-SegmentedRaftLogWorker] INFO  segmented.SegmentedRaftLogWorker (SegmentedRaftLogWorker.java:run(316)) - 61c3ff9d-aa4b-4312-85d3-a53b64a62d48@group-3A863E456FC8-SegmentedRaftLogWorker was interrupted, exiting. There are 0 tasks remaining in the queue.
2019-10-15 21:19:23,160 [ForkJoinPool.commonPool-worker-1] INFO  segmented.SegmentedRaftLogWorker (SegmentedRaftLogWorker.java:close(224)) - 61c3ff9d-aa4b-4312-85d3-a53b64a62d48@group-3A863E456FC8-SegmentedRaftLogWorker close()
2019-10-15 21:19:23,162 [ForkJoinPool.commonPool-worker-1] INFO  server.GrpcService (GrpcService.java:closeImpl(164)) - 61c3ff9d-aa4b-4312-85d3-a53b64a62d48: shutdown server with port 42195 now
2019-10-15 21:19:23,166 [ForkJoinPool.commonPool-worker-1] INFO  server.GrpcService (GrpcService.java:closeImpl(172)) - 61c3ff9d-aa4b-4312-85d3-a53b64a62d48: shutdown server with port 42195 successfully
2019-10-15 21:19:23,167 [main] INFO  ozoneimpl.OzoneContainer (OzoneContainer.java:stop(227)) - Attempting to stop container services.
2019-10-15 21:19:23,168 [main] INFO  impl.RaftServerProxy (RaftServerProxy.java:lambda$close$4(314)) - ba85c1be-f88e-49af-b96e-605dad6c1e68: close
2019-10-15 21:19:23,170 [main] INFO  server.GrpcService (GrpcService.java:closeImpl(164)) - ba85c1be-f88e-49af-b96e-605dad6c1e68: shutdown server with port 37728 now
2019-10-15 21:19:23,170 [main] INFO  server.GrpcService (GrpcService.java:closeImpl(172)) - ba85c1be-f88e-49af-b96e-605dad6c1e68: shutdown server with port 37728 successfully
2019-10-15 21:19:23,170 [refreshUsed-/workdir/hadoop-ozone/integration-test/target/test-dir/MiniOzoneClusterImpl-31458ddc-69ad-405c-a8b1-f839bd3d9382/datanode-0/data/containers] WARN  fs.CachingGetSpaceUsed (CachingGetSpaceUsed.java:run(183)) - Thread Interrupted waiting to refresh disk information: sleep interrupted
2019-10-15 21:19:23,176 [refreshUsed-/workdir/hadoop-ozone/integration-test/target/test-dir/MiniOzoneClusterImpl-31458ddc-69ad-405c-a8b1-f839bd3d9382/datanode-9/data/containers] WARN  fs.CachingGetSpaceUsed (CachingGetSpaceUsed.java:run(183)) - Thread Interrupted waiting to refresh disk information: sleep interrupted
2019-10-15 21:19:23,189 [ForkJoinPool.commonPool-worker-1] INFO  utils.BackgroundService (BackgroundService.java:shutdown(151)) - Shutting down service BlockDeletingService
2019-10-15 21:19:23,189 [main] INFO  utils.BackgroundService (BackgroundService.java:shutdown(151)) - Shutting down service BlockDeletingService
2019-10-15 21:19:23,192 [ForkJoinPool.commonPool-worker-1] INFO  statemachine.DatanodeStateMachine (DatanodeStateMachine.java:stopDaemon(395)) - Ozone container server stopped.
2019-10-15 21:19:23,193 [main] INFO  statemachine.DatanodeStateMachine (DatanodeStateMachine.java:stopDaemon(395)) - Ozone container server stopped.
2019-10-15 21:19:23,195 [main] INFO  handler.ContextHandler (ContextHandler.java:doStop(910)) - Stopped o.e.j.w.WebAppContext@541d4d9f{/,null,UNAVAILABLE}{/hddsDatanode}
2019-10-15 21:19:23,196 [main] INFO  server.AbstractConnector (AbstractConnector.java:doStop(318)) - Stopped ServerConnector@1a497286{HTTP/1.1,[http/1.1]}{0.0.0.0:0}
2019-10-15 21:19:23,196 [main] INFO  handler.ContextHandler (ContextHandler.java:doStop(910)) - Stopped o.e.j.s.ServletContextHandler@aca3c85{/static,jar:file:/home/user/.m2/repository/org/apache/hadoop/hadoop-hdds-container-service/0.5.0-SNAPSHOT/hadoop-hdds-container-service-0.5.0-SNAPSHOT.jar!/webapps/static,UNAVAILABLE}
2019-10-15 21:19:23,196 [main] INFO  handler.ContextHandler (ContextHandler.java:doStop(910)) - Stopped o.e.j.s.ServletContextHandler@f18b738{/logs,file:///workdir/hadoop-ozone/integration-test/target/log,UNAVAILABLE}
2019-10-15 21:19:23,208 [ForkJoinPool.commonPool-worker-1] INFO  handler.ContextHandler (ContextHandler.java:doStop(910)) - Stopped o.e.j.w.WebAppContext@66756662{/,null,UNAVAILABLE}{/hddsDatanode}
2019-10-15 21:19:23,208 [ForkJoinPool.commonPool-worker-1] INFO  server.AbstractConnector (AbstractConnector.java:doStop(318)) - Stopped ServerConnector@5d14e99e{HTTP/1.1,[http/1.1]}{0.0.0.0:0}
2019-10-15 21:19:23,209 [ForkJoinPool.commonPool-worker-1] INFO  handler.ContextHandler (ContextHandler.java:doStop(910)) - Stopped o.e.j.s.ServletContextHandler@573aeab2{/static,jar:file:/home/user/.m2/repository/org/apache/hadoop/hadoop-hdds-container-service/0.5.0-SNAPSHOT/hadoop-hdds-container-service-0.5.0-SNAPSHOT.jar!/webapps/static,UNAVAILABLE}
2019-10-15 21:19:23,211 [ForkJoinPool.commonPool-worker-1] INFO  handler.ContextHandler (ContextHandler.java:doStop(910)) - Stopped o.e.j.s.ServletContextHandler@3a3883c4{/logs,file:///workdir/hadoop-ozone/integration-test/target/log,UNAVAILABLE}
2019-10-15 21:19:23,407 [java.util.concurrent.ThreadPoolExecutor$Worker@55d0dacb[State = -1, empty queue]] WARN  server.GrpcLogAppender (GrpcLogAppender.java:timeoutAppendRequest(209)) - 8cb7ea3b-ad52-4b28-856c-a59c42ac9757@group-2C98C0445E28->e66d25fa-4711-4065-821e-74242ad152cb-GrpcLogAppender: appendEntries Timeout, request=8cb7ea3b-ad52-4b28-856c-a59c42ac9757->e66d25fa-4711-4065-821e-74242ad152cb#77-t1, previous=(t:1, i:12), leaderCommit=12, initializing? false, entries: <empty>
2019-10-15 21:19:23,414 [java.util.concurrent.ThreadPoolExecutor$Worker@2c976197[State = -1, empty queue]] WARN  server.GrpcLogAppender (GrpcLogAppender.java:timeoutAppendRequest(209)) - 8cb7ea3b-ad52-4b28-856c-a59c42ac9757@group-2C98C0445E28->274b1c51-9c2c-4419-942c-803b5038fb5c-GrpcLogAppender: appendEntries Timeout, request=8cb7ea3b-ad52-4b28-856c-a59c42ac9757->274b1c51-9c2c-4419-942c-803b5038fb5c#77-t1, previous=(t:1, i:12), leaderCommit=12, initializing? false, entries: <empty>
2019-10-15 21:19:23,908 [java.util.concurrent.ThreadPoolExecutor$Worker@55d0dacb[State = -1, empty queue]] WARN  server.GrpcLogAppender (GrpcLogAppender.java:timeoutAppendRequest(209)) - 8cb7ea3b-ad52-4b28-856c-a59c42ac9757@group-2C98C0445E28->e66d25fa-4711-4065-821e-74242ad152cb-GrpcLogAppender: appendEntries Timeout, request=8cb7ea3b-ad52-4b28-856c-a59c42ac9757->e66d25fa-4711-4065-821e-74242ad152cb#78-t1, previous=(t:1, i:12), leaderCommit=12, initializing? false, entries: <empty>
2019-10-15 21:19:23,914 [java.util.concurrent.ThreadPoolExecutor$Worker@2c976197[State = -1, empty queue]] WARN  server.GrpcLogAppender (GrpcLogAppender.java:timeoutAppendRequest(209)) - 8cb7ea3b-ad52-4b28-856c-a59c42ac9757@group-2C98C0445E28->274b1c51-9c2c-4419-942c-803b5038fb5c-GrpcLogAppender: appendEntries Timeout, request=8cb7ea3b-ad52-4b28-856c-a59c42ac9757->274b1c51-9c2c-4419-942c-803b5038fb5c#78-t1, previous=(t:1, i:12), leaderCommit=12, initializing? false, entries: <empty>
2019-10-15 21:19:24,172 [Datanode State Machine Thread - 0] INFO  statemachine.DatanodeStateMachine (DatanodeStateMachine.java:lambda$startDaemon$0(350)) - Ozone container server started.
2019-10-15 21:19:24,408 [java.util.concurrent.ThreadPoolExecutor$Worker@55d0dacb[State = -1, empty queue]] WARN  server.GrpcLogAppender (GrpcLogAppender.java:timeoutAppendRequest(209)) - 8cb7ea3b-ad52-4b28-856c-a59c42ac9757@group-2C98C0445E28->e66d25fa-4711-4065-821e-74242ad152cb-GrpcLogAppender: appendEntries Timeout, request=8cb7ea3b-ad52-4b28-856c-a59c42ac9757->e66d25fa-4711-4065-821e-74242ad152cb#79-t1, previous=(t:1, i:12), leaderCommit=12, initializing? false, entries: <empty>
2019-10-15 21:19:24,414 [java.util.concurrent.ThreadPoolExecutor$Worker@2c976197[State = -1, empty queue]] WARN  server.GrpcLogAppender (GrpcLogAppender.java:timeoutAppendRequest(209)) - 8cb7ea3b-ad52-4b28-856c-a59c42ac9757@group-2C98C0445E28->274b1c51-9c2c-4419-942c-803b5038fb5c-GrpcLogAppender: appendEntries Timeout, request=8cb7ea3b-ad52-4b28-856c-a59c42ac9757->274b1c51-9c2c-4419-942c-803b5038fb5c#79-t1, previous=(t:1, i:12), leaderCommit=12, initializing? false, entries: <empty>
2019-10-15 21:19:24,908 [java.util.concurrent.ThreadPoolExecutor$Worker@55d0dacb[State = -1, empty queue]] WARN  server.GrpcLogAppender (GrpcLogAppender.java:timeoutAppendRequest(209)) - 8cb7ea3b-ad52-4b28-856c-a59c42ac9757@group-2C98C0445E28->e66d25fa-4711-4065-821e-74242ad152cb-GrpcLogAppender: appendEntries Timeout, request=8cb7ea3b-ad52-4b28-856c-a59c42ac9757->e66d25fa-4711-4065-821e-74242ad152cb#80-t1, previous=(t:1, i:12), leaderCommit=12, initializing? false, entries: <empty>
2019-10-15 21:19:24,915 [java.util.concurrent.ThreadPoolExecutor$Worker@2c976197[State = -1, empty queue]] WARN  server.GrpcLogAppender (GrpcLogAppender.java:timeoutAppendRequest(209)) - 8cb7ea3b-ad52-4b28-856c-a59c42ac9757@group-2C98C0445E28->274b1c51-9c2c-4419-942c-803b5038fb5c-GrpcLogAppender: appendEntries Timeout, request=8cb7ea3b-ad52-4b28-856c-a59c42ac9757->274b1c51-9c2c-4419-942c-803b5038fb5c#80-t1, previous=(t:1, i:12), leaderCommit=12, initializing? false, entries: <empty>
2019-10-15 21:19:25,409 [java.util.concurrent.ThreadPoolExecutor$Worker@55d0dacb[State = -1, empty queue]] WARN  server.GrpcLogAppender (GrpcLogAppender.java:timeoutAppendRequest(209)) - 8cb7ea3b-ad52-4b28-856c-a59c42ac9757@group-2C98C0445E28->e66d25fa-4711-4065-821e-74242ad152cb-GrpcLogAppender: appendEntries Timeout, request=8cb7ea3b-ad52-4b28-856c-a59c42ac9757->e66d25fa-4711-4065-821e-74242ad152cb#81-t1, previous=(t:1, i:12), leaderCommit=12, initializing? false, entries: <empty>
2019-10-15 21:19:25,415 [java.util.concurrent.ThreadPoolExecutor$Worker@2c976197[State = -1, empty queue]] WARN  server.GrpcLogAppender (GrpcLogAppender.java:timeoutAppendRequest(209)) - 8cb7ea3b-ad52-4b28-856c-a59c42ac9757@group-2C98C0445E28->274b1c51-9c2c-4419-942c-803b5038fb5c-GrpcLogAppender: appendEntries Timeout, request=8cb7ea3b-ad52-4b28-856c-a59c42ac9757->274b1c51-9c2c-4419-942c-803b5038fb5c#81-t1, previous=(t:1, i:12), leaderCommit=12, initializing? false, entries: <empty>
2019-10-15 21:19:25,910 [java.util.concurrent.ThreadPoolExecutor$Worker@55d0dacb[State = -1, empty queue]] WARN  server.GrpcLogAppender (GrpcLogAppender.java:timeoutAppendRequest(209)) - 8cb7ea3b-ad52-4b28-856c-a59c42ac9757@group-2C98C0445E28->e66d25fa-4711-4065-821e-74242ad152cb-GrpcLogAppender: appendEntries Timeout, request=8cb7ea3b-ad52-4b28-856c-a59c42ac9757->e66d25fa-4711-4065-821e-74242ad152cb#82-t1, previous=(t:1, i:12), leaderCommit=12, initializing? false, entries: <empty>
2019-10-15 21:19:25,915 [java.util.concurrent.ThreadPoolExecutor$Worker@2c976197[State = -1, empty queue]] WARN  server.GrpcLogAppender (GrpcLogAppender.java:timeoutAppendRequest(209)) - 8cb7ea3b-ad52-4b28-856c-a59c42ac9757@group-2C98C0445E28->274b1c51-9c2c-4419-942c-803b5038fb5c-GrpcLogAppender: appendEntries Timeout, request=8cb7ea3b-ad52-4b28-856c-a59c42ac9757->274b1c51-9c2c-4419-942c-803b5038fb5c#82-t1, previous=(t:1, i:12), leaderCommit=12, initializing? false, entries: <empty>
2019-10-15 21:19:26,411 [java.util.concurrent.ThreadPoolExecutor$Worker@55d0dacb[State = -1, empty queue]] WARN  server.GrpcLogAppender (GrpcLogAppender.java:timeoutAppendRequest(209)) - 8cb7ea3b-ad52-4b28-856c-a59c42ac9757@group-2C98C0445E28->e66d25fa-4711-4065-821e-74242ad152cb-GrpcLogAppender: appendEntries Timeout, request=8cb7ea3b-ad52-4b28-856c-a59c42ac9757->e66d25fa-4711-4065-821e-74242ad152cb#83-t1, previous=(t:1, i:12), leaderCommit=12, initializing? false, entries: <empty>
2019-10-15 21:19:26,415 [java.util.concurrent.ThreadPoolExecutor$Worker@2c976197[State = -1, empty queue]] WARN  server.GrpcLogAppender (GrpcLogAppender.java:timeoutAppendRequest(209)) - 8cb7ea3b-ad52-4b28-856c-a59c42ac9757@group-2C98C0445E28->274b1c51-9c2c-4419-942c-803b5038fb5c-GrpcLogAppender: appendEntries Timeout, request=8cb7ea3b-ad52-4b28-856c-a59c42ac9757->274b1c51-9c2c-4419-942c-803b5038fb5c#83-t1, previous=(t:1, i:12), leaderCommit=12, initializing? false, entries: <empty>
2019-10-15 21:19:26,911 [java.util.concurrent.ThreadPoolExecutor$Worker@55d0dacb[State = -1, empty queue]] WARN  server.GrpcLogAppender (GrpcLogAppender.java:timeoutAppendRequest(209)) - 8cb7ea3b-ad52-4b28-856c-a59c42ac9757@group-2C98C0445E28->e66d25fa-4711-4065-821e-74242ad152cb-GrpcLogAppender: appendEntries Timeout, request=8cb7ea3b-ad52-4b28-856c-a59c42ac9757->e66d25fa-4711-4065-821e-74242ad152cb#84-t1, previous=(t:1, i:12), leaderCommit=12, initializing? false, entries: <empty>
2019-10-15 21:19:26,915 [java.util.concurrent.ThreadPoolExecutor$Worker@2c976197[State = -1, empty queue]] WARN  server.GrpcLogAppender (GrpcLogAppender.java:timeoutAppendRequest(209)) - 8cb7ea3b-ad52-4b28-856c-a59c42ac9757@group-2C98C0445E28->274b1c51-9c2c-4419-942c-803b5038fb5c-GrpcLogAppender: appendEntries Timeout, request=8cb7ea3b-ad52-4b28-856c-a59c42ac9757->274b1c51-9c2c-4419-942c-803b5038fb5c#84-t1, previous=(t:1, i:12), leaderCommit=12, initializing? false, entries: <empty>
2019-10-15 21:19:27,412 [java.util.concurrent.ThreadPoolExecutor$Worker@55d0dacb[State = -1, empty queue]] WARN  server.GrpcLogAppender (GrpcLogAppender.java:timeoutAppendRequest(209)) - 8cb7ea3b-ad52-4b28-856c-a59c42ac9757@group-2C98C0445E28->e66d25fa-4711-4065-821e-74242ad152cb-GrpcLogAppender: appendEntries Timeout, request=8cb7ea3b-ad52-4b28-856c-a59c42ac9757->e66d25fa-4711-4065-821e-74242ad152cb#85-t1, previous=(t:1, i:12), leaderCommit=12, initializing? false, entries: <empty>
2019-10-15 21:19:27,415 [java.util.concurrent.ThreadPoolExecutor$Worker@2c976197[State = -1, empty queue]] WARN  server.GrpcLogAppender (GrpcLogAppender.java:timeoutAppendRequest(209)) - 8cb7ea3b-ad52-4b28-856c-a59c42ac9757@group-2C98C0445E28->274b1c51-9c2c-4419-942c-803b5038fb5c-GrpcLogAppender: appendEntries Timeout, request=8cb7ea3b-ad52-4b28-856c-a59c42ac9757->274b1c51-9c2c-4419-942c-803b5038fb5c#85-t1, previous=(t:1, i:12), leaderCommit=12, initializing? false, entries: <empty>
2019-10-15 21:19:27,911 [java.util.concurrent.ThreadPoolExecutor$Worker@55d0dacb[State = -1, empty queue]] WARN  server.GrpcLogAppender (GrpcLogAppender.java:timeoutAppendRequest(209)) - 8cb7ea3b-ad52-4b28-856c-a59c42ac9757@group-2C98C0445E28->e66d25fa-4711-4065-821e-74242ad152cb-GrpcLogAppender: appendEntries Timeout, request=8cb7ea3b-ad52-4b28-856c-a59c42ac9757->e66d25fa-4711-4065-821e-74242ad152cb#86-t1, previous=(t:1, i:12), leaderCommit=12, initializing? false, entries: <empty>
2019-10-15 21:19:27,916 [java.util.concurrent.ThreadPoolExecutor$Worker@2c976197[State = -1, empty queue]] WARN  server.GrpcLogAppender (GrpcLogAppender.java:timeoutAppendRequest(209)) - 8cb7ea3b-ad52-4b28-856c-a59c42ac9757@group-2C98C0445E28->274b1c51-9c2c-4419-942c-803b5038fb5c-GrpcLogAppender: appendEntries Timeout, request=8cb7ea3b-ad52-4b28-856c-a59c42ac9757->274b1c51-9c2c-4419-942c-803b5038fb5c#86-t1, previous=(t:1, i:12), leaderCommit=12, initializing? false, entries: <empty>
2019-10-15 21:19:28,199 [main] INFO  ozoneimpl.OzoneContainer (OzoneContainer.java:stop(227)) - Attempting to stop container services.
2019-10-15 21:19:28,200 [main] INFO  impl.RaftServerProxy (RaftServerProxy.java:lambda$close$4(314)) - 8cb7ea3b-ad52-4b28-856c-a59c42ac9757: close
2019-10-15 21:19:28,201 [main] INFO  impl.RaftServerImpl (RaftServerImpl.java:lambda$shutdown$3(261)) - 8cb7ea3b-ad52-4b28-856c-a59c42ac9757@group-2C98C0445E28: shutdown
2019-10-15 21:19:28,202 [main] INFO  util.JmxRegister (JmxRegister.java:unregister(73)) - Successfully un-registered JMX Bean with object name Ratis:service=RaftServer,group=group-2C98C0445E28,id=8cb7ea3b-ad52-4b28-856c-a59c42ac9757
2019-10-15 21:19:28,202 [main] INFO  impl.RoleInfo (RoleInfo.java:shutdownLeaderState(104)) - 8cb7ea3b-ad52-4b28-856c-a59c42ac9757: shutdown LeaderState
2019-10-15 21:19:28,216 [org.apache.ratis.server.impl.LogAppender$AppenderDaemon$$Lambda$433/1296272531@7a6058a3] WARN  server.GrpcLogAppender (GrpcLogAppender.java:mayWait(149)) - 8cb7ea3b-ad52-4b28-856c-a59c42ac9757@group-2C98C0445E28->e66d25fa-4711-4065-821e-74242ad152cb-GrpcLogAppender: Wait interrupted by java.lang.InterruptedException
2019-10-15 21:19:28,217 [org.apache.ratis.server.impl.LogAppender$AppenderDaemon$$Lambda$433/1296272531@4b6115df] WARN  server.GrpcLogAppender (GrpcLogAppender.java:mayWait(149)) - 8cb7ea3b-ad52-4b28-856c-a59c42ac9757@group-2C98C0445E28->274b1c51-9c2c-4419-942c-803b5038fb5c-GrpcLogAppender: Wait interrupted by java.lang.InterruptedException
2019-10-15 21:19:28,216 [main] INFO  impl.PendingRequests (PendingRequests.java:sendNotLeaderResponses(202)) - 8cb7ea3b-ad52-4b28-856c-a59c42ac9757@group-2C98C0445E28-PendingRequests: sendNotLeaderResponses
2019-10-15 21:19:28,220 [main] INFO  impl.StateMachineUpdater (StateMachineUpdater.java:stopAndJoin(136)) - 8cb7ea3b-ad52-4b28-856c-a59c42ac9757@group-2C98C0445E28-StateMachineUpdater: set stopIndex = 12
2019-10-15 21:19:28,220 [8cb7ea3b-ad52-4b28-856c-a59c42ac9757@group-2C98C0445E28-StateMachineUpdater] INFO  ratis.ContainerStateMachine (ContainerStateMachine.java:takeSnapshot(294)) - group-2C98C0445E28: Taking a snapshot at:(t:1, i:11) file /workdir/hadoop-ozone/integration-test/target/test-dir/MiniOzoneClusterImpl-31458ddc-69ad-405c-a8b1-f839bd3d9382/datanode-7/data/ratis/b6171856-9d25-406a-b188-2c98c0445e28/sm/snapshot.1_11
2019-10-15 21:19:28,236 [8cb7ea3b-ad52-4b28-856c-a59c42ac9757@group-2C98C0445E28-StateMachineUpdater] INFO  ratis.ContainerStateMachine (ContainerStateMachine.java:takeSnapshot(305)) - group-2C98C0445E28: Finished taking a snapshot at:(t:1, i:11) file:/workdir/hadoop-ozone/integration-test/target/test-dir/MiniOzoneClusterImpl-31458ddc-69ad-405c-a8b1-f839bd3d9382/datanode-7/data/ratis/b6171856-9d25-406a-b188-2c98c0445e28/sm/snapshot.1_11 time:16
2019-10-15 21:19:28,248 [8cb7ea3b-ad52-4b28-856c-a59c42ac9757@group-2C98C0445E28-StateMachineUpdater] INFO  impl.StateMachineUpdater (StateMachineUpdater.java:takeSnapshot(269)) - 8cb7ea3b-ad52-4b28-856c-a59c42ac9757@group-2C98C0445E28-StateMachineUpdater: Took a snapshot at index 11
2019-10-15 21:19:28,248 [8cb7ea3b-ad52-4b28-856c-a59c42ac9757@group-2C98C0445E28-StateMachineUpdater] INFO  impl.StateMachineUpdater (StateMachineUpdater.java:lambda$new$0(84)) - 8cb7ea3b-ad52-4b28-856c-a59c42ac9757@group-2C98C0445E28-StateMachineUpdater: snapshotIndex: updateIncreasingly -1 -> 11
2019-10-15 21:19:28,248 [8cb7ea3b-ad52-4b28-856c-a59c42ac9757@group-2C98C0445E28-StateMachineUpdater] INFO  ratis.ContainerStateMachine (ContainerStateMachine.java:takeSnapshot(294)) - group-2C98C0445E28: Taking a snapshot at:(t:1, i:11) file /workdir/hadoop-ozone/integration-test/target/test-dir/MiniOzoneClusterImpl-31458ddc-69ad-405c-a8b1-f839bd3d9382/datanode-7/data/ratis/b6171856-9d25-406a-b188-2c98c0445e28/sm/snapshot.1_11
2019-10-15 21:19:28,250 [8cb7ea3b-ad52-4b28-856c-a59c42ac9757@group-2C98C0445E28-StateMachineUpdater] INFO  ratis.ContainerStateMachine (ContainerStateMachine.java:takeSnapshot(305)) - group-2C98C0445E28: Finished taking a snapshot at:(t:1, i:11) file:/workdir/hadoop-ozone/integration-test/target/test-dir/MiniOzoneClusterImpl-31458ddc-69ad-405c-a8b1-f839bd3d9382/datanode-7/data/ratis/b6171856-9d25-406a-b188-2c98c0445e28/sm/snapshot.1_11 time:2
2019-10-15 21:19:28,251 [8cb7ea3b-ad52-4b28-856c-a59c42ac9757@group-2C98C0445E28-StateMachineUpdater] INFO  impl.StateMachineUpdater (StateMachineUpdater.java:takeSnapshot(269)) - 8cb7ea3b-ad52-4b28-856c-a59c42ac9757@group-2C98C0445E28-StateMachineUpdater: Took a snapshot at index 11
2019-10-15 21:19:28,251 [8cb7ea3b-ad52-4b28-856c-a59c42ac9757@group-2C98C0445E28-StateMachineUpdater] INFO  impl.StateMachineUpdater (StateMachineUpdater.java:lambda$new$0(84)) - 8cb7ea3b-ad52-4b28-856c-a59c42ac9757@group-2C98C0445E28-StateMachineUpdater: snapshotIndex: updateIncreasingly 11 -> 11
2019-10-15 21:19:28,251 [main] INFO  impl.RaftServerImpl (ServerState.java:close(388)) - 8cb7ea3b-ad52-4b28-856c-a59c42ac9757@group-2C98C0445E28: closes. applyIndex: 12
2019-10-15 21:19:28,252 [8cb7ea3b-ad52-4b28-856c-a59c42ac9757@group-2C98C0445E28-SegmentedRaftLogWorker] INFO  segmented.SegmentedRaftLogWorker (SegmentedRaftLogWorker.java:run(316)) - 8cb7ea3b-ad52-4b28-856c-a59c42ac9757@group-2C98C0445E28-SegmentedRaftLogWorker was interrupted, exiting. There are 0 tasks remaining in the queue.
2019-10-15 21:19:28,253 [main] INFO  segmented.SegmentedRaftLogWorker (SegmentedRaftLogWorker.java:close(224)) - 8cb7ea3b-ad52-4b28-856c-a59c42ac9757@group-2C98C0445E28-SegmentedRaftLogWorker close()
2019-10-15 21:19:28,254 [main] INFO  impl.RaftServerImpl (RaftServerImpl.java:lambda$shutdown$3(261)) - 8cb7ea3b-ad52-4b28-856c-a59c42ac9757@group-9C5CC721B6D2: shutdown
2019-10-15 21:19:28,255 [main] INFO  util.JmxRegister (JmxRegister.java:unregister(73)) - Successfully un-registered JMX Bean with object name Ratis:service=RaftServer,group=group-9C5CC721B6D2,id=8cb7ea3b-ad52-4b28-856c-a59c42ac9757
2019-10-15 21:19:28,255 [main] INFO  impl.RoleInfo (RoleInfo.java:shutdownLeaderState(104)) - 8cb7ea3b-ad52-4b28-856c-a59c42ac9757: shutdown LeaderState
2019-10-15 21:19:28,255 [main] INFO  impl.PendingRequests (PendingRequests.java:sendNotLeaderResponses(202)) - 8cb7ea3b-ad52-4b28-856c-a59c42ac9757@group-9C5CC721B6D2-PendingRequests: sendNotLeaderResponses
2019-10-15 21:19:28,255 [main] INFO  impl.StateMachineUpdater (StateMachineUpdater.java:stopAndJoin(136)) - 8cb7ea3b-ad52-4b28-856c-a59c42ac9757@group-9C5CC721B6D2-StateMachineUpdater: set stopIndex = 0
2019-10-15 21:19:28,257 [main] INFO  impl.RaftServerImpl (ServerState.java:close(388)) - 8cb7ea3b-ad52-4b28-856c-a59c42ac9757@group-9C5CC721B6D2: closes. applyIndex: 0
2019-10-15 21:19:28,257 [8cb7ea3b-ad52-4b28-856c-a59c42ac9757@group-9C5CC721B6D2-SegmentedRaftLogWorker] INFO  segmented.SegmentedRaftLogWorker (SegmentedRaftLogWorker.java:run(316)) - 8cb7ea3b-ad52-4b28-856c-a59c42ac9757@group-9C5CC721B6D2-SegmentedRaftLogWorker was interrupted, exiting. There are 0 tasks remaining in the queue.
2019-10-15 21:19:28,258 [main] INFO  segmented.SegmentedRaftLogWorker (SegmentedRaftLogWorker.java:close(224)) - 8cb7ea3b-ad52-4b28-856c-a59c42ac9757@group-9C5CC721B6D2-SegmentedRaftLogWorker close()
2019-10-15 21:19:28,259 [main] INFO  server.GrpcService (GrpcService.java:closeImpl(164)) - 8cb7ea3b-ad52-4b28-856c-a59c42ac9757: shutdown server with port 41689 now
2019-10-15 21:19:28,263 [main] INFO  server.GrpcService (GrpcService.java:closeImpl(172)) - 8cb7ea3b-ad52-4b28-856c-a59c42ac9757: shutdown server with port 41689 successfully
2019-10-15 21:19:28,267 [refreshUsed-/workdir/hadoop-ozone/integration-test/target/test-dir/MiniOzoneClusterImpl-31458ddc-69ad-405c-a8b1-f839bd3d9382/datanode-7/data/containers] WARN  fs.CachingGetSpaceUsed (CachingGetSpaceUsed.java:run(183)) - Thread Interrupted waiting to refresh disk information: sleep interrupted
2019-10-15 21:19:28,268 [grpc-default-executor-7] WARN  client.GrpcClientProtocolService (LogUtils.java:warn(134)) - 1-UnorderedRequestStreamObserver1: onError: org.apache.ratis.thirdparty.io.grpc.StatusRuntimeException: CANCELLED: cancelled before receiving half close
2019-10-15 21:19:28,283 [main] INFO  utils.BackgroundService (BackgroundService.java:shutdown(151)) - Shutting down service BlockDeletingService
2019-10-15 21:19:28,285 [main] INFO  statemachine.DatanodeStateMachine (DatanodeStateMachine.java:stopDaemon(395)) - Ozone container server stopped.
2019-10-15 21:19:28,286 [main] INFO  handler.ContextHandler (ContextHandler.java:doStop(910)) - Stopped o.e.j.w.WebAppContext@23648d2d{/,null,UNAVAILABLE}{/hddsDatanode}
2019-10-15 21:19:28,287 [main] INFO  server.AbstractConnector (AbstractConnector.java:doStop(318)) - Stopped ServerConnector@69feb4d9{HTTP/1.1,[http/1.1]}{0.0.0.0:0}
2019-10-15 21:19:28,287 [main] INFO  handler.ContextHandler (ContextHandler.java:doStop(910)) - Stopped o.e.j.s.ServletContextHandler@446b64b3{/static,jar:file:/home/user/.m2/repository/org/apache/hadoop/hadoop-hdds-container-service/0.5.0-SNAPSHOT/hadoop-hdds-container-service-0.5.0-SNAPSHOT.jar!/webapps/static,UNAVAILABLE}
2019-10-15 21:19:28,287 [main] INFO  handler.ContextHandler (ContextHandler.java:doStop(910)) - Stopped o.e.j.s.ServletContextHandler@57c69937{/logs,file:///workdir/hadoop-ozone/integration-test/target/log,UNAVAILABLE}
2019-10-15 21:19:28,288 [main] INFO  ozone.MiniOzoneClusterImpl (MiniOzoneClusterImpl.java:stopSCM(392)) - Stopping the StorageContainerManager
2019-10-15 21:19:28,288 [main] INFO  server.StorageContainerManager (StorageContainerManager.java:stop(810)) - Stopping Replication Manager Service.
2019-10-15 21:19:28,288 [main] INFO  container.ReplicationManager (ReplicationManager.java:stop(203)) - Stopping Replication Monitor Thread.
2019-10-15 21:19:28,288 [main] INFO  server.StorageContainerManager (StorageContainerManager.java:stop(817)) - Stopping Lease Manager of the command watchers
2019-10-15 21:19:28,288 [main] INFO  server.StorageContainerManager (StorageContainerManager.java:stop(824)) - Stopping datanode service RPC server
2019-10-15 21:19:28,288 [main] INFO  server.SCMDatanodeProtocolServer (SCMDatanodeProtocolServer.java:stop(346)) - Stopping the RPC server for DataNodes
2019-10-15 21:19:28,288 [main] INFO  ipc.Server (Server.java:stop(3082)) - Stopping server on 43782
2019-10-15 21:19:28,291 [IPC Server listener on 43782] INFO  ipc.Server (Server.java:run(1185)) - Stopping IPC Server listener on 43782
2019-10-15 21:19:28,291 [IPC Server Responder] INFO  ipc.Server (Server.java:run(1319)) - Stopping IPC Server Responder
2019-10-15 21:19:28,316 [SCM Heartbeat Processing Thread - 0] WARN  node.NodeStateManager (NodeStateManager.java:scheduleNextHealthCheck(646)) - Current Thread is interrupted, shutting down HB processing thread for Node Manager.
2019-10-15 21:19:28,317 [main] INFO  server.StorageContainerManager (StorageContainerManager.java:stop(832)) - Stopping block service RPC server
2019-10-15 21:19:28,317 [main] INFO  server.SCMBlockProtocolServer (SCMBlockProtocolServer.java:stop(155)) - Stopping the RPC server for Block Protocol
2019-10-15 21:19:28,317 [main] INFO  ipc.Server (Server.java:stop(3082)) - Stopping server on 37666
2019-10-15 21:19:28,318 [IPC Server listener on 37666] INFO  ipc.Server (Server.java:run(1185)) - Stopping IPC Server listener on 37666
2019-10-15 21:19:28,318 [main] INFO  server.StorageContainerManager (StorageContainerManager.java:stop(839)) - Stopping the StorageContainerLocationProtocol RPC server
2019-10-15 21:19:28,319 [IPC Server Responder] INFO  ipc.Server (Server.java:run(1319)) - Stopping IPC Server Responder
2019-10-15 21:19:28,319 [main] INFO  server.SCMClientProtocolServer (SCMClientProtocolServer.java:stop(168)) - Stopping the RPC server for Client Protocol
2019-10-15 21:19:28,319 [main] INFO  ipc.Server (Server.java:stop(3082)) - Stopping server on 33099
2019-10-15 21:19:28,321 [IPC Server listener on 33099] INFO  ipc.Server (Server.java:run(1185)) - Stopping IPC Server listener on 33099
2019-10-15 21:19:28,321 [main] INFO  server.StorageContainerManager (StorageContainerManager.java:stop(846)) - Stopping Storage Container Manager HTTP server.
2019-10-15 21:19:28,321 [IPC Server Responder] INFO  ipc.Server (Server.java:run(1319)) - Stopping IPC Server Responder
2019-10-15 21:19:28,323 [main] INFO  handler.ContextHandler (ContextHandler.java:doStop(910)) - Stopped o.e.j.w.WebAppContext@7af327e3{/,null,UNAVAILABLE}{/scm}
2019-10-15 21:19:28,323 [main] INFO  server.AbstractConnector (AbstractConnector.java:doStop(318)) - Stopped ServerConnector@743d0d44{HTTP/1.1,[http/1.1]}{0.0.0.0:0}
2019-10-15 21:19:28,323 [main] INFO  handler.ContextHandler (ContextHandler.java:doStop(910)) - Stopped o.e.j.s.ServletContextHandler@39133244{/static,file:///workdir/hadoop-ozone/integration-test/target/test-classes/webapps/static,UNAVAILABLE}
2019-10-15 21:19:28,323 [main] INFO  handler.ContextHandler (ContextHandler.java:doStop(910)) - Stopped o.e.j.s.ServletContextHandler@55a0f011{/logs,file:///workdir/hadoop-ozone/integration-test/target/log,UNAVAILABLE}
2019-10-15 21:19:28,324 [main] INFO  server.StorageContainerManager (StorageContainerManager.java:stop(857)) - Stopping Block Manager Service.
2019-10-15 21:19:28,324 [main] INFO  utils.BackgroundService (BackgroundService.java:shutdown(151)) - Shutting down service SCMBlockDeletingService
2019-10-15 21:19:28,325 [main] INFO  utils.BackgroundService (BackgroundService.java:shutdown(151)) - Shutting down service SCMBlockDeletingService
2019-10-15 21:19:28,325 [main] INFO  server.StorageContainerManager (StorageContainerManager.java:stop(879)) - Stopping SCM Event Queue.
2019-10-15 21:19:28,332 [main] INFO  impl.MetricsSystemImpl (MetricsSystemImpl.java:stop(210)) - Stopping HddsDatanode metrics system...
2019-10-15 21:19:28,355 [main] INFO  impl.MetricsSystemImpl (MetricsSystemImpl.java:stop(216)) - HddsDatanode metrics system stopped.
2019-10-15 21:19:28,412 [java.util.concurrent.ThreadPoolExecutor$Worker@55d0dacb[State = -1, empty queue]] WARN  server.GrpcLogAppender (GrpcLogAppender.java:timeoutAppendRequest(209)) - 8cb7ea3b-ad52-4b28-856c-a59c42ac9757@group-2C98C0445E28->e66d25fa-4711-4065-821e-74242ad152cb-GrpcLogAppender: appendEntries Timeout, request=8cb7ea3b-ad52-4b28-856c-a59c42ac9757->e66d25fa-4711-4065-821e-74242ad152cb#87-t1, previous=(t:1, i:12), leaderCommit=12, initializing? false, entries: <empty>
2019-10-15 21:19:28,416 [java.util.concurrent.ThreadPoolExecutor$Worker@2c976197[State = -1, empty queue]] WARN  server.GrpcLogAppender (GrpcLogAppender.java:timeoutAppendRequest(209)) - 8cb7ea3b-ad52-4b28-856c-a59c42ac9757@group-2C98C0445E28->274b1c51-9c2c-4419-942c-803b5038fb5c-GrpcLogAppender: appendEntries Timeout, request=8cb7ea3b-ad52-4b28-856c-a59c42ac9757->274b1c51-9c2c-4419-942c-803b5038fb5c#87-t1, previous=(t:1, i:12), leaderCommit=12, initializing? false, entries: <empty>
]]></system-out>
    <system-err><![CDATA[Oct 15, 2019 9:18:46 PM org.apache.ratis.thirdparty.io.grpc.internal.ManagedChannelOrphanWrapper$ManagedChannelReference cleanQueue
SEVERE: *~*~*~ Channel ManagedChannelImpl{logId=1286, target=192.168.69.102:36691} was not shutdown properly!!! ~*~*~*
    Make sure to call shutdown()/shutdownNow() and wait until awaitTermination() returns true.
java.lang.RuntimeException: ManagedChannel allocation site
	at org.apache.ratis.thirdparty.io.grpc.internal.ManagedChannelOrphanWrapper$ManagedChannelReference.<init>(ManagedChannelOrphanWrapper.java:103)
	at org.apache.ratis.thirdparty.io.grpc.internal.ManagedChannelOrphanWrapper.<init>(ManagedChannelOrphanWrapper.java:53)
	at org.apache.ratis.thirdparty.io.grpc.internal.ManagedChannelOrphanWrapper.<init>(ManagedChannelOrphanWrapper.java:44)
	at org.apache.ratis.thirdparty.io.grpc.internal.AbstractManagedChannelImplBuilder.build(AbstractManagedChannelImplBuilder.java:411)
	at org.apache.ratis.grpc.client.GrpcClientProtocolClient.<init>(GrpcClientProtocolClient.java:128)
	at org.apache.ratis.grpc.client.GrpcClientRpc.lambda$new$0(GrpcClientRpc.java:55)
	at org.apache.ratis.util.PeerProxyMap$PeerAndProxy.lambda$getProxy$0(PeerProxyMap.java:61)
	at org.apache.ratis.util.LifeCycle.startAndTransition(LifeCycle.java:202)
	at org.apache.ratis.util.PeerProxyMap$PeerAndProxy.getProxy(PeerProxyMap.java:60)
	at org.apache.ratis.util.PeerProxyMap.getProxy(PeerProxyMap.java:108)
	at org.apache.ratis.grpc.client.GrpcClientRpc.sendRequestAsync(GrpcClientRpc.java:66)
	at org.apache.ratis.client.impl.OrderedAsync.sendRequest(OrderedAsync.java:208)
	at org.apache.ratis.client.impl.OrderedAsync.sendRequestWithRetry(OrderedAsync.java:169)
	at org.apache.ratis.util.SlidingWindow$Client.sendOrDelayRequest(SlidingWindow.java:278)
	at org.apache.ratis.util.SlidingWindow$Client.retry(SlidingWindow.java:294)
	at org.apache.ratis.client.impl.OrderedAsync.lambda$scheduleWithTimeout$7(OrderedAsync.java:195)
	at org.apache.ratis.util.TimeoutScheduler.lambda$onTimeout$0(TimeoutScheduler.java:113)
	at org.apache.ratis.util.TimeoutScheduler.lambda$onTimeout$1(TimeoutScheduler.java:133)
	at org.apache.ratis.util.LogUtils.runAndLog(LogUtils.java:50)
	at org.apache.ratis.util.LogUtils$1.run(LogUtils.java:91)
	at java.util.concurrent.Executors$RunnableAdapter.call(Executors.java:511)
	at java.util.concurrent.FutureTask.run(FutureTask.java:266)
	at java.util.concurrent.ScheduledThreadPoolExecutor$ScheduledFutureTask.access$201(ScheduledThreadPoolExecutor.java:180)
	at java.util.concurrent.ScheduledThreadPoolExecutor$ScheduledFutureTask.run(ScheduledThreadPoolExecutor.java:293)
	at java.util.concurrent.ThreadPoolExecutor.runWorker(ThreadPoolExecutor.java:1149)
	at java.util.concurrent.ThreadPoolExecutor$Worker.run(ThreadPoolExecutor.java:624)
	at java.lang.Thread.run(Thread.java:748)

Oct 15, 2019 9:18:46 PM org.apache.ratis.thirdparty.io.grpc.internal.ManagedChannelOrphanWrapper$ManagedChannelReference cleanQueue
SEVERE: *~*~*~ Channel ManagedChannelImpl{logId=1304, target=192.168.69.102:38047} was not shutdown properly!!! ~*~*~*
    Make sure to call shutdown()/shutdownNow() and wait until awaitTermination() returns true.
java.lang.RuntimeException: ManagedChannel allocation site
	at org.apache.ratis.thirdparty.io.grpc.internal.ManagedChannelOrphanWrapper$ManagedChannelReference.<init>(ManagedChannelOrphanWrapper.java:103)
	at org.apache.ratis.thirdparty.io.grpc.internal.ManagedChannelOrphanWrapper.<init>(ManagedChannelOrphanWrapper.java:53)
	at org.apache.ratis.thirdparty.io.grpc.internal.ManagedChannelOrphanWrapper.<init>(ManagedChannelOrphanWrapper.java:44)
	at org.apache.ratis.thirdparty.io.grpc.internal.AbstractManagedChannelImplBuilder.build(AbstractManagedChannelImplBuilder.java:411)
	at org.apache.hadoop.hdds.scm.XceiverClientGrpc.connectToDatanode(XceiverClientGrpc.java:183)
	at org.apache.hadoop.hdds.scm.XceiverClientGrpc.reconnect(XceiverClientGrpc.java:434)
	at org.apache.hadoop.hdds.scm.XceiverClientGrpc.sendCommandAsync(XceiverClientGrpc.java:382)
	at org.apache.hadoop.hdds.scm.XceiverClientGrpc.sendCommandWithRetry(XceiverClientGrpc.java:295)
	at org.apache.hadoop.hdds.scm.XceiverClientGrpc.sendCommandWithTraceIDAndRetry(XceiverClientGrpc.java:259)
	at org.apache.hadoop.hdds.scm.XceiverClientGrpc.sendCommand(XceiverClientGrpc.java:242)
	at org.apache.hadoop.hdds.scm.storage.ContainerProtocolCalls.getBlock(ContainerProtocolCalls.java:118)
	at org.apache.hadoop.hdds.scm.storage.BlockInputStream.getChunkInfos(BlockInputStream.java:169)
	at org.apache.hadoop.hdds.scm.storage.BlockInputStream.initialize(BlockInputStream.java:118)
	at org.apache.hadoop.hdds.scm.storage.BlockInputStream.read(BlockInputStream.java:224)
	at org.apache.hadoop.ozone.client.io.KeyInputStream.read(KeyInputStream.java:173)
	at org.apache.hadoop.ozone.client.io.OzoneInputStream.read(OzoneInputStream.java:47)
	at java.io.InputStream.read(InputStream.java:101)
	at org.apache.hadoop.ozone.container.ContainerTestHelper.validateData(ContainerTestHelper.java:715)
	at org.apache.hadoop.ozone.client.rpc.TestFailureHandlingByClient.validateData(TestFailureHandlingByClient.java:413)
	at org.apache.hadoop.ozone.client.rpc.TestFailureHandlingByClient.testBlockWritesWithDnFailures(TestFailureHandlingByClient.java:172)
	at sun.reflect.NativeMethodAccessorImpl.invoke0(Native Method)
	at sun.reflect.NativeMethodAccessorImpl.invoke(NativeMethodAccessorImpl.java:62)
	at sun.reflect.DelegatingMethodAccessorImpl.invoke(DelegatingMethodAccessorImpl.java:43)
	at java.lang.reflect.Method.invoke(Method.java:498)
	at org.junit.runners.model.FrameworkMethod$1.runReflectiveCall(FrameworkMethod.java:47)
	at org.junit.internal.runners.model.ReflectiveCallable.run(ReflectiveCallable.java:12)
	at org.junit.runners.model.FrameworkMethod.invokeExplosively(FrameworkMethod.java:44)
	at org.junit.internal.runners.statements.InvokeMethod.evaluate(InvokeMethod.java:17)
	at org.junit.internal.runners.statements.RunAfters.evaluate(RunAfters.java:27)
	at org.junit.runners.ParentRunner.runLeaf(ParentRunner.java:271)
	at org.junit.runners.BlockJUnit4ClassRunner.runChild(BlockJUnit4ClassRunner.java:70)
	at org.junit.runners.BlockJUnit4ClassRunner.runChild(BlockJUnit4ClassRunner.java:50)
	at org.junit.runners.ParentRunner$3.run(ParentRunner.java:238)
	at org.junit.runners.ParentRunner$1.schedule(ParentRunner.java:63)
	at org.junit.runners.ParentRunner.runChildren(ParentRunner.java:236)
	at org.junit.runners.ParentRunner.access$000(ParentRunner.java:53)
	at org.junit.runners.ParentRunner$2.evaluate(ParentRunner.java:229)
	at org.junit.runners.ParentRunner.run(ParentRunner.java:309)
	at org.apache.maven.surefire.junit4.JUnit4Provider.execute(JUnit4Provider.java:365)
	at org.apache.maven.surefire.junit4.JUnit4Provider.executeWithRerun(JUnit4Provider.java:273)
	at org.apache.maven.surefire.junit4.JUnit4Provider.executeTestSet(JUnit4Provider.java:238)
	at org.apache.maven.surefire.junit4.JUnit4Provider.invoke(JUnit4Provider.java:159)
	at org.apache.maven.surefire.booter.ForkedBooter.invokeProviderInSameClassLoader(ForkedBooter.java:384)
	at org.apache.maven.surefire.booter.ForkedBooter.runSuitesInProcess(ForkedBooter.java:345)
	at org.apache.maven.surefire.booter.ForkedBooter.execute(ForkedBooter.java:126)
	at org.apache.maven.surefire.booter.ForkedBooter.main(ForkedBooter.java:418)

Oct 15, 2019 9:18:46 PM org.apache.ratis.thirdparty.io.grpc.internal.ManagedChannelOrphanWrapper$ManagedChannelReference cleanQueue
SEVERE: *~*~*~ Channel ManagedChannelImpl{logId=1295, target=192.168.69.102:32881} was not shutdown properly!!! ~*~*~*
    Make sure to call shutdown()/shutdownNow() and wait until awaitTermination() returns true.
java.lang.RuntimeException: ManagedChannel allocation site
	at org.apache.ratis.thirdparty.io.grpc.internal.ManagedChannelOrphanWrapper$ManagedChannelReference.<init>(ManagedChannelOrphanWrapper.java:103)
	at org.apache.ratis.thirdparty.io.grpc.internal.ManagedChannelOrphanWrapper.<init>(ManagedChannelOrphanWrapper.java:53)
	at org.apache.ratis.thirdparty.io.grpc.internal.ManagedChannelOrphanWrapper.<init>(ManagedChannelOrphanWrapper.java:44)
	at org.apache.ratis.thirdparty.io.grpc.internal.AbstractManagedChannelImplBuilder.build(AbstractManagedChannelImplBuilder.java:411)
	at org.apache.hadoop.hdds.scm.XceiverClientGrpc.connectToDatanode(XceiverClientGrpc.java:183)
	at org.apache.hadoop.hdds.scm.XceiverClientGrpc.reconnect(XceiverClientGrpc.java:434)
	at org.apache.hadoop.hdds.scm.XceiverClientGrpc.sendCommandAsync(XceiverClientGrpc.java:382)
	at org.apache.hadoop.hdds.scm.XceiverClientGrpc.sendCommandWithRetry(XceiverClientGrpc.java:295)
	at org.apache.hadoop.hdds.scm.XceiverClientGrpc.sendCommandWithTraceIDAndRetry(XceiverClientGrpc.java:259)
	at org.apache.hadoop.hdds.scm.XceiverClientGrpc.sendCommand(XceiverClientGrpc.java:242)
	at org.apache.hadoop.hdds.scm.storage.ContainerProtocolCalls.getBlock(ContainerProtocolCalls.java:118)
	at org.apache.hadoop.hdds.scm.storage.BlockInputStream.getChunkInfos(BlockInputStream.java:169)
	at org.apache.hadoop.hdds.scm.storage.BlockInputStream.initialize(BlockInputStream.java:118)
	at org.apache.hadoop.hdds.scm.storage.BlockInputStream.read(BlockInputStream.java:224)
	at org.apache.hadoop.ozone.client.io.KeyInputStream.read(KeyInputStream.java:173)
	at org.apache.hadoop.ozone.client.io.OzoneInputStream.read(OzoneInputStream.java:47)
	at java.io.InputStream.read(InputStream.java:101)
	at org.apache.hadoop.ozone.container.ContainerTestHelper.validateData(ContainerTestHelper.java:715)
	at org.apache.hadoop.ozone.client.rpc.TestFailureHandlingByClient.validateData(TestFailureHandlingByClient.java:413)
	at org.apache.hadoop.ozone.client.rpc.TestFailureHandlingByClient.testBlockWritesWithDnFailures(TestFailureHandlingByClient.java:172)
	at sun.reflect.NativeMethodAccessorImpl.invoke0(Native Method)
	at sun.reflect.NativeMethodAccessorImpl.invoke(NativeMethodAccessorImpl.java:62)
	at sun.reflect.DelegatingMethodAccessorImpl.invoke(DelegatingMethodAccessorImpl.java:43)
	at java.lang.reflect.Method.invoke(Method.java:498)
	at org.junit.runners.model.FrameworkMethod$1.runReflectiveCall(FrameworkMethod.java:47)
	at org.junit.internal.runners.model.ReflectiveCallable.run(ReflectiveCallable.java:12)
	at org.junit.runners.model.FrameworkMethod.invokeExplosively(FrameworkMethod.java:44)
	at org.junit.internal.runners.statements.InvokeMethod.evaluate(InvokeMethod.java:17)
	at org.junit.internal.runners.statements.RunAfters.evaluate(RunAfters.java:27)
	at org.junit.runners.ParentRunner.runLeaf(ParentRunner.java:271)
	at org.junit.runners.BlockJUnit4ClassRunner.runChild(BlockJUnit4ClassRunner.java:70)
	at org.junit.runners.BlockJUnit4ClassRunner.runChild(BlockJUnit4ClassRunner.java:50)
	at org.junit.runners.ParentRunner$3.run(ParentRunner.java:238)
	at org.junit.runners.ParentRunner$1.schedule(ParentRunner.java:63)
	at org.junit.runners.ParentRunner.runChildren(ParentRunner.java:236)
	at org.junit.runners.ParentRunner.access$000(ParentRunner.java:53)
	at org.junit.runners.ParentRunner$2.evaluate(ParentRunner.java:229)
	at org.junit.runners.ParentRunner.run(ParentRunner.java:309)
	at org.apache.maven.surefire.junit4.JUnit4Provider.execute(JUnit4Provider.java:365)
	at org.apache.maven.surefire.junit4.JUnit4Provider.executeWithRerun(JUnit4Provider.java:273)
	at org.apache.maven.surefire.junit4.JUnit4Provider.executeTestSet(JUnit4Provider.java:238)
	at org.apache.maven.surefire.junit4.JUnit4Provider.invoke(JUnit4Provider.java:159)
	at org.apache.maven.surefire.booter.ForkedBooter.invokeProviderInSameClassLoader(ForkedBooter.java:384)
	at org.apache.maven.surefire.booter.ForkedBooter.runSuitesInProcess(ForkedBooter.java:345)
	at org.apache.maven.surefire.booter.ForkedBooter.execute(ForkedBooter.java:126)
	at org.apache.maven.surefire.booter.ForkedBooter.main(ForkedBooter.java:418)

Oct 15, 2019 9:18:46 PM org.apache.ratis.thirdparty.io.grpc.internal.ManagedChannelOrphanWrapper$ManagedChannelReference cleanQueue
SEVERE: *~*~*~ Channel ManagedChannelImpl{logId=1300, target=192.168.69.102:34538} was not shutdown properly!!! ~*~*~*
    Make sure to call shutdown()/shutdownNow() and wait until awaitTermination() returns true.
java.lang.RuntimeException: ManagedChannel allocation site
	at org.apache.ratis.thirdparty.io.grpc.internal.ManagedChannelOrphanWrapper$ManagedChannelReference.<init>(ManagedChannelOrphanWrapper.java:103)
	at org.apache.ratis.thirdparty.io.grpc.internal.ManagedChannelOrphanWrapper.<init>(ManagedChannelOrphanWrapper.java:53)
	at org.apache.ratis.thirdparty.io.grpc.internal.ManagedChannelOrphanWrapper.<init>(ManagedChannelOrphanWrapper.java:44)
	at org.apache.ratis.thirdparty.io.grpc.internal.AbstractManagedChannelImplBuilder.build(AbstractManagedChannelImplBuilder.java:411)
	at org.apache.hadoop.hdds.scm.XceiverClientGrpc.connectToDatanode(XceiverClientGrpc.java:183)
	at org.apache.hadoop.hdds.scm.XceiverClientGrpc.reconnect(XceiverClientGrpc.java:434)
	at org.apache.hadoop.hdds.scm.XceiverClientGrpc.sendCommandAsync(XceiverClientGrpc.java:382)
	at org.apache.hadoop.hdds.scm.XceiverClientGrpc.sendCommandWithRetry(XceiverClientGrpc.java:295)
	at org.apache.hadoop.hdds.scm.XceiverClientGrpc.sendCommandWithTraceIDAndRetry(XceiverClientGrpc.java:259)
	at org.apache.hadoop.hdds.scm.XceiverClientGrpc.sendCommand(XceiverClientGrpc.java:242)
	at org.apache.hadoop.hdds.scm.storage.ContainerProtocolCalls.readChunk(ContainerProtocolCalls.java:245)
	at org.apache.hadoop.hdds.scm.storage.ChunkInputStream.readChunk(ChunkInputStream.java:335)
	at org.apache.hadoop.hdds.scm.storage.ChunkInputStream.readChunkFromContainer(ChunkInputStream.java:307)
	at org.apache.hadoop.hdds.scm.storage.ChunkInputStream.prepareRead(ChunkInputStream.java:259)
	at org.apache.hadoop.hdds.scm.storage.ChunkInputStream.read(ChunkInputStream.java:144)
	at org.apache.hadoop.hdds.scm.storage.BlockInputStream.read(BlockInputStream.java:241)
	at org.apache.hadoop.ozone.client.io.KeyInputStream.read(KeyInputStream.java:173)
	at org.apache.hadoop.ozone.client.io.OzoneInputStream.read(OzoneInputStream.java:47)
	at java.io.InputStream.read(InputStream.java:101)
	at org.apache.hadoop.ozone.container.ContainerTestHelper.validateData(ContainerTestHelper.java:715)
	at org.apache.hadoop.ozone.client.rpc.TestFailureHandlingByClient.validateData(TestFailureHandlingByClient.java:413)
	at org.apache.hadoop.ozone.client.rpc.TestFailureHandlingByClient.testBlockWritesWithDnFailures(TestFailureHandlingByClient.java:172)
	at sun.reflect.NativeMethodAccessorImpl.invoke0(Native Method)
	at sun.reflect.NativeMethodAccessorImpl.invoke(NativeMethodAccessorImpl.java:62)
	at sun.reflect.DelegatingMethodAccessorImpl.invoke(DelegatingMethodAccessorImpl.java:43)
	at java.lang.reflect.Method.invoke(Method.java:498)
	at org.junit.runners.model.FrameworkMethod$1.runReflectiveCall(FrameworkMethod.java:47)
	at org.junit.internal.runners.model.ReflectiveCallable.run(ReflectiveCallable.java:12)
	at org.junit.runners.model.FrameworkMethod.invokeExplosively(FrameworkMethod.java:44)
	at org.junit.internal.runners.statements.InvokeMethod.evaluate(InvokeMethod.java:17)
	at org.junit.internal.runners.statements.RunAfters.evaluate(RunAfters.java:27)
	at org.junit.runners.ParentRunner.runLeaf(ParentRunner.java:271)
	at org.junit.runners.BlockJUnit4ClassRunner.runChild(BlockJUnit4ClassRunner.java:70)
	at org.junit.runners.BlockJUnit4ClassRunner.runChild(BlockJUnit4ClassRunner.java:50)
	at org.junit.runners.ParentRunner$3.run(ParentRunner.java:238)
	at org.junit.runners.ParentRunner$1.schedule(ParentRunner.java:63)
	at org.junit.runners.ParentRunner.runChildren(ParentRunner.java:236)
	at org.junit.runners.ParentRunner.access$000(ParentRunner.java:53)
	at org.junit.runners.ParentRunner$2.evaluate(ParentRunner.java:229)
	at org.junit.runners.ParentRunner.run(ParentRunner.java:309)
	at org.apache.maven.surefire.junit4.JUnit4Provider.execute(JUnit4Provider.java:365)
	at org.apache.maven.surefire.junit4.JUnit4Provider.executeWithRerun(JUnit4Provider.java:273)
	at org.apache.maven.surefire.junit4.JUnit4Provider.executeTestSet(JUnit4Provider.java:238)
	at org.apache.maven.surefire.junit4.JUnit4Provider.invoke(JUnit4Provider.java:159)
	at org.apache.maven.surefire.booter.ForkedBooter.invokeProviderInSameClassLoader(ForkedBooter.java:384)
	at org.apache.maven.surefire.booter.ForkedBooter.runSuitesInProcess(ForkedBooter.java:345)
	at org.apache.maven.surefire.booter.ForkedBooter.execute(ForkedBooter.java:126)
	at org.apache.maven.surefire.booter.ForkedBooter.main(ForkedBooter.java:418)

Oct 15, 2019 9:18:46 PM org.apache.ratis.thirdparty.io.grpc.internal.ManagedChannelOrphanWrapper$ManagedChannelReference cleanQueue
SEVERE: *~*~*~ Channel ManagedChannelImpl{logId=1277, target=192.168.69.102:44281} was not shutdown properly!!! ~*~*~*
    Make sure to call shutdown()/shutdownNow() and wait until awaitTermination() returns true.
java.lang.RuntimeException: ManagedChannel allocation site
	at org.apache.ratis.thirdparty.io.grpc.internal.ManagedChannelOrphanWrapper$ManagedChannelReference.<init>(ManagedChannelOrphanWrapper.java:103)
	at org.apache.ratis.thirdparty.io.grpc.internal.ManagedChannelOrphanWrapper.<init>(ManagedChannelOrphanWrapper.java:53)
	at org.apache.ratis.thirdparty.io.grpc.internal.ManagedChannelOrphanWrapper.<init>(ManagedChannelOrphanWrapper.java:44)
	at org.apache.ratis.thirdparty.io.grpc.internal.AbstractManagedChannelImplBuilder.build(AbstractManagedChannelImplBuilder.java:411)
	at org.apache.ratis.grpc.client.GrpcClientProtocolClient.<init>(GrpcClientProtocolClient.java:128)
	at org.apache.ratis.grpc.client.GrpcClientRpc.lambda$new$0(GrpcClientRpc.java:55)
	at org.apache.ratis.util.PeerProxyMap$PeerAndProxy.lambda$getProxy$0(PeerProxyMap.java:61)
	at org.apache.ratis.util.LifeCycle.startAndTransition(LifeCycle.java:202)
	at org.apache.ratis.util.PeerProxyMap$PeerAndProxy.getProxy(PeerProxyMap.java:60)
	at org.apache.ratis.util.PeerProxyMap.getProxy(PeerProxyMap.java:108)
	at org.apache.ratis.grpc.client.GrpcClientRpc.sendRequestAsync(GrpcClientRpc.java:66)
	at org.apache.ratis.client.impl.OrderedAsync.sendRequest(OrderedAsync.java:208)
	at org.apache.ratis.client.impl.OrderedAsync.sendRequestWithRetry(OrderedAsync.java:169)
	at org.apache.ratis.util.SlidingWindow$Client.sendOrDelayRequest(SlidingWindow.java:278)
	at org.apache.ratis.util.SlidingWindow$Client.retry(SlidingWindow.java:294)
	at org.apache.ratis.client.impl.OrderedAsync.lambda$scheduleWithTimeout$7(OrderedAsync.java:195)
	at org.apache.ratis.util.TimeoutScheduler.lambda$onTimeout$0(TimeoutScheduler.java:113)
	at org.apache.ratis.util.TimeoutScheduler.lambda$onTimeout$1(TimeoutScheduler.java:133)
	at org.apache.ratis.util.LogUtils.runAndLog(LogUtils.java:50)
	at org.apache.ratis.util.LogUtils$1.run(LogUtils.java:91)
	at java.util.concurrent.Executors$RunnableAdapter.call(Executors.java:511)
	at java.util.concurrent.FutureTask.run(FutureTask.java:266)
	at java.util.concurrent.ScheduledThreadPoolExecutor$ScheduledFutureTask.access$201(ScheduledThreadPoolExecutor.java:180)
	at java.util.concurrent.ScheduledThreadPoolExecutor$ScheduledFutureTask.run(ScheduledThreadPoolExecutor.java:293)
	at java.util.concurrent.ThreadPoolExecutor.runWorker(ThreadPoolExecutor.java:1149)
	at java.util.concurrent.ThreadPoolExecutor$Worker.run(ThreadPoolExecutor.java:624)
	at java.lang.Thread.run(Thread.java:748)

Oct 15, 2019 9:18:46 PM org.apache.ratis.thirdparty.io.grpc.internal.ManagedChannelOrphanWrapper$ManagedChannelReference cleanQueue
SEVERE: *~*~*~ Channel ManagedChannelImpl{logId=1291, target=192.168.69.102:41580} was not shutdown properly!!! ~*~*~*
    Make sure to call shutdown()/shutdownNow() and wait until awaitTermination() returns true.
java.lang.RuntimeException: ManagedChannel allocation site
	at org.apache.ratis.thirdparty.io.grpc.internal.ManagedChannelOrphanWrapper$ManagedChannelReference.<init>(ManagedChannelOrphanWrapper.java:103)
	at org.apache.ratis.thirdparty.io.grpc.internal.ManagedChannelOrphanWrapper.<init>(ManagedChannelOrphanWrapper.java:53)
	at org.apache.ratis.thirdparty.io.grpc.internal.ManagedChannelOrphanWrapper.<init>(ManagedChannelOrphanWrapper.java:44)
	at org.apache.ratis.thirdparty.io.grpc.internal.AbstractManagedChannelImplBuilder.build(AbstractManagedChannelImplBuilder.java:411)
	at org.apache.hadoop.hdds.scm.XceiverClientGrpc.connectToDatanode(XceiverClientGrpc.java:183)
	at org.apache.hadoop.hdds.scm.XceiverClientGrpc.reconnect(XceiverClientGrpc.java:434)
	at org.apache.hadoop.hdds.scm.XceiverClientGrpc.sendCommandAsync(XceiverClientGrpc.java:382)
	at org.apache.hadoop.hdds.scm.XceiverClientGrpc.sendCommandWithRetry(XceiverClientGrpc.java:295)
	at org.apache.hadoop.hdds.scm.XceiverClientGrpc.sendCommandWithTraceIDAndRetry(XceiverClientGrpc.java:259)
	at org.apache.hadoop.hdds.scm.XceiverClientGrpc.sendCommand(XceiverClientGrpc.java:242)
	at org.apache.hadoop.hdds.scm.storage.ContainerProtocolCalls.getBlock(ContainerProtocolCalls.java:118)
	at org.apache.hadoop.hdds.scm.storage.BlockInputStream.getChunkInfos(BlockInputStream.java:169)
	at org.apache.hadoop.hdds.scm.storage.BlockInputStream.initialize(BlockInputStream.java:118)
	at org.apache.hadoop.hdds.scm.storage.BlockInputStream.read(BlockInputStream.java:224)
	at org.apache.hadoop.ozone.client.io.KeyInputStream.read(KeyInputStream.java:173)
	at org.apache.hadoop.ozone.client.io.OzoneInputStream.read(OzoneInputStream.java:47)
	at java.io.InputStream.read(InputStream.java:101)
	at org.apache.hadoop.ozone.container.ContainerTestHelper.validateData(ContainerTestHelper.java:715)
	at org.apache.hadoop.ozone.client.rpc.TestFailureHandlingByClient.validateData(TestFailureHandlingByClient.java:413)
	at org.apache.hadoop.ozone.client.rpc.TestFailureHandlingByClient.testBlockWritesWithDnFailures(TestFailureHandlingByClient.java:172)
	at sun.reflect.NativeMethodAccessorImpl.invoke0(Native Method)
	at sun.reflect.NativeMethodAccessorImpl.invoke(NativeMethodAccessorImpl.java:62)
	at sun.reflect.DelegatingMethodAccessorImpl.invoke(DelegatingMethodAccessorImpl.java:43)
	at java.lang.reflect.Method.invoke(Method.java:498)
	at org.junit.runners.model.FrameworkMethod$1.runReflectiveCall(FrameworkMethod.java:47)
	at org.junit.internal.runners.model.ReflectiveCallable.run(ReflectiveCallable.java:12)
	at org.junit.runners.model.FrameworkMethod.invokeExplosively(FrameworkMethod.java:44)
	at org.junit.internal.runners.statements.InvokeMethod.evaluate(InvokeMethod.java:17)
	at org.junit.internal.runners.statements.RunAfters.evaluate(RunAfters.java:27)
	at org.junit.runners.ParentRunner.runLeaf(ParentRunner.java:271)
	at org.junit.runners.BlockJUnit4ClassRunner.runChild(BlockJUnit4ClassRunner.java:70)
	at org.junit.runners.BlockJUnit4ClassRunner.runChild(BlockJUnit4ClassRunner.java:50)
	at org.junit.runners.ParentRunner$3.run(ParentRunner.java:238)
	at org.junit.runners.ParentRunner$1.schedule(ParentRunner.java:63)
	at org.junit.runners.ParentRunner.runChildren(ParentRunner.java:236)
	at org.junit.runners.ParentRunner.access$000(ParentRunner.java:53)
	at org.junit.runners.ParentRunner$2.evaluate(ParentRunner.java:229)
	at org.junit.runners.ParentRunner.run(ParentRunner.java:309)
	at org.apache.maven.surefire.junit4.JUnit4Provider.execute(JUnit4Provider.java:365)
	at org.apache.maven.surefire.junit4.JUnit4Provider.executeWithRerun(JUnit4Provider.java:273)
	at org.apache.maven.surefire.junit4.JUnit4Provider.executeTestSet(JUnit4Provider.java:238)
	at org.apache.maven.surefire.junit4.JUnit4Provider.invoke(JUnit4Provider.java:159)
	at org.apache.maven.surefire.booter.ForkedBooter.invokeProviderInSameClassLoader(ForkedBooter.java:384)
	at org.apache.maven.surefire.booter.ForkedBooter.runSuitesInProcess(ForkedBooter.java:345)
	at org.apache.maven.surefire.booter.ForkedBooter.execute(ForkedBooter.java:126)
	at org.apache.maven.surefire.booter.ForkedBooter.main(ForkedBooter.java:418)

Oct 15, 2019 9:19:13 PM org.apache.ratis.thirdparty.io.grpc.internal.SerializingExecutor run
SEVERE: Exception while executing runnable org.apache.ratis.thirdparty.io.grpc.internal.ServerImpl$JumpToApplicationThreadServerStreamListener$1Closed@437ec7ea
org.apache.ratis.thirdparty.io.grpc.StatusRuntimeException: CANCELLED: call already cancelled
	at org.apache.ratis.thirdparty.io.grpc.Status.asRuntimeException(Status.java:517)
	at org.apache.ratis.thirdparty.io.grpc.stub.ServerCalls$ServerCallStreamObserverImpl.onCompleted(ServerCalls.java:356)
	at org.apache.ratis.grpc.server.GrpcServerProtocolService$ServerRequestStreamObserver.onError(GrpcServerProtocolService.java:121)
	at org.apache.ratis.thirdparty.io.grpc.stub.ServerCalls$StreamingServerCallHandler$StreamingServerCallListener.onCancel(ServerCalls.java:269)
	at org.apache.ratis.thirdparty.io.grpc.internal.ServerCallImpl$ServerStreamListenerImpl.closed(ServerCallImpl.java:293)
	at org.apache.ratis.thirdparty.io.grpc.internal.ServerImpl$JumpToApplicationThreadServerStreamListener$1Closed.runInContext(ServerImpl.java:741)
	at org.apache.ratis.thirdparty.io.grpc.internal.ContextRunnable.run(ContextRunnable.java:37)
	at org.apache.ratis.thirdparty.io.grpc.internal.SerializingExecutor.run(SerializingExecutor.java:123)
	at java.util.concurrent.ThreadPoolExecutor.runWorker(ThreadPoolExecutor.java:1149)
	at java.util.concurrent.ThreadPoolExecutor$Worker.run(ThreadPoolExecutor.java:624)
	at java.lang.Thread.run(Thread.java:748)

Oct 15, 2019 9:19:13 PM org.apache.ratis.thirdparty.io.grpc.internal.SerializingExecutor run
SEVERE: Exception while executing runnable org.apache.ratis.thirdparty.io.grpc.internal.ClientCallImpl$ClientStreamListenerImpl$1StreamClosed@3497e46e
java.lang.NullPointerException
	at org.apache.ratis.grpc.server.GrpcLogAppender$AppendLogResponseHandler.onError(GrpcLogAppender.java:303)
	at org.apache.ratis.thirdparty.io.grpc.stub.ClientCalls$StreamObserverToCallListenerAdapter.onClose(ClientCalls.java:434)
	at org.apache.ratis.thirdparty.io.grpc.PartialForwardingClientCallListener.onClose(PartialForwardingClientCallListener.java:39)
	at org.apache.ratis.thirdparty.io.grpc.ForwardingClientCallListener.onClose(ForwardingClientCallListener.java:23)
	at org.apache.ratis.thirdparty.io.grpc.ForwardingClientCallListener$SimpleForwardingClientCallListener.onClose(ForwardingClientCallListener.java:40)
	at org.apache.ratis.thirdparty.io.grpc.internal.CensusStatsModule$StatsClientInterceptor$1$1.onClose(CensusStatsModule.java:678)
	at org.apache.ratis.thirdparty.io.grpc.PartialForwardingClientCallListener.onClose(PartialForwardingClientCallListener.java:39)
	at org.apache.ratis.thirdparty.io.grpc.ForwardingClientCallListener.onClose(ForwardingClientCallListener.java:23)
	at org.apache.ratis.thirdparty.io.grpc.ForwardingClientCallListener$SimpleForwardingClientCallListener.onClose(ForwardingClientCallListener.java:40)
	at org.apache.ratis.thirdparty.io.grpc.internal.CensusTracingModule$TracingClientInterceptor$1$1.onClose(CensusTracingModule.java:397)
	at org.apache.ratis.thirdparty.io.grpc.internal.ClientCallImpl.closeObserver(ClientCallImpl.java:459)
	at org.apache.ratis.thirdparty.io.grpc.internal.ClientCallImpl.access$300(ClientCallImpl.java:63)
	at org.apache.ratis.thirdparty.io.grpc.internal.ClientCallImpl$ClientStreamListenerImpl.close(ClientCallImpl.java:546)
	at org.apache.ratis.thirdparty.io.grpc.internal.ClientCallImpl$ClientStreamListenerImpl.access$600(ClientCallImpl.java:467)
	at org.apache.ratis.thirdparty.io.grpc.internal.ClientCallImpl$ClientStreamListenerImpl$1StreamClosed.runInContext(ClientCallImpl.java:584)
	at org.apache.ratis.thirdparty.io.grpc.internal.ContextRunnable.run(ContextRunnable.java:37)
	at org.apache.ratis.thirdparty.io.grpc.internal.SerializingExecutor.run(SerializingExecutor.java:123)
	at java.util.concurrent.ThreadPoolExecutor.runWorker(ThreadPoolExecutor.java:1149)
	at java.util.concurrent.ThreadPoolExecutor$Worker.run(ThreadPoolExecutor.java:624)
	at java.lang.Thread.run(Thread.java:748)

Oct 15, 2019 9:19:13 PM org.apache.ratis.thirdparty.io.grpc.internal.SerializingExecutor run
SEVERE: Exception while executing runnable org.apache.ratis.thirdparty.io.grpc.internal.ServerImpl$JumpToApplicationThreadServerStreamListener$1Closed@2771b07b
org.apache.ratis.thirdparty.io.grpc.StatusRuntimeException: CANCELLED: call already cancelled
	at org.apache.ratis.thirdparty.io.grpc.Status.asRuntimeException(Status.java:517)
	at org.apache.ratis.thirdparty.io.grpc.stub.ServerCalls$ServerCallStreamObserverImpl.onCompleted(ServerCalls.java:356)
	at org.apache.ratis.grpc.server.GrpcServerProtocolService$ServerRequestStreamObserver.onError(GrpcServerProtocolService.java:121)
	at org.apache.ratis.thirdparty.io.grpc.stub.ServerCalls$StreamingServerCallHandler$StreamingServerCallListener.onCancel(ServerCalls.java:269)
	at org.apache.ratis.thirdparty.io.grpc.internal.ServerCallImpl$ServerStreamListenerImpl.closed(ServerCallImpl.java:293)
	at org.apache.ratis.thirdparty.io.grpc.internal.ServerImpl$JumpToApplicationThreadServerStreamListener$1Closed.runInContext(ServerImpl.java:741)
	at org.apache.ratis.thirdparty.io.grpc.internal.ContextRunnable.run(ContextRunnable.java:37)
	at org.apache.ratis.thirdparty.io.grpc.internal.SerializingExecutor.run(SerializingExecutor.java:123)
	at java.util.concurrent.ThreadPoolExecutor.runWorker(ThreadPoolExecutor.java:1149)
	at java.util.concurrent.ThreadPoolExecutor$Worker.run(ThreadPoolExecutor.java:624)
	at java.lang.Thread.run(Thread.java:748)

Oct 15, 2019 9:19:13 PM org.apache.ratis.thirdparty.io.grpc.internal.SerializingExecutor run
SEVERE: Exception while executing runnable org.apache.ratis.thirdparty.io.grpc.internal.ClientCallImpl$ClientStreamListenerImpl$1StreamClosed@2d16b07
java.lang.NullPointerException
	at org.apache.ratis.grpc.server.GrpcLogAppender$AppendLogResponseHandler.onError(GrpcLogAppender.java:303)
	at org.apache.ratis.thirdparty.io.grpc.stub.ClientCalls$StreamObserverToCallListenerAdapter.onClose(ClientCalls.java:434)
	at org.apache.ratis.thirdparty.io.grpc.PartialForwardingClientCallListener.onClose(PartialForwardingClientCallListener.java:39)
	at org.apache.ratis.thirdparty.io.grpc.ForwardingClientCallListener.onClose(ForwardingClientCallListener.java:23)
	at org.apache.ratis.thirdparty.io.grpc.ForwardingClientCallListener$SimpleForwardingClientCallListener.onClose(ForwardingClientCallListener.java:40)
	at org.apache.ratis.thirdparty.io.grpc.internal.CensusStatsModule$StatsClientInterceptor$1$1.onClose(CensusStatsModule.java:678)
	at org.apache.ratis.thirdparty.io.grpc.PartialForwardingClientCallListener.onClose(PartialForwardingClientCallListener.java:39)
	at org.apache.ratis.thirdparty.io.grpc.ForwardingClientCallListener.onClose(ForwardingClientCallListener.java:23)
	at org.apache.ratis.thirdparty.io.grpc.ForwardingClientCallListener$SimpleForwardingClientCallListener.onClose(ForwardingClientCallListener.java:40)
	at org.apache.ratis.thirdparty.io.grpc.internal.CensusTracingModule$TracingClientInterceptor$1$1.onClose(CensusTracingModule.java:397)
	at org.apache.ratis.thirdparty.io.grpc.internal.ClientCallImpl.closeObserver(ClientCallImpl.java:459)
	at org.apache.ratis.thirdparty.io.grpc.internal.ClientCallImpl.access$300(ClientCallImpl.java:63)
	at org.apache.ratis.thirdparty.io.grpc.internal.ClientCallImpl$ClientStreamListenerImpl.close(ClientCallImpl.java:546)
	at org.apache.ratis.thirdparty.io.grpc.internal.ClientCallImpl$ClientStreamListenerImpl.access$600(ClientCallImpl.java:467)
	at org.apache.ratis.thirdparty.io.grpc.internal.ClientCallImpl$ClientStreamListenerImpl$1StreamClosed.runInContext(ClientCallImpl.java:584)
	at org.apache.ratis.thirdparty.io.grpc.internal.ContextRunnable.run(ContextRunnable.java:37)
	at org.apache.ratis.thirdparty.io.grpc.internal.SerializingExecutor.run(SerializingExecutor.java:123)
	at java.util.concurrent.ThreadPoolExecutor.runWorker(ThreadPoolExecutor.java:1149)
	at java.util.concurrent.ThreadPoolExecutor$Worker.run(ThreadPoolExecutor.java:624)
	at java.lang.Thread.run(Thread.java:748)

Oct 15, 2019 9:19:18 PM org.apache.ratis.thirdparty.io.grpc.internal.SerializingExecutor run
SEVERE: Exception while executing runnable org.apache.ratis.thirdparty.io.grpc.internal.ServerImpl$JumpToApplicationThreadServerStreamListener$1Closed@59cb8a91
org.apache.ratis.thirdparty.io.grpc.StatusRuntimeException: CANCELLED: call already cancelled
	at org.apache.ratis.thirdparty.io.grpc.Status.asRuntimeException(Status.java:517)
	at org.apache.ratis.thirdparty.io.grpc.stub.ServerCalls$ServerCallStreamObserverImpl.onCompleted(ServerCalls.java:356)
	at org.apache.ratis.grpc.server.GrpcServerProtocolService$ServerRequestStreamObserver.onError(GrpcServerProtocolService.java:121)
	at org.apache.ratis.thirdparty.io.grpc.stub.ServerCalls$StreamingServerCallHandler$StreamingServerCallListener.onCancel(ServerCalls.java:269)
	at org.apache.ratis.thirdparty.io.grpc.internal.ServerCallImpl$ServerStreamListenerImpl.closed(ServerCallImpl.java:293)
	at org.apache.ratis.thirdparty.io.grpc.internal.ServerImpl$JumpToApplicationThreadServerStreamListener$1Closed.runInContext(ServerImpl.java:741)
	at org.apache.ratis.thirdparty.io.grpc.internal.ContextRunnable.run(ContextRunnable.java:37)
	at org.apache.ratis.thirdparty.io.grpc.internal.SerializingExecutor.run(SerializingExecutor.java:123)
	at java.util.concurrent.ThreadPoolExecutor.runWorker(ThreadPoolExecutor.java:1149)
	at java.util.concurrent.ThreadPoolExecutor$Worker.run(ThreadPoolExecutor.java:624)
	at java.lang.Thread.run(Thread.java:748)

Oct 15, 2019 9:19:18 PM org.apache.ratis.thirdparty.io.grpc.internal.SerializingExecutor run
SEVERE: Exception while executing runnable org.apache.ratis.thirdparty.io.grpc.internal.ClientCallImpl$ClientStreamListenerImpl$1StreamClosed@19e2635b
java.lang.NullPointerException
	at org.apache.ratis.grpc.server.GrpcLogAppender$AppendLogResponseHandler.onError(GrpcLogAppender.java:303)
	at org.apache.ratis.thirdparty.io.grpc.stub.ClientCalls$StreamObserverToCallListenerAdapter.onClose(ClientCalls.java:434)
	at org.apache.ratis.thirdparty.io.grpc.PartialForwardingClientCallListener.onClose(PartialForwardingClientCallListener.java:39)
	at org.apache.ratis.thirdparty.io.grpc.ForwardingClientCallListener.onClose(ForwardingClientCallListener.java:23)
	at org.apache.ratis.thirdparty.io.grpc.ForwardingClientCallListener$SimpleForwardingClientCallListener.onClose(ForwardingClientCallListener.java:40)
	at org.apache.ratis.thirdparty.io.grpc.internal.CensusStatsModule$StatsClientInterceptor$1$1.onClose(CensusStatsModule.java:678)
	at org.apache.ratis.thirdparty.io.grpc.PartialForwardingClientCallListener.onClose(PartialForwardingClientCallListener.java:39)
	at org.apache.ratis.thirdparty.io.grpc.ForwardingClientCallListener.onClose(ForwardingClientCallListener.java:23)
	at org.apache.ratis.thirdparty.io.grpc.ForwardingClientCallListener$SimpleForwardingClientCallListener.onClose(ForwardingClientCallListener.java:40)
	at org.apache.ratis.thirdparty.io.grpc.internal.CensusTracingModule$TracingClientInterceptor$1$1.onClose(CensusTracingModule.java:397)
	at org.apache.ratis.thirdparty.io.grpc.internal.ClientCallImpl.closeObserver(ClientCallImpl.java:459)
	at org.apache.ratis.thirdparty.io.grpc.internal.ClientCallImpl.access$300(ClientCallImpl.java:63)
	at org.apache.ratis.thirdparty.io.grpc.internal.ClientCallImpl$ClientStreamListenerImpl.close(ClientCallImpl.java:546)
	at org.apache.ratis.thirdparty.io.grpc.internal.ClientCallImpl$ClientStreamListenerImpl.access$600(ClientCallImpl.java:467)
	at org.apache.ratis.thirdparty.io.grpc.internal.ClientCallImpl$ClientStreamListenerImpl$1StreamClosed.runInContext(ClientCallImpl.java:584)
	at org.apache.ratis.thirdparty.io.grpc.internal.ContextRunnable.run(ContextRunnable.java:37)
	at org.apache.ratis.thirdparty.io.grpc.internal.SerializingExecutor.run(SerializingExecutor.java:123)
	at java.util.concurrent.ThreadPoolExecutor.runWorker(ThreadPoolExecutor.java:1149)
	at java.util.concurrent.ThreadPoolExecutor$Worker.run(ThreadPoolExecutor.java:624)
	at java.lang.Thread.run(Thread.java:748)

]]></system-err>
  </testcase>
</testsuite>