<?xml version="1.0" encoding="UTF-8"?>
<testsuite xmlns:xsi="http://www.w3.org/2001/XMLSchema-instance" xsi:noNamespaceSchemaLocation="https://maven.apache.org/surefire/maven-surefire-plugin/xsd/surefire-test-report.xsd" name="org.apache.hadoop.ozone.client.rpc.TestWatchForCommit" time="260.874" tests="5" errors="1" skipped="0" failures="0">
  <properties>
    <property name="awt.toolkit" value="sun.awt.X11.XToolkit"/>
    <property name="file.encoding.pkg" value="sun.io"/>
    <property name="java.specification.version" value="1.8"/>
    <property name="sun.cpu.isalist" value=""/>
    <property name="sun.jnu.encoding" value="UTF-8"/>
    <property name="java.class.path" value="/workdir/hadoop-ozone/integration-test/target/test-classes:/workdir/hadoop-ozone/integration-test/target/classes:/home/user/.m2/repository/org/apache/hadoop/hadoop-ozone-common/0.5.0-SNAPSHOT/hadoop-ozone-common-0.5.0-SNAPSHOT.jar:/home/user/.m2/repository/org/apache/commons/commons-compress/1.4.1/commons-compress-1.4.1.jar:/home/user/.m2/repository/org/tukaani/xz/1.0/xz-1.0.jar:/home/user/.m2/repository/org/apache/hadoop/hadoop-common/3.2.0/hadoop-common-3.2.0.jar:/home/user/.m2/repository/org/apache/hadoop/hadoop-hdfs/3.2.0/hadoop-hdfs-3.2.0.jar:/home/user/.m2/repository/org/apache/hadoop/hadoop-hdfs-client/3.2.0/hadoop-hdfs-client-3.2.0.jar:/home/user/.m2/repository/com/fasterxml/jackson/core/jackson-annotations/2.9.9/jackson-annotations-2.9.9.jar:/home/user/.m2/repository/org/apache/hadoop/hadoop-hdds-common/0.5.0-SNAPSHOT/hadoop-hdds-common-0.5.0-SNAPSHOT.jar:/home/user/.m2/repository/javax/annotation/javax.annotation-api/1.2/javax.annotation-api-1.2.jar:/home/user/.m2/repository/org/apache/ratis/ratis-server/0.4.0/ratis-server-0.4.0.jar:/home/user/.m2/repository/org/apache/ratis/ratis-thirdparty-misc/0.2.0/ratis-thirdparty-misc-0.2.0.jar:/home/user/.m2/repository/org/apache/ratis/ratis-proto/0.4.0/ratis-proto-0.4.0.jar:/home/user/.m2/repository/org/apache/ratis/ratis-common/0.4.0/ratis-common-0.4.0.jar:/home/user/.m2/repository/org/apache/ratis/ratis-client/0.4.0/ratis-client-0.4.0.jar:/home/user/.m2/repository/org/apache/ratis/ratis-metrics/0.4.0/ratis-metrics-0.4.0.jar:/home/user/.m2/repository/com/github/joshelser/dropwizard-metrics-hadoop-metrics2-reporter/0.1.2/dropwizard-metrics-hadoop-metrics2-reporter-0.1.2.jar:/home/user/.m2/repository/io/dropwizard/metrics/metrics-jvm/3.2.5/metrics-jvm-3.2.5.jar:/home/user/.m2/repository/io/dropwizard/metrics/metrics-ganglia/3.2.5/metrics-ganglia-3.2.5.jar:/home/user/.m2/repository/info/ganglia/gmetric4j/gmetric4j/1.0.7/gmetric4j-1.0.7.jar:/home/user/.m2/repository/org/apache/ratis/ratis-netty/0.4.0/ratis-netty-0.4.0.jar:/home/user/.m2/repository/org/apache/ratis/ratis-grpc/0.4.0/ratis-grpc-0.4.0.jar:/home/user/.m2/repository/org/rocksdb/rocksdbjni/6.0.1/rocksdbjni-6.0.1.jar:/home/user/.m2/repository/org/apache/logging/log4j/log4j-api/2.11.0/log4j-api-2.11.0.jar:/home/user/.m2/repository/org/apache/logging/log4j/log4j-core/2.11.0/log4j-core-2.11.0.jar:/home/user/.m2/repository/com/lmax/disruptor/3.4.2/disruptor-3.4.2.jar:/home/user/.m2/repository/org/apache/commons/commons-pool2/2.6.0/commons-pool2-2.6.0.jar:/home/user/.m2/repository/org/bouncycastle/bcpkix-jdk15on/1.60/bcpkix-jdk15on-1.60.jar:/home/user/.m2/repository/commons-validator/commons-validator/1.6/commons-validator-1.6.jar:/home/user/.m2/repository/commons-digester/commons-digester/1.8.1/commons-digester-1.8.1.jar:/home/user/.m2/repository/io/jaegertracing/jaeger-client/0.34.0/jaeger-client-0.34.0.jar:/home/user/.m2/repository/io/jaegertracing/jaeger-thrift/0.34.0/jaeger-thrift-0.34.0.jar:/home/user/.m2/repository/org/apache/thrift/libthrift/0.12.0/libthrift-0.12.0.jar:/home/user/.m2/repository/com/squareup/okhttp3/okhttp/3.9.0/okhttp-3.9.0.jar:/home/user/.m2/repository/com/squareup/okio/okio/1.13.0/okio-1.13.0.jar:/home/user/.m2/repository/io/jaegertracing/jaeger-core/0.34.0/jaeger-core-0.34.0.jar:/home/user/.m2/repository/io/jaegertracing/jaeger-tracerresolver/0.34.0/jaeger-tracerresolver-0.34.0.jar:/home/user/.m2/repository/io/opentracing/contrib/opentracing-tracerresolver/0.1.5/opentracing-tracerresolver-0.1.5.jar:/home/user/.m2/repository/io/opentracing/opentracing-util/0.31.0/opentracing-util-0.31.0.jar:/home/user/.m2/repository/io/opentracing/opentracing-api/0.31.0/opentracing-api-0.31.0.jar:/home/user/.m2/repository/io/opentracing/opentracing-noop/0.31.0/opentracing-noop-0.31.0.jar:/home/user/.m2/repository/org/apache/hadoop/hadoop-hdds-server-framework/0.5.0-SNAPSHOT/hadoop-hdds-server-framework-0.5.0-SNAPSHOT.jar:/home/user/.m2/repository/org/apache/hadoop/hadoop-hdds-container-service/0.5.0-SNAPSHOT/hadoop-hdds-container-service-0.5.0-SNAPSHOT.jar:/home/user/.m2/repository/org/apache/hadoop/hadoop-hdds-client/0.5.0-SNAPSHOT/hadoop-hdds-client-0.5.0-SNAPSHOT.jar:/home/user/.m2/repository/org/apache/hadoop/hadoop-hdds-tools/0.5.0-SNAPSHOT/hadoop-hdds-tools-0.5.0-SNAPSHOT.jar:/home/user/.m2/repository/org/apache/hadoop/hadoop-hdds-server-scm/0.5.0-SNAPSHOT/hadoop-hdds-server-scm-0.5.0-SNAPSHOT.jar:/home/user/.m2/repository/org/apache/hadoop/hadoop-hdds-docs/0.5.0-SNAPSHOT/hadoop-hdds-docs-0.5.0-SNAPSHOT.jar:/home/user/.m2/repository/io/dropwizard/metrics/metrics-core/3.2.4/metrics-core-3.2.4.jar:/home/user/.m2/repository/org/hamcrest/hamcrest-all/1.3/hamcrest-all-1.3.jar:/home/user/.m2/repository/org/bouncycastle/bcprov-jdk15on/1.60/bcprov-jdk15on-1.60.jar:/home/user/.m2/repository/info/picocli/picocli/3.9.6/picocli-3.9.6.jar:/home/user/.m2/repository/com/google/protobuf/protobuf-java/2.5.0/protobuf-java-2.5.0.jar:/home/user/.m2/repository/com/google/guava/guava/11.0.2/guava-11.0.2.jar:/home/user/.m2/repository/org/apache/hadoop/hadoop-ozone-ozone-manager/0.5.0-SNAPSHOT/hadoop-ozone-ozone-manager-0.5.0-SNAPSHOT.jar:/home/user/.m2/repository/org/apache/hadoop/hadoop-minikdc/3.2.0/hadoop-minikdc-3.2.0.jar:/home/user/.m2/repository/commons-io/commons-io/2.5/commons-io-2.5.jar:/home/user/.m2/repository/org/apache/kerby/kerb-simplekdc/1.0.1/kerb-simplekdc-1.0.1.jar:/home/user/.m2/repository/org/apache/kerby/kerb-client/1.0.1/kerb-client-1.0.1.jar:/home/user/.m2/repository/org/apache/kerby/kerby-config/1.0.1/kerby-config-1.0.1.jar:/home/user/.m2/repository/org/apache/kerby/kerb-core/1.0.1/kerb-core-1.0.1.jar:/home/user/.m2/repository/org/apache/kerby/kerby-pkix/1.0.1/kerby-pkix-1.0.1.jar:/home/user/.m2/repository/org/apache/kerby/kerby-asn1/1.0.1/kerby-asn1-1.0.1.jar:/home/user/.m2/repository/org/apache/kerby/kerby-util/1.0.1/kerby-util-1.0.1.jar:/home/user/.m2/repository/org/apache/kerby/kerb-common/1.0.1/kerb-common-1.0.1.jar:/home/user/.m2/repository/org/apache/kerby/kerb-crypto/1.0.1/kerb-crypto-1.0.1.jar:/home/user/.m2/repository/org/apache/kerby/kerb-util/1.0.1/kerb-util-1.0.1.jar:/home/user/.m2/repository/org/apache/kerby/token-provider/1.0.1/token-provider-1.0.1.jar:/home/user/.m2/repository/org/apache/kerby/kerb-admin/1.0.1/kerb-admin-1.0.1.jar:/home/user/.m2/repository/org/apache/kerby/kerb-server/1.0.1/kerb-server-1.0.1.jar:/home/user/.m2/repository/org/apache/kerby/kerb-identity/1.0.1/kerb-identity-1.0.1.jar:/home/user/.m2/repository/org/apache/kerby/kerby-xdr/1.0.1/kerby-xdr-1.0.1.jar:/home/user/.m2/repository/org/slf4j/slf4j-log4j12/1.7.25/slf4j-log4j12-1.7.25.jar:/home/user/.m2/repository/org/apache/hadoop/hadoop-ozone-s3gateway/0.5.0-SNAPSHOT/hadoop-ozone-s3gateway-0.5.0-SNAPSHOT.jar:/home/user/.m2/repository/org/jboss/weld/servlet/weld-servlet/2.4.7.Final/weld-servlet-2.4.7.Final.jar:/home/user/.m2/repository/org/glassfish/jersey/containers/jersey-container-servlet-core/2.27/jersey-container-servlet-core-2.27.jar:/home/user/.m2/repository/org/glassfish/hk2/external/javax.inject/2.5.0-b42/javax.inject-2.5.0-b42.jar:/home/user/.m2/repository/org/glassfish/jersey/core/jersey-common/2.27/jersey-common-2.27.jar:/home/user/.m2/repository/org/glassfish/hk2/osgi-resource-locator/1.0.1/osgi-resource-locator-1.0.1.jar:/home/user/.m2/repository/javax/ws/rs/javax.ws.rs-api/2.1/javax.ws.rs-api-2.1.jar:/home/user/.m2/repository/org/glassfish/jersey/ext/cdi/jersey-cdi1x/2.27/jersey-cdi1x-2.27.jar:/home/user/.m2/repository/org/glassfish/jersey/inject/jersey-hk2/2.27/jersey-hk2-2.27.jar:/home/user/.m2/repository/org/glassfish/hk2/hk2-locator/2.5.0-b42/hk2-locator-2.5.0-b42.jar:/home/user/.m2/repository/org/javassist/javassist/3.22.0-CR2/javassist-3.22.0-CR2.jar:/home/user/.m2/repository/org/glassfish/hk2/hk2-api/2.5.0/hk2-api-2.5.0.jar:/home/user/.m2/repository/org/glassfish/hk2/external/jakarta.inject/2.5.0/jakarta.inject-2.5.0.jar:/home/user/.m2/repository/org/glassfish/hk2/hk2-utils/2.5.0/hk2-utils-2.5.0.jar:/home/user/.m2/repository/jakarta/annotation/jakarta.annotation-api/1.3.4/jakarta.annotation-api-1.3.4.jar:/home/user/.m2/repository/org/glassfish/hk2/external/aopalliance-repackaged/2.5.0/aopalliance-repackaged-2.5.0.jar:/home/user/.m2/repository/com/fasterxml/jackson/dataformat/jackson-dataformat-xml/2.9.0/jackson-dataformat-xml-2.9.0.jar:/home/user/.m2/repository/com/fasterxml/jackson/core/jackson-core/2.9.9/jackson-core-2.9.9.jar:/home/user/.m2/repository/com/fasterxml/jackson/module/jackson-module-jaxb-annotations/2.9.9/jackson-module-jaxb-annotations-2.9.9.jar:/home/user/.m2/repository/javax/enterprise/cdi-api/1.2/cdi-api-1.2.jar:/home/user/.m2/repository/javax/el/javax.el-api/3.0.0/javax.el-api-3.0.0.jar:/home/user/.m2/repository/javax/interceptor/javax.interceptor-api/1.2/javax.interceptor-api-1.2.jar:/home/user/.m2/repository/javax/inject/javax.inject/1/javax.inject-1.jar:/home/user/.m2/repository/com/sun/xml/bind/jaxb-impl/2.3.0.1/jaxb-impl-2.3.0.1.jar:/home/user/.m2/repository/com/sun/xml/bind/jaxb-core/2.3.0.1/jaxb-core-2.3.0.1.jar:/home/user/.m2/repository/javax/xml/bind/jaxb-api/2.3.0/jaxb-api-2.3.0.jar:/home/user/.m2/repository/javax/activation/activation/1.1.1/activation-1.1.1.jar:/home/user/.m2/repository/org/apache/hadoop/hadoop-ozone-csi/0.5.0-SNAPSHOT/hadoop-ozone-csi-0.5.0-SNAPSHOT.jar:/home/user/.m2/repository/com/google/protobuf/protobuf-java-util/3.5.1/protobuf-java-util-3.5.1.jar:/home/user/.m2/repository/org/apache/hadoop/hadoop-hdds-config/0.5.0-SNAPSHOT/hadoop-hdds-config-0.5.0-SNAPSHOT.jar:/home/user/.m2/repository/io/grpc/grpc-netty/1.17.1/grpc-netty-1.17.1.jar:/home/user/.m2/repository/io/grpc/grpc-core/1.17.1/grpc-core-1.17.1.jar:/home/user/.m2/repository/io/grpc/grpc-context/1.17.1/grpc-context-1.17.1.jar:/home/user/.m2/repository/com/google/errorprone/error_prone_annotations/2.2.0/error_prone_annotations-2.2.0.jar:/home/user/.m2/repository/org/codehaus/mojo/animal-sniffer-annotations/1.17/animal-sniffer-annotations-1.17.jar:/home/user/.m2/repository/io/opencensus/opencensus-api/0.17.0/opencensus-api-0.17.0.jar:/home/user/.m2/repository/io/opencensus/opencensus-contrib-grpc-metrics/0.17.0/opencensus-contrib-grpc-metrics-0.17.0.jar:/home/user/.m2/repository/io/netty/netty-codec-http2/4.1.30.Final/netty-codec-http2-4.1.30.Final.jar:/home/user/.m2/repository/io/netty/netty-codec-http/4.1.30.Final/netty-codec-http-4.1.30.Final.jar:/home/user/.m2/repository/io/netty/netty-codec/4.1.30.Final/netty-codec-4.1.30.Final.jar:/home/user/.m2/repository/io/netty/netty-handler/4.1.30.Final/netty-handler-4.1.30.Final.jar:/home/user/.m2/repository/io/netty/netty-handler-proxy/4.1.30.Final/netty-handler-proxy-4.1.30.Final.jar:/home/user/.m2/repository/io/netty/netty-codec-socks/4.1.30.Final/netty-codec-socks-4.1.30.Final.jar:/home/user/.m2/repository/io/netty/netty-transport-native-epoll/4.1.30.Final/netty-transport-native-epoll-4.1.30.Final.jar:/home/user/.m2/repository/io/netty/netty-common/4.1.30.Final/netty-common-4.1.30.Final.jar:/home/user/.m2/repository/io/netty/netty-buffer/4.1.30.Final/netty-buffer-4.1.30.Final.jar:/home/user/.m2/repository/io/netty/netty-transport/4.1.30.Final/netty-transport-4.1.30.Final.jar:/home/user/.m2/repository/io/netty/netty-resolver/4.1.30.Final/netty-resolver-4.1.30.Final.jar:/home/user/.m2/repository/io/netty/netty-transport-native-unix-common/4.1.30.Final/netty-transport-native-unix-common-4.1.30.Final.jar:/home/user/.m2/repository/io/grpc/grpc-protobuf/1.17.1/grpc-protobuf-1.17.1.jar:/home/user/.m2/repository/com/google/api/grpc/proto-google-common-protos/1.0.0/proto-google-common-protos-1.0.0.jar:/home/user/.m2/repository/io/grpc/grpc-protobuf-lite/1.17.1/grpc-protobuf-lite-1.17.1.jar:/home/user/.m2/repository/io/grpc/grpc-stub/1.17.1/grpc-stub-1.17.1.jar:/home/user/.m2/repository/org/apache/hadoop/hadoop-ozone-recon/0.5.0-SNAPSHOT/hadoop-ozone-recon-0.5.0-SNAPSHOT.jar:/home/user/.m2/repository/org/apache/hadoop/hadoop-ozone-reconcodegen/0.5.0-SNAPSHOT/hadoop-ozone-reconcodegen-0.5.0-SNAPSHOT.jar:/home/user/.m2/repository/com/google/inject/extensions/guice-multibindings/4.0/guice-multibindings-4.0.jar:/home/user/.m2/repository/com/google/inject/guice/4.0/guice-4.0.jar:/home/user/.m2/repository/aopalliance/aopalliance/1.0/aopalliance-1.0.jar:/home/user/.m2/repository/com/google/inject/extensions/guice-servlet/4.0/guice-servlet-4.0.jar:/home/user/.m2/repository/org/glassfish/jersey/containers/jersey-container-servlet/2.27/jersey-container-servlet-2.27.jar:/home/user/.m2/repository/org/glassfish/hk2/guice-bridge/2.5.0/guice-bridge-2.5.0.jar:/home/user/.m2/repository/org/glassfish/jersey/core/jersey-server/2.27/jersey-server-2.27.jar:/home/user/.m2/repository/org/glassfish/jersey/core/jersey-client/2.27/jersey-client-2.27.jar:/home/user/.m2/repository/org/glassfish/jersey/media/jersey-media-jaxb/2.27/jersey-media-jaxb-2.27.jar:/home/user/.m2/repository/javax/validation/validation-api/1.1.0.Final/validation-api-1.1.0.Final.jar:/home/user/.m2/repository/org/glassfish/jersey/media/jersey-media-json-jackson/2.27/jersey-media-json-jackson-2.27.jar:/home/user/.m2/repository/org/glassfish/jersey/ext/jersey-entity-filtering/2.27/jersey-entity-filtering-2.27.jar:/home/user/.m2/repository/com/google/inject/extensions/guice-assistedinject/4.0/guice-assistedinject-4.0.jar:/home/user/.m2/repository/org/jooq/jooq/3.11.10/jooq-3.11.10.jar:/home/user/.m2/repository/org/jooq/jooq-meta/3.11.10/jooq-meta-3.11.10.jar:/home/user/.m2/repository/org/jooq/jooq-codegen/3.11.10/jooq-codegen-3.11.10.jar:/home/user/.m2/repository/com/jolbox/bonecp/0.8.0.RELEASE/bonecp-0.8.0.RELEASE.jar:/home/user/.m2/repository/org/xerial/sqlite-jdbc/3.25.2/sqlite-jdbc-3.25.2.jar:/home/user/.m2/repository/org/springframework/spring-jdbc/5.1.3.RELEASE/spring-jdbc-5.1.3.RELEASE.jar:/home/user/.m2/repository/org/springframework/spring-beans/5.1.3.RELEASE/spring-beans-5.1.3.RELEASE.jar:/home/user/.m2/repository/org/springframework/spring-core/5.1.3.RELEASE/spring-core-5.1.3.RELEASE.jar:/home/user/.m2/repository/org/springframework/spring-jcl/5.1.3.RELEASE/spring-jcl-5.1.3.RELEASE.jar:/home/user/.m2/repository/org/springframework/spring-tx/5.1.3.RELEASE/spring-tx-5.1.3.RELEASE.jar:/home/user/.m2/repository/org/apache/hadoop/hadoop-ozone-client/0.5.0-SNAPSHOT/hadoop-ozone-client-0.5.0-SNAPSHOT.jar:/home/user/.m2/repository/commons-lang/commons-lang/2.6/commons-lang-2.6.jar:/home/user/.m2/repository/org/apache/hadoop/hadoop-ozone-ozone-manager/0.5.0-SNAPSHOT/hadoop-ozone-ozone-manager-0.5.0-SNAPSHOT-tests.jar:/home/user/.m2/repository/junit/junit/4.11/junit-4.11.jar:/home/user/.m2/repository/org/hamcrest/hamcrest-core/1.3/hamcrest-core-1.3.jar:/home/user/.m2/repository/org/openjdk/jmh/jmh-core/1.19/jmh-core-1.19.jar:/home/user/.m2/repository/net/sf/jopt-simple/jopt-simple/4.6/jopt-simple-4.6.jar:/home/user/.m2/repository/org/apache/commons/commons-math3/3.1.1/commons-math3-3.1.1.jar:/home/user/.m2/repository/org/openjdk/jmh/jmh-generator-annprocess/1.19/jmh-generator-annprocess-1.19.jar:/home/user/.m2/repository/org/mockito/mockito-all/1.8.5/mockito-all-1.8.5.jar:/home/user/.m2/repository/org/apache/hadoop/hadoop-kms/3.2.0/hadoop-kms-3.2.0.jar:/home/user/.m2/repository/org/apache/hadoop/hadoop-auth/3.2.0/hadoop-auth-3.2.0.jar:/home/user/.m2/repository/com/nimbusds/nimbus-jose-jwt/4.41.1/nimbus-jose-jwt-4.41.1.jar:/home/user/.m2/repository/com/github/stephenc/jcip/jcip-annotations/1.0-1/jcip-annotations-1.0-1.jar:/home/user/.m2/repository/net/minidev/json-smart/2.3/json-smart-2.3.jar:/home/user/.m2/repository/net/minidev/accessors-smart/1.2/accessors-smart-1.2.jar:/home/user/.m2/repository/org/ow2/asm/asm/5.0.4/asm-5.0.4.jar:/home/user/.m2/repository/org/apache/curator/curator-framework/2.12.0/curator-framework-2.12.0.jar:/home/user/.m2/repository/com/sun/jersey/jersey-core/1.19/jersey-core-1.19.jar:/home/user/.m2/repository/javax/ws/rs/jsr311-api/1.1.1/jsr311-api-1.1.1.jar:/home/user/.m2/repository/com/sun/jersey/jersey-server/1.19/jersey-server-1.19.jar:/home/user/.m2/repository/javax/servlet/javax.servlet-api/3.1.0/javax.servlet-api-3.1.0.jar:/home/user/.m2/repository/org/eclipse/jetty/jetty-server/9.3.25.v20180904/jetty-server-9.3.25.v20180904.jar:/home/user/.m2/repository/org/eclipse/jetty/jetty-http/9.3.25.v20180904/jetty-http-9.3.25.v20180904.jar:/home/user/.m2/repository/org/eclipse/jetty/jetty-io/9.3.25.v20180904/jetty-io-9.3.25.v20180904.jar:/home/user/.m2/repository/org/eclipse/jetty/jetty-webapp/9.3.25.v20180904/jetty-webapp-9.3.25.v20180904.jar:/home/user/.m2/repository/org/eclipse/jetty/jetty-xml/9.3.25.v20180904/jetty-xml-9.3.25.v20180904.jar:/home/user/.m2/repository/log4j/log4j/1.2.17/log4j-1.2.17.jar:/home/user/.m2/repository/org/slf4j/slf4j-api/1.7.25/slf4j-api-1.7.25.jar:/home/user/.m2/repository/org/slf4j/jul-to-slf4j/1.7.25/jul-to-slf4j-1.7.25.jar:/home/user/.m2/repository/org/eclipse/jetty/jetty-util/9.3.25.v20180904/jetty-util-9.3.25.v20180904.jar:/home/user/.m2/repository/com/fasterxml/jackson/core/jackson-databind/2.9.9/jackson-databind-2.9.9.jar:/home/user/.m2/repository/org/apache/hadoop/hadoop-kms/3.2.0/hadoop-kms-3.2.0-tests.jar:/home/user/.m2/repository/org/apache/hadoop/hadoop-hdds-server-scm/0.5.0-SNAPSHOT/hadoop-hdds-server-scm-0.5.0-SNAPSHOT-tests.jar:/home/user/.m2/repository/org/apache/hadoop/hadoop-hdds-container-service/0.5.0-SNAPSHOT/hadoop-hdds-container-service-0.5.0-SNAPSHOT-tests.jar:/home/user/.m2/repository/org/yaml/snakeyaml/1.16/snakeyaml-1.16.jar:/home/user/.m2/repository/org/apache/hadoop/hadoop-common/3.2.0/hadoop-common-3.2.0-tests.jar:/home/user/.m2/repository/org/apache/hadoop/hadoop-annotations/3.2.0/hadoop-annotations-3.2.0.jar:/usr/lib/jvm/java-1.8-openjdk/jre/../lib/tools.jar:/home/user/.m2/repository/commons-cli/commons-cli/1.2/commons-cli-1.2.jar:/home/user/.m2/repository/org/apache/httpcomponents/httpclient/4.5.2/httpclient-4.5.2.jar:/home/user/.m2/repository/org/apache/httpcomponents/httpcore/4.4.4/httpcore-4.4.4.jar:/home/user/.m2/repository/commons-codec/commons-codec/1.11/commons-codec-1.11.jar:/home/user/.m2/repository/commons-net/commons-net/3.6/commons-net-3.6.jar:/home/user/.m2/repository/commons-collections/commons-collections/3.2.2/commons-collections-3.2.2.jar:/home/user/.m2/repository/org/eclipse/jetty/jetty-servlet/9.3.25.v20180904/jetty-servlet-9.3.25.v20180904.jar:/home/user/.m2/repository/org/eclipse/jetty/jetty-security/9.3.25.v20180904/jetty-security-9.3.25.v20180904.jar:/home/user/.m2/repository/javax/servlet/jsp/jsp-api/2.1/jsp-api-2.1.jar:/home/user/.m2/repository/com/sun/jersey/jersey-servlet/1.19/jersey-servlet-1.19.jar:/home/user/.m2/repository/com/sun/jersey/jersey-json/1.19/jersey-json-1.19.jar:/home/user/.m2/repository/org/codehaus/jettison/jettison/1.1/jettison-1.1.jar:/home/user/.m2/repository/org/codehaus/jackson/jackson-core-asl/1.9.13/jackson-core-asl-1.9.13.jar:/home/user/.m2/repository/org/codehaus/jackson/jackson-mapper-asl/1.9.13/jackson-mapper-asl-1.9.13.jar:/home/user/.m2/repository/org/codehaus/jackson/jackson-jaxrs/1.9.13/jackson-jaxrs-1.9.13.jar:/home/user/.m2/repository/org/codehaus/jackson/jackson-xc/1.9.13/jackson-xc-1.9.13.jar:/home/user/.m2/repository/commons-logging/commons-logging/1.1.3/commons-logging-1.1.3.jar:/home/user/.m2/repository/commons-beanutils/commons-beanutils/1.9.4/commons-beanutils-1.9.4.jar:/home/user/.m2/repository/org/apache/commons/commons-configuration2/2.1.1/commons-configuration2-2.1.1.jar:/home/user/.m2/repository/org/apache/commons/commons-lang3/3.7/commons-lang3-3.7.jar:/home/user/.m2/repository/org/apache/commons/commons-text/1.4/commons-text-1.4.jar:/home/user/.m2/repository/org/apache/avro/avro/1.7.7/avro-1.7.7.jar:/home/user/.m2/repository/com/thoughtworks/paranamer/paranamer/2.3/paranamer-2.3.jar:/home/user/.m2/repository/org/xerial/snappy/snappy-java/1.0.5/snappy-java-1.0.5.jar:/home/user/.m2/repository/com/google/re2j/re2j/1.1/re2j-1.1.jar:/home/user/.m2/repository/com/google/code/gson/gson/2.2.4/gson-2.2.4.jar:/home/user/.m2/repository/com/jcraft/jsch/0.1.54/jsch-0.1.54.jar:/home/user/.m2/repository/org/apache/curator/curator-client/2.12.0/curator-client-2.12.0.jar:/home/user/.m2/repository/org/apache/curator/curator-recipes/2.12.0/curator-recipes-2.12.0.jar:/home/user/.m2/repository/com/google/code/findbugs/jsr305/3.0.0/jsr305-3.0.0.jar:/home/user/.m2/repository/org/apache/htrace/htrace-core4/4.1.0-incubating/htrace-core4-4.1.0-incubating.jar:/home/user/.m2/repository/org/apache/zookeeper/zookeeper/3.4.13/zookeeper-3.4.13.jar:/home/user/.m2/repository/jline/jline/0.9.94/jline-0.9.94.jar:/home/user/.m2/repository/org/apache/yetus/audience-annotations/0.5.0/audience-annotations-0.5.0.jar:/home/user/.m2/repository/org/codehaus/woodstox/stax2-api/3.1.4/stax2-api-3.1.4.jar:/home/user/.m2/repository/com/fasterxml/woodstox/woodstox-core/5.0.3/woodstox-core-5.0.3.jar:/home/user/.m2/repository/dnsjava/dnsjava/2.1.7/dnsjava-2.1.7.jar:/home/user/.m2/repository/org/apache/hadoop/hadoop-hdfs/3.2.0/hadoop-hdfs-3.2.0-tests.jar:/home/user/.m2/repository/org/eclipse/jetty/jetty-util-ajax/9.3.25.v20180904/jetty-util-ajax-9.3.25.v20180904.jar:/home/user/.m2/repository/commons-daemon/commons-daemon/1.0.13/commons-daemon-1.0.13.jar:/home/user/.m2/repository/io/netty/netty/3.10.5.Final/netty-3.10.5.Final.jar:/home/user/.m2/repository/io/netty/netty-all/4.0.52.Final/netty-all-4.0.52.Final.jar:/home/user/.m2/repository/org/fusesource/leveldbjni/leveldbjni-all/1.8/leveldbjni-all-1.8.jar:"/>
    <property name="java.vm.vendor" value="IcedTea"/>
    <property name="sun.arch.data.model" value="64"/>
    <property name="test.build.dir" value="/workdir/hadoop-ozone/integration-test/target/test-dir"/>
    <property name="test.cache.data" value=""/>
    <property name="java.vendor.url" value="https://icedtea.classpath.org"/>
    <property name="user.timezone" value=""/>
    <property name="java.vm.specification.version" value="1.8"/>
    <property name="os.name" value="Linux"/>
    <property name="test.build.data" value="/workdir/hadoop-ozone/integration-test/target/test-dir"/>
    <property name="user.country" value="US"/>
    <property name="sun.java.launcher" value="SUN_STANDARD"/>
    <property name="sun.boot.library.path" value="/usr/lib/jvm/java-1.8-openjdk/jre/lib/amd64"/>
    <property name="sun.java.command" value="/workdir/hadoop-ozone/integration-test/target/surefire/surefirebooter1617655949569990923.jar /workdir/hadoop-ozone/integration-test/target/surefire 2019-09-26T19-40-19_769-jvmRun1 surefire54934843521673285tmp surefire_615277727522530209288tmp"/>
    <property name="test" value="!TestMiniChaosOzoneCluster"/>
    <property name="surefire.test.class.path" value="/workdir/hadoop-ozone/integration-test/target/test-classes:/workdir/hadoop-ozone/integration-test/target/classes:/home/user/.m2/repository/org/apache/hadoop/hadoop-ozone-common/0.5.0-SNAPSHOT/hadoop-ozone-common-0.5.0-SNAPSHOT.jar:/home/user/.m2/repository/org/apache/commons/commons-compress/1.4.1/commons-compress-1.4.1.jar:/home/user/.m2/repository/org/tukaani/xz/1.0/xz-1.0.jar:/home/user/.m2/repository/org/apache/hadoop/hadoop-common/3.2.0/hadoop-common-3.2.0.jar:/home/user/.m2/repository/org/apache/hadoop/hadoop-hdfs/3.2.0/hadoop-hdfs-3.2.0.jar:/home/user/.m2/repository/org/apache/hadoop/hadoop-hdfs-client/3.2.0/hadoop-hdfs-client-3.2.0.jar:/home/user/.m2/repository/com/fasterxml/jackson/core/jackson-annotations/2.9.9/jackson-annotations-2.9.9.jar:/home/user/.m2/repository/org/apache/hadoop/hadoop-hdds-common/0.5.0-SNAPSHOT/hadoop-hdds-common-0.5.0-SNAPSHOT.jar:/home/user/.m2/repository/javax/annotation/javax.annotation-api/1.2/javax.annotation-api-1.2.jar:/home/user/.m2/repository/org/apache/ratis/ratis-server/0.4.0/ratis-server-0.4.0.jar:/home/user/.m2/repository/org/apache/ratis/ratis-thirdparty-misc/0.2.0/ratis-thirdparty-misc-0.2.0.jar:/home/user/.m2/repository/org/apache/ratis/ratis-proto/0.4.0/ratis-proto-0.4.0.jar:/home/user/.m2/repository/org/apache/ratis/ratis-common/0.4.0/ratis-common-0.4.0.jar:/home/user/.m2/repository/org/apache/ratis/ratis-client/0.4.0/ratis-client-0.4.0.jar:/home/user/.m2/repository/org/apache/ratis/ratis-metrics/0.4.0/ratis-metrics-0.4.0.jar:/home/user/.m2/repository/com/github/joshelser/dropwizard-metrics-hadoop-metrics2-reporter/0.1.2/dropwizard-metrics-hadoop-metrics2-reporter-0.1.2.jar:/home/user/.m2/repository/io/dropwizard/metrics/metrics-jvm/3.2.5/metrics-jvm-3.2.5.jar:/home/user/.m2/repository/io/dropwizard/metrics/metrics-ganglia/3.2.5/metrics-ganglia-3.2.5.jar:/home/user/.m2/repository/info/ganglia/gmetric4j/gmetric4j/1.0.7/gmetric4j-1.0.7.jar:/home/user/.m2/repository/org/apache/ratis/ratis-netty/0.4.0/ratis-netty-0.4.0.jar:/home/user/.m2/repository/org/apache/ratis/ratis-grpc/0.4.0/ratis-grpc-0.4.0.jar:/home/user/.m2/repository/org/rocksdb/rocksdbjni/6.0.1/rocksdbjni-6.0.1.jar:/home/user/.m2/repository/org/apache/logging/log4j/log4j-api/2.11.0/log4j-api-2.11.0.jar:/home/user/.m2/repository/org/apache/logging/log4j/log4j-core/2.11.0/log4j-core-2.11.0.jar:/home/user/.m2/repository/com/lmax/disruptor/3.4.2/disruptor-3.4.2.jar:/home/user/.m2/repository/org/apache/commons/commons-pool2/2.6.0/commons-pool2-2.6.0.jar:/home/user/.m2/repository/org/bouncycastle/bcpkix-jdk15on/1.60/bcpkix-jdk15on-1.60.jar:/home/user/.m2/repository/commons-validator/commons-validator/1.6/commons-validator-1.6.jar:/home/user/.m2/repository/commons-digester/commons-digester/1.8.1/commons-digester-1.8.1.jar:/home/user/.m2/repository/io/jaegertracing/jaeger-client/0.34.0/jaeger-client-0.34.0.jar:/home/user/.m2/repository/io/jaegertracing/jaeger-thrift/0.34.0/jaeger-thrift-0.34.0.jar:/home/user/.m2/repository/org/apache/thrift/libthrift/0.12.0/libthrift-0.12.0.jar:/home/user/.m2/repository/com/squareup/okhttp3/okhttp/3.9.0/okhttp-3.9.0.jar:/home/user/.m2/repository/com/squareup/okio/okio/1.13.0/okio-1.13.0.jar:/home/user/.m2/repository/io/jaegertracing/jaeger-core/0.34.0/jaeger-core-0.34.0.jar:/home/user/.m2/repository/io/jaegertracing/jaeger-tracerresolver/0.34.0/jaeger-tracerresolver-0.34.0.jar:/home/user/.m2/repository/io/opentracing/contrib/opentracing-tracerresolver/0.1.5/opentracing-tracerresolver-0.1.5.jar:/home/user/.m2/repository/io/opentracing/opentracing-util/0.31.0/opentracing-util-0.31.0.jar:/home/user/.m2/repository/io/opentracing/opentracing-api/0.31.0/opentracing-api-0.31.0.jar:/home/user/.m2/repository/io/opentracing/opentracing-noop/0.31.0/opentracing-noop-0.31.0.jar:/home/user/.m2/repository/org/apache/hadoop/hadoop-hdds-server-framework/0.5.0-SNAPSHOT/hadoop-hdds-server-framework-0.5.0-SNAPSHOT.jar:/home/user/.m2/repository/org/apache/hadoop/hadoop-hdds-container-service/0.5.0-SNAPSHOT/hadoop-hdds-container-service-0.5.0-SNAPSHOT.jar:/home/user/.m2/repository/org/apache/hadoop/hadoop-hdds-client/0.5.0-SNAPSHOT/hadoop-hdds-client-0.5.0-SNAPSHOT.jar:/home/user/.m2/repository/org/apache/hadoop/hadoop-hdds-tools/0.5.0-SNAPSHOT/hadoop-hdds-tools-0.5.0-SNAPSHOT.jar:/home/user/.m2/repository/org/apache/hadoop/hadoop-hdds-server-scm/0.5.0-SNAPSHOT/hadoop-hdds-server-scm-0.5.0-SNAPSHOT.jar:/home/user/.m2/repository/org/apache/hadoop/hadoop-hdds-docs/0.5.0-SNAPSHOT/hadoop-hdds-docs-0.5.0-SNAPSHOT.jar:/home/user/.m2/repository/io/dropwizard/metrics/metrics-core/3.2.4/metrics-core-3.2.4.jar:/home/user/.m2/repository/org/hamcrest/hamcrest-all/1.3/hamcrest-all-1.3.jar:/home/user/.m2/repository/org/bouncycastle/bcprov-jdk15on/1.60/bcprov-jdk15on-1.60.jar:/home/user/.m2/repository/info/picocli/picocli/3.9.6/picocli-3.9.6.jar:/home/user/.m2/repository/com/google/protobuf/protobuf-java/2.5.0/protobuf-java-2.5.0.jar:/home/user/.m2/repository/com/google/guava/guava/11.0.2/guava-11.0.2.jar:/home/user/.m2/repository/org/apache/hadoop/hadoop-ozone-ozone-manager/0.5.0-SNAPSHOT/hadoop-ozone-ozone-manager-0.5.0-SNAPSHOT.jar:/home/user/.m2/repository/org/apache/hadoop/hadoop-minikdc/3.2.0/hadoop-minikdc-3.2.0.jar:/home/user/.m2/repository/commons-io/commons-io/2.5/commons-io-2.5.jar:/home/user/.m2/repository/org/apache/kerby/kerb-simplekdc/1.0.1/kerb-simplekdc-1.0.1.jar:/home/user/.m2/repository/org/apache/kerby/kerb-client/1.0.1/kerb-client-1.0.1.jar:/home/user/.m2/repository/org/apache/kerby/kerby-config/1.0.1/kerby-config-1.0.1.jar:/home/user/.m2/repository/org/apache/kerby/kerb-core/1.0.1/kerb-core-1.0.1.jar:/home/user/.m2/repository/org/apache/kerby/kerby-pkix/1.0.1/kerby-pkix-1.0.1.jar:/home/user/.m2/repository/org/apache/kerby/kerby-asn1/1.0.1/kerby-asn1-1.0.1.jar:/home/user/.m2/repository/org/apache/kerby/kerby-util/1.0.1/kerby-util-1.0.1.jar:/home/user/.m2/repository/org/apache/kerby/kerb-common/1.0.1/kerb-common-1.0.1.jar:/home/user/.m2/repository/org/apache/kerby/kerb-crypto/1.0.1/kerb-crypto-1.0.1.jar:/home/user/.m2/repository/org/apache/kerby/kerb-util/1.0.1/kerb-util-1.0.1.jar:/home/user/.m2/repository/org/apache/kerby/token-provider/1.0.1/token-provider-1.0.1.jar:/home/user/.m2/repository/org/apache/kerby/kerb-admin/1.0.1/kerb-admin-1.0.1.jar:/home/user/.m2/repository/org/apache/kerby/kerb-server/1.0.1/kerb-server-1.0.1.jar:/home/user/.m2/repository/org/apache/kerby/kerb-identity/1.0.1/kerb-identity-1.0.1.jar:/home/user/.m2/repository/org/apache/kerby/kerby-xdr/1.0.1/kerby-xdr-1.0.1.jar:/home/user/.m2/repository/org/slf4j/slf4j-log4j12/1.7.25/slf4j-log4j12-1.7.25.jar:/home/user/.m2/repository/org/apache/hadoop/hadoop-ozone-s3gateway/0.5.0-SNAPSHOT/hadoop-ozone-s3gateway-0.5.0-SNAPSHOT.jar:/home/user/.m2/repository/org/jboss/weld/servlet/weld-servlet/2.4.7.Final/weld-servlet-2.4.7.Final.jar:/home/user/.m2/repository/org/glassfish/jersey/containers/jersey-container-servlet-core/2.27/jersey-container-servlet-core-2.27.jar:/home/user/.m2/repository/org/glassfish/hk2/external/javax.inject/2.5.0-b42/javax.inject-2.5.0-b42.jar:/home/user/.m2/repository/org/glassfish/jersey/core/jersey-common/2.27/jersey-common-2.27.jar:/home/user/.m2/repository/org/glassfish/hk2/osgi-resource-locator/1.0.1/osgi-resource-locator-1.0.1.jar:/home/user/.m2/repository/javax/ws/rs/javax.ws.rs-api/2.1/javax.ws.rs-api-2.1.jar:/home/user/.m2/repository/org/glassfish/jersey/ext/cdi/jersey-cdi1x/2.27/jersey-cdi1x-2.27.jar:/home/user/.m2/repository/org/glassfish/jersey/inject/jersey-hk2/2.27/jersey-hk2-2.27.jar:/home/user/.m2/repository/org/glassfish/hk2/hk2-locator/2.5.0-b42/hk2-locator-2.5.0-b42.jar:/home/user/.m2/repository/org/javassist/javassist/3.22.0-CR2/javassist-3.22.0-CR2.jar:/home/user/.m2/repository/org/glassfish/hk2/hk2-api/2.5.0/hk2-api-2.5.0.jar:/home/user/.m2/repository/org/glassfish/hk2/external/jakarta.inject/2.5.0/jakarta.inject-2.5.0.jar:/home/user/.m2/repository/org/glassfish/hk2/hk2-utils/2.5.0/hk2-utils-2.5.0.jar:/home/user/.m2/repository/jakarta/annotation/jakarta.annotation-api/1.3.4/jakarta.annotation-api-1.3.4.jar:/home/user/.m2/repository/org/glassfish/hk2/external/aopalliance-repackaged/2.5.0/aopalliance-repackaged-2.5.0.jar:/home/user/.m2/repository/com/fasterxml/jackson/dataformat/jackson-dataformat-xml/2.9.0/jackson-dataformat-xml-2.9.0.jar:/home/user/.m2/repository/com/fasterxml/jackson/core/jackson-core/2.9.9/jackson-core-2.9.9.jar:/home/user/.m2/repository/com/fasterxml/jackson/module/jackson-module-jaxb-annotations/2.9.9/jackson-module-jaxb-annotations-2.9.9.jar:/home/user/.m2/repository/javax/enterprise/cdi-api/1.2/cdi-api-1.2.jar:/home/user/.m2/repository/javax/el/javax.el-api/3.0.0/javax.el-api-3.0.0.jar:/home/user/.m2/repository/javax/interceptor/javax.interceptor-api/1.2/javax.interceptor-api-1.2.jar:/home/user/.m2/repository/javax/inject/javax.inject/1/javax.inject-1.jar:/home/user/.m2/repository/com/sun/xml/bind/jaxb-impl/2.3.0.1/jaxb-impl-2.3.0.1.jar:/home/user/.m2/repository/com/sun/xml/bind/jaxb-core/2.3.0.1/jaxb-core-2.3.0.1.jar:/home/user/.m2/repository/javax/xml/bind/jaxb-api/2.3.0/jaxb-api-2.3.0.jar:/home/user/.m2/repository/javax/activation/activation/1.1.1/activation-1.1.1.jar:/home/user/.m2/repository/org/apache/hadoop/hadoop-ozone-csi/0.5.0-SNAPSHOT/hadoop-ozone-csi-0.5.0-SNAPSHOT.jar:/home/user/.m2/repository/com/google/protobuf/protobuf-java-util/3.5.1/protobuf-java-util-3.5.1.jar:/home/user/.m2/repository/org/apache/hadoop/hadoop-hdds-config/0.5.0-SNAPSHOT/hadoop-hdds-config-0.5.0-SNAPSHOT.jar:/home/user/.m2/repository/io/grpc/grpc-netty/1.17.1/grpc-netty-1.17.1.jar:/home/user/.m2/repository/io/grpc/grpc-core/1.17.1/grpc-core-1.17.1.jar:/home/user/.m2/repository/io/grpc/grpc-context/1.17.1/grpc-context-1.17.1.jar:/home/user/.m2/repository/com/google/errorprone/error_prone_annotations/2.2.0/error_prone_annotations-2.2.0.jar:/home/user/.m2/repository/org/codehaus/mojo/animal-sniffer-annotations/1.17/animal-sniffer-annotations-1.17.jar:/home/user/.m2/repository/io/opencensus/opencensus-api/0.17.0/opencensus-api-0.17.0.jar:/home/user/.m2/repository/io/opencensus/opencensus-contrib-grpc-metrics/0.17.0/opencensus-contrib-grpc-metrics-0.17.0.jar:/home/user/.m2/repository/io/netty/netty-codec-http2/4.1.30.Final/netty-codec-http2-4.1.30.Final.jar:/home/user/.m2/repository/io/netty/netty-codec-http/4.1.30.Final/netty-codec-http-4.1.30.Final.jar:/home/user/.m2/repository/io/netty/netty-codec/4.1.30.Final/netty-codec-4.1.30.Final.jar:/home/user/.m2/repository/io/netty/netty-handler/4.1.30.Final/netty-handler-4.1.30.Final.jar:/home/user/.m2/repository/io/netty/netty-handler-proxy/4.1.30.Final/netty-handler-proxy-4.1.30.Final.jar:/home/user/.m2/repository/io/netty/netty-codec-socks/4.1.30.Final/netty-codec-socks-4.1.30.Final.jar:/home/user/.m2/repository/io/netty/netty-transport-native-epoll/4.1.30.Final/netty-transport-native-epoll-4.1.30.Final.jar:/home/user/.m2/repository/io/netty/netty-common/4.1.30.Final/netty-common-4.1.30.Final.jar:/home/user/.m2/repository/io/netty/netty-buffer/4.1.30.Final/netty-buffer-4.1.30.Final.jar:/home/user/.m2/repository/io/netty/netty-transport/4.1.30.Final/netty-transport-4.1.30.Final.jar:/home/user/.m2/repository/io/netty/netty-resolver/4.1.30.Final/netty-resolver-4.1.30.Final.jar:/home/user/.m2/repository/io/netty/netty-transport-native-unix-common/4.1.30.Final/netty-transport-native-unix-common-4.1.30.Final.jar:/home/user/.m2/repository/io/grpc/grpc-protobuf/1.17.1/grpc-protobuf-1.17.1.jar:/home/user/.m2/repository/com/google/api/grpc/proto-google-common-protos/1.0.0/proto-google-common-protos-1.0.0.jar:/home/user/.m2/repository/io/grpc/grpc-protobuf-lite/1.17.1/grpc-protobuf-lite-1.17.1.jar:/home/user/.m2/repository/io/grpc/grpc-stub/1.17.1/grpc-stub-1.17.1.jar:/home/user/.m2/repository/org/apache/hadoop/hadoop-ozone-recon/0.5.0-SNAPSHOT/hadoop-ozone-recon-0.5.0-SNAPSHOT.jar:/home/user/.m2/repository/org/apache/hadoop/hadoop-ozone-reconcodegen/0.5.0-SNAPSHOT/hadoop-ozone-reconcodegen-0.5.0-SNAPSHOT.jar:/home/user/.m2/repository/com/google/inject/extensions/guice-multibindings/4.0/guice-multibindings-4.0.jar:/home/user/.m2/repository/com/google/inject/guice/4.0/guice-4.0.jar:/home/user/.m2/repository/aopalliance/aopalliance/1.0/aopalliance-1.0.jar:/home/user/.m2/repository/com/google/inject/extensions/guice-servlet/4.0/guice-servlet-4.0.jar:/home/user/.m2/repository/org/glassfish/jersey/containers/jersey-container-servlet/2.27/jersey-container-servlet-2.27.jar:/home/user/.m2/repository/org/glassfish/hk2/guice-bridge/2.5.0/guice-bridge-2.5.0.jar:/home/user/.m2/repository/org/glassfish/jersey/core/jersey-server/2.27/jersey-server-2.27.jar:/home/user/.m2/repository/org/glassfish/jersey/core/jersey-client/2.27/jersey-client-2.27.jar:/home/user/.m2/repository/org/glassfish/jersey/media/jersey-media-jaxb/2.27/jersey-media-jaxb-2.27.jar:/home/user/.m2/repository/javax/validation/validation-api/1.1.0.Final/validation-api-1.1.0.Final.jar:/home/user/.m2/repository/org/glassfish/jersey/media/jersey-media-json-jackson/2.27/jersey-media-json-jackson-2.27.jar:/home/user/.m2/repository/org/glassfish/jersey/ext/jersey-entity-filtering/2.27/jersey-entity-filtering-2.27.jar:/home/user/.m2/repository/com/google/inject/extensions/guice-assistedinject/4.0/guice-assistedinject-4.0.jar:/home/user/.m2/repository/org/jooq/jooq/3.11.10/jooq-3.11.10.jar:/home/user/.m2/repository/org/jooq/jooq-meta/3.11.10/jooq-meta-3.11.10.jar:/home/user/.m2/repository/org/jooq/jooq-codegen/3.11.10/jooq-codegen-3.11.10.jar:/home/user/.m2/repository/com/jolbox/bonecp/0.8.0.RELEASE/bonecp-0.8.0.RELEASE.jar:/home/user/.m2/repository/org/xerial/sqlite-jdbc/3.25.2/sqlite-jdbc-3.25.2.jar:/home/user/.m2/repository/org/springframework/spring-jdbc/5.1.3.RELEASE/spring-jdbc-5.1.3.RELEASE.jar:/home/user/.m2/repository/org/springframework/spring-beans/5.1.3.RELEASE/spring-beans-5.1.3.RELEASE.jar:/home/user/.m2/repository/org/springframework/spring-core/5.1.3.RELEASE/spring-core-5.1.3.RELEASE.jar:/home/user/.m2/repository/org/springframework/spring-jcl/5.1.3.RELEASE/spring-jcl-5.1.3.RELEASE.jar:/home/user/.m2/repository/org/springframework/spring-tx/5.1.3.RELEASE/spring-tx-5.1.3.RELEASE.jar:/home/user/.m2/repository/org/apache/hadoop/hadoop-ozone-client/0.5.0-SNAPSHOT/hadoop-ozone-client-0.5.0-SNAPSHOT.jar:/home/user/.m2/repository/commons-lang/commons-lang/2.6/commons-lang-2.6.jar:/home/user/.m2/repository/org/apache/hadoop/hadoop-ozone-ozone-manager/0.5.0-SNAPSHOT/hadoop-ozone-ozone-manager-0.5.0-SNAPSHOT-tests.jar:/home/user/.m2/repository/junit/junit/4.11/junit-4.11.jar:/home/user/.m2/repository/org/hamcrest/hamcrest-core/1.3/hamcrest-core-1.3.jar:/home/user/.m2/repository/org/openjdk/jmh/jmh-core/1.19/jmh-core-1.19.jar:/home/user/.m2/repository/net/sf/jopt-simple/jopt-simple/4.6/jopt-simple-4.6.jar:/home/user/.m2/repository/org/apache/commons/commons-math3/3.1.1/commons-math3-3.1.1.jar:/home/user/.m2/repository/org/openjdk/jmh/jmh-generator-annprocess/1.19/jmh-generator-annprocess-1.19.jar:/home/user/.m2/repository/org/mockito/mockito-all/1.8.5/mockito-all-1.8.5.jar:/home/user/.m2/repository/org/apache/hadoop/hadoop-kms/3.2.0/hadoop-kms-3.2.0.jar:/home/user/.m2/repository/org/apache/hadoop/hadoop-auth/3.2.0/hadoop-auth-3.2.0.jar:/home/user/.m2/repository/com/nimbusds/nimbus-jose-jwt/4.41.1/nimbus-jose-jwt-4.41.1.jar:/home/user/.m2/repository/com/github/stephenc/jcip/jcip-annotations/1.0-1/jcip-annotations-1.0-1.jar:/home/user/.m2/repository/net/minidev/json-smart/2.3/json-smart-2.3.jar:/home/user/.m2/repository/net/minidev/accessors-smart/1.2/accessors-smart-1.2.jar:/home/user/.m2/repository/org/ow2/asm/asm/5.0.4/asm-5.0.4.jar:/home/user/.m2/repository/org/apache/curator/curator-framework/2.12.0/curator-framework-2.12.0.jar:/home/user/.m2/repository/com/sun/jersey/jersey-core/1.19/jersey-core-1.19.jar:/home/user/.m2/repository/javax/ws/rs/jsr311-api/1.1.1/jsr311-api-1.1.1.jar:/home/user/.m2/repository/com/sun/jersey/jersey-server/1.19/jersey-server-1.19.jar:/home/user/.m2/repository/javax/servlet/javax.servlet-api/3.1.0/javax.servlet-api-3.1.0.jar:/home/user/.m2/repository/org/eclipse/jetty/jetty-server/9.3.25.v20180904/jetty-server-9.3.25.v20180904.jar:/home/user/.m2/repository/org/eclipse/jetty/jetty-http/9.3.25.v20180904/jetty-http-9.3.25.v20180904.jar:/home/user/.m2/repository/org/eclipse/jetty/jetty-io/9.3.25.v20180904/jetty-io-9.3.25.v20180904.jar:/home/user/.m2/repository/org/eclipse/jetty/jetty-webapp/9.3.25.v20180904/jetty-webapp-9.3.25.v20180904.jar:/home/user/.m2/repository/org/eclipse/jetty/jetty-xml/9.3.25.v20180904/jetty-xml-9.3.25.v20180904.jar:/home/user/.m2/repository/log4j/log4j/1.2.17/log4j-1.2.17.jar:/home/user/.m2/repository/org/slf4j/slf4j-api/1.7.25/slf4j-api-1.7.25.jar:/home/user/.m2/repository/org/slf4j/jul-to-slf4j/1.7.25/jul-to-slf4j-1.7.25.jar:/home/user/.m2/repository/org/eclipse/jetty/jetty-util/9.3.25.v20180904/jetty-util-9.3.25.v20180904.jar:/home/user/.m2/repository/com/fasterxml/jackson/core/jackson-databind/2.9.9/jackson-databind-2.9.9.jar:/home/user/.m2/repository/org/apache/hadoop/hadoop-kms/3.2.0/hadoop-kms-3.2.0-tests.jar:/home/user/.m2/repository/org/apache/hadoop/hadoop-hdds-server-scm/0.5.0-SNAPSHOT/hadoop-hdds-server-scm-0.5.0-SNAPSHOT-tests.jar:/home/user/.m2/repository/org/apache/hadoop/hadoop-hdds-container-service/0.5.0-SNAPSHOT/hadoop-hdds-container-service-0.5.0-SNAPSHOT-tests.jar:/home/user/.m2/repository/org/yaml/snakeyaml/1.16/snakeyaml-1.16.jar:/home/user/.m2/repository/org/apache/hadoop/hadoop-common/3.2.0/hadoop-common-3.2.0-tests.jar:/home/user/.m2/repository/org/apache/hadoop/hadoop-annotations/3.2.0/hadoop-annotations-3.2.0.jar:/usr/lib/jvm/java-1.8-openjdk/jre/../lib/tools.jar:/home/user/.m2/repository/commons-cli/commons-cli/1.2/commons-cli-1.2.jar:/home/user/.m2/repository/org/apache/httpcomponents/httpclient/4.5.2/httpclient-4.5.2.jar:/home/user/.m2/repository/org/apache/httpcomponents/httpcore/4.4.4/httpcore-4.4.4.jar:/home/user/.m2/repository/commons-codec/commons-codec/1.11/commons-codec-1.11.jar:/home/user/.m2/repository/commons-net/commons-net/3.6/commons-net-3.6.jar:/home/user/.m2/repository/commons-collections/commons-collections/3.2.2/commons-collections-3.2.2.jar:/home/user/.m2/repository/org/eclipse/jetty/jetty-servlet/9.3.25.v20180904/jetty-servlet-9.3.25.v20180904.jar:/home/user/.m2/repository/org/eclipse/jetty/jetty-security/9.3.25.v20180904/jetty-security-9.3.25.v20180904.jar:/home/user/.m2/repository/javax/servlet/jsp/jsp-api/2.1/jsp-api-2.1.jar:/home/user/.m2/repository/com/sun/jersey/jersey-servlet/1.19/jersey-servlet-1.19.jar:/home/user/.m2/repository/com/sun/jersey/jersey-json/1.19/jersey-json-1.19.jar:/home/user/.m2/repository/org/codehaus/jettison/jettison/1.1/jettison-1.1.jar:/home/user/.m2/repository/org/codehaus/jackson/jackson-core-asl/1.9.13/jackson-core-asl-1.9.13.jar:/home/user/.m2/repository/org/codehaus/jackson/jackson-mapper-asl/1.9.13/jackson-mapper-asl-1.9.13.jar:/home/user/.m2/repository/org/codehaus/jackson/jackson-jaxrs/1.9.13/jackson-jaxrs-1.9.13.jar:/home/user/.m2/repository/org/codehaus/jackson/jackson-xc/1.9.13/jackson-xc-1.9.13.jar:/home/user/.m2/repository/commons-logging/commons-logging/1.1.3/commons-logging-1.1.3.jar:/home/user/.m2/repository/commons-beanutils/commons-beanutils/1.9.4/commons-beanutils-1.9.4.jar:/home/user/.m2/repository/org/apache/commons/commons-configuration2/2.1.1/commons-configuration2-2.1.1.jar:/home/user/.m2/repository/org/apache/commons/commons-lang3/3.7/commons-lang3-3.7.jar:/home/user/.m2/repository/org/apache/commons/commons-text/1.4/commons-text-1.4.jar:/home/user/.m2/repository/org/apache/avro/avro/1.7.7/avro-1.7.7.jar:/home/user/.m2/repository/com/thoughtworks/paranamer/paranamer/2.3/paranamer-2.3.jar:/home/user/.m2/repository/org/xerial/snappy/snappy-java/1.0.5/snappy-java-1.0.5.jar:/home/user/.m2/repository/com/google/re2j/re2j/1.1/re2j-1.1.jar:/home/user/.m2/repository/com/google/code/gson/gson/2.2.4/gson-2.2.4.jar:/home/user/.m2/repository/com/jcraft/jsch/0.1.54/jsch-0.1.54.jar:/home/user/.m2/repository/org/apache/curator/curator-client/2.12.0/curator-client-2.12.0.jar:/home/user/.m2/repository/org/apache/curator/curator-recipes/2.12.0/curator-recipes-2.12.0.jar:/home/user/.m2/repository/com/google/code/findbugs/jsr305/3.0.0/jsr305-3.0.0.jar:/home/user/.m2/repository/org/apache/htrace/htrace-core4/4.1.0-incubating/htrace-core4-4.1.0-incubating.jar:/home/user/.m2/repository/org/apache/zookeeper/zookeeper/3.4.13/zookeeper-3.4.13.jar:/home/user/.m2/repository/jline/jline/0.9.94/jline-0.9.94.jar:/home/user/.m2/repository/org/apache/yetus/audience-annotations/0.5.0/audience-annotations-0.5.0.jar:/home/user/.m2/repository/org/codehaus/woodstox/stax2-api/3.1.4/stax2-api-3.1.4.jar:/home/user/.m2/repository/com/fasterxml/woodstox/woodstox-core/5.0.3/woodstox-core-5.0.3.jar:/home/user/.m2/repository/dnsjava/dnsjava/2.1.7/dnsjava-2.1.7.jar:/home/user/.m2/repository/org/apache/hadoop/hadoop-hdfs/3.2.0/hadoop-hdfs-3.2.0-tests.jar:/home/user/.m2/repository/org/eclipse/jetty/jetty-util-ajax/9.3.25.v20180904/jetty-util-ajax-9.3.25.v20180904.jar:/home/user/.m2/repository/commons-daemon/commons-daemon/1.0.13/commons-daemon-1.0.13.jar:/home/user/.m2/repository/io/netty/netty/3.10.5.Final/netty-3.10.5.Final.jar:/home/user/.m2/repository/io/netty/netty-all/4.0.52.Final/netty-all-4.0.52.Final.jar:/home/user/.m2/repository/org/fusesource/leveldbjni/leveldbjni-all/1.8/leveldbjni-all-1.8.jar:"/>
    <property name="sun.cpu.endian" value="little"/>
    <property name="user.home" value="/home/user"/>
    <property name="user.language" value="en"/>
    <property name="java.specification.vendor" value="Oracle Corporation"/>
    <property name="java.home" value="/usr/lib/jvm/java-1.8-openjdk/jre"/>
    <property name="java.security.krb5.conf" value="/workdir/hadoop-ozone/integration-test/target/test-classes/krb5.conf"/>
    <property name="basedir" value="/workdir/hadoop-ozone/integration-test"/>
    <property name="file.separator" value="/"/>
    <property name="line.separator" value="&#10;"/>
    <property name="java.vm.specification.vendor" value="Oracle Corporation"/>
    <property name="java.specification.name" value="Java Platform API Specification"/>
    <property name="java.awt.graphicsenv" value="sun.awt.X11GraphicsEnvironment"/>
    <property name="surefire.real.class.path" value="/workdir/hadoop-ozone/integration-test/target/surefire/surefirebooter1617655949569990923.jar"/>
    <property name="hadoop.log.dir" value="/workdir/hadoop-ozone/integration-test/target/log"/>
    <property name="sun.boot.class.path" value="/usr/lib/jvm/java-1.8-openjdk/jre/lib/resources.jar:/usr/lib/jvm/java-1.8-openjdk/jre/lib/rt.jar:/usr/lib/jvm/java-1.8-openjdk/jre/lib/sunrsasign.jar:/usr/lib/jvm/java-1.8-openjdk/jre/lib/jsse.jar:/usr/lib/jvm/java-1.8-openjdk/jre/lib/jce.jar:/usr/lib/jvm/java-1.8-openjdk/jre/lib/charsets.jar:/usr/lib/jvm/java-1.8-openjdk/jre/lib/jfr.jar:/usr/lib/jvm/java-1.8-openjdk/jre/classes"/>
    <property name="sun.management.compiler" value="HotSpot 64-Bit Tiered Compilers"/>
    <property name="java.runtime.version" value="1.8.0_212-b04"/>
    <property name="java.net.preferIPv4Stack" value="true"/>
    <property name="user.name" value="jenkins1000"/>
    <property name="path.separator" value=":"/>
    <property name="java.security.egd" value="file:///dev/urandom"/>
    <property name="os.version" value="3.10.0-957.12.2.el7.x86_64"/>
    <property name="java.endorsed.dirs" value="/usr/lib/jvm/java-1.8-openjdk/jre/lib/endorsed"/>
    <property name="java.runtime.name" value="OpenJDK Runtime Environment"/>
    <property name="file.encoding" value="UTF-8"/>
    <property name="java.vm.name" value="OpenJDK 64-Bit Server VM"/>
    <property name="test.build.webapps" value=""/>
    <property name="localRepository" value="/home/user/.m2/repository"/>
    <property name="java.vendor.url.bug" value="https://icedtea.classpath.org/bugzilla"/>
    <property name="java.io.tmpdir" value="/tmp"/>
    <property name="require.test.libhadoop" value=""/>
    <property name="java.version" value="1.8.0_212"/>
    <property name="user.dir" value="/workdir/hadoop-ozone/integration-test"/>
    <property name="os.arch" value="amd64"/>
    <property name="java.vm.specification.name" value="Java Virtual Machine Specification"/>
    <property name="test.build.classes" value="/workdir/hadoop-ozone/integration-test/target/test-classes"/>
    <property name="java.awt.printerjob" value="sun.print.PSPrinterJob"/>
    <property name="sun.os.patch.level" value="unknown"/>
    <property name="hadoop.tmp.dir" value="/workdir/hadoop-ozone/integration-test/target/tmp"/>
    <property name="java.library.path" value="/usr/lib/jvm/java-1.8-openjdk/jre/lib/amd64/server:/usr/lib/jvm/java-1.8-openjdk/jre/lib/amd64:/usr/lib/jvm/java-1.8-openjdk/jre/../lib/amd64:/workdir/hadoop-ozone/integration-test/target/native/target/usr/local/lib:/workdir/hadoop-ozone/integration-test/../../hadoop-common-project/hadoop-common/target/native/target/usr/local/lib:/usr/java/packages/lib/amd64:/usr/lib64:/lib64:/lib:/usr/lib"/>
    <property name="java.vm.info" value="mixed mode"/>
    <property name="java.vendor" value="IcedTea"/>
    <property name="java.vm.version" value="25.212-b04"/>
    <property name="java.ext.dirs" value="/usr/lib/jvm/java-1.8-openjdk/jre/lib/ext:/usr/java/packages/lib/ext"/>
    <property name="sun.io.unicode.encoding" value="UnicodeLittle"/>
    <property name="java.class.version" value="52.0"/>
  </properties>
  <testcase name="testWatchForCommitWithKeyWrite" classname="org.apache.hadoop.ozone.client.rpc.TestWatchForCommit" time="76.992"/>
  <testcase name="testWatchForCommitWithSmallerTimeoutValue" classname="org.apache.hadoop.ozone.client.rpc.TestWatchForCommit" time="48.091"/>
  <testcase name="testWatchForCommitForRetryfailure" classname="org.apache.hadoop.ozone.client.rpc.TestWatchForCommit" time="75.364"/>
  <testcase name="testWatchForCommitForGroupMismatchException" classname="org.apache.hadoop.ozone.client.rpc.TestWatchForCommit" time="32.644"/>
  <testcase name="test2WayCommitForTimeoutException" classname="org.apache.hadoop.ozone.client.rpc.TestWatchForCommit" time="27.718">
    <error message="org.apache.ratis.protocol.RaftRetryFailureException: Failed RaftClientRequest:client-213F331AC24D-&gt;c642a3ed-6835-4e80-8c1e-9298e9a0c556@group-6C9E397D0F29, cid=101, seq=2*, RW, org.apache.hadoop.hdds.scm.XceiverClientRatis$$Lambda$386/1701798620@1b8f7bd0 for 20 attempts with RetryLimited(maxAttempts=20, sleepTime=1000ms)" type="java.util.concurrent.ExecutionException">java.util.concurrent.ExecutionException: org.apache.ratis.protocol.RaftRetryFailureException: Failed RaftClientRequest:client-213F331AC24D->c642a3ed-6835-4e80-8c1e-9298e9a0c556@group-6C9E397D0F29, cid=101, seq=2*, RW, org.apache.hadoop.hdds.scm.XceiverClientRatis$$Lambda$386/1701798620@1b8f7bd0 for 20 attempts with RetryLimited(maxAttempts=20, sleepTime=1000ms)
	at java.util.concurrent.CompletableFuture.reportGet(CompletableFuture.java:357)
	at java.util.concurrent.CompletableFuture.get(CompletableFuture.java:1895)
	at org.apache.hadoop.ozone.client.rpc.TestWatchForCommit.test2WayCommitForTimeoutException(TestWatchForCommit.java:390)
	at sun.reflect.NativeMethodAccessorImpl.invoke0(Native Method)
	at sun.reflect.NativeMethodAccessorImpl.invoke(NativeMethodAccessorImpl.java:62)
	at sun.reflect.DelegatingMethodAccessorImpl.invoke(DelegatingMethodAccessorImpl.java:43)
	at java.lang.reflect.Method.invoke(Method.java:498)
	at org.junit.runners.model.FrameworkMethod$1.runReflectiveCall(FrameworkMethod.java:47)
	at org.junit.internal.runners.model.ReflectiveCallable.run(ReflectiveCallable.java:12)
	at org.junit.runners.model.FrameworkMethod.invokeExplosively(FrameworkMethod.java:44)
	at org.junit.internal.runners.statements.InvokeMethod.evaluate(InvokeMethod.java:17)
	at org.junit.runners.ParentRunner.runLeaf(ParentRunner.java:271)
	at org.junit.runners.BlockJUnit4ClassRunner.runChild(BlockJUnit4ClassRunner.java:70)
	at org.junit.runners.BlockJUnit4ClassRunner.runChild(BlockJUnit4ClassRunner.java:50)
	at org.junit.runners.ParentRunner$3.run(ParentRunner.java:238)
	at org.junit.runners.ParentRunner$1.schedule(ParentRunner.java:63)
	at org.junit.runners.ParentRunner.runChildren(ParentRunner.java:236)
	at org.junit.runners.ParentRunner.access$000(ParentRunner.java:53)
	at org.junit.runners.ParentRunner$2.evaluate(ParentRunner.java:229)
	at org.junit.runners.ParentRunner.run(ParentRunner.java:309)
	at org.apache.maven.surefire.junit4.JUnit4Provider.execute(JUnit4Provider.java:365)
	at org.apache.maven.surefire.junit4.JUnit4Provider.executeWithRerun(JUnit4Provider.java:273)
	at org.apache.maven.surefire.junit4.JUnit4Provider.executeTestSet(JUnit4Provider.java:238)
	at org.apache.maven.surefire.junit4.JUnit4Provider.invoke(JUnit4Provider.java:159)
	at org.apache.maven.surefire.booter.ForkedBooter.invokeProviderInSameClassLoader(ForkedBooter.java:384)
	at org.apache.maven.surefire.booter.ForkedBooter.runSuitesInProcess(ForkedBooter.java:345)
	at org.apache.maven.surefire.booter.ForkedBooter.execute(ForkedBooter.java:126)
	at org.apache.maven.surefire.booter.ForkedBooter.main(ForkedBooter.java:418)
Caused by: org.apache.ratis.protocol.RaftRetryFailureException: Failed RaftClientRequest:client-213F331AC24D->c642a3ed-6835-4e80-8c1e-9298e9a0c556@group-6C9E397D0F29, cid=101, seq=2*, RW, org.apache.hadoop.hdds.scm.XceiverClientRatis$$Lambda$386/1701798620@1b8f7bd0 for 20 attempts with RetryLimited(maxAttempts=20, sleepTime=1000ms)
	at org.apache.ratis.client.impl.RaftClientImpl.noMoreRetries(RaftClientImpl.java:271)
	at org.apache.ratis.client.impl.OrderedAsync.handleAsyncRetryFailure(OrderedAsync.java:138)
	at org.apache.ratis.client.impl.OrderedAsync.lambda$sendRequest$10(OrderedAsync.java:230)
	at java.util.concurrent.CompletableFuture.uniExceptionally(CompletableFuture.java:870)
	at java.util.concurrent.CompletableFuture$UniExceptionally.tryFire(CompletableFuture.java:852)
	at java.util.concurrent.CompletableFuture.postComplete(CompletableFuture.java:474)
	at java.util.concurrent.CompletableFuture.completeExceptionally(CompletableFuture.java:1977)
	at org.apache.ratis.grpc.client.GrpcClientProtocolClient$AsyncStreamObservers.completeReplyExceptionally(GrpcClientProtocolClient.java:339)
	at org.apache.ratis.grpc.client.GrpcClientProtocolClient$AsyncStreamObservers.access$000(GrpcClientProtocolClient.java:255)
	at org.apache.ratis.grpc.client.GrpcClientProtocolClient$AsyncStreamObservers$1.onError(GrpcClientProtocolClient.java:284)
	at org.apache.ratis.thirdparty.io.grpc.stub.ClientCalls$StreamObserverToCallListenerAdapter.onClose(ClientCalls.java:434)
	at org.apache.ratis.thirdparty.io.grpc.PartialForwardingClientCallListener.onClose(PartialForwardingClientCallListener.java:39)
	at org.apache.ratis.thirdparty.io.grpc.ForwardingClientCallListener.onClose(ForwardingClientCallListener.java:23)
	at org.apache.ratis.thirdparty.io.grpc.ForwardingClientCallListener$SimpleForwardingClientCallListener.onClose(ForwardingClientCallListener.java:40)
	at org.apache.ratis.thirdparty.io.grpc.internal.CensusStatsModule$StatsClientInterceptor$1$1.onClose(CensusStatsModule.java:678)
	at org.apache.ratis.thirdparty.io.grpc.PartialForwardingClientCallListener.onClose(PartialForwardingClientCallListener.java:39)
	at org.apache.ratis.thirdparty.io.grpc.ForwardingClientCallListener.onClose(ForwardingClientCallListener.java:23)
	at org.apache.ratis.thirdparty.io.grpc.ForwardingClientCallListener$SimpleForwardingClientCallListener.onClose(ForwardingClientCallListener.java:40)
	at org.apache.ratis.thirdparty.io.grpc.internal.CensusTracingModule$TracingClientInterceptor$1$1.onClose(CensusTracingModule.java:397)
	at org.apache.ratis.thirdparty.io.grpc.internal.ClientCallImpl.closeObserver(ClientCallImpl.java:459)
	at org.apache.ratis.thirdparty.io.grpc.internal.ClientCallImpl.access$300(ClientCallImpl.java:63)
	at org.apache.ratis.thirdparty.io.grpc.internal.ClientCallImpl$ClientStreamListenerImpl.close(ClientCallImpl.java:546)
	at org.apache.ratis.thirdparty.io.grpc.internal.ClientCallImpl$ClientStreamListenerImpl.access$600(ClientCallImpl.java:467)
	at org.apache.ratis.thirdparty.io.grpc.internal.ClientCallImpl$ClientStreamListenerImpl$1StreamClosed.runInContext(ClientCallImpl.java:584)
	at org.apache.ratis.thirdparty.io.grpc.internal.ContextRunnable.run(ContextRunnable.java:37)
	at org.apache.ratis.thirdparty.io.grpc.internal.SerializingExecutor.run(SerializingExecutor.java:123)
	at java.util.concurrent.ThreadPoolExecutor.runWorker(ThreadPoolExecutor.java:1149)
	at java.util.concurrent.ThreadPoolExecutor$Worker.run(ThreadPoolExecutor.java:624)
	at java.lang.Thread.run(Thread.java:748)
Caused by: java.io.IOException: org.apache.ratis.thirdparty.io.grpc.StatusRuntimeException: UNAVAILABLE: io exception
	at org.apache.ratis.grpc.GrpcUtil.unwrapException(GrpcUtil.java:76)
	at org.apache.ratis.grpc.GrpcUtil.unwrapIOException(GrpcUtil.java:128)
	at org.apache.ratis.grpc.client.GrpcClientProtocolClient$AsyncStreamObservers$1.onError(GrpcClientProtocolClient.java:283)
	... 19 more
Caused by: org.apache.ratis.thirdparty.io.grpc.StatusRuntimeException: UNAVAILABLE: io exception
	at org.apache.ratis.thirdparty.io.grpc.Status.asRuntimeException(Status.java:526)
	... 19 more
Caused by: org.apache.ratis.thirdparty.io.netty.channel.AbstractChannel$AnnotatedConnectException: Connection refused: /192.168.30.57:41571
	at sun.nio.ch.SocketChannelImpl.checkConnect(Native Method)
	at sun.nio.ch.SocketChannelImpl.finishConnect(SocketChannelImpl.java:717)
	at org.apache.ratis.thirdparty.io.netty.channel.socket.nio.NioSocketChannel.doFinishConnect(NioSocketChannel.java:327)
	at org.apache.ratis.thirdparty.io.netty.channel.nio.AbstractNioChannel$AbstractNioUnsafe.finishConnect(AbstractNioChannel.java:340)
	at org.apache.ratis.thirdparty.io.netty.channel.nio.NioEventLoop.processSelectedKey(NioEventLoop.java:632)
	at org.apache.ratis.thirdparty.io.netty.channel.nio.NioEventLoop.processSelectedKeysOptimized(NioEventLoop.java:579)
	at org.apache.ratis.thirdparty.io.netty.channel.nio.NioEventLoop.processSelectedKeys(NioEventLoop.java:496)
	at org.apache.ratis.thirdparty.io.netty.channel.nio.NioEventLoop.run(NioEventLoop.java:458)
	at org.apache.ratis.thirdparty.io.netty.util.concurrent.SingleThreadEventExecutor$5.run(SingleThreadEventExecutor.java:897)
	at org.apache.ratis.thirdparty.io.netty.util.concurrent.FastThreadLocalRunnable.run(FastThreadLocalRunnable.java:30)
	... 1 more
Caused by: java.net.ConnectException: Connection refused
	... 11 more
</error>
    <system-out><![CDATA[2019-09-26 20:49:46,452 [main] WARN  server.ServerUtils (ServerUtils.java:getScmDbDir(145)) - ozone.scm.db.dirs is not configured. We recommend adding this setting. Falling back to ozone.metadata.dirs instead.
2019-09-26 20:49:46,467 [main] WARN  server.ServerUtils (ServerUtils.java:getScmDbDir(145)) - ozone.scm.db.dirs is not configured. We recommend adding this setting. Falling back to ozone.metadata.dirs instead.
2019-09-26 20:49:46,468 [main] WARN  server.ServerUtils (ServerUtils.java:getScmDbDir(145)) - ozone.scm.db.dirs is not configured. We recommend adding this setting. Falling back to ozone.metadata.dirs instead.
2019-09-26 20:49:46,468 [main] INFO  db.DBStoreBuilder (DBStoreBuilder.java:addTable(110)) - using custom profile for table: deletedBlocks
2019-09-26 20:49:46,468 [main] INFO  db.DBStoreBuilder (DBStoreBuilder.java:processTables(161)) - Using default column profile:DBProfile.DISK for Table:deletedBlocks
2019-09-26 20:49:46,469 [main] INFO  db.DBStoreBuilder (DBStoreBuilder.java:addTable(110)) - using custom profile for table: validCerts
2019-09-26 20:49:46,469 [main] INFO  db.DBStoreBuilder (DBStoreBuilder.java:processTables(161)) - Using default column profile:DBProfile.DISK for Table:validCerts
2019-09-26 20:49:46,469 [main] INFO  db.DBStoreBuilder (DBStoreBuilder.java:addTable(110)) - using custom profile for table: revokedCerts
2019-09-26 20:49:46,469 [main] INFO  db.DBStoreBuilder (DBStoreBuilder.java:processTables(161)) - Using default column profile:DBProfile.DISK for Table:revokedCerts
2019-09-26 20:49:46,469 [main] INFO  db.DBStoreBuilder (DBStoreBuilder.java:addTable(110)) - using custom profile for table: default
2019-09-26 20:49:46,470 [main] INFO  db.DBStoreBuilder (DBStoreBuilder.java:processTables(167)) - Using default column profile:DBProfile.DISK for Table:default
2019-09-26 20:49:46,470 [main] INFO  db.DBStoreBuilder (DBStoreBuilder.java:getDbProfile(198)) - Using default options. DBProfile.DISK
2019-09-26 20:49:46,640 [main] INFO  net.NodeSchemaLoader (NodeSchemaLoader.java:loadSchemaFromFile(125)) - Loading file from sun.misc.CompoundEnumeration@696b52bc
2019-09-26 20:49:46,640 [main] INFO  net.NodeSchemaLoader (NodeSchemaLoader.java:loadSchema(171)) - Loading network topology layer schema file
2019-09-26 20:49:46,647 [main] WARN  server.ServerUtils (ServerUtils.java:sanitizeUserArgs(70)) - ozone.scm.stale.node.interval value = 300000 is larger than max = 100000 based on the key value of ozone.scm.heartbeat.thread.interval, reset to the max value 100000.
2019-09-26 20:49:46,647 [main] WARN  server.ServerUtils (ServerUtils.java:sanitizeUserArgs(70)) - ozone.scm.stale.node.interval value = 300000 is larger than max = 100000 based on the key value of ozone.scm.heartbeat.thread.interval, reset to the max value 100000.
2019-09-26 20:49:46,648 [main] INFO  node.SCMNodeManager (SCMNodeManager.java:<init>(114)) - Entering startup safe mode.
2019-09-26 20:49:46,649 [main] INFO  algorithms.ContainerPlacementPolicyFactory (ContainerPlacementPolicyFactory.java:getPolicy(57)) - Create container placement policy of type org.apache.hadoop.hdds.scm.container.placement.algorithms.SCMContainerPlacementRandom
2019-09-26 20:49:46,649 [main] WARN  server.ServerUtils (ServerUtils.java:getScmDbDir(145)) - ozone.scm.db.dirs is not configured. We recommend adding this setting. Falling back to ozone.metadata.dirs instead.
2019-09-26 20:49:46,708 [main] INFO  pipeline.SCMPipelineManager (SCMPipelineManager.java:initializePipelineState(132)) - No pipeline exists in current db
2019-09-26 20:49:46,709 [main] WARN  server.ServerUtils (ServerUtils.java:getScmDbDir(145)) - ozone.scm.db.dirs is not configured. We recommend adding this setting. Falling back to ozone.metadata.dirs instead.
2019-09-26 20:49:46,787 [main] WARN  events.EventQueue (EventQueue.java:fireEvent(183)) - No event handler registered for event TypedEvent{payloadType=SafeModeStatus, name='SafeModeStatus'}
2019-09-26 20:49:46,787 [main] INFO  ipc.CallQueueManager (CallQueueManager.java:<init>(84)) - Using callQueue: class java.util.concurrent.LinkedBlockingQueue, queueCapacity: 2000, scheduler: class org.apache.hadoop.ipc.DefaultRpcScheduler, ipcBackoff: false.
2019-09-26 20:49:46,788 [Socket Reader #1 for port 38036] INFO  ipc.Server (Server.java:run(1074)) - Starting Socket Reader #1 for port 38036
2019-09-26 20:49:46,790 [main] INFO  ipc.CallQueueManager (CallQueueManager.java:<init>(84)) - Using callQueue: class java.util.concurrent.LinkedBlockingQueue, queueCapacity: 2000, scheduler: class org.apache.hadoop.ipc.DefaultRpcScheduler, ipcBackoff: false.
2019-09-26 20:49:46,790 [Socket Reader #1 for port 44815] INFO  ipc.Server (Server.java:run(1074)) - Starting Socket Reader #1 for port 44815
2019-09-26 20:49:46,792 [main] INFO  ipc.CallQueueManager (CallQueueManager.java:<init>(84)) - Using callQueue: class java.util.concurrent.LinkedBlockingQueue, queueCapacity: 2000, scheduler: class org.apache.hadoop.ipc.DefaultRpcScheduler, ipcBackoff: false.
2019-09-26 20:49:46,794 [Socket Reader #1 for port 41258] INFO  ipc.Server (Server.java:run(1074)) - Starting Socket Reader #1 for port 41258
2019-09-26 20:49:46,796 [main] INFO  hdfs.DFSUtil (DFSUtil.java:httpServerTemplateForNNAndJN(1641)) - Starting Web-server for scm at: http://0.0.0.0:0
2019-09-26 20:49:46,798 [main] INFO  server.AuthenticationFilter (AuthenticationFilter.java:constructSecretProvider(240)) - Unable to initialize FileSignerSecretProvider, falling back to use random secrets.
2019-09-26 20:49:46,799 [main] WARN  http.HttpRequestLog (HttpRequestLog.java:getRequestLog(97)) - Jetty request log can only be enabled using Log4j
2019-09-26 20:49:46,801 [main] INFO  http.HttpServer2 (HttpServer2.java:addGlobalFilter(975)) - Added global filter 'safety' (class=org.apache.hadoop.http.HttpServer2$QuotingInputFilter)
2019-09-26 20:49:46,801 [main] INFO  http.HttpServer2 (HttpServer2.java:addFilter(948)) - Added filter static_user_filter (class=org.apache.hadoop.http.lib.StaticUserWebFilter$StaticUserFilter) to context scm
2019-09-26 20:49:46,802 [main] INFO  http.HttpServer2 (HttpServer2.java:addFilter(958)) - Added filter static_user_filter (class=org.apache.hadoop.http.lib.StaticUserWebFilter$StaticUserFilter) to context static
2019-09-26 20:49:46,802 [main] INFO  http.HttpServer2 (HttpServer2.java:addFilter(958)) - Added filter static_user_filter (class=org.apache.hadoop.http.lib.StaticUserWebFilter$StaticUserFilter) to context logs
2019-09-26 20:49:46,804 [main] INFO  server.StorageContainerManager (StorageContainerManager.java:start(770)) - StorageContainerLocationProtocol RPC server is listening at /0.0.0.0:41258
2019-09-26 20:49:46,806 [main] WARN  impl.MetricsConfig (MetricsConfig.java:loadFirst(134)) - Cannot locate configuration: tried hadoop-metrics2-storagecontainermanager.properties,hadoop-metrics2.properties
2019-09-26 20:49:46,807 [main] INFO  impl.MetricsSystemImpl (MetricsSystemImpl.java:startTimer(374)) - Scheduled Metric snapshot period at 10 second(s).
2019-09-26 20:49:46,808 [main] INFO  impl.MetricsSystemImpl (MetricsSystemImpl.java:start(191)) - StorageContainerManager metrics system started
2019-09-26 20:49:46,852 [main] WARN  impl.MetricsSystemImpl (MetricsSystemImpl.java:register(276)) - Sink prometheus already exists!
2019-09-26 20:49:46,923 [main] INFO  server.SCMClientProtocolServer (SCMClientProtocolServer.java:start(150)) - RPC server for Client  is listening at /0.0.0.0:41258
2019-09-26 20:49:46,924 [IPC Server Responder] INFO  ipc.Server (Server.java:run(1314)) - IPC Server Responder: starting
2019-09-26 20:49:46,924 [IPC Server listener on 41258] INFO  ipc.Server (Server.java:run(1153)) - IPC Server listener on 41258: starting
2019-09-26 20:49:46,931 [main] INFO  server.StorageContainerManager (StorageContainerManager.java:start(780)) - ScmBlockLocationProtocol RPC server is listening at /0.0.0.0:44815
2019-09-26 20:49:46,931 [main] INFO  server.SCMBlockProtocolServer (SCMBlockProtocolServer.java:start(146)) - RPC server for Block Protocol is listening at /0.0.0.0:44815
2019-09-26 20:49:46,931 [IPC Server Responder] INFO  ipc.Server (Server.java:run(1314)) - IPC Server Responder: starting
2019-09-26 20:49:46,934 [IPC Server listener on 44815] INFO  ipc.Server (Server.java:run(1153)) - IPC Server listener on 44815: starting
2019-09-26 20:49:46,938 [main] INFO  server.StorageContainerManager (StorageContainerManager.java:start(784)) - ScmDatanodeProtocl RPC server is listening at /0.0.0.0:38036
2019-09-26 20:49:46,938 [main] INFO  server.SCMDatanodeProtocolServer (SCMDatanodeProtocolServer.java:start(191)) - RPC server for DataNodes is listening at /0.0.0.0:38036
2019-09-26 20:49:46,939 [IPC Server Responder] INFO  ipc.Server (Server.java:run(1314)) - IPC Server Responder: starting
2019-09-26 20:49:46,939 [IPC Server listener on 38036] INFO  ipc.Server (Server.java:run(1153)) - IPC Server listener on 38036: starting
2019-09-26 20:49:46,942 [main] INFO  http.HttpServer2 (HttpServer2.java:bindListener(1191)) - Jetty bound to port 41173
2019-09-26 20:49:46,942 [main] INFO  server.Server (Server.java:doStart(351)) - jetty-9.3.25.v20180904, build timestamp: 2018-09-04T21:11:46Z, git hash: 3ce520221d0240229c862b122d2b06c12a625732
2019-09-26 20:49:46,944 [main] INFO  handler.ContextHandler (ContextHandler.java:doStart(781)) - Started o.e.j.s.ServletContextHandler@329dc214{/logs,file:///workdir/hadoop-ozone/integration-test/target/log,AVAILABLE}
2019-09-26 20:49:46,944 [main] INFO  handler.ContextHandler (ContextHandler.java:doStart(781)) - Started o.e.j.s.ServletContextHandler@64021427{/static,file:///workdir/hadoop-ozone/integration-test/target/test-classes/webapps/static,AVAILABLE}
2019-09-26 20:49:46,948 [main] INFO  handler.ContextHandler (ContextHandler.java:doStart(781)) - Started o.e.j.w.WebAppContext@57151b3a{/,file:///workdir/hadoop-ozone/integration-test/target/test-classes/webapps/scm/,AVAILABLE}{/scm}
2019-09-26 20:49:46,949 [main] INFO  server.AbstractConnector (AbstractConnector.java:doStart(278)) - Started ServerConnector@26457986{HTTP/1.1,[http/1.1]}{0.0.0.0:41173}
2019-09-26 20:49:46,950 [main] INFO  server.Server (Server.java:doStart(419)) - Started @234021ms
2019-09-26 20:49:46,950 [main] WARN  impl.MetricsSystemImpl (MetricsSystemImpl.java:register(276)) - Sink prometheus already exists!
2019-09-26 20:49:46,950 [main] INFO  server.BaseHttpServer (BaseHttpServer.java:updateConnectorAddress(215)) - HTTP server of SCM is listening at http://0.0.0.0:41173
2019-09-26 20:49:46,952 [main] WARN  server.ServerUtils (ServerUtils.java:getDBPath(222)) - ozone.om.db.dirs is not configured. We recommend adding this setting. Falling back to ozone.metadata.dirs instead.
2019-09-26 20:49:46,952 [org.apache.hadoop.util.JvmPauseMonitor$Monitor@2faa55bb] INFO  util.JvmPauseMonitor (JvmPauseMonitor.java:run(188)) - Starting JVM pause monitor
2019-09-26 20:49:46,966 [main] WARN  server.ServerUtils (ServerUtils.java:getDBPath(222)) - ozone.om.db.dirs is not configured. We recommend adding this setting. Falling back to ozone.metadata.dirs instead.
2019-09-26 20:49:46,966 [main] WARN  server.ServerUtils (ServerUtils.java:getDBPath(222)) - ozone.om.db.dirs is not configured. We recommend adding this setting. Falling back to ozone.metadata.dirs instead.
2019-09-26 20:49:46,967 [main] INFO  om.OzoneManager (OzoneManager.java:setOMNodeDetails(652)) - OM Service ID is not set. Setting it to the default ID: omServiceIdDefault
2019-09-26 20:49:46,967 [main] INFO  om.OzoneManager (OzoneManager.java:setOMNodeDetails(658)) - OM Node ID is not set. Setting it to the OmStorage's OmID: cfc7887d-908f-4fb6-b09d-2a76311a6a6d
2019-09-26 20:49:46,967 [main] INFO  om.OzoneManager (OzoneManager.java:loadOMHAConfigs(609)) - Found matching OM address with OMServiceId: null, OMNodeId: null, RPC Address: localhost:0 and Ratis port: 9872
2019-09-26 20:49:46,976 [main] WARN  server.ServerUtils (ServerUtils.java:getDBPath(222)) - ozone.om.db.dirs is not configured. We recommend adding this setting. Falling back to ozone.metadata.dirs instead.
2019-09-26 20:49:46,976 [main] INFO  db.DBStoreBuilder (DBStoreBuilder.java:addTable(110)) - using custom profile for table: userTable
2019-09-26 20:49:46,976 [main] INFO  db.DBStoreBuilder (DBStoreBuilder.java:processTables(161)) - Using default column profile:DBProfile.DISK for Table:userTable
2019-09-26 20:49:46,977 [main] INFO  db.DBStoreBuilder (DBStoreBuilder.java:addTable(110)) - using custom profile for table: volumeTable
2019-09-26 20:49:46,977 [main] INFO  db.DBStoreBuilder (DBStoreBuilder.java:processTables(161)) - Using default column profile:DBProfile.DISK for Table:volumeTable
2019-09-26 20:49:46,977 [main] INFO  db.DBStoreBuilder (DBStoreBuilder.java:addTable(110)) - using custom profile for table: bucketTable
2019-09-26 20:49:46,978 [main] INFO  db.DBStoreBuilder (DBStoreBuilder.java:processTables(161)) - Using default column profile:DBProfile.DISK for Table:bucketTable
2019-09-26 20:49:46,978 [main] INFO  db.DBStoreBuilder (DBStoreBuilder.java:addTable(110)) - using custom profile for table: keyTable
2019-09-26 20:49:46,978 [main] INFO  db.DBStoreBuilder (DBStoreBuilder.java:processTables(161)) - Using default column profile:DBProfile.DISK for Table:keyTable
2019-09-26 20:49:46,978 [main] INFO  db.DBStoreBuilder (DBStoreBuilder.java:addTable(110)) - using custom profile for table: deletedTable
2019-09-26 20:49:46,979 [main] INFO  db.DBStoreBuilder (DBStoreBuilder.java:processTables(161)) - Using default column profile:DBProfile.DISK for Table:deletedTable
2019-09-26 20:49:46,979 [main] INFO  db.DBStoreBuilder (DBStoreBuilder.java:addTable(110)) - using custom profile for table: openKeyTable
2019-09-26 20:49:46,979 [main] INFO  db.DBStoreBuilder (DBStoreBuilder.java:processTables(161)) - Using default column profile:DBProfile.DISK for Table:openKeyTable
2019-09-26 20:49:46,979 [main] INFO  db.DBStoreBuilder (DBStoreBuilder.java:addTable(110)) - using custom profile for table: s3Table
2019-09-26 20:49:46,980 [main] INFO  db.DBStoreBuilder (DBStoreBuilder.java:processTables(161)) - Using default column profile:DBProfile.DISK for Table:s3Table
2019-09-26 20:49:46,980 [main] INFO  db.DBStoreBuilder (DBStoreBuilder.java:addTable(110)) - using custom profile for table: multipartInfoTable
2019-09-26 20:49:46,980 [main] INFO  db.DBStoreBuilder (DBStoreBuilder.java:processTables(161)) - Using default column profile:DBProfile.DISK for Table:multipartInfoTable
2019-09-26 20:49:46,980 [main] INFO  db.DBStoreBuilder (DBStoreBuilder.java:addTable(110)) - using custom profile for table: dTokenTable
2019-09-26 20:49:46,980 [main] INFO  db.DBStoreBuilder (DBStoreBuilder.java:processTables(161)) - Using default column profile:DBProfile.DISK for Table:dTokenTable
2019-09-26 20:49:46,981 [main] INFO  db.DBStoreBuilder (DBStoreBuilder.java:addTable(110)) - using custom profile for table: s3SecretTable
2019-09-26 20:49:46,981 [main] INFO  db.DBStoreBuilder (DBStoreBuilder.java:processTables(161)) - Using default column profile:DBProfile.DISK for Table:s3SecretTable
2019-09-26 20:49:46,981 [main] INFO  db.DBStoreBuilder (DBStoreBuilder.java:addTable(110)) - using custom profile for table: prefixTable
2019-09-26 20:49:46,981 [main] INFO  db.DBStoreBuilder (DBStoreBuilder.java:processTables(161)) - Using default column profile:DBProfile.DISK for Table:prefixTable
2019-09-26 20:49:46,982 [main] INFO  db.DBStoreBuilder (DBStoreBuilder.java:addTable(110)) - using custom profile for table: default
2019-09-26 20:49:46,982 [main] INFO  db.DBStoreBuilder (DBStoreBuilder.java:processTables(167)) - Using default column profile:DBProfile.DISK for Table:default
2019-09-26 20:49:46,982 [main] INFO  db.DBStoreBuilder (DBStoreBuilder.java:getDbProfile(198)) - Using default options. DBProfile.DISK
2019-09-26 20:49:47,818 [main] INFO  ipc.CallQueueManager (CallQueueManager.java:<init>(84)) - Using callQueue: class java.util.concurrent.LinkedBlockingQueue, queueCapacity: 2000, scheduler: class org.apache.hadoop.ipc.DefaultRpcScheduler, ipcBackoff: false.
2019-09-26 20:49:47,819 [Socket Reader #1 for port 40668] INFO  ipc.Server (Server.java:run(1074)) - Starting Socket Reader #1 for port 40668
2019-09-26 20:49:47,837 [main] INFO  om.OzoneManager (OzoneManager.java:start(1243)) - OzoneManager RPC server is listening at localhost/127.0.0.1:40668
2019-09-26 20:49:47,837 [main] INFO  impl.MetricsSystemImpl (MetricsSystemImpl.java:init(158)) - OzoneManager metrics system started (again)
2019-09-26 20:49:47,838 [IPC Server Responder] INFO  ipc.Server (Server.java:run(1314)) - IPC Server Responder: starting
2019-09-26 20:49:47,838 [IPC Server listener on 40668] INFO  ipc.Server (Server.java:run(1153)) - IPC Server listener on 40668: starting
2019-09-26 20:49:47,844 [main] INFO  hdfs.DFSUtil (DFSUtil.java:httpServerTemplateForNNAndJN(1641)) - Starting Web-server for ozoneManager at: http://0.0.0.0:0
2019-09-26 20:49:47,846 [main] INFO  server.AuthenticationFilter (AuthenticationFilter.java:constructSecretProvider(240)) - Unable to initialize FileSignerSecretProvider, falling back to use random secrets.
2019-09-26 20:49:47,847 [main] WARN  http.HttpRequestLog (HttpRequestLog.java:getRequestLog(97)) - Jetty request log can only be enabled using Log4j
2019-09-26 20:49:47,849 [main] INFO  http.HttpServer2 (HttpServer2.java:addGlobalFilter(975)) - Added global filter 'safety' (class=org.apache.hadoop.http.HttpServer2$QuotingInputFilter)
2019-09-26 20:49:47,849 [main] INFO  http.HttpServer2 (HttpServer2.java:addFilter(948)) - Added filter static_user_filter (class=org.apache.hadoop.http.lib.StaticUserWebFilter$StaticUserFilter) to context ozoneManager
2019-09-26 20:49:47,849 [main] INFO  http.HttpServer2 (HttpServer2.java:addFilter(958)) - Added filter static_user_filter (class=org.apache.hadoop.http.lib.StaticUserWebFilter$StaticUserFilter) to context logs
2019-09-26 20:49:47,850 [main] INFO  http.HttpServer2 (HttpServer2.java:addFilter(958)) - Added filter static_user_filter (class=org.apache.hadoop.http.lib.StaticUserWebFilter$StaticUserFilter) to context static
2019-09-26 20:49:47,850 [main] INFO  http.HttpServer2 (HttpServer2.java:bindListener(1191)) - Jetty bound to port 44835
2019-09-26 20:49:47,851 [main] INFO  server.Server (Server.java:doStart(351)) - jetty-9.3.25.v20180904, build timestamp: 2018-09-04T21:11:46Z, git hash: 3ce520221d0240229c862b122d2b06c12a625732
2019-09-26 20:49:47,853 [main] INFO  handler.ContextHandler (ContextHandler.java:doStart(781)) - Started o.e.j.s.ServletContextHandler@1c98b4eb{/logs,file:///workdir/hadoop-ozone/integration-test/target/log,AVAILABLE}
2019-09-26 20:49:47,853 [main] INFO  handler.ContextHandler (ContextHandler.java:doStart(781)) - Started o.e.j.s.ServletContextHandler@756b2d90{/static,file:///workdir/hadoop-ozone/integration-test/target/test-classes/webapps/static,AVAILABLE}
2019-09-26 20:49:47,858 [main] INFO  handler.ContextHandler (ContextHandler.java:doStart(781)) - Started o.e.j.w.WebAppContext@391515c7{/,file:///workdir/hadoop-ozone/integration-test/target/test-classes/webapps/ozoneManager/,AVAILABLE}{/ozoneManager}
2019-09-26 20:49:47,858 [main] INFO  server.AbstractConnector (AbstractConnector.java:doStart(278)) - Started ServerConnector@5b0dbfb{HTTP/1.1,[http/1.1]}{0.0.0.0:44835}
2019-09-26 20:49:47,860 [main] INFO  server.Server (Server.java:doStart(419)) - Started @234931ms
2019-09-26 20:49:47,860 [main] WARN  impl.MetricsSystemImpl (MetricsSystemImpl.java:register(276)) - Sink prometheus already exists!
2019-09-26 20:49:47,861 [main] INFO  server.BaseHttpServer (BaseHttpServer.java:updateConnectorAddress(215)) - HTTP server of OZONEMANAGER is listening at http://0.0.0.0:44835
2019-09-26 20:49:47,876 [main] INFO  impl.MetricsSystemImpl (MetricsSystemImpl.java:init(158)) - HddsDatanode metrics system started (again)
2019-09-26 20:49:47,879 [main] INFO  ozone.HddsDatanodeService (HddsDatanodeService.java:start(184)) - HddsDatanodeService host:pr-hdds-2174-wsqbx-838867654 ip:192.168.30.57
2019-09-26 20:49:47,886 [main] INFO  volume.HddsVolume (HddsVolume.java:<init>(176)) - Creating Volume: /workdir/hadoop-ozone/integration-test/target/test-dir/MiniOzoneClusterImpl-8d5e4e8c-6c03-4042-b10d-2e9a2a95e91b/datanode-0/data/containers/hdds of  storage type : DISK and capacity : 1482555576320
2019-09-26 20:49:47,886 [main] INFO  volume.VolumeSet (VolumeSet.java:initializeVolumeSet(170)) - Added Volume : /workdir/hadoop-ozone/integration-test/target/test-dir/MiniOzoneClusterImpl-8d5e4e8c-6c03-4042-b10d-2e9a2a95e91b/datanode-0/data/containers/hdds to VolumeSet
2019-09-26 20:49:47,887 [main] INFO  volume.ThrottledAsyncChecker (ThrottledAsyncChecker.java:schedule(139)) - Scheduling a check for org.apache.hadoop.ozone.container.common.volume.HddsVolume@6af310c7
2019-09-26 20:49:47,887 [main] INFO  volume.HddsVolumeChecker (HddsVolumeChecker.java:checkAllVolumes(202)) - Scheduled health check for volume org.apache.hadoop.ozone.container.common.volume.HddsVolume@6af310c7
2019-09-26 20:49:47,902 [main] INFO  impl.RaftServerProxy (ConfUtils.java:logGet(43)) - raft.rpc.type = GRPC (default)
2019-09-26 20:49:47,903 [main] INFO  grpc.GrpcFactory (GrpcFactory.java:checkPooledByteBufAllocatorUseCacheForAllThreads(45)) - PERFORMANCE WARNING: useCacheForAllThreads is true that may cause Netty to create a lot garbage objects and, as a result, trigger GC.
	It is recommended to disable useCacheForAllThreads by setting -Dorg.apache.ratis.thirdparty.io.netty.allocator.useCacheForAllThreads=false in command line.
2019-09-26 20:49:47,903 [main] INFO  grpc.GrpcConfigKeys$Server (ConfUtils.java:logGet(43)) - raft.grpc.server.port = 0 (default)
2019-09-26 20:49:47,903 [main] INFO  server.GrpcService (ConfUtils.java:logGet(43)) - raft.grpc.message.size.max = 33570816 (custom)
2019-09-26 20:49:47,903 [main] INFO  server.RaftServerConfigKeys (ConfUtils.java:logGet(43)) - raft.server.log.appender.buffer.byte-limit = 33554432 (custom)
2019-09-26 20:49:47,904 [main] INFO  server.GrpcService (ConfUtils.java:logGet(43)) - raft.grpc.flow.control.window = 1MB (=1048576) (default)
2019-09-26 20:49:47,904 [main] INFO  server.RaftServerConfigKeys (ConfUtils.java:logGet(43)) - raft.server.rpc.request.timeout = 3000ms (default)
2019-09-26 20:49:47,905 [main] INFO  server.RaftServerConfigKeys (ConfUtils.java:logGet(43)) - raft.server.storage.dir = [/workdir/hadoop-ozone/integration-test/target/test-dir/MiniOzoneClusterImpl-8d5e4e8c-6c03-4042-b10d-2e9a2a95e91b/datanode-0/data/ratis] (custom)
2019-09-26 20:49:47,906 [main] INFO  hdfs.DFSUtil (DFSUtil.java:httpServerTemplateForNNAndJN(1641)) - Starting Web-server for hddsDatanode at: http://0.0.0.0:0
2019-09-26 20:49:47,907 [main] INFO  server.AuthenticationFilter (AuthenticationFilter.java:constructSecretProvider(240)) - Unable to initialize FileSignerSecretProvider, falling back to use random secrets.
2019-09-26 20:49:47,908 [main] WARN  http.HttpRequestLog (HttpRequestLog.java:getRequestLog(97)) - Jetty request log can only be enabled using Log4j
2019-09-26 20:49:47,909 [main] INFO  http.HttpServer2 (HttpServer2.java:addGlobalFilter(975)) - Added global filter 'safety' (class=org.apache.hadoop.http.HttpServer2$QuotingInputFilter)
2019-09-26 20:49:47,909 [main] INFO  http.HttpServer2 (HttpServer2.java:addFilter(948)) - Added filter static_user_filter (class=org.apache.hadoop.http.lib.StaticUserWebFilter$StaticUserFilter) to context hddsDatanode
2019-09-26 20:49:47,910 [main] INFO  http.HttpServer2 (HttpServer2.java:addFilter(958)) - Added filter static_user_filter (class=org.apache.hadoop.http.lib.StaticUserWebFilter$StaticUserFilter) to context static
2019-09-26 20:49:47,910 [main] INFO  http.HttpServer2 (HttpServer2.java:addFilter(958)) - Added filter static_user_filter (class=org.apache.hadoop.http.lib.StaticUserWebFilter$StaticUserFilter) to context logs
2019-09-26 20:49:47,910 [main] INFO  http.HttpServer2 (HttpServer2.java:bindListener(1191)) - Jetty bound to port 42678
2019-09-26 20:49:47,910 [main] INFO  server.Server (Server.java:doStart(351)) - jetty-9.3.25.v20180904, build timestamp: 2018-09-04T21:11:46Z, git hash: 3ce520221d0240229c862b122d2b06c12a625732
2019-09-26 20:49:47,912 [main] INFO  handler.ContextHandler (ContextHandler.java:doStart(781)) - Started o.e.j.s.ServletContextHandler@5287ba5f{/logs,file:///workdir/hadoop-ozone/integration-test/target/log,AVAILABLE}
2019-09-26 20:49:47,913 [main] INFO  handler.ContextHandler (ContextHandler.java:doStart(781)) - Started o.e.j.s.ServletContextHandler@6897a4a{/static,jar:file:/home/user/.m2/repository/org/apache/hadoop/hadoop-hdds-container-service/0.5.0-SNAPSHOT/hadoop-hdds-container-service-0.5.0-SNAPSHOT.jar!/webapps/static,AVAILABLE}
2019-09-26 20:49:47,944 [main] INFO  handler.ContextHandler (ContextHandler.java:doStart(781)) - Started o.e.j.w.WebAppContext@4a62062a{/,file:///tmp/jetty-0.0.0.0-42678-hddsDatanode-_-any-5615338917378963685.dir/webapp/,AVAILABLE}{/hddsDatanode}
2019-09-26 20:49:47,944 [main] INFO  server.AbstractConnector (AbstractConnector.java:doStart(278)) - Started ServerConnector@7ec08115{HTTP/1.1,[http/1.1]}{0.0.0.0:42678}
2019-09-26 20:49:47,945 [main] INFO  server.Server (Server.java:doStart(419)) - Started @235017ms
2019-09-26 20:49:47,946 [main] WARN  impl.MetricsSystemImpl (MetricsSystemImpl.java:register(276)) - Sink prometheus already exists!
2019-09-26 20:49:47,946 [main] INFO  server.BaseHttpServer (BaseHttpServer.java:updateConnectorAddress(215)) - HTTP server of HDDSDATANODE is listening at http://0.0.0.0:42678
2019-09-26 20:49:47,946 [main] INFO  impl.MetricsSystemImpl (MetricsSystemImpl.java:init(158)) - HddsDatanode metrics system started (again)
2019-09-26 20:49:47,949 [org.apache.hadoop.util.JvmPauseMonitor$Monitor@7f037efd] INFO  util.JvmPauseMonitor (JvmPauseMonitor.java:run(188)) - Starting JVM pause monitor
2019-09-26 20:49:47,950 [main] INFO  ozone.HddsDatanodeService (HddsDatanodeService.java:start(184)) - HddsDatanodeService host:pr-hdds-2174-wsqbx-838867654 ip:192.168.30.57
2019-09-26 20:49:47,951 [Datanode State Machine Thread - 0] INFO  datanode.InitDatanodeState (InitDatanodeState.java:persistContainerDatanodeDetails(140)) - DatanodeDetails is persisted to /workdir/hadoop-ozone/integration-test/target/test-dir/MiniOzoneClusterImpl-8d5e4e8c-6c03-4042-b10d-2e9a2a95e91b/datanode-0/meta/datanode.id
2019-09-26 20:49:47,957 [main] INFO  volume.HddsVolume (HddsVolume.java:<init>(176)) - Creating Volume: /workdir/hadoop-ozone/integration-test/target/test-dir/MiniOzoneClusterImpl-8d5e4e8c-6c03-4042-b10d-2e9a2a95e91b/datanode-1/data/containers/hdds of  storage type : DISK and capacity : 1482555576320
2019-09-26 20:49:47,957 [main] INFO  volume.VolumeSet (VolumeSet.java:initializeVolumeSet(170)) - Added Volume : /workdir/hadoop-ozone/integration-test/target/test-dir/MiniOzoneClusterImpl-8d5e4e8c-6c03-4042-b10d-2e9a2a95e91b/datanode-1/data/containers/hdds to VolumeSet
2019-09-26 20:49:47,957 [main] INFO  volume.ThrottledAsyncChecker (ThrottledAsyncChecker.java:schedule(139)) - Scheduling a check for org.apache.hadoop.ozone.container.common.volume.HddsVolume@1eca3ea7
2019-09-26 20:49:47,957 [main] INFO  volume.HddsVolumeChecker (HddsVolumeChecker.java:checkAllVolumes(202)) - Scheduled health check for volume org.apache.hadoop.ozone.container.common.volume.HddsVolume@1eca3ea7
2019-09-26 20:49:47,969 [main] INFO  impl.RaftServerProxy (ConfUtils.java:logGet(43)) - raft.rpc.type = GRPC (default)
2019-09-26 20:49:47,969 [main] INFO  grpc.GrpcFactory (GrpcFactory.java:checkPooledByteBufAllocatorUseCacheForAllThreads(45)) - PERFORMANCE WARNING: useCacheForAllThreads is true that may cause Netty to create a lot garbage objects and, as a result, trigger GC.
	It is recommended to disable useCacheForAllThreads by setting -Dorg.apache.ratis.thirdparty.io.netty.allocator.useCacheForAllThreads=false in command line.
2019-09-26 20:49:47,970 [main] INFO  grpc.GrpcConfigKeys$Server (ConfUtils.java:logGet(43)) - raft.grpc.server.port = 0 (default)
2019-09-26 20:49:47,970 [main] INFO  server.GrpcService (ConfUtils.java:logGet(43)) - raft.grpc.message.size.max = 33570816 (custom)
2019-09-26 20:49:47,970 [main] INFO  server.RaftServerConfigKeys (ConfUtils.java:logGet(43)) - raft.server.log.appender.buffer.byte-limit = 33554432 (custom)
2019-09-26 20:49:47,970 [main] INFO  server.GrpcService (ConfUtils.java:logGet(43)) - raft.grpc.flow.control.window = 1MB (=1048576) (default)
2019-09-26 20:49:47,970 [main] INFO  server.RaftServerConfigKeys (ConfUtils.java:logGet(43)) - raft.server.rpc.request.timeout = 3000ms (default)
2019-09-26 20:49:47,971 [main] INFO  server.RaftServerConfigKeys (ConfUtils.java:logGet(43)) - raft.server.storage.dir = [/workdir/hadoop-ozone/integration-test/target/test-dir/MiniOzoneClusterImpl-8d5e4e8c-6c03-4042-b10d-2e9a2a95e91b/datanode-1/data/ratis] (custom)
2019-09-26 20:49:47,972 [main] INFO  hdfs.DFSUtil (DFSUtil.java:httpServerTemplateForNNAndJN(1641)) - Starting Web-server for hddsDatanode at: http://0.0.0.0:0
2019-09-26 20:49:47,973 [main] INFO  server.AuthenticationFilter (AuthenticationFilter.java:constructSecretProvider(240)) - Unable to initialize FileSignerSecretProvider, falling back to use random secrets.
2019-09-26 20:49:47,974 [main] WARN  http.HttpRequestLog (HttpRequestLog.java:getRequestLog(97)) - Jetty request log can only be enabled using Log4j
2019-09-26 20:49:47,976 [main] INFO  http.HttpServer2 (HttpServer2.java:addGlobalFilter(975)) - Added global filter 'safety' (class=org.apache.hadoop.http.HttpServer2$QuotingInputFilter)
2019-09-26 20:49:47,976 [main] INFO  http.HttpServer2 (HttpServer2.java:addFilter(948)) - Added filter static_user_filter (class=org.apache.hadoop.http.lib.StaticUserWebFilter$StaticUserFilter) to context hddsDatanode
2019-09-26 20:49:47,976 [main] INFO  http.HttpServer2 (HttpServer2.java:addFilter(958)) - Added filter static_user_filter (class=org.apache.hadoop.http.lib.StaticUserWebFilter$StaticUserFilter) to context static
2019-09-26 20:49:47,977 [main] INFO  http.HttpServer2 (HttpServer2.java:addFilter(958)) - Added filter static_user_filter (class=org.apache.hadoop.http.lib.StaticUserWebFilter$StaticUserFilter) to context logs
2019-09-26 20:49:47,978 [main] INFO  http.HttpServer2 (HttpServer2.java:bindListener(1191)) - Jetty bound to port 38731
2019-09-26 20:49:47,978 [main] INFO  server.Server (Server.java:doStart(351)) - jetty-9.3.25.v20180904, build timestamp: 2018-09-04T21:11:46Z, git hash: 3ce520221d0240229c862b122d2b06c12a625732
2019-09-26 20:49:47,980 [main] INFO  handler.ContextHandler (ContextHandler.java:doStart(781)) - Started o.e.j.s.ServletContextHandler@1a2ac487{/logs,file:///workdir/hadoop-ozone/integration-test/target/log,AVAILABLE}
2019-09-26 20:49:47,981 [main] INFO  handler.ContextHandler (ContextHandler.java:doStart(781)) - Started o.e.j.s.ServletContextHandler@36224f93{/static,jar:file:/home/user/.m2/repository/org/apache/hadoop/hadoop-hdds-container-service/0.5.0-SNAPSHOT/hadoop-hdds-container-service-0.5.0-SNAPSHOT.jar!/webapps/static,AVAILABLE}
2019-09-26 20:49:48,024 [main] INFO  handler.ContextHandler (ContextHandler.java:doStart(781)) - Started o.e.j.w.WebAppContext@3c54ddec{/,file:///tmp/jetty-0.0.0.0-38731-hddsDatanode-_-any-9162834455874250117.dir/webapp/,AVAILABLE}{/hddsDatanode}
2019-09-26 20:49:48,025 [main] INFO  server.AbstractConnector (AbstractConnector.java:doStart(278)) - Started ServerConnector@6d69a0d3{HTTP/1.1,[http/1.1]}{0.0.0.0:38731}
2019-09-26 20:49:48,026 [main] INFO  server.Server (Server.java:doStart(419)) - Started @235098ms
2019-09-26 20:49:48,026 [main] WARN  impl.MetricsSystemImpl (MetricsSystemImpl.java:register(276)) - Sink prometheus already exists!
2019-09-26 20:49:48,027 [main] INFO  server.BaseHttpServer (BaseHttpServer.java:updateConnectorAddress(215)) - HTTP server of HDDSDATANODE is listening at http://0.0.0.0:38731
2019-09-26 20:49:48,027 [main] INFO  impl.MetricsSystemImpl (MetricsSystemImpl.java:init(158)) - HddsDatanode metrics system started (again)
2019-09-26 20:49:48,031 [org.apache.hadoop.util.JvmPauseMonitor$Monitor@5668a2b6] INFO  util.JvmPauseMonitor (JvmPauseMonitor.java:run(188)) - Starting JVM pause monitor
2019-09-26 20:49:48,031 [main] INFO  ozone.HddsDatanodeService (HddsDatanodeService.java:start(184)) - HddsDatanodeService host:pr-hdds-2174-wsqbx-838867654 ip:192.168.30.57
2019-09-26 20:49:48,032 [Datanode State Machine Thread - 0] INFO  datanode.InitDatanodeState (InitDatanodeState.java:persistContainerDatanodeDetails(140)) - DatanodeDetails is persisted to /workdir/hadoop-ozone/integration-test/target/test-dir/MiniOzoneClusterImpl-8d5e4e8c-6c03-4042-b10d-2e9a2a95e91b/datanode-1/meta/datanode.id
2019-09-26 20:49:48,038 [main] INFO  volume.HddsVolume (HddsVolume.java:<init>(176)) - Creating Volume: /workdir/hadoop-ozone/integration-test/target/test-dir/MiniOzoneClusterImpl-8d5e4e8c-6c03-4042-b10d-2e9a2a95e91b/datanode-2/data/containers/hdds of  storage type : DISK and capacity : 1482555576320
2019-09-26 20:49:48,038 [main] INFO  volume.VolumeSet (VolumeSet.java:initializeVolumeSet(170)) - Added Volume : /workdir/hadoop-ozone/integration-test/target/test-dir/MiniOzoneClusterImpl-8d5e4e8c-6c03-4042-b10d-2e9a2a95e91b/datanode-2/data/containers/hdds to VolumeSet
2019-09-26 20:49:48,038 [main] INFO  volume.ThrottledAsyncChecker (ThrottledAsyncChecker.java:schedule(139)) - Scheduling a check for org.apache.hadoop.ozone.container.common.volume.HddsVolume@48cd319d
2019-09-26 20:49:48,039 [main] INFO  volume.HddsVolumeChecker (HddsVolumeChecker.java:checkAllVolumes(202)) - Scheduled health check for volume org.apache.hadoop.ozone.container.common.volume.HddsVolume@48cd319d
2019-09-26 20:49:48,054 [main] INFO  impl.RaftServerProxy (ConfUtils.java:logGet(43)) - raft.rpc.type = GRPC (default)
2019-09-26 20:49:48,054 [main] INFO  grpc.GrpcFactory (GrpcFactory.java:checkPooledByteBufAllocatorUseCacheForAllThreads(45)) - PERFORMANCE WARNING: useCacheForAllThreads is true that may cause Netty to create a lot garbage objects and, as a result, trigger GC.
	It is recommended to disable useCacheForAllThreads by setting -Dorg.apache.ratis.thirdparty.io.netty.allocator.useCacheForAllThreads=false in command line.
2019-09-26 20:49:48,054 [main] INFO  grpc.GrpcConfigKeys$Server (ConfUtils.java:logGet(43)) - raft.grpc.server.port = 0 (default)
2019-09-26 20:49:48,054 [main] INFO  server.GrpcService (ConfUtils.java:logGet(43)) - raft.grpc.message.size.max = 33570816 (custom)
2019-09-26 20:49:48,054 [main] INFO  server.RaftServerConfigKeys (ConfUtils.java:logGet(43)) - raft.server.log.appender.buffer.byte-limit = 33554432 (custom)
2019-09-26 20:49:48,055 [main] INFO  server.GrpcService (ConfUtils.java:logGet(43)) - raft.grpc.flow.control.window = 1MB (=1048576) (default)
2019-09-26 20:49:48,055 [main] INFO  server.RaftServerConfigKeys (ConfUtils.java:logGet(43)) - raft.server.rpc.request.timeout = 3000ms (default)
2019-09-26 20:49:48,055 [main] INFO  server.RaftServerConfigKeys (ConfUtils.java:logGet(43)) - raft.server.storage.dir = [/workdir/hadoop-ozone/integration-test/target/test-dir/MiniOzoneClusterImpl-8d5e4e8c-6c03-4042-b10d-2e9a2a95e91b/datanode-2/data/ratis] (custom)
2019-09-26 20:49:48,057 [main] INFO  hdfs.DFSUtil (DFSUtil.java:httpServerTemplateForNNAndJN(1641)) - Starting Web-server for hddsDatanode at: http://0.0.0.0:0
2019-09-26 20:49:48,058 [main] INFO  server.AuthenticationFilter (AuthenticationFilter.java:constructSecretProvider(240)) - Unable to initialize FileSignerSecretProvider, falling back to use random secrets.
2019-09-26 20:49:48,058 [main] WARN  http.HttpRequestLog (HttpRequestLog.java:getRequestLog(97)) - Jetty request log can only be enabled using Log4j
2019-09-26 20:49:48,060 [main] INFO  http.HttpServer2 (HttpServer2.java:addGlobalFilter(975)) - Added global filter 'safety' (class=org.apache.hadoop.http.HttpServer2$QuotingInputFilter)
2019-09-26 20:49:48,060 [main] INFO  http.HttpServer2 (HttpServer2.java:addFilter(948)) - Added filter static_user_filter (class=org.apache.hadoop.http.lib.StaticUserWebFilter$StaticUserFilter) to context hddsDatanode
2019-09-26 20:49:48,060 [main] INFO  http.HttpServer2 (HttpServer2.java:addFilter(958)) - Added filter static_user_filter (class=org.apache.hadoop.http.lib.StaticUserWebFilter$StaticUserFilter) to context logs
2019-09-26 20:49:48,060 [main] INFO  http.HttpServer2 (HttpServer2.java:addFilter(958)) - Added filter static_user_filter (class=org.apache.hadoop.http.lib.StaticUserWebFilter$StaticUserFilter) to context static
2019-09-26 20:49:48,061 [main] INFO  http.HttpServer2 (HttpServer2.java:bindListener(1191)) - Jetty bound to port 32795
2019-09-26 20:49:48,061 [main] INFO  server.Server (Server.java:doStart(351)) - jetty-9.3.25.v20180904, build timestamp: 2018-09-04T21:11:46Z, git hash: 3ce520221d0240229c862b122d2b06c12a625732
2019-09-26 20:49:48,063 [main] INFO  handler.ContextHandler (ContextHandler.java:doStart(781)) - Started o.e.j.s.ServletContextHandler@2a0b901c{/logs,file:///workdir/hadoop-ozone/integration-test/target/log,AVAILABLE}
2019-09-26 20:49:48,063 [main] INFO  handler.ContextHandler (ContextHandler.java:doStart(781)) - Started o.e.j.s.ServletContextHandler@6544899b{/static,jar:file:/home/user/.m2/repository/org/apache/hadoop/hadoop-hdds-container-service/0.5.0-SNAPSHOT/hadoop-hdds-container-service-0.5.0-SNAPSHOT.jar!/webapps/static,AVAILABLE}
2019-09-26 20:49:48,095 [main] INFO  handler.ContextHandler (ContextHandler.java:doStart(781)) - Started o.e.j.w.WebAppContext@7e61e25c{/,file:///tmp/jetty-0.0.0.0-32795-hddsDatanode-_-any-5912770464595063497.dir/webapp/,AVAILABLE}{/hddsDatanode}
2019-09-26 20:49:48,096 [main] INFO  server.AbstractConnector (AbstractConnector.java:doStart(278)) - Started ServerConnector@615db358{HTTP/1.1,[http/1.1]}{0.0.0.0:32795}
2019-09-26 20:49:48,097 [main] INFO  server.Server (Server.java:doStart(419)) - Started @235169ms
2019-09-26 20:49:48,097 [main] WARN  impl.MetricsSystemImpl (MetricsSystemImpl.java:register(276)) - Sink prometheus already exists!
2019-09-26 20:49:48,098 [main] INFO  server.BaseHttpServer (BaseHttpServer.java:updateConnectorAddress(215)) - HTTP server of HDDSDATANODE is listening at http://0.0.0.0:32795
2019-09-26 20:49:48,098 [main] INFO  impl.MetricsSystemImpl (MetricsSystemImpl.java:init(158)) - HddsDatanode metrics system started (again)
2019-09-26 20:49:48,101 [main] INFO  ozone.HddsDatanodeService (HddsDatanodeService.java:start(184)) - HddsDatanodeService host:pr-hdds-2174-wsqbx-838867654 ip:192.168.30.57
2019-09-26 20:49:48,101 [org.apache.hadoop.util.JvmPauseMonitor$Monitor@7fb5e519] INFO  util.JvmPauseMonitor (JvmPauseMonitor.java:run(188)) - Starting JVM pause monitor
2019-09-26 20:49:48,103 [Datanode State Machine Thread - 0] INFO  datanode.InitDatanodeState (InitDatanodeState.java:persistContainerDatanodeDetails(140)) - DatanodeDetails is persisted to /workdir/hadoop-ozone/integration-test/target/test-dir/MiniOzoneClusterImpl-8d5e4e8c-6c03-4042-b10d-2e9a2a95e91b/datanode-2/meta/datanode.id
2019-09-26 20:49:48,108 [main] INFO  volume.HddsVolume (HddsVolume.java:<init>(176)) - Creating Volume: /workdir/hadoop-ozone/integration-test/target/test-dir/MiniOzoneClusterImpl-8d5e4e8c-6c03-4042-b10d-2e9a2a95e91b/datanode-3/data/containers/hdds of  storage type : DISK and capacity : 1482555576320
2019-09-26 20:49:48,108 [main] INFO  volume.VolumeSet (VolumeSet.java:initializeVolumeSet(170)) - Added Volume : /workdir/hadoop-ozone/integration-test/target/test-dir/MiniOzoneClusterImpl-8d5e4e8c-6c03-4042-b10d-2e9a2a95e91b/datanode-3/data/containers/hdds to VolumeSet
2019-09-26 20:49:48,108 [main] INFO  volume.ThrottledAsyncChecker (ThrottledAsyncChecker.java:schedule(139)) - Scheduling a check for org.apache.hadoop.ozone.container.common.volume.HddsVolume@67b61834
2019-09-26 20:49:48,109 [main] INFO  volume.HddsVolumeChecker (HddsVolumeChecker.java:checkAllVolumes(202)) - Scheduled health check for volume org.apache.hadoop.ozone.container.common.volume.HddsVolume@67b61834
2019-09-26 20:49:48,120 [main] INFO  impl.RaftServerProxy (ConfUtils.java:logGet(43)) - raft.rpc.type = GRPC (default)
2019-09-26 20:49:48,121 [main] INFO  grpc.GrpcFactory (GrpcFactory.java:checkPooledByteBufAllocatorUseCacheForAllThreads(45)) - PERFORMANCE WARNING: useCacheForAllThreads is true that may cause Netty to create a lot garbage objects and, as a result, trigger GC.
	It is recommended to disable useCacheForAllThreads by setting -Dorg.apache.ratis.thirdparty.io.netty.allocator.useCacheForAllThreads=false in command line.
2019-09-26 20:49:48,121 [main] INFO  grpc.GrpcConfigKeys$Server (ConfUtils.java:logGet(43)) - raft.grpc.server.port = 0 (default)
2019-09-26 20:49:48,121 [main] INFO  server.GrpcService (ConfUtils.java:logGet(43)) - raft.grpc.message.size.max = 33570816 (custom)
2019-09-26 20:49:48,121 [main] INFO  server.RaftServerConfigKeys (ConfUtils.java:logGet(43)) - raft.server.log.appender.buffer.byte-limit = 33554432 (custom)
2019-09-26 20:49:48,121 [main] INFO  server.GrpcService (ConfUtils.java:logGet(43)) - raft.grpc.flow.control.window = 1MB (=1048576) (default)
2019-09-26 20:49:48,122 [main] INFO  server.RaftServerConfigKeys (ConfUtils.java:logGet(43)) - raft.server.rpc.request.timeout = 3000ms (default)
2019-09-26 20:49:48,122 [main] INFO  server.RaftServerConfigKeys (ConfUtils.java:logGet(43)) - raft.server.storage.dir = [/workdir/hadoop-ozone/integration-test/target/test-dir/MiniOzoneClusterImpl-8d5e4e8c-6c03-4042-b10d-2e9a2a95e91b/datanode-3/data/ratis] (custom)
2019-09-26 20:49:48,123 [main] INFO  hdfs.DFSUtil (DFSUtil.java:httpServerTemplateForNNAndJN(1641)) - Starting Web-server for hddsDatanode at: http://0.0.0.0:0
2019-09-26 20:49:48,124 [main] INFO  server.AuthenticationFilter (AuthenticationFilter.java:constructSecretProvider(240)) - Unable to initialize FileSignerSecretProvider, falling back to use random secrets.
2019-09-26 20:49:48,124 [main] WARN  http.HttpRequestLog (HttpRequestLog.java:getRequestLog(97)) - Jetty request log can only be enabled using Log4j
2019-09-26 20:49:48,125 [main] INFO  http.HttpServer2 (HttpServer2.java:addGlobalFilter(975)) - Added global filter 'safety' (class=org.apache.hadoop.http.HttpServer2$QuotingInputFilter)
2019-09-26 20:49:48,126 [main] INFO  http.HttpServer2 (HttpServer2.java:addFilter(948)) - Added filter static_user_filter (class=org.apache.hadoop.http.lib.StaticUserWebFilter$StaticUserFilter) to context hddsDatanode
2019-09-26 20:49:48,126 [main] INFO  http.HttpServer2 (HttpServer2.java:addFilter(958)) - Added filter static_user_filter (class=org.apache.hadoop.http.lib.StaticUserWebFilter$StaticUserFilter) to context static
2019-09-26 20:49:48,126 [main] INFO  http.HttpServer2 (HttpServer2.java:addFilter(958)) - Added filter static_user_filter (class=org.apache.hadoop.http.lib.StaticUserWebFilter$StaticUserFilter) to context logs
2019-09-26 20:49:48,127 [main] INFO  http.HttpServer2 (HttpServer2.java:bindListener(1191)) - Jetty bound to port 34644
2019-09-26 20:49:48,127 [main] INFO  server.Server (Server.java:doStart(351)) - jetty-9.3.25.v20180904, build timestamp: 2018-09-04T21:11:46Z, git hash: 3ce520221d0240229c862b122d2b06c12a625732
2019-09-26 20:49:48,128 [main] INFO  handler.ContextHandler (ContextHandler.java:doStart(781)) - Started o.e.j.s.ServletContextHandler@34c7232c{/logs,file:///workdir/hadoop-ozone/integration-test/target/log,AVAILABLE}
2019-09-26 20:49:48,128 [main] INFO  handler.ContextHandler (ContextHandler.java:doStart(781)) - Started o.e.j.s.ServletContextHandler@8b13d91{/static,jar:file:/home/user/.m2/repository/org/apache/hadoop/hadoop-hdds-container-service/0.5.0-SNAPSHOT/hadoop-hdds-container-service-0.5.0-SNAPSHOT.jar!/webapps/static,AVAILABLE}
2019-09-26 20:49:48,155 [main] INFO  handler.ContextHandler (ContextHandler.java:doStart(781)) - Started o.e.j.w.WebAppContext@1595d2b2{/,file:///tmp/jetty-0.0.0.0-34644-hddsDatanode-_-any-151068161532120863.dir/webapp/,AVAILABLE}{/hddsDatanode}
2019-09-26 20:49:48,156 [main] INFO  server.AbstractConnector (AbstractConnector.java:doStart(278)) - Started ServerConnector@20349058{HTTP/1.1,[http/1.1]}{0.0.0.0:34644}
2019-09-26 20:49:48,157 [main] INFO  server.Server (Server.java:doStart(419)) - Started @235229ms
2019-09-26 20:49:48,157 [main] WARN  impl.MetricsSystemImpl (MetricsSystemImpl.java:register(276)) - Sink prometheus already exists!
2019-09-26 20:49:48,158 [main] INFO  server.BaseHttpServer (BaseHttpServer.java:updateConnectorAddress(215)) - HTTP server of HDDSDATANODE is listening at http://0.0.0.0:34644
2019-09-26 20:49:48,158 [main] INFO  impl.MetricsSystemImpl (MetricsSystemImpl.java:init(158)) - HddsDatanode metrics system started (again)
2019-09-26 20:49:48,162 [main] INFO  ozone.HddsDatanodeService (HddsDatanodeService.java:start(184)) - HddsDatanodeService host:pr-hdds-2174-wsqbx-838867654 ip:192.168.30.57
2019-09-26 20:49:48,162 [org.apache.hadoop.util.JvmPauseMonitor$Monitor@438c1be5] INFO  util.JvmPauseMonitor (JvmPauseMonitor.java:run(188)) - Starting JVM pause monitor
2019-09-26 20:49:48,163 [Datanode State Machine Thread - 0] INFO  datanode.InitDatanodeState (InitDatanodeState.java:persistContainerDatanodeDetails(140)) - DatanodeDetails is persisted to /workdir/hadoop-ozone/integration-test/target/test-dir/MiniOzoneClusterImpl-8d5e4e8c-6c03-4042-b10d-2e9a2a95e91b/datanode-3/meta/datanode.id
2019-09-26 20:49:48,169 [main] INFO  volume.HddsVolume (HddsVolume.java:<init>(176)) - Creating Volume: /workdir/hadoop-ozone/integration-test/target/test-dir/MiniOzoneClusterImpl-8d5e4e8c-6c03-4042-b10d-2e9a2a95e91b/datanode-4/data/containers/hdds of  storage type : DISK and capacity : 1482555576320
2019-09-26 20:49:48,169 [main] INFO  volume.VolumeSet (VolumeSet.java:initializeVolumeSet(170)) - Added Volume : /workdir/hadoop-ozone/integration-test/target/test-dir/MiniOzoneClusterImpl-8d5e4e8c-6c03-4042-b10d-2e9a2a95e91b/datanode-4/data/containers/hdds to VolumeSet
2019-09-26 20:49:48,169 [main] INFO  volume.ThrottledAsyncChecker (ThrottledAsyncChecker.java:schedule(139)) - Scheduling a check for org.apache.hadoop.ozone.container.common.volume.HddsVolume@74f280bd
2019-09-26 20:49:48,170 [main] INFO  volume.HddsVolumeChecker (HddsVolumeChecker.java:checkAllVolumes(202)) - Scheduled health check for volume org.apache.hadoop.ozone.container.common.volume.HddsVolume@74f280bd
2019-09-26 20:49:48,182 [main] INFO  impl.RaftServerProxy (ConfUtils.java:logGet(43)) - raft.rpc.type = GRPC (default)
2019-09-26 20:49:48,182 [main] INFO  grpc.GrpcFactory (GrpcFactory.java:checkPooledByteBufAllocatorUseCacheForAllThreads(45)) - PERFORMANCE WARNING: useCacheForAllThreads is true that may cause Netty to create a lot garbage objects and, as a result, trigger GC.
	It is recommended to disable useCacheForAllThreads by setting -Dorg.apache.ratis.thirdparty.io.netty.allocator.useCacheForAllThreads=false in command line.
2019-09-26 20:49:48,183 [main] INFO  grpc.GrpcConfigKeys$Server (ConfUtils.java:logGet(43)) - raft.grpc.server.port = 0 (default)
2019-09-26 20:49:48,183 [main] INFO  server.GrpcService (ConfUtils.java:logGet(43)) - raft.grpc.message.size.max = 33570816 (custom)
2019-09-26 20:49:48,183 [main] INFO  server.RaftServerConfigKeys (ConfUtils.java:logGet(43)) - raft.server.log.appender.buffer.byte-limit = 33554432 (custom)
2019-09-26 20:49:48,183 [main] INFO  server.GrpcService (ConfUtils.java:logGet(43)) - raft.grpc.flow.control.window = 1MB (=1048576) (default)
2019-09-26 20:49:48,183 [main] INFO  server.RaftServerConfigKeys (ConfUtils.java:logGet(43)) - raft.server.rpc.request.timeout = 3000ms (default)
2019-09-26 20:49:48,184 [main] INFO  server.RaftServerConfigKeys (ConfUtils.java:logGet(43)) - raft.server.storage.dir = [/workdir/hadoop-ozone/integration-test/target/test-dir/MiniOzoneClusterImpl-8d5e4e8c-6c03-4042-b10d-2e9a2a95e91b/datanode-4/data/ratis] (custom)
2019-09-26 20:49:48,185 [main] INFO  hdfs.DFSUtil (DFSUtil.java:httpServerTemplateForNNAndJN(1641)) - Starting Web-server for hddsDatanode at: http://0.0.0.0:0
2019-09-26 20:49:48,186 [main] INFO  server.AuthenticationFilter (AuthenticationFilter.java:constructSecretProvider(240)) - Unable to initialize FileSignerSecretProvider, falling back to use random secrets.
2019-09-26 20:49:48,186 [main] WARN  http.HttpRequestLog (HttpRequestLog.java:getRequestLog(97)) - Jetty request log can only be enabled using Log4j
2019-09-26 20:49:48,188 [main] INFO  http.HttpServer2 (HttpServer2.java:addGlobalFilter(975)) - Added global filter 'safety' (class=org.apache.hadoop.http.HttpServer2$QuotingInputFilter)
2019-09-26 20:49:48,188 [main] INFO  http.HttpServer2 (HttpServer2.java:addFilter(948)) - Added filter static_user_filter (class=org.apache.hadoop.http.lib.StaticUserWebFilter$StaticUserFilter) to context hddsDatanode
2019-09-26 20:49:48,188 [main] INFO  http.HttpServer2 (HttpServer2.java:addFilter(958)) - Added filter static_user_filter (class=org.apache.hadoop.http.lib.StaticUserWebFilter$StaticUserFilter) to context static
2019-09-26 20:49:48,188 [main] INFO  http.HttpServer2 (HttpServer2.java:addFilter(958)) - Added filter static_user_filter (class=org.apache.hadoop.http.lib.StaticUserWebFilter$StaticUserFilter) to context logs
2019-09-26 20:49:48,189 [main] INFO  http.HttpServer2 (HttpServer2.java:bindListener(1191)) - Jetty bound to port 39701
2019-09-26 20:49:48,189 [main] INFO  server.Server (Server.java:doStart(351)) - jetty-9.3.25.v20180904, build timestamp: 2018-09-04T21:11:46Z, git hash: 3ce520221d0240229c862b122d2b06c12a625732
2019-09-26 20:49:48,191 [main] INFO  handler.ContextHandler (ContextHandler.java:doStart(781)) - Started o.e.j.s.ServletContextHandler@53d6e959{/logs,file:///workdir/hadoop-ozone/integration-test/target/log,AVAILABLE}
2019-09-26 20:49:48,191 [main] INFO  handler.ContextHandler (ContextHandler.java:doStart(781)) - Started o.e.j.s.ServletContextHandler@69a40b3c{/static,jar:file:/home/user/.m2/repository/org/apache/hadoop/hadoop-hdds-container-service/0.5.0-SNAPSHOT/hadoop-hdds-container-service-0.5.0-SNAPSHOT.jar!/webapps/static,AVAILABLE}
2019-09-26 20:49:48,218 [main] INFO  handler.ContextHandler (ContextHandler.java:doStart(781)) - Started o.e.j.w.WebAppContext@fddd7ae{/,file:///tmp/jetty-0.0.0.0-39701-hddsDatanode-_-any-1392202016475768884.dir/webapp/,AVAILABLE}{/hddsDatanode}
2019-09-26 20:49:48,218 [main] INFO  server.AbstractConnector (AbstractConnector.java:doStart(278)) - Started ServerConnector@3f6cce7f{HTTP/1.1,[http/1.1]}{0.0.0.0:39701}
2019-09-26 20:49:48,220 [main] INFO  server.Server (Server.java:doStart(419)) - Started @235292ms
2019-09-26 20:49:48,220 [main] WARN  impl.MetricsSystemImpl (MetricsSystemImpl.java:register(276)) - Sink prometheus already exists!
2019-09-26 20:49:48,221 [main] INFO  server.BaseHttpServer (BaseHttpServer.java:updateConnectorAddress(215)) - HTTP server of HDDSDATANODE is listening at http://0.0.0.0:39701
2019-09-26 20:49:48,221 [main] INFO  impl.MetricsSystemImpl (MetricsSystemImpl.java:init(158)) - HddsDatanode metrics system started (again)
2019-09-26 20:49:48,225 [org.apache.hadoop.util.JvmPauseMonitor$Monitor@3a5447f8] INFO  util.JvmPauseMonitor (JvmPauseMonitor.java:run(188)) - Starting JVM pause monitor
2019-09-26 20:49:48,226 [main] INFO  ozone.HddsDatanodeService (HddsDatanodeService.java:start(184)) - HddsDatanodeService host:pr-hdds-2174-wsqbx-838867654 ip:192.168.30.57
2019-09-26 20:49:48,226 [Datanode State Machine Thread - 0] INFO  datanode.InitDatanodeState (InitDatanodeState.java:persistContainerDatanodeDetails(140)) - DatanodeDetails is persisted to /workdir/hadoop-ozone/integration-test/target/test-dir/MiniOzoneClusterImpl-8d5e4e8c-6c03-4042-b10d-2e9a2a95e91b/datanode-4/meta/datanode.id
2019-09-26 20:49:48,232 [main] INFO  volume.HddsVolume (HddsVolume.java:<init>(176)) - Creating Volume: /workdir/hadoop-ozone/integration-test/target/test-dir/MiniOzoneClusterImpl-8d5e4e8c-6c03-4042-b10d-2e9a2a95e91b/datanode-5/data/containers/hdds of  storage type : DISK and capacity : 1482555576320
2019-09-26 20:49:48,232 [main] INFO  volume.VolumeSet (VolumeSet.java:initializeVolumeSet(170)) - Added Volume : /workdir/hadoop-ozone/integration-test/target/test-dir/MiniOzoneClusterImpl-8d5e4e8c-6c03-4042-b10d-2e9a2a95e91b/datanode-5/data/containers/hdds to VolumeSet
2019-09-26 20:49:48,232 [main] INFO  volume.ThrottledAsyncChecker (ThrottledAsyncChecker.java:schedule(139)) - Scheduling a check for org.apache.hadoop.ozone.container.common.volume.HddsVolume@6b1321b7
2019-09-26 20:49:48,233 [main] INFO  volume.HddsVolumeChecker (HddsVolumeChecker.java:checkAllVolumes(202)) - Scheduled health check for volume org.apache.hadoop.ozone.container.common.volume.HddsVolume@6b1321b7
2019-09-26 20:49:48,245 [main] INFO  impl.RaftServerProxy (ConfUtils.java:logGet(43)) - raft.rpc.type = GRPC (default)
2019-09-26 20:49:48,246 [main] INFO  grpc.GrpcFactory (GrpcFactory.java:checkPooledByteBufAllocatorUseCacheForAllThreads(45)) - PERFORMANCE WARNING: useCacheForAllThreads is true that may cause Netty to create a lot garbage objects and, as a result, trigger GC.
	It is recommended to disable useCacheForAllThreads by setting -Dorg.apache.ratis.thirdparty.io.netty.allocator.useCacheForAllThreads=false in command line.
2019-09-26 20:49:48,246 [main] INFO  grpc.GrpcConfigKeys$Server (ConfUtils.java:logGet(43)) - raft.grpc.server.port = 0 (default)
2019-09-26 20:49:48,246 [main] INFO  server.GrpcService (ConfUtils.java:logGet(43)) - raft.grpc.message.size.max = 33570816 (custom)
2019-09-26 20:49:48,246 [main] INFO  server.RaftServerConfigKeys (ConfUtils.java:logGet(43)) - raft.server.log.appender.buffer.byte-limit = 33554432 (custom)
2019-09-26 20:49:48,247 [main] INFO  server.GrpcService (ConfUtils.java:logGet(43)) - raft.grpc.flow.control.window = 1MB (=1048576) (default)
2019-09-26 20:49:48,247 [main] INFO  server.RaftServerConfigKeys (ConfUtils.java:logGet(43)) - raft.server.rpc.request.timeout = 3000ms (default)
2019-09-26 20:49:48,247 [main] INFO  server.RaftServerConfigKeys (ConfUtils.java:logGet(43)) - raft.server.storage.dir = [/workdir/hadoop-ozone/integration-test/target/test-dir/MiniOzoneClusterImpl-8d5e4e8c-6c03-4042-b10d-2e9a2a95e91b/datanode-5/data/ratis] (custom)
2019-09-26 20:49:48,249 [main] INFO  hdfs.DFSUtil (DFSUtil.java:httpServerTemplateForNNAndJN(1641)) - Starting Web-server for hddsDatanode at: http://0.0.0.0:0
2019-09-26 20:49:48,250 [main] INFO  server.AuthenticationFilter (AuthenticationFilter.java:constructSecretProvider(240)) - Unable to initialize FileSignerSecretProvider, falling back to use random secrets.
2019-09-26 20:49:48,250 [main] WARN  http.HttpRequestLog (HttpRequestLog.java:getRequestLog(97)) - Jetty request log can only be enabled using Log4j
2019-09-26 20:49:48,252 [main] INFO  http.HttpServer2 (HttpServer2.java:addGlobalFilter(975)) - Added global filter 'safety' (class=org.apache.hadoop.http.HttpServer2$QuotingInputFilter)
2019-09-26 20:49:48,252 [main] INFO  http.HttpServer2 (HttpServer2.java:addFilter(948)) - Added filter static_user_filter (class=org.apache.hadoop.http.lib.StaticUserWebFilter$StaticUserFilter) to context hddsDatanode
2019-09-26 20:49:48,252 [main] INFO  http.HttpServer2 (HttpServer2.java:addFilter(958)) - Added filter static_user_filter (class=org.apache.hadoop.http.lib.StaticUserWebFilter$StaticUserFilter) to context logs
2019-09-26 20:49:48,252 [main] INFO  http.HttpServer2 (HttpServer2.java:addFilter(958)) - Added filter static_user_filter (class=org.apache.hadoop.http.lib.StaticUserWebFilter$StaticUserFilter) to context static
2019-09-26 20:49:48,253 [main] INFO  http.HttpServer2 (HttpServer2.java:bindListener(1191)) - Jetty bound to port 33705
2019-09-26 20:49:48,253 [main] INFO  server.Server (Server.java:doStart(351)) - jetty-9.3.25.v20180904, build timestamp: 2018-09-04T21:11:46Z, git hash: 3ce520221d0240229c862b122d2b06c12a625732
2019-09-26 20:49:48,255 [main] INFO  handler.ContextHandler (ContextHandler.java:doStart(781)) - Started o.e.j.s.ServletContextHandler@5a2ae1ab{/logs,file:///workdir/hadoop-ozone/integration-test/target/log,AVAILABLE}
2019-09-26 20:49:48,255 [main] INFO  handler.ContextHandler (ContextHandler.java:doStart(781)) - Started o.e.j.s.ServletContextHandler@7d59e968{/static,jar:file:/home/user/.m2/repository/org/apache/hadoop/hadoop-hdds-container-service/0.5.0-SNAPSHOT/hadoop-hdds-container-service-0.5.0-SNAPSHOT.jar!/webapps/static,AVAILABLE}
2019-09-26 20:49:48,282 [main] INFO  handler.ContextHandler (ContextHandler.java:doStart(781)) - Started o.e.j.w.WebAppContext@2407a36c{/,file:///tmp/jetty-0.0.0.0-33705-hddsDatanode-_-any-4649653308638715930.dir/webapp/,AVAILABLE}{/hddsDatanode}
2019-09-26 20:49:48,283 [main] INFO  server.AbstractConnector (AbstractConnector.java:doStart(278)) - Started ServerConnector@5ec9eefa{HTTP/1.1,[http/1.1]}{0.0.0.0:33705}
2019-09-26 20:49:48,284 [main] INFO  server.Server (Server.java:doStart(419)) - Started @235356ms
2019-09-26 20:49:48,284 [main] WARN  impl.MetricsSystemImpl (MetricsSystemImpl.java:register(276)) - Sink prometheus already exists!
2019-09-26 20:49:48,285 [main] INFO  server.BaseHttpServer (BaseHttpServer.java:updateConnectorAddress(215)) - HTTP server of HDDSDATANODE is listening at http://0.0.0.0:33705
2019-09-26 20:49:48,285 [main] INFO  impl.MetricsSystemImpl (MetricsSystemImpl.java:init(158)) - HddsDatanode metrics system started (again)
2019-09-26 20:49:48,289 [main] INFO  ozone.HddsDatanodeService (HddsDatanodeService.java:start(184)) - HddsDatanodeService host:pr-hdds-2174-wsqbx-838867654 ip:192.168.30.57
2019-09-26 20:49:48,290 [org.apache.hadoop.util.JvmPauseMonitor$Monitor@70663dbb] INFO  util.JvmPauseMonitor (JvmPauseMonitor.java:run(188)) - Starting JVM pause monitor
2019-09-26 20:49:48,291 [Datanode State Machine Thread - 0] INFO  datanode.InitDatanodeState (InitDatanodeState.java:persistContainerDatanodeDetails(140)) - DatanodeDetails is persisted to /workdir/hadoop-ozone/integration-test/target/test-dir/MiniOzoneClusterImpl-8d5e4e8c-6c03-4042-b10d-2e9a2a95e91b/datanode-5/meta/datanode.id
2019-09-26 20:49:48,297 [main] INFO  volume.HddsVolume (HddsVolume.java:<init>(176)) - Creating Volume: /workdir/hadoop-ozone/integration-test/target/test-dir/MiniOzoneClusterImpl-8d5e4e8c-6c03-4042-b10d-2e9a2a95e91b/datanode-6/data/containers/hdds of  storage type : DISK and capacity : 1482555576320
2019-09-26 20:49:48,297 [main] INFO  volume.VolumeSet (VolumeSet.java:initializeVolumeSet(170)) - Added Volume : /workdir/hadoop-ozone/integration-test/target/test-dir/MiniOzoneClusterImpl-8d5e4e8c-6c03-4042-b10d-2e9a2a95e91b/datanode-6/data/containers/hdds to VolumeSet
2019-09-26 20:49:48,297 [main] INFO  volume.ThrottledAsyncChecker (ThrottledAsyncChecker.java:schedule(139)) - Scheduling a check for org.apache.hadoop.ozone.container.common.volume.HddsVolume@b022551
2019-09-26 20:49:48,297 [main] INFO  volume.HddsVolumeChecker (HddsVolumeChecker.java:checkAllVolumes(202)) - Scheduled health check for volume org.apache.hadoop.ozone.container.common.volume.HddsVolume@b022551
2019-09-26 20:49:48,312 [main] INFO  impl.RaftServerProxy (ConfUtils.java:logGet(43)) - raft.rpc.type = GRPC (default)
2019-09-26 20:49:48,313 [main] INFO  grpc.GrpcFactory (GrpcFactory.java:checkPooledByteBufAllocatorUseCacheForAllThreads(45)) - PERFORMANCE WARNING: useCacheForAllThreads is true that may cause Netty to create a lot garbage objects and, as a result, trigger GC.
	It is recommended to disable useCacheForAllThreads by setting -Dorg.apache.ratis.thirdparty.io.netty.allocator.useCacheForAllThreads=false in command line.
2019-09-26 20:49:48,313 [main] INFO  grpc.GrpcConfigKeys$Server (ConfUtils.java:logGet(43)) - raft.grpc.server.port = 0 (default)
2019-09-26 20:49:48,313 [main] INFO  server.GrpcService (ConfUtils.java:logGet(43)) - raft.grpc.message.size.max = 33570816 (custom)
2019-09-26 20:49:48,313 [main] INFO  server.RaftServerConfigKeys (ConfUtils.java:logGet(43)) - raft.server.log.appender.buffer.byte-limit = 33554432 (custom)
2019-09-26 20:49:48,313 [main] INFO  server.GrpcService (ConfUtils.java:logGet(43)) - raft.grpc.flow.control.window = 1MB (=1048576) (default)
2019-09-26 20:49:48,313 [main] INFO  server.RaftServerConfigKeys (ConfUtils.java:logGet(43)) - raft.server.rpc.request.timeout = 3000ms (default)
2019-09-26 20:49:48,314 [main] INFO  server.RaftServerConfigKeys (ConfUtils.java:logGet(43)) - raft.server.storage.dir = [/workdir/hadoop-ozone/integration-test/target/test-dir/MiniOzoneClusterImpl-8d5e4e8c-6c03-4042-b10d-2e9a2a95e91b/datanode-6/data/ratis] (custom)
2019-09-26 20:49:48,315 [main] INFO  hdfs.DFSUtil (DFSUtil.java:httpServerTemplateForNNAndJN(1641)) - Starting Web-server for hddsDatanode at: http://0.0.0.0:0
2019-09-26 20:49:48,316 [main] INFO  server.AuthenticationFilter (AuthenticationFilter.java:constructSecretProvider(240)) - Unable to initialize FileSignerSecretProvider, falling back to use random secrets.
2019-09-26 20:49:48,316 [main] WARN  http.HttpRequestLog (HttpRequestLog.java:getRequestLog(97)) - Jetty request log can only be enabled using Log4j
2019-09-26 20:49:48,318 [main] INFO  http.HttpServer2 (HttpServer2.java:addGlobalFilter(975)) - Added global filter 'safety' (class=org.apache.hadoop.http.HttpServer2$QuotingInputFilter)
2019-09-26 20:49:48,319 [main] INFO  http.HttpServer2 (HttpServer2.java:addFilter(948)) - Added filter static_user_filter (class=org.apache.hadoop.http.lib.StaticUserWebFilter$StaticUserFilter) to context hddsDatanode
2019-09-26 20:49:48,319 [main] INFO  http.HttpServer2 (HttpServer2.java:addFilter(958)) - Added filter static_user_filter (class=org.apache.hadoop.http.lib.StaticUserWebFilter$StaticUserFilter) to context static
2019-09-26 20:49:48,319 [main] INFO  http.HttpServer2 (HttpServer2.java:addFilter(958)) - Added filter static_user_filter (class=org.apache.hadoop.http.lib.StaticUserWebFilter$StaticUserFilter) to context logs
2019-09-26 20:49:48,320 [main] INFO  http.HttpServer2 (HttpServer2.java:bindListener(1191)) - Jetty bound to port 39536
2019-09-26 20:49:48,320 [main] INFO  server.Server (Server.java:doStart(351)) - jetty-9.3.25.v20180904, build timestamp: 2018-09-04T21:11:46Z, git hash: 3ce520221d0240229c862b122d2b06c12a625732
2019-09-26 20:49:48,322 [main] INFO  handler.ContextHandler (ContextHandler.java:doStart(781)) - Started o.e.j.s.ServletContextHandler@32ae8f27{/logs,file:///workdir/hadoop-ozone/integration-test/target/log,AVAILABLE}
2019-09-26 20:49:48,322 [main] INFO  handler.ContextHandler (ContextHandler.java:doStart(781)) - Started o.e.j.s.ServletContextHandler@5b8853{/static,jar:file:/home/user/.m2/repository/org/apache/hadoop/hadoop-hdds-container-service/0.5.0-SNAPSHOT/hadoop-hdds-container-service-0.5.0-SNAPSHOT.jar!/webapps/static,AVAILABLE}
2019-09-26 20:49:48,355 [main] INFO  handler.ContextHandler (ContextHandler.java:doStart(781)) - Started o.e.j.w.WebAppContext@6b867ee7{/,file:///tmp/jetty-0.0.0.0-39536-hddsDatanode-_-any-883829715076758479.dir/webapp/,AVAILABLE}{/hddsDatanode}
2019-09-26 20:49:48,356 [main] INFO  server.AbstractConnector (AbstractConnector.java:doStart(278)) - Started ServerConnector@3dec3f87{HTTP/1.1,[http/1.1]}{0.0.0.0:39536}
2019-09-26 20:49:48,357 [main] INFO  server.Server (Server.java:doStart(419)) - Started @235429ms
2019-09-26 20:49:48,358 [main] WARN  impl.MetricsSystemImpl (MetricsSystemImpl.java:register(276)) - Sink prometheus already exists!
2019-09-26 20:49:48,358 [main] INFO  server.BaseHttpServer (BaseHttpServer.java:updateConnectorAddress(215)) - HTTP server of HDDSDATANODE is listening at http://0.0.0.0:39536
2019-09-26 20:49:48,359 [main] INFO  ozone.MiniOzoneClusterImpl (MiniOzoneClusterImpl.java:lambda$waitForClusterToBeReady$0(147)) - Waiting for cluster to be ready. Got 0 of 7 DN Heartbeats.
2019-09-26 20:49:48,360 [org.apache.hadoop.util.JvmPauseMonitor$Monitor@5fedef16] INFO  util.JvmPauseMonitor (JvmPauseMonitor.java:run(188)) - Starting JVM pause monitor
2019-09-26 20:49:48,361 [Datanode State Machine Thread - 0] INFO  datanode.InitDatanodeState (InitDatanodeState.java:persistContainerDatanodeDetails(140)) - DatanodeDetails is persisted to /workdir/hadoop-ozone/integration-test/target/test-dir/MiniOzoneClusterImpl-8d5e4e8c-6c03-4042-b10d-2e9a2a95e91b/datanode-6/meta/datanode.id
2019-09-26 20:49:49,359 [main] INFO  ozone.MiniOzoneClusterImpl (MiniOzoneClusterImpl.java:lambda$waitForClusterToBeReady$0(147)) - Waiting for cluster to be ready. Got 0 of 7 DN Heartbeats.
2019-09-26 20:49:50,002 [Datanode State Machine Thread - 0] INFO  ozoneimpl.OzoneContainer (OzoneContainer.java:start(217)) - Attempting to start container services.
2019-09-26 20:49:50,003 [Datanode State Machine Thread - 0] INFO  ozoneimpl.OzoneContainer (OzoneContainer.java:startContainerScrub(179)) - Background container scanner has been disabled.
2019-09-26 20:49:50,003 [Datanode State Machine Thread - 0] INFO  ratis.XceiverServerRatis (XceiverServerRatis.java:start(411)) - Starting XceiverServerRatis c642a3ed-6835-4e80-8c1e-9298e9a0c556 at port 0
2019-09-26 20:49:50,009 [Datanode State Machine Thread - 0] INFO  impl.RaftServerProxy (RaftServerProxy.java:lambda$start$3(299)) - c642a3ed-6835-4e80-8c1e-9298e9a0c556: start RPC server
2019-09-26 20:49:50,012 [Datanode State Machine Thread - 0] INFO  server.GrpcService (GrpcService.java:startImpl(158)) - c642a3ed-6835-4e80-8c1e-9298e9a0c556: GrpcService started, listening on 0.0.0.0/0.0.0.0:41571
2019-09-26 20:49:50,013 [Datanode State Machine Thread - 0] INFO  ratis.XceiverServerRatis (XceiverServerRatis.java:start(421)) - XceiverServerRatis c642a3ed-6835-4e80-8c1e-9298e9a0c556 is started using port 41571
2019-09-26 20:49:50,013 [Datanode State Machine Thread - 0] INFO  server.XceiverServerGrpc (XceiverServerGrpc.java:start(149)) - XceiverServerGrpc c642a3ed-6835-4e80-8c1e-9298e9a0c556 is started using port 38391
2019-09-26 20:49:50,049 [Datanode State Machine Thread - 0] INFO  ozoneimpl.OzoneContainer (OzoneContainer.java:start(217)) - Attempting to start container services.
2019-09-26 20:49:50,049 [Datanode State Machine Thread - 0] INFO  ozoneimpl.OzoneContainer (OzoneContainer.java:startContainerScrub(179)) - Background container scanner has been disabled.
2019-09-26 20:49:50,049 [Datanode State Machine Thread - 0] INFO  ratis.XceiverServerRatis (XceiverServerRatis.java:start(411)) - Starting XceiverServerRatis 0a9fc6eb-77d3-4a76-a53e-207bfd2af7a0 at port 0
2019-09-26 20:49:50,056 [Datanode State Machine Thread - 0] INFO  impl.RaftServerProxy (RaftServerProxy.java:lambda$start$3(299)) - 0a9fc6eb-77d3-4a76-a53e-207bfd2af7a0: start RPC server
2019-09-26 20:49:50,056 [Datanode State Machine Thread - 0] INFO  server.GrpcService (GrpcService.java:startImpl(158)) - 0a9fc6eb-77d3-4a76-a53e-207bfd2af7a0: GrpcService started, listening on 0.0.0.0/0.0.0.0:37375
2019-09-26 20:49:50,056 [Datanode State Machine Thread - 0] INFO  ratis.XceiverServerRatis (XceiverServerRatis.java:start(421)) - XceiverServerRatis 0a9fc6eb-77d3-4a76-a53e-207bfd2af7a0 is started using port 37375
2019-09-26 20:49:50,057 [Datanode State Machine Thread - 0] INFO  server.XceiverServerGrpc (XceiverServerGrpc.java:start(149)) - XceiverServerGrpc 0a9fc6eb-77d3-4a76-a53e-207bfd2af7a0 is started using port 35097
2019-09-26 20:49:50,115 [Datanode State Machine Thread - 0] INFO  ozoneimpl.OzoneContainer (OzoneContainer.java:start(217)) - Attempting to start container services.
2019-09-26 20:49:50,115 [Datanode State Machine Thread - 0] INFO  ozoneimpl.OzoneContainer (OzoneContainer.java:startContainerScrub(179)) - Background container scanner has been disabled.
2019-09-26 20:49:50,115 [Datanode State Machine Thread - 0] INFO  ratis.XceiverServerRatis (XceiverServerRatis.java:start(411)) - Starting XceiverServerRatis 0ba741d3-e74b-4583-8c46-f3eef39c8b87 at port 0
2019-09-26 20:49:50,121 [Datanode State Machine Thread - 0] INFO  impl.RaftServerProxy (RaftServerProxy.java:lambda$start$3(299)) - 0ba741d3-e74b-4583-8c46-f3eef39c8b87: start RPC server
2019-09-26 20:49:50,123 [Datanode State Machine Thread - 0] INFO  server.GrpcService (GrpcService.java:startImpl(158)) - 0ba741d3-e74b-4583-8c46-f3eef39c8b87: GrpcService started, listening on 0.0.0.0/0.0.0.0:44167
2019-09-26 20:49:50,123 [Datanode State Machine Thread - 0] INFO  ratis.XceiverServerRatis (XceiverServerRatis.java:start(421)) - XceiverServerRatis 0ba741d3-e74b-4583-8c46-f3eef39c8b87 is started using port 44167
2019-09-26 20:49:50,126 [Datanode State Machine Thread - 0] INFO  server.XceiverServerGrpc (XceiverServerGrpc.java:start(149)) - XceiverServerGrpc 0ba741d3-e74b-4583-8c46-f3eef39c8b87 is started using port 40781
2019-09-26 20:49:50,175 [Datanode State Machine Thread - 0] INFO  ozoneimpl.OzoneContainer (OzoneContainer.java:start(217)) - Attempting to start container services.
2019-09-26 20:49:50,176 [Datanode State Machine Thread - 0] INFO  ozoneimpl.OzoneContainer (OzoneContainer.java:startContainerScrub(179)) - Background container scanner has been disabled.
2019-09-26 20:49:50,176 [Datanode State Machine Thread - 0] INFO  ratis.XceiverServerRatis (XceiverServerRatis.java:start(411)) - Starting XceiverServerRatis 63796a84-0610-425b-8d78-244a041f6afe at port 0
2019-09-26 20:49:50,183 [Datanode State Machine Thread - 0] INFO  impl.RaftServerProxy (RaftServerProxy.java:lambda$start$3(299)) - 63796a84-0610-425b-8d78-244a041f6afe: start RPC server
2019-09-26 20:49:50,185 [Datanode State Machine Thread - 0] INFO  server.GrpcService (GrpcService.java:startImpl(158)) - 63796a84-0610-425b-8d78-244a041f6afe: GrpcService started, listening on 0.0.0.0/0.0.0.0:37191
2019-09-26 20:49:50,186 [Datanode State Machine Thread - 0] INFO  ratis.XceiverServerRatis (XceiverServerRatis.java:start(421)) - XceiverServerRatis 63796a84-0610-425b-8d78-244a041f6afe is started using port 37191
2019-09-26 20:49:50,186 [Datanode State Machine Thread - 0] INFO  server.XceiverServerGrpc (XceiverServerGrpc.java:start(149)) - XceiverServerGrpc 63796a84-0610-425b-8d78-244a041f6afe is started using port 40834
2019-09-26 20:49:50,240 [Datanode State Machine Thread - 0] INFO  ozoneimpl.OzoneContainer (OzoneContainer.java:start(217)) - Attempting to start container services.
2019-09-26 20:49:50,240 [Datanode State Machine Thread - 0] INFO  ozoneimpl.OzoneContainer (OzoneContainer.java:startContainerScrub(179)) - Background container scanner has been disabled.
2019-09-26 20:49:50,240 [Datanode State Machine Thread - 0] INFO  ratis.XceiverServerRatis (XceiverServerRatis.java:start(411)) - Starting XceiverServerRatis ba614afd-2416-4a54-b733-f363754a0e17 at port 0
2019-09-26 20:49:50,246 [Datanode State Machine Thread - 0] INFO  impl.RaftServerProxy (RaftServerProxy.java:lambda$start$3(299)) - ba614afd-2416-4a54-b733-f363754a0e17: start RPC server
2019-09-26 20:49:50,246 [Datanode State Machine Thread - 0] INFO  server.GrpcService (GrpcService.java:startImpl(158)) - ba614afd-2416-4a54-b733-f363754a0e17: GrpcService started, listening on 0.0.0.0/0.0.0.0:39675
2019-09-26 20:49:50,246 [Datanode State Machine Thread - 0] INFO  ratis.XceiverServerRatis (XceiverServerRatis.java:start(421)) - XceiverServerRatis ba614afd-2416-4a54-b733-f363754a0e17 is started using port 39675
2019-09-26 20:49:50,247 [Datanode State Machine Thread - 0] INFO  server.XceiverServerGrpc (XceiverServerGrpc.java:start(149)) - XceiverServerGrpc ba614afd-2416-4a54-b733-f363754a0e17 is started using port 37071
2019-09-26 20:49:50,301 [Datanode State Machine Thread - 0] INFO  ozoneimpl.OzoneContainer (OzoneContainer.java:start(217)) - Attempting to start container services.
2019-09-26 20:49:50,301 [Datanode State Machine Thread - 0] INFO  ozoneimpl.OzoneContainer (OzoneContainer.java:startContainerScrub(179)) - Background container scanner has been disabled.
2019-09-26 20:49:50,302 [Datanode State Machine Thread - 0] INFO  ratis.XceiverServerRatis (XceiverServerRatis.java:start(411)) - Starting XceiverServerRatis 6a2060e5-6d81-44f9-b954-1f24f9957530 at port 0
2019-09-26 20:49:50,308 [Datanode State Machine Thread - 0] INFO  impl.RaftServerProxy (RaftServerProxy.java:lambda$start$3(299)) - 6a2060e5-6d81-44f9-b954-1f24f9957530: start RPC server
2019-09-26 20:49:50,311 [Datanode State Machine Thread - 0] INFO  server.GrpcService (GrpcService.java:startImpl(158)) - 6a2060e5-6d81-44f9-b954-1f24f9957530: GrpcService started, listening on 0.0.0.0/0.0.0.0:36913
2019-09-26 20:49:50,311 [Datanode State Machine Thread - 0] INFO  ratis.XceiverServerRatis (XceiverServerRatis.java:start(421)) - XceiverServerRatis 6a2060e5-6d81-44f9-b954-1f24f9957530 is started using port 36913
2019-09-26 20:49:50,312 [Datanode State Machine Thread - 0] INFO  server.XceiverServerGrpc (XceiverServerGrpc.java:start(149)) - XceiverServerGrpc 6a2060e5-6d81-44f9-b954-1f24f9957530 is started using port 37488
2019-09-26 20:49:50,360 [main] INFO  ozone.MiniOzoneClusterImpl (MiniOzoneClusterImpl.java:lambda$waitForClusterToBeReady$0(147)) - Waiting for cluster to be ready. Got 0 of 7 DN Heartbeats.
2019-09-26 20:49:50,374 [Datanode State Machine Thread - 0] INFO  ozoneimpl.OzoneContainer (OzoneContainer.java:start(217)) - Attempting to start container services.
2019-09-26 20:49:50,375 [Datanode State Machine Thread - 0] INFO  ozoneimpl.OzoneContainer (OzoneContainer.java:startContainerScrub(179)) - Background container scanner has been disabled.
2019-09-26 20:49:50,375 [Datanode State Machine Thread - 0] INFO  ratis.XceiverServerRatis (XceiverServerRatis.java:start(411)) - Starting XceiverServerRatis 671dcae7-cdea-4162-b8e1-0249a200993f at port 0
2019-09-26 20:49:50,381 [Datanode State Machine Thread - 0] INFO  impl.RaftServerProxy (RaftServerProxy.java:lambda$start$3(299)) - 671dcae7-cdea-4162-b8e1-0249a200993f: start RPC server
2019-09-26 20:49:50,381 [Datanode State Machine Thread - 0] INFO  server.GrpcService (GrpcService.java:startImpl(158)) - 671dcae7-cdea-4162-b8e1-0249a200993f: GrpcService started, listening on 0.0.0.0/0.0.0.0:34980
2019-09-26 20:49:50,382 [Datanode State Machine Thread - 0] INFO  ratis.XceiverServerRatis (XceiverServerRatis.java:start(421)) - XceiverServerRatis 671dcae7-cdea-4162-b8e1-0249a200993f is started using port 34980
2019-09-26 20:49:50,382 [Datanode State Machine Thread - 0] INFO  server.XceiverServerGrpc (XceiverServerGrpc.java:start(149)) - XceiverServerGrpc 671dcae7-cdea-4162-b8e1-0249a200993f is started using port 46824
2019-09-26 20:49:51,360 [main] INFO  ozone.MiniOzoneClusterImpl (MiniOzoneClusterImpl.java:lambda$waitForClusterToBeReady$0(147)) - Waiting for cluster to be ready. Got 0 of 7 DN Heartbeats.
2019-09-26 20:49:51,956 [IPC Server handler 0 on 38036] INFO  net.NetworkTopology (NetworkTopologyImpl.java:add(111)) - Added a new node: /default-rack/c642a3ed-6835-4e80-8c1e-9298e9a0c556
2019-09-26 20:49:51,959 [IPC Server handler 0 on 38036] INFO  node.SCMNodeManager (SCMNodeManager.java:register(266)) - Registered Data node : c642a3ed-6835-4e80-8c1e-9298e9a0c556{ip: 192.168.30.57, host: pr-hdds-2174-wsqbx-838867654, networkLocation: /default-rack, certSerialId: null}
2019-09-26 20:49:51,960 [EventQueue-NodeRegistrationContainerReportForDataNodeSafeModeRule] INFO  safemode.SCMSafeModeManager (DataNodeSafeModeRule.java:process(71)) - SCM in safe mode. 1 DataNodes registered, 1 required.
2019-09-26 20:49:51,963 [EventQueue-NodeRegistrationContainerReportForDataNodeSafeModeRule] INFO  safemode.SCMSafeModeManager (SCMSafeModeManager.java:validateSafeModeExitRules(177)) - ScmSafeModeManager, all rules are successfully validated
2019-09-26 20:49:51,963 [EventQueue-NodeRegistrationContainerReportForDataNodeSafeModeRule] INFO  safemode.SCMSafeModeManager (SCMSafeModeManager.java:exitSafeMode(193)) - SCM exiting safe mode.
2019-09-26 20:49:51,975 [grpc-default-executor-3] INFO  impl.RaftServerProxy (RaftServerProxy.java:addNew(89)) - c642a3ed-6835-4e80-8c1e-9298e9a0c556: addNew group-DACE26689539:[c642a3ed-6835-4e80-8c1e-9298e9a0c556:192.168.30.57:41571] returns group-DACE26689539:java.util.concurrent.CompletableFuture@3732c647[Not completed]
2019-09-26 20:49:51,978 [pool-383-thread-1] INFO  impl.RaftServerImpl (RaftServerImpl.java:<init>(95)) - c642a3ed-6835-4e80-8c1e-9298e9a0c556: new RaftServerImpl for group-DACE26689539:[c642a3ed-6835-4e80-8c1e-9298e9a0c556:192.168.30.57:41571] with ContainerStateMachine:uninitialized
2019-09-26 20:49:51,978 [pool-383-thread-1] INFO  server.RaftServerConfigKeys (ConfUtils.java:logGet(43)) - raft.server.rpc.timeout.min = 5s (custom)
2019-09-26 20:49:51,978 [pool-383-thread-1] INFO  server.RaftServerConfigKeys (ConfUtils.java:logGet(43)) - raft.server.rpc.timeout.max = 5200ms (custom)
2019-09-26 20:49:51,978 [pool-383-thread-1] INFO  server.RaftServerConfigKeys (ConfUtils.java:logGet(43)) - raft.server.rpcslowness.timeout = 120s (custom)
2019-09-26 20:49:51,979 [pool-383-thread-1] INFO  server.RaftServerConfigKeys (ConfUtils.java:logGet(43)) - raft.server.sleep.deviation.threshold = 300 (default)
2019-09-26 20:49:51,979 [pool-383-thread-1] INFO  server.RaftServerConfigKeys (ConfUtils.java:logGet(43)) - raft.server.log.appender.install.snapshot.enabled = false (custom)
2019-09-26 20:49:51,979 [pool-383-thread-1] INFO  impl.RaftServerImpl (ServerState.java:<init>(103)) - c642a3ed-6835-4e80-8c1e-9298e9a0c556@group-DACE26689539: ConfigurationManager, init=-1: [c642a3ed-6835-4e80-8c1e-9298e9a0c556:192.168.30.57:41571], old=null, confs=<EMPTY_MAP>
2019-09-26 20:49:51,979 [pool-383-thread-1] INFO  server.RaftServerConfigKeys (ConfUtils.java:logGet(43)) - raft.server.storage.dir = [/workdir/hadoop-ozone/integration-test/target/test-dir/MiniOzoneClusterImpl-8d5e4e8c-6c03-4042-b10d-2e9a2a95e91b/datanode-0/data/ratis] (custom)
2019-09-26 20:49:51,980 [pool-383-thread-1] INFO  storage.RaftStorageDirectory (RaftStorageDirectory.java:analyzeStorage(246)) - The storage directory /workdir/hadoop-ozone/integration-test/target/test-dir/MiniOzoneClusterImpl-8d5e4e8c-6c03-4042-b10d-2e9a2a95e91b/datanode-0/data/ratis/e1e2c839-d4de-45e3-a57a-dace26689539 does not exist. Creating ...
2019-09-26 20:49:51,993 [pool-383-thread-1] INFO  storage.RaftStorageDirectory (RaftStorageDirectory.java:tryLock(328)) - Lock on /workdir/hadoop-ozone/integration-test/target/test-dir/MiniOzoneClusterImpl-8d5e4e8c-6c03-4042-b10d-2e9a2a95e91b/datanode-0/data/ratis/e1e2c839-d4de-45e3-a57a-dace26689539/in_use.lock acquired by nodename 9101@pr-hdds-2174-wsqbx-838867654
2019-09-26 20:49:52,007 [pool-383-thread-1] INFO  storage.RaftStorage (RaftStorage.java:format(72)) - Storage directory /workdir/hadoop-ozone/integration-test/target/test-dir/MiniOzoneClusterImpl-8d5e4e8c-6c03-4042-b10d-2e9a2a95e91b/datanode-0/data/ratis/e1e2c839-d4de-45e3-a57a-dace26689539 has been successfully formatted.
2019-09-26 20:49:52,008 [pool-383-thread-1] INFO  ratis.ContainerStateMachine (ContainerStateMachine.java:loadSnapshot(230)) - group-DACE26689539: The snapshot info is null. Setting the last applied indexto:(t:0, i:~)
2019-09-26 20:49:52,008 [pool-383-thread-1] INFO  server.RaftServerConfigKeys (ConfUtils.java:logGet(43)) - raft.server.notification.no-leader.timeout = 120s (custom)
2019-09-26 20:49:52,008 [pool-383-thread-1] INFO  server.RaftServerConfigKeys (ConfUtils.java:logGet(43)) - raft.server.log.use.memory = false (default)
2019-09-26 20:49:52,008 [pool-383-thread-1] INFO  server.RaftServerConfigKeys (ConfUtils.java:logGet(43)) - raft.server.log.purge.gap = 1000000 (custom)
2019-09-26 20:49:52,008 [pool-383-thread-1] INFO  server.RaftServerConfigKeys (ConfUtils.java:logGet(43)) - raft.server.log.appender.buffer.byte-limit = 33554432 (custom)
2019-09-26 20:49:52,009 [pool-383-thread-1] INFO  server.RaftServerConfigKeys (ConfUtils.java:logGet(43)) - raft.server.log.segment.size.max = 1048576 (custom)
2019-09-26 20:49:52,009 [pool-383-thread-1] INFO  server.RaftServerConfigKeys (ConfUtils.java:logGet(43)) - raft.server.log.segment.cache.num.max = 2 (custom)
2019-09-26 20:49:52,009 [pool-383-thread-1] INFO  segmented.SegmentedRaftLogWorker (SegmentedRaftLogWorker.java:<init>(172)) - new c642a3ed-6835-4e80-8c1e-9298e9a0c556@group-DACE26689539-SegmentedRaftLogWorker for RaftStorage:Storage Directory /workdir/hadoop-ozone/integration-test/target/test-dir/MiniOzoneClusterImpl-8d5e4e8c-6c03-4042-b10d-2e9a2a95e91b/datanode-0/data/ratis/e1e2c839-d4de-45e3-a57a-dace26689539
2019-09-26 20:49:52,012 [pool-383-thread-1] INFO  server.RaftServerConfigKeys (ConfUtils.java:logGet(43)) - raft.server.log.queue.byte-limit = 2147483647 (custom)
2019-09-26 20:49:52,012 [pool-383-thread-1] INFO  server.RaftServerConfigKeys (ConfUtils.java:logGet(43)) - raft.server.log.queue.element-limit = 1024 (custom)
2019-09-26 20:49:52,012 [pool-383-thread-1] INFO  server.RaftServerConfigKeys (ConfUtils.java:logGet(43)) - raft.server.log.segment.size.max = 1048576 (custom)
2019-09-26 20:49:52,012 [pool-383-thread-1] INFO  server.RaftServerConfigKeys (ConfUtils.java:logGet(43)) - raft.server.log.preallocated.size = 16384 (custom)
2019-09-26 20:49:52,012 [pool-383-thread-1] INFO  server.RaftServerConfigKeys (ConfUtils.java:logGet(43)) - raft.server.log.write.buffer.size = 33554432 (custom)
2019-09-26 20:49:52,012 [pool-383-thread-1] INFO  server.RaftServerConfigKeys (ConfUtils.java:logGet(43)) - raft.server.log.force.sync.num = 128 (default)
2019-09-26 20:49:52,013 [pool-383-thread-1] INFO  server.RaftServerConfigKeys (ConfUtils.java:logGet(43)) - raft.server.log.statemachine.data.sync = true (default)
2019-09-26 20:49:52,013 [pool-383-thread-1] INFO  server.RaftServerConfigKeys (ConfUtils.java:logGet(43)) - raft.server.log.statemachine.data.sync.timeout = 10s (default)
2019-09-26 20:49:52,013 [pool-383-thread-1] INFO  server.RaftServerConfigKeys (ConfUtils.java:logGet(43)) - raft.server.log.statemachine.data.sync.timeout.retry = -1 (default)
2019-09-26 20:49:52,013 [pool-383-thread-1] INFO  server.RaftServerConfigKeys (ConfUtils.java:logGet(43)) - raft.server.log.statemachine.data.caching.enabled = true (custom)
2019-09-26 20:49:52,014 [pool-383-thread-1] INFO  segmented.SegmentedRaftLogWorker (SegmentedRaftLogWorker.java:lambda$new$0(132)) - c642a3ed-6835-4e80-8c1e-9298e9a0c556@group-DACE26689539-SegmentedRaftLogWorker: flushIndex: setUnconditionally 0 -> -1
2019-09-26 20:49:52,014 [pool-383-thread-1] INFO  server.RaftServerConfigKeys (ConfUtils.java:logGet(43)) - raft.server.snapshot.auto.trigger.enabled = true (custom)
2019-09-26 20:49:52,014 [pool-383-thread-1] INFO  server.RaftServerConfigKeys (ConfUtils.java:logGet(43)) - raft.server.snapshot.auto.trigger.threshold = 10000 (custom)
2019-09-26 20:49:52,014 [pool-383-thread-1] INFO  server.RaftServerConfigKeys (ConfUtils.java:logGet(43)) - raft.server.snapshot.retention.num.files = 5 (custom)
2019-09-26 20:49:52,015 [pool-383-thread-1] INFO  server.RaftServerConfigKeys (ConfUtils.java:logGet(43)) - raft.server.retrycache.expirytime = 600000ms (custom)
2019-09-26 20:49:52,016 [pool-383-thread-1] INFO  impl.RaftServerImpl (RaftServerImpl.java:start(185)) - c642a3ed-6835-4e80-8c1e-9298e9a0c556@group-DACE26689539: start as a follower, conf=-1: [c642a3ed-6835-4e80-8c1e-9298e9a0c556:192.168.30.57:41571], old=null
2019-09-26 20:49:52,017 [pool-383-thread-1] INFO  impl.RaftServerImpl (RaftServerImpl.java:setRole(174)) - c642a3ed-6835-4e80-8c1e-9298e9a0c556@group-DACE26689539: changes role from      null to FOLLOWER at term 0 for startAsFollower
2019-09-26 20:49:52,017 [pool-383-thread-1] INFO  impl.RoleInfo (RoleInfo.java:updateAndGet(143)) - c642a3ed-6835-4e80-8c1e-9298e9a0c556: start FollowerState
2019-09-26 20:49:52,017 [pool-383-thread-1] INFO  util.JmxRegister (JmxRegister.java:tryRegister(44)) - Successfully registered JMX Bean with object name Ratis:service=RaftServer,group=group-DACE26689539,id=c642a3ed-6835-4e80-8c1e-9298e9a0c556
2019-09-26 20:49:52,020 [RatisPipelineUtilsThread] INFO  pipeline.PipelineStateManager (PipelineStateManager.java:addPipeline(56)) - Created pipeline Pipeline[ Id: e1e2c839-d4de-45e3-a57a-dace26689539, Nodes: c642a3ed-6835-4e80-8c1e-9298e9a0c556{ip: 192.168.30.57, host: pr-hdds-2174-wsqbx-838867654, networkLocation: /default-rack, certSerialId: null}, Type:RATIS, Factor:ONE, State:OPEN]
2019-09-26 20:49:52,032 [IPC Server handler 2 on 38036] INFO  net.NetworkTopology (NetworkTopologyImpl.java:add(111)) - Added a new node: /default-rack/0a9fc6eb-77d3-4a76-a53e-207bfd2af7a0
2019-09-26 20:49:52,032 [IPC Server handler 2 on 38036] INFO  node.SCMNodeManager (SCMNodeManager.java:register(266)) - Registered Data node : 0a9fc6eb-77d3-4a76-a53e-207bfd2af7a0{ip: 192.168.30.57, host: pr-hdds-2174-wsqbx-838867654, networkLocation: /default-rack, certSerialId: null}
2019-09-26 20:49:52,040 [grpc-default-executor-3] INFO  impl.RaftServerProxy (RaftServerProxy.java:addNew(89)) - 0a9fc6eb-77d3-4a76-a53e-207bfd2af7a0: addNew group-FF5FE8101256:[0a9fc6eb-77d3-4a76-a53e-207bfd2af7a0:192.168.30.57:37375] returns group-FF5FE8101256:java.util.concurrent.CompletableFuture@3cfd3255[Not completed]
2019-09-26 20:49:52,041 [pool-393-thread-1] INFO  impl.RaftServerImpl (RaftServerImpl.java:<init>(95)) - 0a9fc6eb-77d3-4a76-a53e-207bfd2af7a0: new RaftServerImpl for group-FF5FE8101256:[0a9fc6eb-77d3-4a76-a53e-207bfd2af7a0:192.168.30.57:37375] with ContainerStateMachine:uninitialized
2019-09-26 20:49:52,041 [pool-393-thread-1] INFO  server.RaftServerConfigKeys (ConfUtils.java:logGet(43)) - raft.server.rpc.timeout.min = 5s (custom)
2019-09-26 20:49:52,041 [pool-393-thread-1] INFO  server.RaftServerConfigKeys (ConfUtils.java:logGet(43)) - raft.server.rpc.timeout.max = 5200ms (custom)
2019-09-26 20:49:52,041 [pool-393-thread-1] INFO  server.RaftServerConfigKeys (ConfUtils.java:logGet(43)) - raft.server.rpcslowness.timeout = 120s (custom)
2019-09-26 20:49:52,041 [pool-393-thread-1] INFO  server.RaftServerConfigKeys (ConfUtils.java:logGet(43)) - raft.server.sleep.deviation.threshold = 300 (default)
2019-09-26 20:49:52,041 [pool-393-thread-1] INFO  server.RaftServerConfigKeys (ConfUtils.java:logGet(43)) - raft.server.log.appender.install.snapshot.enabled = false (custom)
2019-09-26 20:49:52,041 [pool-393-thread-1] INFO  impl.RaftServerImpl (ServerState.java:<init>(103)) - 0a9fc6eb-77d3-4a76-a53e-207bfd2af7a0@group-FF5FE8101256: ConfigurationManager, init=-1: [0a9fc6eb-77d3-4a76-a53e-207bfd2af7a0:192.168.30.57:37375], old=null, confs=<EMPTY_MAP>
2019-09-26 20:49:52,041 [pool-393-thread-1] INFO  server.RaftServerConfigKeys (ConfUtils.java:logGet(43)) - raft.server.storage.dir = [/workdir/hadoop-ozone/integration-test/target/test-dir/MiniOzoneClusterImpl-8d5e4e8c-6c03-4042-b10d-2e9a2a95e91b/datanode-1/data/ratis] (custom)
2019-09-26 20:49:52,042 [pool-393-thread-1] INFO  storage.RaftStorageDirectory (RaftStorageDirectory.java:analyzeStorage(246)) - The storage directory /workdir/hadoop-ozone/integration-test/target/test-dir/MiniOzoneClusterImpl-8d5e4e8c-6c03-4042-b10d-2e9a2a95e91b/datanode-1/data/ratis/7991c506-44fa-4eb3-9268-ff5fe8101256 does not exist. Creating ...
2019-09-26 20:49:52,055 [pool-393-thread-1] INFO  storage.RaftStorageDirectory (RaftStorageDirectory.java:tryLock(328)) - Lock on /workdir/hadoop-ozone/integration-test/target/test-dir/MiniOzoneClusterImpl-8d5e4e8c-6c03-4042-b10d-2e9a2a95e91b/datanode-1/data/ratis/7991c506-44fa-4eb3-9268-ff5fe8101256/in_use.lock acquired by nodename 9101@pr-hdds-2174-wsqbx-838867654
2019-09-26 20:49:52,068 [pool-393-thread-1] INFO  storage.RaftStorage (RaftStorage.java:format(72)) - Storage directory /workdir/hadoop-ozone/integration-test/target/test-dir/MiniOzoneClusterImpl-8d5e4e8c-6c03-4042-b10d-2e9a2a95e91b/datanode-1/data/ratis/7991c506-44fa-4eb3-9268-ff5fe8101256 has been successfully formatted.
2019-09-26 20:49:52,068 [pool-393-thread-1] INFO  ratis.ContainerStateMachine (ContainerStateMachine.java:loadSnapshot(230)) - group-FF5FE8101256: The snapshot info is null. Setting the last applied indexto:(t:0, i:~)
2019-09-26 20:49:52,068 [pool-393-thread-1] INFO  server.RaftServerConfigKeys (ConfUtils.java:logGet(43)) - raft.server.notification.no-leader.timeout = 120s (custom)
2019-09-26 20:49:52,068 [pool-393-thread-1] INFO  server.RaftServerConfigKeys (ConfUtils.java:logGet(43)) - raft.server.log.use.memory = false (default)
2019-09-26 20:49:52,068 [pool-393-thread-1] INFO  server.RaftServerConfigKeys (ConfUtils.java:logGet(43)) - raft.server.log.purge.gap = 1000000 (custom)
2019-09-26 20:49:52,069 [pool-393-thread-1] INFO  server.RaftServerConfigKeys (ConfUtils.java:logGet(43)) - raft.server.log.appender.buffer.byte-limit = 33554432 (custom)
2019-09-26 20:49:52,069 [pool-393-thread-1] INFO  server.RaftServerConfigKeys (ConfUtils.java:logGet(43)) - raft.server.log.segment.size.max = 1048576 (custom)
2019-09-26 20:49:52,069 [pool-393-thread-1] INFO  server.RaftServerConfigKeys (ConfUtils.java:logGet(43)) - raft.server.log.segment.cache.num.max = 2 (custom)
2019-09-26 20:49:52,069 [pool-393-thread-1] INFO  segmented.SegmentedRaftLogWorker (SegmentedRaftLogWorker.java:<init>(172)) - new 0a9fc6eb-77d3-4a76-a53e-207bfd2af7a0@group-FF5FE8101256-SegmentedRaftLogWorker for RaftStorage:Storage Directory /workdir/hadoop-ozone/integration-test/target/test-dir/MiniOzoneClusterImpl-8d5e4e8c-6c03-4042-b10d-2e9a2a95e91b/datanode-1/data/ratis/7991c506-44fa-4eb3-9268-ff5fe8101256
2019-09-26 20:49:52,071 [pool-393-thread-1] INFO  server.RaftServerConfigKeys (ConfUtils.java:logGet(43)) - raft.server.log.queue.byte-limit = 2147483647 (custom)
2019-09-26 20:49:52,071 [pool-393-thread-1] INFO  server.RaftServerConfigKeys (ConfUtils.java:logGet(43)) - raft.server.log.queue.element-limit = 1024 (custom)
2019-09-26 20:49:52,071 [pool-393-thread-1] INFO  server.RaftServerConfigKeys (ConfUtils.java:logGet(43)) - raft.server.log.segment.size.max = 1048576 (custom)
2019-09-26 20:49:52,072 [pool-393-thread-1] INFO  server.RaftServerConfigKeys (ConfUtils.java:logGet(43)) - raft.server.log.preallocated.size = 16384 (custom)
2019-09-26 20:49:52,072 [pool-393-thread-1] INFO  server.RaftServerConfigKeys (ConfUtils.java:logGet(43)) - raft.server.log.write.buffer.size = 33554432 (custom)
2019-09-26 20:49:52,072 [pool-393-thread-1] INFO  server.RaftServerConfigKeys (ConfUtils.java:logGet(43)) - raft.server.log.force.sync.num = 128 (default)
2019-09-26 20:49:52,072 [pool-393-thread-1] INFO  server.RaftServerConfigKeys (ConfUtils.java:logGet(43)) - raft.server.log.statemachine.data.sync = true (default)
2019-09-26 20:49:52,072 [pool-393-thread-1] INFO  server.RaftServerConfigKeys (ConfUtils.java:logGet(43)) - raft.server.log.statemachine.data.sync.timeout = 10s (default)
2019-09-26 20:49:52,072 [pool-393-thread-1] INFO  server.RaftServerConfigKeys (ConfUtils.java:logGet(43)) - raft.server.log.statemachine.data.sync.timeout.retry = -1 (default)
2019-09-26 20:49:52,073 [pool-393-thread-1] INFO  server.RaftServerConfigKeys (ConfUtils.java:logGet(43)) - raft.server.log.statemachine.data.caching.enabled = true (custom)
2019-09-26 20:49:52,073 [pool-393-thread-1] INFO  segmented.SegmentedRaftLogWorker (SegmentedRaftLogWorker.java:lambda$new$0(132)) - 0a9fc6eb-77d3-4a76-a53e-207bfd2af7a0@group-FF5FE8101256-SegmentedRaftLogWorker: flushIndex: setUnconditionally 0 -> -1
2019-09-26 20:49:52,073 [pool-393-thread-1] INFO  server.RaftServerConfigKeys (ConfUtils.java:logGet(43)) - raft.server.snapshot.auto.trigger.enabled = true (custom)
2019-09-26 20:49:52,073 [pool-393-thread-1] INFO  server.RaftServerConfigKeys (ConfUtils.java:logGet(43)) - raft.server.snapshot.auto.trigger.threshold = 10000 (custom)
2019-09-26 20:49:52,074 [pool-393-thread-1] INFO  server.RaftServerConfigKeys (ConfUtils.java:logGet(43)) - raft.server.snapshot.retention.num.files = 5 (custom)
2019-09-26 20:49:52,074 [pool-393-thread-1] INFO  server.RaftServerConfigKeys (ConfUtils.java:logGet(43)) - raft.server.retrycache.expirytime = 600000ms (custom)
2019-09-26 20:49:52,076 [pool-393-thread-1] INFO  impl.RaftServerImpl (RaftServerImpl.java:start(185)) - 0a9fc6eb-77d3-4a76-a53e-207bfd2af7a0@group-FF5FE8101256: start as a follower, conf=-1: [0a9fc6eb-77d3-4a76-a53e-207bfd2af7a0:192.168.30.57:37375], old=null
2019-09-26 20:49:52,076 [pool-393-thread-1] INFO  impl.RaftServerImpl (RaftServerImpl.java:setRole(174)) - 0a9fc6eb-77d3-4a76-a53e-207bfd2af7a0@group-FF5FE8101256: changes role from      null to FOLLOWER at term 0 for startAsFollower
2019-09-26 20:49:52,076 [pool-393-thread-1] INFO  impl.RoleInfo (RoleInfo.java:updateAndGet(143)) - 0a9fc6eb-77d3-4a76-a53e-207bfd2af7a0: start FollowerState
2019-09-26 20:49:52,076 [pool-393-thread-1] INFO  util.JmxRegister (JmxRegister.java:tryRegister(44)) - Successfully registered JMX Bean with object name Ratis:service=RaftServer,group=group-FF5FE8101256,id=0a9fc6eb-77d3-4a76-a53e-207bfd2af7a0
2019-09-26 20:49:52,078 [RatisPipelineUtilsThread] INFO  pipeline.PipelineStateManager (PipelineStateManager.java:addPipeline(56)) - Created pipeline Pipeline[ Id: 7991c506-44fa-4eb3-9268-ff5fe8101256, Nodes: 0a9fc6eb-77d3-4a76-a53e-207bfd2af7a0{ip: 192.168.30.57, host: pr-hdds-2174-wsqbx-838867654, networkLocation: /default-rack, certSerialId: null}, Type:RATIS, Factor:ONE, State:OPEN]
2019-09-26 20:49:52,102 [IPC Server handler 4 on 38036] INFO  net.NetworkTopology (NetworkTopologyImpl.java:add(111)) - Added a new node: /default-rack/0ba741d3-e74b-4583-8c46-f3eef39c8b87
2019-09-26 20:49:52,102 [IPC Server handler 4 on 38036] INFO  node.SCMNodeManager (SCMNodeManager.java:register(266)) - Registered Data node : 0ba741d3-e74b-4583-8c46-f3eef39c8b87{ip: 192.168.30.57, host: pr-hdds-2174-wsqbx-838867654, networkLocation: /default-rack, certSerialId: null}
2019-09-26 20:49:52,111 [grpc-default-executor-3] INFO  impl.RaftServerProxy (RaftServerProxy.java:addNew(89)) - 0ba741d3-e74b-4583-8c46-f3eef39c8b87: addNew group-67A4A297E537:[0ba741d3-e74b-4583-8c46-f3eef39c8b87:192.168.30.57:44167] returns group-67A4A297E537:java.util.concurrent.CompletableFuture@4aba1e73[Not completed]
2019-09-26 20:49:52,112 [pool-403-thread-1] INFO  impl.RaftServerImpl (RaftServerImpl.java:<init>(95)) - 0ba741d3-e74b-4583-8c46-f3eef39c8b87: new RaftServerImpl for group-67A4A297E537:[0ba741d3-e74b-4583-8c46-f3eef39c8b87:192.168.30.57:44167] with ContainerStateMachine:uninitialized
2019-09-26 20:49:52,112 [pool-403-thread-1] INFO  server.RaftServerConfigKeys (ConfUtils.java:logGet(43)) - raft.server.rpc.timeout.min = 5s (custom)
2019-09-26 20:49:52,112 [pool-403-thread-1] INFO  server.RaftServerConfigKeys (ConfUtils.java:logGet(43)) - raft.server.rpc.timeout.max = 5200ms (custom)
2019-09-26 20:49:52,113 [pool-403-thread-1] INFO  server.RaftServerConfigKeys (ConfUtils.java:logGet(43)) - raft.server.rpcslowness.timeout = 120s (custom)
2019-09-26 20:49:52,113 [pool-403-thread-1] INFO  server.RaftServerConfigKeys (ConfUtils.java:logGet(43)) - raft.server.sleep.deviation.threshold = 300 (default)
2019-09-26 20:49:52,113 [pool-403-thread-1] INFO  server.RaftServerConfigKeys (ConfUtils.java:logGet(43)) - raft.server.log.appender.install.snapshot.enabled = false (custom)
2019-09-26 20:49:52,113 [pool-403-thread-1] INFO  impl.RaftServerImpl (ServerState.java:<init>(103)) - 0ba741d3-e74b-4583-8c46-f3eef39c8b87@group-67A4A297E537: ConfigurationManager, init=-1: [0ba741d3-e74b-4583-8c46-f3eef39c8b87:192.168.30.57:44167], old=null, confs=<EMPTY_MAP>
2019-09-26 20:49:52,113 [pool-403-thread-1] INFO  server.RaftServerConfigKeys (ConfUtils.java:logGet(43)) - raft.server.storage.dir = [/workdir/hadoop-ozone/integration-test/target/test-dir/MiniOzoneClusterImpl-8d5e4e8c-6c03-4042-b10d-2e9a2a95e91b/datanode-2/data/ratis] (custom)
2019-09-26 20:49:52,114 [pool-403-thread-1] INFO  storage.RaftStorageDirectory (RaftStorageDirectory.java:analyzeStorage(246)) - The storage directory /workdir/hadoop-ozone/integration-test/target/test-dir/MiniOzoneClusterImpl-8d5e4e8c-6c03-4042-b10d-2e9a2a95e91b/datanode-2/data/ratis/3a57622c-6500-4b9f-83a8-67a4a297e537 does not exist. Creating ...
2019-09-26 20:49:52,127 [pool-403-thread-1] INFO  storage.RaftStorageDirectory (RaftStorageDirectory.java:tryLock(328)) - Lock on /workdir/hadoop-ozone/integration-test/target/test-dir/MiniOzoneClusterImpl-8d5e4e8c-6c03-4042-b10d-2e9a2a95e91b/datanode-2/data/ratis/3a57622c-6500-4b9f-83a8-67a4a297e537/in_use.lock acquired by nodename 9101@pr-hdds-2174-wsqbx-838867654
2019-09-26 20:49:52,140 [pool-403-thread-1] INFO  storage.RaftStorage (RaftStorage.java:format(72)) - Storage directory /workdir/hadoop-ozone/integration-test/target/test-dir/MiniOzoneClusterImpl-8d5e4e8c-6c03-4042-b10d-2e9a2a95e91b/datanode-2/data/ratis/3a57622c-6500-4b9f-83a8-67a4a297e537 has been successfully formatted.
2019-09-26 20:49:52,140 [pool-403-thread-1] INFO  ratis.ContainerStateMachine (ContainerStateMachine.java:loadSnapshot(230)) - group-67A4A297E537: The snapshot info is null. Setting the last applied indexto:(t:0, i:~)
2019-09-26 20:49:52,141 [pool-403-thread-1] INFO  server.RaftServerConfigKeys (ConfUtils.java:logGet(43)) - raft.server.notification.no-leader.timeout = 120s (custom)
2019-09-26 20:49:52,141 [pool-403-thread-1] INFO  server.RaftServerConfigKeys (ConfUtils.java:logGet(43)) - raft.server.log.use.memory = false (default)
2019-09-26 20:49:52,141 [pool-403-thread-1] INFO  server.RaftServerConfigKeys (ConfUtils.java:logGet(43)) - raft.server.log.purge.gap = 1000000 (custom)
2019-09-26 20:49:52,141 [pool-403-thread-1] INFO  server.RaftServerConfigKeys (ConfUtils.java:logGet(43)) - raft.server.log.appender.buffer.byte-limit = 33554432 (custom)
2019-09-26 20:49:52,141 [pool-403-thread-1] INFO  server.RaftServerConfigKeys (ConfUtils.java:logGet(43)) - raft.server.log.segment.size.max = 1048576 (custom)
2019-09-26 20:49:52,141 [pool-403-thread-1] INFO  server.RaftServerConfigKeys (ConfUtils.java:logGet(43)) - raft.server.log.segment.cache.num.max = 2 (custom)
2019-09-26 20:49:52,141 [pool-403-thread-1] INFO  segmented.SegmentedRaftLogWorker (SegmentedRaftLogWorker.java:<init>(172)) - new 0ba741d3-e74b-4583-8c46-f3eef39c8b87@group-67A4A297E537-SegmentedRaftLogWorker for RaftStorage:Storage Directory /workdir/hadoop-ozone/integration-test/target/test-dir/MiniOzoneClusterImpl-8d5e4e8c-6c03-4042-b10d-2e9a2a95e91b/datanode-2/data/ratis/3a57622c-6500-4b9f-83a8-67a4a297e537
2019-09-26 20:49:52,143 [pool-403-thread-1] INFO  server.RaftServerConfigKeys (ConfUtils.java:logGet(43)) - raft.server.log.queue.byte-limit = 2147483647 (custom)
2019-09-26 20:49:52,143 [pool-403-thread-1] INFO  server.RaftServerConfigKeys (ConfUtils.java:logGet(43)) - raft.server.log.queue.element-limit = 1024 (custom)
2019-09-26 20:49:52,144 [pool-403-thread-1] INFO  server.RaftServerConfigKeys (ConfUtils.java:logGet(43)) - raft.server.log.segment.size.max = 1048576 (custom)
2019-09-26 20:49:52,144 [pool-403-thread-1] INFO  server.RaftServerConfigKeys (ConfUtils.java:logGet(43)) - raft.server.log.preallocated.size = 16384 (custom)
2019-09-26 20:49:52,144 [pool-403-thread-1] INFO  server.RaftServerConfigKeys (ConfUtils.java:logGet(43)) - raft.server.log.write.buffer.size = 33554432 (custom)
2019-09-26 20:49:52,144 [pool-403-thread-1] INFO  server.RaftServerConfigKeys (ConfUtils.java:logGet(43)) - raft.server.log.force.sync.num = 128 (default)
2019-09-26 20:49:52,144 [pool-403-thread-1] INFO  server.RaftServerConfigKeys (ConfUtils.java:logGet(43)) - raft.server.log.statemachine.data.sync = true (default)
2019-09-26 20:49:52,144 [pool-403-thread-1] INFO  server.RaftServerConfigKeys (ConfUtils.java:logGet(43)) - raft.server.log.statemachine.data.sync.timeout = 10s (default)
2019-09-26 20:49:52,144 [pool-403-thread-1] INFO  server.RaftServerConfigKeys (ConfUtils.java:logGet(43)) - raft.server.log.statemachine.data.sync.timeout.retry = -1 (default)
2019-09-26 20:49:52,145 [pool-403-thread-1] INFO  server.RaftServerConfigKeys (ConfUtils.java:logGet(43)) - raft.server.log.statemachine.data.caching.enabled = true (custom)
2019-09-26 20:49:52,145 [pool-403-thread-1] INFO  segmented.SegmentedRaftLogWorker (SegmentedRaftLogWorker.java:lambda$new$0(132)) - 0ba741d3-e74b-4583-8c46-f3eef39c8b87@group-67A4A297E537-SegmentedRaftLogWorker: flushIndex: setUnconditionally 0 -> -1
2019-09-26 20:49:52,145 [pool-403-thread-1] INFO  server.RaftServerConfigKeys (ConfUtils.java:logGet(43)) - raft.server.snapshot.auto.trigger.enabled = true (custom)
2019-09-26 20:49:52,145 [pool-403-thread-1] INFO  server.RaftServerConfigKeys (ConfUtils.java:logGet(43)) - raft.server.snapshot.auto.trigger.threshold = 10000 (custom)
2019-09-26 20:49:52,145 [pool-403-thread-1] INFO  server.RaftServerConfigKeys (ConfUtils.java:logGet(43)) - raft.server.snapshot.retention.num.files = 5 (custom)
2019-09-26 20:49:52,146 [pool-403-thread-1] INFO  server.RaftServerConfigKeys (ConfUtils.java:logGet(43)) - raft.server.retrycache.expirytime = 600000ms (custom)
2019-09-26 20:49:52,147 [pool-403-thread-1] INFO  impl.RaftServerImpl (RaftServerImpl.java:start(185)) - 0ba741d3-e74b-4583-8c46-f3eef39c8b87@group-67A4A297E537: start as a follower, conf=-1: [0ba741d3-e74b-4583-8c46-f3eef39c8b87:192.168.30.57:44167], old=null
2019-09-26 20:49:52,147 [pool-403-thread-1] INFO  impl.RaftServerImpl (RaftServerImpl.java:setRole(174)) - 0ba741d3-e74b-4583-8c46-f3eef39c8b87@group-67A4A297E537: changes role from      null to FOLLOWER at term 0 for startAsFollower
2019-09-26 20:49:52,148 [pool-403-thread-1] INFO  impl.RoleInfo (RoleInfo.java:updateAndGet(143)) - 0ba741d3-e74b-4583-8c46-f3eef39c8b87: start FollowerState
2019-09-26 20:49:52,148 [pool-403-thread-1] INFO  util.JmxRegister (JmxRegister.java:tryRegister(44)) - Successfully registered JMX Bean with object name Ratis:service=RaftServer,group=group-67A4A297E537,id=0ba741d3-e74b-4583-8c46-f3eef39c8b87
2019-09-26 20:49:52,150 [RatisPipelineUtilsThread] INFO  pipeline.PipelineStateManager (PipelineStateManager.java:addPipeline(56)) - Created pipeline Pipeline[ Id: 3a57622c-6500-4b9f-83a8-67a4a297e537, Nodes: 0ba741d3-e74b-4583-8c46-f3eef39c8b87{ip: 192.168.30.57, host: pr-hdds-2174-wsqbx-838867654, networkLocation: /default-rack, certSerialId: null}, Type:RATIS, Factor:ONE, State:OPEN]
2019-09-26 20:49:52,163 [IPC Server handler 5 on 38036] INFO  net.NetworkTopology (NetworkTopologyImpl.java:add(111)) - Added a new node: /default-rack/63796a84-0610-425b-8d78-244a041f6afe
2019-09-26 20:49:52,163 [IPC Server handler 5 on 38036] INFO  node.SCMNodeManager (SCMNodeManager.java:register(266)) - Registered Data node : 63796a84-0610-425b-8d78-244a041f6afe{ip: 192.168.30.57, host: pr-hdds-2174-wsqbx-838867654, networkLocation: /default-rack, certSerialId: null}
2019-09-26 20:49:52,163 [grpc-default-executor-5] INFO  impl.RaftServerProxy (RaftServerProxy.java:addNew(89)) - c642a3ed-6835-4e80-8c1e-9298e9a0c556: addNew group-6C9E397D0F29:[c642a3ed-6835-4e80-8c1e-9298e9a0c556:192.168.30.57:41571, 0a9fc6eb-77d3-4a76-a53e-207bfd2af7a0:192.168.30.57:37375, 0ba741d3-e74b-4583-8c46-f3eef39c8b87:192.168.30.57:44167] returns group-6C9E397D0F29:java.util.concurrent.CompletableFuture@16f5a1b6[Not completed]
2019-09-26 20:49:52,164 [grpc-default-executor-4] INFO  impl.RaftServerProxy (RaftServerProxy.java:addNew(89)) - 0ba741d3-e74b-4583-8c46-f3eef39c8b87: addNew group-6C9E397D0F29:[c642a3ed-6835-4e80-8c1e-9298e9a0c556:192.168.30.57:41571, 0a9fc6eb-77d3-4a76-a53e-207bfd2af7a0:192.168.30.57:37375, 0ba741d3-e74b-4583-8c46-f3eef39c8b87:192.168.30.57:44167] returns group-6C9E397D0F29:java.util.concurrent.CompletableFuture@28676fee[Not completed]
2019-09-26 20:49:52,163 [grpc-default-executor-3] INFO  impl.RaftServerProxy (RaftServerProxy.java:addNew(89)) - 0a9fc6eb-77d3-4a76-a53e-207bfd2af7a0: addNew group-6C9E397D0F29:[c642a3ed-6835-4e80-8c1e-9298e9a0c556:192.168.30.57:41571, 0a9fc6eb-77d3-4a76-a53e-207bfd2af7a0:192.168.30.57:37375, 0ba741d3-e74b-4583-8c46-f3eef39c8b87:192.168.30.57:44167] returns group-6C9E397D0F29:java.util.concurrent.CompletableFuture@647c252b[Not completed]
2019-09-26 20:49:52,164 [pool-383-thread-1] INFO  impl.RaftServerImpl (RaftServerImpl.java:<init>(95)) - c642a3ed-6835-4e80-8c1e-9298e9a0c556: new RaftServerImpl for group-6C9E397D0F29:[c642a3ed-6835-4e80-8c1e-9298e9a0c556:192.168.30.57:41571, 0a9fc6eb-77d3-4a76-a53e-207bfd2af7a0:192.168.30.57:37375, 0ba741d3-e74b-4583-8c46-f3eef39c8b87:192.168.30.57:44167] with ContainerStateMachine:uninitialized
2019-09-26 20:49:52,165 [pool-383-thread-1] INFO  server.RaftServerConfigKeys (ConfUtils.java:logGet(43)) - raft.server.rpc.timeout.min = 5s (custom)
2019-09-26 20:49:52,165 [pool-383-thread-1] INFO  server.RaftServerConfigKeys (ConfUtils.java:logGet(43)) - raft.server.rpc.timeout.max = 5200ms (custom)
2019-09-26 20:49:52,165 [pool-383-thread-1] INFO  server.RaftServerConfigKeys (ConfUtils.java:logGet(43)) - raft.server.rpcslowness.timeout = 120s (custom)
2019-09-26 20:49:52,165 [pool-403-thread-1] INFO  impl.RaftServerImpl (RaftServerImpl.java:<init>(95)) - 0ba741d3-e74b-4583-8c46-f3eef39c8b87: new RaftServerImpl for group-6C9E397D0F29:[c642a3ed-6835-4e80-8c1e-9298e9a0c556:192.168.30.57:41571, 0a9fc6eb-77d3-4a76-a53e-207bfd2af7a0:192.168.30.57:37375, 0ba741d3-e74b-4583-8c46-f3eef39c8b87:192.168.30.57:44167] with ContainerStateMachine:uninitialized
2019-09-26 20:49:52,165 [pool-383-thread-1] INFO  server.RaftServerConfigKeys (ConfUtils.java:logGet(43)) - raft.server.sleep.deviation.threshold = 300 (default)
2019-09-26 20:49:52,165 [pool-403-thread-1] INFO  server.RaftServerConfigKeys (ConfUtils.java:logGet(43)) - raft.server.rpc.timeout.min = 5s (custom)
2019-09-26 20:49:52,165 [pool-383-thread-1] INFO  server.RaftServerConfigKeys (ConfUtils.java:logGet(43)) - raft.server.log.appender.install.snapshot.enabled = false (custom)
2019-09-26 20:49:52,165 [pool-393-thread-1] INFO  impl.RaftServerImpl (RaftServerImpl.java:<init>(95)) - 0a9fc6eb-77d3-4a76-a53e-207bfd2af7a0: new RaftServerImpl for group-6C9E397D0F29:[c642a3ed-6835-4e80-8c1e-9298e9a0c556:192.168.30.57:41571, 0a9fc6eb-77d3-4a76-a53e-207bfd2af7a0:192.168.30.57:37375, 0ba741d3-e74b-4583-8c46-f3eef39c8b87:192.168.30.57:44167] with ContainerStateMachine:uninitialized
2019-09-26 20:49:52,165 [pool-403-thread-1] INFO  server.RaftServerConfigKeys (ConfUtils.java:logGet(43)) - raft.server.rpc.timeout.max = 5200ms (custom)
2019-09-26 20:49:52,166 [pool-393-thread-1] INFO  server.RaftServerConfigKeys (ConfUtils.java:logGet(43)) - raft.server.rpc.timeout.min = 5s (custom)
2019-09-26 20:49:52,165 [pool-383-thread-1] INFO  impl.RaftServerImpl (ServerState.java:<init>(103)) - c642a3ed-6835-4e80-8c1e-9298e9a0c556@group-6C9E397D0F29: ConfigurationManager, init=-1: [c642a3ed-6835-4e80-8c1e-9298e9a0c556:192.168.30.57:41571, 0a9fc6eb-77d3-4a76-a53e-207bfd2af7a0:192.168.30.57:37375, 0ba741d3-e74b-4583-8c46-f3eef39c8b87:192.168.30.57:44167], old=null, confs=<EMPTY_MAP>
2019-09-26 20:49:52,166 [pool-393-thread-1] INFO  server.RaftServerConfigKeys (ConfUtils.java:logGet(43)) - raft.server.rpc.timeout.max = 5200ms (custom)
2019-09-26 20:49:52,166 [pool-403-thread-1] INFO  server.RaftServerConfigKeys (ConfUtils.java:logGet(43)) - raft.server.rpcslowness.timeout = 120s (custom)
2019-09-26 20:49:52,166 [pool-393-thread-1] INFO  server.RaftServerConfigKeys (ConfUtils.java:logGet(43)) - raft.server.rpcslowness.timeout = 120s (custom)
2019-09-26 20:49:52,166 [pool-393-thread-1] INFO  server.RaftServerConfigKeys (ConfUtils.java:logGet(43)) - raft.server.sleep.deviation.threshold = 300 (default)
2019-09-26 20:49:52,166 [pool-383-thread-1] INFO  server.RaftServerConfigKeys (ConfUtils.java:logGet(43)) - raft.server.storage.dir = [/workdir/hadoop-ozone/integration-test/target/test-dir/MiniOzoneClusterImpl-8d5e4e8c-6c03-4042-b10d-2e9a2a95e91b/datanode-0/data/ratis] (custom)
2019-09-26 20:49:52,167 [pool-393-thread-1] INFO  server.RaftServerConfigKeys (ConfUtils.java:logGet(43)) - raft.server.log.appender.install.snapshot.enabled = false (custom)
2019-09-26 20:49:52,166 [pool-403-thread-1] INFO  server.RaftServerConfigKeys (ConfUtils.java:logGet(43)) - raft.server.sleep.deviation.threshold = 300 (default)
2019-09-26 20:49:52,167 [pool-393-thread-1] INFO  impl.RaftServerImpl (ServerState.java:<init>(103)) - 0a9fc6eb-77d3-4a76-a53e-207bfd2af7a0@group-6C9E397D0F29: ConfigurationManager, init=-1: [c642a3ed-6835-4e80-8c1e-9298e9a0c556:192.168.30.57:41571, 0a9fc6eb-77d3-4a76-a53e-207bfd2af7a0:192.168.30.57:37375, 0ba741d3-e74b-4583-8c46-f3eef39c8b87:192.168.30.57:44167], old=null, confs=<EMPTY_MAP>
2019-09-26 20:49:52,167 [pool-383-thread-1] INFO  storage.RaftStorageDirectory (RaftStorageDirectory.java:analyzeStorage(246)) - The storage directory /workdir/hadoop-ozone/integration-test/target/test-dir/MiniOzoneClusterImpl-8d5e4e8c-6c03-4042-b10d-2e9a2a95e91b/datanode-0/data/ratis/dcb9ddf9-75c6-4930-8f65-6c9e397d0f29 does not exist. Creating ...
2019-09-26 20:49:52,167 [pool-403-thread-1] INFO  server.RaftServerConfigKeys (ConfUtils.java:logGet(43)) - raft.server.log.appender.install.snapshot.enabled = false (custom)
2019-09-26 20:49:52,167 [pool-393-thread-1] INFO  server.RaftServerConfigKeys (ConfUtils.java:logGet(43)) - raft.server.storage.dir = [/workdir/hadoop-ozone/integration-test/target/test-dir/MiniOzoneClusterImpl-8d5e4e8c-6c03-4042-b10d-2e9a2a95e91b/datanode-1/data/ratis] (custom)
2019-09-26 20:49:52,167 [pool-403-thread-1] INFO  impl.RaftServerImpl (ServerState.java:<init>(103)) - 0ba741d3-e74b-4583-8c46-f3eef39c8b87@group-6C9E397D0F29: ConfigurationManager, init=-1: [c642a3ed-6835-4e80-8c1e-9298e9a0c556:192.168.30.57:41571, 0a9fc6eb-77d3-4a76-a53e-207bfd2af7a0:192.168.30.57:37375, 0ba741d3-e74b-4583-8c46-f3eef39c8b87:192.168.30.57:44167], old=null, confs=<EMPTY_MAP>
2019-09-26 20:49:52,168 [pool-403-thread-1] INFO  server.RaftServerConfigKeys (ConfUtils.java:logGet(43)) - raft.server.storage.dir = [/workdir/hadoop-ozone/integration-test/target/test-dir/MiniOzoneClusterImpl-8d5e4e8c-6c03-4042-b10d-2e9a2a95e91b/datanode-2/data/ratis] (custom)
2019-09-26 20:49:52,168 [pool-393-thread-1] INFO  storage.RaftStorageDirectory (RaftStorageDirectory.java:analyzeStorage(246)) - The storage directory /workdir/hadoop-ozone/integration-test/target/test-dir/MiniOzoneClusterImpl-8d5e4e8c-6c03-4042-b10d-2e9a2a95e91b/datanode-1/data/ratis/dcb9ddf9-75c6-4930-8f65-6c9e397d0f29 does not exist. Creating ...
2019-09-26 20:49:52,168 [pool-403-thread-1] INFO  storage.RaftStorageDirectory (RaftStorageDirectory.java:analyzeStorage(246)) - The storage directory /workdir/hadoop-ozone/integration-test/target/test-dir/MiniOzoneClusterImpl-8d5e4e8c-6c03-4042-b10d-2e9a2a95e91b/datanode-2/data/ratis/dcb9ddf9-75c6-4930-8f65-6c9e397d0f29 does not exist. Creating ...
2019-09-26 20:49:52,181 [pool-403-thread-1] INFO  storage.RaftStorageDirectory (RaftStorageDirectory.java:tryLock(328)) - Lock on /workdir/hadoop-ozone/integration-test/target/test-dir/MiniOzoneClusterImpl-8d5e4e8c-6c03-4042-b10d-2e9a2a95e91b/datanode-2/data/ratis/dcb9ddf9-75c6-4930-8f65-6c9e397d0f29/in_use.lock acquired by nodename 9101@pr-hdds-2174-wsqbx-838867654
2019-09-26 20:49:52,181 [pool-393-thread-1] INFO  storage.RaftStorageDirectory (RaftStorageDirectory.java:tryLock(328)) - Lock on /workdir/hadoop-ozone/integration-test/target/test-dir/MiniOzoneClusterImpl-8d5e4e8c-6c03-4042-b10d-2e9a2a95e91b/datanode-1/data/ratis/dcb9ddf9-75c6-4930-8f65-6c9e397d0f29/in_use.lock acquired by nodename 9101@pr-hdds-2174-wsqbx-838867654
2019-09-26 20:49:52,181 [pool-383-thread-1] INFO  storage.RaftStorageDirectory (RaftStorageDirectory.java:tryLock(328)) - Lock on /workdir/hadoop-ozone/integration-test/target/test-dir/MiniOzoneClusterImpl-8d5e4e8c-6c03-4042-b10d-2e9a2a95e91b/datanode-0/data/ratis/dcb9ddf9-75c6-4930-8f65-6c9e397d0f29/in_use.lock acquired by nodename 9101@pr-hdds-2174-wsqbx-838867654
2019-09-26 20:49:52,195 [pool-383-thread-1] INFO  storage.RaftStorage (RaftStorage.java:format(72)) - Storage directory /workdir/hadoop-ozone/integration-test/target/test-dir/MiniOzoneClusterImpl-8d5e4e8c-6c03-4042-b10d-2e9a2a95e91b/datanode-0/data/ratis/dcb9ddf9-75c6-4930-8f65-6c9e397d0f29 has been successfully formatted.
2019-09-26 20:49:52,195 [pool-393-thread-1] INFO  storage.RaftStorage (RaftStorage.java:format(72)) - Storage directory /workdir/hadoop-ozone/integration-test/target/test-dir/MiniOzoneClusterImpl-8d5e4e8c-6c03-4042-b10d-2e9a2a95e91b/datanode-1/data/ratis/dcb9ddf9-75c6-4930-8f65-6c9e397d0f29 has been successfully formatted.
2019-09-26 20:49:52,195 [pool-403-thread-1] INFO  storage.RaftStorage (RaftStorage.java:format(72)) - Storage directory /workdir/hadoop-ozone/integration-test/target/test-dir/MiniOzoneClusterImpl-8d5e4e8c-6c03-4042-b10d-2e9a2a95e91b/datanode-2/data/ratis/dcb9ddf9-75c6-4930-8f65-6c9e397d0f29 has been successfully formatted.
2019-09-26 20:49:52,195 [pool-393-thread-1] INFO  ratis.ContainerStateMachine (ContainerStateMachine.java:loadSnapshot(230)) - group-6C9E397D0F29: The snapshot info is null. Setting the last applied indexto:(t:0, i:~)
2019-09-26 20:49:52,195 [pool-403-thread-1] INFO  ratis.ContainerStateMachine (ContainerStateMachine.java:loadSnapshot(230)) - group-6C9E397D0F29: The snapshot info is null. Setting the last applied indexto:(t:0, i:~)
2019-09-26 20:49:52,195 [pool-383-thread-1] INFO  ratis.ContainerStateMachine (ContainerStateMachine.java:loadSnapshot(230)) - group-6C9E397D0F29: The snapshot info is null. Setting the last applied indexto:(t:0, i:~)
2019-09-26 20:49:52,195 [pool-393-thread-1] INFO  server.RaftServerConfigKeys (ConfUtils.java:logGet(43)) - raft.server.notification.no-leader.timeout = 120s (custom)
2019-09-26 20:49:52,195 [pool-383-thread-1] INFO  server.RaftServerConfigKeys (ConfUtils.java:logGet(43)) - raft.server.notification.no-leader.timeout = 120s (custom)
2019-09-26 20:49:52,195 [pool-403-thread-1] INFO  server.RaftServerConfigKeys (ConfUtils.java:logGet(43)) - raft.server.notification.no-leader.timeout = 120s (custom)
2019-09-26 20:49:52,196 [pool-383-thread-1] INFO  server.RaftServerConfigKeys (ConfUtils.java:logGet(43)) - raft.server.log.use.memory = false (default)
2019-09-26 20:49:52,196 [pool-393-thread-1] INFO  server.RaftServerConfigKeys (ConfUtils.java:logGet(43)) - raft.server.log.use.memory = false (default)
2019-09-26 20:49:52,196 [pool-383-thread-1] INFO  server.RaftServerConfigKeys (ConfUtils.java:logGet(43)) - raft.server.log.purge.gap = 1000000 (custom)
2019-09-26 20:49:52,196 [pool-383-thread-1] INFO  server.RaftServerConfigKeys (ConfUtils.java:logGet(43)) - raft.server.log.appender.buffer.byte-limit = 33554432 (custom)
2019-09-26 20:49:52,196 [pool-403-thread-1] INFO  server.RaftServerConfigKeys (ConfUtils.java:logGet(43)) - raft.server.log.use.memory = false (default)
2019-09-26 20:49:52,196 [pool-383-thread-1] INFO  server.RaftServerConfigKeys (ConfUtils.java:logGet(43)) - raft.server.log.segment.size.max = 1048576 (custom)
2019-09-26 20:49:52,196 [pool-393-thread-1] INFO  server.RaftServerConfigKeys (ConfUtils.java:logGet(43)) - raft.server.log.purge.gap = 1000000 (custom)
2019-09-26 20:49:52,197 [pool-383-thread-1] INFO  server.RaftServerConfigKeys (ConfUtils.java:logGet(43)) - raft.server.log.segment.cache.num.max = 2 (custom)
2019-09-26 20:49:52,197 [pool-383-thread-1] INFO  segmented.SegmentedRaftLogWorker (SegmentedRaftLogWorker.java:<init>(172)) - new c642a3ed-6835-4e80-8c1e-9298e9a0c556@group-6C9E397D0F29-SegmentedRaftLogWorker for RaftStorage:Storage Directory /workdir/hadoop-ozone/integration-test/target/test-dir/MiniOzoneClusterImpl-8d5e4e8c-6c03-4042-b10d-2e9a2a95e91b/datanode-0/data/ratis/dcb9ddf9-75c6-4930-8f65-6c9e397d0f29
2019-09-26 20:49:52,196 [pool-403-thread-1] INFO  server.RaftServerConfigKeys (ConfUtils.java:logGet(43)) - raft.server.log.purge.gap = 1000000 (custom)
2019-09-26 20:49:52,197 [pool-383-thread-1] INFO  server.RaftServerConfigKeys (ConfUtils.java:logGet(43)) - raft.server.log.queue.byte-limit = 2147483647 (custom)
2019-09-26 20:49:52,197 [pool-393-thread-1] INFO  server.RaftServerConfigKeys (ConfUtils.java:logGet(43)) - raft.server.log.appender.buffer.byte-limit = 33554432 (custom)
2019-09-26 20:49:52,197 [pool-383-thread-1] INFO  server.RaftServerConfigKeys (ConfUtils.java:logGet(43)) - raft.server.log.queue.element-limit = 1024 (custom)
2019-09-26 20:49:52,197 [pool-403-thread-1] INFO  server.RaftServerConfigKeys (ConfUtils.java:logGet(43)) - raft.server.log.appender.buffer.byte-limit = 33554432 (custom)
2019-09-26 20:49:52,197 [pool-383-thread-1] INFO  server.RaftServerConfigKeys (ConfUtils.java:logGet(43)) - raft.server.log.segment.size.max = 1048576 (custom)
2019-09-26 20:49:52,197 [pool-393-thread-1] INFO  server.RaftServerConfigKeys (ConfUtils.java:logGet(43)) - raft.server.log.segment.size.max = 1048576 (custom)
2019-09-26 20:49:52,198 [pool-383-thread-1] INFO  server.RaftServerConfigKeys (ConfUtils.java:logGet(43)) - raft.server.log.preallocated.size = 16384 (custom)
2019-09-26 20:49:52,198 [pool-403-thread-1] INFO  server.RaftServerConfigKeys (ConfUtils.java:logGet(43)) - raft.server.log.segment.size.max = 1048576 (custom)
2019-09-26 20:49:52,198 [pool-383-thread-1] INFO  server.RaftServerConfigKeys (ConfUtils.java:logGet(43)) - raft.server.log.write.buffer.size = 33554432 (custom)
2019-09-26 20:49:52,198 [pool-383-thread-1] INFO  server.RaftServerConfigKeys (ConfUtils.java:logGet(43)) - raft.server.log.force.sync.num = 128 (default)
2019-09-26 20:49:52,198 [pool-393-thread-1] INFO  server.RaftServerConfigKeys (ConfUtils.java:logGet(43)) - raft.server.log.segment.cache.num.max = 2 (custom)
2019-09-26 20:49:52,198 [pool-383-thread-1] INFO  server.RaftServerConfigKeys (ConfUtils.java:logGet(43)) - raft.server.log.statemachine.data.sync = true (default)
2019-09-26 20:49:52,198 [pool-403-thread-1] INFO  server.RaftServerConfigKeys (ConfUtils.java:logGet(43)) - raft.server.log.segment.cache.num.max = 2 (custom)
2019-09-26 20:49:52,199 [pool-383-thread-1] INFO  server.RaftServerConfigKeys (ConfUtils.java:logGet(43)) - raft.server.log.statemachine.data.sync.timeout = 10s (default)
2019-09-26 20:49:52,199 [pool-383-thread-1] INFO  server.RaftServerConfigKeys (ConfUtils.java:logGet(43)) - raft.server.log.statemachine.data.sync.timeout.retry = -1 (default)
2019-09-26 20:49:52,198 [pool-393-thread-1] INFO  segmented.SegmentedRaftLogWorker (SegmentedRaftLogWorker.java:<init>(172)) - new 0a9fc6eb-77d3-4a76-a53e-207bfd2af7a0@group-6C9E397D0F29-SegmentedRaftLogWorker for RaftStorage:Storage Directory /workdir/hadoop-ozone/integration-test/target/test-dir/MiniOzoneClusterImpl-8d5e4e8c-6c03-4042-b10d-2e9a2a95e91b/datanode-1/data/ratis/dcb9ddf9-75c6-4930-8f65-6c9e397d0f29
2019-09-26 20:49:52,199 [pool-383-thread-1] INFO  server.RaftServerConfigKeys (ConfUtils.java:logGet(43)) - raft.server.log.statemachine.data.caching.enabled = true (custom)
2019-09-26 20:49:52,199 [pool-403-thread-1] INFO  segmented.SegmentedRaftLogWorker (SegmentedRaftLogWorker.java:<init>(172)) - new 0ba741d3-e74b-4583-8c46-f3eef39c8b87@group-6C9E397D0F29-SegmentedRaftLogWorker for RaftStorage:Storage Directory /workdir/hadoop-ozone/integration-test/target/test-dir/MiniOzoneClusterImpl-8d5e4e8c-6c03-4042-b10d-2e9a2a95e91b/datanode-2/data/ratis/dcb9ddf9-75c6-4930-8f65-6c9e397d0f29
2019-09-26 20:49:52,199 [pool-393-thread-1] INFO  server.RaftServerConfigKeys (ConfUtils.java:logGet(43)) - raft.server.log.queue.byte-limit = 2147483647 (custom)
2019-09-26 20:49:52,199 [pool-383-thread-1] INFO  segmented.SegmentedRaftLogWorker (SegmentedRaftLogWorker.java:lambda$new$0(132)) - c642a3ed-6835-4e80-8c1e-9298e9a0c556@group-6C9E397D0F29-SegmentedRaftLogWorker: flushIndex: setUnconditionally 0 -> -1
2019-09-26 20:49:52,199 [pool-403-thread-1] INFO  server.RaftServerConfigKeys (ConfUtils.java:logGet(43)) - raft.server.log.queue.byte-limit = 2147483647 (custom)
2019-09-26 20:49:52,199 [pool-393-thread-1] INFO  server.RaftServerConfigKeys (ConfUtils.java:logGet(43)) - raft.server.log.queue.element-limit = 1024 (custom)
2019-09-26 20:49:52,200 [pool-383-thread-1] INFO  server.RaftServerConfigKeys (ConfUtils.java:logGet(43)) - raft.server.snapshot.auto.trigger.enabled = true (custom)
2019-09-26 20:49:52,200 [pool-403-thread-1] INFO  server.RaftServerConfigKeys (ConfUtils.java:logGet(43)) - raft.server.log.queue.element-limit = 1024 (custom)
2019-09-26 20:49:52,200 [pool-383-thread-1] INFO  server.RaftServerConfigKeys (ConfUtils.java:logGet(43)) - raft.server.snapshot.auto.trigger.threshold = 10000 (custom)
2019-09-26 20:49:52,200 [pool-383-thread-1] INFO  server.RaftServerConfigKeys (ConfUtils.java:logGet(43)) - raft.server.snapshot.retention.num.files = 5 (custom)
2019-09-26 20:49:52,200 [pool-393-thread-1] INFO  server.RaftServerConfigKeys (ConfUtils.java:logGet(43)) - raft.server.log.segment.size.max = 1048576 (custom)
2019-09-26 20:49:52,200 [pool-383-thread-1] INFO  server.RaftServerConfigKeys (ConfUtils.java:logGet(43)) - raft.server.retrycache.expirytime = 600000ms (custom)
2019-09-26 20:49:52,200 [pool-403-thread-1] INFO  server.RaftServerConfigKeys (ConfUtils.java:logGet(43)) - raft.server.log.segment.size.max = 1048576 (custom)
2019-09-26 20:49:52,200 [pool-393-thread-1] INFO  server.RaftServerConfigKeys (ConfUtils.java:logGet(43)) - raft.server.log.preallocated.size = 16384 (custom)
2019-09-26 20:49:52,201 [pool-403-thread-1] INFO  server.RaftServerConfigKeys (ConfUtils.java:logGet(43)) - raft.server.log.preallocated.size = 16384 (custom)
2019-09-26 20:49:52,201 [pool-393-thread-1] INFO  server.RaftServerConfigKeys (ConfUtils.java:logGet(43)) - raft.server.log.write.buffer.size = 33554432 (custom)
2019-09-26 20:49:52,201 [pool-403-thread-1] INFO  server.RaftServerConfigKeys (ConfUtils.java:logGet(43)) - raft.server.log.write.buffer.size = 33554432 (custom)
2019-09-26 20:49:52,201 [pool-393-thread-1] INFO  server.RaftServerConfigKeys (ConfUtils.java:logGet(43)) - raft.server.log.force.sync.num = 128 (default)
2019-09-26 20:49:52,201 [pool-403-thread-1] INFO  server.RaftServerConfigKeys (ConfUtils.java:logGet(43)) - raft.server.log.force.sync.num = 128 (default)
2019-09-26 20:49:52,201 [pool-393-thread-1] INFO  server.RaftServerConfigKeys (ConfUtils.java:logGet(43)) - raft.server.log.statemachine.data.sync = true (default)
2019-09-26 20:49:52,201 [pool-403-thread-1] INFO  server.RaftServerConfigKeys (ConfUtils.java:logGet(43)) - raft.server.log.statemachine.data.sync = true (default)
2019-09-26 20:49:52,202 [pool-393-thread-1] INFO  server.RaftServerConfigKeys (ConfUtils.java:logGet(43)) - raft.server.log.statemachine.data.sync.timeout = 10s (default)
2019-09-26 20:49:52,202 [pool-403-thread-1] INFO  server.RaftServerConfigKeys (ConfUtils.java:logGet(43)) - raft.server.log.statemachine.data.sync.timeout = 10s (default)
2019-09-26 20:49:52,202 [pool-393-thread-1] INFO  server.RaftServerConfigKeys (ConfUtils.java:logGet(43)) - raft.server.log.statemachine.data.sync.timeout.retry = -1 (default)
2019-09-26 20:49:52,202 [pool-403-thread-1] INFO  server.RaftServerConfigKeys (ConfUtils.java:logGet(43)) - raft.server.log.statemachine.data.sync.timeout.retry = -1 (default)
2019-09-26 20:49:52,202 [pool-383-thread-1] INFO  impl.RaftServerImpl (RaftServerImpl.java:start(185)) - c642a3ed-6835-4e80-8c1e-9298e9a0c556@group-6C9E397D0F29: start as a follower, conf=-1: [c642a3ed-6835-4e80-8c1e-9298e9a0c556:192.168.30.57:41571, 0a9fc6eb-77d3-4a76-a53e-207bfd2af7a0:192.168.30.57:37375, 0ba741d3-e74b-4583-8c46-f3eef39c8b87:192.168.30.57:44167], old=null
2019-09-26 20:49:52,202 [pool-393-thread-1] INFO  server.RaftServerConfigKeys (ConfUtils.java:logGet(43)) - raft.server.log.statemachine.data.caching.enabled = true (custom)
2019-09-26 20:49:52,202 [pool-383-thread-1] INFO  impl.RaftServerImpl (RaftServerImpl.java:setRole(174)) - c642a3ed-6835-4e80-8c1e-9298e9a0c556@group-6C9E397D0F29: changes role from      null to FOLLOWER at term 0 for startAsFollower
2019-09-26 20:49:52,202 [pool-403-thread-1] INFO  server.RaftServerConfigKeys (ConfUtils.java:logGet(43)) - raft.server.log.statemachine.data.caching.enabled = true (custom)
2019-09-26 20:49:52,202 [pool-383-thread-1] INFO  impl.RoleInfo (RoleInfo.java:updateAndGet(143)) - c642a3ed-6835-4e80-8c1e-9298e9a0c556: start FollowerState
2019-09-26 20:49:52,202 [pool-393-thread-1] INFO  segmented.SegmentedRaftLogWorker (SegmentedRaftLogWorker.java:lambda$new$0(132)) - 0a9fc6eb-77d3-4a76-a53e-207bfd2af7a0@group-6C9E397D0F29-SegmentedRaftLogWorker: flushIndex: setUnconditionally 0 -> -1
2019-09-26 20:49:52,203 [pool-403-thread-1] INFO  segmented.SegmentedRaftLogWorker (SegmentedRaftLogWorker.java:lambda$new$0(132)) - 0ba741d3-e74b-4583-8c46-f3eef39c8b87@group-6C9E397D0F29-SegmentedRaftLogWorker: flushIndex: setUnconditionally 0 -> -1
2019-09-26 20:49:52,203 [pool-383-thread-1] INFO  util.JmxRegister (JmxRegister.java:tryRegister(44)) - Successfully registered JMX Bean with object name Ratis:service=RaftServer,group=group-6C9E397D0F29,id=c642a3ed-6835-4e80-8c1e-9298e9a0c556
2019-09-26 20:49:52,203 [pool-393-thread-1] INFO  server.RaftServerConfigKeys (ConfUtils.java:logGet(43)) - raft.server.snapshot.auto.trigger.enabled = true (custom)
2019-09-26 20:49:52,203 [pool-403-thread-1] INFO  server.RaftServerConfigKeys (ConfUtils.java:logGet(43)) - raft.server.snapshot.auto.trigger.enabled = true (custom)
2019-09-26 20:49:52,203 [pool-393-thread-1] INFO  server.RaftServerConfigKeys (ConfUtils.java:logGet(43)) - raft.server.snapshot.auto.trigger.threshold = 10000 (custom)
2019-09-26 20:49:52,203 [pool-403-thread-1] INFO  server.RaftServerConfigKeys (ConfUtils.java:logGet(43)) - raft.server.snapshot.auto.trigger.threshold = 10000 (custom)
2019-09-26 20:49:52,203 [pool-393-thread-1] INFO  server.RaftServerConfigKeys (ConfUtils.java:logGet(43)) - raft.server.snapshot.retention.num.files = 5 (custom)
2019-09-26 20:49:52,203 [pool-403-thread-1] INFO  server.RaftServerConfigKeys (ConfUtils.java:logGet(43)) - raft.server.snapshot.retention.num.files = 5 (custom)
2019-09-26 20:49:52,204 [pool-393-thread-1] INFO  server.RaftServerConfigKeys (ConfUtils.java:logGet(43)) - raft.server.retrycache.expirytime = 600000ms (custom)
2019-09-26 20:49:52,204 [pool-403-thread-1] INFO  server.RaftServerConfigKeys (ConfUtils.java:logGet(43)) - raft.server.retrycache.expirytime = 600000ms (custom)
2019-09-26 20:49:52,206 [pool-393-thread-1] INFO  impl.RaftServerImpl (RaftServerImpl.java:start(185)) - 0a9fc6eb-77d3-4a76-a53e-207bfd2af7a0@group-6C9E397D0F29: start as a follower, conf=-1: [c642a3ed-6835-4e80-8c1e-9298e9a0c556:192.168.30.57:41571, 0a9fc6eb-77d3-4a76-a53e-207bfd2af7a0:192.168.30.57:37375, 0ba741d3-e74b-4583-8c46-f3eef39c8b87:192.168.30.57:44167], old=null
2019-09-26 20:49:52,206 [pool-403-thread-1] INFO  impl.RaftServerImpl (RaftServerImpl.java:start(185)) - 0ba741d3-e74b-4583-8c46-f3eef39c8b87@group-6C9E397D0F29: start as a follower, conf=-1: [c642a3ed-6835-4e80-8c1e-9298e9a0c556:192.168.30.57:41571, 0a9fc6eb-77d3-4a76-a53e-207bfd2af7a0:192.168.30.57:37375, 0ba741d3-e74b-4583-8c46-f3eef39c8b87:192.168.30.57:44167], old=null
2019-09-26 20:49:52,206 [pool-393-thread-1] INFO  impl.RaftServerImpl (RaftServerImpl.java:setRole(174)) - 0a9fc6eb-77d3-4a76-a53e-207bfd2af7a0@group-6C9E397D0F29: changes role from      null to FOLLOWER at term 0 for startAsFollower
2019-09-26 20:49:52,206 [pool-403-thread-1] INFO  impl.RaftServerImpl (RaftServerImpl.java:setRole(174)) - 0ba741d3-e74b-4583-8c46-f3eef39c8b87@group-6C9E397D0F29: changes role from      null to FOLLOWER at term 0 for startAsFollower
2019-09-26 20:49:52,206 [pool-393-thread-1] INFO  impl.RoleInfo (RoleInfo.java:updateAndGet(143)) - 0a9fc6eb-77d3-4a76-a53e-207bfd2af7a0: start FollowerState
2019-09-26 20:49:52,207 [pool-403-thread-1] INFO  impl.RoleInfo (RoleInfo.java:updateAndGet(143)) - 0ba741d3-e74b-4583-8c46-f3eef39c8b87: start FollowerState
2019-09-26 20:49:52,207 [pool-393-thread-1] INFO  util.JmxRegister (JmxRegister.java:tryRegister(44)) - Successfully registered JMX Bean with object name Ratis:service=RaftServer,group=group-6C9E397D0F29,id=0a9fc6eb-77d3-4a76-a53e-207bfd2af7a0
2019-09-26 20:49:52,207 [pool-403-thread-1] INFO  util.JmxRegister (JmxRegister.java:tryRegister(44)) - Successfully registered JMX Bean with object name Ratis:service=RaftServer,group=group-6C9E397D0F29,id=0ba741d3-e74b-4583-8c46-f3eef39c8b87
2019-09-26 20:49:52,209 [RatisPipelineUtilsThread] INFO  pipeline.PipelineStateManager (PipelineStateManager.java:addPipeline(56)) - Created pipeline Pipeline[ Id: dcb9ddf9-75c6-4930-8f65-6c9e397d0f29, Nodes: c642a3ed-6835-4e80-8c1e-9298e9a0c556{ip: 192.168.30.57, host: pr-hdds-2174-wsqbx-838867654, networkLocation: /default-rack, certSerialId: null}0a9fc6eb-77d3-4a76-a53e-207bfd2af7a0{ip: 192.168.30.57, host: pr-hdds-2174-wsqbx-838867654, networkLocation: /default-rack, certSerialId: null}0ba741d3-e74b-4583-8c46-f3eef39c8b87{ip: 192.168.30.57, host: pr-hdds-2174-wsqbx-838867654, networkLocation: /default-rack, certSerialId: null}, Type:RATIS, Factor:THREE, State:OPEN]
2019-09-26 20:49:52,227 [IPC Server handler 1 on 38036] INFO  net.NetworkTopology (NetworkTopologyImpl.java:add(111)) - Added a new node: /default-rack/ba614afd-2416-4a54-b733-f363754a0e17
2019-09-26 20:49:52,227 [IPC Server handler 1 on 38036] INFO  node.SCMNodeManager (SCMNodeManager.java:register(266)) - Registered Data node : ba614afd-2416-4a54-b733-f363754a0e17{ip: 192.168.30.57, host: pr-hdds-2174-wsqbx-838867654, networkLocation: /default-rack, certSerialId: null}
2019-09-26 20:49:52,234 [grpc-default-executor-3] INFO  impl.RaftServerProxy (RaftServerProxy.java:addNew(89)) - ba614afd-2416-4a54-b733-f363754a0e17: addNew group-CE2C345AAC1E:[ba614afd-2416-4a54-b733-f363754a0e17:192.168.30.57:39675] returns group-CE2C345AAC1E:java.util.concurrent.CompletableFuture@1c7c786e[Not completed]
2019-09-26 20:49:52,237 [pool-423-thread-1] INFO  impl.RaftServerImpl (RaftServerImpl.java:<init>(95)) - ba614afd-2416-4a54-b733-f363754a0e17: new RaftServerImpl for group-CE2C345AAC1E:[ba614afd-2416-4a54-b733-f363754a0e17:192.168.30.57:39675] with ContainerStateMachine:uninitialized
2019-09-26 20:49:52,238 [pool-423-thread-1] INFO  server.RaftServerConfigKeys (ConfUtils.java:logGet(43)) - raft.server.rpc.timeout.min = 5s (custom)
2019-09-26 20:49:52,238 [pool-423-thread-1] INFO  server.RaftServerConfigKeys (ConfUtils.java:logGet(43)) - raft.server.rpc.timeout.max = 5200ms (custom)
2019-09-26 20:49:52,238 [pool-423-thread-1] INFO  server.RaftServerConfigKeys (ConfUtils.java:logGet(43)) - raft.server.rpcslowness.timeout = 120s (custom)
2019-09-26 20:49:52,238 [pool-423-thread-1] INFO  server.RaftServerConfigKeys (ConfUtils.java:logGet(43)) - raft.server.sleep.deviation.threshold = 300 (default)
2019-09-26 20:49:52,238 [pool-423-thread-1] INFO  server.RaftServerConfigKeys (ConfUtils.java:logGet(43)) - raft.server.log.appender.install.snapshot.enabled = false (custom)
2019-09-26 20:49:52,238 [pool-423-thread-1] INFO  impl.RaftServerImpl (ServerState.java:<init>(103)) - ba614afd-2416-4a54-b733-f363754a0e17@group-CE2C345AAC1E: ConfigurationManager, init=-1: [ba614afd-2416-4a54-b733-f363754a0e17:192.168.30.57:39675], old=null, confs=<EMPTY_MAP>
2019-09-26 20:49:52,238 [pool-423-thread-1] INFO  server.RaftServerConfigKeys (ConfUtils.java:logGet(43)) - raft.server.storage.dir = [/workdir/hadoop-ozone/integration-test/target/test-dir/MiniOzoneClusterImpl-8d5e4e8c-6c03-4042-b10d-2e9a2a95e91b/datanode-4/data/ratis] (custom)
2019-09-26 20:49:52,239 [pool-423-thread-1] INFO  storage.RaftStorageDirectory (RaftStorageDirectory.java:analyzeStorage(246)) - The storage directory /workdir/hadoop-ozone/integration-test/target/test-dir/MiniOzoneClusterImpl-8d5e4e8c-6c03-4042-b10d-2e9a2a95e91b/datanode-4/data/ratis/1b88b1b1-054a-4ca8-9cda-ce2c345aac1e does not exist. Creating ...
2019-09-26 20:49:52,252 [pool-423-thread-1] INFO  storage.RaftStorageDirectory (RaftStorageDirectory.java:tryLock(328)) - Lock on /workdir/hadoop-ozone/integration-test/target/test-dir/MiniOzoneClusterImpl-8d5e4e8c-6c03-4042-b10d-2e9a2a95e91b/datanode-4/data/ratis/1b88b1b1-054a-4ca8-9cda-ce2c345aac1e/in_use.lock acquired by nodename 9101@pr-hdds-2174-wsqbx-838867654
2019-09-26 20:49:52,273 [pool-423-thread-1] INFO  storage.RaftStorage (RaftStorage.java:format(72)) - Storage directory /workdir/hadoop-ozone/integration-test/target/test-dir/MiniOzoneClusterImpl-8d5e4e8c-6c03-4042-b10d-2e9a2a95e91b/datanode-4/data/ratis/1b88b1b1-054a-4ca8-9cda-ce2c345aac1e has been successfully formatted.
2019-09-26 20:49:52,273 [pool-423-thread-1] INFO  ratis.ContainerStateMachine (ContainerStateMachine.java:loadSnapshot(230)) - group-CE2C345AAC1E: The snapshot info is null. Setting the last applied indexto:(t:0, i:~)
2019-09-26 20:49:52,273 [pool-423-thread-1] INFO  server.RaftServerConfigKeys (ConfUtils.java:logGet(43)) - raft.server.notification.no-leader.timeout = 120s (custom)
2019-09-26 20:49:52,274 [pool-423-thread-1] INFO  server.RaftServerConfigKeys (ConfUtils.java:logGet(43)) - raft.server.log.use.memory = false (default)
2019-09-26 20:49:52,274 [pool-423-thread-1] INFO  server.RaftServerConfigKeys (ConfUtils.java:logGet(43)) - raft.server.log.purge.gap = 1000000 (custom)
2019-09-26 20:49:52,274 [pool-423-thread-1] INFO  server.RaftServerConfigKeys (ConfUtils.java:logGet(43)) - raft.server.log.appender.buffer.byte-limit = 33554432 (custom)
2019-09-26 20:49:52,274 [pool-423-thread-1] INFO  server.RaftServerConfigKeys (ConfUtils.java:logGet(43)) - raft.server.log.segment.size.max = 1048576 (custom)
2019-09-26 20:49:52,274 [pool-423-thread-1] INFO  server.RaftServerConfigKeys (ConfUtils.java:logGet(43)) - raft.server.log.segment.cache.num.max = 2 (custom)
2019-09-26 20:49:52,274 [pool-423-thread-1] INFO  segmented.SegmentedRaftLogWorker (SegmentedRaftLogWorker.java:<init>(172)) - new ba614afd-2416-4a54-b733-f363754a0e17@group-CE2C345AAC1E-SegmentedRaftLogWorker for RaftStorage:Storage Directory /workdir/hadoop-ozone/integration-test/target/test-dir/MiniOzoneClusterImpl-8d5e4e8c-6c03-4042-b10d-2e9a2a95e91b/datanode-4/data/ratis/1b88b1b1-054a-4ca8-9cda-ce2c345aac1e
2019-09-26 20:49:52,276 [pool-423-thread-1] INFO  server.RaftServerConfigKeys (ConfUtils.java:logGet(43)) - raft.server.log.queue.byte-limit = 2147483647 (custom)
2019-09-26 20:49:52,276 [pool-423-thread-1] INFO  server.RaftServerConfigKeys (ConfUtils.java:logGet(43)) - raft.server.log.queue.element-limit = 1024 (custom)
2019-09-26 20:49:52,276 [pool-423-thread-1] INFO  server.RaftServerConfigKeys (ConfUtils.java:logGet(43)) - raft.server.log.segment.size.max = 1048576 (custom)
2019-09-26 20:49:52,276 [pool-423-thread-1] INFO  server.RaftServerConfigKeys (ConfUtils.java:logGet(43)) - raft.server.log.preallocated.size = 16384 (custom)
2019-09-26 20:49:52,276 [pool-423-thread-1] INFO  server.RaftServerConfigKeys (ConfUtils.java:logGet(43)) - raft.server.log.write.buffer.size = 33554432 (custom)
2019-09-26 20:49:52,276 [pool-423-thread-1] INFO  server.RaftServerConfigKeys (ConfUtils.java:logGet(43)) - raft.server.log.force.sync.num = 128 (default)
2019-09-26 20:49:52,276 [pool-423-thread-1] INFO  server.RaftServerConfigKeys (ConfUtils.java:logGet(43)) - raft.server.log.statemachine.data.sync = true (default)
2019-09-26 20:49:52,277 [pool-423-thread-1] INFO  server.RaftServerConfigKeys (ConfUtils.java:logGet(43)) - raft.server.log.statemachine.data.sync.timeout = 10s (default)
2019-09-26 20:49:52,277 [pool-423-thread-1] INFO  server.RaftServerConfigKeys (ConfUtils.java:logGet(43)) - raft.server.log.statemachine.data.sync.timeout.retry = -1 (default)
2019-09-26 20:49:52,277 [pool-423-thread-1] INFO  server.RaftServerConfigKeys (ConfUtils.java:logGet(43)) - raft.server.log.statemachine.data.caching.enabled = true (custom)
2019-09-26 20:49:52,277 [pool-423-thread-1] INFO  segmented.SegmentedRaftLogWorker (SegmentedRaftLogWorker.java:lambda$new$0(132)) - ba614afd-2416-4a54-b733-f363754a0e17@group-CE2C345AAC1E-SegmentedRaftLogWorker: flushIndex: setUnconditionally 0 -> -1
2019-09-26 20:49:52,277 [pool-423-thread-1] INFO  server.RaftServerConfigKeys (ConfUtils.java:logGet(43)) - raft.server.snapshot.auto.trigger.enabled = true (custom)
2019-09-26 20:49:52,278 [pool-423-thread-1] INFO  server.RaftServerConfigKeys (ConfUtils.java:logGet(43)) - raft.server.snapshot.auto.trigger.threshold = 10000 (custom)
2019-09-26 20:49:52,278 [pool-423-thread-1] INFO  server.RaftServerConfigKeys (ConfUtils.java:logGet(43)) - raft.server.snapshot.retention.num.files = 5 (custom)
2019-09-26 20:49:52,278 [pool-423-thread-1] INFO  server.RaftServerConfigKeys (ConfUtils.java:logGet(43)) - raft.server.retrycache.expirytime = 600000ms (custom)
2019-09-26 20:49:52,279 [pool-423-thread-1] INFO  impl.RaftServerImpl (RaftServerImpl.java:start(185)) - ba614afd-2416-4a54-b733-f363754a0e17@group-CE2C345AAC1E: start as a follower, conf=-1: [ba614afd-2416-4a54-b733-f363754a0e17:192.168.30.57:39675], old=null
2019-09-26 20:49:52,279 [pool-423-thread-1] INFO  impl.RaftServerImpl (RaftServerImpl.java:setRole(174)) - ba614afd-2416-4a54-b733-f363754a0e17@group-CE2C345AAC1E: changes role from      null to FOLLOWER at term 0 for startAsFollower
2019-09-26 20:49:52,279 [pool-423-thread-1] INFO  impl.RoleInfo (RoleInfo.java:updateAndGet(143)) - ba614afd-2416-4a54-b733-f363754a0e17: start FollowerState
2019-09-26 20:49:52,280 [pool-423-thread-1] INFO  util.JmxRegister (JmxRegister.java:tryRegister(44)) - Successfully registered JMX Bean with object name Ratis:service=RaftServer,group=group-CE2C345AAC1E,id=ba614afd-2416-4a54-b733-f363754a0e17
2019-09-26 20:49:52,282 [RatisPipelineUtilsThread] INFO  pipeline.PipelineStateManager (PipelineStateManager.java:addPipeline(56)) - Created pipeline Pipeline[ Id: 1b88b1b1-054a-4ca8-9cda-ce2c345aac1e, Nodes: ba614afd-2416-4a54-b733-f363754a0e17{ip: 192.168.30.57, host: pr-hdds-2174-wsqbx-838867654, networkLocation: /default-rack, certSerialId: null}, Type:RATIS, Factor:ONE, State:OPEN]
2019-09-26 20:49:52,291 [grpc-default-executor-3] INFO  impl.RaftServerProxy (RaftServerProxy.java:addNew(89)) - 63796a84-0610-425b-8d78-244a041f6afe: addNew group-0210E2911AD3:[63796a84-0610-425b-8d78-244a041f6afe:192.168.30.57:37191] returns group-0210E2911AD3:java.util.concurrent.CompletableFuture@1d1aa60c[Not completed]
2019-09-26 20:49:52,292 [pool-413-thread-1] INFO  impl.RaftServerImpl (RaftServerImpl.java:<init>(95)) - 63796a84-0610-425b-8d78-244a041f6afe: new RaftServerImpl for group-0210E2911AD3:[63796a84-0610-425b-8d78-244a041f6afe:192.168.30.57:37191] with ContainerStateMachine:uninitialized
2019-09-26 20:49:52,292 [pool-413-thread-1] INFO  server.RaftServerConfigKeys (ConfUtils.java:logGet(43)) - raft.server.rpc.timeout.min = 5s (custom)
2019-09-26 20:49:52,292 [pool-413-thread-1] INFO  server.RaftServerConfigKeys (ConfUtils.java:logGet(43)) - raft.server.rpc.timeout.max = 5200ms (custom)
2019-09-26 20:49:52,292 [pool-413-thread-1] INFO  server.RaftServerConfigKeys (ConfUtils.java:logGet(43)) - raft.server.rpcslowness.timeout = 120s (custom)
2019-09-26 20:49:52,292 [pool-413-thread-1] INFO  server.RaftServerConfigKeys (ConfUtils.java:logGet(43)) - raft.server.sleep.deviation.threshold = 300 (default)
2019-09-26 20:49:52,292 [IPC Server handler 6 on 38036] INFO  net.NetworkTopology (NetworkTopologyImpl.java:add(111)) - Added a new node: /default-rack/6a2060e5-6d81-44f9-b954-1f24f9957530
2019-09-26 20:49:52,292 [pool-413-thread-1] INFO  server.RaftServerConfigKeys (ConfUtils.java:logGet(43)) - raft.server.log.appender.install.snapshot.enabled = false (custom)
2019-09-26 20:49:52,292 [IPC Server handler 6 on 38036] INFO  node.SCMNodeManager (SCMNodeManager.java:register(266)) - Registered Data node : 6a2060e5-6d81-44f9-b954-1f24f9957530{ip: 192.168.30.57, host: pr-hdds-2174-wsqbx-838867654, networkLocation: /default-rack, certSerialId: null}
2019-09-26 20:49:52,292 [pool-413-thread-1] INFO  impl.RaftServerImpl (ServerState.java:<init>(103)) - 63796a84-0610-425b-8d78-244a041f6afe@group-0210E2911AD3: ConfigurationManager, init=-1: [63796a84-0610-425b-8d78-244a041f6afe:192.168.30.57:37191], old=null, confs=<EMPTY_MAP>
2019-09-26 20:49:52,293 [pool-413-thread-1] INFO  server.RaftServerConfigKeys (ConfUtils.java:logGet(43)) - raft.server.storage.dir = [/workdir/hadoop-ozone/integration-test/target/test-dir/MiniOzoneClusterImpl-8d5e4e8c-6c03-4042-b10d-2e9a2a95e91b/datanode-3/data/ratis] (custom)
2019-09-26 20:49:52,293 [pool-413-thread-1] INFO  storage.RaftStorageDirectory (RaftStorageDirectory.java:analyzeStorage(246)) - The storage directory /workdir/hadoop-ozone/integration-test/target/test-dir/MiniOzoneClusterImpl-8d5e4e8c-6c03-4042-b10d-2e9a2a95e91b/datanode-3/data/ratis/7278b1eb-a19d-4b14-b75e-0210e2911ad3 does not exist. Creating ...
2019-09-26 20:49:52,306 [pool-413-thread-1] INFO  storage.RaftStorageDirectory (RaftStorageDirectory.java:tryLock(328)) - Lock on /workdir/hadoop-ozone/integration-test/target/test-dir/MiniOzoneClusterImpl-8d5e4e8c-6c03-4042-b10d-2e9a2a95e91b/datanode-3/data/ratis/7278b1eb-a19d-4b14-b75e-0210e2911ad3/in_use.lock acquired by nodename 9101@pr-hdds-2174-wsqbx-838867654
2019-09-26 20:49:52,318 [pool-413-thread-1] INFO  storage.RaftStorage (RaftStorage.java:format(72)) - Storage directory /workdir/hadoop-ozone/integration-test/target/test-dir/MiniOzoneClusterImpl-8d5e4e8c-6c03-4042-b10d-2e9a2a95e91b/datanode-3/data/ratis/7278b1eb-a19d-4b14-b75e-0210e2911ad3 has been successfully formatted.
2019-09-26 20:49:52,319 [pool-413-thread-1] INFO  ratis.ContainerStateMachine (ContainerStateMachine.java:loadSnapshot(230)) - group-0210E2911AD3: The snapshot info is null. Setting the last applied indexto:(t:0, i:~)
2019-09-26 20:49:52,319 [pool-413-thread-1] INFO  server.RaftServerConfigKeys (ConfUtils.java:logGet(43)) - raft.server.notification.no-leader.timeout = 120s (custom)
2019-09-26 20:49:52,319 [pool-413-thread-1] INFO  server.RaftServerConfigKeys (ConfUtils.java:logGet(43)) - raft.server.log.use.memory = false (default)
2019-09-26 20:49:52,319 [pool-413-thread-1] INFO  server.RaftServerConfigKeys (ConfUtils.java:logGet(43)) - raft.server.log.purge.gap = 1000000 (custom)
2019-09-26 20:49:52,319 [pool-413-thread-1] INFO  server.RaftServerConfigKeys (ConfUtils.java:logGet(43)) - raft.server.log.appender.buffer.byte-limit = 33554432 (custom)
2019-09-26 20:49:52,319 [pool-413-thread-1] INFO  server.RaftServerConfigKeys (ConfUtils.java:logGet(43)) - raft.server.log.segment.size.max = 1048576 (custom)
2019-09-26 20:49:52,319 [pool-413-thread-1] INFO  server.RaftServerConfigKeys (ConfUtils.java:logGet(43)) - raft.server.log.segment.cache.num.max = 2 (custom)
2019-09-26 20:49:52,319 [pool-413-thread-1] INFO  segmented.SegmentedRaftLogWorker (SegmentedRaftLogWorker.java:<init>(172)) - new 63796a84-0610-425b-8d78-244a041f6afe@group-0210E2911AD3-SegmentedRaftLogWorker for RaftStorage:Storage Directory /workdir/hadoop-ozone/integration-test/target/test-dir/MiniOzoneClusterImpl-8d5e4e8c-6c03-4042-b10d-2e9a2a95e91b/datanode-3/data/ratis/7278b1eb-a19d-4b14-b75e-0210e2911ad3
2019-09-26 20:49:52,320 [pool-413-thread-1] INFO  server.RaftServerConfigKeys (ConfUtils.java:logGet(43)) - raft.server.log.queue.byte-limit = 2147483647 (custom)
2019-09-26 20:49:52,320 [pool-413-thread-1] INFO  server.RaftServerConfigKeys (ConfUtils.java:logGet(43)) - raft.server.log.queue.element-limit = 1024 (custom)
2019-09-26 20:49:52,320 [pool-413-thread-1] INFO  server.RaftServerConfigKeys (ConfUtils.java:logGet(43)) - raft.server.log.segment.size.max = 1048576 (custom)
2019-09-26 20:49:52,320 [pool-413-thread-1] INFO  server.RaftServerConfigKeys (ConfUtils.java:logGet(43)) - raft.server.log.preallocated.size = 16384 (custom)
2019-09-26 20:49:52,321 [pool-413-thread-1] INFO  server.RaftServerConfigKeys (ConfUtils.java:logGet(43)) - raft.server.log.write.buffer.size = 33554432 (custom)
2019-09-26 20:49:52,321 [pool-413-thread-1] INFO  server.RaftServerConfigKeys (ConfUtils.java:logGet(43)) - raft.server.log.force.sync.num = 128 (default)
2019-09-26 20:49:52,321 [pool-413-thread-1] INFO  server.RaftServerConfigKeys (ConfUtils.java:logGet(43)) - raft.server.log.statemachine.data.sync = true (default)
2019-09-26 20:49:52,321 [pool-413-thread-1] INFO  server.RaftServerConfigKeys (ConfUtils.java:logGet(43)) - raft.server.log.statemachine.data.sync.timeout = 10s (default)
2019-09-26 20:49:52,321 [pool-413-thread-1] INFO  server.RaftServerConfigKeys (ConfUtils.java:logGet(43)) - raft.server.log.statemachine.data.sync.timeout.retry = -1 (default)
2019-09-26 20:49:52,321 [pool-413-thread-1] INFO  server.RaftServerConfigKeys (ConfUtils.java:logGet(43)) - raft.server.log.statemachine.data.caching.enabled = true (custom)
2019-09-26 20:49:52,321 [pool-413-thread-1] INFO  segmented.SegmentedRaftLogWorker (SegmentedRaftLogWorker.java:lambda$new$0(132)) - 63796a84-0610-425b-8d78-244a041f6afe@group-0210E2911AD3-SegmentedRaftLogWorker: flushIndex: setUnconditionally 0 -> -1
2019-09-26 20:49:52,321 [pool-413-thread-1] INFO  server.RaftServerConfigKeys (ConfUtils.java:logGet(43)) - raft.server.snapshot.auto.trigger.enabled = true (custom)
2019-09-26 20:49:52,322 [pool-413-thread-1] INFO  server.RaftServerConfigKeys (ConfUtils.java:logGet(43)) - raft.server.snapshot.auto.trigger.threshold = 10000 (custom)
2019-09-26 20:49:52,322 [pool-413-thread-1] INFO  server.RaftServerConfigKeys (ConfUtils.java:logGet(43)) - raft.server.snapshot.retention.num.files = 5 (custom)
2019-09-26 20:49:52,322 [pool-413-thread-1] INFO  server.RaftServerConfigKeys (ConfUtils.java:logGet(43)) - raft.server.retrycache.expirytime = 600000ms (custom)
2019-09-26 20:49:52,323 [pool-413-thread-1] INFO  impl.RaftServerImpl (RaftServerImpl.java:start(185)) - 63796a84-0610-425b-8d78-244a041f6afe@group-0210E2911AD3: start as a follower, conf=-1: [63796a84-0610-425b-8d78-244a041f6afe:192.168.30.57:37191], old=null
2019-09-26 20:49:52,323 [pool-413-thread-1] INFO  impl.RaftServerImpl (RaftServerImpl.java:setRole(174)) - 63796a84-0610-425b-8d78-244a041f6afe@group-0210E2911AD3: changes role from      null to FOLLOWER at term 0 for startAsFollower
2019-09-26 20:49:52,323 [pool-413-thread-1] INFO  impl.RoleInfo (RoleInfo.java:updateAndGet(143)) - 63796a84-0610-425b-8d78-244a041f6afe: start FollowerState
2019-09-26 20:49:52,323 [pool-413-thread-1] INFO  util.JmxRegister (JmxRegister.java:tryRegister(44)) - Successfully registered JMX Bean with object name Ratis:service=RaftServer,group=group-0210E2911AD3,id=63796a84-0610-425b-8d78-244a041f6afe
2019-09-26 20:49:52,325 [RatisPipelineUtilsThread] INFO  pipeline.PipelineStateManager (PipelineStateManager.java:addPipeline(56)) - Created pipeline Pipeline[ Id: 7278b1eb-a19d-4b14-b75e-0210e2911ad3, Nodes: 63796a84-0610-425b-8d78-244a041f6afe{ip: 192.168.30.57, host: pr-hdds-2174-wsqbx-838867654, networkLocation: /default-rack, certSerialId: null}, Type:RATIS, Factor:ONE, State:OPEN]
2019-09-26 20:49:52,333 [grpc-default-executor-3] INFO  impl.RaftServerProxy (RaftServerProxy.java:addNew(89)) - 6a2060e5-6d81-44f9-b954-1f24f9957530: addNew group-72522073FD02:[6a2060e5-6d81-44f9-b954-1f24f9957530:192.168.30.57:36913] returns group-72522073FD02:java.util.concurrent.CompletableFuture@6b10480a[Not completed]
2019-09-26 20:49:52,334 [pool-433-thread-1] INFO  impl.RaftServerImpl (RaftServerImpl.java:<init>(95)) - 6a2060e5-6d81-44f9-b954-1f24f9957530: new RaftServerImpl for group-72522073FD02:[6a2060e5-6d81-44f9-b954-1f24f9957530:192.168.30.57:36913] with ContainerStateMachine:uninitialized
2019-09-26 20:49:52,334 [pool-433-thread-1] INFO  server.RaftServerConfigKeys (ConfUtils.java:logGet(43)) - raft.server.rpc.timeout.min = 5s (custom)
2019-09-26 20:49:52,334 [pool-433-thread-1] INFO  server.RaftServerConfigKeys (ConfUtils.java:logGet(43)) - raft.server.rpc.timeout.max = 5200ms (custom)
2019-09-26 20:49:52,334 [pool-433-thread-1] INFO  server.RaftServerConfigKeys (ConfUtils.java:logGet(43)) - raft.server.rpcslowness.timeout = 120s (custom)
2019-09-26 20:49:52,334 [pool-433-thread-1] INFO  server.RaftServerConfigKeys (ConfUtils.java:logGet(43)) - raft.server.sleep.deviation.threshold = 300 (default)
2019-09-26 20:49:52,334 [pool-433-thread-1] INFO  server.RaftServerConfigKeys (ConfUtils.java:logGet(43)) - raft.server.log.appender.install.snapshot.enabled = false (custom)
2019-09-26 20:49:52,334 [pool-433-thread-1] INFO  impl.RaftServerImpl (ServerState.java:<init>(103)) - 6a2060e5-6d81-44f9-b954-1f24f9957530@group-72522073FD02: ConfigurationManager, init=-1: [6a2060e5-6d81-44f9-b954-1f24f9957530:192.168.30.57:36913], old=null, confs=<EMPTY_MAP>
2019-09-26 20:49:52,335 [pool-433-thread-1] INFO  server.RaftServerConfigKeys (ConfUtils.java:logGet(43)) - raft.server.storage.dir = [/workdir/hadoop-ozone/integration-test/target/test-dir/MiniOzoneClusterImpl-8d5e4e8c-6c03-4042-b10d-2e9a2a95e91b/datanode-5/data/ratis] (custom)
2019-09-26 20:49:52,335 [pool-433-thread-1] INFO  storage.RaftStorageDirectory (RaftStorageDirectory.java:analyzeStorage(246)) - The storage directory /workdir/hadoop-ozone/integration-test/target/test-dir/MiniOzoneClusterImpl-8d5e4e8c-6c03-4042-b10d-2e9a2a95e91b/datanode-5/data/ratis/373a089e-6f41-4839-8a08-72522073fd02 does not exist. Creating ...
2019-09-26 20:49:52,348 [pool-433-thread-1] INFO  storage.RaftStorageDirectory (RaftStorageDirectory.java:tryLock(328)) - Lock on /workdir/hadoop-ozone/integration-test/target/test-dir/MiniOzoneClusterImpl-8d5e4e8c-6c03-4042-b10d-2e9a2a95e91b/datanode-5/data/ratis/373a089e-6f41-4839-8a08-72522073fd02/in_use.lock acquired by nodename 9101@pr-hdds-2174-wsqbx-838867654
2019-09-26 20:49:52,361 [main] INFO  ozone.MiniOzoneClusterImpl (MiniOzoneClusterImpl.java:lambda$waitForClusterToBeReady$0(147)) - Waiting for cluster to be ready. Got 6 of 7 DN Heartbeats.
2019-09-26 20:49:52,361 [IPC Server handler 7 on 38036] INFO  net.NetworkTopology (NetworkTopologyImpl.java:add(111)) - Added a new node: /default-rack/671dcae7-cdea-4162-b8e1-0249a200993f
2019-09-26 20:49:52,361 [IPC Server handler 7 on 38036] INFO  node.SCMNodeManager (SCMNodeManager.java:register(266)) - Registered Data node : 671dcae7-cdea-4162-b8e1-0249a200993f{ip: 192.168.30.57, host: pr-hdds-2174-wsqbx-838867654, networkLocation: /default-rack, certSerialId: null}
2019-09-26 20:49:52,362 [pool-433-thread-1] INFO  storage.RaftStorage (RaftStorage.java:format(72)) - Storage directory /workdir/hadoop-ozone/integration-test/target/test-dir/MiniOzoneClusterImpl-8d5e4e8c-6c03-4042-b10d-2e9a2a95e91b/datanode-5/data/ratis/373a089e-6f41-4839-8a08-72522073fd02 has been successfully formatted.
2019-09-26 20:49:52,362 [pool-433-thread-1] INFO  ratis.ContainerStateMachine (ContainerStateMachine.java:loadSnapshot(230)) - group-72522073FD02: The snapshot info is null. Setting the last applied indexto:(t:0, i:~)
2019-09-26 20:49:52,362 [pool-433-thread-1] INFO  server.RaftServerConfigKeys (ConfUtils.java:logGet(43)) - raft.server.notification.no-leader.timeout = 120s (custom)
2019-09-26 20:49:52,362 [pool-433-thread-1] INFO  server.RaftServerConfigKeys (ConfUtils.java:logGet(43)) - raft.server.log.use.memory = false (default)
2019-09-26 20:49:52,362 [pool-433-thread-1] INFO  server.RaftServerConfigKeys (ConfUtils.java:logGet(43)) - raft.server.log.purge.gap = 1000000 (custom)
2019-09-26 20:49:52,363 [pool-433-thread-1] INFO  server.RaftServerConfigKeys (ConfUtils.java:logGet(43)) - raft.server.log.appender.buffer.byte-limit = 33554432 (custom)
2019-09-26 20:49:52,363 [pool-433-thread-1] INFO  server.RaftServerConfigKeys (ConfUtils.java:logGet(43)) - raft.server.log.segment.size.max = 1048576 (custom)
2019-09-26 20:49:52,363 [pool-433-thread-1] INFO  server.RaftServerConfigKeys (ConfUtils.java:logGet(43)) - raft.server.log.segment.cache.num.max = 2 (custom)
2019-09-26 20:49:52,363 [pool-433-thread-1] INFO  segmented.SegmentedRaftLogWorker (SegmentedRaftLogWorker.java:<init>(172)) - new 6a2060e5-6d81-44f9-b954-1f24f9957530@group-72522073FD02-SegmentedRaftLogWorker for RaftStorage:Storage Directory /workdir/hadoop-ozone/integration-test/target/test-dir/MiniOzoneClusterImpl-8d5e4e8c-6c03-4042-b10d-2e9a2a95e91b/datanode-5/data/ratis/373a089e-6f41-4839-8a08-72522073fd02
2019-09-26 20:49:52,365 [pool-433-thread-1] INFO  server.RaftServerConfigKeys (ConfUtils.java:logGet(43)) - raft.server.log.queue.byte-limit = 2147483647 (custom)
2019-09-26 20:49:52,365 [pool-433-thread-1] INFO  server.RaftServerConfigKeys (ConfUtils.java:logGet(43)) - raft.server.log.queue.element-limit = 1024 (custom)
2019-09-26 20:49:52,365 [pool-433-thread-1] INFO  server.RaftServerConfigKeys (ConfUtils.java:logGet(43)) - raft.server.log.segment.size.max = 1048576 (custom)
2019-09-26 20:49:52,365 [pool-433-thread-1] INFO  server.RaftServerConfigKeys (ConfUtils.java:logGet(43)) - raft.server.log.preallocated.size = 16384 (custom)
2019-09-26 20:49:52,365 [pool-433-thread-1] INFO  server.RaftServerConfigKeys (ConfUtils.java:logGet(43)) - raft.server.log.write.buffer.size = 33554432 (custom)
2019-09-26 20:49:52,366 [pool-433-thread-1] INFO  server.RaftServerConfigKeys (ConfUtils.java:logGet(43)) - raft.server.log.force.sync.num = 128 (default)
2019-09-26 20:49:52,366 [pool-433-thread-1] INFO  server.RaftServerConfigKeys (ConfUtils.java:logGet(43)) - raft.server.log.statemachine.data.sync = true (default)
2019-09-26 20:49:52,366 [pool-433-thread-1] INFO  server.RaftServerConfigKeys (ConfUtils.java:logGet(43)) - raft.server.log.statemachine.data.sync.timeout = 10s (default)
2019-09-26 20:49:52,366 [pool-433-thread-1] INFO  server.RaftServerConfigKeys (ConfUtils.java:logGet(43)) - raft.server.log.statemachine.data.sync.timeout.retry = -1 (default)
2019-09-26 20:49:52,366 [pool-433-thread-1] INFO  server.RaftServerConfigKeys (ConfUtils.java:logGet(43)) - raft.server.log.statemachine.data.caching.enabled = true (custom)
2019-09-26 20:49:52,367 [pool-433-thread-1] INFO  segmented.SegmentedRaftLogWorker (SegmentedRaftLogWorker.java:lambda$new$0(132)) - 6a2060e5-6d81-44f9-b954-1f24f9957530@group-72522073FD02-SegmentedRaftLogWorker: flushIndex: setUnconditionally 0 -> -1
2019-09-26 20:49:52,367 [pool-433-thread-1] INFO  server.RaftServerConfigKeys (ConfUtils.java:logGet(43)) - raft.server.snapshot.auto.trigger.enabled = true (custom)
2019-09-26 20:49:52,367 [pool-433-thread-1] INFO  server.RaftServerConfigKeys (ConfUtils.java:logGet(43)) - raft.server.snapshot.auto.trigger.threshold = 10000 (custom)
2019-09-26 20:49:52,367 [pool-433-thread-1] INFO  server.RaftServerConfigKeys (ConfUtils.java:logGet(43)) - raft.server.snapshot.retention.num.files = 5 (custom)
2019-09-26 20:49:52,367 [pool-433-thread-1] INFO  server.RaftServerConfigKeys (ConfUtils.java:logGet(43)) - raft.server.retrycache.expirytime = 600000ms (custom)
2019-09-26 20:49:52,369 [pool-433-thread-1] INFO  impl.RaftServerImpl (RaftServerImpl.java:start(185)) - 6a2060e5-6d81-44f9-b954-1f24f9957530@group-72522073FD02: start as a follower, conf=-1: [6a2060e5-6d81-44f9-b954-1f24f9957530:192.168.30.57:36913], old=null
2019-09-26 20:49:52,369 [pool-433-thread-1] INFO  impl.RaftServerImpl (RaftServerImpl.java:setRole(174)) - 6a2060e5-6d81-44f9-b954-1f24f9957530@group-72522073FD02: changes role from      null to FOLLOWER at term 0 for startAsFollower
2019-09-26 20:49:52,369 [pool-433-thread-1] INFO  impl.RoleInfo (RoleInfo.java:updateAndGet(143)) - 6a2060e5-6d81-44f9-b954-1f24f9957530: start FollowerState
2019-09-26 20:49:52,370 [pool-433-thread-1] INFO  util.JmxRegister (JmxRegister.java:tryRegister(44)) - Successfully registered JMX Bean with object name Ratis:service=RaftServer,group=group-72522073FD02,id=6a2060e5-6d81-44f9-b954-1f24f9957530
2019-09-26 20:49:52,372 [RatisPipelineUtilsThread] INFO  pipeline.PipelineStateManager (PipelineStateManager.java:addPipeline(56)) - Created pipeline Pipeline[ Id: 373a089e-6f41-4839-8a08-72522073fd02, Nodes: 6a2060e5-6d81-44f9-b954-1f24f9957530{ip: 192.168.30.57, host: pr-hdds-2174-wsqbx-838867654, networkLocation: /default-rack, certSerialId: null}, Type:RATIS, Factor:ONE, State:OPEN]
2019-09-26 20:49:52,382 [grpc-default-executor-3] INFO  impl.RaftServerProxy (RaftServerProxy.java:addNew(89)) - 671dcae7-cdea-4162-b8e1-0249a200993f: addNew group-890F3701FFE4:[671dcae7-cdea-4162-b8e1-0249a200993f:192.168.30.57:34980] returns group-890F3701FFE4:java.util.concurrent.CompletableFuture@ea5bb84[Not completed]
2019-09-26 20:49:52,383 [pool-443-thread-1] INFO  impl.RaftServerImpl (RaftServerImpl.java:<init>(95)) - 671dcae7-cdea-4162-b8e1-0249a200993f: new RaftServerImpl for group-890F3701FFE4:[671dcae7-cdea-4162-b8e1-0249a200993f:192.168.30.57:34980] with ContainerStateMachine:uninitialized
2019-09-26 20:49:52,383 [pool-443-thread-1] INFO  server.RaftServerConfigKeys (ConfUtils.java:logGet(43)) - raft.server.rpc.timeout.min = 5s (custom)
2019-09-26 20:49:52,384 [pool-443-thread-1] INFO  server.RaftServerConfigKeys (ConfUtils.java:logGet(43)) - raft.server.rpc.timeout.max = 5200ms (custom)
2019-09-26 20:49:52,384 [pool-443-thread-1] INFO  server.RaftServerConfigKeys (ConfUtils.java:logGet(43)) - raft.server.rpcslowness.timeout = 120s (custom)
2019-09-26 20:49:52,384 [pool-443-thread-1] INFO  server.RaftServerConfigKeys (ConfUtils.java:logGet(43)) - raft.server.sleep.deviation.threshold = 300 (default)
2019-09-26 20:49:52,384 [pool-443-thread-1] INFO  server.RaftServerConfigKeys (ConfUtils.java:logGet(43)) - raft.server.log.appender.install.snapshot.enabled = false (custom)
2019-09-26 20:49:52,384 [pool-443-thread-1] INFO  impl.RaftServerImpl (ServerState.java:<init>(103)) - 671dcae7-cdea-4162-b8e1-0249a200993f@group-890F3701FFE4: ConfigurationManager, init=-1: [671dcae7-cdea-4162-b8e1-0249a200993f:192.168.30.57:34980], old=null, confs=<EMPTY_MAP>
2019-09-26 20:49:52,384 [pool-443-thread-1] INFO  server.RaftServerConfigKeys (ConfUtils.java:logGet(43)) - raft.server.storage.dir = [/workdir/hadoop-ozone/integration-test/target/test-dir/MiniOzoneClusterImpl-8d5e4e8c-6c03-4042-b10d-2e9a2a95e91b/datanode-6/data/ratis] (custom)
2019-09-26 20:49:52,385 [pool-443-thread-1] INFO  storage.RaftStorageDirectory (RaftStorageDirectory.java:analyzeStorage(246)) - The storage directory /workdir/hadoop-ozone/integration-test/target/test-dir/MiniOzoneClusterImpl-8d5e4e8c-6c03-4042-b10d-2e9a2a95e91b/datanode-6/data/ratis/4ce927e5-f012-4b67-8106-890f3701ffe4 does not exist. Creating ...
2019-09-26 20:49:52,398 [pool-443-thread-1] INFO  storage.RaftStorageDirectory (RaftStorageDirectory.java:tryLock(328)) - Lock on /workdir/hadoop-ozone/integration-test/target/test-dir/MiniOzoneClusterImpl-8d5e4e8c-6c03-4042-b10d-2e9a2a95e91b/datanode-6/data/ratis/4ce927e5-f012-4b67-8106-890f3701ffe4/in_use.lock acquired by nodename 9101@pr-hdds-2174-wsqbx-838867654
2019-09-26 20:49:52,411 [pool-443-thread-1] INFO  storage.RaftStorage (RaftStorage.java:format(72)) - Storage directory /workdir/hadoop-ozone/integration-test/target/test-dir/MiniOzoneClusterImpl-8d5e4e8c-6c03-4042-b10d-2e9a2a95e91b/datanode-6/data/ratis/4ce927e5-f012-4b67-8106-890f3701ffe4 has been successfully formatted.
2019-09-26 20:49:52,411 [pool-443-thread-1] INFO  ratis.ContainerStateMachine (ContainerStateMachine.java:loadSnapshot(230)) - group-890F3701FFE4: The snapshot info is null. Setting the last applied indexto:(t:0, i:~)
2019-09-26 20:49:52,411 [pool-443-thread-1] INFO  server.RaftServerConfigKeys (ConfUtils.java:logGet(43)) - raft.server.notification.no-leader.timeout = 120s (custom)
2019-09-26 20:49:52,411 [pool-443-thread-1] INFO  server.RaftServerConfigKeys (ConfUtils.java:logGet(43)) - raft.server.log.use.memory = false (default)
2019-09-26 20:49:52,412 [pool-443-thread-1] INFO  server.RaftServerConfigKeys (ConfUtils.java:logGet(43)) - raft.server.log.purge.gap = 1000000 (custom)
2019-09-26 20:49:52,412 [pool-443-thread-1] INFO  server.RaftServerConfigKeys (ConfUtils.java:logGet(43)) - raft.server.log.appender.buffer.byte-limit = 33554432 (custom)
2019-09-26 20:49:52,412 [pool-443-thread-1] INFO  server.RaftServerConfigKeys (ConfUtils.java:logGet(43)) - raft.server.log.segment.size.max = 1048576 (custom)
2019-09-26 20:49:52,412 [pool-443-thread-1] INFO  server.RaftServerConfigKeys (ConfUtils.java:logGet(43)) - raft.server.log.segment.cache.num.max = 2 (custom)
2019-09-26 20:49:52,412 [pool-443-thread-1] INFO  segmented.SegmentedRaftLogWorker (SegmentedRaftLogWorker.java:<init>(172)) - new 671dcae7-cdea-4162-b8e1-0249a200993f@group-890F3701FFE4-SegmentedRaftLogWorker for RaftStorage:Storage Directory /workdir/hadoop-ozone/integration-test/target/test-dir/MiniOzoneClusterImpl-8d5e4e8c-6c03-4042-b10d-2e9a2a95e91b/datanode-6/data/ratis/4ce927e5-f012-4b67-8106-890f3701ffe4
2019-09-26 20:49:52,414 [pool-443-thread-1] INFO  server.RaftServerConfigKeys (ConfUtils.java:logGet(43)) - raft.server.log.queue.byte-limit = 2147483647 (custom)
2019-09-26 20:49:52,415 [pool-443-thread-1] INFO  server.RaftServerConfigKeys (ConfUtils.java:logGet(43)) - raft.server.log.queue.element-limit = 1024 (custom)
2019-09-26 20:49:52,415 [pool-443-thread-1] INFO  server.RaftServerConfigKeys (ConfUtils.java:logGet(43)) - raft.server.log.segment.size.max = 1048576 (custom)
2019-09-26 20:49:52,415 [pool-443-thread-1] INFO  server.RaftServerConfigKeys (ConfUtils.java:logGet(43)) - raft.server.log.preallocated.size = 16384 (custom)
2019-09-26 20:49:52,415 [pool-443-thread-1] INFO  server.RaftServerConfigKeys (ConfUtils.java:logGet(43)) - raft.server.log.write.buffer.size = 33554432 (custom)
2019-09-26 20:49:52,415 [pool-443-thread-1] INFO  server.RaftServerConfigKeys (ConfUtils.java:logGet(43)) - raft.server.log.force.sync.num = 128 (default)
2019-09-26 20:49:52,415 [pool-443-thread-1] INFO  server.RaftServerConfigKeys (ConfUtils.java:logGet(43)) - raft.server.log.statemachine.data.sync = true (default)
2019-09-26 20:49:52,415 [pool-443-thread-1] INFO  server.RaftServerConfigKeys (ConfUtils.java:logGet(43)) - raft.server.log.statemachine.data.sync.timeout = 10s (default)
2019-09-26 20:49:52,416 [pool-443-thread-1] INFO  server.RaftServerConfigKeys (ConfUtils.java:logGet(43)) - raft.server.log.statemachine.data.sync.timeout.retry = -1 (default)
2019-09-26 20:49:52,416 [pool-443-thread-1] INFO  server.RaftServerConfigKeys (ConfUtils.java:logGet(43)) - raft.server.log.statemachine.data.caching.enabled = true (custom)
2019-09-26 20:49:52,416 [pool-443-thread-1] INFO  segmented.SegmentedRaftLogWorker (SegmentedRaftLogWorker.java:lambda$new$0(132)) - 671dcae7-cdea-4162-b8e1-0249a200993f@group-890F3701FFE4-SegmentedRaftLogWorker: flushIndex: setUnconditionally 0 -> -1
2019-09-26 20:49:52,416 [pool-443-thread-1] INFO  server.RaftServerConfigKeys (ConfUtils.java:logGet(43)) - raft.server.snapshot.auto.trigger.enabled = true (custom)
2019-09-26 20:49:52,417 [pool-443-thread-1] INFO  server.RaftServerConfigKeys (ConfUtils.java:logGet(43)) - raft.server.snapshot.auto.trigger.threshold = 10000 (custom)
2019-09-26 20:49:52,417 [pool-443-thread-1] INFO  server.RaftServerConfigKeys (ConfUtils.java:logGet(43)) - raft.server.snapshot.retention.num.files = 5 (custom)
2019-09-26 20:49:52,417 [pool-443-thread-1] INFO  server.RaftServerConfigKeys (ConfUtils.java:logGet(43)) - raft.server.retrycache.expirytime = 600000ms (custom)
2019-09-26 20:49:52,418 [pool-443-thread-1] INFO  impl.RaftServerImpl (RaftServerImpl.java:start(185)) - 671dcae7-cdea-4162-b8e1-0249a200993f@group-890F3701FFE4: start as a follower, conf=-1: [671dcae7-cdea-4162-b8e1-0249a200993f:192.168.30.57:34980], old=null
2019-09-26 20:49:52,418 [pool-443-thread-1] INFO  impl.RaftServerImpl (RaftServerImpl.java:setRole(174)) - 671dcae7-cdea-4162-b8e1-0249a200993f@group-890F3701FFE4: changes role from      null to FOLLOWER at term 0 for startAsFollower
2019-09-26 20:49:52,419 [pool-443-thread-1] INFO  impl.RoleInfo (RoleInfo.java:updateAndGet(143)) - 671dcae7-cdea-4162-b8e1-0249a200993f: start FollowerState
2019-09-26 20:49:52,419 [pool-443-thread-1] INFO  util.JmxRegister (JmxRegister.java:tryRegister(44)) - Successfully registered JMX Bean with object name Ratis:service=RaftServer,group=group-890F3701FFE4,id=671dcae7-cdea-4162-b8e1-0249a200993f
2019-09-26 20:49:52,421 [RatisPipelineUtilsThread] INFO  pipeline.PipelineStateManager (PipelineStateManager.java:addPipeline(56)) - Created pipeline Pipeline[ Id: 4ce927e5-f012-4b67-8106-890f3701ffe4, Nodes: 671dcae7-cdea-4162-b8e1-0249a200993f{ip: 192.168.30.57, host: pr-hdds-2174-wsqbx-838867654, networkLocation: /default-rack, certSerialId: null}, Type:RATIS, Factor:ONE, State:OPEN]
2019-09-26 20:49:52,434 [grpc-default-executor-4] INFO  impl.RaftServerProxy (RaftServerProxy.java:addNew(89)) - ba614afd-2416-4a54-b733-f363754a0e17: addNew group-8E6F0E340992:[ba614afd-2416-4a54-b733-f363754a0e17:192.168.30.57:39675, 63796a84-0610-425b-8d78-244a041f6afe:192.168.30.57:37191, 671dcae7-cdea-4162-b8e1-0249a200993f:192.168.30.57:34980] returns group-8E6F0E340992:java.util.concurrent.CompletableFuture@506821e1[Not completed]
2019-09-26 20:49:52,434 [grpc-default-executor-5] INFO  impl.RaftServerProxy (RaftServerProxy.java:addNew(89)) - 671dcae7-cdea-4162-b8e1-0249a200993f: addNew group-8E6F0E340992:[ba614afd-2416-4a54-b733-f363754a0e17:192.168.30.57:39675, 63796a84-0610-425b-8d78-244a041f6afe:192.168.30.57:37191, 671dcae7-cdea-4162-b8e1-0249a200993f:192.168.30.57:34980] returns group-8E6F0E340992:java.util.concurrent.CompletableFuture@17abd33a[Not completed]
2019-09-26 20:49:52,434 [grpc-default-executor-3] INFO  impl.RaftServerProxy (RaftServerProxy.java:addNew(89)) - 63796a84-0610-425b-8d78-244a041f6afe: addNew group-8E6F0E340992:[ba614afd-2416-4a54-b733-f363754a0e17:192.168.30.57:39675, 63796a84-0610-425b-8d78-244a041f6afe:192.168.30.57:37191, 671dcae7-cdea-4162-b8e1-0249a200993f:192.168.30.57:34980] returns group-8E6F0E340992:java.util.concurrent.CompletableFuture@5115e8ba[Not completed]
2019-09-26 20:49:52,435 [pool-423-thread-1] INFO  impl.RaftServerImpl (RaftServerImpl.java:<init>(95)) - ba614afd-2416-4a54-b733-f363754a0e17: new RaftServerImpl for group-8E6F0E340992:[ba614afd-2416-4a54-b733-f363754a0e17:192.168.30.57:39675, 63796a84-0610-425b-8d78-244a041f6afe:192.168.30.57:37191, 671dcae7-cdea-4162-b8e1-0249a200993f:192.168.30.57:34980] with ContainerStateMachine:uninitialized
2019-09-26 20:49:52,435 [pool-423-thread-1] INFO  server.RaftServerConfigKeys (ConfUtils.java:logGet(43)) - raft.server.rpc.timeout.min = 5s (custom)
2019-09-26 20:49:52,435 [pool-423-thread-1] INFO  server.RaftServerConfigKeys (ConfUtils.java:logGet(43)) - raft.server.rpc.timeout.max = 5200ms (custom)
2019-09-26 20:49:52,436 [pool-423-thread-1] INFO  server.RaftServerConfigKeys (ConfUtils.java:logGet(43)) - raft.server.rpcslowness.timeout = 120s (custom)
2019-09-26 20:49:52,436 [pool-413-thread-1] INFO  impl.RaftServerImpl (RaftServerImpl.java:<init>(95)) - 63796a84-0610-425b-8d78-244a041f6afe: new RaftServerImpl for group-8E6F0E340992:[ba614afd-2416-4a54-b733-f363754a0e17:192.168.30.57:39675, 63796a84-0610-425b-8d78-244a041f6afe:192.168.30.57:37191, 671dcae7-cdea-4162-b8e1-0249a200993f:192.168.30.57:34980] with ContainerStateMachine:uninitialized
2019-09-26 20:49:52,436 [pool-443-thread-1] INFO  impl.RaftServerImpl (RaftServerImpl.java:<init>(95)) - 671dcae7-cdea-4162-b8e1-0249a200993f: new RaftServerImpl for group-8E6F0E340992:[ba614afd-2416-4a54-b733-f363754a0e17:192.168.30.57:39675, 63796a84-0610-425b-8d78-244a041f6afe:192.168.30.57:37191, 671dcae7-cdea-4162-b8e1-0249a200993f:192.168.30.57:34980] with ContainerStateMachine:uninitialized
2019-09-26 20:49:52,436 [pool-423-thread-1] INFO  server.RaftServerConfigKeys (ConfUtils.java:logGet(43)) - raft.server.sleep.deviation.threshold = 300 (default)
2019-09-26 20:49:52,436 [pool-443-thread-1] INFO  server.RaftServerConfigKeys (ConfUtils.java:logGet(43)) - raft.server.rpc.timeout.min = 5s (custom)
2019-09-26 20:49:52,436 [pool-413-thread-1] INFO  server.RaftServerConfigKeys (ConfUtils.java:logGet(43)) - raft.server.rpc.timeout.min = 5s (custom)
2019-09-26 20:49:52,436 [pool-443-thread-1] INFO  server.RaftServerConfigKeys (ConfUtils.java:logGet(43)) - raft.server.rpc.timeout.max = 5200ms (custom)
2019-09-26 20:49:52,436 [pool-423-thread-1] INFO  server.RaftServerConfigKeys (ConfUtils.java:logGet(43)) - raft.server.log.appender.install.snapshot.enabled = false (custom)
2019-09-26 20:49:52,436 [pool-443-thread-1] INFO  server.RaftServerConfigKeys (ConfUtils.java:logGet(43)) - raft.server.rpcslowness.timeout = 120s (custom)
2019-09-26 20:49:52,436 [pool-413-thread-1] INFO  server.RaftServerConfigKeys (ConfUtils.java:logGet(43)) - raft.server.rpc.timeout.max = 5200ms (custom)
2019-09-26 20:49:52,437 [pool-443-thread-1] INFO  server.RaftServerConfigKeys (ConfUtils.java:logGet(43)) - raft.server.sleep.deviation.threshold = 300 (default)
2019-09-26 20:49:52,437 [pool-423-thread-1] INFO  impl.RaftServerImpl (ServerState.java:<init>(103)) - ba614afd-2416-4a54-b733-f363754a0e17@group-8E6F0E340992: ConfigurationManager, init=-1: [ba614afd-2416-4a54-b733-f363754a0e17:192.168.30.57:39675, 63796a84-0610-425b-8d78-244a041f6afe:192.168.30.57:37191, 671dcae7-cdea-4162-b8e1-0249a200993f:192.168.30.57:34980], old=null, confs=<EMPTY_MAP>
2019-09-26 20:49:52,437 [pool-443-thread-1] INFO  server.RaftServerConfigKeys (ConfUtils.java:logGet(43)) - raft.server.log.appender.install.snapshot.enabled = false (custom)
2019-09-26 20:49:52,437 [pool-443-thread-1] INFO  impl.RaftServerImpl (ServerState.java:<init>(103)) - 671dcae7-cdea-4162-b8e1-0249a200993f@group-8E6F0E340992: ConfigurationManager, init=-1: [ba614afd-2416-4a54-b733-f363754a0e17:192.168.30.57:39675, 63796a84-0610-425b-8d78-244a041f6afe:192.168.30.57:37191, 671dcae7-cdea-4162-b8e1-0249a200993f:192.168.30.57:34980], old=null, confs=<EMPTY_MAP>
2019-09-26 20:49:52,437 [pool-413-thread-1] INFO  server.RaftServerConfigKeys (ConfUtils.java:logGet(43)) - raft.server.rpcslowness.timeout = 120s (custom)
2019-09-26 20:49:52,437 [pool-443-thread-1] INFO  server.RaftServerConfigKeys (ConfUtils.java:logGet(43)) - raft.server.storage.dir = [/workdir/hadoop-ozone/integration-test/target/test-dir/MiniOzoneClusterImpl-8d5e4e8c-6c03-4042-b10d-2e9a2a95e91b/datanode-6/data/ratis] (custom)
2019-09-26 20:49:52,437 [pool-423-thread-1] INFO  server.RaftServerConfigKeys (ConfUtils.java:logGet(43)) - raft.server.storage.dir = [/workdir/hadoop-ozone/integration-test/target/test-dir/MiniOzoneClusterImpl-8d5e4e8c-6c03-4042-b10d-2e9a2a95e91b/datanode-4/data/ratis] (custom)
2019-09-26 20:49:52,437 [pool-413-thread-1] INFO  server.RaftServerConfigKeys (ConfUtils.java:logGet(43)) - raft.server.sleep.deviation.threshold = 300 (default)
2019-09-26 20:49:52,438 [pool-443-thread-1] INFO  storage.RaftStorageDirectory (RaftStorageDirectory.java:analyzeStorage(246)) - The storage directory /workdir/hadoop-ozone/integration-test/target/test-dir/MiniOzoneClusterImpl-8d5e4e8c-6c03-4042-b10d-2e9a2a95e91b/datanode-6/data/ratis/a689a8cf-7f3b-4749-8601-8e6f0e340992 does not exist. Creating ...
2019-09-26 20:49:52,438 [pool-423-thread-1] INFO  storage.RaftStorageDirectory (RaftStorageDirectory.java:analyzeStorage(246)) - The storage directory /workdir/hadoop-ozone/integration-test/target/test-dir/MiniOzoneClusterImpl-8d5e4e8c-6c03-4042-b10d-2e9a2a95e91b/datanode-4/data/ratis/a689a8cf-7f3b-4749-8601-8e6f0e340992 does not exist. Creating ...
2019-09-26 20:49:52,438 [pool-413-thread-1] INFO  server.RaftServerConfigKeys (ConfUtils.java:logGet(43)) - raft.server.log.appender.install.snapshot.enabled = false (custom)
2019-09-26 20:49:52,438 [pool-413-thread-1] INFO  impl.RaftServerImpl (ServerState.java:<init>(103)) - 63796a84-0610-425b-8d78-244a041f6afe@group-8E6F0E340992: ConfigurationManager, init=-1: [ba614afd-2416-4a54-b733-f363754a0e17:192.168.30.57:39675, 63796a84-0610-425b-8d78-244a041f6afe:192.168.30.57:37191, 671dcae7-cdea-4162-b8e1-0249a200993f:192.168.30.57:34980], old=null, confs=<EMPTY_MAP>
2019-09-26 20:49:52,438 [pool-413-thread-1] INFO  server.RaftServerConfigKeys (ConfUtils.java:logGet(43)) - raft.server.storage.dir = [/workdir/hadoop-ozone/integration-test/target/test-dir/MiniOzoneClusterImpl-8d5e4e8c-6c03-4042-b10d-2e9a2a95e91b/datanode-3/data/ratis] (custom)
2019-09-26 20:49:52,439 [pool-413-thread-1] INFO  storage.RaftStorageDirectory (RaftStorageDirectory.java:analyzeStorage(246)) - The storage directory /workdir/hadoop-ozone/integration-test/target/test-dir/MiniOzoneClusterImpl-8d5e4e8c-6c03-4042-b10d-2e9a2a95e91b/datanode-3/data/ratis/a689a8cf-7f3b-4749-8601-8e6f0e340992 does not exist. Creating ...
2019-09-26 20:49:52,451 [pool-413-thread-1] INFO  storage.RaftStorageDirectory (RaftStorageDirectory.java:tryLock(328)) - Lock on /workdir/hadoop-ozone/integration-test/target/test-dir/MiniOzoneClusterImpl-8d5e4e8c-6c03-4042-b10d-2e9a2a95e91b/datanode-3/data/ratis/a689a8cf-7f3b-4749-8601-8e6f0e340992/in_use.lock acquired by nodename 9101@pr-hdds-2174-wsqbx-838867654
2019-09-26 20:49:52,451 [pool-423-thread-1] INFO  storage.RaftStorageDirectory (RaftStorageDirectory.java:tryLock(328)) - Lock on /workdir/hadoop-ozone/integration-test/target/test-dir/MiniOzoneClusterImpl-8d5e4e8c-6c03-4042-b10d-2e9a2a95e91b/datanode-4/data/ratis/a689a8cf-7f3b-4749-8601-8e6f0e340992/in_use.lock acquired by nodename 9101@pr-hdds-2174-wsqbx-838867654
2019-09-26 20:49:52,451 [pool-443-thread-1] INFO  storage.RaftStorageDirectory (RaftStorageDirectory.java:tryLock(328)) - Lock on /workdir/hadoop-ozone/integration-test/target/test-dir/MiniOzoneClusterImpl-8d5e4e8c-6c03-4042-b10d-2e9a2a95e91b/datanode-6/data/ratis/a689a8cf-7f3b-4749-8601-8e6f0e340992/in_use.lock acquired by nodename 9101@pr-hdds-2174-wsqbx-838867654
2019-09-26 20:49:52,465 [pool-413-thread-1] INFO  storage.RaftStorage (RaftStorage.java:format(72)) - Storage directory /workdir/hadoop-ozone/integration-test/target/test-dir/MiniOzoneClusterImpl-8d5e4e8c-6c03-4042-b10d-2e9a2a95e91b/datanode-3/data/ratis/a689a8cf-7f3b-4749-8601-8e6f0e340992 has been successfully formatted.
2019-09-26 20:49:52,465 [pool-443-thread-1] INFO  storage.RaftStorage (RaftStorage.java:format(72)) - Storage directory /workdir/hadoop-ozone/integration-test/target/test-dir/MiniOzoneClusterImpl-8d5e4e8c-6c03-4042-b10d-2e9a2a95e91b/datanode-6/data/ratis/a689a8cf-7f3b-4749-8601-8e6f0e340992 has been successfully formatted.
2019-09-26 20:49:52,465 [pool-423-thread-1] INFO  storage.RaftStorage (RaftStorage.java:format(72)) - Storage directory /workdir/hadoop-ozone/integration-test/target/test-dir/MiniOzoneClusterImpl-8d5e4e8c-6c03-4042-b10d-2e9a2a95e91b/datanode-4/data/ratis/a689a8cf-7f3b-4749-8601-8e6f0e340992 has been successfully formatted.
2019-09-26 20:49:52,465 [pool-443-thread-1] INFO  ratis.ContainerStateMachine (ContainerStateMachine.java:loadSnapshot(230)) - group-8E6F0E340992: The snapshot info is null. Setting the last applied indexto:(t:0, i:~)
2019-09-26 20:49:52,465 [pool-413-thread-1] INFO  ratis.ContainerStateMachine (ContainerStateMachine.java:loadSnapshot(230)) - group-8E6F0E340992: The snapshot info is null. Setting the last applied indexto:(t:0, i:~)
2019-09-26 20:49:52,465 [pool-443-thread-1] INFO  server.RaftServerConfigKeys (ConfUtils.java:logGet(43)) - raft.server.notification.no-leader.timeout = 120s (custom)
2019-09-26 20:49:52,465 [pool-423-thread-1] INFO  ratis.ContainerStateMachine (ContainerStateMachine.java:loadSnapshot(230)) - group-8E6F0E340992: The snapshot info is null. Setting the last applied indexto:(t:0, i:~)
2019-09-26 20:49:52,465 [pool-443-thread-1] INFO  server.RaftServerConfigKeys (ConfUtils.java:logGet(43)) - raft.server.log.use.memory = false (default)
2019-09-26 20:49:52,465 [pool-413-thread-1] INFO  server.RaftServerConfigKeys (ConfUtils.java:logGet(43)) - raft.server.notification.no-leader.timeout = 120s (custom)
2019-09-26 20:49:52,466 [pool-443-thread-1] INFO  server.RaftServerConfigKeys (ConfUtils.java:logGet(43)) - raft.server.log.purge.gap = 1000000 (custom)
2019-09-26 20:49:52,465 [pool-423-thread-1] INFO  server.RaftServerConfigKeys (ConfUtils.java:logGet(43)) - raft.server.notification.no-leader.timeout = 120s (custom)
2019-09-26 20:49:52,466 [pool-443-thread-1] INFO  server.RaftServerConfigKeys (ConfUtils.java:logGet(43)) - raft.server.log.appender.buffer.byte-limit = 33554432 (custom)
2019-09-26 20:49:52,466 [pool-443-thread-1] INFO  server.RaftServerConfigKeys (ConfUtils.java:logGet(43)) - raft.server.log.segment.size.max = 1048576 (custom)
2019-09-26 20:49:52,466 [pool-413-thread-1] INFO  server.RaftServerConfigKeys (ConfUtils.java:logGet(43)) - raft.server.log.use.memory = false (default)
2019-09-26 20:49:52,466 [pool-443-thread-1] INFO  server.RaftServerConfigKeys (ConfUtils.java:logGet(43)) - raft.server.log.segment.cache.num.max = 2 (custom)
2019-09-26 20:49:52,466 [pool-443-thread-1] INFO  segmented.SegmentedRaftLogWorker (SegmentedRaftLogWorker.java:<init>(172)) - new 671dcae7-cdea-4162-b8e1-0249a200993f@group-8E6F0E340992-SegmentedRaftLogWorker for RaftStorage:Storage Directory /workdir/hadoop-ozone/integration-test/target/test-dir/MiniOzoneClusterImpl-8d5e4e8c-6c03-4042-b10d-2e9a2a95e91b/datanode-6/data/ratis/a689a8cf-7f3b-4749-8601-8e6f0e340992
2019-09-26 20:49:52,466 [pool-423-thread-1] INFO  server.RaftServerConfigKeys (ConfUtils.java:logGet(43)) - raft.server.log.use.memory = false (default)
2019-09-26 20:49:52,467 [pool-443-thread-1] INFO  server.RaftServerConfigKeys (ConfUtils.java:logGet(43)) - raft.server.log.queue.byte-limit = 2147483647 (custom)
2019-09-26 20:49:52,466 [pool-413-thread-1] INFO  server.RaftServerConfigKeys (ConfUtils.java:logGet(43)) - raft.server.log.purge.gap = 1000000 (custom)
2019-09-26 20:49:52,467 [pool-443-thread-1] INFO  server.RaftServerConfigKeys (ConfUtils.java:logGet(43)) - raft.server.log.queue.element-limit = 1024 (custom)
2019-09-26 20:49:52,467 [pool-423-thread-1] INFO  server.RaftServerConfigKeys (ConfUtils.java:logGet(43)) - raft.server.log.purge.gap = 1000000 (custom)
2019-09-26 20:49:52,467 [pool-443-thread-1] INFO  server.RaftServerConfigKeys (ConfUtils.java:logGet(43)) - raft.server.log.segment.size.max = 1048576 (custom)
2019-09-26 20:49:52,467 [pool-443-thread-1] INFO  server.RaftServerConfigKeys (ConfUtils.java:logGet(43)) - raft.server.log.preallocated.size = 16384 (custom)
2019-09-26 20:49:52,467 [pool-413-thread-1] INFO  server.RaftServerConfigKeys (ConfUtils.java:logGet(43)) - raft.server.log.appender.buffer.byte-limit = 33554432 (custom)
2019-09-26 20:49:52,467 [pool-443-thread-1] INFO  server.RaftServerConfigKeys (ConfUtils.java:logGet(43)) - raft.server.log.write.buffer.size = 33554432 (custom)
2019-09-26 20:49:52,468 [pool-443-thread-1] INFO  server.RaftServerConfigKeys (ConfUtils.java:logGet(43)) - raft.server.log.force.sync.num = 128 (default)
2019-09-26 20:49:52,467 [pool-423-thread-1] INFO  server.RaftServerConfigKeys (ConfUtils.java:logGet(43)) - raft.server.log.appender.buffer.byte-limit = 33554432 (custom)
2019-09-26 20:49:52,468 [pool-443-thread-1] INFO  server.RaftServerConfigKeys (ConfUtils.java:logGet(43)) - raft.server.log.statemachine.data.sync = true (default)
2019-09-26 20:49:52,468 [pool-413-thread-1] INFO  server.RaftServerConfigKeys (ConfUtils.java:logGet(43)) - raft.server.log.segment.size.max = 1048576 (custom)
2019-09-26 20:49:52,468 [pool-443-thread-1] INFO  server.RaftServerConfigKeys (ConfUtils.java:logGet(43)) - raft.server.log.statemachine.data.sync.timeout = 10s (default)
2019-09-26 20:49:52,468 [pool-443-thread-1] INFO  server.RaftServerConfigKeys (ConfUtils.java:logGet(43)) - raft.server.log.statemachine.data.sync.timeout.retry = -1 (default)
2019-09-26 20:49:52,468 [pool-423-thread-1] INFO  server.RaftServerConfigKeys (ConfUtils.java:logGet(43)) - raft.server.log.segment.size.max = 1048576 (custom)
2019-09-26 20:49:52,469 [pool-443-thread-1] INFO  server.RaftServerConfigKeys (ConfUtils.java:logGet(43)) - raft.server.log.statemachine.data.caching.enabled = true (custom)
2019-09-26 20:49:52,468 [pool-413-thread-1] INFO  server.RaftServerConfigKeys (ConfUtils.java:logGet(43)) - raft.server.log.segment.cache.num.max = 2 (custom)
2019-09-26 20:49:52,469 [pool-423-thread-1] INFO  server.RaftServerConfigKeys (ConfUtils.java:logGet(43)) - raft.server.log.segment.cache.num.max = 2 (custom)
2019-09-26 20:49:52,469 [pool-443-thread-1] INFO  segmented.SegmentedRaftLogWorker (SegmentedRaftLogWorker.java:lambda$new$0(132)) - 671dcae7-cdea-4162-b8e1-0249a200993f@group-8E6F0E340992-SegmentedRaftLogWorker: flushIndex: setUnconditionally 0 -> -1
2019-09-26 20:49:52,469 [pool-413-thread-1] INFO  segmented.SegmentedRaftLogWorker (SegmentedRaftLogWorker.java:<init>(172)) - new 63796a84-0610-425b-8d78-244a041f6afe@group-8E6F0E340992-SegmentedRaftLogWorker for RaftStorage:Storage Directory /workdir/hadoop-ozone/integration-test/target/test-dir/MiniOzoneClusterImpl-8d5e4e8c-6c03-4042-b10d-2e9a2a95e91b/datanode-3/data/ratis/a689a8cf-7f3b-4749-8601-8e6f0e340992
2019-09-26 20:49:52,469 [pool-423-thread-1] INFO  segmented.SegmentedRaftLogWorker (SegmentedRaftLogWorker.java:<init>(172)) - new ba614afd-2416-4a54-b733-f363754a0e17@group-8E6F0E340992-SegmentedRaftLogWorker for RaftStorage:Storage Directory /workdir/hadoop-ozone/integration-test/target/test-dir/MiniOzoneClusterImpl-8d5e4e8c-6c03-4042-b10d-2e9a2a95e91b/datanode-4/data/ratis/a689a8cf-7f3b-4749-8601-8e6f0e340992
2019-09-26 20:49:52,469 [pool-443-thread-1] INFO  server.RaftServerConfigKeys (ConfUtils.java:logGet(43)) - raft.server.snapshot.auto.trigger.enabled = true (custom)
2019-09-26 20:49:52,469 [pool-413-thread-1] INFO  server.RaftServerConfigKeys (ConfUtils.java:logGet(43)) - raft.server.log.queue.byte-limit = 2147483647 (custom)
2019-09-26 20:49:52,469 [pool-443-thread-1] INFO  server.RaftServerConfigKeys (ConfUtils.java:logGet(43)) - raft.server.snapshot.auto.trigger.threshold = 10000 (custom)
2019-09-26 20:49:52,469 [pool-423-thread-1] INFO  server.RaftServerConfigKeys (ConfUtils.java:logGet(43)) - raft.server.log.queue.byte-limit = 2147483647 (custom)
2019-09-26 20:49:52,470 [pool-443-thread-1] INFO  server.RaftServerConfigKeys (ConfUtils.java:logGet(43)) - raft.server.snapshot.retention.num.files = 5 (custom)
2019-09-26 20:49:52,470 [pool-413-thread-1] INFO  server.RaftServerConfigKeys (ConfUtils.java:logGet(43)) - raft.server.log.queue.element-limit = 1024 (custom)
2019-09-26 20:49:52,470 [pool-443-thread-1] INFO  server.RaftServerConfigKeys (ConfUtils.java:logGet(43)) - raft.server.retrycache.expirytime = 600000ms (custom)
2019-09-26 20:49:52,470 [pool-423-thread-1] INFO  server.RaftServerConfigKeys (ConfUtils.java:logGet(43)) - raft.server.log.queue.element-limit = 1024 (custom)
2019-09-26 20:49:52,470 [pool-413-thread-1] INFO  server.RaftServerConfigKeys (ConfUtils.java:logGet(43)) - raft.server.log.segment.size.max = 1048576 (custom)
2019-09-26 20:49:52,470 [pool-423-thread-1] INFO  server.RaftServerConfigKeys (ConfUtils.java:logGet(43)) - raft.server.log.segment.size.max = 1048576 (custom)
2019-09-26 20:49:52,470 [pool-413-thread-1] INFO  server.RaftServerConfigKeys (ConfUtils.java:logGet(43)) - raft.server.log.preallocated.size = 16384 (custom)
2019-09-26 20:49:52,471 [pool-423-thread-1] INFO  server.RaftServerConfigKeys (ConfUtils.java:logGet(43)) - raft.server.log.preallocated.size = 16384 (custom)
2019-09-26 20:49:52,471 [pool-413-thread-1] INFO  server.RaftServerConfigKeys (ConfUtils.java:logGet(43)) - raft.server.log.write.buffer.size = 33554432 (custom)
2019-09-26 20:49:52,471 [pool-423-thread-1] INFO  server.RaftServerConfigKeys (ConfUtils.java:logGet(43)) - raft.server.log.write.buffer.size = 33554432 (custom)
2019-09-26 20:49:52,471 [pool-413-thread-1] INFO  server.RaftServerConfigKeys (ConfUtils.java:logGet(43)) - raft.server.log.force.sync.num = 128 (default)
2019-09-26 20:49:52,471 [pool-423-thread-1] INFO  server.RaftServerConfigKeys (ConfUtils.java:logGet(43)) - raft.server.log.force.sync.num = 128 (default)
2019-09-26 20:49:52,471 [pool-413-thread-1] INFO  server.RaftServerConfigKeys (ConfUtils.java:logGet(43)) - raft.server.log.statemachine.data.sync = true (default)
2019-09-26 20:49:52,471 [pool-423-thread-1] INFO  server.RaftServerConfigKeys (ConfUtils.java:logGet(43)) - raft.server.log.statemachine.data.sync = true (default)
2019-09-26 20:49:52,471 [pool-413-thread-1] INFO  server.RaftServerConfigKeys (ConfUtils.java:logGet(43)) - raft.server.log.statemachine.data.sync.timeout = 10s (default)
2019-09-26 20:49:52,472 [pool-423-thread-1] INFO  server.RaftServerConfigKeys (ConfUtils.java:logGet(43)) - raft.server.log.statemachine.data.sync.timeout = 10s (default)
2019-09-26 20:49:52,472 [pool-443-thread-1] INFO  impl.RaftServerImpl (RaftServerImpl.java:start(185)) - 671dcae7-cdea-4162-b8e1-0249a200993f@group-8E6F0E340992: start as a follower, conf=-1: [ba614afd-2416-4a54-b733-f363754a0e17:192.168.30.57:39675, 63796a84-0610-425b-8d78-244a041f6afe:192.168.30.57:37191, 671dcae7-cdea-4162-b8e1-0249a200993f:192.168.30.57:34980], old=null
2019-09-26 20:49:52,472 [pool-423-thread-1] INFO  server.RaftServerConfigKeys (ConfUtils.java:logGet(43)) - raft.server.log.statemachine.data.sync.timeout.retry = -1 (default)
2019-09-26 20:49:52,472 [pool-413-thread-1] INFO  server.RaftServerConfigKeys (ConfUtils.java:logGet(43)) - raft.server.log.statemachine.data.sync.timeout.retry = -1 (default)
2019-09-26 20:49:52,472 [pool-423-thread-1] INFO  server.RaftServerConfigKeys (ConfUtils.java:logGet(43)) - raft.server.log.statemachine.data.caching.enabled = true (custom)
2019-09-26 20:49:52,472 [pool-443-thread-1] INFO  impl.RaftServerImpl (RaftServerImpl.java:setRole(174)) - 671dcae7-cdea-4162-b8e1-0249a200993f@group-8E6F0E340992: changes role from      null to FOLLOWER at term 0 for startAsFollower
2019-09-26 20:49:52,472 [pool-413-thread-1] INFO  server.RaftServerConfigKeys (ConfUtils.java:logGet(43)) - raft.server.log.statemachine.data.caching.enabled = true (custom)
2019-09-26 20:49:52,472 [pool-443-thread-1] INFO  impl.RoleInfo (RoleInfo.java:updateAndGet(143)) - 671dcae7-cdea-4162-b8e1-0249a200993f: start FollowerState
2019-09-26 20:49:52,473 [pool-423-thread-1] INFO  segmented.SegmentedRaftLogWorker (SegmentedRaftLogWorker.java:lambda$new$0(132)) - ba614afd-2416-4a54-b733-f363754a0e17@group-8E6F0E340992-SegmentedRaftLogWorker: flushIndex: setUnconditionally 0 -> -1
2019-09-26 20:49:52,473 [pool-413-thread-1] INFO  segmented.SegmentedRaftLogWorker (SegmentedRaftLogWorker.java:lambda$new$0(132)) - 63796a84-0610-425b-8d78-244a041f6afe@group-8E6F0E340992-SegmentedRaftLogWorker: flushIndex: setUnconditionally 0 -> -1
2019-09-26 20:49:52,473 [pool-443-thread-1] INFO  util.JmxRegister (JmxRegister.java:tryRegister(44)) - Successfully registered JMX Bean with object name Ratis:service=RaftServer,group=group-8E6F0E340992,id=671dcae7-cdea-4162-b8e1-0249a200993f
2019-09-26 20:49:52,473 [pool-423-thread-1] INFO  server.RaftServerConfigKeys (ConfUtils.java:logGet(43)) - raft.server.snapshot.auto.trigger.enabled = true (custom)
2019-09-26 20:49:52,473 [pool-413-thread-1] INFO  server.RaftServerConfigKeys (ConfUtils.java:logGet(43)) - raft.server.snapshot.auto.trigger.enabled = true (custom)
2019-09-26 20:49:52,473 [pool-423-thread-1] INFO  server.RaftServerConfigKeys (ConfUtils.java:logGet(43)) - raft.server.snapshot.auto.trigger.threshold = 10000 (custom)
2019-09-26 20:49:52,473 [pool-413-thread-1] INFO  server.RaftServerConfigKeys (ConfUtils.java:logGet(43)) - raft.server.snapshot.auto.trigger.threshold = 10000 (custom)
2019-09-26 20:49:52,473 [pool-423-thread-1] INFO  server.RaftServerConfigKeys (ConfUtils.java:logGet(43)) - raft.server.snapshot.retention.num.files = 5 (custom)
2019-09-26 20:49:52,473 [pool-413-thread-1] INFO  server.RaftServerConfigKeys (ConfUtils.java:logGet(43)) - raft.server.snapshot.retention.num.files = 5 (custom)
2019-09-26 20:49:52,474 [pool-423-thread-1] INFO  server.RaftServerConfigKeys (ConfUtils.java:logGet(43)) - raft.server.retrycache.expirytime = 600000ms (custom)
2019-09-26 20:49:52,474 [pool-413-thread-1] INFO  server.RaftServerConfigKeys (ConfUtils.java:logGet(43)) - raft.server.retrycache.expirytime = 600000ms (custom)
2019-09-26 20:49:52,477 [pool-423-thread-1] INFO  impl.RaftServerImpl (RaftServerImpl.java:start(185)) - ba614afd-2416-4a54-b733-f363754a0e17@group-8E6F0E340992: start as a follower, conf=-1: [ba614afd-2416-4a54-b733-f363754a0e17:192.168.30.57:39675, 63796a84-0610-425b-8d78-244a041f6afe:192.168.30.57:37191, 671dcae7-cdea-4162-b8e1-0249a200993f:192.168.30.57:34980], old=null
2019-09-26 20:49:52,477 [pool-413-thread-1] INFO  impl.RaftServerImpl (RaftServerImpl.java:start(185)) - 63796a84-0610-425b-8d78-244a041f6afe@group-8E6F0E340992: start as a follower, conf=-1: [ba614afd-2416-4a54-b733-f363754a0e17:192.168.30.57:39675, 63796a84-0610-425b-8d78-244a041f6afe:192.168.30.57:37191, 671dcae7-cdea-4162-b8e1-0249a200993f:192.168.30.57:34980], old=null
2019-09-26 20:49:52,477 [pool-423-thread-1] INFO  impl.RaftServerImpl (RaftServerImpl.java:setRole(174)) - ba614afd-2416-4a54-b733-f363754a0e17@group-8E6F0E340992: changes role from      null to FOLLOWER at term 0 for startAsFollower
2019-09-26 20:49:52,477 [pool-413-thread-1] INFO  impl.RaftServerImpl (RaftServerImpl.java:setRole(174)) - 63796a84-0610-425b-8d78-244a041f6afe@group-8E6F0E340992: changes role from      null to FOLLOWER at term 0 for startAsFollower
2019-09-26 20:49:52,477 [pool-423-thread-1] INFO  impl.RoleInfo (RoleInfo.java:updateAndGet(143)) - ba614afd-2416-4a54-b733-f363754a0e17: start FollowerState
2019-09-26 20:49:52,477 [pool-413-thread-1] INFO  impl.RoleInfo (RoleInfo.java:updateAndGet(143)) - 63796a84-0610-425b-8d78-244a041f6afe: start FollowerState
2019-09-26 20:49:52,477 [pool-423-thread-1] INFO  util.JmxRegister (JmxRegister.java:tryRegister(44)) - Successfully registered JMX Bean with object name Ratis:service=RaftServer,group=group-8E6F0E340992,id=ba614afd-2416-4a54-b733-f363754a0e17
2019-09-26 20:49:52,478 [pool-413-thread-1] INFO  util.JmxRegister (JmxRegister.java:tryRegister(44)) - Successfully registered JMX Bean with object name Ratis:service=RaftServer,group=group-8E6F0E340992,id=63796a84-0610-425b-8d78-244a041f6afe
2019-09-26 20:49:52,480 [RatisPipelineUtilsThread] INFO  pipeline.PipelineStateManager (PipelineStateManager.java:addPipeline(56)) - Created pipeline Pipeline[ Id: a689a8cf-7f3b-4749-8601-8e6f0e340992, Nodes: ba614afd-2416-4a54-b733-f363754a0e17{ip: 192.168.30.57, host: pr-hdds-2174-wsqbx-838867654, networkLocation: /default-rack, certSerialId: null}63796a84-0610-425b-8d78-244a041f6afe{ip: 192.168.30.57, host: pr-hdds-2174-wsqbx-838867654, networkLocation: /default-rack, certSerialId: null}671dcae7-cdea-4162-b8e1-0249a200993f{ip: 192.168.30.57, host: pr-hdds-2174-wsqbx-838867654, networkLocation: /default-rack, certSerialId: null}, Type:RATIS, Factor:THREE, State:OPEN]
2019-09-26 20:49:53,361 [main] INFO  ozone.MiniOzoneClusterImpl (MiniOzoneClusterImpl.java:lambda$waitForClusterToBeReady$0(147)) - Cluster is ready. Got 7 of 7 DN Heartbeats.
2019-09-26 20:49:53,411 [main] INFO  rpc.RpcClient (RpcClient.java:createVolume(276)) - Creating Volume: watchforcommithandlingtest, with jenkins1000 as owner.
2019-09-26 20:49:53,414 [IPC Server handler 1 on 40668] INFO  volume.OMVolumeCreateRequest (OMVolumeCreateRequest.java:validateAndUpdateCache(194)) - created volume:watchforcommithandlingtest for user:jenkins1000
2019-09-26 20:49:53,428 [main] INFO  rpc.RpcClient (RpcClient.java:createBucket(415)) - Creating Bucket: watchforcommithandlingtest/watchforcommithandlingtest, with Versioning false and Storage Type set to DISK and Encryption set to false 
2019-09-26 20:49:53,432 [main] INFO  ozone.MiniOzoneClusterImpl (MiniOzoneClusterImpl.java:getStorageContainerLocationClient(234)) - Creating StorageContainerLocationProtocol RPC client with address /0.0.0.0:41258
2019-09-26 20:49:54,964 [Thread-2284] INFO  container.ReplicationManager (ReplicationManager.java:start(162)) - Starting Replication Monitor Thread.
2019-09-26 20:49:54,969 [ReplicationMonitor] INFO  container.ReplicationManager (ReplicationManager.java:run(225)) - Replication Monitor Thread took 0 milliseconds for processing 1 containers.
2019-09-26 20:49:57,123 [Thread-2289] INFO  impl.FollowerState (FollowerState.java:run(106)) - 0a9fc6eb-77d3-4a76-a53e-207bfd2af7a0:group-FF5FE8101256 changes to CANDIDATE, lastRpcTime:5047, electionTimeout:5047ms
2019-09-26 20:49:57,124 [Thread-2289] INFO  impl.RoleInfo (RoleInfo.java:shutdownFollowerState(121)) - 0a9fc6eb-77d3-4a76-a53e-207bfd2af7a0: shutdown FollowerState
2019-09-26 20:49:57,124 [Thread-2289] INFO  impl.RaftServerImpl (RaftServerImpl.java:setRole(174)) - 0a9fc6eb-77d3-4a76-a53e-207bfd2af7a0@group-FF5FE8101256: changes role from  FOLLOWER to CANDIDATE at term 0 for changeToCandidate
2019-09-26 20:49:57,125 [Thread-2289] INFO  impl.RoleInfo (RoleInfo.java:updateAndGet(143)) - 0a9fc6eb-77d3-4a76-a53e-207bfd2af7a0: start LeaderElection
2019-09-26 20:49:57,148 [0a9fc6eb-77d3-4a76-a53e-207bfd2af7a0@group-FF5FE8101256:LeaderElection58] INFO  impl.LeaderElection (LeaderElection.java:askForVotes(182)) - 0a9fc6eb-77d3-4a76-a53e-207bfd2af7a0@group-FF5FE8101256:LeaderElection58: begin an election at term 1 for -1: [0a9fc6eb-77d3-4a76-a53e-207bfd2af7a0:192.168.30.57:37375], old=null
2019-09-26 20:49:57,148 [0a9fc6eb-77d3-4a76-a53e-207bfd2af7a0@group-FF5FE8101256:LeaderElection58] INFO  impl.RoleInfo (RoleInfo.java:shutdownLeaderElection(134)) - 0a9fc6eb-77d3-4a76-a53e-207bfd2af7a0: shutdown LeaderElection
2019-09-26 20:49:57,149 [0a9fc6eb-77d3-4a76-a53e-207bfd2af7a0@group-FF5FE8101256:LeaderElection58] INFO  impl.RaftServerImpl (RaftServerImpl.java:setRole(174)) - 0a9fc6eb-77d3-4a76-a53e-207bfd2af7a0@group-FF5FE8101256: changes role from CANDIDATE to LEADER at term 1 for changeToLeader
2019-09-26 20:49:57,149 [0a9fc6eb-77d3-4a76-a53e-207bfd2af7a0@group-FF5FE8101256:LeaderElection58] INFO  impl.RaftServerImpl (ServerState.java:setLeader(253)) - 0a9fc6eb-77d3-4a76-a53e-207bfd2af7a0@group-FF5FE8101256: change Leader from null to 0a9fc6eb-77d3-4a76-a53e-207bfd2af7a0 at term 1 for becomeLeader, leader elected after 5080ms
2019-09-26 20:49:57,149 [0a9fc6eb-77d3-4a76-a53e-207bfd2af7a0@group-FF5FE8101256:LeaderElection58] INFO  server.RaftServerConfigKeys (ConfUtils.java:logGet(43)) - raft.server.staging.catchup.gap = 1000 (default)
2019-09-26 20:49:57,149 [0a9fc6eb-77d3-4a76-a53e-207bfd2af7a0@group-FF5FE8101256:LeaderElection58] INFO  server.RaftServerConfigKeys (ConfUtils.java:logGet(43)) - raft.server.rpc.sleep.time = 25ms (default)
2019-09-26 20:49:57,149 [0a9fc6eb-77d3-4a76-a53e-207bfd2af7a0@group-FF5FE8101256:LeaderElection58] INFO  server.RaftServerConfigKeys (ConfUtils.java:logGet(43)) - raft.server.write.element-limit = 4096 (default)
2019-09-26 20:49:57,149 [0a9fc6eb-77d3-4a76-a53e-207bfd2af7a0@group-FF5FE8101256:LeaderElection58] INFO  server.RaftServerConfigKeys (ConfUtils.java:logGet(43)) - raft.server.watch.timeout = 10s (default)
2019-09-26 20:49:57,150 [0a9fc6eb-77d3-4a76-a53e-207bfd2af7a0@group-FF5FE8101256:LeaderElection58] INFO  server.RaftServerConfigKeys (ConfUtils.java:logGet(43)) - raft.server.watch.timeout.denomination = 1s (default)
2019-09-26 20:49:57,150 [0a9fc6eb-77d3-4a76-a53e-207bfd2af7a0@group-FF5FE8101256:LeaderElection58] INFO  server.RaftServerConfigKeys (ConfUtils.java:logGet(43)) - raft.server.watch.element-limit = 65536 (default)
2019-09-26 20:49:57,152 [0a9fc6eb-77d3-4a76-a53e-207bfd2af7a0@group-FF5FE8101256:LeaderElection58] INFO  impl.RoleInfo (RoleInfo.java:updateAndGet(143)) - 0a9fc6eb-77d3-4a76-a53e-207bfd2af7a0: start LeaderState
2019-09-26 20:49:57,152 [0a9fc6eb-77d3-4a76-a53e-207bfd2af7a0@group-FF5FE8101256:LeaderElection58] INFO  segmented.SegmentedRaftLogWorker (SegmentedRaftLogWorker.java:startLogSegment(380)) - 0a9fc6eb-77d3-4a76-a53e-207bfd2af7a0@group-FF5FE8101256-SegmentedRaftLogWorker: Starting segment from index:0
2019-09-26 20:49:57,153 [0a9fc6eb-77d3-4a76-a53e-207bfd2af7a0@group-FF5FE8101256:LeaderElection58] INFO  impl.RaftServerImpl (ServerState.java:setRaftConf(354)) - 0a9fc6eb-77d3-4a76-a53e-207bfd2af7a0@group-FF5FE8101256: set configuration 0: [0a9fc6eb-77d3-4a76-a53e-207bfd2af7a0:192.168.30.57:37375], old=null at 0
2019-09-26 20:49:57,173 [Thread-2292] INFO  impl.FollowerState (FollowerState.java:run(106)) - 0ba741d3-e74b-4583-8c46-f3eef39c8b87:group-67A4A297E537 changes to CANDIDATE, lastRpcTime:5025, electionTimeout:5025ms
2019-09-26 20:49:57,173 [Thread-2292] INFO  impl.RoleInfo (RoleInfo.java:shutdownFollowerState(121)) - 0ba741d3-e74b-4583-8c46-f3eef39c8b87: shutdown FollowerState
2019-09-26 20:49:57,173 [Thread-2292] INFO  impl.RaftServerImpl (RaftServerImpl.java:setRole(174)) - 0ba741d3-e74b-4583-8c46-f3eef39c8b87@group-67A4A297E537: changes role from  FOLLOWER to CANDIDATE at term 0 for changeToCandidate
2019-09-26 20:49:57,173 [Thread-2292] INFO  impl.RoleInfo (RoleInfo.java:updateAndGet(143)) - 0ba741d3-e74b-4583-8c46-f3eef39c8b87: start LeaderElection
2019-09-26 20:49:57,202 [Thread-2286] INFO  impl.FollowerState (FollowerState.java:run(106)) - c642a3ed-6835-4e80-8c1e-9298e9a0c556:group-DACE26689539 changes to CANDIDATE, lastRpcTime:5185, electionTimeout:5185ms
2019-09-26 20:49:57,203 [Thread-2286] INFO  impl.RoleInfo (RoleInfo.java:shutdownFollowerState(121)) - c642a3ed-6835-4e80-8c1e-9298e9a0c556: shutdown FollowerState
2019-09-26 20:49:57,203 [Thread-2286] INFO  impl.RaftServerImpl (RaftServerImpl.java:setRole(174)) - c642a3ed-6835-4e80-8c1e-9298e9a0c556@group-DACE26689539: changes role from  FOLLOWER to CANDIDATE at term 0 for changeToCandidate
2019-09-26 20:49:57,203 [Thread-2286] INFO  impl.RoleInfo (RoleInfo.java:updateAndGet(143)) - c642a3ed-6835-4e80-8c1e-9298e9a0c556: start LeaderElection
2019-09-26 20:49:57,206 [Thread-2295] INFO  impl.FollowerState (FollowerState.java:run(106)) - c642a3ed-6835-4e80-8c1e-9298e9a0c556:group-6C9E397D0F29 changes to CANDIDATE, lastRpcTime:5003, electionTimeout:5002ms
2019-09-26 20:49:57,206 [Thread-2295] INFO  impl.RoleInfo (RoleInfo.java:shutdownFollowerState(121)) - c642a3ed-6835-4e80-8c1e-9298e9a0c556: shutdown FollowerState
2019-09-26 20:49:57,206 [Thread-2295] INFO  impl.RaftServerImpl (RaftServerImpl.java:setRole(174)) - c642a3ed-6835-4e80-8c1e-9298e9a0c556@group-6C9E397D0F29: changes role from  FOLLOWER to CANDIDATE at term 0 for changeToCandidate
2019-09-26 20:49:57,211 [0a9fc6eb-77d3-4a76-a53e-207bfd2af7a0@group-FF5FE8101256-SegmentedRaftLogWorker] INFO  segmented.SegmentedRaftLogWorker (SegmentedRaftLogWorker.java:execute(569)) - 0a9fc6eb-77d3-4a76-a53e-207bfd2af7a0@group-FF5FE8101256-SegmentedRaftLogWorker: created new log segment /workdir/hadoop-ozone/integration-test/target/test-dir/MiniOzoneClusterImpl-8d5e4e8c-6c03-4042-b10d-2e9a2a95e91b/datanode-1/data/ratis/7991c506-44fa-4eb3-9268-ff5fe8101256/current/log_inprogress_0
2019-09-26 20:49:57,211 [0ba741d3-e74b-4583-8c46-f3eef39c8b87@group-67A4A297E537:LeaderElection59] INFO  impl.LeaderElection (LeaderElection.java:askForVotes(182)) - 0ba741d3-e74b-4583-8c46-f3eef39c8b87@group-67A4A297E537:LeaderElection59: begin an election at term 1 for -1: [0ba741d3-e74b-4583-8c46-f3eef39c8b87:192.168.30.57:44167], old=null
2019-09-26 20:49:57,211 [Thread-2295] INFO  impl.RoleInfo (RoleInfo.java:updateAndGet(143)) - c642a3ed-6835-4e80-8c1e-9298e9a0c556: start LeaderElection
2019-09-26 20:49:57,211 [0ba741d3-e74b-4583-8c46-f3eef39c8b87@group-67A4A297E537:LeaderElection59] INFO  impl.RoleInfo (RoleInfo.java:shutdownLeaderElection(134)) - 0ba741d3-e74b-4583-8c46-f3eef39c8b87: shutdown LeaderElection
2019-09-26 20:49:57,214 [0ba741d3-e74b-4583-8c46-f3eef39c8b87@group-67A4A297E537:LeaderElection59] INFO  impl.RaftServerImpl (RaftServerImpl.java:setRole(174)) - 0ba741d3-e74b-4583-8c46-f3eef39c8b87@group-67A4A297E537: changes role from CANDIDATE to LEADER at term 1 for changeToLeader
2019-09-26 20:49:57,216 [0ba741d3-e74b-4583-8c46-f3eef39c8b87@group-67A4A297E537:LeaderElection59] INFO  impl.RaftServerImpl (ServerState.java:setLeader(253)) - 0ba741d3-e74b-4583-8c46-f3eef39c8b87@group-67A4A297E537: change Leader from null to 0ba741d3-e74b-4583-8c46-f3eef39c8b87 at term 1 for becomeLeader, leader elected after 5075ms
2019-09-26 20:49:57,217 [0ba741d3-e74b-4583-8c46-f3eef39c8b87@group-67A4A297E537:LeaderElection59] INFO  server.RaftServerConfigKeys (ConfUtils.java:logGet(43)) - raft.server.staging.catchup.gap = 1000 (default)
2019-09-26 20:49:57,217 [0ba741d3-e74b-4583-8c46-f3eef39c8b87@group-67A4A297E537:LeaderElection59] INFO  server.RaftServerConfigKeys (ConfUtils.java:logGet(43)) - raft.server.rpc.sleep.time = 25ms (default)
2019-09-26 20:49:57,217 [0ba741d3-e74b-4583-8c46-f3eef39c8b87@group-67A4A297E537:LeaderElection59] INFO  server.RaftServerConfigKeys (ConfUtils.java:logGet(43)) - raft.server.write.element-limit = 4096 (default)
2019-09-26 20:49:57,217 [0ba741d3-e74b-4583-8c46-f3eef39c8b87@group-67A4A297E537:LeaderElection59] INFO  server.RaftServerConfigKeys (ConfUtils.java:logGet(43)) - raft.server.watch.timeout = 10s (default)
2019-09-26 20:49:57,217 [0ba741d3-e74b-4583-8c46-f3eef39c8b87@group-67A4A297E537:LeaderElection59] INFO  server.RaftServerConfigKeys (ConfUtils.java:logGet(43)) - raft.server.watch.timeout.denomination = 1s (default)
2019-09-26 20:49:57,217 [0ba741d3-e74b-4583-8c46-f3eef39c8b87@group-67A4A297E537:LeaderElection59] INFO  server.RaftServerConfigKeys (ConfUtils.java:logGet(43)) - raft.server.watch.element-limit = 65536 (default)
2019-09-26 20:49:57,219 [0ba741d3-e74b-4583-8c46-f3eef39c8b87@group-67A4A297E537:LeaderElection59] INFO  impl.RoleInfo (RoleInfo.java:updateAndGet(143)) - 0ba741d3-e74b-4583-8c46-f3eef39c8b87: start LeaderState
2019-09-26 20:49:57,219 [0ba741d3-e74b-4583-8c46-f3eef39c8b87@group-67A4A297E537:LeaderElection59] INFO  segmented.SegmentedRaftLogWorker (SegmentedRaftLogWorker.java:startLogSegment(380)) - 0ba741d3-e74b-4583-8c46-f3eef39c8b87@group-67A4A297E537-SegmentedRaftLogWorker: Starting segment from index:0
2019-09-26 20:49:57,220 [0ba741d3-e74b-4583-8c46-f3eef39c8b87@group-67A4A297E537:LeaderElection59] INFO  impl.RaftServerImpl (ServerState.java:setRaftConf(354)) - 0ba741d3-e74b-4583-8c46-f3eef39c8b87@group-67A4A297E537: set configuration 0: [0ba741d3-e74b-4583-8c46-f3eef39c8b87:192.168.30.57:44167], old=null at 0
2019-09-26 20:49:57,224 [c642a3ed-6835-4e80-8c1e-9298e9a0c556@group-DACE26689539:LeaderElection60] INFO  impl.LeaderElection (LeaderElection.java:askForVotes(182)) - c642a3ed-6835-4e80-8c1e-9298e9a0c556@group-DACE26689539:LeaderElection60: begin an election at term 1 for -1: [c642a3ed-6835-4e80-8c1e-9298e9a0c556:192.168.30.57:41571], old=null
2019-09-26 20:49:57,224 [c642a3ed-6835-4e80-8c1e-9298e9a0c556@group-6C9E397D0F29:LeaderElection61] INFO  impl.LeaderElection (LeaderElection.java:askForVotes(182)) - c642a3ed-6835-4e80-8c1e-9298e9a0c556@group-6C9E397D0F29:LeaderElection61: begin an election at term 1 for -1: [c642a3ed-6835-4e80-8c1e-9298e9a0c556:192.168.30.57:41571, 0a9fc6eb-77d3-4a76-a53e-207bfd2af7a0:192.168.30.57:37375, 0ba741d3-e74b-4583-8c46-f3eef39c8b87:192.168.30.57:44167], old=null
2019-09-26 20:49:57,224 [c642a3ed-6835-4e80-8c1e-9298e9a0c556@group-DACE26689539:LeaderElection60] INFO  impl.RoleInfo (RoleInfo.java:shutdownLeaderElection(134)) - c642a3ed-6835-4e80-8c1e-9298e9a0c556: shutdown LeaderElection
2019-09-26 20:49:57,225 [c642a3ed-6835-4e80-8c1e-9298e9a0c556@group-DACE26689539:LeaderElection60] INFO  impl.RaftServerImpl (RaftServerImpl.java:setRole(174)) - c642a3ed-6835-4e80-8c1e-9298e9a0c556@group-DACE26689539: changes role from CANDIDATE to LEADER at term 1 for changeToLeader
2019-09-26 20:49:57,225 [c642a3ed-6835-4e80-8c1e-9298e9a0c556@group-DACE26689539:LeaderElection60] INFO  impl.RaftServerImpl (ServerState.java:setLeader(253)) - c642a3ed-6835-4e80-8c1e-9298e9a0c556@group-DACE26689539: change Leader from null to c642a3ed-6835-4e80-8c1e-9298e9a0c556 at term 1 for becomeLeader, leader elected after 5217ms
2019-09-26 20:49:57,225 [c642a3ed-6835-4e80-8c1e-9298e9a0c556@group-DACE26689539:LeaderElection60] INFO  server.RaftServerConfigKeys (ConfUtils.java:logGet(43)) - raft.server.staging.catchup.gap = 1000 (default)
2019-09-26 20:49:57,225 [c642a3ed-6835-4e80-8c1e-9298e9a0c556@group-DACE26689539:LeaderElection60] INFO  server.RaftServerConfigKeys (ConfUtils.java:logGet(43)) - raft.server.rpc.sleep.time = 25ms (default)
2019-09-26 20:49:57,225 [c642a3ed-6835-4e80-8c1e-9298e9a0c556@group-DACE26689539:LeaderElection60] INFO  server.RaftServerConfigKeys (ConfUtils.java:logGet(43)) - raft.server.write.element-limit = 4096 (default)
2019-09-26 20:49:57,225 [c642a3ed-6835-4e80-8c1e-9298e9a0c556@group-DACE26689539:LeaderElection60] INFO  server.RaftServerConfigKeys (ConfUtils.java:logGet(43)) - raft.server.watch.timeout = 10s (default)
2019-09-26 20:49:57,226 [c642a3ed-6835-4e80-8c1e-9298e9a0c556@group-DACE26689539:LeaderElection60] INFO  server.RaftServerConfigKeys (ConfUtils.java:logGet(43)) - raft.server.watch.timeout.denomination = 1s (default)
2019-09-26 20:49:57,226 [c642a3ed-6835-4e80-8c1e-9298e9a0c556@group-DACE26689539:LeaderElection60] INFO  server.RaftServerConfigKeys (ConfUtils.java:logGet(43)) - raft.server.watch.element-limit = 65536 (default)
2019-09-26 20:49:57,228 [c642a3ed-6835-4e80-8c1e-9298e9a0c556@group-DACE26689539:LeaderElection60] INFO  impl.RoleInfo (RoleInfo.java:updateAndGet(143)) - c642a3ed-6835-4e80-8c1e-9298e9a0c556: start LeaderState
2019-09-26 20:49:57,228 [c642a3ed-6835-4e80-8c1e-9298e9a0c556@group-DACE26689539:LeaderElection60] INFO  segmented.SegmentedRaftLogWorker (SegmentedRaftLogWorker.java:startLogSegment(380)) - c642a3ed-6835-4e80-8c1e-9298e9a0c556@group-DACE26689539-SegmentedRaftLogWorker: Starting segment from index:0
2019-09-26 20:49:57,228 [c642a3ed-6835-4e80-8c1e-9298e9a0c556@group-DACE26689539:LeaderElection60] INFO  impl.RaftServerImpl (ServerState.java:setRaftConf(354)) - c642a3ed-6835-4e80-8c1e-9298e9a0c556@group-DACE26689539: set configuration 0: [c642a3ed-6835-4e80-8c1e-9298e9a0c556:192.168.30.57:41571], old=null at 0
2019-09-26 20:49:57,229 [grpc-default-executor-5] INFO  impl.RaftServerImpl (RaftServerImpl.java:setRole(174)) - 0ba741d3-e74b-4583-8c46-f3eef39c8b87@group-6C9E397D0F29: changes role from  FOLLOWER to FOLLOWER at term 1 for recognizeCandidate:c642a3ed-6835-4e80-8c1e-9298e9a0c556
2019-09-26 20:49:57,229 [grpc-default-executor-4] INFO  impl.RaftServerImpl (RaftServerImpl.java:setRole(174)) - 0a9fc6eb-77d3-4a76-a53e-207bfd2af7a0@group-6C9E397D0F29: changes role from  FOLLOWER to FOLLOWER at term 1 for recognizeCandidate:c642a3ed-6835-4e80-8c1e-9298e9a0c556
2019-09-26 20:49:57,229 [grpc-default-executor-5] INFO  impl.RoleInfo (RoleInfo.java:shutdownFollowerState(121)) - 0ba741d3-e74b-4583-8c46-f3eef39c8b87: shutdown FollowerState
2019-09-26 20:49:57,229 [grpc-default-executor-4] INFO  impl.RoleInfo (RoleInfo.java:shutdownFollowerState(121)) - 0a9fc6eb-77d3-4a76-a53e-207bfd2af7a0: shutdown FollowerState
2019-09-26 20:49:57,229 [Thread-2300] INFO  impl.FollowerState (FollowerState.java:run(115)) - 0ba741d3-e74b-4583-8c46-f3eef39c8b87: FollowerState was interrupted: java.lang.InterruptedException: sleep interrupted
2019-09-26 20:49:57,230 [Thread-2299] INFO  impl.FollowerState (FollowerState.java:run(115)) - 0a9fc6eb-77d3-4a76-a53e-207bfd2af7a0: FollowerState was interrupted: java.lang.InterruptedException: sleep interrupted
2019-09-26 20:49:57,229 [grpc-default-executor-5] INFO  impl.RoleInfo (RoleInfo.java:updateAndGet(143)) - 0ba741d3-e74b-4583-8c46-f3eef39c8b87: start FollowerState
2019-09-26 20:49:57,229 [grpc-default-executor-4] INFO  impl.RoleInfo (RoleInfo.java:updateAndGet(143)) - 0a9fc6eb-77d3-4a76-a53e-207bfd2af7a0: start FollowerState
2019-09-26 20:49:57,279 [0ba741d3-e74b-4583-8c46-f3eef39c8b87@group-67A4A297E537-SegmentedRaftLogWorker] INFO  segmented.SegmentedRaftLogWorker (SegmentedRaftLogWorker.java:execute(569)) - 0ba741d3-e74b-4583-8c46-f3eef39c8b87@group-67A4A297E537-SegmentedRaftLogWorker: created new log segment /workdir/hadoop-ozone/integration-test/target/test-dir/MiniOzoneClusterImpl-8d5e4e8c-6c03-4042-b10d-2e9a2a95e91b/datanode-2/data/ratis/3a57622c-6500-4b9f-83a8-67a4a297e537/current/log_inprogress_0
2019-09-26 20:49:57,279 [c642a3ed-6835-4e80-8c1e-9298e9a0c556@group-DACE26689539-SegmentedRaftLogWorker] INFO  segmented.SegmentedRaftLogWorker (SegmentedRaftLogWorker.java:execute(569)) - c642a3ed-6835-4e80-8c1e-9298e9a0c556@group-DACE26689539-SegmentedRaftLogWorker: created new log segment /workdir/hadoop-ozone/integration-test/target/test-dir/MiniOzoneClusterImpl-8d5e4e8c-6c03-4042-b10d-2e9a2a95e91b/datanode-0/data/ratis/e1e2c839-d4de-45e3-a57a-dace26689539/current/log_inprogress_0
2019-09-26 20:49:57,280 [c642a3ed-6835-4e80-8c1e-9298e9a0c556@group-6C9E397D0F29:LeaderElection61] INFO  impl.LeaderElection (LeaderElection.java:logAndReturn(56)) - c642a3ed-6835-4e80-8c1e-9298e9a0c556@group-6C9E397D0F29:LeaderElection61: Election PASSED; received 1 response(s) [c642a3ed-6835-4e80-8c1e-9298e9a0c556<-0a9fc6eb-77d3-4a76-a53e-207bfd2af7a0#0:OK-t1] and 0 exception(s); c642a3ed-6835-4e80-8c1e-9298e9a0c556@group-6C9E397D0F29:t1, leader=null, voted=c642a3ed-6835-4e80-8c1e-9298e9a0c556, raftlog=c642a3ed-6835-4e80-8c1e-9298e9a0c556@group-6C9E397D0F29-SegmentedRaftLog:OPENED:c-1,f-1,i0, conf=-1: [c642a3ed-6835-4e80-8c1e-9298e9a0c556:192.168.30.57:41571, 0a9fc6eb-77d3-4a76-a53e-207bfd2af7a0:192.168.30.57:37375, 0ba741d3-e74b-4583-8c46-f3eef39c8b87:192.168.30.57:44167], old=null
2019-09-26 20:49:57,281 [c642a3ed-6835-4e80-8c1e-9298e9a0c556@group-6C9E397D0F29:LeaderElection61] INFO  impl.RoleInfo (RoleInfo.java:shutdownLeaderElection(134)) - c642a3ed-6835-4e80-8c1e-9298e9a0c556: shutdown LeaderElection
2019-09-26 20:49:57,281 [c642a3ed-6835-4e80-8c1e-9298e9a0c556@group-6C9E397D0F29:LeaderElection61] INFO  impl.RaftServerImpl (RaftServerImpl.java:setRole(174)) - c642a3ed-6835-4e80-8c1e-9298e9a0c556@group-6C9E397D0F29: changes role from CANDIDATE to LEADER at term 1 for changeToLeader
2019-09-26 20:49:57,281 [c642a3ed-6835-4e80-8c1e-9298e9a0c556@group-6C9E397D0F29:LeaderElection61] INFO  impl.RaftServerImpl (ServerState.java:setLeader(253)) - c642a3ed-6835-4e80-8c1e-9298e9a0c556@group-6C9E397D0F29: change Leader from null to c642a3ed-6835-4e80-8c1e-9298e9a0c556 at term 1 for becomeLeader, leader elected after 5085ms
2019-09-26 20:49:57,281 [c642a3ed-6835-4e80-8c1e-9298e9a0c556@group-6C9E397D0F29:LeaderElection61] INFO  server.RaftServerConfigKeys (ConfUtils.java:logGet(43)) - raft.server.staging.catchup.gap = 1000 (default)
2019-09-26 20:49:57,281 [c642a3ed-6835-4e80-8c1e-9298e9a0c556@group-6C9E397D0F29:LeaderElection61] INFO  server.RaftServerConfigKeys (ConfUtils.java:logGet(43)) - raft.server.rpc.sleep.time = 25ms (default)
2019-09-26 20:49:57,282 [c642a3ed-6835-4e80-8c1e-9298e9a0c556@group-6C9E397D0F29:LeaderElection61] INFO  server.RaftServerConfigKeys (ConfUtils.java:logGet(43)) - raft.server.write.element-limit = 4096 (default)
2019-09-26 20:49:57,282 [c642a3ed-6835-4e80-8c1e-9298e9a0c556@group-6C9E397D0F29:LeaderElection61] INFO  server.RaftServerConfigKeys (ConfUtils.java:logGet(43)) - raft.server.watch.timeout = 10s (default)
2019-09-26 20:49:57,282 [c642a3ed-6835-4e80-8c1e-9298e9a0c556@group-6C9E397D0F29:LeaderElection61] INFO  server.RaftServerConfigKeys (ConfUtils.java:logGet(43)) - raft.server.watch.timeout.denomination = 1s (default)
2019-09-26 20:49:57,282 [c642a3ed-6835-4e80-8c1e-9298e9a0c556@group-6C9E397D0F29:LeaderElection61] INFO  server.RaftServerConfigKeys (ConfUtils.java:logGet(43)) - raft.server.watch.element-limit = 65536 (default)
2019-09-26 20:49:57,284 [c642a3ed-6835-4e80-8c1e-9298e9a0c556@group-6C9E397D0F29:LeaderElection61] INFO  server.RaftServerConfigKeys (ConfUtils.java:logGet(43)) - raft.server.log.appender.snapshot.chunk.size.max = 16MB (=16777216) (default)
2019-09-26 20:49:57,285 [c642a3ed-6835-4e80-8c1e-9298e9a0c556@group-6C9E397D0F29:LeaderElection61] INFO  server.RaftServerConfigKeys (ConfUtils.java:logGet(43)) - raft.server.log.appender.buffer.byte-limit = 33554432 (custom)
2019-09-26 20:49:57,285 [c642a3ed-6835-4e80-8c1e-9298e9a0c556@group-6C9E397D0F29:LeaderElection61] INFO  server.RaftServerConfigKeys (ConfUtils.java:logGet(43)) - raft.server.log.appender.buffer.element-limit = 1 (custom)
2019-09-26 20:49:57,285 [c642a3ed-6835-4e80-8c1e-9298e9a0c556@group-6C9E397D0F29:LeaderElection61] INFO  grpc.GrpcConfigKeys$Server (ConfUtils.java:logGet(43)) - raft.grpc.server.leader.outstanding.appends.max = 128 (default)
2019-09-26 20:49:57,285 [c642a3ed-6835-4e80-8c1e-9298e9a0c556@group-6C9E397D0F29:LeaderElection61] INFO  server.RaftServerConfigKeys (ConfUtils.java:logGet(43)) - raft.server.rpc.request.timeout = 3000ms (default)
2019-09-26 20:49:57,285 [c642a3ed-6835-4e80-8c1e-9298e9a0c556@group-6C9E397D0F29:LeaderElection61] INFO  server.RaftServerConfigKeys (ConfUtils.java:logGet(43)) - raft.server.log.appender.install.snapshot.enabled = false (custom)
2019-09-26 20:49:57,286 [c642a3ed-6835-4e80-8c1e-9298e9a0c556@group-6C9E397D0F29:LeaderElection61] INFO  server.RaftServerConfigKeys (ConfUtils.java:logGet(43)) - raft.server.log.appender.snapshot.chunk.size.max = 16MB (=16777216) (default)
2019-09-26 20:49:57,286 [c642a3ed-6835-4e80-8c1e-9298e9a0c556@group-6C9E397D0F29:LeaderElection61] INFO  server.RaftServerConfigKeys (ConfUtils.java:logGet(43)) - raft.server.log.appender.buffer.byte-limit = 33554432 (custom)
2019-09-26 20:49:57,286 [c642a3ed-6835-4e80-8c1e-9298e9a0c556@group-6C9E397D0F29:LeaderElection61] INFO  server.RaftServerConfigKeys (ConfUtils.java:logGet(43)) - raft.server.log.appender.buffer.element-limit = 1 (custom)
2019-09-26 20:49:57,286 [c642a3ed-6835-4e80-8c1e-9298e9a0c556@group-6C9E397D0F29:LeaderElection61] INFO  grpc.GrpcConfigKeys$Server (ConfUtils.java:logGet(43)) - raft.grpc.server.leader.outstanding.appends.max = 128 (default)
2019-09-26 20:49:57,286 [c642a3ed-6835-4e80-8c1e-9298e9a0c556@group-6C9E397D0F29:LeaderElection61] INFO  server.RaftServerConfigKeys (ConfUtils.java:logGet(43)) - raft.server.rpc.request.timeout = 3000ms (default)
2019-09-26 20:49:57,287 [c642a3ed-6835-4e80-8c1e-9298e9a0c556@group-6C9E397D0F29:LeaderElection61] INFO  server.RaftServerConfigKeys (ConfUtils.java:logGet(43)) - raft.server.log.appender.install.snapshot.enabled = false (custom)
2019-09-26 20:49:57,287 [c642a3ed-6835-4e80-8c1e-9298e9a0c556@group-6C9E397D0F29:LeaderElection61] INFO  impl.RoleInfo (RoleInfo.java:updateAndGet(143)) - c642a3ed-6835-4e80-8c1e-9298e9a0c556: start LeaderState
2019-09-26 20:49:57,287 [c642a3ed-6835-4e80-8c1e-9298e9a0c556@group-6C9E397D0F29:LeaderElection61] INFO  segmented.SegmentedRaftLogWorker (SegmentedRaftLogWorker.java:startLogSegment(380)) - c642a3ed-6835-4e80-8c1e-9298e9a0c556@group-6C9E397D0F29-SegmentedRaftLogWorker: Starting segment from index:0
2019-09-26 20:49:57,288 [c642a3ed-6835-4e80-8c1e-9298e9a0c556@group-6C9E397D0F29:LeaderElection61] INFO  impl.RaftServerImpl (ServerState.java:setRaftConf(354)) - c642a3ed-6835-4e80-8c1e-9298e9a0c556@group-6C9E397D0F29: set configuration 0: [c642a3ed-6835-4e80-8c1e-9298e9a0c556:192.168.30.57:41571, 0a9fc6eb-77d3-4a76-a53e-207bfd2af7a0:192.168.30.57:37375, 0ba741d3-e74b-4583-8c46-f3eef39c8b87:192.168.30.57:44167], old=null at 0
2019-09-26 20:49:57,289 [grpc-default-executor-4] INFO  impl.RaftServerImpl (ServerState.java:setLeader(253)) - 0a9fc6eb-77d3-4a76-a53e-207bfd2af7a0@group-6C9E397D0F29: change Leader from null to c642a3ed-6835-4e80-8c1e-9298e9a0c556 at term 1 for appendEntries, leader elected after 5093ms
2019-09-26 20:49:57,323 [Thread-2304] INFO  impl.FollowerState (FollowerState.java:run(106)) - ba614afd-2416-4a54-b733-f363754a0e17:group-CE2C345AAC1E changes to CANDIDATE, lastRpcTime:5043, electionTimeout:5036ms
2019-09-26 20:49:57,289 [grpc-default-executor-5] INFO  impl.RaftServerImpl (ServerState.java:setLeader(253)) - 0ba741d3-e74b-4583-8c46-f3eef39c8b87@group-6C9E397D0F29: change Leader from null to c642a3ed-6835-4e80-8c1e-9298e9a0c556 at term 1 for appendEntries, leader elected after 5093ms
2019-09-26 20:49:57,323 [Thread-2304] INFO  impl.RoleInfo (RoleInfo.java:shutdownFollowerState(121)) - ba614afd-2416-4a54-b733-f363754a0e17: shutdown FollowerState
2019-09-26 20:49:57,324 [Thread-2304] INFO  impl.RaftServerImpl (RaftServerImpl.java:setRole(174)) - ba614afd-2416-4a54-b733-f363754a0e17@group-CE2C345AAC1E: changes role from  FOLLOWER to CANDIDATE at term 0 for changeToCandidate
2019-09-26 20:49:57,324 [Thread-2304] INFO  impl.RoleInfo (RoleInfo.java:updateAndGet(143)) - ba614afd-2416-4a54-b733-f363754a0e17: start LeaderElection
2019-09-26 20:49:57,334 [grpc-default-executor-5] INFO  impl.RaftServerImpl (ServerState.java:setRaftConf(354)) - 0a9fc6eb-77d3-4a76-a53e-207bfd2af7a0@group-6C9E397D0F29: set configuration 0: [c642a3ed-6835-4e80-8c1e-9298e9a0c556:192.168.30.57:41571, 0a9fc6eb-77d3-4a76-a53e-207bfd2af7a0:192.168.30.57:37375, 0ba741d3-e74b-4583-8c46-f3eef39c8b87:192.168.30.57:44167], old=null at 0
2019-09-26 20:49:57,334 [grpc-default-executor-4] INFO  impl.RaftServerImpl (ServerState.java:setRaftConf(354)) - 0ba741d3-e74b-4583-8c46-f3eef39c8b87@group-6C9E397D0F29: set configuration 0: [c642a3ed-6835-4e80-8c1e-9298e9a0c556:192.168.30.57:41571, 0a9fc6eb-77d3-4a76-a53e-207bfd2af7a0:192.168.30.57:37375, 0ba741d3-e74b-4583-8c46-f3eef39c8b87:192.168.30.57:44167], old=null at 0
2019-09-26 20:49:57,334 [grpc-default-executor-5] INFO  segmented.SegmentedRaftLogWorker (SegmentedRaftLogWorker.java:startLogSegment(380)) - 0a9fc6eb-77d3-4a76-a53e-207bfd2af7a0@group-6C9E397D0F29-SegmentedRaftLogWorker: Starting segment from index:0
2019-09-26 20:49:57,335 [grpc-default-executor-4] INFO  segmented.SegmentedRaftLogWorker (SegmentedRaftLogWorker.java:startLogSegment(380)) - 0ba741d3-e74b-4583-8c46-f3eef39c8b87@group-6C9E397D0F29-SegmentedRaftLogWorker: Starting segment from index:0
2019-09-26 20:49:57,337 [c642a3ed-6835-4e80-8c1e-9298e9a0c556@group-6C9E397D0F29-SegmentedRaftLogWorker] INFO  segmented.SegmentedRaftLogWorker (SegmentedRaftLogWorker.java:execute(569)) - c642a3ed-6835-4e80-8c1e-9298e9a0c556@group-6C9E397D0F29-SegmentedRaftLogWorker: created new log segment /workdir/hadoop-ozone/integration-test/target/test-dir/MiniOzoneClusterImpl-8d5e4e8c-6c03-4042-b10d-2e9a2a95e91b/datanode-0/data/ratis/dcb9ddf9-75c6-4930-8f65-6c9e397d0f29/current/log_inprogress_0
2019-09-26 20:49:57,337 [ba614afd-2416-4a54-b733-f363754a0e17@group-CE2C345AAC1E:LeaderElection62] INFO  impl.LeaderElection (LeaderElection.java:askForVotes(182)) - ba614afd-2416-4a54-b733-f363754a0e17@group-CE2C345AAC1E:LeaderElection62: begin an election at term 1 for -1: [ba614afd-2416-4a54-b733-f363754a0e17:192.168.30.57:39675], old=null
2019-09-26 20:49:57,337 [ba614afd-2416-4a54-b733-f363754a0e17@group-CE2C345AAC1E:LeaderElection62] INFO  impl.RoleInfo (RoleInfo.java:shutdownLeaderElection(134)) - ba614afd-2416-4a54-b733-f363754a0e17: shutdown LeaderElection
2019-09-26 20:49:57,337 [ba614afd-2416-4a54-b733-f363754a0e17@group-CE2C345AAC1E:LeaderElection62] INFO  impl.RaftServerImpl (RaftServerImpl.java:setRole(174)) - ba614afd-2416-4a54-b733-f363754a0e17@group-CE2C345AAC1E: changes role from CANDIDATE to LEADER at term 1 for changeToLeader
2019-09-26 20:49:57,337 [ba614afd-2416-4a54-b733-f363754a0e17@group-CE2C345AAC1E:LeaderElection62] INFO  impl.RaftServerImpl (ServerState.java:setLeader(253)) - ba614afd-2416-4a54-b733-f363754a0e17@group-CE2C345AAC1E: change Leader from null to ba614afd-2416-4a54-b733-f363754a0e17 at term 1 for becomeLeader, leader elected after 5063ms
2019-09-26 20:49:57,337 [ba614afd-2416-4a54-b733-f363754a0e17@group-CE2C345AAC1E:LeaderElection62] INFO  server.RaftServerConfigKeys (ConfUtils.java:logGet(43)) - raft.server.staging.catchup.gap = 1000 (default)
2019-09-26 20:49:57,337 [ba614afd-2416-4a54-b733-f363754a0e17@group-CE2C345AAC1E:LeaderElection62] INFO  server.RaftServerConfigKeys (ConfUtils.java:logGet(43)) - raft.server.rpc.sleep.time = 25ms (default)
2019-09-26 20:49:57,338 [ba614afd-2416-4a54-b733-f363754a0e17@group-CE2C345AAC1E:LeaderElection62] INFO  server.RaftServerConfigKeys (ConfUtils.java:logGet(43)) - raft.server.write.element-limit = 4096 (default)
2019-09-26 20:49:57,338 [ba614afd-2416-4a54-b733-f363754a0e17@group-CE2C345AAC1E:LeaderElection62] INFO  server.RaftServerConfigKeys (ConfUtils.java:logGet(43)) - raft.server.watch.timeout = 10s (default)
2019-09-26 20:49:57,338 [ba614afd-2416-4a54-b733-f363754a0e17@group-CE2C345AAC1E:LeaderElection62] INFO  server.RaftServerConfigKeys (ConfUtils.java:logGet(43)) - raft.server.watch.timeout.denomination = 1s (default)
2019-09-26 20:49:57,338 [ba614afd-2416-4a54-b733-f363754a0e17@group-CE2C345AAC1E:LeaderElection62] INFO  server.RaftServerConfigKeys (ConfUtils.java:logGet(43)) - raft.server.watch.element-limit = 65536 (default)
2019-09-26 20:49:57,340 [ba614afd-2416-4a54-b733-f363754a0e17@group-CE2C345AAC1E:LeaderElection62] INFO  impl.RoleInfo (RoleInfo.java:updateAndGet(143)) - ba614afd-2416-4a54-b733-f363754a0e17: start LeaderState
2019-09-26 20:49:57,340 [ba614afd-2416-4a54-b733-f363754a0e17@group-CE2C345AAC1E:LeaderElection62] INFO  segmented.SegmentedRaftLogWorker (SegmentedRaftLogWorker.java:startLogSegment(380)) - ba614afd-2416-4a54-b733-f363754a0e17@group-CE2C345AAC1E-SegmentedRaftLogWorker: Starting segment from index:0
2019-09-26 20:49:57,341 [ba614afd-2416-4a54-b733-f363754a0e17@group-CE2C345AAC1E:LeaderElection62] INFO  impl.RaftServerImpl (ServerState.java:setRaftConf(354)) - ba614afd-2416-4a54-b733-f363754a0e17@group-CE2C345AAC1E: set configuration 0: [ba614afd-2416-4a54-b733-f363754a0e17:192.168.30.57:39675], old=null at 0
2019-09-26 20:49:57,381 [Thread-2307] INFO  impl.FollowerState (FollowerState.java:run(106)) - 63796a84-0610-425b-8d78-244a041f6afe:group-0210E2911AD3 changes to CANDIDATE, lastRpcTime:5058, electionTimeout:5058ms
2019-09-26 20:49:57,382 [Thread-2307] INFO  impl.RoleInfo (RoleInfo.java:shutdownFollowerState(121)) - 63796a84-0610-425b-8d78-244a041f6afe: shutdown FollowerState
2019-09-26 20:49:57,382 [Thread-2307] INFO  impl.RaftServerImpl (RaftServerImpl.java:setRole(174)) - 63796a84-0610-425b-8d78-244a041f6afe@group-0210E2911AD3: changes role from  FOLLOWER to CANDIDATE at term 0 for changeToCandidate
2019-09-26 20:49:57,382 [Thread-2307] INFO  impl.RoleInfo (RoleInfo.java:updateAndGet(143)) - 63796a84-0610-425b-8d78-244a041f6afe: start LeaderElection
2019-09-26 20:49:57,385 [0ba741d3-e74b-4583-8c46-f3eef39c8b87@group-6C9E397D0F29-SegmentedRaftLogWorker] INFO  segmented.SegmentedRaftLogWorker (SegmentedRaftLogWorker.java:execute(569)) - 0ba741d3-e74b-4583-8c46-f3eef39c8b87@group-6C9E397D0F29-SegmentedRaftLogWorker: created new log segment /workdir/hadoop-ozone/integration-test/target/test-dir/MiniOzoneClusterImpl-8d5e4e8c-6c03-4042-b10d-2e9a2a95e91b/datanode-2/data/ratis/dcb9ddf9-75c6-4930-8f65-6c9e397d0f29/current/log_inprogress_0
2019-09-26 20:49:57,385 [ba614afd-2416-4a54-b733-f363754a0e17@group-CE2C345AAC1E-SegmentedRaftLogWorker] INFO  segmented.SegmentedRaftLogWorker (SegmentedRaftLogWorker.java:execute(569)) - ba614afd-2416-4a54-b733-f363754a0e17@group-CE2C345AAC1E-SegmentedRaftLogWorker: created new log segment /workdir/hadoop-ozone/integration-test/target/test-dir/MiniOzoneClusterImpl-8d5e4e8c-6c03-4042-b10d-2e9a2a95e91b/datanode-4/data/ratis/1b88b1b1-054a-4ca8-9cda-ce2c345aac1e/current/log_inprogress_0
2019-09-26 20:49:57,385 [0a9fc6eb-77d3-4a76-a53e-207bfd2af7a0@group-6C9E397D0F29-SegmentedRaftLogWorker] INFO  segmented.SegmentedRaftLogWorker (SegmentedRaftLogWorker.java:execute(569)) - 0a9fc6eb-77d3-4a76-a53e-207bfd2af7a0@group-6C9E397D0F29-SegmentedRaftLogWorker: created new log segment /workdir/hadoop-ozone/integration-test/target/test-dir/MiniOzoneClusterImpl-8d5e4e8c-6c03-4042-b10d-2e9a2a95e91b/datanode-1/data/ratis/dcb9ddf9-75c6-4930-8f65-6c9e397d0f29/current/log_inprogress_0
2019-09-26 20:49:57,403 [63796a84-0610-425b-8d78-244a041f6afe@group-0210E2911AD3:LeaderElection63] INFO  impl.LeaderElection (LeaderElection.java:askForVotes(182)) - 63796a84-0610-425b-8d78-244a041f6afe@group-0210E2911AD3:LeaderElection63: begin an election at term 1 for -1: [63796a84-0610-425b-8d78-244a041f6afe:192.168.30.57:37191], old=null
2019-09-26 20:49:57,403 [63796a84-0610-425b-8d78-244a041f6afe@group-0210E2911AD3:LeaderElection63] INFO  impl.RoleInfo (RoleInfo.java:shutdownLeaderElection(134)) - 63796a84-0610-425b-8d78-244a041f6afe: shutdown LeaderElection
2019-09-26 20:49:57,403 [63796a84-0610-425b-8d78-244a041f6afe@group-0210E2911AD3:LeaderElection63] INFO  impl.RaftServerImpl (RaftServerImpl.java:setRole(174)) - 63796a84-0610-425b-8d78-244a041f6afe@group-0210E2911AD3: changes role from CANDIDATE to LEADER at term 1 for changeToLeader
2019-09-26 20:49:57,403 [63796a84-0610-425b-8d78-244a041f6afe@group-0210E2911AD3:LeaderElection63] INFO  impl.RaftServerImpl (ServerState.java:setLeader(253)) - 63796a84-0610-425b-8d78-244a041f6afe@group-0210E2911AD3: change Leader from null to 63796a84-0610-425b-8d78-244a041f6afe at term 1 for becomeLeader, leader elected after 5084ms
2019-09-26 20:49:57,403 [63796a84-0610-425b-8d78-244a041f6afe@group-0210E2911AD3:LeaderElection63] INFO  server.RaftServerConfigKeys (ConfUtils.java:logGet(43)) - raft.server.staging.catchup.gap = 1000 (default)
2019-09-26 20:49:57,404 [63796a84-0610-425b-8d78-244a041f6afe@group-0210E2911AD3:LeaderElection63] INFO  server.RaftServerConfigKeys (ConfUtils.java:logGet(43)) - raft.server.rpc.sleep.time = 25ms (default)
2019-09-26 20:49:57,404 [63796a84-0610-425b-8d78-244a041f6afe@group-0210E2911AD3:LeaderElection63] INFO  server.RaftServerConfigKeys (ConfUtils.java:logGet(43)) - raft.server.write.element-limit = 4096 (default)
2019-09-26 20:49:57,404 [63796a84-0610-425b-8d78-244a041f6afe@group-0210E2911AD3:LeaderElection63] INFO  server.RaftServerConfigKeys (ConfUtils.java:logGet(43)) - raft.server.watch.timeout = 10s (default)
2019-09-26 20:49:57,404 [63796a84-0610-425b-8d78-244a041f6afe@group-0210E2911AD3:LeaderElection63] INFO  server.RaftServerConfigKeys (ConfUtils.java:logGet(43)) - raft.server.watch.timeout.denomination = 1s (default)
2019-09-26 20:49:57,404 [63796a84-0610-425b-8d78-244a041f6afe@group-0210E2911AD3:LeaderElection63] INFO  server.RaftServerConfigKeys (ConfUtils.java:logGet(43)) - raft.server.watch.element-limit = 65536 (default)
2019-09-26 20:49:57,405 [63796a84-0610-425b-8d78-244a041f6afe@group-0210E2911AD3:LeaderElection63] INFO  impl.RoleInfo (RoleInfo.java:updateAndGet(143)) - 63796a84-0610-425b-8d78-244a041f6afe: start LeaderState
2019-09-26 20:49:57,406 [63796a84-0610-425b-8d78-244a041f6afe@group-0210E2911AD3:LeaderElection63] INFO  segmented.SegmentedRaftLogWorker (SegmentedRaftLogWorker.java:startLogSegment(380)) - 63796a84-0610-425b-8d78-244a041f6afe@group-0210E2911AD3-SegmentedRaftLogWorker: Starting segment from index:0
2019-09-26 20:49:57,406 [63796a84-0610-425b-8d78-244a041f6afe@group-0210E2911AD3:LeaderElection63] INFO  impl.RaftServerImpl (ServerState.java:setRaftConf(354)) - 63796a84-0610-425b-8d78-244a041f6afe@group-0210E2911AD3: set configuration 0: [63796a84-0610-425b-8d78-244a041f6afe:192.168.30.57:37191], old=null at 0
2019-09-26 20:49:57,446 [63796a84-0610-425b-8d78-244a041f6afe@group-0210E2911AD3-SegmentedRaftLogWorker] INFO  segmented.SegmentedRaftLogWorker (SegmentedRaftLogWorker.java:execute(569)) - 63796a84-0610-425b-8d78-244a041f6afe@group-0210E2911AD3-SegmentedRaftLogWorker: created new log segment /workdir/hadoop-ozone/integration-test/target/test-dir/MiniOzoneClusterImpl-8d5e4e8c-6c03-4042-b10d-2e9a2a95e91b/datanode-3/data/ratis/7278b1eb-a19d-4b14-b75e-0210e2911ad3/current/log_inprogress_0
2019-09-26 20:49:57,465 [Thread-2310] INFO  impl.FollowerState (FollowerState.java:run(106)) - 6a2060e5-6d81-44f9-b954-1f24f9957530:group-72522073FD02 changes to CANDIDATE, lastRpcTime:5095, electionTimeout:5095ms
2019-09-26 20:49:57,465 [Thread-2310] INFO  impl.RoleInfo (RoleInfo.java:shutdownFollowerState(121)) - 6a2060e5-6d81-44f9-b954-1f24f9957530: shutdown FollowerState
2019-09-26 20:49:57,465 [Thread-2310] INFO  impl.RaftServerImpl (RaftServerImpl.java:setRole(174)) - 6a2060e5-6d81-44f9-b954-1f24f9957530@group-72522073FD02: changes role from  FOLLOWER to CANDIDATE at term 0 for changeToCandidate
2019-09-26 20:49:57,465 [Thread-2310] INFO  impl.RoleInfo (RoleInfo.java:updateAndGet(143)) - 6a2060e5-6d81-44f9-b954-1f24f9957530: start LeaderElection
2019-09-26 20:49:57,486 [6a2060e5-6d81-44f9-b954-1f24f9957530@group-72522073FD02:LeaderElection64] INFO  impl.LeaderElection (LeaderElection.java:askForVotes(182)) - 6a2060e5-6d81-44f9-b954-1f24f9957530@group-72522073FD02:LeaderElection64: begin an election at term 1 for -1: [6a2060e5-6d81-44f9-b954-1f24f9957530:192.168.30.57:36913], old=null
2019-09-26 20:49:57,486 [6a2060e5-6d81-44f9-b954-1f24f9957530@group-72522073FD02:LeaderElection64] INFO  impl.RoleInfo (RoleInfo.java:shutdownLeaderElection(134)) - 6a2060e5-6d81-44f9-b954-1f24f9957530: shutdown LeaderElection
2019-09-26 20:49:57,486 [6a2060e5-6d81-44f9-b954-1f24f9957530@group-72522073FD02:LeaderElection64] INFO  impl.RaftServerImpl (RaftServerImpl.java:setRole(174)) - 6a2060e5-6d81-44f9-b954-1f24f9957530@group-72522073FD02: changes role from CANDIDATE to LEADER at term 1 for changeToLeader
2019-09-26 20:49:57,486 [6a2060e5-6d81-44f9-b954-1f24f9957530@group-72522073FD02:LeaderElection64] INFO  impl.RaftServerImpl (ServerState.java:setLeader(253)) - 6a2060e5-6d81-44f9-b954-1f24f9957530@group-72522073FD02: change Leader from null to 6a2060e5-6d81-44f9-b954-1f24f9957530 at term 1 for becomeLeader, leader elected after 5124ms
2019-09-26 20:49:57,486 [6a2060e5-6d81-44f9-b954-1f24f9957530@group-72522073FD02:LeaderElection64] INFO  server.RaftServerConfigKeys (ConfUtils.java:logGet(43)) - raft.server.staging.catchup.gap = 1000 (default)
2019-09-26 20:49:57,487 [6a2060e5-6d81-44f9-b954-1f24f9957530@group-72522073FD02:LeaderElection64] INFO  server.RaftServerConfigKeys (ConfUtils.java:logGet(43)) - raft.server.rpc.sleep.time = 25ms (default)
2019-09-26 20:49:57,487 [6a2060e5-6d81-44f9-b954-1f24f9957530@group-72522073FD02:LeaderElection64] INFO  server.RaftServerConfigKeys (ConfUtils.java:logGet(43)) - raft.server.write.element-limit = 4096 (default)
2019-09-26 20:49:57,487 [6a2060e5-6d81-44f9-b954-1f24f9957530@group-72522073FD02:LeaderElection64] INFO  server.RaftServerConfigKeys (ConfUtils.java:logGet(43)) - raft.server.watch.timeout = 10s (default)
2019-09-26 20:49:57,487 [6a2060e5-6d81-44f9-b954-1f24f9957530@group-72522073FD02:LeaderElection64] INFO  server.RaftServerConfigKeys (ConfUtils.java:logGet(43)) - raft.server.watch.timeout.denomination = 1s (default)
2019-09-26 20:49:57,487 [6a2060e5-6d81-44f9-b954-1f24f9957530@group-72522073FD02:LeaderElection64] INFO  server.RaftServerConfigKeys (ConfUtils.java:logGet(43)) - raft.server.watch.element-limit = 65536 (default)
2019-09-26 20:49:57,489 [6a2060e5-6d81-44f9-b954-1f24f9957530@group-72522073FD02:LeaderElection64] INFO  impl.RoleInfo (RoleInfo.java:updateAndGet(143)) - 6a2060e5-6d81-44f9-b954-1f24f9957530: start LeaderState
2019-09-26 20:49:57,489 [6a2060e5-6d81-44f9-b954-1f24f9957530@group-72522073FD02:LeaderElection64] INFO  segmented.SegmentedRaftLogWorker (SegmentedRaftLogWorker.java:startLogSegment(380)) - 6a2060e5-6d81-44f9-b954-1f24f9957530@group-72522073FD02-SegmentedRaftLogWorker: Starting segment from index:0
2019-09-26 20:49:57,490 [6a2060e5-6d81-44f9-b954-1f24f9957530@group-72522073FD02:LeaderElection64] INFO  impl.RaftServerImpl (ServerState.java:setRaftConf(354)) - 6a2060e5-6d81-44f9-b954-1f24f9957530@group-72522073FD02: set configuration 0: [6a2060e5-6d81-44f9-b954-1f24f9957530:192.168.30.57:36913], old=null at 0
2019-09-26 20:49:57,528 [Thread-2313] INFO  impl.FollowerState (FollowerState.java:run(106)) - 671dcae7-cdea-4162-b8e1-0249a200993f:group-890F3701FFE4 changes to CANDIDATE, lastRpcTime:5109, electionTimeout:5099ms
2019-09-26 20:49:57,528 [Thread-2313] INFO  impl.RoleInfo (RoleInfo.java:shutdownFollowerState(121)) - 671dcae7-cdea-4162-b8e1-0249a200993f: shutdown FollowerState
2019-09-26 20:49:57,528 [Thread-2313] INFO  impl.RaftServerImpl (RaftServerImpl.java:setRole(174)) - 671dcae7-cdea-4162-b8e1-0249a200993f@group-890F3701FFE4: changes role from  FOLLOWER to CANDIDATE at term 0 for changeToCandidate
2019-09-26 20:49:57,529 [Thread-2313] INFO  impl.RoleInfo (RoleInfo.java:updateAndGet(143)) - 671dcae7-cdea-4162-b8e1-0249a200993f: start LeaderElection
2019-09-26 20:49:57,535 [Thread-2320] INFO  impl.FollowerState (FollowerState.java:run(106)) - ba614afd-2416-4a54-b733-f363754a0e17:group-8E6F0E340992 changes to CANDIDATE, lastRpcTime:5057, electionTimeout:5057ms
2019-09-26 20:49:57,537 [Thread-2320] INFO  impl.RoleInfo (RoleInfo.java:shutdownFollowerState(121)) - ba614afd-2416-4a54-b733-f363754a0e17: shutdown FollowerState
2019-09-26 20:49:57,537 [Thread-2320] INFO  impl.RaftServerImpl (RaftServerImpl.java:setRole(174)) - ba614afd-2416-4a54-b733-f363754a0e17@group-8E6F0E340992: changes role from  FOLLOWER to CANDIDATE at term 0 for changeToCandidate
2019-09-26 20:49:57,539 [Thread-2320] INFO  impl.RoleInfo (RoleInfo.java:updateAndGet(143)) - ba614afd-2416-4a54-b733-f363754a0e17: start LeaderElection
2019-09-26 20:49:57,541 [6a2060e5-6d81-44f9-b954-1f24f9957530@group-72522073FD02-SegmentedRaftLogWorker] INFO  segmented.SegmentedRaftLogWorker (SegmentedRaftLogWorker.java:execute(569)) - 6a2060e5-6d81-44f9-b954-1f24f9957530@group-72522073FD02-SegmentedRaftLogWorker: created new log segment /workdir/hadoop-ozone/integration-test/target/test-dir/MiniOzoneClusterImpl-8d5e4e8c-6c03-4042-b10d-2e9a2a95e91b/datanode-5/data/ratis/373a089e-6f41-4839-8a08-72522073fd02/current/log_inprogress_0
2019-09-26 20:49:57,543 [671dcae7-cdea-4162-b8e1-0249a200993f@group-890F3701FFE4:LeaderElection65] INFO  impl.LeaderElection (LeaderElection.java:askForVotes(182)) - 671dcae7-cdea-4162-b8e1-0249a200993f@group-890F3701FFE4:LeaderElection65: begin an election at term 1 for -1: [671dcae7-cdea-4162-b8e1-0249a200993f:192.168.30.57:34980], old=null
2019-09-26 20:49:57,543 [671dcae7-cdea-4162-b8e1-0249a200993f@group-890F3701FFE4:LeaderElection65] INFO  impl.RoleInfo (RoleInfo.java:shutdownLeaderElection(134)) - 671dcae7-cdea-4162-b8e1-0249a200993f: shutdown LeaderElection
2019-09-26 20:49:57,543 [671dcae7-cdea-4162-b8e1-0249a200993f@group-890F3701FFE4:LeaderElection65] INFO  impl.RaftServerImpl (RaftServerImpl.java:setRole(174)) - 671dcae7-cdea-4162-b8e1-0249a200993f@group-890F3701FFE4: changes role from CANDIDATE to LEADER at term 1 for changeToLeader
2019-09-26 20:49:57,543 [671dcae7-cdea-4162-b8e1-0249a200993f@group-890F3701FFE4:LeaderElection65] INFO  impl.RaftServerImpl (ServerState.java:setLeader(253)) - 671dcae7-cdea-4162-b8e1-0249a200993f@group-890F3701FFE4: change Leader from null to 671dcae7-cdea-4162-b8e1-0249a200993f at term 1 for becomeLeader, leader elected after 5131ms
2019-09-26 20:49:57,543 [671dcae7-cdea-4162-b8e1-0249a200993f@group-890F3701FFE4:LeaderElection65] INFO  server.RaftServerConfigKeys (ConfUtils.java:logGet(43)) - raft.server.staging.catchup.gap = 1000 (default)
2019-09-26 20:49:57,543 [671dcae7-cdea-4162-b8e1-0249a200993f@group-890F3701FFE4:LeaderElection65] INFO  server.RaftServerConfigKeys (ConfUtils.java:logGet(43)) - raft.server.rpc.sleep.time = 25ms (default)
2019-09-26 20:49:57,544 [671dcae7-cdea-4162-b8e1-0249a200993f@group-890F3701FFE4:LeaderElection65] INFO  server.RaftServerConfigKeys (ConfUtils.java:logGet(43)) - raft.server.write.element-limit = 4096 (default)
2019-09-26 20:49:57,544 [671dcae7-cdea-4162-b8e1-0249a200993f@group-890F3701FFE4:LeaderElection65] INFO  server.RaftServerConfigKeys (ConfUtils.java:logGet(43)) - raft.server.watch.timeout = 10s (default)
2019-09-26 20:49:57,544 [671dcae7-cdea-4162-b8e1-0249a200993f@group-890F3701FFE4:LeaderElection65] INFO  server.RaftServerConfigKeys (ConfUtils.java:logGet(43)) - raft.server.watch.timeout.denomination = 1s (default)
2019-09-26 20:49:57,544 [671dcae7-cdea-4162-b8e1-0249a200993f@group-890F3701FFE4:LeaderElection65] INFO  server.RaftServerConfigKeys (ConfUtils.java:logGet(43)) - raft.server.watch.element-limit = 65536 (default)
2019-09-26 20:49:57,546 [671dcae7-cdea-4162-b8e1-0249a200993f@group-890F3701FFE4:LeaderElection65] INFO  impl.RoleInfo (RoleInfo.java:updateAndGet(143)) - 671dcae7-cdea-4162-b8e1-0249a200993f: start LeaderState
2019-09-26 20:49:57,546 [671dcae7-cdea-4162-b8e1-0249a200993f@group-890F3701FFE4:LeaderElection65] INFO  segmented.SegmentedRaftLogWorker (SegmentedRaftLogWorker.java:startLogSegment(380)) - 671dcae7-cdea-4162-b8e1-0249a200993f@group-890F3701FFE4-SegmentedRaftLogWorker: Starting segment from index:0
2019-09-26 20:49:57,546 [671dcae7-cdea-4162-b8e1-0249a200993f@group-890F3701FFE4:LeaderElection65] INFO  impl.RaftServerImpl (ServerState.java:setRaftConf(354)) - 671dcae7-cdea-4162-b8e1-0249a200993f@group-890F3701FFE4: set configuration 0: [671dcae7-cdea-4162-b8e1-0249a200993f:192.168.30.57:34980], old=null at 0
2019-09-26 20:49:57,560 [ba614afd-2416-4a54-b733-f363754a0e17@group-8E6F0E340992:LeaderElection66] INFO  impl.LeaderElection (LeaderElection.java:askForVotes(182)) - ba614afd-2416-4a54-b733-f363754a0e17@group-8E6F0E340992:LeaderElection66: begin an election at term 1 for -1: [ba614afd-2416-4a54-b733-f363754a0e17:192.168.30.57:39675, 63796a84-0610-425b-8d78-244a041f6afe:192.168.30.57:37191, 671dcae7-cdea-4162-b8e1-0249a200993f:192.168.30.57:34980], old=null
2019-09-26 20:49:57,580 [grpc-default-executor-4] INFO  impl.RaftServerImpl (RaftServerImpl.java:setRole(174)) - 671dcae7-cdea-4162-b8e1-0249a200993f@group-8E6F0E340992: changes role from  FOLLOWER to FOLLOWER at term 1 for recognizeCandidate:ba614afd-2416-4a54-b733-f363754a0e17
2019-09-26 20:49:57,580 [Thread-2321] INFO  impl.FollowerState (FollowerState.java:run(106)) - 63796a84-0610-425b-8d78-244a041f6afe:group-8E6F0E340992 changes to CANDIDATE, lastRpcTime:5102, electionTimeout:5098ms
2019-09-26 20:49:57,582 [grpc-default-executor-4] INFO  impl.RoleInfo (RoleInfo.java:shutdownFollowerState(121)) - 671dcae7-cdea-4162-b8e1-0249a200993f: shutdown FollowerState
2019-09-26 20:49:57,582 [Thread-2321] INFO  impl.RoleInfo (RoleInfo.java:shutdownFollowerState(121)) - 63796a84-0610-425b-8d78-244a041f6afe: shutdown FollowerState
2019-09-26 20:49:57,582 [grpc-default-executor-4] INFO  impl.RoleInfo (RoleInfo.java:updateAndGet(143)) - 671dcae7-cdea-4162-b8e1-0249a200993f: start FollowerState
2019-09-26 20:49:57,582 [Thread-2321] INFO  impl.RaftServerImpl (RaftServerImpl.java:setRole(174)) - 63796a84-0610-425b-8d78-244a041f6afe@group-8E6F0E340992: changes role from  FOLLOWER to CANDIDATE at term 0 for changeToCandidate
2019-09-26 20:49:57,582 [Thread-2316] INFO  impl.FollowerState (FollowerState.java:run(115)) - 671dcae7-cdea-4162-b8e1-0249a200993f: FollowerState was interrupted: java.lang.InterruptedException: sleep interrupted
2019-09-26 20:49:57,583 [Thread-2321] INFO  impl.RoleInfo (RoleInfo.java:updateAndGet(143)) - 63796a84-0610-425b-8d78-244a041f6afe: start LeaderElection
2019-09-26 20:49:57,586 [grpc-default-executor-5] INFO  impl.RaftServerImpl (RaftServerImpl.java:setRole(174)) - 63796a84-0610-425b-8d78-244a041f6afe@group-8E6F0E340992: changes role from CANDIDATE to FOLLOWER at term 1 for recognizeCandidate:ba614afd-2416-4a54-b733-f363754a0e17
2019-09-26 20:49:57,587 [grpc-default-executor-5] INFO  impl.RoleInfo (RoleInfo.java:shutdownLeaderElection(134)) - 63796a84-0610-425b-8d78-244a041f6afe: shutdown LeaderElection
2019-09-26 20:49:57,587 [671dcae7-cdea-4162-b8e1-0249a200993f@group-890F3701FFE4-SegmentedRaftLogWorker] INFO  segmented.SegmentedRaftLogWorker (SegmentedRaftLogWorker.java:execute(569)) - 671dcae7-cdea-4162-b8e1-0249a200993f@group-890F3701FFE4-SegmentedRaftLogWorker: created new log segment /workdir/hadoop-ozone/integration-test/target/test-dir/MiniOzoneClusterImpl-8d5e4e8c-6c03-4042-b10d-2e9a2a95e91b/datanode-6/data/ratis/4ce927e5-f012-4b67-8106-890f3701ffe4/current/log_inprogress_0
2019-09-26 20:49:57,587 [grpc-default-executor-5] INFO  impl.RoleInfo (RoleInfo.java:updateAndGet(143)) - 63796a84-0610-425b-8d78-244a041f6afe: start FollowerState
2019-09-26 20:49:57,593 [ba614afd-2416-4a54-b733-f363754a0e17@group-8E6F0E340992:LeaderElection66] INFO  impl.LeaderElection (LeaderElection.java:logAndReturn(56)) - ba614afd-2416-4a54-b733-f363754a0e17@group-8E6F0E340992:LeaderElection66: Election PASSED; received 2 response(s) [ba614afd-2416-4a54-b733-f363754a0e17<-63796a84-0610-425b-8d78-244a041f6afe#0:FAIL-t1, ba614afd-2416-4a54-b733-f363754a0e17<-671dcae7-cdea-4162-b8e1-0249a200993f#0:OK-t1] and 0 exception(s); ba614afd-2416-4a54-b733-f363754a0e17@group-8E6F0E340992:t1, leader=null, voted=ba614afd-2416-4a54-b733-f363754a0e17, raftlog=ba614afd-2416-4a54-b733-f363754a0e17@group-8E6F0E340992-SegmentedRaftLog:OPENED:c-1,f-1,i0, conf=-1: [ba614afd-2416-4a54-b733-f363754a0e17:192.168.30.57:39675, 63796a84-0610-425b-8d78-244a041f6afe:192.168.30.57:37191, 671dcae7-cdea-4162-b8e1-0249a200993f:192.168.30.57:34980], old=null
2019-09-26 20:49:57,593 [ba614afd-2416-4a54-b733-f363754a0e17@group-8E6F0E340992:LeaderElection66] INFO  impl.RoleInfo (RoleInfo.java:shutdownLeaderElection(134)) - ba614afd-2416-4a54-b733-f363754a0e17: shutdown LeaderElection
2019-09-26 20:49:57,593 [ba614afd-2416-4a54-b733-f363754a0e17@group-8E6F0E340992:LeaderElection66] INFO  impl.RaftServerImpl (RaftServerImpl.java:setRole(174)) - ba614afd-2416-4a54-b733-f363754a0e17@group-8E6F0E340992: changes role from CANDIDATE to LEADER at term 1 for changeToLeader
2019-09-26 20:49:57,594 [ba614afd-2416-4a54-b733-f363754a0e17@group-8E6F0E340992:LeaderElection66] INFO  impl.RaftServerImpl (ServerState.java:setLeader(253)) - ba614afd-2416-4a54-b733-f363754a0e17@group-8E6F0E340992: change Leader from null to ba614afd-2416-4a54-b733-f363754a0e17 at term 1 for becomeLeader, leader elected after 5128ms
2019-09-26 20:49:57,594 [ba614afd-2416-4a54-b733-f363754a0e17@group-8E6F0E340992:LeaderElection66] INFO  server.RaftServerConfigKeys (ConfUtils.java:logGet(43)) - raft.server.staging.catchup.gap = 1000 (default)
2019-09-26 20:49:57,594 [ba614afd-2416-4a54-b733-f363754a0e17@group-8E6F0E340992:LeaderElection66] INFO  server.RaftServerConfigKeys (ConfUtils.java:logGet(43)) - raft.server.rpc.sleep.time = 25ms (default)
2019-09-26 20:49:57,594 [ba614afd-2416-4a54-b733-f363754a0e17@group-8E6F0E340992:LeaderElection66] INFO  server.RaftServerConfigKeys (ConfUtils.java:logGet(43)) - raft.server.write.element-limit = 4096 (default)
2019-09-26 20:49:57,594 [ba614afd-2416-4a54-b733-f363754a0e17@group-8E6F0E340992:LeaderElection66] INFO  server.RaftServerConfigKeys (ConfUtils.java:logGet(43)) - raft.server.watch.timeout = 10s (default)
2019-09-26 20:49:57,594 [ba614afd-2416-4a54-b733-f363754a0e17@group-8E6F0E340992:LeaderElection66] INFO  server.RaftServerConfigKeys (ConfUtils.java:logGet(43)) - raft.server.watch.timeout.denomination = 1s (default)
2019-09-26 20:49:57,594 [ba614afd-2416-4a54-b733-f363754a0e17@group-8E6F0E340992:LeaderElection66] INFO  server.RaftServerConfigKeys (ConfUtils.java:logGet(43)) - raft.server.watch.element-limit = 65536 (default)
2019-09-26 20:49:57,596 [ba614afd-2416-4a54-b733-f363754a0e17@group-8E6F0E340992:LeaderElection66] INFO  server.RaftServerConfigKeys (ConfUtils.java:logGet(43)) - raft.server.log.appender.snapshot.chunk.size.max = 16MB (=16777216) (default)
2019-09-26 20:49:57,596 [ba614afd-2416-4a54-b733-f363754a0e17@group-8E6F0E340992:LeaderElection66] INFO  server.RaftServerConfigKeys (ConfUtils.java:logGet(43)) - raft.server.log.appender.buffer.byte-limit = 33554432 (custom)
2019-09-26 20:49:57,596 [ba614afd-2416-4a54-b733-f363754a0e17@group-8E6F0E340992:LeaderElection66] INFO  server.RaftServerConfigKeys (ConfUtils.java:logGet(43)) - raft.server.log.appender.buffer.element-limit = 1 (custom)
2019-09-26 20:49:57,596 [ba614afd-2416-4a54-b733-f363754a0e17@group-8E6F0E340992:LeaderElection66] INFO  grpc.GrpcConfigKeys$Server (ConfUtils.java:logGet(43)) - raft.grpc.server.leader.outstanding.appends.max = 128 (default)
2019-09-26 20:49:57,596 [ba614afd-2416-4a54-b733-f363754a0e17@group-8E6F0E340992:LeaderElection66] INFO  server.RaftServerConfigKeys (ConfUtils.java:logGet(43)) - raft.server.rpc.request.timeout = 3000ms (default)
2019-09-26 20:49:57,596 [ba614afd-2416-4a54-b733-f363754a0e17@group-8E6F0E340992:LeaderElection66] INFO  server.RaftServerConfigKeys (ConfUtils.java:logGet(43)) - raft.server.log.appender.install.snapshot.enabled = false (custom)
2019-09-26 20:49:57,596 [ba614afd-2416-4a54-b733-f363754a0e17@group-8E6F0E340992:LeaderElection66] INFO  server.RaftServerConfigKeys (ConfUtils.java:logGet(43)) - raft.server.log.appender.snapshot.chunk.size.max = 16MB (=16777216) (default)
2019-09-26 20:49:57,596 [ba614afd-2416-4a54-b733-f363754a0e17@group-8E6F0E340992:LeaderElection66] INFO  server.RaftServerConfigKeys (ConfUtils.java:logGet(43)) - raft.server.log.appender.buffer.byte-limit = 33554432 (custom)
2019-09-26 20:49:57,597 [ba614afd-2416-4a54-b733-f363754a0e17@group-8E6F0E340992:LeaderElection66] INFO  server.RaftServerConfigKeys (ConfUtils.java:logGet(43)) - raft.server.log.appender.buffer.element-limit = 1 (custom)
2019-09-26 20:49:57,597 [ba614afd-2416-4a54-b733-f363754a0e17@group-8E6F0E340992:LeaderElection66] INFO  grpc.GrpcConfigKeys$Server (ConfUtils.java:logGet(43)) - raft.grpc.server.leader.outstanding.appends.max = 128 (default)
2019-09-26 20:49:57,597 [ba614afd-2416-4a54-b733-f363754a0e17@group-8E6F0E340992:LeaderElection66] INFO  server.RaftServerConfigKeys (ConfUtils.java:logGet(43)) - raft.server.rpc.request.timeout = 3000ms (default)
2019-09-26 20:49:57,597 [ba614afd-2416-4a54-b733-f363754a0e17@group-8E6F0E340992:LeaderElection66] INFO  server.RaftServerConfigKeys (ConfUtils.java:logGet(43)) - raft.server.log.appender.install.snapshot.enabled = false (custom)
2019-09-26 20:49:57,597 [ba614afd-2416-4a54-b733-f363754a0e17@group-8E6F0E340992:LeaderElection66] INFO  impl.RoleInfo (RoleInfo.java:updateAndGet(143)) - ba614afd-2416-4a54-b733-f363754a0e17: start LeaderState
2019-09-26 20:49:57,597 [ba614afd-2416-4a54-b733-f363754a0e17@group-8E6F0E340992:LeaderElection66] INFO  segmented.SegmentedRaftLogWorker (SegmentedRaftLogWorker.java:startLogSegment(380)) - ba614afd-2416-4a54-b733-f363754a0e17@group-8E6F0E340992-SegmentedRaftLogWorker: Starting segment from index:0
2019-09-26 20:49:57,598 [ba614afd-2416-4a54-b733-f363754a0e17@group-8E6F0E340992:LeaderElection66] INFO  impl.RaftServerImpl (ServerState.java:setRaftConf(354)) - ba614afd-2416-4a54-b733-f363754a0e17@group-8E6F0E340992: set configuration 0: [ba614afd-2416-4a54-b733-f363754a0e17:192.168.30.57:39675, 63796a84-0610-425b-8d78-244a041f6afe:192.168.30.57:37191, 671dcae7-cdea-4162-b8e1-0249a200993f:192.168.30.57:34980], old=null at 0
2019-09-26 20:49:57,601 [grpc-default-executor-5] INFO  impl.RaftServerImpl (ServerState.java:setLeader(253)) - 671dcae7-cdea-4162-b8e1-0249a200993f@group-8E6F0E340992: change Leader from null to ba614afd-2416-4a54-b733-f363754a0e17 at term 1 for appendEntries, leader elected after 5135ms
2019-09-26 20:49:57,604 [grpc-default-executor-5] INFO  impl.RaftServerImpl (ServerState.java:setRaftConf(354)) - 671dcae7-cdea-4162-b8e1-0249a200993f@group-8E6F0E340992: set configuration 0: [ba614afd-2416-4a54-b733-f363754a0e17:192.168.30.57:39675, 63796a84-0610-425b-8d78-244a041f6afe:192.168.30.57:37191, 671dcae7-cdea-4162-b8e1-0249a200993f:192.168.30.57:34980], old=null at 0
2019-09-26 20:49:57,604 [grpc-default-executor-5] INFO  segmented.SegmentedRaftLogWorker (SegmentedRaftLogWorker.java:startLogSegment(380)) - 671dcae7-cdea-4162-b8e1-0249a200993f@group-8E6F0E340992-SegmentedRaftLogWorker: Starting segment from index:0
2019-09-26 20:49:57,606 [63796a84-0610-425b-8d78-244a041f6afe@group-8E6F0E340992:LeaderElection67] INFO  impl.LeaderElection (LeaderElection.java:askForVotes(182)) - 63796a84-0610-425b-8d78-244a041f6afe@group-8E6F0E340992:LeaderElection67: begin an election at term 2 for -1: [ba614afd-2416-4a54-b733-f363754a0e17:192.168.30.57:39675, 63796a84-0610-425b-8d78-244a041f6afe:192.168.30.57:37191, 671dcae7-cdea-4162-b8e1-0249a200993f:192.168.30.57:34980], old=null
2019-09-26 20:49:57,606 [63796a84-0610-425b-8d78-244a041f6afe@group-8E6F0E340992:LeaderElection67] INFO  impl.LeaderElection (LeaderElection.java:logAndReturn(56)) - 63796a84-0610-425b-8d78-244a041f6afe@group-8E6F0E340992:LeaderElection67: Election REJECTED; received 0 response(s) [] and 0 exception(s); 63796a84-0610-425b-8d78-244a041f6afe@group-8E6F0E340992:t2, leader=null, voted=63796a84-0610-425b-8d78-244a041f6afe, raftlog=63796a84-0610-425b-8d78-244a041f6afe@group-8E6F0E340992-SegmentedRaftLog:OPENED:c-1,f-1,i0, conf=-1: [ba614afd-2416-4a54-b733-f363754a0e17:192.168.30.57:39675, 63796a84-0610-425b-8d78-244a041f6afe:192.168.30.57:37191, 671dcae7-cdea-4162-b8e1-0249a200993f:192.168.30.57:34980], old=null
2019-09-26 20:49:57,607 [Thread-2380] INFO  impl.RaftServerImpl (ServerState.java:setLeader(253)) - ba614afd-2416-4a54-b733-f363754a0e17@group-8E6F0E340992: change Leader from ba614afd-2416-4a54-b733-f363754a0e17 to null at term 2 for updateCurrentTerm
2019-09-26 20:49:57,607 [Thread-2380] INFO  impl.RaftServerImpl (RaftServerImpl.java:setRole(174)) - ba614afd-2416-4a54-b733-f363754a0e17@group-8E6F0E340992: changes role from    LEADER to FOLLOWER at term 2 for stepDown
2019-09-26 20:49:57,608 [Thread-2380] INFO  impl.RoleInfo (RoleInfo.java:shutdownLeaderState(104)) - ba614afd-2416-4a54-b733-f363754a0e17: shutdown LeaderState
2019-09-26 20:49:57,639 [org.apache.ratis.server.impl.LogAppender$AppenderDaemon$$Lambda$542/1630054186@76ccbe77] WARN  server.GrpcLogAppender (GrpcLogAppender.java:mayWait(143)) - ba614afd-2416-4a54-b733-f363754a0e17@group-8E6F0E340992->671dcae7-cdea-4162-b8e1-0249a200993f-GrpcLogAppender: Wait interrupted by java.lang.InterruptedException
2019-09-26 20:49:57,639 [Thread-2380] INFO  impl.PendingRequests (PendingRequests.java:sendNotLeaderResponses(202)) - ba614afd-2416-4a54-b733-f363754a0e17-PendingRequests: sendNotLeaderResponses
2019-09-26 20:49:57,642 [org.apache.ratis.server.impl.LogAppender$AppenderDaemon$$Lambda$542/1630054186@1c8dc5ba] WARN  server.GrpcLogAppender (GrpcLogAppender.java:mayWait(143)) - ba614afd-2416-4a54-b733-f363754a0e17@group-8E6F0E340992->63796a84-0610-425b-8d78-244a041f6afe-GrpcLogAppender: Wait interrupted by java.lang.InterruptedException
2019-09-26 20:49:57,642 [Thread-2380] INFO  impl.RoleInfo (RoleInfo.java:updateAndGet(143)) - ba614afd-2416-4a54-b733-f363754a0e17: start FollowerState
2019-09-26 20:49:57,642 [grpc-default-executor-4] INFO  server.GrpcServerProtocolService (GrpcServerProtocolService.java:onCompleted(113)) - 671dcae7-cdea-4162-b8e1-0249a200993f: Completed APPEND_ENTRIES, lastRequest: ba614afd-2416-4a54-b733-f363754a0e17->671dcae7-cdea-4162-b8e1-0249a200993f#1-t1, previous=(t:0, i:0), leaderCommit=-1, initializing? false, entries: size=1, first=(t:1, i:0), CONFIGURATIONENTRY
2019-09-26 20:49:57,642 [grpc-default-executor-5] INFO  server.GrpcServerProtocolService (GrpcServerProtocolService.java:onCompleted(113)) - 63796a84-0610-425b-8d78-244a041f6afe: Completed APPEND_ENTRIES, lastRequest: ba614afd-2416-4a54-b733-f363754a0e17->63796a84-0610-425b-8d78-244a041f6afe#0-t1, previous=(t:0, i:0), leaderCommit=-1, initializing? false, entries: <empty>
2019-09-26 20:49:57,643 [grpc-default-executor-5] INFO  server.GrpcLogAppender (GrpcLogAppender.java:onCompleted(293)) - ba614afd-2416-4a54-b733-f363754a0e17@group-8E6F0E340992->63796a84-0610-425b-8d78-244a041f6afe-AppendLogResponseHandler: follower responses appendEntries COMPLETED
2019-09-26 20:49:57,643 [grpc-default-executor-4] INFO  server.GrpcLogAppender (GrpcLogAppender.java:onCompleted(293)) - ba614afd-2416-4a54-b733-f363754a0e17@group-8E6F0E340992->671dcae7-cdea-4162-b8e1-0249a200993f-AppendLogResponseHandler: follower responses appendEntries COMPLETED
2019-09-26 20:49:57,643 [grpc-default-executor-6] INFO  impl.RaftServerImpl (ServerState.java:setLeader(253)) - 671dcae7-cdea-4162-b8e1-0249a200993f@group-8E6F0E340992: change Leader from ba614afd-2416-4a54-b733-f363754a0e17 to null at term 2 for updateCurrentTerm
2019-09-26 20:49:57,643 [grpc-default-executor-5] INFO  impl.FollowerInfo (FollowerInfo.java:lambda$new$0(51)) - ba614afd-2416-4a54-b733-f363754a0e17@group-8E6F0E340992->63796a84-0610-425b-8d78-244a041f6afe: nextIndex: updateUnconditionally 0 -> 0
2019-09-26 20:49:57,643 [grpc-default-executor-6] INFO  impl.RaftServerImpl (RaftServerImpl.java:setRole(174)) - 671dcae7-cdea-4162-b8e1-0249a200993f@group-8E6F0E340992: changes role from  FOLLOWER to FOLLOWER at term 2 for recognizeCandidate:63796a84-0610-425b-8d78-244a041f6afe
2019-09-26 20:49:57,643 [grpc-default-executor-4] INFO  impl.FollowerInfo (FollowerInfo.java:lambda$new$0(51)) - ba614afd-2416-4a54-b733-f363754a0e17@group-8E6F0E340992->671dcae7-cdea-4162-b8e1-0249a200993f: nextIndex: updateUnconditionally 1 -> 0
2019-09-26 20:49:57,644 [grpc-default-executor-6] INFO  impl.RoleInfo (RoleInfo.java:shutdownFollowerState(121)) - 671dcae7-cdea-4162-b8e1-0249a200993f: shutdown FollowerState
2019-09-26 20:49:57,644 [grpc-default-executor-6] INFO  impl.RoleInfo (RoleInfo.java:updateAndGet(143)) - 671dcae7-cdea-4162-b8e1-0249a200993f: start FollowerState
2019-09-26 20:49:57,644 [Thread-2377] INFO  impl.FollowerState (FollowerState.java:run(115)) - 671dcae7-cdea-4162-b8e1-0249a200993f: FollowerState was interrupted: java.lang.InterruptedException: sleep interrupted
2019-09-26 20:49:57,652 [ba614afd-2416-4a54-b733-f363754a0e17@group-8E6F0E340992-SegmentedRaftLogWorker] INFO  segmented.SegmentedRaftLogWorker (SegmentedRaftLogWorker.java:execute(569)) - ba614afd-2416-4a54-b733-f363754a0e17@group-8E6F0E340992-SegmentedRaftLogWorker: created new log segment /workdir/hadoop-ozone/integration-test/target/test-dir/MiniOzoneClusterImpl-8d5e4e8c-6c03-4042-b10d-2e9a2a95e91b/datanode-4/data/ratis/a689a8cf-7f3b-4749-8601-8e6f0e340992/current/log_inprogress_0
2019-09-26 20:49:57,652 [671dcae7-cdea-4162-b8e1-0249a200993f@group-8E6F0E340992-SegmentedRaftLogWorker] INFO  segmented.SegmentedRaftLogWorker (SegmentedRaftLogWorker.java:execute(569)) - 671dcae7-cdea-4162-b8e1-0249a200993f@group-8E6F0E340992-SegmentedRaftLogWorker: created new log segment /workdir/hadoop-ozone/integration-test/target/test-dir/MiniOzoneClusterImpl-8d5e4e8c-6c03-4042-b10d-2e9a2a95e91b/datanode-6/data/ratis/a689a8cf-7f3b-4749-8601-8e6f0e340992/current/log_inprogress_0
2019-09-26 20:49:57,653 [grpc-default-executor-3] INFO  impl.RaftServerImpl (RaftServerImpl.java:setRole(174)) - ba614afd-2416-4a54-b733-f363754a0e17@group-8E6F0E340992: changes role from  FOLLOWER to FOLLOWER at term 2 for recognizeCandidate:63796a84-0610-425b-8d78-244a041f6afe
2019-09-26 20:49:57,662 [grpc-default-executor-3] INFO  impl.RoleInfo (RoleInfo.java:shutdownFollowerState(121)) - ba614afd-2416-4a54-b733-f363754a0e17: shutdown FollowerState
2019-09-26 20:49:57,674 [grpc-default-executor-3] INFO  impl.RoleInfo (RoleInfo.java:updateAndGet(143)) - ba614afd-2416-4a54-b733-f363754a0e17: start FollowerState
2019-09-26 20:49:57,680 [Thread-2388] INFO  impl.FollowerState (FollowerState.java:run(115)) - ba614afd-2416-4a54-b733-f363754a0e17: FollowerState was interrupted: java.lang.InterruptedException: sleep interrupted
2019-09-26 20:50:02,680 [Thread-2379] INFO  impl.FollowerState (FollowerState.java:run(106)) - 63796a84-0610-425b-8d78-244a041f6afe:group-8E6F0E340992 changes to CANDIDATE, lastRpcTime:5093, electionTimeout:5093ms
2019-09-26 20:50:02,681 [Thread-2379] INFO  impl.RoleInfo (RoleInfo.java:shutdownFollowerState(121)) - 63796a84-0610-425b-8d78-244a041f6afe: shutdown FollowerState
2019-09-26 20:50:02,682 [Thread-2379] INFO  impl.RaftServerImpl (RaftServerImpl.java:setRole(174)) - 63796a84-0610-425b-8d78-244a041f6afe@group-8E6F0E340992: changes role from  FOLLOWER to CANDIDATE at term 2 for changeToCandidate
2019-09-26 20:50:02,682 [Thread-2379] INFO  impl.RoleInfo (RoleInfo.java:updateAndGet(143)) - 63796a84-0610-425b-8d78-244a041f6afe: start LeaderElection
2019-09-26 20:50:02,692 [Datanode State Machine Thread - 0] INFO  statemachine.DatanodeStateMachine (DatanodeStateMachine.java:lambda$startDaemon$0(350)) - Ozone container server started.
2019-09-26 20:50:02,693 [main] INFO  ozoneimpl.OzoneContainer (OzoneContainer.java:stop(231)) - Attempting to stop container services.
2019-09-26 20:50:02,694 [main] INFO  impl.RaftServerProxy (RaftServerProxy.java:lambda$close$4(314)) - c642a3ed-6835-4e80-8c1e-9298e9a0c556: close
2019-09-26 20:50:02,694 [main] INFO  impl.RaftServerImpl (RaftServerImpl.java:lambda$shutdown$3(251)) - c642a3ed-6835-4e80-8c1e-9298e9a0c556@group-DACE26689539: shutdown
2019-09-26 20:50:02,694 [ForkJoinPool.commonPool-worker-0] INFO  impl.RaftServerImpl (RaftServerImpl.java:lambda$shutdown$3(251)) - c642a3ed-6835-4e80-8c1e-9298e9a0c556@group-6C9E397D0F29: shutdown
2019-09-26 20:50:02,695 [main] INFO  util.JmxRegister (JmxRegister.java:unregister(73)) - Successfully un-registered JMX Bean with object name Ratis:service=RaftServer,group=group-DACE26689539,id=c642a3ed-6835-4e80-8c1e-9298e9a0c556
2019-09-26 20:50:02,695 [ForkJoinPool.commonPool-worker-0] INFO  util.JmxRegister (JmxRegister.java:unregister(73)) - Successfully un-registered JMX Bean with object name Ratis:service=RaftServer,group=group-6C9E397D0F29,id=c642a3ed-6835-4e80-8c1e-9298e9a0c556
2019-09-26 20:50:02,695 [main] INFO  impl.RoleInfo (RoleInfo.java:shutdownLeaderState(104)) - c642a3ed-6835-4e80-8c1e-9298e9a0c556: shutdown LeaderState
2019-09-26 20:50:02,696 [ForkJoinPool.commonPool-worker-0] INFO  impl.RoleInfo (RoleInfo.java:shutdownLeaderState(104)) - c642a3ed-6835-4e80-8c1e-9298e9a0c556: shutdown LeaderState
2019-09-26 20:50:02,696 [main] INFO  impl.PendingRequests (PendingRequests.java:sendNotLeaderResponses(202)) - c642a3ed-6835-4e80-8c1e-9298e9a0c556-PendingRequests: sendNotLeaderResponses
2019-09-26 20:50:02,702 [org.apache.ratis.server.impl.LogAppender$AppenderDaemon$$Lambda$542/1630054186@5be3cdbf] WARN  server.GrpcLogAppender (GrpcLogAppender.java:mayWait(143)) - c642a3ed-6835-4e80-8c1e-9298e9a0c556@group-6C9E397D0F29->0a9fc6eb-77d3-4a76-a53e-207bfd2af7a0-GrpcLogAppender: Wait interrupted by java.lang.InterruptedException
2019-09-26 20:50:02,702 [org.apache.ratis.server.impl.LogAppender$AppenderDaemon$$Lambda$542/1630054186@6fc9737] WARN  server.GrpcLogAppender (GrpcLogAppender.java:mayWait(143)) - c642a3ed-6835-4e80-8c1e-9298e9a0c556@group-6C9E397D0F29->0ba741d3-e74b-4583-8c46-f3eef39c8b87-GrpcLogAppender: Wait interrupted by java.lang.InterruptedException
2019-09-26 20:50:02,702 [ForkJoinPool.commonPool-worker-0] INFO  impl.PendingRequests (PendingRequests.java:sendNotLeaderResponses(202)) - c642a3ed-6835-4e80-8c1e-9298e9a0c556-PendingRequests: sendNotLeaderResponses
2019-09-26 20:50:02,712 [main] INFO  impl.StateMachineUpdater (StateMachineUpdater.java:stopAndJoin(125)) - c642a3ed-6835-4e80-8c1e-9298e9a0c556@group-DACE26689539-StateMachineUpdater: set stopIndex = 0
2019-09-26 20:50:02,713 [grpc-default-executor-6] INFO  server.GrpcServerProtocolService (GrpcServerProtocolService.java:onCompleted(113)) - 0a9fc6eb-77d3-4a76-a53e-207bfd2af7a0: Completed APPEND_ENTRIES, lastRequest: c642a3ed-6835-4e80-8c1e-9298e9a0c556->0a9fc6eb-77d3-4a76-a53e-207bfd2af7a0#5-t1, previous=(t:1, i:2), leaderCommit=2, initializing? false, entries: <empty>
2019-09-26 20:50:02,713 [ForkJoinPool.commonPool-worker-0] INFO  impl.StateMachineUpdater (StateMachineUpdater.java:stopAndJoin(125)) - c642a3ed-6835-4e80-8c1e-9298e9a0c556@group-6C9E397D0F29-StateMachineUpdater: set stopIndex = 2
2019-09-26 20:50:02,713 [grpc-default-executor-3] INFO  server.GrpcServerProtocolService (GrpcServerProtocolService.java:onCompleted(113)) - 0ba741d3-e74b-4583-8c46-f3eef39c8b87: Completed APPEND_ENTRIES, lastRequest: c642a3ed-6835-4e80-8c1e-9298e9a0c556->0ba741d3-e74b-4583-8c46-f3eef39c8b87#5-t1, previous=(t:1, i:2), leaderCommit=2, initializing? false, entries: <empty>
2019-09-26 20:50:02,713 [main] INFO  impl.RaftServerImpl (ServerState.java:close(385)) - c642a3ed-6835-4e80-8c1e-9298e9a0c556@group-DACE26689539: closes. applyIndex: 0
2019-09-26 20:50:02,713 [c642a3ed-6835-4e80-8c1e-9298e9a0c556@group-6C9E397D0F29-StateMachineUpdater] INFO  ratis.ContainerStateMachine (ContainerStateMachine.java:takeSnapshot(289)) - group-6C9E397D0F29: Taking a snapshot at:(t:1, i:2) file /workdir/hadoop-ozone/integration-test/target/test-dir/MiniOzoneClusterImpl-8d5e4e8c-6c03-4042-b10d-2e9a2a95e91b/datanode-0/data/ratis/dcb9ddf9-75c6-4930-8f65-6c9e397d0f29/sm/snapshot.1_2
2019-09-26 20:50:02,714 [c642a3ed-6835-4e80-8c1e-9298e9a0c556@group-DACE26689539-SegmentedRaftLogWorker] INFO  segmented.SegmentedRaftLogWorker (SegmentedRaftLogWorker.java:run(313)) - c642a3ed-6835-4e80-8c1e-9298e9a0c556@group-DACE26689539-SegmentedRaftLogWorker was interrupted, exiting. There are 0 tasks remaining in the queue.
2019-09-26 20:50:02,718 [Thread-2390] INFO  impl.FollowerState (FollowerState.java:run(106)) - ba614afd-2416-4a54-b733-f363754a0e17:group-8E6F0E340992 changes to CANDIDATE, lastRpcTime:5053, electionTimeout:5035ms
2019-09-26 20:50:02,718 [Thread-2390] INFO  impl.RoleInfo (RoleInfo.java:shutdownFollowerState(121)) - ba614afd-2416-4a54-b733-f363754a0e17: shutdown FollowerState
2019-09-26 20:50:02,721 [grpc-default-executor-6] INFO  server.GrpcLogAppender (GrpcLogAppender.java:onCompleted(293)) - c642a3ed-6835-4e80-8c1e-9298e9a0c556@group-6C9E397D0F29->0a9fc6eb-77d3-4a76-a53e-207bfd2af7a0-AppendLogResponseHandler: follower responses appendEntries COMPLETED
2019-09-26 20:50:02,721 [grpc-default-executor-3] INFO  server.GrpcLogAppender (GrpcLogAppender.java:onCompleted(293)) - c642a3ed-6835-4e80-8c1e-9298e9a0c556@group-6C9E397D0F29->0ba741d3-e74b-4583-8c46-f3eef39c8b87-AppendLogResponseHandler: follower responses appendEntries COMPLETED
2019-09-26 20:50:02,721 [Thread-2390] INFO  impl.RaftServerImpl (RaftServerImpl.java:setRole(174)) - ba614afd-2416-4a54-b733-f363754a0e17@group-8E6F0E340992: changes role from  FOLLOWER to CANDIDATE at term 2 for changeToCandidate
2019-09-26 20:50:02,721 [Thread-2390] INFO  impl.RoleInfo (RoleInfo.java:updateAndGet(143)) - ba614afd-2416-4a54-b733-f363754a0e17: start LeaderElection
2019-09-26 20:50:02,722 [main] INFO  segmented.SegmentedRaftLogWorker (SegmentedRaftLogWorker.java:close(228)) - c642a3ed-6835-4e80-8c1e-9298e9a0c556@group-DACE26689539-SegmentedRaftLogWorker close()
2019-09-26 20:50:02,722 [grpc-default-executor-6] INFO  impl.FollowerInfo (FollowerInfo.java:lambda$new$0(51)) - c642a3ed-6835-4e80-8c1e-9298e9a0c556@group-6C9E397D0F29->0a9fc6eb-77d3-4a76-a53e-207bfd2af7a0: nextIndex: updateUnconditionally 3 -> 2
2019-09-26 20:50:02,722 [grpc-default-executor-3] INFO  impl.FollowerInfo (FollowerInfo.java:lambda$new$0(51)) - c642a3ed-6835-4e80-8c1e-9298e9a0c556@group-6C9E397D0F29->0ba741d3-e74b-4583-8c46-f3eef39c8b87: nextIndex: updateUnconditionally 3 -> 2
2019-09-26 20:50:02,730 [63796a84-0610-425b-8d78-244a041f6afe@group-8E6F0E340992:LeaderElection68] INFO  impl.LeaderElection (LeaderElection.java:askForVotes(182)) - 63796a84-0610-425b-8d78-244a041f6afe@group-8E6F0E340992:LeaderElection68: begin an election at term 3 for -1: [ba614afd-2416-4a54-b733-f363754a0e17:192.168.30.57:39675, 63796a84-0610-425b-8d78-244a041f6afe:192.168.30.57:37191, 671dcae7-cdea-4162-b8e1-0249a200993f:192.168.30.57:34980], old=null
2019-09-26 20:50:02,725 [c642a3ed-6835-4e80-8c1e-9298e9a0c556@group-6C9E397D0F29-StateMachineUpdater] INFO  ratis.ContainerStateMachine (ContainerStateMachine.java:takeSnapshot(300)) - group-6C9E397D0F29: Finished taking a snapshot at:(t:1, i:2) file:/workdir/hadoop-ozone/integration-test/target/test-dir/MiniOzoneClusterImpl-8d5e4e8c-6c03-4042-b10d-2e9a2a95e91b/datanode-0/data/ratis/dcb9ddf9-75c6-4930-8f65-6c9e397d0f29/sm/snapshot.1_2 time:12
2019-09-26 20:50:02,731 [c642a3ed-6835-4e80-8c1e-9298e9a0c556@group-6C9E397D0F29-StateMachineUpdater] INFO  impl.StateMachineUpdater (StateMachineUpdater.java:takeSnapshot(258)) - c642a3ed-6835-4e80-8c1e-9298e9a0c556@group-6C9E397D0F29-StateMachineUpdater: Took a snapshot at index 2
2019-09-26 20:50:02,731 [c642a3ed-6835-4e80-8c1e-9298e9a0c556@group-6C9E397D0F29-StateMachineUpdater] INFO  impl.StateMachineUpdater (StateMachineUpdater.java:lambda$new$0(83)) - c642a3ed-6835-4e80-8c1e-9298e9a0c556@group-6C9E397D0F29-StateMachineUpdater: snapshotIndex: updateIncreasingly -1 -> 2
2019-09-26 20:50:02,731 [ForkJoinPool.commonPool-worker-0] INFO  impl.RaftServerImpl (ServerState.java:close(385)) - c642a3ed-6835-4e80-8c1e-9298e9a0c556@group-6C9E397D0F29: closes. applyIndex: 2
2019-09-26 20:50:02,732 [c642a3ed-6835-4e80-8c1e-9298e9a0c556@group-6C9E397D0F29-SegmentedRaftLogWorker] INFO  segmented.SegmentedRaftLogWorker (SegmentedRaftLogWorker.java:run(313)) - c642a3ed-6835-4e80-8c1e-9298e9a0c556@group-6C9E397D0F29-SegmentedRaftLogWorker was interrupted, exiting. There are 0 tasks remaining in the queue.
2019-09-26 20:50:02,734 [ForkJoinPool.commonPool-worker-0] INFO  segmented.SegmentedRaftLogWorker (SegmentedRaftLogWorker.java:close(228)) - c642a3ed-6835-4e80-8c1e-9298e9a0c556@group-6C9E397D0F29-SegmentedRaftLogWorker close()
2019-09-26 20:50:02,739 [main] INFO  server.GrpcService (GrpcService.java:closeImpl(164)) - c642a3ed-6835-4e80-8c1e-9298e9a0c556: shutdown server with port 41571 now
2019-09-26 20:50:02,739 [ba614afd-2416-4a54-b733-f363754a0e17@group-8E6F0E340992:LeaderElection69] INFO  impl.LeaderElection (LeaderElection.java:askForVotes(182)) - ba614afd-2416-4a54-b733-f363754a0e17@group-8E6F0E340992:LeaderElection69: begin an election at term 3 for 0: [ba614afd-2416-4a54-b733-f363754a0e17:192.168.30.57:39675, 63796a84-0610-425b-8d78-244a041f6afe:192.168.30.57:37191, 671dcae7-cdea-4162-b8e1-0249a200993f:192.168.30.57:34980], old=null
2019-09-26 20:50:02,740 [main] INFO  server.GrpcService (GrpcService.java:closeImpl(172)) - c642a3ed-6835-4e80-8c1e-9298e9a0c556: shutdown server with port 41571 successfully
2019-09-26 20:50:02,741 [grpc-default-executor-4] INFO  impl.RaftServerImpl (RaftServerImpl.java:setRole(174)) - 671dcae7-cdea-4162-b8e1-0249a200993f@group-8E6F0E340992: changes role from  FOLLOWER to FOLLOWER at term 3 for recognizeCandidate:63796a84-0610-425b-8d78-244a041f6afe
2019-09-26 20:50:02,741 [grpc-default-executor-4] INFO  impl.RoleInfo (RoleInfo.java:shutdownFollowerState(121)) - 671dcae7-cdea-4162-b8e1-0249a200993f: shutdown FollowerState
2019-09-26 20:50:02,741 [grpc-default-executor-4] INFO  impl.RoleInfo (RoleInfo.java:updateAndGet(143)) - 671dcae7-cdea-4162-b8e1-0249a200993f: start FollowerState
2019-09-26 20:50:02,741 [Thread-2389] INFO  impl.FollowerState (FollowerState.java:run(115)) - 671dcae7-cdea-4162-b8e1-0249a200993f: FollowerState was interrupted: java.lang.InterruptedException: sleep interrupted
2019-09-26 20:50:02,744 [refreshUsed-/workdir/hadoop-ozone/integration-test/target/test-dir/MiniOzoneClusterImpl-8d5e4e8c-6c03-4042-b10d-2e9a2a95e91b/datanode-0/data/containers] WARN  fs.CachingGetSpaceUsed (CachingGetSpaceUsed.java:run(183)) - Thread Interrupted waiting to refresh disk information: sleep interrupted
2019-09-26 20:50:02,757 [grpc-default-executor-3] INFO  impl.RaftServerImpl (RaftServerImpl.java:setRole(174)) - 671dcae7-cdea-4162-b8e1-0249a200993f@group-8E6F0E340992: changes role from  FOLLOWER to FOLLOWER at term 3 for recognizeCandidate:ba614afd-2416-4a54-b733-f363754a0e17
2019-09-26 20:50:02,757 [grpc-default-executor-3] INFO  impl.RoleInfo (RoleInfo.java:shutdownFollowerState(121)) - 671dcae7-cdea-4162-b8e1-0249a200993f: shutdown FollowerState
2019-09-26 20:50:02,757 [grpc-default-executor-3] INFO  impl.RoleInfo (RoleInfo.java:updateAndGet(143)) - 671dcae7-cdea-4162-b8e1-0249a200993f: start FollowerState
2019-09-26 20:50:02,757 [Thread-2404] INFO  impl.FollowerState (FollowerState.java:run(115)) - 671dcae7-cdea-4162-b8e1-0249a200993f: FollowerState was interrupted: java.lang.InterruptedException: sleep interrupted
2019-09-26 20:50:02,759 [63796a84-0610-425b-8d78-244a041f6afe@group-8E6F0E340992:LeaderElection68] INFO  impl.LeaderElection (LeaderElection.java:logAndReturn(56)) - 63796a84-0610-425b-8d78-244a041f6afe@group-8E6F0E340992:LeaderElection68: Election REJECTED; received 2 response(s) [63796a84-0610-425b-8d78-244a041f6afe<-ba614afd-2416-4a54-b733-f363754a0e17#0:FAIL-t3, 63796a84-0610-425b-8d78-244a041f6afe<-671dcae7-cdea-4162-b8e1-0249a200993f#0:FAIL-t3] and 0 exception(s); 63796a84-0610-425b-8d78-244a041f6afe@group-8E6F0E340992:t3, leader=null, voted=63796a84-0610-425b-8d78-244a041f6afe, raftlog=63796a84-0610-425b-8d78-244a041f6afe@group-8E6F0E340992-SegmentedRaftLog:OPENED:c-1,f-1,i0, conf=-1: [ba614afd-2416-4a54-b733-f363754a0e17:192.168.30.57:39675, 63796a84-0610-425b-8d78-244a041f6afe:192.168.30.57:37191, 671dcae7-cdea-4162-b8e1-0249a200993f:192.168.30.57:34980], old=null
2019-09-26 20:50:02,760 [63796a84-0610-425b-8d78-244a041f6afe@group-8E6F0E340992:LeaderElection68] INFO  impl.RaftServerImpl (RaftServerImpl.java:setRole(174)) - 63796a84-0610-425b-8d78-244a041f6afe@group-8E6F0E340992: changes role from CANDIDATE to FOLLOWER at term 3 for DISCOVERED_A_NEW_TERM
2019-09-26 20:50:02,760 [63796a84-0610-425b-8d78-244a041f6afe@group-8E6F0E340992:LeaderElection68] INFO  impl.RoleInfo (RoleInfo.java:shutdownLeaderElection(134)) - 63796a84-0610-425b-8d78-244a041f6afe: shutdown LeaderElection
2019-09-26 20:50:02,760 [63796a84-0610-425b-8d78-244a041f6afe@group-8E6F0E340992:LeaderElection68] INFO  impl.RoleInfo (RoleInfo.java:updateAndGet(143)) - 63796a84-0610-425b-8d78-244a041f6afe: start FollowerState
2019-09-26 20:50:02,766 [main] INFO  utils.BackgroundService (BackgroundService.java:shutdown(148)) - Shutting down service BlockDeletingService
2019-09-26 20:50:02,773 [main] INFO  statemachine.DatanodeStateMachine (DatanodeStateMachine.java:stopDaemon(395)) - Ozone container server stopped.
2019-09-26 20:50:02,774 [ba614afd-2416-4a54-b733-f363754a0e17@group-8E6F0E340992:LeaderElection69] INFO  impl.LeaderElection (LeaderElection.java:logAndReturn(56)) - ba614afd-2416-4a54-b733-f363754a0e17@group-8E6F0E340992:LeaderElection69: Election PASSED; received 2 response(s) [ba614afd-2416-4a54-b733-f363754a0e17<-63796a84-0610-425b-8d78-244a041f6afe#0:FAIL-t3, ba614afd-2416-4a54-b733-f363754a0e17<-671dcae7-cdea-4162-b8e1-0249a200993f#0:OK-t3] and 0 exception(s); ba614afd-2416-4a54-b733-f363754a0e17@group-8E6F0E340992:t3, leader=null, voted=ba614afd-2416-4a54-b733-f363754a0e17, raftlog=ba614afd-2416-4a54-b733-f363754a0e17@group-8E6F0E340992-SegmentedRaftLog:OPENED:c-1,f0,i0, conf=0: [ba614afd-2416-4a54-b733-f363754a0e17:192.168.30.57:39675, 63796a84-0610-425b-8d78-244a041f6afe:192.168.30.57:37191, 671dcae7-cdea-4162-b8e1-0249a200993f:192.168.30.57:34980], old=null
2019-09-26 20:50:02,774 [ba614afd-2416-4a54-b733-f363754a0e17@group-8E6F0E340992:LeaderElection69] INFO  impl.RoleInfo (RoleInfo.java:shutdownLeaderElection(134)) - ba614afd-2416-4a54-b733-f363754a0e17: shutdown LeaderElection
2019-09-26 20:50:02,774 [ba614afd-2416-4a54-b733-f363754a0e17@group-8E6F0E340992:LeaderElection69] INFO  impl.RaftServerImpl (RaftServerImpl.java:setRole(174)) - ba614afd-2416-4a54-b733-f363754a0e17@group-8E6F0E340992: changes role from CANDIDATE to LEADER at term 3 for changeToLeader
2019-09-26 20:50:02,774 [ba614afd-2416-4a54-b733-f363754a0e17@group-8E6F0E340992:LeaderElection69] INFO  impl.RaftServerImpl (ServerState.java:setLeader(253)) - ba614afd-2416-4a54-b733-f363754a0e17@group-8E6F0E340992: change Leader from null to ba614afd-2416-4a54-b733-f363754a0e17 at term 3 for becomeLeader, leader elected after 5167ms
2019-09-26 20:50:02,774 [ba614afd-2416-4a54-b733-f363754a0e17@group-8E6F0E340992:LeaderElection69] INFO  server.RaftServerConfigKeys (ConfUtils.java:logGet(43)) - raft.server.staging.catchup.gap = 1000 (default)
2019-09-26 20:50:02,775 [ba614afd-2416-4a54-b733-f363754a0e17@group-8E6F0E340992:LeaderElection69] INFO  server.RaftServerConfigKeys (ConfUtils.java:logGet(43)) - raft.server.rpc.sleep.time = 25ms (default)
2019-09-26 20:50:02,775 [main] INFO  handler.ContextHandler (ContextHandler.java:doStop(910)) - Stopped o.e.j.w.WebAppContext@4a62062a{/,null,UNAVAILABLE}{/hddsDatanode}
2019-09-26 20:50:02,776 [ba614afd-2416-4a54-b733-f363754a0e17@group-8E6F0E340992:LeaderElection69] INFO  server.RaftServerConfigKeys (ConfUtils.java:logGet(43)) - raft.server.write.element-limit = 4096 (default)
2019-09-26 20:50:02,777 [ba614afd-2416-4a54-b733-f363754a0e17@group-8E6F0E340992:LeaderElection69] INFO  server.RaftServerConfigKeys (ConfUtils.java:logGet(43)) - raft.server.watch.timeout = 10s (default)
2019-09-26 20:50:02,777 [ba614afd-2416-4a54-b733-f363754a0e17@group-8E6F0E340992:LeaderElection69] INFO  server.RaftServerConfigKeys (ConfUtils.java:logGet(43)) - raft.server.watch.timeout.denomination = 1s (default)
2019-09-26 20:50:02,777 [ba614afd-2416-4a54-b733-f363754a0e17@group-8E6F0E340992:LeaderElection69] INFO  server.RaftServerConfigKeys (ConfUtils.java:logGet(43)) - raft.server.watch.element-limit = 65536 (default)
2019-09-26 20:50:02,777 [ba614afd-2416-4a54-b733-f363754a0e17@group-8E6F0E340992:LeaderElection69] INFO  server.RaftServerConfigKeys (ConfUtils.java:logGet(43)) - raft.server.log.appender.snapshot.chunk.size.max = 16MB (=16777216) (default)
2019-09-26 20:50:02,777 [main] INFO  server.AbstractConnector (AbstractConnector.java:doStop(318)) - Stopped ServerConnector@7ec08115{HTTP/1.1,[http/1.1]}{0.0.0.0:0}
2019-09-26 20:50:02,777 [ba614afd-2416-4a54-b733-f363754a0e17@group-8E6F0E340992:LeaderElection69] INFO  server.RaftServerConfigKeys (ConfUtils.java:logGet(43)) - raft.server.log.appender.buffer.byte-limit = 33554432 (custom)
2019-09-26 20:50:02,778 [main] INFO  handler.ContextHandler (ContextHandler.java:doStop(910)) - Stopped o.e.j.s.ServletContextHandler@6897a4a{/static,jar:file:/home/user/.m2/repository/org/apache/hadoop/hadoop-hdds-container-service/0.5.0-SNAPSHOT/hadoop-hdds-container-service-0.5.0-SNAPSHOT.jar!/webapps/static,UNAVAILABLE}
2019-09-26 20:50:02,778 [ba614afd-2416-4a54-b733-f363754a0e17@group-8E6F0E340992:LeaderElection69] INFO  server.RaftServerConfigKeys (ConfUtils.java:logGet(43)) - raft.server.log.appender.buffer.element-limit = 1 (custom)
2019-09-26 20:50:02,778 [main] INFO  handler.ContextHandler (ContextHandler.java:doStop(910)) - Stopped o.e.j.s.ServletContextHandler@5287ba5f{/logs,file:///workdir/hadoop-ozone/integration-test/target/log,UNAVAILABLE}
2019-09-26 20:50:02,778 [ba614afd-2416-4a54-b733-f363754a0e17@group-8E6F0E340992:LeaderElection69] INFO  grpc.GrpcConfigKeys$Server (ConfUtils.java:logGet(43)) - raft.grpc.server.leader.outstanding.appends.max = 128 (default)
2019-09-26 20:50:02,778 [ba614afd-2416-4a54-b733-f363754a0e17@group-8E6F0E340992:LeaderElection69] INFO  server.RaftServerConfigKeys (ConfUtils.java:logGet(43)) - raft.server.rpc.request.timeout = 3000ms (default)
2019-09-26 20:50:02,778 [ba614afd-2416-4a54-b733-f363754a0e17@group-8E6F0E340992:LeaderElection69] INFO  server.RaftServerConfigKeys (ConfUtils.java:logGet(43)) - raft.server.log.appender.install.snapshot.enabled = false (custom)
2019-09-26 20:50:02,779 [ba614afd-2416-4a54-b733-f363754a0e17@group-8E6F0E340992:LeaderElection69] INFO  server.RaftServerConfigKeys (ConfUtils.java:logGet(43)) - raft.server.log.appender.snapshot.chunk.size.max = 16MB (=16777216) (default)
2019-09-26 20:50:02,779 [ba614afd-2416-4a54-b733-f363754a0e17@group-8E6F0E340992:LeaderElection69] INFO  server.RaftServerConfigKeys (ConfUtils.java:logGet(43)) - raft.server.log.appender.buffer.byte-limit = 33554432 (custom)
2019-09-26 20:50:02,779 [ba614afd-2416-4a54-b733-f363754a0e17@group-8E6F0E340992:LeaderElection69] INFO  server.RaftServerConfigKeys (ConfUtils.java:logGet(43)) - raft.server.log.appender.buffer.element-limit = 1 (custom)
2019-09-26 20:50:02,779 [ba614afd-2416-4a54-b733-f363754a0e17@group-8E6F0E340992:LeaderElection69] INFO  grpc.GrpcConfigKeys$Server (ConfUtils.java:logGet(43)) - raft.grpc.server.leader.outstanding.appends.max = 128 (default)
2019-09-26 20:50:02,779 [ba614afd-2416-4a54-b733-f363754a0e17@group-8E6F0E340992:LeaderElection69] INFO  server.RaftServerConfigKeys (ConfUtils.java:logGet(43)) - raft.server.rpc.request.timeout = 3000ms (default)
2019-09-26 20:50:02,779 [ba614afd-2416-4a54-b733-f363754a0e17@group-8E6F0E340992:LeaderElection69] INFO  server.RaftServerConfigKeys (ConfUtils.java:logGet(43)) - raft.server.log.appender.install.snapshot.enabled = false (custom)
2019-09-26 20:50:02,780 [ba614afd-2416-4a54-b733-f363754a0e17@group-8E6F0E340992:LeaderElection69] INFO  impl.RoleInfo (RoleInfo.java:updateAndGet(143)) - ba614afd-2416-4a54-b733-f363754a0e17: start LeaderState
2019-09-26 20:50:02,780 [ba614afd-2416-4a54-b733-f363754a0e17@group-8E6F0E340992:LeaderElection69] INFO  segmented.SegmentedRaftLogWorker (SegmentedRaftLogWorker.java:rollLogSegment(385)) - ba614afd-2416-4a54-b733-f363754a0e17@group-8E6F0E340992-SegmentedRaftLogWorker: Rolling segment log-0_0 to index:0
2019-09-26 20:50:02,781 [ba614afd-2416-4a54-b733-f363754a0e17@group-8E6F0E340992:LeaderElection69] INFO  impl.RaftServerImpl (ServerState.java:setRaftConf(354)) - ba614afd-2416-4a54-b733-f363754a0e17@group-8E6F0E340992: set configuration 1: [ba614afd-2416-4a54-b733-f363754a0e17:192.168.30.57:39675, 63796a84-0610-425b-8d78-244a041f6afe:192.168.30.57:37191, 671dcae7-cdea-4162-b8e1-0249a200993f:192.168.30.57:34980], old=null at 1
2019-09-26 20:50:02,781 [ba614afd-2416-4a54-b733-f363754a0e17@group-8E6F0E340992-SegmentedRaftLogWorker] INFO  segmented.SegmentedRaftLogWorker (SegmentedRaftLogWorker.java:execute(526)) - ba614afd-2416-4a54-b733-f363754a0e17@group-8E6F0E340992-SegmentedRaftLogWorker: Rolled log segment from /workdir/hadoop-ozone/integration-test/target/test-dir/MiniOzoneClusterImpl-8d5e4e8c-6c03-4042-b10d-2e9a2a95e91b/datanode-4/data/ratis/a689a8cf-7f3b-4749-8601-8e6f0e340992/current/log_inprogress_0 to /workdir/hadoop-ozone/integration-test/target/test-dir/MiniOzoneClusterImpl-8d5e4e8c-6c03-4042-b10d-2e9a2a95e91b/datanode-4/data/ratis/a689a8cf-7f3b-4749-8601-8e6f0e340992/current/log_0-0
2019-09-26 20:50:02,782 [grpc-default-executor-3] INFO  impl.RaftServerImpl (ServerState.java:setLeader(253)) - 63796a84-0610-425b-8d78-244a041f6afe@group-8E6F0E340992: change Leader from null to ba614afd-2416-4a54-b733-f363754a0e17 at term 3 for appendEntries, leader elected after 10316ms
2019-09-26 20:50:02,812 [grpc-default-executor-3] INFO  impl.RaftServerImpl (RaftServerImpl.java:checkInconsistentAppendEntries(1003)) - 63796a84-0610-425b-8d78-244a041f6afe@group-8E6F0E340992: Failed appendEntries as previous log entry ((t:1, i:0)) is not found
2019-09-26 20:50:02,812 [grpc-default-executor-4] INFO  impl.RaftServerImpl (ServerState.java:setLeader(253)) - 671dcae7-cdea-4162-b8e1-0249a200993f@group-8E6F0E340992: change Leader from null to ba614afd-2416-4a54-b733-f363754a0e17 at term 3 for appendEntries, leader elected after 5169ms
2019-09-26 20:50:02,814 [grpc-default-executor-3] INFO  impl.RaftServerImpl (RaftServerImpl.java:checkInconsistentAppendEntries(976)) - 63796a84-0610-425b-8d78-244a041f6afe@group-8E6F0E340992: inconsistency entries. Reply:ba614afd-2416-4a54-b733-f363754a0e17<-63796a84-0610-425b-8d78-244a041f6afe#0:FAIL,INCONSISTENCY,nextIndex:0,term:3,followerCommit:-1
2019-09-26 20:50:02,817 [grpc-default-executor-3] INFO  impl.RaftServerImpl (ServerState.java:setRaftConf(354)) - 671dcae7-cdea-4162-b8e1-0249a200993f@group-8E6F0E340992: set configuration 1: [ba614afd-2416-4a54-b733-f363754a0e17:192.168.30.57:39675, 63796a84-0610-425b-8d78-244a041f6afe:192.168.30.57:37191, 671dcae7-cdea-4162-b8e1-0249a200993f:192.168.30.57:34980], old=null at 1
2019-09-26 20:50:02,817 [grpc-default-executor-4] INFO  impl.FollowerInfo (FollowerInfo.java:lambda$new$0(51)) - ba614afd-2416-4a54-b733-f363754a0e17@group-8E6F0E340992->63796a84-0610-425b-8d78-244a041f6afe: nextIndex: updateUnconditionally 1 -> 0
2019-09-26 20:50:02,818 [grpc-default-executor-3] INFO  segmented.SegmentedRaftLogWorker (SegmentedRaftLogWorker.java:rollLogSegment(385)) - 671dcae7-cdea-4162-b8e1-0249a200993f@group-8E6F0E340992-SegmentedRaftLogWorker: Rolling segment log-0_0 to index:0
2019-09-26 20:50:02,818 [grpc-default-executor-3] INFO  impl.RaftServerImpl (ServerState.java:setRaftConf(354)) - 63796a84-0610-425b-8d78-244a041f6afe@group-8E6F0E340992: set configuration 0: [ba614afd-2416-4a54-b733-f363754a0e17:192.168.30.57:39675, 63796a84-0610-425b-8d78-244a041f6afe:192.168.30.57:37191, 671dcae7-cdea-4162-b8e1-0249a200993f:192.168.30.57:34980], old=null at 0
2019-09-26 20:50:02,819 [671dcae7-cdea-4162-b8e1-0249a200993f@group-8E6F0E340992-SegmentedRaftLogWorker] INFO  segmented.SegmentedRaftLogWorker (SegmentedRaftLogWorker.java:execute(526)) - 671dcae7-cdea-4162-b8e1-0249a200993f@group-8E6F0E340992-SegmentedRaftLogWorker: Rolled log segment from /workdir/hadoop-ozone/integration-test/target/test-dir/MiniOzoneClusterImpl-8d5e4e8c-6c03-4042-b10d-2e9a2a95e91b/datanode-6/data/ratis/a689a8cf-7f3b-4749-8601-8e6f0e340992/current/log_inprogress_0 to /workdir/hadoop-ozone/integration-test/target/test-dir/MiniOzoneClusterImpl-8d5e4e8c-6c03-4042-b10d-2e9a2a95e91b/datanode-6/data/ratis/a689a8cf-7f3b-4749-8601-8e6f0e340992/current/log_0-0
2019-09-26 20:50:02,819 [grpc-default-executor-3] INFO  segmented.SegmentedRaftLogWorker (SegmentedRaftLogWorker.java:startLogSegment(380)) - 63796a84-0610-425b-8d78-244a041f6afe@group-8E6F0E340992-SegmentedRaftLogWorker: Starting segment from index:0
2019-09-26 20:50:02,820 [grpc-default-executor-3] INFO  impl.RaftServerImpl (ServerState.java:setRaftConf(354)) - 63796a84-0610-425b-8d78-244a041f6afe@group-8E6F0E340992: set configuration 1: [ba614afd-2416-4a54-b733-f363754a0e17:192.168.30.57:39675, 63796a84-0610-425b-8d78-244a041f6afe:192.168.30.57:37191, 671dcae7-cdea-4162-b8e1-0249a200993f:192.168.30.57:34980], old=null at 1
2019-09-26 20:50:02,820 [grpc-default-executor-3] INFO  segmented.SegmentedRaftLogWorker (SegmentedRaftLogWorker.java:rollLogSegment(385)) - 63796a84-0610-425b-8d78-244a041f6afe@group-8E6F0E340992-SegmentedRaftLogWorker: Rolling segment log-0_0 to index:0
2019-09-26 20:50:02,825 [ba614afd-2416-4a54-b733-f363754a0e17@group-8E6F0E340992-SegmentedRaftLogWorker] INFO  segmented.SegmentedRaftLogWorker (SegmentedRaftLogWorker.java:execute(569)) - ba614afd-2416-4a54-b733-f363754a0e17@group-8E6F0E340992-SegmentedRaftLogWorker: created new log segment /workdir/hadoop-ozone/integration-test/target/test-dir/MiniOzoneClusterImpl-8d5e4e8c-6c03-4042-b10d-2e9a2a95e91b/datanode-4/data/ratis/a689a8cf-7f3b-4749-8601-8e6f0e340992/current/log_inprogress_1
2019-09-26 20:50:02,871 [671dcae7-cdea-4162-b8e1-0249a200993f@group-8E6F0E340992-SegmentedRaftLogWorker] INFO  segmented.SegmentedRaftLogWorker (SegmentedRaftLogWorker.java:execute(569)) - 671dcae7-cdea-4162-b8e1-0249a200993f@group-8E6F0E340992-SegmentedRaftLogWorker: created new log segment /workdir/hadoop-ozone/integration-test/target/test-dir/MiniOzoneClusterImpl-8d5e4e8c-6c03-4042-b10d-2e9a2a95e91b/datanode-6/data/ratis/a689a8cf-7f3b-4749-8601-8e6f0e340992/current/log_inprogress_1
2019-09-26 20:50:02,871 [63796a84-0610-425b-8d78-244a041f6afe@group-8E6F0E340992-SegmentedRaftLogWorker] INFO  segmented.SegmentedRaftLogWorker (SegmentedRaftLogWorker.java:execute(569)) - 63796a84-0610-425b-8d78-244a041f6afe@group-8E6F0E340992-SegmentedRaftLogWorker: created new log segment /workdir/hadoop-ozone/integration-test/target/test-dir/MiniOzoneClusterImpl-8d5e4e8c-6c03-4042-b10d-2e9a2a95e91b/datanode-3/data/ratis/a689a8cf-7f3b-4749-8601-8e6f0e340992/current/log_inprogress_0
2019-09-26 20:50:02,873 [63796a84-0610-425b-8d78-244a041f6afe@group-8E6F0E340992-SegmentedRaftLogWorker] INFO  segmented.SegmentedRaftLogWorker (SegmentedRaftLogWorker.java:execute(526)) - 63796a84-0610-425b-8d78-244a041f6afe@group-8E6F0E340992-SegmentedRaftLogWorker: Rolled log segment from /workdir/hadoop-ozone/integration-test/target/test-dir/MiniOzoneClusterImpl-8d5e4e8c-6c03-4042-b10d-2e9a2a95e91b/datanode-3/data/ratis/a689a8cf-7f3b-4749-8601-8e6f0e340992/current/log_inprogress_0 to /workdir/hadoop-ozone/integration-test/target/test-dir/MiniOzoneClusterImpl-8d5e4e8c-6c03-4042-b10d-2e9a2a95e91b/datanode-3/data/ratis/a689a8cf-7f3b-4749-8601-8e6f0e340992/current/log_0-0
2019-09-26 20:50:02,916 [63796a84-0610-425b-8d78-244a041f6afe@group-8E6F0E340992-SegmentedRaftLogWorker] INFO  segmented.SegmentedRaftLogWorker (SegmentedRaftLogWorker.java:execute(569)) - 63796a84-0610-425b-8d78-244a041f6afe@group-8E6F0E340992-SegmentedRaftLogWorker: created new log segment /workdir/hadoop-ozone/integration-test/target/test-dir/MiniOzoneClusterImpl-8d5e4e8c-6c03-4042-b10d-2e9a2a95e91b/datanode-3/data/ratis/a689a8cf-7f3b-4749-8601-8e6f0e340992/current/log_inprogress_1
2019-09-26 20:50:12,513 [Thread-2345] INFO  impl.FollowerState (FollowerState.java:run(106)) - 0ba741d3-e74b-4583-8c46-f3eef39c8b87:group-6C9E397D0F29 changes to CANDIDATE, lastRpcTime:9943, electionTimeout:5064ms
2019-09-26 20:50:12,523 [Thread-2345] INFO  impl.RoleInfo (RoleInfo.java:shutdownFollowerState(121)) - 0ba741d3-e74b-4583-8c46-f3eef39c8b87: shutdown FollowerState
2019-09-26 20:50:12,523 [Thread-2345] INFO  impl.RaftServerImpl (RaftServerImpl.java:setRole(174)) - 0ba741d3-e74b-4583-8c46-f3eef39c8b87@group-6C9E397D0F29: changes role from  FOLLOWER to CANDIDATE at term 1 for changeToCandidate
2019-09-26 20:50:12,523 [Thread-2345] INFO  impl.RoleInfo (RoleInfo.java:updateAndGet(143)) - 0ba741d3-e74b-4583-8c46-f3eef39c8b87: start LeaderElection
2019-09-26 20:50:12,541 [0ba741d3-e74b-4583-8c46-f3eef39c8b87@group-6C9E397D0F29:LeaderElection70] INFO  impl.RaftServerImpl (ServerState.java:setLeader(253)) - 0ba741d3-e74b-4583-8c46-f3eef39c8b87@group-6C9E397D0F29: change Leader from c642a3ed-6835-4e80-8c1e-9298e9a0c556 to null at term 1 for initElection
2019-09-26 20:50:12,545 [Thread-2346] INFO  impl.FollowerState (FollowerState.java:run(106)) - 0a9fc6eb-77d3-4a76-a53e-207bfd2af7a0:group-6C9E397D0F29 changes to CANDIDATE, lastRpcTime:9975, electionTimeout:5101ms
2019-09-26 20:50:12,545 [Thread-2346] INFO  impl.RoleInfo (RoleInfo.java:shutdownFollowerState(121)) - 0a9fc6eb-77d3-4a76-a53e-207bfd2af7a0: shutdown FollowerState
2019-09-26 20:50:12,545 [Thread-2346] INFO  impl.RaftServerImpl (RaftServerImpl.java:setRole(174)) - 0a9fc6eb-77d3-4a76-a53e-207bfd2af7a0@group-6C9E397D0F29: changes role from  FOLLOWER to CANDIDATE at term 1 for changeToCandidate
2019-09-26 20:50:12,545 [Thread-2346] INFO  impl.RoleInfo (RoleInfo.java:updateAndGet(143)) - 0a9fc6eb-77d3-4a76-a53e-207bfd2af7a0: start LeaderElection
2019-09-26 20:50:12,546 [0a9fc6eb-77d3-4a76-a53e-207bfd2af7a0@group-6C9E397D0F29:LeaderElection71] INFO  impl.RaftServerImpl (ServerState.java:setLeader(253)) - 0a9fc6eb-77d3-4a76-a53e-207bfd2af7a0@group-6C9E397D0F29: change Leader from c642a3ed-6835-4e80-8c1e-9298e9a0c556 to null at term 1 for initElection
2019-09-26 20:50:12,555 [0a9fc6eb-77d3-4a76-a53e-207bfd2af7a0@group-6C9E397D0F29:LeaderElection71] INFO  impl.LeaderElection (LeaderElection.java:askForVotes(182)) - 0a9fc6eb-77d3-4a76-a53e-207bfd2af7a0@group-6C9E397D0F29:LeaderElection71: begin an election at term 2 for 0: [c642a3ed-6835-4e80-8c1e-9298e9a0c556:192.168.30.57:41571, 0a9fc6eb-77d3-4a76-a53e-207bfd2af7a0:192.168.30.57:37375, 0ba741d3-e74b-4583-8c46-f3eef39c8b87:192.168.30.57:44167], old=null
2019-09-26 20:50:12,555 [0ba741d3-e74b-4583-8c46-f3eef39c8b87@group-6C9E397D0F29:LeaderElection70] INFO  impl.LeaderElection (LeaderElection.java:askForVotes(182)) - 0ba741d3-e74b-4583-8c46-f3eef39c8b87@group-6C9E397D0F29:LeaderElection70: begin an election at term 2 for 0: [c642a3ed-6835-4e80-8c1e-9298e9a0c556:192.168.30.57:41571, 0a9fc6eb-77d3-4a76-a53e-207bfd2af7a0:192.168.30.57:37375, 0ba741d3-e74b-4583-8c46-f3eef39c8b87:192.168.30.57:44167], old=null
2019-09-26 20:50:12,559 [0a9fc6eb-77d3-4a76-a53e-207bfd2af7a0@group-6C9E397D0F29:LeaderElection71] INFO  impl.LeaderElection (LogUtils.java:infoOrTrace(149)) - 0a9fc6eb-77d3-4a76-a53e-207bfd2af7a0@group-6C9E397D0F29:LeaderElection71 got exception when requesting votes: {}
java.util.concurrent.ExecutionException: org.apache.ratis.thirdparty.io.grpc.StatusRuntimeException: UNAVAILABLE: io exception
	at java.util.concurrent.FutureTask.report(FutureTask.java:122)
	at java.util.concurrent.FutureTask.get(FutureTask.java:192)
	at org.apache.ratis.server.impl.LeaderElection.waitForResults(LeaderElection.java:263)
	at org.apache.ratis.server.impl.LeaderElection.askForVotes(LeaderElection.java:201)
	at org.apache.ratis.server.impl.LeaderElection.run(LeaderElection.java:133)
	at java.lang.Thread.run(Thread.java:748)
Caused by: org.apache.ratis.thirdparty.io.grpc.StatusRuntimeException: UNAVAILABLE: io exception
	at org.apache.ratis.thirdparty.io.grpc.stub.ClientCalls.toStatusRuntimeException(ClientCalls.java:233)
	at org.apache.ratis.thirdparty.io.grpc.stub.ClientCalls.getUnchecked(ClientCalls.java:214)
	at org.apache.ratis.thirdparty.io.grpc.stub.ClientCalls.blockingUnaryCall(ClientCalls.java:139)
	at org.apache.ratis.proto.grpc.RaftServerProtocolServiceGrpc$RaftServerProtocolServiceBlockingStub.requestVote(RaftServerProtocolServiceGrpc.java:265)
	at org.apache.ratis.grpc.server.GrpcServerProtocolClient.requestVote(GrpcServerProtocolClient.java:90)
	at org.apache.ratis.grpc.server.GrpcService.requestVote(GrpcService.java:204)
	at org.apache.ratis.server.impl.LeaderElection.lambda$submitRequests$1(LeaderElection.java:238)
	at java.util.concurrent.FutureTask.run(FutureTask.java:266)
	at java.util.concurrent.Executors$RunnableAdapter.call(Executors.java:511)
	at java.util.concurrent.FutureTask.run(FutureTask.java:266)
	at java.util.concurrent.ThreadPoolExecutor.runWorker(ThreadPoolExecutor.java:1149)
	at java.util.concurrent.ThreadPoolExecutor$Worker.run(ThreadPoolExecutor.java:624)
	... 1 more
Caused by: org.apache.ratis.thirdparty.io.netty.channel.AbstractChannel$AnnotatedConnectException: Connection refused: /192.168.30.57:41571
	at sun.nio.ch.SocketChannelImpl.checkConnect(Native Method)
	at sun.nio.ch.SocketChannelImpl.finishConnect(SocketChannelImpl.java:717)
	at org.apache.ratis.thirdparty.io.netty.channel.socket.nio.NioSocketChannel.doFinishConnect(NioSocketChannel.java:327)
	at org.apache.ratis.thirdparty.io.netty.channel.nio.AbstractNioChannel$AbstractNioUnsafe.finishConnect(AbstractNioChannel.java:340)
	at org.apache.ratis.thirdparty.io.netty.channel.nio.NioEventLoop.processSelectedKey(NioEventLoop.java:632)
	at org.apache.ratis.thirdparty.io.netty.channel.nio.NioEventLoop.processSelectedKeysOptimized(NioEventLoop.java:579)
	at org.apache.ratis.thirdparty.io.netty.channel.nio.NioEventLoop.processSelectedKeys(NioEventLoop.java:496)
	at org.apache.ratis.thirdparty.io.netty.channel.nio.NioEventLoop.run(NioEventLoop.java:458)
	at org.apache.ratis.thirdparty.io.netty.util.concurrent.SingleThreadEventExecutor$5.run(SingleThreadEventExecutor.java:897)
	at org.apache.ratis.thirdparty.io.netty.util.concurrent.FastThreadLocalRunnable.run(FastThreadLocalRunnable.java:30)
	... 1 more
Caused by: java.net.ConnectException: Connection refused
	... 11 more
2019-09-26 20:50:12,559 [0ba741d3-e74b-4583-8c46-f3eef39c8b87@group-6C9E397D0F29:LeaderElection70] INFO  impl.LeaderElection (LogUtils.java:infoOrTrace(149)) - 0ba741d3-e74b-4583-8c46-f3eef39c8b87@group-6C9E397D0F29:LeaderElection70 got exception when requesting votes: {}
java.util.concurrent.ExecutionException: org.apache.ratis.thirdparty.io.grpc.StatusRuntimeException: UNAVAILABLE: io exception
	at java.util.concurrent.FutureTask.report(FutureTask.java:122)
	at java.util.concurrent.FutureTask.get(FutureTask.java:192)
	at org.apache.ratis.server.impl.LeaderElection.waitForResults(LeaderElection.java:263)
	at org.apache.ratis.server.impl.LeaderElection.askForVotes(LeaderElection.java:201)
	at org.apache.ratis.server.impl.LeaderElection.run(LeaderElection.java:133)
	at java.lang.Thread.run(Thread.java:748)
Caused by: org.apache.ratis.thirdparty.io.grpc.StatusRuntimeException: UNAVAILABLE: io exception
	at org.apache.ratis.thirdparty.io.grpc.stub.ClientCalls.toStatusRuntimeException(ClientCalls.java:233)
	at org.apache.ratis.thirdparty.io.grpc.stub.ClientCalls.getUnchecked(ClientCalls.java:214)
	at org.apache.ratis.thirdparty.io.grpc.stub.ClientCalls.blockingUnaryCall(ClientCalls.java:139)
	at org.apache.ratis.proto.grpc.RaftServerProtocolServiceGrpc$RaftServerProtocolServiceBlockingStub.requestVote(RaftServerProtocolServiceGrpc.java:265)
	at org.apache.ratis.grpc.server.GrpcServerProtocolClient.requestVote(GrpcServerProtocolClient.java:90)
	at org.apache.ratis.grpc.server.GrpcService.requestVote(GrpcService.java:204)
	at org.apache.ratis.server.impl.LeaderElection.lambda$submitRequests$1(LeaderElection.java:238)
	at java.util.concurrent.FutureTask.run(FutureTask.java:266)
	at java.util.concurrent.Executors$RunnableAdapter.call(Executors.java:511)
	at java.util.concurrent.FutureTask.run(FutureTask.java:266)
	at java.util.concurrent.ThreadPoolExecutor.runWorker(ThreadPoolExecutor.java:1149)
	at java.util.concurrent.ThreadPoolExecutor$Worker.run(ThreadPoolExecutor.java:624)
	... 1 more
Caused by: org.apache.ratis.thirdparty.io.netty.channel.AbstractChannel$AnnotatedConnectException: Connection refused: /192.168.30.57:41571
	at sun.nio.ch.SocketChannelImpl.checkConnect(Native Method)
	at sun.nio.ch.SocketChannelImpl.finishConnect(SocketChannelImpl.java:717)
	at org.apache.ratis.thirdparty.io.netty.channel.socket.nio.NioSocketChannel.doFinishConnect(NioSocketChannel.java:327)
	at org.apache.ratis.thirdparty.io.netty.channel.nio.AbstractNioChannel$AbstractNioUnsafe.finishConnect(AbstractNioChannel.java:340)
	at org.apache.ratis.thirdparty.io.netty.channel.nio.NioEventLoop.processSelectedKey(NioEventLoop.java:632)
	at org.apache.ratis.thirdparty.io.netty.channel.nio.NioEventLoop.processSelectedKeysOptimized(NioEventLoop.java:579)
	at org.apache.ratis.thirdparty.io.netty.channel.nio.NioEventLoop.processSelectedKeys(NioEventLoop.java:496)
	at org.apache.ratis.thirdparty.io.netty.channel.nio.NioEventLoop.run(NioEventLoop.java:458)
	at org.apache.ratis.thirdparty.io.netty.util.concurrent.SingleThreadEventExecutor$5.run(SingleThreadEventExecutor.java:897)
	at org.apache.ratis.thirdparty.io.netty.util.concurrent.FastThreadLocalRunnable.run(FastThreadLocalRunnable.java:30)
	... 1 more
Caused by: java.net.ConnectException: Connection refused
	... 11 more
2019-09-26 20:50:12,568 [0a9fc6eb-77d3-4a76-a53e-207bfd2af7a0@group-6C9E397D0F29:LeaderElection71] INFO  impl.LeaderElection (LeaderElection.java:logAndReturn(56)) - 0a9fc6eb-77d3-4a76-a53e-207bfd2af7a0@group-6C9E397D0F29:LeaderElection71: Election REJECTED; received 1 response(s) [0a9fc6eb-77d3-4a76-a53e-207bfd2af7a0<-0ba741d3-e74b-4583-8c46-f3eef39c8b87#0:FAIL-t2] and 1 exception(s); 0a9fc6eb-77d3-4a76-a53e-207bfd2af7a0@group-6C9E397D0F29:t2, leader=null, voted=0a9fc6eb-77d3-4a76-a53e-207bfd2af7a0, raftlog=0a9fc6eb-77d3-4a76-a53e-207bfd2af7a0@group-6C9E397D0F29-SegmentedRaftLog:OPENED:c2,f2,i2, conf=0: [c642a3ed-6835-4e80-8c1e-9298e9a0c556:192.168.30.57:41571, 0a9fc6eb-77d3-4a76-a53e-207bfd2af7a0:192.168.30.57:37375, 0ba741d3-e74b-4583-8c46-f3eef39c8b87:192.168.30.57:44167], old=null
2019-09-26 20:50:12,568 [0ba741d3-e74b-4583-8c46-f3eef39c8b87@group-6C9E397D0F29:LeaderElection70] INFO  impl.LeaderElection (LeaderElection.java:logAndReturn(56)) - 0ba741d3-e74b-4583-8c46-f3eef39c8b87@group-6C9E397D0F29:LeaderElection70: Election REJECTED; received 1 response(s) [0ba741d3-e74b-4583-8c46-f3eef39c8b87<-0a9fc6eb-77d3-4a76-a53e-207bfd2af7a0#0:FAIL-t2] and 1 exception(s); 0ba741d3-e74b-4583-8c46-f3eef39c8b87@group-6C9E397D0F29:t2, leader=null, voted=0ba741d3-e74b-4583-8c46-f3eef39c8b87, raftlog=0ba741d3-e74b-4583-8c46-f3eef39c8b87@group-6C9E397D0F29-SegmentedRaftLog:OPENED:c2,f2,i2, conf=0: [c642a3ed-6835-4e80-8c1e-9298e9a0c556:192.168.30.57:41571, 0a9fc6eb-77d3-4a76-a53e-207bfd2af7a0:192.168.30.57:37375, 0ba741d3-e74b-4583-8c46-f3eef39c8b87:192.168.30.57:44167], old=null
2019-09-26 20:50:12,568 [0a9fc6eb-77d3-4a76-a53e-207bfd2af7a0@group-6C9E397D0F29:LeaderElection71] INFO  impl.LeaderElection (LogUtils.java:infoOrTrace(149)) -   Exception 0: {}
java.util.concurrent.ExecutionException: org.apache.ratis.thirdparty.io.grpc.StatusRuntimeException: UNAVAILABLE: io exception
	at java.util.concurrent.FutureTask.report(FutureTask.java:122)
	at java.util.concurrent.FutureTask.get(FutureTask.java:192)
	at org.apache.ratis.server.impl.LeaderElection.waitForResults(LeaderElection.java:263)
	at org.apache.ratis.server.impl.LeaderElection.askForVotes(LeaderElection.java:201)
	at org.apache.ratis.server.impl.LeaderElection.run(LeaderElection.java:133)
	at java.lang.Thread.run(Thread.java:748)
Caused by: org.apache.ratis.thirdparty.io.grpc.StatusRuntimeException: UNAVAILABLE: io exception
	at org.apache.ratis.thirdparty.io.grpc.stub.ClientCalls.toStatusRuntimeException(ClientCalls.java:233)
	at org.apache.ratis.thirdparty.io.grpc.stub.ClientCalls.getUnchecked(ClientCalls.java:214)
	at org.apache.ratis.thirdparty.io.grpc.stub.ClientCalls.blockingUnaryCall(ClientCalls.java:139)
	at org.apache.ratis.proto.grpc.RaftServerProtocolServiceGrpc$RaftServerProtocolServiceBlockingStub.requestVote(RaftServerProtocolServiceGrpc.java:265)
	at org.apache.ratis.grpc.server.GrpcServerProtocolClient.requestVote(GrpcServerProtocolClient.java:90)
	at org.apache.ratis.grpc.server.GrpcService.requestVote(GrpcService.java:204)
	at org.apache.ratis.server.impl.LeaderElection.lambda$submitRequests$1(LeaderElection.java:238)
	at java.util.concurrent.FutureTask.run(FutureTask.java:266)
	at java.util.concurrent.Executors$RunnableAdapter.call(Executors.java:511)
	at java.util.concurrent.FutureTask.run(FutureTask.java:266)
	at java.util.concurrent.ThreadPoolExecutor.runWorker(ThreadPoolExecutor.java:1149)
	at java.util.concurrent.ThreadPoolExecutor$Worker.run(ThreadPoolExecutor.java:624)
	... 1 more
Caused by: org.apache.ratis.thirdparty.io.netty.channel.AbstractChannel$AnnotatedConnectException: Connection refused: /192.168.30.57:41571
	at sun.nio.ch.SocketChannelImpl.checkConnect(Native Method)
	at sun.nio.ch.SocketChannelImpl.finishConnect(SocketChannelImpl.java:717)
	at org.apache.ratis.thirdparty.io.netty.channel.socket.nio.NioSocketChannel.doFinishConnect(NioSocketChannel.java:327)
	at org.apache.ratis.thirdparty.io.netty.channel.nio.AbstractNioChannel$AbstractNioUnsafe.finishConnect(AbstractNioChannel.java:340)
	at org.apache.ratis.thirdparty.io.netty.channel.nio.NioEventLoop.processSelectedKey(NioEventLoop.java:632)
	at org.apache.ratis.thirdparty.io.netty.channel.nio.NioEventLoop.processSelectedKeysOptimized(NioEventLoop.java:579)
	at org.apache.ratis.thirdparty.io.netty.channel.nio.NioEventLoop.processSelectedKeys(NioEventLoop.java:496)
	at org.apache.ratis.thirdparty.io.netty.channel.nio.NioEventLoop.run(NioEventLoop.java:458)
	at org.apache.ratis.thirdparty.io.netty.util.concurrent.SingleThreadEventExecutor$5.run(SingleThreadEventExecutor.java:897)
	at org.apache.ratis.thirdparty.io.netty.util.concurrent.FastThreadLocalRunnable.run(FastThreadLocalRunnable.java:30)
	... 1 more
Caused by: java.net.ConnectException: Connection refused
	... 11 more
2019-09-26 20:50:12,568 [0ba741d3-e74b-4583-8c46-f3eef39c8b87@group-6C9E397D0F29:LeaderElection70] INFO  impl.LeaderElection (LogUtils.java:infoOrTrace(149)) -   Exception 0: {}
java.util.concurrent.ExecutionException: org.apache.ratis.thirdparty.io.grpc.StatusRuntimeException: UNAVAILABLE: io exception
	at java.util.concurrent.FutureTask.report(FutureTask.java:122)
	at java.util.concurrent.FutureTask.get(FutureTask.java:192)
	at org.apache.ratis.server.impl.LeaderElection.waitForResults(LeaderElection.java:263)
	at org.apache.ratis.server.impl.LeaderElection.askForVotes(LeaderElection.java:201)
	at org.apache.ratis.server.impl.LeaderElection.run(LeaderElection.java:133)
	at java.lang.Thread.run(Thread.java:748)
Caused by: org.apache.ratis.thirdparty.io.grpc.StatusRuntimeException: UNAVAILABLE: io exception
	at org.apache.ratis.thirdparty.io.grpc.stub.ClientCalls.toStatusRuntimeException(ClientCalls.java:233)
	at org.apache.ratis.thirdparty.io.grpc.stub.ClientCalls.getUnchecked(ClientCalls.java:214)
	at org.apache.ratis.thirdparty.io.grpc.stub.ClientCalls.blockingUnaryCall(ClientCalls.java:139)
	at org.apache.ratis.proto.grpc.RaftServerProtocolServiceGrpc$RaftServerProtocolServiceBlockingStub.requestVote(RaftServerProtocolServiceGrpc.java:265)
	at org.apache.ratis.grpc.server.GrpcServerProtocolClient.requestVote(GrpcServerProtocolClient.java:90)
	at org.apache.ratis.grpc.server.GrpcService.requestVote(GrpcService.java:204)
	at org.apache.ratis.server.impl.LeaderElection.lambda$submitRequests$1(LeaderElection.java:238)
	at java.util.concurrent.FutureTask.run(FutureTask.java:266)
	at java.util.concurrent.Executors$RunnableAdapter.call(Executors.java:511)
	at java.util.concurrent.FutureTask.run(FutureTask.java:266)
	at java.util.concurrent.ThreadPoolExecutor.runWorker(ThreadPoolExecutor.java:1149)
	at java.util.concurrent.ThreadPoolExecutor$Worker.run(ThreadPoolExecutor.java:624)
	... 1 more
Caused by: org.apache.ratis.thirdparty.io.netty.channel.AbstractChannel$AnnotatedConnectException: Connection refused: /192.168.30.57:41571
	at sun.nio.ch.SocketChannelImpl.checkConnect(Native Method)
	at sun.nio.ch.SocketChannelImpl.finishConnect(SocketChannelImpl.java:717)
	at org.apache.ratis.thirdparty.io.netty.channel.socket.nio.NioSocketChannel.doFinishConnect(NioSocketChannel.java:327)
	at org.apache.ratis.thirdparty.io.netty.channel.nio.AbstractNioChannel$AbstractNioUnsafe.finishConnect(AbstractNioChannel.java:340)
	at org.apache.ratis.thirdparty.io.netty.channel.nio.NioEventLoop.processSelectedKey(NioEventLoop.java:632)
	at org.apache.ratis.thirdparty.io.netty.channel.nio.NioEventLoop.processSelectedKeysOptimized(NioEventLoop.java:579)
	at org.apache.ratis.thirdparty.io.netty.channel.nio.NioEventLoop.processSelectedKeys(NioEventLoop.java:496)
	at org.apache.ratis.thirdparty.io.netty.channel.nio.NioEventLoop.run(NioEventLoop.java:458)
	at org.apache.ratis.thirdparty.io.netty.util.concurrent.SingleThreadEventExecutor$5.run(SingleThreadEventExecutor.java:897)
	at org.apache.ratis.thirdparty.io.netty.util.concurrent.FastThreadLocalRunnable.run(FastThreadLocalRunnable.java:30)
	... 1 more
Caused by: java.net.ConnectException: Connection refused
	... 11 more
2019-09-26 20:50:12,573 [0a9fc6eb-77d3-4a76-a53e-207bfd2af7a0@group-6C9E397D0F29:LeaderElection71] INFO  impl.RaftServerImpl (RaftServerImpl.java:setRole(174)) - 0a9fc6eb-77d3-4a76-a53e-207bfd2af7a0@group-6C9E397D0F29: changes role from CANDIDATE to FOLLOWER at term 2 for DISCOVERED_A_NEW_TERM
2019-09-26 20:50:12,573 [0ba741d3-e74b-4583-8c46-f3eef39c8b87@group-6C9E397D0F29:LeaderElection70] INFO  impl.RaftServerImpl (RaftServerImpl.java:setRole(174)) - 0ba741d3-e74b-4583-8c46-f3eef39c8b87@group-6C9E397D0F29: changes role from CANDIDATE to FOLLOWER at term 2 for DISCOVERED_A_NEW_TERM
2019-09-26 20:50:12,573 [0a9fc6eb-77d3-4a76-a53e-207bfd2af7a0@group-6C9E397D0F29:LeaderElection71] INFO  impl.RoleInfo (RoleInfo.java:shutdownLeaderElection(134)) - 0a9fc6eb-77d3-4a76-a53e-207bfd2af7a0: shutdown LeaderElection
2019-09-26 20:50:12,573 [0ba741d3-e74b-4583-8c46-f3eef39c8b87@group-6C9E397D0F29:LeaderElection70] INFO  impl.RoleInfo (RoleInfo.java:shutdownLeaderElection(134)) - 0ba741d3-e74b-4583-8c46-f3eef39c8b87: shutdown LeaderElection
2019-09-26 20:50:12,574 [0a9fc6eb-77d3-4a76-a53e-207bfd2af7a0@group-6C9E397D0F29:LeaderElection71] INFO  impl.RoleInfo (RoleInfo.java:updateAndGet(143)) - 0a9fc6eb-77d3-4a76-a53e-207bfd2af7a0: start FollowerState
2019-09-26 20:50:12,574 [0ba741d3-e74b-4583-8c46-f3eef39c8b87@group-6C9E397D0F29:LeaderElection70] INFO  impl.RoleInfo (RoleInfo.java:updateAndGet(143)) - 0ba741d3-e74b-4583-8c46-f3eef39c8b87: start FollowerState
]]></system-out>
  </testcase>
</testsuite>