<?xml version="1.0" encoding="UTF-8"?>
<testsuite xmlns:xsi="http://www.w3.org/2001/XMLSchema-instance" xsi:noNamespaceSchemaLocation="https://maven.apache.org/surefire/maven-surefire-plugin/xsd/surefire-test-report.xsd" name="org.apache.hadoop.ozone.client.rpc.TestBlockOutputStreamWithFailures" time="729.209" tests="8" errors="0" skipped="0" failures="1">
  <properties>
    <property name="awt.toolkit" value="sun.awt.X11.XToolkit"/>
    <property name="file.encoding.pkg" value="sun.io"/>
    <property name="java.specification.version" value="1.8"/>
    <property name="sun.cpu.isalist" value=""/>
    <property name="sun.jnu.encoding" value="UTF-8"/>
    <property name="java.class.path" value="/workdir/hadoop-ozone/integration-test/target/test-classes:/workdir/hadoop-ozone/integration-test/target/classes:/home/user/.m2/repository/org/apache/hadoop/hadoop-ozone-common/0.5.0-SNAPSHOT/hadoop-ozone-common-0.5.0-SNAPSHOT.jar:/home/user/.m2/repository/org/apache/commons/commons-compress/1.4.1/commons-compress-1.4.1.jar:/home/user/.m2/repository/org/tukaani/xz/1.0/xz-1.0.jar:/home/user/.m2/repository/org/apache/hadoop/hadoop-common/3.2.0/hadoop-common-3.2.0.jar:/home/user/.m2/repository/org/apache/hadoop/hadoop-hdfs/3.2.0/hadoop-hdfs-3.2.0.jar:/home/user/.m2/repository/org/apache/hadoop/hadoop-hdfs-client/3.2.0/hadoop-hdfs-client-3.2.0.jar:/home/user/.m2/repository/com/fasterxml/jackson/core/jackson-annotations/2.9.9/jackson-annotations-2.9.9.jar:/home/user/.m2/repository/org/apache/hadoop/hadoop-hdds-common/0.5.0-SNAPSHOT/hadoop-hdds-common-0.5.0-SNAPSHOT.jar:/home/user/.m2/repository/javax/annotation/javax.annotation-api/1.2/javax.annotation-api-1.2.jar:/home/user/.m2/repository/org/apache/ratis/ratis-server/0.5.0-201fc85-SNAPSHOT/ratis-server-0.5.0-201fc85-SNAPSHOT.jar:/home/user/.m2/repository/org/apache/ratis/ratis-thirdparty-misc/0.2.0/ratis-thirdparty-misc-0.2.0.jar:/home/user/.m2/repository/org/apache/ratis/ratis-proto/0.5.0-201fc85-SNAPSHOT/ratis-proto-0.5.0-201fc85-SNAPSHOT.jar:/home/user/.m2/repository/org/apache/ratis/ratis-common/0.5.0-201fc85-SNAPSHOT/ratis-common-0.5.0-201fc85-SNAPSHOT.jar:/home/user/.m2/repository/org/apache/ratis/ratis-client/0.5.0-201fc85-SNAPSHOT/ratis-client-0.5.0-201fc85-SNAPSHOT.jar:/home/user/.m2/repository/org/apache/ratis/ratis-metrics/0.5.0-201fc85-SNAPSHOT/ratis-metrics-0.5.0-201fc85-SNAPSHOT.jar:/home/user/.m2/repository/com/github/joshelser/dropwizard-metrics-hadoop-metrics2-reporter/0.1.2/dropwizard-metrics-hadoop-metrics2-reporter-0.1.2.jar:/home/user/.m2/repository/io/dropwizard/metrics/metrics-jvm/3.2.5/metrics-jvm-3.2.5.jar:/home/user/.m2/repository/io/dropwizard/metrics/metrics-ganglia/3.2.5/metrics-ganglia-3.2.5.jar:/home/user/.m2/repository/info/ganglia/gmetric4j/gmetric4j/1.0.7/gmetric4j-1.0.7.jar:/home/user/.m2/repository/org/apache/ratis/ratis-netty/0.5.0-201fc85-SNAPSHOT/ratis-netty-0.5.0-201fc85-SNAPSHOT.jar:/home/user/.m2/repository/org/apache/ratis/ratis-grpc/0.5.0-201fc85-SNAPSHOT/ratis-grpc-0.5.0-201fc85-SNAPSHOT.jar:/home/user/.m2/repository/org/rocksdb/rocksdbjni/6.0.1/rocksdbjni-6.0.1.jar:/home/user/.m2/repository/org/apache/logging/log4j/log4j-api/2.11.0/log4j-api-2.11.0.jar:/home/user/.m2/repository/org/apache/logging/log4j/log4j-core/2.11.0/log4j-core-2.11.0.jar:/home/user/.m2/repository/com/lmax/disruptor/3.4.2/disruptor-3.4.2.jar:/home/user/.m2/repository/org/apache/commons/commons-pool2/2.6.0/commons-pool2-2.6.0.jar:/home/user/.m2/repository/org/bouncycastle/bcpkix-jdk15on/1.60/bcpkix-jdk15on-1.60.jar:/home/user/.m2/repository/commons-validator/commons-validator/1.6/commons-validator-1.6.jar:/home/user/.m2/repository/commons-digester/commons-digester/1.8.1/commons-digester-1.8.1.jar:/home/user/.m2/repository/io/jaegertracing/jaeger-client/0.34.0/jaeger-client-0.34.0.jar:/home/user/.m2/repository/io/jaegertracing/jaeger-thrift/0.34.0/jaeger-thrift-0.34.0.jar:/home/user/.m2/repository/org/apache/thrift/libthrift/0.12.0/libthrift-0.12.0.jar:/home/user/.m2/repository/com/squareup/okhttp3/okhttp/3.9.0/okhttp-3.9.0.jar:/home/user/.m2/repository/com/squareup/okio/okio/1.13.0/okio-1.13.0.jar:/home/user/.m2/repository/io/jaegertracing/jaeger-core/0.34.0/jaeger-core-0.34.0.jar:/home/user/.m2/repository/io/jaegertracing/jaeger-tracerresolver/0.34.0/jaeger-tracerresolver-0.34.0.jar:/home/user/.m2/repository/io/opentracing/contrib/opentracing-tracerresolver/0.1.5/opentracing-tracerresolver-0.1.5.jar:/home/user/.m2/repository/io/opentracing/opentracing-util/0.31.0/opentracing-util-0.31.0.jar:/home/user/.m2/repository/io/opentracing/opentracing-api/0.31.0/opentracing-api-0.31.0.jar:/home/user/.m2/repository/io/opentracing/opentracing-noop/0.31.0/opentracing-noop-0.31.0.jar:/home/user/.m2/repository/org/apache/hadoop/hadoop-hdds-server-framework/0.5.0-SNAPSHOT/hadoop-hdds-server-framework-0.5.0-SNAPSHOT.jar:/home/user/.m2/repository/org/apache/hadoop/hadoop-hdds-container-service/0.5.0-SNAPSHOT/hadoop-hdds-container-service-0.5.0-SNAPSHOT.jar:/home/user/.m2/repository/org/apache/hadoop/hadoop-hdds-client/0.5.0-SNAPSHOT/hadoop-hdds-client-0.5.0-SNAPSHOT.jar:/home/user/.m2/repository/org/apache/hadoop/hadoop-hdds-tools/0.5.0-SNAPSHOT/hadoop-hdds-tools-0.5.0-SNAPSHOT.jar:/home/user/.m2/repository/org/apache/hadoop/hadoop-hdds-server-scm/0.5.0-SNAPSHOT/hadoop-hdds-server-scm-0.5.0-SNAPSHOT.jar:/home/user/.m2/repository/org/apache/hadoop/hadoop-hdds-docs/0.5.0-SNAPSHOT/hadoop-hdds-docs-0.5.0-SNAPSHOT.jar:/home/user/.m2/repository/io/dropwizard/metrics/metrics-core/3.2.4/metrics-core-3.2.4.jar:/home/user/.m2/repository/org/hamcrest/hamcrest-all/1.3/hamcrest-all-1.3.jar:/home/user/.m2/repository/org/bouncycastle/bcprov-jdk15on/1.60/bcprov-jdk15on-1.60.jar:/home/user/.m2/repository/info/picocli/picocli/3.9.6/picocli-3.9.6.jar:/home/user/.m2/repository/com/google/protobuf/protobuf-java/2.5.0/protobuf-java-2.5.0.jar:/home/user/.m2/repository/com/google/guava/guava/11.0.2/guava-11.0.2.jar:/home/user/.m2/repository/org/apache/hadoop/hadoop-ozone-ozone-manager/0.5.0-SNAPSHOT/hadoop-ozone-ozone-manager-0.5.0-SNAPSHOT.jar:/home/user/.m2/repository/org/apache/hadoop/hadoop-minikdc/3.2.0/hadoop-minikdc-3.2.0.jar:/home/user/.m2/repository/commons-io/commons-io/2.5/commons-io-2.5.jar:/home/user/.m2/repository/org/apache/kerby/kerb-simplekdc/1.0.1/kerb-simplekdc-1.0.1.jar:/home/user/.m2/repository/org/apache/kerby/kerb-client/1.0.1/kerb-client-1.0.1.jar:/home/user/.m2/repository/org/apache/kerby/kerby-config/1.0.1/kerby-config-1.0.1.jar:/home/user/.m2/repository/org/apache/kerby/kerb-core/1.0.1/kerb-core-1.0.1.jar:/home/user/.m2/repository/org/apache/kerby/kerby-pkix/1.0.1/kerby-pkix-1.0.1.jar:/home/user/.m2/repository/org/apache/kerby/kerby-asn1/1.0.1/kerby-asn1-1.0.1.jar:/home/user/.m2/repository/org/apache/kerby/kerby-util/1.0.1/kerby-util-1.0.1.jar:/home/user/.m2/repository/org/apache/kerby/kerb-common/1.0.1/kerb-common-1.0.1.jar:/home/user/.m2/repository/org/apache/kerby/kerb-crypto/1.0.1/kerb-crypto-1.0.1.jar:/home/user/.m2/repository/org/apache/kerby/kerb-util/1.0.1/kerb-util-1.0.1.jar:/home/user/.m2/repository/org/apache/kerby/token-provider/1.0.1/token-provider-1.0.1.jar:/home/user/.m2/repository/org/apache/kerby/kerb-admin/1.0.1/kerb-admin-1.0.1.jar:/home/user/.m2/repository/org/apache/kerby/kerb-server/1.0.1/kerb-server-1.0.1.jar:/home/user/.m2/repository/org/apache/kerby/kerb-identity/1.0.1/kerb-identity-1.0.1.jar:/home/user/.m2/repository/org/apache/kerby/kerby-xdr/1.0.1/kerby-xdr-1.0.1.jar:/home/user/.m2/repository/org/slf4j/slf4j-log4j12/1.7.25/slf4j-log4j12-1.7.25.jar:/home/user/.m2/repository/org/apache/hadoop/hadoop-ozone-s3gateway/0.5.0-SNAPSHOT/hadoop-ozone-s3gateway-0.5.0-SNAPSHOT.jar:/home/user/.m2/repository/org/jboss/weld/servlet/weld-servlet/2.4.7.Final/weld-servlet-2.4.7.Final.jar:/home/user/.m2/repository/org/glassfish/jersey/containers/jersey-container-servlet-core/2.27/jersey-container-servlet-core-2.27.jar:/home/user/.m2/repository/org/glassfish/hk2/external/javax.inject/2.5.0-b42/javax.inject-2.5.0-b42.jar:/home/user/.m2/repository/org/glassfish/jersey/core/jersey-common/2.27/jersey-common-2.27.jar:/home/user/.m2/repository/org/glassfish/hk2/osgi-resource-locator/1.0.1/osgi-resource-locator-1.0.1.jar:/home/user/.m2/repository/javax/ws/rs/javax.ws.rs-api/2.1/javax.ws.rs-api-2.1.jar:/home/user/.m2/repository/org/glassfish/jersey/ext/cdi/jersey-cdi1x/2.27/jersey-cdi1x-2.27.jar:/home/user/.m2/repository/org/glassfish/jersey/inject/jersey-hk2/2.27/jersey-hk2-2.27.jar:/home/user/.m2/repository/org/glassfish/hk2/hk2-locator/2.5.0-b42/hk2-locator-2.5.0-b42.jar:/home/user/.m2/repository/org/javassist/javassist/3.22.0-CR2/javassist-3.22.0-CR2.jar:/home/user/.m2/repository/org/glassfish/hk2/hk2-api/2.5.0/hk2-api-2.5.0.jar:/home/user/.m2/repository/org/glassfish/hk2/external/jakarta.inject/2.5.0/jakarta.inject-2.5.0.jar:/home/user/.m2/repository/org/glassfish/hk2/hk2-utils/2.5.0/hk2-utils-2.5.0.jar:/home/user/.m2/repository/jakarta/annotation/jakarta.annotation-api/1.3.4/jakarta.annotation-api-1.3.4.jar:/home/user/.m2/repository/org/glassfish/hk2/external/aopalliance-repackaged/2.5.0/aopalliance-repackaged-2.5.0.jar:/home/user/.m2/repository/com/fasterxml/jackson/dataformat/jackson-dataformat-xml/2.9.0/jackson-dataformat-xml-2.9.0.jar:/home/user/.m2/repository/com/fasterxml/jackson/core/jackson-core/2.9.9/jackson-core-2.9.9.jar:/home/user/.m2/repository/com/fasterxml/jackson/module/jackson-module-jaxb-annotations/2.9.9/jackson-module-jaxb-annotations-2.9.9.jar:/home/user/.m2/repository/javax/enterprise/cdi-api/1.2/cdi-api-1.2.jar:/home/user/.m2/repository/javax/el/javax.el-api/3.0.0/javax.el-api-3.0.0.jar:/home/user/.m2/repository/javax/interceptor/javax.interceptor-api/1.2/javax.interceptor-api-1.2.jar:/home/user/.m2/repository/javax/inject/javax.inject/1/javax.inject-1.jar:/home/user/.m2/repository/com/sun/xml/bind/jaxb-impl/2.3.0.1/jaxb-impl-2.3.0.1.jar:/home/user/.m2/repository/com/sun/xml/bind/jaxb-core/2.3.0.1/jaxb-core-2.3.0.1.jar:/home/user/.m2/repository/javax/xml/bind/jaxb-api/2.3.0/jaxb-api-2.3.0.jar:/home/user/.m2/repository/javax/activation/activation/1.1.1/activation-1.1.1.jar:/home/user/.m2/repository/org/apache/hadoop/hadoop-ozone-csi/0.5.0-SNAPSHOT/hadoop-ozone-csi-0.5.0-SNAPSHOT.jar:/home/user/.m2/repository/com/google/protobuf/protobuf-java-util/3.5.1/protobuf-java-util-3.5.1.jar:/home/user/.m2/repository/org/apache/hadoop/hadoop-hdds-config/0.5.0-SNAPSHOT/hadoop-hdds-config-0.5.0-SNAPSHOT.jar:/home/user/.m2/repository/io/grpc/grpc-netty/1.17.1/grpc-netty-1.17.1.jar:/home/user/.m2/repository/io/grpc/grpc-core/1.17.1/grpc-core-1.17.1.jar:/home/user/.m2/repository/io/grpc/grpc-context/1.17.1/grpc-context-1.17.1.jar:/home/user/.m2/repository/com/google/errorprone/error_prone_annotations/2.2.0/error_prone_annotations-2.2.0.jar:/home/user/.m2/repository/org/codehaus/mojo/animal-sniffer-annotations/1.17/animal-sniffer-annotations-1.17.jar:/home/user/.m2/repository/io/opencensus/opencensus-api/0.17.0/opencensus-api-0.17.0.jar:/home/user/.m2/repository/io/opencensus/opencensus-contrib-grpc-metrics/0.17.0/opencensus-contrib-grpc-metrics-0.17.0.jar:/home/user/.m2/repository/io/netty/netty-codec-http2/4.1.30.Final/netty-codec-http2-4.1.30.Final.jar:/home/user/.m2/repository/io/netty/netty-codec-http/4.1.30.Final/netty-codec-http-4.1.30.Final.jar:/home/user/.m2/repository/io/netty/netty-codec/4.1.30.Final/netty-codec-4.1.30.Final.jar:/home/user/.m2/repository/io/netty/netty-handler/4.1.30.Final/netty-handler-4.1.30.Final.jar:/home/user/.m2/repository/io/netty/netty-handler-proxy/4.1.30.Final/netty-handler-proxy-4.1.30.Final.jar:/home/user/.m2/repository/io/netty/netty-codec-socks/4.1.30.Final/netty-codec-socks-4.1.30.Final.jar:/home/user/.m2/repository/io/netty/netty-transport-native-epoll/4.1.30.Final/netty-transport-native-epoll-4.1.30.Final.jar:/home/user/.m2/repository/io/netty/netty-common/4.1.30.Final/netty-common-4.1.30.Final.jar:/home/user/.m2/repository/io/netty/netty-buffer/4.1.30.Final/netty-buffer-4.1.30.Final.jar:/home/user/.m2/repository/io/netty/netty-transport/4.1.30.Final/netty-transport-4.1.30.Final.jar:/home/user/.m2/repository/io/netty/netty-resolver/4.1.30.Final/netty-resolver-4.1.30.Final.jar:/home/user/.m2/repository/io/netty/netty-transport-native-unix-common/4.1.30.Final/netty-transport-native-unix-common-4.1.30.Final.jar:/home/user/.m2/repository/io/grpc/grpc-protobuf/1.17.1/grpc-protobuf-1.17.1.jar:/home/user/.m2/repository/com/google/api/grpc/proto-google-common-protos/1.0.0/proto-google-common-protos-1.0.0.jar:/home/user/.m2/repository/io/grpc/grpc-protobuf-lite/1.17.1/grpc-protobuf-lite-1.17.1.jar:/home/user/.m2/repository/io/grpc/grpc-stub/1.17.1/grpc-stub-1.17.1.jar:/home/user/.m2/repository/org/apache/hadoop/hadoop-ozone-recon/0.5.0-SNAPSHOT/hadoop-ozone-recon-0.5.0-SNAPSHOT.jar:/home/user/.m2/repository/org/apache/hadoop/hadoop-ozone-reconcodegen/0.5.0-SNAPSHOT/hadoop-ozone-reconcodegen-0.5.0-SNAPSHOT.jar:/home/user/.m2/repository/com/google/inject/extensions/guice-multibindings/4.0/guice-multibindings-4.0.jar:/home/user/.m2/repository/com/google/inject/guice/4.0/guice-4.0.jar:/home/user/.m2/repository/aopalliance/aopalliance/1.0/aopalliance-1.0.jar:/home/user/.m2/repository/com/google/inject/extensions/guice-servlet/4.0/guice-servlet-4.0.jar:/home/user/.m2/repository/org/glassfish/jersey/containers/jersey-container-servlet/2.27/jersey-container-servlet-2.27.jar:/home/user/.m2/repository/org/glassfish/hk2/guice-bridge/2.5.0/guice-bridge-2.5.0.jar:/home/user/.m2/repository/org/glassfish/jersey/core/jersey-server/2.27/jersey-server-2.27.jar:/home/user/.m2/repository/org/glassfish/jersey/core/jersey-client/2.27/jersey-client-2.27.jar:/home/user/.m2/repository/org/glassfish/jersey/media/jersey-media-jaxb/2.27/jersey-media-jaxb-2.27.jar:/home/user/.m2/repository/javax/validation/validation-api/1.1.0.Final/validation-api-1.1.0.Final.jar:/home/user/.m2/repository/org/glassfish/jersey/media/jersey-media-json-jackson/2.27/jersey-media-json-jackson-2.27.jar:/home/user/.m2/repository/org/glassfish/jersey/ext/jersey-entity-filtering/2.27/jersey-entity-filtering-2.27.jar:/home/user/.m2/repository/com/google/inject/extensions/guice-assistedinject/4.0/guice-assistedinject-4.0.jar:/home/user/.m2/repository/org/jooq/jooq/3.11.10/jooq-3.11.10.jar:/home/user/.m2/repository/org/jooq/jooq-meta/3.11.10/jooq-meta-3.11.10.jar:/home/user/.m2/repository/org/jooq/jooq-codegen/3.11.10/jooq-codegen-3.11.10.jar:/home/user/.m2/repository/com/jolbox/bonecp/0.8.0.RELEASE/bonecp-0.8.0.RELEASE.jar:/home/user/.m2/repository/org/xerial/sqlite-jdbc/3.25.2/sqlite-jdbc-3.25.2.jar:/home/user/.m2/repository/org/springframework/spring-jdbc/5.1.3.RELEASE/spring-jdbc-5.1.3.RELEASE.jar:/home/user/.m2/repository/org/springframework/spring-beans/5.1.3.RELEASE/spring-beans-5.1.3.RELEASE.jar:/home/user/.m2/repository/org/springframework/spring-core/5.1.3.RELEASE/spring-core-5.1.3.RELEASE.jar:/home/user/.m2/repository/org/springframework/spring-jcl/5.1.3.RELEASE/spring-jcl-5.1.3.RELEASE.jar:/home/user/.m2/repository/org/springframework/spring-tx/5.1.3.RELEASE/spring-tx-5.1.3.RELEASE.jar:/home/user/.m2/repository/org/apache/hadoop/hadoop-ozone-client/0.5.0-SNAPSHOT/hadoop-ozone-client-0.5.0-SNAPSHOT.jar:/home/user/.m2/repository/commons-lang/commons-lang/2.6/commons-lang-2.6.jar:/home/user/.m2/repository/org/apache/hadoop/hadoop-ozone-ozone-manager/0.5.0-SNAPSHOT/hadoop-ozone-ozone-manager-0.5.0-SNAPSHOT-tests.jar:/home/user/.m2/repository/junit/junit/4.11/junit-4.11.jar:/home/user/.m2/repository/org/hamcrest/hamcrest-core/1.3/hamcrest-core-1.3.jar:/home/user/.m2/repository/org/openjdk/jmh/jmh-core/1.19/jmh-core-1.19.jar:/home/user/.m2/repository/net/sf/jopt-simple/jopt-simple/4.6/jopt-simple-4.6.jar:/home/user/.m2/repository/org/apache/commons/commons-math3/3.1.1/commons-math3-3.1.1.jar:/home/user/.m2/repository/org/openjdk/jmh/jmh-generator-annprocess/1.19/jmh-generator-annprocess-1.19.jar:/home/user/.m2/repository/org/mockito/mockito-all/1.8.5/mockito-all-1.8.5.jar:/home/user/.m2/repository/org/apache/hadoop/hadoop-kms/3.2.0/hadoop-kms-3.2.0.jar:/home/user/.m2/repository/org/apache/hadoop/hadoop-auth/3.2.0/hadoop-auth-3.2.0.jar:/home/user/.m2/repository/com/nimbusds/nimbus-jose-jwt/4.41.1/nimbus-jose-jwt-4.41.1.jar:/home/user/.m2/repository/com/github/stephenc/jcip/jcip-annotations/1.0-1/jcip-annotations-1.0-1.jar:/home/user/.m2/repository/net/minidev/json-smart/2.3/json-smart-2.3.jar:/home/user/.m2/repository/net/minidev/accessors-smart/1.2/accessors-smart-1.2.jar:/home/user/.m2/repository/org/ow2/asm/asm/5.0.4/asm-5.0.4.jar:/home/user/.m2/repository/org/apache/curator/curator-framework/2.12.0/curator-framework-2.12.0.jar:/home/user/.m2/repository/com/sun/jersey/jersey-core/1.19/jersey-core-1.19.jar:/home/user/.m2/repository/javax/ws/rs/jsr311-api/1.1.1/jsr311-api-1.1.1.jar:/home/user/.m2/repository/com/sun/jersey/jersey-server/1.19/jersey-server-1.19.jar:/home/user/.m2/repository/javax/servlet/javax.servlet-api/3.1.0/javax.servlet-api-3.1.0.jar:/home/user/.m2/repository/org/eclipse/jetty/jetty-server/9.3.25.v20180904/jetty-server-9.3.25.v20180904.jar:/home/user/.m2/repository/org/eclipse/jetty/jetty-http/9.3.25.v20180904/jetty-http-9.3.25.v20180904.jar:/home/user/.m2/repository/org/eclipse/jetty/jetty-io/9.3.25.v20180904/jetty-io-9.3.25.v20180904.jar:/home/user/.m2/repository/org/eclipse/jetty/jetty-webapp/9.3.25.v20180904/jetty-webapp-9.3.25.v20180904.jar:/home/user/.m2/repository/org/eclipse/jetty/jetty-xml/9.3.25.v20180904/jetty-xml-9.3.25.v20180904.jar:/home/user/.m2/repository/log4j/log4j/1.2.17/log4j-1.2.17.jar:/home/user/.m2/repository/org/slf4j/slf4j-api/1.7.25/slf4j-api-1.7.25.jar:/home/user/.m2/repository/org/slf4j/jul-to-slf4j/1.7.25/jul-to-slf4j-1.7.25.jar:/home/user/.m2/repository/org/eclipse/jetty/jetty-util/9.3.25.v20180904/jetty-util-9.3.25.v20180904.jar:/home/user/.m2/repository/com/fasterxml/jackson/core/jackson-databind/2.9.9/jackson-databind-2.9.9.jar:/home/user/.m2/repository/org/apache/hadoop/hadoop-kms/3.2.0/hadoop-kms-3.2.0-tests.jar:/home/user/.m2/repository/org/apache/hadoop/hadoop-hdds-server-scm/0.5.0-SNAPSHOT/hadoop-hdds-server-scm-0.5.0-SNAPSHOT-tests.jar:/home/user/.m2/repository/org/apache/hadoop/hadoop-hdds-container-service/0.5.0-SNAPSHOT/hadoop-hdds-container-service-0.5.0-SNAPSHOT-tests.jar:/home/user/.m2/repository/org/yaml/snakeyaml/1.16/snakeyaml-1.16.jar:/home/user/.m2/repository/org/apache/hadoop/hadoop-common/3.2.0/hadoop-common-3.2.0-tests.jar:/home/user/.m2/repository/org/apache/hadoop/hadoop-annotations/3.2.0/hadoop-annotations-3.2.0.jar:/usr/lib/jvm/java-1.8-openjdk/jre/../lib/tools.jar:/home/user/.m2/repository/commons-cli/commons-cli/1.2/commons-cli-1.2.jar:/home/user/.m2/repository/org/apache/httpcomponents/httpclient/4.5.2/httpclient-4.5.2.jar:/home/user/.m2/repository/org/apache/httpcomponents/httpcore/4.4.4/httpcore-4.4.4.jar:/home/user/.m2/repository/commons-codec/commons-codec/1.11/commons-codec-1.11.jar:/home/user/.m2/repository/commons-net/commons-net/3.6/commons-net-3.6.jar:/home/user/.m2/repository/commons-collections/commons-collections/3.2.2/commons-collections-3.2.2.jar:/home/user/.m2/repository/org/eclipse/jetty/jetty-servlet/9.3.25.v20180904/jetty-servlet-9.3.25.v20180904.jar:/home/user/.m2/repository/org/eclipse/jetty/jetty-security/9.3.25.v20180904/jetty-security-9.3.25.v20180904.jar:/home/user/.m2/repository/javax/servlet/jsp/jsp-api/2.1/jsp-api-2.1.jar:/home/user/.m2/repository/com/sun/jersey/jersey-servlet/1.19/jersey-servlet-1.19.jar:/home/user/.m2/repository/com/sun/jersey/jersey-json/1.19/jersey-json-1.19.jar:/home/user/.m2/repository/org/codehaus/jettison/jettison/1.1/jettison-1.1.jar:/home/user/.m2/repository/org/codehaus/jackson/jackson-core-asl/1.9.13/jackson-core-asl-1.9.13.jar:/home/user/.m2/repository/org/codehaus/jackson/jackson-mapper-asl/1.9.13/jackson-mapper-asl-1.9.13.jar:/home/user/.m2/repository/org/codehaus/jackson/jackson-jaxrs/1.9.13/jackson-jaxrs-1.9.13.jar:/home/user/.m2/repository/org/codehaus/jackson/jackson-xc/1.9.13/jackson-xc-1.9.13.jar:/home/user/.m2/repository/commons-logging/commons-logging/1.1.3/commons-logging-1.1.3.jar:/home/user/.m2/repository/commons-beanutils/commons-beanutils/1.9.4/commons-beanutils-1.9.4.jar:/home/user/.m2/repository/org/apache/commons/commons-configuration2/2.1.1/commons-configuration2-2.1.1.jar:/home/user/.m2/repository/org/apache/commons/commons-lang3/3.7/commons-lang3-3.7.jar:/home/user/.m2/repository/org/apache/commons/commons-text/1.4/commons-text-1.4.jar:/home/user/.m2/repository/org/apache/avro/avro/1.7.7/avro-1.7.7.jar:/home/user/.m2/repository/com/thoughtworks/paranamer/paranamer/2.3/paranamer-2.3.jar:/home/user/.m2/repository/org/xerial/snappy/snappy-java/1.0.5/snappy-java-1.0.5.jar:/home/user/.m2/repository/com/google/re2j/re2j/1.1/re2j-1.1.jar:/home/user/.m2/repository/com/google/code/gson/gson/2.2.4/gson-2.2.4.jar:/home/user/.m2/repository/com/jcraft/jsch/0.1.54/jsch-0.1.54.jar:/home/user/.m2/repository/org/apache/curator/curator-client/2.12.0/curator-client-2.12.0.jar:/home/user/.m2/repository/org/apache/curator/curator-recipes/2.12.0/curator-recipes-2.12.0.jar:/home/user/.m2/repository/com/google/code/findbugs/jsr305/3.0.0/jsr305-3.0.0.jar:/home/user/.m2/repository/org/apache/htrace/htrace-core4/4.1.0-incubating/htrace-core4-4.1.0-incubating.jar:/home/user/.m2/repository/org/apache/zookeeper/zookeeper/3.4.13/zookeeper-3.4.13.jar:/home/user/.m2/repository/jline/jline/0.9.94/jline-0.9.94.jar:/home/user/.m2/repository/org/apache/yetus/audience-annotations/0.5.0/audience-annotations-0.5.0.jar:/home/user/.m2/repository/org/codehaus/woodstox/stax2-api/3.1.4/stax2-api-3.1.4.jar:/home/user/.m2/repository/com/fasterxml/woodstox/woodstox-core/5.0.3/woodstox-core-5.0.3.jar:/home/user/.m2/repository/dnsjava/dnsjava/2.1.7/dnsjava-2.1.7.jar:/home/user/.m2/repository/org/apache/hadoop/hadoop-hdfs/3.2.0/hadoop-hdfs-3.2.0-tests.jar:/home/user/.m2/repository/org/eclipse/jetty/jetty-util-ajax/9.3.25.v20180904/jetty-util-ajax-9.3.25.v20180904.jar:/home/user/.m2/repository/commons-daemon/commons-daemon/1.0.13/commons-daemon-1.0.13.jar:/home/user/.m2/repository/io/netty/netty/3.10.5.Final/netty-3.10.5.Final.jar:/home/user/.m2/repository/io/netty/netty-all/4.0.52.Final/netty-all-4.0.52.Final.jar:/home/user/.m2/repository/org/fusesource/leveldbjni/leveldbjni-all/1.8/leveldbjni-all-1.8.jar:"/>
    <property name="java.vm.vendor" value="IcedTea"/>
    <property name="sun.arch.data.model" value="64"/>
    <property name="test.build.dir" value="/workdir/hadoop-ozone/integration-test/target/test-dir"/>
    <property name="test.cache.data" value=""/>
    <property name="java.vendor.url" value="https://icedtea.classpath.org"/>
    <property name="user.timezone" value=""/>
    <property name="java.vm.specification.version" value="1.8"/>
    <property name="os.name" value="Linux"/>
    <property name="test.build.data" value="/workdir/hadoop-ozone/integration-test/target/test-dir"/>
    <property name="user.country" value="US"/>
    <property name="sun.java.launcher" value="SUN_STANDARD"/>
    <property name="sun.boot.library.path" value="/usr/lib/jvm/java-1.8-openjdk/jre/lib/amd64"/>
    <property name="sun.java.command" value="/workdir/hadoop-ozone/integration-test/target/surefire/surefirebooter3997171669444115487.jar /workdir/hadoop-ozone/integration-test/target/surefire 2019-10-01T12-45-39_408-jvmRun1 surefire8469761769212693620tmp surefire_653909340016307587159tmp"/>
    <property name="test" value="!TestMiniChaosOzoneCluster"/>
    <property name="surefire.test.class.path" value="/workdir/hadoop-ozone/integration-test/target/test-classes:/workdir/hadoop-ozone/integration-test/target/classes:/home/user/.m2/repository/org/apache/hadoop/hadoop-ozone-common/0.5.0-SNAPSHOT/hadoop-ozone-common-0.5.0-SNAPSHOT.jar:/home/user/.m2/repository/org/apache/commons/commons-compress/1.4.1/commons-compress-1.4.1.jar:/home/user/.m2/repository/org/tukaani/xz/1.0/xz-1.0.jar:/home/user/.m2/repository/org/apache/hadoop/hadoop-common/3.2.0/hadoop-common-3.2.0.jar:/home/user/.m2/repository/org/apache/hadoop/hadoop-hdfs/3.2.0/hadoop-hdfs-3.2.0.jar:/home/user/.m2/repository/org/apache/hadoop/hadoop-hdfs-client/3.2.0/hadoop-hdfs-client-3.2.0.jar:/home/user/.m2/repository/com/fasterxml/jackson/core/jackson-annotations/2.9.9/jackson-annotations-2.9.9.jar:/home/user/.m2/repository/org/apache/hadoop/hadoop-hdds-common/0.5.0-SNAPSHOT/hadoop-hdds-common-0.5.0-SNAPSHOT.jar:/home/user/.m2/repository/javax/annotation/javax.annotation-api/1.2/javax.annotation-api-1.2.jar:/home/user/.m2/repository/org/apache/ratis/ratis-server/0.5.0-201fc85-SNAPSHOT/ratis-server-0.5.0-201fc85-SNAPSHOT.jar:/home/user/.m2/repository/org/apache/ratis/ratis-thirdparty-misc/0.2.0/ratis-thirdparty-misc-0.2.0.jar:/home/user/.m2/repository/org/apache/ratis/ratis-proto/0.5.0-201fc85-SNAPSHOT/ratis-proto-0.5.0-201fc85-SNAPSHOT.jar:/home/user/.m2/repository/org/apache/ratis/ratis-common/0.5.0-201fc85-SNAPSHOT/ratis-common-0.5.0-201fc85-SNAPSHOT.jar:/home/user/.m2/repository/org/apache/ratis/ratis-client/0.5.0-201fc85-SNAPSHOT/ratis-client-0.5.0-201fc85-SNAPSHOT.jar:/home/user/.m2/repository/org/apache/ratis/ratis-metrics/0.5.0-201fc85-SNAPSHOT/ratis-metrics-0.5.0-201fc85-SNAPSHOT.jar:/home/user/.m2/repository/com/github/joshelser/dropwizard-metrics-hadoop-metrics2-reporter/0.1.2/dropwizard-metrics-hadoop-metrics2-reporter-0.1.2.jar:/home/user/.m2/repository/io/dropwizard/metrics/metrics-jvm/3.2.5/metrics-jvm-3.2.5.jar:/home/user/.m2/repository/io/dropwizard/metrics/metrics-ganglia/3.2.5/metrics-ganglia-3.2.5.jar:/home/user/.m2/repository/info/ganglia/gmetric4j/gmetric4j/1.0.7/gmetric4j-1.0.7.jar:/home/user/.m2/repository/org/apache/ratis/ratis-netty/0.5.0-201fc85-SNAPSHOT/ratis-netty-0.5.0-201fc85-SNAPSHOT.jar:/home/user/.m2/repository/org/apache/ratis/ratis-grpc/0.5.0-201fc85-SNAPSHOT/ratis-grpc-0.5.0-201fc85-SNAPSHOT.jar:/home/user/.m2/repository/org/rocksdb/rocksdbjni/6.0.1/rocksdbjni-6.0.1.jar:/home/user/.m2/repository/org/apache/logging/log4j/log4j-api/2.11.0/log4j-api-2.11.0.jar:/home/user/.m2/repository/org/apache/logging/log4j/log4j-core/2.11.0/log4j-core-2.11.0.jar:/home/user/.m2/repository/com/lmax/disruptor/3.4.2/disruptor-3.4.2.jar:/home/user/.m2/repository/org/apache/commons/commons-pool2/2.6.0/commons-pool2-2.6.0.jar:/home/user/.m2/repository/org/bouncycastle/bcpkix-jdk15on/1.60/bcpkix-jdk15on-1.60.jar:/home/user/.m2/repository/commons-validator/commons-validator/1.6/commons-validator-1.6.jar:/home/user/.m2/repository/commons-digester/commons-digester/1.8.1/commons-digester-1.8.1.jar:/home/user/.m2/repository/io/jaegertracing/jaeger-client/0.34.0/jaeger-client-0.34.0.jar:/home/user/.m2/repository/io/jaegertracing/jaeger-thrift/0.34.0/jaeger-thrift-0.34.0.jar:/home/user/.m2/repository/org/apache/thrift/libthrift/0.12.0/libthrift-0.12.0.jar:/home/user/.m2/repository/com/squareup/okhttp3/okhttp/3.9.0/okhttp-3.9.0.jar:/home/user/.m2/repository/com/squareup/okio/okio/1.13.0/okio-1.13.0.jar:/home/user/.m2/repository/io/jaegertracing/jaeger-core/0.34.0/jaeger-core-0.34.0.jar:/home/user/.m2/repository/io/jaegertracing/jaeger-tracerresolver/0.34.0/jaeger-tracerresolver-0.34.0.jar:/home/user/.m2/repository/io/opentracing/contrib/opentracing-tracerresolver/0.1.5/opentracing-tracerresolver-0.1.5.jar:/home/user/.m2/repository/io/opentracing/opentracing-util/0.31.0/opentracing-util-0.31.0.jar:/home/user/.m2/repository/io/opentracing/opentracing-api/0.31.0/opentracing-api-0.31.0.jar:/home/user/.m2/repository/io/opentracing/opentracing-noop/0.31.0/opentracing-noop-0.31.0.jar:/home/user/.m2/repository/org/apache/hadoop/hadoop-hdds-server-framework/0.5.0-SNAPSHOT/hadoop-hdds-server-framework-0.5.0-SNAPSHOT.jar:/home/user/.m2/repository/org/apache/hadoop/hadoop-hdds-container-service/0.5.0-SNAPSHOT/hadoop-hdds-container-service-0.5.0-SNAPSHOT.jar:/home/user/.m2/repository/org/apache/hadoop/hadoop-hdds-client/0.5.0-SNAPSHOT/hadoop-hdds-client-0.5.0-SNAPSHOT.jar:/home/user/.m2/repository/org/apache/hadoop/hadoop-hdds-tools/0.5.0-SNAPSHOT/hadoop-hdds-tools-0.5.0-SNAPSHOT.jar:/home/user/.m2/repository/org/apache/hadoop/hadoop-hdds-server-scm/0.5.0-SNAPSHOT/hadoop-hdds-server-scm-0.5.0-SNAPSHOT.jar:/home/user/.m2/repository/org/apache/hadoop/hadoop-hdds-docs/0.5.0-SNAPSHOT/hadoop-hdds-docs-0.5.0-SNAPSHOT.jar:/home/user/.m2/repository/io/dropwizard/metrics/metrics-core/3.2.4/metrics-core-3.2.4.jar:/home/user/.m2/repository/org/hamcrest/hamcrest-all/1.3/hamcrest-all-1.3.jar:/home/user/.m2/repository/org/bouncycastle/bcprov-jdk15on/1.60/bcprov-jdk15on-1.60.jar:/home/user/.m2/repository/info/picocli/picocli/3.9.6/picocli-3.9.6.jar:/home/user/.m2/repository/com/google/protobuf/protobuf-java/2.5.0/protobuf-java-2.5.0.jar:/home/user/.m2/repository/com/google/guava/guava/11.0.2/guava-11.0.2.jar:/home/user/.m2/repository/org/apache/hadoop/hadoop-ozone-ozone-manager/0.5.0-SNAPSHOT/hadoop-ozone-ozone-manager-0.5.0-SNAPSHOT.jar:/home/user/.m2/repository/org/apache/hadoop/hadoop-minikdc/3.2.0/hadoop-minikdc-3.2.0.jar:/home/user/.m2/repository/commons-io/commons-io/2.5/commons-io-2.5.jar:/home/user/.m2/repository/org/apache/kerby/kerb-simplekdc/1.0.1/kerb-simplekdc-1.0.1.jar:/home/user/.m2/repository/org/apache/kerby/kerb-client/1.0.1/kerb-client-1.0.1.jar:/home/user/.m2/repository/org/apache/kerby/kerby-config/1.0.1/kerby-config-1.0.1.jar:/home/user/.m2/repository/org/apache/kerby/kerb-core/1.0.1/kerb-core-1.0.1.jar:/home/user/.m2/repository/org/apache/kerby/kerby-pkix/1.0.1/kerby-pkix-1.0.1.jar:/home/user/.m2/repository/org/apache/kerby/kerby-asn1/1.0.1/kerby-asn1-1.0.1.jar:/home/user/.m2/repository/org/apache/kerby/kerby-util/1.0.1/kerby-util-1.0.1.jar:/home/user/.m2/repository/org/apache/kerby/kerb-common/1.0.1/kerb-common-1.0.1.jar:/home/user/.m2/repository/org/apache/kerby/kerb-crypto/1.0.1/kerb-crypto-1.0.1.jar:/home/user/.m2/repository/org/apache/kerby/kerb-util/1.0.1/kerb-util-1.0.1.jar:/home/user/.m2/repository/org/apache/kerby/token-provider/1.0.1/token-provider-1.0.1.jar:/home/user/.m2/repository/org/apache/kerby/kerb-admin/1.0.1/kerb-admin-1.0.1.jar:/home/user/.m2/repository/org/apache/kerby/kerb-server/1.0.1/kerb-server-1.0.1.jar:/home/user/.m2/repository/org/apache/kerby/kerb-identity/1.0.1/kerb-identity-1.0.1.jar:/home/user/.m2/repository/org/apache/kerby/kerby-xdr/1.0.1/kerby-xdr-1.0.1.jar:/home/user/.m2/repository/org/slf4j/slf4j-log4j12/1.7.25/slf4j-log4j12-1.7.25.jar:/home/user/.m2/repository/org/apache/hadoop/hadoop-ozone-s3gateway/0.5.0-SNAPSHOT/hadoop-ozone-s3gateway-0.5.0-SNAPSHOT.jar:/home/user/.m2/repository/org/jboss/weld/servlet/weld-servlet/2.4.7.Final/weld-servlet-2.4.7.Final.jar:/home/user/.m2/repository/org/glassfish/jersey/containers/jersey-container-servlet-core/2.27/jersey-container-servlet-core-2.27.jar:/home/user/.m2/repository/org/glassfish/hk2/external/javax.inject/2.5.0-b42/javax.inject-2.5.0-b42.jar:/home/user/.m2/repository/org/glassfish/jersey/core/jersey-common/2.27/jersey-common-2.27.jar:/home/user/.m2/repository/org/glassfish/hk2/osgi-resource-locator/1.0.1/osgi-resource-locator-1.0.1.jar:/home/user/.m2/repository/javax/ws/rs/javax.ws.rs-api/2.1/javax.ws.rs-api-2.1.jar:/home/user/.m2/repository/org/glassfish/jersey/ext/cdi/jersey-cdi1x/2.27/jersey-cdi1x-2.27.jar:/home/user/.m2/repository/org/glassfish/jersey/inject/jersey-hk2/2.27/jersey-hk2-2.27.jar:/home/user/.m2/repository/org/glassfish/hk2/hk2-locator/2.5.0-b42/hk2-locator-2.5.0-b42.jar:/home/user/.m2/repository/org/javassist/javassist/3.22.0-CR2/javassist-3.22.0-CR2.jar:/home/user/.m2/repository/org/glassfish/hk2/hk2-api/2.5.0/hk2-api-2.5.0.jar:/home/user/.m2/repository/org/glassfish/hk2/external/jakarta.inject/2.5.0/jakarta.inject-2.5.0.jar:/home/user/.m2/repository/org/glassfish/hk2/hk2-utils/2.5.0/hk2-utils-2.5.0.jar:/home/user/.m2/repository/jakarta/annotation/jakarta.annotation-api/1.3.4/jakarta.annotation-api-1.3.4.jar:/home/user/.m2/repository/org/glassfish/hk2/external/aopalliance-repackaged/2.5.0/aopalliance-repackaged-2.5.0.jar:/home/user/.m2/repository/com/fasterxml/jackson/dataformat/jackson-dataformat-xml/2.9.0/jackson-dataformat-xml-2.9.0.jar:/home/user/.m2/repository/com/fasterxml/jackson/core/jackson-core/2.9.9/jackson-core-2.9.9.jar:/home/user/.m2/repository/com/fasterxml/jackson/module/jackson-module-jaxb-annotations/2.9.9/jackson-module-jaxb-annotations-2.9.9.jar:/home/user/.m2/repository/javax/enterprise/cdi-api/1.2/cdi-api-1.2.jar:/home/user/.m2/repository/javax/el/javax.el-api/3.0.0/javax.el-api-3.0.0.jar:/home/user/.m2/repository/javax/interceptor/javax.interceptor-api/1.2/javax.interceptor-api-1.2.jar:/home/user/.m2/repository/javax/inject/javax.inject/1/javax.inject-1.jar:/home/user/.m2/repository/com/sun/xml/bind/jaxb-impl/2.3.0.1/jaxb-impl-2.3.0.1.jar:/home/user/.m2/repository/com/sun/xml/bind/jaxb-core/2.3.0.1/jaxb-core-2.3.0.1.jar:/home/user/.m2/repository/javax/xml/bind/jaxb-api/2.3.0/jaxb-api-2.3.0.jar:/home/user/.m2/repository/javax/activation/activation/1.1.1/activation-1.1.1.jar:/home/user/.m2/repository/org/apache/hadoop/hadoop-ozone-csi/0.5.0-SNAPSHOT/hadoop-ozone-csi-0.5.0-SNAPSHOT.jar:/home/user/.m2/repository/com/google/protobuf/protobuf-java-util/3.5.1/protobuf-java-util-3.5.1.jar:/home/user/.m2/repository/org/apache/hadoop/hadoop-hdds-config/0.5.0-SNAPSHOT/hadoop-hdds-config-0.5.0-SNAPSHOT.jar:/home/user/.m2/repository/io/grpc/grpc-netty/1.17.1/grpc-netty-1.17.1.jar:/home/user/.m2/repository/io/grpc/grpc-core/1.17.1/grpc-core-1.17.1.jar:/home/user/.m2/repository/io/grpc/grpc-context/1.17.1/grpc-context-1.17.1.jar:/home/user/.m2/repository/com/google/errorprone/error_prone_annotations/2.2.0/error_prone_annotations-2.2.0.jar:/home/user/.m2/repository/org/codehaus/mojo/animal-sniffer-annotations/1.17/animal-sniffer-annotations-1.17.jar:/home/user/.m2/repository/io/opencensus/opencensus-api/0.17.0/opencensus-api-0.17.0.jar:/home/user/.m2/repository/io/opencensus/opencensus-contrib-grpc-metrics/0.17.0/opencensus-contrib-grpc-metrics-0.17.0.jar:/home/user/.m2/repository/io/netty/netty-codec-http2/4.1.30.Final/netty-codec-http2-4.1.30.Final.jar:/home/user/.m2/repository/io/netty/netty-codec-http/4.1.30.Final/netty-codec-http-4.1.30.Final.jar:/home/user/.m2/repository/io/netty/netty-codec/4.1.30.Final/netty-codec-4.1.30.Final.jar:/home/user/.m2/repository/io/netty/netty-handler/4.1.30.Final/netty-handler-4.1.30.Final.jar:/home/user/.m2/repository/io/netty/netty-handler-proxy/4.1.30.Final/netty-handler-proxy-4.1.30.Final.jar:/home/user/.m2/repository/io/netty/netty-codec-socks/4.1.30.Final/netty-codec-socks-4.1.30.Final.jar:/home/user/.m2/repository/io/netty/netty-transport-native-epoll/4.1.30.Final/netty-transport-native-epoll-4.1.30.Final.jar:/home/user/.m2/repository/io/netty/netty-common/4.1.30.Final/netty-common-4.1.30.Final.jar:/home/user/.m2/repository/io/netty/netty-buffer/4.1.30.Final/netty-buffer-4.1.30.Final.jar:/home/user/.m2/repository/io/netty/netty-transport/4.1.30.Final/netty-transport-4.1.30.Final.jar:/home/user/.m2/repository/io/netty/netty-resolver/4.1.30.Final/netty-resolver-4.1.30.Final.jar:/home/user/.m2/repository/io/netty/netty-transport-native-unix-common/4.1.30.Final/netty-transport-native-unix-common-4.1.30.Final.jar:/home/user/.m2/repository/io/grpc/grpc-protobuf/1.17.1/grpc-protobuf-1.17.1.jar:/home/user/.m2/repository/com/google/api/grpc/proto-google-common-protos/1.0.0/proto-google-common-protos-1.0.0.jar:/home/user/.m2/repository/io/grpc/grpc-protobuf-lite/1.17.1/grpc-protobuf-lite-1.17.1.jar:/home/user/.m2/repository/io/grpc/grpc-stub/1.17.1/grpc-stub-1.17.1.jar:/home/user/.m2/repository/org/apache/hadoop/hadoop-ozone-recon/0.5.0-SNAPSHOT/hadoop-ozone-recon-0.5.0-SNAPSHOT.jar:/home/user/.m2/repository/org/apache/hadoop/hadoop-ozone-reconcodegen/0.5.0-SNAPSHOT/hadoop-ozone-reconcodegen-0.5.0-SNAPSHOT.jar:/home/user/.m2/repository/com/google/inject/extensions/guice-multibindings/4.0/guice-multibindings-4.0.jar:/home/user/.m2/repository/com/google/inject/guice/4.0/guice-4.0.jar:/home/user/.m2/repository/aopalliance/aopalliance/1.0/aopalliance-1.0.jar:/home/user/.m2/repository/com/google/inject/extensions/guice-servlet/4.0/guice-servlet-4.0.jar:/home/user/.m2/repository/org/glassfish/jersey/containers/jersey-container-servlet/2.27/jersey-container-servlet-2.27.jar:/home/user/.m2/repository/org/glassfish/hk2/guice-bridge/2.5.0/guice-bridge-2.5.0.jar:/home/user/.m2/repository/org/glassfish/jersey/core/jersey-server/2.27/jersey-server-2.27.jar:/home/user/.m2/repository/org/glassfish/jersey/core/jersey-client/2.27/jersey-client-2.27.jar:/home/user/.m2/repository/org/glassfish/jersey/media/jersey-media-jaxb/2.27/jersey-media-jaxb-2.27.jar:/home/user/.m2/repository/javax/validation/validation-api/1.1.0.Final/validation-api-1.1.0.Final.jar:/home/user/.m2/repository/org/glassfish/jersey/media/jersey-media-json-jackson/2.27/jersey-media-json-jackson-2.27.jar:/home/user/.m2/repository/org/glassfish/jersey/ext/jersey-entity-filtering/2.27/jersey-entity-filtering-2.27.jar:/home/user/.m2/repository/com/google/inject/extensions/guice-assistedinject/4.0/guice-assistedinject-4.0.jar:/home/user/.m2/repository/org/jooq/jooq/3.11.10/jooq-3.11.10.jar:/home/user/.m2/repository/org/jooq/jooq-meta/3.11.10/jooq-meta-3.11.10.jar:/home/user/.m2/repository/org/jooq/jooq-codegen/3.11.10/jooq-codegen-3.11.10.jar:/home/user/.m2/repository/com/jolbox/bonecp/0.8.0.RELEASE/bonecp-0.8.0.RELEASE.jar:/home/user/.m2/repository/org/xerial/sqlite-jdbc/3.25.2/sqlite-jdbc-3.25.2.jar:/home/user/.m2/repository/org/springframework/spring-jdbc/5.1.3.RELEASE/spring-jdbc-5.1.3.RELEASE.jar:/home/user/.m2/repository/org/springframework/spring-beans/5.1.3.RELEASE/spring-beans-5.1.3.RELEASE.jar:/home/user/.m2/repository/org/springframework/spring-core/5.1.3.RELEASE/spring-core-5.1.3.RELEASE.jar:/home/user/.m2/repository/org/springframework/spring-jcl/5.1.3.RELEASE/spring-jcl-5.1.3.RELEASE.jar:/home/user/.m2/repository/org/springframework/spring-tx/5.1.3.RELEASE/spring-tx-5.1.3.RELEASE.jar:/home/user/.m2/repository/org/apache/hadoop/hadoop-ozone-client/0.5.0-SNAPSHOT/hadoop-ozone-client-0.5.0-SNAPSHOT.jar:/home/user/.m2/repository/commons-lang/commons-lang/2.6/commons-lang-2.6.jar:/home/user/.m2/repository/org/apache/hadoop/hadoop-ozone-ozone-manager/0.5.0-SNAPSHOT/hadoop-ozone-ozone-manager-0.5.0-SNAPSHOT-tests.jar:/home/user/.m2/repository/junit/junit/4.11/junit-4.11.jar:/home/user/.m2/repository/org/hamcrest/hamcrest-core/1.3/hamcrest-core-1.3.jar:/home/user/.m2/repository/org/openjdk/jmh/jmh-core/1.19/jmh-core-1.19.jar:/home/user/.m2/repository/net/sf/jopt-simple/jopt-simple/4.6/jopt-simple-4.6.jar:/home/user/.m2/repository/org/apache/commons/commons-math3/3.1.1/commons-math3-3.1.1.jar:/home/user/.m2/repository/org/openjdk/jmh/jmh-generator-annprocess/1.19/jmh-generator-annprocess-1.19.jar:/home/user/.m2/repository/org/mockito/mockito-all/1.8.5/mockito-all-1.8.5.jar:/home/user/.m2/repository/org/apache/hadoop/hadoop-kms/3.2.0/hadoop-kms-3.2.0.jar:/home/user/.m2/repository/org/apache/hadoop/hadoop-auth/3.2.0/hadoop-auth-3.2.0.jar:/home/user/.m2/repository/com/nimbusds/nimbus-jose-jwt/4.41.1/nimbus-jose-jwt-4.41.1.jar:/home/user/.m2/repository/com/github/stephenc/jcip/jcip-annotations/1.0-1/jcip-annotations-1.0-1.jar:/home/user/.m2/repository/net/minidev/json-smart/2.3/json-smart-2.3.jar:/home/user/.m2/repository/net/minidev/accessors-smart/1.2/accessors-smart-1.2.jar:/home/user/.m2/repository/org/ow2/asm/asm/5.0.4/asm-5.0.4.jar:/home/user/.m2/repository/org/apache/curator/curator-framework/2.12.0/curator-framework-2.12.0.jar:/home/user/.m2/repository/com/sun/jersey/jersey-core/1.19/jersey-core-1.19.jar:/home/user/.m2/repository/javax/ws/rs/jsr311-api/1.1.1/jsr311-api-1.1.1.jar:/home/user/.m2/repository/com/sun/jersey/jersey-server/1.19/jersey-server-1.19.jar:/home/user/.m2/repository/javax/servlet/javax.servlet-api/3.1.0/javax.servlet-api-3.1.0.jar:/home/user/.m2/repository/org/eclipse/jetty/jetty-server/9.3.25.v20180904/jetty-server-9.3.25.v20180904.jar:/home/user/.m2/repository/org/eclipse/jetty/jetty-http/9.3.25.v20180904/jetty-http-9.3.25.v20180904.jar:/home/user/.m2/repository/org/eclipse/jetty/jetty-io/9.3.25.v20180904/jetty-io-9.3.25.v20180904.jar:/home/user/.m2/repository/org/eclipse/jetty/jetty-webapp/9.3.25.v20180904/jetty-webapp-9.3.25.v20180904.jar:/home/user/.m2/repository/org/eclipse/jetty/jetty-xml/9.3.25.v20180904/jetty-xml-9.3.25.v20180904.jar:/home/user/.m2/repository/log4j/log4j/1.2.17/log4j-1.2.17.jar:/home/user/.m2/repository/org/slf4j/slf4j-api/1.7.25/slf4j-api-1.7.25.jar:/home/user/.m2/repository/org/slf4j/jul-to-slf4j/1.7.25/jul-to-slf4j-1.7.25.jar:/home/user/.m2/repository/org/eclipse/jetty/jetty-util/9.3.25.v20180904/jetty-util-9.3.25.v20180904.jar:/home/user/.m2/repository/com/fasterxml/jackson/core/jackson-databind/2.9.9/jackson-databind-2.9.9.jar:/home/user/.m2/repository/org/apache/hadoop/hadoop-kms/3.2.0/hadoop-kms-3.2.0-tests.jar:/home/user/.m2/repository/org/apache/hadoop/hadoop-hdds-server-scm/0.5.0-SNAPSHOT/hadoop-hdds-server-scm-0.5.0-SNAPSHOT-tests.jar:/home/user/.m2/repository/org/apache/hadoop/hadoop-hdds-container-service/0.5.0-SNAPSHOT/hadoop-hdds-container-service-0.5.0-SNAPSHOT-tests.jar:/home/user/.m2/repository/org/yaml/snakeyaml/1.16/snakeyaml-1.16.jar:/home/user/.m2/repository/org/apache/hadoop/hadoop-common/3.2.0/hadoop-common-3.2.0-tests.jar:/home/user/.m2/repository/org/apache/hadoop/hadoop-annotations/3.2.0/hadoop-annotations-3.2.0.jar:/usr/lib/jvm/java-1.8-openjdk/jre/../lib/tools.jar:/home/user/.m2/repository/commons-cli/commons-cli/1.2/commons-cli-1.2.jar:/home/user/.m2/repository/org/apache/httpcomponents/httpclient/4.5.2/httpclient-4.5.2.jar:/home/user/.m2/repository/org/apache/httpcomponents/httpcore/4.4.4/httpcore-4.4.4.jar:/home/user/.m2/repository/commons-codec/commons-codec/1.11/commons-codec-1.11.jar:/home/user/.m2/repository/commons-net/commons-net/3.6/commons-net-3.6.jar:/home/user/.m2/repository/commons-collections/commons-collections/3.2.2/commons-collections-3.2.2.jar:/home/user/.m2/repository/org/eclipse/jetty/jetty-servlet/9.3.25.v20180904/jetty-servlet-9.3.25.v20180904.jar:/home/user/.m2/repository/org/eclipse/jetty/jetty-security/9.3.25.v20180904/jetty-security-9.3.25.v20180904.jar:/home/user/.m2/repository/javax/servlet/jsp/jsp-api/2.1/jsp-api-2.1.jar:/home/user/.m2/repository/com/sun/jersey/jersey-servlet/1.19/jersey-servlet-1.19.jar:/home/user/.m2/repository/com/sun/jersey/jersey-json/1.19/jersey-json-1.19.jar:/home/user/.m2/repository/org/codehaus/jettison/jettison/1.1/jettison-1.1.jar:/home/user/.m2/repository/org/codehaus/jackson/jackson-core-asl/1.9.13/jackson-core-asl-1.9.13.jar:/home/user/.m2/repository/org/codehaus/jackson/jackson-mapper-asl/1.9.13/jackson-mapper-asl-1.9.13.jar:/home/user/.m2/repository/org/codehaus/jackson/jackson-jaxrs/1.9.13/jackson-jaxrs-1.9.13.jar:/home/user/.m2/repository/org/codehaus/jackson/jackson-xc/1.9.13/jackson-xc-1.9.13.jar:/home/user/.m2/repository/commons-logging/commons-logging/1.1.3/commons-logging-1.1.3.jar:/home/user/.m2/repository/commons-beanutils/commons-beanutils/1.9.4/commons-beanutils-1.9.4.jar:/home/user/.m2/repository/org/apache/commons/commons-configuration2/2.1.1/commons-configuration2-2.1.1.jar:/home/user/.m2/repository/org/apache/commons/commons-lang3/3.7/commons-lang3-3.7.jar:/home/user/.m2/repository/org/apache/commons/commons-text/1.4/commons-text-1.4.jar:/home/user/.m2/repository/org/apache/avro/avro/1.7.7/avro-1.7.7.jar:/home/user/.m2/repository/com/thoughtworks/paranamer/paranamer/2.3/paranamer-2.3.jar:/home/user/.m2/repository/org/xerial/snappy/snappy-java/1.0.5/snappy-java-1.0.5.jar:/home/user/.m2/repository/com/google/re2j/re2j/1.1/re2j-1.1.jar:/home/user/.m2/repository/com/google/code/gson/gson/2.2.4/gson-2.2.4.jar:/home/user/.m2/repository/com/jcraft/jsch/0.1.54/jsch-0.1.54.jar:/home/user/.m2/repository/org/apache/curator/curator-client/2.12.0/curator-client-2.12.0.jar:/home/user/.m2/repository/org/apache/curator/curator-recipes/2.12.0/curator-recipes-2.12.0.jar:/home/user/.m2/repository/com/google/code/findbugs/jsr305/3.0.0/jsr305-3.0.0.jar:/home/user/.m2/repository/org/apache/htrace/htrace-core4/4.1.0-incubating/htrace-core4-4.1.0-incubating.jar:/home/user/.m2/repository/org/apache/zookeeper/zookeeper/3.4.13/zookeeper-3.4.13.jar:/home/user/.m2/repository/jline/jline/0.9.94/jline-0.9.94.jar:/home/user/.m2/repository/org/apache/yetus/audience-annotations/0.5.0/audience-annotations-0.5.0.jar:/home/user/.m2/repository/org/codehaus/woodstox/stax2-api/3.1.4/stax2-api-3.1.4.jar:/home/user/.m2/repository/com/fasterxml/woodstox/woodstox-core/5.0.3/woodstox-core-5.0.3.jar:/home/user/.m2/repository/dnsjava/dnsjava/2.1.7/dnsjava-2.1.7.jar:/home/user/.m2/repository/org/apache/hadoop/hadoop-hdfs/3.2.0/hadoop-hdfs-3.2.0-tests.jar:/home/user/.m2/repository/org/eclipse/jetty/jetty-util-ajax/9.3.25.v20180904/jetty-util-ajax-9.3.25.v20180904.jar:/home/user/.m2/repository/commons-daemon/commons-daemon/1.0.13/commons-daemon-1.0.13.jar:/home/user/.m2/repository/io/netty/netty/3.10.5.Final/netty-3.10.5.Final.jar:/home/user/.m2/repository/io/netty/netty-all/4.0.52.Final/netty-all-4.0.52.Final.jar:/home/user/.m2/repository/org/fusesource/leveldbjni/leveldbjni-all/1.8/leveldbjni-all-1.8.jar:"/>
    <property name="sun.cpu.endian" value="little"/>
    <property name="user.home" value="/home/user"/>
    <property name="user.language" value="en"/>
    <property name="java.specification.vendor" value="Oracle Corporation"/>
    <property name="java.home" value="/usr/lib/jvm/java-1.8-openjdk/jre"/>
    <property name="java.security.krb5.conf" value="/workdir/hadoop-ozone/integration-test/target/test-classes/krb5.conf"/>
    <property name="basedir" value="/workdir/hadoop-ozone/integration-test"/>
    <property name="file.separator" value="/"/>
    <property name="line.separator" value="&#10;"/>
    <property name="java.vm.specification.vendor" value="Oracle Corporation"/>
    <property name="java.specification.name" value="Java Platform API Specification"/>
    <property name="java.awt.graphicsenv" value="sun.awt.X11GraphicsEnvironment"/>
    <property name="surefire.real.class.path" value="/workdir/hadoop-ozone/integration-test/target/surefire/surefirebooter3997171669444115487.jar"/>
    <property name="hadoop.log.dir" value="/workdir/hadoop-ozone/integration-test/target/log"/>
    <property name="sun.boot.class.path" value="/usr/lib/jvm/java-1.8-openjdk/jre/lib/resources.jar:/usr/lib/jvm/java-1.8-openjdk/jre/lib/rt.jar:/usr/lib/jvm/java-1.8-openjdk/jre/lib/sunrsasign.jar:/usr/lib/jvm/java-1.8-openjdk/jre/lib/jsse.jar:/usr/lib/jvm/java-1.8-openjdk/jre/lib/jce.jar:/usr/lib/jvm/java-1.8-openjdk/jre/lib/charsets.jar:/usr/lib/jvm/java-1.8-openjdk/jre/lib/jfr.jar:/usr/lib/jvm/java-1.8-openjdk/jre/classes"/>
    <property name="sun.management.compiler" value="HotSpot 64-Bit Tiered Compilers"/>
    <property name="java.runtime.version" value="1.8.0_212-b04"/>
    <property name="java.net.preferIPv4Stack" value="true"/>
    <property name="user.name" value="jenkins1000"/>
    <property name="path.separator" value=":"/>
    <property name="java.security.egd" value="file:///dev/urandom"/>
    <property name="os.version" value="3.10.0-957.12.2.el7.x86_64"/>
    <property name="java.endorsed.dirs" value="/usr/lib/jvm/java-1.8-openjdk/jre/lib/endorsed"/>
    <property name="java.runtime.name" value="OpenJDK Runtime Environment"/>
    <property name="file.encoding" value="UTF-8"/>
    <property name="java.vm.name" value="OpenJDK 64-Bit Server VM"/>
    <property name="test.build.webapps" value=""/>
    <property name="localRepository" value="/home/user/.m2/repository"/>
    <property name="java.vendor.url.bug" value="https://icedtea.classpath.org/bugzilla"/>
    <property name="java.io.tmpdir" value="/tmp"/>
    <property name="require.test.libhadoop" value=""/>
    <property name="java.version" value="1.8.0_212"/>
    <property name="user.dir" value="/workdir/hadoop-ozone/integration-test"/>
    <property name="os.arch" value="amd64"/>
    <property name="java.vm.specification.name" value="Java Virtual Machine Specification"/>
    <property name="test.build.classes" value="/workdir/hadoop-ozone/integration-test/target/test-classes"/>
    <property name="java.awt.printerjob" value="sun.print.PSPrinterJob"/>
    <property name="sun.os.patch.level" value="unknown"/>
    <property name="hadoop.tmp.dir" value="/workdir/hadoop-ozone/integration-test/target/tmp"/>
    <property name="java.library.path" value="/usr/lib/jvm/java-1.8-openjdk/jre/lib/amd64/server:/usr/lib/jvm/java-1.8-openjdk/jre/lib/amd64:/usr/lib/jvm/java-1.8-openjdk/jre/../lib/amd64:/workdir/hadoop-ozone/integration-test/target/native/target/usr/local/lib:/workdir/hadoop-ozone/integration-test/../../hadoop-common-project/hadoop-common/target/native/target/usr/local/lib:/usr/java/packages/lib/amd64:/usr/lib64:/lib64:/lib:/usr/lib"/>
    <property name="java.vm.info" value="mixed mode"/>
    <property name="java.vendor" value="IcedTea"/>
    <property name="java.vm.version" value="25.212-b04"/>
    <property name="java.ext.dirs" value="/usr/lib/jvm/java-1.8-openjdk/jre/lib/ext:/usr/java/packages/lib/ext"/>
    <property name="sun.io.unicode.encoding" value="UnicodeLittle"/>
    <property name="java.class.version" value="52.0"/>
  </properties>
  <testcase name="test2DatanodesFailure" classname="org.apache.hadoop.ozone.client.rpc.TestBlockOutputStreamWithFailures" time="104.268"/>
  <testcase name="testDatanodeFailureWithPreAllocation" classname="org.apache.hadoop.ozone.client.rpc.TestBlockOutputStreamWithFailures" time="221.665"/>
  <testcase name="testDatanodeFailureWithSingleNodeRatis" classname="org.apache.hadoop.ozone.client.rpc.TestBlockOutputStreamWithFailures" time="221.788"/>
  <testcase name="testWatchForCommitWithSingleNodeRatis" classname="org.apache.hadoop.ozone.client.rpc.TestBlockOutputStreamWithFailures" time="33.607"/>
  <testcase name="testWatchForCommitDatanodeFailure" classname="org.apache.hadoop.ozone.client.rpc.TestBlockOutputStreamWithFailures" time="41.382">
    <failure message="expected:&lt;61&gt; but was:&lt;62&gt;" type="java.lang.AssertionError"><![CDATA[java.lang.AssertionError: expected:<61> but was:<62>
	at org.junit.Assert.fail(Assert.java:88)
	at org.junit.Assert.failNotEquals(Assert.java:743)
	at org.junit.Assert.assertEquals(Assert.java:118)
	at org.junit.Assert.assertEquals(Assert.java:555)
	at org.junit.Assert.assertEquals(Assert.java:542)
	at org.apache.hadoop.ozone.client.rpc.TestBlockOutputStreamWithFailures.testWatchForCommitDatanodeFailure(TestBlockOutputStreamWithFailures.java:336)
	at sun.reflect.NativeMethodAccessorImpl.invoke0(Native Method)
	at sun.reflect.NativeMethodAccessorImpl.invoke(NativeMethodAccessorImpl.java:62)
	at sun.reflect.DelegatingMethodAccessorImpl.invoke(DelegatingMethodAccessorImpl.java:43)
	at java.lang.reflect.Method.invoke(Method.java:498)
	at org.junit.runners.model.FrameworkMethod$1.runReflectiveCall(FrameworkMethod.java:47)
	at org.junit.internal.runners.model.ReflectiveCallable.run(ReflectiveCallable.java:12)
	at org.junit.runners.model.FrameworkMethod.invokeExplosively(FrameworkMethod.java:44)
	at org.junit.internal.runners.statements.InvokeMethod.evaluate(InvokeMethod.java:17)
	at org.junit.internal.runners.statements.RunBefores.evaluate(RunBefores.java:26)
	at org.junit.internal.runners.statements.RunAfters.evaluate(RunAfters.java:27)
	at org.junit.runners.ParentRunner.runLeaf(ParentRunner.java:271)
	at org.junit.runners.BlockJUnit4ClassRunner.runChild(BlockJUnit4ClassRunner.java:70)
	at org.junit.runners.BlockJUnit4ClassRunner.runChild(BlockJUnit4ClassRunner.java:50)
	at org.junit.runners.ParentRunner$3.run(ParentRunner.java:238)
	at org.junit.runners.ParentRunner$1.schedule(ParentRunner.java:63)
	at org.junit.runners.ParentRunner.runChildren(ParentRunner.java:236)
	at org.junit.runners.ParentRunner.access$000(ParentRunner.java:53)
	at org.junit.runners.ParentRunner$2.evaluate(ParentRunner.java:229)
	at org.junit.runners.ParentRunner.run(ParentRunner.java:309)
	at org.apache.maven.surefire.junit4.JUnit4Provider.execute(JUnit4Provider.java:365)
	at org.apache.maven.surefire.junit4.JUnit4Provider.executeWithRerun(JUnit4Provider.java:273)
	at org.apache.maven.surefire.junit4.JUnit4Provider.executeTestSet(JUnit4Provider.java:238)
	at org.apache.maven.surefire.junit4.JUnit4Provider.invoke(JUnit4Provider.java:159)
	at org.apache.maven.surefire.booter.ForkedBooter.invokeProviderInSameClassLoader(ForkedBooter.java:384)
	at org.apache.maven.surefire.booter.ForkedBooter.runSuitesInProcess(ForkedBooter.java:345)
	at org.apache.maven.surefire.booter.ForkedBooter.execute(ForkedBooter.java:126)
	at org.apache.maven.surefire.booter.ForkedBooter.main(ForkedBooter.java:418)
]]></failure>
    <system-out><![CDATA[2019-10-01 13:54:45,753 [main] WARN  server.ServerUtils (ServerUtils.java:getScmDbDir(145)) - ozone.scm.db.dirs is not configured. We recommend adding this setting. Falling back to ozone.metadata.dirs instead.
2019-10-01 13:54:45,768 [main] WARN  server.ServerUtils (ServerUtils.java:getScmDbDir(145)) - ozone.scm.db.dirs is not configured. We recommend adding this setting. Falling back to ozone.metadata.dirs instead.
2019-10-01 13:54:45,768 [main] WARN  server.ServerUtils (ServerUtils.java:getScmDbDir(145)) - ozone.scm.db.dirs is not configured. We recommend adding this setting. Falling back to ozone.metadata.dirs instead.
2019-10-01 13:54:45,769 [main] INFO  db.DBStoreBuilder (DBStoreBuilder.java:addTable(110)) - using custom profile for table: deletedBlocks
2019-10-01 13:54:45,769 [main] INFO  db.DBStoreBuilder (DBStoreBuilder.java:processTables(161)) - Using default column profile:DBProfile.DISK for Table:deletedBlocks
2019-10-01 13:54:45,769 [main] INFO  db.DBStoreBuilder (DBStoreBuilder.java:addTable(110)) - using custom profile for table: validCerts
2019-10-01 13:54:45,769 [main] INFO  db.DBStoreBuilder (DBStoreBuilder.java:processTables(161)) - Using default column profile:DBProfile.DISK for Table:validCerts
2019-10-01 13:54:45,770 [main] INFO  db.DBStoreBuilder (DBStoreBuilder.java:addTable(110)) - using custom profile for table: revokedCerts
2019-10-01 13:54:45,770 [main] INFO  db.DBStoreBuilder (DBStoreBuilder.java:processTables(161)) - Using default column profile:DBProfile.DISK for Table:revokedCerts
2019-10-01 13:54:45,770 [main] INFO  db.DBStoreBuilder (DBStoreBuilder.java:addTable(110)) - using custom profile for table: default
2019-10-01 13:54:45,770 [main] INFO  db.DBStoreBuilder (DBStoreBuilder.java:processTables(167)) - Using default column profile:DBProfile.DISK for Table:default
2019-10-01 13:54:45,770 [main] INFO  db.DBStoreBuilder (DBStoreBuilder.java:getDbProfile(198)) - Using default options. DBProfile.DISK
2019-10-01 13:54:45,947 [main] INFO  net.NodeSchemaLoader (NodeSchemaLoader.java:loadSchemaFromFile(125)) - Loading file from sun.misc.CompoundEnumeration@27a9f025
2019-10-01 13:54:45,947 [main] INFO  net.NodeSchemaLoader (NodeSchemaLoader.java:loadSchema(171)) - Loading network topology layer schema file
2019-10-01 13:54:45,951 [main] INFO  node.SCMNodeManager (SCMNodeManager.java:<init>(114)) - Entering startup safe mode.
2019-10-01 13:54:45,951 [main] INFO  algorithms.ContainerPlacementPolicyFactory (ContainerPlacementPolicyFactory.java:getPolicy(57)) - Create container placement policy of type org.apache.hadoop.hdds.scm.container.placement.algorithms.SCMContainerPlacementRandom
2019-10-01 13:54:45,952 [main] WARN  server.ServerUtils (ServerUtils.java:getScmDbDir(145)) - ozone.scm.db.dirs is not configured. We recommend adding this setting. Falling back to ozone.metadata.dirs instead.
2019-10-01 13:54:45,999 [main] INFO  pipeline.SCMPipelineManager (SCMPipelineManager.java:initializePipelineState(132)) - No pipeline exists in current db
2019-10-01 13:54:45,999 [main] WARN  server.ServerUtils (ServerUtils.java:getScmDbDir(145)) - ozone.scm.db.dirs is not configured. We recommend adding this setting. Falling back to ozone.metadata.dirs instead.
2019-10-01 13:54:46,046 [main] WARN  events.EventQueue (EventQueue.java:fireEvent(183)) - No event handler registered for event TypedEvent{payloadType=SafeModeStatus, name='SafeModeStatus'}
2019-10-01 13:54:46,046 [main] INFO  ipc.CallQueueManager (CallQueueManager.java:<init>(84)) - Using callQueue: class java.util.concurrent.LinkedBlockingQueue, queueCapacity: 2000, scheduler: class org.apache.hadoop.ipc.DefaultRpcScheduler, ipcBackoff: false.
2019-10-01 13:54:46,047 [Socket Reader #1 for port 43245] INFO  ipc.Server (Server.java:run(1074)) - Starting Socket Reader #1 for port 43245
2019-10-01 13:54:46,050 [main] INFO  ipc.CallQueueManager (CallQueueManager.java:<init>(84)) - Using callQueue: class java.util.concurrent.LinkedBlockingQueue, queueCapacity: 2000, scheduler: class org.apache.hadoop.ipc.DefaultRpcScheduler, ipcBackoff: false.
2019-10-01 13:54:46,050 [Socket Reader #1 for port 43943] INFO  ipc.Server (Server.java:run(1074)) - Starting Socket Reader #1 for port 43943
2019-10-01 13:54:46,052 [main] INFO  ipc.CallQueueManager (CallQueueManager.java:<init>(84)) - Using callQueue: class java.util.concurrent.LinkedBlockingQueue, queueCapacity: 2000, scheduler: class org.apache.hadoop.ipc.DefaultRpcScheduler, ipcBackoff: false.
2019-10-01 13:54:46,053 [Socket Reader #1 for port 44576] INFO  ipc.Server (Server.java:run(1074)) - Starting Socket Reader #1 for port 44576
2019-10-01 13:54:46,055 [main] INFO  hdfs.DFSUtil (DFSUtil.java:httpServerTemplateForNNAndJN(1641)) - Starting Web-server for scm at: http://0.0.0.0:0
2019-10-01 13:54:46,056 [main] INFO  server.AuthenticationFilter (AuthenticationFilter.java:constructSecretProvider(240)) - Unable to initialize FileSignerSecretProvider, falling back to use random secrets.
2019-10-01 13:54:46,057 [main] WARN  http.HttpRequestLog (HttpRequestLog.java:getRequestLog(97)) - Jetty request log can only be enabled using Log4j
2019-10-01 13:54:46,058 [main] INFO  http.HttpServer2 (HttpServer2.java:addGlobalFilter(975)) - Added global filter 'safety' (class=org.apache.hadoop.http.HttpServer2$QuotingInputFilter)
2019-10-01 13:54:46,059 [main] INFO  http.HttpServer2 (HttpServer2.java:addFilter(948)) - Added filter static_user_filter (class=org.apache.hadoop.http.lib.StaticUserWebFilter$StaticUserFilter) to context scm
2019-10-01 13:54:46,059 [main] INFO  http.HttpServer2 (HttpServer2.java:addFilter(958)) - Added filter static_user_filter (class=org.apache.hadoop.http.lib.StaticUserWebFilter$StaticUserFilter) to context logs
2019-10-01 13:54:46,059 [main] INFO  http.HttpServer2 (HttpServer2.java:addFilter(958)) - Added filter static_user_filter (class=org.apache.hadoop.http.lib.StaticUserWebFilter$StaticUserFilter) to context static
2019-10-01 13:54:46,060 [main] INFO  server.StorageContainerManager (StorageContainerManager.java:start(770)) - StorageContainerLocationProtocol RPC server is listening at /0.0.0.0:44576
2019-10-01 13:54:46,062 [main] WARN  impl.MetricsConfig (MetricsConfig.java:loadFirst(134)) - Cannot locate configuration: tried hadoop-metrics2-storagecontainermanager.properties,hadoop-metrics2.properties
2019-10-01 13:54:46,063 [main] INFO  impl.MetricsSystemImpl (MetricsSystemImpl.java:startTimer(374)) - Scheduled Metric snapshot period at 10 second(s).
2019-10-01 13:54:46,063 [main] INFO  impl.MetricsSystemImpl (MetricsSystemImpl.java:start(191)) - StorageContainerManager metrics system started
2019-10-01 13:54:46,164 [main] WARN  impl.MetricsSystemImpl (MetricsSystemImpl.java:register(276)) - Sink prometheus already exists!
2019-10-01 13:54:46,235 [main] INFO  server.SCMClientProtocolServer (SCMClientProtocolServer.java:start(150)) - RPC server for Client  is listening at /0.0.0.0:44576
2019-10-01 13:54:46,236 [IPC Server listener on 44576] INFO  ipc.Server (Server.java:run(1153)) - IPC Server listener on 44576: starting
2019-10-01 13:54:46,236 [IPC Server Responder] INFO  ipc.Server (Server.java:run(1314)) - IPC Server Responder: starting
2019-10-01 13:54:46,240 [main] INFO  server.StorageContainerManager (StorageContainerManager.java:start(780)) - ScmBlockLocationProtocol RPC server is listening at /0.0.0.0:43943
2019-10-01 13:54:46,241 [main] INFO  server.SCMBlockProtocolServer (SCMBlockProtocolServer.java:start(146)) - RPC server for Block Protocol is listening at /0.0.0.0:43943
2019-10-01 13:54:46,241 [IPC Server Responder] INFO  ipc.Server (Server.java:run(1314)) - IPC Server Responder: starting
2019-10-01 13:54:46,241 [IPC Server listener on 43943] INFO  ipc.Server (Server.java:run(1153)) - IPC Server listener on 43943: starting
2019-10-01 13:54:46,246 [main] INFO  server.StorageContainerManager (StorageContainerManager.java:start(784)) - ScmDatanodeProtocl RPC server is listening at /0.0.0.0:43245
2019-10-01 13:54:46,246 [main] INFO  server.SCMDatanodeProtocolServer (SCMDatanodeProtocolServer.java:start(191)) - RPC server for DataNodes is listening at /0.0.0.0:43245
2019-10-01 13:54:46,247 [IPC Server Responder] INFO  ipc.Server (Server.java:run(1314)) - IPC Server Responder: starting
2019-10-01 13:54:46,247 [IPC Server listener on 43245] INFO  ipc.Server (Server.java:run(1153)) - IPC Server listener on 43245: starting
2019-10-01 13:54:46,251 [main] INFO  http.HttpServer2 (HttpServer2.java:bindListener(1191)) - Jetty bound to port 36965
2019-10-01 13:54:46,251 [main] INFO  server.Server (Server.java:doStart(351)) - jetty-9.3.25.v20180904, build timestamp: 2018-09-04T21:11:46Z, git hash: 3ce520221d0240229c862b122d2b06c12a625732
2019-10-01 13:54:46,252 [main] INFO  handler.ContextHandler (ContextHandler.java:doStart(781)) - Started o.e.j.s.ServletContextHandler@33d28f0a{/logs,file:///workdir/hadoop-ozone/integration-test/target/log,AVAILABLE}
2019-10-01 13:54:46,253 [main] INFO  handler.ContextHandler (ContextHandler.java:doStart(781)) - Started o.e.j.s.ServletContextHandler@51e7589f{/static,file:///workdir/hadoop-ozone/integration-test/target/test-classes/webapps/static,AVAILABLE}
2019-10-01 13:54:46,257 [main] INFO  handler.ContextHandler (ContextHandler.java:doStart(781)) - Started o.e.j.w.WebAppContext@2b43f314{/,file:///workdir/hadoop-ozone/integration-test/target/test-classes/webapps/scm/,AVAILABLE}{/scm}
2019-10-01 13:54:46,257 [main] INFO  server.AbstractConnector (AbstractConnector.java:doStart(278)) - Started ServerConnector@3a4a5f3c{HTTP/1.1,[http/1.1]}{0.0.0.0:36965}
2019-10-01 13:54:46,259 [main] INFO  server.Server (Server.java:doStart(419)) - Started @582423ms
2019-10-01 13:54:46,259 [main] WARN  impl.MetricsSystemImpl (MetricsSystemImpl.java:register(276)) - Sink prometheus already exists!
2019-10-01 13:54:46,260 [main] INFO  server.BaseHttpServer (BaseHttpServer.java:updateConnectorAddress(215)) - HTTP server of SCM is listening at http://0.0.0.0:36965
2019-10-01 13:54:46,260 [main] WARN  server.ServerUtils (ServerUtils.java:getDBPath(222)) - ozone.om.db.dirs is not configured. We recommend adding this setting. Falling back to ozone.metadata.dirs instead.
2019-10-01 13:54:46,260 [org.apache.hadoop.util.JvmPauseMonitor$Monitor@586cc15d] INFO  util.JvmPauseMonitor (JvmPauseMonitor.java:run(188)) - Starting JVM pause monitor
2019-10-01 13:54:46,275 [main] WARN  server.ServerUtils (ServerUtils.java:getDBPath(222)) - ozone.om.db.dirs is not configured. We recommend adding this setting. Falling back to ozone.metadata.dirs instead.
2019-10-01 13:54:46,275 [main] WARN  server.ServerUtils (ServerUtils.java:getDBPath(222)) - ozone.om.db.dirs is not configured. We recommend adding this setting. Falling back to ozone.metadata.dirs instead.
2019-10-01 13:54:46,276 [main] INFO  om.OzoneManager (OzoneManager.java:setOMNodeDetails(652)) - OM Service ID is not set. Setting it to the default ID: omServiceIdDefault
2019-10-01 13:54:46,276 [main] INFO  om.OzoneManager (OzoneManager.java:setOMNodeDetails(658)) - OM Node ID is not set. Setting it to the OmStorage's OmID: d84916ba-8fad-4544-a7c9-e7e6b0b6e7e8
2019-10-01 13:54:46,276 [main] INFO  om.OzoneManager (OzoneManager.java:loadOMHAConfigs(609)) - Found matching OM address with OMServiceId: null, OMNodeId: null, RPC Address: localhost:0 and Ratis port: 9872
2019-10-01 13:54:46,284 [main] WARN  server.ServerUtils (ServerUtils.java:getDBPath(222)) - ozone.om.db.dirs is not configured. We recommend adding this setting. Falling back to ozone.metadata.dirs instead.
2019-10-01 13:54:46,284 [main] INFO  db.DBStoreBuilder (DBStoreBuilder.java:addTable(110)) - using custom profile for table: userTable
2019-10-01 13:54:46,284 [main] INFO  db.DBStoreBuilder (DBStoreBuilder.java:processTables(161)) - Using default column profile:DBProfile.DISK for Table:userTable
2019-10-01 13:54:46,285 [main] INFO  db.DBStoreBuilder (DBStoreBuilder.java:addTable(110)) - using custom profile for table: volumeTable
2019-10-01 13:54:46,285 [main] INFO  db.DBStoreBuilder (DBStoreBuilder.java:processTables(161)) - Using default column profile:DBProfile.DISK for Table:volumeTable
2019-10-01 13:54:46,285 [main] INFO  db.DBStoreBuilder (DBStoreBuilder.java:addTable(110)) - using custom profile for table: bucketTable
2019-10-01 13:54:46,285 [main] INFO  db.DBStoreBuilder (DBStoreBuilder.java:processTables(161)) - Using default column profile:DBProfile.DISK for Table:bucketTable
2019-10-01 13:54:46,286 [main] INFO  db.DBStoreBuilder (DBStoreBuilder.java:addTable(110)) - using custom profile for table: keyTable
2019-10-01 13:54:46,286 [main] INFO  db.DBStoreBuilder (DBStoreBuilder.java:processTables(161)) - Using default column profile:DBProfile.DISK for Table:keyTable
2019-10-01 13:54:46,286 [main] INFO  db.DBStoreBuilder (DBStoreBuilder.java:addTable(110)) - using custom profile for table: deletedTable
2019-10-01 13:54:46,286 [main] INFO  db.DBStoreBuilder (DBStoreBuilder.java:processTables(161)) - Using default column profile:DBProfile.DISK for Table:deletedTable
2019-10-01 13:54:46,287 [main] INFO  db.DBStoreBuilder (DBStoreBuilder.java:addTable(110)) - using custom profile for table: openKeyTable
2019-10-01 13:54:46,287 [main] INFO  db.DBStoreBuilder (DBStoreBuilder.java:processTables(161)) - Using default column profile:DBProfile.DISK for Table:openKeyTable
2019-10-01 13:54:46,287 [main] INFO  db.DBStoreBuilder (DBStoreBuilder.java:addTable(110)) - using custom profile for table: s3Table
2019-10-01 13:54:46,287 [main] INFO  db.DBStoreBuilder (DBStoreBuilder.java:processTables(161)) - Using default column profile:DBProfile.DISK for Table:s3Table
2019-10-01 13:54:46,288 [main] INFO  db.DBStoreBuilder (DBStoreBuilder.java:addTable(110)) - using custom profile for table: multipartInfoTable
2019-10-01 13:54:46,288 [main] INFO  db.DBStoreBuilder (DBStoreBuilder.java:processTables(161)) - Using default column profile:DBProfile.DISK for Table:multipartInfoTable
2019-10-01 13:54:46,288 [main] INFO  db.DBStoreBuilder (DBStoreBuilder.java:addTable(110)) - using custom profile for table: dTokenTable
2019-10-01 13:54:46,288 [main] INFO  db.DBStoreBuilder (DBStoreBuilder.java:processTables(161)) - Using default column profile:DBProfile.DISK for Table:dTokenTable
2019-10-01 13:54:46,288 [main] INFO  db.DBStoreBuilder (DBStoreBuilder.java:addTable(110)) - using custom profile for table: s3SecretTable
2019-10-01 13:54:46,289 [main] INFO  db.DBStoreBuilder (DBStoreBuilder.java:processTables(161)) - Using default column profile:DBProfile.DISK for Table:s3SecretTable
2019-10-01 13:54:46,289 [main] INFO  db.DBStoreBuilder (DBStoreBuilder.java:addTable(110)) - using custom profile for table: prefixTable
2019-10-01 13:54:46,289 [main] INFO  db.DBStoreBuilder (DBStoreBuilder.java:processTables(161)) - Using default column profile:DBProfile.DISK for Table:prefixTable
2019-10-01 13:54:46,289 [main] INFO  db.DBStoreBuilder (DBStoreBuilder.java:addTable(110)) - using custom profile for table: default
2019-10-01 13:54:46,290 [main] INFO  db.DBStoreBuilder (DBStoreBuilder.java:processTables(167)) - Using default column profile:DBProfile.DISK for Table:default
2019-10-01 13:54:46,290 [main] INFO  db.DBStoreBuilder (DBStoreBuilder.java:getDbProfile(198)) - Using default options. DBProfile.DISK
2019-10-01 13:54:46,756 [main] INFO  ipc.CallQueueManager (CallQueueManager.java:<init>(84)) - Using callQueue: class java.util.concurrent.LinkedBlockingQueue, queueCapacity: 2000, scheduler: class org.apache.hadoop.ipc.DefaultRpcScheduler, ipcBackoff: false.
2019-10-01 13:54:46,757 [Socket Reader #1 for port 35243] INFO  ipc.Server (Server.java:run(1074)) - Starting Socket Reader #1 for port 35243
2019-10-01 13:54:46,776 [main] INFO  om.OzoneManager (OzoneManager.java:start(1243)) - OzoneManager RPC server is listening at localhost/127.0.0.1:35243
2019-10-01 13:54:46,776 [main] INFO  impl.MetricsSystemImpl (MetricsSystemImpl.java:init(158)) - OzoneManager metrics system started (again)
2019-10-01 13:54:46,777 [IPC Server Responder] INFO  ipc.Server (Server.java:run(1314)) - IPC Server Responder: starting
2019-10-01 13:54:46,777 [IPC Server listener on 35243] INFO  ipc.Server (Server.java:run(1153)) - IPC Server listener on 35243: starting
2019-10-01 13:54:46,784 [main] INFO  hdfs.DFSUtil (DFSUtil.java:httpServerTemplateForNNAndJN(1641)) - Starting Web-server for ozoneManager at: http://0.0.0.0:0
2019-10-01 13:54:46,785 [main] INFO  server.AuthenticationFilter (AuthenticationFilter.java:constructSecretProvider(240)) - Unable to initialize FileSignerSecretProvider, falling back to use random secrets.
2019-10-01 13:54:46,786 [main] WARN  http.HttpRequestLog (HttpRequestLog.java:getRequestLog(97)) - Jetty request log can only be enabled using Log4j
2019-10-01 13:54:46,788 [main] INFO  http.HttpServer2 (HttpServer2.java:addGlobalFilter(975)) - Added global filter 'safety' (class=org.apache.hadoop.http.HttpServer2$QuotingInputFilter)
2019-10-01 13:54:46,789 [main] INFO  http.HttpServer2 (HttpServer2.java:addFilter(948)) - Added filter static_user_filter (class=org.apache.hadoop.http.lib.StaticUserWebFilter$StaticUserFilter) to context ozoneManager
2019-10-01 13:54:46,789 [main] INFO  http.HttpServer2 (HttpServer2.java:addFilter(958)) - Added filter static_user_filter (class=org.apache.hadoop.http.lib.StaticUserWebFilter$StaticUserFilter) to context logs
2019-10-01 13:54:46,789 [main] INFO  http.HttpServer2 (HttpServer2.java:addFilter(958)) - Added filter static_user_filter (class=org.apache.hadoop.http.lib.StaticUserWebFilter$StaticUserFilter) to context static
2019-10-01 13:54:46,790 [main] INFO  http.HttpServer2 (HttpServer2.java:bindListener(1191)) - Jetty bound to port 45709
2019-10-01 13:54:46,790 [main] INFO  server.Server (Server.java:doStart(351)) - jetty-9.3.25.v20180904, build timestamp: 2018-09-04T21:11:46Z, git hash: 3ce520221d0240229c862b122d2b06c12a625732
2019-10-01 13:54:46,792 [main] INFO  handler.ContextHandler (ContextHandler.java:doStart(781)) - Started o.e.j.s.ServletContextHandler@682e422c{/logs,file:///workdir/hadoop-ozone/integration-test/target/log,AVAILABLE}
2019-10-01 13:54:46,793 [main] INFO  handler.ContextHandler (ContextHandler.java:doStart(781)) - Started o.e.j.s.ServletContextHandler@2726a511{/static,file:///workdir/hadoop-ozone/integration-test/target/test-classes/webapps/static,AVAILABLE}
2019-10-01 13:54:46,798 [main] INFO  handler.ContextHandler (ContextHandler.java:doStart(781)) - Started o.e.j.w.WebAppContext@756808cc{/,file:///workdir/hadoop-ozone/integration-test/target/test-classes/webapps/ozoneManager/,AVAILABLE}{/ozoneManager}
2019-10-01 13:54:46,799 [main] INFO  server.AbstractConnector (AbstractConnector.java:doStart(278)) - Started ServerConnector@52f8a6f4{HTTP/1.1,[http/1.1]}{0.0.0.0:45709}
2019-10-01 13:54:46,800 [main] INFO  server.Server (Server.java:doStart(419)) - Started @582964ms
2019-10-01 13:54:46,800 [main] WARN  impl.MetricsSystemImpl (MetricsSystemImpl.java:register(276)) - Sink prometheus already exists!
2019-10-01 13:54:46,801 [main] INFO  server.BaseHttpServer (BaseHttpServer.java:updateConnectorAddress(215)) - HTTP server of OZONEMANAGER is listening at http://0.0.0.0:45709
2019-10-01 13:54:46,821 [main] INFO  impl.MetricsSystemImpl (MetricsSystemImpl.java:init(158)) - HddsDatanode metrics system started (again)
2019-10-01 13:54:46,826 [main] INFO  ozone.HddsDatanodeService (HddsDatanodeService.java:start(184)) - HddsDatanodeService host:pr-hdds-2210-kntbx-3061227707 ip:192.168.164.226
2019-10-01 13:54:46,833 [main] INFO  volume.HddsVolume (HddsVolume.java:<init>(176)) - Creating Volume: /workdir/hadoop-ozone/integration-test/target/test-dir/MiniOzoneClusterImpl-8c479a76-a73b-4552-9aed-a64f66d42b91/datanode-0/data/containers/hdds of  storage type : DISK and capacity : 1482555576320
2019-10-01 13:54:46,834 [main] INFO  volume.VolumeSet (VolumeSet.java:initializeVolumeSet(170)) - Added Volume : /workdir/hadoop-ozone/integration-test/target/test-dir/MiniOzoneClusterImpl-8c479a76-a73b-4552-9aed-a64f66d42b91/datanode-0/data/containers/hdds to VolumeSet
2019-10-01 13:54:46,834 [main] INFO  volume.ThrottledAsyncChecker (ThrottledAsyncChecker.java:schedule(139)) - Scheduling a check for org.apache.hadoop.ozone.container.common.volume.HddsVolume@785ed99c
2019-10-01 13:54:46,835 [main] INFO  volume.HddsVolumeChecker (HddsVolumeChecker.java:checkAllVolumes(202)) - Scheduled health check for volume org.apache.hadoop.ozone.container.common.volume.HddsVolume@785ed99c
2019-10-01 13:54:46,853 [main] INFO  impl.RaftServerProxy (ConfUtils.java:logGet(43)) - raft.rpc.type = GRPC (default)
2019-10-01 13:54:46,853 [main] INFO  grpc.GrpcFactory (GrpcFactory.java:checkPooledByteBufAllocatorUseCacheForAllThreads(45)) - PERFORMANCE WARNING: useCacheForAllThreads is true that may cause Netty to create a lot garbage objects and, as a result, trigger GC.
	It is recommended to disable useCacheForAllThreads by setting -Dorg.apache.ratis.thirdparty.io.netty.allocator.useCacheForAllThreads=false in command line.
2019-10-01 13:54:46,854 [main] INFO  grpc.GrpcConfigKeys$Server (ConfUtils.java:logGet(43)) - raft.grpc.server.port = 0 (default)
2019-10-01 13:54:46,854 [main] INFO  server.GrpcService (ConfUtils.java:logGet(43)) - raft.grpc.message.size.max = 33570816 (custom)
2019-10-01 13:54:46,854 [main] INFO  server.RaftServerConfigKeys (ConfUtils.java:logGet(43)) - raft.server.log.appender.buffer.byte-limit = 33554432 (custom)
2019-10-01 13:54:46,854 [main] INFO  server.GrpcService (ConfUtils.java:logGet(43)) - raft.grpc.flow.control.window = 1MB (=1048576) (default)
2019-10-01 13:54:46,854 [main] INFO  server.RaftServerConfigKeys (ConfUtils.java:logGet(43)) - raft.server.rpc.request.timeout = 3000ms (default)
2019-10-01 13:54:46,855 [main] INFO  server.RaftServerConfigKeys (ConfUtils.java:logGet(43)) - raft.server.storage.dir = [/workdir/hadoop-ozone/integration-test/target/test-dir/MiniOzoneClusterImpl-8c479a76-a73b-4552-9aed-a64f66d42b91/datanode-0/data/ratis] (custom)
2019-10-01 13:54:46,857 [main] INFO  hdfs.DFSUtil (DFSUtil.java:httpServerTemplateForNNAndJN(1641)) - Starting Web-server for hddsDatanode at: http://0.0.0.0:0
2019-10-01 13:54:46,858 [main] INFO  server.AuthenticationFilter (AuthenticationFilter.java:constructSecretProvider(240)) - Unable to initialize FileSignerSecretProvider, falling back to use random secrets.
2019-10-01 13:54:46,858 [main] WARN  http.HttpRequestLog (HttpRequestLog.java:getRequestLog(97)) - Jetty request log can only be enabled using Log4j
2019-10-01 13:54:46,860 [main] INFO  http.HttpServer2 (HttpServer2.java:addGlobalFilter(975)) - Added global filter 'safety' (class=org.apache.hadoop.http.HttpServer2$QuotingInputFilter)
2019-10-01 13:54:46,860 [main] INFO  http.HttpServer2 (HttpServer2.java:addFilter(948)) - Added filter static_user_filter (class=org.apache.hadoop.http.lib.StaticUserWebFilter$StaticUserFilter) to context hddsDatanode
2019-10-01 13:54:46,860 [main] INFO  http.HttpServer2 (HttpServer2.java:addFilter(958)) - Added filter static_user_filter (class=org.apache.hadoop.http.lib.StaticUserWebFilter$StaticUserFilter) to context logs
2019-10-01 13:54:46,860 [main] INFO  http.HttpServer2 (HttpServer2.java:addFilter(958)) - Added filter static_user_filter (class=org.apache.hadoop.http.lib.StaticUserWebFilter$StaticUserFilter) to context static
2019-10-01 13:54:46,861 [main] INFO  http.HttpServer2 (HttpServer2.java:bindListener(1191)) - Jetty bound to port 37314
2019-10-01 13:54:46,861 [main] INFO  server.Server (Server.java:doStart(351)) - jetty-9.3.25.v20180904, build timestamp: 2018-09-04T21:11:46Z, git hash: 3ce520221d0240229c862b122d2b06c12a625732
2019-10-01 13:54:46,863 [main] INFO  handler.ContextHandler (ContextHandler.java:doStart(781)) - Started o.e.j.s.ServletContextHandler@571a663c{/logs,file:///workdir/hadoop-ozone/integration-test/target/log,AVAILABLE}
2019-10-01 13:54:46,863 [main] INFO  handler.ContextHandler (ContextHandler.java:doStart(781)) - Started o.e.j.s.ServletContextHandler@430df350{/static,jar:file:/home/user/.m2/repository/org/apache/hadoop/hadoop-hdds-container-service/0.5.0-SNAPSHOT/hadoop-hdds-container-service-0.5.0-SNAPSHOT.jar!/webapps/static,AVAILABLE}
2019-10-01 13:54:46,899 [main] INFO  handler.ContextHandler (ContextHandler.java:doStart(781)) - Started o.e.j.w.WebAppContext@48e41b5d{/,file:///tmp/jetty-0.0.0.0-37314-hddsDatanode-_-any-4459418788306299707.dir/webapp/,AVAILABLE}{/hddsDatanode}
2019-10-01 13:54:46,899 [main] INFO  server.AbstractConnector (AbstractConnector.java:doStart(278)) - Started ServerConnector@51e8d066{HTTP/1.1,[http/1.1]}{0.0.0.0:37314}
2019-10-01 13:54:46,899 [main] INFO  server.Server (Server.java:doStart(419)) - Started @583064ms
2019-10-01 13:54:46,901 [main] WARN  impl.MetricsSystemImpl (MetricsSystemImpl.java:register(276)) - Sink prometheus already exists!
2019-10-01 13:54:46,901 [main] INFO  server.BaseHttpServer (BaseHttpServer.java:updateConnectorAddress(215)) - HTTP server of HDDSDATANODE is listening at http://0.0.0.0:37314
2019-10-01 13:54:46,902 [main] INFO  impl.MetricsSystemImpl (MetricsSystemImpl.java:init(158)) - HddsDatanode metrics system started (again)
2019-10-01 13:54:46,906 [org.apache.hadoop.util.JvmPauseMonitor$Monitor@6438dcf4] INFO  util.JvmPauseMonitor (JvmPauseMonitor.java:run(188)) - Starting JVM pause monitor
2019-10-01 13:54:46,906 [main] INFO  ozone.HddsDatanodeService (HddsDatanodeService.java:start(184)) - HddsDatanodeService host:pr-hdds-2210-kntbx-3061227707 ip:192.168.164.226
2019-10-01 13:54:46,907 [Datanode State Machine Thread - 0] INFO  datanode.InitDatanodeState (InitDatanodeState.java:persistContainerDatanodeDetails(140)) - DatanodeDetails is persisted to /workdir/hadoop-ozone/integration-test/target/test-dir/MiniOzoneClusterImpl-8c479a76-a73b-4552-9aed-a64f66d42b91/datanode-0/meta/datanode.id
2019-10-01 13:54:46,913 [main] INFO  volume.HddsVolume (HddsVolume.java:<init>(176)) - Creating Volume: /workdir/hadoop-ozone/integration-test/target/test-dir/MiniOzoneClusterImpl-8c479a76-a73b-4552-9aed-a64f66d42b91/datanode-1/data/containers/hdds of  storage type : DISK and capacity : 1482555576320
2019-10-01 13:54:46,913 [main] INFO  volume.VolumeSet (VolumeSet.java:initializeVolumeSet(170)) - Added Volume : /workdir/hadoop-ozone/integration-test/target/test-dir/MiniOzoneClusterImpl-8c479a76-a73b-4552-9aed-a64f66d42b91/datanode-1/data/containers/hdds to VolumeSet
2019-10-01 13:54:46,913 [main] INFO  volume.ThrottledAsyncChecker (ThrottledAsyncChecker.java:schedule(139)) - Scheduling a check for org.apache.hadoop.ozone.container.common.volume.HddsVolume@6fbf5db2
2019-10-01 13:54:46,913 [main] INFO  volume.HddsVolumeChecker (HddsVolumeChecker.java:checkAllVolumes(202)) - Scheduled health check for volume org.apache.hadoop.ozone.container.common.volume.HddsVolume@6fbf5db2
2019-10-01 13:54:46,926 [main] INFO  impl.RaftServerProxy (ConfUtils.java:logGet(43)) - raft.rpc.type = GRPC (default)
2019-10-01 13:54:46,927 [main] INFO  grpc.GrpcFactory (GrpcFactory.java:checkPooledByteBufAllocatorUseCacheForAllThreads(45)) - PERFORMANCE WARNING: useCacheForAllThreads is true that may cause Netty to create a lot garbage objects and, as a result, trigger GC.
	It is recommended to disable useCacheForAllThreads by setting -Dorg.apache.ratis.thirdparty.io.netty.allocator.useCacheForAllThreads=false in command line.
2019-10-01 13:54:46,927 [main] INFO  grpc.GrpcConfigKeys$Server (ConfUtils.java:logGet(43)) - raft.grpc.server.port = 0 (default)
2019-10-01 13:54:46,927 [main] INFO  server.GrpcService (ConfUtils.java:logGet(43)) - raft.grpc.message.size.max = 33570816 (custom)
2019-10-01 13:54:46,927 [main] INFO  server.RaftServerConfigKeys (ConfUtils.java:logGet(43)) - raft.server.log.appender.buffer.byte-limit = 33554432 (custom)
2019-10-01 13:54:46,927 [main] INFO  server.GrpcService (ConfUtils.java:logGet(43)) - raft.grpc.flow.control.window = 1MB (=1048576) (default)
2019-10-01 13:54:46,927 [main] INFO  server.RaftServerConfigKeys (ConfUtils.java:logGet(43)) - raft.server.rpc.request.timeout = 3000ms (default)
2019-10-01 13:54:46,928 [main] INFO  server.RaftServerConfigKeys (ConfUtils.java:logGet(43)) - raft.server.storage.dir = [/workdir/hadoop-ozone/integration-test/target/test-dir/MiniOzoneClusterImpl-8c479a76-a73b-4552-9aed-a64f66d42b91/datanode-1/data/ratis] (custom)
2019-10-01 13:54:46,929 [main] INFO  hdfs.DFSUtil (DFSUtil.java:httpServerTemplateForNNAndJN(1641)) - Starting Web-server for hddsDatanode at: http://0.0.0.0:0
2019-10-01 13:54:46,930 [main] INFO  server.AuthenticationFilter (AuthenticationFilter.java:constructSecretProvider(240)) - Unable to initialize FileSignerSecretProvider, falling back to use random secrets.
2019-10-01 13:54:46,930 [main] WARN  http.HttpRequestLog (HttpRequestLog.java:getRequestLog(97)) - Jetty request log can only be enabled using Log4j
2019-10-01 13:54:46,931 [main] INFO  http.HttpServer2 (HttpServer2.java:addGlobalFilter(975)) - Added global filter 'safety' (class=org.apache.hadoop.http.HttpServer2$QuotingInputFilter)
2019-10-01 13:54:46,931 [main] INFO  http.HttpServer2 (HttpServer2.java:addFilter(948)) - Added filter static_user_filter (class=org.apache.hadoop.http.lib.StaticUserWebFilter$StaticUserFilter) to context hddsDatanode
2019-10-01 13:54:46,931 [main] INFO  http.HttpServer2 (HttpServer2.java:addFilter(958)) - Added filter static_user_filter (class=org.apache.hadoop.http.lib.StaticUserWebFilter$StaticUserFilter) to context static
2019-10-01 13:54:46,932 [main] INFO  http.HttpServer2 (HttpServer2.java:addFilter(958)) - Added filter static_user_filter (class=org.apache.hadoop.http.lib.StaticUserWebFilter$StaticUserFilter) to context logs
2019-10-01 13:54:46,932 [main] INFO  http.HttpServer2 (HttpServer2.java:bindListener(1191)) - Jetty bound to port 45692
2019-10-01 13:54:46,932 [main] INFO  server.Server (Server.java:doStart(351)) - jetty-9.3.25.v20180904, build timestamp: 2018-09-04T21:11:46Z, git hash: 3ce520221d0240229c862b122d2b06c12a625732
2019-10-01 13:54:46,933 [main] INFO  handler.ContextHandler (ContextHandler.java:doStart(781)) - Started o.e.j.s.ServletContextHandler@584ca390{/logs,file:///workdir/hadoop-ozone/integration-test/target/log,AVAILABLE}
2019-10-01 13:54:46,934 [main] INFO  handler.ContextHandler (ContextHandler.java:doStart(781)) - Started o.e.j.s.ServletContextHandler@37d3e140{/static,jar:file:/home/user/.m2/repository/org/apache/hadoop/hadoop-hdds-container-service/0.5.0-SNAPSHOT/hadoop-hdds-container-service-0.5.0-SNAPSHOT.jar!/webapps/static,AVAILABLE}
2019-10-01 13:54:46,960 [main] INFO  handler.ContextHandler (ContextHandler.java:doStart(781)) - Started o.e.j.w.WebAppContext@37775bb1{/,file:///tmp/jetty-0.0.0.0-45692-hddsDatanode-_-any-2654826229111745254.dir/webapp/,AVAILABLE}{/hddsDatanode}
2019-10-01 13:54:46,961 [main] INFO  server.AbstractConnector (AbstractConnector.java:doStart(278)) - Started ServerConnector@7b9e25bd{HTTP/1.1,[http/1.1]}{0.0.0.0:45692}
2019-10-01 13:54:46,961 [main] INFO  server.Server (Server.java:doStart(419)) - Started @583125ms
2019-10-01 13:54:46,962 [main] WARN  impl.MetricsSystemImpl (MetricsSystemImpl.java:register(276)) - Sink prometheus already exists!
2019-10-01 13:54:46,963 [main] INFO  server.BaseHttpServer (BaseHttpServer.java:updateConnectorAddress(215)) - HTTP server of HDDSDATANODE is listening at http://0.0.0.0:45692
2019-10-01 13:54:46,963 [main] INFO  impl.MetricsSystemImpl (MetricsSystemImpl.java:init(158)) - HddsDatanode metrics system started (again)
2019-10-01 13:54:46,967 [main] INFO  ozone.HddsDatanodeService (HddsDatanodeService.java:start(184)) - HddsDatanodeService host:pr-hdds-2210-kntbx-3061227707 ip:192.168.164.226
2019-10-01 13:54:46,967 [org.apache.hadoop.util.JvmPauseMonitor$Monitor@c9102e2] INFO  util.JvmPauseMonitor (JvmPauseMonitor.java:run(188)) - Starting JVM pause monitor
2019-10-01 13:54:46,968 [Datanode State Machine Thread - 0] INFO  datanode.InitDatanodeState (InitDatanodeState.java:persistContainerDatanodeDetails(140)) - DatanodeDetails is persisted to /workdir/hadoop-ozone/integration-test/target/test-dir/MiniOzoneClusterImpl-8c479a76-a73b-4552-9aed-a64f66d42b91/datanode-1/meta/datanode.id
2019-10-01 13:54:46,979 [main] INFO  volume.HddsVolume (HddsVolume.java:<init>(176)) - Creating Volume: /workdir/hadoop-ozone/integration-test/target/test-dir/MiniOzoneClusterImpl-8c479a76-a73b-4552-9aed-a64f66d42b91/datanode-2/data/containers/hdds of  storage type : DISK and capacity : 1482555576320
2019-10-01 13:54:46,979 [main] INFO  volume.VolumeSet (VolumeSet.java:initializeVolumeSet(170)) - Added Volume : /workdir/hadoop-ozone/integration-test/target/test-dir/MiniOzoneClusterImpl-8c479a76-a73b-4552-9aed-a64f66d42b91/datanode-2/data/containers/hdds to VolumeSet
2019-10-01 13:54:46,980 [main] INFO  volume.ThrottledAsyncChecker (ThrottledAsyncChecker.java:schedule(139)) - Scheduling a check for org.apache.hadoop.ozone.container.common.volume.HddsVolume@477523ba
2019-10-01 13:54:46,980 [main] INFO  volume.HddsVolumeChecker (HddsVolumeChecker.java:checkAllVolumes(202)) - Scheduled health check for volume org.apache.hadoop.ozone.container.common.volume.HddsVolume@477523ba
2019-10-01 13:54:46,995 [main] INFO  impl.RaftServerProxy (ConfUtils.java:logGet(43)) - raft.rpc.type = GRPC (default)
2019-10-01 13:54:46,995 [main] INFO  grpc.GrpcFactory (GrpcFactory.java:checkPooledByteBufAllocatorUseCacheForAllThreads(45)) - PERFORMANCE WARNING: useCacheForAllThreads is true that may cause Netty to create a lot garbage objects and, as a result, trigger GC.
	It is recommended to disable useCacheForAllThreads by setting -Dorg.apache.ratis.thirdparty.io.netty.allocator.useCacheForAllThreads=false in command line.
2019-10-01 13:54:46,996 [main] INFO  grpc.GrpcConfigKeys$Server (ConfUtils.java:logGet(43)) - raft.grpc.server.port = 0 (default)
2019-10-01 13:54:46,996 [main] INFO  server.GrpcService (ConfUtils.java:logGet(43)) - raft.grpc.message.size.max = 33570816 (custom)
2019-10-01 13:54:46,996 [main] INFO  server.RaftServerConfigKeys (ConfUtils.java:logGet(43)) - raft.server.log.appender.buffer.byte-limit = 33554432 (custom)
2019-10-01 13:54:46,996 [main] INFO  server.GrpcService (ConfUtils.java:logGet(43)) - raft.grpc.flow.control.window = 1MB (=1048576) (default)
2019-10-01 13:54:46,996 [main] INFO  server.RaftServerConfigKeys (ConfUtils.java:logGet(43)) - raft.server.rpc.request.timeout = 3000ms (default)
2019-10-01 13:54:46,997 [main] INFO  server.RaftServerConfigKeys (ConfUtils.java:logGet(43)) - raft.server.storage.dir = [/workdir/hadoop-ozone/integration-test/target/test-dir/MiniOzoneClusterImpl-8c479a76-a73b-4552-9aed-a64f66d42b91/datanode-2/data/ratis] (custom)
2019-10-01 13:54:46,998 [main] INFO  hdfs.DFSUtil (DFSUtil.java:httpServerTemplateForNNAndJN(1641)) - Starting Web-server for hddsDatanode at: http://0.0.0.0:0
2019-10-01 13:54:47,000 [main] INFO  server.AuthenticationFilter (AuthenticationFilter.java:constructSecretProvider(240)) - Unable to initialize FileSignerSecretProvider, falling back to use random secrets.
2019-10-01 13:54:47,000 [main] WARN  http.HttpRequestLog (HttpRequestLog.java:getRequestLog(97)) - Jetty request log can only be enabled using Log4j
2019-10-01 13:54:47,002 [main] INFO  http.HttpServer2 (HttpServer2.java:addGlobalFilter(975)) - Added global filter 'safety' (class=org.apache.hadoop.http.HttpServer2$QuotingInputFilter)
2019-10-01 13:54:47,002 [main] INFO  http.HttpServer2 (HttpServer2.java:addFilter(948)) - Added filter static_user_filter (class=org.apache.hadoop.http.lib.StaticUserWebFilter$StaticUserFilter) to context hddsDatanode
2019-10-01 13:54:47,002 [main] INFO  http.HttpServer2 (HttpServer2.java:addFilter(958)) - Added filter static_user_filter (class=org.apache.hadoop.http.lib.StaticUserWebFilter$StaticUserFilter) to context logs
2019-10-01 13:54:47,002 [main] INFO  http.HttpServer2 (HttpServer2.java:addFilter(958)) - Added filter static_user_filter (class=org.apache.hadoop.http.lib.StaticUserWebFilter$StaticUserFilter) to context static
2019-10-01 13:54:47,003 [main] INFO  http.HttpServer2 (HttpServer2.java:bindListener(1191)) - Jetty bound to port 41381
2019-10-01 13:54:47,003 [main] INFO  server.Server (Server.java:doStart(351)) - jetty-9.3.25.v20180904, build timestamp: 2018-09-04T21:11:46Z, git hash: 3ce520221d0240229c862b122d2b06c12a625732
2019-10-01 13:54:47,004 [main] INFO  handler.ContextHandler (ContextHandler.java:doStart(781)) - Started o.e.j.s.ServletContextHandler@71531dd7{/logs,file:///workdir/hadoop-ozone/integration-test/target/log,AVAILABLE}
2019-10-01 13:54:47,005 [main] INFO  handler.ContextHandler (ContextHandler.java:doStart(781)) - Started o.e.j.s.ServletContextHandler@624b3544{/static,jar:file:/home/user/.m2/repository/org/apache/hadoop/hadoop-hdds-container-service/0.5.0-SNAPSHOT/hadoop-hdds-container-service-0.5.0-SNAPSHOT.jar!/webapps/static,AVAILABLE}
2019-10-01 13:54:47,035 [main] INFO  handler.ContextHandler (ContextHandler.java:doStart(781)) - Started o.e.j.w.WebAppContext@27f71195{/,file:///tmp/jetty-0.0.0.0-41381-hddsDatanode-_-any-63295829059244125.dir/webapp/,AVAILABLE}{/hddsDatanode}
2019-10-01 13:54:47,035 [main] INFO  server.AbstractConnector (AbstractConnector.java:doStart(278)) - Started ServerConnector@340afaf8{HTTP/1.1,[http/1.1]}{0.0.0.0:41381}
2019-10-01 13:54:47,035 [main] INFO  server.Server (Server.java:doStart(419)) - Started @583200ms
2019-10-01 13:54:47,037 [main] WARN  impl.MetricsSystemImpl (MetricsSystemImpl.java:register(276)) - Sink prometheus already exists!
2019-10-01 13:54:47,038 [main] INFO  server.BaseHttpServer (BaseHttpServer.java:updateConnectorAddress(215)) - HTTP server of HDDSDATANODE is listening at http://0.0.0.0:41381
2019-10-01 13:54:47,038 [main] INFO  impl.MetricsSystemImpl (MetricsSystemImpl.java:init(158)) - HddsDatanode metrics system started (again)
2019-10-01 13:54:47,042 [main] INFO  ozone.HddsDatanodeService (HddsDatanodeService.java:start(184)) - HddsDatanodeService host:pr-hdds-2210-kntbx-3061227707 ip:192.168.164.226
2019-10-01 13:54:47,042 [org.apache.hadoop.util.JvmPauseMonitor$Monitor@4cdddf1c] INFO  util.JvmPauseMonitor (JvmPauseMonitor.java:run(188)) - Starting JVM pause monitor
2019-10-01 13:54:47,044 [Datanode State Machine Thread - 0] INFO  datanode.InitDatanodeState (InitDatanodeState.java:persistContainerDatanodeDetails(140)) - DatanodeDetails is persisted to /workdir/hadoop-ozone/integration-test/target/test-dir/MiniOzoneClusterImpl-8c479a76-a73b-4552-9aed-a64f66d42b91/datanode-2/meta/datanode.id
2019-10-01 13:54:47,049 [main] INFO  volume.HddsVolume (HddsVolume.java:<init>(176)) - Creating Volume: /workdir/hadoop-ozone/integration-test/target/test-dir/MiniOzoneClusterImpl-8c479a76-a73b-4552-9aed-a64f66d42b91/datanode-3/data/containers/hdds of  storage type : DISK and capacity : 1482555576320
2019-10-01 13:54:47,049 [main] INFO  volume.VolumeSet (VolumeSet.java:initializeVolumeSet(170)) - Added Volume : /workdir/hadoop-ozone/integration-test/target/test-dir/MiniOzoneClusterImpl-8c479a76-a73b-4552-9aed-a64f66d42b91/datanode-3/data/containers/hdds to VolumeSet
2019-10-01 13:54:47,050 [main] INFO  volume.ThrottledAsyncChecker (ThrottledAsyncChecker.java:schedule(139)) - Scheduling a check for org.apache.hadoop.ozone.container.common.volume.HddsVolume@2ce524d2
2019-10-01 13:54:47,050 [main] INFO  volume.HddsVolumeChecker (HddsVolumeChecker.java:checkAllVolumes(202)) - Scheduled health check for volume org.apache.hadoop.ozone.container.common.volume.HddsVolume@2ce524d2
2019-10-01 13:54:47,062 [main] INFO  impl.RaftServerProxy (ConfUtils.java:logGet(43)) - raft.rpc.type = GRPC (default)
2019-10-01 13:54:47,062 [main] INFO  grpc.GrpcFactory (GrpcFactory.java:checkPooledByteBufAllocatorUseCacheForAllThreads(45)) - PERFORMANCE WARNING: useCacheForAllThreads is true that may cause Netty to create a lot garbage objects and, as a result, trigger GC.
	It is recommended to disable useCacheForAllThreads by setting -Dorg.apache.ratis.thirdparty.io.netty.allocator.useCacheForAllThreads=false in command line.
2019-10-01 13:54:47,063 [main] INFO  grpc.GrpcConfigKeys$Server (ConfUtils.java:logGet(43)) - raft.grpc.server.port = 0 (default)
2019-10-01 13:54:47,063 [main] INFO  server.GrpcService (ConfUtils.java:logGet(43)) - raft.grpc.message.size.max = 33570816 (custom)
2019-10-01 13:54:47,063 [main] INFO  server.RaftServerConfigKeys (ConfUtils.java:logGet(43)) - raft.server.log.appender.buffer.byte-limit = 33554432 (custom)
2019-10-01 13:54:47,063 [main] INFO  server.GrpcService (ConfUtils.java:logGet(43)) - raft.grpc.flow.control.window = 1MB (=1048576) (default)
2019-10-01 13:54:47,063 [main] INFO  server.RaftServerConfigKeys (ConfUtils.java:logGet(43)) - raft.server.rpc.request.timeout = 3000ms (default)
2019-10-01 13:54:47,064 [main] INFO  server.RaftServerConfigKeys (ConfUtils.java:logGet(43)) - raft.server.storage.dir = [/workdir/hadoop-ozone/integration-test/target/test-dir/MiniOzoneClusterImpl-8c479a76-a73b-4552-9aed-a64f66d42b91/datanode-3/data/ratis] (custom)
2019-10-01 13:54:47,065 [main] INFO  hdfs.DFSUtil (DFSUtil.java:httpServerTemplateForNNAndJN(1641)) - Starting Web-server for hddsDatanode at: http://0.0.0.0:0
2019-10-01 13:54:47,066 [main] INFO  server.AuthenticationFilter (AuthenticationFilter.java:constructSecretProvider(240)) - Unable to initialize FileSignerSecretProvider, falling back to use random secrets.
2019-10-01 13:54:47,066 [main] WARN  http.HttpRequestLog (HttpRequestLog.java:getRequestLog(97)) - Jetty request log can only be enabled using Log4j
2019-10-01 13:54:47,067 [main] INFO  http.HttpServer2 (HttpServer2.java:addGlobalFilter(975)) - Added global filter 'safety' (class=org.apache.hadoop.http.HttpServer2$QuotingInputFilter)
2019-10-01 13:54:47,068 [main] INFO  http.HttpServer2 (HttpServer2.java:addFilter(948)) - Added filter static_user_filter (class=org.apache.hadoop.http.lib.StaticUserWebFilter$StaticUserFilter) to context hddsDatanode
2019-10-01 13:54:47,068 [main] INFO  http.HttpServer2 (HttpServer2.java:addFilter(958)) - Added filter static_user_filter (class=org.apache.hadoop.http.lib.StaticUserWebFilter$StaticUserFilter) to context logs
2019-10-01 13:54:47,068 [main] INFO  http.HttpServer2 (HttpServer2.java:addFilter(958)) - Added filter static_user_filter (class=org.apache.hadoop.http.lib.StaticUserWebFilter$StaticUserFilter) to context static
2019-10-01 13:54:47,069 [main] INFO  http.HttpServer2 (HttpServer2.java:bindListener(1191)) - Jetty bound to port 46308
2019-10-01 13:54:47,069 [main] INFO  server.Server (Server.java:doStart(351)) - jetty-9.3.25.v20180904, build timestamp: 2018-09-04T21:11:46Z, git hash: 3ce520221d0240229c862b122d2b06c12a625732
2019-10-01 13:54:47,070 [main] INFO  handler.ContextHandler (ContextHandler.java:doStart(781)) - Started o.e.j.s.ServletContextHandler@70be89ec{/logs,file:///workdir/hadoop-ozone/integration-test/target/log,AVAILABLE}
2019-10-01 13:54:47,071 [main] INFO  handler.ContextHandler (ContextHandler.java:doStart(781)) - Started o.e.j.s.ServletContextHandler@19a5b637{/static,jar:file:/home/user/.m2/repository/org/apache/hadoop/hadoop-hdds-container-service/0.5.0-SNAPSHOT/hadoop-hdds-container-service-0.5.0-SNAPSHOT.jar!/webapps/static,AVAILABLE}
2019-10-01 13:54:47,097 [main] INFO  handler.ContextHandler (ContextHandler.java:doStart(781)) - Started o.e.j.w.WebAppContext@458031da{/,file:///tmp/jetty-0.0.0.0-46308-hddsDatanode-_-any-8649053174737464462.dir/webapp/,AVAILABLE}{/hddsDatanode}
2019-10-01 13:54:47,098 [main] INFO  server.AbstractConnector (AbstractConnector.java:doStart(278)) - Started ServerConnector@7be94cd6{HTTP/1.1,[http/1.1]}{0.0.0.0:46308}
2019-10-01 13:54:47,099 [main] INFO  server.Server (Server.java:doStart(419)) - Started @583264ms
2019-10-01 13:54:47,100 [main] WARN  impl.MetricsSystemImpl (MetricsSystemImpl.java:register(276)) - Sink prometheus already exists!
2019-10-01 13:54:47,100 [main] INFO  server.BaseHttpServer (BaseHttpServer.java:updateConnectorAddress(215)) - HTTP server of HDDSDATANODE is listening at http://0.0.0.0:46308
2019-10-01 13:54:47,101 [main] INFO  impl.MetricsSystemImpl (MetricsSystemImpl.java:init(158)) - HddsDatanode metrics system started (again)
2019-10-01 13:54:47,105 [org.apache.hadoop.util.JvmPauseMonitor$Monitor@1d0187b0] INFO  util.JvmPauseMonitor (JvmPauseMonitor.java:run(188)) - Starting JVM pause monitor
2019-10-01 13:54:47,106 [main] INFO  ozone.HddsDatanodeService (HddsDatanodeService.java:start(184)) - HddsDatanodeService host:pr-hdds-2210-kntbx-3061227707 ip:192.168.164.226
2019-10-01 13:54:47,107 [Datanode State Machine Thread - 0] INFO  datanode.InitDatanodeState (InitDatanodeState.java:persistContainerDatanodeDetails(140)) - DatanodeDetails is persisted to /workdir/hadoop-ozone/integration-test/target/test-dir/MiniOzoneClusterImpl-8c479a76-a73b-4552-9aed-a64f66d42b91/datanode-3/meta/datanode.id
2019-10-01 13:54:47,113 [main] INFO  volume.HddsVolume (HddsVolume.java:<init>(176)) - Creating Volume: /workdir/hadoop-ozone/integration-test/target/test-dir/MiniOzoneClusterImpl-8c479a76-a73b-4552-9aed-a64f66d42b91/datanode-4/data/containers/hdds of  storage type : DISK and capacity : 1482555576320
2019-10-01 13:54:47,113 [main] INFO  volume.VolumeSet (VolumeSet.java:initializeVolumeSet(170)) - Added Volume : /workdir/hadoop-ozone/integration-test/target/test-dir/MiniOzoneClusterImpl-8c479a76-a73b-4552-9aed-a64f66d42b91/datanode-4/data/containers/hdds to VolumeSet
2019-10-01 13:54:47,114 [main] INFO  volume.ThrottledAsyncChecker (ThrottledAsyncChecker.java:schedule(139)) - Scheduling a check for org.apache.hadoop.ozone.container.common.volume.HddsVolume@9408857
2019-10-01 13:54:47,114 [main] INFO  volume.HddsVolumeChecker (HddsVolumeChecker.java:checkAllVolumes(202)) - Scheduled health check for volume org.apache.hadoop.ozone.container.common.volume.HddsVolume@9408857
2019-10-01 13:54:47,130 [main] INFO  impl.RaftServerProxy (ConfUtils.java:logGet(43)) - raft.rpc.type = GRPC (default)
2019-10-01 13:54:47,130 [main] INFO  grpc.GrpcFactory (GrpcFactory.java:checkPooledByteBufAllocatorUseCacheForAllThreads(45)) - PERFORMANCE WARNING: useCacheForAllThreads is true that may cause Netty to create a lot garbage objects and, as a result, trigger GC.
	It is recommended to disable useCacheForAllThreads by setting -Dorg.apache.ratis.thirdparty.io.netty.allocator.useCacheForAllThreads=false in command line.
2019-10-01 13:54:47,131 [main] INFO  grpc.GrpcConfigKeys$Server (ConfUtils.java:logGet(43)) - raft.grpc.server.port = 0 (default)
2019-10-01 13:54:47,131 [main] INFO  server.GrpcService (ConfUtils.java:logGet(43)) - raft.grpc.message.size.max = 33570816 (custom)
2019-10-01 13:54:47,131 [main] INFO  server.RaftServerConfigKeys (ConfUtils.java:logGet(43)) - raft.server.log.appender.buffer.byte-limit = 33554432 (custom)
2019-10-01 13:54:47,131 [main] INFO  server.GrpcService (ConfUtils.java:logGet(43)) - raft.grpc.flow.control.window = 1MB (=1048576) (default)
2019-10-01 13:54:47,132 [main] INFO  server.RaftServerConfigKeys (ConfUtils.java:logGet(43)) - raft.server.rpc.request.timeout = 3000ms (default)
2019-10-01 13:54:47,132 [main] INFO  server.RaftServerConfigKeys (ConfUtils.java:logGet(43)) - raft.server.storage.dir = [/workdir/hadoop-ozone/integration-test/target/test-dir/MiniOzoneClusterImpl-8c479a76-a73b-4552-9aed-a64f66d42b91/datanode-4/data/ratis] (custom)
2019-10-01 13:54:47,134 [main] INFO  hdfs.DFSUtil (DFSUtil.java:httpServerTemplateForNNAndJN(1641)) - Starting Web-server for hddsDatanode at: http://0.0.0.0:0
2019-10-01 13:54:47,135 [main] INFO  server.AuthenticationFilter (AuthenticationFilter.java:constructSecretProvider(240)) - Unable to initialize FileSignerSecretProvider, falling back to use random secrets.
2019-10-01 13:54:47,135 [main] WARN  http.HttpRequestLog (HttpRequestLog.java:getRequestLog(97)) - Jetty request log can only be enabled using Log4j
2019-10-01 13:54:47,137 [main] INFO  http.HttpServer2 (HttpServer2.java:addGlobalFilter(975)) - Added global filter 'safety' (class=org.apache.hadoop.http.HttpServer2$QuotingInputFilter)
2019-10-01 13:54:47,137 [main] INFO  http.HttpServer2 (HttpServer2.java:addFilter(948)) - Added filter static_user_filter (class=org.apache.hadoop.http.lib.StaticUserWebFilter$StaticUserFilter) to context hddsDatanode
2019-10-01 13:54:47,137 [main] INFO  http.HttpServer2 (HttpServer2.java:addFilter(958)) - Added filter static_user_filter (class=org.apache.hadoop.http.lib.StaticUserWebFilter$StaticUserFilter) to context logs
2019-10-01 13:54:47,137 [main] INFO  http.HttpServer2 (HttpServer2.java:addFilter(958)) - Added filter static_user_filter (class=org.apache.hadoop.http.lib.StaticUserWebFilter$StaticUserFilter) to context static
2019-10-01 13:54:47,138 [main] INFO  http.HttpServer2 (HttpServer2.java:bindListener(1191)) - Jetty bound to port 42786
2019-10-01 13:54:47,138 [main] INFO  server.Server (Server.java:doStart(351)) - jetty-9.3.25.v20180904, build timestamp: 2018-09-04T21:11:46Z, git hash: 3ce520221d0240229c862b122d2b06c12a625732
2019-10-01 13:54:47,139 [main] INFO  handler.ContextHandler (ContextHandler.java:doStart(781)) - Started o.e.j.s.ServletContextHandler@597d48ca{/logs,file:///workdir/hadoop-ozone/integration-test/target/log,AVAILABLE}
2019-10-01 13:54:47,140 [main] INFO  handler.ContextHandler (ContextHandler.java:doStart(781)) - Started o.e.j.s.ServletContextHandler@2c7c0e36{/static,jar:file:/home/user/.m2/repository/org/apache/hadoop/hadoop-hdds-container-service/0.5.0-SNAPSHOT/hadoop-hdds-container-service-0.5.0-SNAPSHOT.jar!/webapps/static,AVAILABLE}
2019-10-01 13:54:47,170 [main] INFO  handler.ContextHandler (ContextHandler.java:doStart(781)) - Started o.e.j.w.WebAppContext@123307c4{/,file:///tmp/jetty-0.0.0.0-42786-hddsDatanode-_-any-3825872344991107325.dir/webapp/,AVAILABLE}{/hddsDatanode}
2019-10-01 13:54:47,170 [main] INFO  server.AbstractConnector (AbstractConnector.java:doStart(278)) - Started ServerConnector@1693ff90{HTTP/1.1,[http/1.1]}{0.0.0.0:42786}
2019-10-01 13:54:47,171 [main] INFO  server.Server (Server.java:doStart(419)) - Started @583335ms
2019-10-01 13:54:47,172 [main] WARN  impl.MetricsSystemImpl (MetricsSystemImpl.java:register(276)) - Sink prometheus already exists!
2019-10-01 13:54:47,173 [main] INFO  server.BaseHttpServer (BaseHttpServer.java:updateConnectorAddress(215)) - HTTP server of HDDSDATANODE is listening at http://0.0.0.0:42786
2019-10-01 13:54:47,173 [main] INFO  impl.MetricsSystemImpl (MetricsSystemImpl.java:init(158)) - HddsDatanode metrics system started (again)
2019-10-01 13:54:47,178 [org.apache.hadoop.util.JvmPauseMonitor$Monitor@75fcbe25] INFO  util.JvmPauseMonitor (JvmPauseMonitor.java:run(188)) - Starting JVM pause monitor
2019-10-01 13:54:47,178 [main] INFO  ozone.HddsDatanodeService (HddsDatanodeService.java:start(184)) - HddsDatanodeService host:pr-hdds-2210-kntbx-3061227707 ip:192.168.164.226
2019-10-01 13:54:47,179 [Datanode State Machine Thread - 0] INFO  datanode.InitDatanodeState (InitDatanodeState.java:persistContainerDatanodeDetails(140)) - DatanodeDetails is persisted to /workdir/hadoop-ozone/integration-test/target/test-dir/MiniOzoneClusterImpl-8c479a76-a73b-4552-9aed-a64f66d42b91/datanode-4/meta/datanode.id
2019-10-01 13:54:47,185 [main] INFO  volume.HddsVolume (HddsVolume.java:<init>(176)) - Creating Volume: /workdir/hadoop-ozone/integration-test/target/test-dir/MiniOzoneClusterImpl-8c479a76-a73b-4552-9aed-a64f66d42b91/datanode-5/data/containers/hdds of  storage type : DISK and capacity : 1482555576320
2019-10-01 13:54:47,185 [main] INFO  volume.VolumeSet (VolumeSet.java:initializeVolumeSet(170)) - Added Volume : /workdir/hadoop-ozone/integration-test/target/test-dir/MiniOzoneClusterImpl-8c479a76-a73b-4552-9aed-a64f66d42b91/datanode-5/data/containers/hdds to VolumeSet
2019-10-01 13:54:47,185 [main] INFO  volume.ThrottledAsyncChecker (ThrottledAsyncChecker.java:schedule(139)) - Scheduling a check for org.apache.hadoop.ozone.container.common.volume.HddsVolume@6ce26986
2019-10-01 13:54:47,186 [main] INFO  volume.HddsVolumeChecker (HddsVolumeChecker.java:checkAllVolumes(202)) - Scheduled health check for volume org.apache.hadoop.ozone.container.common.volume.HddsVolume@6ce26986
2019-10-01 13:54:47,199 [main] INFO  impl.RaftServerProxy (ConfUtils.java:logGet(43)) - raft.rpc.type = GRPC (default)
2019-10-01 13:54:47,200 [main] INFO  grpc.GrpcFactory (GrpcFactory.java:checkPooledByteBufAllocatorUseCacheForAllThreads(45)) - PERFORMANCE WARNING: useCacheForAllThreads is true that may cause Netty to create a lot garbage objects and, as a result, trigger GC.
	It is recommended to disable useCacheForAllThreads by setting -Dorg.apache.ratis.thirdparty.io.netty.allocator.useCacheForAllThreads=false in command line.
2019-10-01 13:54:47,200 [main] INFO  grpc.GrpcConfigKeys$Server (ConfUtils.java:logGet(43)) - raft.grpc.server.port = 0 (default)
2019-10-01 13:54:47,200 [main] INFO  server.GrpcService (ConfUtils.java:logGet(43)) - raft.grpc.message.size.max = 33570816 (custom)
2019-10-01 13:54:47,200 [main] INFO  server.RaftServerConfigKeys (ConfUtils.java:logGet(43)) - raft.server.log.appender.buffer.byte-limit = 33554432 (custom)
2019-10-01 13:54:47,200 [main] INFO  server.GrpcService (ConfUtils.java:logGet(43)) - raft.grpc.flow.control.window = 1MB (=1048576) (default)
2019-10-01 13:54:47,201 [main] INFO  server.RaftServerConfigKeys (ConfUtils.java:logGet(43)) - raft.server.rpc.request.timeout = 3000ms (default)
2019-10-01 13:54:47,201 [main] INFO  server.RaftServerConfigKeys (ConfUtils.java:logGet(43)) - raft.server.storage.dir = [/workdir/hadoop-ozone/integration-test/target/test-dir/MiniOzoneClusterImpl-8c479a76-a73b-4552-9aed-a64f66d42b91/datanode-5/data/ratis] (custom)
2019-10-01 13:54:47,202 [main] INFO  hdfs.DFSUtil (DFSUtil.java:httpServerTemplateForNNAndJN(1641)) - Starting Web-server for hddsDatanode at: http://0.0.0.0:0
2019-10-01 13:54:47,203 [main] INFO  server.AuthenticationFilter (AuthenticationFilter.java:constructSecretProvider(240)) - Unable to initialize FileSignerSecretProvider, falling back to use random secrets.
2019-10-01 13:54:47,204 [main] WARN  http.HttpRequestLog (HttpRequestLog.java:getRequestLog(97)) - Jetty request log can only be enabled using Log4j
2019-10-01 13:54:47,205 [main] INFO  http.HttpServer2 (HttpServer2.java:addGlobalFilter(975)) - Added global filter 'safety' (class=org.apache.hadoop.http.HttpServer2$QuotingInputFilter)
2019-10-01 13:54:47,205 [main] INFO  http.HttpServer2 (HttpServer2.java:addFilter(948)) - Added filter static_user_filter (class=org.apache.hadoop.http.lib.StaticUserWebFilter$StaticUserFilter) to context hddsDatanode
2019-10-01 13:54:47,205 [main] INFO  http.HttpServer2 (HttpServer2.java:addFilter(958)) - Added filter static_user_filter (class=org.apache.hadoop.http.lib.StaticUserWebFilter$StaticUserFilter) to context logs
2019-10-01 13:54:47,205 [main] INFO  http.HttpServer2 (HttpServer2.java:addFilter(958)) - Added filter static_user_filter (class=org.apache.hadoop.http.lib.StaticUserWebFilter$StaticUserFilter) to context static
2019-10-01 13:54:47,206 [main] INFO  http.HttpServer2 (HttpServer2.java:bindListener(1191)) - Jetty bound to port 33031
2019-10-01 13:54:47,206 [main] INFO  server.Server (Server.java:doStart(351)) - jetty-9.3.25.v20180904, build timestamp: 2018-09-04T21:11:46Z, git hash: 3ce520221d0240229c862b122d2b06c12a625732
2019-10-01 13:54:47,207 [main] INFO  handler.ContextHandler (ContextHandler.java:doStart(781)) - Started o.e.j.s.ServletContextHandler@39f0c343{/logs,file:///workdir/hadoop-ozone/integration-test/target/log,AVAILABLE}
2019-10-01 13:54:47,208 [main] INFO  handler.ContextHandler (ContextHandler.java:doStart(781)) - Started o.e.j.s.ServletContextHandler@2abc55c4{/static,jar:file:/home/user/.m2/repository/org/apache/hadoop/hadoop-hdds-container-service/0.5.0-SNAPSHOT/hadoop-hdds-container-service-0.5.0-SNAPSHOT.jar!/webapps/static,AVAILABLE}
2019-10-01 13:54:47,234 [main] INFO  handler.ContextHandler (ContextHandler.java:doStart(781)) - Started o.e.j.w.WebAppContext@10ed037a{/,file:///tmp/jetty-0.0.0.0-33031-hddsDatanode-_-any-6669440792642760328.dir/webapp/,AVAILABLE}{/hddsDatanode}
2019-10-01 13:54:47,235 [main] INFO  server.AbstractConnector (AbstractConnector.java:doStart(278)) - Started ServerConnector@76e4212{HTTP/1.1,[http/1.1]}{0.0.0.0:33031}
2019-10-01 13:54:47,235 [main] INFO  server.Server (Server.java:doStart(419)) - Started @583399ms
2019-10-01 13:54:47,237 [main] WARN  impl.MetricsSystemImpl (MetricsSystemImpl.java:register(276)) - Sink prometheus already exists!
2019-10-01 13:54:47,237 [main] INFO  server.BaseHttpServer (BaseHttpServer.java:updateConnectorAddress(215)) - HTTP server of HDDSDATANODE is listening at http://0.0.0.0:33031
2019-10-01 13:54:47,237 [main] INFO  impl.MetricsSystemImpl (MetricsSystemImpl.java:init(158)) - HddsDatanode metrics system started (again)
2019-10-01 13:54:47,243 [org.apache.hadoop.util.JvmPauseMonitor$Monitor@7d848c08] INFO  util.JvmPauseMonitor (JvmPauseMonitor.java:run(188)) - Starting JVM pause monitor
2019-10-01 13:54:47,243 [main] INFO  ozone.HddsDatanodeService (HddsDatanodeService.java:start(184)) - HddsDatanodeService host:pr-hdds-2210-kntbx-3061227707 ip:192.168.164.226
2019-10-01 13:54:47,244 [Datanode State Machine Thread - 0] INFO  datanode.InitDatanodeState (InitDatanodeState.java:persistContainerDatanodeDetails(140)) - DatanodeDetails is persisted to /workdir/hadoop-ozone/integration-test/target/test-dir/MiniOzoneClusterImpl-8c479a76-a73b-4552-9aed-a64f66d42b91/datanode-5/meta/datanode.id
2019-10-01 13:54:47,249 [main] INFO  volume.HddsVolume (HddsVolume.java:<init>(176)) - Creating Volume: /workdir/hadoop-ozone/integration-test/target/test-dir/MiniOzoneClusterImpl-8c479a76-a73b-4552-9aed-a64f66d42b91/datanode-6/data/containers/hdds of  storage type : DISK and capacity : 1482555576320
2019-10-01 13:54:47,250 [main] INFO  volume.VolumeSet (VolumeSet.java:initializeVolumeSet(170)) - Added Volume : /workdir/hadoop-ozone/integration-test/target/test-dir/MiniOzoneClusterImpl-8c479a76-a73b-4552-9aed-a64f66d42b91/datanode-6/data/containers/hdds to VolumeSet
2019-10-01 13:54:47,250 [main] INFO  volume.ThrottledAsyncChecker (ThrottledAsyncChecker.java:schedule(139)) - Scheduling a check for org.apache.hadoop.ozone.container.common.volume.HddsVolume@798cf6d2
2019-10-01 13:54:47,250 [main] INFO  volume.HddsVolumeChecker (HddsVolumeChecker.java:checkAllVolumes(202)) - Scheduled health check for volume org.apache.hadoop.ozone.container.common.volume.HddsVolume@798cf6d2
2019-10-01 13:54:47,262 [main] INFO  impl.RaftServerProxy (ConfUtils.java:logGet(43)) - raft.rpc.type = GRPC (default)
2019-10-01 13:54:47,263 [main] INFO  grpc.GrpcFactory (GrpcFactory.java:checkPooledByteBufAllocatorUseCacheForAllThreads(45)) - PERFORMANCE WARNING: useCacheForAllThreads is true that may cause Netty to create a lot garbage objects and, as a result, trigger GC.
	It is recommended to disable useCacheForAllThreads by setting -Dorg.apache.ratis.thirdparty.io.netty.allocator.useCacheForAllThreads=false in command line.
2019-10-01 13:54:47,263 [main] INFO  grpc.GrpcConfigKeys$Server (ConfUtils.java:logGet(43)) - raft.grpc.server.port = 0 (default)
2019-10-01 13:54:47,263 [main] INFO  server.GrpcService (ConfUtils.java:logGet(43)) - raft.grpc.message.size.max = 33570816 (custom)
2019-10-01 13:54:47,263 [main] INFO  server.RaftServerConfigKeys (ConfUtils.java:logGet(43)) - raft.server.log.appender.buffer.byte-limit = 33554432 (custom)
2019-10-01 13:54:47,263 [main] INFO  server.GrpcService (ConfUtils.java:logGet(43)) - raft.grpc.flow.control.window = 1MB (=1048576) (default)
2019-10-01 13:54:47,264 [main] INFO  server.RaftServerConfigKeys (ConfUtils.java:logGet(43)) - raft.server.rpc.request.timeout = 3000ms (default)
2019-10-01 13:54:47,264 [main] INFO  server.RaftServerConfigKeys (ConfUtils.java:logGet(43)) - raft.server.storage.dir = [/workdir/hadoop-ozone/integration-test/target/test-dir/MiniOzoneClusterImpl-8c479a76-a73b-4552-9aed-a64f66d42b91/datanode-6/data/ratis] (custom)
2019-10-01 13:54:47,265 [main] INFO  hdfs.DFSUtil (DFSUtil.java:httpServerTemplateForNNAndJN(1641)) - Starting Web-server for hddsDatanode at: http://0.0.0.0:0
2019-10-01 13:54:47,266 [main] INFO  server.AuthenticationFilter (AuthenticationFilter.java:constructSecretProvider(240)) - Unable to initialize FileSignerSecretProvider, falling back to use random secrets.
2019-10-01 13:54:47,266 [main] WARN  http.HttpRequestLog (HttpRequestLog.java:getRequestLog(97)) - Jetty request log can only be enabled using Log4j
2019-10-01 13:54:47,267 [main] INFO  http.HttpServer2 (HttpServer2.java:addGlobalFilter(975)) - Added global filter 'safety' (class=org.apache.hadoop.http.HttpServer2$QuotingInputFilter)
2019-10-01 13:54:47,268 [main] INFO  http.HttpServer2 (HttpServer2.java:addFilter(948)) - Added filter static_user_filter (class=org.apache.hadoop.http.lib.StaticUserWebFilter$StaticUserFilter) to context hddsDatanode
2019-10-01 13:54:47,268 [main] INFO  http.HttpServer2 (HttpServer2.java:addFilter(958)) - Added filter static_user_filter (class=org.apache.hadoop.http.lib.StaticUserWebFilter$StaticUserFilter) to context logs
2019-10-01 13:54:47,268 [main] INFO  http.HttpServer2 (HttpServer2.java:addFilter(958)) - Added filter static_user_filter (class=org.apache.hadoop.http.lib.StaticUserWebFilter$StaticUserFilter) to context static
2019-10-01 13:54:47,269 [main] INFO  http.HttpServer2 (HttpServer2.java:bindListener(1191)) - Jetty bound to port 38884
2019-10-01 13:54:47,269 [main] INFO  server.Server (Server.java:doStart(351)) - jetty-9.3.25.v20180904, build timestamp: 2018-09-04T21:11:46Z, git hash: 3ce520221d0240229c862b122d2b06c12a625732
2019-10-01 13:54:47,270 [main] INFO  handler.ContextHandler (ContextHandler.java:doStart(781)) - Started o.e.j.s.ServletContextHandler@204d9edf{/logs,file:///workdir/hadoop-ozone/integration-test/target/log,AVAILABLE}
2019-10-01 13:54:47,271 [main] INFO  handler.ContextHandler (ContextHandler.java:doStart(781)) - Started o.e.j.s.ServletContextHandler@50cbcca7{/static,jar:file:/home/user/.m2/repository/org/apache/hadoop/hadoop-hdds-container-service/0.5.0-SNAPSHOT/hadoop-hdds-container-service-0.5.0-SNAPSHOT.jar!/webapps/static,AVAILABLE}
2019-10-01 13:54:47,300 [main] INFO  handler.ContextHandler (ContextHandler.java:doStart(781)) - Started o.e.j.w.WebAppContext@625487a6{/,file:///tmp/jetty-0.0.0.0-38884-hddsDatanode-_-any-3696220290121835976.dir/webapp/,AVAILABLE}{/hddsDatanode}
2019-10-01 13:54:47,300 [main] INFO  server.AbstractConnector (AbstractConnector.java:doStart(278)) - Started ServerConnector@682e445e{HTTP/1.1,[http/1.1]}{0.0.0.0:38884}
2019-10-01 13:54:47,306 [main] INFO  server.Server (Server.java:doStart(419)) - Started @583465ms
2019-10-01 13:54:47,307 [main] WARN  impl.MetricsSystemImpl (MetricsSystemImpl.java:register(276)) - Sink prometheus already exists!
2019-10-01 13:54:47,307 [main] INFO  server.BaseHttpServer (BaseHttpServer.java:updateConnectorAddress(215)) - HTTP server of HDDSDATANODE is listening at http://0.0.0.0:38884
2019-10-01 13:54:47,308 [main] INFO  ozone.MiniOzoneClusterImpl (MiniOzoneClusterImpl.java:lambda$waitForClusterToBeReady$0(147)) - Waiting for cluster to be ready. Got 0 of 7 DN Heartbeats.
2019-10-01 13:54:47,308 [org.apache.hadoop.util.JvmPauseMonitor$Monitor@21eb587f] INFO  util.JvmPauseMonitor (JvmPauseMonitor.java:run(188)) - Starting JVM pause monitor
2019-10-01 13:54:47,309 [Datanode State Machine Thread - 0] INFO  datanode.InitDatanodeState (InitDatanodeState.java:persistContainerDatanodeDetails(140)) - DatanodeDetails is persisted to /workdir/hadoop-ozone/integration-test/target/test-dir/MiniOzoneClusterImpl-8c479a76-a73b-4552-9aed-a64f66d42b91/datanode-6/meta/datanode.id
2019-10-01 13:54:48,308 [main] INFO  ozone.MiniOzoneClusterImpl (MiniOzoneClusterImpl.java:lambda$waitForClusterToBeReady$0(147)) - Waiting for cluster to be ready. Got 0 of 7 DN Heartbeats.
2019-10-01 13:54:48,959 [Datanode State Machine Thread - 0] INFO  ozoneimpl.OzoneContainer (OzoneContainer.java:start(217)) - Attempting to start container services.
2019-10-01 13:54:48,959 [Datanode State Machine Thread - 0] INFO  ozoneimpl.OzoneContainer (OzoneContainer.java:startContainerScrub(179)) - Background container scanner has been disabled.
2019-10-01 13:54:48,960 [Datanode State Machine Thread - 0] INFO  ratis.XceiverServerRatis (XceiverServerRatis.java:start(417)) - Starting XceiverServerRatis b5392421-db4e-4369-9727-29aa9ab96bd9 at port 0
2019-10-01 13:54:48,970 [Datanode State Machine Thread - 0] INFO  impl.RaftServerProxy (RaftServerProxy.java:lambda$start$3(299)) - b5392421-db4e-4369-9727-29aa9ab96bd9: start RPC server
2019-10-01 13:54:48,974 [Datanode State Machine Thread - 0] INFO  server.GrpcService (GrpcService.java:startImpl(158)) - b5392421-db4e-4369-9727-29aa9ab96bd9: GrpcService started, listening on 0.0.0.0/0.0.0.0:43829
2019-10-01 13:54:48,974 [Datanode State Machine Thread - 0] INFO  ratis.XceiverServerRatis (XceiverServerRatis.java:start(427)) - XceiverServerRatis b5392421-db4e-4369-9727-29aa9ab96bd9 is started using port 43829
2019-10-01 13:54:48,975 [Datanode State Machine Thread - 0] INFO  server.XceiverServerGrpc (XceiverServerGrpc.java:start(149)) - XceiverServerGrpc b5392421-db4e-4369-9727-29aa9ab96bd9 is started using port 46431
2019-10-01 13:54:48,982 [Datanode State Machine Thread - 0] INFO  ozoneimpl.OzoneContainer (OzoneContainer.java:start(217)) - Attempting to start container services.
2019-10-01 13:54:48,982 [Datanode State Machine Thread - 0] INFO  ozoneimpl.OzoneContainer (OzoneContainer.java:startContainerScrub(179)) - Background container scanner has been disabled.
2019-10-01 13:54:48,982 [Datanode State Machine Thread - 0] INFO  ratis.XceiverServerRatis (XceiverServerRatis.java:start(417)) - Starting XceiverServerRatis fc819ada-e5e1-4ee1-965d-05fb716885e8 at port 0
2019-10-01 13:54:48,989 [Datanode State Machine Thread - 0] INFO  impl.RaftServerProxy (RaftServerProxy.java:lambda$start$3(299)) - fc819ada-e5e1-4ee1-965d-05fb716885e8: start RPC server
2019-10-01 13:54:48,991 [Datanode State Machine Thread - 0] INFO  server.GrpcService (GrpcService.java:startImpl(158)) - fc819ada-e5e1-4ee1-965d-05fb716885e8: GrpcService started, listening on 0.0.0.0/0.0.0.0:39631
2019-10-01 13:54:48,991 [Datanode State Machine Thread - 0] INFO  ratis.XceiverServerRatis (XceiverServerRatis.java:start(427)) - XceiverServerRatis fc819ada-e5e1-4ee1-965d-05fb716885e8 is started using port 39631
2019-10-01 13:54:48,991 [Datanode State Machine Thread - 0] INFO  server.XceiverServerGrpc (XceiverServerGrpc.java:start(149)) - XceiverServerGrpc fc819ada-e5e1-4ee1-965d-05fb716885e8 is started using port 46068
2019-10-01 13:54:49,057 [Datanode State Machine Thread - 0] INFO  ozoneimpl.OzoneContainer (OzoneContainer.java:start(217)) - Attempting to start container services.
2019-10-01 13:54:49,057 [Datanode State Machine Thread - 0] INFO  ozoneimpl.OzoneContainer (OzoneContainer.java:startContainerScrub(179)) - Background container scanner has been disabled.
2019-10-01 13:54:49,057 [Datanode State Machine Thread - 0] INFO  ratis.XceiverServerRatis (XceiverServerRatis.java:start(417)) - Starting XceiverServerRatis 76e35fbb-b42a-43d6-8a13-99c6ae7009f1 at port 0
2019-10-01 13:54:49,065 [Datanode State Machine Thread - 0] INFO  impl.RaftServerProxy (RaftServerProxy.java:lambda$start$3(299)) - 76e35fbb-b42a-43d6-8a13-99c6ae7009f1: start RPC server
2019-10-01 13:54:49,067 [Datanode State Machine Thread - 0] INFO  server.GrpcService (GrpcService.java:startImpl(158)) - 76e35fbb-b42a-43d6-8a13-99c6ae7009f1: GrpcService started, listening on 0.0.0.0/0.0.0.0:41239
2019-10-01 13:54:49,067 [Datanode State Machine Thread - 0] INFO  ratis.XceiverServerRatis (XceiverServerRatis.java:start(427)) - XceiverServerRatis 76e35fbb-b42a-43d6-8a13-99c6ae7009f1 is started using port 41239
2019-10-01 13:54:49,068 [Datanode State Machine Thread - 0] INFO  server.XceiverServerGrpc (XceiverServerGrpc.java:start(149)) - XceiverServerGrpc 76e35fbb-b42a-43d6-8a13-99c6ae7009f1 is started using port 37374
2019-10-01 13:54:49,118 [Datanode State Machine Thread - 0] INFO  ozoneimpl.OzoneContainer (OzoneContainer.java:start(217)) - Attempting to start container services.
2019-10-01 13:54:49,119 [Datanode State Machine Thread - 0] INFO  ozoneimpl.OzoneContainer (OzoneContainer.java:startContainerScrub(179)) - Background container scanner has been disabled.
2019-10-01 13:54:49,119 [Datanode State Machine Thread - 0] INFO  ratis.XceiverServerRatis (XceiverServerRatis.java:start(417)) - Starting XceiverServerRatis 8f1e37da-9a41-4be3-8e97-3c1ce31c4ce7 at port 0
2019-10-01 13:54:49,126 [Datanode State Machine Thread - 0] INFO  impl.RaftServerProxy (RaftServerProxy.java:lambda$start$3(299)) - 8f1e37da-9a41-4be3-8e97-3c1ce31c4ce7: start RPC server
2019-10-01 13:54:49,148 [Datanode State Machine Thread - 0] INFO  server.GrpcService (GrpcService.java:startImpl(158)) - 8f1e37da-9a41-4be3-8e97-3c1ce31c4ce7: GrpcService started, listening on 0.0.0.0/0.0.0.0:34807
2019-10-01 13:54:49,148 [Datanode State Machine Thread - 0] INFO  ratis.XceiverServerRatis (XceiverServerRatis.java:start(427)) - XceiverServerRatis 8f1e37da-9a41-4be3-8e97-3c1ce31c4ce7 is started using port 34807
2019-10-01 13:54:49,149 [Datanode State Machine Thread - 0] INFO  server.XceiverServerGrpc (XceiverServerGrpc.java:start(149)) - XceiverServerGrpc 8f1e37da-9a41-4be3-8e97-3c1ce31c4ce7 is started using port 41291
2019-10-01 13:54:49,191 [Datanode State Machine Thread - 0] INFO  ozoneimpl.OzoneContainer (OzoneContainer.java:start(217)) - Attempting to start container services.
2019-10-01 13:54:49,191 [Datanode State Machine Thread - 0] INFO  ozoneimpl.OzoneContainer (OzoneContainer.java:startContainerScrub(179)) - Background container scanner has been disabled.
2019-10-01 13:54:49,191 [Datanode State Machine Thread - 0] INFO  ratis.XceiverServerRatis (XceiverServerRatis.java:start(417)) - Starting XceiverServerRatis 7a6ea145-8a02-4a57-83fc-31fd93eebedd at port 0
2019-10-01 13:54:49,199 [Datanode State Machine Thread - 0] INFO  impl.RaftServerProxy (RaftServerProxy.java:lambda$start$3(299)) - 7a6ea145-8a02-4a57-83fc-31fd93eebedd: start RPC server
2019-10-01 13:54:49,202 [Datanode State Machine Thread - 0] INFO  server.GrpcService (GrpcService.java:startImpl(158)) - 7a6ea145-8a02-4a57-83fc-31fd93eebedd: GrpcService started, listening on 0.0.0.0/0.0.0.0:33639
2019-10-01 13:54:49,202 [Datanode State Machine Thread - 0] INFO  ratis.XceiverServerRatis (XceiverServerRatis.java:start(427)) - XceiverServerRatis 7a6ea145-8a02-4a57-83fc-31fd93eebedd is started using port 33639
2019-10-01 13:54:49,203 [Datanode State Machine Thread - 0] INFO  server.XceiverServerGrpc (XceiverServerGrpc.java:start(149)) - XceiverServerGrpc 7a6ea145-8a02-4a57-83fc-31fd93eebedd is started using port 35565
2019-10-01 13:54:49,258 [Datanode State Machine Thread - 0] INFO  ozoneimpl.OzoneContainer (OzoneContainer.java:start(217)) - Attempting to start container services.
2019-10-01 13:54:49,258 [Datanode State Machine Thread - 0] INFO  ozoneimpl.OzoneContainer (OzoneContainer.java:startContainerScrub(179)) - Background container scanner has been disabled.
2019-10-01 13:54:49,258 [Datanode State Machine Thread - 0] INFO  ratis.XceiverServerRatis (XceiverServerRatis.java:start(417)) - Starting XceiverServerRatis 7a036fa1-334b-4ced-82ce-fc5b7e253290 at port 0
2019-10-01 13:54:49,264 [Datanode State Machine Thread - 0] INFO  impl.RaftServerProxy (RaftServerProxy.java:lambda$start$3(299)) - 7a036fa1-334b-4ced-82ce-fc5b7e253290: start RPC server
2019-10-01 13:54:49,267 [Datanode State Machine Thread - 0] INFO  server.GrpcService (GrpcService.java:startImpl(158)) - 7a036fa1-334b-4ced-82ce-fc5b7e253290: GrpcService started, listening on 0.0.0.0/0.0.0.0:36394
2019-10-01 13:54:49,267 [Datanode State Machine Thread - 0] INFO  ratis.XceiverServerRatis (XceiverServerRatis.java:start(427)) - XceiverServerRatis 7a036fa1-334b-4ced-82ce-fc5b7e253290 is started using port 36394
2019-10-01 13:54:49,270 [Datanode State Machine Thread - 0] INFO  server.XceiverServerGrpc (XceiverServerGrpc.java:start(149)) - XceiverServerGrpc 7a036fa1-334b-4ced-82ce-fc5b7e253290 is started using port 34113
2019-10-01 13:54:49,309 [main] INFO  ozone.MiniOzoneClusterImpl (MiniOzoneClusterImpl.java:lambda$waitForClusterToBeReady$0(147)) - Waiting for cluster to be ready. Got 0 of 7 DN Heartbeats.
2019-10-01 13:54:49,321 [Datanode State Machine Thread - 0] INFO  ozoneimpl.OzoneContainer (OzoneContainer.java:start(217)) - Attempting to start container services.
2019-10-01 13:54:49,321 [Datanode State Machine Thread - 0] INFO  ozoneimpl.OzoneContainer (OzoneContainer.java:startContainerScrub(179)) - Background container scanner has been disabled.
2019-10-01 13:54:49,321 [Datanode State Machine Thread - 0] INFO  ratis.XceiverServerRatis (XceiverServerRatis.java:start(417)) - Starting XceiverServerRatis 2b6bf4e2-4b7b-4460-bc93-5b9adadc7448 at port 0
2019-10-01 13:54:49,329 [Datanode State Machine Thread - 0] INFO  impl.RaftServerProxy (RaftServerProxy.java:lambda$start$3(299)) - 2b6bf4e2-4b7b-4460-bc93-5b9adadc7448: start RPC server
2019-10-01 13:54:49,338 [Datanode State Machine Thread - 0] INFO  server.GrpcService (GrpcService.java:startImpl(158)) - 2b6bf4e2-4b7b-4460-bc93-5b9adadc7448: GrpcService started, listening on 0.0.0.0/0.0.0.0:42527
2019-10-01 13:54:49,338 [Datanode State Machine Thread - 0] INFO  ratis.XceiverServerRatis (XceiverServerRatis.java:start(427)) - XceiverServerRatis 2b6bf4e2-4b7b-4460-bc93-5b9adadc7448 is started using port 42527
2019-10-01 13:54:49,338 [Datanode State Machine Thread - 0] INFO  server.XceiverServerGrpc (XceiverServerGrpc.java:start(149)) - XceiverServerGrpc 2b6bf4e2-4b7b-4460-bc93-5b9adadc7448 is started using port 41526
2019-10-01 13:54:50,309 [main] INFO  ozone.MiniOzoneClusterImpl (MiniOzoneClusterImpl.java:lambda$waitForClusterToBeReady$0(147)) - Waiting for cluster to be ready. Got 0 of 7 DN Heartbeats.
2019-10-01 13:54:50,912 [IPC Server handler 1 on 43245] INFO  net.NetworkTopology (NetworkTopologyImpl.java:add(111)) - Added a new node: /default-rack/b5392421-db4e-4369-9727-29aa9ab96bd9
2019-10-01 13:54:50,915 [IPC Server handler 1 on 43245] INFO  node.SCMNodeManager (SCMNodeManager.java:register(266)) - Registered Data node : b5392421-db4e-4369-9727-29aa9ab96bd9{ip: 192.168.164.226, host: pr-hdds-2210-kntbx-3061227707, networkLocation: /default-rack, certSerialId: null}
2019-10-01 13:54:50,916 [EventQueue-NodeRegistrationContainerReportForDataNodeSafeModeRule] INFO  safemode.SCMSafeModeManager (DataNodeSafeModeRule.java:process(71)) - SCM in safe mode. 1 DataNodes registered, 1 required.
2019-10-01 13:54:50,919 [EventQueue-NodeRegistrationContainerReportForDataNodeSafeModeRule] INFO  safemode.SCMSafeModeManager (SCMSafeModeManager.java:validateSafeModeExitRules(177)) - ScmSafeModeManager, all rules are successfully validated
2019-10-01 13:54:50,919 [EventQueue-NodeRegistrationContainerReportForDataNodeSafeModeRule] INFO  safemode.SCMSafeModeManager (SCMSafeModeManager.java:exitSafeMode(193)) - SCM exiting safe mode.
2019-10-01 13:54:50,935 [grpc-default-executor-9] INFO  impl.RaftServerProxy (RaftServerProxy.java:addNew(89)) - b5392421-db4e-4369-9727-29aa9ab96bd9: addNew group-AE5A9732317B:[b5392421-db4e-4369-9727-29aa9ab96bd9:192.168.164.226:43829] returns group-AE5A9732317B:java.util.concurrent.CompletableFuture@1bd42cc9[Not completed]
2019-10-01 13:54:50,939 [pool-409-thread-1] INFO  impl.RaftServerImpl (RaftServerImpl.java:<init>(95)) - b5392421-db4e-4369-9727-29aa9ab96bd9: new RaftServerImpl for group-AE5A9732317B:[b5392421-db4e-4369-9727-29aa9ab96bd9:192.168.164.226:43829] with ContainerStateMachine:uninitialized
2019-10-01 13:54:50,939 [pool-409-thread-1] INFO  server.RaftServerConfigKeys (ConfUtils.java:logGet(43)) - raft.server.rpc.timeout.min = 5s (custom)
2019-10-01 13:54:50,939 [pool-409-thread-1] INFO  server.RaftServerConfigKeys (ConfUtils.java:logGet(43)) - raft.server.rpc.timeout.max = 5200ms (custom)
2019-10-01 13:54:50,939 [pool-409-thread-1] INFO  server.RaftServerConfigKeys (ConfUtils.java:logGet(43)) - raft.server.rpcslowness.timeout = 120s (custom)
2019-10-01 13:54:50,940 [pool-409-thread-1] INFO  server.RaftServerConfigKeys (ConfUtils.java:logGet(43)) - raft.server.sleep.deviation.threshold = 300 (default)
2019-10-01 13:54:50,940 [pool-409-thread-1] INFO  server.RaftServerConfigKeys (ConfUtils.java:logGet(43)) - raft.server.log.appender.install.snapshot.enabled = false (custom)
2019-10-01 13:54:50,940 [pool-409-thread-1] INFO  impl.RaftServerImpl (ServerState.java:<init>(103)) - b5392421-db4e-4369-9727-29aa9ab96bd9@group-AE5A9732317B: ConfigurationManager, init=-1: [b5392421-db4e-4369-9727-29aa9ab96bd9:192.168.164.226:43829], old=null, confs=<EMPTY_MAP>
2019-10-01 13:54:50,940 [pool-409-thread-1] INFO  server.RaftServerConfigKeys (ConfUtils.java:logGet(43)) - raft.server.storage.dir = [/workdir/hadoop-ozone/integration-test/target/test-dir/MiniOzoneClusterImpl-8c479a76-a73b-4552-9aed-a64f66d42b91/datanode-0/data/ratis] (custom)
2019-10-01 13:54:50,941 [pool-409-thread-1] INFO  server.RaftServerConfigKeys (ConfUtils.java:logGet(43)) - raft.server.log.corruption.policy = EXCEPTION (default)
2019-10-01 13:54:50,941 [pool-409-thread-1] INFO  storage.RaftStorageDirectory (RaftStorageDirectory.java:analyzeStorage(246)) - The storage directory /workdir/hadoop-ozone/integration-test/target/test-dir/MiniOzoneClusterImpl-8c479a76-a73b-4552-9aed-a64f66d42b91/datanode-0/data/ratis/e787639d-64a4-4afd-b6f7-ae5a9732317b does not exist. Creating ...
2019-10-01 13:54:50,955 [pool-409-thread-1] INFO  storage.RaftStorageDirectory (RaftStorageDirectory.java:tryLock(328)) - Lock on /workdir/hadoop-ozone/integration-test/target/test-dir/MiniOzoneClusterImpl-8c479a76-a73b-4552-9aed-a64f66d42b91/datanode-0/data/ratis/e787639d-64a4-4afd-b6f7-ae5a9732317b/in_use.lock acquired by nodename 14409@pr-hdds-2210-kntbx-3061227707
2019-10-01 13:54:50,967 [IPC Server handler 6 on 43245] INFO  net.NetworkTopology (NetworkTopologyImpl.java:add(111)) - Added a new node: /default-rack/fc819ada-e5e1-4ee1-965d-05fb716885e8
2019-10-01 13:54:50,967 [IPC Server handler 6 on 43245] INFO  node.SCMNodeManager (SCMNodeManager.java:register(266)) - Registered Data node : fc819ada-e5e1-4ee1-965d-05fb716885e8{ip: 192.168.164.226, host: pr-hdds-2210-kntbx-3061227707, networkLocation: /default-rack, certSerialId: null}
2019-10-01 13:54:50,968 [pool-409-thread-1] INFO  storage.RaftStorage (RaftStorage.java:format(84)) - Storage directory /workdir/hadoop-ozone/integration-test/target/test-dir/MiniOzoneClusterImpl-8c479a76-a73b-4552-9aed-a64f66d42b91/datanode-0/data/ratis/e787639d-64a4-4afd-b6f7-ae5a9732317b has been successfully formatted.
2019-10-01 13:54:50,968 [pool-409-thread-1] INFO  ratis.ContainerStateMachine (ContainerStateMachine.java:loadSnapshot(230)) - group-AE5A9732317B: The snapshot info is null. Setting the last applied indexto:(t:0, i:~)
2019-10-01 13:54:50,969 [pool-409-thread-1] INFO  server.RaftServerConfigKeys (ConfUtils.java:logGet(43)) - raft.server.notification.no-leader.timeout = 120s (custom)
2019-10-01 13:54:50,969 [pool-409-thread-1] INFO  server.RaftServerConfigKeys (ConfUtils.java:logGet(43)) - raft.server.log.use.memory = false (default)
2019-10-01 13:54:50,969 [pool-409-thread-1] INFO  server.RaftServerConfigKeys (ConfUtils.java:logGet(43)) - raft.server.log.purge.gap = 1000000 (custom)
2019-10-01 13:54:50,969 [pool-409-thread-1] INFO  server.RaftServerConfigKeys (ConfUtils.java:logGet(43)) - raft.server.log.appender.buffer.byte-limit = 33554432 (custom)
2019-10-01 13:54:50,970 [pool-409-thread-1] INFO  server.RaftServerConfigKeys (ConfUtils.java:logGet(43)) - raft.server.log.segment.size.max = 1048576 (custom)
2019-10-01 13:54:50,972 [pool-409-thread-1] INFO  server.RaftServerConfigKeys (ConfUtils.java:logGet(43)) - raft.server.log.segment.cache.num.max = 2 (custom)
2019-10-01 13:54:50,973 [pool-409-thread-1] INFO  segmented.SegmentedRaftLogWorker (SegmentedRaftLogWorker.java:<init>(173)) - new b5392421-db4e-4369-9727-29aa9ab96bd9@group-AE5A9732317B-SegmentedRaftLogWorker for RaftStorage:Storage Directory /workdir/hadoop-ozone/integration-test/target/test-dir/MiniOzoneClusterImpl-8c479a76-a73b-4552-9aed-a64f66d42b91/datanode-0/data/ratis/e787639d-64a4-4afd-b6f7-ae5a9732317b
2019-10-01 13:54:50,973 [pool-409-thread-1] INFO  server.RaftServerConfigKeys (ConfUtils.java:logGet(43)) - raft.server.log.queue.byte-limit = 2147483647 (custom)
2019-10-01 13:54:50,973 [pool-409-thread-1] INFO  server.RaftServerConfigKeys (ConfUtils.java:logGet(43)) - raft.server.log.queue.element-limit = 1024 (custom)
2019-10-01 13:54:50,973 [pool-409-thread-1] INFO  server.RaftServerConfigKeys (ConfUtils.java:logGet(43)) - raft.server.log.segment.size.max = 1048576 (custom)
2019-10-01 13:54:50,973 [pool-409-thread-1] INFO  server.RaftServerConfigKeys (ConfUtils.java:logGet(43)) - raft.server.log.preallocated.size = 16384 (custom)
2019-10-01 13:54:50,973 [pool-409-thread-1] INFO  server.RaftServerConfigKeys (ConfUtils.java:logGet(43)) - raft.server.log.write.buffer.size = 33554432 (custom)
2019-10-01 13:54:50,974 [pool-409-thread-1] INFO  server.RaftServerConfigKeys (ConfUtils.java:logGet(43)) - raft.server.log.force.sync.num = 128 (default)
2019-10-01 13:54:50,974 [pool-409-thread-1] INFO  server.RaftServerConfigKeys (ConfUtils.java:logGet(43)) - raft.server.log.statemachine.data.sync = true (default)
2019-10-01 13:54:50,974 [pool-409-thread-1] INFO  server.RaftServerConfigKeys (ConfUtils.java:logGet(43)) - raft.server.log.statemachine.data.sync.timeout = 10s (default)
2019-10-01 13:54:50,974 [pool-409-thread-1] INFO  server.RaftServerConfigKeys (ConfUtils.java:logGet(43)) - raft.server.log.statemachine.data.sync.timeout.retry = -1 (default)
2019-10-01 13:54:50,975 [pool-409-thread-1] INFO  server.RaftServerConfigKeys (ConfUtils.java:logGet(43)) - raft.server.log.statemachine.data.caching.enabled = true (custom)
2019-10-01 13:54:50,975 [pool-409-thread-1] INFO  segmented.SegmentedRaftLogWorker (SegmentedRaftLogWorker.java:lambda$new$0(128)) - b5392421-db4e-4369-9727-29aa9ab96bd9@group-AE5A9732317B-SegmentedRaftLogWorker: flushIndex: setUnconditionally 0 -> -1
2019-10-01 13:54:50,976 [pool-409-thread-1] INFO  server.RaftServerConfigKeys (ConfUtils.java:logGet(43)) - raft.server.snapshot.auto.trigger.enabled = true (custom)
2019-10-01 13:54:50,976 [pool-409-thread-1] INFO  server.RaftServerConfigKeys (ConfUtils.java:logGet(43)) - raft.server.snapshot.auto.trigger.threshold = 10000 (custom)
2019-10-01 13:54:50,976 [pool-409-thread-1] INFO  server.RaftServerConfigKeys (ConfUtils.java:logGet(43)) - raft.server.snapshot.retention.file.num = 5 (custom)
2019-10-01 13:54:50,976 [pool-409-thread-1] INFO  server.RaftServerConfigKeys (ConfUtils.java:logGet(43)) - raft.server.retrycache.expirytime = 600000ms (custom)
2019-10-01 13:54:50,978 [pool-409-thread-1] INFO  impl.RaftServerImpl (RaftServerImpl.java:start(181)) - b5392421-db4e-4369-9727-29aa9ab96bd9@group-AE5A9732317B: start as a follower, conf=-1: [b5392421-db4e-4369-9727-29aa9ab96bd9:192.168.164.226:43829], old=null
2019-10-01 13:54:50,978 [pool-409-thread-1] INFO  impl.RaftServerImpl (RaftServerImpl.java:setRole(170)) - b5392421-db4e-4369-9727-29aa9ab96bd9@group-AE5A9732317B: changes role from      null to FOLLOWER at term 0 for startAsFollower
2019-10-01 13:54:50,979 [pool-409-thread-1] INFO  impl.RoleInfo (RoleInfo.java:updateAndGet(143)) - b5392421-db4e-4369-9727-29aa9ab96bd9: start FollowerState
2019-10-01 13:54:50,979 [pool-409-thread-1] INFO  util.JmxRegister (JmxRegister.java:tryRegister(44)) - Successfully registered JMX Bean with object name Ratis:service=RaftServer,group=group-AE5A9732317B,id=b5392421-db4e-4369-9727-29aa9ab96bd9
2019-10-01 13:54:50,984 [RatisPipelineUtilsThread] INFO  pipeline.PipelineStateManager (PipelineStateManager.java:addPipeline(56)) - Created pipeline Pipeline[ Id: e787639d-64a4-4afd-b6f7-ae5a9732317b, Nodes: b5392421-db4e-4369-9727-29aa9ab96bd9{ip: 192.168.164.226, host: pr-hdds-2210-kntbx-3061227707, networkLocation: /default-rack, certSerialId: null}, Type:RATIS, Factor:ONE, State:OPEN]
2019-10-01 13:54:50,991 [grpc-default-executor-9] INFO  impl.RaftServerProxy (RaftServerProxy.java:addNew(89)) - fc819ada-e5e1-4ee1-965d-05fb716885e8: addNew group-F38063CA88F8:[fc819ada-e5e1-4ee1-965d-05fb716885e8:192.168.164.226:39631] returns group-F38063CA88F8:java.util.concurrent.CompletableFuture@42e9e2b1[Not completed]
2019-10-01 13:54:50,992 [pool-419-thread-1] INFO  impl.RaftServerImpl (RaftServerImpl.java:<init>(95)) - fc819ada-e5e1-4ee1-965d-05fb716885e8: new RaftServerImpl for group-F38063CA88F8:[fc819ada-e5e1-4ee1-965d-05fb716885e8:192.168.164.226:39631] with ContainerStateMachine:uninitialized
2019-10-01 13:54:50,992 [pool-419-thread-1] INFO  server.RaftServerConfigKeys (ConfUtils.java:logGet(43)) - raft.server.rpc.timeout.min = 5s (custom)
2019-10-01 13:54:50,992 [pool-419-thread-1] INFO  server.RaftServerConfigKeys (ConfUtils.java:logGet(43)) - raft.server.rpc.timeout.max = 5200ms (custom)
2019-10-01 13:54:50,993 [pool-419-thread-1] INFO  server.RaftServerConfigKeys (ConfUtils.java:logGet(43)) - raft.server.rpcslowness.timeout = 120s (custom)
2019-10-01 13:54:50,993 [pool-419-thread-1] INFO  server.RaftServerConfigKeys (ConfUtils.java:logGet(43)) - raft.server.sleep.deviation.threshold = 300 (default)
2019-10-01 13:54:50,993 [pool-419-thread-1] INFO  server.RaftServerConfigKeys (ConfUtils.java:logGet(43)) - raft.server.log.appender.install.snapshot.enabled = false (custom)
2019-10-01 13:54:50,993 [pool-419-thread-1] INFO  impl.RaftServerImpl (ServerState.java:<init>(103)) - fc819ada-e5e1-4ee1-965d-05fb716885e8@group-F38063CA88F8: ConfigurationManager, init=-1: [fc819ada-e5e1-4ee1-965d-05fb716885e8:192.168.164.226:39631], old=null, confs=<EMPTY_MAP>
2019-10-01 13:54:50,993 [pool-419-thread-1] INFO  server.RaftServerConfigKeys (ConfUtils.java:logGet(43)) - raft.server.storage.dir = [/workdir/hadoop-ozone/integration-test/target/test-dir/MiniOzoneClusterImpl-8c479a76-a73b-4552-9aed-a64f66d42b91/datanode-1/data/ratis] (custom)
2019-10-01 13:54:50,993 [pool-419-thread-1] INFO  server.RaftServerConfigKeys (ConfUtils.java:logGet(43)) - raft.server.log.corruption.policy = EXCEPTION (default)
2019-10-01 13:54:50,994 [pool-419-thread-1] INFO  storage.RaftStorageDirectory (RaftStorageDirectory.java:analyzeStorage(246)) - The storage directory /workdir/hadoop-ozone/integration-test/target/test-dir/MiniOzoneClusterImpl-8c479a76-a73b-4552-9aed-a64f66d42b91/datanode-1/data/ratis/0450a6bd-4b1d-44cc-9cdc-f38063ca88f8 does not exist. Creating ...
2019-10-01 13:54:51,006 [pool-419-thread-1] INFO  storage.RaftStorageDirectory (RaftStorageDirectory.java:tryLock(328)) - Lock on /workdir/hadoop-ozone/integration-test/target/test-dir/MiniOzoneClusterImpl-8c479a76-a73b-4552-9aed-a64f66d42b91/datanode-1/data/ratis/0450a6bd-4b1d-44cc-9cdc-f38063ca88f8/in_use.lock acquired by nodename 14409@pr-hdds-2210-kntbx-3061227707
2019-10-01 13:54:51,019 [pool-419-thread-1] INFO  storage.RaftStorage (RaftStorage.java:format(84)) - Storage directory /workdir/hadoop-ozone/integration-test/target/test-dir/MiniOzoneClusterImpl-8c479a76-a73b-4552-9aed-a64f66d42b91/datanode-1/data/ratis/0450a6bd-4b1d-44cc-9cdc-f38063ca88f8 has been successfully formatted.
2019-10-01 13:54:51,019 [pool-419-thread-1] INFO  ratis.ContainerStateMachine (ContainerStateMachine.java:loadSnapshot(230)) - group-F38063CA88F8: The snapshot info is null. Setting the last applied indexto:(t:0, i:~)
2019-10-01 13:54:51,019 [pool-419-thread-1] INFO  server.RaftServerConfigKeys (ConfUtils.java:logGet(43)) - raft.server.notification.no-leader.timeout = 120s (custom)
2019-10-01 13:54:51,019 [pool-419-thread-1] INFO  server.RaftServerConfigKeys (ConfUtils.java:logGet(43)) - raft.server.log.use.memory = false (default)
2019-10-01 13:54:51,019 [pool-419-thread-1] INFO  server.RaftServerConfigKeys (ConfUtils.java:logGet(43)) - raft.server.log.purge.gap = 1000000 (custom)
2019-10-01 13:54:51,019 [pool-419-thread-1] INFO  server.RaftServerConfigKeys (ConfUtils.java:logGet(43)) - raft.server.log.appender.buffer.byte-limit = 33554432 (custom)
2019-10-01 13:54:51,020 [pool-419-thread-1] INFO  server.RaftServerConfigKeys (ConfUtils.java:logGet(43)) - raft.server.log.segment.size.max = 1048576 (custom)
2019-10-01 13:54:51,021 [pool-419-thread-1] INFO  server.RaftServerConfigKeys (ConfUtils.java:logGet(43)) - raft.server.log.segment.cache.num.max = 2 (custom)
2019-10-01 13:54:51,021 [pool-419-thread-1] INFO  segmented.SegmentedRaftLogWorker (SegmentedRaftLogWorker.java:<init>(173)) - new fc819ada-e5e1-4ee1-965d-05fb716885e8@group-F38063CA88F8-SegmentedRaftLogWorker for RaftStorage:Storage Directory /workdir/hadoop-ozone/integration-test/target/test-dir/MiniOzoneClusterImpl-8c479a76-a73b-4552-9aed-a64f66d42b91/datanode-1/data/ratis/0450a6bd-4b1d-44cc-9cdc-f38063ca88f8
2019-10-01 13:54:51,021 [pool-419-thread-1] INFO  server.RaftServerConfigKeys (ConfUtils.java:logGet(43)) - raft.server.log.queue.byte-limit = 2147483647 (custom)
2019-10-01 13:54:51,021 [pool-419-thread-1] INFO  server.RaftServerConfigKeys (ConfUtils.java:logGet(43)) - raft.server.log.queue.element-limit = 1024 (custom)
2019-10-01 13:54:51,021 [pool-419-thread-1] INFO  server.RaftServerConfigKeys (ConfUtils.java:logGet(43)) - raft.server.log.segment.size.max = 1048576 (custom)
2019-10-01 13:54:51,022 [pool-419-thread-1] INFO  server.RaftServerConfigKeys (ConfUtils.java:logGet(43)) - raft.server.log.preallocated.size = 16384 (custom)
2019-10-01 13:54:51,022 [pool-419-thread-1] INFO  server.RaftServerConfigKeys (ConfUtils.java:logGet(43)) - raft.server.log.write.buffer.size = 33554432 (custom)
2019-10-01 13:54:51,022 [pool-419-thread-1] INFO  server.RaftServerConfigKeys (ConfUtils.java:logGet(43)) - raft.server.log.force.sync.num = 128 (default)
2019-10-01 13:54:51,022 [pool-419-thread-1] INFO  server.RaftServerConfigKeys (ConfUtils.java:logGet(43)) - raft.server.log.statemachine.data.sync = true (default)
2019-10-01 13:54:51,022 [pool-419-thread-1] INFO  server.RaftServerConfigKeys (ConfUtils.java:logGet(43)) - raft.server.log.statemachine.data.sync.timeout = 10s (default)
2019-10-01 13:54:51,022 [pool-419-thread-1] INFO  server.RaftServerConfigKeys (ConfUtils.java:logGet(43)) - raft.server.log.statemachine.data.sync.timeout.retry = -1 (default)
2019-10-01 13:54:51,022 [pool-419-thread-1] INFO  server.RaftServerConfigKeys (ConfUtils.java:logGet(43)) - raft.server.log.statemachine.data.caching.enabled = true (custom)
2019-10-01 13:54:51,023 [pool-419-thread-1] INFO  segmented.SegmentedRaftLogWorker (SegmentedRaftLogWorker.java:lambda$new$0(128)) - fc819ada-e5e1-4ee1-965d-05fb716885e8@group-F38063CA88F8-SegmentedRaftLogWorker: flushIndex: setUnconditionally 0 -> -1
2019-10-01 13:54:51,023 [pool-419-thread-1] INFO  server.RaftServerConfigKeys (ConfUtils.java:logGet(43)) - raft.server.snapshot.auto.trigger.enabled = true (custom)
2019-10-01 13:54:51,023 [pool-419-thread-1] INFO  server.RaftServerConfigKeys (ConfUtils.java:logGet(43)) - raft.server.snapshot.auto.trigger.threshold = 10000 (custom)
2019-10-01 13:54:51,023 [pool-419-thread-1] INFO  server.RaftServerConfigKeys (ConfUtils.java:logGet(43)) - raft.server.snapshot.retention.file.num = 5 (custom)
2019-10-01 13:54:51,023 [pool-419-thread-1] INFO  server.RaftServerConfigKeys (ConfUtils.java:logGet(43)) - raft.server.retrycache.expirytime = 600000ms (custom)
2019-10-01 13:54:51,025 [pool-419-thread-1] INFO  impl.RaftServerImpl (RaftServerImpl.java:start(181)) - fc819ada-e5e1-4ee1-965d-05fb716885e8@group-F38063CA88F8: start as a follower, conf=-1: [fc819ada-e5e1-4ee1-965d-05fb716885e8:192.168.164.226:39631], old=null
2019-10-01 13:54:51,025 [pool-419-thread-1] INFO  impl.RaftServerImpl (RaftServerImpl.java:setRole(170)) - fc819ada-e5e1-4ee1-965d-05fb716885e8@group-F38063CA88F8: changes role from      null to FOLLOWER at term 0 for startAsFollower
2019-10-01 13:54:51,025 [pool-419-thread-1] INFO  impl.RoleInfo (RoleInfo.java:updateAndGet(143)) - fc819ada-e5e1-4ee1-965d-05fb716885e8: start FollowerState
2019-10-01 13:54:51,025 [pool-419-thread-1] INFO  util.JmxRegister (JmxRegister.java:tryRegister(44)) - Successfully registered JMX Bean with object name Ratis:service=RaftServer,group=group-F38063CA88F8,id=fc819ada-e5e1-4ee1-965d-05fb716885e8
2019-10-01 13:54:51,028 [RatisPipelineUtilsThread] INFO  pipeline.PipelineStateManager (PipelineStateManager.java:addPipeline(56)) - Created pipeline Pipeline[ Id: 0450a6bd-4b1d-44cc-9cdc-f38063ca88f8, Nodes: fc819ada-e5e1-4ee1-965d-05fb716885e8{ip: 192.168.164.226, host: pr-hdds-2210-kntbx-3061227707, networkLocation: /default-rack, certSerialId: null}, Type:RATIS, Factor:ONE, State:OPEN]
2019-10-01 13:54:51,060 [IPC Server handler 5 on 43245] INFO  net.NetworkTopology (NetworkTopologyImpl.java:add(111)) - Added a new node: /default-rack/76e35fbb-b42a-43d6-8a13-99c6ae7009f1
2019-10-01 13:54:51,060 [IPC Server handler 5 on 43245] INFO  node.SCMNodeManager (SCMNodeManager.java:register(266)) - Registered Data node : 76e35fbb-b42a-43d6-8a13-99c6ae7009f1{ip: 192.168.164.226, host: pr-hdds-2210-kntbx-3061227707, networkLocation: /default-rack, certSerialId: null}
2019-10-01 13:54:51,068 [grpc-default-executor-9] INFO  impl.RaftServerProxy (RaftServerProxy.java:addNew(89)) - 76e35fbb-b42a-43d6-8a13-99c6ae7009f1: addNew group-0F756ED40316:[76e35fbb-b42a-43d6-8a13-99c6ae7009f1:192.168.164.226:41239] returns group-0F756ED40316:java.util.concurrent.CompletableFuture@2ae6b8f0[Not completed]
2019-10-01 13:54:51,069 [pool-429-thread-1] INFO  impl.RaftServerImpl (RaftServerImpl.java:<init>(95)) - 76e35fbb-b42a-43d6-8a13-99c6ae7009f1: new RaftServerImpl for group-0F756ED40316:[76e35fbb-b42a-43d6-8a13-99c6ae7009f1:192.168.164.226:41239] with ContainerStateMachine:uninitialized
2019-10-01 13:54:51,069 [pool-429-thread-1] INFO  server.RaftServerConfigKeys (ConfUtils.java:logGet(43)) - raft.server.rpc.timeout.min = 5s (custom)
2019-10-01 13:54:51,069 [pool-429-thread-1] INFO  server.RaftServerConfigKeys (ConfUtils.java:logGet(43)) - raft.server.rpc.timeout.max = 5200ms (custom)
2019-10-01 13:54:51,069 [pool-429-thread-1] INFO  server.RaftServerConfigKeys (ConfUtils.java:logGet(43)) - raft.server.rpcslowness.timeout = 120s (custom)
2019-10-01 13:54:51,070 [pool-429-thread-1] INFO  server.RaftServerConfigKeys (ConfUtils.java:logGet(43)) - raft.server.sleep.deviation.threshold = 300 (default)
2019-10-01 13:54:51,070 [pool-429-thread-1] INFO  server.RaftServerConfigKeys (ConfUtils.java:logGet(43)) - raft.server.log.appender.install.snapshot.enabled = false (custom)
2019-10-01 13:54:51,070 [pool-429-thread-1] INFO  impl.RaftServerImpl (ServerState.java:<init>(103)) - 76e35fbb-b42a-43d6-8a13-99c6ae7009f1@group-0F756ED40316: ConfigurationManager, init=-1: [76e35fbb-b42a-43d6-8a13-99c6ae7009f1:192.168.164.226:41239], old=null, confs=<EMPTY_MAP>
2019-10-01 13:54:51,070 [pool-429-thread-1] INFO  server.RaftServerConfigKeys (ConfUtils.java:logGet(43)) - raft.server.storage.dir = [/workdir/hadoop-ozone/integration-test/target/test-dir/MiniOzoneClusterImpl-8c479a76-a73b-4552-9aed-a64f66d42b91/datanode-2/data/ratis] (custom)
2019-10-01 13:54:51,070 [pool-429-thread-1] INFO  server.RaftServerConfigKeys (ConfUtils.java:logGet(43)) - raft.server.log.corruption.policy = EXCEPTION (default)
2019-10-01 13:54:51,070 [pool-429-thread-1] INFO  storage.RaftStorageDirectory (RaftStorageDirectory.java:analyzeStorage(246)) - The storage directory /workdir/hadoop-ozone/integration-test/target/test-dir/MiniOzoneClusterImpl-8c479a76-a73b-4552-9aed-a64f66d42b91/datanode-2/data/ratis/7f17f792-f3d5-4fd3-b225-0f756ed40316 does not exist. Creating ...
2019-10-01 13:54:51,083 [pool-429-thread-1] INFO  storage.RaftStorageDirectory (RaftStorageDirectory.java:tryLock(328)) - Lock on /workdir/hadoop-ozone/integration-test/target/test-dir/MiniOzoneClusterImpl-8c479a76-a73b-4552-9aed-a64f66d42b91/datanode-2/data/ratis/7f17f792-f3d5-4fd3-b225-0f756ed40316/in_use.lock acquired by nodename 14409@pr-hdds-2210-kntbx-3061227707
2019-10-01 13:54:51,096 [pool-429-thread-1] INFO  storage.RaftStorage (RaftStorage.java:format(84)) - Storage directory /workdir/hadoop-ozone/integration-test/target/test-dir/MiniOzoneClusterImpl-8c479a76-a73b-4552-9aed-a64f66d42b91/datanode-2/data/ratis/7f17f792-f3d5-4fd3-b225-0f756ed40316 has been successfully formatted.
2019-10-01 13:54:51,096 [pool-429-thread-1] INFO  ratis.ContainerStateMachine (ContainerStateMachine.java:loadSnapshot(230)) - group-0F756ED40316: The snapshot info is null. Setting the last applied indexto:(t:0, i:~)
2019-10-01 13:54:51,096 [pool-429-thread-1] INFO  server.RaftServerConfigKeys (ConfUtils.java:logGet(43)) - raft.server.notification.no-leader.timeout = 120s (custom)
2019-10-01 13:54:51,096 [pool-429-thread-1] INFO  server.RaftServerConfigKeys (ConfUtils.java:logGet(43)) - raft.server.log.use.memory = false (default)
2019-10-01 13:54:51,096 [pool-429-thread-1] INFO  server.RaftServerConfigKeys (ConfUtils.java:logGet(43)) - raft.server.log.purge.gap = 1000000 (custom)
2019-10-01 13:54:51,096 [pool-429-thread-1] INFO  server.RaftServerConfigKeys (ConfUtils.java:logGet(43)) - raft.server.log.appender.buffer.byte-limit = 33554432 (custom)
2019-10-01 13:54:51,096 [pool-429-thread-1] INFO  server.RaftServerConfigKeys (ConfUtils.java:logGet(43)) - raft.server.log.segment.size.max = 1048576 (custom)
2019-10-01 13:54:51,098 [pool-429-thread-1] INFO  server.RaftServerConfigKeys (ConfUtils.java:logGet(43)) - raft.server.log.segment.cache.num.max = 2 (custom)
2019-10-01 13:54:51,098 [pool-429-thread-1] INFO  segmented.SegmentedRaftLogWorker (SegmentedRaftLogWorker.java:<init>(173)) - new 76e35fbb-b42a-43d6-8a13-99c6ae7009f1@group-0F756ED40316-SegmentedRaftLogWorker for RaftStorage:Storage Directory /workdir/hadoop-ozone/integration-test/target/test-dir/MiniOzoneClusterImpl-8c479a76-a73b-4552-9aed-a64f66d42b91/datanode-2/data/ratis/7f17f792-f3d5-4fd3-b225-0f756ed40316
2019-10-01 13:54:51,098 [pool-429-thread-1] INFO  server.RaftServerConfigKeys (ConfUtils.java:logGet(43)) - raft.server.log.queue.byte-limit = 2147483647 (custom)
2019-10-01 13:54:51,098 [pool-429-thread-1] INFO  server.RaftServerConfigKeys (ConfUtils.java:logGet(43)) - raft.server.log.queue.element-limit = 1024 (custom)
2019-10-01 13:54:51,098 [pool-429-thread-1] INFO  server.RaftServerConfigKeys (ConfUtils.java:logGet(43)) - raft.server.log.segment.size.max = 1048576 (custom)
2019-10-01 13:54:51,099 [pool-429-thread-1] INFO  server.RaftServerConfigKeys (ConfUtils.java:logGet(43)) - raft.server.log.preallocated.size = 16384 (custom)
2019-10-01 13:54:51,099 [pool-429-thread-1] INFO  server.RaftServerConfigKeys (ConfUtils.java:logGet(43)) - raft.server.log.write.buffer.size = 33554432 (custom)
2019-10-01 13:54:51,099 [pool-429-thread-1] INFO  server.RaftServerConfigKeys (ConfUtils.java:logGet(43)) - raft.server.log.force.sync.num = 128 (default)
2019-10-01 13:54:51,099 [pool-429-thread-1] INFO  server.RaftServerConfigKeys (ConfUtils.java:logGet(43)) - raft.server.log.statemachine.data.sync = true (default)
2019-10-01 13:54:51,099 [pool-429-thread-1] INFO  server.RaftServerConfigKeys (ConfUtils.java:logGet(43)) - raft.server.log.statemachine.data.sync.timeout = 10s (default)
2019-10-01 13:54:51,099 [pool-429-thread-1] INFO  server.RaftServerConfigKeys (ConfUtils.java:logGet(43)) - raft.server.log.statemachine.data.sync.timeout.retry = -1 (default)
2019-10-01 13:54:51,100 [pool-429-thread-1] INFO  server.RaftServerConfigKeys (ConfUtils.java:logGet(43)) - raft.server.log.statemachine.data.caching.enabled = true (custom)
2019-10-01 13:54:51,100 [pool-429-thread-1] INFO  segmented.SegmentedRaftLogWorker (SegmentedRaftLogWorker.java:lambda$new$0(128)) - 76e35fbb-b42a-43d6-8a13-99c6ae7009f1@group-0F756ED40316-SegmentedRaftLogWorker: flushIndex: setUnconditionally 0 -> -1
2019-10-01 13:54:51,100 [pool-429-thread-1] INFO  server.RaftServerConfigKeys (ConfUtils.java:logGet(43)) - raft.server.snapshot.auto.trigger.enabled = true (custom)
2019-10-01 13:54:51,100 [pool-429-thread-1] INFO  server.RaftServerConfigKeys (ConfUtils.java:logGet(43)) - raft.server.snapshot.auto.trigger.threshold = 10000 (custom)
2019-10-01 13:54:51,100 [pool-429-thread-1] INFO  server.RaftServerConfigKeys (ConfUtils.java:logGet(43)) - raft.server.snapshot.retention.file.num = 5 (custom)
2019-10-01 13:54:51,100 [pool-429-thread-1] INFO  server.RaftServerConfigKeys (ConfUtils.java:logGet(43)) - raft.server.retrycache.expirytime = 600000ms (custom)
2019-10-01 13:54:51,102 [pool-429-thread-1] INFO  impl.RaftServerImpl (RaftServerImpl.java:start(181)) - 76e35fbb-b42a-43d6-8a13-99c6ae7009f1@group-0F756ED40316: start as a follower, conf=-1: [76e35fbb-b42a-43d6-8a13-99c6ae7009f1:192.168.164.226:41239], old=null
2019-10-01 13:54:51,102 [pool-429-thread-1] INFO  impl.RaftServerImpl (RaftServerImpl.java:setRole(170)) - 76e35fbb-b42a-43d6-8a13-99c6ae7009f1@group-0F756ED40316: changes role from      null to FOLLOWER at term 0 for startAsFollower
2019-10-01 13:54:51,102 [pool-429-thread-1] INFO  impl.RoleInfo (RoleInfo.java:updateAndGet(143)) - 76e35fbb-b42a-43d6-8a13-99c6ae7009f1: start FollowerState
2019-10-01 13:54:51,103 [pool-429-thread-1] INFO  util.JmxRegister (JmxRegister.java:tryRegister(44)) - Successfully registered JMX Bean with object name Ratis:service=RaftServer,group=group-0F756ED40316,id=76e35fbb-b42a-43d6-8a13-99c6ae7009f1
2019-10-01 13:54:51,106 [IPC Server handler 4 on 43245] INFO  net.NetworkTopology (NetworkTopologyImpl.java:add(111)) - Added a new node: /default-rack/8f1e37da-9a41-4be3-8e97-3c1ce31c4ce7
2019-10-01 13:54:51,106 [RatisPipelineUtilsThread] INFO  pipeline.PipelineStateManager (PipelineStateManager.java:addPipeline(56)) - Created pipeline Pipeline[ Id: 7f17f792-f3d5-4fd3-b225-0f756ed40316, Nodes: 76e35fbb-b42a-43d6-8a13-99c6ae7009f1{ip: 192.168.164.226, host: pr-hdds-2210-kntbx-3061227707, networkLocation: /default-rack, certSerialId: null}, Type:RATIS, Factor:ONE, State:OPEN]
2019-10-01 13:54:51,106 [IPC Server handler 4 on 43245] INFO  node.SCMNodeManager (SCMNodeManager.java:register(266)) - Registered Data node : 8f1e37da-9a41-4be3-8e97-3c1ce31c4ce7{ip: 192.168.164.226, host: pr-hdds-2210-kntbx-3061227707, networkLocation: /default-rack, certSerialId: null}
2019-10-01 13:54:51,112 [grpc-default-executor-9] INFO  impl.RaftServerProxy (RaftServerProxy.java:addNew(89)) - 8f1e37da-9a41-4be3-8e97-3c1ce31c4ce7: addNew group-277F9BB0C20A:[8f1e37da-9a41-4be3-8e97-3c1ce31c4ce7:192.168.164.226:34807] returns group-277F9BB0C20A:java.util.concurrent.CompletableFuture@103c3e31[Not completed]
2019-10-01 13:54:51,113 [pool-439-thread-1] INFO  impl.RaftServerImpl (RaftServerImpl.java:<init>(95)) - 8f1e37da-9a41-4be3-8e97-3c1ce31c4ce7: new RaftServerImpl for group-277F9BB0C20A:[8f1e37da-9a41-4be3-8e97-3c1ce31c4ce7:192.168.164.226:34807] with ContainerStateMachine:uninitialized
2019-10-01 13:54:51,113 [pool-439-thread-1] INFO  server.RaftServerConfigKeys (ConfUtils.java:logGet(43)) - raft.server.rpc.timeout.min = 5s (custom)
2019-10-01 13:54:51,113 [pool-439-thread-1] INFO  server.RaftServerConfigKeys (ConfUtils.java:logGet(43)) - raft.server.rpc.timeout.max = 5200ms (custom)
2019-10-01 13:54:51,113 [pool-439-thread-1] INFO  server.RaftServerConfigKeys (ConfUtils.java:logGet(43)) - raft.server.rpcslowness.timeout = 120s (custom)
2019-10-01 13:54:51,114 [pool-439-thread-1] INFO  server.RaftServerConfigKeys (ConfUtils.java:logGet(43)) - raft.server.sleep.deviation.threshold = 300 (default)
2019-10-01 13:54:51,114 [pool-439-thread-1] INFO  server.RaftServerConfigKeys (ConfUtils.java:logGet(43)) - raft.server.log.appender.install.snapshot.enabled = false (custom)
2019-10-01 13:54:51,114 [pool-439-thread-1] INFO  impl.RaftServerImpl (ServerState.java:<init>(103)) - 8f1e37da-9a41-4be3-8e97-3c1ce31c4ce7@group-277F9BB0C20A: ConfigurationManager, init=-1: [8f1e37da-9a41-4be3-8e97-3c1ce31c4ce7:192.168.164.226:34807], old=null, confs=<EMPTY_MAP>
2019-10-01 13:54:51,114 [pool-439-thread-1] INFO  server.RaftServerConfigKeys (ConfUtils.java:logGet(43)) - raft.server.storage.dir = [/workdir/hadoop-ozone/integration-test/target/test-dir/MiniOzoneClusterImpl-8c479a76-a73b-4552-9aed-a64f66d42b91/datanode-3/data/ratis] (custom)
2019-10-01 13:54:51,114 [pool-439-thread-1] INFO  server.RaftServerConfigKeys (ConfUtils.java:logGet(43)) - raft.server.log.corruption.policy = EXCEPTION (default)
2019-10-01 13:54:51,114 [pool-439-thread-1] INFO  storage.RaftStorageDirectory (RaftStorageDirectory.java:analyzeStorage(246)) - The storage directory /workdir/hadoop-ozone/integration-test/target/test-dir/MiniOzoneClusterImpl-8c479a76-a73b-4552-9aed-a64f66d42b91/datanode-3/data/ratis/76da7679-5ecc-47e9-8c30-277f9bb0c20a does not exist. Creating ...
2019-10-01 13:54:51,127 [pool-439-thread-1] INFO  storage.RaftStorageDirectory (RaftStorageDirectory.java:tryLock(328)) - Lock on /workdir/hadoop-ozone/integration-test/target/test-dir/MiniOzoneClusterImpl-8c479a76-a73b-4552-9aed-a64f66d42b91/datanode-3/data/ratis/76da7679-5ecc-47e9-8c30-277f9bb0c20a/in_use.lock acquired by nodename 14409@pr-hdds-2210-kntbx-3061227707
2019-10-01 13:54:51,139 [pool-439-thread-1] INFO  storage.RaftStorage (RaftStorage.java:format(84)) - Storage directory /workdir/hadoop-ozone/integration-test/target/test-dir/MiniOzoneClusterImpl-8c479a76-a73b-4552-9aed-a64f66d42b91/datanode-3/data/ratis/76da7679-5ecc-47e9-8c30-277f9bb0c20a has been successfully formatted.
2019-10-01 13:54:51,140 [pool-439-thread-1] INFO  ratis.ContainerStateMachine (ContainerStateMachine.java:loadSnapshot(230)) - group-277F9BB0C20A: The snapshot info is null. Setting the last applied indexto:(t:0, i:~)
2019-10-01 13:54:51,140 [pool-439-thread-1] INFO  server.RaftServerConfigKeys (ConfUtils.java:logGet(43)) - raft.server.notification.no-leader.timeout = 120s (custom)
2019-10-01 13:54:51,140 [pool-439-thread-1] INFO  server.RaftServerConfigKeys (ConfUtils.java:logGet(43)) - raft.server.log.use.memory = false (default)
2019-10-01 13:54:51,140 [pool-439-thread-1] INFO  server.RaftServerConfigKeys (ConfUtils.java:logGet(43)) - raft.server.log.purge.gap = 1000000 (custom)
2019-10-01 13:54:51,140 [pool-439-thread-1] INFO  server.RaftServerConfigKeys (ConfUtils.java:logGet(43)) - raft.server.log.appender.buffer.byte-limit = 33554432 (custom)
2019-10-01 13:54:51,140 [pool-439-thread-1] INFO  server.RaftServerConfigKeys (ConfUtils.java:logGet(43)) - raft.server.log.segment.size.max = 1048576 (custom)
2019-10-01 13:54:51,142 [pool-439-thread-1] INFO  server.RaftServerConfigKeys (ConfUtils.java:logGet(43)) - raft.server.log.segment.cache.num.max = 2 (custom)
2019-10-01 13:54:51,142 [pool-439-thread-1] INFO  segmented.SegmentedRaftLogWorker (SegmentedRaftLogWorker.java:<init>(173)) - new 8f1e37da-9a41-4be3-8e97-3c1ce31c4ce7@group-277F9BB0C20A-SegmentedRaftLogWorker for RaftStorage:Storage Directory /workdir/hadoop-ozone/integration-test/target/test-dir/MiniOzoneClusterImpl-8c479a76-a73b-4552-9aed-a64f66d42b91/datanode-3/data/ratis/76da7679-5ecc-47e9-8c30-277f9bb0c20a
2019-10-01 13:54:51,142 [pool-439-thread-1] INFO  server.RaftServerConfigKeys (ConfUtils.java:logGet(43)) - raft.server.log.queue.byte-limit = 2147483647 (custom)
2019-10-01 13:54:51,142 [pool-439-thread-1] INFO  server.RaftServerConfigKeys (ConfUtils.java:logGet(43)) - raft.server.log.queue.element-limit = 1024 (custom)
2019-10-01 13:54:51,142 [pool-439-thread-1] INFO  server.RaftServerConfigKeys (ConfUtils.java:logGet(43)) - raft.server.log.segment.size.max = 1048576 (custom)
2019-10-01 13:54:51,142 [pool-439-thread-1] INFO  server.RaftServerConfigKeys (ConfUtils.java:logGet(43)) - raft.server.log.preallocated.size = 16384 (custom)
2019-10-01 13:54:51,142 [pool-439-thread-1] INFO  server.RaftServerConfigKeys (ConfUtils.java:logGet(43)) - raft.server.log.write.buffer.size = 33554432 (custom)
2019-10-01 13:54:51,142 [pool-439-thread-1] INFO  server.RaftServerConfigKeys (ConfUtils.java:logGet(43)) - raft.server.log.force.sync.num = 128 (default)
2019-10-01 13:54:51,143 [pool-439-thread-1] INFO  server.RaftServerConfigKeys (ConfUtils.java:logGet(43)) - raft.server.log.statemachine.data.sync = true (default)
2019-10-01 13:54:51,143 [pool-439-thread-1] INFO  server.RaftServerConfigKeys (ConfUtils.java:logGet(43)) - raft.server.log.statemachine.data.sync.timeout = 10s (default)
2019-10-01 13:54:51,143 [pool-439-thread-1] INFO  server.RaftServerConfigKeys (ConfUtils.java:logGet(43)) - raft.server.log.statemachine.data.sync.timeout.retry = -1 (default)
2019-10-01 13:54:51,143 [pool-439-thread-1] INFO  server.RaftServerConfigKeys (ConfUtils.java:logGet(43)) - raft.server.log.statemachine.data.caching.enabled = true (custom)
2019-10-01 13:54:51,143 [pool-439-thread-1] INFO  segmented.SegmentedRaftLogWorker (SegmentedRaftLogWorker.java:lambda$new$0(128)) - 8f1e37da-9a41-4be3-8e97-3c1ce31c4ce7@group-277F9BB0C20A-SegmentedRaftLogWorker: flushIndex: setUnconditionally 0 -> -1
2019-10-01 13:54:51,144 [pool-439-thread-1] INFO  server.RaftServerConfigKeys (ConfUtils.java:logGet(43)) - raft.server.snapshot.auto.trigger.enabled = true (custom)
2019-10-01 13:54:51,144 [pool-439-thread-1] INFO  server.RaftServerConfigKeys (ConfUtils.java:logGet(43)) - raft.server.snapshot.auto.trigger.threshold = 10000 (custom)
2019-10-01 13:54:51,144 [pool-439-thread-1] INFO  server.RaftServerConfigKeys (ConfUtils.java:logGet(43)) - raft.server.snapshot.retention.file.num = 5 (custom)
2019-10-01 13:54:51,144 [pool-439-thread-1] INFO  server.RaftServerConfigKeys (ConfUtils.java:logGet(43)) - raft.server.retrycache.expirytime = 600000ms (custom)
2019-10-01 13:54:51,145 [pool-439-thread-1] INFO  impl.RaftServerImpl (RaftServerImpl.java:start(181)) - 8f1e37da-9a41-4be3-8e97-3c1ce31c4ce7@group-277F9BB0C20A: start as a follower, conf=-1: [8f1e37da-9a41-4be3-8e97-3c1ce31c4ce7:192.168.164.226:34807], old=null
2019-10-01 13:54:51,146 [pool-439-thread-1] INFO  impl.RaftServerImpl (RaftServerImpl.java:setRole(170)) - 8f1e37da-9a41-4be3-8e97-3c1ce31c4ce7@group-277F9BB0C20A: changes role from      null to FOLLOWER at term 0 for startAsFollower
2019-10-01 13:54:51,146 [pool-439-thread-1] INFO  impl.RoleInfo (RoleInfo.java:updateAndGet(143)) - 8f1e37da-9a41-4be3-8e97-3c1ce31c4ce7: start FollowerState
2019-10-01 13:54:51,154 [pool-439-thread-1] INFO  util.JmxRegister (JmxRegister.java:tryRegister(44)) - Successfully registered JMX Bean with object name Ratis:service=RaftServer,group=group-277F9BB0C20A,id=8f1e37da-9a41-4be3-8e97-3c1ce31c4ce7
2019-10-01 13:54:51,164 [RatisPipelineUtilsThread] INFO  pipeline.PipelineStateManager (PipelineStateManager.java:addPipeline(56)) - Created pipeline Pipeline[ Id: 76da7679-5ecc-47e9-8c30-277f9bb0c20a, Nodes: 8f1e37da-9a41-4be3-8e97-3c1ce31c4ce7{ip: 192.168.164.226, host: pr-hdds-2210-kntbx-3061227707, networkLocation: /default-rack, certSerialId: null}, Type:RATIS, Factor:ONE, State:OPEN]
2019-10-01 13:54:51,172 [grpc-default-executor-10] INFO  impl.RaftServerProxy (RaftServerProxy.java:addNew(89)) - b5392421-db4e-4369-9727-29aa9ab96bd9: addNew group-E9CCC3656834:[76e35fbb-b42a-43d6-8a13-99c6ae7009f1:192.168.164.226:41239, 8f1e37da-9a41-4be3-8e97-3c1ce31c4ce7:192.168.164.226:34807, b5392421-db4e-4369-9727-29aa9ab96bd9:192.168.164.226:43829] returns group-E9CCC3656834:java.util.concurrent.CompletableFuture@1cbb107e[Not completed]
2019-10-01 13:54:51,173 [grpc-default-executor-10] INFO  impl.RaftServerProxy (RaftServerProxy.java:addNew(89)) - 8f1e37da-9a41-4be3-8e97-3c1ce31c4ce7: addNew group-E9CCC3656834:[76e35fbb-b42a-43d6-8a13-99c6ae7009f1:192.168.164.226:41239, 8f1e37da-9a41-4be3-8e97-3c1ce31c4ce7:192.168.164.226:34807, b5392421-db4e-4369-9727-29aa9ab96bd9:192.168.164.226:43829] returns group-E9CCC3656834:java.util.concurrent.CompletableFuture@24568835[Not completed]
2019-10-01 13:54:51,173 [grpc-default-executor-7] INFO  impl.RaftServerProxy (RaftServerProxy.java:addNew(89)) - 76e35fbb-b42a-43d6-8a13-99c6ae7009f1: addNew group-E9CCC3656834:[76e35fbb-b42a-43d6-8a13-99c6ae7009f1:192.168.164.226:41239, 8f1e37da-9a41-4be3-8e97-3c1ce31c4ce7:192.168.164.226:34807, b5392421-db4e-4369-9727-29aa9ab96bd9:192.168.164.226:43829] returns group-E9CCC3656834:java.util.concurrent.CompletableFuture@7b4a2c48[Not completed]
2019-10-01 13:54:51,173 [pool-409-thread-1] INFO  impl.RaftServerImpl (RaftServerImpl.java:<init>(95)) - b5392421-db4e-4369-9727-29aa9ab96bd9: new RaftServerImpl for group-E9CCC3656834:[76e35fbb-b42a-43d6-8a13-99c6ae7009f1:192.168.164.226:41239, 8f1e37da-9a41-4be3-8e97-3c1ce31c4ce7:192.168.164.226:34807, b5392421-db4e-4369-9727-29aa9ab96bd9:192.168.164.226:43829] with ContainerStateMachine:uninitialized
2019-10-01 13:54:51,173 [pool-409-thread-1] INFO  server.RaftServerConfigKeys (ConfUtils.java:logGet(43)) - raft.server.rpc.timeout.min = 5s (custom)
2019-10-01 13:54:51,173 [pool-409-thread-1] INFO  server.RaftServerConfigKeys (ConfUtils.java:logGet(43)) - raft.server.rpc.timeout.max = 5200ms (custom)
2019-10-01 13:54:51,173 [pool-409-thread-1] INFO  server.RaftServerConfigKeys (ConfUtils.java:logGet(43)) - raft.server.rpcslowness.timeout = 120s (custom)
2019-10-01 13:54:51,174 [pool-409-thread-1] INFO  server.RaftServerConfigKeys (ConfUtils.java:logGet(43)) - raft.server.sleep.deviation.threshold = 300 (default)
2019-10-01 13:54:51,174 [pool-439-thread-1] INFO  impl.RaftServerImpl (RaftServerImpl.java:<init>(95)) - 8f1e37da-9a41-4be3-8e97-3c1ce31c4ce7: new RaftServerImpl for group-E9CCC3656834:[76e35fbb-b42a-43d6-8a13-99c6ae7009f1:192.168.164.226:41239, 8f1e37da-9a41-4be3-8e97-3c1ce31c4ce7:192.168.164.226:34807, b5392421-db4e-4369-9727-29aa9ab96bd9:192.168.164.226:43829] with ContainerStateMachine:uninitialized
2019-10-01 13:54:51,174 [pool-409-thread-1] INFO  server.RaftServerConfigKeys (ConfUtils.java:logGet(43)) - raft.server.log.appender.install.snapshot.enabled = false (custom)
2019-10-01 13:54:51,174 [pool-439-thread-1] INFO  server.RaftServerConfigKeys (ConfUtils.java:logGet(43)) - raft.server.rpc.timeout.min = 5s (custom)
2019-10-01 13:54:51,174 [pool-409-thread-1] INFO  impl.RaftServerImpl (ServerState.java:<init>(103)) - b5392421-db4e-4369-9727-29aa9ab96bd9@group-E9CCC3656834: ConfigurationManager, init=-1: [76e35fbb-b42a-43d6-8a13-99c6ae7009f1:192.168.164.226:41239, 8f1e37da-9a41-4be3-8e97-3c1ce31c4ce7:192.168.164.226:34807, b5392421-db4e-4369-9727-29aa9ab96bd9:192.168.164.226:43829], old=null, confs=<EMPTY_MAP>
2019-10-01 13:54:51,174 [pool-439-thread-1] INFO  server.RaftServerConfigKeys (ConfUtils.java:logGet(43)) - raft.server.rpc.timeout.max = 5200ms (custom)
2019-10-01 13:54:51,174 [pool-409-thread-1] INFO  server.RaftServerConfigKeys (ConfUtils.java:logGet(43)) - raft.server.storage.dir = [/workdir/hadoop-ozone/integration-test/target/test-dir/MiniOzoneClusterImpl-8c479a76-a73b-4552-9aed-a64f66d42b91/datanode-0/data/ratis] (custom)
2019-10-01 13:54:51,174 [pool-429-thread-1] INFO  impl.RaftServerImpl (RaftServerImpl.java:<init>(95)) - 76e35fbb-b42a-43d6-8a13-99c6ae7009f1: new RaftServerImpl for group-E9CCC3656834:[76e35fbb-b42a-43d6-8a13-99c6ae7009f1:192.168.164.226:41239, 8f1e37da-9a41-4be3-8e97-3c1ce31c4ce7:192.168.164.226:34807, b5392421-db4e-4369-9727-29aa9ab96bd9:192.168.164.226:43829] with ContainerStateMachine:uninitialized
2019-10-01 13:54:51,174 [pool-439-thread-1] INFO  server.RaftServerConfigKeys (ConfUtils.java:logGet(43)) - raft.server.rpcslowness.timeout = 120s (custom)
2019-10-01 13:54:51,174 [pool-429-thread-1] INFO  server.RaftServerConfigKeys (ConfUtils.java:logGet(43)) - raft.server.rpc.timeout.min = 5s (custom)
2019-10-01 13:54:51,174 [pool-409-thread-1] INFO  server.RaftServerConfigKeys (ConfUtils.java:logGet(43)) - raft.server.log.corruption.policy = EXCEPTION (default)
2019-10-01 13:54:51,175 [pool-429-thread-1] INFO  server.RaftServerConfigKeys (ConfUtils.java:logGet(43)) - raft.server.rpc.timeout.max = 5200ms (custom)
2019-10-01 13:54:51,175 [pool-429-thread-1] INFO  server.RaftServerConfigKeys (ConfUtils.java:logGet(43)) - raft.server.rpcslowness.timeout = 120s (custom)
2019-10-01 13:54:51,175 [pool-439-thread-1] INFO  server.RaftServerConfigKeys (ConfUtils.java:logGet(43)) - raft.server.sleep.deviation.threshold = 300 (default)
2019-10-01 13:54:51,175 [pool-429-thread-1] INFO  server.RaftServerConfigKeys (ConfUtils.java:logGet(43)) - raft.server.sleep.deviation.threshold = 300 (default)
2019-10-01 13:54:51,175 [pool-409-thread-1] INFO  storage.RaftStorageDirectory (RaftStorageDirectory.java:analyzeStorage(246)) - The storage directory /workdir/hadoop-ozone/integration-test/target/test-dir/MiniOzoneClusterImpl-8c479a76-a73b-4552-9aed-a64f66d42b91/datanode-0/data/ratis/e579c5a9-3712-4969-86d7-e9ccc3656834 does not exist. Creating ...
2019-10-01 13:54:51,175 [pool-429-thread-1] INFO  server.RaftServerConfigKeys (ConfUtils.java:logGet(43)) - raft.server.log.appender.install.snapshot.enabled = false (custom)
2019-10-01 13:54:51,175 [pool-439-thread-1] INFO  server.RaftServerConfigKeys (ConfUtils.java:logGet(43)) - raft.server.log.appender.install.snapshot.enabled = false (custom)
2019-10-01 13:54:51,176 [pool-429-thread-1] INFO  impl.RaftServerImpl (ServerState.java:<init>(103)) - 76e35fbb-b42a-43d6-8a13-99c6ae7009f1@group-E9CCC3656834: ConfigurationManager, init=-1: [76e35fbb-b42a-43d6-8a13-99c6ae7009f1:192.168.164.226:41239, 8f1e37da-9a41-4be3-8e97-3c1ce31c4ce7:192.168.164.226:34807, b5392421-db4e-4369-9727-29aa9ab96bd9:192.168.164.226:43829], old=null, confs=<EMPTY_MAP>
2019-10-01 13:54:51,176 [pool-439-thread-1] INFO  impl.RaftServerImpl (ServerState.java:<init>(103)) - 8f1e37da-9a41-4be3-8e97-3c1ce31c4ce7@group-E9CCC3656834: ConfigurationManager, init=-1: [76e35fbb-b42a-43d6-8a13-99c6ae7009f1:192.168.164.226:41239, 8f1e37da-9a41-4be3-8e97-3c1ce31c4ce7:192.168.164.226:34807, b5392421-db4e-4369-9727-29aa9ab96bd9:192.168.164.226:43829], old=null, confs=<EMPTY_MAP>
2019-10-01 13:54:51,176 [pool-429-thread-1] INFO  server.RaftServerConfigKeys (ConfUtils.java:logGet(43)) - raft.server.storage.dir = [/workdir/hadoop-ozone/integration-test/target/test-dir/MiniOzoneClusterImpl-8c479a76-a73b-4552-9aed-a64f66d42b91/datanode-2/data/ratis] (custom)
2019-10-01 13:54:51,176 [pool-439-thread-1] INFO  server.RaftServerConfigKeys (ConfUtils.java:logGet(43)) - raft.server.storage.dir = [/workdir/hadoop-ozone/integration-test/target/test-dir/MiniOzoneClusterImpl-8c479a76-a73b-4552-9aed-a64f66d42b91/datanode-3/data/ratis] (custom)
2019-10-01 13:54:51,176 [pool-429-thread-1] INFO  server.RaftServerConfigKeys (ConfUtils.java:logGet(43)) - raft.server.log.corruption.policy = EXCEPTION (default)
2019-10-01 13:54:51,176 [pool-439-thread-1] INFO  server.RaftServerConfigKeys (ConfUtils.java:logGet(43)) - raft.server.log.corruption.policy = EXCEPTION (default)
2019-10-01 13:54:51,176 [pool-429-thread-1] INFO  storage.RaftStorageDirectory (RaftStorageDirectory.java:analyzeStorage(246)) - The storage directory /workdir/hadoop-ozone/integration-test/target/test-dir/MiniOzoneClusterImpl-8c479a76-a73b-4552-9aed-a64f66d42b91/datanode-2/data/ratis/e579c5a9-3712-4969-86d7-e9ccc3656834 does not exist. Creating ...
2019-10-01 13:54:51,176 [pool-439-thread-1] INFO  storage.RaftStorageDirectory (RaftStorageDirectory.java:analyzeStorage(246)) - The storage directory /workdir/hadoop-ozone/integration-test/target/test-dir/MiniOzoneClusterImpl-8c479a76-a73b-4552-9aed-a64f66d42b91/datanode-3/data/ratis/e579c5a9-3712-4969-86d7-e9ccc3656834 does not exist. Creating ...
2019-10-01 13:54:51,179 [IPC Server handler 3 on 43245] INFO  net.NetworkTopology (NetworkTopologyImpl.java:add(111)) - Added a new node: /default-rack/7a6ea145-8a02-4a57-83fc-31fd93eebedd
2019-10-01 13:54:51,179 [IPC Server handler 3 on 43245] INFO  node.SCMNodeManager (SCMNodeManager.java:register(266)) - Registered Data node : 7a6ea145-8a02-4a57-83fc-31fd93eebedd{ip: 192.168.164.226, host: pr-hdds-2210-kntbx-3061227707, networkLocation: /default-rack, certSerialId: null}
2019-10-01 13:54:51,188 [pool-409-thread-1] INFO  storage.RaftStorageDirectory (RaftStorageDirectory.java:tryLock(328)) - Lock on /workdir/hadoop-ozone/integration-test/target/test-dir/MiniOzoneClusterImpl-8c479a76-a73b-4552-9aed-a64f66d42b91/datanode-0/data/ratis/e579c5a9-3712-4969-86d7-e9ccc3656834/in_use.lock acquired by nodename 14409@pr-hdds-2210-kntbx-3061227707
2019-10-01 13:54:51,188 [pool-429-thread-1] INFO  storage.RaftStorageDirectory (RaftStorageDirectory.java:tryLock(328)) - Lock on /workdir/hadoop-ozone/integration-test/target/test-dir/MiniOzoneClusterImpl-8c479a76-a73b-4552-9aed-a64f66d42b91/datanode-2/data/ratis/e579c5a9-3712-4969-86d7-e9ccc3656834/in_use.lock acquired by nodename 14409@pr-hdds-2210-kntbx-3061227707
2019-10-01 13:54:51,188 [pool-439-thread-1] INFO  storage.RaftStorageDirectory (RaftStorageDirectory.java:tryLock(328)) - Lock on /workdir/hadoop-ozone/integration-test/target/test-dir/MiniOzoneClusterImpl-8c479a76-a73b-4552-9aed-a64f66d42b91/datanode-3/data/ratis/e579c5a9-3712-4969-86d7-e9ccc3656834/in_use.lock acquired by nodename 14409@pr-hdds-2210-kntbx-3061227707
2019-10-01 13:54:51,194 [pool-409-thread-1] INFO  storage.RaftStorage (RaftStorage.java:format(84)) - Storage directory /workdir/hadoop-ozone/integration-test/target/test-dir/MiniOzoneClusterImpl-8c479a76-a73b-4552-9aed-a64f66d42b91/datanode-0/data/ratis/e579c5a9-3712-4969-86d7-e9ccc3656834 has been successfully formatted.
2019-10-01 13:54:51,194 [pool-429-thread-1] INFO  storage.RaftStorage (RaftStorage.java:format(84)) - Storage directory /workdir/hadoop-ozone/integration-test/target/test-dir/MiniOzoneClusterImpl-8c479a76-a73b-4552-9aed-a64f66d42b91/datanode-2/data/ratis/e579c5a9-3712-4969-86d7-e9ccc3656834 has been successfully formatted.
2019-10-01 13:54:51,194 [pool-439-thread-1] INFO  storage.RaftStorage (RaftStorage.java:format(84)) - Storage directory /workdir/hadoop-ozone/integration-test/target/test-dir/MiniOzoneClusterImpl-8c479a76-a73b-4552-9aed-a64f66d42b91/datanode-3/data/ratis/e579c5a9-3712-4969-86d7-e9ccc3656834 has been successfully formatted.
2019-10-01 13:54:51,194 [pool-429-thread-1] INFO  ratis.ContainerStateMachine (ContainerStateMachine.java:loadSnapshot(230)) - group-E9CCC3656834: The snapshot info is null. Setting the last applied indexto:(t:0, i:~)
2019-10-01 13:54:51,194 [pool-409-thread-1] INFO  ratis.ContainerStateMachine (ContainerStateMachine.java:loadSnapshot(230)) - group-E9CCC3656834: The snapshot info is null. Setting the last applied indexto:(t:0, i:~)
2019-10-01 13:54:51,194 [pool-429-thread-1] INFO  server.RaftServerConfigKeys (ConfUtils.java:logGet(43)) - raft.server.notification.no-leader.timeout = 120s (custom)
2019-10-01 13:54:51,194 [pool-439-thread-1] INFO  ratis.ContainerStateMachine (ContainerStateMachine.java:loadSnapshot(230)) - group-E9CCC3656834: The snapshot info is null. Setting the last applied indexto:(t:0, i:~)
2019-10-01 13:54:51,195 [pool-429-thread-1] INFO  server.RaftServerConfigKeys (ConfUtils.java:logGet(43)) - raft.server.log.use.memory = false (default)
2019-10-01 13:54:51,195 [pool-409-thread-1] INFO  server.RaftServerConfigKeys (ConfUtils.java:logGet(43)) - raft.server.notification.no-leader.timeout = 120s (custom)
2019-10-01 13:54:51,195 [pool-429-thread-1] INFO  server.RaftServerConfigKeys (ConfUtils.java:logGet(43)) - raft.server.log.purge.gap = 1000000 (custom)
2019-10-01 13:54:51,195 [pool-439-thread-1] INFO  server.RaftServerConfigKeys (ConfUtils.java:logGet(43)) - raft.server.notification.no-leader.timeout = 120s (custom)
2019-10-01 13:54:51,195 [pool-429-thread-1] INFO  server.RaftServerConfigKeys (ConfUtils.java:logGet(43)) - raft.server.log.appender.buffer.byte-limit = 33554432 (custom)
2019-10-01 13:54:51,195 [pool-409-thread-1] INFO  server.RaftServerConfigKeys (ConfUtils.java:logGet(43)) - raft.server.log.use.memory = false (default)
2019-10-01 13:54:51,195 [pool-429-thread-1] INFO  server.RaftServerConfigKeys (ConfUtils.java:logGet(43)) - raft.server.log.segment.size.max = 1048576 (custom)
2019-10-01 13:54:51,195 [pool-439-thread-1] INFO  server.RaftServerConfigKeys (ConfUtils.java:logGet(43)) - raft.server.log.use.memory = false (default)
2019-10-01 13:54:51,196 [pool-429-thread-1] INFO  server.RaftServerConfigKeys (ConfUtils.java:logGet(43)) - raft.server.log.segment.cache.num.max = 2 (custom)
2019-10-01 13:54:51,196 [pool-409-thread-1] INFO  server.RaftServerConfigKeys (ConfUtils.java:logGet(43)) - raft.server.log.purge.gap = 1000000 (custom)
2019-10-01 13:54:51,196 [pool-429-thread-1] INFO  segmented.SegmentedRaftLogWorker (SegmentedRaftLogWorker.java:<init>(173)) - new 76e35fbb-b42a-43d6-8a13-99c6ae7009f1@group-E9CCC3656834-SegmentedRaftLogWorker for RaftStorage:Storage Directory /workdir/hadoop-ozone/integration-test/target/test-dir/MiniOzoneClusterImpl-8c479a76-a73b-4552-9aed-a64f66d42b91/datanode-2/data/ratis/e579c5a9-3712-4969-86d7-e9ccc3656834
2019-10-01 13:54:51,196 [pool-439-thread-1] INFO  server.RaftServerConfigKeys (ConfUtils.java:logGet(43)) - raft.server.log.purge.gap = 1000000 (custom)
2019-10-01 13:54:51,196 [pool-429-thread-1] INFO  server.RaftServerConfigKeys (ConfUtils.java:logGet(43)) - raft.server.log.queue.byte-limit = 2147483647 (custom)
2019-10-01 13:54:51,196 [pool-409-thread-1] INFO  server.RaftServerConfigKeys (ConfUtils.java:logGet(43)) - raft.server.log.appender.buffer.byte-limit = 33554432 (custom)
2019-10-01 13:54:51,196 [pool-429-thread-1] INFO  server.RaftServerConfigKeys (ConfUtils.java:logGet(43)) - raft.server.log.queue.element-limit = 1024 (custom)
2019-10-01 13:54:51,196 [pool-439-thread-1] INFO  server.RaftServerConfigKeys (ConfUtils.java:logGet(43)) - raft.server.log.appender.buffer.byte-limit = 33554432 (custom)
2019-10-01 13:54:51,197 [pool-429-thread-1] INFO  server.RaftServerConfigKeys (ConfUtils.java:logGet(43)) - raft.server.log.segment.size.max = 1048576 (custom)
2019-10-01 13:54:51,197 [pool-409-thread-1] INFO  server.RaftServerConfigKeys (ConfUtils.java:logGet(43)) - raft.server.log.segment.size.max = 1048576 (custom)
2019-10-01 13:54:51,197 [pool-429-thread-1] INFO  server.RaftServerConfigKeys (ConfUtils.java:logGet(43)) - raft.server.log.preallocated.size = 16384 (custom)
2019-10-01 13:54:51,197 [pool-439-thread-1] INFO  server.RaftServerConfigKeys (ConfUtils.java:logGet(43)) - raft.server.log.segment.size.max = 1048576 (custom)
2019-10-01 13:54:51,197 [pool-429-thread-1] INFO  server.RaftServerConfigKeys (ConfUtils.java:logGet(43)) - raft.server.log.write.buffer.size = 33554432 (custom)
2019-10-01 13:54:51,197 [pool-409-thread-1] INFO  server.RaftServerConfigKeys (ConfUtils.java:logGet(43)) - raft.server.log.segment.cache.num.max = 2 (custom)
2019-10-01 13:54:51,197 [pool-429-thread-1] INFO  server.RaftServerConfigKeys (ConfUtils.java:logGet(43)) - raft.server.log.force.sync.num = 128 (default)
2019-10-01 13:54:51,197 [pool-439-thread-1] INFO  server.RaftServerConfigKeys (ConfUtils.java:logGet(43)) - raft.server.log.segment.cache.num.max = 2 (custom)
2019-10-01 13:54:51,198 [pool-429-thread-1] INFO  server.RaftServerConfigKeys (ConfUtils.java:logGet(43)) - raft.server.log.statemachine.data.sync = true (default)
2019-10-01 13:54:51,198 [pool-409-thread-1] INFO  segmented.SegmentedRaftLogWorker (SegmentedRaftLogWorker.java:<init>(173)) - new b5392421-db4e-4369-9727-29aa9ab96bd9@group-E9CCC3656834-SegmentedRaftLogWorker for RaftStorage:Storage Directory /workdir/hadoop-ozone/integration-test/target/test-dir/MiniOzoneClusterImpl-8c479a76-a73b-4552-9aed-a64f66d42b91/datanode-0/data/ratis/e579c5a9-3712-4969-86d7-e9ccc3656834
2019-10-01 13:54:51,198 [pool-429-thread-1] INFO  server.RaftServerConfigKeys (ConfUtils.java:logGet(43)) - raft.server.log.statemachine.data.sync.timeout = 10s (default)
2019-10-01 13:54:51,198 [pool-439-thread-1] INFO  segmented.SegmentedRaftLogWorker (SegmentedRaftLogWorker.java:<init>(173)) - new 8f1e37da-9a41-4be3-8e97-3c1ce31c4ce7@group-E9CCC3656834-SegmentedRaftLogWorker for RaftStorage:Storage Directory /workdir/hadoop-ozone/integration-test/target/test-dir/MiniOzoneClusterImpl-8c479a76-a73b-4552-9aed-a64f66d42b91/datanode-3/data/ratis/e579c5a9-3712-4969-86d7-e9ccc3656834
2019-10-01 13:54:51,198 [pool-429-thread-1] INFO  server.RaftServerConfigKeys (ConfUtils.java:logGet(43)) - raft.server.log.statemachine.data.sync.timeout.retry = -1 (default)
2019-10-01 13:54:51,198 [pool-409-thread-1] INFO  server.RaftServerConfigKeys (ConfUtils.java:logGet(43)) - raft.server.log.queue.byte-limit = 2147483647 (custom)
2019-10-01 13:54:51,198 [pool-429-thread-1] INFO  server.RaftServerConfigKeys (ConfUtils.java:logGet(43)) - raft.server.log.statemachine.data.caching.enabled = true (custom)
2019-10-01 13:54:51,198 [pool-439-thread-1] INFO  server.RaftServerConfigKeys (ConfUtils.java:logGet(43)) - raft.server.log.queue.byte-limit = 2147483647 (custom)
2019-10-01 13:54:51,199 [pool-409-thread-1] INFO  server.RaftServerConfigKeys (ConfUtils.java:logGet(43)) - raft.server.log.queue.element-limit = 1024 (custom)
2019-10-01 13:54:51,199 [pool-429-thread-1] INFO  segmented.SegmentedRaftLogWorker (SegmentedRaftLogWorker.java:lambda$new$0(128)) - 76e35fbb-b42a-43d6-8a13-99c6ae7009f1@group-E9CCC3656834-SegmentedRaftLogWorker: flushIndex: setUnconditionally 0 -> -1
2019-10-01 13:54:51,199 [pool-439-thread-1] INFO  server.RaftServerConfigKeys (ConfUtils.java:logGet(43)) - raft.server.log.queue.element-limit = 1024 (custom)
2019-10-01 13:54:51,199 [pool-409-thread-1] INFO  server.RaftServerConfigKeys (ConfUtils.java:logGet(43)) - raft.server.log.segment.size.max = 1048576 (custom)
2019-10-01 13:54:51,199 [pool-429-thread-1] INFO  server.RaftServerConfigKeys (ConfUtils.java:logGet(43)) - raft.server.snapshot.auto.trigger.enabled = true (custom)
2019-10-01 13:54:51,199 [pool-439-thread-1] INFO  server.RaftServerConfigKeys (ConfUtils.java:logGet(43)) - raft.server.log.segment.size.max = 1048576 (custom)
2019-10-01 13:54:51,199 [pool-429-thread-1] INFO  server.RaftServerConfigKeys (ConfUtils.java:logGet(43)) - raft.server.snapshot.auto.trigger.threshold = 10000 (custom)
2019-10-01 13:54:51,199 [pool-409-thread-1] INFO  server.RaftServerConfigKeys (ConfUtils.java:logGet(43)) - raft.server.log.preallocated.size = 16384 (custom)
2019-10-01 13:54:51,200 [pool-429-thread-1] INFO  server.RaftServerConfigKeys (ConfUtils.java:logGet(43)) - raft.server.snapshot.retention.file.num = 5 (custom)
2019-10-01 13:54:51,200 [pool-439-thread-1] INFO  server.RaftServerConfigKeys (ConfUtils.java:logGet(43)) - raft.server.log.preallocated.size = 16384 (custom)
2019-10-01 13:54:51,200 [pool-429-thread-1] INFO  server.RaftServerConfigKeys (ConfUtils.java:logGet(43)) - raft.server.retrycache.expirytime = 600000ms (custom)
2019-10-01 13:54:51,200 [pool-409-thread-1] INFO  server.RaftServerConfigKeys (ConfUtils.java:logGet(43)) - raft.server.log.write.buffer.size = 33554432 (custom)
2019-10-01 13:54:51,200 [pool-439-thread-1] INFO  server.RaftServerConfigKeys (ConfUtils.java:logGet(43)) - raft.server.log.write.buffer.size = 33554432 (custom)
2019-10-01 13:54:51,200 [pool-409-thread-1] INFO  server.RaftServerConfigKeys (ConfUtils.java:logGet(43)) - raft.server.log.force.sync.num = 128 (default)
2019-10-01 13:54:51,200 [pool-439-thread-1] INFO  server.RaftServerConfigKeys (ConfUtils.java:logGet(43)) - raft.server.log.force.sync.num = 128 (default)
2019-10-01 13:54:51,200 [pool-409-thread-1] INFO  server.RaftServerConfigKeys (ConfUtils.java:logGet(43)) - raft.server.log.statemachine.data.sync = true (default)
2019-10-01 13:54:51,201 [pool-439-thread-1] INFO  server.RaftServerConfigKeys (ConfUtils.java:logGet(43)) - raft.server.log.statemachine.data.sync = true (default)
2019-10-01 13:54:51,201 [pool-409-thread-1] INFO  server.RaftServerConfigKeys (ConfUtils.java:logGet(43)) - raft.server.log.statemachine.data.sync.timeout = 10s (default)
2019-10-01 13:54:51,201 [pool-439-thread-1] INFO  server.RaftServerConfigKeys (ConfUtils.java:logGet(43)) - raft.server.log.statemachine.data.sync.timeout = 10s (default)
2019-10-01 13:54:51,201 [pool-409-thread-1] INFO  server.RaftServerConfigKeys (ConfUtils.java:logGet(43)) - raft.server.log.statemachine.data.sync.timeout.retry = -1 (default)
2019-10-01 13:54:51,201 [pool-439-thread-1] INFO  server.RaftServerConfigKeys (ConfUtils.java:logGet(43)) - raft.server.log.statemachine.data.sync.timeout.retry = -1 (default)
2019-10-01 13:54:51,201 [pool-409-thread-1] INFO  server.RaftServerConfigKeys (ConfUtils.java:logGet(43)) - raft.server.log.statemachine.data.caching.enabled = true (custom)
2019-10-01 13:54:51,201 [pool-439-thread-1] INFO  server.RaftServerConfigKeys (ConfUtils.java:logGet(43)) - raft.server.log.statemachine.data.caching.enabled = true (custom)
2019-10-01 13:54:51,202 [pool-409-thread-1] INFO  segmented.SegmentedRaftLogWorker (SegmentedRaftLogWorker.java:lambda$new$0(128)) - b5392421-db4e-4369-9727-29aa9ab96bd9@group-E9CCC3656834-SegmentedRaftLogWorker: flushIndex: setUnconditionally 0 -> -1
2019-10-01 13:54:51,202 [pool-439-thread-1] INFO  segmented.SegmentedRaftLogWorker (SegmentedRaftLogWorker.java:lambda$new$0(128)) - 8f1e37da-9a41-4be3-8e97-3c1ce31c4ce7@group-E9CCC3656834-SegmentedRaftLogWorker: flushIndex: setUnconditionally 0 -> -1
2019-10-01 13:54:51,202 [pool-429-thread-1] INFO  impl.RaftServerImpl (RaftServerImpl.java:start(181)) - 76e35fbb-b42a-43d6-8a13-99c6ae7009f1@group-E9CCC3656834: start as a follower, conf=-1: [76e35fbb-b42a-43d6-8a13-99c6ae7009f1:192.168.164.226:41239, 8f1e37da-9a41-4be3-8e97-3c1ce31c4ce7:192.168.164.226:34807, b5392421-db4e-4369-9727-29aa9ab96bd9:192.168.164.226:43829], old=null
2019-10-01 13:54:51,202 [pool-409-thread-1] INFO  server.RaftServerConfigKeys (ConfUtils.java:logGet(43)) - raft.server.snapshot.auto.trigger.enabled = true (custom)
2019-10-01 13:54:51,202 [pool-439-thread-1] INFO  server.RaftServerConfigKeys (ConfUtils.java:logGet(43)) - raft.server.snapshot.auto.trigger.enabled = true (custom)
2019-10-01 13:54:51,202 [pool-429-thread-1] INFO  impl.RaftServerImpl (RaftServerImpl.java:setRole(170)) - 76e35fbb-b42a-43d6-8a13-99c6ae7009f1@group-E9CCC3656834: changes role from      null to FOLLOWER at term 0 for startAsFollower
2019-10-01 13:54:51,202 [pool-439-thread-1] INFO  server.RaftServerConfigKeys (ConfUtils.java:logGet(43)) - raft.server.snapshot.auto.trigger.threshold = 10000 (custom)
2019-10-01 13:54:51,202 [pool-409-thread-1] INFO  server.RaftServerConfigKeys (ConfUtils.java:logGet(43)) - raft.server.snapshot.auto.trigger.threshold = 10000 (custom)
2019-10-01 13:54:51,202 [pool-439-thread-1] INFO  server.RaftServerConfigKeys (ConfUtils.java:logGet(43)) - raft.server.snapshot.retention.file.num = 5 (custom)
2019-10-01 13:54:51,202 [pool-429-thread-1] INFO  impl.RoleInfo (RoleInfo.java:updateAndGet(143)) - 76e35fbb-b42a-43d6-8a13-99c6ae7009f1: start FollowerState
2019-10-01 13:54:51,203 [pool-439-thread-1] INFO  server.RaftServerConfigKeys (ConfUtils.java:logGet(43)) - raft.server.retrycache.expirytime = 600000ms (custom)
2019-10-01 13:54:51,203 [pool-409-thread-1] INFO  server.RaftServerConfigKeys (ConfUtils.java:logGet(43)) - raft.server.snapshot.retention.file.num = 5 (custom)
2019-10-01 13:54:51,203 [pool-429-thread-1] INFO  util.JmxRegister (JmxRegister.java:tryRegister(44)) - Successfully registered JMX Bean with object name Ratis:service=RaftServer,group=group-E9CCC3656834,id=76e35fbb-b42a-43d6-8a13-99c6ae7009f1
2019-10-01 13:54:51,203 [pool-409-thread-1] INFO  server.RaftServerConfigKeys (ConfUtils.java:logGet(43)) - raft.server.retrycache.expirytime = 600000ms (custom)
2019-10-01 13:54:51,206 [pool-439-thread-1] INFO  impl.RaftServerImpl (RaftServerImpl.java:start(181)) - 8f1e37da-9a41-4be3-8e97-3c1ce31c4ce7@group-E9CCC3656834: start as a follower, conf=-1: [76e35fbb-b42a-43d6-8a13-99c6ae7009f1:192.168.164.226:41239, 8f1e37da-9a41-4be3-8e97-3c1ce31c4ce7:192.168.164.226:34807, b5392421-db4e-4369-9727-29aa9ab96bd9:192.168.164.226:43829], old=null
2019-10-01 13:54:51,206 [pool-439-thread-1] INFO  impl.RaftServerImpl (RaftServerImpl.java:setRole(170)) - 8f1e37da-9a41-4be3-8e97-3c1ce31c4ce7@group-E9CCC3656834: changes role from      null to FOLLOWER at term 0 for startAsFollower
2019-10-01 13:54:51,206 [pool-439-thread-1] INFO  impl.RoleInfo (RoleInfo.java:updateAndGet(143)) - 8f1e37da-9a41-4be3-8e97-3c1ce31c4ce7: start FollowerState
2019-10-01 13:54:51,206 [pool-409-thread-1] INFO  impl.RaftServerImpl (RaftServerImpl.java:start(181)) - b5392421-db4e-4369-9727-29aa9ab96bd9@group-E9CCC3656834: start as a follower, conf=-1: [76e35fbb-b42a-43d6-8a13-99c6ae7009f1:192.168.164.226:41239, 8f1e37da-9a41-4be3-8e97-3c1ce31c4ce7:192.168.164.226:34807, b5392421-db4e-4369-9727-29aa9ab96bd9:192.168.164.226:43829], old=null
2019-10-01 13:54:51,206 [pool-439-thread-1] INFO  util.JmxRegister (JmxRegister.java:tryRegister(44)) - Successfully registered JMX Bean with object name Ratis:service=RaftServer,group=group-E9CCC3656834,id=8f1e37da-9a41-4be3-8e97-3c1ce31c4ce7
2019-10-01 13:54:51,207 [pool-409-thread-1] INFO  impl.RaftServerImpl (RaftServerImpl.java:setRole(170)) - b5392421-db4e-4369-9727-29aa9ab96bd9@group-E9CCC3656834: changes role from      null to FOLLOWER at term 0 for startAsFollower
2019-10-01 13:54:51,207 [pool-409-thread-1] INFO  impl.RoleInfo (RoleInfo.java:updateAndGet(143)) - b5392421-db4e-4369-9727-29aa9ab96bd9: start FollowerState
2019-10-01 13:54:51,207 [pool-409-thread-1] INFO  util.JmxRegister (JmxRegister.java:tryRegister(44)) - Successfully registered JMX Bean with object name Ratis:service=RaftServer,group=group-E9CCC3656834,id=b5392421-db4e-4369-9727-29aa9ab96bd9
2019-10-01 13:54:51,211 [RatisPipelineUtilsThread] INFO  pipeline.PipelineStateManager (PipelineStateManager.java:addPipeline(56)) - Created pipeline Pipeline[ Id: e579c5a9-3712-4969-86d7-e9ccc3656834, Nodes: 76e35fbb-b42a-43d6-8a13-99c6ae7009f1{ip: 192.168.164.226, host: pr-hdds-2210-kntbx-3061227707, networkLocation: /default-rack, certSerialId: null}b5392421-db4e-4369-9727-29aa9ab96bd9{ip: 192.168.164.226, host: pr-hdds-2210-kntbx-3061227707, networkLocation: /default-rack, certSerialId: null}8f1e37da-9a41-4be3-8e97-3c1ce31c4ce7{ip: 192.168.164.226, host: pr-hdds-2210-kntbx-3061227707, networkLocation: /default-rack, certSerialId: null}, Type:RATIS, Factor:THREE, State:OPEN]
2019-10-01 13:54:51,244 [IPC Server handler 2 on 43245] INFO  net.NetworkTopology (NetworkTopologyImpl.java:add(111)) - Added a new node: /default-rack/7a036fa1-334b-4ced-82ce-fc5b7e253290
2019-10-01 13:54:51,244 [IPC Server handler 2 on 43245] INFO  node.SCMNodeManager (SCMNodeManager.java:register(266)) - Registered Data node : 7a036fa1-334b-4ced-82ce-fc5b7e253290{ip: 192.168.164.226, host: pr-hdds-2210-kntbx-3061227707, networkLocation: /default-rack, certSerialId: null}
2019-10-01 13:54:51,251 [grpc-default-executor-7] INFO  impl.RaftServerProxy (RaftServerProxy.java:addNew(89)) - 7a036fa1-334b-4ced-82ce-fc5b7e253290: addNew group-EB5FD6416B3D:[7a036fa1-334b-4ced-82ce-fc5b7e253290:192.168.164.226:36394] returns group-EB5FD6416B3D:java.util.concurrent.CompletableFuture@2ad6a3ce[Not completed]
2019-10-01 13:54:51,254 [pool-459-thread-1] INFO  impl.RaftServerImpl (RaftServerImpl.java:<init>(95)) - 7a036fa1-334b-4ced-82ce-fc5b7e253290: new RaftServerImpl for group-EB5FD6416B3D:[7a036fa1-334b-4ced-82ce-fc5b7e253290:192.168.164.226:36394] with ContainerStateMachine:uninitialized
2019-10-01 13:54:51,254 [pool-459-thread-1] INFO  server.RaftServerConfigKeys (ConfUtils.java:logGet(43)) - raft.server.rpc.timeout.min = 5s (custom)
2019-10-01 13:54:51,254 [pool-459-thread-1] INFO  server.RaftServerConfigKeys (ConfUtils.java:logGet(43)) - raft.server.rpc.timeout.max = 5200ms (custom)
2019-10-01 13:54:51,255 [pool-459-thread-1] INFO  server.RaftServerConfigKeys (ConfUtils.java:logGet(43)) - raft.server.rpcslowness.timeout = 120s (custom)
2019-10-01 13:54:51,255 [pool-459-thread-1] INFO  server.RaftServerConfigKeys (ConfUtils.java:logGet(43)) - raft.server.sleep.deviation.threshold = 300 (default)
2019-10-01 13:54:51,255 [pool-459-thread-1] INFO  server.RaftServerConfigKeys (ConfUtils.java:logGet(43)) - raft.server.log.appender.install.snapshot.enabled = false (custom)
2019-10-01 13:54:51,255 [pool-459-thread-1] INFO  impl.RaftServerImpl (ServerState.java:<init>(103)) - 7a036fa1-334b-4ced-82ce-fc5b7e253290@group-EB5FD6416B3D: ConfigurationManager, init=-1: [7a036fa1-334b-4ced-82ce-fc5b7e253290:192.168.164.226:36394], old=null, confs=<EMPTY_MAP>
2019-10-01 13:54:51,255 [pool-459-thread-1] INFO  server.RaftServerConfigKeys (ConfUtils.java:logGet(43)) - raft.server.storage.dir = [/workdir/hadoop-ozone/integration-test/target/test-dir/MiniOzoneClusterImpl-8c479a76-a73b-4552-9aed-a64f66d42b91/datanode-5/data/ratis] (custom)
2019-10-01 13:54:51,255 [pool-459-thread-1] INFO  server.RaftServerConfigKeys (ConfUtils.java:logGet(43)) - raft.server.log.corruption.policy = EXCEPTION (default)
2019-10-01 13:54:51,255 [pool-459-thread-1] INFO  storage.RaftStorageDirectory (RaftStorageDirectory.java:analyzeStorage(246)) - The storage directory /workdir/hadoop-ozone/integration-test/target/test-dir/MiniOzoneClusterImpl-8c479a76-a73b-4552-9aed-a64f66d42b91/datanode-5/data/ratis/d465d589-4553-4069-8832-eb5fd6416b3d does not exist. Creating ...
2019-10-01 13:54:51,308 [IPC Server handler 0 on 43245] INFO  net.NetworkTopology (NetworkTopologyImpl.java:add(111)) - Added a new node: /default-rack/2b6bf4e2-4b7b-4460-bc93-5b9adadc7448
2019-10-01 13:54:51,309 [IPC Server handler 0 on 43245] INFO  node.SCMNodeManager (SCMNodeManager.java:register(266)) - Registered Data node : 2b6bf4e2-4b7b-4460-bc93-5b9adadc7448{ip: 192.168.164.226, host: pr-hdds-2210-kntbx-3061227707, networkLocation: /default-rack, certSerialId: null}
2019-10-01 13:54:51,310 [main] INFO  ozone.MiniOzoneClusterImpl (MiniOzoneClusterImpl.java:lambda$waitForClusterToBeReady$0(147)) - Cluster is ready. Got 7 of 7 DN Heartbeats.
2019-10-01 13:54:51,322 [pool-459-thread-1] INFO  storage.RaftStorageDirectory (RaftStorageDirectory.java:tryLock(328)) - Lock on /workdir/hadoop-ozone/integration-test/target/test-dir/MiniOzoneClusterImpl-8c479a76-a73b-4552-9aed-a64f66d42b91/datanode-5/data/ratis/d465d589-4553-4069-8832-eb5fd6416b3d/in_use.lock acquired by nodename 14409@pr-hdds-2210-kntbx-3061227707
2019-10-01 13:54:51,343 [pool-459-thread-1] INFO  storage.RaftStorage (RaftStorage.java:format(84)) - Storage directory /workdir/hadoop-ozone/integration-test/target/test-dir/MiniOzoneClusterImpl-8c479a76-a73b-4552-9aed-a64f66d42b91/datanode-5/data/ratis/d465d589-4553-4069-8832-eb5fd6416b3d has been successfully formatted.
2019-10-01 13:54:51,343 [pool-459-thread-1] INFO  ratis.ContainerStateMachine (ContainerStateMachine.java:loadSnapshot(230)) - group-EB5FD6416B3D: The snapshot info is null. Setting the last applied indexto:(t:0, i:~)
2019-10-01 13:54:51,343 [pool-459-thread-1] INFO  server.RaftServerConfigKeys (ConfUtils.java:logGet(43)) - raft.server.notification.no-leader.timeout = 120s (custom)
2019-10-01 13:54:51,344 [pool-459-thread-1] INFO  server.RaftServerConfigKeys (ConfUtils.java:logGet(43)) - raft.server.log.use.memory = false (default)
2019-10-01 13:54:51,344 [pool-459-thread-1] INFO  server.RaftServerConfigKeys (ConfUtils.java:logGet(43)) - raft.server.log.purge.gap = 1000000 (custom)
2019-10-01 13:54:51,344 [pool-459-thread-1] INFO  server.RaftServerConfigKeys (ConfUtils.java:logGet(43)) - raft.server.log.appender.buffer.byte-limit = 33554432 (custom)
2019-10-01 13:54:51,344 [pool-459-thread-1] INFO  server.RaftServerConfigKeys (ConfUtils.java:logGet(43)) - raft.server.log.segment.size.max = 1048576 (custom)
2019-10-01 13:54:51,346 [pool-459-thread-1] INFO  server.RaftServerConfigKeys (ConfUtils.java:logGet(43)) - raft.server.log.segment.cache.num.max = 2 (custom)
2019-10-01 13:54:51,346 [pool-459-thread-1] INFO  segmented.SegmentedRaftLogWorker (SegmentedRaftLogWorker.java:<init>(173)) - new 7a036fa1-334b-4ced-82ce-fc5b7e253290@group-EB5FD6416B3D-SegmentedRaftLogWorker for RaftStorage:Storage Directory /workdir/hadoop-ozone/integration-test/target/test-dir/MiniOzoneClusterImpl-8c479a76-a73b-4552-9aed-a64f66d42b91/datanode-5/data/ratis/d465d589-4553-4069-8832-eb5fd6416b3d
2019-10-01 13:54:51,346 [pool-459-thread-1] INFO  server.RaftServerConfigKeys (ConfUtils.java:logGet(43)) - raft.server.log.queue.byte-limit = 2147483647 (custom)
2019-10-01 13:54:51,346 [pool-459-thread-1] INFO  server.RaftServerConfigKeys (ConfUtils.java:logGet(43)) - raft.server.log.queue.element-limit = 1024 (custom)
2019-10-01 13:54:51,346 [pool-459-thread-1] INFO  server.RaftServerConfigKeys (ConfUtils.java:logGet(43)) - raft.server.log.segment.size.max = 1048576 (custom)
2019-10-01 13:54:51,346 [pool-459-thread-1] INFO  server.RaftServerConfigKeys (ConfUtils.java:logGet(43)) - raft.server.log.preallocated.size = 16384 (custom)
2019-10-01 13:54:51,348 [pool-459-thread-1] INFO  server.RaftServerConfigKeys (ConfUtils.java:logGet(43)) - raft.server.log.write.buffer.size = 33554432 (custom)
2019-10-01 13:54:51,349 [pool-459-thread-1] INFO  server.RaftServerConfigKeys (ConfUtils.java:logGet(43)) - raft.server.log.force.sync.num = 128 (default)
2019-10-01 13:54:51,349 [pool-459-thread-1] INFO  server.RaftServerConfigKeys (ConfUtils.java:logGet(43)) - raft.server.log.statemachine.data.sync = true (default)
2019-10-01 13:54:51,349 [pool-459-thread-1] INFO  server.RaftServerConfigKeys (ConfUtils.java:logGet(43)) - raft.server.log.statemachine.data.sync.timeout = 10s (default)
2019-10-01 13:54:51,349 [pool-459-thread-1] INFO  server.RaftServerConfigKeys (ConfUtils.java:logGet(43)) - raft.server.log.statemachine.data.sync.timeout.retry = -1 (default)
2019-10-01 13:54:51,349 [pool-459-thread-1] INFO  server.RaftServerConfigKeys (ConfUtils.java:logGet(43)) - raft.server.log.statemachine.data.caching.enabled = true (custom)
2019-10-01 13:54:51,349 [pool-459-thread-1] INFO  segmented.SegmentedRaftLogWorker (SegmentedRaftLogWorker.java:lambda$new$0(128)) - 7a036fa1-334b-4ced-82ce-fc5b7e253290@group-EB5FD6416B3D-SegmentedRaftLogWorker: flushIndex: setUnconditionally 0 -> -1
2019-10-01 13:54:51,350 [pool-459-thread-1] INFO  server.RaftServerConfigKeys (ConfUtils.java:logGet(43)) - raft.server.snapshot.auto.trigger.enabled = true (custom)
2019-10-01 13:54:51,350 [pool-459-thread-1] INFO  server.RaftServerConfigKeys (ConfUtils.java:logGet(43)) - raft.server.snapshot.auto.trigger.threshold = 10000 (custom)
2019-10-01 13:54:51,350 [pool-459-thread-1] INFO  server.RaftServerConfigKeys (ConfUtils.java:logGet(43)) - raft.server.snapshot.retention.file.num = 5 (custom)
2019-10-01 13:54:51,350 [pool-459-thread-1] INFO  server.RaftServerConfigKeys (ConfUtils.java:logGet(43)) - raft.server.retrycache.expirytime = 600000ms (custom)
2019-10-01 13:54:51,350 [main] INFO  rpc.RpcClient (RpcClient.java:createVolume(276)) - Creating Volume: testblockoutputstream, with jenkins1000 as owner.
2019-10-01 13:54:51,351 [pool-459-thread-1] INFO  impl.RaftServerImpl (RaftServerImpl.java:start(181)) - 7a036fa1-334b-4ced-82ce-fc5b7e253290@group-EB5FD6416B3D: start as a follower, conf=-1: [7a036fa1-334b-4ced-82ce-fc5b7e253290:192.168.164.226:36394], old=null
2019-10-01 13:54:51,352 [pool-459-thread-1] INFO  impl.RaftServerImpl (RaftServerImpl.java:setRole(170)) - 7a036fa1-334b-4ced-82ce-fc5b7e253290@group-EB5FD6416B3D: changes role from      null to FOLLOWER at term 0 for startAsFollower
2019-10-01 13:54:51,352 [pool-459-thread-1] INFO  impl.RoleInfo (RoleInfo.java:updateAndGet(143)) - 7a036fa1-334b-4ced-82ce-fc5b7e253290: start FollowerState
2019-10-01 13:54:51,352 [pool-459-thread-1] INFO  util.JmxRegister (JmxRegister.java:tryRegister(44)) - Successfully registered JMX Bean with object name Ratis:service=RaftServer,group=group-EB5FD6416B3D,id=7a036fa1-334b-4ced-82ce-fc5b7e253290
2019-10-01 13:54:51,354 [IPC Server handler 2 on 35243] INFO  volume.OMVolumeCreateRequest (OMVolumeCreateRequest.java:validateAndUpdateCache(194)) - created volume:testblockoutputstream for user:jenkins1000
2019-10-01 13:54:51,355 [RatisPipelineUtilsThread] INFO  pipeline.PipelineStateManager (PipelineStateManager.java:addPipeline(56)) - Created pipeline Pipeline[ Id: d465d589-4553-4069-8832-eb5fd6416b3d, Nodes: 7a036fa1-334b-4ced-82ce-fc5b7e253290{ip: 192.168.164.226, host: pr-hdds-2210-kntbx-3061227707, networkLocation: /default-rack, certSerialId: null}, Type:RATIS, Factor:ONE, State:OPEN]
2019-10-01 13:54:51,368 [main] INFO  rpc.RpcClient (RpcClient.java:createBucket(415)) - Creating Bucket: testblockoutputstream/testblockoutputstream, with Versioning false and Storage Type set to DISK and Encryption set to false 
2019-10-01 13:54:51,371 [grpc-default-executor-7] INFO  impl.RaftServerProxy (RaftServerProxy.java:addNew(89)) - 7a6ea145-8a02-4a57-83fc-31fd93eebedd: addNew group-E99FDAC9C3BD:[7a6ea145-8a02-4a57-83fc-31fd93eebedd:192.168.164.226:33639] returns group-E99FDAC9C3BD:java.util.concurrent.CompletableFuture@3cc707e8[Not completed]
2019-10-01 13:54:51,374 [pool-449-thread-1] INFO  impl.RaftServerImpl (RaftServerImpl.java:<init>(95)) - 7a6ea145-8a02-4a57-83fc-31fd93eebedd: new RaftServerImpl for group-E99FDAC9C3BD:[7a6ea145-8a02-4a57-83fc-31fd93eebedd:192.168.164.226:33639] with ContainerStateMachine:uninitialized
2019-10-01 13:54:51,374 [pool-449-thread-1] INFO  server.RaftServerConfigKeys (ConfUtils.java:logGet(43)) - raft.server.rpc.timeout.min = 5s (custom)
2019-10-01 13:54:51,375 [pool-449-thread-1] INFO  server.RaftServerConfigKeys (ConfUtils.java:logGet(43)) - raft.server.rpc.timeout.max = 5200ms (custom)
2019-10-01 13:54:51,375 [pool-449-thread-1] INFO  server.RaftServerConfigKeys (ConfUtils.java:logGet(43)) - raft.server.rpcslowness.timeout = 120s (custom)
2019-10-01 13:54:51,375 [pool-449-thread-1] INFO  server.RaftServerConfigKeys (ConfUtils.java:logGet(43)) - raft.server.sleep.deviation.threshold = 300 (default)
2019-10-01 13:54:51,375 [pool-449-thread-1] INFO  server.RaftServerConfigKeys (ConfUtils.java:logGet(43)) - raft.server.log.appender.install.snapshot.enabled = false (custom)
2019-10-01 13:54:51,375 [pool-449-thread-1] INFO  impl.RaftServerImpl (ServerState.java:<init>(103)) - 7a6ea145-8a02-4a57-83fc-31fd93eebedd@group-E99FDAC9C3BD: ConfigurationManager, init=-1: [7a6ea145-8a02-4a57-83fc-31fd93eebedd:192.168.164.226:33639], old=null, confs=<EMPTY_MAP>
2019-10-01 13:54:51,375 [pool-449-thread-1] INFO  server.RaftServerConfigKeys (ConfUtils.java:logGet(43)) - raft.server.storage.dir = [/workdir/hadoop-ozone/integration-test/target/test-dir/MiniOzoneClusterImpl-8c479a76-a73b-4552-9aed-a64f66d42b91/datanode-4/data/ratis] (custom)
2019-10-01 13:54:51,376 [pool-449-thread-1] INFO  server.RaftServerConfigKeys (ConfUtils.java:logGet(43)) - raft.server.log.corruption.policy = EXCEPTION (default)
2019-10-01 13:54:51,376 [pool-449-thread-1] INFO  storage.RaftStorageDirectory (RaftStorageDirectory.java:analyzeStorage(246)) - The storage directory /workdir/hadoop-ozone/integration-test/target/test-dir/MiniOzoneClusterImpl-8c479a76-a73b-4552-9aed-a64f66d42b91/datanode-4/data/ratis/fd76ec07-7c1a-4125-939e-e99fdac9c3bd does not exist. Creating ...
2019-10-01 13:54:51,388 [pool-449-thread-1] INFO  storage.RaftStorageDirectory (RaftStorageDirectory.java:tryLock(328)) - Lock on /workdir/hadoop-ozone/integration-test/target/test-dir/MiniOzoneClusterImpl-8c479a76-a73b-4552-9aed-a64f66d42b91/datanode-4/data/ratis/fd76ec07-7c1a-4125-939e-e99fdac9c3bd/in_use.lock acquired by nodename 14409@pr-hdds-2210-kntbx-3061227707
2019-10-01 13:54:51,400 [pool-449-thread-1] INFO  storage.RaftStorage (RaftStorage.java:format(84)) - Storage directory /workdir/hadoop-ozone/integration-test/target/test-dir/MiniOzoneClusterImpl-8c479a76-a73b-4552-9aed-a64f66d42b91/datanode-4/data/ratis/fd76ec07-7c1a-4125-939e-e99fdac9c3bd has been successfully formatted.
2019-10-01 13:54:51,401 [pool-449-thread-1] INFO  ratis.ContainerStateMachine (ContainerStateMachine.java:loadSnapshot(230)) - group-E99FDAC9C3BD: The snapshot info is null. Setting the last applied indexto:(t:0, i:~)
2019-10-01 13:54:51,401 [pool-449-thread-1] INFO  server.RaftServerConfigKeys (ConfUtils.java:logGet(43)) - raft.server.notification.no-leader.timeout = 120s (custom)
2019-10-01 13:54:51,401 [pool-449-thread-1] INFO  server.RaftServerConfigKeys (ConfUtils.java:logGet(43)) - raft.server.log.use.memory = false (default)
2019-10-01 13:54:51,401 [pool-449-thread-1] INFO  server.RaftServerConfigKeys (ConfUtils.java:logGet(43)) - raft.server.log.purge.gap = 1000000 (custom)
2019-10-01 13:54:51,401 [pool-449-thread-1] INFO  server.RaftServerConfigKeys (ConfUtils.java:logGet(43)) - raft.server.log.appender.buffer.byte-limit = 33554432 (custom)
2019-10-01 13:54:51,401 [pool-449-thread-1] INFO  server.RaftServerConfigKeys (ConfUtils.java:logGet(43)) - raft.server.log.segment.size.max = 1048576 (custom)
2019-10-01 13:54:51,403 [pool-449-thread-1] INFO  server.RaftServerConfigKeys (ConfUtils.java:logGet(43)) - raft.server.log.segment.cache.num.max = 2 (custom)
2019-10-01 13:54:51,403 [pool-449-thread-1] INFO  segmented.SegmentedRaftLogWorker (SegmentedRaftLogWorker.java:<init>(173)) - new 7a6ea145-8a02-4a57-83fc-31fd93eebedd@group-E99FDAC9C3BD-SegmentedRaftLogWorker for RaftStorage:Storage Directory /workdir/hadoop-ozone/integration-test/target/test-dir/MiniOzoneClusterImpl-8c479a76-a73b-4552-9aed-a64f66d42b91/datanode-4/data/ratis/fd76ec07-7c1a-4125-939e-e99fdac9c3bd
2019-10-01 13:54:51,403 [pool-449-thread-1] INFO  server.RaftServerConfigKeys (ConfUtils.java:logGet(43)) - raft.server.log.queue.byte-limit = 2147483647 (custom)
2019-10-01 13:54:51,403 [pool-449-thread-1] INFO  server.RaftServerConfigKeys (ConfUtils.java:logGet(43)) - raft.server.log.queue.element-limit = 1024 (custom)
2019-10-01 13:54:51,403 [pool-449-thread-1] INFO  server.RaftServerConfigKeys (ConfUtils.java:logGet(43)) - raft.server.log.segment.size.max = 1048576 (custom)
2019-10-01 13:54:51,404 [pool-449-thread-1] INFO  server.RaftServerConfigKeys (ConfUtils.java:logGet(43)) - raft.server.log.preallocated.size = 16384 (custom)
2019-10-01 13:54:51,404 [pool-449-thread-1] INFO  server.RaftServerConfigKeys (ConfUtils.java:logGet(43)) - raft.server.log.write.buffer.size = 33554432 (custom)
2019-10-01 13:54:51,404 [pool-449-thread-1] INFO  server.RaftServerConfigKeys (ConfUtils.java:logGet(43)) - raft.server.log.force.sync.num = 128 (default)
2019-10-01 13:54:51,404 [pool-449-thread-1] INFO  server.RaftServerConfigKeys (ConfUtils.java:logGet(43)) - raft.server.log.statemachine.data.sync = true (default)
2019-10-01 13:54:51,404 [pool-449-thread-1] INFO  server.RaftServerConfigKeys (ConfUtils.java:logGet(43)) - raft.server.log.statemachine.data.sync.timeout = 10s (default)
2019-10-01 13:54:51,404 [pool-449-thread-1] INFO  server.RaftServerConfigKeys (ConfUtils.java:logGet(43)) - raft.server.log.statemachine.data.sync.timeout.retry = -1 (default)
2019-10-01 13:54:51,405 [pool-449-thread-1] INFO  server.RaftServerConfigKeys (ConfUtils.java:logGet(43)) - raft.server.log.statemachine.data.caching.enabled = true (custom)
2019-10-01 13:54:51,405 [pool-449-thread-1] INFO  segmented.SegmentedRaftLogWorker (SegmentedRaftLogWorker.java:lambda$new$0(128)) - 7a6ea145-8a02-4a57-83fc-31fd93eebedd@group-E99FDAC9C3BD-SegmentedRaftLogWorker: flushIndex: setUnconditionally 0 -> -1
2019-10-01 13:54:51,405 [pool-449-thread-1] INFO  server.RaftServerConfigKeys (ConfUtils.java:logGet(43)) - raft.server.snapshot.auto.trigger.enabled = true (custom)
2019-10-01 13:54:51,405 [pool-449-thread-1] INFO  server.RaftServerConfigKeys (ConfUtils.java:logGet(43)) - raft.server.snapshot.auto.trigger.threshold = 10000 (custom)
2019-10-01 13:54:51,405 [pool-449-thread-1] INFO  server.RaftServerConfigKeys (ConfUtils.java:logGet(43)) - raft.server.snapshot.retention.file.num = 5 (custom)
2019-10-01 13:54:51,405 [pool-449-thread-1] INFO  server.RaftServerConfigKeys (ConfUtils.java:logGet(43)) - raft.server.retrycache.expirytime = 600000ms (custom)
2019-10-01 13:54:51,407 [pool-449-thread-1] INFO  impl.RaftServerImpl (RaftServerImpl.java:start(181)) - 7a6ea145-8a02-4a57-83fc-31fd93eebedd@group-E99FDAC9C3BD: start as a follower, conf=-1: [7a6ea145-8a02-4a57-83fc-31fd93eebedd:192.168.164.226:33639], old=null
2019-10-01 13:54:51,407 [pool-449-thread-1] INFO  impl.RaftServerImpl (RaftServerImpl.java:setRole(170)) - 7a6ea145-8a02-4a57-83fc-31fd93eebedd@group-E99FDAC9C3BD: changes role from      null to FOLLOWER at term 0 for startAsFollower
2019-10-01 13:54:51,407 [pool-449-thread-1] INFO  impl.RoleInfo (RoleInfo.java:updateAndGet(143)) - 7a6ea145-8a02-4a57-83fc-31fd93eebedd: start FollowerState
2019-10-01 13:54:51,408 [pool-449-thread-1] INFO  util.JmxRegister (JmxRegister.java:tryRegister(44)) - Successfully registered JMX Bean with object name Ratis:service=RaftServer,group=group-E99FDAC9C3BD,id=7a6ea145-8a02-4a57-83fc-31fd93eebedd
2019-10-01 13:54:51,412 [RatisPipelineUtilsThread] INFO  pipeline.PipelineStateManager (PipelineStateManager.java:addPipeline(56)) - Created pipeline Pipeline[ Id: fd76ec07-7c1a-4125-939e-e99fdac9c3bd, Nodes: 7a6ea145-8a02-4a57-83fc-31fd93eebedd{ip: 192.168.164.226, host: pr-hdds-2210-kntbx-3061227707, networkLocation: /default-rack, certSerialId: null}, Type:RATIS, Factor:ONE, State:OPEN]
2019-10-01 13:54:51,419 [grpc-default-executor-7] INFO  impl.RaftServerProxy (RaftServerProxy.java:addNew(89)) - 2b6bf4e2-4b7b-4460-bc93-5b9adadc7448: addNew group-5DB19E15F4E8:[2b6bf4e2-4b7b-4460-bc93-5b9adadc7448:192.168.164.226:42527] returns group-5DB19E15F4E8:java.util.concurrent.CompletableFuture@321a16b6[Not completed]
2019-10-01 13:54:51,420 [pool-469-thread-1] INFO  impl.RaftServerImpl (RaftServerImpl.java:<init>(95)) - 2b6bf4e2-4b7b-4460-bc93-5b9adadc7448: new RaftServerImpl for group-5DB19E15F4E8:[2b6bf4e2-4b7b-4460-bc93-5b9adadc7448:192.168.164.226:42527] with ContainerStateMachine:uninitialized
2019-10-01 13:54:51,420 [pool-469-thread-1] INFO  server.RaftServerConfigKeys (ConfUtils.java:logGet(43)) - raft.server.rpc.timeout.min = 5s (custom)
2019-10-01 13:54:51,420 [pool-469-thread-1] INFO  server.RaftServerConfigKeys (ConfUtils.java:logGet(43)) - raft.server.rpc.timeout.max = 5200ms (custom)
2019-10-01 13:54:51,420 [pool-469-thread-1] INFO  server.RaftServerConfigKeys (ConfUtils.java:logGet(43)) - raft.server.rpcslowness.timeout = 120s (custom)
2019-10-01 13:54:51,420 [pool-469-thread-1] INFO  server.RaftServerConfigKeys (ConfUtils.java:logGet(43)) - raft.server.sleep.deviation.threshold = 300 (default)
2019-10-01 13:54:51,420 [pool-469-thread-1] INFO  server.RaftServerConfigKeys (ConfUtils.java:logGet(43)) - raft.server.log.appender.install.snapshot.enabled = false (custom)
2019-10-01 13:54:51,421 [pool-469-thread-1] INFO  impl.RaftServerImpl (ServerState.java:<init>(103)) - 2b6bf4e2-4b7b-4460-bc93-5b9adadc7448@group-5DB19E15F4E8: ConfigurationManager, init=-1: [2b6bf4e2-4b7b-4460-bc93-5b9adadc7448:192.168.164.226:42527], old=null, confs=<EMPTY_MAP>
2019-10-01 13:54:51,421 [pool-469-thread-1] INFO  server.RaftServerConfigKeys (ConfUtils.java:logGet(43)) - raft.server.storage.dir = [/workdir/hadoop-ozone/integration-test/target/test-dir/MiniOzoneClusterImpl-8c479a76-a73b-4552-9aed-a64f66d42b91/datanode-6/data/ratis] (custom)
2019-10-01 13:54:51,421 [pool-469-thread-1] INFO  server.RaftServerConfigKeys (ConfUtils.java:logGet(43)) - raft.server.log.corruption.policy = EXCEPTION (default)
2019-10-01 13:54:51,421 [pool-469-thread-1] INFO  storage.RaftStorageDirectory (RaftStorageDirectory.java:analyzeStorage(246)) - The storage directory /workdir/hadoop-ozone/integration-test/target/test-dir/MiniOzoneClusterImpl-8c479a76-a73b-4552-9aed-a64f66d42b91/datanode-6/data/ratis/5b155fd3-d855-49af-80ed-5db19e15f4e8 does not exist. Creating ...
2019-10-01 13:54:51,442 [pool-469-thread-1] INFO  storage.RaftStorageDirectory (RaftStorageDirectory.java:tryLock(328)) - Lock on /workdir/hadoop-ozone/integration-test/target/test-dir/MiniOzoneClusterImpl-8c479a76-a73b-4552-9aed-a64f66d42b91/datanode-6/data/ratis/5b155fd3-d855-49af-80ed-5db19e15f4e8/in_use.lock acquired by nodename 14409@pr-hdds-2210-kntbx-3061227707
2019-10-01 13:54:51,454 [pool-469-thread-1] INFO  storage.RaftStorage (RaftStorage.java:format(84)) - Storage directory /workdir/hadoop-ozone/integration-test/target/test-dir/MiniOzoneClusterImpl-8c479a76-a73b-4552-9aed-a64f66d42b91/datanode-6/data/ratis/5b155fd3-d855-49af-80ed-5db19e15f4e8 has been successfully formatted.
2019-10-01 13:54:51,454 [pool-469-thread-1] INFO  ratis.ContainerStateMachine (ContainerStateMachine.java:loadSnapshot(230)) - group-5DB19E15F4E8: The snapshot info is null. Setting the last applied indexto:(t:0, i:~)
2019-10-01 13:54:51,454 [pool-469-thread-1] INFO  server.RaftServerConfigKeys (ConfUtils.java:logGet(43)) - raft.server.notification.no-leader.timeout = 120s (custom)
2019-10-01 13:54:51,454 [pool-469-thread-1] INFO  server.RaftServerConfigKeys (ConfUtils.java:logGet(43)) - raft.server.log.use.memory = false (default)
2019-10-01 13:54:51,454 [pool-469-thread-1] INFO  server.RaftServerConfigKeys (ConfUtils.java:logGet(43)) - raft.server.log.purge.gap = 1000000 (custom)
2019-10-01 13:54:51,455 [pool-469-thread-1] INFO  server.RaftServerConfigKeys (ConfUtils.java:logGet(43)) - raft.server.log.appender.buffer.byte-limit = 33554432 (custom)
2019-10-01 13:54:51,455 [pool-469-thread-1] INFO  server.RaftServerConfigKeys (ConfUtils.java:logGet(43)) - raft.server.log.segment.size.max = 1048576 (custom)
2019-10-01 13:54:51,456 [pool-469-thread-1] INFO  server.RaftServerConfigKeys (ConfUtils.java:logGet(43)) - raft.server.log.segment.cache.num.max = 2 (custom)
2019-10-01 13:54:51,456 [pool-469-thread-1] INFO  segmented.SegmentedRaftLogWorker (SegmentedRaftLogWorker.java:<init>(173)) - new 2b6bf4e2-4b7b-4460-bc93-5b9adadc7448@group-5DB19E15F4E8-SegmentedRaftLogWorker for RaftStorage:Storage Directory /workdir/hadoop-ozone/integration-test/target/test-dir/MiniOzoneClusterImpl-8c479a76-a73b-4552-9aed-a64f66d42b91/datanode-6/data/ratis/5b155fd3-d855-49af-80ed-5db19e15f4e8
2019-10-01 13:54:51,456 [pool-469-thread-1] INFO  server.RaftServerConfigKeys (ConfUtils.java:logGet(43)) - raft.server.log.queue.byte-limit = 2147483647 (custom)
2019-10-01 13:54:51,457 [pool-469-thread-1] INFO  server.RaftServerConfigKeys (ConfUtils.java:logGet(43)) - raft.server.log.queue.element-limit = 1024 (custom)
2019-10-01 13:54:51,457 [pool-469-thread-1] INFO  server.RaftServerConfigKeys (ConfUtils.java:logGet(43)) - raft.server.log.segment.size.max = 1048576 (custom)
2019-10-01 13:54:51,457 [pool-469-thread-1] INFO  server.RaftServerConfigKeys (ConfUtils.java:logGet(43)) - raft.server.log.preallocated.size = 16384 (custom)
2019-10-01 13:54:51,457 [pool-469-thread-1] INFO  server.RaftServerConfigKeys (ConfUtils.java:logGet(43)) - raft.server.log.write.buffer.size = 33554432 (custom)
2019-10-01 13:54:51,457 [pool-469-thread-1] INFO  server.RaftServerConfigKeys (ConfUtils.java:logGet(43)) - raft.server.log.force.sync.num = 128 (default)
2019-10-01 13:54:51,457 [pool-469-thread-1] INFO  server.RaftServerConfigKeys (ConfUtils.java:logGet(43)) - raft.server.log.statemachine.data.sync = true (default)
2019-10-01 13:54:51,457 [pool-469-thread-1] INFO  server.RaftServerConfigKeys (ConfUtils.java:logGet(43)) - raft.server.log.statemachine.data.sync.timeout = 10s (default)
2019-10-01 13:54:51,457 [pool-469-thread-1] INFO  server.RaftServerConfigKeys (ConfUtils.java:logGet(43)) - raft.server.log.statemachine.data.sync.timeout.retry = -1 (default)
2019-10-01 13:54:51,458 [pool-469-thread-1] INFO  server.RaftServerConfigKeys (ConfUtils.java:logGet(43)) - raft.server.log.statemachine.data.caching.enabled = true (custom)
2019-10-01 13:54:51,458 [pool-469-thread-1] INFO  segmented.SegmentedRaftLogWorker (SegmentedRaftLogWorker.java:lambda$new$0(128)) - 2b6bf4e2-4b7b-4460-bc93-5b9adadc7448@group-5DB19E15F4E8-SegmentedRaftLogWorker: flushIndex: setUnconditionally 0 -> -1
2019-10-01 13:54:51,458 [pool-469-thread-1] INFO  server.RaftServerConfigKeys (ConfUtils.java:logGet(43)) - raft.server.snapshot.auto.trigger.enabled = true (custom)
2019-10-01 13:54:51,459 [pool-469-thread-1] INFO  server.RaftServerConfigKeys (ConfUtils.java:logGet(43)) - raft.server.snapshot.auto.trigger.threshold = 10000 (custom)
2019-10-01 13:54:51,459 [pool-469-thread-1] INFO  server.RaftServerConfigKeys (ConfUtils.java:logGet(43)) - raft.server.snapshot.retention.file.num = 5 (custom)
2019-10-01 13:54:51,459 [pool-469-thread-1] INFO  server.RaftServerConfigKeys (ConfUtils.java:logGet(43)) - raft.server.retrycache.expirytime = 600000ms (custom)
2019-10-01 13:54:51,460 [pool-469-thread-1] INFO  impl.RaftServerImpl (RaftServerImpl.java:start(181)) - 2b6bf4e2-4b7b-4460-bc93-5b9adadc7448@group-5DB19E15F4E8: start as a follower, conf=-1: [2b6bf4e2-4b7b-4460-bc93-5b9adadc7448:192.168.164.226:42527], old=null
2019-10-01 13:54:51,460 [pool-469-thread-1] INFO  impl.RaftServerImpl (RaftServerImpl.java:setRole(170)) - 2b6bf4e2-4b7b-4460-bc93-5b9adadc7448@group-5DB19E15F4E8: changes role from      null to FOLLOWER at term 0 for startAsFollower
2019-10-01 13:54:51,460 [pool-469-thread-1] INFO  impl.RoleInfo (RoleInfo.java:updateAndGet(143)) - 2b6bf4e2-4b7b-4460-bc93-5b9adadc7448: start FollowerState
2019-10-01 13:54:51,460 [pool-469-thread-1] INFO  util.JmxRegister (JmxRegister.java:tryRegister(44)) - Successfully registered JMX Bean with object name Ratis:service=RaftServer,group=group-5DB19E15F4E8,id=2b6bf4e2-4b7b-4460-bc93-5b9adadc7448
2019-10-01 13:54:51,464 [RatisPipelineUtilsThread] INFO  pipeline.PipelineStateManager (PipelineStateManager.java:addPipeline(56)) - Created pipeline Pipeline[ Id: 5b155fd3-d855-49af-80ed-5db19e15f4e8, Nodes: 2b6bf4e2-4b7b-4460-bc93-5b9adadc7448{ip: 192.168.164.226, host: pr-hdds-2210-kntbx-3061227707, networkLocation: /default-rack, certSerialId: null}, Type:RATIS, Factor:ONE, State:OPEN]
2019-10-01 13:54:51,482 [grpc-default-executor-9] INFO  impl.RaftServerProxy (RaftServerProxy.java:addNew(89)) - 7a036fa1-334b-4ced-82ce-fc5b7e253290: addNew group-D28FD509F67E:[7a036fa1-334b-4ced-82ce-fc5b7e253290:192.168.164.226:36394, fc819ada-e5e1-4ee1-965d-05fb716885e8:192.168.164.226:39631, 7a6ea145-8a02-4a57-83fc-31fd93eebedd:192.168.164.226:33639] returns group-D28FD509F67E:java.util.concurrent.CompletableFuture@6b8843b8[Not completed]
2019-10-01 13:54:51,483 [grpc-default-executor-7] INFO  impl.RaftServerProxy (RaftServerProxy.java:addNew(89)) - fc819ada-e5e1-4ee1-965d-05fb716885e8: addNew group-D28FD509F67E:[7a036fa1-334b-4ced-82ce-fc5b7e253290:192.168.164.226:36394, fc819ada-e5e1-4ee1-965d-05fb716885e8:192.168.164.226:39631, 7a6ea145-8a02-4a57-83fc-31fd93eebedd:192.168.164.226:33639] returns group-D28FD509F67E:java.util.concurrent.CompletableFuture@158e9198[Not completed]
2019-10-01 13:54:51,483 [grpc-default-executor-10] INFO  impl.RaftServerProxy (RaftServerProxy.java:addNew(89)) - 7a6ea145-8a02-4a57-83fc-31fd93eebedd: addNew group-D28FD509F67E:[7a036fa1-334b-4ced-82ce-fc5b7e253290:192.168.164.226:36394, fc819ada-e5e1-4ee1-965d-05fb716885e8:192.168.164.226:39631, 7a6ea145-8a02-4a57-83fc-31fd93eebedd:192.168.164.226:33639] returns group-D28FD509F67E:java.util.concurrent.CompletableFuture@6cb764ed[Not completed]
2019-10-01 13:54:51,484 [pool-459-thread-1] INFO  impl.RaftServerImpl (RaftServerImpl.java:<init>(95)) - 7a036fa1-334b-4ced-82ce-fc5b7e253290: new RaftServerImpl for group-D28FD509F67E:[7a036fa1-334b-4ced-82ce-fc5b7e253290:192.168.164.226:36394, fc819ada-e5e1-4ee1-965d-05fb716885e8:192.168.164.226:39631, 7a6ea145-8a02-4a57-83fc-31fd93eebedd:192.168.164.226:33639] with ContainerStateMachine:uninitialized
2019-10-01 13:54:51,484 [pool-459-thread-1] INFO  server.RaftServerConfigKeys (ConfUtils.java:logGet(43)) - raft.server.rpc.timeout.min = 5s (custom)
2019-10-01 13:54:51,484 [pool-459-thread-1] INFO  server.RaftServerConfigKeys (ConfUtils.java:logGet(43)) - raft.server.rpc.timeout.max = 5200ms (custom)
2019-10-01 13:54:51,484 [pool-459-thread-1] INFO  server.RaftServerConfigKeys (ConfUtils.java:logGet(43)) - raft.server.rpcslowness.timeout = 120s (custom)
2019-10-01 13:54:51,485 [pool-419-thread-1] INFO  impl.RaftServerImpl (RaftServerImpl.java:<init>(95)) - fc819ada-e5e1-4ee1-965d-05fb716885e8: new RaftServerImpl for group-D28FD509F67E:[7a036fa1-334b-4ced-82ce-fc5b7e253290:192.168.164.226:36394, fc819ada-e5e1-4ee1-965d-05fb716885e8:192.168.164.226:39631, 7a6ea145-8a02-4a57-83fc-31fd93eebedd:192.168.164.226:33639] with ContainerStateMachine:uninitialized
2019-10-01 13:54:51,485 [pool-459-thread-1] INFO  server.RaftServerConfigKeys (ConfUtils.java:logGet(43)) - raft.server.sleep.deviation.threshold = 300 (default)
2019-10-01 13:54:51,485 [pool-419-thread-1] INFO  server.RaftServerConfigKeys (ConfUtils.java:logGet(43)) - raft.server.rpc.timeout.min = 5s (custom)
2019-10-01 13:54:51,485 [pool-459-thread-1] INFO  server.RaftServerConfigKeys (ConfUtils.java:logGet(43)) - raft.server.log.appender.install.snapshot.enabled = false (custom)
2019-10-01 13:54:51,485 [pool-419-thread-1] INFO  server.RaftServerConfigKeys (ConfUtils.java:logGet(43)) - raft.server.rpc.timeout.max = 5200ms (custom)
2019-10-01 13:54:51,485 [pool-459-thread-1] INFO  impl.RaftServerImpl (ServerState.java:<init>(103)) - 7a036fa1-334b-4ced-82ce-fc5b7e253290@group-D28FD509F67E: ConfigurationManager, init=-1: [7a036fa1-334b-4ced-82ce-fc5b7e253290:192.168.164.226:36394, fc819ada-e5e1-4ee1-965d-05fb716885e8:192.168.164.226:39631, 7a6ea145-8a02-4a57-83fc-31fd93eebedd:192.168.164.226:33639], old=null, confs=<EMPTY_MAP>
2019-10-01 13:54:51,485 [pool-449-thread-1] INFO  impl.RaftServerImpl (RaftServerImpl.java:<init>(95)) - 7a6ea145-8a02-4a57-83fc-31fd93eebedd: new RaftServerImpl for group-D28FD509F67E:[7a036fa1-334b-4ced-82ce-fc5b7e253290:192.168.164.226:36394, fc819ada-e5e1-4ee1-965d-05fb716885e8:192.168.164.226:39631, 7a6ea145-8a02-4a57-83fc-31fd93eebedd:192.168.164.226:33639] with ContainerStateMachine:uninitialized
2019-10-01 13:54:51,485 [pool-419-thread-1] INFO  server.RaftServerConfigKeys (ConfUtils.java:logGet(43)) - raft.server.rpcslowness.timeout = 120s (custom)
2019-10-01 13:54:51,485 [pool-449-thread-1] INFO  server.RaftServerConfigKeys (ConfUtils.java:logGet(43)) - raft.server.rpc.timeout.min = 5s (custom)
2019-10-01 13:54:51,485 [pool-459-thread-1] INFO  server.RaftServerConfigKeys (ConfUtils.java:logGet(43)) - raft.server.storage.dir = [/workdir/hadoop-ozone/integration-test/target/test-dir/MiniOzoneClusterImpl-8c479a76-a73b-4552-9aed-a64f66d42b91/datanode-5/data/ratis] (custom)
2019-10-01 13:54:51,485 [pool-449-thread-1] INFO  server.RaftServerConfigKeys (ConfUtils.java:logGet(43)) - raft.server.rpc.timeout.max = 5200ms (custom)
2019-10-01 13:54:51,485 [pool-419-thread-1] INFO  server.RaftServerConfigKeys (ConfUtils.java:logGet(43)) - raft.server.sleep.deviation.threshold = 300 (default)
2019-10-01 13:54:51,486 [pool-459-thread-1] INFO  server.RaftServerConfigKeys (ConfUtils.java:logGet(43)) - raft.server.log.corruption.policy = EXCEPTION (default)
2019-10-01 13:54:51,486 [pool-449-thread-1] INFO  server.RaftServerConfigKeys (ConfUtils.java:logGet(43)) - raft.server.rpcslowness.timeout = 120s (custom)
2019-10-01 13:54:51,486 [pool-459-thread-1] INFO  storage.RaftStorageDirectory (RaftStorageDirectory.java:analyzeStorage(246)) - The storage directory /workdir/hadoop-ozone/integration-test/target/test-dir/MiniOzoneClusterImpl-8c479a76-a73b-4552-9aed-a64f66d42b91/datanode-5/data/ratis/866aa0b0-84b5-4314-b25a-d28fd509f67e does not exist. Creating ...
2019-10-01 13:54:51,486 [pool-419-thread-1] INFO  server.RaftServerConfigKeys (ConfUtils.java:logGet(43)) - raft.server.log.appender.install.snapshot.enabled = false (custom)
2019-10-01 13:54:51,486 [pool-449-thread-1] INFO  server.RaftServerConfigKeys (ConfUtils.java:logGet(43)) - raft.server.sleep.deviation.threshold = 300 (default)
2019-10-01 13:54:51,486 [pool-419-thread-1] INFO  impl.RaftServerImpl (ServerState.java:<init>(103)) - fc819ada-e5e1-4ee1-965d-05fb716885e8@group-D28FD509F67E: ConfigurationManager, init=-1: [7a036fa1-334b-4ced-82ce-fc5b7e253290:192.168.164.226:36394, fc819ada-e5e1-4ee1-965d-05fb716885e8:192.168.164.226:39631, 7a6ea145-8a02-4a57-83fc-31fd93eebedd:192.168.164.226:33639], old=null, confs=<EMPTY_MAP>
2019-10-01 13:54:51,486 [pool-449-thread-1] INFO  server.RaftServerConfigKeys (ConfUtils.java:logGet(43)) - raft.server.log.appender.install.snapshot.enabled = false (custom)
2019-10-01 13:54:51,486 [pool-419-thread-1] INFO  server.RaftServerConfigKeys (ConfUtils.java:logGet(43)) - raft.server.storage.dir = [/workdir/hadoop-ozone/integration-test/target/test-dir/MiniOzoneClusterImpl-8c479a76-a73b-4552-9aed-a64f66d42b91/datanode-1/data/ratis] (custom)
2019-10-01 13:54:51,487 [pool-449-thread-1] INFO  impl.RaftServerImpl (ServerState.java:<init>(103)) - 7a6ea145-8a02-4a57-83fc-31fd93eebedd@group-D28FD509F67E: ConfigurationManager, init=-1: [7a036fa1-334b-4ced-82ce-fc5b7e253290:192.168.164.226:36394, fc819ada-e5e1-4ee1-965d-05fb716885e8:192.168.164.226:39631, 7a6ea145-8a02-4a57-83fc-31fd93eebedd:192.168.164.226:33639], old=null, confs=<EMPTY_MAP>
2019-10-01 13:54:51,487 [pool-419-thread-1] INFO  server.RaftServerConfigKeys (ConfUtils.java:logGet(43)) - raft.server.log.corruption.policy = EXCEPTION (default)
2019-10-01 13:54:51,487 [pool-449-thread-1] INFO  server.RaftServerConfigKeys (ConfUtils.java:logGet(43)) - raft.server.storage.dir = [/workdir/hadoop-ozone/integration-test/target/test-dir/MiniOzoneClusterImpl-8c479a76-a73b-4552-9aed-a64f66d42b91/datanode-4/data/ratis] (custom)
2019-10-01 13:54:51,487 [pool-419-thread-1] INFO  storage.RaftStorageDirectory (RaftStorageDirectory.java:analyzeStorage(246)) - The storage directory /workdir/hadoop-ozone/integration-test/target/test-dir/MiniOzoneClusterImpl-8c479a76-a73b-4552-9aed-a64f66d42b91/datanode-1/data/ratis/866aa0b0-84b5-4314-b25a-d28fd509f67e does not exist. Creating ...
2019-10-01 13:54:51,487 [pool-449-thread-1] INFO  server.RaftServerConfigKeys (ConfUtils.java:logGet(43)) - raft.server.log.corruption.policy = EXCEPTION (default)
2019-10-01 13:54:51,487 [pool-449-thread-1] INFO  storage.RaftStorageDirectory (RaftStorageDirectory.java:analyzeStorage(246)) - The storage directory /workdir/hadoop-ozone/integration-test/target/test-dir/MiniOzoneClusterImpl-8c479a76-a73b-4552-9aed-a64f66d42b91/datanode-4/data/ratis/866aa0b0-84b5-4314-b25a-d28fd509f67e does not exist. Creating ...
2019-10-01 13:54:51,510 [pool-459-thread-1] INFO  storage.RaftStorageDirectory (RaftStorageDirectory.java:tryLock(328)) - Lock on /workdir/hadoop-ozone/integration-test/target/test-dir/MiniOzoneClusterImpl-8c479a76-a73b-4552-9aed-a64f66d42b91/datanode-5/data/ratis/866aa0b0-84b5-4314-b25a-d28fd509f67e/in_use.lock acquired by nodename 14409@pr-hdds-2210-kntbx-3061227707
2019-10-01 13:54:51,510 [pool-419-thread-1] INFO  storage.RaftStorageDirectory (RaftStorageDirectory.java:tryLock(328)) - Lock on /workdir/hadoop-ozone/integration-test/target/test-dir/MiniOzoneClusterImpl-8c479a76-a73b-4552-9aed-a64f66d42b91/datanode-1/data/ratis/866aa0b0-84b5-4314-b25a-d28fd509f67e/in_use.lock acquired by nodename 14409@pr-hdds-2210-kntbx-3061227707
2019-10-01 13:54:51,510 [pool-449-thread-1] INFO  storage.RaftStorageDirectory (RaftStorageDirectory.java:tryLock(328)) - Lock on /workdir/hadoop-ozone/integration-test/target/test-dir/MiniOzoneClusterImpl-8c479a76-a73b-4552-9aed-a64f66d42b91/datanode-4/data/ratis/866aa0b0-84b5-4314-b25a-d28fd509f67e/in_use.lock acquired by nodename 14409@pr-hdds-2210-kntbx-3061227707
2019-10-01 13:54:51,525 [pool-459-thread-1] INFO  storage.RaftStorage (RaftStorage.java:format(84)) - Storage directory /workdir/hadoop-ozone/integration-test/target/test-dir/MiniOzoneClusterImpl-8c479a76-a73b-4552-9aed-a64f66d42b91/datanode-5/data/ratis/866aa0b0-84b5-4314-b25a-d28fd509f67e has been successfully formatted.
2019-10-01 13:54:51,525 [pool-449-thread-1] INFO  storage.RaftStorage (RaftStorage.java:format(84)) - Storage directory /workdir/hadoop-ozone/integration-test/target/test-dir/MiniOzoneClusterImpl-8c479a76-a73b-4552-9aed-a64f66d42b91/datanode-4/data/ratis/866aa0b0-84b5-4314-b25a-d28fd509f67e has been successfully formatted.
2019-10-01 13:54:51,525 [pool-459-thread-1] INFO  ratis.ContainerStateMachine (ContainerStateMachine.java:loadSnapshot(230)) - group-D28FD509F67E: The snapshot info is null. Setting the last applied indexto:(t:0, i:~)
2019-10-01 13:54:51,525 [pool-419-thread-1] INFO  storage.RaftStorage (RaftStorage.java:format(84)) - Storage directory /workdir/hadoop-ozone/integration-test/target/test-dir/MiniOzoneClusterImpl-8c479a76-a73b-4552-9aed-a64f66d42b91/datanode-1/data/ratis/866aa0b0-84b5-4314-b25a-d28fd509f67e has been successfully formatted.
2019-10-01 13:54:51,525 [pool-459-thread-1] INFO  server.RaftServerConfigKeys (ConfUtils.java:logGet(43)) - raft.server.notification.no-leader.timeout = 120s (custom)
2019-10-01 13:54:51,525 [pool-449-thread-1] INFO  ratis.ContainerStateMachine (ContainerStateMachine.java:loadSnapshot(230)) - group-D28FD509F67E: The snapshot info is null. Setting the last applied indexto:(t:0, i:~)
2019-10-01 13:54:51,526 [pool-419-thread-1] INFO  ratis.ContainerStateMachine (ContainerStateMachine.java:loadSnapshot(230)) - group-D28FD509F67E: The snapshot info is null. Setting the last applied indexto:(t:0, i:~)
2019-10-01 13:54:51,526 [pool-459-thread-1] INFO  server.RaftServerConfigKeys (ConfUtils.java:logGet(43)) - raft.server.log.use.memory = false (default)
2019-10-01 13:54:51,526 [pool-419-thread-1] INFO  server.RaftServerConfigKeys (ConfUtils.java:logGet(43)) - raft.server.notification.no-leader.timeout = 120s (custom)
2019-10-01 13:54:51,526 [pool-449-thread-1] INFO  server.RaftServerConfigKeys (ConfUtils.java:logGet(43)) - raft.server.notification.no-leader.timeout = 120s (custom)
2019-10-01 13:54:51,526 [pool-419-thread-1] INFO  server.RaftServerConfigKeys (ConfUtils.java:logGet(43)) - raft.server.log.use.memory = false (default)
2019-10-01 13:54:51,526 [pool-459-thread-1] INFO  server.RaftServerConfigKeys (ConfUtils.java:logGet(43)) - raft.server.log.purge.gap = 1000000 (custom)
2019-10-01 13:54:51,527 [pool-419-thread-1] INFO  server.RaftServerConfigKeys (ConfUtils.java:logGet(43)) - raft.server.log.purge.gap = 1000000 (custom)
2019-10-01 13:54:51,526 [pool-449-thread-1] INFO  server.RaftServerConfigKeys (ConfUtils.java:logGet(43)) - raft.server.log.use.memory = false (default)
2019-10-01 13:54:51,527 [pool-419-thread-1] INFO  server.RaftServerConfigKeys (ConfUtils.java:logGet(43)) - raft.server.log.appender.buffer.byte-limit = 33554432 (custom)
2019-10-01 13:54:51,527 [pool-459-thread-1] INFO  server.RaftServerConfigKeys (ConfUtils.java:logGet(43)) - raft.server.log.appender.buffer.byte-limit = 33554432 (custom)
2019-10-01 13:54:51,527 [pool-419-thread-1] INFO  server.RaftServerConfigKeys (ConfUtils.java:logGet(43)) - raft.server.log.segment.size.max = 1048576 (custom)
2019-10-01 13:54:51,527 [pool-449-thread-1] INFO  server.RaftServerConfigKeys (ConfUtils.java:logGet(43)) - raft.server.log.purge.gap = 1000000 (custom)
2019-10-01 13:54:51,527 [pool-419-thread-1] INFO  server.RaftServerConfigKeys (ConfUtils.java:logGet(43)) - raft.server.log.segment.cache.num.max = 2 (custom)
2019-10-01 13:54:51,527 [pool-459-thread-1] INFO  server.RaftServerConfigKeys (ConfUtils.java:logGet(43)) - raft.server.log.segment.size.max = 1048576 (custom)
2019-10-01 13:54:51,528 [pool-419-thread-1] INFO  segmented.SegmentedRaftLogWorker (SegmentedRaftLogWorker.java:<init>(173)) - new fc819ada-e5e1-4ee1-965d-05fb716885e8@group-D28FD509F67E-SegmentedRaftLogWorker for RaftStorage:Storage Directory /workdir/hadoop-ozone/integration-test/target/test-dir/MiniOzoneClusterImpl-8c479a76-a73b-4552-9aed-a64f66d42b91/datanode-1/data/ratis/866aa0b0-84b5-4314-b25a-d28fd509f67e
2019-10-01 13:54:51,528 [pool-419-thread-1] INFO  server.RaftServerConfigKeys (ConfUtils.java:logGet(43)) - raft.server.log.queue.byte-limit = 2147483647 (custom)
2019-10-01 13:54:51,527 [pool-449-thread-1] INFO  server.RaftServerConfigKeys (ConfUtils.java:logGet(43)) - raft.server.log.appender.buffer.byte-limit = 33554432 (custom)
2019-10-01 13:54:51,528 [pool-419-thread-1] INFO  server.RaftServerConfigKeys (ConfUtils.java:logGet(43)) - raft.server.log.queue.element-limit = 1024 (custom)
2019-10-01 13:54:51,528 [pool-459-thread-1] INFO  server.RaftServerConfigKeys (ConfUtils.java:logGet(43)) - raft.server.log.segment.cache.num.max = 2 (custom)
2019-10-01 13:54:51,528 [pool-419-thread-1] INFO  server.RaftServerConfigKeys (ConfUtils.java:logGet(43)) - raft.server.log.segment.size.max = 1048576 (custom)
2019-10-01 13:54:51,528 [pool-449-thread-1] INFO  server.RaftServerConfigKeys (ConfUtils.java:logGet(43)) - raft.server.log.segment.size.max = 1048576 (custom)
2019-10-01 13:54:51,529 [pool-419-thread-1] INFO  server.RaftServerConfigKeys (ConfUtils.java:logGet(43)) - raft.server.log.preallocated.size = 16384 (custom)
2019-10-01 13:54:51,528 [pool-459-thread-1] INFO  segmented.SegmentedRaftLogWorker (SegmentedRaftLogWorker.java:<init>(173)) - new 7a036fa1-334b-4ced-82ce-fc5b7e253290@group-D28FD509F67E-SegmentedRaftLogWorker for RaftStorage:Storage Directory /workdir/hadoop-ozone/integration-test/target/test-dir/MiniOzoneClusterImpl-8c479a76-a73b-4552-9aed-a64f66d42b91/datanode-5/data/ratis/866aa0b0-84b5-4314-b25a-d28fd509f67e
2019-10-01 13:54:51,529 [pool-419-thread-1] INFO  server.RaftServerConfigKeys (ConfUtils.java:logGet(43)) - raft.server.log.write.buffer.size = 33554432 (custom)
2019-10-01 13:54:51,529 [pool-449-thread-1] INFO  server.RaftServerConfigKeys (ConfUtils.java:logGet(43)) - raft.server.log.segment.cache.num.max = 2 (custom)
2019-10-01 13:54:51,529 [pool-419-thread-1] INFO  server.RaftServerConfigKeys (ConfUtils.java:logGet(43)) - raft.server.log.force.sync.num = 128 (default)
2019-10-01 13:54:51,529 [pool-459-thread-1] INFO  server.RaftServerConfigKeys (ConfUtils.java:logGet(43)) - raft.server.log.queue.byte-limit = 2147483647 (custom)
2019-10-01 13:54:51,529 [pool-419-thread-1] INFO  server.RaftServerConfigKeys (ConfUtils.java:logGet(43)) - raft.server.log.statemachine.data.sync = true (default)
2019-10-01 13:54:51,529 [pool-449-thread-1] INFO  segmented.SegmentedRaftLogWorker (SegmentedRaftLogWorker.java:<init>(173)) - new 7a6ea145-8a02-4a57-83fc-31fd93eebedd@group-D28FD509F67E-SegmentedRaftLogWorker for RaftStorage:Storage Directory /workdir/hadoop-ozone/integration-test/target/test-dir/MiniOzoneClusterImpl-8c479a76-a73b-4552-9aed-a64f66d42b91/datanode-4/data/ratis/866aa0b0-84b5-4314-b25a-d28fd509f67e
2019-10-01 13:54:51,530 [pool-419-thread-1] INFO  server.RaftServerConfigKeys (ConfUtils.java:logGet(43)) - raft.server.log.statemachine.data.sync.timeout = 10s (default)
2019-10-01 13:54:51,529 [pool-459-thread-1] INFO  server.RaftServerConfigKeys (ConfUtils.java:logGet(43)) - raft.server.log.queue.element-limit = 1024 (custom)
2019-10-01 13:54:51,530 [pool-419-thread-1] INFO  server.RaftServerConfigKeys (ConfUtils.java:logGet(43)) - raft.server.log.statemachine.data.sync.timeout.retry = -1 (default)
2019-10-01 13:54:51,530 [pool-449-thread-1] INFO  server.RaftServerConfigKeys (ConfUtils.java:logGet(43)) - raft.server.log.queue.byte-limit = 2147483647 (custom)
2019-10-01 13:54:51,530 [pool-419-thread-1] INFO  server.RaftServerConfigKeys (ConfUtils.java:logGet(43)) - raft.server.log.statemachine.data.caching.enabled = true (custom)
2019-10-01 13:54:51,530 [pool-459-thread-1] INFO  server.RaftServerConfigKeys (ConfUtils.java:logGet(43)) - raft.server.log.segment.size.max = 1048576 (custom)
2019-10-01 13:54:51,530 [pool-449-thread-1] INFO  server.RaftServerConfigKeys (ConfUtils.java:logGet(43)) - raft.server.log.queue.element-limit = 1024 (custom)
2019-10-01 13:54:51,531 [pool-419-thread-1] INFO  segmented.SegmentedRaftLogWorker (SegmentedRaftLogWorker.java:lambda$new$0(128)) - fc819ada-e5e1-4ee1-965d-05fb716885e8@group-D28FD509F67E-SegmentedRaftLogWorker: flushIndex: setUnconditionally 0 -> -1
2019-10-01 13:54:51,531 [pool-459-thread-1] INFO  server.RaftServerConfigKeys (ConfUtils.java:logGet(43)) - raft.server.log.preallocated.size = 16384 (custom)
2019-10-01 13:54:51,531 [pool-449-thread-1] INFO  server.RaftServerConfigKeys (ConfUtils.java:logGet(43)) - raft.server.log.segment.size.max = 1048576 (custom)
2019-10-01 13:54:51,531 [pool-419-thread-1] INFO  server.RaftServerConfigKeys (ConfUtils.java:logGet(43)) - raft.server.snapshot.auto.trigger.enabled = true (custom)
2019-10-01 13:54:51,531 [pool-459-thread-1] INFO  server.RaftServerConfigKeys (ConfUtils.java:logGet(43)) - raft.server.log.write.buffer.size = 33554432 (custom)
2019-10-01 13:54:51,531 [pool-419-thread-1] INFO  server.RaftServerConfigKeys (ConfUtils.java:logGet(43)) - raft.server.snapshot.auto.trigger.threshold = 10000 (custom)
2019-10-01 13:54:51,531 [pool-449-thread-1] INFO  server.RaftServerConfigKeys (ConfUtils.java:logGet(43)) - raft.server.log.preallocated.size = 16384 (custom)
2019-10-01 13:54:51,531 [pool-419-thread-1] INFO  server.RaftServerConfigKeys (ConfUtils.java:logGet(43)) - raft.server.snapshot.retention.file.num = 5 (custom)
2019-10-01 13:54:51,531 [pool-459-thread-1] INFO  server.RaftServerConfigKeys (ConfUtils.java:logGet(43)) - raft.server.log.force.sync.num = 128 (default)
2019-10-01 13:54:51,532 [pool-419-thread-1] INFO  server.RaftServerConfigKeys (ConfUtils.java:logGet(43)) - raft.server.retrycache.expirytime = 600000ms (custom)
2019-10-01 13:54:51,532 [pool-449-thread-1] INFO  server.RaftServerConfigKeys (ConfUtils.java:logGet(43)) - raft.server.log.write.buffer.size = 33554432 (custom)
2019-10-01 13:54:51,532 [pool-459-thread-1] INFO  server.RaftServerConfigKeys (ConfUtils.java:logGet(43)) - raft.server.log.statemachine.data.sync = true (default)
2019-10-01 13:54:51,532 [pool-449-thread-1] INFO  server.RaftServerConfigKeys (ConfUtils.java:logGet(43)) - raft.server.log.force.sync.num = 128 (default)
2019-10-01 13:54:51,532 [pool-459-thread-1] INFO  server.RaftServerConfigKeys (ConfUtils.java:logGet(43)) - raft.server.log.statemachine.data.sync.timeout = 10s (default)
2019-10-01 13:54:51,532 [pool-449-thread-1] INFO  server.RaftServerConfigKeys (ConfUtils.java:logGet(43)) - raft.server.log.statemachine.data.sync = true (default)
2019-10-01 13:54:51,533 [pool-459-thread-1] INFO  server.RaftServerConfigKeys (ConfUtils.java:logGet(43)) - raft.server.log.statemachine.data.sync.timeout.retry = -1 (default)
2019-10-01 13:54:51,533 [pool-449-thread-1] INFO  server.RaftServerConfigKeys (ConfUtils.java:logGet(43)) - raft.server.log.statemachine.data.sync.timeout = 10s (default)
2019-10-01 13:54:51,533 [pool-459-thread-1] INFO  server.RaftServerConfigKeys (ConfUtils.java:logGet(43)) - raft.server.log.statemachine.data.caching.enabled = true (custom)
2019-10-01 13:54:51,533 [pool-449-thread-1] INFO  server.RaftServerConfigKeys (ConfUtils.java:logGet(43)) - raft.server.log.statemachine.data.sync.timeout.retry = -1 (default)
2019-10-01 13:54:51,533 [pool-459-thread-1] INFO  segmented.SegmentedRaftLogWorker (SegmentedRaftLogWorker.java:lambda$new$0(128)) - 7a036fa1-334b-4ced-82ce-fc5b7e253290@group-D28FD509F67E-SegmentedRaftLogWorker: flushIndex: setUnconditionally 0 -> -1
2019-10-01 13:54:51,533 [pool-449-thread-1] INFO  server.RaftServerConfigKeys (ConfUtils.java:logGet(43)) - raft.server.log.statemachine.data.caching.enabled = true (custom)
2019-10-01 13:54:51,533 [pool-459-thread-1] INFO  server.RaftServerConfigKeys (ConfUtils.java:logGet(43)) - raft.server.snapshot.auto.trigger.enabled = true (custom)
2019-10-01 13:54:51,534 [pool-459-thread-1] INFO  server.RaftServerConfigKeys (ConfUtils.java:logGet(43)) - raft.server.snapshot.auto.trigger.threshold = 10000 (custom)
2019-10-01 13:54:51,534 [pool-449-thread-1] INFO  segmented.SegmentedRaftLogWorker (SegmentedRaftLogWorker.java:lambda$new$0(128)) - 7a6ea145-8a02-4a57-83fc-31fd93eebedd@group-D28FD509F67E-SegmentedRaftLogWorker: flushIndex: setUnconditionally 0 -> -1
2019-10-01 13:54:51,534 [pool-419-thread-1] INFO  impl.RaftServerImpl (RaftServerImpl.java:start(181)) - fc819ada-e5e1-4ee1-965d-05fb716885e8@group-D28FD509F67E: start as a follower, conf=-1: [7a036fa1-334b-4ced-82ce-fc5b7e253290:192.168.164.226:36394, fc819ada-e5e1-4ee1-965d-05fb716885e8:192.168.164.226:39631, 7a6ea145-8a02-4a57-83fc-31fd93eebedd:192.168.164.226:33639], old=null
2019-10-01 13:54:51,534 [pool-419-thread-1] INFO  impl.RaftServerImpl (RaftServerImpl.java:setRole(170)) - fc819ada-e5e1-4ee1-965d-05fb716885e8@group-D28FD509F67E: changes role from      null to FOLLOWER at term 0 for startAsFollower
2019-10-01 13:54:51,534 [pool-459-thread-1] INFO  server.RaftServerConfigKeys (ConfUtils.java:logGet(43)) - raft.server.snapshot.retention.file.num = 5 (custom)
2019-10-01 13:54:51,534 [pool-419-thread-1] INFO  impl.RoleInfo (RoleInfo.java:updateAndGet(143)) - fc819ada-e5e1-4ee1-965d-05fb716885e8: start FollowerState
2019-10-01 13:54:51,534 [pool-449-thread-1] INFO  server.RaftServerConfigKeys (ConfUtils.java:logGet(43)) - raft.server.snapshot.auto.trigger.enabled = true (custom)
2019-10-01 13:54:51,534 [pool-459-thread-1] INFO  server.RaftServerConfigKeys (ConfUtils.java:logGet(43)) - raft.server.retrycache.expirytime = 600000ms (custom)
2019-10-01 13:54:51,535 [pool-419-thread-1] INFO  util.JmxRegister (JmxRegister.java:tryRegister(44)) - Successfully registered JMX Bean with object name Ratis:service=RaftServer,group=group-D28FD509F67E,id=fc819ada-e5e1-4ee1-965d-05fb716885e8
2019-10-01 13:54:51,534 [pool-449-thread-1] INFO  server.RaftServerConfigKeys (ConfUtils.java:logGet(43)) - raft.server.snapshot.auto.trigger.threshold = 10000 (custom)
2019-10-01 13:54:51,535 [pool-449-thread-1] INFO  server.RaftServerConfigKeys (ConfUtils.java:logGet(43)) - raft.server.snapshot.retention.file.num = 5 (custom)
2019-10-01 13:54:51,535 [pool-449-thread-1] INFO  server.RaftServerConfigKeys (ConfUtils.java:logGet(43)) - raft.server.retrycache.expirytime = 600000ms (custom)
2019-10-01 13:54:51,539 [pool-459-thread-1] INFO  impl.RaftServerImpl (RaftServerImpl.java:start(181)) - 7a036fa1-334b-4ced-82ce-fc5b7e253290@group-D28FD509F67E: start as a follower, conf=-1: [7a036fa1-334b-4ced-82ce-fc5b7e253290:192.168.164.226:36394, fc819ada-e5e1-4ee1-965d-05fb716885e8:192.168.164.226:39631, 7a6ea145-8a02-4a57-83fc-31fd93eebedd:192.168.164.226:33639], old=null
2019-10-01 13:54:51,539 [pool-459-thread-1] INFO  impl.RaftServerImpl (RaftServerImpl.java:setRole(170)) - 7a036fa1-334b-4ced-82ce-fc5b7e253290@group-D28FD509F67E: changes role from      null to FOLLOWER at term 0 for startAsFollower
2019-10-01 13:54:51,539 [pool-459-thread-1] INFO  impl.RoleInfo (RoleInfo.java:updateAndGet(143)) - 7a036fa1-334b-4ced-82ce-fc5b7e253290: start FollowerState
2019-10-01 13:54:51,540 [pool-459-thread-1] INFO  util.JmxRegister (JmxRegister.java:tryRegister(44)) - Successfully registered JMX Bean with object name Ratis:service=RaftServer,group=group-D28FD509F67E,id=7a036fa1-334b-4ced-82ce-fc5b7e253290
2019-10-01 13:54:51,540 [pool-449-thread-1] INFO  impl.RaftServerImpl (RaftServerImpl.java:start(181)) - 7a6ea145-8a02-4a57-83fc-31fd93eebedd@group-D28FD509F67E: start as a follower, conf=-1: [7a036fa1-334b-4ced-82ce-fc5b7e253290:192.168.164.226:36394, fc819ada-e5e1-4ee1-965d-05fb716885e8:192.168.164.226:39631, 7a6ea145-8a02-4a57-83fc-31fd93eebedd:192.168.164.226:33639], old=null
2019-10-01 13:54:51,540 [pool-449-thread-1] INFO  impl.RaftServerImpl (RaftServerImpl.java:setRole(170)) - 7a6ea145-8a02-4a57-83fc-31fd93eebedd@group-D28FD509F67E: changes role from      null to FOLLOWER at term 0 for startAsFollower
2019-10-01 13:54:51,541 [pool-449-thread-1] INFO  impl.RoleInfo (RoleInfo.java:updateAndGet(143)) - 7a6ea145-8a02-4a57-83fc-31fd93eebedd: start FollowerState
2019-10-01 13:54:51,541 [pool-449-thread-1] INFO  util.JmxRegister (JmxRegister.java:tryRegister(44)) - Successfully registered JMX Bean with object name Ratis:service=RaftServer,group=group-D28FD509F67E,id=7a6ea145-8a02-4a57-83fc-31fd93eebedd
2019-10-01 13:54:51,545 [RatisPipelineUtilsThread] INFO  pipeline.PipelineStateManager (PipelineStateManager.java:addPipeline(56)) - Created pipeline Pipeline[ Id: 866aa0b0-84b5-4314-b25a-d28fd509f67e, Nodes: 7a036fa1-334b-4ced-82ce-fc5b7e253290{ip: 192.168.164.226, host: pr-hdds-2210-kntbx-3061227707, networkLocation: /default-rack, certSerialId: null}7a6ea145-8a02-4a57-83fc-31fd93eebedd{ip: 192.168.164.226, host: pr-hdds-2210-kntbx-3061227707, networkLocation: /default-rack, certSerialId: null}fc819ada-e5e1-4ee1-965d-05fb716885e8{ip: 192.168.164.226, host: pr-hdds-2210-kntbx-3061227707, networkLocation: /default-rack, certSerialId: null}, Type:RATIS, Factor:THREE, State:OPEN]
2019-10-01 13:54:53,921 [Thread-3033] INFO  container.ReplicationManager (ReplicationManager.java:start(162)) - Starting Replication Monitor Thread.
2019-10-01 13:54:53,935 [ReplicationMonitor] INFO  container.ReplicationManager (ReplicationManager.java:run(225)) - Replication Monitor Thread took 0 milliseconds for processing 1 containers.
2019-10-01 13:54:56,012 [Thread-3035] INFO  impl.FollowerState (FollowerState.java:run(108)) - b5392421-db4e-4369-9727-29aa9ab96bd9@group-AE5A9732317B-FollowerState: change to CANDIDATE, lastRpcTime:5033ms, electionTimeout:5033ms
2019-10-01 13:54:56,013 [Thread-3035] INFO  impl.RoleInfo (RoleInfo.java:shutdownFollowerState(121)) - b5392421-db4e-4369-9727-29aa9ab96bd9: shutdown FollowerState
2019-10-01 13:54:56,013 [Thread-3035] INFO  impl.RaftServerImpl (RaftServerImpl.java:setRole(170)) - b5392421-db4e-4369-9727-29aa9ab96bd9@group-AE5A9732317B: changes role from  FOLLOWER to CANDIDATE at term 0 for changeToCandidate
2019-10-01 13:54:56,013 [Thread-3035] INFO  impl.RoleInfo (RoleInfo.java:updateAndGet(143)) - b5392421-db4e-4369-9727-29aa9ab96bd9: start LeaderElection
2019-10-01 13:54:56,058 [b5392421-db4e-4369-9727-29aa9ab96bd9@group-AE5A9732317B-LeaderElection63] INFO  impl.LeaderElection (LeaderElection.java:askForVotes(178)) - b5392421-db4e-4369-9727-29aa9ab96bd9@group-AE5A9732317B-LeaderElection63: begin an election at term 1 for -1: [b5392421-db4e-4369-9727-29aa9ab96bd9:192.168.164.226:43829], old=null
2019-10-01 13:54:56,058 [b5392421-db4e-4369-9727-29aa9ab96bd9@group-AE5A9732317B-LeaderElection63] INFO  impl.RoleInfo (RoleInfo.java:shutdownLeaderElection(134)) - b5392421-db4e-4369-9727-29aa9ab96bd9: shutdown LeaderElection
2019-10-01 13:54:56,059 [b5392421-db4e-4369-9727-29aa9ab96bd9@group-AE5A9732317B-LeaderElection63] INFO  impl.RaftServerImpl (RaftServerImpl.java:setRole(170)) - b5392421-db4e-4369-9727-29aa9ab96bd9@group-AE5A9732317B: changes role from CANDIDATE to LEADER at term 1 for changeToLeader
2019-10-01 13:54:56,059 [b5392421-db4e-4369-9727-29aa9ab96bd9@group-AE5A9732317B-LeaderElection63] INFO  impl.RaftServerImpl (ServerState.java:setLeader(255)) - b5392421-db4e-4369-9727-29aa9ab96bd9@group-AE5A9732317B: change Leader from null to b5392421-db4e-4369-9727-29aa9ab96bd9 at term 1 for becomeLeader, leader elected after 5090ms
2019-10-01 13:54:56,059 [b5392421-db4e-4369-9727-29aa9ab96bd9@group-AE5A9732317B-LeaderElection63] INFO  server.RaftServerConfigKeys (ConfUtils.java:logGet(43)) - raft.server.staging.catchup.gap = 1000 (default)
2019-10-01 13:54:56,059 [b5392421-db4e-4369-9727-29aa9ab96bd9@group-AE5A9732317B-LeaderElection63] INFO  server.RaftServerConfigKeys (ConfUtils.java:logGet(43)) - raft.server.rpc.sleep.time = 25ms (default)
2019-10-01 13:54:56,060 [b5392421-db4e-4369-9727-29aa9ab96bd9@group-AE5A9732317B-LeaderElection63] INFO  server.RaftServerConfigKeys (ConfUtils.java:logGet(43)) - raft.server.write.element-limit = 4096 (default)
2019-10-01 13:54:56,060 [b5392421-db4e-4369-9727-29aa9ab96bd9@group-AE5A9732317B-LeaderElection63] INFO  server.RaftServerConfigKeys (ConfUtils.java:logGet(43)) - raft.server.watch.timeout = 10s (default)
2019-10-01 13:54:56,060 [b5392421-db4e-4369-9727-29aa9ab96bd9@group-AE5A9732317B-LeaderElection63] INFO  server.RaftServerConfigKeys (ConfUtils.java:logGet(43)) - raft.server.watch.timeout.denomination = 1s (default)
2019-10-01 13:54:56,060 [b5392421-db4e-4369-9727-29aa9ab96bd9@group-AE5A9732317B-LeaderElection63] INFO  server.RaftServerConfigKeys (ConfUtils.java:logGet(43)) - raft.server.watch.element-limit = 65536 (default)
2019-10-01 13:54:56,063 [b5392421-db4e-4369-9727-29aa9ab96bd9@group-AE5A9732317B-LeaderElection63] INFO  impl.RoleInfo (RoleInfo.java:updateAndGet(143)) - b5392421-db4e-4369-9727-29aa9ab96bd9: start LeaderState
2019-10-01 13:54:56,063 [b5392421-db4e-4369-9727-29aa9ab96bd9@group-AE5A9732317B-LeaderElection63] INFO  segmented.SegmentedRaftLogWorker (SegmentedRaftLogWorker.java:startLogSegment(385)) - b5392421-db4e-4369-9727-29aa9ab96bd9@group-AE5A9732317B-SegmentedRaftLogWorker: Starting segment from index:0
2019-10-01 13:54:56,064 [b5392421-db4e-4369-9727-29aa9ab96bd9@group-AE5A9732317B-LeaderElection63] INFO  impl.RaftServerImpl (ServerState.java:setRaftConf(356)) - b5392421-db4e-4369-9727-29aa9ab96bd9@group-AE5A9732317B: set configuration 0: [b5392421-db4e-4369-9727-29aa9ab96bd9:192.168.164.226:43829], old=null at 0
2019-10-01 13:54:56,091 [b5392421-db4e-4369-9727-29aa9ab96bd9@group-AE5A9732317B-SegmentedRaftLogWorker] INFO  segmented.SegmentedRaftLogWorker (SegmentedRaftLogWorker.java:execute(574)) - b5392421-db4e-4369-9727-29aa9ab96bd9@group-AE5A9732317B-SegmentedRaftLogWorker: created new log segment /workdir/hadoop-ozone/integration-test/target/test-dir/MiniOzoneClusterImpl-8c479a76-a73b-4552-9aed-a64f66d42b91/datanode-0/data/ratis/e787639d-64a4-4afd-b6f7-ae5a9732317b/current/log_inprogress_0
2019-10-01 13:54:56,101 [Thread-3038] INFO  impl.FollowerState (FollowerState.java:run(108)) - fc819ada-e5e1-4ee1-965d-05fb716885e8@group-F38063CA88F8-FollowerState: change to CANDIDATE, lastRpcTime:5076ms, electionTimeout:5076ms
2019-10-01 13:54:56,102 [Thread-3038] INFO  impl.RoleInfo (RoleInfo.java:shutdownFollowerState(121)) - fc819ada-e5e1-4ee1-965d-05fb716885e8: shutdown FollowerState
2019-10-01 13:54:56,102 [Thread-3038] INFO  impl.RaftServerImpl (RaftServerImpl.java:setRole(170)) - fc819ada-e5e1-4ee1-965d-05fb716885e8@group-F38063CA88F8: changes role from  FOLLOWER to CANDIDATE at term 0 for changeToCandidate
2019-10-01 13:54:56,102 [Thread-3038] INFO  impl.RoleInfo (RoleInfo.java:updateAndGet(143)) - fc819ada-e5e1-4ee1-965d-05fb716885e8: start LeaderElection
2019-10-01 13:54:56,118 [fc819ada-e5e1-4ee1-965d-05fb716885e8@group-F38063CA88F8-LeaderElection64] INFO  impl.LeaderElection (LeaderElection.java:askForVotes(178)) - fc819ada-e5e1-4ee1-965d-05fb716885e8@group-F38063CA88F8-LeaderElection64: begin an election at term 1 for -1: [fc819ada-e5e1-4ee1-965d-05fb716885e8:192.168.164.226:39631], old=null
2019-10-01 13:54:56,118 [fc819ada-e5e1-4ee1-965d-05fb716885e8@group-F38063CA88F8-LeaderElection64] INFO  impl.RoleInfo (RoleInfo.java:shutdownLeaderElection(134)) - fc819ada-e5e1-4ee1-965d-05fb716885e8: shutdown LeaderElection
2019-10-01 13:54:56,118 [fc819ada-e5e1-4ee1-965d-05fb716885e8@group-F38063CA88F8-LeaderElection64] INFO  impl.RaftServerImpl (RaftServerImpl.java:setRole(170)) - fc819ada-e5e1-4ee1-965d-05fb716885e8@group-F38063CA88F8: changes role from CANDIDATE to LEADER at term 1 for changeToLeader
2019-10-01 13:54:56,119 [fc819ada-e5e1-4ee1-965d-05fb716885e8@group-F38063CA88F8-LeaderElection64] INFO  impl.RaftServerImpl (ServerState.java:setLeader(255)) - fc819ada-e5e1-4ee1-965d-05fb716885e8@group-F38063CA88F8: change Leader from null to fc819ada-e5e1-4ee1-965d-05fb716885e8 at term 1 for becomeLeader, leader elected after 5099ms
2019-10-01 13:54:56,119 [fc819ada-e5e1-4ee1-965d-05fb716885e8@group-F38063CA88F8-LeaderElection64] INFO  server.RaftServerConfigKeys (ConfUtils.java:logGet(43)) - raft.server.staging.catchup.gap = 1000 (default)
2019-10-01 13:54:56,119 [fc819ada-e5e1-4ee1-965d-05fb716885e8@group-F38063CA88F8-LeaderElection64] INFO  server.RaftServerConfigKeys (ConfUtils.java:logGet(43)) - raft.server.rpc.sleep.time = 25ms (default)
2019-10-01 13:54:56,119 [fc819ada-e5e1-4ee1-965d-05fb716885e8@group-F38063CA88F8-LeaderElection64] INFO  server.RaftServerConfigKeys (ConfUtils.java:logGet(43)) - raft.server.write.element-limit = 4096 (default)
2019-10-01 13:54:56,119 [fc819ada-e5e1-4ee1-965d-05fb716885e8@group-F38063CA88F8-LeaderElection64] INFO  server.RaftServerConfigKeys (ConfUtils.java:logGet(43)) - raft.server.watch.timeout = 10s (default)
2019-10-01 13:54:56,119 [fc819ada-e5e1-4ee1-965d-05fb716885e8@group-F38063CA88F8-LeaderElection64] INFO  server.RaftServerConfigKeys (ConfUtils.java:logGet(43)) - raft.server.watch.timeout.denomination = 1s (default)
2019-10-01 13:54:56,119 [fc819ada-e5e1-4ee1-965d-05fb716885e8@group-F38063CA88F8-LeaderElection64] INFO  server.RaftServerConfigKeys (ConfUtils.java:logGet(43)) - raft.server.watch.element-limit = 65536 (default)
2019-10-01 13:54:56,121 [fc819ada-e5e1-4ee1-965d-05fb716885e8@group-F38063CA88F8-LeaderElection64] INFO  impl.RoleInfo (RoleInfo.java:updateAndGet(143)) - fc819ada-e5e1-4ee1-965d-05fb716885e8: start LeaderState
2019-10-01 13:54:56,122 [fc819ada-e5e1-4ee1-965d-05fb716885e8@group-F38063CA88F8-LeaderElection64] INFO  segmented.SegmentedRaftLogWorker (SegmentedRaftLogWorker.java:startLogSegment(385)) - fc819ada-e5e1-4ee1-965d-05fb716885e8@group-F38063CA88F8-SegmentedRaftLogWorker: Starting segment from index:0
2019-10-01 13:54:56,122 [fc819ada-e5e1-4ee1-965d-05fb716885e8@group-F38063CA88F8-LeaderElection64] INFO  impl.RaftServerImpl (ServerState.java:setRaftConf(356)) - fc819ada-e5e1-4ee1-965d-05fb716885e8@group-F38063CA88F8: set configuration 0: [fc819ada-e5e1-4ee1-965d-05fb716885e8:192.168.164.226:39631], old=null at 0
2019-10-01 13:54:56,148 [fc819ada-e5e1-4ee1-965d-05fb716885e8@group-F38063CA88F8-SegmentedRaftLogWorker] INFO  segmented.SegmentedRaftLogWorker (SegmentedRaftLogWorker.java:execute(574)) - fc819ada-e5e1-4ee1-965d-05fb716885e8@group-F38063CA88F8-SegmentedRaftLogWorker: created new log segment /workdir/hadoop-ozone/integration-test/target/test-dir/MiniOzoneClusterImpl-8c479a76-a73b-4552-9aed-a64f66d42b91/datanode-1/data/ratis/0450a6bd-4b1d-44cc-9cdc-f38063ca88f8/current/log_inprogress_0
2019-10-01 13:54:56,179 [Thread-3041] INFO  impl.FollowerState (FollowerState.java:run(108)) - 76e35fbb-b42a-43d6-8a13-99c6ae7009f1@group-0F756ED40316-FollowerState: change to CANDIDATE, lastRpcTime:5076ms, electionTimeout:5076ms
2019-10-01 13:54:56,179 [Thread-3041] INFO  impl.RoleInfo (RoleInfo.java:shutdownFollowerState(121)) - 76e35fbb-b42a-43d6-8a13-99c6ae7009f1: shutdown FollowerState
2019-10-01 13:54:56,179 [Thread-3041] INFO  impl.RaftServerImpl (RaftServerImpl.java:setRole(170)) - 76e35fbb-b42a-43d6-8a13-99c6ae7009f1@group-0F756ED40316: changes role from  FOLLOWER to CANDIDATE at term 0 for changeToCandidate
2019-10-01 13:54:56,179 [Thread-3041] INFO  impl.RoleInfo (RoleInfo.java:updateAndGet(143)) - 76e35fbb-b42a-43d6-8a13-99c6ae7009f1: start LeaderElection
2019-10-01 13:54:56,198 [76e35fbb-b42a-43d6-8a13-99c6ae7009f1@group-0F756ED40316-LeaderElection65] INFO  impl.LeaderElection (LeaderElection.java:askForVotes(178)) - 76e35fbb-b42a-43d6-8a13-99c6ae7009f1@group-0F756ED40316-LeaderElection65: begin an election at term 1 for -1: [76e35fbb-b42a-43d6-8a13-99c6ae7009f1:192.168.164.226:41239], old=null
2019-10-01 13:54:56,198 [76e35fbb-b42a-43d6-8a13-99c6ae7009f1@group-0F756ED40316-LeaderElection65] INFO  impl.RoleInfo (RoleInfo.java:shutdownLeaderElection(134)) - 76e35fbb-b42a-43d6-8a13-99c6ae7009f1: shutdown LeaderElection
2019-10-01 13:54:56,198 [76e35fbb-b42a-43d6-8a13-99c6ae7009f1@group-0F756ED40316-LeaderElection65] INFO  impl.RaftServerImpl (RaftServerImpl.java:setRole(170)) - 76e35fbb-b42a-43d6-8a13-99c6ae7009f1@group-0F756ED40316: changes role from CANDIDATE to LEADER at term 1 for changeToLeader
2019-10-01 13:54:56,198 [76e35fbb-b42a-43d6-8a13-99c6ae7009f1@group-0F756ED40316-LeaderElection65] INFO  impl.RaftServerImpl (ServerState.java:setLeader(255)) - 76e35fbb-b42a-43d6-8a13-99c6ae7009f1@group-0F756ED40316: change Leader from null to 76e35fbb-b42a-43d6-8a13-99c6ae7009f1 at term 1 for becomeLeader, leader elected after 5102ms
2019-10-01 13:54:56,198 [76e35fbb-b42a-43d6-8a13-99c6ae7009f1@group-0F756ED40316-LeaderElection65] INFO  server.RaftServerConfigKeys (ConfUtils.java:logGet(43)) - raft.server.staging.catchup.gap = 1000 (default)
2019-10-01 13:54:56,198 [76e35fbb-b42a-43d6-8a13-99c6ae7009f1@group-0F756ED40316-LeaderElection65] INFO  server.RaftServerConfigKeys (ConfUtils.java:logGet(43)) - raft.server.rpc.sleep.time = 25ms (default)
2019-10-01 13:54:56,198 [76e35fbb-b42a-43d6-8a13-99c6ae7009f1@group-0F756ED40316-LeaderElection65] INFO  server.RaftServerConfigKeys (ConfUtils.java:logGet(43)) - raft.server.write.element-limit = 4096 (default)
2019-10-01 13:54:56,199 [76e35fbb-b42a-43d6-8a13-99c6ae7009f1@group-0F756ED40316-LeaderElection65] INFO  server.RaftServerConfigKeys (ConfUtils.java:logGet(43)) - raft.server.watch.timeout = 10s (default)
2019-10-01 13:54:56,199 [76e35fbb-b42a-43d6-8a13-99c6ae7009f1@group-0F756ED40316-LeaderElection65] INFO  server.RaftServerConfigKeys (ConfUtils.java:logGet(43)) - raft.server.watch.timeout.denomination = 1s (default)
2019-10-01 13:54:56,199 [76e35fbb-b42a-43d6-8a13-99c6ae7009f1@group-0F756ED40316-LeaderElection65] INFO  server.RaftServerConfigKeys (ConfUtils.java:logGet(43)) - raft.server.watch.element-limit = 65536 (default)
2019-10-01 13:54:56,200 [76e35fbb-b42a-43d6-8a13-99c6ae7009f1@group-0F756ED40316-LeaderElection65] INFO  impl.RoleInfo (RoleInfo.java:updateAndGet(143)) - 76e35fbb-b42a-43d6-8a13-99c6ae7009f1: start LeaderState
2019-10-01 13:54:56,200 [76e35fbb-b42a-43d6-8a13-99c6ae7009f1@group-0F756ED40316-LeaderElection65] INFO  segmented.SegmentedRaftLogWorker (SegmentedRaftLogWorker.java:startLogSegment(385)) - 76e35fbb-b42a-43d6-8a13-99c6ae7009f1@group-0F756ED40316-SegmentedRaftLogWorker: Starting segment from index:0
2019-10-01 13:54:56,201 [76e35fbb-b42a-43d6-8a13-99c6ae7009f1@group-0F756ED40316-LeaderElection65] INFO  impl.RaftServerImpl (ServerState.java:setRaftConf(356)) - 76e35fbb-b42a-43d6-8a13-99c6ae7009f1@group-0F756ED40316: set configuration 0: [76e35fbb-b42a-43d6-8a13-99c6ae7009f1:192.168.164.226:41239], old=null at 0
2019-10-01 13:54:56,234 [Thread-3050] INFO  impl.FollowerState (FollowerState.java:run(108)) - 8f1e37da-9a41-4be3-8e97-3c1ce31c4ce7@group-E9CCC3656834-FollowerState: change to CANDIDATE, lastRpcTime:5027ms, electionTimeout:5027ms
2019-10-01 13:54:56,234 [Thread-3050] INFO  impl.RoleInfo (RoleInfo.java:shutdownFollowerState(121)) - 8f1e37da-9a41-4be3-8e97-3c1ce31c4ce7: shutdown FollowerState
2019-10-01 13:54:56,234 [Thread-3050] INFO  impl.RaftServerImpl (RaftServerImpl.java:setRole(170)) - 8f1e37da-9a41-4be3-8e97-3c1ce31c4ce7@group-E9CCC3656834: changes role from  FOLLOWER to CANDIDATE at term 0 for changeToCandidate
2019-10-01 13:54:56,234 [Thread-3050] INFO  impl.RoleInfo (RoleInfo.java:updateAndGet(143)) - 8f1e37da-9a41-4be3-8e97-3c1ce31c4ce7: start LeaderElection
2019-10-01 13:54:56,240 [76e35fbb-b42a-43d6-8a13-99c6ae7009f1@group-0F756ED40316-SegmentedRaftLogWorker] INFO  segmented.SegmentedRaftLogWorker (SegmentedRaftLogWorker.java:execute(574)) - 76e35fbb-b42a-43d6-8a13-99c6ae7009f1@group-0F756ED40316-SegmentedRaftLogWorker: created new log segment /workdir/hadoop-ozone/integration-test/target/test-dir/MiniOzoneClusterImpl-8c479a76-a73b-4552-9aed-a64f66d42b91/datanode-2/data/ratis/7f17f792-f3d5-4fd3-b225-0f756ed40316/current/log_inprogress_0
2019-10-01 13:54:56,243 [8f1e37da-9a41-4be3-8e97-3c1ce31c4ce7@group-E9CCC3656834-LeaderElection66] INFO  impl.LeaderElection (LeaderElection.java:askForVotes(178)) - 8f1e37da-9a41-4be3-8e97-3c1ce31c4ce7@group-E9CCC3656834-LeaderElection66: begin an election at term 1 for -1: [76e35fbb-b42a-43d6-8a13-99c6ae7009f1:192.168.164.226:41239, 8f1e37da-9a41-4be3-8e97-3c1ce31c4ce7:192.168.164.226:34807, b5392421-db4e-4369-9727-29aa9ab96bd9:192.168.164.226:43829], old=null
2019-10-01 13:54:56,250 [grpc-default-executor-10] INFO  impl.RaftServerImpl (RaftServerImpl.java:setRole(170)) - b5392421-db4e-4369-9727-29aa9ab96bd9@group-E9CCC3656834: changes role from  FOLLOWER to FOLLOWER at term 1 for recognizeCandidate:8f1e37da-9a41-4be3-8e97-3c1ce31c4ce7
2019-10-01 13:54:56,250 [grpc-default-executor-7] INFO  impl.RaftServerImpl (RaftServerImpl.java:setRole(170)) - 76e35fbb-b42a-43d6-8a13-99c6ae7009f1@group-E9CCC3656834: changes role from  FOLLOWER to FOLLOWER at term 1 for recognizeCandidate:8f1e37da-9a41-4be3-8e97-3c1ce31c4ce7
2019-10-01 13:54:56,250 [grpc-default-executor-10] INFO  impl.RoleInfo (RoleInfo.java:shutdownFollowerState(121)) - b5392421-db4e-4369-9727-29aa9ab96bd9: shutdown FollowerState
2019-10-01 13:54:56,250 [grpc-default-executor-7] INFO  impl.RoleInfo (RoleInfo.java:shutdownFollowerState(121)) - 76e35fbb-b42a-43d6-8a13-99c6ae7009f1: shutdown FollowerState
2019-10-01 13:54:56,250 [grpc-default-executor-10] INFO  impl.RoleInfo (RoleInfo.java:updateAndGet(143)) - b5392421-db4e-4369-9727-29aa9ab96bd9: start FollowerState
2019-10-01 13:54:56,250 [Thread-3047] INFO  impl.FollowerState (FollowerState.java:run(117)) - 76e35fbb-b42a-43d6-8a13-99c6ae7009f1@group-E9CCC3656834-FollowerState was interrupted: java.lang.InterruptedException: sleep interrupted
2019-10-01 13:54:56,250 [Thread-3052] INFO  impl.FollowerState (FollowerState.java:run(117)) - b5392421-db4e-4369-9727-29aa9ab96bd9@group-E9CCC3656834-FollowerState was interrupted: java.lang.InterruptedException: sleep interrupted
2019-10-01 13:54:56,250 [grpc-default-executor-7] INFO  impl.RoleInfo (RoleInfo.java:updateAndGet(143)) - 76e35fbb-b42a-43d6-8a13-99c6ae7009f1: start FollowerState
2019-10-01 13:54:56,268 [8f1e37da-9a41-4be3-8e97-3c1ce31c4ce7@group-E9CCC3656834-LeaderElection66] INFO  impl.LeaderElection (LeaderElection.java:logAndReturn(56)) - 8f1e37da-9a41-4be3-8e97-3c1ce31c4ce7@group-E9CCC3656834-LeaderElection66: Election PASSED; received 1 response(s) [8f1e37da-9a41-4be3-8e97-3c1ce31c4ce7<-76e35fbb-b42a-43d6-8a13-99c6ae7009f1#0:OK-t1] and 0 exception(s); 8f1e37da-9a41-4be3-8e97-3c1ce31c4ce7@group-E9CCC3656834:t1, leader=null, voted=8f1e37da-9a41-4be3-8e97-3c1ce31c4ce7, raftlog=8f1e37da-9a41-4be3-8e97-3c1ce31c4ce7@group-E9CCC3656834-SegmentedRaftLog:OPENED:c-1,f-1,i0, conf=-1: [76e35fbb-b42a-43d6-8a13-99c6ae7009f1:192.168.164.226:41239, 8f1e37da-9a41-4be3-8e97-3c1ce31c4ce7:192.168.164.226:34807, b5392421-db4e-4369-9727-29aa9ab96bd9:192.168.164.226:43829], old=null
2019-10-01 13:54:56,268 [8f1e37da-9a41-4be3-8e97-3c1ce31c4ce7@group-E9CCC3656834-LeaderElection66] INFO  impl.RoleInfo (RoleInfo.java:shutdownLeaderElection(134)) - 8f1e37da-9a41-4be3-8e97-3c1ce31c4ce7: shutdown LeaderElection
2019-10-01 13:54:56,268 [8f1e37da-9a41-4be3-8e97-3c1ce31c4ce7@group-E9CCC3656834-LeaderElection66] INFO  impl.RaftServerImpl (RaftServerImpl.java:setRole(170)) - 8f1e37da-9a41-4be3-8e97-3c1ce31c4ce7@group-E9CCC3656834: changes role from CANDIDATE to LEADER at term 1 for changeToLeader
2019-10-01 13:54:56,268 [8f1e37da-9a41-4be3-8e97-3c1ce31c4ce7@group-E9CCC3656834-LeaderElection66] INFO  impl.RaftServerImpl (ServerState.java:setLeader(255)) - 8f1e37da-9a41-4be3-8e97-3c1ce31c4ce7@group-E9CCC3656834: change Leader from null to 8f1e37da-9a41-4be3-8e97-3c1ce31c4ce7 at term 1 for becomeLeader, leader elected after 5073ms
2019-10-01 13:54:56,268 [8f1e37da-9a41-4be3-8e97-3c1ce31c4ce7@group-E9CCC3656834-LeaderElection66] INFO  server.RaftServerConfigKeys (ConfUtils.java:logGet(43)) - raft.server.staging.catchup.gap = 1000 (default)
2019-10-01 13:54:56,268 [8f1e37da-9a41-4be3-8e97-3c1ce31c4ce7@group-E9CCC3656834-LeaderElection66] INFO  server.RaftServerConfigKeys (ConfUtils.java:logGet(43)) - raft.server.rpc.sleep.time = 25ms (default)
2019-10-01 13:54:56,268 [8f1e37da-9a41-4be3-8e97-3c1ce31c4ce7@group-E9CCC3656834-LeaderElection66] INFO  server.RaftServerConfigKeys (ConfUtils.java:logGet(43)) - raft.server.write.element-limit = 4096 (default)
2019-10-01 13:54:56,268 [8f1e37da-9a41-4be3-8e97-3c1ce31c4ce7@group-E9CCC3656834-LeaderElection66] INFO  server.RaftServerConfigKeys (ConfUtils.java:logGet(43)) - raft.server.watch.timeout = 10s (default)
2019-10-01 13:54:56,269 [8f1e37da-9a41-4be3-8e97-3c1ce31c4ce7@group-E9CCC3656834-LeaderElection66] INFO  server.RaftServerConfigKeys (ConfUtils.java:logGet(43)) - raft.server.watch.timeout.denomination = 1s (default)
2019-10-01 13:54:56,269 [8f1e37da-9a41-4be3-8e97-3c1ce31c4ce7@group-E9CCC3656834-LeaderElection66] INFO  server.RaftServerConfigKeys (ConfUtils.java:logGet(43)) - raft.server.watch.element-limit = 65536 (default)
2019-10-01 13:54:56,270 [8f1e37da-9a41-4be3-8e97-3c1ce31c4ce7@group-E9CCC3656834-LeaderElection66] INFO  server.RaftServerConfigKeys (ConfUtils.java:logGet(43)) - raft.server.log.appender.snapshot.chunk.size.max = 16MB (=16777216) (default)
2019-10-01 13:54:56,270 [8f1e37da-9a41-4be3-8e97-3c1ce31c4ce7@group-E9CCC3656834-LeaderElection66] INFO  server.RaftServerConfigKeys (ConfUtils.java:logGet(43)) - raft.server.log.appender.buffer.byte-limit = 33554432 (custom)
2019-10-01 13:54:56,270 [8f1e37da-9a41-4be3-8e97-3c1ce31c4ce7@group-E9CCC3656834-LeaderElection66] INFO  server.RaftServerConfigKeys (ConfUtils.java:logGet(43)) - raft.server.log.appender.buffer.element-limit = 1 (custom)
2019-10-01 13:54:56,271 [8f1e37da-9a41-4be3-8e97-3c1ce31c4ce7@group-E9CCC3656834-LeaderElection66] INFO  grpc.GrpcConfigKeys$Server (ConfUtils.java:logGet(43)) - raft.grpc.server.leader.outstanding.appends.max = 128 (default)
2019-10-01 13:54:56,271 [8f1e37da-9a41-4be3-8e97-3c1ce31c4ce7@group-E9CCC3656834-LeaderElection66] INFO  server.RaftServerConfigKeys (ConfUtils.java:logGet(43)) - raft.server.rpc.request.timeout = 3000ms (default)
2019-10-01 13:54:56,271 [8f1e37da-9a41-4be3-8e97-3c1ce31c4ce7@group-E9CCC3656834-LeaderElection66] INFO  server.RaftServerConfigKeys (ConfUtils.java:logGet(43)) - raft.server.log.appender.install.snapshot.enabled = false (custom)
2019-10-01 13:54:56,271 [8f1e37da-9a41-4be3-8e97-3c1ce31c4ce7@group-E9CCC3656834-LeaderElection66] INFO  server.RaftServerConfigKeys (ConfUtils.java:logGet(43)) - raft.server.log.appender.snapshot.chunk.size.max = 16MB (=16777216) (default)
2019-10-01 13:54:56,271 [8f1e37da-9a41-4be3-8e97-3c1ce31c4ce7@group-E9CCC3656834-LeaderElection66] INFO  server.RaftServerConfigKeys (ConfUtils.java:logGet(43)) - raft.server.log.appender.buffer.byte-limit = 33554432 (custom)
2019-10-01 13:54:56,271 [8f1e37da-9a41-4be3-8e97-3c1ce31c4ce7@group-E9CCC3656834-LeaderElection66] INFO  server.RaftServerConfigKeys (ConfUtils.java:logGet(43)) - raft.server.log.appender.buffer.element-limit = 1 (custom)
2019-10-01 13:54:56,271 [8f1e37da-9a41-4be3-8e97-3c1ce31c4ce7@group-E9CCC3656834-LeaderElection66] INFO  grpc.GrpcConfigKeys$Server (ConfUtils.java:logGet(43)) - raft.grpc.server.leader.outstanding.appends.max = 128 (default)
2019-10-01 13:54:56,271 [8f1e37da-9a41-4be3-8e97-3c1ce31c4ce7@group-E9CCC3656834-LeaderElection66] INFO  server.RaftServerConfigKeys (ConfUtils.java:logGet(43)) - raft.server.rpc.request.timeout = 3000ms (default)
2019-10-01 13:54:56,272 [8f1e37da-9a41-4be3-8e97-3c1ce31c4ce7@group-E9CCC3656834-LeaderElection66] INFO  server.RaftServerConfigKeys (ConfUtils.java:logGet(43)) - raft.server.log.appender.install.snapshot.enabled = false (custom)
2019-10-01 13:54:56,272 [8f1e37da-9a41-4be3-8e97-3c1ce31c4ce7@group-E9CCC3656834-LeaderElection66] INFO  impl.RoleInfo (RoleInfo.java:updateAndGet(143)) - 8f1e37da-9a41-4be3-8e97-3c1ce31c4ce7: start LeaderState
2019-10-01 13:54:56,272 [8f1e37da-9a41-4be3-8e97-3c1ce31c4ce7@group-E9CCC3656834-LeaderElection66] INFO  segmented.SegmentedRaftLogWorker (SegmentedRaftLogWorker.java:startLogSegment(385)) - 8f1e37da-9a41-4be3-8e97-3c1ce31c4ce7@group-E9CCC3656834-SegmentedRaftLogWorker: Starting segment from index:0
2019-10-01 13:54:56,273 [8f1e37da-9a41-4be3-8e97-3c1ce31c4ce7@group-E9CCC3656834-LeaderElection66] INFO  impl.RaftServerImpl (ServerState.java:setRaftConf(356)) - 8f1e37da-9a41-4be3-8e97-3c1ce31c4ce7@group-E9CCC3656834: set configuration 0: [76e35fbb-b42a-43d6-8a13-99c6ae7009f1:192.168.164.226:41239, 8f1e37da-9a41-4be3-8e97-3c1ce31c4ce7:192.168.164.226:34807, b5392421-db4e-4369-9727-29aa9ab96bd9:192.168.164.226:43829], old=null at 0
2019-10-01 13:54:56,292 [grpc-default-executor-10] INFO  impl.RaftServerImpl (ServerState.java:setLeader(255)) - b5392421-db4e-4369-9727-29aa9ab96bd9@group-E9CCC3656834: change Leader from null to 8f1e37da-9a41-4be3-8e97-3c1ce31c4ce7 at term 1 for appendEntries, leader elected after 5097ms
2019-10-01 13:54:56,295 [8f1e37da-9a41-4be3-8e97-3c1ce31c4ce7@group-E9CCC3656834-SegmentedRaftLogWorker] INFO  segmented.SegmentedRaftLogWorker (SegmentedRaftLogWorker.java:execute(574)) - 8f1e37da-9a41-4be3-8e97-3c1ce31c4ce7@group-E9CCC3656834-SegmentedRaftLogWorker: created new log segment /workdir/hadoop-ozone/integration-test/target/test-dir/MiniOzoneClusterImpl-8c479a76-a73b-4552-9aed-a64f66d42b91/datanode-3/data/ratis/e579c5a9-3712-4969-86d7-e9ccc3656834/current/log_inprogress_0
2019-10-01 13:54:56,292 [grpc-default-executor-7] INFO  impl.RaftServerImpl (ServerState.java:setLeader(255)) - 76e35fbb-b42a-43d6-8a13-99c6ae7009f1@group-E9CCC3656834: change Leader from null to 8f1e37da-9a41-4be3-8e97-3c1ce31c4ce7 at term 1 for appendEntries, leader elected after 5097ms
2019-10-01 13:54:56,313 [grpc-default-executor-7] INFO  impl.RaftServerImpl (ServerState.java:setRaftConf(356)) - 76e35fbb-b42a-43d6-8a13-99c6ae7009f1@group-E9CCC3656834: set configuration 0: [76e35fbb-b42a-43d6-8a13-99c6ae7009f1:192.168.164.226:41239, 8f1e37da-9a41-4be3-8e97-3c1ce31c4ce7:192.168.164.226:34807, b5392421-db4e-4369-9727-29aa9ab96bd9:192.168.164.226:43829], old=null at 0
2019-10-01 13:54:56,313 [grpc-default-executor-10] INFO  impl.RaftServerImpl (ServerState.java:setRaftConf(356)) - b5392421-db4e-4369-9727-29aa9ab96bd9@group-E9CCC3656834: set configuration 0: [76e35fbb-b42a-43d6-8a13-99c6ae7009f1:192.168.164.226:41239, 8f1e37da-9a41-4be3-8e97-3c1ce31c4ce7:192.168.164.226:34807, b5392421-db4e-4369-9727-29aa9ab96bd9:192.168.164.226:43829], old=null at 0
2019-10-01 13:54:56,313 [grpc-default-executor-7] INFO  segmented.SegmentedRaftLogWorker (SegmentedRaftLogWorker.java:startLogSegment(385)) - 76e35fbb-b42a-43d6-8a13-99c6ae7009f1@group-E9CCC3656834-SegmentedRaftLogWorker: Starting segment from index:0
2019-10-01 13:54:56,313 [grpc-default-executor-10] INFO  segmented.SegmentedRaftLogWorker (SegmentedRaftLogWorker.java:startLogSegment(385)) - b5392421-db4e-4369-9727-29aa9ab96bd9@group-E9CCC3656834-SegmentedRaftLogWorker: Starting segment from index:0
2019-10-01 13:54:56,314 [Thread-3044] INFO  impl.FollowerState (FollowerState.java:run(108)) - 8f1e37da-9a41-4be3-8e97-3c1ce31c4ce7@group-277F9BB0C20A-FollowerState: change to CANDIDATE, lastRpcTime:5168ms, electionTimeout:5168ms
2019-10-01 13:54:56,314 [Thread-3044] INFO  impl.RoleInfo (RoleInfo.java:shutdownFollowerState(121)) - 8f1e37da-9a41-4be3-8e97-3c1ce31c4ce7: shutdown FollowerState
2019-10-01 13:54:56,315 [Thread-3044] INFO  impl.RaftServerImpl (RaftServerImpl.java:setRole(170)) - 8f1e37da-9a41-4be3-8e97-3c1ce31c4ce7@group-277F9BB0C20A: changes role from  FOLLOWER to CANDIDATE at term 0 for changeToCandidate
2019-10-01 13:54:56,315 [Thread-3044] INFO  impl.RoleInfo (RoleInfo.java:updateAndGet(143)) - 8f1e37da-9a41-4be3-8e97-3c1ce31c4ce7: start LeaderElection
2019-10-01 13:54:56,341 [b5392421-db4e-4369-9727-29aa9ab96bd9@group-E9CCC3656834-SegmentedRaftLogWorker] INFO  segmented.SegmentedRaftLogWorker (SegmentedRaftLogWorker.java:execute(574)) - b5392421-db4e-4369-9727-29aa9ab96bd9@group-E9CCC3656834-SegmentedRaftLogWorker: created new log segment /workdir/hadoop-ozone/integration-test/target/test-dir/MiniOzoneClusterImpl-8c479a76-a73b-4552-9aed-a64f66d42b91/datanode-0/data/ratis/e579c5a9-3712-4969-86d7-e9ccc3656834/current/log_inprogress_0
2019-10-01 13:54:56,341 [8f1e37da-9a41-4be3-8e97-3c1ce31c4ce7@group-277F9BB0C20A-LeaderElection67] INFO  impl.LeaderElection (LeaderElection.java:askForVotes(178)) - 8f1e37da-9a41-4be3-8e97-3c1ce31c4ce7@group-277F9BB0C20A-LeaderElection67: begin an election at term 1 for -1: [8f1e37da-9a41-4be3-8e97-3c1ce31c4ce7:192.168.164.226:34807], old=null
2019-10-01 13:54:56,341 [76e35fbb-b42a-43d6-8a13-99c6ae7009f1@group-E9CCC3656834-SegmentedRaftLogWorker] INFO  segmented.SegmentedRaftLogWorker (SegmentedRaftLogWorker.java:execute(574)) - 76e35fbb-b42a-43d6-8a13-99c6ae7009f1@group-E9CCC3656834-SegmentedRaftLogWorker: created new log segment /workdir/hadoop-ozone/integration-test/target/test-dir/MiniOzoneClusterImpl-8c479a76-a73b-4552-9aed-a64f66d42b91/datanode-2/data/ratis/e579c5a9-3712-4969-86d7-e9ccc3656834/current/log_inprogress_0
2019-10-01 13:54:56,341 [8f1e37da-9a41-4be3-8e97-3c1ce31c4ce7@group-277F9BB0C20A-LeaderElection67] INFO  impl.RoleInfo (RoleInfo.java:shutdownLeaderElection(134)) - 8f1e37da-9a41-4be3-8e97-3c1ce31c4ce7: shutdown LeaderElection
2019-10-01 13:54:56,341 [8f1e37da-9a41-4be3-8e97-3c1ce31c4ce7@group-277F9BB0C20A-LeaderElection67] INFO  impl.RaftServerImpl (RaftServerImpl.java:setRole(170)) - 8f1e37da-9a41-4be3-8e97-3c1ce31c4ce7@group-277F9BB0C20A: changes role from CANDIDATE to LEADER at term 1 for changeToLeader
2019-10-01 13:54:56,342 [8f1e37da-9a41-4be3-8e97-3c1ce31c4ce7@group-277F9BB0C20A-LeaderElection67] INFO  impl.RaftServerImpl (ServerState.java:setLeader(255)) - 8f1e37da-9a41-4be3-8e97-3c1ce31c4ce7@group-277F9BB0C20A: change Leader from null to 8f1e37da-9a41-4be3-8e97-3c1ce31c4ce7 at term 1 for becomeLeader, leader elected after 5201ms
2019-10-01 13:54:56,342 [8f1e37da-9a41-4be3-8e97-3c1ce31c4ce7@group-277F9BB0C20A-LeaderElection67] INFO  server.RaftServerConfigKeys (ConfUtils.java:logGet(43)) - raft.server.staging.catchup.gap = 1000 (default)
2019-10-01 13:54:56,342 [8f1e37da-9a41-4be3-8e97-3c1ce31c4ce7@group-277F9BB0C20A-LeaderElection67] INFO  server.RaftServerConfigKeys (ConfUtils.java:logGet(43)) - raft.server.rpc.sleep.time = 25ms (default)
2019-10-01 13:54:56,342 [8f1e37da-9a41-4be3-8e97-3c1ce31c4ce7@group-277F9BB0C20A-LeaderElection67] INFO  server.RaftServerConfigKeys (ConfUtils.java:logGet(43)) - raft.server.write.element-limit = 4096 (default)
2019-10-01 13:54:56,342 [8f1e37da-9a41-4be3-8e97-3c1ce31c4ce7@group-277F9BB0C20A-LeaderElection67] INFO  server.RaftServerConfigKeys (ConfUtils.java:logGet(43)) - raft.server.watch.timeout = 10s (default)
2019-10-01 13:54:56,342 [8f1e37da-9a41-4be3-8e97-3c1ce31c4ce7@group-277F9BB0C20A-LeaderElection67] INFO  server.RaftServerConfigKeys (ConfUtils.java:logGet(43)) - raft.server.watch.timeout.denomination = 1s (default)
2019-10-01 13:54:56,342 [8f1e37da-9a41-4be3-8e97-3c1ce31c4ce7@group-277F9BB0C20A-LeaderElection67] INFO  server.RaftServerConfigKeys (ConfUtils.java:logGet(43)) - raft.server.watch.element-limit = 65536 (default)
2019-10-01 13:54:56,344 [8f1e37da-9a41-4be3-8e97-3c1ce31c4ce7@group-277F9BB0C20A-LeaderElection67] INFO  impl.RoleInfo (RoleInfo.java:updateAndGet(143)) - 8f1e37da-9a41-4be3-8e97-3c1ce31c4ce7: start LeaderState
2019-10-01 13:54:56,345 [8f1e37da-9a41-4be3-8e97-3c1ce31c4ce7@group-277F9BB0C20A-LeaderElection67] INFO  segmented.SegmentedRaftLogWorker (SegmentedRaftLogWorker.java:startLogSegment(385)) - 8f1e37da-9a41-4be3-8e97-3c1ce31c4ce7@group-277F9BB0C20A-SegmentedRaftLogWorker: Starting segment from index:0
2019-10-01 13:54:56,345 [8f1e37da-9a41-4be3-8e97-3c1ce31c4ce7@group-277F9BB0C20A-LeaderElection67] INFO  impl.RaftServerImpl (ServerState.java:setRaftConf(356)) - 8f1e37da-9a41-4be3-8e97-3c1ce31c4ce7@group-277F9BB0C20A: set configuration 0: [8f1e37da-9a41-4be3-8e97-3c1ce31c4ce7:192.168.164.226:34807], old=null at 0
2019-10-01 13:54:56,371 [Thread-3058] INFO  impl.FollowerState (FollowerState.java:run(108)) - 7a036fa1-334b-4ced-82ce-fc5b7e253290@group-EB5FD6416B3D-FollowerState: change to CANDIDATE, lastRpcTime:5019ms, electionTimeout:5015ms
2019-10-01 13:54:56,371 [Thread-3058] INFO  impl.RoleInfo (RoleInfo.java:shutdownFollowerState(121)) - 7a036fa1-334b-4ced-82ce-fc5b7e253290: shutdown FollowerState
2019-10-01 13:54:56,372 [Thread-3058] INFO  impl.RaftServerImpl (RaftServerImpl.java:setRole(170)) - 7a036fa1-334b-4ced-82ce-fc5b7e253290@group-EB5FD6416B3D: changes role from  FOLLOWER to CANDIDATE at term 0 for changeToCandidate
2019-10-01 13:54:56,372 [Thread-3058] INFO  impl.RoleInfo (RoleInfo.java:updateAndGet(143)) - 7a036fa1-334b-4ced-82ce-fc5b7e253290: start LeaderElection
2019-10-01 13:54:56,384 [8f1e37da-9a41-4be3-8e97-3c1ce31c4ce7@group-277F9BB0C20A-SegmentedRaftLogWorker] INFO  segmented.SegmentedRaftLogWorker (SegmentedRaftLogWorker.java:execute(574)) - 8f1e37da-9a41-4be3-8e97-3c1ce31c4ce7@group-277F9BB0C20A-SegmentedRaftLogWorker: created new log segment /workdir/hadoop-ozone/integration-test/target/test-dir/MiniOzoneClusterImpl-8c479a76-a73b-4552-9aed-a64f66d42b91/datanode-3/data/ratis/76da7679-5ecc-47e9-8c30-277f9bb0c20a/current/log_inprogress_0
2019-10-01 13:54:56,384 [7a036fa1-334b-4ced-82ce-fc5b7e253290@group-EB5FD6416B3D-LeaderElection68] INFO  impl.LeaderElection (LeaderElection.java:askForVotes(178)) - 7a036fa1-334b-4ced-82ce-fc5b7e253290@group-EB5FD6416B3D-LeaderElection68: begin an election at term 1 for -1: [7a036fa1-334b-4ced-82ce-fc5b7e253290:192.168.164.226:36394], old=null
2019-10-01 13:54:56,385 [7a036fa1-334b-4ced-82ce-fc5b7e253290@group-EB5FD6416B3D-LeaderElection68] INFO  impl.RoleInfo (RoleInfo.java:shutdownLeaderElection(134)) - 7a036fa1-334b-4ced-82ce-fc5b7e253290: shutdown LeaderElection
2019-10-01 13:54:56,385 [7a036fa1-334b-4ced-82ce-fc5b7e253290@group-EB5FD6416B3D-LeaderElection68] INFO  impl.RaftServerImpl (RaftServerImpl.java:setRole(170)) - 7a036fa1-334b-4ced-82ce-fc5b7e253290@group-EB5FD6416B3D: changes role from CANDIDATE to LEADER at term 1 for changeToLeader
2019-10-01 13:54:56,385 [7a036fa1-334b-4ced-82ce-fc5b7e253290@group-EB5FD6416B3D-LeaderElection68] INFO  impl.RaftServerImpl (ServerState.java:setLeader(255)) - 7a036fa1-334b-4ced-82ce-fc5b7e253290@group-EB5FD6416B3D: change Leader from null to 7a036fa1-334b-4ced-82ce-fc5b7e253290 at term 1 for becomeLeader, leader elected after 5041ms
2019-10-01 13:54:56,385 [7a036fa1-334b-4ced-82ce-fc5b7e253290@group-EB5FD6416B3D-LeaderElection68] INFO  server.RaftServerConfigKeys (ConfUtils.java:logGet(43)) - raft.server.staging.catchup.gap = 1000 (default)
2019-10-01 13:54:56,385 [7a036fa1-334b-4ced-82ce-fc5b7e253290@group-EB5FD6416B3D-LeaderElection68] INFO  server.RaftServerConfigKeys (ConfUtils.java:logGet(43)) - raft.server.rpc.sleep.time = 25ms (default)
2019-10-01 13:54:56,385 [7a036fa1-334b-4ced-82ce-fc5b7e253290@group-EB5FD6416B3D-LeaderElection68] INFO  server.RaftServerConfigKeys (ConfUtils.java:logGet(43)) - raft.server.write.element-limit = 4096 (default)
2019-10-01 13:54:56,386 [7a036fa1-334b-4ced-82ce-fc5b7e253290@group-EB5FD6416B3D-LeaderElection68] INFO  server.RaftServerConfigKeys (ConfUtils.java:logGet(43)) - raft.server.watch.timeout = 10s (default)
2019-10-01 13:54:56,386 [7a036fa1-334b-4ced-82ce-fc5b7e253290@group-EB5FD6416B3D-LeaderElection68] INFO  server.RaftServerConfigKeys (ConfUtils.java:logGet(43)) - raft.server.watch.timeout.denomination = 1s (default)
2019-10-01 13:54:56,386 [7a036fa1-334b-4ced-82ce-fc5b7e253290@group-EB5FD6416B3D-LeaderElection68] INFO  server.RaftServerConfigKeys (ConfUtils.java:logGet(43)) - raft.server.watch.element-limit = 65536 (default)
2019-10-01 13:54:56,388 [7a036fa1-334b-4ced-82ce-fc5b7e253290@group-EB5FD6416B3D-LeaderElection68] INFO  impl.RoleInfo (RoleInfo.java:updateAndGet(143)) - 7a036fa1-334b-4ced-82ce-fc5b7e253290: start LeaderState
2019-10-01 13:54:56,388 [7a036fa1-334b-4ced-82ce-fc5b7e253290@group-EB5FD6416B3D-LeaderElection68] INFO  segmented.SegmentedRaftLogWorker (SegmentedRaftLogWorker.java:startLogSegment(385)) - 7a036fa1-334b-4ced-82ce-fc5b7e253290@group-EB5FD6416B3D-SegmentedRaftLogWorker: Starting segment from index:0
2019-10-01 13:54:56,389 [7a036fa1-334b-4ced-82ce-fc5b7e253290@group-EB5FD6416B3D-LeaderElection68] INFO  impl.RaftServerImpl (ServerState.java:setRaftConf(356)) - 7a036fa1-334b-4ced-82ce-fc5b7e253290@group-EB5FD6416B3D: set configuration 0: [7a036fa1-334b-4ced-82ce-fc5b7e253290:192.168.164.226:36394], old=null at 0
2019-10-01 13:54:56,429 [7a036fa1-334b-4ced-82ce-fc5b7e253290@group-EB5FD6416B3D-SegmentedRaftLogWorker] INFO  segmented.SegmentedRaftLogWorker (SegmentedRaftLogWorker.java:execute(574)) - 7a036fa1-334b-4ced-82ce-fc5b7e253290@group-EB5FD6416B3D-SegmentedRaftLogWorker: created new log segment /workdir/hadoop-ozone/integration-test/target/test-dir/MiniOzoneClusterImpl-8c479a76-a73b-4552-9aed-a64f66d42b91/datanode-5/data/ratis/d465d589-4553-4069-8832-eb5fd6416b3d/current/log_inprogress_0
2019-10-01 13:54:56,555 [Thread-3061] INFO  impl.FollowerState (FollowerState.java:run(108)) - 7a6ea145-8a02-4a57-83fc-31fd93eebedd@group-E99FDAC9C3BD-FollowerState: change to CANDIDATE, lastRpcTime:5147ms, electionTimeout:5147ms
2019-10-01 13:54:56,555 [Thread-3061] INFO  impl.RoleInfo (RoleInfo.java:shutdownFollowerState(121)) - 7a6ea145-8a02-4a57-83fc-31fd93eebedd: shutdown FollowerState
2019-10-01 13:54:56,555 [Thread-3061] INFO  impl.RaftServerImpl (RaftServerImpl.java:setRole(170)) - 7a6ea145-8a02-4a57-83fc-31fd93eebedd@group-E99FDAC9C3BD: changes role from  FOLLOWER to CANDIDATE at term 0 for changeToCandidate
2019-10-01 13:54:56,555 [Thread-3061] INFO  impl.RoleInfo (RoleInfo.java:updateAndGet(143)) - 7a6ea145-8a02-4a57-83fc-31fd93eebedd: start LeaderElection
2019-10-01 13:54:56,574 [7a6ea145-8a02-4a57-83fc-31fd93eebedd@group-E99FDAC9C3BD-LeaderElection69] INFO  impl.LeaderElection (LeaderElection.java:askForVotes(178)) - 7a6ea145-8a02-4a57-83fc-31fd93eebedd@group-E99FDAC9C3BD-LeaderElection69: begin an election at term 1 for -1: [7a6ea145-8a02-4a57-83fc-31fd93eebedd:192.168.164.226:33639], old=null
2019-10-01 13:54:56,574 [7a6ea145-8a02-4a57-83fc-31fd93eebedd@group-E99FDAC9C3BD-LeaderElection69] INFO  impl.RoleInfo (RoleInfo.java:shutdownLeaderElection(134)) - 7a6ea145-8a02-4a57-83fc-31fd93eebedd: shutdown LeaderElection
2019-10-01 13:54:56,574 [7a6ea145-8a02-4a57-83fc-31fd93eebedd@group-E99FDAC9C3BD-LeaderElection69] INFO  impl.RaftServerImpl (RaftServerImpl.java:setRole(170)) - 7a6ea145-8a02-4a57-83fc-31fd93eebedd@group-E99FDAC9C3BD: changes role from CANDIDATE to LEADER at term 1 for changeToLeader
2019-10-01 13:54:56,575 [7a6ea145-8a02-4a57-83fc-31fd93eebedd@group-E99FDAC9C3BD-LeaderElection69] INFO  impl.RaftServerImpl (ServerState.java:setLeader(255)) - 7a6ea145-8a02-4a57-83fc-31fd93eebedd@group-E99FDAC9C3BD: change Leader from null to 7a6ea145-8a02-4a57-83fc-31fd93eebedd at term 1 for becomeLeader, leader elected after 5173ms
2019-10-01 13:54:56,575 [7a6ea145-8a02-4a57-83fc-31fd93eebedd@group-E99FDAC9C3BD-LeaderElection69] INFO  server.RaftServerConfigKeys (ConfUtils.java:logGet(43)) - raft.server.staging.catchup.gap = 1000 (default)
2019-10-01 13:54:56,575 [7a6ea145-8a02-4a57-83fc-31fd93eebedd@group-E99FDAC9C3BD-LeaderElection69] INFO  server.RaftServerConfigKeys (ConfUtils.java:logGet(43)) - raft.server.rpc.sleep.time = 25ms (default)
2019-10-01 13:54:56,575 [7a6ea145-8a02-4a57-83fc-31fd93eebedd@group-E99FDAC9C3BD-LeaderElection69] INFO  server.RaftServerConfigKeys (ConfUtils.java:logGet(43)) - raft.server.write.element-limit = 4096 (default)
2019-10-01 13:54:56,575 [7a6ea145-8a02-4a57-83fc-31fd93eebedd@group-E99FDAC9C3BD-LeaderElection69] INFO  server.RaftServerConfigKeys (ConfUtils.java:logGet(43)) - raft.server.watch.timeout = 10s (default)
2019-10-01 13:54:56,575 [7a6ea145-8a02-4a57-83fc-31fd93eebedd@group-E99FDAC9C3BD-LeaderElection69] INFO  server.RaftServerConfigKeys (ConfUtils.java:logGet(43)) - raft.server.watch.timeout.denomination = 1s (default)
2019-10-01 13:54:56,575 [7a6ea145-8a02-4a57-83fc-31fd93eebedd@group-E99FDAC9C3BD-LeaderElection69] INFO  server.RaftServerConfigKeys (ConfUtils.java:logGet(43)) - raft.server.watch.element-limit = 65536 (default)
2019-10-01 13:54:56,577 [7a6ea145-8a02-4a57-83fc-31fd93eebedd@group-E99FDAC9C3BD-LeaderElection69] INFO  impl.RoleInfo (RoleInfo.java:updateAndGet(143)) - 7a6ea145-8a02-4a57-83fc-31fd93eebedd: start LeaderState
2019-10-01 13:54:56,578 [7a6ea145-8a02-4a57-83fc-31fd93eebedd@group-E99FDAC9C3BD-LeaderElection69] INFO  segmented.SegmentedRaftLogWorker (SegmentedRaftLogWorker.java:startLogSegment(385)) - 7a6ea145-8a02-4a57-83fc-31fd93eebedd@group-E99FDAC9C3BD-SegmentedRaftLogWorker: Starting segment from index:0
2019-10-01 13:54:56,578 [7a6ea145-8a02-4a57-83fc-31fd93eebedd@group-E99FDAC9C3BD-LeaderElection69] INFO  impl.RaftServerImpl (ServerState.java:setRaftConf(356)) - 7a6ea145-8a02-4a57-83fc-31fd93eebedd@group-E99FDAC9C3BD: set configuration 0: [7a6ea145-8a02-4a57-83fc-31fd93eebedd:192.168.164.226:33639], old=null at 0
2019-10-01 13:54:56,596 [Thread-3070] INFO  impl.FollowerState (FollowerState.java:run(108)) - 7a036fa1-334b-4ced-82ce-fc5b7e253290@group-D28FD509F67E-FollowerState: change to CANDIDATE, lastRpcTime:5056ms, electionTimeout:5052ms
2019-10-01 13:54:56,596 [Thread-3072] INFO  impl.FollowerState (FollowerState.java:run(108)) - 7a6ea145-8a02-4a57-83fc-31fd93eebedd@group-D28FD509F67E-FollowerState: change to CANDIDATE, lastRpcTime:5055ms, electionTimeout:5055ms
2019-10-01 13:54:56,597 [Thread-3070] INFO  impl.RoleInfo (RoleInfo.java:shutdownFollowerState(121)) - 7a036fa1-334b-4ced-82ce-fc5b7e253290: shutdown FollowerState
2019-10-01 13:54:56,597 [Thread-3072] INFO  impl.RoleInfo (RoleInfo.java:shutdownFollowerState(121)) - 7a6ea145-8a02-4a57-83fc-31fd93eebedd: shutdown FollowerState
2019-10-01 13:54:56,597 [Thread-3070] INFO  impl.RaftServerImpl (RaftServerImpl.java:setRole(170)) - 7a036fa1-334b-4ced-82ce-fc5b7e253290@group-D28FD509F67E: changes role from  FOLLOWER to CANDIDATE at term 0 for changeToCandidate
2019-10-01 13:54:56,597 [Thread-3072] INFO  impl.RaftServerImpl (RaftServerImpl.java:setRole(170)) - 7a6ea145-8a02-4a57-83fc-31fd93eebedd@group-D28FD509F67E: changes role from  FOLLOWER to CANDIDATE at term 0 for changeToCandidate
2019-10-01 13:54:56,597 [Thread-3070] INFO  impl.RoleInfo (RoleInfo.java:updateAndGet(143)) - 7a036fa1-334b-4ced-82ce-fc5b7e253290: start LeaderElection
2019-10-01 13:54:56,597 [Thread-3072] INFO  impl.RoleInfo (RoleInfo.java:updateAndGet(143)) - 7a6ea145-8a02-4a57-83fc-31fd93eebedd: start LeaderElection
2019-10-01 13:54:56,609 [7a6ea145-8a02-4a57-83fc-31fd93eebedd@group-E99FDAC9C3BD-SegmentedRaftLogWorker] INFO  segmented.SegmentedRaftLogWorker (SegmentedRaftLogWorker.java:execute(574)) - 7a6ea145-8a02-4a57-83fc-31fd93eebedd@group-E99FDAC9C3BD-SegmentedRaftLogWorker: created new log segment /workdir/hadoop-ozone/integration-test/target/test-dir/MiniOzoneClusterImpl-8c479a76-a73b-4552-9aed-a64f66d42b91/datanode-4/data/ratis/fd76ec07-7c1a-4125-939e-e99fdac9c3bd/current/log_inprogress_0
2019-10-01 13:54:56,609 [7a036fa1-334b-4ced-82ce-fc5b7e253290@group-D28FD509F67E-LeaderElection70] INFO  impl.LeaderElection (LeaderElection.java:askForVotes(178)) - 7a036fa1-334b-4ced-82ce-fc5b7e253290@group-D28FD509F67E-LeaderElection70: begin an election at term 1 for -1: [7a036fa1-334b-4ced-82ce-fc5b7e253290:192.168.164.226:36394, fc819ada-e5e1-4ee1-965d-05fb716885e8:192.168.164.226:39631, 7a6ea145-8a02-4a57-83fc-31fd93eebedd:192.168.164.226:33639], old=null
2019-10-01 13:54:56,609 [7a6ea145-8a02-4a57-83fc-31fd93eebedd@group-D28FD509F67E-LeaderElection71] INFO  impl.LeaderElection (LeaderElection.java:askForVotes(178)) - 7a6ea145-8a02-4a57-83fc-31fd93eebedd@group-D28FD509F67E-LeaderElection71: begin an election at term 1 for -1: [7a036fa1-334b-4ced-82ce-fc5b7e253290:192.168.164.226:36394, fc819ada-e5e1-4ee1-965d-05fb716885e8:192.168.164.226:39631, 7a6ea145-8a02-4a57-83fc-31fd93eebedd:192.168.164.226:33639], old=null
2019-10-01 13:54:56,610 [Thread-3067] INFO  impl.FollowerState (FollowerState.java:run(108)) - fc819ada-e5e1-4ee1-965d-05fb716885e8@group-D28FD509F67E-FollowerState: change to CANDIDATE, lastRpcTime:5075ms, electionTimeout:5075ms
2019-10-01 13:54:56,610 [Thread-3067] INFO  impl.RoleInfo (RoleInfo.java:shutdownFollowerState(121)) - fc819ada-e5e1-4ee1-965d-05fb716885e8: shutdown FollowerState
2019-10-01 13:54:56,610 [Thread-3067] INFO  impl.RaftServerImpl (RaftServerImpl.java:setRole(170)) - fc819ada-e5e1-4ee1-965d-05fb716885e8@group-D28FD509F67E: changes role from  FOLLOWER to CANDIDATE at term 0 for changeToCandidate
2019-10-01 13:54:56,610 [Thread-3067] INFO  impl.RoleInfo (RoleInfo.java:updateAndGet(143)) - fc819ada-e5e1-4ee1-965d-05fb716885e8: start LeaderElection
2019-10-01 13:54:56,615 [Thread-3064] INFO  impl.FollowerState (FollowerState.java:run(108)) - 2b6bf4e2-4b7b-4460-bc93-5b9adadc7448@group-5DB19E15F4E8-FollowerState: change to CANDIDATE, lastRpcTime:5155ms, electionTimeout:5154ms
2019-10-01 13:54:56,616 [Thread-3064] INFO  impl.RoleInfo (RoleInfo.java:shutdownFollowerState(121)) - 2b6bf4e2-4b7b-4460-bc93-5b9adadc7448: shutdown FollowerState
2019-10-01 13:54:56,616 [Thread-3064] INFO  impl.RaftServerImpl (RaftServerImpl.java:setRole(170)) - 2b6bf4e2-4b7b-4460-bc93-5b9adadc7448@group-5DB19E15F4E8: changes role from  FOLLOWER to CANDIDATE at term 0 for changeToCandidate
2019-10-01 13:54:56,616 [Thread-3064] INFO  impl.RoleInfo (RoleInfo.java:updateAndGet(143)) - 2b6bf4e2-4b7b-4460-bc93-5b9adadc7448: start LeaderElection
2019-10-01 13:54:56,622 [fc819ada-e5e1-4ee1-965d-05fb716885e8@group-D28FD509F67E-LeaderElection72] INFO  impl.LeaderElection (LeaderElection.java:askForVotes(178)) - fc819ada-e5e1-4ee1-965d-05fb716885e8@group-D28FD509F67E-LeaderElection72: begin an election at term 1 for -1: [7a036fa1-334b-4ced-82ce-fc5b7e253290:192.168.164.226:36394, fc819ada-e5e1-4ee1-965d-05fb716885e8:192.168.164.226:39631, 7a6ea145-8a02-4a57-83fc-31fd93eebedd:192.168.164.226:33639], old=null
2019-10-01 13:54:56,623 [7a036fa1-334b-4ced-82ce-fc5b7e253290@group-D28FD509F67E-LeaderElection70] INFO  impl.LeaderElection (LeaderElection.java:logAndReturn(56)) - 7a036fa1-334b-4ced-82ce-fc5b7e253290@group-D28FD509F67E-LeaderElection70: Election REJECTED; received 2 response(s) [7a036fa1-334b-4ced-82ce-fc5b7e253290<-fc819ada-e5e1-4ee1-965d-05fb716885e8#0:FAIL-t1, 7a036fa1-334b-4ced-82ce-fc5b7e253290<-7a6ea145-8a02-4a57-83fc-31fd93eebedd#0:FAIL-t1] and 0 exception(s); 7a036fa1-334b-4ced-82ce-fc5b7e253290@group-D28FD509F67E:t1, leader=null, voted=7a036fa1-334b-4ced-82ce-fc5b7e253290, raftlog=7a036fa1-334b-4ced-82ce-fc5b7e253290@group-D28FD509F67E-SegmentedRaftLog:OPENED:c-1,f-1,i0, conf=-1: [7a036fa1-334b-4ced-82ce-fc5b7e253290:192.168.164.226:36394, fc819ada-e5e1-4ee1-965d-05fb716885e8:192.168.164.226:39631, 7a6ea145-8a02-4a57-83fc-31fd93eebedd:192.168.164.226:33639], old=null
2019-10-01 13:54:56,623 [7a6ea145-8a02-4a57-83fc-31fd93eebedd@group-D28FD509F67E-LeaderElection71] INFO  impl.LeaderElection (LeaderElection.java:logAndReturn(56)) - 7a6ea145-8a02-4a57-83fc-31fd93eebedd@group-D28FD509F67E-LeaderElection71: Election REJECTED; received 2 response(s) [7a6ea145-8a02-4a57-83fc-31fd93eebedd<-7a036fa1-334b-4ced-82ce-fc5b7e253290#0:FAIL-t1, 7a6ea145-8a02-4a57-83fc-31fd93eebedd<-fc819ada-e5e1-4ee1-965d-05fb716885e8#0:FAIL-t1] and 0 exception(s); 7a6ea145-8a02-4a57-83fc-31fd93eebedd@group-D28FD509F67E:t1, leader=null, voted=7a6ea145-8a02-4a57-83fc-31fd93eebedd, raftlog=7a6ea145-8a02-4a57-83fc-31fd93eebedd@group-D28FD509F67E-SegmentedRaftLog:OPENED:c-1,f-1,i0, conf=-1: [7a036fa1-334b-4ced-82ce-fc5b7e253290:192.168.164.226:36394, fc819ada-e5e1-4ee1-965d-05fb716885e8:192.168.164.226:39631, 7a6ea145-8a02-4a57-83fc-31fd93eebedd:192.168.164.226:33639], old=null
2019-10-01 13:54:56,624 [2b6bf4e2-4b7b-4460-bc93-5b9adadc7448@group-5DB19E15F4E8-LeaderElection73] INFO  impl.LeaderElection (LeaderElection.java:askForVotes(178)) - 2b6bf4e2-4b7b-4460-bc93-5b9adadc7448@group-5DB19E15F4E8-LeaderElection73: begin an election at term 1 for -1: [2b6bf4e2-4b7b-4460-bc93-5b9adadc7448:192.168.164.226:42527], old=null
2019-10-01 13:54:56,626 [7a6ea145-8a02-4a57-83fc-31fd93eebedd@group-D28FD509F67E-LeaderElection71] INFO  impl.RaftServerImpl (RaftServerImpl.java:setRole(170)) - 7a6ea145-8a02-4a57-83fc-31fd93eebedd@group-D28FD509F67E: changes role from CANDIDATE to FOLLOWER at term 1 for DISCOVERED_A_NEW_TERM
2019-10-01 13:54:56,623 [7a036fa1-334b-4ced-82ce-fc5b7e253290@group-D28FD509F67E-LeaderElection70] INFO  impl.RaftServerImpl (RaftServerImpl.java:setRole(170)) - 7a036fa1-334b-4ced-82ce-fc5b7e253290@group-D28FD509F67E: changes role from CANDIDATE to FOLLOWER at term 1 for DISCOVERED_A_NEW_TERM
2019-10-01 13:54:56,629 [2b6bf4e2-4b7b-4460-bc93-5b9adadc7448@group-5DB19E15F4E8-LeaderElection73] INFO  impl.RoleInfo (RoleInfo.java:shutdownLeaderElection(134)) - 2b6bf4e2-4b7b-4460-bc93-5b9adadc7448: shutdown LeaderElection
2019-10-01 13:54:56,629 [7a6ea145-8a02-4a57-83fc-31fd93eebedd@group-D28FD509F67E-LeaderElection71] INFO  impl.RoleInfo (RoleInfo.java:shutdownLeaderElection(134)) - 7a6ea145-8a02-4a57-83fc-31fd93eebedd: shutdown LeaderElection
2019-10-01 13:54:56,629 [2b6bf4e2-4b7b-4460-bc93-5b9adadc7448@group-5DB19E15F4E8-LeaderElection73] INFO  impl.RaftServerImpl (RaftServerImpl.java:setRole(170)) - 2b6bf4e2-4b7b-4460-bc93-5b9adadc7448@group-5DB19E15F4E8: changes role from CANDIDATE to LEADER at term 1 for changeToLeader
2019-10-01 13:54:56,630 [2b6bf4e2-4b7b-4460-bc93-5b9adadc7448@group-5DB19E15F4E8-LeaderElection73] INFO  impl.RaftServerImpl (ServerState.java:setLeader(255)) - 2b6bf4e2-4b7b-4460-bc93-5b9adadc7448@group-5DB19E15F4E8: change Leader from null to 2b6bf4e2-4b7b-4460-bc93-5b9adadc7448 at term 1 for becomeLeader, leader elected after 5175ms
2019-10-01 13:54:56,629 [7a036fa1-334b-4ced-82ce-fc5b7e253290@group-D28FD509F67E-LeaderElection70] INFO  impl.RoleInfo (RoleInfo.java:shutdownLeaderElection(134)) - 7a036fa1-334b-4ced-82ce-fc5b7e253290: shutdown LeaderElection
2019-10-01 13:54:56,630 [2b6bf4e2-4b7b-4460-bc93-5b9adadc7448@group-5DB19E15F4E8-LeaderElection73] INFO  server.RaftServerConfigKeys (ConfUtils.java:logGet(43)) - raft.server.staging.catchup.gap = 1000 (default)
2019-10-01 13:54:56,630 [2b6bf4e2-4b7b-4460-bc93-5b9adadc7448@group-5DB19E15F4E8-LeaderElection73] INFO  server.RaftServerConfigKeys (ConfUtils.java:logGet(43)) - raft.server.rpc.sleep.time = 25ms (default)
2019-10-01 13:54:56,630 [7a036fa1-334b-4ced-82ce-fc5b7e253290@group-D28FD509F67E-LeaderElection70] INFO  impl.RoleInfo (RoleInfo.java:updateAndGet(143)) - 7a036fa1-334b-4ced-82ce-fc5b7e253290: start FollowerState
2019-10-01 13:54:56,629 [7a6ea145-8a02-4a57-83fc-31fd93eebedd@group-D28FD509F67E-LeaderElection71] INFO  impl.RoleInfo (RoleInfo.java:updateAndGet(143)) - 7a6ea145-8a02-4a57-83fc-31fd93eebedd: start FollowerState
2019-10-01 13:54:56,630 [2b6bf4e2-4b7b-4460-bc93-5b9adadc7448@group-5DB19E15F4E8-LeaderElection73] INFO  server.RaftServerConfigKeys (ConfUtils.java:logGet(43)) - raft.server.write.element-limit = 4096 (default)
2019-10-01 13:54:56,630 [2b6bf4e2-4b7b-4460-bc93-5b9adadc7448@group-5DB19E15F4E8-LeaderElection73] INFO  server.RaftServerConfigKeys (ConfUtils.java:logGet(43)) - raft.server.watch.timeout = 10s (default)
2019-10-01 13:54:56,631 [2b6bf4e2-4b7b-4460-bc93-5b9adadc7448@group-5DB19E15F4E8-LeaderElection73] INFO  server.RaftServerConfigKeys (ConfUtils.java:logGet(43)) - raft.server.watch.timeout.denomination = 1s (default)
2019-10-01 13:54:56,631 [2b6bf4e2-4b7b-4460-bc93-5b9adadc7448@group-5DB19E15F4E8-LeaderElection73] INFO  server.RaftServerConfigKeys (ConfUtils.java:logGet(43)) - raft.server.watch.element-limit = 65536 (default)
2019-10-01 13:54:56,631 [fc819ada-e5e1-4ee1-965d-05fb716885e8@group-D28FD509F67E-LeaderElection72] INFO  impl.LeaderElection (LeaderElection.java:logAndReturn(56)) - fc819ada-e5e1-4ee1-965d-05fb716885e8@group-D28FD509F67E-LeaderElection72: Election REJECTED; received 2 response(s) [fc819ada-e5e1-4ee1-965d-05fb716885e8<-7a036fa1-334b-4ced-82ce-fc5b7e253290#0:FAIL-t1, fc819ada-e5e1-4ee1-965d-05fb716885e8<-7a6ea145-8a02-4a57-83fc-31fd93eebedd#0:FAIL-t1] and 0 exception(s); fc819ada-e5e1-4ee1-965d-05fb716885e8@group-D28FD509F67E:t1, leader=null, voted=fc819ada-e5e1-4ee1-965d-05fb716885e8, raftlog=fc819ada-e5e1-4ee1-965d-05fb716885e8@group-D28FD509F67E-SegmentedRaftLog:OPENED:c-1,f-1,i0, conf=-1: [7a036fa1-334b-4ced-82ce-fc5b7e253290:192.168.164.226:36394, fc819ada-e5e1-4ee1-965d-05fb716885e8:192.168.164.226:39631, 7a6ea145-8a02-4a57-83fc-31fd93eebedd:192.168.164.226:33639], old=null
2019-10-01 13:54:56,631 [fc819ada-e5e1-4ee1-965d-05fb716885e8@group-D28FD509F67E-LeaderElection72] INFO  impl.RaftServerImpl (RaftServerImpl.java:setRole(170)) - fc819ada-e5e1-4ee1-965d-05fb716885e8@group-D28FD509F67E: changes role from CANDIDATE to FOLLOWER at term 1 for DISCOVERED_A_NEW_TERM
2019-10-01 13:54:56,632 [fc819ada-e5e1-4ee1-965d-05fb716885e8@group-D28FD509F67E-LeaderElection72] INFO  impl.RoleInfo (RoleInfo.java:shutdownLeaderElection(134)) - fc819ada-e5e1-4ee1-965d-05fb716885e8: shutdown LeaderElection
2019-10-01 13:54:56,632 [fc819ada-e5e1-4ee1-965d-05fb716885e8@group-D28FD509F67E-LeaderElection72] INFO  impl.RoleInfo (RoleInfo.java:updateAndGet(143)) - fc819ada-e5e1-4ee1-965d-05fb716885e8: start FollowerState
2019-10-01 13:54:56,632 [2b6bf4e2-4b7b-4460-bc93-5b9adadc7448@group-5DB19E15F4E8-LeaderElection73] INFO  impl.RoleInfo (RoleInfo.java:updateAndGet(143)) - 2b6bf4e2-4b7b-4460-bc93-5b9adadc7448: start LeaderState
2019-10-01 13:54:56,635 [2b6bf4e2-4b7b-4460-bc93-5b9adadc7448@group-5DB19E15F4E8-LeaderElection73] INFO  segmented.SegmentedRaftLogWorker (SegmentedRaftLogWorker.java:startLogSegment(385)) - 2b6bf4e2-4b7b-4460-bc93-5b9adadc7448@group-5DB19E15F4E8-SegmentedRaftLogWorker: Starting segment from index:0
2019-10-01 13:54:56,635 [2b6bf4e2-4b7b-4460-bc93-5b9adadc7448@group-5DB19E15F4E8-LeaderElection73] INFO  impl.RaftServerImpl (ServerState.java:setRaftConf(356)) - 2b6bf4e2-4b7b-4460-bc93-5b9adadc7448@group-5DB19E15F4E8: set configuration 0: [2b6bf4e2-4b7b-4460-bc93-5b9adadc7448:192.168.164.226:42527], old=null at 0
2019-10-01 13:54:56,692 [2b6bf4e2-4b7b-4460-bc93-5b9adadc7448@group-5DB19E15F4E8-SegmentedRaftLogWorker] INFO  segmented.SegmentedRaftLogWorker (SegmentedRaftLogWorker.java:execute(574)) - 2b6bf4e2-4b7b-4460-bc93-5b9adadc7448@group-5DB19E15F4E8-SegmentedRaftLogWorker: created new log segment /workdir/hadoop-ozone/integration-test/target/test-dir/MiniOzoneClusterImpl-8c479a76-a73b-4552-9aed-a64f66d42b91/datanode-6/data/ratis/5b155fd3-d855-49af-80ed-5db19e15f4e8/current/log_inprogress_0
2019-10-01 13:55:01,656 [Thread-3123] INFO  impl.FollowerState (FollowerState.java:run(108)) - 7a6ea145-8a02-4a57-83fc-31fd93eebedd@group-D28FD509F67E-FollowerState: change to CANDIDATE, lastRpcTime:5026ms, electionTimeout:5025ms
2019-10-01 13:55:01,656 [Thread-3123] INFO  impl.RoleInfo (RoleInfo.java:shutdownFollowerState(121)) - 7a6ea145-8a02-4a57-83fc-31fd93eebedd: shutdown FollowerState
2019-10-01 13:55:01,656 [Thread-3123] INFO  impl.RaftServerImpl (RaftServerImpl.java:setRole(170)) - 7a6ea145-8a02-4a57-83fc-31fd93eebedd@group-D28FD509F67E: changes role from  FOLLOWER to CANDIDATE at term 1 for changeToCandidate
2019-10-01 13:55:01,656 [Thread-3123] INFO  impl.RoleInfo (RoleInfo.java:updateAndGet(143)) - 7a6ea145-8a02-4a57-83fc-31fd93eebedd: start LeaderElection
2019-10-01 13:55:01,675 [7a6ea145-8a02-4a57-83fc-31fd93eebedd@group-D28FD509F67E-LeaderElection74] INFO  impl.LeaderElection (LeaderElection.java:askForVotes(178)) - 7a6ea145-8a02-4a57-83fc-31fd93eebedd@group-D28FD509F67E-LeaderElection74: begin an election at term 2 for -1: [7a036fa1-334b-4ced-82ce-fc5b7e253290:192.168.164.226:36394, fc819ada-e5e1-4ee1-965d-05fb716885e8:192.168.164.226:39631, 7a6ea145-8a02-4a57-83fc-31fd93eebedd:192.168.164.226:33639], old=null
2019-10-01 13:55:01,679 [grpc-default-executor-10] INFO  impl.RaftServerImpl (RaftServerImpl.java:setRole(170)) - fc819ada-e5e1-4ee1-965d-05fb716885e8@group-D28FD509F67E: changes role from  FOLLOWER to FOLLOWER at term 2 for recognizeCandidate:7a6ea145-8a02-4a57-83fc-31fd93eebedd
2019-10-01 13:55:01,679 [grpc-default-executor-10] INFO  impl.RoleInfo (RoleInfo.java:shutdownFollowerState(121)) - fc819ada-e5e1-4ee1-965d-05fb716885e8: shutdown FollowerState
2019-10-01 13:55:01,679 [grpc-default-executor-1] INFO  impl.RaftServerImpl (RaftServerImpl.java:setRole(170)) - 7a036fa1-334b-4ced-82ce-fc5b7e253290@group-D28FD509F67E: changes role from  FOLLOWER to FOLLOWER at term 2 for recognizeCandidate:7a6ea145-8a02-4a57-83fc-31fd93eebedd
2019-10-01 13:55:01,679 [Thread-3128] INFO  impl.FollowerState (FollowerState.java:run(117)) - fc819ada-e5e1-4ee1-965d-05fb716885e8@group-D28FD509F67E-FollowerState was interrupted: java.lang.InterruptedException: sleep interrupted
2019-10-01 13:55:01,679 [grpc-default-executor-10] INFO  impl.RoleInfo (RoleInfo.java:updateAndGet(143)) - fc819ada-e5e1-4ee1-965d-05fb716885e8: start FollowerState
2019-10-01 13:55:01,679 [grpc-default-executor-1] INFO  impl.RoleInfo (RoleInfo.java:shutdownFollowerState(121)) - 7a036fa1-334b-4ced-82ce-fc5b7e253290: shutdown FollowerState
2019-10-01 13:55:01,684 [grpc-default-executor-1] INFO  impl.RoleInfo (RoleInfo.java:updateAndGet(143)) - 7a036fa1-334b-4ced-82ce-fc5b7e253290: start FollowerState
2019-10-01 13:55:01,684 [Thread-3125] INFO  impl.FollowerState (FollowerState.java:run(117)) - 7a036fa1-334b-4ced-82ce-fc5b7e253290@group-D28FD509F67E-FollowerState was interrupted: java.lang.InterruptedException: sleep interrupted
2019-10-01 13:55:01,703 [7a6ea145-8a02-4a57-83fc-31fd93eebedd@group-D28FD509F67E-LeaderElection74] INFO  impl.LeaderElection (LeaderElection.java:logAndReturn(56)) - 7a6ea145-8a02-4a57-83fc-31fd93eebedd@group-D28FD509F67E-LeaderElection74: Election PASSED; received 1 response(s) [7a6ea145-8a02-4a57-83fc-31fd93eebedd<-7a036fa1-334b-4ced-82ce-fc5b7e253290#0:OK-t2] and 0 exception(s); 7a6ea145-8a02-4a57-83fc-31fd93eebedd@group-D28FD509F67E:t2, leader=null, voted=7a6ea145-8a02-4a57-83fc-31fd93eebedd, raftlog=7a6ea145-8a02-4a57-83fc-31fd93eebedd@group-D28FD509F67E-SegmentedRaftLog:OPENED:c-1,f-1,i0, conf=-1: [7a036fa1-334b-4ced-82ce-fc5b7e253290:192.168.164.226:36394, fc819ada-e5e1-4ee1-965d-05fb716885e8:192.168.164.226:39631, 7a6ea145-8a02-4a57-83fc-31fd93eebedd:192.168.164.226:33639], old=null
2019-10-01 13:55:01,703 [7a6ea145-8a02-4a57-83fc-31fd93eebedd@group-D28FD509F67E-LeaderElection74] INFO  impl.RoleInfo (RoleInfo.java:shutdownLeaderElection(134)) - 7a6ea145-8a02-4a57-83fc-31fd93eebedd: shutdown LeaderElection
2019-10-01 13:55:01,703 [7a6ea145-8a02-4a57-83fc-31fd93eebedd@group-D28FD509F67E-LeaderElection74] INFO  impl.RaftServerImpl (RaftServerImpl.java:setRole(170)) - 7a6ea145-8a02-4a57-83fc-31fd93eebedd@group-D28FD509F67E: changes role from CANDIDATE to LEADER at term 2 for changeToLeader
2019-10-01 13:55:01,703 [7a6ea145-8a02-4a57-83fc-31fd93eebedd@group-D28FD509F67E-LeaderElection74] INFO  impl.RaftServerImpl (ServerState.java:setLeader(255)) - 7a6ea145-8a02-4a57-83fc-31fd93eebedd@group-D28FD509F67E: change Leader from null to 7a6ea145-8a02-4a57-83fc-31fd93eebedd at term 2 for becomeLeader, leader elected after 10177ms
2019-10-01 13:55:01,703 [7a6ea145-8a02-4a57-83fc-31fd93eebedd@group-D28FD509F67E-LeaderElection74] INFO  server.RaftServerConfigKeys (ConfUtils.java:logGet(43)) - raft.server.staging.catchup.gap = 1000 (default)
2019-10-01 13:55:01,703 [7a6ea145-8a02-4a57-83fc-31fd93eebedd@group-D28FD509F67E-LeaderElection74] INFO  server.RaftServerConfigKeys (ConfUtils.java:logGet(43)) - raft.server.rpc.sleep.time = 25ms (default)
2019-10-01 13:55:01,704 [7a6ea145-8a02-4a57-83fc-31fd93eebedd@group-D28FD509F67E-LeaderElection74] INFO  server.RaftServerConfigKeys (ConfUtils.java:logGet(43)) - raft.server.write.element-limit = 4096 (default)
2019-10-01 13:55:01,704 [7a6ea145-8a02-4a57-83fc-31fd93eebedd@group-D28FD509F67E-LeaderElection74] INFO  server.RaftServerConfigKeys (ConfUtils.java:logGet(43)) - raft.server.watch.timeout = 10s (default)
2019-10-01 13:55:01,704 [7a6ea145-8a02-4a57-83fc-31fd93eebedd@group-D28FD509F67E-LeaderElection74] INFO  server.RaftServerConfigKeys (ConfUtils.java:logGet(43)) - raft.server.watch.timeout.denomination = 1s (default)
2019-10-01 13:55:01,704 [7a6ea145-8a02-4a57-83fc-31fd93eebedd@group-D28FD509F67E-LeaderElection74] INFO  server.RaftServerConfigKeys (ConfUtils.java:logGet(43)) - raft.server.watch.element-limit = 65536 (default)
2019-10-01 13:55:01,707 [7a6ea145-8a02-4a57-83fc-31fd93eebedd@group-D28FD509F67E-LeaderElection74] INFO  server.RaftServerConfigKeys (ConfUtils.java:logGet(43)) - raft.server.log.appender.snapshot.chunk.size.max = 16MB (=16777216) (default)
2019-10-01 13:55:01,707 [7a6ea145-8a02-4a57-83fc-31fd93eebedd@group-D28FD509F67E-LeaderElection74] INFO  server.RaftServerConfigKeys (ConfUtils.java:logGet(43)) - raft.server.log.appender.buffer.byte-limit = 33554432 (custom)
2019-10-01 13:55:01,707 [7a6ea145-8a02-4a57-83fc-31fd93eebedd@group-D28FD509F67E-LeaderElection74] INFO  server.RaftServerConfigKeys (ConfUtils.java:logGet(43)) - raft.server.log.appender.buffer.element-limit = 1 (custom)
2019-10-01 13:55:01,707 [7a6ea145-8a02-4a57-83fc-31fd93eebedd@group-D28FD509F67E-LeaderElection74] INFO  grpc.GrpcConfigKeys$Server (ConfUtils.java:logGet(43)) - raft.grpc.server.leader.outstanding.appends.max = 128 (default)
2019-10-01 13:55:01,707 [7a6ea145-8a02-4a57-83fc-31fd93eebedd@group-D28FD509F67E-LeaderElection74] INFO  server.RaftServerConfigKeys (ConfUtils.java:logGet(43)) - raft.server.rpc.request.timeout = 3000ms (default)
2019-10-01 13:55:01,707 [7a6ea145-8a02-4a57-83fc-31fd93eebedd@group-D28FD509F67E-LeaderElection74] INFO  server.RaftServerConfigKeys (ConfUtils.java:logGet(43)) - raft.server.log.appender.install.snapshot.enabled = false (custom)
2019-10-01 13:55:01,708 [7a6ea145-8a02-4a57-83fc-31fd93eebedd@group-D28FD509F67E-LeaderElection74] INFO  server.RaftServerConfigKeys (ConfUtils.java:logGet(43)) - raft.server.log.appender.snapshot.chunk.size.max = 16MB (=16777216) (default)
2019-10-01 13:55:01,708 [7a6ea145-8a02-4a57-83fc-31fd93eebedd@group-D28FD509F67E-LeaderElection74] INFO  server.RaftServerConfigKeys (ConfUtils.java:logGet(43)) - raft.server.log.appender.buffer.byte-limit = 33554432 (custom)
2019-10-01 13:55:01,708 [7a6ea145-8a02-4a57-83fc-31fd93eebedd@group-D28FD509F67E-LeaderElection74] INFO  server.RaftServerConfigKeys (ConfUtils.java:logGet(43)) - raft.server.log.appender.buffer.element-limit = 1 (custom)
2019-10-01 13:55:01,708 [7a6ea145-8a02-4a57-83fc-31fd93eebedd@group-D28FD509F67E-LeaderElection74] INFO  grpc.GrpcConfigKeys$Server (ConfUtils.java:logGet(43)) - raft.grpc.server.leader.outstanding.appends.max = 128 (default)
2019-10-01 13:55:01,708 [7a6ea145-8a02-4a57-83fc-31fd93eebedd@group-D28FD509F67E-LeaderElection74] INFO  server.RaftServerConfigKeys (ConfUtils.java:logGet(43)) - raft.server.rpc.request.timeout = 3000ms (default)
2019-10-01 13:55:01,708 [7a6ea145-8a02-4a57-83fc-31fd93eebedd@group-D28FD509F67E-LeaderElection74] INFO  server.RaftServerConfigKeys (ConfUtils.java:logGet(43)) - raft.server.log.appender.install.snapshot.enabled = false (custom)
2019-10-01 13:55:01,709 [7a6ea145-8a02-4a57-83fc-31fd93eebedd@group-D28FD509F67E-LeaderElection74] INFO  impl.RoleInfo (RoleInfo.java:updateAndGet(143)) - 7a6ea145-8a02-4a57-83fc-31fd93eebedd: start LeaderState
2019-10-01 13:55:01,709 [7a6ea145-8a02-4a57-83fc-31fd93eebedd@group-D28FD509F67E-LeaderElection74] INFO  segmented.SegmentedRaftLogWorker (SegmentedRaftLogWorker.java:startLogSegment(385)) - 7a6ea145-8a02-4a57-83fc-31fd93eebedd@group-D28FD509F67E-SegmentedRaftLogWorker: Starting segment from index:0
2019-10-01 13:55:01,710 [7a6ea145-8a02-4a57-83fc-31fd93eebedd@group-D28FD509F67E-LeaderElection74] INFO  impl.RaftServerImpl (ServerState.java:setRaftConf(356)) - 7a6ea145-8a02-4a57-83fc-31fd93eebedd@group-D28FD509F67E: set configuration 0: [7a036fa1-334b-4ced-82ce-fc5b7e253290:192.168.164.226:36394, fc819ada-e5e1-4ee1-965d-05fb716885e8:192.168.164.226:39631, 7a6ea145-8a02-4a57-83fc-31fd93eebedd:192.168.164.226:33639], old=null at 0
2019-10-01 13:55:01,745 [grpc-default-executor-1] INFO  impl.RaftServerImpl (ServerState.java:setLeader(255)) - fc819ada-e5e1-4ee1-965d-05fb716885e8@group-D28FD509F67E: change Leader from null to 7a6ea145-8a02-4a57-83fc-31fd93eebedd at term 2 for appendEntries, leader elected after 10219ms
2019-10-01 13:55:01,748 [grpc-default-executor-10] INFO  impl.RaftServerImpl (ServerState.java:setLeader(255)) - 7a036fa1-334b-4ced-82ce-fc5b7e253290@group-D28FD509F67E: change Leader from null to 7a6ea145-8a02-4a57-83fc-31fd93eebedd at term 2 for appendEntries, leader elected after 10223ms
2019-10-01 13:55:01,751 [grpc-default-executor-10] INFO  impl.RaftServerImpl (ServerState.java:setRaftConf(356)) - fc819ada-e5e1-4ee1-965d-05fb716885e8@group-D28FD509F67E: set configuration 0: [7a036fa1-334b-4ced-82ce-fc5b7e253290:192.168.164.226:36394, fc819ada-e5e1-4ee1-965d-05fb716885e8:192.168.164.226:39631, 7a6ea145-8a02-4a57-83fc-31fd93eebedd:192.168.164.226:33639], old=null at 0
2019-10-01 13:55:01,751 [grpc-default-executor-1] INFO  impl.RaftServerImpl (ServerState.java:setRaftConf(356)) - 7a036fa1-334b-4ced-82ce-fc5b7e253290@group-D28FD509F67E: set configuration 0: [7a036fa1-334b-4ced-82ce-fc5b7e253290:192.168.164.226:36394, fc819ada-e5e1-4ee1-965d-05fb716885e8:192.168.164.226:39631, 7a6ea145-8a02-4a57-83fc-31fd93eebedd:192.168.164.226:33639], old=null at 0
2019-10-01 13:55:01,751 [grpc-default-executor-10] INFO  segmented.SegmentedRaftLogWorker (SegmentedRaftLogWorker.java:startLogSegment(385)) - fc819ada-e5e1-4ee1-965d-05fb716885e8@group-D28FD509F67E-SegmentedRaftLogWorker: Starting segment from index:0
2019-10-01 13:55:01,751 [grpc-default-executor-1] INFO  segmented.SegmentedRaftLogWorker (SegmentedRaftLogWorker.java:startLogSegment(385)) - 7a036fa1-334b-4ced-82ce-fc5b7e253290@group-D28FD509F67E-SegmentedRaftLogWorker: Starting segment from index:0
2019-10-01 13:55:01,756 [7a6ea145-8a02-4a57-83fc-31fd93eebedd@group-D28FD509F67E-SegmentedRaftLogWorker] INFO  segmented.SegmentedRaftLogWorker (SegmentedRaftLogWorker.java:execute(574)) - 7a6ea145-8a02-4a57-83fc-31fd93eebedd@group-D28FD509F67E-SegmentedRaftLogWorker: created new log segment /workdir/hadoop-ozone/integration-test/target/test-dir/MiniOzoneClusterImpl-8c479a76-a73b-4552-9aed-a64f66d42b91/datanode-4/data/ratis/866aa0b0-84b5-4314-b25a-d28fd509f67e/current/log_inprogress_0
2019-10-01 13:55:01,798 [7a036fa1-334b-4ced-82ce-fc5b7e253290@group-D28FD509F67E-SegmentedRaftLogWorker] INFO  segmented.SegmentedRaftLogWorker (SegmentedRaftLogWorker.java:execute(574)) - 7a036fa1-334b-4ced-82ce-fc5b7e253290@group-D28FD509F67E-SegmentedRaftLogWorker: created new log segment /workdir/hadoop-ozone/integration-test/target/test-dir/MiniOzoneClusterImpl-8c479a76-a73b-4552-9aed-a64f66d42b91/datanode-5/data/ratis/866aa0b0-84b5-4314-b25a-d28fd509f67e/current/log_inprogress_0
2019-10-01 13:55:01,798 [fc819ada-e5e1-4ee1-965d-05fb716885e8@group-D28FD509F67E-SegmentedRaftLogWorker] INFO  segmented.SegmentedRaftLogWorker (SegmentedRaftLogWorker.java:execute(574)) - fc819ada-e5e1-4ee1-965d-05fb716885e8@group-D28FD509F67E-SegmentedRaftLogWorker: created new log segment /workdir/hadoop-ozone/integration-test/target/test-dir/MiniOzoneClusterImpl-8c479a76-a73b-4552-9aed-a64f66d42b91/datanode-1/data/ratis/866aa0b0-84b5-4314-b25a-d28fd509f67e/current/log_inprogress_0
2019-10-01 13:55:05,234 [main] WARN  scm.XceiverClientRatis (XceiverClientRatis.java:watchForCommit(292)) - 3 way commit failed on pipeline Pipeline[ Id: 866aa0b0-84b5-4314-b25a-d28fd509f67e, Nodes: 7a036fa1-334b-4ced-82ce-fc5b7e253290{ip: 192.168.164.226, host: pr-hdds-2210-kntbx-3061227707, networkLocation: /default-rack, certSerialId: null}7a6ea145-8a02-4a57-83fc-31fd93eebedd{ip: 192.168.164.226, host: pr-hdds-2210-kntbx-3061227707, networkLocation: /default-rack, certSerialId: null}fc819ada-e5e1-4ee1-965d-05fb716885e8{ip: 192.168.164.226, host: pr-hdds-2210-kntbx-3061227707, networkLocation: /default-rack, certSerialId: null}, Type:RATIS, Factor:THREE, State:OPEN]
java.util.concurrent.TimeoutException
	at java.util.concurrent.CompletableFuture.timedGet(CompletableFuture.java:1771)
	at java.util.concurrent.CompletableFuture.get(CompletableFuture.java:1915)
	at org.apache.hadoop.hdds.scm.XceiverClientRatis.watchForCommit(XceiverClientRatis.java:289)
	at org.apache.hadoop.hdds.scm.storage.CommitWatcher.watchForCommit(CommitWatcher.java:194)
	at org.apache.hadoop.hdds.scm.storage.CommitWatcher.watchOnLastIndex(CommitWatcher.java:157)
	at org.apache.hadoop.hdds.scm.storage.BlockOutputStream.watchForCommit(BlockOutputStream.java:347)
	at org.apache.hadoop.hdds.scm.storage.BlockOutputStream.handleFlush(BlockOutputStream.java:479)
	at org.apache.hadoop.hdds.scm.storage.BlockOutputStream.flush(BlockOutputStream.java:428)
	at org.apache.hadoop.ozone.client.io.BlockOutputStreamEntry.flush(BlockOutputStreamEntry.java:136)
	at org.apache.hadoop.ozone.client.io.KeyOutputStream.handleFlushOrClose(KeyOutputStream.java:443)
	at org.apache.hadoop.ozone.client.io.KeyOutputStream.flush(KeyOutputStream.java:397)
	at org.apache.hadoop.ozone.client.io.OzoneOutputStream.flush(OzoneOutputStream.java:54)
	at org.apache.hadoop.ozone.client.rpc.TestBlockOutputStreamWithFailures.testWatchForCommitDatanodeFailure(TestBlockOutputStreamWithFailures.java:330)
	at sun.reflect.NativeMethodAccessorImpl.invoke0(Native Method)
	at sun.reflect.NativeMethodAccessorImpl.invoke(NativeMethodAccessorImpl.java:62)
	at sun.reflect.DelegatingMethodAccessorImpl.invoke(DelegatingMethodAccessorImpl.java:43)
	at java.lang.reflect.Method.invoke(Method.java:498)
	at org.junit.runners.model.FrameworkMethod$1.runReflectiveCall(FrameworkMethod.java:47)
	at org.junit.internal.runners.model.ReflectiveCallable.run(ReflectiveCallable.java:12)
	at org.junit.runners.model.FrameworkMethod.invokeExplosively(FrameworkMethod.java:44)
	at org.junit.internal.runners.statements.InvokeMethod.evaluate(InvokeMethod.java:17)
	at org.junit.internal.runners.statements.RunBefores.evaluate(RunBefores.java:26)
	at org.junit.internal.runners.statements.RunAfters.evaluate(RunAfters.java:27)
	at org.junit.runners.ParentRunner.runLeaf(ParentRunner.java:271)
	at org.junit.runners.BlockJUnit4ClassRunner.runChild(BlockJUnit4ClassRunner.java:70)
	at org.junit.runners.BlockJUnit4ClassRunner.runChild(BlockJUnit4ClassRunner.java:50)
	at org.junit.runners.ParentRunner$3.run(ParentRunner.java:238)
	at org.junit.runners.ParentRunner$1.schedule(ParentRunner.java:63)
	at org.junit.runners.ParentRunner.runChildren(ParentRunner.java:236)
	at org.junit.runners.ParentRunner.access$000(ParentRunner.java:53)
	at org.junit.runners.ParentRunner$2.evaluate(ParentRunner.java:229)
	at org.junit.runners.ParentRunner.run(ParentRunner.java:309)
	at org.apache.maven.surefire.junit4.JUnit4Provider.execute(JUnit4Provider.java:365)
	at org.apache.maven.surefire.junit4.JUnit4Provider.executeWithRerun(JUnit4Provider.java:273)
	at org.apache.maven.surefire.junit4.JUnit4Provider.executeTestSet(JUnit4Provider.java:238)
	at org.apache.maven.surefire.junit4.JUnit4Provider.invoke(JUnit4Provider.java:159)
	at org.apache.maven.surefire.booter.ForkedBooter.invokeProviderInSameClassLoader(ForkedBooter.java:384)
	at org.apache.maven.surefire.booter.ForkedBooter.runSuitesInProcess(ForkedBooter.java:345)
	at org.apache.maven.surefire.booter.ForkedBooter.execute(ForkedBooter.java:126)
	at org.apache.maven.surefire.booter.ForkedBooter.main(ForkedBooter.java:418)
2019-10-01 13:55:06,236 [main] WARN  storage.CommitWatcher (CommitWatcher.java:watchForCommit(203)) - watchForCommit failed for index 14
java.util.concurrent.TimeoutException
	at java.util.concurrent.CompletableFuture.timedGet(CompletableFuture.java:1771)
	at java.util.concurrent.CompletableFuture.get(CompletableFuture.java:1915)
	at org.apache.hadoop.hdds.scm.XceiverClientRatis.watchForCommit(XceiverClientRatis.java:298)
	at org.apache.hadoop.hdds.scm.storage.CommitWatcher.watchForCommit(CommitWatcher.java:194)
	at org.apache.hadoop.hdds.scm.storage.CommitWatcher.watchOnLastIndex(CommitWatcher.java:157)
	at org.apache.hadoop.hdds.scm.storage.BlockOutputStream.watchForCommit(BlockOutputStream.java:347)
	at org.apache.hadoop.hdds.scm.storage.BlockOutputStream.handleFlush(BlockOutputStream.java:479)
	at org.apache.hadoop.hdds.scm.storage.BlockOutputStream.flush(BlockOutputStream.java:428)
	at org.apache.hadoop.ozone.client.io.BlockOutputStreamEntry.flush(BlockOutputStreamEntry.java:136)
	at org.apache.hadoop.ozone.client.io.KeyOutputStream.handleFlushOrClose(KeyOutputStream.java:443)
	at org.apache.hadoop.ozone.client.io.KeyOutputStream.flush(KeyOutputStream.java:397)
	at org.apache.hadoop.ozone.client.io.OzoneOutputStream.flush(OzoneOutputStream.java:54)
	at org.apache.hadoop.ozone.client.rpc.TestBlockOutputStreamWithFailures.testWatchForCommitDatanodeFailure(TestBlockOutputStreamWithFailures.java:330)
	at sun.reflect.NativeMethodAccessorImpl.invoke0(Native Method)
	at sun.reflect.NativeMethodAccessorImpl.invoke(NativeMethodAccessorImpl.java:62)
	at sun.reflect.DelegatingMethodAccessorImpl.invoke(DelegatingMethodAccessorImpl.java:43)
	at java.lang.reflect.Method.invoke(Method.java:498)
	at org.junit.runners.model.FrameworkMethod$1.runReflectiveCall(FrameworkMethod.java:47)
	at org.junit.internal.runners.model.ReflectiveCallable.run(ReflectiveCallable.java:12)
	at org.junit.runners.model.FrameworkMethod.invokeExplosively(FrameworkMethod.java:44)
	at org.junit.internal.runners.statements.InvokeMethod.evaluate(InvokeMethod.java:17)
	at org.junit.internal.runners.statements.RunBefores.evaluate(RunBefores.java:26)
	at org.junit.internal.runners.statements.RunAfters.evaluate(RunAfters.java:27)
	at org.junit.runners.ParentRunner.runLeaf(ParentRunner.java:271)
	at org.junit.runners.BlockJUnit4ClassRunner.runChild(BlockJUnit4ClassRunner.java:70)
	at org.junit.runners.BlockJUnit4ClassRunner.runChild(BlockJUnit4ClassRunner.java:50)
	at org.junit.runners.ParentRunner$3.run(ParentRunner.java:238)
	at org.junit.runners.ParentRunner$1.schedule(ParentRunner.java:63)
	at org.junit.runners.ParentRunner.runChildren(ParentRunner.java:236)
	at org.junit.runners.ParentRunner.access$000(ParentRunner.java:53)
	at org.junit.runners.ParentRunner$2.evaluate(ParentRunner.java:229)
	at org.junit.runners.ParentRunner.run(ParentRunner.java:309)
	at org.apache.maven.surefire.junit4.JUnit4Provider.execute(JUnit4Provider.java:365)
	at org.apache.maven.surefire.junit4.JUnit4Provider.executeWithRerun(JUnit4Provider.java:273)
	at org.apache.maven.surefire.junit4.JUnit4Provider.executeTestSet(JUnit4Provider.java:238)
	at org.apache.maven.surefire.junit4.JUnit4Provider.invoke(JUnit4Provider.java:159)
	at org.apache.maven.surefire.booter.ForkedBooter.invokeProviderInSameClassLoader(ForkedBooter.java:384)
	at org.apache.maven.surefire.booter.ForkedBooter.runSuitesInProcess(ForkedBooter.java:345)
	at org.apache.maven.surefire.booter.ForkedBooter.execute(ForkedBooter.java:126)
	at org.apache.maven.surefire.booter.ForkedBooter.main(ForkedBooter.java:418)
2019-10-01 13:55:06,237 [main] WARN  io.KeyOutputStream (KeyOutputStream.java:handleException(274)) - Encountered exception java.io.IOException: Unexpected Storage Container Exception: java.io.IOException: Unexpected Storage Container Exception: java.util.concurrent.TimeoutException on the pipeline Pipeline[ Id: 866aa0b0-84b5-4314-b25a-d28fd509f67e, Nodes: 7a036fa1-334b-4ced-82ce-fc5b7e253290{ip: 192.168.164.226, host: pr-hdds-2210-kntbx-3061227707, networkLocation: /default-rack, certSerialId: null}7a6ea145-8a02-4a57-83fc-31fd93eebedd{ip: 192.168.164.226, host: pr-hdds-2210-kntbx-3061227707, networkLocation: /default-rack, certSerialId: null}fc819ada-e5e1-4ee1-965d-05fb716885e8{ip: 192.168.164.226, host: pr-hdds-2210-kntbx-3061227707, networkLocation: /default-rack, certSerialId: null}, Type:RATIS, Factor:THREE, State:OPEN]. The last committed block length is 400, uncommitted data length is 50 retry count 0
2019-10-01 13:55:06,527 [main] INFO  ozone.MiniOzoneClusterImpl (MiniOzoneClusterImpl.java:shutdown(314)) - Shutting down the Mini Ozone Cluster
2019-10-01 13:55:06,527 [main] INFO  ozone.MiniOzoneClusterImpl (MiniOzoneClusterImpl.java:stop(330)) - Stopping the Mini Ozone Cluster
2019-10-01 13:55:06,527 [main] INFO  ozone.MiniOzoneClusterImpl (MiniOzoneClusterImpl.java:stopOM(400)) - Stopping the OzoneManager
2019-10-01 13:55:06,527 [main] INFO  ipc.Server (Server.java:stop(3082)) - Stopping server on 35243
2019-10-01 13:55:06,536 [IPC Server listener on 35243] INFO  ipc.Server (Server.java:run(1185)) - Stopping IPC Server listener on 35243
2019-10-01 13:55:06,542 [main] INFO  ratis.OzoneManagerDoubleBuffer (OzoneManagerDoubleBuffer.java:stop(248)) - Stopping OMDoubleBuffer flush thread
2019-10-01 13:55:06,542 [IPC Server Responder] INFO  ipc.Server (Server.java:run(1319)) - Stopping IPC Server Responder
2019-10-01 13:55:06,544 [OMDoubleBufferFlushThread] INFO  ratis.OzoneManagerDoubleBuffer (OzoneManagerDoubleBuffer.java:flushTransactions(191)) - OMDoubleBuffer flush thread OMDoubleBufferFlushThread is interrupted and will exit. OMDoubleBufferFlushThread
2019-10-01 13:55:06,546 [main] INFO  utils.BackgroundService (BackgroundService.java:shutdown(148)) - Shutting down service KeyDeletingService
2019-10-01 13:55:06,578 [main] INFO  handler.ContextHandler (ContextHandler.java:doStop(910)) - Stopped o.e.j.w.WebAppContext@756808cc{/,null,UNAVAILABLE}{/ozoneManager}
2019-10-01 13:55:06,579 [main] INFO  server.AbstractConnector (AbstractConnector.java:doStop(318)) - Stopped ServerConnector@52f8a6f4{HTTP/1.1,[http/1.1]}{0.0.0.0:0}
2019-10-01 13:55:06,579 [main] INFO  handler.ContextHandler (ContextHandler.java:doStop(910)) - Stopped o.e.j.s.ServletContextHandler@2726a511{/static,file:///workdir/hadoop-ozone/integration-test/target/test-classes/webapps/static,UNAVAILABLE}
2019-10-01 13:55:06,579 [main] INFO  handler.ContextHandler (ContextHandler.java:doStop(910)) - Stopped o.e.j.s.ServletContextHandler@682e422c{/logs,file:///workdir/hadoop-ozone/integration-test/target/log,UNAVAILABLE}
2019-10-01 13:55:06,582 [main] INFO  ozone.MiniOzoneClusterImpl (MiniOzoneClusterImpl.java:stopDatanodes(377)) - Stopping the HddsDatanodes
2019-10-01 13:55:07,005 [Datanode State Machine Thread - 0] INFO  statemachine.DatanodeStateMachine (DatanodeStateMachine.java:lambda$startDaemon$0(350)) - Ozone container server started.
2019-10-01 13:55:07,005 [Datanode State Machine Thread - 0] INFO  statemachine.DatanodeStateMachine (DatanodeStateMachine.java:lambda$startDaemon$0(350)) - Ozone container server started.
2019-10-01 13:55:11,085 [EventQueue-StaleNodeForStaleNodeHandler] INFO  node.StaleNodeHandler (StaleNodeHandler.java:onMessage(58)) - Datanode 7a6ea145-8a02-4a57-83fc-31fd93eebedd{ip: 192.168.164.226, host: pr-hdds-2210-kntbx-3061227707, networkLocation: /default-rack, certSerialId: null} moved to stale state. Finalizing its pipelines [PipelineID=866aa0b0-84b5-4314-b25a-d28fd509f67e, PipelineID=fd76ec07-7c1a-4125-939e-e99fdac9c3bd]
2019-10-01 13:55:11,087 [EventQueue-StaleNodeForStaleNodeHandler] INFO  pipeline.SCMPipelineManager (SCMPipelineManager.java:finalizeAndDestroyPipeline(315)) - destroying pipeline:Pipeline[ Id: 866aa0b0-84b5-4314-b25a-d28fd509f67e, Nodes: 7a036fa1-334b-4ced-82ce-fc5b7e253290{ip: 192.168.164.226, host: pr-hdds-2210-kntbx-3061227707, networkLocation: /default-rack, certSerialId: null}7a6ea145-8a02-4a57-83fc-31fd93eebedd{ip: 192.168.164.226, host: pr-hdds-2210-kntbx-3061227707, networkLocation: /default-rack, certSerialId: null}fc819ada-e5e1-4ee1-965d-05fb716885e8{ip: 192.168.164.226, host: pr-hdds-2210-kntbx-3061227707, networkLocation: /default-rack, certSerialId: null}, Type:RATIS, Factor:THREE, State:OPEN]
2019-10-01 13:55:11,087 [EventQueue-StaleNodeForStaleNodeHandler] INFO  pipeline.PipelineStateManager (PipelineStateManager.java:finalizePipeline(123)) - Pipeline Pipeline[ Id: 866aa0b0-84b5-4314-b25a-d28fd509f67e, Nodes: 7a036fa1-334b-4ced-82ce-fc5b7e253290{ip: 192.168.164.226, host: pr-hdds-2210-kntbx-3061227707, networkLocation: /default-rack, certSerialId: null}7a6ea145-8a02-4a57-83fc-31fd93eebedd{ip: 192.168.164.226, host: pr-hdds-2210-kntbx-3061227707, networkLocation: /default-rack, certSerialId: null}fc819ada-e5e1-4ee1-965d-05fb716885e8{ip: 192.168.164.226, host: pr-hdds-2210-kntbx-3061227707, networkLocation: /default-rack, certSerialId: null}, Type:RATIS, Factor:THREE, State:CLOSED] moved to CLOSED state
2019-10-01 13:55:11,088 [EventQueue-CloseContainerForCloseContainerEventHandler] INFO  container.CloseContainerEventHandler (CloseContainerEventHandler.java:onMessage(61)) - Close container Event triggered for container : #1
2019-10-01 13:55:11,094 [EventQueue-StaleNodeForStaleNodeHandler] INFO  pipeline.SCMPipelineManager (SCMPipelineManager.java:finalizeAndDestroyPipeline(315)) - destroying pipeline:Pipeline[ Id: fd76ec07-7c1a-4125-939e-e99fdac9c3bd, Nodes: 7a6ea145-8a02-4a57-83fc-31fd93eebedd{ip: 192.168.164.226, host: pr-hdds-2210-kntbx-3061227707, networkLocation: /default-rack, certSerialId: null}, Type:RATIS, Factor:ONE, State:OPEN]
2019-10-01 13:55:11,095 [EventQueue-StaleNodeForStaleNodeHandler] INFO  pipeline.PipelineStateManager (PipelineStateManager.java:finalizePipeline(123)) - Pipeline Pipeline[ Id: fd76ec07-7c1a-4125-939e-e99fdac9c3bd, Nodes: 7a6ea145-8a02-4a57-83fc-31fd93eebedd{ip: 192.168.164.226, host: pr-hdds-2210-kntbx-3061227707, networkLocation: /default-rack, certSerialId: null}, Type:RATIS, Factor:ONE, State:CLOSED] moved to CLOSED state
2019-10-01 13:55:11,096 [EventQueue-StaleNodeForStaleNodeHandler] INFO  node.StaleNodeHandler (StaleNodeHandler.java:onMessage(58)) - Datanode fc819ada-e5e1-4ee1-965d-05fb716885e8{ip: 192.168.164.226, host: pr-hdds-2210-kntbx-3061227707, networkLocation: /default-rack, certSerialId: null} moved to stale state. Finalizing its pipelines [PipelineID=0450a6bd-4b1d-44cc-9cdc-f38063ca88f8, PipelineID=866aa0b0-84b5-4314-b25a-d28fd509f67e]
2019-10-01 13:55:11,096 [EventQueue-StaleNodeForStaleNodeHandler] INFO  pipeline.SCMPipelineManager (SCMPipelineManager.java:finalizeAndDestroyPipeline(315)) - destroying pipeline:Pipeline[ Id: 0450a6bd-4b1d-44cc-9cdc-f38063ca88f8, Nodes: fc819ada-e5e1-4ee1-965d-05fb716885e8{ip: 192.168.164.226, host: pr-hdds-2210-kntbx-3061227707, networkLocation: /default-rack, certSerialId: null}, Type:RATIS, Factor:ONE, State:OPEN]
2019-10-01 13:55:11,096 [EventQueue-StaleNodeForStaleNodeHandler] INFO  pipeline.PipelineStateManager (PipelineStateManager.java:finalizePipeline(123)) - Pipeline Pipeline[ Id: 0450a6bd-4b1d-44cc-9cdc-f38063ca88f8, Nodes: fc819ada-e5e1-4ee1-965d-05fb716885e8{ip: 192.168.164.226, host: pr-hdds-2210-kntbx-3061227707, networkLocation: /default-rack, certSerialId: null}, Type:RATIS, Factor:ONE, State:CLOSED] moved to CLOSED state
2019-10-01 13:55:11,096 [EventQueue-StaleNodeForStaleNodeHandler] INFO  pipeline.SCMPipelineManager (SCMPipelineManager.java:finalizeAndDestroyPipeline(315)) - destroying pipeline:Pipeline[ Id: 866aa0b0-84b5-4314-b25a-d28fd509f67e, Nodes: 7a036fa1-334b-4ced-82ce-fc5b7e253290{ip: 192.168.164.226, host: pr-hdds-2210-kntbx-3061227707, networkLocation: /default-rack, certSerialId: null}7a6ea145-8a02-4a57-83fc-31fd93eebedd{ip: 192.168.164.226, host: pr-hdds-2210-kntbx-3061227707, networkLocation: /default-rack, certSerialId: null}fc819ada-e5e1-4ee1-965d-05fb716885e8{ip: 192.168.164.226, host: pr-hdds-2210-kntbx-3061227707, networkLocation: /default-rack, certSerialId: null}, Type:RATIS, Factor:THREE, State:CLOSED]
2019-10-01 13:55:11,583 [main] INFO  ozoneimpl.OzoneContainer (OzoneContainer.java:stop(231)) - Attempting to stop container services.
2019-10-01 13:55:11,583 [ForkJoinPool.commonPool-worker-1] INFO  ozoneimpl.OzoneContainer (OzoneContainer.java:stop(231)) - Attempting to stop container services.
2019-10-01 13:55:11,597 [ForkJoinPool.commonPool-worker-1] INFO  impl.RaftServerProxy (RaftServerProxy.java:lambda$close$4(314)) - fc819ada-e5e1-4ee1-965d-05fb716885e8: close
2019-10-01 13:55:11,597 [main] INFO  impl.RaftServerProxy (RaftServerProxy.java:lambda$close$4(314)) - 7a6ea145-8a02-4a57-83fc-31fd93eebedd: close
2019-10-01 13:55:11,598 [ForkJoinPool.commonPool-worker-1] INFO  impl.RaftServerImpl (RaftServerImpl.java:lambda$shutdown$3(247)) - fc819ada-e5e1-4ee1-965d-05fb716885e8@group-F38063CA88F8: shutdown
2019-10-01 13:55:11,598 [main] INFO  impl.RaftServerImpl (RaftServerImpl.java:lambda$shutdown$3(247)) - 7a6ea145-8a02-4a57-83fc-31fd93eebedd@group-D28FD509F67E: shutdown
2019-10-01 13:55:11,598 [ForkJoinPool.commonPool-worker-1] INFO  util.JmxRegister (JmxRegister.java:unregister(73)) - Successfully un-registered JMX Bean with object name Ratis:service=RaftServer,group=group-F38063CA88F8,id=fc819ada-e5e1-4ee1-965d-05fb716885e8
2019-10-01 13:55:11,598 [main] INFO  util.JmxRegister (JmxRegister.java:unregister(73)) - Successfully un-registered JMX Bean with object name Ratis:service=RaftServer,group=group-D28FD509F67E,id=7a6ea145-8a02-4a57-83fc-31fd93eebedd
2019-10-01 13:55:11,598 [ForkJoinPool.commonPool-worker-1] INFO  impl.RoleInfo (RoleInfo.java:shutdownLeaderState(104)) - fc819ada-e5e1-4ee1-965d-05fb716885e8: shutdown LeaderState
2019-10-01 13:55:11,599 [main] INFO  impl.RoleInfo (RoleInfo.java:shutdownLeaderState(104)) - 7a6ea145-8a02-4a57-83fc-31fd93eebedd: shutdown LeaderState
2019-10-01 13:55:11,599 [ForkJoinPool.commonPool-worker-1] INFO  impl.PendingRequests (PendingRequests.java:sendNotLeaderResponses(202)) - fc819ada-e5e1-4ee1-965d-05fb716885e8@group-F38063CA88F8-PendingRequests: sendNotLeaderResponses
2019-10-01 13:55:11,605 [org.apache.ratis.server.impl.LogAppender$AppenderDaemon$$Lambda$496/1802087362@1f0c60d7] WARN  server.GrpcLogAppender (GrpcLogAppender.java:mayWait(143)) - 7a6ea145-8a02-4a57-83fc-31fd93eebedd@group-D28FD509F67E->fc819ada-e5e1-4ee1-965d-05fb716885e8-GrpcLogAppender: Wait interrupted by java.lang.InterruptedException
2019-10-01 13:55:11,605 [main] INFO  impl.PendingRequests (PendingRequests.java:sendNotLeaderResponses(202)) - 7a6ea145-8a02-4a57-83fc-31fd93eebedd@group-D28FD509F67E-PendingRequests: sendNotLeaderResponses
2019-10-01 13:55:11,605 [ForkJoinPool.commonPool-worker-1] INFO  impl.StateMachineUpdater (StateMachineUpdater.java:stopAndJoin(136)) - fc819ada-e5e1-4ee1-965d-05fb716885e8@group-F38063CA88F8-StateMachineUpdater: set stopIndex = 0
2019-10-01 13:55:11,605 [org.apache.ratis.server.impl.LogAppender$AppenderDaemon$$Lambda$496/1802087362@36d0e081] WARN  server.GrpcLogAppender (GrpcLogAppender.java:mayWait(143)) - 7a6ea145-8a02-4a57-83fc-31fd93eebedd@group-D28FD509F67E->7a036fa1-334b-4ced-82ce-fc5b7e253290-GrpcLogAppender: Wait interrupted by java.lang.InterruptedException
2019-10-01 13:55:11,609 [main] INFO  impl.StateMachineUpdater (StateMachineUpdater.java:stopAndJoin(136)) - 7a6ea145-8a02-4a57-83fc-31fd93eebedd@group-D28FD509F67E-StateMachineUpdater: set stopIndex = 16
2019-10-01 13:55:11,609 [grpc-default-executor-7] INFO  server.GrpcServerProtocolService (GrpcServerProtocolService.java:onCompleted(113)) - 7a036fa1-334b-4ced-82ce-fc5b7e253290: Completed APPEND_ENTRIES, lastRequest: 7a6ea145-8a02-4a57-83fc-31fd93eebedd->7a036fa1-334b-4ced-82ce-fc5b7e253290#19-t2, previous=(t:2, i:16), leaderCommit=16, initializing? false, entries: <empty>
2019-10-01 13:55:11,610 [7a6ea145-8a02-4a57-83fc-31fd93eebedd@group-D28FD509F67E-StateMachineUpdater] INFO  ratis.ContainerStateMachine (ContainerStateMachine.java:takeSnapshot(293)) - group-D28FD509F67E: Taking a snapshot at:(t:2, i:14) file /workdir/hadoop-ozone/integration-test/target/test-dir/MiniOzoneClusterImpl-8c479a76-a73b-4552-9aed-a64f66d42b91/datanode-4/data/ratis/866aa0b0-84b5-4314-b25a-d28fd509f67e/sm/snapshot.2_14
2019-10-01 13:55:11,609 [grpc-default-executor-1] INFO  server.GrpcServerProtocolService (GrpcServerProtocolService.java:onCompleted(113)) - fc819ada-e5e1-4ee1-965d-05fb716885e8: Completed APPEND_ENTRIES, lastRequest: 7a6ea145-8a02-4a57-83fc-31fd93eebedd->fc819ada-e5e1-4ee1-965d-05fb716885e8#19-t2, previous=(t:2, i:16), leaderCommit=16, initializing? false, entries: <empty>
2019-10-01 13:55:11,609 [ForkJoinPool.commonPool-worker-1] INFO  impl.RaftServerImpl (ServerState.java:close(387)) - fc819ada-e5e1-4ee1-965d-05fb716885e8@group-F38063CA88F8: closes. applyIndex: 0
2019-10-01 13:55:11,610 [grpc-default-executor-1] INFO  server.GrpcLogAppender (GrpcLogAppender.java:onCompleted(293)) - 7a6ea145-8a02-4a57-83fc-31fd93eebedd@group-D28FD509F67E->7a036fa1-334b-4ced-82ce-fc5b7e253290-AppendLogResponseHandler: follower responses appendEntries COMPLETED
2019-10-01 13:55:11,611 [fc819ada-e5e1-4ee1-965d-05fb716885e8@group-F38063CA88F8-SegmentedRaftLogWorker] INFO  segmented.SegmentedRaftLogWorker (SegmentedRaftLogWorker.java:run(316)) - fc819ada-e5e1-4ee1-965d-05fb716885e8@group-F38063CA88F8-SegmentedRaftLogWorker was interrupted, exiting. There are 0 tasks remaining in the queue.
2019-10-01 13:55:11,611 [grpc-default-executor-10] INFO  server.GrpcLogAppender (GrpcLogAppender.java:onCompleted(293)) - 7a6ea145-8a02-4a57-83fc-31fd93eebedd@group-D28FD509F67E->fc819ada-e5e1-4ee1-965d-05fb716885e8-AppendLogResponseHandler: follower responses appendEntries COMPLETED
2019-10-01 13:55:11,613 [ForkJoinPool.commonPool-worker-1] INFO  segmented.SegmentedRaftLogWorker (SegmentedRaftLogWorker.java:close(224)) - fc819ada-e5e1-4ee1-965d-05fb716885e8@group-F38063CA88F8-SegmentedRaftLogWorker close()
2019-10-01 13:55:11,618 [ForkJoinPool.commonPool-worker-1] INFO  impl.RaftServerImpl (RaftServerImpl.java:lambda$shutdown$3(247)) - fc819ada-e5e1-4ee1-965d-05fb716885e8@group-D28FD509F67E: shutdown
2019-10-01 13:55:11,618 [ForkJoinPool.commonPool-worker-1] INFO  util.JmxRegister (JmxRegister.java:unregister(73)) - Successfully un-registered JMX Bean with object name Ratis:service=RaftServer,group=group-D28FD509F67E,id=fc819ada-e5e1-4ee1-965d-05fb716885e8
2019-10-01 13:55:11,618 [ForkJoinPool.commonPool-worker-1] INFO  impl.RoleInfo (RoleInfo.java:shutdownFollowerState(121)) - fc819ada-e5e1-4ee1-965d-05fb716885e8: shutdown FollowerState
2019-10-01 13:55:11,618 [grpc-default-executor-1] INFO  impl.FollowerInfo (FollowerInfo.java:lambda$new$0(51)) - 7a6ea145-8a02-4a57-83fc-31fd93eebedd@group-D28FD509F67E->7a036fa1-334b-4ced-82ce-fc5b7e253290: nextIndex: updateUnconditionally 17 -> 16
2019-10-01 13:55:11,618 [grpc-default-executor-10] INFO  impl.FollowerInfo (FollowerInfo.java:lambda$new$0(51)) - 7a6ea145-8a02-4a57-83fc-31fd93eebedd@group-D28FD509F67E->fc819ada-e5e1-4ee1-965d-05fb716885e8: nextIndex: updateUnconditionally 17 -> 16
2019-10-01 13:55:11,618 [fc819ada-e5e1-4ee1-965d-05fb716885e8@group-D28FD509F67E-StateMachineUpdater] INFO  ratis.ContainerStateMachine (ContainerStateMachine.java:takeSnapshot(293)) - group-D28FD509F67E: Taking a snapshot at:(t:2, i:16) file /workdir/hadoop-ozone/integration-test/target/test-dir/MiniOzoneClusterImpl-8c479a76-a73b-4552-9aed-a64f66d42b91/datanode-1/data/ratis/866aa0b0-84b5-4314-b25a-d28fd509f67e/sm/snapshot.2_16
2019-10-01 13:55:11,618 [Thread-3144] INFO  impl.FollowerState (FollowerState.java:run(117)) - fc819ada-e5e1-4ee1-965d-05fb716885e8@group-D28FD509F67E-FollowerState was interrupted: java.lang.InterruptedException: sleep interrupted
2019-10-01 13:55:11,618 [ForkJoinPool.commonPool-worker-1] INFO  impl.StateMachineUpdater (StateMachineUpdater.java:stopAndJoin(136)) - fc819ada-e5e1-4ee1-965d-05fb716885e8@group-D28FD509F67E-StateMachineUpdater: set stopIndex = 16
2019-10-01 13:55:11,626 [fc819ada-e5e1-4ee1-965d-05fb716885e8@group-D28FD509F67E-StateMachineUpdater] INFO  ratis.ContainerStateMachine (ContainerStateMachine.java:takeSnapshot(304)) - group-D28FD509F67E: Finished taking a snapshot at:(t:2, i:16) file:/workdir/hadoop-ozone/integration-test/target/test-dir/MiniOzoneClusterImpl-8c479a76-a73b-4552-9aed-a64f66d42b91/datanode-1/data/ratis/866aa0b0-84b5-4314-b25a-d28fd509f67e/sm/snapshot.2_16 time:7
2019-10-01 13:55:11,626 [7a6ea145-8a02-4a57-83fc-31fd93eebedd@group-D28FD509F67E-StateMachineUpdater] INFO  ratis.ContainerStateMachine (ContainerStateMachine.java:takeSnapshot(304)) - group-D28FD509F67E: Finished taking a snapshot at:(t:2, i:14) file:/workdir/hadoop-ozone/integration-test/target/test-dir/MiniOzoneClusterImpl-8c479a76-a73b-4552-9aed-a64f66d42b91/datanode-4/data/ratis/866aa0b0-84b5-4314-b25a-d28fd509f67e/sm/snapshot.2_14 time:16
2019-10-01 13:55:11,626 [fc819ada-e5e1-4ee1-965d-05fb716885e8@group-D28FD509F67E-StateMachineUpdater] INFO  impl.StateMachineUpdater (StateMachineUpdater.java:takeSnapshot(269)) - fc819ada-e5e1-4ee1-965d-05fb716885e8@group-D28FD509F67E-StateMachineUpdater: Took a snapshot at index 16
2019-10-01 13:55:11,626 [7a6ea145-8a02-4a57-83fc-31fd93eebedd@group-D28FD509F67E-StateMachineUpdater] INFO  impl.StateMachineUpdater (StateMachineUpdater.java:takeSnapshot(269)) - 7a6ea145-8a02-4a57-83fc-31fd93eebedd@group-D28FD509F67E-StateMachineUpdater: Took a snapshot at index 14
2019-10-01 13:55:11,626 [fc819ada-e5e1-4ee1-965d-05fb716885e8@group-D28FD509F67E-StateMachineUpdater] INFO  impl.StateMachineUpdater (StateMachineUpdater.java:lambda$new$0(84)) - fc819ada-e5e1-4ee1-965d-05fb716885e8@group-D28FD509F67E-StateMachineUpdater: snapshotIndex: updateIncreasingly -1 -> 16
2019-10-01 13:55:11,626 [7a6ea145-8a02-4a57-83fc-31fd93eebedd@group-D28FD509F67E-StateMachineUpdater] INFO  impl.StateMachineUpdater (StateMachineUpdater.java:lambda$new$0(84)) - 7a6ea145-8a02-4a57-83fc-31fd93eebedd@group-D28FD509F67E-StateMachineUpdater: snapshotIndex: updateIncreasingly -1 -> 14
2019-10-01 13:55:11,627 [7a6ea145-8a02-4a57-83fc-31fd93eebedd@group-D28FD509F67E-StateMachineUpdater] INFO  ratis.ContainerStateMachine (ContainerStateMachine.java:takeSnapshot(293)) - group-D28FD509F67E: Taking a snapshot at:(t:2, i:14) file /workdir/hadoop-ozone/integration-test/target/test-dir/MiniOzoneClusterImpl-8c479a76-a73b-4552-9aed-a64f66d42b91/datanode-4/data/ratis/866aa0b0-84b5-4314-b25a-d28fd509f67e/sm/snapshot.2_14
2019-10-01 13:55:11,627 [ForkJoinPool.commonPool-worker-1] INFO  impl.RaftServerImpl (ServerState.java:close(387)) - fc819ada-e5e1-4ee1-965d-05fb716885e8@group-D28FD509F67E: closes. applyIndex: 16
2019-10-01 13:55:11,627 [fc819ada-e5e1-4ee1-965d-05fb716885e8@group-D28FD509F67E-SegmentedRaftLogWorker] INFO  segmented.SegmentedRaftLogWorker (SegmentedRaftLogWorker.java:run(316)) - fc819ada-e5e1-4ee1-965d-05fb716885e8@group-D28FD509F67E-SegmentedRaftLogWorker was interrupted, exiting. There are 0 tasks remaining in the queue.
2019-10-01 13:55:11,629 [ForkJoinPool.commonPool-worker-1] INFO  segmented.SegmentedRaftLogWorker (SegmentedRaftLogWorker.java:close(224)) - fc819ada-e5e1-4ee1-965d-05fb716885e8@group-D28FD509F67E-SegmentedRaftLogWorker close()
2019-10-01 13:55:11,633 [ForkJoinPool.commonPool-worker-1] INFO  server.GrpcService (GrpcService.java:closeImpl(164)) - fc819ada-e5e1-4ee1-965d-05fb716885e8: shutdown server with port 39631 now
2019-10-01 13:55:11,634 [ForkJoinPool.commonPool-worker-1] INFO  server.GrpcService (GrpcService.java:closeImpl(172)) - fc819ada-e5e1-4ee1-965d-05fb716885e8: shutdown server with port 39631 successfully
2019-10-01 13:55:11,636 [refreshUsed-/workdir/hadoop-ozone/integration-test/target/test-dir/MiniOzoneClusterImpl-8c479a76-a73b-4552-9aed-a64f66d42b91/datanode-1/data/containers] WARN  fs.CachingGetSpaceUsed (CachingGetSpaceUsed.java:run(183)) - Thread Interrupted waiting to refresh disk information: sleep interrupted
2019-10-01 13:55:11,648 [7a6ea145-8a02-4a57-83fc-31fd93eebedd@group-D28FD509F67E-StateMachineUpdater] INFO  ratis.ContainerStateMachine (ContainerStateMachine.java:takeSnapshot(304)) - group-D28FD509F67E: Finished taking a snapshot at:(t:2, i:14) file:/workdir/hadoop-ozone/integration-test/target/test-dir/MiniOzoneClusterImpl-8c479a76-a73b-4552-9aed-a64f66d42b91/datanode-4/data/ratis/866aa0b0-84b5-4314-b25a-d28fd509f67e/sm/snapshot.2_14 time:21
2019-10-01 13:55:11,648 [7a6ea145-8a02-4a57-83fc-31fd93eebedd@group-D28FD509F67E-StateMachineUpdater] INFO  impl.StateMachineUpdater (StateMachineUpdater.java:takeSnapshot(269)) - 7a6ea145-8a02-4a57-83fc-31fd93eebedd@group-D28FD509F67E-StateMachineUpdater: Took a snapshot at index 14
2019-10-01 13:55:11,648 [7a6ea145-8a02-4a57-83fc-31fd93eebedd@group-D28FD509F67E-StateMachineUpdater] INFO  impl.StateMachineUpdater (StateMachineUpdater.java:lambda$new$0(84)) - 7a6ea145-8a02-4a57-83fc-31fd93eebedd@group-D28FD509F67E-StateMachineUpdater: snapshotIndex: updateIncreasingly 14 -> 14
2019-10-01 13:55:11,649 [main] INFO  impl.RaftServerImpl (ServerState.java:close(387)) - 7a6ea145-8a02-4a57-83fc-31fd93eebedd@group-D28FD509F67E: closes. applyIndex: 16
2019-10-01 13:55:11,649 [7a6ea145-8a02-4a57-83fc-31fd93eebedd@group-D28FD509F67E-SegmentedRaftLogWorker] INFO  segmented.SegmentedRaftLogWorker (SegmentedRaftLogWorker.java:run(316)) - 7a6ea145-8a02-4a57-83fc-31fd93eebedd@group-D28FD509F67E-SegmentedRaftLogWorker was interrupted, exiting. There are 0 tasks remaining in the queue.
2019-10-01 13:55:11,652 [main] INFO  segmented.SegmentedRaftLogWorker (SegmentedRaftLogWorker.java:close(224)) - 7a6ea145-8a02-4a57-83fc-31fd93eebedd@group-D28FD509F67E-SegmentedRaftLogWorker close()
2019-10-01 13:55:11,656 [main] INFO  impl.RaftServerImpl (RaftServerImpl.java:lambda$shutdown$3(247)) - 7a6ea145-8a02-4a57-83fc-31fd93eebedd@group-E99FDAC9C3BD: shutdown
2019-10-01 13:55:11,656 [main] INFO  util.JmxRegister (JmxRegister.java:unregister(73)) - Successfully un-registered JMX Bean with object name Ratis:service=RaftServer,group=group-E99FDAC9C3BD,id=7a6ea145-8a02-4a57-83fc-31fd93eebedd
2019-10-01 13:55:11,657 [main] INFO  impl.RoleInfo (RoleInfo.java:shutdownLeaderState(104)) - 7a6ea145-8a02-4a57-83fc-31fd93eebedd: shutdown LeaderState
2019-10-01 13:55:11,657 [main] INFO  impl.PendingRequests (PendingRequests.java:sendNotLeaderResponses(202)) - 7a6ea145-8a02-4a57-83fc-31fd93eebedd@group-E99FDAC9C3BD-PendingRequests: sendNotLeaderResponses
2019-10-01 13:55:11,657 [main] INFO  impl.StateMachineUpdater (StateMachineUpdater.java:stopAndJoin(136)) - 7a6ea145-8a02-4a57-83fc-31fd93eebedd@group-E99FDAC9C3BD-StateMachineUpdater: set stopIndex = 0
2019-10-01 13:55:11,658 [main] INFO  impl.RaftServerImpl (ServerState.java:close(387)) - 7a6ea145-8a02-4a57-83fc-31fd93eebedd@group-E99FDAC9C3BD: closes. applyIndex: 0
2019-10-01 13:55:11,658 [7a6ea145-8a02-4a57-83fc-31fd93eebedd@group-E99FDAC9C3BD-SegmentedRaftLogWorker] INFO  segmented.SegmentedRaftLogWorker (SegmentedRaftLogWorker.java:run(316)) - 7a6ea145-8a02-4a57-83fc-31fd93eebedd@group-E99FDAC9C3BD-SegmentedRaftLogWorker was interrupted, exiting. There are 0 tasks remaining in the queue.
2019-10-01 13:55:11,660 [main] INFO  segmented.SegmentedRaftLogWorker (SegmentedRaftLogWorker.java:close(224)) - 7a6ea145-8a02-4a57-83fc-31fd93eebedd@group-E99FDAC9C3BD-SegmentedRaftLogWorker close()
2019-10-01 13:55:11,664 [main] INFO  server.GrpcService (GrpcService.java:closeImpl(164)) - 7a6ea145-8a02-4a57-83fc-31fd93eebedd: shutdown server with port 33639 now
2019-10-01 13:55:11,665 [ForkJoinPool.commonPool-worker-1] INFO  utils.BackgroundService (BackgroundService.java:shutdown(148)) - Shutting down service BlockDeletingService
2019-10-01 13:55:11,665 [grpc-default-executor-6] WARN  client.GrpcClientProtocolService (LogUtils.java:warn(134)) - 4-UnorderedRequestStreamObserver4: onError: org.apache.ratis.thirdparty.io.grpc.StatusRuntimeException: CANCELLED: cancelled before receiving half close
2019-10-01 13:55:11,667 [main] INFO  server.GrpcService (GrpcService.java:closeImpl(172)) - 7a6ea145-8a02-4a57-83fc-31fd93eebedd: shutdown server with port 33639 successfully
2019-10-01 13:55:11,674 [ForkJoinPool.commonPool-worker-1] INFO  statemachine.DatanodeStateMachine (DatanodeStateMachine.java:stopDaemon(395)) - Ozone container server stopped.
2019-10-01 13:55:11,681 [refreshUsed-/workdir/hadoop-ozone/integration-test/target/test-dir/MiniOzoneClusterImpl-8c479a76-a73b-4552-9aed-a64f66d42b91/datanode-4/data/containers] WARN  fs.CachingGetSpaceUsed (CachingGetSpaceUsed.java:run(183)) - Thread Interrupted waiting to refresh disk information: sleep interrupted
2019-10-01 13:55:11,683 [ForkJoinPool.commonPool-worker-1] INFO  handler.ContextHandler (ContextHandler.java:doStop(910)) - Stopped o.e.j.w.WebAppContext@37775bb1{/,null,UNAVAILABLE}{/hddsDatanode}
2019-10-01 13:55:11,685 [ForkJoinPool.commonPool-worker-1] INFO  server.AbstractConnector (AbstractConnector.java:doStop(318)) - Stopped ServerConnector@7b9e25bd{HTTP/1.1,[http/1.1]}{0.0.0.0:0}
2019-10-01 13:55:11,687 [ForkJoinPool.commonPool-worker-1] INFO  handler.ContextHandler (ContextHandler.java:doStop(910)) - Stopped o.e.j.s.ServletContextHandler@37d3e140{/static,jar:file:/home/user/.m2/repository/org/apache/hadoop/hadoop-hdds-container-service/0.5.0-SNAPSHOT/hadoop-hdds-container-service-0.5.0-SNAPSHOT.jar!/webapps/static,UNAVAILABLE}
2019-10-01 13:55:11,689 [ForkJoinPool.commonPool-worker-1] INFO  handler.ContextHandler (ContextHandler.java:doStop(910)) - Stopped o.e.j.s.ServletContextHandler@584ca390{/logs,file:///workdir/hadoop-ozone/integration-test/target/log,UNAVAILABLE}
2019-10-01 13:55:11,697 [main] INFO  utils.BackgroundService (BackgroundService.java:shutdown(148)) - Shutting down service BlockDeletingService
2019-10-01 13:55:11,702 [main] INFO  statemachine.DatanodeStateMachine (DatanodeStateMachine.java:stopDaemon(395)) - Ozone container server stopped.
2019-10-01 13:55:11,703 [main] INFO  handler.ContextHandler (ContextHandler.java:doStop(910)) - Stopped o.e.j.w.WebAppContext@123307c4{/,null,UNAVAILABLE}{/hddsDatanode}
2019-10-01 13:55:11,703 [main] INFO  server.AbstractConnector (AbstractConnector.java:doStop(318)) - Stopped ServerConnector@1693ff90{HTTP/1.1,[http/1.1]}{0.0.0.0:0}
2019-10-01 13:55:11,704 [main] INFO  handler.ContextHandler (ContextHandler.java:doStop(910)) - Stopped o.e.j.s.ServletContextHandler@2c7c0e36{/static,jar:file:/home/user/.m2/repository/org/apache/hadoop/hadoop-hdds-container-service/0.5.0-SNAPSHOT/hadoop-hdds-container-service-0.5.0-SNAPSHOT.jar!/webapps/static,UNAVAILABLE}
2019-10-01 13:55:11,704 [main] INFO  handler.ContextHandler (ContextHandler.java:doStop(910)) - Stopped o.e.j.s.ServletContextHandler@597d48ca{/logs,file:///workdir/hadoop-ozone/integration-test/target/log,UNAVAILABLE}
2019-10-01 13:55:12,428 [Datanode State Machine Thread - 0] INFO  statemachine.DatanodeStateMachine (DatanodeStateMachine.java:lambda$startDaemon$0(350)) - Ozone container server started.
2019-10-01 13:55:12,429 [Datanode State Machine Thread - 0] INFO  statemachine.DatanodeStateMachine (DatanodeStateMachine.java:lambda$startDaemon$0(350)) - Ozone container server started.
2019-10-01 13:55:16,502 [EventQueue-StaleNodeForStaleNodeHandler] INFO  node.StaleNodeHandler (StaleNodeHandler.java:onMessage(58)) - Datanode 76e35fbb-b42a-43d6-8a13-99c6ae7009f1{ip: 192.168.164.226, host: pr-hdds-2210-kntbx-3061227707, networkLocation: /default-rack, certSerialId: null} moved to stale state. Finalizing its pipelines [PipelineID=7f17f792-f3d5-4fd3-b225-0f756ed40316, PipelineID=e579c5a9-3712-4969-86d7-e9ccc3656834]
2019-10-01 13:55:16,503 [EventQueue-StaleNodeForStaleNodeHandler] INFO  pipeline.SCMPipelineManager (SCMPipelineManager.java:finalizeAndDestroyPipeline(315)) - destroying pipeline:Pipeline[ Id: 7f17f792-f3d5-4fd3-b225-0f756ed40316, Nodes: 76e35fbb-b42a-43d6-8a13-99c6ae7009f1{ip: 192.168.164.226, host: pr-hdds-2210-kntbx-3061227707, networkLocation: /default-rack, certSerialId: null}, Type:RATIS, Factor:ONE, State:OPEN]
2019-10-01 13:55:16,503 [EventQueue-StaleNodeForStaleNodeHandler] INFO  pipeline.PipelineStateManager (PipelineStateManager.java:finalizePipeline(123)) - Pipeline Pipeline[ Id: 7f17f792-f3d5-4fd3-b225-0f756ed40316, Nodes: 76e35fbb-b42a-43d6-8a13-99c6ae7009f1{ip: 192.168.164.226, host: pr-hdds-2210-kntbx-3061227707, networkLocation: /default-rack, certSerialId: null}, Type:RATIS, Factor:ONE, State:CLOSED] moved to CLOSED state
2019-10-01 13:55:16,503 [EventQueue-StaleNodeForStaleNodeHandler] INFO  pipeline.SCMPipelineManager (SCMPipelineManager.java:finalizeAndDestroyPipeline(315)) - destroying pipeline:Pipeline[ Id: e579c5a9-3712-4969-86d7-e9ccc3656834, Nodes: 76e35fbb-b42a-43d6-8a13-99c6ae7009f1{ip: 192.168.164.226, host: pr-hdds-2210-kntbx-3061227707, networkLocation: /default-rack, certSerialId: null}b5392421-db4e-4369-9727-29aa9ab96bd9{ip: 192.168.164.226, host: pr-hdds-2210-kntbx-3061227707, networkLocation: /default-rack, certSerialId: null}8f1e37da-9a41-4be3-8e97-3c1ce31c4ce7{ip: 192.168.164.226, host: pr-hdds-2210-kntbx-3061227707, networkLocation: /default-rack, certSerialId: null}, Type:RATIS, Factor:THREE, State:OPEN]
2019-10-01 13:55:16,503 [EventQueue-StaleNodeForStaleNodeHandler] INFO  pipeline.PipelineStateManager (PipelineStateManager.java:finalizePipeline(123)) - Pipeline Pipeline[ Id: e579c5a9-3712-4969-86d7-e9ccc3656834, Nodes: 76e35fbb-b42a-43d6-8a13-99c6ae7009f1{ip: 192.168.164.226, host: pr-hdds-2210-kntbx-3061227707, networkLocation: /default-rack, certSerialId: null}b5392421-db4e-4369-9727-29aa9ab96bd9{ip: 192.168.164.226, host: pr-hdds-2210-kntbx-3061227707, networkLocation: /default-rack, certSerialId: null}8f1e37da-9a41-4be3-8e97-3c1ce31c4ce7{ip: 192.168.164.226, host: pr-hdds-2210-kntbx-3061227707, networkLocation: /default-rack, certSerialId: null}, Type:RATIS, Factor:THREE, State:CLOSED] moved to CLOSED state
2019-10-01 13:55:16,504 [EventQueue-CloseContainerForCloseContainerEventHandler] INFO  container.CloseContainerEventHandler (CloseContainerEventHandler.java:onMessage(61)) - Close container Event triggered for container : #2
2019-10-01 13:55:16,505 [EventQueue-StaleNodeForStaleNodeHandler] INFO  node.StaleNodeHandler (StaleNodeHandler.java:onMessage(58)) - Datanode 8f1e37da-9a41-4be3-8e97-3c1ce31c4ce7{ip: 192.168.164.226, host: pr-hdds-2210-kntbx-3061227707, networkLocation: /default-rack, certSerialId: null} moved to stale state. Finalizing its pipelines [PipelineID=e579c5a9-3712-4969-86d7-e9ccc3656834, PipelineID=76da7679-5ecc-47e9-8c30-277f9bb0c20a]
2019-10-01 13:55:16,507 [EventQueue-StaleNodeForStaleNodeHandler] INFO  pipeline.SCMPipelineManager (SCMPipelineManager.java:finalizeAndDestroyPipeline(315)) - destroying pipeline:Pipeline[ Id: e579c5a9-3712-4969-86d7-e9ccc3656834, Nodes: 76e35fbb-b42a-43d6-8a13-99c6ae7009f1{ip: 192.168.164.226, host: pr-hdds-2210-kntbx-3061227707, networkLocation: /default-rack, certSerialId: null}b5392421-db4e-4369-9727-29aa9ab96bd9{ip: 192.168.164.226, host: pr-hdds-2210-kntbx-3061227707, networkLocation: /default-rack, certSerialId: null}8f1e37da-9a41-4be3-8e97-3c1ce31c4ce7{ip: 192.168.164.226, host: pr-hdds-2210-kntbx-3061227707, networkLocation: /default-rack, certSerialId: null}, Type:RATIS, Factor:THREE, State:CLOSED]
2019-10-01 13:55:16,508 [EventQueue-StaleNodeForStaleNodeHandler] INFO  pipeline.SCMPipelineManager (SCMPipelineManager.java:finalizeAndDestroyPipeline(315)) - destroying pipeline:Pipeline[ Id: 76da7679-5ecc-47e9-8c30-277f9bb0c20a, Nodes: 8f1e37da-9a41-4be3-8e97-3c1ce31c4ce7{ip: 192.168.164.226, host: pr-hdds-2210-kntbx-3061227707, networkLocation: /default-rack, certSerialId: null}, Type:RATIS, Factor:ONE, State:OPEN]
2019-10-01 13:55:16,508 [EventQueue-StaleNodeForStaleNodeHandler] INFO  pipeline.PipelineStateManager (PipelineStateManager.java:finalizePipeline(123)) - Pipeline Pipeline[ Id: 76da7679-5ecc-47e9-8c30-277f9bb0c20a, Nodes: 8f1e37da-9a41-4be3-8e97-3c1ce31c4ce7{ip: 192.168.164.226, host: pr-hdds-2210-kntbx-3061227707, networkLocation: /default-rack, certSerialId: null}, Type:RATIS, Factor:ONE, State:CLOSED] moved to CLOSED state
2019-10-01 13:55:16,691 [ForkJoinPool.commonPool-worker-1] INFO  ozoneimpl.OzoneContainer (OzoneContainer.java:stop(231)) - Attempting to stop container services.
2019-10-01 13:55:16,694 [ForkJoinPool.commonPool-worker-1] INFO  impl.RaftServerProxy (RaftServerProxy.java:lambda$close$4(314)) - 76e35fbb-b42a-43d6-8a13-99c6ae7009f1: close
2019-10-01 13:55:16,694 [ForkJoinPool.commonPool-worker-1] INFO  impl.RaftServerImpl (RaftServerImpl.java:lambda$shutdown$3(247)) - 76e35fbb-b42a-43d6-8a13-99c6ae7009f1@group-0F756ED40316: shutdown
2019-10-01 13:55:16,694 [ForkJoinPool.commonPool-worker-1] INFO  util.JmxRegister (JmxRegister.java:unregister(73)) - Successfully un-registered JMX Bean with object name Ratis:service=RaftServer,group=group-0F756ED40316,id=76e35fbb-b42a-43d6-8a13-99c6ae7009f1
2019-10-01 13:55:16,694 [ForkJoinPool.commonPool-worker-1] INFO  impl.RoleInfo (RoleInfo.java:shutdownLeaderState(104)) - 76e35fbb-b42a-43d6-8a13-99c6ae7009f1: shutdown LeaderState
2019-10-01 13:55:16,694 [ForkJoinPool.commonPool-worker-1] INFO  impl.PendingRequests (PendingRequests.java:sendNotLeaderResponses(202)) - 76e35fbb-b42a-43d6-8a13-99c6ae7009f1@group-0F756ED40316-PendingRequests: sendNotLeaderResponses
2019-10-01 13:55:16,695 [ForkJoinPool.commonPool-worker-1] INFO  impl.StateMachineUpdater (StateMachineUpdater.java:stopAndJoin(136)) - 76e35fbb-b42a-43d6-8a13-99c6ae7009f1@group-0F756ED40316-StateMachineUpdater: set stopIndex = 0
2019-10-01 13:55:16,695 [ForkJoinPool.commonPool-worker-1] INFO  impl.RaftServerImpl (ServerState.java:close(387)) - 76e35fbb-b42a-43d6-8a13-99c6ae7009f1@group-0F756ED40316: closes. applyIndex: 0
2019-10-01 13:55:16,696 [76e35fbb-b42a-43d6-8a13-99c6ae7009f1@group-0F756ED40316-SegmentedRaftLogWorker] INFO  segmented.SegmentedRaftLogWorker (SegmentedRaftLogWorker.java:run(316)) - 76e35fbb-b42a-43d6-8a13-99c6ae7009f1@group-0F756ED40316-SegmentedRaftLogWorker was interrupted, exiting. There are 0 tasks remaining in the queue.
2019-10-01 13:55:16,698 [ForkJoinPool.commonPool-worker-1] INFO  segmented.SegmentedRaftLogWorker (SegmentedRaftLogWorker.java:close(224)) - 76e35fbb-b42a-43d6-8a13-99c6ae7009f1@group-0F756ED40316-SegmentedRaftLogWorker close()
2019-10-01 13:55:16,703 [ForkJoinPool.commonPool-worker-1] INFO  impl.RaftServerImpl (RaftServerImpl.java:lambda$shutdown$3(247)) - 76e35fbb-b42a-43d6-8a13-99c6ae7009f1@group-E9CCC3656834: shutdown
2019-10-01 13:55:16,704 [ForkJoinPool.commonPool-worker-1] INFO  util.JmxRegister (JmxRegister.java:unregister(73)) - Successfully un-registered JMX Bean with object name Ratis:service=RaftServer,group=group-E9CCC3656834,id=76e35fbb-b42a-43d6-8a13-99c6ae7009f1
2019-10-01 13:55:16,704 [ForkJoinPool.commonPool-worker-1] INFO  impl.RoleInfo (RoleInfo.java:shutdownFollowerState(121)) - 76e35fbb-b42a-43d6-8a13-99c6ae7009f1: shutdown FollowerState
2019-10-01 13:55:16,704 [ForkJoinPool.commonPool-worker-1] INFO  impl.StateMachineUpdater (StateMachineUpdater.java:stopAndJoin(136)) - 76e35fbb-b42a-43d6-8a13-99c6ae7009f1@group-E9CCC3656834-StateMachineUpdater: set stopIndex = 4
2019-10-01 13:55:16,704 [Thread-3097] INFO  impl.FollowerState (FollowerState.java:run(117)) - 76e35fbb-b42a-43d6-8a13-99c6ae7009f1@group-E9CCC3656834-FollowerState was interrupted: java.lang.InterruptedException: sleep interrupted
2019-10-01 13:55:16,704 [76e35fbb-b42a-43d6-8a13-99c6ae7009f1@group-E9CCC3656834-StateMachineUpdater] INFO  ratis.ContainerStateMachine (ContainerStateMachine.java:takeSnapshot(293)) - group-E9CCC3656834: Taking a snapshot at:(t:1, i:3) file /workdir/hadoop-ozone/integration-test/target/test-dir/MiniOzoneClusterImpl-8c479a76-a73b-4552-9aed-a64f66d42b91/datanode-2/data/ratis/e579c5a9-3712-4969-86d7-e9ccc3656834/sm/snapshot.1_3
2019-10-01 13:55:16,707 [main] INFO  ozoneimpl.OzoneContainer (OzoneContainer.java:stop(231)) - Attempting to stop container services.
2019-10-01 13:55:16,708 [main] INFO  impl.RaftServerProxy (RaftServerProxy.java:lambda$close$4(314)) - 8f1e37da-9a41-4be3-8e97-3c1ce31c4ce7: close
2019-10-01 13:55:16,708 [main] INFO  impl.RaftServerImpl (RaftServerImpl.java:lambda$shutdown$3(247)) - 8f1e37da-9a41-4be3-8e97-3c1ce31c4ce7@group-E9CCC3656834: shutdown
2019-10-01 13:55:16,709 [main] INFO  util.JmxRegister (JmxRegister.java:unregister(73)) - Successfully un-registered JMX Bean with object name Ratis:service=RaftServer,group=group-E9CCC3656834,id=8f1e37da-9a41-4be3-8e97-3c1ce31c4ce7
2019-10-01 13:55:16,709 [main] INFO  impl.RoleInfo (RoleInfo.java:shutdownLeaderState(104)) - 8f1e37da-9a41-4be3-8e97-3c1ce31c4ce7: shutdown LeaderState
2019-10-01 13:55:16,714 [main] INFO  impl.PendingRequests (PendingRequests.java:sendNotLeaderResponses(202)) - 8f1e37da-9a41-4be3-8e97-3c1ce31c4ce7@group-E9CCC3656834-PendingRequests: sendNotLeaderResponses
2019-10-01 13:55:16,714 [org.apache.ratis.server.impl.LogAppender$AppenderDaemon$$Lambda$496/1802087362@4119ecd] WARN  server.GrpcLogAppender (GrpcLogAppender.java:mayWait(143)) - 8f1e37da-9a41-4be3-8e97-3c1ce31c4ce7@group-E9CCC3656834->b5392421-db4e-4369-9727-29aa9ab96bd9-GrpcLogAppender: Wait interrupted by java.lang.InterruptedException
2019-10-01 13:55:16,714 [org.apache.ratis.server.impl.LogAppender$AppenderDaemon$$Lambda$496/1802087362@2543905c] WARN  server.GrpcLogAppender (GrpcLogAppender.java:mayWait(143)) - 8f1e37da-9a41-4be3-8e97-3c1ce31c4ce7@group-E9CCC3656834->76e35fbb-b42a-43d6-8a13-99c6ae7009f1-GrpcLogAppender: Wait interrupted by java.lang.InterruptedException
2019-10-01 13:55:16,731 [76e35fbb-b42a-43d6-8a13-99c6ae7009f1@group-E9CCC3656834-StateMachineUpdater] INFO  ratis.ContainerStateMachine (ContainerStateMachine.java:takeSnapshot(304)) - group-E9CCC3656834: Finished taking a snapshot at:(t:1, i:3) file:/workdir/hadoop-ozone/integration-test/target/test-dir/MiniOzoneClusterImpl-8c479a76-a73b-4552-9aed-a64f66d42b91/datanode-2/data/ratis/e579c5a9-3712-4969-86d7-e9ccc3656834/sm/snapshot.1_3 time:27
2019-10-01 13:55:16,731 [main] INFO  impl.StateMachineUpdater (StateMachineUpdater.java:stopAndJoin(136)) - 8f1e37da-9a41-4be3-8e97-3c1ce31c4ce7@group-E9CCC3656834-StateMachineUpdater: set stopIndex = 4
2019-10-01 13:55:16,732 [76e35fbb-b42a-43d6-8a13-99c6ae7009f1@group-E9CCC3656834-StateMachineUpdater] INFO  impl.StateMachineUpdater (StateMachineUpdater.java:takeSnapshot(269)) - 76e35fbb-b42a-43d6-8a13-99c6ae7009f1@group-E9CCC3656834-StateMachineUpdater: Took a snapshot at index 3
2019-10-01 13:55:16,731 [8f1e37da-9a41-4be3-8e97-3c1ce31c4ce7@group-E9CCC3656834-StateMachineUpdater] INFO  ratis.ContainerStateMachine (ContainerStateMachine.java:takeSnapshot(293)) - group-E9CCC3656834: Taking a snapshot at:(t:1, i:4) file /workdir/hadoop-ozone/integration-test/target/test-dir/MiniOzoneClusterImpl-8c479a76-a73b-4552-9aed-a64f66d42b91/datanode-3/data/ratis/e579c5a9-3712-4969-86d7-e9ccc3656834/sm/snapshot.1_4
2019-10-01 13:55:16,732 [76e35fbb-b42a-43d6-8a13-99c6ae7009f1@group-E9CCC3656834-StateMachineUpdater] INFO  impl.StateMachineUpdater (StateMachineUpdater.java:lambda$new$0(84)) - 76e35fbb-b42a-43d6-8a13-99c6ae7009f1@group-E9CCC3656834-StateMachineUpdater: snapshotIndex: updateIncreasingly -1 -> 3
2019-10-01 13:55:16,732 [grpc-default-executor-6] INFO  server.GrpcServerProtocolService (GrpcServerProtocolService.java:onCompleted(113)) - b5392421-db4e-4369-9727-29aa9ab96bd9: Completed APPEND_ENTRIES, lastRequest: 8f1e37da-9a41-4be3-8e97-3c1ce31c4ce7->b5392421-db4e-4369-9727-29aa9ab96bd9#12-t1, previous=(t:1, i:4), leaderCommit=4, initializing? false, entries: <empty>
2019-10-01 13:55:16,732 [grpc-default-executor-1] INFO  server.GrpcServerProtocolService (GrpcServerProtocolService.java:onCompleted(113)) - 76e35fbb-b42a-43d6-8a13-99c6ae7009f1: Completed APPEND_ENTRIES, lastRequest: 8f1e37da-9a41-4be3-8e97-3c1ce31c4ce7->76e35fbb-b42a-43d6-8a13-99c6ae7009f1#12-t1, previous=(t:1, i:4), leaderCommit=4, initializing? false, entries: <empty>
2019-10-01 13:55:16,732 [76e35fbb-b42a-43d6-8a13-99c6ae7009f1@group-E9CCC3656834-StateMachineUpdater] INFO  ratis.ContainerStateMachine (ContainerStateMachine.java:takeSnapshot(293)) - group-E9CCC3656834: Taking a snapshot at:(t:1, i:3) file /workdir/hadoop-ozone/integration-test/target/test-dir/MiniOzoneClusterImpl-8c479a76-a73b-4552-9aed-a64f66d42b91/datanode-2/data/ratis/e579c5a9-3712-4969-86d7-e9ccc3656834/sm/snapshot.1_3
2019-10-01 13:55:16,733 [grpc-default-executor-1] INFO  server.GrpcLogAppender (GrpcLogAppender.java:onCompleted(293)) - 8f1e37da-9a41-4be3-8e97-3c1ce31c4ce7@group-E9CCC3656834->b5392421-db4e-4369-9727-29aa9ab96bd9-AppendLogResponseHandler: follower responses appendEntries COMPLETED
2019-10-01 13:55:16,733 [grpc-default-executor-6] INFO  server.GrpcLogAppender (GrpcLogAppender.java:onCompleted(293)) - 8f1e37da-9a41-4be3-8e97-3c1ce31c4ce7@group-E9CCC3656834->76e35fbb-b42a-43d6-8a13-99c6ae7009f1-AppendLogResponseHandler: follower responses appendEntries COMPLETED
2019-10-01 13:55:16,733 [grpc-default-executor-1] INFO  impl.FollowerInfo (FollowerInfo.java:lambda$new$0(51)) - 8f1e37da-9a41-4be3-8e97-3c1ce31c4ce7@group-E9CCC3656834->b5392421-db4e-4369-9727-29aa9ab96bd9: nextIndex: updateUnconditionally 5 -> 4
2019-10-01 13:55:16,734 [grpc-default-executor-6] INFO  impl.FollowerInfo (FollowerInfo.java:lambda$new$0(51)) - 8f1e37da-9a41-4be3-8e97-3c1ce31c4ce7@group-E9CCC3656834->76e35fbb-b42a-43d6-8a13-99c6ae7009f1: nextIndex: updateUnconditionally 5 -> 4
2019-10-01 13:55:16,745 [8f1e37da-9a41-4be3-8e97-3c1ce31c4ce7@group-E9CCC3656834-StateMachineUpdater] INFO  ratis.ContainerStateMachine (ContainerStateMachine.java:takeSnapshot(304)) - group-E9CCC3656834: Finished taking a snapshot at:(t:1, i:4) file:/workdir/hadoop-ozone/integration-test/target/test-dir/MiniOzoneClusterImpl-8c479a76-a73b-4552-9aed-a64f66d42b91/datanode-3/data/ratis/e579c5a9-3712-4969-86d7-e9ccc3656834/sm/snapshot.1_4 time:13
2019-10-01 13:55:16,745 [76e35fbb-b42a-43d6-8a13-99c6ae7009f1@group-E9CCC3656834-StateMachineUpdater] INFO  ratis.ContainerStateMachine (ContainerStateMachine.java:takeSnapshot(304)) - group-E9CCC3656834: Finished taking a snapshot at:(t:1, i:3) file:/workdir/hadoop-ozone/integration-test/target/test-dir/MiniOzoneClusterImpl-8c479a76-a73b-4552-9aed-a64f66d42b91/datanode-2/data/ratis/e579c5a9-3712-4969-86d7-e9ccc3656834/sm/snapshot.1_3 time:12
2019-10-01 13:55:16,745 [8f1e37da-9a41-4be3-8e97-3c1ce31c4ce7@group-E9CCC3656834-StateMachineUpdater] INFO  impl.StateMachineUpdater (StateMachineUpdater.java:takeSnapshot(269)) - 8f1e37da-9a41-4be3-8e97-3c1ce31c4ce7@group-E9CCC3656834-StateMachineUpdater: Took a snapshot at index 4
2019-10-01 13:55:16,745 [8f1e37da-9a41-4be3-8e97-3c1ce31c4ce7@group-E9CCC3656834-StateMachineUpdater] INFO  impl.StateMachineUpdater (StateMachineUpdater.java:lambda$new$0(84)) - 8f1e37da-9a41-4be3-8e97-3c1ce31c4ce7@group-E9CCC3656834-StateMachineUpdater: snapshotIndex: updateIncreasingly -1 -> 4
2019-10-01 13:55:16,745 [76e35fbb-b42a-43d6-8a13-99c6ae7009f1@group-E9CCC3656834-StateMachineUpdater] INFO  impl.StateMachineUpdater (StateMachineUpdater.java:takeSnapshot(269)) - 76e35fbb-b42a-43d6-8a13-99c6ae7009f1@group-E9CCC3656834-StateMachineUpdater: Took a snapshot at index 3
2019-10-01 13:55:16,745 [76e35fbb-b42a-43d6-8a13-99c6ae7009f1@group-E9CCC3656834-StateMachineUpdater] INFO  impl.StateMachineUpdater (StateMachineUpdater.java:lambda$new$0(84)) - 76e35fbb-b42a-43d6-8a13-99c6ae7009f1@group-E9CCC3656834-StateMachineUpdater: snapshotIndex: updateIncreasingly 3 -> 3
2019-10-01 13:55:16,745 [main] INFO  impl.RaftServerImpl (ServerState.java:close(387)) - 8f1e37da-9a41-4be3-8e97-3c1ce31c4ce7@group-E9CCC3656834: closes. applyIndex: 4
2019-10-01 13:55:16,745 [ForkJoinPool.commonPool-worker-1] INFO  impl.RaftServerImpl (ServerState.java:close(387)) - 76e35fbb-b42a-43d6-8a13-99c6ae7009f1@group-E9CCC3656834: closes. applyIndex: 4
2019-10-01 13:55:16,746 [8f1e37da-9a41-4be3-8e97-3c1ce31c4ce7@group-E9CCC3656834-SegmentedRaftLogWorker] INFO  segmented.SegmentedRaftLogWorker (SegmentedRaftLogWorker.java:run(316)) - 8f1e37da-9a41-4be3-8e97-3c1ce31c4ce7@group-E9CCC3656834-SegmentedRaftLogWorker was interrupted, exiting. There are 0 tasks remaining in the queue.
2019-10-01 13:55:16,746 [76e35fbb-b42a-43d6-8a13-99c6ae7009f1@group-E9CCC3656834-SegmentedRaftLogWorker] INFO  segmented.SegmentedRaftLogWorker (SegmentedRaftLogWorker.java:run(316)) - 76e35fbb-b42a-43d6-8a13-99c6ae7009f1@group-E9CCC3656834-SegmentedRaftLogWorker was interrupted, exiting. There are 0 tasks remaining in the queue.
2019-10-01 13:55:16,749 [main] INFO  segmented.SegmentedRaftLogWorker (SegmentedRaftLogWorker.java:close(224)) - 8f1e37da-9a41-4be3-8e97-3c1ce31c4ce7@group-E9CCC3656834-SegmentedRaftLogWorker close()
2019-10-01 13:55:16,751 [ForkJoinPool.commonPool-worker-1] INFO  segmented.SegmentedRaftLogWorker (SegmentedRaftLogWorker.java:close(224)) - 76e35fbb-b42a-43d6-8a13-99c6ae7009f1@group-E9CCC3656834-SegmentedRaftLogWorker close()
2019-10-01 13:55:16,755 [main] INFO  impl.RaftServerImpl (RaftServerImpl.java:lambda$shutdown$3(247)) - 8f1e37da-9a41-4be3-8e97-3c1ce31c4ce7@group-277F9BB0C20A: shutdown
2019-10-01 13:55:16,758 [ForkJoinPool.commonPool-worker-1] INFO  server.GrpcService (GrpcService.java:closeImpl(164)) - 76e35fbb-b42a-43d6-8a13-99c6ae7009f1: shutdown server with port 41239 now
2019-10-01 13:55:16,759 [main] INFO  util.JmxRegister (JmxRegister.java:unregister(73)) - Successfully un-registered JMX Bean with object name Ratis:service=RaftServer,group=group-277F9BB0C20A,id=8f1e37da-9a41-4be3-8e97-3c1ce31c4ce7
2019-10-01 13:55:16,759 [ForkJoinPool.commonPool-worker-1] INFO  server.GrpcService (GrpcService.java:closeImpl(172)) - 76e35fbb-b42a-43d6-8a13-99c6ae7009f1: shutdown server with port 41239 successfully
2019-10-01 13:55:16,759 [main] INFO  impl.RoleInfo (RoleInfo.java:shutdownLeaderState(104)) - 8f1e37da-9a41-4be3-8e97-3c1ce31c4ce7: shutdown LeaderState
2019-10-01 13:55:16,760 [main] INFO  impl.PendingRequests (PendingRequests.java:sendNotLeaderResponses(202)) - 8f1e37da-9a41-4be3-8e97-3c1ce31c4ce7@group-277F9BB0C20A-PendingRequests: sendNotLeaderResponses
2019-10-01 13:55:16,761 [main] INFO  impl.StateMachineUpdater (StateMachineUpdater.java:stopAndJoin(136)) - 8f1e37da-9a41-4be3-8e97-3c1ce31c4ce7@group-277F9BB0C20A-StateMachineUpdater: set stopIndex = 0
2019-10-01 13:55:16,761 [main] INFO  impl.RaftServerImpl (ServerState.java:close(387)) - 8f1e37da-9a41-4be3-8e97-3c1ce31c4ce7@group-277F9BB0C20A: closes. applyIndex: 0
2019-10-01 13:55:16,762 [8f1e37da-9a41-4be3-8e97-3c1ce31c4ce7@group-277F9BB0C20A-SegmentedRaftLogWorker] INFO  segmented.SegmentedRaftLogWorker (SegmentedRaftLogWorker.java:run(316)) - 8f1e37da-9a41-4be3-8e97-3c1ce31c4ce7@group-277F9BB0C20A-SegmentedRaftLogWorker was interrupted, exiting. There are 0 tasks remaining in the queue.
2019-10-01 13:55:16,764 [main] INFO  segmented.SegmentedRaftLogWorker (SegmentedRaftLogWorker.java:close(224)) - 8f1e37da-9a41-4be3-8e97-3c1ce31c4ce7@group-277F9BB0C20A-SegmentedRaftLogWorker close()
2019-10-01 13:55:16,765 [refreshUsed-/workdir/hadoop-ozone/integration-test/target/test-dir/MiniOzoneClusterImpl-8c479a76-a73b-4552-9aed-a64f66d42b91/datanode-2/data/containers] WARN  fs.CachingGetSpaceUsed (CachingGetSpaceUsed.java:run(183)) - Thread Interrupted waiting to refresh disk information: sleep interrupted
2019-10-01 13:55:16,768 [main] INFO  server.GrpcService (GrpcService.java:closeImpl(164)) - 8f1e37da-9a41-4be3-8e97-3c1ce31c4ce7: shutdown server with port 34807 now
2019-10-01 13:55:16,769 [main] INFO  server.GrpcService (GrpcService.java:closeImpl(172)) - 8f1e37da-9a41-4be3-8e97-3c1ce31c4ce7: shutdown server with port 34807 successfully
2019-10-01 13:55:16,773 [refreshUsed-/workdir/hadoop-ozone/integration-test/target/test-dir/MiniOzoneClusterImpl-8c479a76-a73b-4552-9aed-a64f66d42b91/datanode-3/data/containers] WARN  fs.CachingGetSpaceUsed (CachingGetSpaceUsed.java:run(183)) - Thread Interrupted waiting to refresh disk information: sleep interrupted
2019-10-01 13:55:16,782 [ForkJoinPool.commonPool-worker-1] INFO  utils.BackgroundService (BackgroundService.java:shutdown(148)) - Shutting down service BlockDeletingService
2019-10-01 13:55:16,782 [main] INFO  utils.BackgroundService (BackgroundService.java:shutdown(148)) - Shutting down service BlockDeletingService
2019-10-01 13:55:16,789 [ForkJoinPool.commonPool-worker-1] INFO  statemachine.DatanodeStateMachine (DatanodeStateMachine.java:stopDaemon(395)) - Ozone container server stopped.
2019-10-01 13:55:16,793 [main] INFO  statemachine.DatanodeStateMachine (DatanodeStateMachine.java:stopDaemon(395)) - Ozone container server stopped.
2019-10-01 13:55:16,794 [ForkJoinPool.commonPool-worker-1] INFO  handler.ContextHandler (ContextHandler.java:doStop(910)) - Stopped o.e.j.w.WebAppContext@27f71195{/,null,UNAVAILABLE}{/hddsDatanode}
2019-10-01 13:55:16,795 [ForkJoinPool.commonPool-worker-1] INFO  server.AbstractConnector (AbstractConnector.java:doStop(318)) - Stopped ServerConnector@340afaf8{HTTP/1.1,[http/1.1]}{0.0.0.0:0}
2019-10-01 13:55:16,795 [main] INFO  handler.ContextHandler (ContextHandler.java:doStop(910)) - Stopped o.e.j.w.WebAppContext@458031da{/,null,UNAVAILABLE}{/hddsDatanode}
2019-10-01 13:55:16,796 [ForkJoinPool.commonPool-worker-1] INFO  handler.ContextHandler (ContextHandler.java:doStop(910)) - Stopped o.e.j.s.ServletContextHandler@624b3544{/static,jar:file:/home/user/.m2/repository/org/apache/hadoop/hadoop-hdds-container-service/0.5.0-SNAPSHOT/hadoop-hdds-container-service-0.5.0-SNAPSHOT.jar!/webapps/static,UNAVAILABLE}
2019-10-01 13:55:16,798 [ForkJoinPool.commonPool-worker-1] INFO  handler.ContextHandler (ContextHandler.java:doStop(910)) - Stopped o.e.j.s.ServletContextHandler@71531dd7{/logs,file:///workdir/hadoop-ozone/integration-test/target/log,UNAVAILABLE}
2019-10-01 13:55:16,798 [main] INFO  server.AbstractConnector (AbstractConnector.java:doStop(318)) - Stopped ServerConnector@7be94cd6{HTTP/1.1,[http/1.1]}{0.0.0.0:0}
2019-10-01 13:55:16,799 [main] INFO  handler.ContextHandler (ContextHandler.java:doStop(910)) - Stopped o.e.j.s.ServletContextHandler@19a5b637{/static,jar:file:/home/user/.m2/repository/org/apache/hadoop/hadoop-hdds-container-service/0.5.0-SNAPSHOT/hadoop-hdds-container-service-0.5.0-SNAPSHOT.jar!/webapps/static,UNAVAILABLE}
2019-10-01 13:55:16,799 [main] INFO  handler.ContextHandler (ContextHandler.java:doStop(910)) - Stopped o.e.j.s.ServletContextHandler@70be89ec{/logs,file:///workdir/hadoop-ozone/integration-test/target/log,UNAVAILABLE}
2019-10-01 13:55:17,105 [Thread-3145] INFO  impl.FollowerState (FollowerState.java:run(108)) - 7a036fa1-334b-4ced-82ce-fc5b7e253290@group-D28FD509F67E-FollowerState: change to CANDIDATE, lastRpcTime:7863ms, electionTimeout:5101ms
2019-10-01 13:55:17,105 [Thread-3145] INFO  impl.RoleInfo (RoleInfo.java:shutdownFollowerState(121)) - 7a036fa1-334b-4ced-82ce-fc5b7e253290: shutdown FollowerState
2019-10-01 13:55:17,105 [Thread-3145] INFO  impl.RaftServerImpl (RaftServerImpl.java:setRole(170)) - 7a036fa1-334b-4ced-82ce-fc5b7e253290@group-D28FD509F67E: changes role from  FOLLOWER to CANDIDATE at term 2 for changeToCandidate
2019-10-01 13:55:17,105 [Thread-3145] INFO  impl.RoleInfo (RoleInfo.java:updateAndGet(143)) - 7a036fa1-334b-4ced-82ce-fc5b7e253290: start LeaderElection
2019-10-01 13:55:17,108 [7a036fa1-334b-4ced-82ce-fc5b7e253290@group-D28FD509F67E-LeaderElection75] INFO  impl.RaftServerImpl (ServerState.java:setLeader(255)) - 7a036fa1-334b-4ced-82ce-fc5b7e253290@group-D28FD509F67E: change Leader from 7a6ea145-8a02-4a57-83fc-31fd93eebedd to null at term 2 for initElection
2019-10-01 13:55:17,134 [7a036fa1-334b-4ced-82ce-fc5b7e253290@group-D28FD509F67E-LeaderElection75] INFO  impl.LeaderElection (LeaderElection.java:askForVotes(178)) - 7a036fa1-334b-4ced-82ce-fc5b7e253290@group-D28FD509F67E-LeaderElection75: begin an election at term 3 for 0: [7a036fa1-334b-4ced-82ce-fc5b7e253290:192.168.164.226:36394, fc819ada-e5e1-4ee1-965d-05fb716885e8:192.168.164.226:39631, 7a6ea145-8a02-4a57-83fc-31fd93eebedd:192.168.164.226:33639], old=null
2019-10-01 13:55:17,136 [7a036fa1-334b-4ced-82ce-fc5b7e253290@group-D28FD509F67E-LeaderElection75] INFO  impl.LeaderElection (LogUtils.java:infoOrTrace(149)) - 7a036fa1-334b-4ced-82ce-fc5b7e253290@group-D28FD509F67E-LeaderElection75 got exception when requesting votes: {}
java.util.concurrent.ExecutionException: org.apache.ratis.thirdparty.io.grpc.StatusRuntimeException: UNAVAILABLE: io exception
	at java.util.concurrent.FutureTask.report(FutureTask.java:122)
	at java.util.concurrent.FutureTask.get(FutureTask.java:192)
	at org.apache.ratis.server.impl.LeaderElection.waitForResults(LeaderElection.java:259)
	at org.apache.ratis.server.impl.LeaderElection.askForVotes(LeaderElection.java:197)
	at org.apache.ratis.server.impl.LeaderElection.run(LeaderElection.java:133)
	at java.lang.Thread.run(Thread.java:748)
Caused by: org.apache.ratis.thirdparty.io.grpc.StatusRuntimeException: UNAVAILABLE: io exception
	at org.apache.ratis.thirdparty.io.grpc.stub.ClientCalls.toStatusRuntimeException(ClientCalls.java:233)
	at org.apache.ratis.thirdparty.io.grpc.stub.ClientCalls.getUnchecked(ClientCalls.java:214)
	at org.apache.ratis.thirdparty.io.grpc.stub.ClientCalls.blockingUnaryCall(ClientCalls.java:139)
	at org.apache.ratis.proto.grpc.RaftServerProtocolServiceGrpc$RaftServerProtocolServiceBlockingStub.requestVote(RaftServerProtocolServiceGrpc.java:265)
	at org.apache.ratis.grpc.server.GrpcServerProtocolClient.requestVote(GrpcServerProtocolClient.java:99)
	at org.apache.ratis.grpc.server.GrpcService.requestVote(GrpcService.java:204)
	at org.apache.ratis.server.impl.LeaderElection.lambda$submitRequests$1(LeaderElection.java:234)
	at java.util.concurrent.FutureTask.run(FutureTask.java:266)
	at java.util.concurrent.Executors$RunnableAdapter.call(Executors.java:511)
	at java.util.concurrent.FutureTask.run(FutureTask.java:266)
	at java.util.concurrent.ThreadPoolExecutor.runWorker(ThreadPoolExecutor.java:1149)
	at java.util.concurrent.ThreadPoolExecutor$Worker.run(ThreadPoolExecutor.java:624)
	... 1 more
Caused by: org.apache.ratis.thirdparty.io.netty.channel.AbstractChannel$AnnotatedConnectException: Connection refused: /192.168.164.226:33639
	at sun.nio.ch.SocketChannelImpl.checkConnect(Native Method)
	at sun.nio.ch.SocketChannelImpl.finishConnect(SocketChannelImpl.java:717)
	at org.apache.ratis.thirdparty.io.netty.channel.socket.nio.NioSocketChannel.doFinishConnect(NioSocketChannel.java:327)
	at org.apache.ratis.thirdparty.io.netty.channel.nio.AbstractNioChannel$AbstractNioUnsafe.finishConnect(AbstractNioChannel.java:340)
	at org.apache.ratis.thirdparty.io.netty.channel.nio.NioEventLoop.processSelectedKey(NioEventLoop.java:632)
	at org.apache.ratis.thirdparty.io.netty.channel.nio.NioEventLoop.processSelectedKeysOptimized(NioEventLoop.java:579)
	at org.apache.ratis.thirdparty.io.netty.channel.nio.NioEventLoop.processSelectedKeys(NioEventLoop.java:496)
	at org.apache.ratis.thirdparty.io.netty.channel.nio.NioEventLoop.run(NioEventLoop.java:458)
	at org.apache.ratis.thirdparty.io.netty.util.concurrent.SingleThreadEventExecutor$5.run(SingleThreadEventExecutor.java:897)
	at org.apache.ratis.thirdparty.io.netty.util.concurrent.FastThreadLocalRunnable.run(FastThreadLocalRunnable.java:30)
	... 1 more
Caused by: java.net.ConnectException: Connection refused
	... 11 more
2019-10-01 13:55:17,139 [7a036fa1-334b-4ced-82ce-fc5b7e253290@group-D28FD509F67E-LeaderElection75] INFO  impl.LeaderElection (LogUtils.java:infoOrTrace(149)) - 7a036fa1-334b-4ced-82ce-fc5b7e253290@group-D28FD509F67E-LeaderElection75 got exception when requesting votes: {}
java.util.concurrent.ExecutionException: org.apache.ratis.thirdparty.io.grpc.StatusRuntimeException: UNAVAILABLE: io exception
	at java.util.concurrent.FutureTask.report(FutureTask.java:122)
	at java.util.concurrent.FutureTask.get(FutureTask.java:192)
	at org.apache.ratis.server.impl.LeaderElection.waitForResults(LeaderElection.java:259)
	at org.apache.ratis.server.impl.LeaderElection.askForVotes(LeaderElection.java:197)
	at org.apache.ratis.server.impl.LeaderElection.run(LeaderElection.java:133)
	at java.lang.Thread.run(Thread.java:748)
Caused by: org.apache.ratis.thirdparty.io.grpc.StatusRuntimeException: UNAVAILABLE: io exception
	at org.apache.ratis.thirdparty.io.grpc.stub.ClientCalls.toStatusRuntimeException(ClientCalls.java:233)
	at org.apache.ratis.thirdparty.io.grpc.stub.ClientCalls.getUnchecked(ClientCalls.java:214)
	at org.apache.ratis.thirdparty.io.grpc.stub.ClientCalls.blockingUnaryCall(ClientCalls.java:139)
	at org.apache.ratis.proto.grpc.RaftServerProtocolServiceGrpc$RaftServerProtocolServiceBlockingStub.requestVote(RaftServerProtocolServiceGrpc.java:265)
	at org.apache.ratis.grpc.server.GrpcServerProtocolClient.requestVote(GrpcServerProtocolClient.java:99)
	at org.apache.ratis.grpc.server.GrpcService.requestVote(GrpcService.java:204)
	at org.apache.ratis.server.impl.LeaderElection.lambda$submitRequests$1(LeaderElection.java:234)
	at java.util.concurrent.FutureTask.run(FutureTask.java:266)
	at java.util.concurrent.Executors$RunnableAdapter.call(Executors.java:511)
	at java.util.concurrent.FutureTask.run(FutureTask.java:266)
	at java.util.concurrent.ThreadPoolExecutor.runWorker(ThreadPoolExecutor.java:1149)
	at java.util.concurrent.ThreadPoolExecutor$Worker.run(ThreadPoolExecutor.java:624)
	... 1 more
Caused by: org.apache.ratis.thirdparty.io.netty.channel.AbstractChannel$AnnotatedConnectException: Connection refused: /192.168.164.226:39631
	at sun.nio.ch.SocketChannelImpl.checkConnect(Native Method)
	at sun.nio.ch.SocketChannelImpl.finishConnect(SocketChannelImpl.java:717)
	at org.apache.ratis.thirdparty.io.netty.channel.socket.nio.NioSocketChannel.doFinishConnect(NioSocketChannel.java:327)
	at org.apache.ratis.thirdparty.io.netty.channel.nio.AbstractNioChannel$AbstractNioUnsafe.finishConnect(AbstractNioChannel.java:340)
	at org.apache.ratis.thirdparty.io.netty.channel.nio.NioEventLoop.processSelectedKey(NioEventLoop.java:632)
	at org.apache.ratis.thirdparty.io.netty.channel.nio.NioEventLoop.processSelectedKeysOptimized(NioEventLoop.java:579)
	at org.apache.ratis.thirdparty.io.netty.channel.nio.NioEventLoop.processSelectedKeys(NioEventLoop.java:496)
	at org.apache.ratis.thirdparty.io.netty.channel.nio.NioEventLoop.run(NioEventLoop.java:458)
	at org.apache.ratis.thirdparty.io.netty.util.concurrent.SingleThreadEventExecutor$5.run(SingleThreadEventExecutor.java:897)
	at org.apache.ratis.thirdparty.io.netty.util.concurrent.FastThreadLocalRunnable.run(FastThreadLocalRunnable.java:30)
	... 1 more
Caused by: java.net.ConnectException: Connection refused
	... 11 more
2019-10-01 13:55:17,141 [7a036fa1-334b-4ced-82ce-fc5b7e253290@group-D28FD509F67E-LeaderElection75] INFO  impl.LeaderElection (LeaderElection.java:logAndReturn(56)) - 7a036fa1-334b-4ced-82ce-fc5b7e253290@group-D28FD509F67E-LeaderElection75: Election REJECTED; received 0 response(s) [] and 2 exception(s); 7a036fa1-334b-4ced-82ce-fc5b7e253290@group-D28FD509F67E:t3, leader=null, voted=7a036fa1-334b-4ced-82ce-fc5b7e253290, raftlog=7a036fa1-334b-4ced-82ce-fc5b7e253290@group-D28FD509F67E-SegmentedRaftLog:OPENED:c16,f16,i16, conf=0: [7a036fa1-334b-4ced-82ce-fc5b7e253290:192.168.164.226:36394, fc819ada-e5e1-4ee1-965d-05fb716885e8:192.168.164.226:39631, 7a6ea145-8a02-4a57-83fc-31fd93eebedd:192.168.164.226:33639], old=null
2019-10-01 13:55:17,142 [7a036fa1-334b-4ced-82ce-fc5b7e253290@group-D28FD509F67E-LeaderElection75] INFO  impl.LeaderElection (LogUtils.java:infoOrTrace(149)) -   Exception 0: {}
java.util.concurrent.ExecutionException: org.apache.ratis.thirdparty.io.grpc.StatusRuntimeException: UNAVAILABLE: io exception
	at java.util.concurrent.FutureTask.report(FutureTask.java:122)
	at java.util.concurrent.FutureTask.get(FutureTask.java:192)
	at org.apache.ratis.server.impl.LeaderElection.waitForResults(LeaderElection.java:259)
	at org.apache.ratis.server.impl.LeaderElection.askForVotes(LeaderElection.java:197)
	at org.apache.ratis.server.impl.LeaderElection.run(LeaderElection.java:133)
	at java.lang.Thread.run(Thread.java:748)
Caused by: org.apache.ratis.thirdparty.io.grpc.StatusRuntimeException: UNAVAILABLE: io exception
	at org.apache.ratis.thirdparty.io.grpc.stub.ClientCalls.toStatusRuntimeException(ClientCalls.java:233)
	at org.apache.ratis.thirdparty.io.grpc.stub.ClientCalls.getUnchecked(ClientCalls.java:214)
	at org.apache.ratis.thirdparty.io.grpc.stub.ClientCalls.blockingUnaryCall(ClientCalls.java:139)
	at org.apache.ratis.proto.grpc.RaftServerProtocolServiceGrpc$RaftServerProtocolServiceBlockingStub.requestVote(RaftServerProtocolServiceGrpc.java:265)
	at org.apache.ratis.grpc.server.GrpcServerProtocolClient.requestVote(GrpcServerProtocolClient.java:99)
	at org.apache.ratis.grpc.server.GrpcService.requestVote(GrpcService.java:204)
	at org.apache.ratis.server.impl.LeaderElection.lambda$submitRequests$1(LeaderElection.java:234)
	at java.util.concurrent.FutureTask.run(FutureTask.java:266)
	at java.util.concurrent.Executors$RunnableAdapter.call(Executors.java:511)
	at java.util.concurrent.FutureTask.run(FutureTask.java:266)
	at java.util.concurrent.ThreadPoolExecutor.runWorker(ThreadPoolExecutor.java:1149)
	at java.util.concurrent.ThreadPoolExecutor$Worker.run(ThreadPoolExecutor.java:624)
	... 1 more
Caused by: org.apache.ratis.thirdparty.io.netty.channel.AbstractChannel$AnnotatedConnectException: Connection refused: /192.168.164.226:33639
	at sun.nio.ch.SocketChannelImpl.checkConnect(Native Method)
	at sun.nio.ch.SocketChannelImpl.finishConnect(SocketChannelImpl.java:717)
	at org.apache.ratis.thirdparty.io.netty.channel.socket.nio.NioSocketChannel.doFinishConnect(NioSocketChannel.java:327)
	at org.apache.ratis.thirdparty.io.netty.channel.nio.AbstractNioChannel$AbstractNioUnsafe.finishConnect(AbstractNioChannel.java:340)
	at org.apache.ratis.thirdparty.io.netty.channel.nio.NioEventLoop.processSelectedKey(NioEventLoop.java:632)
	at org.apache.ratis.thirdparty.io.netty.channel.nio.NioEventLoop.processSelectedKeysOptimized(NioEventLoop.java:579)
	at org.apache.ratis.thirdparty.io.netty.channel.nio.NioEventLoop.processSelectedKeys(NioEventLoop.java:496)
	at org.apache.ratis.thirdparty.io.netty.channel.nio.NioEventLoop.run(NioEventLoop.java:458)
	at org.apache.ratis.thirdparty.io.netty.util.concurrent.SingleThreadEventExecutor$5.run(SingleThreadEventExecutor.java:897)
	at org.apache.ratis.thirdparty.io.netty.util.concurrent.FastThreadLocalRunnable.run(FastThreadLocalRunnable.java:30)
	... 1 more
Caused by: java.net.ConnectException: Connection refused
	... 11 more
2019-10-01 13:55:17,142 [7a036fa1-334b-4ced-82ce-fc5b7e253290@group-D28FD509F67E-LeaderElection75] INFO  impl.LeaderElection (LogUtils.java:infoOrTrace(149)) -   Exception 1: {}
java.util.concurrent.ExecutionException: org.apache.ratis.thirdparty.io.grpc.StatusRuntimeException: UNAVAILABLE: io exception
	at java.util.concurrent.FutureTask.report(FutureTask.java:122)
	at java.util.concurrent.FutureTask.get(FutureTask.java:192)
	at org.apache.ratis.server.impl.LeaderElection.waitForResults(LeaderElection.java:259)
	at org.apache.ratis.server.impl.LeaderElection.askForVotes(LeaderElection.java:197)
	at org.apache.ratis.server.impl.LeaderElection.run(LeaderElection.java:133)
	at java.lang.Thread.run(Thread.java:748)
Caused by: org.apache.ratis.thirdparty.io.grpc.StatusRuntimeException: UNAVAILABLE: io exception
	at org.apache.ratis.thirdparty.io.grpc.stub.ClientCalls.toStatusRuntimeException(ClientCalls.java:233)
	at org.apache.ratis.thirdparty.io.grpc.stub.ClientCalls.getUnchecked(ClientCalls.java:214)
	at org.apache.ratis.thirdparty.io.grpc.stub.ClientCalls.blockingUnaryCall(ClientCalls.java:139)
	at org.apache.ratis.proto.grpc.RaftServerProtocolServiceGrpc$RaftServerProtocolServiceBlockingStub.requestVote(RaftServerProtocolServiceGrpc.java:265)
	at org.apache.ratis.grpc.server.GrpcServerProtocolClient.requestVote(GrpcServerProtocolClient.java:99)
	at org.apache.ratis.grpc.server.GrpcService.requestVote(GrpcService.java:204)
	at org.apache.ratis.server.impl.LeaderElection.lambda$submitRequests$1(LeaderElection.java:234)
	at java.util.concurrent.FutureTask.run(FutureTask.java:266)
	at java.util.concurrent.Executors$RunnableAdapter.call(Executors.java:511)
	at java.util.concurrent.FutureTask.run(FutureTask.java:266)
	at java.util.concurrent.ThreadPoolExecutor.runWorker(ThreadPoolExecutor.java:1149)
	at java.util.concurrent.ThreadPoolExecutor$Worker.run(ThreadPoolExecutor.java:624)
	... 1 more
Caused by: org.apache.ratis.thirdparty.io.netty.channel.AbstractChannel$AnnotatedConnectException: Connection refused: /192.168.164.226:39631
	at sun.nio.ch.SocketChannelImpl.checkConnect(Native Method)
	at sun.nio.ch.SocketChannelImpl.finishConnect(SocketChannelImpl.java:717)
	at org.apache.ratis.thirdparty.io.netty.channel.socket.nio.NioSocketChannel.doFinishConnect(NioSocketChannel.java:327)
	at org.apache.ratis.thirdparty.io.netty.channel.nio.AbstractNioChannel$AbstractNioUnsafe.finishConnect(AbstractNioChannel.java:340)
	at org.apache.ratis.thirdparty.io.netty.channel.nio.NioEventLoop.processSelectedKey(NioEventLoop.java:632)
	at org.apache.ratis.thirdparty.io.netty.channel.nio.NioEventLoop.processSelectedKeysOptimized(NioEventLoop.java:579)
	at org.apache.ratis.thirdparty.io.netty.channel.nio.NioEventLoop.processSelectedKeys(NioEventLoop.java:496)
	at org.apache.ratis.thirdparty.io.netty.channel.nio.NioEventLoop.run(NioEventLoop.java:458)
	at org.apache.ratis.thirdparty.io.netty.util.concurrent.SingleThreadEventExecutor$5.run(SingleThreadEventExecutor.java:897)
	at org.apache.ratis.thirdparty.io.netty.util.concurrent.FastThreadLocalRunnable.run(FastThreadLocalRunnable.java:30)
	... 1 more
Caused by: java.net.ConnectException: Connection refused
	... 11 more
2019-10-01 13:55:17,142 [7a036fa1-334b-4ced-82ce-fc5b7e253290@group-D28FD509F67E-LeaderElection75] INFO  impl.RaftServerImpl (RaftServerImpl.java:setRole(170)) - 7a036fa1-334b-4ced-82ce-fc5b7e253290@group-D28FD509F67E: changes role from CANDIDATE to FOLLOWER at term 3 for DISCOVERED_A_NEW_TERM
2019-10-01 13:55:17,142 [7a036fa1-334b-4ced-82ce-fc5b7e253290@group-D28FD509F67E-LeaderElection75] INFO  impl.RoleInfo (RoleInfo.java:shutdownLeaderElection(134)) - 7a036fa1-334b-4ced-82ce-fc5b7e253290: shutdown LeaderElection
2019-10-01 13:55:17,143 [7a036fa1-334b-4ced-82ce-fc5b7e253290@group-D28FD509F67E-LeaderElection75] INFO  impl.RoleInfo (RoleInfo.java:updateAndGet(143)) - 7a036fa1-334b-4ced-82ce-fc5b7e253290: start FollowerState
2019-10-01 13:55:17,311 [Datanode State Machine Thread - 0] INFO  statemachine.DatanodeStateMachine (DatanodeStateMachine.java:lambda$startDaemon$0(350)) - Ozone container server started.
2019-10-01 13:55:17,427 [Datanode State Machine Thread - 0] INFO  statemachine.DatanodeStateMachine (DatanodeStateMachine.java:lambda$startDaemon$0(350)) - Ozone container server started.
2019-10-01 13:55:21,314 [EventQueue-StaleNodeForStaleNodeHandler] INFO  node.StaleNodeHandler (StaleNodeHandler.java:onMessage(58)) - Datanode 2b6bf4e2-4b7b-4460-bc93-5b9adadc7448{ip: 192.168.164.226, host: pr-hdds-2210-kntbx-3061227707, networkLocation: /default-rack, certSerialId: null} moved to stale state. Finalizing its pipelines [PipelineID=5b155fd3-d855-49af-80ed-5db19e15f4e8]
2019-10-01 13:55:21,315 [EventQueue-StaleNodeForStaleNodeHandler] INFO  pipeline.SCMPipelineManager (SCMPipelineManager.java:finalizeAndDestroyPipeline(315)) - destroying pipeline:Pipeline[ Id: 5b155fd3-d855-49af-80ed-5db19e15f4e8, Nodes: 2b6bf4e2-4b7b-4460-bc93-5b9adadc7448{ip: 192.168.164.226, host: pr-hdds-2210-kntbx-3061227707, networkLocation: /default-rack, certSerialId: null}, Type:RATIS, Factor:ONE, State:OPEN]
2019-10-01 13:55:21,315 [EventQueue-StaleNodeForStaleNodeHandler] INFO  pipeline.PipelineStateManager (PipelineStateManager.java:finalizePipeline(123)) - Pipeline Pipeline[ Id: 5b155fd3-d855-49af-80ed-5db19e15f4e8, Nodes: 2b6bf4e2-4b7b-4460-bc93-5b9adadc7448{ip: 192.168.164.226, host: pr-hdds-2210-kntbx-3061227707, networkLocation: /default-rack, certSerialId: null}, Type:RATIS, Factor:ONE, State:CLOSED] moved to CLOSED state
2019-10-01 13:55:21,514 [EventQueue-StaleNodeForStaleNodeHandler] INFO  node.StaleNodeHandler (StaleNodeHandler.java:onMessage(58)) - Datanode b5392421-db4e-4369-9727-29aa9ab96bd9{ip: 192.168.164.226, host: pr-hdds-2210-kntbx-3061227707, networkLocation: /default-rack, certSerialId: null} moved to stale state. Finalizing its pipelines [PipelineID=e579c5a9-3712-4969-86d7-e9ccc3656834, PipelineID=e787639d-64a4-4afd-b6f7-ae5a9732317b]
2019-10-01 13:55:21,514 [EventQueue-StaleNodeForStaleNodeHandler] INFO  pipeline.SCMPipelineManager (SCMPipelineManager.java:finalizeAndDestroyPipeline(315)) - destroying pipeline:Pipeline[ Id: e579c5a9-3712-4969-86d7-e9ccc3656834, Nodes: 76e35fbb-b42a-43d6-8a13-99c6ae7009f1{ip: 192.168.164.226, host: pr-hdds-2210-kntbx-3061227707, networkLocation: /default-rack, certSerialId: null}b5392421-db4e-4369-9727-29aa9ab96bd9{ip: 192.168.164.226, host: pr-hdds-2210-kntbx-3061227707, networkLocation: /default-rack, certSerialId: null}8f1e37da-9a41-4be3-8e97-3c1ce31c4ce7{ip: 192.168.164.226, host: pr-hdds-2210-kntbx-3061227707, networkLocation: /default-rack, certSerialId: null}, Type:RATIS, Factor:THREE, State:CLOSED]
2019-10-01 13:55:21,514 [EventQueue-StaleNodeForStaleNodeHandler] INFO  pipeline.SCMPipelineManager (SCMPipelineManager.java:finalizeAndDestroyPipeline(315)) - destroying pipeline:Pipeline[ Id: e787639d-64a4-4afd-b6f7-ae5a9732317b, Nodes: b5392421-db4e-4369-9727-29aa9ab96bd9{ip: 192.168.164.226, host: pr-hdds-2210-kntbx-3061227707, networkLocation: /default-rack, certSerialId: null}, Type:RATIS, Factor:ONE, State:OPEN]
2019-10-01 13:55:21,514 [EventQueue-StaleNodeForStaleNodeHandler] INFO  pipeline.PipelineStateManager (PipelineStateManager.java:finalizePipeline(123)) - Pipeline Pipeline[ Id: e787639d-64a4-4afd-b6f7-ae5a9732317b, Nodes: b5392421-db4e-4369-9727-29aa9ab96bd9{ip: 192.168.164.226, host: pr-hdds-2210-kntbx-3061227707, networkLocation: /default-rack, certSerialId: null}, Type:RATIS, Factor:ONE, State:CLOSED] moved to CLOSED state
2019-10-01 13:55:21,626 [Thread-3096] INFO  impl.FollowerState (FollowerState.java:run(108)) - b5392421-db4e-4369-9727-29aa9ab96bd9@group-E9CCC3656834-FollowerState: change to CANDIDATE, lastRpcTime:5144ms, electionTimeout:5092ms
2019-10-01 13:55:21,632 [Thread-3096] INFO  impl.RoleInfo (RoleInfo.java:shutdownFollowerState(121)) - b5392421-db4e-4369-9727-29aa9ab96bd9: shutdown FollowerState
2019-10-01 13:55:21,633 [Thread-3096] INFO  impl.RaftServerImpl (RaftServerImpl.java:setRole(170)) - b5392421-db4e-4369-9727-29aa9ab96bd9@group-E9CCC3656834: changes role from  FOLLOWER to CANDIDATE at term 1 for changeToCandidate
2019-10-01 13:55:21,633 [Thread-3096] INFO  impl.RoleInfo (RoleInfo.java:updateAndGet(143)) - b5392421-db4e-4369-9727-29aa9ab96bd9: start LeaderElection
2019-10-01 13:55:21,653 [b5392421-db4e-4369-9727-29aa9ab96bd9@group-E9CCC3656834-LeaderElection76] INFO  impl.RaftServerImpl (ServerState.java:setLeader(255)) - b5392421-db4e-4369-9727-29aa9ab96bd9@group-E9CCC3656834: change Leader from 8f1e37da-9a41-4be3-8e97-3c1ce31c4ce7 to null at term 1 for initElection
2019-10-01 13:55:21,672 [b5392421-db4e-4369-9727-29aa9ab96bd9@group-E9CCC3656834-LeaderElection76] INFO  impl.LeaderElection (LeaderElection.java:askForVotes(178)) - b5392421-db4e-4369-9727-29aa9ab96bd9@group-E9CCC3656834-LeaderElection76: begin an election at term 2 for 0: [76e35fbb-b42a-43d6-8a13-99c6ae7009f1:192.168.164.226:41239, 8f1e37da-9a41-4be3-8e97-3c1ce31c4ce7:192.168.164.226:34807, b5392421-db4e-4369-9727-29aa9ab96bd9:192.168.164.226:43829], old=null
2019-10-01 13:55:21,678 [b5392421-db4e-4369-9727-29aa9ab96bd9@group-E9CCC3656834-LeaderElection76] INFO  impl.LeaderElection (LogUtils.java:infoOrTrace(149)) - b5392421-db4e-4369-9727-29aa9ab96bd9@group-E9CCC3656834-LeaderElection76 got exception when requesting votes: {}
java.util.concurrent.ExecutionException: org.apache.ratis.thirdparty.io.grpc.StatusRuntimeException: UNAVAILABLE: io exception
	at java.util.concurrent.FutureTask.report(FutureTask.java:122)
	at java.util.concurrent.FutureTask.get(FutureTask.java:192)
	at org.apache.ratis.server.impl.LeaderElection.waitForResults(LeaderElection.java:259)
	at org.apache.ratis.server.impl.LeaderElection.askForVotes(LeaderElection.java:197)
	at org.apache.ratis.server.impl.LeaderElection.run(LeaderElection.java:133)
	at java.lang.Thread.run(Thread.java:748)
Caused by: org.apache.ratis.thirdparty.io.grpc.StatusRuntimeException: UNAVAILABLE: io exception
	at org.apache.ratis.thirdparty.io.grpc.stub.ClientCalls.toStatusRuntimeException(ClientCalls.java:233)
	at org.apache.ratis.thirdparty.io.grpc.stub.ClientCalls.getUnchecked(ClientCalls.java:214)
	at org.apache.ratis.thirdparty.io.grpc.stub.ClientCalls.blockingUnaryCall(ClientCalls.java:139)
	at org.apache.ratis.proto.grpc.RaftServerProtocolServiceGrpc$RaftServerProtocolServiceBlockingStub.requestVote(RaftServerProtocolServiceGrpc.java:265)
	at org.apache.ratis.grpc.server.GrpcServerProtocolClient.requestVote(GrpcServerProtocolClient.java:99)
	at org.apache.ratis.grpc.server.GrpcService.requestVote(GrpcService.java:204)
	at org.apache.ratis.server.impl.LeaderElection.lambda$submitRequests$1(LeaderElection.java:234)
	at java.util.concurrent.FutureTask.run(FutureTask.java:266)
	at java.util.concurrent.Executors$RunnableAdapter.call(Executors.java:511)
	at java.util.concurrent.FutureTask.run(FutureTask.java:266)
	at java.util.concurrent.ThreadPoolExecutor.runWorker(ThreadPoolExecutor.java:1149)
	at java.util.concurrent.ThreadPoolExecutor$Worker.run(ThreadPoolExecutor.java:624)
	... 1 more
Caused by: org.apache.ratis.thirdparty.io.netty.channel.AbstractChannel$AnnotatedConnectException: Connection refused: /192.168.164.226:41239
	at sun.nio.ch.SocketChannelImpl.checkConnect(Native Method)
	at sun.nio.ch.SocketChannelImpl.finishConnect(SocketChannelImpl.java:717)
	at org.apache.ratis.thirdparty.io.netty.channel.socket.nio.NioSocketChannel.doFinishConnect(NioSocketChannel.java:327)
	at org.apache.ratis.thirdparty.io.netty.channel.nio.AbstractNioChannel$AbstractNioUnsafe.finishConnect(AbstractNioChannel.java:340)
	at org.apache.ratis.thirdparty.io.netty.channel.nio.NioEventLoop.processSelectedKey(NioEventLoop.java:632)
	at org.apache.ratis.thirdparty.io.netty.channel.nio.NioEventLoop.processSelectedKeysOptimized(NioEventLoop.java:579)
	at org.apache.ratis.thirdparty.io.netty.channel.nio.NioEventLoop.processSelectedKeys(NioEventLoop.java:496)
	at org.apache.ratis.thirdparty.io.netty.channel.nio.NioEventLoop.run(NioEventLoop.java:458)
	at org.apache.ratis.thirdparty.io.netty.util.concurrent.SingleThreadEventExecutor$5.run(SingleThreadEventExecutor.java:897)
	at org.apache.ratis.thirdparty.io.netty.util.concurrent.FastThreadLocalRunnable.run(FastThreadLocalRunnable.java:30)
	... 1 more
Caused by: java.net.ConnectException: Connection refused
	... 11 more
2019-10-01 13:55:21,682 [b5392421-db4e-4369-9727-29aa9ab96bd9@group-E9CCC3656834-LeaderElection76] INFO  impl.LeaderElection (LogUtils.java:infoOrTrace(149)) - b5392421-db4e-4369-9727-29aa9ab96bd9@group-E9CCC3656834-LeaderElection76 got exception when requesting votes: {}
java.util.concurrent.ExecutionException: org.apache.ratis.thirdparty.io.grpc.StatusRuntimeException: UNAVAILABLE: io exception
	at java.util.concurrent.FutureTask.report(FutureTask.java:122)
	at java.util.concurrent.FutureTask.get(FutureTask.java:192)
	at org.apache.ratis.server.impl.LeaderElection.waitForResults(LeaderElection.java:259)
	at org.apache.ratis.server.impl.LeaderElection.askForVotes(LeaderElection.java:197)
	at org.apache.ratis.server.impl.LeaderElection.run(LeaderElection.java:133)
	at java.lang.Thread.run(Thread.java:748)
Caused by: org.apache.ratis.thirdparty.io.grpc.StatusRuntimeException: UNAVAILABLE: io exception
	at org.apache.ratis.thirdparty.io.grpc.stub.ClientCalls.toStatusRuntimeException(ClientCalls.java:233)
	at org.apache.ratis.thirdparty.io.grpc.stub.ClientCalls.getUnchecked(ClientCalls.java:214)
	at org.apache.ratis.thirdparty.io.grpc.stub.ClientCalls.blockingUnaryCall(ClientCalls.java:139)
	at org.apache.ratis.proto.grpc.RaftServerProtocolServiceGrpc$RaftServerProtocolServiceBlockingStub.requestVote(RaftServerProtocolServiceGrpc.java:265)
	at org.apache.ratis.grpc.server.GrpcServerProtocolClient.requestVote(GrpcServerProtocolClient.java:99)
	at org.apache.ratis.grpc.server.GrpcService.requestVote(GrpcService.java:204)
	at org.apache.ratis.server.impl.LeaderElection.lambda$submitRequests$1(LeaderElection.java:234)
	at java.util.concurrent.FutureTask.run(FutureTask.java:266)
	at java.util.concurrent.Executors$RunnableAdapter.call(Executors.java:511)
	at java.util.concurrent.FutureTask.run(FutureTask.java:266)
	at java.util.concurrent.ThreadPoolExecutor.runWorker(ThreadPoolExecutor.java:1149)
	at java.util.concurrent.ThreadPoolExecutor$Worker.run(ThreadPoolExecutor.java:624)
	... 1 more
Caused by: org.apache.ratis.thirdparty.io.netty.channel.AbstractChannel$AnnotatedConnectException: Connection refused: /192.168.164.226:34807
	at sun.nio.ch.SocketChannelImpl.checkConnect(Native Method)
	at sun.nio.ch.SocketChannelImpl.finishConnect(SocketChannelImpl.java:717)
	at org.apache.ratis.thirdparty.io.netty.channel.socket.nio.NioSocketChannel.doFinishConnect(NioSocketChannel.java:327)
	at org.apache.ratis.thirdparty.io.netty.channel.nio.AbstractNioChannel$AbstractNioUnsafe.finishConnect(AbstractNioChannel.java:340)
	at org.apache.ratis.thirdparty.io.netty.channel.nio.NioEventLoop.processSelectedKey(NioEventLoop.java:632)
	at org.apache.ratis.thirdparty.io.netty.channel.nio.NioEventLoop.processSelectedKeysOptimized(NioEventLoop.java:579)
	at org.apache.ratis.thirdparty.io.netty.channel.nio.NioEventLoop.processSelectedKeys(NioEventLoop.java:496)
	at org.apache.ratis.thirdparty.io.netty.channel.nio.NioEventLoop.run(NioEventLoop.java:458)
	at org.apache.ratis.thirdparty.io.netty.util.concurrent.SingleThreadEventExecutor$5.run(SingleThreadEventExecutor.java:897)
	at org.apache.ratis.thirdparty.io.netty.util.concurrent.FastThreadLocalRunnable.run(FastThreadLocalRunnable.java:30)
	... 1 more
Caused by: java.net.ConnectException: Connection refused
	... 11 more
2019-10-01 13:55:21,685 [b5392421-db4e-4369-9727-29aa9ab96bd9@group-E9CCC3656834-LeaderElection76] INFO  impl.LeaderElection (LeaderElection.java:logAndReturn(56)) - b5392421-db4e-4369-9727-29aa9ab96bd9@group-E9CCC3656834-LeaderElection76: Election REJECTED; received 0 response(s) [] and 2 exception(s); b5392421-db4e-4369-9727-29aa9ab96bd9@group-E9CCC3656834:t2, leader=null, voted=b5392421-db4e-4369-9727-29aa9ab96bd9, raftlog=b5392421-db4e-4369-9727-29aa9ab96bd9@group-E9CCC3656834-SegmentedRaftLog:OPENED:c4,f4,i4, conf=0: [76e35fbb-b42a-43d6-8a13-99c6ae7009f1:192.168.164.226:41239, 8f1e37da-9a41-4be3-8e97-3c1ce31c4ce7:192.168.164.226:34807, b5392421-db4e-4369-9727-29aa9ab96bd9:192.168.164.226:43829], old=null
2019-10-01 13:55:21,685 [b5392421-db4e-4369-9727-29aa9ab96bd9@group-E9CCC3656834-LeaderElection76] INFO  impl.LeaderElection (LogUtils.java:infoOrTrace(149)) -   Exception 0: {}
java.util.concurrent.ExecutionException: org.apache.ratis.thirdparty.io.grpc.StatusRuntimeException: UNAVAILABLE: io exception
	at java.util.concurrent.FutureTask.report(FutureTask.java:122)
	at java.util.concurrent.FutureTask.get(FutureTask.java:192)
	at org.apache.ratis.server.impl.LeaderElection.waitForResults(LeaderElection.java:259)
	at org.apache.ratis.server.impl.LeaderElection.askForVotes(LeaderElection.java:197)
	at org.apache.ratis.server.impl.LeaderElection.run(LeaderElection.java:133)
	at java.lang.Thread.run(Thread.java:748)
Caused by: org.apache.ratis.thirdparty.io.grpc.StatusRuntimeException: UNAVAILABLE: io exception
	at org.apache.ratis.thirdparty.io.grpc.stub.ClientCalls.toStatusRuntimeException(ClientCalls.java:233)
	at org.apache.ratis.thirdparty.io.grpc.stub.ClientCalls.getUnchecked(ClientCalls.java:214)
	at org.apache.ratis.thirdparty.io.grpc.stub.ClientCalls.blockingUnaryCall(ClientCalls.java:139)
	at org.apache.ratis.proto.grpc.RaftServerProtocolServiceGrpc$RaftServerProtocolServiceBlockingStub.requestVote(RaftServerProtocolServiceGrpc.java:265)
	at org.apache.ratis.grpc.server.GrpcServerProtocolClient.requestVote(GrpcServerProtocolClient.java:99)
	at org.apache.ratis.grpc.server.GrpcService.requestVote(GrpcService.java:204)
	at org.apache.ratis.server.impl.LeaderElection.lambda$submitRequests$1(LeaderElection.java:234)
	at java.util.concurrent.FutureTask.run(FutureTask.java:266)
	at java.util.concurrent.Executors$RunnableAdapter.call(Executors.java:511)
	at java.util.concurrent.FutureTask.run(FutureTask.java:266)
	at java.util.concurrent.ThreadPoolExecutor.runWorker(ThreadPoolExecutor.java:1149)
	at java.util.concurrent.ThreadPoolExecutor$Worker.run(ThreadPoolExecutor.java:624)
	... 1 more
Caused by: org.apache.ratis.thirdparty.io.netty.channel.AbstractChannel$AnnotatedConnectException: Connection refused: /192.168.164.226:41239
	at sun.nio.ch.SocketChannelImpl.checkConnect(Native Method)
	at sun.nio.ch.SocketChannelImpl.finishConnect(SocketChannelImpl.java:717)
	at org.apache.ratis.thirdparty.io.netty.channel.socket.nio.NioSocketChannel.doFinishConnect(NioSocketChannel.java:327)
	at org.apache.ratis.thirdparty.io.netty.channel.nio.AbstractNioChannel$AbstractNioUnsafe.finishConnect(AbstractNioChannel.java:340)
	at org.apache.ratis.thirdparty.io.netty.channel.nio.NioEventLoop.processSelectedKey(NioEventLoop.java:632)
	at org.apache.ratis.thirdparty.io.netty.channel.nio.NioEventLoop.processSelectedKeysOptimized(NioEventLoop.java:579)
	at org.apache.ratis.thirdparty.io.netty.channel.nio.NioEventLoop.processSelectedKeys(NioEventLoop.java:496)
	at org.apache.ratis.thirdparty.io.netty.channel.nio.NioEventLoop.run(NioEventLoop.java:458)
	at org.apache.ratis.thirdparty.io.netty.util.concurrent.SingleThreadEventExecutor$5.run(SingleThreadEventExecutor.java:897)
	at org.apache.ratis.thirdparty.io.netty.util.concurrent.FastThreadLocalRunnable.run(FastThreadLocalRunnable.java:30)
	... 1 more
Caused by: java.net.ConnectException: Connection refused
	... 11 more
2019-10-01 13:55:21,685 [b5392421-db4e-4369-9727-29aa9ab96bd9@group-E9CCC3656834-LeaderElection76] INFO  impl.LeaderElection (LogUtils.java:infoOrTrace(149)) -   Exception 1: {}
java.util.concurrent.ExecutionException: org.apache.ratis.thirdparty.io.grpc.StatusRuntimeException: UNAVAILABLE: io exception
	at java.util.concurrent.FutureTask.report(FutureTask.java:122)
	at java.util.concurrent.FutureTask.get(FutureTask.java:192)
	at org.apache.ratis.server.impl.LeaderElection.waitForResults(LeaderElection.java:259)
	at org.apache.ratis.server.impl.LeaderElection.askForVotes(LeaderElection.java:197)
	at org.apache.ratis.server.impl.LeaderElection.run(LeaderElection.java:133)
	at java.lang.Thread.run(Thread.java:748)
Caused by: org.apache.ratis.thirdparty.io.grpc.StatusRuntimeException: UNAVAILABLE: io exception
	at org.apache.ratis.thirdparty.io.grpc.stub.ClientCalls.toStatusRuntimeException(ClientCalls.java:233)
	at org.apache.ratis.thirdparty.io.grpc.stub.ClientCalls.getUnchecked(ClientCalls.java:214)
	at org.apache.ratis.thirdparty.io.grpc.stub.ClientCalls.blockingUnaryCall(ClientCalls.java:139)
	at org.apache.ratis.proto.grpc.RaftServerProtocolServiceGrpc$RaftServerProtocolServiceBlockingStub.requestVote(RaftServerProtocolServiceGrpc.java:265)
	at org.apache.ratis.grpc.server.GrpcServerProtocolClient.requestVote(GrpcServerProtocolClient.java:99)
	at org.apache.ratis.grpc.server.GrpcService.requestVote(GrpcService.java:204)
	at org.apache.ratis.server.impl.LeaderElection.lambda$submitRequests$1(LeaderElection.java:234)
	at java.util.concurrent.FutureTask.run(FutureTask.java:266)
	at java.util.concurrent.Executors$RunnableAdapter.call(Executors.java:511)
	at java.util.concurrent.FutureTask.run(FutureTask.java:266)
	at java.util.concurrent.ThreadPoolExecutor.runWorker(ThreadPoolExecutor.java:1149)
	at java.util.concurrent.ThreadPoolExecutor$Worker.run(ThreadPoolExecutor.java:624)
	... 1 more
Caused by: org.apache.ratis.thirdparty.io.netty.channel.AbstractChannel$AnnotatedConnectException: Connection refused: /192.168.164.226:34807
	at sun.nio.ch.SocketChannelImpl.checkConnect(Native Method)
	at sun.nio.ch.SocketChannelImpl.finishConnect(SocketChannelImpl.java:717)
	at org.apache.ratis.thirdparty.io.netty.channel.socket.nio.NioSocketChannel.doFinishConnect(NioSocketChannel.java:327)
	at org.apache.ratis.thirdparty.io.netty.channel.nio.AbstractNioChannel$AbstractNioUnsafe.finishConnect(AbstractNioChannel.java:340)
	at org.apache.ratis.thirdparty.io.netty.channel.nio.NioEventLoop.processSelectedKey(NioEventLoop.java:632)
	at org.apache.ratis.thirdparty.io.netty.channel.nio.NioEventLoop.processSelectedKeysOptimized(NioEventLoop.java:579)
	at org.apache.ratis.thirdparty.io.netty.channel.nio.NioEventLoop.processSelectedKeys(NioEventLoop.java:496)
	at org.apache.ratis.thirdparty.io.netty.channel.nio.NioEventLoop.run(NioEventLoop.java:458)
	at org.apache.ratis.thirdparty.io.netty.util.concurrent.SingleThreadEventExecutor$5.run(SingleThreadEventExecutor.java:897)
	at org.apache.ratis.thirdparty.io.netty.util.concurrent.FastThreadLocalRunnable.run(FastThreadLocalRunnable.java:30)
	... 1 more
Caused by: java.net.ConnectException: Connection refused
	... 11 more
2019-10-01 13:55:21,685 [b5392421-db4e-4369-9727-29aa9ab96bd9@group-E9CCC3656834-LeaderElection76] INFO  impl.RaftServerImpl (RaftServerImpl.java:setRole(170)) - b5392421-db4e-4369-9727-29aa9ab96bd9@group-E9CCC3656834: changes role from CANDIDATE to FOLLOWER at term 2 for DISCOVERED_A_NEW_TERM
2019-10-01 13:55:21,686 [b5392421-db4e-4369-9727-29aa9ab96bd9@group-E9CCC3656834-LeaderElection76] INFO  impl.RoleInfo (RoleInfo.java:shutdownLeaderElection(134)) - b5392421-db4e-4369-9727-29aa9ab96bd9: shutdown LeaderElection
2019-10-01 13:55:21,686 [b5392421-db4e-4369-9727-29aa9ab96bd9@group-E9CCC3656834-LeaderElection76] INFO  impl.RoleInfo (RoleInfo.java:updateAndGet(143)) - b5392421-db4e-4369-9727-29aa9ab96bd9: start FollowerState
2019-10-01 13:55:21,800 [ForkJoinPool.commonPool-worker-1] INFO  ozoneimpl.OzoneContainer (OzoneContainer.java:stop(231)) - Attempting to stop container services.
2019-10-01 13:55:21,803 [ForkJoinPool.commonPool-worker-1] INFO  impl.RaftServerProxy (RaftServerProxy.java:lambda$close$4(314)) - b5392421-db4e-4369-9727-29aa9ab96bd9: close
2019-10-01 13:55:21,803 [main] INFO  ozoneimpl.OzoneContainer (OzoneContainer.java:stop(231)) - Attempting to stop container services.
2019-10-01 13:55:21,804 [ForkJoinPool.commonPool-worker-1] INFO  impl.RaftServerImpl (RaftServerImpl.java:lambda$shutdown$3(247)) - b5392421-db4e-4369-9727-29aa9ab96bd9@group-E9CCC3656834: shutdown
2019-10-01 13:55:21,805 [ForkJoinPool.commonPool-worker-1] INFO  util.JmxRegister (JmxRegister.java:unregister(73)) - Successfully un-registered JMX Bean with object name Ratis:service=RaftServer,group=group-E9CCC3656834,id=b5392421-db4e-4369-9727-29aa9ab96bd9
2019-10-01 13:55:21,805 [main] INFO  impl.RaftServerProxy (RaftServerProxy.java:lambda$close$4(314)) - 2b6bf4e2-4b7b-4460-bc93-5b9adadc7448: close
2019-10-01 13:55:21,805 [ForkJoinPool.commonPool-worker-1] INFO  impl.RoleInfo (RoleInfo.java:shutdownFollowerState(121)) - b5392421-db4e-4369-9727-29aa9ab96bd9: shutdown FollowerState
2019-10-01 13:55:21,806 [main] INFO  impl.RaftServerImpl (RaftServerImpl.java:lambda$shutdown$3(247)) - 2b6bf4e2-4b7b-4460-bc93-5b9adadc7448@group-5DB19E15F4E8: shutdown
2019-10-01 13:55:21,806 [Thread-3254] INFO  impl.FollowerState (FollowerState.java:run(117)) - b5392421-db4e-4369-9727-29aa9ab96bd9@group-E9CCC3656834-FollowerState was interrupted: java.lang.InterruptedException: sleep interrupted
2019-10-01 13:55:21,806 [ForkJoinPool.commonPool-worker-1] INFO  impl.StateMachineUpdater (StateMachineUpdater.java:stopAndJoin(136)) - b5392421-db4e-4369-9727-29aa9ab96bd9@group-E9CCC3656834-StateMachineUpdater: set stopIndex = 4
2019-10-01 13:55:21,811 [b5392421-db4e-4369-9727-29aa9ab96bd9@group-E9CCC3656834-StateMachineUpdater] INFO  ratis.ContainerStateMachine (ContainerStateMachine.java:takeSnapshot(293)) - group-E9CCC3656834: Taking a snapshot at:(t:1, i:3) file /workdir/hadoop-ozone/integration-test/target/test-dir/MiniOzoneClusterImpl-8c479a76-a73b-4552-9aed-a64f66d42b91/datanode-0/data/ratis/e579c5a9-3712-4969-86d7-e9ccc3656834/sm/snapshot.1_3
2019-10-01 13:55:21,807 [main] INFO  util.JmxRegister (JmxRegister.java:unregister(73)) - Successfully un-registered JMX Bean with object name Ratis:service=RaftServer,group=group-5DB19E15F4E8,id=2b6bf4e2-4b7b-4460-bc93-5b9adadc7448
2019-10-01 13:55:21,813 [main] INFO  impl.RoleInfo (RoleInfo.java:shutdownLeaderState(104)) - 2b6bf4e2-4b7b-4460-bc93-5b9adadc7448: shutdown LeaderState
2019-10-01 13:55:21,813 [main] INFO  impl.PendingRequests (PendingRequests.java:sendNotLeaderResponses(202)) - 2b6bf4e2-4b7b-4460-bc93-5b9adadc7448@group-5DB19E15F4E8-PendingRequests: sendNotLeaderResponses
2019-10-01 13:55:21,814 [main] INFO  impl.StateMachineUpdater (StateMachineUpdater.java:stopAndJoin(136)) - 2b6bf4e2-4b7b-4460-bc93-5b9adadc7448@group-5DB19E15F4E8-StateMachineUpdater: set stopIndex = 0
2019-10-01 13:55:21,815 [main] INFO  impl.RaftServerImpl (ServerState.java:close(387)) - 2b6bf4e2-4b7b-4460-bc93-5b9adadc7448@group-5DB19E15F4E8: closes. applyIndex: 0
2019-10-01 13:55:21,816 [2b6bf4e2-4b7b-4460-bc93-5b9adadc7448@group-5DB19E15F4E8-SegmentedRaftLogWorker] INFO  segmented.SegmentedRaftLogWorker (SegmentedRaftLogWorker.java:run(316)) - 2b6bf4e2-4b7b-4460-bc93-5b9adadc7448@group-5DB19E15F4E8-SegmentedRaftLogWorker was interrupted, exiting. There are 0 tasks remaining in the queue.
2019-10-01 13:55:21,818 [main] INFO  segmented.SegmentedRaftLogWorker (SegmentedRaftLogWorker.java:close(224)) - 2b6bf4e2-4b7b-4460-bc93-5b9adadc7448@group-5DB19E15F4E8-SegmentedRaftLogWorker close()
2019-10-01 13:55:21,823 [main] INFO  server.GrpcService (GrpcService.java:closeImpl(164)) - 2b6bf4e2-4b7b-4460-bc93-5b9adadc7448: shutdown server with port 42527 now
2019-10-01 13:55:21,831 [b5392421-db4e-4369-9727-29aa9ab96bd9@group-E9CCC3656834-StateMachineUpdater] INFO  ratis.ContainerStateMachine (ContainerStateMachine.java:takeSnapshot(304)) - group-E9CCC3656834: Finished taking a snapshot at:(t:1, i:3) file:/workdir/hadoop-ozone/integration-test/target/test-dir/MiniOzoneClusterImpl-8c479a76-a73b-4552-9aed-a64f66d42b91/datanode-0/data/ratis/e579c5a9-3712-4969-86d7-e9ccc3656834/sm/snapshot.1_3 time:24
2019-10-01 13:55:21,831 [main] INFO  server.GrpcService (GrpcService.java:closeImpl(172)) - 2b6bf4e2-4b7b-4460-bc93-5b9adadc7448: shutdown server with port 42527 successfully
2019-10-01 13:55:21,831 [b5392421-db4e-4369-9727-29aa9ab96bd9@group-E9CCC3656834-StateMachineUpdater] INFO  impl.StateMachineUpdater (StateMachineUpdater.java:takeSnapshot(269)) - b5392421-db4e-4369-9727-29aa9ab96bd9@group-E9CCC3656834-StateMachineUpdater: Took a snapshot at index 3
2019-10-01 13:55:21,831 [b5392421-db4e-4369-9727-29aa9ab96bd9@group-E9CCC3656834-StateMachineUpdater] INFO  impl.StateMachineUpdater (StateMachineUpdater.java:lambda$new$0(84)) - b5392421-db4e-4369-9727-29aa9ab96bd9@group-E9CCC3656834-StateMachineUpdater: snapshotIndex: updateIncreasingly -1 -> 3
2019-10-01 13:55:21,832 [b5392421-db4e-4369-9727-29aa9ab96bd9@group-E9CCC3656834-StateMachineUpdater] INFO  ratis.ContainerStateMachine (ContainerStateMachine.java:takeSnapshot(293)) - group-E9CCC3656834: Taking a snapshot at:(t:1, i:3) file /workdir/hadoop-ozone/integration-test/target/test-dir/MiniOzoneClusterImpl-8c479a76-a73b-4552-9aed-a64f66d42b91/datanode-0/data/ratis/e579c5a9-3712-4969-86d7-e9ccc3656834/sm/snapshot.1_3
2019-10-01 13:55:21,836 [refreshUsed-/workdir/hadoop-ozone/integration-test/target/test-dir/MiniOzoneClusterImpl-8c479a76-a73b-4552-9aed-a64f66d42b91/datanode-6/data/containers] WARN  fs.CachingGetSpaceUsed (CachingGetSpaceUsed.java:run(183)) - Thread Interrupted waiting to refresh disk information: sleep interrupted
2019-10-01 13:55:21,845 [b5392421-db4e-4369-9727-29aa9ab96bd9@group-E9CCC3656834-StateMachineUpdater] INFO  ratis.ContainerStateMachine (ContainerStateMachine.java:takeSnapshot(304)) - group-E9CCC3656834: Finished taking a snapshot at:(t:1, i:3) file:/workdir/hadoop-ozone/integration-test/target/test-dir/MiniOzoneClusterImpl-8c479a76-a73b-4552-9aed-a64f66d42b91/datanode-0/data/ratis/e579c5a9-3712-4969-86d7-e9ccc3656834/sm/snapshot.1_3 time:13
2019-10-01 13:55:21,845 [b5392421-db4e-4369-9727-29aa9ab96bd9@group-E9CCC3656834-StateMachineUpdater] INFO  impl.StateMachineUpdater (StateMachineUpdater.java:takeSnapshot(269)) - b5392421-db4e-4369-9727-29aa9ab96bd9@group-E9CCC3656834-StateMachineUpdater: Took a snapshot at index 3
2019-10-01 13:55:21,845 [b5392421-db4e-4369-9727-29aa9ab96bd9@group-E9CCC3656834-StateMachineUpdater] INFO  impl.StateMachineUpdater (StateMachineUpdater.java:lambda$new$0(84)) - b5392421-db4e-4369-9727-29aa9ab96bd9@group-E9CCC3656834-StateMachineUpdater: snapshotIndex: updateIncreasingly 3 -> 3
2019-10-01 13:55:21,845 [ForkJoinPool.commonPool-worker-1] INFO  impl.RaftServerImpl (ServerState.java:close(387)) - b5392421-db4e-4369-9727-29aa9ab96bd9@group-E9CCC3656834: closes. applyIndex: 4
2019-10-01 13:55:21,845 [b5392421-db4e-4369-9727-29aa9ab96bd9@group-E9CCC3656834-SegmentedRaftLogWorker] INFO  segmented.SegmentedRaftLogWorker (SegmentedRaftLogWorker.java:run(316)) - b5392421-db4e-4369-9727-29aa9ab96bd9@group-E9CCC3656834-SegmentedRaftLogWorker was interrupted, exiting. There are 0 tasks remaining in the queue.
2019-10-01 13:55:21,848 [ForkJoinPool.commonPool-worker-1] INFO  segmented.SegmentedRaftLogWorker (SegmentedRaftLogWorker.java:close(224)) - b5392421-db4e-4369-9727-29aa9ab96bd9@group-E9CCC3656834-SegmentedRaftLogWorker close()
2019-10-01 13:55:21,853 [ForkJoinPool.commonPool-worker-1] INFO  impl.RaftServerImpl (RaftServerImpl.java:lambda$shutdown$3(247)) - b5392421-db4e-4369-9727-29aa9ab96bd9@group-AE5A9732317B: shutdown
2019-10-01 13:55:21,854 [ForkJoinPool.commonPool-worker-1] INFO  util.JmxRegister (JmxRegister.java:unregister(73)) - Successfully un-registered JMX Bean with object name Ratis:service=RaftServer,group=group-AE5A9732317B,id=b5392421-db4e-4369-9727-29aa9ab96bd9
2019-10-01 13:55:21,855 [ForkJoinPool.commonPool-worker-1] INFO  impl.RoleInfo (RoleInfo.java:shutdownLeaderState(104)) - b5392421-db4e-4369-9727-29aa9ab96bd9: shutdown LeaderState
2019-10-01 13:55:21,855 [ForkJoinPool.commonPool-worker-1] INFO  impl.PendingRequests (PendingRequests.java:sendNotLeaderResponses(202)) - b5392421-db4e-4369-9727-29aa9ab96bd9@group-AE5A9732317B-PendingRequests: sendNotLeaderResponses
2019-10-01 13:55:21,856 [ForkJoinPool.commonPool-worker-1] INFO  impl.StateMachineUpdater (StateMachineUpdater.java:stopAndJoin(136)) - b5392421-db4e-4369-9727-29aa9ab96bd9@group-AE5A9732317B-StateMachineUpdater: set stopIndex = 0
2019-10-01 13:55:21,856 [ForkJoinPool.commonPool-worker-1] INFO  impl.RaftServerImpl (ServerState.java:close(387)) - b5392421-db4e-4369-9727-29aa9ab96bd9@group-AE5A9732317B: closes. applyIndex: 0
2019-10-01 13:55:21,857 [b5392421-db4e-4369-9727-29aa9ab96bd9@group-AE5A9732317B-SegmentedRaftLogWorker] INFO  segmented.SegmentedRaftLogWorker (SegmentedRaftLogWorker.java:run(316)) - b5392421-db4e-4369-9727-29aa9ab96bd9@group-AE5A9732317B-SegmentedRaftLogWorker was interrupted, exiting. There are 0 tasks remaining in the queue.
2019-10-01 13:55:21,857 [ForkJoinPool.commonPool-worker-1] INFO  segmented.SegmentedRaftLogWorker (SegmentedRaftLogWorker.java:close(224)) - b5392421-db4e-4369-9727-29aa9ab96bd9@group-AE5A9732317B-SegmentedRaftLogWorker close()
2019-10-01 13:55:21,859 [ForkJoinPool.commonPool-worker-1] INFO  server.GrpcService (GrpcService.java:closeImpl(164)) - b5392421-db4e-4369-9727-29aa9ab96bd9: shutdown server with port 43829 now
2019-10-01 13:55:21,860 [ForkJoinPool.commonPool-worker-1] INFO  server.GrpcService (GrpcService.java:closeImpl(172)) - b5392421-db4e-4369-9727-29aa9ab96bd9: shutdown server with port 43829 successfully
2019-10-01 13:55:21,860 [main] INFO  utils.BackgroundService (BackgroundService.java:shutdown(148)) - Shutting down service BlockDeletingService
2019-10-01 13:55:21,864 [refreshUsed-/workdir/hadoop-ozone/integration-test/target/test-dir/MiniOzoneClusterImpl-8c479a76-a73b-4552-9aed-a64f66d42b91/datanode-0/data/containers] WARN  fs.CachingGetSpaceUsed (CachingGetSpaceUsed.java:run(183)) - Thread Interrupted waiting to refresh disk information: sleep interrupted
2019-10-01 13:55:21,866 [main] INFO  statemachine.DatanodeStateMachine (DatanodeStateMachine.java:stopDaemon(395)) - Ozone container server stopped.
2019-10-01 13:55:21,869 [main] INFO  handler.ContextHandler (ContextHandler.java:doStop(910)) - Stopped o.e.j.w.WebAppContext@625487a6{/,null,UNAVAILABLE}{/hddsDatanode}
2019-10-01 13:55:21,871 [main] INFO  server.AbstractConnector (AbstractConnector.java:doStop(318)) - Stopped ServerConnector@682e445e{HTTP/1.1,[http/1.1]}{0.0.0.0:0}
2019-10-01 13:55:21,872 [main] INFO  handler.ContextHandler (ContextHandler.java:doStop(910)) - Stopped o.e.j.s.ServletContextHandler@50cbcca7{/static,jar:file:/home/user/.m2/repository/org/apache/hadoop/hadoop-hdds-container-service/0.5.0-SNAPSHOT/hadoop-hdds-container-service-0.5.0-SNAPSHOT.jar!/webapps/static,UNAVAILABLE}
2019-10-01 13:55:21,872 [main] INFO  handler.ContextHandler (ContextHandler.java:doStop(910)) - Stopped o.e.j.s.ServletContextHandler@204d9edf{/logs,file:///workdir/hadoop-ozone/integration-test/target/log,UNAVAILABLE}
2019-10-01 13:55:21,879 [ForkJoinPool.commonPool-worker-1] INFO  utils.BackgroundService (BackgroundService.java:shutdown(148)) - Shutting down service BlockDeletingService
2019-10-01 13:55:21,883 [ForkJoinPool.commonPool-worker-1] INFO  statemachine.DatanodeStateMachine (DatanodeStateMachine.java:stopDaemon(395)) - Ozone container server stopped.
2019-10-01 13:55:21,886 [ForkJoinPool.commonPool-worker-1] INFO  handler.ContextHandler (ContextHandler.java:doStop(910)) - Stopped o.e.j.w.WebAppContext@48e41b5d{/,null,UNAVAILABLE}{/hddsDatanode}
2019-10-01 13:55:21,887 [ForkJoinPool.commonPool-worker-1] INFO  server.AbstractConnector (AbstractConnector.java:doStop(318)) - Stopped ServerConnector@51e8d066{HTTP/1.1,[http/1.1]}{0.0.0.0:0}
2019-10-01 13:55:21,888 [ForkJoinPool.commonPool-worker-1] INFO  handler.ContextHandler (ContextHandler.java:doStop(910)) - Stopped o.e.j.s.ServletContextHandler@430df350{/static,jar:file:/home/user/.m2/repository/org/apache/hadoop/hadoop-hdds-container-service/0.5.0-SNAPSHOT/hadoop-hdds-container-service-0.5.0-SNAPSHOT.jar!/webapps/static,UNAVAILABLE}
2019-10-01 13:55:21,889 [ForkJoinPool.commonPool-worker-1] INFO  handler.ContextHandler (ContextHandler.java:doStop(910)) - Stopped o.e.j.s.ServletContextHandler@571a663c{/logs,file:///workdir/hadoop-ozone/integration-test/target/log,UNAVAILABLE}
2019-10-01 13:55:22,039 [Datanode State Machine Thread - 0] INFO  statemachine.DatanodeStateMachine (DatanodeStateMachine.java:lambda$startDaemon$0(350)) - Ozone container server started.
2019-10-01 13:55:22,244 [Thread-3250] INFO  impl.FollowerState (FollowerState.java:run(108)) - 7a036fa1-334b-4ced-82ce-fc5b7e253290@group-D28FD509F67E-FollowerState: change to CANDIDATE, lastRpcTime:5101ms, electionTimeout:5101ms
2019-10-01 13:55:22,244 [Thread-3250] INFO  impl.RoleInfo (RoleInfo.java:shutdownFollowerState(121)) - 7a036fa1-334b-4ced-82ce-fc5b7e253290: shutdown FollowerState
2019-10-01 13:55:22,245 [Thread-3250] INFO  impl.RaftServerImpl (RaftServerImpl.java:setRole(170)) - 7a036fa1-334b-4ced-82ce-fc5b7e253290@group-D28FD509F67E: changes role from  FOLLOWER to CANDIDATE at term 3 for changeToCandidate
2019-10-01 13:55:22,245 [Thread-3250] INFO  impl.RoleInfo (RoleInfo.java:updateAndGet(143)) - 7a036fa1-334b-4ced-82ce-fc5b7e253290: start LeaderElection
2019-10-01 13:55:22,272 [7a036fa1-334b-4ced-82ce-fc5b7e253290@group-D28FD509F67E-LeaderElection77] INFO  impl.LeaderElection (LeaderElection.java:askForVotes(178)) - 7a036fa1-334b-4ced-82ce-fc5b7e253290@group-D28FD509F67E-LeaderElection77: begin an election at term 4 for 0: [7a036fa1-334b-4ced-82ce-fc5b7e253290:192.168.164.226:36394, fc819ada-e5e1-4ee1-965d-05fb716885e8:192.168.164.226:39631, 7a6ea145-8a02-4a57-83fc-31fd93eebedd:192.168.164.226:33639], old=null
2019-10-01 13:55:22,273 [7a036fa1-334b-4ced-82ce-fc5b7e253290@group-D28FD509F67E-LeaderElection77] INFO  impl.LeaderElection (LogUtils.java:infoOrTrace(149)) - 7a036fa1-334b-4ced-82ce-fc5b7e253290@group-D28FD509F67E-LeaderElection77 got exception when requesting votes: {}
java.util.concurrent.ExecutionException: org.apache.ratis.thirdparty.io.grpc.StatusRuntimeException: UNAVAILABLE: io exception
	at java.util.concurrent.FutureTask.report(FutureTask.java:122)
	at java.util.concurrent.FutureTask.get(FutureTask.java:192)
	at org.apache.ratis.server.impl.LeaderElection.waitForResults(LeaderElection.java:259)
	at org.apache.ratis.server.impl.LeaderElection.askForVotes(LeaderElection.java:197)
	at org.apache.ratis.server.impl.LeaderElection.run(LeaderElection.java:133)
	at java.lang.Thread.run(Thread.java:748)
Caused by: org.apache.ratis.thirdparty.io.grpc.StatusRuntimeException: UNAVAILABLE: io exception
	at org.apache.ratis.thirdparty.io.grpc.stub.ClientCalls.toStatusRuntimeException(ClientCalls.java:233)
	at org.apache.ratis.thirdparty.io.grpc.stub.ClientCalls.getUnchecked(ClientCalls.java:214)
	at org.apache.ratis.thirdparty.io.grpc.stub.ClientCalls.blockingUnaryCall(ClientCalls.java:139)
	at org.apache.ratis.proto.grpc.RaftServerProtocolServiceGrpc$RaftServerProtocolServiceBlockingStub.requestVote(RaftServerProtocolServiceGrpc.java:265)
	at org.apache.ratis.grpc.server.GrpcServerProtocolClient.requestVote(GrpcServerProtocolClient.java:99)
	at org.apache.ratis.grpc.server.GrpcService.requestVote(GrpcService.java:204)
	at org.apache.ratis.server.impl.LeaderElection.lambda$submitRequests$1(LeaderElection.java:234)
	at java.util.concurrent.FutureTask.run(FutureTask.java:266)
	at java.util.concurrent.Executors$RunnableAdapter.call(Executors.java:511)
	at java.util.concurrent.FutureTask.run(FutureTask.java:266)
	at java.util.concurrent.ThreadPoolExecutor.runWorker(ThreadPoolExecutor.java:1149)
	at java.util.concurrent.ThreadPoolExecutor$Worker.run(ThreadPoolExecutor.java:624)
	... 1 more
Caused by: org.apache.ratis.thirdparty.io.netty.channel.AbstractChannel$AnnotatedConnectException: Connection refused: /192.168.164.226:39631
	at sun.nio.ch.SocketChannelImpl.checkConnect(Native Method)
	at sun.nio.ch.SocketChannelImpl.finishConnect(SocketChannelImpl.java:717)
	at org.apache.ratis.thirdparty.io.netty.channel.socket.nio.NioSocketChannel.doFinishConnect(NioSocketChannel.java:327)
	at org.apache.ratis.thirdparty.io.netty.channel.nio.AbstractNioChannel$AbstractNioUnsafe.finishConnect(AbstractNioChannel.java:340)
	at org.apache.ratis.thirdparty.io.netty.channel.nio.NioEventLoop.processSelectedKey(NioEventLoop.java:632)
	at org.apache.ratis.thirdparty.io.netty.channel.nio.NioEventLoop.processSelectedKeysOptimized(NioEventLoop.java:579)
	at org.apache.ratis.thirdparty.io.netty.channel.nio.NioEventLoop.processSelectedKeys(NioEventLoop.java:496)
	at org.apache.ratis.thirdparty.io.netty.channel.nio.NioEventLoop.run(NioEventLoop.java:458)
	at org.apache.ratis.thirdparty.io.netty.util.concurrent.SingleThreadEventExecutor$5.run(SingleThreadEventExecutor.java:897)
	at org.apache.ratis.thirdparty.io.netty.util.concurrent.FastThreadLocalRunnable.run(FastThreadLocalRunnable.java:30)
	... 1 more
Caused by: java.net.ConnectException: Connection refused
	... 11 more
2019-10-01 13:55:22,275 [7a036fa1-334b-4ced-82ce-fc5b7e253290@group-D28FD509F67E-LeaderElection77] INFO  impl.LeaderElection (LogUtils.java:infoOrTrace(149)) - 7a036fa1-334b-4ced-82ce-fc5b7e253290@group-D28FD509F67E-LeaderElection77 got exception when requesting votes: {}
java.util.concurrent.ExecutionException: org.apache.ratis.thirdparty.io.grpc.StatusRuntimeException: UNAVAILABLE: io exception
	at java.util.concurrent.FutureTask.report(FutureTask.java:122)
	at java.util.concurrent.FutureTask.get(FutureTask.java:192)
	at org.apache.ratis.server.impl.LeaderElection.waitForResults(LeaderElection.java:259)
	at org.apache.ratis.server.impl.LeaderElection.askForVotes(LeaderElection.java:197)
	at org.apache.ratis.server.impl.LeaderElection.run(LeaderElection.java:133)
	at java.lang.Thread.run(Thread.java:748)
Caused by: org.apache.ratis.thirdparty.io.grpc.StatusRuntimeException: UNAVAILABLE: io exception
	at org.apache.ratis.thirdparty.io.grpc.stub.ClientCalls.toStatusRuntimeException(ClientCalls.java:233)
	at org.apache.ratis.thirdparty.io.grpc.stub.ClientCalls.getUnchecked(ClientCalls.java:214)
	at org.apache.ratis.thirdparty.io.grpc.stub.ClientCalls.blockingUnaryCall(ClientCalls.java:139)
	at org.apache.ratis.proto.grpc.RaftServerProtocolServiceGrpc$RaftServerProtocolServiceBlockingStub.requestVote(RaftServerProtocolServiceGrpc.java:265)
	at org.apache.ratis.grpc.server.GrpcServerProtocolClient.requestVote(GrpcServerProtocolClient.java:99)
	at org.apache.ratis.grpc.server.GrpcService.requestVote(GrpcService.java:204)
	at org.apache.ratis.server.impl.LeaderElection.lambda$submitRequests$1(LeaderElection.java:234)
	at java.util.concurrent.FutureTask.run(FutureTask.java:266)
	at java.util.concurrent.Executors$RunnableAdapter.call(Executors.java:511)
	at java.util.concurrent.FutureTask.run(FutureTask.java:266)
	at java.util.concurrent.ThreadPoolExecutor.runWorker(ThreadPoolExecutor.java:1149)
	at java.util.concurrent.ThreadPoolExecutor$Worker.run(ThreadPoolExecutor.java:624)
	... 1 more
Caused by: org.apache.ratis.thirdparty.io.netty.channel.AbstractChannel$AnnotatedConnectException: Connection refused: /192.168.164.226:33639
	at sun.nio.ch.SocketChannelImpl.checkConnect(Native Method)
	at sun.nio.ch.SocketChannelImpl.finishConnect(SocketChannelImpl.java:717)
	at org.apache.ratis.thirdparty.io.netty.channel.socket.nio.NioSocketChannel.doFinishConnect(NioSocketChannel.java:327)
	at org.apache.ratis.thirdparty.io.netty.channel.nio.AbstractNioChannel$AbstractNioUnsafe.finishConnect(AbstractNioChannel.java:340)
	at org.apache.ratis.thirdparty.io.netty.channel.nio.NioEventLoop.processSelectedKey(NioEventLoop.java:632)
	at org.apache.ratis.thirdparty.io.netty.channel.nio.NioEventLoop.processSelectedKeysOptimized(NioEventLoop.java:579)
	at org.apache.ratis.thirdparty.io.netty.channel.nio.NioEventLoop.processSelectedKeys(NioEventLoop.java:496)
	at org.apache.ratis.thirdparty.io.netty.channel.nio.NioEventLoop.run(NioEventLoop.java:458)
	at org.apache.ratis.thirdparty.io.netty.util.concurrent.SingleThreadEventExecutor$5.run(SingleThreadEventExecutor.java:897)
	at org.apache.ratis.thirdparty.io.netty.util.concurrent.FastThreadLocalRunnable.run(FastThreadLocalRunnable.java:30)
	... 1 more
Caused by: java.net.ConnectException: Connection refused
	... 11 more
2019-10-01 13:55:22,276 [7a036fa1-334b-4ced-82ce-fc5b7e253290@group-D28FD509F67E-LeaderElection77] INFO  impl.LeaderElection (LeaderElection.java:logAndReturn(56)) - 7a036fa1-334b-4ced-82ce-fc5b7e253290@group-D28FD509F67E-LeaderElection77: Election REJECTED; received 0 response(s) [] and 2 exception(s); 7a036fa1-334b-4ced-82ce-fc5b7e253290@group-D28FD509F67E:t4, leader=null, voted=7a036fa1-334b-4ced-82ce-fc5b7e253290, raftlog=7a036fa1-334b-4ced-82ce-fc5b7e253290@group-D28FD509F67E-SegmentedRaftLog:OPENED:c16,f16,i16, conf=0: [7a036fa1-334b-4ced-82ce-fc5b7e253290:192.168.164.226:36394, fc819ada-e5e1-4ee1-965d-05fb716885e8:192.168.164.226:39631, 7a6ea145-8a02-4a57-83fc-31fd93eebedd:192.168.164.226:33639], old=null
2019-10-01 13:55:22,276 [7a036fa1-334b-4ced-82ce-fc5b7e253290@group-D28FD509F67E-LeaderElection77] INFO  impl.LeaderElection (LogUtils.java:infoOrTrace(149)) -   Exception 0: {}
java.util.concurrent.ExecutionException: org.apache.ratis.thirdparty.io.grpc.StatusRuntimeException: UNAVAILABLE: io exception
	at java.util.concurrent.FutureTask.report(FutureTask.java:122)
	at java.util.concurrent.FutureTask.get(FutureTask.java:192)
	at org.apache.ratis.server.impl.LeaderElection.waitForResults(LeaderElection.java:259)
	at org.apache.ratis.server.impl.LeaderElection.askForVotes(LeaderElection.java:197)
	at org.apache.ratis.server.impl.LeaderElection.run(LeaderElection.java:133)
	at java.lang.Thread.run(Thread.java:748)
Caused by: org.apache.ratis.thirdparty.io.grpc.StatusRuntimeException: UNAVAILABLE: io exception
	at org.apache.ratis.thirdparty.io.grpc.stub.ClientCalls.toStatusRuntimeException(ClientCalls.java:233)
	at org.apache.ratis.thirdparty.io.grpc.stub.ClientCalls.getUnchecked(ClientCalls.java:214)
	at org.apache.ratis.thirdparty.io.grpc.stub.ClientCalls.blockingUnaryCall(ClientCalls.java:139)
	at org.apache.ratis.proto.grpc.RaftServerProtocolServiceGrpc$RaftServerProtocolServiceBlockingStub.requestVote(RaftServerProtocolServiceGrpc.java:265)
	at org.apache.ratis.grpc.server.GrpcServerProtocolClient.requestVote(GrpcServerProtocolClient.java:99)
	at org.apache.ratis.grpc.server.GrpcService.requestVote(GrpcService.java:204)
	at org.apache.ratis.server.impl.LeaderElection.lambda$submitRequests$1(LeaderElection.java:234)
	at java.util.concurrent.FutureTask.run(FutureTask.java:266)
	at java.util.concurrent.Executors$RunnableAdapter.call(Executors.java:511)
	at java.util.concurrent.FutureTask.run(FutureTask.java:266)
	at java.util.concurrent.ThreadPoolExecutor.runWorker(ThreadPoolExecutor.java:1149)
	at java.util.concurrent.ThreadPoolExecutor$Worker.run(ThreadPoolExecutor.java:624)
	... 1 more
Caused by: org.apache.ratis.thirdparty.io.netty.channel.AbstractChannel$AnnotatedConnectException: Connection refused: /192.168.164.226:39631
	at sun.nio.ch.SocketChannelImpl.checkConnect(Native Method)
	at sun.nio.ch.SocketChannelImpl.finishConnect(SocketChannelImpl.java:717)
	at org.apache.ratis.thirdparty.io.netty.channel.socket.nio.NioSocketChannel.doFinishConnect(NioSocketChannel.java:327)
	at org.apache.ratis.thirdparty.io.netty.channel.nio.AbstractNioChannel$AbstractNioUnsafe.finishConnect(AbstractNioChannel.java:340)
	at org.apache.ratis.thirdparty.io.netty.channel.nio.NioEventLoop.processSelectedKey(NioEventLoop.java:632)
	at org.apache.ratis.thirdparty.io.netty.channel.nio.NioEventLoop.processSelectedKeysOptimized(NioEventLoop.java:579)
	at org.apache.ratis.thirdparty.io.netty.channel.nio.NioEventLoop.processSelectedKeys(NioEventLoop.java:496)
	at org.apache.ratis.thirdparty.io.netty.channel.nio.NioEventLoop.run(NioEventLoop.java:458)
	at org.apache.ratis.thirdparty.io.netty.util.concurrent.SingleThreadEventExecutor$5.run(SingleThreadEventExecutor.java:897)
	at org.apache.ratis.thirdparty.io.netty.util.concurrent.FastThreadLocalRunnable.run(FastThreadLocalRunnable.java:30)
	... 1 more
Caused by: java.net.ConnectException: Connection refused
	... 11 more
2019-10-01 13:55:22,276 [7a036fa1-334b-4ced-82ce-fc5b7e253290@group-D28FD509F67E-LeaderElection77] INFO  impl.LeaderElection (LogUtils.java:infoOrTrace(149)) -   Exception 1: {}
java.util.concurrent.ExecutionException: org.apache.ratis.thirdparty.io.grpc.StatusRuntimeException: UNAVAILABLE: io exception
	at java.util.concurrent.FutureTask.report(FutureTask.java:122)
	at java.util.concurrent.FutureTask.get(FutureTask.java:192)
	at org.apache.ratis.server.impl.LeaderElection.waitForResults(LeaderElection.java:259)
	at org.apache.ratis.server.impl.LeaderElection.askForVotes(LeaderElection.java:197)
	at org.apache.ratis.server.impl.LeaderElection.run(LeaderElection.java:133)
	at java.lang.Thread.run(Thread.java:748)
Caused by: org.apache.ratis.thirdparty.io.grpc.StatusRuntimeException: UNAVAILABLE: io exception
	at org.apache.ratis.thirdparty.io.grpc.stub.ClientCalls.toStatusRuntimeException(ClientCalls.java:233)
	at org.apache.ratis.thirdparty.io.grpc.stub.ClientCalls.getUnchecked(ClientCalls.java:214)
	at org.apache.ratis.thirdparty.io.grpc.stub.ClientCalls.blockingUnaryCall(ClientCalls.java:139)
	at org.apache.ratis.proto.grpc.RaftServerProtocolServiceGrpc$RaftServerProtocolServiceBlockingStub.requestVote(RaftServerProtocolServiceGrpc.java:265)
	at org.apache.ratis.grpc.server.GrpcServerProtocolClient.requestVote(GrpcServerProtocolClient.java:99)
	at org.apache.ratis.grpc.server.GrpcService.requestVote(GrpcService.java:204)
	at org.apache.ratis.server.impl.LeaderElection.lambda$submitRequests$1(LeaderElection.java:234)
	at java.util.concurrent.FutureTask.run(FutureTask.java:266)
	at java.util.concurrent.Executors$RunnableAdapter.call(Executors.java:511)
	at java.util.concurrent.FutureTask.run(FutureTask.java:266)
	at java.util.concurrent.ThreadPoolExecutor.runWorker(ThreadPoolExecutor.java:1149)
	at java.util.concurrent.ThreadPoolExecutor$Worker.run(ThreadPoolExecutor.java:624)
	... 1 more
Caused by: org.apache.ratis.thirdparty.io.netty.channel.AbstractChannel$AnnotatedConnectException: Connection refused: /192.168.164.226:33639
	at sun.nio.ch.SocketChannelImpl.checkConnect(Native Method)
	at sun.nio.ch.SocketChannelImpl.finishConnect(SocketChannelImpl.java:717)
	at org.apache.ratis.thirdparty.io.netty.channel.socket.nio.NioSocketChannel.doFinishConnect(NioSocketChannel.java:327)
	at org.apache.ratis.thirdparty.io.netty.channel.nio.AbstractNioChannel$AbstractNioUnsafe.finishConnect(AbstractNioChannel.java:340)
	at org.apache.ratis.thirdparty.io.netty.channel.nio.NioEventLoop.processSelectedKey(NioEventLoop.java:632)
	at org.apache.ratis.thirdparty.io.netty.channel.nio.NioEventLoop.processSelectedKeysOptimized(NioEventLoop.java:579)
	at org.apache.ratis.thirdparty.io.netty.channel.nio.NioEventLoop.processSelectedKeys(NioEventLoop.java:496)
	at org.apache.ratis.thirdparty.io.netty.channel.nio.NioEventLoop.run(NioEventLoop.java:458)
	at org.apache.ratis.thirdparty.io.netty.util.concurrent.SingleThreadEventExecutor$5.run(SingleThreadEventExecutor.java:897)
	at org.apache.ratis.thirdparty.io.netty.util.concurrent.FastThreadLocalRunnable.run(FastThreadLocalRunnable.java:30)
	... 1 more
Caused by: java.net.ConnectException: Connection refused
	... 11 more
2019-10-01 13:55:22,277 [7a036fa1-334b-4ced-82ce-fc5b7e253290@group-D28FD509F67E-LeaderElection77] INFO  impl.RaftServerImpl (RaftServerImpl.java:setRole(170)) - 7a036fa1-334b-4ced-82ce-fc5b7e253290@group-D28FD509F67E: changes role from CANDIDATE to FOLLOWER at term 4 for DISCOVERED_A_NEW_TERM
2019-10-01 13:55:22,277 [7a036fa1-334b-4ced-82ce-fc5b7e253290@group-D28FD509F67E-LeaderElection77] INFO  impl.RoleInfo (RoleInfo.java:shutdownLeaderElection(134)) - 7a036fa1-334b-4ced-82ce-fc5b7e253290: shutdown LeaderElection
2019-10-01 13:55:22,277 [7a036fa1-334b-4ced-82ce-fc5b7e253290@group-D28FD509F67E-LeaderElection77] INFO  impl.RoleInfo (RoleInfo.java:updateAndGet(143)) - 7a036fa1-334b-4ced-82ce-fc5b7e253290: start FollowerState
2019-10-01 13:55:26,120 [EventQueue-StaleNodeForStaleNodeHandler] INFO  node.StaleNodeHandler (StaleNodeHandler.java:onMessage(58)) - Datanode 7a036fa1-334b-4ced-82ce-fc5b7e253290{ip: 192.168.164.226, host: pr-hdds-2210-kntbx-3061227707, networkLocation: /default-rack, certSerialId: null} moved to stale state. Finalizing its pipelines [PipelineID=d465d589-4553-4069-8832-eb5fd6416b3d, PipelineID=866aa0b0-84b5-4314-b25a-d28fd509f67e]
2019-10-01 13:55:26,127 [EventQueue-StaleNodeForStaleNodeHandler] INFO  pipeline.SCMPipelineManager (SCMPipelineManager.java:finalizeAndDestroyPipeline(315)) - destroying pipeline:Pipeline[ Id: d465d589-4553-4069-8832-eb5fd6416b3d, Nodes: 7a036fa1-334b-4ced-82ce-fc5b7e253290{ip: 192.168.164.226, host: pr-hdds-2210-kntbx-3061227707, networkLocation: /default-rack, certSerialId: null}, Type:RATIS, Factor:ONE, State:OPEN]
2019-10-01 13:55:26,127 [EventQueue-StaleNodeForStaleNodeHandler] INFO  pipeline.PipelineStateManager (PipelineStateManager.java:finalizePipeline(123)) - Pipeline Pipeline[ Id: d465d589-4553-4069-8832-eb5fd6416b3d, Nodes: 7a036fa1-334b-4ced-82ce-fc5b7e253290{ip: 192.168.164.226, host: pr-hdds-2210-kntbx-3061227707, networkLocation: /default-rack, certSerialId: null}, Type:RATIS, Factor:ONE, State:CLOSED] moved to CLOSED state
2019-10-01 13:55:26,128 [EventQueue-StaleNodeForStaleNodeHandler] INFO  pipeline.SCMPipelineManager (SCMPipelineManager.java:finalizeAndDestroyPipeline(315)) - destroying pipeline:Pipeline[ Id: 866aa0b0-84b5-4314-b25a-d28fd509f67e, Nodes: 7a036fa1-334b-4ced-82ce-fc5b7e253290{ip: 192.168.164.226, host: pr-hdds-2210-kntbx-3061227707, networkLocation: /default-rack, certSerialId: null}7a6ea145-8a02-4a57-83fc-31fd93eebedd{ip: 192.168.164.226, host: pr-hdds-2210-kntbx-3061227707, networkLocation: /default-rack, certSerialId: null}fc819ada-e5e1-4ee1-965d-05fb716885e8{ip: 192.168.164.226, host: pr-hdds-2210-kntbx-3061227707, networkLocation: /default-rack, certSerialId: null}, Type:RATIS, Factor:THREE, State:CLOSED]
2019-10-01 13:55:26,875 [main] INFO  ozoneimpl.OzoneContainer (OzoneContainer.java:stop(231)) - Attempting to stop container services.
2019-10-01 13:55:26,876 [main] INFO  impl.RaftServerProxy (RaftServerProxy.java:lambda$close$4(314)) - 7a036fa1-334b-4ced-82ce-fc5b7e253290: close
2019-10-01 13:55:26,877 [main] INFO  impl.RaftServerImpl (RaftServerImpl.java:lambda$shutdown$3(247)) - 7a036fa1-334b-4ced-82ce-fc5b7e253290@group-EB5FD6416B3D: shutdown
2019-10-01 13:55:26,877 [ForkJoinPool.commonPool-worker-0] INFO  impl.RaftServerImpl (RaftServerImpl.java:lambda$shutdown$3(247)) - 7a036fa1-334b-4ced-82ce-fc5b7e253290@group-D28FD509F67E: shutdown
2019-10-01 13:55:26,877 [main] INFO  util.JmxRegister (JmxRegister.java:unregister(73)) - Successfully un-registered JMX Bean with object name Ratis:service=RaftServer,group=group-EB5FD6416B3D,id=7a036fa1-334b-4ced-82ce-fc5b7e253290
2019-10-01 13:55:26,880 [ForkJoinPool.commonPool-worker-0] INFO  util.JmxRegister (JmxRegister.java:unregister(73)) - Successfully un-registered JMX Bean with object name Ratis:service=RaftServer,group=group-D28FD509F67E,id=7a036fa1-334b-4ced-82ce-fc5b7e253290
2019-10-01 13:55:26,880 [main] INFO  impl.RoleInfo (RoleInfo.java:shutdownLeaderState(104)) - 7a036fa1-334b-4ced-82ce-fc5b7e253290: shutdown LeaderState
2019-10-01 13:55:26,880 [ForkJoinPool.commonPool-worker-0] INFO  impl.RoleInfo (RoleInfo.java:shutdownFollowerState(121)) - 7a036fa1-334b-4ced-82ce-fc5b7e253290: shutdown FollowerState
2019-10-01 13:55:26,881 [main] INFO  impl.PendingRequests (PendingRequests.java:sendNotLeaderResponses(202)) - 7a036fa1-334b-4ced-82ce-fc5b7e253290@group-EB5FD6416B3D-PendingRequests: sendNotLeaderResponses
2019-10-01 13:55:26,881 [7a036fa1-334b-4ced-82ce-fc5b7e253290@group-D28FD509F67E-StateMachineUpdater] INFO  ratis.ContainerStateMachine (ContainerStateMachine.java:takeSnapshot(293)) - group-D28FD509F67E: Taking a snapshot at:(t:2, i:16) file /workdir/hadoop-ozone/integration-test/target/test-dir/MiniOzoneClusterImpl-8c479a76-a73b-4552-9aed-a64f66d42b91/datanode-5/data/ratis/866aa0b0-84b5-4314-b25a-d28fd509f67e/sm/snapshot.2_16
2019-10-01 13:55:26,881 [ForkJoinPool.commonPool-worker-0] INFO  impl.StateMachineUpdater (StateMachineUpdater.java:stopAndJoin(136)) - 7a036fa1-334b-4ced-82ce-fc5b7e253290@group-D28FD509F67E-StateMachineUpdater: set stopIndex = 16
2019-10-01 13:55:26,881 [Thread-3258] INFO  impl.FollowerState (FollowerState.java:run(117)) - 7a036fa1-334b-4ced-82ce-fc5b7e253290@group-D28FD509F67E-FollowerState was interrupted: java.lang.InterruptedException: sleep interrupted
2019-10-01 13:55:26,882 [main] INFO  impl.StateMachineUpdater (StateMachineUpdater.java:stopAndJoin(136)) - 7a036fa1-334b-4ced-82ce-fc5b7e253290@group-EB5FD6416B3D-StateMachineUpdater: set stopIndex = 0
2019-10-01 13:55:26,885 [main] INFO  impl.RaftServerImpl (ServerState.java:close(387)) - 7a036fa1-334b-4ced-82ce-fc5b7e253290@group-EB5FD6416B3D: closes. applyIndex: 0
2019-10-01 13:55:26,885 [7a036fa1-334b-4ced-82ce-fc5b7e253290@group-EB5FD6416B3D-SegmentedRaftLogWorker] INFO  segmented.SegmentedRaftLogWorker (SegmentedRaftLogWorker.java:run(316)) - 7a036fa1-334b-4ced-82ce-fc5b7e253290@group-EB5FD6416B3D-SegmentedRaftLogWorker was interrupted, exiting. There are 0 tasks remaining in the queue.
2019-10-01 13:55:26,886 [main] INFO  segmented.SegmentedRaftLogWorker (SegmentedRaftLogWorker.java:close(224)) - 7a036fa1-334b-4ced-82ce-fc5b7e253290@group-EB5FD6416B3D-SegmentedRaftLogWorker close()
2019-10-01 13:55:26,897 [7a036fa1-334b-4ced-82ce-fc5b7e253290@group-D28FD509F67E-StateMachineUpdater] INFO  ratis.ContainerStateMachine (ContainerStateMachine.java:takeSnapshot(304)) - group-D28FD509F67E: Finished taking a snapshot at:(t:2, i:16) file:/workdir/hadoop-ozone/integration-test/target/test-dir/MiniOzoneClusterImpl-8c479a76-a73b-4552-9aed-a64f66d42b91/datanode-5/data/ratis/866aa0b0-84b5-4314-b25a-d28fd509f67e/sm/snapshot.2_16 time:16
2019-10-01 13:55:26,898 [7a036fa1-334b-4ced-82ce-fc5b7e253290@group-D28FD509F67E-StateMachineUpdater] INFO  impl.StateMachineUpdater (StateMachineUpdater.java:takeSnapshot(269)) - 7a036fa1-334b-4ced-82ce-fc5b7e253290@group-D28FD509F67E-StateMachineUpdater: Took a snapshot at index 16
2019-10-01 13:55:26,898 [7a036fa1-334b-4ced-82ce-fc5b7e253290@group-D28FD509F67E-StateMachineUpdater] INFO  impl.StateMachineUpdater (StateMachineUpdater.java:lambda$new$0(84)) - 7a036fa1-334b-4ced-82ce-fc5b7e253290@group-D28FD509F67E-StateMachineUpdater: snapshotIndex: updateIncreasingly -1 -> 16
2019-10-01 13:55:26,898 [ForkJoinPool.commonPool-worker-0] INFO  impl.RaftServerImpl (ServerState.java:close(387)) - 7a036fa1-334b-4ced-82ce-fc5b7e253290@group-D28FD509F67E: closes. applyIndex: 16
2019-10-01 13:55:26,899 [7a036fa1-334b-4ced-82ce-fc5b7e253290@group-D28FD509F67E-SegmentedRaftLogWorker] INFO  segmented.SegmentedRaftLogWorker (SegmentedRaftLogWorker.java:run(316)) - 7a036fa1-334b-4ced-82ce-fc5b7e253290@group-D28FD509F67E-SegmentedRaftLogWorker was interrupted, exiting. There are 0 tasks remaining in the queue.
2019-10-01 13:55:26,899 [ForkJoinPool.commonPool-worker-0] INFO  segmented.SegmentedRaftLogWorker (SegmentedRaftLogWorker.java:close(224)) - 7a036fa1-334b-4ced-82ce-fc5b7e253290@group-D28FD509F67E-SegmentedRaftLogWorker close()
2019-10-01 13:55:26,901 [main] INFO  server.GrpcService (GrpcService.java:closeImpl(164)) - 7a036fa1-334b-4ced-82ce-fc5b7e253290: shutdown server with port 36394 now
2019-10-01 13:55:26,902 [main] INFO  server.GrpcService (GrpcService.java:closeImpl(172)) - 7a036fa1-334b-4ced-82ce-fc5b7e253290: shutdown server with port 36394 successfully
2019-10-01 13:55:26,907 [refreshUsed-/workdir/hadoop-ozone/integration-test/target/test-dir/MiniOzoneClusterImpl-8c479a76-a73b-4552-9aed-a64f66d42b91/datanode-5/data/containers] WARN  fs.CachingGetSpaceUsed (CachingGetSpaceUsed.java:run(183)) - Thread Interrupted waiting to refresh disk information: sleep interrupted
2019-10-01 13:55:26,929 [main] INFO  utils.BackgroundService (BackgroundService.java:shutdown(148)) - Shutting down service BlockDeletingService
2019-10-01 13:55:26,935 [main] INFO  statemachine.DatanodeStateMachine (DatanodeStateMachine.java:stopDaemon(395)) - Ozone container server stopped.
2019-10-01 13:55:26,949 [main] INFO  handler.ContextHandler (ContextHandler.java:doStop(910)) - Stopped o.e.j.w.WebAppContext@10ed037a{/,null,UNAVAILABLE}{/hddsDatanode}
2019-10-01 13:55:26,951 [main] INFO  server.AbstractConnector (AbstractConnector.java:doStop(318)) - Stopped ServerConnector@76e4212{HTTP/1.1,[http/1.1]}{0.0.0.0:0}
2019-10-01 13:55:26,952 [main] INFO  handler.ContextHandler (ContextHandler.java:doStop(910)) - Stopped o.e.j.s.ServletContextHandler@2abc55c4{/static,jar:file:/home/user/.m2/repository/org/apache/hadoop/hadoop-hdds-container-service/0.5.0-SNAPSHOT/hadoop-hdds-container-service-0.5.0-SNAPSHOT.jar!/webapps/static,UNAVAILABLE}
2019-10-01 13:55:26,952 [main] INFO  handler.ContextHandler (ContextHandler.java:doStop(910)) - Stopped o.e.j.s.ServletContextHandler@39f0c343{/logs,file:///workdir/hadoop-ozone/integration-test/target/log,UNAVAILABLE}
2019-10-01 13:55:26,954 [main] INFO  ozone.MiniOzoneClusterImpl (MiniOzoneClusterImpl.java:stopSCM(392)) - Stopping the StorageContainerManager
2019-10-01 13:55:26,954 [main] INFO  server.StorageContainerManager (StorageContainerManager.java:stop(808)) - Stopping Replication Manager Service.
2019-10-01 13:55:26,954 [main] INFO  container.ReplicationManager (ReplicationManager.java:stop(203)) - Stopping Replication Monitor Thread.
2019-10-01 13:55:26,954 [main] INFO  server.StorageContainerManager (StorageContainerManager.java:stop(815)) - Stopping Lease Manager of the command watchers
2019-10-01 13:55:26,954 [main] INFO  server.StorageContainerManager (StorageContainerManager.java:stop(822)) - Stopping datanode service RPC server
2019-10-01 13:55:26,954 [main] INFO  server.SCMDatanodeProtocolServer (SCMDatanodeProtocolServer.java:stop(367)) - Stopping the RPC server for DataNodes
2019-10-01 13:55:26,955 [main] INFO  ipc.Server (Server.java:stop(3082)) - Stopping server on 43245
2019-10-01 13:55:26,957 [IPC Server listener on 43245] INFO  ipc.Server (Server.java:run(1185)) - Stopping IPC Server listener on 43245
2019-10-01 13:55:26,959 [IPC Server Responder] INFO  ipc.Server (Server.java:run(1319)) - Stopping IPC Server Responder
2019-10-01 13:55:27,021 [SCM Heartbeat Processing Thread - 0] WARN  node.NodeStateManager (NodeStateManager.java:scheduleNextHealthCheck(646)) - Current Thread is interrupted, shutting down HB processing thread for Node Manager.
2019-10-01 13:55:27,021 [main] INFO  server.StorageContainerManager (StorageContainerManager.java:stop(830)) - Stopping block service RPC server
2019-10-01 13:55:27,022 [main] INFO  server.SCMBlockProtocolServer (SCMBlockProtocolServer.java:stop(155)) - Stopping the RPC server for Block Protocol
2019-10-01 13:55:27,022 [main] INFO  ipc.Server (Server.java:stop(3082)) - Stopping server on 43943
2019-10-01 13:55:27,024 [IPC Server listener on 43943] INFO  ipc.Server (Server.java:run(1185)) - Stopping IPC Server listener on 43943
2019-10-01 13:55:27,026 [main] INFO  server.StorageContainerManager (StorageContainerManager.java:stop(837)) - Stopping the StorageContainerLocationProtocol RPC server
2019-10-01 13:55:27,026 [main] INFO  server.SCMClientProtocolServer (SCMClientProtocolServer.java:stop(158)) - Stopping the RPC server for Client Protocol
2019-10-01 13:55:27,026 [main] INFO  ipc.Server (Server.java:stop(3082)) - Stopping server on 44576
2019-10-01 13:55:27,026 [IPC Server Responder] INFO  ipc.Server (Server.java:run(1319)) - Stopping IPC Server Responder
2019-10-01 13:55:27,029 [IPC Server listener on 44576] INFO  ipc.Server (Server.java:run(1185)) - Stopping IPC Server listener on 44576
2019-10-01 13:55:27,029 [main] INFO  server.StorageContainerManager (StorageContainerManager.java:stop(844)) - Stopping Storage Container Manager HTTP server.
2019-10-01 13:55:27,031 [IPC Server Responder] INFO  ipc.Server (Server.java:run(1319)) - Stopping IPC Server Responder
2019-10-01 13:55:27,032 [main] INFO  handler.ContextHandler (ContextHandler.java:doStop(910)) - Stopped o.e.j.w.WebAppContext@2b43f314{/,null,UNAVAILABLE}{/scm}
2019-10-01 13:55:27,032 [main] INFO  server.AbstractConnector (AbstractConnector.java:doStop(318)) - Stopped ServerConnector@3a4a5f3c{HTTP/1.1,[http/1.1]}{0.0.0.0:0}
2019-10-01 13:55:27,032 [main] INFO  handler.ContextHandler (ContextHandler.java:doStop(910)) - Stopped o.e.j.s.ServletContextHandler@51e7589f{/static,file:///workdir/hadoop-ozone/integration-test/target/test-classes/webapps/static,UNAVAILABLE}
2019-10-01 13:55:27,033 [main] INFO  handler.ContextHandler (ContextHandler.java:doStop(910)) - Stopped o.e.j.s.ServletContextHandler@33d28f0a{/logs,file:///workdir/hadoop-ozone/integration-test/target/log,UNAVAILABLE}
2019-10-01 13:55:27,034 [main] INFO  server.StorageContainerManager (StorageContainerManager.java:stop(855)) - Stopping Block Manager Service.
2019-10-01 13:55:27,034 [main] INFO  utils.BackgroundService (BackgroundService.java:shutdown(148)) - Shutting down service SCMBlockDeletingService
2019-10-01 13:55:27,034 [main] INFO  utils.BackgroundService (BackgroundService.java:shutdown(148)) - Shutting down service SCMBlockDeletingService
2019-10-01 13:55:27,035 [main] INFO  server.StorageContainerManager (StorageContainerManager.java:stop(877)) - Stopping SCM Event Queue.
2019-10-01 13:55:27,040 [main] INFO  impl.MetricsSystemImpl (MetricsSystemImpl.java:stop(210)) - Stopping HddsDatanode metrics system...
2019-10-01 13:55:27,075 [main] INFO  impl.MetricsSystemImpl (MetricsSystemImpl.java:stop(216)) - HddsDatanode metrics system stopped.
]]></system-out>
  </testcase>
  <testcase name="testFailureWithPrimeSizedData" classname="org.apache.hadoop.ozone.client.rpc.TestBlockOutputStreamWithFailures" time="35.303"/>
  <testcase name="testWatchForCommitWithCloseContainerException" classname="org.apache.hadoop.ozone.client.rpc.TestBlockOutputStreamWithFailures" time="33.624"/>
  <testcase name="testExceptionDuringClose" classname="org.apache.hadoop.ozone.client.rpc.TestBlockOutputStreamWithFailures" time="37.326"/>
</testsuite>