<?xml version="1.0" encoding="UTF-8"?>
<testsuite xmlns:xsi="http://www.w3.org/2001/XMLSchema-instance" xsi:noNamespaceSchemaLocation="https://maven.apache.org/surefire/maven-surefire-plugin/xsd/surefire-test-report.xsd" name="org.apache.hadoop.ozone.freon.TestDataValidateWithDummyContainers" time="110.012" tests="3" errors="2" skipped="0" failures="0">
  <properties>
    <property name="awt.toolkit" value="sun.awt.X11.XToolkit"/>
    <property name="file.encoding.pkg" value="sun.io"/>
    <property name="java.specification.version" value="1.8"/>
    <property name="sun.cpu.isalist" value=""/>
    <property name="sun.jnu.encoding" value="UTF-8"/>
    <property name="java.class.path" value="/workdir/hadoop-ozone/tools/target/test-classes:/workdir/hadoop-ozone/tools/target/classes:/home/user/.m2/repository/org/apache/hadoop/hadoop-ozone-ozone-manager/0.5.0-SNAPSHOT/hadoop-ozone-ozone-manager-0.5.0-SNAPSHOT.jar:/home/user/.m2/repository/org/apache/hadoop/hadoop-hdds-docs/0.5.0-SNAPSHOT/hadoop-hdds-docs-0.5.0-SNAPSHOT.jar:/home/user/.m2/repository/org/bouncycastle/bcprov-jdk15on/1.60/bcprov-jdk15on-1.60.jar:/home/user/.m2/repository/org/apache/hadoop/hadoop-ozone-common/0.5.0-SNAPSHOT/hadoop-ozone-common-0.5.0-SNAPSHOT.jar:/home/user/.m2/repository/org/apache/commons/commons-compress/1.4.1/commons-compress-1.4.1.jar:/home/user/.m2/repository/org/tukaani/xz/1.0/xz-1.0.jar:/home/user/.m2/repository/org/apache/hadoop/hadoop-hdfs-client/3.2.0/hadoop-hdfs-client-3.2.0.jar:/home/user/.m2/repository/com/fasterxml/jackson/core/jackson-annotations/2.9.9/jackson-annotations-2.9.9.jar:/home/user/.m2/repository/org/apache/hadoop/hadoop-hdds-common/0.5.0-SNAPSHOT/hadoop-hdds-common-0.5.0-SNAPSHOT.jar:/home/user/.m2/repository/org/apache/hadoop/hadoop-hdds-config/0.5.0-SNAPSHOT/hadoop-hdds-config-0.5.0-SNAPSHOT.jar:/home/user/.m2/repository/javax/annotation/javax.annotation-api/1.2/javax.annotation-api-1.2.jar:/home/user/.m2/repository/org/apache/ratis/ratis-server/0.5.0-63cd2fb-SNAPSHOT/ratis-server-0.5.0-63cd2fb-SNAPSHOT.jar:/home/user/.m2/repository/org/apache/ratis/ratis-thirdparty-misc/0.2.0/ratis-thirdparty-misc-0.2.0.jar:/home/user/.m2/repository/org/apache/ratis/ratis-proto/0.5.0-63cd2fb-SNAPSHOT/ratis-proto-0.5.0-63cd2fb-SNAPSHOT.jar:/home/user/.m2/repository/org/apache/ratis/ratis-common/0.5.0-63cd2fb-SNAPSHOT/ratis-common-0.5.0-63cd2fb-SNAPSHOT.jar:/home/user/.m2/repository/org/apache/ratis/ratis-client/0.5.0-63cd2fb-SNAPSHOT/ratis-client-0.5.0-63cd2fb-SNAPSHOT.jar:/home/user/.m2/repository/org/apache/ratis/ratis-metrics/0.5.0-63cd2fb-SNAPSHOT/ratis-metrics-0.5.0-63cd2fb-SNAPSHOT.jar:/home/user/.m2/repository/com/github/joshelser/dropwizard-metrics-hadoop-metrics2-reporter/0.1.2/dropwizard-metrics-hadoop-metrics2-reporter-0.1.2.jar:/home/user/.m2/repository/io/dropwizard/metrics/metrics-jvm/3.2.5/metrics-jvm-3.2.5.jar:/home/user/.m2/repository/io/dropwizard/metrics/metrics-ganglia/3.2.5/metrics-ganglia-3.2.5.jar:/home/user/.m2/repository/info/ganglia/gmetric4j/gmetric4j/1.0.7/gmetric4j-1.0.7.jar:/home/user/.m2/repository/org/apache/ratis/ratis-netty/0.5.0-63cd2fb-SNAPSHOT/ratis-netty-0.5.0-63cd2fb-SNAPSHOT.jar:/home/user/.m2/repository/org/apache/ratis/ratis-grpc/0.5.0-63cd2fb-SNAPSHOT/ratis-grpc-0.5.0-63cd2fb-SNAPSHOT.jar:/home/user/.m2/repository/org/rocksdb/rocksdbjni/6.0.1/rocksdbjni-6.0.1.jar:/home/user/.m2/repository/org/apache/logging/log4j/log4j-api/2.11.0/log4j-api-2.11.0.jar:/home/user/.m2/repository/org/apache/logging/log4j/log4j-core/2.11.0/log4j-core-2.11.0.jar:/home/user/.m2/repository/com/lmax/disruptor/3.4.2/disruptor-3.4.2.jar:/home/user/.m2/repository/org/apache/commons/commons-pool2/2.6.0/commons-pool2-2.6.0.jar:/home/user/.m2/repository/org/bouncycastle/bcpkix-jdk15on/1.60/bcpkix-jdk15on-1.60.jar:/home/user/.m2/repository/commons-validator/commons-validator/1.6/commons-validator-1.6.jar:/home/user/.m2/repository/commons-digester/commons-digester/1.8.1/commons-digester-1.8.1.jar:/home/user/.m2/repository/io/jaegertracing/jaeger-client/0.34.0/jaeger-client-0.34.0.jar:/home/user/.m2/repository/io/jaegertracing/jaeger-thrift/0.34.0/jaeger-thrift-0.34.0.jar:/home/user/.m2/repository/org/apache/thrift/libthrift/0.12.0/libthrift-0.12.0.jar:/home/user/.m2/repository/com/squareup/okhttp3/okhttp/3.9.0/okhttp-3.9.0.jar:/home/user/.m2/repository/com/squareup/okio/okio/1.13.0/okio-1.13.0.jar:/home/user/.m2/repository/io/jaegertracing/jaeger-core/0.34.0/jaeger-core-0.34.0.jar:/home/user/.m2/repository/io/jaegertracing/jaeger-tracerresolver/0.34.0/jaeger-tracerresolver-0.34.0.jar:/home/user/.m2/repository/io/opentracing/contrib/opentracing-tracerresolver/0.1.5/opentracing-tracerresolver-0.1.5.jar:/home/user/.m2/repository/io/opentracing/opentracing-util/0.31.0/opentracing-util-0.31.0.jar:/home/user/.m2/repository/io/opentracing/opentracing-api/0.31.0/opentracing-api-0.31.0.jar:/home/user/.m2/repository/io/opentracing/opentracing-noop/0.31.0/opentracing-noop-0.31.0.jar:/home/user/.m2/repository/org/yaml/snakeyaml/1.16/snakeyaml-1.16.jar:/home/user/.m2/repository/org/apache/hadoop/hadoop-hdds-container-service/0.5.0-SNAPSHOT/hadoop-hdds-container-service-0.5.0-SNAPSHOT.jar:/home/user/.m2/repository/org/apache/hadoop/hadoop-hdds-client/0.5.0-SNAPSHOT/hadoop-hdds-client-0.5.0-SNAPSHOT.jar:/home/user/.m2/repository/org/apache/hadoop/hadoop-hdds-tools/0.5.0-SNAPSHOT/hadoop-hdds-tools-0.5.0-SNAPSHOT.jar:/home/user/.m2/repository/org/xerial/sqlite-jdbc/3.25.2/sqlite-jdbc-3.25.2.jar:/home/user/.m2/repository/org/apache/hadoop/hadoop-hdds-server-scm/0.5.0-SNAPSHOT/hadoop-hdds-server-scm-0.5.0-SNAPSHOT.jar:/home/user/.m2/repository/org/hamcrest/hamcrest-all/1.3/hamcrest-all-1.3.jar:/home/user/.m2/repository/info/picocli/picocli/3.9.6/picocli-3.9.6.jar:/home/user/.m2/repository/com/google/protobuf/protobuf-java/2.5.0/protobuf-java-2.5.0.jar:/home/user/.m2/repository/com/google/guava/guava/11.0.2/guava-11.0.2.jar:/home/user/.m2/repository/org/apache/hadoop/hadoop-ozone-client/0.5.0-SNAPSHOT/hadoop-ozone-client-0.5.0-SNAPSHOT.jar:/workdir/hadoop-ozone/ozonefs/target/classes:/home/user/.m2/repository/org/apache/httpcomponents/httpclient/4.5.2/httpclient-4.5.2.jar:/home/user/.m2/repository/org/apache/httpcomponents/httpcore/4.4.4/httpcore-4.4.4.jar:/home/user/.m2/repository/org/apache/hadoop/hadoop-hdds-server-framework/0.5.0-SNAPSHOT/hadoop-hdds-server-framework-0.5.0-SNAPSHOT.jar:/home/user/.m2/repository/org/apache/hadoop/hadoop-common/3.2.0/hadoop-common-3.2.0.jar:/home/user/.m2/repository/org/apache/hadoop/hadoop-annotations/3.2.0/hadoop-annotations-3.2.0.jar:/usr/lib/jvm/java-1.8-openjdk/jre/../lib/tools.jar:/home/user/.m2/repository/commons-cli/commons-cli/1.2/commons-cli-1.2.jar:/home/user/.m2/repository/org/apache/commons/commons-math3/3.1.1/commons-math3-3.1.1.jar:/home/user/.m2/repository/commons-codec/commons-codec/1.11/commons-codec-1.11.jar:/home/user/.m2/repository/commons-io/commons-io/2.5/commons-io-2.5.jar:/home/user/.m2/repository/commons-net/commons-net/3.6/commons-net-3.6.jar:/home/user/.m2/repository/commons-collections/commons-collections/3.2.2/commons-collections-3.2.2.jar:/home/user/.m2/repository/javax/servlet/javax.servlet-api/3.1.0/javax.servlet-api-3.1.0.jar:/home/user/.m2/repository/org/eclipse/jetty/jetty-server/9.3.25.v20180904/jetty-server-9.3.25.v20180904.jar:/home/user/.m2/repository/org/eclipse/jetty/jetty-http/9.3.25.v20180904/jetty-http-9.3.25.v20180904.jar:/home/user/.m2/repository/org/eclipse/jetty/jetty-io/9.3.25.v20180904/jetty-io-9.3.25.v20180904.jar:/home/user/.m2/repository/org/eclipse/jetty/jetty-util/9.3.25.v20180904/jetty-util-9.3.25.v20180904.jar:/home/user/.m2/repository/org/eclipse/jetty/jetty-servlet/9.3.25.v20180904/jetty-servlet-9.3.25.v20180904.jar:/home/user/.m2/repository/org/eclipse/jetty/jetty-security/9.3.25.v20180904/jetty-security-9.3.25.v20180904.jar:/home/user/.m2/repository/org/eclipse/jetty/jetty-webapp/9.3.25.v20180904/jetty-webapp-9.3.25.v20180904.jar:/home/user/.m2/repository/org/eclipse/jetty/jetty-xml/9.3.25.v20180904/jetty-xml-9.3.25.v20180904.jar:/home/user/.m2/repository/javax/servlet/jsp/jsp-api/2.1/jsp-api-2.1.jar:/home/user/.m2/repository/com/sun/jersey/jersey-core/1.19/jersey-core-1.19.jar:/home/user/.m2/repository/javax/ws/rs/jsr311-api/1.1.1/jsr311-api-1.1.1.jar:/home/user/.m2/repository/com/sun/jersey/jersey-servlet/1.19/jersey-servlet-1.19.jar:/home/user/.m2/repository/com/sun/jersey/jersey-json/1.19/jersey-json-1.19.jar:/home/user/.m2/repository/org/codehaus/jettison/jettison/1.1/jettison-1.1.jar:/home/user/.m2/repository/com/sun/xml/bind/jaxb-impl/2.3.0.1/jaxb-impl-2.3.0.1.jar:/home/user/.m2/repository/org/codehaus/jackson/jackson-core-asl/1.9.13/jackson-core-asl-1.9.13.jar:/home/user/.m2/repository/org/codehaus/jackson/jackson-mapper-asl/1.9.13/jackson-mapper-asl-1.9.13.jar:/home/user/.m2/repository/org/codehaus/jackson/jackson-jaxrs/1.9.13/jackson-jaxrs-1.9.13.jar:/home/user/.m2/repository/org/codehaus/jackson/jackson-xc/1.9.13/jackson-xc-1.9.13.jar:/home/user/.m2/repository/com/sun/jersey/jersey-server/1.19/jersey-server-1.19.jar:/home/user/.m2/repository/commons-logging/commons-logging/1.1.3/commons-logging-1.1.3.jar:/home/user/.m2/repository/log4j/log4j/1.2.17/log4j-1.2.17.jar:/home/user/.m2/repository/commons-beanutils/commons-beanutils/1.9.4/commons-beanutils-1.9.4.jar:/home/user/.m2/repository/org/apache/commons/commons-configuration2/2.1.1/commons-configuration2-2.1.1.jar:/home/user/.m2/repository/org/apache/commons/commons-lang3/3.7/commons-lang3-3.7.jar:/home/user/.m2/repository/org/apache/commons/commons-text/1.4/commons-text-1.4.jar:/home/user/.m2/repository/org/slf4j/slf4j-api/1.7.25/slf4j-api-1.7.25.jar:/home/user/.m2/repository/org/slf4j/slf4j-log4j12/1.7.25/slf4j-log4j12-1.7.25.jar:/home/user/.m2/repository/org/apache/avro/avro/1.7.7/avro-1.7.7.jar:/home/user/.m2/repository/com/thoughtworks/paranamer/paranamer/2.3/paranamer-2.3.jar:/home/user/.m2/repository/org/xerial/snappy/snappy-java/1.0.5/snappy-java-1.0.5.jar:/home/user/.m2/repository/com/google/re2j/re2j/1.1/re2j-1.1.jar:/home/user/.m2/repository/com/google/code/gson/gson/2.2.4/gson-2.2.4.jar:/home/user/.m2/repository/org/apache/hadoop/hadoop-auth/3.2.0/hadoop-auth-3.2.0.jar:/home/user/.m2/repository/com/nimbusds/nimbus-jose-jwt/4.41.1/nimbus-jose-jwt-4.41.1.jar:/home/user/.m2/repository/com/github/stephenc/jcip/jcip-annotations/1.0-1/jcip-annotations-1.0-1.jar:/home/user/.m2/repository/net/minidev/json-smart/2.3/json-smart-2.3.jar:/home/user/.m2/repository/net/minidev/accessors-smart/1.2/accessors-smart-1.2.jar:/home/user/.m2/repository/org/apache/curator/curator-framework/2.12.0/curator-framework-2.12.0.jar:/home/user/.m2/repository/com/jcraft/jsch/0.1.54/jsch-0.1.54.jar:/home/user/.m2/repository/org/apache/curator/curator-client/2.12.0/curator-client-2.12.0.jar:/home/user/.m2/repository/org/apache/curator/curator-recipes/2.12.0/curator-recipes-2.12.0.jar:/home/user/.m2/repository/com/google/code/findbugs/jsr305/3.0.0/jsr305-3.0.0.jar:/home/user/.m2/repository/org/apache/htrace/htrace-core4/4.1.0-incubating/htrace-core4-4.1.0-incubating.jar:/home/user/.m2/repository/org/apache/zookeeper/zookeeper/3.4.13/zookeeper-3.4.13.jar:/home/user/.m2/repository/jline/jline/0.9.94/jline-0.9.94.jar:/home/user/.m2/repository/org/apache/yetus/audience-annotations/0.5.0/audience-annotations-0.5.0.jar:/home/user/.m2/repository/org/apache/kerby/kerb-simplekdc/1.0.1/kerb-simplekdc-1.0.1.jar:/home/user/.m2/repository/org/apache/kerby/kerb-client/1.0.1/kerb-client-1.0.1.jar:/home/user/.m2/repository/org/apache/kerby/kerby-config/1.0.1/kerby-config-1.0.1.jar:/home/user/.m2/repository/org/apache/kerby/kerb-core/1.0.1/kerb-core-1.0.1.jar:/home/user/.m2/repository/org/apache/kerby/kerby-pkix/1.0.1/kerby-pkix-1.0.1.jar:/home/user/.m2/repository/org/apache/kerby/kerby-asn1/1.0.1/kerby-asn1-1.0.1.jar:/home/user/.m2/repository/org/apache/kerby/kerby-util/1.0.1/kerby-util-1.0.1.jar:/home/user/.m2/repository/org/apache/kerby/kerb-common/1.0.1/kerb-common-1.0.1.jar:/home/user/.m2/repository/org/apache/kerby/kerb-crypto/1.0.1/kerb-crypto-1.0.1.jar:/home/user/.m2/repository/org/apache/kerby/kerb-util/1.0.1/kerb-util-1.0.1.jar:/home/user/.m2/repository/org/apache/kerby/token-provider/1.0.1/token-provider-1.0.1.jar:/home/user/.m2/repository/org/apache/kerby/kerb-admin/1.0.1/kerb-admin-1.0.1.jar:/home/user/.m2/repository/org/apache/kerby/kerb-server/1.0.1/kerb-server-1.0.1.jar:/home/user/.m2/repository/org/apache/kerby/kerb-identity/1.0.1/kerb-identity-1.0.1.jar:/home/user/.m2/repository/org/apache/kerby/kerby-xdr/1.0.1/kerby-xdr-1.0.1.jar:/home/user/.m2/repository/com/fasterxml/jackson/core/jackson-databind/2.9.9/jackson-databind-2.9.9.jar:/home/user/.m2/repository/com/fasterxml/jackson/core/jackson-core/2.9.9/jackson-core-2.9.9.jar:/home/user/.m2/repository/org/codehaus/woodstox/stax2-api/3.1.4/stax2-api-3.1.4.jar:/home/user/.m2/repository/com/fasterxml/woodstox/woodstox-core/5.0.3/woodstox-core-5.0.3.jar:/home/user/.m2/repository/dnsjava/dnsjava/2.1.7/dnsjava-2.1.7.jar:/home/user/.m2/repository/org/apache/hadoop/hadoop-hdfs/3.2.0/hadoop-hdfs-3.2.0.jar:/home/user/.m2/repository/org/eclipse/jetty/jetty-util-ajax/9.3.25.v20180904/jetty-util-ajax-9.3.25.v20180904.jar:/home/user/.m2/repository/commons-daemon/commons-daemon/1.0.13/commons-daemon-1.0.13.jar:/home/user/.m2/repository/io/netty/netty/3.10.5.Final/netty-3.10.5.Final.jar:/home/user/.m2/repository/io/netty/netty-all/4.0.52.Final/netty-all-4.0.52.Final.jar:/home/user/.m2/repository/org/fusesource/leveldbjni/leveldbjni-all/1.8/leveldbjni-all-1.8.jar:/home/user/.m2/repository/com/sun/xml/bind/jaxb-core/2.3.0.1/jaxb-core-2.3.0.1.jar:/home/user/.m2/repository/javax/xml/bind/jaxb-api/2.3.0/jaxb-api-2.3.0.jar:/home/user/.m2/repository/javax/activation/activation/1.1.1/activation-1.1.1.jar:/home/user/.m2/repository/io/dropwizard/metrics/metrics-core/3.2.4/metrics-core-3.2.4.jar:/home/user/.m2/repository/org/openjdk/jmh/jmh-core/1.19/jmh-core-1.19.jar:/home/user/.m2/repository/net/sf/jopt-simple/jopt-simple/4.6/jopt-simple-4.6.jar:/home/user/.m2/repository/org/openjdk/jmh/jmh-generator-annprocess/1.19/jmh-generator-annprocess-1.19.jar:/home/user/.m2/repository/com/amazonaws/aws-java-sdk-s3/1.11.615/aws-java-sdk-s3-1.11.615.jar:/home/user/.m2/repository/com/amazonaws/aws-java-sdk-kms/1.11.615/aws-java-sdk-kms-1.11.615.jar:/home/user/.m2/repository/com/amazonaws/aws-java-sdk-core/1.11.615/aws-java-sdk-core-1.11.615.jar:/home/user/.m2/repository/software/amazon/ion/ion-java/1.0.2/ion-java-1.0.2.jar:/home/user/.m2/repository/com/fasterxml/jackson/dataformat/jackson-dataformat-cbor/2.9.9/jackson-dataformat-cbor-2.9.9.jar:/home/user/.m2/repository/joda-time/joda-time/2.9.9/joda-time-2.9.9.jar:/home/user/.m2/repository/com/amazonaws/jmespath-java/1.11.615/jmespath-java-1.11.615.jar:/home/user/.m2/repository/com/github/spotbugs/spotbugs/3.1.12/spotbugs-3.1.12.jar:/home/user/.m2/repository/org/ow2/asm/asm/5.0.4/asm-5.0.4.jar:/home/user/.m2/repository/org/ow2/asm/asm-analysis/7.0/asm-analysis-7.0.jar:/home/user/.m2/repository/org/ow2/asm/asm-commons/7.0/asm-commons-7.0.jar:/home/user/.m2/repository/org/ow2/asm/asm-tree/7.0/asm-tree-7.0.jar:/home/user/.m2/repository/org/ow2/asm/asm-util/7.0/asm-util-7.0.jar:/home/user/.m2/repository/org/apache/bcel/bcel/6.3/bcel-6.3.jar:/home/user/.m2/repository/net/jcip/jcip-annotations/1.0/jcip-annotations-1.0.jar:/home/user/.m2/repository/org/dom4j/dom4j/2.1.1/dom4j-2.1.1.jar:/home/user/.m2/repository/jaxen/jaxen/1.1.6/jaxen-1.1.6.jar:/home/user/.m2/repository/commons-lang/commons-lang/2.6/commons-lang-2.6.jar:/home/user/.m2/repository/com/github/spotbugs/spotbugs-annotations/3.1.12/spotbugs-annotations-3.1.12.jar:/home/user/.m2/repository/junit/junit/4.11/junit-4.11.jar:/home/user/.m2/repository/org/hamcrest/hamcrest-core/1.3/hamcrest-core-1.3.jar:/home/user/.m2/repository/org/apache/hadoop/hadoop-common/3.2.0/hadoop-common-3.2.0-tests.jar:/workdir/hadoop-ozone/integration-test/target/test-classes:/home/user/.m2/repository/org/apache/hadoop/hadoop-ozone-s3gateway/0.5.0-SNAPSHOT/hadoop-ozone-s3gateway-0.5.0-SNAPSHOT.jar:/home/user/.m2/repository/org/jboss/weld/servlet/weld-servlet/2.4.7.Final/weld-servlet-2.4.7.Final.jar:/home/user/.m2/repository/org/glassfish/jersey/containers/jersey-container-servlet-core/2.27/jersey-container-servlet-core-2.27.jar:/home/user/.m2/repository/org/glassfish/hk2/external/javax.inject/2.5.0-b42/javax.inject-2.5.0-b42.jar:/home/user/.m2/repository/org/glassfish/jersey/core/jersey-common/2.27/jersey-common-2.27.jar:/home/user/.m2/repository/org/glassfish/hk2/osgi-resource-locator/1.0.1/osgi-resource-locator-1.0.1.jar:/home/user/.m2/repository/javax/ws/rs/javax.ws.rs-api/2.1/javax.ws.rs-api-2.1.jar:/home/user/.m2/repository/org/glassfish/jersey/ext/cdi/jersey-cdi1x/2.27/jersey-cdi1x-2.27.jar:/home/user/.m2/repository/org/glassfish/jersey/inject/jersey-hk2/2.27/jersey-hk2-2.27.jar:/home/user/.m2/repository/org/glassfish/hk2/hk2-locator/2.5.0-b42/hk2-locator-2.5.0-b42.jar:/home/user/.m2/repository/org/javassist/javassist/3.22.0-CR2/javassist-3.22.0-CR2.jar:/home/user/.m2/repository/org/glassfish/hk2/hk2-api/2.5.0/hk2-api-2.5.0.jar:/home/user/.m2/repository/org/glassfish/hk2/external/jakarta.inject/2.5.0/jakarta.inject-2.5.0.jar:/home/user/.m2/repository/org/glassfish/hk2/hk2-utils/2.5.0/hk2-utils-2.5.0.jar:/home/user/.m2/repository/jakarta/annotation/jakarta.annotation-api/1.3.4/jakarta.annotation-api-1.3.4.jar:/home/user/.m2/repository/org/glassfish/hk2/external/aopalliance-repackaged/2.5.0/aopalliance-repackaged-2.5.0.jar:/home/user/.m2/repository/com/fasterxml/jackson/dataformat/jackson-dataformat-xml/2.9.0/jackson-dataformat-xml-2.9.0.jar:/home/user/.m2/repository/com/fasterxml/jackson/module/jackson-module-jaxb-annotations/2.9.9/jackson-module-jaxb-annotations-2.9.9.jar:/home/user/.m2/repository/javax/enterprise/cdi-api/1.2/cdi-api-1.2.jar:/home/user/.m2/repository/javax/el/javax.el-api/3.0.0/javax.el-api-3.0.0.jar:/home/user/.m2/repository/javax/interceptor/javax.interceptor-api/1.2/javax.interceptor-api-1.2.jar:/home/user/.m2/repository/javax/inject/javax.inject/1/javax.inject-1.jar:/home/user/.m2/repository/org/apache/hadoop/hadoop-ozone-csi/0.5.0-SNAPSHOT/hadoop-ozone-csi-0.5.0-SNAPSHOT.jar:/home/user/.m2/repository/com/google/protobuf/protobuf-java-util/3.5.1/protobuf-java-util-3.5.1.jar:/home/user/.m2/repository/io/grpc/grpc-netty/1.17.1/grpc-netty-1.17.1.jar:/home/user/.m2/repository/io/grpc/grpc-core/1.17.1/grpc-core-1.17.1.jar:/home/user/.m2/repository/io/grpc/grpc-context/1.17.1/grpc-context-1.17.1.jar:/home/user/.m2/repository/com/google/errorprone/error_prone_annotations/2.2.0/error_prone_annotations-2.2.0.jar:/home/user/.m2/repository/org/codehaus/mojo/animal-sniffer-annotations/1.17/animal-sniffer-annotations-1.17.jar:/home/user/.m2/repository/io/opencensus/opencensus-api/0.17.0/opencensus-api-0.17.0.jar:/home/user/.m2/repository/io/opencensus/opencensus-contrib-grpc-metrics/0.17.0/opencensus-contrib-grpc-metrics-0.17.0.jar:/home/user/.m2/repository/io/netty/netty-codec-http2/4.1.30.Final/netty-codec-http2-4.1.30.Final.jar:/home/user/.m2/repository/io/netty/netty-codec-http/4.1.30.Final/netty-codec-http-4.1.30.Final.jar:/home/user/.m2/repository/io/netty/netty-codec/4.1.30.Final/netty-codec-4.1.30.Final.jar:/home/user/.m2/repository/io/netty/netty-handler/4.1.30.Final/netty-handler-4.1.30.Final.jar:/home/user/.m2/repository/io/netty/netty-handler-proxy/4.1.30.Final/netty-handler-proxy-4.1.30.Final.jar:/home/user/.m2/repository/io/netty/netty-codec-socks/4.1.30.Final/netty-codec-socks-4.1.30.Final.jar:/home/user/.m2/repository/io/netty/netty-transport-native-epoll/4.1.30.Final/netty-transport-native-epoll-4.1.30.Final.jar:/home/user/.m2/repository/io/netty/netty-common/4.1.30.Final/netty-common-4.1.30.Final.jar:/home/user/.m2/repository/io/netty/netty-buffer/4.1.30.Final/netty-buffer-4.1.30.Final.jar:/home/user/.m2/repository/io/netty/netty-transport/4.1.30.Final/netty-transport-4.1.30.Final.jar:/home/user/.m2/repository/io/netty/netty-resolver/4.1.30.Final/netty-resolver-4.1.30.Final.jar:/home/user/.m2/repository/io/netty/netty-transport-native-unix-common/4.1.30.Final/netty-transport-native-unix-common-4.1.30.Final.jar:/home/user/.m2/repository/io/grpc/grpc-protobuf/1.17.1/grpc-protobuf-1.17.1.jar:/home/user/.m2/repository/com/google/api/grpc/proto-google-common-protos/1.0.0/proto-google-common-protos-1.0.0.jar:/home/user/.m2/repository/io/grpc/grpc-protobuf-lite/1.17.1/grpc-protobuf-lite-1.17.1.jar:/home/user/.m2/repository/io/grpc/grpc-stub/1.17.1/grpc-stub-1.17.1.jar:/home/user/.m2/repository/org/apache/hadoop/hadoop-ozone-recon/0.5.0-SNAPSHOT/hadoop-ozone-recon-0.5.0-SNAPSHOT.jar:/home/user/.m2/repository/org/apache/hadoop/hadoop-ozone-reconcodegen/0.5.0-SNAPSHOT/hadoop-ozone-reconcodegen-0.5.0-SNAPSHOT.jar:/home/user/.m2/repository/com/google/inject/extensions/guice-multibindings/4.0/guice-multibindings-4.0.jar:/home/user/.m2/repository/com/google/inject/guice/4.0/guice-4.0.jar:/home/user/.m2/repository/aopalliance/aopalliance/1.0/aopalliance-1.0.jar:/home/user/.m2/repository/com/google/inject/extensions/guice-servlet/4.0/guice-servlet-4.0.jar:/home/user/.m2/repository/org/glassfish/jersey/containers/jersey-container-servlet/2.27/jersey-container-servlet-2.27.jar:/home/user/.m2/repository/org/glassfish/hk2/guice-bridge/2.5.0/guice-bridge-2.5.0.jar:/home/user/.m2/repository/org/glassfish/jersey/core/jersey-server/2.27/jersey-server-2.27.jar:/home/user/.m2/repository/org/glassfish/jersey/core/jersey-client/2.27/jersey-client-2.27.jar:/home/user/.m2/repository/org/glassfish/jersey/media/jersey-media-jaxb/2.27/jersey-media-jaxb-2.27.jar:/home/user/.m2/repository/javax/validation/validation-api/1.1.0.Final/validation-api-1.1.0.Final.jar:/home/user/.m2/repository/org/glassfish/jersey/media/jersey-media-json-jackson/2.27/jersey-media-json-jackson-2.27.jar:/home/user/.m2/repository/org/glassfish/jersey/ext/jersey-entity-filtering/2.27/jersey-entity-filtering-2.27.jar:/home/user/.m2/repository/com/google/inject/extensions/guice-assistedinject/4.0/guice-assistedinject-4.0.jar:/home/user/.m2/repository/org/jooq/jooq/3.11.10/jooq-3.11.10.jar:/home/user/.m2/repository/org/jooq/jooq-meta/3.11.10/jooq-meta-3.11.10.jar:/home/user/.m2/repository/org/jooq/jooq-codegen/3.11.10/jooq-codegen-3.11.10.jar:/home/user/.m2/repository/com/jolbox/bonecp/0.8.0.RELEASE/bonecp-0.8.0.RELEASE.jar:/home/user/.m2/repository/org/springframework/spring-jdbc/5.1.3.RELEASE/spring-jdbc-5.1.3.RELEASE.jar:/home/user/.m2/repository/org/springframework/spring-beans/5.1.3.RELEASE/spring-beans-5.1.3.RELEASE.jar:/home/user/.m2/repository/org/springframework/spring-core/5.1.3.RELEASE/spring-core-5.1.3.RELEASE.jar:/home/user/.m2/repository/org/springframework/spring-jcl/5.1.3.RELEASE/spring-jcl-5.1.3.RELEASE.jar:/home/user/.m2/repository/org/springframework/spring-tx/5.1.3.RELEASE/spring-tx-5.1.3.RELEASE.jar:/home/user/.m2/repository/org/mockito/mockito-core/2.15.0/mockito-core-2.15.0.jar:/home/user/.m2/repository/net/bytebuddy/byte-buddy/1.7.9/byte-buddy-1.7.9.jar:/home/user/.m2/repository/net/bytebuddy/byte-buddy-agent/1.7.9/byte-buddy-agent-1.7.9.jar:/home/user/.m2/repository/org/objenesis/objenesis/1.0/objenesis-1.0.jar:"/>
    <property name="java.vm.vendor" value="IcedTea"/>
    <property name="sun.arch.data.model" value="64"/>
    <property name="test.build.dir" value="/workdir/hadoop-ozone/tools/target/test-dir"/>
    <property name="test.cache.data" value=""/>
    <property name="java.vendor.url" value="https://icedtea.classpath.org"/>
    <property name="user.timezone" value=""/>
    <property name="java.vm.specification.version" value="1.8"/>
    <property name="os.name" value="Linux"/>
    <property name="test.build.data" value="/workdir/hadoop-ozone/tools/target/test-dir"/>
    <property name="user.country" value="US"/>
    <property name="sun.java.launcher" value="SUN_STANDARD"/>
    <property name="sun.boot.library.path" value="/usr/lib/jvm/java-1.8-openjdk/jre/lib/amd64"/>
    <property name="sun.java.command" value="/workdir/hadoop-ozone/tools/target/surefire/surefirebooter6934363516966499592.jar /workdir/hadoop-ozone/tools/target/surefire 2019-10-09T21-39-32_910-jvmRun1 surefire1294469897268397399tmp surefire_1167033862170772341705tmp"/>
    <property name="test" value="!TestMiniChaosOzoneCluster"/>
    <property name="surefire.test.class.path" value="/workdir/hadoop-ozone/tools/target/test-classes:/workdir/hadoop-ozone/tools/target/classes:/home/user/.m2/repository/org/apache/hadoop/hadoop-ozone-ozone-manager/0.5.0-SNAPSHOT/hadoop-ozone-ozone-manager-0.5.0-SNAPSHOT.jar:/home/user/.m2/repository/org/apache/hadoop/hadoop-hdds-docs/0.5.0-SNAPSHOT/hadoop-hdds-docs-0.5.0-SNAPSHOT.jar:/home/user/.m2/repository/org/bouncycastle/bcprov-jdk15on/1.60/bcprov-jdk15on-1.60.jar:/home/user/.m2/repository/org/apache/hadoop/hadoop-ozone-common/0.5.0-SNAPSHOT/hadoop-ozone-common-0.5.0-SNAPSHOT.jar:/home/user/.m2/repository/org/apache/commons/commons-compress/1.4.1/commons-compress-1.4.1.jar:/home/user/.m2/repository/org/tukaani/xz/1.0/xz-1.0.jar:/home/user/.m2/repository/org/apache/hadoop/hadoop-hdfs-client/3.2.0/hadoop-hdfs-client-3.2.0.jar:/home/user/.m2/repository/com/fasterxml/jackson/core/jackson-annotations/2.9.9/jackson-annotations-2.9.9.jar:/home/user/.m2/repository/org/apache/hadoop/hadoop-hdds-common/0.5.0-SNAPSHOT/hadoop-hdds-common-0.5.0-SNAPSHOT.jar:/home/user/.m2/repository/org/apache/hadoop/hadoop-hdds-config/0.5.0-SNAPSHOT/hadoop-hdds-config-0.5.0-SNAPSHOT.jar:/home/user/.m2/repository/javax/annotation/javax.annotation-api/1.2/javax.annotation-api-1.2.jar:/home/user/.m2/repository/org/apache/ratis/ratis-server/0.5.0-63cd2fb-SNAPSHOT/ratis-server-0.5.0-63cd2fb-SNAPSHOT.jar:/home/user/.m2/repository/org/apache/ratis/ratis-thirdparty-misc/0.2.0/ratis-thirdparty-misc-0.2.0.jar:/home/user/.m2/repository/org/apache/ratis/ratis-proto/0.5.0-63cd2fb-SNAPSHOT/ratis-proto-0.5.0-63cd2fb-SNAPSHOT.jar:/home/user/.m2/repository/org/apache/ratis/ratis-common/0.5.0-63cd2fb-SNAPSHOT/ratis-common-0.5.0-63cd2fb-SNAPSHOT.jar:/home/user/.m2/repository/org/apache/ratis/ratis-client/0.5.0-63cd2fb-SNAPSHOT/ratis-client-0.5.0-63cd2fb-SNAPSHOT.jar:/home/user/.m2/repository/org/apache/ratis/ratis-metrics/0.5.0-63cd2fb-SNAPSHOT/ratis-metrics-0.5.0-63cd2fb-SNAPSHOT.jar:/home/user/.m2/repository/com/github/joshelser/dropwizard-metrics-hadoop-metrics2-reporter/0.1.2/dropwizard-metrics-hadoop-metrics2-reporter-0.1.2.jar:/home/user/.m2/repository/io/dropwizard/metrics/metrics-jvm/3.2.5/metrics-jvm-3.2.5.jar:/home/user/.m2/repository/io/dropwizard/metrics/metrics-ganglia/3.2.5/metrics-ganglia-3.2.5.jar:/home/user/.m2/repository/info/ganglia/gmetric4j/gmetric4j/1.0.7/gmetric4j-1.0.7.jar:/home/user/.m2/repository/org/apache/ratis/ratis-netty/0.5.0-63cd2fb-SNAPSHOT/ratis-netty-0.5.0-63cd2fb-SNAPSHOT.jar:/home/user/.m2/repository/org/apache/ratis/ratis-grpc/0.5.0-63cd2fb-SNAPSHOT/ratis-grpc-0.5.0-63cd2fb-SNAPSHOT.jar:/home/user/.m2/repository/org/rocksdb/rocksdbjni/6.0.1/rocksdbjni-6.0.1.jar:/home/user/.m2/repository/org/apache/logging/log4j/log4j-api/2.11.0/log4j-api-2.11.0.jar:/home/user/.m2/repository/org/apache/logging/log4j/log4j-core/2.11.0/log4j-core-2.11.0.jar:/home/user/.m2/repository/com/lmax/disruptor/3.4.2/disruptor-3.4.2.jar:/home/user/.m2/repository/org/apache/commons/commons-pool2/2.6.0/commons-pool2-2.6.0.jar:/home/user/.m2/repository/org/bouncycastle/bcpkix-jdk15on/1.60/bcpkix-jdk15on-1.60.jar:/home/user/.m2/repository/commons-validator/commons-validator/1.6/commons-validator-1.6.jar:/home/user/.m2/repository/commons-digester/commons-digester/1.8.1/commons-digester-1.8.1.jar:/home/user/.m2/repository/io/jaegertracing/jaeger-client/0.34.0/jaeger-client-0.34.0.jar:/home/user/.m2/repository/io/jaegertracing/jaeger-thrift/0.34.0/jaeger-thrift-0.34.0.jar:/home/user/.m2/repository/org/apache/thrift/libthrift/0.12.0/libthrift-0.12.0.jar:/home/user/.m2/repository/com/squareup/okhttp3/okhttp/3.9.0/okhttp-3.9.0.jar:/home/user/.m2/repository/com/squareup/okio/okio/1.13.0/okio-1.13.0.jar:/home/user/.m2/repository/io/jaegertracing/jaeger-core/0.34.0/jaeger-core-0.34.0.jar:/home/user/.m2/repository/io/jaegertracing/jaeger-tracerresolver/0.34.0/jaeger-tracerresolver-0.34.0.jar:/home/user/.m2/repository/io/opentracing/contrib/opentracing-tracerresolver/0.1.5/opentracing-tracerresolver-0.1.5.jar:/home/user/.m2/repository/io/opentracing/opentracing-util/0.31.0/opentracing-util-0.31.0.jar:/home/user/.m2/repository/io/opentracing/opentracing-api/0.31.0/opentracing-api-0.31.0.jar:/home/user/.m2/repository/io/opentracing/opentracing-noop/0.31.0/opentracing-noop-0.31.0.jar:/home/user/.m2/repository/org/yaml/snakeyaml/1.16/snakeyaml-1.16.jar:/home/user/.m2/repository/org/apache/hadoop/hadoop-hdds-container-service/0.5.0-SNAPSHOT/hadoop-hdds-container-service-0.5.0-SNAPSHOT.jar:/home/user/.m2/repository/org/apache/hadoop/hadoop-hdds-client/0.5.0-SNAPSHOT/hadoop-hdds-client-0.5.0-SNAPSHOT.jar:/home/user/.m2/repository/org/apache/hadoop/hadoop-hdds-tools/0.5.0-SNAPSHOT/hadoop-hdds-tools-0.5.0-SNAPSHOT.jar:/home/user/.m2/repository/org/xerial/sqlite-jdbc/3.25.2/sqlite-jdbc-3.25.2.jar:/home/user/.m2/repository/org/apache/hadoop/hadoop-hdds-server-scm/0.5.0-SNAPSHOT/hadoop-hdds-server-scm-0.5.0-SNAPSHOT.jar:/home/user/.m2/repository/org/hamcrest/hamcrest-all/1.3/hamcrest-all-1.3.jar:/home/user/.m2/repository/info/picocli/picocli/3.9.6/picocli-3.9.6.jar:/home/user/.m2/repository/com/google/protobuf/protobuf-java/2.5.0/protobuf-java-2.5.0.jar:/home/user/.m2/repository/com/google/guava/guava/11.0.2/guava-11.0.2.jar:/home/user/.m2/repository/org/apache/hadoop/hadoop-ozone-client/0.5.0-SNAPSHOT/hadoop-ozone-client-0.5.0-SNAPSHOT.jar:/workdir/hadoop-ozone/ozonefs/target/classes:/home/user/.m2/repository/org/apache/httpcomponents/httpclient/4.5.2/httpclient-4.5.2.jar:/home/user/.m2/repository/org/apache/httpcomponents/httpcore/4.4.4/httpcore-4.4.4.jar:/home/user/.m2/repository/org/apache/hadoop/hadoop-hdds-server-framework/0.5.0-SNAPSHOT/hadoop-hdds-server-framework-0.5.0-SNAPSHOT.jar:/home/user/.m2/repository/org/apache/hadoop/hadoop-common/3.2.0/hadoop-common-3.2.0.jar:/home/user/.m2/repository/org/apache/hadoop/hadoop-annotations/3.2.0/hadoop-annotations-3.2.0.jar:/usr/lib/jvm/java-1.8-openjdk/jre/../lib/tools.jar:/home/user/.m2/repository/commons-cli/commons-cli/1.2/commons-cli-1.2.jar:/home/user/.m2/repository/org/apache/commons/commons-math3/3.1.1/commons-math3-3.1.1.jar:/home/user/.m2/repository/commons-codec/commons-codec/1.11/commons-codec-1.11.jar:/home/user/.m2/repository/commons-io/commons-io/2.5/commons-io-2.5.jar:/home/user/.m2/repository/commons-net/commons-net/3.6/commons-net-3.6.jar:/home/user/.m2/repository/commons-collections/commons-collections/3.2.2/commons-collections-3.2.2.jar:/home/user/.m2/repository/javax/servlet/javax.servlet-api/3.1.0/javax.servlet-api-3.1.0.jar:/home/user/.m2/repository/org/eclipse/jetty/jetty-server/9.3.25.v20180904/jetty-server-9.3.25.v20180904.jar:/home/user/.m2/repository/org/eclipse/jetty/jetty-http/9.3.25.v20180904/jetty-http-9.3.25.v20180904.jar:/home/user/.m2/repository/org/eclipse/jetty/jetty-io/9.3.25.v20180904/jetty-io-9.3.25.v20180904.jar:/home/user/.m2/repository/org/eclipse/jetty/jetty-util/9.3.25.v20180904/jetty-util-9.3.25.v20180904.jar:/home/user/.m2/repository/org/eclipse/jetty/jetty-servlet/9.3.25.v20180904/jetty-servlet-9.3.25.v20180904.jar:/home/user/.m2/repository/org/eclipse/jetty/jetty-security/9.3.25.v20180904/jetty-security-9.3.25.v20180904.jar:/home/user/.m2/repository/org/eclipse/jetty/jetty-webapp/9.3.25.v20180904/jetty-webapp-9.3.25.v20180904.jar:/home/user/.m2/repository/org/eclipse/jetty/jetty-xml/9.3.25.v20180904/jetty-xml-9.3.25.v20180904.jar:/home/user/.m2/repository/javax/servlet/jsp/jsp-api/2.1/jsp-api-2.1.jar:/home/user/.m2/repository/com/sun/jersey/jersey-core/1.19/jersey-core-1.19.jar:/home/user/.m2/repository/javax/ws/rs/jsr311-api/1.1.1/jsr311-api-1.1.1.jar:/home/user/.m2/repository/com/sun/jersey/jersey-servlet/1.19/jersey-servlet-1.19.jar:/home/user/.m2/repository/com/sun/jersey/jersey-json/1.19/jersey-json-1.19.jar:/home/user/.m2/repository/org/codehaus/jettison/jettison/1.1/jettison-1.1.jar:/home/user/.m2/repository/com/sun/xml/bind/jaxb-impl/2.3.0.1/jaxb-impl-2.3.0.1.jar:/home/user/.m2/repository/org/codehaus/jackson/jackson-core-asl/1.9.13/jackson-core-asl-1.9.13.jar:/home/user/.m2/repository/org/codehaus/jackson/jackson-mapper-asl/1.9.13/jackson-mapper-asl-1.9.13.jar:/home/user/.m2/repository/org/codehaus/jackson/jackson-jaxrs/1.9.13/jackson-jaxrs-1.9.13.jar:/home/user/.m2/repository/org/codehaus/jackson/jackson-xc/1.9.13/jackson-xc-1.9.13.jar:/home/user/.m2/repository/com/sun/jersey/jersey-server/1.19/jersey-server-1.19.jar:/home/user/.m2/repository/commons-logging/commons-logging/1.1.3/commons-logging-1.1.3.jar:/home/user/.m2/repository/log4j/log4j/1.2.17/log4j-1.2.17.jar:/home/user/.m2/repository/commons-beanutils/commons-beanutils/1.9.4/commons-beanutils-1.9.4.jar:/home/user/.m2/repository/org/apache/commons/commons-configuration2/2.1.1/commons-configuration2-2.1.1.jar:/home/user/.m2/repository/org/apache/commons/commons-lang3/3.7/commons-lang3-3.7.jar:/home/user/.m2/repository/org/apache/commons/commons-text/1.4/commons-text-1.4.jar:/home/user/.m2/repository/org/slf4j/slf4j-api/1.7.25/slf4j-api-1.7.25.jar:/home/user/.m2/repository/org/slf4j/slf4j-log4j12/1.7.25/slf4j-log4j12-1.7.25.jar:/home/user/.m2/repository/org/apache/avro/avro/1.7.7/avro-1.7.7.jar:/home/user/.m2/repository/com/thoughtworks/paranamer/paranamer/2.3/paranamer-2.3.jar:/home/user/.m2/repository/org/xerial/snappy/snappy-java/1.0.5/snappy-java-1.0.5.jar:/home/user/.m2/repository/com/google/re2j/re2j/1.1/re2j-1.1.jar:/home/user/.m2/repository/com/google/code/gson/gson/2.2.4/gson-2.2.4.jar:/home/user/.m2/repository/org/apache/hadoop/hadoop-auth/3.2.0/hadoop-auth-3.2.0.jar:/home/user/.m2/repository/com/nimbusds/nimbus-jose-jwt/4.41.1/nimbus-jose-jwt-4.41.1.jar:/home/user/.m2/repository/com/github/stephenc/jcip/jcip-annotations/1.0-1/jcip-annotations-1.0-1.jar:/home/user/.m2/repository/net/minidev/json-smart/2.3/json-smart-2.3.jar:/home/user/.m2/repository/net/minidev/accessors-smart/1.2/accessors-smart-1.2.jar:/home/user/.m2/repository/org/apache/curator/curator-framework/2.12.0/curator-framework-2.12.0.jar:/home/user/.m2/repository/com/jcraft/jsch/0.1.54/jsch-0.1.54.jar:/home/user/.m2/repository/org/apache/curator/curator-client/2.12.0/curator-client-2.12.0.jar:/home/user/.m2/repository/org/apache/curator/curator-recipes/2.12.0/curator-recipes-2.12.0.jar:/home/user/.m2/repository/com/google/code/findbugs/jsr305/3.0.0/jsr305-3.0.0.jar:/home/user/.m2/repository/org/apache/htrace/htrace-core4/4.1.0-incubating/htrace-core4-4.1.0-incubating.jar:/home/user/.m2/repository/org/apache/zookeeper/zookeeper/3.4.13/zookeeper-3.4.13.jar:/home/user/.m2/repository/jline/jline/0.9.94/jline-0.9.94.jar:/home/user/.m2/repository/org/apache/yetus/audience-annotations/0.5.0/audience-annotations-0.5.0.jar:/home/user/.m2/repository/org/apache/kerby/kerb-simplekdc/1.0.1/kerb-simplekdc-1.0.1.jar:/home/user/.m2/repository/org/apache/kerby/kerb-client/1.0.1/kerb-client-1.0.1.jar:/home/user/.m2/repository/org/apache/kerby/kerby-config/1.0.1/kerby-config-1.0.1.jar:/home/user/.m2/repository/org/apache/kerby/kerb-core/1.0.1/kerb-core-1.0.1.jar:/home/user/.m2/repository/org/apache/kerby/kerby-pkix/1.0.1/kerby-pkix-1.0.1.jar:/home/user/.m2/repository/org/apache/kerby/kerby-asn1/1.0.1/kerby-asn1-1.0.1.jar:/home/user/.m2/repository/org/apache/kerby/kerby-util/1.0.1/kerby-util-1.0.1.jar:/home/user/.m2/repository/org/apache/kerby/kerb-common/1.0.1/kerb-common-1.0.1.jar:/home/user/.m2/repository/org/apache/kerby/kerb-crypto/1.0.1/kerb-crypto-1.0.1.jar:/home/user/.m2/repository/org/apache/kerby/kerb-util/1.0.1/kerb-util-1.0.1.jar:/home/user/.m2/repository/org/apache/kerby/token-provider/1.0.1/token-provider-1.0.1.jar:/home/user/.m2/repository/org/apache/kerby/kerb-admin/1.0.1/kerb-admin-1.0.1.jar:/home/user/.m2/repository/org/apache/kerby/kerb-server/1.0.1/kerb-server-1.0.1.jar:/home/user/.m2/repository/org/apache/kerby/kerb-identity/1.0.1/kerb-identity-1.0.1.jar:/home/user/.m2/repository/org/apache/kerby/kerby-xdr/1.0.1/kerby-xdr-1.0.1.jar:/home/user/.m2/repository/com/fasterxml/jackson/core/jackson-databind/2.9.9/jackson-databind-2.9.9.jar:/home/user/.m2/repository/com/fasterxml/jackson/core/jackson-core/2.9.9/jackson-core-2.9.9.jar:/home/user/.m2/repository/org/codehaus/woodstox/stax2-api/3.1.4/stax2-api-3.1.4.jar:/home/user/.m2/repository/com/fasterxml/woodstox/woodstox-core/5.0.3/woodstox-core-5.0.3.jar:/home/user/.m2/repository/dnsjava/dnsjava/2.1.7/dnsjava-2.1.7.jar:/home/user/.m2/repository/org/apache/hadoop/hadoop-hdfs/3.2.0/hadoop-hdfs-3.2.0.jar:/home/user/.m2/repository/org/eclipse/jetty/jetty-util-ajax/9.3.25.v20180904/jetty-util-ajax-9.3.25.v20180904.jar:/home/user/.m2/repository/commons-daemon/commons-daemon/1.0.13/commons-daemon-1.0.13.jar:/home/user/.m2/repository/io/netty/netty/3.10.5.Final/netty-3.10.5.Final.jar:/home/user/.m2/repository/io/netty/netty-all/4.0.52.Final/netty-all-4.0.52.Final.jar:/home/user/.m2/repository/org/fusesource/leveldbjni/leveldbjni-all/1.8/leveldbjni-all-1.8.jar:/home/user/.m2/repository/com/sun/xml/bind/jaxb-core/2.3.0.1/jaxb-core-2.3.0.1.jar:/home/user/.m2/repository/javax/xml/bind/jaxb-api/2.3.0/jaxb-api-2.3.0.jar:/home/user/.m2/repository/javax/activation/activation/1.1.1/activation-1.1.1.jar:/home/user/.m2/repository/io/dropwizard/metrics/metrics-core/3.2.4/metrics-core-3.2.4.jar:/home/user/.m2/repository/org/openjdk/jmh/jmh-core/1.19/jmh-core-1.19.jar:/home/user/.m2/repository/net/sf/jopt-simple/jopt-simple/4.6/jopt-simple-4.6.jar:/home/user/.m2/repository/org/openjdk/jmh/jmh-generator-annprocess/1.19/jmh-generator-annprocess-1.19.jar:/home/user/.m2/repository/com/amazonaws/aws-java-sdk-s3/1.11.615/aws-java-sdk-s3-1.11.615.jar:/home/user/.m2/repository/com/amazonaws/aws-java-sdk-kms/1.11.615/aws-java-sdk-kms-1.11.615.jar:/home/user/.m2/repository/com/amazonaws/aws-java-sdk-core/1.11.615/aws-java-sdk-core-1.11.615.jar:/home/user/.m2/repository/software/amazon/ion/ion-java/1.0.2/ion-java-1.0.2.jar:/home/user/.m2/repository/com/fasterxml/jackson/dataformat/jackson-dataformat-cbor/2.9.9/jackson-dataformat-cbor-2.9.9.jar:/home/user/.m2/repository/joda-time/joda-time/2.9.9/joda-time-2.9.9.jar:/home/user/.m2/repository/com/amazonaws/jmespath-java/1.11.615/jmespath-java-1.11.615.jar:/home/user/.m2/repository/com/github/spotbugs/spotbugs/3.1.12/spotbugs-3.1.12.jar:/home/user/.m2/repository/org/ow2/asm/asm/5.0.4/asm-5.0.4.jar:/home/user/.m2/repository/org/ow2/asm/asm-analysis/7.0/asm-analysis-7.0.jar:/home/user/.m2/repository/org/ow2/asm/asm-commons/7.0/asm-commons-7.0.jar:/home/user/.m2/repository/org/ow2/asm/asm-tree/7.0/asm-tree-7.0.jar:/home/user/.m2/repository/org/ow2/asm/asm-util/7.0/asm-util-7.0.jar:/home/user/.m2/repository/org/apache/bcel/bcel/6.3/bcel-6.3.jar:/home/user/.m2/repository/net/jcip/jcip-annotations/1.0/jcip-annotations-1.0.jar:/home/user/.m2/repository/org/dom4j/dom4j/2.1.1/dom4j-2.1.1.jar:/home/user/.m2/repository/jaxen/jaxen/1.1.6/jaxen-1.1.6.jar:/home/user/.m2/repository/commons-lang/commons-lang/2.6/commons-lang-2.6.jar:/home/user/.m2/repository/com/github/spotbugs/spotbugs-annotations/3.1.12/spotbugs-annotations-3.1.12.jar:/home/user/.m2/repository/junit/junit/4.11/junit-4.11.jar:/home/user/.m2/repository/org/hamcrest/hamcrest-core/1.3/hamcrest-core-1.3.jar:/home/user/.m2/repository/org/apache/hadoop/hadoop-common/3.2.0/hadoop-common-3.2.0-tests.jar:/workdir/hadoop-ozone/integration-test/target/test-classes:/home/user/.m2/repository/org/apache/hadoop/hadoop-ozone-s3gateway/0.5.0-SNAPSHOT/hadoop-ozone-s3gateway-0.5.0-SNAPSHOT.jar:/home/user/.m2/repository/org/jboss/weld/servlet/weld-servlet/2.4.7.Final/weld-servlet-2.4.7.Final.jar:/home/user/.m2/repository/org/glassfish/jersey/containers/jersey-container-servlet-core/2.27/jersey-container-servlet-core-2.27.jar:/home/user/.m2/repository/org/glassfish/hk2/external/javax.inject/2.5.0-b42/javax.inject-2.5.0-b42.jar:/home/user/.m2/repository/org/glassfish/jersey/core/jersey-common/2.27/jersey-common-2.27.jar:/home/user/.m2/repository/org/glassfish/hk2/osgi-resource-locator/1.0.1/osgi-resource-locator-1.0.1.jar:/home/user/.m2/repository/javax/ws/rs/javax.ws.rs-api/2.1/javax.ws.rs-api-2.1.jar:/home/user/.m2/repository/org/glassfish/jersey/ext/cdi/jersey-cdi1x/2.27/jersey-cdi1x-2.27.jar:/home/user/.m2/repository/org/glassfish/jersey/inject/jersey-hk2/2.27/jersey-hk2-2.27.jar:/home/user/.m2/repository/org/glassfish/hk2/hk2-locator/2.5.0-b42/hk2-locator-2.5.0-b42.jar:/home/user/.m2/repository/org/javassist/javassist/3.22.0-CR2/javassist-3.22.0-CR2.jar:/home/user/.m2/repository/org/glassfish/hk2/hk2-api/2.5.0/hk2-api-2.5.0.jar:/home/user/.m2/repository/org/glassfish/hk2/external/jakarta.inject/2.5.0/jakarta.inject-2.5.0.jar:/home/user/.m2/repository/org/glassfish/hk2/hk2-utils/2.5.0/hk2-utils-2.5.0.jar:/home/user/.m2/repository/jakarta/annotation/jakarta.annotation-api/1.3.4/jakarta.annotation-api-1.3.4.jar:/home/user/.m2/repository/org/glassfish/hk2/external/aopalliance-repackaged/2.5.0/aopalliance-repackaged-2.5.0.jar:/home/user/.m2/repository/com/fasterxml/jackson/dataformat/jackson-dataformat-xml/2.9.0/jackson-dataformat-xml-2.9.0.jar:/home/user/.m2/repository/com/fasterxml/jackson/module/jackson-module-jaxb-annotations/2.9.9/jackson-module-jaxb-annotations-2.9.9.jar:/home/user/.m2/repository/javax/enterprise/cdi-api/1.2/cdi-api-1.2.jar:/home/user/.m2/repository/javax/el/javax.el-api/3.0.0/javax.el-api-3.0.0.jar:/home/user/.m2/repository/javax/interceptor/javax.interceptor-api/1.2/javax.interceptor-api-1.2.jar:/home/user/.m2/repository/javax/inject/javax.inject/1/javax.inject-1.jar:/home/user/.m2/repository/org/apache/hadoop/hadoop-ozone-csi/0.5.0-SNAPSHOT/hadoop-ozone-csi-0.5.0-SNAPSHOT.jar:/home/user/.m2/repository/com/google/protobuf/protobuf-java-util/3.5.1/protobuf-java-util-3.5.1.jar:/home/user/.m2/repository/io/grpc/grpc-netty/1.17.1/grpc-netty-1.17.1.jar:/home/user/.m2/repository/io/grpc/grpc-core/1.17.1/grpc-core-1.17.1.jar:/home/user/.m2/repository/io/grpc/grpc-context/1.17.1/grpc-context-1.17.1.jar:/home/user/.m2/repository/com/google/errorprone/error_prone_annotations/2.2.0/error_prone_annotations-2.2.0.jar:/home/user/.m2/repository/org/codehaus/mojo/animal-sniffer-annotations/1.17/animal-sniffer-annotations-1.17.jar:/home/user/.m2/repository/io/opencensus/opencensus-api/0.17.0/opencensus-api-0.17.0.jar:/home/user/.m2/repository/io/opencensus/opencensus-contrib-grpc-metrics/0.17.0/opencensus-contrib-grpc-metrics-0.17.0.jar:/home/user/.m2/repository/io/netty/netty-codec-http2/4.1.30.Final/netty-codec-http2-4.1.30.Final.jar:/home/user/.m2/repository/io/netty/netty-codec-http/4.1.30.Final/netty-codec-http-4.1.30.Final.jar:/home/user/.m2/repository/io/netty/netty-codec/4.1.30.Final/netty-codec-4.1.30.Final.jar:/home/user/.m2/repository/io/netty/netty-handler/4.1.30.Final/netty-handler-4.1.30.Final.jar:/home/user/.m2/repository/io/netty/netty-handler-proxy/4.1.30.Final/netty-handler-proxy-4.1.30.Final.jar:/home/user/.m2/repository/io/netty/netty-codec-socks/4.1.30.Final/netty-codec-socks-4.1.30.Final.jar:/home/user/.m2/repository/io/netty/netty-transport-native-epoll/4.1.30.Final/netty-transport-native-epoll-4.1.30.Final.jar:/home/user/.m2/repository/io/netty/netty-common/4.1.30.Final/netty-common-4.1.30.Final.jar:/home/user/.m2/repository/io/netty/netty-buffer/4.1.30.Final/netty-buffer-4.1.30.Final.jar:/home/user/.m2/repository/io/netty/netty-transport/4.1.30.Final/netty-transport-4.1.30.Final.jar:/home/user/.m2/repository/io/netty/netty-resolver/4.1.30.Final/netty-resolver-4.1.30.Final.jar:/home/user/.m2/repository/io/netty/netty-transport-native-unix-common/4.1.30.Final/netty-transport-native-unix-common-4.1.30.Final.jar:/home/user/.m2/repository/io/grpc/grpc-protobuf/1.17.1/grpc-protobuf-1.17.1.jar:/home/user/.m2/repository/com/google/api/grpc/proto-google-common-protos/1.0.0/proto-google-common-protos-1.0.0.jar:/home/user/.m2/repository/io/grpc/grpc-protobuf-lite/1.17.1/grpc-protobuf-lite-1.17.1.jar:/home/user/.m2/repository/io/grpc/grpc-stub/1.17.1/grpc-stub-1.17.1.jar:/home/user/.m2/repository/org/apache/hadoop/hadoop-ozone-recon/0.5.0-SNAPSHOT/hadoop-ozone-recon-0.5.0-SNAPSHOT.jar:/home/user/.m2/repository/org/apache/hadoop/hadoop-ozone-reconcodegen/0.5.0-SNAPSHOT/hadoop-ozone-reconcodegen-0.5.0-SNAPSHOT.jar:/home/user/.m2/repository/com/google/inject/extensions/guice-multibindings/4.0/guice-multibindings-4.0.jar:/home/user/.m2/repository/com/google/inject/guice/4.0/guice-4.0.jar:/home/user/.m2/repository/aopalliance/aopalliance/1.0/aopalliance-1.0.jar:/home/user/.m2/repository/com/google/inject/extensions/guice-servlet/4.0/guice-servlet-4.0.jar:/home/user/.m2/repository/org/glassfish/jersey/containers/jersey-container-servlet/2.27/jersey-container-servlet-2.27.jar:/home/user/.m2/repository/org/glassfish/hk2/guice-bridge/2.5.0/guice-bridge-2.5.0.jar:/home/user/.m2/repository/org/glassfish/jersey/core/jersey-server/2.27/jersey-server-2.27.jar:/home/user/.m2/repository/org/glassfish/jersey/core/jersey-client/2.27/jersey-client-2.27.jar:/home/user/.m2/repository/org/glassfish/jersey/media/jersey-media-jaxb/2.27/jersey-media-jaxb-2.27.jar:/home/user/.m2/repository/javax/validation/validation-api/1.1.0.Final/validation-api-1.1.0.Final.jar:/home/user/.m2/repository/org/glassfish/jersey/media/jersey-media-json-jackson/2.27/jersey-media-json-jackson-2.27.jar:/home/user/.m2/repository/org/glassfish/jersey/ext/jersey-entity-filtering/2.27/jersey-entity-filtering-2.27.jar:/home/user/.m2/repository/com/google/inject/extensions/guice-assistedinject/4.0/guice-assistedinject-4.0.jar:/home/user/.m2/repository/org/jooq/jooq/3.11.10/jooq-3.11.10.jar:/home/user/.m2/repository/org/jooq/jooq-meta/3.11.10/jooq-meta-3.11.10.jar:/home/user/.m2/repository/org/jooq/jooq-codegen/3.11.10/jooq-codegen-3.11.10.jar:/home/user/.m2/repository/com/jolbox/bonecp/0.8.0.RELEASE/bonecp-0.8.0.RELEASE.jar:/home/user/.m2/repository/org/springframework/spring-jdbc/5.1.3.RELEASE/spring-jdbc-5.1.3.RELEASE.jar:/home/user/.m2/repository/org/springframework/spring-beans/5.1.3.RELEASE/spring-beans-5.1.3.RELEASE.jar:/home/user/.m2/repository/org/springframework/spring-core/5.1.3.RELEASE/spring-core-5.1.3.RELEASE.jar:/home/user/.m2/repository/org/springframework/spring-jcl/5.1.3.RELEASE/spring-jcl-5.1.3.RELEASE.jar:/home/user/.m2/repository/org/springframework/spring-tx/5.1.3.RELEASE/spring-tx-5.1.3.RELEASE.jar:/home/user/.m2/repository/org/mockito/mockito-core/2.15.0/mockito-core-2.15.0.jar:/home/user/.m2/repository/net/bytebuddy/byte-buddy/1.7.9/byte-buddy-1.7.9.jar:/home/user/.m2/repository/net/bytebuddy/byte-buddy-agent/1.7.9/byte-buddy-agent-1.7.9.jar:/home/user/.m2/repository/org/objenesis/objenesis/1.0/objenesis-1.0.jar:"/>
    <property name="sun.cpu.endian" value="little"/>
    <property name="user.home" value="/home/user"/>
    <property name="user.language" value="en"/>
    <property name="java.specification.vendor" value="Oracle Corporation"/>
    <property name="java.home" value="/usr/lib/jvm/java-1.8-openjdk/jre"/>
    <property name="java.security.krb5.conf" value="/workdir/hadoop-ozone/tools/target/test-classes/krb5.conf"/>
    <property name="basedir" value="/workdir/hadoop-ozone/tools"/>
    <property name="file.separator" value="/"/>
    <property name="line.separator" value="&#10;"/>
    <property name="java.vm.specification.vendor" value="Oracle Corporation"/>
    <property name="java.specification.name" value="Java Platform API Specification"/>
    <property name="java.awt.graphicsenv" value="sun.awt.X11GraphicsEnvironment"/>
    <property name="surefire.real.class.path" value="/workdir/hadoop-ozone/tools/target/surefire/surefirebooter6934363516966499592.jar"/>
    <property name="hadoop.log.dir" value="/workdir/hadoop-ozone/tools/target/log"/>
    <property name="sun.boot.class.path" value="/usr/lib/jvm/java-1.8-openjdk/jre/lib/resources.jar:/usr/lib/jvm/java-1.8-openjdk/jre/lib/rt.jar:/usr/lib/jvm/java-1.8-openjdk/jre/lib/sunrsasign.jar:/usr/lib/jvm/java-1.8-openjdk/jre/lib/jsse.jar:/usr/lib/jvm/java-1.8-openjdk/jre/lib/jce.jar:/usr/lib/jvm/java-1.8-openjdk/jre/lib/charsets.jar:/usr/lib/jvm/java-1.8-openjdk/jre/lib/jfr.jar:/usr/lib/jvm/java-1.8-openjdk/jre/classes"/>
    <property name="sun.management.compiler" value="HotSpot 64-Bit Tiered Compilers"/>
    <property name="java.runtime.version" value="1.8.0_212-b04"/>
    <property name="java.net.preferIPv4Stack" value="true"/>
    <property name="user.name" value="jenkins1000"/>
    <property name="path.separator" value=":"/>
    <property name="java.security.egd" value="file:///dev/urandom"/>
    <property name="os.version" value="3.10.0-957.12.2.el7.x86_64"/>
    <property name="java.endorsed.dirs" value="/usr/lib/jvm/java-1.8-openjdk/jre/lib/endorsed"/>
    <property name="java.runtime.name" value="OpenJDK Runtime Environment"/>
    <property name="file.encoding" value="UTF-8"/>
    <property name="java.vm.name" value="OpenJDK 64-Bit Server VM"/>
    <property name="test.build.webapps" value=""/>
    <property name="localRepository" value="/home/user/.m2/repository"/>
    <property name="java.vendor.url.bug" value="https://icedtea.classpath.org/bugzilla"/>
    <property name="java.io.tmpdir" value="/tmp"/>
    <property name="require.test.libhadoop" value=""/>
    <property name="java.version" value="1.8.0_212"/>
    <property name="user.dir" value="/workdir/hadoop-ozone/tools"/>
    <property name="os.arch" value="amd64"/>
    <property name="java.vm.specification.name" value="Java Virtual Machine Specification"/>
    <property name="test.build.classes" value="/workdir/hadoop-ozone/tools/target/test-classes"/>
    <property name="java.awt.printerjob" value="sun.print.PSPrinterJob"/>
    <property name="sun.os.patch.level" value="unknown"/>
    <property name="hadoop.tmp.dir" value="/workdir/hadoop-ozone/tools/target/tmp"/>
    <property name="java.library.path" value="/usr/lib/jvm/java-1.8-openjdk/jre/lib/amd64/server:/usr/lib/jvm/java-1.8-openjdk/jre/lib/amd64:/usr/lib/jvm/java-1.8-openjdk/jre/../lib/amd64:/workdir/hadoop-ozone/tools/target/native/target/usr/local/lib:/workdir/hadoop-ozone/tools/../../hadoop-common-project/hadoop-common/target/native/target/usr/local/lib:/usr/java/packages/lib/amd64:/usr/lib64:/lib64:/lib:/usr/lib"/>
    <property name="java.vm.info" value="mixed mode"/>
    <property name="java.vendor" value="IcedTea"/>
    <property name="java.vm.version" value="25.212-b04"/>
    <property name="java.ext.dirs" value="/usr/lib/jvm/java-1.8-openjdk/jre/lib/ext:/usr/java/packages/lib/ext"/>
    <property name="sun.io.unicode.encoding" value="UnicodeLittle"/>
    <property name="java.class.version" value="52.0"/>
  </properties>
  <testcase name="validateWriteTest" classname="org.apache.hadoop.ozone.freon.TestDataValidateWithDummyContainers" time="0.004"/>
  <testcase name="ratisTestLargeKey" classname="org.apache.hadoop.ozone.freon.TestDataValidateWithDummyContainers" time="71.045">
    <error message="Allocated 0 blocks. Requested 1 blocks" type="INTERNAL_ERROR org.apache.hadoop.ozone.om.exceptions.OMException">INTERNAL_ERROR org.apache.hadoop.ozone.om.exceptions.OMException: Allocated 0 blocks. Requested 1 blocks
	at org.apache.hadoop.ozone.om.protocolPB.OzoneManagerProtocolClientSideTranslatorPB.handleError(OzoneManagerProtocolClientSideTranslatorPB.java:732)
	at org.apache.hadoop.ozone.om.protocolPB.OzoneManagerProtocolClientSideTranslatorPB.allocateBlock(OzoneManagerProtocolClientSideTranslatorPB.java:764)
	at sun.reflect.NativeMethodAccessorImpl.invoke0(Native Method)
	at sun.reflect.NativeMethodAccessorImpl.invoke(NativeMethodAccessorImpl.java:62)
	at sun.reflect.DelegatingMethodAccessorImpl.invoke(DelegatingMethodAccessorImpl.java:43)
	at java.lang.reflect.Method.invoke(Method.java:498)
	at org.apache.hadoop.hdds.tracing.TraceAllMethod.invoke(TraceAllMethod.java:66)
	at com.sun.proxy.$Proxy37.allocateBlock(Unknown Source)
	at org.apache.hadoop.ozone.client.io.BlockOutputStreamEntryPool.allocateNewBlock(BlockOutputStreamEntryPool.java:256)
	at org.apache.hadoop.ozone.client.io.BlockOutputStreamEntryPool.allocateBlockIfNeeded(BlockOutputStreamEntryPool.java:304)
	at org.apache.hadoop.ozone.client.io.KeyOutputStream.handleWrite(KeyOutputStream.java:198)
	at org.apache.hadoop.ozone.client.io.KeyOutputStream.handleRetry(KeyOutputStream.java:375)
	at org.apache.hadoop.ozone.client.io.KeyOutputStream.handleException(KeyOutputStream.java:324)
	at org.apache.hadoop.ozone.client.io.KeyOutputStream.handleWrite(KeyOutputStream.java:228)
	at org.apache.hadoop.ozone.client.io.KeyOutputStream.write(KeyOutputStream.java:190)
	at org.apache.hadoop.ozone.client.io.OzoneOutputStream.write(OzoneOutputStream.java:49)
	at org.apache.hadoop.ozone.freon.RandomKeyGenerator.createKey(RandomKeyGenerator.java:708)
	at org.apache.hadoop.ozone.freon.RandomKeyGenerator.access$1100(RandomKeyGenerator.java:88)
	at org.apache.hadoop.ozone.freon.RandomKeyGenerator$ObjectCreator.run(RandomKeyGenerator.java:615)
	at java.util.concurrent.Executors$RunnableAdapter.call(Executors.java:511)
	at java.util.concurrent.FutureTask.run(FutureTask.java:266)
	at java.util.concurrent.ThreadPoolExecutor.runWorker(ThreadPoolExecutor.java:1149)
	at java.util.concurrent.ThreadPoolExecutor$Worker.run(ThreadPoolExecutor.java:624)
	at java.lang.Thread.run(Thread.java:748)
</error>
    <system-out><![CDATA[2019-10-10 00:01:50,650 [9438835d-3369-4dcf-bcb8-4bc91e81566b@group-8553FD33EEE7-SegmentedRaftLogWorker] INFO  segmented.SegmentedRaftLogWorker (SegmentedRaftLogWorker.java:execute(576)) - 9438835d-3369-4dcf-bcb8-4bc91e81566b@group-8553FD33EEE7-SegmentedRaftLogWorker: created new log segment /workdir/hadoop-ozone/tools/target/test-dir/MiniOzoneClusterImpl-05957be1-95ac-40cf-b8ff-440b7ad829fe/datanode-3/data/ratis/db4e39af-acff-4b17-8659-8553fd33eee7/current/log_inprogress_0
2019-10-10 00:01:50,650 [grpc-default-executor-1] INFO  ratis.XceiverServerRatis (XceiverServerRatis.java:handleLeaderChangedNotification(702)) - Leader change notification received for group: group-8553FD33EEE7 with new leaderId: 9438835d-3369-4dcf-bcb8-4bc91e81566b
2019-10-10 00:01:50,650 [grpc-default-executor-0] INFO  ratis.XceiverServerRatis (XceiverServerRatis.java:handleLeaderChangedNotification(702)) - Leader change notification received for group: group-8553FD33EEE7 with new leaderId: 9438835d-3369-4dcf-bcb8-4bc91e81566b
2019-10-10 00:01:50,651 [grpc-default-executor-1] INFO  impl.RaftServerImpl (ServerState.java:setLeader(255)) - b93657b9-afe7-465a-931b-0ef0578482aa@group-8553FD33EEE7: change Leader from null to 9438835d-3369-4dcf-bcb8-4bc91e81566b at term 1 for appendEntries, leader elected after 5274ms
2019-10-10 00:01:50,651 [grpc-default-executor-0] INFO  impl.RaftServerImpl (ServerState.java:setLeader(255)) - 607a1019-7a5a-4725-b7e5-a50ab7fbc189@group-8553FD33EEE7: change Leader from null to 9438835d-3369-4dcf-bcb8-4bc91e81566b at term 1 for appendEntries, leader elected after 5275ms
2019-10-10 00:01:50,662 [main] INFO  freon.RandomKeyGenerator (RandomKeyGenerator.java:call(258)) - Override validateWrites to false, because hdds.container.chunk.persistdata is set to false.
2019-10-10 00:01:50,686 [grpc-default-executor-0] INFO  impl.RaftServerImpl (ServerState.java:setRaftConf(356)) - b93657b9-afe7-465a-931b-0ef0578482aa@group-8553FD33EEE7: set configuration 0: [607a1019-7a5a-4725-b7e5-a50ab7fbc189:192.168.164.207:36515, 9438835d-3369-4dcf-bcb8-4bc91e81566b:192.168.164.207:41595, b93657b9-afe7-465a-931b-0ef0578482aa:192.168.164.207:39746], old=null at 0
2019-10-10 00:01:50,686 [grpc-default-executor-1] INFO  impl.RaftServerImpl (ServerState.java:setRaftConf(356)) - 607a1019-7a5a-4725-b7e5-a50ab7fbc189@group-8553FD33EEE7: set configuration 0: [607a1019-7a5a-4725-b7e5-a50ab7fbc189:192.168.164.207:36515, 9438835d-3369-4dcf-bcb8-4bc91e81566b:192.168.164.207:41595, b93657b9-afe7-465a-931b-0ef0578482aa:192.168.164.207:39746], old=null at 0
2019-10-10 00:01:50,686 [grpc-default-executor-0] INFO  segmented.SegmentedRaftLogWorker (SegmentedRaftLogWorker.java:startLogSegment(385)) - b93657b9-afe7-465a-931b-0ef0578482aa@group-8553FD33EEE7-SegmentedRaftLogWorker: Starting segment from index:0
2019-10-10 00:01:50,686 [grpc-default-executor-1] INFO  segmented.SegmentedRaftLogWorker (SegmentedRaftLogWorker.java:startLogSegment(385)) - 607a1019-7a5a-4725-b7e5-a50ab7fbc189@group-8553FD33EEE7-SegmentedRaftLogWorker: Starting segment from index:0
2019-10-10 00:01:50,725 [607a1019-7a5a-4725-b7e5-a50ab7fbc189@group-8553FD33EEE7-SegmentedRaftLogWorker] INFO  segmented.SegmentedRaftLogWorker (SegmentedRaftLogWorker.java:execute(576)) - 607a1019-7a5a-4725-b7e5-a50ab7fbc189@group-8553FD33EEE7-SegmentedRaftLogWorker: created new log segment /workdir/hadoop-ozone/tools/target/test-dir/MiniOzoneClusterImpl-05957be1-95ac-40cf-b8ff-440b7ad829fe/datanode-1/data/ratis/db4e39af-acff-4b17-8659-8553fd33eee7/current/log_inprogress_0
2019-10-10 00:01:50,725 [b93657b9-afe7-465a-931b-0ef0578482aa@group-8553FD33EEE7-SegmentedRaftLogWorker] INFO  segmented.SegmentedRaftLogWorker (SegmentedRaftLogWorker.java:execute(576)) - b93657b9-afe7-465a-931b-0ef0578482aa@group-8553FD33EEE7-SegmentedRaftLogWorker: created new log segment /workdir/hadoop-ozone/tools/target/test-dir/MiniOzoneClusterImpl-05957be1-95ac-40cf-b8ff-440b7ad829fe/datanode-4/data/ratis/db4e39af-acff-4b17-8659-8553fd33eee7/current/log_inprogress_0
2019-10-10 00:01:51,580 [main] INFO  freon.RandomKeyGenerator (RandomKeyGenerator.java:call(283)) - Number of Threads: 10
2019-10-10 00:01:51,581 [main] INFO  freon.RandomKeyGenerator (RandomKeyGenerator.java:call(288)) - Number of Volumes: 1.
2019-10-10 00:01:51,581 [main] INFO  freon.RandomKeyGenerator (RandomKeyGenerator.java:call(289)) - Number of Buckets per Volume: 1.
2019-10-10 00:01:51,582 [main] INFO  freon.RandomKeyGenerator (RandomKeyGenerator.java:call(290)) - Number of Keys per Bucket: 1.
2019-10-10 00:01:51,582 [main] INFO  freon.RandomKeyGenerator (RandomKeyGenerator.java:call(291)) - Key size: 20971520 bytes
2019-10-10 00:01:51,582 [main] INFO  freon.RandomKeyGenerator (RandomKeyGenerator.java:call(292)) - Buffer size: 4096 bytes
2019-10-10 00:01:51,582 [main] INFO  freon.RandomKeyGenerator (RandomKeyGenerator.java:call(293)) - validateWrites : false
2019-10-10 00:01:51,588 [main] INFO  freon.RandomKeyGenerator (RandomKeyGenerator.java:call(313)) - Starting progress bar Thread.

 0.00% |█                                                                                                    |  0/1 Time: 0:00:002019-10-10 00:01:51,618 [pool-73-thread-1] INFO  rpc.RpcClient (RpcClient.java:createVolume(272)) - Creating Volume: vol-0-46372, with jenkins1000 as owner.
2019-10-10 00:01:51,699 [IPC Server handler 7 on 36604] INFO  volume.OMVolumeCreateRequest (OMVolumeCreateRequest.java:validateAndUpdateCache(193)) - created volume:vol-0-46372 for user:jenkins1000
2019-10-10 00:01:51,729 [pool-73-thread-2] INFO  rpc.RpcClient (RpcClient.java:createBucket(411)) - Creating Bucket: vol-0-46372/bucket-0-51479, with Versioning false and Storage Type set to DISK and Encryption set to false 
2019-10-10 00:01:51,909 [pool-73-thread-3] INFO  impl.MetricsSystemImpl (MetricsSystemImpl.java:init(158)) - XceiverClientMetrics metrics system started (again)
2019-10-10 00:01:52,342 [pool-56-thread-1] ERROR impl.ChunkManagerImpl (ChunkManagerDummyImpl.java:writeChunk(86)) - data array does not match the length specified. DataLen: 1048576 Byte Array: 1048749
2019-10-10 00:01:52,347 [pool-56-thread-1] ERROR impl.ChunkManagerDummyImpl (ChunkManagerDummyImpl.java:writeChunk(105)) - write data failed. error: {}
org.apache.hadoop.hdds.scm.container.common.helpers.StorageContainerException: data array does not match the length specified. DataLen: 1048576 Byte Array: 1048749
	at org.apache.hadoop.ozone.container.keyvalue.impl.ChunkManagerDummyImpl.writeChunk(ChunkManagerDummyImpl.java:87)
	at org.apache.hadoop.ozone.container.keyvalue.KeyValueHandler.handleWriteChunk(KeyValueHandler.java:696)
	at org.apache.hadoop.ozone.container.keyvalue.KeyValueHandler.handle(KeyValueHandler.java:176)
	at org.apache.hadoop.ozone.container.common.impl.HddsDispatcher.dispatchRequest(HddsDispatcher.java:277)
	at org.apache.hadoop.ozone.container.common.impl.HddsDispatcher.dispatch(HddsDispatcher.java:150)
	at org.apache.hadoop.ozone.container.common.transport.server.ratis.ContainerStateMachine.dispatchCommand(ContainerStateMachine.java:415)
	at org.apache.hadoop.ozone.container.common.transport.server.ratis.ContainerStateMachine.runCommand(ContainerStateMachine.java:425)
	at org.apache.hadoop.ozone.container.common.transport.server.ratis.ContainerStateMachine.lambda$handleWriteChunk$1(ContainerStateMachine.java:460)
	at java.util.concurrent.CompletableFuture$AsyncSupply.run(CompletableFuture.java:1590)
	at java.util.concurrent.ThreadPoolExecutor.runWorker(ThreadPoolExecutor.java:1149)
	at java.util.concurrent.ThreadPoolExecutor$Worker.run(ThreadPoolExecutor.java:624)
	at java.lang.Thread.run(Thread.java:748)
2019-10-10 00:01:52,427 [pool-56-thread-1] INFO  keyvalue.KeyValueHandler (ContainerUtils.java:logAndReturnError(146)) - Operation: WriteChunk : Trace ID: 82312afed2157b3d:50276cde56739023:fe734fa2ff3e2f33:0 : Message: Internal error:  : Result: CONTAINER_INTERNAL_ERROR
2019-10-10 00:01:52,466 [EventQueue-IncrementalContainerReportForIncrementalContainerReportHandler] WARN  container.IncrementalContainerReportHandler (AbstractContainerReportHandler.java:updateContainerState(145)) - Container #1 is in OPEN state, but the datanode 9438835d-3369-4dcf-bcb8-4bc91e81566b{ip: 192.168.164.207, host: pr-hdds-1868-7c4vz-2804340038, networkLocation: /default-rack, certSerialId: null} reports an UNHEALTHY replica.
00:01:52.472 [pool-56-thread-1] ERROR DNAudit - user=null | ip=null | op=WRITE_CHUNK {blockData=conID: 1 locID: 102935148088918016 bcsId: 0} | ret=FAILURE
java.lang.Exception: Internal error: 
	at org.apache.hadoop.ozone.container.common.impl.HddsDispatcher.dispatchRequest(HddsDispatcher.java:332) ~[hadoop-hdds-container-service-0.5.0-SNAPSHOT.jar:?]
	at org.apache.hadoop.ozone.container.common.impl.HddsDispatcher.dispatch(HddsDispatcher.java:150) ~[hadoop-hdds-container-service-0.5.0-SNAPSHOT.jar:?]
	at org.apache.hadoop.ozone.container.common.transport.server.ratis.ContainerStateMachine.dispatchCommand(ContainerStateMachine.java:415) ~[hadoop-hdds-container-service-0.5.0-SNAPSHOT.jar:?]
	at org.apache.hadoop.ozone.container.common.transport.server.ratis.ContainerStateMachine.runCommand(ContainerStateMachine.java:425) ~[hadoop-hdds-container-service-0.5.0-SNAPSHOT.jar:?]
	at org.apache.hadoop.ozone.container.common.transport.server.ratis.ContainerStateMachine.lambda$handleWriteChunk$1(ContainerStateMachine.java:460) ~[hadoop-hdds-container-service-0.5.0-SNAPSHOT.jar:?]
	at java.util.concurrent.CompletableFuture$AsyncSupply.run(CompletableFuture.java:1590) [?:1.8.0_212]
	at java.util.concurrent.ThreadPoolExecutor.runWorker(ThreadPoolExecutor.java:1149) [?:1.8.0_212]
	at java.util.concurrent.ThreadPoolExecutor$Worker.run(ThreadPoolExecutor.java:624) [?:1.8.0_212]
	at java.lang.Thread.run(Thread.java:748) [?:1.8.0_212]
2019-10-10 00:01:52,486 [pool-56-thread-1] ERROR ratis.ContainerStateMachine (ContainerStateMachine.java:lambda$handleWriteChunk$2(482)) - group-8553FD33EEE7: writeChunk writeStateMachineData failed: blockIdcontainerID: 1
localID: 102935148088918016
blockCommitSequenceId: 0
 logIndex 1 chunkName 102935148088918016_chunk_1 Error message: Internal error:  Container Result: CONTAINER_INTERNAL_ERROR
2019-10-10 00:01:52,501 [9438835d-3369-4dcf-bcb8-4bc91e81566b@group-8553FD33EEE7-SegmentedRaftLogWorker] ERROR ratis.XceiverServerRatis (XceiverServerRatis.java:triggerPipelineClose(589)) - pipeline Action CLOSE  on pipeline PipelineID=db4e39af-acff-4b17-8659-8553fd33eee7.Reason : Internal error: 
2019-10-10 00:01:52,502 [9438835d-3369-4dcf-bcb8-4bc91e81566b@group-8553FD33EEE7-SegmentedRaftLogWorker] ERROR ratis.XceiverServerRatis (XceiverServerRatis.java:triggerPipelineClose(589)) - pipeline Action CLOSE  on pipeline PipelineID=db4e39af-acff-4b17-8659-8553fd33eee7.Reason : Log already failed at index 1 for task WriteLog:1: (t:1, i:1), STATEMACHINELOGENTRY, client-325490240737, cid=24
2019-10-10 00:01:52,506 [EventQueue-PipelineActionsForPipelineActionHandler] ERROR pipeline.PipelineActionHandler (PipelineActionHandler.java:onMessage(60)) - Received pipeline action CLOSE for Pipeline[ Id: db4e39af-acff-4b17-8659-8553fd33eee7, Nodes: 607a1019-7a5a-4725-b7e5-a50ab7fbc189{ip: 192.168.164.207, host: pr-hdds-1868-7c4vz-2804340038, networkLocation: /default-rack, certSerialId: null}b93657b9-afe7-465a-931b-0ef0578482aa{ip: 192.168.164.207, host: pr-hdds-1868-7c4vz-2804340038, networkLocation: /default-rack, certSerialId: null}9438835d-3369-4dcf-bcb8-4bc91e81566b{ip: 192.168.164.207, host: pr-hdds-1868-7c4vz-2804340038, networkLocation: /default-rack, certSerialId: null}, Type:RATIS, Factor:THREE, State:OPEN] from datanode 9438835d-3369-4dcf-bcb8-4bc91e81566b{ip: 192.168.164.207, host: pr-hdds-1868-7c4vz-2804340038, networkLocation: /default-rack, certSerialId: null}. Reason : Internal error: 
2019-10-10 00:01:52,506 [EventQueue-PipelineActionsForPipelineActionHandler] INFO  pipeline.SCMPipelineManager (SCMPipelineManager.java:finalizeAndDestroyPipeline(315)) - destroying pipeline:Pipeline[ Id: db4e39af-acff-4b17-8659-8553fd33eee7, Nodes: 607a1019-7a5a-4725-b7e5-a50ab7fbc189{ip: 192.168.164.207, host: pr-hdds-1868-7c4vz-2804340038, networkLocation: /default-rack, certSerialId: null}b93657b9-afe7-465a-931b-0ef0578482aa{ip: 192.168.164.207, host: pr-hdds-1868-7c4vz-2804340038, networkLocation: /default-rack, certSerialId: null}9438835d-3369-4dcf-bcb8-4bc91e81566b{ip: 192.168.164.207, host: pr-hdds-1868-7c4vz-2804340038, networkLocation: /default-rack, certSerialId: null}, Type:RATIS, Factor:THREE, State:OPEN]
2019-10-10 00:01:52,507 [EventQueue-PipelineActionsForPipelineActionHandler] INFO  pipeline.PipelineStateManager (PipelineStateManager.java:finalizePipeline(123)) - Pipeline Pipeline[ Id: db4e39af-acff-4b17-8659-8553fd33eee7, Nodes: 607a1019-7a5a-4725-b7e5-a50ab7fbc189{ip: 192.168.164.207, host: pr-hdds-1868-7c4vz-2804340038, networkLocation: /default-rack, certSerialId: null}b93657b9-afe7-465a-931b-0ef0578482aa{ip: 192.168.164.207, host: pr-hdds-1868-7c4vz-2804340038, networkLocation: /default-rack, certSerialId: null}9438835d-3369-4dcf-bcb8-4bc91e81566b{ip: 192.168.164.207, host: pr-hdds-1868-7c4vz-2804340038, networkLocation: /default-rack, certSerialId: null}, Type:RATIS, Factor:THREE, State:CLOSED] moved to CLOSED state
2019-10-10 00:01:52,507 [EventQueue-CloseContainerForCloseContainerEventHandler] INFO  container.CloseContainerEventHandler (CloseContainerEventHandler.java:onMessage(61)) - Close container Event triggered for container : #1
2019-10-10 00:01:52,512 [EventQueue-CloseContainerForCloseContainerEventHandler] INFO  container.CloseContainerEventHandler (CloseContainerEventHandler.java:onMessage(61)) - Close container Event triggered for container : #1
2019-10-10 00:01:52,512 [EventQueue-CloseContainerForCloseContainerEventHandler] INFO  container.CloseContainerEventHandler (CloseContainerEventHandler.java:onMessage(61)) - Close container Event triggered for container : #2
2019-10-10 00:01:52,512 [EventQueue-CloseContainerForCloseContainerEventHandler] INFO  container.CloseContainerEventHandler (CloseContainerEventHandler.java:onMessage(61)) - Close container Event triggered for container : #3
 0.00% |█                                                                                                    |  0/1 Time: 0:00:01 0.00% |█                                                                                                    |  0/1 Time: 0:00:022019-10-10 00:01:53,683 [Command processor thread] ERROR commandhandler.CloseContainerCommandHandler (CloseContainerCommandHandler.java:handle(84)) - Container #2 does not exist in datanode. Container close failed.
2019-10-10 00:01:53,685 [Command processor thread] ERROR commandhandler.CloseContainerCommandHandler (CloseContainerCommandHandler.java:handle(84)) - Container #3 does not exist in datanode. Container close failed.
2019-10-10 00:01:54,345 [Command processor thread] ERROR commandhandler.CloseContainerCommandHandler (CloseContainerCommandHandler.java:handle(84)) - Container #2 does not exist in datanode. Container close failed.
2019-10-10 00:01:54,348 [Command processor thread] ERROR commandhandler.CloseContainerCommandHandler (CloseContainerCommandHandler.java:handle(84)) - Container #3 does not exist in datanode. Container close failed.
2019-10-10 00:01:54,502 [Command processor thread] ERROR commandhandler.CloseContainerCommandHandler (CloseContainerCommandHandler.java:handle(84)) - Container #2 does not exist in datanode. Container close failed.
2019-10-10 00:01:54,503 [Command processor thread] ERROR commandhandler.CloseContainerCommandHandler (CloseContainerCommandHandler.java:handle(84)) - Container #3 does not exist in datanode. Container close failed.
 0.00% |█                                                                                                    |  0/1 Time: 0:00:032019-10-10 00:01:55,109 [java.util.concurrent.ThreadPoolExecutor$Worker@7c95b3a2[State = -1, empty queue]] ERROR client.GrpcClientProtocolClient (GrpcClientProtocolClient.java:close(148)) - Unexpected exception while waiting for channel termination
java.lang.InterruptedException
	at java.util.concurrent.locks.AbstractQueuedSynchronizer.tryAcquireSharedNanos(AbstractQueuedSynchronizer.java:1326)
	at java.util.concurrent.CountDownLatch.await(CountDownLatch.java:277)
	at org.apache.ratis.thirdparty.io.grpc.internal.ManagedChannelImpl.awaitTermination(ManagedChannelImpl.java:763)
	at org.apache.ratis.thirdparty.io.grpc.internal.ForwardingManagedChannel.awaitTermination(ForwardingManagedChannel.java:57)
	at org.apache.ratis.thirdparty.io.grpc.internal.ManagedChannelOrphanWrapper.awaitTermination(ManagedChannelOrphanWrapper.java:70)
	at org.apache.ratis.grpc.client.GrpcClientProtocolClient.close(GrpcClientProtocolClient.java:146)
	at org.apache.ratis.util.PeerProxyMap$PeerAndProxy.lambda$close$1(PeerProxyMap.java:74)
	at org.apache.ratis.util.LifeCycle.lambda$checkStateAndClose$2(LifeCycle.java:231)
	at org.apache.ratis.util.LifeCycle.checkStateAndClose(LifeCycle.java:251)
	at org.apache.ratis.util.LifeCycle.checkStateAndClose(LifeCycle.java:229)
	at org.apache.ratis.util.PeerProxyMap$PeerAndProxy.close(PeerProxyMap.java:70)
	at org.apache.ratis.util.PeerProxyMap.resetProxy(PeerProxyMap.java:127)
	at org.apache.ratis.util.PeerProxyMap.handleException(PeerProxyMap.java:136)
	at org.apache.ratis.client.impl.RaftClientRpcWithProxy.handleException(RaftClientRpcWithProxy.java:47)
	at org.apache.ratis.client.impl.RaftClientImpl.handleIOException(RaftClientImpl.java:372)
	at org.apache.ratis.client.impl.OrderedAsync.lambda$sendRequest$10(OrderedAsync.java:236)
	at java.util.concurrent.CompletableFuture.uniExceptionally(CompletableFuture.java:870)
	at java.util.concurrent.CompletableFuture$UniExceptionally.tryFire(CompletableFuture.java:852)
	at java.util.concurrent.CompletableFuture.postComplete(CompletableFuture.java:474)
	at java.util.concurrent.CompletableFuture.completeExceptionally(CompletableFuture.java:1977)
	at org.apache.ratis.grpc.client.GrpcClientProtocolClient$AsyncStreamObservers.lambda$timeoutCheck$3(GrpcClientProtocolClient.java:324)
	at java.util.Optional.ifPresent(Optional.java:159)
	at org.apache.ratis.grpc.client.GrpcClientProtocolClient$AsyncStreamObservers.handleReplyFuture(GrpcClientProtocolClient.java:329)
	at org.apache.ratis.grpc.client.GrpcClientProtocolClient$AsyncStreamObservers.timeoutCheck(GrpcClientProtocolClient.java:324)
	at org.apache.ratis.grpc.client.GrpcClientProtocolClient$AsyncStreamObservers.lambda$onNext$1(GrpcClientProtocolClient.java:318)
	at org.apache.ratis.util.TimeoutScheduler.lambda$onTimeout$0(TimeoutScheduler.java:113)
	at org.apache.ratis.util.TimeoutScheduler.lambda$onTimeout$1(TimeoutScheduler.java:133)
	at org.apache.ratis.util.LogUtils.runAndLog(LogUtils.java:50)
	at org.apache.ratis.util.LogUtils$1.run(LogUtils.java:91)
	at java.util.concurrent.Executors$RunnableAdapter.call(Executors.java:511)
	at java.util.concurrent.FutureTask.run(FutureTask.java:266)
	at java.util.concurrent.ScheduledThreadPoolExecutor$ScheduledFutureTask.access$201(ScheduledThreadPoolExecutor.java:180)
	at java.util.concurrent.ScheduledThreadPoolExecutor$ScheduledFutureTask.run(ScheduledThreadPoolExecutor.java:293)
	at java.util.concurrent.ThreadPoolExecutor.runWorker(ThreadPoolExecutor.java:1149)
	at java.util.concurrent.ThreadPoolExecutor$Worker.run(ThreadPoolExecutor.java:624)
	at java.lang.Thread.run(Thread.java:748)
2019-10-10 00:01:55,111 [java.util.concurrent.ThreadPoolExecutor$Worker@7c95b3a2[State = -1, empty queue]] WARN  util.TimeoutScheduler (LogUtils.java:runAndLog(55)) - Failed to task #0: java.lang.NullPointerException
 0.00% |█                                                                                                    |  0/1 Time: 0:00:04 0.00% |█                                                                                                    |  0/1 Time: 0:00:05 0.00% |█                                                                                                    |  0/1 Time: 0:00:06 0.00% |█                                                                                                    |  0/1 Time: 0:00:072019-10-10 00:01:59,179 [java.util.concurrent.ThreadPoolExecutor$Worker@577850c[State = -1, empty queue]] ERROR client.GrpcClientProtocolClient (GrpcClientProtocolClient.java:close(148)) - Unexpected exception while waiting for channel termination
java.lang.InterruptedException
	at java.util.concurrent.locks.AbstractQueuedSynchronizer.tryAcquireSharedNanos(AbstractQueuedSynchronizer.java:1326)
	at java.util.concurrent.CountDownLatch.await(CountDownLatch.java:277)
	at org.apache.ratis.thirdparty.io.grpc.internal.ManagedChannelImpl.awaitTermination(ManagedChannelImpl.java:763)
	at org.apache.ratis.thirdparty.io.grpc.internal.ForwardingManagedChannel.awaitTermination(ForwardingManagedChannel.java:57)
	at org.apache.ratis.thirdparty.io.grpc.internal.ManagedChannelOrphanWrapper.awaitTermination(ManagedChannelOrphanWrapper.java:70)
	at org.apache.ratis.grpc.client.GrpcClientProtocolClient.close(GrpcClientProtocolClient.java:146)
	at org.apache.ratis.util.PeerProxyMap$PeerAndProxy.lambda$close$1(PeerProxyMap.java:74)
	at org.apache.ratis.util.LifeCycle.lambda$checkStateAndClose$2(LifeCycle.java:231)
	at org.apache.ratis.util.LifeCycle.checkStateAndClose(LifeCycle.java:251)
	at org.apache.ratis.util.LifeCycle.checkStateAndClose(LifeCycle.java:229)
	at org.apache.ratis.util.PeerProxyMap$PeerAndProxy.close(PeerProxyMap.java:70)
	at org.apache.ratis.util.PeerProxyMap.resetProxy(PeerProxyMap.java:127)
	at org.apache.ratis.util.PeerProxyMap.handleException(PeerProxyMap.java:136)
	at org.apache.ratis.client.impl.RaftClientRpcWithProxy.handleException(RaftClientRpcWithProxy.java:47)
	at org.apache.ratis.client.impl.RaftClientImpl.handleIOException(RaftClientImpl.java:372)
	at org.apache.ratis.client.impl.OrderedAsync.lambda$sendRequest$10(OrderedAsync.java:236)
	at java.util.concurrent.CompletableFuture.uniExceptionally(CompletableFuture.java:870)
	at java.util.concurrent.CompletableFuture$UniExceptionally.tryFire(CompletableFuture.java:852)
	at java.util.concurrent.CompletableFuture.postComplete(CompletableFuture.java:474)
	at java.util.concurrent.CompletableFuture.completeExceptionally(CompletableFuture.java:1977)
	at org.apache.ratis.grpc.client.GrpcClientProtocolClient$AsyncStreamObservers.lambda$timeoutCheck$3(GrpcClientProtocolClient.java:324)
	at java.util.Optional.ifPresent(Optional.java:159)
	at org.apache.ratis.grpc.client.GrpcClientProtocolClient$AsyncStreamObservers.handleReplyFuture(GrpcClientProtocolClient.java:329)
	at org.apache.ratis.grpc.client.GrpcClientProtocolClient$AsyncStreamObservers.timeoutCheck(GrpcClientProtocolClient.java:324)
	at org.apache.ratis.grpc.client.GrpcClientProtocolClient$AsyncStreamObservers.lambda$onNext$1(GrpcClientProtocolClient.java:318)
	at org.apache.ratis.util.TimeoutScheduler.lambda$onTimeout$0(TimeoutScheduler.java:113)
	at org.apache.ratis.util.TimeoutScheduler.lambda$onTimeout$1(TimeoutScheduler.java:133)
	at org.apache.ratis.util.LogUtils.runAndLog(LogUtils.java:50)
	at org.apache.ratis.util.LogUtils$1.run(LogUtils.java:91)
	at java.util.concurrent.Executors$RunnableAdapter.call(Executors.java:511)
	at java.util.concurrent.FutureTask.run(FutureTask.java:266)
	at java.util.concurrent.ScheduledThreadPoolExecutor$ScheduledFutureTask.access$201(ScheduledThreadPoolExecutor.java:180)
	at java.util.concurrent.ScheduledThreadPoolExecutor$ScheduledFutureTask.run(ScheduledThreadPoolExecutor.java:293)
	at java.util.concurrent.ThreadPoolExecutor.runWorker(ThreadPoolExecutor.java:1149)
	at java.util.concurrent.ThreadPoolExecutor$Worker.run(ThreadPoolExecutor.java:624)
	at java.lang.Thread.run(Thread.java:748)
2019-10-10 00:01:59,182 [java.util.concurrent.ThreadPoolExecutor$Worker@577850c[State = -1, empty queue]] WARN  util.TimeoutScheduler (LogUtils.java:runAndLog(55)) - Failed to task #0: java.lang.NullPointerException
 0.00% |█                                                                                                    |  0/1 Time: 0:00:08 0.00% |█                                                                                                    |  0/1 Time: 0:00:09 0.00% |█                                                                                                    |  0/1 Time: 0:00:10 0.00% |█                                                                                                    |  0/1 Time: 0:00:112019-10-10 00:02:03,232 [java.util.concurrent.ThreadPoolExecutor$Worker@e20e74c[State = -1, empty queue]] ERROR client.GrpcClientProtocolClient (GrpcClientProtocolClient.java:close(148)) - Unexpected exception while waiting for channel termination
java.lang.InterruptedException
	at java.util.concurrent.locks.AbstractQueuedSynchronizer.tryAcquireSharedNanos(AbstractQueuedSynchronizer.java:1326)
	at java.util.concurrent.CountDownLatch.await(CountDownLatch.java:277)
	at org.apache.ratis.thirdparty.io.grpc.internal.ManagedChannelImpl.awaitTermination(ManagedChannelImpl.java:763)
	at org.apache.ratis.thirdparty.io.grpc.internal.ForwardingManagedChannel.awaitTermination(ForwardingManagedChannel.java:57)
	at org.apache.ratis.thirdparty.io.grpc.internal.ManagedChannelOrphanWrapper.awaitTermination(ManagedChannelOrphanWrapper.java:70)
	at org.apache.ratis.grpc.client.GrpcClientProtocolClient.close(GrpcClientProtocolClient.java:146)
	at org.apache.ratis.util.PeerProxyMap$PeerAndProxy.lambda$close$1(PeerProxyMap.java:74)
	at org.apache.ratis.util.LifeCycle.lambda$checkStateAndClose$2(LifeCycle.java:231)
	at org.apache.ratis.util.LifeCycle.checkStateAndClose(LifeCycle.java:251)
	at org.apache.ratis.util.LifeCycle.checkStateAndClose(LifeCycle.java:229)
	at org.apache.ratis.util.PeerProxyMap$PeerAndProxy.close(PeerProxyMap.java:70)
	at org.apache.ratis.util.PeerProxyMap.resetProxy(PeerProxyMap.java:127)
	at org.apache.ratis.util.PeerProxyMap.handleException(PeerProxyMap.java:136)
	at org.apache.ratis.client.impl.RaftClientRpcWithProxy.handleException(RaftClientRpcWithProxy.java:47)
	at org.apache.ratis.client.impl.RaftClientImpl.handleIOException(RaftClientImpl.java:372)
	at org.apache.ratis.client.impl.OrderedAsync.lambda$sendRequest$10(OrderedAsync.java:236)
	at java.util.concurrent.CompletableFuture.uniExceptionally(CompletableFuture.java:870)
	at java.util.concurrent.CompletableFuture$UniExceptionally.tryFire(CompletableFuture.java:852)
	at java.util.concurrent.CompletableFuture.postComplete(CompletableFuture.java:474)
	at java.util.concurrent.CompletableFuture.completeExceptionally(CompletableFuture.java:1977)
	at org.apache.ratis.grpc.client.GrpcClientProtocolClient$AsyncStreamObservers.lambda$timeoutCheck$3(GrpcClientProtocolClient.java:324)
	at java.util.Optional.ifPresent(Optional.java:159)
	at org.apache.ratis.grpc.client.GrpcClientProtocolClient$AsyncStreamObservers.handleReplyFuture(GrpcClientProtocolClient.java:329)
	at org.apache.ratis.grpc.client.GrpcClientProtocolClient$AsyncStreamObservers.timeoutCheck(GrpcClientProtocolClient.java:324)
	at org.apache.ratis.grpc.client.GrpcClientProtocolClient$AsyncStreamObservers.lambda$onNext$1(GrpcClientProtocolClient.java:318)
	at org.apache.ratis.util.TimeoutScheduler.lambda$onTimeout$0(TimeoutScheduler.java:113)
	at org.apache.ratis.util.TimeoutScheduler.lambda$onTimeout$1(TimeoutScheduler.java:133)
	at org.apache.ratis.util.LogUtils.runAndLog(LogUtils.java:50)
	at org.apache.ratis.util.LogUtils$1.run(LogUtils.java:91)
	at java.util.concurrent.Executors$RunnableAdapter.call(Executors.java:511)
	at java.util.concurrent.FutureTask.run(FutureTask.java:266)
	at java.util.concurrent.ScheduledThreadPoolExecutor$ScheduledFutureTask.access$201(ScheduledThreadPoolExecutor.java:180)
	at java.util.concurrent.ScheduledThreadPoolExecutor$ScheduledFutureTask.run(ScheduledThreadPoolExecutor.java:293)
	at java.util.concurrent.ThreadPoolExecutor.runWorker(ThreadPoolExecutor.java:1149)
	at java.util.concurrent.ThreadPoolExecutor$Worker.run(ThreadPoolExecutor.java:624)
	at java.lang.Thread.run(Thread.java:748)
2019-10-10 00:02:03,233 [java.util.concurrent.ThreadPoolExecutor$Worker@e20e74c[State = -1, empty queue]] WARN  util.TimeoutScheduler (LogUtils.java:runAndLog(55)) - Failed to task #0: java.lang.NullPointerException
 0.00% |█                                                                                                    |  0/1 Time: 0:00:12 0.00% |█                                                                                                    |  0/1 Time: 0:00:13 0.00% |█                                                                                                    |  0/1 Time: 0:00:14 0.00% |█                                                                                                    |  0/1 Time: 0:00:152019-10-10 00:02:07,285 [java.util.concurrent.ThreadPoolExecutor$Worker@3dcb0ce8[State = -1, empty queue]] ERROR client.GrpcClientProtocolClient (GrpcClientProtocolClient.java:close(148)) - Unexpected exception while waiting for channel termination
java.lang.InterruptedException
	at java.util.concurrent.locks.AbstractQueuedSynchronizer.tryAcquireSharedNanos(AbstractQueuedSynchronizer.java:1326)
	at java.util.concurrent.CountDownLatch.await(CountDownLatch.java:277)
	at org.apache.ratis.thirdparty.io.grpc.internal.ManagedChannelImpl.awaitTermination(ManagedChannelImpl.java:763)
	at org.apache.ratis.thirdparty.io.grpc.internal.ForwardingManagedChannel.awaitTermination(ForwardingManagedChannel.java:57)
	at org.apache.ratis.thirdparty.io.grpc.internal.ManagedChannelOrphanWrapper.awaitTermination(ManagedChannelOrphanWrapper.java:70)
	at org.apache.ratis.grpc.client.GrpcClientProtocolClient.close(GrpcClientProtocolClient.java:146)
	at org.apache.ratis.util.PeerProxyMap$PeerAndProxy.lambda$close$1(PeerProxyMap.java:74)
	at org.apache.ratis.util.LifeCycle.lambda$checkStateAndClose$2(LifeCycle.java:231)
	at org.apache.ratis.util.LifeCycle.checkStateAndClose(LifeCycle.java:251)
	at org.apache.ratis.util.LifeCycle.checkStateAndClose(LifeCycle.java:229)
	at org.apache.ratis.util.PeerProxyMap$PeerAndProxy.close(PeerProxyMap.java:70)
	at org.apache.ratis.util.PeerProxyMap.resetProxy(PeerProxyMap.java:127)
	at org.apache.ratis.util.PeerProxyMap.handleException(PeerProxyMap.java:136)
	at org.apache.ratis.client.impl.RaftClientRpcWithProxy.handleException(RaftClientRpcWithProxy.java:47)
	at org.apache.ratis.client.impl.RaftClientImpl.handleIOException(RaftClientImpl.java:372)
	at org.apache.ratis.client.impl.OrderedAsync.lambda$sendRequest$10(OrderedAsync.java:236)
	at java.util.concurrent.CompletableFuture.uniExceptionally(CompletableFuture.java:870)
	at java.util.concurrent.CompletableFuture$UniExceptionally.tryFire(CompletableFuture.java:852)
	at java.util.concurrent.CompletableFuture.postComplete(CompletableFuture.java:474)
	at java.util.concurrent.CompletableFuture.completeExceptionally(CompletableFuture.java:1977)
	at org.apache.ratis.grpc.client.GrpcClientProtocolClient$AsyncStreamObservers.lambda$timeoutCheck$3(GrpcClientProtocolClient.java:324)
	at java.util.Optional.ifPresent(Optional.java:159)
	at org.apache.ratis.grpc.client.GrpcClientProtocolClient$AsyncStreamObservers.handleReplyFuture(GrpcClientProtocolClient.java:329)
	at org.apache.ratis.grpc.client.GrpcClientProtocolClient$AsyncStreamObservers.timeoutCheck(GrpcClientProtocolClient.java:324)
	at org.apache.ratis.grpc.client.GrpcClientProtocolClient$AsyncStreamObservers.lambda$onNext$1(GrpcClientProtocolClient.java:318)
	at org.apache.ratis.util.TimeoutScheduler.lambda$onTimeout$0(TimeoutScheduler.java:113)
	at org.apache.ratis.util.TimeoutScheduler.lambda$onTimeout$1(TimeoutScheduler.java:133)
	at org.apache.ratis.util.LogUtils.runAndLog(LogUtils.java:50)
	at org.apache.ratis.util.LogUtils$1.run(LogUtils.java:91)
	at java.util.concurrent.Executors$RunnableAdapter.call(Executors.java:511)
	at java.util.concurrent.FutureTask.run(FutureTask.java:266)
	at java.util.concurrent.ScheduledThreadPoolExecutor$ScheduledFutureTask.access$201(ScheduledThreadPoolExecutor.java:180)
	at java.util.concurrent.ScheduledThreadPoolExecutor$ScheduledFutureTask.run(ScheduledThreadPoolExecutor.java:293)
	at java.util.concurrent.ThreadPoolExecutor.runWorker(ThreadPoolExecutor.java:1149)
	at java.util.concurrent.ThreadPoolExecutor$Worker.run(ThreadPoolExecutor.java:624)
	at java.lang.Thread.run(Thread.java:748)
2019-10-10 00:02:07,286 [java.util.concurrent.ThreadPoolExecutor$Worker@3dcb0ce8[State = -1, empty queue]] WARN  util.TimeoutScheduler (LogUtils.java:runAndLog(55)) - Failed to task #0: java.lang.NullPointerException
 0.00% |█                                                                                                    |  0/1 Time: 0:00:16 0.00% |█                                                                                                    |  0/1 Time: 0:00:17 0.00% |█                                                                                                    |  0/1 Time: 0:00:18 0.00% |█                                                                                                    |  0/1 Time: 0:00:192019-10-10 00:02:11,329 [java.util.concurrent.ThreadPoolExecutor$Worker@760ed72d[State = -1, empty queue]] ERROR client.GrpcClientProtocolClient (GrpcClientProtocolClient.java:close(148)) - Unexpected exception while waiting for channel termination
java.lang.InterruptedException
	at java.util.concurrent.locks.AbstractQueuedSynchronizer.tryAcquireSharedNanos(AbstractQueuedSynchronizer.java:1326)
	at java.util.concurrent.CountDownLatch.await(CountDownLatch.java:277)
	at org.apache.ratis.thirdparty.io.grpc.internal.ManagedChannelImpl.awaitTermination(ManagedChannelImpl.java:763)
	at org.apache.ratis.thirdparty.io.grpc.internal.ForwardingManagedChannel.awaitTermination(ForwardingManagedChannel.java:57)
	at org.apache.ratis.thirdparty.io.grpc.internal.ManagedChannelOrphanWrapper.awaitTermination(ManagedChannelOrphanWrapper.java:70)
	at org.apache.ratis.grpc.client.GrpcClientProtocolClient.close(GrpcClientProtocolClient.java:146)
	at org.apache.ratis.util.PeerProxyMap$PeerAndProxy.lambda$close$1(PeerProxyMap.java:74)
	at org.apache.ratis.util.LifeCycle.lambda$checkStateAndClose$2(LifeCycle.java:231)
	at org.apache.ratis.util.LifeCycle.checkStateAndClose(LifeCycle.java:251)
	at org.apache.ratis.util.LifeCycle.checkStateAndClose(LifeCycle.java:229)
	at org.apache.ratis.util.PeerProxyMap$PeerAndProxy.close(PeerProxyMap.java:70)
	at org.apache.ratis.util.PeerProxyMap.resetProxy(PeerProxyMap.java:127)
	at org.apache.ratis.util.PeerProxyMap.handleException(PeerProxyMap.java:136)
	at org.apache.ratis.client.impl.RaftClientRpcWithProxy.handleException(RaftClientRpcWithProxy.java:47)
	at org.apache.ratis.client.impl.RaftClientImpl.handleIOException(RaftClientImpl.java:372)
	at org.apache.ratis.client.impl.OrderedAsync.lambda$sendRequest$10(OrderedAsync.java:236)
	at java.util.concurrent.CompletableFuture.uniExceptionally(CompletableFuture.java:870)
	at java.util.concurrent.CompletableFuture$UniExceptionally.tryFire(CompletableFuture.java:852)
	at java.util.concurrent.CompletableFuture.postComplete(CompletableFuture.java:474)
	at java.util.concurrent.CompletableFuture.completeExceptionally(CompletableFuture.java:1977)
	at org.apache.ratis.grpc.client.GrpcClientProtocolClient$AsyncStreamObservers.lambda$timeoutCheck$3(GrpcClientProtocolClient.java:324)
	at java.util.Optional.ifPresent(Optional.java:159)
	at org.apache.ratis.grpc.client.GrpcClientProtocolClient$AsyncStreamObservers.handleReplyFuture(GrpcClientProtocolClient.java:329)
	at org.apache.ratis.grpc.client.GrpcClientProtocolClient$AsyncStreamObservers.timeoutCheck(GrpcClientProtocolClient.java:324)
	at org.apache.ratis.grpc.client.GrpcClientProtocolClient$AsyncStreamObservers.lambda$onNext$1(GrpcClientProtocolClient.java:318)
	at org.apache.ratis.util.TimeoutScheduler.lambda$onTimeout$0(TimeoutScheduler.java:113)
	at org.apache.ratis.util.TimeoutScheduler.lambda$onTimeout$1(TimeoutScheduler.java:133)
	at org.apache.ratis.util.LogUtils.runAndLog(LogUtils.java:50)
	at org.apache.ratis.util.LogUtils$1.run(LogUtils.java:91)
	at java.util.concurrent.Executors$RunnableAdapter.call(Executors.java:511)
	at java.util.concurrent.FutureTask.run(FutureTask.java:266)
	at java.util.concurrent.ScheduledThreadPoolExecutor$ScheduledFutureTask.access$201(ScheduledThreadPoolExecutor.java:180)
	at java.util.concurrent.ScheduledThreadPoolExecutor$ScheduledFutureTask.run(ScheduledThreadPoolExecutor.java:293)
	at java.util.concurrent.ThreadPoolExecutor.runWorker(ThreadPoolExecutor.java:1149)
	at java.util.concurrent.ThreadPoolExecutor$Worker.run(ThreadPoolExecutor.java:624)
	at java.lang.Thread.run(Thread.java:748)
2019-10-10 00:02:11,331 [java.util.concurrent.ThreadPoolExecutor$Worker@760ed72d[State = -1, empty queue]] WARN  util.TimeoutScheduler (LogUtils.java:runAndLog(55)) - Failed to task #0: java.lang.NullPointerException
 0.00% |█                                                                                                    |  0/1 Time: 0:00:20 0.00% |█                                                                                                    |  0/1 Time: 0:00:21 0.00% |█                                                                                                    |  0/1 Time: 0:00:22 0.00% |█                                                                                                    |  0/1 Time: 0:00:232019-10-10 00:02:15,385 [java.util.concurrent.ThreadPoolExecutor$Worker@5ce90f87[State = -1, empty queue]] ERROR client.GrpcClientProtocolClient (GrpcClientProtocolClient.java:close(148)) - Unexpected exception while waiting for channel termination
java.lang.InterruptedException
	at java.util.concurrent.locks.AbstractQueuedSynchronizer.tryAcquireSharedNanos(AbstractQueuedSynchronizer.java:1326)
	at java.util.concurrent.CountDownLatch.await(CountDownLatch.java:277)
	at org.apache.ratis.thirdparty.io.grpc.internal.ManagedChannelImpl.awaitTermination(ManagedChannelImpl.java:763)
	at org.apache.ratis.thirdparty.io.grpc.internal.ForwardingManagedChannel.awaitTermination(ForwardingManagedChannel.java:57)
	at org.apache.ratis.thirdparty.io.grpc.internal.ManagedChannelOrphanWrapper.awaitTermination(ManagedChannelOrphanWrapper.java:70)
	at org.apache.ratis.grpc.client.GrpcClientProtocolClient.close(GrpcClientProtocolClient.java:146)
	at org.apache.ratis.util.PeerProxyMap$PeerAndProxy.lambda$close$1(PeerProxyMap.java:74)
	at org.apache.ratis.util.LifeCycle.lambda$checkStateAndClose$2(LifeCycle.java:231)
	at org.apache.ratis.util.LifeCycle.checkStateAndClose(LifeCycle.java:251)
	at org.apache.ratis.util.LifeCycle.checkStateAndClose(LifeCycle.java:229)
	at org.apache.ratis.util.PeerProxyMap$PeerAndProxy.close(PeerProxyMap.java:70)
	at org.apache.ratis.util.PeerProxyMap.resetProxy(PeerProxyMap.java:127)
	at org.apache.ratis.util.PeerProxyMap.handleException(PeerProxyMap.java:136)
	at org.apache.ratis.client.impl.RaftClientRpcWithProxy.handleException(RaftClientRpcWithProxy.java:47)
	at org.apache.ratis.client.impl.RaftClientImpl.handleIOException(RaftClientImpl.java:372)
	at org.apache.ratis.client.impl.OrderedAsync.lambda$sendRequest$10(OrderedAsync.java:236)
	at java.util.concurrent.CompletableFuture.uniExceptionally(CompletableFuture.java:870)
	at java.util.concurrent.CompletableFuture$UniExceptionally.tryFire(CompletableFuture.java:852)
	at java.util.concurrent.CompletableFuture.postComplete(CompletableFuture.java:474)
	at java.util.concurrent.CompletableFuture.completeExceptionally(CompletableFuture.java:1977)
	at org.apache.ratis.grpc.client.GrpcClientProtocolClient$AsyncStreamObservers.lambda$timeoutCheck$3(GrpcClientProtocolClient.java:324)
	at java.util.Optional.ifPresent(Optional.java:159)
	at org.apache.ratis.grpc.client.GrpcClientProtocolClient$AsyncStreamObservers.handleReplyFuture(GrpcClientProtocolClient.java:329)
	at org.apache.ratis.grpc.client.GrpcClientProtocolClient$AsyncStreamObservers.timeoutCheck(GrpcClientProtocolClient.java:324)
	at org.apache.ratis.grpc.client.GrpcClientProtocolClient$AsyncStreamObservers.lambda$onNext$1(GrpcClientProtocolClient.java:318)
	at org.apache.ratis.util.TimeoutScheduler.lambda$onTimeout$0(TimeoutScheduler.java:113)
	at org.apache.ratis.util.TimeoutScheduler.lambda$onTimeout$1(TimeoutScheduler.java:133)
	at org.apache.ratis.util.LogUtils.runAndLog(LogUtils.java:50)
	at org.apache.ratis.util.LogUtils$1.run(LogUtils.java:91)
	at java.util.concurrent.Executors$RunnableAdapter.call(Executors.java:511)
	at java.util.concurrent.FutureTask.run(FutureTask.java:266)
	at java.util.concurrent.ScheduledThreadPoolExecutor$ScheduledFutureTask.access$201(ScheduledThreadPoolExecutor.java:180)
	at java.util.concurrent.ScheduledThreadPoolExecutor$ScheduledFutureTask.run(ScheduledThreadPoolExecutor.java:293)
	at java.util.concurrent.ThreadPoolExecutor.runWorker(ThreadPoolExecutor.java:1149)
	at java.util.concurrent.ThreadPoolExecutor$Worker.run(ThreadPoolExecutor.java:624)
	at java.lang.Thread.run(Thread.java:748)
2019-10-10 00:02:15,389 [java.util.concurrent.ThreadPoolExecutor$Worker@5ce90f87[State = -1, empty queue]] WARN  util.TimeoutScheduler (LogUtils.java:runAndLog(55)) - Failed to task #0: java.lang.NullPointerException
 0.00% |█                                                                                                    |  0/1 Time: 0:00:24 0.00% |█                                                                                                    |  0/1 Time: 0:00:25 0.00% |█                                                                                                    |  0/1 Time: 0:00:26 0.00% |█                                                                                                    |  0/1 Time: 0:00:272019-10-10 00:02:19,438 [java.util.concurrent.ThreadPoolExecutor$Worker@32073f67[State = -1, empty queue]] ERROR client.GrpcClientProtocolClient (GrpcClientProtocolClient.java:close(148)) - Unexpected exception while waiting for channel termination
java.lang.InterruptedException
	at java.util.concurrent.locks.AbstractQueuedSynchronizer.tryAcquireSharedNanos(AbstractQueuedSynchronizer.java:1326)
	at java.util.concurrent.CountDownLatch.await(CountDownLatch.java:277)
	at org.apache.ratis.thirdparty.io.grpc.internal.ManagedChannelImpl.awaitTermination(ManagedChannelImpl.java:763)
	at org.apache.ratis.thirdparty.io.grpc.internal.ForwardingManagedChannel.awaitTermination(ForwardingManagedChannel.java:57)
	at org.apache.ratis.thirdparty.io.grpc.internal.ManagedChannelOrphanWrapper.awaitTermination(ManagedChannelOrphanWrapper.java:70)
	at org.apache.ratis.grpc.client.GrpcClientProtocolClient.close(GrpcClientProtocolClient.java:146)
	at org.apache.ratis.util.PeerProxyMap$PeerAndProxy.lambda$close$1(PeerProxyMap.java:74)
	at org.apache.ratis.util.LifeCycle.lambda$checkStateAndClose$2(LifeCycle.java:231)
	at org.apache.ratis.util.LifeCycle.checkStateAndClose(LifeCycle.java:251)
	at org.apache.ratis.util.LifeCycle.checkStateAndClose(LifeCycle.java:229)
	at org.apache.ratis.util.PeerProxyMap$PeerAndProxy.close(PeerProxyMap.java:70)
	at org.apache.ratis.util.PeerProxyMap.resetProxy(PeerProxyMap.java:127)
	at org.apache.ratis.util.PeerProxyMap.handleException(PeerProxyMap.java:136)
	at org.apache.ratis.client.impl.RaftClientRpcWithProxy.handleException(RaftClientRpcWithProxy.java:47)
	at org.apache.ratis.client.impl.RaftClientImpl.handleIOException(RaftClientImpl.java:372)
	at org.apache.ratis.client.impl.OrderedAsync.lambda$sendRequest$10(OrderedAsync.java:236)
	at java.util.concurrent.CompletableFuture.uniExceptionally(CompletableFuture.java:870)
	at java.util.concurrent.CompletableFuture$UniExceptionally.tryFire(CompletableFuture.java:852)
	at java.util.concurrent.CompletableFuture.postComplete(CompletableFuture.java:474)
	at java.util.concurrent.CompletableFuture.completeExceptionally(CompletableFuture.java:1977)
	at org.apache.ratis.grpc.client.GrpcClientProtocolClient$AsyncStreamObservers.lambda$timeoutCheck$3(GrpcClientProtocolClient.java:324)
	at java.util.Optional.ifPresent(Optional.java:159)
	at org.apache.ratis.grpc.client.GrpcClientProtocolClient$AsyncStreamObservers.handleReplyFuture(GrpcClientProtocolClient.java:329)
	at org.apache.ratis.grpc.client.GrpcClientProtocolClient$AsyncStreamObservers.timeoutCheck(GrpcClientProtocolClient.java:324)
	at org.apache.ratis.grpc.client.GrpcClientProtocolClient$AsyncStreamObservers.lambda$onNext$1(GrpcClientProtocolClient.java:318)
	at org.apache.ratis.util.TimeoutScheduler.lambda$onTimeout$0(TimeoutScheduler.java:113)
	at org.apache.ratis.util.TimeoutScheduler.lambda$onTimeout$1(TimeoutScheduler.java:133)
	at org.apache.ratis.util.LogUtils.runAndLog(LogUtils.java:50)
	at org.apache.ratis.util.LogUtils$1.run(LogUtils.java:91)
	at java.util.concurrent.Executors$RunnableAdapter.call(Executors.java:511)
	at java.util.concurrent.FutureTask.run(FutureTask.java:266)
	at java.util.concurrent.ScheduledThreadPoolExecutor$ScheduledFutureTask.access$201(ScheduledThreadPoolExecutor.java:180)
	at java.util.concurrent.ScheduledThreadPoolExecutor$ScheduledFutureTask.run(ScheduledThreadPoolExecutor.java:293)
	at java.util.concurrent.ThreadPoolExecutor.runWorker(ThreadPoolExecutor.java:1149)
	at java.util.concurrent.ThreadPoolExecutor$Worker.run(ThreadPoolExecutor.java:624)
	at java.lang.Thread.run(Thread.java:748)
2019-10-10 00:02:19,442 [java.util.concurrent.ThreadPoolExecutor$Worker@32073f67[State = -1, empty queue]] WARN  util.TimeoutScheduler (LogUtils.java:runAndLog(55)) - Failed to task #0: java.lang.NullPointerException
 0.00% |█                                                                                                    |  0/1 Time: 0:00:28 0.00% |█                                                                                                    |  0/1 Time: 0:00:29 0.00% |█                                                                                                    |  0/1 Time: 0:00:30 0.00% |█                                                                                                    |  0/1 Time: 0:00:312019-10-10 00:02:23,495 [java.util.concurrent.ThreadPoolExecutor$Worker@a1e33ec[State = -1, empty queue]] ERROR client.GrpcClientProtocolClient (GrpcClientProtocolClient.java:close(148)) - Unexpected exception while waiting for channel termination
java.lang.InterruptedException
	at java.util.concurrent.locks.AbstractQueuedSynchronizer.tryAcquireSharedNanos(AbstractQueuedSynchronizer.java:1326)
	at java.util.concurrent.CountDownLatch.await(CountDownLatch.java:277)
	at org.apache.ratis.thirdparty.io.grpc.internal.ManagedChannelImpl.awaitTermination(ManagedChannelImpl.java:763)
	at org.apache.ratis.thirdparty.io.grpc.internal.ForwardingManagedChannel.awaitTermination(ForwardingManagedChannel.java:57)
	at org.apache.ratis.thirdparty.io.grpc.internal.ManagedChannelOrphanWrapper.awaitTermination(ManagedChannelOrphanWrapper.java:70)
	at org.apache.ratis.grpc.client.GrpcClientProtocolClient.close(GrpcClientProtocolClient.java:146)
	at org.apache.ratis.util.PeerProxyMap$PeerAndProxy.lambda$close$1(PeerProxyMap.java:74)
	at org.apache.ratis.util.LifeCycle.lambda$checkStateAndClose$2(LifeCycle.java:231)
	at org.apache.ratis.util.LifeCycle.checkStateAndClose(LifeCycle.java:251)
	at org.apache.ratis.util.LifeCycle.checkStateAndClose(LifeCycle.java:229)
	at org.apache.ratis.util.PeerProxyMap$PeerAndProxy.close(PeerProxyMap.java:70)
	at org.apache.ratis.util.PeerProxyMap.resetProxy(PeerProxyMap.java:127)
	at org.apache.ratis.util.PeerProxyMap.handleException(PeerProxyMap.java:136)
	at org.apache.ratis.client.impl.RaftClientRpcWithProxy.handleException(RaftClientRpcWithProxy.java:47)
	at org.apache.ratis.client.impl.RaftClientImpl.handleIOException(RaftClientImpl.java:372)
	at org.apache.ratis.client.impl.OrderedAsync.lambda$sendRequest$10(OrderedAsync.java:236)
	at java.util.concurrent.CompletableFuture.uniExceptionally(CompletableFuture.java:870)
	at java.util.concurrent.CompletableFuture$UniExceptionally.tryFire(CompletableFuture.java:852)
	at java.util.concurrent.CompletableFuture.postComplete(CompletableFuture.java:474)
	at java.util.concurrent.CompletableFuture.completeExceptionally(CompletableFuture.java:1977)
	at org.apache.ratis.grpc.client.GrpcClientProtocolClient$AsyncStreamObservers.lambda$timeoutCheck$3(GrpcClientProtocolClient.java:324)
	at java.util.Optional.ifPresent(Optional.java:159)
	at org.apache.ratis.grpc.client.GrpcClientProtocolClient$AsyncStreamObservers.handleReplyFuture(GrpcClientProtocolClient.java:329)
	at org.apache.ratis.grpc.client.GrpcClientProtocolClient$AsyncStreamObservers.timeoutCheck(GrpcClientProtocolClient.java:324)
	at org.apache.ratis.grpc.client.GrpcClientProtocolClient$AsyncStreamObservers.lambda$onNext$1(GrpcClientProtocolClient.java:318)
	at org.apache.ratis.util.TimeoutScheduler.lambda$onTimeout$0(TimeoutScheduler.java:113)
	at org.apache.ratis.util.TimeoutScheduler.lambda$onTimeout$1(TimeoutScheduler.java:133)
	at org.apache.ratis.util.LogUtils.runAndLog(LogUtils.java:50)
	at org.apache.ratis.util.LogUtils$1.run(LogUtils.java:91)
	at java.util.concurrent.Executors$RunnableAdapter.call(Executors.java:511)
	at java.util.concurrent.FutureTask.run(FutureTask.java:266)
	at java.util.concurrent.ScheduledThreadPoolExecutor$ScheduledFutureTask.access$201(ScheduledThreadPoolExecutor.java:180)
	at java.util.concurrent.ScheduledThreadPoolExecutor$ScheduledFutureTask.run(ScheduledThreadPoolExecutor.java:293)
	at java.util.concurrent.ThreadPoolExecutor.runWorker(ThreadPoolExecutor.java:1149)
	at java.util.concurrent.ThreadPoolExecutor$Worker.run(ThreadPoolExecutor.java:624)
	at java.lang.Thread.run(Thread.java:748)
2019-10-10 00:02:23,498 [java.util.concurrent.ThreadPoolExecutor$Worker@a1e33ec[State = -1, empty queue]] WARN  util.TimeoutScheduler (LogUtils.java:runAndLog(55)) - Failed to task #0: java.lang.NullPointerException
 0.00% |█                                                                                                    |  0/1 Time: 0:00:32 0.00% |█                                                                                                    |  0/1 Time: 0:00:33 0.00% |█                                                                                                    |  0/1 Time: 0:00:34 0.00% |█                                                                                                    |  0/1 Time: 0:00:352019-10-10 00:02:27,552 [java.util.concurrent.ThreadPoolExecutor$Worker@10723897[State = -1, empty queue]] ERROR client.GrpcClientProtocolClient (GrpcClientProtocolClient.java:close(148)) - Unexpected exception while waiting for channel termination
java.lang.InterruptedException
	at java.util.concurrent.locks.AbstractQueuedSynchronizer.tryAcquireSharedNanos(AbstractQueuedSynchronizer.java:1326)
	at java.util.concurrent.CountDownLatch.await(CountDownLatch.java:277)
	at org.apache.ratis.thirdparty.io.grpc.internal.ManagedChannelImpl.awaitTermination(ManagedChannelImpl.java:763)
	at org.apache.ratis.thirdparty.io.grpc.internal.ForwardingManagedChannel.awaitTermination(ForwardingManagedChannel.java:57)
	at org.apache.ratis.thirdparty.io.grpc.internal.ManagedChannelOrphanWrapper.awaitTermination(ManagedChannelOrphanWrapper.java:70)
	at org.apache.ratis.grpc.client.GrpcClientProtocolClient.close(GrpcClientProtocolClient.java:146)
	at org.apache.ratis.util.PeerProxyMap$PeerAndProxy.lambda$close$1(PeerProxyMap.java:74)
	at org.apache.ratis.util.LifeCycle.lambda$checkStateAndClose$2(LifeCycle.java:231)
	at org.apache.ratis.util.LifeCycle.checkStateAndClose(LifeCycle.java:251)
	at org.apache.ratis.util.LifeCycle.checkStateAndClose(LifeCycle.java:229)
	at org.apache.ratis.util.PeerProxyMap$PeerAndProxy.close(PeerProxyMap.java:70)
	at org.apache.ratis.util.PeerProxyMap.resetProxy(PeerProxyMap.java:127)
	at org.apache.ratis.util.PeerProxyMap.handleException(PeerProxyMap.java:136)
	at org.apache.ratis.client.impl.RaftClientRpcWithProxy.handleException(RaftClientRpcWithProxy.java:47)
	at org.apache.ratis.client.impl.RaftClientImpl.handleIOException(RaftClientImpl.java:372)
	at org.apache.ratis.client.impl.OrderedAsync.lambda$sendRequest$10(OrderedAsync.java:236)
	at java.util.concurrent.CompletableFuture.uniExceptionally(CompletableFuture.java:870)
	at java.util.concurrent.CompletableFuture$UniExceptionally.tryFire(CompletableFuture.java:852)
	at java.util.concurrent.CompletableFuture.postComplete(CompletableFuture.java:474)
	at java.util.concurrent.CompletableFuture.completeExceptionally(CompletableFuture.java:1977)
	at org.apache.ratis.grpc.client.GrpcClientProtocolClient$AsyncStreamObservers.lambda$timeoutCheck$3(GrpcClientProtocolClient.java:324)
	at java.util.Optional.ifPresent(Optional.java:159)
	at org.apache.ratis.grpc.client.GrpcClientProtocolClient$AsyncStreamObservers.handleReplyFuture(GrpcClientProtocolClient.java:329)
	at org.apache.ratis.grpc.client.GrpcClientProtocolClient$AsyncStreamObservers.timeoutCheck(GrpcClientProtocolClient.java:324)
	at org.apache.ratis.grpc.client.GrpcClientProtocolClient$AsyncStreamObservers.lambda$onNext$1(GrpcClientProtocolClient.java:318)
	at org.apache.ratis.util.TimeoutScheduler.lambda$onTimeout$0(TimeoutScheduler.java:113)
	at org.apache.ratis.util.TimeoutScheduler.lambda$onTimeout$1(TimeoutScheduler.java:133)
	at org.apache.ratis.util.LogUtils.runAndLog(LogUtils.java:50)
	at org.apache.ratis.util.LogUtils$1.run(LogUtils.java:91)
	at java.util.concurrent.Executors$RunnableAdapter.call(Executors.java:511)
	at java.util.concurrent.FutureTask.run(FutureTask.java:266)
	at java.util.concurrent.ScheduledThreadPoolExecutor$ScheduledFutureTask.access$201(ScheduledThreadPoolExecutor.java:180)
	at java.util.concurrent.ScheduledThreadPoolExecutor$ScheduledFutureTask.run(ScheduledThreadPoolExecutor.java:293)
	at java.util.concurrent.ThreadPoolExecutor.runWorker(ThreadPoolExecutor.java:1149)
	at java.util.concurrent.ThreadPoolExecutor$Worker.run(ThreadPoolExecutor.java:624)
	at java.lang.Thread.run(Thread.java:748)
2019-10-10 00:02:27,555 [java.util.concurrent.ThreadPoolExecutor$Worker@10723897[State = -1, empty queue]] WARN  util.TimeoutScheduler (LogUtils.java:runAndLog(55)) - Failed to task #0: java.lang.NullPointerException
 0.00% |█                                                                                                    |  0/1 Time: 0:00:36 0.00% |█                                                                                                    |  0/1 Time: 0:00:37 0.00% |█                                                                                                    |  0/1 Time: 0:00:38 0.00% |█                                                                                                    |  0/1 Time: 0:00:392019-10-10 00:02:31,617 [java.util.concurrent.ThreadPoolExecutor$Worker@2160e13d[State = -1, empty queue]] ERROR client.GrpcClientProtocolClient (GrpcClientProtocolClient.java:close(148)) - Unexpected exception while waiting for channel termination
java.lang.InterruptedException
	at java.util.concurrent.locks.AbstractQueuedSynchronizer.tryAcquireSharedNanos(AbstractQueuedSynchronizer.java:1326)
	at java.util.concurrent.CountDownLatch.await(CountDownLatch.java:277)
	at org.apache.ratis.thirdparty.io.grpc.internal.ManagedChannelImpl.awaitTermination(ManagedChannelImpl.java:763)
	at org.apache.ratis.thirdparty.io.grpc.internal.ForwardingManagedChannel.awaitTermination(ForwardingManagedChannel.java:57)
	at org.apache.ratis.thirdparty.io.grpc.internal.ManagedChannelOrphanWrapper.awaitTermination(ManagedChannelOrphanWrapper.java:70)
	at org.apache.ratis.grpc.client.GrpcClientProtocolClient.close(GrpcClientProtocolClient.java:146)
	at org.apache.ratis.util.PeerProxyMap$PeerAndProxy.lambda$close$1(PeerProxyMap.java:74)
	at org.apache.ratis.util.LifeCycle.lambda$checkStateAndClose$2(LifeCycle.java:231)
	at org.apache.ratis.util.LifeCycle.checkStateAndClose(LifeCycle.java:251)
	at org.apache.ratis.util.LifeCycle.checkStateAndClose(LifeCycle.java:229)
	at org.apache.ratis.util.PeerProxyMap$PeerAndProxy.close(PeerProxyMap.java:70)
	at org.apache.ratis.util.PeerProxyMap.resetProxy(PeerProxyMap.java:127)
	at org.apache.ratis.util.PeerProxyMap.handleException(PeerProxyMap.java:136)
	at org.apache.ratis.client.impl.RaftClientRpcWithProxy.handleException(RaftClientRpcWithProxy.java:47)
	at org.apache.ratis.client.impl.RaftClientImpl.handleIOException(RaftClientImpl.java:372)
	at org.apache.ratis.client.impl.OrderedAsync.lambda$sendRequest$10(OrderedAsync.java:236)
	at java.util.concurrent.CompletableFuture.uniExceptionally(CompletableFuture.java:870)
	at java.util.concurrent.CompletableFuture$UniExceptionally.tryFire(CompletableFuture.java:852)
	at java.util.concurrent.CompletableFuture.postComplete(CompletableFuture.java:474)
	at java.util.concurrent.CompletableFuture.completeExceptionally(CompletableFuture.java:1977)
	at org.apache.ratis.grpc.client.GrpcClientProtocolClient$AsyncStreamObservers.lambda$timeoutCheck$3(GrpcClientProtocolClient.java:324)
	at java.util.Optional.ifPresent(Optional.java:159)
	at org.apache.ratis.grpc.client.GrpcClientProtocolClient$AsyncStreamObservers.handleReplyFuture(GrpcClientProtocolClient.java:329)
	at org.apache.ratis.grpc.client.GrpcClientProtocolClient$AsyncStreamObservers.timeoutCheck(GrpcClientProtocolClient.java:324)
	at org.apache.ratis.grpc.client.GrpcClientProtocolClient$AsyncStreamObservers.lambda$onNext$1(GrpcClientProtocolClient.java:318)
	at org.apache.ratis.util.TimeoutScheduler.lambda$onTimeout$0(TimeoutScheduler.java:113)
	at org.apache.ratis.util.TimeoutScheduler.lambda$onTimeout$1(TimeoutScheduler.java:133)
	at org.apache.ratis.util.LogUtils.runAndLog(LogUtils.java:50)
	at org.apache.ratis.util.LogUtils$1.run(LogUtils.java:91)
	at java.util.concurrent.Executors$RunnableAdapter.call(Executors.java:511)
	at java.util.concurrent.FutureTask.run(FutureTask.java:266)
	at java.util.concurrent.ScheduledThreadPoolExecutor$ScheduledFutureTask.access$201(ScheduledThreadPoolExecutor.java:180)
	at java.util.concurrent.ScheduledThreadPoolExecutor$ScheduledFutureTask.run(ScheduledThreadPoolExecutor.java:293)
	at java.util.concurrent.ThreadPoolExecutor.runWorker(ThreadPoolExecutor.java:1149)
	at java.util.concurrent.ThreadPoolExecutor$Worker.run(ThreadPoolExecutor.java:624)
	at java.lang.Thread.run(Thread.java:748)
2019-10-10 00:02:31,620 [java.util.concurrent.ThreadPoolExecutor$Worker@2160e13d[State = -1, empty queue]] WARN  util.TimeoutScheduler (LogUtils.java:runAndLog(55)) - Failed to task #0: java.lang.NullPointerException
 0.00% |█                                                                                                    |  0/1 Time: 0:00:40 0.00% |█                                                                                                    |  0/1 Time: 0:00:41 0.00% |█                                                                                                    |  0/1 Time: 0:00:42 0.00% |█                                                                                                    |  0/1 Time: 0:00:43 0.00% |█                                                                                                    |  0/1 Time: 0:00:442019-10-10 00:02:35,668 [java.util.concurrent.ThreadPoolExecutor$Worker@620297fd[State = -1, empty queue]] ERROR client.GrpcClientProtocolClient (GrpcClientProtocolClient.java:close(148)) - Unexpected exception while waiting for channel termination
java.lang.InterruptedException
	at java.util.concurrent.locks.AbstractQueuedSynchronizer.tryAcquireSharedNanos(AbstractQueuedSynchronizer.java:1326)
	at java.util.concurrent.CountDownLatch.await(CountDownLatch.java:277)
	at org.apache.ratis.thirdparty.io.grpc.internal.ManagedChannelImpl.awaitTermination(ManagedChannelImpl.java:763)
	at org.apache.ratis.thirdparty.io.grpc.internal.ForwardingManagedChannel.awaitTermination(ForwardingManagedChannel.java:57)
	at org.apache.ratis.thirdparty.io.grpc.internal.ManagedChannelOrphanWrapper.awaitTermination(ManagedChannelOrphanWrapper.java:70)
	at org.apache.ratis.grpc.client.GrpcClientProtocolClient.close(GrpcClientProtocolClient.java:146)
	at org.apache.ratis.util.PeerProxyMap$PeerAndProxy.lambda$close$1(PeerProxyMap.java:74)
	at org.apache.ratis.util.LifeCycle.lambda$checkStateAndClose$2(LifeCycle.java:231)
	at org.apache.ratis.util.LifeCycle.checkStateAndClose(LifeCycle.java:251)
	at org.apache.ratis.util.LifeCycle.checkStateAndClose(LifeCycle.java:229)
	at org.apache.ratis.util.PeerProxyMap$PeerAndProxy.close(PeerProxyMap.java:70)
	at org.apache.ratis.util.PeerProxyMap.resetProxy(PeerProxyMap.java:127)
	at org.apache.ratis.util.PeerProxyMap.handleException(PeerProxyMap.java:136)
	at org.apache.ratis.client.impl.RaftClientRpcWithProxy.handleException(RaftClientRpcWithProxy.java:47)
	at org.apache.ratis.client.impl.RaftClientImpl.handleIOException(RaftClientImpl.java:372)
	at org.apache.ratis.client.impl.OrderedAsync.lambda$sendRequest$10(OrderedAsync.java:236)
	at java.util.concurrent.CompletableFuture.uniExceptionally(CompletableFuture.java:870)
	at java.util.concurrent.CompletableFuture$UniExceptionally.tryFire(CompletableFuture.java:852)
	at java.util.concurrent.CompletableFuture.postComplete(CompletableFuture.java:474)
	at java.util.concurrent.CompletableFuture.completeExceptionally(CompletableFuture.java:1977)
	at org.apache.ratis.grpc.client.GrpcClientProtocolClient$AsyncStreamObservers.lambda$timeoutCheck$3(GrpcClientProtocolClient.java:324)
	at java.util.Optional.ifPresent(Optional.java:159)
	at org.apache.ratis.grpc.client.GrpcClientProtocolClient$AsyncStreamObservers.handleReplyFuture(GrpcClientProtocolClient.java:329)
	at org.apache.ratis.grpc.client.GrpcClientProtocolClient$AsyncStreamObservers.timeoutCheck(GrpcClientProtocolClient.java:324)
	at org.apache.ratis.grpc.client.GrpcClientProtocolClient$AsyncStreamObservers.lambda$onNext$1(GrpcClientProtocolClient.java:318)
	at org.apache.ratis.util.TimeoutScheduler.lambda$onTimeout$0(TimeoutScheduler.java:113)
	at org.apache.ratis.util.TimeoutScheduler.lambda$onTimeout$1(TimeoutScheduler.java:133)
	at org.apache.ratis.util.LogUtils.runAndLog(LogUtils.java:50)
	at org.apache.ratis.util.LogUtils$1.run(LogUtils.java:91)
	at java.util.concurrent.Executors$RunnableAdapter.call(Executors.java:511)
	at java.util.concurrent.FutureTask.run(FutureTask.java:266)
	at java.util.concurrent.ScheduledThreadPoolExecutor$ScheduledFutureTask.access$201(ScheduledThreadPoolExecutor.java:180)
	at java.util.concurrent.ScheduledThreadPoolExecutor$ScheduledFutureTask.run(ScheduledThreadPoolExecutor.java:293)
	at java.util.concurrent.ThreadPoolExecutor.runWorker(ThreadPoolExecutor.java:1149)
	at java.util.concurrent.ThreadPoolExecutor$Worker.run(ThreadPoolExecutor.java:624)
	at java.lang.Thread.run(Thread.java:748)
2019-10-10 00:02:35,670 [java.util.concurrent.ThreadPoolExecutor$Worker@620297fd[State = -1, empty queue]] WARN  util.TimeoutScheduler (LogUtils.java:runAndLog(55)) - Failed to task #0: java.lang.NullPointerException
 0.00% |█                                                                                                    |  0/1 Time: 0:00:45 0.00% |█                                                                                                    |  0/1 Time: 0:00:46 0.00% |█                                                                                                    |  0/1 Time: 0:00:47 0.00% |█                                                                                                    |  0/1 Time: 0:00:482019-10-10 00:02:39,714 [java.util.concurrent.ThreadPoolExecutor$Worker@1a39a032[State = -1, empty queue]] ERROR client.GrpcClientProtocolClient (GrpcClientProtocolClient.java:close(148)) - Unexpected exception while waiting for channel termination
java.lang.InterruptedException
	at java.util.concurrent.locks.AbstractQueuedSynchronizer.tryAcquireSharedNanos(AbstractQueuedSynchronizer.java:1326)
	at java.util.concurrent.CountDownLatch.await(CountDownLatch.java:277)
	at org.apache.ratis.thirdparty.io.grpc.internal.ManagedChannelImpl.awaitTermination(ManagedChannelImpl.java:763)
	at org.apache.ratis.thirdparty.io.grpc.internal.ForwardingManagedChannel.awaitTermination(ForwardingManagedChannel.java:57)
	at org.apache.ratis.thirdparty.io.grpc.internal.ManagedChannelOrphanWrapper.awaitTermination(ManagedChannelOrphanWrapper.java:70)
	at org.apache.ratis.grpc.client.GrpcClientProtocolClient.close(GrpcClientProtocolClient.java:146)
	at org.apache.ratis.util.PeerProxyMap$PeerAndProxy.lambda$close$1(PeerProxyMap.java:74)
	at org.apache.ratis.util.LifeCycle.lambda$checkStateAndClose$2(LifeCycle.java:231)
	at org.apache.ratis.util.LifeCycle.checkStateAndClose(LifeCycle.java:251)
	at org.apache.ratis.util.LifeCycle.checkStateAndClose(LifeCycle.java:229)
	at org.apache.ratis.util.PeerProxyMap$PeerAndProxy.close(PeerProxyMap.java:70)
	at org.apache.ratis.util.PeerProxyMap.resetProxy(PeerProxyMap.java:127)
	at org.apache.ratis.util.PeerProxyMap.handleException(PeerProxyMap.java:136)
	at org.apache.ratis.client.impl.RaftClientRpcWithProxy.handleException(RaftClientRpcWithProxy.java:47)
	at org.apache.ratis.client.impl.RaftClientImpl.handleIOException(RaftClientImpl.java:372)
	at org.apache.ratis.client.impl.OrderedAsync.lambda$sendRequest$10(OrderedAsync.java:236)
	at java.util.concurrent.CompletableFuture.uniExceptionally(CompletableFuture.java:870)
	at java.util.concurrent.CompletableFuture$UniExceptionally.tryFire(CompletableFuture.java:852)
	at java.util.concurrent.CompletableFuture.postComplete(CompletableFuture.java:474)
	at java.util.concurrent.CompletableFuture.completeExceptionally(CompletableFuture.java:1977)
	at org.apache.ratis.grpc.client.GrpcClientProtocolClient$AsyncStreamObservers.lambda$timeoutCheck$3(GrpcClientProtocolClient.java:324)
	at java.util.Optional.ifPresent(Optional.java:159)
	at org.apache.ratis.grpc.client.GrpcClientProtocolClient$AsyncStreamObservers.handleReplyFuture(GrpcClientProtocolClient.java:329)
	at org.apache.ratis.grpc.client.GrpcClientProtocolClient$AsyncStreamObservers.timeoutCheck(GrpcClientProtocolClient.java:324)
	at org.apache.ratis.grpc.client.GrpcClientProtocolClient$AsyncStreamObservers.lambda$onNext$1(GrpcClientProtocolClient.java:318)
	at org.apache.ratis.util.TimeoutScheduler.lambda$onTimeout$0(TimeoutScheduler.java:113)
	at org.apache.ratis.util.TimeoutScheduler.lambda$onTimeout$1(TimeoutScheduler.java:133)
	at org.apache.ratis.util.LogUtils.runAndLog(LogUtils.java:50)
	at org.apache.ratis.util.LogUtils$1.run(LogUtils.java:91)
	at java.util.concurrent.Executors$RunnableAdapter.call(Executors.java:511)
	at java.util.concurrent.FutureTask.run(FutureTask.java:266)
	at java.util.concurrent.ScheduledThreadPoolExecutor$ScheduledFutureTask.access$201(ScheduledThreadPoolExecutor.java:180)
	at java.util.concurrent.ScheduledThreadPoolExecutor$ScheduledFutureTask.run(ScheduledThreadPoolExecutor.java:293)
	at java.util.concurrent.ThreadPoolExecutor.runWorker(ThreadPoolExecutor.java:1149)
	at java.util.concurrent.ThreadPoolExecutor$Worker.run(ThreadPoolExecutor.java:624)
	at java.lang.Thread.run(Thread.java:748)
2019-10-10 00:02:39,715 [java.util.concurrent.ThreadPoolExecutor$Worker@1a39a032[State = -1, empty queue]] WARN  util.TimeoutScheduler (LogUtils.java:runAndLog(55)) - Failed to task #0: java.lang.NullPointerException
 0.00% |█                                                                                                    |  0/1 Time: 0:00:49 0.00% |█                                                                                                    |  0/1 Time: 0:00:50 0.00% |█                                                                                                    |  0/1 Time: 0:00:51 0.00% |█                                                                                                    |  0/1 Time: 0:00:522019-10-10 00:02:43,761 [java.util.concurrent.ThreadPoolExecutor$Worker@355bc4c1[State = -1, empty queue]] ERROR client.GrpcClientProtocolClient (GrpcClientProtocolClient.java:close(148)) - Unexpected exception while waiting for channel termination
java.lang.InterruptedException
	at java.util.concurrent.locks.AbstractQueuedSynchronizer.tryAcquireSharedNanos(AbstractQueuedSynchronizer.java:1326)
	at java.util.concurrent.CountDownLatch.await(CountDownLatch.java:277)
	at org.apache.ratis.thirdparty.io.grpc.internal.ManagedChannelImpl.awaitTermination(ManagedChannelImpl.java:763)
	at org.apache.ratis.thirdparty.io.grpc.internal.ForwardingManagedChannel.awaitTermination(ForwardingManagedChannel.java:57)
	at org.apache.ratis.thirdparty.io.grpc.internal.ManagedChannelOrphanWrapper.awaitTermination(ManagedChannelOrphanWrapper.java:70)
	at org.apache.ratis.grpc.client.GrpcClientProtocolClient.close(GrpcClientProtocolClient.java:146)
	at org.apache.ratis.util.PeerProxyMap$PeerAndProxy.lambda$close$1(PeerProxyMap.java:74)
	at org.apache.ratis.util.LifeCycle.lambda$checkStateAndClose$2(LifeCycle.java:231)
	at org.apache.ratis.util.LifeCycle.checkStateAndClose(LifeCycle.java:251)
	at org.apache.ratis.util.LifeCycle.checkStateAndClose(LifeCycle.java:229)
	at org.apache.ratis.util.PeerProxyMap$PeerAndProxy.close(PeerProxyMap.java:70)
	at org.apache.ratis.util.PeerProxyMap.resetProxy(PeerProxyMap.java:127)
	at org.apache.ratis.util.PeerProxyMap.handleException(PeerProxyMap.java:136)
	at org.apache.ratis.client.impl.RaftClientRpcWithProxy.handleException(RaftClientRpcWithProxy.java:47)
	at org.apache.ratis.client.impl.RaftClientImpl.handleIOException(RaftClientImpl.java:372)
	at org.apache.ratis.client.impl.OrderedAsync.lambda$sendRequest$10(OrderedAsync.java:236)
	at java.util.concurrent.CompletableFuture.uniExceptionally(CompletableFuture.java:870)
	at java.util.concurrent.CompletableFuture$UniExceptionally.tryFire(CompletableFuture.java:852)
	at java.util.concurrent.CompletableFuture.postComplete(CompletableFuture.java:474)
	at java.util.concurrent.CompletableFuture.completeExceptionally(CompletableFuture.java:1977)
	at org.apache.ratis.grpc.client.GrpcClientProtocolClient$AsyncStreamObservers.lambda$timeoutCheck$3(GrpcClientProtocolClient.java:324)
	at java.util.Optional.ifPresent(Optional.java:159)
	at org.apache.ratis.grpc.client.GrpcClientProtocolClient$AsyncStreamObservers.handleReplyFuture(GrpcClientProtocolClient.java:329)
	at org.apache.ratis.grpc.client.GrpcClientProtocolClient$AsyncStreamObservers.timeoutCheck(GrpcClientProtocolClient.java:324)
	at org.apache.ratis.grpc.client.GrpcClientProtocolClient$AsyncStreamObservers.lambda$onNext$1(GrpcClientProtocolClient.java:318)
	at org.apache.ratis.util.TimeoutScheduler.lambda$onTimeout$0(TimeoutScheduler.java:113)
	at org.apache.ratis.util.TimeoutScheduler.lambda$onTimeout$1(TimeoutScheduler.java:133)
	at org.apache.ratis.util.LogUtils.runAndLog(LogUtils.java:50)
	at org.apache.ratis.util.LogUtils$1.run(LogUtils.java:91)
	at java.util.concurrent.Executors$RunnableAdapter.call(Executors.java:511)
	at java.util.concurrent.FutureTask.run(FutureTask.java:266)
	at java.util.concurrent.ScheduledThreadPoolExecutor$ScheduledFutureTask.access$201(ScheduledThreadPoolExecutor.java:180)
	at java.util.concurrent.ScheduledThreadPoolExecutor$ScheduledFutureTask.run(ScheduledThreadPoolExecutor.java:293)
	at java.util.concurrent.ThreadPoolExecutor.runWorker(ThreadPoolExecutor.java:1149)
	at java.util.concurrent.ThreadPoolExecutor$Worker.run(ThreadPoolExecutor.java:624)
	at java.lang.Thread.run(Thread.java:748)
2019-10-10 00:02:43,765 [java.util.concurrent.ThreadPoolExecutor$Worker@355bc4c1[State = -1, empty queue]] WARN  util.TimeoutScheduler (LogUtils.java:runAndLog(55)) - Failed to task #0: java.lang.NullPointerException
 0.00% |█                                                                                                    |  0/1 Time: 0:00:53 0.00% |█                                                                                                    |  0/1 Time: 0:00:54 0.00% |█                                                                                                    |  0/1 Time: 0:00:55 0.00% |█                                                                                                    |  0/1 Time: 0:00:562019-10-10 00:02:47,833 [java.util.concurrent.ThreadPoolExecutor$Worker@50fea998[State = -1, empty queue]] ERROR client.GrpcClientProtocolClient (GrpcClientProtocolClient.java:close(148)) - Unexpected exception while waiting for channel termination
java.lang.InterruptedException
	at java.util.concurrent.locks.AbstractQueuedSynchronizer.tryAcquireSharedNanos(AbstractQueuedSynchronizer.java:1326)
	at java.util.concurrent.CountDownLatch.await(CountDownLatch.java:277)
	at org.apache.ratis.thirdparty.io.grpc.internal.ManagedChannelImpl.awaitTermination(ManagedChannelImpl.java:763)
	at org.apache.ratis.thirdparty.io.grpc.internal.ForwardingManagedChannel.awaitTermination(ForwardingManagedChannel.java:57)
	at org.apache.ratis.thirdparty.io.grpc.internal.ManagedChannelOrphanWrapper.awaitTermination(ManagedChannelOrphanWrapper.java:70)
	at org.apache.ratis.grpc.client.GrpcClientProtocolClient.close(GrpcClientProtocolClient.java:146)
	at org.apache.ratis.util.PeerProxyMap$PeerAndProxy.lambda$close$1(PeerProxyMap.java:74)
	at org.apache.ratis.util.LifeCycle.lambda$checkStateAndClose$2(LifeCycle.java:231)
	at org.apache.ratis.util.LifeCycle.checkStateAndClose(LifeCycle.java:251)
	at org.apache.ratis.util.LifeCycle.checkStateAndClose(LifeCycle.java:229)
	at org.apache.ratis.util.PeerProxyMap$PeerAndProxy.close(PeerProxyMap.java:70)
	at org.apache.ratis.util.PeerProxyMap.resetProxy(PeerProxyMap.java:127)
	at org.apache.ratis.util.PeerProxyMap.handleException(PeerProxyMap.java:136)
	at org.apache.ratis.client.impl.RaftClientRpcWithProxy.handleException(RaftClientRpcWithProxy.java:47)
	at org.apache.ratis.client.impl.RaftClientImpl.handleIOException(RaftClientImpl.java:372)
	at org.apache.ratis.client.impl.OrderedAsync.lambda$sendRequest$10(OrderedAsync.java:236)
	at java.util.concurrent.CompletableFuture.uniExceptionally(CompletableFuture.java:870)
	at java.util.concurrent.CompletableFuture$UniExceptionally.tryFire(CompletableFuture.java:852)
	at java.util.concurrent.CompletableFuture.postComplete(CompletableFuture.java:474)
	at java.util.concurrent.CompletableFuture.completeExceptionally(CompletableFuture.java:1977)
	at org.apache.ratis.grpc.client.GrpcClientProtocolClient$AsyncStreamObservers.lambda$timeoutCheck$3(GrpcClientProtocolClient.java:324)
	at java.util.Optional.ifPresent(Optional.java:159)
	at org.apache.ratis.grpc.client.GrpcClientProtocolClient$AsyncStreamObservers.handleReplyFuture(GrpcClientProtocolClient.java:329)
	at org.apache.ratis.grpc.client.GrpcClientProtocolClient$AsyncStreamObservers.timeoutCheck(GrpcClientProtocolClient.java:324)
	at org.apache.ratis.grpc.client.GrpcClientProtocolClient$AsyncStreamObservers.lambda$onNext$1(GrpcClientProtocolClient.java:318)
	at org.apache.ratis.util.TimeoutScheduler.lambda$onTimeout$0(TimeoutScheduler.java:113)
	at org.apache.ratis.util.TimeoutScheduler.lambda$onTimeout$1(TimeoutScheduler.java:133)
	at org.apache.ratis.util.LogUtils.runAndLog(LogUtils.java:50)
	at org.apache.ratis.util.LogUtils$1.run(LogUtils.java:91)
	at java.util.concurrent.Executors$RunnableAdapter.call(Executors.java:511)
	at java.util.concurrent.FutureTask.run(FutureTask.java:266)
	at java.util.concurrent.ScheduledThreadPoolExecutor$ScheduledFutureTask.access$201(ScheduledThreadPoolExecutor.java:180)
	at java.util.concurrent.ScheduledThreadPoolExecutor$ScheduledFutureTask.run(ScheduledThreadPoolExecutor.java:293)
	at java.util.concurrent.ThreadPoolExecutor.runWorker(ThreadPoolExecutor.java:1149)
	at java.util.concurrent.ThreadPoolExecutor$Worker.run(ThreadPoolExecutor.java:624)
	at java.lang.Thread.run(Thread.java:748)
2019-10-10 00:02:47,835 [java.util.concurrent.ThreadPoolExecutor$Worker@50fea998[State = -1, empty queue]] WARN  util.TimeoutScheduler (LogUtils.java:runAndLog(55)) - Failed to task #0: java.lang.NullPointerException
 0.00% |█                                                                                                    |  0/1 Time: 0:00:57 0.00% |█                                                                                                    |  0/1 Time: 0:00:58 0.00% |█                                                                                                    |  0/1 Time: 0:00:59 0.00% |█                                                                                                    |  0/1 Time: 0:01:002019-10-10 00:02:51,912 [java.util.concurrent.ThreadPoolExecutor$Worker@10578cf7[State = -1, empty queue]] ERROR client.GrpcClientProtocolClient (GrpcClientProtocolClient.java:close(148)) - Unexpected exception while waiting for channel termination
java.lang.InterruptedException
	at java.util.concurrent.locks.AbstractQueuedSynchronizer.tryAcquireSharedNanos(AbstractQueuedSynchronizer.java:1326)
	at java.util.concurrent.CountDownLatch.await(CountDownLatch.java:277)
	at org.apache.ratis.thirdparty.io.grpc.internal.ManagedChannelImpl.awaitTermination(ManagedChannelImpl.java:763)
	at org.apache.ratis.thirdparty.io.grpc.internal.ForwardingManagedChannel.awaitTermination(ForwardingManagedChannel.java:57)
	at org.apache.ratis.thirdparty.io.grpc.internal.ManagedChannelOrphanWrapper.awaitTermination(ManagedChannelOrphanWrapper.java:70)
	at org.apache.ratis.grpc.client.GrpcClientProtocolClient.close(GrpcClientProtocolClient.java:146)
	at org.apache.ratis.util.PeerProxyMap$PeerAndProxy.lambda$close$1(PeerProxyMap.java:74)
	at org.apache.ratis.util.LifeCycle.lambda$checkStateAndClose$2(LifeCycle.java:231)
	at org.apache.ratis.util.LifeCycle.checkStateAndClose(LifeCycle.java:251)
	at org.apache.ratis.util.LifeCycle.checkStateAndClose(LifeCycle.java:229)
	at org.apache.ratis.util.PeerProxyMap$PeerAndProxy.close(PeerProxyMap.java:70)
	at org.apache.ratis.util.PeerProxyMap.resetProxy(PeerProxyMap.java:127)
	at org.apache.ratis.util.PeerProxyMap.handleException(PeerProxyMap.java:136)
	at org.apache.ratis.client.impl.RaftClientRpcWithProxy.handleException(RaftClientRpcWithProxy.java:47)
	at org.apache.ratis.client.impl.RaftClientImpl.handleIOException(RaftClientImpl.java:372)
	at org.apache.ratis.client.impl.OrderedAsync.lambda$sendRequest$10(OrderedAsync.java:236)
	at java.util.concurrent.CompletableFuture.uniExceptionally(CompletableFuture.java:870)
	at java.util.concurrent.CompletableFuture$UniExceptionally.tryFire(CompletableFuture.java:852)
	at java.util.concurrent.CompletableFuture.postComplete(CompletableFuture.java:474)
	at java.util.concurrent.CompletableFuture.completeExceptionally(CompletableFuture.java:1977)
	at org.apache.ratis.grpc.client.GrpcClientProtocolClient$AsyncStreamObservers.lambda$timeoutCheck$3(GrpcClientProtocolClient.java:324)
	at java.util.Optional.ifPresent(Optional.java:159)
	at org.apache.ratis.grpc.client.GrpcClientProtocolClient$AsyncStreamObservers.handleReplyFuture(GrpcClientProtocolClient.java:329)
	at org.apache.ratis.grpc.client.GrpcClientProtocolClient$AsyncStreamObservers.timeoutCheck(GrpcClientProtocolClient.java:324)
	at org.apache.ratis.grpc.client.GrpcClientProtocolClient$AsyncStreamObservers.lambda$onNext$1(GrpcClientProtocolClient.java:318)
	at org.apache.ratis.util.TimeoutScheduler.lambda$onTimeout$0(TimeoutScheduler.java:113)
	at org.apache.ratis.util.TimeoutScheduler.lambda$onTimeout$1(TimeoutScheduler.java:133)
	at org.apache.ratis.util.LogUtils.runAndLog(LogUtils.java:50)
	at org.apache.ratis.util.LogUtils$1.run(LogUtils.java:91)
	at java.util.concurrent.Executors$RunnableAdapter.call(Executors.java:511)
	at java.util.concurrent.FutureTask.run(FutureTask.java:266)
	at java.util.concurrent.ScheduledThreadPoolExecutor$ScheduledFutureTask.access$201(ScheduledThreadPoolExecutor.java:180)
	at java.util.concurrent.ScheduledThreadPoolExecutor$ScheduledFutureTask.run(ScheduledThreadPoolExecutor.java:293)
	at java.util.concurrent.ThreadPoolExecutor.runWorker(ThreadPoolExecutor.java:1149)
	at java.util.concurrent.ThreadPoolExecutor$Worker.run(ThreadPoolExecutor.java:624)
	at java.lang.Thread.run(Thread.java:748)
2019-10-10 00:02:51,915 [java.util.concurrent.ThreadPoolExecutor$Worker@10578cf7[State = -1, empty queue]] WARN  util.TimeoutScheduler (LogUtils.java:runAndLog(55)) - Failed to task #0: java.lang.NullPointerException
 0.00% |█                                                                                                    |  0/1 Time: 0:01:01 0.00% |█                                                                                                    |  0/1 Time: 0:01:02 0.00% |█                                                                                                    |  0/1 Time: 0:01:03 0.00% |█                                                                                                    |  0/1 Time: 0:01:042019-10-10 00:02:55,978 [java.util.concurrent.ThreadPoolExecutor$Worker@7dc41b67[State = -1, empty queue]] ERROR client.GrpcClientProtocolClient (GrpcClientProtocolClient.java:close(148)) - Unexpected exception while waiting for channel termination
java.lang.InterruptedException
	at java.util.concurrent.locks.AbstractQueuedSynchronizer.tryAcquireSharedNanos(AbstractQueuedSynchronizer.java:1326)
	at java.util.concurrent.CountDownLatch.await(CountDownLatch.java:277)
	at org.apache.ratis.thirdparty.io.grpc.internal.ManagedChannelImpl.awaitTermination(ManagedChannelImpl.java:763)
	at org.apache.ratis.thirdparty.io.grpc.internal.ForwardingManagedChannel.awaitTermination(ForwardingManagedChannel.java:57)
	at org.apache.ratis.thirdparty.io.grpc.internal.ManagedChannelOrphanWrapper.awaitTermination(ManagedChannelOrphanWrapper.java:70)
	at org.apache.ratis.grpc.client.GrpcClientProtocolClient.close(GrpcClientProtocolClient.java:146)
	at org.apache.ratis.util.PeerProxyMap$PeerAndProxy.lambda$close$1(PeerProxyMap.java:74)
	at org.apache.ratis.util.LifeCycle.lambda$checkStateAndClose$2(LifeCycle.java:231)
	at org.apache.ratis.util.LifeCycle.checkStateAndClose(LifeCycle.java:251)
	at org.apache.ratis.util.LifeCycle.checkStateAndClose(LifeCycle.java:229)
	at org.apache.ratis.util.PeerProxyMap$PeerAndProxy.close(PeerProxyMap.java:70)
	at org.apache.ratis.util.PeerProxyMap.resetProxy(PeerProxyMap.java:127)
	at org.apache.ratis.util.PeerProxyMap.handleException(PeerProxyMap.java:136)
	at org.apache.ratis.client.impl.RaftClientRpcWithProxy.handleException(RaftClientRpcWithProxy.java:47)
	at org.apache.ratis.client.impl.RaftClientImpl.handleIOException(RaftClientImpl.java:372)
	at org.apache.ratis.client.impl.OrderedAsync.lambda$sendRequest$10(OrderedAsync.java:236)
	at java.util.concurrent.CompletableFuture.uniExceptionally(CompletableFuture.java:870)
	at java.util.concurrent.CompletableFuture$UniExceptionally.tryFire(CompletableFuture.java:852)
	at java.util.concurrent.CompletableFuture.postComplete(CompletableFuture.java:474)
	at java.util.concurrent.CompletableFuture.completeExceptionally(CompletableFuture.java:1977)
	at org.apache.ratis.grpc.client.GrpcClientProtocolClient$AsyncStreamObservers.lambda$timeoutCheck$3(GrpcClientProtocolClient.java:324)
	at java.util.Optional.ifPresent(Optional.java:159)
	at org.apache.ratis.grpc.client.GrpcClientProtocolClient$AsyncStreamObservers.handleReplyFuture(GrpcClientProtocolClient.java:329)
	at org.apache.ratis.grpc.client.GrpcClientProtocolClient$AsyncStreamObservers.timeoutCheck(GrpcClientProtocolClient.java:324)
	at org.apache.ratis.grpc.client.GrpcClientProtocolClient$AsyncStreamObservers.lambda$onNext$1(GrpcClientProtocolClient.java:318)
	at org.apache.ratis.util.TimeoutScheduler.lambda$onTimeout$0(TimeoutScheduler.java:113)
	at org.apache.ratis.util.TimeoutScheduler.lambda$onTimeout$1(TimeoutScheduler.java:133)
	at org.apache.ratis.util.LogUtils.runAndLog(LogUtils.java:50)
	at org.apache.ratis.util.LogUtils$1.run(LogUtils.java:91)
	at java.util.concurrent.Executors$RunnableAdapter.call(Executors.java:511)
	at java.util.concurrent.FutureTask.run(FutureTask.java:266)
	at java.util.concurrent.ScheduledThreadPoolExecutor$ScheduledFutureTask.access$201(ScheduledThreadPoolExecutor.java:180)
	at java.util.concurrent.ScheduledThreadPoolExecutor$ScheduledFutureTask.run(ScheduledThreadPoolExecutor.java:293)
	at java.util.concurrent.ThreadPoolExecutor.runWorker(ThreadPoolExecutor.java:1149)
	at java.util.concurrent.ThreadPoolExecutor$Worker.run(ThreadPoolExecutor.java:624)
	at java.lang.Thread.run(Thread.java:748)
2019-10-10 00:02:55,979 [java.util.concurrent.ThreadPoolExecutor$Worker@7dc41b67[State = -1, empty queue]] WARN  util.TimeoutScheduler (LogUtils.java:runAndLog(55)) - Failed to task #0: java.lang.NullPointerException
 0.00% |█                                                                                                    |  0/1 Time: 0:01:05 0.00% |█                                                                                                    |  0/1 Time: 0:01:062019-10-10 00:02:58,526 [grpc-default-executor-1] INFO  impl.RaftServerProxy (RaftServerProxy.java:remove(95)) - 607a1019-7a5a-4725-b7e5-a50ab7fbc189: remove  FOLLOWER 607a1019-7a5a-4725-b7e5-a50ab7fbc189@group-8553FD33EEE7:t1, leader=9438835d-3369-4dcf-bcb8-4bc91e81566b, voted=607a1019-7a5a-4725-b7e5-a50ab7fbc189, raftlog=607a1019-7a5a-4725-b7e5-a50ab7fbc189@group-8553FD33EEE7-SegmentedRaftLog:OPENED:c0,f2,i2, conf=0: [607a1019-7a5a-4725-b7e5-a50ab7fbc189:192.168.164.207:36515, 9438835d-3369-4dcf-bcb8-4bc91e81566b:192.168.164.207:41595, b93657b9-afe7-465a-931b-0ef0578482aa:192.168.164.207:39746], old=null RUNNING
2019-10-10 00:02:58,526 [grpc-default-executor-1] INFO  impl.RaftServerImpl (RaftServerImpl.java:lambda$shutdown$3(247)) - 607a1019-7a5a-4725-b7e5-a50ab7fbc189@group-8553FD33EEE7: shutdown
2019-10-10 00:02:58,527 [grpc-default-executor-1] INFO  util.JmxRegister (JmxRegister.java:unregister(73)) - Successfully un-registered JMX Bean with object name Ratis:service=RaftServer,group=group-8553FD33EEE7,id=607a1019-7a5a-4725-b7e5-a50ab7fbc189
2019-10-10 00:02:58,527 [grpc-default-executor-1] INFO  impl.RoleInfo (RoleInfo.java:shutdownFollowerState(121)) - 607a1019-7a5a-4725-b7e5-a50ab7fbc189: shutdown FollowerState
2019-10-10 00:02:58,527 [grpc-default-executor-1] INFO  impl.StateMachineUpdater (StateMachineUpdater.java:stopAndJoin(136)) - 607a1019-7a5a-4725-b7e5-a50ab7fbc189@group-8553FD33EEE7-StateMachineUpdater: set stopIndex = 0
2019-10-10 00:02:58,528 [Thread-283] INFO  impl.FollowerState (FollowerState.java:run(117)) - 607a1019-7a5a-4725-b7e5-a50ab7fbc189@group-8553FD33EEE7-FollowerState was interrupted: java.lang.InterruptedException: sleep interrupted
2019-10-10 00:02:58,532 [grpc-default-executor-1] INFO  impl.RaftServerImpl (ServerState.java:close(387)) - 607a1019-7a5a-4725-b7e5-a50ab7fbc189@group-8553FD33EEE7: closes. applyIndex: 0
2019-10-10 00:02:58,533 [607a1019-7a5a-4725-b7e5-a50ab7fbc189@group-8553FD33EEE7-SegmentedRaftLogWorker] INFO  segmented.SegmentedRaftLogWorker (SegmentedRaftLogWorker.java:run(316)) - 607a1019-7a5a-4725-b7e5-a50ab7fbc189@group-8553FD33EEE7-SegmentedRaftLogWorker was interrupted, exiting. There are 0 tasks remaining in the queue.
2019-10-10 00:02:58,535 [grpc-default-executor-1] INFO  segmented.SegmentedRaftLogWorker (SegmentedRaftLogWorker.java:close(224)) - 607a1019-7a5a-4725-b7e5-a50ab7fbc189@group-8553FD33EEE7-SegmentedRaftLogWorker close()
2019-10-10 00:02:58,625 [grpc-default-executor-1] INFO  interfaces.Container (KeyValueContainer.java:flushAndSyncDB(386)) - Container 1 is synced with bcsId 0.
2019-10-10 00:02:58,626 [grpc-default-executor-1] INFO  interfaces.Container (KeyValueContainer.java:flushAndSyncDB(386)) - Container 1 is synced with bcsId 0.
2019-10-10 00:02:58,649 [EventQueue-IncrementalContainerReportForIncrementalContainerReportHandler] INFO  container.IncrementalContainerReportHandler (AbstractContainerReportHandler.java:updateContainerState(171)) - Moving container #1 to QUASI_CLOSED state, datanode 607a1019-7a5a-4725-b7e5-a50ab7fbc189{ip: 192.168.164.207, host: pr-hdds-1868-7c4vz-2804340038, networkLocation: /default-rack, certSerialId: null} reported QUASI_CLOSED replica.
2019-10-10 00:02:58,659 [grpc-default-executor-1] INFO  impl.RaftServerProxy (RaftServerProxy.java:remove(95)) - b93657b9-afe7-465a-931b-0ef0578482aa: remove  FOLLOWER b93657b9-afe7-465a-931b-0ef0578482aa@group-8553FD33EEE7:t1, leader=9438835d-3369-4dcf-bcb8-4bc91e81566b, voted=9438835d-3369-4dcf-bcb8-4bc91e81566b, raftlog=b93657b9-afe7-465a-931b-0ef0578482aa@group-8553FD33EEE7-SegmentedRaftLog:OPENED:c0,f2,i2, conf=0: [607a1019-7a5a-4725-b7e5-a50ab7fbc189:192.168.164.207:36515, 9438835d-3369-4dcf-bcb8-4bc91e81566b:192.168.164.207:41595, b93657b9-afe7-465a-931b-0ef0578482aa:192.168.164.207:39746], old=null RUNNING
2019-10-10 00:02:58,659 [grpc-default-executor-1] INFO  impl.RaftServerImpl (RaftServerImpl.java:lambda$shutdown$3(247)) - b93657b9-afe7-465a-931b-0ef0578482aa@group-8553FD33EEE7: shutdown
2019-10-10 00:02:58,659 [grpc-default-executor-1] INFO  util.JmxRegister (JmxRegister.java:unregister(73)) - Successfully un-registered JMX Bean with object name Ratis:service=RaftServer,group=group-8553FD33EEE7,id=b93657b9-afe7-465a-931b-0ef0578482aa
2019-10-10 00:02:58,659 [grpc-default-executor-1] INFO  impl.RoleInfo (RoleInfo.java:shutdownFollowerState(121)) - b93657b9-afe7-465a-931b-0ef0578482aa: shutdown FollowerState
2019-10-10 00:02:58,660 [grpc-default-executor-1] INFO  impl.StateMachineUpdater (StateMachineUpdater.java:stopAndJoin(136)) - b93657b9-afe7-465a-931b-0ef0578482aa@group-8553FD33EEE7-StateMachineUpdater: set stopIndex = 0
2019-10-10 00:02:58,660 [Thread-282] INFO  impl.FollowerState (FollowerState.java:run(117)) - b93657b9-afe7-465a-931b-0ef0578482aa@group-8553FD33EEE7-FollowerState was interrupted: java.lang.InterruptedException: sleep interrupted
2019-10-10 00:02:58,663 [grpc-default-executor-1] INFO  impl.RaftServerImpl (ServerState.java:close(387)) - b93657b9-afe7-465a-931b-0ef0578482aa@group-8553FD33EEE7: closes. applyIndex: 0
 0.00% |█                                                                                                    |  0/1 Time: 0:01:072019-10-10 00:02:58,664 [b93657b9-afe7-465a-931b-0ef0578482aa@group-8553FD33EEE7-SegmentedRaftLogWorker] INFO  segmented.SegmentedRaftLogWorker (SegmentedRaftLogWorker.java:run(316)) - b93657b9-afe7-465a-931b-0ef0578482aa@group-8553FD33EEE7-SegmentedRaftLogWorker was interrupted, exiting. There are 0 tasks remaining in the queue.
2019-10-10 00:02:58,666 [grpc-default-executor-1] INFO  segmented.SegmentedRaftLogWorker (SegmentedRaftLogWorker.java:close(224)) - b93657b9-afe7-465a-931b-0ef0578482aa@group-8553FD33EEE7-SegmentedRaftLogWorker close()
2019-10-10 00:02:58,751 [grpc-default-executor-1] INFO  interfaces.Container (KeyValueContainer.java:flushAndSyncDB(386)) - Container 1 is synced with bcsId 0.
2019-10-10 00:02:58,752 [grpc-default-executor-1] INFO  interfaces.Container (KeyValueContainer.java:flushAndSyncDB(386)) - Container 1 is synced with bcsId 0.
2019-10-10 00:02:58,768 [grpc-default-executor-1] INFO  impl.RaftServerProxy (RaftServerProxy.java:remove(95)) - 9438835d-3369-4dcf-bcb8-4bc91e81566b: remove    LEADER 9438835d-3369-4dcf-bcb8-4bc91e81566b@group-8553FD33EEE7:t1, leader=9438835d-3369-4dcf-bcb8-4bc91e81566b, voted=9438835d-3369-4dcf-bcb8-4bc91e81566b, raftlog=9438835d-3369-4dcf-bcb8-4bc91e81566b@group-8553FD33EEE7-SegmentedRaftLog:OPENED:c0,f0,i2, conf=0: [607a1019-7a5a-4725-b7e5-a50ab7fbc189:192.168.164.207:36515, 9438835d-3369-4dcf-bcb8-4bc91e81566b:192.168.164.207:41595, b93657b9-afe7-465a-931b-0ef0578482aa:192.168.164.207:39746], old=null RUNNING
2019-10-10 00:02:58,768 [grpc-default-executor-1] INFO  impl.RaftServerImpl (RaftServerImpl.java:lambda$shutdown$3(247)) - 9438835d-3369-4dcf-bcb8-4bc91e81566b@group-8553FD33EEE7: shutdown
2019-10-10 00:02:58,768 [grpc-default-executor-1] INFO  util.JmxRegister (JmxRegister.java:unregister(73)) - Successfully un-registered JMX Bean with object name Ratis:service=RaftServer,group=group-8553FD33EEE7,id=9438835d-3369-4dcf-bcb8-4bc91e81566b
2019-10-10 00:02:58,768 [grpc-default-executor-1] INFO  impl.RoleInfo (RoleInfo.java:shutdownLeaderState(104)) - 9438835d-3369-4dcf-bcb8-4bc91e81566b: shutdown LeaderState
2019-10-10 00:02:58,771 [org.apache.ratis.server.impl.LogAppender$AppenderDaemon$$Lambda$471/382542771@369dd928] WARN  server.GrpcLogAppender (GrpcLogAppender.java:mayWait(143)) - 9438835d-3369-4dcf-bcb8-4bc91e81566b@group-8553FD33EEE7->607a1019-7a5a-4725-b7e5-a50ab7fbc189-GrpcLogAppender: Wait interrupted by java.lang.InterruptedException
2019-10-10 00:02:58,772 [grpc-default-executor-1] INFO  impl.PendingRequests (PendingRequests.java:sendNotLeaderResponses(202)) - 9438835d-3369-4dcf-bcb8-4bc91e81566b@group-8553FD33EEE7-PendingRequests: sendNotLeaderResponses
2019-10-10 00:02:58,771 [org.apache.ratis.server.impl.LogAppender$AppenderDaemon$$Lambda$471/382542771@742b8ebd] WARN  server.GrpcLogAppender (GrpcLogAppender.java:mayWait(143)) - 9438835d-3369-4dcf-bcb8-4bc91e81566b@group-8553FD33EEE7->b93657b9-afe7-465a-931b-0ef0578482aa-GrpcLogAppender: Wait interrupted by java.lang.InterruptedException
2019-10-10 00:02:58,776 [grpc-default-executor-0] INFO  server.GrpcServerProtocolService (GrpcServerProtocolService.java:onCompleted(113)) - 607a1019-7a5a-4725-b7e5-a50ab7fbc189: Completed APPEND_ENTRIES, lastRequest: 9438835d-3369-4dcf-bcb8-4bc91e81566b->607a1019-7a5a-4725-b7e5-a50ab7fbc189#29-t1, previous=(t:1, i:2), leaderCommit=0, initializing? false, entries: <empty>
2019-10-10 00:02:58,776 [grpc-default-executor-2] INFO  server.GrpcServerProtocolService (GrpcServerProtocolService.java:onCompleted(113)) - b93657b9-afe7-465a-931b-0ef0578482aa: Completed APPEND_ENTRIES, lastRequest: 9438835d-3369-4dcf-bcb8-4bc91e81566b->b93657b9-afe7-465a-931b-0ef0578482aa#29-t1, previous=(t:1, i:2), leaderCommit=0, initializing? false, entries: <empty>
2019-10-10 00:02:58,780 [grpc-default-executor-4] INFO  server.GrpcLogAppender (GrpcLogAppender.java:onCompleted(293)) - 9438835d-3369-4dcf-bcb8-4bc91e81566b@group-8553FD33EEE7->607a1019-7a5a-4725-b7e5-a50ab7fbc189-AppendLogResponseHandler: follower responses appendEntries COMPLETED
2019-10-10 00:02:58,781 [grpc-default-executor-0] INFO  server.GrpcLogAppender (GrpcLogAppender.java:onCompleted(293)) - 9438835d-3369-4dcf-bcb8-4bc91e81566b@group-8553FD33EEE7->b93657b9-afe7-465a-931b-0ef0578482aa-AppendLogResponseHandler: follower responses appendEntries COMPLETED
2019-10-10 00:02:58,784 [grpc-default-executor-4] INFO  impl.FollowerInfo (FollowerInfo.java:lambda$new$0(51)) - 9438835d-3369-4dcf-bcb8-4bc91e81566b@group-8553FD33EEE7->607a1019-7a5a-4725-b7e5-a50ab7fbc189: nextIndex: updateUnconditionally 3 -> 2
2019-10-10 00:02:58,784 [grpc-default-executor-0] INFO  impl.FollowerInfo (FollowerInfo.java:lambda$new$0(51)) - 9438835d-3369-4dcf-bcb8-4bc91e81566b@group-8553FD33EEE7->b93657b9-afe7-465a-931b-0ef0578482aa: nextIndex: updateUnconditionally 3 -> 2
2019-10-10 00:02:58,794 [grpc-default-executor-1] INFO  impl.StateMachineUpdater (StateMachineUpdater.java:stopAndJoin(136)) - 9438835d-3369-4dcf-bcb8-4bc91e81566b@group-8553FD33EEE7-StateMachineUpdater: set stopIndex = 0
2019-10-10 00:02:58,794 [grpc-default-executor-1] INFO  impl.RaftServerImpl (ServerState.java:close(387)) - 9438835d-3369-4dcf-bcb8-4bc91e81566b@group-8553FD33EEE7: closes. applyIndex: 0
2019-10-10 00:02:58,795 [9438835d-3369-4dcf-bcb8-4bc91e81566b@group-8553FD33EEE7-SegmentedRaftLogWorker] INFO  segmented.SegmentedRaftLogWorker (SegmentedRaftLogWorker.java:run(316)) - 9438835d-3369-4dcf-bcb8-4bc91e81566b@group-8553FD33EEE7-SegmentedRaftLogWorker was interrupted, exiting. There are 0 tasks remaining in the queue.
2019-10-10 00:02:58,796 [grpc-default-executor-1] INFO  segmented.SegmentedRaftLogWorker (SegmentedRaftLogWorker.java:close(224)) - 9438835d-3369-4dcf-bcb8-4bc91e81566b@group-8553FD33EEE7-SegmentedRaftLogWorker close()
2019-10-10 00:02:58,810 [RatisPipelineUtilsThread] INFO  pipeline.PipelineStateManager (PipelineStateManager.java:removePipeline(108)) - Pipeline Pipeline[ Id: db4e39af-acff-4b17-8659-8553fd33eee7, Nodes: 607a1019-7a5a-4725-b7e5-a50ab7fbc189{ip: 192.168.164.207, host: pr-hdds-1868-7c4vz-2804340038, networkLocation: /default-rack, certSerialId: null}b93657b9-afe7-465a-931b-0ef0578482aa{ip: 192.168.164.207, host: pr-hdds-1868-7c4vz-2804340038, networkLocation: /default-rack, certSerialId: null}9438835d-3369-4dcf-bcb8-4bc91e81566b{ip: 192.168.164.207, host: pr-hdds-1868-7c4vz-2804340038, networkLocation: /default-rack, certSerialId: null}, Type:RATIS, Factor:THREE, State:CLOSED] removed from db
2019-10-10 00:02:58,824 [grpc-default-executor-4] INFO  impl.RaftServerProxy (RaftServerProxy.java:addNew(89)) - b93657b9-afe7-465a-931b-0ef0578482aa: addNew group-25476A88085C:[607a1019-7a5a-4725-b7e5-a50ab7fbc189:192.168.164.207:36515, 9438835d-3369-4dcf-bcb8-4bc91e81566b:192.168.164.207:41595, b93657b9-afe7-465a-931b-0ef0578482aa:192.168.164.207:39746] returns group-25476A88085C:java.util.concurrent.CompletableFuture@372088ba[Not completed]
2019-10-10 00:02:58,825 [grpc-default-executor-1] INFO  impl.RaftServerProxy (RaftServerProxy.java:addNew(89)) - 9438835d-3369-4dcf-bcb8-4bc91e81566b: addNew group-25476A88085C:[607a1019-7a5a-4725-b7e5-a50ab7fbc189:192.168.164.207:36515, 9438835d-3369-4dcf-bcb8-4bc91e81566b:192.168.164.207:41595, b93657b9-afe7-465a-931b-0ef0578482aa:192.168.164.207:39746] returns group-25476A88085C:java.util.concurrent.CompletableFuture@5234d1f1[Not completed]
2019-10-10 00:02:58,828 [grpc-default-executor-1] INFO  impl.RaftServerProxy (RaftServerProxy.java:addNew(89)) - 607a1019-7a5a-4725-b7e5-a50ab7fbc189: addNew group-25476A88085C:[607a1019-7a5a-4725-b7e5-a50ab7fbc189:192.168.164.207:36515, 9438835d-3369-4dcf-bcb8-4bc91e81566b:192.168.164.207:41595, b93657b9-afe7-465a-931b-0ef0578482aa:192.168.164.207:39746] returns group-25476A88085C:java.util.concurrent.CompletableFuture@689e34d3[Not completed]
2019-10-10 00:02:58,830 [pool-57-thread-1] INFO  impl.RaftServerImpl (RaftServerImpl.java:<init>(95)) - 9438835d-3369-4dcf-bcb8-4bc91e81566b: new RaftServerImpl for group-25476A88085C:[607a1019-7a5a-4725-b7e5-a50ab7fbc189:192.168.164.207:36515, 9438835d-3369-4dcf-bcb8-4bc91e81566b:192.168.164.207:41595, b93657b9-afe7-465a-931b-0ef0578482aa:192.168.164.207:39746] with ContainerStateMachine:uninitialized
2019-10-10 00:02:58,831 [pool-57-thread-1] INFO  server.RaftServerConfigKeys (ConfUtils.java:logGet(43)) - raft.server.rpc.timeout.min = 5s (custom)
2019-10-10 00:02:58,831 [pool-57-thread-1] INFO  server.RaftServerConfigKeys (ConfUtils.java:logGet(43)) - raft.server.rpc.timeout.max = 5200ms (custom)
2019-10-10 00:02:58,831 [pool-57-thread-1] INFO  server.RaftServerConfigKeys (ConfUtils.java:logGet(43)) - raft.server.rpcslowness.timeout = 120s (custom)
2019-10-10 00:02:58,831 [pool-57-thread-1] INFO  server.RaftServerConfigKeys (ConfUtils.java:logGet(43)) - raft.server.sleep.deviation.threshold = 300 (default)
2019-10-10 00:02:58,831 [pool-37-thread-1] INFO  impl.RaftServerImpl (RaftServerImpl.java:<init>(95)) - 607a1019-7a5a-4725-b7e5-a50ab7fbc189: new RaftServerImpl for group-25476A88085C:[607a1019-7a5a-4725-b7e5-a50ab7fbc189:192.168.164.207:36515, 9438835d-3369-4dcf-bcb8-4bc91e81566b:192.168.164.207:41595, b93657b9-afe7-465a-931b-0ef0578482aa:192.168.164.207:39746] with ContainerStateMachine:uninitialized
2019-10-10 00:02:58,831 [pool-57-thread-1] INFO  server.RaftServerConfigKeys (ConfUtils.java:logGet(43)) - raft.server.log.appender.install.snapshot.enabled = false (custom)
2019-10-10 00:02:58,831 [pool-37-thread-1] INFO  server.RaftServerConfigKeys (ConfUtils.java:logGet(43)) - raft.server.rpc.timeout.min = 5s (custom)
2019-10-10 00:02:58,832 [pool-57-thread-1] INFO  impl.RaftServerImpl (ServerState.java:<init>(103)) - 9438835d-3369-4dcf-bcb8-4bc91e81566b@group-25476A88085C: ConfigurationManager, init=-1: [607a1019-7a5a-4725-b7e5-a50ab7fbc189:192.168.164.207:36515, 9438835d-3369-4dcf-bcb8-4bc91e81566b:192.168.164.207:41595, b93657b9-afe7-465a-931b-0ef0578482aa:192.168.164.207:39746], old=null, confs=<EMPTY_MAP>
2019-10-10 00:02:58,832 [pool-37-thread-1] INFO  server.RaftServerConfigKeys (ConfUtils.java:logGet(43)) - raft.server.rpc.timeout.max = 5200ms (custom)
2019-10-10 00:02:58,832 [pool-37-thread-1] INFO  server.RaftServerConfigKeys (ConfUtils.java:logGet(43)) - raft.server.rpcslowness.timeout = 120s (custom)
2019-10-10 00:02:58,832 [pool-37-thread-1] INFO  server.RaftServerConfigKeys (ConfUtils.java:logGet(43)) - raft.server.sleep.deviation.threshold = 300 (default)
2019-10-10 00:02:58,832 [pool-57-thread-1] INFO  server.RaftServerConfigKeys (ConfUtils.java:logGet(43)) - raft.server.storage.dir = [/workdir/hadoop-ozone/tools/target/test-dir/MiniOzoneClusterImpl-05957be1-95ac-40cf-b8ff-440b7ad829fe/datanode-3/data/ratis] (custom)
2019-10-10 00:02:58,832 [pool-37-thread-1] INFO  server.RaftServerConfigKeys (ConfUtils.java:logGet(43)) - raft.server.log.appender.install.snapshot.enabled = false (custom)
2019-10-10 00:02:58,832 [pool-67-thread-1] INFO  impl.RaftServerImpl (RaftServerImpl.java:<init>(95)) - b93657b9-afe7-465a-931b-0ef0578482aa: new RaftServerImpl for group-25476A88085C:[607a1019-7a5a-4725-b7e5-a50ab7fbc189:192.168.164.207:36515, 9438835d-3369-4dcf-bcb8-4bc91e81566b:192.168.164.207:41595, b93657b9-afe7-465a-931b-0ef0578482aa:192.168.164.207:39746] with ContainerStateMachine:uninitialized
2019-10-10 00:02:58,832 [pool-37-thread-1] INFO  impl.RaftServerImpl (ServerState.java:<init>(103)) - 607a1019-7a5a-4725-b7e5-a50ab7fbc189@group-25476A88085C: ConfigurationManager, init=-1: [607a1019-7a5a-4725-b7e5-a50ab7fbc189:192.168.164.207:36515, 9438835d-3369-4dcf-bcb8-4bc91e81566b:192.168.164.207:41595, b93657b9-afe7-465a-931b-0ef0578482aa:192.168.164.207:39746], old=null, confs=<EMPTY_MAP>
2019-10-10 00:02:58,833 [pool-67-thread-1] INFO  server.RaftServerConfigKeys (ConfUtils.java:logGet(43)) - raft.server.rpc.timeout.min = 5s (custom)
2019-10-10 00:02:58,833 [pool-57-thread-1] INFO  server.RaftServerConfigKeys (ConfUtils.java:logGet(43)) - raft.server.log.corruption.policy = EXCEPTION (default)
2019-10-10 00:02:58,833 [pool-67-thread-1] INFO  server.RaftServerConfigKeys (ConfUtils.java:logGet(43)) - raft.server.rpc.timeout.max = 5200ms (custom)
2019-10-10 00:02:58,833 [pool-57-thread-1] INFO  storage.RaftStorageDirectory (RaftStorageDirectory.java:analyzeStorage(246)) - The storage directory /workdir/hadoop-ozone/tools/target/test-dir/MiniOzoneClusterImpl-05957be1-95ac-40cf-b8ff-440b7ad829fe/datanode-3/data/ratis/c7b6eb9b-56b1-4519-887a-25476a88085c does not exist. Creating ...
2019-10-10 00:02:58,833 [pool-37-thread-1] INFO  server.RaftServerConfigKeys (ConfUtils.java:logGet(43)) - raft.server.storage.dir = [/workdir/hadoop-ozone/tools/target/test-dir/MiniOzoneClusterImpl-05957be1-95ac-40cf-b8ff-440b7ad829fe/datanode-1/data/ratis] (custom)
2019-10-10 00:02:58,833 [pool-67-thread-1] INFO  server.RaftServerConfigKeys (ConfUtils.java:logGet(43)) - raft.server.rpcslowness.timeout = 120s (custom)
2019-10-10 00:02:58,834 [pool-37-thread-1] INFO  server.RaftServerConfigKeys (ConfUtils.java:logGet(43)) - raft.server.log.corruption.policy = EXCEPTION (default)
2019-10-10 00:02:58,834 [pool-67-thread-1] INFO  server.RaftServerConfigKeys (ConfUtils.java:logGet(43)) - raft.server.sleep.deviation.threshold = 300 (default)
2019-10-10 00:02:58,834 [pool-37-thread-1] INFO  storage.RaftStorageDirectory (RaftStorageDirectory.java:analyzeStorage(246)) - The storage directory /workdir/hadoop-ozone/tools/target/test-dir/MiniOzoneClusterImpl-05957be1-95ac-40cf-b8ff-440b7ad829fe/datanode-1/data/ratis/c7b6eb9b-56b1-4519-887a-25476a88085c does not exist. Creating ...
2019-10-10 00:02:58,834 [pool-67-thread-1] INFO  server.RaftServerConfigKeys (ConfUtils.java:logGet(43)) - raft.server.log.appender.install.snapshot.enabled = false (custom)
2019-10-10 00:02:58,834 [pool-67-thread-1] INFO  impl.RaftServerImpl (ServerState.java:<init>(103)) - b93657b9-afe7-465a-931b-0ef0578482aa@group-25476A88085C: ConfigurationManager, init=-1: [607a1019-7a5a-4725-b7e5-a50ab7fbc189:192.168.164.207:36515, 9438835d-3369-4dcf-bcb8-4bc91e81566b:192.168.164.207:41595, b93657b9-afe7-465a-931b-0ef0578482aa:192.168.164.207:39746], old=null, confs=<EMPTY_MAP>
2019-10-10 00:02:58,834 [pool-67-thread-1] INFO  server.RaftServerConfigKeys (ConfUtils.java:logGet(43)) - raft.server.storage.dir = [/workdir/hadoop-ozone/tools/target/test-dir/MiniOzoneClusterImpl-05957be1-95ac-40cf-b8ff-440b7ad829fe/datanode-4/data/ratis] (custom)
2019-10-10 00:02:58,835 [pool-67-thread-1] INFO  server.RaftServerConfigKeys (ConfUtils.java:logGet(43)) - raft.server.log.corruption.policy = EXCEPTION (default)
2019-10-10 00:02:58,835 [pool-67-thread-1] INFO  storage.RaftStorageDirectory (RaftStorageDirectory.java:analyzeStorage(246)) - The storage directory /workdir/hadoop-ozone/tools/target/test-dir/MiniOzoneClusterImpl-05957be1-95ac-40cf-b8ff-440b7ad829fe/datanode-4/data/ratis/c7b6eb9b-56b1-4519-887a-25476a88085c does not exist. Creating ...
2019-10-10 00:02:58,847 [pool-37-thread-1] INFO  storage.RaftStorageDirectory (RaftStorageDirectory.java:tryLock(328)) - Lock on /workdir/hadoop-ozone/tools/target/test-dir/MiniOzoneClusterImpl-05957be1-95ac-40cf-b8ff-440b7ad829fe/datanode-1/data/ratis/c7b6eb9b-56b1-4519-887a-25476a88085c/in_use.lock acquired by nodename 31199@pr-hdds-1868-7c4vz-2804340038
2019-10-10 00:02:58,847 [pool-57-thread-1] INFO  storage.RaftStorageDirectory (RaftStorageDirectory.java:tryLock(328)) - Lock on /workdir/hadoop-ozone/tools/target/test-dir/MiniOzoneClusterImpl-05957be1-95ac-40cf-b8ff-440b7ad829fe/datanode-3/data/ratis/c7b6eb9b-56b1-4519-887a-25476a88085c/in_use.lock acquired by nodename 31199@pr-hdds-1868-7c4vz-2804340038
2019-10-10 00:02:58,847 [pool-67-thread-1] INFO  storage.RaftStorageDirectory (RaftStorageDirectory.java:tryLock(328)) - Lock on /workdir/hadoop-ozone/tools/target/test-dir/MiniOzoneClusterImpl-05957be1-95ac-40cf-b8ff-440b7ad829fe/datanode-4/data/ratis/c7b6eb9b-56b1-4519-887a-25476a88085c/in_use.lock acquired by nodename 31199@pr-hdds-1868-7c4vz-2804340038
2019-10-10 00:02:58,886 [pool-37-thread-1] INFO  storage.RaftStorage (RaftStorage.java:format(84)) - Storage directory /workdir/hadoop-ozone/tools/target/test-dir/MiniOzoneClusterImpl-05957be1-95ac-40cf-b8ff-440b7ad829fe/datanode-1/data/ratis/c7b6eb9b-56b1-4519-887a-25476a88085c has been successfully formatted.
2019-10-10 00:02:58,886 [pool-57-thread-1] INFO  storage.RaftStorage (RaftStorage.java:format(84)) - Storage directory /workdir/hadoop-ozone/tools/target/test-dir/MiniOzoneClusterImpl-05957be1-95ac-40cf-b8ff-440b7ad829fe/datanode-3/data/ratis/c7b6eb9b-56b1-4519-887a-25476a88085c has been successfully formatted.
2019-10-10 00:02:58,886 [pool-67-thread-1] INFO  storage.RaftStorage (RaftStorage.java:format(84)) - Storage directory /workdir/hadoop-ozone/tools/target/test-dir/MiniOzoneClusterImpl-05957be1-95ac-40cf-b8ff-440b7ad829fe/datanode-4/data/ratis/c7b6eb9b-56b1-4519-887a-25476a88085c has been successfully formatted.
2019-10-10 00:02:58,887 [pool-57-thread-1] INFO  ratis.ContainerStateMachine (ContainerStateMachine.java:loadSnapshot(233)) - group-25476A88085C: The snapshot info is null. Setting the last applied indexto:(t:0, i:~)
2019-10-10 00:02:58,887 [pool-67-thread-1] INFO  ratis.ContainerStateMachine (ContainerStateMachine.java:loadSnapshot(233)) - group-25476A88085C: The snapshot info is null. Setting the last applied indexto:(t:0, i:~)
2019-10-10 00:02:58,887 [pool-37-thread-1] INFO  ratis.ContainerStateMachine (ContainerStateMachine.java:loadSnapshot(233)) - group-25476A88085C: The snapshot info is null. Setting the last applied indexto:(t:0, i:~)
2019-10-10 00:02:58,887 [pool-67-thread-1] INFO  server.RaftServerConfigKeys (ConfUtils.java:logGet(43)) - raft.server.notification.no-leader.timeout = 120s (custom)
2019-10-10 00:02:58,887 [pool-57-thread-1] INFO  server.RaftServerConfigKeys (ConfUtils.java:logGet(43)) - raft.server.notification.no-leader.timeout = 120s (custom)
2019-10-10 00:02:58,888 [pool-67-thread-1] INFO  server.RaftServerConfigKeys (ConfUtils.java:logGet(43)) - raft.server.log.use.memory = false (default)
2019-10-10 00:02:58,887 [pool-37-thread-1] INFO  server.RaftServerConfigKeys (ConfUtils.java:logGet(43)) - raft.server.notification.no-leader.timeout = 120s (custom)
2019-10-10 00:02:58,888 [pool-57-thread-1] INFO  server.RaftServerConfigKeys (ConfUtils.java:logGet(43)) - raft.server.log.use.memory = false (default)
2019-10-10 00:02:58,888 [pool-67-thread-1] INFO  server.RaftServerConfigKeys (ConfUtils.java:logGet(43)) - raft.server.log.purge.gap = 1000000 (custom)
2019-10-10 00:02:58,888 [pool-37-thread-1] INFO  server.RaftServerConfigKeys (ConfUtils.java:logGet(43)) - raft.server.log.use.memory = false (default)
2019-10-10 00:02:58,888 [pool-67-thread-1] INFO  server.RaftServerConfigKeys (ConfUtils.java:logGet(43)) - raft.server.log.appender.buffer.byte-limit = 33554432 (custom)
2019-10-10 00:02:58,888 [pool-57-thread-1] INFO  server.RaftServerConfigKeys (ConfUtils.java:logGet(43)) - raft.server.log.purge.gap = 1000000 (custom)
2019-10-10 00:02:58,888 [pool-67-thread-1] INFO  server.RaftServerConfigKeys (ConfUtils.java:logGet(43)) - raft.server.log.segment.size.max = 1048576 (custom)
2019-10-10 00:02:58,888 [pool-37-thread-1] INFO  server.RaftServerConfigKeys (ConfUtils.java:logGet(43)) - raft.server.log.purge.gap = 1000000 (custom)
2019-10-10 00:02:58,889 [pool-57-thread-1] INFO  server.RaftServerConfigKeys (ConfUtils.java:logGet(43)) - raft.server.log.appender.buffer.byte-limit = 33554432 (custom)
2019-10-10 00:02:58,889 [pool-37-thread-1] INFO  server.RaftServerConfigKeys (ConfUtils.java:logGet(43)) - raft.server.log.appender.buffer.byte-limit = 33554432 (custom)
2019-10-10 00:02:58,889 [pool-67-thread-1] INFO  server.RaftServerConfigKeys (ConfUtils.java:logGet(43)) - raft.server.log.segment.cache.num.max = 2 (custom)
2019-10-10 00:02:58,889 [pool-37-thread-1] INFO  server.RaftServerConfigKeys (ConfUtils.java:logGet(43)) - raft.server.log.segment.size.max = 1048576 (custom)
2019-10-10 00:02:58,889 [pool-57-thread-1] INFO  server.RaftServerConfigKeys (ConfUtils.java:logGet(43)) - raft.server.log.segment.size.max = 1048576 (custom)
2019-10-10 00:02:58,889 [pool-37-thread-1] INFO  server.RaftServerConfigKeys (ConfUtils.java:logGet(43)) - raft.server.log.segment.cache.num.max = 2 (custom)
2019-10-10 00:02:58,889 [pool-67-thread-1] INFO  segmented.SegmentedRaftLogWorker (SegmentedRaftLogWorker.java:<init>(173)) - new b93657b9-afe7-465a-931b-0ef0578482aa@group-25476A88085C-SegmentedRaftLogWorker for RaftStorage:Storage Directory /workdir/hadoop-ozone/tools/target/test-dir/MiniOzoneClusterImpl-05957be1-95ac-40cf-b8ff-440b7ad829fe/datanode-4/data/ratis/c7b6eb9b-56b1-4519-887a-25476a88085c
2019-10-10 00:02:58,890 [pool-37-thread-1] INFO  segmented.SegmentedRaftLogWorker (SegmentedRaftLogWorker.java:<init>(173)) - new 607a1019-7a5a-4725-b7e5-a50ab7fbc189@group-25476A88085C-SegmentedRaftLogWorker for RaftStorage:Storage Directory /workdir/hadoop-ozone/tools/target/test-dir/MiniOzoneClusterImpl-05957be1-95ac-40cf-b8ff-440b7ad829fe/datanode-1/data/ratis/c7b6eb9b-56b1-4519-887a-25476a88085c
2019-10-10 00:02:58,890 [pool-57-thread-1] INFO  server.RaftServerConfigKeys (ConfUtils.java:logGet(43)) - raft.server.log.segment.cache.num.max = 2 (custom)
2019-10-10 00:02:58,890 [pool-37-thread-1] INFO  server.RaftServerConfigKeys (ConfUtils.java:logGet(43)) - raft.server.log.queue.byte-limit = 2147483647 (custom)
2019-10-10 00:02:58,890 [pool-67-thread-1] INFO  server.RaftServerConfigKeys (ConfUtils.java:logGet(43)) - raft.server.log.queue.byte-limit = 2147483647 (custom)
2019-10-10 00:02:58,890 [pool-37-thread-1] INFO  server.RaftServerConfigKeys (ConfUtils.java:logGet(43)) - raft.server.log.queue.element-limit = 1024 (custom)
2019-10-10 00:02:58,890 [pool-57-thread-1] INFO  segmented.SegmentedRaftLogWorker (SegmentedRaftLogWorker.java:<init>(173)) - new 9438835d-3369-4dcf-bcb8-4bc91e81566b@group-25476A88085C-SegmentedRaftLogWorker for RaftStorage:Storage Directory /workdir/hadoop-ozone/tools/target/test-dir/MiniOzoneClusterImpl-05957be1-95ac-40cf-b8ff-440b7ad829fe/datanode-3/data/ratis/c7b6eb9b-56b1-4519-887a-25476a88085c
2019-10-10 00:02:58,890 [pool-37-thread-1] INFO  server.RaftServerConfigKeys (ConfUtils.java:logGet(43)) - raft.server.log.segment.size.max = 1048576 (custom)
2019-10-10 00:02:58,890 [pool-67-thread-1] INFO  server.RaftServerConfigKeys (ConfUtils.java:logGet(43)) - raft.server.log.queue.element-limit = 1024 (custom)
2019-10-10 00:02:58,891 [pool-37-thread-1] INFO  server.RaftServerConfigKeys (ConfUtils.java:logGet(43)) - raft.server.log.preallocated.size = 16384 (custom)
2019-10-10 00:02:58,891 [pool-57-thread-1] INFO  server.RaftServerConfigKeys (ConfUtils.java:logGet(43)) - raft.server.log.queue.byte-limit = 2147483647 (custom)
2019-10-10 00:02:58,891 [pool-37-thread-1] INFO  server.RaftServerConfigKeys (ConfUtils.java:logGet(43)) - raft.server.log.write.buffer.size = 33554432 (custom)
2019-10-10 00:02:58,891 [pool-67-thread-1] INFO  server.RaftServerConfigKeys (ConfUtils.java:logGet(43)) - raft.server.log.segment.size.max = 1048576 (custom)
2019-10-10 00:02:58,891 [pool-37-thread-1] INFO  server.RaftServerConfigKeys (ConfUtils.java:logGet(43)) - raft.server.log.force.sync.num = 128 (default)
2019-10-10 00:02:58,891 [pool-57-thread-1] INFO  server.RaftServerConfigKeys (ConfUtils.java:logGet(43)) - raft.server.log.queue.element-limit = 1024 (custom)
2019-10-10 00:02:58,891 [pool-37-thread-1] INFO  server.RaftServerConfigKeys (ConfUtils.java:logGet(43)) - raft.server.log.statemachine.data.sync = true (default)
2019-10-10 00:02:58,891 [pool-67-thread-1] INFO  server.RaftServerConfigKeys (ConfUtils.java:logGet(43)) - raft.server.log.preallocated.size = 16384 (custom)
2019-10-10 00:02:58,892 [pool-37-thread-1] INFO  server.RaftServerConfigKeys (ConfUtils.java:logGet(43)) - raft.server.log.statemachine.data.sync.timeout = 10s (default)
2019-10-10 00:02:58,892 [pool-57-thread-1] INFO  server.RaftServerConfigKeys (ConfUtils.java:logGet(43)) - raft.server.log.segment.size.max = 1048576 (custom)
2019-10-10 00:02:58,892 [pool-37-thread-1] INFO  server.RaftServerConfigKeys (ConfUtils.java:logGet(43)) - raft.server.log.statemachine.data.sync.timeout.retry = -1 (default)
2019-10-10 00:02:58,892 [pool-67-thread-1] INFO  server.RaftServerConfigKeys (ConfUtils.java:logGet(43)) - raft.server.log.write.buffer.size = 33554432 (custom)
2019-10-10 00:02:58,892 [pool-57-thread-1] INFO  server.RaftServerConfigKeys (ConfUtils.java:logGet(43)) - raft.server.log.preallocated.size = 16384 (custom)
2019-10-10 00:02:58,892 [pool-67-thread-1] INFO  server.RaftServerConfigKeys (ConfUtils.java:logGet(43)) - raft.server.log.force.sync.num = 128 (default)
2019-10-10 00:02:58,892 [pool-37-thread-1] INFO  server.RaftServerConfigKeys (ConfUtils.java:logGet(43)) - raft.server.log.statemachine.data.caching.enabled = true (custom)
2019-10-10 00:02:58,893 [pool-67-thread-1] INFO  server.RaftServerConfigKeys (ConfUtils.java:logGet(43)) - raft.server.log.statemachine.data.sync = true (default)
2019-10-10 00:02:58,893 [pool-37-thread-1] INFO  segmented.SegmentedRaftLogWorker (SegmentedRaftLogWorker.java:lambda$new$0(128)) - 607a1019-7a5a-4725-b7e5-a50ab7fbc189@group-25476A88085C-SegmentedRaftLogWorker: flushIndex: setUnconditionally 0 -> -1
2019-10-10 00:02:58,893 [pool-57-thread-1] INFO  server.RaftServerConfigKeys (ConfUtils.java:logGet(43)) - raft.server.log.write.buffer.size = 33554432 (custom)
2019-10-10 00:02:58,893 [pool-67-thread-1] INFO  server.RaftServerConfigKeys (ConfUtils.java:logGet(43)) - raft.server.log.statemachine.data.sync.timeout = 10s (default)
2019-10-10 00:02:58,893 [pool-57-thread-1] INFO  server.RaftServerConfigKeys (ConfUtils.java:logGet(43)) - raft.server.log.force.sync.num = 128 (default)
2019-10-10 00:02:58,893 [pool-37-thread-1] INFO  server.RaftServerConfigKeys (ConfUtils.java:logGet(43)) - raft.server.snapshot.auto.trigger.enabled = true (custom)
2019-10-10 00:02:58,894 [pool-57-thread-1] INFO  server.RaftServerConfigKeys (ConfUtils.java:logGet(43)) - raft.server.log.statemachine.data.sync = true (default)
2019-10-10 00:02:58,894 [pool-67-thread-1] INFO  server.RaftServerConfigKeys (ConfUtils.java:logGet(43)) - raft.server.log.statemachine.data.sync.timeout.retry = -1 (default)
2019-10-10 00:02:58,894 [pool-57-thread-1] INFO  server.RaftServerConfigKeys (ConfUtils.java:logGet(43)) - raft.server.log.statemachine.data.sync.timeout = 10s (default)
2019-10-10 00:02:58,894 [pool-37-thread-1] INFO  server.RaftServerConfigKeys (ConfUtils.java:logGet(43)) - raft.server.snapshot.auto.trigger.threshold = 10000 (custom)
2019-10-10 00:02:58,894 [pool-57-thread-1] INFO  server.RaftServerConfigKeys (ConfUtils.java:logGet(43)) - raft.server.log.statemachine.data.sync.timeout.retry = -1 (default)
2019-10-10 00:02:58,894 [pool-67-thread-1] INFO  server.RaftServerConfigKeys (ConfUtils.java:logGet(43)) - raft.server.log.statemachine.data.caching.enabled = true (custom)
2019-10-10 00:02:58,895 [pool-57-thread-1] INFO  server.RaftServerConfigKeys (ConfUtils.java:logGet(43)) - raft.server.log.statemachine.data.caching.enabled = true (custom)
2019-10-10 00:02:58,894 [pool-37-thread-1] INFO  server.RaftServerConfigKeys (ConfUtils.java:logGet(43)) - raft.server.snapshot.retention.file.num = 5 (custom)
2019-10-10 00:02:58,895 [pool-67-thread-1] INFO  segmented.SegmentedRaftLogWorker (SegmentedRaftLogWorker.java:lambda$new$0(128)) - b93657b9-afe7-465a-931b-0ef0578482aa@group-25476A88085C-SegmentedRaftLogWorker: flushIndex: setUnconditionally 0 -> -1
2019-10-10 00:02:58,895 [pool-57-thread-1] INFO  segmented.SegmentedRaftLogWorker (SegmentedRaftLogWorker.java:lambda$new$0(128)) - 9438835d-3369-4dcf-bcb8-4bc91e81566b@group-25476A88085C-SegmentedRaftLogWorker: flushIndex: setUnconditionally 0 -> -1
2019-10-10 00:02:58,895 [pool-37-thread-1] INFO  server.RaftServerConfigKeys (ConfUtils.java:logGet(43)) - raft.server.retrycache.expirytime = 600000ms (custom)
2019-10-10 00:02:58,895 [pool-67-thread-1] INFO  server.RaftServerConfigKeys (ConfUtils.java:logGet(43)) - raft.server.snapshot.auto.trigger.enabled = true (custom)
2019-10-10 00:02:58,896 [pool-57-thread-1] INFO  server.RaftServerConfigKeys (ConfUtils.java:logGet(43)) - raft.server.snapshot.auto.trigger.enabled = true (custom)
2019-10-10 00:02:58,896 [pool-67-thread-1] INFO  server.RaftServerConfigKeys (ConfUtils.java:logGet(43)) - raft.server.snapshot.auto.trigger.threshold = 10000 (custom)
2019-10-10 00:02:58,896 [pool-57-thread-1] INFO  server.RaftServerConfigKeys (ConfUtils.java:logGet(43)) - raft.server.snapshot.auto.trigger.threshold = 10000 (custom)
2019-10-10 00:02:58,896 [pool-67-thread-1] INFO  server.RaftServerConfigKeys (ConfUtils.java:logGet(43)) - raft.server.snapshot.retention.file.num = 5 (custom)
2019-10-10 00:02:58,896 [pool-57-thread-1] INFO  server.RaftServerConfigKeys (ConfUtils.java:logGet(43)) - raft.server.snapshot.retention.file.num = 5 (custom)
2019-10-10 00:02:58,896 [pool-67-thread-1] INFO  server.RaftServerConfigKeys (ConfUtils.java:logGet(43)) - raft.server.retrycache.expirytime = 600000ms (custom)
2019-10-10 00:02:58,897 [pool-57-thread-1] INFO  server.RaftServerConfigKeys (ConfUtils.java:logGet(43)) - raft.server.retrycache.expirytime = 600000ms (custom)
2019-10-10 00:02:58,900 [pool-37-thread-1] INFO  impl.RaftServerImpl (RaftServerImpl.java:start(181)) - 607a1019-7a5a-4725-b7e5-a50ab7fbc189@group-25476A88085C: start as a follower, conf=-1: [607a1019-7a5a-4725-b7e5-a50ab7fbc189:192.168.164.207:36515, 9438835d-3369-4dcf-bcb8-4bc91e81566b:192.168.164.207:41595, b93657b9-afe7-465a-931b-0ef0578482aa:192.168.164.207:39746], old=null
2019-10-10 00:02:58,900 [pool-37-thread-1] INFO  impl.RaftServerImpl (RaftServerImpl.java:setRole(170)) - 607a1019-7a5a-4725-b7e5-a50ab7fbc189@group-25476A88085C: changes role from      null to FOLLOWER at term 0 for startAsFollower
2019-10-10 00:02:58,900 [pool-37-thread-1] INFO  impl.RoleInfo (RoleInfo.java:updateAndGet(143)) - 607a1019-7a5a-4725-b7e5-a50ab7fbc189: start FollowerState
2019-10-10 00:02:58,901 [pool-37-thread-1] INFO  util.JmxRegister (JmxRegister.java:tryRegister(44)) - Successfully registered JMX Bean with object name Ratis:service=RaftServer,group=group-25476A88085C,id=607a1019-7a5a-4725-b7e5-a50ab7fbc189
2019-10-10 00:02:58,902 [pool-67-thread-1] INFO  impl.RaftServerImpl (RaftServerImpl.java:start(181)) - b93657b9-afe7-465a-931b-0ef0578482aa@group-25476A88085C: start as a follower, conf=-1: [607a1019-7a5a-4725-b7e5-a50ab7fbc189:192.168.164.207:36515, 9438835d-3369-4dcf-bcb8-4bc91e81566b:192.168.164.207:41595, b93657b9-afe7-465a-931b-0ef0578482aa:192.168.164.207:39746], old=null
2019-10-10 00:02:58,902 [pool-67-thread-1] INFO  impl.RaftServerImpl (RaftServerImpl.java:setRole(170)) - b93657b9-afe7-465a-931b-0ef0578482aa@group-25476A88085C: changes role from      null to FOLLOWER at term 0 for startAsFollower
2019-10-10 00:02:58,902 [pool-57-thread-1] INFO  impl.RaftServerImpl (RaftServerImpl.java:start(181)) - 9438835d-3369-4dcf-bcb8-4bc91e81566b@group-25476A88085C: start as a follower, conf=-1: [607a1019-7a5a-4725-b7e5-a50ab7fbc189:192.168.164.207:36515, 9438835d-3369-4dcf-bcb8-4bc91e81566b:192.168.164.207:41595, b93657b9-afe7-465a-931b-0ef0578482aa:192.168.164.207:39746], old=null
2019-10-10 00:02:58,902 [pool-67-thread-1] INFO  impl.RoleInfo (RoleInfo.java:updateAndGet(143)) - b93657b9-afe7-465a-931b-0ef0578482aa: start FollowerState
2019-10-10 00:02:58,902 [pool-57-thread-1] INFO  impl.RaftServerImpl (RaftServerImpl.java:setRole(170)) - 9438835d-3369-4dcf-bcb8-4bc91e81566b@group-25476A88085C: changes role from      null to FOLLOWER at term 0 for startAsFollower
2019-10-10 00:02:58,903 [pool-57-thread-1] INFO  impl.RoleInfo (RoleInfo.java:updateAndGet(143)) - 9438835d-3369-4dcf-bcb8-4bc91e81566b: start FollowerState
2019-10-10 00:02:58,903 [pool-67-thread-1] INFO  util.JmxRegister (JmxRegister.java:tryRegister(44)) - Successfully registered JMX Bean with object name Ratis:service=RaftServer,group=group-25476A88085C,id=b93657b9-afe7-465a-931b-0ef0578482aa
2019-10-10 00:02:58,903 [pool-57-thread-1] INFO  util.JmxRegister (JmxRegister.java:tryRegister(44)) - Successfully registered JMX Bean with object name Ratis:service=RaftServer,group=group-25476A88085C,id=9438835d-3369-4dcf-bcb8-4bc91e81566b
2019-10-10 00:02:58,917 [RatisPipelineUtilsThread] INFO  pipeline.PipelineStateManager (PipelineStateManager.java:addPipeline(57)) - Created pipeline Pipeline[ Id: c7b6eb9b-56b1-4519-887a-25476a88085c, Nodes: 607a1019-7a5a-4725-b7e5-a50ab7fbc189{ip: 192.168.164.207, host: pr-hdds-1868-7c4vz-2804340038, networkLocation: /default-rack, certSerialId: null}b93657b9-afe7-465a-931b-0ef0578482aa{ip: 192.168.164.207, host: pr-hdds-1868-7c4vz-2804340038, networkLocation: /default-rack, certSerialId: null}9438835d-3369-4dcf-bcb8-4bc91e81566b{ip: 192.168.164.207, host: pr-hdds-1868-7c4vz-2804340038, networkLocation: /default-rack, certSerialId: null}, Type:RATIS, Factor:THREE, State:ALLOCATED]
 0.00% |█                                                                                                    |  0/1 Time: 0:01:082019-10-10 00:02:59,881 [pool-73-thread-3] WARN  io.KeyOutputStream (KeyOutputStream.java:handleException(274)) - Encountered exception java.io.IOException: Unexpected Storage Container Exception: java.util.concurrent.CompletionException: java.util.concurrent.CompletionException: org.apache.ratis.protocol.GroupMismatchException: b93657b9-afe7-465a-931b-0ef0578482aa: group-8553FD33EEE7 not found. on the pipeline Pipeline[ Id: db4e39af-acff-4b17-8659-8553fd33eee7, Nodes: 607a1019-7a5a-4725-b7e5-a50ab7fbc189{ip: 192.168.164.207, host: pr-hdds-1868-7c4vz-2804340038, networkLocation: /default-rack, certSerialId: null}b93657b9-afe7-465a-931b-0ef0578482aa{ip: 192.168.164.207, host: pr-hdds-1868-7c4vz-2804340038, networkLocation: /default-rack, certSerialId: null}9438835d-3369-4dcf-bcb8-4bc91e81566b{ip: 192.168.164.207, host: pr-hdds-1868-7c4vz-2804340038, networkLocation: /default-rack, certSerialId: null}, Type:RATIS, Factor:THREE, State:OPEN]. The last committed block length is 0, uncommitted data length is 2097152 retry count 0
2019-10-10 00:02:59,916 [IPC Server handler 7 on 46459] WARN  block.BlockManagerImpl (BlockManagerImpl.java:allocateBlock(194)) - Pipeline creation failed for type:RATIS factor:THREE. Retrying get pipelines call once.
org.apache.hadoop.hdds.scm.pipeline.InsufficientDatanodesException: Cannot create pipeline of factor 3 using 2 nodes.
	at org.apache.hadoop.hdds.scm.pipeline.RatisPipelineProvider.create(RatisPipelineProvider.java:155)
	at org.apache.hadoop.hdds.scm.pipeline.PipelineFactory.create(PipelineFactory.java:58)
	at org.apache.hadoop.hdds.scm.pipeline.SCMPipelineManager.createPipeline(SCMPipelineManager.java:155)
	at org.apache.hadoop.hdds.scm.block.BlockManagerImpl.allocateBlock(BlockManagerImpl.java:192)
	at org.apache.hadoop.hdds.scm.server.SCMBlockProtocolServer.allocateBlock(SCMBlockProtocolServer.java:182)
	at org.apache.hadoop.hdds.scm.protocol.ScmBlockLocationProtocolServerSideTranslatorPB.allocateScmBlock(ScmBlockLocationProtocolServerSideTranslatorPB.java:159)
	at org.apache.hadoop.hdds.scm.protocol.ScmBlockLocationProtocolServerSideTranslatorPB.processMessage(ScmBlockLocationProtocolServerSideTranslatorPB.java:117)
	at org.apache.hadoop.hdds.server.OzoneProtocolMessageDispatcher.processRequest(OzoneProtocolMessageDispatcher.java:72)
	at org.apache.hadoop.hdds.scm.protocol.ScmBlockLocationProtocolServerSideTranslatorPB.send(ScmBlockLocationProtocolServerSideTranslatorPB.java:98)
	at org.apache.hadoop.hdds.protocol.proto.ScmBlockLocationProtocolProtos$ScmBlockLocationProtocolService$2.callBlockingMethod(ScmBlockLocationProtocolProtos.java:13157)
	at org.apache.hadoop.ipc.ProtobufRpcEngine$Server$ProtoBufRpcInvoker.call(ProtobufRpcEngine.java:524)
	at org.apache.hadoop.ipc.RPC$Server.call(RPC.java:1025)
	at org.apache.hadoop.ipc.Server$RpcCall.run(Server.java:876)
	at org.apache.hadoop.ipc.Server$RpcCall.run(Server.java:822)
	at java.security.AccessController.doPrivileged(Native Method)
	at javax.security.auth.Subject.doAs(Subject.java:422)
	at org.apache.hadoop.security.UserGroupInformation.doAs(UserGroupInformation.java:1730)
	at org.apache.hadoop.ipc.Server$Handler.run(Server.java:2682)
2019-10-10 00:02:59,918 [IPC Server handler 7 on 46459] INFO  block.BlockManagerImpl (BlockManagerImpl.java:allocateBlock(200)) - Could not find available pipeline of type:RATIS and factor:THREE even after retrying
2019-10-10 00:02:59,918 [IPC Server handler 7 on 46459] ERROR block.BlockManagerImpl (BlockManagerImpl.java:allocateBlock(224)) - Unable to allocate a block for the size: 4194304, type: RATIS, factor: THREE
2019-10-10 00:02:59,924 [pool-73-thread-3] ERROR io.BlockOutputStreamEntryPool (BlockOutputStreamEntryPool.java:allocateBlockIfNeeded(307)) - Try to allocate more blocks for write failed, already allocated 0 blocks for this write.
INTERNAL_ERROR org.apache.hadoop.ozone.om.exceptions.OMException: Allocated 0 blocks. Requested 1 blocks
	at org.apache.hadoop.ozone.om.protocolPB.OzoneManagerProtocolClientSideTranslatorPB.handleError(OzoneManagerProtocolClientSideTranslatorPB.java:732)
	at org.apache.hadoop.ozone.om.protocolPB.OzoneManagerProtocolClientSideTranslatorPB.allocateBlock(OzoneManagerProtocolClientSideTranslatorPB.java:764)
	at sun.reflect.NativeMethodAccessorImpl.invoke0(Native Method)
	at sun.reflect.NativeMethodAccessorImpl.invoke(NativeMethodAccessorImpl.java:62)
	at sun.reflect.DelegatingMethodAccessorImpl.invoke(DelegatingMethodAccessorImpl.java:43)
	at java.lang.reflect.Method.invoke(Method.java:498)
	at org.apache.hadoop.hdds.tracing.TraceAllMethod.invoke(TraceAllMethod.java:66)
	at com.sun.proxy.$Proxy37.allocateBlock(Unknown Source)
	at org.apache.hadoop.ozone.client.io.BlockOutputStreamEntryPool.allocateNewBlock(BlockOutputStreamEntryPool.java:256)
	at org.apache.hadoop.ozone.client.io.BlockOutputStreamEntryPool.allocateBlockIfNeeded(BlockOutputStreamEntryPool.java:304)
	at org.apache.hadoop.ozone.client.io.KeyOutputStream.handleWrite(KeyOutputStream.java:198)
	at org.apache.hadoop.ozone.client.io.KeyOutputStream.handleRetry(KeyOutputStream.java:375)
	at org.apache.hadoop.ozone.client.io.KeyOutputStream.handleException(KeyOutputStream.java:324)
	at org.apache.hadoop.ozone.client.io.KeyOutputStream.handleWrite(KeyOutputStream.java:228)
	at org.apache.hadoop.ozone.client.io.KeyOutputStream.write(KeyOutputStream.java:190)
	at org.apache.hadoop.ozone.client.io.OzoneOutputStream.write(OzoneOutputStream.java:49)
	at org.apache.hadoop.ozone.freon.RandomKeyGenerator.createKey(RandomKeyGenerator.java:708)
	at org.apache.hadoop.ozone.freon.RandomKeyGenerator.access$1100(RandomKeyGenerator.java:88)
	at org.apache.hadoop.ozone.freon.RandomKeyGenerator$ObjectCreator.run(RandomKeyGenerator.java:615)
	at java.util.concurrent.Executors$RunnableAdapter.call(Executors.java:511)
	at java.util.concurrent.FutureTask.run(FutureTask.java:266)
	at java.util.concurrent.ThreadPoolExecutor.runWorker(ThreadPoolExecutor.java:1149)
	at java.util.concurrent.ThreadPoolExecutor$Worker.run(ThreadPoolExecutor.java:624)
	at java.lang.Thread.run(Thread.java:748)
2019-10-10 00:02:59,926 [pool-73-thread-3] ERROR freon.RandomKeyGenerator (RandomKeyGenerator.java:createKey(733)) - Exception while adding key: key-0-44045 in bucket: bucket-0-51479 of volume: vol-0-46372.
INTERNAL_ERROR org.apache.hadoop.ozone.om.exceptions.OMException: Allocated 0 blocks. Requested 1 blocks
	at org.apache.hadoop.ozone.om.protocolPB.OzoneManagerProtocolClientSideTranslatorPB.handleError(OzoneManagerProtocolClientSideTranslatorPB.java:732)
	at org.apache.hadoop.ozone.om.protocolPB.OzoneManagerProtocolClientSideTranslatorPB.allocateBlock(OzoneManagerProtocolClientSideTranslatorPB.java:764)
	at sun.reflect.NativeMethodAccessorImpl.invoke0(Native Method)
	at sun.reflect.NativeMethodAccessorImpl.invoke(NativeMethodAccessorImpl.java:62)
	at sun.reflect.DelegatingMethodAccessorImpl.invoke(DelegatingMethodAccessorImpl.java:43)
	at java.lang.reflect.Method.invoke(Method.java:498)
	at org.apache.hadoop.hdds.tracing.TraceAllMethod.invoke(TraceAllMethod.java:66)
	at com.sun.proxy.$Proxy37.allocateBlock(Unknown Source)
	at org.apache.hadoop.ozone.client.io.BlockOutputStreamEntryPool.allocateNewBlock(BlockOutputStreamEntryPool.java:256)
	at org.apache.hadoop.ozone.client.io.BlockOutputStreamEntryPool.allocateBlockIfNeeded(BlockOutputStreamEntryPool.java:304)
	at org.apache.hadoop.ozone.client.io.KeyOutputStream.handleWrite(KeyOutputStream.java:198)
	at org.apache.hadoop.ozone.client.io.KeyOutputStream.handleRetry(KeyOutputStream.java:375)
	at org.apache.hadoop.ozone.client.io.KeyOutputStream.handleException(KeyOutputStream.java:324)
	at org.apache.hadoop.ozone.client.io.KeyOutputStream.handleWrite(KeyOutputStream.java:228)
	at org.apache.hadoop.ozone.client.io.KeyOutputStream.write(KeyOutputStream.java:190)
	at org.apache.hadoop.ozone.client.io.OzoneOutputStream.write(OzoneOutputStream.java:49)
	at org.apache.hadoop.ozone.freon.RandomKeyGenerator.createKey(RandomKeyGenerator.java:708)
	at org.apache.hadoop.ozone.freon.RandomKeyGenerator.access$1100(RandomKeyGenerator.java:88)
	at org.apache.hadoop.ozone.freon.RandomKeyGenerator$ObjectCreator.run(RandomKeyGenerator.java:615)
	at java.util.concurrent.Executors$RunnableAdapter.call(Executors.java:511)
	at java.util.concurrent.FutureTask.run(FutureTask.java:266)
	at java.util.concurrent.ThreadPoolExecutor.runWorker(ThreadPoolExecutor.java:1149)
	at java.util.concurrent.ThreadPoolExecutor$Worker.run(ThreadPoolExecutor.java:624)
	at java.lang.Thread.run(Thread.java:748)
 0.00% |█                                                                                                    |  0/1 Time: 0:01:09 100.00% |█████████████████████████████████████████████████████████████████████████████████████████████████████|  1/1 Time: 0:01:10
]]></system-out>
    <system-err><![CDATA[Oct 10, 2019 12:02:58 AM org.apache.ratis.thirdparty.io.grpc.netty.NettyServerHandler onStreamError
WARNING: Stream Error
org.apache.ratis.thirdparty.io.netty.handler.codec.http2.Http2Exception$StreamException: Received DATA frame for an unknown stream 3
	at org.apache.ratis.thirdparty.io.netty.handler.codec.http2.Http2Exception.streamError(Http2Exception.java:129)
	at org.apache.ratis.thirdparty.io.netty.handler.codec.http2.DefaultHttp2ConnectionDecoder$FrameReadListener.shouldIgnoreHeadersOrDataFrame(DefaultHttp2ConnectionDecoder.java:531)
	at org.apache.ratis.thirdparty.io.netty.handler.codec.http2.DefaultHttp2ConnectionDecoder$FrameReadListener.onDataRead(DefaultHttp2ConnectionDecoder.java:183)
	at org.apache.ratis.thirdparty.io.netty.handler.codec.http2.Http2InboundFrameLogger$1.onDataRead(Http2InboundFrameLogger.java:48)
	at org.apache.ratis.thirdparty.io.netty.handler.codec.http2.DefaultHttp2FrameReader.readDataFrame(DefaultHttp2FrameReader.java:421)
	at org.apache.ratis.thirdparty.io.netty.handler.codec.http2.DefaultHttp2FrameReader.processPayloadState(DefaultHttp2FrameReader.java:251)
	at org.apache.ratis.thirdparty.io.netty.handler.codec.http2.DefaultHttp2FrameReader.readFrame(DefaultHttp2FrameReader.java:160)
	at org.apache.ratis.thirdparty.io.netty.handler.codec.http2.Http2InboundFrameLogger.readFrame(Http2InboundFrameLogger.java:41)
	at org.apache.ratis.thirdparty.io.netty.handler.codec.http2.DefaultHttp2ConnectionDecoder.decodeFrame(DefaultHttp2ConnectionDecoder.java:118)
	at org.apache.ratis.thirdparty.io.netty.handler.codec.http2.Http2ConnectionHandler$FrameDecoder.decode(Http2ConnectionHandler.java:390)
	at org.apache.ratis.thirdparty.io.netty.handler.codec.http2.Http2ConnectionHandler.decode(Http2ConnectionHandler.java:450)
	at org.apache.ratis.thirdparty.io.netty.handler.codec.ByteToMessageDecoder.decodeRemovalReentryProtection(ByteToMessageDecoder.java:502)
	at org.apache.ratis.thirdparty.io.netty.handler.codec.ByteToMessageDecoder.callDecode(ByteToMessageDecoder.java:441)
	at org.apache.ratis.thirdparty.io.netty.handler.codec.ByteToMessageDecoder.channelRead(ByteToMessageDecoder.java:278)
	at org.apache.ratis.thirdparty.io.netty.channel.AbstractChannelHandlerContext.invokeChannelRead(AbstractChannelHandlerContext.java:362)
	at org.apache.ratis.thirdparty.io.netty.channel.AbstractChannelHandlerContext.invokeChannelRead(AbstractChannelHandlerContext.java:348)
	at org.apache.ratis.thirdparty.io.netty.channel.AbstractChannelHandlerContext.fireChannelRead(AbstractChannelHandlerContext.java:340)
	at org.apache.ratis.thirdparty.io.netty.channel.DefaultChannelPipeline$HeadContext.channelRead(DefaultChannelPipeline.java:1434)
	at org.apache.ratis.thirdparty.io.netty.channel.AbstractChannelHandlerContext.invokeChannelRead(AbstractChannelHandlerContext.java:362)
	at org.apache.ratis.thirdparty.io.netty.channel.AbstractChannelHandlerContext.invokeChannelRead(AbstractChannelHandlerContext.java:348)
	at org.apache.ratis.thirdparty.io.netty.channel.DefaultChannelPipeline.fireChannelRead(DefaultChannelPipeline.java:965)
	at org.apache.ratis.thirdparty.io.netty.channel.nio.AbstractNioByteChannel$NioByteUnsafe.read(AbstractNioByteChannel.java:163)
	at org.apache.ratis.thirdparty.io.netty.channel.nio.NioEventLoop.processSelectedKey(NioEventLoop.java:644)
	at org.apache.ratis.thirdparty.io.netty.channel.nio.NioEventLoop.processSelectedKeysOptimized(NioEventLoop.java:579)
	at org.apache.ratis.thirdparty.io.netty.channel.nio.NioEventLoop.processSelectedKeys(NioEventLoop.java:496)
	at org.apache.ratis.thirdparty.io.netty.channel.nio.NioEventLoop.run(NioEventLoop.java:458)
	at org.apache.ratis.thirdparty.io.netty.util.concurrent.SingleThreadEventExecutor$5.run(SingleThreadEventExecutor.java:897)
	at org.apache.ratis.thirdparty.io.netty.util.concurrent.FastThreadLocalRunnable.run(FastThreadLocalRunnable.java:30)
	at java.lang.Thread.run(Thread.java:748)

]]></system-err>
  </testcase>
  <testcase name="standaloneTestLargeKey" classname="org.apache.hadoop.ozone.freon.TestDataValidateWithDummyContainers" time="5.03">
    <error message="Allocated 0 blocks. Requested 5 blocks" type="INTERNAL_ERROR org.apache.hadoop.ozone.om.exceptions.OMException">INTERNAL_ERROR org.apache.hadoop.ozone.om.exceptions.OMException: Allocated 0 blocks. Requested 5 blocks
	at org.apache.hadoop.ozone.om.protocolPB.OzoneManagerProtocolClientSideTranslatorPB.handleError(OzoneManagerProtocolClientSideTranslatorPB.java:732)
	at org.apache.hadoop.ozone.om.protocolPB.OzoneManagerProtocolClientSideTranslatorPB.openKey(OzoneManagerProtocolClientSideTranslatorPB.java:723)
	at sun.reflect.NativeMethodAccessorImpl.invoke0(Native Method)
	at sun.reflect.NativeMethodAccessorImpl.invoke(NativeMethodAccessorImpl.java:62)
	at sun.reflect.DelegatingMethodAccessorImpl.invoke(DelegatingMethodAccessorImpl.java:43)
	at java.lang.reflect.Method.invoke(Method.java:498)
	at org.apache.hadoop.hdds.tracing.TraceAllMethod.invoke(TraceAllMethod.java:66)
	at com.sun.proxy.$Proxy37.openKey(Unknown Source)
	at org.apache.hadoop.ozone.client.rpc.RpcClient.createKey(RpcClient.java:610)
	at org.apache.hadoop.ozone.client.OzoneBucket.createKey(OzoneBucket.java:325)
	at org.apache.hadoop.ozone.freon.RandomKeyGenerator.createKey(RandomKeyGenerator.java:695)
	at org.apache.hadoop.ozone.freon.RandomKeyGenerator.access$1100(RandomKeyGenerator.java:88)
	at org.apache.hadoop.ozone.freon.RandomKeyGenerator$ObjectCreator.run(RandomKeyGenerator.java:615)
	at java.util.concurrent.Executors$RunnableAdapter.call(Executors.java:511)
	at java.util.concurrent.FutureTask.run(FutureTask.java:266)
	at java.util.concurrent.ThreadPoolExecutor.runWorker(ThreadPoolExecutor.java:1149)
	at java.util.concurrent.ThreadPoolExecutor$Worker.run(ThreadPoolExecutor.java:624)
	at java.lang.Thread.run(Thread.java:748)
</error>
    <system-out><![CDATA[2019-10-10 00:03:01,692 [main] INFO  freon.RandomKeyGenerator (RandomKeyGenerator.java:call(258)) - Override validateWrites to false, because hdds.container.chunk.persistdata is set to false.
2019-10-10 00:03:01,713 [main] INFO  freon.RandomKeyGenerator (RandomKeyGenerator.java:call(283)) - Number of Threads: 10
2019-10-10 00:03:01,713 [main] INFO  freon.RandomKeyGenerator (RandomKeyGenerator.java:call(288)) - Number of Volumes: 1.
2019-10-10 00:03:01,713 [main] INFO  freon.RandomKeyGenerator (RandomKeyGenerator.java:call(289)) - Number of Buckets per Volume: 1.
2019-10-10 00:03:01,713 [main] INFO  freon.RandomKeyGenerator (RandomKeyGenerator.java:call(290)) - Number of Keys per Bucket: 1.
2019-10-10 00:03:01,714 [main] INFO  freon.RandomKeyGenerator (RandomKeyGenerator.java:call(291)) - Key size: 20971520 bytes
2019-10-10 00:03:01,714 [main] INFO  freon.RandomKeyGenerator (RandomKeyGenerator.java:call(292)) - Buffer size: 4096 bytes
2019-10-10 00:03:01,714 [main] INFO  freon.RandomKeyGenerator (RandomKeyGenerator.java:call(293)) - validateWrites : false
2019-10-10 00:03:01,715 [pool-75-thread-1] INFO  rpc.RpcClient (RpcClient.java:createVolume(272)) - Creating Volume: vol-0-05355, with jenkins1000 as owner.
2019-10-10 00:03:01,716 [main] INFO  freon.RandomKeyGenerator (RandomKeyGenerator.java:call(313)) - Starting progress bar Thread.

 0.00% |█                                                                                                    |  0/1 Time: 0:00:002019-10-10 00:03:01,722 [IPC Server handler 5 on 36604] INFO  volume.OMVolumeCreateRequest (OMVolumeCreateRequest.java:validateAndUpdateCache(193)) - created volume:vol-0-05355 for user:jenkins1000
2019-10-10 00:03:01,736 [pool-75-thread-2] INFO  rpc.RpcClient (RpcClient.java:createBucket(411)) - Creating Bucket: vol-0-05355/bucket-0-36252, with Versioning false and Storage Type set to DISK and Encryption set to false 
2019-10-10 00:03:01,752 [IPC Server handler 17 on 46459] WARN  block.BlockManagerImpl (BlockManagerImpl.java:allocateBlock(194)) - Pipeline creation failed for type:RATIS factor:THREE. Retrying get pipelines call once.
org.apache.hadoop.hdds.scm.pipeline.InsufficientDatanodesException: Cannot create pipeline of factor 3 using 2 nodes.
	at org.apache.hadoop.hdds.scm.pipeline.RatisPipelineProvider.create(RatisPipelineProvider.java:155)
	at org.apache.hadoop.hdds.scm.pipeline.PipelineFactory.create(PipelineFactory.java:58)
	at org.apache.hadoop.hdds.scm.pipeline.SCMPipelineManager.createPipeline(SCMPipelineManager.java:155)
	at org.apache.hadoop.hdds.scm.block.BlockManagerImpl.allocateBlock(BlockManagerImpl.java:192)
	at org.apache.hadoop.hdds.scm.server.SCMBlockProtocolServer.allocateBlock(SCMBlockProtocolServer.java:182)
	at org.apache.hadoop.hdds.scm.protocol.ScmBlockLocationProtocolServerSideTranslatorPB.allocateScmBlock(ScmBlockLocationProtocolServerSideTranslatorPB.java:159)
	at org.apache.hadoop.hdds.scm.protocol.ScmBlockLocationProtocolServerSideTranslatorPB.processMessage(ScmBlockLocationProtocolServerSideTranslatorPB.java:117)
	at org.apache.hadoop.hdds.server.OzoneProtocolMessageDispatcher.processRequest(OzoneProtocolMessageDispatcher.java:72)
	at org.apache.hadoop.hdds.scm.protocol.ScmBlockLocationProtocolServerSideTranslatorPB.send(ScmBlockLocationProtocolServerSideTranslatorPB.java:98)
	at org.apache.hadoop.hdds.protocol.proto.ScmBlockLocationProtocolProtos$ScmBlockLocationProtocolService$2.callBlockingMethod(ScmBlockLocationProtocolProtos.java:13157)
	at org.apache.hadoop.ipc.ProtobufRpcEngine$Server$ProtoBufRpcInvoker.call(ProtobufRpcEngine.java:524)
	at org.apache.hadoop.ipc.RPC$Server.call(RPC.java:1025)
	at org.apache.hadoop.ipc.Server$RpcCall.run(Server.java:876)
	at org.apache.hadoop.ipc.Server$RpcCall.run(Server.java:822)
	at java.security.AccessController.doPrivileged(Native Method)
	at javax.security.auth.Subject.doAs(Subject.java:422)
	at org.apache.hadoop.security.UserGroupInformation.doAs(UserGroupInformation.java:1730)
	at org.apache.hadoop.ipc.Server$Handler.run(Server.java:2682)
2019-10-10 00:03:01,753 [IPC Server handler 17 on 46459] INFO  block.BlockManagerImpl (BlockManagerImpl.java:allocateBlock(200)) - Could not find available pipeline of type:RATIS and factor:THREE even after retrying
2019-10-10 00:03:01,753 [IPC Server handler 17 on 46459] ERROR block.BlockManagerImpl (BlockManagerImpl.java:allocateBlock(224)) - Unable to allocate a block for the size: 4194304, type: RATIS, factor: THREE
2019-10-10 00:03:01,759 [IPC Server handler 17 on 46459] WARN  block.BlockManagerImpl (BlockManagerImpl.java:allocateBlock(194)) - Pipeline creation failed for type:RATIS factor:THREE. Retrying get pipelines call once.
org.apache.hadoop.hdds.scm.pipeline.InsufficientDatanodesException: Cannot create pipeline of factor 3 using 2 nodes.
	at org.apache.hadoop.hdds.scm.pipeline.RatisPipelineProvider.create(RatisPipelineProvider.java:155)
	at org.apache.hadoop.hdds.scm.pipeline.PipelineFactory.create(PipelineFactory.java:58)
	at org.apache.hadoop.hdds.scm.pipeline.SCMPipelineManager.createPipeline(SCMPipelineManager.java:155)
	at org.apache.hadoop.hdds.scm.block.BlockManagerImpl.allocateBlock(BlockManagerImpl.java:192)
	at org.apache.hadoop.hdds.scm.server.SCMBlockProtocolServer.allocateBlock(SCMBlockProtocolServer.java:182)
	at org.apache.hadoop.hdds.scm.protocol.ScmBlockLocationProtocolServerSideTranslatorPB.allocateScmBlock(ScmBlockLocationProtocolServerSideTranslatorPB.java:159)
	at org.apache.hadoop.hdds.scm.protocol.ScmBlockLocationProtocolServerSideTranslatorPB.processMessage(ScmBlockLocationProtocolServerSideTranslatorPB.java:117)
	at org.apache.hadoop.hdds.server.OzoneProtocolMessageDispatcher.processRequest(OzoneProtocolMessageDispatcher.java:72)
	at org.apache.hadoop.hdds.scm.protocol.ScmBlockLocationProtocolServerSideTranslatorPB.send(ScmBlockLocationProtocolServerSideTranslatorPB.java:98)
	at org.apache.hadoop.hdds.protocol.proto.ScmBlockLocationProtocolProtos$ScmBlockLocationProtocolService$2.callBlockingMethod(ScmBlockLocationProtocolProtos.java:13157)
	at org.apache.hadoop.ipc.ProtobufRpcEngine$Server$ProtoBufRpcInvoker.call(ProtobufRpcEngine.java:524)
	at org.apache.hadoop.ipc.RPC$Server.call(RPC.java:1025)
	at org.apache.hadoop.ipc.Server$RpcCall.run(Server.java:876)
	at org.apache.hadoop.ipc.Server$RpcCall.run(Server.java:822)
	at java.security.AccessController.doPrivileged(Native Method)
	at javax.security.auth.Subject.doAs(Subject.java:422)
	at org.apache.hadoop.security.UserGroupInformation.doAs(UserGroupInformation.java:1730)
	at org.apache.hadoop.ipc.Server$Handler.run(Server.java:2682)
2019-10-10 00:03:01,760 [IPC Server handler 17 on 46459] INFO  block.BlockManagerImpl (BlockManagerImpl.java:allocateBlock(200)) - Could not find available pipeline of type:RATIS and factor:THREE even after retrying
2019-10-10 00:03:01,760 [IPC Server handler 17 on 46459] ERROR block.BlockManagerImpl (BlockManagerImpl.java:allocateBlock(224)) - Unable to allocate a block for the size: 4194304, type: RATIS, factor: THREE
2019-10-10 00:03:01,763 [IPC Server handler 17 on 46459] WARN  block.BlockManagerImpl (BlockManagerImpl.java:allocateBlock(194)) - Pipeline creation failed for type:RATIS factor:THREE. Retrying get pipelines call once.
org.apache.hadoop.hdds.scm.pipeline.InsufficientDatanodesException: Cannot create pipeline of factor 3 using 2 nodes.
	at org.apache.hadoop.hdds.scm.pipeline.RatisPipelineProvider.create(RatisPipelineProvider.java:155)
	at org.apache.hadoop.hdds.scm.pipeline.PipelineFactory.create(PipelineFactory.java:58)
	at org.apache.hadoop.hdds.scm.pipeline.SCMPipelineManager.createPipeline(SCMPipelineManager.java:155)
	at org.apache.hadoop.hdds.scm.block.BlockManagerImpl.allocateBlock(BlockManagerImpl.java:192)
	at org.apache.hadoop.hdds.scm.server.SCMBlockProtocolServer.allocateBlock(SCMBlockProtocolServer.java:182)
	at org.apache.hadoop.hdds.scm.protocol.ScmBlockLocationProtocolServerSideTranslatorPB.allocateScmBlock(ScmBlockLocationProtocolServerSideTranslatorPB.java:159)
	at org.apache.hadoop.hdds.scm.protocol.ScmBlockLocationProtocolServerSideTranslatorPB.processMessage(ScmBlockLocationProtocolServerSideTranslatorPB.java:117)
	at org.apache.hadoop.hdds.server.OzoneProtocolMessageDispatcher.processRequest(OzoneProtocolMessageDispatcher.java:72)
	at org.apache.hadoop.hdds.scm.protocol.ScmBlockLocationProtocolServerSideTranslatorPB.send(ScmBlockLocationProtocolServerSideTranslatorPB.java:98)
	at org.apache.hadoop.hdds.protocol.proto.ScmBlockLocationProtocolProtos$ScmBlockLocationProtocolService$2.callBlockingMethod(ScmBlockLocationProtocolProtos.java:13157)
	at org.apache.hadoop.ipc.ProtobufRpcEngine$Server$ProtoBufRpcInvoker.call(ProtobufRpcEngine.java:524)
	at org.apache.hadoop.ipc.RPC$Server.call(RPC.java:1025)
	at org.apache.hadoop.ipc.Server$RpcCall.run(Server.java:876)
	at org.apache.hadoop.ipc.Server$RpcCall.run(Server.java:822)
	at java.security.AccessController.doPrivileged(Native Method)
	at javax.security.auth.Subject.doAs(Subject.java:422)
	at org.apache.hadoop.security.UserGroupInformation.doAs(UserGroupInformation.java:1730)
	at org.apache.hadoop.ipc.Server$Handler.run(Server.java:2682)
2019-10-10 00:03:01,764 [IPC Server handler 17 on 46459] INFO  block.BlockManagerImpl (BlockManagerImpl.java:allocateBlock(200)) - Could not find available pipeline of type:RATIS and factor:THREE even after retrying
2019-10-10 00:03:01,764 [IPC Server handler 17 on 46459] ERROR block.BlockManagerImpl (BlockManagerImpl.java:allocateBlock(224)) - Unable to allocate a block for the size: 4194304, type: RATIS, factor: THREE
2019-10-10 00:03:01,767 [IPC Server handler 17 on 46459] WARN  block.BlockManagerImpl (BlockManagerImpl.java:allocateBlock(194)) - Pipeline creation failed for type:RATIS factor:THREE. Retrying get pipelines call once.
org.apache.hadoop.hdds.scm.pipeline.InsufficientDatanodesException: Cannot create pipeline of factor 3 using 2 nodes.
	at org.apache.hadoop.hdds.scm.pipeline.RatisPipelineProvider.create(RatisPipelineProvider.java:155)
	at org.apache.hadoop.hdds.scm.pipeline.PipelineFactory.create(PipelineFactory.java:58)
	at org.apache.hadoop.hdds.scm.pipeline.SCMPipelineManager.createPipeline(SCMPipelineManager.java:155)
	at org.apache.hadoop.hdds.scm.block.BlockManagerImpl.allocateBlock(BlockManagerImpl.java:192)
	at org.apache.hadoop.hdds.scm.server.SCMBlockProtocolServer.allocateBlock(SCMBlockProtocolServer.java:182)
	at org.apache.hadoop.hdds.scm.protocol.ScmBlockLocationProtocolServerSideTranslatorPB.allocateScmBlock(ScmBlockLocationProtocolServerSideTranslatorPB.java:159)
	at org.apache.hadoop.hdds.scm.protocol.ScmBlockLocationProtocolServerSideTranslatorPB.processMessage(ScmBlockLocationProtocolServerSideTranslatorPB.java:117)
	at org.apache.hadoop.hdds.server.OzoneProtocolMessageDispatcher.processRequest(OzoneProtocolMessageDispatcher.java:72)
	at org.apache.hadoop.hdds.scm.protocol.ScmBlockLocationProtocolServerSideTranslatorPB.send(ScmBlockLocationProtocolServerSideTranslatorPB.java:98)
	at org.apache.hadoop.hdds.protocol.proto.ScmBlockLocationProtocolProtos$ScmBlockLocationProtocolService$2.callBlockingMethod(ScmBlockLocationProtocolProtos.java:13157)
	at org.apache.hadoop.ipc.ProtobufRpcEngine$Server$ProtoBufRpcInvoker.call(ProtobufRpcEngine.java:524)
	at org.apache.hadoop.ipc.RPC$Server.call(RPC.java:1025)
	at org.apache.hadoop.ipc.Server$RpcCall.run(Server.java:876)
	at org.apache.hadoop.ipc.Server$RpcCall.run(Server.java:822)
	at java.security.AccessController.doPrivileged(Native Method)
	at javax.security.auth.Subject.doAs(Subject.java:422)
	at org.apache.hadoop.security.UserGroupInformation.doAs(UserGroupInformation.java:1730)
	at org.apache.hadoop.ipc.Server$Handler.run(Server.java:2682)
2019-10-10 00:03:01,768 [IPC Server handler 17 on 46459] INFO  block.BlockManagerImpl (BlockManagerImpl.java:allocateBlock(200)) - Could not find available pipeline of type:RATIS and factor:THREE even after retrying
2019-10-10 00:03:01,768 [IPC Server handler 17 on 46459] ERROR block.BlockManagerImpl (BlockManagerImpl.java:allocateBlock(224)) - Unable to allocate a block for the size: 4194304, type: RATIS, factor: THREE
2019-10-10 00:03:01,771 [IPC Server handler 17 on 46459] WARN  block.BlockManagerImpl (BlockManagerImpl.java:allocateBlock(194)) - Pipeline creation failed for type:RATIS factor:THREE. Retrying get pipelines call once.
org.apache.hadoop.hdds.scm.pipeline.InsufficientDatanodesException: Cannot create pipeline of factor 3 using 2 nodes.
	at org.apache.hadoop.hdds.scm.pipeline.RatisPipelineProvider.create(RatisPipelineProvider.java:155)
	at org.apache.hadoop.hdds.scm.pipeline.PipelineFactory.create(PipelineFactory.java:58)
	at org.apache.hadoop.hdds.scm.pipeline.SCMPipelineManager.createPipeline(SCMPipelineManager.java:155)
	at org.apache.hadoop.hdds.scm.block.BlockManagerImpl.allocateBlock(BlockManagerImpl.java:192)
	at org.apache.hadoop.hdds.scm.server.SCMBlockProtocolServer.allocateBlock(SCMBlockProtocolServer.java:182)
	at org.apache.hadoop.hdds.scm.protocol.ScmBlockLocationProtocolServerSideTranslatorPB.allocateScmBlock(ScmBlockLocationProtocolServerSideTranslatorPB.java:159)
	at org.apache.hadoop.hdds.scm.protocol.ScmBlockLocationProtocolServerSideTranslatorPB.processMessage(ScmBlockLocationProtocolServerSideTranslatorPB.java:117)
	at org.apache.hadoop.hdds.server.OzoneProtocolMessageDispatcher.processRequest(OzoneProtocolMessageDispatcher.java:72)
	at org.apache.hadoop.hdds.scm.protocol.ScmBlockLocationProtocolServerSideTranslatorPB.send(ScmBlockLocationProtocolServerSideTranslatorPB.java:98)
	at org.apache.hadoop.hdds.protocol.proto.ScmBlockLocationProtocolProtos$ScmBlockLocationProtocolService$2.callBlockingMethod(ScmBlockLocationProtocolProtos.java:13157)
	at org.apache.hadoop.ipc.ProtobufRpcEngine$Server$ProtoBufRpcInvoker.call(ProtobufRpcEngine.java:524)
	at org.apache.hadoop.ipc.RPC$Server.call(RPC.java:1025)
	at org.apache.hadoop.ipc.Server$RpcCall.run(Server.java:876)
	at org.apache.hadoop.ipc.Server$RpcCall.run(Server.java:822)
	at java.security.AccessController.doPrivileged(Native Method)
	at javax.security.auth.Subject.doAs(Subject.java:422)
	at org.apache.hadoop.security.UserGroupInformation.doAs(UserGroupInformation.java:1730)
	at org.apache.hadoop.ipc.Server$Handler.run(Server.java:2682)
2019-10-10 00:03:01,772 [IPC Server handler 17 on 46459] INFO  block.BlockManagerImpl (BlockManagerImpl.java:allocateBlock(200)) - Could not find available pipeline of type:RATIS and factor:THREE even after retrying
2019-10-10 00:03:01,772 [IPC Server handler 17 on 46459] ERROR block.BlockManagerImpl (BlockManagerImpl.java:allocateBlock(224)) - Unable to allocate a block for the size: 4194304, type: RATIS, factor: THREE
2019-10-10 00:03:01,774 [pool-75-thread-3] ERROR freon.RandomKeyGenerator (RandomKeyGenerator.java:createKey(733)) - Exception while adding key: key-0-57356 in bucket: bucket-0-36252 of volume: vol-0-05355.
INTERNAL_ERROR org.apache.hadoop.ozone.om.exceptions.OMException: Allocated 0 blocks. Requested 5 blocks
	at org.apache.hadoop.ozone.om.protocolPB.OzoneManagerProtocolClientSideTranslatorPB.handleError(OzoneManagerProtocolClientSideTranslatorPB.java:732)
	at org.apache.hadoop.ozone.om.protocolPB.OzoneManagerProtocolClientSideTranslatorPB.openKey(OzoneManagerProtocolClientSideTranslatorPB.java:723)
	at sun.reflect.NativeMethodAccessorImpl.invoke0(Native Method)
	at sun.reflect.NativeMethodAccessorImpl.invoke(NativeMethodAccessorImpl.java:62)
	at sun.reflect.DelegatingMethodAccessorImpl.invoke(DelegatingMethodAccessorImpl.java:43)
	at java.lang.reflect.Method.invoke(Method.java:498)
	at org.apache.hadoop.hdds.tracing.TraceAllMethod.invoke(TraceAllMethod.java:66)
	at com.sun.proxy.$Proxy37.openKey(Unknown Source)
	at org.apache.hadoop.ozone.client.rpc.RpcClient.createKey(RpcClient.java:610)
	at org.apache.hadoop.ozone.client.OzoneBucket.createKey(OzoneBucket.java:325)
	at org.apache.hadoop.ozone.freon.RandomKeyGenerator.createKey(RandomKeyGenerator.java:695)
	at org.apache.hadoop.ozone.freon.RandomKeyGenerator.access$1100(RandomKeyGenerator.java:88)
	at org.apache.hadoop.ozone.freon.RandomKeyGenerator$ObjectCreator.run(RandomKeyGenerator.java:615)
	at java.util.concurrent.Executors$RunnableAdapter.call(Executors.java:511)
	at java.util.concurrent.FutureTask.run(FutureTask.java:266)
	at java.util.concurrent.ThreadPoolExecutor.runWorker(ThreadPoolExecutor.java:1149)
	at java.util.concurrent.ThreadPoolExecutor$Worker.run(ThreadPoolExecutor.java:624)
	at java.lang.Thread.run(Thread.java:748)
 0.00% |█                                                                                                    |  0/1 Time: 0:00:01 0.00% |█                                                                                                    |  0/1 Time: 0:00:022019-10-10 00:03:03,915 [Thread-426] INFO  impl.FollowerState (FollowerState.java:run(108)) - b93657b9-afe7-465a-931b-0ef0578482aa@group-25476A88085C-FollowerState: change to CANDIDATE, lastRpcTime:5012ms, electionTimeout:5012ms
2019-10-10 00:03:03,916 [Thread-426] INFO  impl.RoleInfo (RoleInfo.java:shutdownFollowerState(121)) - b93657b9-afe7-465a-931b-0ef0578482aa: shutdown FollowerState
2019-10-10 00:03:03,916 [Thread-426] INFO  impl.RaftServerImpl (RaftServerImpl.java:setRole(170)) - b93657b9-afe7-465a-931b-0ef0578482aa@group-25476A88085C: changes role from  FOLLOWER to CANDIDATE at term 0 for changeToCandidate
2019-10-10 00:03:03,916 [Thread-426] INFO  impl.RoleInfo (RoleInfo.java:updateAndGet(143)) - b93657b9-afe7-465a-931b-0ef0578482aa: start LeaderElection
2019-10-10 00:03:03,939 [b93657b9-afe7-465a-931b-0ef0578482aa@group-25476A88085C-LeaderElection8] INFO  impl.LeaderElection (LeaderElection.java:askForVotes(178)) - b93657b9-afe7-465a-931b-0ef0578482aa@group-25476A88085C-LeaderElection8: begin an election at term 1 for -1: [607a1019-7a5a-4725-b7e5-a50ab7fbc189:192.168.164.207:36515, 9438835d-3369-4dcf-bcb8-4bc91e81566b:192.168.164.207:41595, b93657b9-afe7-465a-931b-0ef0578482aa:192.168.164.207:39746], old=null
2019-10-10 00:03:03,953 [grpc-default-executor-4] INFO  impl.RaftServerImpl (RaftServerImpl.java:setRole(170)) - 607a1019-7a5a-4725-b7e5-a50ab7fbc189@group-25476A88085C: changes role from  FOLLOWER to FOLLOWER at term 1 for recognizeCandidate:b93657b9-afe7-465a-931b-0ef0578482aa
2019-10-10 00:03:03,953 [grpc-default-executor-1] INFO  impl.RaftServerImpl (RaftServerImpl.java:setRole(170)) - 9438835d-3369-4dcf-bcb8-4bc91e81566b@group-25476A88085C: changes role from  FOLLOWER to FOLLOWER at term 1 for recognizeCandidate:b93657b9-afe7-465a-931b-0ef0578482aa
2019-10-10 00:03:03,953 [grpc-default-executor-4] INFO  impl.RoleInfo (RoleInfo.java:shutdownFollowerState(121)) - 607a1019-7a5a-4725-b7e5-a50ab7fbc189: shutdown FollowerState
2019-10-10 00:03:03,953 [grpc-default-executor-1] INFO  impl.RoleInfo (RoleInfo.java:shutdownFollowerState(121)) - 9438835d-3369-4dcf-bcb8-4bc91e81566b: shutdown FollowerState
2019-10-10 00:03:03,953 [grpc-default-executor-4] INFO  impl.RoleInfo (RoleInfo.java:updateAndGet(143)) - 607a1019-7a5a-4725-b7e5-a50ab7fbc189: start FollowerState
2019-10-10 00:03:03,954 [Thread-427] INFO  impl.FollowerState (FollowerState.java:run(117)) - 9438835d-3369-4dcf-bcb8-4bc91e81566b@group-25476A88085C-FollowerState was interrupted: java.lang.InterruptedException: sleep interrupted
2019-10-10 00:03:03,953 [Thread-425] INFO  impl.FollowerState (FollowerState.java:run(117)) - 607a1019-7a5a-4725-b7e5-a50ab7fbc189@group-25476A88085C-FollowerState was interrupted: java.lang.InterruptedException: sleep interrupted
2019-10-10 00:03:03,953 [grpc-default-executor-1] INFO  impl.RoleInfo (RoleInfo.java:updateAndGet(143)) - 9438835d-3369-4dcf-bcb8-4bc91e81566b: start FollowerState
2019-10-10 00:03:03,982 [b93657b9-afe7-465a-931b-0ef0578482aa@group-25476A88085C-LeaderElection8] INFO  impl.LeaderElection (LeaderElection.java:logAndReturn(56)) - b93657b9-afe7-465a-931b-0ef0578482aa@group-25476A88085C-LeaderElection8: Election PASSED; received 1 response(s) [b93657b9-afe7-465a-931b-0ef0578482aa<-9438835d-3369-4dcf-bcb8-4bc91e81566b#0:OK-t1] and 0 exception(s); b93657b9-afe7-465a-931b-0ef0578482aa@group-25476A88085C:t1, leader=null, voted=b93657b9-afe7-465a-931b-0ef0578482aa, raftlog=b93657b9-afe7-465a-931b-0ef0578482aa@group-25476A88085C-SegmentedRaftLog:OPENED:c-1,f-1,i0, conf=-1: [607a1019-7a5a-4725-b7e5-a50ab7fbc189:192.168.164.207:36515, 9438835d-3369-4dcf-bcb8-4bc91e81566b:192.168.164.207:41595, b93657b9-afe7-465a-931b-0ef0578482aa:192.168.164.207:39746], old=null
2019-10-10 00:03:03,982 [b93657b9-afe7-465a-931b-0ef0578482aa@group-25476A88085C-LeaderElection8] INFO  impl.RoleInfo (RoleInfo.java:shutdownLeaderElection(134)) - b93657b9-afe7-465a-931b-0ef0578482aa: shutdown LeaderElection
2019-10-10 00:03:03,984 [b93657b9-afe7-465a-931b-0ef0578482aa@group-25476A88085C-LeaderElection8] INFO  impl.RaftServerImpl (RaftServerImpl.java:setRole(170)) - b93657b9-afe7-465a-931b-0ef0578482aa@group-25476A88085C: changes role from CANDIDATE to LEADER at term 1 for changeToLeader
2019-10-10 00:03:03,984 [b93657b9-afe7-465a-931b-0ef0578482aa@group-25476A88085C-LeaderElection8] INFO  ratis.XceiverServerRatis (XceiverServerRatis.java:handleLeaderChangedNotification(702)) - Leader change notification received for group: group-25476A88085C with new leaderId: b93657b9-afe7-465a-931b-0ef0578482aa
2019-10-10 00:03:03,985 [b93657b9-afe7-465a-931b-0ef0578482aa@group-25476A88085C-LeaderElection8] INFO  impl.RaftServerImpl (ServerState.java:setLeader(255)) - b93657b9-afe7-465a-931b-0ef0578482aa@group-25476A88085C: change Leader from null to b93657b9-afe7-465a-931b-0ef0578482aa at term 1 for becomeLeader, leader elected after 5097ms
2019-10-10 00:03:03,985 [b93657b9-afe7-465a-931b-0ef0578482aa@group-25476A88085C-LeaderElection8] INFO  server.RaftServerConfigKeys (ConfUtils.java:logGet(43)) - raft.server.staging.catchup.gap = 1000 (default)
2019-10-10 00:03:03,985 [b93657b9-afe7-465a-931b-0ef0578482aa@group-25476A88085C-LeaderElection8] INFO  server.RaftServerConfigKeys (ConfUtils.java:logGet(43)) - raft.server.rpc.sleep.time = 25ms (default)
2019-10-10 00:03:03,986 [b93657b9-afe7-465a-931b-0ef0578482aa@group-25476A88085C-LeaderElection8] INFO  server.RaftServerConfigKeys (ConfUtils.java:logGet(43)) - raft.server.write.element-limit = 4096 (default)
2019-10-10 00:03:03,986 [b93657b9-afe7-465a-931b-0ef0578482aa@group-25476A88085C-LeaderElection8] INFO  server.RaftServerConfigKeys (ConfUtils.java:logGet(43)) - raft.server.watch.timeout = 10s (default)
2019-10-10 00:03:03,987 [EventQueue-PipelineReportForPipelineReportHandler] INFO  pipeline.PipelineReportHandler (PipelineReportHandler.java:processPipelineReport(120)) - Pipeline PipelineID=c7b6eb9b-56b1-4519-887a-25476a88085c reported by b93657b9-afe7-465a-931b-0ef0578482aa{ip: 192.168.164.207, host: pr-hdds-1868-7c4vz-2804340038, networkLocation: /default-rack, certSerialId: null} with leaderId b93657b9-afe7-465a-931b-0ef0578482aa
2019-10-10 00:03:03,988 [b93657b9-afe7-465a-931b-0ef0578482aa@group-25476A88085C-LeaderElection8] INFO  server.RaftServerConfigKeys (ConfUtils.java:logGet(43)) - raft.server.watch.timeout.denomination = 1s (default)
2019-10-10 00:03:03,988 [b93657b9-afe7-465a-931b-0ef0578482aa@group-25476A88085C-LeaderElection8] INFO  server.RaftServerConfigKeys (ConfUtils.java:logGet(43)) - raft.server.watch.element-limit = 65536 (default)
2019-10-10 00:03:03,992 [b93657b9-afe7-465a-931b-0ef0578482aa@group-25476A88085C-LeaderElection8] INFO  server.RaftServerConfigKeys (ConfUtils.java:logGet(43)) - raft.server.log.appender.snapshot.chunk.size.max = 16MB (=16777216) (default)
2019-10-10 00:03:03,993 [b93657b9-afe7-465a-931b-0ef0578482aa@group-25476A88085C-LeaderElection8] INFO  server.RaftServerConfigKeys (ConfUtils.java:logGet(43)) - raft.server.log.appender.buffer.byte-limit = 33554432 (custom)
2019-10-10 00:03:03,993 [b93657b9-afe7-465a-931b-0ef0578482aa@group-25476A88085C-LeaderElection8] INFO  server.RaftServerConfigKeys (ConfUtils.java:logGet(43)) - raft.server.log.appender.buffer.element-limit = 1 (custom)
2019-10-10 00:03:03,993 [b93657b9-afe7-465a-931b-0ef0578482aa@group-25476A88085C-LeaderElection8] INFO  grpc.GrpcConfigKeys$Server (ConfUtils.java:logGet(43)) - raft.grpc.server.leader.outstanding.appends.max = 128 (default)
2019-10-10 00:03:03,995 [b93657b9-afe7-465a-931b-0ef0578482aa@group-25476A88085C-LeaderElection8] INFO  server.RaftServerConfigKeys (ConfUtils.java:logGet(43)) - raft.server.rpc.request.timeout = 3000ms (default)
2019-10-10 00:03:03,996 [b93657b9-afe7-465a-931b-0ef0578482aa@group-25476A88085C-LeaderElection8] INFO  server.RaftServerConfigKeys (ConfUtils.java:logGet(43)) - raft.server.log.appender.install.snapshot.enabled = false (custom)
2019-10-10 00:03:03,996 [b93657b9-afe7-465a-931b-0ef0578482aa@group-25476A88085C-LeaderElection8] INFO  server.RaftServerConfigKeys (ConfUtils.java:logGet(43)) - raft.server.log.appender.snapshot.chunk.size.max = 16MB (=16777216) (default)
2019-10-10 00:03:03,996 [b93657b9-afe7-465a-931b-0ef0578482aa@group-25476A88085C-LeaderElection8] INFO  server.RaftServerConfigKeys (ConfUtils.java:logGet(43)) - raft.server.log.appender.buffer.byte-limit = 33554432 (custom)
2019-10-10 00:03:03,996 [b93657b9-afe7-465a-931b-0ef0578482aa@group-25476A88085C-LeaderElection8] INFO  server.RaftServerConfigKeys (ConfUtils.java:logGet(43)) - raft.server.log.appender.buffer.element-limit = 1 (custom)
2019-10-10 00:03:03,997 [b93657b9-afe7-465a-931b-0ef0578482aa@group-25476A88085C-LeaderElection8] INFO  grpc.GrpcConfigKeys$Server (ConfUtils.java:logGet(43)) - raft.grpc.server.leader.outstanding.appends.max = 128 (default)
2019-10-10 00:03:03,997 [b93657b9-afe7-465a-931b-0ef0578482aa@group-25476A88085C-LeaderElection8] INFO  server.RaftServerConfigKeys (ConfUtils.java:logGet(43)) - raft.server.rpc.request.timeout = 3000ms (default)
2019-10-10 00:03:03,997 [b93657b9-afe7-465a-931b-0ef0578482aa@group-25476A88085C-LeaderElection8] INFO  server.RaftServerConfigKeys (ConfUtils.java:logGet(43)) - raft.server.log.appender.install.snapshot.enabled = false (custom)
2019-10-10 00:03:03,998 [b93657b9-afe7-465a-931b-0ef0578482aa@group-25476A88085C-LeaderElection8] INFO  impl.RoleInfo (RoleInfo.java:updateAndGet(143)) - b93657b9-afe7-465a-931b-0ef0578482aa: start LeaderState
2019-10-10 00:03:03,998 [b93657b9-afe7-465a-931b-0ef0578482aa@group-25476A88085C-LeaderElection8] INFO  segmented.SegmentedRaftLogWorker (SegmentedRaftLogWorker.java:startLogSegment(385)) - b93657b9-afe7-465a-931b-0ef0578482aa@group-25476A88085C-SegmentedRaftLogWorker: Starting segment from index:0
2019-10-10 00:03:04,000 [b93657b9-afe7-465a-931b-0ef0578482aa@group-25476A88085C-LeaderElection8] INFO  impl.RaftServerImpl (ServerState.java:setRaftConf(356)) - b93657b9-afe7-465a-931b-0ef0578482aa@group-25476A88085C: set configuration 0: [607a1019-7a5a-4725-b7e5-a50ab7fbc189:192.168.164.207:36515, 9438835d-3369-4dcf-bcb8-4bc91e81566b:192.168.164.207:41595, b93657b9-afe7-465a-931b-0ef0578482aa:192.168.164.207:39746], old=null at 0
2019-10-10 00:03:04,038 [grpc-default-executor-1] INFO  ratis.XceiverServerRatis (XceiverServerRatis.java:handleLeaderChangedNotification(702)) - Leader change notification received for group: group-25476A88085C with new leaderId: b93657b9-afe7-465a-931b-0ef0578482aa
2019-10-10 00:03:04,038 [b93657b9-afe7-465a-931b-0ef0578482aa@group-25476A88085C-SegmentedRaftLogWorker] INFO  segmented.SegmentedRaftLogWorker (SegmentedRaftLogWorker.java:execute(576)) - b93657b9-afe7-465a-931b-0ef0578482aa@group-25476A88085C-SegmentedRaftLogWorker: created new log segment /workdir/hadoop-ozone/tools/target/test-dir/MiniOzoneClusterImpl-05957be1-95ac-40cf-b8ff-440b7ad829fe/datanode-4/data/ratis/c7b6eb9b-56b1-4519-887a-25476a88085c/current/log_inprogress_0
2019-10-10 00:03:04,040 [grpc-default-executor-4] INFO  ratis.XceiverServerRatis (XceiverServerRatis.java:handleLeaderChangedNotification(702)) - Leader change notification received for group: group-25476A88085C with new leaderId: b93657b9-afe7-465a-931b-0ef0578482aa
2019-10-10 00:03:04,040 [grpc-default-executor-1] INFO  impl.RaftServerImpl (ServerState.java:setLeader(255)) - 607a1019-7a5a-4725-b7e5-a50ab7fbc189@group-25476A88085C: change Leader from null to b93657b9-afe7-465a-931b-0ef0578482aa at term 1 for appendEntries, leader elected after 5150ms
2019-10-10 00:03:04,040 [grpc-default-executor-4] INFO  impl.RaftServerImpl (ServerState.java:setLeader(255)) - 9438835d-3369-4dcf-bcb8-4bc91e81566b@group-25476A88085C: change Leader from null to b93657b9-afe7-465a-931b-0ef0578482aa at term 1 for appendEntries, leader elected after 5152ms
2019-10-10 00:03:04,041 [EventQueue-PipelineReportForPipelineReportHandler] INFO  pipeline.PipelineReportHandler (PipelineReportHandler.java:processPipelineReport(120)) - Pipeline PipelineID=c7b6eb9b-56b1-4519-887a-25476a88085c reported by 607a1019-7a5a-4725-b7e5-a50ab7fbc189{ip: 192.168.164.207, host: pr-hdds-1868-7c4vz-2804340038, networkLocation: /default-rack, certSerialId: null} with leaderId b93657b9-afe7-465a-931b-0ef0578482aa
2019-10-10 00:03:04,042 [EventQueue-PipelineReportForPipelineReportHandler] INFO  pipeline.PipelineReportHandler (PipelineReportHandler.java:processPipelineReport(120)) - Pipeline PipelineID=c7b6eb9b-56b1-4519-887a-25476a88085c reported by 9438835d-3369-4dcf-bcb8-4bc91e81566b{ip: 192.168.164.207, host: pr-hdds-1868-7c4vz-2804340038, networkLocation: /default-rack, certSerialId: null} with leaderId b93657b9-afe7-465a-931b-0ef0578482aa
2019-10-10 00:03:04,043 [EventQueue-PipelineReportForPipelineReportHandler] INFO  pipeline.PipelineStateManager (PipelineStateManager.java:openPipeline(136)) - Pipeline Pipeline[ Id: c7b6eb9b-56b1-4519-887a-25476a88085c, Nodes: 607a1019-7a5a-4725-b7e5-a50ab7fbc189{ip: 192.168.164.207, host: pr-hdds-1868-7c4vz-2804340038, networkLocation: /default-rack, certSerialId: null}b93657b9-afe7-465a-931b-0ef0578482aa{ip: 192.168.164.207, host: pr-hdds-1868-7c4vz-2804340038, networkLocation: /default-rack, certSerialId: null}9438835d-3369-4dcf-bcb8-4bc91e81566b{ip: 192.168.164.207, host: pr-hdds-1868-7c4vz-2804340038, networkLocation: /default-rack, certSerialId: null}, Type:RATIS, Factor:THREE, State:OPEN] moved to OPEN state
2019-10-10 00:03:04,044 [grpc-default-executor-1] INFO  impl.RaftServerImpl (ServerState.java:setRaftConf(356)) - 9438835d-3369-4dcf-bcb8-4bc91e81566b@group-25476A88085C: set configuration 0: [607a1019-7a5a-4725-b7e5-a50ab7fbc189:192.168.164.207:36515, 9438835d-3369-4dcf-bcb8-4bc91e81566b:192.168.164.207:41595, b93657b9-afe7-465a-931b-0ef0578482aa:192.168.164.207:39746], old=null at 0
2019-10-10 00:03:04,045 [grpc-default-executor-4] INFO  impl.RaftServerImpl (ServerState.java:setRaftConf(356)) - 607a1019-7a5a-4725-b7e5-a50ab7fbc189@group-25476A88085C: set configuration 0: [607a1019-7a5a-4725-b7e5-a50ab7fbc189:192.168.164.207:36515, 9438835d-3369-4dcf-bcb8-4bc91e81566b:192.168.164.207:41595, b93657b9-afe7-465a-931b-0ef0578482aa:192.168.164.207:39746], old=null at 0
2019-10-10 00:03:04,051 [grpc-default-executor-1] INFO  segmented.SegmentedRaftLogWorker (SegmentedRaftLogWorker.java:startLogSegment(385)) - 9438835d-3369-4dcf-bcb8-4bc91e81566b@group-25476A88085C-SegmentedRaftLogWorker: Starting segment from index:0
2019-10-10 00:03:04,053 [grpc-default-executor-4] INFO  segmented.SegmentedRaftLogWorker (SegmentedRaftLogWorker.java:startLogSegment(385)) - 607a1019-7a5a-4725-b7e5-a50ab7fbc189@group-25476A88085C-SegmentedRaftLogWorker: Starting segment from index:0
2019-10-10 00:03:04,098 [607a1019-7a5a-4725-b7e5-a50ab7fbc189@group-25476A88085C-SegmentedRaftLogWorker] INFO  segmented.SegmentedRaftLogWorker (SegmentedRaftLogWorker.java:execute(576)) - 607a1019-7a5a-4725-b7e5-a50ab7fbc189@group-25476A88085C-SegmentedRaftLogWorker: created new log segment /workdir/hadoop-ozone/tools/target/test-dir/MiniOzoneClusterImpl-05957be1-95ac-40cf-b8ff-440b7ad829fe/datanode-1/data/ratis/c7b6eb9b-56b1-4519-887a-25476a88085c/current/log_inprogress_0
2019-10-10 00:03:04,098 [9438835d-3369-4dcf-bcb8-4bc91e81566b@group-25476A88085C-SegmentedRaftLogWorker] INFO  segmented.SegmentedRaftLogWorker (SegmentedRaftLogWorker.java:execute(576)) - 9438835d-3369-4dcf-bcb8-4bc91e81566b@group-25476A88085C-SegmentedRaftLogWorker: created new log segment /workdir/hadoop-ozone/tools/target/test-dir/MiniOzoneClusterImpl-05957be1-95ac-40cf-b8ff-440b7ad829fe/datanode-3/data/ratis/c7b6eb9b-56b1-4519-887a-25476a88085c/current/log_inprogress_0
 0.00% |█                                                                                                    |  0/1 Time: 0:00:03 0.00% |█                                                                                                    |  0/1 Time: 0:00:04 100.00% |█████████████████████████████████████████████████████████████████████████████████████████████████████|  1/1 Time: 0:00:05
]]></system-out>
  </testcase>
</testsuite>