<?xml version="1.0" encoding="UTF-8"?>
<testsuite xmlns:xsi="http://www.w3.org/2001/XMLSchema-instance" xsi:noNamespaceSchemaLocation="https://maven.apache.org/surefire/maven-surefire-plugin/xsd/surefire-test-report.xsd" name="org.apache.hadoop.ozone.freon.TestFreonWithPipelineDestroy" time="49.2" tests="1" errors="1" skipped="0" failures="0">
  <properties>
    <property name="awt.toolkit" value="sun.awt.X11.XToolkit"/>
    <property name="file.encoding.pkg" value="sun.io"/>
    <property name="java.specification.version" value="1.8"/>
    <property name="sun.cpu.isalist" value=""/>
    <property name="sun.jnu.encoding" value="UTF-8"/>
    <property name="java.class.path" value="/workdir/hadoop-ozone/tools/target/test-classes:/workdir/hadoop-ozone/tools/target/classes:/home/user/.m2/repository/org/apache/hadoop/hadoop-ozone-ozone-manager/0.5.0-SNAPSHOT/hadoop-ozone-ozone-manager-0.5.0-SNAPSHOT.jar:/home/user/.m2/repository/org/apache/hadoop/hadoop-hdds-docs/0.5.0-SNAPSHOT/hadoop-hdds-docs-0.5.0-SNAPSHOT.jar:/home/user/.m2/repository/org/bouncycastle/bcprov-jdk15on/1.60/bcprov-jdk15on-1.60.jar:/home/user/.m2/repository/org/apache/hadoop/hadoop-ozone-common/0.5.0-SNAPSHOT/hadoop-ozone-common-0.5.0-SNAPSHOT.jar:/home/user/.m2/repository/org/apache/commons/commons-compress/1.4.1/commons-compress-1.4.1.jar:/home/user/.m2/repository/org/tukaani/xz/1.0/xz-1.0.jar:/home/user/.m2/repository/org/apache/hadoop/hadoop-hdfs-client/3.2.0/hadoop-hdfs-client-3.2.0.jar:/home/user/.m2/repository/com/fasterxml/jackson/core/jackson-annotations/2.9.9/jackson-annotations-2.9.9.jar:/home/user/.m2/repository/org/apache/hadoop/hadoop-hdds-common/0.5.0-SNAPSHOT/hadoop-hdds-common-0.5.0-SNAPSHOT.jar:/home/user/.m2/repository/org/apache/hadoop/hadoop-hdds-config/0.5.0-SNAPSHOT/hadoop-hdds-config-0.5.0-SNAPSHOT.jar:/home/user/.m2/repository/javax/annotation/javax.annotation-api/1.2/javax.annotation-api-1.2.jar:/home/user/.m2/repository/org/apache/ratis/ratis-server/0.5.0-63cd2fb-SNAPSHOT/ratis-server-0.5.0-63cd2fb-SNAPSHOT.jar:/home/user/.m2/repository/org/apache/ratis/ratis-thirdparty-misc/0.2.0/ratis-thirdparty-misc-0.2.0.jar:/home/user/.m2/repository/org/apache/ratis/ratis-proto/0.5.0-63cd2fb-SNAPSHOT/ratis-proto-0.5.0-63cd2fb-SNAPSHOT.jar:/home/user/.m2/repository/org/apache/ratis/ratis-common/0.5.0-63cd2fb-SNAPSHOT/ratis-common-0.5.0-63cd2fb-SNAPSHOT.jar:/home/user/.m2/repository/org/apache/ratis/ratis-client/0.5.0-63cd2fb-SNAPSHOT/ratis-client-0.5.0-63cd2fb-SNAPSHOT.jar:/home/user/.m2/repository/org/apache/ratis/ratis-metrics/0.5.0-63cd2fb-SNAPSHOT/ratis-metrics-0.5.0-63cd2fb-SNAPSHOT.jar:/home/user/.m2/repository/com/github/joshelser/dropwizard-metrics-hadoop-metrics2-reporter/0.1.2/dropwizard-metrics-hadoop-metrics2-reporter-0.1.2.jar:/home/user/.m2/repository/io/dropwizard/metrics/metrics-jvm/3.2.5/metrics-jvm-3.2.5.jar:/home/user/.m2/repository/io/dropwizard/metrics/metrics-ganglia/3.2.5/metrics-ganglia-3.2.5.jar:/home/user/.m2/repository/info/ganglia/gmetric4j/gmetric4j/1.0.7/gmetric4j-1.0.7.jar:/home/user/.m2/repository/org/apache/ratis/ratis-netty/0.5.0-63cd2fb-SNAPSHOT/ratis-netty-0.5.0-63cd2fb-SNAPSHOT.jar:/home/user/.m2/repository/org/apache/ratis/ratis-grpc/0.5.0-63cd2fb-SNAPSHOT/ratis-grpc-0.5.0-63cd2fb-SNAPSHOT.jar:/home/user/.m2/repository/org/rocksdb/rocksdbjni/6.0.1/rocksdbjni-6.0.1.jar:/home/user/.m2/repository/org/apache/logging/log4j/log4j-api/2.11.0/log4j-api-2.11.0.jar:/home/user/.m2/repository/org/apache/logging/log4j/log4j-core/2.11.0/log4j-core-2.11.0.jar:/home/user/.m2/repository/com/lmax/disruptor/3.4.2/disruptor-3.4.2.jar:/home/user/.m2/repository/org/apache/commons/commons-pool2/2.6.0/commons-pool2-2.6.0.jar:/home/user/.m2/repository/org/bouncycastle/bcpkix-jdk15on/1.60/bcpkix-jdk15on-1.60.jar:/home/user/.m2/repository/commons-validator/commons-validator/1.6/commons-validator-1.6.jar:/home/user/.m2/repository/commons-digester/commons-digester/1.8.1/commons-digester-1.8.1.jar:/home/user/.m2/repository/io/jaegertracing/jaeger-client/0.34.0/jaeger-client-0.34.0.jar:/home/user/.m2/repository/io/jaegertracing/jaeger-thrift/0.34.0/jaeger-thrift-0.34.0.jar:/home/user/.m2/repository/org/apache/thrift/libthrift/0.12.0/libthrift-0.12.0.jar:/home/user/.m2/repository/com/squareup/okhttp3/okhttp/3.9.0/okhttp-3.9.0.jar:/home/user/.m2/repository/com/squareup/okio/okio/1.13.0/okio-1.13.0.jar:/home/user/.m2/repository/io/jaegertracing/jaeger-core/0.34.0/jaeger-core-0.34.0.jar:/home/user/.m2/repository/io/jaegertracing/jaeger-tracerresolver/0.34.0/jaeger-tracerresolver-0.34.0.jar:/home/user/.m2/repository/io/opentracing/contrib/opentracing-tracerresolver/0.1.5/opentracing-tracerresolver-0.1.5.jar:/home/user/.m2/repository/io/opentracing/opentracing-util/0.31.0/opentracing-util-0.31.0.jar:/home/user/.m2/repository/io/opentracing/opentracing-api/0.31.0/opentracing-api-0.31.0.jar:/home/user/.m2/repository/io/opentracing/opentracing-noop/0.31.0/opentracing-noop-0.31.0.jar:/home/user/.m2/repository/org/yaml/snakeyaml/1.16/snakeyaml-1.16.jar:/home/user/.m2/repository/org/apache/hadoop/hadoop-hdds-container-service/0.5.0-SNAPSHOT/hadoop-hdds-container-service-0.5.0-SNAPSHOT.jar:/home/user/.m2/repository/org/apache/hadoop/hadoop-hdds-client/0.5.0-SNAPSHOT/hadoop-hdds-client-0.5.0-SNAPSHOT.jar:/home/user/.m2/repository/org/apache/hadoop/hadoop-hdds-tools/0.5.0-SNAPSHOT/hadoop-hdds-tools-0.5.0-SNAPSHOT.jar:/home/user/.m2/repository/org/xerial/sqlite-jdbc/3.25.2/sqlite-jdbc-3.25.2.jar:/home/user/.m2/repository/org/apache/hadoop/hadoop-hdds-server-scm/0.5.0-SNAPSHOT/hadoop-hdds-server-scm-0.5.0-SNAPSHOT.jar:/home/user/.m2/repository/org/hamcrest/hamcrest-all/1.3/hamcrest-all-1.3.jar:/home/user/.m2/repository/info/picocli/picocli/3.9.6/picocli-3.9.6.jar:/home/user/.m2/repository/com/google/protobuf/protobuf-java/2.5.0/protobuf-java-2.5.0.jar:/home/user/.m2/repository/com/google/guava/guava/11.0.2/guava-11.0.2.jar:/home/user/.m2/repository/org/apache/hadoop/hadoop-ozone-client/0.5.0-SNAPSHOT/hadoop-ozone-client-0.5.0-SNAPSHOT.jar:/workdir/hadoop-ozone/ozonefs/target/classes:/home/user/.m2/repository/org/apache/httpcomponents/httpclient/4.5.2/httpclient-4.5.2.jar:/home/user/.m2/repository/org/apache/httpcomponents/httpcore/4.4.4/httpcore-4.4.4.jar:/home/user/.m2/repository/org/apache/hadoop/hadoop-hdds-server-framework/0.5.0-SNAPSHOT/hadoop-hdds-server-framework-0.5.0-SNAPSHOT.jar:/home/user/.m2/repository/org/apache/hadoop/hadoop-common/3.2.0/hadoop-common-3.2.0.jar:/home/user/.m2/repository/org/apache/hadoop/hadoop-annotations/3.2.0/hadoop-annotations-3.2.0.jar:/usr/lib/jvm/java-1.8-openjdk/jre/../lib/tools.jar:/home/user/.m2/repository/commons-cli/commons-cli/1.2/commons-cli-1.2.jar:/home/user/.m2/repository/org/apache/commons/commons-math3/3.1.1/commons-math3-3.1.1.jar:/home/user/.m2/repository/commons-codec/commons-codec/1.11/commons-codec-1.11.jar:/home/user/.m2/repository/commons-io/commons-io/2.5/commons-io-2.5.jar:/home/user/.m2/repository/commons-net/commons-net/3.6/commons-net-3.6.jar:/home/user/.m2/repository/commons-collections/commons-collections/3.2.2/commons-collections-3.2.2.jar:/home/user/.m2/repository/javax/servlet/javax.servlet-api/3.1.0/javax.servlet-api-3.1.0.jar:/home/user/.m2/repository/org/eclipse/jetty/jetty-server/9.3.25.v20180904/jetty-server-9.3.25.v20180904.jar:/home/user/.m2/repository/org/eclipse/jetty/jetty-http/9.3.25.v20180904/jetty-http-9.3.25.v20180904.jar:/home/user/.m2/repository/org/eclipse/jetty/jetty-io/9.3.25.v20180904/jetty-io-9.3.25.v20180904.jar:/home/user/.m2/repository/org/eclipse/jetty/jetty-util/9.3.25.v20180904/jetty-util-9.3.25.v20180904.jar:/home/user/.m2/repository/org/eclipse/jetty/jetty-servlet/9.3.25.v20180904/jetty-servlet-9.3.25.v20180904.jar:/home/user/.m2/repository/org/eclipse/jetty/jetty-security/9.3.25.v20180904/jetty-security-9.3.25.v20180904.jar:/home/user/.m2/repository/org/eclipse/jetty/jetty-webapp/9.3.25.v20180904/jetty-webapp-9.3.25.v20180904.jar:/home/user/.m2/repository/org/eclipse/jetty/jetty-xml/9.3.25.v20180904/jetty-xml-9.3.25.v20180904.jar:/home/user/.m2/repository/javax/servlet/jsp/jsp-api/2.1/jsp-api-2.1.jar:/home/user/.m2/repository/com/sun/jersey/jersey-core/1.19/jersey-core-1.19.jar:/home/user/.m2/repository/javax/ws/rs/jsr311-api/1.1.1/jsr311-api-1.1.1.jar:/home/user/.m2/repository/com/sun/jersey/jersey-servlet/1.19/jersey-servlet-1.19.jar:/home/user/.m2/repository/com/sun/jersey/jersey-json/1.19/jersey-json-1.19.jar:/home/user/.m2/repository/org/codehaus/jettison/jettison/1.1/jettison-1.1.jar:/home/user/.m2/repository/com/sun/xml/bind/jaxb-impl/2.3.0.1/jaxb-impl-2.3.0.1.jar:/home/user/.m2/repository/org/codehaus/jackson/jackson-core-asl/1.9.13/jackson-core-asl-1.9.13.jar:/home/user/.m2/repository/org/codehaus/jackson/jackson-mapper-asl/1.9.13/jackson-mapper-asl-1.9.13.jar:/home/user/.m2/repository/org/codehaus/jackson/jackson-jaxrs/1.9.13/jackson-jaxrs-1.9.13.jar:/home/user/.m2/repository/org/codehaus/jackson/jackson-xc/1.9.13/jackson-xc-1.9.13.jar:/home/user/.m2/repository/com/sun/jersey/jersey-server/1.19/jersey-server-1.19.jar:/home/user/.m2/repository/commons-logging/commons-logging/1.1.3/commons-logging-1.1.3.jar:/home/user/.m2/repository/log4j/log4j/1.2.17/log4j-1.2.17.jar:/home/user/.m2/repository/commons-beanutils/commons-beanutils/1.9.4/commons-beanutils-1.9.4.jar:/home/user/.m2/repository/org/apache/commons/commons-configuration2/2.1.1/commons-configuration2-2.1.1.jar:/home/user/.m2/repository/org/apache/commons/commons-lang3/3.7/commons-lang3-3.7.jar:/home/user/.m2/repository/org/apache/commons/commons-text/1.4/commons-text-1.4.jar:/home/user/.m2/repository/org/slf4j/slf4j-api/1.7.25/slf4j-api-1.7.25.jar:/home/user/.m2/repository/org/slf4j/slf4j-log4j12/1.7.25/slf4j-log4j12-1.7.25.jar:/home/user/.m2/repository/org/apache/avro/avro/1.7.7/avro-1.7.7.jar:/home/user/.m2/repository/com/thoughtworks/paranamer/paranamer/2.3/paranamer-2.3.jar:/home/user/.m2/repository/org/xerial/snappy/snappy-java/1.0.5/snappy-java-1.0.5.jar:/home/user/.m2/repository/com/google/re2j/re2j/1.1/re2j-1.1.jar:/home/user/.m2/repository/com/google/code/gson/gson/2.2.4/gson-2.2.4.jar:/home/user/.m2/repository/org/apache/hadoop/hadoop-auth/3.2.0/hadoop-auth-3.2.0.jar:/home/user/.m2/repository/com/nimbusds/nimbus-jose-jwt/4.41.1/nimbus-jose-jwt-4.41.1.jar:/home/user/.m2/repository/com/github/stephenc/jcip/jcip-annotations/1.0-1/jcip-annotations-1.0-1.jar:/home/user/.m2/repository/net/minidev/json-smart/2.3/json-smart-2.3.jar:/home/user/.m2/repository/net/minidev/accessors-smart/1.2/accessors-smart-1.2.jar:/home/user/.m2/repository/org/apache/curator/curator-framework/2.12.0/curator-framework-2.12.0.jar:/home/user/.m2/repository/com/jcraft/jsch/0.1.54/jsch-0.1.54.jar:/home/user/.m2/repository/org/apache/curator/curator-client/2.12.0/curator-client-2.12.0.jar:/home/user/.m2/repository/org/apache/curator/curator-recipes/2.12.0/curator-recipes-2.12.0.jar:/home/user/.m2/repository/com/google/code/findbugs/jsr305/3.0.0/jsr305-3.0.0.jar:/home/user/.m2/repository/org/apache/htrace/htrace-core4/4.1.0-incubating/htrace-core4-4.1.0-incubating.jar:/home/user/.m2/repository/org/apache/zookeeper/zookeeper/3.4.13/zookeeper-3.4.13.jar:/home/user/.m2/repository/jline/jline/0.9.94/jline-0.9.94.jar:/home/user/.m2/repository/org/apache/yetus/audience-annotations/0.5.0/audience-annotations-0.5.0.jar:/home/user/.m2/repository/org/apache/kerby/kerb-simplekdc/1.0.1/kerb-simplekdc-1.0.1.jar:/home/user/.m2/repository/org/apache/kerby/kerb-client/1.0.1/kerb-client-1.0.1.jar:/home/user/.m2/repository/org/apache/kerby/kerby-config/1.0.1/kerby-config-1.0.1.jar:/home/user/.m2/repository/org/apache/kerby/kerb-core/1.0.1/kerb-core-1.0.1.jar:/home/user/.m2/repository/org/apache/kerby/kerby-pkix/1.0.1/kerby-pkix-1.0.1.jar:/home/user/.m2/repository/org/apache/kerby/kerby-asn1/1.0.1/kerby-asn1-1.0.1.jar:/home/user/.m2/repository/org/apache/kerby/kerby-util/1.0.1/kerby-util-1.0.1.jar:/home/user/.m2/repository/org/apache/kerby/kerb-common/1.0.1/kerb-common-1.0.1.jar:/home/user/.m2/repository/org/apache/kerby/kerb-crypto/1.0.1/kerb-crypto-1.0.1.jar:/home/user/.m2/repository/org/apache/kerby/kerb-util/1.0.1/kerb-util-1.0.1.jar:/home/user/.m2/repository/org/apache/kerby/token-provider/1.0.1/token-provider-1.0.1.jar:/home/user/.m2/repository/org/apache/kerby/kerb-admin/1.0.1/kerb-admin-1.0.1.jar:/home/user/.m2/repository/org/apache/kerby/kerb-server/1.0.1/kerb-server-1.0.1.jar:/home/user/.m2/repository/org/apache/kerby/kerb-identity/1.0.1/kerb-identity-1.0.1.jar:/home/user/.m2/repository/org/apache/kerby/kerby-xdr/1.0.1/kerby-xdr-1.0.1.jar:/home/user/.m2/repository/com/fasterxml/jackson/core/jackson-databind/2.9.9/jackson-databind-2.9.9.jar:/home/user/.m2/repository/com/fasterxml/jackson/core/jackson-core/2.9.9/jackson-core-2.9.9.jar:/home/user/.m2/repository/org/codehaus/woodstox/stax2-api/3.1.4/stax2-api-3.1.4.jar:/home/user/.m2/repository/com/fasterxml/woodstox/woodstox-core/5.0.3/woodstox-core-5.0.3.jar:/home/user/.m2/repository/dnsjava/dnsjava/2.1.7/dnsjava-2.1.7.jar:/home/user/.m2/repository/org/apache/hadoop/hadoop-hdfs/3.2.0/hadoop-hdfs-3.2.0.jar:/home/user/.m2/repository/org/eclipse/jetty/jetty-util-ajax/9.3.25.v20180904/jetty-util-ajax-9.3.25.v20180904.jar:/home/user/.m2/repository/commons-daemon/commons-daemon/1.0.13/commons-daemon-1.0.13.jar:/home/user/.m2/repository/io/netty/netty/3.10.5.Final/netty-3.10.5.Final.jar:/home/user/.m2/repository/io/netty/netty-all/4.0.52.Final/netty-all-4.0.52.Final.jar:/home/user/.m2/repository/org/fusesource/leveldbjni/leveldbjni-all/1.8/leveldbjni-all-1.8.jar:/home/user/.m2/repository/com/sun/xml/bind/jaxb-core/2.3.0.1/jaxb-core-2.3.0.1.jar:/home/user/.m2/repository/javax/xml/bind/jaxb-api/2.3.0/jaxb-api-2.3.0.jar:/home/user/.m2/repository/javax/activation/activation/1.1.1/activation-1.1.1.jar:/home/user/.m2/repository/io/dropwizard/metrics/metrics-core/3.2.4/metrics-core-3.2.4.jar:/home/user/.m2/repository/org/openjdk/jmh/jmh-core/1.19/jmh-core-1.19.jar:/home/user/.m2/repository/net/sf/jopt-simple/jopt-simple/4.6/jopt-simple-4.6.jar:/home/user/.m2/repository/org/openjdk/jmh/jmh-generator-annprocess/1.19/jmh-generator-annprocess-1.19.jar:/home/user/.m2/repository/com/amazonaws/aws-java-sdk-s3/1.11.615/aws-java-sdk-s3-1.11.615.jar:/home/user/.m2/repository/com/amazonaws/aws-java-sdk-kms/1.11.615/aws-java-sdk-kms-1.11.615.jar:/home/user/.m2/repository/com/amazonaws/aws-java-sdk-core/1.11.615/aws-java-sdk-core-1.11.615.jar:/home/user/.m2/repository/software/amazon/ion/ion-java/1.0.2/ion-java-1.0.2.jar:/home/user/.m2/repository/com/fasterxml/jackson/dataformat/jackson-dataformat-cbor/2.9.9/jackson-dataformat-cbor-2.9.9.jar:/home/user/.m2/repository/joda-time/joda-time/2.9.9/joda-time-2.9.9.jar:/home/user/.m2/repository/com/amazonaws/jmespath-java/1.11.615/jmespath-java-1.11.615.jar:/home/user/.m2/repository/com/github/spotbugs/spotbugs/3.1.12/spotbugs-3.1.12.jar:/home/user/.m2/repository/org/ow2/asm/asm/5.0.4/asm-5.0.4.jar:/home/user/.m2/repository/org/ow2/asm/asm-analysis/7.0/asm-analysis-7.0.jar:/home/user/.m2/repository/org/ow2/asm/asm-commons/7.0/asm-commons-7.0.jar:/home/user/.m2/repository/org/ow2/asm/asm-tree/7.0/asm-tree-7.0.jar:/home/user/.m2/repository/org/ow2/asm/asm-util/7.0/asm-util-7.0.jar:/home/user/.m2/repository/org/apache/bcel/bcel/6.3/bcel-6.3.jar:/home/user/.m2/repository/net/jcip/jcip-annotations/1.0/jcip-annotations-1.0.jar:/home/user/.m2/repository/org/dom4j/dom4j/2.1.1/dom4j-2.1.1.jar:/home/user/.m2/repository/jaxen/jaxen/1.1.6/jaxen-1.1.6.jar:/home/user/.m2/repository/commons-lang/commons-lang/2.6/commons-lang-2.6.jar:/home/user/.m2/repository/com/github/spotbugs/spotbugs-annotations/3.1.12/spotbugs-annotations-3.1.12.jar:/home/user/.m2/repository/junit/junit/4.11/junit-4.11.jar:/home/user/.m2/repository/org/hamcrest/hamcrest-core/1.3/hamcrest-core-1.3.jar:/home/user/.m2/repository/org/apache/hadoop/hadoop-common/3.2.0/hadoop-common-3.2.0-tests.jar:/workdir/hadoop-ozone/integration-test/target/test-classes:/home/user/.m2/repository/org/apache/hadoop/hadoop-ozone-s3gateway/0.5.0-SNAPSHOT/hadoop-ozone-s3gateway-0.5.0-SNAPSHOT.jar:/home/user/.m2/repository/org/jboss/weld/servlet/weld-servlet/2.4.7.Final/weld-servlet-2.4.7.Final.jar:/home/user/.m2/repository/org/glassfish/jersey/containers/jersey-container-servlet-core/2.27/jersey-container-servlet-core-2.27.jar:/home/user/.m2/repository/org/glassfish/hk2/external/javax.inject/2.5.0-b42/javax.inject-2.5.0-b42.jar:/home/user/.m2/repository/org/glassfish/jersey/core/jersey-common/2.27/jersey-common-2.27.jar:/home/user/.m2/repository/org/glassfish/hk2/osgi-resource-locator/1.0.1/osgi-resource-locator-1.0.1.jar:/home/user/.m2/repository/javax/ws/rs/javax.ws.rs-api/2.1/javax.ws.rs-api-2.1.jar:/home/user/.m2/repository/org/glassfish/jersey/ext/cdi/jersey-cdi1x/2.27/jersey-cdi1x-2.27.jar:/home/user/.m2/repository/org/glassfish/jersey/inject/jersey-hk2/2.27/jersey-hk2-2.27.jar:/home/user/.m2/repository/org/glassfish/hk2/hk2-locator/2.5.0-b42/hk2-locator-2.5.0-b42.jar:/home/user/.m2/repository/org/javassist/javassist/3.22.0-CR2/javassist-3.22.0-CR2.jar:/home/user/.m2/repository/org/glassfish/hk2/hk2-api/2.5.0/hk2-api-2.5.0.jar:/home/user/.m2/repository/org/glassfish/hk2/external/jakarta.inject/2.5.0/jakarta.inject-2.5.0.jar:/home/user/.m2/repository/org/glassfish/hk2/hk2-utils/2.5.0/hk2-utils-2.5.0.jar:/home/user/.m2/repository/jakarta/annotation/jakarta.annotation-api/1.3.4/jakarta.annotation-api-1.3.4.jar:/home/user/.m2/repository/org/glassfish/hk2/external/aopalliance-repackaged/2.5.0/aopalliance-repackaged-2.5.0.jar:/home/user/.m2/repository/com/fasterxml/jackson/dataformat/jackson-dataformat-xml/2.9.0/jackson-dataformat-xml-2.9.0.jar:/home/user/.m2/repository/com/fasterxml/jackson/module/jackson-module-jaxb-annotations/2.9.9/jackson-module-jaxb-annotations-2.9.9.jar:/home/user/.m2/repository/javax/enterprise/cdi-api/1.2/cdi-api-1.2.jar:/home/user/.m2/repository/javax/el/javax.el-api/3.0.0/javax.el-api-3.0.0.jar:/home/user/.m2/repository/javax/interceptor/javax.interceptor-api/1.2/javax.interceptor-api-1.2.jar:/home/user/.m2/repository/javax/inject/javax.inject/1/javax.inject-1.jar:/home/user/.m2/repository/org/apache/hadoop/hadoop-ozone-csi/0.5.0-SNAPSHOT/hadoop-ozone-csi-0.5.0-SNAPSHOT.jar:/home/user/.m2/repository/com/google/protobuf/protobuf-java-util/3.5.1/protobuf-java-util-3.5.1.jar:/home/user/.m2/repository/io/grpc/grpc-netty/1.17.1/grpc-netty-1.17.1.jar:/home/user/.m2/repository/io/grpc/grpc-core/1.17.1/grpc-core-1.17.1.jar:/home/user/.m2/repository/io/grpc/grpc-context/1.17.1/grpc-context-1.17.1.jar:/home/user/.m2/repository/com/google/errorprone/error_prone_annotations/2.2.0/error_prone_annotations-2.2.0.jar:/home/user/.m2/repository/org/codehaus/mojo/animal-sniffer-annotations/1.17/animal-sniffer-annotations-1.17.jar:/home/user/.m2/repository/io/opencensus/opencensus-api/0.17.0/opencensus-api-0.17.0.jar:/home/user/.m2/repository/io/opencensus/opencensus-contrib-grpc-metrics/0.17.0/opencensus-contrib-grpc-metrics-0.17.0.jar:/home/user/.m2/repository/io/netty/netty-codec-http2/4.1.30.Final/netty-codec-http2-4.1.30.Final.jar:/home/user/.m2/repository/io/netty/netty-codec-http/4.1.30.Final/netty-codec-http-4.1.30.Final.jar:/home/user/.m2/repository/io/netty/netty-codec/4.1.30.Final/netty-codec-4.1.30.Final.jar:/home/user/.m2/repository/io/netty/netty-handler/4.1.30.Final/netty-handler-4.1.30.Final.jar:/home/user/.m2/repository/io/netty/netty-handler-proxy/4.1.30.Final/netty-handler-proxy-4.1.30.Final.jar:/home/user/.m2/repository/io/netty/netty-codec-socks/4.1.30.Final/netty-codec-socks-4.1.30.Final.jar:/home/user/.m2/repository/io/netty/netty-transport-native-epoll/4.1.30.Final/netty-transport-native-epoll-4.1.30.Final.jar:/home/user/.m2/repository/io/netty/netty-common/4.1.30.Final/netty-common-4.1.30.Final.jar:/home/user/.m2/repository/io/netty/netty-buffer/4.1.30.Final/netty-buffer-4.1.30.Final.jar:/home/user/.m2/repository/io/netty/netty-transport/4.1.30.Final/netty-transport-4.1.30.Final.jar:/home/user/.m2/repository/io/netty/netty-resolver/4.1.30.Final/netty-resolver-4.1.30.Final.jar:/home/user/.m2/repository/io/netty/netty-transport-native-unix-common/4.1.30.Final/netty-transport-native-unix-common-4.1.30.Final.jar:/home/user/.m2/repository/io/grpc/grpc-protobuf/1.17.1/grpc-protobuf-1.17.1.jar:/home/user/.m2/repository/com/google/api/grpc/proto-google-common-protos/1.0.0/proto-google-common-protos-1.0.0.jar:/home/user/.m2/repository/io/grpc/grpc-protobuf-lite/1.17.1/grpc-protobuf-lite-1.17.1.jar:/home/user/.m2/repository/io/grpc/grpc-stub/1.17.1/grpc-stub-1.17.1.jar:/home/user/.m2/repository/org/apache/hadoop/hadoop-ozone-recon/0.5.0-SNAPSHOT/hadoop-ozone-recon-0.5.0-SNAPSHOT.jar:/home/user/.m2/repository/org/apache/hadoop/hadoop-ozone-reconcodegen/0.5.0-SNAPSHOT/hadoop-ozone-reconcodegen-0.5.0-SNAPSHOT.jar:/home/user/.m2/repository/com/google/inject/extensions/guice-multibindings/4.0/guice-multibindings-4.0.jar:/home/user/.m2/repository/com/google/inject/guice/4.0/guice-4.0.jar:/home/user/.m2/repository/aopalliance/aopalliance/1.0/aopalliance-1.0.jar:/home/user/.m2/repository/com/google/inject/extensions/guice-servlet/4.0/guice-servlet-4.0.jar:/home/user/.m2/repository/org/glassfish/jersey/containers/jersey-container-servlet/2.27/jersey-container-servlet-2.27.jar:/home/user/.m2/repository/org/glassfish/hk2/guice-bridge/2.5.0/guice-bridge-2.5.0.jar:/home/user/.m2/repository/org/glassfish/jersey/core/jersey-server/2.27/jersey-server-2.27.jar:/home/user/.m2/repository/org/glassfish/jersey/core/jersey-client/2.27/jersey-client-2.27.jar:/home/user/.m2/repository/org/glassfish/jersey/media/jersey-media-jaxb/2.27/jersey-media-jaxb-2.27.jar:/home/user/.m2/repository/javax/validation/validation-api/1.1.0.Final/validation-api-1.1.0.Final.jar:/home/user/.m2/repository/org/glassfish/jersey/media/jersey-media-json-jackson/2.27/jersey-media-json-jackson-2.27.jar:/home/user/.m2/repository/org/glassfish/jersey/ext/jersey-entity-filtering/2.27/jersey-entity-filtering-2.27.jar:/home/user/.m2/repository/com/google/inject/extensions/guice-assistedinject/4.0/guice-assistedinject-4.0.jar:/home/user/.m2/repository/org/jooq/jooq/3.11.10/jooq-3.11.10.jar:/home/user/.m2/repository/org/jooq/jooq-meta/3.11.10/jooq-meta-3.11.10.jar:/home/user/.m2/repository/org/jooq/jooq-codegen/3.11.10/jooq-codegen-3.11.10.jar:/home/user/.m2/repository/com/jolbox/bonecp/0.8.0.RELEASE/bonecp-0.8.0.RELEASE.jar:/home/user/.m2/repository/org/springframework/spring-jdbc/5.1.3.RELEASE/spring-jdbc-5.1.3.RELEASE.jar:/home/user/.m2/repository/org/springframework/spring-beans/5.1.3.RELEASE/spring-beans-5.1.3.RELEASE.jar:/home/user/.m2/repository/org/springframework/spring-core/5.1.3.RELEASE/spring-core-5.1.3.RELEASE.jar:/home/user/.m2/repository/org/springframework/spring-jcl/5.1.3.RELEASE/spring-jcl-5.1.3.RELEASE.jar:/home/user/.m2/repository/org/springframework/spring-tx/5.1.3.RELEASE/spring-tx-5.1.3.RELEASE.jar:/home/user/.m2/repository/org/mockito/mockito-core/2.15.0/mockito-core-2.15.0.jar:/home/user/.m2/repository/net/bytebuddy/byte-buddy/1.7.9/byte-buddy-1.7.9.jar:/home/user/.m2/repository/net/bytebuddy/byte-buddy-agent/1.7.9/byte-buddy-agent-1.7.9.jar:/home/user/.m2/repository/org/objenesis/objenesis/1.0/objenesis-1.0.jar:"/>
    <property name="java.vm.vendor" value="IcedTea"/>
    <property name="sun.arch.data.model" value="64"/>
    <property name="test.build.dir" value="/workdir/hadoop-ozone/tools/target/test-dir"/>
    <property name="test.cache.data" value=""/>
    <property name="java.vendor.url" value="https://icedtea.classpath.org"/>
    <property name="user.timezone" value=""/>
    <property name="java.vm.specification.version" value="1.8"/>
    <property name="os.name" value="Linux"/>
    <property name="test.build.data" value="/workdir/hadoop-ozone/tools/target/test-dir"/>
    <property name="user.country" value="US"/>
    <property name="sun.java.launcher" value="SUN_STANDARD"/>
    <property name="sun.boot.library.path" value="/usr/lib/jvm/java-1.8-openjdk/jre/lib/amd64"/>
    <property name="sun.java.command" value="/workdir/hadoop-ozone/tools/target/surefire/surefirebooter5466689733766962798.jar /workdir/hadoop-ozone/tools/target/surefire 2019-10-09T21-39-32_910-jvmRun1 surefire5585903863983440259tmp surefire_1111654817141564942036tmp"/>
    <property name="test" value="!TestMiniChaosOzoneCluster"/>
    <property name="surefire.test.class.path" value="/workdir/hadoop-ozone/tools/target/test-classes:/workdir/hadoop-ozone/tools/target/classes:/home/user/.m2/repository/org/apache/hadoop/hadoop-ozone-ozone-manager/0.5.0-SNAPSHOT/hadoop-ozone-ozone-manager-0.5.0-SNAPSHOT.jar:/home/user/.m2/repository/org/apache/hadoop/hadoop-hdds-docs/0.5.0-SNAPSHOT/hadoop-hdds-docs-0.5.0-SNAPSHOT.jar:/home/user/.m2/repository/org/bouncycastle/bcprov-jdk15on/1.60/bcprov-jdk15on-1.60.jar:/home/user/.m2/repository/org/apache/hadoop/hadoop-ozone-common/0.5.0-SNAPSHOT/hadoop-ozone-common-0.5.0-SNAPSHOT.jar:/home/user/.m2/repository/org/apache/commons/commons-compress/1.4.1/commons-compress-1.4.1.jar:/home/user/.m2/repository/org/tukaani/xz/1.0/xz-1.0.jar:/home/user/.m2/repository/org/apache/hadoop/hadoop-hdfs-client/3.2.0/hadoop-hdfs-client-3.2.0.jar:/home/user/.m2/repository/com/fasterxml/jackson/core/jackson-annotations/2.9.9/jackson-annotations-2.9.9.jar:/home/user/.m2/repository/org/apache/hadoop/hadoop-hdds-common/0.5.0-SNAPSHOT/hadoop-hdds-common-0.5.0-SNAPSHOT.jar:/home/user/.m2/repository/org/apache/hadoop/hadoop-hdds-config/0.5.0-SNAPSHOT/hadoop-hdds-config-0.5.0-SNAPSHOT.jar:/home/user/.m2/repository/javax/annotation/javax.annotation-api/1.2/javax.annotation-api-1.2.jar:/home/user/.m2/repository/org/apache/ratis/ratis-server/0.5.0-63cd2fb-SNAPSHOT/ratis-server-0.5.0-63cd2fb-SNAPSHOT.jar:/home/user/.m2/repository/org/apache/ratis/ratis-thirdparty-misc/0.2.0/ratis-thirdparty-misc-0.2.0.jar:/home/user/.m2/repository/org/apache/ratis/ratis-proto/0.5.0-63cd2fb-SNAPSHOT/ratis-proto-0.5.0-63cd2fb-SNAPSHOT.jar:/home/user/.m2/repository/org/apache/ratis/ratis-common/0.5.0-63cd2fb-SNAPSHOT/ratis-common-0.5.0-63cd2fb-SNAPSHOT.jar:/home/user/.m2/repository/org/apache/ratis/ratis-client/0.5.0-63cd2fb-SNAPSHOT/ratis-client-0.5.0-63cd2fb-SNAPSHOT.jar:/home/user/.m2/repository/org/apache/ratis/ratis-metrics/0.5.0-63cd2fb-SNAPSHOT/ratis-metrics-0.5.0-63cd2fb-SNAPSHOT.jar:/home/user/.m2/repository/com/github/joshelser/dropwizard-metrics-hadoop-metrics2-reporter/0.1.2/dropwizard-metrics-hadoop-metrics2-reporter-0.1.2.jar:/home/user/.m2/repository/io/dropwizard/metrics/metrics-jvm/3.2.5/metrics-jvm-3.2.5.jar:/home/user/.m2/repository/io/dropwizard/metrics/metrics-ganglia/3.2.5/metrics-ganglia-3.2.5.jar:/home/user/.m2/repository/info/ganglia/gmetric4j/gmetric4j/1.0.7/gmetric4j-1.0.7.jar:/home/user/.m2/repository/org/apache/ratis/ratis-netty/0.5.0-63cd2fb-SNAPSHOT/ratis-netty-0.5.0-63cd2fb-SNAPSHOT.jar:/home/user/.m2/repository/org/apache/ratis/ratis-grpc/0.5.0-63cd2fb-SNAPSHOT/ratis-grpc-0.5.0-63cd2fb-SNAPSHOT.jar:/home/user/.m2/repository/org/rocksdb/rocksdbjni/6.0.1/rocksdbjni-6.0.1.jar:/home/user/.m2/repository/org/apache/logging/log4j/log4j-api/2.11.0/log4j-api-2.11.0.jar:/home/user/.m2/repository/org/apache/logging/log4j/log4j-core/2.11.0/log4j-core-2.11.0.jar:/home/user/.m2/repository/com/lmax/disruptor/3.4.2/disruptor-3.4.2.jar:/home/user/.m2/repository/org/apache/commons/commons-pool2/2.6.0/commons-pool2-2.6.0.jar:/home/user/.m2/repository/org/bouncycastle/bcpkix-jdk15on/1.60/bcpkix-jdk15on-1.60.jar:/home/user/.m2/repository/commons-validator/commons-validator/1.6/commons-validator-1.6.jar:/home/user/.m2/repository/commons-digester/commons-digester/1.8.1/commons-digester-1.8.1.jar:/home/user/.m2/repository/io/jaegertracing/jaeger-client/0.34.0/jaeger-client-0.34.0.jar:/home/user/.m2/repository/io/jaegertracing/jaeger-thrift/0.34.0/jaeger-thrift-0.34.0.jar:/home/user/.m2/repository/org/apache/thrift/libthrift/0.12.0/libthrift-0.12.0.jar:/home/user/.m2/repository/com/squareup/okhttp3/okhttp/3.9.0/okhttp-3.9.0.jar:/home/user/.m2/repository/com/squareup/okio/okio/1.13.0/okio-1.13.0.jar:/home/user/.m2/repository/io/jaegertracing/jaeger-core/0.34.0/jaeger-core-0.34.0.jar:/home/user/.m2/repository/io/jaegertracing/jaeger-tracerresolver/0.34.0/jaeger-tracerresolver-0.34.0.jar:/home/user/.m2/repository/io/opentracing/contrib/opentracing-tracerresolver/0.1.5/opentracing-tracerresolver-0.1.5.jar:/home/user/.m2/repository/io/opentracing/opentracing-util/0.31.0/opentracing-util-0.31.0.jar:/home/user/.m2/repository/io/opentracing/opentracing-api/0.31.0/opentracing-api-0.31.0.jar:/home/user/.m2/repository/io/opentracing/opentracing-noop/0.31.0/opentracing-noop-0.31.0.jar:/home/user/.m2/repository/org/yaml/snakeyaml/1.16/snakeyaml-1.16.jar:/home/user/.m2/repository/org/apache/hadoop/hadoop-hdds-container-service/0.5.0-SNAPSHOT/hadoop-hdds-container-service-0.5.0-SNAPSHOT.jar:/home/user/.m2/repository/org/apache/hadoop/hadoop-hdds-client/0.5.0-SNAPSHOT/hadoop-hdds-client-0.5.0-SNAPSHOT.jar:/home/user/.m2/repository/org/apache/hadoop/hadoop-hdds-tools/0.5.0-SNAPSHOT/hadoop-hdds-tools-0.5.0-SNAPSHOT.jar:/home/user/.m2/repository/org/xerial/sqlite-jdbc/3.25.2/sqlite-jdbc-3.25.2.jar:/home/user/.m2/repository/org/apache/hadoop/hadoop-hdds-server-scm/0.5.0-SNAPSHOT/hadoop-hdds-server-scm-0.5.0-SNAPSHOT.jar:/home/user/.m2/repository/org/hamcrest/hamcrest-all/1.3/hamcrest-all-1.3.jar:/home/user/.m2/repository/info/picocli/picocli/3.9.6/picocli-3.9.6.jar:/home/user/.m2/repository/com/google/protobuf/protobuf-java/2.5.0/protobuf-java-2.5.0.jar:/home/user/.m2/repository/com/google/guava/guava/11.0.2/guava-11.0.2.jar:/home/user/.m2/repository/org/apache/hadoop/hadoop-ozone-client/0.5.0-SNAPSHOT/hadoop-ozone-client-0.5.0-SNAPSHOT.jar:/workdir/hadoop-ozone/ozonefs/target/classes:/home/user/.m2/repository/org/apache/httpcomponents/httpclient/4.5.2/httpclient-4.5.2.jar:/home/user/.m2/repository/org/apache/httpcomponents/httpcore/4.4.4/httpcore-4.4.4.jar:/home/user/.m2/repository/org/apache/hadoop/hadoop-hdds-server-framework/0.5.0-SNAPSHOT/hadoop-hdds-server-framework-0.5.0-SNAPSHOT.jar:/home/user/.m2/repository/org/apache/hadoop/hadoop-common/3.2.0/hadoop-common-3.2.0.jar:/home/user/.m2/repository/org/apache/hadoop/hadoop-annotations/3.2.0/hadoop-annotations-3.2.0.jar:/usr/lib/jvm/java-1.8-openjdk/jre/../lib/tools.jar:/home/user/.m2/repository/commons-cli/commons-cli/1.2/commons-cli-1.2.jar:/home/user/.m2/repository/org/apache/commons/commons-math3/3.1.1/commons-math3-3.1.1.jar:/home/user/.m2/repository/commons-codec/commons-codec/1.11/commons-codec-1.11.jar:/home/user/.m2/repository/commons-io/commons-io/2.5/commons-io-2.5.jar:/home/user/.m2/repository/commons-net/commons-net/3.6/commons-net-3.6.jar:/home/user/.m2/repository/commons-collections/commons-collections/3.2.2/commons-collections-3.2.2.jar:/home/user/.m2/repository/javax/servlet/javax.servlet-api/3.1.0/javax.servlet-api-3.1.0.jar:/home/user/.m2/repository/org/eclipse/jetty/jetty-server/9.3.25.v20180904/jetty-server-9.3.25.v20180904.jar:/home/user/.m2/repository/org/eclipse/jetty/jetty-http/9.3.25.v20180904/jetty-http-9.3.25.v20180904.jar:/home/user/.m2/repository/org/eclipse/jetty/jetty-io/9.3.25.v20180904/jetty-io-9.3.25.v20180904.jar:/home/user/.m2/repository/org/eclipse/jetty/jetty-util/9.3.25.v20180904/jetty-util-9.3.25.v20180904.jar:/home/user/.m2/repository/org/eclipse/jetty/jetty-servlet/9.3.25.v20180904/jetty-servlet-9.3.25.v20180904.jar:/home/user/.m2/repository/org/eclipse/jetty/jetty-security/9.3.25.v20180904/jetty-security-9.3.25.v20180904.jar:/home/user/.m2/repository/org/eclipse/jetty/jetty-webapp/9.3.25.v20180904/jetty-webapp-9.3.25.v20180904.jar:/home/user/.m2/repository/org/eclipse/jetty/jetty-xml/9.3.25.v20180904/jetty-xml-9.3.25.v20180904.jar:/home/user/.m2/repository/javax/servlet/jsp/jsp-api/2.1/jsp-api-2.1.jar:/home/user/.m2/repository/com/sun/jersey/jersey-core/1.19/jersey-core-1.19.jar:/home/user/.m2/repository/javax/ws/rs/jsr311-api/1.1.1/jsr311-api-1.1.1.jar:/home/user/.m2/repository/com/sun/jersey/jersey-servlet/1.19/jersey-servlet-1.19.jar:/home/user/.m2/repository/com/sun/jersey/jersey-json/1.19/jersey-json-1.19.jar:/home/user/.m2/repository/org/codehaus/jettison/jettison/1.1/jettison-1.1.jar:/home/user/.m2/repository/com/sun/xml/bind/jaxb-impl/2.3.0.1/jaxb-impl-2.3.0.1.jar:/home/user/.m2/repository/org/codehaus/jackson/jackson-core-asl/1.9.13/jackson-core-asl-1.9.13.jar:/home/user/.m2/repository/org/codehaus/jackson/jackson-mapper-asl/1.9.13/jackson-mapper-asl-1.9.13.jar:/home/user/.m2/repository/org/codehaus/jackson/jackson-jaxrs/1.9.13/jackson-jaxrs-1.9.13.jar:/home/user/.m2/repository/org/codehaus/jackson/jackson-xc/1.9.13/jackson-xc-1.9.13.jar:/home/user/.m2/repository/com/sun/jersey/jersey-server/1.19/jersey-server-1.19.jar:/home/user/.m2/repository/commons-logging/commons-logging/1.1.3/commons-logging-1.1.3.jar:/home/user/.m2/repository/log4j/log4j/1.2.17/log4j-1.2.17.jar:/home/user/.m2/repository/commons-beanutils/commons-beanutils/1.9.4/commons-beanutils-1.9.4.jar:/home/user/.m2/repository/org/apache/commons/commons-configuration2/2.1.1/commons-configuration2-2.1.1.jar:/home/user/.m2/repository/org/apache/commons/commons-lang3/3.7/commons-lang3-3.7.jar:/home/user/.m2/repository/org/apache/commons/commons-text/1.4/commons-text-1.4.jar:/home/user/.m2/repository/org/slf4j/slf4j-api/1.7.25/slf4j-api-1.7.25.jar:/home/user/.m2/repository/org/slf4j/slf4j-log4j12/1.7.25/slf4j-log4j12-1.7.25.jar:/home/user/.m2/repository/org/apache/avro/avro/1.7.7/avro-1.7.7.jar:/home/user/.m2/repository/com/thoughtworks/paranamer/paranamer/2.3/paranamer-2.3.jar:/home/user/.m2/repository/org/xerial/snappy/snappy-java/1.0.5/snappy-java-1.0.5.jar:/home/user/.m2/repository/com/google/re2j/re2j/1.1/re2j-1.1.jar:/home/user/.m2/repository/com/google/code/gson/gson/2.2.4/gson-2.2.4.jar:/home/user/.m2/repository/org/apache/hadoop/hadoop-auth/3.2.0/hadoop-auth-3.2.0.jar:/home/user/.m2/repository/com/nimbusds/nimbus-jose-jwt/4.41.1/nimbus-jose-jwt-4.41.1.jar:/home/user/.m2/repository/com/github/stephenc/jcip/jcip-annotations/1.0-1/jcip-annotations-1.0-1.jar:/home/user/.m2/repository/net/minidev/json-smart/2.3/json-smart-2.3.jar:/home/user/.m2/repository/net/minidev/accessors-smart/1.2/accessors-smart-1.2.jar:/home/user/.m2/repository/org/apache/curator/curator-framework/2.12.0/curator-framework-2.12.0.jar:/home/user/.m2/repository/com/jcraft/jsch/0.1.54/jsch-0.1.54.jar:/home/user/.m2/repository/org/apache/curator/curator-client/2.12.0/curator-client-2.12.0.jar:/home/user/.m2/repository/org/apache/curator/curator-recipes/2.12.0/curator-recipes-2.12.0.jar:/home/user/.m2/repository/com/google/code/findbugs/jsr305/3.0.0/jsr305-3.0.0.jar:/home/user/.m2/repository/org/apache/htrace/htrace-core4/4.1.0-incubating/htrace-core4-4.1.0-incubating.jar:/home/user/.m2/repository/org/apache/zookeeper/zookeeper/3.4.13/zookeeper-3.4.13.jar:/home/user/.m2/repository/jline/jline/0.9.94/jline-0.9.94.jar:/home/user/.m2/repository/org/apache/yetus/audience-annotations/0.5.0/audience-annotations-0.5.0.jar:/home/user/.m2/repository/org/apache/kerby/kerb-simplekdc/1.0.1/kerb-simplekdc-1.0.1.jar:/home/user/.m2/repository/org/apache/kerby/kerb-client/1.0.1/kerb-client-1.0.1.jar:/home/user/.m2/repository/org/apache/kerby/kerby-config/1.0.1/kerby-config-1.0.1.jar:/home/user/.m2/repository/org/apache/kerby/kerb-core/1.0.1/kerb-core-1.0.1.jar:/home/user/.m2/repository/org/apache/kerby/kerby-pkix/1.0.1/kerby-pkix-1.0.1.jar:/home/user/.m2/repository/org/apache/kerby/kerby-asn1/1.0.1/kerby-asn1-1.0.1.jar:/home/user/.m2/repository/org/apache/kerby/kerby-util/1.0.1/kerby-util-1.0.1.jar:/home/user/.m2/repository/org/apache/kerby/kerb-common/1.0.1/kerb-common-1.0.1.jar:/home/user/.m2/repository/org/apache/kerby/kerb-crypto/1.0.1/kerb-crypto-1.0.1.jar:/home/user/.m2/repository/org/apache/kerby/kerb-util/1.0.1/kerb-util-1.0.1.jar:/home/user/.m2/repository/org/apache/kerby/token-provider/1.0.1/token-provider-1.0.1.jar:/home/user/.m2/repository/org/apache/kerby/kerb-admin/1.0.1/kerb-admin-1.0.1.jar:/home/user/.m2/repository/org/apache/kerby/kerb-server/1.0.1/kerb-server-1.0.1.jar:/home/user/.m2/repository/org/apache/kerby/kerb-identity/1.0.1/kerb-identity-1.0.1.jar:/home/user/.m2/repository/org/apache/kerby/kerby-xdr/1.0.1/kerby-xdr-1.0.1.jar:/home/user/.m2/repository/com/fasterxml/jackson/core/jackson-databind/2.9.9/jackson-databind-2.9.9.jar:/home/user/.m2/repository/com/fasterxml/jackson/core/jackson-core/2.9.9/jackson-core-2.9.9.jar:/home/user/.m2/repository/org/codehaus/woodstox/stax2-api/3.1.4/stax2-api-3.1.4.jar:/home/user/.m2/repository/com/fasterxml/woodstox/woodstox-core/5.0.3/woodstox-core-5.0.3.jar:/home/user/.m2/repository/dnsjava/dnsjava/2.1.7/dnsjava-2.1.7.jar:/home/user/.m2/repository/org/apache/hadoop/hadoop-hdfs/3.2.0/hadoop-hdfs-3.2.0.jar:/home/user/.m2/repository/org/eclipse/jetty/jetty-util-ajax/9.3.25.v20180904/jetty-util-ajax-9.3.25.v20180904.jar:/home/user/.m2/repository/commons-daemon/commons-daemon/1.0.13/commons-daemon-1.0.13.jar:/home/user/.m2/repository/io/netty/netty/3.10.5.Final/netty-3.10.5.Final.jar:/home/user/.m2/repository/io/netty/netty-all/4.0.52.Final/netty-all-4.0.52.Final.jar:/home/user/.m2/repository/org/fusesource/leveldbjni/leveldbjni-all/1.8/leveldbjni-all-1.8.jar:/home/user/.m2/repository/com/sun/xml/bind/jaxb-core/2.3.0.1/jaxb-core-2.3.0.1.jar:/home/user/.m2/repository/javax/xml/bind/jaxb-api/2.3.0/jaxb-api-2.3.0.jar:/home/user/.m2/repository/javax/activation/activation/1.1.1/activation-1.1.1.jar:/home/user/.m2/repository/io/dropwizard/metrics/metrics-core/3.2.4/metrics-core-3.2.4.jar:/home/user/.m2/repository/org/openjdk/jmh/jmh-core/1.19/jmh-core-1.19.jar:/home/user/.m2/repository/net/sf/jopt-simple/jopt-simple/4.6/jopt-simple-4.6.jar:/home/user/.m2/repository/org/openjdk/jmh/jmh-generator-annprocess/1.19/jmh-generator-annprocess-1.19.jar:/home/user/.m2/repository/com/amazonaws/aws-java-sdk-s3/1.11.615/aws-java-sdk-s3-1.11.615.jar:/home/user/.m2/repository/com/amazonaws/aws-java-sdk-kms/1.11.615/aws-java-sdk-kms-1.11.615.jar:/home/user/.m2/repository/com/amazonaws/aws-java-sdk-core/1.11.615/aws-java-sdk-core-1.11.615.jar:/home/user/.m2/repository/software/amazon/ion/ion-java/1.0.2/ion-java-1.0.2.jar:/home/user/.m2/repository/com/fasterxml/jackson/dataformat/jackson-dataformat-cbor/2.9.9/jackson-dataformat-cbor-2.9.9.jar:/home/user/.m2/repository/joda-time/joda-time/2.9.9/joda-time-2.9.9.jar:/home/user/.m2/repository/com/amazonaws/jmespath-java/1.11.615/jmespath-java-1.11.615.jar:/home/user/.m2/repository/com/github/spotbugs/spotbugs/3.1.12/spotbugs-3.1.12.jar:/home/user/.m2/repository/org/ow2/asm/asm/5.0.4/asm-5.0.4.jar:/home/user/.m2/repository/org/ow2/asm/asm-analysis/7.0/asm-analysis-7.0.jar:/home/user/.m2/repository/org/ow2/asm/asm-commons/7.0/asm-commons-7.0.jar:/home/user/.m2/repository/org/ow2/asm/asm-tree/7.0/asm-tree-7.0.jar:/home/user/.m2/repository/org/ow2/asm/asm-util/7.0/asm-util-7.0.jar:/home/user/.m2/repository/org/apache/bcel/bcel/6.3/bcel-6.3.jar:/home/user/.m2/repository/net/jcip/jcip-annotations/1.0/jcip-annotations-1.0.jar:/home/user/.m2/repository/org/dom4j/dom4j/2.1.1/dom4j-2.1.1.jar:/home/user/.m2/repository/jaxen/jaxen/1.1.6/jaxen-1.1.6.jar:/home/user/.m2/repository/commons-lang/commons-lang/2.6/commons-lang-2.6.jar:/home/user/.m2/repository/com/github/spotbugs/spotbugs-annotations/3.1.12/spotbugs-annotations-3.1.12.jar:/home/user/.m2/repository/junit/junit/4.11/junit-4.11.jar:/home/user/.m2/repository/org/hamcrest/hamcrest-core/1.3/hamcrest-core-1.3.jar:/home/user/.m2/repository/org/apache/hadoop/hadoop-common/3.2.0/hadoop-common-3.2.0-tests.jar:/workdir/hadoop-ozone/integration-test/target/test-classes:/home/user/.m2/repository/org/apache/hadoop/hadoop-ozone-s3gateway/0.5.0-SNAPSHOT/hadoop-ozone-s3gateway-0.5.0-SNAPSHOT.jar:/home/user/.m2/repository/org/jboss/weld/servlet/weld-servlet/2.4.7.Final/weld-servlet-2.4.7.Final.jar:/home/user/.m2/repository/org/glassfish/jersey/containers/jersey-container-servlet-core/2.27/jersey-container-servlet-core-2.27.jar:/home/user/.m2/repository/org/glassfish/hk2/external/javax.inject/2.5.0-b42/javax.inject-2.5.0-b42.jar:/home/user/.m2/repository/org/glassfish/jersey/core/jersey-common/2.27/jersey-common-2.27.jar:/home/user/.m2/repository/org/glassfish/hk2/osgi-resource-locator/1.0.1/osgi-resource-locator-1.0.1.jar:/home/user/.m2/repository/javax/ws/rs/javax.ws.rs-api/2.1/javax.ws.rs-api-2.1.jar:/home/user/.m2/repository/org/glassfish/jersey/ext/cdi/jersey-cdi1x/2.27/jersey-cdi1x-2.27.jar:/home/user/.m2/repository/org/glassfish/jersey/inject/jersey-hk2/2.27/jersey-hk2-2.27.jar:/home/user/.m2/repository/org/glassfish/hk2/hk2-locator/2.5.0-b42/hk2-locator-2.5.0-b42.jar:/home/user/.m2/repository/org/javassist/javassist/3.22.0-CR2/javassist-3.22.0-CR2.jar:/home/user/.m2/repository/org/glassfish/hk2/hk2-api/2.5.0/hk2-api-2.5.0.jar:/home/user/.m2/repository/org/glassfish/hk2/external/jakarta.inject/2.5.0/jakarta.inject-2.5.0.jar:/home/user/.m2/repository/org/glassfish/hk2/hk2-utils/2.5.0/hk2-utils-2.5.0.jar:/home/user/.m2/repository/jakarta/annotation/jakarta.annotation-api/1.3.4/jakarta.annotation-api-1.3.4.jar:/home/user/.m2/repository/org/glassfish/hk2/external/aopalliance-repackaged/2.5.0/aopalliance-repackaged-2.5.0.jar:/home/user/.m2/repository/com/fasterxml/jackson/dataformat/jackson-dataformat-xml/2.9.0/jackson-dataformat-xml-2.9.0.jar:/home/user/.m2/repository/com/fasterxml/jackson/module/jackson-module-jaxb-annotations/2.9.9/jackson-module-jaxb-annotations-2.9.9.jar:/home/user/.m2/repository/javax/enterprise/cdi-api/1.2/cdi-api-1.2.jar:/home/user/.m2/repository/javax/el/javax.el-api/3.0.0/javax.el-api-3.0.0.jar:/home/user/.m2/repository/javax/interceptor/javax.interceptor-api/1.2/javax.interceptor-api-1.2.jar:/home/user/.m2/repository/javax/inject/javax.inject/1/javax.inject-1.jar:/home/user/.m2/repository/org/apache/hadoop/hadoop-ozone-csi/0.5.0-SNAPSHOT/hadoop-ozone-csi-0.5.0-SNAPSHOT.jar:/home/user/.m2/repository/com/google/protobuf/protobuf-java-util/3.5.1/protobuf-java-util-3.5.1.jar:/home/user/.m2/repository/io/grpc/grpc-netty/1.17.1/grpc-netty-1.17.1.jar:/home/user/.m2/repository/io/grpc/grpc-core/1.17.1/grpc-core-1.17.1.jar:/home/user/.m2/repository/io/grpc/grpc-context/1.17.1/grpc-context-1.17.1.jar:/home/user/.m2/repository/com/google/errorprone/error_prone_annotations/2.2.0/error_prone_annotations-2.2.0.jar:/home/user/.m2/repository/org/codehaus/mojo/animal-sniffer-annotations/1.17/animal-sniffer-annotations-1.17.jar:/home/user/.m2/repository/io/opencensus/opencensus-api/0.17.0/opencensus-api-0.17.0.jar:/home/user/.m2/repository/io/opencensus/opencensus-contrib-grpc-metrics/0.17.0/opencensus-contrib-grpc-metrics-0.17.0.jar:/home/user/.m2/repository/io/netty/netty-codec-http2/4.1.30.Final/netty-codec-http2-4.1.30.Final.jar:/home/user/.m2/repository/io/netty/netty-codec-http/4.1.30.Final/netty-codec-http-4.1.30.Final.jar:/home/user/.m2/repository/io/netty/netty-codec/4.1.30.Final/netty-codec-4.1.30.Final.jar:/home/user/.m2/repository/io/netty/netty-handler/4.1.30.Final/netty-handler-4.1.30.Final.jar:/home/user/.m2/repository/io/netty/netty-handler-proxy/4.1.30.Final/netty-handler-proxy-4.1.30.Final.jar:/home/user/.m2/repository/io/netty/netty-codec-socks/4.1.30.Final/netty-codec-socks-4.1.30.Final.jar:/home/user/.m2/repository/io/netty/netty-transport-native-epoll/4.1.30.Final/netty-transport-native-epoll-4.1.30.Final.jar:/home/user/.m2/repository/io/netty/netty-common/4.1.30.Final/netty-common-4.1.30.Final.jar:/home/user/.m2/repository/io/netty/netty-buffer/4.1.30.Final/netty-buffer-4.1.30.Final.jar:/home/user/.m2/repository/io/netty/netty-transport/4.1.30.Final/netty-transport-4.1.30.Final.jar:/home/user/.m2/repository/io/netty/netty-resolver/4.1.30.Final/netty-resolver-4.1.30.Final.jar:/home/user/.m2/repository/io/netty/netty-transport-native-unix-common/4.1.30.Final/netty-transport-native-unix-common-4.1.30.Final.jar:/home/user/.m2/repository/io/grpc/grpc-protobuf/1.17.1/grpc-protobuf-1.17.1.jar:/home/user/.m2/repository/com/google/api/grpc/proto-google-common-protos/1.0.0/proto-google-common-protos-1.0.0.jar:/home/user/.m2/repository/io/grpc/grpc-protobuf-lite/1.17.1/grpc-protobuf-lite-1.17.1.jar:/home/user/.m2/repository/io/grpc/grpc-stub/1.17.1/grpc-stub-1.17.1.jar:/home/user/.m2/repository/org/apache/hadoop/hadoop-ozone-recon/0.5.0-SNAPSHOT/hadoop-ozone-recon-0.5.0-SNAPSHOT.jar:/home/user/.m2/repository/org/apache/hadoop/hadoop-ozone-reconcodegen/0.5.0-SNAPSHOT/hadoop-ozone-reconcodegen-0.5.0-SNAPSHOT.jar:/home/user/.m2/repository/com/google/inject/extensions/guice-multibindings/4.0/guice-multibindings-4.0.jar:/home/user/.m2/repository/com/google/inject/guice/4.0/guice-4.0.jar:/home/user/.m2/repository/aopalliance/aopalliance/1.0/aopalliance-1.0.jar:/home/user/.m2/repository/com/google/inject/extensions/guice-servlet/4.0/guice-servlet-4.0.jar:/home/user/.m2/repository/org/glassfish/jersey/containers/jersey-container-servlet/2.27/jersey-container-servlet-2.27.jar:/home/user/.m2/repository/org/glassfish/hk2/guice-bridge/2.5.0/guice-bridge-2.5.0.jar:/home/user/.m2/repository/org/glassfish/jersey/core/jersey-server/2.27/jersey-server-2.27.jar:/home/user/.m2/repository/org/glassfish/jersey/core/jersey-client/2.27/jersey-client-2.27.jar:/home/user/.m2/repository/org/glassfish/jersey/media/jersey-media-jaxb/2.27/jersey-media-jaxb-2.27.jar:/home/user/.m2/repository/javax/validation/validation-api/1.1.0.Final/validation-api-1.1.0.Final.jar:/home/user/.m2/repository/org/glassfish/jersey/media/jersey-media-json-jackson/2.27/jersey-media-json-jackson-2.27.jar:/home/user/.m2/repository/org/glassfish/jersey/ext/jersey-entity-filtering/2.27/jersey-entity-filtering-2.27.jar:/home/user/.m2/repository/com/google/inject/extensions/guice-assistedinject/4.0/guice-assistedinject-4.0.jar:/home/user/.m2/repository/org/jooq/jooq/3.11.10/jooq-3.11.10.jar:/home/user/.m2/repository/org/jooq/jooq-meta/3.11.10/jooq-meta-3.11.10.jar:/home/user/.m2/repository/org/jooq/jooq-codegen/3.11.10/jooq-codegen-3.11.10.jar:/home/user/.m2/repository/com/jolbox/bonecp/0.8.0.RELEASE/bonecp-0.8.0.RELEASE.jar:/home/user/.m2/repository/org/springframework/spring-jdbc/5.1.3.RELEASE/spring-jdbc-5.1.3.RELEASE.jar:/home/user/.m2/repository/org/springframework/spring-beans/5.1.3.RELEASE/spring-beans-5.1.3.RELEASE.jar:/home/user/.m2/repository/org/springframework/spring-core/5.1.3.RELEASE/spring-core-5.1.3.RELEASE.jar:/home/user/.m2/repository/org/springframework/spring-jcl/5.1.3.RELEASE/spring-jcl-5.1.3.RELEASE.jar:/home/user/.m2/repository/org/springframework/spring-tx/5.1.3.RELEASE/spring-tx-5.1.3.RELEASE.jar:/home/user/.m2/repository/org/mockito/mockito-core/2.15.0/mockito-core-2.15.0.jar:/home/user/.m2/repository/net/bytebuddy/byte-buddy/1.7.9/byte-buddy-1.7.9.jar:/home/user/.m2/repository/net/bytebuddy/byte-buddy-agent/1.7.9/byte-buddy-agent-1.7.9.jar:/home/user/.m2/repository/org/objenesis/objenesis/1.0/objenesis-1.0.jar:"/>
    <property name="sun.cpu.endian" value="little"/>
    <property name="user.home" value="/home/user"/>
    <property name="user.language" value="en"/>
    <property name="java.specification.vendor" value="Oracle Corporation"/>
    <property name="java.home" value="/usr/lib/jvm/java-1.8-openjdk/jre"/>
    <property name="java.security.krb5.conf" value="/workdir/hadoop-ozone/tools/target/test-classes/krb5.conf"/>
    <property name="basedir" value="/workdir/hadoop-ozone/tools"/>
    <property name="file.separator" value="/"/>
    <property name="line.separator" value="&#10;"/>
    <property name="java.vm.specification.vendor" value="Oracle Corporation"/>
    <property name="java.specification.name" value="Java Platform API Specification"/>
    <property name="java.awt.graphicsenv" value="sun.awt.X11GraphicsEnvironment"/>
    <property name="surefire.real.class.path" value="/workdir/hadoop-ozone/tools/target/surefire/surefirebooter5466689733766962798.jar"/>
    <property name="hadoop.log.dir" value="/workdir/hadoop-ozone/tools/target/log"/>
    <property name="sun.boot.class.path" value="/usr/lib/jvm/java-1.8-openjdk/jre/lib/resources.jar:/usr/lib/jvm/java-1.8-openjdk/jre/lib/rt.jar:/usr/lib/jvm/java-1.8-openjdk/jre/lib/sunrsasign.jar:/usr/lib/jvm/java-1.8-openjdk/jre/lib/jsse.jar:/usr/lib/jvm/java-1.8-openjdk/jre/lib/jce.jar:/usr/lib/jvm/java-1.8-openjdk/jre/lib/charsets.jar:/usr/lib/jvm/java-1.8-openjdk/jre/lib/jfr.jar:/usr/lib/jvm/java-1.8-openjdk/jre/classes"/>
    <property name="sun.management.compiler" value="HotSpot 64-Bit Tiered Compilers"/>
    <property name="java.runtime.version" value="1.8.0_212-b04"/>
    <property name="java.net.preferIPv4Stack" value="true"/>
    <property name="user.name" value="jenkins1000"/>
    <property name="path.separator" value=":"/>
    <property name="java.security.egd" value="file:///dev/urandom"/>
    <property name="os.version" value="3.10.0-957.12.2.el7.x86_64"/>
    <property name="java.endorsed.dirs" value="/usr/lib/jvm/java-1.8-openjdk/jre/lib/endorsed"/>
    <property name="java.runtime.name" value="OpenJDK Runtime Environment"/>
    <property name="file.encoding" value="UTF-8"/>
    <property name="java.vm.name" value="OpenJDK 64-Bit Server VM"/>
    <property name="test.build.webapps" value=""/>
    <property name="localRepository" value="/home/user/.m2/repository"/>
    <property name="java.vendor.url.bug" value="https://icedtea.classpath.org/bugzilla"/>
    <property name="java.io.tmpdir" value="/tmp"/>
    <property name="require.test.libhadoop" value=""/>
    <property name="java.version" value="1.8.0_212"/>
    <property name="user.dir" value="/workdir/hadoop-ozone/tools"/>
    <property name="os.arch" value="amd64"/>
    <property name="java.vm.specification.name" value="Java Virtual Machine Specification"/>
    <property name="test.build.classes" value="/workdir/hadoop-ozone/tools/target/test-classes"/>
    <property name="java.awt.printerjob" value="sun.print.PSPrinterJob"/>
    <property name="sun.os.patch.level" value="unknown"/>
    <property name="hadoop.tmp.dir" value="/workdir/hadoop-ozone/tools/target/tmp"/>
    <property name="java.library.path" value="/usr/lib/jvm/java-1.8-openjdk/jre/lib/amd64/server:/usr/lib/jvm/java-1.8-openjdk/jre/lib/amd64:/usr/lib/jvm/java-1.8-openjdk/jre/../lib/amd64:/workdir/hadoop-ozone/tools/target/native/target/usr/local/lib:/workdir/hadoop-ozone/tools/../../hadoop-common-project/hadoop-common/target/native/target/usr/local/lib:/usr/java/packages/lib/amd64:/usr/lib64:/lib64:/lib:/usr/lib"/>
    <property name="java.vm.info" value="mixed mode"/>
    <property name="java.vendor" value="IcedTea"/>
    <property name="java.vm.version" value="25.212-b04"/>
    <property name="java.ext.dirs" value="/usr/lib/jvm/java-1.8-openjdk/jre/lib/ext:/usr/java/packages/lib/ext"/>
    <property name="sun.io.unicode.encoding" value="UnicodeLittle"/>
    <property name="java.class.version" value="52.0"/>
  </properties>
  <testcase name="testRestart" classname="org.apache.hadoop.ozone.freon.TestFreonWithPipelineDestroy" time="19.968">
    <error message="Allocated 0 blocks. Requested 5 blocks" type="INTERNAL_ERROR org.apache.hadoop.ozone.om.exceptions.OMException">INTERNAL_ERROR org.apache.hadoop.ozone.om.exceptions.OMException: Allocated 0 blocks. Requested 5 blocks
	at org.apache.hadoop.ozone.om.protocolPB.OzoneManagerProtocolClientSideTranslatorPB.handleError(OzoneManagerProtocolClientSideTranslatorPB.java:732)
	at org.apache.hadoop.ozone.om.protocolPB.OzoneManagerProtocolClientSideTranslatorPB.openKey(OzoneManagerProtocolClientSideTranslatorPB.java:723)
	at sun.reflect.NativeMethodAccessorImpl.invoke0(Native Method)
	at sun.reflect.NativeMethodAccessorImpl.invoke(NativeMethodAccessorImpl.java:62)
	at sun.reflect.DelegatingMethodAccessorImpl.invoke(DelegatingMethodAccessorImpl.java:43)
	at java.lang.reflect.Method.invoke(Method.java:498)
	at org.apache.hadoop.hdds.tracing.TraceAllMethod.invoke(TraceAllMethod.java:66)
	at com.sun.proxy.$Proxy37.openKey(Unknown Source)
	at org.apache.hadoop.ozone.client.rpc.RpcClient.createKey(RpcClient.java:610)
	at org.apache.hadoop.ozone.client.OzoneBucket.createKey(OzoneBucket.java:325)
	at org.apache.hadoop.ozone.freon.RandomKeyGenerator.createKey(RandomKeyGenerator.java:695)
	at org.apache.hadoop.ozone.freon.RandomKeyGenerator.access$1100(RandomKeyGenerator.java:88)
	at org.apache.hadoop.ozone.freon.RandomKeyGenerator$ObjectCreator.run(RandomKeyGenerator.java:615)
	at java.util.concurrent.Executors$RunnableAdapter.call(Executors.java:511)
	at java.util.concurrent.FutureTask.run(FutureTask.java:266)
	at java.util.concurrent.ThreadPoolExecutor.runWorker(ThreadPoolExecutor.java:1149)
	at java.util.concurrent.ThreadPoolExecutor$Worker.run(ThreadPoolExecutor.java:624)
	at java.lang.Thread.run(Thread.java:748)
</error>
    <system-out><![CDATA[2019-10-09 23:55:51,887 [main] WARN  server.ServerUtils (ServerUtils.java:getScmDbDir(145)) - ozone.scm.db.dirs is not configured. We recommend adding this setting. Falling back to ozone.metadata.dirs instead.
2019-10-09 23:55:52,016 [main] WARN  server.ServerUtils (ServerUtils.java:getScmDbDir(145)) - ozone.scm.db.dirs is not configured. We recommend adding this setting. Falling back to ozone.metadata.dirs instead.
2019-10-09 23:55:52,020 [main] WARN  server.ServerUtils (ServerUtils.java:getScmDbDir(145)) - ozone.scm.db.dirs is not configured. We recommend adding this setting. Falling back to ozone.metadata.dirs instead.
2019-10-09 23:55:52,046 [main] INFO  util.log (Log.java:initialized(192)) - Logging initialized @964ms
2019-10-09 23:55:52,156 [main] INFO  db.DBStoreBuilder (DBStoreBuilder.java:addTable(117)) - using custom profile for table: deletedBlocks
2019-10-09 23:55:52,157 [main] INFO  db.DBStoreBuilder (DBStoreBuilder.java:processTables(168)) - Using default column profile:DBProfile.DISK for Table:deletedBlocks
2019-10-09 23:55:52,157 [main] INFO  db.DBStoreBuilder (DBStoreBuilder.java:addTable(117)) - using custom profile for table: validCerts
2019-10-09 23:55:52,157 [main] INFO  db.DBStoreBuilder (DBStoreBuilder.java:processTables(168)) - Using default column profile:DBProfile.DISK for Table:validCerts
2019-10-09 23:55:52,158 [main] INFO  db.DBStoreBuilder (DBStoreBuilder.java:addTable(117)) - using custom profile for table: revokedCerts
2019-10-09 23:55:52,158 [main] INFO  db.DBStoreBuilder (DBStoreBuilder.java:processTables(168)) - Using default column profile:DBProfile.DISK for Table:revokedCerts
2019-10-09 23:55:52,171 [main] INFO  db.DBStoreBuilder (DBStoreBuilder.java:addTable(117)) - using custom profile for table: default
2019-10-09 23:55:52,172 [main] INFO  db.DBStoreBuilder (DBStoreBuilder.java:processTables(174)) - Using default column profile:DBProfile.DISK for Table:default
2019-10-09 23:55:52,173 [main] INFO  db.DBStoreBuilder (DBStoreBuilder.java:getDbProfile(205)) - Using default options. DBProfile.DISK
2019-10-09 23:55:52,453 [main] INFO  net.NodeSchemaLoader (NodeSchemaLoader.java:loadSchemaFromFile(125)) - Loading file from sun.misc.CompoundEnumeration@62379589
2019-10-09 23:55:52,455 [main] INFO  net.NodeSchemaLoader (NodeSchemaLoader.java:loadSchema(171)) - Loading network topology layer schema file
2019-10-09 23:55:52,531 [main] INFO  node.SCMNodeManager (SCMNodeManager.java:<init>(116)) - Entering startup safe mode.
2019-10-09 23:55:52,608 [main] INFO  algorithms.ContainerPlacementPolicyFactory (ContainerPlacementPolicyFactory.java:getPolicy(57)) - Create container placement policy of type org.apache.hadoop.hdds.scm.container.placement.algorithms.SCMContainerPlacementRandom
2019-10-09 23:55:52,623 [main] WARN  server.ServerUtils (ServerUtils.java:getScmDbDir(145)) - ozone.scm.db.dirs is not configured. We recommend adding this setting. Falling back to ozone.metadata.dirs instead.
2019-10-09 23:55:52,727 [main] INFO  pipeline.SCMPipelineManager (SCMPipelineManager.java:initializePipelineState(132)) - No pipeline exists in current db
2019-10-09 23:55:52,731 [main] WARN  server.ServerUtils (ServerUtils.java:getScmDbDir(145)) - ozone.scm.db.dirs is not configured. We recommend adding this setting. Falling back to ozone.metadata.dirs instead.
2019-10-09 23:55:52,895 [main] WARN  events.EventQueue (EventQueue.java:fireEvent(183)) - No event handler registered for event TypedEvent{payloadType=SafeModeStatus, name='SafeModeStatus'}
2019-10-09 23:55:53,292 [main] INFO  ipc.CallQueueManager (CallQueueManager.java:<init>(84)) - Using callQueue: class java.util.concurrent.LinkedBlockingQueue, queueCapacity: 2000, scheduler: class org.apache.hadoop.ipc.DefaultRpcScheduler, ipcBackoff: false.
2019-10-09 23:55:53,438 [Socket Reader #1 for port 42961] INFO  ipc.Server (Server.java:run(1074)) - Starting Socket Reader #1 for port 42961
2019-10-09 23:55:53,481 [main] INFO  ipc.CallQueueManager (CallQueueManager.java:<init>(84)) - Using callQueue: class java.util.concurrent.LinkedBlockingQueue, queueCapacity: 2000, scheduler: class org.apache.hadoop.ipc.DefaultRpcScheduler, ipcBackoff: false.
2019-10-09 23:55:53,482 [Socket Reader #1 for port 34420] INFO  ipc.Server (Server.java:run(1074)) - Starting Socket Reader #1 for port 34420
2019-10-09 23:55:53,493 [main] INFO  ipc.CallQueueManager (CallQueueManager.java:<init>(84)) - Using callQueue: class java.util.concurrent.LinkedBlockingQueue, queueCapacity: 2000, scheduler: class org.apache.hadoop.ipc.DefaultRpcScheduler, ipcBackoff: false.
2019-10-09 23:55:53,494 [Socket Reader #1 for port 37641] INFO  ipc.Server (Server.java:run(1074)) - Starting Socket Reader #1 for port 37641
2019-10-09 23:55:53,521 [main] INFO  hdfs.DFSUtil (DFSUtil.java:httpServerTemplateForNNAndJN(1641)) - Starting Web-server for scm at: http://0.0.0.0:0
2019-10-09 23:55:53,677 [main] INFO  server.AuthenticationFilter (AuthenticationFilter.java:constructSecretProvider(240)) - Unable to initialize FileSignerSecretProvider, falling back to use random secrets.
2019-10-09 23:55:53,699 [main] WARN  http.HttpRequestLog (HttpRequestLog.java:getRequestLog(97)) - Jetty request log can only be enabled using Log4j
2019-10-09 23:55:53,717 [main] INFO  http.HttpServer2 (HttpServer2.java:addGlobalFilter(975)) - Added global filter 'safety' (class=org.apache.hadoop.http.HttpServer2$QuotingInputFilter)
2019-10-09 23:55:53,722 [main] INFO  http.HttpServer2 (HttpServer2.java:addFilter(948)) - Added filter static_user_filter (class=org.apache.hadoop.http.lib.StaticUserWebFilter$StaticUserFilter) to context scm
2019-10-09 23:55:53,722 [main] INFO  http.HttpServer2 (HttpServer2.java:addFilter(958)) - Added filter static_user_filter (class=org.apache.hadoop.http.lib.StaticUserWebFilter$StaticUserFilter) to context logs
2019-10-09 23:55:53,722 [main] INFO  http.HttpServer2 (HttpServer2.java:addFilter(958)) - Added filter static_user_filter (class=org.apache.hadoop.http.lib.StaticUserWebFilter$StaticUserFilter) to context static
2019-10-09 23:55:53,763 [main] INFO  server.StorageContainerManager (StorageContainerManager.java:start(772)) - StorageContainerLocationProtocol RPC server is listening at /0.0.0.0:37641
2019-10-09 23:55:53,833 [main] WARN  impl.MetricsConfig (MetricsConfig.java:loadFirst(134)) - Cannot locate configuration: tried hadoop-metrics2-storagecontainermanager.properties,hadoop-metrics2.properties
2019-10-09 23:55:53,849 [main] INFO  impl.MetricsSystemImpl (MetricsSystemImpl.java:startTimer(374)) - Scheduled Metric snapshot period at 10 second(s).
2019-10-09 23:55:53,850 [main] INFO  impl.MetricsSystemImpl (MetricsSystemImpl.java:start(191)) - StorageContainerManager metrics system started
2019-10-09 23:55:54,084 [main] INFO  server.SCMClientProtocolServer (SCMClientProtocolServer.java:start(159)) - RPC server for Client  is listening at /0.0.0.0:37641
2019-10-09 23:55:54,084 [IPC Server listener on 37641] INFO  ipc.Server (Server.java:run(1153)) - IPC Server listener on 37641: starting
2019-10-09 23:55:54,085 [IPC Server Responder] INFO  ipc.Server (Server.java:run(1314)) - IPC Server Responder: starting
2019-10-09 23:55:54,088 [main] INFO  server.StorageContainerManager (StorageContainerManager.java:start(782)) - ScmBlockLocationProtocol RPC server is listening at /0.0.0.0:34420
2019-10-09 23:55:54,089 [main] INFO  server.SCMBlockProtocolServer (SCMBlockProtocolServer.java:start(146)) - RPC server for Block Protocol is listening at /0.0.0.0:34420
2019-10-09 23:55:54,089 [IPC Server Responder] INFO  ipc.Server (Server.java:run(1314)) - IPC Server Responder: starting
2019-10-09 23:55:54,089 [IPC Server listener on 34420] INFO  ipc.Server (Server.java:run(1153)) - IPC Server listener on 34420: starting
2019-10-09 23:55:54,094 [main] INFO  server.StorageContainerManager (StorageContainerManager.java:start(786)) - ScmDatanodeProtocl RPC server is listening at /0.0.0.0:42961
2019-10-09 23:55:54,094 [main] INFO  server.SCMDatanodeProtocolServer (SCMDatanodeProtocolServer.java:start(169)) - RPC server for DataNodes is listening at /0.0.0.0:42961
2019-10-09 23:55:54,096 [IPC Server Responder] INFO  ipc.Server (Server.java:run(1314)) - IPC Server Responder: starting
2019-10-09 23:55:54,096 [IPC Server listener on 42961] INFO  ipc.Server (Server.java:run(1153)) - IPC Server listener on 42961: starting
2019-10-09 23:55:54,100 [main] INFO  http.HttpServer2 (HttpServer2.java:bindListener(1191)) - Jetty bound to port 37024
2019-10-09 23:55:54,102 [main] INFO  server.Server (Server.java:doStart(351)) - jetty-9.3.25.v20180904, build timestamp: 2018-09-04T21:11:46Z, git hash: 3ce520221d0240229c862b122d2b06c12a625732
2019-10-09 23:55:54,141 [main] INFO  handler.ContextHandler (ContextHandler.java:doStart(781)) - Started o.e.j.s.ServletContextHandler@3b0c9195{/logs,file:///workdir/hadoop-ozone/tools/target/log,AVAILABLE}
2019-10-09 23:55:54,142 [main] INFO  handler.ContextHandler (ContextHandler.java:doStart(781)) - Started o.e.j.s.ServletContextHandler@5cdd09b1{/static,jar:file:/home/user/.m2/repository/org/apache/hadoop/hadoop-hdds-server-scm/0.5.0-SNAPSHOT/hadoop-hdds-server-scm-0.5.0-SNAPSHOT.jar!/webapps/static,AVAILABLE}
2019-10-09 23:55:54,236 [main] INFO  handler.ContextHandler (ContextHandler.java:doStart(781)) - Started o.e.j.w.WebAppContext@790174f2{/,file:///tmp/jetty-0.0.0.0-37024-scm-_-any-8377765045392300962.dir/webapp/,AVAILABLE}{/scm}
2019-10-09 23:55:54,243 [main] INFO  server.AbstractConnector (AbstractConnector.java:doStart(278)) - Started ServerConnector@71f67a79{HTTP/1.1,[http/1.1]}{0.0.0.0:37024}
2019-10-09 23:55:54,243 [main] INFO  server.Server (Server.java:doStart(419)) - Started @3161ms
2019-10-09 23:55:54,246 [main] INFO  impl.MetricsSinkAdapter (MetricsSinkAdapter.java:start(204)) - Sink prometheus started
2019-10-09 23:55:54,246 [main] INFO  impl.MetricsSystemImpl (MetricsSystemImpl.java:registerSink(301)) - Registered sink prometheus
2019-10-09 23:55:54,248 [main] INFO  server.BaseHttpServer (BaseHttpServer.java:updateConnectorAddress(215)) - HTTP server of SCM is listening at http://0.0.0.0:37024
2019-10-09 23:55:54,258 [org.apache.hadoop.util.JvmPauseMonitor$Monitor@2cd2c8fe] INFO  util.JvmPauseMonitor (JvmPauseMonitor.java:run(188)) - Starting JVM pause monitor
2019-10-09 23:55:54,264 [main] WARN  server.ServerUtils (ServerUtils.java:getDBPath(222)) - ozone.om.db.dirs is not configured. We recommend adding this setting. Falling back to ozone.metadata.dirs instead.
2019-10-09 23:55:54,386 [main] INFO  ha.OMHANodeDetails (OMHANodeDetails.java:loadOMHAConfig(190)) - Configuration either no ozone.om.address set. Falling back to the default OM address /127.0.0.1:0
2019-10-09 23:55:54,386 [main] INFO  ha.OMHANodeDetails (OMHANodeDetails.java:getOMNodeDetails(220)) - OM Service ID is not set. Setting it to the default ID: omServiceIdDefault
2019-10-09 23:55:54,388 [main] WARN  server.ServerUtils (ServerUtils.java:getDBPath(222)) - ozone.om.db.dirs is not configured. We recommend adding this setting. Falling back to ozone.metadata.dirs instead.
2019-10-09 23:55:54,389 [main] WARN  server.ServerUtils (ServerUtils.java:getDBPath(222)) - ozone.om.db.dirs is not configured. We recommend adding this setting. Falling back to ozone.metadata.dirs instead.
2019-10-09 23:55:55,087 [main] WARN  server.ServerUtils (ServerUtils.java:getDBPath(222)) - ozone.om.db.dirs is not configured. We recommend adding this setting. Falling back to ozone.metadata.dirs instead.
2019-10-09 23:55:55,096 [main] INFO  db.DBStoreBuilder (DBStoreBuilder.java:addTable(117)) - using custom profile for table: userTable
2019-10-09 23:55:55,096 [main] INFO  db.DBStoreBuilder (DBStoreBuilder.java:processTables(168)) - Using default column profile:DBProfile.DISK for Table:userTable
2019-10-09 23:55:55,096 [main] INFO  db.DBStoreBuilder (DBStoreBuilder.java:addTable(117)) - using custom profile for table: volumeTable
2019-10-09 23:55:55,097 [main] INFO  db.DBStoreBuilder (DBStoreBuilder.java:processTables(168)) - Using default column profile:DBProfile.DISK for Table:volumeTable
2019-10-09 23:55:55,097 [main] INFO  db.DBStoreBuilder (DBStoreBuilder.java:addTable(117)) - using custom profile for table: bucketTable
2019-10-09 23:55:55,097 [main] INFO  db.DBStoreBuilder (DBStoreBuilder.java:processTables(168)) - Using default column profile:DBProfile.DISK for Table:bucketTable
2019-10-09 23:55:55,097 [main] INFO  db.DBStoreBuilder (DBStoreBuilder.java:addTable(117)) - using custom profile for table: keyTable
2019-10-09 23:55:55,097 [main] INFO  db.DBStoreBuilder (DBStoreBuilder.java:processTables(168)) - Using default column profile:DBProfile.DISK for Table:keyTable
2019-10-09 23:55:55,098 [main] INFO  db.DBStoreBuilder (DBStoreBuilder.java:addTable(117)) - using custom profile for table: deletedTable
2019-10-09 23:55:55,098 [main] INFO  db.DBStoreBuilder (DBStoreBuilder.java:processTables(168)) - Using default column profile:DBProfile.DISK for Table:deletedTable
2019-10-09 23:55:55,098 [main] INFO  db.DBStoreBuilder (DBStoreBuilder.java:addTable(117)) - using custom profile for table: openKeyTable
2019-10-09 23:55:55,098 [main] INFO  db.DBStoreBuilder (DBStoreBuilder.java:processTables(168)) - Using default column profile:DBProfile.DISK for Table:openKeyTable
2019-10-09 23:55:55,099 [main] INFO  db.DBStoreBuilder (DBStoreBuilder.java:addTable(117)) - using custom profile for table: s3Table
2019-10-09 23:55:55,099 [main] INFO  db.DBStoreBuilder (DBStoreBuilder.java:processTables(168)) - Using default column profile:DBProfile.DISK for Table:s3Table
2019-10-09 23:55:55,099 [main] INFO  db.DBStoreBuilder (DBStoreBuilder.java:addTable(117)) - using custom profile for table: multipartInfoTable
2019-10-09 23:55:55,099 [main] INFO  db.DBStoreBuilder (DBStoreBuilder.java:processTables(168)) - Using default column profile:DBProfile.DISK for Table:multipartInfoTable
2019-10-09 23:55:55,100 [main] INFO  db.DBStoreBuilder (DBStoreBuilder.java:addTable(117)) - using custom profile for table: dTokenTable
2019-10-09 23:55:55,100 [main] INFO  db.DBStoreBuilder (DBStoreBuilder.java:processTables(168)) - Using default column profile:DBProfile.DISK for Table:dTokenTable
2019-10-09 23:55:55,100 [main] INFO  db.DBStoreBuilder (DBStoreBuilder.java:addTable(117)) - using custom profile for table: s3SecretTable
2019-10-09 23:55:55,100 [main] INFO  db.DBStoreBuilder (DBStoreBuilder.java:processTables(168)) - Using default column profile:DBProfile.DISK for Table:s3SecretTable
2019-10-09 23:55:55,101 [main] INFO  db.DBStoreBuilder (DBStoreBuilder.java:addTable(117)) - using custom profile for table: prefixTable
2019-10-09 23:55:55,101 [main] INFO  db.DBStoreBuilder (DBStoreBuilder.java:processTables(168)) - Using default column profile:DBProfile.DISK for Table:prefixTable
2019-10-09 23:55:55,101 [main] INFO  db.DBStoreBuilder (DBStoreBuilder.java:addTable(117)) - using custom profile for table: default
2019-10-09 23:55:55,101 [main] INFO  db.DBStoreBuilder (DBStoreBuilder.java:processTables(174)) - Using default column profile:DBProfile.DISK for Table:default
2019-10-09 23:55:55,102 [main] INFO  db.DBStoreBuilder (DBStoreBuilder.java:getDbProfile(205)) - Using default options. DBProfile.DISK
2019-10-09 23:55:55,791 [main] INFO  ipc.CallQueueManager (CallQueueManager.java:<init>(84)) - Using callQueue: class java.util.concurrent.LinkedBlockingQueue, queueCapacity: 2000, scheduler: class org.apache.hadoop.ipc.DefaultRpcScheduler, ipcBackoff: false.
2019-10-09 23:55:55,792 [Socket Reader #1 for port 34591] INFO  ipc.Server (Server.java:run(1074)) - Starting Socket Reader #1 for port 34591
2019-10-09 23:55:55,819 [main] INFO  om.OzoneManager (OzoneManager.java:start(1069)) - OzoneManager RPC server is listening at localhost/127.0.0.1:34591
2019-10-09 23:55:55,820 [main] INFO  impl.MetricsSystemImpl (MetricsSystemImpl.java:init(158)) - OzoneManager metrics system started (again)
2019-10-09 23:55:55,829 [IPC Server Responder] INFO  ipc.Server (Server.java:run(1314)) - IPC Server Responder: starting
2019-10-09 23:55:55,829 [IPC Server listener on 34591] INFO  ipc.Server (Server.java:run(1153)) - IPC Server listener on 34591: starting
2019-10-09 23:55:55,836 [main] INFO  hdfs.DFSUtil (DFSUtil.java:httpServerTemplateForNNAndJN(1641)) - Starting Web-server for ozoneManager at: http://0.0.0.0:0
2019-10-09 23:55:55,839 [main] INFO  server.AuthenticationFilter (AuthenticationFilter.java:constructSecretProvider(240)) - Unable to initialize FileSignerSecretProvider, falling back to use random secrets.
2019-10-09 23:55:55,840 [main] WARN  http.HttpRequestLog (HttpRequestLog.java:getRequestLog(97)) - Jetty request log can only be enabled using Log4j
2019-10-09 23:55:55,844 [main] INFO  http.HttpServer2 (HttpServer2.java:addGlobalFilter(975)) - Added global filter 'safety' (class=org.apache.hadoop.http.HttpServer2$QuotingInputFilter)
2019-10-09 23:55:55,845 [main] INFO  http.HttpServer2 (HttpServer2.java:addFilter(948)) - Added filter static_user_filter (class=org.apache.hadoop.http.lib.StaticUserWebFilter$StaticUserFilter) to context ozoneManager
2019-10-09 23:55:55,846 [main] INFO  http.HttpServer2 (HttpServer2.java:addFilter(958)) - Added filter static_user_filter (class=org.apache.hadoop.http.lib.StaticUserWebFilter$StaticUserFilter) to context logs
2019-10-09 23:55:55,846 [main] INFO  http.HttpServer2 (HttpServer2.java:addFilter(958)) - Added filter static_user_filter (class=org.apache.hadoop.http.lib.StaticUserWebFilter$StaticUserFilter) to context static
2019-10-09 23:55:55,849 [main] INFO  http.HttpServer2 (HttpServer2.java:bindListener(1191)) - Jetty bound to port 44649
2019-10-09 23:55:55,849 [main] INFO  server.Server (Server.java:doStart(351)) - jetty-9.3.25.v20180904, build timestamp: 2018-09-04T21:11:46Z, git hash: 3ce520221d0240229c862b122d2b06c12a625732
2019-10-09 23:55:55,852 [main] INFO  handler.ContextHandler (ContextHandler.java:doStart(781)) - Started o.e.j.s.ServletContextHandler@7df60067{/logs,file:///workdir/hadoop-ozone/tools/target/log,AVAILABLE}
2019-10-09 23:55:55,853 [main] INFO  handler.ContextHandler (ContextHandler.java:doStart(781)) - Started o.e.j.s.ServletContextHandler@529cfee5{/static,jar:file:/home/user/.m2/repository/org/apache/hadoop/hadoop-ozone-ozone-manager/0.5.0-SNAPSHOT/hadoop-ozone-ozone-manager-0.5.0-SNAPSHOT.jar!/webapps/static,AVAILABLE}
2019-10-09 23:55:55,926 [main] INFO  handler.ContextHandler (ContextHandler.java:doStart(781)) - Started o.e.j.w.WebAppContext@27fde870{/,file:///tmp/jetty-0.0.0.0-44649-ozoneManager-_-any-656468055902047413.dir/webapp/,AVAILABLE}{/ozoneManager}
2019-10-09 23:55:55,928 [main] INFO  server.AbstractConnector (AbstractConnector.java:doStart(278)) - Started ServerConnector@2b4c3c29{HTTP/1.1,[http/1.1]}{0.0.0.0:44649}
2019-10-09 23:55:55,932 [main] INFO  server.Server (Server.java:doStart(419)) - Started @4850ms
2019-10-09 23:55:55,933 [main] WARN  impl.MetricsSystemImpl (MetricsSystemImpl.java:register(276)) - Sink prometheus already exists!
2019-10-09 23:55:55,935 [main] INFO  server.BaseHttpServer (BaseHttpServer.java:updateConnectorAddress(215)) - HTTP server of OZONEMANAGER is listening at http://0.0.0.0:44649
2019-10-09 23:55:56,329 [main] INFO  impl.MetricsSystemImpl (MetricsSystemImpl.java:init(158)) - HddsDatanode metrics system started (again)
2019-10-09 23:55:56,392 [main] INFO  ozone.HddsDatanodeService (HddsDatanodeService.java:start(184)) - HddsDatanodeService host:pr-hdds-1868-7c4vz-2804340038 ip:192.168.164.207
2019-10-09 23:55:56,431 [main] INFO  volume.HddsVolume (HddsVolume.java:<init>(176)) - Creating Volume: /workdir/hadoop-ozone/tools/target/test-dir/MiniOzoneClusterImpl-3ef8ba27-9d0b-42ff-8dd4-d2a6bb16b342/datanode-0/data/containers/hdds of  storage type : DISK and capacity : 1482555576320
2019-10-09 23:55:56,434 [main] INFO  volume.VolumeSet (VolumeSet.java:initializeVolumeSet(170)) - Added Volume : /workdir/hadoop-ozone/tools/target/test-dir/MiniOzoneClusterImpl-3ef8ba27-9d0b-42ff-8dd4-d2a6bb16b342/datanode-0/data/containers/hdds to VolumeSet
2019-10-09 23:55:56,439 [main] INFO  volume.ThrottledAsyncChecker (ThrottledAsyncChecker.java:schedule(141)) - Scheduling a check for org.apache.hadoop.ozone.container.common.volume.HddsVolume@4c4f4365
2019-10-09 23:55:56,466 [main] INFO  volume.HddsVolumeChecker (HddsVolumeChecker.java:checkAllVolumes(204)) - Scheduled health check for volume org.apache.hadoop.ozone.container.common.volume.HddsVolume@4c4f4365
2019-10-09 23:55:56,598 [main] INFO  impl.RaftServerProxy (ConfUtils.java:logGet(43)) - raft.rpc.type = GRPC (default)
2019-10-09 23:55:56,668 [main] INFO  grpc.GrpcFactory (GrpcFactory.java:checkPooledByteBufAllocatorUseCacheForAllThreads(45)) - PERFORMANCE WARNING: useCacheForAllThreads is true that may cause Netty to create a lot garbage objects and, as a result, trigger GC.
	It is recommended to disable useCacheForAllThreads by setting -Dorg.apache.ratis.thirdparty.io.netty.allocator.useCacheForAllThreads=false in command line.
2019-10-09 23:55:56,674 [main] INFO  grpc.GrpcConfigKeys$Server (ConfUtils.java:logGet(43)) - raft.grpc.server.port = 0 (default)
2019-10-09 23:55:56,674 [main] INFO  server.GrpcService (ConfUtils.java:logGet(43)) - raft.grpc.message.size.max = 33570816 (custom)
2019-10-09 23:55:56,676 [main] INFO  server.RaftServerConfigKeys (ConfUtils.java:logGet(43)) - raft.server.log.appender.buffer.byte-limit = 33554432 (custom)
2019-10-09 23:55:56,677 [main] INFO  server.GrpcService (ConfUtils.java:logGet(43)) - raft.grpc.flow.control.window = 1MB (=1048576) (default)
2019-10-09 23:55:56,678 [main] INFO  server.RaftServerConfigKeys (ConfUtils.java:logGet(43)) - raft.server.rpc.request.timeout = 3000ms (default)
2019-10-09 23:55:56,872 [main] INFO  server.RaftServerConfigKeys (ConfUtils.java:logGet(43)) - raft.server.storage.dir = [/workdir/hadoop-ozone/tools/target/test-dir/MiniOzoneClusterImpl-3ef8ba27-9d0b-42ff-8dd4-d2a6bb16b342/datanode-0/data/ratis] (custom)
2019-10-09 23:55:56,926 [main] INFO  hdfs.DFSUtil (DFSUtil.java:httpServerTemplateForNNAndJN(1641)) - Starting Web-server for hddsDatanode at: http://0.0.0.0:0
2019-10-09 23:55:56,928 [main] INFO  server.AuthenticationFilter (AuthenticationFilter.java:constructSecretProvider(240)) - Unable to initialize FileSignerSecretProvider, falling back to use random secrets.
2019-10-09 23:55:56,929 [main] WARN  http.HttpRequestLog (HttpRequestLog.java:getRequestLog(97)) - Jetty request log can only be enabled using Log4j
2019-10-09 23:55:56,932 [main] INFO  http.HttpServer2 (HttpServer2.java:addGlobalFilter(975)) - Added global filter 'safety' (class=org.apache.hadoop.http.HttpServer2$QuotingInputFilter)
2019-10-09 23:55:56,933 [main] INFO  http.HttpServer2 (HttpServer2.java:addFilter(948)) - Added filter static_user_filter (class=org.apache.hadoop.http.lib.StaticUserWebFilter$StaticUserFilter) to context hddsDatanode
2019-10-09 23:55:56,933 [main] INFO  http.HttpServer2 (HttpServer2.java:addFilter(958)) - Added filter static_user_filter (class=org.apache.hadoop.http.lib.StaticUserWebFilter$StaticUserFilter) to context static
2019-10-09 23:55:56,934 [main] INFO  http.HttpServer2 (HttpServer2.java:addFilter(958)) - Added filter static_user_filter (class=org.apache.hadoop.http.lib.StaticUserWebFilter$StaticUserFilter) to context logs
2019-10-09 23:55:56,935 [main] INFO  http.HttpServer2 (HttpServer2.java:bindListener(1191)) - Jetty bound to port 39545
2019-10-09 23:55:56,935 [main] INFO  server.Server (Server.java:doStart(351)) - jetty-9.3.25.v20180904, build timestamp: 2018-09-04T21:11:46Z, git hash: 3ce520221d0240229c862b122d2b06c12a625732
2019-10-09 23:55:56,939 [main] INFO  handler.ContextHandler (ContextHandler.java:doStart(781)) - Started o.e.j.s.ServletContextHandler@623dcf2a{/logs,file:///workdir/hadoop-ozone/tools/target/log,AVAILABLE}
2019-10-09 23:55:56,939 [main] INFO  handler.ContextHandler (ContextHandler.java:doStart(781)) - Started o.e.j.s.ServletContextHandler@e84fb85{/static,jar:file:/home/user/.m2/repository/org/apache/hadoop/hadoop-hdds-container-service/0.5.0-SNAPSHOT/hadoop-hdds-container-service-0.5.0-SNAPSHOT.jar!/webapps/static,AVAILABLE}
2019-10-09 23:55:56,981 [main] INFO  handler.ContextHandler (ContextHandler.java:doStart(781)) - Started o.e.j.w.WebAppContext@c27a3a2{/,file:///tmp/jetty-0.0.0.0-39545-hddsDatanode-_-any-3274952773361307937.dir/webapp/,AVAILABLE}{/hddsDatanode}
2019-10-09 23:55:56,982 [main] INFO  server.AbstractConnector (AbstractConnector.java:doStart(278)) - Started ServerConnector@4b200971{HTTP/1.1,[http/1.1]}{0.0.0.0:39545}
2019-10-09 23:55:56,983 [main] INFO  server.Server (Server.java:doStart(419)) - Started @5901ms
2019-10-09 23:55:56,984 [main] WARN  impl.MetricsSystemImpl (MetricsSystemImpl.java:register(276)) - Sink prometheus already exists!
2019-10-09 23:55:56,985 [main] INFO  server.BaseHttpServer (BaseHttpServer.java:updateConnectorAddress(215)) - HTTP server of HDDSDATANODE is listening at http://0.0.0.0:39545
2019-10-09 23:55:56,987 [main] INFO  impl.MetricsSystemImpl (MetricsSystemImpl.java:init(158)) - HddsDatanode metrics system started (again)
2019-10-09 23:55:56,991 [main] INFO  ozone.HddsDatanodeService (HddsDatanodeService.java:start(184)) - HddsDatanodeService host:pr-hdds-1868-7c4vz-2804340038 ip:192.168.164.207
2019-10-09 23:55:56,993 [org.apache.hadoop.util.JvmPauseMonitor$Monitor@296ca5ac] INFO  util.JvmPauseMonitor (JvmPauseMonitor.java:run(188)) - Starting JVM pause monitor
2019-10-09 23:55:57,003 [main] INFO  volume.HddsVolume (HddsVolume.java:<init>(176)) - Creating Volume: /workdir/hadoop-ozone/tools/target/test-dir/MiniOzoneClusterImpl-3ef8ba27-9d0b-42ff-8dd4-d2a6bb16b342/datanode-1/data/containers/hdds of  storage type : DISK and capacity : 1482555576320
2019-10-09 23:55:57,004 [main] INFO  volume.VolumeSet (VolumeSet.java:initializeVolumeSet(170)) - Added Volume : /workdir/hadoop-ozone/tools/target/test-dir/MiniOzoneClusterImpl-3ef8ba27-9d0b-42ff-8dd4-d2a6bb16b342/datanode-1/data/containers/hdds to VolumeSet
2019-10-09 23:55:57,005 [main] INFO  volume.ThrottledAsyncChecker (ThrottledAsyncChecker.java:schedule(141)) - Scheduling a check for org.apache.hadoop.ozone.container.common.volume.HddsVolume@6f94a5a5
2019-10-09 23:55:57,006 [main] INFO  volume.HddsVolumeChecker (HddsVolumeChecker.java:checkAllVolumes(204)) - Scheduled health check for volume org.apache.hadoop.ozone.container.common.volume.HddsVolume@6f94a5a5
2019-10-09 23:55:57,028 [main] INFO  impl.RaftServerProxy (ConfUtils.java:logGet(43)) - raft.rpc.type = GRPC (default)
2019-10-09 23:55:57,029 [main] INFO  grpc.GrpcFactory (GrpcFactory.java:checkPooledByteBufAllocatorUseCacheForAllThreads(45)) - PERFORMANCE WARNING: useCacheForAllThreads is true that may cause Netty to create a lot garbage objects and, as a result, trigger GC.
	It is recommended to disable useCacheForAllThreads by setting -Dorg.apache.ratis.thirdparty.io.netty.allocator.useCacheForAllThreads=false in command line.
2019-10-09 23:55:57,029 [main] INFO  grpc.GrpcConfigKeys$Server (ConfUtils.java:logGet(43)) - raft.grpc.server.port = 0 (default)
2019-10-09 23:55:57,029 [main] INFO  server.GrpcService (ConfUtils.java:logGet(43)) - raft.grpc.message.size.max = 33570816 (custom)
2019-10-09 23:55:57,030 [main] INFO  server.RaftServerConfigKeys (ConfUtils.java:logGet(43)) - raft.server.log.appender.buffer.byte-limit = 33554432 (custom)
2019-10-09 23:55:57,030 [main] INFO  server.GrpcService (ConfUtils.java:logGet(43)) - raft.grpc.flow.control.window = 1MB (=1048576) (default)
2019-10-09 23:55:57,030 [main] INFO  server.RaftServerConfigKeys (ConfUtils.java:logGet(43)) - raft.server.rpc.request.timeout = 3000ms (default)
2019-10-09 23:55:57,031 [main] INFO  server.RaftServerConfigKeys (ConfUtils.java:logGet(43)) - raft.server.storage.dir = [/workdir/hadoop-ozone/tools/target/test-dir/MiniOzoneClusterImpl-3ef8ba27-9d0b-42ff-8dd4-d2a6bb16b342/datanode-1/data/ratis] (custom)
2019-10-09 23:55:57,033 [main] INFO  hdfs.DFSUtil (DFSUtil.java:httpServerTemplateForNNAndJN(1641)) - Starting Web-server for hddsDatanode at: http://0.0.0.0:0
2019-10-09 23:55:57,036 [main] INFO  server.AuthenticationFilter (AuthenticationFilter.java:constructSecretProvider(240)) - Unable to initialize FileSignerSecretProvider, falling back to use random secrets.
2019-10-09 23:55:57,037 [main] WARN  http.HttpRequestLog (HttpRequestLog.java:getRequestLog(97)) - Jetty request log can only be enabled using Log4j
2019-10-09 23:55:57,041 [main] INFO  http.HttpServer2 (HttpServer2.java:addGlobalFilter(975)) - Added global filter 'safety' (class=org.apache.hadoop.http.HttpServer2$QuotingInputFilter)
2019-10-09 23:55:57,042 [main] INFO  http.HttpServer2 (HttpServer2.java:addFilter(948)) - Added filter static_user_filter (class=org.apache.hadoop.http.lib.StaticUserWebFilter$StaticUserFilter) to context hddsDatanode
2019-10-09 23:55:57,042 [main] INFO  http.HttpServer2 (HttpServer2.java:addFilter(958)) - Added filter static_user_filter (class=org.apache.hadoop.http.lib.StaticUserWebFilter$StaticUserFilter) to context static
2019-10-09 23:55:57,043 [main] INFO  http.HttpServer2 (HttpServer2.java:addFilter(958)) - Added filter static_user_filter (class=org.apache.hadoop.http.lib.StaticUserWebFilter$StaticUserFilter) to context logs
2019-10-09 23:55:57,044 [main] INFO  http.HttpServer2 (HttpServer2.java:bindListener(1191)) - Jetty bound to port 40471
2019-10-09 23:55:57,045 [main] INFO  server.Server (Server.java:doStart(351)) - jetty-9.3.25.v20180904, build timestamp: 2018-09-04T21:11:46Z, git hash: 3ce520221d0240229c862b122d2b06c12a625732
2019-10-09 23:55:57,049 [main] INFO  handler.ContextHandler (ContextHandler.java:doStart(781)) - Started o.e.j.s.ServletContextHandler@6e0c6a7a{/logs,file:///workdir/hadoop-ozone/tools/target/log,AVAILABLE}
2019-10-09 23:55:57,050 [main] INFO  handler.ContextHandler (ContextHandler.java:doStart(781)) - Started o.e.j.s.ServletContextHandler@7baf1f5a{/static,jar:file:/home/user/.m2/repository/org/apache/hadoop/hadoop-hdds-container-service/0.5.0-SNAPSHOT/hadoop-hdds-container-service-0.5.0-SNAPSHOT.jar!/webapps/static,AVAILABLE}
2019-10-09 23:55:57,096 [main] INFO  handler.ContextHandler (ContextHandler.java:doStart(781)) - Started o.e.j.w.WebAppContext@15639440{/,file:///tmp/jetty-0.0.0.0-40471-hddsDatanode-_-any-7723840004208019519.dir/webapp/,AVAILABLE}{/hddsDatanode}
2019-10-09 23:55:57,097 [main] INFO  server.AbstractConnector (AbstractConnector.java:doStart(278)) - Started ServerConnector@121bb45b{HTTP/1.1,[http/1.1]}{0.0.0.0:40471}
2019-10-09 23:55:57,098 [main] INFO  server.Server (Server.java:doStart(419)) - Started @6016ms
2019-10-09 23:55:57,099 [main] WARN  impl.MetricsSystemImpl (MetricsSystemImpl.java:register(276)) - Sink prometheus already exists!
2019-10-09 23:55:57,100 [main] INFO  server.BaseHttpServer (BaseHttpServer.java:updateConnectorAddress(215)) - HTTP server of HDDSDATANODE is listening at http://0.0.0.0:40471
2019-10-09 23:55:57,100 [main] INFO  impl.MetricsSystemImpl (MetricsSystemImpl.java:init(158)) - HddsDatanode metrics system started (again)
2019-10-09 23:55:57,104 [main] INFO  ozone.HddsDatanodeService (HddsDatanodeService.java:start(184)) - HddsDatanodeService host:pr-hdds-1868-7c4vz-2804340038 ip:192.168.164.207
2019-10-09 23:55:57,104 [org.apache.hadoop.util.JvmPauseMonitor$Monitor@74b9fcee] INFO  util.JvmPauseMonitor (JvmPauseMonitor.java:run(188)) - Starting JVM pause monitor
2019-10-09 23:55:57,114 [main] INFO  volume.HddsVolume (HddsVolume.java:<init>(176)) - Creating Volume: /workdir/hadoop-ozone/tools/target/test-dir/MiniOzoneClusterImpl-3ef8ba27-9d0b-42ff-8dd4-d2a6bb16b342/datanode-2/data/containers/hdds of  storage type : DISK and capacity : 1482555576320
2019-10-09 23:55:57,114 [main] INFO  volume.VolumeSet (VolumeSet.java:initializeVolumeSet(170)) - Added Volume : /workdir/hadoop-ozone/tools/target/test-dir/MiniOzoneClusterImpl-3ef8ba27-9d0b-42ff-8dd4-d2a6bb16b342/datanode-2/data/containers/hdds to VolumeSet
2019-10-09 23:55:57,115 [main] INFO  volume.ThrottledAsyncChecker (ThrottledAsyncChecker.java:schedule(141)) - Scheduling a check for org.apache.hadoop.ozone.container.common.volume.HddsVolume@10f7c76
2019-10-09 23:55:57,115 [main] INFO  volume.HddsVolumeChecker (HddsVolumeChecker.java:checkAllVolumes(204)) - Scheduled health check for volume org.apache.hadoop.ozone.container.common.volume.HddsVolume@10f7c76
2019-10-09 23:55:57,124 [Datanode State Machine Thread - 0] INFO  datanode.InitDatanodeState (InitDatanodeState.java:persistContainerDatanodeDetails(140)) - DatanodeDetails is persisted to /workdir/hadoop-ozone/tools/target/test-dir/MiniOzoneClusterImpl-3ef8ba27-9d0b-42ff-8dd4-d2a6bb16b342/datanode-0/meta/datanode.id
2019-10-09 23:55:57,129 [Datanode State Machine Thread - 0] INFO  datanode.InitDatanodeState (InitDatanodeState.java:persistContainerDatanodeDetails(140)) - DatanodeDetails is persisted to /workdir/hadoop-ozone/tools/target/test-dir/MiniOzoneClusterImpl-3ef8ba27-9d0b-42ff-8dd4-d2a6bb16b342/datanode-1/meta/datanode.id
2019-10-09 23:55:57,139 [main] INFO  impl.RaftServerProxy (ConfUtils.java:logGet(43)) - raft.rpc.type = GRPC (default)
2019-10-09 23:55:57,139 [main] INFO  grpc.GrpcFactory (GrpcFactory.java:checkPooledByteBufAllocatorUseCacheForAllThreads(45)) - PERFORMANCE WARNING: useCacheForAllThreads is true that may cause Netty to create a lot garbage objects and, as a result, trigger GC.
	It is recommended to disable useCacheForAllThreads by setting -Dorg.apache.ratis.thirdparty.io.netty.allocator.useCacheForAllThreads=false in command line.
2019-10-09 23:55:57,140 [main] INFO  grpc.GrpcConfigKeys$Server (ConfUtils.java:logGet(43)) - raft.grpc.server.port = 0 (default)
2019-10-09 23:55:57,140 [main] INFO  server.GrpcService (ConfUtils.java:logGet(43)) - raft.grpc.message.size.max = 33570816 (custom)
2019-10-09 23:55:57,141 [main] INFO  server.RaftServerConfigKeys (ConfUtils.java:logGet(43)) - raft.server.log.appender.buffer.byte-limit = 33554432 (custom)
2019-10-09 23:55:57,141 [main] INFO  server.GrpcService (ConfUtils.java:logGet(43)) - raft.grpc.flow.control.window = 1MB (=1048576) (default)
2019-10-09 23:55:57,141 [main] INFO  server.RaftServerConfigKeys (ConfUtils.java:logGet(43)) - raft.server.rpc.request.timeout = 3000ms (default)
2019-10-09 23:55:57,142 [main] INFO  server.RaftServerConfigKeys (ConfUtils.java:logGet(43)) - raft.server.storage.dir = [/workdir/hadoop-ozone/tools/target/test-dir/MiniOzoneClusterImpl-3ef8ba27-9d0b-42ff-8dd4-d2a6bb16b342/datanode-2/data/ratis] (custom)
2019-10-09 23:55:57,145 [main] INFO  hdfs.DFSUtil (DFSUtil.java:httpServerTemplateForNNAndJN(1641)) - Starting Web-server for hddsDatanode at: http://0.0.0.0:0
2019-10-09 23:55:57,147 [main] INFO  server.AuthenticationFilter (AuthenticationFilter.java:constructSecretProvider(240)) - Unable to initialize FileSignerSecretProvider, falling back to use random secrets.
2019-10-09 23:55:57,147 [main] WARN  http.HttpRequestLog (HttpRequestLog.java:getRequestLog(97)) - Jetty request log can only be enabled using Log4j
2019-10-09 23:55:57,149 [main] INFO  http.HttpServer2 (HttpServer2.java:addGlobalFilter(975)) - Added global filter 'safety' (class=org.apache.hadoop.http.HttpServer2$QuotingInputFilter)
2019-10-09 23:55:57,150 [main] INFO  http.HttpServer2 (HttpServer2.java:addFilter(948)) - Added filter static_user_filter (class=org.apache.hadoop.http.lib.StaticUserWebFilter$StaticUserFilter) to context hddsDatanode
2019-10-09 23:55:57,150 [main] INFO  http.HttpServer2 (HttpServer2.java:addFilter(958)) - Added filter static_user_filter (class=org.apache.hadoop.http.lib.StaticUserWebFilter$StaticUserFilter) to context logs
2019-10-09 23:55:57,151 [main] INFO  http.HttpServer2 (HttpServer2.java:addFilter(958)) - Added filter static_user_filter (class=org.apache.hadoop.http.lib.StaticUserWebFilter$StaticUserFilter) to context static
2019-10-09 23:55:57,151 [main] INFO  http.HttpServer2 (HttpServer2.java:bindListener(1191)) - Jetty bound to port 41289
2019-10-09 23:55:57,152 [main] INFO  server.Server (Server.java:doStart(351)) - jetty-9.3.25.v20180904, build timestamp: 2018-09-04T21:11:46Z, git hash: 3ce520221d0240229c862b122d2b06c12a625732
2019-10-09 23:55:57,154 [main] INFO  handler.ContextHandler (ContextHandler.java:doStart(781)) - Started o.e.j.s.ServletContextHandler@784abd3e{/logs,file:///workdir/hadoop-ozone/tools/target/log,AVAILABLE}
2019-10-09 23:55:57,154 [main] INFO  handler.ContextHandler (ContextHandler.java:doStart(781)) - Started o.e.j.s.ServletContextHandler@434514d8{/static,jar:file:/home/user/.m2/repository/org/apache/hadoop/hadoop-hdds-container-service/0.5.0-SNAPSHOT/hadoop-hdds-container-service-0.5.0-SNAPSHOT.jar!/webapps/static,AVAILABLE}
2019-10-09 23:55:57,184 [main] INFO  handler.ContextHandler (ContextHandler.java:doStart(781)) - Started o.e.j.w.WebAppContext@762637be{/,file:///tmp/jetty-0.0.0.0-41289-hddsDatanode-_-any-8576958889820357459.dir/webapp/,AVAILABLE}{/hddsDatanode}
2019-10-09 23:55:57,185 [main] INFO  server.AbstractConnector (AbstractConnector.java:doStart(278)) - Started ServerConnector@4b97c4ad{HTTP/1.1,[http/1.1]}{0.0.0.0:41289}
2019-10-09 23:55:57,186 [main] INFO  server.Server (Server.java:doStart(419)) - Started @6104ms
2019-10-09 23:55:57,187 [main] WARN  impl.MetricsSystemImpl (MetricsSystemImpl.java:register(276)) - Sink prometheus already exists!
2019-10-09 23:55:57,188 [main] INFO  server.BaseHttpServer (BaseHttpServer.java:updateConnectorAddress(215)) - HTTP server of HDDSDATANODE is listening at http://0.0.0.0:41289
2019-10-09 23:55:57,190 [main] INFO  ozone.MiniOzoneClusterImpl (MiniOzoneClusterImpl.java:lambda$waitForClusterToBeReady$2(172)) - Waiting for cluster to be ready. Got 0 of 3 DN Heartbeats.
2019-10-09 23:55:57,191 [org.apache.hadoop.util.JvmPauseMonitor$Monitor@4f9c804b] INFO  util.JvmPauseMonitor (JvmPauseMonitor.java:run(188)) - Starting JVM pause monitor
2019-10-09 23:55:57,194 [Datanode State Machine Thread - 0] INFO  datanode.InitDatanodeState (InitDatanodeState.java:persistContainerDatanodeDetails(140)) - DatanodeDetails is persisted to /workdir/hadoop-ozone/tools/target/test-dir/MiniOzoneClusterImpl-3ef8ba27-9d0b-42ff-8dd4-d2a6bb16b342/datanode-2/meta/datanode.id
2019-10-09 23:55:58,191 [main] INFO  ozone.MiniOzoneClusterImpl (MiniOzoneClusterImpl.java:lambda$waitForClusterToBeReady$2(172)) - Waiting for cluster to be ready. Got 0 of 3 DN Heartbeats.
2019-10-09 23:55:59,091 [Datanode State Machine Thread - 0] INFO  ozoneimpl.OzoneContainer (OzoneContainer.java:start(213)) - Attempting to start container services.
2019-10-09 23:55:59,094 [Datanode State Machine Thread - 0] INFO  ozoneimpl.OzoneContainer (OzoneContainer.java:startContainerScrub(177)) - Background container scanner has been disabled.
2019-10-09 23:55:59,095 [Datanode State Machine Thread - 0] INFO  ratis.XceiverServerRatis (XceiverServerRatis.java:start(425)) - Starting XceiverServerRatis 7349a8e7-a912-424d-91d5-5fbf095df9f6 at port 0
2019-10-09 23:55:59,124 [Datanode State Machine Thread - 0] INFO  ozoneimpl.OzoneContainer (OzoneContainer.java:start(213)) - Attempting to start container services.
2019-10-09 23:55:59,134 [Datanode State Machine Thread - 0] INFO  impl.RaftServerProxy (RaftServerProxy.java:lambda$start$3(299)) - 7349a8e7-a912-424d-91d5-5fbf095df9f6: start RPC server
2019-10-09 23:55:59,134 [Datanode State Machine Thread - 0] INFO  ozoneimpl.OzoneContainer (OzoneContainer.java:startContainerScrub(177)) - Background container scanner has been disabled.
2019-10-09 23:55:59,135 [Datanode State Machine Thread - 0] INFO  ratis.XceiverServerRatis (XceiverServerRatis.java:start(425)) - Starting XceiverServerRatis afe294e3-dea9-4d51-9cb1-1433faecd2aa at port 0
2019-10-09 23:55:59,146 [Datanode State Machine Thread - 0] INFO  impl.RaftServerProxy (RaftServerProxy.java:lambda$start$3(299)) - afe294e3-dea9-4d51-9cb1-1433faecd2aa: start RPC server
2019-10-09 23:55:59,191 [main] INFO  ozone.MiniOzoneClusterImpl (MiniOzoneClusterImpl.java:lambda$waitForClusterToBeReady$2(172)) - Waiting for cluster to be ready. Got 0 of 3 DN Heartbeats.
2019-10-09 23:55:59,208 [Datanode State Machine Thread - 0] INFO  ozoneimpl.OzoneContainer (OzoneContainer.java:start(213)) - Attempting to start container services.
2019-10-09 23:55:59,209 [Datanode State Machine Thread - 0] INFO  ozoneimpl.OzoneContainer (OzoneContainer.java:startContainerScrub(177)) - Background container scanner has been disabled.
2019-10-09 23:55:59,210 [Datanode State Machine Thread - 0] INFO  ratis.XceiverServerRatis (XceiverServerRatis.java:start(425)) - Starting XceiverServerRatis 004ba699-4cef-44c2-b8d9-499866424522 at port 0
2019-10-09 23:55:59,219 [Datanode State Machine Thread - 0] INFO  impl.RaftServerProxy (RaftServerProxy.java:lambda$start$3(299)) - 004ba699-4cef-44c2-b8d9-499866424522: start RPC server
2019-10-09 23:55:59,314 [Datanode State Machine Thread - 0] INFO  server.GrpcService (GrpcService.java:startImpl(158)) - 004ba699-4cef-44c2-b8d9-499866424522: GrpcService started, listening on 0.0.0.0/0.0.0.0:46050
2019-10-09 23:55:59,314 [Datanode State Machine Thread - 0] INFO  server.GrpcService (GrpcService.java:startImpl(158)) - afe294e3-dea9-4d51-9cb1-1433faecd2aa: GrpcService started, listening on 0.0.0.0/0.0.0.0:38334
2019-10-09 23:55:59,314 [Datanode State Machine Thread - 0] INFO  server.GrpcService (GrpcService.java:startImpl(158)) - 7349a8e7-a912-424d-91d5-5fbf095df9f6: GrpcService started, listening on 0.0.0.0/0.0.0.0:39780
2019-10-09 23:55:59,316 [Datanode State Machine Thread - 0] INFO  ratis.XceiverServerRatis (XceiverServerRatis.java:start(435)) - XceiverServerRatis afe294e3-dea9-4d51-9cb1-1433faecd2aa is started using port 38334
2019-10-09 23:55:59,315 [Datanode State Machine Thread - 0] INFO  ratis.XceiverServerRatis (XceiverServerRatis.java:start(435)) - XceiverServerRatis 004ba699-4cef-44c2-b8d9-499866424522 is started using port 46050
2019-10-09 23:55:59,316 [Datanode State Machine Thread - 0] INFO  ratis.XceiverServerRatis (XceiverServerRatis.java:start(435)) - XceiverServerRatis 7349a8e7-a912-424d-91d5-5fbf095df9f6 is started using port 39780
2019-10-09 23:55:59,322 [Datanode State Machine Thread - 0] INFO  server.XceiverServerGrpc (XceiverServerGrpc.java:start(149)) - XceiverServerGrpc 004ba699-4cef-44c2-b8d9-499866424522 is started using port 43057
2019-10-09 23:55:59,322 [Datanode State Machine Thread - 0] INFO  server.XceiverServerGrpc (XceiverServerGrpc.java:start(149)) - XceiverServerGrpc 7349a8e7-a912-424d-91d5-5fbf095df9f6 is started using port 46204
2019-10-09 23:55:59,323 [Datanode State Machine Thread - 0] INFO  server.XceiverServerGrpc (XceiverServerGrpc.java:start(149)) - XceiverServerGrpc afe294e3-dea9-4d51-9cb1-1433faecd2aa is started using port 33265
2019-10-09 23:56:00,192 [main] INFO  ozone.MiniOzoneClusterImpl (MiniOzoneClusterImpl.java:lambda$waitForClusterToBeReady$2(172)) - Waiting for cluster to be ready. Got 0 of 3 DN Heartbeats.
2019-10-09 23:56:01,039 [IPC Server handler 18 on 42961] INFO  net.NetworkTopology (NetworkTopologyImpl.java:add(111)) - Added a new node: /default-rack/7349a8e7-a912-424d-91d5-5fbf095df9f6
2019-10-09 23:56:01,039 [IPC Server handler 18 on 42961] INFO  node.SCMNodeManager (SCMNodeManager.java:register(268)) - Registered Data node : 7349a8e7-a912-424d-91d5-5fbf095df9f6{ip: 192.168.164.207, host: pr-hdds-1868-7c4vz-2804340038, networkLocation: /default-rack, certSerialId: null}
2019-10-09 23:56:01,043 [EventQueue-NodeRegistrationContainerReportForDataNodeSafeModeRule] INFO  safemode.SCMSafeModeManager (DataNodeSafeModeRule.java:process(71)) - SCM in safe mode. 1 DataNodes registered, 1 required.
2019-10-09 23:56:01,043 [EventQueue-NodeRegistrationContainerReportForDataNodeSafeModeRule] INFO  safemode.SCMSafeModeManager (SCMSafeModeManager.java:validateSafeModeExitRules(177)) - ScmSafeModeManager, all rules are successfully validated
2019-10-09 23:56:01,043 [EventQueue-NodeRegistrationContainerReportForDataNodeSafeModeRule] INFO  safemode.SCMSafeModeManager (SCMSafeModeManager.java:exitSafeMode(193)) - SCM exiting safe mode.
2019-10-09 23:56:01,107 [IPC Server handler 16 on 42961] INFO  net.NetworkTopology (NetworkTopologyImpl.java:add(111)) - Added a new node: /default-rack/afe294e3-dea9-4d51-9cb1-1433faecd2aa
2019-10-09 23:56:01,108 [IPC Server handler 16 on 42961] INFO  node.SCMNodeManager (SCMNodeManager.java:register(268)) - Registered Data node : afe294e3-dea9-4d51-9cb1-1433faecd2aa{ip: 192.168.164.207, host: pr-hdds-1868-7c4vz-2804340038, networkLocation: /default-rack, certSerialId: null}
2019-10-09 23:56:01,194 [IPC Server handler 19 on 42961] INFO  net.NetworkTopology (NetworkTopologyImpl.java:add(111)) - Added a new node: /default-rack/004ba699-4cef-44c2-b8d9-499866424522
2019-10-09 23:56:01,195 [IPC Server handler 19 on 42961] INFO  node.SCMNodeManager (SCMNodeManager.java:register(268)) - Registered Data node : 004ba699-4cef-44c2-b8d9-499866424522{ip: 192.168.164.207, host: pr-hdds-1868-7c4vz-2804340038, networkLocation: /default-rack, certSerialId: null}
2019-10-09 23:56:01,567 [grpc-default-executor-0] INFO  impl.RaftServerProxy (RaftServerProxy.java:addNew(89)) - 7349a8e7-a912-424d-91d5-5fbf095df9f6: addNew group-D8FB606CF0C9:[7349a8e7-a912-424d-91d5-5fbf095df9f6:192.168.164.207:39780] returns group-D8FB606CF0C9:java.util.concurrent.CompletableFuture@6bb181d3[Not completed]
2019-10-09 23:56:01,581 [pool-27-thread-1] INFO  impl.RaftServerImpl (RaftServerImpl.java:<init>(95)) - 7349a8e7-a912-424d-91d5-5fbf095df9f6: new RaftServerImpl for group-D8FB606CF0C9:[7349a8e7-a912-424d-91d5-5fbf095df9f6:192.168.164.207:39780] with ContainerStateMachine:uninitialized
2019-10-09 23:56:01,585 [pool-27-thread-1] INFO  server.RaftServerConfigKeys (ConfUtils.java:logGet(43)) - raft.server.rpc.timeout.min = 5s (custom)
2019-10-09 23:56:01,586 [pool-27-thread-1] INFO  server.RaftServerConfigKeys (ConfUtils.java:logGet(43)) - raft.server.rpc.timeout.max = 5200ms (custom)
2019-10-09 23:56:01,586 [pool-27-thread-1] INFO  server.RaftServerConfigKeys (ConfUtils.java:logGet(43)) - raft.server.rpcslowness.timeout = 120s (custom)
2019-10-09 23:56:01,587 [pool-27-thread-1] INFO  server.RaftServerConfigKeys (ConfUtils.java:logGet(43)) - raft.server.sleep.deviation.threshold = 300 (default)
2019-10-09 23:56:01,589 [pool-27-thread-1] INFO  server.RaftServerConfigKeys (ConfUtils.java:logGet(43)) - raft.server.log.appender.install.snapshot.enabled = false (custom)
2019-10-09 23:56:01,598 [pool-27-thread-1] INFO  impl.RaftServerImpl (ServerState.java:<init>(103)) - 7349a8e7-a912-424d-91d5-5fbf095df9f6@group-D8FB606CF0C9: ConfigurationManager, init=-1: [7349a8e7-a912-424d-91d5-5fbf095df9f6:192.168.164.207:39780], old=null, confs=<EMPTY_MAP>
2019-10-09 23:56:01,599 [pool-27-thread-1] INFO  server.RaftServerConfigKeys (ConfUtils.java:logGet(43)) - raft.server.storage.dir = [/workdir/hadoop-ozone/tools/target/test-dir/MiniOzoneClusterImpl-3ef8ba27-9d0b-42ff-8dd4-d2a6bb16b342/datanode-0/data/ratis] (custom)
2019-10-09 23:56:01,606 [pool-27-thread-1] INFO  server.RaftServerConfigKeys (ConfUtils.java:logGet(43)) - raft.server.log.corruption.policy = EXCEPTION (default)
2019-10-09 23:56:01,608 [pool-27-thread-1] INFO  storage.RaftStorageDirectory (RaftStorageDirectory.java:analyzeStorage(246)) - The storage directory /workdir/hadoop-ozone/tools/target/test-dir/MiniOzoneClusterImpl-3ef8ba27-9d0b-42ff-8dd4-d2a6bb16b342/datanode-0/data/ratis/e296f13b-60ec-4118-8e84-d8fb606cf0c9 does not exist. Creating ...
2019-10-09 23:56:01,634 [pool-27-thread-1] INFO  storage.RaftStorageDirectory (RaftStorageDirectory.java:tryLock(328)) - Lock on /workdir/hadoop-ozone/tools/target/test-dir/MiniOzoneClusterImpl-3ef8ba27-9d0b-42ff-8dd4-d2a6bb16b342/datanode-0/data/ratis/e296f13b-60ec-4118-8e84-d8fb606cf0c9/in_use.lock acquired by nodename 30828@pr-hdds-1868-7c4vz-2804340038
2019-10-09 23:56:01,639 [pool-27-thread-1] INFO  storage.RaftStorage (RaftStorage.java:format(84)) - Storage directory /workdir/hadoop-ozone/tools/target/test-dir/MiniOzoneClusterImpl-3ef8ba27-9d0b-42ff-8dd4-d2a6bb16b342/datanode-0/data/ratis/e296f13b-60ec-4118-8e84-d8fb606cf0c9 has been successfully formatted.
2019-10-09 23:56:01,642 [pool-27-thread-1] INFO  ratis.ContainerStateMachine (ContainerStateMachine.java:loadSnapshot(233)) - group-D8FB606CF0C9: The snapshot info is null. Setting the last applied indexto:(t:0, i:~)
2019-10-09 23:56:01,642 [pool-27-thread-1] INFO  server.RaftServerConfigKeys (ConfUtils.java:logGet(43)) - raft.server.notification.no-leader.timeout = 120s (custom)
2019-10-09 23:56:01,644 [pool-27-thread-1] INFO  server.RaftServerConfigKeys (ConfUtils.java:logGet(43)) - raft.server.log.use.memory = false (default)
2019-10-09 23:56:01,651 [pool-27-thread-1] INFO  server.RaftServerConfigKeys (ConfUtils.java:logGet(43)) - raft.server.log.purge.gap = 1000000 (custom)
2019-10-09 23:56:01,651 [pool-27-thread-1] INFO  server.RaftServerConfigKeys (ConfUtils.java:logGet(43)) - raft.server.log.appender.buffer.byte-limit = 33554432 (custom)
2019-10-09 23:56:01,653 [pool-27-thread-1] INFO  server.RaftServerConfigKeys (ConfUtils.java:logGet(43)) - raft.server.log.segment.size.max = 1048576 (custom)
2019-10-09 23:56:01,655 [pool-27-thread-1] INFO  impl.MetricsSystemImpl (MetricsSystemImpl.java:init(158)) - ratis metrics system started (again)
2019-10-09 23:56:01,659 [pool-27-thread-1] INFO  metrics.MetricRegistries (MetricRegistriesLoader.java:load(64)) - Loaded MetricRegistries class org.apache.ratis.metrics.impl.MetricRegistriesImpl
2019-10-09 23:56:01,711 [pool-27-thread-1] INFO  server.RaftServerConfigKeys (ConfUtils.java:logGet(43)) - raft.server.log.segment.cache.num.max = 2 (custom)
2019-10-09 23:56:01,717 [pool-27-thread-1] INFO  segmented.SegmentedRaftLogWorker (SegmentedRaftLogWorker.java:<init>(173)) - new 7349a8e7-a912-424d-91d5-5fbf095df9f6@group-D8FB606CF0C9-SegmentedRaftLogWorker for RaftStorage:Storage Directory /workdir/hadoop-ozone/tools/target/test-dir/MiniOzoneClusterImpl-3ef8ba27-9d0b-42ff-8dd4-d2a6bb16b342/datanode-0/data/ratis/e296f13b-60ec-4118-8e84-d8fb606cf0c9
2019-10-09 23:56:01,718 [pool-27-thread-1] INFO  server.RaftServerConfigKeys (ConfUtils.java:logGet(43)) - raft.server.log.queue.byte-limit = 2147483647 (custom)
2019-10-09 23:56:01,719 [pool-27-thread-1] INFO  server.RaftServerConfigKeys (ConfUtils.java:logGet(43)) - raft.server.log.queue.element-limit = 1024 (custom)
2019-10-09 23:56:01,720 [pool-27-thread-1] INFO  server.RaftServerConfigKeys (ConfUtils.java:logGet(43)) - raft.server.log.segment.size.max = 1048576 (custom)
2019-10-09 23:56:01,721 [pool-27-thread-1] INFO  server.RaftServerConfigKeys (ConfUtils.java:logGet(43)) - raft.server.log.preallocated.size = 16384 (custom)
2019-10-09 23:56:01,721 [pool-27-thread-1] INFO  server.RaftServerConfigKeys (ConfUtils.java:logGet(43)) - raft.server.log.write.buffer.size = 33554432 (custom)
2019-10-09 23:56:01,722 [pool-27-thread-1] INFO  server.RaftServerConfigKeys (ConfUtils.java:logGet(43)) - raft.server.log.force.sync.num = 128 (default)
2019-10-09 23:56:01,723 [pool-27-thread-1] INFO  server.RaftServerConfigKeys (ConfUtils.java:logGet(43)) - raft.server.log.statemachine.data.sync = true (default)
2019-10-09 23:56:01,723 [pool-27-thread-1] INFO  server.RaftServerConfigKeys (ConfUtils.java:logGet(43)) - raft.server.log.statemachine.data.sync.timeout = 10s (default)
2019-10-09 23:56:01,724 [pool-27-thread-1] INFO  server.RaftServerConfigKeys (ConfUtils.java:logGet(43)) - raft.server.log.statemachine.data.sync.timeout.retry = -1 (default)
2019-10-09 23:56:01,738 [pool-27-thread-1] INFO  server.RaftServerConfigKeys (ConfUtils.java:logGet(43)) - raft.server.log.statemachine.data.caching.enabled = true (custom)
2019-10-09 23:56:01,743 [pool-27-thread-1] INFO  segmented.SegmentedRaftLogWorker (SegmentedRaftLogWorker.java:lambda$new$0(128)) - 7349a8e7-a912-424d-91d5-5fbf095df9f6@group-D8FB606CF0C9-SegmentedRaftLogWorker: flushIndex: setUnconditionally 0 -> -1
2019-10-09 23:56:01,747 [pool-27-thread-1] INFO  server.RaftServerConfigKeys (ConfUtils.java:logGet(43)) - raft.server.snapshot.auto.trigger.enabled = true (custom)
2019-10-09 23:56:01,748 [pool-27-thread-1] INFO  server.RaftServerConfigKeys (ConfUtils.java:logGet(43)) - raft.server.snapshot.auto.trigger.threshold = 10000 (custom)
2019-10-09 23:56:01,749 [pool-27-thread-1] INFO  server.RaftServerConfigKeys (ConfUtils.java:logGet(43)) - raft.server.snapshot.retention.file.num = 5 (custom)
2019-10-09 23:56:01,749 [pool-27-thread-1] INFO  server.RaftServerConfigKeys (ConfUtils.java:logGet(43)) - raft.server.retrycache.expirytime = 600000ms (custom)
2019-10-09 23:56:01,775 [pool-27-thread-1] INFO  impl.RaftServerImpl (RaftServerImpl.java:start(181)) - 7349a8e7-a912-424d-91d5-5fbf095df9f6@group-D8FB606CF0C9: start as a follower, conf=-1: [7349a8e7-a912-424d-91d5-5fbf095df9f6:192.168.164.207:39780], old=null
2019-10-09 23:56:01,776 [pool-27-thread-1] INFO  impl.RaftServerImpl (RaftServerImpl.java:setRole(170)) - 7349a8e7-a912-424d-91d5-5fbf095df9f6@group-D8FB606CF0C9: changes role from      null to FOLLOWER at term 0 for startAsFollower
2019-10-09 23:56:01,778 [pool-27-thread-1] INFO  impl.RoleInfo (RoleInfo.java:updateAndGet(143)) - 7349a8e7-a912-424d-91d5-5fbf095df9f6: start FollowerState
2019-10-09 23:56:01,779 [pool-27-thread-1] INFO  util.JmxRegister (JmxRegister.java:tryRegister(44)) - Successfully registered JMX Bean with object name Ratis:service=RaftServer,group=group-D8FB606CF0C9,id=7349a8e7-a912-424d-91d5-5fbf095df9f6
2019-10-09 23:56:01,860 [RatisPipelineUtilsThread] INFO  pipeline.PipelineStateManager (PipelineStateManager.java:addPipeline(57)) - Created pipeline Pipeline[ Id: e296f13b-60ec-4118-8e84-d8fb606cf0c9, Nodes: 7349a8e7-a912-424d-91d5-5fbf095df9f6{ip: 192.168.164.207, host: pr-hdds-1868-7c4vz-2804340038, networkLocation: /default-rack, certSerialId: null}, Type:RATIS, Factor:ONE, State:ALLOCATED]
2019-10-09 23:56:01,895 [grpc-default-executor-0] INFO  impl.RaftServerProxy (RaftServerProxy.java:addNew(89)) - afe294e3-dea9-4d51-9cb1-1433faecd2aa: addNew group-1361FDE10F2B:[afe294e3-dea9-4d51-9cb1-1433faecd2aa:192.168.164.207:38334] returns group-1361FDE10F2B:java.util.concurrent.CompletableFuture@2d7e3f5d[Not completed]
2019-10-09 23:56:01,924 [pool-37-thread-1] INFO  impl.RaftServerImpl (RaftServerImpl.java:<init>(95)) - afe294e3-dea9-4d51-9cb1-1433faecd2aa: new RaftServerImpl for group-1361FDE10F2B:[afe294e3-dea9-4d51-9cb1-1433faecd2aa:192.168.164.207:38334] with ContainerStateMachine:uninitialized
2019-10-09 23:56:01,926 [pool-37-thread-1] INFO  server.RaftServerConfigKeys (ConfUtils.java:logGet(43)) - raft.server.rpc.timeout.min = 5s (custom)
2019-10-09 23:56:01,926 [pool-37-thread-1] INFO  server.RaftServerConfigKeys (ConfUtils.java:logGet(43)) - raft.server.rpc.timeout.max = 5200ms (custom)
2019-10-09 23:56:01,926 [pool-37-thread-1] INFO  server.RaftServerConfigKeys (ConfUtils.java:logGet(43)) - raft.server.rpcslowness.timeout = 120s (custom)
2019-10-09 23:56:01,926 [pool-37-thread-1] INFO  server.RaftServerConfigKeys (ConfUtils.java:logGet(43)) - raft.server.sleep.deviation.threshold = 300 (default)
2019-10-09 23:56:01,926 [pool-37-thread-1] INFO  server.RaftServerConfigKeys (ConfUtils.java:logGet(43)) - raft.server.log.appender.install.snapshot.enabled = false (custom)
2019-10-09 23:56:01,927 [pool-37-thread-1] INFO  impl.RaftServerImpl (ServerState.java:<init>(103)) - afe294e3-dea9-4d51-9cb1-1433faecd2aa@group-1361FDE10F2B: ConfigurationManager, init=-1: [afe294e3-dea9-4d51-9cb1-1433faecd2aa:192.168.164.207:38334], old=null, confs=<EMPTY_MAP>
2019-10-09 23:56:01,927 [pool-37-thread-1] INFO  server.RaftServerConfigKeys (ConfUtils.java:logGet(43)) - raft.server.storage.dir = [/workdir/hadoop-ozone/tools/target/test-dir/MiniOzoneClusterImpl-3ef8ba27-9d0b-42ff-8dd4-d2a6bb16b342/datanode-1/data/ratis] (custom)
2019-10-09 23:56:01,927 [pool-37-thread-1] INFO  server.RaftServerConfigKeys (ConfUtils.java:logGet(43)) - raft.server.log.corruption.policy = EXCEPTION (default)
2019-10-09 23:56:01,928 [pool-37-thread-1] INFO  storage.RaftStorageDirectory (RaftStorageDirectory.java:analyzeStorage(246)) - The storage directory /workdir/hadoop-ozone/tools/target/test-dir/MiniOzoneClusterImpl-3ef8ba27-9d0b-42ff-8dd4-d2a6bb16b342/datanode-1/data/ratis/42605412-22cc-4a25-a4b9-1361fde10f2b does not exist. Creating ...
2019-10-09 23:56:01,941 [pool-37-thread-1] INFO  storage.RaftStorageDirectory (RaftStorageDirectory.java:tryLock(328)) - Lock on /workdir/hadoop-ozone/tools/target/test-dir/MiniOzoneClusterImpl-3ef8ba27-9d0b-42ff-8dd4-d2a6bb16b342/datanode-1/data/ratis/42605412-22cc-4a25-a4b9-1361fde10f2b/in_use.lock acquired by nodename 30828@pr-hdds-1868-7c4vz-2804340038
2019-10-09 23:56:01,962 [pool-37-thread-1] INFO  storage.RaftStorage (RaftStorage.java:format(84)) - Storage directory /workdir/hadoop-ozone/tools/target/test-dir/MiniOzoneClusterImpl-3ef8ba27-9d0b-42ff-8dd4-d2a6bb16b342/datanode-1/data/ratis/42605412-22cc-4a25-a4b9-1361fde10f2b has been successfully formatted.
2019-10-09 23:56:01,964 [pool-37-thread-1] INFO  ratis.ContainerStateMachine (ContainerStateMachine.java:loadSnapshot(233)) - group-1361FDE10F2B: The snapshot info is null. Setting the last applied indexto:(t:0, i:~)
2019-10-09 23:56:01,964 [pool-37-thread-1] INFO  server.RaftServerConfigKeys (ConfUtils.java:logGet(43)) - raft.server.notification.no-leader.timeout = 120s (custom)
2019-10-09 23:56:01,965 [pool-37-thread-1] INFO  server.RaftServerConfigKeys (ConfUtils.java:logGet(43)) - raft.server.log.use.memory = false (default)
2019-10-09 23:56:01,965 [pool-37-thread-1] INFO  server.RaftServerConfigKeys (ConfUtils.java:logGet(43)) - raft.server.log.purge.gap = 1000000 (custom)
2019-10-09 23:56:01,965 [pool-37-thread-1] INFO  server.RaftServerConfigKeys (ConfUtils.java:logGet(43)) - raft.server.log.appender.buffer.byte-limit = 33554432 (custom)
2019-10-09 23:56:01,965 [pool-37-thread-1] INFO  server.RaftServerConfigKeys (ConfUtils.java:logGet(43)) - raft.server.log.segment.size.max = 1048576 (custom)
2019-10-09 23:56:01,969 [pool-37-thread-1] INFO  server.RaftServerConfigKeys (ConfUtils.java:logGet(43)) - raft.server.log.segment.cache.num.max = 2 (custom)
2019-10-09 23:56:01,969 [pool-37-thread-1] INFO  segmented.SegmentedRaftLogWorker (SegmentedRaftLogWorker.java:<init>(173)) - new afe294e3-dea9-4d51-9cb1-1433faecd2aa@group-1361FDE10F2B-SegmentedRaftLogWorker for RaftStorage:Storage Directory /workdir/hadoop-ozone/tools/target/test-dir/MiniOzoneClusterImpl-3ef8ba27-9d0b-42ff-8dd4-d2a6bb16b342/datanode-1/data/ratis/42605412-22cc-4a25-a4b9-1361fde10f2b
2019-10-09 23:56:01,970 [pool-37-thread-1] INFO  server.RaftServerConfigKeys (ConfUtils.java:logGet(43)) - raft.server.log.queue.byte-limit = 2147483647 (custom)
2019-10-09 23:56:01,970 [pool-37-thread-1] INFO  server.RaftServerConfigKeys (ConfUtils.java:logGet(43)) - raft.server.log.queue.element-limit = 1024 (custom)
2019-10-09 23:56:01,971 [pool-37-thread-1] INFO  server.RaftServerConfigKeys (ConfUtils.java:logGet(43)) - raft.server.log.segment.size.max = 1048576 (custom)
2019-10-09 23:56:01,971 [pool-37-thread-1] INFO  server.RaftServerConfigKeys (ConfUtils.java:logGet(43)) - raft.server.log.preallocated.size = 16384 (custom)
2019-10-09 23:56:01,971 [pool-37-thread-1] INFO  server.RaftServerConfigKeys (ConfUtils.java:logGet(43)) - raft.server.log.write.buffer.size = 33554432 (custom)
2019-10-09 23:56:01,971 [pool-37-thread-1] INFO  server.RaftServerConfigKeys (ConfUtils.java:logGet(43)) - raft.server.log.force.sync.num = 128 (default)
2019-10-09 23:56:01,971 [pool-37-thread-1] INFO  server.RaftServerConfigKeys (ConfUtils.java:logGet(43)) - raft.server.log.statemachine.data.sync = true (default)
2019-10-09 23:56:01,971 [pool-37-thread-1] INFO  server.RaftServerConfigKeys (ConfUtils.java:logGet(43)) - raft.server.log.statemachine.data.sync.timeout = 10s (default)
2019-10-09 23:56:01,971 [pool-37-thread-1] INFO  server.RaftServerConfigKeys (ConfUtils.java:logGet(43)) - raft.server.log.statemachine.data.sync.timeout.retry = -1 (default)
2019-10-09 23:56:01,972 [pool-37-thread-1] INFO  server.RaftServerConfigKeys (ConfUtils.java:logGet(43)) - raft.server.log.statemachine.data.caching.enabled = true (custom)
2019-10-09 23:56:01,973 [pool-37-thread-1] INFO  segmented.SegmentedRaftLogWorker (SegmentedRaftLogWorker.java:lambda$new$0(128)) - afe294e3-dea9-4d51-9cb1-1433faecd2aa@group-1361FDE10F2B-SegmentedRaftLogWorker: flushIndex: setUnconditionally 0 -> -1
2019-10-09 23:56:01,973 [pool-37-thread-1] INFO  server.RaftServerConfigKeys (ConfUtils.java:logGet(43)) - raft.server.snapshot.auto.trigger.enabled = true (custom)
2019-10-09 23:56:01,973 [pool-37-thread-1] INFO  server.RaftServerConfigKeys (ConfUtils.java:logGet(43)) - raft.server.snapshot.auto.trigger.threshold = 10000 (custom)
2019-10-09 23:56:01,973 [pool-37-thread-1] INFO  server.RaftServerConfigKeys (ConfUtils.java:logGet(43)) - raft.server.snapshot.retention.file.num = 5 (custom)
2019-10-09 23:56:01,973 [pool-37-thread-1] INFO  server.RaftServerConfigKeys (ConfUtils.java:logGet(43)) - raft.server.retrycache.expirytime = 600000ms (custom)
2019-10-09 23:56:01,977 [pool-37-thread-1] INFO  impl.RaftServerImpl (RaftServerImpl.java:start(181)) - afe294e3-dea9-4d51-9cb1-1433faecd2aa@group-1361FDE10F2B: start as a follower, conf=-1: [afe294e3-dea9-4d51-9cb1-1433faecd2aa:192.168.164.207:38334], old=null
2019-10-09 23:56:01,977 [pool-37-thread-1] INFO  impl.RaftServerImpl (RaftServerImpl.java:setRole(170)) - afe294e3-dea9-4d51-9cb1-1433faecd2aa@group-1361FDE10F2B: changes role from      null to FOLLOWER at term 0 for startAsFollower
2019-10-09 23:56:01,977 [pool-37-thread-1] INFO  impl.RoleInfo (RoleInfo.java:updateAndGet(143)) - afe294e3-dea9-4d51-9cb1-1433faecd2aa: start FollowerState
2019-10-09 23:56:01,979 [pool-37-thread-1] INFO  util.JmxRegister (JmxRegister.java:tryRegister(44)) - Successfully registered JMX Bean with object name Ratis:service=RaftServer,group=group-1361FDE10F2B,id=afe294e3-dea9-4d51-9cb1-1433faecd2aa
2019-10-09 23:56:01,995 [RatisPipelineUtilsThread] INFO  pipeline.PipelineStateManager (PipelineStateManager.java:addPipeline(57)) - Created pipeline Pipeline[ Id: 42605412-22cc-4a25-a4b9-1361fde10f2b, Nodes: afe294e3-dea9-4d51-9cb1-1433faecd2aa{ip: 192.168.164.207, host: pr-hdds-1868-7c4vz-2804340038, networkLocation: /default-rack, certSerialId: null}, Type:RATIS, Factor:ONE, State:ALLOCATED]
2019-10-09 23:56:02,015 [grpc-default-executor-0] INFO  impl.RaftServerProxy (RaftServerProxy.java:addNew(89)) - 004ba699-4cef-44c2-b8d9-499866424522: addNew group-3AFED17240F1:[004ba699-4cef-44c2-b8d9-499866424522:192.168.164.207:46050] returns group-3AFED17240F1:java.util.concurrent.CompletableFuture@54300d20[Not completed]
2019-10-09 23:56:02,032 [pool-47-thread-1] INFO  impl.RaftServerImpl (RaftServerImpl.java:<init>(95)) - 004ba699-4cef-44c2-b8d9-499866424522: new RaftServerImpl for group-3AFED17240F1:[004ba699-4cef-44c2-b8d9-499866424522:192.168.164.207:46050] with ContainerStateMachine:uninitialized
2019-10-09 23:56:02,033 [pool-47-thread-1] INFO  server.RaftServerConfigKeys (ConfUtils.java:logGet(43)) - raft.server.rpc.timeout.min = 5s (custom)
2019-10-09 23:56:02,034 [pool-47-thread-1] INFO  server.RaftServerConfigKeys (ConfUtils.java:logGet(43)) - raft.server.rpc.timeout.max = 5200ms (custom)
2019-10-09 23:56:02,034 [pool-47-thread-1] INFO  server.RaftServerConfigKeys (ConfUtils.java:logGet(43)) - raft.server.rpcslowness.timeout = 120s (custom)
2019-10-09 23:56:02,034 [pool-47-thread-1] INFO  server.RaftServerConfigKeys (ConfUtils.java:logGet(43)) - raft.server.sleep.deviation.threshold = 300 (default)
2019-10-09 23:56:02,034 [pool-47-thread-1] INFO  server.RaftServerConfigKeys (ConfUtils.java:logGet(43)) - raft.server.log.appender.install.snapshot.enabled = false (custom)
2019-10-09 23:56:02,034 [pool-47-thread-1] INFO  impl.RaftServerImpl (ServerState.java:<init>(103)) - 004ba699-4cef-44c2-b8d9-499866424522@group-3AFED17240F1: ConfigurationManager, init=-1: [004ba699-4cef-44c2-b8d9-499866424522:192.168.164.207:46050], old=null, confs=<EMPTY_MAP>
2019-10-09 23:56:02,034 [pool-47-thread-1] INFO  server.RaftServerConfigKeys (ConfUtils.java:logGet(43)) - raft.server.storage.dir = [/workdir/hadoop-ozone/tools/target/test-dir/MiniOzoneClusterImpl-3ef8ba27-9d0b-42ff-8dd4-d2a6bb16b342/datanode-2/data/ratis] (custom)
2019-10-09 23:56:02,035 [pool-47-thread-1] INFO  server.RaftServerConfigKeys (ConfUtils.java:logGet(43)) - raft.server.log.corruption.policy = EXCEPTION (default)
2019-10-09 23:56:02,035 [pool-47-thread-1] INFO  storage.RaftStorageDirectory (RaftStorageDirectory.java:analyzeStorage(246)) - The storage directory /workdir/hadoop-ozone/tools/target/test-dir/MiniOzoneClusterImpl-3ef8ba27-9d0b-42ff-8dd4-d2a6bb16b342/datanode-2/data/ratis/0e8cf6fc-b05f-4d0f-aed4-3afed17240f1 does not exist. Creating ...
2019-10-09 23:56:02,048 [pool-47-thread-1] INFO  storage.RaftStorageDirectory (RaftStorageDirectory.java:tryLock(328)) - Lock on /workdir/hadoop-ozone/tools/target/test-dir/MiniOzoneClusterImpl-3ef8ba27-9d0b-42ff-8dd4-d2a6bb16b342/datanode-2/data/ratis/0e8cf6fc-b05f-4d0f-aed4-3afed17240f1/in_use.lock acquired by nodename 30828@pr-hdds-1868-7c4vz-2804340038
2019-10-09 23:56:02,061 [pool-47-thread-1] INFO  storage.RaftStorage (RaftStorage.java:format(84)) - Storage directory /workdir/hadoop-ozone/tools/target/test-dir/MiniOzoneClusterImpl-3ef8ba27-9d0b-42ff-8dd4-d2a6bb16b342/datanode-2/data/ratis/0e8cf6fc-b05f-4d0f-aed4-3afed17240f1 has been successfully formatted.
2019-10-09 23:56:02,061 [pool-47-thread-1] INFO  ratis.ContainerStateMachine (ContainerStateMachine.java:loadSnapshot(233)) - group-3AFED17240F1: The snapshot info is null. Setting the last applied indexto:(t:0, i:~)
2019-10-09 23:56:02,061 [pool-47-thread-1] INFO  server.RaftServerConfigKeys (ConfUtils.java:logGet(43)) - raft.server.notification.no-leader.timeout = 120s (custom)
2019-10-09 23:56:02,061 [pool-47-thread-1] INFO  server.RaftServerConfigKeys (ConfUtils.java:logGet(43)) - raft.server.log.use.memory = false (default)
2019-10-09 23:56:02,062 [pool-47-thread-1] INFO  server.RaftServerConfigKeys (ConfUtils.java:logGet(43)) - raft.server.log.purge.gap = 1000000 (custom)
2019-10-09 23:56:02,062 [pool-47-thread-1] INFO  server.RaftServerConfigKeys (ConfUtils.java:logGet(43)) - raft.server.log.appender.buffer.byte-limit = 33554432 (custom)
2019-10-09 23:56:02,062 [pool-47-thread-1] INFO  server.RaftServerConfigKeys (ConfUtils.java:logGet(43)) - raft.server.log.segment.size.max = 1048576 (custom)
2019-10-09 23:56:02,087 [pool-47-thread-1] INFO  server.RaftServerConfigKeys (ConfUtils.java:logGet(43)) - raft.server.log.segment.cache.num.max = 2 (custom)
2019-10-09 23:56:02,087 [pool-47-thread-1] INFO  segmented.SegmentedRaftLogWorker (SegmentedRaftLogWorker.java:<init>(173)) - new 004ba699-4cef-44c2-b8d9-499866424522@group-3AFED17240F1-SegmentedRaftLogWorker for RaftStorage:Storage Directory /workdir/hadoop-ozone/tools/target/test-dir/MiniOzoneClusterImpl-3ef8ba27-9d0b-42ff-8dd4-d2a6bb16b342/datanode-2/data/ratis/0e8cf6fc-b05f-4d0f-aed4-3afed17240f1
2019-10-09 23:56:02,087 [pool-47-thread-1] INFO  server.RaftServerConfigKeys (ConfUtils.java:logGet(43)) - raft.server.log.queue.byte-limit = 2147483647 (custom)
2019-10-09 23:56:02,087 [pool-47-thread-1] INFO  server.RaftServerConfigKeys (ConfUtils.java:logGet(43)) - raft.server.log.queue.element-limit = 1024 (custom)
2019-10-09 23:56:02,087 [pool-47-thread-1] INFO  server.RaftServerConfigKeys (ConfUtils.java:logGet(43)) - raft.server.log.segment.size.max = 1048576 (custom)
2019-10-09 23:56:02,088 [pool-47-thread-1] INFO  server.RaftServerConfigKeys (ConfUtils.java:logGet(43)) - raft.server.log.preallocated.size = 16384 (custom)
2019-10-09 23:56:02,088 [pool-47-thread-1] INFO  server.RaftServerConfigKeys (ConfUtils.java:logGet(43)) - raft.server.log.write.buffer.size = 33554432 (custom)
2019-10-09 23:56:02,088 [pool-47-thread-1] INFO  server.RaftServerConfigKeys (ConfUtils.java:logGet(43)) - raft.server.log.force.sync.num = 128 (default)
2019-10-09 23:56:02,088 [pool-47-thread-1] INFO  server.RaftServerConfigKeys (ConfUtils.java:logGet(43)) - raft.server.log.statemachine.data.sync = true (default)
2019-10-09 23:56:02,088 [pool-47-thread-1] INFO  server.RaftServerConfigKeys (ConfUtils.java:logGet(43)) - raft.server.log.statemachine.data.sync.timeout = 10s (default)
2019-10-09 23:56:02,088 [pool-47-thread-1] INFO  server.RaftServerConfigKeys (ConfUtils.java:logGet(43)) - raft.server.log.statemachine.data.sync.timeout.retry = -1 (default)
2019-10-09 23:56:02,089 [pool-47-thread-1] INFO  server.RaftServerConfigKeys (ConfUtils.java:logGet(43)) - raft.server.log.statemachine.data.caching.enabled = true (custom)
2019-10-09 23:56:02,090 [pool-47-thread-1] INFO  segmented.SegmentedRaftLogWorker (SegmentedRaftLogWorker.java:lambda$new$0(128)) - 004ba699-4cef-44c2-b8d9-499866424522@group-3AFED17240F1-SegmentedRaftLogWorker: flushIndex: setUnconditionally 0 -> -1
2019-10-09 23:56:02,090 [pool-47-thread-1] INFO  server.RaftServerConfigKeys (ConfUtils.java:logGet(43)) - raft.server.snapshot.auto.trigger.enabled = true (custom)
2019-10-09 23:56:02,090 [pool-47-thread-1] INFO  server.RaftServerConfigKeys (ConfUtils.java:logGet(43)) - raft.server.snapshot.auto.trigger.threshold = 10000 (custom)
2019-10-09 23:56:02,090 [pool-47-thread-1] INFO  server.RaftServerConfigKeys (ConfUtils.java:logGet(43)) - raft.server.snapshot.retention.file.num = 5 (custom)
2019-10-09 23:56:02,091 [pool-47-thread-1] INFO  server.RaftServerConfigKeys (ConfUtils.java:logGet(43)) - raft.server.retrycache.expirytime = 600000ms (custom)
2019-10-09 23:56:02,097 [pool-47-thread-1] INFO  impl.RaftServerImpl (RaftServerImpl.java:start(181)) - 004ba699-4cef-44c2-b8d9-499866424522@group-3AFED17240F1: start as a follower, conf=-1: [004ba699-4cef-44c2-b8d9-499866424522:192.168.164.207:46050], old=null
2019-10-09 23:56:02,097 [pool-47-thread-1] INFO  impl.RaftServerImpl (RaftServerImpl.java:setRole(170)) - 004ba699-4cef-44c2-b8d9-499866424522@group-3AFED17240F1: changes role from      null to FOLLOWER at term 0 for startAsFollower
2019-10-09 23:56:02,098 [pool-47-thread-1] INFO  impl.RoleInfo (RoleInfo.java:updateAndGet(143)) - 004ba699-4cef-44c2-b8d9-499866424522: start FollowerState
2019-10-09 23:56:02,098 [pool-47-thread-1] INFO  util.JmxRegister (JmxRegister.java:tryRegister(44)) - Successfully registered JMX Bean with object name Ratis:service=RaftServer,group=group-3AFED17240F1,id=004ba699-4cef-44c2-b8d9-499866424522
2019-10-09 23:56:02,116 [RatisPipelineUtilsThread] INFO  pipeline.PipelineStateManager (PipelineStateManager.java:addPipeline(57)) - Created pipeline Pipeline[ Id: 0e8cf6fc-b05f-4d0f-aed4-3afed17240f1, Nodes: 004ba699-4cef-44c2-b8d9-499866424522{ip: 192.168.164.207, host: pr-hdds-1868-7c4vz-2804340038, networkLocation: /default-rack, certSerialId: null}, Type:RATIS, Factor:ONE, State:ALLOCATED]
2019-10-09 23:56:02,154 [grpc-default-executor-1] INFO  impl.RaftServerProxy (RaftServerProxy.java:addNew(89)) - afe294e3-dea9-4d51-9cb1-1433faecd2aa: addNew group-3F280BF06DFD:[afe294e3-dea9-4d51-9cb1-1433faecd2aa:192.168.164.207:38334, 7349a8e7-a912-424d-91d5-5fbf095df9f6:192.168.164.207:39780, 004ba699-4cef-44c2-b8d9-499866424522:192.168.164.207:46050] returns group-3F280BF06DFD:java.util.concurrent.CompletableFuture@14f61dac[Not completed]
2019-10-09 23:56:02,156 [grpc-default-executor-2] INFO  impl.RaftServerProxy (RaftServerProxy.java:addNew(89)) - 004ba699-4cef-44c2-b8d9-499866424522: addNew group-3F280BF06DFD:[afe294e3-dea9-4d51-9cb1-1433faecd2aa:192.168.164.207:38334, 7349a8e7-a912-424d-91d5-5fbf095df9f6:192.168.164.207:39780, 004ba699-4cef-44c2-b8d9-499866424522:192.168.164.207:46050] returns group-3F280BF06DFD:java.util.concurrent.CompletableFuture@26c0a878[Not completed]
2019-10-09 23:56:02,157 [grpc-default-executor-1] INFO  impl.RaftServerProxy (RaftServerProxy.java:addNew(89)) - 7349a8e7-a912-424d-91d5-5fbf095df9f6: addNew group-3F280BF06DFD:[afe294e3-dea9-4d51-9cb1-1433faecd2aa:192.168.164.207:38334, 7349a8e7-a912-424d-91d5-5fbf095df9f6:192.168.164.207:39780, 004ba699-4cef-44c2-b8d9-499866424522:192.168.164.207:46050] returns group-3F280BF06DFD:java.util.concurrent.CompletableFuture@3ca1b522[Not completed]
2019-10-09 23:56:02,157 [pool-37-thread-1] INFO  impl.RaftServerImpl (RaftServerImpl.java:<init>(95)) - afe294e3-dea9-4d51-9cb1-1433faecd2aa: new RaftServerImpl for group-3F280BF06DFD:[afe294e3-dea9-4d51-9cb1-1433faecd2aa:192.168.164.207:38334, 7349a8e7-a912-424d-91d5-5fbf095df9f6:192.168.164.207:39780, 004ba699-4cef-44c2-b8d9-499866424522:192.168.164.207:46050] with ContainerStateMachine:uninitialized
2019-10-09 23:56:02,157 [pool-37-thread-1] INFO  server.RaftServerConfigKeys (ConfUtils.java:logGet(43)) - raft.server.rpc.timeout.min = 5s (custom)
2019-10-09 23:56:02,157 [pool-37-thread-1] INFO  server.RaftServerConfigKeys (ConfUtils.java:logGet(43)) - raft.server.rpc.timeout.max = 5200ms (custom)
2019-10-09 23:56:02,157 [pool-37-thread-1] INFO  server.RaftServerConfigKeys (ConfUtils.java:logGet(43)) - raft.server.rpcslowness.timeout = 120s (custom)
2019-10-09 23:56:02,158 [pool-37-thread-1] INFO  server.RaftServerConfigKeys (ConfUtils.java:logGet(43)) - raft.server.sleep.deviation.threshold = 300 (default)
2019-10-09 23:56:02,158 [pool-37-thread-1] INFO  server.RaftServerConfigKeys (ConfUtils.java:logGet(43)) - raft.server.log.appender.install.snapshot.enabled = false (custom)
2019-10-09 23:56:02,158 [pool-37-thread-1] INFO  impl.RaftServerImpl (ServerState.java:<init>(103)) - afe294e3-dea9-4d51-9cb1-1433faecd2aa@group-3F280BF06DFD: ConfigurationManager, init=-1: [afe294e3-dea9-4d51-9cb1-1433faecd2aa:192.168.164.207:38334, 7349a8e7-a912-424d-91d5-5fbf095df9f6:192.168.164.207:39780, 004ba699-4cef-44c2-b8d9-499866424522:192.168.164.207:46050], old=null, confs=<EMPTY_MAP>
2019-10-09 23:56:02,158 [pool-37-thread-1] INFO  server.RaftServerConfigKeys (ConfUtils.java:logGet(43)) - raft.server.storage.dir = [/workdir/hadoop-ozone/tools/target/test-dir/MiniOzoneClusterImpl-3ef8ba27-9d0b-42ff-8dd4-d2a6bb16b342/datanode-1/data/ratis] (custom)
2019-10-09 23:56:02,158 [pool-47-thread-1] INFO  impl.RaftServerImpl (RaftServerImpl.java:<init>(95)) - 004ba699-4cef-44c2-b8d9-499866424522: new RaftServerImpl for group-3F280BF06DFD:[afe294e3-dea9-4d51-9cb1-1433faecd2aa:192.168.164.207:38334, 7349a8e7-a912-424d-91d5-5fbf095df9f6:192.168.164.207:39780, 004ba699-4cef-44c2-b8d9-499866424522:192.168.164.207:46050] with ContainerStateMachine:uninitialized
2019-10-09 23:56:02,158 [pool-37-thread-1] INFO  server.RaftServerConfigKeys (ConfUtils.java:logGet(43)) - raft.server.log.corruption.policy = EXCEPTION (default)
2019-10-09 23:56:02,158 [pool-47-thread-1] INFO  server.RaftServerConfigKeys (ConfUtils.java:logGet(43)) - raft.server.rpc.timeout.min = 5s (custom)
2019-10-09 23:56:02,159 [pool-37-thread-1] INFO  storage.RaftStorageDirectory (RaftStorageDirectory.java:analyzeStorage(246)) - The storage directory /workdir/hadoop-ozone/tools/target/test-dir/MiniOzoneClusterImpl-3ef8ba27-9d0b-42ff-8dd4-d2a6bb16b342/datanode-1/data/ratis/7ce71ebb-e33e-4b97-ba63-3f280bf06dfd does not exist. Creating ...
2019-10-09 23:56:02,159 [pool-47-thread-1] INFO  server.RaftServerConfigKeys (ConfUtils.java:logGet(43)) - raft.server.rpc.timeout.max = 5200ms (custom)
2019-10-09 23:56:02,159 [pool-47-thread-1] INFO  server.RaftServerConfigKeys (ConfUtils.java:logGet(43)) - raft.server.rpcslowness.timeout = 120s (custom)
2019-10-09 23:56:02,159 [pool-47-thread-1] INFO  server.RaftServerConfigKeys (ConfUtils.java:logGet(43)) - raft.server.sleep.deviation.threshold = 300 (default)
2019-10-09 23:56:02,159 [pool-47-thread-1] INFO  server.RaftServerConfigKeys (ConfUtils.java:logGet(43)) - raft.server.log.appender.install.snapshot.enabled = false (custom)
2019-10-09 23:56:02,159 [pool-27-thread-1] INFO  impl.RaftServerImpl (RaftServerImpl.java:<init>(95)) - 7349a8e7-a912-424d-91d5-5fbf095df9f6: new RaftServerImpl for group-3F280BF06DFD:[afe294e3-dea9-4d51-9cb1-1433faecd2aa:192.168.164.207:38334, 7349a8e7-a912-424d-91d5-5fbf095df9f6:192.168.164.207:39780, 004ba699-4cef-44c2-b8d9-499866424522:192.168.164.207:46050] with ContainerStateMachine:uninitialized
2019-10-09 23:56:02,159 [pool-47-thread-1] INFO  impl.RaftServerImpl (ServerState.java:<init>(103)) - 004ba699-4cef-44c2-b8d9-499866424522@group-3F280BF06DFD: ConfigurationManager, init=-1: [afe294e3-dea9-4d51-9cb1-1433faecd2aa:192.168.164.207:38334, 7349a8e7-a912-424d-91d5-5fbf095df9f6:192.168.164.207:39780, 004ba699-4cef-44c2-b8d9-499866424522:192.168.164.207:46050], old=null, confs=<EMPTY_MAP>
2019-10-09 23:56:02,160 [pool-27-thread-1] INFO  server.RaftServerConfigKeys (ConfUtils.java:logGet(43)) - raft.server.rpc.timeout.min = 5s (custom)
2019-10-09 23:56:02,160 [pool-47-thread-1] INFO  server.RaftServerConfigKeys (ConfUtils.java:logGet(43)) - raft.server.storage.dir = [/workdir/hadoop-ozone/tools/target/test-dir/MiniOzoneClusterImpl-3ef8ba27-9d0b-42ff-8dd4-d2a6bb16b342/datanode-2/data/ratis] (custom)
2019-10-09 23:56:02,160 [pool-27-thread-1] INFO  server.RaftServerConfigKeys (ConfUtils.java:logGet(43)) - raft.server.rpc.timeout.max = 5200ms (custom)
2019-10-09 23:56:02,160 [pool-27-thread-1] INFO  server.RaftServerConfigKeys (ConfUtils.java:logGet(43)) - raft.server.rpcslowness.timeout = 120s (custom)
2019-10-09 23:56:02,160 [pool-47-thread-1] INFO  server.RaftServerConfigKeys (ConfUtils.java:logGet(43)) - raft.server.log.corruption.policy = EXCEPTION (default)
2019-10-09 23:56:02,160 [pool-27-thread-1] INFO  server.RaftServerConfigKeys (ConfUtils.java:logGet(43)) - raft.server.sleep.deviation.threshold = 300 (default)
2019-10-09 23:56:02,161 [pool-47-thread-1] INFO  storage.RaftStorageDirectory (RaftStorageDirectory.java:analyzeStorage(246)) - The storage directory /workdir/hadoop-ozone/tools/target/test-dir/MiniOzoneClusterImpl-3ef8ba27-9d0b-42ff-8dd4-d2a6bb16b342/datanode-2/data/ratis/7ce71ebb-e33e-4b97-ba63-3f280bf06dfd does not exist. Creating ...
2019-10-09 23:56:02,161 [pool-27-thread-1] INFO  server.RaftServerConfigKeys (ConfUtils.java:logGet(43)) - raft.server.log.appender.install.snapshot.enabled = false (custom)
2019-10-09 23:56:02,161 [pool-27-thread-1] INFO  impl.RaftServerImpl (ServerState.java:<init>(103)) - 7349a8e7-a912-424d-91d5-5fbf095df9f6@group-3F280BF06DFD: ConfigurationManager, init=-1: [afe294e3-dea9-4d51-9cb1-1433faecd2aa:192.168.164.207:38334, 7349a8e7-a912-424d-91d5-5fbf095df9f6:192.168.164.207:39780, 004ba699-4cef-44c2-b8d9-499866424522:192.168.164.207:46050], old=null, confs=<EMPTY_MAP>
2019-10-09 23:56:02,161 [pool-27-thread-1] INFO  server.RaftServerConfigKeys (ConfUtils.java:logGet(43)) - raft.server.storage.dir = [/workdir/hadoop-ozone/tools/target/test-dir/MiniOzoneClusterImpl-3ef8ba27-9d0b-42ff-8dd4-d2a6bb16b342/datanode-0/data/ratis] (custom)
2019-10-09 23:56:02,162 [pool-27-thread-1] INFO  server.RaftServerConfigKeys (ConfUtils.java:logGet(43)) - raft.server.log.corruption.policy = EXCEPTION (default)
2019-10-09 23:56:02,162 [pool-27-thread-1] INFO  storage.RaftStorageDirectory (RaftStorageDirectory.java:analyzeStorage(246)) - The storage directory /workdir/hadoop-ozone/tools/target/test-dir/MiniOzoneClusterImpl-3ef8ba27-9d0b-42ff-8dd4-d2a6bb16b342/datanode-0/data/ratis/7ce71ebb-e33e-4b97-ba63-3f280bf06dfd does not exist. Creating ...
2019-10-09 23:56:02,184 [pool-27-thread-1] INFO  storage.RaftStorageDirectory (RaftStorageDirectory.java:tryLock(328)) - Lock on /workdir/hadoop-ozone/tools/target/test-dir/MiniOzoneClusterImpl-3ef8ba27-9d0b-42ff-8dd4-d2a6bb16b342/datanode-0/data/ratis/7ce71ebb-e33e-4b97-ba63-3f280bf06dfd/in_use.lock acquired by nodename 30828@pr-hdds-1868-7c4vz-2804340038
2019-10-09 23:56:02,184 [pool-47-thread-1] INFO  storage.RaftStorageDirectory (RaftStorageDirectory.java:tryLock(328)) - Lock on /workdir/hadoop-ozone/tools/target/test-dir/MiniOzoneClusterImpl-3ef8ba27-9d0b-42ff-8dd4-d2a6bb16b342/datanode-2/data/ratis/7ce71ebb-e33e-4b97-ba63-3f280bf06dfd/in_use.lock acquired by nodename 30828@pr-hdds-1868-7c4vz-2804340038
2019-10-09 23:56:02,184 [pool-37-thread-1] INFO  storage.RaftStorageDirectory (RaftStorageDirectory.java:tryLock(328)) - Lock on /workdir/hadoop-ozone/tools/target/test-dir/MiniOzoneClusterImpl-3ef8ba27-9d0b-42ff-8dd4-d2a6bb16b342/datanode-1/data/ratis/7ce71ebb-e33e-4b97-ba63-3f280bf06dfd/in_use.lock acquired by nodename 30828@pr-hdds-1868-7c4vz-2804340038
2019-10-09 23:56:02,210 [pool-37-thread-1] INFO  storage.RaftStorage (RaftStorage.java:format(84)) - Storage directory /workdir/hadoop-ozone/tools/target/test-dir/MiniOzoneClusterImpl-3ef8ba27-9d0b-42ff-8dd4-d2a6bb16b342/datanode-1/data/ratis/7ce71ebb-e33e-4b97-ba63-3f280bf06dfd has been successfully formatted.
2019-10-09 23:56:02,210 [pool-27-thread-1] INFO  storage.RaftStorage (RaftStorage.java:format(84)) - Storage directory /workdir/hadoop-ozone/tools/target/test-dir/MiniOzoneClusterImpl-3ef8ba27-9d0b-42ff-8dd4-d2a6bb16b342/datanode-0/data/ratis/7ce71ebb-e33e-4b97-ba63-3f280bf06dfd has been successfully formatted.
2019-10-09 23:56:02,210 [pool-47-thread-1] INFO  storage.RaftStorage (RaftStorage.java:format(84)) - Storage directory /workdir/hadoop-ozone/tools/target/test-dir/MiniOzoneClusterImpl-3ef8ba27-9d0b-42ff-8dd4-d2a6bb16b342/datanode-2/data/ratis/7ce71ebb-e33e-4b97-ba63-3f280bf06dfd has been successfully formatted.
2019-10-09 23:56:02,211 [pool-37-thread-1] INFO  ratis.ContainerStateMachine (ContainerStateMachine.java:loadSnapshot(233)) - group-3F280BF06DFD: The snapshot info is null. Setting the last applied indexto:(t:0, i:~)
2019-10-09 23:56:02,211 [pool-27-thread-1] INFO  ratis.ContainerStateMachine (ContainerStateMachine.java:loadSnapshot(233)) - group-3F280BF06DFD: The snapshot info is null. Setting the last applied indexto:(t:0, i:~)
2019-10-09 23:56:02,211 [pool-47-thread-1] INFO  ratis.ContainerStateMachine (ContainerStateMachine.java:loadSnapshot(233)) - group-3F280BF06DFD: The snapshot info is null. Setting the last applied indexto:(t:0, i:~)
2019-10-09 23:56:02,211 [pool-37-thread-1] INFO  server.RaftServerConfigKeys (ConfUtils.java:logGet(43)) - raft.server.notification.no-leader.timeout = 120s (custom)
2019-10-09 23:56:02,212 [pool-37-thread-1] INFO  server.RaftServerConfigKeys (ConfUtils.java:logGet(43)) - raft.server.log.use.memory = false (default)
2019-10-09 23:56:02,211 [pool-47-thread-1] INFO  server.RaftServerConfigKeys (ConfUtils.java:logGet(43)) - raft.server.notification.no-leader.timeout = 120s (custom)
2019-10-09 23:56:02,211 [pool-27-thread-1] INFO  server.RaftServerConfigKeys (ConfUtils.java:logGet(43)) - raft.server.notification.no-leader.timeout = 120s (custom)
2019-10-09 23:56:02,212 [pool-47-thread-1] INFO  server.RaftServerConfigKeys (ConfUtils.java:logGet(43)) - raft.server.log.use.memory = false (default)
2019-10-09 23:56:02,212 [pool-37-thread-1] INFO  server.RaftServerConfigKeys (ConfUtils.java:logGet(43)) - raft.server.log.purge.gap = 1000000 (custom)
2019-10-09 23:56:02,212 [pool-47-thread-1] INFO  server.RaftServerConfigKeys (ConfUtils.java:logGet(43)) - raft.server.log.purge.gap = 1000000 (custom)
2019-10-09 23:56:02,212 [pool-27-thread-1] INFO  server.RaftServerConfigKeys (ConfUtils.java:logGet(43)) - raft.server.log.use.memory = false (default)
2019-10-09 23:56:02,213 [pool-47-thread-1] INFO  server.RaftServerConfigKeys (ConfUtils.java:logGet(43)) - raft.server.log.appender.buffer.byte-limit = 33554432 (custom)
2019-10-09 23:56:02,212 [pool-37-thread-1] INFO  server.RaftServerConfigKeys (ConfUtils.java:logGet(43)) - raft.server.log.appender.buffer.byte-limit = 33554432 (custom)
2019-10-09 23:56:02,213 [pool-47-thread-1] INFO  server.RaftServerConfigKeys (ConfUtils.java:logGet(43)) - raft.server.log.segment.size.max = 1048576 (custom)
2019-10-09 23:56:02,213 [pool-27-thread-1] INFO  server.RaftServerConfigKeys (ConfUtils.java:logGet(43)) - raft.server.log.purge.gap = 1000000 (custom)
2019-10-09 23:56:02,213 [pool-47-thread-1] INFO  server.RaftServerConfigKeys (ConfUtils.java:logGet(43)) - raft.server.log.segment.cache.num.max = 2 (custom)
2019-10-09 23:56:02,213 [pool-37-thread-1] INFO  server.RaftServerConfigKeys (ConfUtils.java:logGet(43)) - raft.server.log.segment.size.max = 1048576 (custom)
2019-10-09 23:56:02,214 [pool-47-thread-1] INFO  segmented.SegmentedRaftLogWorker (SegmentedRaftLogWorker.java:<init>(173)) - new 004ba699-4cef-44c2-b8d9-499866424522@group-3F280BF06DFD-SegmentedRaftLogWorker for RaftStorage:Storage Directory /workdir/hadoop-ozone/tools/target/test-dir/MiniOzoneClusterImpl-3ef8ba27-9d0b-42ff-8dd4-d2a6bb16b342/datanode-2/data/ratis/7ce71ebb-e33e-4b97-ba63-3f280bf06dfd
2019-10-09 23:56:02,214 [pool-27-thread-1] INFO  server.RaftServerConfigKeys (ConfUtils.java:logGet(43)) - raft.server.log.appender.buffer.byte-limit = 33554432 (custom)
2019-10-09 23:56:02,214 [pool-47-thread-1] INFO  server.RaftServerConfigKeys (ConfUtils.java:logGet(43)) - raft.server.log.queue.byte-limit = 2147483647 (custom)
2019-10-09 23:56:02,214 [pool-37-thread-1] INFO  server.RaftServerConfigKeys (ConfUtils.java:logGet(43)) - raft.server.log.segment.cache.num.max = 2 (custom)
2019-10-09 23:56:02,214 [pool-47-thread-1] INFO  server.RaftServerConfigKeys (ConfUtils.java:logGet(43)) - raft.server.log.queue.element-limit = 1024 (custom)
2019-10-09 23:56:02,214 [pool-27-thread-1] INFO  server.RaftServerConfigKeys (ConfUtils.java:logGet(43)) - raft.server.log.segment.size.max = 1048576 (custom)
2019-10-09 23:56:02,215 [pool-47-thread-1] INFO  server.RaftServerConfigKeys (ConfUtils.java:logGet(43)) - raft.server.log.segment.size.max = 1048576 (custom)
2019-10-09 23:56:02,215 [pool-37-thread-1] INFO  segmented.SegmentedRaftLogWorker (SegmentedRaftLogWorker.java:<init>(173)) - new afe294e3-dea9-4d51-9cb1-1433faecd2aa@group-3F280BF06DFD-SegmentedRaftLogWorker for RaftStorage:Storage Directory /workdir/hadoop-ozone/tools/target/test-dir/MiniOzoneClusterImpl-3ef8ba27-9d0b-42ff-8dd4-d2a6bb16b342/datanode-1/data/ratis/7ce71ebb-e33e-4b97-ba63-3f280bf06dfd
2019-10-09 23:56:02,215 [pool-47-thread-1] INFO  server.RaftServerConfigKeys (ConfUtils.java:logGet(43)) - raft.server.log.preallocated.size = 16384 (custom)
2019-10-09 23:56:02,215 [pool-27-thread-1] INFO  server.RaftServerConfigKeys (ConfUtils.java:logGet(43)) - raft.server.log.segment.cache.num.max = 2 (custom)
2019-10-09 23:56:02,215 [pool-47-thread-1] INFO  server.RaftServerConfigKeys (ConfUtils.java:logGet(43)) - raft.server.log.write.buffer.size = 33554432 (custom)
2019-10-09 23:56:02,215 [pool-37-thread-1] INFO  server.RaftServerConfigKeys (ConfUtils.java:logGet(43)) - raft.server.log.queue.byte-limit = 2147483647 (custom)
2019-10-09 23:56:02,216 [pool-47-thread-1] INFO  server.RaftServerConfigKeys (ConfUtils.java:logGet(43)) - raft.server.log.force.sync.num = 128 (default)
2019-10-09 23:56:02,216 [pool-37-thread-1] INFO  server.RaftServerConfigKeys (ConfUtils.java:logGet(43)) - raft.server.log.queue.element-limit = 1024 (custom)
2019-10-09 23:56:02,216 [pool-27-thread-1] INFO  segmented.SegmentedRaftLogWorker (SegmentedRaftLogWorker.java:<init>(173)) - new 7349a8e7-a912-424d-91d5-5fbf095df9f6@group-3F280BF06DFD-SegmentedRaftLogWorker for RaftStorage:Storage Directory /workdir/hadoop-ozone/tools/target/test-dir/MiniOzoneClusterImpl-3ef8ba27-9d0b-42ff-8dd4-d2a6bb16b342/datanode-0/data/ratis/7ce71ebb-e33e-4b97-ba63-3f280bf06dfd
2019-10-09 23:56:02,216 [pool-37-thread-1] INFO  server.RaftServerConfigKeys (ConfUtils.java:logGet(43)) - raft.server.log.segment.size.max = 1048576 (custom)
2019-10-09 23:56:02,216 [pool-47-thread-1] INFO  server.RaftServerConfigKeys (ConfUtils.java:logGet(43)) - raft.server.log.statemachine.data.sync = true (default)
2019-10-09 23:56:02,217 [pool-37-thread-1] INFO  server.RaftServerConfigKeys (ConfUtils.java:logGet(43)) - raft.server.log.preallocated.size = 16384 (custom)
2019-10-09 23:56:02,216 [pool-27-thread-1] INFO  server.RaftServerConfigKeys (ConfUtils.java:logGet(43)) - raft.server.log.queue.byte-limit = 2147483647 (custom)
2019-10-09 23:56:02,217 [pool-37-thread-1] INFO  server.RaftServerConfigKeys (ConfUtils.java:logGet(43)) - raft.server.log.write.buffer.size = 33554432 (custom)
2019-10-09 23:56:02,217 [pool-47-thread-1] INFO  server.RaftServerConfigKeys (ConfUtils.java:logGet(43)) - raft.server.log.statemachine.data.sync.timeout = 10s (default)
2019-10-09 23:56:02,217 [pool-37-thread-1] INFO  server.RaftServerConfigKeys (ConfUtils.java:logGet(43)) - raft.server.log.force.sync.num = 128 (default)
2019-10-09 23:56:02,217 [pool-27-thread-1] INFO  server.RaftServerConfigKeys (ConfUtils.java:logGet(43)) - raft.server.log.queue.element-limit = 1024 (custom)
2019-10-09 23:56:02,218 [pool-37-thread-1] INFO  server.RaftServerConfigKeys (ConfUtils.java:logGet(43)) - raft.server.log.statemachine.data.sync = true (default)
2019-10-09 23:56:02,218 [pool-47-thread-1] INFO  server.RaftServerConfigKeys (ConfUtils.java:logGet(43)) - raft.server.log.statemachine.data.sync.timeout.retry = -1 (default)
2019-10-09 23:56:02,218 [pool-37-thread-1] INFO  server.RaftServerConfigKeys (ConfUtils.java:logGet(43)) - raft.server.log.statemachine.data.sync.timeout = 10s (default)
2019-10-09 23:56:02,218 [pool-27-thread-1] INFO  server.RaftServerConfigKeys (ConfUtils.java:logGet(43)) - raft.server.log.segment.size.max = 1048576 (custom)
2019-10-09 23:56:02,218 [pool-47-thread-1] INFO  server.RaftServerConfigKeys (ConfUtils.java:logGet(43)) - raft.server.log.statemachine.data.caching.enabled = true (custom)
2019-10-09 23:56:02,218 [pool-37-thread-1] INFO  server.RaftServerConfigKeys (ConfUtils.java:logGet(43)) - raft.server.log.statemachine.data.sync.timeout.retry = -1 (default)
2019-10-09 23:56:02,219 [pool-27-thread-1] INFO  server.RaftServerConfigKeys (ConfUtils.java:logGet(43)) - raft.server.log.preallocated.size = 16384 (custom)
2019-10-09 23:56:02,219 [pool-47-thread-1] INFO  segmented.SegmentedRaftLogWorker (SegmentedRaftLogWorker.java:lambda$new$0(128)) - 004ba699-4cef-44c2-b8d9-499866424522@group-3F280BF06DFD-SegmentedRaftLogWorker: flushIndex: setUnconditionally 0 -> -1
2019-10-09 23:56:02,219 [pool-37-thread-1] INFO  server.RaftServerConfigKeys (ConfUtils.java:logGet(43)) - raft.server.log.statemachine.data.caching.enabled = true (custom)
2019-10-09 23:56:02,219 [pool-27-thread-1] INFO  server.RaftServerConfigKeys (ConfUtils.java:logGet(43)) - raft.server.log.write.buffer.size = 33554432 (custom)
2019-10-09 23:56:02,220 [pool-47-thread-1] INFO  server.RaftServerConfigKeys (ConfUtils.java:logGet(43)) - raft.server.snapshot.auto.trigger.enabled = true (custom)
2019-10-09 23:56:02,220 [pool-27-thread-1] INFO  server.RaftServerConfigKeys (ConfUtils.java:logGet(43)) - raft.server.log.force.sync.num = 128 (default)
2019-10-09 23:56:02,220 [pool-37-thread-1] INFO  segmented.SegmentedRaftLogWorker (SegmentedRaftLogWorker.java:lambda$new$0(128)) - afe294e3-dea9-4d51-9cb1-1433faecd2aa@group-3F280BF06DFD-SegmentedRaftLogWorker: flushIndex: setUnconditionally 0 -> -1
2019-10-09 23:56:02,220 [pool-27-thread-1] INFO  server.RaftServerConfigKeys (ConfUtils.java:logGet(43)) - raft.server.log.statemachine.data.sync = true (default)
2019-10-09 23:56:02,220 [pool-47-thread-1] INFO  server.RaftServerConfigKeys (ConfUtils.java:logGet(43)) - raft.server.snapshot.auto.trigger.threshold = 10000 (custom)
2019-10-09 23:56:02,220 [pool-27-thread-1] INFO  server.RaftServerConfigKeys (ConfUtils.java:logGet(43)) - raft.server.log.statemachine.data.sync.timeout = 10s (default)
2019-10-09 23:56:02,220 [pool-37-thread-1] INFO  server.RaftServerConfigKeys (ConfUtils.java:logGet(43)) - raft.server.snapshot.auto.trigger.enabled = true (custom)
2019-10-09 23:56:02,221 [pool-27-thread-1] INFO  server.RaftServerConfigKeys (ConfUtils.java:logGet(43)) - raft.server.log.statemachine.data.sync.timeout.retry = -1 (default)
2019-10-09 23:56:02,221 [pool-47-thread-1] INFO  server.RaftServerConfigKeys (ConfUtils.java:logGet(43)) - raft.server.snapshot.retention.file.num = 5 (custom)
2019-10-09 23:56:02,221 [pool-27-thread-1] INFO  server.RaftServerConfigKeys (ConfUtils.java:logGet(43)) - raft.server.log.statemachine.data.caching.enabled = true (custom)
2019-10-09 23:56:02,221 [pool-47-thread-1] INFO  server.RaftServerConfigKeys (ConfUtils.java:logGet(43)) - raft.server.retrycache.expirytime = 600000ms (custom)
2019-10-09 23:56:02,221 [pool-37-thread-1] INFO  server.RaftServerConfigKeys (ConfUtils.java:logGet(43)) - raft.server.snapshot.auto.trigger.threshold = 10000 (custom)
2019-10-09 23:56:02,222 [pool-27-thread-1] INFO  segmented.SegmentedRaftLogWorker (SegmentedRaftLogWorker.java:lambda$new$0(128)) - 7349a8e7-a912-424d-91d5-5fbf095df9f6@group-3F280BF06DFD-SegmentedRaftLogWorker: flushIndex: setUnconditionally 0 -> -1
2019-10-09 23:56:02,222 [pool-37-thread-1] INFO  server.RaftServerConfigKeys (ConfUtils.java:logGet(43)) - raft.server.snapshot.retention.file.num = 5 (custom)
2019-10-09 23:56:02,222 [pool-27-thread-1] INFO  server.RaftServerConfigKeys (ConfUtils.java:logGet(43)) - raft.server.snapshot.auto.trigger.enabled = true (custom)
2019-10-09 23:56:02,222 [pool-37-thread-1] INFO  server.RaftServerConfigKeys (ConfUtils.java:logGet(43)) - raft.server.retrycache.expirytime = 600000ms (custom)
2019-10-09 23:56:02,222 [pool-27-thread-1] INFO  server.RaftServerConfigKeys (ConfUtils.java:logGet(43)) - raft.server.snapshot.auto.trigger.threshold = 10000 (custom)
2019-10-09 23:56:02,223 [pool-27-thread-1] INFO  server.RaftServerConfigKeys (ConfUtils.java:logGet(43)) - raft.server.snapshot.retention.file.num = 5 (custom)
2019-10-09 23:56:02,223 [pool-27-thread-1] INFO  server.RaftServerConfigKeys (ConfUtils.java:logGet(43)) - raft.server.retrycache.expirytime = 600000ms (custom)
2019-10-09 23:56:02,228 [pool-37-thread-1] INFO  impl.RaftServerImpl (RaftServerImpl.java:start(181)) - afe294e3-dea9-4d51-9cb1-1433faecd2aa@group-3F280BF06DFD: start as a follower, conf=-1: [afe294e3-dea9-4d51-9cb1-1433faecd2aa:192.168.164.207:38334, 7349a8e7-a912-424d-91d5-5fbf095df9f6:192.168.164.207:39780, 004ba699-4cef-44c2-b8d9-499866424522:192.168.164.207:46050], old=null
2019-10-09 23:56:02,228 [pool-47-thread-1] INFO  impl.RaftServerImpl (RaftServerImpl.java:start(181)) - 004ba699-4cef-44c2-b8d9-499866424522@group-3F280BF06DFD: start as a follower, conf=-1: [afe294e3-dea9-4d51-9cb1-1433faecd2aa:192.168.164.207:38334, 7349a8e7-a912-424d-91d5-5fbf095df9f6:192.168.164.207:39780, 004ba699-4cef-44c2-b8d9-499866424522:192.168.164.207:46050], old=null
2019-10-09 23:56:02,228 [pool-37-thread-1] INFO  impl.RaftServerImpl (RaftServerImpl.java:setRole(170)) - afe294e3-dea9-4d51-9cb1-1433faecd2aa@group-3F280BF06DFD: changes role from      null to FOLLOWER at term 0 for startAsFollower
2019-10-09 23:56:02,228 [pool-47-thread-1] INFO  impl.RaftServerImpl (RaftServerImpl.java:setRole(170)) - 004ba699-4cef-44c2-b8d9-499866424522@group-3F280BF06DFD: changes role from      null to FOLLOWER at term 0 for startAsFollower
2019-10-09 23:56:02,228 [pool-37-thread-1] INFO  impl.RoleInfo (RoleInfo.java:updateAndGet(143)) - afe294e3-dea9-4d51-9cb1-1433faecd2aa: start FollowerState
2019-10-09 23:56:02,228 [pool-47-thread-1] INFO  impl.RoleInfo (RoleInfo.java:updateAndGet(143)) - 004ba699-4cef-44c2-b8d9-499866424522: start FollowerState
2019-10-09 23:56:02,229 [pool-37-thread-1] INFO  util.JmxRegister (JmxRegister.java:tryRegister(44)) - Successfully registered JMX Bean with object name Ratis:service=RaftServer,group=group-3F280BF06DFD,id=afe294e3-dea9-4d51-9cb1-1433faecd2aa
2019-10-09 23:56:02,229 [pool-27-thread-1] INFO  impl.RaftServerImpl (RaftServerImpl.java:start(181)) - 7349a8e7-a912-424d-91d5-5fbf095df9f6@group-3F280BF06DFD: start as a follower, conf=-1: [afe294e3-dea9-4d51-9cb1-1433faecd2aa:192.168.164.207:38334, 7349a8e7-a912-424d-91d5-5fbf095df9f6:192.168.164.207:39780, 004ba699-4cef-44c2-b8d9-499866424522:192.168.164.207:46050], old=null
2019-10-09 23:56:02,229 [pool-47-thread-1] INFO  util.JmxRegister (JmxRegister.java:tryRegister(44)) - Successfully registered JMX Bean with object name Ratis:service=RaftServer,group=group-3F280BF06DFD,id=004ba699-4cef-44c2-b8d9-499866424522
2019-10-09 23:56:02,229 [pool-27-thread-1] INFO  impl.RaftServerImpl (RaftServerImpl.java:setRole(170)) - 7349a8e7-a912-424d-91d5-5fbf095df9f6@group-3F280BF06DFD: changes role from      null to FOLLOWER at term 0 for startAsFollower
2019-10-09 23:56:02,229 [pool-27-thread-1] INFO  impl.RoleInfo (RoleInfo.java:updateAndGet(143)) - 7349a8e7-a912-424d-91d5-5fbf095df9f6: start FollowerState
2019-10-09 23:56:02,230 [pool-27-thread-1] INFO  util.JmxRegister (JmxRegister.java:tryRegister(44)) - Successfully registered JMX Bean with object name Ratis:service=RaftServer,group=group-3F280BF06DFD,id=7349a8e7-a912-424d-91d5-5fbf095df9f6
2019-10-09 23:56:02,259 [RatisPipelineUtilsThread] INFO  pipeline.PipelineStateManager (PipelineStateManager.java:addPipeline(57)) - Created pipeline Pipeline[ Id: 7ce71ebb-e33e-4b97-ba63-3f280bf06dfd, Nodes: 7349a8e7-a912-424d-91d5-5fbf095df9f6{ip: 192.168.164.207, host: pr-hdds-1868-7c4vz-2804340038, networkLocation: /default-rack, certSerialId: null}afe294e3-dea9-4d51-9cb1-1433faecd2aa{ip: 192.168.164.207, host: pr-hdds-1868-7c4vz-2804340038, networkLocation: /default-rack, certSerialId: null}004ba699-4cef-44c2-b8d9-499866424522{ip: 192.168.164.207, host: pr-hdds-1868-7c4vz-2804340038, networkLocation: /default-rack, certSerialId: null}, Type:RATIS, Factor:THREE, State:ALLOCATED]
2019-10-09 23:56:02,261 [main] INFO  ozone.MiniOzoneClusterImpl (MiniOzoneClusterImpl.java:lambda$waitForClusterToBeReady$2(164)) - Waiting for 4 number of pipelines out of 4, to report a leader.
2019-10-09 23:56:03,261 [main] INFO  ozone.MiniOzoneClusterImpl (MiniOzoneClusterImpl.java:lambda$waitForClusterToBeReady$2(164)) - Waiting for 4 number of pipelines out of 4, to report a leader.
2019-10-09 23:56:04,049 [Thread-178] INFO  container.ReplicationManager (ReplicationManager.java:start(162)) - Starting Replication Monitor Thread.
2019-10-09 23:56:04,052 [Thread-178] INFO  pipeline.SCMPipelineManager (SCMPipelineManager.java:finalizeAndDestroyPipeline(315)) - destroying pipeline:Pipeline[ Id: e296f13b-60ec-4118-8e84-d8fb606cf0c9, Nodes: 7349a8e7-a912-424d-91d5-5fbf095df9f6{ip: 192.168.164.207, host: pr-hdds-1868-7c4vz-2804340038, networkLocation: /default-rack, certSerialId: null}, Type:RATIS, Factor:ONE, State:ALLOCATED]
2019-10-09 23:56:04,052 [ReplicationMonitor] INFO  container.ReplicationManager (ReplicationManager.java:run(225)) - Replication Monitor Thread took 1 milliseconds for processing 0 containers.
2019-10-09 23:56:04,053 [Thread-178] INFO  pipeline.PipelineStateManager (PipelineStateManager.java:finalizePipeline(123)) - Pipeline Pipeline[ Id: e296f13b-60ec-4118-8e84-d8fb606cf0c9, Nodes: 7349a8e7-a912-424d-91d5-5fbf095df9f6{ip: 192.168.164.207, host: pr-hdds-1868-7c4vz-2804340038, networkLocation: /default-rack, certSerialId: null}, Type:RATIS, Factor:ONE, State:CLOSED] moved to CLOSED state
2019-10-09 23:56:04,082 [grpc-default-executor-1] INFO  impl.RaftServerProxy (RaftServerProxy.java:remove(95)) - 7349a8e7-a912-424d-91d5-5fbf095df9f6: remove  FOLLOWER 7349a8e7-a912-424d-91d5-5fbf095df9f6@group-D8FB606CF0C9:t0, leader=null, voted=null, raftlog=7349a8e7-a912-424d-91d5-5fbf095df9f6@group-D8FB606CF0C9-SegmentedRaftLog:OPENED:c-1,f-1,i0, conf=-1: [7349a8e7-a912-424d-91d5-5fbf095df9f6:192.168.164.207:39780], old=null RUNNING
2019-10-09 23:56:04,086 [grpc-default-executor-1] INFO  impl.RaftServerImpl (RaftServerImpl.java:lambda$shutdown$3(247)) - 7349a8e7-a912-424d-91d5-5fbf095df9f6@group-D8FB606CF0C9: shutdown
2019-10-09 23:56:04,086 [grpc-default-executor-1] INFO  util.JmxRegister (JmxRegister.java:unregister(73)) - Successfully un-registered JMX Bean with object name Ratis:service=RaftServer,group=group-D8FB606CF0C9,id=7349a8e7-a912-424d-91d5-5fbf095df9f6
2019-10-09 23:56:04,087 [grpc-default-executor-1] INFO  impl.RoleInfo (RoleInfo.java:shutdownFollowerState(121)) - 7349a8e7-a912-424d-91d5-5fbf095df9f6: shutdown FollowerState
2019-10-09 23:56:04,087 [grpc-default-executor-1] INFO  impl.StateMachineUpdater (StateMachineUpdater.java:stopAndJoin(136)) - 7349a8e7-a912-424d-91d5-5fbf095df9f6@group-D8FB606CF0C9-StateMachineUpdater: set stopIndex = -1
2019-10-09 23:56:04,087 [Thread-180] INFO  impl.FollowerState (FollowerState.java:run(117)) - 7349a8e7-a912-424d-91d5-5fbf095df9f6@group-D8FB606CF0C9-FollowerState was interrupted: java.lang.InterruptedException: sleep interrupted
2019-10-09 23:56:04,091 [grpc-default-executor-1] INFO  impl.RaftServerImpl (ServerState.java:close(387)) - 7349a8e7-a912-424d-91d5-5fbf095df9f6@group-D8FB606CF0C9: closes. applyIndex: -1
2019-10-09 23:56:04,098 [7349a8e7-a912-424d-91d5-5fbf095df9f6@group-D8FB606CF0C9-SegmentedRaftLogWorker] INFO  segmented.SegmentedRaftLogWorker (SegmentedRaftLogWorker.java:run(316)) - 7349a8e7-a912-424d-91d5-5fbf095df9f6@group-D8FB606CF0C9-SegmentedRaftLogWorker was interrupted, exiting. There are 0 tasks remaining in the queue.
2019-10-09 23:56:04,100 [grpc-default-executor-1] INFO  segmented.SegmentedRaftLogWorker (SegmentedRaftLogWorker.java:close(224)) - 7349a8e7-a912-424d-91d5-5fbf095df9f6@group-D8FB606CF0C9-SegmentedRaftLogWorker close()
2019-10-09 23:56:04,124 [Thread-178] INFO  pipeline.PipelineStateManager (PipelineStateManager.java:removePipeline(108)) - Pipeline Pipeline[ Id: e296f13b-60ec-4118-8e84-d8fb606cf0c9, Nodes: 7349a8e7-a912-424d-91d5-5fbf095df9f6{ip: 192.168.164.207, host: pr-hdds-1868-7c4vz-2804340038, networkLocation: /default-rack, certSerialId: null}, Type:RATIS, Factor:ONE, State:CLOSED] removed from db
2019-10-09 23:56:04,125 [Thread-178] INFO  pipeline.SCMPipelineManager (SCMPipelineManager.java:finalizeAndDestroyPipeline(315)) - destroying pipeline:Pipeline[ Id: 7ce71ebb-e33e-4b97-ba63-3f280bf06dfd, Nodes: 7349a8e7-a912-424d-91d5-5fbf095df9f6{ip: 192.168.164.207, host: pr-hdds-1868-7c4vz-2804340038, networkLocation: /default-rack, certSerialId: null}afe294e3-dea9-4d51-9cb1-1433faecd2aa{ip: 192.168.164.207, host: pr-hdds-1868-7c4vz-2804340038, networkLocation: /default-rack, certSerialId: null}004ba699-4cef-44c2-b8d9-499866424522{ip: 192.168.164.207, host: pr-hdds-1868-7c4vz-2804340038, networkLocation: /default-rack, certSerialId: null}, Type:RATIS, Factor:THREE, State:ALLOCATED]
2019-10-09 23:56:04,136 [grpc-default-executor-1] INFO  impl.RaftServerProxy (RaftServerProxy.java:addNew(89)) - 7349a8e7-a912-424d-91d5-5fbf095df9f6: addNew group-B24B446CADF6:[7349a8e7-a912-424d-91d5-5fbf095df9f6:192.168.164.207:39780] returns group-B24B446CADF6:java.util.concurrent.CompletableFuture@2a7c6d5a[Not completed]
2019-10-09 23:56:04,138 [pool-27-thread-1] INFO  impl.RaftServerImpl (RaftServerImpl.java:<init>(95)) - 7349a8e7-a912-424d-91d5-5fbf095df9f6: new RaftServerImpl for group-B24B446CADF6:[7349a8e7-a912-424d-91d5-5fbf095df9f6:192.168.164.207:39780] with ContainerStateMachine:uninitialized
2019-10-09 23:56:04,139 [pool-27-thread-1] INFO  server.RaftServerConfigKeys (ConfUtils.java:logGet(43)) - raft.server.rpc.timeout.min = 5s (custom)
2019-10-09 23:56:04,140 [pool-27-thread-1] INFO  server.RaftServerConfigKeys (ConfUtils.java:logGet(43)) - raft.server.rpc.timeout.max = 5200ms (custom)
2019-10-09 23:56:04,140 [pool-27-thread-1] INFO  server.RaftServerConfigKeys (ConfUtils.java:logGet(43)) - raft.server.rpcslowness.timeout = 120s (custom)
2019-10-09 23:56:04,140 [pool-27-thread-1] INFO  server.RaftServerConfigKeys (ConfUtils.java:logGet(43)) - raft.server.sleep.deviation.threshold = 300 (default)
2019-10-09 23:56:04,140 [pool-27-thread-1] INFO  server.RaftServerConfigKeys (ConfUtils.java:logGet(43)) - raft.server.log.appender.install.snapshot.enabled = false (custom)
2019-10-09 23:56:04,140 [pool-27-thread-1] INFO  impl.RaftServerImpl (ServerState.java:<init>(103)) - 7349a8e7-a912-424d-91d5-5fbf095df9f6@group-B24B446CADF6: ConfigurationManager, init=-1: [7349a8e7-a912-424d-91d5-5fbf095df9f6:192.168.164.207:39780], old=null, confs=<EMPTY_MAP>
2019-10-09 23:56:04,141 [pool-27-thread-1] INFO  server.RaftServerConfigKeys (ConfUtils.java:logGet(43)) - raft.server.storage.dir = [/workdir/hadoop-ozone/tools/target/test-dir/MiniOzoneClusterImpl-3ef8ba27-9d0b-42ff-8dd4-d2a6bb16b342/datanode-0/data/ratis] (custom)
2019-10-09 23:56:04,141 [pool-27-thread-1] INFO  server.RaftServerConfigKeys (ConfUtils.java:logGet(43)) - raft.server.log.corruption.policy = EXCEPTION (default)
2019-10-09 23:56:04,141 [pool-27-thread-1] INFO  storage.RaftStorageDirectory (RaftStorageDirectory.java:analyzeStorage(246)) - The storage directory /workdir/hadoop-ozone/tools/target/test-dir/MiniOzoneClusterImpl-3ef8ba27-9d0b-42ff-8dd4-d2a6bb16b342/datanode-0/data/ratis/ed8c2de3-b438-4405-a8c9-b24b446cadf6 does not exist. Creating ...
2019-10-09 23:56:04,156 [pool-27-thread-1] INFO  storage.RaftStorageDirectory (RaftStorageDirectory.java:tryLock(328)) - Lock on /workdir/hadoop-ozone/tools/target/test-dir/MiniOzoneClusterImpl-3ef8ba27-9d0b-42ff-8dd4-d2a6bb16b342/datanode-0/data/ratis/ed8c2de3-b438-4405-a8c9-b24b446cadf6/in_use.lock acquired by nodename 30828@pr-hdds-1868-7c4vz-2804340038
2019-10-09 23:56:04,168 [pool-27-thread-1] INFO  storage.RaftStorage (RaftStorage.java:format(84)) - Storage directory /workdir/hadoop-ozone/tools/target/test-dir/MiniOzoneClusterImpl-3ef8ba27-9d0b-42ff-8dd4-d2a6bb16b342/datanode-0/data/ratis/ed8c2de3-b438-4405-a8c9-b24b446cadf6 has been successfully formatted.
2019-10-09 23:56:04,169 [pool-27-thread-1] INFO  ratis.ContainerStateMachine (ContainerStateMachine.java:loadSnapshot(233)) - group-B24B446CADF6: The snapshot info is null. Setting the last applied indexto:(t:0, i:~)
2019-10-09 23:56:04,169 [pool-27-thread-1] INFO  server.RaftServerConfigKeys (ConfUtils.java:logGet(43)) - raft.server.notification.no-leader.timeout = 120s (custom)
2019-10-09 23:56:04,169 [pool-27-thread-1] INFO  server.RaftServerConfigKeys (ConfUtils.java:logGet(43)) - raft.server.log.use.memory = false (default)
2019-10-09 23:56:04,169 [pool-27-thread-1] INFO  server.RaftServerConfigKeys (ConfUtils.java:logGet(43)) - raft.server.log.purge.gap = 1000000 (custom)
2019-10-09 23:56:04,169 [pool-27-thread-1] INFO  server.RaftServerConfigKeys (ConfUtils.java:logGet(43)) - raft.server.log.appender.buffer.byte-limit = 33554432 (custom)
2019-10-09 23:56:04,169 [pool-27-thread-1] INFO  server.RaftServerConfigKeys (ConfUtils.java:logGet(43)) - raft.server.log.segment.size.max = 1048576 (custom)
2019-10-09 23:56:04,170 [pool-27-thread-1] INFO  server.RaftServerConfigKeys (ConfUtils.java:logGet(43)) - raft.server.log.segment.cache.num.max = 2 (custom)
2019-10-09 23:56:04,170 [pool-27-thread-1] INFO  segmented.SegmentedRaftLogWorker (SegmentedRaftLogWorker.java:<init>(173)) - new 7349a8e7-a912-424d-91d5-5fbf095df9f6@group-B24B446CADF6-SegmentedRaftLogWorker for RaftStorage:Storage Directory /workdir/hadoop-ozone/tools/target/test-dir/MiniOzoneClusterImpl-3ef8ba27-9d0b-42ff-8dd4-d2a6bb16b342/datanode-0/data/ratis/ed8c2de3-b438-4405-a8c9-b24b446cadf6
2019-10-09 23:56:04,170 [pool-27-thread-1] INFO  server.RaftServerConfigKeys (ConfUtils.java:logGet(43)) - raft.server.log.queue.byte-limit = 2147483647 (custom)
2019-10-09 23:56:04,170 [pool-27-thread-1] INFO  server.RaftServerConfigKeys (ConfUtils.java:logGet(43)) - raft.server.log.queue.element-limit = 1024 (custom)
2019-10-09 23:56:04,170 [pool-27-thread-1] INFO  server.RaftServerConfigKeys (ConfUtils.java:logGet(43)) - raft.server.log.segment.size.max = 1048576 (custom)
2019-10-09 23:56:04,170 [pool-27-thread-1] INFO  server.RaftServerConfigKeys (ConfUtils.java:logGet(43)) - raft.server.log.preallocated.size = 16384 (custom)
2019-10-09 23:56:04,170 [pool-27-thread-1] INFO  server.RaftServerConfigKeys (ConfUtils.java:logGet(43)) - raft.server.log.write.buffer.size = 33554432 (custom)
2019-10-09 23:56:04,171 [pool-27-thread-1] INFO  server.RaftServerConfigKeys (ConfUtils.java:logGet(43)) - raft.server.log.force.sync.num = 128 (default)
2019-10-09 23:56:04,171 [pool-27-thread-1] INFO  server.RaftServerConfigKeys (ConfUtils.java:logGet(43)) - raft.server.log.statemachine.data.sync = true (default)
2019-10-09 23:56:04,171 [pool-27-thread-1] INFO  server.RaftServerConfigKeys (ConfUtils.java:logGet(43)) - raft.server.log.statemachine.data.sync.timeout = 10s (default)
2019-10-09 23:56:04,171 [pool-27-thread-1] INFO  server.RaftServerConfigKeys (ConfUtils.java:logGet(43)) - raft.server.log.statemachine.data.sync.timeout.retry = -1 (default)
2019-10-09 23:56:04,171 [pool-27-thread-1] INFO  server.RaftServerConfigKeys (ConfUtils.java:logGet(43)) - raft.server.log.statemachine.data.caching.enabled = true (custom)
2019-10-09 23:56:04,171 [pool-27-thread-1] INFO  segmented.SegmentedRaftLogWorker (SegmentedRaftLogWorker.java:lambda$new$0(128)) - 7349a8e7-a912-424d-91d5-5fbf095df9f6@group-B24B446CADF6-SegmentedRaftLogWorker: flushIndex: setUnconditionally 0 -> -1
2019-10-09 23:56:04,172 [pool-27-thread-1] INFO  server.RaftServerConfigKeys (ConfUtils.java:logGet(43)) - raft.server.snapshot.auto.trigger.enabled = true (custom)
2019-10-09 23:56:04,172 [pool-27-thread-1] INFO  server.RaftServerConfigKeys (ConfUtils.java:logGet(43)) - raft.server.snapshot.auto.trigger.threshold = 10000 (custom)
2019-10-09 23:56:04,172 [pool-27-thread-1] INFO  server.RaftServerConfigKeys (ConfUtils.java:logGet(43)) - raft.server.snapshot.retention.file.num = 5 (custom)
2019-10-09 23:56:04,172 [pool-27-thread-1] INFO  server.RaftServerConfigKeys (ConfUtils.java:logGet(43)) - raft.server.retrycache.expirytime = 600000ms (custom)
2019-10-09 23:56:04,175 [pool-27-thread-1] INFO  impl.RaftServerImpl (RaftServerImpl.java:start(181)) - 7349a8e7-a912-424d-91d5-5fbf095df9f6@group-B24B446CADF6: start as a follower, conf=-1: [7349a8e7-a912-424d-91d5-5fbf095df9f6:192.168.164.207:39780], old=null
2019-10-09 23:56:04,175 [pool-27-thread-1] INFO  impl.RaftServerImpl (RaftServerImpl.java:setRole(170)) - 7349a8e7-a912-424d-91d5-5fbf095df9f6@group-B24B446CADF6: changes role from      null to FOLLOWER at term 0 for startAsFollower
2019-10-09 23:56:04,176 [pool-27-thread-1] INFO  impl.RoleInfo (RoleInfo.java:updateAndGet(143)) - 7349a8e7-a912-424d-91d5-5fbf095df9f6: start FollowerState
2019-10-09 23:56:04,176 [pool-27-thread-1] INFO  util.JmxRegister (JmxRegister.java:tryRegister(44)) - Successfully registered JMX Bean with object name Ratis:service=RaftServer,group=group-B24B446CADF6,id=7349a8e7-a912-424d-91d5-5fbf095df9f6
2019-10-09 23:56:04,188 [RatisPipelineUtilsThread] INFO  pipeline.PipelineStateManager (PipelineStateManager.java:addPipeline(57)) - Created pipeline Pipeline[ Id: ed8c2de3-b438-4405-a8c9-b24b446cadf6, Nodes: 7349a8e7-a912-424d-91d5-5fbf095df9f6{ip: 192.168.164.207, host: pr-hdds-1868-7c4vz-2804340038, networkLocation: /default-rack, certSerialId: null}, Type:RATIS, Factor:ONE, State:ALLOCATED]
2019-10-09 23:56:04,189 [Thread-178] INFO  pipeline.PipelineStateManager (PipelineStateManager.java:finalizePipeline(123)) - Pipeline Pipeline[ Id: 7ce71ebb-e33e-4b97-ba63-3f280bf06dfd, Nodes: 7349a8e7-a912-424d-91d5-5fbf095df9f6{ip: 192.168.164.207, host: pr-hdds-1868-7c4vz-2804340038, networkLocation: /default-rack, certSerialId: null}afe294e3-dea9-4d51-9cb1-1433faecd2aa{ip: 192.168.164.207, host: pr-hdds-1868-7c4vz-2804340038, networkLocation: /default-rack, certSerialId: null}004ba699-4cef-44c2-b8d9-499866424522{ip: 192.168.164.207, host: pr-hdds-1868-7c4vz-2804340038, networkLocation: /default-rack, certSerialId: null}, Type:RATIS, Factor:THREE, State:CLOSED] moved to CLOSED state
2019-10-09 23:56:04,202 [grpc-default-executor-1] INFO  impl.RaftServerProxy (RaftServerProxy.java:remove(95)) - 7349a8e7-a912-424d-91d5-5fbf095df9f6: remove  FOLLOWER 7349a8e7-a912-424d-91d5-5fbf095df9f6@group-3F280BF06DFD:t0, leader=null, voted=null, raftlog=7349a8e7-a912-424d-91d5-5fbf095df9f6@group-3F280BF06DFD-SegmentedRaftLog:OPENED:c-1,f-1,i0, conf=-1: [afe294e3-dea9-4d51-9cb1-1433faecd2aa:192.168.164.207:38334, 7349a8e7-a912-424d-91d5-5fbf095df9f6:192.168.164.207:39780, 004ba699-4cef-44c2-b8d9-499866424522:192.168.164.207:46050], old=null RUNNING
2019-10-09 23:56:04,202 [grpc-default-executor-1] INFO  impl.RaftServerImpl (RaftServerImpl.java:lambda$shutdown$3(247)) - 7349a8e7-a912-424d-91d5-5fbf095df9f6@group-3F280BF06DFD: shutdown
2019-10-09 23:56:04,203 [grpc-default-executor-1] INFO  util.JmxRegister (JmxRegister.java:unregister(73)) - Successfully un-registered JMX Bean with object name Ratis:service=RaftServer,group=group-3F280BF06DFD,id=7349a8e7-a912-424d-91d5-5fbf095df9f6
2019-10-09 23:56:04,203 [grpc-default-executor-1] INFO  impl.RoleInfo (RoleInfo.java:shutdownFollowerState(121)) - 7349a8e7-a912-424d-91d5-5fbf095df9f6: shutdown FollowerState
2019-10-09 23:56:04,203 [grpc-default-executor-1] INFO  impl.StateMachineUpdater (StateMachineUpdater.java:stopAndJoin(136)) - 7349a8e7-a912-424d-91d5-5fbf095df9f6@group-3F280BF06DFD-StateMachineUpdater: set stopIndex = -1
2019-10-09 23:56:04,203 [Thread-193] INFO  impl.FollowerState (FollowerState.java:run(117)) - 7349a8e7-a912-424d-91d5-5fbf095df9f6@group-3F280BF06DFD-FollowerState was interrupted: java.lang.InterruptedException: sleep interrupted
2019-10-09 23:56:04,205 [grpc-default-executor-1] INFO  impl.RaftServerImpl (ServerState.java:close(387)) - 7349a8e7-a912-424d-91d5-5fbf095df9f6@group-3F280BF06DFD: closes. applyIndex: -1
2019-10-09 23:56:04,206 [7349a8e7-a912-424d-91d5-5fbf095df9f6@group-3F280BF06DFD-SegmentedRaftLogWorker] INFO  segmented.SegmentedRaftLogWorker (SegmentedRaftLogWorker.java:run(316)) - 7349a8e7-a912-424d-91d5-5fbf095df9f6@group-3F280BF06DFD-SegmentedRaftLogWorker was interrupted, exiting. There are 0 tasks remaining in the queue.
2019-10-09 23:56:04,207 [grpc-default-executor-1] INFO  segmented.SegmentedRaftLogWorker (SegmentedRaftLogWorker.java:close(224)) - 7349a8e7-a912-424d-91d5-5fbf095df9f6@group-3F280BF06DFD-SegmentedRaftLogWorker close()
2019-10-09 23:56:04,228 [grpc-default-executor-1] INFO  impl.RaftServerProxy (RaftServerProxy.java:remove(95)) - afe294e3-dea9-4d51-9cb1-1433faecd2aa: remove  FOLLOWER afe294e3-dea9-4d51-9cb1-1433faecd2aa@group-3F280BF06DFD:t0, leader=null, voted=null, raftlog=afe294e3-dea9-4d51-9cb1-1433faecd2aa@group-3F280BF06DFD-SegmentedRaftLog:OPENED:c-1,f-1,i0, conf=-1: [afe294e3-dea9-4d51-9cb1-1433faecd2aa:192.168.164.207:38334, 7349a8e7-a912-424d-91d5-5fbf095df9f6:192.168.164.207:39780, 004ba699-4cef-44c2-b8d9-499866424522:192.168.164.207:46050], old=null RUNNING
2019-10-09 23:56:04,228 [grpc-default-executor-1] INFO  impl.RaftServerImpl (RaftServerImpl.java:lambda$shutdown$3(247)) - afe294e3-dea9-4d51-9cb1-1433faecd2aa@group-3F280BF06DFD: shutdown
2019-10-09 23:56:04,228 [grpc-default-executor-1] INFO  util.JmxRegister (JmxRegister.java:unregister(73)) - Successfully un-registered JMX Bean with object name Ratis:service=RaftServer,group=group-3F280BF06DFD,id=afe294e3-dea9-4d51-9cb1-1433faecd2aa
2019-10-09 23:56:04,228 [grpc-default-executor-1] INFO  impl.RoleInfo (RoleInfo.java:shutdownFollowerState(121)) - afe294e3-dea9-4d51-9cb1-1433faecd2aa: shutdown FollowerState
2019-10-09 23:56:04,229 [grpc-default-executor-1] INFO  impl.StateMachineUpdater (StateMachineUpdater.java:stopAndJoin(136)) - afe294e3-dea9-4d51-9cb1-1433faecd2aa@group-3F280BF06DFD-StateMachineUpdater: set stopIndex = -1
2019-10-09 23:56:04,229 [Thread-191] INFO  impl.FollowerState (FollowerState.java:run(117)) - afe294e3-dea9-4d51-9cb1-1433faecd2aa@group-3F280BF06DFD-FollowerState was interrupted: java.lang.InterruptedException: sleep interrupted
2019-10-09 23:56:04,230 [grpc-default-executor-1] INFO  impl.RaftServerImpl (ServerState.java:close(387)) - afe294e3-dea9-4d51-9cb1-1433faecd2aa@group-3F280BF06DFD: closes. applyIndex: -1
2019-10-09 23:56:04,231 [afe294e3-dea9-4d51-9cb1-1433faecd2aa@group-3F280BF06DFD-SegmentedRaftLogWorker] INFO  segmented.SegmentedRaftLogWorker (SegmentedRaftLogWorker.java:run(316)) - afe294e3-dea9-4d51-9cb1-1433faecd2aa@group-3F280BF06DFD-SegmentedRaftLogWorker was interrupted, exiting. There are 0 tasks remaining in the queue.
2019-10-09 23:56:04,231 [grpc-default-executor-1] INFO  segmented.SegmentedRaftLogWorker (SegmentedRaftLogWorker.java:close(224)) - afe294e3-dea9-4d51-9cb1-1433faecd2aa@group-3F280BF06DFD-SegmentedRaftLogWorker close()
2019-10-09 23:56:04,250 [grpc-default-executor-1] INFO  impl.RaftServerProxy (RaftServerProxy.java:remove(95)) - 004ba699-4cef-44c2-b8d9-499866424522: remove  FOLLOWER 004ba699-4cef-44c2-b8d9-499866424522@group-3F280BF06DFD:t0, leader=null, voted=null, raftlog=004ba699-4cef-44c2-b8d9-499866424522@group-3F280BF06DFD-SegmentedRaftLog:OPENED:c-1,f-1,i0, conf=-1: [afe294e3-dea9-4d51-9cb1-1433faecd2aa:192.168.164.207:38334, 7349a8e7-a912-424d-91d5-5fbf095df9f6:192.168.164.207:39780, 004ba699-4cef-44c2-b8d9-499866424522:192.168.164.207:46050], old=null RUNNING
2019-10-09 23:56:04,251 [grpc-default-executor-1] INFO  impl.RaftServerImpl (RaftServerImpl.java:lambda$shutdown$3(247)) - 004ba699-4cef-44c2-b8d9-499866424522@group-3F280BF06DFD: shutdown
2019-10-09 23:56:04,251 [grpc-default-executor-1] INFO  util.JmxRegister (JmxRegister.java:unregister(73)) - Successfully un-registered JMX Bean with object name Ratis:service=RaftServer,group=group-3F280BF06DFD,id=004ba699-4cef-44c2-b8d9-499866424522
2019-10-09 23:56:04,251 [grpc-default-executor-1] INFO  impl.RoleInfo (RoleInfo.java:shutdownFollowerState(121)) - 004ba699-4cef-44c2-b8d9-499866424522: shutdown FollowerState
2019-10-09 23:56:04,251 [grpc-default-executor-1] INFO  impl.StateMachineUpdater (StateMachineUpdater.java:stopAndJoin(136)) - 004ba699-4cef-44c2-b8d9-499866424522@group-3F280BF06DFD-StateMachineUpdater: set stopIndex = -1
2019-10-09 23:56:04,251 [Thread-192] INFO  impl.FollowerState (FollowerState.java:run(117)) - 004ba699-4cef-44c2-b8d9-499866424522@group-3F280BF06DFD-FollowerState was interrupted: java.lang.InterruptedException: sleep interrupted
2019-10-09 23:56:04,252 [grpc-default-executor-1] INFO  impl.RaftServerImpl (ServerState.java:close(387)) - 004ba699-4cef-44c2-b8d9-499866424522@group-3F280BF06DFD: closes. applyIndex: -1
2019-10-09 23:56:04,255 [004ba699-4cef-44c2-b8d9-499866424522@group-3F280BF06DFD-SegmentedRaftLogWorker] INFO  segmented.SegmentedRaftLogWorker (SegmentedRaftLogWorker.java:run(316)) - 004ba699-4cef-44c2-b8d9-499866424522@group-3F280BF06DFD-SegmentedRaftLogWorker was interrupted, exiting. There are 0 tasks remaining in the queue.
2019-10-09 23:56:04,255 [grpc-default-executor-1] INFO  segmented.SegmentedRaftLogWorker (SegmentedRaftLogWorker.java:close(224)) - 004ba699-4cef-44c2-b8d9-499866424522@group-3F280BF06DFD-SegmentedRaftLogWorker close()
2019-10-09 23:56:04,262 [main] INFO  ozone.MiniOzoneClusterImpl (MiniOzoneClusterImpl.java:lambda$waitForClusterToBeReady$2(164)) - Waiting for 3 number of pipelines out of 4, to report a leader.
2019-10-09 23:56:04,262 [Thread-178] INFO  pipeline.PipelineStateManager (PipelineStateManager.java:removePipeline(108)) - Pipeline Pipeline[ Id: 7ce71ebb-e33e-4b97-ba63-3f280bf06dfd, Nodes: 7349a8e7-a912-424d-91d5-5fbf095df9f6{ip: 192.168.164.207, host: pr-hdds-1868-7c4vz-2804340038, networkLocation: /default-rack, certSerialId: null}afe294e3-dea9-4d51-9cb1-1433faecd2aa{ip: 192.168.164.207, host: pr-hdds-1868-7c4vz-2804340038, networkLocation: /default-rack, certSerialId: null}004ba699-4cef-44c2-b8d9-499866424522{ip: 192.168.164.207, host: pr-hdds-1868-7c4vz-2804340038, networkLocation: /default-rack, certSerialId: null}, Type:RATIS, Factor:THREE, State:CLOSED] removed from db
2019-10-09 23:56:04,263 [Thread-178] INFO  pipeline.SCMPipelineManager (SCMPipelineManager.java:finalizeAndDestroyPipeline(315)) - destroying pipeline:Pipeline[ Id: 42605412-22cc-4a25-a4b9-1361fde10f2b, Nodes: afe294e3-dea9-4d51-9cb1-1433faecd2aa{ip: 192.168.164.207, host: pr-hdds-1868-7c4vz-2804340038, networkLocation: /default-rack, certSerialId: null}, Type:RATIS, Factor:ONE, State:ALLOCATED]
2019-10-09 23:56:04,279 [grpc-default-executor-2] INFO  impl.RaftServerProxy (RaftServerProxy.java:addNew(89)) - 7349a8e7-a912-424d-91d5-5fbf095df9f6: addNew group-E1230868A662:[afe294e3-dea9-4d51-9cb1-1433faecd2aa:192.168.164.207:38334, 7349a8e7-a912-424d-91d5-5fbf095df9f6:192.168.164.207:39780, 004ba699-4cef-44c2-b8d9-499866424522:192.168.164.207:46050] returns group-E1230868A662:java.util.concurrent.CompletableFuture@67fda243[Not completed]
2019-10-09 23:56:04,281 [pool-27-thread-1] INFO  impl.RaftServerImpl (RaftServerImpl.java:<init>(95)) - 7349a8e7-a912-424d-91d5-5fbf095df9f6: new RaftServerImpl for group-E1230868A662:[afe294e3-dea9-4d51-9cb1-1433faecd2aa:192.168.164.207:38334, 7349a8e7-a912-424d-91d5-5fbf095df9f6:192.168.164.207:39780, 004ba699-4cef-44c2-b8d9-499866424522:192.168.164.207:46050] with ContainerStateMachine:uninitialized
2019-10-09 23:56:04,282 [pool-27-thread-1] INFO  server.RaftServerConfigKeys (ConfUtils.java:logGet(43)) - raft.server.rpc.timeout.min = 5s (custom)
2019-10-09 23:56:04,282 [grpc-default-executor-2] INFO  impl.RaftServerProxy (RaftServerProxy.java:addNew(89)) - 004ba699-4cef-44c2-b8d9-499866424522: addNew group-E1230868A662:[afe294e3-dea9-4d51-9cb1-1433faecd2aa:192.168.164.207:38334, 7349a8e7-a912-424d-91d5-5fbf095df9f6:192.168.164.207:39780, 004ba699-4cef-44c2-b8d9-499866424522:192.168.164.207:46050] returns group-E1230868A662:java.util.concurrent.CompletableFuture@7570b2b7[Not completed]
2019-10-09 23:56:04,283 [pool-27-thread-1] INFO  server.RaftServerConfigKeys (ConfUtils.java:logGet(43)) - raft.server.rpc.timeout.max = 5200ms (custom)
2019-10-09 23:56:04,283 [pool-27-thread-1] INFO  server.RaftServerConfigKeys (ConfUtils.java:logGet(43)) - raft.server.rpcslowness.timeout = 120s (custom)
2019-10-09 23:56:04,283 [grpc-default-executor-1] INFO  impl.RaftServerProxy (RaftServerProxy.java:addNew(89)) - afe294e3-dea9-4d51-9cb1-1433faecd2aa: addNew group-E1230868A662:[afe294e3-dea9-4d51-9cb1-1433faecd2aa:192.168.164.207:38334, 7349a8e7-a912-424d-91d5-5fbf095df9f6:192.168.164.207:39780, 004ba699-4cef-44c2-b8d9-499866424522:192.168.164.207:46050] returns group-E1230868A662:java.util.concurrent.CompletableFuture@27f6c5ba[Not completed]
2019-10-09 23:56:04,283 [pool-27-thread-1] INFO  server.RaftServerConfigKeys (ConfUtils.java:logGet(43)) - raft.server.sleep.deviation.threshold = 300 (default)
2019-10-09 23:56:04,283 [pool-27-thread-1] INFO  server.RaftServerConfigKeys (ConfUtils.java:logGet(43)) - raft.server.log.appender.install.snapshot.enabled = false (custom)
2019-10-09 23:56:04,283 [pool-27-thread-1] INFO  impl.RaftServerImpl (ServerState.java:<init>(103)) - 7349a8e7-a912-424d-91d5-5fbf095df9f6@group-E1230868A662: ConfigurationManager, init=-1: [afe294e3-dea9-4d51-9cb1-1433faecd2aa:192.168.164.207:38334, 7349a8e7-a912-424d-91d5-5fbf095df9f6:192.168.164.207:39780, 004ba699-4cef-44c2-b8d9-499866424522:192.168.164.207:46050], old=null, confs=<EMPTY_MAP>
2019-10-09 23:56:04,283 [pool-27-thread-1] INFO  server.RaftServerConfigKeys (ConfUtils.java:logGet(43)) - raft.server.storage.dir = [/workdir/hadoop-ozone/tools/target/test-dir/MiniOzoneClusterImpl-3ef8ba27-9d0b-42ff-8dd4-d2a6bb16b342/datanode-0/data/ratis] (custom)
2019-10-09 23:56:04,284 [pool-47-thread-1] INFO  impl.RaftServerImpl (RaftServerImpl.java:<init>(95)) - 004ba699-4cef-44c2-b8d9-499866424522: new RaftServerImpl for group-E1230868A662:[afe294e3-dea9-4d51-9cb1-1433faecd2aa:192.168.164.207:38334, 7349a8e7-a912-424d-91d5-5fbf095df9f6:192.168.164.207:39780, 004ba699-4cef-44c2-b8d9-499866424522:192.168.164.207:46050] with ContainerStateMachine:uninitialized
2019-10-09 23:56:04,284 [pool-27-thread-1] INFO  server.RaftServerConfigKeys (ConfUtils.java:logGet(43)) - raft.server.log.corruption.policy = EXCEPTION (default)
2019-10-09 23:56:04,284 [pool-47-thread-1] INFO  server.RaftServerConfigKeys (ConfUtils.java:logGet(43)) - raft.server.rpc.timeout.min = 5s (custom)
2019-10-09 23:56:04,284 [pool-27-thread-1] INFO  storage.RaftStorageDirectory (RaftStorageDirectory.java:analyzeStorage(246)) - The storage directory /workdir/hadoop-ozone/tools/target/test-dir/MiniOzoneClusterImpl-3ef8ba27-9d0b-42ff-8dd4-d2a6bb16b342/datanode-0/data/ratis/a75722f9-9161-4b64-8946-e1230868a662 does not exist. Creating ...
2019-10-09 23:56:04,284 [pool-47-thread-1] INFO  server.RaftServerConfigKeys (ConfUtils.java:logGet(43)) - raft.server.rpc.timeout.max = 5200ms (custom)
2019-10-09 23:56:04,284 [pool-47-thread-1] INFO  server.RaftServerConfigKeys (ConfUtils.java:logGet(43)) - raft.server.rpcslowness.timeout = 120s (custom)
2019-10-09 23:56:04,284 [pool-47-thread-1] INFO  server.RaftServerConfigKeys (ConfUtils.java:logGet(43)) - raft.server.sleep.deviation.threshold = 300 (default)
2019-10-09 23:56:04,284 [pool-37-thread-1] INFO  impl.RaftServerImpl (RaftServerImpl.java:<init>(95)) - afe294e3-dea9-4d51-9cb1-1433faecd2aa: new RaftServerImpl for group-E1230868A662:[afe294e3-dea9-4d51-9cb1-1433faecd2aa:192.168.164.207:38334, 7349a8e7-a912-424d-91d5-5fbf095df9f6:192.168.164.207:39780, 004ba699-4cef-44c2-b8d9-499866424522:192.168.164.207:46050] with ContainerStateMachine:uninitialized
2019-10-09 23:56:04,284 [pool-47-thread-1] INFO  server.RaftServerConfigKeys (ConfUtils.java:logGet(43)) - raft.server.log.appender.install.snapshot.enabled = false (custom)
2019-10-09 23:56:04,284 [pool-37-thread-1] INFO  server.RaftServerConfigKeys (ConfUtils.java:logGet(43)) - raft.server.rpc.timeout.min = 5s (custom)
2019-10-09 23:56:04,285 [pool-47-thread-1] INFO  impl.RaftServerImpl (ServerState.java:<init>(103)) - 004ba699-4cef-44c2-b8d9-499866424522@group-E1230868A662: ConfigurationManager, init=-1: [afe294e3-dea9-4d51-9cb1-1433faecd2aa:192.168.164.207:38334, 7349a8e7-a912-424d-91d5-5fbf095df9f6:192.168.164.207:39780, 004ba699-4cef-44c2-b8d9-499866424522:192.168.164.207:46050], old=null, confs=<EMPTY_MAP>
2019-10-09 23:56:04,285 [pool-37-thread-1] INFO  server.RaftServerConfigKeys (ConfUtils.java:logGet(43)) - raft.server.rpc.timeout.max = 5200ms (custom)
2019-10-09 23:56:04,285 [pool-47-thread-1] INFO  server.RaftServerConfigKeys (ConfUtils.java:logGet(43)) - raft.server.storage.dir = [/workdir/hadoop-ozone/tools/target/test-dir/MiniOzoneClusterImpl-3ef8ba27-9d0b-42ff-8dd4-d2a6bb16b342/datanode-2/data/ratis] (custom)
2019-10-09 23:56:04,285 [pool-37-thread-1] INFO  server.RaftServerConfigKeys (ConfUtils.java:logGet(43)) - raft.server.rpcslowness.timeout = 120s (custom)
2019-10-09 23:56:04,285 [pool-37-thread-1] INFO  server.RaftServerConfigKeys (ConfUtils.java:logGet(43)) - raft.server.sleep.deviation.threshold = 300 (default)
2019-10-09 23:56:04,285 [pool-47-thread-1] INFO  server.RaftServerConfigKeys (ConfUtils.java:logGet(43)) - raft.server.log.corruption.policy = EXCEPTION (default)
2019-10-09 23:56:04,285 [pool-37-thread-1] INFO  server.RaftServerConfigKeys (ConfUtils.java:logGet(43)) - raft.server.log.appender.install.snapshot.enabled = false (custom)
2019-10-09 23:56:04,285 [pool-47-thread-1] INFO  storage.RaftStorageDirectory (RaftStorageDirectory.java:analyzeStorage(246)) - The storage directory /workdir/hadoop-ozone/tools/target/test-dir/MiniOzoneClusterImpl-3ef8ba27-9d0b-42ff-8dd4-d2a6bb16b342/datanode-2/data/ratis/a75722f9-9161-4b64-8946-e1230868a662 does not exist. Creating ...
2019-10-09 23:56:04,285 [pool-37-thread-1] INFO  impl.RaftServerImpl (ServerState.java:<init>(103)) - afe294e3-dea9-4d51-9cb1-1433faecd2aa@group-E1230868A662: ConfigurationManager, init=-1: [afe294e3-dea9-4d51-9cb1-1433faecd2aa:192.168.164.207:38334, 7349a8e7-a912-424d-91d5-5fbf095df9f6:192.168.164.207:39780, 004ba699-4cef-44c2-b8d9-499866424522:192.168.164.207:46050], old=null, confs=<EMPTY_MAP>
2019-10-09 23:56:04,286 [pool-37-thread-1] INFO  server.RaftServerConfigKeys (ConfUtils.java:logGet(43)) - raft.server.storage.dir = [/workdir/hadoop-ozone/tools/target/test-dir/MiniOzoneClusterImpl-3ef8ba27-9d0b-42ff-8dd4-d2a6bb16b342/datanode-1/data/ratis] (custom)
2019-10-09 23:56:04,286 [pool-37-thread-1] INFO  server.RaftServerConfigKeys (ConfUtils.java:logGet(43)) - raft.server.log.corruption.policy = EXCEPTION (default)
2019-10-09 23:56:04,286 [pool-37-thread-1] INFO  storage.RaftStorageDirectory (RaftStorageDirectory.java:analyzeStorage(246)) - The storage directory /workdir/hadoop-ozone/tools/target/test-dir/MiniOzoneClusterImpl-3ef8ba27-9d0b-42ff-8dd4-d2a6bb16b342/datanode-1/data/ratis/a75722f9-9161-4b64-8946-e1230868a662 does not exist. Creating ...
2019-10-09 23:56:04,299 [pool-47-thread-1] INFO  storage.RaftStorageDirectory (RaftStorageDirectory.java:tryLock(328)) - Lock on /workdir/hadoop-ozone/tools/target/test-dir/MiniOzoneClusterImpl-3ef8ba27-9d0b-42ff-8dd4-d2a6bb16b342/datanode-2/data/ratis/a75722f9-9161-4b64-8946-e1230868a662/in_use.lock acquired by nodename 30828@pr-hdds-1868-7c4vz-2804340038
2019-10-09 23:56:04,299 [pool-27-thread-1] INFO  storage.RaftStorageDirectory (RaftStorageDirectory.java:tryLock(328)) - Lock on /workdir/hadoop-ozone/tools/target/test-dir/MiniOzoneClusterImpl-3ef8ba27-9d0b-42ff-8dd4-d2a6bb16b342/datanode-0/data/ratis/a75722f9-9161-4b64-8946-e1230868a662/in_use.lock acquired by nodename 30828@pr-hdds-1868-7c4vz-2804340038
2019-10-09 23:56:04,299 [pool-37-thread-1] INFO  storage.RaftStorageDirectory (RaftStorageDirectory.java:tryLock(328)) - Lock on /workdir/hadoop-ozone/tools/target/test-dir/MiniOzoneClusterImpl-3ef8ba27-9d0b-42ff-8dd4-d2a6bb16b342/datanode-1/data/ratis/a75722f9-9161-4b64-8946-e1230868a662/in_use.lock acquired by nodename 30828@pr-hdds-1868-7c4vz-2804340038
2019-10-09 23:56:04,313 [pool-27-thread-1] INFO  storage.RaftStorage (RaftStorage.java:format(84)) - Storage directory /workdir/hadoop-ozone/tools/target/test-dir/MiniOzoneClusterImpl-3ef8ba27-9d0b-42ff-8dd4-d2a6bb16b342/datanode-0/data/ratis/a75722f9-9161-4b64-8946-e1230868a662 has been successfully formatted.
2019-10-09 23:56:04,313 [pool-37-thread-1] INFO  storage.RaftStorage (RaftStorage.java:format(84)) - Storage directory /workdir/hadoop-ozone/tools/target/test-dir/MiniOzoneClusterImpl-3ef8ba27-9d0b-42ff-8dd4-d2a6bb16b342/datanode-1/data/ratis/a75722f9-9161-4b64-8946-e1230868a662 has been successfully formatted.
2019-10-09 23:56:04,313 [pool-47-thread-1] INFO  storage.RaftStorage (RaftStorage.java:format(84)) - Storage directory /workdir/hadoop-ozone/tools/target/test-dir/MiniOzoneClusterImpl-3ef8ba27-9d0b-42ff-8dd4-d2a6bb16b342/datanode-2/data/ratis/a75722f9-9161-4b64-8946-e1230868a662 has been successfully formatted.
2019-10-09 23:56:04,313 [pool-27-thread-1] INFO  ratis.ContainerStateMachine (ContainerStateMachine.java:loadSnapshot(233)) - group-E1230868A662: The snapshot info is null. Setting the last applied indexto:(t:0, i:~)
2019-10-09 23:56:04,313 [pool-37-thread-1] INFO  ratis.ContainerStateMachine (ContainerStateMachine.java:loadSnapshot(233)) - group-E1230868A662: The snapshot info is null. Setting the last applied indexto:(t:0, i:~)
2019-10-09 23:56:04,313 [pool-27-thread-1] INFO  server.RaftServerConfigKeys (ConfUtils.java:logGet(43)) - raft.server.notification.no-leader.timeout = 120s (custom)
2019-10-09 23:56:04,313 [pool-47-thread-1] INFO  ratis.ContainerStateMachine (ContainerStateMachine.java:loadSnapshot(233)) - group-E1230868A662: The snapshot info is null. Setting the last applied indexto:(t:0, i:~)
2019-10-09 23:56:04,313 [pool-27-thread-1] INFO  server.RaftServerConfigKeys (ConfUtils.java:logGet(43)) - raft.server.log.use.memory = false (default)
2019-10-09 23:56:04,313 [pool-37-thread-1] INFO  server.RaftServerConfigKeys (ConfUtils.java:logGet(43)) - raft.server.notification.no-leader.timeout = 120s (custom)
2019-10-09 23:56:04,313 [pool-27-thread-1] INFO  server.RaftServerConfigKeys (ConfUtils.java:logGet(43)) - raft.server.log.purge.gap = 1000000 (custom)
2019-10-09 23:56:04,313 [pool-47-thread-1] INFO  server.RaftServerConfigKeys (ConfUtils.java:logGet(43)) - raft.server.notification.no-leader.timeout = 120s (custom)
2019-10-09 23:56:04,314 [pool-27-thread-1] INFO  server.RaftServerConfigKeys (ConfUtils.java:logGet(43)) - raft.server.log.appender.buffer.byte-limit = 33554432 (custom)
2019-10-09 23:56:04,313 [pool-37-thread-1] INFO  server.RaftServerConfigKeys (ConfUtils.java:logGet(43)) - raft.server.log.use.memory = false (default)
2019-10-09 23:56:04,314 [pool-27-thread-1] INFO  server.RaftServerConfigKeys (ConfUtils.java:logGet(43)) - raft.server.log.segment.size.max = 1048576 (custom)
2019-10-09 23:56:04,314 [pool-47-thread-1] INFO  server.RaftServerConfigKeys (ConfUtils.java:logGet(43)) - raft.server.log.use.memory = false (default)
2019-10-09 23:56:04,314 [pool-27-thread-1] INFO  server.RaftServerConfigKeys (ConfUtils.java:logGet(43)) - raft.server.log.segment.cache.num.max = 2 (custom)
2019-10-09 23:56:04,314 [pool-37-thread-1] INFO  server.RaftServerConfigKeys (ConfUtils.java:logGet(43)) - raft.server.log.purge.gap = 1000000 (custom)
2019-10-09 23:56:04,314 [pool-27-thread-1] INFO  segmented.SegmentedRaftLogWorker (SegmentedRaftLogWorker.java:<init>(173)) - new 7349a8e7-a912-424d-91d5-5fbf095df9f6@group-E1230868A662-SegmentedRaftLogWorker for RaftStorage:Storage Directory /workdir/hadoop-ozone/tools/target/test-dir/MiniOzoneClusterImpl-3ef8ba27-9d0b-42ff-8dd4-d2a6bb16b342/datanode-0/data/ratis/a75722f9-9161-4b64-8946-e1230868a662
2019-10-09 23:56:04,314 [pool-47-thread-1] INFO  server.RaftServerConfigKeys (ConfUtils.java:logGet(43)) - raft.server.log.purge.gap = 1000000 (custom)
2019-10-09 23:56:04,315 [pool-27-thread-1] INFO  server.RaftServerConfigKeys (ConfUtils.java:logGet(43)) - raft.server.log.queue.byte-limit = 2147483647 (custom)
2019-10-09 23:56:04,314 [pool-37-thread-1] INFO  server.RaftServerConfigKeys (ConfUtils.java:logGet(43)) - raft.server.log.appender.buffer.byte-limit = 33554432 (custom)
2019-10-09 23:56:04,315 [pool-27-thread-1] INFO  server.RaftServerConfigKeys (ConfUtils.java:logGet(43)) - raft.server.log.queue.element-limit = 1024 (custom)
2019-10-09 23:56:04,315 [pool-47-thread-1] INFO  server.RaftServerConfigKeys (ConfUtils.java:logGet(43)) - raft.server.log.appender.buffer.byte-limit = 33554432 (custom)
2019-10-09 23:56:04,315 [pool-27-thread-1] INFO  server.RaftServerConfigKeys (ConfUtils.java:logGet(43)) - raft.server.log.segment.size.max = 1048576 (custom)
2019-10-09 23:56:04,315 [pool-37-thread-1] INFO  server.RaftServerConfigKeys (ConfUtils.java:logGet(43)) - raft.server.log.segment.size.max = 1048576 (custom)
2019-10-09 23:56:04,315 [pool-27-thread-1] INFO  server.RaftServerConfigKeys (ConfUtils.java:logGet(43)) - raft.server.log.preallocated.size = 16384 (custom)
2019-10-09 23:56:04,315 [pool-47-thread-1] INFO  server.RaftServerConfigKeys (ConfUtils.java:logGet(43)) - raft.server.log.segment.size.max = 1048576 (custom)
2019-10-09 23:56:04,315 [pool-27-thread-1] INFO  server.RaftServerConfigKeys (ConfUtils.java:logGet(43)) - raft.server.log.write.buffer.size = 33554432 (custom)
2019-10-09 23:56:04,315 [pool-37-thread-1] INFO  server.RaftServerConfigKeys (ConfUtils.java:logGet(43)) - raft.server.log.segment.cache.num.max = 2 (custom)
2019-10-09 23:56:04,316 [pool-27-thread-1] INFO  server.RaftServerConfigKeys (ConfUtils.java:logGet(43)) - raft.server.log.force.sync.num = 128 (default)
2019-10-09 23:56:04,316 [pool-47-thread-1] INFO  server.RaftServerConfigKeys (ConfUtils.java:logGet(43)) - raft.server.log.segment.cache.num.max = 2 (custom)
2019-10-09 23:56:04,316 [pool-27-thread-1] INFO  server.RaftServerConfigKeys (ConfUtils.java:logGet(43)) - raft.server.log.statemachine.data.sync = true (default)
2019-10-09 23:56:04,316 [pool-37-thread-1] INFO  segmented.SegmentedRaftLogWorker (SegmentedRaftLogWorker.java:<init>(173)) - new afe294e3-dea9-4d51-9cb1-1433faecd2aa@group-E1230868A662-SegmentedRaftLogWorker for RaftStorage:Storage Directory /workdir/hadoop-ozone/tools/target/test-dir/MiniOzoneClusterImpl-3ef8ba27-9d0b-42ff-8dd4-d2a6bb16b342/datanode-1/data/ratis/a75722f9-9161-4b64-8946-e1230868a662
2019-10-09 23:56:04,316 [pool-27-thread-1] INFO  server.RaftServerConfigKeys (ConfUtils.java:logGet(43)) - raft.server.log.statemachine.data.sync.timeout = 10s (default)
2019-10-09 23:56:04,316 [pool-47-thread-1] INFO  segmented.SegmentedRaftLogWorker (SegmentedRaftLogWorker.java:<init>(173)) - new 004ba699-4cef-44c2-b8d9-499866424522@group-E1230868A662-SegmentedRaftLogWorker for RaftStorage:Storage Directory /workdir/hadoop-ozone/tools/target/test-dir/MiniOzoneClusterImpl-3ef8ba27-9d0b-42ff-8dd4-d2a6bb16b342/datanode-2/data/ratis/a75722f9-9161-4b64-8946-e1230868a662
2019-10-09 23:56:04,316 [pool-27-thread-1] INFO  server.RaftServerConfigKeys (ConfUtils.java:logGet(43)) - raft.server.log.statemachine.data.sync.timeout.retry = -1 (default)
2019-10-09 23:56:04,317 [pool-47-thread-1] INFO  server.RaftServerConfigKeys (ConfUtils.java:logGet(43)) - raft.server.log.queue.byte-limit = 2147483647 (custom)
2019-10-09 23:56:04,316 [pool-37-thread-1] INFO  server.RaftServerConfigKeys (ConfUtils.java:logGet(43)) - raft.server.log.queue.byte-limit = 2147483647 (custom)
2019-10-09 23:56:04,317 [pool-27-thread-1] INFO  server.RaftServerConfigKeys (ConfUtils.java:logGet(43)) - raft.server.log.statemachine.data.caching.enabled = true (custom)
2019-10-09 23:56:04,317 [pool-47-thread-1] INFO  server.RaftServerConfigKeys (ConfUtils.java:logGet(43)) - raft.server.log.queue.element-limit = 1024 (custom)
2019-10-09 23:56:04,317 [pool-37-thread-1] INFO  server.RaftServerConfigKeys (ConfUtils.java:logGet(43)) - raft.server.log.queue.element-limit = 1024 (custom)
2019-10-09 23:56:04,317 [pool-27-thread-1] INFO  segmented.SegmentedRaftLogWorker (SegmentedRaftLogWorker.java:lambda$new$0(128)) - 7349a8e7-a912-424d-91d5-5fbf095df9f6@group-E1230868A662-SegmentedRaftLogWorker: flushIndex: setUnconditionally 0 -> -1
2019-10-09 23:56:04,317 [pool-47-thread-1] INFO  server.RaftServerConfigKeys (ConfUtils.java:logGet(43)) - raft.server.log.segment.size.max = 1048576 (custom)
2019-10-09 23:56:04,317 [pool-37-thread-1] INFO  server.RaftServerConfigKeys (ConfUtils.java:logGet(43)) - raft.server.log.segment.size.max = 1048576 (custom)
2019-10-09 23:56:04,317 [pool-27-thread-1] INFO  server.RaftServerConfigKeys (ConfUtils.java:logGet(43)) - raft.server.snapshot.auto.trigger.enabled = true (custom)
2019-10-09 23:56:04,317 [pool-47-thread-1] INFO  server.RaftServerConfigKeys (ConfUtils.java:logGet(43)) - raft.server.log.preallocated.size = 16384 (custom)
2019-10-09 23:56:04,318 [pool-27-thread-1] INFO  server.RaftServerConfigKeys (ConfUtils.java:logGet(43)) - raft.server.snapshot.auto.trigger.threshold = 10000 (custom)
2019-10-09 23:56:04,318 [pool-37-thread-1] INFO  server.RaftServerConfigKeys (ConfUtils.java:logGet(43)) - raft.server.log.preallocated.size = 16384 (custom)
2019-10-09 23:56:04,318 [pool-27-thread-1] INFO  server.RaftServerConfigKeys (ConfUtils.java:logGet(43)) - raft.server.snapshot.retention.file.num = 5 (custom)
2019-10-09 23:56:04,318 [pool-47-thread-1] INFO  server.RaftServerConfigKeys (ConfUtils.java:logGet(43)) - raft.server.log.write.buffer.size = 33554432 (custom)
2019-10-09 23:56:04,318 [pool-37-thread-1] INFO  server.RaftServerConfigKeys (ConfUtils.java:logGet(43)) - raft.server.log.write.buffer.size = 33554432 (custom)
2019-10-09 23:56:04,318 [pool-47-thread-1] INFO  server.RaftServerConfigKeys (ConfUtils.java:logGet(43)) - raft.server.log.force.sync.num = 128 (default)
2019-10-09 23:56:04,318 [pool-27-thread-1] INFO  server.RaftServerConfigKeys (ConfUtils.java:logGet(43)) - raft.server.retrycache.expirytime = 600000ms (custom)
2019-10-09 23:56:04,318 [pool-47-thread-1] INFO  server.RaftServerConfigKeys (ConfUtils.java:logGet(43)) - raft.server.log.statemachine.data.sync = true (default)
2019-10-09 23:56:04,318 [pool-37-thread-1] INFO  server.RaftServerConfigKeys (ConfUtils.java:logGet(43)) - raft.server.log.force.sync.num = 128 (default)
2019-10-09 23:56:04,319 [pool-47-thread-1] INFO  server.RaftServerConfigKeys (ConfUtils.java:logGet(43)) - raft.server.log.statemachine.data.sync.timeout = 10s (default)
2019-10-09 23:56:04,319 [pool-37-thread-1] INFO  server.RaftServerConfigKeys (ConfUtils.java:logGet(43)) - raft.server.log.statemachine.data.sync = true (default)
2019-10-09 23:56:04,319 [pool-47-thread-1] INFO  server.RaftServerConfigKeys (ConfUtils.java:logGet(43)) - raft.server.log.statemachine.data.sync.timeout.retry = -1 (default)
2019-10-09 23:56:04,319 [pool-37-thread-1] INFO  server.RaftServerConfigKeys (ConfUtils.java:logGet(43)) - raft.server.log.statemachine.data.sync.timeout = 10s (default)
2019-10-09 23:56:04,319 [pool-37-thread-1] INFO  server.RaftServerConfigKeys (ConfUtils.java:logGet(43)) - raft.server.log.statemachine.data.sync.timeout.retry = -1 (default)
2019-10-09 23:56:04,319 [pool-47-thread-1] INFO  server.RaftServerConfigKeys (ConfUtils.java:logGet(43)) - raft.server.log.statemachine.data.caching.enabled = true (custom)
2019-10-09 23:56:04,319 [pool-37-thread-1] INFO  server.RaftServerConfigKeys (ConfUtils.java:logGet(43)) - raft.server.log.statemachine.data.caching.enabled = true (custom)
2019-10-09 23:56:04,320 [pool-47-thread-1] INFO  segmented.SegmentedRaftLogWorker (SegmentedRaftLogWorker.java:lambda$new$0(128)) - 004ba699-4cef-44c2-b8d9-499866424522@group-E1230868A662-SegmentedRaftLogWorker: flushIndex: setUnconditionally 0 -> -1
2019-10-09 23:56:04,320 [pool-37-thread-1] INFO  segmented.SegmentedRaftLogWorker (SegmentedRaftLogWorker.java:lambda$new$0(128)) - afe294e3-dea9-4d51-9cb1-1433faecd2aa@group-E1230868A662-SegmentedRaftLogWorker: flushIndex: setUnconditionally 0 -> -1
2019-10-09 23:56:04,320 [pool-47-thread-1] INFO  server.RaftServerConfigKeys (ConfUtils.java:logGet(43)) - raft.server.snapshot.auto.trigger.enabled = true (custom)
2019-10-09 23:56:04,320 [pool-47-thread-1] INFO  server.RaftServerConfigKeys (ConfUtils.java:logGet(43)) - raft.server.snapshot.auto.trigger.threshold = 10000 (custom)
2019-10-09 23:56:04,320 [pool-47-thread-1] INFO  server.RaftServerConfigKeys (ConfUtils.java:logGet(43)) - raft.server.snapshot.retention.file.num = 5 (custom)
2019-10-09 23:56:04,320 [pool-37-thread-1] INFO  server.RaftServerConfigKeys (ConfUtils.java:logGet(43)) - raft.server.snapshot.auto.trigger.enabled = true (custom)
2019-10-09 23:56:04,320 [pool-47-thread-1] INFO  server.RaftServerConfigKeys (ConfUtils.java:logGet(43)) - raft.server.retrycache.expirytime = 600000ms (custom)
2019-10-09 23:56:04,321 [pool-37-thread-1] INFO  server.RaftServerConfigKeys (ConfUtils.java:logGet(43)) - raft.server.snapshot.auto.trigger.threshold = 10000 (custom)
2019-10-09 23:56:04,321 [pool-37-thread-1] INFO  server.RaftServerConfigKeys (ConfUtils.java:logGet(43)) - raft.server.snapshot.retention.file.num = 5 (custom)
2019-10-09 23:56:04,321 [pool-27-thread-1] INFO  impl.RaftServerImpl (RaftServerImpl.java:start(181)) - 7349a8e7-a912-424d-91d5-5fbf095df9f6@group-E1230868A662: start as a follower, conf=-1: [afe294e3-dea9-4d51-9cb1-1433faecd2aa:192.168.164.207:38334, 7349a8e7-a912-424d-91d5-5fbf095df9f6:192.168.164.207:39780, 004ba699-4cef-44c2-b8d9-499866424522:192.168.164.207:46050], old=null
2019-10-09 23:56:04,321 [pool-27-thread-1] INFO  impl.RaftServerImpl (RaftServerImpl.java:setRole(170)) - 7349a8e7-a912-424d-91d5-5fbf095df9f6@group-E1230868A662: changes role from      null to FOLLOWER at term 0 for startAsFollower
2019-10-09 23:56:04,321 [pool-37-thread-1] INFO  server.RaftServerConfigKeys (ConfUtils.java:logGet(43)) - raft.server.retrycache.expirytime = 600000ms (custom)
2019-10-09 23:56:04,321 [pool-27-thread-1] INFO  impl.RoleInfo (RoleInfo.java:updateAndGet(143)) - 7349a8e7-a912-424d-91d5-5fbf095df9f6: start FollowerState
2019-10-09 23:56:04,322 [pool-27-thread-1] INFO  util.JmxRegister (JmxRegister.java:tryRegister(44)) - Successfully registered JMX Bean with object name Ratis:service=RaftServer,group=group-E1230868A662,id=7349a8e7-a912-424d-91d5-5fbf095df9f6
2019-10-09 23:56:04,323 [pool-47-thread-1] INFO  impl.RaftServerImpl (RaftServerImpl.java:start(181)) - 004ba699-4cef-44c2-b8d9-499866424522@group-E1230868A662: start as a follower, conf=-1: [afe294e3-dea9-4d51-9cb1-1433faecd2aa:192.168.164.207:38334, 7349a8e7-a912-424d-91d5-5fbf095df9f6:192.168.164.207:39780, 004ba699-4cef-44c2-b8d9-499866424522:192.168.164.207:46050], old=null
2019-10-09 23:56:04,323 [pool-47-thread-1] INFO  impl.RaftServerImpl (RaftServerImpl.java:setRole(170)) - 004ba699-4cef-44c2-b8d9-499866424522@group-E1230868A662: changes role from      null to FOLLOWER at term 0 for startAsFollower
2019-10-09 23:56:04,323 [pool-47-thread-1] INFO  impl.RoleInfo (RoleInfo.java:updateAndGet(143)) - 004ba699-4cef-44c2-b8d9-499866424522: start FollowerState
2019-10-09 23:56:04,323 [pool-47-thread-1] INFO  util.JmxRegister (JmxRegister.java:tryRegister(44)) - Successfully registered JMX Bean with object name Ratis:service=RaftServer,group=group-E1230868A662,id=004ba699-4cef-44c2-b8d9-499866424522
2019-10-09 23:56:04,327 [pool-37-thread-1] INFO  impl.RaftServerImpl (RaftServerImpl.java:start(181)) - afe294e3-dea9-4d51-9cb1-1433faecd2aa@group-E1230868A662: start as a follower, conf=-1: [afe294e3-dea9-4d51-9cb1-1433faecd2aa:192.168.164.207:38334, 7349a8e7-a912-424d-91d5-5fbf095df9f6:192.168.164.207:39780, 004ba699-4cef-44c2-b8d9-499866424522:192.168.164.207:46050], old=null
2019-10-09 23:56:04,327 [pool-37-thread-1] INFO  impl.RaftServerImpl (RaftServerImpl.java:setRole(170)) - afe294e3-dea9-4d51-9cb1-1433faecd2aa@group-E1230868A662: changes role from      null to FOLLOWER at term 0 for startAsFollower
2019-10-09 23:56:04,327 [pool-37-thread-1] INFO  impl.RoleInfo (RoleInfo.java:updateAndGet(143)) - afe294e3-dea9-4d51-9cb1-1433faecd2aa: start FollowerState
2019-10-09 23:56:04,328 [pool-37-thread-1] INFO  util.JmxRegister (JmxRegister.java:tryRegister(44)) - Successfully registered JMX Bean with object name Ratis:service=RaftServer,group=group-E1230868A662,id=afe294e3-dea9-4d51-9cb1-1433faecd2aa
2019-10-09 23:56:04,345 [RatisPipelineUtilsThread] INFO  pipeline.PipelineStateManager (PipelineStateManager.java:addPipeline(57)) - Created pipeline Pipeline[ Id: a75722f9-9161-4b64-8946-e1230868a662, Nodes: 7349a8e7-a912-424d-91d5-5fbf095df9f6{ip: 192.168.164.207, host: pr-hdds-1868-7c4vz-2804340038, networkLocation: /default-rack, certSerialId: null}afe294e3-dea9-4d51-9cb1-1433faecd2aa{ip: 192.168.164.207, host: pr-hdds-1868-7c4vz-2804340038, networkLocation: /default-rack, certSerialId: null}004ba699-4cef-44c2-b8d9-499866424522{ip: 192.168.164.207, host: pr-hdds-1868-7c4vz-2804340038, networkLocation: /default-rack, certSerialId: null}, Type:RATIS, Factor:THREE, State:ALLOCATED]
2019-10-09 23:56:04,346 [Thread-178] INFO  pipeline.PipelineStateManager (PipelineStateManager.java:finalizePipeline(123)) - Pipeline Pipeline[ Id: 42605412-22cc-4a25-a4b9-1361fde10f2b, Nodes: afe294e3-dea9-4d51-9cb1-1433faecd2aa{ip: 192.168.164.207, host: pr-hdds-1868-7c4vz-2804340038, networkLocation: /default-rack, certSerialId: null}, Type:RATIS, Factor:ONE, State:CLOSED] moved to CLOSED state
2019-10-09 23:56:04,355 [grpc-default-executor-1] INFO  impl.RaftServerProxy (RaftServerProxy.java:remove(95)) - afe294e3-dea9-4d51-9cb1-1433faecd2aa: remove  FOLLOWER afe294e3-dea9-4d51-9cb1-1433faecd2aa@group-1361FDE10F2B:t0, leader=null, voted=null, raftlog=afe294e3-dea9-4d51-9cb1-1433faecd2aa@group-1361FDE10F2B-SegmentedRaftLog:OPENED:c-1,f-1,i0, conf=-1: [afe294e3-dea9-4d51-9cb1-1433faecd2aa:192.168.164.207:38334], old=null RUNNING
2019-10-09 23:56:04,356 [grpc-default-executor-1] INFO  impl.RaftServerImpl (RaftServerImpl.java:lambda$shutdown$3(247)) - afe294e3-dea9-4d51-9cb1-1433faecd2aa@group-1361FDE10F2B: shutdown
2019-10-09 23:56:04,356 [grpc-default-executor-1] INFO  util.JmxRegister (JmxRegister.java:unregister(73)) - Successfully un-registered JMX Bean with object name Ratis:service=RaftServer,group=group-1361FDE10F2B,id=afe294e3-dea9-4d51-9cb1-1433faecd2aa
2019-10-09 23:56:04,356 [grpc-default-executor-1] INFO  impl.RoleInfo (RoleInfo.java:shutdownFollowerState(121)) - afe294e3-dea9-4d51-9cb1-1433faecd2aa: shutdown FollowerState
2019-10-09 23:56:04,357 [grpc-default-executor-1] INFO  impl.StateMachineUpdater (StateMachineUpdater.java:stopAndJoin(136)) - afe294e3-dea9-4d51-9cb1-1433faecd2aa@group-1361FDE10F2B-StateMachineUpdater: set stopIndex = -1
2019-10-09 23:56:04,357 [Thread-183] INFO  impl.FollowerState (FollowerState.java:run(117)) - afe294e3-dea9-4d51-9cb1-1433faecd2aa@group-1361FDE10F2B-FollowerState was interrupted: java.lang.InterruptedException: sleep interrupted
2019-10-09 23:56:04,358 [grpc-default-executor-1] INFO  impl.RaftServerImpl (ServerState.java:close(387)) - afe294e3-dea9-4d51-9cb1-1433faecd2aa@group-1361FDE10F2B: closes. applyIndex: -1
2019-10-09 23:56:04,359 [afe294e3-dea9-4d51-9cb1-1433faecd2aa@group-1361FDE10F2B-SegmentedRaftLogWorker] INFO  segmented.SegmentedRaftLogWorker (SegmentedRaftLogWorker.java:run(316)) - afe294e3-dea9-4d51-9cb1-1433faecd2aa@group-1361FDE10F2B-SegmentedRaftLogWorker was interrupted, exiting. There are 0 tasks remaining in the queue.
2019-10-09 23:56:04,359 [grpc-default-executor-1] INFO  segmented.SegmentedRaftLogWorker (SegmentedRaftLogWorker.java:close(224)) - afe294e3-dea9-4d51-9cb1-1433faecd2aa@group-1361FDE10F2B-SegmentedRaftLogWorker close()
2019-10-09 23:56:04,366 [Thread-178] INFO  pipeline.PipelineStateManager (PipelineStateManager.java:removePipeline(108)) - Pipeline Pipeline[ Id: 42605412-22cc-4a25-a4b9-1361fde10f2b, Nodes: afe294e3-dea9-4d51-9cb1-1433faecd2aa{ip: 192.168.164.207, host: pr-hdds-1868-7c4vz-2804340038, networkLocation: /default-rack, certSerialId: null}, Type:RATIS, Factor:ONE, State:CLOSED] removed from db
2019-10-09 23:56:04,367 [Thread-178] INFO  pipeline.SCMPipelineManager (SCMPipelineManager.java:finalizeAndDestroyPipeline(315)) - destroying pipeline:Pipeline[ Id: 0e8cf6fc-b05f-4d0f-aed4-3afed17240f1, Nodes: 004ba699-4cef-44c2-b8d9-499866424522{ip: 192.168.164.207, host: pr-hdds-1868-7c4vz-2804340038, networkLocation: /default-rack, certSerialId: null}, Type:RATIS, Factor:ONE, State:ALLOCATED]
2019-10-09 23:56:04,377 [grpc-default-executor-1] INFO  impl.RaftServerProxy (RaftServerProxy.java:addNew(89)) - afe294e3-dea9-4d51-9cb1-1433faecd2aa: addNew group-40FD9EC2F16C:[afe294e3-dea9-4d51-9cb1-1433faecd2aa:192.168.164.207:38334] returns group-40FD9EC2F16C:java.util.concurrent.CompletableFuture@5dc9f6eb[Not completed]
2019-10-09 23:56:04,379 [pool-37-thread-1] INFO  impl.RaftServerImpl (RaftServerImpl.java:<init>(95)) - afe294e3-dea9-4d51-9cb1-1433faecd2aa: new RaftServerImpl for group-40FD9EC2F16C:[afe294e3-dea9-4d51-9cb1-1433faecd2aa:192.168.164.207:38334] with ContainerStateMachine:uninitialized
2019-10-09 23:56:04,379 [pool-37-thread-1] INFO  server.RaftServerConfigKeys (ConfUtils.java:logGet(43)) - raft.server.rpc.timeout.min = 5s (custom)
2019-10-09 23:56:04,379 [pool-37-thread-1] INFO  server.RaftServerConfigKeys (ConfUtils.java:logGet(43)) - raft.server.rpc.timeout.max = 5200ms (custom)
2019-10-09 23:56:04,379 [pool-37-thread-1] INFO  server.RaftServerConfigKeys (ConfUtils.java:logGet(43)) - raft.server.rpcslowness.timeout = 120s (custom)
2019-10-09 23:56:04,379 [pool-37-thread-1] INFO  server.RaftServerConfigKeys (ConfUtils.java:logGet(43)) - raft.server.sleep.deviation.threshold = 300 (default)
2019-10-09 23:56:04,379 [pool-37-thread-1] INFO  server.RaftServerConfigKeys (ConfUtils.java:logGet(43)) - raft.server.log.appender.install.snapshot.enabled = false (custom)
2019-10-09 23:56:04,380 [pool-37-thread-1] INFO  impl.RaftServerImpl (ServerState.java:<init>(103)) - afe294e3-dea9-4d51-9cb1-1433faecd2aa@group-40FD9EC2F16C: ConfigurationManager, init=-1: [afe294e3-dea9-4d51-9cb1-1433faecd2aa:192.168.164.207:38334], old=null, confs=<EMPTY_MAP>
2019-10-09 23:56:04,380 [pool-37-thread-1] INFO  server.RaftServerConfigKeys (ConfUtils.java:logGet(43)) - raft.server.storage.dir = [/workdir/hadoop-ozone/tools/target/test-dir/MiniOzoneClusterImpl-3ef8ba27-9d0b-42ff-8dd4-d2a6bb16b342/datanode-1/data/ratis] (custom)
2019-10-09 23:56:04,380 [pool-37-thread-1] INFO  server.RaftServerConfigKeys (ConfUtils.java:logGet(43)) - raft.server.log.corruption.policy = EXCEPTION (default)
2019-10-09 23:56:04,380 [pool-37-thread-1] INFO  storage.RaftStorageDirectory (RaftStorageDirectory.java:analyzeStorage(246)) - The storage directory /workdir/hadoop-ozone/tools/target/test-dir/MiniOzoneClusterImpl-3ef8ba27-9d0b-42ff-8dd4-d2a6bb16b342/datanode-1/data/ratis/c950e442-6198-4677-9500-40fd9ec2f16c does not exist. Creating ...
2019-10-09 23:56:04,402 [pool-37-thread-1] INFO  storage.RaftStorageDirectory (RaftStorageDirectory.java:tryLock(328)) - Lock on /workdir/hadoop-ozone/tools/target/test-dir/MiniOzoneClusterImpl-3ef8ba27-9d0b-42ff-8dd4-d2a6bb16b342/datanode-1/data/ratis/c950e442-6198-4677-9500-40fd9ec2f16c/in_use.lock acquired by nodename 30828@pr-hdds-1868-7c4vz-2804340038
2019-10-09 23:56:04,405 [pool-37-thread-1] INFO  storage.RaftStorage (RaftStorage.java:format(84)) - Storage directory /workdir/hadoop-ozone/tools/target/test-dir/MiniOzoneClusterImpl-3ef8ba27-9d0b-42ff-8dd4-d2a6bb16b342/datanode-1/data/ratis/c950e442-6198-4677-9500-40fd9ec2f16c has been successfully formatted.
2019-10-09 23:56:04,405 [pool-37-thread-1] INFO  ratis.ContainerStateMachine (ContainerStateMachine.java:loadSnapshot(233)) - group-40FD9EC2F16C: The snapshot info is null. Setting the last applied indexto:(t:0, i:~)
2019-10-09 23:56:04,406 [pool-37-thread-1] INFO  server.RaftServerConfigKeys (ConfUtils.java:logGet(43)) - raft.server.notification.no-leader.timeout = 120s (custom)
2019-10-09 23:56:04,406 [pool-37-thread-1] INFO  server.RaftServerConfigKeys (ConfUtils.java:logGet(43)) - raft.server.log.use.memory = false (default)
2019-10-09 23:56:04,406 [pool-37-thread-1] INFO  server.RaftServerConfigKeys (ConfUtils.java:logGet(43)) - raft.server.log.purge.gap = 1000000 (custom)
2019-10-09 23:56:04,406 [pool-37-thread-1] INFO  server.RaftServerConfigKeys (ConfUtils.java:logGet(43)) - raft.server.log.appender.buffer.byte-limit = 33554432 (custom)
2019-10-09 23:56:04,407 [pool-37-thread-1] INFO  server.RaftServerConfigKeys (ConfUtils.java:logGet(43)) - raft.server.log.segment.size.max = 1048576 (custom)
2019-10-09 23:56:04,407 [pool-37-thread-1] INFO  server.RaftServerConfigKeys (ConfUtils.java:logGet(43)) - raft.server.log.segment.cache.num.max = 2 (custom)
2019-10-09 23:56:04,407 [pool-37-thread-1] INFO  segmented.SegmentedRaftLogWorker (SegmentedRaftLogWorker.java:<init>(173)) - new afe294e3-dea9-4d51-9cb1-1433faecd2aa@group-40FD9EC2F16C-SegmentedRaftLogWorker for RaftStorage:Storage Directory /workdir/hadoop-ozone/tools/target/test-dir/MiniOzoneClusterImpl-3ef8ba27-9d0b-42ff-8dd4-d2a6bb16b342/datanode-1/data/ratis/c950e442-6198-4677-9500-40fd9ec2f16c
2019-10-09 23:56:04,407 [pool-37-thread-1] INFO  server.RaftServerConfigKeys (ConfUtils.java:logGet(43)) - raft.server.log.queue.byte-limit = 2147483647 (custom)
2019-10-09 23:56:04,407 [pool-37-thread-1] INFO  server.RaftServerConfigKeys (ConfUtils.java:logGet(43)) - raft.server.log.queue.element-limit = 1024 (custom)
2019-10-09 23:56:04,408 [pool-37-thread-1] INFO  server.RaftServerConfigKeys (ConfUtils.java:logGet(43)) - raft.server.log.segment.size.max = 1048576 (custom)
2019-10-09 23:56:04,408 [pool-37-thread-1] INFO  server.RaftServerConfigKeys (ConfUtils.java:logGet(43)) - raft.server.log.preallocated.size = 16384 (custom)
2019-10-09 23:56:04,408 [pool-37-thread-1] INFO  server.RaftServerConfigKeys (ConfUtils.java:logGet(43)) - raft.server.log.write.buffer.size = 33554432 (custom)
2019-10-09 23:56:04,408 [pool-37-thread-1] INFO  server.RaftServerConfigKeys (ConfUtils.java:logGet(43)) - raft.server.log.force.sync.num = 128 (default)
2019-10-09 23:56:04,408 [pool-37-thread-1] INFO  server.RaftServerConfigKeys (ConfUtils.java:logGet(43)) - raft.server.log.statemachine.data.sync = true (default)
2019-10-09 23:56:04,409 [pool-37-thread-1] INFO  server.RaftServerConfigKeys (ConfUtils.java:logGet(43)) - raft.server.log.statemachine.data.sync.timeout = 10s (default)
2019-10-09 23:56:04,409 [pool-37-thread-1] INFO  server.RaftServerConfigKeys (ConfUtils.java:logGet(43)) - raft.server.log.statemachine.data.sync.timeout.retry = -1 (default)
2019-10-09 23:56:04,409 [pool-37-thread-1] INFO  server.RaftServerConfigKeys (ConfUtils.java:logGet(43)) - raft.server.log.statemachine.data.caching.enabled = true (custom)
2019-10-09 23:56:04,410 [pool-37-thread-1] INFO  segmented.SegmentedRaftLogWorker (SegmentedRaftLogWorker.java:lambda$new$0(128)) - afe294e3-dea9-4d51-9cb1-1433faecd2aa@group-40FD9EC2F16C-SegmentedRaftLogWorker: flushIndex: setUnconditionally 0 -> -1
2019-10-09 23:56:04,410 [pool-37-thread-1] INFO  server.RaftServerConfigKeys (ConfUtils.java:logGet(43)) - raft.server.snapshot.auto.trigger.enabled = true (custom)
2019-10-09 23:56:04,410 [pool-37-thread-1] INFO  server.RaftServerConfigKeys (ConfUtils.java:logGet(43)) - raft.server.snapshot.auto.trigger.threshold = 10000 (custom)
2019-10-09 23:56:04,410 [pool-37-thread-1] INFO  server.RaftServerConfigKeys (ConfUtils.java:logGet(43)) - raft.server.snapshot.retention.file.num = 5 (custom)
2019-10-09 23:56:04,411 [pool-37-thread-1] INFO  server.RaftServerConfigKeys (ConfUtils.java:logGet(43)) - raft.server.retrycache.expirytime = 600000ms (custom)
2019-10-09 23:56:04,415 [pool-37-thread-1] INFO  impl.RaftServerImpl (RaftServerImpl.java:start(181)) - afe294e3-dea9-4d51-9cb1-1433faecd2aa@group-40FD9EC2F16C: start as a follower, conf=-1: [afe294e3-dea9-4d51-9cb1-1433faecd2aa:192.168.164.207:38334], old=null
2019-10-09 23:56:04,415 [pool-37-thread-1] INFO  impl.RaftServerImpl (RaftServerImpl.java:setRole(170)) - afe294e3-dea9-4d51-9cb1-1433faecd2aa@group-40FD9EC2F16C: changes role from      null to FOLLOWER at term 0 for startAsFollower
2019-10-09 23:56:04,415 [pool-37-thread-1] INFO  impl.RoleInfo (RoleInfo.java:updateAndGet(143)) - afe294e3-dea9-4d51-9cb1-1433faecd2aa: start FollowerState
2019-10-09 23:56:04,416 [pool-37-thread-1] INFO  util.JmxRegister (JmxRegister.java:tryRegister(44)) - Successfully registered JMX Bean with object name Ratis:service=RaftServer,group=group-40FD9EC2F16C,id=afe294e3-dea9-4d51-9cb1-1433faecd2aa
2019-10-09 23:56:04,425 [RatisPipelineUtilsThread] INFO  pipeline.PipelineStateManager (PipelineStateManager.java:addPipeline(57)) - Created pipeline Pipeline[ Id: c950e442-6198-4677-9500-40fd9ec2f16c, Nodes: afe294e3-dea9-4d51-9cb1-1433faecd2aa{ip: 192.168.164.207, host: pr-hdds-1868-7c4vz-2804340038, networkLocation: /default-rack, certSerialId: null}, Type:RATIS, Factor:ONE, State:ALLOCATED]
2019-10-09 23:56:04,427 [Thread-178] INFO  pipeline.PipelineStateManager (PipelineStateManager.java:finalizePipeline(123)) - Pipeline Pipeline[ Id: 0e8cf6fc-b05f-4d0f-aed4-3afed17240f1, Nodes: 004ba699-4cef-44c2-b8d9-499866424522{ip: 192.168.164.207, host: pr-hdds-1868-7c4vz-2804340038, networkLocation: /default-rack, certSerialId: null}, Type:RATIS, Factor:ONE, State:CLOSED] moved to CLOSED state
2019-10-09 23:56:04,440 [grpc-default-executor-1] INFO  impl.RaftServerProxy (RaftServerProxy.java:remove(95)) - 004ba699-4cef-44c2-b8d9-499866424522: remove  FOLLOWER 004ba699-4cef-44c2-b8d9-499866424522@group-3AFED17240F1:t0, leader=null, voted=null, raftlog=004ba699-4cef-44c2-b8d9-499866424522@group-3AFED17240F1-SegmentedRaftLog:OPENED:c-1,f-1,i0, conf=-1: [004ba699-4cef-44c2-b8d9-499866424522:192.168.164.207:46050], old=null RUNNING
2019-10-09 23:56:04,440 [grpc-default-executor-1] INFO  impl.RaftServerImpl (RaftServerImpl.java:lambda$shutdown$3(247)) - 004ba699-4cef-44c2-b8d9-499866424522@group-3AFED17240F1: shutdown
2019-10-09 23:56:04,441 [grpc-default-executor-1] INFO  util.JmxRegister (JmxRegister.java:unregister(73)) - Successfully un-registered JMX Bean with object name Ratis:service=RaftServer,group=group-3AFED17240F1,id=004ba699-4cef-44c2-b8d9-499866424522
2019-10-09 23:56:04,441 [grpc-default-executor-1] INFO  impl.RoleInfo (RoleInfo.java:shutdownFollowerState(121)) - 004ba699-4cef-44c2-b8d9-499866424522: shutdown FollowerState
2019-10-09 23:56:04,441 [grpc-default-executor-1] INFO  impl.StateMachineUpdater (StateMachineUpdater.java:stopAndJoin(136)) - 004ba699-4cef-44c2-b8d9-499866424522@group-3AFED17240F1-StateMachineUpdater: set stopIndex = -1
2019-10-09 23:56:04,441 [Thread-186] INFO  impl.FollowerState (FollowerState.java:run(117)) - 004ba699-4cef-44c2-b8d9-499866424522@group-3AFED17240F1-FollowerState was interrupted: java.lang.InterruptedException: sleep interrupted
2019-10-09 23:56:04,442 [grpc-default-executor-1] INFO  impl.RaftServerImpl (ServerState.java:close(387)) - 004ba699-4cef-44c2-b8d9-499866424522@group-3AFED17240F1: closes. applyIndex: -1
2019-10-09 23:56:04,443 [004ba699-4cef-44c2-b8d9-499866424522@group-3AFED17240F1-SegmentedRaftLogWorker] INFO  segmented.SegmentedRaftLogWorker (SegmentedRaftLogWorker.java:run(316)) - 004ba699-4cef-44c2-b8d9-499866424522@group-3AFED17240F1-SegmentedRaftLogWorker was interrupted, exiting. There are 0 tasks remaining in the queue.
2019-10-09 23:56:04,443 [grpc-default-executor-1] INFO  segmented.SegmentedRaftLogWorker (SegmentedRaftLogWorker.java:close(224)) - 004ba699-4cef-44c2-b8d9-499866424522@group-3AFED17240F1-SegmentedRaftLogWorker close()
2019-10-09 23:56:04,449 [Thread-178] INFO  pipeline.PipelineStateManager (PipelineStateManager.java:removePipeline(108)) - Pipeline Pipeline[ Id: 0e8cf6fc-b05f-4d0f-aed4-3afed17240f1, Nodes: 004ba699-4cef-44c2-b8d9-499866424522{ip: 192.168.164.207, host: pr-hdds-1868-7c4vz-2804340038, networkLocation: /default-rack, certSerialId: null}, Type:RATIS, Factor:ONE, State:CLOSED] removed from db
2019-10-09 23:56:04,457 [grpc-default-executor-1] INFO  impl.RaftServerProxy (RaftServerProxy.java:addNew(89)) - 004ba699-4cef-44c2-b8d9-499866424522: addNew group-8809D979855D:[004ba699-4cef-44c2-b8d9-499866424522:192.168.164.207:46050] returns group-8809D979855D:java.util.concurrent.CompletableFuture@65398243[Not completed]
2019-10-09 23:56:04,459 [pool-47-thread-1] INFO  impl.RaftServerImpl (RaftServerImpl.java:<init>(95)) - 004ba699-4cef-44c2-b8d9-499866424522: new RaftServerImpl for group-8809D979855D:[004ba699-4cef-44c2-b8d9-499866424522:192.168.164.207:46050] with ContainerStateMachine:uninitialized
2019-10-09 23:56:04,459 [pool-47-thread-1] INFO  server.RaftServerConfigKeys (ConfUtils.java:logGet(43)) - raft.server.rpc.timeout.min = 5s (custom)
2019-10-09 23:56:04,459 [pool-47-thread-1] INFO  server.RaftServerConfigKeys (ConfUtils.java:logGet(43)) - raft.server.rpc.timeout.max = 5200ms (custom)
2019-10-09 23:56:04,460 [pool-47-thread-1] INFO  server.RaftServerConfigKeys (ConfUtils.java:logGet(43)) - raft.server.rpcslowness.timeout = 120s (custom)
2019-10-09 23:56:04,460 [pool-47-thread-1] INFO  server.RaftServerConfigKeys (ConfUtils.java:logGet(43)) - raft.server.sleep.deviation.threshold = 300 (default)
2019-10-09 23:56:04,460 [pool-47-thread-1] INFO  server.RaftServerConfigKeys (ConfUtils.java:logGet(43)) - raft.server.log.appender.install.snapshot.enabled = false (custom)
2019-10-09 23:56:04,460 [pool-47-thread-1] INFO  impl.RaftServerImpl (ServerState.java:<init>(103)) - 004ba699-4cef-44c2-b8d9-499866424522@group-8809D979855D: ConfigurationManager, init=-1: [004ba699-4cef-44c2-b8d9-499866424522:192.168.164.207:46050], old=null, confs=<EMPTY_MAP>
2019-10-09 23:56:04,460 [pool-47-thread-1] INFO  server.RaftServerConfigKeys (ConfUtils.java:logGet(43)) - raft.server.storage.dir = [/workdir/hadoop-ozone/tools/target/test-dir/MiniOzoneClusterImpl-3ef8ba27-9d0b-42ff-8dd4-d2a6bb16b342/datanode-2/data/ratis] (custom)
2019-10-09 23:56:04,461 [pool-47-thread-1] INFO  server.RaftServerConfigKeys (ConfUtils.java:logGet(43)) - raft.server.log.corruption.policy = EXCEPTION (default)
2019-10-09 23:56:04,461 [pool-47-thread-1] INFO  storage.RaftStorageDirectory (RaftStorageDirectory.java:analyzeStorage(246)) - The storage directory /workdir/hadoop-ozone/tools/target/test-dir/MiniOzoneClusterImpl-3ef8ba27-9d0b-42ff-8dd4-d2a6bb16b342/datanode-2/data/ratis/5ad8bc1a-f350-4f77-b751-8809d979855d does not exist. Creating ...
2019-10-09 23:56:04,474 [pool-47-thread-1] INFO  storage.RaftStorageDirectory (RaftStorageDirectory.java:tryLock(328)) - Lock on /workdir/hadoop-ozone/tools/target/test-dir/MiniOzoneClusterImpl-3ef8ba27-9d0b-42ff-8dd4-d2a6bb16b342/datanode-2/data/ratis/5ad8bc1a-f350-4f77-b751-8809d979855d/in_use.lock acquired by nodename 30828@pr-hdds-1868-7c4vz-2804340038
2019-10-09 23:56:04,486 [pool-47-thread-1] INFO  storage.RaftStorage (RaftStorage.java:format(84)) - Storage directory /workdir/hadoop-ozone/tools/target/test-dir/MiniOzoneClusterImpl-3ef8ba27-9d0b-42ff-8dd4-d2a6bb16b342/datanode-2/data/ratis/5ad8bc1a-f350-4f77-b751-8809d979855d has been successfully formatted.
2019-10-09 23:56:04,486 [pool-47-thread-1] INFO  ratis.ContainerStateMachine (ContainerStateMachine.java:loadSnapshot(233)) - group-8809D979855D: The snapshot info is null. Setting the last applied indexto:(t:0, i:~)
2019-10-09 23:56:04,487 [pool-47-thread-1] INFO  server.RaftServerConfigKeys (ConfUtils.java:logGet(43)) - raft.server.notification.no-leader.timeout = 120s (custom)
2019-10-09 23:56:04,487 [pool-47-thread-1] INFO  server.RaftServerConfigKeys (ConfUtils.java:logGet(43)) - raft.server.log.use.memory = false (default)
2019-10-09 23:56:04,487 [pool-47-thread-1] INFO  server.RaftServerConfigKeys (ConfUtils.java:logGet(43)) - raft.server.log.purge.gap = 1000000 (custom)
2019-10-09 23:56:04,487 [pool-47-thread-1] INFO  server.RaftServerConfigKeys (ConfUtils.java:logGet(43)) - raft.server.log.appender.buffer.byte-limit = 33554432 (custom)
2019-10-09 23:56:04,487 [pool-47-thread-1] INFO  server.RaftServerConfigKeys (ConfUtils.java:logGet(43)) - raft.server.log.segment.size.max = 1048576 (custom)
2019-10-09 23:56:04,487 [pool-47-thread-1] INFO  server.RaftServerConfigKeys (ConfUtils.java:logGet(43)) - raft.server.log.segment.cache.num.max = 2 (custom)
2019-10-09 23:56:04,487 [pool-47-thread-1] INFO  segmented.SegmentedRaftLogWorker (SegmentedRaftLogWorker.java:<init>(173)) - new 004ba699-4cef-44c2-b8d9-499866424522@group-8809D979855D-SegmentedRaftLogWorker for RaftStorage:Storage Directory /workdir/hadoop-ozone/tools/target/test-dir/MiniOzoneClusterImpl-3ef8ba27-9d0b-42ff-8dd4-d2a6bb16b342/datanode-2/data/ratis/5ad8bc1a-f350-4f77-b751-8809d979855d
2019-10-09 23:56:04,487 [pool-47-thread-1] INFO  server.RaftServerConfigKeys (ConfUtils.java:logGet(43)) - raft.server.log.queue.byte-limit = 2147483647 (custom)
2019-10-09 23:56:04,488 [pool-47-thread-1] INFO  server.RaftServerConfigKeys (ConfUtils.java:logGet(43)) - raft.server.log.queue.element-limit = 1024 (custom)
2019-10-09 23:56:04,488 [pool-47-thread-1] INFO  server.RaftServerConfigKeys (ConfUtils.java:logGet(43)) - raft.server.log.segment.size.max = 1048576 (custom)
2019-10-09 23:56:04,488 [pool-47-thread-1] INFO  server.RaftServerConfigKeys (ConfUtils.java:logGet(43)) - raft.server.log.preallocated.size = 16384 (custom)
2019-10-09 23:56:04,488 [pool-47-thread-1] INFO  server.RaftServerConfigKeys (ConfUtils.java:logGet(43)) - raft.server.log.write.buffer.size = 33554432 (custom)
2019-10-09 23:56:04,488 [pool-47-thread-1] INFO  server.RaftServerConfigKeys (ConfUtils.java:logGet(43)) - raft.server.log.force.sync.num = 128 (default)
2019-10-09 23:56:04,488 [pool-47-thread-1] INFO  server.RaftServerConfigKeys (ConfUtils.java:logGet(43)) - raft.server.log.statemachine.data.sync = true (default)
2019-10-09 23:56:04,488 [pool-47-thread-1] INFO  server.RaftServerConfigKeys (ConfUtils.java:logGet(43)) - raft.server.log.statemachine.data.sync.timeout = 10s (default)
2019-10-09 23:56:04,488 [pool-47-thread-1] INFO  server.RaftServerConfigKeys (ConfUtils.java:logGet(43)) - raft.server.log.statemachine.data.sync.timeout.retry = -1 (default)
2019-10-09 23:56:04,489 [pool-47-thread-1] INFO  server.RaftServerConfigKeys (ConfUtils.java:logGet(43)) - raft.server.log.statemachine.data.caching.enabled = true (custom)
2019-10-09 23:56:04,489 [pool-47-thread-1] INFO  segmented.SegmentedRaftLogWorker (SegmentedRaftLogWorker.java:lambda$new$0(128)) - 004ba699-4cef-44c2-b8d9-499866424522@group-8809D979855D-SegmentedRaftLogWorker: flushIndex: setUnconditionally 0 -> -1
2019-10-09 23:56:04,489 [pool-47-thread-1] INFO  server.RaftServerConfigKeys (ConfUtils.java:logGet(43)) - raft.server.snapshot.auto.trigger.enabled = true (custom)
2019-10-09 23:56:04,489 [pool-47-thread-1] INFO  server.RaftServerConfigKeys (ConfUtils.java:logGet(43)) - raft.server.snapshot.auto.trigger.threshold = 10000 (custom)
2019-10-09 23:56:04,489 [pool-47-thread-1] INFO  server.RaftServerConfigKeys (ConfUtils.java:logGet(43)) - raft.server.snapshot.retention.file.num = 5 (custom)
2019-10-09 23:56:04,489 [pool-47-thread-1] INFO  server.RaftServerConfigKeys (ConfUtils.java:logGet(43)) - raft.server.retrycache.expirytime = 600000ms (custom)
2019-10-09 23:56:04,492 [pool-47-thread-1] INFO  impl.RaftServerImpl (RaftServerImpl.java:start(181)) - 004ba699-4cef-44c2-b8d9-499866424522@group-8809D979855D: start as a follower, conf=-1: [004ba699-4cef-44c2-b8d9-499866424522:192.168.164.207:46050], old=null
2019-10-09 23:56:04,492 [pool-47-thread-1] INFO  impl.RaftServerImpl (RaftServerImpl.java:setRole(170)) - 004ba699-4cef-44c2-b8d9-499866424522@group-8809D979855D: changes role from      null to FOLLOWER at term 0 for startAsFollower
2019-10-09 23:56:04,492 [pool-47-thread-1] INFO  impl.RoleInfo (RoleInfo.java:updateAndGet(143)) - 004ba699-4cef-44c2-b8d9-499866424522: start FollowerState
2019-10-09 23:56:04,492 [pool-47-thread-1] INFO  util.JmxRegister (JmxRegister.java:tryRegister(44)) - Successfully registered JMX Bean with object name Ratis:service=RaftServer,group=group-8809D979855D,id=004ba699-4cef-44c2-b8d9-499866424522
2019-10-09 23:56:04,500 [RatisPipelineUtilsThread] INFO  pipeline.PipelineStateManager (PipelineStateManager.java:addPipeline(57)) - Created pipeline Pipeline[ Id: 5ad8bc1a-f350-4f77-b751-8809d979855d, Nodes: 004ba699-4cef-44c2-b8d9-499866424522{ip: 192.168.164.207, host: pr-hdds-1868-7c4vz-2804340038, networkLocation: /default-rack, certSerialId: null}, Type:RATIS, Factor:ONE, State:ALLOCATED]
2019-10-09 23:56:05,263 [main] INFO  ozone.MiniOzoneClusterImpl (MiniOzoneClusterImpl.java:lambda$waitForClusterToBeReady$2(164)) - Waiting for 4 number of pipelines out of 4, to report a leader.
2019-10-09 23:56:06,264 [main] INFO  ozone.MiniOzoneClusterImpl (MiniOzoneClusterImpl.java:lambda$waitForClusterToBeReady$2(164)) - Waiting for 4 number of pipelines out of 4, to report a leader.
2019-10-09 23:56:07,265 [main] INFO  ozone.MiniOzoneClusterImpl (MiniOzoneClusterImpl.java:lambda$waitForClusterToBeReady$2(164)) - Waiting for 4 number of pipelines out of 4, to report a leader.
2019-10-09 23:56:08,265 [main] INFO  ozone.MiniOzoneClusterImpl (MiniOzoneClusterImpl.java:lambda$waitForClusterToBeReady$2(164)) - Waiting for 4 number of pipelines out of 4, to report a leader.
2019-10-09 23:56:09,266 [main] INFO  ozone.MiniOzoneClusterImpl (MiniOzoneClusterImpl.java:lambda$waitForClusterToBeReady$2(164)) - Waiting for 4 number of pipelines out of 4, to report a leader.
2019-10-09 23:56:09,339 [Thread-200] INFO  impl.FollowerState (FollowerState.java:run(108)) - 7349a8e7-a912-424d-91d5-5fbf095df9f6@group-B24B446CADF6-FollowerState: change to CANDIDATE, lastRpcTime:5163ms, electionTimeout:5163ms
2019-10-09 23:56:09,340 [Thread-208] INFO  impl.FollowerState (FollowerState.java:run(108)) - 7349a8e7-a912-424d-91d5-5fbf095df9f6@group-E1230868A662-FollowerState: change to CANDIDATE, lastRpcTime:5018ms, electionTimeout:5018ms
2019-10-09 23:56:09,343 [Thread-208] INFO  impl.RoleInfo (RoleInfo.java:shutdownFollowerState(121)) - 7349a8e7-a912-424d-91d5-5fbf095df9f6: shutdown FollowerState
2019-10-09 23:56:09,343 [Thread-200] INFO  impl.RoleInfo (RoleInfo.java:shutdownFollowerState(121)) - 7349a8e7-a912-424d-91d5-5fbf095df9f6: shutdown FollowerState
2019-10-09 23:56:09,344 [Thread-208] INFO  impl.RaftServerImpl (RaftServerImpl.java:setRole(170)) - 7349a8e7-a912-424d-91d5-5fbf095df9f6@group-E1230868A662: changes role from  FOLLOWER to CANDIDATE at term 0 for changeToCandidate
2019-10-09 23:56:09,344 [Thread-200] INFO  impl.RaftServerImpl (RaftServerImpl.java:setRole(170)) - 7349a8e7-a912-424d-91d5-5fbf095df9f6@group-B24B446CADF6: changes role from  FOLLOWER to CANDIDATE at term 0 for changeToCandidate
2019-10-09 23:56:09,351 [Thread-208] INFO  impl.RoleInfo (RoleInfo.java:updateAndGet(143)) - 7349a8e7-a912-424d-91d5-5fbf095df9f6: start LeaderElection
2019-10-09 23:56:09,351 [Thread-200] INFO  impl.RoleInfo (RoleInfo.java:updateAndGet(143)) - 7349a8e7-a912-424d-91d5-5fbf095df9f6: start LeaderElection
2019-10-09 23:56:09,370 [7349a8e7-a912-424d-91d5-5fbf095df9f6@group-B24B446CADF6-LeaderElection2] INFO  impl.LeaderElection (LeaderElection.java:askForVotes(178)) - 7349a8e7-a912-424d-91d5-5fbf095df9f6@group-B24B446CADF6-LeaderElection2: begin an election at term 1 for -1: [7349a8e7-a912-424d-91d5-5fbf095df9f6:192.168.164.207:39780], old=null
2019-10-09 23:56:09,370 [7349a8e7-a912-424d-91d5-5fbf095df9f6@group-E1230868A662-LeaderElection1] INFO  impl.LeaderElection (LeaderElection.java:askForVotes(178)) - 7349a8e7-a912-424d-91d5-5fbf095df9f6@group-E1230868A662-LeaderElection1: begin an election at term 1 for -1: [afe294e3-dea9-4d51-9cb1-1433faecd2aa:192.168.164.207:38334, 7349a8e7-a912-424d-91d5-5fbf095df9f6:192.168.164.207:39780, 004ba699-4cef-44c2-b8d9-499866424522:192.168.164.207:46050], old=null
2019-10-09 23:56:09,373 [7349a8e7-a912-424d-91d5-5fbf095df9f6@group-B24B446CADF6-LeaderElection2] INFO  impl.RoleInfo (RoleInfo.java:shutdownLeaderElection(134)) - 7349a8e7-a912-424d-91d5-5fbf095df9f6: shutdown LeaderElection
2019-10-09 23:56:09,374 [7349a8e7-a912-424d-91d5-5fbf095df9f6@group-B24B446CADF6-LeaderElection2] INFO  impl.RaftServerImpl (RaftServerImpl.java:setRole(170)) - 7349a8e7-a912-424d-91d5-5fbf095df9f6@group-B24B446CADF6: changes role from CANDIDATE to LEADER at term 1 for changeToLeader
2019-10-09 23:56:09,374 [7349a8e7-a912-424d-91d5-5fbf095df9f6@group-B24B446CADF6-LeaderElection2] INFO  ratis.XceiverServerRatis (XceiverServerRatis.java:handleLeaderChangedNotification(702)) - Leader change notification received for group: group-B24B446CADF6 with new leaderId: 7349a8e7-a912-424d-91d5-5fbf095df9f6
2019-10-09 23:56:09,380 [7349a8e7-a912-424d-91d5-5fbf095df9f6@group-B24B446CADF6-LeaderElection2] INFO  impl.RaftServerImpl (ServerState.java:setLeader(255)) - 7349a8e7-a912-424d-91d5-5fbf095df9f6@group-B24B446CADF6: change Leader from null to 7349a8e7-a912-424d-91d5-5fbf095df9f6 at term 1 for becomeLeader, leader elected after 5205ms
2019-10-09 23:56:09,388 [7349a8e7-a912-424d-91d5-5fbf095df9f6@group-B24B446CADF6-LeaderElection2] INFO  server.RaftServerConfigKeys (ConfUtils.java:logGet(43)) - raft.server.staging.catchup.gap = 1000 (default)
2019-10-09 23:56:09,388 [7349a8e7-a912-424d-91d5-5fbf095df9f6@group-B24B446CADF6-LeaderElection2] INFO  server.RaftServerConfigKeys (ConfUtils.java:logGet(43)) - raft.server.rpc.sleep.time = 25ms (default)
2019-10-09 23:56:09,402 [7349a8e7-a912-424d-91d5-5fbf095df9f6@group-B24B446CADF6-LeaderElection2] INFO  server.RaftServerConfigKeys (ConfUtils.java:logGet(43)) - raft.server.write.element-limit = 4096 (default)
2019-10-09 23:56:09,411 [7349a8e7-a912-424d-91d5-5fbf095df9f6@group-B24B446CADF6-LeaderElection2] INFO  server.RaftServerConfigKeys (ConfUtils.java:logGet(43)) - raft.server.watch.timeout = 10s (default)
2019-10-09 23:56:09,411 [7349a8e7-a912-424d-91d5-5fbf095df9f6@group-B24B446CADF6-LeaderElection2] INFO  server.RaftServerConfigKeys (ConfUtils.java:logGet(43)) - raft.server.watch.timeout.denomination = 1s (default)
2019-10-09 23:56:09,413 [grpc-default-executor-1] INFO  impl.RaftServerImpl (RaftServerImpl.java:setRole(170)) - afe294e3-dea9-4d51-9cb1-1433faecd2aa@group-E1230868A662: changes role from  FOLLOWER to FOLLOWER at term 1 for recognizeCandidate:7349a8e7-a912-424d-91d5-5fbf095df9f6
2019-10-09 23:56:09,413 [grpc-default-executor-2] INFO  impl.RaftServerImpl (RaftServerImpl.java:setRole(170)) - 004ba699-4cef-44c2-b8d9-499866424522@group-E1230868A662: changes role from  FOLLOWER to FOLLOWER at term 1 for recognizeCandidate:7349a8e7-a912-424d-91d5-5fbf095df9f6
2019-10-09 23:56:09,413 [grpc-default-executor-1] INFO  impl.RoleInfo (RoleInfo.java:shutdownFollowerState(121)) - afe294e3-dea9-4d51-9cb1-1433faecd2aa: shutdown FollowerState
2019-10-09 23:56:09,414 [7349a8e7-a912-424d-91d5-5fbf095df9f6@group-B24B446CADF6-LeaderElection2] INFO  server.RaftServerConfigKeys (ConfUtils.java:logGet(43)) - raft.server.watch.element-limit = 65536 (default)
2019-10-09 23:56:09,414 [Thread-211] INFO  impl.FollowerState (FollowerState.java:run(117)) - afe294e3-dea9-4d51-9cb1-1433faecd2aa@group-E1230868A662-FollowerState was interrupted: java.lang.InterruptedException: sleep interrupted
2019-10-09 23:56:09,414 [grpc-default-executor-1] INFO  impl.RoleInfo (RoleInfo.java:updateAndGet(143)) - afe294e3-dea9-4d51-9cb1-1433faecd2aa: start FollowerState
2019-10-09 23:56:09,413 [grpc-default-executor-2] INFO  impl.RoleInfo (RoleInfo.java:shutdownFollowerState(121)) - 004ba699-4cef-44c2-b8d9-499866424522: shutdown FollowerState
2019-10-09 23:56:09,416 [Thread-209] INFO  impl.FollowerState (FollowerState.java:run(117)) - 004ba699-4cef-44c2-b8d9-499866424522@group-E1230868A662-FollowerState was interrupted: java.lang.InterruptedException: sleep interrupted
2019-10-09 23:56:09,416 [grpc-default-executor-2] INFO  impl.RoleInfo (RoleInfo.java:updateAndGet(143)) - 004ba699-4cef-44c2-b8d9-499866424522: start FollowerState
2019-10-09 23:56:09,423 [EventQueue-PipelineReportForPipelineReportHandler] INFO  pipeline.PipelineReportHandler (PipelineReportHandler.java:processPipelineReport(120)) - Pipeline PipelineID=a75722f9-9161-4b64-8946-e1230868a662 reported by 7349a8e7-a912-424d-91d5-5fbf095df9f6{ip: 192.168.164.207, host: pr-hdds-1868-7c4vz-2804340038, networkLocation: /default-rack, certSerialId: null} with leaderId 
2019-10-09 23:56:09,424 [EventQueue-PipelineReportForPipelineReportHandler] INFO  pipeline.PipelineReportHandler (PipelineReportHandler.java:processPipelineReport(120)) - Pipeline PipelineID=ed8c2de3-b438-4405-a8c9-b24b446cadf6 reported by 7349a8e7-a912-424d-91d5-5fbf095df9f6{ip: 192.168.164.207, host: pr-hdds-1868-7c4vz-2804340038, networkLocation: /default-rack, certSerialId: null} with leaderId 7349a8e7-a912-424d-91d5-5fbf095df9f6
2019-10-09 23:56:09,430 [EventQueue-PipelineReportForPipelineReportHandler] INFO  pipeline.PipelineStateManager (PipelineStateManager.java:openPipeline(136)) - Pipeline Pipeline[ Id: ed8c2de3-b438-4405-a8c9-b24b446cadf6, Nodes: 7349a8e7-a912-424d-91d5-5fbf095df9f6{ip: 192.168.164.207, host: pr-hdds-1868-7c4vz-2804340038, networkLocation: /default-rack, certSerialId: null}, Type:RATIS, Factor:ONE, State:OPEN] moved to OPEN state
2019-10-09 23:56:09,433 [7349a8e7-a912-424d-91d5-5fbf095df9f6@group-B24B446CADF6-LeaderElection2] INFO  impl.RoleInfo (RoleInfo.java:updateAndGet(143)) - 7349a8e7-a912-424d-91d5-5fbf095df9f6: start LeaderState
2019-10-09 23:56:09,448 [7349a8e7-a912-424d-91d5-5fbf095df9f6@group-E1230868A662-LeaderElection1] INFO  impl.LeaderElection (LeaderElection.java:logAndReturn(56)) - 7349a8e7-a912-424d-91d5-5fbf095df9f6@group-E1230868A662-LeaderElection1: Election PASSED; received 1 response(s) [7349a8e7-a912-424d-91d5-5fbf095df9f6<-afe294e3-dea9-4d51-9cb1-1433faecd2aa#0:OK-t1] and 0 exception(s); 7349a8e7-a912-424d-91d5-5fbf095df9f6@group-E1230868A662:t1, leader=null, voted=7349a8e7-a912-424d-91d5-5fbf095df9f6, raftlog=7349a8e7-a912-424d-91d5-5fbf095df9f6@group-E1230868A662-SegmentedRaftLog:OPENED:c-1,f-1,i0, conf=-1: [afe294e3-dea9-4d51-9cb1-1433faecd2aa:192.168.164.207:38334, 7349a8e7-a912-424d-91d5-5fbf095df9f6:192.168.164.207:39780, 004ba699-4cef-44c2-b8d9-499866424522:192.168.164.207:46050], old=null
2019-10-09 23:56:09,448 [7349a8e7-a912-424d-91d5-5fbf095df9f6@group-E1230868A662-LeaderElection1] INFO  impl.RoleInfo (RoleInfo.java:shutdownLeaderElection(134)) - 7349a8e7-a912-424d-91d5-5fbf095df9f6: shutdown LeaderElection
2019-10-09 23:56:09,450 [7349a8e7-a912-424d-91d5-5fbf095df9f6@group-E1230868A662-LeaderElection1] INFO  impl.RaftServerImpl (RaftServerImpl.java:setRole(170)) - 7349a8e7-a912-424d-91d5-5fbf095df9f6@group-E1230868A662: changes role from CANDIDATE to LEADER at term 1 for changeToLeader
2019-10-09 23:56:09,450 [7349a8e7-a912-424d-91d5-5fbf095df9f6@group-E1230868A662-LeaderElection1] INFO  ratis.XceiverServerRatis (XceiverServerRatis.java:handleLeaderChangedNotification(702)) - Leader change notification received for group: group-E1230868A662 with new leaderId: 7349a8e7-a912-424d-91d5-5fbf095df9f6
2019-10-09 23:56:09,451 [7349a8e7-a912-424d-91d5-5fbf095df9f6@group-E1230868A662-LeaderElection1] INFO  impl.RaftServerImpl (ServerState.java:setLeader(255)) - 7349a8e7-a912-424d-91d5-5fbf095df9f6@group-E1230868A662: change Leader from null to 7349a8e7-a912-424d-91d5-5fbf095df9f6 at term 1 for becomeLeader, leader elected after 5137ms
2019-10-09 23:56:09,451 [7349a8e7-a912-424d-91d5-5fbf095df9f6@group-E1230868A662-LeaderElection1] INFO  server.RaftServerConfigKeys (ConfUtils.java:logGet(43)) - raft.server.staging.catchup.gap = 1000 (default)
2019-10-09 23:56:09,451 [7349a8e7-a912-424d-91d5-5fbf095df9f6@group-E1230868A662-LeaderElection1] INFO  server.RaftServerConfigKeys (ConfUtils.java:logGet(43)) - raft.server.rpc.sleep.time = 25ms (default)
2019-10-09 23:56:09,453 [7349a8e7-a912-424d-91d5-5fbf095df9f6@group-E1230868A662-LeaderElection1] INFO  server.RaftServerConfigKeys (ConfUtils.java:logGet(43)) - raft.server.write.element-limit = 4096 (default)
2019-10-09 23:56:09,453 [7349a8e7-a912-424d-91d5-5fbf095df9f6@group-E1230868A662-LeaderElection1] INFO  server.RaftServerConfigKeys (ConfUtils.java:logGet(43)) - raft.server.watch.timeout = 10s (default)
2019-10-09 23:56:09,453 [7349a8e7-a912-424d-91d5-5fbf095df9f6@group-E1230868A662-LeaderElection1] INFO  server.RaftServerConfigKeys (ConfUtils.java:logGet(43)) - raft.server.watch.timeout.denomination = 1s (default)
2019-10-09 23:56:09,453 [7349a8e7-a912-424d-91d5-5fbf095df9f6@group-E1230868A662-LeaderElection1] INFO  server.RaftServerConfigKeys (ConfUtils.java:logGet(43)) - raft.server.watch.element-limit = 65536 (default)
2019-10-09 23:56:09,453 [EventQueue-PipelineReportForPipelineReportHandler] INFO  pipeline.PipelineReportHandler (PipelineReportHandler.java:processPipelineReport(120)) - Pipeline PipelineID=a75722f9-9161-4b64-8946-e1230868a662 reported by 7349a8e7-a912-424d-91d5-5fbf095df9f6{ip: 192.168.164.207, host: pr-hdds-1868-7c4vz-2804340038, networkLocation: /default-rack, certSerialId: null} with leaderId 7349a8e7-a912-424d-91d5-5fbf095df9f6
2019-10-09 23:56:09,461 [7349a8e7-a912-424d-91d5-5fbf095df9f6@group-B24B446CADF6-LeaderElection2] INFO  segmented.SegmentedRaftLogWorker (SegmentedRaftLogWorker.java:startLogSegment(385)) - 7349a8e7-a912-424d-91d5-5fbf095df9f6@group-B24B446CADF6-SegmentedRaftLogWorker: Starting segment from index:0
2019-10-09 23:56:09,464 [7349a8e7-a912-424d-91d5-5fbf095df9f6@group-E1230868A662-LeaderElection1] INFO  server.RaftServerConfigKeys (ConfUtils.java:logGet(43)) - raft.server.log.appender.snapshot.chunk.size.max = 16MB (=16777216) (default)
2019-10-09 23:56:09,465 [7349a8e7-a912-424d-91d5-5fbf095df9f6@group-E1230868A662-LeaderElection1] INFO  server.RaftServerConfigKeys (ConfUtils.java:logGet(43)) - raft.server.log.appender.buffer.byte-limit = 33554432 (custom)
2019-10-09 23:56:09,465 [7349a8e7-a912-424d-91d5-5fbf095df9f6@group-E1230868A662-LeaderElection1] INFO  server.RaftServerConfigKeys (ConfUtils.java:logGet(43)) - raft.server.log.appender.buffer.element-limit = 1 (custom)
2019-10-09 23:56:09,471 [7349a8e7-a912-424d-91d5-5fbf095df9f6@group-E1230868A662-LeaderElection1] INFO  grpc.GrpcConfigKeys$Server (ConfUtils.java:logGet(43)) - raft.grpc.server.leader.outstanding.appends.max = 128 (default)
2019-10-09 23:56:09,472 [7349a8e7-a912-424d-91d5-5fbf095df9f6@group-E1230868A662-LeaderElection1] INFO  server.RaftServerConfigKeys (ConfUtils.java:logGet(43)) - raft.server.rpc.request.timeout = 3000ms (default)
2019-10-09 23:56:09,472 [7349a8e7-a912-424d-91d5-5fbf095df9f6@group-E1230868A662-LeaderElection1] INFO  server.RaftServerConfigKeys (ConfUtils.java:logGet(43)) - raft.server.log.appender.install.snapshot.enabled = false (custom)
2019-10-09 23:56:09,474 [7349a8e7-a912-424d-91d5-5fbf095df9f6@group-B24B446CADF6-LeaderElection2] INFO  impl.RaftServerImpl (ServerState.java:setRaftConf(356)) - 7349a8e7-a912-424d-91d5-5fbf095df9f6@group-B24B446CADF6: set configuration 0: [7349a8e7-a912-424d-91d5-5fbf095df9f6:192.168.164.207:39780], old=null at 0
2019-10-09 23:56:09,475 [7349a8e7-a912-424d-91d5-5fbf095df9f6@group-E1230868A662-LeaderElection1] INFO  server.RaftServerConfigKeys (ConfUtils.java:logGet(43)) - raft.server.log.appender.snapshot.chunk.size.max = 16MB (=16777216) (default)
2019-10-09 23:56:09,475 [7349a8e7-a912-424d-91d5-5fbf095df9f6@group-E1230868A662-LeaderElection1] INFO  server.RaftServerConfigKeys (ConfUtils.java:logGet(43)) - raft.server.log.appender.buffer.byte-limit = 33554432 (custom)
2019-10-09 23:56:09,476 [7349a8e7-a912-424d-91d5-5fbf095df9f6@group-E1230868A662-LeaderElection1] INFO  server.RaftServerConfigKeys (ConfUtils.java:logGet(43)) - raft.server.log.appender.buffer.element-limit = 1 (custom)
2019-10-09 23:56:09,476 [7349a8e7-a912-424d-91d5-5fbf095df9f6@group-E1230868A662-LeaderElection1] INFO  grpc.GrpcConfigKeys$Server (ConfUtils.java:logGet(43)) - raft.grpc.server.leader.outstanding.appends.max = 128 (default)
2019-10-09 23:56:09,476 [7349a8e7-a912-424d-91d5-5fbf095df9f6@group-E1230868A662-LeaderElection1] INFO  server.RaftServerConfigKeys (ConfUtils.java:logGet(43)) - raft.server.rpc.request.timeout = 3000ms (default)
2019-10-09 23:56:09,476 [7349a8e7-a912-424d-91d5-5fbf095df9f6@group-E1230868A662-LeaderElection1] INFO  server.RaftServerConfigKeys (ConfUtils.java:logGet(43)) - raft.server.log.appender.install.snapshot.enabled = false (custom)
2019-10-09 23:56:09,481 [7349a8e7-a912-424d-91d5-5fbf095df9f6@group-E1230868A662-LeaderElection1] INFO  impl.RoleInfo (RoleInfo.java:updateAndGet(143)) - 7349a8e7-a912-424d-91d5-5fbf095df9f6: start LeaderState
2019-10-09 23:56:09,481 [7349a8e7-a912-424d-91d5-5fbf095df9f6@group-E1230868A662-LeaderElection1] INFO  segmented.SegmentedRaftLogWorker (SegmentedRaftLogWorker.java:startLogSegment(385)) - 7349a8e7-a912-424d-91d5-5fbf095df9f6@group-E1230868A662-SegmentedRaftLogWorker: Starting segment from index:0
2019-10-09 23:56:09,483 [7349a8e7-a912-424d-91d5-5fbf095df9f6@group-E1230868A662-LeaderElection1] INFO  impl.RaftServerImpl (ServerState.java:setRaftConf(356)) - 7349a8e7-a912-424d-91d5-5fbf095df9f6@group-E1230868A662: set configuration 0: [afe294e3-dea9-4d51-9cb1-1433faecd2aa:192.168.164.207:38334, 7349a8e7-a912-424d-91d5-5fbf095df9f6:192.168.164.207:39780, 004ba699-4cef-44c2-b8d9-499866424522:192.168.164.207:46050], old=null at 0
2019-10-09 23:56:09,511 [grpc-default-executor-2] INFO  ratis.XceiverServerRatis (XceiverServerRatis.java:handleLeaderChangedNotification(702)) - Leader change notification received for group: group-E1230868A662 with new leaderId: 7349a8e7-a912-424d-91d5-5fbf095df9f6
2019-10-09 23:56:09,511 [grpc-default-executor-1] INFO  ratis.XceiverServerRatis (XceiverServerRatis.java:handleLeaderChangedNotification(702)) - Leader change notification received for group: group-E1230868A662 with new leaderId: 7349a8e7-a912-424d-91d5-5fbf095df9f6
2019-10-09 23:56:09,512 [grpc-default-executor-2] INFO  impl.RaftServerImpl (ServerState.java:setLeader(255)) - 004ba699-4cef-44c2-b8d9-499866424522@group-E1230868A662: change Leader from null to 7349a8e7-a912-424d-91d5-5fbf095df9f6 at term 1 for appendEntries, leader elected after 5197ms
2019-10-09 23:56:09,513 [grpc-default-executor-1] INFO  impl.RaftServerImpl (ServerState.java:setLeader(255)) - afe294e3-dea9-4d51-9cb1-1433faecd2aa@group-E1230868A662: change Leader from null to 7349a8e7-a912-424d-91d5-5fbf095df9f6 at term 1 for appendEntries, leader elected after 5197ms
2019-10-09 23:56:09,517 [EventQueue-PipelineReportForPipelineReportHandler] INFO  pipeline.PipelineReportHandler (PipelineReportHandler.java:processPipelineReport(120)) - Pipeline PipelineID=a75722f9-9161-4b64-8946-e1230868a662 reported by 004ba699-4cef-44c2-b8d9-499866424522{ip: 192.168.164.207, host: pr-hdds-1868-7c4vz-2804340038, networkLocation: /default-rack, certSerialId: null} with leaderId 7349a8e7-a912-424d-91d5-5fbf095df9f6
2019-10-09 23:56:09,517 [EventQueue-PipelineReportForPipelineReportHandler] INFO  pipeline.PipelineReportHandler (PipelineReportHandler.java:processPipelineReport(120)) - Pipeline PipelineID=5ad8bc1a-f350-4f77-b751-8809d979855d reported by 004ba699-4cef-44c2-b8d9-499866424522{ip: 192.168.164.207, host: pr-hdds-1868-7c4vz-2804340038, networkLocation: /default-rack, certSerialId: null} with leaderId 
2019-10-09 23:56:09,518 [EventQueue-PipelineReportForPipelineReportHandler] INFO  pipeline.PipelineStateManager (PipelineStateManager.java:openPipeline(136)) - Pipeline Pipeline[ Id: 5ad8bc1a-f350-4f77-b751-8809d979855d, Nodes: 004ba699-4cef-44c2-b8d9-499866424522{ip: 192.168.164.207, host: pr-hdds-1868-7c4vz-2804340038, networkLocation: /default-rack, certSerialId: null}, Type:RATIS, Factor:ONE, State:OPEN] moved to OPEN state
2019-10-09 23:56:09,518 [EventQueue-PipelineReportForPipelineReportHandler] INFO  pipeline.PipelineReportHandler (PipelineReportHandler.java:processPipelineReport(120)) - Pipeline PipelineID=a75722f9-9161-4b64-8946-e1230868a662 reported by afe294e3-dea9-4d51-9cb1-1433faecd2aa{ip: 192.168.164.207, host: pr-hdds-1868-7c4vz-2804340038, networkLocation: /default-rack, certSerialId: null} with leaderId 7349a8e7-a912-424d-91d5-5fbf095df9f6
2019-10-09 23:56:09,518 [EventQueue-PipelineReportForPipelineReportHandler] INFO  pipeline.PipelineStateManager (PipelineStateManager.java:openPipeline(136)) - Pipeline Pipeline[ Id: a75722f9-9161-4b64-8946-e1230868a662, Nodes: 7349a8e7-a912-424d-91d5-5fbf095df9f6{ip: 192.168.164.207, host: pr-hdds-1868-7c4vz-2804340038, networkLocation: /default-rack, certSerialId: null}afe294e3-dea9-4d51-9cb1-1433faecd2aa{ip: 192.168.164.207, host: pr-hdds-1868-7c4vz-2804340038, networkLocation: /default-rack, certSerialId: null}004ba699-4cef-44c2-b8d9-499866424522{ip: 192.168.164.207, host: pr-hdds-1868-7c4vz-2804340038, networkLocation: /default-rack, certSerialId: null}, Type:RATIS, Factor:THREE, State:OPEN] moved to OPEN state
2019-10-09 23:56:09,520 [EventQueue-PipelineReportForPipelineReportHandler] INFO  pipeline.PipelineReportHandler (PipelineReportHandler.java:processPipelineReport(120)) - Pipeline PipelineID=c950e442-6198-4677-9500-40fd9ec2f16c reported by afe294e3-dea9-4d51-9cb1-1433faecd2aa{ip: 192.168.164.207, host: pr-hdds-1868-7c4vz-2804340038, networkLocation: /default-rack, certSerialId: null} with leaderId 
2019-10-09 23:56:09,520 [EventQueue-PipelineReportForPipelineReportHandler] INFO  pipeline.PipelineStateManager (PipelineStateManager.java:openPipeline(136)) - Pipeline Pipeline[ Id: c950e442-6198-4677-9500-40fd9ec2f16c, Nodes: afe294e3-dea9-4d51-9cb1-1433faecd2aa{ip: 192.168.164.207, host: pr-hdds-1868-7c4vz-2804340038, networkLocation: /default-rack, certSerialId: null}, Type:RATIS, Factor:ONE, State:OPEN] moved to OPEN state
2019-10-09 23:56:09,552 [grpc-default-executor-2] INFO  impl.RaftServerImpl (ServerState.java:setRaftConf(356)) - afe294e3-dea9-4d51-9cb1-1433faecd2aa@group-E1230868A662: set configuration 0: [afe294e3-dea9-4d51-9cb1-1433faecd2aa:192.168.164.207:38334, 7349a8e7-a912-424d-91d5-5fbf095df9f6:192.168.164.207:39780, 004ba699-4cef-44c2-b8d9-499866424522:192.168.164.207:46050], old=null at 0
2019-10-09 23:56:09,552 [grpc-default-executor-1] INFO  impl.RaftServerImpl (ServerState.java:setRaftConf(356)) - 004ba699-4cef-44c2-b8d9-499866424522@group-E1230868A662: set configuration 0: [afe294e3-dea9-4d51-9cb1-1433faecd2aa:192.168.164.207:38334, 7349a8e7-a912-424d-91d5-5fbf095df9f6:192.168.164.207:39780, 004ba699-4cef-44c2-b8d9-499866424522:192.168.164.207:46050], old=null at 0
2019-10-09 23:56:09,553 [grpc-default-executor-2] INFO  segmented.SegmentedRaftLogWorker (SegmentedRaftLogWorker.java:startLogSegment(385)) - afe294e3-dea9-4d51-9cb1-1433faecd2aa@group-E1230868A662-SegmentedRaftLogWorker: Starting segment from index:0
2019-10-09 23:56:09,553 [grpc-default-executor-1] INFO  segmented.SegmentedRaftLogWorker (SegmentedRaftLogWorker.java:startLogSegment(385)) - 004ba699-4cef-44c2-b8d9-499866424522@group-E1230868A662-SegmentedRaftLogWorker: Starting segment from index:0
2019-10-09 23:56:09,584 [Thread-216] INFO  impl.FollowerState (FollowerState.java:run(108)) - afe294e3-dea9-4d51-9cb1-1433faecd2aa@group-40FD9EC2F16C-FollowerState: change to CANDIDATE, lastRpcTime:5168ms, electionTimeout:5168ms
2019-10-09 23:56:09,584 [Thread-216] INFO  impl.RoleInfo (RoleInfo.java:shutdownFollowerState(121)) - afe294e3-dea9-4d51-9cb1-1433faecd2aa: shutdown FollowerState
2019-10-09 23:56:09,584 [Thread-216] INFO  impl.RaftServerImpl (RaftServerImpl.java:setRole(170)) - afe294e3-dea9-4d51-9cb1-1433faecd2aa@group-40FD9EC2F16C: changes role from  FOLLOWER to CANDIDATE at term 0 for changeToCandidate
2019-10-09 23:56:09,585 [Thread-216] INFO  impl.RoleInfo (RoleInfo.java:updateAndGet(143)) - afe294e3-dea9-4d51-9cb1-1433faecd2aa: start LeaderElection
2019-10-09 23:56:09,601 [afe294e3-dea9-4d51-9cb1-1433faecd2aa@group-40FD9EC2F16C-LeaderElection3] INFO  impl.LeaderElection (LeaderElection.java:askForVotes(178)) - afe294e3-dea9-4d51-9cb1-1433faecd2aa@group-40FD9EC2F16C-LeaderElection3: begin an election at term 1 for -1: [afe294e3-dea9-4d51-9cb1-1433faecd2aa:192.168.164.207:38334], old=null
2019-10-09 23:56:09,601 [afe294e3-dea9-4d51-9cb1-1433faecd2aa@group-40FD9EC2F16C-LeaderElection3] INFO  impl.RoleInfo (RoleInfo.java:shutdownLeaderElection(134)) - afe294e3-dea9-4d51-9cb1-1433faecd2aa: shutdown LeaderElection
2019-10-09 23:56:09,601 [afe294e3-dea9-4d51-9cb1-1433faecd2aa@group-40FD9EC2F16C-LeaderElection3] INFO  impl.RaftServerImpl (RaftServerImpl.java:setRole(170)) - afe294e3-dea9-4d51-9cb1-1433faecd2aa@group-40FD9EC2F16C: changes role from CANDIDATE to LEADER at term 1 for changeToLeader
2019-10-09 23:56:09,601 [afe294e3-dea9-4d51-9cb1-1433faecd2aa@group-40FD9EC2F16C-LeaderElection3] INFO  ratis.XceiverServerRatis (XceiverServerRatis.java:handleLeaderChangedNotification(702)) - Leader change notification received for group: group-40FD9EC2F16C with new leaderId: afe294e3-dea9-4d51-9cb1-1433faecd2aa
2019-10-09 23:56:09,601 [afe294e3-dea9-4d51-9cb1-1433faecd2aa@group-40FD9EC2F16C-LeaderElection3] INFO  impl.RaftServerImpl (ServerState.java:setLeader(255)) - afe294e3-dea9-4d51-9cb1-1433faecd2aa@group-40FD9EC2F16C: change Leader from null to afe294e3-dea9-4d51-9cb1-1433faecd2aa at term 1 for becomeLeader, leader elected after 5195ms
2019-10-09 23:56:09,602 [afe294e3-dea9-4d51-9cb1-1433faecd2aa@group-40FD9EC2F16C-LeaderElection3] INFO  server.RaftServerConfigKeys (ConfUtils.java:logGet(43)) - raft.server.staging.catchup.gap = 1000 (default)
2019-10-09 23:56:09,602 [afe294e3-dea9-4d51-9cb1-1433faecd2aa@group-40FD9EC2F16C-LeaderElection3] INFO  server.RaftServerConfigKeys (ConfUtils.java:logGet(43)) - raft.server.rpc.sleep.time = 25ms (default)
2019-10-09 23:56:09,602 [afe294e3-dea9-4d51-9cb1-1433faecd2aa@group-40FD9EC2F16C-LeaderElection3] INFO  server.RaftServerConfigKeys (ConfUtils.java:logGet(43)) - raft.server.write.element-limit = 4096 (default)
2019-10-09 23:56:09,603 [afe294e3-dea9-4d51-9cb1-1433faecd2aa@group-40FD9EC2F16C-LeaderElection3] INFO  server.RaftServerConfigKeys (ConfUtils.java:logGet(43)) - raft.server.watch.timeout = 10s (default)
2019-10-09 23:56:09,604 [afe294e3-dea9-4d51-9cb1-1433faecd2aa@group-40FD9EC2F16C-LeaderElection3] INFO  server.RaftServerConfigKeys (ConfUtils.java:logGet(43)) - raft.server.watch.timeout.denomination = 1s (default)
2019-10-09 23:56:09,604 [afe294e3-dea9-4d51-9cb1-1433faecd2aa@group-40FD9EC2F16C-LeaderElection3] INFO  server.RaftServerConfigKeys (ConfUtils.java:logGet(43)) - raft.server.watch.element-limit = 65536 (default)
2019-10-09 23:56:09,610 [afe294e3-dea9-4d51-9cb1-1433faecd2aa@group-40FD9EC2F16C-LeaderElection3] INFO  impl.RoleInfo (RoleInfo.java:updateAndGet(143)) - afe294e3-dea9-4d51-9cb1-1433faecd2aa: start LeaderState
2019-10-09 23:56:09,610 [afe294e3-dea9-4d51-9cb1-1433faecd2aa@group-40FD9EC2F16C-LeaderElection3] INFO  segmented.SegmentedRaftLogWorker (SegmentedRaftLogWorker.java:startLogSegment(385)) - afe294e3-dea9-4d51-9cb1-1433faecd2aa@group-40FD9EC2F16C-SegmentedRaftLogWorker: Starting segment from index:0
2019-10-09 23:56:09,611 [afe294e3-dea9-4d51-9cb1-1433faecd2aa@group-40FD9EC2F16C-LeaderElection3] INFO  impl.RaftServerImpl (ServerState.java:setRaftConf(356)) - afe294e3-dea9-4d51-9cb1-1433faecd2aa@group-40FD9EC2F16C: set configuration 0: [afe294e3-dea9-4d51-9cb1-1433faecd2aa:192.168.164.207:38334], old=null at 0
2019-10-09 23:56:09,689 [Thread-220] INFO  impl.FollowerState (FollowerState.java:run(108)) - 004ba699-4cef-44c2-b8d9-499866424522@group-8809D979855D-FollowerState: change to CANDIDATE, lastRpcTime:5196ms, electionTimeout:5196ms
2019-10-09 23:56:09,689 [Thread-220] INFO  impl.RoleInfo (RoleInfo.java:shutdownFollowerState(121)) - 004ba699-4cef-44c2-b8d9-499866424522: shutdown FollowerState
2019-10-09 23:56:09,689 [Thread-220] INFO  impl.RaftServerImpl (RaftServerImpl.java:setRole(170)) - 004ba699-4cef-44c2-b8d9-499866424522@group-8809D979855D: changes role from  FOLLOWER to CANDIDATE at term 0 for changeToCandidate
2019-10-09 23:56:09,690 [Thread-220] INFO  impl.RoleInfo (RoleInfo.java:updateAndGet(143)) - 004ba699-4cef-44c2-b8d9-499866424522: start LeaderElection
2019-10-09 23:56:09,694 [7349a8e7-a912-424d-91d5-5fbf095df9f6@group-B24B446CADF6-SegmentedRaftLogWorker] INFO  segmented.SegmentedRaftLogWorker (SegmentedRaftLogWorker.java:execute(576)) - 7349a8e7-a912-424d-91d5-5fbf095df9f6@group-B24B446CADF6-SegmentedRaftLogWorker: created new log segment /workdir/hadoop-ozone/tools/target/test-dir/MiniOzoneClusterImpl-3ef8ba27-9d0b-42ff-8dd4-d2a6bb16b342/datanode-0/data/ratis/ed8c2de3-b438-4405-a8c9-b24b446cadf6/current/log_inprogress_0
2019-10-09 23:56:09,694 [7349a8e7-a912-424d-91d5-5fbf095df9f6@group-E1230868A662-SegmentedRaftLogWorker] INFO  segmented.SegmentedRaftLogWorker (SegmentedRaftLogWorker.java:execute(576)) - 7349a8e7-a912-424d-91d5-5fbf095df9f6@group-E1230868A662-SegmentedRaftLogWorker: created new log segment /workdir/hadoop-ozone/tools/target/test-dir/MiniOzoneClusterImpl-3ef8ba27-9d0b-42ff-8dd4-d2a6bb16b342/datanode-0/data/ratis/a75722f9-9161-4b64-8946-e1230868a662/current/log_inprogress_0
2019-10-09 23:56:09,695 [afe294e3-dea9-4d51-9cb1-1433faecd2aa@group-40FD9EC2F16C-SegmentedRaftLogWorker] INFO  segmented.SegmentedRaftLogWorker (SegmentedRaftLogWorker.java:execute(576)) - afe294e3-dea9-4d51-9cb1-1433faecd2aa@group-40FD9EC2F16C-SegmentedRaftLogWorker: created new log segment /workdir/hadoop-ozone/tools/target/test-dir/MiniOzoneClusterImpl-3ef8ba27-9d0b-42ff-8dd4-d2a6bb16b342/datanode-1/data/ratis/c950e442-6198-4677-9500-40fd9ec2f16c/current/log_inprogress_0
2019-10-09 23:56:09,695 [afe294e3-dea9-4d51-9cb1-1433faecd2aa@group-E1230868A662-SegmentedRaftLogWorker] INFO  segmented.SegmentedRaftLogWorker (SegmentedRaftLogWorker.java:execute(576)) - afe294e3-dea9-4d51-9cb1-1433faecd2aa@group-E1230868A662-SegmentedRaftLogWorker: created new log segment /workdir/hadoop-ozone/tools/target/test-dir/MiniOzoneClusterImpl-3ef8ba27-9d0b-42ff-8dd4-d2a6bb16b342/datanode-1/data/ratis/a75722f9-9161-4b64-8946-e1230868a662/current/log_inprogress_0
2019-10-09 23:56:09,694 [004ba699-4cef-44c2-b8d9-499866424522@group-E1230868A662-SegmentedRaftLogWorker] INFO  segmented.SegmentedRaftLogWorker (SegmentedRaftLogWorker.java:execute(576)) - 004ba699-4cef-44c2-b8d9-499866424522@group-E1230868A662-SegmentedRaftLogWorker: created new log segment /workdir/hadoop-ozone/tools/target/test-dir/MiniOzoneClusterImpl-3ef8ba27-9d0b-42ff-8dd4-d2a6bb16b342/datanode-2/data/ratis/a75722f9-9161-4b64-8946-e1230868a662/current/log_inprogress_0
2019-10-09 23:56:09,708 [004ba699-4cef-44c2-b8d9-499866424522@group-8809D979855D-LeaderElection4] INFO  impl.LeaderElection (LeaderElection.java:askForVotes(178)) - 004ba699-4cef-44c2-b8d9-499866424522@group-8809D979855D-LeaderElection4: begin an election at term 1 for -1: [004ba699-4cef-44c2-b8d9-499866424522:192.168.164.207:46050], old=null
2019-10-09 23:56:09,708 [004ba699-4cef-44c2-b8d9-499866424522@group-8809D979855D-LeaderElection4] INFO  impl.RoleInfo (RoleInfo.java:shutdownLeaderElection(134)) - 004ba699-4cef-44c2-b8d9-499866424522: shutdown LeaderElection
2019-10-09 23:56:09,708 [004ba699-4cef-44c2-b8d9-499866424522@group-8809D979855D-LeaderElection4] INFO  impl.RaftServerImpl (RaftServerImpl.java:setRole(170)) - 004ba699-4cef-44c2-b8d9-499866424522@group-8809D979855D: changes role from CANDIDATE to LEADER at term 1 for changeToLeader
2019-10-09 23:56:09,708 [004ba699-4cef-44c2-b8d9-499866424522@group-8809D979855D-LeaderElection4] INFO  ratis.XceiverServerRatis (XceiverServerRatis.java:handleLeaderChangedNotification(702)) - Leader change notification received for group: group-8809D979855D with new leaderId: 004ba699-4cef-44c2-b8d9-499866424522
2019-10-09 23:56:09,709 [004ba699-4cef-44c2-b8d9-499866424522@group-8809D979855D-LeaderElection4] INFO  impl.RaftServerImpl (ServerState.java:setLeader(255)) - 004ba699-4cef-44c2-b8d9-499866424522@group-8809D979855D: change Leader from null to 004ba699-4cef-44c2-b8d9-499866424522 at term 1 for becomeLeader, leader elected after 5221ms
2019-10-09 23:56:09,709 [004ba699-4cef-44c2-b8d9-499866424522@group-8809D979855D-LeaderElection4] INFO  server.RaftServerConfigKeys (ConfUtils.java:logGet(43)) - raft.server.staging.catchup.gap = 1000 (default)
2019-10-09 23:56:09,709 [004ba699-4cef-44c2-b8d9-499866424522@group-8809D979855D-LeaderElection4] INFO  server.RaftServerConfigKeys (ConfUtils.java:logGet(43)) - raft.server.rpc.sleep.time = 25ms (default)
2019-10-09 23:56:09,710 [004ba699-4cef-44c2-b8d9-499866424522@group-8809D979855D-LeaderElection4] INFO  server.RaftServerConfigKeys (ConfUtils.java:logGet(43)) - raft.server.write.element-limit = 4096 (default)
2019-10-09 23:56:09,710 [004ba699-4cef-44c2-b8d9-499866424522@group-8809D979855D-LeaderElection4] INFO  server.RaftServerConfigKeys (ConfUtils.java:logGet(43)) - raft.server.watch.timeout = 10s (default)
2019-10-09 23:56:09,711 [004ba699-4cef-44c2-b8d9-499866424522@group-8809D979855D-LeaderElection4] INFO  server.RaftServerConfigKeys (ConfUtils.java:logGet(43)) - raft.server.watch.timeout.denomination = 1s (default)
2019-10-09 23:56:09,712 [004ba699-4cef-44c2-b8d9-499866424522@group-8809D979855D-LeaderElection4] INFO  server.RaftServerConfigKeys (ConfUtils.java:logGet(43)) - raft.server.watch.element-limit = 65536 (default)
2019-10-09 23:56:09,716 [004ba699-4cef-44c2-b8d9-499866424522@group-8809D979855D-LeaderElection4] INFO  impl.RoleInfo (RoleInfo.java:updateAndGet(143)) - 004ba699-4cef-44c2-b8d9-499866424522: start LeaderState
2019-10-09 23:56:09,716 [004ba699-4cef-44c2-b8d9-499866424522@group-8809D979855D-LeaderElection4] INFO  segmented.SegmentedRaftLogWorker (SegmentedRaftLogWorker.java:startLogSegment(385)) - 004ba699-4cef-44c2-b8d9-499866424522@group-8809D979855D-SegmentedRaftLogWorker: Starting segment from index:0
2019-10-09 23:56:09,717 [004ba699-4cef-44c2-b8d9-499866424522@group-8809D979855D-LeaderElection4] INFO  impl.RaftServerImpl (ServerState.java:setRaftConf(356)) - 004ba699-4cef-44c2-b8d9-499866424522@group-8809D979855D: set configuration 0: [004ba699-4cef-44c2-b8d9-499866424522:192.168.164.207:46050], old=null at 0
2019-10-09 23:56:09,776 [004ba699-4cef-44c2-b8d9-499866424522@group-8809D979855D-SegmentedRaftLogWorker] INFO  segmented.SegmentedRaftLogWorker (SegmentedRaftLogWorker.java:execute(576)) - 004ba699-4cef-44c2-b8d9-499866424522@group-8809D979855D-SegmentedRaftLogWorker: created new log segment /workdir/hadoop-ozone/tools/target/test-dir/MiniOzoneClusterImpl-3ef8ba27-9d0b-42ff-8dd4-d2a6bb16b342/datanode-2/data/ratis/5ad8bc1a-f350-4f77-b751-8809d979855d/current/log_inprogress_0
2019-10-09 23:56:10,267 [main] INFO  ozone.MiniOzoneClusterImpl (MiniOzoneClusterImpl.java:lambda$waitForClusterToBeReady$2(172)) - Cluster is ready. Got 3 of 3 DN Heartbeats.
2019-10-09 23:56:11,339 [main] INFO  freon.RandomKeyGenerator (RandomKeyGenerator.java:call(283)) - Number of Threads: 10
2019-10-09 23:56:11,339 [main] INFO  freon.RandomKeyGenerator (RandomKeyGenerator.java:call(288)) - Number of Volumes: 1.
2019-10-09 23:56:11,340 [main] INFO  freon.RandomKeyGenerator (RandomKeyGenerator.java:call(289)) - Number of Buckets per Volume: 1.
2019-10-09 23:56:11,340 [main] INFO  freon.RandomKeyGenerator (RandomKeyGenerator.java:call(290)) - Number of Keys per Bucket: 1.
2019-10-09 23:56:11,340 [main] INFO  freon.RandomKeyGenerator (RandomKeyGenerator.java:call(291)) - Key size: 20971520 bytes
2019-10-09 23:56:11,340 [main] INFO  freon.RandomKeyGenerator (RandomKeyGenerator.java:call(292)) - Buffer size: 4096 bytes
2019-10-09 23:56:11,340 [main] INFO  freon.RandomKeyGenerator (RandomKeyGenerator.java:call(293)) - validateWrites : true
2019-10-09 23:56:11,344 [main] INFO  freon.RandomKeyGenerator (RandomKeyGenerator.java:call(307)) - Data validation is enabled.
2019-10-09 23:56:11,345 [main] INFO  freon.RandomKeyGenerator (RandomKeyGenerator.java:call(313)) - Starting progress bar Thread.

 0.00% |█                                                                                                    |  0/1 Time: 0:00:002019-10-09 23:56:11,374 [pool-53-thread-1] INFO  rpc.RpcClient (RpcClient.java:createVolume(272)) - Creating Volume: vol-0-43143, with jenkins1000 as owner.
2019-10-09 23:56:11,491 [IPC Server handler 16 on 34591] INFO  volume.OMVolumeCreateRequest (OMVolumeCreateRequest.java:validateAndUpdateCache(193)) - created volume:vol-0-43143 for user:jenkins1000
2019-10-09 23:56:11,532 [pool-53-thread-2] INFO  rpc.RpcClient (RpcClient.java:createBucket(411)) - Creating Bucket: vol-0-43143/bucket-0-81009, with Versioning false and Storage Type set to DISK and Encryption set to false 
2019-10-09 23:56:11,747 [pool-53-thread-3] INFO  impl.MetricsSystemImpl (MetricsSystemImpl.java:init(158)) - XceiverClientMetrics metrics system started (again)
 0.00% |█                                                                                                    |  0/1 Time: 0:00:01 0.00% |█                                                                                                    |  0/1 Time: 0:00:02 100.00% |█████████████████████████████████████████████████████████████████████████████████████████████████████|  1/1 Time: 0:00:03
2019-10-09 23:56:19,360 [main] INFO  pipeline.SCMPipelineManager (SCMPipelineManager.java:finalizeAndDestroyPipeline(315)) - destroying pipeline:Pipeline[ Id: a75722f9-9161-4b64-8946-e1230868a662, Nodes: 7349a8e7-a912-424d-91d5-5fbf095df9f6{ip: 192.168.164.207, host: pr-hdds-1868-7c4vz-2804340038, networkLocation: /default-rack, certSerialId: null}afe294e3-dea9-4d51-9cb1-1433faecd2aa{ip: 192.168.164.207, host: pr-hdds-1868-7c4vz-2804340038, networkLocation: /default-rack, certSerialId: null}004ba699-4cef-44c2-b8d9-499866424522{ip: 192.168.164.207, host: pr-hdds-1868-7c4vz-2804340038, networkLocation: /default-rack, certSerialId: null}, Type:RATIS, Factor:THREE, State:OPEN]
2019-10-09 23:56:19,361 [main] INFO  pipeline.PipelineStateManager (PipelineStateManager.java:finalizePipeline(123)) - Pipeline Pipeline[ Id: a75722f9-9161-4b64-8946-e1230868a662, Nodes: 7349a8e7-a912-424d-91d5-5fbf095df9f6{ip: 192.168.164.207, host: pr-hdds-1868-7c4vz-2804340038, networkLocation: /default-rack, certSerialId: null}afe294e3-dea9-4d51-9cb1-1433faecd2aa{ip: 192.168.164.207, host: pr-hdds-1868-7c4vz-2804340038, networkLocation: /default-rack, certSerialId: null}004ba699-4cef-44c2-b8d9-499866424522{ip: 192.168.164.207, host: pr-hdds-1868-7c4vz-2804340038, networkLocation: /default-rack, certSerialId: null}, Type:RATIS, Factor:THREE, State:CLOSED] moved to CLOSED state
2019-10-09 23:56:19,362 [EventQueue-CloseContainerForCloseContainerEventHandler] INFO  container.CloseContainerEventHandler (CloseContainerEventHandler.java:onMessage(61)) - Close container Event triggered for container : #1
2019-10-09 23:56:19,367 [EventQueue-CloseContainerForCloseContainerEventHandler] INFO  container.CloseContainerEventHandler (CloseContainerEventHandler.java:onMessage(61)) - Close container Event triggered for container : #2
2019-10-09 23:56:19,367 [EventQueue-CloseContainerForCloseContainerEventHandler] INFO  container.CloseContainerEventHandler (CloseContainerEventHandler.java:onMessage(61)) - Close container Event triggered for container : #3
2019-10-09 23:56:19,371 [grpc-default-executor-3] INFO  impl.RaftServerProxy (RaftServerProxy.java:remove(95)) - 7349a8e7-a912-424d-91d5-5fbf095df9f6: remove    LEADER 7349a8e7-a912-424d-91d5-5fbf095df9f6@group-E1230868A662:t1, leader=7349a8e7-a912-424d-91d5-5fbf095df9f6, voted=7349a8e7-a912-424d-91d5-5fbf095df9f6, raftlog=7349a8e7-a912-424d-91d5-5fbf095df9f6@group-E1230868A662-SegmentedRaftLog:OPENED:c75,f75,i75, conf=0: [afe294e3-dea9-4d51-9cb1-1433faecd2aa:192.168.164.207:38334, 7349a8e7-a912-424d-91d5-5fbf095df9f6:192.168.164.207:39780, 004ba699-4cef-44c2-b8d9-499866424522:192.168.164.207:46050], old=null RUNNING
2019-10-09 23:56:19,372 [grpc-default-executor-3] INFO  impl.RaftServerImpl (RaftServerImpl.java:lambda$shutdown$3(247)) - 7349a8e7-a912-424d-91d5-5fbf095df9f6@group-E1230868A662: shutdown
2019-10-09 23:56:19,373 [grpc-default-executor-3] INFO  util.JmxRegister (JmxRegister.java:unregister(73)) - Successfully un-registered JMX Bean with object name Ratis:service=RaftServer,group=group-E1230868A662,id=7349a8e7-a912-424d-91d5-5fbf095df9f6
2019-10-09 23:56:19,373 [grpc-default-executor-3] INFO  impl.RoleInfo (RoleInfo.java:shutdownLeaderState(104)) - 7349a8e7-a912-424d-91d5-5fbf095df9f6: shutdown LeaderState
2019-10-09 23:56:19,379 [org.apache.ratis.server.impl.LogAppender$AppenderDaemon$$Lambda$389/1458534392@723c50db] WARN  server.GrpcLogAppender (GrpcLogAppender.java:mayWait(143)) - 7349a8e7-a912-424d-91d5-5fbf095df9f6@group-E1230868A662->afe294e3-dea9-4d51-9cb1-1433faecd2aa-GrpcLogAppender: Wait interrupted by java.lang.InterruptedException
2019-10-09 23:56:19,379 [org.apache.ratis.server.impl.LogAppender$AppenderDaemon$$Lambda$389/1458534392@18a78cd] WARN  server.GrpcLogAppender (GrpcLogAppender.java:mayWait(143)) - 7349a8e7-a912-424d-91d5-5fbf095df9f6@group-E1230868A662->004ba699-4cef-44c2-b8d9-499866424522-GrpcLogAppender: Wait interrupted by java.lang.InterruptedException
2019-10-09 23:56:19,380 [grpc-default-executor-3] INFO  impl.PendingRequests (PendingRequests.java:sendNotLeaderResponses(202)) - 7349a8e7-a912-424d-91d5-5fbf095df9f6@group-E1230868A662-PendingRequests: sendNotLeaderResponses
2019-10-09 23:56:19,383 [grpc-default-executor-2] INFO  server.GrpcServerProtocolService (GrpcServerProtocolService.java:onCompleted(113)) - afe294e3-dea9-4d51-9cb1-1433faecd2aa: Completed APPEND_ENTRIES, lastRequest: 7349a8e7-a912-424d-91d5-5fbf095df9f6->afe294e3-dea9-4d51-9cb1-1433faecd2aa#78-t1, previous=(t:1, i:75), leaderCommit=75, initializing? false, entries: <empty>
2019-10-09 23:56:19,383 [grpc-default-executor-1] INFO  server.GrpcServerProtocolService (GrpcServerProtocolService.java:onCompleted(113)) - 004ba699-4cef-44c2-b8d9-499866424522: Completed APPEND_ENTRIES, lastRequest: 7349a8e7-a912-424d-91d5-5fbf095df9f6->004ba699-4cef-44c2-b8d9-499866424522#78-t1, previous=(t:1, i:75), leaderCommit=75, initializing? false, entries: <empty>
2019-10-09 23:56:19,385 [grpc-default-executor-1] INFO  server.GrpcLogAppender (GrpcLogAppender.java:onCompleted(293)) - 7349a8e7-a912-424d-91d5-5fbf095df9f6@group-E1230868A662->afe294e3-dea9-4d51-9cb1-1433faecd2aa-AppendLogResponseHandler: follower responses appendEntries COMPLETED
2019-10-09 23:56:19,386 [grpc-default-executor-2] INFO  server.GrpcLogAppender (GrpcLogAppender.java:onCompleted(293)) - 7349a8e7-a912-424d-91d5-5fbf095df9f6@group-E1230868A662->004ba699-4cef-44c2-b8d9-499866424522-AppendLogResponseHandler: follower responses appendEntries COMPLETED
2019-10-09 23:56:19,387 [grpc-default-executor-3] INFO  impl.StateMachineUpdater (StateMachineUpdater.java:stopAndJoin(136)) - 7349a8e7-a912-424d-91d5-5fbf095df9f6@group-E1230868A662-StateMachineUpdater: set stopIndex = 75
2019-10-09 23:56:19,388 [7349a8e7-a912-424d-91d5-5fbf095df9f6@group-E1230868A662-StateMachineUpdater] INFO  ratis.ContainerStateMachine (ContainerStateMachine.java:takeSnapshot(296)) - group-E1230868A662: Taking a snapshot at:(t:1, i:73) file /workdir/hadoop-ozone/tools/target/test-dir/MiniOzoneClusterImpl-3ef8ba27-9d0b-42ff-8dd4-d2a6bb16b342/datanode-0/data/ratis/a75722f9-9161-4b64-8946-e1230868a662/sm/snapshot.1_73
2019-10-09 23:56:19,390 [grpc-default-executor-2] INFO  impl.FollowerInfo (FollowerInfo.java:lambda$new$0(51)) - 7349a8e7-a912-424d-91d5-5fbf095df9f6@group-E1230868A662->004ba699-4cef-44c2-b8d9-499866424522: nextIndex: updateUnconditionally 76 -> 75
2019-10-09 23:56:19,390 [grpc-default-executor-1] INFO  impl.FollowerInfo (FollowerInfo.java:lambda$new$0(51)) - 7349a8e7-a912-424d-91d5-5fbf095df9f6@group-E1230868A662->afe294e3-dea9-4d51-9cb1-1433faecd2aa: nextIndex: updateUnconditionally 76 -> 75
2019-10-09 23:56:19,493 [7349a8e7-a912-424d-91d5-5fbf095df9f6@group-E1230868A662-StateMachineUpdater] INFO  ratis.ContainerStateMachine (ContainerStateMachine.java:takeSnapshot(307)) - group-E1230868A662: Finished taking a snapshot at:(t:1, i:73) file:/workdir/hadoop-ozone/tools/target/test-dir/MiniOzoneClusterImpl-3ef8ba27-9d0b-42ff-8dd4-d2a6bb16b342/datanode-0/data/ratis/a75722f9-9161-4b64-8946-e1230868a662/sm/snapshot.1_73 time:106
2019-10-09 23:56:19,494 [7349a8e7-a912-424d-91d5-5fbf095df9f6@group-E1230868A662-StateMachineUpdater] INFO  impl.StateMachineUpdater (StateMachineUpdater.java:takeSnapshot(269)) - 7349a8e7-a912-424d-91d5-5fbf095df9f6@group-E1230868A662-StateMachineUpdater: Took a snapshot at index 73
2019-10-09 23:56:19,496 [7349a8e7-a912-424d-91d5-5fbf095df9f6@group-E1230868A662-StateMachineUpdater] INFO  impl.StateMachineUpdater (StateMachineUpdater.java:lambda$new$0(84)) - 7349a8e7-a912-424d-91d5-5fbf095df9f6@group-E1230868A662-StateMachineUpdater: snapshotIndex: updateIncreasingly -1 -> 73
2019-10-09 23:56:19,499 [7349a8e7-a912-424d-91d5-5fbf095df9f6@group-E1230868A662-StateMachineUpdater] INFO  ratis.ContainerStateMachine (ContainerStateMachine.java:takeSnapshot(296)) - group-E1230868A662: Taking a snapshot at:(t:1, i:73) file /workdir/hadoop-ozone/tools/target/test-dir/MiniOzoneClusterImpl-3ef8ba27-9d0b-42ff-8dd4-d2a6bb16b342/datanode-0/data/ratis/a75722f9-9161-4b64-8946-e1230868a662/sm/snapshot.1_73
2019-10-09 23:56:19,521 [7349a8e7-a912-424d-91d5-5fbf095df9f6@group-E1230868A662-StateMachineUpdater] INFO  ratis.ContainerStateMachine (ContainerStateMachine.java:takeSnapshot(307)) - group-E1230868A662: Finished taking a snapshot at:(t:1, i:73) file:/workdir/hadoop-ozone/tools/target/test-dir/MiniOzoneClusterImpl-3ef8ba27-9d0b-42ff-8dd4-d2a6bb16b342/datanode-0/data/ratis/a75722f9-9161-4b64-8946-e1230868a662/sm/snapshot.1_73 time:22
2019-10-09 23:56:19,522 [7349a8e7-a912-424d-91d5-5fbf095df9f6@group-E1230868A662-StateMachineUpdater] INFO  impl.StateMachineUpdater (StateMachineUpdater.java:takeSnapshot(269)) - 7349a8e7-a912-424d-91d5-5fbf095df9f6@group-E1230868A662-StateMachineUpdater: Took a snapshot at index 73
2019-10-09 23:56:19,522 [7349a8e7-a912-424d-91d5-5fbf095df9f6@group-E1230868A662-StateMachineUpdater] INFO  impl.StateMachineUpdater (StateMachineUpdater.java:lambda$new$0(84)) - 7349a8e7-a912-424d-91d5-5fbf095df9f6@group-E1230868A662-StateMachineUpdater: snapshotIndex: updateIncreasingly 73 -> 73
2019-10-09 23:56:19,522 [grpc-default-executor-3] INFO  impl.RaftServerImpl (ServerState.java:close(387)) - 7349a8e7-a912-424d-91d5-5fbf095df9f6@group-E1230868A662: closes. applyIndex: 75
2019-10-09 23:56:19,523 [7349a8e7-a912-424d-91d5-5fbf095df9f6@group-E1230868A662-SegmentedRaftLogWorker] INFO  segmented.SegmentedRaftLogWorker (SegmentedRaftLogWorker.java:run(316)) - 7349a8e7-a912-424d-91d5-5fbf095df9f6@group-E1230868A662-SegmentedRaftLogWorker was interrupted, exiting. There are 0 tasks remaining in the queue.
2019-10-09 23:56:19,525 [grpc-default-executor-3] INFO  segmented.SegmentedRaftLogWorker (SegmentedRaftLogWorker.java:close(224)) - 7349a8e7-a912-424d-91d5-5fbf095df9f6@group-E1230868A662-SegmentedRaftLogWorker close()
2019-10-09 23:56:19,575 [grpc-default-executor-3] INFO  interfaces.Container (KeyValueContainer.java:flushAndSyncDB(386)) - Container 1 is synced with bcsId 57.
2019-10-09 23:56:19,575 [grpc-default-executor-3] INFO  interfaces.Container (KeyValueContainer.java:flushAndSyncDB(386)) - Container 1 is synced with bcsId 57.
2019-10-09 23:56:19,594 [EventQueue-IncrementalContainerReportForIncrementalContainerReportHandler] INFO  container.IncrementalContainerReportHandler (AbstractContainerReportHandler.java:updateContainerState(171)) - Moving container #1 to QUASI_CLOSED state, datanode 7349a8e7-a912-424d-91d5-5fbf095df9f6{ip: 192.168.164.207, host: pr-hdds-1868-7c4vz-2804340038, networkLocation: /default-rack, certSerialId: null} reported QUASI_CLOSED replica.
2019-10-09 23:56:19,631 [grpc-default-executor-3] INFO  interfaces.Container (KeyValueContainer.java:flushAndSyncDB(386)) - Container 2 is synced with bcsId 73.
2019-10-09 23:56:19,631 [grpc-default-executor-3] INFO  interfaces.Container (KeyValueContainer.java:flushAndSyncDB(386)) - Container 2 is synced with bcsId 73.
2019-10-09 23:56:19,637 [EventQueue-IncrementalContainerReportForIncrementalContainerReportHandler] INFO  container.IncrementalContainerReportHandler (AbstractContainerReportHandler.java:updateContainerState(171)) - Moving container #2 to QUASI_CLOSED state, datanode 7349a8e7-a912-424d-91d5-5fbf095df9f6{ip: 192.168.164.207, host: pr-hdds-1868-7c4vz-2804340038, networkLocation: /default-rack, certSerialId: null} reported QUASI_CLOSED replica.
2019-10-09 23:56:19,663 [grpc-default-executor-3] INFO  interfaces.Container (KeyValueContainer.java:flushAndSyncDB(386)) - Container 3 is synced with bcsId 40.
2019-10-09 23:56:19,663 [grpc-default-executor-3] INFO  interfaces.Container (KeyValueContainer.java:flushAndSyncDB(386)) - Container 3 is synced with bcsId 40.
2019-10-09 23:56:19,685 [EventQueue-IncrementalContainerReportForIncrementalContainerReportHandler] INFO  container.IncrementalContainerReportHandler (AbstractContainerReportHandler.java:updateContainerState(171)) - Moving container #3 to QUASI_CLOSED state, datanode 7349a8e7-a912-424d-91d5-5fbf095df9f6{ip: 192.168.164.207, host: pr-hdds-1868-7c4vz-2804340038, networkLocation: /default-rack, certSerialId: null} reported QUASI_CLOSED replica.
2019-10-09 23:56:19,694 [grpc-default-executor-3] INFO  impl.RaftServerProxy (RaftServerProxy.java:remove(95)) - afe294e3-dea9-4d51-9cb1-1433faecd2aa: remove  FOLLOWER afe294e3-dea9-4d51-9cb1-1433faecd2aa@group-E1230868A662:t1, leader=7349a8e7-a912-424d-91d5-5fbf095df9f6, voted=7349a8e7-a912-424d-91d5-5fbf095df9f6, raftlog=afe294e3-dea9-4d51-9cb1-1433faecd2aa@group-E1230868A662-SegmentedRaftLog:OPENED:c75,f75,i75, conf=0: [afe294e3-dea9-4d51-9cb1-1433faecd2aa:192.168.164.207:38334, 7349a8e7-a912-424d-91d5-5fbf095df9f6:192.168.164.207:39780, 004ba699-4cef-44c2-b8d9-499866424522:192.168.164.207:46050], old=null RUNNING
2019-10-09 23:56:19,694 [grpc-default-executor-3] INFO  impl.RaftServerImpl (RaftServerImpl.java:lambda$shutdown$3(247)) - afe294e3-dea9-4d51-9cb1-1433faecd2aa@group-E1230868A662: shutdown
2019-10-09 23:56:19,695 [grpc-default-executor-3] INFO  util.JmxRegister (JmxRegister.java:unregister(73)) - Successfully un-registered JMX Bean with object name Ratis:service=RaftServer,group=group-E1230868A662,id=afe294e3-dea9-4d51-9cb1-1433faecd2aa
2019-10-09 23:56:19,695 [grpc-default-executor-3] INFO  impl.RoleInfo (RoleInfo.java:shutdownFollowerState(121)) - afe294e3-dea9-4d51-9cb1-1433faecd2aa: shutdown FollowerState
2019-10-09 23:56:19,695 [grpc-default-executor-3] INFO  impl.StateMachineUpdater (StateMachineUpdater.java:stopAndJoin(136)) - afe294e3-dea9-4d51-9cb1-1433faecd2aa@group-E1230868A662-StateMachineUpdater: set stopIndex = 75
2019-10-09 23:56:19,695 [Thread-227] INFO  impl.FollowerState (FollowerState.java:run(117)) - afe294e3-dea9-4d51-9cb1-1433faecd2aa@group-E1230868A662-FollowerState was interrupted: java.lang.InterruptedException: sleep interrupted
2019-10-09 23:56:19,695 [afe294e3-dea9-4d51-9cb1-1433faecd2aa@group-E1230868A662-StateMachineUpdater] INFO  ratis.ContainerStateMachine (ContainerStateMachine.java:takeSnapshot(296)) - group-E1230868A662: Taking a snapshot at:(t:1, i:73) file /workdir/hadoop-ozone/tools/target/test-dir/MiniOzoneClusterImpl-3ef8ba27-9d0b-42ff-8dd4-d2a6bb16b342/datanode-1/data/ratis/a75722f9-9161-4b64-8946-e1230868a662/sm/snapshot.1_73
2019-10-09 23:56:19,724 [afe294e3-dea9-4d51-9cb1-1433faecd2aa@group-E1230868A662-StateMachineUpdater] INFO  ratis.ContainerStateMachine (ContainerStateMachine.java:takeSnapshot(307)) - group-E1230868A662: Finished taking a snapshot at:(t:1, i:73) file:/workdir/hadoop-ozone/tools/target/test-dir/MiniOzoneClusterImpl-3ef8ba27-9d0b-42ff-8dd4-d2a6bb16b342/datanode-1/data/ratis/a75722f9-9161-4b64-8946-e1230868a662/sm/snapshot.1_73 time:28
2019-10-09 23:56:19,724 [afe294e3-dea9-4d51-9cb1-1433faecd2aa@group-E1230868A662-StateMachineUpdater] INFO  impl.StateMachineUpdater (StateMachineUpdater.java:takeSnapshot(269)) - afe294e3-dea9-4d51-9cb1-1433faecd2aa@group-E1230868A662-StateMachineUpdater: Took a snapshot at index 73
2019-10-09 23:56:19,725 [afe294e3-dea9-4d51-9cb1-1433faecd2aa@group-E1230868A662-StateMachineUpdater] INFO  impl.StateMachineUpdater (StateMachineUpdater.java:lambda$new$0(84)) - afe294e3-dea9-4d51-9cb1-1433faecd2aa@group-E1230868A662-StateMachineUpdater: snapshotIndex: updateIncreasingly -1 -> 73
2019-10-09 23:56:19,725 [afe294e3-dea9-4d51-9cb1-1433faecd2aa@group-E1230868A662-StateMachineUpdater] INFO  ratis.ContainerStateMachine (ContainerStateMachine.java:takeSnapshot(296)) - group-E1230868A662: Taking a snapshot at:(t:1, i:73) file /workdir/hadoop-ozone/tools/target/test-dir/MiniOzoneClusterImpl-3ef8ba27-9d0b-42ff-8dd4-d2a6bb16b342/datanode-1/data/ratis/a75722f9-9161-4b64-8946-e1230868a662/sm/snapshot.1_73
2019-10-09 23:56:19,738 [afe294e3-dea9-4d51-9cb1-1433faecd2aa@group-E1230868A662-StateMachineUpdater] INFO  ratis.ContainerStateMachine (ContainerStateMachine.java:takeSnapshot(307)) - group-E1230868A662: Finished taking a snapshot at:(t:1, i:73) file:/workdir/hadoop-ozone/tools/target/test-dir/MiniOzoneClusterImpl-3ef8ba27-9d0b-42ff-8dd4-d2a6bb16b342/datanode-1/data/ratis/a75722f9-9161-4b64-8946-e1230868a662/sm/snapshot.1_73 time:13
2019-10-09 23:56:19,738 [afe294e3-dea9-4d51-9cb1-1433faecd2aa@group-E1230868A662-StateMachineUpdater] INFO  impl.StateMachineUpdater (StateMachineUpdater.java:takeSnapshot(269)) - afe294e3-dea9-4d51-9cb1-1433faecd2aa@group-E1230868A662-StateMachineUpdater: Took a snapshot at index 73
2019-10-09 23:56:19,738 [afe294e3-dea9-4d51-9cb1-1433faecd2aa@group-E1230868A662-StateMachineUpdater] INFO  impl.StateMachineUpdater (StateMachineUpdater.java:lambda$new$0(84)) - afe294e3-dea9-4d51-9cb1-1433faecd2aa@group-E1230868A662-StateMachineUpdater: snapshotIndex: updateIncreasingly 73 -> 73
2019-10-09 23:56:19,739 [grpc-default-executor-3] INFO  impl.RaftServerImpl (ServerState.java:close(387)) - afe294e3-dea9-4d51-9cb1-1433faecd2aa@group-E1230868A662: closes. applyIndex: 75
2019-10-09 23:56:19,739 [afe294e3-dea9-4d51-9cb1-1433faecd2aa@group-E1230868A662-SegmentedRaftLogWorker] INFO  segmented.SegmentedRaftLogWorker (SegmentedRaftLogWorker.java:run(316)) - afe294e3-dea9-4d51-9cb1-1433faecd2aa@group-E1230868A662-SegmentedRaftLogWorker was interrupted, exiting. There are 0 tasks remaining in the queue.
2019-10-09 23:56:19,741 [grpc-default-executor-3] INFO  segmented.SegmentedRaftLogWorker (SegmentedRaftLogWorker.java:close(224)) - afe294e3-dea9-4d51-9cb1-1433faecd2aa@group-E1230868A662-SegmentedRaftLogWorker close()
2019-10-09 23:56:19,782 [grpc-default-executor-3] INFO  interfaces.Container (KeyValueContainer.java:flushAndSyncDB(386)) - Container 1 is synced with bcsId 57.
2019-10-09 23:56:19,782 [grpc-default-executor-3] INFO  interfaces.Container (KeyValueContainer.java:flushAndSyncDB(386)) - Container 1 is synced with bcsId 57.
2019-10-09 23:56:19,832 [grpc-default-executor-3] INFO  interfaces.Container (KeyValueContainer.java:flushAndSyncDB(386)) - Container 2 is synced with bcsId 73.
2019-10-09 23:56:19,832 [grpc-default-executor-3] INFO  interfaces.Container (KeyValueContainer.java:flushAndSyncDB(386)) - Container 2 is synced with bcsId 73.
2019-10-09 23:56:19,883 [grpc-default-executor-3] INFO  interfaces.Container (KeyValueContainer.java:flushAndSyncDB(386)) - Container 3 is synced with bcsId 40.
2019-10-09 23:56:19,883 [grpc-default-executor-3] INFO  interfaces.Container (KeyValueContainer.java:flushAndSyncDB(386)) - Container 3 is synced with bcsId 40.
2019-10-09 23:56:19,911 [grpc-default-executor-3] INFO  impl.RaftServerProxy (RaftServerProxy.java:remove(95)) - 004ba699-4cef-44c2-b8d9-499866424522: remove  FOLLOWER 004ba699-4cef-44c2-b8d9-499866424522@group-E1230868A662:t1, leader=7349a8e7-a912-424d-91d5-5fbf095df9f6, voted=7349a8e7-a912-424d-91d5-5fbf095df9f6, raftlog=004ba699-4cef-44c2-b8d9-499866424522@group-E1230868A662-SegmentedRaftLog:OPENED:c75,f75,i75, conf=0: [afe294e3-dea9-4d51-9cb1-1433faecd2aa:192.168.164.207:38334, 7349a8e7-a912-424d-91d5-5fbf095df9f6:192.168.164.207:39780, 004ba699-4cef-44c2-b8d9-499866424522:192.168.164.207:46050], old=null RUNNING
2019-10-09 23:56:19,911 [grpc-default-executor-3] INFO  impl.RaftServerImpl (RaftServerImpl.java:lambda$shutdown$3(247)) - 004ba699-4cef-44c2-b8d9-499866424522@group-E1230868A662: shutdown
2019-10-09 23:56:19,911 [grpc-default-executor-3] INFO  util.JmxRegister (JmxRegister.java:unregister(73)) - Successfully un-registered JMX Bean with object name Ratis:service=RaftServer,group=group-E1230868A662,id=004ba699-4cef-44c2-b8d9-499866424522
2019-10-09 23:56:19,912 [grpc-default-executor-3] INFO  impl.RoleInfo (RoleInfo.java:shutdownFollowerState(121)) - 004ba699-4cef-44c2-b8d9-499866424522: shutdown FollowerState
2019-10-09 23:56:19,912 [grpc-default-executor-3] INFO  impl.StateMachineUpdater (StateMachineUpdater.java:stopAndJoin(136)) - 004ba699-4cef-44c2-b8d9-499866424522@group-E1230868A662-StateMachineUpdater: set stopIndex = 75
2019-10-09 23:56:19,912 [Thread-228] INFO  impl.FollowerState (FollowerState.java:run(117)) - 004ba699-4cef-44c2-b8d9-499866424522@group-E1230868A662-FollowerState was interrupted: java.lang.InterruptedException: sleep interrupted
2019-10-09 23:56:19,916 [004ba699-4cef-44c2-b8d9-499866424522@group-E1230868A662-StateMachineUpdater] INFO  ratis.ContainerStateMachine (ContainerStateMachine.java:takeSnapshot(296)) - group-E1230868A662: Taking a snapshot at:(t:1, i:73) file /workdir/hadoop-ozone/tools/target/test-dir/MiniOzoneClusterImpl-3ef8ba27-9d0b-42ff-8dd4-d2a6bb16b342/datanode-2/data/ratis/a75722f9-9161-4b64-8946-e1230868a662/sm/snapshot.1_73
2019-10-09 23:56:19,921 [004ba699-4cef-44c2-b8d9-499866424522@group-E1230868A662-StateMachineUpdater] INFO  ratis.ContainerStateMachine (ContainerStateMachine.java:takeSnapshot(307)) - group-E1230868A662: Finished taking a snapshot at:(t:1, i:73) file:/workdir/hadoop-ozone/tools/target/test-dir/MiniOzoneClusterImpl-3ef8ba27-9d0b-42ff-8dd4-d2a6bb16b342/datanode-2/data/ratis/a75722f9-9161-4b64-8946-e1230868a662/sm/snapshot.1_73 time:9
2019-10-09 23:56:19,921 [004ba699-4cef-44c2-b8d9-499866424522@group-E1230868A662-StateMachineUpdater] INFO  impl.StateMachineUpdater (StateMachineUpdater.java:takeSnapshot(269)) - 004ba699-4cef-44c2-b8d9-499866424522@group-E1230868A662-StateMachineUpdater: Took a snapshot at index 73
2019-10-09 23:56:19,921 [004ba699-4cef-44c2-b8d9-499866424522@group-E1230868A662-StateMachineUpdater] INFO  impl.StateMachineUpdater (StateMachineUpdater.java:lambda$new$0(84)) - 004ba699-4cef-44c2-b8d9-499866424522@group-E1230868A662-StateMachineUpdater: snapshotIndex: updateIncreasingly -1 -> 73
2019-10-09 23:56:19,922 [004ba699-4cef-44c2-b8d9-499866424522@group-E1230868A662-StateMachineUpdater] INFO  ratis.ContainerStateMachine (ContainerStateMachine.java:takeSnapshot(296)) - group-E1230868A662: Taking a snapshot at:(t:1, i:73) file /workdir/hadoop-ozone/tools/target/test-dir/MiniOzoneClusterImpl-3ef8ba27-9d0b-42ff-8dd4-d2a6bb16b342/datanode-2/data/ratis/a75722f9-9161-4b64-8946-e1230868a662/sm/snapshot.1_73
2019-10-09 23:56:19,940 [004ba699-4cef-44c2-b8d9-499866424522@group-E1230868A662-StateMachineUpdater] INFO  ratis.ContainerStateMachine (ContainerStateMachine.java:takeSnapshot(307)) - group-E1230868A662: Finished taking a snapshot at:(t:1, i:73) file:/workdir/hadoop-ozone/tools/target/test-dir/MiniOzoneClusterImpl-3ef8ba27-9d0b-42ff-8dd4-d2a6bb16b342/datanode-2/data/ratis/a75722f9-9161-4b64-8946-e1230868a662/sm/snapshot.1_73 time:18
2019-10-09 23:56:19,941 [004ba699-4cef-44c2-b8d9-499866424522@group-E1230868A662-StateMachineUpdater] INFO  impl.StateMachineUpdater (StateMachineUpdater.java:takeSnapshot(269)) - 004ba699-4cef-44c2-b8d9-499866424522@group-E1230868A662-StateMachineUpdater: Took a snapshot at index 73
2019-10-09 23:56:19,941 [004ba699-4cef-44c2-b8d9-499866424522@group-E1230868A662-StateMachineUpdater] INFO  impl.StateMachineUpdater (StateMachineUpdater.java:lambda$new$0(84)) - 004ba699-4cef-44c2-b8d9-499866424522@group-E1230868A662-StateMachineUpdater: snapshotIndex: updateIncreasingly 73 -> 73
2019-10-09 23:56:19,941 [grpc-default-executor-3] INFO  impl.RaftServerImpl (ServerState.java:close(387)) - 004ba699-4cef-44c2-b8d9-499866424522@group-E1230868A662: closes. applyIndex: 75
2019-10-09 23:56:19,942 [004ba699-4cef-44c2-b8d9-499866424522@group-E1230868A662-SegmentedRaftLogWorker] INFO  segmented.SegmentedRaftLogWorker (SegmentedRaftLogWorker.java:run(316)) - 004ba699-4cef-44c2-b8d9-499866424522@group-E1230868A662-SegmentedRaftLogWorker was interrupted, exiting. There are 0 tasks remaining in the queue.
2019-10-09 23:56:19,944 [grpc-default-executor-3] INFO  segmented.SegmentedRaftLogWorker (SegmentedRaftLogWorker.java:close(224)) - 004ba699-4cef-44c2-b8d9-499866424522@group-E1230868A662-SegmentedRaftLogWorker close()
2019-10-09 23:56:19,999 [grpc-default-executor-3] INFO  interfaces.Container (KeyValueContainer.java:flushAndSyncDB(386)) - Container 1 is synced with bcsId 57.
2019-10-09 23:56:20,000 [grpc-default-executor-3] INFO  interfaces.Container (KeyValueContainer.java:flushAndSyncDB(386)) - Container 1 is synced with bcsId 57.
2019-10-09 23:56:20,051 [grpc-default-executor-3] INFO  interfaces.Container (KeyValueContainer.java:flushAndSyncDB(386)) - Container 2 is synced with bcsId 73.
2019-10-09 23:56:20,052 [grpc-default-executor-3] INFO  interfaces.Container (KeyValueContainer.java:flushAndSyncDB(386)) - Container 2 is synced with bcsId 73.
2019-10-09 23:56:20,098 [grpc-default-executor-3] INFO  interfaces.Container (KeyValueContainer.java:flushAndSyncDB(386)) - Container 3 is synced with bcsId 40.
2019-10-09 23:56:20,099 [grpc-default-executor-3] INFO  interfaces.Container (KeyValueContainer.java:flushAndSyncDB(386)) - Container 3 is synced with bcsId 40.
2019-10-09 23:56:20,116 [main] INFO  pipeline.PipelineStateManager (PipelineStateManager.java:removePipeline(108)) - Pipeline Pipeline[ Id: a75722f9-9161-4b64-8946-e1230868a662, Nodes: 7349a8e7-a912-424d-91d5-5fbf095df9f6{ip: 192.168.164.207, host: pr-hdds-1868-7c4vz-2804340038, networkLocation: /default-rack, certSerialId: null}afe294e3-dea9-4d51-9cb1-1433faecd2aa{ip: 192.168.164.207, host: pr-hdds-1868-7c4vz-2804340038, networkLocation: /default-rack, certSerialId: null}004ba699-4cef-44c2-b8d9-499866424522{ip: 192.168.164.207, host: pr-hdds-1868-7c4vz-2804340038, networkLocation: /default-rack, certSerialId: null}, Type:RATIS, Factor:THREE, State:CLOSED] removed from db
2019-10-09 23:56:20,131 [grpc-default-executor-2] INFO  impl.RaftServerProxy (RaftServerProxy.java:addNew(89)) - 7349a8e7-a912-424d-91d5-5fbf095df9f6: addNew group-E2A72ED167BB:[afe294e3-dea9-4d51-9cb1-1433faecd2aa:192.168.164.207:38334, 7349a8e7-a912-424d-91d5-5fbf095df9f6:192.168.164.207:39780, 004ba699-4cef-44c2-b8d9-499866424522:192.168.164.207:46050] returns group-E2A72ED167BB:java.util.concurrent.CompletableFuture@509efa56[Not completed]
2019-10-09 23:56:20,131 [grpc-default-executor-3] INFO  impl.RaftServerProxy (RaftServerProxy.java:addNew(89)) - 004ba699-4cef-44c2-b8d9-499866424522: addNew group-E2A72ED167BB:[afe294e3-dea9-4d51-9cb1-1433faecd2aa:192.168.164.207:38334, 7349a8e7-a912-424d-91d5-5fbf095df9f6:192.168.164.207:39780, 004ba699-4cef-44c2-b8d9-499866424522:192.168.164.207:46050] returns group-E2A72ED167BB:java.util.concurrent.CompletableFuture@19631f32[Not completed]
2019-10-09 23:56:20,131 [grpc-default-executor-1] INFO  impl.RaftServerProxy (RaftServerProxy.java:addNew(89)) - afe294e3-dea9-4d51-9cb1-1433faecd2aa: addNew group-E2A72ED167BB:[afe294e3-dea9-4d51-9cb1-1433faecd2aa:192.168.164.207:38334, 7349a8e7-a912-424d-91d5-5fbf095df9f6:192.168.164.207:39780, 004ba699-4cef-44c2-b8d9-499866424522:192.168.164.207:46050] returns group-E2A72ED167BB:java.util.concurrent.CompletableFuture@6055fdd2[Not completed]
2019-10-09 23:56:20,134 [pool-37-thread-1] INFO  impl.RaftServerImpl (RaftServerImpl.java:<init>(95)) - afe294e3-dea9-4d51-9cb1-1433faecd2aa: new RaftServerImpl for group-E2A72ED167BB:[afe294e3-dea9-4d51-9cb1-1433faecd2aa:192.168.164.207:38334, 7349a8e7-a912-424d-91d5-5fbf095df9f6:192.168.164.207:39780, 004ba699-4cef-44c2-b8d9-499866424522:192.168.164.207:46050] with ContainerStateMachine:uninitialized
2019-10-09 23:56:20,134 [pool-37-thread-1] INFO  server.RaftServerConfigKeys (ConfUtils.java:logGet(43)) - raft.server.rpc.timeout.min = 5s (custom)
2019-10-09 23:56:20,134 [pool-37-thread-1] INFO  server.RaftServerConfigKeys (ConfUtils.java:logGet(43)) - raft.server.rpc.timeout.max = 5200ms (custom)
2019-10-09 23:56:20,134 [pool-37-thread-1] INFO  server.RaftServerConfigKeys (ConfUtils.java:logGet(43)) - raft.server.rpcslowness.timeout = 120s (custom)
2019-10-09 23:56:20,134 [pool-37-thread-1] INFO  server.RaftServerConfigKeys (ConfUtils.java:logGet(43)) - raft.server.sleep.deviation.threshold = 300 (default)
2019-10-09 23:56:20,134 [pool-37-thread-1] INFO  server.RaftServerConfigKeys (ConfUtils.java:logGet(43)) - raft.server.log.appender.install.snapshot.enabled = false (custom)
2019-10-09 23:56:20,135 [pool-37-thread-1] INFO  impl.RaftServerImpl (ServerState.java:<init>(103)) - afe294e3-dea9-4d51-9cb1-1433faecd2aa@group-E2A72ED167BB: ConfigurationManager, init=-1: [afe294e3-dea9-4d51-9cb1-1433faecd2aa:192.168.164.207:38334, 7349a8e7-a912-424d-91d5-5fbf095df9f6:192.168.164.207:39780, 004ba699-4cef-44c2-b8d9-499866424522:192.168.164.207:46050], old=null, confs=<EMPTY_MAP>
2019-10-09 23:56:20,135 [pool-37-thread-1] INFO  server.RaftServerConfigKeys (ConfUtils.java:logGet(43)) - raft.server.storage.dir = [/workdir/hadoop-ozone/tools/target/test-dir/MiniOzoneClusterImpl-3ef8ba27-9d0b-42ff-8dd4-d2a6bb16b342/datanode-1/data/ratis] (custom)
2019-10-09 23:56:20,135 [pool-37-thread-1] INFO  server.RaftServerConfigKeys (ConfUtils.java:logGet(43)) - raft.server.log.corruption.policy = EXCEPTION (default)
2019-10-09 23:56:20,135 [pool-27-thread-1] INFO  impl.RaftServerImpl (RaftServerImpl.java:<init>(95)) - 7349a8e7-a912-424d-91d5-5fbf095df9f6: new RaftServerImpl for group-E2A72ED167BB:[afe294e3-dea9-4d51-9cb1-1433faecd2aa:192.168.164.207:38334, 7349a8e7-a912-424d-91d5-5fbf095df9f6:192.168.164.207:39780, 004ba699-4cef-44c2-b8d9-499866424522:192.168.164.207:46050] with ContainerStateMachine:uninitialized
2019-10-09 23:56:20,135 [pool-37-thread-1] INFO  storage.RaftStorageDirectory (RaftStorageDirectory.java:analyzeStorage(246)) - The storage directory /workdir/hadoop-ozone/tools/target/test-dir/MiniOzoneClusterImpl-3ef8ba27-9d0b-42ff-8dd4-d2a6bb16b342/datanode-1/data/ratis/8784b688-776c-469d-ac6d-e2a72ed167bb does not exist. Creating ...
2019-10-09 23:56:20,135 [pool-27-thread-1] INFO  server.RaftServerConfigKeys (ConfUtils.java:logGet(43)) - raft.server.rpc.timeout.min = 5s (custom)
2019-10-09 23:56:20,136 [pool-27-thread-1] INFO  server.RaftServerConfigKeys (ConfUtils.java:logGet(43)) - raft.server.rpc.timeout.max = 5200ms (custom)
2019-10-09 23:56:20,136 [pool-27-thread-1] INFO  server.RaftServerConfigKeys (ConfUtils.java:logGet(43)) - raft.server.rpcslowness.timeout = 120s (custom)
2019-10-09 23:56:20,136 [pool-27-thread-1] INFO  server.RaftServerConfigKeys (ConfUtils.java:logGet(43)) - raft.server.sleep.deviation.threshold = 300 (default)
2019-10-09 23:56:20,136 [pool-47-thread-1] INFO  impl.RaftServerImpl (RaftServerImpl.java:<init>(95)) - 004ba699-4cef-44c2-b8d9-499866424522: new RaftServerImpl for group-E2A72ED167BB:[afe294e3-dea9-4d51-9cb1-1433faecd2aa:192.168.164.207:38334, 7349a8e7-a912-424d-91d5-5fbf095df9f6:192.168.164.207:39780, 004ba699-4cef-44c2-b8d9-499866424522:192.168.164.207:46050] with ContainerStateMachine:uninitialized
2019-10-09 23:56:20,136 [pool-27-thread-1] INFO  server.RaftServerConfigKeys (ConfUtils.java:logGet(43)) - raft.server.log.appender.install.snapshot.enabled = false (custom)
2019-10-09 23:56:20,136 [pool-47-thread-1] INFO  server.RaftServerConfigKeys (ConfUtils.java:logGet(43)) - raft.server.rpc.timeout.min = 5s (custom)
2019-10-09 23:56:20,136 [pool-27-thread-1] INFO  impl.RaftServerImpl (ServerState.java:<init>(103)) - 7349a8e7-a912-424d-91d5-5fbf095df9f6@group-E2A72ED167BB: ConfigurationManager, init=-1: [afe294e3-dea9-4d51-9cb1-1433faecd2aa:192.168.164.207:38334, 7349a8e7-a912-424d-91d5-5fbf095df9f6:192.168.164.207:39780, 004ba699-4cef-44c2-b8d9-499866424522:192.168.164.207:46050], old=null, confs=<EMPTY_MAP>
2019-10-09 23:56:20,136 [pool-47-thread-1] INFO  server.RaftServerConfigKeys (ConfUtils.java:logGet(43)) - raft.server.rpc.timeout.max = 5200ms (custom)
2019-10-09 23:56:20,136 [pool-27-thread-1] INFO  server.RaftServerConfigKeys (ConfUtils.java:logGet(43)) - raft.server.storage.dir = [/workdir/hadoop-ozone/tools/target/test-dir/MiniOzoneClusterImpl-3ef8ba27-9d0b-42ff-8dd4-d2a6bb16b342/datanode-0/data/ratis] (custom)
2019-10-09 23:56:20,136 [pool-47-thread-1] INFO  server.RaftServerConfigKeys (ConfUtils.java:logGet(43)) - raft.server.rpcslowness.timeout = 120s (custom)
2019-10-09 23:56:20,137 [pool-47-thread-1] INFO  server.RaftServerConfigKeys (ConfUtils.java:logGet(43)) - raft.server.sleep.deviation.threshold = 300 (default)
2019-10-09 23:56:20,137 [pool-27-thread-1] INFO  server.RaftServerConfigKeys (ConfUtils.java:logGet(43)) - raft.server.log.corruption.policy = EXCEPTION (default)
2019-10-09 23:56:20,137 [pool-47-thread-1] INFO  server.RaftServerConfigKeys (ConfUtils.java:logGet(43)) - raft.server.log.appender.install.snapshot.enabled = false (custom)
2019-10-09 23:56:20,137 [pool-27-thread-1] INFO  storage.RaftStorageDirectory (RaftStorageDirectory.java:analyzeStorage(246)) - The storage directory /workdir/hadoop-ozone/tools/target/test-dir/MiniOzoneClusterImpl-3ef8ba27-9d0b-42ff-8dd4-d2a6bb16b342/datanode-0/data/ratis/8784b688-776c-469d-ac6d-e2a72ed167bb does not exist. Creating ...
2019-10-09 23:56:20,137 [pool-47-thread-1] INFO  impl.RaftServerImpl (ServerState.java:<init>(103)) - 004ba699-4cef-44c2-b8d9-499866424522@group-E2A72ED167BB: ConfigurationManager, init=-1: [afe294e3-dea9-4d51-9cb1-1433faecd2aa:192.168.164.207:38334, 7349a8e7-a912-424d-91d5-5fbf095df9f6:192.168.164.207:39780, 004ba699-4cef-44c2-b8d9-499866424522:192.168.164.207:46050], old=null, confs=<EMPTY_MAP>
2019-10-09 23:56:20,137 [pool-47-thread-1] INFO  server.RaftServerConfigKeys (ConfUtils.java:logGet(43)) - raft.server.storage.dir = [/workdir/hadoop-ozone/tools/target/test-dir/MiniOzoneClusterImpl-3ef8ba27-9d0b-42ff-8dd4-d2a6bb16b342/datanode-2/data/ratis] (custom)
2019-10-09 23:56:20,137 [pool-47-thread-1] INFO  server.RaftServerConfigKeys (ConfUtils.java:logGet(43)) - raft.server.log.corruption.policy = EXCEPTION (default)
2019-10-09 23:56:20,137 [pool-47-thread-1] INFO  storage.RaftStorageDirectory (RaftStorageDirectory.java:analyzeStorage(246)) - The storage directory /workdir/hadoop-ozone/tools/target/test-dir/MiniOzoneClusterImpl-3ef8ba27-9d0b-42ff-8dd4-d2a6bb16b342/datanode-2/data/ratis/8784b688-776c-469d-ac6d-e2a72ed167bb does not exist. Creating ...
2019-10-09 23:56:20,148 [pool-47-thread-1] INFO  storage.RaftStorageDirectory (RaftStorageDirectory.java:tryLock(328)) - Lock on /workdir/hadoop-ozone/tools/target/test-dir/MiniOzoneClusterImpl-3ef8ba27-9d0b-42ff-8dd4-d2a6bb16b342/datanode-2/data/ratis/8784b688-776c-469d-ac6d-e2a72ed167bb/in_use.lock acquired by nodename 30828@pr-hdds-1868-7c4vz-2804340038
2019-10-09 23:56:20,148 [pool-27-thread-1] INFO  storage.RaftStorageDirectory (RaftStorageDirectory.java:tryLock(328)) - Lock on /workdir/hadoop-ozone/tools/target/test-dir/MiniOzoneClusterImpl-3ef8ba27-9d0b-42ff-8dd4-d2a6bb16b342/datanode-0/data/ratis/8784b688-776c-469d-ac6d-e2a72ed167bb/in_use.lock acquired by nodename 30828@pr-hdds-1868-7c4vz-2804340038
2019-10-09 23:56:20,148 [pool-37-thread-1] INFO  storage.RaftStorageDirectory (RaftStorageDirectory.java:tryLock(328)) - Lock on /workdir/hadoop-ozone/tools/target/test-dir/MiniOzoneClusterImpl-3ef8ba27-9d0b-42ff-8dd4-d2a6bb16b342/datanode-1/data/ratis/8784b688-776c-469d-ac6d-e2a72ed167bb/in_use.lock acquired by nodename 30828@pr-hdds-1868-7c4vz-2804340038
2019-10-09 23:56:20,152 [pool-47-thread-1] INFO  storage.RaftStorage (RaftStorage.java:format(84)) - Storage directory /workdir/hadoop-ozone/tools/target/test-dir/MiniOzoneClusterImpl-3ef8ba27-9d0b-42ff-8dd4-d2a6bb16b342/datanode-2/data/ratis/8784b688-776c-469d-ac6d-e2a72ed167bb has been successfully formatted.
2019-10-09 23:56:20,152 [pool-27-thread-1] INFO  storage.RaftStorage (RaftStorage.java:format(84)) - Storage directory /workdir/hadoop-ozone/tools/target/test-dir/MiniOzoneClusterImpl-3ef8ba27-9d0b-42ff-8dd4-d2a6bb16b342/datanode-0/data/ratis/8784b688-776c-469d-ac6d-e2a72ed167bb has been successfully formatted.
2019-10-09 23:56:20,152 [pool-37-thread-1] INFO  storage.RaftStorage (RaftStorage.java:format(84)) - Storage directory /workdir/hadoop-ozone/tools/target/test-dir/MiniOzoneClusterImpl-3ef8ba27-9d0b-42ff-8dd4-d2a6bb16b342/datanode-1/data/ratis/8784b688-776c-469d-ac6d-e2a72ed167bb has been successfully formatted.
2019-10-09 23:56:20,152 [pool-47-thread-1] INFO  ratis.ContainerStateMachine (ContainerStateMachine.java:loadSnapshot(233)) - group-E2A72ED167BB: The snapshot info is null. Setting the last applied indexto:(t:0, i:~)
2019-10-09 23:56:20,152 [pool-37-thread-1] INFO  ratis.ContainerStateMachine (ContainerStateMachine.java:loadSnapshot(233)) - group-E2A72ED167BB: The snapshot info is null. Setting the last applied indexto:(t:0, i:~)
2019-10-09 23:56:20,152 [pool-27-thread-1] INFO  ratis.ContainerStateMachine (ContainerStateMachine.java:loadSnapshot(233)) - group-E2A72ED167BB: The snapshot info is null. Setting the last applied indexto:(t:0, i:~)
2019-10-09 23:56:20,152 [pool-37-thread-1] INFO  server.RaftServerConfigKeys (ConfUtils.java:logGet(43)) - raft.server.notification.no-leader.timeout = 120s (custom)
2019-10-09 23:56:20,152 [pool-47-thread-1] INFO  server.RaftServerConfigKeys (ConfUtils.java:logGet(43)) - raft.server.notification.no-leader.timeout = 120s (custom)
2019-10-09 23:56:20,152 [pool-37-thread-1] INFO  server.RaftServerConfigKeys (ConfUtils.java:logGet(43)) - raft.server.log.use.memory = false (default)
2019-10-09 23:56:20,152 [pool-27-thread-1] INFO  server.RaftServerConfigKeys (ConfUtils.java:logGet(43)) - raft.server.notification.no-leader.timeout = 120s (custom)
2019-10-09 23:56:20,152 [pool-37-thread-1] INFO  server.RaftServerConfigKeys (ConfUtils.java:logGet(43)) - raft.server.log.purge.gap = 1000000 (custom)
2019-10-09 23:56:20,152 [pool-47-thread-1] INFO  server.RaftServerConfigKeys (ConfUtils.java:logGet(43)) - raft.server.log.use.memory = false (default)
2019-10-09 23:56:20,153 [pool-37-thread-1] INFO  server.RaftServerConfigKeys (ConfUtils.java:logGet(43)) - raft.server.log.appender.buffer.byte-limit = 33554432 (custom)
2019-10-09 23:56:20,153 [pool-27-thread-1] INFO  server.RaftServerConfigKeys (ConfUtils.java:logGet(43)) - raft.server.log.use.memory = false (default)
2019-10-09 23:56:20,153 [pool-37-thread-1] INFO  server.RaftServerConfigKeys (ConfUtils.java:logGet(43)) - raft.server.log.segment.size.max = 1048576 (custom)
2019-10-09 23:56:20,153 [pool-47-thread-1] INFO  server.RaftServerConfigKeys (ConfUtils.java:logGet(43)) - raft.server.log.purge.gap = 1000000 (custom)
2019-10-09 23:56:20,153 [pool-37-thread-1] INFO  server.RaftServerConfigKeys (ConfUtils.java:logGet(43)) - raft.server.log.segment.cache.num.max = 2 (custom)
2019-10-09 23:56:20,153 [pool-27-thread-1] INFO  server.RaftServerConfigKeys (ConfUtils.java:logGet(43)) - raft.server.log.purge.gap = 1000000 (custom)
2019-10-09 23:56:20,153 [pool-37-thread-1] INFO  segmented.SegmentedRaftLogWorker (SegmentedRaftLogWorker.java:<init>(173)) - new afe294e3-dea9-4d51-9cb1-1433faecd2aa@group-E2A72ED167BB-SegmentedRaftLogWorker for RaftStorage:Storage Directory /workdir/hadoop-ozone/tools/target/test-dir/MiniOzoneClusterImpl-3ef8ba27-9d0b-42ff-8dd4-d2a6bb16b342/datanode-1/data/ratis/8784b688-776c-469d-ac6d-e2a72ed167bb
2019-10-09 23:56:20,153 [pool-47-thread-1] INFO  server.RaftServerConfigKeys (ConfUtils.java:logGet(43)) - raft.server.log.appender.buffer.byte-limit = 33554432 (custom)
2019-10-09 23:56:20,153 [pool-37-thread-1] INFO  server.RaftServerConfigKeys (ConfUtils.java:logGet(43)) - raft.server.log.queue.byte-limit = 2147483647 (custom)
2019-10-09 23:56:20,153 [pool-27-thread-1] INFO  server.RaftServerConfigKeys (ConfUtils.java:logGet(43)) - raft.server.log.appender.buffer.byte-limit = 33554432 (custom)
2019-10-09 23:56:20,154 [pool-37-thread-1] INFO  server.RaftServerConfigKeys (ConfUtils.java:logGet(43)) - raft.server.log.queue.element-limit = 1024 (custom)
2019-10-09 23:56:20,154 [pool-47-thread-1] INFO  server.RaftServerConfigKeys (ConfUtils.java:logGet(43)) - raft.server.log.segment.size.max = 1048576 (custom)
2019-10-09 23:56:20,154 [pool-37-thread-1] INFO  server.RaftServerConfigKeys (ConfUtils.java:logGet(43)) - raft.server.log.segment.size.max = 1048576 (custom)
2019-10-09 23:56:20,154 [pool-37-thread-1] INFO  server.RaftServerConfigKeys (ConfUtils.java:logGet(43)) - raft.server.log.preallocated.size = 16384 (custom)
2019-10-09 23:56:20,154 [pool-27-thread-1] INFO  server.RaftServerConfigKeys (ConfUtils.java:logGet(43)) - raft.server.log.segment.size.max = 1048576 (custom)
2019-10-09 23:56:20,154 [pool-37-thread-1] INFO  server.RaftServerConfigKeys (ConfUtils.java:logGet(43)) - raft.server.log.write.buffer.size = 33554432 (custom)
2019-10-09 23:56:20,154 [pool-47-thread-1] INFO  server.RaftServerConfigKeys (ConfUtils.java:logGet(43)) - raft.server.log.segment.cache.num.max = 2 (custom)
2019-10-09 23:56:20,154 [pool-37-thread-1] INFO  server.RaftServerConfigKeys (ConfUtils.java:logGet(43)) - raft.server.log.force.sync.num = 128 (default)
2019-10-09 23:56:20,154 [pool-27-thread-1] INFO  server.RaftServerConfigKeys (ConfUtils.java:logGet(43)) - raft.server.log.segment.cache.num.max = 2 (custom)
2019-10-09 23:56:20,155 [pool-37-thread-1] INFO  server.RaftServerConfigKeys (ConfUtils.java:logGet(43)) - raft.server.log.statemachine.data.sync = true (default)
2019-10-09 23:56:20,155 [pool-47-thread-1] INFO  segmented.SegmentedRaftLogWorker (SegmentedRaftLogWorker.java:<init>(173)) - new 004ba699-4cef-44c2-b8d9-499866424522@group-E2A72ED167BB-SegmentedRaftLogWorker for RaftStorage:Storage Directory /workdir/hadoop-ozone/tools/target/test-dir/MiniOzoneClusterImpl-3ef8ba27-9d0b-42ff-8dd4-d2a6bb16b342/datanode-2/data/ratis/8784b688-776c-469d-ac6d-e2a72ed167bb
2019-10-09 23:56:20,155 [pool-37-thread-1] INFO  server.RaftServerConfigKeys (ConfUtils.java:logGet(43)) - raft.server.log.statemachine.data.sync.timeout = 10s (default)
2019-10-09 23:56:20,155 [pool-27-thread-1] INFO  segmented.SegmentedRaftLogWorker (SegmentedRaftLogWorker.java:<init>(173)) - new 7349a8e7-a912-424d-91d5-5fbf095df9f6@group-E2A72ED167BB-SegmentedRaftLogWorker for RaftStorage:Storage Directory /workdir/hadoop-ozone/tools/target/test-dir/MiniOzoneClusterImpl-3ef8ba27-9d0b-42ff-8dd4-d2a6bb16b342/datanode-0/data/ratis/8784b688-776c-469d-ac6d-e2a72ed167bb
2019-10-09 23:56:20,155 [pool-37-thread-1] INFO  server.RaftServerConfigKeys (ConfUtils.java:logGet(43)) - raft.server.log.statemachine.data.sync.timeout.retry = -1 (default)
2019-10-09 23:56:20,155 [pool-47-thread-1] INFO  server.RaftServerConfigKeys (ConfUtils.java:logGet(43)) - raft.server.log.queue.byte-limit = 2147483647 (custom)
2019-10-09 23:56:20,155 [pool-27-thread-1] INFO  server.RaftServerConfigKeys (ConfUtils.java:logGet(43)) - raft.server.log.queue.byte-limit = 2147483647 (custom)
2019-10-09 23:56:20,155 [pool-47-thread-1] INFO  server.RaftServerConfigKeys (ConfUtils.java:logGet(43)) - raft.server.log.queue.element-limit = 1024 (custom)
2019-10-09 23:56:20,155 [pool-37-thread-1] INFO  server.RaftServerConfigKeys (ConfUtils.java:logGet(43)) - raft.server.log.statemachine.data.caching.enabled = true (custom)
2019-10-09 23:56:20,156 [pool-47-thread-1] INFO  server.RaftServerConfigKeys (ConfUtils.java:logGet(43)) - raft.server.log.segment.size.max = 1048576 (custom)
2019-10-09 23:56:20,155 [pool-27-thread-1] INFO  server.RaftServerConfigKeys (ConfUtils.java:logGet(43)) - raft.server.log.queue.element-limit = 1024 (custom)
2019-10-09 23:56:20,156 [pool-37-thread-1] INFO  segmented.SegmentedRaftLogWorker (SegmentedRaftLogWorker.java:lambda$new$0(128)) - afe294e3-dea9-4d51-9cb1-1433faecd2aa@group-E2A72ED167BB-SegmentedRaftLogWorker: flushIndex: setUnconditionally 0 -> -1
2019-10-09 23:56:20,156 [pool-47-thread-1] INFO  server.RaftServerConfigKeys (ConfUtils.java:logGet(43)) - raft.server.log.preallocated.size = 16384 (custom)
2019-10-09 23:56:20,156 [pool-27-thread-1] INFO  server.RaftServerConfigKeys (ConfUtils.java:logGet(43)) - raft.server.log.segment.size.max = 1048576 (custom)
2019-10-09 23:56:20,156 [pool-37-thread-1] INFO  server.RaftServerConfigKeys (ConfUtils.java:logGet(43)) - raft.server.snapshot.auto.trigger.enabled = true (custom)
2019-10-09 23:56:20,156 [pool-47-thread-1] INFO  server.RaftServerConfigKeys (ConfUtils.java:logGet(43)) - raft.server.log.write.buffer.size = 33554432 (custom)
2019-10-09 23:56:20,156 [pool-37-thread-1] INFO  server.RaftServerConfigKeys (ConfUtils.java:logGet(43)) - raft.server.snapshot.auto.trigger.threshold = 10000 (custom)
2019-10-09 23:56:20,157 [pool-37-thread-1] INFO  server.RaftServerConfigKeys (ConfUtils.java:logGet(43)) - raft.server.snapshot.retention.file.num = 5 (custom)
2019-10-09 23:56:20,156 [pool-27-thread-1] INFO  server.RaftServerConfigKeys (ConfUtils.java:logGet(43)) - raft.server.log.preallocated.size = 16384 (custom)
2019-10-09 23:56:20,157 [pool-37-thread-1] INFO  server.RaftServerConfigKeys (ConfUtils.java:logGet(43)) - raft.server.retrycache.expirytime = 600000ms (custom)
2019-10-09 23:56:20,156 [pool-47-thread-1] INFO  server.RaftServerConfigKeys (ConfUtils.java:logGet(43)) - raft.server.log.force.sync.num = 128 (default)
2019-10-09 23:56:20,157 [pool-27-thread-1] INFO  server.RaftServerConfigKeys (ConfUtils.java:logGet(43)) - raft.server.log.write.buffer.size = 33554432 (custom)
2019-10-09 23:56:20,157 [pool-47-thread-1] INFO  server.RaftServerConfigKeys (ConfUtils.java:logGet(43)) - raft.server.log.statemachine.data.sync = true (default)
2019-10-09 23:56:20,157 [pool-27-thread-1] INFO  server.RaftServerConfigKeys (ConfUtils.java:logGet(43)) - raft.server.log.force.sync.num = 128 (default)
2019-10-09 23:56:20,157 [pool-47-thread-1] INFO  server.RaftServerConfigKeys (ConfUtils.java:logGet(43)) - raft.server.log.statemachine.data.sync.timeout = 10s (default)
2019-10-09 23:56:20,157 [pool-27-thread-1] INFO  server.RaftServerConfigKeys (ConfUtils.java:logGet(43)) - raft.server.log.statemachine.data.sync = true (default)
2019-10-09 23:56:20,157 [pool-47-thread-1] INFO  server.RaftServerConfigKeys (ConfUtils.java:logGet(43)) - raft.server.log.statemachine.data.sync.timeout.retry = -1 (default)
2019-10-09 23:56:20,157 [pool-27-thread-1] INFO  server.RaftServerConfigKeys (ConfUtils.java:logGet(43)) - raft.server.log.statemachine.data.sync.timeout = 10s (default)
2019-10-09 23:56:20,158 [pool-47-thread-1] INFO  server.RaftServerConfigKeys (ConfUtils.java:logGet(43)) - raft.server.log.statemachine.data.caching.enabled = true (custom)
2019-10-09 23:56:20,158 [pool-27-thread-1] INFO  server.RaftServerConfigKeys (ConfUtils.java:logGet(43)) - raft.server.log.statemachine.data.sync.timeout.retry = -1 (default)
2019-10-09 23:56:20,158 [pool-47-thread-1] INFO  segmented.SegmentedRaftLogWorker (SegmentedRaftLogWorker.java:lambda$new$0(128)) - 004ba699-4cef-44c2-b8d9-499866424522@group-E2A72ED167BB-SegmentedRaftLogWorker: flushIndex: setUnconditionally 0 -> -1
2019-10-09 23:56:20,158 [pool-27-thread-1] INFO  server.RaftServerConfigKeys (ConfUtils.java:logGet(43)) - raft.server.log.statemachine.data.caching.enabled = true (custom)
2019-10-09 23:56:20,158 [pool-47-thread-1] INFO  server.RaftServerConfigKeys (ConfUtils.java:logGet(43)) - raft.server.snapshot.auto.trigger.enabled = true (custom)
2019-10-09 23:56:20,158 [pool-47-thread-1] INFO  server.RaftServerConfigKeys (ConfUtils.java:logGet(43)) - raft.server.snapshot.auto.trigger.threshold = 10000 (custom)
2019-10-09 23:56:20,158 [pool-27-thread-1] INFO  segmented.SegmentedRaftLogWorker (SegmentedRaftLogWorker.java:lambda$new$0(128)) - 7349a8e7-a912-424d-91d5-5fbf095df9f6@group-E2A72ED167BB-SegmentedRaftLogWorker: flushIndex: setUnconditionally 0 -> -1
2019-10-09 23:56:20,158 [pool-47-thread-1] INFO  server.RaftServerConfigKeys (ConfUtils.java:logGet(43)) - raft.server.snapshot.retention.file.num = 5 (custom)
2019-10-09 23:56:20,159 [pool-27-thread-1] INFO  server.RaftServerConfigKeys (ConfUtils.java:logGet(43)) - raft.server.snapshot.auto.trigger.enabled = true (custom)
2019-10-09 23:56:20,159 [pool-47-thread-1] INFO  server.RaftServerConfigKeys (ConfUtils.java:logGet(43)) - raft.server.retrycache.expirytime = 600000ms (custom)
2019-10-09 23:56:20,159 [pool-27-thread-1] INFO  server.RaftServerConfigKeys (ConfUtils.java:logGet(43)) - raft.server.snapshot.auto.trigger.threshold = 10000 (custom)
2019-10-09 23:56:20,159 [pool-27-thread-1] INFO  server.RaftServerConfigKeys (ConfUtils.java:logGet(43)) - raft.server.snapshot.retention.file.num = 5 (custom)
2019-10-09 23:56:20,159 [pool-37-thread-1] INFO  impl.RaftServerImpl (RaftServerImpl.java:start(181)) - afe294e3-dea9-4d51-9cb1-1433faecd2aa@group-E2A72ED167BB: start as a follower, conf=-1: [afe294e3-dea9-4d51-9cb1-1433faecd2aa:192.168.164.207:38334, 7349a8e7-a912-424d-91d5-5fbf095df9f6:192.168.164.207:39780, 004ba699-4cef-44c2-b8d9-499866424522:192.168.164.207:46050], old=null
2019-10-09 23:56:20,159 [pool-27-thread-1] INFO  server.RaftServerConfigKeys (ConfUtils.java:logGet(43)) - raft.server.retrycache.expirytime = 600000ms (custom)
2019-10-09 23:56:20,159 [pool-37-thread-1] INFO  impl.RaftServerImpl (RaftServerImpl.java:setRole(170)) - afe294e3-dea9-4d51-9cb1-1433faecd2aa@group-E2A72ED167BB: changes role from      null to FOLLOWER at term 0 for startAsFollower
2019-10-09 23:56:20,160 [pool-37-thread-1] INFO  impl.RoleInfo (RoleInfo.java:updateAndGet(143)) - afe294e3-dea9-4d51-9cb1-1433faecd2aa: start FollowerState
2019-10-09 23:56:20,160 [pool-37-thread-1] INFO  util.JmxRegister (JmxRegister.java:tryRegister(44)) - Successfully registered JMX Bean with object name Ratis:service=RaftServer,group=group-E2A72ED167BB,id=afe294e3-dea9-4d51-9cb1-1433faecd2aa
2019-10-09 23:56:20,162 [pool-47-thread-1] INFO  impl.RaftServerImpl (RaftServerImpl.java:start(181)) - 004ba699-4cef-44c2-b8d9-499866424522@group-E2A72ED167BB: start as a follower, conf=-1: [afe294e3-dea9-4d51-9cb1-1433faecd2aa:192.168.164.207:38334, 7349a8e7-a912-424d-91d5-5fbf095df9f6:192.168.164.207:39780, 004ba699-4cef-44c2-b8d9-499866424522:192.168.164.207:46050], old=null
2019-10-09 23:56:20,162 [pool-47-thread-1] INFO  impl.RaftServerImpl (RaftServerImpl.java:setRole(170)) - 004ba699-4cef-44c2-b8d9-499866424522@group-E2A72ED167BB: changes role from      null to FOLLOWER at term 0 for startAsFollower
2019-10-09 23:56:20,162 [pool-47-thread-1] INFO  impl.RoleInfo (RoleInfo.java:updateAndGet(143)) - 004ba699-4cef-44c2-b8d9-499866424522: start FollowerState
2019-10-09 23:56:20,163 [pool-47-thread-1] INFO  util.JmxRegister (JmxRegister.java:tryRegister(44)) - Successfully registered JMX Bean with object name Ratis:service=RaftServer,group=group-E2A72ED167BB,id=004ba699-4cef-44c2-b8d9-499866424522
2019-10-09 23:56:20,163 [pool-27-thread-1] INFO  impl.RaftServerImpl (RaftServerImpl.java:start(181)) - 7349a8e7-a912-424d-91d5-5fbf095df9f6@group-E2A72ED167BB: start as a follower, conf=-1: [afe294e3-dea9-4d51-9cb1-1433faecd2aa:192.168.164.207:38334, 7349a8e7-a912-424d-91d5-5fbf095df9f6:192.168.164.207:39780, 004ba699-4cef-44c2-b8d9-499866424522:192.168.164.207:46050], old=null
2019-10-09 23:56:20,163 [pool-27-thread-1] INFO  impl.RaftServerImpl (RaftServerImpl.java:setRole(170)) - 7349a8e7-a912-424d-91d5-5fbf095df9f6@group-E2A72ED167BB: changes role from      null to FOLLOWER at term 0 for startAsFollower
2019-10-09 23:56:20,164 [pool-27-thread-1] INFO  impl.RoleInfo (RoleInfo.java:updateAndGet(143)) - 7349a8e7-a912-424d-91d5-5fbf095df9f6: start FollowerState
2019-10-09 23:56:20,164 [pool-27-thread-1] INFO  util.JmxRegister (JmxRegister.java:tryRegister(44)) - Successfully registered JMX Bean with object name Ratis:service=RaftServer,group=group-E2A72ED167BB,id=7349a8e7-a912-424d-91d5-5fbf095df9f6
2019-10-09 23:56:20,172 [RatisPipelineUtilsThread] INFO  pipeline.PipelineStateManager (PipelineStateManager.java:addPipeline(57)) - Created pipeline Pipeline[ Id: 8784b688-776c-469d-ac6d-e2a72ed167bb, Nodes: 7349a8e7-a912-424d-91d5-5fbf095df9f6{ip: 192.168.164.207, host: pr-hdds-1868-7c4vz-2804340038, networkLocation: /default-rack, certSerialId: null}afe294e3-dea9-4d51-9cb1-1433faecd2aa{ip: 192.168.164.207, host: pr-hdds-1868-7c4vz-2804340038, networkLocation: /default-rack, certSerialId: null}004ba699-4cef-44c2-b8d9-499866424522{ip: 192.168.164.207, host: pr-hdds-1868-7c4vz-2804340038, networkLocation: /default-rack, certSerialId: null}, Type:RATIS, Factor:THREE, State:ALLOCATED]
2019-10-09 23:56:20,223 [main] INFO  freon.RandomKeyGenerator (RandomKeyGenerator.java:call(283)) - Number of Threads: 10
2019-10-09 23:56:20,223 [main] INFO  freon.RandomKeyGenerator (RandomKeyGenerator.java:call(288)) - Number of Volumes: 1.
2019-10-09 23:56:20,223 [main] INFO  freon.RandomKeyGenerator (RandomKeyGenerator.java:call(289)) - Number of Buckets per Volume: 1.
2019-10-09 23:56:20,223 [main] INFO  freon.RandomKeyGenerator (RandomKeyGenerator.java:call(290)) - Number of Keys per Bucket: 1.
2019-10-09 23:56:20,223 [main] INFO  freon.RandomKeyGenerator (RandomKeyGenerator.java:call(291)) - Key size: 20971520 bytes
2019-10-09 23:56:20,223 [main] INFO  freon.RandomKeyGenerator (RandomKeyGenerator.java:call(292)) - Buffer size: 4096 bytes
2019-10-09 23:56:20,224 [main] INFO  freon.RandomKeyGenerator (RandomKeyGenerator.java:call(293)) - validateWrites : true
2019-10-09 23:56:20,225 [main] INFO  freon.RandomKeyGenerator (RandomKeyGenerator.java:call(307)) - Data validation is enabled.
2019-10-09 23:56:20,225 [pool-59-thread-1] INFO  rpc.RpcClient (RpcClient.java:createVolume(272)) - Creating Volume: vol-0-15063, with jenkins1000 as owner.
2019-10-09 23:56:20,227 [main] INFO  freon.RandomKeyGenerator (RandomKeyGenerator.java:call(313)) - Starting progress bar Thread.

 0.00% |█                                                                                                    |  0/1 Time: 0:00:002019-10-09 23:56:20,231 [IPC Server handler 16 on 34591] INFO  volume.OMVolumeCreateRequest (OMVolumeCreateRequest.java:validateAndUpdateCache(193)) - created volume:vol-0-15063 for user:jenkins1000
2019-10-09 23:56:20,239 [pool-59-thread-2] INFO  rpc.RpcClient (RpcClient.java:createBucket(411)) - Creating Bucket: vol-0-15063/bucket-0-18581, with Versioning false and Storage Type set to DISK and Encryption set to false 
2019-10-09 23:56:20,252 [IPC Server handler 0 on 34420] WARN  block.BlockManagerImpl (BlockManagerImpl.java:allocateBlock(194)) - Pipeline creation failed for type:RATIS factor:THREE. Retrying get pipelines call once.
org.apache.hadoop.hdds.scm.pipeline.InsufficientDatanodesException: Cannot create pipeline of factor 3 using 0 nodes.
	at org.apache.hadoop.hdds.scm.pipeline.RatisPipelineProvider.create(RatisPipelineProvider.java:155)
	at org.apache.hadoop.hdds.scm.pipeline.PipelineFactory.create(PipelineFactory.java:58)
	at org.apache.hadoop.hdds.scm.pipeline.SCMPipelineManager.createPipeline(SCMPipelineManager.java:155)
	at org.apache.hadoop.hdds.scm.block.BlockManagerImpl.allocateBlock(BlockManagerImpl.java:192)
	at org.apache.hadoop.hdds.scm.server.SCMBlockProtocolServer.allocateBlock(SCMBlockProtocolServer.java:182)
	at org.apache.hadoop.hdds.scm.protocol.ScmBlockLocationProtocolServerSideTranslatorPB.allocateScmBlock(ScmBlockLocationProtocolServerSideTranslatorPB.java:159)
	at org.apache.hadoop.hdds.scm.protocol.ScmBlockLocationProtocolServerSideTranslatorPB.processMessage(ScmBlockLocationProtocolServerSideTranslatorPB.java:117)
	at org.apache.hadoop.hdds.server.OzoneProtocolMessageDispatcher.processRequest(OzoneProtocolMessageDispatcher.java:72)
	at org.apache.hadoop.hdds.scm.protocol.ScmBlockLocationProtocolServerSideTranslatorPB.send(ScmBlockLocationProtocolServerSideTranslatorPB.java:98)
	at org.apache.hadoop.hdds.protocol.proto.ScmBlockLocationProtocolProtos$ScmBlockLocationProtocolService$2.callBlockingMethod(ScmBlockLocationProtocolProtos.java:13157)
	at org.apache.hadoop.ipc.ProtobufRpcEngine$Server$ProtoBufRpcInvoker.call(ProtobufRpcEngine.java:524)
	at org.apache.hadoop.ipc.RPC$Server.call(RPC.java:1025)
	at org.apache.hadoop.ipc.Server$RpcCall.run(Server.java:876)
	at org.apache.hadoop.ipc.Server$RpcCall.run(Server.java:822)
	at java.security.AccessController.doPrivileged(Native Method)
	at javax.security.auth.Subject.doAs(Subject.java:422)
	at org.apache.hadoop.security.UserGroupInformation.doAs(UserGroupInformation.java:1730)
	at org.apache.hadoop.ipc.Server$Handler.run(Server.java:2682)
2019-10-09 23:56:20,254 [IPC Server handler 0 on 34420] INFO  block.BlockManagerImpl (BlockManagerImpl.java:allocateBlock(200)) - Could not find available pipeline of type:RATIS and factor:THREE even after retrying
2019-10-09 23:56:20,255 [IPC Server handler 0 on 34420] ERROR block.BlockManagerImpl (BlockManagerImpl.java:allocateBlock(224)) - Unable to allocate a block for the size: 4194304, type: RATIS, factor: THREE
2019-10-09 23:56:20,255 [IPC Server handler 0 on 34420] WARN  block.BlockManagerImpl (BlockManagerImpl.java:allocateBlock(194)) - Pipeline creation failed for type:RATIS factor:THREE. Retrying get pipelines call once.
org.apache.hadoop.hdds.scm.pipeline.InsufficientDatanodesException: Cannot create pipeline of factor 3 using 0 nodes.
	at org.apache.hadoop.hdds.scm.pipeline.RatisPipelineProvider.create(RatisPipelineProvider.java:155)
	at org.apache.hadoop.hdds.scm.pipeline.PipelineFactory.create(PipelineFactory.java:58)
	at org.apache.hadoop.hdds.scm.pipeline.SCMPipelineManager.createPipeline(SCMPipelineManager.java:155)
	at org.apache.hadoop.hdds.scm.block.BlockManagerImpl.allocateBlock(BlockManagerImpl.java:192)
	at org.apache.hadoop.hdds.scm.server.SCMBlockProtocolServer.allocateBlock(SCMBlockProtocolServer.java:182)
	at org.apache.hadoop.hdds.scm.protocol.ScmBlockLocationProtocolServerSideTranslatorPB.allocateScmBlock(ScmBlockLocationProtocolServerSideTranslatorPB.java:159)
	at org.apache.hadoop.hdds.scm.protocol.ScmBlockLocationProtocolServerSideTranslatorPB.processMessage(ScmBlockLocationProtocolServerSideTranslatorPB.java:117)
	at org.apache.hadoop.hdds.server.OzoneProtocolMessageDispatcher.processRequest(OzoneProtocolMessageDispatcher.java:72)
	at org.apache.hadoop.hdds.scm.protocol.ScmBlockLocationProtocolServerSideTranslatorPB.send(ScmBlockLocationProtocolServerSideTranslatorPB.java:98)
	at org.apache.hadoop.hdds.protocol.proto.ScmBlockLocationProtocolProtos$ScmBlockLocationProtocolService$2.callBlockingMethod(ScmBlockLocationProtocolProtos.java:13157)
	at org.apache.hadoop.ipc.ProtobufRpcEngine$Server$ProtoBufRpcInvoker.call(ProtobufRpcEngine.java:524)
	at org.apache.hadoop.ipc.RPC$Server.call(RPC.java:1025)
	at org.apache.hadoop.ipc.Server$RpcCall.run(Server.java:876)
	at org.apache.hadoop.ipc.Server$RpcCall.run(Server.java:822)
	at java.security.AccessController.doPrivileged(Native Method)
	at javax.security.auth.Subject.doAs(Subject.java:422)
	at org.apache.hadoop.security.UserGroupInformation.doAs(UserGroupInformation.java:1730)
	at org.apache.hadoop.ipc.Server$Handler.run(Server.java:2682)
2019-10-09 23:56:20,256 [IPC Server handler 0 on 34420] INFO  block.BlockManagerImpl (BlockManagerImpl.java:allocateBlock(200)) - Could not find available pipeline of type:RATIS and factor:THREE even after retrying
2019-10-09 23:56:20,256 [IPC Server handler 0 on 34420] ERROR block.BlockManagerImpl (BlockManagerImpl.java:allocateBlock(224)) - Unable to allocate a block for the size: 4194304, type: RATIS, factor: THREE
2019-10-09 23:56:20,256 [IPC Server handler 0 on 34420] WARN  block.BlockManagerImpl (BlockManagerImpl.java:allocateBlock(194)) - Pipeline creation failed for type:RATIS factor:THREE. Retrying get pipelines call once.
org.apache.hadoop.hdds.scm.pipeline.InsufficientDatanodesException: Cannot create pipeline of factor 3 using 0 nodes.
	at org.apache.hadoop.hdds.scm.pipeline.RatisPipelineProvider.create(RatisPipelineProvider.java:155)
	at org.apache.hadoop.hdds.scm.pipeline.PipelineFactory.create(PipelineFactory.java:58)
	at org.apache.hadoop.hdds.scm.pipeline.SCMPipelineManager.createPipeline(SCMPipelineManager.java:155)
	at org.apache.hadoop.hdds.scm.block.BlockManagerImpl.allocateBlock(BlockManagerImpl.java:192)
	at org.apache.hadoop.hdds.scm.server.SCMBlockProtocolServer.allocateBlock(SCMBlockProtocolServer.java:182)
	at org.apache.hadoop.hdds.scm.protocol.ScmBlockLocationProtocolServerSideTranslatorPB.allocateScmBlock(ScmBlockLocationProtocolServerSideTranslatorPB.java:159)
	at org.apache.hadoop.hdds.scm.protocol.ScmBlockLocationProtocolServerSideTranslatorPB.processMessage(ScmBlockLocationProtocolServerSideTranslatorPB.java:117)
	at org.apache.hadoop.hdds.server.OzoneProtocolMessageDispatcher.processRequest(OzoneProtocolMessageDispatcher.java:72)
	at org.apache.hadoop.hdds.scm.protocol.ScmBlockLocationProtocolServerSideTranslatorPB.send(ScmBlockLocationProtocolServerSideTranslatorPB.java:98)
	at org.apache.hadoop.hdds.protocol.proto.ScmBlockLocationProtocolProtos$ScmBlockLocationProtocolService$2.callBlockingMethod(ScmBlockLocationProtocolProtos.java:13157)
	at org.apache.hadoop.ipc.ProtobufRpcEngine$Server$ProtoBufRpcInvoker.call(ProtobufRpcEngine.java:524)
	at org.apache.hadoop.ipc.RPC$Server.call(RPC.java:1025)
	at org.apache.hadoop.ipc.Server$RpcCall.run(Server.java:876)
	at org.apache.hadoop.ipc.Server$RpcCall.run(Server.java:822)
	at java.security.AccessController.doPrivileged(Native Method)
	at javax.security.auth.Subject.doAs(Subject.java:422)
	at org.apache.hadoop.security.UserGroupInformation.doAs(UserGroupInformation.java:1730)
	at org.apache.hadoop.ipc.Server$Handler.run(Server.java:2682)
2019-10-09 23:56:20,257 [IPC Server handler 0 on 34420] INFO  block.BlockManagerImpl (BlockManagerImpl.java:allocateBlock(200)) - Could not find available pipeline of type:RATIS and factor:THREE even after retrying
2019-10-09 23:56:20,257 [IPC Server handler 0 on 34420] ERROR block.BlockManagerImpl (BlockManagerImpl.java:allocateBlock(224)) - Unable to allocate a block for the size: 4194304, type: RATIS, factor: THREE
2019-10-09 23:56:20,257 [IPC Server handler 0 on 34420] WARN  block.BlockManagerImpl (BlockManagerImpl.java:allocateBlock(194)) - Pipeline creation failed for type:RATIS factor:THREE. Retrying get pipelines call once.
org.apache.hadoop.hdds.scm.pipeline.InsufficientDatanodesException: Cannot create pipeline of factor 3 using 0 nodes.
	at org.apache.hadoop.hdds.scm.pipeline.RatisPipelineProvider.create(RatisPipelineProvider.java:155)
	at org.apache.hadoop.hdds.scm.pipeline.PipelineFactory.create(PipelineFactory.java:58)
	at org.apache.hadoop.hdds.scm.pipeline.SCMPipelineManager.createPipeline(SCMPipelineManager.java:155)
	at org.apache.hadoop.hdds.scm.block.BlockManagerImpl.allocateBlock(BlockManagerImpl.java:192)
	at org.apache.hadoop.hdds.scm.server.SCMBlockProtocolServer.allocateBlock(SCMBlockProtocolServer.java:182)
	at org.apache.hadoop.hdds.scm.protocol.ScmBlockLocationProtocolServerSideTranslatorPB.allocateScmBlock(ScmBlockLocationProtocolServerSideTranslatorPB.java:159)
	at org.apache.hadoop.hdds.scm.protocol.ScmBlockLocationProtocolServerSideTranslatorPB.processMessage(ScmBlockLocationProtocolServerSideTranslatorPB.java:117)
	at org.apache.hadoop.hdds.server.OzoneProtocolMessageDispatcher.processRequest(OzoneProtocolMessageDispatcher.java:72)
	at org.apache.hadoop.hdds.scm.protocol.ScmBlockLocationProtocolServerSideTranslatorPB.send(ScmBlockLocationProtocolServerSideTranslatorPB.java:98)
	at org.apache.hadoop.hdds.protocol.proto.ScmBlockLocationProtocolProtos$ScmBlockLocationProtocolService$2.callBlockingMethod(ScmBlockLocationProtocolProtos.java:13157)
	at org.apache.hadoop.ipc.ProtobufRpcEngine$Server$ProtoBufRpcInvoker.call(ProtobufRpcEngine.java:524)
	at org.apache.hadoop.ipc.RPC$Server.call(RPC.java:1025)
	at org.apache.hadoop.ipc.Server$RpcCall.run(Server.java:876)
	at org.apache.hadoop.ipc.Server$RpcCall.run(Server.java:822)
	at java.security.AccessController.doPrivileged(Native Method)
	at javax.security.auth.Subject.doAs(Subject.java:422)
	at org.apache.hadoop.security.UserGroupInformation.doAs(UserGroupInformation.java:1730)
	at org.apache.hadoop.ipc.Server$Handler.run(Server.java:2682)
2019-10-09 23:56:20,258 [IPC Server handler 0 on 34420] INFO  block.BlockManagerImpl (BlockManagerImpl.java:allocateBlock(200)) - Could not find available pipeline of type:RATIS and factor:THREE even after retrying
2019-10-09 23:56:20,258 [IPC Server handler 0 on 34420] ERROR block.BlockManagerImpl (BlockManagerImpl.java:allocateBlock(224)) - Unable to allocate a block for the size: 4194304, type: RATIS, factor: THREE
2019-10-09 23:56:20,258 [IPC Server handler 0 on 34420] WARN  block.BlockManagerImpl (BlockManagerImpl.java:allocateBlock(194)) - Pipeline creation failed for type:RATIS factor:THREE. Retrying get pipelines call once.
org.apache.hadoop.hdds.scm.pipeline.InsufficientDatanodesException: Cannot create pipeline of factor 3 using 0 nodes.
	at org.apache.hadoop.hdds.scm.pipeline.RatisPipelineProvider.create(RatisPipelineProvider.java:155)
	at org.apache.hadoop.hdds.scm.pipeline.PipelineFactory.create(PipelineFactory.java:58)
	at org.apache.hadoop.hdds.scm.pipeline.SCMPipelineManager.createPipeline(SCMPipelineManager.java:155)
	at org.apache.hadoop.hdds.scm.block.BlockManagerImpl.allocateBlock(BlockManagerImpl.java:192)
	at org.apache.hadoop.hdds.scm.server.SCMBlockProtocolServer.allocateBlock(SCMBlockProtocolServer.java:182)
	at org.apache.hadoop.hdds.scm.protocol.ScmBlockLocationProtocolServerSideTranslatorPB.allocateScmBlock(ScmBlockLocationProtocolServerSideTranslatorPB.java:159)
	at org.apache.hadoop.hdds.scm.protocol.ScmBlockLocationProtocolServerSideTranslatorPB.processMessage(ScmBlockLocationProtocolServerSideTranslatorPB.java:117)
	at org.apache.hadoop.hdds.server.OzoneProtocolMessageDispatcher.processRequest(OzoneProtocolMessageDispatcher.java:72)
	at org.apache.hadoop.hdds.scm.protocol.ScmBlockLocationProtocolServerSideTranslatorPB.send(ScmBlockLocationProtocolServerSideTranslatorPB.java:98)
	at org.apache.hadoop.hdds.protocol.proto.ScmBlockLocationProtocolProtos$ScmBlockLocationProtocolService$2.callBlockingMethod(ScmBlockLocationProtocolProtos.java:13157)
	at org.apache.hadoop.ipc.ProtobufRpcEngine$Server$ProtoBufRpcInvoker.call(ProtobufRpcEngine.java:524)
	at org.apache.hadoop.ipc.RPC$Server.call(RPC.java:1025)
	at org.apache.hadoop.ipc.Server$RpcCall.run(Server.java:876)
	at org.apache.hadoop.ipc.Server$RpcCall.run(Server.java:822)
	at java.security.AccessController.doPrivileged(Native Method)
	at javax.security.auth.Subject.doAs(Subject.java:422)
	at org.apache.hadoop.security.UserGroupInformation.doAs(UserGroupInformation.java:1730)
	at org.apache.hadoop.ipc.Server$Handler.run(Server.java:2682)
2019-10-09 23:56:20,259 [IPC Server handler 0 on 34420] INFO  block.BlockManagerImpl (BlockManagerImpl.java:allocateBlock(200)) - Could not find available pipeline of type:RATIS and factor:THREE even after retrying
2019-10-09 23:56:20,259 [IPC Server handler 0 on 34420] ERROR block.BlockManagerImpl (BlockManagerImpl.java:allocateBlock(224)) - Unable to allocate a block for the size: 4194304, type: RATIS, factor: THREE
2019-10-09 23:56:20,262 [pool-59-thread-3] ERROR freon.RandomKeyGenerator (RandomKeyGenerator.java:createKey(733)) - Exception while adding key: key-0-28756 in bucket: bucket-0-18581 of volume: vol-0-15063.
INTERNAL_ERROR org.apache.hadoop.ozone.om.exceptions.OMException: Allocated 0 blocks. Requested 5 blocks
	at org.apache.hadoop.ozone.om.protocolPB.OzoneManagerProtocolClientSideTranslatorPB.handleError(OzoneManagerProtocolClientSideTranslatorPB.java:732)
	at org.apache.hadoop.ozone.om.protocolPB.OzoneManagerProtocolClientSideTranslatorPB.openKey(OzoneManagerProtocolClientSideTranslatorPB.java:723)
	at sun.reflect.NativeMethodAccessorImpl.invoke0(Native Method)
	at sun.reflect.NativeMethodAccessorImpl.invoke(NativeMethodAccessorImpl.java:62)
	at sun.reflect.DelegatingMethodAccessorImpl.invoke(DelegatingMethodAccessorImpl.java:43)
	at java.lang.reflect.Method.invoke(Method.java:498)
	at org.apache.hadoop.hdds.tracing.TraceAllMethod.invoke(TraceAllMethod.java:66)
	at com.sun.proxy.$Proxy37.openKey(Unknown Source)
	at org.apache.hadoop.ozone.client.rpc.RpcClient.createKey(RpcClient.java:610)
	at org.apache.hadoop.ozone.client.OzoneBucket.createKey(OzoneBucket.java:325)
	at org.apache.hadoop.ozone.freon.RandomKeyGenerator.createKey(RandomKeyGenerator.java:695)
	at org.apache.hadoop.ozone.freon.RandomKeyGenerator.access$1100(RandomKeyGenerator.java:88)
	at org.apache.hadoop.ozone.freon.RandomKeyGenerator$ObjectCreator.run(RandomKeyGenerator.java:615)
	at java.util.concurrent.Executors$RunnableAdapter.call(Executors.java:511)
	at java.util.concurrent.FutureTask.run(FutureTask.java:266)
	at java.util.concurrent.ThreadPoolExecutor.runWorker(ThreadPoolExecutor.java:1149)
	at java.util.concurrent.ThreadPoolExecutor$Worker.run(ThreadPoolExecutor.java:624)
	at java.lang.Thread.run(Thread.java:748)
 0.00% |█                                                                                                    |  0/1 Time: 0:00:01 0.00% |█                                                                                                    |  0/1 Time: 0:00:02 0.00% |█                                                                                                    |  0/1 Time: 0:00:03 0.00% |█                                                                                                    |  0/1 Time: 0:00:042019-10-09 23:56:25,227 [Thread-481] INFO  impl.FollowerState (FollowerState.java:run(108)) - 7349a8e7-a912-424d-91d5-5fbf095df9f6@group-E2A72ED167BB-FollowerState: change to CANDIDATE, lastRpcTime:5063ms, electionTimeout:5063ms
2019-10-09 23:56:25,228 [Thread-481] INFO  impl.RoleInfo (RoleInfo.java:shutdownFollowerState(121)) - 7349a8e7-a912-424d-91d5-5fbf095df9f6: shutdown FollowerState
2019-10-09 23:56:25,228 [Thread-481] INFO  impl.RaftServerImpl (RaftServerImpl.java:setRole(170)) - 7349a8e7-a912-424d-91d5-5fbf095df9f6@group-E2A72ED167BB: changes role from  FOLLOWER to CANDIDATE at term 0 for changeToCandidate
2019-10-09 23:56:25,228 [Thread-481] INFO  impl.RoleInfo (RoleInfo.java:updateAndGet(143)) - 7349a8e7-a912-424d-91d5-5fbf095df9f6: start LeaderElection
 100.00% |█████████████████████████████████████████████████████████████████████████████████████████████████████|  1/1 Time: 0:00:05
2019-10-09 23:56:25,256 [7349a8e7-a912-424d-91d5-5fbf095df9f6@group-E2A72ED167BB-LeaderElection5] INFO  impl.LeaderElection (LeaderElection.java:askForVotes(178)) - 7349a8e7-a912-424d-91d5-5fbf095df9f6@group-E2A72ED167BB-LeaderElection5: begin an election at term 1 for -1: [afe294e3-dea9-4d51-9cb1-1433faecd2aa:192.168.164.207:38334, 7349a8e7-a912-424d-91d5-5fbf095df9f6:192.168.164.207:39780, 004ba699-4cef-44c2-b8d9-499866424522:192.168.164.207:46050], old=null
2019-10-09 23:56:25,266 [grpc-default-executor-1] INFO  impl.RaftServerImpl (RaftServerImpl.java:setRole(170)) - 004ba699-4cef-44c2-b8d9-499866424522@group-E2A72ED167BB: changes role from  FOLLOWER to FOLLOWER at term 1 for recognizeCandidate:7349a8e7-a912-424d-91d5-5fbf095df9f6
2019-10-09 23:56:25,268 [grpc-default-executor-3] INFO  impl.RaftServerImpl (RaftServerImpl.java:setRole(170)) - afe294e3-dea9-4d51-9cb1-1433faecd2aa@group-E2A72ED167BB: changes role from  FOLLOWER to FOLLOWER at term 1 for recognizeCandidate:7349a8e7-a912-424d-91d5-5fbf095df9f6
2019-10-09 23:56:25,268 [grpc-default-executor-1] INFO  impl.RoleInfo (RoleInfo.java:shutdownFollowerState(121)) - 004ba699-4cef-44c2-b8d9-499866424522: shutdown FollowerState
2019-10-09 23:56:25,268 [grpc-default-executor-3] INFO  impl.RoleInfo (RoleInfo.java:shutdownFollowerState(121)) - afe294e3-dea9-4d51-9cb1-1433faecd2aa: shutdown FollowerState
2019-10-09 23:56:25,269 [grpc-default-executor-1] INFO  impl.RoleInfo (RoleInfo.java:updateAndGet(143)) - 004ba699-4cef-44c2-b8d9-499866424522: start FollowerState
2019-10-09 23:56:25,269 [Thread-480] INFO  impl.FollowerState (FollowerState.java:run(117)) - 004ba699-4cef-44c2-b8d9-499866424522@group-E2A72ED167BB-FollowerState was interrupted: java.lang.InterruptedException: sleep interrupted
2019-10-09 23:56:25,269 [grpc-default-executor-3] INFO  impl.RoleInfo (RoleInfo.java:updateAndGet(143)) - afe294e3-dea9-4d51-9cb1-1433faecd2aa: start FollowerState
2019-10-09 23:56:25,269 [Thread-479] INFO  impl.FollowerState (FollowerState.java:run(117)) - afe294e3-dea9-4d51-9cb1-1433faecd2aa@group-E2A72ED167BB-FollowerState was interrupted: java.lang.InterruptedException: sleep interrupted
2019-10-09 23:56:25,299 [7349a8e7-a912-424d-91d5-5fbf095df9f6@group-E2A72ED167BB-LeaderElection5] INFO  impl.LeaderElection (LeaderElection.java:logAndReturn(56)) - 7349a8e7-a912-424d-91d5-5fbf095df9f6@group-E2A72ED167BB-LeaderElection5: Election PASSED; received 1 response(s) [7349a8e7-a912-424d-91d5-5fbf095df9f6<-004ba699-4cef-44c2-b8d9-499866424522#0:OK-t1] and 0 exception(s); 7349a8e7-a912-424d-91d5-5fbf095df9f6@group-E2A72ED167BB:t1, leader=null, voted=7349a8e7-a912-424d-91d5-5fbf095df9f6, raftlog=7349a8e7-a912-424d-91d5-5fbf095df9f6@group-E2A72ED167BB-SegmentedRaftLog:OPENED:c-1,f-1,i0, conf=-1: [afe294e3-dea9-4d51-9cb1-1433faecd2aa:192.168.164.207:38334, 7349a8e7-a912-424d-91d5-5fbf095df9f6:192.168.164.207:39780, 004ba699-4cef-44c2-b8d9-499866424522:192.168.164.207:46050], old=null
2019-10-09 23:56:25,299 [7349a8e7-a912-424d-91d5-5fbf095df9f6@group-E2A72ED167BB-LeaderElection5] INFO  impl.RoleInfo (RoleInfo.java:shutdownLeaderElection(134)) - 7349a8e7-a912-424d-91d5-5fbf095df9f6: shutdown LeaderElection
2019-10-09 23:56:25,301 [7349a8e7-a912-424d-91d5-5fbf095df9f6@group-E2A72ED167BB-LeaderElection5] INFO  impl.RaftServerImpl (RaftServerImpl.java:setRole(170)) - 7349a8e7-a912-424d-91d5-5fbf095df9f6@group-E2A72ED167BB: changes role from CANDIDATE to LEADER at term 1 for changeToLeader
2019-10-09 23:56:25,301 [7349a8e7-a912-424d-91d5-5fbf095df9f6@group-E2A72ED167BB-LeaderElection5] INFO  ratis.XceiverServerRatis (XceiverServerRatis.java:handleLeaderChangedNotification(702)) - Leader change notification received for group: group-E2A72ED167BB with new leaderId: 7349a8e7-a912-424d-91d5-5fbf095df9f6
2019-10-09 23:56:25,301 [7349a8e7-a912-424d-91d5-5fbf095df9f6@group-E2A72ED167BB-LeaderElection5] INFO  impl.RaftServerImpl (ServerState.java:setLeader(255)) - 7349a8e7-a912-424d-91d5-5fbf095df9f6@group-E2A72ED167BB: change Leader from null to 7349a8e7-a912-424d-91d5-5fbf095df9f6 at term 1 for becomeLeader, leader elected after 5148ms
2019-10-09 23:56:25,301 [7349a8e7-a912-424d-91d5-5fbf095df9f6@group-E2A72ED167BB-LeaderElection5] INFO  server.RaftServerConfigKeys (ConfUtils.java:logGet(43)) - raft.server.staging.catchup.gap = 1000 (default)
2019-10-09 23:56:25,301 [7349a8e7-a912-424d-91d5-5fbf095df9f6@group-E2A72ED167BB-LeaderElection5] INFO  server.RaftServerConfigKeys (ConfUtils.java:logGet(43)) - raft.server.rpc.sleep.time = 25ms (default)
2019-10-09 23:56:25,301 [7349a8e7-a912-424d-91d5-5fbf095df9f6@group-E2A72ED167BB-LeaderElection5] INFO  server.RaftServerConfigKeys (ConfUtils.java:logGet(43)) - raft.server.write.element-limit = 4096 (default)
2019-10-09 23:56:25,302 [7349a8e7-a912-424d-91d5-5fbf095df9f6@group-E2A72ED167BB-LeaderElection5] INFO  server.RaftServerConfigKeys (ConfUtils.java:logGet(43)) - raft.server.watch.timeout = 10s (default)
2019-10-09 23:56:25,302 [7349a8e7-a912-424d-91d5-5fbf095df9f6@group-E2A72ED167BB-LeaderElection5] INFO  server.RaftServerConfigKeys (ConfUtils.java:logGet(43)) - raft.server.watch.timeout.denomination = 1s (default)
2019-10-09 23:56:25,302 [7349a8e7-a912-424d-91d5-5fbf095df9f6@group-E2A72ED167BB-LeaderElection5] INFO  server.RaftServerConfigKeys (ConfUtils.java:logGet(43)) - raft.server.watch.element-limit = 65536 (default)
2019-10-09 23:56:25,303 [EventQueue-PipelineReportForPipelineReportHandler] INFO  pipeline.PipelineReportHandler (PipelineReportHandler.java:processPipelineReport(120)) - Pipeline PipelineID=8784b688-776c-469d-ac6d-e2a72ed167bb reported by 7349a8e7-a912-424d-91d5-5fbf095df9f6{ip: 192.168.164.207, host: pr-hdds-1868-7c4vz-2804340038, networkLocation: /default-rack, certSerialId: null} with leaderId 7349a8e7-a912-424d-91d5-5fbf095df9f6
2019-10-09 23:56:25,305 [7349a8e7-a912-424d-91d5-5fbf095df9f6@group-E2A72ED167BB-LeaderElection5] INFO  server.RaftServerConfigKeys (ConfUtils.java:logGet(43)) - raft.server.log.appender.snapshot.chunk.size.max = 16MB (=16777216) (default)
2019-10-09 23:56:25,305 [7349a8e7-a912-424d-91d5-5fbf095df9f6@group-E2A72ED167BB-LeaderElection5] INFO  server.RaftServerConfigKeys (ConfUtils.java:logGet(43)) - raft.server.log.appender.buffer.byte-limit = 33554432 (custom)
2019-10-09 23:56:25,306 [7349a8e7-a912-424d-91d5-5fbf095df9f6@group-E2A72ED167BB-LeaderElection5] INFO  server.RaftServerConfigKeys (ConfUtils.java:logGet(43)) - raft.server.log.appender.buffer.element-limit = 1 (custom)
2019-10-09 23:56:25,306 [7349a8e7-a912-424d-91d5-5fbf095df9f6@group-E2A72ED167BB-LeaderElection5] INFO  grpc.GrpcConfigKeys$Server (ConfUtils.java:logGet(43)) - raft.grpc.server.leader.outstanding.appends.max = 128 (default)
2019-10-09 23:56:25,306 [7349a8e7-a912-424d-91d5-5fbf095df9f6@group-E2A72ED167BB-LeaderElection5] INFO  server.RaftServerConfigKeys (ConfUtils.java:logGet(43)) - raft.server.rpc.request.timeout = 3000ms (default)
2019-10-09 23:56:25,306 [7349a8e7-a912-424d-91d5-5fbf095df9f6@group-E2A72ED167BB-LeaderElection5] INFO  server.RaftServerConfigKeys (ConfUtils.java:logGet(43)) - raft.server.log.appender.install.snapshot.enabled = false (custom)
2019-10-09 23:56:25,306 [7349a8e7-a912-424d-91d5-5fbf095df9f6@group-E2A72ED167BB-LeaderElection5] INFO  server.RaftServerConfigKeys (ConfUtils.java:logGet(43)) - raft.server.log.appender.snapshot.chunk.size.max = 16MB (=16777216) (default)
2019-10-09 23:56:25,307 [7349a8e7-a912-424d-91d5-5fbf095df9f6@group-E2A72ED167BB-LeaderElection5] INFO  server.RaftServerConfigKeys (ConfUtils.java:logGet(43)) - raft.server.log.appender.buffer.byte-limit = 33554432 (custom)
2019-10-09 23:56:25,307 [7349a8e7-a912-424d-91d5-5fbf095df9f6@group-E2A72ED167BB-LeaderElection5] INFO  server.RaftServerConfigKeys (ConfUtils.java:logGet(43)) - raft.server.log.appender.buffer.element-limit = 1 (custom)
2019-10-09 23:56:25,307 [7349a8e7-a912-424d-91d5-5fbf095df9f6@group-E2A72ED167BB-LeaderElection5] INFO  grpc.GrpcConfigKeys$Server (ConfUtils.java:logGet(43)) - raft.grpc.server.leader.outstanding.appends.max = 128 (default)
2019-10-09 23:56:25,307 [7349a8e7-a912-424d-91d5-5fbf095df9f6@group-E2A72ED167BB-LeaderElection5] INFO  server.RaftServerConfigKeys (ConfUtils.java:logGet(43)) - raft.server.rpc.request.timeout = 3000ms (default)
2019-10-09 23:56:25,307 [7349a8e7-a912-424d-91d5-5fbf095df9f6@group-E2A72ED167BB-LeaderElection5] INFO  server.RaftServerConfigKeys (ConfUtils.java:logGet(43)) - raft.server.log.appender.install.snapshot.enabled = false (custom)
2019-10-09 23:56:25,307 [7349a8e7-a912-424d-91d5-5fbf095df9f6@group-E2A72ED167BB-LeaderElection5] INFO  impl.RoleInfo (RoleInfo.java:updateAndGet(143)) - 7349a8e7-a912-424d-91d5-5fbf095df9f6: start LeaderState
2019-10-09 23:56:25,308 [7349a8e7-a912-424d-91d5-5fbf095df9f6@group-E2A72ED167BB-LeaderElection5] INFO  segmented.SegmentedRaftLogWorker (SegmentedRaftLogWorker.java:startLogSegment(385)) - 7349a8e7-a912-424d-91d5-5fbf095df9f6@group-E2A72ED167BB-SegmentedRaftLogWorker: Starting segment from index:0
2019-10-09 23:56:25,309 [7349a8e7-a912-424d-91d5-5fbf095df9f6@group-E2A72ED167BB-LeaderElection5] INFO  impl.RaftServerImpl (ServerState.java:setRaftConf(356)) - 7349a8e7-a912-424d-91d5-5fbf095df9f6@group-E2A72ED167BB: set configuration 0: [afe294e3-dea9-4d51-9cb1-1433faecd2aa:192.168.164.207:38334, 7349a8e7-a912-424d-91d5-5fbf095df9f6:192.168.164.207:39780, 004ba699-4cef-44c2-b8d9-499866424522:192.168.164.207:46050], old=null at 0
2019-10-09 23:56:25,340 [grpc-default-executor-1] INFO  ratis.XceiverServerRatis (XceiverServerRatis.java:handleLeaderChangedNotification(702)) - Leader change notification received for group: group-E2A72ED167BB with new leaderId: 7349a8e7-a912-424d-91d5-5fbf095df9f6
2019-10-09 23:56:25,340 [grpc-default-executor-3] INFO  ratis.XceiverServerRatis (XceiverServerRatis.java:handleLeaderChangedNotification(702)) - Leader change notification received for group: group-E2A72ED167BB with new leaderId: 7349a8e7-a912-424d-91d5-5fbf095df9f6
2019-10-09 23:56:25,341 [grpc-default-executor-1] INFO  impl.RaftServerImpl (ServerState.java:setLeader(255)) - 004ba699-4cef-44c2-b8d9-499866424522@group-E2A72ED167BB: change Leader from null to 7349a8e7-a912-424d-91d5-5fbf095df9f6 at term 1 for appendEntries, leader elected after 5188ms
2019-10-09 23:56:25,341 [grpc-default-executor-3] INFO  impl.RaftServerImpl (ServerState.java:setLeader(255)) - afe294e3-dea9-4d51-9cb1-1433faecd2aa@group-E2A72ED167BB: change Leader from null to 7349a8e7-a912-424d-91d5-5fbf095df9f6 at term 1 for appendEntries, leader elected after 5188ms
2019-10-09 23:56:25,345 [EventQueue-PipelineReportForPipelineReportHandler] INFO  pipeline.PipelineReportHandler (PipelineReportHandler.java:processPipelineReport(120)) - Pipeline PipelineID=8784b688-776c-469d-ac6d-e2a72ed167bb reported by 004ba699-4cef-44c2-b8d9-499866424522{ip: 192.168.164.207, host: pr-hdds-1868-7c4vz-2804340038, networkLocation: /default-rack, certSerialId: null} with leaderId 7349a8e7-a912-424d-91d5-5fbf095df9f6
2019-10-09 23:56:25,346 [EventQueue-PipelineReportForPipelineReportHandler] INFO  pipeline.PipelineReportHandler (PipelineReportHandler.java:processPipelineReport(120)) - Pipeline PipelineID=8784b688-776c-469d-ac6d-e2a72ed167bb reported by afe294e3-dea9-4d51-9cb1-1433faecd2aa{ip: 192.168.164.207, host: pr-hdds-1868-7c4vz-2804340038, networkLocation: /default-rack, certSerialId: null} with leaderId 7349a8e7-a912-424d-91d5-5fbf095df9f6
2019-10-09 23:56:25,346 [EventQueue-PipelineReportForPipelineReportHandler] INFO  pipeline.PipelineStateManager (PipelineStateManager.java:openPipeline(136)) - Pipeline Pipeline[ Id: 8784b688-776c-469d-ac6d-e2a72ed167bb, Nodes: 7349a8e7-a912-424d-91d5-5fbf095df9f6{ip: 192.168.164.207, host: pr-hdds-1868-7c4vz-2804340038, networkLocation: /default-rack, certSerialId: null}afe294e3-dea9-4d51-9cb1-1433faecd2aa{ip: 192.168.164.207, host: pr-hdds-1868-7c4vz-2804340038, networkLocation: /default-rack, certSerialId: null}004ba699-4cef-44c2-b8d9-499866424522{ip: 192.168.164.207, host: pr-hdds-1868-7c4vz-2804340038, networkLocation: /default-rack, certSerialId: null}, Type:RATIS, Factor:THREE, State:OPEN] moved to OPEN state
2019-10-09 23:56:25,348 [grpc-default-executor-3] INFO  impl.RaftServerImpl (ServerState.java:setRaftConf(356)) - 004ba699-4cef-44c2-b8d9-499866424522@group-E2A72ED167BB: set configuration 0: [afe294e3-dea9-4d51-9cb1-1433faecd2aa:192.168.164.207:38334, 7349a8e7-a912-424d-91d5-5fbf095df9f6:192.168.164.207:39780, 004ba699-4cef-44c2-b8d9-499866424522:192.168.164.207:46050], old=null at 0
2019-10-09 23:56:25,348 [grpc-default-executor-3] INFO  segmented.SegmentedRaftLogWorker (SegmentedRaftLogWorker.java:startLogSegment(385)) - 004ba699-4cef-44c2-b8d9-499866424522@group-E2A72ED167BB-SegmentedRaftLogWorker: Starting segment from index:0
2019-10-09 23:56:25,349 [grpc-default-executor-3] INFO  impl.RaftServerImpl (ServerState.java:setRaftConf(356)) - afe294e3-dea9-4d51-9cb1-1433faecd2aa@group-E2A72ED167BB: set configuration 0: [afe294e3-dea9-4d51-9cb1-1433faecd2aa:192.168.164.207:38334, 7349a8e7-a912-424d-91d5-5fbf095df9f6:192.168.164.207:39780, 004ba699-4cef-44c2-b8d9-499866424522:192.168.164.207:46050], old=null at 0
2019-10-09 23:56:25,349 [grpc-default-executor-3] INFO  segmented.SegmentedRaftLogWorker (SegmentedRaftLogWorker.java:startLogSegment(385)) - afe294e3-dea9-4d51-9cb1-1433faecd2aa@group-E2A72ED167BB-SegmentedRaftLogWorker: Starting segment from index:0
2019-10-09 23:56:25,363 [7349a8e7-a912-424d-91d5-5fbf095df9f6@group-E2A72ED167BB-SegmentedRaftLogWorker] INFO  segmented.SegmentedRaftLogWorker (SegmentedRaftLogWorker.java:execute(576)) - 7349a8e7-a912-424d-91d5-5fbf095df9f6@group-E2A72ED167BB-SegmentedRaftLogWorker: created new log segment /workdir/hadoop-ozone/tools/target/test-dir/MiniOzoneClusterImpl-3ef8ba27-9d0b-42ff-8dd4-d2a6bb16b342/datanode-0/data/ratis/8784b688-776c-469d-ac6d-e2a72ed167bb/current/log_inprogress_0
2019-10-09 23:56:25,404 [afe294e3-dea9-4d51-9cb1-1433faecd2aa@group-E2A72ED167BB-SegmentedRaftLogWorker] INFO  segmented.SegmentedRaftLogWorker (SegmentedRaftLogWorker.java:execute(576)) - afe294e3-dea9-4d51-9cb1-1433faecd2aa@group-E2A72ED167BB-SegmentedRaftLogWorker: created new log segment /workdir/hadoop-ozone/tools/target/test-dir/MiniOzoneClusterImpl-3ef8ba27-9d0b-42ff-8dd4-d2a6bb16b342/datanode-1/data/ratis/8784b688-776c-469d-ac6d-e2a72ed167bb/current/log_inprogress_0
2019-10-09 23:56:25,404 [004ba699-4cef-44c2-b8d9-499866424522@group-E2A72ED167BB-SegmentedRaftLogWorker] INFO  segmented.SegmentedRaftLogWorker (SegmentedRaftLogWorker.java:execute(576)) - 004ba699-4cef-44c2-b8d9-499866424522@group-E2A72ED167BB-SegmentedRaftLogWorker: created new log segment /workdir/hadoop-ozone/tools/target/test-dir/MiniOzoneClusterImpl-3ef8ba27-9d0b-42ff-8dd4-d2a6bb16b342/datanode-2/data/ratis/8784b688-776c-469d-ac6d-e2a72ed167bb/current/log_inprogress_0
]]></system-out>
    <system-err><![CDATA[ERROR StatusLogger No Log4j 2 configuration file found. Using default configuration (logging only errors to the console), or user programmatically provided configurations. Set system property 'log4j2.debug' to show Log4j 2 internal initialization logging. See https://logging.apache.org/log4j/2.x/manual/configuration.html for instructions on how to configure Log4j 2
]]></system-err>
  </testcase>
</testsuite>