<?xml version="1.0" encoding="UTF-8"?>
<testsuite xmlns:xsi="http://www.w3.org/2001/XMLSchema-instance" xsi:noNamespaceSchemaLocation="https://maven.apache.org/surefire/maven-surefire-plugin/xsd/surefire-test-report.xsd" name="org.apache.hadoop.ozone.client.rpc.TestWatchForCommit" time="278.928" tests="5" errors="1" skipped="0" failures="0">
  <properties>
    <property name="awt.toolkit" value="sun.awt.X11.XToolkit"/>
    <property name="file.encoding.pkg" value="sun.io"/>
    <property name="java.specification.version" value="1.8"/>
    <property name="sun.cpu.isalist" value=""/>
    <property name="sun.jnu.encoding" value="UTF-8"/>
    <property name="java.class.path" value="/workdir/hadoop-ozone/integration-test/target/test-classes:/workdir/hadoop-ozone/integration-test/target/classes:/home/user/.m2/repository/org/apache/hadoop/hadoop-ozone-common/0.5.0-SNAPSHOT/hadoop-ozone-common-0.5.0-SNAPSHOT.jar:/home/user/.m2/repository/org/apache/commons/commons-compress/1.4.1/commons-compress-1.4.1.jar:/home/user/.m2/repository/org/tukaani/xz/1.0/xz-1.0.jar:/home/user/.m2/repository/org/apache/hadoop/hadoop-common/3.2.0/hadoop-common-3.2.0.jar:/home/user/.m2/repository/org/apache/hadoop/hadoop-hdfs/3.2.0/hadoop-hdfs-3.2.0.jar:/home/user/.m2/repository/org/apache/hadoop/hadoop-hdfs-client/3.2.0/hadoop-hdfs-client-3.2.0.jar:/home/user/.m2/repository/com/fasterxml/jackson/core/jackson-annotations/2.9.9/jackson-annotations-2.9.9.jar:/home/user/.m2/repository/org/apache/hadoop/hadoop-hdds-common/0.5.0-SNAPSHOT/hadoop-hdds-common-0.5.0-SNAPSHOT.jar:/home/user/.m2/repository/javax/annotation/javax.annotation-api/1.2/javax.annotation-api-1.2.jar:/home/user/.m2/repository/org/apache/ratis/ratis-server/0.5.0-201fc85-SNAPSHOT/ratis-server-0.5.0-201fc85-SNAPSHOT.jar:/home/user/.m2/repository/org/apache/ratis/ratis-thirdparty-misc/0.2.0/ratis-thirdparty-misc-0.2.0.jar:/home/user/.m2/repository/org/apache/ratis/ratis-proto/0.5.0-201fc85-SNAPSHOT/ratis-proto-0.5.0-201fc85-SNAPSHOT.jar:/home/user/.m2/repository/org/apache/ratis/ratis-common/0.5.0-201fc85-SNAPSHOT/ratis-common-0.5.0-201fc85-SNAPSHOT.jar:/home/user/.m2/repository/org/apache/ratis/ratis-client/0.5.0-201fc85-SNAPSHOT/ratis-client-0.5.0-201fc85-SNAPSHOT.jar:/home/user/.m2/repository/org/apache/ratis/ratis-metrics/0.5.0-201fc85-SNAPSHOT/ratis-metrics-0.5.0-201fc85-SNAPSHOT.jar:/home/user/.m2/repository/com/github/joshelser/dropwizard-metrics-hadoop-metrics2-reporter/0.1.2/dropwizard-metrics-hadoop-metrics2-reporter-0.1.2.jar:/home/user/.m2/repository/io/dropwizard/metrics/metrics-jvm/3.2.5/metrics-jvm-3.2.5.jar:/home/user/.m2/repository/io/dropwizard/metrics/metrics-ganglia/3.2.5/metrics-ganglia-3.2.5.jar:/home/user/.m2/repository/info/ganglia/gmetric4j/gmetric4j/1.0.7/gmetric4j-1.0.7.jar:/home/user/.m2/repository/org/apache/ratis/ratis-netty/0.5.0-201fc85-SNAPSHOT/ratis-netty-0.5.0-201fc85-SNAPSHOT.jar:/home/user/.m2/repository/org/apache/ratis/ratis-grpc/0.5.0-201fc85-SNAPSHOT/ratis-grpc-0.5.0-201fc85-SNAPSHOT.jar:/home/user/.m2/repository/org/rocksdb/rocksdbjni/6.0.1/rocksdbjni-6.0.1.jar:/home/user/.m2/repository/org/apache/logging/log4j/log4j-api/2.11.0/log4j-api-2.11.0.jar:/home/user/.m2/repository/org/apache/logging/log4j/log4j-core/2.11.0/log4j-core-2.11.0.jar:/home/user/.m2/repository/com/lmax/disruptor/3.4.2/disruptor-3.4.2.jar:/home/user/.m2/repository/org/apache/commons/commons-pool2/2.6.0/commons-pool2-2.6.0.jar:/home/user/.m2/repository/org/bouncycastle/bcpkix-jdk15on/1.60/bcpkix-jdk15on-1.60.jar:/home/user/.m2/repository/commons-validator/commons-validator/1.6/commons-validator-1.6.jar:/home/user/.m2/repository/commons-digester/commons-digester/1.8.1/commons-digester-1.8.1.jar:/home/user/.m2/repository/io/jaegertracing/jaeger-client/0.34.0/jaeger-client-0.34.0.jar:/home/user/.m2/repository/io/jaegertracing/jaeger-thrift/0.34.0/jaeger-thrift-0.34.0.jar:/home/user/.m2/repository/org/apache/thrift/libthrift/0.12.0/libthrift-0.12.0.jar:/home/user/.m2/repository/com/squareup/okhttp3/okhttp/3.9.0/okhttp-3.9.0.jar:/home/user/.m2/repository/com/squareup/okio/okio/1.13.0/okio-1.13.0.jar:/home/user/.m2/repository/io/jaegertracing/jaeger-core/0.34.0/jaeger-core-0.34.0.jar:/home/user/.m2/repository/io/jaegertracing/jaeger-tracerresolver/0.34.0/jaeger-tracerresolver-0.34.0.jar:/home/user/.m2/repository/io/opentracing/contrib/opentracing-tracerresolver/0.1.5/opentracing-tracerresolver-0.1.5.jar:/home/user/.m2/repository/io/opentracing/opentracing-util/0.31.0/opentracing-util-0.31.0.jar:/home/user/.m2/repository/io/opentracing/opentracing-api/0.31.0/opentracing-api-0.31.0.jar:/home/user/.m2/repository/io/opentracing/opentracing-noop/0.31.0/opentracing-noop-0.31.0.jar:/home/user/.m2/repository/org/apache/hadoop/hadoop-hdds-server-framework/0.5.0-SNAPSHOT/hadoop-hdds-server-framework-0.5.0-SNAPSHOT.jar:/home/user/.m2/repository/org/apache/hadoop/hadoop-hdds-container-service/0.5.0-SNAPSHOT/hadoop-hdds-container-service-0.5.0-SNAPSHOT.jar:/home/user/.m2/repository/org/apache/hadoop/hadoop-hdds-client/0.5.0-SNAPSHOT/hadoop-hdds-client-0.5.0-SNAPSHOT.jar:/home/user/.m2/repository/org/apache/hadoop/hadoop-hdds-tools/0.5.0-SNAPSHOT/hadoop-hdds-tools-0.5.0-SNAPSHOT.jar:/home/user/.m2/repository/org/apache/hadoop/hadoop-hdds-server-scm/0.5.0-SNAPSHOT/hadoop-hdds-server-scm-0.5.0-SNAPSHOT.jar:/home/user/.m2/repository/org/apache/hadoop/hadoop-hdds-docs/0.5.0-SNAPSHOT/hadoop-hdds-docs-0.5.0-SNAPSHOT.jar:/home/user/.m2/repository/io/dropwizard/metrics/metrics-core/3.2.4/metrics-core-3.2.4.jar:/home/user/.m2/repository/org/hamcrest/hamcrest-all/1.3/hamcrest-all-1.3.jar:/home/user/.m2/repository/org/bouncycastle/bcprov-jdk15on/1.60/bcprov-jdk15on-1.60.jar:/home/user/.m2/repository/info/picocli/picocli/3.9.6/picocli-3.9.6.jar:/home/user/.m2/repository/com/google/protobuf/protobuf-java/2.5.0/protobuf-java-2.5.0.jar:/home/user/.m2/repository/com/google/guava/guava/11.0.2/guava-11.0.2.jar:/home/user/.m2/repository/org/apache/hadoop/hadoop-ozone-ozone-manager/0.5.0-SNAPSHOT/hadoop-ozone-ozone-manager-0.5.0-SNAPSHOT.jar:/home/user/.m2/repository/org/apache/hadoop/hadoop-minikdc/3.2.0/hadoop-minikdc-3.2.0.jar:/home/user/.m2/repository/commons-io/commons-io/2.5/commons-io-2.5.jar:/home/user/.m2/repository/org/apache/kerby/kerb-simplekdc/1.0.1/kerb-simplekdc-1.0.1.jar:/home/user/.m2/repository/org/apache/kerby/kerb-client/1.0.1/kerb-client-1.0.1.jar:/home/user/.m2/repository/org/apache/kerby/kerby-config/1.0.1/kerby-config-1.0.1.jar:/home/user/.m2/repository/org/apache/kerby/kerb-core/1.0.1/kerb-core-1.0.1.jar:/home/user/.m2/repository/org/apache/kerby/kerby-pkix/1.0.1/kerby-pkix-1.0.1.jar:/home/user/.m2/repository/org/apache/kerby/kerby-asn1/1.0.1/kerby-asn1-1.0.1.jar:/home/user/.m2/repository/org/apache/kerby/kerby-util/1.0.1/kerby-util-1.0.1.jar:/home/user/.m2/repository/org/apache/kerby/kerb-common/1.0.1/kerb-common-1.0.1.jar:/home/user/.m2/repository/org/apache/kerby/kerb-crypto/1.0.1/kerb-crypto-1.0.1.jar:/home/user/.m2/repository/org/apache/kerby/kerb-util/1.0.1/kerb-util-1.0.1.jar:/home/user/.m2/repository/org/apache/kerby/token-provider/1.0.1/token-provider-1.0.1.jar:/home/user/.m2/repository/org/apache/kerby/kerb-admin/1.0.1/kerb-admin-1.0.1.jar:/home/user/.m2/repository/org/apache/kerby/kerb-server/1.0.1/kerb-server-1.0.1.jar:/home/user/.m2/repository/org/apache/kerby/kerb-identity/1.0.1/kerb-identity-1.0.1.jar:/home/user/.m2/repository/org/apache/kerby/kerby-xdr/1.0.1/kerby-xdr-1.0.1.jar:/home/user/.m2/repository/org/slf4j/slf4j-log4j12/1.7.25/slf4j-log4j12-1.7.25.jar:/home/user/.m2/repository/org/apache/hadoop/hadoop-ozone-s3gateway/0.5.0-SNAPSHOT/hadoop-ozone-s3gateway-0.5.0-SNAPSHOT.jar:/home/user/.m2/repository/org/jboss/weld/servlet/weld-servlet/2.4.7.Final/weld-servlet-2.4.7.Final.jar:/home/user/.m2/repository/org/glassfish/jersey/containers/jersey-container-servlet-core/2.27/jersey-container-servlet-core-2.27.jar:/home/user/.m2/repository/org/glassfish/hk2/external/javax.inject/2.5.0-b42/javax.inject-2.5.0-b42.jar:/home/user/.m2/repository/org/glassfish/jersey/core/jersey-common/2.27/jersey-common-2.27.jar:/home/user/.m2/repository/org/glassfish/hk2/osgi-resource-locator/1.0.1/osgi-resource-locator-1.0.1.jar:/home/user/.m2/repository/javax/ws/rs/javax.ws.rs-api/2.1/javax.ws.rs-api-2.1.jar:/home/user/.m2/repository/org/glassfish/jersey/ext/cdi/jersey-cdi1x/2.27/jersey-cdi1x-2.27.jar:/home/user/.m2/repository/org/glassfish/jersey/inject/jersey-hk2/2.27/jersey-hk2-2.27.jar:/home/user/.m2/repository/org/glassfish/hk2/hk2-locator/2.5.0-b42/hk2-locator-2.5.0-b42.jar:/home/user/.m2/repository/org/javassist/javassist/3.22.0-CR2/javassist-3.22.0-CR2.jar:/home/user/.m2/repository/org/glassfish/hk2/hk2-api/2.5.0/hk2-api-2.5.0.jar:/home/user/.m2/repository/org/glassfish/hk2/external/jakarta.inject/2.5.0/jakarta.inject-2.5.0.jar:/home/user/.m2/repository/org/glassfish/hk2/hk2-utils/2.5.0/hk2-utils-2.5.0.jar:/home/user/.m2/repository/jakarta/annotation/jakarta.annotation-api/1.3.4/jakarta.annotation-api-1.3.4.jar:/home/user/.m2/repository/org/glassfish/hk2/external/aopalliance-repackaged/2.5.0/aopalliance-repackaged-2.5.0.jar:/home/user/.m2/repository/com/fasterxml/jackson/dataformat/jackson-dataformat-xml/2.9.0/jackson-dataformat-xml-2.9.0.jar:/home/user/.m2/repository/com/fasterxml/jackson/core/jackson-core/2.9.9/jackson-core-2.9.9.jar:/home/user/.m2/repository/com/fasterxml/jackson/module/jackson-module-jaxb-annotations/2.9.9/jackson-module-jaxb-annotations-2.9.9.jar:/home/user/.m2/repository/javax/enterprise/cdi-api/1.2/cdi-api-1.2.jar:/home/user/.m2/repository/javax/el/javax.el-api/3.0.0/javax.el-api-3.0.0.jar:/home/user/.m2/repository/javax/interceptor/javax.interceptor-api/1.2/javax.interceptor-api-1.2.jar:/home/user/.m2/repository/javax/inject/javax.inject/1/javax.inject-1.jar:/home/user/.m2/repository/com/sun/xml/bind/jaxb-impl/2.3.0.1/jaxb-impl-2.3.0.1.jar:/home/user/.m2/repository/com/sun/xml/bind/jaxb-core/2.3.0.1/jaxb-core-2.3.0.1.jar:/home/user/.m2/repository/javax/xml/bind/jaxb-api/2.3.0/jaxb-api-2.3.0.jar:/home/user/.m2/repository/javax/activation/activation/1.1.1/activation-1.1.1.jar:/home/user/.m2/repository/org/apache/hadoop/hadoop-ozone-csi/0.5.0-SNAPSHOT/hadoop-ozone-csi-0.5.0-SNAPSHOT.jar:/home/user/.m2/repository/com/google/protobuf/protobuf-java-util/3.5.1/protobuf-java-util-3.5.1.jar:/home/user/.m2/repository/org/apache/hadoop/hadoop-hdds-config/0.5.0-SNAPSHOT/hadoop-hdds-config-0.5.0-SNAPSHOT.jar:/home/user/.m2/repository/io/grpc/grpc-netty/1.17.1/grpc-netty-1.17.1.jar:/home/user/.m2/repository/io/grpc/grpc-core/1.17.1/grpc-core-1.17.1.jar:/home/user/.m2/repository/io/grpc/grpc-context/1.17.1/grpc-context-1.17.1.jar:/home/user/.m2/repository/com/google/errorprone/error_prone_annotations/2.2.0/error_prone_annotations-2.2.0.jar:/home/user/.m2/repository/org/codehaus/mojo/animal-sniffer-annotations/1.17/animal-sniffer-annotations-1.17.jar:/home/user/.m2/repository/io/opencensus/opencensus-api/0.17.0/opencensus-api-0.17.0.jar:/home/user/.m2/repository/io/opencensus/opencensus-contrib-grpc-metrics/0.17.0/opencensus-contrib-grpc-metrics-0.17.0.jar:/home/user/.m2/repository/io/netty/netty-codec-http2/4.1.30.Final/netty-codec-http2-4.1.30.Final.jar:/home/user/.m2/repository/io/netty/netty-codec-http/4.1.30.Final/netty-codec-http-4.1.30.Final.jar:/home/user/.m2/repository/io/netty/netty-codec/4.1.30.Final/netty-codec-4.1.30.Final.jar:/home/user/.m2/repository/io/netty/netty-handler/4.1.30.Final/netty-handler-4.1.30.Final.jar:/home/user/.m2/repository/io/netty/netty-handler-proxy/4.1.30.Final/netty-handler-proxy-4.1.30.Final.jar:/home/user/.m2/repository/io/netty/netty-codec-socks/4.1.30.Final/netty-codec-socks-4.1.30.Final.jar:/home/user/.m2/repository/io/netty/netty-transport-native-epoll/4.1.30.Final/netty-transport-native-epoll-4.1.30.Final.jar:/home/user/.m2/repository/io/netty/netty-common/4.1.30.Final/netty-common-4.1.30.Final.jar:/home/user/.m2/repository/io/netty/netty-buffer/4.1.30.Final/netty-buffer-4.1.30.Final.jar:/home/user/.m2/repository/io/netty/netty-transport/4.1.30.Final/netty-transport-4.1.30.Final.jar:/home/user/.m2/repository/io/netty/netty-resolver/4.1.30.Final/netty-resolver-4.1.30.Final.jar:/home/user/.m2/repository/io/netty/netty-transport-native-unix-common/4.1.30.Final/netty-transport-native-unix-common-4.1.30.Final.jar:/home/user/.m2/repository/io/grpc/grpc-protobuf/1.17.1/grpc-protobuf-1.17.1.jar:/home/user/.m2/repository/com/google/api/grpc/proto-google-common-protos/1.0.0/proto-google-common-protos-1.0.0.jar:/home/user/.m2/repository/io/grpc/grpc-protobuf-lite/1.17.1/grpc-protobuf-lite-1.17.1.jar:/home/user/.m2/repository/io/grpc/grpc-stub/1.17.1/grpc-stub-1.17.1.jar:/home/user/.m2/repository/org/apache/hadoop/hadoop-ozone-recon/0.5.0-SNAPSHOT/hadoop-ozone-recon-0.5.0-SNAPSHOT.jar:/home/user/.m2/repository/org/apache/hadoop/hadoop-ozone-reconcodegen/0.5.0-SNAPSHOT/hadoop-ozone-reconcodegen-0.5.0-SNAPSHOT.jar:/home/user/.m2/repository/com/google/inject/extensions/guice-multibindings/4.0/guice-multibindings-4.0.jar:/home/user/.m2/repository/com/google/inject/guice/4.0/guice-4.0.jar:/home/user/.m2/repository/aopalliance/aopalliance/1.0/aopalliance-1.0.jar:/home/user/.m2/repository/com/google/inject/extensions/guice-servlet/4.0/guice-servlet-4.0.jar:/home/user/.m2/repository/org/glassfish/jersey/containers/jersey-container-servlet/2.27/jersey-container-servlet-2.27.jar:/home/user/.m2/repository/org/glassfish/hk2/guice-bridge/2.5.0/guice-bridge-2.5.0.jar:/home/user/.m2/repository/org/glassfish/jersey/core/jersey-server/2.27/jersey-server-2.27.jar:/home/user/.m2/repository/org/glassfish/jersey/core/jersey-client/2.27/jersey-client-2.27.jar:/home/user/.m2/repository/org/glassfish/jersey/media/jersey-media-jaxb/2.27/jersey-media-jaxb-2.27.jar:/home/user/.m2/repository/javax/validation/validation-api/1.1.0.Final/validation-api-1.1.0.Final.jar:/home/user/.m2/repository/org/glassfish/jersey/media/jersey-media-json-jackson/2.27/jersey-media-json-jackson-2.27.jar:/home/user/.m2/repository/org/glassfish/jersey/ext/jersey-entity-filtering/2.27/jersey-entity-filtering-2.27.jar:/home/user/.m2/repository/com/google/inject/extensions/guice-assistedinject/4.0/guice-assistedinject-4.0.jar:/home/user/.m2/repository/org/jooq/jooq/3.11.10/jooq-3.11.10.jar:/home/user/.m2/repository/org/jooq/jooq-meta/3.11.10/jooq-meta-3.11.10.jar:/home/user/.m2/repository/org/jooq/jooq-codegen/3.11.10/jooq-codegen-3.11.10.jar:/home/user/.m2/repository/com/jolbox/bonecp/0.8.0.RELEASE/bonecp-0.8.0.RELEASE.jar:/home/user/.m2/repository/org/xerial/sqlite-jdbc/3.25.2/sqlite-jdbc-3.25.2.jar:/home/user/.m2/repository/org/springframework/spring-jdbc/5.1.3.RELEASE/spring-jdbc-5.1.3.RELEASE.jar:/home/user/.m2/repository/org/springframework/spring-beans/5.1.3.RELEASE/spring-beans-5.1.3.RELEASE.jar:/home/user/.m2/repository/org/springframework/spring-core/5.1.3.RELEASE/spring-core-5.1.3.RELEASE.jar:/home/user/.m2/repository/org/springframework/spring-jcl/5.1.3.RELEASE/spring-jcl-5.1.3.RELEASE.jar:/home/user/.m2/repository/org/springframework/spring-tx/5.1.3.RELEASE/spring-tx-5.1.3.RELEASE.jar:/home/user/.m2/repository/org/apache/hadoop/hadoop-ozone-client/0.5.0-SNAPSHOT/hadoop-ozone-client-0.5.0-SNAPSHOT.jar:/home/user/.m2/repository/commons-lang/commons-lang/2.6/commons-lang-2.6.jar:/home/user/.m2/repository/org/apache/hadoop/hadoop-ozone-ozone-manager/0.5.0-SNAPSHOT/hadoop-ozone-ozone-manager-0.5.0-SNAPSHOT-tests.jar:/home/user/.m2/repository/junit/junit/4.11/junit-4.11.jar:/home/user/.m2/repository/org/hamcrest/hamcrest-core/1.3/hamcrest-core-1.3.jar:/home/user/.m2/repository/org/openjdk/jmh/jmh-core/1.19/jmh-core-1.19.jar:/home/user/.m2/repository/net/sf/jopt-simple/jopt-simple/4.6/jopt-simple-4.6.jar:/home/user/.m2/repository/org/apache/commons/commons-math3/3.1.1/commons-math3-3.1.1.jar:/home/user/.m2/repository/org/openjdk/jmh/jmh-generator-annprocess/1.19/jmh-generator-annprocess-1.19.jar:/home/user/.m2/repository/org/mockito/mockito-all/1.8.5/mockito-all-1.8.5.jar:/home/user/.m2/repository/org/apache/hadoop/hadoop-kms/3.2.0/hadoop-kms-3.2.0.jar:/home/user/.m2/repository/org/apache/hadoop/hadoop-auth/3.2.0/hadoop-auth-3.2.0.jar:/home/user/.m2/repository/com/nimbusds/nimbus-jose-jwt/4.41.1/nimbus-jose-jwt-4.41.1.jar:/home/user/.m2/repository/com/github/stephenc/jcip/jcip-annotations/1.0-1/jcip-annotations-1.0-1.jar:/home/user/.m2/repository/net/minidev/json-smart/2.3/json-smart-2.3.jar:/home/user/.m2/repository/net/minidev/accessors-smart/1.2/accessors-smart-1.2.jar:/home/user/.m2/repository/org/ow2/asm/asm/5.0.4/asm-5.0.4.jar:/home/user/.m2/repository/org/apache/curator/curator-framework/2.12.0/curator-framework-2.12.0.jar:/home/user/.m2/repository/com/sun/jersey/jersey-core/1.19/jersey-core-1.19.jar:/home/user/.m2/repository/javax/ws/rs/jsr311-api/1.1.1/jsr311-api-1.1.1.jar:/home/user/.m2/repository/com/sun/jersey/jersey-server/1.19/jersey-server-1.19.jar:/home/user/.m2/repository/javax/servlet/javax.servlet-api/3.1.0/javax.servlet-api-3.1.0.jar:/home/user/.m2/repository/org/eclipse/jetty/jetty-server/9.3.25.v20180904/jetty-server-9.3.25.v20180904.jar:/home/user/.m2/repository/org/eclipse/jetty/jetty-http/9.3.25.v20180904/jetty-http-9.3.25.v20180904.jar:/home/user/.m2/repository/org/eclipse/jetty/jetty-io/9.3.25.v20180904/jetty-io-9.3.25.v20180904.jar:/home/user/.m2/repository/org/eclipse/jetty/jetty-webapp/9.3.25.v20180904/jetty-webapp-9.3.25.v20180904.jar:/home/user/.m2/repository/org/eclipse/jetty/jetty-xml/9.3.25.v20180904/jetty-xml-9.3.25.v20180904.jar:/home/user/.m2/repository/log4j/log4j/1.2.17/log4j-1.2.17.jar:/home/user/.m2/repository/org/slf4j/slf4j-api/1.7.25/slf4j-api-1.7.25.jar:/home/user/.m2/repository/org/slf4j/jul-to-slf4j/1.7.25/jul-to-slf4j-1.7.25.jar:/home/user/.m2/repository/org/eclipse/jetty/jetty-util/9.3.25.v20180904/jetty-util-9.3.25.v20180904.jar:/home/user/.m2/repository/com/fasterxml/jackson/core/jackson-databind/2.9.9/jackson-databind-2.9.9.jar:/home/user/.m2/repository/org/apache/hadoop/hadoop-kms/3.2.0/hadoop-kms-3.2.0-tests.jar:/home/user/.m2/repository/org/apache/hadoop/hadoop-hdds-server-scm/0.5.0-SNAPSHOT/hadoop-hdds-server-scm-0.5.0-SNAPSHOT-tests.jar:/home/user/.m2/repository/org/apache/hadoop/hadoop-hdds-container-service/0.5.0-SNAPSHOT/hadoop-hdds-container-service-0.5.0-SNAPSHOT-tests.jar:/home/user/.m2/repository/org/yaml/snakeyaml/1.16/snakeyaml-1.16.jar:/home/user/.m2/repository/org/apache/hadoop/hadoop-common/3.2.0/hadoop-common-3.2.0-tests.jar:/home/user/.m2/repository/org/apache/hadoop/hadoop-annotations/3.2.0/hadoop-annotations-3.2.0.jar:/usr/lib/jvm/java-1.8-openjdk/jre/../lib/tools.jar:/home/user/.m2/repository/commons-cli/commons-cli/1.2/commons-cli-1.2.jar:/home/user/.m2/repository/org/apache/httpcomponents/httpclient/4.5.2/httpclient-4.5.2.jar:/home/user/.m2/repository/org/apache/httpcomponents/httpcore/4.4.4/httpcore-4.4.4.jar:/home/user/.m2/repository/commons-codec/commons-codec/1.11/commons-codec-1.11.jar:/home/user/.m2/repository/commons-net/commons-net/3.6/commons-net-3.6.jar:/home/user/.m2/repository/commons-collections/commons-collections/3.2.2/commons-collections-3.2.2.jar:/home/user/.m2/repository/org/eclipse/jetty/jetty-servlet/9.3.25.v20180904/jetty-servlet-9.3.25.v20180904.jar:/home/user/.m2/repository/org/eclipse/jetty/jetty-security/9.3.25.v20180904/jetty-security-9.3.25.v20180904.jar:/home/user/.m2/repository/javax/servlet/jsp/jsp-api/2.1/jsp-api-2.1.jar:/home/user/.m2/repository/com/sun/jersey/jersey-servlet/1.19/jersey-servlet-1.19.jar:/home/user/.m2/repository/com/sun/jersey/jersey-json/1.19/jersey-json-1.19.jar:/home/user/.m2/repository/org/codehaus/jettison/jettison/1.1/jettison-1.1.jar:/home/user/.m2/repository/org/codehaus/jackson/jackson-core-asl/1.9.13/jackson-core-asl-1.9.13.jar:/home/user/.m2/repository/org/codehaus/jackson/jackson-mapper-asl/1.9.13/jackson-mapper-asl-1.9.13.jar:/home/user/.m2/repository/org/codehaus/jackson/jackson-jaxrs/1.9.13/jackson-jaxrs-1.9.13.jar:/home/user/.m2/repository/org/codehaus/jackson/jackson-xc/1.9.13/jackson-xc-1.9.13.jar:/home/user/.m2/repository/commons-logging/commons-logging/1.1.3/commons-logging-1.1.3.jar:/home/user/.m2/repository/commons-beanutils/commons-beanutils/1.9.4/commons-beanutils-1.9.4.jar:/home/user/.m2/repository/org/apache/commons/commons-configuration2/2.1.1/commons-configuration2-2.1.1.jar:/home/user/.m2/repository/org/apache/commons/commons-lang3/3.7/commons-lang3-3.7.jar:/home/user/.m2/repository/org/apache/commons/commons-text/1.4/commons-text-1.4.jar:/home/user/.m2/repository/org/apache/avro/avro/1.7.7/avro-1.7.7.jar:/home/user/.m2/repository/com/thoughtworks/paranamer/paranamer/2.3/paranamer-2.3.jar:/home/user/.m2/repository/org/xerial/snappy/snappy-java/1.0.5/snappy-java-1.0.5.jar:/home/user/.m2/repository/com/google/re2j/re2j/1.1/re2j-1.1.jar:/home/user/.m2/repository/com/google/code/gson/gson/2.2.4/gson-2.2.4.jar:/home/user/.m2/repository/com/jcraft/jsch/0.1.54/jsch-0.1.54.jar:/home/user/.m2/repository/org/apache/curator/curator-client/2.12.0/curator-client-2.12.0.jar:/home/user/.m2/repository/org/apache/curator/curator-recipes/2.12.0/curator-recipes-2.12.0.jar:/home/user/.m2/repository/com/google/code/findbugs/jsr305/3.0.0/jsr305-3.0.0.jar:/home/user/.m2/repository/org/apache/htrace/htrace-core4/4.1.0-incubating/htrace-core4-4.1.0-incubating.jar:/home/user/.m2/repository/org/apache/zookeeper/zookeeper/3.4.13/zookeeper-3.4.13.jar:/home/user/.m2/repository/jline/jline/0.9.94/jline-0.9.94.jar:/home/user/.m2/repository/org/apache/yetus/audience-annotations/0.5.0/audience-annotations-0.5.0.jar:/home/user/.m2/repository/org/codehaus/woodstox/stax2-api/3.1.4/stax2-api-3.1.4.jar:/home/user/.m2/repository/com/fasterxml/woodstox/woodstox-core/5.0.3/woodstox-core-5.0.3.jar:/home/user/.m2/repository/dnsjava/dnsjava/2.1.7/dnsjava-2.1.7.jar:/home/user/.m2/repository/org/apache/hadoop/hadoop-hdfs/3.2.0/hadoop-hdfs-3.2.0-tests.jar:/home/user/.m2/repository/org/eclipse/jetty/jetty-util-ajax/9.3.25.v20180904/jetty-util-ajax-9.3.25.v20180904.jar:/home/user/.m2/repository/commons-daemon/commons-daemon/1.0.13/commons-daemon-1.0.13.jar:/home/user/.m2/repository/io/netty/netty/3.10.5.Final/netty-3.10.5.Final.jar:/home/user/.m2/repository/io/netty/netty-all/4.0.52.Final/netty-all-4.0.52.Final.jar:/home/user/.m2/repository/org/fusesource/leveldbjni/leveldbjni-all/1.8/leveldbjni-all-1.8.jar:"/>
    <property name="java.vm.vendor" value="IcedTea"/>
    <property name="sun.arch.data.model" value="64"/>
    <property name="test.build.dir" value="/workdir/hadoop-ozone/integration-test/target/test-dir"/>
    <property name="test.cache.data" value=""/>
    <property name="java.vendor.url" value="https://icedtea.classpath.org"/>
    <property name="user.timezone" value=""/>
    <property name="java.vm.specification.version" value="1.8"/>
    <property name="os.name" value="Linux"/>
    <property name="test.build.data" value="/workdir/hadoop-ozone/integration-test/target/test-dir"/>
    <property name="user.country" value="US"/>
    <property name="sun.java.launcher" value="SUN_STANDARD"/>
    <property name="sun.boot.library.path" value="/usr/lib/jvm/java-1.8-openjdk/jre/lib/amd64"/>
    <property name="sun.java.command" value="/workdir/hadoop-ozone/integration-test/target/surefire/surefirebooter7925171269321199040.jar /workdir/hadoop-ozone/integration-test/target/surefire 2019-10-15T12-59-56_849-jvmRun1 surefire6125383437640057610tmp surefire_555254764136873234000tmp"/>
    <property name="test" value="!TestMiniChaosOzoneCluster"/>
    <property name="surefire.test.class.path" value="/workdir/hadoop-ozone/integration-test/target/test-classes:/workdir/hadoop-ozone/integration-test/target/classes:/home/user/.m2/repository/org/apache/hadoop/hadoop-ozone-common/0.5.0-SNAPSHOT/hadoop-ozone-common-0.5.0-SNAPSHOT.jar:/home/user/.m2/repository/org/apache/commons/commons-compress/1.4.1/commons-compress-1.4.1.jar:/home/user/.m2/repository/org/tukaani/xz/1.0/xz-1.0.jar:/home/user/.m2/repository/org/apache/hadoop/hadoop-common/3.2.0/hadoop-common-3.2.0.jar:/home/user/.m2/repository/org/apache/hadoop/hadoop-hdfs/3.2.0/hadoop-hdfs-3.2.0.jar:/home/user/.m2/repository/org/apache/hadoop/hadoop-hdfs-client/3.2.0/hadoop-hdfs-client-3.2.0.jar:/home/user/.m2/repository/com/fasterxml/jackson/core/jackson-annotations/2.9.9/jackson-annotations-2.9.9.jar:/home/user/.m2/repository/org/apache/hadoop/hadoop-hdds-common/0.5.0-SNAPSHOT/hadoop-hdds-common-0.5.0-SNAPSHOT.jar:/home/user/.m2/repository/javax/annotation/javax.annotation-api/1.2/javax.annotation-api-1.2.jar:/home/user/.m2/repository/org/apache/ratis/ratis-server/0.5.0-201fc85-SNAPSHOT/ratis-server-0.5.0-201fc85-SNAPSHOT.jar:/home/user/.m2/repository/org/apache/ratis/ratis-thirdparty-misc/0.2.0/ratis-thirdparty-misc-0.2.0.jar:/home/user/.m2/repository/org/apache/ratis/ratis-proto/0.5.0-201fc85-SNAPSHOT/ratis-proto-0.5.0-201fc85-SNAPSHOT.jar:/home/user/.m2/repository/org/apache/ratis/ratis-common/0.5.0-201fc85-SNAPSHOT/ratis-common-0.5.0-201fc85-SNAPSHOT.jar:/home/user/.m2/repository/org/apache/ratis/ratis-client/0.5.0-201fc85-SNAPSHOT/ratis-client-0.5.0-201fc85-SNAPSHOT.jar:/home/user/.m2/repository/org/apache/ratis/ratis-metrics/0.5.0-201fc85-SNAPSHOT/ratis-metrics-0.5.0-201fc85-SNAPSHOT.jar:/home/user/.m2/repository/com/github/joshelser/dropwizard-metrics-hadoop-metrics2-reporter/0.1.2/dropwizard-metrics-hadoop-metrics2-reporter-0.1.2.jar:/home/user/.m2/repository/io/dropwizard/metrics/metrics-jvm/3.2.5/metrics-jvm-3.2.5.jar:/home/user/.m2/repository/io/dropwizard/metrics/metrics-ganglia/3.2.5/metrics-ganglia-3.2.5.jar:/home/user/.m2/repository/info/ganglia/gmetric4j/gmetric4j/1.0.7/gmetric4j-1.0.7.jar:/home/user/.m2/repository/org/apache/ratis/ratis-netty/0.5.0-201fc85-SNAPSHOT/ratis-netty-0.5.0-201fc85-SNAPSHOT.jar:/home/user/.m2/repository/org/apache/ratis/ratis-grpc/0.5.0-201fc85-SNAPSHOT/ratis-grpc-0.5.0-201fc85-SNAPSHOT.jar:/home/user/.m2/repository/org/rocksdb/rocksdbjni/6.0.1/rocksdbjni-6.0.1.jar:/home/user/.m2/repository/org/apache/logging/log4j/log4j-api/2.11.0/log4j-api-2.11.0.jar:/home/user/.m2/repository/org/apache/logging/log4j/log4j-core/2.11.0/log4j-core-2.11.0.jar:/home/user/.m2/repository/com/lmax/disruptor/3.4.2/disruptor-3.4.2.jar:/home/user/.m2/repository/org/apache/commons/commons-pool2/2.6.0/commons-pool2-2.6.0.jar:/home/user/.m2/repository/org/bouncycastle/bcpkix-jdk15on/1.60/bcpkix-jdk15on-1.60.jar:/home/user/.m2/repository/commons-validator/commons-validator/1.6/commons-validator-1.6.jar:/home/user/.m2/repository/commons-digester/commons-digester/1.8.1/commons-digester-1.8.1.jar:/home/user/.m2/repository/io/jaegertracing/jaeger-client/0.34.0/jaeger-client-0.34.0.jar:/home/user/.m2/repository/io/jaegertracing/jaeger-thrift/0.34.0/jaeger-thrift-0.34.0.jar:/home/user/.m2/repository/org/apache/thrift/libthrift/0.12.0/libthrift-0.12.0.jar:/home/user/.m2/repository/com/squareup/okhttp3/okhttp/3.9.0/okhttp-3.9.0.jar:/home/user/.m2/repository/com/squareup/okio/okio/1.13.0/okio-1.13.0.jar:/home/user/.m2/repository/io/jaegertracing/jaeger-core/0.34.0/jaeger-core-0.34.0.jar:/home/user/.m2/repository/io/jaegertracing/jaeger-tracerresolver/0.34.0/jaeger-tracerresolver-0.34.0.jar:/home/user/.m2/repository/io/opentracing/contrib/opentracing-tracerresolver/0.1.5/opentracing-tracerresolver-0.1.5.jar:/home/user/.m2/repository/io/opentracing/opentracing-util/0.31.0/opentracing-util-0.31.0.jar:/home/user/.m2/repository/io/opentracing/opentracing-api/0.31.0/opentracing-api-0.31.0.jar:/home/user/.m2/repository/io/opentracing/opentracing-noop/0.31.0/opentracing-noop-0.31.0.jar:/home/user/.m2/repository/org/apache/hadoop/hadoop-hdds-server-framework/0.5.0-SNAPSHOT/hadoop-hdds-server-framework-0.5.0-SNAPSHOT.jar:/home/user/.m2/repository/org/apache/hadoop/hadoop-hdds-container-service/0.5.0-SNAPSHOT/hadoop-hdds-container-service-0.5.0-SNAPSHOT.jar:/home/user/.m2/repository/org/apache/hadoop/hadoop-hdds-client/0.5.0-SNAPSHOT/hadoop-hdds-client-0.5.0-SNAPSHOT.jar:/home/user/.m2/repository/org/apache/hadoop/hadoop-hdds-tools/0.5.0-SNAPSHOT/hadoop-hdds-tools-0.5.0-SNAPSHOT.jar:/home/user/.m2/repository/org/apache/hadoop/hadoop-hdds-server-scm/0.5.0-SNAPSHOT/hadoop-hdds-server-scm-0.5.0-SNAPSHOT.jar:/home/user/.m2/repository/org/apache/hadoop/hadoop-hdds-docs/0.5.0-SNAPSHOT/hadoop-hdds-docs-0.5.0-SNAPSHOT.jar:/home/user/.m2/repository/io/dropwizard/metrics/metrics-core/3.2.4/metrics-core-3.2.4.jar:/home/user/.m2/repository/org/hamcrest/hamcrest-all/1.3/hamcrest-all-1.3.jar:/home/user/.m2/repository/org/bouncycastle/bcprov-jdk15on/1.60/bcprov-jdk15on-1.60.jar:/home/user/.m2/repository/info/picocli/picocli/3.9.6/picocli-3.9.6.jar:/home/user/.m2/repository/com/google/protobuf/protobuf-java/2.5.0/protobuf-java-2.5.0.jar:/home/user/.m2/repository/com/google/guava/guava/11.0.2/guava-11.0.2.jar:/home/user/.m2/repository/org/apache/hadoop/hadoop-ozone-ozone-manager/0.5.0-SNAPSHOT/hadoop-ozone-ozone-manager-0.5.0-SNAPSHOT.jar:/home/user/.m2/repository/org/apache/hadoop/hadoop-minikdc/3.2.0/hadoop-minikdc-3.2.0.jar:/home/user/.m2/repository/commons-io/commons-io/2.5/commons-io-2.5.jar:/home/user/.m2/repository/org/apache/kerby/kerb-simplekdc/1.0.1/kerb-simplekdc-1.0.1.jar:/home/user/.m2/repository/org/apache/kerby/kerb-client/1.0.1/kerb-client-1.0.1.jar:/home/user/.m2/repository/org/apache/kerby/kerby-config/1.0.1/kerby-config-1.0.1.jar:/home/user/.m2/repository/org/apache/kerby/kerb-core/1.0.1/kerb-core-1.0.1.jar:/home/user/.m2/repository/org/apache/kerby/kerby-pkix/1.0.1/kerby-pkix-1.0.1.jar:/home/user/.m2/repository/org/apache/kerby/kerby-asn1/1.0.1/kerby-asn1-1.0.1.jar:/home/user/.m2/repository/org/apache/kerby/kerby-util/1.0.1/kerby-util-1.0.1.jar:/home/user/.m2/repository/org/apache/kerby/kerb-common/1.0.1/kerb-common-1.0.1.jar:/home/user/.m2/repository/org/apache/kerby/kerb-crypto/1.0.1/kerb-crypto-1.0.1.jar:/home/user/.m2/repository/org/apache/kerby/kerb-util/1.0.1/kerb-util-1.0.1.jar:/home/user/.m2/repository/org/apache/kerby/token-provider/1.0.1/token-provider-1.0.1.jar:/home/user/.m2/repository/org/apache/kerby/kerb-admin/1.0.1/kerb-admin-1.0.1.jar:/home/user/.m2/repository/org/apache/kerby/kerb-server/1.0.1/kerb-server-1.0.1.jar:/home/user/.m2/repository/org/apache/kerby/kerb-identity/1.0.1/kerb-identity-1.0.1.jar:/home/user/.m2/repository/org/apache/kerby/kerby-xdr/1.0.1/kerby-xdr-1.0.1.jar:/home/user/.m2/repository/org/slf4j/slf4j-log4j12/1.7.25/slf4j-log4j12-1.7.25.jar:/home/user/.m2/repository/org/apache/hadoop/hadoop-ozone-s3gateway/0.5.0-SNAPSHOT/hadoop-ozone-s3gateway-0.5.0-SNAPSHOT.jar:/home/user/.m2/repository/org/jboss/weld/servlet/weld-servlet/2.4.7.Final/weld-servlet-2.4.7.Final.jar:/home/user/.m2/repository/org/glassfish/jersey/containers/jersey-container-servlet-core/2.27/jersey-container-servlet-core-2.27.jar:/home/user/.m2/repository/org/glassfish/hk2/external/javax.inject/2.5.0-b42/javax.inject-2.5.0-b42.jar:/home/user/.m2/repository/org/glassfish/jersey/core/jersey-common/2.27/jersey-common-2.27.jar:/home/user/.m2/repository/org/glassfish/hk2/osgi-resource-locator/1.0.1/osgi-resource-locator-1.0.1.jar:/home/user/.m2/repository/javax/ws/rs/javax.ws.rs-api/2.1/javax.ws.rs-api-2.1.jar:/home/user/.m2/repository/org/glassfish/jersey/ext/cdi/jersey-cdi1x/2.27/jersey-cdi1x-2.27.jar:/home/user/.m2/repository/org/glassfish/jersey/inject/jersey-hk2/2.27/jersey-hk2-2.27.jar:/home/user/.m2/repository/org/glassfish/hk2/hk2-locator/2.5.0-b42/hk2-locator-2.5.0-b42.jar:/home/user/.m2/repository/org/javassist/javassist/3.22.0-CR2/javassist-3.22.0-CR2.jar:/home/user/.m2/repository/org/glassfish/hk2/hk2-api/2.5.0/hk2-api-2.5.0.jar:/home/user/.m2/repository/org/glassfish/hk2/external/jakarta.inject/2.5.0/jakarta.inject-2.5.0.jar:/home/user/.m2/repository/org/glassfish/hk2/hk2-utils/2.5.0/hk2-utils-2.5.0.jar:/home/user/.m2/repository/jakarta/annotation/jakarta.annotation-api/1.3.4/jakarta.annotation-api-1.3.4.jar:/home/user/.m2/repository/org/glassfish/hk2/external/aopalliance-repackaged/2.5.0/aopalliance-repackaged-2.5.0.jar:/home/user/.m2/repository/com/fasterxml/jackson/dataformat/jackson-dataformat-xml/2.9.0/jackson-dataformat-xml-2.9.0.jar:/home/user/.m2/repository/com/fasterxml/jackson/core/jackson-core/2.9.9/jackson-core-2.9.9.jar:/home/user/.m2/repository/com/fasterxml/jackson/module/jackson-module-jaxb-annotations/2.9.9/jackson-module-jaxb-annotations-2.9.9.jar:/home/user/.m2/repository/javax/enterprise/cdi-api/1.2/cdi-api-1.2.jar:/home/user/.m2/repository/javax/el/javax.el-api/3.0.0/javax.el-api-3.0.0.jar:/home/user/.m2/repository/javax/interceptor/javax.interceptor-api/1.2/javax.interceptor-api-1.2.jar:/home/user/.m2/repository/javax/inject/javax.inject/1/javax.inject-1.jar:/home/user/.m2/repository/com/sun/xml/bind/jaxb-impl/2.3.0.1/jaxb-impl-2.3.0.1.jar:/home/user/.m2/repository/com/sun/xml/bind/jaxb-core/2.3.0.1/jaxb-core-2.3.0.1.jar:/home/user/.m2/repository/javax/xml/bind/jaxb-api/2.3.0/jaxb-api-2.3.0.jar:/home/user/.m2/repository/javax/activation/activation/1.1.1/activation-1.1.1.jar:/home/user/.m2/repository/org/apache/hadoop/hadoop-ozone-csi/0.5.0-SNAPSHOT/hadoop-ozone-csi-0.5.0-SNAPSHOT.jar:/home/user/.m2/repository/com/google/protobuf/protobuf-java-util/3.5.1/protobuf-java-util-3.5.1.jar:/home/user/.m2/repository/org/apache/hadoop/hadoop-hdds-config/0.5.0-SNAPSHOT/hadoop-hdds-config-0.5.0-SNAPSHOT.jar:/home/user/.m2/repository/io/grpc/grpc-netty/1.17.1/grpc-netty-1.17.1.jar:/home/user/.m2/repository/io/grpc/grpc-core/1.17.1/grpc-core-1.17.1.jar:/home/user/.m2/repository/io/grpc/grpc-context/1.17.1/grpc-context-1.17.1.jar:/home/user/.m2/repository/com/google/errorprone/error_prone_annotations/2.2.0/error_prone_annotations-2.2.0.jar:/home/user/.m2/repository/org/codehaus/mojo/animal-sniffer-annotations/1.17/animal-sniffer-annotations-1.17.jar:/home/user/.m2/repository/io/opencensus/opencensus-api/0.17.0/opencensus-api-0.17.0.jar:/home/user/.m2/repository/io/opencensus/opencensus-contrib-grpc-metrics/0.17.0/opencensus-contrib-grpc-metrics-0.17.0.jar:/home/user/.m2/repository/io/netty/netty-codec-http2/4.1.30.Final/netty-codec-http2-4.1.30.Final.jar:/home/user/.m2/repository/io/netty/netty-codec-http/4.1.30.Final/netty-codec-http-4.1.30.Final.jar:/home/user/.m2/repository/io/netty/netty-codec/4.1.30.Final/netty-codec-4.1.30.Final.jar:/home/user/.m2/repository/io/netty/netty-handler/4.1.30.Final/netty-handler-4.1.30.Final.jar:/home/user/.m2/repository/io/netty/netty-handler-proxy/4.1.30.Final/netty-handler-proxy-4.1.30.Final.jar:/home/user/.m2/repository/io/netty/netty-codec-socks/4.1.30.Final/netty-codec-socks-4.1.30.Final.jar:/home/user/.m2/repository/io/netty/netty-transport-native-epoll/4.1.30.Final/netty-transport-native-epoll-4.1.30.Final.jar:/home/user/.m2/repository/io/netty/netty-common/4.1.30.Final/netty-common-4.1.30.Final.jar:/home/user/.m2/repository/io/netty/netty-buffer/4.1.30.Final/netty-buffer-4.1.30.Final.jar:/home/user/.m2/repository/io/netty/netty-transport/4.1.30.Final/netty-transport-4.1.30.Final.jar:/home/user/.m2/repository/io/netty/netty-resolver/4.1.30.Final/netty-resolver-4.1.30.Final.jar:/home/user/.m2/repository/io/netty/netty-transport-native-unix-common/4.1.30.Final/netty-transport-native-unix-common-4.1.30.Final.jar:/home/user/.m2/repository/io/grpc/grpc-protobuf/1.17.1/grpc-protobuf-1.17.1.jar:/home/user/.m2/repository/com/google/api/grpc/proto-google-common-protos/1.0.0/proto-google-common-protos-1.0.0.jar:/home/user/.m2/repository/io/grpc/grpc-protobuf-lite/1.17.1/grpc-protobuf-lite-1.17.1.jar:/home/user/.m2/repository/io/grpc/grpc-stub/1.17.1/grpc-stub-1.17.1.jar:/home/user/.m2/repository/org/apache/hadoop/hadoop-ozone-recon/0.5.0-SNAPSHOT/hadoop-ozone-recon-0.5.0-SNAPSHOT.jar:/home/user/.m2/repository/org/apache/hadoop/hadoop-ozone-reconcodegen/0.5.0-SNAPSHOT/hadoop-ozone-reconcodegen-0.5.0-SNAPSHOT.jar:/home/user/.m2/repository/com/google/inject/extensions/guice-multibindings/4.0/guice-multibindings-4.0.jar:/home/user/.m2/repository/com/google/inject/guice/4.0/guice-4.0.jar:/home/user/.m2/repository/aopalliance/aopalliance/1.0/aopalliance-1.0.jar:/home/user/.m2/repository/com/google/inject/extensions/guice-servlet/4.0/guice-servlet-4.0.jar:/home/user/.m2/repository/org/glassfish/jersey/containers/jersey-container-servlet/2.27/jersey-container-servlet-2.27.jar:/home/user/.m2/repository/org/glassfish/hk2/guice-bridge/2.5.0/guice-bridge-2.5.0.jar:/home/user/.m2/repository/org/glassfish/jersey/core/jersey-server/2.27/jersey-server-2.27.jar:/home/user/.m2/repository/org/glassfish/jersey/core/jersey-client/2.27/jersey-client-2.27.jar:/home/user/.m2/repository/org/glassfish/jersey/media/jersey-media-jaxb/2.27/jersey-media-jaxb-2.27.jar:/home/user/.m2/repository/javax/validation/validation-api/1.1.0.Final/validation-api-1.1.0.Final.jar:/home/user/.m2/repository/org/glassfish/jersey/media/jersey-media-json-jackson/2.27/jersey-media-json-jackson-2.27.jar:/home/user/.m2/repository/org/glassfish/jersey/ext/jersey-entity-filtering/2.27/jersey-entity-filtering-2.27.jar:/home/user/.m2/repository/com/google/inject/extensions/guice-assistedinject/4.0/guice-assistedinject-4.0.jar:/home/user/.m2/repository/org/jooq/jooq/3.11.10/jooq-3.11.10.jar:/home/user/.m2/repository/org/jooq/jooq-meta/3.11.10/jooq-meta-3.11.10.jar:/home/user/.m2/repository/org/jooq/jooq-codegen/3.11.10/jooq-codegen-3.11.10.jar:/home/user/.m2/repository/com/jolbox/bonecp/0.8.0.RELEASE/bonecp-0.8.0.RELEASE.jar:/home/user/.m2/repository/org/xerial/sqlite-jdbc/3.25.2/sqlite-jdbc-3.25.2.jar:/home/user/.m2/repository/org/springframework/spring-jdbc/5.1.3.RELEASE/spring-jdbc-5.1.3.RELEASE.jar:/home/user/.m2/repository/org/springframework/spring-beans/5.1.3.RELEASE/spring-beans-5.1.3.RELEASE.jar:/home/user/.m2/repository/org/springframework/spring-core/5.1.3.RELEASE/spring-core-5.1.3.RELEASE.jar:/home/user/.m2/repository/org/springframework/spring-jcl/5.1.3.RELEASE/spring-jcl-5.1.3.RELEASE.jar:/home/user/.m2/repository/org/springframework/spring-tx/5.1.3.RELEASE/spring-tx-5.1.3.RELEASE.jar:/home/user/.m2/repository/org/apache/hadoop/hadoop-ozone-client/0.5.0-SNAPSHOT/hadoop-ozone-client-0.5.0-SNAPSHOT.jar:/home/user/.m2/repository/commons-lang/commons-lang/2.6/commons-lang-2.6.jar:/home/user/.m2/repository/org/apache/hadoop/hadoop-ozone-ozone-manager/0.5.0-SNAPSHOT/hadoop-ozone-ozone-manager-0.5.0-SNAPSHOT-tests.jar:/home/user/.m2/repository/junit/junit/4.11/junit-4.11.jar:/home/user/.m2/repository/org/hamcrest/hamcrest-core/1.3/hamcrest-core-1.3.jar:/home/user/.m2/repository/org/openjdk/jmh/jmh-core/1.19/jmh-core-1.19.jar:/home/user/.m2/repository/net/sf/jopt-simple/jopt-simple/4.6/jopt-simple-4.6.jar:/home/user/.m2/repository/org/apache/commons/commons-math3/3.1.1/commons-math3-3.1.1.jar:/home/user/.m2/repository/org/openjdk/jmh/jmh-generator-annprocess/1.19/jmh-generator-annprocess-1.19.jar:/home/user/.m2/repository/org/mockito/mockito-all/1.8.5/mockito-all-1.8.5.jar:/home/user/.m2/repository/org/apache/hadoop/hadoop-kms/3.2.0/hadoop-kms-3.2.0.jar:/home/user/.m2/repository/org/apache/hadoop/hadoop-auth/3.2.0/hadoop-auth-3.2.0.jar:/home/user/.m2/repository/com/nimbusds/nimbus-jose-jwt/4.41.1/nimbus-jose-jwt-4.41.1.jar:/home/user/.m2/repository/com/github/stephenc/jcip/jcip-annotations/1.0-1/jcip-annotations-1.0-1.jar:/home/user/.m2/repository/net/minidev/json-smart/2.3/json-smart-2.3.jar:/home/user/.m2/repository/net/minidev/accessors-smart/1.2/accessors-smart-1.2.jar:/home/user/.m2/repository/org/ow2/asm/asm/5.0.4/asm-5.0.4.jar:/home/user/.m2/repository/org/apache/curator/curator-framework/2.12.0/curator-framework-2.12.0.jar:/home/user/.m2/repository/com/sun/jersey/jersey-core/1.19/jersey-core-1.19.jar:/home/user/.m2/repository/javax/ws/rs/jsr311-api/1.1.1/jsr311-api-1.1.1.jar:/home/user/.m2/repository/com/sun/jersey/jersey-server/1.19/jersey-server-1.19.jar:/home/user/.m2/repository/javax/servlet/javax.servlet-api/3.1.0/javax.servlet-api-3.1.0.jar:/home/user/.m2/repository/org/eclipse/jetty/jetty-server/9.3.25.v20180904/jetty-server-9.3.25.v20180904.jar:/home/user/.m2/repository/org/eclipse/jetty/jetty-http/9.3.25.v20180904/jetty-http-9.3.25.v20180904.jar:/home/user/.m2/repository/org/eclipse/jetty/jetty-io/9.3.25.v20180904/jetty-io-9.3.25.v20180904.jar:/home/user/.m2/repository/org/eclipse/jetty/jetty-webapp/9.3.25.v20180904/jetty-webapp-9.3.25.v20180904.jar:/home/user/.m2/repository/org/eclipse/jetty/jetty-xml/9.3.25.v20180904/jetty-xml-9.3.25.v20180904.jar:/home/user/.m2/repository/log4j/log4j/1.2.17/log4j-1.2.17.jar:/home/user/.m2/repository/org/slf4j/slf4j-api/1.7.25/slf4j-api-1.7.25.jar:/home/user/.m2/repository/org/slf4j/jul-to-slf4j/1.7.25/jul-to-slf4j-1.7.25.jar:/home/user/.m2/repository/org/eclipse/jetty/jetty-util/9.3.25.v20180904/jetty-util-9.3.25.v20180904.jar:/home/user/.m2/repository/com/fasterxml/jackson/core/jackson-databind/2.9.9/jackson-databind-2.9.9.jar:/home/user/.m2/repository/org/apache/hadoop/hadoop-kms/3.2.0/hadoop-kms-3.2.0-tests.jar:/home/user/.m2/repository/org/apache/hadoop/hadoop-hdds-server-scm/0.5.0-SNAPSHOT/hadoop-hdds-server-scm-0.5.0-SNAPSHOT-tests.jar:/home/user/.m2/repository/org/apache/hadoop/hadoop-hdds-container-service/0.5.0-SNAPSHOT/hadoop-hdds-container-service-0.5.0-SNAPSHOT-tests.jar:/home/user/.m2/repository/org/yaml/snakeyaml/1.16/snakeyaml-1.16.jar:/home/user/.m2/repository/org/apache/hadoop/hadoop-common/3.2.0/hadoop-common-3.2.0-tests.jar:/home/user/.m2/repository/org/apache/hadoop/hadoop-annotations/3.2.0/hadoop-annotations-3.2.0.jar:/usr/lib/jvm/java-1.8-openjdk/jre/../lib/tools.jar:/home/user/.m2/repository/commons-cli/commons-cli/1.2/commons-cli-1.2.jar:/home/user/.m2/repository/org/apache/httpcomponents/httpclient/4.5.2/httpclient-4.5.2.jar:/home/user/.m2/repository/org/apache/httpcomponents/httpcore/4.4.4/httpcore-4.4.4.jar:/home/user/.m2/repository/commons-codec/commons-codec/1.11/commons-codec-1.11.jar:/home/user/.m2/repository/commons-net/commons-net/3.6/commons-net-3.6.jar:/home/user/.m2/repository/commons-collections/commons-collections/3.2.2/commons-collections-3.2.2.jar:/home/user/.m2/repository/org/eclipse/jetty/jetty-servlet/9.3.25.v20180904/jetty-servlet-9.3.25.v20180904.jar:/home/user/.m2/repository/org/eclipse/jetty/jetty-security/9.3.25.v20180904/jetty-security-9.3.25.v20180904.jar:/home/user/.m2/repository/javax/servlet/jsp/jsp-api/2.1/jsp-api-2.1.jar:/home/user/.m2/repository/com/sun/jersey/jersey-servlet/1.19/jersey-servlet-1.19.jar:/home/user/.m2/repository/com/sun/jersey/jersey-json/1.19/jersey-json-1.19.jar:/home/user/.m2/repository/org/codehaus/jettison/jettison/1.1/jettison-1.1.jar:/home/user/.m2/repository/org/codehaus/jackson/jackson-core-asl/1.9.13/jackson-core-asl-1.9.13.jar:/home/user/.m2/repository/org/codehaus/jackson/jackson-mapper-asl/1.9.13/jackson-mapper-asl-1.9.13.jar:/home/user/.m2/repository/org/codehaus/jackson/jackson-jaxrs/1.9.13/jackson-jaxrs-1.9.13.jar:/home/user/.m2/repository/org/codehaus/jackson/jackson-xc/1.9.13/jackson-xc-1.9.13.jar:/home/user/.m2/repository/commons-logging/commons-logging/1.1.3/commons-logging-1.1.3.jar:/home/user/.m2/repository/commons-beanutils/commons-beanutils/1.9.4/commons-beanutils-1.9.4.jar:/home/user/.m2/repository/org/apache/commons/commons-configuration2/2.1.1/commons-configuration2-2.1.1.jar:/home/user/.m2/repository/org/apache/commons/commons-lang3/3.7/commons-lang3-3.7.jar:/home/user/.m2/repository/org/apache/commons/commons-text/1.4/commons-text-1.4.jar:/home/user/.m2/repository/org/apache/avro/avro/1.7.7/avro-1.7.7.jar:/home/user/.m2/repository/com/thoughtworks/paranamer/paranamer/2.3/paranamer-2.3.jar:/home/user/.m2/repository/org/xerial/snappy/snappy-java/1.0.5/snappy-java-1.0.5.jar:/home/user/.m2/repository/com/google/re2j/re2j/1.1/re2j-1.1.jar:/home/user/.m2/repository/com/google/code/gson/gson/2.2.4/gson-2.2.4.jar:/home/user/.m2/repository/com/jcraft/jsch/0.1.54/jsch-0.1.54.jar:/home/user/.m2/repository/org/apache/curator/curator-client/2.12.0/curator-client-2.12.0.jar:/home/user/.m2/repository/org/apache/curator/curator-recipes/2.12.0/curator-recipes-2.12.0.jar:/home/user/.m2/repository/com/google/code/findbugs/jsr305/3.0.0/jsr305-3.0.0.jar:/home/user/.m2/repository/org/apache/htrace/htrace-core4/4.1.0-incubating/htrace-core4-4.1.0-incubating.jar:/home/user/.m2/repository/org/apache/zookeeper/zookeeper/3.4.13/zookeeper-3.4.13.jar:/home/user/.m2/repository/jline/jline/0.9.94/jline-0.9.94.jar:/home/user/.m2/repository/org/apache/yetus/audience-annotations/0.5.0/audience-annotations-0.5.0.jar:/home/user/.m2/repository/org/codehaus/woodstox/stax2-api/3.1.4/stax2-api-3.1.4.jar:/home/user/.m2/repository/com/fasterxml/woodstox/woodstox-core/5.0.3/woodstox-core-5.0.3.jar:/home/user/.m2/repository/dnsjava/dnsjava/2.1.7/dnsjava-2.1.7.jar:/home/user/.m2/repository/org/apache/hadoop/hadoop-hdfs/3.2.0/hadoop-hdfs-3.2.0-tests.jar:/home/user/.m2/repository/org/eclipse/jetty/jetty-util-ajax/9.3.25.v20180904/jetty-util-ajax-9.3.25.v20180904.jar:/home/user/.m2/repository/commons-daemon/commons-daemon/1.0.13/commons-daemon-1.0.13.jar:/home/user/.m2/repository/io/netty/netty/3.10.5.Final/netty-3.10.5.Final.jar:/home/user/.m2/repository/io/netty/netty-all/4.0.52.Final/netty-all-4.0.52.Final.jar:/home/user/.m2/repository/org/fusesource/leveldbjni/leveldbjni-all/1.8/leveldbjni-all-1.8.jar:"/>
    <property name="sun.cpu.endian" value="little"/>
    <property name="user.home" value="/home/user"/>
    <property name="user.language" value="en"/>
    <property name="java.specification.vendor" value="Oracle Corporation"/>
    <property name="java.home" value="/usr/lib/jvm/java-1.8-openjdk/jre"/>
    <property name="surefire.excludesFile" value="/tools/ozone-bad-unit-tests"/>
    <property name="java.security.krb5.conf" value="/workdir/hadoop-ozone/integration-test/target/test-classes/krb5.conf"/>
    <property name="basedir" value="/workdir/hadoop-ozone/integration-test"/>
    <property name="file.separator" value="/"/>
    <property name="line.separator" value="&#10;"/>
    <property name="java.vm.specification.vendor" value="Oracle Corporation"/>
    <property name="java.specification.name" value="Java Platform API Specification"/>
    <property name="java.awt.graphicsenv" value="sun.awt.X11GraphicsEnvironment"/>
    <property name="surefire.real.class.path" value="/workdir/hadoop-ozone/integration-test/target/surefire/surefirebooter7925171269321199040.jar"/>
    <property name="hadoop.log.dir" value="/workdir/hadoop-ozone/integration-test/target/log"/>
    <property name="sun.boot.class.path" value="/usr/lib/jvm/java-1.8-openjdk/jre/lib/resources.jar:/usr/lib/jvm/java-1.8-openjdk/jre/lib/rt.jar:/usr/lib/jvm/java-1.8-openjdk/jre/lib/sunrsasign.jar:/usr/lib/jvm/java-1.8-openjdk/jre/lib/jsse.jar:/usr/lib/jvm/java-1.8-openjdk/jre/lib/jce.jar:/usr/lib/jvm/java-1.8-openjdk/jre/lib/charsets.jar:/usr/lib/jvm/java-1.8-openjdk/jre/lib/jfr.jar:/usr/lib/jvm/java-1.8-openjdk/jre/classes"/>
    <property name="sun.management.compiler" value="HotSpot 64-Bit Tiered Compilers"/>
    <property name="java.runtime.version" value="1.8.0_212-b04"/>
    <property name="java.net.preferIPv4Stack" value="true"/>
    <property name="user.name" value="jenkins1000"/>
    <property name="path.separator" value=":"/>
    <property name="java.security.egd" value="file:///dev/urandom"/>
    <property name="os.version" value="3.10.0-957.12.2.el7.x86_64"/>
    <property name="java.endorsed.dirs" value="/usr/lib/jvm/java-1.8-openjdk/jre/lib/endorsed"/>
    <property name="java.runtime.name" value="OpenJDK Runtime Environment"/>
    <property name="file.encoding" value="UTF-8"/>
    <property name="java.vm.name" value="OpenJDK 64-Bit Server VM"/>
    <property name="test.build.webapps" value=""/>
    <property name="localRepository" value="/home/user/.m2/repository"/>
    <property name="java.vendor.url.bug" value="https://icedtea.classpath.org/bugzilla"/>
    <property name="java.io.tmpdir" value="/tmp"/>
    <property name="require.test.libhadoop" value=""/>
    <property name="java.version" value="1.8.0_212"/>
    <property name="user.dir" value="/workdir/hadoop-ozone/integration-test"/>
    <property name="os.arch" value="amd64"/>
    <property name="java.vm.specification.name" value="Java Virtual Machine Specification"/>
    <property name="test.build.classes" value="/workdir/hadoop-ozone/integration-test/target/test-classes"/>
    <property name="java.awt.printerjob" value="sun.print.PSPrinterJob"/>
    <property name="sun.os.patch.level" value="unknown"/>
    <property name="hadoop.tmp.dir" value="/workdir/hadoop-ozone/integration-test/target/tmp"/>
    <property name="java.library.path" value="/usr/lib/jvm/java-1.8-openjdk/jre/lib/amd64/server:/usr/lib/jvm/java-1.8-openjdk/jre/lib/amd64:/usr/lib/jvm/java-1.8-openjdk/jre/../lib/amd64:/workdir/hadoop-ozone/integration-test/target/native/target/usr/local/lib:/workdir/hadoop-ozone/integration-test/../../hadoop-common-project/hadoop-common/target/native/target/usr/local/lib:/usr/java/packages/lib/amd64:/usr/lib64:/lib64:/lib:/usr/lib"/>
    <property name="java.vm.info" value="mixed mode"/>
    <property name="java.vendor" value="IcedTea"/>
    <property name="java.vm.version" value="25.212-b04"/>
    <property name="java.ext.dirs" value="/usr/lib/jvm/java-1.8-openjdk/jre/lib/ext:/usr/java/packages/lib/ext"/>
    <property name="sun.io.unicode.encoding" value="UnicodeLittle"/>
    <property name="java.class.version" value="52.0"/>
  </properties>
  <testcase name="testWatchForCommitWithKeyWrite" classname="org.apache.hadoop.ozone.client.rpc.TestWatchForCommit" time="82.053"/>
  <testcase name="testWatchForCommitWithSmallerTimeoutValue" classname="org.apache.hadoop.ozone.client.rpc.TestWatchForCommit" time="53.903"/>
  <testcase name="testWatchForCommitForRetryfailure" classname="org.apache.hadoop.ozone.client.rpc.TestWatchForCommit" time="87.205"/>
  <testcase name="testWatchForCommitForGroupMismatchException" classname="org.apache.hadoop.ozone.client.rpc.TestWatchForCommit" time="32.478"/>
  <testcase name="test2WayCommitForTimeoutException" classname="org.apache.hadoop.ozone.client.rpc.TestWatchForCommit" time="23.22">
    <error type="java.util.concurrent.TimeoutException">java.util.concurrent.TimeoutException
	at java.util.concurrent.CompletableFuture.timedGet(CompletableFuture.java:1771)
	at java.util.concurrent.CompletableFuture.get(CompletableFuture.java:1915)
	at org.apache.hadoop.hdds.scm.XceiverClientRatis.watchForCommit(XceiverClientRatis.java:283)
	at org.apache.hadoop.ozone.client.rpc.TestWatchForCommit.test2WayCommitForTimeoutException(TestWatchForCommit.java:391)
	at sun.reflect.NativeMethodAccessorImpl.invoke0(Native Method)
	at sun.reflect.NativeMethodAccessorImpl.invoke(NativeMethodAccessorImpl.java:62)
	at sun.reflect.DelegatingMethodAccessorImpl.invoke(DelegatingMethodAccessorImpl.java:43)
	at java.lang.reflect.Method.invoke(Method.java:498)
	at org.junit.runners.model.FrameworkMethod$1.runReflectiveCall(FrameworkMethod.java:47)
	at org.junit.internal.runners.model.ReflectiveCallable.run(ReflectiveCallable.java:12)
	at org.junit.runners.model.FrameworkMethod.invokeExplosively(FrameworkMethod.java:44)
	at org.junit.internal.runners.statements.InvokeMethod.evaluate(InvokeMethod.java:17)
	at org.junit.runners.ParentRunner.runLeaf(ParentRunner.java:271)
	at org.junit.runners.BlockJUnit4ClassRunner.runChild(BlockJUnit4ClassRunner.java:70)
	at org.junit.runners.BlockJUnit4ClassRunner.runChild(BlockJUnit4ClassRunner.java:50)
	at org.junit.runners.ParentRunner$3.run(ParentRunner.java:238)
	at org.junit.runners.ParentRunner$1.schedule(ParentRunner.java:63)
	at org.junit.runners.ParentRunner.runChildren(ParentRunner.java:236)
	at org.junit.runners.ParentRunner.access$000(ParentRunner.java:53)
	at org.junit.runners.ParentRunner$2.evaluate(ParentRunner.java:229)
	at org.junit.runners.ParentRunner.run(ParentRunner.java:309)
	at org.apache.maven.surefire.junit4.JUnit4Provider.execute(JUnit4Provider.java:365)
	at org.apache.maven.surefire.junit4.JUnit4Provider.executeWithRerun(JUnit4Provider.java:273)
	at org.apache.maven.surefire.junit4.JUnit4Provider.executeTestSet(JUnit4Provider.java:238)
	at org.apache.maven.surefire.junit4.JUnit4Provider.invoke(JUnit4Provider.java:159)
	at org.apache.maven.surefire.booter.ForkedBooter.invokeProviderInSameClassLoader(ForkedBooter.java:384)
	at org.apache.maven.surefire.booter.ForkedBooter.runSuitesInProcess(ForkedBooter.java:345)
	at org.apache.maven.surefire.booter.ForkedBooter.execute(ForkedBooter.java:126)
	at org.apache.maven.surefire.booter.ForkedBooter.main(ForkedBooter.java:418)
</error>
    <system-out><![CDATA[2019-10-15 13:43:18,056 [main] WARN  server.ServerUtils (ServerUtils.java:getScmDbDir(145)) - ozone.scm.db.dirs is not configured. We recommend adding this setting. Falling back to ozone.metadata.dirs instead.
2019-10-15 13:43:18,100 [main] WARN  server.ServerUtils (ServerUtils.java:getScmDbDir(145)) - ozone.scm.db.dirs is not configured. We recommend adding this setting. Falling back to ozone.metadata.dirs instead.
2019-10-15 13:43:18,101 [main] WARN  server.ServerUtils (ServerUtils.java:getScmDbDir(145)) - ozone.scm.db.dirs is not configured. We recommend adding this setting. Falling back to ozone.metadata.dirs instead.
2019-10-15 13:43:18,102 [main] INFO  db.DBStoreBuilder (DBStoreBuilder.java:addTable(117)) - using custom profile for table: deletedBlocks
2019-10-15 13:43:18,102 [main] INFO  db.DBStoreBuilder (DBStoreBuilder.java:processTables(168)) - Using default column profile:DBProfile.DISK for Table:deletedBlocks
2019-10-15 13:43:18,103 [main] INFO  db.DBStoreBuilder (DBStoreBuilder.java:addTable(117)) - using custom profile for table: validCerts
2019-10-15 13:43:18,103 [main] INFO  db.DBStoreBuilder (DBStoreBuilder.java:processTables(168)) - Using default column profile:DBProfile.DISK for Table:validCerts
2019-10-15 13:43:18,103 [main] INFO  db.DBStoreBuilder (DBStoreBuilder.java:addTable(117)) - using custom profile for table: revokedCerts
2019-10-15 13:43:18,104 [main] INFO  db.DBStoreBuilder (DBStoreBuilder.java:processTables(168)) - Using default column profile:DBProfile.DISK for Table:revokedCerts
2019-10-15 13:43:18,104 [main] INFO  db.DBStoreBuilder (DBStoreBuilder.java:addTable(117)) - using custom profile for table: default
2019-10-15 13:43:18,104 [main] INFO  db.DBStoreBuilder (DBStoreBuilder.java:processTables(174)) - Using default column profile:DBProfile.DISK for Table:default
2019-10-15 13:43:18,104 [main] INFO  db.DBStoreBuilder (DBStoreBuilder.java:getDbProfile(205)) - Using default options. DBProfile.DISK
2019-10-15 13:43:18,386 [main] INFO  net.NodeSchemaLoader (NodeSchemaLoader.java:loadSchemaFromFile(125)) - Loading file from sun.misc.CompoundEnumeration@56a4abd0
2019-10-15 13:43:18,387 [main] INFO  net.NodeSchemaLoader (NodeSchemaLoader.java:loadSchema(171)) - Loading network topology layer schema file
2019-10-15 13:43:18,391 [main] WARN  server.ServerUtils (ServerUtils.java:sanitizeUserArgs(70)) - ozone.scm.stale.node.interval value = 300000 is larger than max = 100000 based on the key value of ozone.scm.heartbeat.thread.interval, reset to the max value 100000.
2019-10-15 13:43:18,391 [main] WARN  server.ServerUtils (ServerUtils.java:sanitizeUserArgs(70)) - ozone.scm.stale.node.interval value = 300000 is larger than max = 100000 based on the key value of ozone.scm.heartbeat.thread.interval, reset to the max value 100000.
2019-10-15 13:43:18,391 [main] INFO  node.SCMNodeManager (SCMNodeManager.java:<init>(116)) - Entering startup safe mode.
2019-10-15 13:43:18,392 [main] INFO  algorithms.ContainerPlacementPolicyFactory (ContainerPlacementPolicyFactory.java:getPolicy(57)) - Create container placement policy of type org.apache.hadoop.hdds.scm.container.placement.algorithms.SCMContainerPlacementRandom
2019-10-15 13:43:18,392 [main] WARN  server.ServerUtils (ServerUtils.java:getScmDbDir(145)) - ozone.scm.db.dirs is not configured. We recommend adding this setting. Falling back to ozone.metadata.dirs instead.
2019-10-15 13:43:18,494 [main] INFO  pipeline.SCMPipelineManager (SCMPipelineManager.java:initializePipelineState(132)) - No pipeline exists in current db
2019-10-15 13:43:18,494 [main] WARN  server.ServerUtils (ServerUtils.java:getScmDbDir(145)) - ozone.scm.db.dirs is not configured. We recommend adding this setting. Falling back to ozone.metadata.dirs instead.
2019-10-15 13:43:18,580 [main] WARN  events.EventQueue (EventQueue.java:fireEvent(183)) - No event handler registered for event TypedEvent{payloadType=SafeModeStatus, name='SafeModeStatus'}
2019-10-15 13:43:18,582 [main] INFO  ipc.CallQueueManager (CallQueueManager.java:<init>(84)) - Using callQueue: class java.util.concurrent.LinkedBlockingQueue, queueCapacity: 2000, scheduler: class org.apache.hadoop.ipc.DefaultRpcScheduler, ipcBackoff: false.
2019-10-15 13:43:18,583 [Socket Reader #1 for port 42855] INFO  ipc.Server (Server.java:run(1074)) - Starting Socket Reader #1 for port 42855
2019-10-15 13:43:18,586 [main] INFO  ipc.CallQueueManager (CallQueueManager.java:<init>(84)) - Using callQueue: class java.util.concurrent.LinkedBlockingQueue, queueCapacity: 2000, scheduler: class org.apache.hadoop.ipc.DefaultRpcScheduler, ipcBackoff: false.
2019-10-15 13:43:18,587 [Socket Reader #1 for port 42577] INFO  ipc.Server (Server.java:run(1074)) - Starting Socket Reader #1 for port 42577
2019-10-15 13:43:18,590 [main] INFO  ipc.CallQueueManager (CallQueueManager.java:<init>(84)) - Using callQueue: class java.util.concurrent.LinkedBlockingQueue, queueCapacity: 2000, scheduler: class org.apache.hadoop.ipc.DefaultRpcScheduler, ipcBackoff: false.
2019-10-15 13:43:18,591 [Socket Reader #1 for port 33637] INFO  ipc.Server (Server.java:run(1074)) - Starting Socket Reader #1 for port 33637
2019-10-15 13:43:18,595 [main] INFO  hdfs.DFSUtil (DFSUtil.java:httpServerTemplateForNNAndJN(1641)) - Starting Web-server for scm at: http://0.0.0.0:0
2019-10-15 13:43:18,597 [main] INFO  server.AuthenticationFilter (AuthenticationFilter.java:constructSecretProvider(240)) - Unable to initialize FileSignerSecretProvider, falling back to use random secrets.
2019-10-15 13:43:18,598 [main] WARN  http.HttpRequestLog (HttpRequestLog.java:getRequestLog(97)) - Jetty request log can only be enabled using Log4j
2019-10-15 13:43:18,601 [main] INFO  http.HttpServer2 (HttpServer2.java:addGlobalFilter(975)) - Added global filter 'safety' (class=org.apache.hadoop.http.HttpServer2$QuotingInputFilter)
2019-10-15 13:43:18,602 [main] INFO  http.HttpServer2 (HttpServer2.java:addFilter(948)) - Added filter static_user_filter (class=org.apache.hadoop.http.lib.StaticUserWebFilter$StaticUserFilter) to context scm
2019-10-15 13:43:18,602 [main] INFO  http.HttpServer2 (HttpServer2.java:addFilter(958)) - Added filter static_user_filter (class=org.apache.hadoop.http.lib.StaticUserWebFilter$StaticUserFilter) to context logs
2019-10-15 13:43:18,602 [main] INFO  http.HttpServer2 (HttpServer2.java:addFilter(958)) - Added filter static_user_filter (class=org.apache.hadoop.http.lib.StaticUserWebFilter$StaticUserFilter) to context static
2019-10-15 13:43:18,605 [main] INFO  server.StorageContainerManager (StorageContainerManager.java:start(772)) - StorageContainerLocationProtocol RPC server is listening at /0.0.0.0:33637
2019-10-15 13:43:18,609 [main] WARN  impl.MetricsConfig (MetricsConfig.java:loadFirst(134)) - Cannot locate configuration: tried hadoop-metrics2-storagecontainermanager.properties,hadoop-metrics2.properties
2019-10-15 13:43:18,610 [main] INFO  impl.MetricsSystemImpl (MetricsSystemImpl.java:startTimer(374)) - Scheduled Metric snapshot period at 10 second(s).
2019-10-15 13:43:18,610 [main] INFO  impl.MetricsSystemImpl (MetricsSystemImpl.java:start(191)) - StorageContainerManager metrics system started
2019-10-15 13:43:18,691 [main] WARN  impl.MetricsSystemImpl (MetricsSystemImpl.java:register(276)) - Sink prometheus already exists!
2019-10-15 13:43:18,798 [main] INFO  server.SCMClientProtocolServer (SCMClientProtocolServer.java:start(159)) - RPC server for Client  is listening at /0.0.0.0:33637
2019-10-15 13:43:18,799 [IPC Server Responder] INFO  ipc.Server (Server.java:run(1314)) - IPC Server Responder: starting
2019-10-15 13:43:18,799 [IPC Server listener on 33637] INFO  ipc.Server (Server.java:run(1153)) - IPC Server listener on 33637: starting
2019-10-15 13:43:18,807 [main] INFO  server.StorageContainerManager (StorageContainerManager.java:start(782)) - ScmBlockLocationProtocol RPC server is listening at /0.0.0.0:42577
2019-10-15 13:43:18,808 [main] INFO  server.SCMBlockProtocolServer (SCMBlockProtocolServer.java:start(146)) - RPC server for Block Protocol is listening at /0.0.0.0:42577
2019-10-15 13:43:18,808 [IPC Server Responder] INFO  ipc.Server (Server.java:run(1314)) - IPC Server Responder: starting
2019-10-15 13:43:18,808 [IPC Server listener on 42577] INFO  ipc.Server (Server.java:run(1153)) - IPC Server listener on 42577: starting
2019-10-15 13:43:18,812 [main] INFO  server.StorageContainerManager (StorageContainerManager.java:start(786)) - ScmDatanodeProtocl RPC server is listening at /0.0.0.0:42855
2019-10-15 13:43:18,812 [main] INFO  server.SCMDatanodeProtocolServer (SCMDatanodeProtocolServer.java:start(169)) - RPC server for DataNodes is listening at /0.0.0.0:42855
2019-10-15 13:43:18,813 [IPC Server listener on 42855] INFO  ipc.Server (Server.java:run(1153)) - IPC Server listener on 42855: starting
2019-10-15 13:43:18,813 [IPC Server Responder] INFO  ipc.Server (Server.java:run(1314)) - IPC Server Responder: starting
2019-10-15 13:43:18,817 [main] INFO  http.HttpServer2 (HttpServer2.java:bindListener(1191)) - Jetty bound to port 36112
2019-10-15 13:43:18,817 [main] INFO  server.Server (Server.java:doStart(351)) - jetty-9.3.25.v20180904, build timestamp: 2018-09-04T21:11:46Z, git hash: 3ce520221d0240229c862b122d2b06c12a625732
2019-10-15 13:43:18,818 [main] INFO  handler.ContextHandler (ContextHandler.java:doStart(781)) - Started o.e.j.s.ServletContextHandler@501957bf{/logs,file:///workdir/hadoop-ozone/integration-test/target/log,AVAILABLE}
2019-10-15 13:43:18,819 [main] INFO  handler.ContextHandler (ContextHandler.java:doStart(781)) - Started o.e.j.s.ServletContextHandler@b30a50d{/static,file:///workdir/hadoop-ozone/integration-test/target/test-classes/webapps/static,AVAILABLE}
2019-10-15 13:43:18,822 [main] INFO  handler.ContextHandler (ContextHandler.java:doStart(781)) - Started o.e.j.w.WebAppContext@1a14fdf0{/,file:///workdir/hadoop-ozone/integration-test/target/test-classes/webapps/scm/,AVAILABLE}{/scm}
2019-10-15 13:43:18,823 [main] INFO  server.AbstractConnector (AbstractConnector.java:doStart(278)) - Started ServerConnector@284bdeed{HTTP/1.1,[http/1.1]}{0.0.0.0:36112}
2019-10-15 13:43:18,824 [main] INFO  server.Server (Server.java:doStart(419)) - Started @256854ms
2019-10-15 13:43:18,824 [main] WARN  impl.MetricsSystemImpl (MetricsSystemImpl.java:register(276)) - Sink prometheus already exists!
2019-10-15 13:43:18,826 [main] INFO  server.BaseHttpServer (BaseHttpServer.java:updateConnectorAddress(215)) - HTTP server of SCM is listening at http://0.0.0.0:36112
2019-10-15 13:43:18,826 [main] WARN  server.ServerUtils (ServerUtils.java:getDBPath(222)) - ozone.om.db.dirs is not configured. We recommend adding this setting. Falling back to ozone.metadata.dirs instead.
2019-10-15 13:43:18,828 [org.apache.hadoop.util.JvmPauseMonitor$Monitor@482c351d] INFO  util.JvmPauseMonitor (JvmPauseMonitor.java:run(188)) - Starting JVM pause monitor
2019-10-15 13:43:18,864 [main] INFO  ha.OMHANodeDetails (OMHANodeDetails.java:loadOMHAConfig(190)) - Configuration either no ozone.om.address set. Falling back to the default OM address /127.0.0.1:0
2019-10-15 13:43:18,864 [main] INFO  ha.OMHANodeDetails (OMHANodeDetails.java:getOMNodeDetails(220)) - OM Service ID is not set. Setting it to the default ID: omServiceIdDefault
2019-10-15 13:43:18,865 [main] WARN  server.ServerUtils (ServerUtils.java:getDBPath(222)) - ozone.om.db.dirs is not configured. We recommend adding this setting. Falling back to ozone.metadata.dirs instead.
2019-10-15 13:43:18,865 [main] WARN  server.ServerUtils (ServerUtils.java:getDBPath(222)) - ozone.om.db.dirs is not configured. We recommend adding this setting. Falling back to ozone.metadata.dirs instead.
2019-10-15 13:43:18,874 [main] WARN  server.ServerUtils (ServerUtils.java:getDBPath(222)) - ozone.om.db.dirs is not configured. We recommend adding this setting. Falling back to ozone.metadata.dirs instead.
2019-10-15 13:43:18,875 [main] INFO  db.DBStoreBuilder (DBStoreBuilder.java:addTable(117)) - using custom profile for table: userTable
2019-10-15 13:43:18,875 [main] INFO  db.DBStoreBuilder (DBStoreBuilder.java:processTables(168)) - Using default column profile:DBProfile.DISK for Table:userTable
2019-10-15 13:43:18,875 [main] INFO  db.DBStoreBuilder (DBStoreBuilder.java:addTable(117)) - using custom profile for table: volumeTable
2019-10-15 13:43:18,875 [main] INFO  db.DBStoreBuilder (DBStoreBuilder.java:processTables(168)) - Using default column profile:DBProfile.DISK for Table:volumeTable
2019-10-15 13:43:18,876 [main] INFO  db.DBStoreBuilder (DBStoreBuilder.java:addTable(117)) - using custom profile for table: bucketTable
2019-10-15 13:43:18,876 [main] INFO  db.DBStoreBuilder (DBStoreBuilder.java:processTables(168)) - Using default column profile:DBProfile.DISK for Table:bucketTable
2019-10-15 13:43:18,876 [main] INFO  db.DBStoreBuilder (DBStoreBuilder.java:addTable(117)) - using custom profile for table: keyTable
2019-10-15 13:43:18,876 [main] INFO  db.DBStoreBuilder (DBStoreBuilder.java:processTables(168)) - Using default column profile:DBProfile.DISK for Table:keyTable
2019-10-15 13:43:18,876 [main] INFO  db.DBStoreBuilder (DBStoreBuilder.java:addTable(117)) - using custom profile for table: deletedTable
2019-10-15 13:43:18,877 [main] INFO  db.DBStoreBuilder (DBStoreBuilder.java:processTables(168)) - Using default column profile:DBProfile.DISK for Table:deletedTable
2019-10-15 13:43:18,877 [main] INFO  db.DBStoreBuilder (DBStoreBuilder.java:addTable(117)) - using custom profile for table: openKeyTable
2019-10-15 13:43:18,877 [main] INFO  db.DBStoreBuilder (DBStoreBuilder.java:processTables(168)) - Using default column profile:DBProfile.DISK for Table:openKeyTable
2019-10-15 13:43:18,877 [main] INFO  db.DBStoreBuilder (DBStoreBuilder.java:addTable(117)) - using custom profile for table: s3Table
2019-10-15 13:43:18,877 [main] INFO  db.DBStoreBuilder (DBStoreBuilder.java:processTables(168)) - Using default column profile:DBProfile.DISK for Table:s3Table
2019-10-15 13:43:18,878 [main] INFO  db.DBStoreBuilder (DBStoreBuilder.java:addTable(117)) - using custom profile for table: multipartInfoTable
2019-10-15 13:43:18,878 [main] INFO  db.DBStoreBuilder (DBStoreBuilder.java:processTables(168)) - Using default column profile:DBProfile.DISK for Table:multipartInfoTable
2019-10-15 13:43:18,878 [main] INFO  db.DBStoreBuilder (DBStoreBuilder.java:addTable(117)) - using custom profile for table: dTokenTable
2019-10-15 13:43:18,878 [main] INFO  db.DBStoreBuilder (DBStoreBuilder.java:processTables(168)) - Using default column profile:DBProfile.DISK for Table:dTokenTable
2019-10-15 13:43:18,879 [main] INFO  db.DBStoreBuilder (DBStoreBuilder.java:addTable(117)) - using custom profile for table: s3SecretTable
2019-10-15 13:43:18,879 [main] INFO  db.DBStoreBuilder (DBStoreBuilder.java:processTables(168)) - Using default column profile:DBProfile.DISK for Table:s3SecretTable
2019-10-15 13:43:18,879 [main] INFO  db.DBStoreBuilder (DBStoreBuilder.java:addTable(117)) - using custom profile for table: prefixTable
2019-10-15 13:43:18,879 [main] INFO  db.DBStoreBuilder (DBStoreBuilder.java:processTables(168)) - Using default column profile:DBProfile.DISK for Table:prefixTable
2019-10-15 13:43:18,880 [main] INFO  db.DBStoreBuilder (DBStoreBuilder.java:addTable(117)) - using custom profile for table: default
2019-10-15 13:43:18,880 [main] INFO  db.DBStoreBuilder (DBStoreBuilder.java:processTables(174)) - Using default column profile:DBProfile.DISK for Table:default
2019-10-15 13:43:18,880 [main] INFO  db.DBStoreBuilder (DBStoreBuilder.java:getDbProfile(205)) - Using default options. DBProfile.DISK
2019-10-15 13:43:19,592 [main] INFO  ipc.CallQueueManager (CallQueueManager.java:<init>(84)) - Using callQueue: class java.util.concurrent.LinkedBlockingQueue, queueCapacity: 2000, scheduler: class org.apache.hadoop.ipc.DefaultRpcScheduler, ipcBackoff: false.
2019-10-15 13:43:19,592 [Socket Reader #1 for port 35791] INFO  ipc.Server (Server.java:run(1074)) - Starting Socket Reader #1 for port 35791
2019-10-15 13:43:19,605 [main] INFO  om.OzoneManager (OzoneManager.java:start(1071)) - OzoneManager RPC server is listening at localhost/127.0.0.1:35791
2019-10-15 13:43:19,606 [main] INFO  impl.MetricsSystemImpl (MetricsSystemImpl.java:init(158)) - OzoneManager metrics system started (again)
2019-10-15 13:43:19,607 [IPC Server Responder] INFO  ipc.Server (Server.java:run(1314)) - IPC Server Responder: starting
2019-10-15 13:43:19,608 [IPC Server listener on 35791] INFO  ipc.Server (Server.java:run(1153)) - IPC Server listener on 35791: starting
2019-10-15 13:43:19,613 [main] INFO  hdfs.DFSUtil (DFSUtil.java:httpServerTemplateForNNAndJN(1641)) - Starting Web-server for ozoneManager at: http://0.0.0.0:0
2019-10-15 13:43:19,615 [main] INFO  server.AuthenticationFilter (AuthenticationFilter.java:constructSecretProvider(240)) - Unable to initialize FileSignerSecretProvider, falling back to use random secrets.
2019-10-15 13:43:19,616 [main] WARN  http.HttpRequestLog (HttpRequestLog.java:getRequestLog(97)) - Jetty request log can only be enabled using Log4j
2019-10-15 13:43:19,618 [main] INFO  http.HttpServer2 (HttpServer2.java:addGlobalFilter(975)) - Added global filter 'safety' (class=org.apache.hadoop.http.HttpServer2$QuotingInputFilter)
2019-10-15 13:43:19,618 [main] INFO  http.HttpServer2 (HttpServer2.java:addFilter(948)) - Added filter static_user_filter (class=org.apache.hadoop.http.lib.StaticUserWebFilter$StaticUserFilter) to context ozoneManager
2019-10-15 13:43:19,619 [main] INFO  http.HttpServer2 (HttpServer2.java:addFilter(958)) - Added filter static_user_filter (class=org.apache.hadoop.http.lib.StaticUserWebFilter$StaticUserFilter) to context logs
2019-10-15 13:43:19,619 [main] INFO  http.HttpServer2 (HttpServer2.java:addFilter(958)) - Added filter static_user_filter (class=org.apache.hadoop.http.lib.StaticUserWebFilter$StaticUserFilter) to context static
2019-10-15 13:43:19,620 [main] INFO  http.HttpServer2 (HttpServer2.java:bindListener(1191)) - Jetty bound to port 43098
2019-10-15 13:43:19,620 [main] INFO  server.Server (Server.java:doStart(351)) - jetty-9.3.25.v20180904, build timestamp: 2018-09-04T21:11:46Z, git hash: 3ce520221d0240229c862b122d2b06c12a625732
2019-10-15 13:43:19,622 [main] INFO  handler.ContextHandler (ContextHandler.java:doStart(781)) - Started o.e.j.s.ServletContextHandler@1e40fbb3{/logs,file:///workdir/hadoop-ozone/integration-test/target/log,AVAILABLE}
2019-10-15 13:43:19,623 [main] INFO  handler.ContextHandler (ContextHandler.java:doStart(781)) - Started o.e.j.s.ServletContextHandler@9e02f84{/static,file:///workdir/hadoop-ozone/integration-test/target/test-classes/webapps/static,AVAILABLE}
2019-10-15 13:43:19,628 [main] INFO  handler.ContextHandler (ContextHandler.java:doStart(781)) - Started o.e.j.w.WebAppContext@261f359f{/,file:///workdir/hadoop-ozone/integration-test/target/test-classes/webapps/ozoneManager/,AVAILABLE}{/ozoneManager}
2019-10-15 13:43:19,628 [main] INFO  server.AbstractConnector (AbstractConnector.java:doStart(278)) - Started ServerConnector@5b02a984{HTTP/1.1,[http/1.1]}{0.0.0.0:43098}
2019-10-15 13:43:19,629 [main] INFO  server.Server (Server.java:doStart(419)) - Started @257659ms
2019-10-15 13:43:19,630 [main] WARN  impl.MetricsSystemImpl (MetricsSystemImpl.java:register(276)) - Sink prometheus already exists!
2019-10-15 13:43:19,630 [main] INFO  server.BaseHttpServer (BaseHttpServer.java:updateConnectorAddress(215)) - HTTP server of OZONEMANAGER is listening at http://0.0.0.0:43098
2019-10-15 13:43:19,648 [main] INFO  impl.MetricsSystemImpl (MetricsSystemImpl.java:init(158)) - HddsDatanode metrics system started (again)
2019-10-15 13:43:19,653 [main] INFO  ozone.HddsDatanodeService (HddsDatanodeService.java:start(184)) - HddsDatanodeService host:pr-hdds-1228-49bgw-825838123 ip:192.168.164.217
2019-10-15 13:43:19,660 [main] INFO  volume.HddsVolume (HddsVolume.java:<init>(176)) - Creating Volume: /workdir/hadoop-ozone/integration-test/target/test-dir/MiniOzoneClusterImpl-1f29813a-1e19-43ce-b943-a1b495b6c863/datanode-0/data/containers/hdds of  storage type : DISK and capacity : 1482555576320
2019-10-15 13:43:19,661 [main] INFO  volume.VolumeSet (VolumeSet.java:initializeVolumeSet(170)) - Added Volume : /workdir/hadoop-ozone/integration-test/target/test-dir/MiniOzoneClusterImpl-1f29813a-1e19-43ce-b943-a1b495b6c863/datanode-0/data/containers/hdds to VolumeSet
2019-10-15 13:43:19,661 [main] INFO  volume.ThrottledAsyncChecker (ThrottledAsyncChecker.java:schedule(141)) - Scheduling a check for /workdir/hadoop-ozone/integration-test/target/test-dir/MiniOzoneClusterImpl-1f29813a-1e19-43ce-b943-a1b495b6c863/datanode-0/data/containers/hdds
2019-10-15 13:43:19,662 [main] INFO  volume.HddsVolumeChecker (HddsVolumeChecker.java:checkAllVolumes(204)) - Scheduled health check for volume /workdir/hadoop-ozone/integration-test/target/test-dir/MiniOzoneClusterImpl-1f29813a-1e19-43ce-b943-a1b495b6c863/datanode-0/data/containers/hdds
2019-10-15 13:43:19,683 [main] INFO  impl.RaftServerProxy (ConfUtils.java:logGet(43)) - raft.rpc.type = GRPC (default)
2019-10-15 13:43:19,684 [main] INFO  grpc.GrpcFactory (GrpcFactory.java:checkPooledByteBufAllocatorUseCacheForAllThreads(45)) - PERFORMANCE WARNING: useCacheForAllThreads is true that may cause Netty to create a lot garbage objects and, as a result, trigger GC.
	It is recommended to disable useCacheForAllThreads by setting -Dorg.apache.ratis.thirdparty.io.netty.allocator.useCacheForAllThreads=false in command line.
2019-10-15 13:43:19,684 [main] INFO  grpc.GrpcConfigKeys$Server (ConfUtils.java:logGet(43)) - raft.grpc.server.port = 0 (default)
2019-10-15 13:43:19,684 [main] INFO  server.GrpcService (ConfUtils.java:logGet(43)) - raft.grpc.message.size.max = 33570816 (custom)
2019-10-15 13:43:19,685 [main] INFO  server.RaftServerConfigKeys (ConfUtils.java:logGet(43)) - raft.server.log.appender.buffer.byte-limit = 33554432 (custom)
2019-10-15 13:43:19,685 [main] INFO  server.GrpcService (ConfUtils.java:logGet(43)) - raft.grpc.flow.control.window = 1MB (=1048576) (default)
2019-10-15 13:43:19,685 [main] INFO  server.RaftServerConfigKeys (ConfUtils.java:logGet(43)) - raft.server.rpc.request.timeout = 3000ms (default)
2019-10-15 13:43:19,686 [main] INFO  server.RaftServerConfigKeys (ConfUtils.java:logGet(43)) - raft.server.storage.dir = [/workdir/hadoop-ozone/integration-test/target/test-dir/MiniOzoneClusterImpl-1f29813a-1e19-43ce-b943-a1b495b6c863/datanode-0/data/ratis] (custom)
2019-10-15 13:43:19,688 [main] INFO  hdfs.DFSUtil (DFSUtil.java:httpServerTemplateForNNAndJN(1641)) - Starting Web-server for hddsDatanode at: http://0.0.0.0:0
2019-10-15 13:43:19,690 [main] INFO  server.AuthenticationFilter (AuthenticationFilter.java:constructSecretProvider(240)) - Unable to initialize FileSignerSecretProvider, falling back to use random secrets.
2019-10-15 13:43:19,690 [main] WARN  http.HttpRequestLog (HttpRequestLog.java:getRequestLog(97)) - Jetty request log can only be enabled using Log4j
2019-10-15 13:43:19,692 [main] INFO  http.HttpServer2 (HttpServer2.java:addGlobalFilter(975)) - Added global filter 'safety' (class=org.apache.hadoop.http.HttpServer2$QuotingInputFilter)
2019-10-15 13:43:19,692 [main] INFO  http.HttpServer2 (HttpServer2.java:addFilter(948)) - Added filter static_user_filter (class=org.apache.hadoop.http.lib.StaticUserWebFilter$StaticUserFilter) to context hddsDatanode
2019-10-15 13:43:19,693 [main] INFO  http.HttpServer2 (HttpServer2.java:addFilter(958)) - Added filter static_user_filter (class=org.apache.hadoop.http.lib.StaticUserWebFilter$StaticUserFilter) to context static
2019-10-15 13:43:19,693 [main] INFO  http.HttpServer2 (HttpServer2.java:addFilter(958)) - Added filter static_user_filter (class=org.apache.hadoop.http.lib.StaticUserWebFilter$StaticUserFilter) to context logs
2019-10-15 13:43:19,694 [main] INFO  http.HttpServer2 (HttpServer2.java:bindListener(1191)) - Jetty bound to port 34719
2019-10-15 13:43:19,694 [main] INFO  server.Server (Server.java:doStart(351)) - jetty-9.3.25.v20180904, build timestamp: 2018-09-04T21:11:46Z, git hash: 3ce520221d0240229c862b122d2b06c12a625732
2019-10-15 13:43:19,696 [main] INFO  handler.ContextHandler (ContextHandler.java:doStart(781)) - Started o.e.j.s.ServletContextHandler@543fe698{/logs,file:///workdir/hadoop-ozone/integration-test/target/log,AVAILABLE}
2019-10-15 13:43:19,696 [main] INFO  handler.ContextHandler (ContextHandler.java:doStart(781)) - Started o.e.j.s.ServletContextHandler@2ca3d826{/static,jar:file:/home/user/.m2/repository/org/apache/hadoop/hadoop-hdds-container-service/0.5.0-SNAPSHOT/hadoop-hdds-container-service-0.5.0-SNAPSHOT.jar!/webapps/static,AVAILABLE}
2019-10-15 13:43:19,742 [main] INFO  handler.ContextHandler (ContextHandler.java:doStart(781)) - Started o.e.j.w.WebAppContext@496cc217{/,file:///tmp/jetty-0.0.0.0-34719-hddsDatanode-_-any-1413509982316394165.dir/webapp/,AVAILABLE}{/hddsDatanode}
2019-10-15 13:43:19,743 [main] INFO  server.AbstractConnector (AbstractConnector.java:doStart(278)) - Started ServerConnector@1a1c21b4{HTTP/1.1,[http/1.1]}{0.0.0.0:34719}
2019-10-15 13:43:19,744 [main] INFO  server.Server (Server.java:doStart(419)) - Started @257774ms
2019-10-15 13:43:19,745 [main] WARN  impl.MetricsSystemImpl (MetricsSystemImpl.java:register(276)) - Sink prometheus already exists!
2019-10-15 13:43:19,745 [main] INFO  server.BaseHttpServer (BaseHttpServer.java:updateConnectorAddress(215)) - HTTP server of HDDSDATANODE is listening at http://0.0.0.0:34719
2019-10-15 13:43:19,746 [main] INFO  impl.MetricsSystemImpl (MetricsSystemImpl.java:init(158)) - HddsDatanode metrics system started (again)
2019-10-15 13:43:19,750 [org.apache.hadoop.util.JvmPauseMonitor$Monitor@704865b2] INFO  util.JvmPauseMonitor (JvmPauseMonitor.java:run(188)) - Starting JVM pause monitor
2019-10-15 13:43:19,751 [main] INFO  ozone.HddsDatanodeService (HddsDatanodeService.java:start(184)) - HddsDatanodeService host:pr-hdds-1228-49bgw-825838123 ip:192.168.164.217
2019-10-15 13:43:19,752 [Datanode State Machine Thread - 0] INFO  datanode.InitDatanodeState (InitDatanodeState.java:persistContainerDatanodeDetails(140)) - DatanodeDetails is persisted to /workdir/hadoop-ozone/integration-test/target/test-dir/MiniOzoneClusterImpl-1f29813a-1e19-43ce-b943-a1b495b6c863/datanode-0/meta/datanode.id
2019-10-15 13:43:19,758 [main] INFO  volume.HddsVolume (HddsVolume.java:<init>(176)) - Creating Volume: /workdir/hadoop-ozone/integration-test/target/test-dir/MiniOzoneClusterImpl-1f29813a-1e19-43ce-b943-a1b495b6c863/datanode-1/data/containers/hdds of  storage type : DISK and capacity : 1482555576320
2019-10-15 13:43:19,759 [main] INFO  volume.VolumeSet (VolumeSet.java:initializeVolumeSet(170)) - Added Volume : /workdir/hadoop-ozone/integration-test/target/test-dir/MiniOzoneClusterImpl-1f29813a-1e19-43ce-b943-a1b495b6c863/datanode-1/data/containers/hdds to VolumeSet
2019-10-15 13:43:19,759 [main] INFO  volume.ThrottledAsyncChecker (ThrottledAsyncChecker.java:schedule(141)) - Scheduling a check for /workdir/hadoop-ozone/integration-test/target/test-dir/MiniOzoneClusterImpl-1f29813a-1e19-43ce-b943-a1b495b6c863/datanode-1/data/containers/hdds
2019-10-15 13:43:19,760 [main] INFO  volume.HddsVolumeChecker (HddsVolumeChecker.java:checkAllVolumes(204)) - Scheduled health check for volume /workdir/hadoop-ozone/integration-test/target/test-dir/MiniOzoneClusterImpl-1f29813a-1e19-43ce-b943-a1b495b6c863/datanode-1/data/containers/hdds
2019-10-15 13:43:19,784 [main] INFO  impl.RaftServerProxy (ConfUtils.java:logGet(43)) - raft.rpc.type = GRPC (default)
2019-10-15 13:43:19,785 [main] INFO  grpc.GrpcFactory (GrpcFactory.java:checkPooledByteBufAllocatorUseCacheForAllThreads(45)) - PERFORMANCE WARNING: useCacheForAllThreads is true that may cause Netty to create a lot garbage objects and, as a result, trigger GC.
	It is recommended to disable useCacheForAllThreads by setting -Dorg.apache.ratis.thirdparty.io.netty.allocator.useCacheForAllThreads=false in command line.
2019-10-15 13:43:19,785 [main] INFO  grpc.GrpcConfigKeys$Server (ConfUtils.java:logGet(43)) - raft.grpc.server.port = 0 (default)
2019-10-15 13:43:19,785 [main] INFO  server.GrpcService (ConfUtils.java:logGet(43)) - raft.grpc.message.size.max = 33570816 (custom)
2019-10-15 13:43:19,785 [main] INFO  server.RaftServerConfigKeys (ConfUtils.java:logGet(43)) - raft.server.log.appender.buffer.byte-limit = 33554432 (custom)
2019-10-15 13:43:19,786 [main] INFO  server.GrpcService (ConfUtils.java:logGet(43)) - raft.grpc.flow.control.window = 1MB (=1048576) (default)
2019-10-15 13:43:19,786 [main] INFO  server.RaftServerConfigKeys (ConfUtils.java:logGet(43)) - raft.server.rpc.request.timeout = 3000ms (default)
2019-10-15 13:43:19,786 [main] INFO  server.RaftServerConfigKeys (ConfUtils.java:logGet(43)) - raft.server.storage.dir = [/workdir/hadoop-ozone/integration-test/target/test-dir/MiniOzoneClusterImpl-1f29813a-1e19-43ce-b943-a1b495b6c863/datanode-1/data/ratis] (custom)
2019-10-15 13:43:19,788 [main] INFO  hdfs.DFSUtil (DFSUtil.java:httpServerTemplateForNNAndJN(1641)) - Starting Web-server for hddsDatanode at: http://0.0.0.0:0
2019-10-15 13:43:19,789 [main] INFO  server.AuthenticationFilter (AuthenticationFilter.java:constructSecretProvider(240)) - Unable to initialize FileSignerSecretProvider, falling back to use random secrets.
2019-10-15 13:43:19,789 [main] WARN  http.HttpRequestLog (HttpRequestLog.java:getRequestLog(97)) - Jetty request log can only be enabled using Log4j
2019-10-15 13:43:19,791 [main] INFO  http.HttpServer2 (HttpServer2.java:addGlobalFilter(975)) - Added global filter 'safety' (class=org.apache.hadoop.http.HttpServer2$QuotingInputFilter)
2019-10-15 13:43:19,792 [main] INFO  http.HttpServer2 (HttpServer2.java:addFilter(948)) - Added filter static_user_filter (class=org.apache.hadoop.http.lib.StaticUserWebFilter$StaticUserFilter) to context hddsDatanode
2019-10-15 13:43:19,792 [main] INFO  http.HttpServer2 (HttpServer2.java:addFilter(958)) - Added filter static_user_filter (class=org.apache.hadoop.http.lib.StaticUserWebFilter$StaticUserFilter) to context static
2019-10-15 13:43:19,792 [main] INFO  http.HttpServer2 (HttpServer2.java:addFilter(958)) - Added filter static_user_filter (class=org.apache.hadoop.http.lib.StaticUserWebFilter$StaticUserFilter) to context logs
2019-10-15 13:43:19,793 [main] INFO  http.HttpServer2 (HttpServer2.java:bindListener(1191)) - Jetty bound to port 33020
2019-10-15 13:43:19,793 [main] INFO  server.Server (Server.java:doStart(351)) - jetty-9.3.25.v20180904, build timestamp: 2018-09-04T21:11:46Z, git hash: 3ce520221d0240229c862b122d2b06c12a625732
2019-10-15 13:43:19,795 [main] INFO  handler.ContextHandler (ContextHandler.java:doStart(781)) - Started o.e.j.s.ServletContextHandler@61394494{/logs,file:///workdir/hadoop-ozone/integration-test/target/log,AVAILABLE}
2019-10-15 13:43:19,795 [main] INFO  handler.ContextHandler (ContextHandler.java:doStart(781)) - Started o.e.j.s.ServletContextHandler@7c453c34{/static,jar:file:/home/user/.m2/repository/org/apache/hadoop/hadoop-hdds-container-service/0.5.0-SNAPSHOT/hadoop-hdds-container-service-0.5.0-SNAPSHOT.jar!/webapps/static,AVAILABLE}
2019-10-15 13:43:19,827 [main] INFO  handler.ContextHandler (ContextHandler.java:doStart(781)) - Started o.e.j.w.WebAppContext@2dbfa972{/,file:///tmp/jetty-0.0.0.0-33020-hddsDatanode-_-any-925373188878389625.dir/webapp/,AVAILABLE}{/hddsDatanode}
2019-10-15 13:43:19,828 [main] INFO  server.AbstractConnector (AbstractConnector.java:doStart(278)) - Started ServerConnector@46f73ffa{HTTP/1.1,[http/1.1]}{0.0.0.0:33020}
2019-10-15 13:43:19,830 [main] INFO  server.Server (Server.java:doStart(419)) - Started @257860ms
2019-10-15 13:43:19,830 [main] WARN  impl.MetricsSystemImpl (MetricsSystemImpl.java:register(276)) - Sink prometheus already exists!
2019-10-15 13:43:19,831 [main] INFO  server.BaseHttpServer (BaseHttpServer.java:updateConnectorAddress(215)) - HTTP server of HDDSDATANODE is listening at http://0.0.0.0:33020
2019-10-15 13:43:19,831 [main] INFO  impl.MetricsSystemImpl (MetricsSystemImpl.java:init(158)) - HddsDatanode metrics system started (again)
2019-10-15 13:43:19,835 [org.apache.hadoop.util.JvmPauseMonitor$Monitor@7511a9b5] INFO  util.JvmPauseMonitor (JvmPauseMonitor.java:run(188)) - Starting JVM pause monitor
2019-10-15 13:43:19,835 [main] INFO  ozone.HddsDatanodeService (HddsDatanodeService.java:start(184)) - HddsDatanodeService host:pr-hdds-1228-49bgw-825838123 ip:192.168.164.217
2019-10-15 13:43:19,837 [Datanode State Machine Thread - 0] INFO  datanode.InitDatanodeState (InitDatanodeState.java:persistContainerDatanodeDetails(140)) - DatanodeDetails is persisted to /workdir/hadoop-ozone/integration-test/target/test-dir/MiniOzoneClusterImpl-1f29813a-1e19-43ce-b943-a1b495b6c863/datanode-1/meta/datanode.id
2019-10-15 13:43:19,842 [main] INFO  volume.HddsVolume (HddsVolume.java:<init>(176)) - Creating Volume: /workdir/hadoop-ozone/integration-test/target/test-dir/MiniOzoneClusterImpl-1f29813a-1e19-43ce-b943-a1b495b6c863/datanode-2/data/containers/hdds of  storage type : DISK and capacity : 1482555576320
2019-10-15 13:43:19,842 [main] INFO  volume.VolumeSet (VolumeSet.java:initializeVolumeSet(170)) - Added Volume : /workdir/hadoop-ozone/integration-test/target/test-dir/MiniOzoneClusterImpl-1f29813a-1e19-43ce-b943-a1b495b6c863/datanode-2/data/containers/hdds to VolumeSet
2019-10-15 13:43:19,842 [main] INFO  volume.ThrottledAsyncChecker (ThrottledAsyncChecker.java:schedule(141)) - Scheduling a check for /workdir/hadoop-ozone/integration-test/target/test-dir/MiniOzoneClusterImpl-1f29813a-1e19-43ce-b943-a1b495b6c863/datanode-2/data/containers/hdds
2019-10-15 13:43:19,843 [main] INFO  volume.HddsVolumeChecker (HddsVolumeChecker.java:checkAllVolumes(204)) - Scheduled health check for volume /workdir/hadoop-ozone/integration-test/target/test-dir/MiniOzoneClusterImpl-1f29813a-1e19-43ce-b943-a1b495b6c863/datanode-2/data/containers/hdds
2019-10-15 13:43:19,856 [main] INFO  impl.RaftServerProxy (ConfUtils.java:logGet(43)) - raft.rpc.type = GRPC (default)
2019-10-15 13:43:19,857 [main] INFO  grpc.GrpcFactory (GrpcFactory.java:checkPooledByteBufAllocatorUseCacheForAllThreads(45)) - PERFORMANCE WARNING: useCacheForAllThreads is true that may cause Netty to create a lot garbage objects and, as a result, trigger GC.
	It is recommended to disable useCacheForAllThreads by setting -Dorg.apache.ratis.thirdparty.io.netty.allocator.useCacheForAllThreads=false in command line.
2019-10-15 13:43:19,857 [main] INFO  grpc.GrpcConfigKeys$Server (ConfUtils.java:logGet(43)) - raft.grpc.server.port = 0 (default)
2019-10-15 13:43:19,857 [main] INFO  server.GrpcService (ConfUtils.java:logGet(43)) - raft.grpc.message.size.max = 33570816 (custom)
2019-10-15 13:43:19,857 [main] INFO  server.RaftServerConfigKeys (ConfUtils.java:logGet(43)) - raft.server.log.appender.buffer.byte-limit = 33554432 (custom)
2019-10-15 13:43:19,857 [main] INFO  server.GrpcService (ConfUtils.java:logGet(43)) - raft.grpc.flow.control.window = 1MB (=1048576) (default)
2019-10-15 13:43:19,858 [main] INFO  server.RaftServerConfigKeys (ConfUtils.java:logGet(43)) - raft.server.rpc.request.timeout = 3000ms (default)
2019-10-15 13:43:19,858 [main] INFO  server.RaftServerConfigKeys (ConfUtils.java:logGet(43)) - raft.server.storage.dir = [/workdir/hadoop-ozone/integration-test/target/test-dir/MiniOzoneClusterImpl-1f29813a-1e19-43ce-b943-a1b495b6c863/datanode-2/data/ratis] (custom)
2019-10-15 13:43:19,859 [main] INFO  hdfs.DFSUtil (DFSUtil.java:httpServerTemplateForNNAndJN(1641)) - Starting Web-server for hddsDatanode at: http://0.0.0.0:0
2019-10-15 13:43:19,860 [main] INFO  server.AuthenticationFilter (AuthenticationFilter.java:constructSecretProvider(240)) - Unable to initialize FileSignerSecretProvider, falling back to use random secrets.
2019-10-15 13:43:19,861 [main] WARN  http.HttpRequestLog (HttpRequestLog.java:getRequestLog(97)) - Jetty request log can only be enabled using Log4j
2019-10-15 13:43:19,862 [main] INFO  http.HttpServer2 (HttpServer2.java:addGlobalFilter(975)) - Added global filter 'safety' (class=org.apache.hadoop.http.HttpServer2$QuotingInputFilter)
2019-10-15 13:43:19,863 [main] INFO  http.HttpServer2 (HttpServer2.java:addFilter(948)) - Added filter static_user_filter (class=org.apache.hadoop.http.lib.StaticUserWebFilter$StaticUserFilter) to context hddsDatanode
2019-10-15 13:43:19,863 [main] INFO  http.HttpServer2 (HttpServer2.java:addFilter(958)) - Added filter static_user_filter (class=org.apache.hadoop.http.lib.StaticUserWebFilter$StaticUserFilter) to context logs
2019-10-15 13:43:19,863 [main] INFO  http.HttpServer2 (HttpServer2.java:addFilter(958)) - Added filter static_user_filter (class=org.apache.hadoop.http.lib.StaticUserWebFilter$StaticUserFilter) to context static
2019-10-15 13:43:19,863 [main] INFO  http.HttpServer2 (HttpServer2.java:bindListener(1191)) - Jetty bound to port 33686
2019-10-15 13:43:19,864 [main] INFO  server.Server (Server.java:doStart(351)) - jetty-9.3.25.v20180904, build timestamp: 2018-09-04T21:11:46Z, git hash: 3ce520221d0240229c862b122d2b06c12a625732
2019-10-15 13:43:19,865 [main] INFO  handler.ContextHandler (ContextHandler.java:doStart(781)) - Started o.e.j.s.ServletContextHandler@2c9306d3{/logs,file:///workdir/hadoop-ozone/integration-test/target/log,AVAILABLE}
2019-10-15 13:43:19,865 [main] INFO  handler.ContextHandler (ContextHandler.java:doStart(781)) - Started o.e.j.s.ServletContextHandler@2dfa02c1{/static,jar:file:/home/user/.m2/repository/org/apache/hadoop/hadoop-hdds-container-service/0.5.0-SNAPSHOT/hadoop-hdds-container-service-0.5.0-SNAPSHOT.jar!/webapps/static,AVAILABLE}
2019-10-15 13:43:19,894 [main] INFO  handler.ContextHandler (ContextHandler.java:doStart(781)) - Started o.e.j.w.WebAppContext@486bd064{/,file:///tmp/jetty-0.0.0.0-33686-hddsDatanode-_-any-21144801583926968.dir/webapp/,AVAILABLE}{/hddsDatanode}
2019-10-15 13:43:19,895 [main] INFO  server.AbstractConnector (AbstractConnector.java:doStart(278)) - Started ServerConnector@6459f4ea{HTTP/1.1,[http/1.1]}{0.0.0.0:33686}
2019-10-15 13:43:19,897 [main] INFO  server.Server (Server.java:doStart(419)) - Started @257927ms
2019-10-15 13:43:19,897 [main] WARN  impl.MetricsSystemImpl (MetricsSystemImpl.java:register(276)) - Sink prometheus already exists!
2019-10-15 13:43:19,898 [main] INFO  server.BaseHttpServer (BaseHttpServer.java:updateConnectorAddress(215)) - HTTP server of HDDSDATANODE is listening at http://0.0.0.0:33686
2019-10-15 13:43:19,898 [main] INFO  impl.MetricsSystemImpl (MetricsSystemImpl.java:init(158)) - HddsDatanode metrics system started (again)
2019-10-15 13:43:19,903 [org.apache.hadoop.util.JvmPauseMonitor$Monitor@acdc5d5] INFO  util.JvmPauseMonitor (JvmPauseMonitor.java:run(188)) - Starting JVM pause monitor
2019-10-15 13:43:19,903 [main] INFO  ozone.HddsDatanodeService (HddsDatanodeService.java:start(184)) - HddsDatanodeService host:pr-hdds-1228-49bgw-825838123 ip:192.168.164.217
2019-10-15 13:43:19,904 [Datanode State Machine Thread - 0] INFO  datanode.InitDatanodeState (InitDatanodeState.java:persistContainerDatanodeDetails(140)) - DatanodeDetails is persisted to /workdir/hadoop-ozone/integration-test/target/test-dir/MiniOzoneClusterImpl-1f29813a-1e19-43ce-b943-a1b495b6c863/datanode-2/meta/datanode.id
2019-10-15 13:43:19,912 [main] INFO  volume.HddsVolume (HddsVolume.java:<init>(176)) - Creating Volume: /workdir/hadoop-ozone/integration-test/target/test-dir/MiniOzoneClusterImpl-1f29813a-1e19-43ce-b943-a1b495b6c863/datanode-3/data/containers/hdds of  storage type : DISK and capacity : 1482555576320
2019-10-15 13:43:19,912 [main] INFO  volume.VolumeSet (VolumeSet.java:initializeVolumeSet(170)) - Added Volume : /workdir/hadoop-ozone/integration-test/target/test-dir/MiniOzoneClusterImpl-1f29813a-1e19-43ce-b943-a1b495b6c863/datanode-3/data/containers/hdds to VolumeSet
2019-10-15 13:43:19,913 [main] INFO  volume.ThrottledAsyncChecker (ThrottledAsyncChecker.java:schedule(141)) - Scheduling a check for /workdir/hadoop-ozone/integration-test/target/test-dir/MiniOzoneClusterImpl-1f29813a-1e19-43ce-b943-a1b495b6c863/datanode-3/data/containers/hdds
2019-10-15 13:43:19,913 [main] INFO  volume.HddsVolumeChecker (HddsVolumeChecker.java:checkAllVolumes(204)) - Scheduled health check for volume /workdir/hadoop-ozone/integration-test/target/test-dir/MiniOzoneClusterImpl-1f29813a-1e19-43ce-b943-a1b495b6c863/datanode-3/data/containers/hdds
2019-10-15 13:43:19,931 [main] INFO  impl.RaftServerProxy (ConfUtils.java:logGet(43)) - raft.rpc.type = GRPC (default)
2019-10-15 13:43:19,931 [main] INFO  grpc.GrpcFactory (GrpcFactory.java:checkPooledByteBufAllocatorUseCacheForAllThreads(45)) - PERFORMANCE WARNING: useCacheForAllThreads is true that may cause Netty to create a lot garbage objects and, as a result, trigger GC.
	It is recommended to disable useCacheForAllThreads by setting -Dorg.apache.ratis.thirdparty.io.netty.allocator.useCacheForAllThreads=false in command line.
2019-10-15 13:43:19,931 [main] INFO  grpc.GrpcConfigKeys$Server (ConfUtils.java:logGet(43)) - raft.grpc.server.port = 0 (default)
2019-10-15 13:43:19,931 [main] INFO  server.GrpcService (ConfUtils.java:logGet(43)) - raft.grpc.message.size.max = 33570816 (custom)
2019-10-15 13:43:19,932 [main] INFO  server.RaftServerConfigKeys (ConfUtils.java:logGet(43)) - raft.server.log.appender.buffer.byte-limit = 33554432 (custom)
2019-10-15 13:43:19,932 [main] INFO  server.GrpcService (ConfUtils.java:logGet(43)) - raft.grpc.flow.control.window = 1MB (=1048576) (default)
2019-10-15 13:43:19,932 [main] INFO  server.RaftServerConfigKeys (ConfUtils.java:logGet(43)) - raft.server.rpc.request.timeout = 3000ms (default)
2019-10-15 13:43:19,934 [main] INFO  server.RaftServerConfigKeys (ConfUtils.java:logGet(43)) - raft.server.storage.dir = [/workdir/hadoop-ozone/integration-test/target/test-dir/MiniOzoneClusterImpl-1f29813a-1e19-43ce-b943-a1b495b6c863/datanode-3/data/ratis] (custom)
2019-10-15 13:43:19,936 [main] INFO  hdfs.DFSUtil (DFSUtil.java:httpServerTemplateForNNAndJN(1641)) - Starting Web-server for hddsDatanode at: http://0.0.0.0:0
2019-10-15 13:43:19,938 [main] INFO  server.AuthenticationFilter (AuthenticationFilter.java:constructSecretProvider(240)) - Unable to initialize FileSignerSecretProvider, falling back to use random secrets.
2019-10-15 13:43:19,939 [main] WARN  http.HttpRequestLog (HttpRequestLog.java:getRequestLog(97)) - Jetty request log can only be enabled using Log4j
2019-10-15 13:43:19,942 [main] INFO  http.HttpServer2 (HttpServer2.java:addGlobalFilter(975)) - Added global filter 'safety' (class=org.apache.hadoop.http.HttpServer2$QuotingInputFilter)
2019-10-15 13:43:19,943 [main] INFO  http.HttpServer2 (HttpServer2.java:addFilter(948)) - Added filter static_user_filter (class=org.apache.hadoop.http.lib.StaticUserWebFilter$StaticUserFilter) to context hddsDatanode
2019-10-15 13:43:19,943 [main] INFO  http.HttpServer2 (HttpServer2.java:addFilter(958)) - Added filter static_user_filter (class=org.apache.hadoop.http.lib.StaticUserWebFilter$StaticUserFilter) to context logs
2019-10-15 13:43:19,943 [main] INFO  http.HttpServer2 (HttpServer2.java:addFilter(958)) - Added filter static_user_filter (class=org.apache.hadoop.http.lib.StaticUserWebFilter$StaticUserFilter) to context static
2019-10-15 13:43:19,945 [main] INFO  http.HttpServer2 (HttpServer2.java:bindListener(1191)) - Jetty bound to port 36366
2019-10-15 13:43:19,945 [main] INFO  server.Server (Server.java:doStart(351)) - jetty-9.3.25.v20180904, build timestamp: 2018-09-04T21:11:46Z, git hash: 3ce520221d0240229c862b122d2b06c12a625732
2019-10-15 13:43:19,947 [main] INFO  handler.ContextHandler (ContextHandler.java:doStart(781)) - Started o.e.j.s.ServletContextHandler@4f235107{/logs,file:///workdir/hadoop-ozone/integration-test/target/log,AVAILABLE}
2019-10-15 13:43:19,948 [main] INFO  handler.ContextHandler (ContextHandler.java:doStart(781)) - Started o.e.j.s.ServletContextHandler@1c5d3a37{/static,jar:file:/home/user/.m2/repository/org/apache/hadoop/hadoop-hdds-container-service/0.5.0-SNAPSHOT/hadoop-hdds-container-service-0.5.0-SNAPSHOT.jar!/webapps/static,AVAILABLE}
2019-10-15 13:43:19,989 [main] INFO  handler.ContextHandler (ContextHandler.java:doStart(781)) - Started o.e.j.w.WebAppContext@5a7b309b{/,file:///tmp/jetty-0.0.0.0-36366-hddsDatanode-_-any-375351785727205899.dir/webapp/,AVAILABLE}{/hddsDatanode}
2019-10-15 13:43:19,989 [main] INFO  server.AbstractConnector (AbstractConnector.java:doStart(278)) - Started ServerConnector@4602f874{HTTP/1.1,[http/1.1]}{0.0.0.0:36366}
2019-10-15 13:43:19,991 [main] INFO  server.Server (Server.java:doStart(419)) - Started @258021ms
2019-10-15 13:43:19,991 [main] WARN  impl.MetricsSystemImpl (MetricsSystemImpl.java:register(276)) - Sink prometheus already exists!
2019-10-15 13:43:19,992 [main] INFO  server.BaseHttpServer (BaseHttpServer.java:updateConnectorAddress(215)) - HTTP server of HDDSDATANODE is listening at http://0.0.0.0:36366
2019-10-15 13:43:19,993 [main] INFO  impl.MetricsSystemImpl (MetricsSystemImpl.java:init(158)) - HddsDatanode metrics system started (again)
2019-10-15 13:43:19,999 [org.apache.hadoop.util.JvmPauseMonitor$Monitor@397133e8] INFO  util.JvmPauseMonitor (JvmPauseMonitor.java:run(188)) - Starting JVM pause monitor
2019-10-15 13:43:20,000 [Datanode State Machine Thread - 0] INFO  datanode.InitDatanodeState (InitDatanodeState.java:persistContainerDatanodeDetails(140)) - DatanodeDetails is persisted to /workdir/hadoop-ozone/integration-test/target/test-dir/MiniOzoneClusterImpl-1f29813a-1e19-43ce-b943-a1b495b6c863/datanode-3/meta/datanode.id
2019-10-15 13:43:20,000 [main] INFO  ozone.HddsDatanodeService (HddsDatanodeService.java:start(184)) - HddsDatanodeService host:pr-hdds-1228-49bgw-825838123 ip:192.168.164.217
2019-10-15 13:43:20,007 [main] INFO  volume.HddsVolume (HddsVolume.java:<init>(176)) - Creating Volume: /workdir/hadoop-ozone/integration-test/target/test-dir/MiniOzoneClusterImpl-1f29813a-1e19-43ce-b943-a1b495b6c863/datanode-4/data/containers/hdds of  storage type : DISK and capacity : 1482555576320
2019-10-15 13:43:20,008 [main] INFO  volume.VolumeSet (VolumeSet.java:initializeVolumeSet(170)) - Added Volume : /workdir/hadoop-ozone/integration-test/target/test-dir/MiniOzoneClusterImpl-1f29813a-1e19-43ce-b943-a1b495b6c863/datanode-4/data/containers/hdds to VolumeSet
2019-10-15 13:43:20,008 [main] INFO  volume.ThrottledAsyncChecker (ThrottledAsyncChecker.java:schedule(141)) - Scheduling a check for /workdir/hadoop-ozone/integration-test/target/test-dir/MiniOzoneClusterImpl-1f29813a-1e19-43ce-b943-a1b495b6c863/datanode-4/data/containers/hdds
2019-10-15 13:43:20,009 [main] INFO  volume.HddsVolumeChecker (HddsVolumeChecker.java:checkAllVolumes(204)) - Scheduled health check for volume /workdir/hadoop-ozone/integration-test/target/test-dir/MiniOzoneClusterImpl-1f29813a-1e19-43ce-b943-a1b495b6c863/datanode-4/data/containers/hdds
2019-10-15 13:43:20,033 [main] INFO  impl.RaftServerProxy (ConfUtils.java:logGet(43)) - raft.rpc.type = GRPC (default)
2019-10-15 13:43:20,033 [main] INFO  grpc.GrpcFactory (GrpcFactory.java:checkPooledByteBufAllocatorUseCacheForAllThreads(45)) - PERFORMANCE WARNING: useCacheForAllThreads is true that may cause Netty to create a lot garbage objects and, as a result, trigger GC.
	It is recommended to disable useCacheForAllThreads by setting -Dorg.apache.ratis.thirdparty.io.netty.allocator.useCacheForAllThreads=false in command line.
2019-10-15 13:43:20,033 [main] INFO  grpc.GrpcConfigKeys$Server (ConfUtils.java:logGet(43)) - raft.grpc.server.port = 0 (default)
2019-10-15 13:43:20,033 [main] INFO  server.GrpcService (ConfUtils.java:logGet(43)) - raft.grpc.message.size.max = 33570816 (custom)
2019-10-15 13:43:20,034 [main] INFO  server.RaftServerConfigKeys (ConfUtils.java:logGet(43)) - raft.server.log.appender.buffer.byte-limit = 33554432 (custom)
2019-10-15 13:43:20,034 [main] INFO  server.GrpcService (ConfUtils.java:logGet(43)) - raft.grpc.flow.control.window = 1MB (=1048576) (default)
2019-10-15 13:43:20,034 [main] INFO  server.RaftServerConfigKeys (ConfUtils.java:logGet(43)) - raft.server.rpc.request.timeout = 3000ms (default)
2019-10-15 13:43:20,035 [main] INFO  server.RaftServerConfigKeys (ConfUtils.java:logGet(43)) - raft.server.storage.dir = [/workdir/hadoop-ozone/integration-test/target/test-dir/MiniOzoneClusterImpl-1f29813a-1e19-43ce-b943-a1b495b6c863/datanode-4/data/ratis] (custom)
2019-10-15 13:43:20,036 [main] INFO  hdfs.DFSUtil (DFSUtil.java:httpServerTemplateForNNAndJN(1641)) - Starting Web-server for hddsDatanode at: http://0.0.0.0:0
2019-10-15 13:43:20,038 [main] INFO  server.AuthenticationFilter (AuthenticationFilter.java:constructSecretProvider(240)) - Unable to initialize FileSignerSecretProvider, falling back to use random secrets.
2019-10-15 13:43:20,038 [main] WARN  http.HttpRequestLog (HttpRequestLog.java:getRequestLog(97)) - Jetty request log can only be enabled using Log4j
2019-10-15 13:43:20,041 [main] INFO  http.HttpServer2 (HttpServer2.java:addGlobalFilter(975)) - Added global filter 'safety' (class=org.apache.hadoop.http.HttpServer2$QuotingInputFilter)
2019-10-15 13:43:20,042 [main] INFO  http.HttpServer2 (HttpServer2.java:addFilter(948)) - Added filter static_user_filter (class=org.apache.hadoop.http.lib.StaticUserWebFilter$StaticUserFilter) to context hddsDatanode
2019-10-15 13:43:20,042 [main] INFO  http.HttpServer2 (HttpServer2.java:addFilter(958)) - Added filter static_user_filter (class=org.apache.hadoop.http.lib.StaticUserWebFilter$StaticUserFilter) to context static
2019-10-15 13:43:20,043 [main] INFO  http.HttpServer2 (HttpServer2.java:addFilter(958)) - Added filter static_user_filter (class=org.apache.hadoop.http.lib.StaticUserWebFilter$StaticUserFilter) to context logs
2019-10-15 13:43:20,044 [main] INFO  http.HttpServer2 (HttpServer2.java:bindListener(1191)) - Jetty bound to port 40090
2019-10-15 13:43:20,044 [main] INFO  server.Server (Server.java:doStart(351)) - jetty-9.3.25.v20180904, build timestamp: 2018-09-04T21:11:46Z, git hash: 3ce520221d0240229c862b122d2b06c12a625732
2019-10-15 13:43:20,046 [main] INFO  handler.ContextHandler (ContextHandler.java:doStart(781)) - Started o.e.j.s.ServletContextHandler@d87d449{/logs,file:///workdir/hadoop-ozone/integration-test/target/log,AVAILABLE}
2019-10-15 13:43:20,047 [main] INFO  handler.ContextHandler (ContextHandler.java:doStart(781)) - Started o.e.j.s.ServletContextHandler@1df9186f{/static,jar:file:/home/user/.m2/repository/org/apache/hadoop/hadoop-hdds-container-service/0.5.0-SNAPSHOT/hadoop-hdds-container-service-0.5.0-SNAPSHOT.jar!/webapps/static,AVAILABLE}
2019-10-15 13:43:20,090 [main] INFO  handler.ContextHandler (ContextHandler.java:doStart(781)) - Started o.e.j.w.WebAppContext@18ffca6c{/,file:///tmp/jetty-0.0.0.0-40090-hddsDatanode-_-any-9095309583062458076.dir/webapp/,AVAILABLE}{/hddsDatanode}
2019-10-15 13:43:20,091 [main] INFO  server.AbstractConnector (AbstractConnector.java:doStart(278)) - Started ServerConnector@46468f0{HTTP/1.1,[http/1.1]}{0.0.0.0:40090}
2019-10-15 13:43:20,093 [main] INFO  server.Server (Server.java:doStart(419)) - Started @258123ms
2019-10-15 13:43:20,093 [main] WARN  impl.MetricsSystemImpl (MetricsSystemImpl.java:register(276)) - Sink prometheus already exists!
2019-10-15 13:43:20,094 [main] INFO  server.BaseHttpServer (BaseHttpServer.java:updateConnectorAddress(215)) - HTTP server of HDDSDATANODE is listening at http://0.0.0.0:40090
2019-10-15 13:43:20,095 [main] INFO  impl.MetricsSystemImpl (MetricsSystemImpl.java:init(158)) - HddsDatanode metrics system started (again)
2019-10-15 13:43:20,101 [org.apache.hadoop.util.JvmPauseMonitor$Monitor@1b462b34] INFO  util.JvmPauseMonitor (JvmPauseMonitor.java:run(188)) - Starting JVM pause monitor
2019-10-15 13:43:20,102 [main] INFO  ozone.HddsDatanodeService (HddsDatanodeService.java:start(184)) - HddsDatanodeService host:pr-hdds-1228-49bgw-825838123 ip:192.168.164.217
2019-10-15 13:43:20,102 [Datanode State Machine Thread - 0] INFO  datanode.InitDatanodeState (InitDatanodeState.java:persistContainerDatanodeDetails(140)) - DatanodeDetails is persisted to /workdir/hadoop-ozone/integration-test/target/test-dir/MiniOzoneClusterImpl-1f29813a-1e19-43ce-b943-a1b495b6c863/datanode-4/meta/datanode.id
2019-10-15 13:43:20,109 [main] INFO  volume.HddsVolume (HddsVolume.java:<init>(176)) - Creating Volume: /workdir/hadoop-ozone/integration-test/target/test-dir/MiniOzoneClusterImpl-1f29813a-1e19-43ce-b943-a1b495b6c863/datanode-5/data/containers/hdds of  storage type : DISK and capacity : 1482555576320
2019-10-15 13:43:20,109 [main] INFO  volume.VolumeSet (VolumeSet.java:initializeVolumeSet(170)) - Added Volume : /workdir/hadoop-ozone/integration-test/target/test-dir/MiniOzoneClusterImpl-1f29813a-1e19-43ce-b943-a1b495b6c863/datanode-5/data/containers/hdds to VolumeSet
2019-10-15 13:43:20,109 [main] INFO  volume.ThrottledAsyncChecker (ThrottledAsyncChecker.java:schedule(141)) - Scheduling a check for /workdir/hadoop-ozone/integration-test/target/test-dir/MiniOzoneClusterImpl-1f29813a-1e19-43ce-b943-a1b495b6c863/datanode-5/data/containers/hdds
2019-10-15 13:43:20,110 [main] INFO  volume.HddsVolumeChecker (HddsVolumeChecker.java:checkAllVolumes(204)) - Scheduled health check for volume /workdir/hadoop-ozone/integration-test/target/test-dir/MiniOzoneClusterImpl-1f29813a-1e19-43ce-b943-a1b495b6c863/datanode-5/data/containers/hdds
2019-10-15 13:43:20,133 [main] INFO  impl.RaftServerProxy (ConfUtils.java:logGet(43)) - raft.rpc.type = GRPC (default)
2019-10-15 13:43:20,134 [main] INFO  grpc.GrpcFactory (GrpcFactory.java:checkPooledByteBufAllocatorUseCacheForAllThreads(45)) - PERFORMANCE WARNING: useCacheForAllThreads is true that may cause Netty to create a lot garbage objects and, as a result, trigger GC.
	It is recommended to disable useCacheForAllThreads by setting -Dorg.apache.ratis.thirdparty.io.netty.allocator.useCacheForAllThreads=false in command line.
2019-10-15 13:43:20,134 [main] INFO  grpc.GrpcConfigKeys$Server (ConfUtils.java:logGet(43)) - raft.grpc.server.port = 0 (default)
2019-10-15 13:43:20,134 [main] INFO  server.GrpcService (ConfUtils.java:logGet(43)) - raft.grpc.message.size.max = 33570816 (custom)
2019-10-15 13:43:20,135 [main] INFO  server.RaftServerConfigKeys (ConfUtils.java:logGet(43)) - raft.server.log.appender.buffer.byte-limit = 33554432 (custom)
2019-10-15 13:43:20,135 [main] INFO  server.GrpcService (ConfUtils.java:logGet(43)) - raft.grpc.flow.control.window = 1MB (=1048576) (default)
2019-10-15 13:43:20,135 [main] INFO  server.RaftServerConfigKeys (ConfUtils.java:logGet(43)) - raft.server.rpc.request.timeout = 3000ms (default)
2019-10-15 13:43:20,135 [main] INFO  server.RaftServerConfigKeys (ConfUtils.java:logGet(43)) - raft.server.storage.dir = [/workdir/hadoop-ozone/integration-test/target/test-dir/MiniOzoneClusterImpl-1f29813a-1e19-43ce-b943-a1b495b6c863/datanode-5/data/ratis] (custom)
2019-10-15 13:43:20,137 [main] INFO  hdfs.DFSUtil (DFSUtil.java:httpServerTemplateForNNAndJN(1641)) - Starting Web-server for hddsDatanode at: http://0.0.0.0:0
2019-10-15 13:43:20,138 [main] INFO  server.AuthenticationFilter (AuthenticationFilter.java:constructSecretProvider(240)) - Unable to initialize FileSignerSecretProvider, falling back to use random secrets.
2019-10-15 13:43:20,139 [main] WARN  http.HttpRequestLog (HttpRequestLog.java:getRequestLog(97)) - Jetty request log can only be enabled using Log4j
2019-10-15 13:43:20,140 [main] INFO  http.HttpServer2 (HttpServer2.java:addGlobalFilter(975)) - Added global filter 'safety' (class=org.apache.hadoop.http.HttpServer2$QuotingInputFilter)
2019-10-15 13:43:20,141 [main] INFO  http.HttpServer2 (HttpServer2.java:addFilter(948)) - Added filter static_user_filter (class=org.apache.hadoop.http.lib.StaticUserWebFilter$StaticUserFilter) to context hddsDatanode
2019-10-15 13:43:20,141 [main] INFO  http.HttpServer2 (HttpServer2.java:addFilter(958)) - Added filter static_user_filter (class=org.apache.hadoop.http.lib.StaticUserWebFilter$StaticUserFilter) to context static
2019-10-15 13:43:20,141 [main] INFO  http.HttpServer2 (HttpServer2.java:addFilter(958)) - Added filter static_user_filter (class=org.apache.hadoop.http.lib.StaticUserWebFilter$StaticUserFilter) to context logs
2019-10-15 13:43:20,142 [main] INFO  http.HttpServer2 (HttpServer2.java:bindListener(1191)) - Jetty bound to port 34856
2019-10-15 13:43:20,142 [main] INFO  server.Server (Server.java:doStart(351)) - jetty-9.3.25.v20180904, build timestamp: 2018-09-04T21:11:46Z, git hash: 3ce520221d0240229c862b122d2b06c12a625732
2019-10-15 13:43:20,144 [main] INFO  handler.ContextHandler (ContextHandler.java:doStart(781)) - Started o.e.j.s.ServletContextHandler@2c06b113{/logs,file:///workdir/hadoop-ozone/integration-test/target/log,AVAILABLE}
2019-10-15 13:43:20,145 [main] INFO  handler.ContextHandler (ContextHandler.java:doStart(781)) - Started o.e.j.s.ServletContextHandler@785ed99c{/static,jar:file:/home/user/.m2/repository/org/apache/hadoop/hadoop-hdds-container-service/0.5.0-SNAPSHOT/hadoop-hdds-container-service-0.5.0-SNAPSHOT.jar!/webapps/static,AVAILABLE}
2019-10-15 13:43:20,175 [main] INFO  handler.ContextHandler (ContextHandler.java:doStart(781)) - Started o.e.j.w.WebAppContext@4fb64a52{/,file:///tmp/jetty-0.0.0.0-34856-hddsDatanode-_-any-308303227000700842.dir/webapp/,AVAILABLE}{/hddsDatanode}
2019-10-15 13:43:20,175 [main] INFO  server.AbstractConnector (AbstractConnector.java:doStart(278)) - Started ServerConnector@70b48eb3{HTTP/1.1,[http/1.1]}{0.0.0.0:34856}
2019-10-15 13:43:20,178 [main] INFO  server.Server (Server.java:doStart(419)) - Started @258208ms
2019-10-15 13:43:20,178 [main] WARN  impl.MetricsSystemImpl (MetricsSystemImpl.java:register(276)) - Sink prometheus already exists!
2019-10-15 13:43:20,179 [main] INFO  server.BaseHttpServer (BaseHttpServer.java:updateConnectorAddress(215)) - HTTP server of HDDSDATANODE is listening at http://0.0.0.0:34856
2019-10-15 13:43:20,179 [main] INFO  impl.MetricsSystemImpl (MetricsSystemImpl.java:init(158)) - HddsDatanode metrics system started (again)
2019-10-15 13:43:20,184 [org.apache.hadoop.util.JvmPauseMonitor$Monitor@3e8e78cb] INFO  util.JvmPauseMonitor (JvmPauseMonitor.java:run(188)) - Starting JVM pause monitor
2019-10-15 13:43:20,185 [main] INFO  ozone.HddsDatanodeService (HddsDatanodeService.java:start(184)) - HddsDatanodeService host:pr-hdds-1228-49bgw-825838123 ip:192.168.164.217
2019-10-15 13:43:20,186 [Datanode State Machine Thread - 0] INFO  datanode.InitDatanodeState (InitDatanodeState.java:persistContainerDatanodeDetails(140)) - DatanodeDetails is persisted to /workdir/hadoop-ozone/integration-test/target/test-dir/MiniOzoneClusterImpl-1f29813a-1e19-43ce-b943-a1b495b6c863/datanode-5/meta/datanode.id
2019-10-15 13:43:20,191 [main] INFO  volume.HddsVolume (HddsVolume.java:<init>(176)) - Creating Volume: /workdir/hadoop-ozone/integration-test/target/test-dir/MiniOzoneClusterImpl-1f29813a-1e19-43ce-b943-a1b495b6c863/datanode-6/data/containers/hdds of  storage type : DISK and capacity : 1482555576320
2019-10-15 13:43:20,191 [main] INFO  volume.VolumeSet (VolumeSet.java:initializeVolumeSet(170)) - Added Volume : /workdir/hadoop-ozone/integration-test/target/test-dir/MiniOzoneClusterImpl-1f29813a-1e19-43ce-b943-a1b495b6c863/datanode-6/data/containers/hdds to VolumeSet
2019-10-15 13:43:20,191 [main] INFO  volume.ThrottledAsyncChecker (ThrottledAsyncChecker.java:schedule(141)) - Scheduling a check for /workdir/hadoop-ozone/integration-test/target/test-dir/MiniOzoneClusterImpl-1f29813a-1e19-43ce-b943-a1b495b6c863/datanode-6/data/containers/hdds
2019-10-15 13:43:20,192 [main] INFO  volume.HddsVolumeChecker (HddsVolumeChecker.java:checkAllVolumes(204)) - Scheduled health check for volume /workdir/hadoop-ozone/integration-test/target/test-dir/MiniOzoneClusterImpl-1f29813a-1e19-43ce-b943-a1b495b6c863/datanode-6/data/containers/hdds
2019-10-15 13:43:20,207 [main] INFO  impl.RaftServerProxy (ConfUtils.java:logGet(43)) - raft.rpc.type = GRPC (default)
2019-10-15 13:43:20,207 [main] INFO  grpc.GrpcFactory (GrpcFactory.java:checkPooledByteBufAllocatorUseCacheForAllThreads(45)) - PERFORMANCE WARNING: useCacheForAllThreads is true that may cause Netty to create a lot garbage objects and, as a result, trigger GC.
	It is recommended to disable useCacheForAllThreads by setting -Dorg.apache.ratis.thirdparty.io.netty.allocator.useCacheForAllThreads=false in command line.
2019-10-15 13:43:20,208 [main] INFO  grpc.GrpcConfigKeys$Server (ConfUtils.java:logGet(43)) - raft.grpc.server.port = 0 (default)
2019-10-15 13:43:20,208 [main] INFO  server.GrpcService (ConfUtils.java:logGet(43)) - raft.grpc.message.size.max = 33570816 (custom)
2019-10-15 13:43:20,208 [main] INFO  server.RaftServerConfigKeys (ConfUtils.java:logGet(43)) - raft.server.log.appender.buffer.byte-limit = 33554432 (custom)
2019-10-15 13:43:20,208 [main] INFO  server.GrpcService (ConfUtils.java:logGet(43)) - raft.grpc.flow.control.window = 1MB (=1048576) (default)
2019-10-15 13:43:20,209 [main] INFO  server.RaftServerConfigKeys (ConfUtils.java:logGet(43)) - raft.server.rpc.request.timeout = 3000ms (default)
2019-10-15 13:43:20,209 [main] INFO  server.RaftServerConfigKeys (ConfUtils.java:logGet(43)) - raft.server.storage.dir = [/workdir/hadoop-ozone/integration-test/target/test-dir/MiniOzoneClusterImpl-1f29813a-1e19-43ce-b943-a1b495b6c863/datanode-6/data/ratis] (custom)
2019-10-15 13:43:20,211 [main] INFO  hdfs.DFSUtil (DFSUtil.java:httpServerTemplateForNNAndJN(1641)) - Starting Web-server for hddsDatanode at: http://0.0.0.0:0
2019-10-15 13:43:20,212 [main] INFO  server.AuthenticationFilter (AuthenticationFilter.java:constructSecretProvider(240)) - Unable to initialize FileSignerSecretProvider, falling back to use random secrets.
2019-10-15 13:43:20,213 [main] WARN  http.HttpRequestLog (HttpRequestLog.java:getRequestLog(97)) - Jetty request log can only be enabled using Log4j
2019-10-15 13:43:20,214 [main] INFO  http.HttpServer2 (HttpServer2.java:addGlobalFilter(975)) - Added global filter 'safety' (class=org.apache.hadoop.http.HttpServer2$QuotingInputFilter)
2019-10-15 13:43:20,214 [main] INFO  http.HttpServer2 (HttpServer2.java:addFilter(948)) - Added filter static_user_filter (class=org.apache.hadoop.http.lib.StaticUserWebFilter$StaticUserFilter) to context hddsDatanode
2019-10-15 13:43:20,214 [main] INFO  http.HttpServer2 (HttpServer2.java:addFilter(958)) - Added filter static_user_filter (class=org.apache.hadoop.http.lib.StaticUserWebFilter$StaticUserFilter) to context logs
2019-10-15 13:43:20,214 [main] INFO  http.HttpServer2 (HttpServer2.java:addFilter(958)) - Added filter static_user_filter (class=org.apache.hadoop.http.lib.StaticUserWebFilter$StaticUserFilter) to context static
2019-10-15 13:43:20,215 [main] INFO  http.HttpServer2 (HttpServer2.java:bindListener(1191)) - Jetty bound to port 43304
2019-10-15 13:43:20,215 [main] INFO  server.Server (Server.java:doStart(351)) - jetty-9.3.25.v20180904, build timestamp: 2018-09-04T21:11:46Z, git hash: 3ce520221d0240229c862b122d2b06c12a625732
2019-10-15 13:43:20,216 [main] INFO  handler.ContextHandler (ContextHandler.java:doStart(781)) - Started o.e.j.s.ServletContextHandler@79252c83{/logs,file:///workdir/hadoop-ozone/integration-test/target/log,AVAILABLE}
2019-10-15 13:43:20,217 [main] INFO  handler.ContextHandler (ContextHandler.java:doStart(781)) - Started o.e.j.s.ServletContextHandler@509a6095{/static,jar:file:/home/user/.m2/repository/org/apache/hadoop/hadoop-hdds-container-service/0.5.0-SNAPSHOT/hadoop-hdds-container-service-0.5.0-SNAPSHOT.jar!/webapps/static,AVAILABLE}
2019-10-15 13:43:20,244 [main] INFO  handler.ContextHandler (ContextHandler.java:doStart(781)) - Started o.e.j.w.WebAppContext@40bd0f8{/,file:///tmp/jetty-0.0.0.0-43304-hddsDatanode-_-any-688246839221719727.dir/webapp/,AVAILABLE}{/hddsDatanode}
2019-10-15 13:43:20,245 [main] INFO  server.AbstractConnector (AbstractConnector.java:doStart(278)) - Started ServerConnector@7eb27768{HTTP/1.1,[http/1.1]}{0.0.0.0:43304}
2019-10-15 13:43:20,247 [main] INFO  server.Server (Server.java:doStart(419)) - Started @258277ms
2019-10-15 13:43:20,247 [main] WARN  impl.MetricsSystemImpl (MetricsSystemImpl.java:register(276)) - Sink prometheus already exists!
2019-10-15 13:43:20,248 [main] INFO  server.BaseHttpServer (BaseHttpServer.java:updateConnectorAddress(215)) - HTTP server of HDDSDATANODE is listening at http://0.0.0.0:43304
2019-10-15 13:43:20,248 [main] INFO  ozone.MiniOzoneClusterImpl (MiniOzoneClusterImpl.java:lambda$waitForClusterToBeReady$0(147)) - Waiting for cluster to be ready. Got 0 of 7 DN Heartbeats.
2019-10-15 13:43:20,249 [org.apache.hadoop.util.JvmPauseMonitor$Monitor@6c5c80aa] INFO  util.JvmPauseMonitor (JvmPauseMonitor.java:run(188)) - Starting JVM pause monitor
2019-10-15 13:43:20,250 [Datanode State Machine Thread - 0] INFO  datanode.InitDatanodeState (InitDatanodeState.java:persistContainerDatanodeDetails(140)) - DatanodeDetails is persisted to /workdir/hadoop-ozone/integration-test/target/test-dir/MiniOzoneClusterImpl-1f29813a-1e19-43ce-b943-a1b495b6c863/datanode-6/meta/datanode.id
2019-10-15 13:43:21,251 [main] INFO  ozone.MiniOzoneClusterImpl (MiniOzoneClusterImpl.java:lambda$waitForClusterToBeReady$0(147)) - Waiting for cluster to be ready. Got 0 of 7 DN Heartbeats.
2019-10-15 13:43:21,800 [Datanode State Machine Thread - 0] INFO  ozoneimpl.OzoneContainer (OzoneContainer.java:start(213)) - Attempting to start container services.
2019-10-15 13:43:21,800 [Datanode State Machine Thread - 0] INFO  ozoneimpl.OzoneContainer (OzoneContainer.java:startContainerScrub(177)) - Background container scanner has been disabled.
2019-10-15 13:43:21,801 [Datanode State Machine Thread - 0] INFO  ratis.XceiverServerRatis (XceiverServerRatis.java:start(418)) - Starting XceiverServerRatis 256707ac-3ceb-4b32-81e8-7d104914f2fa at port 0
2019-10-15 13:43:21,806 [Datanode State Machine Thread - 0] INFO  impl.RaftServerProxy (RaftServerProxy.java:lambda$start$3(299)) - 256707ac-3ceb-4b32-81e8-7d104914f2fa: start RPC server
2019-10-15 13:43:21,808 [Datanode State Machine Thread - 0] INFO  server.GrpcService (GrpcService.java:startImpl(158)) - 256707ac-3ceb-4b32-81e8-7d104914f2fa: GrpcService started, listening on 0.0.0.0/0.0.0.0:37413
2019-10-15 13:43:21,808 [Datanode State Machine Thread - 0] INFO  ratis.XceiverServerRatis (XceiverServerRatis.java:start(428)) - XceiverServerRatis 256707ac-3ceb-4b32-81e8-7d104914f2fa is started using port 37413
2019-10-15 13:43:21,809 [Datanode State Machine Thread - 0] INFO  server.XceiverServerGrpc (XceiverServerGrpc.java:start(149)) - XceiverServerGrpc 256707ac-3ceb-4b32-81e8-7d104914f2fa is started using port 40229
2019-10-15 13:43:21,867 [Datanode State Machine Thread - 0] INFO  ozoneimpl.OzoneContainer (OzoneContainer.java:start(213)) - Attempting to start container services.
2019-10-15 13:43:21,867 [Datanode State Machine Thread - 0] INFO  ozoneimpl.OzoneContainer (OzoneContainer.java:startContainerScrub(177)) - Background container scanner has been disabled.
2019-10-15 13:43:21,868 [Datanode State Machine Thread - 0] INFO  ratis.XceiverServerRatis (XceiverServerRatis.java:start(418)) - Starting XceiverServerRatis 62569dad-e525-41bd-b913-23cd09473a0c at port 0
2019-10-15 13:43:21,874 [Datanode State Machine Thread - 0] INFO  impl.RaftServerProxy (RaftServerProxy.java:lambda$start$3(299)) - 62569dad-e525-41bd-b913-23cd09473a0c: start RPC server
2019-10-15 13:43:21,874 [Datanode State Machine Thread - 0] INFO  server.GrpcService (GrpcService.java:startImpl(158)) - 62569dad-e525-41bd-b913-23cd09473a0c: GrpcService started, listening on 0.0.0.0/0.0.0.0:45244
2019-10-15 13:43:21,874 [Datanode State Machine Thread - 0] INFO  ratis.XceiverServerRatis (XceiverServerRatis.java:start(428)) - XceiverServerRatis 62569dad-e525-41bd-b913-23cd09473a0c is started using port 45244
2019-10-15 13:43:21,875 [Datanode State Machine Thread - 0] INFO  server.XceiverServerGrpc (XceiverServerGrpc.java:start(149)) - XceiverServerGrpc 62569dad-e525-41bd-b913-23cd09473a0c is started using port 42911
2019-10-15 13:43:21,935 [Datanode State Machine Thread - 0] INFO  ozoneimpl.OzoneContainer (OzoneContainer.java:start(213)) - Attempting to start container services.
2019-10-15 13:43:21,935 [Datanode State Machine Thread - 0] INFO  ozoneimpl.OzoneContainer (OzoneContainer.java:startContainerScrub(177)) - Background container scanner has been disabled.
2019-10-15 13:43:21,935 [Datanode State Machine Thread - 0] INFO  ratis.XceiverServerRatis (XceiverServerRatis.java:start(418)) - Starting XceiverServerRatis 510a44e3-2647-4c66-97a5-22a2effdae26 at port 0
2019-10-15 13:43:21,940 [Datanode State Machine Thread - 0] INFO  impl.RaftServerProxy (RaftServerProxy.java:lambda$start$3(299)) - 510a44e3-2647-4c66-97a5-22a2effdae26: start RPC server
2019-10-15 13:43:21,941 [Datanode State Machine Thread - 0] INFO  server.GrpcService (GrpcService.java:startImpl(158)) - 510a44e3-2647-4c66-97a5-22a2effdae26: GrpcService started, listening on 0.0.0.0/0.0.0.0:39085
2019-10-15 13:43:21,941 [Datanode State Machine Thread - 0] INFO  ratis.XceiverServerRatis (XceiverServerRatis.java:start(428)) - XceiverServerRatis 510a44e3-2647-4c66-97a5-22a2effdae26 is started using port 39085
2019-10-15 13:43:21,942 [Datanode State Machine Thread - 0] INFO  server.XceiverServerGrpc (XceiverServerGrpc.java:start(149)) - XceiverServerGrpc 510a44e3-2647-4c66-97a5-22a2effdae26 is started using port 35988
2019-10-15 13:43:22,027 [Datanode State Machine Thread - 0] INFO  ozoneimpl.OzoneContainer (OzoneContainer.java:start(213)) - Attempting to start container services.
2019-10-15 13:43:22,027 [Datanode State Machine Thread - 0] INFO  ozoneimpl.OzoneContainer (OzoneContainer.java:startContainerScrub(177)) - Background container scanner has been disabled.
2019-10-15 13:43:22,028 [Datanode State Machine Thread - 0] INFO  ratis.XceiverServerRatis (XceiverServerRatis.java:start(418)) - Starting XceiverServerRatis ab6820c9-6f85-4050-a44b-975c9b561d1e at port 0
2019-10-15 13:43:22,037 [Datanode State Machine Thread - 0] INFO  impl.RaftServerProxy (RaftServerProxy.java:lambda$start$3(299)) - ab6820c9-6f85-4050-a44b-975c9b561d1e: start RPC server
2019-10-15 13:43:22,038 [Datanode State Machine Thread - 0] INFO  server.GrpcService (GrpcService.java:startImpl(158)) - ab6820c9-6f85-4050-a44b-975c9b561d1e: GrpcService started, listening on 0.0.0.0/0.0.0.0:43454
2019-10-15 13:43:22,038 [Datanode State Machine Thread - 0] INFO  ratis.XceiverServerRatis (XceiverServerRatis.java:start(428)) - XceiverServerRatis ab6820c9-6f85-4050-a44b-975c9b561d1e is started using port 43454
2019-10-15 13:43:22,039 [Datanode State Machine Thread - 0] INFO  server.XceiverServerGrpc (XceiverServerGrpc.java:start(149)) - XceiverServerGrpc ab6820c9-6f85-4050-a44b-975c9b561d1e is started using port 35612
2019-10-15 13:43:22,127 [Datanode State Machine Thread - 0] INFO  ozoneimpl.OzoneContainer (OzoneContainer.java:start(213)) - Attempting to start container services.
2019-10-15 13:43:22,128 [Datanode State Machine Thread - 0] INFO  ozoneimpl.OzoneContainer (OzoneContainer.java:startContainerScrub(177)) - Background container scanner has been disabled.
2019-10-15 13:43:22,128 [Datanode State Machine Thread - 0] INFO  ratis.XceiverServerRatis (XceiverServerRatis.java:start(418)) - Starting XceiverServerRatis 1bfa82b1-c9f9-4543-ab0a-ccac2045b0c1 at port 0
2019-10-15 13:43:22,134 [Datanode State Machine Thread - 0] INFO  impl.RaftServerProxy (RaftServerProxy.java:lambda$start$3(299)) - 1bfa82b1-c9f9-4543-ab0a-ccac2045b0c1: start RPC server
2019-10-15 13:43:22,134 [Datanode State Machine Thread - 0] INFO  server.GrpcService (GrpcService.java:startImpl(158)) - 1bfa82b1-c9f9-4543-ab0a-ccac2045b0c1: GrpcService started, listening on 0.0.0.0/0.0.0.0:41553
2019-10-15 13:43:22,134 [Datanode State Machine Thread - 0] INFO  ratis.XceiverServerRatis (XceiverServerRatis.java:start(428)) - XceiverServerRatis 1bfa82b1-c9f9-4543-ab0a-ccac2045b0c1 is started using port 41553
2019-10-15 13:43:22,135 [Datanode State Machine Thread - 0] INFO  server.XceiverServerGrpc (XceiverServerGrpc.java:start(149)) - XceiverServerGrpc 1bfa82b1-c9f9-4543-ab0a-ccac2045b0c1 is started using port 37522
2019-10-15 13:43:22,211 [Datanode State Machine Thread - 0] INFO  ozoneimpl.OzoneContainer (OzoneContainer.java:start(213)) - Attempting to start container services.
2019-10-15 13:43:22,212 [Datanode State Machine Thread - 0] INFO  ozoneimpl.OzoneContainer (OzoneContainer.java:startContainerScrub(177)) - Background container scanner has been disabled.
2019-10-15 13:43:22,212 [Datanode State Machine Thread - 0] INFO  ratis.XceiverServerRatis (XceiverServerRatis.java:start(418)) - Starting XceiverServerRatis b6c7c67f-5f79-4a81-a3c4-5368a8ae7517 at port 0
2019-10-15 13:43:22,218 [Datanode State Machine Thread - 0] INFO  impl.RaftServerProxy (RaftServerProxy.java:lambda$start$3(299)) - b6c7c67f-5f79-4a81-a3c4-5368a8ae7517: start RPC server
2019-10-15 13:43:22,219 [Datanode State Machine Thread - 0] INFO  server.GrpcService (GrpcService.java:startImpl(158)) - b6c7c67f-5f79-4a81-a3c4-5368a8ae7517: GrpcService started, listening on 0.0.0.0/0.0.0.0:33910
2019-10-15 13:43:22,219 [Datanode State Machine Thread - 0] INFO  ratis.XceiverServerRatis (XceiverServerRatis.java:start(428)) - XceiverServerRatis b6c7c67f-5f79-4a81-a3c4-5368a8ae7517 is started using port 33910
2019-10-15 13:43:22,219 [Datanode State Machine Thread - 0] INFO  server.XceiverServerGrpc (XceiverServerGrpc.java:start(149)) - XceiverServerGrpc b6c7c67f-5f79-4a81-a3c4-5368a8ae7517 is started using port 44273
2019-10-15 13:43:22,252 [main] INFO  ozone.MiniOzoneClusterImpl (MiniOzoneClusterImpl.java:lambda$waitForClusterToBeReady$0(147)) - Waiting for cluster to be ready. Got 0 of 7 DN Heartbeats.
2019-10-15 13:43:22,278 [Datanode State Machine Thread - 0] INFO  ozoneimpl.OzoneContainer (OzoneContainer.java:start(213)) - Attempting to start container services.
2019-10-15 13:43:22,279 [Datanode State Machine Thread - 0] INFO  ozoneimpl.OzoneContainer (OzoneContainer.java:startContainerScrub(177)) - Background container scanner has been disabled.
2019-10-15 13:43:22,279 [Datanode State Machine Thread - 0] INFO  ratis.XceiverServerRatis (XceiverServerRatis.java:start(418)) - Starting XceiverServerRatis 6a757eb6-bc60-4b0e-b745-15dac084ce59 at port 0
2019-10-15 13:43:22,286 [Datanode State Machine Thread - 0] INFO  impl.RaftServerProxy (RaftServerProxy.java:lambda$start$3(299)) - 6a757eb6-bc60-4b0e-b745-15dac084ce59: start RPC server
2019-10-15 13:43:22,290 [Datanode State Machine Thread - 0] INFO  server.GrpcService (GrpcService.java:startImpl(158)) - 6a757eb6-bc60-4b0e-b745-15dac084ce59: GrpcService started, listening on 0.0.0.0/0.0.0.0:34441
2019-10-15 13:43:22,290 [Datanode State Machine Thread - 0] INFO  ratis.XceiverServerRatis (XceiverServerRatis.java:start(428)) - XceiverServerRatis 6a757eb6-bc60-4b0e-b745-15dac084ce59 is started using port 34441
2019-10-15 13:43:22,290 [Datanode State Machine Thread - 0] INFO  server.XceiverServerGrpc (XceiverServerGrpc.java:start(149)) - XceiverServerGrpc 6a757eb6-bc60-4b0e-b745-15dac084ce59 is started using port 46056
2019-10-15 13:43:23,252 [main] INFO  ozone.MiniOzoneClusterImpl (MiniOzoneClusterImpl.java:lambda$waitForClusterToBeReady$0(147)) - Waiting for cluster to be ready. Got 0 of 7 DN Heartbeats.
2019-10-15 13:43:23,756 [IPC Server handler 2 on 42855] INFO  net.NetworkTopology (NetworkTopologyImpl.java:add(111)) - Added a new node: /default-rack/256707ac-3ceb-4b32-81e8-7d104914f2fa
2019-10-15 13:43:23,759 [IPC Server handler 2 on 42855] INFO  node.SCMNodeManager (SCMNodeManager.java:register(268)) - Registered Data node : 256707ac-3ceb-4b32-81e8-7d104914f2fa{ip: 192.168.164.217, host: pr-hdds-1228-49bgw-825838123, networkLocation: /default-rack, certSerialId: null}
2019-10-15 13:43:23,760 [EventQueue-NodeRegistrationContainerReportForDataNodeSafeModeRule] INFO  safemode.SCMSafeModeManager (DataNodeSafeModeRule.java:process(71)) - SCM in safe mode. 1 DataNodes registered, 1 required.
2019-10-15 13:43:23,763 [EventQueue-NodeRegistrationContainerReportForDataNodeSafeModeRule] INFO  safemode.SCMSafeModeManager (SCMSafeModeManager.java:validateSafeModeExitRules(177)) - ScmSafeModeManager, all rules are successfully validated
2019-10-15 13:43:23,763 [EventQueue-NodeRegistrationContainerReportForDataNodeSafeModeRule] INFO  safemode.SCMSafeModeManager (SCMSafeModeManager.java:exitSafeMode(193)) - SCM exiting safe mode.
2019-10-15 13:43:23,773 [grpc-default-executor-8] INFO  impl.RaftServerProxy (RaftServerProxy.java:addNew(89)) - 256707ac-3ceb-4b32-81e8-7d104914f2fa: addNew group-CAC70F02CD52:[256707ac-3ceb-4b32-81e8-7d104914f2fa:192.168.164.217:37413] returns group-CAC70F02CD52:java.util.concurrent.CompletableFuture@3fe20ee[Not completed]
2019-10-15 13:43:23,775 [pool-383-thread-1] INFO  impl.RaftServerImpl (RaftServerImpl.java:<init>(95)) - 256707ac-3ceb-4b32-81e8-7d104914f2fa: new RaftServerImpl for group-CAC70F02CD52:[256707ac-3ceb-4b32-81e8-7d104914f2fa:192.168.164.217:37413] with ContainerStateMachine:uninitialized
2019-10-15 13:43:23,775 [pool-383-thread-1] INFO  server.RaftServerConfigKeys (ConfUtils.java:logGet(43)) - raft.server.rpc.timeout.min = 5s (custom)
2019-10-15 13:43:23,775 [pool-383-thread-1] INFO  server.RaftServerConfigKeys (ConfUtils.java:logGet(43)) - raft.server.rpc.timeout.max = 5200ms (custom)
2019-10-15 13:43:23,775 [pool-383-thread-1] INFO  server.RaftServerConfigKeys (ConfUtils.java:logGet(43)) - raft.server.rpcslowness.timeout = 120s (custom)
2019-10-15 13:43:23,775 [pool-383-thread-1] INFO  server.RaftServerConfigKeys (ConfUtils.java:logGet(43)) - raft.server.sleep.deviation.threshold = 300 (default)
2019-10-15 13:43:23,775 [pool-383-thread-1] INFO  server.RaftServerConfigKeys (ConfUtils.java:logGet(43)) - raft.server.log.appender.install.snapshot.enabled = false (custom)
2019-10-15 13:43:23,776 [pool-383-thread-1] INFO  impl.RaftServerImpl (ServerState.java:<init>(103)) - 256707ac-3ceb-4b32-81e8-7d104914f2fa@group-CAC70F02CD52: ConfigurationManager, init=-1: [256707ac-3ceb-4b32-81e8-7d104914f2fa:192.168.164.217:37413], old=null, confs=<EMPTY_MAP>
2019-10-15 13:43:23,776 [pool-383-thread-1] INFO  server.RaftServerConfigKeys (ConfUtils.java:logGet(43)) - raft.server.storage.dir = [/workdir/hadoop-ozone/integration-test/target/test-dir/MiniOzoneClusterImpl-1f29813a-1e19-43ce-b943-a1b495b6c863/datanode-0/data/ratis] (custom)
2019-10-15 13:43:23,776 [pool-383-thread-1] INFO  server.RaftServerConfigKeys (ConfUtils.java:logGet(43)) - raft.server.log.corruption.policy = EXCEPTION (default)
2019-10-15 13:43:23,776 [pool-383-thread-1] INFO  storage.RaftStorageDirectory (RaftStorageDirectory.java:analyzeStorage(246)) - The storage directory /workdir/hadoop-ozone/integration-test/target/test-dir/MiniOzoneClusterImpl-1f29813a-1e19-43ce-b943-a1b495b6c863/datanode-0/data/ratis/7b210643-e7f1-406b-9a01-cac70f02cd52 does not exist. Creating ...
2019-10-15 13:43:23,797 [pool-383-thread-1] INFO  storage.RaftStorageDirectory (RaftStorageDirectory.java:tryLock(328)) - Lock on /workdir/hadoop-ozone/integration-test/target/test-dir/MiniOzoneClusterImpl-1f29813a-1e19-43ce-b943-a1b495b6c863/datanode-0/data/ratis/7b210643-e7f1-406b-9a01-cac70f02cd52/in_use.lock acquired by nodename 1895@pr-hdds-1228-49bgw-825838123
2019-10-15 13:43:23,823 [pool-383-thread-1] INFO  storage.RaftStorage (RaftStorage.java:format(84)) - Storage directory /workdir/hadoop-ozone/integration-test/target/test-dir/MiniOzoneClusterImpl-1f29813a-1e19-43ce-b943-a1b495b6c863/datanode-0/data/ratis/7b210643-e7f1-406b-9a01-cac70f02cd52 has been successfully formatted.
2019-10-15 13:43:23,823 [pool-383-thread-1] INFO  ratis.ContainerStateMachine (ContainerStateMachine.java:loadSnapshot(231)) - group-CAC70F02CD52: The snapshot info is null. Setting the last applied indexto:(t:0, i:~)
2019-10-15 13:43:23,823 [pool-383-thread-1] INFO  server.RaftServerConfigKeys (ConfUtils.java:logGet(43)) - raft.server.notification.no-leader.timeout = 120s (custom)
2019-10-15 13:43:23,823 [pool-383-thread-1] INFO  server.RaftServerConfigKeys (ConfUtils.java:logGet(43)) - raft.server.log.use.memory = false (default)
2019-10-15 13:43:23,824 [pool-383-thread-1] INFO  server.RaftServerConfigKeys (ConfUtils.java:logGet(43)) - raft.server.log.purge.gap = 1000000 (custom)
2019-10-15 13:43:23,824 [pool-383-thread-1] INFO  server.RaftServerConfigKeys (ConfUtils.java:logGet(43)) - raft.server.log.appender.buffer.byte-limit = 33554432 (custom)
2019-10-15 13:43:23,824 [pool-383-thread-1] INFO  server.RaftServerConfigKeys (ConfUtils.java:logGet(43)) - raft.server.log.segment.size.max = 1048576 (custom)
2019-10-15 13:43:23,826 [pool-383-thread-1] INFO  server.RaftServerConfigKeys (ConfUtils.java:logGet(43)) - raft.server.log.segment.cache.num.max = 2 (custom)
2019-10-15 13:43:23,826 [pool-383-thread-1] INFO  segmented.SegmentedRaftLogWorker (SegmentedRaftLogWorker.java:<init>(173)) - new 256707ac-3ceb-4b32-81e8-7d104914f2fa@group-CAC70F02CD52-SegmentedRaftLogWorker for RaftStorage:Storage Directory /workdir/hadoop-ozone/integration-test/target/test-dir/MiniOzoneClusterImpl-1f29813a-1e19-43ce-b943-a1b495b6c863/datanode-0/data/ratis/7b210643-e7f1-406b-9a01-cac70f02cd52
2019-10-15 13:43:23,827 [pool-383-thread-1] INFO  server.RaftServerConfigKeys (ConfUtils.java:logGet(43)) - raft.server.log.queue.byte-limit = 2147483647 (custom)
2019-10-15 13:43:23,827 [pool-383-thread-1] INFO  server.RaftServerConfigKeys (ConfUtils.java:logGet(43)) - raft.server.log.queue.element-limit = 1024 (custom)
2019-10-15 13:43:23,827 [pool-383-thread-1] INFO  server.RaftServerConfigKeys (ConfUtils.java:logGet(43)) - raft.server.log.segment.size.max = 1048576 (custom)
2019-10-15 13:43:23,827 [pool-383-thread-1] INFO  server.RaftServerConfigKeys (ConfUtils.java:logGet(43)) - raft.server.log.preallocated.size = 16384 (custom)
2019-10-15 13:43:23,827 [pool-383-thread-1] INFO  server.RaftServerConfigKeys (ConfUtils.java:logGet(43)) - raft.server.log.write.buffer.size = 33554432 (custom)
2019-10-15 13:43:23,827 [pool-383-thread-1] INFO  server.RaftServerConfigKeys (ConfUtils.java:logGet(43)) - raft.server.log.force.sync.num = 128 (default)
2019-10-15 13:43:23,827 [pool-383-thread-1] INFO  server.RaftServerConfigKeys (ConfUtils.java:logGet(43)) - raft.server.log.statemachine.data.sync = true (default)
2019-10-15 13:43:23,828 [pool-383-thread-1] INFO  server.RaftServerConfigKeys (ConfUtils.java:logGet(43)) - raft.server.log.statemachine.data.sync.timeout = 10s (default)
2019-10-15 13:43:23,828 [pool-383-thread-1] INFO  server.RaftServerConfigKeys (ConfUtils.java:logGet(43)) - raft.server.log.statemachine.data.sync.timeout.retry = -1 (default)
2019-10-15 13:43:23,828 [pool-383-thread-1] INFO  server.RaftServerConfigKeys (ConfUtils.java:logGet(43)) - raft.server.log.statemachine.data.caching.enabled = true (custom)
2019-10-15 13:43:23,829 [pool-383-thread-1] INFO  segmented.SegmentedRaftLogWorker (SegmentedRaftLogWorker.java:lambda$new$0(128)) - 256707ac-3ceb-4b32-81e8-7d104914f2fa@group-CAC70F02CD52-SegmentedRaftLogWorker: flushIndex: setUnconditionally 0 -> -1
2019-10-15 13:43:23,829 [pool-383-thread-1] INFO  server.RaftServerConfigKeys (ConfUtils.java:logGet(43)) - raft.server.snapshot.auto.trigger.enabled = true (custom)
2019-10-15 13:43:23,829 [pool-383-thread-1] INFO  server.RaftServerConfigKeys (ConfUtils.java:logGet(43)) - raft.server.snapshot.auto.trigger.threshold = 10000 (custom)
2019-10-15 13:43:23,829 [pool-383-thread-1] INFO  server.RaftServerConfigKeys (ConfUtils.java:logGet(43)) - raft.server.snapshot.retention.file.num = 5 (custom)
2019-10-15 13:43:23,829 [pool-383-thread-1] INFO  server.RaftServerConfigKeys (ConfUtils.java:logGet(43)) - raft.server.retrycache.expirytime = 600000ms (custom)
2019-10-15 13:43:23,831 [pool-383-thread-1] INFO  impl.RaftServerImpl (RaftServerImpl.java:start(181)) - 256707ac-3ceb-4b32-81e8-7d104914f2fa@group-CAC70F02CD52: start as a follower, conf=-1: [256707ac-3ceb-4b32-81e8-7d104914f2fa:192.168.164.217:37413], old=null
2019-10-15 13:43:23,831 [pool-383-thread-1] INFO  impl.RaftServerImpl (RaftServerImpl.java:setRole(170)) - 256707ac-3ceb-4b32-81e8-7d104914f2fa@group-CAC70F02CD52: changes role from      null to FOLLOWER at term 0 for startAsFollower
2019-10-15 13:43:23,831 [pool-383-thread-1] INFO  impl.RoleInfo (RoleInfo.java:updateAndGet(143)) - 256707ac-3ceb-4b32-81e8-7d104914f2fa: start FollowerState
2019-10-15 13:43:23,832 [pool-383-thread-1] INFO  util.JmxRegister (JmxRegister.java:tryRegister(44)) - Successfully registered JMX Bean with object name Ratis:service=RaftServer,group=group-CAC70F02CD52,id=256707ac-3ceb-4b32-81e8-7d104914f2fa
2019-10-15 13:43:23,836 [RatisPipelineUtilsThread] INFO  pipeline.PipelineStateManager (PipelineStateManager.java:addPipeline(56)) - Created pipeline Pipeline[ Id: 7b210643-e7f1-406b-9a01-cac70f02cd52, Nodes: 256707ac-3ceb-4b32-81e8-7d104914f2fa{ip: 192.168.164.217, host: pr-hdds-1228-49bgw-825838123, networkLocation: /default-rack, certSerialId: null}, Type:RATIS, Factor:ONE, State:OPEN]
2019-10-15 13:43:23,836 [IPC Server handler 0 on 42855] INFO  net.NetworkTopology (NetworkTopologyImpl.java:add(111)) - Added a new node: /default-rack/62569dad-e525-41bd-b913-23cd09473a0c
2019-10-15 13:43:23,836 [IPC Server handler 0 on 42855] INFO  node.SCMNodeManager (SCMNodeManager.java:register(268)) - Registered Data node : 62569dad-e525-41bd-b913-23cd09473a0c{ip: 192.168.164.217, host: pr-hdds-1228-49bgw-825838123, networkLocation: /default-rack, certSerialId: null}
2019-10-15 13:43:23,845 [grpc-default-executor-8] INFO  impl.RaftServerProxy (RaftServerProxy.java:addNew(89)) - 62569dad-e525-41bd-b913-23cd09473a0c: addNew group-16F51036CEC6:[62569dad-e525-41bd-b913-23cd09473a0c:192.168.164.217:45244] returns group-16F51036CEC6:java.util.concurrent.CompletableFuture@fb6a91a[Not completed]
2019-10-15 13:43:23,846 [pool-393-thread-1] INFO  impl.RaftServerImpl (RaftServerImpl.java:<init>(95)) - 62569dad-e525-41bd-b913-23cd09473a0c: new RaftServerImpl for group-16F51036CEC6:[62569dad-e525-41bd-b913-23cd09473a0c:192.168.164.217:45244] with ContainerStateMachine:uninitialized
2019-10-15 13:43:23,846 [pool-393-thread-1] INFO  server.RaftServerConfigKeys (ConfUtils.java:logGet(43)) - raft.server.rpc.timeout.min = 5s (custom)
2019-10-15 13:43:23,846 [pool-393-thread-1] INFO  server.RaftServerConfigKeys (ConfUtils.java:logGet(43)) - raft.server.rpc.timeout.max = 5200ms (custom)
2019-10-15 13:43:23,847 [pool-393-thread-1] INFO  server.RaftServerConfigKeys (ConfUtils.java:logGet(43)) - raft.server.rpcslowness.timeout = 120s (custom)
2019-10-15 13:43:23,847 [pool-393-thread-1] INFO  server.RaftServerConfigKeys (ConfUtils.java:logGet(43)) - raft.server.sleep.deviation.threshold = 300 (default)
2019-10-15 13:43:23,847 [pool-393-thread-1] INFO  server.RaftServerConfigKeys (ConfUtils.java:logGet(43)) - raft.server.log.appender.install.snapshot.enabled = false (custom)
2019-10-15 13:43:23,847 [pool-393-thread-1] INFO  impl.RaftServerImpl (ServerState.java:<init>(103)) - 62569dad-e525-41bd-b913-23cd09473a0c@group-16F51036CEC6: ConfigurationManager, init=-1: [62569dad-e525-41bd-b913-23cd09473a0c:192.168.164.217:45244], old=null, confs=<EMPTY_MAP>
2019-10-15 13:43:23,847 [pool-393-thread-1] INFO  server.RaftServerConfigKeys (ConfUtils.java:logGet(43)) - raft.server.storage.dir = [/workdir/hadoop-ozone/integration-test/target/test-dir/MiniOzoneClusterImpl-1f29813a-1e19-43ce-b943-a1b495b6c863/datanode-1/data/ratis] (custom)
2019-10-15 13:43:23,848 [pool-393-thread-1] INFO  server.RaftServerConfigKeys (ConfUtils.java:logGet(43)) - raft.server.log.corruption.policy = EXCEPTION (default)
2019-10-15 13:43:23,848 [pool-393-thread-1] INFO  storage.RaftStorageDirectory (RaftStorageDirectory.java:analyzeStorage(246)) - The storage directory /workdir/hadoop-ozone/integration-test/target/test-dir/MiniOzoneClusterImpl-1f29813a-1e19-43ce-b943-a1b495b6c863/datanode-1/data/ratis/97a9bd2f-c5a4-47bf-a074-16f51036cec6 does not exist. Creating ...
2019-10-15 13:43:23,881 [pool-393-thread-1] INFO  storage.RaftStorageDirectory (RaftStorageDirectory.java:tryLock(328)) - Lock on /workdir/hadoop-ozone/integration-test/target/test-dir/MiniOzoneClusterImpl-1f29813a-1e19-43ce-b943-a1b495b6c863/datanode-1/data/ratis/97a9bd2f-c5a4-47bf-a074-16f51036cec6/in_use.lock acquired by nodename 1895@pr-hdds-1228-49bgw-825838123
2019-10-15 13:43:23,904 [pool-393-thread-1] INFO  storage.RaftStorage (RaftStorage.java:format(84)) - Storage directory /workdir/hadoop-ozone/integration-test/target/test-dir/MiniOzoneClusterImpl-1f29813a-1e19-43ce-b943-a1b495b6c863/datanode-1/data/ratis/97a9bd2f-c5a4-47bf-a074-16f51036cec6 has been successfully formatted.
2019-10-15 13:43:23,904 [pool-393-thread-1] INFO  ratis.ContainerStateMachine (ContainerStateMachine.java:loadSnapshot(231)) - group-16F51036CEC6: The snapshot info is null. Setting the last applied indexto:(t:0, i:~)
2019-10-15 13:43:23,904 [pool-393-thread-1] INFO  server.RaftServerConfigKeys (ConfUtils.java:logGet(43)) - raft.server.notification.no-leader.timeout = 120s (custom)
2019-10-15 13:43:23,904 [IPC Server handler 1 on 42855] INFO  net.NetworkTopology (NetworkTopologyImpl.java:add(111)) - Added a new node: /default-rack/510a44e3-2647-4c66-97a5-22a2effdae26
2019-10-15 13:43:23,904 [pool-393-thread-1] INFO  server.RaftServerConfigKeys (ConfUtils.java:logGet(43)) - raft.server.log.use.memory = false (default)
2019-10-15 13:43:23,905 [IPC Server handler 1 on 42855] INFO  node.SCMNodeManager (SCMNodeManager.java:register(268)) - Registered Data node : 510a44e3-2647-4c66-97a5-22a2effdae26{ip: 192.168.164.217, host: pr-hdds-1228-49bgw-825838123, networkLocation: /default-rack, certSerialId: null}
2019-10-15 13:43:23,905 [pool-393-thread-1] INFO  server.RaftServerConfigKeys (ConfUtils.java:logGet(43)) - raft.server.log.purge.gap = 1000000 (custom)
2019-10-15 13:43:23,905 [pool-393-thread-1] INFO  server.RaftServerConfigKeys (ConfUtils.java:logGet(43)) - raft.server.log.appender.buffer.byte-limit = 33554432 (custom)
2019-10-15 13:43:23,905 [pool-393-thread-1] INFO  server.RaftServerConfigKeys (ConfUtils.java:logGet(43)) - raft.server.log.segment.size.max = 1048576 (custom)
2019-10-15 13:43:23,907 [pool-393-thread-1] INFO  server.RaftServerConfigKeys (ConfUtils.java:logGet(43)) - raft.server.log.segment.cache.num.max = 2 (custom)
2019-10-15 13:43:23,907 [pool-393-thread-1] INFO  segmented.SegmentedRaftLogWorker (SegmentedRaftLogWorker.java:<init>(173)) - new 62569dad-e525-41bd-b913-23cd09473a0c@group-16F51036CEC6-SegmentedRaftLogWorker for RaftStorage:Storage Directory /workdir/hadoop-ozone/integration-test/target/test-dir/MiniOzoneClusterImpl-1f29813a-1e19-43ce-b943-a1b495b6c863/datanode-1/data/ratis/97a9bd2f-c5a4-47bf-a074-16f51036cec6
2019-10-15 13:43:23,907 [pool-393-thread-1] INFO  server.RaftServerConfigKeys (ConfUtils.java:logGet(43)) - raft.server.log.queue.byte-limit = 2147483647 (custom)
2019-10-15 13:43:23,908 [pool-393-thread-1] INFO  server.RaftServerConfigKeys (ConfUtils.java:logGet(43)) - raft.server.log.queue.element-limit = 1024 (custom)
2019-10-15 13:43:23,908 [pool-393-thread-1] INFO  server.RaftServerConfigKeys (ConfUtils.java:logGet(43)) - raft.server.log.segment.size.max = 1048576 (custom)
2019-10-15 13:43:23,908 [pool-393-thread-1] INFO  server.RaftServerConfigKeys (ConfUtils.java:logGet(43)) - raft.server.log.preallocated.size = 16384 (custom)
2019-10-15 13:43:23,908 [pool-393-thread-1] INFO  server.RaftServerConfigKeys (ConfUtils.java:logGet(43)) - raft.server.log.write.buffer.size = 33554432 (custom)
2019-10-15 13:43:23,908 [pool-393-thread-1] INFO  server.RaftServerConfigKeys (ConfUtils.java:logGet(43)) - raft.server.log.force.sync.num = 128 (default)
2019-10-15 13:43:23,908 [pool-393-thread-1] INFO  server.RaftServerConfigKeys (ConfUtils.java:logGet(43)) - raft.server.log.statemachine.data.sync = true (default)
2019-10-15 13:43:23,908 [pool-393-thread-1] INFO  server.RaftServerConfigKeys (ConfUtils.java:logGet(43)) - raft.server.log.statemachine.data.sync.timeout = 10s (default)
2019-10-15 13:43:23,908 [pool-393-thread-1] INFO  server.RaftServerConfigKeys (ConfUtils.java:logGet(43)) - raft.server.log.statemachine.data.sync.timeout.retry = -1 (default)
2019-10-15 13:43:23,909 [pool-393-thread-1] INFO  server.RaftServerConfigKeys (ConfUtils.java:logGet(43)) - raft.server.log.statemachine.data.caching.enabled = true (custom)
2019-10-15 13:43:23,909 [pool-393-thread-1] INFO  segmented.SegmentedRaftLogWorker (SegmentedRaftLogWorker.java:lambda$new$0(128)) - 62569dad-e525-41bd-b913-23cd09473a0c@group-16F51036CEC6-SegmentedRaftLogWorker: flushIndex: setUnconditionally 0 -> -1
2019-10-15 13:43:23,909 [pool-393-thread-1] INFO  server.RaftServerConfigKeys (ConfUtils.java:logGet(43)) - raft.server.snapshot.auto.trigger.enabled = true (custom)
2019-10-15 13:43:23,910 [pool-393-thread-1] INFO  server.RaftServerConfigKeys (ConfUtils.java:logGet(43)) - raft.server.snapshot.auto.trigger.threshold = 10000 (custom)
2019-10-15 13:43:23,910 [pool-393-thread-1] INFO  server.RaftServerConfigKeys (ConfUtils.java:logGet(43)) - raft.server.snapshot.retention.file.num = 5 (custom)
2019-10-15 13:43:23,910 [pool-393-thread-1] INFO  server.RaftServerConfigKeys (ConfUtils.java:logGet(43)) - raft.server.retrycache.expirytime = 600000ms (custom)
2019-10-15 13:43:23,911 [pool-393-thread-1] INFO  impl.RaftServerImpl (RaftServerImpl.java:start(181)) - 62569dad-e525-41bd-b913-23cd09473a0c@group-16F51036CEC6: start as a follower, conf=-1: [62569dad-e525-41bd-b913-23cd09473a0c:192.168.164.217:45244], old=null
2019-10-15 13:43:23,911 [pool-393-thread-1] INFO  impl.RaftServerImpl (RaftServerImpl.java:setRole(170)) - 62569dad-e525-41bd-b913-23cd09473a0c@group-16F51036CEC6: changes role from      null to FOLLOWER at term 0 for startAsFollower
2019-10-15 13:43:23,912 [pool-393-thread-1] INFO  impl.RoleInfo (RoleInfo.java:updateAndGet(143)) - 62569dad-e525-41bd-b913-23cd09473a0c: start FollowerState
2019-10-15 13:43:23,912 [pool-393-thread-1] INFO  util.JmxRegister (JmxRegister.java:tryRegister(44)) - Successfully registered JMX Bean with object name Ratis:service=RaftServer,group=group-16F51036CEC6,id=62569dad-e525-41bd-b913-23cd09473a0c
2019-10-15 13:43:23,916 [RatisPipelineUtilsThread] INFO  pipeline.PipelineStateManager (PipelineStateManager.java:addPipeline(56)) - Created pipeline Pipeline[ Id: 97a9bd2f-c5a4-47bf-a074-16f51036cec6, Nodes: 62569dad-e525-41bd-b913-23cd09473a0c{ip: 192.168.164.217, host: pr-hdds-1228-49bgw-825838123, networkLocation: /default-rack, certSerialId: null}, Type:RATIS, Factor:ONE, State:OPEN]
2019-10-15 13:43:23,926 [grpc-default-executor-8] INFO  impl.RaftServerProxy (RaftServerProxy.java:addNew(89)) - 510a44e3-2647-4c66-97a5-22a2effdae26: addNew group-CDAC92ACE44B:[510a44e3-2647-4c66-97a5-22a2effdae26:192.168.164.217:39085] returns group-CDAC92ACE44B:java.util.concurrent.CompletableFuture@70b910cb[Not completed]
2019-10-15 13:43:23,929 [pool-403-thread-1] INFO  impl.RaftServerImpl (RaftServerImpl.java:<init>(95)) - 510a44e3-2647-4c66-97a5-22a2effdae26: new RaftServerImpl for group-CDAC92ACE44B:[510a44e3-2647-4c66-97a5-22a2effdae26:192.168.164.217:39085] with ContainerStateMachine:uninitialized
2019-10-15 13:43:23,929 [pool-403-thread-1] INFO  server.RaftServerConfigKeys (ConfUtils.java:logGet(43)) - raft.server.rpc.timeout.min = 5s (custom)
2019-10-15 13:43:23,930 [pool-403-thread-1] INFO  server.RaftServerConfigKeys (ConfUtils.java:logGet(43)) - raft.server.rpc.timeout.max = 5200ms (custom)
2019-10-15 13:43:23,930 [pool-403-thread-1] INFO  server.RaftServerConfigKeys (ConfUtils.java:logGet(43)) - raft.server.rpcslowness.timeout = 120s (custom)
2019-10-15 13:43:23,930 [pool-403-thread-1] INFO  server.RaftServerConfigKeys (ConfUtils.java:logGet(43)) - raft.server.sleep.deviation.threshold = 300 (default)
2019-10-15 13:43:23,930 [pool-403-thread-1] INFO  server.RaftServerConfigKeys (ConfUtils.java:logGet(43)) - raft.server.log.appender.install.snapshot.enabled = false (custom)
2019-10-15 13:43:23,930 [pool-403-thread-1] INFO  impl.RaftServerImpl (ServerState.java:<init>(103)) - 510a44e3-2647-4c66-97a5-22a2effdae26@group-CDAC92ACE44B: ConfigurationManager, init=-1: [510a44e3-2647-4c66-97a5-22a2effdae26:192.168.164.217:39085], old=null, confs=<EMPTY_MAP>
2019-10-15 13:43:23,931 [pool-403-thread-1] INFO  server.RaftServerConfigKeys (ConfUtils.java:logGet(43)) - raft.server.storage.dir = [/workdir/hadoop-ozone/integration-test/target/test-dir/MiniOzoneClusterImpl-1f29813a-1e19-43ce-b943-a1b495b6c863/datanode-2/data/ratis] (custom)
2019-10-15 13:43:23,931 [pool-403-thread-1] INFO  server.RaftServerConfigKeys (ConfUtils.java:logGet(43)) - raft.server.log.corruption.policy = EXCEPTION (default)
2019-10-15 13:43:23,932 [pool-403-thread-1] INFO  storage.RaftStorageDirectory (RaftStorageDirectory.java:analyzeStorage(246)) - The storage directory /workdir/hadoop-ozone/integration-test/target/test-dir/MiniOzoneClusterImpl-1f29813a-1e19-43ce-b943-a1b495b6c863/datanode-2/data/ratis/ebaf407b-3a3c-4aa1-9bd7-cdac92ace44b does not exist. Creating ...
2019-10-15 13:43:23,948 [pool-403-thread-1] INFO  storage.RaftStorageDirectory (RaftStorageDirectory.java:tryLock(328)) - Lock on /workdir/hadoop-ozone/integration-test/target/test-dir/MiniOzoneClusterImpl-1f29813a-1e19-43ce-b943-a1b495b6c863/datanode-2/data/ratis/ebaf407b-3a3c-4aa1-9bd7-cdac92ace44b/in_use.lock acquired by nodename 1895@pr-hdds-1228-49bgw-825838123
2019-10-15 13:43:23,972 [pool-403-thread-1] INFO  storage.RaftStorage (RaftStorage.java:format(84)) - Storage directory /workdir/hadoop-ozone/integration-test/target/test-dir/MiniOzoneClusterImpl-1f29813a-1e19-43ce-b943-a1b495b6c863/datanode-2/data/ratis/ebaf407b-3a3c-4aa1-9bd7-cdac92ace44b has been successfully formatted.
2019-10-15 13:43:23,972 [pool-403-thread-1] INFO  ratis.ContainerStateMachine (ContainerStateMachine.java:loadSnapshot(231)) - group-CDAC92ACE44B: The snapshot info is null. Setting the last applied indexto:(t:0, i:~)
2019-10-15 13:43:23,973 [pool-403-thread-1] INFO  server.RaftServerConfigKeys (ConfUtils.java:logGet(43)) - raft.server.notification.no-leader.timeout = 120s (custom)
2019-10-15 13:43:23,973 [pool-403-thread-1] INFO  server.RaftServerConfigKeys (ConfUtils.java:logGet(43)) - raft.server.log.use.memory = false (default)
2019-10-15 13:43:23,973 [pool-403-thread-1] INFO  server.RaftServerConfigKeys (ConfUtils.java:logGet(43)) - raft.server.log.purge.gap = 1000000 (custom)
2019-10-15 13:43:23,973 [pool-403-thread-1] INFO  server.RaftServerConfigKeys (ConfUtils.java:logGet(43)) - raft.server.log.appender.buffer.byte-limit = 33554432 (custom)
2019-10-15 13:43:23,973 [pool-403-thread-1] INFO  server.RaftServerConfigKeys (ConfUtils.java:logGet(43)) - raft.server.log.segment.size.max = 1048576 (custom)
2019-10-15 13:43:23,975 [pool-403-thread-1] INFO  server.RaftServerConfigKeys (ConfUtils.java:logGet(43)) - raft.server.log.segment.cache.num.max = 2 (custom)
2019-10-15 13:43:23,975 [pool-403-thread-1] INFO  segmented.SegmentedRaftLogWorker (SegmentedRaftLogWorker.java:<init>(173)) - new 510a44e3-2647-4c66-97a5-22a2effdae26@group-CDAC92ACE44B-SegmentedRaftLogWorker for RaftStorage:Storage Directory /workdir/hadoop-ozone/integration-test/target/test-dir/MiniOzoneClusterImpl-1f29813a-1e19-43ce-b943-a1b495b6c863/datanode-2/data/ratis/ebaf407b-3a3c-4aa1-9bd7-cdac92ace44b
2019-10-15 13:43:23,975 [pool-403-thread-1] INFO  server.RaftServerConfigKeys (ConfUtils.java:logGet(43)) - raft.server.log.queue.byte-limit = 2147483647 (custom)
2019-10-15 13:43:23,976 [pool-403-thread-1] INFO  server.RaftServerConfigKeys (ConfUtils.java:logGet(43)) - raft.server.log.queue.element-limit = 1024 (custom)
2019-10-15 13:43:23,976 [pool-403-thread-1] INFO  server.RaftServerConfigKeys (ConfUtils.java:logGet(43)) - raft.server.log.segment.size.max = 1048576 (custom)
2019-10-15 13:43:23,976 [pool-403-thread-1] INFO  server.RaftServerConfigKeys (ConfUtils.java:logGet(43)) - raft.server.log.preallocated.size = 16384 (custom)
2019-10-15 13:43:23,976 [pool-403-thread-1] INFO  server.RaftServerConfigKeys (ConfUtils.java:logGet(43)) - raft.server.log.write.buffer.size = 33554432 (custom)
2019-10-15 13:43:23,976 [pool-403-thread-1] INFO  server.RaftServerConfigKeys (ConfUtils.java:logGet(43)) - raft.server.log.force.sync.num = 128 (default)
2019-10-15 13:43:23,976 [pool-403-thread-1] INFO  server.RaftServerConfigKeys (ConfUtils.java:logGet(43)) - raft.server.log.statemachine.data.sync = true (default)
2019-10-15 13:43:23,976 [pool-403-thread-1] INFO  server.RaftServerConfigKeys (ConfUtils.java:logGet(43)) - raft.server.log.statemachine.data.sync.timeout = 10s (default)
2019-10-15 13:43:23,976 [pool-403-thread-1] INFO  server.RaftServerConfigKeys (ConfUtils.java:logGet(43)) - raft.server.log.statemachine.data.sync.timeout.retry = -1 (default)
2019-10-15 13:43:23,977 [pool-403-thread-1] INFO  server.RaftServerConfigKeys (ConfUtils.java:logGet(43)) - raft.server.log.statemachine.data.caching.enabled = true (custom)
2019-10-15 13:43:23,977 [pool-403-thread-1] INFO  segmented.SegmentedRaftLogWorker (SegmentedRaftLogWorker.java:lambda$new$0(128)) - 510a44e3-2647-4c66-97a5-22a2effdae26@group-CDAC92ACE44B-SegmentedRaftLogWorker: flushIndex: setUnconditionally 0 -> -1
2019-10-15 13:43:23,977 [pool-403-thread-1] INFO  server.RaftServerConfigKeys (ConfUtils.java:logGet(43)) - raft.server.snapshot.auto.trigger.enabled = true (custom)
2019-10-15 13:43:23,978 [pool-403-thread-1] INFO  server.RaftServerConfigKeys (ConfUtils.java:logGet(43)) - raft.server.snapshot.auto.trigger.threshold = 10000 (custom)
2019-10-15 13:43:23,978 [pool-403-thread-1] INFO  server.RaftServerConfigKeys (ConfUtils.java:logGet(43)) - raft.server.snapshot.retention.file.num = 5 (custom)
2019-10-15 13:43:23,978 [pool-403-thread-1] INFO  server.RaftServerConfigKeys (ConfUtils.java:logGet(43)) - raft.server.retrycache.expirytime = 600000ms (custom)
2019-10-15 13:43:23,980 [pool-403-thread-1] INFO  impl.RaftServerImpl (RaftServerImpl.java:start(181)) - 510a44e3-2647-4c66-97a5-22a2effdae26@group-CDAC92ACE44B: start as a follower, conf=-1: [510a44e3-2647-4c66-97a5-22a2effdae26:192.168.164.217:39085], old=null
2019-10-15 13:43:23,980 [pool-403-thread-1] INFO  impl.RaftServerImpl (RaftServerImpl.java:setRole(170)) - 510a44e3-2647-4c66-97a5-22a2effdae26@group-CDAC92ACE44B: changes role from      null to FOLLOWER at term 0 for startAsFollower
2019-10-15 13:43:23,980 [pool-403-thread-1] INFO  impl.RoleInfo (RoleInfo.java:updateAndGet(143)) - 510a44e3-2647-4c66-97a5-22a2effdae26: start FollowerState
2019-10-15 13:43:23,980 [pool-403-thread-1] INFO  util.JmxRegister (JmxRegister.java:tryRegister(44)) - Successfully registered JMX Bean with object name Ratis:service=RaftServer,group=group-CDAC92ACE44B,id=510a44e3-2647-4c66-97a5-22a2effdae26
2019-10-15 13:43:23,984 [RatisPipelineUtilsThread] INFO  pipeline.PipelineStateManager (PipelineStateManager.java:addPipeline(56)) - Created pipeline Pipeline[ Id: ebaf407b-3a3c-4aa1-9bd7-cdac92ace44b, Nodes: 510a44e3-2647-4c66-97a5-22a2effdae26{ip: 192.168.164.217, host: pr-hdds-1228-49bgw-825838123, networkLocation: /default-rack, certSerialId: null}, Type:RATIS, Factor:ONE, State:OPEN]
2019-10-15 13:43:23,996 [grpc-default-executor-10] INFO  impl.RaftServerProxy (RaftServerProxy.java:addNew(89)) - 510a44e3-2647-4c66-97a5-22a2effdae26: addNew group-D24FEA9366DD:[62569dad-e525-41bd-b913-23cd09473a0c:192.168.164.217:45244, 256707ac-3ceb-4b32-81e8-7d104914f2fa:192.168.164.217:37413, 510a44e3-2647-4c66-97a5-22a2effdae26:192.168.164.217:39085] returns group-D24FEA9366DD:java.util.concurrent.CompletableFuture@54c4681c[Not completed]
2019-10-15 13:43:23,996 [grpc-default-executor-4] INFO  impl.RaftServerProxy (RaftServerProxy.java:addNew(89)) - 62569dad-e525-41bd-b913-23cd09473a0c: addNew group-D24FEA9366DD:[62569dad-e525-41bd-b913-23cd09473a0c:192.168.164.217:45244, 256707ac-3ceb-4b32-81e8-7d104914f2fa:192.168.164.217:37413, 510a44e3-2647-4c66-97a5-22a2effdae26:192.168.164.217:39085] returns group-D24FEA9366DD:java.util.concurrent.CompletableFuture@61042496[Not completed]
2019-10-15 13:43:23,996 [grpc-default-executor-10] INFO  impl.RaftServerProxy (RaftServerProxy.java:addNew(89)) - 256707ac-3ceb-4b32-81e8-7d104914f2fa: addNew group-D24FEA9366DD:[62569dad-e525-41bd-b913-23cd09473a0c:192.168.164.217:45244, 256707ac-3ceb-4b32-81e8-7d104914f2fa:192.168.164.217:37413, 510a44e3-2647-4c66-97a5-22a2effdae26:192.168.164.217:39085] returns group-D24FEA9366DD:java.util.concurrent.CompletableFuture@4f3729ca[Not completed]
2019-10-15 13:43:23,997 [pool-393-thread-1] INFO  impl.RaftServerImpl (RaftServerImpl.java:<init>(95)) - 62569dad-e525-41bd-b913-23cd09473a0c: new RaftServerImpl for group-D24FEA9366DD:[62569dad-e525-41bd-b913-23cd09473a0c:192.168.164.217:45244, 256707ac-3ceb-4b32-81e8-7d104914f2fa:192.168.164.217:37413, 510a44e3-2647-4c66-97a5-22a2effdae26:192.168.164.217:39085] with ContainerStateMachine:uninitialized
2019-10-15 13:43:23,997 [pool-393-thread-1] INFO  server.RaftServerConfigKeys (ConfUtils.java:logGet(43)) - raft.server.rpc.timeout.min = 5s (custom)
2019-10-15 13:43:23,997 [pool-393-thread-1] INFO  server.RaftServerConfigKeys (ConfUtils.java:logGet(43)) - raft.server.rpc.timeout.max = 5200ms (custom)
2019-10-15 13:43:23,997 [pool-393-thread-1] INFO  server.RaftServerConfigKeys (ConfUtils.java:logGet(43)) - raft.server.rpcslowness.timeout = 120s (custom)
2019-10-15 13:43:23,997 [pool-393-thread-1] INFO  server.RaftServerConfigKeys (ConfUtils.java:logGet(43)) - raft.server.sleep.deviation.threshold = 300 (default)
2019-10-15 13:43:23,997 [pool-393-thread-1] INFO  server.RaftServerConfigKeys (ConfUtils.java:logGet(43)) - raft.server.log.appender.install.snapshot.enabled = false (custom)
2019-10-15 13:43:23,998 [pool-393-thread-1] INFO  impl.RaftServerImpl (ServerState.java:<init>(103)) - 62569dad-e525-41bd-b913-23cd09473a0c@group-D24FEA9366DD: ConfigurationManager, init=-1: [62569dad-e525-41bd-b913-23cd09473a0c:192.168.164.217:45244, 256707ac-3ceb-4b32-81e8-7d104914f2fa:192.168.164.217:37413, 510a44e3-2647-4c66-97a5-22a2effdae26:192.168.164.217:39085], old=null, confs=<EMPTY_MAP>
2019-10-15 13:43:23,998 [pool-393-thread-1] INFO  server.RaftServerConfigKeys (ConfUtils.java:logGet(43)) - raft.server.storage.dir = [/workdir/hadoop-ozone/integration-test/target/test-dir/MiniOzoneClusterImpl-1f29813a-1e19-43ce-b943-a1b495b6c863/datanode-1/data/ratis] (custom)
2019-10-15 13:43:23,998 [pool-383-thread-1] INFO  impl.RaftServerImpl (RaftServerImpl.java:<init>(95)) - 256707ac-3ceb-4b32-81e8-7d104914f2fa: new RaftServerImpl for group-D24FEA9366DD:[62569dad-e525-41bd-b913-23cd09473a0c:192.168.164.217:45244, 256707ac-3ceb-4b32-81e8-7d104914f2fa:192.168.164.217:37413, 510a44e3-2647-4c66-97a5-22a2effdae26:192.168.164.217:39085] with ContainerStateMachine:uninitialized
2019-10-15 13:43:23,998 [pool-393-thread-1] INFO  server.RaftServerConfigKeys (ConfUtils.java:logGet(43)) - raft.server.log.corruption.policy = EXCEPTION (default)
2019-10-15 13:43:23,998 [pool-383-thread-1] INFO  server.RaftServerConfigKeys (ConfUtils.java:logGet(43)) - raft.server.rpc.timeout.min = 5s (custom)
2019-10-15 13:43:23,998 [pool-393-thread-1] INFO  storage.RaftStorageDirectory (RaftStorageDirectory.java:analyzeStorage(246)) - The storage directory /workdir/hadoop-ozone/integration-test/target/test-dir/MiniOzoneClusterImpl-1f29813a-1e19-43ce-b943-a1b495b6c863/datanode-1/data/ratis/a5d6c710-4425-4d1e-a0ff-d24fea9366dd does not exist. Creating ...
2019-10-15 13:43:23,998 [pool-403-thread-1] INFO  impl.RaftServerImpl (RaftServerImpl.java:<init>(95)) - 510a44e3-2647-4c66-97a5-22a2effdae26: new RaftServerImpl for group-D24FEA9366DD:[62569dad-e525-41bd-b913-23cd09473a0c:192.168.164.217:45244, 256707ac-3ceb-4b32-81e8-7d104914f2fa:192.168.164.217:37413, 510a44e3-2647-4c66-97a5-22a2effdae26:192.168.164.217:39085] with ContainerStateMachine:uninitialized
2019-10-15 13:43:23,998 [pool-383-thread-1] INFO  server.RaftServerConfigKeys (ConfUtils.java:logGet(43)) - raft.server.rpc.timeout.max = 5200ms (custom)
2019-10-15 13:43:23,998 [pool-403-thread-1] INFO  server.RaftServerConfigKeys (ConfUtils.java:logGet(43)) - raft.server.rpc.timeout.min = 5s (custom)
2019-10-15 13:43:23,999 [pool-383-thread-1] INFO  server.RaftServerConfigKeys (ConfUtils.java:logGet(43)) - raft.server.rpcslowness.timeout = 120s (custom)
2019-10-15 13:43:23,999 [pool-403-thread-1] INFO  server.RaftServerConfigKeys (ConfUtils.java:logGet(43)) - raft.server.rpc.timeout.max = 5200ms (custom)
2019-10-15 13:43:23,999 [pool-383-thread-1] INFO  server.RaftServerConfigKeys (ConfUtils.java:logGet(43)) - raft.server.sleep.deviation.threshold = 300 (default)
2019-10-15 13:43:23,999 [pool-403-thread-1] INFO  server.RaftServerConfigKeys (ConfUtils.java:logGet(43)) - raft.server.rpcslowness.timeout = 120s (custom)
2019-10-15 13:43:23,999 [pool-383-thread-1] INFO  server.RaftServerConfigKeys (ConfUtils.java:logGet(43)) - raft.server.log.appender.install.snapshot.enabled = false (custom)
2019-10-15 13:43:23,999 [pool-403-thread-1] INFO  server.RaftServerConfigKeys (ConfUtils.java:logGet(43)) - raft.server.sleep.deviation.threshold = 300 (default)
2019-10-15 13:43:23,999 [pool-383-thread-1] INFO  impl.RaftServerImpl (ServerState.java:<init>(103)) - 256707ac-3ceb-4b32-81e8-7d104914f2fa@group-D24FEA9366DD: ConfigurationManager, init=-1: [62569dad-e525-41bd-b913-23cd09473a0c:192.168.164.217:45244, 256707ac-3ceb-4b32-81e8-7d104914f2fa:192.168.164.217:37413, 510a44e3-2647-4c66-97a5-22a2effdae26:192.168.164.217:39085], old=null, confs=<EMPTY_MAP>
2019-10-15 13:43:23,999 [pool-403-thread-1] INFO  server.RaftServerConfigKeys (ConfUtils.java:logGet(43)) - raft.server.log.appender.install.snapshot.enabled = false (custom)
2019-10-15 13:43:24,000 [pool-383-thread-1] INFO  server.RaftServerConfigKeys (ConfUtils.java:logGet(43)) - raft.server.storage.dir = [/workdir/hadoop-ozone/integration-test/target/test-dir/MiniOzoneClusterImpl-1f29813a-1e19-43ce-b943-a1b495b6c863/datanode-0/data/ratis] (custom)
2019-10-15 13:43:24,000 [pool-403-thread-1] INFO  impl.RaftServerImpl (ServerState.java:<init>(103)) - 510a44e3-2647-4c66-97a5-22a2effdae26@group-D24FEA9366DD: ConfigurationManager, init=-1: [62569dad-e525-41bd-b913-23cd09473a0c:192.168.164.217:45244, 256707ac-3ceb-4b32-81e8-7d104914f2fa:192.168.164.217:37413, 510a44e3-2647-4c66-97a5-22a2effdae26:192.168.164.217:39085], old=null, confs=<EMPTY_MAP>
2019-10-15 13:43:24,000 [pool-383-thread-1] INFO  server.RaftServerConfigKeys (ConfUtils.java:logGet(43)) - raft.server.log.corruption.policy = EXCEPTION (default)
2019-10-15 13:43:24,000 [pool-403-thread-1] INFO  server.RaftServerConfigKeys (ConfUtils.java:logGet(43)) - raft.server.storage.dir = [/workdir/hadoop-ozone/integration-test/target/test-dir/MiniOzoneClusterImpl-1f29813a-1e19-43ce-b943-a1b495b6c863/datanode-2/data/ratis] (custom)
2019-10-15 13:43:24,000 [pool-383-thread-1] INFO  storage.RaftStorageDirectory (RaftStorageDirectory.java:analyzeStorage(246)) - The storage directory /workdir/hadoop-ozone/integration-test/target/test-dir/MiniOzoneClusterImpl-1f29813a-1e19-43ce-b943-a1b495b6c863/datanode-0/data/ratis/a5d6c710-4425-4d1e-a0ff-d24fea9366dd does not exist. Creating ...
2019-10-15 13:43:24,000 [IPC Server handler 3 on 42855] INFO  net.NetworkTopology (NetworkTopologyImpl.java:add(111)) - Added a new node: /default-rack/ab6820c9-6f85-4050-a44b-975c9b561d1e
2019-10-15 13:43:24,000 [pool-403-thread-1] INFO  server.RaftServerConfigKeys (ConfUtils.java:logGet(43)) - raft.server.log.corruption.policy = EXCEPTION (default)
2019-10-15 13:43:24,001 [IPC Server handler 3 on 42855] INFO  node.SCMNodeManager (SCMNodeManager.java:register(268)) - Registered Data node : ab6820c9-6f85-4050-a44b-975c9b561d1e{ip: 192.168.164.217, host: pr-hdds-1228-49bgw-825838123, networkLocation: /default-rack, certSerialId: null}
2019-10-15 13:43:24,001 [pool-403-thread-1] INFO  storage.RaftStorageDirectory (RaftStorageDirectory.java:analyzeStorage(246)) - The storage directory /workdir/hadoop-ozone/integration-test/target/test-dir/MiniOzoneClusterImpl-1f29813a-1e19-43ce-b943-a1b495b6c863/datanode-2/data/ratis/a5d6c710-4425-4d1e-a0ff-d24fea9366dd does not exist. Creating ...
2019-10-15 13:43:24,022 [pool-393-thread-1] INFO  storage.RaftStorageDirectory (RaftStorageDirectory.java:tryLock(328)) - Lock on /workdir/hadoop-ozone/integration-test/target/test-dir/MiniOzoneClusterImpl-1f29813a-1e19-43ce-b943-a1b495b6c863/datanode-1/data/ratis/a5d6c710-4425-4d1e-a0ff-d24fea9366dd/in_use.lock acquired by nodename 1895@pr-hdds-1228-49bgw-825838123
2019-10-15 13:43:24,022 [pool-383-thread-1] INFO  storage.RaftStorageDirectory (RaftStorageDirectory.java:tryLock(328)) - Lock on /workdir/hadoop-ozone/integration-test/target/test-dir/MiniOzoneClusterImpl-1f29813a-1e19-43ce-b943-a1b495b6c863/datanode-0/data/ratis/a5d6c710-4425-4d1e-a0ff-d24fea9366dd/in_use.lock acquired by nodename 1895@pr-hdds-1228-49bgw-825838123
2019-10-15 13:43:24,022 [pool-403-thread-1] INFO  storage.RaftStorageDirectory (RaftStorageDirectory.java:tryLock(328)) - Lock on /workdir/hadoop-ozone/integration-test/target/test-dir/MiniOzoneClusterImpl-1f29813a-1e19-43ce-b943-a1b495b6c863/datanode-2/data/ratis/a5d6c710-4425-4d1e-a0ff-d24fea9366dd/in_use.lock acquired by nodename 1895@pr-hdds-1228-49bgw-825838123
2019-10-15 13:43:24,045 [pool-393-thread-1] INFO  storage.RaftStorage (RaftStorage.java:format(84)) - Storage directory /workdir/hadoop-ozone/integration-test/target/test-dir/MiniOzoneClusterImpl-1f29813a-1e19-43ce-b943-a1b495b6c863/datanode-1/data/ratis/a5d6c710-4425-4d1e-a0ff-d24fea9366dd has been successfully formatted.
2019-10-15 13:43:24,045 [pool-383-thread-1] INFO  storage.RaftStorage (RaftStorage.java:format(84)) - Storage directory /workdir/hadoop-ozone/integration-test/target/test-dir/MiniOzoneClusterImpl-1f29813a-1e19-43ce-b943-a1b495b6c863/datanode-0/data/ratis/a5d6c710-4425-4d1e-a0ff-d24fea9366dd has been successfully formatted.
2019-10-15 13:43:24,045 [pool-403-thread-1] INFO  storage.RaftStorage (RaftStorage.java:format(84)) - Storage directory /workdir/hadoop-ozone/integration-test/target/test-dir/MiniOzoneClusterImpl-1f29813a-1e19-43ce-b943-a1b495b6c863/datanode-2/data/ratis/a5d6c710-4425-4d1e-a0ff-d24fea9366dd has been successfully formatted.
2019-10-15 13:43:24,045 [pool-393-thread-1] INFO  ratis.ContainerStateMachine (ContainerStateMachine.java:loadSnapshot(231)) - group-D24FEA9366DD: The snapshot info is null. Setting the last applied indexto:(t:0, i:~)
2019-10-15 13:43:24,045 [pool-383-thread-1] INFO  ratis.ContainerStateMachine (ContainerStateMachine.java:loadSnapshot(231)) - group-D24FEA9366DD: The snapshot info is null. Setting the last applied indexto:(t:0, i:~)
2019-10-15 13:43:24,045 [pool-403-thread-1] INFO  ratis.ContainerStateMachine (ContainerStateMachine.java:loadSnapshot(231)) - group-D24FEA9366DD: The snapshot info is null. Setting the last applied indexto:(t:0, i:~)
2019-10-15 13:43:24,046 [pool-383-thread-1] INFO  server.RaftServerConfigKeys (ConfUtils.java:logGet(43)) - raft.server.notification.no-leader.timeout = 120s (custom)
2019-10-15 13:43:24,045 [pool-393-thread-1] INFO  server.RaftServerConfigKeys (ConfUtils.java:logGet(43)) - raft.server.notification.no-leader.timeout = 120s (custom)
2019-10-15 13:43:24,046 [pool-383-thread-1] INFO  server.RaftServerConfigKeys (ConfUtils.java:logGet(43)) - raft.server.log.use.memory = false (default)
2019-10-15 13:43:24,046 [pool-403-thread-1] INFO  server.RaftServerConfigKeys (ConfUtils.java:logGet(43)) - raft.server.notification.no-leader.timeout = 120s (custom)
2019-10-15 13:43:24,046 [pool-383-thread-1] INFO  server.RaftServerConfigKeys (ConfUtils.java:logGet(43)) - raft.server.log.purge.gap = 1000000 (custom)
2019-10-15 13:43:24,046 [pool-393-thread-1] INFO  server.RaftServerConfigKeys (ConfUtils.java:logGet(43)) - raft.server.log.use.memory = false (default)
2019-10-15 13:43:24,046 [pool-383-thread-1] INFO  server.RaftServerConfigKeys (ConfUtils.java:logGet(43)) - raft.server.log.appender.buffer.byte-limit = 33554432 (custom)
2019-10-15 13:43:24,046 [pool-403-thread-1] INFO  server.RaftServerConfigKeys (ConfUtils.java:logGet(43)) - raft.server.log.use.memory = false (default)
2019-10-15 13:43:24,047 [pool-383-thread-1] INFO  server.RaftServerConfigKeys (ConfUtils.java:logGet(43)) - raft.server.log.segment.size.max = 1048576 (custom)
2019-10-15 13:43:24,047 [pool-393-thread-1] INFO  server.RaftServerConfigKeys (ConfUtils.java:logGet(43)) - raft.server.log.purge.gap = 1000000 (custom)
2019-10-15 13:43:24,047 [pool-383-thread-1] INFO  server.RaftServerConfigKeys (ConfUtils.java:logGet(43)) - raft.server.log.segment.cache.num.max = 2 (custom)
2019-10-15 13:43:24,047 [pool-403-thread-1] INFO  server.RaftServerConfigKeys (ConfUtils.java:logGet(43)) - raft.server.log.purge.gap = 1000000 (custom)
2019-10-15 13:43:24,047 [pool-383-thread-1] INFO  segmented.SegmentedRaftLogWorker (SegmentedRaftLogWorker.java:<init>(173)) - new 256707ac-3ceb-4b32-81e8-7d104914f2fa@group-D24FEA9366DD-SegmentedRaftLogWorker for RaftStorage:Storage Directory /workdir/hadoop-ozone/integration-test/target/test-dir/MiniOzoneClusterImpl-1f29813a-1e19-43ce-b943-a1b495b6c863/datanode-0/data/ratis/a5d6c710-4425-4d1e-a0ff-d24fea9366dd
2019-10-15 13:43:24,047 [pool-393-thread-1] INFO  server.RaftServerConfigKeys (ConfUtils.java:logGet(43)) - raft.server.log.appender.buffer.byte-limit = 33554432 (custom)
2019-10-15 13:43:24,047 [pool-383-thread-1] INFO  server.RaftServerConfigKeys (ConfUtils.java:logGet(43)) - raft.server.log.queue.byte-limit = 2147483647 (custom)
2019-10-15 13:43:24,047 [pool-403-thread-1] INFO  server.RaftServerConfigKeys (ConfUtils.java:logGet(43)) - raft.server.log.appender.buffer.byte-limit = 33554432 (custom)
2019-10-15 13:43:24,048 [pool-383-thread-1] INFO  server.RaftServerConfigKeys (ConfUtils.java:logGet(43)) - raft.server.log.queue.element-limit = 1024 (custom)
2019-10-15 13:43:24,048 [pool-393-thread-1] INFO  server.RaftServerConfigKeys (ConfUtils.java:logGet(43)) - raft.server.log.segment.size.max = 1048576 (custom)
2019-10-15 13:43:24,048 [pool-383-thread-1] INFO  server.RaftServerConfigKeys (ConfUtils.java:logGet(43)) - raft.server.log.segment.size.max = 1048576 (custom)
2019-10-15 13:43:24,048 [pool-403-thread-1] INFO  server.RaftServerConfigKeys (ConfUtils.java:logGet(43)) - raft.server.log.segment.size.max = 1048576 (custom)
2019-10-15 13:43:24,048 [pool-383-thread-1] INFO  server.RaftServerConfigKeys (ConfUtils.java:logGet(43)) - raft.server.log.preallocated.size = 16384 (custom)
2019-10-15 13:43:24,048 [pool-393-thread-1] INFO  server.RaftServerConfigKeys (ConfUtils.java:logGet(43)) - raft.server.log.segment.cache.num.max = 2 (custom)
2019-10-15 13:43:24,048 [pool-383-thread-1] INFO  server.RaftServerConfigKeys (ConfUtils.java:logGet(43)) - raft.server.log.write.buffer.size = 33554432 (custom)
2019-10-15 13:43:24,048 [pool-403-thread-1] INFO  server.RaftServerConfigKeys (ConfUtils.java:logGet(43)) - raft.server.log.segment.cache.num.max = 2 (custom)
2019-10-15 13:43:24,049 [pool-383-thread-1] INFO  server.RaftServerConfigKeys (ConfUtils.java:logGet(43)) - raft.server.log.force.sync.num = 128 (default)
2019-10-15 13:43:24,049 [pool-383-thread-1] INFO  server.RaftServerConfigKeys (ConfUtils.java:logGet(43)) - raft.server.log.statemachine.data.sync = true (default)
2019-10-15 13:43:24,049 [pool-393-thread-1] INFO  segmented.SegmentedRaftLogWorker (SegmentedRaftLogWorker.java:<init>(173)) - new 62569dad-e525-41bd-b913-23cd09473a0c@group-D24FEA9366DD-SegmentedRaftLogWorker for RaftStorage:Storage Directory /workdir/hadoop-ozone/integration-test/target/test-dir/MiniOzoneClusterImpl-1f29813a-1e19-43ce-b943-a1b495b6c863/datanode-1/data/ratis/a5d6c710-4425-4d1e-a0ff-d24fea9366dd
2019-10-15 13:43:24,049 [pool-383-thread-1] INFO  server.RaftServerConfigKeys (ConfUtils.java:logGet(43)) - raft.server.log.statemachine.data.sync.timeout = 10s (default)
2019-10-15 13:43:24,049 [pool-403-thread-1] INFO  segmented.SegmentedRaftLogWorker (SegmentedRaftLogWorker.java:<init>(173)) - new 510a44e3-2647-4c66-97a5-22a2effdae26@group-D24FEA9366DD-SegmentedRaftLogWorker for RaftStorage:Storage Directory /workdir/hadoop-ozone/integration-test/target/test-dir/MiniOzoneClusterImpl-1f29813a-1e19-43ce-b943-a1b495b6c863/datanode-2/data/ratis/a5d6c710-4425-4d1e-a0ff-d24fea9366dd
2019-10-15 13:43:24,049 [pool-383-thread-1] INFO  server.RaftServerConfigKeys (ConfUtils.java:logGet(43)) - raft.server.log.statemachine.data.sync.timeout.retry = -1 (default)
2019-10-15 13:43:24,049 [pool-393-thread-1] INFO  server.RaftServerConfigKeys (ConfUtils.java:logGet(43)) - raft.server.log.queue.byte-limit = 2147483647 (custom)
2019-10-15 13:43:24,050 [pool-383-thread-1] INFO  server.RaftServerConfigKeys (ConfUtils.java:logGet(43)) - raft.server.log.statemachine.data.caching.enabled = true (custom)
2019-10-15 13:43:24,049 [pool-403-thread-1] INFO  server.RaftServerConfigKeys (ConfUtils.java:logGet(43)) - raft.server.log.queue.byte-limit = 2147483647 (custom)
2019-10-15 13:43:24,050 [pool-393-thread-1] INFO  server.RaftServerConfigKeys (ConfUtils.java:logGet(43)) - raft.server.log.queue.element-limit = 1024 (custom)
2019-10-15 13:43:24,050 [pool-383-thread-1] INFO  segmented.SegmentedRaftLogWorker (SegmentedRaftLogWorker.java:lambda$new$0(128)) - 256707ac-3ceb-4b32-81e8-7d104914f2fa@group-D24FEA9366DD-SegmentedRaftLogWorker: flushIndex: setUnconditionally 0 -> -1
2019-10-15 13:43:24,050 [pool-403-thread-1] INFO  server.RaftServerConfigKeys (ConfUtils.java:logGet(43)) - raft.server.log.queue.element-limit = 1024 (custom)
2019-10-15 13:43:24,050 [pool-393-thread-1] INFO  server.RaftServerConfigKeys (ConfUtils.java:logGet(43)) - raft.server.log.segment.size.max = 1048576 (custom)
2019-10-15 13:43:24,050 [pool-403-thread-1] INFO  server.RaftServerConfigKeys (ConfUtils.java:logGet(43)) - raft.server.log.segment.size.max = 1048576 (custom)
2019-10-15 13:43:24,050 [pool-393-thread-1] INFO  server.RaftServerConfigKeys (ConfUtils.java:logGet(43)) - raft.server.log.preallocated.size = 16384 (custom)
2019-10-15 13:43:24,050 [pool-383-thread-1] INFO  server.RaftServerConfigKeys (ConfUtils.java:logGet(43)) - raft.server.snapshot.auto.trigger.enabled = true (custom)
2019-10-15 13:43:24,051 [pool-393-thread-1] INFO  server.RaftServerConfigKeys (ConfUtils.java:logGet(43)) - raft.server.log.write.buffer.size = 33554432 (custom)
2019-10-15 13:43:24,051 [pool-403-thread-1] INFO  server.RaftServerConfigKeys (ConfUtils.java:logGet(43)) - raft.server.log.preallocated.size = 16384 (custom)
2019-10-15 13:43:24,051 [pool-393-thread-1] INFO  server.RaftServerConfigKeys (ConfUtils.java:logGet(43)) - raft.server.log.force.sync.num = 128 (default)
2019-10-15 13:43:24,051 [pool-383-thread-1] INFO  server.RaftServerConfigKeys (ConfUtils.java:logGet(43)) - raft.server.snapshot.auto.trigger.threshold = 10000 (custom)
2019-10-15 13:43:24,051 [pool-393-thread-1] INFO  server.RaftServerConfigKeys (ConfUtils.java:logGet(43)) - raft.server.log.statemachine.data.sync = true (default)
2019-10-15 13:43:24,051 [pool-403-thread-1] INFO  server.RaftServerConfigKeys (ConfUtils.java:logGet(43)) - raft.server.log.write.buffer.size = 33554432 (custom)
2019-10-15 13:43:24,052 [pool-393-thread-1] INFO  server.RaftServerConfigKeys (ConfUtils.java:logGet(43)) - raft.server.log.statemachine.data.sync.timeout = 10s (default)
2019-10-15 13:43:24,051 [pool-383-thread-1] INFO  server.RaftServerConfigKeys (ConfUtils.java:logGet(43)) - raft.server.snapshot.retention.file.num = 5 (custom)
2019-10-15 13:43:24,052 [pool-393-thread-1] INFO  server.RaftServerConfigKeys (ConfUtils.java:logGet(43)) - raft.server.log.statemachine.data.sync.timeout.retry = -1 (default)
2019-10-15 13:43:24,052 [pool-403-thread-1] INFO  server.RaftServerConfigKeys (ConfUtils.java:logGet(43)) - raft.server.log.force.sync.num = 128 (default)
2019-10-15 13:43:24,052 [pool-393-thread-1] INFO  server.RaftServerConfigKeys (ConfUtils.java:logGet(43)) - raft.server.log.statemachine.data.caching.enabled = true (custom)
2019-10-15 13:43:24,052 [pool-383-thread-1] INFO  server.RaftServerConfigKeys (ConfUtils.java:logGet(43)) - raft.server.retrycache.expirytime = 600000ms (custom)
2019-10-15 13:43:24,052 [pool-403-thread-1] INFO  server.RaftServerConfigKeys (ConfUtils.java:logGet(43)) - raft.server.log.statemachine.data.sync = true (default)
2019-10-15 13:43:24,052 [pool-393-thread-1] INFO  segmented.SegmentedRaftLogWorker (SegmentedRaftLogWorker.java:lambda$new$0(128)) - 62569dad-e525-41bd-b913-23cd09473a0c@group-D24FEA9366DD-SegmentedRaftLogWorker: flushIndex: setUnconditionally 0 -> -1
2019-10-15 13:43:24,052 [pool-403-thread-1] INFO  server.RaftServerConfigKeys (ConfUtils.java:logGet(43)) - raft.server.log.statemachine.data.sync.timeout = 10s (default)
2019-10-15 13:43:24,053 [pool-403-thread-1] INFO  server.RaftServerConfigKeys (ConfUtils.java:logGet(43)) - raft.server.log.statemachine.data.sync.timeout.retry = -1 (default)
2019-10-15 13:43:24,053 [pool-393-thread-1] INFO  server.RaftServerConfigKeys (ConfUtils.java:logGet(43)) - raft.server.snapshot.auto.trigger.enabled = true (custom)
2019-10-15 13:43:24,053 [pool-403-thread-1] INFO  server.RaftServerConfigKeys (ConfUtils.java:logGet(43)) - raft.server.log.statemachine.data.caching.enabled = true (custom)
2019-10-15 13:43:24,053 [pool-393-thread-1] INFO  server.RaftServerConfigKeys (ConfUtils.java:logGet(43)) - raft.server.snapshot.auto.trigger.threshold = 10000 (custom)
2019-10-15 13:43:24,053 [pool-393-thread-1] INFO  server.RaftServerConfigKeys (ConfUtils.java:logGet(43)) - raft.server.snapshot.retention.file.num = 5 (custom)
2019-10-15 13:43:24,053 [pool-403-thread-1] INFO  segmented.SegmentedRaftLogWorker (SegmentedRaftLogWorker.java:lambda$new$0(128)) - 510a44e3-2647-4c66-97a5-22a2effdae26@group-D24FEA9366DD-SegmentedRaftLogWorker: flushIndex: setUnconditionally 0 -> -1
2019-10-15 13:43:24,053 [pool-393-thread-1] INFO  server.RaftServerConfigKeys (ConfUtils.java:logGet(43)) - raft.server.retrycache.expirytime = 600000ms (custom)
2019-10-15 13:43:24,053 [pool-403-thread-1] INFO  server.RaftServerConfigKeys (ConfUtils.java:logGet(43)) - raft.server.snapshot.auto.trigger.enabled = true (custom)
2019-10-15 13:43:24,054 [pool-403-thread-1] INFO  server.RaftServerConfigKeys (ConfUtils.java:logGet(43)) - raft.server.snapshot.auto.trigger.threshold = 10000 (custom)
2019-10-15 13:43:24,054 [pool-403-thread-1] INFO  server.RaftServerConfigKeys (ConfUtils.java:logGet(43)) - raft.server.snapshot.retention.file.num = 5 (custom)
2019-10-15 13:43:24,054 [pool-403-thread-1] INFO  server.RaftServerConfigKeys (ConfUtils.java:logGet(43)) - raft.server.retrycache.expirytime = 600000ms (custom)
2019-10-15 13:43:24,055 [pool-383-thread-1] INFO  impl.RaftServerImpl (RaftServerImpl.java:start(181)) - 256707ac-3ceb-4b32-81e8-7d104914f2fa@group-D24FEA9366DD: start as a follower, conf=-1: [62569dad-e525-41bd-b913-23cd09473a0c:192.168.164.217:45244, 256707ac-3ceb-4b32-81e8-7d104914f2fa:192.168.164.217:37413, 510a44e3-2647-4c66-97a5-22a2effdae26:192.168.164.217:39085], old=null
2019-10-15 13:43:24,055 [pool-383-thread-1] INFO  impl.RaftServerImpl (RaftServerImpl.java:setRole(170)) - 256707ac-3ceb-4b32-81e8-7d104914f2fa@group-D24FEA9366DD: changes role from      null to FOLLOWER at term 0 for startAsFollower
2019-10-15 13:43:24,055 [pool-383-thread-1] INFO  impl.RoleInfo (RoleInfo.java:updateAndGet(143)) - 256707ac-3ceb-4b32-81e8-7d104914f2fa: start FollowerState
2019-10-15 13:43:24,056 [pool-383-thread-1] INFO  util.JmxRegister (JmxRegister.java:tryRegister(44)) - Successfully registered JMX Bean with object name Ratis:service=RaftServer,group=group-D24FEA9366DD,id=256707ac-3ceb-4b32-81e8-7d104914f2fa
2019-10-15 13:43:24,057 [pool-393-thread-1] INFO  impl.RaftServerImpl (RaftServerImpl.java:start(181)) - 62569dad-e525-41bd-b913-23cd09473a0c@group-D24FEA9366DD: start as a follower, conf=-1: [62569dad-e525-41bd-b913-23cd09473a0c:192.168.164.217:45244, 256707ac-3ceb-4b32-81e8-7d104914f2fa:192.168.164.217:37413, 510a44e3-2647-4c66-97a5-22a2effdae26:192.168.164.217:39085], old=null
2019-10-15 13:43:24,057 [pool-403-thread-1] INFO  impl.RaftServerImpl (RaftServerImpl.java:start(181)) - 510a44e3-2647-4c66-97a5-22a2effdae26@group-D24FEA9366DD: start as a follower, conf=-1: [62569dad-e525-41bd-b913-23cd09473a0c:192.168.164.217:45244, 256707ac-3ceb-4b32-81e8-7d104914f2fa:192.168.164.217:37413, 510a44e3-2647-4c66-97a5-22a2effdae26:192.168.164.217:39085], old=null
2019-10-15 13:43:24,057 [pool-393-thread-1] INFO  impl.RaftServerImpl (RaftServerImpl.java:setRole(170)) - 62569dad-e525-41bd-b913-23cd09473a0c@group-D24FEA9366DD: changes role from      null to FOLLOWER at term 0 for startAsFollower
2019-10-15 13:43:24,057 [pool-403-thread-1] INFO  impl.RaftServerImpl (RaftServerImpl.java:setRole(170)) - 510a44e3-2647-4c66-97a5-22a2effdae26@group-D24FEA9366DD: changes role from      null to FOLLOWER at term 0 for startAsFollower
2019-10-15 13:43:24,057 [pool-393-thread-1] INFO  impl.RoleInfo (RoleInfo.java:updateAndGet(143)) - 62569dad-e525-41bd-b913-23cd09473a0c: start FollowerState
2019-10-15 13:43:24,057 [pool-403-thread-1] INFO  impl.RoleInfo (RoleInfo.java:updateAndGet(143)) - 510a44e3-2647-4c66-97a5-22a2effdae26: start FollowerState
2019-10-15 13:43:24,058 [pool-393-thread-1] INFO  util.JmxRegister (JmxRegister.java:tryRegister(44)) - Successfully registered JMX Bean with object name Ratis:service=RaftServer,group=group-D24FEA9366DD,id=62569dad-e525-41bd-b913-23cd09473a0c
2019-10-15 13:43:24,058 [pool-403-thread-1] INFO  util.JmxRegister (JmxRegister.java:tryRegister(44)) - Successfully registered JMX Bean with object name Ratis:service=RaftServer,group=group-D24FEA9366DD,id=510a44e3-2647-4c66-97a5-22a2effdae26
2019-10-15 13:43:24,063 [RatisPipelineUtilsThread] INFO  pipeline.PipelineStateManager (PipelineStateManager.java:addPipeline(56)) - Created pipeline Pipeline[ Id: a5d6c710-4425-4d1e-a0ff-d24fea9366dd, Nodes: 256707ac-3ceb-4b32-81e8-7d104914f2fa{ip: 192.168.164.217, host: pr-hdds-1228-49bgw-825838123, networkLocation: /default-rack, certSerialId: null}510a44e3-2647-4c66-97a5-22a2effdae26{ip: 192.168.164.217, host: pr-hdds-1228-49bgw-825838123, networkLocation: /default-rack, certSerialId: null}62569dad-e525-41bd-b913-23cd09473a0c{ip: 192.168.164.217, host: pr-hdds-1228-49bgw-825838123, networkLocation: /default-rack, certSerialId: null}, Type:RATIS, Factor:THREE, State:OPEN]
2019-10-15 13:43:24,073 [grpc-default-executor-10] INFO  impl.RaftServerProxy (RaftServerProxy.java:addNew(89)) - ab6820c9-6f85-4050-a44b-975c9b561d1e: addNew group-3AEB2183456B:[ab6820c9-6f85-4050-a44b-975c9b561d1e:192.168.164.217:43454] returns group-3AEB2183456B:java.util.concurrent.CompletableFuture@5eddd5a6[Not completed]
2019-10-15 13:43:24,075 [pool-413-thread-1] INFO  impl.RaftServerImpl (RaftServerImpl.java:<init>(95)) - ab6820c9-6f85-4050-a44b-975c9b561d1e: new RaftServerImpl for group-3AEB2183456B:[ab6820c9-6f85-4050-a44b-975c9b561d1e:192.168.164.217:43454] with ContainerStateMachine:uninitialized
2019-10-15 13:43:24,077 [pool-413-thread-1] INFO  server.RaftServerConfigKeys (ConfUtils.java:logGet(43)) - raft.server.rpc.timeout.min = 5s (custom)
2019-10-15 13:43:24,077 [pool-413-thread-1] INFO  server.RaftServerConfigKeys (ConfUtils.java:logGet(43)) - raft.server.rpc.timeout.max = 5200ms (custom)
2019-10-15 13:43:24,078 [pool-413-thread-1] INFO  server.RaftServerConfigKeys (ConfUtils.java:logGet(43)) - raft.server.rpcslowness.timeout = 120s (custom)
2019-10-15 13:43:24,078 [pool-413-thread-1] INFO  server.RaftServerConfigKeys (ConfUtils.java:logGet(43)) - raft.server.sleep.deviation.threshold = 300 (default)
2019-10-15 13:43:24,078 [pool-413-thread-1] INFO  server.RaftServerConfigKeys (ConfUtils.java:logGet(43)) - raft.server.log.appender.install.snapshot.enabled = false (custom)
2019-10-15 13:43:24,078 [pool-413-thread-1] INFO  impl.RaftServerImpl (ServerState.java:<init>(103)) - ab6820c9-6f85-4050-a44b-975c9b561d1e@group-3AEB2183456B: ConfigurationManager, init=-1: [ab6820c9-6f85-4050-a44b-975c9b561d1e:192.168.164.217:43454], old=null, confs=<EMPTY_MAP>
2019-10-15 13:43:24,078 [pool-413-thread-1] INFO  server.RaftServerConfigKeys (ConfUtils.java:logGet(43)) - raft.server.storage.dir = [/workdir/hadoop-ozone/integration-test/target/test-dir/MiniOzoneClusterImpl-1f29813a-1e19-43ce-b943-a1b495b6c863/datanode-3/data/ratis] (custom)
2019-10-15 13:43:24,078 [pool-413-thread-1] INFO  server.RaftServerConfigKeys (ConfUtils.java:logGet(43)) - raft.server.log.corruption.policy = EXCEPTION (default)
2019-10-15 13:43:24,079 [pool-413-thread-1] INFO  storage.RaftStorageDirectory (RaftStorageDirectory.java:analyzeStorage(246)) - The storage directory /workdir/hadoop-ozone/integration-test/target/test-dir/MiniOzoneClusterImpl-1f29813a-1e19-43ce-b943-a1b495b6c863/datanode-3/data/ratis/0dac13d1-dc76-4e19-9b23-3aeb2183456b does not exist. Creating ...
2019-10-15 13:43:24,101 [pool-413-thread-1] INFO  storage.RaftStorageDirectory (RaftStorageDirectory.java:tryLock(328)) - Lock on /workdir/hadoop-ozone/integration-test/target/test-dir/MiniOzoneClusterImpl-1f29813a-1e19-43ce-b943-a1b495b6c863/datanode-3/data/ratis/0dac13d1-dc76-4e19-9b23-3aeb2183456b/in_use.lock acquired by nodename 1895@pr-hdds-1228-49bgw-825838123
2019-10-15 13:43:24,103 [IPC Server handler 4 on 42855] INFO  net.NetworkTopology (NetworkTopologyImpl.java:add(111)) - Added a new node: /default-rack/1bfa82b1-c9f9-4543-ab0a-ccac2045b0c1
2019-10-15 13:43:24,103 [IPC Server handler 4 on 42855] INFO  node.SCMNodeManager (SCMNodeManager.java:register(268)) - Registered Data node : 1bfa82b1-c9f9-4543-ab0a-ccac2045b0c1{ip: 192.168.164.217, host: pr-hdds-1228-49bgw-825838123, networkLocation: /default-rack, certSerialId: null}
2019-10-15 13:43:24,153 [pool-413-thread-1] INFO  storage.RaftStorage (RaftStorage.java:format(84)) - Storage directory /workdir/hadoop-ozone/integration-test/target/test-dir/MiniOzoneClusterImpl-1f29813a-1e19-43ce-b943-a1b495b6c863/datanode-3/data/ratis/0dac13d1-dc76-4e19-9b23-3aeb2183456b has been successfully formatted.
2019-10-15 13:43:24,153 [pool-413-thread-1] INFO  ratis.ContainerStateMachine (ContainerStateMachine.java:loadSnapshot(231)) - group-3AEB2183456B: The snapshot info is null. Setting the last applied indexto:(t:0, i:~)
2019-10-15 13:43:24,154 [pool-413-thread-1] INFO  server.RaftServerConfigKeys (ConfUtils.java:logGet(43)) - raft.server.notification.no-leader.timeout = 120s (custom)
2019-10-15 13:43:24,154 [pool-413-thread-1] INFO  server.RaftServerConfigKeys (ConfUtils.java:logGet(43)) - raft.server.log.use.memory = false (default)
2019-10-15 13:43:24,154 [pool-413-thread-1] INFO  server.RaftServerConfigKeys (ConfUtils.java:logGet(43)) - raft.server.log.purge.gap = 1000000 (custom)
2019-10-15 13:43:24,154 [pool-413-thread-1] INFO  server.RaftServerConfigKeys (ConfUtils.java:logGet(43)) - raft.server.log.appender.buffer.byte-limit = 33554432 (custom)
2019-10-15 13:43:24,155 [pool-413-thread-1] INFO  server.RaftServerConfigKeys (ConfUtils.java:logGet(43)) - raft.server.log.segment.size.max = 1048576 (custom)
2019-10-15 13:43:24,157 [pool-413-thread-1] INFO  server.RaftServerConfigKeys (ConfUtils.java:logGet(43)) - raft.server.log.segment.cache.num.max = 2 (custom)
2019-10-15 13:43:24,158 [pool-413-thread-1] INFO  segmented.SegmentedRaftLogWorker (SegmentedRaftLogWorker.java:<init>(173)) - new ab6820c9-6f85-4050-a44b-975c9b561d1e@group-3AEB2183456B-SegmentedRaftLogWorker for RaftStorage:Storage Directory /workdir/hadoop-ozone/integration-test/target/test-dir/MiniOzoneClusterImpl-1f29813a-1e19-43ce-b943-a1b495b6c863/datanode-3/data/ratis/0dac13d1-dc76-4e19-9b23-3aeb2183456b
2019-10-15 13:43:24,158 [pool-413-thread-1] INFO  server.RaftServerConfigKeys (ConfUtils.java:logGet(43)) - raft.server.log.queue.byte-limit = 2147483647 (custom)
2019-10-15 13:43:24,158 [pool-413-thread-1] INFO  server.RaftServerConfigKeys (ConfUtils.java:logGet(43)) - raft.server.log.queue.element-limit = 1024 (custom)
2019-10-15 13:43:24,158 [pool-413-thread-1] INFO  server.RaftServerConfigKeys (ConfUtils.java:logGet(43)) - raft.server.log.segment.size.max = 1048576 (custom)
2019-10-15 13:43:24,158 [pool-413-thread-1] INFO  server.RaftServerConfigKeys (ConfUtils.java:logGet(43)) - raft.server.log.preallocated.size = 16384 (custom)
2019-10-15 13:43:24,158 [pool-413-thread-1] INFO  server.RaftServerConfigKeys (ConfUtils.java:logGet(43)) - raft.server.log.write.buffer.size = 33554432 (custom)
2019-10-15 13:43:24,159 [pool-413-thread-1] INFO  server.RaftServerConfigKeys (ConfUtils.java:logGet(43)) - raft.server.log.force.sync.num = 128 (default)
2019-10-15 13:43:24,159 [pool-413-thread-1] INFO  server.RaftServerConfigKeys (ConfUtils.java:logGet(43)) - raft.server.log.statemachine.data.sync = true (default)
2019-10-15 13:43:24,159 [pool-413-thread-1] INFO  server.RaftServerConfigKeys (ConfUtils.java:logGet(43)) - raft.server.log.statemachine.data.sync.timeout = 10s (default)
2019-10-15 13:43:24,159 [pool-413-thread-1] INFO  server.RaftServerConfigKeys (ConfUtils.java:logGet(43)) - raft.server.log.statemachine.data.sync.timeout.retry = -1 (default)
2019-10-15 13:43:24,160 [pool-413-thread-1] INFO  server.RaftServerConfigKeys (ConfUtils.java:logGet(43)) - raft.server.log.statemachine.data.caching.enabled = true (custom)
2019-10-15 13:43:24,160 [pool-413-thread-1] INFO  segmented.SegmentedRaftLogWorker (SegmentedRaftLogWorker.java:lambda$new$0(128)) - ab6820c9-6f85-4050-a44b-975c9b561d1e@group-3AEB2183456B-SegmentedRaftLogWorker: flushIndex: setUnconditionally 0 -> -1
2019-10-15 13:43:24,160 [pool-413-thread-1] INFO  server.RaftServerConfigKeys (ConfUtils.java:logGet(43)) - raft.server.snapshot.auto.trigger.enabled = true (custom)
2019-10-15 13:43:24,161 [pool-413-thread-1] INFO  server.RaftServerConfigKeys (ConfUtils.java:logGet(43)) - raft.server.snapshot.auto.trigger.threshold = 10000 (custom)
2019-10-15 13:43:24,161 [pool-413-thread-1] INFO  server.RaftServerConfigKeys (ConfUtils.java:logGet(43)) - raft.server.snapshot.retention.file.num = 5 (custom)
2019-10-15 13:43:24,161 [pool-413-thread-1] INFO  server.RaftServerConfigKeys (ConfUtils.java:logGet(43)) - raft.server.retrycache.expirytime = 600000ms (custom)
2019-10-15 13:43:24,163 [pool-413-thread-1] INFO  impl.RaftServerImpl (RaftServerImpl.java:start(181)) - ab6820c9-6f85-4050-a44b-975c9b561d1e@group-3AEB2183456B: start as a follower, conf=-1: [ab6820c9-6f85-4050-a44b-975c9b561d1e:192.168.164.217:43454], old=null
2019-10-15 13:43:24,164 [pool-413-thread-1] INFO  impl.RaftServerImpl (RaftServerImpl.java:setRole(170)) - ab6820c9-6f85-4050-a44b-975c9b561d1e@group-3AEB2183456B: changes role from      null to FOLLOWER at term 0 for startAsFollower
2019-10-15 13:43:24,164 [pool-413-thread-1] INFO  impl.RoleInfo (RoleInfo.java:updateAndGet(143)) - ab6820c9-6f85-4050-a44b-975c9b561d1e: start FollowerState
2019-10-15 13:43:24,164 [pool-413-thread-1] INFO  util.JmxRegister (JmxRegister.java:tryRegister(44)) - Successfully registered JMX Bean with object name Ratis:service=RaftServer,group=group-3AEB2183456B,id=ab6820c9-6f85-4050-a44b-975c9b561d1e
2019-10-15 13:43:24,169 [RatisPipelineUtilsThread] INFO  pipeline.PipelineStateManager (PipelineStateManager.java:addPipeline(56)) - Created pipeline Pipeline[ Id: 0dac13d1-dc76-4e19-9b23-3aeb2183456b, Nodes: ab6820c9-6f85-4050-a44b-975c9b561d1e{ip: 192.168.164.217, host: pr-hdds-1228-49bgw-825838123, networkLocation: /default-rack, certSerialId: null}, Type:RATIS, Factor:ONE, State:OPEN]
2019-10-15 13:43:24,185 [IPC Server handler 6 on 42855] INFO  net.NetworkTopology (NetworkTopologyImpl.java:add(111)) - Added a new node: /default-rack/b6c7c67f-5f79-4a81-a3c4-5368a8ae7517
2019-10-15 13:43:24,185 [IPC Server handler 6 on 42855] INFO  node.SCMNodeManager (SCMNodeManager.java:register(268)) - Registered Data node : b6c7c67f-5f79-4a81-a3c4-5368a8ae7517{ip: 192.168.164.217, host: pr-hdds-1228-49bgw-825838123, networkLocation: /default-rack, certSerialId: null}
2019-10-15 13:43:24,189 [grpc-default-executor-10] INFO  impl.RaftServerProxy (RaftServerProxy.java:addNew(89)) - 1bfa82b1-c9f9-4543-ab0a-ccac2045b0c1: addNew group-ABBF6692F38A:[1bfa82b1-c9f9-4543-ab0a-ccac2045b0c1:192.168.164.217:41553] returns group-ABBF6692F38A:java.util.concurrent.CompletableFuture@2081627e[Not completed]
2019-10-15 13:43:24,191 [pool-423-thread-1] INFO  impl.RaftServerImpl (RaftServerImpl.java:<init>(95)) - 1bfa82b1-c9f9-4543-ab0a-ccac2045b0c1: new RaftServerImpl for group-ABBF6692F38A:[1bfa82b1-c9f9-4543-ab0a-ccac2045b0c1:192.168.164.217:41553] with ContainerStateMachine:uninitialized
2019-10-15 13:43:24,191 [pool-423-thread-1] INFO  server.RaftServerConfigKeys (ConfUtils.java:logGet(43)) - raft.server.rpc.timeout.min = 5s (custom)
2019-10-15 13:43:24,191 [pool-423-thread-1] INFO  server.RaftServerConfigKeys (ConfUtils.java:logGet(43)) - raft.server.rpc.timeout.max = 5200ms (custom)
2019-10-15 13:43:24,191 [pool-423-thread-1] INFO  server.RaftServerConfigKeys (ConfUtils.java:logGet(43)) - raft.server.rpcslowness.timeout = 120s (custom)
2019-10-15 13:43:24,191 [pool-423-thread-1] INFO  server.RaftServerConfigKeys (ConfUtils.java:logGet(43)) - raft.server.sleep.deviation.threshold = 300 (default)
2019-10-15 13:43:24,191 [pool-423-thread-1] INFO  server.RaftServerConfigKeys (ConfUtils.java:logGet(43)) - raft.server.log.appender.install.snapshot.enabled = false (custom)
2019-10-15 13:43:24,191 [pool-423-thread-1] INFO  impl.RaftServerImpl (ServerState.java:<init>(103)) - 1bfa82b1-c9f9-4543-ab0a-ccac2045b0c1@group-ABBF6692F38A: ConfigurationManager, init=-1: [1bfa82b1-c9f9-4543-ab0a-ccac2045b0c1:192.168.164.217:41553], old=null, confs=<EMPTY_MAP>
2019-10-15 13:43:24,191 [pool-423-thread-1] INFO  server.RaftServerConfigKeys (ConfUtils.java:logGet(43)) - raft.server.storage.dir = [/workdir/hadoop-ozone/integration-test/target/test-dir/MiniOzoneClusterImpl-1f29813a-1e19-43ce-b943-a1b495b6c863/datanode-4/data/ratis] (custom)
2019-10-15 13:43:24,192 [pool-423-thread-1] INFO  server.RaftServerConfigKeys (ConfUtils.java:logGet(43)) - raft.server.log.corruption.policy = EXCEPTION (default)
2019-10-15 13:43:24,192 [pool-423-thread-1] INFO  storage.RaftStorageDirectory (RaftStorageDirectory.java:analyzeStorage(246)) - The storage directory /workdir/hadoop-ozone/integration-test/target/test-dir/MiniOzoneClusterImpl-1f29813a-1e19-43ce-b943-a1b495b6c863/datanode-4/data/ratis/7b4d6f51-0be1-4105-93b5-abbf6692f38a does not exist. Creating ...
2019-10-15 13:43:24,220 [pool-423-thread-1] INFO  storage.RaftStorageDirectory (RaftStorageDirectory.java:tryLock(328)) - Lock on /workdir/hadoop-ozone/integration-test/target/test-dir/MiniOzoneClusterImpl-1f29813a-1e19-43ce-b943-a1b495b6c863/datanode-4/data/ratis/7b4d6f51-0be1-4105-93b5-abbf6692f38a/in_use.lock acquired by nodename 1895@pr-hdds-1228-49bgw-825838123
2019-10-15 13:43:24,246 [pool-423-thread-1] INFO  storage.RaftStorage (RaftStorage.java:format(84)) - Storage directory /workdir/hadoop-ozone/integration-test/target/test-dir/MiniOzoneClusterImpl-1f29813a-1e19-43ce-b943-a1b495b6c863/datanode-4/data/ratis/7b4d6f51-0be1-4105-93b5-abbf6692f38a has been successfully formatted.
2019-10-15 13:43:24,246 [pool-423-thread-1] INFO  ratis.ContainerStateMachine (ContainerStateMachine.java:loadSnapshot(231)) - group-ABBF6692F38A: The snapshot info is null. Setting the last applied indexto:(t:0, i:~)
2019-10-15 13:43:24,246 [pool-423-thread-1] INFO  server.RaftServerConfigKeys (ConfUtils.java:logGet(43)) - raft.server.notification.no-leader.timeout = 120s (custom)
2019-10-15 13:43:24,247 [pool-423-thread-1] INFO  server.RaftServerConfigKeys (ConfUtils.java:logGet(43)) - raft.server.log.use.memory = false (default)
2019-10-15 13:43:24,247 [pool-423-thread-1] INFO  server.RaftServerConfigKeys (ConfUtils.java:logGet(43)) - raft.server.log.purge.gap = 1000000 (custom)
2019-10-15 13:43:24,247 [pool-423-thread-1] INFO  server.RaftServerConfigKeys (ConfUtils.java:logGet(43)) - raft.server.log.appender.buffer.byte-limit = 33554432 (custom)
2019-10-15 13:43:24,247 [pool-423-thread-1] INFO  server.RaftServerConfigKeys (ConfUtils.java:logGet(43)) - raft.server.log.segment.size.max = 1048576 (custom)
2019-10-15 13:43:24,248 [pool-423-thread-1] INFO  server.RaftServerConfigKeys (ConfUtils.java:logGet(43)) - raft.server.log.segment.cache.num.max = 2 (custom)
2019-10-15 13:43:24,249 [pool-423-thread-1] INFO  segmented.SegmentedRaftLogWorker (SegmentedRaftLogWorker.java:<init>(173)) - new 1bfa82b1-c9f9-4543-ab0a-ccac2045b0c1@group-ABBF6692F38A-SegmentedRaftLogWorker for RaftStorage:Storage Directory /workdir/hadoop-ozone/integration-test/target/test-dir/MiniOzoneClusterImpl-1f29813a-1e19-43ce-b943-a1b495b6c863/datanode-4/data/ratis/7b4d6f51-0be1-4105-93b5-abbf6692f38a
2019-10-15 13:43:24,249 [pool-423-thread-1] INFO  server.RaftServerConfigKeys (ConfUtils.java:logGet(43)) - raft.server.log.queue.byte-limit = 2147483647 (custom)
2019-10-15 13:43:24,249 [pool-423-thread-1] INFO  server.RaftServerConfigKeys (ConfUtils.java:logGet(43)) - raft.server.log.queue.element-limit = 1024 (custom)
2019-10-15 13:43:24,249 [pool-423-thread-1] INFO  server.RaftServerConfigKeys (ConfUtils.java:logGet(43)) - raft.server.log.segment.size.max = 1048576 (custom)
2019-10-15 13:43:24,249 [pool-423-thread-1] INFO  server.RaftServerConfigKeys (ConfUtils.java:logGet(43)) - raft.server.log.preallocated.size = 16384 (custom)
2019-10-15 13:43:24,249 [pool-423-thread-1] INFO  server.RaftServerConfigKeys (ConfUtils.java:logGet(43)) - raft.server.log.write.buffer.size = 33554432 (custom)
2019-10-15 13:43:24,249 [pool-423-thread-1] INFO  server.RaftServerConfigKeys (ConfUtils.java:logGet(43)) - raft.server.log.force.sync.num = 128 (default)
2019-10-15 13:43:24,249 [pool-423-thread-1] INFO  server.RaftServerConfigKeys (ConfUtils.java:logGet(43)) - raft.server.log.statemachine.data.sync = true (default)
2019-10-15 13:43:24,249 [pool-423-thread-1] INFO  server.RaftServerConfigKeys (ConfUtils.java:logGet(43)) - raft.server.log.statemachine.data.sync.timeout = 10s (default)
2019-10-15 13:43:24,250 [pool-423-thread-1] INFO  server.RaftServerConfigKeys (ConfUtils.java:logGet(43)) - raft.server.log.statemachine.data.sync.timeout.retry = -1 (default)
2019-10-15 13:43:24,250 [pool-423-thread-1] INFO  server.RaftServerConfigKeys (ConfUtils.java:logGet(43)) - raft.server.log.statemachine.data.caching.enabled = true (custom)
2019-10-15 13:43:24,250 [pool-423-thread-1] INFO  segmented.SegmentedRaftLogWorker (SegmentedRaftLogWorker.java:lambda$new$0(128)) - 1bfa82b1-c9f9-4543-ab0a-ccac2045b0c1@group-ABBF6692F38A-SegmentedRaftLogWorker: flushIndex: setUnconditionally 0 -> -1
2019-10-15 13:43:24,250 [pool-423-thread-1] INFO  server.RaftServerConfigKeys (ConfUtils.java:logGet(43)) - raft.server.snapshot.auto.trigger.enabled = true (custom)
2019-10-15 13:43:24,250 [pool-423-thread-1] INFO  server.RaftServerConfigKeys (ConfUtils.java:logGet(43)) - raft.server.snapshot.auto.trigger.threshold = 10000 (custom)
2019-10-15 13:43:24,251 [pool-423-thread-1] INFO  server.RaftServerConfigKeys (ConfUtils.java:logGet(43)) - raft.server.snapshot.retention.file.num = 5 (custom)
2019-10-15 13:43:24,251 [pool-423-thread-1] INFO  server.RaftServerConfigKeys (ConfUtils.java:logGet(43)) - raft.server.retrycache.expirytime = 600000ms (custom)
2019-10-15 13:43:24,251 [IPC Server handler 2 on 42855] INFO  net.NetworkTopology (NetworkTopologyImpl.java:add(111)) - Added a new node: /default-rack/6a757eb6-bc60-4b0e-b745-15dac084ce59
2019-10-15 13:43:24,251 [IPC Server handler 2 on 42855] INFO  node.SCMNodeManager (SCMNodeManager.java:register(268)) - Registered Data node : 6a757eb6-bc60-4b0e-b745-15dac084ce59{ip: 192.168.164.217, host: pr-hdds-1228-49bgw-825838123, networkLocation: /default-rack, certSerialId: null}
2019-10-15 13:43:24,252 [pool-423-thread-1] INFO  impl.RaftServerImpl (RaftServerImpl.java:start(181)) - 1bfa82b1-c9f9-4543-ab0a-ccac2045b0c1@group-ABBF6692F38A: start as a follower, conf=-1: [1bfa82b1-c9f9-4543-ab0a-ccac2045b0c1:192.168.164.217:41553], old=null
2019-10-15 13:43:24,252 [pool-423-thread-1] INFO  impl.RaftServerImpl (RaftServerImpl.java:setRole(170)) - 1bfa82b1-c9f9-4543-ab0a-ccac2045b0c1@group-ABBF6692F38A: changes role from      null to FOLLOWER at term 0 for startAsFollower
2019-10-15 13:43:24,252 [main] INFO  ozone.MiniOzoneClusterImpl (MiniOzoneClusterImpl.java:lambda$waitForClusterToBeReady$0(147)) - Cluster is ready. Got 7 of 7 DN Heartbeats.
2019-10-15 13:43:24,252 [pool-423-thread-1] INFO  impl.RoleInfo (RoleInfo.java:updateAndGet(143)) - 1bfa82b1-c9f9-4543-ab0a-ccac2045b0c1: start FollowerState
2019-10-15 13:43:24,253 [pool-423-thread-1] INFO  util.JmxRegister (JmxRegister.java:tryRegister(44)) - Successfully registered JMX Bean with object name Ratis:service=RaftServer,group=group-ABBF6692F38A,id=1bfa82b1-c9f9-4543-ab0a-ccac2045b0c1
2019-10-15 13:43:24,262 [RatisPipelineUtilsThread] INFO  pipeline.PipelineStateManager (PipelineStateManager.java:addPipeline(56)) - Created pipeline Pipeline[ Id: 7b4d6f51-0be1-4105-93b5-abbf6692f38a, Nodes: 1bfa82b1-c9f9-4543-ab0a-ccac2045b0c1{ip: 192.168.164.217, host: pr-hdds-1228-49bgw-825838123, networkLocation: /default-rack, certSerialId: null}, Type:RATIS, Factor:ONE, State:OPEN]
2019-10-15 13:43:24,285 [grpc-default-executor-10] INFO  impl.RaftServerProxy (RaftServerProxy.java:addNew(89)) - b6c7c67f-5f79-4a81-a3c4-5368a8ae7517: addNew group-47F1990C59BF:[b6c7c67f-5f79-4a81-a3c4-5368a8ae7517:192.168.164.217:33910] returns group-47F1990C59BF:java.util.concurrent.CompletableFuture@53096ede[Not completed]
2019-10-15 13:43:24,287 [pool-433-thread-1] INFO  impl.RaftServerImpl (RaftServerImpl.java:<init>(95)) - b6c7c67f-5f79-4a81-a3c4-5368a8ae7517: new RaftServerImpl for group-47F1990C59BF:[b6c7c67f-5f79-4a81-a3c4-5368a8ae7517:192.168.164.217:33910] with ContainerStateMachine:uninitialized
2019-10-15 13:43:24,287 [pool-433-thread-1] INFO  server.RaftServerConfigKeys (ConfUtils.java:logGet(43)) - raft.server.rpc.timeout.min = 5s (custom)
2019-10-15 13:43:24,287 [pool-433-thread-1] INFO  server.RaftServerConfigKeys (ConfUtils.java:logGet(43)) - raft.server.rpc.timeout.max = 5200ms (custom)
2019-10-15 13:43:24,287 [pool-433-thread-1] INFO  server.RaftServerConfigKeys (ConfUtils.java:logGet(43)) - raft.server.rpcslowness.timeout = 120s (custom)
2019-10-15 13:43:24,289 [pool-433-thread-1] INFO  server.RaftServerConfigKeys (ConfUtils.java:logGet(43)) - raft.server.sleep.deviation.threshold = 300 (default)
2019-10-15 13:43:24,289 [pool-433-thread-1] INFO  server.RaftServerConfigKeys (ConfUtils.java:logGet(43)) - raft.server.log.appender.install.snapshot.enabled = false (custom)
2019-10-15 13:43:24,289 [pool-433-thread-1] INFO  impl.RaftServerImpl (ServerState.java:<init>(103)) - b6c7c67f-5f79-4a81-a3c4-5368a8ae7517@group-47F1990C59BF: ConfigurationManager, init=-1: [b6c7c67f-5f79-4a81-a3c4-5368a8ae7517:192.168.164.217:33910], old=null, confs=<EMPTY_MAP>
2019-10-15 13:43:24,289 [pool-433-thread-1] INFO  server.RaftServerConfigKeys (ConfUtils.java:logGet(43)) - raft.server.storage.dir = [/workdir/hadoop-ozone/integration-test/target/test-dir/MiniOzoneClusterImpl-1f29813a-1e19-43ce-b943-a1b495b6c863/datanode-5/data/ratis] (custom)
2019-10-15 13:43:24,289 [pool-433-thread-1] INFO  server.RaftServerConfigKeys (ConfUtils.java:logGet(43)) - raft.server.log.corruption.policy = EXCEPTION (default)
2019-10-15 13:43:24,290 [pool-433-thread-1] INFO  storage.RaftStorageDirectory (RaftStorageDirectory.java:analyzeStorage(246)) - The storage directory /workdir/hadoop-ozone/integration-test/target/test-dir/MiniOzoneClusterImpl-1f29813a-1e19-43ce-b943-a1b495b6c863/datanode-5/data/ratis/26a779a0-8693-4bc9-a07e-47f1990c59bf does not exist. Creating ...
2019-10-15 13:43:24,291 [main] INFO  rpc.RpcClient (RpcClient.java:createVolume(272)) - Creating Volume: watchforcommithandlingtest, with jenkins1000 as owner.
2019-10-15 13:43:24,293 [IPC Server handler 1 on 35791] INFO  volume.OMVolumeCreateRequest (OMVolumeCreateRequest.java:validateAndUpdateCache(193)) - created volume:watchforcommithandlingtest for user:jenkins1000
2019-10-15 13:43:24,304 [main] INFO  rpc.RpcClient (RpcClient.java:createBucket(411)) - Creating Bucket: watchforcommithandlingtest/watchforcommithandlingtest, with Versioning false and Storage Type set to DISK and Encryption set to false 
2019-10-15 13:43:24,314 [main] INFO  ozone.MiniOzoneClusterImpl (MiniOzoneClusterImpl.java:getStorageContainerLocationClient(234)) - Creating StorageContainerLocationProtocol RPC client with address /0.0.0.0:33637
2019-10-15 13:43:24,322 [pool-433-thread-1] INFO  storage.RaftStorageDirectory (RaftStorageDirectory.java:tryLock(328)) - Lock on /workdir/hadoop-ozone/integration-test/target/test-dir/MiniOzoneClusterImpl-1f29813a-1e19-43ce-b943-a1b495b6c863/datanode-5/data/ratis/26a779a0-8693-4bc9-a07e-47f1990c59bf/in_use.lock acquired by nodename 1895@pr-hdds-1228-49bgw-825838123
2019-10-15 13:43:24,345 [pool-433-thread-1] INFO  storage.RaftStorage (RaftStorage.java:format(84)) - Storage directory /workdir/hadoop-ozone/integration-test/target/test-dir/MiniOzoneClusterImpl-1f29813a-1e19-43ce-b943-a1b495b6c863/datanode-5/data/ratis/26a779a0-8693-4bc9-a07e-47f1990c59bf has been successfully formatted.
2019-10-15 13:43:24,346 [pool-433-thread-1] INFO  ratis.ContainerStateMachine (ContainerStateMachine.java:loadSnapshot(231)) - group-47F1990C59BF: The snapshot info is null. Setting the last applied indexto:(t:0, i:~)
2019-10-15 13:43:24,346 [pool-433-thread-1] INFO  server.RaftServerConfigKeys (ConfUtils.java:logGet(43)) - raft.server.notification.no-leader.timeout = 120s (custom)
2019-10-15 13:43:24,346 [pool-433-thread-1] INFO  server.RaftServerConfigKeys (ConfUtils.java:logGet(43)) - raft.server.log.use.memory = false (default)
2019-10-15 13:43:24,346 [pool-433-thread-1] INFO  server.RaftServerConfigKeys (ConfUtils.java:logGet(43)) - raft.server.log.purge.gap = 1000000 (custom)
2019-10-15 13:43:24,346 [pool-433-thread-1] INFO  server.RaftServerConfigKeys (ConfUtils.java:logGet(43)) - raft.server.log.appender.buffer.byte-limit = 33554432 (custom)
2019-10-15 13:43:24,346 [pool-433-thread-1] INFO  server.RaftServerConfigKeys (ConfUtils.java:logGet(43)) - raft.server.log.segment.size.max = 1048576 (custom)
2019-10-15 13:43:24,349 [pool-433-thread-1] INFO  server.RaftServerConfigKeys (ConfUtils.java:logGet(43)) - raft.server.log.segment.cache.num.max = 2 (custom)
2019-10-15 13:43:24,349 [pool-433-thread-1] INFO  segmented.SegmentedRaftLogWorker (SegmentedRaftLogWorker.java:<init>(173)) - new b6c7c67f-5f79-4a81-a3c4-5368a8ae7517@group-47F1990C59BF-SegmentedRaftLogWorker for RaftStorage:Storage Directory /workdir/hadoop-ozone/integration-test/target/test-dir/MiniOzoneClusterImpl-1f29813a-1e19-43ce-b943-a1b495b6c863/datanode-5/data/ratis/26a779a0-8693-4bc9-a07e-47f1990c59bf
2019-10-15 13:43:24,349 [pool-433-thread-1] INFO  server.RaftServerConfigKeys (ConfUtils.java:logGet(43)) - raft.server.log.queue.byte-limit = 2147483647 (custom)
2019-10-15 13:43:24,349 [pool-433-thread-1] INFO  server.RaftServerConfigKeys (ConfUtils.java:logGet(43)) - raft.server.log.queue.element-limit = 1024 (custom)
2019-10-15 13:43:24,349 [pool-433-thread-1] INFO  server.RaftServerConfigKeys (ConfUtils.java:logGet(43)) - raft.server.log.segment.size.max = 1048576 (custom)
2019-10-15 13:43:24,349 [pool-433-thread-1] INFO  server.RaftServerConfigKeys (ConfUtils.java:logGet(43)) - raft.server.log.preallocated.size = 16384 (custom)
2019-10-15 13:43:24,349 [pool-433-thread-1] INFO  server.RaftServerConfigKeys (ConfUtils.java:logGet(43)) - raft.server.log.write.buffer.size = 33554432 (custom)
2019-10-15 13:43:24,349 [pool-433-thread-1] INFO  server.RaftServerConfigKeys (ConfUtils.java:logGet(43)) - raft.server.log.force.sync.num = 128 (default)
2019-10-15 13:43:24,350 [pool-433-thread-1] INFO  server.RaftServerConfigKeys (ConfUtils.java:logGet(43)) - raft.server.log.statemachine.data.sync = true (default)
2019-10-15 13:43:24,350 [pool-433-thread-1] INFO  server.RaftServerConfigKeys (ConfUtils.java:logGet(43)) - raft.server.log.statemachine.data.sync.timeout = 10s (default)
2019-10-15 13:43:24,350 [pool-433-thread-1] INFO  server.RaftServerConfigKeys (ConfUtils.java:logGet(43)) - raft.server.log.statemachine.data.sync.timeout.retry = -1 (default)
2019-10-15 13:43:24,350 [pool-433-thread-1] INFO  server.RaftServerConfigKeys (ConfUtils.java:logGet(43)) - raft.server.log.statemachine.data.caching.enabled = true (custom)
2019-10-15 13:43:24,351 [pool-433-thread-1] INFO  segmented.SegmentedRaftLogWorker (SegmentedRaftLogWorker.java:lambda$new$0(128)) - b6c7c67f-5f79-4a81-a3c4-5368a8ae7517@group-47F1990C59BF-SegmentedRaftLogWorker: flushIndex: setUnconditionally 0 -> -1
2019-10-15 13:43:24,351 [pool-433-thread-1] INFO  server.RaftServerConfigKeys (ConfUtils.java:logGet(43)) - raft.server.snapshot.auto.trigger.enabled = true (custom)
2019-10-15 13:43:24,351 [pool-433-thread-1] INFO  server.RaftServerConfigKeys (ConfUtils.java:logGet(43)) - raft.server.snapshot.auto.trigger.threshold = 10000 (custom)
2019-10-15 13:43:24,351 [pool-433-thread-1] INFO  server.RaftServerConfigKeys (ConfUtils.java:logGet(43)) - raft.server.snapshot.retention.file.num = 5 (custom)
2019-10-15 13:43:24,351 [pool-433-thread-1] INFO  server.RaftServerConfigKeys (ConfUtils.java:logGet(43)) - raft.server.retrycache.expirytime = 600000ms (custom)
2019-10-15 13:43:24,353 [pool-433-thread-1] INFO  impl.RaftServerImpl (RaftServerImpl.java:start(181)) - b6c7c67f-5f79-4a81-a3c4-5368a8ae7517@group-47F1990C59BF: start as a follower, conf=-1: [b6c7c67f-5f79-4a81-a3c4-5368a8ae7517:192.168.164.217:33910], old=null
2019-10-15 13:43:24,354 [pool-433-thread-1] INFO  impl.RaftServerImpl (RaftServerImpl.java:setRole(170)) - b6c7c67f-5f79-4a81-a3c4-5368a8ae7517@group-47F1990C59BF: changes role from      null to FOLLOWER at term 0 for startAsFollower
2019-10-15 13:43:24,354 [pool-433-thread-1] INFO  impl.RoleInfo (RoleInfo.java:updateAndGet(143)) - b6c7c67f-5f79-4a81-a3c4-5368a8ae7517: start FollowerState
2019-10-15 13:43:24,354 [pool-433-thread-1] INFO  util.JmxRegister (JmxRegister.java:tryRegister(44)) - Successfully registered JMX Bean with object name Ratis:service=RaftServer,group=group-47F1990C59BF,id=b6c7c67f-5f79-4a81-a3c4-5368a8ae7517
2019-10-15 13:43:24,358 [RatisPipelineUtilsThread] INFO  pipeline.PipelineStateManager (PipelineStateManager.java:addPipeline(56)) - Created pipeline Pipeline[ Id: 26a779a0-8693-4bc9-a07e-47f1990c59bf, Nodes: b6c7c67f-5f79-4a81-a3c4-5368a8ae7517{ip: 192.168.164.217, host: pr-hdds-1228-49bgw-825838123, networkLocation: /default-rack, certSerialId: null}, Type:RATIS, Factor:ONE, State:OPEN]
2019-10-15 13:43:24,368 [grpc-default-executor-10] INFO  impl.RaftServerProxy (RaftServerProxy.java:addNew(89)) - 6a757eb6-bc60-4b0e-b745-15dac084ce59: addNew group-6B364F0EE7BD:[6a757eb6-bc60-4b0e-b745-15dac084ce59:192.168.164.217:34441] returns group-6B364F0EE7BD:java.util.concurrent.CompletableFuture@1283761b[Not completed]
2019-10-15 13:43:24,369 [pool-443-thread-1] INFO  impl.RaftServerImpl (RaftServerImpl.java:<init>(95)) - 6a757eb6-bc60-4b0e-b745-15dac084ce59: new RaftServerImpl for group-6B364F0EE7BD:[6a757eb6-bc60-4b0e-b745-15dac084ce59:192.168.164.217:34441] with ContainerStateMachine:uninitialized
2019-10-15 13:43:24,369 [pool-443-thread-1] INFO  server.RaftServerConfigKeys (ConfUtils.java:logGet(43)) - raft.server.rpc.timeout.min = 5s (custom)
2019-10-15 13:43:24,369 [pool-443-thread-1] INFO  server.RaftServerConfigKeys (ConfUtils.java:logGet(43)) - raft.server.rpc.timeout.max = 5200ms (custom)
2019-10-15 13:43:24,370 [pool-443-thread-1] INFO  server.RaftServerConfigKeys (ConfUtils.java:logGet(43)) - raft.server.rpcslowness.timeout = 120s (custom)
2019-10-15 13:43:24,370 [pool-443-thread-1] INFO  server.RaftServerConfigKeys (ConfUtils.java:logGet(43)) - raft.server.sleep.deviation.threshold = 300 (default)
2019-10-15 13:43:24,370 [pool-443-thread-1] INFO  server.RaftServerConfigKeys (ConfUtils.java:logGet(43)) - raft.server.log.appender.install.snapshot.enabled = false (custom)
2019-10-15 13:43:24,370 [pool-443-thread-1] INFO  impl.RaftServerImpl (ServerState.java:<init>(103)) - 6a757eb6-bc60-4b0e-b745-15dac084ce59@group-6B364F0EE7BD: ConfigurationManager, init=-1: [6a757eb6-bc60-4b0e-b745-15dac084ce59:192.168.164.217:34441], old=null, confs=<EMPTY_MAP>
2019-10-15 13:43:24,370 [pool-443-thread-1] INFO  server.RaftServerConfigKeys (ConfUtils.java:logGet(43)) - raft.server.storage.dir = [/workdir/hadoop-ozone/integration-test/target/test-dir/MiniOzoneClusterImpl-1f29813a-1e19-43ce-b943-a1b495b6c863/datanode-6/data/ratis] (custom)
2019-10-15 13:43:24,370 [pool-443-thread-1] INFO  server.RaftServerConfigKeys (ConfUtils.java:logGet(43)) - raft.server.log.corruption.policy = EXCEPTION (default)
2019-10-15 13:43:24,370 [pool-443-thread-1] INFO  storage.RaftStorageDirectory (RaftStorageDirectory.java:analyzeStorage(246)) - The storage directory /workdir/hadoop-ozone/integration-test/target/test-dir/MiniOzoneClusterImpl-1f29813a-1e19-43ce-b943-a1b495b6c863/datanode-6/data/ratis/29991c87-ceac-4ea0-a7e3-6b364f0ee7bd does not exist. Creating ...
2019-10-15 13:43:24,394 [pool-443-thread-1] INFO  storage.RaftStorageDirectory (RaftStorageDirectory.java:tryLock(328)) - Lock on /workdir/hadoop-ozone/integration-test/target/test-dir/MiniOzoneClusterImpl-1f29813a-1e19-43ce-b943-a1b495b6c863/datanode-6/data/ratis/29991c87-ceac-4ea0-a7e3-6b364f0ee7bd/in_use.lock acquired by nodename 1895@pr-hdds-1228-49bgw-825838123
2019-10-15 13:43:24,413 [pool-443-thread-1] INFO  storage.RaftStorage (RaftStorage.java:format(84)) - Storage directory /workdir/hadoop-ozone/integration-test/target/test-dir/MiniOzoneClusterImpl-1f29813a-1e19-43ce-b943-a1b495b6c863/datanode-6/data/ratis/29991c87-ceac-4ea0-a7e3-6b364f0ee7bd has been successfully formatted.
2019-10-15 13:43:24,414 [pool-443-thread-1] INFO  ratis.ContainerStateMachine (ContainerStateMachine.java:loadSnapshot(231)) - group-6B364F0EE7BD: The snapshot info is null. Setting the last applied indexto:(t:0, i:~)
2019-10-15 13:43:24,414 [pool-443-thread-1] INFO  server.RaftServerConfigKeys (ConfUtils.java:logGet(43)) - raft.server.notification.no-leader.timeout = 120s (custom)
2019-10-15 13:43:24,414 [pool-443-thread-1] INFO  server.RaftServerConfigKeys (ConfUtils.java:logGet(43)) - raft.server.log.use.memory = false (default)
2019-10-15 13:43:24,414 [pool-443-thread-1] INFO  server.RaftServerConfigKeys (ConfUtils.java:logGet(43)) - raft.server.log.purge.gap = 1000000 (custom)
2019-10-15 13:43:24,414 [pool-443-thread-1] INFO  server.RaftServerConfigKeys (ConfUtils.java:logGet(43)) - raft.server.log.appender.buffer.byte-limit = 33554432 (custom)
2019-10-15 13:43:24,414 [pool-443-thread-1] INFO  server.RaftServerConfigKeys (ConfUtils.java:logGet(43)) - raft.server.log.segment.size.max = 1048576 (custom)
2019-10-15 13:43:24,415 [pool-443-thread-1] INFO  server.RaftServerConfigKeys (ConfUtils.java:logGet(43)) - raft.server.log.segment.cache.num.max = 2 (custom)
2019-10-15 13:43:24,416 [pool-443-thread-1] INFO  segmented.SegmentedRaftLogWorker (SegmentedRaftLogWorker.java:<init>(173)) - new 6a757eb6-bc60-4b0e-b745-15dac084ce59@group-6B364F0EE7BD-SegmentedRaftLogWorker for RaftStorage:Storage Directory /workdir/hadoop-ozone/integration-test/target/test-dir/MiniOzoneClusterImpl-1f29813a-1e19-43ce-b943-a1b495b6c863/datanode-6/data/ratis/29991c87-ceac-4ea0-a7e3-6b364f0ee7bd
2019-10-15 13:43:24,416 [pool-443-thread-1] INFO  server.RaftServerConfigKeys (ConfUtils.java:logGet(43)) - raft.server.log.queue.byte-limit = 2147483647 (custom)
2019-10-15 13:43:24,416 [pool-443-thread-1] INFO  server.RaftServerConfigKeys (ConfUtils.java:logGet(43)) - raft.server.log.queue.element-limit = 1024 (custom)
2019-10-15 13:43:24,416 [pool-443-thread-1] INFO  server.RaftServerConfigKeys (ConfUtils.java:logGet(43)) - raft.server.log.segment.size.max = 1048576 (custom)
2019-10-15 13:43:24,416 [pool-443-thread-1] INFO  server.RaftServerConfigKeys (ConfUtils.java:logGet(43)) - raft.server.log.preallocated.size = 16384 (custom)
2019-10-15 13:43:24,416 [pool-443-thread-1] INFO  server.RaftServerConfigKeys (ConfUtils.java:logGet(43)) - raft.server.log.write.buffer.size = 33554432 (custom)
2019-10-15 13:43:24,416 [pool-443-thread-1] INFO  server.RaftServerConfigKeys (ConfUtils.java:logGet(43)) - raft.server.log.force.sync.num = 128 (default)
2019-10-15 13:43:24,416 [pool-443-thread-1] INFO  server.RaftServerConfigKeys (ConfUtils.java:logGet(43)) - raft.server.log.statemachine.data.sync = true (default)
2019-10-15 13:43:24,416 [pool-443-thread-1] INFO  server.RaftServerConfigKeys (ConfUtils.java:logGet(43)) - raft.server.log.statemachine.data.sync.timeout = 10s (default)
2019-10-15 13:43:24,416 [pool-443-thread-1] INFO  server.RaftServerConfigKeys (ConfUtils.java:logGet(43)) - raft.server.log.statemachine.data.sync.timeout.retry = -1 (default)
2019-10-15 13:43:24,417 [pool-443-thread-1] INFO  server.RaftServerConfigKeys (ConfUtils.java:logGet(43)) - raft.server.log.statemachine.data.caching.enabled = true (custom)
2019-10-15 13:43:24,417 [pool-443-thread-1] INFO  segmented.SegmentedRaftLogWorker (SegmentedRaftLogWorker.java:lambda$new$0(128)) - 6a757eb6-bc60-4b0e-b745-15dac084ce59@group-6B364F0EE7BD-SegmentedRaftLogWorker: flushIndex: setUnconditionally 0 -> -1
2019-10-15 13:43:24,417 [pool-443-thread-1] INFO  server.RaftServerConfigKeys (ConfUtils.java:logGet(43)) - raft.server.snapshot.auto.trigger.enabled = true (custom)
2019-10-15 13:43:24,417 [pool-443-thread-1] INFO  server.RaftServerConfigKeys (ConfUtils.java:logGet(43)) - raft.server.snapshot.auto.trigger.threshold = 10000 (custom)
2019-10-15 13:43:24,417 [pool-443-thread-1] INFO  server.RaftServerConfigKeys (ConfUtils.java:logGet(43)) - raft.server.snapshot.retention.file.num = 5 (custom)
2019-10-15 13:43:24,417 [pool-443-thread-1] INFO  server.RaftServerConfigKeys (ConfUtils.java:logGet(43)) - raft.server.retrycache.expirytime = 600000ms (custom)
2019-10-15 13:43:24,418 [pool-443-thread-1] INFO  impl.RaftServerImpl (RaftServerImpl.java:start(181)) - 6a757eb6-bc60-4b0e-b745-15dac084ce59@group-6B364F0EE7BD: start as a follower, conf=-1: [6a757eb6-bc60-4b0e-b745-15dac084ce59:192.168.164.217:34441], old=null
2019-10-15 13:43:24,419 [pool-443-thread-1] INFO  impl.RaftServerImpl (RaftServerImpl.java:setRole(170)) - 6a757eb6-bc60-4b0e-b745-15dac084ce59@group-6B364F0EE7BD: changes role from      null to FOLLOWER at term 0 for startAsFollower
2019-10-15 13:43:24,419 [pool-443-thread-1] INFO  impl.RoleInfo (RoleInfo.java:updateAndGet(143)) - 6a757eb6-bc60-4b0e-b745-15dac084ce59: start FollowerState
2019-10-15 13:43:24,419 [pool-443-thread-1] INFO  util.JmxRegister (JmxRegister.java:tryRegister(44)) - Successfully registered JMX Bean with object name Ratis:service=RaftServer,group=group-6B364F0EE7BD,id=6a757eb6-bc60-4b0e-b745-15dac084ce59
2019-10-15 13:43:24,422 [RatisPipelineUtilsThread] INFO  pipeline.PipelineStateManager (PipelineStateManager.java:addPipeline(56)) - Created pipeline Pipeline[ Id: 29991c87-ceac-4ea0-a7e3-6b364f0ee7bd, Nodes: 6a757eb6-bc60-4b0e-b745-15dac084ce59{ip: 192.168.164.217, host: pr-hdds-1228-49bgw-825838123, networkLocation: /default-rack, certSerialId: null}, Type:RATIS, Factor:ONE, State:OPEN]
2019-10-15 13:43:24,432 [grpc-default-executor-4] INFO  impl.RaftServerProxy (RaftServerProxy.java:addNew(89)) - 1bfa82b1-c9f9-4543-ab0a-ccac2045b0c1: addNew group-587B18C3500F:[b6c7c67f-5f79-4a81-a3c4-5368a8ae7517:192.168.164.217:33910, ab6820c9-6f85-4050-a44b-975c9b561d1e:192.168.164.217:43454, 1bfa82b1-c9f9-4543-ab0a-ccac2045b0c1:192.168.164.217:41553] returns group-587B18C3500F:java.util.concurrent.CompletableFuture@2b07781b[Not completed]
2019-10-15 13:43:24,432 [grpc-default-executor-10] INFO  impl.RaftServerProxy (RaftServerProxy.java:addNew(89)) - b6c7c67f-5f79-4a81-a3c4-5368a8ae7517: addNew group-587B18C3500F:[b6c7c67f-5f79-4a81-a3c4-5368a8ae7517:192.168.164.217:33910, ab6820c9-6f85-4050-a44b-975c9b561d1e:192.168.164.217:43454, 1bfa82b1-c9f9-4543-ab0a-ccac2045b0c1:192.168.164.217:41553] returns group-587B18C3500F:java.util.concurrent.CompletableFuture@710dfaf8[Not completed]
2019-10-15 13:43:24,432 [grpc-default-executor-8] INFO  impl.RaftServerProxy (RaftServerProxy.java:addNew(89)) - ab6820c9-6f85-4050-a44b-975c9b561d1e: addNew group-587B18C3500F:[b6c7c67f-5f79-4a81-a3c4-5368a8ae7517:192.168.164.217:33910, ab6820c9-6f85-4050-a44b-975c9b561d1e:192.168.164.217:43454, 1bfa82b1-c9f9-4543-ab0a-ccac2045b0c1:192.168.164.217:41553] returns group-587B18C3500F:java.util.concurrent.CompletableFuture@772187aa[Not completed]
2019-10-15 13:43:24,435 [pool-433-thread-1] INFO  impl.RaftServerImpl (RaftServerImpl.java:<init>(95)) - b6c7c67f-5f79-4a81-a3c4-5368a8ae7517: new RaftServerImpl for group-587B18C3500F:[b6c7c67f-5f79-4a81-a3c4-5368a8ae7517:192.168.164.217:33910, ab6820c9-6f85-4050-a44b-975c9b561d1e:192.168.164.217:43454, 1bfa82b1-c9f9-4543-ab0a-ccac2045b0c1:192.168.164.217:41553] with ContainerStateMachine:uninitialized
2019-10-15 13:43:24,435 [pool-433-thread-1] INFO  server.RaftServerConfigKeys (ConfUtils.java:logGet(43)) - raft.server.rpc.timeout.min = 5s (custom)
2019-10-15 13:43:24,435 [pool-433-thread-1] INFO  server.RaftServerConfigKeys (ConfUtils.java:logGet(43)) - raft.server.rpc.timeout.max = 5200ms (custom)
2019-10-15 13:43:24,435 [pool-433-thread-1] INFO  server.RaftServerConfigKeys (ConfUtils.java:logGet(43)) - raft.server.rpcslowness.timeout = 120s (custom)
2019-10-15 13:43:24,435 [pool-433-thread-1] INFO  server.RaftServerConfigKeys (ConfUtils.java:logGet(43)) - raft.server.sleep.deviation.threshold = 300 (default)
2019-10-15 13:43:24,436 [pool-433-thread-1] INFO  server.RaftServerConfigKeys (ConfUtils.java:logGet(43)) - raft.server.log.appender.install.snapshot.enabled = false (custom)
2019-10-15 13:43:24,436 [pool-413-thread-1] INFO  impl.RaftServerImpl (RaftServerImpl.java:<init>(95)) - ab6820c9-6f85-4050-a44b-975c9b561d1e: new RaftServerImpl for group-587B18C3500F:[b6c7c67f-5f79-4a81-a3c4-5368a8ae7517:192.168.164.217:33910, ab6820c9-6f85-4050-a44b-975c9b561d1e:192.168.164.217:43454, 1bfa82b1-c9f9-4543-ab0a-ccac2045b0c1:192.168.164.217:41553] with ContainerStateMachine:uninitialized
2019-10-15 13:43:24,436 [pool-433-thread-1] INFO  impl.RaftServerImpl (ServerState.java:<init>(103)) - b6c7c67f-5f79-4a81-a3c4-5368a8ae7517@group-587B18C3500F: ConfigurationManager, init=-1: [b6c7c67f-5f79-4a81-a3c4-5368a8ae7517:192.168.164.217:33910, ab6820c9-6f85-4050-a44b-975c9b561d1e:192.168.164.217:43454, 1bfa82b1-c9f9-4543-ab0a-ccac2045b0c1:192.168.164.217:41553], old=null, confs=<EMPTY_MAP>
2019-10-15 13:43:24,436 [pool-413-thread-1] INFO  server.RaftServerConfigKeys (ConfUtils.java:logGet(43)) - raft.server.rpc.timeout.min = 5s (custom)
2019-10-15 13:43:24,436 [pool-433-thread-1] INFO  server.RaftServerConfigKeys (ConfUtils.java:logGet(43)) - raft.server.storage.dir = [/workdir/hadoop-ozone/integration-test/target/test-dir/MiniOzoneClusterImpl-1f29813a-1e19-43ce-b943-a1b495b6c863/datanode-5/data/ratis] (custom)
2019-10-15 13:43:24,436 [pool-413-thread-1] INFO  server.RaftServerConfigKeys (ConfUtils.java:logGet(43)) - raft.server.rpc.timeout.max = 5200ms (custom)
2019-10-15 13:43:24,437 [pool-413-thread-1] INFO  server.RaftServerConfigKeys (ConfUtils.java:logGet(43)) - raft.server.rpcslowness.timeout = 120s (custom)
2019-10-15 13:43:24,437 [pool-423-thread-1] INFO  impl.RaftServerImpl (RaftServerImpl.java:<init>(95)) - 1bfa82b1-c9f9-4543-ab0a-ccac2045b0c1: new RaftServerImpl for group-587B18C3500F:[b6c7c67f-5f79-4a81-a3c4-5368a8ae7517:192.168.164.217:33910, ab6820c9-6f85-4050-a44b-975c9b561d1e:192.168.164.217:43454, 1bfa82b1-c9f9-4543-ab0a-ccac2045b0c1:192.168.164.217:41553] with ContainerStateMachine:uninitialized
2019-10-15 13:43:24,437 [pool-433-thread-1] INFO  server.RaftServerConfigKeys (ConfUtils.java:logGet(43)) - raft.server.log.corruption.policy = EXCEPTION (default)
2019-10-15 13:43:24,437 [pool-423-thread-1] INFO  server.RaftServerConfigKeys (ConfUtils.java:logGet(43)) - raft.server.rpc.timeout.min = 5s (custom)
2019-10-15 13:43:24,437 [pool-413-thread-1] INFO  server.RaftServerConfigKeys (ConfUtils.java:logGet(43)) - raft.server.sleep.deviation.threshold = 300 (default)
2019-10-15 13:43:24,437 [pool-423-thread-1] INFO  server.RaftServerConfigKeys (ConfUtils.java:logGet(43)) - raft.server.rpc.timeout.max = 5200ms (custom)
2019-10-15 13:43:24,437 [pool-433-thread-1] INFO  storage.RaftStorageDirectory (RaftStorageDirectory.java:analyzeStorage(246)) - The storage directory /workdir/hadoop-ozone/integration-test/target/test-dir/MiniOzoneClusterImpl-1f29813a-1e19-43ce-b943-a1b495b6c863/datanode-5/data/ratis/85a8f3c3-6a16-46a6-bddf-587b18c3500f does not exist. Creating ...
2019-10-15 13:43:24,437 [pool-423-thread-1] INFO  server.RaftServerConfigKeys (ConfUtils.java:logGet(43)) - raft.server.rpcslowness.timeout = 120s (custom)
2019-10-15 13:43:24,437 [pool-413-thread-1] INFO  server.RaftServerConfigKeys (ConfUtils.java:logGet(43)) - raft.server.log.appender.install.snapshot.enabled = false (custom)
2019-10-15 13:43:24,438 [pool-423-thread-1] INFO  server.RaftServerConfigKeys (ConfUtils.java:logGet(43)) - raft.server.sleep.deviation.threshold = 300 (default)
2019-10-15 13:43:24,438 [pool-413-thread-1] INFO  impl.RaftServerImpl (ServerState.java:<init>(103)) - ab6820c9-6f85-4050-a44b-975c9b561d1e@group-587B18C3500F: ConfigurationManager, init=-1: [b6c7c67f-5f79-4a81-a3c4-5368a8ae7517:192.168.164.217:33910, ab6820c9-6f85-4050-a44b-975c9b561d1e:192.168.164.217:43454, 1bfa82b1-c9f9-4543-ab0a-ccac2045b0c1:192.168.164.217:41553], old=null, confs=<EMPTY_MAP>
2019-10-15 13:43:24,438 [pool-423-thread-1] INFO  server.RaftServerConfigKeys (ConfUtils.java:logGet(43)) - raft.server.log.appender.install.snapshot.enabled = false (custom)
2019-10-15 13:43:24,438 [pool-413-thread-1] INFO  server.RaftServerConfigKeys (ConfUtils.java:logGet(43)) - raft.server.storage.dir = [/workdir/hadoop-ozone/integration-test/target/test-dir/MiniOzoneClusterImpl-1f29813a-1e19-43ce-b943-a1b495b6c863/datanode-3/data/ratis] (custom)
2019-10-15 13:43:24,438 [pool-423-thread-1] INFO  impl.RaftServerImpl (ServerState.java:<init>(103)) - 1bfa82b1-c9f9-4543-ab0a-ccac2045b0c1@group-587B18C3500F: ConfigurationManager, init=-1: [b6c7c67f-5f79-4a81-a3c4-5368a8ae7517:192.168.164.217:33910, ab6820c9-6f85-4050-a44b-975c9b561d1e:192.168.164.217:43454, 1bfa82b1-c9f9-4543-ab0a-ccac2045b0c1:192.168.164.217:41553], old=null, confs=<EMPTY_MAP>
2019-10-15 13:43:24,438 [pool-413-thread-1] INFO  server.RaftServerConfigKeys (ConfUtils.java:logGet(43)) - raft.server.log.corruption.policy = EXCEPTION (default)
2019-10-15 13:43:24,438 [pool-423-thread-1] INFO  server.RaftServerConfigKeys (ConfUtils.java:logGet(43)) - raft.server.storage.dir = [/workdir/hadoop-ozone/integration-test/target/test-dir/MiniOzoneClusterImpl-1f29813a-1e19-43ce-b943-a1b495b6c863/datanode-4/data/ratis] (custom)
2019-10-15 13:43:24,439 [pool-413-thread-1] INFO  storage.RaftStorageDirectory (RaftStorageDirectory.java:analyzeStorage(246)) - The storage directory /workdir/hadoop-ozone/integration-test/target/test-dir/MiniOzoneClusterImpl-1f29813a-1e19-43ce-b943-a1b495b6c863/datanode-3/data/ratis/85a8f3c3-6a16-46a6-bddf-587b18c3500f does not exist. Creating ...
2019-10-15 13:43:24,439 [pool-423-thread-1] INFO  server.RaftServerConfigKeys (ConfUtils.java:logGet(43)) - raft.server.log.corruption.policy = EXCEPTION (default)
2019-10-15 13:43:24,439 [pool-423-thread-1] INFO  storage.RaftStorageDirectory (RaftStorageDirectory.java:analyzeStorage(246)) - The storage directory /workdir/hadoop-ozone/integration-test/target/test-dir/MiniOzoneClusterImpl-1f29813a-1e19-43ce-b943-a1b495b6c863/datanode-4/data/ratis/85a8f3c3-6a16-46a6-bddf-587b18c3500f does not exist. Creating ...
2019-10-15 13:43:24,461 [pool-423-thread-1] INFO  storage.RaftStorageDirectory (RaftStorageDirectory.java:tryLock(328)) - Lock on /workdir/hadoop-ozone/integration-test/target/test-dir/MiniOzoneClusterImpl-1f29813a-1e19-43ce-b943-a1b495b6c863/datanode-4/data/ratis/85a8f3c3-6a16-46a6-bddf-587b18c3500f/in_use.lock acquired by nodename 1895@pr-hdds-1228-49bgw-825838123
2019-10-15 13:43:24,461 [pool-413-thread-1] INFO  storage.RaftStorageDirectory (RaftStorageDirectory.java:tryLock(328)) - Lock on /workdir/hadoop-ozone/integration-test/target/test-dir/MiniOzoneClusterImpl-1f29813a-1e19-43ce-b943-a1b495b6c863/datanode-3/data/ratis/85a8f3c3-6a16-46a6-bddf-587b18c3500f/in_use.lock acquired by nodename 1895@pr-hdds-1228-49bgw-825838123
2019-10-15 13:43:24,461 [pool-433-thread-1] INFO  storage.RaftStorageDirectory (RaftStorageDirectory.java:tryLock(328)) - Lock on /workdir/hadoop-ozone/integration-test/target/test-dir/MiniOzoneClusterImpl-1f29813a-1e19-43ce-b943-a1b495b6c863/datanode-5/data/ratis/85a8f3c3-6a16-46a6-bddf-587b18c3500f/in_use.lock acquired by nodename 1895@pr-hdds-1228-49bgw-825838123
2019-10-15 13:43:24,484 [pool-413-thread-1] INFO  storage.RaftStorage (RaftStorage.java:format(84)) - Storage directory /workdir/hadoop-ozone/integration-test/target/test-dir/MiniOzoneClusterImpl-1f29813a-1e19-43ce-b943-a1b495b6c863/datanode-3/data/ratis/85a8f3c3-6a16-46a6-bddf-587b18c3500f has been successfully formatted.
2019-10-15 13:43:24,484 [pool-433-thread-1] INFO  storage.RaftStorage (RaftStorage.java:format(84)) - Storage directory /workdir/hadoop-ozone/integration-test/target/test-dir/MiniOzoneClusterImpl-1f29813a-1e19-43ce-b943-a1b495b6c863/datanode-5/data/ratis/85a8f3c3-6a16-46a6-bddf-587b18c3500f has been successfully formatted.
2019-10-15 13:43:24,484 [pool-423-thread-1] INFO  storage.RaftStorage (RaftStorage.java:format(84)) - Storage directory /workdir/hadoop-ozone/integration-test/target/test-dir/MiniOzoneClusterImpl-1f29813a-1e19-43ce-b943-a1b495b6c863/datanode-4/data/ratis/85a8f3c3-6a16-46a6-bddf-587b18c3500f has been successfully formatted.
2019-10-15 13:43:24,485 [pool-433-thread-1] INFO  ratis.ContainerStateMachine (ContainerStateMachine.java:loadSnapshot(231)) - group-587B18C3500F: The snapshot info is null. Setting the last applied indexto:(t:0, i:~)
2019-10-15 13:43:24,485 [pool-423-thread-1] INFO  ratis.ContainerStateMachine (ContainerStateMachine.java:loadSnapshot(231)) - group-587B18C3500F: The snapshot info is null. Setting the last applied indexto:(t:0, i:~)
2019-10-15 13:43:24,484 [pool-413-thread-1] INFO  ratis.ContainerStateMachine (ContainerStateMachine.java:loadSnapshot(231)) - group-587B18C3500F: The snapshot info is null. Setting the last applied indexto:(t:0, i:~)
2019-10-15 13:43:24,485 [pool-423-thread-1] INFO  server.RaftServerConfigKeys (ConfUtils.java:logGet(43)) - raft.server.notification.no-leader.timeout = 120s (custom)
2019-10-15 13:43:24,485 [pool-433-thread-1] INFO  server.RaftServerConfigKeys (ConfUtils.java:logGet(43)) - raft.server.notification.no-leader.timeout = 120s (custom)
2019-10-15 13:43:24,485 [pool-423-thread-1] INFO  server.RaftServerConfigKeys (ConfUtils.java:logGet(43)) - raft.server.log.use.memory = false (default)
2019-10-15 13:43:24,485 [pool-413-thread-1] INFO  server.RaftServerConfigKeys (ConfUtils.java:logGet(43)) - raft.server.notification.no-leader.timeout = 120s (custom)
2019-10-15 13:43:24,485 [pool-423-thread-1] INFO  server.RaftServerConfigKeys (ConfUtils.java:logGet(43)) - raft.server.log.purge.gap = 1000000 (custom)
2019-10-15 13:43:24,485 [pool-433-thread-1] INFO  server.RaftServerConfigKeys (ConfUtils.java:logGet(43)) - raft.server.log.use.memory = false (default)
2019-10-15 13:43:24,486 [pool-423-thread-1] INFO  server.RaftServerConfigKeys (ConfUtils.java:logGet(43)) - raft.server.log.appender.buffer.byte-limit = 33554432 (custom)
2019-10-15 13:43:24,485 [pool-413-thread-1] INFO  server.RaftServerConfigKeys (ConfUtils.java:logGet(43)) - raft.server.log.use.memory = false (default)
2019-10-15 13:43:24,486 [pool-423-thread-1] INFO  server.RaftServerConfigKeys (ConfUtils.java:logGet(43)) - raft.server.log.segment.size.max = 1048576 (custom)
2019-10-15 13:43:24,486 [pool-433-thread-1] INFO  server.RaftServerConfigKeys (ConfUtils.java:logGet(43)) - raft.server.log.purge.gap = 1000000 (custom)
2019-10-15 13:43:24,486 [pool-423-thread-1] INFO  server.RaftServerConfigKeys (ConfUtils.java:logGet(43)) - raft.server.log.segment.cache.num.max = 2 (custom)
2019-10-15 13:43:24,486 [pool-413-thread-1] INFO  server.RaftServerConfigKeys (ConfUtils.java:logGet(43)) - raft.server.log.purge.gap = 1000000 (custom)
2019-10-15 13:43:24,486 [pool-423-thread-1] INFO  segmented.SegmentedRaftLogWorker (SegmentedRaftLogWorker.java:<init>(173)) - new 1bfa82b1-c9f9-4543-ab0a-ccac2045b0c1@group-587B18C3500F-SegmentedRaftLogWorker for RaftStorage:Storage Directory /workdir/hadoop-ozone/integration-test/target/test-dir/MiniOzoneClusterImpl-1f29813a-1e19-43ce-b943-a1b495b6c863/datanode-4/data/ratis/85a8f3c3-6a16-46a6-bddf-587b18c3500f
2019-10-15 13:43:24,486 [pool-433-thread-1] INFO  server.RaftServerConfigKeys (ConfUtils.java:logGet(43)) - raft.server.log.appender.buffer.byte-limit = 33554432 (custom)
2019-10-15 13:43:24,487 [pool-423-thread-1] INFO  server.RaftServerConfigKeys (ConfUtils.java:logGet(43)) - raft.server.log.queue.byte-limit = 2147483647 (custom)
2019-10-15 13:43:24,486 [pool-413-thread-1] INFO  server.RaftServerConfigKeys (ConfUtils.java:logGet(43)) - raft.server.log.appender.buffer.byte-limit = 33554432 (custom)
2019-10-15 13:43:24,487 [pool-423-thread-1] INFO  server.RaftServerConfigKeys (ConfUtils.java:logGet(43)) - raft.server.log.queue.element-limit = 1024 (custom)
2019-10-15 13:43:24,487 [pool-433-thread-1] INFO  server.RaftServerConfigKeys (ConfUtils.java:logGet(43)) - raft.server.log.segment.size.max = 1048576 (custom)
2019-10-15 13:43:24,487 [pool-423-thread-1] INFO  server.RaftServerConfigKeys (ConfUtils.java:logGet(43)) - raft.server.log.segment.size.max = 1048576 (custom)
2019-10-15 13:43:24,487 [pool-413-thread-1] INFO  server.RaftServerConfigKeys (ConfUtils.java:logGet(43)) - raft.server.log.segment.size.max = 1048576 (custom)
2019-10-15 13:43:24,487 [pool-423-thread-1] INFO  server.RaftServerConfigKeys (ConfUtils.java:logGet(43)) - raft.server.log.preallocated.size = 16384 (custom)
2019-10-15 13:43:24,487 [pool-433-thread-1] INFO  server.RaftServerConfigKeys (ConfUtils.java:logGet(43)) - raft.server.log.segment.cache.num.max = 2 (custom)
2019-10-15 13:43:24,488 [pool-423-thread-1] INFO  server.RaftServerConfigKeys (ConfUtils.java:logGet(43)) - raft.server.log.write.buffer.size = 33554432 (custom)
2019-10-15 13:43:24,487 [pool-413-thread-1] INFO  server.RaftServerConfigKeys (ConfUtils.java:logGet(43)) - raft.server.log.segment.cache.num.max = 2 (custom)
2019-10-15 13:43:24,488 [pool-423-thread-1] INFO  server.RaftServerConfigKeys (ConfUtils.java:logGet(43)) - raft.server.log.force.sync.num = 128 (default)
2019-10-15 13:43:24,488 [pool-433-thread-1] INFO  segmented.SegmentedRaftLogWorker (SegmentedRaftLogWorker.java:<init>(173)) - new b6c7c67f-5f79-4a81-a3c4-5368a8ae7517@group-587B18C3500F-SegmentedRaftLogWorker for RaftStorage:Storage Directory /workdir/hadoop-ozone/integration-test/target/test-dir/MiniOzoneClusterImpl-1f29813a-1e19-43ce-b943-a1b495b6c863/datanode-5/data/ratis/85a8f3c3-6a16-46a6-bddf-587b18c3500f
2019-10-15 13:43:24,488 [pool-423-thread-1] INFO  server.RaftServerConfigKeys (ConfUtils.java:logGet(43)) - raft.server.log.statemachine.data.sync = true (default)
2019-10-15 13:43:24,489 [pool-423-thread-1] INFO  server.RaftServerConfigKeys (ConfUtils.java:logGet(43)) - raft.server.log.statemachine.data.sync.timeout = 10s (default)
2019-10-15 13:43:24,488 [pool-413-thread-1] INFO  segmented.SegmentedRaftLogWorker (SegmentedRaftLogWorker.java:<init>(173)) - new ab6820c9-6f85-4050-a44b-975c9b561d1e@group-587B18C3500F-SegmentedRaftLogWorker for RaftStorage:Storage Directory /workdir/hadoop-ozone/integration-test/target/test-dir/MiniOzoneClusterImpl-1f29813a-1e19-43ce-b943-a1b495b6c863/datanode-3/data/ratis/85a8f3c3-6a16-46a6-bddf-587b18c3500f
2019-10-15 13:43:24,489 [pool-423-thread-1] INFO  server.RaftServerConfigKeys (ConfUtils.java:logGet(43)) - raft.server.log.statemachine.data.sync.timeout.retry = -1 (default)
2019-10-15 13:43:24,488 [pool-433-thread-1] INFO  server.RaftServerConfigKeys (ConfUtils.java:logGet(43)) - raft.server.log.queue.byte-limit = 2147483647 (custom)
2019-10-15 13:43:24,489 [pool-413-thread-1] INFO  server.RaftServerConfigKeys (ConfUtils.java:logGet(43)) - raft.server.log.queue.byte-limit = 2147483647 (custom)
2019-10-15 13:43:24,489 [pool-423-thread-1] INFO  server.RaftServerConfigKeys (ConfUtils.java:logGet(43)) - raft.server.log.statemachine.data.caching.enabled = true (custom)
2019-10-15 13:43:24,489 [pool-433-thread-1] INFO  server.RaftServerConfigKeys (ConfUtils.java:logGet(43)) - raft.server.log.queue.element-limit = 1024 (custom)
2019-10-15 13:43:24,489 [pool-413-thread-1] INFO  server.RaftServerConfigKeys (ConfUtils.java:logGet(43)) - raft.server.log.queue.element-limit = 1024 (custom)
2019-10-15 13:43:24,490 [pool-433-thread-1] INFO  server.RaftServerConfigKeys (ConfUtils.java:logGet(43)) - raft.server.log.segment.size.max = 1048576 (custom)
2019-10-15 13:43:24,490 [pool-423-thread-1] INFO  segmented.SegmentedRaftLogWorker (SegmentedRaftLogWorker.java:lambda$new$0(128)) - 1bfa82b1-c9f9-4543-ab0a-ccac2045b0c1@group-587B18C3500F-SegmentedRaftLogWorker: flushIndex: setUnconditionally 0 -> -1
2019-10-15 13:43:24,490 [pool-413-thread-1] INFO  server.RaftServerConfigKeys (ConfUtils.java:logGet(43)) - raft.server.log.segment.size.max = 1048576 (custom)
2019-10-15 13:43:24,490 [pool-433-thread-1] INFO  server.RaftServerConfigKeys (ConfUtils.java:logGet(43)) - raft.server.log.preallocated.size = 16384 (custom)
2019-10-15 13:43:24,490 [pool-413-thread-1] INFO  server.RaftServerConfigKeys (ConfUtils.java:logGet(43)) - raft.server.log.preallocated.size = 16384 (custom)
2019-10-15 13:43:24,490 [pool-433-thread-1] INFO  server.RaftServerConfigKeys (ConfUtils.java:logGet(43)) - raft.server.log.write.buffer.size = 33554432 (custom)
2019-10-15 13:43:24,490 [pool-423-thread-1] INFO  server.RaftServerConfigKeys (ConfUtils.java:logGet(43)) - raft.server.snapshot.auto.trigger.enabled = true (custom)
2019-10-15 13:43:24,491 [pool-433-thread-1] INFO  server.RaftServerConfigKeys (ConfUtils.java:logGet(43)) - raft.server.log.force.sync.num = 128 (default)
2019-10-15 13:43:24,490 [pool-413-thread-1] INFO  server.RaftServerConfigKeys (ConfUtils.java:logGet(43)) - raft.server.log.write.buffer.size = 33554432 (custom)
2019-10-15 13:43:24,491 [pool-433-thread-1] INFO  server.RaftServerConfigKeys (ConfUtils.java:logGet(43)) - raft.server.log.statemachine.data.sync = true (default)
2019-10-15 13:43:24,491 [pool-423-thread-1] INFO  server.RaftServerConfigKeys (ConfUtils.java:logGet(43)) - raft.server.snapshot.auto.trigger.threshold = 10000 (custom)
2019-10-15 13:43:24,491 [pool-433-thread-1] INFO  server.RaftServerConfigKeys (ConfUtils.java:logGet(43)) - raft.server.log.statemachine.data.sync.timeout = 10s (default)
2019-10-15 13:43:24,491 [pool-413-thread-1] INFO  server.RaftServerConfigKeys (ConfUtils.java:logGet(43)) - raft.server.log.force.sync.num = 128 (default)
2019-10-15 13:43:24,491 [pool-433-thread-1] INFO  server.RaftServerConfigKeys (ConfUtils.java:logGet(43)) - raft.server.log.statemachine.data.sync.timeout.retry = -1 (default)
2019-10-15 13:43:24,491 [pool-423-thread-1] INFO  server.RaftServerConfigKeys (ConfUtils.java:logGet(43)) - raft.server.snapshot.retention.file.num = 5 (custom)
2019-10-15 13:43:24,492 [pool-433-thread-1] INFO  server.RaftServerConfigKeys (ConfUtils.java:logGet(43)) - raft.server.log.statemachine.data.caching.enabled = true (custom)
2019-10-15 13:43:24,491 [pool-413-thread-1] INFO  server.RaftServerConfigKeys (ConfUtils.java:logGet(43)) - raft.server.log.statemachine.data.sync = true (default)
2019-10-15 13:43:24,492 [pool-423-thread-1] INFO  server.RaftServerConfigKeys (ConfUtils.java:logGet(43)) - raft.server.retrycache.expirytime = 600000ms (custom)
2019-10-15 13:43:24,492 [pool-433-thread-1] INFO  segmented.SegmentedRaftLogWorker (SegmentedRaftLogWorker.java:lambda$new$0(128)) - b6c7c67f-5f79-4a81-a3c4-5368a8ae7517@group-587B18C3500F-SegmentedRaftLogWorker: flushIndex: setUnconditionally 0 -> -1
2019-10-15 13:43:24,492 [pool-413-thread-1] INFO  server.RaftServerConfigKeys (ConfUtils.java:logGet(43)) - raft.server.log.statemachine.data.sync.timeout = 10s (default)
2019-10-15 13:43:24,492 [pool-413-thread-1] INFO  server.RaftServerConfigKeys (ConfUtils.java:logGet(43)) - raft.server.log.statemachine.data.sync.timeout.retry = -1 (default)
2019-10-15 13:43:24,492 [pool-433-thread-1] INFO  server.RaftServerConfigKeys (ConfUtils.java:logGet(43)) - raft.server.snapshot.auto.trigger.enabled = true (custom)
2019-10-15 13:43:24,492 [pool-413-thread-1] INFO  server.RaftServerConfigKeys (ConfUtils.java:logGet(43)) - raft.server.log.statemachine.data.caching.enabled = true (custom)
2019-10-15 13:43:24,493 [pool-433-thread-1] INFO  server.RaftServerConfigKeys (ConfUtils.java:logGet(43)) - raft.server.snapshot.auto.trigger.threshold = 10000 (custom)
2019-10-15 13:43:24,493 [pool-413-thread-1] INFO  segmented.SegmentedRaftLogWorker (SegmentedRaftLogWorker.java:lambda$new$0(128)) - ab6820c9-6f85-4050-a44b-975c9b561d1e@group-587B18C3500F-SegmentedRaftLogWorker: flushIndex: setUnconditionally 0 -> -1
2019-10-15 13:43:24,493 [pool-433-thread-1] INFO  server.RaftServerConfigKeys (ConfUtils.java:logGet(43)) - raft.server.snapshot.retention.file.num = 5 (custom)
2019-10-15 13:43:24,493 [pool-413-thread-1] INFO  server.RaftServerConfigKeys (ConfUtils.java:logGet(43)) - raft.server.snapshot.auto.trigger.enabled = true (custom)
2019-10-15 13:43:24,493 [pool-433-thread-1] INFO  server.RaftServerConfigKeys (ConfUtils.java:logGet(43)) - raft.server.retrycache.expirytime = 600000ms (custom)
2019-10-15 13:43:24,493 [pool-413-thread-1] INFO  server.RaftServerConfigKeys (ConfUtils.java:logGet(43)) - raft.server.snapshot.auto.trigger.threshold = 10000 (custom)
2019-10-15 13:43:24,493 [pool-413-thread-1] INFO  server.RaftServerConfigKeys (ConfUtils.java:logGet(43)) - raft.server.snapshot.retention.file.num = 5 (custom)
2019-10-15 13:43:24,493 [pool-413-thread-1] INFO  server.RaftServerConfigKeys (ConfUtils.java:logGet(43)) - raft.server.retrycache.expirytime = 600000ms (custom)
2019-10-15 13:43:24,495 [pool-423-thread-1] INFO  impl.RaftServerImpl (RaftServerImpl.java:start(181)) - 1bfa82b1-c9f9-4543-ab0a-ccac2045b0c1@group-587B18C3500F: start as a follower, conf=-1: [b6c7c67f-5f79-4a81-a3c4-5368a8ae7517:192.168.164.217:33910, ab6820c9-6f85-4050-a44b-975c9b561d1e:192.168.164.217:43454, 1bfa82b1-c9f9-4543-ab0a-ccac2045b0c1:192.168.164.217:41553], old=null
2019-10-15 13:43:24,495 [pool-423-thread-1] INFO  impl.RaftServerImpl (RaftServerImpl.java:setRole(170)) - 1bfa82b1-c9f9-4543-ab0a-ccac2045b0c1@group-587B18C3500F: changes role from      null to FOLLOWER at term 0 for startAsFollower
2019-10-15 13:43:24,495 [pool-423-thread-1] INFO  impl.RoleInfo (RoleInfo.java:updateAndGet(143)) - 1bfa82b1-c9f9-4543-ab0a-ccac2045b0c1: start FollowerState
2019-10-15 13:43:24,495 [pool-423-thread-1] INFO  util.JmxRegister (JmxRegister.java:tryRegister(44)) - Successfully registered JMX Bean with object name Ratis:service=RaftServer,group=group-587B18C3500F,id=1bfa82b1-c9f9-4543-ab0a-ccac2045b0c1
2019-10-15 13:43:24,497 [pool-413-thread-1] INFO  impl.RaftServerImpl (RaftServerImpl.java:start(181)) - ab6820c9-6f85-4050-a44b-975c9b561d1e@group-587B18C3500F: start as a follower, conf=-1: [b6c7c67f-5f79-4a81-a3c4-5368a8ae7517:192.168.164.217:33910, ab6820c9-6f85-4050-a44b-975c9b561d1e:192.168.164.217:43454, 1bfa82b1-c9f9-4543-ab0a-ccac2045b0c1:192.168.164.217:41553], old=null
2019-10-15 13:43:24,497 [pool-433-thread-1] INFO  impl.RaftServerImpl (RaftServerImpl.java:start(181)) - b6c7c67f-5f79-4a81-a3c4-5368a8ae7517@group-587B18C3500F: start as a follower, conf=-1: [b6c7c67f-5f79-4a81-a3c4-5368a8ae7517:192.168.164.217:33910, ab6820c9-6f85-4050-a44b-975c9b561d1e:192.168.164.217:43454, 1bfa82b1-c9f9-4543-ab0a-ccac2045b0c1:192.168.164.217:41553], old=null
2019-10-15 13:43:24,497 [pool-413-thread-1] INFO  impl.RaftServerImpl (RaftServerImpl.java:setRole(170)) - ab6820c9-6f85-4050-a44b-975c9b561d1e@group-587B18C3500F: changes role from      null to FOLLOWER at term 0 for startAsFollower
2019-10-15 13:43:24,497 [pool-433-thread-1] INFO  impl.RaftServerImpl (RaftServerImpl.java:setRole(170)) - b6c7c67f-5f79-4a81-a3c4-5368a8ae7517@group-587B18C3500F: changes role from      null to FOLLOWER at term 0 for startAsFollower
2019-10-15 13:43:24,498 [pool-413-thread-1] INFO  impl.RoleInfo (RoleInfo.java:updateAndGet(143)) - ab6820c9-6f85-4050-a44b-975c9b561d1e: start FollowerState
2019-10-15 13:43:24,498 [pool-433-thread-1] INFO  impl.RoleInfo (RoleInfo.java:updateAndGet(143)) - b6c7c67f-5f79-4a81-a3c4-5368a8ae7517: start FollowerState
2019-10-15 13:43:24,498 [pool-413-thread-1] INFO  util.JmxRegister (JmxRegister.java:tryRegister(44)) - Successfully registered JMX Bean with object name Ratis:service=RaftServer,group=group-587B18C3500F,id=ab6820c9-6f85-4050-a44b-975c9b561d1e
2019-10-15 13:43:24,498 [pool-433-thread-1] INFO  util.JmxRegister (JmxRegister.java:tryRegister(44)) - Successfully registered JMX Bean with object name Ratis:service=RaftServer,group=group-587B18C3500F,id=b6c7c67f-5f79-4a81-a3c4-5368a8ae7517
2019-10-15 13:43:24,504 [RatisPipelineUtilsThread] INFO  pipeline.PipelineStateManager (PipelineStateManager.java:addPipeline(56)) - Created pipeline Pipeline[ Id: 85a8f3c3-6a16-46a6-bddf-587b18c3500f, Nodes: 1bfa82b1-c9f9-4543-ab0a-ccac2045b0c1{ip: 192.168.164.217, host: pr-hdds-1228-49bgw-825838123, networkLocation: /default-rack, certSerialId: null}b6c7c67f-5f79-4a81-a3c4-5368a8ae7517{ip: 192.168.164.217, host: pr-hdds-1228-49bgw-825838123, networkLocation: /default-rack, certSerialId: null}ab6820c9-6f85-4050-a44b-975c9b561d1e{ip: 192.168.164.217, host: pr-hdds-1228-49bgw-825838123, networkLocation: /default-rack, certSerialId: null}, Type:RATIS, Factor:THREE, State:OPEN]
2019-10-15 13:43:26,765 [Thread-2469] INFO  container.ReplicationManager (ReplicationManager.java:start(162)) - Starting Replication Monitor Thread.
2019-10-15 13:43:26,770 [ReplicationMonitor] INFO  container.ReplicationManager (ReplicationManager.java:run(225)) - Replication Monitor Thread took 0 milliseconds for processing 1 containers.
2019-10-15 13:43:28,983 [Thread-2471] INFO  impl.FollowerState (FollowerState.java:run(108)) - 256707ac-3ceb-4b32-81e8-7d104914f2fa@group-CAC70F02CD52-FollowerState: change to CANDIDATE, lastRpcTime:5151ms, electionTimeout:5151ms
2019-10-15 13:43:28,983 [Thread-2471] INFO  impl.RoleInfo (RoleInfo.java:shutdownFollowerState(121)) - 256707ac-3ceb-4b32-81e8-7d104914f2fa: shutdown FollowerState
2019-10-15 13:43:28,983 [Thread-2471] INFO  impl.RaftServerImpl (RaftServerImpl.java:setRole(170)) - 256707ac-3ceb-4b32-81e8-7d104914f2fa@group-CAC70F02CD52: changes role from  FOLLOWER to CANDIDATE at term 0 for changeToCandidate
2019-10-15 13:43:28,984 [Thread-2471] INFO  impl.RoleInfo (RoleInfo.java:updateAndGet(143)) - 256707ac-3ceb-4b32-81e8-7d104914f2fa: start LeaderElection
2019-10-15 13:43:28,996 [Thread-2474] INFO  impl.FollowerState (FollowerState.java:run(108)) - 62569dad-e525-41bd-b913-23cd09473a0c@group-16F51036CEC6-FollowerState: change to CANDIDATE, lastRpcTime:5084ms, electionTimeout:5084ms
2019-10-15 13:43:28,996 [Thread-2474] INFO  impl.RoleInfo (RoleInfo.java:shutdownFollowerState(121)) - 62569dad-e525-41bd-b913-23cd09473a0c: shutdown FollowerState
2019-10-15 13:43:28,997 [Thread-2474] INFO  impl.RaftServerImpl (RaftServerImpl.java:setRole(170)) - 62569dad-e525-41bd-b913-23cd09473a0c@group-16F51036CEC6: changes role from  FOLLOWER to CANDIDATE at term 0 for changeToCandidate
2019-10-15 13:43:28,997 [Thread-2474] INFO  impl.RoleInfo (RoleInfo.java:updateAndGet(143)) - 62569dad-e525-41bd-b913-23cd09473a0c: start LeaderElection
2019-10-15 13:43:29,033 [256707ac-3ceb-4b32-81e8-7d104914f2fa@group-CAC70F02CD52-LeaderElection75] INFO  impl.LeaderElection (LeaderElection.java:askForVotes(178)) - 256707ac-3ceb-4b32-81e8-7d104914f2fa@group-CAC70F02CD52-LeaderElection75: begin an election at term 1 for -1: [256707ac-3ceb-4b32-81e8-7d104914f2fa:192.168.164.217:37413], old=null
2019-10-15 13:43:29,033 [62569dad-e525-41bd-b913-23cd09473a0c@group-16F51036CEC6-LeaderElection76] INFO  impl.LeaderElection (LeaderElection.java:askForVotes(178)) - 62569dad-e525-41bd-b913-23cd09473a0c@group-16F51036CEC6-LeaderElection76: begin an election at term 1 for -1: [62569dad-e525-41bd-b913-23cd09473a0c:192.168.164.217:45244], old=null
2019-10-15 13:43:29,034 [256707ac-3ceb-4b32-81e8-7d104914f2fa@group-CAC70F02CD52-LeaderElection75] INFO  impl.RoleInfo (RoleInfo.java:shutdownLeaderElection(134)) - 256707ac-3ceb-4b32-81e8-7d104914f2fa: shutdown LeaderElection
2019-10-15 13:43:29,034 [62569dad-e525-41bd-b913-23cd09473a0c@group-16F51036CEC6-LeaderElection76] INFO  impl.RoleInfo (RoleInfo.java:shutdownLeaderElection(134)) - 62569dad-e525-41bd-b913-23cd09473a0c: shutdown LeaderElection
2019-10-15 13:43:29,034 [256707ac-3ceb-4b32-81e8-7d104914f2fa@group-CAC70F02CD52-LeaderElection75] INFO  impl.RaftServerImpl (RaftServerImpl.java:setRole(170)) - 256707ac-3ceb-4b32-81e8-7d104914f2fa@group-CAC70F02CD52: changes role from CANDIDATE to LEADER at term 1 for changeToLeader
2019-10-15 13:43:29,034 [62569dad-e525-41bd-b913-23cd09473a0c@group-16F51036CEC6-LeaderElection76] INFO  impl.RaftServerImpl (RaftServerImpl.java:setRole(170)) - 62569dad-e525-41bd-b913-23cd09473a0c@group-16F51036CEC6: changes role from CANDIDATE to LEADER at term 1 for changeToLeader
2019-10-15 13:43:29,034 [256707ac-3ceb-4b32-81e8-7d104914f2fa@group-CAC70F02CD52-LeaderElection75] INFO  impl.RaftServerImpl (ServerState.java:setLeader(255)) - 256707ac-3ceb-4b32-81e8-7d104914f2fa@group-CAC70F02CD52: change Leader from null to 256707ac-3ceb-4b32-81e8-7d104914f2fa at term 1 for becomeLeader, leader elected after 5210ms
2019-10-15 13:43:29,034 [62569dad-e525-41bd-b913-23cd09473a0c@group-16F51036CEC6-LeaderElection76] INFO  impl.RaftServerImpl (ServerState.java:setLeader(255)) - 62569dad-e525-41bd-b913-23cd09473a0c@group-16F51036CEC6: change Leader from null to 62569dad-e525-41bd-b913-23cd09473a0c at term 1 for becomeLeader, leader elected after 5129ms
2019-10-15 13:43:29,034 [256707ac-3ceb-4b32-81e8-7d104914f2fa@group-CAC70F02CD52-LeaderElection75] INFO  server.RaftServerConfigKeys (ConfUtils.java:logGet(43)) - raft.server.staging.catchup.gap = 1000 (default)
2019-10-15 13:43:29,034 [62569dad-e525-41bd-b913-23cd09473a0c@group-16F51036CEC6-LeaderElection76] INFO  server.RaftServerConfigKeys (ConfUtils.java:logGet(43)) - raft.server.staging.catchup.gap = 1000 (default)
2019-10-15 13:43:29,034 [256707ac-3ceb-4b32-81e8-7d104914f2fa@group-CAC70F02CD52-LeaderElection75] INFO  server.RaftServerConfigKeys (ConfUtils.java:logGet(43)) - raft.server.rpc.sleep.time = 25ms (default)
2019-10-15 13:43:29,034 [62569dad-e525-41bd-b913-23cd09473a0c@group-16F51036CEC6-LeaderElection76] INFO  server.RaftServerConfigKeys (ConfUtils.java:logGet(43)) - raft.server.rpc.sleep.time = 25ms (default)
2019-10-15 13:43:29,035 [256707ac-3ceb-4b32-81e8-7d104914f2fa@group-CAC70F02CD52-LeaderElection75] INFO  server.RaftServerConfigKeys (ConfUtils.java:logGet(43)) - raft.server.write.element-limit = 4096 (default)
2019-10-15 13:43:29,035 [62569dad-e525-41bd-b913-23cd09473a0c@group-16F51036CEC6-LeaderElection76] INFO  server.RaftServerConfigKeys (ConfUtils.java:logGet(43)) - raft.server.write.element-limit = 4096 (default)
2019-10-15 13:43:29,035 [256707ac-3ceb-4b32-81e8-7d104914f2fa@group-CAC70F02CD52-LeaderElection75] INFO  server.RaftServerConfigKeys (ConfUtils.java:logGet(43)) - raft.server.watch.timeout = 10s (default)
2019-10-15 13:43:29,035 [62569dad-e525-41bd-b913-23cd09473a0c@group-16F51036CEC6-LeaderElection76] INFO  server.RaftServerConfigKeys (ConfUtils.java:logGet(43)) - raft.server.watch.timeout = 10s (default)
2019-10-15 13:43:29,035 [256707ac-3ceb-4b32-81e8-7d104914f2fa@group-CAC70F02CD52-LeaderElection75] INFO  server.RaftServerConfigKeys (ConfUtils.java:logGet(43)) - raft.server.watch.timeout.denomination = 1s (default)
2019-10-15 13:43:29,035 [62569dad-e525-41bd-b913-23cd09473a0c@group-16F51036CEC6-LeaderElection76] INFO  server.RaftServerConfigKeys (ConfUtils.java:logGet(43)) - raft.server.watch.timeout.denomination = 1s (default)
2019-10-15 13:43:29,035 [256707ac-3ceb-4b32-81e8-7d104914f2fa@group-CAC70F02CD52-LeaderElection75] INFO  server.RaftServerConfigKeys (ConfUtils.java:logGet(43)) - raft.server.watch.element-limit = 65536 (default)
2019-10-15 13:43:29,035 [62569dad-e525-41bd-b913-23cd09473a0c@group-16F51036CEC6-LeaderElection76] INFO  server.RaftServerConfigKeys (ConfUtils.java:logGet(43)) - raft.server.watch.element-limit = 65536 (default)
2019-10-15 13:43:29,037 [256707ac-3ceb-4b32-81e8-7d104914f2fa@group-CAC70F02CD52-LeaderElection75] INFO  impl.RoleInfo (RoleInfo.java:updateAndGet(143)) - 256707ac-3ceb-4b32-81e8-7d104914f2fa: start LeaderState
2019-10-15 13:43:29,037 [62569dad-e525-41bd-b913-23cd09473a0c@group-16F51036CEC6-LeaderElection76] INFO  impl.RoleInfo (RoleInfo.java:updateAndGet(143)) - 62569dad-e525-41bd-b913-23cd09473a0c: start LeaderState
2019-10-15 13:43:29,038 [62569dad-e525-41bd-b913-23cd09473a0c@group-16F51036CEC6-LeaderElection76] INFO  segmented.SegmentedRaftLogWorker (SegmentedRaftLogWorker.java:startLogSegment(385)) - 62569dad-e525-41bd-b913-23cd09473a0c@group-16F51036CEC6-SegmentedRaftLogWorker: Starting segment from index:0
2019-10-15 13:43:29,038 [256707ac-3ceb-4b32-81e8-7d104914f2fa@group-CAC70F02CD52-LeaderElection75] INFO  segmented.SegmentedRaftLogWorker (SegmentedRaftLogWorker.java:startLogSegment(385)) - 256707ac-3ceb-4b32-81e8-7d104914f2fa@group-CAC70F02CD52-SegmentedRaftLogWorker: Starting segment from index:0
2019-10-15 13:43:29,038 [62569dad-e525-41bd-b913-23cd09473a0c@group-16F51036CEC6-LeaderElection76] INFO  impl.RaftServerImpl (ServerState.java:setRaftConf(356)) - 62569dad-e525-41bd-b913-23cd09473a0c@group-16F51036CEC6: set configuration 0: [62569dad-e525-41bd-b913-23cd09473a0c:192.168.164.217:45244], old=null at 0
2019-10-15 13:43:29,038 [256707ac-3ceb-4b32-81e8-7d104914f2fa@group-CAC70F02CD52-LeaderElection75] INFO  impl.RaftServerImpl (ServerState.java:setRaftConf(356)) - 256707ac-3ceb-4b32-81e8-7d104914f2fa@group-CAC70F02CD52: set configuration 0: [256707ac-3ceb-4b32-81e8-7d104914f2fa:192.168.164.217:37413], old=null at 0
2019-10-15 13:43:29,092 [62569dad-e525-41bd-b913-23cd09473a0c@group-16F51036CEC6-SegmentedRaftLogWorker] INFO  segmented.SegmentedRaftLogWorker (SegmentedRaftLogWorker.java:execute(574)) - 62569dad-e525-41bd-b913-23cd09473a0c@group-16F51036CEC6-SegmentedRaftLogWorker: created new log segment /workdir/hadoop-ozone/integration-test/target/test-dir/MiniOzoneClusterImpl-1f29813a-1e19-43ce-b943-a1b495b6c863/datanode-1/data/ratis/97a9bd2f-c5a4-47bf-a074-16f51036cec6/current/log_inprogress_0
2019-10-15 13:43:29,092 [256707ac-3ceb-4b32-81e8-7d104914f2fa@group-CAC70F02CD52-SegmentedRaftLogWorker] INFO  segmented.SegmentedRaftLogWorker (SegmentedRaftLogWorker.java:execute(574)) - 256707ac-3ceb-4b32-81e8-7d104914f2fa@group-CAC70F02CD52-SegmentedRaftLogWorker: created new log segment /workdir/hadoop-ozone/integration-test/target/test-dir/MiniOzoneClusterImpl-1f29813a-1e19-43ce-b943-a1b495b6c863/datanode-0/data/ratis/7b210643-e7f1-406b-9a01-cac70f02cd52/current/log_inprogress_0
2019-10-15 13:43:29,135 [Thread-2477] INFO  impl.FollowerState (FollowerState.java:run(108)) - 510a44e3-2647-4c66-97a5-22a2effdae26@group-CDAC92ACE44B-FollowerState: change to CANDIDATE, lastRpcTime:5155ms, electionTimeout:5155ms
2019-10-15 13:43:29,136 [Thread-2477] INFO  impl.RoleInfo (RoleInfo.java:shutdownFollowerState(121)) - 510a44e3-2647-4c66-97a5-22a2effdae26: shutdown FollowerState
2019-10-15 13:43:29,136 [Thread-2477] INFO  impl.RaftServerImpl (RaftServerImpl.java:setRole(170)) - 510a44e3-2647-4c66-97a5-22a2effdae26@group-CDAC92ACE44B: changes role from  FOLLOWER to CANDIDATE at term 0 for changeToCandidate
2019-10-15 13:43:29,136 [Thread-2477] INFO  impl.RoleInfo (RoleInfo.java:updateAndGet(143)) - 510a44e3-2647-4c66-97a5-22a2effdae26: start LeaderElection
2019-10-15 13:43:29,168 [510a44e3-2647-4c66-97a5-22a2effdae26@group-CDAC92ACE44B-LeaderElection77] INFO  impl.LeaderElection (LeaderElection.java:askForVotes(178)) - 510a44e3-2647-4c66-97a5-22a2effdae26@group-CDAC92ACE44B-LeaderElection77: begin an election at term 1 for -1: [510a44e3-2647-4c66-97a5-22a2effdae26:192.168.164.217:39085], old=null
2019-10-15 13:43:29,168 [510a44e3-2647-4c66-97a5-22a2effdae26@group-CDAC92ACE44B-LeaderElection77] INFO  impl.RoleInfo (RoleInfo.java:shutdownLeaderElection(134)) - 510a44e3-2647-4c66-97a5-22a2effdae26: shutdown LeaderElection
2019-10-15 13:43:29,168 [510a44e3-2647-4c66-97a5-22a2effdae26@group-CDAC92ACE44B-LeaderElection77] INFO  impl.RaftServerImpl (RaftServerImpl.java:setRole(170)) - 510a44e3-2647-4c66-97a5-22a2effdae26@group-CDAC92ACE44B: changes role from CANDIDATE to LEADER at term 1 for changeToLeader
2019-10-15 13:43:29,168 [510a44e3-2647-4c66-97a5-22a2effdae26@group-CDAC92ACE44B-LeaderElection77] INFO  impl.RaftServerImpl (ServerState.java:setLeader(255)) - 510a44e3-2647-4c66-97a5-22a2effdae26@group-CDAC92ACE44B: change Leader from null to 510a44e3-2647-4c66-97a5-22a2effdae26 at term 1 for becomeLeader, leader elected after 5195ms
2019-10-15 13:43:29,168 [510a44e3-2647-4c66-97a5-22a2effdae26@group-CDAC92ACE44B-LeaderElection77] INFO  server.RaftServerConfigKeys (ConfUtils.java:logGet(43)) - raft.server.staging.catchup.gap = 1000 (default)
2019-10-15 13:43:29,168 [510a44e3-2647-4c66-97a5-22a2effdae26@group-CDAC92ACE44B-LeaderElection77] INFO  server.RaftServerConfigKeys (ConfUtils.java:logGet(43)) - raft.server.rpc.sleep.time = 25ms (default)
2019-10-15 13:43:29,169 [510a44e3-2647-4c66-97a5-22a2effdae26@group-CDAC92ACE44B-LeaderElection77] INFO  server.RaftServerConfigKeys (ConfUtils.java:logGet(43)) - raft.server.write.element-limit = 4096 (default)
2019-10-15 13:43:29,169 [510a44e3-2647-4c66-97a5-22a2effdae26@group-CDAC92ACE44B-LeaderElection77] INFO  server.RaftServerConfigKeys (ConfUtils.java:logGet(43)) - raft.server.watch.timeout = 10s (default)
2019-10-15 13:43:29,169 [510a44e3-2647-4c66-97a5-22a2effdae26@group-CDAC92ACE44B-LeaderElection77] INFO  server.RaftServerConfigKeys (ConfUtils.java:logGet(43)) - raft.server.watch.timeout.denomination = 1s (default)
2019-10-15 13:43:29,169 [510a44e3-2647-4c66-97a5-22a2effdae26@group-CDAC92ACE44B-LeaderElection77] INFO  server.RaftServerConfigKeys (ConfUtils.java:logGet(43)) - raft.server.watch.element-limit = 65536 (default)
2019-10-15 13:43:29,171 [510a44e3-2647-4c66-97a5-22a2effdae26@group-CDAC92ACE44B-LeaderElection77] INFO  impl.RoleInfo (RoleInfo.java:updateAndGet(143)) - 510a44e3-2647-4c66-97a5-22a2effdae26: start LeaderState
2019-10-15 13:43:29,171 [510a44e3-2647-4c66-97a5-22a2effdae26@group-CDAC92ACE44B-LeaderElection77] INFO  segmented.SegmentedRaftLogWorker (SegmentedRaftLogWorker.java:startLogSegment(385)) - 510a44e3-2647-4c66-97a5-22a2effdae26@group-CDAC92ACE44B-SegmentedRaftLogWorker: Starting segment from index:0
2019-10-15 13:43:29,172 [510a44e3-2647-4c66-97a5-22a2effdae26@group-CDAC92ACE44B-LeaderElection77] INFO  impl.RaftServerImpl (ServerState.java:setRaftConf(356)) - 510a44e3-2647-4c66-97a5-22a2effdae26@group-CDAC92ACE44B: set configuration 0: [510a44e3-2647-4c66-97a5-22a2effdae26:192.168.164.217:39085], old=null at 0
2019-10-15 13:43:29,213 [Thread-2489] INFO  impl.FollowerState (FollowerState.java:run(108)) - ab6820c9-6f85-4050-a44b-975c9b561d1e@group-3AEB2183456B-FollowerState: change to CANDIDATE, lastRpcTime:5049ms, electionTimeout:5049ms
2019-10-15 13:43:29,213 [Thread-2489] INFO  impl.RoleInfo (RoleInfo.java:shutdownFollowerState(121)) - ab6820c9-6f85-4050-a44b-975c9b561d1e: shutdown FollowerState
2019-10-15 13:43:29,214 [Thread-2489] INFO  impl.RaftServerImpl (RaftServerImpl.java:setRole(170)) - ab6820c9-6f85-4050-a44b-975c9b561d1e@group-3AEB2183456B: changes role from  FOLLOWER to CANDIDATE at term 0 for changeToCandidate
2019-10-15 13:43:29,214 [Thread-2489] INFO  impl.RoleInfo (RoleInfo.java:updateAndGet(143)) - ab6820c9-6f85-4050-a44b-975c9b561d1e: start LeaderElection
2019-10-15 13:43:29,222 [Thread-2483] INFO  impl.FollowerState (FollowerState.java:run(108)) - 62569dad-e525-41bd-b913-23cd09473a0c@group-D24FEA9366DD-FollowerState: change to CANDIDATE, lastRpcTime:5164ms, electionTimeout:5164ms
2019-10-15 13:43:29,222 [Thread-2483] INFO  impl.RoleInfo (RoleInfo.java:shutdownFollowerState(121)) - 62569dad-e525-41bd-b913-23cd09473a0c: shutdown FollowerState
2019-10-15 13:43:29,222 [Thread-2483] INFO  impl.RaftServerImpl (RaftServerImpl.java:setRole(170)) - 62569dad-e525-41bd-b913-23cd09473a0c@group-D24FEA9366DD: changes role from  FOLLOWER to CANDIDATE at term 0 for changeToCandidate
2019-10-15 13:43:29,222 [Thread-2483] INFO  impl.RoleInfo (RoleInfo.java:updateAndGet(143)) - 62569dad-e525-41bd-b913-23cd09473a0c: start LeaderElection
2019-10-15 13:43:29,227 [510a44e3-2647-4c66-97a5-22a2effdae26@group-CDAC92ACE44B-SegmentedRaftLogWorker] INFO  segmented.SegmentedRaftLogWorker (SegmentedRaftLogWorker.java:execute(574)) - 510a44e3-2647-4c66-97a5-22a2effdae26@group-CDAC92ACE44B-SegmentedRaftLogWorker: created new log segment /workdir/hadoop-ozone/integration-test/target/test-dir/MiniOzoneClusterImpl-1f29813a-1e19-43ce-b943-a1b495b6c863/datanode-2/data/ratis/ebaf407b-3a3c-4aa1-9bd7-cdac92ace44b/current/log_inprogress_0
2019-10-15 13:43:29,232 [Thread-2482] INFO  impl.FollowerState (FollowerState.java:run(108)) - 256707ac-3ceb-4b32-81e8-7d104914f2fa@group-D24FEA9366DD-FollowerState: change to CANDIDATE, lastRpcTime:5176ms, electionTimeout:5176ms
2019-10-15 13:43:29,232 [Thread-2482] INFO  impl.RoleInfo (RoleInfo.java:shutdownFollowerState(121)) - 256707ac-3ceb-4b32-81e8-7d104914f2fa: shutdown FollowerState
2019-10-15 13:43:29,232 [Thread-2482] INFO  impl.RaftServerImpl (RaftServerImpl.java:setRole(170)) - 256707ac-3ceb-4b32-81e8-7d104914f2fa@group-D24FEA9366DD: changes role from  FOLLOWER to CANDIDATE at term 0 for changeToCandidate
2019-10-15 13:43:29,232 [Thread-2482] INFO  impl.RoleInfo (RoleInfo.java:updateAndGet(143)) - 256707ac-3ceb-4b32-81e8-7d104914f2fa: start LeaderElection
2019-10-15 13:43:29,244 [62569dad-e525-41bd-b913-23cd09473a0c@group-D24FEA9366DD-LeaderElection79] INFO  impl.LeaderElection (LeaderElection.java:askForVotes(178)) - 62569dad-e525-41bd-b913-23cd09473a0c@group-D24FEA9366DD-LeaderElection79: begin an election at term 1 for -1: [62569dad-e525-41bd-b913-23cd09473a0c:192.168.164.217:45244, 256707ac-3ceb-4b32-81e8-7d104914f2fa:192.168.164.217:37413, 510a44e3-2647-4c66-97a5-22a2effdae26:192.168.164.217:39085], old=null
2019-10-15 13:43:29,244 [ab6820c9-6f85-4050-a44b-975c9b561d1e@group-3AEB2183456B-LeaderElection78] INFO  impl.LeaderElection (LeaderElection.java:askForVotes(178)) - ab6820c9-6f85-4050-a44b-975c9b561d1e@group-3AEB2183456B-LeaderElection78: begin an election at term 1 for -1: [ab6820c9-6f85-4050-a44b-975c9b561d1e:192.168.164.217:43454], old=null
2019-10-15 13:43:29,244 [ab6820c9-6f85-4050-a44b-975c9b561d1e@group-3AEB2183456B-LeaderElection78] INFO  impl.RoleInfo (RoleInfo.java:shutdownLeaderElection(134)) - ab6820c9-6f85-4050-a44b-975c9b561d1e: shutdown LeaderElection
2019-10-15 13:43:29,244 [ab6820c9-6f85-4050-a44b-975c9b561d1e@group-3AEB2183456B-LeaderElection78] INFO  impl.RaftServerImpl (RaftServerImpl.java:setRole(170)) - ab6820c9-6f85-4050-a44b-975c9b561d1e@group-3AEB2183456B: changes role from CANDIDATE to LEADER at term 1 for changeToLeader
2019-10-15 13:43:29,244 [ab6820c9-6f85-4050-a44b-975c9b561d1e@group-3AEB2183456B-LeaderElection78] INFO  impl.RaftServerImpl (ServerState.java:setLeader(255)) - ab6820c9-6f85-4050-a44b-975c9b561d1e@group-3AEB2183456B: change Leader from null to ab6820c9-6f85-4050-a44b-975c9b561d1e at term 1 for becomeLeader, leader elected after 5090ms
2019-10-15 13:43:29,244 [ab6820c9-6f85-4050-a44b-975c9b561d1e@group-3AEB2183456B-LeaderElection78] INFO  server.RaftServerConfigKeys (ConfUtils.java:logGet(43)) - raft.server.staging.catchup.gap = 1000 (default)
2019-10-15 13:43:29,245 [ab6820c9-6f85-4050-a44b-975c9b561d1e@group-3AEB2183456B-LeaderElection78] INFO  server.RaftServerConfigKeys (ConfUtils.java:logGet(43)) - raft.server.rpc.sleep.time = 25ms (default)
2019-10-15 13:43:29,245 [ab6820c9-6f85-4050-a44b-975c9b561d1e@group-3AEB2183456B-LeaderElection78] INFO  server.RaftServerConfigKeys (ConfUtils.java:logGet(43)) - raft.server.write.element-limit = 4096 (default)
2019-10-15 13:43:29,245 [ab6820c9-6f85-4050-a44b-975c9b561d1e@group-3AEB2183456B-LeaderElection78] INFO  server.RaftServerConfigKeys (ConfUtils.java:logGet(43)) - raft.server.watch.timeout = 10s (default)
2019-10-15 13:43:29,245 [ab6820c9-6f85-4050-a44b-975c9b561d1e@group-3AEB2183456B-LeaderElection78] INFO  server.RaftServerConfigKeys (ConfUtils.java:logGet(43)) - raft.server.watch.timeout.denomination = 1s (default)
2019-10-15 13:43:29,245 [ab6820c9-6f85-4050-a44b-975c9b561d1e@group-3AEB2183456B-LeaderElection78] INFO  server.RaftServerConfigKeys (ConfUtils.java:logGet(43)) - raft.server.watch.element-limit = 65536 (default)
2019-10-15 13:43:29,247 [ab6820c9-6f85-4050-a44b-975c9b561d1e@group-3AEB2183456B-LeaderElection78] INFO  impl.RoleInfo (RoleInfo.java:updateAndGet(143)) - ab6820c9-6f85-4050-a44b-975c9b561d1e: start LeaderState
2019-10-15 13:43:29,247 [ab6820c9-6f85-4050-a44b-975c9b561d1e@group-3AEB2183456B-LeaderElection78] INFO  segmented.SegmentedRaftLogWorker (SegmentedRaftLogWorker.java:startLogSegment(385)) - ab6820c9-6f85-4050-a44b-975c9b561d1e@group-3AEB2183456B-SegmentedRaftLogWorker: Starting segment from index:0
2019-10-15 13:43:29,247 [ab6820c9-6f85-4050-a44b-975c9b561d1e@group-3AEB2183456B-LeaderElection78] INFO  impl.RaftServerImpl (ServerState.java:setRaftConf(356)) - ab6820c9-6f85-4050-a44b-975c9b561d1e@group-3AEB2183456B: set configuration 0: [ab6820c9-6f85-4050-a44b-975c9b561d1e:192.168.164.217:43454], old=null at 0
2019-10-15 13:43:29,248 [grpc-default-executor-10] INFO  impl.RaftServerImpl (RaftServerImpl.java:setRole(170)) - 510a44e3-2647-4c66-97a5-22a2effdae26@group-D24FEA9366DD: changes role from  FOLLOWER to FOLLOWER at term 1 for recognizeCandidate:62569dad-e525-41bd-b913-23cd09473a0c
2019-10-15 13:43:29,248 [grpc-default-executor-10] INFO  impl.RoleInfo (RoleInfo.java:shutdownFollowerState(121)) - 510a44e3-2647-4c66-97a5-22a2effdae26: shutdown FollowerState
2019-10-15 13:43:29,248 [grpc-default-executor-10] INFO  impl.RoleInfo (RoleInfo.java:updateAndGet(143)) - 510a44e3-2647-4c66-97a5-22a2effdae26: start FollowerState
2019-10-15 13:43:29,248 [Thread-2484] INFO  impl.FollowerState (FollowerState.java:run(117)) - 510a44e3-2647-4c66-97a5-22a2effdae26@group-D24FEA9366DD-FollowerState was interrupted: java.lang.InterruptedException: sleep interrupted
2019-10-15 13:43:29,282 [256707ac-3ceb-4b32-81e8-7d104914f2fa@group-D24FEA9366DD-LeaderElection80] INFO  impl.LeaderElection (LeaderElection.java:askForVotes(178)) - 256707ac-3ceb-4b32-81e8-7d104914f2fa@group-D24FEA9366DD-LeaderElection80: begin an election at term 1 for -1: [62569dad-e525-41bd-b913-23cd09473a0c:192.168.164.217:45244, 256707ac-3ceb-4b32-81e8-7d104914f2fa:192.168.164.217:37413, 510a44e3-2647-4c66-97a5-22a2effdae26:192.168.164.217:39085], old=null
2019-10-15 13:43:29,303 [ab6820c9-6f85-4050-a44b-975c9b561d1e@group-3AEB2183456B-SegmentedRaftLogWorker] INFO  segmented.SegmentedRaftLogWorker (SegmentedRaftLogWorker.java:execute(574)) - ab6820c9-6f85-4050-a44b-975c9b561d1e@group-3AEB2183456B-SegmentedRaftLogWorker: created new log segment /workdir/hadoop-ozone/integration-test/target/test-dir/MiniOzoneClusterImpl-1f29813a-1e19-43ce-b943-a1b495b6c863/datanode-3/data/ratis/0dac13d1-dc76-4e19-9b23-3aeb2183456b/current/log_inprogress_0
2019-10-15 13:43:29,304 [256707ac-3ceb-4b32-81e8-7d104914f2fa@group-D24FEA9366DD-LeaderElection80] INFO  impl.LeaderElection (LeaderElection.java:logAndReturn(56)) - 256707ac-3ceb-4b32-81e8-7d104914f2fa@group-D24FEA9366DD-LeaderElection80: Election REJECTED; received 2 response(s) [256707ac-3ceb-4b32-81e8-7d104914f2fa<-62569dad-e525-41bd-b913-23cd09473a0c#0:FAIL-t1, 256707ac-3ceb-4b32-81e8-7d104914f2fa<-510a44e3-2647-4c66-97a5-22a2effdae26#0:FAIL-t1] and 0 exception(s); 256707ac-3ceb-4b32-81e8-7d104914f2fa@group-D24FEA9366DD:t1, leader=null, voted=256707ac-3ceb-4b32-81e8-7d104914f2fa, raftlog=256707ac-3ceb-4b32-81e8-7d104914f2fa@group-D24FEA9366DD-SegmentedRaftLog:OPENED:c-1,f-1,i0, conf=-1: [62569dad-e525-41bd-b913-23cd09473a0c:192.168.164.217:45244, 256707ac-3ceb-4b32-81e8-7d104914f2fa:192.168.164.217:37413, 510a44e3-2647-4c66-97a5-22a2effdae26:192.168.164.217:39085], old=null
2019-10-15 13:43:29,304 [62569dad-e525-41bd-b913-23cd09473a0c@group-D24FEA9366DD-LeaderElection79] INFO  impl.LeaderElection (LeaderElection.java:logAndReturn(56)) - 62569dad-e525-41bd-b913-23cd09473a0c@group-D24FEA9366DD-LeaderElection79: Election PASSED; received 2 response(s) [62569dad-e525-41bd-b913-23cd09473a0c<-256707ac-3ceb-4b32-81e8-7d104914f2fa#0:FAIL-t1, 62569dad-e525-41bd-b913-23cd09473a0c<-510a44e3-2647-4c66-97a5-22a2effdae26#0:OK-t1] and 0 exception(s); 62569dad-e525-41bd-b913-23cd09473a0c@group-D24FEA9366DD:t1, leader=null, voted=62569dad-e525-41bd-b913-23cd09473a0c, raftlog=62569dad-e525-41bd-b913-23cd09473a0c@group-D24FEA9366DD-SegmentedRaftLog:OPENED:c-1,f-1,i0, conf=-1: [62569dad-e525-41bd-b913-23cd09473a0c:192.168.164.217:45244, 256707ac-3ceb-4b32-81e8-7d104914f2fa:192.168.164.217:37413, 510a44e3-2647-4c66-97a5-22a2effdae26:192.168.164.217:39085], old=null
2019-10-15 13:43:29,304 [256707ac-3ceb-4b32-81e8-7d104914f2fa@group-D24FEA9366DD-LeaderElection80] INFO  impl.RaftServerImpl (RaftServerImpl.java:setRole(170)) - 256707ac-3ceb-4b32-81e8-7d104914f2fa@group-D24FEA9366DD: changes role from CANDIDATE to FOLLOWER at term 1 for DISCOVERED_A_NEW_TERM
2019-10-15 13:43:29,304 [62569dad-e525-41bd-b913-23cd09473a0c@group-D24FEA9366DD-LeaderElection79] INFO  impl.RoleInfo (RoleInfo.java:shutdownLeaderElection(134)) - 62569dad-e525-41bd-b913-23cd09473a0c: shutdown LeaderElection
2019-10-15 13:43:29,307 [256707ac-3ceb-4b32-81e8-7d104914f2fa@group-D24FEA9366DD-LeaderElection80] INFO  impl.RoleInfo (RoleInfo.java:shutdownLeaderElection(134)) - 256707ac-3ceb-4b32-81e8-7d104914f2fa: shutdown LeaderElection
2019-10-15 13:43:29,310 [62569dad-e525-41bd-b913-23cd09473a0c@group-D24FEA9366DD-LeaderElection79] INFO  impl.RaftServerImpl (RaftServerImpl.java:setRole(170)) - 62569dad-e525-41bd-b913-23cd09473a0c@group-D24FEA9366DD: changes role from CANDIDATE to LEADER at term 1 for changeToLeader
2019-10-15 13:43:29,310 [256707ac-3ceb-4b32-81e8-7d104914f2fa@group-D24FEA9366DD-LeaderElection80] INFO  impl.RoleInfo (RoleInfo.java:updateAndGet(143)) - 256707ac-3ceb-4b32-81e8-7d104914f2fa: start FollowerState
2019-10-15 13:43:29,310 [62569dad-e525-41bd-b913-23cd09473a0c@group-D24FEA9366DD-LeaderElection79] INFO  impl.RaftServerImpl (ServerState.java:setLeader(255)) - 62569dad-e525-41bd-b913-23cd09473a0c@group-D24FEA9366DD: change Leader from null to 62569dad-e525-41bd-b913-23cd09473a0c at term 1 for becomeLeader, leader elected after 5264ms
2019-10-15 13:43:29,310 [62569dad-e525-41bd-b913-23cd09473a0c@group-D24FEA9366DD-LeaderElection79] INFO  server.RaftServerConfigKeys (ConfUtils.java:logGet(43)) - raft.server.staging.catchup.gap = 1000 (default)
2019-10-15 13:43:29,310 [62569dad-e525-41bd-b913-23cd09473a0c@group-D24FEA9366DD-LeaderElection79] INFO  server.RaftServerConfigKeys (ConfUtils.java:logGet(43)) - raft.server.rpc.sleep.time = 25ms (default)
2019-10-15 13:43:29,310 [62569dad-e525-41bd-b913-23cd09473a0c@group-D24FEA9366DD-LeaderElection79] INFO  server.RaftServerConfigKeys (ConfUtils.java:logGet(43)) - raft.server.write.element-limit = 4096 (default)
2019-10-15 13:43:29,311 [62569dad-e525-41bd-b913-23cd09473a0c@group-D24FEA9366DD-LeaderElection79] INFO  server.RaftServerConfigKeys (ConfUtils.java:logGet(43)) - raft.server.watch.timeout = 10s (default)
2019-10-15 13:43:29,311 [62569dad-e525-41bd-b913-23cd09473a0c@group-D24FEA9366DD-LeaderElection79] INFO  server.RaftServerConfigKeys (ConfUtils.java:logGet(43)) - raft.server.watch.timeout.denomination = 1s (default)
2019-10-15 13:43:29,311 [62569dad-e525-41bd-b913-23cd09473a0c@group-D24FEA9366DD-LeaderElection79] INFO  server.RaftServerConfigKeys (ConfUtils.java:logGet(43)) - raft.server.watch.element-limit = 65536 (default)
2019-10-15 13:43:29,313 [62569dad-e525-41bd-b913-23cd09473a0c@group-D24FEA9366DD-LeaderElection79] INFO  server.RaftServerConfigKeys (ConfUtils.java:logGet(43)) - raft.server.log.appender.snapshot.chunk.size.max = 16MB (=16777216) (default)
2019-10-15 13:43:29,313 [62569dad-e525-41bd-b913-23cd09473a0c@group-D24FEA9366DD-LeaderElection79] INFO  server.RaftServerConfigKeys (ConfUtils.java:logGet(43)) - raft.server.log.appender.buffer.byte-limit = 33554432 (custom)
2019-10-15 13:43:29,314 [62569dad-e525-41bd-b913-23cd09473a0c@group-D24FEA9366DD-LeaderElection79] INFO  server.RaftServerConfigKeys (ConfUtils.java:logGet(43)) - raft.server.log.appender.buffer.element-limit = 1 (custom)
2019-10-15 13:43:29,314 [62569dad-e525-41bd-b913-23cd09473a0c@group-D24FEA9366DD-LeaderElection79] INFO  grpc.GrpcConfigKeys$Server (ConfUtils.java:logGet(43)) - raft.grpc.server.leader.outstanding.appends.max = 128 (default)
2019-10-15 13:43:29,314 [62569dad-e525-41bd-b913-23cd09473a0c@group-D24FEA9366DD-LeaderElection79] INFO  server.RaftServerConfigKeys (ConfUtils.java:logGet(43)) - raft.server.rpc.request.timeout = 3000ms (default)
2019-10-15 13:43:29,314 [62569dad-e525-41bd-b913-23cd09473a0c@group-D24FEA9366DD-LeaderElection79] INFO  server.RaftServerConfigKeys (ConfUtils.java:logGet(43)) - raft.server.log.appender.install.snapshot.enabled = false (custom)
2019-10-15 13:43:29,315 [62569dad-e525-41bd-b913-23cd09473a0c@group-D24FEA9366DD-LeaderElection79] INFO  server.RaftServerConfigKeys (ConfUtils.java:logGet(43)) - raft.server.log.appender.snapshot.chunk.size.max = 16MB (=16777216) (default)
2019-10-15 13:43:29,315 [62569dad-e525-41bd-b913-23cd09473a0c@group-D24FEA9366DD-LeaderElection79] INFO  server.RaftServerConfigKeys (ConfUtils.java:logGet(43)) - raft.server.log.appender.buffer.byte-limit = 33554432 (custom)
2019-10-15 13:43:29,315 [62569dad-e525-41bd-b913-23cd09473a0c@group-D24FEA9366DD-LeaderElection79] INFO  server.RaftServerConfigKeys (ConfUtils.java:logGet(43)) - raft.server.log.appender.buffer.element-limit = 1 (custom)
2019-10-15 13:43:29,315 [62569dad-e525-41bd-b913-23cd09473a0c@group-D24FEA9366DD-LeaderElection79] INFO  grpc.GrpcConfigKeys$Server (ConfUtils.java:logGet(43)) - raft.grpc.server.leader.outstanding.appends.max = 128 (default)
2019-10-15 13:43:29,316 [62569dad-e525-41bd-b913-23cd09473a0c@group-D24FEA9366DD-LeaderElection79] INFO  server.RaftServerConfigKeys (ConfUtils.java:logGet(43)) - raft.server.rpc.request.timeout = 3000ms (default)
2019-10-15 13:43:29,316 [62569dad-e525-41bd-b913-23cd09473a0c@group-D24FEA9366DD-LeaderElection79] INFO  server.RaftServerConfigKeys (ConfUtils.java:logGet(43)) - raft.server.log.appender.install.snapshot.enabled = false (custom)
2019-10-15 13:43:29,316 [62569dad-e525-41bd-b913-23cd09473a0c@group-D24FEA9366DD-LeaderElection79] INFO  impl.RoleInfo (RoleInfo.java:updateAndGet(143)) - 62569dad-e525-41bd-b913-23cd09473a0c: start LeaderState
2019-10-15 13:43:29,316 [62569dad-e525-41bd-b913-23cd09473a0c@group-D24FEA9366DD-LeaderElection79] INFO  segmented.SegmentedRaftLogWorker (SegmentedRaftLogWorker.java:startLogSegment(385)) - 62569dad-e525-41bd-b913-23cd09473a0c@group-D24FEA9366DD-SegmentedRaftLogWorker: Starting segment from index:0
2019-10-15 13:43:29,317 [62569dad-e525-41bd-b913-23cd09473a0c@group-D24FEA9366DD-LeaderElection79] INFO  impl.RaftServerImpl (ServerState.java:setRaftConf(356)) - 62569dad-e525-41bd-b913-23cd09473a0c@group-D24FEA9366DD: set configuration 0: [62569dad-e525-41bd-b913-23cd09473a0c:192.168.164.217:45244, 256707ac-3ceb-4b32-81e8-7d104914f2fa:192.168.164.217:37413, 510a44e3-2647-4c66-97a5-22a2effdae26:192.168.164.217:39085], old=null at 0
2019-10-15 13:43:29,318 [grpc-default-executor-8] INFO  impl.RaftServerImpl (ServerState.java:setLeader(255)) - 256707ac-3ceb-4b32-81e8-7d104914f2fa@group-D24FEA9366DD: change Leader from null to 62569dad-e525-41bd-b913-23cd09473a0c at term 1 for appendEntries, leader elected after 5272ms
2019-10-15 13:43:29,319 [grpc-default-executor-10] INFO  impl.RaftServerImpl (ServerState.java:setLeader(255)) - 510a44e3-2647-4c66-97a5-22a2effdae26@group-D24FEA9366DD: change Leader from null to 62569dad-e525-41bd-b913-23cd09473a0c at term 1 for appendEntries, leader elected after 5272ms
2019-10-15 13:43:29,321 [grpc-default-executor-10] INFO  impl.RaftServerImpl (ServerState.java:setRaftConf(356)) - 256707ac-3ceb-4b32-81e8-7d104914f2fa@group-D24FEA9366DD: set configuration 0: [62569dad-e525-41bd-b913-23cd09473a0c:192.168.164.217:45244, 256707ac-3ceb-4b32-81e8-7d104914f2fa:192.168.164.217:37413, 510a44e3-2647-4c66-97a5-22a2effdae26:192.168.164.217:39085], old=null at 0
2019-10-15 13:43:29,322 [grpc-default-executor-8] INFO  impl.RaftServerImpl (ServerState.java:setRaftConf(356)) - 510a44e3-2647-4c66-97a5-22a2effdae26@group-D24FEA9366DD: set configuration 0: [62569dad-e525-41bd-b913-23cd09473a0c:192.168.164.217:45244, 256707ac-3ceb-4b32-81e8-7d104914f2fa:192.168.164.217:37413, 510a44e3-2647-4c66-97a5-22a2effdae26:192.168.164.217:39085], old=null at 0
2019-10-15 13:43:29,322 [grpc-default-executor-10] INFO  segmented.SegmentedRaftLogWorker (SegmentedRaftLogWorker.java:startLogSegment(385)) - 256707ac-3ceb-4b32-81e8-7d104914f2fa@group-D24FEA9366DD-SegmentedRaftLogWorker: Starting segment from index:0
2019-10-15 13:43:29,322 [grpc-default-executor-8] INFO  segmented.SegmentedRaftLogWorker (SegmentedRaftLogWorker.java:startLogSegment(385)) - 510a44e3-2647-4c66-97a5-22a2effdae26@group-D24FEA9366DD-SegmentedRaftLogWorker: Starting segment from index:0
2019-10-15 13:43:29,342 [Thread-2492] INFO  impl.FollowerState (FollowerState.java:run(108)) - 1bfa82b1-c9f9-4543-ab0a-ccac2045b0c1@group-ABBF6692F38A-FollowerState: change to CANDIDATE, lastRpcTime:5089ms, electionTimeout:5089ms
2019-10-15 13:43:29,342 [Thread-2492] INFO  impl.RoleInfo (RoleInfo.java:shutdownFollowerState(121)) - 1bfa82b1-c9f9-4543-ab0a-ccac2045b0c1: shutdown FollowerState
2019-10-15 13:43:29,342 [Thread-2492] INFO  impl.RaftServerImpl (RaftServerImpl.java:setRole(170)) - 1bfa82b1-c9f9-4543-ab0a-ccac2045b0c1@group-ABBF6692F38A: changes role from  FOLLOWER to CANDIDATE at term 0 for changeToCandidate
2019-10-15 13:43:29,343 [Thread-2492] INFO  impl.RoleInfo (RoleInfo.java:updateAndGet(143)) - 1bfa82b1-c9f9-4543-ab0a-ccac2045b0c1: start LeaderElection
2019-10-15 13:43:29,388 [62569dad-e525-41bd-b913-23cd09473a0c@group-D24FEA9366DD-SegmentedRaftLogWorker] INFO  segmented.SegmentedRaftLogWorker (SegmentedRaftLogWorker.java:execute(574)) - 62569dad-e525-41bd-b913-23cd09473a0c@group-D24FEA9366DD-SegmentedRaftLogWorker: created new log segment /workdir/hadoop-ozone/integration-test/target/test-dir/MiniOzoneClusterImpl-1f29813a-1e19-43ce-b943-a1b495b6c863/datanode-1/data/ratis/a5d6c710-4425-4d1e-a0ff-d24fea9366dd/current/log_inprogress_0
2019-10-15 13:43:29,388 [1bfa82b1-c9f9-4543-ab0a-ccac2045b0c1@group-ABBF6692F38A-LeaderElection81] INFO  impl.LeaderElection (LeaderElection.java:askForVotes(178)) - 1bfa82b1-c9f9-4543-ab0a-ccac2045b0c1@group-ABBF6692F38A-LeaderElection81: begin an election at term 1 for -1: [1bfa82b1-c9f9-4543-ab0a-ccac2045b0c1:192.168.164.217:41553], old=null
2019-10-15 13:43:29,388 [256707ac-3ceb-4b32-81e8-7d104914f2fa@group-D24FEA9366DD-SegmentedRaftLogWorker] INFO  segmented.SegmentedRaftLogWorker (SegmentedRaftLogWorker.java:execute(574)) - 256707ac-3ceb-4b32-81e8-7d104914f2fa@group-D24FEA9366DD-SegmentedRaftLogWorker: created new log segment /workdir/hadoop-ozone/integration-test/target/test-dir/MiniOzoneClusterImpl-1f29813a-1e19-43ce-b943-a1b495b6c863/datanode-0/data/ratis/a5d6c710-4425-4d1e-a0ff-d24fea9366dd/current/log_inprogress_0
2019-10-15 13:43:29,388 [510a44e3-2647-4c66-97a5-22a2effdae26@group-D24FEA9366DD-SegmentedRaftLogWorker] INFO  segmented.SegmentedRaftLogWorker (SegmentedRaftLogWorker.java:execute(574)) - 510a44e3-2647-4c66-97a5-22a2effdae26@group-D24FEA9366DD-SegmentedRaftLogWorker: created new log segment /workdir/hadoop-ozone/integration-test/target/test-dir/MiniOzoneClusterImpl-1f29813a-1e19-43ce-b943-a1b495b6c863/datanode-2/data/ratis/a5d6c710-4425-4d1e-a0ff-d24fea9366dd/current/log_inprogress_0
2019-10-15 13:43:29,388 [1bfa82b1-c9f9-4543-ab0a-ccac2045b0c1@group-ABBF6692F38A-LeaderElection81] INFO  impl.RoleInfo (RoleInfo.java:shutdownLeaderElection(134)) - 1bfa82b1-c9f9-4543-ab0a-ccac2045b0c1: shutdown LeaderElection
2019-10-15 13:43:29,389 [1bfa82b1-c9f9-4543-ab0a-ccac2045b0c1@group-ABBF6692F38A-LeaderElection81] INFO  impl.RaftServerImpl (RaftServerImpl.java:setRole(170)) - 1bfa82b1-c9f9-4543-ab0a-ccac2045b0c1@group-ABBF6692F38A: changes role from CANDIDATE to LEADER at term 1 for changeToLeader
2019-10-15 13:43:29,389 [1bfa82b1-c9f9-4543-ab0a-ccac2045b0c1@group-ABBF6692F38A-LeaderElection81] INFO  impl.RaftServerImpl (ServerState.java:setLeader(255)) - 1bfa82b1-c9f9-4543-ab0a-ccac2045b0c1@group-ABBF6692F38A: change Leader from null to 1bfa82b1-c9f9-4543-ab0a-ccac2045b0c1 at term 1 for becomeLeader, leader elected after 5142ms
2019-10-15 13:43:29,389 [1bfa82b1-c9f9-4543-ab0a-ccac2045b0c1@group-ABBF6692F38A-LeaderElection81] INFO  server.RaftServerConfigKeys (ConfUtils.java:logGet(43)) - raft.server.staging.catchup.gap = 1000 (default)
2019-10-15 13:43:29,389 [1bfa82b1-c9f9-4543-ab0a-ccac2045b0c1@group-ABBF6692F38A-LeaderElection81] INFO  server.RaftServerConfigKeys (ConfUtils.java:logGet(43)) - raft.server.rpc.sleep.time = 25ms (default)
2019-10-15 13:43:29,389 [1bfa82b1-c9f9-4543-ab0a-ccac2045b0c1@group-ABBF6692F38A-LeaderElection81] INFO  server.RaftServerConfigKeys (ConfUtils.java:logGet(43)) - raft.server.write.element-limit = 4096 (default)
2019-10-15 13:43:29,389 [1bfa82b1-c9f9-4543-ab0a-ccac2045b0c1@group-ABBF6692F38A-LeaderElection81] INFO  server.RaftServerConfigKeys (ConfUtils.java:logGet(43)) - raft.server.watch.timeout = 10s (default)
2019-10-15 13:43:29,389 [1bfa82b1-c9f9-4543-ab0a-ccac2045b0c1@group-ABBF6692F38A-LeaderElection81] INFO  server.RaftServerConfigKeys (ConfUtils.java:logGet(43)) - raft.server.watch.timeout.denomination = 1s (default)
2019-10-15 13:43:29,389 [1bfa82b1-c9f9-4543-ab0a-ccac2045b0c1@group-ABBF6692F38A-LeaderElection81] INFO  server.RaftServerConfigKeys (ConfUtils.java:logGet(43)) - raft.server.watch.element-limit = 65536 (default)
2019-10-15 13:43:29,391 [1bfa82b1-c9f9-4543-ab0a-ccac2045b0c1@group-ABBF6692F38A-LeaderElection81] INFO  impl.RoleInfo (RoleInfo.java:updateAndGet(143)) - 1bfa82b1-c9f9-4543-ab0a-ccac2045b0c1: start LeaderState
2019-10-15 13:43:29,391 [1bfa82b1-c9f9-4543-ab0a-ccac2045b0c1@group-ABBF6692F38A-LeaderElection81] INFO  segmented.SegmentedRaftLogWorker (SegmentedRaftLogWorker.java:startLogSegment(385)) - 1bfa82b1-c9f9-4543-ab0a-ccac2045b0c1@group-ABBF6692F38A-SegmentedRaftLogWorker: Starting segment from index:0
2019-10-15 13:43:29,391 [1bfa82b1-c9f9-4543-ab0a-ccac2045b0c1@group-ABBF6692F38A-LeaderElection81] INFO  impl.RaftServerImpl (ServerState.java:setRaftConf(356)) - 1bfa82b1-c9f9-4543-ab0a-ccac2045b0c1@group-ABBF6692F38A: set configuration 0: [1bfa82b1-c9f9-4543-ab0a-ccac2045b0c1:192.168.164.217:41553], old=null at 0
2019-10-15 13:43:29,417 [Thread-2497] INFO  impl.FollowerState (FollowerState.java:run(108)) - b6c7c67f-5f79-4a81-a3c4-5368a8ae7517@group-47F1990C59BF-FollowerState: change to CANDIDATE, lastRpcTime:5063ms, electionTimeout:5063ms
2019-10-15 13:43:29,417 [Thread-2497] INFO  impl.RoleInfo (RoleInfo.java:shutdownFollowerState(121)) - b6c7c67f-5f79-4a81-a3c4-5368a8ae7517: shutdown FollowerState
2019-10-15 13:43:29,418 [Thread-2497] INFO  impl.RaftServerImpl (RaftServerImpl.java:setRole(170)) - b6c7c67f-5f79-4a81-a3c4-5368a8ae7517@group-47F1990C59BF: changes role from  FOLLOWER to CANDIDATE at term 0 for changeToCandidate
2019-10-15 13:43:29,418 [Thread-2497] INFO  impl.RoleInfo (RoleInfo.java:updateAndGet(143)) - b6c7c67f-5f79-4a81-a3c4-5368a8ae7517: start LeaderElection
2019-10-15 13:43:29,462 [Thread-2500] INFO  impl.FollowerState (FollowerState.java:run(108)) - 6a757eb6-bc60-4b0e-b745-15dac084ce59@group-6B364F0EE7BD-FollowerState: change to CANDIDATE, lastRpcTime:5043ms, electionTimeout:5043ms
2019-10-15 13:43:29,462 [Thread-2500] INFO  impl.RoleInfo (RoleInfo.java:shutdownFollowerState(121)) - 6a757eb6-bc60-4b0e-b745-15dac084ce59: shutdown FollowerState
2019-10-15 13:43:29,462 [Thread-2500] INFO  impl.RaftServerImpl (RaftServerImpl.java:setRole(170)) - 6a757eb6-bc60-4b0e-b745-15dac084ce59@group-6B364F0EE7BD: changes role from  FOLLOWER to CANDIDATE at term 0 for changeToCandidate
2019-10-15 13:43:29,463 [Thread-2500] INFO  impl.RoleInfo (RoleInfo.java:updateAndGet(143)) - 6a757eb6-bc60-4b0e-b745-15dac084ce59: start LeaderElection
2019-10-15 13:43:29,473 [1bfa82b1-c9f9-4543-ab0a-ccac2045b0c1@group-ABBF6692F38A-SegmentedRaftLogWorker] INFO  segmented.SegmentedRaftLogWorker (SegmentedRaftLogWorker.java:execute(574)) - 1bfa82b1-c9f9-4543-ab0a-ccac2045b0c1@group-ABBF6692F38A-SegmentedRaftLogWorker: created new log segment /workdir/hadoop-ozone/integration-test/target/test-dir/MiniOzoneClusterImpl-1f29813a-1e19-43ce-b943-a1b495b6c863/datanode-4/data/ratis/7b4d6f51-0be1-4105-93b5-abbf6692f38a/current/log_inprogress_0
2019-10-15 13:43:29,473 [b6c7c67f-5f79-4a81-a3c4-5368a8ae7517@group-47F1990C59BF-LeaderElection82] INFO  impl.LeaderElection (LeaderElection.java:askForVotes(178)) - b6c7c67f-5f79-4a81-a3c4-5368a8ae7517@group-47F1990C59BF-LeaderElection82: begin an election at term 1 for -1: [b6c7c67f-5f79-4a81-a3c4-5368a8ae7517:192.168.164.217:33910], old=null
2019-10-15 13:43:29,473 [b6c7c67f-5f79-4a81-a3c4-5368a8ae7517@group-47F1990C59BF-LeaderElection82] INFO  impl.RoleInfo (RoleInfo.java:shutdownLeaderElection(134)) - b6c7c67f-5f79-4a81-a3c4-5368a8ae7517: shutdown LeaderElection
2019-10-15 13:43:29,473 [b6c7c67f-5f79-4a81-a3c4-5368a8ae7517@group-47F1990C59BF-LeaderElection82] INFO  impl.RaftServerImpl (RaftServerImpl.java:setRole(170)) - b6c7c67f-5f79-4a81-a3c4-5368a8ae7517@group-47F1990C59BF: changes role from CANDIDATE to LEADER at term 1 for changeToLeader
2019-10-15 13:43:29,474 [b6c7c67f-5f79-4a81-a3c4-5368a8ae7517@group-47F1990C59BF-LeaderElection82] INFO  impl.RaftServerImpl (ServerState.java:setLeader(255)) - b6c7c67f-5f79-4a81-a3c4-5368a8ae7517@group-47F1990C59BF: change Leader from null to b6c7c67f-5f79-4a81-a3c4-5368a8ae7517 at term 1 for becomeLeader, leader elected after 5127ms
2019-10-15 13:43:29,474 [b6c7c67f-5f79-4a81-a3c4-5368a8ae7517@group-47F1990C59BF-LeaderElection82] INFO  server.RaftServerConfigKeys (ConfUtils.java:logGet(43)) - raft.server.staging.catchup.gap = 1000 (default)
2019-10-15 13:43:29,474 [b6c7c67f-5f79-4a81-a3c4-5368a8ae7517@group-47F1990C59BF-LeaderElection82] INFO  server.RaftServerConfigKeys (ConfUtils.java:logGet(43)) - raft.server.rpc.sleep.time = 25ms (default)
2019-10-15 13:43:29,474 [b6c7c67f-5f79-4a81-a3c4-5368a8ae7517@group-47F1990C59BF-LeaderElection82] INFO  server.RaftServerConfigKeys (ConfUtils.java:logGet(43)) - raft.server.write.element-limit = 4096 (default)
2019-10-15 13:43:29,474 [b6c7c67f-5f79-4a81-a3c4-5368a8ae7517@group-47F1990C59BF-LeaderElection82] INFO  server.RaftServerConfigKeys (ConfUtils.java:logGet(43)) - raft.server.watch.timeout = 10s (default)
2019-10-15 13:43:29,474 [b6c7c67f-5f79-4a81-a3c4-5368a8ae7517@group-47F1990C59BF-LeaderElection82] INFO  server.RaftServerConfigKeys (ConfUtils.java:logGet(43)) - raft.server.watch.timeout.denomination = 1s (default)
2019-10-15 13:43:29,474 [b6c7c67f-5f79-4a81-a3c4-5368a8ae7517@group-47F1990C59BF-LeaderElection82] INFO  server.RaftServerConfigKeys (ConfUtils.java:logGet(43)) - raft.server.watch.element-limit = 65536 (default)
2019-10-15 13:43:29,476 [b6c7c67f-5f79-4a81-a3c4-5368a8ae7517@group-47F1990C59BF-LeaderElection82] INFO  impl.RoleInfo (RoleInfo.java:updateAndGet(143)) - b6c7c67f-5f79-4a81-a3c4-5368a8ae7517: start LeaderState
2019-10-15 13:43:29,476 [b6c7c67f-5f79-4a81-a3c4-5368a8ae7517@group-47F1990C59BF-LeaderElection82] INFO  segmented.SegmentedRaftLogWorker (SegmentedRaftLogWorker.java:startLogSegment(385)) - b6c7c67f-5f79-4a81-a3c4-5368a8ae7517@group-47F1990C59BF-SegmentedRaftLogWorker: Starting segment from index:0
2019-10-15 13:43:29,477 [b6c7c67f-5f79-4a81-a3c4-5368a8ae7517@group-47F1990C59BF-LeaderElection82] INFO  impl.RaftServerImpl (ServerState.java:setRaftConf(356)) - b6c7c67f-5f79-4a81-a3c4-5368a8ae7517@group-47F1990C59BF: set configuration 0: [b6c7c67f-5f79-4a81-a3c4-5368a8ae7517:192.168.164.217:33910], old=null at 0
2019-10-15 13:43:29,489 [6a757eb6-bc60-4b0e-b745-15dac084ce59@group-6B364F0EE7BD-LeaderElection83] INFO  impl.LeaderElection (LeaderElection.java:askForVotes(178)) - 6a757eb6-bc60-4b0e-b745-15dac084ce59@group-6B364F0EE7BD-LeaderElection83: begin an election at term 1 for -1: [6a757eb6-bc60-4b0e-b745-15dac084ce59:192.168.164.217:34441], old=null
2019-10-15 13:43:29,489 [6a757eb6-bc60-4b0e-b745-15dac084ce59@group-6B364F0EE7BD-LeaderElection83] INFO  impl.RoleInfo (RoleInfo.java:shutdownLeaderElection(134)) - 6a757eb6-bc60-4b0e-b745-15dac084ce59: shutdown LeaderElection
2019-10-15 13:43:29,489 [6a757eb6-bc60-4b0e-b745-15dac084ce59@group-6B364F0EE7BD-LeaderElection83] INFO  impl.RaftServerImpl (RaftServerImpl.java:setRole(170)) - 6a757eb6-bc60-4b0e-b745-15dac084ce59@group-6B364F0EE7BD: changes role from CANDIDATE to LEADER at term 1 for changeToLeader
2019-10-15 13:43:29,489 [6a757eb6-bc60-4b0e-b745-15dac084ce59@group-6B364F0EE7BD-LeaderElection83] INFO  impl.RaftServerImpl (ServerState.java:setLeader(255)) - 6a757eb6-bc60-4b0e-b745-15dac084ce59@group-6B364F0EE7BD: change Leader from null to 6a757eb6-bc60-4b0e-b745-15dac084ce59 at term 1 for becomeLeader, leader elected after 5075ms
2019-10-15 13:43:29,489 [6a757eb6-bc60-4b0e-b745-15dac084ce59@group-6B364F0EE7BD-LeaderElection83] INFO  server.RaftServerConfigKeys (ConfUtils.java:logGet(43)) - raft.server.staging.catchup.gap = 1000 (default)
2019-10-15 13:43:29,489 [6a757eb6-bc60-4b0e-b745-15dac084ce59@group-6B364F0EE7BD-LeaderElection83] INFO  server.RaftServerConfigKeys (ConfUtils.java:logGet(43)) - raft.server.rpc.sleep.time = 25ms (default)
2019-10-15 13:43:29,490 [6a757eb6-bc60-4b0e-b745-15dac084ce59@group-6B364F0EE7BD-LeaderElection83] INFO  server.RaftServerConfigKeys (ConfUtils.java:logGet(43)) - raft.server.write.element-limit = 4096 (default)
2019-10-15 13:43:29,490 [6a757eb6-bc60-4b0e-b745-15dac084ce59@group-6B364F0EE7BD-LeaderElection83] INFO  server.RaftServerConfigKeys (ConfUtils.java:logGet(43)) - raft.server.watch.timeout = 10s (default)
2019-10-15 13:43:29,490 [6a757eb6-bc60-4b0e-b745-15dac084ce59@group-6B364F0EE7BD-LeaderElection83] INFO  server.RaftServerConfigKeys (ConfUtils.java:logGet(43)) - raft.server.watch.timeout.denomination = 1s (default)
2019-10-15 13:43:29,490 [6a757eb6-bc60-4b0e-b745-15dac084ce59@group-6B364F0EE7BD-LeaderElection83] INFO  server.RaftServerConfigKeys (ConfUtils.java:logGet(43)) - raft.server.watch.element-limit = 65536 (default)
2019-10-15 13:43:29,491 [6a757eb6-bc60-4b0e-b745-15dac084ce59@group-6B364F0EE7BD-LeaderElection83] INFO  impl.RoleInfo (RoleInfo.java:updateAndGet(143)) - 6a757eb6-bc60-4b0e-b745-15dac084ce59: start LeaderState
2019-10-15 13:43:29,492 [6a757eb6-bc60-4b0e-b745-15dac084ce59@group-6B364F0EE7BD-LeaderElection83] INFO  segmented.SegmentedRaftLogWorker (SegmentedRaftLogWorker.java:startLogSegment(385)) - 6a757eb6-bc60-4b0e-b745-15dac084ce59@group-6B364F0EE7BD-SegmentedRaftLogWorker: Starting segment from index:0
2019-10-15 13:43:29,492 [6a757eb6-bc60-4b0e-b745-15dac084ce59@group-6B364F0EE7BD-LeaderElection83] INFO  impl.RaftServerImpl (ServerState.java:setRaftConf(356)) - 6a757eb6-bc60-4b0e-b745-15dac084ce59@group-6B364F0EE7BD: set configuration 0: [6a757eb6-bc60-4b0e-b745-15dac084ce59:192.168.164.217:34441], old=null at 0
2019-10-15 13:43:29,523 [b6c7c67f-5f79-4a81-a3c4-5368a8ae7517@group-47F1990C59BF-SegmentedRaftLogWorker] INFO  segmented.SegmentedRaftLogWorker (SegmentedRaftLogWorker.java:execute(574)) - b6c7c67f-5f79-4a81-a3c4-5368a8ae7517@group-47F1990C59BF-SegmentedRaftLogWorker: created new log segment /workdir/hadoop-ozone/integration-test/target/test-dir/MiniOzoneClusterImpl-1f29813a-1e19-43ce-b943-a1b495b6c863/datanode-5/data/ratis/26a779a0-8693-4bc9-a07e-47f1990c59bf/current/log_inprogress_0
2019-10-15 13:43:29,533 [Thread-2506] INFO  impl.FollowerState (FollowerState.java:run(108)) - ab6820c9-6f85-4050-a44b-975c9b561d1e@group-587B18C3500F-FollowerState: change to CANDIDATE, lastRpcTime:5035ms, electionTimeout:5035ms
2019-10-15 13:43:29,534 [Thread-2506] INFO  impl.RoleInfo (RoleInfo.java:shutdownFollowerState(121)) - ab6820c9-6f85-4050-a44b-975c9b561d1e: shutdown FollowerState
2019-10-15 13:43:29,534 [Thread-2506] INFO  impl.RaftServerImpl (RaftServerImpl.java:setRole(170)) - ab6820c9-6f85-4050-a44b-975c9b561d1e@group-587B18C3500F: changes role from  FOLLOWER to CANDIDATE at term 0 for changeToCandidate
2019-10-15 13:43:29,534 [Thread-2506] INFO  impl.RoleInfo (RoleInfo.java:updateAndGet(143)) - ab6820c9-6f85-4050-a44b-975c9b561d1e: start LeaderElection
2019-10-15 13:43:29,543 [6a757eb6-bc60-4b0e-b745-15dac084ce59@group-6B364F0EE7BD-SegmentedRaftLogWorker] INFO  segmented.SegmentedRaftLogWorker (SegmentedRaftLogWorker.java:execute(574)) - 6a757eb6-bc60-4b0e-b745-15dac084ce59@group-6B364F0EE7BD-SegmentedRaftLogWorker: created new log segment /workdir/hadoop-ozone/integration-test/target/test-dir/MiniOzoneClusterImpl-1f29813a-1e19-43ce-b943-a1b495b6c863/datanode-6/data/ratis/29991c87-ceac-4ea0-a7e3-6b364f0ee7bd/current/log_inprogress_0
2019-10-15 13:43:29,565 [ab6820c9-6f85-4050-a44b-975c9b561d1e@group-587B18C3500F-LeaderElection84] INFO  impl.LeaderElection (LeaderElection.java:askForVotes(178)) - ab6820c9-6f85-4050-a44b-975c9b561d1e@group-587B18C3500F-LeaderElection84: begin an election at term 1 for -1: [b6c7c67f-5f79-4a81-a3c4-5368a8ae7517:192.168.164.217:33910, ab6820c9-6f85-4050-a44b-975c9b561d1e:192.168.164.217:43454, 1bfa82b1-c9f9-4543-ab0a-ccac2045b0c1:192.168.164.217:41553], old=null
2019-10-15 13:43:29,575 [grpc-default-executor-10] INFO  impl.RaftServerImpl (RaftServerImpl.java:setRole(170)) - 1bfa82b1-c9f9-4543-ab0a-ccac2045b0c1@group-587B18C3500F: changes role from  FOLLOWER to FOLLOWER at term 1 for recognizeCandidate:ab6820c9-6f85-4050-a44b-975c9b561d1e
2019-10-15 13:43:29,575 [grpc-default-executor-10] INFO  impl.RoleInfo (RoleInfo.java:shutdownFollowerState(121)) - 1bfa82b1-c9f9-4543-ab0a-ccac2045b0c1: shutdown FollowerState
2019-10-15 13:43:29,578 [grpc-default-executor-8] INFO  impl.RaftServerImpl (RaftServerImpl.java:setRole(170)) - b6c7c67f-5f79-4a81-a3c4-5368a8ae7517@group-587B18C3500F: changes role from  FOLLOWER to FOLLOWER at term 1 for recognizeCandidate:ab6820c9-6f85-4050-a44b-975c9b561d1e
2019-10-15 13:43:29,578 [grpc-default-executor-10] INFO  impl.RoleInfo (RoleInfo.java:updateAndGet(143)) - 1bfa82b1-c9f9-4543-ab0a-ccac2045b0c1: start FollowerState
2019-10-15 13:43:29,578 [Thread-2505] INFO  impl.FollowerState (FollowerState.java:run(117)) - 1bfa82b1-c9f9-4543-ab0a-ccac2045b0c1@group-587B18C3500F-FollowerState was interrupted: java.lang.InterruptedException: sleep interrupted
2019-10-15 13:43:29,578 [grpc-default-executor-8] INFO  impl.RoleInfo (RoleInfo.java:shutdownFollowerState(121)) - b6c7c67f-5f79-4a81-a3c4-5368a8ae7517: shutdown FollowerState
2019-10-15 13:43:29,582 [grpc-default-executor-8] INFO  impl.RoleInfo (RoleInfo.java:updateAndGet(143)) - b6c7c67f-5f79-4a81-a3c4-5368a8ae7517: start FollowerState
2019-10-15 13:43:29,582 [Thread-2507] INFO  impl.FollowerState (FollowerState.java:run(117)) - b6c7c67f-5f79-4a81-a3c4-5368a8ae7517@group-587B18C3500F-FollowerState was interrupted: java.lang.InterruptedException: sleep interrupted
2019-10-15 13:43:29,608 [ab6820c9-6f85-4050-a44b-975c9b561d1e@group-587B18C3500F-LeaderElection84] INFO  impl.LeaderElection (LeaderElection.java:logAndReturn(56)) - ab6820c9-6f85-4050-a44b-975c9b561d1e@group-587B18C3500F-LeaderElection84: Election PASSED; received 1 response(s) [ab6820c9-6f85-4050-a44b-975c9b561d1e<-1bfa82b1-c9f9-4543-ab0a-ccac2045b0c1#0:OK-t1] and 0 exception(s); ab6820c9-6f85-4050-a44b-975c9b561d1e@group-587B18C3500F:t1, leader=null, voted=ab6820c9-6f85-4050-a44b-975c9b561d1e, raftlog=ab6820c9-6f85-4050-a44b-975c9b561d1e@group-587B18C3500F-SegmentedRaftLog:OPENED:c-1,f-1,i0, conf=-1: [b6c7c67f-5f79-4a81-a3c4-5368a8ae7517:192.168.164.217:33910, ab6820c9-6f85-4050-a44b-975c9b561d1e:192.168.164.217:43454, 1bfa82b1-c9f9-4543-ab0a-ccac2045b0c1:192.168.164.217:41553], old=null
2019-10-15 13:43:29,608 [ab6820c9-6f85-4050-a44b-975c9b561d1e@group-587B18C3500F-LeaderElection84] INFO  impl.RoleInfo (RoleInfo.java:shutdownLeaderElection(134)) - ab6820c9-6f85-4050-a44b-975c9b561d1e: shutdown LeaderElection
2019-10-15 13:43:29,609 [ab6820c9-6f85-4050-a44b-975c9b561d1e@group-587B18C3500F-LeaderElection84] INFO  impl.RaftServerImpl (RaftServerImpl.java:setRole(170)) - ab6820c9-6f85-4050-a44b-975c9b561d1e@group-587B18C3500F: changes role from CANDIDATE to LEADER at term 1 for changeToLeader
2019-10-15 13:43:29,609 [ab6820c9-6f85-4050-a44b-975c9b561d1e@group-587B18C3500F-LeaderElection84] INFO  impl.RaftServerImpl (ServerState.java:setLeader(255)) - ab6820c9-6f85-4050-a44b-975c9b561d1e@group-587B18C3500F: change Leader from null to ab6820c9-6f85-4050-a44b-975c9b561d1e at term 1 for becomeLeader, leader elected after 5123ms
2019-10-15 13:43:29,609 [ab6820c9-6f85-4050-a44b-975c9b561d1e@group-587B18C3500F-LeaderElection84] INFO  server.RaftServerConfigKeys (ConfUtils.java:logGet(43)) - raft.server.staging.catchup.gap = 1000 (default)
2019-10-15 13:43:29,609 [ab6820c9-6f85-4050-a44b-975c9b561d1e@group-587B18C3500F-LeaderElection84] INFO  server.RaftServerConfigKeys (ConfUtils.java:logGet(43)) - raft.server.rpc.sleep.time = 25ms (default)
2019-10-15 13:43:29,609 [ab6820c9-6f85-4050-a44b-975c9b561d1e@group-587B18C3500F-LeaderElection84] INFO  server.RaftServerConfigKeys (ConfUtils.java:logGet(43)) - raft.server.write.element-limit = 4096 (default)
2019-10-15 13:43:29,609 [ab6820c9-6f85-4050-a44b-975c9b561d1e@group-587B18C3500F-LeaderElection84] INFO  server.RaftServerConfigKeys (ConfUtils.java:logGet(43)) - raft.server.watch.timeout = 10s (default)
2019-10-15 13:43:29,610 [ab6820c9-6f85-4050-a44b-975c9b561d1e@group-587B18C3500F-LeaderElection84] INFO  server.RaftServerConfigKeys (ConfUtils.java:logGet(43)) - raft.server.watch.timeout.denomination = 1s (default)
2019-10-15 13:43:29,610 [ab6820c9-6f85-4050-a44b-975c9b561d1e@group-587B18C3500F-LeaderElection84] INFO  server.RaftServerConfigKeys (ConfUtils.java:logGet(43)) - raft.server.watch.element-limit = 65536 (default)
2019-10-15 13:43:29,611 [ab6820c9-6f85-4050-a44b-975c9b561d1e@group-587B18C3500F-LeaderElection84] INFO  server.RaftServerConfigKeys (ConfUtils.java:logGet(43)) - raft.server.log.appender.snapshot.chunk.size.max = 16MB (=16777216) (default)
2019-10-15 13:43:29,612 [ab6820c9-6f85-4050-a44b-975c9b561d1e@group-587B18C3500F-LeaderElection84] INFO  server.RaftServerConfigKeys (ConfUtils.java:logGet(43)) - raft.server.log.appender.buffer.byte-limit = 33554432 (custom)
2019-10-15 13:43:29,612 [ab6820c9-6f85-4050-a44b-975c9b561d1e@group-587B18C3500F-LeaderElection84] INFO  server.RaftServerConfigKeys (ConfUtils.java:logGet(43)) - raft.server.log.appender.buffer.element-limit = 1 (custom)
2019-10-15 13:43:29,612 [ab6820c9-6f85-4050-a44b-975c9b561d1e@group-587B18C3500F-LeaderElection84] INFO  grpc.GrpcConfigKeys$Server (ConfUtils.java:logGet(43)) - raft.grpc.server.leader.outstanding.appends.max = 128 (default)
2019-10-15 13:43:29,612 [ab6820c9-6f85-4050-a44b-975c9b561d1e@group-587B18C3500F-LeaderElection84] INFO  server.RaftServerConfigKeys (ConfUtils.java:logGet(43)) - raft.server.rpc.request.timeout = 3000ms (default)
2019-10-15 13:43:29,612 [ab6820c9-6f85-4050-a44b-975c9b561d1e@group-587B18C3500F-LeaderElection84] INFO  server.RaftServerConfigKeys (ConfUtils.java:logGet(43)) - raft.server.log.appender.install.snapshot.enabled = false (custom)
2019-10-15 13:43:29,613 [ab6820c9-6f85-4050-a44b-975c9b561d1e@group-587B18C3500F-LeaderElection84] INFO  server.RaftServerConfigKeys (ConfUtils.java:logGet(43)) - raft.server.log.appender.snapshot.chunk.size.max = 16MB (=16777216) (default)
2019-10-15 13:43:29,613 [ab6820c9-6f85-4050-a44b-975c9b561d1e@group-587B18C3500F-LeaderElection84] INFO  server.RaftServerConfigKeys (ConfUtils.java:logGet(43)) - raft.server.log.appender.buffer.byte-limit = 33554432 (custom)
2019-10-15 13:43:29,613 [ab6820c9-6f85-4050-a44b-975c9b561d1e@group-587B18C3500F-LeaderElection84] INFO  server.RaftServerConfigKeys (ConfUtils.java:logGet(43)) - raft.server.log.appender.buffer.element-limit = 1 (custom)
2019-10-15 13:43:29,613 [ab6820c9-6f85-4050-a44b-975c9b561d1e@group-587B18C3500F-LeaderElection84] INFO  grpc.GrpcConfigKeys$Server (ConfUtils.java:logGet(43)) - raft.grpc.server.leader.outstanding.appends.max = 128 (default)
2019-10-15 13:43:29,613 [ab6820c9-6f85-4050-a44b-975c9b561d1e@group-587B18C3500F-LeaderElection84] INFO  server.RaftServerConfigKeys (ConfUtils.java:logGet(43)) - raft.server.rpc.request.timeout = 3000ms (default)
2019-10-15 13:43:29,613 [ab6820c9-6f85-4050-a44b-975c9b561d1e@group-587B18C3500F-LeaderElection84] INFO  server.RaftServerConfigKeys (ConfUtils.java:logGet(43)) - raft.server.log.appender.install.snapshot.enabled = false (custom)
2019-10-15 13:43:29,614 [ab6820c9-6f85-4050-a44b-975c9b561d1e@group-587B18C3500F-LeaderElection84] INFO  impl.RoleInfo (RoleInfo.java:updateAndGet(143)) - ab6820c9-6f85-4050-a44b-975c9b561d1e: start LeaderState
2019-10-15 13:43:29,614 [ab6820c9-6f85-4050-a44b-975c9b561d1e@group-587B18C3500F-LeaderElection84] INFO  segmented.SegmentedRaftLogWorker (SegmentedRaftLogWorker.java:startLogSegment(385)) - ab6820c9-6f85-4050-a44b-975c9b561d1e@group-587B18C3500F-SegmentedRaftLogWorker: Starting segment from index:0
2019-10-15 13:43:29,615 [ab6820c9-6f85-4050-a44b-975c9b561d1e@group-587B18C3500F-LeaderElection84] INFO  impl.RaftServerImpl (ServerState.java:setRaftConf(356)) - ab6820c9-6f85-4050-a44b-975c9b561d1e@group-587B18C3500F: set configuration 0: [b6c7c67f-5f79-4a81-a3c4-5368a8ae7517:192.168.164.217:33910, ab6820c9-6f85-4050-a44b-975c9b561d1e:192.168.164.217:43454, 1bfa82b1-c9f9-4543-ab0a-ccac2045b0c1:192.168.164.217:41553], old=null at 0
2019-10-15 13:43:29,644 [grpc-default-executor-10] INFO  impl.RaftServerImpl (ServerState.java:setLeader(255)) - b6c7c67f-5f79-4a81-a3c4-5368a8ae7517@group-587B18C3500F: change Leader from null to ab6820c9-6f85-4050-a44b-975c9b561d1e at term 1 for appendEntries, leader elected after 5159ms
2019-10-15 13:43:29,648 [grpc-default-executor-10] INFO  impl.RaftServerImpl (ServerState.java:setLeader(255)) - 1bfa82b1-c9f9-4543-ab0a-ccac2045b0c1@group-587B18C3500F: change Leader from null to ab6820c9-6f85-4050-a44b-975c9b561d1e at term 1 for appendEntries, leader elected after 5162ms
2019-10-15 13:43:29,652 [grpc-default-executor-6] INFO  impl.RaftServerImpl (ServerState.java:setRaftConf(356)) - b6c7c67f-5f79-4a81-a3c4-5368a8ae7517@group-587B18C3500F: set configuration 0: [b6c7c67f-5f79-4a81-a3c4-5368a8ae7517:192.168.164.217:33910, ab6820c9-6f85-4050-a44b-975c9b561d1e:192.168.164.217:43454, 1bfa82b1-c9f9-4543-ab0a-ccac2045b0c1:192.168.164.217:41553], old=null at 0
2019-10-15 13:43:29,653 [grpc-default-executor-6] INFO  segmented.SegmentedRaftLogWorker (SegmentedRaftLogWorker.java:startLogSegment(385)) - b6c7c67f-5f79-4a81-a3c4-5368a8ae7517@group-587B18C3500F-SegmentedRaftLogWorker: Starting segment from index:0
2019-10-15 13:43:29,654 [grpc-default-executor-6] INFO  impl.RaftServerImpl (ServerState.java:setRaftConf(356)) - 1bfa82b1-c9f9-4543-ab0a-ccac2045b0c1@group-587B18C3500F: set configuration 0: [b6c7c67f-5f79-4a81-a3c4-5368a8ae7517:192.168.164.217:33910, ab6820c9-6f85-4050-a44b-975c9b561d1e:192.168.164.217:43454, 1bfa82b1-c9f9-4543-ab0a-ccac2045b0c1:192.168.164.217:41553], old=null at 0
2019-10-15 13:43:29,654 [grpc-default-executor-6] INFO  segmented.SegmentedRaftLogWorker (SegmentedRaftLogWorker.java:startLogSegment(385)) - 1bfa82b1-c9f9-4543-ab0a-ccac2045b0c1@group-587B18C3500F-SegmentedRaftLogWorker: Starting segment from index:0
2019-10-15 13:43:29,667 [ab6820c9-6f85-4050-a44b-975c9b561d1e@group-587B18C3500F-SegmentedRaftLogWorker] INFO  segmented.SegmentedRaftLogWorker (SegmentedRaftLogWorker.java:execute(574)) - ab6820c9-6f85-4050-a44b-975c9b561d1e@group-587B18C3500F-SegmentedRaftLogWorker: created new log segment /workdir/hadoop-ozone/integration-test/target/test-dir/MiniOzoneClusterImpl-1f29813a-1e19-43ce-b943-a1b495b6c863/datanode-3/data/ratis/85a8f3c3-6a16-46a6-bddf-587b18c3500f/current/log_inprogress_0
2019-10-15 13:43:29,696 [1bfa82b1-c9f9-4543-ab0a-ccac2045b0c1@group-587B18C3500F-SegmentedRaftLogWorker] INFO  segmented.SegmentedRaftLogWorker (SegmentedRaftLogWorker.java:execute(574)) - 1bfa82b1-c9f9-4543-ab0a-ccac2045b0c1@group-587B18C3500F-SegmentedRaftLogWorker: created new log segment /workdir/hadoop-ozone/integration-test/target/test-dir/MiniOzoneClusterImpl-1f29813a-1e19-43ce-b943-a1b495b6c863/datanode-4/data/ratis/85a8f3c3-6a16-46a6-bddf-587b18c3500f/current/log_inprogress_0
2019-10-15 13:43:29,696 [b6c7c67f-5f79-4a81-a3c4-5368a8ae7517@group-587B18C3500F-SegmentedRaftLogWorker] INFO  segmented.SegmentedRaftLogWorker (SegmentedRaftLogWorker.java:execute(574)) - b6c7c67f-5f79-4a81-a3c4-5368a8ae7517@group-587B18C3500F-SegmentedRaftLogWorker: created new log segment /workdir/hadoop-ozone/integration-test/target/test-dir/MiniOzoneClusterImpl-1f29813a-1e19-43ce-b943-a1b495b6c863/datanode-5/data/ratis/85a8f3c3-6a16-46a6-bddf-587b18c3500f/current/log_inprogress_0
2019-10-15 13:43:30,818 [Datanode State Machine Thread - 0] INFO  statemachine.DatanodeStateMachine (DatanodeStateMachine.java:lambda$startDaemon$0(350)) - Ozone container server started.
2019-10-15 13:43:34,822 [main] INFO  ozoneimpl.OzoneContainer (OzoneContainer.java:stop(227)) - Attempting to stop container services.
2019-10-15 13:43:34,825 [main] INFO  impl.RaftServerProxy (RaftServerProxy.java:lambda$close$4(314)) - 256707ac-3ceb-4b32-81e8-7d104914f2fa: close
2019-10-15 13:43:34,826 [main] INFO  impl.RaftServerImpl (RaftServerImpl.java:lambda$shutdown$3(247)) - 256707ac-3ceb-4b32-81e8-7d104914f2fa@group-D24FEA9366DD: shutdown
2019-10-15 13:43:34,826 [ForkJoinPool.commonPool-worker-0] INFO  impl.RaftServerImpl (RaftServerImpl.java:lambda$shutdown$3(247)) - 256707ac-3ceb-4b32-81e8-7d104914f2fa@group-CAC70F02CD52: shutdown
2019-10-15 13:43:34,826 [main] INFO  util.JmxRegister (JmxRegister.java:unregister(73)) - Successfully un-registered JMX Bean with object name Ratis:service=RaftServer,group=group-D24FEA9366DD,id=256707ac-3ceb-4b32-81e8-7d104914f2fa
2019-10-15 13:43:34,827 [ForkJoinPool.commonPool-worker-0] INFO  util.JmxRegister (JmxRegister.java:unregister(73)) - Successfully un-registered JMX Bean with object name Ratis:service=RaftServer,group=group-CAC70F02CD52,id=256707ac-3ceb-4b32-81e8-7d104914f2fa
2019-10-15 13:43:34,827 [main] INFO  impl.RoleInfo (RoleInfo.java:shutdownFollowerState(121)) - 256707ac-3ceb-4b32-81e8-7d104914f2fa: shutdown FollowerState
2019-10-15 13:43:34,827 [ForkJoinPool.commonPool-worker-0] INFO  impl.RoleInfo (RoleInfo.java:shutdownLeaderState(104)) - 256707ac-3ceb-4b32-81e8-7d104914f2fa: shutdown LeaderState
2019-10-15 13:43:34,827 [main] INFO  impl.StateMachineUpdater (StateMachineUpdater.java:stopAndJoin(136)) - 256707ac-3ceb-4b32-81e8-7d104914f2fa@group-D24FEA9366DD-StateMachineUpdater: set stopIndex = 2
2019-10-15 13:43:34,827 [Thread-2538] INFO  impl.FollowerState (FollowerState.java:run(117)) - 256707ac-3ceb-4b32-81e8-7d104914f2fa@group-D24FEA9366DD-FollowerState was interrupted: java.lang.InterruptedException: sleep interrupted
2019-10-15 13:43:34,828 [ForkJoinPool.commonPool-worker-0] INFO  impl.PendingRequests (PendingRequests.java:sendNotLeaderResponses(202)) - 256707ac-3ceb-4b32-81e8-7d104914f2fa@group-CAC70F02CD52-PendingRequests: sendNotLeaderResponses
2019-10-15 13:43:34,828 [256707ac-3ceb-4b32-81e8-7d104914f2fa@group-D24FEA9366DD-StateMachineUpdater] INFO  ratis.ContainerStateMachine (ContainerStateMachine.java:takeSnapshot(294)) - group-D24FEA9366DD: Taking a snapshot at:(t:1, i:1) file /workdir/hadoop-ozone/integration-test/target/test-dir/MiniOzoneClusterImpl-1f29813a-1e19-43ce-b943-a1b495b6c863/datanode-0/data/ratis/a5d6c710-4425-4d1e-a0ff-d24fea9366dd/sm/snapshot.1_1
2019-10-15 13:43:34,837 [ForkJoinPool.commonPool-worker-0] INFO  impl.StateMachineUpdater (StateMachineUpdater.java:stopAndJoin(136)) - 256707ac-3ceb-4b32-81e8-7d104914f2fa@group-CAC70F02CD52-StateMachineUpdater: set stopIndex = 0
2019-10-15 13:43:34,838 [ForkJoinPool.commonPool-worker-0] INFO  impl.RaftServerImpl (ServerState.java:close(387)) - 256707ac-3ceb-4b32-81e8-7d104914f2fa@group-CAC70F02CD52: closes. applyIndex: 0
2019-10-15 13:43:34,838 [256707ac-3ceb-4b32-81e8-7d104914f2fa@group-CAC70F02CD52-SegmentedRaftLogWorker] INFO  segmented.SegmentedRaftLogWorker (SegmentedRaftLogWorker.java:run(316)) - 256707ac-3ceb-4b32-81e8-7d104914f2fa@group-CAC70F02CD52-SegmentedRaftLogWorker was interrupted, exiting. There are 0 tasks remaining in the queue.
2019-10-15 13:43:34,841 [ForkJoinPool.commonPool-worker-0] INFO  segmented.SegmentedRaftLogWorker (SegmentedRaftLogWorker.java:close(224)) - 256707ac-3ceb-4b32-81e8-7d104914f2fa@group-CAC70F02CD52-SegmentedRaftLogWorker close()
2019-10-15 13:43:34,858 [256707ac-3ceb-4b32-81e8-7d104914f2fa@group-D24FEA9366DD-StateMachineUpdater] INFO  ratis.ContainerStateMachine (ContainerStateMachine.java:takeSnapshot(305)) - group-D24FEA9366DD: Finished taking a snapshot at:(t:1, i:1) file:/workdir/hadoop-ozone/integration-test/target/test-dir/MiniOzoneClusterImpl-1f29813a-1e19-43ce-b943-a1b495b6c863/datanode-0/data/ratis/a5d6c710-4425-4d1e-a0ff-d24fea9366dd/sm/snapshot.1_1 time:30
2019-10-15 13:43:34,859 [256707ac-3ceb-4b32-81e8-7d104914f2fa@group-D24FEA9366DD-StateMachineUpdater] INFO  impl.StateMachineUpdater (StateMachineUpdater.java:takeSnapshot(269)) - 256707ac-3ceb-4b32-81e8-7d104914f2fa@group-D24FEA9366DD-StateMachineUpdater: Took a snapshot at index 1
2019-10-15 13:43:34,859 [256707ac-3ceb-4b32-81e8-7d104914f2fa@group-D24FEA9366DD-StateMachineUpdater] INFO  impl.StateMachineUpdater (StateMachineUpdater.java:lambda$new$0(84)) - 256707ac-3ceb-4b32-81e8-7d104914f2fa@group-D24FEA9366DD-StateMachineUpdater: snapshotIndex: updateIncreasingly -1 -> 1
2019-10-15 13:43:34,859 [256707ac-3ceb-4b32-81e8-7d104914f2fa@group-D24FEA9366DD-StateMachineUpdater] INFO  ratis.ContainerStateMachine (ContainerStateMachine.java:takeSnapshot(294)) - group-D24FEA9366DD: Taking a snapshot at:(t:1, i:1) file /workdir/hadoop-ozone/integration-test/target/test-dir/MiniOzoneClusterImpl-1f29813a-1e19-43ce-b943-a1b495b6c863/datanode-0/data/ratis/a5d6c710-4425-4d1e-a0ff-d24fea9366dd/sm/snapshot.1_1
2019-10-15 13:43:34,882 [256707ac-3ceb-4b32-81e8-7d104914f2fa@group-D24FEA9366DD-StateMachineUpdater] INFO  ratis.ContainerStateMachine (ContainerStateMachine.java:takeSnapshot(305)) - group-D24FEA9366DD: Finished taking a snapshot at:(t:1, i:1) file:/workdir/hadoop-ozone/integration-test/target/test-dir/MiniOzoneClusterImpl-1f29813a-1e19-43ce-b943-a1b495b6c863/datanode-0/data/ratis/a5d6c710-4425-4d1e-a0ff-d24fea9366dd/sm/snapshot.1_1 time:22
2019-10-15 13:43:34,882 [256707ac-3ceb-4b32-81e8-7d104914f2fa@group-D24FEA9366DD-StateMachineUpdater] INFO  impl.StateMachineUpdater (StateMachineUpdater.java:takeSnapshot(269)) - 256707ac-3ceb-4b32-81e8-7d104914f2fa@group-D24FEA9366DD-StateMachineUpdater: Took a snapshot at index 1
2019-10-15 13:43:34,882 [256707ac-3ceb-4b32-81e8-7d104914f2fa@group-D24FEA9366DD-StateMachineUpdater] INFO  impl.StateMachineUpdater (StateMachineUpdater.java:lambda$new$0(84)) - 256707ac-3ceb-4b32-81e8-7d104914f2fa@group-D24FEA9366DD-StateMachineUpdater: snapshotIndex: updateIncreasingly 1 -> 1
2019-10-15 13:43:34,883 [main] INFO  impl.RaftServerImpl (ServerState.java:close(387)) - 256707ac-3ceb-4b32-81e8-7d104914f2fa@group-D24FEA9366DD: closes. applyIndex: 2
2019-10-15 13:43:34,883 [256707ac-3ceb-4b32-81e8-7d104914f2fa@group-D24FEA9366DD-SegmentedRaftLogWorker] INFO  segmented.SegmentedRaftLogWorker (SegmentedRaftLogWorker.java:run(316)) - 256707ac-3ceb-4b32-81e8-7d104914f2fa@group-D24FEA9366DD-SegmentedRaftLogWorker was interrupted, exiting. There are 0 tasks remaining in the queue.
2019-10-15 13:43:34,890 [main] INFO  segmented.SegmentedRaftLogWorker (SegmentedRaftLogWorker.java:close(224)) - 256707ac-3ceb-4b32-81e8-7d104914f2fa@group-D24FEA9366DD-SegmentedRaftLogWorker close()
2019-10-15 13:43:34,912 [main] INFO  server.GrpcService (GrpcService.java:closeImpl(164)) - 256707ac-3ceb-4b32-81e8-7d104914f2fa: shutdown server with port 37413 now
2019-10-15 13:43:34,914 [grpc-default-executor-6] WARN  server.GrpcServerProtocolService (LogUtils.java:warn(134)) - 256707ac-3ceb-4b32-81e8-7d104914f2fa: installSnapshot onError, lastRequest: 62569dad-e525-41bd-b913-23cd09473a0c->256707ac-3ceb-4b32-81e8-7d104914f2fa#5-t1, previous=(t:1, i:2), leaderCommit=2, initializing? false, entries: <empty>: org.apache.ratis.thirdparty.io.grpc.StatusRuntimeException: CANCELLED: cancelled before receiving half close
2019-10-15 13:43:34,914 [main] INFO  server.GrpcService (GrpcService.java:closeImpl(172)) - 256707ac-3ceb-4b32-81e8-7d104914f2fa: shutdown server with port 37413 successfully
2019-10-15 13:43:34,915 [grpc-default-executor-4] WARN  server.GrpcLogAppender (LogUtils.java:warn(134)) - 62569dad-e525-41bd-b913-23cd09473a0c@group-D24FEA9366DD->256707ac-3ceb-4b32-81e8-7d104914f2fa-AppendLogResponseHandler: Failed appendEntries: org.apache.ratis.thirdparty.io.grpc.StatusRuntimeException: CANCELLED: HTTP/2 error code: CANCEL
Received Rst Stream
2019-10-15 13:43:34,916 [grpc-default-executor-4] INFO  impl.FollowerInfo (FollowerInfo.java:lambda$new$0(51)) - 62569dad-e525-41bd-b913-23cd09473a0c@group-D24FEA9366DD->256707ac-3ceb-4b32-81e8-7d104914f2fa: nextIndex: updateUnconditionally 3 -> 2
2019-10-15 13:43:34,918 [refreshUsed-/workdir/hadoop-ozone/integration-test/target/test-dir/MiniOzoneClusterImpl-1f29813a-1e19-43ce-b943-a1b495b6c863/datanode-0/data/containers] WARN  fs.CachingGetSpaceUsed (CachingGetSpaceUsed.java:run(183)) - Thread Interrupted waiting to refresh disk information: sleep interrupted
2019-10-15 13:43:34,941 [main] INFO  utils.BackgroundService (BackgroundService.java:shutdown(151)) - Shutting down service BlockDeletingService
2019-10-15 13:43:34,949 [main] INFO  statemachine.DatanodeStateMachine (DatanodeStateMachine.java:stopDaemon(395)) - Ozone container server stopped.
2019-10-15 13:43:34,951 [main] INFO  handler.ContextHandler (ContextHandler.java:doStop(910)) - Stopped o.e.j.w.WebAppContext@496cc217{/,null,UNAVAILABLE}{/hddsDatanode}
2019-10-15 13:43:34,952 [main] INFO  server.AbstractConnector (AbstractConnector.java:doStop(318)) - Stopped ServerConnector@1a1c21b4{HTTP/1.1,[http/1.1]}{0.0.0.0:0}
2019-10-15 13:43:34,952 [main] INFO  handler.ContextHandler (ContextHandler.java:doStop(910)) - Stopped o.e.j.s.ServletContextHandler@2ca3d826{/static,jar:file:/home/user/.m2/repository/org/apache/hadoop/hadoop-hdds-container-service/0.5.0-SNAPSHOT/hadoop-hdds-container-service-0.5.0-SNAPSHOT.jar!/webapps/static,UNAVAILABLE}
2019-10-15 13:43:34,953 [main] INFO  handler.ContextHandler (ContextHandler.java:doStop(910)) - Stopped o.e.j.s.ServletContextHandler@543fe698{/logs,file:///workdir/hadoop-ozone/integration-test/target/log,UNAVAILABLE}
2019-10-15 13:43:34,963 [grpc-default-executor-6] WARN  server.GrpcLogAppender (LogUtils.java:warn(134)) - 62569dad-e525-41bd-b913-23cd09473a0c@group-D24FEA9366DD->256707ac-3ceb-4b32-81e8-7d104914f2fa-AppendLogResponseHandler: Failed appendEntries: org.apache.ratis.thirdparty.io.grpc.StatusRuntimeException: UNAVAILABLE: io exception
2019-10-15 13:43:34,963 [grpc-default-executor-6] INFO  impl.FollowerInfo (FollowerInfo.java:lambda$new$0(51)) - 62569dad-e525-41bd-b913-23cd09473a0c@group-D24FEA9366DD->256707ac-3ceb-4b32-81e8-7d104914f2fa: nextIndex: updateUnconditionally 3 -> 2
2019-10-15 13:43:34,974 [grpc-default-executor-10] WARN  server.GrpcLogAppender (LogUtils.java:warn(134)) - 62569dad-e525-41bd-b913-23cd09473a0c@group-D24FEA9366DD->256707ac-3ceb-4b32-81e8-7d104914f2fa-AppendLogResponseHandler: Failed appendEntries: org.apache.ratis.thirdparty.io.grpc.StatusRuntimeException: UNAVAILABLE: io exception
2019-10-15 13:43:34,974 [grpc-default-executor-10] INFO  impl.FollowerInfo (FollowerInfo.java:lambda$new$0(51)) - 62569dad-e525-41bd-b913-23cd09473a0c@group-D24FEA9366DD->256707ac-3ceb-4b32-81e8-7d104914f2fa: nextIndex: updateUnconditionally 3 -> 2
2019-10-15 13:43:34,989 [grpc-default-executor-6] WARN  server.GrpcLogAppender (LogUtils.java:warn(134)) - 62569dad-e525-41bd-b913-23cd09473a0c@group-D24FEA9366DD->256707ac-3ceb-4b32-81e8-7d104914f2fa-AppendLogResponseHandler: Failed appendEntries: org.apache.ratis.thirdparty.io.grpc.StatusRuntimeException: UNAVAILABLE: io exception
2019-10-15 13:43:34,989 [grpc-default-executor-6] INFO  impl.FollowerInfo (FollowerInfo.java:lambda$new$0(51)) - 62569dad-e525-41bd-b913-23cd09473a0c@group-D24FEA9366DD->256707ac-3ceb-4b32-81e8-7d104914f2fa: nextIndex: updateUnconditionally 3 -> 2
2019-10-15 13:43:35,010 [EventQueue-IncrementalContainerReportForIncrementalContainerReportHandler] WARN  container.IncrementalContainerReportHandler (AbstractContainerReportHandler.java:updateContainerState(145)) - Container #1 is in OPEN state, but the datanode 62569dad-e525-41bd-b913-23cd09473a0c{ip: 192.168.164.217, host: pr-hdds-1228-49bgw-825838123, networkLocation: /default-rack, certSerialId: null} reports an CLOSING replica.
2019-10-15 13:43:35,026 [EventQueue-IncrementalContainerReportForIncrementalContainerReportHandler] WARN  container.IncrementalContainerReportHandler (AbstractContainerReportHandler.java:updateContainerState(145)) - Container #1 is in OPEN state, but the datanode 510a44e3-2647-4c66-97a5-22a2effdae26{ip: 192.168.164.217, host: pr-hdds-1228-49bgw-825838123, networkLocation: /default-rack, certSerialId: null} reports an CLOSING replica.
2019-10-15 13:43:35,116 [RatisApplyTransactionExecutor 1] INFO  interfaces.Container (KeyValueContainer.java:flushAndSyncDB(398)) - Container 1 is synced with bcsId 0.
2019-10-15 13:43:35,196 [RatisApplyTransactionExecutor 1] INFO  interfaces.Container (KeyValueContainer.java:flushAndSyncDB(398)) - Container 1 is synced with bcsId 0.
2019-10-15 13:43:35,208 [RatisApplyTransactionExecutor 1] INFO  interfaces.Container (KeyValueContainer.java:flushAndSyncDB(398)) - Container 1 is synced with bcsId 0.
2019-10-15 13:43:35,208 [RatisApplyTransactionExecutor 1] INFO  interfaces.Container (KeyValueContainer.java:flushAndSyncDB(398)) - Container 1 is synced with bcsId 0.
2019-10-15 13:43:35,221 [RatisApplyTransactionExecutor 1] INFO  interfaces.Container (KeyValueContainer.java:close(336)) - Container 1 is closed with bcsId 0.
2019-10-15 13:43:35,225 [EventQueue-IncrementalContainerReportForIncrementalContainerReportHandler] WARN  container.IncrementalContainerReportHandler (AbstractContainerReportHandler.java:updateContainerState(145)) - Container #1 is in OPEN state, but the datanode 62569dad-e525-41bd-b913-23cd09473a0c{ip: 192.168.164.217, host: pr-hdds-1228-49bgw-825838123, networkLocation: /default-rack, certSerialId: null} reports an CLOSED replica.
2019-10-15 13:43:35,244 [RatisApplyTransactionExecutor 1] INFO  interfaces.Container (KeyValueContainer.java:close(336)) - Container 1 is closed with bcsId 0.
2019-10-15 13:43:35,245 [EventQueue-IncrementalContainerReportForIncrementalContainerReportHandler] WARN  container.IncrementalContainerReportHandler (AbstractContainerReportHandler.java:updateContainerState(145)) - Container #1 is in OPEN state, but the datanode 510a44e3-2647-4c66-97a5-22a2effdae26{ip: 192.168.164.217, host: pr-hdds-1228-49bgw-825838123, networkLocation: /default-rack, certSerialId: null} reports an CLOSED replica.
2019-10-15 13:43:37,490 [grpc-default-executor-10] WARN  server.GrpcLogAppender (LogUtils.java:warn(134)) - 62569dad-e525-41bd-b913-23cd09473a0c@group-D24FEA9366DD->256707ac-3ceb-4b32-81e8-7d104914f2fa-AppendLogResponseHandler: Failed appendEntries: org.apache.ratis.thirdparty.io.grpc.StatusRuntimeException: UNAVAILABLE: io exception
2019-10-15 13:43:37,491 [grpc-default-executor-10] INFO  impl.FollowerInfo (FollowerInfo.java:lambda$new$0(51)) - 62569dad-e525-41bd-b913-23cd09473a0c@group-D24FEA9366DD->256707ac-3ceb-4b32-81e8-7d104914f2fa: nextIndex: updateUnconditionally 2 -> 1
2019-10-15 13:43:38,228 [main] WARN  scm.XceiverClientRatis (XceiverClientRatis.java:watchForCommit(277)) - 3 way commit failed on pipeline Pipeline[ Id: a5d6c710-4425-4d1e-a0ff-d24fea9366dd, Nodes: 256707ac-3ceb-4b32-81e8-7d104914f2fa{ip: 192.168.164.217, host: pr-hdds-1228-49bgw-825838123, networkLocation: /default-rack, certSerialId: null}510a44e3-2647-4c66-97a5-22a2effdae26{ip: 192.168.164.217, host: pr-hdds-1228-49bgw-825838123, networkLocation: /default-rack, certSerialId: null}62569dad-e525-41bd-b913-23cd09473a0c{ip: 192.168.164.217, host: pr-hdds-1228-49bgw-825838123, networkLocation: /default-rack, certSerialId: null}, Type:RATIS, Factor:THREE, State:OPEN]
java.util.concurrent.TimeoutException
	at java.util.concurrent.CompletableFuture.timedGet(CompletableFuture.java:1771)
	at java.util.concurrent.CompletableFuture.get(CompletableFuture.java:1915)
	at org.apache.hadoop.hdds.scm.XceiverClientRatis.watchForCommit(XceiverClientRatis.java:274)
	at org.apache.hadoop.ozone.client.rpc.TestWatchForCommit.test2WayCommitForTimeoutException(TestWatchForCommit.java:391)
	at sun.reflect.NativeMethodAccessorImpl.invoke0(Native Method)
	at sun.reflect.NativeMethodAccessorImpl.invoke(NativeMethodAccessorImpl.java:62)
	at sun.reflect.DelegatingMethodAccessorImpl.invoke(DelegatingMethodAccessorImpl.java:43)
	at java.lang.reflect.Method.invoke(Method.java:498)
	at org.junit.runners.model.FrameworkMethod$1.runReflectiveCall(FrameworkMethod.java:47)
	at org.junit.internal.runners.model.ReflectiveCallable.run(ReflectiveCallable.java:12)
	at org.junit.runners.model.FrameworkMethod.invokeExplosively(FrameworkMethod.java:44)
	at org.junit.internal.runners.statements.InvokeMethod.evaluate(InvokeMethod.java:17)
	at org.junit.runners.ParentRunner.runLeaf(ParentRunner.java:271)
	at org.junit.runners.BlockJUnit4ClassRunner.runChild(BlockJUnit4ClassRunner.java:70)
	at org.junit.runners.BlockJUnit4ClassRunner.runChild(BlockJUnit4ClassRunner.java:50)
	at org.junit.runners.ParentRunner$3.run(ParentRunner.java:238)
	at org.junit.runners.ParentRunner$1.schedule(ParentRunner.java:63)
	at org.junit.runners.ParentRunner.runChildren(ParentRunner.java:236)
	at org.junit.runners.ParentRunner.access$000(ParentRunner.java:53)
	at org.junit.runners.ParentRunner$2.evaluate(ParentRunner.java:229)
	at org.junit.runners.ParentRunner.run(ParentRunner.java:309)
	at org.apache.maven.surefire.junit4.JUnit4Provider.execute(JUnit4Provider.java:365)
	at org.apache.maven.surefire.junit4.JUnit4Provider.executeWithRerun(JUnit4Provider.java:273)
	at org.apache.maven.surefire.junit4.JUnit4Provider.executeTestSet(JUnit4Provider.java:238)
	at org.apache.maven.surefire.junit4.JUnit4Provider.invoke(JUnit4Provider.java:159)
	at org.apache.maven.surefire.booter.ForkedBooter.invokeProviderInSameClassLoader(ForkedBooter.java:384)
	at org.apache.maven.surefire.booter.ForkedBooter.runSuitesInProcess(ForkedBooter.java:345)
	at org.apache.maven.surefire.booter.ForkedBooter.execute(ForkedBooter.java:126)
	at org.apache.maven.surefire.booter.ForkedBooter.main(ForkedBooter.java:418)
2019-10-15 13:43:39,993 [grpc-default-executor-4] WARN  server.GrpcLogAppender (LogUtils.java:warn(134)) - 62569dad-e525-41bd-b913-23cd09473a0c@group-D24FEA9366DD->256707ac-3ceb-4b32-81e8-7d104914f2fa-AppendLogResponseHandler: Failed appendEntries: org.apache.ratis.thirdparty.io.grpc.StatusRuntimeException: UNAVAILABLE: io exception
2019-10-15 13:43:39,999 [grpc-default-executor-4] INFO  impl.FollowerInfo (FollowerInfo.java:lambda$new$0(51)) - 62569dad-e525-41bd-b913-23cd09473a0c@group-D24FEA9366DD->256707ac-3ceb-4b32-81e8-7d104914f2fa: nextIndex: updateUnconditionally 1 -> 0
]]></system-out>
    <system-err><![CDATA[Oct 15, 2019 1:43:34 PM org.apache.ratis.thirdparty.io.grpc.internal.SerializingExecutor run
SEVERE: Exception while executing runnable org.apache.ratis.thirdparty.io.grpc.internal.ServerImpl$JumpToApplicationThreadServerStreamListener$1Closed@6a4ba4cb
org.apache.ratis.thirdparty.io.grpc.StatusRuntimeException: CANCELLED: call already cancelled
	at org.apache.ratis.thirdparty.io.grpc.Status.asRuntimeException(Status.java:517)
	at org.apache.ratis.thirdparty.io.grpc.stub.ServerCalls$ServerCallStreamObserverImpl.onCompleted(ServerCalls.java:356)
	at org.apache.ratis.grpc.server.GrpcServerProtocolService$ServerRequestStreamObserver.onError(GrpcServerProtocolService.java:121)
	at org.apache.ratis.thirdparty.io.grpc.stub.ServerCalls$StreamingServerCallHandler$StreamingServerCallListener.onCancel(ServerCalls.java:269)
	at org.apache.ratis.thirdparty.io.grpc.internal.ServerCallImpl$ServerStreamListenerImpl.closed(ServerCallImpl.java:293)
	at org.apache.ratis.thirdparty.io.grpc.internal.ServerImpl$JumpToApplicationThreadServerStreamListener$1Closed.runInContext(ServerImpl.java:741)
	at org.apache.ratis.thirdparty.io.grpc.internal.ContextRunnable.run(ContextRunnable.java:37)
	at org.apache.ratis.thirdparty.io.grpc.internal.SerializingExecutor.run(SerializingExecutor.java:123)
	at java.util.concurrent.ThreadPoolExecutor.runWorker(ThreadPoolExecutor.java:1149)
	at java.util.concurrent.ThreadPoolExecutor$Worker.run(ThreadPoolExecutor.java:624)
	at java.lang.Thread.run(Thread.java:748)

]]></system-err>
  </testcase>
</testsuite>