<?xml version="1.0" encoding="UTF-8"?>
<testsuite xmlns:xsi="http://www.w3.org/2001/XMLSchema-instance" xsi:noNamespaceSchemaLocation="https://maven.apache.org/surefire/maven-surefire-plugin/xsd/surefire-test-report.xsd" name="org.apache.hadoop.ozone.client.rpc.TestDeleteWithSlowFollower" time="137.121" tests="1" errors="0" skipped="0" failures="1">
  <properties>
    <property name="awt.toolkit" value="sun.awt.X11.XToolkit"/>
    <property name="file.encoding.pkg" value="sun.io"/>
    <property name="java.specification.version" value="1.8"/>
    <property name="sun.cpu.isalist" value=""/>
    <property name="sun.jnu.encoding" value="ANSI_X3.4-1968"/>
    <property name="java.class.path" value="/workdir/hadoop-ozone/integration-test/target/test-classes:/workdir/hadoop-ozone/integration-test/target/classes:/home/user/.m2/repository/org/apache/hadoop/hadoop-ozone-common/0.5.0-SNAPSHOT/hadoop-ozone-common-0.5.0-SNAPSHOT.jar:/home/user/.m2/repository/org/apache/commons/commons-compress/1.4.1/commons-compress-1.4.1.jar:/home/user/.m2/repository/org/tukaani/xz/1.0/xz-1.0.jar:/home/user/.m2/repository/org/apache/hadoop/hadoop-common/3.2.0/hadoop-common-3.2.0.jar:/home/user/.m2/repository/org/apache/hadoop/hadoop-hdfs/3.2.0/hadoop-hdfs-3.2.0.jar:/home/user/.m2/repository/org/apache/hadoop/hadoop-hdfs-client/3.2.0/hadoop-hdfs-client-3.2.0.jar:/home/user/.m2/repository/com/fasterxml/jackson/core/jackson-annotations/2.9.9/jackson-annotations-2.9.9.jar:/home/user/.m2/repository/org/apache/hadoop/hadoop-hdds-common/0.5.0-SNAPSHOT/hadoop-hdds-common-0.5.0-SNAPSHOT.jar:/home/user/.m2/repository/javax/annotation/javax.annotation-api/1.2/javax.annotation-api-1.2.jar:/home/user/.m2/repository/org/apache/ratis/ratis-server/0.5.0-ced7dbf-SNAPSHOT/ratis-server-0.5.0-ced7dbf-SNAPSHOT.jar:/home/user/.m2/repository/org/apache/ratis/ratis-thirdparty-misc/0.2.0/ratis-thirdparty-misc-0.2.0.jar:/home/user/.m2/repository/org/apache/ratis/ratis-proto/0.5.0-ced7dbf-SNAPSHOT/ratis-proto-0.5.0-ced7dbf-SNAPSHOT.jar:/home/user/.m2/repository/org/apache/ratis/ratis-common/0.5.0-ced7dbf-SNAPSHOT/ratis-common-0.5.0-ced7dbf-SNAPSHOT.jar:/home/user/.m2/repository/org/apache/ratis/ratis-client/0.5.0-ced7dbf-SNAPSHOT/ratis-client-0.5.0-ced7dbf-SNAPSHOT.jar:/home/user/.m2/repository/org/apache/ratis/ratis-metrics/0.5.0-ced7dbf-SNAPSHOT/ratis-metrics-0.5.0-ced7dbf-SNAPSHOT.jar:/home/user/.m2/repository/org/apache/ratis/ratis-netty/0.5.0-ced7dbf-SNAPSHOT/ratis-netty-0.5.0-ced7dbf-SNAPSHOT.jar:/home/user/.m2/repository/org/apache/ratis/ratis-grpc/0.5.0-ced7dbf-SNAPSHOT/ratis-grpc-0.5.0-ced7dbf-SNAPSHOT.jar:/home/user/.m2/repository/org/rocksdb/rocksdbjni/6.0.1/rocksdbjni-6.0.1.jar:/home/user/.m2/repository/org/apache/logging/log4j/log4j-api/2.11.0/log4j-api-2.11.0.jar:/home/user/.m2/repository/org/apache/logging/log4j/log4j-core/2.11.0/log4j-core-2.11.0.jar:/home/user/.m2/repository/com/lmax/disruptor/3.4.2/disruptor-3.4.2.jar:/home/user/.m2/repository/org/apache/commons/commons-pool2/2.6.0/commons-pool2-2.6.0.jar:/home/user/.m2/repository/org/bouncycastle/bcpkix-jdk15on/1.60/bcpkix-jdk15on-1.60.jar:/home/user/.m2/repository/commons-validator/commons-validator/1.6/commons-validator-1.6.jar:/home/user/.m2/repository/commons-digester/commons-digester/1.8.1/commons-digester-1.8.1.jar:/home/user/.m2/repository/io/jaegertracing/jaeger-client/0.34.0/jaeger-client-0.34.0.jar:/home/user/.m2/repository/io/jaegertracing/jaeger-thrift/0.34.0/jaeger-thrift-0.34.0.jar:/home/user/.m2/repository/org/apache/thrift/libthrift/0.12.0/libthrift-0.12.0.jar:/home/user/.m2/repository/com/squareup/okhttp3/okhttp/3.9.0/okhttp-3.9.0.jar:/home/user/.m2/repository/com/squareup/okio/okio/1.13.0/okio-1.13.0.jar:/home/user/.m2/repository/io/jaegertracing/jaeger-core/0.34.0/jaeger-core-0.34.0.jar:/home/user/.m2/repository/io/jaegertracing/jaeger-tracerresolver/0.34.0/jaeger-tracerresolver-0.34.0.jar:/home/user/.m2/repository/io/opentracing/contrib/opentracing-tracerresolver/0.1.5/opentracing-tracerresolver-0.1.5.jar:/home/user/.m2/repository/io/opentracing/opentracing-util/0.31.0/opentracing-util-0.31.0.jar:/home/user/.m2/repository/io/opentracing/opentracing-api/0.31.0/opentracing-api-0.31.0.jar:/home/user/.m2/repository/io/opentracing/opentracing-noop/0.31.0/opentracing-noop-0.31.0.jar:/home/user/.m2/repository/org/apache/hadoop/hadoop-hdds-server-framework/0.5.0-SNAPSHOT/hadoop-hdds-server-framework-0.5.0-SNAPSHOT.jar:/home/user/.m2/repository/org/apache/hadoop/hadoop-hdds-container-service/0.5.0-SNAPSHOT/hadoop-hdds-container-service-0.5.0-SNAPSHOT.jar:/home/user/.m2/repository/org/apache/hadoop/hadoop-hdds-client/0.5.0-SNAPSHOT/hadoop-hdds-client-0.5.0-SNAPSHOT.jar:/home/user/.m2/repository/org/apache/hadoop/hadoop-hdds-tools/0.5.0-SNAPSHOT/hadoop-hdds-tools-0.5.0-SNAPSHOT.jar:/home/user/.m2/repository/org/apache/hadoop/hadoop-hdds-server-scm/0.5.0-SNAPSHOT/hadoop-hdds-server-scm-0.5.0-SNAPSHOT.jar:/home/user/.m2/repository/org/apache/hadoop/hadoop-hdds-docs/0.5.0-SNAPSHOT/hadoop-hdds-docs-0.5.0-SNAPSHOT.jar:/home/user/.m2/repository/io/dropwizard/metrics/metrics-core/3.2.4/metrics-core-3.2.4.jar:/home/user/.m2/repository/org/hamcrest/hamcrest-all/1.3/hamcrest-all-1.3.jar:/home/user/.m2/repository/org/bouncycastle/bcprov-jdk15on/1.60/bcprov-jdk15on-1.60.jar:/home/user/.m2/repository/info/picocli/picocli/3.9.6/picocli-3.9.6.jar:/home/user/.m2/repository/com/google/protobuf/protobuf-java/2.5.0/protobuf-java-2.5.0.jar:/home/user/.m2/repository/com/google/guava/guava/11.0.2/guava-11.0.2.jar:/home/user/.m2/repository/org/apache/hadoop/hadoop-ozone-ozone-manager/0.5.0-SNAPSHOT/hadoop-ozone-ozone-manager-0.5.0-SNAPSHOT.jar:/home/user/.m2/repository/org/apache/hadoop/hadoop-minikdc/3.2.0/hadoop-minikdc-3.2.0.jar:/home/user/.m2/repository/commons-io/commons-io/2.5/commons-io-2.5.jar:/home/user/.m2/repository/org/apache/kerby/kerb-simplekdc/1.0.1/kerb-simplekdc-1.0.1.jar:/home/user/.m2/repository/org/apache/kerby/kerb-client/1.0.1/kerb-client-1.0.1.jar:/home/user/.m2/repository/org/apache/kerby/kerby-config/1.0.1/kerby-config-1.0.1.jar:/home/user/.m2/repository/org/apache/kerby/kerb-core/1.0.1/kerb-core-1.0.1.jar:/home/user/.m2/repository/org/apache/kerby/kerby-pkix/1.0.1/kerby-pkix-1.0.1.jar:/home/user/.m2/repository/org/apache/kerby/kerby-asn1/1.0.1/kerby-asn1-1.0.1.jar:/home/user/.m2/repository/org/apache/kerby/kerby-util/1.0.1/kerby-util-1.0.1.jar:/home/user/.m2/repository/org/apache/kerby/kerb-common/1.0.1/kerb-common-1.0.1.jar:/home/user/.m2/repository/org/apache/kerby/kerb-crypto/1.0.1/kerb-crypto-1.0.1.jar:/home/user/.m2/repository/org/apache/kerby/kerb-util/1.0.1/kerb-util-1.0.1.jar:/home/user/.m2/repository/org/apache/kerby/token-provider/1.0.1/token-provider-1.0.1.jar:/home/user/.m2/repository/org/apache/kerby/kerb-admin/1.0.1/kerb-admin-1.0.1.jar:/home/user/.m2/repository/org/apache/kerby/kerb-server/1.0.1/kerb-server-1.0.1.jar:/home/user/.m2/repository/org/apache/kerby/kerb-identity/1.0.1/kerb-identity-1.0.1.jar:/home/user/.m2/repository/org/apache/kerby/kerby-xdr/1.0.1/kerby-xdr-1.0.1.jar:/home/user/.m2/repository/org/slf4j/slf4j-log4j12/1.7.25/slf4j-log4j12-1.7.25.jar:/home/user/.m2/repository/org/apache/hadoop/hadoop-ozone-s3gateway/0.5.0-SNAPSHOT/hadoop-ozone-s3gateway-0.5.0-SNAPSHOT.jar:/home/user/.m2/repository/org/jboss/weld/servlet/weld-servlet/2.4.7.Final/weld-servlet-2.4.7.Final.jar:/home/user/.m2/repository/org/glassfish/jersey/containers/jersey-container-servlet-core/2.27/jersey-container-servlet-core-2.27.jar:/home/user/.m2/repository/org/glassfish/hk2/external/javax.inject/2.5.0-b42/javax.inject-2.5.0-b42.jar:/home/user/.m2/repository/org/glassfish/jersey/core/jersey-common/2.27/jersey-common-2.27.jar:/home/user/.m2/repository/org/glassfish/hk2/osgi-resource-locator/1.0.1/osgi-resource-locator-1.0.1.jar:/home/user/.m2/repository/javax/ws/rs/javax.ws.rs-api/2.1/javax.ws.rs-api-2.1.jar:/home/user/.m2/repository/org/glassfish/jersey/ext/cdi/jersey-cdi1x/2.27/jersey-cdi1x-2.27.jar:/home/user/.m2/repository/org/glassfish/jersey/inject/jersey-hk2/2.27/jersey-hk2-2.27.jar:/home/user/.m2/repository/org/glassfish/hk2/hk2-locator/2.5.0-b42/hk2-locator-2.5.0-b42.jar:/home/user/.m2/repository/org/javassist/javassist/3.22.0-CR2/javassist-3.22.0-CR2.jar:/home/user/.m2/repository/org/glassfish/hk2/hk2-api/2.5.0/hk2-api-2.5.0.jar:/home/user/.m2/repository/org/glassfish/hk2/external/jakarta.inject/2.5.0/jakarta.inject-2.5.0.jar:/home/user/.m2/repository/org/glassfish/hk2/hk2-utils/2.5.0/hk2-utils-2.5.0.jar:/home/user/.m2/repository/jakarta/annotation/jakarta.annotation-api/1.3.4/jakarta.annotation-api-1.3.4.jar:/home/user/.m2/repository/org/glassfish/hk2/external/aopalliance-repackaged/2.5.0/aopalliance-repackaged-2.5.0.jar:/home/user/.m2/repository/com/fasterxml/jackson/dataformat/jackson-dataformat-xml/2.9.0/jackson-dataformat-xml-2.9.0.jar:/home/user/.m2/repository/com/fasterxml/jackson/core/jackson-core/2.9.9/jackson-core-2.9.9.jar:/home/user/.m2/repository/com/fasterxml/jackson/module/jackson-module-jaxb-annotations/2.9.9/jackson-module-jaxb-annotations-2.9.9.jar:/home/user/.m2/repository/javax/enterprise/cdi-api/1.2/cdi-api-1.2.jar:/home/user/.m2/repository/javax/el/javax.el-api/3.0.0/javax.el-api-3.0.0.jar:/home/user/.m2/repository/javax/interceptor/javax.interceptor-api/1.2/javax.interceptor-api-1.2.jar:/home/user/.m2/repository/javax/inject/javax.inject/1/javax.inject-1.jar:/home/user/.m2/repository/com/sun/xml/bind/jaxb-impl/2.3.0.1/jaxb-impl-2.3.0.1.jar:/home/user/.m2/repository/com/sun/xml/bind/jaxb-core/2.3.0.1/jaxb-core-2.3.0.1.jar:/home/user/.m2/repository/javax/xml/bind/jaxb-api/2.3.0/jaxb-api-2.3.0.jar:/home/user/.m2/repository/javax/activation/activation/1.1.1/activation-1.1.1.jar:/home/user/.m2/repository/org/apache/hadoop/hadoop-ozone-csi/0.5.0-SNAPSHOT/hadoop-ozone-csi-0.5.0-SNAPSHOT.jar:/home/user/.m2/repository/com/google/protobuf/protobuf-java-util/3.5.1/protobuf-java-util-3.5.1.jar:/home/user/.m2/repository/org/apache/hadoop/hadoop-hdds-config/0.5.0-SNAPSHOT/hadoop-hdds-config-0.5.0-SNAPSHOT.jar:/home/user/.m2/repository/io/grpc/grpc-netty/1.17.1/grpc-netty-1.17.1.jar:/home/user/.m2/repository/io/grpc/grpc-core/1.17.1/grpc-core-1.17.1.jar:/home/user/.m2/repository/io/grpc/grpc-context/1.17.1/grpc-context-1.17.1.jar:/home/user/.m2/repository/com/google/errorprone/error_prone_annotations/2.2.0/error_prone_annotations-2.2.0.jar:/home/user/.m2/repository/org/codehaus/mojo/animal-sniffer-annotations/1.17/animal-sniffer-annotations-1.17.jar:/home/user/.m2/repository/io/opencensus/opencensus-api/0.17.0/opencensus-api-0.17.0.jar:/home/user/.m2/repository/io/opencensus/opencensus-contrib-grpc-metrics/0.17.0/opencensus-contrib-grpc-metrics-0.17.0.jar:/home/user/.m2/repository/io/netty/netty-codec-http2/4.1.30.Final/netty-codec-http2-4.1.30.Final.jar:/home/user/.m2/repository/io/netty/netty-codec-http/4.1.30.Final/netty-codec-http-4.1.30.Final.jar:/home/user/.m2/repository/io/netty/netty-codec/4.1.30.Final/netty-codec-4.1.30.Final.jar:/home/user/.m2/repository/io/netty/netty-handler/4.1.30.Final/netty-handler-4.1.30.Final.jar:/home/user/.m2/repository/io/netty/netty-handler-proxy/4.1.30.Final/netty-handler-proxy-4.1.30.Final.jar:/home/user/.m2/repository/io/netty/netty-codec-socks/4.1.30.Final/netty-codec-socks-4.1.30.Final.jar:/home/user/.m2/repository/io/netty/netty-transport-native-epoll/4.1.30.Final/netty-transport-native-epoll-4.1.30.Final.jar:/home/user/.m2/repository/io/netty/netty-common/4.1.30.Final/netty-common-4.1.30.Final.jar:/home/user/.m2/repository/io/netty/netty-buffer/4.1.30.Final/netty-buffer-4.1.30.Final.jar:/home/user/.m2/repository/io/netty/netty-transport/4.1.30.Final/netty-transport-4.1.30.Final.jar:/home/user/.m2/repository/io/netty/netty-resolver/4.1.30.Final/netty-resolver-4.1.30.Final.jar:/home/user/.m2/repository/io/netty/netty-transport-native-unix-common/4.1.30.Final/netty-transport-native-unix-common-4.1.30.Final.jar:/home/user/.m2/repository/io/grpc/grpc-protobuf/1.17.1/grpc-protobuf-1.17.1.jar:/home/user/.m2/repository/com/google/api/grpc/proto-google-common-protos/1.0.0/proto-google-common-protos-1.0.0.jar:/home/user/.m2/repository/io/grpc/grpc-protobuf-lite/1.17.1/grpc-protobuf-lite-1.17.1.jar:/home/user/.m2/repository/io/grpc/grpc-stub/1.17.1/grpc-stub-1.17.1.jar:/home/user/.m2/repository/org/apache/hadoop/hadoop-ozone-recon/0.5.0-SNAPSHOT/hadoop-ozone-recon-0.5.0-SNAPSHOT.jar:/home/user/.m2/repository/org/apache/hadoop/hadoop-ozone-reconcodegen/0.5.0-SNAPSHOT/hadoop-ozone-reconcodegen-0.5.0-SNAPSHOT.jar:/home/user/.m2/repository/com/google/inject/extensions/guice-multibindings/4.0/guice-multibindings-4.0.jar:/home/user/.m2/repository/com/google/inject/guice/4.0/guice-4.0.jar:/home/user/.m2/repository/aopalliance/aopalliance/1.0/aopalliance-1.0.jar:/home/user/.m2/repository/com/google/inject/extensions/guice-servlet/4.0/guice-servlet-4.0.jar:/home/user/.m2/repository/org/glassfish/jersey/containers/jersey-container-servlet/2.27/jersey-container-servlet-2.27.jar:/home/user/.m2/repository/org/glassfish/hk2/guice-bridge/2.5.0/guice-bridge-2.5.0.jar:/home/user/.m2/repository/org/glassfish/jersey/core/jersey-server/2.27/jersey-server-2.27.jar:/home/user/.m2/repository/org/glassfish/jersey/core/jersey-client/2.27/jersey-client-2.27.jar:/home/user/.m2/repository/org/glassfish/jersey/media/jersey-media-jaxb/2.27/jersey-media-jaxb-2.27.jar:/home/user/.m2/repository/javax/validation/validation-api/1.1.0.Final/validation-api-1.1.0.Final.jar:/home/user/.m2/repository/org/glassfish/jersey/media/jersey-media-json-jackson/2.27/jersey-media-json-jackson-2.27.jar:/home/user/.m2/repository/org/glassfish/jersey/ext/jersey-entity-filtering/2.27/jersey-entity-filtering-2.27.jar:/home/user/.m2/repository/com/google/inject/extensions/guice-assistedinject/4.0/guice-assistedinject-4.0.jar:/home/user/.m2/repository/org/jooq/jooq/3.11.10/jooq-3.11.10.jar:/home/user/.m2/repository/org/jooq/jooq-meta/3.11.10/jooq-meta-3.11.10.jar:/home/user/.m2/repository/org/jooq/jooq-codegen/3.11.10/jooq-codegen-3.11.10.jar:/home/user/.m2/repository/com/jolbox/bonecp/0.8.0.RELEASE/bonecp-0.8.0.RELEASE.jar:/home/user/.m2/repository/org/xerial/sqlite-jdbc/3.25.2/sqlite-jdbc-3.25.2.jar:/home/user/.m2/repository/org/springframework/spring-jdbc/5.1.3.RELEASE/spring-jdbc-5.1.3.RELEASE.jar:/home/user/.m2/repository/org/springframework/spring-beans/5.1.3.RELEASE/spring-beans-5.1.3.RELEASE.jar:/home/user/.m2/repository/org/springframework/spring-core/5.1.3.RELEASE/spring-core-5.1.3.RELEASE.jar:/home/user/.m2/repository/org/springframework/spring-jcl/5.1.3.RELEASE/spring-jcl-5.1.3.RELEASE.jar:/home/user/.m2/repository/org/springframework/spring-tx/5.1.3.RELEASE/spring-tx-5.1.3.RELEASE.jar:/home/user/.m2/repository/org/apache/hadoop/hadoop-ozone-client/0.5.0-SNAPSHOT/hadoop-ozone-client-0.5.0-SNAPSHOT.jar:/home/user/.m2/repository/commons-lang/commons-lang/2.6/commons-lang-2.6.jar:/home/user/.m2/repository/org/apache/hadoop/hadoop-ozone-ozone-manager/0.5.0-SNAPSHOT/hadoop-ozone-ozone-manager-0.5.0-SNAPSHOT-tests.jar:/home/user/.m2/repository/junit/junit/4.11/junit-4.11.jar:/home/user/.m2/repository/org/hamcrest/hamcrest-core/1.3/hamcrest-core-1.3.jar:/home/user/.m2/repository/org/openjdk/jmh/jmh-core/1.19/jmh-core-1.19.jar:/home/user/.m2/repository/net/sf/jopt-simple/jopt-simple/4.6/jopt-simple-4.6.jar:/home/user/.m2/repository/org/apache/commons/commons-math3/3.1.1/commons-math3-3.1.1.jar:/home/user/.m2/repository/org/openjdk/jmh/jmh-generator-annprocess/1.19/jmh-generator-annprocess-1.19.jar:/home/user/.m2/repository/org/mockito/mockito-all/1.8.5/mockito-all-1.8.5.jar:/home/user/.m2/repository/org/apache/hadoop/hadoop-kms/3.2.0/hadoop-kms-3.2.0.jar:/home/user/.m2/repository/org/apache/hadoop/hadoop-auth/3.2.0/hadoop-auth-3.2.0.jar:/home/user/.m2/repository/com/nimbusds/nimbus-jose-jwt/4.41.1/nimbus-jose-jwt-4.41.1.jar:/home/user/.m2/repository/com/github/stephenc/jcip/jcip-annotations/1.0-1/jcip-annotations-1.0-1.jar:/home/user/.m2/repository/net/minidev/json-smart/2.3/json-smart-2.3.jar:/home/user/.m2/repository/net/minidev/accessors-smart/1.2/accessors-smart-1.2.jar:/home/user/.m2/repository/org/ow2/asm/asm/5.0.4/asm-5.0.4.jar:/home/user/.m2/repository/org/apache/curator/curator-framework/2.12.0/curator-framework-2.12.0.jar:/home/user/.m2/repository/com/sun/jersey/jersey-core/1.19/jersey-core-1.19.jar:/home/user/.m2/repository/javax/ws/rs/jsr311-api/1.1.1/jsr311-api-1.1.1.jar:/home/user/.m2/repository/com/sun/jersey/jersey-server/1.19/jersey-server-1.19.jar:/home/user/.m2/repository/javax/servlet/javax.servlet-api/3.1.0/javax.servlet-api-3.1.0.jar:/home/user/.m2/repository/org/eclipse/jetty/jetty-server/9.3.25.v20180904/jetty-server-9.3.25.v20180904.jar:/home/user/.m2/repository/org/eclipse/jetty/jetty-http/9.3.25.v20180904/jetty-http-9.3.25.v20180904.jar:/home/user/.m2/repository/org/eclipse/jetty/jetty-io/9.3.25.v20180904/jetty-io-9.3.25.v20180904.jar:/home/user/.m2/repository/org/eclipse/jetty/jetty-webapp/9.3.25.v20180904/jetty-webapp-9.3.25.v20180904.jar:/home/user/.m2/repository/org/eclipse/jetty/jetty-xml/9.3.25.v20180904/jetty-xml-9.3.25.v20180904.jar:/home/user/.m2/repository/log4j/log4j/1.2.17/log4j-1.2.17.jar:/home/user/.m2/repository/org/slf4j/slf4j-api/1.7.25/slf4j-api-1.7.25.jar:/home/user/.m2/repository/org/slf4j/jul-to-slf4j/1.7.25/jul-to-slf4j-1.7.25.jar:/home/user/.m2/repository/org/eclipse/jetty/jetty-util/9.3.25.v20180904/jetty-util-9.3.25.v20180904.jar:/home/user/.m2/repository/com/fasterxml/jackson/core/jackson-databind/2.9.9/jackson-databind-2.9.9.jar:/home/user/.m2/repository/org/apache/hadoop/hadoop-kms/3.2.0/hadoop-kms-3.2.0-tests.jar:/home/user/.m2/repository/org/apache/hadoop/hadoop-hdds-server-scm/0.5.0-SNAPSHOT/hadoop-hdds-server-scm-0.5.0-SNAPSHOT-tests.jar:/home/user/.m2/repository/org/apache/hadoop/hadoop-hdds-container-service/0.5.0-SNAPSHOT/hadoop-hdds-container-service-0.5.0-SNAPSHOT-tests.jar:/home/user/.m2/repository/org/yaml/snakeyaml/1.16/snakeyaml-1.16.jar:/home/user/.m2/repository/org/apache/hadoop/hadoop-common/3.2.0/hadoop-common-3.2.0-tests.jar:/home/user/.m2/repository/org/apache/hadoop/hadoop-annotations/3.2.0/hadoop-annotations-3.2.0.jar:/usr/lib/jvm/java-1.8.0-openjdk-1.8.0.222.b10-1.el7_7.x86_64/jre/../lib/tools.jar:/home/user/.m2/repository/commons-cli/commons-cli/1.2/commons-cli-1.2.jar:/home/user/.m2/repository/org/apache/httpcomponents/httpclient/4.5.2/httpclient-4.5.2.jar:/home/user/.m2/repository/org/apache/httpcomponents/httpcore/4.4.4/httpcore-4.4.4.jar:/home/user/.m2/repository/commons-codec/commons-codec/1.11/commons-codec-1.11.jar:/home/user/.m2/repository/commons-net/commons-net/3.6/commons-net-3.6.jar:/home/user/.m2/repository/commons-collections/commons-collections/3.2.2/commons-collections-3.2.2.jar:/home/user/.m2/repository/org/eclipse/jetty/jetty-servlet/9.3.25.v20180904/jetty-servlet-9.3.25.v20180904.jar:/home/user/.m2/repository/org/eclipse/jetty/jetty-security/9.3.25.v20180904/jetty-security-9.3.25.v20180904.jar:/home/user/.m2/repository/javax/servlet/jsp/jsp-api/2.1/jsp-api-2.1.jar:/home/user/.m2/repository/com/sun/jersey/jersey-servlet/1.19/jersey-servlet-1.19.jar:/home/user/.m2/repository/com/sun/jersey/jersey-json/1.19/jersey-json-1.19.jar:/home/user/.m2/repository/org/codehaus/jettison/jettison/1.1/jettison-1.1.jar:/home/user/.m2/repository/org/codehaus/jackson/jackson-core-asl/1.9.13/jackson-core-asl-1.9.13.jar:/home/user/.m2/repository/org/codehaus/jackson/jackson-mapper-asl/1.9.13/jackson-mapper-asl-1.9.13.jar:/home/user/.m2/repository/org/codehaus/jackson/jackson-jaxrs/1.9.13/jackson-jaxrs-1.9.13.jar:/home/user/.m2/repository/org/codehaus/jackson/jackson-xc/1.9.13/jackson-xc-1.9.13.jar:/home/user/.m2/repository/commons-logging/commons-logging/1.1.3/commons-logging-1.1.3.jar:/home/user/.m2/repository/commons-beanutils/commons-beanutils/1.9.4/commons-beanutils-1.9.4.jar:/home/user/.m2/repository/org/apache/commons/commons-configuration2/2.1.1/commons-configuration2-2.1.1.jar:/home/user/.m2/repository/org/apache/commons/commons-lang3/3.7/commons-lang3-3.7.jar:/home/user/.m2/repository/org/apache/commons/commons-text/1.4/commons-text-1.4.jar:/home/user/.m2/repository/org/apache/avro/avro/1.7.7/avro-1.7.7.jar:/home/user/.m2/repository/com/thoughtworks/paranamer/paranamer/2.3/paranamer-2.3.jar:/home/user/.m2/repository/org/xerial/snappy/snappy-java/1.0.5/snappy-java-1.0.5.jar:/home/user/.m2/repository/com/google/re2j/re2j/1.1/re2j-1.1.jar:/home/user/.m2/repository/com/google/code/gson/gson/2.2.4/gson-2.2.4.jar:/home/user/.m2/repository/com/jcraft/jsch/0.1.54/jsch-0.1.54.jar:/home/user/.m2/repository/org/apache/curator/curator-client/2.12.0/curator-client-2.12.0.jar:/home/user/.m2/repository/org/apache/curator/curator-recipes/2.12.0/curator-recipes-2.12.0.jar:/home/user/.m2/repository/com/google/code/findbugs/jsr305/3.0.0/jsr305-3.0.0.jar:/home/user/.m2/repository/org/apache/htrace/htrace-core4/4.1.0-incubating/htrace-core4-4.1.0-incubating.jar:/home/user/.m2/repository/org/apache/zookeeper/zookeeper/3.4.13/zookeeper-3.4.13.jar:/home/user/.m2/repository/jline/jline/0.9.94/jline-0.9.94.jar:/home/user/.m2/repository/org/apache/yetus/audience-annotations/0.5.0/audience-annotations-0.5.0.jar:/home/user/.m2/repository/org/codehaus/woodstox/stax2-api/3.1.4/stax2-api-3.1.4.jar:/home/user/.m2/repository/com/fasterxml/woodstox/woodstox-core/5.0.3/woodstox-core-5.0.3.jar:/home/user/.m2/repository/dnsjava/dnsjava/2.1.7/dnsjava-2.1.7.jar:/home/user/.m2/repository/org/apache/hadoop/hadoop-hdfs/3.2.0/hadoop-hdfs-3.2.0-tests.jar:/home/user/.m2/repository/org/eclipse/jetty/jetty-util-ajax/9.3.25.v20180904/jetty-util-ajax-9.3.25.v20180904.jar:/home/user/.m2/repository/commons-daemon/commons-daemon/1.0.13/commons-daemon-1.0.13.jar:/home/user/.m2/repository/io/netty/netty/3.10.5.Final/netty-3.10.5.Final.jar:/home/user/.m2/repository/io/netty/netty-all/4.0.52.Final/netty-all-4.0.52.Final.jar:/home/user/.m2/repository/org/fusesource/leveldbjni/leveldbjni-all/1.8/leveldbjni-all-1.8.jar:"/>
    <property name="java.vm.vendor" value="Oracle Corporation"/>
    <property name="sun.arch.data.model" value="64"/>
    <property name="test.build.dir" value="/workdir/hadoop-ozone/integration-test/target/test-dir"/>
    <property name="test.cache.data" value=""/>
    <property name="java.vendor.url" value="http://java.oracle.com/"/>
    <property name="user.timezone" value=""/>
    <property name="java.vm.specification.version" value="1.8"/>
    <property name="os.name" value="Linux"/>
    <property name="test.build.data" value="/workdir/hadoop-ozone/integration-test/target/test-dir"/>
    <property name="user.country" value="US"/>
    <property name="sun.java.launcher" value="SUN_STANDARD"/>
    <property name="sun.boot.library.path" value="/usr/lib/jvm/java-1.8.0-openjdk-1.8.0.222.b10-1.el7_7.x86_64/jre/lib/amd64"/>
    <property name="sun.java.command" value="/workdir/hadoop-ozone/integration-test/target/surefire/surefirebooter4776133857004206247.jar /workdir/hadoop-ozone/integration-test/target/surefire 2019-10-21T18-06-55_570-jvmRun1 surefire5468088477606325786tmp surefire_266979003434163878833tmp"/>
    <property name="surefire.test.class.path" value="/workdir/hadoop-ozone/integration-test/target/test-classes:/workdir/hadoop-ozone/integration-test/target/classes:/home/user/.m2/repository/org/apache/hadoop/hadoop-ozone-common/0.5.0-SNAPSHOT/hadoop-ozone-common-0.5.0-SNAPSHOT.jar:/home/user/.m2/repository/org/apache/commons/commons-compress/1.4.1/commons-compress-1.4.1.jar:/home/user/.m2/repository/org/tukaani/xz/1.0/xz-1.0.jar:/home/user/.m2/repository/org/apache/hadoop/hadoop-common/3.2.0/hadoop-common-3.2.0.jar:/home/user/.m2/repository/org/apache/hadoop/hadoop-hdfs/3.2.0/hadoop-hdfs-3.2.0.jar:/home/user/.m2/repository/org/apache/hadoop/hadoop-hdfs-client/3.2.0/hadoop-hdfs-client-3.2.0.jar:/home/user/.m2/repository/com/fasterxml/jackson/core/jackson-annotations/2.9.9/jackson-annotations-2.9.9.jar:/home/user/.m2/repository/org/apache/hadoop/hadoop-hdds-common/0.5.0-SNAPSHOT/hadoop-hdds-common-0.5.0-SNAPSHOT.jar:/home/user/.m2/repository/javax/annotation/javax.annotation-api/1.2/javax.annotation-api-1.2.jar:/home/user/.m2/repository/org/apache/ratis/ratis-server/0.5.0-ced7dbf-SNAPSHOT/ratis-server-0.5.0-ced7dbf-SNAPSHOT.jar:/home/user/.m2/repository/org/apache/ratis/ratis-thirdparty-misc/0.2.0/ratis-thirdparty-misc-0.2.0.jar:/home/user/.m2/repository/org/apache/ratis/ratis-proto/0.5.0-ced7dbf-SNAPSHOT/ratis-proto-0.5.0-ced7dbf-SNAPSHOT.jar:/home/user/.m2/repository/org/apache/ratis/ratis-common/0.5.0-ced7dbf-SNAPSHOT/ratis-common-0.5.0-ced7dbf-SNAPSHOT.jar:/home/user/.m2/repository/org/apache/ratis/ratis-client/0.5.0-ced7dbf-SNAPSHOT/ratis-client-0.5.0-ced7dbf-SNAPSHOT.jar:/home/user/.m2/repository/org/apache/ratis/ratis-metrics/0.5.0-ced7dbf-SNAPSHOT/ratis-metrics-0.5.0-ced7dbf-SNAPSHOT.jar:/home/user/.m2/repository/org/apache/ratis/ratis-netty/0.5.0-ced7dbf-SNAPSHOT/ratis-netty-0.5.0-ced7dbf-SNAPSHOT.jar:/home/user/.m2/repository/org/apache/ratis/ratis-grpc/0.5.0-ced7dbf-SNAPSHOT/ratis-grpc-0.5.0-ced7dbf-SNAPSHOT.jar:/home/user/.m2/repository/org/rocksdb/rocksdbjni/6.0.1/rocksdbjni-6.0.1.jar:/home/user/.m2/repository/org/apache/logging/log4j/log4j-api/2.11.0/log4j-api-2.11.0.jar:/home/user/.m2/repository/org/apache/logging/log4j/log4j-core/2.11.0/log4j-core-2.11.0.jar:/home/user/.m2/repository/com/lmax/disruptor/3.4.2/disruptor-3.4.2.jar:/home/user/.m2/repository/org/apache/commons/commons-pool2/2.6.0/commons-pool2-2.6.0.jar:/home/user/.m2/repository/org/bouncycastle/bcpkix-jdk15on/1.60/bcpkix-jdk15on-1.60.jar:/home/user/.m2/repository/commons-validator/commons-validator/1.6/commons-validator-1.6.jar:/home/user/.m2/repository/commons-digester/commons-digester/1.8.1/commons-digester-1.8.1.jar:/home/user/.m2/repository/io/jaegertracing/jaeger-client/0.34.0/jaeger-client-0.34.0.jar:/home/user/.m2/repository/io/jaegertracing/jaeger-thrift/0.34.0/jaeger-thrift-0.34.0.jar:/home/user/.m2/repository/org/apache/thrift/libthrift/0.12.0/libthrift-0.12.0.jar:/home/user/.m2/repository/com/squareup/okhttp3/okhttp/3.9.0/okhttp-3.9.0.jar:/home/user/.m2/repository/com/squareup/okio/okio/1.13.0/okio-1.13.0.jar:/home/user/.m2/repository/io/jaegertracing/jaeger-core/0.34.0/jaeger-core-0.34.0.jar:/home/user/.m2/repository/io/jaegertracing/jaeger-tracerresolver/0.34.0/jaeger-tracerresolver-0.34.0.jar:/home/user/.m2/repository/io/opentracing/contrib/opentracing-tracerresolver/0.1.5/opentracing-tracerresolver-0.1.5.jar:/home/user/.m2/repository/io/opentracing/opentracing-util/0.31.0/opentracing-util-0.31.0.jar:/home/user/.m2/repository/io/opentracing/opentracing-api/0.31.0/opentracing-api-0.31.0.jar:/home/user/.m2/repository/io/opentracing/opentracing-noop/0.31.0/opentracing-noop-0.31.0.jar:/home/user/.m2/repository/org/apache/hadoop/hadoop-hdds-server-framework/0.5.0-SNAPSHOT/hadoop-hdds-server-framework-0.5.0-SNAPSHOT.jar:/home/user/.m2/repository/org/apache/hadoop/hadoop-hdds-container-service/0.5.0-SNAPSHOT/hadoop-hdds-container-service-0.5.0-SNAPSHOT.jar:/home/user/.m2/repository/org/apache/hadoop/hadoop-hdds-client/0.5.0-SNAPSHOT/hadoop-hdds-client-0.5.0-SNAPSHOT.jar:/home/user/.m2/repository/org/apache/hadoop/hadoop-hdds-tools/0.5.0-SNAPSHOT/hadoop-hdds-tools-0.5.0-SNAPSHOT.jar:/home/user/.m2/repository/org/apache/hadoop/hadoop-hdds-server-scm/0.5.0-SNAPSHOT/hadoop-hdds-server-scm-0.5.0-SNAPSHOT.jar:/home/user/.m2/repository/org/apache/hadoop/hadoop-hdds-docs/0.5.0-SNAPSHOT/hadoop-hdds-docs-0.5.0-SNAPSHOT.jar:/home/user/.m2/repository/io/dropwizard/metrics/metrics-core/3.2.4/metrics-core-3.2.4.jar:/home/user/.m2/repository/org/hamcrest/hamcrest-all/1.3/hamcrest-all-1.3.jar:/home/user/.m2/repository/org/bouncycastle/bcprov-jdk15on/1.60/bcprov-jdk15on-1.60.jar:/home/user/.m2/repository/info/picocli/picocli/3.9.6/picocli-3.9.6.jar:/home/user/.m2/repository/com/google/protobuf/protobuf-java/2.5.0/protobuf-java-2.5.0.jar:/home/user/.m2/repository/com/google/guava/guava/11.0.2/guava-11.0.2.jar:/home/user/.m2/repository/org/apache/hadoop/hadoop-ozone-ozone-manager/0.5.0-SNAPSHOT/hadoop-ozone-ozone-manager-0.5.0-SNAPSHOT.jar:/home/user/.m2/repository/org/apache/hadoop/hadoop-minikdc/3.2.0/hadoop-minikdc-3.2.0.jar:/home/user/.m2/repository/commons-io/commons-io/2.5/commons-io-2.5.jar:/home/user/.m2/repository/org/apache/kerby/kerb-simplekdc/1.0.1/kerb-simplekdc-1.0.1.jar:/home/user/.m2/repository/org/apache/kerby/kerb-client/1.0.1/kerb-client-1.0.1.jar:/home/user/.m2/repository/org/apache/kerby/kerby-config/1.0.1/kerby-config-1.0.1.jar:/home/user/.m2/repository/org/apache/kerby/kerb-core/1.0.1/kerb-core-1.0.1.jar:/home/user/.m2/repository/org/apache/kerby/kerby-pkix/1.0.1/kerby-pkix-1.0.1.jar:/home/user/.m2/repository/org/apache/kerby/kerby-asn1/1.0.1/kerby-asn1-1.0.1.jar:/home/user/.m2/repository/org/apache/kerby/kerby-util/1.0.1/kerby-util-1.0.1.jar:/home/user/.m2/repository/org/apache/kerby/kerb-common/1.0.1/kerb-common-1.0.1.jar:/home/user/.m2/repository/org/apache/kerby/kerb-crypto/1.0.1/kerb-crypto-1.0.1.jar:/home/user/.m2/repository/org/apache/kerby/kerb-util/1.0.1/kerb-util-1.0.1.jar:/home/user/.m2/repository/org/apache/kerby/token-provider/1.0.1/token-provider-1.0.1.jar:/home/user/.m2/repository/org/apache/kerby/kerb-admin/1.0.1/kerb-admin-1.0.1.jar:/home/user/.m2/repository/org/apache/kerby/kerb-server/1.0.1/kerb-server-1.0.1.jar:/home/user/.m2/repository/org/apache/kerby/kerb-identity/1.0.1/kerb-identity-1.0.1.jar:/home/user/.m2/repository/org/apache/kerby/kerby-xdr/1.0.1/kerby-xdr-1.0.1.jar:/home/user/.m2/repository/org/slf4j/slf4j-log4j12/1.7.25/slf4j-log4j12-1.7.25.jar:/home/user/.m2/repository/org/apache/hadoop/hadoop-ozone-s3gateway/0.5.0-SNAPSHOT/hadoop-ozone-s3gateway-0.5.0-SNAPSHOT.jar:/home/user/.m2/repository/org/jboss/weld/servlet/weld-servlet/2.4.7.Final/weld-servlet-2.4.7.Final.jar:/home/user/.m2/repository/org/glassfish/jersey/containers/jersey-container-servlet-core/2.27/jersey-container-servlet-core-2.27.jar:/home/user/.m2/repository/org/glassfish/hk2/external/javax.inject/2.5.0-b42/javax.inject-2.5.0-b42.jar:/home/user/.m2/repository/org/glassfish/jersey/core/jersey-common/2.27/jersey-common-2.27.jar:/home/user/.m2/repository/org/glassfish/hk2/osgi-resource-locator/1.0.1/osgi-resource-locator-1.0.1.jar:/home/user/.m2/repository/javax/ws/rs/javax.ws.rs-api/2.1/javax.ws.rs-api-2.1.jar:/home/user/.m2/repository/org/glassfish/jersey/ext/cdi/jersey-cdi1x/2.27/jersey-cdi1x-2.27.jar:/home/user/.m2/repository/org/glassfish/jersey/inject/jersey-hk2/2.27/jersey-hk2-2.27.jar:/home/user/.m2/repository/org/glassfish/hk2/hk2-locator/2.5.0-b42/hk2-locator-2.5.0-b42.jar:/home/user/.m2/repository/org/javassist/javassist/3.22.0-CR2/javassist-3.22.0-CR2.jar:/home/user/.m2/repository/org/glassfish/hk2/hk2-api/2.5.0/hk2-api-2.5.0.jar:/home/user/.m2/repository/org/glassfish/hk2/external/jakarta.inject/2.5.0/jakarta.inject-2.5.0.jar:/home/user/.m2/repository/org/glassfish/hk2/hk2-utils/2.5.0/hk2-utils-2.5.0.jar:/home/user/.m2/repository/jakarta/annotation/jakarta.annotation-api/1.3.4/jakarta.annotation-api-1.3.4.jar:/home/user/.m2/repository/org/glassfish/hk2/external/aopalliance-repackaged/2.5.0/aopalliance-repackaged-2.5.0.jar:/home/user/.m2/repository/com/fasterxml/jackson/dataformat/jackson-dataformat-xml/2.9.0/jackson-dataformat-xml-2.9.0.jar:/home/user/.m2/repository/com/fasterxml/jackson/core/jackson-core/2.9.9/jackson-core-2.9.9.jar:/home/user/.m2/repository/com/fasterxml/jackson/module/jackson-module-jaxb-annotations/2.9.9/jackson-module-jaxb-annotations-2.9.9.jar:/home/user/.m2/repository/javax/enterprise/cdi-api/1.2/cdi-api-1.2.jar:/home/user/.m2/repository/javax/el/javax.el-api/3.0.0/javax.el-api-3.0.0.jar:/home/user/.m2/repository/javax/interceptor/javax.interceptor-api/1.2/javax.interceptor-api-1.2.jar:/home/user/.m2/repository/javax/inject/javax.inject/1/javax.inject-1.jar:/home/user/.m2/repository/com/sun/xml/bind/jaxb-impl/2.3.0.1/jaxb-impl-2.3.0.1.jar:/home/user/.m2/repository/com/sun/xml/bind/jaxb-core/2.3.0.1/jaxb-core-2.3.0.1.jar:/home/user/.m2/repository/javax/xml/bind/jaxb-api/2.3.0/jaxb-api-2.3.0.jar:/home/user/.m2/repository/javax/activation/activation/1.1.1/activation-1.1.1.jar:/home/user/.m2/repository/org/apache/hadoop/hadoop-ozone-csi/0.5.0-SNAPSHOT/hadoop-ozone-csi-0.5.0-SNAPSHOT.jar:/home/user/.m2/repository/com/google/protobuf/protobuf-java-util/3.5.1/protobuf-java-util-3.5.1.jar:/home/user/.m2/repository/org/apache/hadoop/hadoop-hdds-config/0.5.0-SNAPSHOT/hadoop-hdds-config-0.5.0-SNAPSHOT.jar:/home/user/.m2/repository/io/grpc/grpc-netty/1.17.1/grpc-netty-1.17.1.jar:/home/user/.m2/repository/io/grpc/grpc-core/1.17.1/grpc-core-1.17.1.jar:/home/user/.m2/repository/io/grpc/grpc-context/1.17.1/grpc-context-1.17.1.jar:/home/user/.m2/repository/com/google/errorprone/error_prone_annotations/2.2.0/error_prone_annotations-2.2.0.jar:/home/user/.m2/repository/org/codehaus/mojo/animal-sniffer-annotations/1.17/animal-sniffer-annotations-1.17.jar:/home/user/.m2/repository/io/opencensus/opencensus-api/0.17.0/opencensus-api-0.17.0.jar:/home/user/.m2/repository/io/opencensus/opencensus-contrib-grpc-metrics/0.17.0/opencensus-contrib-grpc-metrics-0.17.0.jar:/home/user/.m2/repository/io/netty/netty-codec-http2/4.1.30.Final/netty-codec-http2-4.1.30.Final.jar:/home/user/.m2/repository/io/netty/netty-codec-http/4.1.30.Final/netty-codec-http-4.1.30.Final.jar:/home/user/.m2/repository/io/netty/netty-codec/4.1.30.Final/netty-codec-4.1.30.Final.jar:/home/user/.m2/repository/io/netty/netty-handler/4.1.30.Final/netty-handler-4.1.30.Final.jar:/home/user/.m2/repository/io/netty/netty-handler-proxy/4.1.30.Final/netty-handler-proxy-4.1.30.Final.jar:/home/user/.m2/repository/io/netty/netty-codec-socks/4.1.30.Final/netty-codec-socks-4.1.30.Final.jar:/home/user/.m2/repository/io/netty/netty-transport-native-epoll/4.1.30.Final/netty-transport-native-epoll-4.1.30.Final.jar:/home/user/.m2/repository/io/netty/netty-common/4.1.30.Final/netty-common-4.1.30.Final.jar:/home/user/.m2/repository/io/netty/netty-buffer/4.1.30.Final/netty-buffer-4.1.30.Final.jar:/home/user/.m2/repository/io/netty/netty-transport/4.1.30.Final/netty-transport-4.1.30.Final.jar:/home/user/.m2/repository/io/netty/netty-resolver/4.1.30.Final/netty-resolver-4.1.30.Final.jar:/home/user/.m2/repository/io/netty/netty-transport-native-unix-common/4.1.30.Final/netty-transport-native-unix-common-4.1.30.Final.jar:/home/user/.m2/repository/io/grpc/grpc-protobuf/1.17.1/grpc-protobuf-1.17.1.jar:/home/user/.m2/repository/com/google/api/grpc/proto-google-common-protos/1.0.0/proto-google-common-protos-1.0.0.jar:/home/user/.m2/repository/io/grpc/grpc-protobuf-lite/1.17.1/grpc-protobuf-lite-1.17.1.jar:/home/user/.m2/repository/io/grpc/grpc-stub/1.17.1/grpc-stub-1.17.1.jar:/home/user/.m2/repository/org/apache/hadoop/hadoop-ozone-recon/0.5.0-SNAPSHOT/hadoop-ozone-recon-0.5.0-SNAPSHOT.jar:/home/user/.m2/repository/org/apache/hadoop/hadoop-ozone-reconcodegen/0.5.0-SNAPSHOT/hadoop-ozone-reconcodegen-0.5.0-SNAPSHOT.jar:/home/user/.m2/repository/com/google/inject/extensions/guice-multibindings/4.0/guice-multibindings-4.0.jar:/home/user/.m2/repository/com/google/inject/guice/4.0/guice-4.0.jar:/home/user/.m2/repository/aopalliance/aopalliance/1.0/aopalliance-1.0.jar:/home/user/.m2/repository/com/google/inject/extensions/guice-servlet/4.0/guice-servlet-4.0.jar:/home/user/.m2/repository/org/glassfish/jersey/containers/jersey-container-servlet/2.27/jersey-container-servlet-2.27.jar:/home/user/.m2/repository/org/glassfish/hk2/guice-bridge/2.5.0/guice-bridge-2.5.0.jar:/home/user/.m2/repository/org/glassfish/jersey/core/jersey-server/2.27/jersey-server-2.27.jar:/home/user/.m2/repository/org/glassfish/jersey/core/jersey-client/2.27/jersey-client-2.27.jar:/home/user/.m2/repository/org/glassfish/jersey/media/jersey-media-jaxb/2.27/jersey-media-jaxb-2.27.jar:/home/user/.m2/repository/javax/validation/validation-api/1.1.0.Final/validation-api-1.1.0.Final.jar:/home/user/.m2/repository/org/glassfish/jersey/media/jersey-media-json-jackson/2.27/jersey-media-json-jackson-2.27.jar:/home/user/.m2/repository/org/glassfish/jersey/ext/jersey-entity-filtering/2.27/jersey-entity-filtering-2.27.jar:/home/user/.m2/repository/com/google/inject/extensions/guice-assistedinject/4.0/guice-assistedinject-4.0.jar:/home/user/.m2/repository/org/jooq/jooq/3.11.10/jooq-3.11.10.jar:/home/user/.m2/repository/org/jooq/jooq-meta/3.11.10/jooq-meta-3.11.10.jar:/home/user/.m2/repository/org/jooq/jooq-codegen/3.11.10/jooq-codegen-3.11.10.jar:/home/user/.m2/repository/com/jolbox/bonecp/0.8.0.RELEASE/bonecp-0.8.0.RELEASE.jar:/home/user/.m2/repository/org/xerial/sqlite-jdbc/3.25.2/sqlite-jdbc-3.25.2.jar:/home/user/.m2/repository/org/springframework/spring-jdbc/5.1.3.RELEASE/spring-jdbc-5.1.3.RELEASE.jar:/home/user/.m2/repository/org/springframework/spring-beans/5.1.3.RELEASE/spring-beans-5.1.3.RELEASE.jar:/home/user/.m2/repository/org/springframework/spring-core/5.1.3.RELEASE/spring-core-5.1.3.RELEASE.jar:/home/user/.m2/repository/org/springframework/spring-jcl/5.1.3.RELEASE/spring-jcl-5.1.3.RELEASE.jar:/home/user/.m2/repository/org/springframework/spring-tx/5.1.3.RELEASE/spring-tx-5.1.3.RELEASE.jar:/home/user/.m2/repository/org/apache/hadoop/hadoop-ozone-client/0.5.0-SNAPSHOT/hadoop-ozone-client-0.5.0-SNAPSHOT.jar:/home/user/.m2/repository/commons-lang/commons-lang/2.6/commons-lang-2.6.jar:/home/user/.m2/repository/org/apache/hadoop/hadoop-ozone-ozone-manager/0.5.0-SNAPSHOT/hadoop-ozone-ozone-manager-0.5.0-SNAPSHOT-tests.jar:/home/user/.m2/repository/junit/junit/4.11/junit-4.11.jar:/home/user/.m2/repository/org/hamcrest/hamcrest-core/1.3/hamcrest-core-1.3.jar:/home/user/.m2/repository/org/openjdk/jmh/jmh-core/1.19/jmh-core-1.19.jar:/home/user/.m2/repository/net/sf/jopt-simple/jopt-simple/4.6/jopt-simple-4.6.jar:/home/user/.m2/repository/org/apache/commons/commons-math3/3.1.1/commons-math3-3.1.1.jar:/home/user/.m2/repository/org/openjdk/jmh/jmh-generator-annprocess/1.19/jmh-generator-annprocess-1.19.jar:/home/user/.m2/repository/org/mockito/mockito-all/1.8.5/mockito-all-1.8.5.jar:/home/user/.m2/repository/org/apache/hadoop/hadoop-kms/3.2.0/hadoop-kms-3.2.0.jar:/home/user/.m2/repository/org/apache/hadoop/hadoop-auth/3.2.0/hadoop-auth-3.2.0.jar:/home/user/.m2/repository/com/nimbusds/nimbus-jose-jwt/4.41.1/nimbus-jose-jwt-4.41.1.jar:/home/user/.m2/repository/com/github/stephenc/jcip/jcip-annotations/1.0-1/jcip-annotations-1.0-1.jar:/home/user/.m2/repository/net/minidev/json-smart/2.3/json-smart-2.3.jar:/home/user/.m2/repository/net/minidev/accessors-smart/1.2/accessors-smart-1.2.jar:/home/user/.m2/repository/org/ow2/asm/asm/5.0.4/asm-5.0.4.jar:/home/user/.m2/repository/org/apache/curator/curator-framework/2.12.0/curator-framework-2.12.0.jar:/home/user/.m2/repository/com/sun/jersey/jersey-core/1.19/jersey-core-1.19.jar:/home/user/.m2/repository/javax/ws/rs/jsr311-api/1.1.1/jsr311-api-1.1.1.jar:/home/user/.m2/repository/com/sun/jersey/jersey-server/1.19/jersey-server-1.19.jar:/home/user/.m2/repository/javax/servlet/javax.servlet-api/3.1.0/javax.servlet-api-3.1.0.jar:/home/user/.m2/repository/org/eclipse/jetty/jetty-server/9.3.25.v20180904/jetty-server-9.3.25.v20180904.jar:/home/user/.m2/repository/org/eclipse/jetty/jetty-http/9.3.25.v20180904/jetty-http-9.3.25.v20180904.jar:/home/user/.m2/repository/org/eclipse/jetty/jetty-io/9.3.25.v20180904/jetty-io-9.3.25.v20180904.jar:/home/user/.m2/repository/org/eclipse/jetty/jetty-webapp/9.3.25.v20180904/jetty-webapp-9.3.25.v20180904.jar:/home/user/.m2/repository/org/eclipse/jetty/jetty-xml/9.3.25.v20180904/jetty-xml-9.3.25.v20180904.jar:/home/user/.m2/repository/log4j/log4j/1.2.17/log4j-1.2.17.jar:/home/user/.m2/repository/org/slf4j/slf4j-api/1.7.25/slf4j-api-1.7.25.jar:/home/user/.m2/repository/org/slf4j/jul-to-slf4j/1.7.25/jul-to-slf4j-1.7.25.jar:/home/user/.m2/repository/org/eclipse/jetty/jetty-util/9.3.25.v20180904/jetty-util-9.3.25.v20180904.jar:/home/user/.m2/repository/com/fasterxml/jackson/core/jackson-databind/2.9.9/jackson-databind-2.9.9.jar:/home/user/.m2/repository/org/apache/hadoop/hadoop-kms/3.2.0/hadoop-kms-3.2.0-tests.jar:/home/user/.m2/repository/org/apache/hadoop/hadoop-hdds-server-scm/0.5.0-SNAPSHOT/hadoop-hdds-server-scm-0.5.0-SNAPSHOT-tests.jar:/home/user/.m2/repository/org/apache/hadoop/hadoop-hdds-container-service/0.5.0-SNAPSHOT/hadoop-hdds-container-service-0.5.0-SNAPSHOT-tests.jar:/home/user/.m2/repository/org/yaml/snakeyaml/1.16/snakeyaml-1.16.jar:/home/user/.m2/repository/org/apache/hadoop/hadoop-common/3.2.0/hadoop-common-3.2.0-tests.jar:/home/user/.m2/repository/org/apache/hadoop/hadoop-annotations/3.2.0/hadoop-annotations-3.2.0.jar:/usr/lib/jvm/java-1.8.0-openjdk-1.8.0.222.b10-1.el7_7.x86_64/jre/../lib/tools.jar:/home/user/.m2/repository/commons-cli/commons-cli/1.2/commons-cli-1.2.jar:/home/user/.m2/repository/org/apache/httpcomponents/httpclient/4.5.2/httpclient-4.5.2.jar:/home/user/.m2/repository/org/apache/httpcomponents/httpcore/4.4.4/httpcore-4.4.4.jar:/home/user/.m2/repository/commons-codec/commons-codec/1.11/commons-codec-1.11.jar:/home/user/.m2/repository/commons-net/commons-net/3.6/commons-net-3.6.jar:/home/user/.m2/repository/commons-collections/commons-collections/3.2.2/commons-collections-3.2.2.jar:/home/user/.m2/repository/org/eclipse/jetty/jetty-servlet/9.3.25.v20180904/jetty-servlet-9.3.25.v20180904.jar:/home/user/.m2/repository/org/eclipse/jetty/jetty-security/9.3.25.v20180904/jetty-security-9.3.25.v20180904.jar:/home/user/.m2/repository/javax/servlet/jsp/jsp-api/2.1/jsp-api-2.1.jar:/home/user/.m2/repository/com/sun/jersey/jersey-servlet/1.19/jersey-servlet-1.19.jar:/home/user/.m2/repository/com/sun/jersey/jersey-json/1.19/jersey-json-1.19.jar:/home/user/.m2/repository/org/codehaus/jettison/jettison/1.1/jettison-1.1.jar:/home/user/.m2/repository/org/codehaus/jackson/jackson-core-asl/1.9.13/jackson-core-asl-1.9.13.jar:/home/user/.m2/repository/org/codehaus/jackson/jackson-mapper-asl/1.9.13/jackson-mapper-asl-1.9.13.jar:/home/user/.m2/repository/org/codehaus/jackson/jackson-jaxrs/1.9.13/jackson-jaxrs-1.9.13.jar:/home/user/.m2/repository/org/codehaus/jackson/jackson-xc/1.9.13/jackson-xc-1.9.13.jar:/home/user/.m2/repository/commons-logging/commons-logging/1.1.3/commons-logging-1.1.3.jar:/home/user/.m2/repository/commons-beanutils/commons-beanutils/1.9.4/commons-beanutils-1.9.4.jar:/home/user/.m2/repository/org/apache/commons/commons-configuration2/2.1.1/commons-configuration2-2.1.1.jar:/home/user/.m2/repository/org/apache/commons/commons-lang3/3.7/commons-lang3-3.7.jar:/home/user/.m2/repository/org/apache/commons/commons-text/1.4/commons-text-1.4.jar:/home/user/.m2/repository/org/apache/avro/avro/1.7.7/avro-1.7.7.jar:/home/user/.m2/repository/com/thoughtworks/paranamer/paranamer/2.3/paranamer-2.3.jar:/home/user/.m2/repository/org/xerial/snappy/snappy-java/1.0.5/snappy-java-1.0.5.jar:/home/user/.m2/repository/com/google/re2j/re2j/1.1/re2j-1.1.jar:/home/user/.m2/repository/com/google/code/gson/gson/2.2.4/gson-2.2.4.jar:/home/user/.m2/repository/com/jcraft/jsch/0.1.54/jsch-0.1.54.jar:/home/user/.m2/repository/org/apache/curator/curator-client/2.12.0/curator-client-2.12.0.jar:/home/user/.m2/repository/org/apache/curator/curator-recipes/2.12.0/curator-recipes-2.12.0.jar:/home/user/.m2/repository/com/google/code/findbugs/jsr305/3.0.0/jsr305-3.0.0.jar:/home/user/.m2/repository/org/apache/htrace/htrace-core4/4.1.0-incubating/htrace-core4-4.1.0-incubating.jar:/home/user/.m2/repository/org/apache/zookeeper/zookeeper/3.4.13/zookeeper-3.4.13.jar:/home/user/.m2/repository/jline/jline/0.9.94/jline-0.9.94.jar:/home/user/.m2/repository/org/apache/yetus/audience-annotations/0.5.0/audience-annotations-0.5.0.jar:/home/user/.m2/repository/org/codehaus/woodstox/stax2-api/3.1.4/stax2-api-3.1.4.jar:/home/user/.m2/repository/com/fasterxml/woodstox/woodstox-core/5.0.3/woodstox-core-5.0.3.jar:/home/user/.m2/repository/dnsjava/dnsjava/2.1.7/dnsjava-2.1.7.jar:/home/user/.m2/repository/org/apache/hadoop/hadoop-hdfs/3.2.0/hadoop-hdfs-3.2.0-tests.jar:/home/user/.m2/repository/org/eclipse/jetty/jetty-util-ajax/9.3.25.v20180904/jetty-util-ajax-9.3.25.v20180904.jar:/home/user/.m2/repository/commons-daemon/commons-daemon/1.0.13/commons-daemon-1.0.13.jar:/home/user/.m2/repository/io/netty/netty/3.10.5.Final/netty-3.10.5.Final.jar:/home/user/.m2/repository/io/netty/netty-all/4.0.52.Final/netty-all-4.0.52.Final.jar:/home/user/.m2/repository/org/fusesource/leveldbjni/leveldbjni-all/1.8/leveldbjni-all-1.8.jar:"/>
    <property name="sun.cpu.endian" value="little"/>
    <property name="user.home" value="/home/user"/>
    <property name="user.language" value="en"/>
    <property name="java.specification.vendor" value="Oracle Corporation"/>
    <property name="java.home" value="/usr/lib/jvm/java-1.8.0-openjdk-1.8.0.222.b10-1.el7_7.x86_64/jre"/>
    <property name="surefire.excludesFile" value="/tools/ozone-bad-unit-tests"/>
    <property name="java.security.krb5.conf" value="/workdir/hadoop-ozone/integration-test/target/test-classes/krb5.conf"/>
    <property name="basedir" value="/workdir/hadoop-ozone/integration-test"/>
    <property name="file.separator" value="/"/>
    <property name="line.separator" value="&#10;"/>
    <property name="java.vm.specification.vendor" value="Oracle Corporation"/>
    <property name="java.specification.name" value="Java Platform API Specification"/>
    <property name="java.awt.graphicsenv" value="sun.awt.X11GraphicsEnvironment"/>
    <property name="surefire.real.class.path" value="/workdir/hadoop-ozone/integration-test/target/surefire/surefirebooter4776133857004206247.jar"/>
    <property name="hadoop.log.dir" value="/workdir/hadoop-ozone/integration-test/target/log"/>
    <property name="sun.boot.class.path" value="/usr/lib/jvm/java-1.8.0-openjdk-1.8.0.222.b10-1.el7_7.x86_64/jre/lib/resources.jar:/usr/lib/jvm/java-1.8.0-openjdk-1.8.0.222.b10-1.el7_7.x86_64/jre/lib/rt.jar:/usr/lib/jvm/java-1.8.0-openjdk-1.8.0.222.b10-1.el7_7.x86_64/jre/lib/sunrsasign.jar:/usr/lib/jvm/java-1.8.0-openjdk-1.8.0.222.b10-1.el7_7.x86_64/jre/lib/jsse.jar:/usr/lib/jvm/java-1.8.0-openjdk-1.8.0.222.b10-1.el7_7.x86_64/jre/lib/jce.jar:/usr/lib/jvm/java-1.8.0-openjdk-1.8.0.222.b10-1.el7_7.x86_64/jre/lib/charsets.jar:/usr/lib/jvm/java-1.8.0-openjdk-1.8.0.222.b10-1.el7_7.x86_64/jre/lib/jfr.jar:/usr/lib/jvm/java-1.8.0-openjdk-1.8.0.222.b10-1.el7_7.x86_64/jre/classes"/>
    <property name="sun.management.compiler" value="HotSpot 64-Bit Tiered Compilers"/>
    <property name="java.runtime.version" value="1.8.0_222-b10"/>
    <property name="java.net.preferIPv4Stack" value="true"/>
    <property name="user.name" value="jenkins1000"/>
    <property name="path.separator" value=":"/>
    <property name="java.security.egd" value="file:///dev/urandom"/>
    <property name="os.version" value="3.10.0-957.12.2.el7.x86_64"/>
    <property name="java.endorsed.dirs" value="/usr/lib/jvm/java-1.8.0-openjdk-1.8.0.222.b10-1.el7_7.x86_64/jre/lib/endorsed"/>
    <property name="java.runtime.name" value="OpenJDK Runtime Environment"/>
    <property name="file.encoding" value="ANSI_X3.4-1968"/>
    <property name="java.vm.name" value="OpenJDK 64-Bit Server VM"/>
    <property name="test.build.webapps" value=""/>
    <property name="localRepository" value="/home/user/.m2/repository"/>
    <property name="java.vendor.url.bug" value="http://bugreport.sun.com/bugreport/"/>
    <property name="java.io.tmpdir" value="/tmp"/>
    <property name="require.test.libhadoop" value=""/>
    <property name="java.version" value="1.8.0_222"/>
    <property name="user.dir" value="/workdir/hadoop-ozone/integration-test"/>
    <property name="os.arch" value="amd64"/>
    <property name="java.vm.specification.name" value="Java Virtual Machine Specification"/>
    <property name="test.build.classes" value="/workdir/hadoop-ozone/integration-test/target/test-classes"/>
    <property name="java.awt.printerjob" value="sun.print.PSPrinterJob"/>
    <property name="sun.os.patch.level" value="unknown"/>
    <property name="hadoop.tmp.dir" value="/workdir/hadoop-ozone/integration-test/target/tmp"/>
    <property name="java.library.path" value="/usr/lib:/workdir/hadoop-ozone/integration-test/target/native/target/usr/local/lib:/workdir/hadoop-ozone/integration-test/../../hadoop-common-project/hadoop-common/target/native/target/usr/local/lib:/usr/java/packages/lib/amd64:/usr/lib64:/lib64:/lib:/usr/lib"/>
    <property name="java.vm.info" value="mixed mode"/>
    <property name="java.vendor" value="Oracle Corporation"/>
    <property name="java.vm.version" value="25.222-b10"/>
    <property name="java.ext.dirs" value="/usr/lib/jvm/java-1.8.0-openjdk-1.8.0.222.b10-1.el7_7.x86_64/jre/lib/ext:/usr/java/packages/lib/ext"/>
    <property name="sun.io.unicode.encoding" value="UnicodeLittle"/>
    <property name="java.class.version" value="52.0"/>
  </properties>
  <testcase name="testDeleteKeyWithSlowFollower" classname="org.apache.hadoop.ozone.client.rpc.TestDeleteWithSlowFollower" time="116.495">
    <failure type="java.lang.AssertionError">java.lang.AssertionError
	at org.junit.Assert.fail(Assert.java:86)
	at org.junit.Assert.assertTrue(Assert.java:41)
	at org.junit.Assert.assertTrue(Assert.java:52)
	at org.apache.hadoop.ozone.client.rpc.TestDeleteWithSlowFollower.testDeleteKeyWithSlowFollower(TestDeleteWithSlowFollower.java:265)
	at sun.reflect.NativeMethodAccessorImpl.invoke0(Native Method)
	at sun.reflect.NativeMethodAccessorImpl.invoke(NativeMethodAccessorImpl.java:62)
	at sun.reflect.DelegatingMethodAccessorImpl.invoke(DelegatingMethodAccessorImpl.java:43)
	at java.lang.reflect.Method.invoke(Method.java:498)
	at org.junit.runners.model.FrameworkMethod$1.runReflectiveCall(FrameworkMethod.java:47)
	at org.junit.internal.runners.model.ReflectiveCallable.run(ReflectiveCallable.java:12)
	at org.junit.runners.model.FrameworkMethod.invokeExplosively(FrameworkMethod.java:44)
	at org.junit.internal.runners.statements.InvokeMethod.evaluate(InvokeMethod.java:17)
	at org.junit.runners.ParentRunner.runLeaf(ParentRunner.java:271)
	at org.junit.runners.BlockJUnit4ClassRunner.runChild(BlockJUnit4ClassRunner.java:70)
	at org.junit.runners.BlockJUnit4ClassRunner.runChild(BlockJUnit4ClassRunner.java:50)
	at org.junit.runners.ParentRunner$3.run(ParentRunner.java:238)
	at org.junit.runners.ParentRunner$1.schedule(ParentRunner.java:63)
	at org.junit.runners.ParentRunner.runChildren(ParentRunner.java:236)
	at org.junit.runners.ParentRunner.access$000(ParentRunner.java:53)
	at org.junit.runners.ParentRunner$2.evaluate(ParentRunner.java:229)
	at org.junit.internal.runners.statements.RunBefores.evaluate(RunBefores.java:26)
	at org.junit.internal.runners.statements.RunAfters.evaluate(RunAfters.java:27)
	at org.junit.runners.ParentRunner.run(ParentRunner.java:309)
	at org.apache.maven.surefire.junit4.JUnit4Provider.execute(JUnit4Provider.java:365)
	at org.apache.maven.surefire.junit4.JUnit4Provider.executeWithRerun(JUnit4Provider.java:273)
	at org.apache.maven.surefire.junit4.JUnit4Provider.executeTestSet(JUnit4Provider.java:238)
	at org.apache.maven.surefire.junit4.JUnit4Provider.invoke(JUnit4Provider.java:159)
	at org.apache.maven.surefire.booter.ForkedBooter.invokeProviderInSameClassLoader(ForkedBooter.java:384)
	at org.apache.maven.surefire.booter.ForkedBooter.runSuitesInProcess(ForkedBooter.java:345)
	at org.apache.maven.surefire.booter.ForkedBooter.execute(ForkedBooter.java:126)
	at org.apache.maven.surefire.booter.ForkedBooter.main(ForkedBooter.java:418)
</failure>
    <system-out><![CDATA[2019-10-21 18:38:50,550 [main] WARN  server.ServerUtils (ServerUtils.java:getScmDbDir(145)) - ozone.scm.db.dirs is not configured. We recommend adding this setting. Falling back to ozone.metadata.dirs instead.
2019-10-21 18:38:50,667 [main] WARN  server.ServerUtils (ServerUtils.java:getScmDbDir(145)) - ozone.scm.db.dirs is not configured. We recommend adding this setting. Falling back to ozone.metadata.dirs instead.
2019-10-21 18:38:50,671 [main] WARN  server.ServerUtils (ServerUtils.java:getScmDbDir(145)) - ozone.scm.db.dirs is not configured. We recommend adding this setting. Falling back to ozone.metadata.dirs instead.
2019-10-21 18:38:50,698 [main] INFO  util.log (Log.java:initialized(192)) - Logging initialized @900ms
2019-10-21 18:38:50,793 [main] INFO  db.DBStoreBuilder (DBStoreBuilder.java:addTable(117)) - using custom profile for table: deletedBlocks
2019-10-21 18:38:50,794 [main] INFO  db.DBStoreBuilder (DBStoreBuilder.java:processTables(168)) - Using default column profile:DBProfile.DISK for Table:deletedBlocks
2019-10-21 18:38:50,794 [main] INFO  db.DBStoreBuilder (DBStoreBuilder.java:addTable(117)) - using custom profile for table: validCerts
2019-10-21 18:38:50,795 [main] INFO  db.DBStoreBuilder (DBStoreBuilder.java:processTables(168)) - Using default column profile:DBProfile.DISK for Table:validCerts
2019-10-21 18:38:50,795 [main] INFO  db.DBStoreBuilder (DBStoreBuilder.java:addTable(117)) - using custom profile for table: revokedCerts
2019-10-21 18:38:50,795 [main] INFO  db.DBStoreBuilder (DBStoreBuilder.java:processTables(168)) - Using default column profile:DBProfile.DISK for Table:revokedCerts
2019-10-21 18:38:50,807 [main] INFO  db.DBStoreBuilder (DBStoreBuilder.java:addTable(117)) - using custom profile for table: default
2019-10-21 18:38:50,807 [main] INFO  db.DBStoreBuilder (DBStoreBuilder.java:processTables(174)) - Using default column profile:DBProfile.DISK for Table:default
2019-10-21 18:38:50,809 [main] INFO  db.DBStoreBuilder (DBStoreBuilder.java:getDbProfile(205)) - Using default options. DBProfile.DISK
2019-10-21 18:38:51,030 [main] INFO  net.NodeSchemaLoader (NodeSchemaLoader.java:loadSchemaFromFile(125)) - Loading file from sun.misc.CompoundEnumeration@78691363
2019-10-21 18:38:51,033 [main] INFO  net.NodeSchemaLoader (NodeSchemaLoader.java:loadSchema(171)) - Loading network topology layer schema file
2019-10-21 18:38:51,093 [main] WARN  server.ServerUtils (ServerUtils.java:sanitizeUserArgs(70)) - ozone.scm.stale.node.interval value = 1000000 is larger than max = 100000 based on the key value of ozone.scm.heartbeat.thread.interval, reset to the max value 100000.
2019-10-21 18:38:51,095 [main] WARN  server.ServerUtils (ServerUtils.java:sanitizeUserArgs(70)) - ozone.scm.stale.node.interval value = 1000000 is larger than max = 100000 based on the key value of ozone.scm.heartbeat.thread.interval, reset to the max value 100000.
2019-10-21 18:38:51,097 [main] INFO  node.SCMNodeManager (SCMNodeManager.java:<init>(116)) - Entering startup safe mode.
2019-10-21 18:38:51,160 [main] INFO  algorithms.ContainerPlacementPolicyFactory (ContainerPlacementPolicyFactory.java:getPolicy(57)) - Create container placement policy of type org.apache.hadoop.hdds.scm.container.placement.algorithms.SCMContainerPlacementRandom
2019-10-21 18:38:51,175 [main] WARN  server.ServerUtils (ServerUtils.java:getScmDbDir(145)) - ozone.scm.db.dirs is not configured. We recommend adding this setting. Falling back to ozone.metadata.dirs instead.
2019-10-21 18:38:51,234 [main] INFO  pipeline.SCMPipelineManager (SCMPipelineManager.java:initializePipelineState(132)) - No pipeline exists in current db
2019-10-21 18:38:51,238 [main] WARN  server.ServerUtils (ServerUtils.java:getScmDbDir(145)) - ozone.scm.db.dirs is not configured. We recommend adding this setting. Falling back to ozone.metadata.dirs instead.
2019-10-21 18:38:51,351 [main] WARN  events.EventQueue (EventQueue.java:fireEvent(183)) - No event handler registered for event TypedEvent{payloadType=SafeModeStatus, name='SafeModeStatus'}
2019-10-21 18:38:51,697 [main] INFO  ipc.CallQueueManager (CallQueueManager.java:<init>(84)) - Using callQueue: class java.util.concurrent.LinkedBlockingQueue, queueCapacity: 2000, scheduler: class org.apache.hadoop.ipc.DefaultRpcScheduler, ipcBackoff: false.
2019-10-21 18:38:51,791 [Socket Reader #1 for port 44666] INFO  ipc.Server (Server.java:run(1074)) - Starting Socket Reader #1 for port 44666
2019-10-21 18:38:51,824 [main] INFO  ipc.CallQueueManager (CallQueueManager.java:<init>(84)) - Using callQueue: class java.util.concurrent.LinkedBlockingQueue, queueCapacity: 2000, scheduler: class org.apache.hadoop.ipc.DefaultRpcScheduler, ipcBackoff: false.
2019-10-21 18:38:51,825 [Socket Reader #1 for port 39835] INFO  ipc.Server (Server.java:run(1074)) - Starting Socket Reader #1 for port 39835
2019-10-21 18:38:51,835 [main] INFO  ipc.CallQueueManager (CallQueueManager.java:<init>(84)) - Using callQueue: class java.util.concurrent.LinkedBlockingQueue, queueCapacity: 2000, scheduler: class org.apache.hadoop.ipc.DefaultRpcScheduler, ipcBackoff: false.
2019-10-21 18:38:51,836 [Socket Reader #1 for port 32803] INFO  ipc.Server (Server.java:run(1074)) - Starting Socket Reader #1 for port 32803
2019-10-21 18:38:51,862 [main] INFO  hdfs.DFSUtil (DFSUtil.java:httpServerTemplateForNNAndJN(1641)) - Starting Web-server for scm at: http://0.0.0.0:0
2019-10-21 18:38:52,053 [main] INFO  server.AuthenticationFilter (AuthenticationFilter.java:constructSecretProvider(240)) - Unable to initialize FileSignerSecretProvider, falling back to use random secrets.
2019-10-21 18:38:52,061 [main] WARN  http.HttpRequestLog (HttpRequestLog.java:getRequestLog(97)) - Jetty request log can only be enabled using Log4j
2019-10-21 18:38:52,068 [main] INFO  http.HttpServer2 (HttpServer2.java:addGlobalFilter(975)) - Added global filter 'safety' (class=org.apache.hadoop.http.HttpServer2$QuotingInputFilter)
2019-10-21 18:38:52,070 [main] INFO  http.HttpServer2 (HttpServer2.java:addFilter(948)) - Added filter static_user_filter (class=org.apache.hadoop.http.lib.StaticUserWebFilter$StaticUserFilter) to context scm
2019-10-21 18:38:52,071 [main] INFO  http.HttpServer2 (HttpServer2.java:addFilter(958)) - Added filter static_user_filter (class=org.apache.hadoop.http.lib.StaticUserWebFilter$StaticUserFilter) to context static
2019-10-21 18:38:52,071 [main] INFO  http.HttpServer2 (HttpServer2.java:addFilter(958)) - Added filter static_user_filter (class=org.apache.hadoop.http.lib.StaticUserWebFilter$StaticUserFilter) to context logs
2019-10-21 18:38:52,099 [main] INFO  server.StorageContainerManager (StorageContainerManager.java:start(772)) - StorageContainerLocationProtocol RPC server is listening at /0.0.0.0:32803
2019-10-21 18:38:52,167 [main] WARN  impl.MetricsConfig (MetricsConfig.java:loadFirst(134)) - Cannot locate configuration: tried hadoop-metrics2-storagecontainermanager.properties,hadoop-metrics2.properties
2019-10-21 18:38:52,188 [main] INFO  impl.MetricsSystemImpl (MetricsSystemImpl.java:startTimer(374)) - Scheduled Metric snapshot period at 10 second(s).
2019-10-21 18:38:52,188 [main] INFO  impl.MetricsSystemImpl (MetricsSystemImpl.java:start(191)) - StorageContainerManager metrics system started
2019-10-21 18:38:52,415 [main] INFO  server.SCMClientProtocolServer (SCMClientProtocolServer.java:start(159)) - RPC server for Client  is listening at /0.0.0.0:32803
2019-10-21 18:38:52,415 [IPC Server Responder] INFO  ipc.Server (Server.java:run(1314)) - IPC Server Responder: starting
2019-10-21 18:38:52,416 [IPC Server listener on 32803] INFO  ipc.Server (Server.java:run(1153)) - IPC Server listener on 32803: starting
2019-10-21 18:38:52,418 [main] INFO  server.StorageContainerManager (StorageContainerManager.java:start(782)) - ScmBlockLocationProtocol RPC server is listening at /0.0.0.0:39835
2019-10-21 18:38:52,419 [main] INFO  server.SCMBlockProtocolServer (SCMBlockProtocolServer.java:start(146)) - RPC server for Block Protocol is listening at /0.0.0.0:39835
2019-10-21 18:38:52,419 [IPC Server Responder] INFO  ipc.Server (Server.java:run(1314)) - IPC Server Responder: starting
2019-10-21 18:38:52,419 [IPC Server listener on 39835] INFO  ipc.Server (Server.java:run(1153)) - IPC Server listener on 39835: starting
2019-10-21 18:38:52,421 [main] INFO  server.StorageContainerManager (StorageContainerManager.java:start(786)) - ScmDatanodeProtocl RPC server is listening at /0.0.0.0:44666
2019-10-21 18:38:52,421 [main] INFO  server.SCMDatanodeProtocolServer (SCMDatanodeProtocolServer.java:start(169)) - RPC server for DataNodes is listening at /0.0.0.0:44666
2019-10-21 18:38:52,421 [IPC Server Responder] INFO  ipc.Server (Server.java:run(1314)) - IPC Server Responder: starting
2019-10-21 18:38:52,422 [IPC Server listener on 44666] INFO  ipc.Server (Server.java:run(1153)) - IPC Server listener on 44666: starting
2019-10-21 18:38:52,424 [main] INFO  http.HttpServer2 (HttpServer2.java:bindListener(1191)) - Jetty bound to port 45261
2019-10-21 18:38:52,426 [main] INFO  server.Server (Server.java:doStart(351)) - jetty-9.3.25.v20180904, build timestamp: 2018-09-04T21:11:46Z, git hash: 3ce520221d0240229c862b122d2b06c12a625732
2019-10-21 18:38:52,460 [main] INFO  handler.ContextHandler (ContextHandler.java:doStart(781)) - Started o.e.j.s.ServletContextHandler@2f48b3d2{/logs,file:///workdir/hadoop-ozone/integration-test/target/log,AVAILABLE}
2019-10-21 18:38:52,461 [main] INFO  handler.ContextHandler (ContextHandler.java:doStart(781)) - Started o.e.j.s.ServletContextHandler@753432a2{/static,file:///workdir/hadoop-ozone/integration-test/target/test-classes/webapps/static,AVAILABLE}
2019-10-21 18:38:52,492 [main] INFO  handler.ContextHandler (ContextHandler.java:doStart(781)) - Started o.e.j.w.WebAppContext@23a9ba52{/,file:///workdir/hadoop-ozone/integration-test/target/test-classes/webapps/scm/,AVAILABLE}{/scm}
2019-10-21 18:38:52,497 [main] INFO  server.AbstractConnector (AbstractConnector.java:doStart(278)) - Started ServerConnector@7927bd9f{HTTP/1.1,[http/1.1]}{0.0.0.0:45261}
2019-10-21 18:38:52,497 [main] INFO  server.Server (Server.java:doStart(419)) - Started @2700ms
2019-10-21 18:38:52,499 [main] INFO  impl.MetricsSinkAdapter (MetricsSinkAdapter.java:start(204)) - Sink prometheus started
2019-10-21 18:38:52,499 [main] INFO  impl.MetricsSystemImpl (MetricsSystemImpl.java:registerSink(301)) - Registered sink prometheus
2019-10-21 18:38:52,502 [main] INFO  server.BaseHttpServer (BaseHttpServer.java:updateConnectorAddress(215)) - HTTP server of SCM is listening at http://0.0.0.0:45261
2019-10-21 18:38:52,510 [org.apache.hadoop.util.JvmPauseMonitor$Monitor@3d3f761a] INFO  util.JvmPauseMonitor (JvmPauseMonitor.java:run(188)) - Starting JVM pause monitor
2019-10-21 18:38:52,514 [main] WARN  server.ServerUtils (ServerUtils.java:getDBPath(222)) - ozone.om.db.dirs is not configured. We recommend adding this setting. Falling back to ozone.metadata.dirs instead.
2019-10-21 18:38:52,618 [main] INFO  ha.OMHANodeDetails (OMHANodeDetails.java:loadOMHAConfig(190)) - Configuration either no ozone.om.address set. Falling back to the default OM address /127.0.0.1:0
2019-10-21 18:38:52,619 [main] INFO  ha.OMHANodeDetails (OMHANodeDetails.java:getOMNodeDetails(220)) - OM Service ID is not set. Setting it to the default ID: omServiceIdDefault
2019-10-21 18:38:52,620 [main] WARN  server.ServerUtils (ServerUtils.java:getDBPath(222)) - ozone.om.db.dirs is not configured. We recommend adding this setting. Falling back to ozone.metadata.dirs instead.
2019-10-21 18:38:52,621 [main] WARN  server.ServerUtils (ServerUtils.java:getDBPath(222)) - ozone.om.db.dirs is not configured. We recommend adding this setting. Falling back to ozone.metadata.dirs instead.
2019-10-21 18:38:53,241 [main] WARN  server.ServerUtils (ServerUtils.java:getDBPath(222)) - ozone.om.db.dirs is not configured. We recommend adding this setting. Falling back to ozone.metadata.dirs instead.
2019-10-21 18:38:53,248 [main] INFO  db.DBStoreBuilder (DBStoreBuilder.java:addTable(117)) - using custom profile for table: userTable
2019-10-21 18:38:53,249 [main] INFO  db.DBStoreBuilder (DBStoreBuilder.java:processTables(168)) - Using default column profile:DBProfile.DISK for Table:userTable
2019-10-21 18:38:53,249 [main] INFO  db.DBStoreBuilder (DBStoreBuilder.java:addTable(117)) - using custom profile for table: volumeTable
2019-10-21 18:38:53,249 [main] INFO  db.DBStoreBuilder (DBStoreBuilder.java:processTables(168)) - Using default column profile:DBProfile.DISK for Table:volumeTable
2019-10-21 18:38:53,249 [main] INFO  db.DBStoreBuilder (DBStoreBuilder.java:addTable(117)) - using custom profile for table: bucketTable
2019-10-21 18:38:53,249 [main] INFO  db.DBStoreBuilder (DBStoreBuilder.java:processTables(168)) - Using default column profile:DBProfile.DISK for Table:bucketTable
2019-10-21 18:38:53,250 [main] INFO  db.DBStoreBuilder (DBStoreBuilder.java:addTable(117)) - using custom profile for table: keyTable
2019-10-21 18:38:53,250 [main] INFO  db.DBStoreBuilder (DBStoreBuilder.java:processTables(168)) - Using default column profile:DBProfile.DISK for Table:keyTable
2019-10-21 18:38:53,250 [main] INFO  db.DBStoreBuilder (DBStoreBuilder.java:addTable(117)) - using custom profile for table: deletedTable
2019-10-21 18:38:53,250 [main] INFO  db.DBStoreBuilder (DBStoreBuilder.java:processTables(168)) - Using default column profile:DBProfile.DISK for Table:deletedTable
2019-10-21 18:38:53,251 [main] INFO  db.DBStoreBuilder (DBStoreBuilder.java:addTable(117)) - using custom profile for table: openKeyTable
2019-10-21 18:38:53,251 [main] INFO  db.DBStoreBuilder (DBStoreBuilder.java:processTables(168)) - Using default column profile:DBProfile.DISK for Table:openKeyTable
2019-10-21 18:38:53,251 [main] INFO  db.DBStoreBuilder (DBStoreBuilder.java:addTable(117)) - using custom profile for table: s3Table
2019-10-21 18:38:53,251 [main] INFO  db.DBStoreBuilder (DBStoreBuilder.java:processTables(168)) - Using default column profile:DBProfile.DISK for Table:s3Table
2019-10-21 18:38:53,251 [main] INFO  db.DBStoreBuilder (DBStoreBuilder.java:addTable(117)) - using custom profile for table: multipartInfoTable
2019-10-21 18:38:53,252 [main] INFO  db.DBStoreBuilder (DBStoreBuilder.java:processTables(168)) - Using default column profile:DBProfile.DISK for Table:multipartInfoTable
2019-10-21 18:38:53,252 [main] INFO  db.DBStoreBuilder (DBStoreBuilder.java:addTable(117)) - using custom profile for table: dTokenTable
2019-10-21 18:38:53,252 [main] INFO  db.DBStoreBuilder (DBStoreBuilder.java:processTables(168)) - Using default column profile:DBProfile.DISK for Table:dTokenTable
2019-10-21 18:38:53,252 [main] INFO  db.DBStoreBuilder (DBStoreBuilder.java:addTable(117)) - using custom profile for table: s3SecretTable
2019-10-21 18:38:53,252 [main] INFO  db.DBStoreBuilder (DBStoreBuilder.java:processTables(168)) - Using default column profile:DBProfile.DISK for Table:s3SecretTable
2019-10-21 18:38:53,253 [main] INFO  db.DBStoreBuilder (DBStoreBuilder.java:addTable(117)) - using custom profile for table: prefixTable
2019-10-21 18:38:53,253 [main] INFO  db.DBStoreBuilder (DBStoreBuilder.java:processTables(168)) - Using default column profile:DBProfile.DISK for Table:prefixTable
2019-10-21 18:38:53,253 [main] INFO  db.DBStoreBuilder (DBStoreBuilder.java:addTable(117)) - using custom profile for table: default
2019-10-21 18:38:53,253 [main] INFO  db.DBStoreBuilder (DBStoreBuilder.java:processTables(174)) - Using default column profile:DBProfile.DISK for Table:default
2019-10-21 18:38:53,254 [main] INFO  db.DBStoreBuilder (DBStoreBuilder.java:getDbProfile(205)) - Using default options. DBProfile.DISK
2019-10-21 18:38:53,754 [main] INFO  ipc.CallQueueManager (CallQueueManager.java:<init>(84)) - Using callQueue: class java.util.concurrent.LinkedBlockingQueue, queueCapacity: 2000, scheduler: class org.apache.hadoop.ipc.DefaultRpcScheduler, ipcBackoff: false.
2019-10-21 18:38:53,755 [Socket Reader #1 for port 38673] INFO  ipc.Server (Server.java:run(1074)) - Starting Socket Reader #1 for port 38673
2019-10-21 18:38:53,778 [main] INFO  om.OzoneManager (OzoneManager.java:start(1074)) - OzoneManager RPC server is listening at localhost/127.0.0.1:38673
2019-10-21 18:38:53,778 [main] INFO  impl.MetricsSystemImpl (MetricsSystemImpl.java:init(158)) - OzoneManager metrics system started (again)
2019-10-21 18:38:53,787 [IPC Server Responder] INFO  ipc.Server (Server.java:run(1314)) - IPC Server Responder: starting
2019-10-21 18:38:53,787 [IPC Server listener on 38673] INFO  ipc.Server (Server.java:run(1153)) - IPC Server listener on 38673: starting
2019-10-21 18:38:53,792 [main] INFO  hdfs.DFSUtil (DFSUtil.java:httpServerTemplateForNNAndJN(1641)) - Starting Web-server for ozoneManager at: http://0.0.0.0:0
2019-10-21 18:38:53,794 [main] INFO  server.AuthenticationFilter (AuthenticationFilter.java:constructSecretProvider(240)) - Unable to initialize FileSignerSecretProvider, falling back to use random secrets.
2019-10-21 18:38:53,794 [main] WARN  http.HttpRequestLog (HttpRequestLog.java:getRequestLog(97)) - Jetty request log can only be enabled using Log4j
2019-10-21 18:38:53,796 [main] INFO  http.HttpServer2 (HttpServer2.java:addGlobalFilter(975)) - Added global filter 'safety' (class=org.apache.hadoop.http.HttpServer2$QuotingInputFilter)
2019-10-21 18:38:53,797 [main] INFO  http.HttpServer2 (HttpServer2.java:addFilter(948)) - Added filter static_user_filter (class=org.apache.hadoop.http.lib.StaticUserWebFilter$StaticUserFilter) to context ozoneManager
2019-10-21 18:38:53,797 [main] INFO  http.HttpServer2 (HttpServer2.java:addFilter(958)) - Added filter static_user_filter (class=org.apache.hadoop.http.lib.StaticUserWebFilter$StaticUserFilter) to context logs
2019-10-21 18:38:53,797 [main] INFO  http.HttpServer2 (HttpServer2.java:addFilter(958)) - Added filter static_user_filter (class=org.apache.hadoop.http.lib.StaticUserWebFilter$StaticUserFilter) to context static
2019-10-21 18:38:53,799 [main] INFO  http.HttpServer2 (HttpServer2.java:bindListener(1191)) - Jetty bound to port 33859
2019-10-21 18:38:53,800 [main] INFO  server.Server (Server.java:doStart(351)) - jetty-9.3.25.v20180904, build timestamp: 2018-09-04T21:11:46Z, git hash: 3ce520221d0240229c862b122d2b06c12a625732
2019-10-21 18:38:53,802 [main] INFO  handler.ContextHandler (ContextHandler.java:doStart(781)) - Started o.e.j.s.ServletContextHandler@40ab8a8{/logs,file:///workdir/hadoop-ozone/integration-test/target/log,AVAILABLE}
2019-10-21 18:38:53,802 [main] INFO  handler.ContextHandler (ContextHandler.java:doStart(781)) - Started o.e.j.s.ServletContextHandler@65cc8228{/static,file:///workdir/hadoop-ozone/integration-test/target/test-classes/webapps/static,AVAILABLE}
2019-10-21 18:38:53,807 [main] INFO  handler.ContextHandler (ContextHandler.java:doStart(781)) - Started o.e.j.w.WebAppContext@5d235104{/,file:///workdir/hadoop-ozone/integration-test/target/test-classes/webapps/ozoneManager/,AVAILABLE}{/ozoneManager}
2019-10-21 18:38:53,808 [main] INFO  server.AbstractConnector (AbstractConnector.java:doStart(278)) - Started ServerConnector@4e8e8621{HTTP/1.1,[http/1.1]}{0.0.0.0:33859}
2019-10-21 18:38:53,808 [main] INFO  server.Server (Server.java:doStart(419)) - Started @4011ms
2019-10-21 18:38:53,808 [main] WARN  impl.MetricsSystemImpl (MetricsSystemImpl.java:register(276)) - Sink prometheus already exists!
2019-10-21 18:38:53,809 [main] INFO  server.BaseHttpServer (BaseHttpServer.java:updateConnectorAddress(215)) - HTTP server of OZONEMANAGER is listening at http://0.0.0.0:33859
2019-10-21 18:38:54,084 [main] INFO  impl.MetricsSystemImpl (MetricsSystemImpl.java:init(158)) - HddsDatanode metrics system started (again)
2019-10-21 18:38:54,132 [main] INFO  ozone.HddsDatanodeService (HddsDatanodeService.java:start(184)) - HddsDatanodeService host:pr-hdds-2340-skh4f-3510823728 ip:192.168.69.123
2019-10-21 18:38:54,163 [main] INFO  volume.HddsVolume (HddsVolume.java:<init>(176)) - Creating Volume: /workdir/hadoop-ozone/integration-test/target/test-dir/MiniOzoneClusterImpl-73360a76-796f-4047-87d4-3c41f9cd92df/datanode-0/data/containers/hdds of  storage type : DISK and capacity : 1482555576320
2019-10-21 18:38:54,165 [main] INFO  volume.VolumeSet (VolumeSet.java:initializeVolumeSet(170)) - Added Volume : /workdir/hadoop-ozone/integration-test/target/test-dir/MiniOzoneClusterImpl-73360a76-796f-4047-87d4-3c41f9cd92df/datanode-0/data/containers/hdds to VolumeSet
2019-10-21 18:38:54,167 [main] INFO  volume.ThrottledAsyncChecker (ThrottledAsyncChecker.java:schedule(141)) - Scheduling a check for /workdir/hadoop-ozone/integration-test/target/test-dir/MiniOzoneClusterImpl-73360a76-796f-4047-87d4-3c41f9cd92df/datanode-0/data/containers/hdds
2019-10-21 18:38:54,184 [main] INFO  volume.HddsVolumeChecker (HddsVolumeChecker.java:checkAllVolumes(204)) - Scheduled health check for volume /workdir/hadoop-ozone/integration-test/target/test-dir/MiniOzoneClusterImpl-73360a76-796f-4047-87d4-3c41f9cd92df/datanode-0/data/containers/hdds
2019-10-21 18:38:54,293 [main] INFO  impl.RaftServerProxy (ConfUtils.java:logGet(43)) - raft.rpc.type = GRPC (default)
2019-10-21 18:38:54,358 [main] INFO  grpc.GrpcFactory (GrpcFactory.java:checkPooledByteBufAllocatorUseCacheForAllThreads(45)) - PERFORMANCE WARNING: useCacheForAllThreads is true that may cause Netty to create a lot garbage objects and, as a result, trigger GC.
	It is recommended to disable useCacheForAllThreads by setting -Dorg.apache.ratis.thirdparty.io.netty.allocator.useCacheForAllThreads=false in command line.
2019-10-21 18:38:54,363 [main] INFO  grpc.GrpcConfigKeys$Server (ConfUtils.java:logGet(43)) - raft.grpc.server.port = 0 (default)
2019-10-21 18:38:54,364 [main] INFO  server.GrpcService (ConfUtils.java:logGet(43)) - raft.grpc.message.size.max = 33570816 (custom)
2019-10-21 18:38:54,366 [main] INFO  server.RaftServerConfigKeys (ConfUtils.java:logGet(43)) - raft.server.log.appender.buffer.byte-limit = 33554432 (custom)
2019-10-21 18:38:54,367 [main] INFO  server.GrpcService (ConfUtils.java:logGet(43)) - raft.grpc.flow.control.window = 1MB (=1048576) (default)
2019-10-21 18:38:54,367 [main] INFO  server.RaftServerConfigKeys (ConfUtils.java:logGet(43)) - raft.server.rpc.request.timeout = 3000ms (default)
2019-10-21 18:38:54,522 [main] INFO  server.RaftServerConfigKeys (ConfUtils.java:logGet(43)) - raft.server.storage.dir = [/workdir/hadoop-ozone/integration-test/target/test-dir/MiniOzoneClusterImpl-73360a76-796f-4047-87d4-3c41f9cd92df/datanode-0/data/ratis] (custom)
2019-10-21 18:38:54,572 [main] INFO  hdfs.DFSUtil (DFSUtil.java:httpServerTemplateForNNAndJN(1641)) - Starting Web-server for hddsDatanode at: http://0.0.0.0:0
2019-10-21 18:38:54,575 [main] INFO  server.AuthenticationFilter (AuthenticationFilter.java:constructSecretProvider(240)) - Unable to initialize FileSignerSecretProvider, falling back to use random secrets.
2019-10-21 18:38:54,576 [main] WARN  http.HttpRequestLog (HttpRequestLog.java:getRequestLog(97)) - Jetty request log can only be enabled using Log4j
2019-10-21 18:38:54,578 [main] INFO  http.HttpServer2 (HttpServer2.java:addGlobalFilter(975)) - Added global filter 'safety' (class=org.apache.hadoop.http.HttpServer2$QuotingInputFilter)
2019-10-21 18:38:54,579 [main] INFO  http.HttpServer2 (HttpServer2.java:addFilter(948)) - Added filter static_user_filter (class=org.apache.hadoop.http.lib.StaticUserWebFilter$StaticUserFilter) to context hddsDatanode
2019-10-21 18:38:54,580 [main] INFO  http.HttpServer2 (HttpServer2.java:addFilter(958)) - Added filter static_user_filter (class=org.apache.hadoop.http.lib.StaticUserWebFilter$StaticUserFilter) to context logs
2019-10-21 18:38:54,580 [main] INFO  http.HttpServer2 (HttpServer2.java:addFilter(958)) - Added filter static_user_filter (class=org.apache.hadoop.http.lib.StaticUserWebFilter$StaticUserFilter) to context static
2019-10-21 18:38:54,581 [main] INFO  http.HttpServer2 (HttpServer2.java:bindListener(1191)) - Jetty bound to port 33411
2019-10-21 18:38:54,582 [main] INFO  server.Server (Server.java:doStart(351)) - jetty-9.3.25.v20180904, build timestamp: 2018-09-04T21:11:46Z, git hash: 3ce520221d0240229c862b122d2b06c12a625732
2019-10-21 18:38:54,585 [main] INFO  handler.ContextHandler (ContextHandler.java:doStart(781)) - Started o.e.j.s.ServletContextHandler@6c008c24{/logs,file:///workdir/hadoop-ozone/integration-test/target/log,AVAILABLE}
2019-10-21 18:38:54,586 [main] INFO  handler.ContextHandler (ContextHandler.java:doStart(781)) - Started o.e.j.s.ServletContextHandler@21079a12{/static,jar:file:/home/user/.m2/repository/org/apache/hadoop/hadoop-hdds-container-service/0.5.0-SNAPSHOT/hadoop-hdds-container-service-0.5.0-SNAPSHOT.jar!/webapps/static,AVAILABLE}
2019-10-21 18:38:54,628 [main] INFO  handler.ContextHandler (ContextHandler.java:doStart(781)) - Started o.e.j.w.WebAppContext@673919a7{/,file:///tmp/jetty-0.0.0.0-33411-hddsDatanode-_-any-7137284605765482729.dir/webapp/,AVAILABLE}{/hddsDatanode}
2019-10-21 18:38:54,628 [main] INFO  server.AbstractConnector (AbstractConnector.java:doStart(278)) - Started ServerConnector@25d93198{HTTP/1.1,[http/1.1]}{0.0.0.0:33411}
2019-10-21 18:38:54,629 [main] INFO  server.Server (Server.java:doStart(419)) - Started @4832ms
2019-10-21 18:38:54,629 [main] WARN  impl.MetricsSystemImpl (MetricsSystemImpl.java:register(276)) - Sink prometheus already exists!
2019-10-21 18:38:54,631 [main] INFO  server.BaseHttpServer (BaseHttpServer.java:updateConnectorAddress(215)) - HTTP server of HDDSDATANODE is listening at http://0.0.0.0:33411
2019-10-21 18:38:54,633 [main] INFO  impl.MetricsSystemImpl (MetricsSystemImpl.java:init(158)) - HddsDatanode metrics system started (again)
2019-10-21 18:38:54,635 [main] INFO  ozone.HddsDatanodeService (HddsDatanodeService.java:start(184)) - HddsDatanodeService host:pr-hdds-2340-skh4f-3510823728 ip:192.168.69.123
2019-10-21 18:38:54,638 [org.apache.hadoop.util.JvmPauseMonitor$Monitor@10fcf28b] INFO  util.JvmPauseMonitor (JvmPauseMonitor.java:run(188)) - Starting JVM pause monitor
2019-10-21 18:38:54,645 [main] INFO  volume.HddsVolume (HddsVolume.java:<init>(176)) - Creating Volume: /workdir/hadoop-ozone/integration-test/target/test-dir/MiniOzoneClusterImpl-73360a76-796f-4047-87d4-3c41f9cd92df/datanode-1/data/containers/hdds of  storage type : DISK and capacity : 1482555576320
2019-10-21 18:38:54,646 [main] INFO  volume.VolumeSet (VolumeSet.java:initializeVolumeSet(170)) - Added Volume : /workdir/hadoop-ozone/integration-test/target/test-dir/MiniOzoneClusterImpl-73360a76-796f-4047-87d4-3c41f9cd92df/datanode-1/data/containers/hdds to VolumeSet
2019-10-21 18:38:54,646 [main] INFO  volume.ThrottledAsyncChecker (ThrottledAsyncChecker.java:schedule(141)) - Scheduling a check for /workdir/hadoop-ozone/integration-test/target/test-dir/MiniOzoneClusterImpl-73360a76-796f-4047-87d4-3c41f9cd92df/datanode-1/data/containers/hdds
2019-10-21 18:38:54,647 [main] INFO  volume.HddsVolumeChecker (HddsVolumeChecker.java:checkAllVolumes(204)) - Scheduled health check for volume /workdir/hadoop-ozone/integration-test/target/test-dir/MiniOzoneClusterImpl-73360a76-796f-4047-87d4-3c41f9cd92df/datanode-1/data/containers/hdds
2019-10-21 18:38:54,663 [main] INFO  impl.RaftServerProxy (ConfUtils.java:logGet(43)) - raft.rpc.type = GRPC (default)
2019-10-21 18:38:54,664 [main] INFO  grpc.GrpcFactory (GrpcFactory.java:checkPooledByteBufAllocatorUseCacheForAllThreads(45)) - PERFORMANCE WARNING: useCacheForAllThreads is true that may cause Netty to create a lot garbage objects and, as a result, trigger GC.
	It is recommended to disable useCacheForAllThreads by setting -Dorg.apache.ratis.thirdparty.io.netty.allocator.useCacheForAllThreads=false in command line.
2019-10-21 18:38:54,664 [main] INFO  grpc.GrpcConfigKeys$Server (ConfUtils.java:logGet(43)) - raft.grpc.server.port = 0 (default)
2019-10-21 18:38:54,664 [main] INFO  server.GrpcService (ConfUtils.java:logGet(43)) - raft.grpc.message.size.max = 33570816 (custom)
2019-10-21 18:38:54,664 [main] INFO  server.RaftServerConfigKeys (ConfUtils.java:logGet(43)) - raft.server.log.appender.buffer.byte-limit = 33554432 (custom)
2019-10-21 18:38:54,665 [main] INFO  server.GrpcService (ConfUtils.java:logGet(43)) - raft.grpc.flow.control.window = 1MB (=1048576) (default)
2019-10-21 18:38:54,665 [main] INFO  server.RaftServerConfigKeys (ConfUtils.java:logGet(43)) - raft.server.rpc.request.timeout = 3000ms (default)
2019-10-21 18:38:54,666 [main] INFO  server.RaftServerConfigKeys (ConfUtils.java:logGet(43)) - raft.server.storage.dir = [/workdir/hadoop-ozone/integration-test/target/test-dir/MiniOzoneClusterImpl-73360a76-796f-4047-87d4-3c41f9cd92df/datanode-1/data/ratis] (custom)
2019-10-21 18:38:54,668 [main] INFO  hdfs.DFSUtil (DFSUtil.java:httpServerTemplateForNNAndJN(1641)) - Starting Web-server for hddsDatanode at: http://0.0.0.0:0
2019-10-21 18:38:54,669 [main] INFO  server.AuthenticationFilter (AuthenticationFilter.java:constructSecretProvider(240)) - Unable to initialize FileSignerSecretProvider, falling back to use random secrets.
2019-10-21 18:38:54,670 [main] WARN  http.HttpRequestLog (HttpRequestLog.java:getRequestLog(97)) - Jetty request log can only be enabled using Log4j
2019-10-21 18:38:54,671 [main] INFO  http.HttpServer2 (HttpServer2.java:addGlobalFilter(975)) - Added global filter 'safety' (class=org.apache.hadoop.http.HttpServer2$QuotingInputFilter)
2019-10-21 18:38:54,672 [main] INFO  http.HttpServer2 (HttpServer2.java:addFilter(948)) - Added filter static_user_filter (class=org.apache.hadoop.http.lib.StaticUserWebFilter$StaticUserFilter) to context hddsDatanode
2019-10-21 18:38:54,672 [main] INFO  http.HttpServer2 (HttpServer2.java:addFilter(958)) - Added filter static_user_filter (class=org.apache.hadoop.http.lib.StaticUserWebFilter$StaticUserFilter) to context logs
2019-10-21 18:38:54,672 [main] INFO  http.HttpServer2 (HttpServer2.java:addFilter(958)) - Added filter static_user_filter (class=org.apache.hadoop.http.lib.StaticUserWebFilter$StaticUserFilter) to context static
2019-10-21 18:38:54,673 [main] INFO  http.HttpServer2 (HttpServer2.java:bindListener(1191)) - Jetty bound to port 34617
2019-10-21 18:38:54,674 [main] INFO  server.Server (Server.java:doStart(351)) - jetty-9.3.25.v20180904, build timestamp: 2018-09-04T21:11:46Z, git hash: 3ce520221d0240229c862b122d2b06c12a625732
2019-10-21 18:38:54,676 [main] INFO  handler.ContextHandler (ContextHandler.java:doStart(781)) - Started o.e.j.s.ServletContextHandler@38bb9d7a{/logs,file:///workdir/hadoop-ozone/integration-test/target/log,AVAILABLE}
2019-10-21 18:38:54,677 [main] INFO  handler.ContextHandler (ContextHandler.java:doStart(781)) - Started o.e.j.s.ServletContextHandler@78d6447a{/static,jar:file:/home/user/.m2/repository/org/apache/hadoop/hadoop-hdds-container-service/0.5.0-SNAPSHOT/hadoop-hdds-container-service-0.5.0-SNAPSHOT.jar!/webapps/static,AVAILABLE}
2019-10-21 18:38:54,715 [main] INFO  handler.ContextHandler (ContextHandler.java:doStart(781)) - Started o.e.j.w.WebAppContext@2f37f1f9{/,file:///tmp/jetty-0.0.0.0-34617-hddsDatanode-_-any-4401760303908225756.dir/webapp/,AVAILABLE}{/hddsDatanode}
2019-10-21 18:38:54,717 [main] INFO  server.AbstractConnector (AbstractConnector.java:doStart(278)) - Started ServerConnector@3374b5bc{HTTP/1.1,[http/1.1]}{0.0.0.0:34617}
2019-10-21 18:38:54,718 [main] INFO  server.Server (Server.java:doStart(419)) - Started @4921ms
2019-10-21 18:38:54,718 [main] WARN  impl.MetricsSystemImpl (MetricsSystemImpl.java:register(276)) - Sink prometheus already exists!
2019-10-21 18:38:54,720 [main] INFO  server.BaseHttpServer (BaseHttpServer.java:updateConnectorAddress(215)) - HTTP server of HDDSDATANODE is listening at http://0.0.0.0:34617
2019-10-21 18:38:54,720 [main] INFO  impl.MetricsSystemImpl (MetricsSystemImpl.java:init(158)) - HddsDatanode metrics system started (again)
2019-10-21 18:38:54,723 [main] INFO  ozone.HddsDatanodeService (HddsDatanodeService.java:start(184)) - HddsDatanodeService host:pr-hdds-2340-skh4f-3510823728 ip:192.168.69.123
2019-10-21 18:38:54,723 [org.apache.hadoop.util.JvmPauseMonitor$Monitor@5a100ff8] INFO  util.JvmPauseMonitor (JvmPauseMonitor.java:run(188)) - Starting JVM pause monitor
2019-10-21 18:38:54,733 [main] INFO  volume.HddsVolume (HddsVolume.java:<init>(176)) - Creating Volume: /workdir/hadoop-ozone/integration-test/target/test-dir/MiniOzoneClusterImpl-73360a76-796f-4047-87d4-3c41f9cd92df/datanode-2/data/containers/hdds of  storage type : DISK and capacity : 1482555576320
2019-10-21 18:38:54,733 [main] INFO  volume.VolumeSet (VolumeSet.java:initializeVolumeSet(170)) - Added Volume : /workdir/hadoop-ozone/integration-test/target/test-dir/MiniOzoneClusterImpl-73360a76-796f-4047-87d4-3c41f9cd92df/datanode-2/data/containers/hdds to VolumeSet
2019-10-21 18:38:54,733 [main] INFO  volume.ThrottledAsyncChecker (ThrottledAsyncChecker.java:schedule(141)) - Scheduling a check for /workdir/hadoop-ozone/integration-test/target/test-dir/MiniOzoneClusterImpl-73360a76-796f-4047-87d4-3c41f9cd92df/datanode-2/data/containers/hdds
2019-10-21 18:38:54,734 [main] INFO  volume.HddsVolumeChecker (HddsVolumeChecker.java:checkAllVolumes(204)) - Scheduled health check for volume /workdir/hadoop-ozone/integration-test/target/test-dir/MiniOzoneClusterImpl-73360a76-796f-4047-87d4-3c41f9cd92df/datanode-2/data/containers/hdds
2019-10-21 18:38:54,748 [main] INFO  impl.RaftServerProxy (ConfUtils.java:logGet(43)) - raft.rpc.type = GRPC (default)
2019-10-21 18:38:54,748 [main] INFO  grpc.GrpcFactory (GrpcFactory.java:checkPooledByteBufAllocatorUseCacheForAllThreads(45)) - PERFORMANCE WARNING: useCacheForAllThreads is true that may cause Netty to create a lot garbage objects and, as a result, trigger GC.
	It is recommended to disable useCacheForAllThreads by setting -Dorg.apache.ratis.thirdparty.io.netty.allocator.useCacheForAllThreads=false in command line.
2019-10-21 18:38:54,748 [main] INFO  grpc.GrpcConfigKeys$Server (ConfUtils.java:logGet(43)) - raft.grpc.server.port = 0 (default)
2019-10-21 18:38:54,749 [main] INFO  server.GrpcService (ConfUtils.java:logGet(43)) - raft.grpc.message.size.max = 33570816 (custom)
2019-10-21 18:38:54,749 [main] INFO  server.RaftServerConfigKeys (ConfUtils.java:logGet(43)) - raft.server.log.appender.buffer.byte-limit = 33554432 (custom)
2019-10-21 18:38:54,749 [main] INFO  server.GrpcService (ConfUtils.java:logGet(43)) - raft.grpc.flow.control.window = 1MB (=1048576) (default)
2019-10-21 18:38:54,749 [main] INFO  server.RaftServerConfigKeys (ConfUtils.java:logGet(43)) - raft.server.rpc.request.timeout = 3000ms (default)
2019-10-21 18:38:54,750 [main] INFO  server.RaftServerConfigKeys (ConfUtils.java:logGet(43)) - raft.server.storage.dir = [/workdir/hadoop-ozone/integration-test/target/test-dir/MiniOzoneClusterImpl-73360a76-796f-4047-87d4-3c41f9cd92df/datanode-2/data/ratis] (custom)
2019-10-21 18:38:54,752 [main] INFO  hdfs.DFSUtil (DFSUtil.java:httpServerTemplateForNNAndJN(1641)) - Starting Web-server for hddsDatanode at: http://0.0.0.0:0
2019-10-21 18:38:54,754 [main] INFO  server.AuthenticationFilter (AuthenticationFilter.java:constructSecretProvider(240)) - Unable to initialize FileSignerSecretProvider, falling back to use random secrets.
2019-10-21 18:38:54,754 [main] WARN  http.HttpRequestLog (HttpRequestLog.java:getRequestLog(97)) - Jetty request log can only be enabled using Log4j
2019-10-21 18:38:54,756 [main] INFO  http.HttpServer2 (HttpServer2.java:addGlobalFilter(975)) - Added global filter 'safety' (class=org.apache.hadoop.http.HttpServer2$QuotingInputFilter)
2019-10-21 18:38:54,757 [main] INFO  http.HttpServer2 (HttpServer2.java:addFilter(948)) - Added filter static_user_filter (class=org.apache.hadoop.http.lib.StaticUserWebFilter$StaticUserFilter) to context hddsDatanode
2019-10-21 18:38:54,757 [main] INFO  http.HttpServer2 (HttpServer2.java:addFilter(958)) - Added filter static_user_filter (class=org.apache.hadoop.http.lib.StaticUserWebFilter$StaticUserFilter) to context static
2019-10-21 18:38:54,757 [main] INFO  http.HttpServer2 (HttpServer2.java:addFilter(958)) - Added filter static_user_filter (class=org.apache.hadoop.http.lib.StaticUserWebFilter$StaticUserFilter) to context logs
2019-10-21 18:38:54,758 [main] INFO  http.HttpServer2 (HttpServer2.java:bindListener(1191)) - Jetty bound to port 33473
2019-10-21 18:38:54,758 [main] INFO  server.Server (Server.java:doStart(351)) - jetty-9.3.25.v20180904, build timestamp: 2018-09-04T21:11:46Z, git hash: 3ce520221d0240229c862b122d2b06c12a625732
2019-10-21 18:38:54,762 [main] INFO  handler.ContextHandler (ContextHandler.java:doStart(781)) - Started o.e.j.s.ServletContextHandler@1229a2b7{/logs,file:///workdir/hadoop-ozone/integration-test/target/log,AVAILABLE}
2019-10-21 18:38:54,762 [main] INFO  handler.ContextHandler (ContextHandler.java:doStart(781)) - Started o.e.j.s.ServletContextHandler@51c959a4{/static,jar:file:/home/user/.m2/repository/org/apache/hadoop/hadoop-hdds-container-service/0.5.0-SNAPSHOT/hadoop-hdds-container-service-0.5.0-SNAPSHOT.jar!/webapps/static,AVAILABLE}
2019-10-21 18:38:54,762 [Datanode State Machine Thread - 0] INFO  datanode.InitDatanodeState (InitDatanodeState.java:persistContainerDatanodeDetails(140)) - DatanodeDetails is persisted to /workdir/hadoop-ozone/integration-test/target/test-dir/MiniOzoneClusterImpl-73360a76-796f-4047-87d4-3c41f9cd92df/datanode-0/meta/datanode.id
2019-10-21 18:38:54,766 [Datanode State Machine Thread - 0] INFO  datanode.InitDatanodeState (InitDatanodeState.java:persistContainerDatanodeDetails(140)) - DatanodeDetails is persisted to /workdir/hadoop-ozone/integration-test/target/test-dir/MiniOzoneClusterImpl-73360a76-796f-4047-87d4-3c41f9cd92df/datanode-1/meta/datanode.id
2019-10-21 18:38:54,797 [main] INFO  handler.ContextHandler (ContextHandler.java:doStart(781)) - Started o.e.j.w.WebAppContext@75ae4a1f{/,file:///tmp/jetty-0.0.0.0-33473-hddsDatanode-_-any-1484418404983542050.dir/webapp/,AVAILABLE}{/hddsDatanode}
2019-10-21 18:38:54,798 [main] INFO  server.AbstractConnector (AbstractConnector.java:doStart(278)) - Started ServerConnector@70228253{HTTP/1.1,[http/1.1]}{0.0.0.0:33473}
2019-10-21 18:38:54,802 [main] INFO  server.Server (Server.java:doStart(419)) - Started @5003ms
2019-10-21 18:38:54,802 [main] WARN  impl.MetricsSystemImpl (MetricsSystemImpl.java:register(276)) - Sink prometheus already exists!
2019-10-21 18:38:54,804 [main] INFO  server.BaseHttpServer (BaseHttpServer.java:updateConnectorAddress(215)) - HTTP server of HDDSDATANODE is listening at http://0.0.0.0:33473
2019-10-21 18:38:54,806 [main] INFO  ozone.MiniOzoneClusterImpl (MiniOzoneClusterImpl.java:lambda$waitForClusterToBeReady$0(147)) - Waiting for cluster to be ready. Got 0 of 3 DN Heartbeats.
2019-10-21 18:38:54,807 [org.apache.hadoop.util.JvmPauseMonitor$Monitor@22defeed] INFO  util.JvmPauseMonitor (JvmPauseMonitor.java:run(188)) - Starting JVM pause monitor
2019-10-21 18:38:54,810 [Datanode State Machine Thread - 0] INFO  datanode.InitDatanodeState (InitDatanodeState.java:persistContainerDatanodeDetails(140)) - DatanodeDetails is persisted to /workdir/hadoop-ozone/integration-test/target/test-dir/MiniOzoneClusterImpl-73360a76-796f-4047-87d4-3c41f9cd92df/datanode-2/meta/datanode.id
2019-10-21 18:38:55,806 [main] INFO  ozone.MiniOzoneClusterImpl (MiniOzoneClusterImpl.java:lambda$waitForClusterToBeReady$0(147)) - Waiting for cluster to be ready. Got 0 of 3 DN Heartbeats.
2019-10-21 18:38:56,731 [Datanode State Machine Thread - 0] INFO  ozoneimpl.OzoneContainer (OzoneContainer.java:start(213)) - Attempting to start container services.
2019-10-21 18:38:56,731 [Datanode State Machine Thread - 0] INFO  ozoneimpl.OzoneContainer (OzoneContainer.java:start(213)) - Attempting to start container services.
2019-10-21 18:38:56,735 [Datanode State Machine Thread - 0] INFO  ozoneimpl.OzoneContainer (OzoneContainer.java:startContainerScrub(177)) - Background container scanner has been disabled.
2019-10-21 18:38:56,735 [Datanode State Machine Thread - 0] INFO  ratis.XceiverServerRatis (XceiverServerRatis.java:start(418)) - Starting XceiverServerRatis 0ae462f6-a5e4-462b-9a24-121d451bcbc9 at port 0
2019-10-21 18:38:56,735 [Datanode State Machine Thread - 0] INFO  ozoneimpl.OzoneContainer (OzoneContainer.java:startContainerScrub(177)) - Background container scanner has been disabled.
2019-10-21 18:38:56,735 [Datanode State Machine Thread - 0] INFO  ratis.XceiverServerRatis (XceiverServerRatis.java:start(418)) - Starting XceiverServerRatis 1417b996-b29d-4b85-9617-279817c9415e at port 0
2019-10-21 18:38:56,760 [Datanode State Machine Thread - 0] INFO  impl.RaftServerProxy (RaftServerProxy.java:lambda$start$3(299)) - 0ae462f6-a5e4-462b-9a24-121d451bcbc9: start RPC server
2019-10-21 18:38:56,760 [Datanode State Machine Thread - 0] INFO  impl.RaftServerProxy (RaftServerProxy.java:lambda$start$3(299)) - 1417b996-b29d-4b85-9617-279817c9415e: start RPC server
2019-10-21 18:38:56,807 [main] INFO  ozone.MiniOzoneClusterImpl (MiniOzoneClusterImpl.java:lambda$waitForClusterToBeReady$0(147)) - Waiting for cluster to be ready. Got 0 of 3 DN Heartbeats.
2019-10-21 18:38:56,828 [Datanode State Machine Thread - 0] INFO  ozoneimpl.OzoneContainer (OzoneContainer.java:start(213)) - Attempting to start container services.
2019-10-21 18:38:56,833 [Datanode State Machine Thread - 0] INFO  ozoneimpl.OzoneContainer (OzoneContainer.java:startContainerScrub(177)) - Background container scanner has been disabled.
2019-10-21 18:38:56,833 [Datanode State Machine Thread - 0] INFO  ratis.XceiverServerRatis (XceiverServerRatis.java:start(418)) - Starting XceiverServerRatis 52ea385b-513a-41c9-81e3-3ab71399b638 at port 0
2019-10-21 18:38:56,840 [Datanode State Machine Thread - 0] INFO  impl.RaftServerProxy (RaftServerProxy.java:lambda$start$3(299)) - 52ea385b-513a-41c9-81e3-3ab71399b638: start RPC server
2019-10-21 18:38:56,920 [Datanode State Machine Thread - 0] INFO  server.GrpcService (GrpcService.java:startImpl(158)) - 52ea385b-513a-41c9-81e3-3ab71399b638: GrpcService started, listening on 0.0.0.0/0.0.0.0:37619
2019-10-21 18:38:56,920 [Datanode State Machine Thread - 0] INFO  server.GrpcService (GrpcService.java:startImpl(158)) - 1417b996-b29d-4b85-9617-279817c9415e: GrpcService started, listening on 0.0.0.0/0.0.0.0:46747
2019-10-21 18:38:56,920 [Datanode State Machine Thread - 0] INFO  server.GrpcService (GrpcService.java:startImpl(158)) - 0ae462f6-a5e4-462b-9a24-121d451bcbc9: GrpcService started, listening on 0.0.0.0/0.0.0.0:38247
2019-10-21 18:38:56,921 [Datanode State Machine Thread - 0] INFO  ratis.XceiverServerRatis (XceiverServerRatis.java:start(428)) - XceiverServerRatis 1417b996-b29d-4b85-9617-279817c9415e is started using port 46747
2019-10-21 18:38:56,921 [Datanode State Machine Thread - 0] INFO  ratis.XceiverServerRatis (XceiverServerRatis.java:start(428)) - XceiverServerRatis 52ea385b-513a-41c9-81e3-3ab71399b638 is started using port 37619
2019-10-21 18:38:56,921 [Datanode State Machine Thread - 0] INFO  ratis.XceiverServerRatis (XceiverServerRatis.java:start(428)) - XceiverServerRatis 0ae462f6-a5e4-462b-9a24-121d451bcbc9 is started using port 38247
2019-10-21 18:38:56,925 [Datanode State Machine Thread - 0] INFO  server.XceiverServerGrpc (XceiverServerGrpc.java:start(149)) - XceiverServerGrpc 1417b996-b29d-4b85-9617-279817c9415e is started using port 35587
2019-10-21 18:38:56,925 [Datanode State Machine Thread - 0] INFO  server.XceiverServerGrpc (XceiverServerGrpc.java:start(149)) - XceiverServerGrpc 0ae462f6-a5e4-462b-9a24-121d451bcbc9 is started using port 37254
2019-10-21 18:38:56,925 [Datanode State Machine Thread - 0] INFO  server.XceiverServerGrpc (XceiverServerGrpc.java:start(149)) - XceiverServerGrpc 52ea385b-513a-41c9-81e3-3ab71399b638 is started using port 44483
2019-10-21 18:38:57,808 [main] INFO  ozone.MiniOzoneClusterImpl (MiniOzoneClusterImpl.java:lambda$waitForClusterToBeReady$0(147)) - Waiting for cluster to be ready. Got 0 of 3 DN Heartbeats.
2019-10-21 18:38:58,700 [IPC Server handler 1 on 44666] INFO  net.NetworkTopology (NetworkTopologyImpl.java:add(111)) - Added a new node: /default-rack/1417b996-b29d-4b85-9617-279817c9415e
2019-10-21 18:38:58,705 [IPC Server handler 1 on 44666] INFO  node.SCMNodeManager (SCMNodeManager.java:register(268)) - Registered Data node : 1417b996-b29d-4b85-9617-279817c9415e{ip: 192.168.69.123, host: pr-hdds-2340-skh4f-3510823728, networkLocation: /default-rack, certSerialId: null}
2019-10-21 18:38:58,712 [EventQueue-NodeRegistrationContainerReportForDataNodeSafeModeRule] INFO  safemode.SCMSafeModeManager (DataNodeSafeModeRule.java:process(71)) - SCM in safe mode. 1 DataNodes registered, 1 required.
2019-10-21 18:38:58,713 [EventQueue-NodeRegistrationContainerReportForDataNodeSafeModeRule] INFO  safemode.SCMSafeModeManager (SCMSafeModeManager.java:validateSafeModeExitRules(177)) - ScmSafeModeManager, all rules are successfully validated
2019-10-21 18:38:58,713 [EventQueue-NodeRegistrationContainerReportForDataNodeSafeModeRule] INFO  safemode.SCMSafeModeManager (SCMSafeModeManager.java:exitSafeMode(193)) - SCM exiting safe mode.
2019-10-21 18:38:58,728 [IPC Server handler 2 on 44666] INFO  net.NetworkTopology (NetworkTopologyImpl.java:add(111)) - Added a new node: /default-rack/0ae462f6-a5e4-462b-9a24-121d451bcbc9
2019-10-21 18:38:58,728 [IPC Server handler 2 on 44666] INFO  node.SCMNodeManager (SCMNodeManager.java:register(268)) - Registered Data node : 0ae462f6-a5e4-462b-9a24-121d451bcbc9{ip: 192.168.69.123, host: pr-hdds-2340-skh4f-3510823728, networkLocation: /default-rack, certSerialId: null}
2019-10-21 18:38:58,809 [main] INFO  ozone.MiniOzoneClusterImpl (MiniOzoneClusterImpl.java:lambda$waitForClusterToBeReady$0(147)) - Waiting for cluster to be ready. Got 2 of 3 DN Heartbeats.
2019-10-21 18:38:58,810 [IPC Server handler 3 on 44666] INFO  net.NetworkTopology (NetworkTopologyImpl.java:add(111)) - Added a new node: /default-rack/52ea385b-513a-41c9-81e3-3ab71399b638
2019-10-21 18:38:58,811 [IPC Server handler 3 on 44666] INFO  node.SCMNodeManager (SCMNodeManager.java:register(268)) - Registered Data node : 52ea385b-513a-41c9-81e3-3ab71399b638{ip: 192.168.69.123, host: pr-hdds-2340-skh4f-3510823728, networkLocation: /default-rack, certSerialId: null}
2019-10-21 18:38:59,233 [grpc-default-executor-0] INFO  impl.RaftServerProxy (RaftServerProxy.java:addNew(89)) - 1417b996-b29d-4b85-9617-279817c9415e: addNew group-E7A756E52CFA:[1417b996-b29d-4b85-9617-279817c9415e:192.168.69.123:46747] returns group-E7A756E52CFA:java.util.concurrent.CompletableFuture@6eef8e9f[Not completed]
2019-10-21 18:38:59,245 [pool-27-thread-1] INFO  impl.RaftServerImpl (RaftServerImpl.java:<init>(98)) - 1417b996-b29d-4b85-9617-279817c9415e: new RaftServerImpl for group-E7A756E52CFA:[1417b996-b29d-4b85-9617-279817c9415e:192.168.69.123:46747] with ContainerStateMachine:uninitialized
2019-10-21 18:38:59,248 [pool-27-thread-1] INFO  server.RaftServerConfigKeys (ConfUtils.java:logGet(43)) - raft.server.rpc.timeout.min = 5s (custom)
2019-10-21 18:38:59,249 [pool-27-thread-1] INFO  server.RaftServerConfigKeys (ConfUtils.java:logGet(43)) - raft.server.rpc.timeout.max = 5200ms (custom)
2019-10-21 18:38:59,249 [pool-27-thread-1] INFO  server.RaftServerConfigKeys (ConfUtils.java:logGet(43)) - raft.server.rpcslowness.timeout = 1000s (custom)
2019-10-21 18:38:59,250 [pool-27-thread-1] INFO  server.RaftServerConfigKeys (ConfUtils.java:logGet(43)) - raft.server.sleep.deviation.threshold = 300 (default)
2019-10-21 18:38:59,251 [pool-27-thread-1] INFO  server.RaftServerConfigKeys (ConfUtils.java:logGet(43)) - raft.server.log.appender.install.snapshot.enabled = false (custom)
2019-10-21 18:38:59,258 [pool-27-thread-1] INFO  impl.RaftServerImpl (ServerState.java:<init>(103)) - 1417b996-b29d-4b85-9617-279817c9415e@group-E7A756E52CFA: ConfigurationManager, init=-1: [1417b996-b29d-4b85-9617-279817c9415e:192.168.69.123:46747], old=null, confs=<EMPTY_MAP>
2019-10-21 18:38:59,258 [pool-27-thread-1] INFO  server.RaftServerConfigKeys (ConfUtils.java:logGet(43)) - raft.server.storage.dir = [/workdir/hadoop-ozone/integration-test/target/test-dir/MiniOzoneClusterImpl-73360a76-796f-4047-87d4-3c41f9cd92df/datanode-0/data/ratis] (custom)
2019-10-21 18:38:59,264 [pool-27-thread-1] INFO  server.RaftServerConfigKeys (ConfUtils.java:logGet(43)) - raft.server.log.corruption.policy = EXCEPTION (default)
2019-10-21 18:38:59,266 [pool-27-thread-1] INFO  storage.RaftStorageDirectory (RaftStorageDirectory.java:analyzeStorage(246)) - The storage directory /workdir/hadoop-ozone/integration-test/target/test-dir/MiniOzoneClusterImpl-73360a76-796f-4047-87d4-3c41f9cd92df/datanode-0/data/ratis/85500043-c659-4ef8-855d-e7a756e52cfa does not exist. Creating ...
2019-10-21 18:38:59,284 [pool-27-thread-1] INFO  storage.RaftStorageDirectory (RaftStorageDirectory.java:tryLock(328)) - Lock on /workdir/hadoop-ozone/integration-test/target/test-dir/MiniOzoneClusterImpl-73360a76-796f-4047-87d4-3c41f9cd92df/datanode-0/data/ratis/85500043-c659-4ef8-855d-e7a756e52cfa/in_use.lock acquired by nodename 6609@pr-hdds-2340-skh4f-3510823728
2019-10-21 18:38:59,300 [pool-27-thread-1] INFO  storage.RaftStorage (RaftStorage.java:format(84)) - Storage directory /workdir/hadoop-ozone/integration-test/target/test-dir/MiniOzoneClusterImpl-73360a76-796f-4047-87d4-3c41f9cd92df/datanode-0/data/ratis/85500043-c659-4ef8-855d-e7a756e52cfa has been successfully formatted.
2019-10-21 18:38:59,302 [pool-27-thread-1] INFO  ratis.ContainerStateMachine (ContainerStateMachine.java:loadSnapshot(231)) - group-E7A756E52CFA: The snapshot info is null. Setting the last applied indexto:(t:0, i:~)
2019-10-21 18:38:59,302 [pool-27-thread-1] INFO  server.RaftServerConfigKeys (ConfUtils.java:logGet(43)) - raft.server.notification.no-leader.timeout = 1000s (custom)
2019-10-21 18:38:59,304 [pool-27-thread-1] INFO  server.RaftServerConfigKeys (ConfUtils.java:logGet(43)) - raft.server.log.use.memory = false (default)
2019-10-21 18:38:59,309 [pool-27-thread-1] INFO  server.RaftServerConfigKeys (ConfUtils.java:logGet(43)) - raft.server.log.purge.gap = 1000000 (custom)
2019-10-21 18:38:59,309 [pool-27-thread-1] INFO  server.RaftServerConfigKeys (ConfUtils.java:logGet(43)) - raft.server.log.appender.buffer.byte-limit = 33554432 (custom)
2019-10-21 18:38:59,311 [pool-27-thread-1] INFO  server.RaftServerConfigKeys (ConfUtils.java:logGet(43)) - raft.server.log.segment.size.max = 1048576 (custom)
2019-10-21 18:38:59,315 [pool-27-thread-1] INFO  metrics.MetricRegistries (MetricRegistriesLoader.java:load(64)) - Loaded MetricRegistries class org.apache.ratis.metrics.impl.MetricRegistriesImpl
2019-10-21 18:38:59,318 [pool-27-thread-1] WARN  impl.MetricRegistriesImpl (MetricRegistriesImpl.java:lambda$create$1(61)) - First MetricRegistry has been created without registering reporters. You may need to call MetricRegistries.global().addReportRegistration(...) before.
2019-10-21 18:38:59,326 [pool-27-thread-1] INFO  server.RaftServerConfigKeys (ConfUtils.java:logGet(43)) - raft.server.log.segment.cache.num.max = 2 (custom)
2019-10-21 18:38:59,330 [pool-27-thread-1] INFO  segmented.SegmentedRaftLogWorker (SegmentedRaftLogWorker.java:<init>(173)) - new 1417b996-b29d-4b85-9617-279817c9415e@group-E7A756E52CFA-SegmentedRaftLogWorker for RaftStorage:Storage Directory /workdir/hadoop-ozone/integration-test/target/test-dir/MiniOzoneClusterImpl-73360a76-796f-4047-87d4-3c41f9cd92df/datanode-0/data/ratis/85500043-c659-4ef8-855d-e7a756e52cfa
2019-10-21 18:38:59,331 [pool-27-thread-1] INFO  server.RaftServerConfigKeys (ConfUtils.java:logGet(43)) - raft.server.log.queue.byte-limit = 2147483647 (custom)
2019-10-21 18:38:59,331 [pool-27-thread-1] INFO  server.RaftServerConfigKeys (ConfUtils.java:logGet(43)) - raft.server.log.queue.element-limit = 1024 (custom)
2019-10-21 18:38:59,332 [pool-27-thread-1] INFO  server.RaftServerConfigKeys (ConfUtils.java:logGet(43)) - raft.server.log.segment.size.max = 1048576 (custom)
2019-10-21 18:38:59,333 [pool-27-thread-1] INFO  server.RaftServerConfigKeys (ConfUtils.java:logGet(43)) - raft.server.log.preallocated.size = 16384 (custom)
2019-10-21 18:38:59,333 [pool-27-thread-1] INFO  server.RaftServerConfigKeys (ConfUtils.java:logGet(43)) - raft.server.log.write.buffer.size = 33554432 (custom)
2019-10-21 18:38:59,334 [pool-27-thread-1] INFO  server.RaftServerConfigKeys (ConfUtils.java:logGet(43)) - raft.server.log.force.sync.num = 128 (default)
2019-10-21 18:38:59,335 [pool-27-thread-1] INFO  server.RaftServerConfigKeys (ConfUtils.java:logGet(43)) - raft.server.log.statemachine.data.sync = true (default)
2019-10-21 18:38:59,335 [pool-27-thread-1] INFO  server.RaftServerConfigKeys (ConfUtils.java:logGet(43)) - raft.server.log.statemachine.data.sync.timeout = 10s (default)
2019-10-21 18:38:59,335 [pool-27-thread-1] INFO  server.RaftServerConfigKeys (ConfUtils.java:logGet(43)) - raft.server.log.statemachine.data.sync.timeout.retry = -1 (default)
2019-10-21 18:38:59,343 [pool-27-thread-1] INFO  server.RaftServerConfigKeys (ConfUtils.java:logGet(43)) - raft.server.log.statemachine.data.caching.enabled = true (custom)
2019-10-21 18:38:59,347 [pool-27-thread-1] INFO  segmented.SegmentedRaftLogWorker (SegmentedRaftLogWorker.java:lambda$new$0(128)) - 1417b996-b29d-4b85-9617-279817c9415e@group-E7A756E52CFA-SegmentedRaftLogWorker: flushIndex: setUnconditionally 0 -> -1
2019-10-21 18:38:59,350 [pool-27-thread-1] INFO  server.RaftServerConfigKeys (ConfUtils.java:logGet(43)) - raft.server.snapshot.auto.trigger.enabled = true (custom)
2019-10-21 18:38:59,351 [pool-27-thread-1] INFO  server.RaftServerConfigKeys (ConfUtils.java:logGet(43)) - raft.server.snapshot.auto.trigger.threshold = 10000 (custom)
2019-10-21 18:38:59,351 [pool-27-thread-1] INFO  server.RaftServerConfigKeys (ConfUtils.java:logGet(43)) - raft.server.snapshot.retention.file.num = 5 (custom)
2019-10-21 18:38:59,352 [pool-27-thread-1] INFO  server.RaftServerConfigKeys (ConfUtils.java:logGet(43)) - raft.server.retrycache.expirytime = 600000ms (custom)
2019-10-21 18:38:59,367 [pool-27-thread-1] WARN  impl.MetricRegistriesImpl (MetricRegistriesImpl.java:lambda$create$1(61)) - First MetricRegistry has been created without registering reporters. You may need to call MetricRegistries.global().addReportRegistration(...) before.
2019-10-21 18:38:59,368 [pool-27-thread-1] WARN  impl.MetricRegistriesImpl (MetricRegistriesImpl.java:lambda$create$1(61)) - First MetricRegistry has been created without registering reporters. You may need to call MetricRegistries.global().addReportRegistration(...) before.
2019-10-21 18:38:59,370 [pool-27-thread-1] INFO  impl.RaftServerImpl (RaftServerImpl.java:start(184)) - 1417b996-b29d-4b85-9617-279817c9415e@group-E7A756E52CFA: start as a follower, conf=-1: [1417b996-b29d-4b85-9617-279817c9415e:192.168.69.123:46747], old=null
2019-10-21 18:38:59,371 [pool-27-thread-1] INFO  impl.RaftServerImpl (RaftServerImpl.java:setRole(173)) - 1417b996-b29d-4b85-9617-279817c9415e@group-E7A756E52CFA: changes role from      null to FOLLOWER at term 0 for startAsFollower
2019-10-21 18:38:59,372 [pool-27-thread-1] INFO  impl.RoleInfo (RoleInfo.java:updateAndGet(143)) - 1417b996-b29d-4b85-9617-279817c9415e: start FollowerState
2019-10-21 18:38:59,373 [pool-27-thread-1] INFO  util.JmxRegister (JmxRegister.java:tryRegister(44)) - Successfully registered JMX Bean with object name Ratis:service=RaftServer,group=group-E7A756E52CFA,id=1417b996-b29d-4b85-9617-279817c9415e
2019-10-21 18:38:59,375 [pool-27-thread-1] WARN  impl.MetricRegistriesImpl (MetricRegistriesImpl.java:lambda$create$1(61)) - First MetricRegistry has been created without registering reporters. You may need to call MetricRegistries.global().addReportRegistration(...) before.
2019-10-21 18:38:59,432 [RatisPipelineUtilsThread] INFO  pipeline.PipelineStateManager (PipelineStateManager.java:addPipeline(56)) - Created pipeline Pipeline[ Id: 85500043-c659-4ef8-855d-e7a756e52cfa, Nodes: 1417b996-b29d-4b85-9617-279817c9415e{ip: 192.168.69.123, host: pr-hdds-2340-skh4f-3510823728, networkLocation: /default-rack, certSerialId: null}, Type:RATIS, Factor:ONE, State:OPEN]
2019-10-21 18:38:59,448 [grpc-default-executor-0] INFO  impl.RaftServerProxy (RaftServerProxy.java:addNew(89)) - 0ae462f6-a5e4-462b-9a24-121d451bcbc9: addNew group-1A4FCE6EDBEE:[0ae462f6-a5e4-462b-9a24-121d451bcbc9:192.168.69.123:38247] returns group-1A4FCE6EDBEE:java.util.concurrent.CompletableFuture@2c97dc80[Not completed]
2019-10-21 18:38:59,462 [pool-37-thread-1] INFO  impl.RaftServerImpl (RaftServerImpl.java:<init>(98)) - 0ae462f6-a5e4-462b-9a24-121d451bcbc9: new RaftServerImpl for group-1A4FCE6EDBEE:[0ae462f6-a5e4-462b-9a24-121d451bcbc9:192.168.69.123:38247] with ContainerStateMachine:uninitialized
2019-10-21 18:38:59,463 [pool-37-thread-1] INFO  server.RaftServerConfigKeys (ConfUtils.java:logGet(43)) - raft.server.rpc.timeout.min = 5s (custom)
2019-10-21 18:38:59,464 [pool-37-thread-1] INFO  server.RaftServerConfigKeys (ConfUtils.java:logGet(43)) - raft.server.rpc.timeout.max = 5200ms (custom)
2019-10-21 18:38:59,464 [pool-37-thread-1] INFO  server.RaftServerConfigKeys (ConfUtils.java:logGet(43)) - raft.server.rpcslowness.timeout = 1000s (custom)
2019-10-21 18:38:59,464 [pool-37-thread-1] INFO  server.RaftServerConfigKeys (ConfUtils.java:logGet(43)) - raft.server.sleep.deviation.threshold = 300 (default)
2019-10-21 18:38:59,464 [pool-37-thread-1] INFO  server.RaftServerConfigKeys (ConfUtils.java:logGet(43)) - raft.server.log.appender.install.snapshot.enabled = false (custom)
2019-10-21 18:38:59,464 [pool-37-thread-1] INFO  impl.RaftServerImpl (ServerState.java:<init>(103)) - 0ae462f6-a5e4-462b-9a24-121d451bcbc9@group-1A4FCE6EDBEE: ConfigurationManager, init=-1: [0ae462f6-a5e4-462b-9a24-121d451bcbc9:192.168.69.123:38247], old=null, confs=<EMPTY_MAP>
2019-10-21 18:38:59,465 [pool-37-thread-1] INFO  server.RaftServerConfigKeys (ConfUtils.java:logGet(43)) - raft.server.storage.dir = [/workdir/hadoop-ozone/integration-test/target/test-dir/MiniOzoneClusterImpl-73360a76-796f-4047-87d4-3c41f9cd92df/datanode-1/data/ratis] (custom)
2019-10-21 18:38:59,465 [pool-37-thread-1] INFO  server.RaftServerConfigKeys (ConfUtils.java:logGet(43)) - raft.server.log.corruption.policy = EXCEPTION (default)
2019-10-21 18:38:59,465 [pool-37-thread-1] INFO  storage.RaftStorageDirectory (RaftStorageDirectory.java:analyzeStorage(246)) - The storage directory /workdir/hadoop-ozone/integration-test/target/test-dir/MiniOzoneClusterImpl-73360a76-796f-4047-87d4-3c41f9cd92df/datanode-1/data/ratis/f4b46862-0b90-4985-b4d5-1a4fce6edbee does not exist. Creating ...
2019-10-21 18:38:59,479 [pool-37-thread-1] INFO  storage.RaftStorageDirectory (RaftStorageDirectory.java:tryLock(328)) - Lock on /workdir/hadoop-ozone/integration-test/target/test-dir/MiniOzoneClusterImpl-73360a76-796f-4047-87d4-3c41f9cd92df/datanode-1/data/ratis/f4b46862-0b90-4985-b4d5-1a4fce6edbee/in_use.lock acquired by nodename 6609@pr-hdds-2340-skh4f-3510823728
2019-10-21 18:38:59,493 [pool-37-thread-1] INFO  storage.RaftStorage (RaftStorage.java:format(84)) - Storage directory /workdir/hadoop-ozone/integration-test/target/test-dir/MiniOzoneClusterImpl-73360a76-796f-4047-87d4-3c41f9cd92df/datanode-1/data/ratis/f4b46862-0b90-4985-b4d5-1a4fce6edbee has been successfully formatted.
2019-10-21 18:38:59,494 [pool-37-thread-1] INFO  ratis.ContainerStateMachine (ContainerStateMachine.java:loadSnapshot(231)) - group-1A4FCE6EDBEE: The snapshot info is null. Setting the last applied indexto:(t:0, i:~)
2019-10-21 18:38:59,495 [pool-37-thread-1] INFO  server.RaftServerConfigKeys (ConfUtils.java:logGet(43)) - raft.server.notification.no-leader.timeout = 1000s (custom)
2019-10-21 18:38:59,495 [pool-37-thread-1] INFO  server.RaftServerConfigKeys (ConfUtils.java:logGet(43)) - raft.server.log.use.memory = false (default)
2019-10-21 18:38:59,495 [pool-37-thread-1] INFO  server.RaftServerConfigKeys (ConfUtils.java:logGet(43)) - raft.server.log.purge.gap = 1000000 (custom)
2019-10-21 18:38:59,495 [pool-37-thread-1] INFO  server.RaftServerConfigKeys (ConfUtils.java:logGet(43)) - raft.server.log.appender.buffer.byte-limit = 33554432 (custom)
2019-10-21 18:38:59,495 [pool-37-thread-1] INFO  server.RaftServerConfigKeys (ConfUtils.java:logGet(43)) - raft.server.log.segment.size.max = 1048576 (custom)
2019-10-21 18:38:59,495 [pool-37-thread-1] WARN  impl.MetricRegistriesImpl (MetricRegistriesImpl.java:lambda$create$1(61)) - First MetricRegistry has been created without registering reporters. You may need to call MetricRegistries.global().addReportRegistration(...) before.
2019-10-21 18:38:59,496 [pool-37-thread-1] INFO  server.RaftServerConfigKeys (ConfUtils.java:logGet(43)) - raft.server.log.segment.cache.num.max = 2 (custom)
2019-10-21 18:38:59,496 [pool-37-thread-1] INFO  segmented.SegmentedRaftLogWorker (SegmentedRaftLogWorker.java:<init>(173)) - new 0ae462f6-a5e4-462b-9a24-121d451bcbc9@group-1A4FCE6EDBEE-SegmentedRaftLogWorker for RaftStorage:Storage Directory /workdir/hadoop-ozone/integration-test/target/test-dir/MiniOzoneClusterImpl-73360a76-796f-4047-87d4-3c41f9cd92df/datanode-1/data/ratis/f4b46862-0b90-4985-b4d5-1a4fce6edbee
2019-10-21 18:38:59,497 [pool-37-thread-1] INFO  server.RaftServerConfigKeys (ConfUtils.java:logGet(43)) - raft.server.log.queue.byte-limit = 2147483647 (custom)
2019-10-21 18:38:59,497 [pool-37-thread-1] INFO  server.RaftServerConfigKeys (ConfUtils.java:logGet(43)) - raft.server.log.queue.element-limit = 1024 (custom)
2019-10-21 18:38:59,497 [pool-37-thread-1] INFO  server.RaftServerConfigKeys (ConfUtils.java:logGet(43)) - raft.server.log.segment.size.max = 1048576 (custom)
2019-10-21 18:38:59,497 [pool-37-thread-1] INFO  server.RaftServerConfigKeys (ConfUtils.java:logGet(43)) - raft.server.log.preallocated.size = 16384 (custom)
2019-10-21 18:38:59,497 [pool-37-thread-1] INFO  server.RaftServerConfigKeys (ConfUtils.java:logGet(43)) - raft.server.log.write.buffer.size = 33554432 (custom)
2019-10-21 18:38:59,498 [pool-37-thread-1] INFO  server.RaftServerConfigKeys (ConfUtils.java:logGet(43)) - raft.server.log.force.sync.num = 128 (default)
2019-10-21 18:38:59,498 [pool-37-thread-1] INFO  server.RaftServerConfigKeys (ConfUtils.java:logGet(43)) - raft.server.log.statemachine.data.sync = true (default)
2019-10-21 18:38:59,498 [pool-37-thread-1] INFO  server.RaftServerConfigKeys (ConfUtils.java:logGet(43)) - raft.server.log.statemachine.data.sync.timeout = 10s (default)
2019-10-21 18:38:59,498 [pool-37-thread-1] INFO  server.RaftServerConfigKeys (ConfUtils.java:logGet(43)) - raft.server.log.statemachine.data.sync.timeout.retry = -1 (default)
2019-10-21 18:38:59,498 [pool-37-thread-1] INFO  server.RaftServerConfigKeys (ConfUtils.java:logGet(43)) - raft.server.log.statemachine.data.caching.enabled = true (custom)
2019-10-21 18:38:59,499 [pool-37-thread-1] INFO  segmented.SegmentedRaftLogWorker (SegmentedRaftLogWorker.java:lambda$new$0(128)) - 0ae462f6-a5e4-462b-9a24-121d451bcbc9@group-1A4FCE6EDBEE-SegmentedRaftLogWorker: flushIndex: setUnconditionally 0 -> -1
2019-10-21 18:38:59,499 [pool-37-thread-1] INFO  server.RaftServerConfigKeys (ConfUtils.java:logGet(43)) - raft.server.snapshot.auto.trigger.enabled = true (custom)
2019-10-21 18:38:59,499 [pool-37-thread-1] INFO  server.RaftServerConfigKeys (ConfUtils.java:logGet(43)) - raft.server.snapshot.auto.trigger.threshold = 10000 (custom)
2019-10-21 18:38:59,499 [pool-37-thread-1] INFO  server.RaftServerConfigKeys (ConfUtils.java:logGet(43)) - raft.server.snapshot.retention.file.num = 5 (custom)
2019-10-21 18:38:59,500 [pool-37-thread-1] INFO  server.RaftServerConfigKeys (ConfUtils.java:logGet(43)) - raft.server.retrycache.expirytime = 600000ms (custom)
2019-10-21 18:38:59,500 [pool-37-thread-1] WARN  impl.MetricRegistriesImpl (MetricRegistriesImpl.java:lambda$create$1(61)) - First MetricRegistry has been created without registering reporters. You may need to call MetricRegistries.global().addReportRegistration(...) before.
2019-10-21 18:38:59,500 [pool-37-thread-1] WARN  impl.MetricRegistriesImpl (MetricRegistriesImpl.java:lambda$create$1(61)) - First MetricRegistry has been created without registering reporters. You may need to call MetricRegistries.global().addReportRegistration(...) before.
2019-10-21 18:38:59,500 [pool-37-thread-1] INFO  impl.RaftServerImpl (RaftServerImpl.java:start(184)) - 0ae462f6-a5e4-462b-9a24-121d451bcbc9@group-1A4FCE6EDBEE: start as a follower, conf=-1: [0ae462f6-a5e4-462b-9a24-121d451bcbc9:192.168.69.123:38247], old=null
2019-10-21 18:38:59,500 [pool-37-thread-1] INFO  impl.RaftServerImpl (RaftServerImpl.java:setRole(173)) - 0ae462f6-a5e4-462b-9a24-121d451bcbc9@group-1A4FCE6EDBEE: changes role from      null to FOLLOWER at term 0 for startAsFollower
2019-10-21 18:38:59,501 [pool-37-thread-1] INFO  impl.RoleInfo (RoleInfo.java:updateAndGet(143)) - 0ae462f6-a5e4-462b-9a24-121d451bcbc9: start FollowerState
2019-10-21 18:38:59,501 [pool-37-thread-1] INFO  util.JmxRegister (JmxRegister.java:tryRegister(44)) - Successfully registered JMX Bean with object name Ratis:service=RaftServer,group=group-1A4FCE6EDBEE,id=0ae462f6-a5e4-462b-9a24-121d451bcbc9
2019-10-21 18:38:59,502 [pool-37-thread-1] WARN  impl.MetricRegistriesImpl (MetricRegistriesImpl.java:lambda$create$1(61)) - First MetricRegistry has been created without registering reporters. You may need to call MetricRegistries.global().addReportRegistration(...) before.
2019-10-21 18:38:59,512 [RatisPipelineUtilsThread] INFO  pipeline.PipelineStateManager (PipelineStateManager.java:addPipeline(56)) - Created pipeline Pipeline[ Id: f4b46862-0b90-4985-b4d5-1a4fce6edbee, Nodes: 0ae462f6-a5e4-462b-9a24-121d451bcbc9{ip: 192.168.69.123, host: pr-hdds-2340-skh4f-3510823728, networkLocation: /default-rack, certSerialId: null}, Type:RATIS, Factor:ONE, State:OPEN]
2019-10-21 18:38:59,526 [grpc-default-executor-0] INFO  impl.RaftServerProxy (RaftServerProxy.java:addNew(89)) - 52ea385b-513a-41c9-81e3-3ab71399b638: addNew group-CBF3351CBA1E:[52ea385b-513a-41c9-81e3-3ab71399b638:192.168.69.123:37619] returns group-CBF3351CBA1E:java.util.concurrent.CompletableFuture@57dafffe[Not completed]
2019-10-21 18:38:59,537 [pool-47-thread-1] INFO  impl.RaftServerImpl (RaftServerImpl.java:<init>(98)) - 52ea385b-513a-41c9-81e3-3ab71399b638: new RaftServerImpl for group-CBF3351CBA1E:[52ea385b-513a-41c9-81e3-3ab71399b638:192.168.69.123:37619] with ContainerStateMachine:uninitialized
2019-10-21 18:38:59,537 [pool-47-thread-1] INFO  server.RaftServerConfigKeys (ConfUtils.java:logGet(43)) - raft.server.rpc.timeout.min = 5s (custom)
2019-10-21 18:38:59,538 [pool-47-thread-1] INFO  server.RaftServerConfigKeys (ConfUtils.java:logGet(43)) - raft.server.rpc.timeout.max = 5200ms (custom)
2019-10-21 18:38:59,538 [pool-47-thread-1] INFO  server.RaftServerConfigKeys (ConfUtils.java:logGet(43)) - raft.server.rpcslowness.timeout = 1000s (custom)
2019-10-21 18:38:59,538 [pool-47-thread-1] INFO  server.RaftServerConfigKeys (ConfUtils.java:logGet(43)) - raft.server.sleep.deviation.threshold = 300 (default)
2019-10-21 18:38:59,538 [pool-47-thread-1] INFO  server.RaftServerConfigKeys (ConfUtils.java:logGet(43)) - raft.server.log.appender.install.snapshot.enabled = false (custom)
2019-10-21 18:38:59,538 [pool-47-thread-1] INFO  impl.RaftServerImpl (ServerState.java:<init>(103)) - 52ea385b-513a-41c9-81e3-3ab71399b638@group-CBF3351CBA1E: ConfigurationManager, init=-1: [52ea385b-513a-41c9-81e3-3ab71399b638:192.168.69.123:37619], old=null, confs=<EMPTY_MAP>
2019-10-21 18:38:59,538 [pool-47-thread-1] INFO  server.RaftServerConfigKeys (ConfUtils.java:logGet(43)) - raft.server.storage.dir = [/workdir/hadoop-ozone/integration-test/target/test-dir/MiniOzoneClusterImpl-73360a76-796f-4047-87d4-3c41f9cd92df/datanode-2/data/ratis] (custom)
2019-10-21 18:38:59,539 [pool-47-thread-1] INFO  server.RaftServerConfigKeys (ConfUtils.java:logGet(43)) - raft.server.log.corruption.policy = EXCEPTION (default)
2019-10-21 18:38:59,539 [pool-47-thread-1] INFO  storage.RaftStorageDirectory (RaftStorageDirectory.java:analyzeStorage(246)) - The storage directory /workdir/hadoop-ozone/integration-test/target/test-dir/MiniOzoneClusterImpl-73360a76-796f-4047-87d4-3c41f9cd92df/datanode-2/data/ratis/c2028d19-7e83-46d6-b69f-cbf3351cba1e does not exist. Creating ...
2019-10-21 18:38:59,552 [pool-47-thread-1] INFO  storage.RaftStorageDirectory (RaftStorageDirectory.java:tryLock(328)) - Lock on /workdir/hadoop-ozone/integration-test/target/test-dir/MiniOzoneClusterImpl-73360a76-796f-4047-87d4-3c41f9cd92df/datanode-2/data/ratis/c2028d19-7e83-46d6-b69f-cbf3351cba1e/in_use.lock acquired by nodename 6609@pr-hdds-2340-skh4f-3510823728
2019-10-21 18:38:59,566 [pool-47-thread-1] INFO  storage.RaftStorage (RaftStorage.java:format(84)) - Storage directory /workdir/hadoop-ozone/integration-test/target/test-dir/MiniOzoneClusterImpl-73360a76-796f-4047-87d4-3c41f9cd92df/datanode-2/data/ratis/c2028d19-7e83-46d6-b69f-cbf3351cba1e has been successfully formatted.
2019-10-21 18:38:59,566 [pool-47-thread-1] INFO  ratis.ContainerStateMachine (ContainerStateMachine.java:loadSnapshot(231)) - group-CBF3351CBA1E: The snapshot info is null. Setting the last applied indexto:(t:0, i:~)
2019-10-21 18:38:59,566 [pool-47-thread-1] INFO  server.RaftServerConfigKeys (ConfUtils.java:logGet(43)) - raft.server.notification.no-leader.timeout = 1000s (custom)
2019-10-21 18:38:59,567 [pool-47-thread-1] INFO  server.RaftServerConfigKeys (ConfUtils.java:logGet(43)) - raft.server.log.use.memory = false (default)
2019-10-21 18:38:59,567 [pool-47-thread-1] INFO  server.RaftServerConfigKeys (ConfUtils.java:logGet(43)) - raft.server.log.purge.gap = 1000000 (custom)
2019-10-21 18:38:59,567 [pool-47-thread-1] INFO  server.RaftServerConfigKeys (ConfUtils.java:logGet(43)) - raft.server.log.appender.buffer.byte-limit = 33554432 (custom)
2019-10-21 18:38:59,567 [pool-47-thread-1] INFO  server.RaftServerConfigKeys (ConfUtils.java:logGet(43)) - raft.server.log.segment.size.max = 1048576 (custom)
2019-10-21 18:38:59,567 [pool-47-thread-1] WARN  impl.MetricRegistriesImpl (MetricRegistriesImpl.java:lambda$create$1(61)) - First MetricRegistry has been created without registering reporters. You may need to call MetricRegistries.global().addReportRegistration(...) before.
2019-10-21 18:38:59,567 [pool-47-thread-1] INFO  server.RaftServerConfigKeys (ConfUtils.java:logGet(43)) - raft.server.log.segment.cache.num.max = 2 (custom)
2019-10-21 18:38:59,567 [pool-47-thread-1] INFO  segmented.SegmentedRaftLogWorker (SegmentedRaftLogWorker.java:<init>(173)) - new 52ea385b-513a-41c9-81e3-3ab71399b638@group-CBF3351CBA1E-SegmentedRaftLogWorker for RaftStorage:Storage Directory /workdir/hadoop-ozone/integration-test/target/test-dir/MiniOzoneClusterImpl-73360a76-796f-4047-87d4-3c41f9cd92df/datanode-2/data/ratis/c2028d19-7e83-46d6-b69f-cbf3351cba1e
2019-10-21 18:38:59,568 [pool-47-thread-1] INFO  server.RaftServerConfigKeys (ConfUtils.java:logGet(43)) - raft.server.log.queue.byte-limit = 2147483647 (custom)
2019-10-21 18:38:59,568 [pool-47-thread-1] INFO  server.RaftServerConfigKeys (ConfUtils.java:logGet(43)) - raft.server.log.queue.element-limit = 1024 (custom)
2019-10-21 18:38:59,568 [pool-47-thread-1] INFO  server.RaftServerConfigKeys (ConfUtils.java:logGet(43)) - raft.server.log.segment.size.max = 1048576 (custom)
2019-10-21 18:38:59,568 [pool-47-thread-1] INFO  server.RaftServerConfigKeys (ConfUtils.java:logGet(43)) - raft.server.log.preallocated.size = 16384 (custom)
2019-10-21 18:38:59,568 [pool-47-thread-1] INFO  server.RaftServerConfigKeys (ConfUtils.java:logGet(43)) - raft.server.log.write.buffer.size = 33554432 (custom)
2019-10-21 18:38:59,568 [pool-47-thread-1] INFO  server.RaftServerConfigKeys (ConfUtils.java:logGet(43)) - raft.server.log.force.sync.num = 128 (default)
2019-10-21 18:38:59,568 [pool-47-thread-1] INFO  server.RaftServerConfigKeys (ConfUtils.java:logGet(43)) - raft.server.log.statemachine.data.sync = true (default)
2019-10-21 18:38:59,568 [pool-47-thread-1] INFO  server.RaftServerConfigKeys (ConfUtils.java:logGet(43)) - raft.server.log.statemachine.data.sync.timeout = 10s (default)
2019-10-21 18:38:59,569 [pool-47-thread-1] INFO  server.RaftServerConfigKeys (ConfUtils.java:logGet(43)) - raft.server.log.statemachine.data.sync.timeout.retry = -1 (default)
2019-10-21 18:38:59,569 [pool-47-thread-1] INFO  server.RaftServerConfigKeys (ConfUtils.java:logGet(43)) - raft.server.log.statemachine.data.caching.enabled = true (custom)
2019-10-21 18:38:59,569 [pool-47-thread-1] INFO  segmented.SegmentedRaftLogWorker (SegmentedRaftLogWorker.java:lambda$new$0(128)) - 52ea385b-513a-41c9-81e3-3ab71399b638@group-CBF3351CBA1E-SegmentedRaftLogWorker: flushIndex: setUnconditionally 0 -> -1
2019-10-21 18:38:59,570 [pool-47-thread-1] INFO  server.RaftServerConfigKeys (ConfUtils.java:logGet(43)) - raft.server.snapshot.auto.trigger.enabled = true (custom)
2019-10-21 18:38:59,570 [pool-47-thread-1] INFO  server.RaftServerConfigKeys (ConfUtils.java:logGet(43)) - raft.server.snapshot.auto.trigger.threshold = 10000 (custom)
2019-10-21 18:38:59,570 [pool-47-thread-1] INFO  server.RaftServerConfigKeys (ConfUtils.java:logGet(43)) - raft.server.snapshot.retention.file.num = 5 (custom)
2019-10-21 18:38:59,570 [pool-47-thread-1] INFO  server.RaftServerConfigKeys (ConfUtils.java:logGet(43)) - raft.server.retrycache.expirytime = 600000ms (custom)
2019-10-21 18:38:59,570 [pool-47-thread-1] WARN  impl.MetricRegistriesImpl (MetricRegistriesImpl.java:lambda$create$1(61)) - First MetricRegistry has been created without registering reporters. You may need to call MetricRegistries.global().addReportRegistration(...) before.
2019-10-21 18:38:59,571 [pool-47-thread-1] WARN  impl.MetricRegistriesImpl (MetricRegistriesImpl.java:lambda$create$1(61)) - First MetricRegistry has been created without registering reporters. You may need to call MetricRegistries.global().addReportRegistration(...) before.
2019-10-21 18:38:59,571 [pool-47-thread-1] INFO  impl.RaftServerImpl (RaftServerImpl.java:start(184)) - 52ea385b-513a-41c9-81e3-3ab71399b638@group-CBF3351CBA1E: start as a follower, conf=-1: [52ea385b-513a-41c9-81e3-3ab71399b638:192.168.69.123:37619], old=null
2019-10-21 18:38:59,571 [pool-47-thread-1] INFO  impl.RaftServerImpl (RaftServerImpl.java:setRole(173)) - 52ea385b-513a-41c9-81e3-3ab71399b638@group-CBF3351CBA1E: changes role from      null to FOLLOWER at term 0 for startAsFollower
2019-10-21 18:38:59,571 [pool-47-thread-1] INFO  impl.RoleInfo (RoleInfo.java:updateAndGet(143)) - 52ea385b-513a-41c9-81e3-3ab71399b638: start FollowerState
2019-10-21 18:38:59,571 [pool-47-thread-1] INFO  util.JmxRegister (JmxRegister.java:tryRegister(44)) - Successfully registered JMX Bean with object name Ratis:service=RaftServer,group=group-CBF3351CBA1E,id=52ea385b-513a-41c9-81e3-3ab71399b638
2019-10-21 18:38:59,572 [pool-47-thread-1] WARN  impl.MetricRegistriesImpl (MetricRegistriesImpl.java:lambda$create$1(61)) - First MetricRegistry has been created without registering reporters. You may need to call MetricRegistries.global().addReportRegistration(...) before.
2019-10-21 18:38:59,581 [RatisPipelineUtilsThread] INFO  pipeline.PipelineStateManager (PipelineStateManager.java:addPipeline(56)) - Created pipeline Pipeline[ Id: c2028d19-7e83-46d6-b69f-cbf3351cba1e, Nodes: 52ea385b-513a-41c9-81e3-3ab71399b638{ip: 192.168.69.123, host: pr-hdds-2340-skh4f-3510823728, networkLocation: /default-rack, certSerialId: null}, Type:RATIS, Factor:ONE, State:OPEN]
2019-10-21 18:38:59,613 [grpc-default-executor-2] INFO  impl.RaftServerProxy (RaftServerProxy.java:addNew(89)) - 1417b996-b29d-4b85-9617-279817c9415e: addNew group-0A44C9741378:[1417b996-b29d-4b85-9617-279817c9415e:192.168.69.123:46747, 0ae462f6-a5e4-462b-9a24-121d451bcbc9:192.168.69.123:38247, 52ea385b-513a-41c9-81e3-3ab71399b638:192.168.69.123:37619] returns group-0A44C9741378:java.util.concurrent.CompletableFuture@12c673d4[Not completed]
2019-10-21 18:38:59,614 [grpc-default-executor-1] INFO  impl.RaftServerProxy (RaftServerProxy.java:addNew(89)) - 52ea385b-513a-41c9-81e3-3ab71399b638: addNew group-0A44C9741378:[1417b996-b29d-4b85-9617-279817c9415e:192.168.69.123:46747, 0ae462f6-a5e4-462b-9a24-121d451bcbc9:192.168.69.123:38247, 52ea385b-513a-41c9-81e3-3ab71399b638:192.168.69.123:37619] returns group-0A44C9741378:java.util.concurrent.CompletableFuture@6353dea1[Not completed]
2019-10-21 18:38:59,614 [grpc-default-executor-0] INFO  impl.RaftServerProxy (RaftServerProxy.java:addNew(89)) - 0ae462f6-a5e4-462b-9a24-121d451bcbc9: addNew group-0A44C9741378:[1417b996-b29d-4b85-9617-279817c9415e:192.168.69.123:46747, 0ae462f6-a5e4-462b-9a24-121d451bcbc9:192.168.69.123:38247, 52ea385b-513a-41c9-81e3-3ab71399b638:192.168.69.123:37619] returns group-0A44C9741378:java.util.concurrent.CompletableFuture@2090069c[Not completed]
2019-10-21 18:38:59,616 [pool-27-thread-1] INFO  impl.RaftServerImpl (RaftServerImpl.java:<init>(98)) - 1417b996-b29d-4b85-9617-279817c9415e: new RaftServerImpl for group-0A44C9741378:[1417b996-b29d-4b85-9617-279817c9415e:192.168.69.123:46747, 0ae462f6-a5e4-462b-9a24-121d451bcbc9:192.168.69.123:38247, 52ea385b-513a-41c9-81e3-3ab71399b638:192.168.69.123:37619] with ContainerStateMachine:uninitialized
2019-10-21 18:38:59,616 [pool-27-thread-1] INFO  server.RaftServerConfigKeys (ConfUtils.java:logGet(43)) - raft.server.rpc.timeout.min = 5s (custom)
2019-10-21 18:38:59,616 [pool-27-thread-1] INFO  server.RaftServerConfigKeys (ConfUtils.java:logGet(43)) - raft.server.rpc.timeout.max = 5200ms (custom)
2019-10-21 18:38:59,616 [pool-27-thread-1] INFO  server.RaftServerConfigKeys (ConfUtils.java:logGet(43)) - raft.server.rpcslowness.timeout = 1000s (custom)
2019-10-21 18:38:59,616 [pool-27-thread-1] INFO  server.RaftServerConfigKeys (ConfUtils.java:logGet(43)) - raft.server.sleep.deviation.threshold = 300 (default)
2019-10-21 18:38:59,617 [pool-47-thread-1] INFO  impl.RaftServerImpl (RaftServerImpl.java:<init>(98)) - 52ea385b-513a-41c9-81e3-3ab71399b638: new RaftServerImpl for group-0A44C9741378:[1417b996-b29d-4b85-9617-279817c9415e:192.168.69.123:46747, 0ae462f6-a5e4-462b-9a24-121d451bcbc9:192.168.69.123:38247, 52ea385b-513a-41c9-81e3-3ab71399b638:192.168.69.123:37619] with ContainerStateMachine:uninitialized
2019-10-21 18:38:59,617 [pool-27-thread-1] INFO  server.RaftServerConfigKeys (ConfUtils.java:logGet(43)) - raft.server.log.appender.install.snapshot.enabled = false (custom)
2019-10-21 18:38:59,617 [pool-47-thread-1] INFO  server.RaftServerConfigKeys (ConfUtils.java:logGet(43)) - raft.server.rpc.timeout.min = 5s (custom)
2019-10-21 18:38:59,617 [pool-27-thread-1] INFO  impl.RaftServerImpl (ServerState.java:<init>(103)) - 1417b996-b29d-4b85-9617-279817c9415e@group-0A44C9741378: ConfigurationManager, init=-1: [1417b996-b29d-4b85-9617-279817c9415e:192.168.69.123:46747, 0ae462f6-a5e4-462b-9a24-121d451bcbc9:192.168.69.123:38247, 52ea385b-513a-41c9-81e3-3ab71399b638:192.168.69.123:37619], old=null, confs=<EMPTY_MAP>
2019-10-21 18:38:59,617 [pool-47-thread-1] INFO  server.RaftServerConfigKeys (ConfUtils.java:logGet(43)) - raft.server.rpc.timeout.max = 5200ms (custom)
2019-10-21 18:38:59,617 [pool-27-thread-1] INFO  server.RaftServerConfigKeys (ConfUtils.java:logGet(43)) - raft.server.storage.dir = [/workdir/hadoop-ozone/integration-test/target/test-dir/MiniOzoneClusterImpl-73360a76-796f-4047-87d4-3c41f9cd92df/datanode-0/data/ratis] (custom)
2019-10-21 18:38:59,617 [pool-47-thread-1] INFO  server.RaftServerConfigKeys (ConfUtils.java:logGet(43)) - raft.server.rpcslowness.timeout = 1000s (custom)
2019-10-21 18:38:59,618 [pool-47-thread-1] INFO  server.RaftServerConfigKeys (ConfUtils.java:logGet(43)) - raft.server.sleep.deviation.threshold = 300 (default)
2019-10-21 18:38:59,618 [pool-47-thread-1] INFO  server.RaftServerConfigKeys (ConfUtils.java:logGet(43)) - raft.server.log.appender.install.snapshot.enabled = false (custom)
2019-10-21 18:38:59,618 [pool-37-thread-1] INFO  impl.RaftServerImpl (RaftServerImpl.java:<init>(98)) - 0ae462f6-a5e4-462b-9a24-121d451bcbc9: new RaftServerImpl for group-0A44C9741378:[1417b996-b29d-4b85-9617-279817c9415e:192.168.69.123:46747, 0ae462f6-a5e4-462b-9a24-121d451bcbc9:192.168.69.123:38247, 52ea385b-513a-41c9-81e3-3ab71399b638:192.168.69.123:37619] with ContainerStateMachine:uninitialized
2019-10-21 18:38:59,618 [pool-27-thread-1] INFO  server.RaftServerConfigKeys (ConfUtils.java:logGet(43)) - raft.server.log.corruption.policy = EXCEPTION (default)
2019-10-21 18:38:59,618 [pool-37-thread-1] INFO  server.RaftServerConfigKeys (ConfUtils.java:logGet(43)) - raft.server.rpc.timeout.min = 5s (custom)
2019-10-21 18:38:59,618 [pool-47-thread-1] INFO  impl.RaftServerImpl (ServerState.java:<init>(103)) - 52ea385b-513a-41c9-81e3-3ab71399b638@group-0A44C9741378: ConfigurationManager, init=-1: [1417b996-b29d-4b85-9617-279817c9415e:192.168.69.123:46747, 0ae462f6-a5e4-462b-9a24-121d451bcbc9:192.168.69.123:38247, 52ea385b-513a-41c9-81e3-3ab71399b638:192.168.69.123:37619], old=null, confs=<EMPTY_MAP>
2019-10-21 18:38:59,618 [pool-27-thread-1] INFO  storage.RaftStorageDirectory (RaftStorageDirectory.java:analyzeStorage(246)) - The storage directory /workdir/hadoop-ozone/integration-test/target/test-dir/MiniOzoneClusterImpl-73360a76-796f-4047-87d4-3c41f9cd92df/datanode-0/data/ratis/4cfe140f-d3a3-4309-ae7c-0a44c9741378 does not exist. Creating ...
2019-10-21 18:38:59,618 [pool-37-thread-1] INFO  server.RaftServerConfigKeys (ConfUtils.java:logGet(43)) - raft.server.rpc.timeout.max = 5200ms (custom)
2019-10-21 18:38:59,619 [pool-47-thread-1] INFO  server.RaftServerConfigKeys (ConfUtils.java:logGet(43)) - raft.server.storage.dir = [/workdir/hadoop-ozone/integration-test/target/test-dir/MiniOzoneClusterImpl-73360a76-796f-4047-87d4-3c41f9cd92df/datanode-2/data/ratis] (custom)
2019-10-21 18:38:59,619 [pool-37-thread-1] INFO  server.RaftServerConfigKeys (ConfUtils.java:logGet(43)) - raft.server.rpcslowness.timeout = 1000s (custom)
2019-10-21 18:38:59,619 [pool-37-thread-1] INFO  server.RaftServerConfigKeys (ConfUtils.java:logGet(43)) - raft.server.sleep.deviation.threshold = 300 (default)
2019-10-21 18:38:59,619 [pool-47-thread-1] INFO  server.RaftServerConfigKeys (ConfUtils.java:logGet(43)) - raft.server.log.corruption.policy = EXCEPTION (default)
2019-10-21 18:38:59,619 [pool-37-thread-1] INFO  server.RaftServerConfigKeys (ConfUtils.java:logGet(43)) - raft.server.log.appender.install.snapshot.enabled = false (custom)
2019-10-21 18:38:59,619 [pool-47-thread-1] INFO  storage.RaftStorageDirectory (RaftStorageDirectory.java:analyzeStorage(246)) - The storage directory /workdir/hadoop-ozone/integration-test/target/test-dir/MiniOzoneClusterImpl-73360a76-796f-4047-87d4-3c41f9cd92df/datanode-2/data/ratis/4cfe140f-d3a3-4309-ae7c-0a44c9741378 does not exist. Creating ...
2019-10-21 18:38:59,619 [pool-37-thread-1] INFO  impl.RaftServerImpl (ServerState.java:<init>(103)) - 0ae462f6-a5e4-462b-9a24-121d451bcbc9@group-0A44C9741378: ConfigurationManager, init=-1: [1417b996-b29d-4b85-9617-279817c9415e:192.168.69.123:46747, 0ae462f6-a5e4-462b-9a24-121d451bcbc9:192.168.69.123:38247, 52ea385b-513a-41c9-81e3-3ab71399b638:192.168.69.123:37619], old=null, confs=<EMPTY_MAP>
2019-10-21 18:38:59,620 [pool-37-thread-1] INFO  server.RaftServerConfigKeys (ConfUtils.java:logGet(43)) - raft.server.storage.dir = [/workdir/hadoop-ozone/integration-test/target/test-dir/MiniOzoneClusterImpl-73360a76-796f-4047-87d4-3c41f9cd92df/datanode-1/data/ratis] (custom)
2019-10-21 18:38:59,620 [pool-37-thread-1] INFO  server.RaftServerConfigKeys (ConfUtils.java:logGet(43)) - raft.server.log.corruption.policy = EXCEPTION (default)
2019-10-21 18:38:59,620 [pool-37-thread-1] INFO  storage.RaftStorageDirectory (RaftStorageDirectory.java:analyzeStorage(246)) - The storage directory /workdir/hadoop-ozone/integration-test/target/test-dir/MiniOzoneClusterImpl-73360a76-796f-4047-87d4-3c41f9cd92df/datanode-1/data/ratis/4cfe140f-d3a3-4309-ae7c-0a44c9741378 does not exist. Creating ...
2019-10-21 18:38:59,633 [pool-47-thread-1] INFO  storage.RaftStorageDirectory (RaftStorageDirectory.java:tryLock(328)) - Lock on /workdir/hadoop-ozone/integration-test/target/test-dir/MiniOzoneClusterImpl-73360a76-796f-4047-87d4-3c41f9cd92df/datanode-2/data/ratis/4cfe140f-d3a3-4309-ae7c-0a44c9741378/in_use.lock acquired by nodename 6609@pr-hdds-2340-skh4f-3510823728
2019-10-21 18:38:59,633 [pool-27-thread-1] INFO  storage.RaftStorageDirectory (RaftStorageDirectory.java:tryLock(328)) - Lock on /workdir/hadoop-ozone/integration-test/target/test-dir/MiniOzoneClusterImpl-73360a76-796f-4047-87d4-3c41f9cd92df/datanode-0/data/ratis/4cfe140f-d3a3-4309-ae7c-0a44c9741378/in_use.lock acquired by nodename 6609@pr-hdds-2340-skh4f-3510823728
2019-10-21 18:38:59,633 [pool-37-thread-1] INFO  storage.RaftStorageDirectory (RaftStorageDirectory.java:tryLock(328)) - Lock on /workdir/hadoop-ozone/integration-test/target/test-dir/MiniOzoneClusterImpl-73360a76-796f-4047-87d4-3c41f9cd92df/datanode-1/data/ratis/4cfe140f-d3a3-4309-ae7c-0a44c9741378/in_use.lock acquired by nodename 6609@pr-hdds-2340-skh4f-3510823728
2019-10-21 18:38:59,647 [pool-47-thread-1] INFO  storage.RaftStorage (RaftStorage.java:format(84)) - Storage directory /workdir/hadoop-ozone/integration-test/target/test-dir/MiniOzoneClusterImpl-73360a76-796f-4047-87d4-3c41f9cd92df/datanode-2/data/ratis/4cfe140f-d3a3-4309-ae7c-0a44c9741378 has been successfully formatted.
2019-10-21 18:38:59,647 [pool-37-thread-1] INFO  storage.RaftStorage (RaftStorage.java:format(84)) - Storage directory /workdir/hadoop-ozone/integration-test/target/test-dir/MiniOzoneClusterImpl-73360a76-796f-4047-87d4-3c41f9cd92df/datanode-1/data/ratis/4cfe140f-d3a3-4309-ae7c-0a44c9741378 has been successfully formatted.
2019-10-21 18:38:59,647 [pool-27-thread-1] INFO  storage.RaftStorage (RaftStorage.java:format(84)) - Storage directory /workdir/hadoop-ozone/integration-test/target/test-dir/MiniOzoneClusterImpl-73360a76-796f-4047-87d4-3c41f9cd92df/datanode-0/data/ratis/4cfe140f-d3a3-4309-ae7c-0a44c9741378 has been successfully formatted.
2019-10-21 18:38:59,647 [pool-47-thread-1] INFO  ratis.ContainerStateMachine (ContainerStateMachine.java:loadSnapshot(231)) - group-0A44C9741378: The snapshot info is null. Setting the last applied indexto:(t:0, i:~)
2019-10-21 18:38:59,648 [pool-37-thread-1] INFO  ratis.ContainerStateMachine (ContainerStateMachine.java:loadSnapshot(231)) - group-0A44C9741378: The snapshot info is null. Setting the last applied indexto:(t:0, i:~)
2019-10-21 18:38:59,648 [pool-47-thread-1] INFO  server.RaftServerConfigKeys (ConfUtils.java:logGet(43)) - raft.server.notification.no-leader.timeout = 1000s (custom)
2019-10-21 18:38:59,648 [pool-27-thread-1] INFO  ratis.ContainerStateMachine (ContainerStateMachine.java:loadSnapshot(231)) - group-0A44C9741378: The snapshot info is null. Setting the last applied indexto:(t:0, i:~)
2019-10-21 18:38:59,648 [pool-47-thread-1] INFO  server.RaftServerConfigKeys (ConfUtils.java:logGet(43)) - raft.server.log.use.memory = false (default)
2019-10-21 18:38:59,648 [pool-37-thread-1] INFO  server.RaftServerConfigKeys (ConfUtils.java:logGet(43)) - raft.server.notification.no-leader.timeout = 1000s (custom)
2019-10-21 18:38:59,648 [pool-47-thread-1] INFO  server.RaftServerConfigKeys (ConfUtils.java:logGet(43)) - raft.server.log.purge.gap = 1000000 (custom)
2019-10-21 18:38:59,648 [pool-27-thread-1] INFO  server.RaftServerConfigKeys (ConfUtils.java:logGet(43)) - raft.server.notification.no-leader.timeout = 1000s (custom)
2019-10-21 18:38:59,648 [pool-47-thread-1] INFO  server.RaftServerConfigKeys (ConfUtils.java:logGet(43)) - raft.server.log.appender.buffer.byte-limit = 33554432 (custom)
2019-10-21 18:38:59,648 [pool-37-thread-1] INFO  server.RaftServerConfigKeys (ConfUtils.java:logGet(43)) - raft.server.log.use.memory = false (default)
2019-10-21 18:38:59,649 [pool-47-thread-1] INFO  server.RaftServerConfigKeys (ConfUtils.java:logGet(43)) - raft.server.log.segment.size.max = 1048576 (custom)
2019-10-21 18:38:59,649 [pool-27-thread-1] INFO  server.RaftServerConfigKeys (ConfUtils.java:logGet(43)) - raft.server.log.use.memory = false (default)
2019-10-21 18:38:59,649 [pool-47-thread-1] INFO  server.RaftServerConfigKeys (ConfUtils.java:logGet(43)) - raft.server.log.segment.cache.num.max = 2 (custom)
2019-10-21 18:38:59,649 [pool-37-thread-1] INFO  server.RaftServerConfigKeys (ConfUtils.java:logGet(43)) - raft.server.log.purge.gap = 1000000 (custom)
2019-10-21 18:38:59,649 [pool-47-thread-1] INFO  segmented.SegmentedRaftLogWorker (SegmentedRaftLogWorker.java:<init>(173)) - new 52ea385b-513a-41c9-81e3-3ab71399b638@group-0A44C9741378-SegmentedRaftLogWorker for RaftStorage:Storage Directory /workdir/hadoop-ozone/integration-test/target/test-dir/MiniOzoneClusterImpl-73360a76-796f-4047-87d4-3c41f9cd92df/datanode-2/data/ratis/4cfe140f-d3a3-4309-ae7c-0a44c9741378
2019-10-21 18:38:59,649 [pool-27-thread-1] INFO  server.RaftServerConfigKeys (ConfUtils.java:logGet(43)) - raft.server.log.purge.gap = 1000000 (custom)
2019-10-21 18:38:59,650 [pool-47-thread-1] INFO  server.RaftServerConfigKeys (ConfUtils.java:logGet(43)) - raft.server.log.queue.byte-limit = 2147483647 (custom)
2019-10-21 18:38:59,649 [pool-37-thread-1] INFO  server.RaftServerConfigKeys (ConfUtils.java:logGet(43)) - raft.server.log.appender.buffer.byte-limit = 33554432 (custom)
2019-10-21 18:38:59,650 [pool-47-thread-1] INFO  server.RaftServerConfigKeys (ConfUtils.java:logGet(43)) - raft.server.log.queue.element-limit = 1024 (custom)
2019-10-21 18:38:59,650 [pool-27-thread-1] INFO  server.RaftServerConfigKeys (ConfUtils.java:logGet(43)) - raft.server.log.appender.buffer.byte-limit = 33554432 (custom)
2019-10-21 18:38:59,650 [pool-47-thread-1] INFO  server.RaftServerConfigKeys (ConfUtils.java:logGet(43)) - raft.server.log.segment.size.max = 1048576 (custom)
2019-10-21 18:38:59,650 [pool-37-thread-1] INFO  server.RaftServerConfigKeys (ConfUtils.java:logGet(43)) - raft.server.log.segment.size.max = 1048576 (custom)
2019-10-21 18:38:59,650 [pool-47-thread-1] INFO  server.RaftServerConfigKeys (ConfUtils.java:logGet(43)) - raft.server.log.preallocated.size = 16384 (custom)
2019-10-21 18:38:59,650 [pool-27-thread-1] INFO  server.RaftServerConfigKeys (ConfUtils.java:logGet(43)) - raft.server.log.segment.size.max = 1048576 (custom)
2019-10-21 18:38:59,650 [pool-47-thread-1] INFO  server.RaftServerConfigKeys (ConfUtils.java:logGet(43)) - raft.server.log.write.buffer.size = 33554432 (custom)
2019-10-21 18:38:59,650 [pool-37-thread-1] INFO  server.RaftServerConfigKeys (ConfUtils.java:logGet(43)) - raft.server.log.segment.cache.num.max = 2 (custom)
2019-10-21 18:38:59,651 [pool-47-thread-1] INFO  server.RaftServerConfigKeys (ConfUtils.java:logGet(43)) - raft.server.log.force.sync.num = 128 (default)
2019-10-21 18:38:59,651 [pool-27-thread-1] INFO  server.RaftServerConfigKeys (ConfUtils.java:logGet(43)) - raft.server.log.segment.cache.num.max = 2 (custom)
2019-10-21 18:38:59,651 [pool-47-thread-1] INFO  server.RaftServerConfigKeys (ConfUtils.java:logGet(43)) - raft.server.log.statemachine.data.sync = true (default)
2019-10-21 18:38:59,651 [pool-37-thread-1] INFO  segmented.SegmentedRaftLogWorker (SegmentedRaftLogWorker.java:<init>(173)) - new 0ae462f6-a5e4-462b-9a24-121d451bcbc9@group-0A44C9741378-SegmentedRaftLogWorker for RaftStorage:Storage Directory /workdir/hadoop-ozone/integration-test/target/test-dir/MiniOzoneClusterImpl-73360a76-796f-4047-87d4-3c41f9cd92df/datanode-1/data/ratis/4cfe140f-d3a3-4309-ae7c-0a44c9741378
2019-10-21 18:38:59,651 [pool-47-thread-1] INFO  server.RaftServerConfigKeys (ConfUtils.java:logGet(43)) - raft.server.log.statemachine.data.sync.timeout = 10s (default)
2019-10-21 18:38:59,651 [pool-27-thread-1] INFO  segmented.SegmentedRaftLogWorker (SegmentedRaftLogWorker.java:<init>(173)) - new 1417b996-b29d-4b85-9617-279817c9415e@group-0A44C9741378-SegmentedRaftLogWorker for RaftStorage:Storage Directory /workdir/hadoop-ozone/integration-test/target/test-dir/MiniOzoneClusterImpl-73360a76-796f-4047-87d4-3c41f9cd92df/datanode-0/data/ratis/4cfe140f-d3a3-4309-ae7c-0a44c9741378
2019-10-21 18:38:59,651 [pool-47-thread-1] INFO  server.RaftServerConfigKeys (ConfUtils.java:logGet(43)) - raft.server.log.statemachine.data.sync.timeout.retry = -1 (default)
2019-10-21 18:38:59,651 [pool-37-thread-1] INFO  server.RaftServerConfigKeys (ConfUtils.java:logGet(43)) - raft.server.log.queue.byte-limit = 2147483647 (custom)
2019-10-21 18:38:59,652 [pool-37-thread-1] INFO  server.RaftServerConfigKeys (ConfUtils.java:logGet(43)) - raft.server.log.queue.element-limit = 1024 (custom)
2019-10-21 18:38:59,652 [pool-27-thread-1] INFO  server.RaftServerConfigKeys (ConfUtils.java:logGet(43)) - raft.server.log.queue.byte-limit = 2147483647 (custom)
2019-10-21 18:38:59,652 [pool-37-thread-1] INFO  server.RaftServerConfigKeys (ConfUtils.java:logGet(43)) - raft.server.log.segment.size.max = 1048576 (custom)
2019-10-21 18:38:59,652 [pool-47-thread-1] INFO  server.RaftServerConfigKeys (ConfUtils.java:logGet(43)) - raft.server.log.statemachine.data.caching.enabled = true (custom)
2019-10-21 18:38:59,652 [pool-37-thread-1] INFO  server.RaftServerConfigKeys (ConfUtils.java:logGet(43)) - raft.server.log.preallocated.size = 16384 (custom)
2019-10-21 18:38:59,652 [pool-27-thread-1] INFO  server.RaftServerConfigKeys (ConfUtils.java:logGet(43)) - raft.server.log.queue.element-limit = 1024 (custom)
2019-10-21 18:38:59,653 [pool-47-thread-1] INFO  segmented.SegmentedRaftLogWorker (SegmentedRaftLogWorker.java:lambda$new$0(128)) - 52ea385b-513a-41c9-81e3-3ab71399b638@group-0A44C9741378-SegmentedRaftLogWorker: flushIndex: setUnconditionally 0 -> -1
2019-10-21 18:38:59,652 [pool-37-thread-1] INFO  server.RaftServerConfigKeys (ConfUtils.java:logGet(43)) - raft.server.log.write.buffer.size = 33554432 (custom)
2019-10-21 18:38:59,653 [pool-27-thread-1] INFO  server.RaftServerConfigKeys (ConfUtils.java:logGet(43)) - raft.server.log.segment.size.max = 1048576 (custom)
2019-10-21 18:38:59,653 [pool-47-thread-1] INFO  server.RaftServerConfigKeys (ConfUtils.java:logGet(43)) - raft.server.snapshot.auto.trigger.enabled = true (custom)
2019-10-21 18:38:59,653 [pool-37-thread-1] INFO  server.RaftServerConfigKeys (ConfUtils.java:logGet(43)) - raft.server.log.force.sync.num = 128 (default)
2019-10-21 18:38:59,653 [pool-47-thread-1] INFO  server.RaftServerConfigKeys (ConfUtils.java:logGet(43)) - raft.server.snapshot.auto.trigger.threshold = 10000 (custom)
2019-10-21 18:38:59,653 [pool-27-thread-1] INFO  server.RaftServerConfigKeys (ConfUtils.java:logGet(43)) - raft.server.log.preallocated.size = 16384 (custom)
2019-10-21 18:38:59,653 [pool-47-thread-1] INFO  server.RaftServerConfigKeys (ConfUtils.java:logGet(43)) - raft.server.snapshot.retention.file.num = 5 (custom)
2019-10-21 18:38:59,653 [pool-37-thread-1] INFO  server.RaftServerConfigKeys (ConfUtils.java:logGet(43)) - raft.server.log.statemachine.data.sync = true (default)
2019-10-21 18:38:59,654 [pool-47-thread-1] INFO  server.RaftServerConfigKeys (ConfUtils.java:logGet(43)) - raft.server.retrycache.expirytime = 600000ms (custom)
2019-10-21 18:38:59,654 [pool-27-thread-1] INFO  server.RaftServerConfigKeys (ConfUtils.java:logGet(43)) - raft.server.log.write.buffer.size = 33554432 (custom)
2019-10-21 18:38:59,654 [pool-47-thread-1] WARN  impl.MetricRegistriesImpl (MetricRegistriesImpl.java:lambda$create$1(61)) - First MetricRegistry has been created without registering reporters. You may need to call MetricRegistries.global().addReportRegistration(...) before.
2019-10-21 18:38:59,654 [pool-37-thread-1] INFO  server.RaftServerConfigKeys (ConfUtils.java:logGet(43)) - raft.server.log.statemachine.data.sync.timeout = 10s (default)
2019-10-21 18:38:59,654 [pool-47-thread-1] WARN  impl.MetricRegistriesImpl (MetricRegistriesImpl.java:lambda$create$1(61)) - First MetricRegistry has been created without registering reporters. You may need to call MetricRegistries.global().addReportRegistration(...) before.
2019-10-21 18:38:59,654 [pool-27-thread-1] INFO  server.RaftServerConfigKeys (ConfUtils.java:logGet(43)) - raft.server.log.force.sync.num = 128 (default)
2019-10-21 18:38:59,655 [pool-47-thread-1] INFO  impl.RaftServerImpl (RaftServerImpl.java:start(184)) - 52ea385b-513a-41c9-81e3-3ab71399b638@group-0A44C9741378: start as a follower, conf=-1: [1417b996-b29d-4b85-9617-279817c9415e:192.168.69.123:46747, 0ae462f6-a5e4-462b-9a24-121d451bcbc9:192.168.69.123:38247, 52ea385b-513a-41c9-81e3-3ab71399b638:192.168.69.123:37619], old=null
2019-10-21 18:38:59,654 [pool-37-thread-1] INFO  server.RaftServerConfigKeys (ConfUtils.java:logGet(43)) - raft.server.log.statemachine.data.sync.timeout.retry = -1 (default)
2019-10-21 18:38:59,655 [pool-47-thread-1] INFO  impl.RaftServerImpl (RaftServerImpl.java:setRole(173)) - 52ea385b-513a-41c9-81e3-3ab71399b638@group-0A44C9741378: changes role from      null to FOLLOWER at term 0 for startAsFollower
2019-10-21 18:38:59,655 [pool-37-thread-1] INFO  server.RaftServerConfigKeys (ConfUtils.java:logGet(43)) - raft.server.log.statemachine.data.caching.enabled = true (custom)
2019-10-21 18:38:59,655 [pool-27-thread-1] INFO  server.RaftServerConfigKeys (ConfUtils.java:logGet(43)) - raft.server.log.statemachine.data.sync = true (default)
2019-10-21 18:38:59,655 [pool-37-thread-1] INFO  segmented.SegmentedRaftLogWorker (SegmentedRaftLogWorker.java:lambda$new$0(128)) - 0ae462f6-a5e4-462b-9a24-121d451bcbc9@group-0A44C9741378-SegmentedRaftLogWorker: flushIndex: setUnconditionally 0 -> -1
2019-10-21 18:38:59,655 [pool-27-thread-1] INFO  server.RaftServerConfigKeys (ConfUtils.java:logGet(43)) - raft.server.log.statemachine.data.sync.timeout = 10s (default)
2019-10-21 18:38:59,656 [pool-37-thread-1] INFO  server.RaftServerConfigKeys (ConfUtils.java:logGet(43)) - raft.server.snapshot.auto.trigger.enabled = true (custom)
2019-10-21 18:38:59,655 [pool-47-thread-1] INFO  impl.RoleInfo (RoleInfo.java:updateAndGet(143)) - 52ea385b-513a-41c9-81e3-3ab71399b638: start FollowerState
2019-10-21 18:38:59,656 [pool-37-thread-1] INFO  server.RaftServerConfigKeys (ConfUtils.java:logGet(43)) - raft.server.snapshot.auto.trigger.threshold = 10000 (custom)
2019-10-21 18:38:59,656 [pool-27-thread-1] INFO  server.RaftServerConfigKeys (ConfUtils.java:logGet(43)) - raft.server.log.statemachine.data.sync.timeout.retry = -1 (default)
2019-10-21 18:38:59,656 [pool-37-thread-1] INFO  server.RaftServerConfigKeys (ConfUtils.java:logGet(43)) - raft.server.snapshot.retention.file.num = 5 (custom)
2019-10-21 18:38:59,656 [pool-47-thread-1] INFO  util.JmxRegister (JmxRegister.java:tryRegister(44)) - Successfully registered JMX Bean with object name Ratis:service=RaftServer,group=group-0A44C9741378,id=52ea385b-513a-41c9-81e3-3ab71399b638
2019-10-21 18:38:59,656 [pool-37-thread-1] INFO  server.RaftServerConfigKeys (ConfUtils.java:logGet(43)) - raft.server.retrycache.expirytime = 600000ms (custom)
2019-10-21 18:38:59,656 [pool-27-thread-1] INFO  server.RaftServerConfigKeys (ConfUtils.java:logGet(43)) - raft.server.log.statemachine.data.caching.enabled = true (custom)
2019-10-21 18:38:59,657 [pool-37-thread-1] WARN  impl.MetricRegistriesImpl (MetricRegistriesImpl.java:lambda$create$1(61)) - First MetricRegistry has been created without registering reporters. You may need to call MetricRegistries.global().addReportRegistration(...) before.
2019-10-21 18:38:59,656 [pool-47-thread-1] WARN  impl.MetricRegistriesImpl (MetricRegistriesImpl.java:lambda$create$1(61)) - First MetricRegistry has been created without registering reporters. You may need to call MetricRegistries.global().addReportRegistration(...) before.
2019-10-21 18:38:59,657 [pool-37-thread-1] WARN  impl.MetricRegistriesImpl (MetricRegistriesImpl.java:lambda$create$1(61)) - First MetricRegistry has been created without registering reporters. You may need to call MetricRegistries.global().addReportRegistration(...) before.
2019-10-21 18:38:59,657 [pool-27-thread-1] INFO  segmented.SegmentedRaftLogWorker (SegmentedRaftLogWorker.java:lambda$new$0(128)) - 1417b996-b29d-4b85-9617-279817c9415e@group-0A44C9741378-SegmentedRaftLogWorker: flushIndex: setUnconditionally 0 -> -1
2019-10-21 18:38:59,657 [pool-37-thread-1] INFO  impl.RaftServerImpl (RaftServerImpl.java:start(184)) - 0ae462f6-a5e4-462b-9a24-121d451bcbc9@group-0A44C9741378: start as a follower, conf=-1: [1417b996-b29d-4b85-9617-279817c9415e:192.168.69.123:46747, 0ae462f6-a5e4-462b-9a24-121d451bcbc9:192.168.69.123:38247, 52ea385b-513a-41c9-81e3-3ab71399b638:192.168.69.123:37619], old=null
2019-10-21 18:38:59,657 [pool-37-thread-1] INFO  impl.RaftServerImpl (RaftServerImpl.java:setRole(173)) - 0ae462f6-a5e4-462b-9a24-121d451bcbc9@group-0A44C9741378: changes role from      null to FOLLOWER at term 0 for startAsFollower
2019-10-21 18:38:59,657 [pool-27-thread-1] INFO  server.RaftServerConfigKeys (ConfUtils.java:logGet(43)) - raft.server.snapshot.auto.trigger.enabled = true (custom)
2019-10-21 18:38:59,657 [pool-37-thread-1] INFO  impl.RoleInfo (RoleInfo.java:updateAndGet(143)) - 0ae462f6-a5e4-462b-9a24-121d451bcbc9: start FollowerState
2019-10-21 18:38:59,658 [pool-27-thread-1] INFO  server.RaftServerConfigKeys (ConfUtils.java:logGet(43)) - raft.server.snapshot.auto.trigger.threshold = 10000 (custom)
2019-10-21 18:38:59,658 [pool-27-thread-1] INFO  server.RaftServerConfigKeys (ConfUtils.java:logGet(43)) - raft.server.snapshot.retention.file.num = 5 (custom)
2019-10-21 18:38:59,658 [pool-37-thread-1] INFO  util.JmxRegister (JmxRegister.java:tryRegister(44)) - Successfully registered JMX Bean with object name Ratis:service=RaftServer,group=group-0A44C9741378,id=0ae462f6-a5e4-462b-9a24-121d451bcbc9
2019-10-21 18:38:59,658 [pool-37-thread-1] WARN  impl.MetricRegistriesImpl (MetricRegistriesImpl.java:lambda$create$1(61)) - First MetricRegistry has been created without registering reporters. You may need to call MetricRegistries.global().addReportRegistration(...) before.
2019-10-21 18:38:59,658 [pool-27-thread-1] INFO  server.RaftServerConfigKeys (ConfUtils.java:logGet(43)) - raft.server.retrycache.expirytime = 600000ms (custom)
2019-10-21 18:38:59,659 [pool-27-thread-1] WARN  impl.MetricRegistriesImpl (MetricRegistriesImpl.java:lambda$create$1(61)) - First MetricRegistry has been created without registering reporters. You may need to call MetricRegistries.global().addReportRegistration(...) before.
2019-10-21 18:38:59,660 [pool-27-thread-1] WARN  impl.MetricRegistriesImpl (MetricRegistriesImpl.java:lambda$create$1(61)) - First MetricRegistry has been created without registering reporters. You may need to call MetricRegistries.global().addReportRegistration(...) before.
2019-10-21 18:38:59,661 [pool-27-thread-1] INFO  impl.RaftServerImpl (RaftServerImpl.java:start(184)) - 1417b996-b29d-4b85-9617-279817c9415e@group-0A44C9741378: start as a follower, conf=-1: [1417b996-b29d-4b85-9617-279817c9415e:192.168.69.123:46747, 0ae462f6-a5e4-462b-9a24-121d451bcbc9:192.168.69.123:38247, 52ea385b-513a-41c9-81e3-3ab71399b638:192.168.69.123:37619], old=null
2019-10-21 18:38:59,661 [pool-27-thread-1] INFO  impl.RaftServerImpl (RaftServerImpl.java:setRole(173)) - 1417b996-b29d-4b85-9617-279817c9415e@group-0A44C9741378: changes role from      null to FOLLOWER at term 0 for startAsFollower
2019-10-21 18:38:59,662 [pool-27-thread-1] INFO  impl.RoleInfo (RoleInfo.java:updateAndGet(143)) - 1417b996-b29d-4b85-9617-279817c9415e: start FollowerState
2019-10-21 18:38:59,663 [pool-27-thread-1] INFO  util.JmxRegister (JmxRegister.java:tryRegister(44)) - Successfully registered JMX Bean with object name Ratis:service=RaftServer,group=group-0A44C9741378,id=1417b996-b29d-4b85-9617-279817c9415e
2019-10-21 18:38:59,663 [pool-27-thread-1] WARN  impl.MetricRegistriesImpl (MetricRegistriesImpl.java:lambda$create$1(61)) - First MetricRegistry has been created without registering reporters. You may need to call MetricRegistries.global().addReportRegistration(...) before.
2019-10-21 18:38:59,673 [RatisPipelineUtilsThread] INFO  pipeline.PipelineStateManager (PipelineStateManager.java:addPipeline(56)) - Created pipeline Pipeline[ Id: 4cfe140f-d3a3-4309-ae7c-0a44c9741378, Nodes: 1417b996-b29d-4b85-9617-279817c9415e{ip: 192.168.69.123, host: pr-hdds-2340-skh4f-3510823728, networkLocation: /default-rack, certSerialId: null}0ae462f6-a5e4-462b-9a24-121d451bcbc9{ip: 192.168.69.123, host: pr-hdds-2340-skh4f-3510823728, networkLocation: /default-rack, certSerialId: null}52ea385b-513a-41c9-81e3-3ab71399b638{ip: 192.168.69.123, host: pr-hdds-2340-skh4f-3510823728, networkLocation: /default-rack, certSerialId: null}, Type:RATIS, Factor:THREE, State:OPEN]
2019-10-21 18:38:59,810 [main] INFO  ozone.MiniOzoneClusterImpl (MiniOzoneClusterImpl.java:lambda$waitForClusterToBeReady$0(147)) - Cluster is ready. Got 3 of 3 DN Heartbeats.
2019-10-21 18:39:00,274 [main] INFO  rpc.RpcClient (RpcClient.java:createVolume(272)) - Creating Volume: testcontainerstatemachinefailures, with jenkins1000 as owner.
2019-10-21 18:39:00,357 [IPC Server handler 2 on 38673] INFO  volume.OMVolumeCreateRequest (OMVolumeCreateRequest.java:validateAndUpdateCache(193)) - created volume:testcontainerstatemachinefailures for user:jenkins1000
2019-10-21 18:39:00,380 [main] INFO  rpc.RpcClient (RpcClient.java:createBucket(411)) - Creating Bucket: testcontainerstatemachinefailures/testcontainerstatemachinefailures, with Versioning false and Storage Type set to DISK and Encryption set to false 
2019-10-21 18:39:00,443 [IPC Server handler 0 on 39835] INFO  server.SCMBlockProtocolServer (SCMBlockProtocolServer.java:allocateBlock(179)) - Allocating 1 blocks of size 4194304, with ExcludeList {datanodes = [], containerIds = [], pipelineIds = []}
2019-10-21 18:39:00,744 [main] INFO  impl.MetricsSystemImpl (MetricsSystemImpl.java:init(158)) - XceiverClientMetrics metrics system started (again)
2019-10-21 18:39:01,718 [Thread-181] INFO  container.ReplicationManager (ReplicationManager.java:start(162)) - Starting Replication Monitor Thread.
2019-10-21 18:39:01,722 [ReplicationMonitor] INFO  container.ReplicationManager (ReplicationManager.java:run(225)) - Replication Monitor Thread took 3 milliseconds for processing 1 containers.
2019-10-21 18:39:04,448 [Thread-186] INFO  impl.FollowerState (FollowerState.java:run(111)) - 1417b996-b29d-4b85-9617-279817c9415e@group-E7A756E52CFA-FollowerState: change to CANDIDATE, lastRpcTime:5076ms, electionTimeout:5076ms
2019-10-21 18:39:04,449 [Thread-186] INFO  impl.RoleInfo (RoleInfo.java:shutdownFollowerState(121)) - 1417b996-b29d-4b85-9617-279817c9415e: shutdown FollowerState
2019-10-21 18:39:04,450 [Thread-186] INFO  impl.RaftServerImpl (RaftServerImpl.java:setRole(173)) - 1417b996-b29d-4b85-9617-279817c9415e@group-E7A756E52CFA: changes role from  FOLLOWER to CANDIDATE at term 0 for changeToCandidate
2019-10-21 18:39:04,455 [Thread-186] INFO  impl.RoleInfo (RoleInfo.java:updateAndGet(143)) - 1417b996-b29d-4b85-9617-279817c9415e: start LeaderElection
2019-10-21 18:39:04,472 [1417b996-b29d-4b85-9617-279817c9415e@group-E7A756E52CFA-LeaderElection1] INFO  impl.LeaderElection (LeaderElection.java:askForVotes(178)) - 1417b996-b29d-4b85-9617-279817c9415e@group-E7A756E52CFA-LeaderElection1: begin an election at term 1 for -1: [1417b996-b29d-4b85-9617-279817c9415e:192.168.69.123:46747], old=null
2019-10-21 18:39:04,474 [1417b996-b29d-4b85-9617-279817c9415e@group-E7A756E52CFA-LeaderElection1] INFO  impl.RoleInfo (RoleInfo.java:shutdownLeaderElection(134)) - 1417b996-b29d-4b85-9617-279817c9415e: shutdown LeaderElection
2019-10-21 18:39:04,475 [1417b996-b29d-4b85-9617-279817c9415e@group-E7A756E52CFA-LeaderElection1] INFO  impl.RaftServerImpl (RaftServerImpl.java:setRole(173)) - 1417b996-b29d-4b85-9617-279817c9415e@group-E7A756E52CFA: changes role from CANDIDATE to LEADER at term 1 for changeToLeader
2019-10-21 18:39:04,476 [1417b996-b29d-4b85-9617-279817c9415e@group-E7A756E52CFA-LeaderElection1] INFO  impl.RaftServerImpl (ServerState.java:setLeader(255)) - 1417b996-b29d-4b85-9617-279817c9415e@group-E7A756E52CFA: change Leader from null to 1417b996-b29d-4b85-9617-279817c9415e at term 1 for becomeLeader, leader elected after 5173ms
2019-10-21 18:39:04,480 [1417b996-b29d-4b85-9617-279817c9415e@group-E7A756E52CFA-LeaderElection1] INFO  server.RaftServerConfigKeys (ConfUtils.java:logGet(43)) - raft.server.staging.catchup.gap = 1000 (default)
2019-10-21 18:39:04,481 [1417b996-b29d-4b85-9617-279817c9415e@group-E7A756E52CFA-LeaderElection1] INFO  server.RaftServerConfigKeys (ConfUtils.java:logGet(43)) - raft.server.rpc.sleep.time = 25ms (default)
2019-10-21 18:39:04,484 [1417b996-b29d-4b85-9617-279817c9415e@group-E7A756E52CFA-LeaderElection1] INFO  server.RaftServerConfigKeys (ConfUtils.java:logGet(43)) - raft.server.write.element-limit = 4096 (default)
2019-10-21 18:39:04,488 [1417b996-b29d-4b85-9617-279817c9415e@group-E7A756E52CFA-LeaderElection1] INFO  server.RaftServerConfigKeys (ConfUtils.java:logGet(43)) - raft.server.watch.timeout = 10s (default)
2019-10-21 18:39:04,488 [1417b996-b29d-4b85-9617-279817c9415e@group-E7A756E52CFA-LeaderElection1] INFO  server.RaftServerConfigKeys (ConfUtils.java:logGet(43)) - raft.server.watch.timeout.denomination = 1s (default)
2019-10-21 18:39:04,489 [1417b996-b29d-4b85-9617-279817c9415e@group-E7A756E52CFA-LeaderElection1] INFO  server.RaftServerConfigKeys (ConfUtils.java:logGet(43)) - raft.server.watch.element-limit = 65536 (default)
2019-10-21 18:39:04,494 [1417b996-b29d-4b85-9617-279817c9415e@group-E7A756E52CFA-LeaderElection1] INFO  impl.RoleInfo (RoleInfo.java:updateAndGet(143)) - 1417b996-b29d-4b85-9617-279817c9415e: start LeaderState
2019-10-21 18:39:04,511 [1417b996-b29d-4b85-9617-279817c9415e@group-E7A756E52CFA-LeaderElection1] INFO  segmented.SegmentedRaftLogWorker (SegmentedRaftLogWorker.java:startLogSegment(385)) - 1417b996-b29d-4b85-9617-279817c9415e@group-E7A756E52CFA-SegmentedRaftLogWorker: Starting segment from index:0
2019-10-21 18:39:04,519 [1417b996-b29d-4b85-9617-279817c9415e@group-E7A756E52CFA-LeaderElection1] INFO  impl.RaftServerImpl (ServerState.java:setRaftConf(356)) - 1417b996-b29d-4b85-9617-279817c9415e@group-E7A756E52CFA: set configuration 0: [1417b996-b29d-4b85-9617-279817c9415e:192.168.69.123:46747], old=null at 0
2019-10-21 18:39:04,613 [Thread-189] INFO  impl.FollowerState (FollowerState.java:run(111)) - 0ae462f6-a5e4-462b-9a24-121d451bcbc9@group-1A4FCE6EDBEE-FollowerState: change to CANDIDATE, lastRpcTime:5112ms, electionTimeout:5112ms
2019-10-21 18:39:04,618 [Thread-189] INFO  impl.RoleInfo (RoleInfo.java:shutdownFollowerState(121)) - 0ae462f6-a5e4-462b-9a24-121d451bcbc9: shutdown FollowerState
2019-10-21 18:39:04,618 [Thread-189] INFO  impl.RaftServerImpl (RaftServerImpl.java:setRole(173)) - 0ae462f6-a5e4-462b-9a24-121d451bcbc9@group-1A4FCE6EDBEE: changes role from  FOLLOWER to CANDIDATE at term 0 for changeToCandidate
2019-10-21 18:39:04,618 [Thread-189] INFO  impl.RoleInfo (RoleInfo.java:updateAndGet(143)) - 0ae462f6-a5e4-462b-9a24-121d451bcbc9: start LeaderElection
2019-10-21 18:39:04,634 [0ae462f6-a5e4-462b-9a24-121d451bcbc9@group-1A4FCE6EDBEE-LeaderElection2] INFO  impl.LeaderElection (LeaderElection.java:askForVotes(178)) - 0ae462f6-a5e4-462b-9a24-121d451bcbc9@group-1A4FCE6EDBEE-LeaderElection2: begin an election at term 1 for -1: [0ae462f6-a5e4-462b-9a24-121d451bcbc9:192.168.69.123:38247], old=null
2019-10-21 18:39:04,634 [0ae462f6-a5e4-462b-9a24-121d451bcbc9@group-1A4FCE6EDBEE-LeaderElection2] INFO  impl.RoleInfo (RoleInfo.java:shutdownLeaderElection(134)) - 0ae462f6-a5e4-462b-9a24-121d451bcbc9: shutdown LeaderElection
2019-10-21 18:39:04,634 [0ae462f6-a5e4-462b-9a24-121d451bcbc9@group-1A4FCE6EDBEE-LeaderElection2] INFO  impl.RaftServerImpl (RaftServerImpl.java:setRole(173)) - 0ae462f6-a5e4-462b-9a24-121d451bcbc9@group-1A4FCE6EDBEE: changes role from CANDIDATE to LEADER at term 1 for changeToLeader
2019-10-21 18:39:04,635 [0ae462f6-a5e4-462b-9a24-121d451bcbc9@group-1A4FCE6EDBEE-LeaderElection2] INFO  impl.RaftServerImpl (ServerState.java:setLeader(255)) - 0ae462f6-a5e4-462b-9a24-121d451bcbc9@group-1A4FCE6EDBEE: change Leader from null to 0ae462f6-a5e4-462b-9a24-121d451bcbc9 at term 1 for becomeLeader, leader elected after 5140ms
2019-10-21 18:39:04,635 [0ae462f6-a5e4-462b-9a24-121d451bcbc9@group-1A4FCE6EDBEE-LeaderElection2] INFO  server.RaftServerConfigKeys (ConfUtils.java:logGet(43)) - raft.server.staging.catchup.gap = 1000 (default)
2019-10-21 18:39:04,635 [0ae462f6-a5e4-462b-9a24-121d451bcbc9@group-1A4FCE6EDBEE-LeaderElection2] INFO  server.RaftServerConfigKeys (ConfUtils.java:logGet(43)) - raft.server.rpc.sleep.time = 25ms (default)
2019-10-21 18:39:04,635 [0ae462f6-a5e4-462b-9a24-121d451bcbc9@group-1A4FCE6EDBEE-LeaderElection2] INFO  server.RaftServerConfigKeys (ConfUtils.java:logGet(43)) - raft.server.write.element-limit = 4096 (default)
2019-10-21 18:39:04,636 [0ae462f6-a5e4-462b-9a24-121d451bcbc9@group-1A4FCE6EDBEE-LeaderElection2] INFO  server.RaftServerConfigKeys (ConfUtils.java:logGet(43)) - raft.server.watch.timeout = 10s (default)
2019-10-21 18:39:04,636 [0ae462f6-a5e4-462b-9a24-121d451bcbc9@group-1A4FCE6EDBEE-LeaderElection2] INFO  server.RaftServerConfigKeys (ConfUtils.java:logGet(43)) - raft.server.watch.timeout.denomination = 1s (default)
2019-10-21 18:39:04,636 [0ae462f6-a5e4-462b-9a24-121d451bcbc9@group-1A4FCE6EDBEE-LeaderElection2] INFO  server.RaftServerConfigKeys (ConfUtils.java:logGet(43)) - raft.server.watch.element-limit = 65536 (default)
2019-10-21 18:39:04,636 [0ae462f6-a5e4-462b-9a24-121d451bcbc9@group-1A4FCE6EDBEE-LeaderElection2] INFO  impl.RoleInfo (RoleInfo.java:updateAndGet(143)) - 0ae462f6-a5e4-462b-9a24-121d451bcbc9: start LeaderState
2019-10-21 18:39:04,637 [0ae462f6-a5e4-462b-9a24-121d451bcbc9@group-1A4FCE6EDBEE-LeaderElection2] INFO  segmented.SegmentedRaftLogWorker (SegmentedRaftLogWorker.java:startLogSegment(385)) - 0ae462f6-a5e4-462b-9a24-121d451bcbc9@group-1A4FCE6EDBEE-SegmentedRaftLogWorker: Starting segment from index:0
2019-10-21 18:39:04,637 [0ae462f6-a5e4-462b-9a24-121d451bcbc9@group-1A4FCE6EDBEE-LeaderElection2] INFO  impl.RaftServerImpl (ServerState.java:setRaftConf(356)) - 0ae462f6-a5e4-462b-9a24-121d451bcbc9@group-1A4FCE6EDBEE: set configuration 0: [0ae462f6-a5e4-462b-9a24-121d451bcbc9:192.168.69.123:38247], old=null at 0
2019-10-21 18:39:04,685 [Thread-192] INFO  impl.FollowerState (FollowerState.java:run(111)) - 52ea385b-513a-41c9-81e3-3ab71399b638@group-CBF3351CBA1E-FollowerState: change to CANDIDATE, lastRpcTime:5113ms, electionTimeout:5113ms
2019-10-21 18:39:04,698 [Thread-201] INFO  impl.FollowerState (FollowerState.java:run(111)) - 1417b996-b29d-4b85-9617-279817c9415e@group-0A44C9741378-FollowerState: change to CANDIDATE, lastRpcTime:5036ms, electionTimeout:5023ms
2019-10-21 18:39:04,699 [Thread-192] INFO  impl.RoleInfo (RoleInfo.java:shutdownFollowerState(121)) - 52ea385b-513a-41c9-81e3-3ab71399b638: shutdown FollowerState
2019-10-21 18:39:04,699 [Thread-201] INFO  impl.RoleInfo (RoleInfo.java:shutdownFollowerState(121)) - 1417b996-b29d-4b85-9617-279817c9415e: shutdown FollowerState
2019-10-21 18:39:04,699 [Thread-192] INFO  impl.RaftServerImpl (RaftServerImpl.java:setRole(173)) - 52ea385b-513a-41c9-81e3-3ab71399b638@group-CBF3351CBA1E: changes role from  FOLLOWER to CANDIDATE at term 0 for changeToCandidate
2019-10-21 18:39:04,699 [Thread-201] INFO  impl.RaftServerImpl (RaftServerImpl.java:setRole(173)) - 1417b996-b29d-4b85-9617-279817c9415e@group-0A44C9741378: changes role from  FOLLOWER to CANDIDATE at term 0 for changeToCandidate
2019-10-21 18:39:04,699 [Thread-192] INFO  impl.RoleInfo (RoleInfo.java:updateAndGet(143)) - 52ea385b-513a-41c9-81e3-3ab71399b638: start LeaderElection
2019-10-21 18:39:04,700 [Thread-201] INFO  impl.RoleInfo (RoleInfo.java:updateAndGet(143)) - 1417b996-b29d-4b85-9617-279817c9415e: start LeaderElection
2019-10-21 18:39:04,718 [0ae462f6-a5e4-462b-9a24-121d451bcbc9@group-1A4FCE6EDBEE-SegmentedRaftLogWorker] INFO  segmented.SegmentedRaftLogWorker (SegmentedRaftLogWorker.java:execute(576)) - 0ae462f6-a5e4-462b-9a24-121d451bcbc9@group-1A4FCE6EDBEE-SegmentedRaftLogWorker: created new log segment /workdir/hadoop-ozone/integration-test/target/test-dir/MiniOzoneClusterImpl-73360a76-796f-4047-87d4-3c41f9cd92df/datanode-1/data/ratis/f4b46862-0b90-4985-b4d5-1a4fce6edbee/current/log_inprogress_0
2019-10-21 18:39:04,719 [1417b996-b29d-4b85-9617-279817c9415e@group-0A44C9741378-LeaderElection4] INFO  impl.LeaderElection (LeaderElection.java:askForVotes(178)) - 1417b996-b29d-4b85-9617-279817c9415e@group-0A44C9741378-LeaderElection4: begin an election at term 1 for -1: [1417b996-b29d-4b85-9617-279817c9415e:192.168.69.123:46747, 0ae462f6-a5e4-462b-9a24-121d451bcbc9:192.168.69.123:38247, 52ea385b-513a-41c9-81e3-3ab71399b638:192.168.69.123:37619], old=null
2019-10-21 18:39:04,718 [52ea385b-513a-41c9-81e3-3ab71399b638@group-CBF3351CBA1E-LeaderElection3] INFO  impl.LeaderElection (LeaderElection.java:askForVotes(178)) - 52ea385b-513a-41c9-81e3-3ab71399b638@group-CBF3351CBA1E-LeaderElection3: begin an election at term 1 for -1: [52ea385b-513a-41c9-81e3-3ab71399b638:192.168.69.123:37619], old=null
2019-10-21 18:39:04,718 [1417b996-b29d-4b85-9617-279817c9415e@group-E7A756E52CFA-SegmentedRaftLogWorker] INFO  segmented.SegmentedRaftLogWorker (SegmentedRaftLogWorker.java:execute(576)) - 1417b996-b29d-4b85-9617-279817c9415e@group-E7A756E52CFA-SegmentedRaftLogWorker: created new log segment /workdir/hadoop-ozone/integration-test/target/test-dir/MiniOzoneClusterImpl-73360a76-796f-4047-87d4-3c41f9cd92df/datanode-0/data/ratis/85500043-c659-4ef8-855d-e7a756e52cfa/current/log_inprogress_0
2019-10-21 18:39:04,719 [52ea385b-513a-41c9-81e3-3ab71399b638@group-CBF3351CBA1E-LeaderElection3] INFO  impl.RoleInfo (RoleInfo.java:shutdownLeaderElection(134)) - 52ea385b-513a-41c9-81e3-3ab71399b638: shutdown LeaderElection
2019-10-21 18:39:04,719 [52ea385b-513a-41c9-81e3-3ab71399b638@group-CBF3351CBA1E-LeaderElection3] INFO  impl.RaftServerImpl (RaftServerImpl.java:setRole(173)) - 52ea385b-513a-41c9-81e3-3ab71399b638@group-CBF3351CBA1E: changes role from CANDIDATE to LEADER at term 1 for changeToLeader
2019-10-21 18:39:04,719 [52ea385b-513a-41c9-81e3-3ab71399b638@group-CBF3351CBA1E-LeaderElection3] INFO  impl.RaftServerImpl (ServerState.java:setLeader(255)) - 52ea385b-513a-41c9-81e3-3ab71399b638@group-CBF3351CBA1E: change Leader from null to 52ea385b-513a-41c9-81e3-3ab71399b638 at term 1 for becomeLeader, leader elected after 5152ms
2019-10-21 18:39:04,720 [52ea385b-513a-41c9-81e3-3ab71399b638@group-CBF3351CBA1E-LeaderElection3] INFO  server.RaftServerConfigKeys (ConfUtils.java:logGet(43)) - raft.server.staging.catchup.gap = 1000 (default)
2019-10-21 18:39:04,720 [52ea385b-513a-41c9-81e3-3ab71399b638@group-CBF3351CBA1E-LeaderElection3] INFO  server.RaftServerConfigKeys (ConfUtils.java:logGet(43)) - raft.server.rpc.sleep.time = 25ms (default)
2019-10-21 18:39:04,720 [52ea385b-513a-41c9-81e3-3ab71399b638@group-CBF3351CBA1E-LeaderElection3] INFO  server.RaftServerConfigKeys (ConfUtils.java:logGet(43)) - raft.server.write.element-limit = 4096 (default)
2019-10-21 18:39:04,720 [52ea385b-513a-41c9-81e3-3ab71399b638@group-CBF3351CBA1E-LeaderElection3] INFO  server.RaftServerConfigKeys (ConfUtils.java:logGet(43)) - raft.server.watch.timeout = 10s (default)
2019-10-21 18:39:04,720 [52ea385b-513a-41c9-81e3-3ab71399b638@group-CBF3351CBA1E-LeaderElection3] INFO  server.RaftServerConfigKeys (ConfUtils.java:logGet(43)) - raft.server.watch.timeout.denomination = 1s (default)
2019-10-21 18:39:04,720 [52ea385b-513a-41c9-81e3-3ab71399b638@group-CBF3351CBA1E-LeaderElection3] INFO  server.RaftServerConfigKeys (ConfUtils.java:logGet(43)) - raft.server.watch.element-limit = 65536 (default)
2019-10-21 18:39:04,721 [52ea385b-513a-41c9-81e3-3ab71399b638@group-CBF3351CBA1E-LeaderElection3] INFO  impl.RoleInfo (RoleInfo.java:updateAndGet(143)) - 52ea385b-513a-41c9-81e3-3ab71399b638: start LeaderState
2019-10-21 18:39:04,721 [52ea385b-513a-41c9-81e3-3ab71399b638@group-CBF3351CBA1E-LeaderElection3] INFO  segmented.SegmentedRaftLogWorker (SegmentedRaftLogWorker.java:startLogSegment(385)) - 52ea385b-513a-41c9-81e3-3ab71399b638@group-CBF3351CBA1E-SegmentedRaftLogWorker: Starting segment from index:0
2019-10-21 18:39:04,721 [52ea385b-513a-41c9-81e3-3ab71399b638@group-CBF3351CBA1E-LeaderElection3] INFO  impl.RaftServerImpl (ServerState.java:setRaftConf(356)) - 52ea385b-513a-41c9-81e3-3ab71399b638@group-CBF3351CBA1E: set configuration 0: [52ea385b-513a-41c9-81e3-3ab71399b638:192.168.69.123:37619], old=null at 0
2019-10-21 18:39:04,754 [Thread-195] INFO  impl.FollowerState (FollowerState.java:run(111)) - 52ea385b-513a-41c9-81e3-3ab71399b638@group-0A44C9741378-FollowerState: change to CANDIDATE, lastRpcTime:5098ms, electionTimeout:5076ms
2019-10-21 18:39:04,754 [Thread-195] INFO  impl.RoleInfo (RoleInfo.java:shutdownFollowerState(121)) - 52ea385b-513a-41c9-81e3-3ab71399b638: shutdown FollowerState
2019-10-21 18:39:04,754 [Thread-195] INFO  impl.RaftServerImpl (RaftServerImpl.java:setRole(173)) - 52ea385b-513a-41c9-81e3-3ab71399b638@group-0A44C9741378: changes role from  FOLLOWER to CANDIDATE at term 0 for changeToCandidate
2019-10-21 18:39:04,755 [Thread-195] INFO  impl.RoleInfo (RoleInfo.java:updateAndGet(143)) - 52ea385b-513a-41c9-81e3-3ab71399b638: start LeaderElection
2019-10-21 18:39:04,767 [52ea385b-513a-41c9-81e3-3ab71399b638@group-CBF3351CBA1E-SegmentedRaftLogWorker] INFO  segmented.SegmentedRaftLogWorker (SegmentedRaftLogWorker.java:execute(576)) - 52ea385b-513a-41c9-81e3-3ab71399b638@group-CBF3351CBA1E-SegmentedRaftLogWorker: created new log segment /workdir/hadoop-ozone/integration-test/target/test-dir/MiniOzoneClusterImpl-73360a76-796f-4047-87d4-3c41f9cd92df/datanode-2/data/ratis/c2028d19-7e83-46d6-b69f-cbf3351cba1e/current/log_inprogress_0
2019-10-21 18:39:04,767 [52ea385b-513a-41c9-81e3-3ab71399b638@group-0A44C9741378-LeaderElection5] INFO  impl.LeaderElection (LeaderElection.java:askForVotes(178)) - 52ea385b-513a-41c9-81e3-3ab71399b638@group-0A44C9741378-LeaderElection5: begin an election at term 1 for -1: [1417b996-b29d-4b85-9617-279817c9415e:192.168.69.123:46747, 0ae462f6-a5e4-462b-9a24-121d451bcbc9:192.168.69.123:38247, 52ea385b-513a-41c9-81e3-3ab71399b638:192.168.69.123:37619], old=null
2019-10-21 18:39:04,782 [grpc-default-executor-0] INFO  impl.RaftServerImpl (RaftServerImpl.java:setRole(173)) - 0ae462f6-a5e4-462b-9a24-121d451bcbc9@group-0A44C9741378: changes role from  FOLLOWER to FOLLOWER at term 1 for recognizeCandidate:1417b996-b29d-4b85-9617-279817c9415e
2019-10-21 18:39:04,782 [grpc-default-executor-0] INFO  impl.RoleInfo (RoleInfo.java:shutdownFollowerState(121)) - 0ae462f6-a5e4-462b-9a24-121d451bcbc9: shutdown FollowerState
2019-10-21 18:39:04,782 [Thread-198] INFO  impl.FollowerState (FollowerState.java:run(120)) - 0ae462f6-a5e4-462b-9a24-121d451bcbc9@group-0A44C9741378-FollowerState was interrupted: java.lang.InterruptedException: sleep interrupted
2019-10-21 18:39:04,782 [grpc-default-executor-0] INFO  impl.RoleInfo (RoleInfo.java:updateAndGet(143)) - 0ae462f6-a5e4-462b-9a24-121d451bcbc9: start FollowerState
2019-10-21 18:39:04,820 [52ea385b-513a-41c9-81e3-3ab71399b638@group-0A44C9741378-LeaderElection5] INFO  impl.LeaderElection (LeaderElection.java:logAndReturn(56)) - 52ea385b-513a-41c9-81e3-3ab71399b638@group-0A44C9741378-LeaderElection5: Election REJECTED; received 2 response(s) [52ea385b-513a-41c9-81e3-3ab71399b638<-1417b996-b29d-4b85-9617-279817c9415e#0:FAIL-t1, 52ea385b-513a-41c9-81e3-3ab71399b638<-0ae462f6-a5e4-462b-9a24-121d451bcbc9#0:FAIL-t1] and 0 exception(s); 52ea385b-513a-41c9-81e3-3ab71399b638@group-0A44C9741378:t1, leader=null, voted=52ea385b-513a-41c9-81e3-3ab71399b638, raftlog=52ea385b-513a-41c9-81e3-3ab71399b638@group-0A44C9741378-SegmentedRaftLog:OPENED:c-1,f-1,i0, conf=-1: [1417b996-b29d-4b85-9617-279817c9415e:192.168.69.123:46747, 0ae462f6-a5e4-462b-9a24-121d451bcbc9:192.168.69.123:38247, 52ea385b-513a-41c9-81e3-3ab71399b638:192.168.69.123:37619], old=null
2019-10-21 18:39:04,820 [1417b996-b29d-4b85-9617-279817c9415e@group-0A44C9741378-LeaderElection4] INFO  impl.LeaderElection (LeaderElection.java:logAndReturn(56)) - 1417b996-b29d-4b85-9617-279817c9415e@group-0A44C9741378-LeaderElection4: Election PASSED; received 2 response(s) [1417b996-b29d-4b85-9617-279817c9415e<-52ea385b-513a-41c9-81e3-3ab71399b638#0:FAIL-t1, 1417b996-b29d-4b85-9617-279817c9415e<-0ae462f6-a5e4-462b-9a24-121d451bcbc9#0:OK-t1] and 0 exception(s); 1417b996-b29d-4b85-9617-279817c9415e@group-0A44C9741378:t1, leader=null, voted=1417b996-b29d-4b85-9617-279817c9415e, raftlog=1417b996-b29d-4b85-9617-279817c9415e@group-0A44C9741378-SegmentedRaftLog:OPENED:c-1,f-1,i0, conf=-1: [1417b996-b29d-4b85-9617-279817c9415e:192.168.69.123:46747, 0ae462f6-a5e4-462b-9a24-121d451bcbc9:192.168.69.123:38247, 52ea385b-513a-41c9-81e3-3ab71399b638:192.168.69.123:37619], old=null
2019-10-21 18:39:04,820 [52ea385b-513a-41c9-81e3-3ab71399b638@group-0A44C9741378-LeaderElection5] INFO  impl.RaftServerImpl (RaftServerImpl.java:setRole(173)) - 52ea385b-513a-41c9-81e3-3ab71399b638@group-0A44C9741378: changes role from CANDIDATE to FOLLOWER at term 1 for DISCOVERED_A_NEW_TERM
2019-10-21 18:39:04,822 [52ea385b-513a-41c9-81e3-3ab71399b638@group-0A44C9741378-LeaderElection5] INFO  impl.RoleInfo (RoleInfo.java:shutdownLeaderElection(134)) - 52ea385b-513a-41c9-81e3-3ab71399b638: shutdown LeaderElection
2019-10-21 18:39:04,823 [1417b996-b29d-4b85-9617-279817c9415e@group-0A44C9741378-LeaderElection4] INFO  impl.RoleInfo (RoleInfo.java:shutdownLeaderElection(134)) - 1417b996-b29d-4b85-9617-279817c9415e: shutdown LeaderElection
2019-10-21 18:39:04,825 [52ea385b-513a-41c9-81e3-3ab71399b638@group-0A44C9741378-LeaderElection5] INFO  impl.RoleInfo (RoleInfo.java:updateAndGet(143)) - 52ea385b-513a-41c9-81e3-3ab71399b638: start FollowerState
2019-10-21 18:39:04,825 [1417b996-b29d-4b85-9617-279817c9415e@group-0A44C9741378-LeaderElection4] INFO  impl.RaftServerImpl (RaftServerImpl.java:setRole(173)) - 1417b996-b29d-4b85-9617-279817c9415e@group-0A44C9741378: changes role from CANDIDATE to LEADER at term 1 for changeToLeader
2019-10-21 18:39:04,826 [1417b996-b29d-4b85-9617-279817c9415e@group-0A44C9741378-LeaderElection4] INFO  impl.RaftServerImpl (ServerState.java:setLeader(255)) - 1417b996-b29d-4b85-9617-279817c9415e@group-0A44C9741378: change Leader from null to 1417b996-b29d-4b85-9617-279817c9415e at term 1 for becomeLeader, leader elected after 5177ms
2019-10-21 18:39:04,826 [1417b996-b29d-4b85-9617-279817c9415e@group-0A44C9741378-LeaderElection4] INFO  server.RaftServerConfigKeys (ConfUtils.java:logGet(43)) - raft.server.staging.catchup.gap = 1000 (default)
2019-10-21 18:39:04,826 [1417b996-b29d-4b85-9617-279817c9415e@group-0A44C9741378-LeaderElection4] INFO  server.RaftServerConfigKeys (ConfUtils.java:logGet(43)) - raft.server.rpc.sleep.time = 25ms (default)
2019-10-21 18:39:04,827 [1417b996-b29d-4b85-9617-279817c9415e@group-0A44C9741378-LeaderElection4] INFO  server.RaftServerConfigKeys (ConfUtils.java:logGet(43)) - raft.server.write.element-limit = 4096 (default)
2019-10-21 18:39:04,827 [1417b996-b29d-4b85-9617-279817c9415e@group-0A44C9741378-LeaderElection4] INFO  server.RaftServerConfigKeys (ConfUtils.java:logGet(43)) - raft.server.watch.timeout = 10s (default)
2019-10-21 18:39:04,827 [1417b996-b29d-4b85-9617-279817c9415e@group-0A44C9741378-LeaderElection4] INFO  server.RaftServerConfigKeys (ConfUtils.java:logGet(43)) - raft.server.watch.timeout.denomination = 1s (default)
2019-10-21 18:39:04,827 [1417b996-b29d-4b85-9617-279817c9415e@group-0A44C9741378-LeaderElection4] INFO  server.RaftServerConfigKeys (ConfUtils.java:logGet(43)) - raft.server.watch.element-limit = 65536 (default)
2019-10-21 18:39:04,830 [1417b996-b29d-4b85-9617-279817c9415e@group-0A44C9741378-LeaderElection4] INFO  server.RaftServerConfigKeys (ConfUtils.java:logGet(43)) - raft.server.log.appender.snapshot.chunk.size.max = 16MB (=16777216) (default)
2019-10-21 18:39:04,831 [1417b996-b29d-4b85-9617-279817c9415e@group-0A44C9741378-LeaderElection4] INFO  server.RaftServerConfigKeys (ConfUtils.java:logGet(43)) - raft.server.log.appender.buffer.byte-limit = 33554432 (custom)
2019-10-21 18:39:04,831 [1417b996-b29d-4b85-9617-279817c9415e@group-0A44C9741378-LeaderElection4] INFO  server.RaftServerConfigKeys (ConfUtils.java:logGet(43)) - raft.server.log.appender.buffer.element-limit = 1 (custom)
2019-10-21 18:39:04,836 [1417b996-b29d-4b85-9617-279817c9415e@group-0A44C9741378-LeaderElection4] INFO  grpc.GrpcConfigKeys$Server (ConfUtils.java:logGet(43)) - raft.grpc.server.leader.outstanding.appends.max = 128 (default)
2019-10-21 18:39:04,836 [1417b996-b29d-4b85-9617-279817c9415e@group-0A44C9741378-LeaderElection4] INFO  server.RaftServerConfigKeys (ConfUtils.java:logGet(43)) - raft.server.rpc.request.timeout = 3000ms (default)
2019-10-21 18:39:04,836 [1417b996-b29d-4b85-9617-279817c9415e@group-0A44C9741378-LeaderElection4] INFO  server.RaftServerConfigKeys (ConfUtils.java:logGet(43)) - raft.server.log.appender.install.snapshot.enabled = false (custom)
2019-10-21 18:39:04,838 [1417b996-b29d-4b85-9617-279817c9415e@group-0A44C9741378-LeaderElection4] WARN  impl.MetricRegistriesImpl (MetricRegistriesImpl.java:lambda$create$1(61)) - First MetricRegistry has been created without registering reporters. You may need to call MetricRegistries.global().addReportRegistration(...) before.
2019-10-21 18:39:04,839 [1417b996-b29d-4b85-9617-279817c9415e@group-0A44C9741378-LeaderElection4] INFO  server.RaftServerConfigKeys (ConfUtils.java:logGet(43)) - raft.server.log.appender.snapshot.chunk.size.max = 16MB (=16777216) (default)
2019-10-21 18:39:04,839 [1417b996-b29d-4b85-9617-279817c9415e@group-0A44C9741378-LeaderElection4] INFO  server.RaftServerConfigKeys (ConfUtils.java:logGet(43)) - raft.server.log.appender.buffer.byte-limit = 33554432 (custom)
2019-10-21 18:39:04,839 [1417b996-b29d-4b85-9617-279817c9415e@group-0A44C9741378-LeaderElection4] INFO  server.RaftServerConfigKeys (ConfUtils.java:logGet(43)) - raft.server.log.appender.buffer.element-limit = 1 (custom)
2019-10-21 18:39:04,840 [1417b996-b29d-4b85-9617-279817c9415e@group-0A44C9741378-LeaderElection4] INFO  grpc.GrpcConfigKeys$Server (ConfUtils.java:logGet(43)) - raft.grpc.server.leader.outstanding.appends.max = 128 (default)
2019-10-21 18:39:04,840 [1417b996-b29d-4b85-9617-279817c9415e@group-0A44C9741378-LeaderElection4] INFO  server.RaftServerConfigKeys (ConfUtils.java:logGet(43)) - raft.server.rpc.request.timeout = 3000ms (default)
2019-10-21 18:39:04,840 [1417b996-b29d-4b85-9617-279817c9415e@group-0A44C9741378-LeaderElection4] INFO  server.RaftServerConfigKeys (ConfUtils.java:logGet(43)) - raft.server.log.appender.install.snapshot.enabled = false (custom)
2019-10-21 18:39:04,841 [1417b996-b29d-4b85-9617-279817c9415e@group-0A44C9741378-LeaderElection4] INFO  impl.RoleInfo (RoleInfo.java:updateAndGet(143)) - 1417b996-b29d-4b85-9617-279817c9415e: start LeaderState
2019-10-21 18:39:04,842 [1417b996-b29d-4b85-9617-279817c9415e@group-0A44C9741378-LeaderElection4] INFO  segmented.SegmentedRaftLogWorker (SegmentedRaftLogWorker.java:startLogSegment(385)) - 1417b996-b29d-4b85-9617-279817c9415e@group-0A44C9741378-SegmentedRaftLogWorker: Starting segment from index:0
2019-10-21 18:39:04,843 [1417b996-b29d-4b85-9617-279817c9415e@group-0A44C9741378-LeaderElection4] INFO  impl.RaftServerImpl (ServerState.java:setRaftConf(356)) - 1417b996-b29d-4b85-9617-279817c9415e@group-0A44C9741378: set configuration 0: [1417b996-b29d-4b85-9617-279817c9415e:192.168.69.123:46747, 0ae462f6-a5e4-462b-9a24-121d451bcbc9:192.168.69.123:38247, 52ea385b-513a-41c9-81e3-3ab71399b638:192.168.69.123:37619], old=null at 0
2019-10-21 18:39:04,880 [1417b996-b29d-4b85-9617-279817c9415e@group-0A44C9741378-SegmentedRaftLogWorker] INFO  segmented.SegmentedRaftLogWorker (SegmentedRaftLogWorker.java:execute(576)) - 1417b996-b29d-4b85-9617-279817c9415e@group-0A44C9741378-SegmentedRaftLogWorker: created new log segment /workdir/hadoop-ozone/integration-test/target/test-dir/MiniOzoneClusterImpl-73360a76-796f-4047-87d4-3c41f9cd92df/datanode-0/data/ratis/4cfe140f-d3a3-4309-ae7c-0a44c9741378/current/log_inprogress_0
2019-10-21 18:39:04,888 [grpc-default-executor-3] INFO  impl.RaftServerImpl (ServerState.java:setLeader(255)) - 52ea385b-513a-41c9-81e3-3ab71399b638@group-0A44C9741378: change Leader from null to 1417b996-b29d-4b85-9617-279817c9415e at term 1 for appendEntries, leader elected after 5240ms
2019-10-21 18:39:04,888 [grpc-default-executor-0] INFO  impl.RaftServerImpl (ServerState.java:setLeader(255)) - 0ae462f6-a5e4-462b-9a24-121d451bcbc9@group-0A44C9741378: change Leader from null to 1417b996-b29d-4b85-9617-279817c9415e at term 1 for appendEntries, leader elected after 5240ms
2019-10-21 18:39:04,914 [grpc-default-executor-0] INFO  impl.RaftServerImpl (ServerState.java:setRaftConf(356)) - 52ea385b-513a-41c9-81e3-3ab71399b638@group-0A44C9741378: set configuration 0: [1417b996-b29d-4b85-9617-279817c9415e:192.168.69.123:46747, 0ae462f6-a5e4-462b-9a24-121d451bcbc9:192.168.69.123:38247, 52ea385b-513a-41c9-81e3-3ab71399b638:192.168.69.123:37619], old=null at 0
2019-10-21 18:39:04,914 [grpc-default-executor-3] INFO  impl.RaftServerImpl (ServerState.java:setRaftConf(356)) - 0ae462f6-a5e4-462b-9a24-121d451bcbc9@group-0A44C9741378: set configuration 0: [1417b996-b29d-4b85-9617-279817c9415e:192.168.69.123:46747, 0ae462f6-a5e4-462b-9a24-121d451bcbc9:192.168.69.123:38247, 52ea385b-513a-41c9-81e3-3ab71399b638:192.168.69.123:37619], old=null at 0
2019-10-21 18:39:04,914 [grpc-default-executor-0] INFO  segmented.SegmentedRaftLogWorker (SegmentedRaftLogWorker.java:startLogSegment(385)) - 52ea385b-513a-41c9-81e3-3ab71399b638@group-0A44C9741378-SegmentedRaftLogWorker: Starting segment from index:0
2019-10-21 18:39:04,915 [grpc-default-executor-3] INFO  segmented.SegmentedRaftLogWorker (SegmentedRaftLogWorker.java:startLogSegment(385)) - 0ae462f6-a5e4-462b-9a24-121d451bcbc9@group-0A44C9741378-SegmentedRaftLogWorker: Starting segment from index:0
2019-10-21 18:39:04,960 [0ae462f6-a5e4-462b-9a24-121d451bcbc9@group-0A44C9741378-SegmentedRaftLogWorker] INFO  segmented.SegmentedRaftLogWorker (SegmentedRaftLogWorker.java:execute(576)) - 0ae462f6-a5e4-462b-9a24-121d451bcbc9@group-0A44C9741378-SegmentedRaftLogWorker: created new log segment /workdir/hadoop-ozone/integration-test/target/test-dir/MiniOzoneClusterImpl-73360a76-796f-4047-87d4-3c41f9cd92df/datanode-1/data/ratis/4cfe140f-d3a3-4309-ae7c-0a44c9741378/current/log_inprogress_0
2019-10-21 18:39:04,960 [52ea385b-513a-41c9-81e3-3ab71399b638@group-0A44C9741378-SegmentedRaftLogWorker] INFO  segmented.SegmentedRaftLogWorker (SegmentedRaftLogWorker.java:execute(576)) - 52ea385b-513a-41c9-81e3-3ab71399b638@group-0A44C9741378-SegmentedRaftLogWorker: created new log segment /workdir/hadoop-ozone/integration-test/target/test-dir/MiniOzoneClusterImpl-73360a76-796f-4047-87d4-3c41f9cd92df/datanode-2/data/ratis/4cfe140f-d3a3-4309-ae7c-0a44c9741378/current/log_inprogress_0
2019-10-21 18:39:05,310 [Datanode State Machine Thread - 0] INFO  statemachine.DatanodeStateMachine (DatanodeStateMachine.java:lambda$startDaemon$0(350)) - Ozone container server started.
2019-10-21 18:39:10,291 [main] INFO  ozoneimpl.OzoneContainer (OzoneContainer.java:stop(227)) - Attempting to stop container services.
2019-10-21 18:39:10,292 [main] INFO  impl.RaftServerProxy (RaftServerProxy.java:lambda$close$4(314)) - 52ea385b-513a-41c9-81e3-3ab71399b638: close
2019-10-21 18:39:10,294 [main] INFO  impl.RaftServerImpl (RaftServerImpl.java:lambda$shutdown$3(250)) - 52ea385b-513a-41c9-81e3-3ab71399b638@group-CBF3351CBA1E: shutdown
2019-10-21 18:39:10,294 [ForkJoinPool.commonPool-worker-1] INFO  impl.RaftServerImpl (RaftServerImpl.java:lambda$shutdown$3(250)) - 52ea385b-513a-41c9-81e3-3ab71399b638@group-0A44C9741378: shutdown
2019-10-21 18:39:10,294 [main] INFO  util.JmxRegister (JmxRegister.java:unregister(73)) - Successfully un-registered JMX Bean with object name Ratis:service=RaftServer,group=group-CBF3351CBA1E,id=52ea385b-513a-41c9-81e3-3ab71399b638
2019-10-21 18:39:10,295 [ForkJoinPool.commonPool-worker-1] INFO  util.JmxRegister (JmxRegister.java:unregister(73)) - Successfully un-registered JMX Bean with object name Ratis:service=RaftServer,group=group-0A44C9741378,id=52ea385b-513a-41c9-81e3-3ab71399b638
2019-10-21 18:39:10,295 [main] INFO  impl.RoleInfo (RoleInfo.java:shutdownLeaderState(104)) - 52ea385b-513a-41c9-81e3-3ab71399b638: shutdown LeaderState
2019-10-21 18:39:10,295 [ForkJoinPool.commonPool-worker-1] INFO  impl.RoleInfo (RoleInfo.java:shutdownFollowerState(121)) - 52ea385b-513a-41c9-81e3-3ab71399b638: shutdown FollowerState
2019-10-21 18:39:10,296 [ForkJoinPool.commonPool-worker-1] INFO  impl.StateMachineUpdater (StateMachineUpdater.java:stopAndJoin(136)) - 52ea385b-513a-41c9-81e3-3ab71399b638@group-0A44C9741378-StateMachineUpdater: set stopIndex = 4
2019-10-21 18:39:10,296 [main] INFO  impl.PendingRequests (PendingRequests.java:sendNotLeaderResponses(206)) - 52ea385b-513a-41c9-81e3-3ab71399b638@group-CBF3351CBA1E-PendingRequests: sendNotLeaderResponses
2019-10-21 18:39:10,296 [Thread-244] INFO  impl.FollowerState (FollowerState.java:run(120)) - 52ea385b-513a-41c9-81e3-3ab71399b638@group-0A44C9741378-FollowerState was interrupted: java.lang.InterruptedException: sleep interrupted
2019-10-21 18:39:10,296 [52ea385b-513a-41c9-81e3-3ab71399b638@group-0A44C9741378-StateMachineUpdater] INFO  ratis.ContainerStateMachine (ContainerStateMachine.java:takeSnapshot(294)) - group-0A44C9741378: Taking a snapshot at:(t:1, i:3) file /workdir/hadoop-ozone/integration-test/target/test-dir/MiniOzoneClusterImpl-73360a76-796f-4047-87d4-3c41f9cd92df/datanode-2/data/ratis/4cfe140f-d3a3-4309-ae7c-0a44c9741378/sm/snapshot.1_3
2019-10-21 18:39:10,299 [main] INFO  impl.StateMachineUpdater (StateMachineUpdater.java:stopAndJoin(136)) - 52ea385b-513a-41c9-81e3-3ab71399b638@group-CBF3351CBA1E-StateMachineUpdater: set stopIndex = 0
2019-10-21 18:39:10,301 [main] INFO  impl.RaftServerImpl (ServerState.java:close(387)) - 52ea385b-513a-41c9-81e3-3ab71399b638@group-CBF3351CBA1E: closes. applyIndex: 0
2019-10-21 18:39:10,303 [52ea385b-513a-41c9-81e3-3ab71399b638@group-CBF3351CBA1E-SegmentedRaftLogWorker] INFO  segmented.SegmentedRaftLogWorker (SegmentedRaftLogWorker.java:run(316)) - 52ea385b-513a-41c9-81e3-3ab71399b638@group-CBF3351CBA1E-SegmentedRaftLogWorker was interrupted, exiting. There are 0 tasks remaining in the queue.
2019-10-21 18:39:10,305 [main] INFO  segmented.SegmentedRaftLogWorker (SegmentedRaftLogWorker.java:close(224)) - 52ea385b-513a-41c9-81e3-3ab71399b638@group-CBF3351CBA1E-SegmentedRaftLogWorker close()
2019-10-21 18:39:10,420 [52ea385b-513a-41c9-81e3-3ab71399b638@group-0A44C9741378-StateMachineUpdater] INFO  ratis.ContainerStateMachine (ContainerStateMachine.java:takeSnapshot(305)) - group-0A44C9741378: Finished taking a snapshot at:(t:1, i:3) file:/workdir/hadoop-ozone/integration-test/target/test-dir/MiniOzoneClusterImpl-73360a76-796f-4047-87d4-3c41f9cd92df/datanode-2/data/ratis/4cfe140f-d3a3-4309-ae7c-0a44c9741378/sm/snapshot.1_3 time:125
2019-10-21 18:39:10,422 [52ea385b-513a-41c9-81e3-3ab71399b638@group-0A44C9741378-StateMachineUpdater] INFO  impl.StateMachineUpdater (StateMachineUpdater.java:takeSnapshot(269)) - 52ea385b-513a-41c9-81e3-3ab71399b638@group-0A44C9741378-StateMachineUpdater: Took a snapshot at index 3
2019-10-21 18:39:10,422 [52ea385b-513a-41c9-81e3-3ab71399b638@group-0A44C9741378-StateMachineUpdater] INFO  impl.StateMachineUpdater (StateMachineUpdater.java:lambda$new$0(84)) - 52ea385b-513a-41c9-81e3-3ab71399b638@group-0A44C9741378-StateMachineUpdater: snapshotIndex: updateIncreasingly -1 -> 3
2019-10-21 18:39:10,426 [52ea385b-513a-41c9-81e3-3ab71399b638@group-0A44C9741378-StateMachineUpdater] INFO  ratis.ContainerStateMachine (ContainerStateMachine.java:takeSnapshot(294)) - group-0A44C9741378: Taking a snapshot at:(t:1, i:3) file /workdir/hadoop-ozone/integration-test/target/test-dir/MiniOzoneClusterImpl-73360a76-796f-4047-87d4-3c41f9cd92df/datanode-2/data/ratis/4cfe140f-d3a3-4309-ae7c-0a44c9741378/sm/snapshot.1_3
2019-10-21 18:39:10,439 [52ea385b-513a-41c9-81e3-3ab71399b638@group-0A44C9741378-StateMachineUpdater] INFO  ratis.ContainerStateMachine (ContainerStateMachine.java:takeSnapshot(305)) - group-0A44C9741378: Finished taking a snapshot at:(t:1, i:3) file:/workdir/hadoop-ozone/integration-test/target/test-dir/MiniOzoneClusterImpl-73360a76-796f-4047-87d4-3c41f9cd92df/datanode-2/data/ratis/4cfe140f-d3a3-4309-ae7c-0a44c9741378/sm/snapshot.1_3 time:13
2019-10-21 18:39:10,439 [52ea385b-513a-41c9-81e3-3ab71399b638@group-0A44C9741378-StateMachineUpdater] INFO  impl.StateMachineUpdater (StateMachineUpdater.java:takeSnapshot(269)) - 52ea385b-513a-41c9-81e3-3ab71399b638@group-0A44C9741378-StateMachineUpdater: Took a snapshot at index 3
2019-10-21 18:39:10,439 [52ea385b-513a-41c9-81e3-3ab71399b638@group-0A44C9741378-StateMachineUpdater] INFO  impl.StateMachineUpdater (StateMachineUpdater.java:lambda$new$0(84)) - 52ea385b-513a-41c9-81e3-3ab71399b638@group-0A44C9741378-StateMachineUpdater: snapshotIndex: updateIncreasingly 3 -> 3
2019-10-21 18:39:10,440 [ForkJoinPool.commonPool-worker-1] INFO  impl.RaftServerImpl (ServerState.java:close(387)) - 52ea385b-513a-41c9-81e3-3ab71399b638@group-0A44C9741378: closes. applyIndex: 4
2019-10-21 18:39:10,440 [52ea385b-513a-41c9-81e3-3ab71399b638@group-0A44C9741378-SegmentedRaftLogWorker] INFO  segmented.SegmentedRaftLogWorker (SegmentedRaftLogWorker.java:run(316)) - 52ea385b-513a-41c9-81e3-3ab71399b638@group-0A44C9741378-SegmentedRaftLogWorker was interrupted, exiting. There are 0 tasks remaining in the queue.
2019-10-21 18:39:10,441 [ForkJoinPool.commonPool-worker-1] INFO  segmented.SegmentedRaftLogWorker (SegmentedRaftLogWorker.java:close(224)) - 52ea385b-513a-41c9-81e3-3ab71399b638@group-0A44C9741378-SegmentedRaftLogWorker close()
2019-10-21 18:39:10,442 [main] INFO  server.GrpcService (GrpcService.java:closeImpl(164)) - 52ea385b-513a-41c9-81e3-3ab71399b638: shutdown server with port 37619 now
2019-10-21 18:39:10,451 [main] INFO  server.GrpcService (GrpcService.java:closeImpl(172)) - 52ea385b-513a-41c9-81e3-3ab71399b638: shutdown server with port 37619 successfully
2019-10-21 18:39:10,451 [grpc-default-executor-0] WARN  server.GrpcServerProtocolService (LogUtils.java:warn(134)) - 52ea385b-513a-41c9-81e3-3ab71399b638: installSnapshot onError, lastRequest: 1417b996-b29d-4b85-9617-279817c9415e->52ea385b-513a-41c9-81e3-3ab71399b638#7-t1, previous=(t:1, i:4), leaderCommit=4, initializing? false, entries: <empty>: org.apache.ratis.thirdparty.io.grpc.StatusRuntimeException: CANCELLED: cancelled before receiving half close
2019-10-21 18:39:10,453 [grpc-default-executor-1] WARN  server.GrpcLogAppender (LogUtils.java:warn(134)) - 1417b996-b29d-4b85-9617-279817c9415e@group-0A44C9741378->52ea385b-513a-41c9-81e3-3ab71399b638-AppendLogResponseHandler: Failed appendEntries: org.apache.ratis.thirdparty.io.grpc.StatusRuntimeException: CANCELLED: HTTP/2 error code: CANCEL
Received Rst Stream
2019-10-21 18:39:10,455 [refreshUsed-/workdir/hadoop-ozone/integration-test/target/test-dir/MiniOzoneClusterImpl-73360a76-796f-4047-87d4-3c41f9cd92df/datanode-2/data/containers] WARN  fs.CachingGetSpaceUsed (CachingGetSpaceUsed.java:run(183)) - Thread Interrupted waiting to refresh disk information: sleep interrupted
2019-10-21 18:39:10,478 [main] INFO  utils.BackgroundService (BackgroundService.java:shutdown(151)) - Shutting down service BlockDeletingService
2019-10-21 18:39:10,482 [main] INFO  statemachine.DatanodeStateMachine (DatanodeStateMachine.java:stopDaemon(395)) - Ozone container server stopped.
2019-10-21 18:39:10,488 [main] INFO  handler.ContextHandler (ContextHandler.java:doStop(910)) - Stopped o.e.j.w.WebAppContext@75ae4a1f{/,null,UNAVAILABLE}{/hddsDatanode}
2019-10-21 18:39:10,494 [main] INFO  server.AbstractConnector (AbstractConnector.java:doStop(318)) - Stopped ServerConnector@70228253{HTTP/1.1,[http/1.1]}{0.0.0.0:0}
2019-10-21 18:39:10,495 [main] INFO  handler.ContextHandler (ContextHandler.java:doStop(910)) - Stopped o.e.j.s.ServletContextHandler@51c959a4{/static,jar:file:/home/user/.m2/repository/org/apache/hadoop/hadoop-hdds-container-service/0.5.0-SNAPSHOT/hadoop-hdds-container-service-0.5.0-SNAPSHOT.jar!/webapps/static,UNAVAILABLE}
2019-10-21 18:39:10,495 [main] INFO  handler.ContextHandler (ContextHandler.java:doStop(910)) - Stopped o.e.j.s.ServletContextHandler@1229a2b7{/logs,file:///workdir/hadoop-ozone/integration-test/target/log,UNAVAILABLE}
2019-10-21 18:39:13,505 [java.util.concurrent.ThreadPoolExecutor$Worker@32f303dc[State = -1, empty queue]] WARN  server.GrpcLogAppender (GrpcLogAppender.java:timeoutAppendRequest(209)) - 1417b996-b29d-4b85-9617-279817c9415e@group-0A44C9741378->52ea385b-513a-41c9-81e3-3ab71399b638-GrpcLogAppender: appendEntries Timeout, request=1417b996-b29d-4b85-9617-279817c9415e->52ea385b-513a-41c9-81e3-3ab71399b638#8-t1, previous=(t:1, i:4), leaderCommit=4, initializing? false, entries: size=1, first=(t:1, i:5), STATEMACHINELOGENTRY, client-78F0D1780252, cid=8
2019-10-21 18:39:13,509 [java.util.concurrent.ThreadPoolExecutor$Worker@32f303dc[State = -1, empty queue]] WARN  server.GrpcLogAppender (GrpcLogAppender.java:timeoutAppendRequest(209)) - 1417b996-b29d-4b85-9617-279817c9415e@group-0A44C9741378->52ea385b-513a-41c9-81e3-3ab71399b638-GrpcLogAppender: appendEntries Timeout, request=1417b996-b29d-4b85-9617-279817c9415e->52ea385b-513a-41c9-81e3-3ab71399b638#9-t1, previous=(t:1, i:5), leaderCommit=4, initializing? false, entries: size=1, first=(t:1, i:6), STATEMACHINELOGENTRY, client-78F0D1780252, cid=9
2019-10-21 18:39:13,519 [java.util.concurrent.ThreadPoolExecutor$Worker@32f303dc[State = -1, empty queue]] WARN  server.GrpcLogAppender (GrpcLogAppender.java:timeoutAppendRequest(209)) - 1417b996-b29d-4b85-9617-279817c9415e@group-0A44C9741378->52ea385b-513a-41c9-81e3-3ab71399b638-GrpcLogAppender: appendEntries Timeout, request=1417b996-b29d-4b85-9617-279817c9415e->52ea385b-513a-41c9-81e3-3ab71399b638#10-t1, previous=(t:1, i:6), leaderCommit=5, initializing? false, entries: size=1, first=(t:1, i:7), METADATAENTRY(c5)
2019-10-21 18:39:13,534 [java.util.concurrent.ThreadPoolExecutor$Worker@32f303dc[State = -1, empty queue]] WARN  server.GrpcLogAppender (GrpcLogAppender.java:timeoutAppendRequest(209)) - 1417b996-b29d-4b85-9617-279817c9415e@group-0A44C9741378->52ea385b-513a-41c9-81e3-3ab71399b638-GrpcLogAppender: appendEntries Timeout, request=1417b996-b29d-4b85-9617-279817c9415e->52ea385b-513a-41c9-81e3-3ab71399b638#11-t1, previous=(t:1, i:7), leaderCommit=6, initializing? false, entries: size=1, first=(t:1, i:8), METADATAENTRY(c6)
2019-10-21 18:39:16,035 [java.util.concurrent.ThreadPoolExecutor$Worker@32f303dc[State = -1, empty queue]] WARN  server.GrpcLogAppender (GrpcLogAppender.java:timeoutAppendRequest(209)) - 1417b996-b29d-4b85-9617-279817c9415e@group-0A44C9741378->52ea385b-513a-41c9-81e3-3ab71399b638-GrpcLogAppender: appendEntries Timeout, request=1417b996-b29d-4b85-9617-279817c9415e->52ea385b-513a-41c9-81e3-3ab71399b638#12-t1, previous=(t:1, i:8), leaderCommit=8, initializing? false, entries: <empty>
2019-10-21 18:39:18,536 [java.util.concurrent.ThreadPoolExecutor$Worker@32f303dc[State = -1, empty queue]] WARN  server.GrpcLogAppender (GrpcLogAppender.java:timeoutAppendRequest(209)) - 1417b996-b29d-4b85-9617-279817c9415e@group-0A44C9741378->52ea385b-513a-41c9-81e3-3ab71399b638-GrpcLogAppender: appendEntries Timeout, request=1417b996-b29d-4b85-9617-279817c9415e->52ea385b-513a-41c9-81e3-3ab71399b638#13-t1, previous=(t:1, i:8), leaderCommit=8, initializing? false, entries: <empty>
2019-10-21 18:39:20,580 [Thread-293] INFO  client.GrpcClientProtocolService (GrpcClientProtocolService.java:lambda$processClientRequest$0(279)) - Failed RaftClientRequest:client-78F0D1780252->0ae462f6-a5e4-462b-9a24-121d451bcbc9@group-0A44C9741378, cid=10, seq=0, Watch-ALL_COMMITTED(6), Message:<EMPTY>, reply=RaftClientReply:client-78F0D1780252->0ae462f6-a5e4-462b-9a24-121d451bcbc9@group-0A44C9741378, cid=10, FAILED org.apache.ratis.protocol.NotLeaderException: Server 0ae462f6-a5e4-462b-9a24-121d451bcbc9@group-0A44C9741378 is not the leader 1417b996-b29d-4b85-9617-279817c9415e:192.168.69.123:46747, logIndex=0, commits[0ae462f6-a5e4-462b-9a24-121d451bcbc9:c8, 1417b996-b29d-4b85-9617-279817c9415e:c8, 52ea385b-513a-41c9-81e3-3ab71399b638:c4]
2019-10-21 18:39:20,888 [Thread-296] INFO  client.GrpcClientProtocolService (GrpcClientProtocolService.java:lambda$processClientRequest$0(279)) - Failed RaftClientRequest:client-78F0D1780252->1417b996-b29d-4b85-9617-279817c9415e@group-0A44C9741378, cid=10, seq=0, Watch-ALL_COMMITTED(6), Message:<EMPTY>, reply=RaftClientReply:client-78F0D1780252->1417b996-b29d-4b85-9617-279817c9415e@group-0A44C9741378, cid=10, FAILED org.apache.ratis.protocol.NotReplicatedException: Request with call Id 10 and log index 6 is not yet replicated to ALL_COMMITTED, logIndex=6, commits[1417b996-b29d-4b85-9617-279817c9415e:c8, 0ae462f6-a5e4-462b-9a24-121d451bcbc9:c8, 52ea385b-513a-41c9-81e3-3ab71399b638:c4]
2019-10-21 18:39:21,036 [java.util.concurrent.ThreadPoolExecutor$Worker@32f303dc[State = -1, empty queue]] WARN  server.GrpcLogAppender (GrpcLogAppender.java:timeoutAppendRequest(209)) - 1417b996-b29d-4b85-9617-279817c9415e@group-0A44C9741378->52ea385b-513a-41c9-81e3-3ab71399b638-GrpcLogAppender: appendEntries Timeout, request=1417b996-b29d-4b85-9617-279817c9415e->52ea385b-513a-41c9-81e3-3ab71399b638#14-t1, previous=(t:1, i:8), leaderCommit=8, initializing? false, entries: <empty>
2019-10-21 18:39:23,537 [java.util.concurrent.ThreadPoolExecutor$Worker@32f303dc[State = -1, empty queue]] WARN  server.GrpcLogAppender (GrpcLogAppender.java:timeoutAppendRequest(209)) - 1417b996-b29d-4b85-9617-279817c9415e@group-0A44C9741378->52ea385b-513a-41c9-81e3-3ab71399b638-GrpcLogAppender: appendEntries Timeout, request=1417b996-b29d-4b85-9617-279817c9415e->52ea385b-513a-41c9-81e3-3ab71399b638#15-t1, previous=(t:1, i:8), leaderCommit=8, initializing? false, entries: <empty>
2019-10-21 18:39:26,038 [java.util.concurrent.ThreadPoolExecutor$Worker@32f303dc[State = -1, empty queue]] WARN  server.GrpcLogAppender (GrpcLogAppender.java:timeoutAppendRequest(209)) - 1417b996-b29d-4b85-9617-279817c9415e@group-0A44C9741378->52ea385b-513a-41c9-81e3-3ab71399b638-GrpcLogAppender: appendEntries Timeout, request=1417b996-b29d-4b85-9617-279817c9415e->52ea385b-513a-41c9-81e3-3ab71399b638#16-t1, previous=(t:1, i:8), leaderCommit=8, initializing? false, entries: <empty>
2019-10-21 18:39:28,540 [java.util.concurrent.ThreadPoolExecutor$Worker@32f303dc[State = -1, empty queue]] WARN  server.GrpcLogAppender (GrpcLogAppender.java:timeoutAppendRequest(209)) - 1417b996-b29d-4b85-9617-279817c9415e@group-0A44C9741378->52ea385b-513a-41c9-81e3-3ab71399b638-GrpcLogAppender: appendEntries Timeout, request=1417b996-b29d-4b85-9617-279817c9415e->52ea385b-513a-41c9-81e3-3ab71399b638#17-t1, previous=(t:1, i:8), leaderCommit=8, initializing? false, entries: <empty>
2019-10-21 18:39:30,884 [Thread-305] INFO  client.GrpcClientProtocolService (GrpcClientProtocolService.java:lambda$processClientRequest$0(279)) - Failed RaftClientRequest:client-78F0D1780252->1417b996-b29d-4b85-9617-279817c9415e@group-0A44C9741378, cid=10, seq=0, Watch-ALL_COMMITTED(6), Message:<EMPTY>, reply=RaftClientReply:client-78F0D1780252->1417b996-b29d-4b85-9617-279817c9415e@group-0A44C9741378, cid=10, FAILED org.apache.ratis.protocol.NotReplicatedException: Request with call Id 10 and log index 6 is not yet replicated to ALL_COMMITTED, logIndex=6, commits[1417b996-b29d-4b85-9617-279817c9415e:c8, 0ae462f6-a5e4-462b-9a24-121d451bcbc9:c8, 52ea385b-513a-41c9-81e3-3ab71399b638:c4]
2019-10-21 18:39:31,042 [java.util.concurrent.ThreadPoolExecutor$Worker@32f303dc[State = -1, empty queue]] WARN  server.GrpcLogAppender (GrpcLogAppender.java:timeoutAppendRequest(209)) - 1417b996-b29d-4b85-9617-279817c9415e@group-0A44C9741378->52ea385b-513a-41c9-81e3-3ab71399b638-GrpcLogAppender: appendEntries Timeout, request=1417b996-b29d-4b85-9617-279817c9415e->52ea385b-513a-41c9-81e3-3ab71399b638#18-t1, previous=(t:1, i:8), leaderCommit=8, initializing? false, entries: <empty>
2019-10-21 18:39:33,543 [java.util.concurrent.ThreadPoolExecutor$Worker@32f303dc[State = -1, empty queue]] WARN  server.GrpcLogAppender (GrpcLogAppender.java:timeoutAppendRequest(209)) - 1417b996-b29d-4b85-9617-279817c9415e@group-0A44C9741378->52ea385b-513a-41c9-81e3-3ab71399b638-GrpcLogAppender: appendEntries Timeout, request=1417b996-b29d-4b85-9617-279817c9415e->52ea385b-513a-41c9-81e3-3ab71399b638#19-t1, previous=(t:1, i:8), leaderCommit=8, initializing? false, entries: <empty>
2019-10-21 18:39:36,046 [java.util.concurrent.ThreadPoolExecutor$Worker@32f303dc[State = -1, empty queue]] WARN  server.GrpcLogAppender (GrpcLogAppender.java:timeoutAppendRequest(209)) - 1417b996-b29d-4b85-9617-279817c9415e@group-0A44C9741378->52ea385b-513a-41c9-81e3-3ab71399b638-GrpcLogAppender: appendEntries Timeout, request=1417b996-b29d-4b85-9617-279817c9415e->52ea385b-513a-41c9-81e3-3ab71399b638#20-t1, previous=(t:1, i:8), leaderCommit=8, initializing? false, entries: <empty>
2019-10-21 18:39:38,550 [java.util.concurrent.ThreadPoolExecutor$Worker@32f303dc[State = -1, empty queue]] WARN  server.GrpcLogAppender (GrpcLogAppender.java:timeoutAppendRequest(209)) - 1417b996-b29d-4b85-9617-279817c9415e@group-0A44C9741378->52ea385b-513a-41c9-81e3-3ab71399b638-GrpcLogAppender: appendEntries Timeout, request=1417b996-b29d-4b85-9617-279817c9415e->52ea385b-513a-41c9-81e3-3ab71399b638#21-t1, previous=(t:1, i:8), leaderCommit=8, initializing? false, entries: <empty>
2019-10-21 18:39:39,645 [Thread-311] INFO  client.GrpcClientProtocolService (GrpcClientProtocolService.java:lambda$processClientRequest$0(279)) - Failed RaftClientRequest:client-78F0D1780252->0ae462f6-a5e4-462b-9a24-121d451bcbc9@group-0A44C9741378, cid=10, seq=0, Watch-ALL_COMMITTED(6), Message:<EMPTY>, reply=RaftClientReply:client-78F0D1780252->0ae462f6-a5e4-462b-9a24-121d451bcbc9@group-0A44C9741378, cid=10, FAILED org.apache.ratis.protocol.NotLeaderException: Server 0ae462f6-a5e4-462b-9a24-121d451bcbc9@group-0A44C9741378 is not the leader 1417b996-b29d-4b85-9617-279817c9415e:192.168.69.123:46747, logIndex=0, commits[0ae462f6-a5e4-462b-9a24-121d451bcbc9:c8, 1417b996-b29d-4b85-9617-279817c9415e:c8, 52ea385b-513a-41c9-81e3-3ab71399b638:c4]
2019-10-21 18:39:40,547 [main] WARN  scm.XceiverClientRatis (XceiverClientRatis.java:watchForCommit(277)) - 3 way commit failed on pipeline Pipeline[ Id: 4cfe140f-d3a3-4309-ae7c-0a44c9741378, Nodes: 1417b996-b29d-4b85-9617-279817c9415e{ip: 192.168.69.123, host: pr-hdds-2340-skh4f-3510823728, networkLocation: /default-rack, certSerialId: null}0ae462f6-a5e4-462b-9a24-121d451bcbc9{ip: 192.168.69.123, host: pr-hdds-2340-skh4f-3510823728, networkLocation: /default-rack, certSerialId: null}52ea385b-513a-41c9-81e3-3ab71399b638{ip: 192.168.69.123, host: pr-hdds-2340-skh4f-3510823728, networkLocation: /default-rack, certSerialId: null}, Type:RATIS, Factor:THREE, State:OPEN]
java.util.concurrent.TimeoutException
	at java.util.concurrent.CompletableFuture.timedGet(CompletableFuture.java:1771)
	at java.util.concurrent.CompletableFuture.get(CompletableFuture.java:1915)
	at org.apache.hadoop.hdds.scm.XceiverClientRatis.watchForCommit(XceiverClientRatis.java:274)
	at org.apache.hadoop.hdds.scm.storage.CommitWatcher.watchForCommit(CommitWatcher.java:198)
	at org.apache.hadoop.hdds.scm.storage.CommitWatcher.watchOnLastIndex(CommitWatcher.java:161)
	at org.apache.hadoop.hdds.scm.storage.BlockOutputStream.watchForCommit(BlockOutputStream.java:346)
	at org.apache.hadoop.hdds.scm.storage.BlockOutputStream.handleFlush(BlockOutputStream.java:482)
	at org.apache.hadoop.hdds.scm.storage.BlockOutputStream.close(BlockOutputStream.java:496)
	at org.apache.hadoop.ozone.client.io.BlockOutputStreamEntry.close(BlockOutputStreamEntry.java:143)
	at org.apache.hadoop.ozone.client.io.KeyOutputStream.handleFlushOrClose(KeyOutputStream.java:435)
	at org.apache.hadoop.ozone.client.io.KeyOutputStream.close(KeyOutputStream.java:473)
	at org.apache.hadoop.ozone.client.io.OzoneOutputStream.close(OzoneOutputStream.java:60)
	at org.apache.hadoop.ozone.client.rpc.TestDeleteWithSlowFollower.testDeleteKeyWithSlowFollower(TestDeleteWithSlowFollower.java:193)
	at sun.reflect.NativeMethodAccessorImpl.invoke0(Native Method)
	at sun.reflect.NativeMethodAccessorImpl.invoke(NativeMethodAccessorImpl.java:62)
	at sun.reflect.DelegatingMethodAccessorImpl.invoke(DelegatingMethodAccessorImpl.java:43)
	at java.lang.reflect.Method.invoke(Method.java:498)
	at org.junit.runners.model.FrameworkMethod$1.runReflectiveCall(FrameworkMethod.java:47)
	at org.junit.internal.runners.model.ReflectiveCallable.run(ReflectiveCallable.java:12)
	at org.junit.runners.model.FrameworkMethod.invokeExplosively(FrameworkMethod.java:44)
	at org.junit.internal.runners.statements.InvokeMethod.evaluate(InvokeMethod.java:17)
	at org.junit.runners.ParentRunner.runLeaf(ParentRunner.java:271)
	at org.junit.runners.BlockJUnit4ClassRunner.runChild(BlockJUnit4ClassRunner.java:70)
	at org.junit.runners.BlockJUnit4ClassRunner.runChild(BlockJUnit4ClassRunner.java:50)
	at org.junit.runners.ParentRunner$3.run(ParentRunner.java:238)
	at org.junit.runners.ParentRunner$1.schedule(ParentRunner.java:63)
	at org.junit.runners.ParentRunner.runChildren(ParentRunner.java:236)
	at org.junit.runners.ParentRunner.access$000(ParentRunner.java:53)
	at org.junit.runners.ParentRunner$2.evaluate(ParentRunner.java:229)
	at org.junit.internal.runners.statements.RunBefores.evaluate(RunBefores.java:26)
	at org.junit.internal.runners.statements.RunAfters.evaluate(RunAfters.java:27)
	at org.junit.runners.ParentRunner.run(ParentRunner.java:309)
	at org.apache.maven.surefire.junit4.JUnit4Provider.execute(JUnit4Provider.java:365)
	at org.apache.maven.surefire.junit4.JUnit4Provider.executeWithRerun(JUnit4Provider.java:273)
	at org.apache.maven.surefire.junit4.JUnit4Provider.executeTestSet(JUnit4Provider.java:238)
	at org.apache.maven.surefire.junit4.JUnit4Provider.invoke(JUnit4Provider.java:159)
	at org.apache.maven.surefire.booter.ForkedBooter.invokeProviderInSameClassLoader(ForkedBooter.java:384)
	at org.apache.maven.surefire.booter.ForkedBooter.runSuitesInProcess(ForkedBooter.java:345)
	at org.apache.maven.surefire.booter.ForkedBooter.execute(ForkedBooter.java:126)
	at org.apache.maven.surefire.booter.ForkedBooter.main(ForkedBooter.java:418)
2019-10-21 18:39:40,566 [main] INFO  scm.XceiverClientRatis (XceiverClientRatis.java:lambda$watchForCommit$5(295)) - Could not commit index 6 on pipeline Pipeline[ Id: 4cfe140f-d3a3-4309-ae7c-0a44c9741378, Nodes: 1417b996-b29d-4b85-9617-279817c9415e{ip: 192.168.69.123, host: pr-hdds-2340-skh4f-3510823728, networkLocation: /default-rack, certSerialId: null}0ae462f6-a5e4-462b-9a24-121d451bcbc9{ip: 192.168.69.123, host: pr-hdds-2340-skh4f-3510823728, networkLocation: /default-rack, certSerialId: null}52ea385b-513a-41c9-81e3-3ab71399b638{ip: 192.168.69.123, host: pr-hdds-2340-skh4f-3510823728, networkLocation: /default-rack, certSerialId: null}, Type:RATIS, Factor:THREE, State:OPEN] to all the nodes. Server 52ea385b-513a-41c9-81e3-3ab71399b638 has failed. Committed by majority.
2019-10-21 18:39:40,567 [main] WARN  storage.BlockOutputStream (BlockOutputStream.java:watchForCommit(352)) - Failed to commit BlockId conID: 1 locID: 103001826293055488 bcsId: 6 on Pipeline[ Id: 4cfe140f-d3a3-4309-ae7c-0a44c9741378, Nodes: 1417b996-b29d-4b85-9617-279817c9415e{ip: 192.168.69.123, host: pr-hdds-2340-skh4f-3510823728, networkLocation: /default-rack, certSerialId: null}0ae462f6-a5e4-462b-9a24-121d451bcbc9{ip: 192.168.69.123, host: pr-hdds-2340-skh4f-3510823728, networkLocation: /default-rack, certSerialId: null}52ea385b-513a-41c9-81e3-3ab71399b638{ip: 192.168.69.123, host: pr-hdds-2340-skh4f-3510823728, networkLocation: /default-rack, certSerialId: null}, Type:RATIS, Factor:THREE, State:OPEN]. Failed nodes: [52ea385b-513a-41c9-81e3-3ab71399b638{ip: null, host: null, networkLocation: /default-rack, certSerialId: null}]
2019-10-21 18:39:40,639 [EventQueue-IncrementalContainerReportForIncrementalContainerReportHandler] WARN  container.IncrementalContainerReportHandler (AbstractContainerReportHandler.java:updateContainerState(145)) - Container #1 is in OPEN state, but the datanode 1417b996-b29d-4b85-9617-279817c9415e{ip: 192.168.69.123, host: pr-hdds-2340-skh4f-3510823728, networkLocation: /default-rack, certSerialId: null} reports an CLOSING replica.
2019-10-21 18:39:40,645 [RatisApplyTransactionExecutor 1] INFO  interfaces.Container (KeyValueContainer.java:flushAndSyncDB(386)) - Container 1 is synced with bcsId 6.
2019-10-21 18:39:40,646 [RatisApplyTransactionExecutor 1] INFO  interfaces.Container (KeyValueContainer.java:flushAndSyncDB(386)) - Container 1 is synced with bcsId 6.
2019-10-21 18:39:40,659 [RatisApplyTransactionExecutor 1] INFO  interfaces.Container (KeyValueContainer.java:close(335)) - Container 1 is closed with bcsId 6.
2019-10-21 18:39:40,661 [RatisApplyTransactionExecutor 1] INFO  interfaces.Container (KeyValueContainer.java:flushAndSyncDB(386)) - Container 1 is synced with bcsId 6.
2019-10-21 18:39:40,663 [EventQueue-IncrementalContainerReportForIncrementalContainerReportHandler] WARN  container.IncrementalContainerReportHandler (AbstractContainerReportHandler.java:updateContainerState(145)) - Container #1 is in OPEN state, but the datanode 0ae462f6-a5e4-462b-9a24-121d451bcbc9{ip: 192.168.69.123, host: pr-hdds-2340-skh4f-3510823728, networkLocation: /default-rack, certSerialId: null} reports an CLOSING replica.
2019-10-21 18:39:40,663 [RatisApplyTransactionExecutor 1] INFO  interfaces.Container (KeyValueContainer.java:flushAndSyncDB(386)) - Container 1 is synced with bcsId 6.
2019-10-21 18:39:40,663 [EventQueue-IncrementalContainerReportForIncrementalContainerReportHandler] WARN  container.IncrementalContainerReportHandler (AbstractContainerReportHandler.java:updateContainerState(145)) - Container #1 is in OPEN state, but the datanode 1417b996-b29d-4b85-9617-279817c9415e{ip: 192.168.69.123, host: pr-hdds-2340-skh4f-3510823728, networkLocation: /default-rack, certSerialId: null} reports an CLOSED replica.
2019-10-21 18:39:40,679 [RatisApplyTransactionExecutor 1] INFO  interfaces.Container (KeyValueContainer.java:close(335)) - Container 1 is closed with bcsId 6.
2019-10-21 18:39:40,681 [EventQueue-IncrementalContainerReportForIncrementalContainerReportHandler] WARN  container.IncrementalContainerReportHandler (AbstractContainerReportHandler.java:updateContainerState(145)) - Container #1 is in OPEN state, but the datanode 0ae462f6-a5e4-462b-9a24-121d451bcbc9{ip: 192.168.69.123, host: pr-hdds-2340-skh4f-3510823728, networkLocation: /default-rack, certSerialId: null} reports an CLOSED replica.
2019-10-21 18:39:40,828 [IPC Server handler 7 on 39835] INFO  server.SCMBlockProtocolServer (SCMBlockProtocolServer.java:deleteKeyBlocks(214)) - SCM is informed by OM to delete 1 blocks
2019-10-21 18:39:40,828 [IPC Server handler 7 on 39835] INFO  block.BlockManagerImpl (BlockManagerImpl.java:deleteBlocks(285)) - Deleting blocks conID: 1 locID: 103001826293055488 bcsId: 0
2019-10-21 18:39:40,861 [EventQueue-ContainerReportForContainerReportHandler] WARN  container.ContainerReportHandler (AbstractContainerReportHandler.java:updateContainerState(145)) - Container #1 is in OPEN state, but the datanode 1417b996-b29d-4b85-9617-279817c9415e{ip: 192.168.69.123, host: pr-hdds-2340-skh4f-3510823728, networkLocation: /default-rack, certSerialId: null} reports an CLOSED replica.
2019-10-21 18:39:40,881 [EventQueue-ContainerReportForContainerReportHandler] WARN  container.ContainerReportHandler (AbstractContainerReportHandler.java:updateContainerState(145)) - Container #1 is in OPEN state, but the datanode 0ae462f6-a5e4-462b-9a24-121d451bcbc9{ip: 192.168.69.123, host: pr-hdds-2340-skh4f-3510823728, networkLocation: /default-rack, certSerialId: null} reports an CLOSED replica.
2019-10-21 18:39:40,884 [Thread-323] INFO  client.GrpcClientProtocolService (GrpcClientProtocolService.java:lambda$processClientRequest$0(279)) - Failed RaftClientRequest:client-78F0D1780252->1417b996-b29d-4b85-9617-279817c9415e@group-0A44C9741378, cid=10, seq=0, Watch-ALL_COMMITTED(6), Message:<EMPTY>, reply=RaftClientReply:client-78F0D1780252->1417b996-b29d-4b85-9617-279817c9415e@group-0A44C9741378, cid=10, FAILED org.apache.ratis.protocol.NotReplicatedException: Request with call Id 10 and log index 6 is not yet replicated to ALL_COMMITTED, logIndex=6, commits[1417b996-b29d-4b85-9617-279817c9415e:c10, 0ae462f6-a5e4-462b-9a24-121d451bcbc9:c9, 52ea385b-513a-41c9-81e3-3ab71399b638:c4]
2019-10-21 18:39:40,977 [BlockDeletingService#2] WARN  background.BlockDeletingService (BlockDeletingService.java:isDeletionAllowed(187)) - Close Container log Index 6 is not replicated across allthe servers in the pipeline 4cfe140f-d3a3-4309-ae7c-0a44c9741378 as the min replicated index is 4. Deletion is not allowed in this container yet.
2019-10-21 18:39:40,978 [BlockDeletingService#2] WARN  background.BlockDeletingService (BlockDeletingService.java:isDeletionAllowed(187)) - Close Container log Index 6 is not replicated across allthe servers in the pipeline 4cfe140f-d3a3-4309-ae7c-0a44c9741378 as the min replicated index is 4. Deletion is not allowed in this container yet.
2019-10-21 18:39:41,054 [java.util.concurrent.ThreadPoolExecutor$Worker@32f303dc[State = -1, empty queue]] WARN  server.GrpcLogAppender (GrpcLogAppender.java:timeoutAppendRequest(209)) - 1417b996-b29d-4b85-9617-279817c9415e@group-0A44C9741378->52ea385b-513a-41c9-81e3-3ab71399b638-GrpcLogAppender: appendEntries Timeout, request=1417b996-b29d-4b85-9617-279817c9415e->52ea385b-513a-41c9-81e3-3ab71399b638#22-t1, previous=(t:1, i:8), leaderCommit=8, initializing? false, entries: <empty>
2019-10-21 18:39:41,162 [EventQueue-ContainerReportForContainerReportHandler] WARN  container.ContainerReportHandler (AbstractContainerReportHandler.java:updateContainerState(145)) - Container #1 is in OPEN state, but the datanode 1417b996-b29d-4b85-9617-279817c9415e{ip: 192.168.69.123, host: pr-hdds-2340-skh4f-3510823728, networkLocation: /default-rack, certSerialId: null} reports an CLOSED replica.
2019-10-21 18:39:41,282 [EventQueue-ContainerReportForContainerReportHandler] WARN  container.ContainerReportHandler (AbstractContainerReportHandler.java:updateContainerState(145)) - Container #1 is in OPEN state, but the datanode 0ae462f6-a5e4-462b-9a24-121d451bcbc9{ip: 192.168.69.123, host: pr-hdds-2340-skh4f-3510823728, networkLocation: /default-rack, certSerialId: null} reports an CLOSED replica.
2019-10-21 18:39:41,462 [EventQueue-ContainerReportForContainerReportHandler] WARN  container.ContainerReportHandler (AbstractContainerReportHandler.java:updateContainerState(145)) - Container #1 is in OPEN state, but the datanode 1417b996-b29d-4b85-9617-279817c9415e{ip: 192.168.69.123, host: pr-hdds-2340-skh4f-3510823728, networkLocation: /default-rack, certSerialId: null} reports an CLOSED replica.
2019-10-21 18:39:41,583 [EventQueue-ContainerReportForContainerReportHandler] WARN  container.ContainerReportHandler (AbstractContainerReportHandler.java:updateContainerState(145)) - Container #1 is in OPEN state, but the datanode 0ae462f6-a5e4-462b-9a24-121d451bcbc9{ip: 192.168.69.123, host: pr-hdds-2340-skh4f-3510823728, networkLocation: /default-rack, certSerialId: null} reports an CLOSED replica.
2019-10-21 18:39:41,762 [EventQueue-ContainerReportForContainerReportHandler] WARN  container.ContainerReportHandler (AbstractContainerReportHandler.java:updateContainerState(145)) - Container #1 is in OPEN state, but the datanode 1417b996-b29d-4b85-9617-279817c9415e{ip: 192.168.69.123, host: pr-hdds-2340-skh4f-3510823728, networkLocation: /default-rack, certSerialId: null} reports an CLOSED replica.
2019-10-21 18:39:41,883 [EventQueue-ContainerReportForContainerReportHandler] WARN  container.ContainerReportHandler (AbstractContainerReportHandler.java:updateContainerState(145)) - Container #1 is in OPEN state, but the datanode 0ae462f6-a5e4-462b-9a24-121d451bcbc9{ip: 192.168.69.123, host: pr-hdds-2340-skh4f-3510823728, networkLocation: /default-rack, certSerialId: null} reports an CLOSED replica.
2019-10-21 18:39:41,979 [BlockDeletingService#2] WARN  background.BlockDeletingService (BlockDeletingService.java:isDeletionAllowed(187)) - Close Container log Index 6 is not replicated across allthe servers in the pipeline 4cfe140f-d3a3-4309-ae7c-0a44c9741378 as the min replicated index is 4. Deletion is not allowed in this container yet.
2019-10-21 18:39:41,981 [BlockDeletingService#2] WARN  background.BlockDeletingService (BlockDeletingService.java:isDeletionAllowed(187)) - Close Container log Index 6 is not replicated across allthe servers in the pipeline 4cfe140f-d3a3-4309-ae7c-0a44c9741378 as the min replicated index is 4. Deletion is not allowed in this container yet.
2019-10-21 18:39:42,063 [EventQueue-ContainerReportForContainerReportHandler] WARN  container.ContainerReportHandler (AbstractContainerReportHandler.java:updateContainerState(145)) - Container #1 is in OPEN state, but the datanode 1417b996-b29d-4b85-9617-279817c9415e{ip: 192.168.69.123, host: pr-hdds-2340-skh4f-3510823728, networkLocation: /default-rack, certSerialId: null} reports an CLOSED replica.
2019-10-21 18:39:42,084 [EventQueue-ContainerReportForContainerReportHandler] WARN  container.ContainerReportHandler (AbstractContainerReportHandler.java:updateContainerState(145)) - Container #1 is in OPEN state, but the datanode 0ae462f6-a5e4-462b-9a24-121d451bcbc9{ip: 192.168.69.123, host: pr-hdds-2340-skh4f-3510823728, networkLocation: /default-rack, certSerialId: null} reports an CLOSED replica.
2019-10-21 18:39:42,264 [EventQueue-ContainerReportForContainerReportHandler] WARN  container.ContainerReportHandler (AbstractContainerReportHandler.java:updateContainerState(145)) - Container #1 is in OPEN state, but the datanode 1417b996-b29d-4b85-9617-279817c9415e{ip: 192.168.69.123, host: pr-hdds-2340-skh4f-3510823728, networkLocation: /default-rack, certSerialId: null} reports an CLOSED replica.
2019-10-21 18:39:42,384 [EventQueue-ContainerReportForContainerReportHandler] WARN  container.ContainerReportHandler (AbstractContainerReportHandler.java:updateContainerState(145)) - Container #1 is in OPEN state, but the datanode 0ae462f6-a5e4-462b-9a24-121d451bcbc9{ip: 192.168.69.123, host: pr-hdds-2340-skh4f-3510823728, networkLocation: /default-rack, certSerialId: null} reports an CLOSED replica.
2019-10-21 18:39:42,663 [EventQueue-ContainerReportForContainerReportHandler] WARN  container.ContainerReportHandler (AbstractContainerReportHandler.java:updateContainerState(145)) - Container #1 is in OPEN state, but the datanode 1417b996-b29d-4b85-9617-279817c9415e{ip: 192.168.69.123, host: pr-hdds-2340-skh4f-3510823728, networkLocation: /default-rack, certSerialId: null} reports an CLOSED replica.
2019-10-21 18:39:42,685 [EventQueue-ContainerReportForContainerReportHandler] WARN  container.ContainerReportHandler (AbstractContainerReportHandler.java:updateContainerState(145)) - Container #1 is in OPEN state, but the datanode 0ae462f6-a5e4-462b-9a24-121d451bcbc9{ip: 192.168.69.123, host: pr-hdds-2340-skh4f-3510823728, networkLocation: /default-rack, certSerialId: null} reports an CLOSED replica.
2019-10-21 18:39:42,981 [BlockDeletingService#2] WARN  background.BlockDeletingService (BlockDeletingService.java:isDeletionAllowed(187)) - Close Container log Index 6 is not replicated across allthe servers in the pipeline 4cfe140f-d3a3-4309-ae7c-0a44c9741378 as the min replicated index is 4. Deletion is not allowed in this container yet.
2019-10-21 18:39:42,982 [BlockDeletingService#2] WARN  background.BlockDeletingService (BlockDeletingService.java:isDeletionAllowed(187)) - Close Container log Index 6 is not replicated across allthe servers in the pipeline 4cfe140f-d3a3-4309-ae7c-0a44c9741378 as the min replicated index is 4. Deletion is not allowed in this container yet.
2019-10-21 18:39:42,986 [EventQueue-ContainerReportForContainerReportHandler] WARN  container.ContainerReportHandler (AbstractContainerReportHandler.java:updateContainerState(145)) - Container #1 is in OPEN state, but the datanode 0ae462f6-a5e4-462b-9a24-121d451bcbc9{ip: 192.168.69.123, host: pr-hdds-2340-skh4f-3510823728, networkLocation: /default-rack, certSerialId: null} reports an CLOSED replica.
2019-10-21 18:39:43,063 [EventQueue-ContainerReportForContainerReportHandler] WARN  container.ContainerReportHandler (AbstractContainerReportHandler.java:updateContainerState(145)) - Container #1 is in OPEN state, but the datanode 1417b996-b29d-4b85-9617-279817c9415e{ip: 192.168.69.123, host: pr-hdds-2340-skh4f-3510823728, networkLocation: /default-rack, certSerialId: null} reports an CLOSED replica.
2019-10-21 18:39:43,286 [EventQueue-ContainerReportForContainerReportHandler] WARN  container.ContainerReportHandler (AbstractContainerReportHandler.java:updateContainerState(145)) - Container #1 is in OPEN state, but the datanode 0ae462f6-a5e4-462b-9a24-121d451bcbc9{ip: 192.168.69.123, host: pr-hdds-2340-skh4f-3510823728, networkLocation: /default-rack, certSerialId: null} reports an CLOSED replica.
2019-10-21 18:39:43,363 [EventQueue-ContainerReportForContainerReportHandler] WARN  container.ContainerReportHandler (AbstractContainerReportHandler.java:updateContainerState(145)) - Container #1 is in OPEN state, but the datanode 1417b996-b29d-4b85-9617-279817c9415e{ip: 192.168.69.123, host: pr-hdds-2340-skh4f-3510823728, networkLocation: /default-rack, certSerialId: null} reports an CLOSED replica.
2019-10-21 18:39:43,555 [java.util.concurrent.ThreadPoolExecutor$Worker@32f303dc[State = -1, empty queue]] WARN  server.GrpcLogAppender (GrpcLogAppender.java:timeoutAppendRequest(209)) - 1417b996-b29d-4b85-9617-279817c9415e@group-0A44C9741378->52ea385b-513a-41c9-81e3-3ab71399b638-GrpcLogAppender: appendEntries Timeout, request=1417b996-b29d-4b85-9617-279817c9415e->52ea385b-513a-41c9-81e3-3ab71399b638#23-t1, previous=(t:1, i:8), leaderCommit=8, initializing? false, entries: <empty>
2019-10-21 18:39:43,565 [EventQueue-ContainerReportForContainerReportHandler] WARN  container.ContainerReportHandler (AbstractContainerReportHandler.java:updateContainerState(145)) - Container #1 is in OPEN state, but the datanode 1417b996-b29d-4b85-9617-279817c9415e{ip: 192.168.69.123, host: pr-hdds-2340-skh4f-3510823728, networkLocation: /default-rack, certSerialId: null} reports an CLOSED replica.
2019-10-21 18:39:43,586 [EventQueue-ContainerReportForContainerReportHandler] WARN  container.ContainerReportHandler (AbstractContainerReportHandler.java:updateContainerState(145)) - Container #1 is in OPEN state, but the datanode 0ae462f6-a5e4-462b-9a24-121d451bcbc9{ip: 192.168.69.123, host: pr-hdds-2340-skh4f-3510823728, networkLocation: /default-rack, certSerialId: null} reports an CLOSED replica.
2019-10-21 18:39:43,610 [java.util.concurrent.ThreadPoolExecutor$Worker@32f303dc[State = -1, empty queue]] WARN  server.GrpcLogAppender (GrpcLogAppender.java:timeoutAppendRequest(209)) - 1417b996-b29d-4b85-9617-279817c9415e@group-0A44C9741378->52ea385b-513a-41c9-81e3-3ab71399b638-GrpcLogAppender: appendEntries Timeout, request=1417b996-b29d-4b85-9617-279817c9415e->52ea385b-513a-41c9-81e3-3ab71399b638#24-t1, previous=(t:1, i:8), leaderCommit=8, initializing? false, entries: size=1, first=(t:1, i:9), STATEMACHINELOGENTRY, client-533E65C6F5C7, cid=12
2019-10-21 18:39:43,624 [java.util.concurrent.ThreadPoolExecutor$Worker@32f303dc[State = -1, empty queue]] WARN  server.GrpcLogAppender (GrpcLogAppender.java:timeoutAppendRequest(209)) - 1417b996-b29d-4b85-9617-279817c9415e@group-0A44C9741378->52ea385b-513a-41c9-81e3-3ab71399b638-GrpcLogAppender: appendEntries Timeout, request=1417b996-b29d-4b85-9617-279817c9415e->52ea385b-513a-41c9-81e3-3ab71399b638#25-t1, previous=(t:1, i:9), leaderCommit=9, initializing? false, entries: size=1, first=(t:1, i:10), METADATAENTRY(c9)
2019-10-21 18:39:43,864 [EventQueue-ContainerReportForContainerReportHandler] WARN  container.ContainerReportHandler (AbstractContainerReportHandler.java:updateContainerState(145)) - Container #1 is in OPEN state, but the datanode 1417b996-b29d-4b85-9617-279817c9415e{ip: 192.168.69.123, host: pr-hdds-2340-skh4f-3510823728, networkLocation: /default-rack, certSerialId: null} reports an CLOSED replica.
2019-10-21 18:39:43,887 [EventQueue-ContainerReportForContainerReportHandler] WARN  container.ContainerReportHandler (AbstractContainerReportHandler.java:updateContainerState(145)) - Container #1 is in OPEN state, but the datanode 0ae462f6-a5e4-462b-9a24-121d451bcbc9{ip: 192.168.69.123, host: pr-hdds-2340-skh4f-3510823728, networkLocation: /default-rack, certSerialId: null} reports an CLOSED replica.
2019-10-21 18:39:43,984 [BlockDeletingService#2] WARN  background.BlockDeletingService (BlockDeletingService.java:isDeletionAllowed(187)) - Close Container log Index 6 is not replicated across allthe servers in the pipeline 4cfe140f-d3a3-4309-ae7c-0a44c9741378 as the min replicated index is 4. Deletion is not allowed in this container yet.
2019-10-21 18:39:43,984 [BlockDeletingService#2] WARN  background.BlockDeletingService (BlockDeletingService.java:isDeletionAllowed(187)) - Close Container log Index 6 is not replicated across allthe servers in the pipeline 4cfe140f-d3a3-4309-ae7c-0a44c9741378 as the min replicated index is 4. Deletion is not allowed in this container yet.
2019-10-21 18:39:44,165 [EventQueue-ContainerReportForContainerReportHandler] WARN  container.ContainerReportHandler (AbstractContainerReportHandler.java:updateContainerState(145)) - Container #1 is in OPEN state, but the datanode 1417b996-b29d-4b85-9617-279817c9415e{ip: 192.168.69.123, host: pr-hdds-2340-skh4f-3510823728, networkLocation: /default-rack, certSerialId: null} reports an CLOSED replica.
2019-10-21 18:39:44,288 [EventQueue-ContainerReportForContainerReportHandler] WARN  container.ContainerReportHandler (AbstractContainerReportHandler.java:updateContainerState(145)) - Container #1 is in OPEN state, but the datanode 0ae462f6-a5e4-462b-9a24-121d451bcbc9{ip: 192.168.69.123, host: pr-hdds-2340-skh4f-3510823728, networkLocation: /default-rack, certSerialId: null} reports an CLOSED replica.
2019-10-21 18:39:44,465 [EventQueue-ContainerReportForContainerReportHandler] WARN  container.ContainerReportHandler (AbstractContainerReportHandler.java:updateContainerState(145)) - Container #1 is in OPEN state, but the datanode 1417b996-b29d-4b85-9617-279817c9415e{ip: 192.168.69.123, host: pr-hdds-2340-skh4f-3510823728, networkLocation: /default-rack, certSerialId: null} reports an CLOSED replica.
2019-10-21 18:39:44,587 [EventQueue-ContainerReportForContainerReportHandler] WARN  container.ContainerReportHandler (AbstractContainerReportHandler.java:updateContainerState(145)) - Container #1 is in OPEN state, but the datanode 0ae462f6-a5e4-462b-9a24-121d451bcbc9{ip: 192.168.69.123, host: pr-hdds-2340-skh4f-3510823728, networkLocation: /default-rack, certSerialId: null} reports an CLOSED replica.
2019-10-21 18:39:44,665 [EventQueue-ContainerReportForContainerReportHandler] WARN  container.ContainerReportHandler (AbstractContainerReportHandler.java:updateContainerState(145)) - Container #1 is in OPEN state, but the datanode 1417b996-b29d-4b85-9617-279817c9415e{ip: 192.168.69.123, host: pr-hdds-2340-skh4f-3510823728, networkLocation: /default-rack, certSerialId: null} reports an CLOSED replica.
2019-10-21 18:39:44,888 [EventQueue-ContainerReportForContainerReportHandler] WARN  container.ContainerReportHandler (AbstractContainerReportHandler.java:updateContainerState(145)) - Container #1 is in OPEN state, but the datanode 0ae462f6-a5e4-462b-9a24-121d451bcbc9{ip: 192.168.69.123, host: pr-hdds-2340-skh4f-3510823728, networkLocation: /default-rack, certSerialId: null} reports an CLOSED replica.
2019-10-21 18:39:44,966 [EventQueue-ContainerReportForContainerReportHandler] WARN  container.ContainerReportHandler (AbstractContainerReportHandler.java:updateContainerState(145)) - Container #1 is in OPEN state, but the datanode 1417b996-b29d-4b85-9617-279817c9415e{ip: 192.168.69.123, host: pr-hdds-2340-skh4f-3510823728, networkLocation: /default-rack, certSerialId: null} reports an CLOSED replica.
2019-10-21 18:39:44,988 [BlockDeletingService#2] WARN  background.BlockDeletingService (BlockDeletingService.java:isDeletionAllowed(187)) - Close Container log Index 6 is not replicated across allthe servers in the pipeline 4cfe140f-d3a3-4309-ae7c-0a44c9741378 as the min replicated index is 4. Deletion is not allowed in this container yet.
2019-10-21 18:39:44,988 [BlockDeletingService#2] WARN  background.BlockDeletingService (BlockDeletingService.java:isDeletionAllowed(187)) - Close Container log Index 6 is not replicated across allthe servers in the pipeline 4cfe140f-d3a3-4309-ae7c-0a44c9741378 as the min replicated index is 4. Deletion is not allowed in this container yet.
2019-10-21 18:39:45,288 [EventQueue-ContainerReportForContainerReportHandler] WARN  container.ContainerReportHandler (AbstractContainerReportHandler.java:updateContainerState(145)) - Container #1 is in OPEN state, but the datanode 0ae462f6-a5e4-462b-9a24-121d451bcbc9{ip: 192.168.69.123, host: pr-hdds-2340-skh4f-3510823728, networkLocation: /default-rack, certSerialId: null} reports an CLOSED replica.
2019-10-21 18:39:45,365 [EventQueue-ContainerReportForContainerReportHandler] WARN  container.ContainerReportHandler (AbstractContainerReportHandler.java:updateContainerState(145)) - Container #1 is in OPEN state, but the datanode 1417b996-b29d-4b85-9617-279817c9415e{ip: 192.168.69.123, host: pr-hdds-2340-skh4f-3510823728, networkLocation: /default-rack, certSerialId: null} reports an CLOSED replica.
2019-10-21 18:39:45,566 [EventQueue-ContainerReportForContainerReportHandler] WARN  container.ContainerReportHandler (AbstractContainerReportHandler.java:updateContainerState(145)) - Container #1 is in OPEN state, but the datanode 1417b996-b29d-4b85-9617-279817c9415e{ip: 192.168.69.123, host: pr-hdds-2340-skh4f-3510823728, networkLocation: /default-rack, certSerialId: null} reports an CLOSED replica.
2019-10-21 18:39:45,591 [EventQueue-ContainerReportForContainerReportHandler] WARN  container.ContainerReportHandler (AbstractContainerReportHandler.java:updateContainerState(145)) - Container #1 is in OPEN state, but the datanode 0ae462f6-a5e4-462b-9a24-121d451bcbc9{ip: 192.168.69.123, host: pr-hdds-2340-skh4f-3510823728, networkLocation: /default-rack, certSerialId: null} reports an CLOSED replica.
2019-10-21 18:39:45,866 [EventQueue-ContainerReportForContainerReportHandler] WARN  container.ContainerReportHandler (AbstractContainerReportHandler.java:updateContainerState(145)) - Container #1 is in OPEN state, but the datanode 1417b996-b29d-4b85-9617-279817c9415e{ip: 192.168.69.123, host: pr-hdds-2340-skh4f-3510823728, networkLocation: /default-rack, certSerialId: null} reports an CLOSED replica.
2019-10-21 18:39:45,889 [EventQueue-ContainerReportForContainerReportHandler] WARN  container.ContainerReportHandler (AbstractContainerReportHandler.java:updateContainerState(145)) - Container #1 is in OPEN state, but the datanode 0ae462f6-a5e4-462b-9a24-121d451bcbc9{ip: 192.168.69.123, host: pr-hdds-2340-skh4f-3510823728, networkLocation: /default-rack, certSerialId: null} reports an CLOSED replica.
2019-10-21 18:39:45,992 [BlockDeletingService#2] WARN  background.BlockDeletingService (BlockDeletingService.java:isDeletionAllowed(187)) - Close Container log Index 6 is not replicated across allthe servers in the pipeline 4cfe140f-d3a3-4309-ae7c-0a44c9741378 as the min replicated index is 4. Deletion is not allowed in this container yet.
2019-10-21 18:39:45,992 [BlockDeletingService#2] WARN  background.BlockDeletingService (BlockDeletingService.java:isDeletionAllowed(187)) - Close Container log Index 6 is not replicated across allthe servers in the pipeline 4cfe140f-d3a3-4309-ae7c-0a44c9741378 as the min replicated index is 4. Deletion is not allowed in this container yet.
2019-10-21 18:39:46,092 [EventQueue-ContainerReportForContainerReportHandler] WARN  container.ContainerReportHandler (AbstractContainerReportHandler.java:updateContainerState(145)) - Container #1 is in OPEN state, but the datanode 0ae462f6-a5e4-462b-9a24-121d451bcbc9{ip: 192.168.69.123, host: pr-hdds-2340-skh4f-3510823728, networkLocation: /default-rack, certSerialId: null} reports an CLOSED replica.
2019-10-21 18:39:46,126 [java.util.concurrent.ThreadPoolExecutor$Worker@32f303dc[State = -1, empty queue]] WARN  server.GrpcLogAppender (GrpcLogAppender.java:timeoutAppendRequest(209)) - 1417b996-b29d-4b85-9617-279817c9415e@group-0A44C9741378->52ea385b-513a-41c9-81e3-3ab71399b638-GrpcLogAppender: appendEntries Timeout, request=1417b996-b29d-4b85-9617-279817c9415e->52ea385b-513a-41c9-81e3-3ab71399b638#26-t1, previous=(t:1, i:10), leaderCommit=10, initializing? false, entries: <empty>
2019-10-21 18:39:46,166 [EventQueue-ContainerReportForContainerReportHandler] WARN  container.ContainerReportHandler (AbstractContainerReportHandler.java:updateContainerState(145)) - Container #1 is in OPEN state, but the datanode 1417b996-b29d-4b85-9617-279817c9415e{ip: 192.168.69.123, host: pr-hdds-2340-skh4f-3510823728, networkLocation: /default-rack, certSerialId: null} reports an CLOSED replica.
2019-10-21 18:39:46,291 [EventQueue-ContainerReportForContainerReportHandler] WARN  container.ContainerReportHandler (AbstractContainerReportHandler.java:updateContainerState(145)) - Container #1 is in OPEN state, but the datanode 0ae462f6-a5e4-462b-9a24-121d451bcbc9{ip: 192.168.69.123, host: pr-hdds-2340-skh4f-3510823728, networkLocation: /default-rack, certSerialId: null} reports an CLOSED replica.
2019-10-21 18:39:46,466 [EventQueue-ContainerReportForContainerReportHandler] WARN  container.ContainerReportHandler (AbstractContainerReportHandler.java:updateContainerState(145)) - Container #1 is in OPEN state, but the datanode 1417b996-b29d-4b85-9617-279817c9415e{ip: 192.168.69.123, host: pr-hdds-2340-skh4f-3510823728, networkLocation: /default-rack, certSerialId: null} reports an CLOSED replica.
2019-10-21 18:39:46,667 [EventQueue-ContainerReportForContainerReportHandler] WARN  container.ContainerReportHandler (AbstractContainerReportHandler.java:updateContainerState(145)) - Container #1 is in OPEN state, but the datanode 1417b996-b29d-4b85-9617-279817c9415e{ip: 192.168.69.123, host: pr-hdds-2340-skh4f-3510823728, networkLocation: /default-rack, certSerialId: null} reports an CLOSED replica.
2019-10-21 18:39:46,692 [EventQueue-ContainerReportForContainerReportHandler] WARN  container.ContainerReportHandler (AbstractContainerReportHandler.java:updateContainerState(145)) - Container #1 is in OPEN state, but the datanode 0ae462f6-a5e4-462b-9a24-121d451bcbc9{ip: 192.168.69.123, host: pr-hdds-2340-skh4f-3510823728, networkLocation: /default-rack, certSerialId: null} reports an CLOSED replica.
2019-10-21 18:39:46,994 [BlockDeletingService#2] WARN  background.BlockDeletingService (BlockDeletingService.java:isDeletionAllowed(187)) - Close Container log Index 6 is not replicated across allthe servers in the pipeline 4cfe140f-d3a3-4309-ae7c-0a44c9741378 as the min replicated index is 4. Deletion is not allowed in this container yet.
2019-10-21 18:39:46,994 [BlockDeletingService#2] WARN  background.BlockDeletingService (BlockDeletingService.java:isDeletionAllowed(187)) - Close Container log Index 6 is not replicated across allthe servers in the pipeline 4cfe140f-d3a3-4309-ae7c-0a44c9741378 as the min replicated index is 4. Deletion is not allowed in this container yet.
2019-10-21 18:39:47,069 [EventQueue-ContainerReportForContainerReportHandler] WARN  container.ContainerReportHandler (AbstractContainerReportHandler.java:updateContainerState(145)) - Container #1 is in OPEN state, but the datanode 1417b996-b29d-4b85-9617-279817c9415e{ip: 192.168.69.123, host: pr-hdds-2340-skh4f-3510823728, networkLocation: /default-rack, certSerialId: null} reports an CLOSED replica.
2019-10-21 18:39:47,092 [EventQueue-ContainerReportForContainerReportHandler] WARN  container.ContainerReportHandler (AbstractContainerReportHandler.java:updateContainerState(145)) - Container #1 is in OPEN state, but the datanode 0ae462f6-a5e4-462b-9a24-121d451bcbc9{ip: 192.168.69.123, host: pr-hdds-2340-skh4f-3510823728, networkLocation: /default-rack, certSerialId: null} reports an CLOSED replica.
2019-10-21 18:39:47,467 [EventQueue-ContainerReportForContainerReportHandler] WARN  container.ContainerReportHandler (AbstractContainerReportHandler.java:updateContainerState(145)) - Container #1 is in OPEN state, but the datanode 1417b996-b29d-4b85-9617-279817c9415e{ip: 192.168.69.123, host: pr-hdds-2340-skh4f-3510823728, networkLocation: /default-rack, certSerialId: null} reports an CLOSED replica.
2019-10-21 18:39:47,493 [EventQueue-ContainerReportForContainerReportHandler] WARN  container.ContainerReportHandler (AbstractContainerReportHandler.java:updateContainerState(145)) - Container #1 is in OPEN state, but the datanode 0ae462f6-a5e4-462b-9a24-121d451bcbc9{ip: 192.168.69.123, host: pr-hdds-2340-skh4f-3510823728, networkLocation: /default-rack, certSerialId: null} reports an CLOSED replica.
2019-10-21 18:39:47,668 [EventQueue-ContainerReportForContainerReportHandler] WARN  container.ContainerReportHandler (AbstractContainerReportHandler.java:updateContainerState(145)) - Container #1 is in OPEN state, but the datanode 1417b996-b29d-4b85-9617-279817c9415e{ip: 192.168.69.123, host: pr-hdds-2340-skh4f-3510823728, networkLocation: /default-rack, certSerialId: null} reports an CLOSED replica.
2019-10-21 18:39:47,794 [EventQueue-ContainerReportForContainerReportHandler] WARN  container.ContainerReportHandler (AbstractContainerReportHandler.java:updateContainerState(145)) - Container #1 is in OPEN state, but the datanode 0ae462f6-a5e4-462b-9a24-121d451bcbc9{ip: 192.168.69.123, host: pr-hdds-2340-skh4f-3510823728, networkLocation: /default-rack, certSerialId: null} reports an CLOSED replica.
2019-10-21 18:39:47,967 [EventQueue-ContainerReportForContainerReportHandler] WARN  container.ContainerReportHandler (AbstractContainerReportHandler.java:updateContainerState(145)) - Container #1 is in OPEN state, but the datanode 1417b996-b29d-4b85-9617-279817c9415e{ip: 192.168.69.123, host: pr-hdds-2340-skh4f-3510823728, networkLocation: /default-rack, certSerialId: null} reports an CLOSED replica.
2019-10-21 18:39:47,996 [BlockDeletingService#2] WARN  background.BlockDeletingService (BlockDeletingService.java:isDeletionAllowed(187)) - Close Container log Index 6 is not replicated across allthe servers in the pipeline 4cfe140f-d3a3-4309-ae7c-0a44c9741378 as the min replicated index is 4. Deletion is not allowed in this container yet.
2019-10-21 18:39:47,996 [BlockDeletingService#2] WARN  background.BlockDeletingService (BlockDeletingService.java:isDeletionAllowed(187)) - Close Container log Index 6 is not replicated across allthe servers in the pipeline 4cfe140f-d3a3-4309-ae7c-0a44c9741378 as the min replicated index is 4. Deletion is not allowed in this container yet.
2019-10-21 18:39:48,168 [EventQueue-ContainerReportForContainerReportHandler] WARN  container.ContainerReportHandler (AbstractContainerReportHandler.java:updateContainerState(145)) - Container #1 is in OPEN state, but the datanode 1417b996-b29d-4b85-9617-279817c9415e{ip: 192.168.69.123, host: pr-hdds-2340-skh4f-3510823728, networkLocation: /default-rack, certSerialId: null} reports an CLOSED replica.
2019-10-21 18:39:48,194 [EventQueue-ContainerReportForContainerReportHandler] WARN  container.ContainerReportHandler (AbstractContainerReportHandler.java:updateContainerState(145)) - Container #1 is in OPEN state, but the datanode 0ae462f6-a5e4-462b-9a24-121d451bcbc9{ip: 192.168.69.123, host: pr-hdds-2340-skh4f-3510823728, networkLocation: /default-rack, certSerialId: null} reports an CLOSED replica.
2019-10-21 18:39:48,469 [EventQueue-ContainerReportForContainerReportHandler] WARN  container.ContainerReportHandler (AbstractContainerReportHandler.java:updateContainerState(145)) - Container #1 is in OPEN state, but the datanode 1417b996-b29d-4b85-9617-279817c9415e{ip: 192.168.69.123, host: pr-hdds-2340-skh4f-3510823728, networkLocation: /default-rack, certSerialId: null} reports an CLOSED replica.
2019-10-21 18:39:48,495 [EventQueue-ContainerReportForContainerReportHandler] WARN  container.ContainerReportHandler (AbstractContainerReportHandler.java:updateContainerState(145)) - Container #1 is in OPEN state, but the datanode 0ae462f6-a5e4-462b-9a24-121d451bcbc9{ip: 192.168.69.123, host: pr-hdds-2340-skh4f-3510823728, networkLocation: /default-rack, certSerialId: null} reports an CLOSED replica.
2019-10-21 18:39:48,629 [java.util.concurrent.ThreadPoolExecutor$Worker@32f303dc[State = -1, empty queue]] WARN  server.GrpcLogAppender (GrpcLogAppender.java:timeoutAppendRequest(209)) - 1417b996-b29d-4b85-9617-279817c9415e@group-0A44C9741378->52ea385b-513a-41c9-81e3-3ab71399b638-GrpcLogAppender: appendEntries Timeout, request=1417b996-b29d-4b85-9617-279817c9415e->52ea385b-513a-41c9-81e3-3ab71399b638#27-t1, previous=(t:1, i:10), leaderCommit=10, initializing? false, entries: <empty>
2019-10-21 18:39:48,673 [Thread-345] INFO  client.GrpcClientProtocolService (GrpcClientProtocolService.java:lambda$processClientRequest$0(279)) - Failed RaftClientRequest:client-78F0D1780252->0ae462f6-a5e4-462b-9a24-121d451bcbc9@group-0A44C9741378, cid=10, seq=0, Watch-ALL_COMMITTED(6), Message:<EMPTY>, reply=RaftClientReply:client-78F0D1780252->0ae462f6-a5e4-462b-9a24-121d451bcbc9@group-0A44C9741378, cid=10, FAILED org.apache.ratis.protocol.NotLeaderException: Server 0ae462f6-a5e4-462b-9a24-121d451bcbc9@group-0A44C9741378 is not the leader 1417b996-b29d-4b85-9617-279817c9415e:192.168.69.123:46747, logIndex=0, commits[0ae462f6-a5e4-462b-9a24-121d451bcbc9:c10, 1417b996-b29d-4b85-9617-279817c9415e:c10, 52ea385b-513a-41c9-81e3-3ab71399b638:c4]
2019-10-21 18:39:48,869 [EventQueue-ContainerReportForContainerReportHandler] WARN  container.ContainerReportHandler (AbstractContainerReportHandler.java:updateContainerState(145)) - Container #1 is in OPEN state, but the datanode 1417b996-b29d-4b85-9617-279817c9415e{ip: 192.168.69.123, host: pr-hdds-2340-skh4f-3510823728, networkLocation: /default-rack, certSerialId: null} reports an CLOSED replica.
2019-10-21 18:39:48,895 [EventQueue-ContainerReportForContainerReportHandler] WARN  container.ContainerReportHandler (AbstractContainerReportHandler.java:updateContainerState(145)) - Container #1 is in OPEN state, but the datanode 0ae462f6-a5e4-462b-9a24-121d451bcbc9{ip: 192.168.69.123, host: pr-hdds-2340-skh4f-3510823728, networkLocation: /default-rack, certSerialId: null} reports an CLOSED replica.
2019-10-21 18:39:48,998 [BlockDeletingService#2] WARN  background.BlockDeletingService (BlockDeletingService.java:isDeletionAllowed(187)) - Close Container log Index 6 is not replicated across allthe servers in the pipeline 4cfe140f-d3a3-4309-ae7c-0a44c9741378 as the min replicated index is 4. Deletion is not allowed in this container yet.
2019-10-21 18:39:48,999 [BlockDeletingService#2] WARN  background.BlockDeletingService (BlockDeletingService.java:isDeletionAllowed(187)) - Close Container log Index 6 is not replicated across allthe servers in the pipeline 4cfe140f-d3a3-4309-ae7c-0a44c9741378 as the min replicated index is 4. Deletion is not allowed in this container yet.
2019-10-21 18:39:49,070 [EventQueue-ContainerReportForContainerReportHandler] WARN  container.ContainerReportHandler (AbstractContainerReportHandler.java:updateContainerState(145)) - Container #1 is in OPEN state, but the datanode 1417b996-b29d-4b85-9617-279817c9415e{ip: 192.168.69.123, host: pr-hdds-2340-skh4f-3510823728, networkLocation: /default-rack, certSerialId: null} reports an CLOSED replica.
2019-10-21 18:39:49,296 [EventQueue-ContainerReportForContainerReportHandler] WARN  container.ContainerReportHandler (AbstractContainerReportHandler.java:updateContainerState(145)) - Container #1 is in OPEN state, but the datanode 0ae462f6-a5e4-462b-9a24-121d451bcbc9{ip: 192.168.69.123, host: pr-hdds-2340-skh4f-3510823728, networkLocation: /default-rack, certSerialId: null} reports an CLOSED replica.
2019-10-21 18:39:49,369 [EventQueue-ContainerReportForContainerReportHandler] WARN  container.ContainerReportHandler (AbstractContainerReportHandler.java:updateContainerState(145)) - Container #1 is in OPEN state, but the datanode 1417b996-b29d-4b85-9617-279817c9415e{ip: 192.168.69.123, host: pr-hdds-2340-skh4f-3510823728, networkLocation: /default-rack, certSerialId: null} reports an CLOSED replica.
2019-10-21 18:39:49,595 [EventQueue-ContainerReportForContainerReportHandler] WARN  container.ContainerReportHandler (AbstractContainerReportHandler.java:updateContainerState(145)) - Container #1 is in OPEN state, but the datanode 0ae462f6-a5e4-462b-9a24-121d451bcbc9{ip: 192.168.69.123, host: pr-hdds-2340-skh4f-3510823728, networkLocation: /default-rack, certSerialId: null} reports an CLOSED replica.
2019-10-21 18:39:49,670 [EventQueue-ContainerReportForContainerReportHandler] WARN  container.ContainerReportHandler (AbstractContainerReportHandler.java:updateContainerState(145)) - Container #1 is in OPEN state, but the datanode 1417b996-b29d-4b85-9617-279817c9415e{ip: 192.168.69.123, host: pr-hdds-2340-skh4f-3510823728, networkLocation: /default-rack, certSerialId: null} reports an CLOSED replica.
2019-10-21 18:39:49,885 [Thread-350] INFO  client.GrpcClientProtocolService (GrpcClientProtocolService.java:lambda$processClientRequest$0(279)) - Failed RaftClientRequest:client-78F0D1780252->1417b996-b29d-4b85-9617-279817c9415e@group-0A44C9741378, cid=10, seq=0, Watch-ALL_COMMITTED(6), Message:<EMPTY>, reply=RaftClientReply:client-78F0D1780252->1417b996-b29d-4b85-9617-279817c9415e@group-0A44C9741378, cid=10, FAILED org.apache.ratis.protocol.NotReplicatedException: Request with call Id 10 and log index 6 is not yet replicated to ALL_COMMITTED, logIndex=6, commits[1417b996-b29d-4b85-9617-279817c9415e:c10, 0ae462f6-a5e4-462b-9a24-121d451bcbc9:c10, 52ea385b-513a-41c9-81e3-3ab71399b638:c4]
2019-10-21 18:39:49,895 [EventQueue-ContainerReportForContainerReportHandler] WARN  container.ContainerReportHandler (AbstractContainerReportHandler.java:updateContainerState(145)) - Container #1 is in OPEN state, but the datanode 0ae462f6-a5e4-462b-9a24-121d451bcbc9{ip: 192.168.69.123, host: pr-hdds-2340-skh4f-3510823728, networkLocation: /default-rack, certSerialId: null} reports an CLOSED replica.
2019-10-21 18:39:49,970 [EventQueue-ContainerReportForContainerReportHandler] WARN  container.ContainerReportHandler (AbstractContainerReportHandler.java:updateContainerState(145)) - Container #1 is in OPEN state, but the datanode 1417b996-b29d-4b85-9617-279817c9415e{ip: 192.168.69.123, host: pr-hdds-2340-skh4f-3510823728, networkLocation: /default-rack, certSerialId: null} reports an CLOSED replica.
2019-10-21 18:39:50,001 [BlockDeletingService#2] WARN  background.BlockDeletingService (BlockDeletingService.java:isDeletionAllowed(187)) - Close Container log Index 6 is not replicated across allthe servers in the pipeline 4cfe140f-d3a3-4309-ae7c-0a44c9741378 as the min replicated index is 4. Deletion is not allowed in this container yet.
2019-10-21 18:39:50,001 [BlockDeletingService#2] WARN  background.BlockDeletingService (BlockDeletingService.java:isDeletionAllowed(187)) - Close Container log Index 6 is not replicated across allthe servers in the pipeline 4cfe140f-d3a3-4309-ae7c-0a44c9741378 as the min replicated index is 4. Deletion is not allowed in this container yet.
2019-10-21 18:39:50,095 [EventQueue-ContainerReportForContainerReportHandler] WARN  container.ContainerReportHandler (AbstractContainerReportHandler.java:updateContainerState(145)) - Container #1 is in OPEN state, but the datanode 0ae462f6-a5e4-462b-9a24-121d451bcbc9{ip: 192.168.69.123, host: pr-hdds-2340-skh4f-3510823728, networkLocation: /default-rack, certSerialId: null} reports an CLOSED replica.
2019-10-21 18:39:50,271 [EventQueue-ContainerReportForContainerReportHandler] WARN  container.ContainerReportHandler (AbstractContainerReportHandler.java:updateContainerState(145)) - Container #1 is in OPEN state, but the datanode 1417b996-b29d-4b85-9617-279817c9415e{ip: 192.168.69.123, host: pr-hdds-2340-skh4f-3510823728, networkLocation: /default-rack, certSerialId: null} reports an CLOSED replica.
2019-10-21 18:39:50,396 [EventQueue-ContainerReportForContainerReportHandler] WARN  container.ContainerReportHandler (AbstractContainerReportHandler.java:updateContainerState(145)) - Container #1 is in OPEN state, but the datanode 0ae462f6-a5e4-462b-9a24-121d451bcbc9{ip: 192.168.69.123, host: pr-hdds-2340-skh4f-3510823728, networkLocation: /default-rack, certSerialId: null} reports an CLOSED replica.
2019-10-21 18:39:50,570 [EventQueue-ContainerReportForContainerReportHandler] WARN  container.ContainerReportHandler (AbstractContainerReportHandler.java:updateContainerState(145)) - Container #1 is in OPEN state, but the datanode 1417b996-b29d-4b85-9617-279817c9415e{ip: 192.168.69.123, host: pr-hdds-2340-skh4f-3510823728, networkLocation: /default-rack, certSerialId: null} reports an CLOSED replica.
2019-10-21 18:39:50,696 [EventQueue-ContainerReportForContainerReportHandler] WARN  container.ContainerReportHandler (AbstractContainerReportHandler.java:updateContainerState(145)) - Container #1 is in OPEN state, but the datanode 0ae462f6-a5e4-462b-9a24-121d451bcbc9{ip: 192.168.69.123, host: pr-hdds-2340-skh4f-3510823728, networkLocation: /default-rack, certSerialId: null} reports an CLOSED replica.
2019-10-21 18:39:50,971 [EventQueue-ContainerReportForContainerReportHandler] WARN  container.ContainerReportHandler (AbstractContainerReportHandler.java:updateContainerState(145)) - Container #1 is in OPEN state, but the datanode 1417b996-b29d-4b85-9617-279817c9415e{ip: 192.168.69.123, host: pr-hdds-2340-skh4f-3510823728, networkLocation: /default-rack, certSerialId: null} reports an CLOSED replica.
2019-10-21 18:39:50,996 [EventQueue-ContainerReportForContainerReportHandler] WARN  container.ContainerReportHandler (AbstractContainerReportHandler.java:updateContainerState(145)) - Container #1 is in OPEN state, but the datanode 0ae462f6-a5e4-462b-9a24-121d451bcbc9{ip: 192.168.69.123, host: pr-hdds-2340-skh4f-3510823728, networkLocation: /default-rack, certSerialId: null} reports an CLOSED replica.
2019-10-21 18:39:51,004 [BlockDeletingService#2] WARN  background.BlockDeletingService (BlockDeletingService.java:isDeletionAllowed(187)) - Close Container log Index 6 is not replicated across allthe servers in the pipeline 4cfe140f-d3a3-4309-ae7c-0a44c9741378 as the min replicated index is 4. Deletion is not allowed in this container yet.
2019-10-21 18:39:51,004 [BlockDeletingService#2] WARN  background.BlockDeletingService (BlockDeletingService.java:isDeletionAllowed(187)) - Close Container log Index 6 is not replicated across allthe servers in the pipeline 4cfe140f-d3a3-4309-ae7c-0a44c9741378 as the min replicated index is 4. Deletion is not allowed in this container yet.
2019-10-21 18:39:51,131 [java.util.concurrent.ThreadPoolExecutor$Worker@32f303dc[State = -1, empty queue]] WARN  server.GrpcLogAppender (GrpcLogAppender.java:timeoutAppendRequest(209)) - 1417b996-b29d-4b85-9617-279817c9415e@group-0A44C9741378->52ea385b-513a-41c9-81e3-3ab71399b638-GrpcLogAppender: appendEntries Timeout, request=1417b996-b29d-4b85-9617-279817c9415e->52ea385b-513a-41c9-81e3-3ab71399b638#28-t1, previous=(t:1, i:10), leaderCommit=10, initializing? false, entries: <empty>
2019-10-21 18:39:51,371 [EventQueue-ContainerReportForContainerReportHandler] WARN  container.ContainerReportHandler (AbstractContainerReportHandler.java:updateContainerState(145)) - Container #1 is in OPEN state, but the datanode 1417b996-b29d-4b85-9617-279817c9415e{ip: 192.168.69.123, host: pr-hdds-2340-skh4f-3510823728, networkLocation: /default-rack, certSerialId: null} reports an CLOSED replica.
2019-10-21 18:39:51,398 [EventQueue-ContainerReportForContainerReportHandler] WARN  container.ContainerReportHandler (AbstractContainerReportHandler.java:updateContainerState(145)) - Container #1 is in OPEN state, but the datanode 0ae462f6-a5e4-462b-9a24-121d451bcbc9{ip: 192.168.69.123, host: pr-hdds-2340-skh4f-3510823728, networkLocation: /default-rack, certSerialId: null} reports an CLOSED replica.
2019-10-21 18:39:51,598 [EventQueue-ContainerReportForContainerReportHandler] WARN  container.ContainerReportHandler (AbstractContainerReportHandler.java:updateContainerState(145)) - Container #1 is in OPEN state, but the datanode 0ae462f6-a5e4-462b-9a24-121d451bcbc9{ip: 192.168.69.123, host: pr-hdds-2340-skh4f-3510823728, networkLocation: /default-rack, certSerialId: null} reports an CLOSED replica.
2019-10-21 18:39:51,671 [EventQueue-ContainerReportForContainerReportHandler] WARN  container.ContainerReportHandler (AbstractContainerReportHandler.java:updateContainerState(145)) - Container #1 is in OPEN state, but the datanode 1417b996-b29d-4b85-9617-279817c9415e{ip: 192.168.69.123, host: pr-hdds-2340-skh4f-3510823728, networkLocation: /default-rack, certSerialId: null} reports an CLOSED replica.
2019-10-21 18:39:51,899 [EventQueue-ContainerReportForContainerReportHandler] WARN  container.ContainerReportHandler (AbstractContainerReportHandler.java:updateContainerState(145)) - Container #1 is in OPEN state, but the datanode 0ae462f6-a5e4-462b-9a24-121d451bcbc9{ip: 192.168.69.123, host: pr-hdds-2340-skh4f-3510823728, networkLocation: /default-rack, certSerialId: null} reports an CLOSED replica.
2019-10-21 18:39:52,005 [BlockDeletingService#2] WARN  background.BlockDeletingService (BlockDeletingService.java:isDeletionAllowed(187)) - Close Container log Index 6 is not replicated across allthe servers in the pipeline 4cfe140f-d3a3-4309-ae7c-0a44c9741378 as the min replicated index is 4. Deletion is not allowed in this container yet.
2019-10-21 18:39:52,006 [BlockDeletingService#2] WARN  background.BlockDeletingService (BlockDeletingService.java:isDeletionAllowed(187)) - Close Container log Index 6 is not replicated across allthe servers in the pipeline 4cfe140f-d3a3-4309-ae7c-0a44c9741378 as the min replicated index is 4. Deletion is not allowed in this container yet.
2019-10-21 18:39:52,071 [EventQueue-ContainerReportForContainerReportHandler] WARN  container.ContainerReportHandler (AbstractContainerReportHandler.java:updateContainerState(145)) - Container #1 is in OPEN state, but the datanode 1417b996-b29d-4b85-9617-279817c9415e{ip: 192.168.69.123, host: pr-hdds-2340-skh4f-3510823728, networkLocation: /default-rack, certSerialId: null} reports an CLOSED replica.
2019-10-21 18:39:52,298 [EventQueue-ContainerReportForContainerReportHandler] WARN  container.ContainerReportHandler (AbstractContainerReportHandler.java:updateContainerState(145)) - Container #1 is in OPEN state, but the datanode 0ae462f6-a5e4-462b-9a24-121d451bcbc9{ip: 192.168.69.123, host: pr-hdds-2340-skh4f-3510823728, networkLocation: /default-rack, certSerialId: null} reports an CLOSED replica.
2019-10-21 18:39:52,471 [EventQueue-ContainerReportForContainerReportHandler] WARN  container.ContainerReportHandler (AbstractContainerReportHandler.java:updateContainerState(145)) - Container #1 is in OPEN state, but the datanode 1417b996-b29d-4b85-9617-279817c9415e{ip: 192.168.69.123, host: pr-hdds-2340-skh4f-3510823728, networkLocation: /default-rack, certSerialId: null} reports an CLOSED replica.
2019-10-21 18:39:52,599 [EventQueue-ContainerReportForContainerReportHandler] WARN  container.ContainerReportHandler (AbstractContainerReportHandler.java:updateContainerState(145)) - Container #1 is in OPEN state, but the datanode 0ae462f6-a5e4-462b-9a24-121d451bcbc9{ip: 192.168.69.123, host: pr-hdds-2340-skh4f-3510823728, networkLocation: /default-rack, certSerialId: null} reports an CLOSED replica.
2019-10-21 18:39:52,772 [EventQueue-ContainerReportForContainerReportHandler] WARN  container.ContainerReportHandler (AbstractContainerReportHandler.java:updateContainerState(145)) - Container #1 is in OPEN state, but the datanode 1417b996-b29d-4b85-9617-279817c9415e{ip: 192.168.69.123, host: pr-hdds-2340-skh4f-3510823728, networkLocation: /default-rack, certSerialId: null} reports an CLOSED replica.
2019-10-21 18:39:52,898 [EventQueue-ContainerReportForContainerReportHandler] WARN  container.ContainerReportHandler (AbstractContainerReportHandler.java:updateContainerState(145)) - Container #1 is in OPEN state, but the datanode 0ae462f6-a5e4-462b-9a24-121d451bcbc9{ip: 192.168.69.123, host: pr-hdds-2340-skh4f-3510823728, networkLocation: /default-rack, certSerialId: null} reports an CLOSED replica.
2019-10-21 18:39:53,007 [BlockDeletingService#2] WARN  background.BlockDeletingService (BlockDeletingService.java:isDeletionAllowed(187)) - Close Container log Index 6 is not replicated across allthe servers in the pipeline 4cfe140f-d3a3-4309-ae7c-0a44c9741378 as the min replicated index is 4. Deletion is not allowed in this container yet.
2019-10-21 18:39:53,007 [BlockDeletingService#2] WARN  background.BlockDeletingService (BlockDeletingService.java:isDeletionAllowed(187)) - Close Container log Index 6 is not replicated across allthe servers in the pipeline 4cfe140f-d3a3-4309-ae7c-0a44c9741378 as the min replicated index is 4. Deletion is not allowed in this container yet.
2019-10-21 18:39:53,073 [EventQueue-ContainerReportForContainerReportHandler] WARN  container.ContainerReportHandler (AbstractContainerReportHandler.java:updateContainerState(145)) - Container #1 is in OPEN state, but the datanode 1417b996-b29d-4b85-9617-279817c9415e{ip: 192.168.69.123, host: pr-hdds-2340-skh4f-3510823728, networkLocation: /default-rack, certSerialId: null} reports an CLOSED replica.
2019-10-21 18:39:53,300 [EventQueue-ContainerReportForContainerReportHandler] WARN  container.ContainerReportHandler (AbstractContainerReportHandler.java:updateContainerState(145)) - Container #1 is in OPEN state, but the datanode 0ae462f6-a5e4-462b-9a24-121d451bcbc9{ip: 192.168.69.123, host: pr-hdds-2340-skh4f-3510823728, networkLocation: /default-rack, certSerialId: null} reports an CLOSED replica.
2019-10-21 18:39:53,472 [EventQueue-ContainerReportForContainerReportHandler] WARN  container.ContainerReportHandler (AbstractContainerReportHandler.java:updateContainerState(145)) - Container #1 is in OPEN state, but the datanode 1417b996-b29d-4b85-9617-279817c9415e{ip: 192.168.69.123, host: pr-hdds-2340-skh4f-3510823728, networkLocation: /default-rack, certSerialId: null} reports an CLOSED replica.
2019-10-21 18:39:53,601 [EventQueue-ContainerReportForContainerReportHandler] WARN  container.ContainerReportHandler (AbstractContainerReportHandler.java:updateContainerState(145)) - Container #1 is in OPEN state, but the datanode 0ae462f6-a5e4-462b-9a24-121d451bcbc9{ip: 192.168.69.123, host: pr-hdds-2340-skh4f-3510823728, networkLocation: /default-rack, certSerialId: null} reports an CLOSED replica.
2019-10-21 18:39:53,632 [java.util.concurrent.ThreadPoolExecutor$Worker@32f303dc[State = -1, empty queue]] WARN  server.GrpcLogAppender (GrpcLogAppender.java:timeoutAppendRequest(209)) - 1417b996-b29d-4b85-9617-279817c9415e@group-0A44C9741378->52ea385b-513a-41c9-81e3-3ab71399b638-GrpcLogAppender: appendEntries Timeout, request=1417b996-b29d-4b85-9617-279817c9415e->52ea385b-513a-41c9-81e3-3ab71399b638#29-t1, previous=(t:1, i:10), leaderCommit=10, initializing? false, entries: <empty>
2019-10-21 18:39:53,772 [EventQueue-ContainerReportForContainerReportHandler] WARN  container.ContainerReportHandler (AbstractContainerReportHandler.java:updateContainerState(145)) - Container #1 is in OPEN state, but the datanode 1417b996-b29d-4b85-9617-279817c9415e{ip: 192.168.69.123, host: pr-hdds-2340-skh4f-3510823728, networkLocation: /default-rack, certSerialId: null} reports an CLOSED replica.
2019-10-21 18:39:53,801 [EventQueue-ContainerReportForContainerReportHandler] WARN  container.ContainerReportHandler (AbstractContainerReportHandler.java:updateContainerState(145)) - Container #1 is in OPEN state, but the datanode 0ae462f6-a5e4-462b-9a24-121d451bcbc9{ip: 192.168.69.123, host: pr-hdds-2340-skh4f-3510823728, networkLocation: /default-rack, certSerialId: null} reports an CLOSED replica.
2019-10-21 18:39:54,009 [BlockDeletingService#2] WARN  background.BlockDeletingService (BlockDeletingService.java:isDeletionAllowed(187)) - Close Container log Index 6 is not replicated across allthe servers in the pipeline 4cfe140f-d3a3-4309-ae7c-0a44c9741378 as the min replicated index is 4. Deletion is not allowed in this container yet.
2019-10-21 18:39:54,009 [BlockDeletingService#2] WARN  background.BlockDeletingService (BlockDeletingService.java:isDeletionAllowed(187)) - Close Container log Index 6 is not replicated across allthe servers in the pipeline 4cfe140f-d3a3-4309-ae7c-0a44c9741378 as the min replicated index is 4. Deletion is not allowed in this container yet.
2019-10-21 18:39:54,173 [EventQueue-ContainerReportForContainerReportHandler] WARN  container.ContainerReportHandler (AbstractContainerReportHandler.java:updateContainerState(145)) - Container #1 is in OPEN state, but the datanode 1417b996-b29d-4b85-9617-279817c9415e{ip: 192.168.69.123, host: pr-hdds-2340-skh4f-3510823728, networkLocation: /default-rack, certSerialId: null} reports an CLOSED replica.
2019-10-21 18:39:54,202 [EventQueue-ContainerReportForContainerReportHandler] WARN  container.ContainerReportHandler (AbstractContainerReportHandler.java:updateContainerState(145)) - Container #1 is in OPEN state, but the datanode 0ae462f6-a5e4-462b-9a24-121d451bcbc9{ip: 192.168.69.123, host: pr-hdds-2340-skh4f-3510823728, networkLocation: /default-rack, certSerialId: null} reports an CLOSED replica.
2019-10-21 18:39:54,372 [EventQueue-ContainerReportForContainerReportHandler] WARN  container.ContainerReportHandler (AbstractContainerReportHandler.java:updateContainerState(145)) - Container #1 is in OPEN state, but the datanode 1417b996-b29d-4b85-9617-279817c9415e{ip: 192.168.69.123, host: pr-hdds-2340-skh4f-3510823728, networkLocation: /default-rack, certSerialId: null} reports an CLOSED replica.
2019-10-21 18:39:54,402 [EventQueue-ContainerReportForContainerReportHandler] WARN  container.ContainerReportHandler (AbstractContainerReportHandler.java:updateContainerState(145)) - Container #1 is in OPEN state, but the datanode 0ae462f6-a5e4-462b-9a24-121d451bcbc9{ip: 192.168.69.123, host: pr-hdds-2340-skh4f-3510823728, networkLocation: /default-rack, certSerialId: null} reports an CLOSED replica.
2019-10-21 18:39:54,675 [EventQueue-ContainerReportForContainerReportHandler] WARN  container.ContainerReportHandler (AbstractContainerReportHandler.java:updateContainerState(145)) - Container #1 is in OPEN state, but the datanode 1417b996-b29d-4b85-9617-279817c9415e{ip: 192.168.69.123, host: pr-hdds-2340-skh4f-3510823728, networkLocation: /default-rack, certSerialId: null} reports an CLOSED replica.
2019-10-21 18:39:54,703 [EventQueue-ContainerReportForContainerReportHandler] WARN  container.ContainerReportHandler (AbstractContainerReportHandler.java:updateContainerState(145)) - Container #1 is in OPEN state, but the datanode 0ae462f6-a5e4-462b-9a24-121d451bcbc9{ip: 192.168.69.123, host: pr-hdds-2340-skh4f-3510823728, networkLocation: /default-rack, certSerialId: null} reports an CLOSED replica.
2019-10-21 18:39:54,903 [EventQueue-ContainerReportForContainerReportHandler] WARN  container.ContainerReportHandler (AbstractContainerReportHandler.java:updateContainerState(145)) - Container #1 is in OPEN state, but the datanode 0ae462f6-a5e4-462b-9a24-121d451bcbc9{ip: 192.168.69.123, host: pr-hdds-2340-skh4f-3510823728, networkLocation: /default-rack, certSerialId: null} reports an CLOSED replica.
2019-10-21 18:39:55,011 [BlockDeletingService#2] WARN  background.BlockDeletingService (BlockDeletingService.java:isDeletionAllowed(187)) - Close Container log Index 6 is not replicated across allthe servers in the pipeline 4cfe140f-d3a3-4309-ae7c-0a44c9741378 as the min replicated index is 4. Deletion is not allowed in this container yet.
2019-10-21 18:39:55,011 [BlockDeletingService#2] WARN  background.BlockDeletingService (BlockDeletingService.java:isDeletionAllowed(187)) - Close Container log Index 6 is not replicated across allthe servers in the pipeline 4cfe140f-d3a3-4309-ae7c-0a44c9741378 as the min replicated index is 4. Deletion is not allowed in this container yet.
2019-10-21 18:39:55,072 [EventQueue-ContainerReportForContainerReportHandler] WARN  container.ContainerReportHandler (AbstractContainerReportHandler.java:updateContainerState(145)) - Container #1 is in OPEN state, but the datanode 1417b996-b29d-4b85-9617-279817c9415e{ip: 192.168.69.123, host: pr-hdds-2340-skh4f-3510823728, networkLocation: /default-rack, certSerialId: null} reports an CLOSED replica.
2019-10-21 18:39:55,204 [EventQueue-ContainerReportForContainerReportHandler] WARN  container.ContainerReportHandler (AbstractContainerReportHandler.java:updateContainerState(145)) - Container #1 is in OPEN state, but the datanode 0ae462f6-a5e4-462b-9a24-121d451bcbc9{ip: 192.168.69.123, host: pr-hdds-2340-skh4f-3510823728, networkLocation: /default-rack, certSerialId: null} reports an CLOSED replica.
2019-10-21 18:39:55,473 [EventQueue-ContainerReportForContainerReportHandler] WARN  container.ContainerReportHandler (AbstractContainerReportHandler.java:updateContainerState(145)) - Container #1 is in OPEN state, but the datanode 1417b996-b29d-4b85-9617-279817c9415e{ip: 192.168.69.123, host: pr-hdds-2340-skh4f-3510823728, networkLocation: /default-rack, certSerialId: null} reports an CLOSED replica.
2019-10-21 18:39:55,504 [EventQueue-ContainerReportForContainerReportHandler] WARN  container.ContainerReportHandler (AbstractContainerReportHandler.java:updateContainerState(145)) - Container #1 is in OPEN state, but the datanode 0ae462f6-a5e4-462b-9a24-121d451bcbc9{ip: 192.168.69.123, host: pr-hdds-2340-skh4f-3510823728, networkLocation: /default-rack, certSerialId: null} reports an CLOSED replica.
2019-10-21 18:39:55,672 [EventQueue-ContainerReportForContainerReportHandler] WARN  container.ContainerReportHandler (AbstractContainerReportHandler.java:updateContainerState(145)) - Container #1 is in OPEN state, but the datanode 1417b996-b29d-4b85-9617-279817c9415e{ip: 192.168.69.123, host: pr-hdds-2340-skh4f-3510823728, networkLocation: /default-rack, certSerialId: null} reports an CLOSED replica.
2019-10-21 18:39:55,703 [EventQueue-ContainerReportForContainerReportHandler] WARN  container.ContainerReportHandler (AbstractContainerReportHandler.java:updateContainerState(145)) - Container #1 is in OPEN state, but the datanode 0ae462f6-a5e4-462b-9a24-121d451bcbc9{ip: 192.168.69.123, host: pr-hdds-2340-skh4f-3510823728, networkLocation: /default-rack, certSerialId: null} reports an CLOSED replica.
2019-10-21 18:39:55,872 [EventQueue-ContainerReportForContainerReportHandler] WARN  container.ContainerReportHandler (AbstractContainerReportHandler.java:updateContainerState(145)) - Container #1 is in OPEN state, but the datanode 1417b996-b29d-4b85-9617-279817c9415e{ip: 192.168.69.123, host: pr-hdds-2340-skh4f-3510823728, networkLocation: /default-rack, certSerialId: null} reports an CLOSED replica.
2019-10-21 18:39:55,903 [EventQueue-ContainerReportForContainerReportHandler] WARN  container.ContainerReportHandler (AbstractContainerReportHandler.java:updateContainerState(145)) - Container #1 is in OPEN state, but the datanode 0ae462f6-a5e4-462b-9a24-121d451bcbc9{ip: 192.168.69.123, host: pr-hdds-2340-skh4f-3510823728, networkLocation: /default-rack, certSerialId: null} reports an CLOSED replica.
2019-10-21 18:39:56,012 [BlockDeletingService#2] WARN  background.BlockDeletingService (BlockDeletingService.java:isDeletionAllowed(187)) - Close Container log Index 6 is not replicated across allthe servers in the pipeline 4cfe140f-d3a3-4309-ae7c-0a44c9741378 as the min replicated index is 4. Deletion is not allowed in this container yet.
2019-10-21 18:39:56,012 [BlockDeletingService#2] WARN  background.BlockDeletingService (BlockDeletingService.java:isDeletionAllowed(187)) - Close Container log Index 6 is not replicated across allthe servers in the pipeline 4cfe140f-d3a3-4309-ae7c-0a44c9741378 as the min replicated index is 4. Deletion is not allowed in this container yet.
2019-10-21 18:39:56,133 [java.util.concurrent.ThreadPoolExecutor$Worker@32f303dc[State = -1, empty queue]] WARN  server.GrpcLogAppender (GrpcLogAppender.java:timeoutAppendRequest(209)) - 1417b996-b29d-4b85-9617-279817c9415e@group-0A44C9741378->52ea385b-513a-41c9-81e3-3ab71399b638-GrpcLogAppender: appendEntries Timeout, request=1417b996-b29d-4b85-9617-279817c9415e->52ea385b-513a-41c9-81e3-3ab71399b638#30-t1, previous=(t:1, i:10), leaderCommit=10, initializing? false, entries: <empty>
2019-10-21 18:39:56,172 [EventQueue-ContainerReportForContainerReportHandler] WARN  container.ContainerReportHandler (AbstractContainerReportHandler.java:updateContainerState(145)) - Container #1 is in OPEN state, but the datanode 1417b996-b29d-4b85-9617-279817c9415e{ip: 192.168.69.123, host: pr-hdds-2340-skh4f-3510823728, networkLocation: /default-rack, certSerialId: null} reports an CLOSED replica.
2019-10-21 18:39:56,204 [EventQueue-ContainerReportForContainerReportHandler] WARN  container.ContainerReportHandler (AbstractContainerReportHandler.java:updateContainerState(145)) - Container #1 is in OPEN state, but the datanode 0ae462f6-a5e4-462b-9a24-121d451bcbc9{ip: 192.168.69.123, host: pr-hdds-2340-skh4f-3510823728, networkLocation: /default-rack, certSerialId: null} reports an CLOSED replica.
2019-10-21 18:39:56,373 [EventQueue-ContainerReportForContainerReportHandler] WARN  container.ContainerReportHandler (AbstractContainerReportHandler.java:updateContainerState(145)) - Container #1 is in OPEN state, but the datanode 1417b996-b29d-4b85-9617-279817c9415e{ip: 192.168.69.123, host: pr-hdds-2340-skh4f-3510823728, networkLocation: /default-rack, certSerialId: null} reports an CLOSED replica.
2019-10-21 18:39:56,403 [EventQueue-ContainerReportForContainerReportHandler] WARN  container.ContainerReportHandler (AbstractContainerReportHandler.java:updateContainerState(145)) - Container #1 is in OPEN state, but the datanode 0ae462f6-a5e4-462b-9a24-121d451bcbc9{ip: 192.168.69.123, host: pr-hdds-2340-skh4f-3510823728, networkLocation: /default-rack, certSerialId: null} reports an CLOSED replica.
2019-10-21 18:39:56,673 [EventQueue-ContainerReportForContainerReportHandler] WARN  container.ContainerReportHandler (AbstractContainerReportHandler.java:updateContainerState(145)) - Container #1 is in OPEN state, but the datanode 1417b996-b29d-4b85-9617-279817c9415e{ip: 192.168.69.123, host: pr-hdds-2340-skh4f-3510823728, networkLocation: /default-rack, certSerialId: null} reports an CLOSED replica.
2019-10-21 18:39:56,804 [EventQueue-ContainerReportForContainerReportHandler] WARN  container.ContainerReportHandler (AbstractContainerReportHandler.java:updateContainerState(145)) - Container #1 is in OPEN state, but the datanode 0ae462f6-a5e4-462b-9a24-121d451bcbc9{ip: 192.168.69.123, host: pr-hdds-2340-skh4f-3510823728, networkLocation: /default-rack, certSerialId: null} reports an CLOSED replica.
2019-10-21 18:39:57,014 [BlockDeletingService#2] WARN  background.BlockDeletingService (BlockDeletingService.java:isDeletionAllowed(187)) - Close Container log Index 6 is not replicated across allthe servers in the pipeline 4cfe140f-d3a3-4309-ae7c-0a44c9741378 as the min replicated index is 4. Deletion is not allowed in this container yet.
2019-10-21 18:39:57,014 [BlockDeletingService#2] WARN  background.BlockDeletingService (BlockDeletingService.java:isDeletionAllowed(187)) - Close Container log Index 6 is not replicated across allthe servers in the pipeline 4cfe140f-d3a3-4309-ae7c-0a44c9741378 as the min replicated index is 4. Deletion is not allowed in this container yet.
2019-10-21 18:39:57,074 [EventQueue-ContainerReportForContainerReportHandler] WARN  container.ContainerReportHandler (AbstractContainerReportHandler.java:updateContainerState(145)) - Container #1 is in OPEN state, but the datanode 1417b996-b29d-4b85-9617-279817c9415e{ip: 192.168.69.123, host: pr-hdds-2340-skh4f-3510823728, networkLocation: /default-rack, certSerialId: null} reports an CLOSED replica.
2019-10-21 18:39:57,104 [EventQueue-ContainerReportForContainerReportHandler] WARN  container.ContainerReportHandler (AbstractContainerReportHandler.java:updateContainerState(145)) - Container #1 is in OPEN state, but the datanode 0ae462f6-a5e4-462b-9a24-121d451bcbc9{ip: 192.168.69.123, host: pr-hdds-2340-skh4f-3510823728, networkLocation: /default-rack, certSerialId: null} reports an CLOSED replica.
2019-10-21 18:39:57,273 [EventQueue-ContainerReportForContainerReportHandler] WARN  container.ContainerReportHandler (AbstractContainerReportHandler.java:updateContainerState(145)) - Container #1 is in OPEN state, but the datanode 1417b996-b29d-4b85-9617-279817c9415e{ip: 192.168.69.123, host: pr-hdds-2340-skh4f-3510823728, networkLocation: /default-rack, certSerialId: null} reports an CLOSED replica.
2019-10-21 18:39:57,305 [EventQueue-ContainerReportForContainerReportHandler] WARN  container.ContainerReportHandler (AbstractContainerReportHandler.java:updateContainerState(145)) - Container #1 is in OPEN state, but the datanode 0ae462f6-a5e4-462b-9a24-121d451bcbc9{ip: 192.168.69.123, host: pr-hdds-2340-skh4f-3510823728, networkLocation: /default-rack, certSerialId: null} reports an CLOSED replica.
2019-10-21 18:39:57,674 [EventQueue-ContainerReportForContainerReportHandler] WARN  container.ContainerReportHandler (AbstractContainerReportHandler.java:updateContainerState(145)) - Container #1 is in OPEN state, but the datanode 1417b996-b29d-4b85-9617-279817c9415e{ip: 192.168.69.123, host: pr-hdds-2340-skh4f-3510823728, networkLocation: /default-rack, certSerialId: null} reports an CLOSED replica.
2019-10-21 18:39:57,705 [EventQueue-ContainerReportForContainerReportHandler] WARN  container.ContainerReportHandler (AbstractContainerReportHandler.java:updateContainerState(145)) - Container #1 is in OPEN state, but the datanode 0ae462f6-a5e4-462b-9a24-121d451bcbc9{ip: 192.168.69.123, host: pr-hdds-2340-skh4f-3510823728, networkLocation: /default-rack, certSerialId: null} reports an CLOSED replica.
2019-10-21 18:39:57,706 [Thread-373] INFO  client.GrpcClientProtocolService (GrpcClientProtocolService.java:lambda$processClientRequest$0(279)) - Failed RaftClientRequest:client-78F0D1780252->0ae462f6-a5e4-462b-9a24-121d451bcbc9@group-0A44C9741378, cid=10, seq=0, Watch-ALL_COMMITTED(6), Message:<EMPTY>, reply=RaftClientReply:client-78F0D1780252->0ae462f6-a5e4-462b-9a24-121d451bcbc9@group-0A44C9741378, cid=10, FAILED org.apache.ratis.protocol.NotLeaderException: Server 0ae462f6-a5e4-462b-9a24-121d451bcbc9@group-0A44C9741378 is not the leader 1417b996-b29d-4b85-9617-279817c9415e:192.168.69.123:46747, logIndex=0, commits[0ae462f6-a5e4-462b-9a24-121d451bcbc9:c10, 1417b996-b29d-4b85-9617-279817c9415e:c10, 52ea385b-513a-41c9-81e3-3ab71399b638:c4]
2019-10-21 18:39:57,975 [EventQueue-ContainerReportForContainerReportHandler] WARN  container.ContainerReportHandler (AbstractContainerReportHandler.java:updateContainerState(145)) - Container #1 is in OPEN state, but the datanode 1417b996-b29d-4b85-9617-279817c9415e{ip: 192.168.69.123, host: pr-hdds-2340-skh4f-3510823728, networkLocation: /default-rack, certSerialId: null} reports an CLOSED replica.
2019-10-21 18:39:58,006 [EventQueue-ContainerReportForContainerReportHandler] WARN  container.ContainerReportHandler (AbstractContainerReportHandler.java:updateContainerState(145)) - Container #1 is in OPEN state, but the datanode 0ae462f6-a5e4-462b-9a24-121d451bcbc9{ip: 192.168.69.123, host: pr-hdds-2340-skh4f-3510823728, networkLocation: /default-rack, certSerialId: null} reports an CLOSED replica.
2019-10-21 18:39:58,016 [BlockDeletingService#2] WARN  background.BlockDeletingService (BlockDeletingService.java:isDeletionAllowed(187)) - Close Container log Index 6 is not replicated across allthe servers in the pipeline 4cfe140f-d3a3-4309-ae7c-0a44c9741378 as the min replicated index is 4. Deletion is not allowed in this container yet.
2019-10-21 18:39:58,016 [BlockDeletingService#2] WARN  background.BlockDeletingService (BlockDeletingService.java:isDeletionAllowed(187)) - Close Container log Index 6 is not replicated across allthe servers in the pipeline 4cfe140f-d3a3-4309-ae7c-0a44c9741378 as the min replicated index is 4. Deletion is not allowed in this container yet.
2019-10-21 18:39:58,275 [EventQueue-ContainerReportForContainerReportHandler] WARN  container.ContainerReportHandler (AbstractContainerReportHandler.java:updateContainerState(145)) - Container #1 is in OPEN state, but the datanode 1417b996-b29d-4b85-9617-279817c9415e{ip: 192.168.69.123, host: pr-hdds-2340-skh4f-3510823728, networkLocation: /default-rack, certSerialId: null} reports an CLOSED replica.
2019-10-21 18:39:58,307 [EventQueue-ContainerReportForContainerReportHandler] WARN  container.ContainerReportHandler (AbstractContainerReportHandler.java:updateContainerState(145)) - Container #1 is in OPEN state, but the datanode 0ae462f6-a5e4-462b-9a24-121d451bcbc9{ip: 192.168.69.123, host: pr-hdds-2340-skh4f-3510823728, networkLocation: /default-rack, certSerialId: null} reports an CLOSED replica.
2019-10-21 18:39:58,475 [EventQueue-ContainerReportForContainerReportHandler] WARN  container.ContainerReportHandler (AbstractContainerReportHandler.java:updateContainerState(145)) - Container #1 is in OPEN state, but the datanode 1417b996-b29d-4b85-9617-279817c9415e{ip: 192.168.69.123, host: pr-hdds-2340-skh4f-3510823728, networkLocation: /default-rack, certSerialId: null} reports an CLOSED replica.
2019-10-21 18:39:58,607 [EventQueue-ContainerReportForContainerReportHandler] WARN  container.ContainerReportHandler (AbstractContainerReportHandler.java:updateContainerState(145)) - Container #1 is in OPEN state, but the datanode 0ae462f6-a5e4-462b-9a24-121d451bcbc9{ip: 192.168.69.123, host: pr-hdds-2340-skh4f-3510823728, networkLocation: /default-rack, certSerialId: null} reports an CLOSED replica.
2019-10-21 18:39:58,633 [java.util.concurrent.ThreadPoolExecutor$Worker@32f303dc[State = -1, empty queue]] WARN  server.GrpcLogAppender (GrpcLogAppender.java:timeoutAppendRequest(209)) - 1417b996-b29d-4b85-9617-279817c9415e@group-0A44C9741378->52ea385b-513a-41c9-81e3-3ab71399b638-GrpcLogAppender: appendEntries Timeout, request=1417b996-b29d-4b85-9617-279817c9415e->52ea385b-513a-41c9-81e3-3ab71399b638#31-t1, previous=(t:1, i:10), leaderCommit=10, initializing? false, entries: <empty>
2019-10-21 18:39:58,875 [EventQueue-ContainerReportForContainerReportHandler] WARN  container.ContainerReportHandler (AbstractContainerReportHandler.java:updateContainerState(145)) - Container #1 is in OPEN state, but the datanode 1417b996-b29d-4b85-9617-279817c9415e{ip: 192.168.69.123, host: pr-hdds-2340-skh4f-3510823728, networkLocation: /default-rack, certSerialId: null} reports an CLOSED replica.
2019-10-21 18:39:58,884 [Thread-379] INFO  client.GrpcClientProtocolService (GrpcClientProtocolService.java:lambda$processClientRequest$0(279)) - Failed RaftClientRequest:client-78F0D1780252->1417b996-b29d-4b85-9617-279817c9415e@group-0A44C9741378, cid=10, seq=0, Watch-ALL_COMMITTED(6), Message:<EMPTY>, reply=RaftClientReply:client-78F0D1780252->1417b996-b29d-4b85-9617-279817c9415e@group-0A44C9741378, cid=10, FAILED org.apache.ratis.protocol.NotReplicatedException: Request with call Id 10 and log index 6 is not yet replicated to ALL_COMMITTED, logIndex=6, commits[1417b996-b29d-4b85-9617-279817c9415e:c10, 0ae462f6-a5e4-462b-9a24-121d451bcbc9:c10, 52ea385b-513a-41c9-81e3-3ab71399b638:c4]
2019-10-21 18:39:59,008 [EventQueue-ContainerReportForContainerReportHandler] WARN  container.ContainerReportHandler (AbstractContainerReportHandler.java:updateContainerState(145)) - Container #1 is in OPEN state, but the datanode 0ae462f6-a5e4-462b-9a24-121d451bcbc9{ip: 192.168.69.123, host: pr-hdds-2340-skh4f-3510823728, networkLocation: /default-rack, certSerialId: null} reports an CLOSED replica.
2019-10-21 18:39:59,019 [BlockDeletingService#2] WARN  background.BlockDeletingService (BlockDeletingService.java:isDeletionAllowed(187)) - Close Container log Index 6 is not replicated across allthe servers in the pipeline 4cfe140f-d3a3-4309-ae7c-0a44c9741378 as the min replicated index is 4. Deletion is not allowed in this container yet.
2019-10-21 18:39:59,019 [BlockDeletingService#2] WARN  background.BlockDeletingService (BlockDeletingService.java:isDeletionAllowed(187)) - Close Container log Index 6 is not replicated across allthe servers in the pipeline 4cfe140f-d3a3-4309-ae7c-0a44c9741378 as the min replicated index is 4. Deletion is not allowed in this container yet.
2019-10-21 18:39:59,276 [EventQueue-ContainerReportForContainerReportHandler] WARN  container.ContainerReportHandler (AbstractContainerReportHandler.java:updateContainerState(145)) - Container #1 is in OPEN state, but the datanode 1417b996-b29d-4b85-9617-279817c9415e{ip: 192.168.69.123, host: pr-hdds-2340-skh4f-3510823728, networkLocation: /default-rack, certSerialId: null} reports an CLOSED replica.
2019-10-21 18:39:59,407 [EventQueue-ContainerReportForContainerReportHandler] WARN  container.ContainerReportHandler (AbstractContainerReportHandler.java:updateContainerState(145)) - Container #1 is in OPEN state, but the datanode 0ae462f6-a5e4-462b-9a24-121d451bcbc9{ip: 192.168.69.123, host: pr-hdds-2340-skh4f-3510823728, networkLocation: /default-rack, certSerialId: null} reports an CLOSED replica.
2019-10-21 18:39:59,576 [EventQueue-ContainerReportForContainerReportHandler] WARN  container.ContainerReportHandler (AbstractContainerReportHandler.java:updateContainerState(145)) - Container #1 is in OPEN state, but the datanode 1417b996-b29d-4b85-9617-279817c9415e{ip: 192.168.69.123, host: pr-hdds-2340-skh4f-3510823728, networkLocation: /default-rack, certSerialId: null} reports an CLOSED replica.
2019-10-21 18:39:59,607 [EventQueue-ContainerReportForContainerReportHandler] WARN  container.ContainerReportHandler (AbstractContainerReportHandler.java:updateContainerState(145)) - Container #1 is in OPEN state, but the datanode 0ae462f6-a5e4-462b-9a24-121d451bcbc9{ip: 192.168.69.123, host: pr-hdds-2340-skh4f-3510823728, networkLocation: /default-rack, certSerialId: null} reports an CLOSED replica.
2019-10-21 18:39:59,977 [EventQueue-ContainerReportForContainerReportHandler] WARN  container.ContainerReportHandler (AbstractContainerReportHandler.java:updateContainerState(145)) - Container #1 is in OPEN state, but the datanode 1417b996-b29d-4b85-9617-279817c9415e{ip: 192.168.69.123, host: pr-hdds-2340-skh4f-3510823728, networkLocation: /default-rack, certSerialId: null} reports an CLOSED replica.
2019-10-21 18:40:00,007 [EventQueue-ContainerReportForContainerReportHandler] WARN  container.ContainerReportHandler (AbstractContainerReportHandler.java:updateContainerState(145)) - Container #1 is in OPEN state, but the datanode 0ae462f6-a5e4-462b-9a24-121d451bcbc9{ip: 192.168.69.123, host: pr-hdds-2340-skh4f-3510823728, networkLocation: /default-rack, certSerialId: null} reports an CLOSED replica.
2019-10-21 18:40:00,021 [BlockDeletingService#2] WARN  background.BlockDeletingService (BlockDeletingService.java:isDeletionAllowed(187)) - Close Container log Index 6 is not replicated across allthe servers in the pipeline 4cfe140f-d3a3-4309-ae7c-0a44c9741378 as the min replicated index is 4. Deletion is not allowed in this container yet.
2019-10-21 18:40:00,021 [BlockDeletingService#2] WARN  background.BlockDeletingService (BlockDeletingService.java:isDeletionAllowed(187)) - Close Container log Index 6 is not replicated across allthe servers in the pipeline 4cfe140f-d3a3-4309-ae7c-0a44c9741378 as the min replicated index is 4. Deletion is not allowed in this container yet.
2019-10-21 18:40:00,276 [EventQueue-ContainerReportForContainerReportHandler] WARN  container.ContainerReportHandler (AbstractContainerReportHandler.java:updateContainerState(145)) - Container #1 is in OPEN state, but the datanode 1417b996-b29d-4b85-9617-279817c9415e{ip: 192.168.69.123, host: pr-hdds-2340-skh4f-3510823728, networkLocation: /default-rack, certSerialId: null} reports an CLOSED replica.
2019-10-21 18:40:00,307 [EventQueue-ContainerReportForContainerReportHandler] WARN  container.ContainerReportHandler (AbstractContainerReportHandler.java:updateContainerState(145)) - Container #1 is in OPEN state, but the datanode 0ae462f6-a5e4-462b-9a24-121d451bcbc9{ip: 192.168.69.123, host: pr-hdds-2340-skh4f-3510823728, networkLocation: /default-rack, certSerialId: null} reports an CLOSED replica.
2019-10-21 18:40:00,507 [EventQueue-ContainerReportForContainerReportHandler] WARN  container.ContainerReportHandler (AbstractContainerReportHandler.java:updateContainerState(145)) - Container #1 is in OPEN state, but the datanode 0ae462f6-a5e4-462b-9a24-121d451bcbc9{ip: 192.168.69.123, host: pr-hdds-2340-skh4f-3510823728, networkLocation: /default-rack, certSerialId: null} reports an CLOSED replica.
2019-10-21 18:40:00,576 [EventQueue-ContainerReportForContainerReportHandler] WARN  container.ContainerReportHandler (AbstractContainerReportHandler.java:updateContainerState(145)) - Container #1 is in OPEN state, but the datanode 1417b996-b29d-4b85-9617-279817c9415e{ip: 192.168.69.123, host: pr-hdds-2340-skh4f-3510823728, networkLocation: /default-rack, certSerialId: null} reports an CLOSED replica.
2019-10-21 18:40:00,707 [EventQueue-ContainerReportForContainerReportHandler] WARN  container.ContainerReportHandler (AbstractContainerReportHandler.java:updateContainerState(145)) - Container #1 is in OPEN state, but the datanode 0ae462f6-a5e4-462b-9a24-121d451bcbc9{ip: 192.168.69.123, host: pr-hdds-2340-skh4f-3510823728, networkLocation: /default-rack, certSerialId: null} reports an CLOSED replica.
2019-10-21 18:40:00,908 [EventQueue-ContainerReportForContainerReportHandler] WARN  container.ContainerReportHandler (AbstractContainerReportHandler.java:updateContainerState(145)) - Container #1 is in OPEN state, but the datanode 0ae462f6-a5e4-462b-9a24-121d451bcbc9{ip: 192.168.69.123, host: pr-hdds-2340-skh4f-3510823728, networkLocation: /default-rack, certSerialId: null} reports an CLOSED replica.
2019-10-21 18:40:00,977 [EventQueue-ContainerReportForContainerReportHandler] WARN  container.ContainerReportHandler (AbstractContainerReportHandler.java:updateContainerState(145)) - Container #1 is in OPEN state, but the datanode 1417b996-b29d-4b85-9617-279817c9415e{ip: 192.168.69.123, host: pr-hdds-2340-skh4f-3510823728, networkLocation: /default-rack, certSerialId: null} reports an CLOSED replica.
2019-10-21 18:40:01,023 [BlockDeletingService#2] WARN  background.BlockDeletingService (BlockDeletingService.java:isDeletionAllowed(187)) - Close Container log Index 6 is not replicated across allthe servers in the pipeline 4cfe140f-d3a3-4309-ae7c-0a44c9741378 as the min replicated index is 4. Deletion is not allowed in this container yet.
2019-10-21 18:40:01,023 [BlockDeletingService#2] WARN  background.BlockDeletingService (BlockDeletingService.java:isDeletionAllowed(187)) - Close Container log Index 6 is not replicated across allthe servers in the pipeline 4cfe140f-d3a3-4309-ae7c-0a44c9741378 as the min replicated index is 4. Deletion is not allowed in this container yet.
2019-10-21 18:40:01,134 [java.util.concurrent.ThreadPoolExecutor$Worker@32f303dc[State = -1, empty queue]] WARN  server.GrpcLogAppender (GrpcLogAppender.java:timeoutAppendRequest(209)) - 1417b996-b29d-4b85-9617-279817c9415e@group-0A44C9741378->52ea385b-513a-41c9-81e3-3ab71399b638-GrpcLogAppender: appendEntries Timeout, request=1417b996-b29d-4b85-9617-279817c9415e->52ea385b-513a-41c9-81e3-3ab71399b638#32-t1, previous=(t:1, i:10), leaderCommit=10, initializing? false, entries: <empty>
2019-10-21 18:40:01,177 [EventQueue-ContainerReportForContainerReportHandler] WARN  container.ContainerReportHandler (AbstractContainerReportHandler.java:updateContainerState(145)) - Container #1 is in OPEN state, but the datanode 1417b996-b29d-4b85-9617-279817c9415e{ip: 192.168.69.123, host: pr-hdds-2340-skh4f-3510823728, networkLocation: /default-rack, certSerialId: null} reports an CLOSED replica.
2019-10-21 18:40:01,208 [EventQueue-ContainerReportForContainerReportHandler] WARN  container.ContainerReportHandler (AbstractContainerReportHandler.java:updateContainerState(145)) - Container #1 is in OPEN state, but the datanode 0ae462f6-a5e4-462b-9a24-121d451bcbc9{ip: 192.168.69.123, host: pr-hdds-2340-skh4f-3510823728, networkLocation: /default-rack, certSerialId: null} reports an CLOSED replica.
2019-10-21 18:40:01,378 [EventQueue-ContainerReportForContainerReportHandler] WARN  container.ContainerReportHandler (AbstractContainerReportHandler.java:updateContainerState(145)) - Container #1 is in OPEN state, but the datanode 1417b996-b29d-4b85-9617-279817c9415e{ip: 192.168.69.123, host: pr-hdds-2340-skh4f-3510823728, networkLocation: /default-rack, certSerialId: null} reports an CLOSED replica.
2019-10-21 18:40:01,578 [EventQueue-ContainerReportForContainerReportHandler] WARN  container.ContainerReportHandler (AbstractContainerReportHandler.java:updateContainerState(145)) - Container #1 is in OPEN state, but the datanode 1417b996-b29d-4b85-9617-279817c9415e{ip: 192.168.69.123, host: pr-hdds-2340-skh4f-3510823728, networkLocation: /default-rack, certSerialId: null} reports an CLOSED replica.
2019-10-21 18:40:01,608 [EventQueue-ContainerReportForContainerReportHandler] WARN  container.ContainerReportHandler (AbstractContainerReportHandler.java:updateContainerState(145)) - Container #1 is in OPEN state, but the datanode 0ae462f6-a5e4-462b-9a24-121d451bcbc9{ip: 192.168.69.123, host: pr-hdds-2340-skh4f-3510823728, networkLocation: /default-rack, certSerialId: null} reports an CLOSED replica.
2019-10-21 18:40:01,878 [EventQueue-ContainerReportForContainerReportHandler] WARN  container.ContainerReportHandler (AbstractContainerReportHandler.java:updateContainerState(145)) - Container #1 is in OPEN state, but the datanode 1417b996-b29d-4b85-9617-279817c9415e{ip: 192.168.69.123, host: pr-hdds-2340-skh4f-3510823728, networkLocation: /default-rack, certSerialId: null} reports an CLOSED replica.
2019-10-21 18:40:01,908 [EventQueue-ContainerReportForContainerReportHandler] WARN  container.ContainerReportHandler (AbstractContainerReportHandler.java:updateContainerState(145)) - Container #1 is in OPEN state, but the datanode 0ae462f6-a5e4-462b-9a24-121d451bcbc9{ip: 192.168.69.123, host: pr-hdds-2340-skh4f-3510823728, networkLocation: /default-rack, certSerialId: null} reports an CLOSED replica.
2019-10-21 18:40:02,025 [BlockDeletingService#2] WARN  background.BlockDeletingService (BlockDeletingService.java:isDeletionAllowed(187)) - Close Container log Index 6 is not replicated across allthe servers in the pipeline 4cfe140f-d3a3-4309-ae7c-0a44c9741378 as the min replicated index is 4. Deletion is not allowed in this container yet.
2019-10-21 18:40:02,025 [BlockDeletingService#2] WARN  background.BlockDeletingService (BlockDeletingService.java:isDeletionAllowed(187)) - Close Container log Index 6 is not replicated across allthe servers in the pipeline 4cfe140f-d3a3-4309-ae7c-0a44c9741378 as the min replicated index is 4. Deletion is not allowed in this container yet.
2019-10-21 18:40:02,179 [EventQueue-ContainerReportForContainerReportHandler] WARN  container.ContainerReportHandler (AbstractContainerReportHandler.java:updateContainerState(145)) - Container #1 is in OPEN state, but the datanode 1417b996-b29d-4b85-9617-279817c9415e{ip: 192.168.69.123, host: pr-hdds-2340-skh4f-3510823728, networkLocation: /default-rack, certSerialId: null} reports an CLOSED replica.
2019-10-21 18:40:02,208 [EventQueue-ContainerReportForContainerReportHandler] WARN  container.ContainerReportHandler (AbstractContainerReportHandler.java:updateContainerState(145)) - Container #1 is in OPEN state, but the datanode 0ae462f6-a5e4-462b-9a24-121d451bcbc9{ip: 192.168.69.123, host: pr-hdds-2340-skh4f-3510823728, networkLocation: /default-rack, certSerialId: null} reports an CLOSED replica.
2019-10-21 18:40:02,409 [EventQueue-ContainerReportForContainerReportHandler] WARN  container.ContainerReportHandler (AbstractContainerReportHandler.java:updateContainerState(145)) - Container #1 is in OPEN state, but the datanode 0ae462f6-a5e4-462b-9a24-121d451bcbc9{ip: 192.168.69.123, host: pr-hdds-2340-skh4f-3510823728, networkLocation: /default-rack, certSerialId: null} reports an CLOSED replica.
2019-10-21 18:40:02,479 [EventQueue-ContainerReportForContainerReportHandler] WARN  container.ContainerReportHandler (AbstractContainerReportHandler.java:updateContainerState(145)) - Container #1 is in OPEN state, but the datanode 1417b996-b29d-4b85-9617-279817c9415e{ip: 192.168.69.123, host: pr-hdds-2340-skh4f-3510823728, networkLocation: /default-rack, certSerialId: null} reports an CLOSED replica.
2019-10-21 18:40:02,680 [EventQueue-ContainerReportForContainerReportHandler] WARN  container.ContainerReportHandler (AbstractContainerReportHandler.java:updateContainerState(145)) - Container #1 is in OPEN state, but the datanode 1417b996-b29d-4b85-9617-279817c9415e{ip: 192.168.69.123, host: pr-hdds-2340-skh4f-3510823728, networkLocation: /default-rack, certSerialId: null} reports an CLOSED replica.
2019-10-21 18:40:02,709 [EventQueue-ContainerReportForContainerReportHandler] WARN  container.ContainerReportHandler (AbstractContainerReportHandler.java:updateContainerState(145)) - Container #1 is in OPEN state, but the datanode 0ae462f6-a5e4-462b-9a24-121d451bcbc9{ip: 192.168.69.123, host: pr-hdds-2340-skh4f-3510823728, networkLocation: /default-rack, certSerialId: null} reports an CLOSED replica.
2019-10-21 18:40:03,029 [BlockDeletingService#2] WARN  background.BlockDeletingService (BlockDeletingService.java:isDeletionAllowed(187)) - Close Container log Index 6 is not replicated across allthe servers in the pipeline 4cfe140f-d3a3-4309-ae7c-0a44c9741378 as the min replicated index is 4. Deletion is not allowed in this container yet.
2019-10-21 18:40:03,029 [BlockDeletingService#2] WARN  background.BlockDeletingService (BlockDeletingService.java:isDeletionAllowed(187)) - Close Container log Index 6 is not replicated across allthe servers in the pipeline 4cfe140f-d3a3-4309-ae7c-0a44c9741378 as the min replicated index is 4. Deletion is not allowed in this container yet.
2019-10-21 18:40:03,081 [EventQueue-ContainerReportForContainerReportHandler] WARN  container.ContainerReportHandler (AbstractContainerReportHandler.java:updateContainerState(145)) - Container #1 is in OPEN state, but the datanode 1417b996-b29d-4b85-9617-279817c9415e{ip: 192.168.69.123, host: pr-hdds-2340-skh4f-3510823728, networkLocation: /default-rack, certSerialId: null} reports an CLOSED replica.
2019-10-21 18:40:03,109 [EventQueue-ContainerReportForContainerReportHandler] WARN  container.ContainerReportHandler (AbstractContainerReportHandler.java:updateContainerState(145)) - Container #1 is in OPEN state, but the datanode 0ae462f6-a5e4-462b-9a24-121d451bcbc9{ip: 192.168.69.123, host: pr-hdds-2340-skh4f-3510823728, networkLocation: /default-rack, certSerialId: null} reports an CLOSED replica.
2019-10-21 18:40:03,382 [EventQueue-ContainerReportForContainerReportHandler] WARN  container.ContainerReportHandler (AbstractContainerReportHandler.java:updateContainerState(145)) - Container #1 is in OPEN state, but the datanode 1417b996-b29d-4b85-9617-279817c9415e{ip: 192.168.69.123, host: pr-hdds-2340-skh4f-3510823728, networkLocation: /default-rack, certSerialId: null} reports an CLOSED replica.
2019-10-21 18:40:03,410 [EventQueue-ContainerReportForContainerReportHandler] WARN  container.ContainerReportHandler (AbstractContainerReportHandler.java:updateContainerState(145)) - Container #1 is in OPEN state, but the datanode 0ae462f6-a5e4-462b-9a24-121d451bcbc9{ip: 192.168.69.123, host: pr-hdds-2340-skh4f-3510823728, networkLocation: /default-rack, certSerialId: null} reports an CLOSED replica.
2019-10-21 18:40:03,635 [java.util.concurrent.ThreadPoolExecutor$Worker@32f303dc[State = -1, empty queue]] WARN  server.GrpcLogAppender (GrpcLogAppender.java:timeoutAppendRequest(209)) - 1417b996-b29d-4b85-9617-279817c9415e@group-0A44C9741378->52ea385b-513a-41c9-81e3-3ab71399b638-GrpcLogAppender: appendEntries Timeout, request=1417b996-b29d-4b85-9617-279817c9415e->52ea385b-513a-41c9-81e3-3ab71399b638#33-t1, previous=(t:1, i:10), leaderCommit=10, initializing? false, entries: <empty>
2019-10-21 18:40:03,711 [EventQueue-ContainerReportForContainerReportHandler] WARN  container.ContainerReportHandler (AbstractContainerReportHandler.java:updateContainerState(145)) - Container #1 is in OPEN state, but the datanode 0ae462f6-a5e4-462b-9a24-121d451bcbc9{ip: 192.168.69.123, host: pr-hdds-2340-skh4f-3510823728, networkLocation: /default-rack, certSerialId: null} reports an CLOSED replica.
2019-10-21 18:40:03,783 [EventQueue-ContainerReportForContainerReportHandler] WARN  container.ContainerReportHandler (AbstractContainerReportHandler.java:updateContainerState(145)) - Container #1 is in OPEN state, but the datanode 1417b996-b29d-4b85-9617-279817c9415e{ip: 192.168.69.123, host: pr-hdds-2340-skh4f-3510823728, networkLocation: /default-rack, certSerialId: null} reports an CLOSED replica.
2019-10-21 18:40:04,011 [EventQueue-ContainerReportForContainerReportHandler] WARN  container.ContainerReportHandler (AbstractContainerReportHandler.java:updateContainerState(145)) - Container #1 is in OPEN state, but the datanode 0ae462f6-a5e4-462b-9a24-121d451bcbc9{ip: 192.168.69.123, host: pr-hdds-2340-skh4f-3510823728, networkLocation: /default-rack, certSerialId: null} reports an CLOSED replica.
2019-10-21 18:40:04,031 [BlockDeletingService#2] WARN  background.BlockDeletingService (BlockDeletingService.java:isDeletionAllowed(187)) - Close Container log Index 6 is not replicated across allthe servers in the pipeline 4cfe140f-d3a3-4309-ae7c-0a44c9741378 as the min replicated index is 4. Deletion is not allowed in this container yet.
2019-10-21 18:40:04,031 [BlockDeletingService#2] WARN  background.BlockDeletingService (BlockDeletingService.java:isDeletionAllowed(187)) - Close Container log Index 6 is not replicated across allthe servers in the pipeline 4cfe140f-d3a3-4309-ae7c-0a44c9741378 as the min replicated index is 4. Deletion is not allowed in this container yet.
2019-10-21 18:40:04,183 [EventQueue-ContainerReportForContainerReportHandler] WARN  container.ContainerReportHandler (AbstractContainerReportHandler.java:updateContainerState(145)) - Container #1 is in OPEN state, but the datanode 1417b996-b29d-4b85-9617-279817c9415e{ip: 192.168.69.123, host: pr-hdds-2340-skh4f-3510823728, networkLocation: /default-rack, certSerialId: null} reports an CLOSED replica.
2019-10-21 18:40:04,412 [EventQueue-ContainerReportForContainerReportHandler] WARN  container.ContainerReportHandler (AbstractContainerReportHandler.java:updateContainerState(145)) - Container #1 is in OPEN state, but the datanode 0ae462f6-a5e4-462b-9a24-121d451bcbc9{ip: 192.168.69.123, host: pr-hdds-2340-skh4f-3510823728, networkLocation: /default-rack, certSerialId: null} reports an CLOSED replica.
2019-10-21 18:40:04,483 [EventQueue-ContainerReportForContainerReportHandler] WARN  container.ContainerReportHandler (AbstractContainerReportHandler.java:updateContainerState(145)) - Container #1 is in OPEN state, but the datanode 1417b996-b29d-4b85-9617-279817c9415e{ip: 192.168.69.123, host: pr-hdds-2340-skh4f-3510823728, networkLocation: /default-rack, certSerialId: null} reports an CLOSED replica.
2019-10-21 18:40:04,711 [EventQueue-ContainerReportForContainerReportHandler] WARN  container.ContainerReportHandler (AbstractContainerReportHandler.java:updateContainerState(145)) - Container #1 is in OPEN state, but the datanode 0ae462f6-a5e4-462b-9a24-121d451bcbc9{ip: 192.168.69.123, host: pr-hdds-2340-skh4f-3510823728, networkLocation: /default-rack, certSerialId: null} reports an CLOSED replica.
2019-10-21 18:40:04,884 [EventQueue-ContainerReportForContainerReportHandler] WARN  container.ContainerReportHandler (AbstractContainerReportHandler.java:updateContainerState(145)) - Container #1 is in OPEN state, but the datanode 1417b996-b29d-4b85-9617-279817c9415e{ip: 192.168.69.123, host: pr-hdds-2340-skh4f-3510823728, networkLocation: /default-rack, certSerialId: null} reports an CLOSED replica.
2019-10-21 18:40:05,032 [BlockDeletingService#2] WARN  background.BlockDeletingService (BlockDeletingService.java:isDeletionAllowed(187)) - Close Container log Index 6 is not replicated across allthe servers in the pipeline 4cfe140f-d3a3-4309-ae7c-0a44c9741378 as the min replicated index is 4. Deletion is not allowed in this container yet.
2019-10-21 18:40:05,032 [BlockDeletingService#2] WARN  background.BlockDeletingService (BlockDeletingService.java:isDeletionAllowed(187)) - Close Container log Index 6 is not replicated across allthe servers in the pipeline 4cfe140f-d3a3-4309-ae7c-0a44c9741378 as the min replicated index is 4. Deletion is not allowed in this container yet.
2019-10-21 18:40:05,084 [EventQueue-ContainerReportForContainerReportHandler] WARN  container.ContainerReportHandler (AbstractContainerReportHandler.java:updateContainerState(145)) - Container #1 is in OPEN state, but the datanode 1417b996-b29d-4b85-9617-279817c9415e{ip: 192.168.69.123, host: pr-hdds-2340-skh4f-3510823728, networkLocation: /default-rack, certSerialId: null} reports an CLOSED replica.
2019-10-21 18:40:05,111 [EventQueue-ContainerReportForContainerReportHandler] WARN  container.ContainerReportHandler (AbstractContainerReportHandler.java:updateContainerState(145)) - Container #1 is in OPEN state, but the datanode 0ae462f6-a5e4-462b-9a24-121d451bcbc9{ip: 192.168.69.123, host: pr-hdds-2340-skh4f-3510823728, networkLocation: /default-rack, certSerialId: null} reports an CLOSED replica.
2019-10-21 18:40:05,312 [EventQueue-ContainerReportForContainerReportHandler] WARN  container.ContainerReportHandler (AbstractContainerReportHandler.java:updateContainerState(145)) - Container #1 is in OPEN state, but the datanode 0ae462f6-a5e4-462b-9a24-121d451bcbc9{ip: 192.168.69.123, host: pr-hdds-2340-skh4f-3510823728, networkLocation: /default-rack, certSerialId: null} reports an CLOSED replica.
2019-10-21 18:40:05,385 [EventQueue-ContainerReportForContainerReportHandler] WARN  container.ContainerReportHandler (AbstractContainerReportHandler.java:updateContainerState(145)) - Container #1 is in OPEN state, but the datanode 1417b996-b29d-4b85-9617-279817c9415e{ip: 192.168.69.123, host: pr-hdds-2340-skh4f-3510823728, networkLocation: /default-rack, certSerialId: null} reports an CLOSED replica.
2019-10-21 18:40:05,513 [EventQueue-ContainerReportForContainerReportHandler] WARN  container.ContainerReportHandler (AbstractContainerReportHandler.java:updateContainerState(145)) - Container #1 is in OPEN state, but the datanode 0ae462f6-a5e4-462b-9a24-121d451bcbc9{ip: 192.168.69.123, host: pr-hdds-2340-skh4f-3510823728, networkLocation: /default-rack, certSerialId: null} reports an CLOSED replica.
2019-10-21 18:40:05,786 [EventQueue-ContainerReportForContainerReportHandler] WARN  container.ContainerReportHandler (AbstractContainerReportHandler.java:updateContainerState(145)) - Container #1 is in OPEN state, but the datanode 1417b996-b29d-4b85-9617-279817c9415e{ip: 192.168.69.123, host: pr-hdds-2340-skh4f-3510823728, networkLocation: /default-rack, certSerialId: null} reports an CLOSED replica.
2019-10-21 18:40:05,913 [EventQueue-ContainerReportForContainerReportHandler] WARN  container.ContainerReportHandler (AbstractContainerReportHandler.java:updateContainerState(145)) - Container #1 is in OPEN state, but the datanode 0ae462f6-a5e4-462b-9a24-121d451bcbc9{ip: 192.168.69.123, host: pr-hdds-2340-skh4f-3510823728, networkLocation: /default-rack, certSerialId: null} reports an CLOSED replica.
2019-10-21 18:40:05,986 [EventQueue-ContainerReportForContainerReportHandler] WARN  container.ContainerReportHandler (AbstractContainerReportHandler.java:updateContainerState(145)) - Container #1 is in OPEN state, but the datanode 1417b996-b29d-4b85-9617-279817c9415e{ip: 192.168.69.123, host: pr-hdds-2340-skh4f-3510823728, networkLocation: /default-rack, certSerialId: null} reports an CLOSED replica.
2019-10-21 18:40:06,034 [BlockDeletingService#2] WARN  background.BlockDeletingService (BlockDeletingService.java:isDeletionAllowed(187)) - Close Container log Index 6 is not replicated across allthe servers in the pipeline 4cfe140f-d3a3-4309-ae7c-0a44c9741378 as the min replicated index is 4. Deletion is not allowed in this container yet.
2019-10-21 18:40:06,034 [BlockDeletingService#2] WARN  background.BlockDeletingService (BlockDeletingService.java:isDeletionAllowed(187)) - Close Container log Index 6 is not replicated across allthe servers in the pipeline 4cfe140f-d3a3-4309-ae7c-0a44c9741378 as the min replicated index is 4. Deletion is not allowed in this container yet.
2019-10-21 18:40:06,136 [java.util.concurrent.ThreadPoolExecutor$Worker@32f303dc[State = -1, empty queue]] WARN  server.GrpcLogAppender (GrpcLogAppender.java:timeoutAppendRequest(209)) - 1417b996-b29d-4b85-9617-279817c9415e@group-0A44C9741378->52ea385b-513a-41c9-81e3-3ab71399b638-GrpcLogAppender: appendEntries Timeout, request=1417b996-b29d-4b85-9617-279817c9415e->52ea385b-513a-41c9-81e3-3ab71399b638#34-t1, previous=(t:1, i:10), leaderCommit=10, initializing? false, entries: <empty>
2019-10-21 18:40:06,214 [EventQueue-ContainerReportForContainerReportHandler] WARN  container.ContainerReportHandler (AbstractContainerReportHandler.java:updateContainerState(145)) - Container #1 is in OPEN state, but the datanode 0ae462f6-a5e4-462b-9a24-121d451bcbc9{ip: 192.168.69.123, host: pr-hdds-2340-skh4f-3510823728, networkLocation: /default-rack, certSerialId: null} reports an CLOSED replica.
2019-10-21 18:40:06,287 [EventQueue-ContainerReportForContainerReportHandler] WARN  container.ContainerReportHandler (AbstractContainerReportHandler.java:updateContainerState(145)) - Container #1 is in OPEN state, but the datanode 1417b996-b29d-4b85-9617-279817c9415e{ip: 192.168.69.123, host: pr-hdds-2340-skh4f-3510823728, networkLocation: /default-rack, certSerialId: null} reports an CLOSED replica.
2019-10-21 18:40:06,414 [EventQueue-ContainerReportForContainerReportHandler] WARN  container.ContainerReportHandler (AbstractContainerReportHandler.java:updateContainerState(145)) - Container #1 is in OPEN state, but the datanode 0ae462f6-a5e4-462b-9a24-121d451bcbc9{ip: 192.168.69.123, host: pr-hdds-2340-skh4f-3510823728, networkLocation: /default-rack, certSerialId: null} reports an CLOSED replica.
2019-10-21 18:40:06,487 [EventQueue-ContainerReportForContainerReportHandler] WARN  container.ContainerReportHandler (AbstractContainerReportHandler.java:updateContainerState(145)) - Container #1 is in OPEN state, but the datanode 1417b996-b29d-4b85-9617-279817c9415e{ip: 192.168.69.123, host: pr-hdds-2340-skh4f-3510823728, networkLocation: /default-rack, certSerialId: null} reports an CLOSED replica.
2019-10-21 18:40:06,614 [EventQueue-ContainerReportForContainerReportHandler] WARN  container.ContainerReportHandler (AbstractContainerReportHandler.java:updateContainerState(145)) - Container #1 is in OPEN state, but the datanode 0ae462f6-a5e4-462b-9a24-121d451bcbc9{ip: 192.168.69.123, host: pr-hdds-2340-skh4f-3510823728, networkLocation: /default-rack, certSerialId: null} reports an CLOSED replica.
2019-10-21 18:40:06,731 [Thread-401] INFO  client.GrpcClientProtocolService (GrpcClientProtocolService.java:lambda$processClientRequest$0(279)) - Failed RaftClientRequest:client-78F0D1780252->0ae462f6-a5e4-462b-9a24-121d451bcbc9@group-0A44C9741378, cid=10, seq=0, Watch-ALL_COMMITTED(6), Message:<EMPTY>, reply=RaftClientReply:client-78F0D1780252->0ae462f6-a5e4-462b-9a24-121d451bcbc9@group-0A44C9741378, cid=10, FAILED org.apache.ratis.protocol.NotLeaderException: Server 0ae462f6-a5e4-462b-9a24-121d451bcbc9@group-0A44C9741378 is not the leader 1417b996-b29d-4b85-9617-279817c9415e:192.168.69.123:46747, logIndex=0, commits[0ae462f6-a5e4-462b-9a24-121d451bcbc9:c10, 1417b996-b29d-4b85-9617-279817c9415e:c10, 52ea385b-513a-41c9-81e3-3ab71399b638:c4]
2019-10-21 18:40:06,888 [EventQueue-ContainerReportForContainerReportHandler] WARN  container.ContainerReportHandler (AbstractContainerReportHandler.java:updateContainerState(145)) - Container #1 is in OPEN state, but the datanode 1417b996-b29d-4b85-9617-279817c9415e{ip: 192.168.69.123, host: pr-hdds-2340-skh4f-3510823728, networkLocation: /default-rack, certSerialId: null} reports an CLOSED replica.
2019-10-21 18:40:06,914 [EventQueue-ContainerReportForContainerReportHandler] WARN  container.ContainerReportHandler (AbstractContainerReportHandler.java:updateContainerState(145)) - Container #1 is in OPEN state, but the datanode 0ae462f6-a5e4-462b-9a24-121d451bcbc9{ip: 192.168.69.123, host: pr-hdds-2340-skh4f-3510823728, networkLocation: /default-rack, certSerialId: null} reports an CLOSED replica.
2019-10-21 18:40:07,035 [BlockDeletingService#2] WARN  background.BlockDeletingService (BlockDeletingService.java:isDeletionAllowed(187)) - Close Container log Index 6 is not replicated across allthe servers in the pipeline 4cfe140f-d3a3-4309-ae7c-0a44c9741378 as the min replicated index is 4. Deletion is not allowed in this container yet.
2019-10-21 18:40:07,035 [BlockDeletingService#2] WARN  background.BlockDeletingService (BlockDeletingService.java:isDeletionAllowed(187)) - Close Container log Index 6 is not replicated across allthe servers in the pipeline 4cfe140f-d3a3-4309-ae7c-0a44c9741378 as the min replicated index is 4. Deletion is not allowed in this container yet.
2019-10-21 18:40:07,188 [EventQueue-ContainerReportForContainerReportHandler] WARN  container.ContainerReportHandler (AbstractContainerReportHandler.java:updateContainerState(145)) - Container #1 is in OPEN state, but the datanode 1417b996-b29d-4b85-9617-279817c9415e{ip: 192.168.69.123, host: pr-hdds-2340-skh4f-3510823728, networkLocation: /default-rack, certSerialId: null} reports an CLOSED replica.
2019-10-21 18:40:07,214 [EventQueue-ContainerReportForContainerReportHandler] WARN  container.ContainerReportHandler (AbstractContainerReportHandler.java:updateContainerState(145)) - Container #1 is in OPEN state, but the datanode 0ae462f6-a5e4-462b-9a24-121d451bcbc9{ip: 192.168.69.123, host: pr-hdds-2340-skh4f-3510823728, networkLocation: /default-rack, certSerialId: null} reports an CLOSED replica.
2019-10-21 18:40:07,414 [EventQueue-ContainerReportForContainerReportHandler] WARN  container.ContainerReportHandler (AbstractContainerReportHandler.java:updateContainerState(145)) - Container #1 is in OPEN state, but the datanode 0ae462f6-a5e4-462b-9a24-121d451bcbc9{ip: 192.168.69.123, host: pr-hdds-2340-skh4f-3510823728, networkLocation: /default-rack, certSerialId: null} reports an CLOSED replica.
2019-10-21 18:40:07,589 [EventQueue-ContainerReportForContainerReportHandler] WARN  container.ContainerReportHandler (AbstractContainerReportHandler.java:updateContainerState(145)) - Container #1 is in OPEN state, but the datanode 1417b996-b29d-4b85-9617-279817c9415e{ip: 192.168.69.123, host: pr-hdds-2340-skh4f-3510823728, networkLocation: /default-rack, certSerialId: null} reports an CLOSED replica.
2019-10-21 18:40:07,815 [EventQueue-ContainerReportForContainerReportHandler] WARN  container.ContainerReportHandler (AbstractContainerReportHandler.java:updateContainerState(145)) - Container #1 is in OPEN state, but the datanode 0ae462f6-a5e4-462b-9a24-121d451bcbc9{ip: 192.168.69.123, host: pr-hdds-2340-skh4f-3510823728, networkLocation: /default-rack, certSerialId: null} reports an CLOSED replica.
2019-10-21 18:40:07,884 [Thread-406] INFO  client.GrpcClientProtocolService (GrpcClientProtocolService.java:lambda$processClientRequest$0(279)) - Failed RaftClientRequest:client-78F0D1780252->1417b996-b29d-4b85-9617-279817c9415e@group-0A44C9741378, cid=10, seq=0, Watch-ALL_COMMITTED(6), Message:<EMPTY>, reply=RaftClientReply:client-78F0D1780252->1417b996-b29d-4b85-9617-279817c9415e@group-0A44C9741378, cid=10, FAILED org.apache.ratis.protocol.NotReplicatedException: Request with call Id 10 and log index 6 is not yet replicated to ALL_COMMITTED, logIndex=6, commits[1417b996-b29d-4b85-9617-279817c9415e:c10, 0ae462f6-a5e4-462b-9a24-121d451bcbc9:c10, 52ea385b-513a-41c9-81e3-3ab71399b638:c4]
2019-10-21 18:40:07,892 [EventQueue-ContainerReportForContainerReportHandler] WARN  container.ContainerReportHandler (AbstractContainerReportHandler.java:updateContainerState(145)) - Container #1 is in OPEN state, but the datanode 1417b996-b29d-4b85-9617-279817c9415e{ip: 192.168.69.123, host: pr-hdds-2340-skh4f-3510823728, networkLocation: /default-rack, certSerialId: null} reports an CLOSED replica.
2019-10-21 18:40:08,038 [BlockDeletingService#2] WARN  background.BlockDeletingService (BlockDeletingService.java:isDeletionAllowed(187)) - Close Container log Index 6 is not replicated across allthe servers in the pipeline 4cfe140f-d3a3-4309-ae7c-0a44c9741378 as the min replicated index is 4. Deletion is not allowed in this container yet.
2019-10-21 18:40:08,038 [BlockDeletingService#2] WARN  background.BlockDeletingService (BlockDeletingService.java:isDeletionAllowed(187)) - Close Container log Index 6 is not replicated across allthe servers in the pipeline 4cfe140f-d3a3-4309-ae7c-0a44c9741378 as the min replicated index is 4. Deletion is not allowed in this container yet.
2019-10-21 18:40:08,116 [EventQueue-ContainerReportForContainerReportHandler] WARN  container.ContainerReportHandler (AbstractContainerReportHandler.java:updateContainerState(145)) - Container #1 is in OPEN state, but the datanode 0ae462f6-a5e4-462b-9a24-121d451bcbc9{ip: 192.168.69.123, host: pr-hdds-2340-skh4f-3510823728, networkLocation: /default-rack, certSerialId: null} reports an CLOSED replica.
2019-10-21 18:40:08,192 [EventQueue-ContainerReportForContainerReportHandler] WARN  container.ContainerReportHandler (AbstractContainerReportHandler.java:updateContainerState(145)) - Container #1 is in OPEN state, but the datanode 1417b996-b29d-4b85-9617-279817c9415e{ip: 192.168.69.123, host: pr-hdds-2340-skh4f-3510823728, networkLocation: /default-rack, certSerialId: null} reports an CLOSED replica.
2019-10-21 18:40:08,392 [EventQueue-ContainerReportForContainerReportHandler] WARN  container.ContainerReportHandler (AbstractContainerReportHandler.java:updateContainerState(145)) - Container #1 is in OPEN state, but the datanode 1417b996-b29d-4b85-9617-279817c9415e{ip: 192.168.69.123, host: pr-hdds-2340-skh4f-3510823728, networkLocation: /default-rack, certSerialId: null} reports an CLOSED replica.
2019-10-21 18:40:08,416 [EventQueue-ContainerReportForContainerReportHandler] WARN  container.ContainerReportHandler (AbstractContainerReportHandler.java:updateContainerState(145)) - Container #1 is in OPEN state, but the datanode 0ae462f6-a5e4-462b-9a24-121d451bcbc9{ip: 192.168.69.123, host: pr-hdds-2340-skh4f-3510823728, networkLocation: /default-rack, certSerialId: null} reports an CLOSED replica.
2019-10-21 18:40:08,637 [java.util.concurrent.ThreadPoolExecutor$Worker@32f303dc[State = -1, empty queue]] WARN  server.GrpcLogAppender (GrpcLogAppender.java:timeoutAppendRequest(209)) - 1417b996-b29d-4b85-9617-279817c9415e@group-0A44C9741378->52ea385b-513a-41c9-81e3-3ab71399b638-GrpcLogAppender: appendEntries Timeout, request=1417b996-b29d-4b85-9617-279817c9415e->52ea385b-513a-41c9-81e3-3ab71399b638#35-t1, previous=(t:1, i:10), leaderCommit=10, initializing? false, entries: <empty>
2019-10-21 18:40:08,692 [EventQueue-ContainerReportForContainerReportHandler] WARN  container.ContainerReportHandler (AbstractContainerReportHandler.java:updateContainerState(145)) - Container #1 is in OPEN state, but the datanode 1417b996-b29d-4b85-9617-279817c9415e{ip: 192.168.69.123, host: pr-hdds-2340-skh4f-3510823728, networkLocation: /default-rack, certSerialId: null} reports an CLOSED replica.
2019-10-21 18:40:08,715 [EventQueue-ContainerReportForContainerReportHandler] WARN  container.ContainerReportHandler (AbstractContainerReportHandler.java:updateContainerState(145)) - Container #1 is in OPEN state, but the datanode 0ae462f6-a5e4-462b-9a24-121d451bcbc9{ip: 192.168.69.123, host: pr-hdds-2340-skh4f-3510823728, networkLocation: /default-rack, certSerialId: null} reports an CLOSED replica.
2019-10-21 18:40:08,995 [EventQueue-ContainerReportForContainerReportHandler] WARN  container.ContainerReportHandler (AbstractContainerReportHandler.java:updateContainerState(145)) - Container #1 is in OPEN state, but the datanode 1417b996-b29d-4b85-9617-279817c9415e{ip: 192.168.69.123, host: pr-hdds-2340-skh4f-3510823728, networkLocation: /default-rack, certSerialId: null} reports an CLOSED replica.
2019-10-21 18:40:09,015 [EventQueue-ContainerReportForContainerReportHandler] WARN  container.ContainerReportHandler (AbstractContainerReportHandler.java:updateContainerState(145)) - Container #1 is in OPEN state, but the datanode 0ae462f6-a5e4-462b-9a24-121d451bcbc9{ip: 192.168.69.123, host: pr-hdds-2340-skh4f-3510823728, networkLocation: /default-rack, certSerialId: null} reports an CLOSED replica.
2019-10-21 18:40:09,043 [BlockDeletingService#2] WARN  background.BlockDeletingService (BlockDeletingService.java:isDeletionAllowed(187)) - Close Container log Index 6 is not replicated across allthe servers in the pipeline 4cfe140f-d3a3-4309-ae7c-0a44c9741378 as the min replicated index is 4. Deletion is not allowed in this container yet.
2019-10-21 18:40:09,043 [BlockDeletingService#2] WARN  background.BlockDeletingService (BlockDeletingService.java:isDeletionAllowed(187)) - Close Container log Index 6 is not replicated across allthe servers in the pipeline 4cfe140f-d3a3-4309-ae7c-0a44c9741378 as the min replicated index is 4. Deletion is not allowed in this container yet.
2019-10-21 18:40:09,294 [EventQueue-ContainerReportForContainerReportHandler] WARN  container.ContainerReportHandler (AbstractContainerReportHandler.java:updateContainerState(145)) - Container #1 is in OPEN state, but the datanode 1417b996-b29d-4b85-9617-279817c9415e{ip: 192.168.69.123, host: pr-hdds-2340-skh4f-3510823728, networkLocation: /default-rack, certSerialId: null} reports an CLOSED replica.
2019-10-21 18:40:09,315 [EventQueue-ContainerReportForContainerReportHandler] WARN  container.ContainerReportHandler (AbstractContainerReportHandler.java:updateContainerState(145)) - Container #1 is in OPEN state, but the datanode 0ae462f6-a5e4-462b-9a24-121d451bcbc9{ip: 192.168.69.123, host: pr-hdds-2340-skh4f-3510823728, networkLocation: /default-rack, certSerialId: null} reports an CLOSED replica.
2019-10-21 18:40:09,593 [EventQueue-ContainerReportForContainerReportHandler] WARN  container.ContainerReportHandler (AbstractContainerReportHandler.java:updateContainerState(145)) - Container #1 is in OPEN state, but the datanode 1417b996-b29d-4b85-9617-279817c9415e{ip: 192.168.69.123, host: pr-hdds-2340-skh4f-3510823728, networkLocation: /default-rack, certSerialId: null} reports an CLOSED replica.
2019-10-21 18:40:09,615 [EventQueue-ContainerReportForContainerReportHandler] WARN  container.ContainerReportHandler (AbstractContainerReportHandler.java:updateContainerState(145)) - Container #1 is in OPEN state, but the datanode 0ae462f6-a5e4-462b-9a24-121d451bcbc9{ip: 192.168.69.123, host: pr-hdds-2340-skh4f-3510823728, networkLocation: /default-rack, certSerialId: null} reports an CLOSED replica.
2019-10-21 18:40:09,794 [EventQueue-ContainerReportForContainerReportHandler] WARN  container.ContainerReportHandler (AbstractContainerReportHandler.java:updateContainerState(145)) - Container #1 is in OPEN state, but the datanode 1417b996-b29d-4b85-9617-279817c9415e{ip: 192.168.69.123, host: pr-hdds-2340-skh4f-3510823728, networkLocation: /default-rack, certSerialId: null} reports an CLOSED replica.
2019-10-21 18:40:09,916 [EventQueue-ContainerReportForContainerReportHandler] WARN  container.ContainerReportHandler (AbstractContainerReportHandler.java:updateContainerState(145)) - Container #1 is in OPEN state, but the datanode 0ae462f6-a5e4-462b-9a24-121d451bcbc9{ip: 192.168.69.123, host: pr-hdds-2340-skh4f-3510823728, networkLocation: /default-rack, certSerialId: null} reports an CLOSED replica.
2019-10-21 18:40:09,995 [EventQueue-ContainerReportForContainerReportHandler] WARN  container.ContainerReportHandler (AbstractContainerReportHandler.java:updateContainerState(145)) - Container #1 is in OPEN state, but the datanode 1417b996-b29d-4b85-9617-279817c9415e{ip: 192.168.69.123, host: pr-hdds-2340-skh4f-3510823728, networkLocation: /default-rack, certSerialId: null} reports an CLOSED replica.
2019-10-21 18:40:10,045 [BlockDeletingService#2] WARN  background.BlockDeletingService (BlockDeletingService.java:isDeletionAllowed(187)) - Close Container log Index 6 is not replicated across allthe servers in the pipeline 4cfe140f-d3a3-4309-ae7c-0a44c9741378 as the min replicated index is 4. Deletion is not allowed in this container yet.
2019-10-21 18:40:10,045 [BlockDeletingService#2] WARN  background.BlockDeletingService (BlockDeletingService.java:isDeletionAllowed(187)) - Close Container log Index 6 is not replicated across allthe servers in the pipeline 4cfe140f-d3a3-4309-ae7c-0a44c9741378 as the min replicated index is 4. Deletion is not allowed in this container yet.
2019-10-21 18:40:10,295 [EventQueue-ContainerReportForContainerReportHandler] WARN  container.ContainerReportHandler (AbstractContainerReportHandler.java:updateContainerState(145)) - Container #1 is in OPEN state, but the datanode 1417b996-b29d-4b85-9617-279817c9415e{ip: 192.168.69.123, host: pr-hdds-2340-skh4f-3510823728, networkLocation: /default-rack, certSerialId: null} reports an CLOSED replica.
2019-10-21 18:40:10,317 [EventQueue-ContainerReportForContainerReportHandler] WARN  container.ContainerReportHandler (AbstractContainerReportHandler.java:updateContainerState(145)) - Container #1 is in OPEN state, but the datanode 0ae462f6-a5e4-462b-9a24-121d451bcbc9{ip: 192.168.69.123, host: pr-hdds-2340-skh4f-3510823728, networkLocation: /default-rack, certSerialId: null} reports an CLOSED replica.
2019-10-21 18:40:10,596 [EventQueue-ContainerReportForContainerReportHandler] WARN  container.ContainerReportHandler (AbstractContainerReportHandler.java:updateContainerState(145)) - Container #1 is in OPEN state, but the datanode 1417b996-b29d-4b85-9617-279817c9415e{ip: 192.168.69.123, host: pr-hdds-2340-skh4f-3510823728, networkLocation: /default-rack, certSerialId: null} reports an CLOSED replica.
2019-10-21 18:40:10,619 [EventQueue-ContainerReportForContainerReportHandler] WARN  container.ContainerReportHandler (AbstractContainerReportHandler.java:updateContainerState(145)) - Container #1 is in OPEN state, but the datanode 0ae462f6-a5e4-462b-9a24-121d451bcbc9{ip: 192.168.69.123, host: pr-hdds-2340-skh4f-3510823728, networkLocation: /default-rack, certSerialId: null} reports an CLOSED replica.
2019-10-21 18:40:10,920 [EventQueue-ContainerReportForContainerReportHandler] WARN  container.ContainerReportHandler (AbstractContainerReportHandler.java:updateContainerState(145)) - Container #1 is in OPEN state, but the datanode 0ae462f6-a5e4-462b-9a24-121d451bcbc9{ip: 192.168.69.123, host: pr-hdds-2340-skh4f-3510823728, networkLocation: /default-rack, certSerialId: null} reports an CLOSED replica.
2019-10-21 18:40:10,995 [EventQueue-ContainerReportForContainerReportHandler] WARN  container.ContainerReportHandler (AbstractContainerReportHandler.java:updateContainerState(145)) - Container #1 is in OPEN state, but the datanode 1417b996-b29d-4b85-9617-279817c9415e{ip: 192.168.69.123, host: pr-hdds-2340-skh4f-3510823728, networkLocation: /default-rack, certSerialId: null} reports an CLOSED replica.
2019-10-21 18:40:11,046 [BlockDeletingService#2] WARN  background.BlockDeletingService (BlockDeletingService.java:isDeletionAllowed(187)) - Close Container log Index 6 is not replicated across allthe servers in the pipeline 4cfe140f-d3a3-4309-ae7c-0a44c9741378 as the min replicated index is 4. Deletion is not allowed in this container yet.
2019-10-21 18:40:11,046 [BlockDeletingService#2] WARN  background.BlockDeletingService (BlockDeletingService.java:isDeletionAllowed(187)) - Close Container log Index 6 is not replicated across allthe servers in the pipeline 4cfe140f-d3a3-4309-ae7c-0a44c9741378 as the min replicated index is 4. Deletion is not allowed in this container yet.
2019-10-21 18:40:11,138 [java.util.concurrent.ThreadPoolExecutor$Worker@32f303dc[State = -1, empty queue]] WARN  server.GrpcLogAppender (GrpcLogAppender.java:timeoutAppendRequest(209)) - 1417b996-b29d-4b85-9617-279817c9415e@group-0A44C9741378->52ea385b-513a-41c9-81e3-3ab71399b638-GrpcLogAppender: appendEntries Timeout, request=1417b996-b29d-4b85-9617-279817c9415e->52ea385b-513a-41c9-81e3-3ab71399b638#36-t1, previous=(t:1, i:10), leaderCommit=10, initializing? false, entries: <empty>
2019-10-21 18:40:11,196 [EventQueue-ContainerReportForContainerReportHandler] WARN  container.ContainerReportHandler (AbstractContainerReportHandler.java:updateContainerState(145)) - Container #1 is in OPEN state, but the datanode 1417b996-b29d-4b85-9617-279817c9415e{ip: 192.168.69.123, host: pr-hdds-2340-skh4f-3510823728, networkLocation: /default-rack, certSerialId: null} reports an CLOSED replica.
2019-10-21 18:40:11,221 [EventQueue-ContainerReportForContainerReportHandler] WARN  container.ContainerReportHandler (AbstractContainerReportHandler.java:updateContainerState(145)) - Container #1 is in OPEN state, but the datanode 0ae462f6-a5e4-462b-9a24-121d451bcbc9{ip: 192.168.69.123, host: pr-hdds-2340-skh4f-3510823728, networkLocation: /default-rack, certSerialId: null} reports an CLOSED replica.
2019-10-21 18:40:11,596 [EventQueue-ContainerReportForContainerReportHandler] WARN  container.ContainerReportHandler (AbstractContainerReportHandler.java:updateContainerState(145)) - Container #1 is in OPEN state, but the datanode 1417b996-b29d-4b85-9617-279817c9415e{ip: 192.168.69.123, host: pr-hdds-2340-skh4f-3510823728, networkLocation: /default-rack, certSerialId: null} reports an CLOSED replica.
2019-10-21 18:40:11,622 [EventQueue-ContainerReportForContainerReportHandler] WARN  container.ContainerReportHandler (AbstractContainerReportHandler.java:updateContainerState(145)) - Container #1 is in OPEN state, but the datanode 0ae462f6-a5e4-462b-9a24-121d451bcbc9{ip: 192.168.69.123, host: pr-hdds-2340-skh4f-3510823728, networkLocation: /default-rack, certSerialId: null} reports an CLOSED replica.
2019-10-21 18:40:11,898 [EventQueue-ContainerReportForContainerReportHandler] WARN  container.ContainerReportHandler (AbstractContainerReportHandler.java:updateContainerState(145)) - Container #1 is in OPEN state, but the datanode 1417b996-b29d-4b85-9617-279817c9415e{ip: 192.168.69.123, host: pr-hdds-2340-skh4f-3510823728, networkLocation: /default-rack, certSerialId: null} reports an CLOSED replica.
2019-10-21 18:40:11,922 [EventQueue-ContainerReportForContainerReportHandler] WARN  container.ContainerReportHandler (AbstractContainerReportHandler.java:updateContainerState(145)) - Container #1 is in OPEN state, but the datanode 0ae462f6-a5e4-462b-9a24-121d451bcbc9{ip: 192.168.69.123, host: pr-hdds-2340-skh4f-3510823728, networkLocation: /default-rack, certSerialId: null} reports an CLOSED replica.
2019-10-21 18:40:12,048 [BlockDeletingService#2] WARN  background.BlockDeletingService (BlockDeletingService.java:isDeletionAllowed(187)) - Close Container log Index 6 is not replicated across allthe servers in the pipeline 4cfe140f-d3a3-4309-ae7c-0a44c9741378 as the min replicated index is 4. Deletion is not allowed in this container yet.
2019-10-21 18:40:12,048 [BlockDeletingService#2] WARN  background.BlockDeletingService (BlockDeletingService.java:isDeletionAllowed(187)) - Close Container log Index 6 is not replicated across allthe servers in the pipeline 4cfe140f-d3a3-4309-ae7c-0a44c9741378 as the min replicated index is 4. Deletion is not allowed in this container yet.
2019-10-21 18:40:12,222 [EventQueue-ContainerReportForContainerReportHandler] WARN  container.ContainerReportHandler (AbstractContainerReportHandler.java:updateContainerState(145)) - Container #1 is in OPEN state, but the datanode 0ae462f6-a5e4-462b-9a24-121d451bcbc9{ip: 192.168.69.123, host: pr-hdds-2340-skh4f-3510823728, networkLocation: /default-rack, certSerialId: null} reports an CLOSED replica.
2019-10-21 18:40:12,298 [EventQueue-ContainerReportForContainerReportHandler] WARN  container.ContainerReportHandler (AbstractContainerReportHandler.java:updateContainerState(145)) - Container #1 is in OPEN state, but the datanode 1417b996-b29d-4b85-9617-279817c9415e{ip: 192.168.69.123, host: pr-hdds-2340-skh4f-3510823728, networkLocation: /default-rack, certSerialId: null} reports an CLOSED replica.
2019-10-21 18:40:12,423 [EventQueue-ContainerReportForContainerReportHandler] WARN  container.ContainerReportHandler (AbstractContainerReportHandler.java:updateContainerState(145)) - Container #1 is in OPEN state, but the datanode 0ae462f6-a5e4-462b-9a24-121d451bcbc9{ip: 192.168.69.123, host: pr-hdds-2340-skh4f-3510823728, networkLocation: /default-rack, certSerialId: null} reports an CLOSED replica.
2019-10-21 18:40:12,497 [EventQueue-ContainerReportForContainerReportHandler] WARN  container.ContainerReportHandler (AbstractContainerReportHandler.java:updateContainerState(145)) - Container #1 is in OPEN state, but the datanode 1417b996-b29d-4b85-9617-279817c9415e{ip: 192.168.69.123, host: pr-hdds-2340-skh4f-3510823728, networkLocation: /default-rack, certSerialId: null} reports an CLOSED replica.
2019-10-21 18:40:12,623 [EventQueue-ContainerReportForContainerReportHandler] WARN  container.ContainerReportHandler (AbstractContainerReportHandler.java:updateContainerState(145)) - Container #1 is in OPEN state, but the datanode 0ae462f6-a5e4-462b-9a24-121d451bcbc9{ip: 192.168.69.123, host: pr-hdds-2340-skh4f-3510823728, networkLocation: /default-rack, certSerialId: null} reports an CLOSED replica.
2019-10-21 18:40:12,898 [EventQueue-ContainerReportForContainerReportHandler] WARN  container.ContainerReportHandler (AbstractContainerReportHandler.java:updateContainerState(145)) - Container #1 is in OPEN state, but the datanode 1417b996-b29d-4b85-9617-279817c9415e{ip: 192.168.69.123, host: pr-hdds-2340-skh4f-3510823728, networkLocation: /default-rack, certSerialId: null} reports an CLOSED replica.
2019-10-21 18:40:13,023 [EventQueue-ContainerReportForContainerReportHandler] WARN  container.ContainerReportHandler (AbstractContainerReportHandler.java:updateContainerState(145)) - Container #1 is in OPEN state, but the datanode 0ae462f6-a5e4-462b-9a24-121d451bcbc9{ip: 192.168.69.123, host: pr-hdds-2340-skh4f-3510823728, networkLocation: /default-rack, certSerialId: null} reports an CLOSED replica.
2019-10-21 18:40:13,050 [BlockDeletingService#2] WARN  background.BlockDeletingService (BlockDeletingService.java:isDeletionAllowed(187)) - Close Container log Index 6 is not replicated across allthe servers in the pipeline 4cfe140f-d3a3-4309-ae7c-0a44c9741378 as the min replicated index is 4. Deletion is not allowed in this container yet.
2019-10-21 18:40:13,050 [BlockDeletingService#2] WARN  background.BlockDeletingService (BlockDeletingService.java:isDeletionAllowed(187)) - Close Container log Index 6 is not replicated across allthe servers in the pipeline 4cfe140f-d3a3-4309-ae7c-0a44c9741378 as the min replicated index is 4. Deletion is not allowed in this container yet.
2019-10-21 18:40:13,298 [EventQueue-ContainerReportForContainerReportHandler] WARN  container.ContainerReportHandler (AbstractContainerReportHandler.java:updateContainerState(145)) - Container #1 is in OPEN state, but the datanode 1417b996-b29d-4b85-9617-279817c9415e{ip: 192.168.69.123, host: pr-hdds-2340-skh4f-3510823728, networkLocation: /default-rack, certSerialId: null} reports an CLOSED replica.
2019-10-21 18:40:13,323 [EventQueue-ContainerReportForContainerReportHandler] WARN  container.ContainerReportHandler (AbstractContainerReportHandler.java:updateContainerState(145)) - Container #1 is in OPEN state, but the datanode 0ae462f6-a5e4-462b-9a24-121d451bcbc9{ip: 192.168.69.123, host: pr-hdds-2340-skh4f-3510823728, networkLocation: /default-rack, certSerialId: null} reports an CLOSED replica.
2019-10-21 18:40:13,599 [EventQueue-ContainerReportForContainerReportHandler] WARN  container.ContainerReportHandler (AbstractContainerReportHandler.java:updateContainerState(145)) - Container #1 is in OPEN state, but the datanode 1417b996-b29d-4b85-9617-279817c9415e{ip: 192.168.69.123, host: pr-hdds-2340-skh4f-3510823728, networkLocation: /default-rack, certSerialId: null} reports an CLOSED replica.
2019-10-21 18:40:13,623 [EventQueue-ContainerReportForContainerReportHandler] WARN  container.ContainerReportHandler (AbstractContainerReportHandler.java:updateContainerState(145)) - Container #1 is in OPEN state, but the datanode 0ae462f6-a5e4-462b-9a24-121d451bcbc9{ip: 192.168.69.123, host: pr-hdds-2340-skh4f-3510823728, networkLocation: /default-rack, certSerialId: null} reports an CLOSED replica.
2019-10-21 18:40:13,639 [java.util.concurrent.ThreadPoolExecutor$Worker@32f303dc[State = -1, empty queue]] WARN  server.GrpcLogAppender (GrpcLogAppender.java:timeoutAppendRequest(209)) - 1417b996-b29d-4b85-9617-279817c9415e@group-0A44C9741378->52ea385b-513a-41c9-81e3-3ab71399b638-GrpcLogAppender: appendEntries Timeout, request=1417b996-b29d-4b85-9617-279817c9415e->52ea385b-513a-41c9-81e3-3ab71399b638#37-t1, previous=(t:1, i:10), leaderCommit=10, initializing? false, entries: <empty>
2019-10-21 18:40:13,824 [EventQueue-ContainerReportForContainerReportHandler] WARN  container.ContainerReportHandler (AbstractContainerReportHandler.java:updateContainerState(145)) - Container #1 is in OPEN state, but the datanode 0ae462f6-a5e4-462b-9a24-121d451bcbc9{ip: 192.168.69.123, host: pr-hdds-2340-skh4f-3510823728, networkLocation: /default-rack, certSerialId: null} reports an CLOSED replica.
2019-10-21 18:40:13,899 [EventQueue-ContainerReportForContainerReportHandler] WARN  container.ContainerReportHandler (AbstractContainerReportHandler.java:updateContainerState(145)) - Container #1 is in OPEN state, but the datanode 1417b996-b29d-4b85-9617-279817c9415e{ip: 192.168.69.123, host: pr-hdds-2340-skh4f-3510823728, networkLocation: /default-rack, certSerialId: null} reports an CLOSED replica.
2019-10-21 18:40:14,023 [EventQueue-ContainerReportForContainerReportHandler] WARN  container.ContainerReportHandler (AbstractContainerReportHandler.java:updateContainerState(145)) - Container #1 is in OPEN state, but the datanode 0ae462f6-a5e4-462b-9a24-121d451bcbc9{ip: 192.168.69.123, host: pr-hdds-2340-skh4f-3510823728, networkLocation: /default-rack, certSerialId: null} reports an CLOSED replica.
2019-10-21 18:40:14,051 [BlockDeletingService#2] WARN  background.BlockDeletingService (BlockDeletingService.java:isDeletionAllowed(187)) - Close Container log Index 6 is not replicated across allthe servers in the pipeline 4cfe140f-d3a3-4309-ae7c-0a44c9741378 as the min replicated index is 4. Deletion is not allowed in this container yet.
2019-10-21 18:40:14,051 [BlockDeletingService#2] WARN  background.BlockDeletingService (BlockDeletingService.java:isDeletionAllowed(187)) - Close Container log Index 6 is not replicated across allthe servers in the pipeline 4cfe140f-d3a3-4309-ae7c-0a44c9741378 as the min replicated index is 4. Deletion is not allowed in this container yet.
2019-10-21 18:40:14,298 [EventQueue-ContainerReportForContainerReportHandler] WARN  container.ContainerReportHandler (AbstractContainerReportHandler.java:updateContainerState(145)) - Container #1 is in OPEN state, but the datanode 1417b996-b29d-4b85-9617-279817c9415e{ip: 192.168.69.123, host: pr-hdds-2340-skh4f-3510823728, networkLocation: /default-rack, certSerialId: null} reports an CLOSED replica.
2019-10-21 18:40:14,324 [EventQueue-ContainerReportForContainerReportHandler] WARN  container.ContainerReportHandler (AbstractContainerReportHandler.java:updateContainerState(145)) - Container #1 is in OPEN state, but the datanode 0ae462f6-a5e4-462b-9a24-121d451bcbc9{ip: 192.168.69.123, host: pr-hdds-2340-skh4f-3510823728, networkLocation: /default-rack, certSerialId: null} reports an CLOSED replica.
2019-10-21 18:40:14,599 [EventQueue-ContainerReportForContainerReportHandler] WARN  container.ContainerReportHandler (AbstractContainerReportHandler.java:updateContainerState(145)) - Container #1 is in OPEN state, but the datanode 1417b996-b29d-4b85-9617-279817c9415e{ip: 192.168.69.123, host: pr-hdds-2340-skh4f-3510823728, networkLocation: /default-rack, certSerialId: null} reports an CLOSED replica.
2019-10-21 18:40:14,724 [EventQueue-ContainerReportForContainerReportHandler] WARN  container.ContainerReportHandler (AbstractContainerReportHandler.java:updateContainerState(145)) - Container #1 is in OPEN state, but the datanode 0ae462f6-a5e4-462b-9a24-121d451bcbc9{ip: 192.168.69.123, host: pr-hdds-2340-skh4f-3510823728, networkLocation: /default-rack, certSerialId: null} reports an CLOSED replica.
2019-10-21 18:40:14,799 [EventQueue-ContainerReportForContainerReportHandler] WARN  container.ContainerReportHandler (AbstractContainerReportHandler.java:updateContainerState(145)) - Container #1 is in OPEN state, but the datanode 1417b996-b29d-4b85-9617-279817c9415e{ip: 192.168.69.123, host: pr-hdds-2340-skh4f-3510823728, networkLocation: /default-rack, certSerialId: null} reports an CLOSED replica.
2019-10-21 18:40:14,923 [EventQueue-ContainerReportForContainerReportHandler] WARN  container.ContainerReportHandler (AbstractContainerReportHandler.java:updateContainerState(145)) - Container #1 is in OPEN state, but the datanode 0ae462f6-a5e4-462b-9a24-121d451bcbc9{ip: 192.168.69.123, host: pr-hdds-2340-skh4f-3510823728, networkLocation: /default-rack, certSerialId: null} reports an CLOSED replica.
2019-10-21 18:40:15,053 [BlockDeletingService#2] WARN  background.BlockDeletingService (BlockDeletingService.java:isDeletionAllowed(187)) - Close Container log Index 6 is not replicated across allthe servers in the pipeline 4cfe140f-d3a3-4309-ae7c-0a44c9741378 as the min replicated index is 4. Deletion is not allowed in this container yet.
2019-10-21 18:40:15,053 [BlockDeletingService#2] WARN  background.BlockDeletingService (BlockDeletingService.java:isDeletionAllowed(187)) - Close Container log Index 6 is not replicated across allthe servers in the pipeline 4cfe140f-d3a3-4309-ae7c-0a44c9741378 as the min replicated index is 4. Deletion is not allowed in this container yet.
2019-10-21 18:40:15,124 [EventQueue-ContainerReportForContainerReportHandler] WARN  container.ContainerReportHandler (AbstractContainerReportHandler.java:updateContainerState(145)) - Container #1 is in OPEN state, but the datanode 0ae462f6-a5e4-462b-9a24-121d451bcbc9{ip: 192.168.69.123, host: pr-hdds-2340-skh4f-3510823728, networkLocation: /default-rack, certSerialId: null} reports an CLOSED replica.
2019-10-21 18:40:15,199 [EventQueue-ContainerReportForContainerReportHandler] WARN  container.ContainerReportHandler (AbstractContainerReportHandler.java:updateContainerState(145)) - Container #1 is in OPEN state, but the datanode 1417b996-b29d-4b85-9617-279817c9415e{ip: 192.168.69.123, host: pr-hdds-2340-skh4f-3510823728, networkLocation: /default-rack, certSerialId: null} reports an CLOSED replica.
2019-10-21 18:40:15,424 [EventQueue-ContainerReportForContainerReportHandler] WARN  container.ContainerReportHandler (AbstractContainerReportHandler.java:updateContainerState(145)) - Container #1 is in OPEN state, but the datanode 0ae462f6-a5e4-462b-9a24-121d451bcbc9{ip: 192.168.69.123, host: pr-hdds-2340-skh4f-3510823728, networkLocation: /default-rack, certSerialId: null} reports an CLOSED replica.
2019-10-21 18:40:15,500 [EventQueue-ContainerReportForContainerReportHandler] WARN  container.ContainerReportHandler (AbstractContainerReportHandler.java:updateContainerState(145)) - Container #1 is in OPEN state, but the datanode 1417b996-b29d-4b85-9617-279817c9415e{ip: 192.168.69.123, host: pr-hdds-2340-skh4f-3510823728, networkLocation: /default-rack, certSerialId: null} reports an CLOSED replica.
2019-10-21 18:40:15,701 [EventQueue-ContainerReportForContainerReportHandler] WARN  container.ContainerReportHandler (AbstractContainerReportHandler.java:updateContainerState(145)) - Container #1 is in OPEN state, but the datanode 1417b996-b29d-4b85-9617-279817c9415e{ip: 192.168.69.123, host: pr-hdds-2340-skh4f-3510823728, networkLocation: /default-rack, certSerialId: null} reports an CLOSED replica.
2019-10-21 18:40:15,723 [EventQueue-ContainerReportForContainerReportHandler] WARN  container.ContainerReportHandler (AbstractContainerReportHandler.java:updateContainerState(145)) - Container #1 is in OPEN state, but the datanode 0ae462f6-a5e4-462b-9a24-121d451bcbc9{ip: 192.168.69.123, host: pr-hdds-2340-skh4f-3510823728, networkLocation: /default-rack, certSerialId: null} reports an CLOSED replica.
2019-10-21 18:40:16,001 [EventQueue-ContainerReportForContainerReportHandler] WARN  container.ContainerReportHandler (AbstractContainerReportHandler.java:updateContainerState(145)) - Container #1 is in OPEN state, but the datanode 1417b996-b29d-4b85-9617-279817c9415e{ip: 192.168.69.123, host: pr-hdds-2340-skh4f-3510823728, networkLocation: /default-rack, certSerialId: null} reports an CLOSED replica.
2019-10-21 18:40:16,023 [EventQueue-ContainerReportForContainerReportHandler] WARN  container.ContainerReportHandler (AbstractContainerReportHandler.java:updateContainerState(145)) - Container #1 is in OPEN state, but the datanode 0ae462f6-a5e4-462b-9a24-121d451bcbc9{ip: 192.168.69.123, host: pr-hdds-2340-skh4f-3510823728, networkLocation: /default-rack, certSerialId: null} reports an CLOSED replica.
2019-10-21 18:40:16,055 [BlockDeletingService#2] WARN  background.BlockDeletingService (BlockDeletingService.java:isDeletionAllowed(187)) - Close Container log Index 6 is not replicated across allthe servers in the pipeline 4cfe140f-d3a3-4309-ae7c-0a44c9741378 as the min replicated index is 4. Deletion is not allowed in this container yet.
2019-10-21 18:40:16,055 [BlockDeletingService#2] WARN  background.BlockDeletingService (BlockDeletingService.java:isDeletionAllowed(187)) - Close Container log Index 6 is not replicated across allthe servers in the pipeline 4cfe140f-d3a3-4309-ae7c-0a44c9741378 as the min replicated index is 4. Deletion is not allowed in this container yet.
2019-10-21 18:40:16,140 [java.util.concurrent.ThreadPoolExecutor$Worker@32f303dc[State = -1, empty queue]] WARN  server.GrpcLogAppender (GrpcLogAppender.java:timeoutAppendRequest(209)) - 1417b996-b29d-4b85-9617-279817c9415e@group-0A44C9741378->52ea385b-513a-41c9-81e3-3ab71399b638-GrpcLogAppender: appendEntries Timeout, request=1417b996-b29d-4b85-9617-279817c9415e->52ea385b-513a-41c9-81e3-3ab71399b638#38-t1, previous=(t:1, i:10), leaderCommit=10, initializing? false, entries: <empty>
2019-10-21 18:40:16,301 [EventQueue-ContainerReportForContainerReportHandler] WARN  container.ContainerReportHandler (AbstractContainerReportHandler.java:updateContainerState(145)) - Container #1 is in OPEN state, but the datanode 1417b996-b29d-4b85-9617-279817c9415e{ip: 192.168.69.123, host: pr-hdds-2340-skh4f-3510823728, networkLocation: /default-rack, certSerialId: null} reports an CLOSED replica.
2019-10-21 18:40:16,323 [EventQueue-ContainerReportForContainerReportHandler] WARN  container.ContainerReportHandler (AbstractContainerReportHandler.java:updateContainerState(145)) - Container #1 is in OPEN state, but the datanode 0ae462f6-a5e4-462b-9a24-121d451bcbc9{ip: 192.168.69.123, host: pr-hdds-2340-skh4f-3510823728, networkLocation: /default-rack, certSerialId: null} reports an CLOSED replica.
2019-10-21 18:40:16,502 [EventQueue-ContainerReportForContainerReportHandler] WARN  container.ContainerReportHandler (AbstractContainerReportHandler.java:updateContainerState(145)) - Container #1 is in OPEN state, but the datanode 1417b996-b29d-4b85-9617-279817c9415e{ip: 192.168.69.123, host: pr-hdds-2340-skh4f-3510823728, networkLocation: /default-rack, certSerialId: null} reports an CLOSED replica.
2019-10-21 18:40:16,723 [EventQueue-ContainerReportForContainerReportHandler] WARN  container.ContainerReportHandler (AbstractContainerReportHandler.java:updateContainerState(145)) - Container #1 is in OPEN state, but the datanode 0ae462f6-a5e4-462b-9a24-121d451bcbc9{ip: 192.168.69.123, host: pr-hdds-2340-skh4f-3510823728, networkLocation: /default-rack, certSerialId: null} reports an CLOSED replica.
2019-10-21 18:40:16,770 [Thread-433] INFO  client.GrpcClientProtocolService (GrpcClientProtocolService.java:lambda$processClientRequest$0(279)) - Failed RaftClientRequest:client-78F0D1780252->0ae462f6-a5e4-462b-9a24-121d451bcbc9@group-0A44C9741378, cid=10, seq=0, Watch-ALL_COMMITTED(6), Message:<EMPTY>, reply=RaftClientReply:client-78F0D1780252->0ae462f6-a5e4-462b-9a24-121d451bcbc9@group-0A44C9741378, cid=10, FAILED org.apache.ratis.protocol.NotLeaderException: Server 0ae462f6-a5e4-462b-9a24-121d451bcbc9@group-0A44C9741378 is not the leader 1417b996-b29d-4b85-9617-279817c9415e:192.168.69.123:46747, logIndex=0, commits[0ae462f6-a5e4-462b-9a24-121d451bcbc9:c10, 1417b996-b29d-4b85-9617-279817c9415e:c10, 52ea385b-513a-41c9-81e3-3ab71399b638:c4]
2019-10-21 18:40:16,802 [EventQueue-ContainerReportForContainerReportHandler] WARN  container.ContainerReportHandler (AbstractContainerReportHandler.java:updateContainerState(145)) - Container #1 is in OPEN state, but the datanode 1417b996-b29d-4b85-9617-279817c9415e{ip: 192.168.69.123, host: pr-hdds-2340-skh4f-3510823728, networkLocation: /default-rack, certSerialId: null} reports an CLOSED replica.
2019-10-21 18:40:16,884 [Thread-436] INFO  client.GrpcClientProtocolService (GrpcClientProtocolService.java:lambda$processClientRequest$0(279)) - Failed RaftClientRequest:client-78F0D1780252->1417b996-b29d-4b85-9617-279817c9415e@group-0A44C9741378, cid=10, seq=0, Watch-ALL_COMMITTED(6), Message:<EMPTY>, reply=RaftClientReply:client-78F0D1780252->1417b996-b29d-4b85-9617-279817c9415e@group-0A44C9741378, cid=10, FAILED org.apache.ratis.protocol.NotReplicatedException: Request with call Id 10 and log index 6 is not yet replicated to ALL_COMMITTED, logIndex=6, commits[1417b996-b29d-4b85-9617-279817c9415e:c10, 0ae462f6-a5e4-462b-9a24-121d451bcbc9:c10, 52ea385b-513a-41c9-81e3-3ab71399b638:c4]
2019-10-21 18:40:17,024 [EventQueue-ContainerReportForContainerReportHandler] WARN  container.ContainerReportHandler (AbstractContainerReportHandler.java:updateContainerState(145)) - Container #1 is in OPEN state, but the datanode 0ae462f6-a5e4-462b-9a24-121d451bcbc9{ip: 192.168.69.123, host: pr-hdds-2340-skh4f-3510823728, networkLocation: /default-rack, certSerialId: null} reports an CLOSED replica.
2019-10-21 18:40:17,056 [BlockDeletingService#2] WARN  background.BlockDeletingService (BlockDeletingService.java:isDeletionAllowed(187)) - Close Container log Index 6 is not replicated across allthe servers in the pipeline 4cfe140f-d3a3-4309-ae7c-0a44c9741378 as the min replicated index is 4. Deletion is not allowed in this container yet.
2019-10-21 18:40:17,059 [BlockDeletingService#2] WARN  background.BlockDeletingService (BlockDeletingService.java:isDeletionAllowed(187)) - Close Container log Index 6 is not replicated across allthe servers in the pipeline 4cfe140f-d3a3-4309-ae7c-0a44c9741378 as the min replicated index is 4. Deletion is not allowed in this container yet.
2019-10-21 18:40:17,202 [EventQueue-ContainerReportForContainerReportHandler] WARN  container.ContainerReportHandler (AbstractContainerReportHandler.java:updateContainerState(145)) - Container #1 is in OPEN state, but the datanode 1417b996-b29d-4b85-9617-279817c9415e{ip: 192.168.69.123, host: pr-hdds-2340-skh4f-3510823728, networkLocation: /default-rack, certSerialId: null} reports an CLOSED replica.
2019-10-21 18:40:17,403 [EventQueue-ContainerReportForContainerReportHandler] WARN  container.ContainerReportHandler (AbstractContainerReportHandler.java:updateContainerState(145)) - Container #1 is in OPEN state, but the datanode 1417b996-b29d-4b85-9617-279817c9415e{ip: 192.168.69.123, host: pr-hdds-2340-skh4f-3510823728, networkLocation: /default-rack, certSerialId: null} reports an CLOSED replica.
2019-10-21 18:40:17,425 [EventQueue-ContainerReportForContainerReportHandler] WARN  container.ContainerReportHandler (AbstractContainerReportHandler.java:updateContainerState(145)) - Container #1 is in OPEN state, but the datanode 0ae462f6-a5e4-462b-9a24-121d451bcbc9{ip: 192.168.69.123, host: pr-hdds-2340-skh4f-3510823728, networkLocation: /default-rack, certSerialId: null} reports an CLOSED replica.
2019-10-21 18:40:17,703 [EventQueue-ContainerReportForContainerReportHandler] WARN  container.ContainerReportHandler (AbstractContainerReportHandler.java:updateContainerState(145)) - Container #1 is in OPEN state, but the datanode 1417b996-b29d-4b85-9617-279817c9415e{ip: 192.168.69.123, host: pr-hdds-2340-skh4f-3510823728, networkLocation: /default-rack, certSerialId: null} reports an CLOSED replica.
2019-10-21 18:40:17,825 [EventQueue-ContainerReportForContainerReportHandler] WARN  container.ContainerReportHandler (AbstractContainerReportHandler.java:updateContainerState(145)) - Container #1 is in OPEN state, but the datanode 0ae462f6-a5e4-462b-9a24-121d451bcbc9{ip: 192.168.69.123, host: pr-hdds-2340-skh4f-3510823728, networkLocation: /default-rack, certSerialId: null} reports an CLOSED replica.
2019-10-21 18:40:18,062 [BlockDeletingService#2] WARN  background.BlockDeletingService (BlockDeletingService.java:isDeletionAllowed(187)) - Close Container log Index 6 is not replicated across allthe servers in the pipeline 4cfe140f-d3a3-4309-ae7c-0a44c9741378 as the min replicated index is 4. Deletion is not allowed in this container yet.
2019-10-21 18:40:18,062 [BlockDeletingService#2] WARN  background.BlockDeletingService (BlockDeletingService.java:isDeletionAllowed(187)) - Close Container log Index 6 is not replicated across allthe servers in the pipeline 4cfe140f-d3a3-4309-ae7c-0a44c9741378 as the min replicated index is 4. Deletion is not allowed in this container yet.
2019-10-21 18:40:18,104 [EventQueue-ContainerReportForContainerReportHandler] WARN  container.ContainerReportHandler (AbstractContainerReportHandler.java:updateContainerState(145)) - Container #1 is in OPEN state, but the datanode 1417b996-b29d-4b85-9617-279817c9415e{ip: 192.168.69.123, host: pr-hdds-2340-skh4f-3510823728, networkLocation: /default-rack, certSerialId: null} reports an CLOSED replica.
2019-10-21 18:40:18,126 [EventQueue-ContainerReportForContainerReportHandler] WARN  container.ContainerReportHandler (AbstractContainerReportHandler.java:updateContainerState(145)) - Container #1 is in OPEN state, but the datanode 0ae462f6-a5e4-462b-9a24-121d451bcbc9{ip: 192.168.69.123, host: pr-hdds-2340-skh4f-3510823728, networkLocation: /default-rack, certSerialId: null} reports an CLOSED replica.
2019-10-21 18:40:18,426 [EventQueue-ContainerReportForContainerReportHandler] WARN  container.ContainerReportHandler (AbstractContainerReportHandler.java:updateContainerState(145)) - Container #1 is in OPEN state, but the datanode 0ae462f6-a5e4-462b-9a24-121d451bcbc9{ip: 192.168.69.123, host: pr-hdds-2340-skh4f-3510823728, networkLocation: /default-rack, certSerialId: null} reports an CLOSED replica.
2019-10-21 18:40:18,504 [EventQueue-ContainerReportForContainerReportHandler] WARN  container.ContainerReportHandler (AbstractContainerReportHandler.java:updateContainerState(145)) - Container #1 is in OPEN state, but the datanode 1417b996-b29d-4b85-9617-279817c9415e{ip: 192.168.69.123, host: pr-hdds-2340-skh4f-3510823728, networkLocation: /default-rack, certSerialId: null} reports an CLOSED replica.
2019-10-21 18:40:18,627 [EventQueue-ContainerReportForContainerReportHandler] WARN  container.ContainerReportHandler (AbstractContainerReportHandler.java:updateContainerState(145)) - Container #1 is in OPEN state, but the datanode 0ae462f6-a5e4-462b-9a24-121d451bcbc9{ip: 192.168.69.123, host: pr-hdds-2340-skh4f-3510823728, networkLocation: /default-rack, certSerialId: null} reports an CLOSED replica.
2019-10-21 18:40:18,641 [java.util.concurrent.ThreadPoolExecutor$Worker@32f303dc[State = -1, empty queue]] WARN  server.GrpcLogAppender (GrpcLogAppender.java:timeoutAppendRequest(209)) - 1417b996-b29d-4b85-9617-279817c9415e@group-0A44C9741378->52ea385b-513a-41c9-81e3-3ab71399b638-GrpcLogAppender: appendEntries Timeout, request=1417b996-b29d-4b85-9617-279817c9415e->52ea385b-513a-41c9-81e3-3ab71399b638#39-t1, previous=(t:1, i:10), leaderCommit=10, initializing? false, entries: <empty>
2019-10-21 18:40:18,705 [EventQueue-ContainerReportForContainerReportHandler] WARN  container.ContainerReportHandler (AbstractContainerReportHandler.java:updateContainerState(145)) - Container #1 is in OPEN state, but the datanode 1417b996-b29d-4b85-9617-279817c9415e{ip: 192.168.69.123, host: pr-hdds-2340-skh4f-3510823728, networkLocation: /default-rack, certSerialId: null} reports an CLOSED replica.
2019-10-21 18:40:19,005 [EventQueue-ContainerReportForContainerReportHandler] WARN  container.ContainerReportHandler (AbstractContainerReportHandler.java:updateContainerState(145)) - Container #1 is in OPEN state, but the datanode 1417b996-b29d-4b85-9617-279817c9415e{ip: 192.168.69.123, host: pr-hdds-2340-skh4f-3510823728, networkLocation: /default-rack, certSerialId: null} reports an CLOSED replica.
2019-10-21 18:40:19,027 [EventQueue-ContainerReportForContainerReportHandler] WARN  container.ContainerReportHandler (AbstractContainerReportHandler.java:updateContainerState(145)) - Container #1 is in OPEN state, but the datanode 0ae462f6-a5e4-462b-9a24-121d451bcbc9{ip: 192.168.69.123, host: pr-hdds-2340-skh4f-3510823728, networkLocation: /default-rack, certSerialId: null} reports an CLOSED replica.
2019-10-21 18:40:19,064 [BlockDeletingService#2] WARN  background.BlockDeletingService (BlockDeletingService.java:isDeletionAllowed(187)) - Close Container log Index 6 is not replicated across allthe servers in the pipeline 4cfe140f-d3a3-4309-ae7c-0a44c9741378 as the min replicated index is 4. Deletion is not allowed in this container yet.
2019-10-21 18:40:19,064 [BlockDeletingService#2] WARN  background.BlockDeletingService (BlockDeletingService.java:isDeletionAllowed(187)) - Close Container log Index 6 is not replicated across allthe servers in the pipeline 4cfe140f-d3a3-4309-ae7c-0a44c9741378 as the min replicated index is 4. Deletion is not allowed in this container yet.
2019-10-21 18:40:19,306 [EventQueue-ContainerReportForContainerReportHandler] WARN  container.ContainerReportHandler (AbstractContainerReportHandler.java:updateContainerState(145)) - Container #1 is in OPEN state, but the datanode 1417b996-b29d-4b85-9617-279817c9415e{ip: 192.168.69.123, host: pr-hdds-2340-skh4f-3510823728, networkLocation: /default-rack, certSerialId: null} reports an CLOSED replica.
2019-10-21 18:40:19,327 [EventQueue-ContainerReportForContainerReportHandler] WARN  container.ContainerReportHandler (AbstractContainerReportHandler.java:updateContainerState(145)) - Container #1 is in OPEN state, but the datanode 0ae462f6-a5e4-462b-9a24-121d451bcbc9{ip: 192.168.69.123, host: pr-hdds-2340-skh4f-3510823728, networkLocation: /default-rack, certSerialId: null} reports an CLOSED replica.
2019-10-21 18:40:19,605 [EventQueue-ContainerReportForContainerReportHandler] WARN  container.ContainerReportHandler (AbstractContainerReportHandler.java:updateContainerState(145)) - Container #1 is in OPEN state, but the datanode 1417b996-b29d-4b85-9617-279817c9415e{ip: 192.168.69.123, host: pr-hdds-2340-skh4f-3510823728, networkLocation: /default-rack, certSerialId: null} reports an CLOSED replica.
2019-10-21 18:40:19,728 [EventQueue-ContainerReportForContainerReportHandler] WARN  container.ContainerReportHandler (AbstractContainerReportHandler.java:updateContainerState(145)) - Container #1 is in OPEN state, but the datanode 0ae462f6-a5e4-462b-9a24-121d451bcbc9{ip: 192.168.69.123, host: pr-hdds-2340-skh4f-3510823728, networkLocation: /default-rack, certSerialId: null} reports an CLOSED replica.
2019-10-21 18:40:19,906 [EventQueue-ContainerReportForContainerReportHandler] WARN  container.ContainerReportHandler (AbstractContainerReportHandler.java:updateContainerState(145)) - Container #1 is in OPEN state, but the datanode 1417b996-b29d-4b85-9617-279817c9415e{ip: 192.168.69.123, host: pr-hdds-2340-skh4f-3510823728, networkLocation: /default-rack, certSerialId: null} reports an CLOSED replica.
2019-10-21 18:40:20,028 [EventQueue-ContainerReportForContainerReportHandler] WARN  container.ContainerReportHandler (AbstractContainerReportHandler.java:updateContainerState(145)) - Container #1 is in OPEN state, but the datanode 0ae462f6-a5e4-462b-9a24-121d451bcbc9{ip: 192.168.69.123, host: pr-hdds-2340-skh4f-3510823728, networkLocation: /default-rack, certSerialId: null} reports an CLOSED replica.
2019-10-21 18:40:20,065 [BlockDeletingService#2] WARN  background.BlockDeletingService (BlockDeletingService.java:isDeletionAllowed(187)) - Close Container log Index 6 is not replicated across allthe servers in the pipeline 4cfe140f-d3a3-4309-ae7c-0a44c9741378 as the min replicated index is 4. Deletion is not allowed in this container yet.
2019-10-21 18:40:20,066 [BlockDeletingService#2] WARN  background.BlockDeletingService (BlockDeletingService.java:isDeletionAllowed(187)) - Close Container log Index 6 is not replicated across allthe servers in the pipeline 4cfe140f-d3a3-4309-ae7c-0a44c9741378 as the min replicated index is 4. Deletion is not allowed in this container yet.
2019-10-21 18:40:20,108 [EventQueue-ContainerReportForContainerReportHandler] WARN  container.ContainerReportHandler (AbstractContainerReportHandler.java:updateContainerState(145)) - Container #1 is in OPEN state, but the datanode 1417b996-b29d-4b85-9617-279817c9415e{ip: 192.168.69.123, host: pr-hdds-2340-skh4f-3510823728, networkLocation: /default-rack, certSerialId: null} reports an CLOSED replica.
2019-10-21 18:40:20,227 [EventQueue-ContainerReportForContainerReportHandler] WARN  container.ContainerReportHandler (AbstractContainerReportHandler.java:updateContainerState(145)) - Container #1 is in OPEN state, but the datanode 0ae462f6-a5e4-462b-9a24-121d451bcbc9{ip: 192.168.69.123, host: pr-hdds-2340-skh4f-3510823728, networkLocation: /default-rack, certSerialId: null} reports an CLOSED replica.
2019-10-21 18:40:20,408 [EventQueue-ContainerReportForContainerReportHandler] WARN  container.ContainerReportHandler (AbstractContainerReportHandler.java:updateContainerState(145)) - Container #1 is in OPEN state, but the datanode 1417b996-b29d-4b85-9617-279817c9415e{ip: 192.168.69.123, host: pr-hdds-2340-skh4f-3510823728, networkLocation: /default-rack, certSerialId: null} reports an CLOSED replica.
2019-10-21 18:40:20,528 [EventQueue-ContainerReportForContainerReportHandler] WARN  container.ContainerReportHandler (AbstractContainerReportHandler.java:updateContainerState(145)) - Container #1 is in OPEN state, but the datanode 0ae462f6-a5e4-462b-9a24-121d451bcbc9{ip: 192.168.69.123, host: pr-hdds-2340-skh4f-3510823728, networkLocation: /default-rack, certSerialId: null} reports an CLOSED replica.
2019-10-21 18:40:20,609 [EventQueue-ContainerReportForContainerReportHandler] WARN  container.ContainerReportHandler (AbstractContainerReportHandler.java:updateContainerState(145)) - Container #1 is in OPEN state, but the datanode 1417b996-b29d-4b85-9617-279817c9415e{ip: 192.168.69.123, host: pr-hdds-2340-skh4f-3510823728, networkLocation: /default-rack, certSerialId: null} reports an CLOSED replica.
2019-10-21 18:40:20,810 [EventQueue-ContainerReportForContainerReportHandler] WARN  container.ContainerReportHandler (AbstractContainerReportHandler.java:updateContainerState(145)) - Container #1 is in OPEN state, but the datanode 1417b996-b29d-4b85-9617-279817c9415e{ip: 192.168.69.123, host: pr-hdds-2340-skh4f-3510823728, networkLocation: /default-rack, certSerialId: null} reports an CLOSED replica.
2019-10-21 18:40:20,927 [EventQueue-ContainerReportForContainerReportHandler] WARN  container.ContainerReportHandler (AbstractContainerReportHandler.java:updateContainerState(145)) - Container #1 is in OPEN state, but the datanode 0ae462f6-a5e4-462b-9a24-121d451bcbc9{ip: 192.168.69.123, host: pr-hdds-2340-skh4f-3510823728, networkLocation: /default-rack, certSerialId: null} reports an CLOSED replica.
2019-10-21 18:40:21,067 [BlockDeletingService#2] WARN  background.BlockDeletingService (BlockDeletingService.java:isDeletionAllowed(187)) - Close Container log Index 6 is not replicated across allthe servers in the pipeline 4cfe140f-d3a3-4309-ae7c-0a44c9741378 as the min replicated index is 4. Deletion is not allowed in this container yet.
2019-10-21 18:40:21,067 [BlockDeletingService#2] WARN  background.BlockDeletingService (BlockDeletingService.java:isDeletionAllowed(187)) - Close Container log Index 6 is not replicated across allthe servers in the pipeline 4cfe140f-d3a3-4309-ae7c-0a44c9741378 as the min replicated index is 4. Deletion is not allowed in this container yet.
2019-10-21 18:40:21,141 [java.util.concurrent.ThreadPoolExecutor$Worker@32f303dc[State = -1, empty queue]] WARN  server.GrpcLogAppender (GrpcLogAppender.java:timeoutAppendRequest(209)) - 1417b996-b29d-4b85-9617-279817c9415e@group-0A44C9741378->52ea385b-513a-41c9-81e3-3ab71399b638-GrpcLogAppender: appendEntries Timeout, request=1417b996-b29d-4b85-9617-279817c9415e->52ea385b-513a-41c9-81e3-3ab71399b638#40-t1, previous=(t:1, i:10), leaderCommit=10, initializing? false, entries: <empty>
2019-10-21 18:40:21,209 [EventQueue-ContainerReportForContainerReportHandler] WARN  container.ContainerReportHandler (AbstractContainerReportHandler.java:updateContainerState(145)) - Container #1 is in OPEN state, but the datanode 1417b996-b29d-4b85-9617-279817c9415e{ip: 192.168.69.123, host: pr-hdds-2340-skh4f-3510823728, networkLocation: /default-rack, certSerialId: null} reports an CLOSED replica.
2019-10-21 18:40:21,228 [EventQueue-ContainerReportForContainerReportHandler] WARN  container.ContainerReportHandler (AbstractContainerReportHandler.java:updateContainerState(145)) - Container #1 is in OPEN state, but the datanode 0ae462f6-a5e4-462b-9a24-121d451bcbc9{ip: 192.168.69.123, host: pr-hdds-2340-skh4f-3510823728, networkLocation: /default-rack, certSerialId: null} reports an CLOSED replica.
2019-10-21 18:40:21,510 [EventQueue-ContainerReportForContainerReportHandler] WARN  container.ContainerReportHandler (AbstractContainerReportHandler.java:updateContainerState(145)) - Container #1 is in OPEN state, but the datanode 1417b996-b29d-4b85-9617-279817c9415e{ip: 192.168.69.123, host: pr-hdds-2340-skh4f-3510823728, networkLocation: /default-rack, certSerialId: null} reports an CLOSED replica.
2019-10-21 18:40:21,628 [EventQueue-ContainerReportForContainerReportHandler] WARN  container.ContainerReportHandler (AbstractContainerReportHandler.java:updateContainerState(145)) - Container #1 is in OPEN state, but the datanode 0ae462f6-a5e4-462b-9a24-121d451bcbc9{ip: 192.168.69.123, host: pr-hdds-2340-skh4f-3510823728, networkLocation: /default-rack, certSerialId: null} reports an CLOSED replica.
2019-10-21 18:40:21,810 [EventQueue-ContainerReportForContainerReportHandler] WARN  container.ContainerReportHandler (AbstractContainerReportHandler.java:updateContainerState(145)) - Container #1 is in OPEN state, but the datanode 1417b996-b29d-4b85-9617-279817c9415e{ip: 192.168.69.123, host: pr-hdds-2340-skh4f-3510823728, networkLocation: /default-rack, certSerialId: null} reports an CLOSED replica.
2019-10-21 18:40:21,828 [EventQueue-ContainerReportForContainerReportHandler] WARN  container.ContainerReportHandler (AbstractContainerReportHandler.java:updateContainerState(145)) - Container #1 is in OPEN state, but the datanode 0ae462f6-a5e4-462b-9a24-121d451bcbc9{ip: 192.168.69.123, host: pr-hdds-2340-skh4f-3510823728, networkLocation: /default-rack, certSerialId: null} reports an CLOSED replica.
2019-10-21 18:40:22,028 [EventQueue-ContainerReportForContainerReportHandler] WARN  container.ContainerReportHandler (AbstractContainerReportHandler.java:updateContainerState(145)) - Container #1 is in OPEN state, but the datanode 0ae462f6-a5e4-462b-9a24-121d451bcbc9{ip: 192.168.69.123, host: pr-hdds-2340-skh4f-3510823728, networkLocation: /default-rack, certSerialId: null} reports an CLOSED replica.
2019-10-21 18:40:22,069 [BlockDeletingService#2] WARN  background.BlockDeletingService (BlockDeletingService.java:isDeletionAllowed(187)) - Close Container log Index 6 is not replicated across allthe servers in the pipeline 4cfe140f-d3a3-4309-ae7c-0a44c9741378 as the min replicated index is 4. Deletion is not allowed in this container yet.
2019-10-21 18:40:22,069 [BlockDeletingService#2] WARN  background.BlockDeletingService (BlockDeletingService.java:isDeletionAllowed(187)) - Close Container log Index 6 is not replicated across allthe servers in the pipeline 4cfe140f-d3a3-4309-ae7c-0a44c9741378 as the min replicated index is 4. Deletion is not allowed in this container yet.
2019-10-21 18:40:22,112 [EventQueue-ContainerReportForContainerReportHandler] WARN  container.ContainerReportHandler (AbstractContainerReportHandler.java:updateContainerState(145)) - Container #1 is in OPEN state, but the datanode 1417b996-b29d-4b85-9617-279817c9415e{ip: 192.168.69.123, host: pr-hdds-2340-skh4f-3510823728, networkLocation: /default-rack, certSerialId: null} reports an CLOSED replica.
2019-10-21 18:40:22,328 [EventQueue-ContainerReportForContainerReportHandler] WARN  container.ContainerReportHandler (AbstractContainerReportHandler.java:updateContainerState(145)) - Container #1 is in OPEN state, but the datanode 0ae462f6-a5e4-462b-9a24-121d451bcbc9{ip: 192.168.69.123, host: pr-hdds-2340-skh4f-3510823728, networkLocation: /default-rack, certSerialId: null} reports an CLOSED replica.
2019-10-21 18:40:22,514 [EventQueue-ContainerReportForContainerReportHandler] WARN  container.ContainerReportHandler (AbstractContainerReportHandler.java:updateContainerState(145)) - Container #1 is in OPEN state, but the datanode 1417b996-b29d-4b85-9617-279817c9415e{ip: 192.168.69.123, host: pr-hdds-2340-skh4f-3510823728, networkLocation: /default-rack, certSerialId: null} reports an CLOSED replica.
2019-10-21 18:40:22,528 [EventQueue-ContainerReportForContainerReportHandler] WARN  container.ContainerReportHandler (AbstractContainerReportHandler.java:updateContainerState(145)) - Container #1 is in OPEN state, but the datanode 0ae462f6-a5e4-462b-9a24-121d451bcbc9{ip: 192.168.69.123, host: pr-hdds-2340-skh4f-3510823728, networkLocation: /default-rack, certSerialId: null} reports an CLOSED replica.
2019-10-21 18:40:22,714 [EventQueue-ContainerReportForContainerReportHandler] WARN  container.ContainerReportHandler (AbstractContainerReportHandler.java:updateContainerState(145)) - Container #1 is in OPEN state, but the datanode 1417b996-b29d-4b85-9617-279817c9415e{ip: 192.168.69.123, host: pr-hdds-2340-skh4f-3510823728, networkLocation: /default-rack, certSerialId: null} reports an CLOSED replica.
2019-10-21 18:40:22,828 [EventQueue-ContainerReportForContainerReportHandler] WARN  container.ContainerReportHandler (AbstractContainerReportHandler.java:updateContainerState(145)) - Container #1 is in OPEN state, but the datanode 0ae462f6-a5e4-462b-9a24-121d451bcbc9{ip: 192.168.69.123, host: pr-hdds-2340-skh4f-3510823728, networkLocation: /default-rack, certSerialId: null} reports an CLOSED replica.
2019-10-21 18:40:23,014 [EventQueue-ContainerReportForContainerReportHandler] WARN  container.ContainerReportHandler (AbstractContainerReportHandler.java:updateContainerState(145)) - Container #1 is in OPEN state, but the datanode 1417b996-b29d-4b85-9617-279817c9415e{ip: 192.168.69.123, host: pr-hdds-2340-skh4f-3510823728, networkLocation: /default-rack, certSerialId: null} reports an CLOSED replica.
2019-10-21 18:40:23,071 [BlockDeletingService#2] WARN  background.BlockDeletingService (BlockDeletingService.java:isDeletionAllowed(187)) - Close Container log Index 6 is not replicated across allthe servers in the pipeline 4cfe140f-d3a3-4309-ae7c-0a44c9741378 as the min replicated index is 4. Deletion is not allowed in this container yet.
2019-10-21 18:40:23,071 [BlockDeletingService#2] WARN  background.BlockDeletingService (BlockDeletingService.java:isDeletionAllowed(187)) - Close Container log Index 6 is not replicated across allthe servers in the pipeline 4cfe140f-d3a3-4309-ae7c-0a44c9741378 as the min replicated index is 4. Deletion is not allowed in this container yet.
2019-10-21 18:40:23,228 [EventQueue-ContainerReportForContainerReportHandler] WARN  container.ContainerReportHandler (AbstractContainerReportHandler.java:updateContainerState(145)) - Container #1 is in OPEN state, but the datanode 0ae462f6-a5e4-462b-9a24-121d451bcbc9{ip: 192.168.69.123, host: pr-hdds-2340-skh4f-3510823728, networkLocation: /default-rack, certSerialId: null} reports an CLOSED replica.
2019-10-21 18:40:23,315 [EventQueue-ContainerReportForContainerReportHandler] WARN  container.ContainerReportHandler (AbstractContainerReportHandler.java:updateContainerState(145)) - Container #1 is in OPEN state, but the datanode 1417b996-b29d-4b85-9617-279817c9415e{ip: 192.168.69.123, host: pr-hdds-2340-skh4f-3510823728, networkLocation: /default-rack, certSerialId: null} reports an CLOSED replica.
2019-10-21 18:40:23,429 [EventQueue-ContainerReportForContainerReportHandler] WARN  container.ContainerReportHandler (AbstractContainerReportHandler.java:updateContainerState(145)) - Container #1 is in OPEN state, but the datanode 0ae462f6-a5e4-462b-9a24-121d451bcbc9{ip: 192.168.69.123, host: pr-hdds-2340-skh4f-3510823728, networkLocation: /default-rack, certSerialId: null} reports an CLOSED replica.
2019-10-21 18:40:23,615 [EventQueue-ContainerReportForContainerReportHandler] WARN  container.ContainerReportHandler (AbstractContainerReportHandler.java:updateContainerState(145)) - Container #1 is in OPEN state, but the datanode 1417b996-b29d-4b85-9617-279817c9415e{ip: 192.168.69.123, host: pr-hdds-2340-skh4f-3510823728, networkLocation: /default-rack, certSerialId: null} reports an CLOSED replica.
2019-10-21 18:40:23,642 [java.util.concurrent.ThreadPoolExecutor$Worker@32f303dc[State = -1, empty queue]] WARN  server.GrpcLogAppender (GrpcLogAppender.java:timeoutAppendRequest(209)) - 1417b996-b29d-4b85-9617-279817c9415e@group-0A44C9741378->52ea385b-513a-41c9-81e3-3ab71399b638-GrpcLogAppender: appendEntries Timeout, request=1417b996-b29d-4b85-9617-279817c9415e->52ea385b-513a-41c9-81e3-3ab71399b638#41-t1, previous=(t:1, i:10), leaderCommit=10, initializing? false, entries: <empty>
2019-10-21 18:40:23,729 [EventQueue-ContainerReportForContainerReportHandler] WARN  container.ContainerReportHandler (AbstractContainerReportHandler.java:updateContainerState(145)) - Container #1 is in OPEN state, but the datanode 0ae462f6-a5e4-462b-9a24-121d451bcbc9{ip: 192.168.69.123, host: pr-hdds-2340-skh4f-3510823728, networkLocation: /default-rack, certSerialId: null} reports an CLOSED replica.
2019-10-21 18:40:24,015 [EventQueue-ContainerReportForContainerReportHandler] WARN  container.ContainerReportHandler (AbstractContainerReportHandler.java:updateContainerState(145)) - Container #1 is in OPEN state, but the datanode 1417b996-b29d-4b85-9617-279817c9415e{ip: 192.168.69.123, host: pr-hdds-2340-skh4f-3510823728, networkLocation: /default-rack, certSerialId: null} reports an CLOSED replica.
2019-10-21 18:40:24,030 [EventQueue-ContainerReportForContainerReportHandler] WARN  container.ContainerReportHandler (AbstractContainerReportHandler.java:updateContainerState(145)) - Container #1 is in OPEN state, but the datanode 0ae462f6-a5e4-462b-9a24-121d451bcbc9{ip: 192.168.69.123, host: pr-hdds-2340-skh4f-3510823728, networkLocation: /default-rack, certSerialId: null} reports an CLOSED replica.
2019-10-21 18:40:24,073 [BlockDeletingService#2] WARN  background.BlockDeletingService (BlockDeletingService.java:isDeletionAllowed(187)) - Close Container log Index 6 is not replicated across allthe servers in the pipeline 4cfe140f-d3a3-4309-ae7c-0a44c9741378 as the min replicated index is 4. Deletion is not allowed in this container yet.
2019-10-21 18:40:24,073 [BlockDeletingService#2] WARN  background.BlockDeletingService (BlockDeletingService.java:isDeletionAllowed(187)) - Close Container log Index 6 is not replicated across allthe servers in the pipeline 4cfe140f-d3a3-4309-ae7c-0a44c9741378 as the min replicated index is 4. Deletion is not allowed in this container yet.
2019-10-21 18:40:24,330 [EventQueue-ContainerReportForContainerReportHandler] WARN  container.ContainerReportHandler (AbstractContainerReportHandler.java:updateContainerState(145)) - Container #1 is in OPEN state, but the datanode 0ae462f6-a5e4-462b-9a24-121d451bcbc9{ip: 192.168.69.123, host: pr-hdds-2340-skh4f-3510823728, networkLocation: /default-rack, certSerialId: null} reports an CLOSED replica.
2019-10-21 18:40:24,415 [EventQueue-ContainerReportForContainerReportHandler] WARN  container.ContainerReportHandler (AbstractContainerReportHandler.java:updateContainerState(145)) - Container #1 is in OPEN state, but the datanode 1417b996-b29d-4b85-9617-279817c9415e{ip: 192.168.69.123, host: pr-hdds-2340-skh4f-3510823728, networkLocation: /default-rack, certSerialId: null} reports an CLOSED replica.
2019-10-21 18:40:24,530 [EventQueue-ContainerReportForContainerReportHandler] WARN  container.ContainerReportHandler (AbstractContainerReportHandler.java:updateContainerState(145)) - Container #1 is in OPEN state, but the datanode 0ae462f6-a5e4-462b-9a24-121d451bcbc9{ip: 192.168.69.123, host: pr-hdds-2340-skh4f-3510823728, networkLocation: /default-rack, certSerialId: null} reports an CLOSED replica.
2019-10-21 18:40:24,716 [EventQueue-ContainerReportForContainerReportHandler] WARN  container.ContainerReportHandler (AbstractContainerReportHandler.java:updateContainerState(145)) - Container #1 is in OPEN state, but the datanode 1417b996-b29d-4b85-9617-279817c9415e{ip: 192.168.69.123, host: pr-hdds-2340-skh4f-3510823728, networkLocation: /default-rack, certSerialId: null} reports an CLOSED replica.
2019-10-21 18:40:24,831 [EventQueue-ContainerReportForContainerReportHandler] WARN  container.ContainerReportHandler (AbstractContainerReportHandler.java:updateContainerState(145)) - Container #1 is in OPEN state, but the datanode 0ae462f6-a5e4-462b-9a24-121d451bcbc9{ip: 192.168.69.123, host: pr-hdds-2340-skh4f-3510823728, networkLocation: /default-rack, certSerialId: null} reports an CLOSED replica.
2019-10-21 18:40:25,017 [EventQueue-ContainerReportForContainerReportHandler] WARN  container.ContainerReportHandler (AbstractContainerReportHandler.java:updateContainerState(145)) - Container #1 is in OPEN state, but the datanode 1417b996-b29d-4b85-9617-279817c9415e{ip: 192.168.69.123, host: pr-hdds-2340-skh4f-3510823728, networkLocation: /default-rack, certSerialId: null} reports an CLOSED replica.
2019-10-21 18:40:25,075 [BlockDeletingService#2] WARN  background.BlockDeletingService (BlockDeletingService.java:isDeletionAllowed(187)) - Close Container log Index 6 is not replicated across allthe servers in the pipeline 4cfe140f-d3a3-4309-ae7c-0a44c9741378 as the min replicated index is 4. Deletion is not allowed in this container yet.
2019-10-21 18:40:25,075 [BlockDeletingService#2] WARN  background.BlockDeletingService (BlockDeletingService.java:isDeletionAllowed(187)) - Close Container log Index 6 is not replicated across allthe servers in the pipeline 4cfe140f-d3a3-4309-ae7c-0a44c9741378 as the min replicated index is 4. Deletion is not allowed in this container yet.
2019-10-21 18:40:25,132 [EventQueue-ContainerReportForContainerReportHandler] WARN  container.ContainerReportHandler (AbstractContainerReportHandler.java:updateContainerState(145)) - Container #1 is in OPEN state, but the datanode 0ae462f6-a5e4-462b-9a24-121d451bcbc9{ip: 192.168.69.123, host: pr-hdds-2340-skh4f-3510823728, networkLocation: /default-rack, certSerialId: null} reports an CLOSED replica.
2019-10-21 18:40:25,418 [EventQueue-ContainerReportForContainerReportHandler] WARN  container.ContainerReportHandler (AbstractContainerReportHandler.java:updateContainerState(145)) - Container #1 is in OPEN state, but the datanode 1417b996-b29d-4b85-9617-279817c9415e{ip: 192.168.69.123, host: pr-hdds-2340-skh4f-3510823728, networkLocation: /default-rack, certSerialId: null} reports an CLOSED replica.
2019-10-21 18:40:25,533 [EventQueue-ContainerReportForContainerReportHandler] WARN  container.ContainerReportHandler (AbstractContainerReportHandler.java:updateContainerState(145)) - Container #1 is in OPEN state, but the datanode 0ae462f6-a5e4-462b-9a24-121d451bcbc9{ip: 192.168.69.123, host: pr-hdds-2340-skh4f-3510823728, networkLocation: /default-rack, certSerialId: null} reports an CLOSED replica.
2019-10-21 18:40:25,718 [EventQueue-ContainerReportForContainerReportHandler] WARN  container.ContainerReportHandler (AbstractContainerReportHandler.java:updateContainerState(145)) - Container #1 is in OPEN state, but the datanode 1417b996-b29d-4b85-9617-279817c9415e{ip: 192.168.69.123, host: pr-hdds-2340-skh4f-3510823728, networkLocation: /default-rack, certSerialId: null} reports an CLOSED replica.
2019-10-21 18:40:25,732 [EventQueue-ContainerReportForContainerReportHandler] WARN  container.ContainerReportHandler (AbstractContainerReportHandler.java:updateContainerState(145)) - Container #1 is in OPEN state, but the datanode 0ae462f6-a5e4-462b-9a24-121d451bcbc9{ip: 192.168.69.123, host: pr-hdds-2340-skh4f-3510823728, networkLocation: /default-rack, certSerialId: null} reports an CLOSED replica.
2019-10-21 18:40:25,795 [Thread-461] INFO  client.GrpcClientProtocolService (GrpcClientProtocolService.java:lambda$processClientRequest$0(279)) - Failed RaftClientRequest:client-78F0D1780252->0ae462f6-a5e4-462b-9a24-121d451bcbc9@group-0A44C9741378, cid=10, seq=0, Watch-ALL_COMMITTED(6), Message:<EMPTY>, reply=RaftClientReply:client-78F0D1780252->0ae462f6-a5e4-462b-9a24-121d451bcbc9@group-0A44C9741378, cid=10, FAILED org.apache.ratis.protocol.NotLeaderException: Server 0ae462f6-a5e4-462b-9a24-121d451bcbc9@group-0A44C9741378 is not the leader 1417b996-b29d-4b85-9617-279817c9415e:192.168.69.123:46747, logIndex=0, commits[0ae462f6-a5e4-462b-9a24-121d451bcbc9:c10, 1417b996-b29d-4b85-9617-279817c9415e:c10, 52ea385b-513a-41c9-81e3-3ab71399b638:c4]
2019-10-21 18:40:26,018 [EventQueue-ContainerReportForContainerReportHandler] WARN  container.ContainerReportHandler (AbstractContainerReportHandler.java:updateContainerState(145)) - Container #1 is in OPEN state, but the datanode 1417b996-b29d-4b85-9617-279817c9415e{ip: 192.168.69.123, host: pr-hdds-2340-skh4f-3510823728, networkLocation: /default-rack, certSerialId: null} reports an CLOSED replica.
2019-10-21 18:40:26,077 [BlockDeletingService#2] WARN  background.BlockDeletingService (BlockDeletingService.java:isDeletionAllowed(187)) - Close Container log Index 6 is not replicated across allthe servers in the pipeline 4cfe140f-d3a3-4309-ae7c-0a44c9741378 as the min replicated index is 4. Deletion is not allowed in this container yet.
2019-10-21 18:40:26,077 [BlockDeletingService#2] WARN  background.BlockDeletingService (BlockDeletingService.java:isDeletionAllowed(187)) - Close Container log Index 6 is not replicated across allthe servers in the pipeline 4cfe140f-d3a3-4309-ae7c-0a44c9741378 as the min replicated index is 4. Deletion is not allowed in this container yet.
2019-10-21 18:40:26,133 [EventQueue-ContainerReportForContainerReportHandler] WARN  container.ContainerReportHandler (AbstractContainerReportHandler.java:updateContainerState(145)) - Container #1 is in OPEN state, but the datanode 0ae462f6-a5e4-462b-9a24-121d451bcbc9{ip: 192.168.69.123, host: pr-hdds-2340-skh4f-3510823728, networkLocation: /default-rack, certSerialId: null} reports an CLOSED replica.
2019-10-21 18:40:26,143 [java.util.concurrent.ThreadPoolExecutor$Worker@32f303dc[State = -1, empty queue]] WARN  server.GrpcLogAppender (GrpcLogAppender.java:timeoutAppendRequest(209)) - 1417b996-b29d-4b85-9617-279817c9415e@group-0A44C9741378->52ea385b-513a-41c9-81e3-3ab71399b638-GrpcLogAppender: appendEntries Timeout, request=1417b996-b29d-4b85-9617-279817c9415e->52ea385b-513a-41c9-81e3-3ab71399b638#42-t1, previous=(t:1, i:10), leaderCommit=10, initializing? false, entries: <empty>
2019-10-21 18:40:26,332 [EventQueue-ContainerReportForContainerReportHandler] WARN  container.ContainerReportHandler (AbstractContainerReportHandler.java:updateContainerState(145)) - Container #1 is in OPEN state, but the datanode 0ae462f6-a5e4-462b-9a24-121d451bcbc9{ip: 192.168.69.123, host: pr-hdds-2340-skh4f-3510823728, networkLocation: /default-rack, certSerialId: null} reports an CLOSED replica.
2019-10-21 18:40:26,419 [EventQueue-ContainerReportForContainerReportHandler] WARN  container.ContainerReportHandler (AbstractContainerReportHandler.java:updateContainerState(145)) - Container #1 is in OPEN state, but the datanode 1417b996-b29d-4b85-9617-279817c9415e{ip: 192.168.69.123, host: pr-hdds-2340-skh4f-3510823728, networkLocation: /default-rack, certSerialId: null} reports an CLOSED replica.
2019-10-21 18:40:26,633 [EventQueue-ContainerReportForContainerReportHandler] WARN  container.ContainerReportHandler (AbstractContainerReportHandler.java:updateContainerState(145)) - Container #1 is in OPEN state, but the datanode 0ae462f6-a5e4-462b-9a24-121d451bcbc9{ip: 192.168.69.123, host: pr-hdds-2340-skh4f-3510823728, networkLocation: /default-rack, certSerialId: null} reports an CLOSED replica.
2019-10-21 18:40:26,720 [EventQueue-ContainerReportForContainerReportHandler] WARN  container.ContainerReportHandler (AbstractContainerReportHandler.java:updateContainerState(145)) - Container #1 is in OPEN state, but the datanode 1417b996-b29d-4b85-9617-279817c9415e{ip: 192.168.69.123, host: pr-hdds-2340-skh4f-3510823728, networkLocation: /default-rack, certSerialId: null} reports an CLOSED replica.
2019-10-21 18:40:26,885 [Thread-466] INFO  client.GrpcClientProtocolService (GrpcClientProtocolService.java:lambda$processClientRequest$0(279)) - Failed RaftClientRequest:client-78F0D1780252->1417b996-b29d-4b85-9617-279817c9415e@group-0A44C9741378, cid=10, seq=0, Watch-ALL_COMMITTED(6), Message:<EMPTY>, reply=RaftClientReply:client-78F0D1780252->1417b996-b29d-4b85-9617-279817c9415e@group-0A44C9741378, cid=10, FAILED org.apache.ratis.protocol.NotReplicatedException: Request with call Id 10 and log index 6 is not yet replicated to ALL_COMMITTED, logIndex=6, commits[1417b996-b29d-4b85-9617-279817c9415e:c10, 0ae462f6-a5e4-462b-9a24-121d451bcbc9:c10, 52ea385b-513a-41c9-81e3-3ab71399b638:c4]
2019-10-21 18:40:26,933 [EventQueue-ContainerReportForContainerReportHandler] WARN  container.ContainerReportHandler (AbstractContainerReportHandler.java:updateContainerState(145)) - Container #1 is in OPEN state, but the datanode 0ae462f6-a5e4-462b-9a24-121d451bcbc9{ip: 192.168.69.123, host: pr-hdds-2340-skh4f-3510823728, networkLocation: /default-rack, certSerialId: null} reports an CLOSED replica.
2019-10-21 18:40:27,020 [EventQueue-ContainerReportForContainerReportHandler] WARN  container.ContainerReportHandler (AbstractContainerReportHandler.java:updateContainerState(145)) - Container #1 is in OPEN state, but the datanode 1417b996-b29d-4b85-9617-279817c9415e{ip: 192.168.69.123, host: pr-hdds-2340-skh4f-3510823728, networkLocation: /default-rack, certSerialId: null} reports an CLOSED replica.
2019-10-21 18:40:27,082 [BlockDeletingService#2] WARN  background.BlockDeletingService (BlockDeletingService.java:isDeletionAllowed(187)) - Close Container log Index 6 is not replicated across allthe servers in the pipeline 4cfe140f-d3a3-4309-ae7c-0a44c9741378 as the min replicated index is 4. Deletion is not allowed in this container yet.
2019-10-21 18:40:27,082 [BlockDeletingService#2] WARN  background.BlockDeletingService (BlockDeletingService.java:isDeletionAllowed(187)) - Close Container log Index 6 is not replicated across allthe servers in the pipeline 4cfe140f-d3a3-4309-ae7c-0a44c9741378 as the min replicated index is 4. Deletion is not allowed in this container yet.
2019-10-21 18:40:27,133 [EventQueue-ContainerReportForContainerReportHandler] WARN  container.ContainerReportHandler (AbstractContainerReportHandler.java:updateContainerState(145)) - Container #1 is in OPEN state, but the datanode 0ae462f6-a5e4-462b-9a24-121d451bcbc9{ip: 192.168.69.123, host: pr-hdds-2340-skh4f-3510823728, networkLocation: /default-rack, certSerialId: null} reports an CLOSED replica.
2019-10-21 18:40:27,333 [EventQueue-ContainerReportForContainerReportHandler] WARN  container.ContainerReportHandler (AbstractContainerReportHandler.java:updateContainerState(145)) - Container #1 is in OPEN state, but the datanode 0ae462f6-a5e4-462b-9a24-121d451bcbc9{ip: 192.168.69.123, host: pr-hdds-2340-skh4f-3510823728, networkLocation: /default-rack, certSerialId: null} reports an CLOSED replica.
2019-10-21 18:40:27,421 [EventQueue-ContainerReportForContainerReportHandler] WARN  container.ContainerReportHandler (AbstractContainerReportHandler.java:updateContainerState(145)) - Container #1 is in OPEN state, but the datanode 1417b996-b29d-4b85-9617-279817c9415e{ip: 192.168.69.123, host: pr-hdds-2340-skh4f-3510823728, networkLocation: /default-rack, certSerialId: null} reports an CLOSED replica.
2019-10-21 18:40:27,720 [EventQueue-ContainerReportForContainerReportHandler] WARN  container.ContainerReportHandler (AbstractContainerReportHandler.java:updateContainerState(145)) - Container #1 is in OPEN state, but the datanode 1417b996-b29d-4b85-9617-279817c9415e{ip: 192.168.69.123, host: pr-hdds-2340-skh4f-3510823728, networkLocation: /default-rack, certSerialId: null} reports an CLOSED replica.
2019-10-21 18:40:27,734 [EventQueue-ContainerReportForContainerReportHandler] WARN  container.ContainerReportHandler (AbstractContainerReportHandler.java:updateContainerState(145)) - Container #1 is in OPEN state, but the datanode 0ae462f6-a5e4-462b-9a24-121d451bcbc9{ip: 192.168.69.123, host: pr-hdds-2340-skh4f-3510823728, networkLocation: /default-rack, certSerialId: null} reports an CLOSED replica.
2019-10-21 18:40:28,034 [EventQueue-ContainerReportForContainerReportHandler] WARN  container.ContainerReportHandler (AbstractContainerReportHandler.java:updateContainerState(145)) - Container #1 is in OPEN state, but the datanode 0ae462f6-a5e4-462b-9a24-121d451bcbc9{ip: 192.168.69.123, host: pr-hdds-2340-skh4f-3510823728, networkLocation: /default-rack, certSerialId: null} reports an CLOSED replica.
2019-10-21 18:40:28,088 [BlockDeletingService#2] WARN  background.BlockDeletingService (BlockDeletingService.java:isDeletionAllowed(187)) - Close Container log Index 6 is not replicated across allthe servers in the pipeline 4cfe140f-d3a3-4309-ae7c-0a44c9741378 as the min replicated index is 4. Deletion is not allowed in this container yet.
2019-10-21 18:40:28,088 [BlockDeletingService#2] WARN  background.BlockDeletingService (BlockDeletingService.java:isDeletionAllowed(187)) - Close Container log Index 6 is not replicated across allthe servers in the pipeline 4cfe140f-d3a3-4309-ae7c-0a44c9741378 as the min replicated index is 4. Deletion is not allowed in this container yet.
2019-10-21 18:40:28,121 [EventQueue-ContainerReportForContainerReportHandler] WARN  container.ContainerReportHandler (AbstractContainerReportHandler.java:updateContainerState(145)) - Container #1 is in OPEN state, but the datanode 1417b996-b29d-4b85-9617-279817c9415e{ip: 192.168.69.123, host: pr-hdds-2340-skh4f-3510823728, networkLocation: /default-rack, certSerialId: null} reports an CLOSED replica.
2019-10-21 18:40:28,234 [EventQueue-ContainerReportForContainerReportHandler] WARN  container.ContainerReportHandler (AbstractContainerReportHandler.java:updateContainerState(145)) - Container #1 is in OPEN state, but the datanode 0ae462f6-a5e4-462b-9a24-121d451bcbc9{ip: 192.168.69.123, host: pr-hdds-2340-skh4f-3510823728, networkLocation: /default-rack, certSerialId: null} reports an CLOSED replica.
2019-10-21 18:40:28,320 [EventQueue-ContainerReportForContainerReportHandler] WARN  container.ContainerReportHandler (AbstractContainerReportHandler.java:updateContainerState(145)) - Container #1 is in OPEN state, but the datanode 1417b996-b29d-4b85-9617-279817c9415e{ip: 192.168.69.123, host: pr-hdds-2340-skh4f-3510823728, networkLocation: /default-rack, certSerialId: null} reports an CLOSED replica.
2019-10-21 18:40:28,635 [EventQueue-ContainerReportForContainerReportHandler] WARN  container.ContainerReportHandler (AbstractContainerReportHandler.java:updateContainerState(145)) - Container #1 is in OPEN state, but the datanode 0ae462f6-a5e4-462b-9a24-121d451bcbc9{ip: 192.168.69.123, host: pr-hdds-2340-skh4f-3510823728, networkLocation: /default-rack, certSerialId: null} reports an CLOSED replica.
2019-10-21 18:40:28,644 [java.util.concurrent.ThreadPoolExecutor$Worker@32f303dc[State = -1, empty queue]] WARN  server.GrpcLogAppender (GrpcLogAppender.java:timeoutAppendRequest(209)) - 1417b996-b29d-4b85-9617-279817c9415e@group-0A44C9741378->52ea385b-513a-41c9-81e3-3ab71399b638-GrpcLogAppender: appendEntries Timeout, request=1417b996-b29d-4b85-9617-279817c9415e->52ea385b-513a-41c9-81e3-3ab71399b638#43-t1, previous=(t:1, i:10), leaderCommit=10, initializing? false, entries: <empty>
2019-10-21 18:40:28,721 [EventQueue-ContainerReportForContainerReportHandler] WARN  container.ContainerReportHandler (AbstractContainerReportHandler.java:updateContainerState(145)) - Container #1 is in OPEN state, but the datanode 1417b996-b29d-4b85-9617-279817c9415e{ip: 192.168.69.123, host: pr-hdds-2340-skh4f-3510823728, networkLocation: /default-rack, certSerialId: null} reports an CLOSED replica.
2019-10-21 18:40:28,835 [EventQueue-ContainerReportForContainerReportHandler] WARN  container.ContainerReportHandler (AbstractContainerReportHandler.java:updateContainerState(145)) - Container #1 is in OPEN state, but the datanode 0ae462f6-a5e4-462b-9a24-121d451bcbc9{ip: 192.168.69.123, host: pr-hdds-2340-skh4f-3510823728, networkLocation: /default-rack, certSerialId: null} reports an CLOSED replica.
2019-10-21 18:40:28,922 [EventQueue-ContainerReportForContainerReportHandler] WARN  container.ContainerReportHandler (AbstractContainerReportHandler.java:updateContainerState(145)) - Container #1 is in OPEN state, but the datanode 1417b996-b29d-4b85-9617-279817c9415e{ip: 192.168.69.123, host: pr-hdds-2340-skh4f-3510823728, networkLocation: /default-rack, certSerialId: null} reports an CLOSED replica.
2019-10-21 18:40:29,092 [BlockDeletingService#2] WARN  background.BlockDeletingService (BlockDeletingService.java:isDeletionAllowed(187)) - Close Container log Index 6 is not replicated across allthe servers in the pipeline 4cfe140f-d3a3-4309-ae7c-0a44c9741378 as the min replicated index is 4. Deletion is not allowed in this container yet.
2019-10-21 18:40:29,092 [BlockDeletingService#2] WARN  background.BlockDeletingService (BlockDeletingService.java:isDeletionAllowed(187)) - Close Container log Index 6 is not replicated across allthe servers in the pipeline 4cfe140f-d3a3-4309-ae7c-0a44c9741378 as the min replicated index is 4. Deletion is not allowed in this container yet.
2019-10-21 18:40:29,223 [EventQueue-ContainerReportForContainerReportHandler] WARN  container.ContainerReportHandler (AbstractContainerReportHandler.java:updateContainerState(145)) - Container #1 is in OPEN state, but the datanode 1417b996-b29d-4b85-9617-279817c9415e{ip: 192.168.69.123, host: pr-hdds-2340-skh4f-3510823728, networkLocation: /default-rack, certSerialId: null} reports an CLOSED replica.
2019-10-21 18:40:29,235 [EventQueue-ContainerReportForContainerReportHandler] WARN  container.ContainerReportHandler (AbstractContainerReportHandler.java:updateContainerState(145)) - Container #1 is in OPEN state, but the datanode 0ae462f6-a5e4-462b-9a24-121d451bcbc9{ip: 192.168.69.123, host: pr-hdds-2340-skh4f-3510823728, networkLocation: /default-rack, certSerialId: null} reports an CLOSED replica.
2019-10-21 18:40:29,523 [EventQueue-ContainerReportForContainerReportHandler] WARN  container.ContainerReportHandler (AbstractContainerReportHandler.java:updateContainerState(145)) - Container #1 is in OPEN state, but the datanode 1417b996-b29d-4b85-9617-279817c9415e{ip: 192.168.69.123, host: pr-hdds-2340-skh4f-3510823728, networkLocation: /default-rack, certSerialId: null} reports an CLOSED replica.
2019-10-21 18:40:29,536 [EventQueue-ContainerReportForContainerReportHandler] WARN  container.ContainerReportHandler (AbstractContainerReportHandler.java:updateContainerState(145)) - Container #1 is in OPEN state, but the datanode 0ae462f6-a5e4-462b-9a24-121d451bcbc9{ip: 192.168.69.123, host: pr-hdds-2340-skh4f-3510823728, networkLocation: /default-rack, certSerialId: null} reports an CLOSED replica.
2019-10-21 18:40:29,823 [EventQueue-ContainerReportForContainerReportHandler] WARN  container.ContainerReportHandler (AbstractContainerReportHandler.java:updateContainerState(145)) - Container #1 is in OPEN state, but the datanode 1417b996-b29d-4b85-9617-279817c9415e{ip: 192.168.69.123, host: pr-hdds-2340-skh4f-3510823728, networkLocation: /default-rack, certSerialId: null} reports an CLOSED replica.
2019-10-21 18:40:29,836 [EventQueue-ContainerReportForContainerReportHandler] WARN  container.ContainerReportHandler (AbstractContainerReportHandler.java:updateContainerState(145)) - Container #1 is in OPEN state, but the datanode 0ae462f6-a5e4-462b-9a24-121d451bcbc9{ip: 192.168.69.123, host: pr-hdds-2340-skh4f-3510823728, networkLocation: /default-rack, certSerialId: null} reports an CLOSED replica.
2019-10-21 18:40:30,167 [EventQueue-ContainerReportForContainerReportHandler] WARN  container.ContainerReportHandler (AbstractContainerReportHandler.java:updateContainerState(145)) - Container #1 is in OPEN state, but the datanode 0ae462f6-a5e4-462b-9a24-121d451bcbc9{ip: 192.168.69.123, host: pr-hdds-2340-skh4f-3510823728, networkLocation: /default-rack, certSerialId: null} reports an CLOSED replica.
2019-10-21 18:40:30,168 [BlockDeletingService#2] WARN  background.BlockDeletingService (BlockDeletingService.java:isDeletionAllowed(187)) - Close Container log Index 6 is not replicated across allthe servers in the pipeline 4cfe140f-d3a3-4309-ae7c-0a44c9741378 as the min replicated index is 4. Deletion is not allowed in this container yet.
2019-10-21 18:40:30,167 [BlockDeletingService#2] WARN  background.BlockDeletingService (BlockDeletingService.java:isDeletionAllowed(187)) - Close Container log Index 6 is not replicated across allthe servers in the pipeline 4cfe140f-d3a3-4309-ae7c-0a44c9741378 as the min replicated index is 4. Deletion is not allowed in this container yet.
2019-10-21 18:40:30,168 [EventQueue-ContainerReportForContainerReportHandler] WARN  container.ContainerReportHandler (AbstractContainerReportHandler.java:updateContainerState(145)) - Container #1 is in OPEN state, but the datanode 1417b996-b29d-4b85-9617-279817c9415e{ip: 192.168.69.123, host: pr-hdds-2340-skh4f-3510823728, networkLocation: /default-rack, certSerialId: null} reports an CLOSED replica.
2019-10-21 18:40:30,425 [EventQueue-ContainerReportForContainerReportHandler] WARN  container.ContainerReportHandler (AbstractContainerReportHandler.java:updateContainerState(145)) - Container #1 is in OPEN state, but the datanode 1417b996-b29d-4b85-9617-279817c9415e{ip: 192.168.69.123, host: pr-hdds-2340-skh4f-3510823728, networkLocation: /default-rack, certSerialId: null} reports an CLOSED replica.
2019-10-21 18:40:30,537 [EventQueue-ContainerReportForContainerReportHandler] WARN  container.ContainerReportHandler (AbstractContainerReportHandler.java:updateContainerState(145)) - Container #1 is in OPEN state, but the datanode 0ae462f6-a5e4-462b-9a24-121d451bcbc9{ip: 192.168.69.123, host: pr-hdds-2340-skh4f-3510823728, networkLocation: /default-rack, certSerialId: null} reports an CLOSED replica.
2019-10-21 18:40:30,738 [EventQueue-ContainerReportForContainerReportHandler] WARN  container.ContainerReportHandler (AbstractContainerReportHandler.java:updateContainerState(145)) - Container #1 is in OPEN state, but the datanode 0ae462f6-a5e4-462b-9a24-121d451bcbc9{ip: 192.168.69.123, host: pr-hdds-2340-skh4f-3510823728, networkLocation: /default-rack, certSerialId: null} reports an CLOSED replica.
2019-10-21 18:40:30,826 [EventQueue-ContainerReportForContainerReportHandler] WARN  container.ContainerReportHandler (AbstractContainerReportHandler.java:updateContainerState(145)) - Container #1 is in OPEN state, but the datanode 1417b996-b29d-4b85-9617-279817c9415e{ip: 192.168.69.123, host: pr-hdds-2340-skh4f-3510823728, networkLocation: /default-rack, certSerialId: null} reports an CLOSED replica.
2019-10-21 18:40:31,139 [EventQueue-ContainerReportForContainerReportHandler] WARN  container.ContainerReportHandler (AbstractContainerReportHandler.java:updateContainerState(145)) - Container #1 is in OPEN state, but the datanode 0ae462f6-a5e4-462b-9a24-121d451bcbc9{ip: 192.168.69.123, host: pr-hdds-2340-skh4f-3510823728, networkLocation: /default-rack, certSerialId: null} reports an CLOSED replica.
2019-10-21 18:40:31,146 [java.util.concurrent.ThreadPoolExecutor$Worker@32f303dc[State = -1, empty queue]] WARN  server.GrpcLogAppender (GrpcLogAppender.java:timeoutAppendRequest(209)) - 1417b996-b29d-4b85-9617-279817c9415e@group-0A44C9741378->52ea385b-513a-41c9-81e3-3ab71399b638-GrpcLogAppender: appendEntries Timeout, request=1417b996-b29d-4b85-9617-279817c9415e->52ea385b-513a-41c9-81e3-3ab71399b638#44-t1, previous=(t:1, i:10), leaderCommit=10, initializing? false, entries: <empty>
2019-10-21 18:40:31,171 [BlockDeletingService#2] WARN  background.BlockDeletingService (BlockDeletingService.java:isDeletionAllowed(187)) - Close Container log Index 6 is not replicated across allthe servers in the pipeline 4cfe140f-d3a3-4309-ae7c-0a44c9741378 as the min replicated index is 4. Deletion is not allowed in this container yet.
2019-10-21 18:40:31,171 [BlockDeletingService#2] WARN  background.BlockDeletingService (BlockDeletingService.java:isDeletionAllowed(187)) - Close Container log Index 6 is not replicated across allthe servers in the pipeline 4cfe140f-d3a3-4309-ae7c-0a44c9741378 as the min replicated index is 4. Deletion is not allowed in this container yet.
2019-10-21 18:40:31,226 [EventQueue-ContainerReportForContainerReportHandler] WARN  container.ContainerReportHandler (AbstractContainerReportHandler.java:updateContainerState(145)) - Container #1 is in OPEN state, but the datanode 1417b996-b29d-4b85-9617-279817c9415e{ip: 192.168.69.123, host: pr-hdds-2340-skh4f-3510823728, networkLocation: /default-rack, certSerialId: null} reports an CLOSED replica.
2019-10-21 18:40:31,427 [EventQueue-ContainerReportForContainerReportHandler] WARN  container.ContainerReportHandler (AbstractContainerReportHandler.java:updateContainerState(145)) - Container #1 is in OPEN state, but the datanode 1417b996-b29d-4b85-9617-279817c9415e{ip: 192.168.69.123, host: pr-hdds-2340-skh4f-3510823728, networkLocation: /default-rack, certSerialId: null} reports an CLOSED replica.
2019-10-21 18:40:31,438 [EventQueue-ContainerReportForContainerReportHandler] WARN  container.ContainerReportHandler (AbstractContainerReportHandler.java:updateContainerState(145)) - Container #1 is in OPEN state, but the datanode 0ae462f6-a5e4-462b-9a24-121d451bcbc9{ip: 192.168.69.123, host: pr-hdds-2340-skh4f-3510823728, networkLocation: /default-rack, certSerialId: null} reports an CLOSED replica.
2019-10-21 18:40:31,640 [EventQueue-ContainerReportForContainerReportHandler] WARN  container.ContainerReportHandler (AbstractContainerReportHandler.java:updateContainerState(145)) - Container #1 is in OPEN state, but the datanode 0ae462f6-a5e4-462b-9a24-121d451bcbc9{ip: 192.168.69.123, host: pr-hdds-2340-skh4f-3510823728, networkLocation: /default-rack, certSerialId: null} reports an CLOSED replica.
2019-10-21 18:40:31,729 [EventQueue-ContainerReportForContainerReportHandler] WARN  container.ContainerReportHandler (AbstractContainerReportHandler.java:updateContainerState(145)) - Container #1 is in OPEN state, but the datanode 1417b996-b29d-4b85-9617-279817c9415e{ip: 192.168.69.123, host: pr-hdds-2340-skh4f-3510823728, networkLocation: /default-rack, certSerialId: null} reports an CLOSED replica.
2019-10-21 18:40:31,940 [EventQueue-ContainerReportForContainerReportHandler] WARN  container.ContainerReportHandler (AbstractContainerReportHandler.java:updateContainerState(145)) - Container #1 is in OPEN state, but the datanode 0ae462f6-a5e4-462b-9a24-121d451bcbc9{ip: 192.168.69.123, host: pr-hdds-2340-skh4f-3510823728, networkLocation: /default-rack, certSerialId: null} reports an CLOSED replica.
2019-10-21 18:40:32,030 [EventQueue-ContainerReportForContainerReportHandler] WARN  container.ContainerReportHandler (AbstractContainerReportHandler.java:updateContainerState(145)) - Container #1 is in OPEN state, but the datanode 1417b996-b29d-4b85-9617-279817c9415e{ip: 192.168.69.123, host: pr-hdds-2340-skh4f-3510823728, networkLocation: /default-rack, certSerialId: null} reports an CLOSED replica.
2019-10-21 18:40:32,173 [BlockDeletingService#2] WARN  background.BlockDeletingService (BlockDeletingService.java:isDeletionAllowed(187)) - Close Container log Index 6 is not replicated across allthe servers in the pipeline 4cfe140f-d3a3-4309-ae7c-0a44c9741378 as the min replicated index is 4. Deletion is not allowed in this container yet.
2019-10-21 18:40:32,173 [BlockDeletingService#2] WARN  background.BlockDeletingService (BlockDeletingService.java:isDeletionAllowed(187)) - Close Container log Index 6 is not replicated across allthe servers in the pipeline 4cfe140f-d3a3-4309-ae7c-0a44c9741378 as the min replicated index is 4. Deletion is not allowed in this container yet.
2019-10-21 18:40:32,241 [EventQueue-ContainerReportForContainerReportHandler] WARN  container.ContainerReportHandler (AbstractContainerReportHandler.java:updateContainerState(145)) - Container #1 is in OPEN state, but the datanode 0ae462f6-a5e4-462b-9a24-121d451bcbc9{ip: 192.168.69.123, host: pr-hdds-2340-skh4f-3510823728, networkLocation: /default-rack, certSerialId: null} reports an CLOSED replica.
2019-10-21 18:40:32,430 [EventQueue-ContainerReportForContainerReportHandler] WARN  container.ContainerReportHandler (AbstractContainerReportHandler.java:updateContainerState(145)) - Container #1 is in OPEN state, but the datanode 1417b996-b29d-4b85-9617-279817c9415e{ip: 192.168.69.123, host: pr-hdds-2340-skh4f-3510823728, networkLocation: /default-rack, certSerialId: null} reports an CLOSED replica.
2019-10-21 18:40:32,541 [EventQueue-ContainerReportForContainerReportHandler] WARN  container.ContainerReportHandler (AbstractContainerReportHandler.java:updateContainerState(145)) - Container #1 is in OPEN state, but the datanode 0ae462f6-a5e4-462b-9a24-121d451bcbc9{ip: 192.168.69.123, host: pr-hdds-2340-skh4f-3510823728, networkLocation: /default-rack, certSerialId: null} reports an CLOSED replica.
2019-10-21 18:40:32,631 [EventQueue-ContainerReportForContainerReportHandler] WARN  container.ContainerReportHandler (AbstractContainerReportHandler.java:updateContainerState(145)) - Container #1 is in OPEN state, but the datanode 1417b996-b29d-4b85-9617-279817c9415e{ip: 192.168.69.123, host: pr-hdds-2340-skh4f-3510823728, networkLocation: /default-rack, certSerialId: null} reports an CLOSED replica.
2019-10-21 18:40:32,741 [EventQueue-ContainerReportForContainerReportHandler] WARN  container.ContainerReportHandler (AbstractContainerReportHandler.java:updateContainerState(145)) - Container #1 is in OPEN state, but the datanode 0ae462f6-a5e4-462b-9a24-121d451bcbc9{ip: 192.168.69.123, host: pr-hdds-2340-skh4f-3510823728, networkLocation: /default-rack, certSerialId: null} reports an CLOSED replica.
2019-10-21 18:40:32,931 [EventQueue-ContainerReportForContainerReportHandler] WARN  container.ContainerReportHandler (AbstractContainerReportHandler.java:updateContainerState(145)) - Container #1 is in OPEN state, but the datanode 1417b996-b29d-4b85-9617-279817c9415e{ip: 192.168.69.123, host: pr-hdds-2340-skh4f-3510823728, networkLocation: /default-rack, certSerialId: null} reports an CLOSED replica.
2019-10-21 18:40:33,130 [EventQueue-ContainerReportForContainerReportHandler] WARN  container.ContainerReportHandler (AbstractContainerReportHandler.java:updateContainerState(145)) - Container #1 is in OPEN state, but the datanode 1417b996-b29d-4b85-9617-279817c9415e{ip: 192.168.69.123, host: pr-hdds-2340-skh4f-3510823728, networkLocation: /default-rack, certSerialId: null} reports an CLOSED replica.
2019-10-21 18:40:33,141 [EventQueue-ContainerReportForContainerReportHandler] WARN  container.ContainerReportHandler (AbstractContainerReportHandler.java:updateContainerState(145)) - Container #1 is in OPEN state, but the datanode 0ae462f6-a5e4-462b-9a24-121d451bcbc9{ip: 192.168.69.123, host: pr-hdds-2340-skh4f-3510823728, networkLocation: /default-rack, certSerialId: null} reports an CLOSED replica.
2019-10-21 18:40:33,177 [BlockDeletingService#2] WARN  background.BlockDeletingService (BlockDeletingService.java:isDeletionAllowed(187)) - Close Container log Index 6 is not replicated across allthe servers in the pipeline 4cfe140f-d3a3-4309-ae7c-0a44c9741378 as the min replicated index is 4. Deletion is not allowed in this container yet.
2019-10-21 18:40:33,177 [BlockDeletingService#2] WARN  background.BlockDeletingService (BlockDeletingService.java:isDeletionAllowed(187)) - Close Container log Index 6 is not replicated across allthe servers in the pipeline 4cfe140f-d3a3-4309-ae7c-0a44c9741378 as the min replicated index is 4. Deletion is not allowed in this container yet.
2019-10-21 18:40:33,431 [EventQueue-ContainerReportForContainerReportHandler] WARN  container.ContainerReportHandler (AbstractContainerReportHandler.java:updateContainerState(145)) - Container #1 is in OPEN state, but the datanode 1417b996-b29d-4b85-9617-279817c9415e{ip: 192.168.69.123, host: pr-hdds-2340-skh4f-3510823728, networkLocation: /default-rack, certSerialId: null} reports an CLOSED replica.
2019-10-21 18:40:33,442 [EventQueue-ContainerReportForContainerReportHandler] WARN  container.ContainerReportHandler (AbstractContainerReportHandler.java:updateContainerState(145)) - Container #1 is in OPEN state, but the datanode 0ae462f6-a5e4-462b-9a24-121d451bcbc9{ip: 192.168.69.123, host: pr-hdds-2340-skh4f-3510823728, networkLocation: /default-rack, certSerialId: null} reports an CLOSED replica.
2019-10-21 18:40:33,631 [EventQueue-ContainerReportForContainerReportHandler] WARN  container.ContainerReportHandler (AbstractContainerReportHandler.java:updateContainerState(145)) - Container #1 is in OPEN state, but the datanode 1417b996-b29d-4b85-9617-279817c9415e{ip: 192.168.69.123, host: pr-hdds-2340-skh4f-3510823728, networkLocation: /default-rack, certSerialId: null} reports an CLOSED replica.
2019-10-21 18:40:33,648 [java.util.concurrent.ThreadPoolExecutor$Worker@32f303dc[State = -1, empty queue]] WARN  server.GrpcLogAppender (GrpcLogAppender.java:timeoutAppendRequest(209)) - 1417b996-b29d-4b85-9617-279817c9415e@group-0A44C9741378->52ea385b-513a-41c9-81e3-3ab71399b638-GrpcLogAppender: appendEntries Timeout, request=1417b996-b29d-4b85-9617-279817c9415e->52ea385b-513a-41c9-81e3-3ab71399b638#45-t1, previous=(t:1, i:10), leaderCommit=10, initializing? false, entries: <empty>
2019-10-21 18:40:33,742 [EventQueue-ContainerReportForContainerReportHandler] WARN  container.ContainerReportHandler (AbstractContainerReportHandler.java:updateContainerState(145)) - Container #1 is in OPEN state, but the datanode 0ae462f6-a5e4-462b-9a24-121d451bcbc9{ip: 192.168.69.123, host: pr-hdds-2340-skh4f-3510823728, networkLocation: /default-rack, certSerialId: null} reports an CLOSED replica.
2019-10-21 18:40:33,932 [EventQueue-ContainerReportForContainerReportHandler] WARN  container.ContainerReportHandler (AbstractContainerReportHandler.java:updateContainerState(145)) - Container #1 is in OPEN state, but the datanode 1417b996-b29d-4b85-9617-279817c9415e{ip: 192.168.69.123, host: pr-hdds-2340-skh4f-3510823728, networkLocation: /default-rack, certSerialId: null} reports an CLOSED replica.
2019-10-21 18:40:34,042 [EventQueue-ContainerReportForContainerReportHandler] WARN  container.ContainerReportHandler (AbstractContainerReportHandler.java:updateContainerState(145)) - Container #1 is in OPEN state, but the datanode 0ae462f6-a5e4-462b-9a24-121d451bcbc9{ip: 192.168.69.123, host: pr-hdds-2340-skh4f-3510823728, networkLocation: /default-rack, certSerialId: null} reports an CLOSED replica.
2019-10-21 18:40:34,132 [EventQueue-ContainerReportForContainerReportHandler] WARN  container.ContainerReportHandler (AbstractContainerReportHandler.java:updateContainerState(145)) - Container #1 is in OPEN state, but the datanode 1417b996-b29d-4b85-9617-279817c9415e{ip: 192.168.69.123, host: pr-hdds-2340-skh4f-3510823728, networkLocation: /default-rack, certSerialId: null} reports an CLOSED replica.
2019-10-21 18:40:34,180 [BlockDeletingService#2] WARN  background.BlockDeletingService (BlockDeletingService.java:isDeletionAllowed(187)) - Close Container log Index 6 is not replicated across allthe servers in the pipeline 4cfe140f-d3a3-4309-ae7c-0a44c9741378 as the min replicated index is 4. Deletion is not allowed in this container yet.
2019-10-21 18:40:34,180 [BlockDeletingService#2] WARN  background.BlockDeletingService (BlockDeletingService.java:isDeletionAllowed(187)) - Close Container log Index 6 is not replicated across allthe servers in the pipeline 4cfe140f-d3a3-4309-ae7c-0a44c9741378 as the min replicated index is 4. Deletion is not allowed in this container yet.
2019-10-21 18:40:34,343 [EventQueue-ContainerReportForContainerReportHandler] WARN  container.ContainerReportHandler (AbstractContainerReportHandler.java:updateContainerState(145)) - Container #1 is in OPEN state, but the datanode 0ae462f6-a5e4-462b-9a24-121d451bcbc9{ip: 192.168.69.123, host: pr-hdds-2340-skh4f-3510823728, networkLocation: /default-rack, certSerialId: null} reports an CLOSED replica.
2019-10-21 18:40:34,532 [EventQueue-ContainerReportForContainerReportHandler] WARN  container.ContainerReportHandler (AbstractContainerReportHandler.java:updateContainerState(145)) - Container #1 is in OPEN state, but the datanode 1417b996-b29d-4b85-9617-279817c9415e{ip: 192.168.69.123, host: pr-hdds-2340-skh4f-3510823728, networkLocation: /default-rack, certSerialId: null} reports an CLOSED replica.
2019-10-21 18:40:34,731 [EventQueue-ContainerReportForContainerReportHandler] WARN  container.ContainerReportHandler (AbstractContainerReportHandler.java:updateContainerState(145)) - Container #1 is in OPEN state, but the datanode 1417b996-b29d-4b85-9617-279817c9415e{ip: 192.168.69.123, host: pr-hdds-2340-skh4f-3510823728, networkLocation: /default-rack, certSerialId: null} reports an CLOSED replica.
2019-10-21 18:40:34,745 [EventQueue-ContainerReportForContainerReportHandler] WARN  container.ContainerReportHandler (AbstractContainerReportHandler.java:updateContainerState(145)) - Container #1 is in OPEN state, but the datanode 0ae462f6-a5e4-462b-9a24-121d451bcbc9{ip: 192.168.69.123, host: pr-hdds-2340-skh4f-3510823728, networkLocation: /default-rack, certSerialId: null} reports an CLOSED replica.
2019-10-21 18:40:34,825 [Thread-488] INFO  client.GrpcClientProtocolService (GrpcClientProtocolService.java:lambda$processClientRequest$0(279)) - Failed RaftClientRequest:client-78F0D1780252->0ae462f6-a5e4-462b-9a24-121d451bcbc9@group-0A44C9741378, cid=10, seq=0, Watch-ALL_COMMITTED(6), Message:<EMPTY>, reply=RaftClientReply:client-78F0D1780252->0ae462f6-a5e4-462b-9a24-121d451bcbc9@group-0A44C9741378, cid=10, FAILED org.apache.ratis.protocol.NotLeaderException: Server 0ae462f6-a5e4-462b-9a24-121d451bcbc9@group-0A44C9741378 is not the leader 1417b996-b29d-4b85-9617-279817c9415e:192.168.69.123:46747, logIndex=0, commits[0ae462f6-a5e4-462b-9a24-121d451bcbc9:c10, 1417b996-b29d-4b85-9617-279817c9415e:c10, 52ea385b-513a-41c9-81e3-3ab71399b638:c4]
2019-10-21 18:40:34,933 [EventQueue-ContainerReportForContainerReportHandler] WARN  container.ContainerReportHandler (AbstractContainerReportHandler.java:updateContainerState(145)) - Container #1 is in OPEN state, but the datanode 1417b996-b29d-4b85-9617-279817c9415e{ip: 192.168.69.123, host: pr-hdds-2340-skh4f-3510823728, networkLocation: /default-rack, certSerialId: null} reports an CLOSED replica.
2019-10-21 18:40:34,945 [EventQueue-ContainerReportForContainerReportHandler] WARN  container.ContainerReportHandler (AbstractContainerReportHandler.java:updateContainerState(145)) - Container #1 is in OPEN state, but the datanode 0ae462f6-a5e4-462b-9a24-121d451bcbc9{ip: 192.168.69.123, host: pr-hdds-2340-skh4f-3510823728, networkLocation: /default-rack, certSerialId: null} reports an CLOSED replica.
2019-10-21 18:40:35,181 [BlockDeletingService#2] WARN  background.BlockDeletingService (BlockDeletingService.java:isDeletionAllowed(187)) - Close Container log Index 6 is not replicated across allthe servers in the pipeline 4cfe140f-d3a3-4309-ae7c-0a44c9741378 as the min replicated index is 4. Deletion is not allowed in this container yet.
2019-10-21 18:40:35,182 [BlockDeletingService#2] WARN  background.BlockDeletingService (BlockDeletingService.java:isDeletionAllowed(187)) - Close Container log Index 6 is not replicated across allthe servers in the pipeline 4cfe140f-d3a3-4309-ae7c-0a44c9741378 as the min replicated index is 4. Deletion is not allowed in this container yet.
2019-10-21 18:40:35,233 [EventQueue-ContainerReportForContainerReportHandler] WARN  container.ContainerReportHandler (AbstractContainerReportHandler.java:updateContainerState(145)) - Container #1 is in OPEN state, but the datanode 1417b996-b29d-4b85-9617-279817c9415e{ip: 192.168.69.123, host: pr-hdds-2340-skh4f-3510823728, networkLocation: /default-rack, certSerialId: null} reports an CLOSED replica.
2019-10-21 18:40:35,245 [EventQueue-ContainerReportForContainerReportHandler] WARN  container.ContainerReportHandler (AbstractContainerReportHandler.java:updateContainerState(145)) - Container #1 is in OPEN state, but the datanode 0ae462f6-a5e4-462b-9a24-121d451bcbc9{ip: 192.168.69.123, host: pr-hdds-2340-skh4f-3510823728, networkLocation: /default-rack, certSerialId: null} reports an CLOSED replica.
2019-10-21 18:40:35,434 [EventQueue-ContainerReportForContainerReportHandler] WARN  container.ContainerReportHandler (AbstractContainerReportHandler.java:updateContainerState(145)) - Container #1 is in OPEN state, but the datanode 1417b996-b29d-4b85-9617-279817c9415e{ip: 192.168.69.123, host: pr-hdds-2340-skh4f-3510823728, networkLocation: /default-rack, certSerialId: null} reports an CLOSED replica.
2019-10-21 18:40:35,445 [EventQueue-ContainerReportForContainerReportHandler] WARN  container.ContainerReportHandler (AbstractContainerReportHandler.java:updateContainerState(145)) - Container #1 is in OPEN state, but the datanode 0ae462f6-a5e4-462b-9a24-121d451bcbc9{ip: 192.168.69.123, host: pr-hdds-2340-skh4f-3510823728, networkLocation: /default-rack, certSerialId: null} reports an CLOSED replica.
2019-10-21 18:40:35,634 [EventQueue-ContainerReportForContainerReportHandler] WARN  container.ContainerReportHandler (AbstractContainerReportHandler.java:updateContainerState(145)) - Container #1 is in OPEN state, but the datanode 1417b996-b29d-4b85-9617-279817c9415e{ip: 192.168.69.123, host: pr-hdds-2340-skh4f-3510823728, networkLocation: /default-rack, certSerialId: null} reports an CLOSED replica.
2019-10-21 18:40:35,746 [EventQueue-ContainerReportForContainerReportHandler] WARN  container.ContainerReportHandler (AbstractContainerReportHandler.java:updateContainerState(145)) - Container #1 is in OPEN state, but the datanode 0ae462f6-a5e4-462b-9a24-121d451bcbc9{ip: 192.168.69.123, host: pr-hdds-2340-skh4f-3510823728, networkLocation: /default-rack, certSerialId: null} reports an CLOSED replica.
2019-10-21 18:40:35,884 [Thread-494] INFO  client.GrpcClientProtocolService (GrpcClientProtocolService.java:lambda$processClientRequest$0(279)) - Failed RaftClientRequest:client-78F0D1780252->1417b996-b29d-4b85-9617-279817c9415e@group-0A44C9741378, cid=10, seq=0, Watch-ALL_COMMITTED(6), Message:<EMPTY>, reply=RaftClientReply:client-78F0D1780252->1417b996-b29d-4b85-9617-279817c9415e@group-0A44C9741378, cid=10, FAILED org.apache.ratis.protocol.NotReplicatedException: Request with call Id 10 and log index 6 is not yet replicated to ALL_COMMITTED, logIndex=6, commits[1417b996-b29d-4b85-9617-279817c9415e:c10, 0ae462f6-a5e4-462b-9a24-121d451bcbc9:c10, 52ea385b-513a-41c9-81e3-3ab71399b638:c4]
2019-10-21 18:40:35,946 [EventQueue-ContainerReportForContainerReportHandler] WARN  container.ContainerReportHandler (AbstractContainerReportHandler.java:updateContainerState(145)) - Container #1 is in OPEN state, but the datanode 0ae462f6-a5e4-462b-9a24-121d451bcbc9{ip: 192.168.69.123, host: pr-hdds-2340-skh4f-3510823728, networkLocation: /default-rack, certSerialId: null} reports an CLOSED replica.
2019-10-21 18:40:36,037 [EventQueue-ContainerReportForContainerReportHandler] WARN  container.ContainerReportHandler (AbstractContainerReportHandler.java:updateContainerState(145)) - Container #1 is in OPEN state, but the datanode 1417b996-b29d-4b85-9617-279817c9415e{ip: 192.168.69.123, host: pr-hdds-2340-skh4f-3510823728, networkLocation: /default-rack, certSerialId: null} reports an CLOSED replica.
2019-10-21 18:40:36,146 [EventQueue-ContainerReportForContainerReportHandler] WARN  container.ContainerReportHandler (AbstractContainerReportHandler.java:updateContainerState(145)) - Container #1 is in OPEN state, but the datanode 0ae462f6-a5e4-462b-9a24-121d451bcbc9{ip: 192.168.69.123, host: pr-hdds-2340-skh4f-3510823728, networkLocation: /default-rack, certSerialId: null} reports an CLOSED replica.
2019-10-21 18:40:36,152 [java.util.concurrent.ThreadPoolExecutor$Worker@32f303dc[State = -1, empty queue]] WARN  server.GrpcLogAppender (GrpcLogAppender.java:timeoutAppendRequest(209)) - 1417b996-b29d-4b85-9617-279817c9415e@group-0A44C9741378->52ea385b-513a-41c9-81e3-3ab71399b638-GrpcLogAppender: appendEntries Timeout, request=1417b996-b29d-4b85-9617-279817c9415e->52ea385b-513a-41c9-81e3-3ab71399b638#46-t1, previous=(t:1, i:10), leaderCommit=10, initializing? false, entries: <empty>
2019-10-21 18:40:36,185 [BlockDeletingService#2] WARN  background.BlockDeletingService (BlockDeletingService.java:isDeletionAllowed(187)) - Close Container log Index 6 is not replicated across allthe servers in the pipeline 4cfe140f-d3a3-4309-ae7c-0a44c9741378 as the min replicated index is 4. Deletion is not allowed in this container yet.
2019-10-21 18:40:36,185 [BlockDeletingService#2] WARN  background.BlockDeletingService (BlockDeletingService.java:isDeletionAllowed(187)) - Close Container log Index 6 is not replicated across allthe servers in the pipeline 4cfe140f-d3a3-4309-ae7c-0a44c9741378 as the min replicated index is 4. Deletion is not allowed in this container yet.
2019-10-21 18:40:36,435 [EventQueue-ContainerReportForContainerReportHandler] WARN  container.ContainerReportHandler (AbstractContainerReportHandler.java:updateContainerState(145)) - Container #1 is in OPEN state, but the datanode 1417b996-b29d-4b85-9617-279817c9415e{ip: 192.168.69.123, host: pr-hdds-2340-skh4f-3510823728, networkLocation: /default-rack, certSerialId: null} reports an CLOSED replica.
2019-10-21 18:40:36,546 [EventQueue-ContainerReportForContainerReportHandler] WARN  container.ContainerReportHandler (AbstractContainerReportHandler.java:updateContainerState(145)) - Container #1 is in OPEN state, but the datanode 0ae462f6-a5e4-462b-9a24-121d451bcbc9{ip: 192.168.69.123, host: pr-hdds-2340-skh4f-3510823728, networkLocation: /default-rack, certSerialId: null} reports an CLOSED replica.
2019-10-21 18:40:36,736 [EventQueue-ContainerReportForContainerReportHandler] WARN  container.ContainerReportHandler (AbstractContainerReportHandler.java:updateContainerState(145)) - Container #1 is in OPEN state, but the datanode 1417b996-b29d-4b85-9617-279817c9415e{ip: 192.168.69.123, host: pr-hdds-2340-skh4f-3510823728, networkLocation: /default-rack, certSerialId: null} reports an CLOSED replica.
2019-10-21 18:40:36,847 [EventQueue-ContainerReportForContainerReportHandler] WARN  container.ContainerReportHandler (AbstractContainerReportHandler.java:updateContainerState(145)) - Container #1 is in OPEN state, but the datanode 0ae462f6-a5e4-462b-9a24-121d451bcbc9{ip: 192.168.69.123, host: pr-hdds-2340-skh4f-3510823728, networkLocation: /default-rack, certSerialId: null} reports an CLOSED replica.
2019-10-21 18:40:37,036 [EventQueue-ContainerReportForContainerReportHandler] WARN  container.ContainerReportHandler (AbstractContainerReportHandler.java:updateContainerState(145)) - Container #1 is in OPEN state, but the datanode 1417b996-b29d-4b85-9617-279817c9415e{ip: 192.168.69.123, host: pr-hdds-2340-skh4f-3510823728, networkLocation: /default-rack, certSerialId: null} reports an CLOSED replica.
2019-10-21 18:40:37,047 [EventQueue-ContainerReportForContainerReportHandler] WARN  container.ContainerReportHandler (AbstractContainerReportHandler.java:updateContainerState(145)) - Container #1 is in OPEN state, but the datanode 0ae462f6-a5e4-462b-9a24-121d451bcbc9{ip: 192.168.69.123, host: pr-hdds-2340-skh4f-3510823728, networkLocation: /default-rack, certSerialId: null} reports an CLOSED replica.
2019-10-21 18:40:37,187 [BlockDeletingService#2] WARN  background.BlockDeletingService (BlockDeletingService.java:isDeletionAllowed(187)) - Close Container log Index 6 is not replicated across allthe servers in the pipeline 4cfe140f-d3a3-4309-ae7c-0a44c9741378 as the min replicated index is 4. Deletion is not allowed in this container yet.
2019-10-21 18:40:37,187 [BlockDeletingService#2] WARN  background.BlockDeletingService (BlockDeletingService.java:isDeletionAllowed(187)) - Close Container log Index 6 is not replicated across allthe servers in the pipeline 4cfe140f-d3a3-4309-ae7c-0a44c9741378 as the min replicated index is 4. Deletion is not allowed in this container yet.
2019-10-21 18:40:37,236 [EventQueue-ContainerReportForContainerReportHandler] WARN  container.ContainerReportHandler (AbstractContainerReportHandler.java:updateContainerState(145)) - Container #1 is in OPEN state, but the datanode 1417b996-b29d-4b85-9617-279817c9415e{ip: 192.168.69.123, host: pr-hdds-2340-skh4f-3510823728, networkLocation: /default-rack, certSerialId: null} reports an CLOSED replica.
2019-10-21 18:40:37,448 [EventQueue-ContainerReportForContainerReportHandler] WARN  container.ContainerReportHandler (AbstractContainerReportHandler.java:updateContainerState(145)) - Container #1 is in OPEN state, but the datanode 0ae462f6-a5e4-462b-9a24-121d451bcbc9{ip: 192.168.69.123, host: pr-hdds-2340-skh4f-3510823728, networkLocation: /default-rack, certSerialId: null} reports an CLOSED replica.
2019-10-21 18:40:37,639 [EventQueue-ContainerReportForContainerReportHandler] WARN  container.ContainerReportHandler (AbstractContainerReportHandler.java:updateContainerState(145)) - Container #1 is in OPEN state, but the datanode 1417b996-b29d-4b85-9617-279817c9415e{ip: 192.168.69.123, host: pr-hdds-2340-skh4f-3510823728, networkLocation: /default-rack, certSerialId: null} reports an CLOSED replica.
2019-10-21 18:40:37,748 [EventQueue-ContainerReportForContainerReportHandler] WARN  container.ContainerReportHandler (AbstractContainerReportHandler.java:updateContainerState(145)) - Container #1 is in OPEN state, but the datanode 0ae462f6-a5e4-462b-9a24-121d451bcbc9{ip: 192.168.69.123, host: pr-hdds-2340-skh4f-3510823728, networkLocation: /default-rack, certSerialId: null} reports an CLOSED replica.
2019-10-21 18:40:37,940 [EventQueue-ContainerReportForContainerReportHandler] WARN  container.ContainerReportHandler (AbstractContainerReportHandler.java:updateContainerState(145)) - Container #1 is in OPEN state, but the datanode 1417b996-b29d-4b85-9617-279817c9415e{ip: 192.168.69.123, host: pr-hdds-2340-skh4f-3510823728, networkLocation: /default-rack, certSerialId: null} reports an CLOSED replica.
2019-10-21 18:40:38,048 [EventQueue-ContainerReportForContainerReportHandler] WARN  container.ContainerReportHandler (AbstractContainerReportHandler.java:updateContainerState(145)) - Container #1 is in OPEN state, but the datanode 0ae462f6-a5e4-462b-9a24-121d451bcbc9{ip: 192.168.69.123, host: pr-hdds-2340-skh4f-3510823728, networkLocation: /default-rack, certSerialId: null} reports an CLOSED replica.
2019-10-21 18:40:38,189 [BlockDeletingService#2] WARN  background.BlockDeletingService (BlockDeletingService.java:isDeletionAllowed(187)) - Close Container log Index 6 is not replicated across allthe servers in the pipeline 4cfe140f-d3a3-4309-ae7c-0a44c9741378 as the min replicated index is 4. Deletion is not allowed in this container yet.
2019-10-21 18:40:38,189 [BlockDeletingService#2] WARN  background.BlockDeletingService (BlockDeletingService.java:isDeletionAllowed(187)) - Close Container log Index 6 is not replicated across allthe servers in the pipeline 4cfe140f-d3a3-4309-ae7c-0a44c9741378 as the min replicated index is 4. Deletion is not allowed in this container yet.
2019-10-21 18:40:38,240 [EventQueue-ContainerReportForContainerReportHandler] WARN  container.ContainerReportHandler (AbstractContainerReportHandler.java:updateContainerState(145)) - Container #1 is in OPEN state, but the datanode 1417b996-b29d-4b85-9617-279817c9415e{ip: 192.168.69.123, host: pr-hdds-2340-skh4f-3510823728, networkLocation: /default-rack, certSerialId: null} reports an CLOSED replica.
2019-10-21 18:40:38,348 [EventQueue-ContainerReportForContainerReportHandler] WARN  container.ContainerReportHandler (AbstractContainerReportHandler.java:updateContainerState(145)) - Container #1 is in OPEN state, but the datanode 0ae462f6-a5e4-462b-9a24-121d451bcbc9{ip: 192.168.69.123, host: pr-hdds-2340-skh4f-3510823728, networkLocation: /default-rack, certSerialId: null} reports an CLOSED replica.
2019-10-21 18:40:38,640 [EventQueue-ContainerReportForContainerReportHandler] WARN  container.ContainerReportHandler (AbstractContainerReportHandler.java:updateContainerState(145)) - Container #1 is in OPEN state, but the datanode 1417b996-b29d-4b85-9617-279817c9415e{ip: 192.168.69.123, host: pr-hdds-2340-skh4f-3510823728, networkLocation: /default-rack, certSerialId: null} reports an CLOSED replica.
2019-10-21 18:40:38,648 [EventQueue-ContainerReportForContainerReportHandler] WARN  container.ContainerReportHandler (AbstractContainerReportHandler.java:updateContainerState(145)) - Container #1 is in OPEN state, but the datanode 0ae462f6-a5e4-462b-9a24-121d451bcbc9{ip: 192.168.69.123, host: pr-hdds-2340-skh4f-3510823728, networkLocation: /default-rack, certSerialId: null} reports an CLOSED replica.
2019-10-21 18:40:38,654 [java.util.concurrent.ThreadPoolExecutor$Worker@32f303dc[State = -1, empty queue]] WARN  server.GrpcLogAppender (GrpcLogAppender.java:timeoutAppendRequest(209)) - 1417b996-b29d-4b85-9617-279817c9415e@group-0A44C9741378->52ea385b-513a-41c9-81e3-3ab71399b638-GrpcLogAppender: appendEntries Timeout, request=1417b996-b29d-4b85-9617-279817c9415e->52ea385b-513a-41c9-81e3-3ab71399b638#47-t1, previous=(t:1, i:10), leaderCommit=10, initializing? false, entries: <empty>
2019-10-21 18:40:38,941 [EventQueue-ContainerReportForContainerReportHandler] WARN  container.ContainerReportHandler (AbstractContainerReportHandler.java:updateContainerState(145)) - Container #1 is in OPEN state, but the datanode 1417b996-b29d-4b85-9617-279817c9415e{ip: 192.168.69.123, host: pr-hdds-2340-skh4f-3510823728, networkLocation: /default-rack, certSerialId: null} reports an CLOSED replica.
2019-10-21 18:40:38,951 [EventQueue-ContainerReportForContainerReportHandler] WARN  container.ContainerReportHandler (AbstractContainerReportHandler.java:updateContainerState(145)) - Container #1 is in OPEN state, but the datanode 0ae462f6-a5e4-462b-9a24-121d451bcbc9{ip: 192.168.69.123, host: pr-hdds-2340-skh4f-3510823728, networkLocation: /default-rack, certSerialId: null} reports an CLOSED replica.
2019-10-21 18:40:39,193 [BlockDeletingService#2] WARN  background.BlockDeletingService (BlockDeletingService.java:isDeletionAllowed(187)) - Close Container log Index 6 is not replicated across allthe servers in the pipeline 4cfe140f-d3a3-4309-ae7c-0a44c9741378 as the min replicated index is 4. Deletion is not allowed in this container yet.
2019-10-21 18:40:39,193 [BlockDeletingService#2] WARN  background.BlockDeletingService (BlockDeletingService.java:isDeletionAllowed(187)) - Close Container log Index 6 is not replicated across allthe servers in the pipeline 4cfe140f-d3a3-4309-ae7c-0a44c9741378 as the min replicated index is 4. Deletion is not allowed in this container yet.
2019-10-21 18:40:39,241 [EventQueue-ContainerReportForContainerReportHandler] WARN  container.ContainerReportHandler (AbstractContainerReportHandler.java:updateContainerState(145)) - Container #1 is in OPEN state, but the datanode 1417b996-b29d-4b85-9617-279817c9415e{ip: 192.168.69.123, host: pr-hdds-2340-skh4f-3510823728, networkLocation: /default-rack, certSerialId: null} reports an CLOSED replica.
2019-10-21 18:40:39,251 [EventQueue-ContainerReportForContainerReportHandler] WARN  container.ContainerReportHandler (AbstractContainerReportHandler.java:updateContainerState(145)) - Container #1 is in OPEN state, but the datanode 0ae462f6-a5e4-462b-9a24-121d451bcbc9{ip: 192.168.69.123, host: pr-hdds-2340-skh4f-3510823728, networkLocation: /default-rack, certSerialId: null} reports an CLOSED replica.
2019-10-21 18:40:39,440 [EventQueue-ContainerReportForContainerReportHandler] WARN  container.ContainerReportHandler (AbstractContainerReportHandler.java:updateContainerState(145)) - Container #1 is in OPEN state, but the datanode 1417b996-b29d-4b85-9617-279817c9415e{ip: 192.168.69.123, host: pr-hdds-2340-skh4f-3510823728, networkLocation: /default-rack, certSerialId: null} reports an CLOSED replica.
2019-10-21 18:40:39,551 [EventQueue-ContainerReportForContainerReportHandler] WARN  container.ContainerReportHandler (AbstractContainerReportHandler.java:updateContainerState(145)) - Container #1 is in OPEN state, but the datanode 0ae462f6-a5e4-462b-9a24-121d451bcbc9{ip: 192.168.69.123, host: pr-hdds-2340-skh4f-3510823728, networkLocation: /default-rack, certSerialId: null} reports an CLOSED replica.
2019-10-21 18:40:39,741 [EventQueue-ContainerReportForContainerReportHandler] WARN  container.ContainerReportHandler (AbstractContainerReportHandler.java:updateContainerState(145)) - Container #1 is in OPEN state, but the datanode 1417b996-b29d-4b85-9617-279817c9415e{ip: 192.168.69.123, host: pr-hdds-2340-skh4f-3510823728, networkLocation: /default-rack, certSerialId: null} reports an CLOSED replica.
2019-10-21 18:40:39,853 [EventQueue-ContainerReportForContainerReportHandler] WARN  container.ContainerReportHandler (AbstractContainerReportHandler.java:updateContainerState(145)) - Container #1 is in OPEN state, but the datanode 0ae462f6-a5e4-462b-9a24-121d451bcbc9{ip: 192.168.69.123, host: pr-hdds-2340-skh4f-3510823728, networkLocation: /default-rack, certSerialId: null} reports an CLOSED replica.
2019-10-21 18:40:39,941 [EventQueue-ContainerReportForContainerReportHandler] WARN  container.ContainerReportHandler (AbstractContainerReportHandler.java:updateContainerState(145)) - Container #1 is in OPEN state, but the datanode 1417b996-b29d-4b85-9617-279817c9415e{ip: 192.168.69.123, host: pr-hdds-2340-skh4f-3510823728, networkLocation: /default-rack, certSerialId: null} reports an CLOSED replica.
2019-10-21 18:40:40,141 [EventQueue-ContainerReportForContainerReportHandler] WARN  container.ContainerReportHandler (AbstractContainerReportHandler.java:updateContainerState(145)) - Container #1 is in OPEN state, but the datanode 1417b996-b29d-4b85-9617-279817c9415e{ip: 192.168.69.123, host: pr-hdds-2340-skh4f-3510823728, networkLocation: /default-rack, certSerialId: null} reports an CLOSED replica.
2019-10-21 18:40:40,153 [EventQueue-ContainerReportForContainerReportHandler] WARN  container.ContainerReportHandler (AbstractContainerReportHandler.java:updateContainerState(145)) - Container #1 is in OPEN state, but the datanode 0ae462f6-a5e4-462b-9a24-121d451bcbc9{ip: 192.168.69.123, host: pr-hdds-2340-skh4f-3510823728, networkLocation: /default-rack, certSerialId: null} reports an CLOSED replica.
2019-10-21 18:40:40,196 [BlockDeletingService#2] WARN  background.BlockDeletingService (BlockDeletingService.java:isDeletionAllowed(187)) - Close Container log Index 6 is not replicated across allthe servers in the pipeline 4cfe140f-d3a3-4309-ae7c-0a44c9741378 as the min replicated index is 4. Deletion is not allowed in this container yet.
2019-10-21 18:40:40,196 [BlockDeletingService#2] WARN  background.BlockDeletingService (BlockDeletingService.java:isDeletionAllowed(187)) - Close Container log Index 6 is not replicated across allthe servers in the pipeline 4cfe140f-d3a3-4309-ae7c-0a44c9741378 as the min replicated index is 4. Deletion is not allowed in this container yet.
2019-10-21 18:40:40,442 [EventQueue-ContainerReportForContainerReportHandler] WARN  container.ContainerReportHandler (AbstractContainerReportHandler.java:updateContainerState(145)) - Container #1 is in OPEN state, but the datanode 1417b996-b29d-4b85-9617-279817c9415e{ip: 192.168.69.123, host: pr-hdds-2340-skh4f-3510823728, networkLocation: /default-rack, certSerialId: null} reports an CLOSED replica.
2019-10-21 18:40:40,454 [EventQueue-ContainerReportForContainerReportHandler] WARN  container.ContainerReportHandler (AbstractContainerReportHandler.java:updateContainerState(145)) - Container #1 is in OPEN state, but the datanode 0ae462f6-a5e4-462b-9a24-121d451bcbc9{ip: 192.168.69.123, host: pr-hdds-2340-skh4f-3510823728, networkLocation: /default-rack, certSerialId: null} reports an CLOSED replica.
2019-10-21 18:40:40,655 [EventQueue-ContainerReportForContainerReportHandler] WARN  container.ContainerReportHandler (AbstractContainerReportHandler.java:updateContainerState(145)) - Container #1 is in OPEN state, but the datanode 0ae462f6-a5e4-462b-9a24-121d451bcbc9{ip: 192.168.69.123, host: pr-hdds-2340-skh4f-3510823728, networkLocation: /default-rack, certSerialId: null} reports an CLOSED replica.
2019-10-21 18:40:40,743 [EventQueue-ContainerReportForContainerReportHandler] WARN  container.ContainerReportHandler (AbstractContainerReportHandler.java:updateContainerState(145)) - Container #1 is in OPEN state, but the datanode 1417b996-b29d-4b85-9617-279817c9415e{ip: 192.168.69.123, host: pr-hdds-2340-skh4f-3510823728, networkLocation: /default-rack, certSerialId: null} reports an CLOSED replica.
2019-10-21 18:40:41,042 [EventQueue-ContainerReportForContainerReportHandler] WARN  container.ContainerReportHandler (AbstractContainerReportHandler.java:updateContainerState(145)) - Container #1 is in OPEN state, but the datanode 1417b996-b29d-4b85-9617-279817c9415e{ip: 192.168.69.123, host: pr-hdds-2340-skh4f-3510823728, networkLocation: /default-rack, certSerialId: null} reports an CLOSED replica.
2019-10-21 18:40:41,054 [EventQueue-ContainerReportForContainerReportHandler] WARN  container.ContainerReportHandler (AbstractContainerReportHandler.java:updateContainerState(145)) - Container #1 is in OPEN state, but the datanode 0ae462f6-a5e4-462b-9a24-121d451bcbc9{ip: 192.168.69.123, host: pr-hdds-2340-skh4f-3510823728, networkLocation: /default-rack, certSerialId: null} reports an CLOSED replica.
2019-10-21 18:40:41,155 [java.util.concurrent.ThreadPoolExecutor$Worker@32f303dc[State = -1, empty queue]] WARN  server.GrpcLogAppender (GrpcLogAppender.java:timeoutAppendRequest(209)) - 1417b996-b29d-4b85-9617-279817c9415e@group-0A44C9741378->52ea385b-513a-41c9-81e3-3ab71399b638-GrpcLogAppender: appendEntries Timeout, request=1417b996-b29d-4b85-9617-279817c9415e->52ea385b-513a-41c9-81e3-3ab71399b638#48-t1, previous=(t:1, i:10), leaderCommit=10, initializing? false, entries: <empty>
2019-10-21 18:40:41,199 [BlockDeletingService#2] WARN  background.BlockDeletingService (BlockDeletingService.java:isDeletionAllowed(187)) - Close Container log Index 6 is not replicated across allthe servers in the pipeline 4cfe140f-d3a3-4309-ae7c-0a44c9741378 as the min replicated index is 4. Deletion is not allowed in this container yet.
2019-10-21 18:40:41,199 [BlockDeletingService#2] WARN  background.BlockDeletingService (BlockDeletingService.java:isDeletionAllowed(187)) - Close Container log Index 6 is not replicated across allthe servers in the pipeline 4cfe140f-d3a3-4309-ae7c-0a44c9741378 as the min replicated index is 4. Deletion is not allowed in this container yet.
2019-10-21 18:40:41,443 [EventQueue-ContainerReportForContainerReportHandler] WARN  container.ContainerReportHandler (AbstractContainerReportHandler.java:updateContainerState(145)) - Container #1 is in OPEN state, but the datanode 1417b996-b29d-4b85-9617-279817c9415e{ip: 192.168.69.123, host: pr-hdds-2340-skh4f-3510823728, networkLocation: /default-rack, certSerialId: null} reports an CLOSED replica.
2019-10-21 18:40:41,454 [EventQueue-ContainerReportForContainerReportHandler] WARN  container.ContainerReportHandler (AbstractContainerReportHandler.java:updateContainerState(145)) - Container #1 is in OPEN state, but the datanode 0ae462f6-a5e4-462b-9a24-121d451bcbc9{ip: 192.168.69.123, host: pr-hdds-2340-skh4f-3510823728, networkLocation: /default-rack, certSerialId: null} reports an CLOSED replica.
2019-10-21 18:40:41,743 [EventQueue-ContainerReportForContainerReportHandler] WARN  container.ContainerReportHandler (AbstractContainerReportHandler.java:updateContainerState(145)) - Container #1 is in OPEN state, but the datanode 1417b996-b29d-4b85-9617-279817c9415e{ip: 192.168.69.123, host: pr-hdds-2340-skh4f-3510823728, networkLocation: /default-rack, certSerialId: null} reports an CLOSED replica.
2019-10-21 18:40:41,754 [EventQueue-ContainerReportForContainerReportHandler] WARN  container.ContainerReportHandler (AbstractContainerReportHandler.java:updateContainerState(145)) - Container #1 is in OPEN state, but the datanode 0ae462f6-a5e4-462b-9a24-121d451bcbc9{ip: 192.168.69.123, host: pr-hdds-2340-skh4f-3510823728, networkLocation: /default-rack, certSerialId: null} reports an CLOSED replica.
2019-10-21 18:40:42,043 [EventQueue-ContainerReportForContainerReportHandler] WARN  container.ContainerReportHandler (AbstractContainerReportHandler.java:updateContainerState(145)) - Container #1 is in OPEN state, but the datanode 1417b996-b29d-4b85-9617-279817c9415e{ip: 192.168.69.123, host: pr-hdds-2340-skh4f-3510823728, networkLocation: /default-rack, certSerialId: null} reports an CLOSED replica.
2019-10-21 18:40:42,054 [EventQueue-ContainerReportForContainerReportHandler] WARN  container.ContainerReportHandler (AbstractContainerReportHandler.java:updateContainerState(145)) - Container #1 is in OPEN state, but the datanode 0ae462f6-a5e4-462b-9a24-121d451bcbc9{ip: 192.168.69.123, host: pr-hdds-2340-skh4f-3510823728, networkLocation: /default-rack, certSerialId: null} reports an CLOSED replica.
2019-10-21 18:40:42,202 [BlockDeletingService#2] WARN  background.BlockDeletingService (BlockDeletingService.java:isDeletionAllowed(187)) - Close Container log Index 6 is not replicated across allthe servers in the pipeline 4cfe140f-d3a3-4309-ae7c-0a44c9741378 as the min replicated index is 4. Deletion is not allowed in this container yet.
2019-10-21 18:40:42,202 [BlockDeletingService#2] WARN  background.BlockDeletingService (BlockDeletingService.java:isDeletionAllowed(187)) - Close Container log Index 6 is not replicated across allthe servers in the pipeline 4cfe140f-d3a3-4309-ae7c-0a44c9741378 as the min replicated index is 4. Deletion is not allowed in this container yet.
2019-10-21 18:40:42,344 [EventQueue-ContainerReportForContainerReportHandler] WARN  container.ContainerReportHandler (AbstractContainerReportHandler.java:updateContainerState(145)) - Container #1 is in OPEN state, but the datanode 1417b996-b29d-4b85-9617-279817c9415e{ip: 192.168.69.123, host: pr-hdds-2340-skh4f-3510823728, networkLocation: /default-rack, certSerialId: null} reports an CLOSED replica.
2019-10-21 18:40:42,454 [EventQueue-ContainerReportForContainerReportHandler] WARN  container.ContainerReportHandler (AbstractContainerReportHandler.java:updateContainerState(145)) - Container #1 is in OPEN state, but the datanode 0ae462f6-a5e4-462b-9a24-121d451bcbc9{ip: 192.168.69.123, host: pr-hdds-2340-skh4f-3510823728, networkLocation: /default-rack, certSerialId: null} reports an CLOSED replica.
2019-10-21 18:40:42,544 [EventQueue-ContainerReportForContainerReportHandler] WARN  container.ContainerReportHandler (AbstractContainerReportHandler.java:updateContainerState(145)) - Container #1 is in OPEN state, but the datanode 1417b996-b29d-4b85-9617-279817c9415e{ip: 192.168.69.123, host: pr-hdds-2340-skh4f-3510823728, networkLocation: /default-rack, certSerialId: null} reports an CLOSED replica.
2019-10-21 18:40:42,755 [EventQueue-ContainerReportForContainerReportHandler] WARN  container.ContainerReportHandler (AbstractContainerReportHandler.java:updateContainerState(145)) - Container #1 is in OPEN state, but the datanode 0ae462f6-a5e4-462b-9a24-121d451bcbc9{ip: 192.168.69.123, host: pr-hdds-2340-skh4f-3510823728, networkLocation: /default-rack, certSerialId: null} reports an CLOSED replica.
2019-10-21 18:40:42,845 [EventQueue-ContainerReportForContainerReportHandler] WARN  container.ContainerReportHandler (AbstractContainerReportHandler.java:updateContainerState(145)) - Container #1 is in OPEN state, but the datanode 1417b996-b29d-4b85-9617-279817c9415e{ip: 192.168.69.123, host: pr-hdds-2340-skh4f-3510823728, networkLocation: /default-rack, certSerialId: null} reports an CLOSED replica.
2019-10-21 18:40:43,056 [EventQueue-ContainerReportForContainerReportHandler] WARN  container.ContainerReportHandler (AbstractContainerReportHandler.java:updateContainerState(145)) - Container #1 is in OPEN state, but the datanode 0ae462f6-a5e4-462b-9a24-121d451bcbc9{ip: 192.168.69.123, host: pr-hdds-2340-skh4f-3510823728, networkLocation: /default-rack, certSerialId: null} reports an CLOSED replica.
2019-10-21 18:40:43,206 [BlockDeletingService#2] WARN  background.BlockDeletingService (BlockDeletingService.java:isDeletionAllowed(187)) - Close Container log Index 6 is not replicated across allthe servers in the pipeline 4cfe140f-d3a3-4309-ae7c-0a44c9741378 as the min replicated index is 4. Deletion is not allowed in this container yet.
2019-10-21 18:40:43,206 [BlockDeletingService#2] WARN  background.BlockDeletingService (BlockDeletingService.java:isDeletionAllowed(187)) - Close Container log Index 6 is not replicated across allthe servers in the pipeline 4cfe140f-d3a3-4309-ae7c-0a44c9741378 as the min replicated index is 4. Deletion is not allowed in this container yet.
2019-10-21 18:40:43,246 [EventQueue-ContainerReportForContainerReportHandler] WARN  container.ContainerReportHandler (AbstractContainerReportHandler.java:updateContainerState(145)) - Container #1 is in OPEN state, but the datanode 1417b996-b29d-4b85-9617-279817c9415e{ip: 192.168.69.123, host: pr-hdds-2340-skh4f-3510823728, networkLocation: /default-rack, certSerialId: null} reports an CLOSED replica.
2019-10-21 18:40:43,356 [EventQueue-ContainerReportForContainerReportHandler] WARN  container.ContainerReportHandler (AbstractContainerReportHandler.java:updateContainerState(145)) - Container #1 is in OPEN state, but the datanode 0ae462f6-a5e4-462b-9a24-121d451bcbc9{ip: 192.168.69.123, host: pr-hdds-2340-skh4f-3510823728, networkLocation: /default-rack, certSerialId: null} reports an CLOSED replica.
2019-10-21 18:40:43,556 [EventQueue-ContainerReportForContainerReportHandler] WARN  container.ContainerReportHandler (AbstractContainerReportHandler.java:updateContainerState(145)) - Container #1 is in OPEN state, but the datanode 0ae462f6-a5e4-462b-9a24-121d451bcbc9{ip: 192.168.69.123, host: pr-hdds-2340-skh4f-3510823728, networkLocation: /default-rack, certSerialId: null} reports an CLOSED replica.
2019-10-21 18:40:43,647 [EventQueue-ContainerReportForContainerReportHandler] WARN  container.ContainerReportHandler (AbstractContainerReportHandler.java:updateContainerState(145)) - Container #1 is in OPEN state, but the datanode 1417b996-b29d-4b85-9617-279817c9415e{ip: 192.168.69.123, host: pr-hdds-2340-skh4f-3510823728, networkLocation: /default-rack, certSerialId: null} reports an CLOSED replica.
2019-10-21 18:40:43,657 [java.util.concurrent.ThreadPoolExecutor$Worker@32f303dc[State = -1, empty queue]] WARN  server.GrpcLogAppender (GrpcLogAppender.java:timeoutAppendRequest(209)) - 1417b996-b29d-4b85-9617-279817c9415e@group-0A44C9741378->52ea385b-513a-41c9-81e3-3ab71399b638-GrpcLogAppender: appendEntries Timeout, request=1417b996-b29d-4b85-9617-279817c9415e->52ea385b-513a-41c9-81e3-3ab71399b638#49-t1, previous=(t:1, i:10), leaderCommit=10, initializing? false, entries: <empty>
2019-10-21 18:40:43,856 [EventQueue-ContainerReportForContainerReportHandler] WARN  container.ContainerReportHandler (AbstractContainerReportHandler.java:updateContainerState(145)) - Container #1 is in OPEN state, but the datanode 0ae462f6-a5e4-462b-9a24-121d451bcbc9{ip: 192.168.69.123, host: pr-hdds-2340-skh4f-3510823728, networkLocation: /default-rack, certSerialId: null} reports an CLOSED replica.
2019-10-21 18:40:43,861 [Thread-516] INFO  client.GrpcClientProtocolService (GrpcClientProtocolService.java:lambda$processClientRequest$0(279)) - Failed RaftClientRequest:client-78F0D1780252->0ae462f6-a5e4-462b-9a24-121d451bcbc9@group-0A44C9741378, cid=10, seq=0, Watch-ALL_COMMITTED(6), Message:<EMPTY>, reply=RaftClientReply:client-78F0D1780252->0ae462f6-a5e4-462b-9a24-121d451bcbc9@group-0A44C9741378, cid=10, FAILED org.apache.ratis.protocol.NotLeaderException: Server 0ae462f6-a5e4-462b-9a24-121d451bcbc9@group-0A44C9741378 is not the leader 1417b996-b29d-4b85-9617-279817c9415e:192.168.69.123:46747, logIndex=0, commits[0ae462f6-a5e4-462b-9a24-121d451bcbc9:c10, 1417b996-b29d-4b85-9617-279817c9415e:c10, 52ea385b-513a-41c9-81e3-3ab71399b638:c4]
2019-10-21 18:40:43,946 [EventQueue-ContainerReportForContainerReportHandler] WARN  container.ContainerReportHandler (AbstractContainerReportHandler.java:updateContainerState(145)) - Container #1 is in OPEN state, but the datanode 1417b996-b29d-4b85-9617-279817c9415e{ip: 192.168.69.123, host: pr-hdds-2340-skh4f-3510823728, networkLocation: /default-rack, certSerialId: null} reports an CLOSED replica.
2019-10-21 18:40:44,147 [EventQueue-ContainerReportForContainerReportHandler] WARN  container.ContainerReportHandler (AbstractContainerReportHandler.java:updateContainerState(145)) - Container #1 is in OPEN state, but the datanode 1417b996-b29d-4b85-9617-279817c9415e{ip: 192.168.69.123, host: pr-hdds-2340-skh4f-3510823728, networkLocation: /default-rack, certSerialId: null} reports an CLOSED replica.
2019-10-21 18:40:44,156 [EventQueue-ContainerReportForContainerReportHandler] WARN  container.ContainerReportHandler (AbstractContainerReportHandler.java:updateContainerState(145)) - Container #1 is in OPEN state, but the datanode 0ae462f6-a5e4-462b-9a24-121d451bcbc9{ip: 192.168.69.123, host: pr-hdds-2340-skh4f-3510823728, networkLocation: /default-rack, certSerialId: null} reports an CLOSED replica.
2019-10-21 18:40:44,208 [BlockDeletingService#2] WARN  background.BlockDeletingService (BlockDeletingService.java:isDeletionAllowed(187)) - Close Container log Index 6 is not replicated across allthe servers in the pipeline 4cfe140f-d3a3-4309-ae7c-0a44c9741378 as the min replicated index is 4. Deletion is not allowed in this container yet.
2019-10-21 18:40:44,209 [BlockDeletingService#2] WARN  background.BlockDeletingService (BlockDeletingService.java:isDeletionAllowed(187)) - Close Container log Index 6 is not replicated across allthe servers in the pipeline 4cfe140f-d3a3-4309-ae7c-0a44c9741378 as the min replicated index is 4. Deletion is not allowed in this container yet.
2019-10-21 18:40:44,356 [EventQueue-ContainerReportForContainerReportHandler] WARN  container.ContainerReportHandler (AbstractContainerReportHandler.java:updateContainerState(145)) - Container #1 is in OPEN state, but the datanode 0ae462f6-a5e4-462b-9a24-121d451bcbc9{ip: 192.168.69.123, host: pr-hdds-2340-skh4f-3510823728, networkLocation: /default-rack, certSerialId: null} reports an CLOSED replica.
2019-10-21 18:40:44,448 [EventQueue-ContainerReportForContainerReportHandler] WARN  container.ContainerReportHandler (AbstractContainerReportHandler.java:updateContainerState(145)) - Container #1 is in OPEN state, but the datanode 1417b996-b29d-4b85-9617-279817c9415e{ip: 192.168.69.123, host: pr-hdds-2340-skh4f-3510823728, networkLocation: /default-rack, certSerialId: null} reports an CLOSED replica.
2019-10-21 18:40:44,647 [EventQueue-ContainerReportForContainerReportHandler] WARN  container.ContainerReportHandler (AbstractContainerReportHandler.java:updateContainerState(145)) - Container #1 is in OPEN state, but the datanode 1417b996-b29d-4b85-9617-279817c9415e{ip: 192.168.69.123, host: pr-hdds-2340-skh4f-3510823728, networkLocation: /default-rack, certSerialId: null} reports an CLOSED replica.
2019-10-21 18:40:44,757 [EventQueue-ContainerReportForContainerReportHandler] WARN  container.ContainerReportHandler (AbstractContainerReportHandler.java:updateContainerState(145)) - Container #1 is in OPEN state, but the datanode 0ae462f6-a5e4-462b-9a24-121d451bcbc9{ip: 192.168.69.123, host: pr-hdds-2340-skh4f-3510823728, networkLocation: /default-rack, certSerialId: null} reports an CLOSED replica.
2019-10-21 18:40:44,884 [Thread-521] INFO  client.GrpcClientProtocolService (GrpcClientProtocolService.java:lambda$processClientRequest$0(279)) - Failed RaftClientRequest:client-78F0D1780252->1417b996-b29d-4b85-9617-279817c9415e@group-0A44C9741378, cid=10, seq=0, Watch-ALL_COMMITTED(6), Message:<EMPTY>, reply=RaftClientReply:client-78F0D1780252->1417b996-b29d-4b85-9617-279817c9415e@group-0A44C9741378, cid=10, FAILED org.apache.ratis.protocol.NotReplicatedException: Request with call Id 10 and log index 6 is not yet replicated to ALL_COMMITTED, logIndex=6, commits[1417b996-b29d-4b85-9617-279817c9415e:c10, 0ae462f6-a5e4-462b-9a24-121d451bcbc9:c10, 52ea385b-513a-41c9-81e3-3ab71399b638:c4]
2019-10-21 18:40:44,947 [EventQueue-ContainerReportForContainerReportHandler] WARN  container.ContainerReportHandler (AbstractContainerReportHandler.java:updateContainerState(145)) - Container #1 is in OPEN state, but the datanode 1417b996-b29d-4b85-9617-279817c9415e{ip: 192.168.69.123, host: pr-hdds-2340-skh4f-3510823728, networkLocation: /default-rack, certSerialId: null} reports an CLOSED replica.
2019-10-21 18:40:45,148 [EventQueue-ContainerReportForContainerReportHandler] WARN  container.ContainerReportHandler (AbstractContainerReportHandler.java:updateContainerState(145)) - Container #1 is in OPEN state, but the datanode 1417b996-b29d-4b85-9617-279817c9415e{ip: 192.168.69.123, host: pr-hdds-2340-skh4f-3510823728, networkLocation: /default-rack, certSerialId: null} reports an CLOSED replica.
2019-10-21 18:40:45,157 [EventQueue-ContainerReportForContainerReportHandler] WARN  container.ContainerReportHandler (AbstractContainerReportHandler.java:updateContainerState(145)) - Container #1 is in OPEN state, but the datanode 0ae462f6-a5e4-462b-9a24-121d451bcbc9{ip: 192.168.69.123, host: pr-hdds-2340-skh4f-3510823728, networkLocation: /default-rack, certSerialId: null} reports an CLOSED replica.
2019-10-21 18:40:45,223 [BlockDeletingService#2] WARN  background.BlockDeletingService (BlockDeletingService.java:isDeletionAllowed(187)) - Close Container log Index 6 is not replicated across allthe servers in the pipeline 4cfe140f-d3a3-4309-ae7c-0a44c9741378 as the min replicated index is 4. Deletion is not allowed in this container yet.
2019-10-21 18:40:45,224 [BlockDeletingService#2] WARN  background.BlockDeletingService (BlockDeletingService.java:isDeletionAllowed(187)) - Close Container log Index 6 is not replicated across allthe servers in the pipeline 4cfe140f-d3a3-4309-ae7c-0a44c9741378 as the min replicated index is 4. Deletion is not allowed in this container yet.
2019-10-21 18:40:45,256 [EventQueue-StaleNodeForStaleNodeHandler] INFO  node.StaleNodeHandler (StaleNodeHandler.java:onMessage(58)) - Datanode 52ea385b-513a-41c9-81e3-3ab71399b638{ip: 192.168.69.123, host: pr-hdds-2340-skh4f-3510823728, networkLocation: /default-rack, certSerialId: null} moved to stale state. Finalizing its pipelines [PipelineID=c2028d19-7e83-46d6-b69f-cbf3351cba1e, PipelineID=4cfe140f-d3a3-4309-ae7c-0a44c9741378]
2019-10-21 18:40:45,257 [EventQueue-StaleNodeForStaleNodeHandler] INFO  pipeline.SCMPipelineManager (SCMPipelineManager.java:finalizeAndDestroyPipeline(315)) - destroying pipeline:Pipeline[ Id: c2028d19-7e83-46d6-b69f-cbf3351cba1e, Nodes: 52ea385b-513a-41c9-81e3-3ab71399b638{ip: 192.168.69.123, host: pr-hdds-2340-skh4f-3510823728, networkLocation: /default-rack, certSerialId: null}, Type:RATIS, Factor:ONE, State:OPEN]
2019-10-21 18:40:45,259 [EventQueue-StaleNodeForStaleNodeHandler] INFO  pipeline.PipelineStateManager (PipelineStateManager.java:finalizePipeline(123)) - Pipeline Pipeline[ Id: c2028d19-7e83-46d6-b69f-cbf3351cba1e, Nodes: 52ea385b-513a-41c9-81e3-3ab71399b638{ip: 192.168.69.123, host: pr-hdds-2340-skh4f-3510823728, networkLocation: /default-rack, certSerialId: null}, Type:RATIS, Factor:ONE, State:CLOSED] moved to CLOSED state
2019-10-21 18:40:45,261 [EventQueue-StaleNodeForStaleNodeHandler] INFO  pipeline.SCMPipelineManager (SCMPipelineManager.java:finalizeAndDestroyPipeline(315)) - destroying pipeline:Pipeline[ Id: 4cfe140f-d3a3-4309-ae7c-0a44c9741378, Nodes: 1417b996-b29d-4b85-9617-279817c9415e{ip: 192.168.69.123, host: pr-hdds-2340-skh4f-3510823728, networkLocation: /default-rack, certSerialId: null}0ae462f6-a5e4-462b-9a24-121d451bcbc9{ip: 192.168.69.123, host: pr-hdds-2340-skh4f-3510823728, networkLocation: /default-rack, certSerialId: null}52ea385b-513a-41c9-81e3-3ab71399b638{ip: 192.168.69.123, host: pr-hdds-2340-skh4f-3510823728, networkLocation: /default-rack, certSerialId: null}, Type:RATIS, Factor:THREE, State:OPEN]
2019-10-21 18:40:45,261 [EventQueue-StaleNodeForStaleNodeHandler] INFO  pipeline.PipelineStateManager (PipelineStateManager.java:finalizePipeline(123)) - Pipeline Pipeline[ Id: 4cfe140f-d3a3-4309-ae7c-0a44c9741378, Nodes: 1417b996-b29d-4b85-9617-279817c9415e{ip: 192.168.69.123, host: pr-hdds-2340-skh4f-3510823728, networkLocation: /default-rack, certSerialId: null}0ae462f6-a5e4-462b-9a24-121d451bcbc9{ip: 192.168.69.123, host: pr-hdds-2340-skh4f-3510823728, networkLocation: /default-rack, certSerialId: null}52ea385b-513a-41c9-81e3-3ab71399b638{ip: 192.168.69.123, host: pr-hdds-2340-skh4f-3510823728, networkLocation: /default-rack, certSerialId: null}, Type:RATIS, Factor:THREE, State:CLOSED] moved to CLOSED state
2019-10-21 18:40:45,262 [EventQueue-CloseContainerForCloseContainerEventHandler] INFO  container.CloseContainerEventHandler (CloseContainerEventHandler.java:onMessage(61)) - Close container Event triggered for container : #1
2019-10-21 18:40:45,347 [EventQueue-ContainerReportForContainerReportHandler] INFO  container.ContainerReportHandler (AbstractContainerReportHandler.java:updateContainerState(178)) - Moving container #1 to CLOSED state, datanode 1417b996-b29d-4b85-9617-279817c9415e{ip: 192.168.69.123, host: pr-hdds-2340-skh4f-3510823728, networkLocation: /default-rack, certSerialId: null} reported CLOSED replica.
2019-10-21 18:40:45,761 [SCMBlockDeletingService#1] INFO  block.SCMBlockDeletingService (SCMBlockDeletingService.java:call(184)) - Totally added 3 delete blocks command for 3 datanodes, task elapsed time: 6ms
2019-10-21 18:40:45,959 [EventQueue-PendingDeleteStatusForPendingDeleteHandler] INFO  block.SCMBlockDeletingService (SCMBlockDeletingService.java:handlePendingDeletes(115)) - Block deletion txnID mismatch in datanode 0ae462f6-a5e4-462b-9a24-121d451bcbc9 for containerID 1. Datanode delete txnID: 0, SCM txnID: 1
2019-10-21 18:40:45,960 [Command processor thread] INFO  commandhandler.DeleteBlocksCommandHandler (DeleteBlocksCommandHandler.java:handle(106)) - Start to delete container blocks, TXIDs=[1(0)], numOfContainers=1, numOfBlocks=1
2019-10-21 18:40:46,048 [EventQueue-PendingDeleteStatusForPendingDeleteHandler] INFO  block.SCMBlockDeletingService (SCMBlockDeletingService.java:handlePendingDeletes(115)) - Block deletion txnID mismatch in datanode 1417b996-b29d-4b85-9617-279817c9415e for containerID 1. Datanode delete txnID: 0, SCM txnID: 1
2019-10-21 18:40:46,160 [java.util.concurrent.ThreadPoolExecutor$Worker@32f303dc[State = -1, empty queue]] WARN  server.GrpcLogAppender (GrpcLogAppender.java:timeoutAppendRequest(209)) - 1417b996-b29d-4b85-9617-279817c9415e@group-0A44C9741378->52ea385b-513a-41c9-81e3-3ab71399b638-GrpcLogAppender: appendEntries Timeout, request=1417b996-b29d-4b85-9617-279817c9415e->52ea385b-513a-41c9-81e3-3ab71399b638#50-t1, previous=(t:1, i:10), leaderCommit=10, initializing? false, entries: <empty>
2019-10-21 18:40:46,226 [BlockDeletingService#2] WARN  background.BlockDeletingService (BlockDeletingService.java:isDeletionAllowed(187)) - Close Container log Index 6 is not replicated across allthe servers in the pipeline 4cfe140f-d3a3-4309-ae7c-0a44c9741378 as the min replicated index is 4. Deletion is not allowed in this container yet.
2019-10-21 18:40:46,226 [BlockDeletingService#2] WARN  background.BlockDeletingService (BlockDeletingService.java:isDeletionAllowed(187)) - Close Container log Index 6 is not replicated across allthe servers in the pipeline 4cfe140f-d3a3-4309-ae7c-0a44c9741378 as the min replicated index is 4. Deletion is not allowed in this container yet.
2019-10-21 18:40:46,447 [Command processor thread] INFO  commandhandler.DeleteBlocksCommandHandler (DeleteBlocksCommandHandler.java:handle(106)) - Start to delete container blocks, TXIDs=[1(0)], numOfContainers=1, numOfBlocks=1
2019-10-21 18:40:46,449 [EventQueue-PendingDeleteStatusForPendingDeleteHandler] INFO  block.SCMBlockDeletingService (SCMBlockDeletingService.java:handlePendingDeletes(115)) - Block deletion txnID mismatch in datanode 1417b996-b29d-4b85-9617-279817c9415e for containerID 1. Datanode delete txnID: 0, SCM txnID: 1
2019-10-21 18:40:46,701 [main] INFO  impl.MetricsSystemImpl (MetricsSystemImpl.java:init(158)) - HddsDatanode metrics system started (again)
2019-10-21 18:40:46,750 [main] INFO  ozone.HddsDatanodeService (HddsDatanodeService.java:start(184)) - HddsDatanodeService host:pr-hdds-2340-skh4f-3510823728 ip:192.168.69.123
2019-10-21 18:40:46,754 [main] INFO  volume.VolumeUsage (VolumeUsage.java:loadScmUsed(144)) - Cached ScmUsed found for /workdir/hadoop-ozone/integration-test/target/test-dir/MiniOzoneClusterImpl-73360a76-796f-4047-87d4-3c41f9cd92df/datanode-2/data/containers : 4096 
2019-10-21 18:40:46,754 [main] INFO  volume.HddsVolume (HddsVolume.java:<init>(176)) - Creating Volume: /workdir/hadoop-ozone/integration-test/target/test-dir/MiniOzoneClusterImpl-73360a76-796f-4047-87d4-3c41f9cd92df/datanode-2/data/containers/hdds of  storage type : DISK and capacity : 1482555576320
2019-10-21 18:40:46,755 [main] INFO  volume.VolumeSet (VolumeSet.java:initializeVolumeSet(170)) - Added Volume : /workdir/hadoop-ozone/integration-test/target/test-dir/MiniOzoneClusterImpl-73360a76-796f-4047-87d4-3c41f9cd92df/datanode-2/data/containers/hdds to VolumeSet
2019-10-21 18:40:46,755 [main] INFO  volume.ThrottledAsyncChecker (ThrottledAsyncChecker.java:schedule(141)) - Scheduling a check for /workdir/hadoop-ozone/integration-test/target/test-dir/MiniOzoneClusterImpl-73360a76-796f-4047-87d4-3c41f9cd92df/datanode-2/data/containers/hdds
2019-10-21 18:40:46,756 [main] INFO  volume.HddsVolumeChecker (HddsVolumeChecker.java:checkAllVolumes(204)) - Scheduled health check for volume /workdir/hadoop-ozone/integration-test/target/test-dir/MiniOzoneClusterImpl-73360a76-796f-4047-87d4-3c41f9cd92df/datanode-2/data/containers/hdds
2019-10-21 18:40:46,762 [SCMBlockDeletingService#1] INFO  block.SCMBlockDeletingService (SCMBlockDeletingService.java:call(184)) - Totally added 1 delete blocks command for 1 datanodes, task elapsed time: 1ms
2019-10-21 18:40:46,763 [pool-7-thread-1] INFO  commands.RetriableDatanodeEventWatcher (RetriableDatanodeEventWatcher.java:onTimeout(47)) - RetriableDatanodeCommand type=deleteBlocksCommand with id=1571683245762 timed out. Retrying.
2019-10-21 18:40:46,807 [main] INFO  impl.RaftServerProxy (ConfUtils.java:logGet(43)) - raft.rpc.type = GRPC (default)
2019-10-21 18:40:46,807 [main] INFO  grpc.GrpcFactory (GrpcFactory.java:checkPooledByteBufAllocatorUseCacheForAllThreads(45)) - PERFORMANCE WARNING: useCacheForAllThreads is true that may cause Netty to create a lot garbage objects and, as a result, trigger GC.
	It is recommended to disable useCacheForAllThreads by setting -Dorg.apache.ratis.thirdparty.io.netty.allocator.useCacheForAllThreads=false in command line.
2019-10-21 18:40:46,807 [main] INFO  grpc.GrpcConfigKeys$Server (ConfUtils.java:logGet(43)) - raft.grpc.server.port = 37619 (custom)
2019-10-21 18:40:46,808 [main] INFO  server.GrpcService (ConfUtils.java:logGet(43)) - raft.grpc.message.size.max = 33570816 (custom)
2019-10-21 18:40:46,809 [main] INFO  server.RaftServerConfigKeys (ConfUtils.java:logGet(43)) - raft.server.log.appender.buffer.byte-limit = 33554432 (custom)
2019-10-21 18:40:46,809 [main] INFO  server.GrpcService (ConfUtils.java:logGet(43)) - raft.grpc.flow.control.window = 1MB (=1048576) (default)
2019-10-21 18:40:46,809 [main] INFO  server.RaftServerConfigKeys (ConfUtils.java:logGet(43)) - raft.server.rpc.request.timeout = 3000ms (default)
2019-10-21 18:40:46,810 [main] INFO  server.RaftServerConfigKeys (ConfUtils.java:logGet(43)) - raft.server.storage.dir = [/workdir/hadoop-ozone/integration-test/target/test-dir/MiniOzoneClusterImpl-73360a76-796f-4047-87d4-3c41f9cd92df/datanode-2/data/ratis] (custom)
2019-10-21 18:40:46,810 [main] INFO  impl.RaftServerProxy (RaftServerProxy.java:lambda$null$0(191)) - 52ea385b-513a-41c9-81e3-3ab71399b638: found a subdirectory /workdir/hadoop-ozone/integration-test/target/test-dir/MiniOzoneClusterImpl-73360a76-796f-4047-87d4-3c41f9cd92df/datanode-2/data/ratis/c2028d19-7e83-46d6-b69f-cbf3351cba1e
2019-10-21 18:40:46,811 [main] INFO  impl.RaftServerProxy (RaftServerProxy.java:addNew(89)) - 52ea385b-513a-41c9-81e3-3ab71399b638: addNew group-CBF3351CBA1E:[] returns group-CBF3351CBA1E:java.util.concurrent.CompletableFuture@44fff386[Not completed]
2019-10-21 18:40:46,811 [main] INFO  impl.RaftServerProxy (RaftServerProxy.java:lambda$null$0(191)) - 52ea385b-513a-41c9-81e3-3ab71399b638: found a subdirectory /workdir/hadoop-ozone/integration-test/target/test-dir/MiniOzoneClusterImpl-73360a76-796f-4047-87d4-3c41f9cd92df/datanode-2/data/ratis/4cfe140f-d3a3-4309-ae7c-0a44c9741378
2019-10-21 18:40:46,812 [main] INFO  impl.RaftServerProxy (RaftServerProxy.java:addNew(89)) - 52ea385b-513a-41c9-81e3-3ab71399b638: addNew group-0A44C9741378:[] returns group-0A44C9741378:java.util.concurrent.CompletableFuture@1fc713c9[Not completed]
2019-10-21 18:40:46,815 [pool-59-thread-1] INFO  impl.RaftServerImpl (RaftServerImpl.java:<init>(98)) - 52ea385b-513a-41c9-81e3-3ab71399b638: new RaftServerImpl for group-CBF3351CBA1E:[] with ContainerStateMachine:uninitialized
2019-10-21 18:40:46,815 [main] INFO  hdfs.DFSUtil (DFSUtil.java:httpServerTemplateForNNAndJN(1641)) - Starting Web-server for hddsDatanode at: http://0.0.0.0:33473
2019-10-21 18:40:46,816 [pool-59-thread-1] INFO  server.RaftServerConfigKeys (ConfUtils.java:logGet(43)) - raft.server.rpc.timeout.min = 5s (custom)
2019-10-21 18:40:46,817 [pool-59-thread-1] INFO  server.RaftServerConfigKeys (ConfUtils.java:logGet(43)) - raft.server.rpc.timeout.max = 5200ms (custom)
2019-10-21 18:40:46,817 [pool-59-thread-1] INFO  server.RaftServerConfigKeys (ConfUtils.java:logGet(43)) - raft.server.rpcslowness.timeout = 1000s (custom)
2019-10-21 18:40:46,817 [pool-59-thread-1] INFO  server.RaftServerConfigKeys (ConfUtils.java:logGet(43)) - raft.server.sleep.deviation.threshold = 300 (default)
2019-10-21 18:40:46,817 [pool-59-thread-1] INFO  server.RaftServerConfigKeys (ConfUtils.java:logGet(43)) - raft.server.log.appender.install.snapshot.enabled = false (custom)
2019-10-21 18:40:46,817 [pool-59-thread-1] INFO  impl.RaftServerImpl (ServerState.java:<init>(103)) - 52ea385b-513a-41c9-81e3-3ab71399b638@group-CBF3351CBA1E: ConfigurationManager, init=-1: [], old=null, confs=<EMPTY_MAP>
2019-10-21 18:40:46,817 [pool-59-thread-1] INFO  server.RaftServerConfigKeys (ConfUtils.java:logGet(43)) - raft.server.storage.dir = [/workdir/hadoop-ozone/integration-test/target/test-dir/MiniOzoneClusterImpl-73360a76-796f-4047-87d4-3c41f9cd92df/datanode-2/data/ratis] (custom)
2019-10-21 18:40:46,818 [pool-59-thread-1] INFO  server.RaftServerConfigKeys (ConfUtils.java:logGet(43)) - raft.server.log.corruption.policy = EXCEPTION (default)
2019-10-21 18:40:46,819 [main] INFO  server.AuthenticationFilter (AuthenticationFilter.java:constructSecretProvider(240)) - Unable to initialize FileSignerSecretProvider, falling back to use random secrets.
2019-10-21 18:40:46,820 [main] WARN  http.HttpRequestLog (HttpRequestLog.java:getRequestLog(97)) - Jetty request log can only be enabled using Log4j
2019-10-21 18:40:46,823 [main] INFO  http.HttpServer2 (HttpServer2.java:addGlobalFilter(975)) - Added global filter 'safety' (class=org.apache.hadoop.http.HttpServer2$QuotingInputFilter)
2019-10-21 18:40:46,824 [main] INFO  http.HttpServer2 (HttpServer2.java:addFilter(948)) - Added filter static_user_filter (class=org.apache.hadoop.http.lib.StaticUserWebFilter$StaticUserFilter) to context hddsDatanode
2019-10-21 18:40:46,825 [main] INFO  http.HttpServer2 (HttpServer2.java:addFilter(958)) - Added filter static_user_filter (class=org.apache.hadoop.http.lib.StaticUserWebFilter$StaticUserFilter) to context logs
2019-10-21 18:40:46,825 [main] INFO  http.HttpServer2 (HttpServer2.java:addFilter(958)) - Added filter static_user_filter (class=org.apache.hadoop.http.lib.StaticUserWebFilter$StaticUserFilter) to context static
2019-10-21 18:40:46,826 [main] INFO  http.HttpServer2 (HttpServer2.java:bindListener(1191)) - Jetty bound to port 33473
2019-10-21 18:40:46,827 [main] INFO  server.Server (Server.java:doStart(351)) - jetty-9.3.25.v20180904, build timestamp: 2018-09-04T21:11:46Z, git hash: 3ce520221d0240229c862b122d2b06c12a625732
2019-10-21 18:40:46,829 [main] INFO  handler.ContextHandler (ContextHandler.java:doStart(781)) - Started o.e.j.s.ServletContextHandler@436bd4df{/logs,file:///workdir/hadoop-ozone/integration-test/target/log,AVAILABLE}
2019-10-21 18:40:46,830 [main] INFO  handler.ContextHandler (ContextHandler.java:doStart(781)) - Started o.e.j.s.ServletContextHandler@149b0577{/static,jar:file:/home/user/.m2/repository/org/apache/hadoop/hadoop-hdds-container-service/0.5.0-SNAPSHOT/hadoop-hdds-container-service-0.5.0-SNAPSHOT.jar!/webapps/static,AVAILABLE}
2019-10-21 18:40:46,874 [pool-59-thread-1] INFO  storage.RaftStorageDirectory (RaftStorageDirectory.java:tryLock(328)) - Lock on /workdir/hadoop-ozone/integration-test/target/test-dir/MiniOzoneClusterImpl-73360a76-796f-4047-87d4-3c41f9cd92df/datanode-2/data/ratis/c2028d19-7e83-46d6-b69f-cbf3351cba1e/in_use.lock acquired by nodename 6609@pr-hdds-2340-skh4f-3510823728
2019-10-21 18:40:46,875 [main] INFO  handler.ContextHandler (ContextHandler.java:doStart(781)) - Started o.e.j.w.WebAppContext@33feb805{/,file:///tmp/jetty-0.0.0.0-33473-hddsDatanode-_-any-9053085667825786207.dir/webapp/,AVAILABLE}{/hddsDatanode}
2019-10-21 18:40:46,876 [pool-59-thread-1] INFO  ratis.ContainerStateMachine (ContainerStateMachine.java:loadSnapshot(231)) - group-CBF3351CBA1E: The snapshot info is null. Setting the last applied indexto:(t:0, i:~)
2019-10-21 18:40:46,876 [main] INFO  server.AbstractConnector (AbstractConnector.java:doStart(278)) - Started ServerConnector@37854b34{HTTP/1.1,[http/1.1]}{0.0.0.0:33473}
2019-10-21 18:40:46,877 [pool-59-thread-1] INFO  server.RaftServerConfigKeys (ConfUtils.java:logGet(43)) - raft.server.notification.no-leader.timeout = 1000s (custom)
2019-10-21 18:40:46,877 [main] INFO  server.Server (Server.java:doStart(419)) - Started @117080ms
2019-10-21 18:40:46,878 [pool-59-thread-1] INFO  server.RaftServerConfigKeys (ConfUtils.java:logGet(43)) - raft.server.log.use.memory = false (default)
2019-10-21 18:40:46,878 [main] WARN  impl.MetricsSystemImpl (MetricsSystemImpl.java:register(276)) - Sink prometheus already exists!
2019-10-21 18:40:46,878 [pool-59-thread-1] INFO  server.RaftServerConfigKeys (ConfUtils.java:logGet(43)) - raft.server.log.purge.gap = 1000000 (custom)
2019-10-21 18:40:46,878 [pool-59-thread-1] INFO  server.RaftServerConfigKeys (ConfUtils.java:logGet(43)) - raft.server.log.appender.buffer.byte-limit = 33554432 (custom)
2019-10-21 18:40:46,878 [pool-59-thread-1] INFO  server.RaftServerConfigKeys (ConfUtils.java:logGet(43)) - raft.server.log.segment.size.max = 1048576 (custom)
2019-10-21 18:40:46,879 [pool-59-thread-1] INFO  server.RaftServerConfigKeys (ConfUtils.java:logGet(43)) - raft.server.log.segment.cache.num.max = 2 (custom)
2019-10-21 18:40:46,879 [main] INFO  server.BaseHttpServer (BaseHttpServer.java:updateConnectorAddress(215)) - HTTP server of HDDSDATANODE is listening at http://0.0.0.0:33473
2019-10-21 18:40:46,880 [pool-59-thread-1] INFO  segmented.SegmentedRaftLogWorker (SegmentedRaftLogWorker.java:<init>(173)) - new 52ea385b-513a-41c9-81e3-3ab71399b638@group-CBF3351CBA1E-SegmentedRaftLogWorker for RaftStorage:Storage Directory /workdir/hadoop-ozone/integration-test/target/test-dir/MiniOzoneClusterImpl-73360a76-796f-4047-87d4-3c41f9cd92df/datanode-2/data/ratis/c2028d19-7e83-46d6-b69f-cbf3351cba1e
2019-10-21 18:40:46,882 [pool-59-thread-1] INFO  server.RaftServerConfigKeys (ConfUtils.java:logGet(43)) - raft.server.log.queue.byte-limit = 2147483647 (custom)
2019-10-21 18:40:46,883 [pool-59-thread-1] INFO  server.RaftServerConfigKeys (ConfUtils.java:logGet(43)) - raft.server.log.queue.element-limit = 1024 (custom)
2019-10-21 18:40:46,883 [pool-59-thread-1] INFO  server.RaftServerConfigKeys (ConfUtils.java:logGet(43)) - raft.server.log.segment.size.max = 1048576 (custom)
2019-10-21 18:40:46,883 [pool-59-thread-1] INFO  server.RaftServerConfigKeys (ConfUtils.java:logGet(43)) - raft.server.log.preallocated.size = 16384 (custom)
2019-10-21 18:40:46,883 [pool-59-thread-1] INFO  server.RaftServerConfigKeys (ConfUtils.java:logGet(43)) - raft.server.log.write.buffer.size = 33554432 (custom)
2019-10-21 18:40:46,884 [pool-59-thread-1] INFO  server.RaftServerConfigKeys (ConfUtils.java:logGet(43)) - raft.server.log.force.sync.num = 128 (default)
2019-10-21 18:40:46,884 [pool-59-thread-1] INFO  server.RaftServerConfigKeys (ConfUtils.java:logGet(43)) - raft.server.log.statemachine.data.sync = true (default)
2019-10-21 18:40:46,884 [pool-59-thread-1] INFO  server.RaftServerConfigKeys (ConfUtils.java:logGet(43)) - raft.server.log.statemachine.data.sync.timeout = 10s (default)
2019-10-21 18:40:46,884 [pool-59-thread-1] INFO  server.RaftServerConfigKeys (ConfUtils.java:logGet(43)) - raft.server.log.statemachine.data.sync.timeout.retry = -1 (default)
2019-10-21 18:40:46,884 [org.apache.hadoop.util.JvmPauseMonitor$Monitor@270b49dc] INFO  util.JvmPauseMonitor (JvmPauseMonitor.java:run(188)) - Starting JVM pause monitor
2019-10-21 18:40:46,884 [pool-59-thread-1] INFO  server.RaftServerConfigKeys (ConfUtils.java:logGet(43)) - raft.server.log.statemachine.data.caching.enabled = true (custom)
2019-10-21 18:40:46,893 [pool-59-thread-1] INFO  impl.RaftServerImpl (ServerState.java:setRaftConf(356)) - 52ea385b-513a-41c9-81e3-3ab71399b638@group-CBF3351CBA1E: set configuration 0: [52ea385b-513a-41c9-81e3-3ab71399b638:192.168.69.123:37619], old=null at 0
2019-10-21 18:40:46,894 [pool-59-thread-1] INFO  segmented.LogSegment (LogSegment.java:loadSegment(140)) - Successfully read 1 entries from segment file /workdir/hadoop-ozone/integration-test/target/test-dir/MiniOzoneClusterImpl-73360a76-796f-4047-87d4-3c41f9cd92df/datanode-2/data/ratis/c2028d19-7e83-46d6-b69f-cbf3351cba1e/current/log_inprogress_0
2019-10-21 18:40:46,894 [pool-59-thread-1] INFO  segmented.SegmentedRaftLogWorker (SegmentedRaftLogWorker.java:lambda$new$0(128)) - 52ea385b-513a-41c9-81e3-3ab71399b638@group-CBF3351CBA1E-SegmentedRaftLogWorker: flushIndex: setUnconditionally 0 -> 0
2019-10-21 18:40:46,925 [pool-59-thread-1] INFO  server.RaftServerConfigKeys (ConfUtils.java:logGet(43)) - raft.server.snapshot.auto.trigger.enabled = true (custom)
2019-10-21 18:40:46,925 [pool-59-thread-1] INFO  server.RaftServerConfigKeys (ConfUtils.java:logGet(43)) - raft.server.snapshot.auto.trigger.threshold = 10000 (custom)
2019-10-21 18:40:46,925 [pool-59-thread-1] INFO  server.RaftServerConfigKeys (ConfUtils.java:logGet(43)) - raft.server.snapshot.retention.file.num = 5 (custom)
2019-10-21 18:40:46,925 [pool-59-thread-1] INFO  server.RaftServerConfigKeys (ConfUtils.java:logGet(43)) - raft.server.retrycache.expirytime = 600000ms (custom)
2019-10-21 18:40:46,928 [pool-59-thread-1] INFO  impl.RaftServerImpl (RaftServerImpl.java:<init>(98)) - 52ea385b-513a-41c9-81e3-3ab71399b638: new RaftServerImpl for group-0A44C9741378:[] with ContainerStateMachine:uninitialized
2019-10-21 18:40:46,928 [pool-59-thread-1] INFO  server.RaftServerConfigKeys (ConfUtils.java:logGet(43)) - raft.server.rpc.timeout.min = 5s (custom)
2019-10-21 18:40:46,928 [pool-59-thread-1] INFO  server.RaftServerConfigKeys (ConfUtils.java:logGet(43)) - raft.server.rpc.timeout.max = 5200ms (custom)
2019-10-21 18:40:46,928 [pool-59-thread-1] INFO  server.RaftServerConfigKeys (ConfUtils.java:logGet(43)) - raft.server.rpcslowness.timeout = 1000s (custom)
2019-10-21 18:40:46,928 [pool-59-thread-1] INFO  server.RaftServerConfigKeys (ConfUtils.java:logGet(43)) - raft.server.sleep.deviation.threshold = 300 (default)
2019-10-21 18:40:46,928 [pool-59-thread-1] INFO  server.RaftServerConfigKeys (ConfUtils.java:logGet(43)) - raft.server.log.appender.install.snapshot.enabled = false (custom)
2019-10-21 18:40:46,929 [pool-59-thread-1] INFO  impl.RaftServerImpl (ServerState.java:<init>(103)) - 52ea385b-513a-41c9-81e3-3ab71399b638@group-0A44C9741378: ConfigurationManager, init=-1: [], old=null, confs=<EMPTY_MAP>
2019-10-21 18:40:46,929 [pool-59-thread-1] INFO  server.RaftServerConfigKeys (ConfUtils.java:logGet(43)) - raft.server.storage.dir = [/workdir/hadoop-ozone/integration-test/target/test-dir/MiniOzoneClusterImpl-73360a76-796f-4047-87d4-3c41f9cd92df/datanode-2/data/ratis] (custom)
2019-10-21 18:40:46,929 [pool-59-thread-1] INFO  server.RaftServerConfigKeys (ConfUtils.java:logGet(43)) - raft.server.log.corruption.policy = EXCEPTION (default)
2019-10-21 18:40:46,945 [pool-59-thread-1] INFO  storage.RaftStorageDirectory (RaftStorageDirectory.java:tryLock(328)) - Lock on /workdir/hadoop-ozone/integration-test/target/test-dir/MiniOzoneClusterImpl-73360a76-796f-4047-87d4-3c41f9cd92df/datanode-2/data/ratis/4cfe140f-d3a3-4309-ae7c-0a44c9741378/in_use.lock acquired by nodename 6609@pr-hdds-2340-skh4f-3510823728
2019-10-21 18:40:46,947 [pool-59-thread-1] INFO  ratis.ContainerStateMachine (ContainerStateMachine.java:loadSnapshot(240)) - group-0A44C9741378: Setting the last applied index to (t:1, i:3)
2019-10-21 18:40:46,952 [pool-59-thread-1] INFO  impl.RaftServerImpl (ServerState.java:setRaftConf(356)) - 52ea385b-513a-41c9-81e3-3ab71399b638@group-0A44C9741378: set configuration 0: [1417b996-b29d-4b85-9617-279817c9415e:192.168.69.123:46747, 0ae462f6-a5e4-462b-9a24-121d451bcbc9:192.168.69.123:38247, 52ea385b-513a-41c9-81e3-3ab71399b638:192.168.69.123:37619], old=null at 0
2019-10-21 18:40:46,952 [pool-59-thread-1] INFO  server.RaftServerConfigKeys (ConfUtils.java:logGet(43)) - raft.server.notification.no-leader.timeout = 1000s (custom)
2019-10-21 18:40:46,952 [pool-59-thread-1] INFO  server.RaftServerConfigKeys (ConfUtils.java:logGet(43)) - raft.server.log.use.memory = false (default)
2019-10-21 18:40:46,953 [pool-59-thread-1] INFO  server.RaftServerConfigKeys (ConfUtils.java:logGet(43)) - raft.server.log.purge.gap = 1000000 (custom)
2019-10-21 18:40:46,953 [pool-59-thread-1] INFO  server.RaftServerConfigKeys (ConfUtils.java:logGet(43)) - raft.server.log.appender.buffer.byte-limit = 33554432 (custom)
2019-10-21 18:40:46,953 [pool-59-thread-1] INFO  server.RaftServerConfigKeys (ConfUtils.java:logGet(43)) - raft.server.log.segment.size.max = 1048576 (custom)
2019-10-21 18:40:46,953 [pool-59-thread-1] INFO  server.RaftServerConfigKeys (ConfUtils.java:logGet(43)) - raft.server.log.segment.cache.num.max = 2 (custom)
2019-10-21 18:40:46,953 [pool-59-thread-1] INFO  segmented.SegmentedRaftLogWorker (SegmentedRaftLogWorker.java:<init>(173)) - new 52ea385b-513a-41c9-81e3-3ab71399b638@group-0A44C9741378-SegmentedRaftLogWorker for RaftStorage:Storage Directory /workdir/hadoop-ozone/integration-test/target/test-dir/MiniOzoneClusterImpl-73360a76-796f-4047-87d4-3c41f9cd92df/datanode-2/data/ratis/4cfe140f-d3a3-4309-ae7c-0a44c9741378
2019-10-21 18:40:46,953 [pool-59-thread-1] INFO  server.RaftServerConfigKeys (ConfUtils.java:logGet(43)) - raft.server.log.queue.byte-limit = 2147483647 (custom)
2019-10-21 18:40:46,953 [pool-59-thread-1] INFO  server.RaftServerConfigKeys (ConfUtils.java:logGet(43)) - raft.server.log.queue.element-limit = 1024 (custom)
2019-10-21 18:40:46,953 [pool-59-thread-1] INFO  server.RaftServerConfigKeys (ConfUtils.java:logGet(43)) - raft.server.log.segment.size.max = 1048576 (custom)
2019-10-21 18:40:46,954 [pool-59-thread-1] INFO  server.RaftServerConfigKeys (ConfUtils.java:logGet(43)) - raft.server.log.preallocated.size = 16384 (custom)
2019-10-21 18:40:46,954 [pool-59-thread-1] INFO  server.RaftServerConfigKeys (ConfUtils.java:logGet(43)) - raft.server.log.write.buffer.size = 33554432 (custom)
2019-10-21 18:40:46,954 [pool-59-thread-1] INFO  server.RaftServerConfigKeys (ConfUtils.java:logGet(43)) - raft.server.log.force.sync.num = 128 (default)
2019-10-21 18:40:46,954 [pool-59-thread-1] INFO  server.RaftServerConfigKeys (ConfUtils.java:logGet(43)) - raft.server.log.statemachine.data.sync = true (default)
2019-10-21 18:40:46,954 [pool-59-thread-1] INFO  server.RaftServerConfigKeys (ConfUtils.java:logGet(43)) - raft.server.log.statemachine.data.sync.timeout = 10s (default)
2019-10-21 18:40:46,954 [pool-59-thread-1] INFO  server.RaftServerConfigKeys (ConfUtils.java:logGet(43)) - raft.server.log.statemachine.data.sync.timeout.retry = -1 (default)
2019-10-21 18:40:46,954 [pool-59-thread-1] INFO  server.RaftServerConfigKeys (ConfUtils.java:logGet(43)) - raft.server.log.statemachine.data.caching.enabled = true (custom)
2019-10-21 18:40:46,955 [pool-59-thread-1] INFO  impl.RaftServerImpl (ServerState.java:setRaftConf(356)) - 52ea385b-513a-41c9-81e3-3ab71399b638@group-0A44C9741378: set configuration 0: [1417b996-b29d-4b85-9617-279817c9415e:192.168.69.123:46747, 0ae462f6-a5e4-462b-9a24-121d451bcbc9:192.168.69.123:38247, 52ea385b-513a-41c9-81e3-3ab71399b638:192.168.69.123:37619], old=null at 0
2019-10-21 18:40:46,956 [pool-59-thread-1] INFO  segmented.LogSegment (LogSegment.java:loadSegment(140)) - Successfully read 5 entries from segment file /workdir/hadoop-ozone/integration-test/target/test-dir/MiniOzoneClusterImpl-73360a76-796f-4047-87d4-3c41f9cd92df/datanode-2/data/ratis/4cfe140f-d3a3-4309-ae7c-0a44c9741378/current/log_inprogress_0
2019-10-21 18:40:46,956 [pool-59-thread-1] INFO  segmented.SegmentedRaftLogWorker (SegmentedRaftLogWorker.java:lambda$new$0(128)) - 52ea385b-513a-41c9-81e3-3ab71399b638@group-0A44C9741378-SegmentedRaftLogWorker: flushIndex: setUnconditionally 0 -> 4
2019-10-21 18:40:46,980 [pool-59-thread-1] INFO  raftlog.RaftLog (RaftLog.java:lambda$new$0(61)) - 52ea385b-513a-41c9-81e3-3ab71399b638@group-0A44C9741378-SegmentedRaftLog: commitIndex: updateToMax old=3, new=3, updated? false
2019-10-21 18:40:46,980 [pool-59-thread-1] INFO  server.RaftServerConfigKeys (ConfUtils.java:logGet(43)) - raft.server.snapshot.auto.trigger.enabled = true (custom)
2019-10-21 18:40:46,980 [pool-59-thread-1] INFO  server.RaftServerConfigKeys (ConfUtils.java:logGet(43)) - raft.server.snapshot.auto.trigger.threshold = 10000 (custom)
2019-10-21 18:40:46,980 [pool-59-thread-1] INFO  server.RaftServerConfigKeys (ConfUtils.java:logGet(43)) - raft.server.snapshot.retention.file.num = 5 (custom)
2019-10-21 18:40:46,981 [pool-59-thread-1] INFO  server.RaftServerConfigKeys (ConfUtils.java:logGet(43)) - raft.server.retrycache.expirytime = 600000ms (custom)
2019-10-21 18:40:47,228 [BlockDeletingService#2] WARN  background.BlockDeletingService (BlockDeletingService.java:isDeletionAllowed(187)) - Close Container log Index 6 is not replicated across allthe servers in the pipeline 4cfe140f-d3a3-4309-ae7c-0a44c9741378 as the min replicated index is 4. Deletion is not allowed in this container yet.
2019-10-21 18:40:47,228 [BlockDeletingService#2] WARN  background.BlockDeletingService (BlockDeletingService.java:isDeletionAllowed(187)) - Close Container log Index 6 is not replicated across allthe servers in the pipeline 4cfe140f-d3a3-4309-ae7c-0a44c9741378 as the min replicated index is 4. Deletion is not allowed in this container yet.
2019-10-21 18:40:47,762 [pool-7-thread-1] INFO  commands.RetriableDatanodeEventWatcher (RetriableDatanodeEventWatcher.java:onTimeout(47)) - RetriableDatanodeCommand type=deleteBlocksCommand with id=1571683245763 timed out. Retrying.
2019-10-21 18:40:47,763 [pool-7-thread-1] INFO  commands.RetriableDatanodeEventWatcher (RetriableDatanodeEventWatcher.java:onTimeout(47)) - RetriableDatanodeCommand type=deleteBlocksCommand with id=1571683245762 timed out. Retrying.
2019-10-21 18:40:47,763 [SCMBlockDeletingService#1] INFO  block.SCMBlockDeletingService (SCMBlockDeletingService.java:call(184)) - Totally added 1 delete blocks command for 1 datanodes, task elapsed time: 1ms
2019-10-21 18:40:48,229 [BlockDeletingService#2] WARN  background.BlockDeletingService (BlockDeletingService.java:isDeletionAllowed(187)) - Close Container log Index 6 is not replicated across allthe servers in the pipeline 4cfe140f-d3a3-4309-ae7c-0a44c9741378 as the min replicated index is 4. Deletion is not allowed in this container yet.
2019-10-21 18:40:48,229 [BlockDeletingService#2] WARN  background.BlockDeletingService (BlockDeletingService.java:isDeletionAllowed(187)) - Close Container log Index 6 is not replicated across allthe servers in the pipeline 4cfe140f-d3a3-4309-ae7c-0a44c9741378 as the min replicated index is 4. Deletion is not allowed in this container yet.
2019-10-21 18:40:48,661 [java.util.concurrent.ThreadPoolExecutor$Worker@32f303dc[State = -1, empty queue]] WARN  server.GrpcLogAppender (GrpcLogAppender.java:timeoutAppendRequest(209)) - 1417b996-b29d-4b85-9617-279817c9415e@group-0A44C9741378->52ea385b-513a-41c9-81e3-3ab71399b638-GrpcLogAppender: appendEntries Timeout, request=1417b996-b29d-4b85-9617-279817c9415e->52ea385b-513a-41c9-81e3-3ab71399b638#51-t1, previous=(t:1, i:10), leaderCommit=10, initializing? false, entries: <empty>
2019-10-21 18:40:48,763 [pool-7-thread-1] INFO  commands.RetriableDatanodeEventWatcher (RetriableDatanodeEventWatcher.java:onTimeout(47)) - RetriableDatanodeCommand type=deleteBlocksCommand with id=1571683245763 timed out. Retrying.
2019-10-21 18:40:48,763 [pool-7-thread-2] INFO  commands.RetriableDatanodeEventWatcher (RetriableDatanodeEventWatcher.java:onTimeout(47)) - RetriableDatanodeCommand type=deleteBlocksCommand with id=1571683245764 timed out. Retrying.
2019-10-21 18:40:48,764 [pool-7-thread-2] INFO  commands.RetriableDatanodeEventWatcher (RetriableDatanodeEventWatcher.java:onTimeout(47)) - RetriableDatanodeCommand type=deleteBlocksCommand with id=1571683245762 timed out. Retrying.
2019-10-21 18:40:48,765 [SCMBlockDeletingService#1] INFO  block.SCMBlockDeletingService (SCMBlockDeletingService.java:call(184)) - Totally added 1 delete blocks command for 1 datanodes, task elapsed time: 2ms
2019-10-21 18:40:48,887 [Datanode State Machine Thread - 0] INFO  ozoneimpl.OzoneContainer (OzoneContainer.java:start(213)) - Attempting to start container services.
2019-10-21 18:40:48,891 [Datanode State Machine Thread - 0] INFO  ozoneimpl.OzoneContainer (OzoneContainer.java:startContainerScrub(177)) - Background container scanner has been disabled.
2019-10-21 18:40:48,891 [Datanode State Machine Thread - 0] INFO  ratis.XceiverServerRatis (XceiverServerRatis.java:start(418)) - Starting XceiverServerRatis 52ea385b-513a-41c9-81e3-3ab71399b638 at port 37619
2019-10-21 18:40:48,902 [Datanode State Machine Thread - 0] INFO  impl.RaftServerImpl (RaftServerImpl.java:start(184)) - 52ea385b-513a-41c9-81e3-3ab71399b638@group-0A44C9741378: start as a follower, conf=0: [1417b996-b29d-4b85-9617-279817c9415e:192.168.69.123:46747, 0ae462f6-a5e4-462b-9a24-121d451bcbc9:192.168.69.123:38247, 52ea385b-513a-41c9-81e3-3ab71399b638:192.168.69.123:37619], old=null
2019-10-21 18:40:48,903 [ForkJoinPool.commonPool-worker-1] INFO  impl.RaftServerImpl (RaftServerImpl.java:start(184)) - 52ea385b-513a-41c9-81e3-3ab71399b638@group-CBF3351CBA1E: start as a follower, conf=0: [52ea385b-513a-41c9-81e3-3ab71399b638:192.168.69.123:37619], old=null
2019-10-21 18:40:48,903 [Datanode State Machine Thread - 0] INFO  impl.RaftServerImpl (RaftServerImpl.java:setRole(173)) - 52ea385b-513a-41c9-81e3-3ab71399b638@group-0A44C9741378: changes role from      null to FOLLOWER at term 1 for startAsFollower
2019-10-21 18:40:48,903 [ForkJoinPool.commonPool-worker-1] INFO  impl.RaftServerImpl (RaftServerImpl.java:setRole(173)) - 52ea385b-513a-41c9-81e3-3ab71399b638@group-CBF3351CBA1E: changes role from      null to FOLLOWER at term 1 for startAsFollower
2019-10-21 18:40:48,904 [Datanode State Machine Thread - 0] INFO  impl.RoleInfo (RoleInfo.java:updateAndGet(143)) - 52ea385b-513a-41c9-81e3-3ab71399b638: start FollowerState
2019-10-21 18:40:48,904 [ForkJoinPool.commonPool-worker-1] INFO  impl.RoleInfo (RoleInfo.java:updateAndGet(143)) - 52ea385b-513a-41c9-81e3-3ab71399b638: start FollowerState
2019-10-21 18:40:48,905 [ForkJoinPool.commonPool-worker-1] INFO  util.JmxRegister (JmxRegister.java:tryRegister(44)) - Successfully registered JMX Bean with object name Ratis:service=RaftServer,group=group-CBF3351CBA1E,id=52ea385b-513a-41c9-81e3-3ab71399b638
2019-10-21 18:40:48,905 [Datanode State Machine Thread - 0] INFO  util.JmxRegister (JmxRegister.java:tryRegister(44)) - Successfully registered JMX Bean with object name Ratis:service=RaftServer,group=group-0A44C9741378,id=52ea385b-513a-41c9-81e3-3ab71399b638
2019-10-21 18:40:48,907 [Datanode State Machine Thread - 0] INFO  impl.RaftServerProxy (RaftServerProxy.java:lambda$start$3(299)) - 52ea385b-513a-41c9-81e3-3ab71399b638: start RPC server
2019-10-21 18:40:48,909 [Datanode State Machine Thread - 0] INFO  server.GrpcService (GrpcService.java:startImpl(158)) - 52ea385b-513a-41c9-81e3-3ab71399b638: GrpcService started, listening on 0.0.0.0/0.0.0.0:37619
2019-10-21 18:40:49,232 [BlockDeletingService#2] WARN  background.BlockDeletingService (BlockDeletingService.java:isDeletionAllowed(187)) - Close Container log Index 6 is not replicated across allthe servers in the pipeline 4cfe140f-d3a3-4309-ae7c-0a44c9741378 as the min replicated index is 4. Deletion is not allowed in this container yet.
2019-10-21 18:40:49,232 [BlockDeletingService#2] WARN  background.BlockDeletingService (BlockDeletingService.java:isDeletionAllowed(187)) - Close Container log Index 6 is not replicated across allthe servers in the pipeline 4cfe140f-d3a3-4309-ae7c-0a44c9741378 as the min replicated index is 4. Deletion is not allowed in this container yet.
2019-10-21 18:40:49,764 [pool-7-thread-2] INFO  commands.RetriableDatanodeEventWatcher (RetriableDatanodeEventWatcher.java:onTimeout(47)) - RetriableDatanodeCommand type=deleteBlocksCommand with id=1571683245762 timed out. Retrying.
2019-10-21 18:40:49,765 [pool-7-thread-4] INFO  commands.RetriableDatanodeEventWatcher (RetriableDatanodeEventWatcher.java:onTimeout(47)) - RetriableDatanodeCommand type=deleteBlocksCommand with id=1571683245765 timed out. Retrying.
2019-10-21 18:40:49,765 [pool-7-thread-3] INFO  commands.RetriableDatanodeEventWatcher (RetriableDatanodeEventWatcher.java:onTimeout(47)) - RetriableDatanodeCommand type=deleteBlocksCommand with id=1571683245764 timed out. Retrying.
2019-10-21 18:40:49,765 [pool-7-thread-1] INFO  commands.RetriableDatanodeEventWatcher (RetriableDatanodeEventWatcher.java:onTimeout(47)) - RetriableDatanodeCommand type=deleteBlocksCommand with id=1571683245763 timed out. Retrying.
2019-10-21 18:40:49,767 [SCMBlockDeletingService#1] INFO  block.SCMBlockDeletingService (SCMBlockDeletingService.java:call(184)) - Totally added 1 delete blocks command for 1 datanodes, task elapsed time: 1ms
2019-10-21 18:40:50,235 [BlockDeletingService#2] WARN  background.BlockDeletingService (BlockDeletingService.java:isDeletionAllowed(187)) - Close Container log Index 6 is not replicated across allthe servers in the pipeline 4cfe140f-d3a3-4309-ae7c-0a44c9741378 as the min replicated index is 4. Deletion is not allowed in this container yet.
2019-10-21 18:40:50,235 [BlockDeletingService#2] WARN  background.BlockDeletingService (BlockDeletingService.java:isDeletionAllowed(187)) - Close Container log Index 6 is not replicated across allthe servers in the pipeline 4cfe140f-d3a3-4309-ae7c-0a44c9741378 as the min replicated index is 4. Deletion is not allowed in this container yet.
2019-10-21 18:40:50,766 [pool-7-thread-1] INFO  commands.RetriableDatanodeEventWatcher (RetriableDatanodeEventWatcher.java:onTimeout(47)) - RetriableDatanodeCommand type=deleteBlocksCommand with id=1571683245762 timed out. Retrying.
2019-10-21 18:40:50,766 [pool-7-thread-2] INFO  commands.RetriableDatanodeEventWatcher (RetriableDatanodeEventWatcher.java:onTimeout(47)) - RetriableDatanodeCommand type=deleteBlocksCommand with id=1571683245765 timed out. Retrying.
2019-10-21 18:40:50,766 [pool-7-thread-4] INFO  commands.RetriableDatanodeEventWatcher (RetriableDatanodeEventWatcher.java:onTimeout(47)) - RetriableDatanodeCommand type=deleteBlocksCommand with id=1571683245764 timed out. Retrying.
2019-10-21 18:40:50,767 [pool-7-thread-3] INFO  commands.RetriableDatanodeEventWatcher (RetriableDatanodeEventWatcher.java:onTimeout(47)) - RetriableDatanodeCommand type=deleteBlocksCommand with id=1571683245763 timed out. Retrying.
2019-10-21 18:40:50,767 [pool-7-thread-4] INFO  commands.RetriableDatanodeEventWatcher (RetriableDatanodeEventWatcher.java:onTimeout(47)) - RetriableDatanodeCommand type=deleteBlocksCommand with id=1571683245766 timed out. Retrying.
2019-10-21 18:40:50,768 [SCMBlockDeletingService#1] INFO  block.SCMBlockDeletingService (SCMBlockDeletingService.java:call(184)) - Totally added 1 delete blocks command for 1 datanodes, task elapsed time: 1ms
2019-10-21 18:40:50,888 [EventQueue-PendingDeleteStatusForPendingDeleteHandler] INFO  block.SCMBlockDeletingService (SCMBlockDeletingService.java:handlePendingDeletes(115)) - Block deletion txnID mismatch in datanode 52ea385b-513a-41c9-81e3-3ab71399b638 for containerID 1. Datanode delete txnID: 0, SCM txnID: 1
2019-10-21 18:40:51,162 [java.util.concurrent.ThreadPoolExecutor$Worker@32f303dc[State = -1, empty queue]] WARN  server.GrpcLogAppender (GrpcLogAppender.java:timeoutAppendRequest(209)) - 1417b996-b29d-4b85-9617-279817c9415e@group-0A44C9741378->52ea385b-513a-41c9-81e3-3ab71399b638-GrpcLogAppender: appendEntries Timeout, request=1417b996-b29d-4b85-9617-279817c9415e->52ea385b-513a-41c9-81e3-3ab71399b638#52-t1, previous=(t:1, i:10), leaderCommit=10, initializing? false, entries: <empty>
2019-10-21 18:40:51,237 [BlockDeletingService#2] WARN  background.BlockDeletingService (BlockDeletingService.java:isDeletionAllowed(187)) - Close Container log Index 6 is not replicated across allthe servers in the pipeline 4cfe140f-d3a3-4309-ae7c-0a44c9741378 as the min replicated index is 4. Deletion is not allowed in this container yet.
2019-10-21 18:40:51,237 [BlockDeletingService#2] WARN  background.BlockDeletingService (BlockDeletingService.java:isDeletionAllowed(187)) - Close Container log Index 6 is not replicated across allthe servers in the pipeline 4cfe140f-d3a3-4309-ae7c-0a44c9741378 as the min replicated index is 4. Deletion is not allowed in this container yet.
2019-10-21 18:40:51,768 [pool-7-thread-3] INFO  commands.RetriableDatanodeEventWatcher (RetriableDatanodeEventWatcher.java:onTimeout(47)) - RetriableDatanodeCommand type=deleteBlocksCommand with id=1571683245763 timed out. Retrying.
2019-10-21 18:40:51,768 [pool-7-thread-5] INFO  commands.RetriableDatanodeEventWatcher (RetriableDatanodeEventWatcher.java:onTimeout(47)) - RetriableDatanodeCommand type=deleteBlocksCommand with id=1571683245764 timed out. Retrying.
2019-10-21 18:40:51,769 [pool-7-thread-6] INFO  commands.RetriableDatanodeEventWatcher (RetriableDatanodeEventWatcher.java:onTimeout(47)) - RetriableDatanodeCommand type=deleteBlocksCommand with id=1571683245765 timed out. Retrying.
2019-10-21 18:40:51,769 [pool-7-thread-4] INFO  commands.RetriableDatanodeEventWatcher (RetriableDatanodeEventWatcher.java:onTimeout(47)) - RetriableDatanodeCommand type=deleteBlocksCommand with id=1571683245762 timed out. Retrying.
2019-10-21 18:40:51,769 [SCMBlockDeletingService#1] INFO  block.SCMBlockDeletingService (SCMBlockDeletingService.java:call(184)) - Totally added 1 delete blocks command for 1 datanodes, task elapsed time: 0ms
2019-10-21 18:40:51,769 [pool-7-thread-1] INFO  commands.RetriableDatanodeEventWatcher (RetriableDatanodeEventWatcher.java:onTimeout(47)) - RetriableDatanodeCommand type=deleteBlocksCommand with id=1571683245767 timed out. Retrying.
2019-10-21 18:40:51,769 [pool-7-thread-2] INFO  commands.RetriableDatanodeEventWatcher (RetriableDatanodeEventWatcher.java:onTimeout(47)) - RetriableDatanodeCommand type=deleteBlocksCommand with id=1571683245766 timed out. Retrying.
2019-10-21 18:40:52,243 [BlockDeletingService#2] WARN  background.BlockDeletingService (BlockDeletingService.java:isDeletionAllowed(187)) - Close Container log Index 6 is not replicated across allthe servers in the pipeline 4cfe140f-d3a3-4309-ae7c-0a44c9741378 as the min replicated index is 4. Deletion is not allowed in this container yet.
2019-10-21 18:40:52,243 [BlockDeletingService#2] WARN  background.BlockDeletingService (BlockDeletingService.java:isDeletionAllowed(187)) - Close Container log Index 6 is not replicated across allthe servers in the pipeline 4cfe140f-d3a3-4309-ae7c-0a44c9741378 as the min replicated index is 4. Deletion is not allowed in this container yet.
2019-10-21 18:40:52,769 [pool-7-thread-2] INFO  commands.RetriableDatanodeEventWatcher (RetriableDatanodeEventWatcher.java:onTimeout(47)) - RetriableDatanodeCommand type=deleteBlocksCommand with id=1571683245763 timed out. Retrying.
2019-10-21 18:40:52,769 [pool-7-thread-1] INFO  commands.RetriableDatanodeEventWatcher (RetriableDatanodeEventWatcher.java:onTimeout(47)) - RetriableDatanodeCommand type=deleteBlocksCommand with id=1571683245764 timed out. Retrying.
2019-10-21 18:40:52,770 [pool-7-thread-1] INFO  commands.RetriableDatanodeEventWatcher (RetriableDatanodeEventWatcher.java:onTimeout(47)) - RetriableDatanodeCommand type=deleteBlocksCommand with id=1571683245762 timed out. Retrying.
2019-10-21 18:40:52,770 [pool-7-thread-6] INFO  commands.RetriableDatanodeEventWatcher (RetriableDatanodeEventWatcher.java:onTimeout(47)) - RetriableDatanodeCommand type=deleteBlocksCommand with id=1571683245765 timed out. Retrying.
2019-10-21 18:40:52,770 [pool-7-thread-5] INFO  commands.RetriableDatanodeEventWatcher (RetriableDatanodeEventWatcher.java:onTimeout(47)) - RetriableDatanodeCommand type=deleteBlocksCommand with id=1571683245768 timed out. Retrying.
2019-10-21 18:40:52,770 [pool-7-thread-2] INFO  commands.RetriableDatanodeEventWatcher (RetriableDatanodeEventWatcher.java:onTimeout(47)) - RetriableDatanodeCommand type=deleteBlocksCommand with id=1571683245766 timed out. Retrying.
2019-10-21 18:40:52,770 [SCMBlockDeletingService#1] INFO  block.SCMBlockDeletingService (SCMBlockDeletingService.java:call(184)) - Totally added 1 delete blocks command for 1 datanodes, task elapsed time: 1ms
2019-10-21 18:40:52,771 [pool-7-thread-4] INFO  commands.RetriableDatanodeEventWatcher (RetriableDatanodeEventWatcher.java:onTimeout(47)) - RetriableDatanodeCommand type=deleteBlocksCommand with id=1571683245767 timed out. Retrying.
2019-10-21 18:40:52,886 [EventQueue-PendingDeleteStatusForPendingDeleteHandler] INFO  block.SCMBlockDeletingService (SCMBlockDeletingService.java:handlePendingDeletes(115)) - Block deletion txnID mismatch in datanode 52ea385b-513a-41c9-81e3-3ab71399b638 for containerID 1. Datanode delete txnID: 0, SCM txnID: 1
2019-10-21 18:40:52,900 [Thread-573] INFO  client.GrpcClientProtocolService (GrpcClientProtocolService.java:lambda$processClientRequest$0(279)) - Failed RaftClientRequest:client-78F0D1780252->0ae462f6-a5e4-462b-9a24-121d451bcbc9@group-0A44C9741378, cid=10, seq=0, Watch-ALL_COMMITTED(6), Message:<EMPTY>, reply=RaftClientReply:client-78F0D1780252->0ae462f6-a5e4-462b-9a24-121d451bcbc9@group-0A44C9741378, cid=10, FAILED org.apache.ratis.protocol.NotLeaderException: Server 0ae462f6-a5e4-462b-9a24-121d451bcbc9@group-0A44C9741378 is not the leader 1417b996-b29d-4b85-9617-279817c9415e:192.168.69.123:46747, logIndex=0, commits[0ae462f6-a5e4-462b-9a24-121d451bcbc9:c10, 1417b996-b29d-4b85-9617-279817c9415e:c10, 52ea385b-513a-41c9-81e3-3ab71399b638:c4]
2019-10-21 18:40:52,978 [grpc-default-executor-0] INFO  impl.RaftServerProxy (RaftServerProxy.java:addNew(89)) - 52ea385b-513a-41c9-81e3-3ab71399b638: addNew group-069424414876:[52ea385b-513a-41c9-81e3-3ab71399b638:192.168.69.123:37619] returns group-069424414876:java.util.concurrent.CompletableFuture@4812babf[Not completed]
2019-10-21 18:40:52,983 [pool-59-thread-1] INFO  impl.RaftServerImpl (RaftServerImpl.java:<init>(98)) - 52ea385b-513a-41c9-81e3-3ab71399b638: new RaftServerImpl for group-069424414876:[52ea385b-513a-41c9-81e3-3ab71399b638:192.168.69.123:37619] with ContainerStateMachine:uninitialized
2019-10-21 18:40:52,984 [pool-59-thread-1] INFO  server.RaftServerConfigKeys (ConfUtils.java:logGet(43)) - raft.server.rpc.timeout.min = 5s (custom)
2019-10-21 18:40:52,984 [pool-59-thread-1] INFO  server.RaftServerConfigKeys (ConfUtils.java:logGet(43)) - raft.server.rpc.timeout.max = 5200ms (custom)
2019-10-21 18:40:52,984 [pool-59-thread-1] INFO  server.RaftServerConfigKeys (ConfUtils.java:logGet(43)) - raft.server.rpcslowness.timeout = 1000s (custom)
2019-10-21 18:40:52,985 [pool-59-thread-1] INFO  server.RaftServerConfigKeys (ConfUtils.java:logGet(43)) - raft.server.sleep.deviation.threshold = 300 (default)
2019-10-21 18:40:52,985 [pool-59-thread-1] INFO  server.RaftServerConfigKeys (ConfUtils.java:logGet(43)) - raft.server.log.appender.install.snapshot.enabled = false (custom)
2019-10-21 18:40:52,985 [pool-59-thread-1] INFO  impl.RaftServerImpl (ServerState.java:<init>(103)) - 52ea385b-513a-41c9-81e3-3ab71399b638@group-069424414876: ConfigurationManager, init=-1: [52ea385b-513a-41c9-81e3-3ab71399b638:192.168.69.123:37619], old=null, confs=<EMPTY_MAP>
2019-10-21 18:40:52,985 [pool-59-thread-1] INFO  server.RaftServerConfigKeys (ConfUtils.java:logGet(43)) - raft.server.storage.dir = [/workdir/hadoop-ozone/integration-test/target/test-dir/MiniOzoneClusterImpl-73360a76-796f-4047-87d4-3c41f9cd92df/datanode-2/data/ratis] (custom)
2019-10-21 18:40:52,986 [pool-59-thread-1] INFO  server.RaftServerConfigKeys (ConfUtils.java:logGet(43)) - raft.server.log.corruption.policy = EXCEPTION (default)
2019-10-21 18:40:52,986 [pool-59-thread-1] INFO  storage.RaftStorageDirectory (RaftStorageDirectory.java:analyzeStorage(246)) - The storage directory /workdir/hadoop-ozone/integration-test/target/test-dir/MiniOzoneClusterImpl-73360a76-796f-4047-87d4-3c41f9cd92df/datanode-2/data/ratis/45a87402-c435-43b3-98da-069424414876 does not exist. Creating ...
2019-10-21 18:40:53,001 [pool-59-thread-1] INFO  storage.RaftStorageDirectory (RaftStorageDirectory.java:tryLock(328)) - Lock on /workdir/hadoop-ozone/integration-test/target/test-dir/MiniOzoneClusterImpl-73360a76-796f-4047-87d4-3c41f9cd92df/datanode-2/data/ratis/45a87402-c435-43b3-98da-069424414876/in_use.lock acquired by nodename 6609@pr-hdds-2340-skh4f-3510823728
2019-10-21 18:40:53,015 [pool-59-thread-1] INFO  storage.RaftStorage (RaftStorage.java:format(84)) - Storage directory /workdir/hadoop-ozone/integration-test/target/test-dir/MiniOzoneClusterImpl-73360a76-796f-4047-87d4-3c41f9cd92df/datanode-2/data/ratis/45a87402-c435-43b3-98da-069424414876 has been successfully formatted.
2019-10-21 18:40:53,015 [pool-59-thread-1] INFO  ratis.ContainerStateMachine (ContainerStateMachine.java:loadSnapshot(231)) - group-069424414876: The snapshot info is null. Setting the last applied indexto:(t:0, i:~)
2019-10-21 18:40:53,015 [pool-59-thread-1] INFO  server.RaftServerConfigKeys (ConfUtils.java:logGet(43)) - raft.server.notification.no-leader.timeout = 1000s (custom)
2019-10-21 18:40:53,016 [pool-59-thread-1] INFO  server.RaftServerConfigKeys (ConfUtils.java:logGet(43)) - raft.server.log.use.memory = false (default)
2019-10-21 18:40:53,016 [pool-59-thread-1] INFO  server.RaftServerConfigKeys (ConfUtils.java:logGet(43)) - raft.server.log.purge.gap = 1000000 (custom)
2019-10-21 18:40:53,016 [pool-59-thread-1] INFO  server.RaftServerConfigKeys (ConfUtils.java:logGet(43)) - raft.server.log.appender.buffer.byte-limit = 33554432 (custom)
2019-10-21 18:40:53,016 [pool-59-thread-1] INFO  server.RaftServerConfigKeys (ConfUtils.java:logGet(43)) - raft.server.log.segment.size.max = 1048576 (custom)
2019-10-21 18:40:53,017 [pool-59-thread-1] INFO  server.RaftServerConfigKeys (ConfUtils.java:logGet(43)) - raft.server.log.segment.cache.num.max = 2 (custom)
2019-10-21 18:40:53,017 [pool-59-thread-1] INFO  segmented.SegmentedRaftLogWorker (SegmentedRaftLogWorker.java:<init>(173)) - new 52ea385b-513a-41c9-81e3-3ab71399b638@group-069424414876-SegmentedRaftLogWorker for RaftStorage:Storage Directory /workdir/hadoop-ozone/integration-test/target/test-dir/MiniOzoneClusterImpl-73360a76-796f-4047-87d4-3c41f9cd92df/datanode-2/data/ratis/45a87402-c435-43b3-98da-069424414876
2019-10-21 18:40:53,017 [pool-59-thread-1] INFO  server.RaftServerConfigKeys (ConfUtils.java:logGet(43)) - raft.server.log.queue.byte-limit = 2147483647 (custom)
2019-10-21 18:40:53,017 [pool-59-thread-1] INFO  server.RaftServerConfigKeys (ConfUtils.java:logGet(43)) - raft.server.log.queue.element-limit = 1024 (custom)
2019-10-21 18:40:53,017 [pool-59-thread-1] INFO  server.RaftServerConfigKeys (ConfUtils.java:logGet(43)) - raft.server.log.segment.size.max = 1048576 (custom)
2019-10-21 18:40:53,018 [pool-59-thread-1] INFO  server.RaftServerConfigKeys (ConfUtils.java:logGet(43)) - raft.server.log.preallocated.size = 16384 (custom)
2019-10-21 18:40:53,018 [pool-59-thread-1] INFO  server.RaftServerConfigKeys (ConfUtils.java:logGet(43)) - raft.server.log.write.buffer.size = 33554432 (custom)
2019-10-21 18:40:53,018 [pool-59-thread-1] INFO  server.RaftServerConfigKeys (ConfUtils.java:logGet(43)) - raft.server.log.force.sync.num = 128 (default)
2019-10-21 18:40:53,018 [pool-59-thread-1] INFO  server.RaftServerConfigKeys (ConfUtils.java:logGet(43)) - raft.server.log.statemachine.data.sync = true (default)
2019-10-21 18:40:53,018 [pool-59-thread-1] INFO  server.RaftServerConfigKeys (ConfUtils.java:logGet(43)) - raft.server.log.statemachine.data.sync.timeout = 10s (default)
2019-10-21 18:40:53,018 [pool-59-thread-1] INFO  server.RaftServerConfigKeys (ConfUtils.java:logGet(43)) - raft.server.log.statemachine.data.sync.timeout.retry = -1 (default)
2019-10-21 18:40:53,019 [pool-59-thread-1] INFO  server.RaftServerConfigKeys (ConfUtils.java:logGet(43)) - raft.server.log.statemachine.data.caching.enabled = true (custom)
2019-10-21 18:40:53,019 [pool-59-thread-1] INFO  segmented.SegmentedRaftLogWorker (SegmentedRaftLogWorker.java:lambda$new$0(128)) - 52ea385b-513a-41c9-81e3-3ab71399b638@group-069424414876-SegmentedRaftLogWorker: flushIndex: setUnconditionally 0 -> -1
2019-10-21 18:40:53,020 [pool-59-thread-1] INFO  server.RaftServerConfigKeys (ConfUtils.java:logGet(43)) - raft.server.snapshot.auto.trigger.enabled = true (custom)
2019-10-21 18:40:53,020 [pool-59-thread-1] INFO  server.RaftServerConfigKeys (ConfUtils.java:logGet(43)) - raft.server.snapshot.auto.trigger.threshold = 10000 (custom)
2019-10-21 18:40:53,020 [pool-59-thread-1] INFO  server.RaftServerConfigKeys (ConfUtils.java:logGet(43)) - raft.server.snapshot.retention.file.num = 5 (custom)
2019-10-21 18:40:53,020 [pool-59-thread-1] INFO  server.RaftServerConfigKeys (ConfUtils.java:logGet(43)) - raft.server.retrycache.expirytime = 600000ms (custom)
2019-10-21 18:40:53,021 [pool-59-thread-1] WARN  impl.MetricRegistriesImpl (MetricRegistriesImpl.java:lambda$create$1(61)) - First MetricRegistry has been created without registering reporters. You may need to call MetricRegistries.global().addReportRegistration(...) before.
2019-10-21 18:40:53,022 [pool-59-thread-1] WARN  impl.MetricRegistriesImpl (MetricRegistriesImpl.java:lambda$create$1(61)) - First MetricRegistry has been created without registering reporters. You may need to call MetricRegistries.global().addReportRegistration(...) before.
2019-10-21 18:40:53,022 [pool-59-thread-1] INFO  impl.RaftServerImpl (RaftServerImpl.java:start(184)) - 52ea385b-513a-41c9-81e3-3ab71399b638@group-069424414876: start as a follower, conf=-1: [52ea385b-513a-41c9-81e3-3ab71399b638:192.168.69.123:37619], old=null
2019-10-21 18:40:53,022 [pool-59-thread-1] INFO  impl.RaftServerImpl (RaftServerImpl.java:setRole(173)) - 52ea385b-513a-41c9-81e3-3ab71399b638@group-069424414876: changes role from      null to FOLLOWER at term 0 for startAsFollower
2019-10-21 18:40:53,022 [pool-59-thread-1] INFO  impl.RoleInfo (RoleInfo.java:updateAndGet(143)) - 52ea385b-513a-41c9-81e3-3ab71399b638: start FollowerState
2019-10-21 18:40:53,023 [pool-59-thread-1] INFO  util.JmxRegister (JmxRegister.java:tryRegister(44)) - Successfully registered JMX Bean with object name Ratis:service=RaftServer,group=group-069424414876,id=52ea385b-513a-41c9-81e3-3ab71399b638
2019-10-21 18:40:53,023 [pool-59-thread-1] WARN  impl.MetricRegistriesImpl (MetricRegistriesImpl.java:lambda$create$1(61)) - First MetricRegistry has been created without registering reporters. You may need to call MetricRegistries.global().addReportRegistration(...) before.
2019-10-21 18:40:53,031 [RatisPipelineUtilsThread] INFO  pipeline.PipelineStateManager (PipelineStateManager.java:addPipeline(56)) - Created pipeline Pipeline[ Id: 45a87402-c435-43b3-98da-069424414876, Nodes: 52ea385b-513a-41c9-81e3-3ab71399b638{ip: 192.168.69.123, host: pr-hdds-2340-skh4f-3510823728, networkLocation: /default-rack, certSerialId: null}, Type:RATIS, Factor:ONE, State:OPEN]
2019-10-21 18:40:53,046 [grpc-default-executor-1] INFO  impl.RaftServerProxy (RaftServerProxy.java:addNew(89)) - 0ae462f6-a5e4-462b-9a24-121d451bcbc9: addNew group-A10C91520A6F:[1417b996-b29d-4b85-9617-279817c9415e:192.168.69.123:46747, 0ae462f6-a5e4-462b-9a24-121d451bcbc9:192.168.69.123:38247, 52ea385b-513a-41c9-81e3-3ab71399b638:192.168.69.123:37619] returns group-A10C91520A6F:java.util.concurrent.CompletableFuture@122a0710[Not completed]
2019-10-21 18:40:53,046 [grpc-default-executor-0] INFO  impl.RaftServerProxy (RaftServerProxy.java:addNew(89)) - 1417b996-b29d-4b85-9617-279817c9415e: addNew group-A10C91520A6F:[1417b996-b29d-4b85-9617-279817c9415e:192.168.69.123:46747, 0ae462f6-a5e4-462b-9a24-121d451bcbc9:192.168.69.123:38247, 52ea385b-513a-41c9-81e3-3ab71399b638:192.168.69.123:37619] returns group-A10C91520A6F:java.util.concurrent.CompletableFuture@7c831961[Not completed]
2019-10-21 18:40:53,047 [grpc-default-executor-4] INFO  impl.RaftServerProxy (RaftServerProxy.java:addNew(89)) - 52ea385b-513a-41c9-81e3-3ab71399b638: addNew group-A10C91520A6F:[1417b996-b29d-4b85-9617-279817c9415e:192.168.69.123:46747, 0ae462f6-a5e4-462b-9a24-121d451bcbc9:192.168.69.123:38247, 52ea385b-513a-41c9-81e3-3ab71399b638:192.168.69.123:37619] returns group-A10C91520A6F:java.util.concurrent.CompletableFuture@4e40e813[Not completed]
2019-10-21 18:40:53,049 [pool-27-thread-1] INFO  impl.RaftServerImpl (RaftServerImpl.java:<init>(98)) - 1417b996-b29d-4b85-9617-279817c9415e: new RaftServerImpl for group-A10C91520A6F:[1417b996-b29d-4b85-9617-279817c9415e:192.168.69.123:46747, 0ae462f6-a5e4-462b-9a24-121d451bcbc9:192.168.69.123:38247, 52ea385b-513a-41c9-81e3-3ab71399b638:192.168.69.123:37619] with ContainerStateMachine:uninitialized
2019-10-21 18:40:53,049 [pool-27-thread-1] INFO  server.RaftServerConfigKeys (ConfUtils.java:logGet(43)) - raft.server.rpc.timeout.min = 5s (custom)
2019-10-21 18:40:53,049 [pool-27-thread-1] INFO  server.RaftServerConfigKeys (ConfUtils.java:logGet(43)) - raft.server.rpc.timeout.max = 5200ms (custom)
2019-10-21 18:40:53,050 [pool-27-thread-1] INFO  server.RaftServerConfigKeys (ConfUtils.java:logGet(43)) - raft.server.rpcslowness.timeout = 1000s (custom)
2019-10-21 18:40:53,050 [pool-27-thread-1] INFO  server.RaftServerConfigKeys (ConfUtils.java:logGet(43)) - raft.server.sleep.deviation.threshold = 300 (default)
2019-10-21 18:40:53,050 [pool-27-thread-1] INFO  server.RaftServerConfigKeys (ConfUtils.java:logGet(43)) - raft.server.log.appender.install.snapshot.enabled = false (custom)
2019-10-21 18:40:53,050 [pool-27-thread-1] INFO  impl.RaftServerImpl (ServerState.java:<init>(103)) - 1417b996-b29d-4b85-9617-279817c9415e@group-A10C91520A6F: ConfigurationManager, init=-1: [1417b996-b29d-4b85-9617-279817c9415e:192.168.69.123:46747, 0ae462f6-a5e4-462b-9a24-121d451bcbc9:192.168.69.123:38247, 52ea385b-513a-41c9-81e3-3ab71399b638:192.168.69.123:37619], old=null, confs=<EMPTY_MAP>
2019-10-21 18:40:53,050 [pool-37-thread-1] INFO  impl.RaftServerImpl (RaftServerImpl.java:<init>(98)) - 0ae462f6-a5e4-462b-9a24-121d451bcbc9: new RaftServerImpl for group-A10C91520A6F:[1417b996-b29d-4b85-9617-279817c9415e:192.168.69.123:46747, 0ae462f6-a5e4-462b-9a24-121d451bcbc9:192.168.69.123:38247, 52ea385b-513a-41c9-81e3-3ab71399b638:192.168.69.123:37619] with ContainerStateMachine:uninitialized
2019-10-21 18:40:53,050 [pool-27-thread-1] INFO  server.RaftServerConfigKeys (ConfUtils.java:logGet(43)) - raft.server.storage.dir = [/workdir/hadoop-ozone/integration-test/target/test-dir/MiniOzoneClusterImpl-73360a76-796f-4047-87d4-3c41f9cd92df/datanode-0/data/ratis] (custom)
2019-10-21 18:40:53,050 [pool-37-thread-1] INFO  server.RaftServerConfigKeys (ConfUtils.java:logGet(43)) - raft.server.rpc.timeout.min = 5s (custom)
2019-10-21 18:40:53,051 [pool-37-thread-1] INFO  server.RaftServerConfigKeys (ConfUtils.java:logGet(43)) - raft.server.rpc.timeout.max = 5200ms (custom)
2019-10-21 18:40:53,051 [pool-27-thread-1] INFO  server.RaftServerConfigKeys (ConfUtils.java:logGet(43)) - raft.server.log.corruption.policy = EXCEPTION (default)
2019-10-21 18:40:53,051 [pool-37-thread-1] INFO  server.RaftServerConfigKeys (ConfUtils.java:logGet(43)) - raft.server.rpcslowness.timeout = 1000s (custom)
2019-10-21 18:40:53,051 [pool-37-thread-1] INFO  server.RaftServerConfigKeys (ConfUtils.java:logGet(43)) - raft.server.sleep.deviation.threshold = 300 (default)
2019-10-21 18:40:53,051 [pool-27-thread-1] INFO  storage.RaftStorageDirectory (RaftStorageDirectory.java:analyzeStorage(246)) - The storage directory /workdir/hadoop-ozone/integration-test/target/test-dir/MiniOzoneClusterImpl-73360a76-796f-4047-87d4-3c41f9cd92df/datanode-0/data/ratis/91e11cd8-3dae-44c6-b989-a10c91520a6f does not exist. Creating ...
2019-10-21 18:40:53,051 [pool-37-thread-1] INFO  server.RaftServerConfigKeys (ConfUtils.java:logGet(43)) - raft.server.log.appender.install.snapshot.enabled = false (custom)
2019-10-21 18:40:53,051 [pool-59-thread-1] INFO  impl.RaftServerImpl (RaftServerImpl.java:<init>(98)) - 52ea385b-513a-41c9-81e3-3ab71399b638: new RaftServerImpl for group-A10C91520A6F:[1417b996-b29d-4b85-9617-279817c9415e:192.168.69.123:46747, 0ae462f6-a5e4-462b-9a24-121d451bcbc9:192.168.69.123:38247, 52ea385b-513a-41c9-81e3-3ab71399b638:192.168.69.123:37619] with ContainerStateMachine:uninitialized
2019-10-21 18:40:53,051 [pool-37-thread-1] INFO  impl.RaftServerImpl (ServerState.java:<init>(103)) - 0ae462f6-a5e4-462b-9a24-121d451bcbc9@group-A10C91520A6F: ConfigurationManager, init=-1: [1417b996-b29d-4b85-9617-279817c9415e:192.168.69.123:46747, 0ae462f6-a5e4-462b-9a24-121d451bcbc9:192.168.69.123:38247, 52ea385b-513a-41c9-81e3-3ab71399b638:192.168.69.123:37619], old=null, confs=<EMPTY_MAP>
2019-10-21 18:40:53,051 [pool-59-thread-1] INFO  server.RaftServerConfigKeys (ConfUtils.java:logGet(43)) - raft.server.rpc.timeout.min = 5s (custom)
2019-10-21 18:40:53,052 [pool-37-thread-1] INFO  server.RaftServerConfigKeys (ConfUtils.java:logGet(43)) - raft.server.storage.dir = [/workdir/hadoop-ozone/integration-test/target/test-dir/MiniOzoneClusterImpl-73360a76-796f-4047-87d4-3c41f9cd92df/datanode-1/data/ratis] (custom)
2019-10-21 18:40:53,052 [pool-59-thread-1] INFO  server.RaftServerConfigKeys (ConfUtils.java:logGet(43)) - raft.server.rpc.timeout.max = 5200ms (custom)
2019-10-21 18:40:53,052 [pool-59-thread-1] INFO  server.RaftServerConfigKeys (ConfUtils.java:logGet(43)) - raft.server.rpcslowness.timeout = 1000s (custom)
2019-10-21 18:40:53,052 [pool-37-thread-1] INFO  server.RaftServerConfigKeys (ConfUtils.java:logGet(43)) - raft.server.log.corruption.policy = EXCEPTION (default)
2019-10-21 18:40:53,052 [pool-59-thread-1] INFO  server.RaftServerConfigKeys (ConfUtils.java:logGet(43)) - raft.server.sleep.deviation.threshold = 300 (default)
2019-10-21 18:40:53,052 [pool-59-thread-1] INFO  server.RaftServerConfigKeys (ConfUtils.java:logGet(43)) - raft.server.log.appender.install.snapshot.enabled = false (custom)
2019-10-21 18:40:53,052 [pool-37-thread-1] INFO  storage.RaftStorageDirectory (RaftStorageDirectory.java:analyzeStorage(246)) - The storage directory /workdir/hadoop-ozone/integration-test/target/test-dir/MiniOzoneClusterImpl-73360a76-796f-4047-87d4-3c41f9cd92df/datanode-1/data/ratis/91e11cd8-3dae-44c6-b989-a10c91520a6f does not exist. Creating ...
2019-10-21 18:40:53,052 [pool-59-thread-1] INFO  impl.RaftServerImpl (ServerState.java:<init>(103)) - 52ea385b-513a-41c9-81e3-3ab71399b638@group-A10C91520A6F: ConfigurationManager, init=-1: [1417b996-b29d-4b85-9617-279817c9415e:192.168.69.123:46747, 0ae462f6-a5e4-462b-9a24-121d451bcbc9:192.168.69.123:38247, 52ea385b-513a-41c9-81e3-3ab71399b638:192.168.69.123:37619], old=null, confs=<EMPTY_MAP>
2019-10-21 18:40:53,053 [pool-59-thread-1] INFO  server.RaftServerConfigKeys (ConfUtils.java:logGet(43)) - raft.server.storage.dir = [/workdir/hadoop-ozone/integration-test/target/test-dir/MiniOzoneClusterImpl-73360a76-796f-4047-87d4-3c41f9cd92df/datanode-2/data/ratis] (custom)
2019-10-21 18:40:53,053 [pool-59-thread-1] INFO  server.RaftServerConfigKeys (ConfUtils.java:logGet(43)) - raft.server.log.corruption.policy = EXCEPTION (default)
2019-10-21 18:40:53,053 [pool-59-thread-1] INFO  storage.RaftStorageDirectory (RaftStorageDirectory.java:analyzeStorage(246)) - The storage directory /workdir/hadoop-ozone/integration-test/target/test-dir/MiniOzoneClusterImpl-73360a76-796f-4047-87d4-3c41f9cd92df/datanode-2/data/ratis/91e11cd8-3dae-44c6-b989-a10c91520a6f does not exist. Creating ...
2019-10-21 18:40:53,065 [pool-27-thread-1] INFO  storage.RaftStorageDirectory (RaftStorageDirectory.java:tryLock(328)) - Lock on /workdir/hadoop-ozone/integration-test/target/test-dir/MiniOzoneClusterImpl-73360a76-796f-4047-87d4-3c41f9cd92df/datanode-0/data/ratis/91e11cd8-3dae-44c6-b989-a10c91520a6f/in_use.lock acquired by nodename 6609@pr-hdds-2340-skh4f-3510823728
2019-10-21 18:40:53,065 [pool-59-thread-1] INFO  storage.RaftStorageDirectory (RaftStorageDirectory.java:tryLock(328)) - Lock on /workdir/hadoop-ozone/integration-test/target/test-dir/MiniOzoneClusterImpl-73360a76-796f-4047-87d4-3c41f9cd92df/datanode-2/data/ratis/91e11cd8-3dae-44c6-b989-a10c91520a6f/in_use.lock acquired by nodename 6609@pr-hdds-2340-skh4f-3510823728
2019-10-21 18:40:53,065 [pool-37-thread-1] INFO  storage.RaftStorageDirectory (RaftStorageDirectory.java:tryLock(328)) - Lock on /workdir/hadoop-ozone/integration-test/target/test-dir/MiniOzoneClusterImpl-73360a76-796f-4047-87d4-3c41f9cd92df/datanode-1/data/ratis/91e11cd8-3dae-44c6-b989-a10c91520a6f/in_use.lock acquired by nodename 6609@pr-hdds-2340-skh4f-3510823728
2019-10-21 18:40:53,080 [pool-59-thread-1] INFO  storage.RaftStorage (RaftStorage.java:format(84)) - Storage directory /workdir/hadoop-ozone/integration-test/target/test-dir/MiniOzoneClusterImpl-73360a76-796f-4047-87d4-3c41f9cd92df/datanode-2/data/ratis/91e11cd8-3dae-44c6-b989-a10c91520a6f has been successfully formatted.
2019-10-21 18:40:53,080 [pool-37-thread-1] INFO  storage.RaftStorage (RaftStorage.java:format(84)) - Storage directory /workdir/hadoop-ozone/integration-test/target/test-dir/MiniOzoneClusterImpl-73360a76-796f-4047-87d4-3c41f9cd92df/datanode-1/data/ratis/91e11cd8-3dae-44c6-b989-a10c91520a6f has been successfully formatted.
2019-10-21 18:40:53,080 [pool-27-thread-1] INFO  storage.RaftStorage (RaftStorage.java:format(84)) - Storage directory /workdir/hadoop-ozone/integration-test/target/test-dir/MiniOzoneClusterImpl-73360a76-796f-4047-87d4-3c41f9cd92df/datanode-0/data/ratis/91e11cd8-3dae-44c6-b989-a10c91520a6f has been successfully formatted.
2019-10-21 18:40:53,080 [pool-59-thread-1] INFO  ratis.ContainerStateMachine (ContainerStateMachine.java:loadSnapshot(231)) - group-A10C91520A6F: The snapshot info is null. Setting the last applied indexto:(t:0, i:~)
2019-10-21 18:40:53,080 [pool-37-thread-1] INFO  ratis.ContainerStateMachine (ContainerStateMachine.java:loadSnapshot(231)) - group-A10C91520A6F: The snapshot info is null. Setting the last applied indexto:(t:0, i:~)
2019-10-21 18:40:53,080 [pool-59-thread-1] INFO  server.RaftServerConfigKeys (ConfUtils.java:logGet(43)) - raft.server.notification.no-leader.timeout = 1000s (custom)
2019-10-21 18:40:53,080 [pool-27-thread-1] INFO  ratis.ContainerStateMachine (ContainerStateMachine.java:loadSnapshot(231)) - group-A10C91520A6F: The snapshot info is null. Setting the last applied indexto:(t:0, i:~)
2019-10-21 18:40:53,081 [pool-59-thread-1] INFO  server.RaftServerConfigKeys (ConfUtils.java:logGet(43)) - raft.server.log.use.memory = false (default)
2019-10-21 18:40:53,080 [pool-37-thread-1] INFO  server.RaftServerConfigKeys (ConfUtils.java:logGet(43)) - raft.server.notification.no-leader.timeout = 1000s (custom)
2019-10-21 18:40:53,081 [pool-59-thread-1] INFO  server.RaftServerConfigKeys (ConfUtils.java:logGet(43)) - raft.server.log.purge.gap = 1000000 (custom)
2019-10-21 18:40:53,081 [pool-27-thread-1] INFO  server.RaftServerConfigKeys (ConfUtils.java:logGet(43)) - raft.server.notification.no-leader.timeout = 1000s (custom)
2019-10-21 18:40:53,081 [pool-59-thread-1] INFO  server.RaftServerConfigKeys (ConfUtils.java:logGet(43)) - raft.server.log.appender.buffer.byte-limit = 33554432 (custom)
2019-10-21 18:40:53,081 [pool-37-thread-1] INFO  server.RaftServerConfigKeys (ConfUtils.java:logGet(43)) - raft.server.log.use.memory = false (default)
2019-10-21 18:40:53,081 [pool-59-thread-1] INFO  server.RaftServerConfigKeys (ConfUtils.java:logGet(43)) - raft.server.log.segment.size.max = 1048576 (custom)
2019-10-21 18:40:53,081 [pool-27-thread-1] INFO  server.RaftServerConfigKeys (ConfUtils.java:logGet(43)) - raft.server.log.use.memory = false (default)
2019-10-21 18:40:53,082 [pool-59-thread-1] INFO  server.RaftServerConfigKeys (ConfUtils.java:logGet(43)) - raft.server.log.segment.cache.num.max = 2 (custom)
2019-10-21 18:40:53,082 [pool-37-thread-1] INFO  server.RaftServerConfigKeys (ConfUtils.java:logGet(43)) - raft.server.log.purge.gap = 1000000 (custom)
2019-10-21 18:40:53,082 [pool-59-thread-1] INFO  segmented.SegmentedRaftLogWorker (SegmentedRaftLogWorker.java:<init>(173)) - new 52ea385b-513a-41c9-81e3-3ab71399b638@group-A10C91520A6F-SegmentedRaftLogWorker for RaftStorage:Storage Directory /workdir/hadoop-ozone/integration-test/target/test-dir/MiniOzoneClusterImpl-73360a76-796f-4047-87d4-3c41f9cd92df/datanode-2/data/ratis/91e11cd8-3dae-44c6-b989-a10c91520a6f
2019-10-21 18:40:53,082 [pool-27-thread-1] INFO  server.RaftServerConfigKeys (ConfUtils.java:logGet(43)) - raft.server.log.purge.gap = 1000000 (custom)
2019-10-21 18:40:53,082 [pool-59-thread-1] INFO  server.RaftServerConfigKeys (ConfUtils.java:logGet(43)) - raft.server.log.queue.byte-limit = 2147483647 (custom)
2019-10-21 18:40:53,082 [pool-37-thread-1] INFO  server.RaftServerConfigKeys (ConfUtils.java:logGet(43)) - raft.server.log.appender.buffer.byte-limit = 33554432 (custom)
2019-10-21 18:40:53,082 [pool-59-thread-1] INFO  server.RaftServerConfigKeys (ConfUtils.java:logGet(43)) - raft.server.log.queue.element-limit = 1024 (custom)
2019-10-21 18:40:53,082 [pool-27-thread-1] INFO  server.RaftServerConfigKeys (ConfUtils.java:logGet(43)) - raft.server.log.appender.buffer.byte-limit = 33554432 (custom)
2019-10-21 18:40:53,083 [pool-59-thread-1] INFO  server.RaftServerConfigKeys (ConfUtils.java:logGet(43)) - raft.server.log.segment.size.max = 1048576 (custom)
2019-10-21 18:40:53,083 [pool-37-thread-1] INFO  server.RaftServerConfigKeys (ConfUtils.java:logGet(43)) - raft.server.log.segment.size.max = 1048576 (custom)
2019-10-21 18:40:53,083 [pool-59-thread-1] INFO  server.RaftServerConfigKeys (ConfUtils.java:logGet(43)) - raft.server.log.preallocated.size = 16384 (custom)
2019-10-21 18:40:53,083 [pool-27-thread-1] INFO  server.RaftServerConfigKeys (ConfUtils.java:logGet(43)) - raft.server.log.segment.size.max = 1048576 (custom)
2019-10-21 18:40:53,083 [pool-59-thread-1] INFO  server.RaftServerConfigKeys (ConfUtils.java:logGet(43)) - raft.server.log.write.buffer.size = 33554432 (custom)
2019-10-21 18:40:53,083 [pool-37-thread-1] INFO  server.RaftServerConfigKeys (ConfUtils.java:logGet(43)) - raft.server.log.segment.cache.num.max = 2 (custom)
2019-10-21 18:40:53,083 [pool-59-thread-1] INFO  server.RaftServerConfigKeys (ConfUtils.java:logGet(43)) - raft.server.log.force.sync.num = 128 (default)
2019-10-21 18:40:53,084 [pool-59-thread-1] INFO  server.RaftServerConfigKeys (ConfUtils.java:logGet(43)) - raft.server.log.statemachine.data.sync = true (default)
2019-10-21 18:40:53,083 [pool-27-thread-1] INFO  server.RaftServerConfigKeys (ConfUtils.java:logGet(43)) - raft.server.log.segment.cache.num.max = 2 (custom)
2019-10-21 18:40:53,084 [pool-59-thread-1] INFO  server.RaftServerConfigKeys (ConfUtils.java:logGet(43)) - raft.server.log.statemachine.data.sync.timeout = 10s (default)
2019-10-21 18:40:53,083 [pool-37-thread-1] INFO  segmented.SegmentedRaftLogWorker (SegmentedRaftLogWorker.java:<init>(173)) - new 0ae462f6-a5e4-462b-9a24-121d451bcbc9@group-A10C91520A6F-SegmentedRaftLogWorker for RaftStorage:Storage Directory /workdir/hadoop-ozone/integration-test/target/test-dir/MiniOzoneClusterImpl-73360a76-796f-4047-87d4-3c41f9cd92df/datanode-1/data/ratis/91e11cd8-3dae-44c6-b989-a10c91520a6f
2019-10-21 18:40:53,084 [pool-59-thread-1] INFO  server.RaftServerConfigKeys (ConfUtils.java:logGet(43)) - raft.server.log.statemachine.data.sync.timeout.retry = -1 (default)
2019-10-21 18:40:53,084 [pool-27-thread-1] INFO  segmented.SegmentedRaftLogWorker (SegmentedRaftLogWorker.java:<init>(173)) - new 1417b996-b29d-4b85-9617-279817c9415e@group-A10C91520A6F-SegmentedRaftLogWorker for RaftStorage:Storage Directory /workdir/hadoop-ozone/integration-test/target/test-dir/MiniOzoneClusterImpl-73360a76-796f-4047-87d4-3c41f9cd92df/datanode-0/data/ratis/91e11cd8-3dae-44c6-b989-a10c91520a6f
2019-10-21 18:40:53,084 [pool-59-thread-1] INFO  server.RaftServerConfigKeys (ConfUtils.java:logGet(43)) - raft.server.log.statemachine.data.caching.enabled = true (custom)
2019-10-21 18:40:53,084 [pool-37-thread-1] INFO  server.RaftServerConfigKeys (ConfUtils.java:logGet(43)) - raft.server.log.queue.byte-limit = 2147483647 (custom)
2019-10-21 18:40:53,084 [pool-27-thread-1] INFO  server.RaftServerConfigKeys (ConfUtils.java:logGet(43)) - raft.server.log.queue.byte-limit = 2147483647 (custom)
2019-10-21 18:40:53,085 [pool-37-thread-1] INFO  server.RaftServerConfigKeys (ConfUtils.java:logGet(43)) - raft.server.log.queue.element-limit = 1024 (custom)
2019-10-21 18:40:53,085 [pool-27-thread-1] INFO  server.RaftServerConfigKeys (ConfUtils.java:logGet(43)) - raft.server.log.queue.element-limit = 1024 (custom)
2019-10-21 18:40:53,085 [pool-59-thread-1] INFO  segmented.SegmentedRaftLogWorker (SegmentedRaftLogWorker.java:lambda$new$0(128)) - 52ea385b-513a-41c9-81e3-3ab71399b638@group-A10C91520A6F-SegmentedRaftLogWorker: flushIndex: setUnconditionally 0 -> -1
2019-10-21 18:40:53,085 [pool-27-thread-1] INFO  server.RaftServerConfigKeys (ConfUtils.java:logGet(43)) - raft.server.log.segment.size.max = 1048576 (custom)
2019-10-21 18:40:53,085 [pool-27-thread-1] INFO  server.RaftServerConfigKeys (ConfUtils.java:logGet(43)) - raft.server.log.preallocated.size = 16384 (custom)
2019-10-21 18:40:53,085 [pool-37-thread-1] INFO  server.RaftServerConfigKeys (ConfUtils.java:logGet(43)) - raft.server.log.segment.size.max = 1048576 (custom)
2019-10-21 18:40:53,085 [pool-27-thread-1] INFO  server.RaftServerConfigKeys (ConfUtils.java:logGet(43)) - raft.server.log.write.buffer.size = 33554432 (custom)
2019-10-21 18:40:53,085 [pool-59-thread-1] INFO  server.RaftServerConfigKeys (ConfUtils.java:logGet(43)) - raft.server.snapshot.auto.trigger.enabled = true (custom)
2019-10-21 18:40:53,086 [EventQueue-PendingDeleteStatusForPendingDeleteHandler] INFO  block.SCMBlockDeletingService (SCMBlockDeletingService.java:handlePendingDeletes(115)) - Block deletion txnID mismatch in datanode 52ea385b-513a-41c9-81e3-3ab71399b638 for containerID 1. Datanode delete txnID: 0, SCM txnID: 1
2019-10-21 18:40:53,086 [pool-27-thread-1] INFO  server.RaftServerConfigKeys (ConfUtils.java:logGet(43)) - raft.server.log.force.sync.num = 128 (default)
2019-10-21 18:40:53,086 [pool-37-thread-1] INFO  server.RaftServerConfigKeys (ConfUtils.java:logGet(43)) - raft.server.log.preallocated.size = 16384 (custom)
2019-10-21 18:40:53,086 [pool-27-thread-1] INFO  server.RaftServerConfigKeys (ConfUtils.java:logGet(43)) - raft.server.log.statemachine.data.sync = true (default)
2019-10-21 18:40:53,086 [pool-59-thread-1] INFO  server.RaftServerConfigKeys (ConfUtils.java:logGet(43)) - raft.server.snapshot.auto.trigger.threshold = 10000 (custom)
2019-10-21 18:40:53,086 [pool-27-thread-1] INFO  server.RaftServerConfigKeys (ConfUtils.java:logGet(43)) - raft.server.log.statemachine.data.sync.timeout = 10s (default)
2019-10-21 18:40:53,086 [pool-37-thread-1] INFO  server.RaftServerConfigKeys (ConfUtils.java:logGet(43)) - raft.server.log.write.buffer.size = 33554432 (custom)
2019-10-21 18:40:53,087 [pool-27-thread-1] INFO  server.RaftServerConfigKeys (ConfUtils.java:logGet(43)) - raft.server.log.statemachine.data.sync.timeout.retry = -1 (default)
2019-10-21 18:40:53,086 [pool-59-thread-1] INFO  server.RaftServerConfigKeys (ConfUtils.java:logGet(43)) - raft.server.snapshot.retention.file.num = 5 (custom)
2019-10-21 18:40:53,087 [pool-27-thread-1] INFO  server.RaftServerConfigKeys (ConfUtils.java:logGet(43)) - raft.server.log.statemachine.data.caching.enabled = true (custom)
2019-10-21 18:40:53,087 [pool-59-thread-1] INFO  server.RaftServerConfigKeys (ConfUtils.java:logGet(43)) - raft.server.retrycache.expirytime = 600000ms (custom)
2019-10-21 18:40:53,087 [pool-37-thread-1] INFO  server.RaftServerConfigKeys (ConfUtils.java:logGet(43)) - raft.server.log.force.sync.num = 128 (default)
2019-10-21 18:40:53,087 [pool-27-thread-1] INFO  segmented.SegmentedRaftLogWorker (SegmentedRaftLogWorker.java:lambda$new$0(128)) - 1417b996-b29d-4b85-9617-279817c9415e@group-A10C91520A6F-SegmentedRaftLogWorker: flushIndex: setUnconditionally 0 -> -1
2019-10-21 18:40:53,087 [pool-59-thread-1] WARN  impl.MetricRegistriesImpl (MetricRegistriesImpl.java:lambda$create$1(61)) - First MetricRegistry has been created without registering reporters. You may need to call MetricRegistries.global().addReportRegistration(...) before.
2019-10-21 18:40:53,087 [pool-37-thread-1] INFO  server.RaftServerConfigKeys (ConfUtils.java:logGet(43)) - raft.server.log.statemachine.data.sync = true (default)
2019-10-21 18:40:53,088 [pool-27-thread-1] INFO  server.RaftServerConfigKeys (ConfUtils.java:logGet(43)) - raft.server.snapshot.auto.trigger.enabled = true (custom)
2019-10-21 18:40:53,088 [pool-59-thread-1] WARN  impl.MetricRegistriesImpl (MetricRegistriesImpl.java:lambda$create$1(61)) - First MetricRegistry has been created without registering reporters. You may need to call MetricRegistries.global().addReportRegistration(...) before.
2019-10-21 18:40:53,088 [pool-27-thread-1] INFO  server.RaftServerConfigKeys (ConfUtils.java:logGet(43)) - raft.server.snapshot.auto.trigger.threshold = 10000 (custom)
2019-10-21 18:40:53,088 [pool-59-thread-1] INFO  impl.RaftServerImpl (RaftServerImpl.java:start(184)) - 52ea385b-513a-41c9-81e3-3ab71399b638@group-A10C91520A6F: start as a follower, conf=-1: [1417b996-b29d-4b85-9617-279817c9415e:192.168.69.123:46747, 0ae462f6-a5e4-462b-9a24-121d451bcbc9:192.168.69.123:38247, 52ea385b-513a-41c9-81e3-3ab71399b638:192.168.69.123:37619], old=null
2019-10-21 18:40:53,088 [pool-37-thread-1] INFO  server.RaftServerConfigKeys (ConfUtils.java:logGet(43)) - raft.server.log.statemachine.data.sync.timeout = 10s (default)
2019-10-21 18:40:53,088 [pool-59-thread-1] INFO  impl.RaftServerImpl (RaftServerImpl.java:setRole(173)) - 52ea385b-513a-41c9-81e3-3ab71399b638@group-A10C91520A6F: changes role from      null to FOLLOWER at term 0 for startAsFollower
2019-10-21 18:40:53,088 [pool-27-thread-1] INFO  server.RaftServerConfigKeys (ConfUtils.java:logGet(43)) - raft.server.snapshot.retention.file.num = 5 (custom)
2019-10-21 18:40:53,089 [pool-59-thread-1] INFO  impl.RoleInfo (RoleInfo.java:updateAndGet(143)) - 52ea385b-513a-41c9-81e3-3ab71399b638: start FollowerState
2019-10-21 18:40:53,089 [pool-27-thread-1] INFO  server.RaftServerConfigKeys (ConfUtils.java:logGet(43)) - raft.server.retrycache.expirytime = 600000ms (custom)
2019-10-21 18:40:53,089 [pool-37-thread-1] INFO  server.RaftServerConfigKeys (ConfUtils.java:logGet(43)) - raft.server.log.statemachine.data.sync.timeout.retry = -1 (default)
2019-10-21 18:40:53,089 [pool-27-thread-1] WARN  impl.MetricRegistriesImpl (MetricRegistriesImpl.java:lambda$create$1(61)) - First MetricRegistry has been created without registering reporters. You may need to call MetricRegistries.global().addReportRegistration(...) before.
2019-10-21 18:40:53,089 [pool-59-thread-1] INFO  util.JmxRegister (JmxRegister.java:tryRegister(44)) - Successfully registered JMX Bean with object name Ratis:service=RaftServer,group=group-A10C91520A6F,id=52ea385b-513a-41c9-81e3-3ab71399b638
2019-10-21 18:40:53,089 [pool-27-thread-1] WARN  impl.MetricRegistriesImpl (MetricRegistriesImpl.java:lambda$create$1(61)) - First MetricRegistry has been created without registering reporters. You may need to call MetricRegistries.global().addReportRegistration(...) before.
2019-10-21 18:40:53,089 [pool-37-thread-1] INFO  server.RaftServerConfigKeys (ConfUtils.java:logGet(43)) - raft.server.log.statemachine.data.caching.enabled = true (custom)
2019-10-21 18:40:53,090 [pool-27-thread-1] INFO  impl.RaftServerImpl (RaftServerImpl.java:start(184)) - 1417b996-b29d-4b85-9617-279817c9415e@group-A10C91520A6F: start as a follower, conf=-1: [1417b996-b29d-4b85-9617-279817c9415e:192.168.69.123:46747, 0ae462f6-a5e4-462b-9a24-121d451bcbc9:192.168.69.123:38247, 52ea385b-513a-41c9-81e3-3ab71399b638:192.168.69.123:37619], old=null
2019-10-21 18:40:53,089 [pool-59-thread-1] WARN  impl.MetricRegistriesImpl (MetricRegistriesImpl.java:lambda$create$1(61)) - First MetricRegistry has been created without registering reporters. You may need to call MetricRegistries.global().addReportRegistration(...) before.
2019-10-21 18:40:53,090 [pool-27-thread-1] INFO  impl.RaftServerImpl (RaftServerImpl.java:setRole(173)) - 1417b996-b29d-4b85-9617-279817c9415e@group-A10C91520A6F: changes role from      null to FOLLOWER at term 0 for startAsFollower
2019-10-21 18:40:53,090 [pool-37-thread-1] INFO  segmented.SegmentedRaftLogWorker (SegmentedRaftLogWorker.java:lambda$new$0(128)) - 0ae462f6-a5e4-462b-9a24-121d451bcbc9@group-A10C91520A6F-SegmentedRaftLogWorker: flushIndex: setUnconditionally 0 -> -1
2019-10-21 18:40:53,090 [pool-27-thread-1] INFO  impl.RoleInfo (RoleInfo.java:updateAndGet(143)) - 1417b996-b29d-4b85-9617-279817c9415e: start FollowerState
2019-10-21 18:40:53,091 [pool-37-thread-1] INFO  server.RaftServerConfigKeys (ConfUtils.java:logGet(43)) - raft.server.snapshot.auto.trigger.enabled = true (custom)
2019-10-21 18:40:53,091 [pool-37-thread-1] INFO  server.RaftServerConfigKeys (ConfUtils.java:logGet(43)) - raft.server.snapshot.auto.trigger.threshold = 10000 (custom)
2019-10-21 18:40:53,091 [pool-37-thread-1] INFO  server.RaftServerConfigKeys (ConfUtils.java:logGet(43)) - raft.server.snapshot.retention.file.num = 5 (custom)
2019-10-21 18:40:53,091 [pool-27-thread-1] INFO  util.JmxRegister (JmxRegister.java:tryRegister(44)) - Successfully registered JMX Bean with object name Ratis:service=RaftServer,group=group-A10C91520A6F,id=1417b996-b29d-4b85-9617-279817c9415e
2019-10-21 18:40:53,091 [pool-37-thread-1] INFO  server.RaftServerConfigKeys (ConfUtils.java:logGet(43)) - raft.server.retrycache.expirytime = 600000ms (custom)
2019-10-21 18:40:53,091 [pool-27-thread-1] WARN  impl.MetricRegistriesImpl (MetricRegistriesImpl.java:lambda$create$1(61)) - First MetricRegistry has been created without registering reporters. You may need to call MetricRegistries.global().addReportRegistration(...) before.
2019-10-21 18:40:53,091 [pool-37-thread-1] WARN  impl.MetricRegistriesImpl (MetricRegistriesImpl.java:lambda$create$1(61)) - First MetricRegistry has been created without registering reporters. You may need to call MetricRegistries.global().addReportRegistration(...) before.
2019-10-21 18:40:53,093 [pool-37-thread-1] WARN  impl.MetricRegistriesImpl (MetricRegistriesImpl.java:lambda$create$1(61)) - First MetricRegistry has been created without registering reporters. You may need to call MetricRegistries.global().addReportRegistration(...) before.
2019-10-21 18:40:53,094 [pool-37-thread-1] INFO  impl.RaftServerImpl (RaftServerImpl.java:start(184)) - 0ae462f6-a5e4-462b-9a24-121d451bcbc9@group-A10C91520A6F: start as a follower, conf=-1: [1417b996-b29d-4b85-9617-279817c9415e:192.168.69.123:46747, 0ae462f6-a5e4-462b-9a24-121d451bcbc9:192.168.69.123:38247, 52ea385b-513a-41c9-81e3-3ab71399b638:192.168.69.123:37619], old=null
2019-10-21 18:40:53,094 [pool-37-thread-1] INFO  impl.RaftServerImpl (RaftServerImpl.java:setRole(173)) - 0ae462f6-a5e4-462b-9a24-121d451bcbc9@group-A10C91520A6F: changes role from      null to FOLLOWER at term 0 for startAsFollower
2019-10-21 18:40:53,095 [pool-37-thread-1] INFO  impl.RoleInfo (RoleInfo.java:updateAndGet(143)) - 0ae462f6-a5e4-462b-9a24-121d451bcbc9: start FollowerState
2019-10-21 18:40:53,097 [pool-37-thread-1] INFO  util.JmxRegister (JmxRegister.java:tryRegister(44)) - Successfully registered JMX Bean with object name Ratis:service=RaftServer,group=group-A10C91520A6F,id=0ae462f6-a5e4-462b-9a24-121d451bcbc9
2019-10-21 18:40:53,097 [pool-37-thread-1] WARN  impl.MetricRegistriesImpl (MetricRegistriesImpl.java:lambda$create$1(61)) - First MetricRegistry has been created without registering reporters. You may need to call MetricRegistries.global().addReportRegistration(...) before.
2019-10-21 18:40:53,105 [RatisPipelineUtilsThread] INFO  pipeline.PipelineStateManager (PipelineStateManager.java:addPipeline(56)) - Created pipeline Pipeline[ Id: 91e11cd8-3dae-44c6-b989-a10c91520a6f, Nodes: 1417b996-b29d-4b85-9617-279817c9415e{ip: 192.168.69.123, host: pr-hdds-2340-skh4f-3510823728, networkLocation: /default-rack, certSerialId: null}0ae462f6-a5e4-462b-9a24-121d451bcbc9{ip: 192.168.69.123, host: pr-hdds-2340-skh4f-3510823728, networkLocation: /default-rack, certSerialId: null}52ea385b-513a-41c9-81e3-3ab71399b638{ip: 192.168.69.123, host: pr-hdds-2340-skh4f-3510823728, networkLocation: /default-rack, certSerialId: null}, Type:RATIS, Factor:THREE, State:OPEN]
2019-10-21 18:40:53,245 [BlockDeletingService#2] WARN  background.BlockDeletingService (BlockDeletingService.java:isDeletionAllowed(187)) - Close Container log Index 6 is not replicated across allthe servers in the pipeline 4cfe140f-d3a3-4309-ae7c-0a44c9741378 as the min replicated index is 4. Deletion is not allowed in this container yet.
2019-10-21 18:40:53,245 [BlockDeletingService#2] WARN  background.BlockDeletingService (BlockDeletingService.java:isDeletionAllowed(187)) - Close Container log Index 6 is not replicated across allthe servers in the pipeline 4cfe140f-d3a3-4309-ae7c-0a44c9741378 as the min replicated index is 4. Deletion is not allowed in this container yet.
2019-10-21 18:40:53,387 [EventQueue-PendingDeleteStatusForPendingDeleteHandler] INFO  block.SCMBlockDeletingService (SCMBlockDeletingService.java:handlePendingDeletes(115)) - Block deletion txnID mismatch in datanode 52ea385b-513a-41c9-81e3-3ab71399b638 for containerID 1. Datanode delete txnID: 0, SCM txnID: 1
2019-10-21 18:40:53,664 [java.util.concurrent.ThreadPoolExecutor$Worker@32f303dc[State = -1, empty queue]] WARN  server.GrpcLogAppender (GrpcLogAppender.java:timeoutAppendRequest(209)) - 1417b996-b29d-4b85-9617-279817c9415e@group-0A44C9741378->52ea385b-513a-41c9-81e3-3ab71399b638-GrpcLogAppender: appendEntries Timeout, request=1417b996-b29d-4b85-9617-279817c9415e->52ea385b-513a-41c9-81e3-3ab71399b638#53-t1, previous=(t:1, i:10), leaderCommit=10, initializing? false, entries: <empty>
2019-10-21 18:40:53,688 [EventQueue-PendingDeleteStatusForPendingDeleteHandler] INFO  block.SCMBlockDeletingService (SCMBlockDeletingService.java:handlePendingDeletes(115)) - Block deletion txnID mismatch in datanode 52ea385b-513a-41c9-81e3-3ab71399b638 for containerID 1. Datanode delete txnID: 0, SCM txnID: 1
2019-10-21 18:40:53,769 [pool-7-thread-4] INFO  commands.RetriableDatanodeEventWatcher (RetriableDatanodeEventWatcher.java:onTimeout(47)) - RetriableDatanodeCommand type=deleteBlocksCommand with id=1571683245763 timed out. Retrying.
2019-10-21 18:40:53,770 [pool-7-thread-2] INFO  commands.RetriableDatanodeEventWatcher (RetriableDatanodeEventWatcher.java:onTimeout(47)) - RetriableDatanodeCommand type=deleteBlocksCommand with id=1571683245764 timed out. Retrying.
2019-10-21 18:40:53,770 [pool-7-thread-5] INFO  commands.RetriableDatanodeEventWatcher (RetriableDatanodeEventWatcher.java:onTimeout(47)) - RetriableDatanodeCommand type=deleteBlocksCommand with id=1571683245769 timed out. Retrying.
2019-10-21 18:40:53,770 [pool-7-thread-6] INFO  commands.RetriableDatanodeEventWatcher (RetriableDatanodeEventWatcher.java:onTimeout(47)) - RetriableDatanodeCommand type=deleteBlocksCommand with id=1571683245767 timed out. Retrying.
2019-10-21 18:40:53,771 [pool-7-thread-3] INFO  commands.RetriableDatanodeEventWatcher (RetriableDatanodeEventWatcher.java:onTimeout(47)) - RetriableDatanodeCommand type=deleteBlocksCommand with id=1571683245768 timed out. Retrying.
2019-10-21 18:40:53,771 [pool-7-thread-1] INFO  commands.RetriableDatanodeEventWatcher (RetriableDatanodeEventWatcher.java:onTimeout(47)) - RetriableDatanodeCommand type=deleteBlocksCommand with id=1571683245765 timed out. Retrying.
2019-10-21 18:40:53,771 [pool-7-thread-2] INFO  commands.RetriableDatanodeEventWatcher (RetriableDatanodeEventWatcher.java:onTimeout(47)) - RetriableDatanodeCommand type=deleteBlocksCommand with id=1571683245762 timed out. Retrying.
2019-10-21 18:40:53,771 [pool-7-thread-4] INFO  commands.RetriableDatanodeEventWatcher (RetriableDatanodeEventWatcher.java:onTimeout(47)) - RetriableDatanodeCommand type=deleteBlocksCommand with id=1571683245766 timed out. Retrying.
2019-10-21 18:40:53,772 [SCMBlockDeletingService#1] INFO  block.SCMBlockDeletingService (SCMBlockDeletingService.java:call(184)) - Totally added 1 delete blocks command for 1 datanodes, task elapsed time: 1ms
2019-10-21 18:40:53,884 [Thread-593] INFO  client.GrpcClientProtocolService (GrpcClientProtocolService.java:lambda$processClientRequest$0(279)) - Failed RaftClientRequest:client-78F0D1780252->1417b996-b29d-4b85-9617-279817c9415e@group-0A44C9741378, cid=10, seq=0, Watch-ALL_COMMITTED(6), Message:<EMPTY>, reply=RaftClientReply:client-78F0D1780252->1417b996-b29d-4b85-9617-279817c9415e@group-0A44C9741378, cid=10, FAILED org.apache.ratis.protocol.NotReplicatedException: Request with call Id 10 and log index 6 is not yet replicated to ALL_COMMITTED, logIndex=6, commits[1417b996-b29d-4b85-9617-279817c9415e:c10, 0ae462f6-a5e4-462b-9a24-121d451bcbc9:c10, 52ea385b-513a-41c9-81e3-3ab71399b638:c4]
2019-10-21 18:40:53,907 [EventQueue-PendingDeleteStatusForPendingDeleteHandler] INFO  block.SCMBlockDeletingService (SCMBlockDeletingService.java:handlePendingDeletes(115)) - Block deletion txnID mismatch in datanode 52ea385b-513a-41c9-81e3-3ab71399b638 for containerID 1. Datanode delete txnID: 0, SCM txnID: 1
2019-10-21 18:40:53,907 [Command processor thread] INFO  commandhandler.DeleteBlocksCommandHandler (DeleteBlocksCommandHandler.java:handle(106)) - Start to delete container blocks, TXIDs=[1(0)], numOfContainers=1, numOfBlocks=1
2019-10-21 18:40:53,909 [Command processor thread] INFO  commandhandler.DeleteBlocksCommandHandler (DeleteBlocksCommandHandler.java:handle(106)) - Start to delete container blocks, TXIDs=[1(2)], numOfContainers=1, numOfBlocks=1
2019-10-21 18:40:53,909 [Command processor thread] INFO  commandhandler.DeleteBlocksCommandHandler (DeleteBlocksCommandHandler.java:handle(106)) - Start to delete container blocks, TXIDs=[1(0)], numOfContainers=1, numOfBlocks=1
2019-10-21 18:40:53,909 [Command processor thread] INFO  commandhandler.DeleteBlocksCommandHandler (DeleteBlocksCommandHandler.java:handle(106)) - Start to delete container blocks, TXIDs=[1(2)], numOfContainers=1, numOfBlocks=1
2019-10-21 18:40:53,910 [Command processor thread] INFO  commandhandler.DeleteBlocksCommandHandler (DeleteBlocksCommandHandler.java:handle(106)) - Start to delete container blocks, TXIDs=[1(2)], numOfContainers=1, numOfBlocks=1
2019-10-21 18:40:53,910 [Command processor thread] INFO  commandhandler.DeleteBlocksCommandHandler (DeleteBlocksCommandHandler.java:handle(106)) - Start to delete container blocks, TXIDs=[1(0)], numOfContainers=1, numOfBlocks=1
2019-10-21 18:40:53,910 [Command processor thread] INFO  commandhandler.DeleteBlocksCommandHandler (DeleteBlocksCommandHandler.java:handle(106)) - Start to delete container blocks, TXIDs=[1(2)], numOfContainers=1, numOfBlocks=1
2019-10-21 18:40:53,910 [Command processor thread] INFO  commandhandler.DeleteBlocksCommandHandler (DeleteBlocksCommandHandler.java:handle(106)) - Start to delete container blocks, TXIDs=[1(2)], numOfContainers=1, numOfBlocks=1
2019-10-21 18:40:53,911 [Command processor thread] INFO  commandhandler.DeleteBlocksCommandHandler (DeleteBlocksCommandHandler.java:handle(106)) - Start to delete container blocks, TXIDs=[1(0)], numOfContainers=1, numOfBlocks=1
2019-10-21 18:40:53,911 [Command processor thread] INFO  commandhandler.DeleteBlocksCommandHandler (DeleteBlocksCommandHandler.java:handle(106)) - Start to delete container blocks, TXIDs=[1(2)], numOfContainers=1, numOfBlocks=1
2019-10-21 18:40:53,911 [Command processor thread] INFO  commandhandler.DeleteBlocksCommandHandler (DeleteBlocksCommandHandler.java:handle(106)) - Start to delete container blocks, TXIDs=[1(0)], numOfContainers=1, numOfBlocks=1
2019-10-21 18:40:53,911 [Command processor thread] INFO  commandhandler.DeleteBlocksCommandHandler (DeleteBlocksCommandHandler.java:handle(106)) - Start to delete container blocks, TXIDs=[1(2)], numOfContainers=1, numOfBlocks=1
2019-10-21 18:40:53,911 [Command processor thread] INFO  commandhandler.DeleteBlocksCommandHandler (DeleteBlocksCommandHandler.java:handle(106)) - Start to delete container blocks, TXIDs=[1(2)], numOfContainers=1, numOfBlocks=1
2019-10-21 18:40:53,912 [Command processor thread] INFO  commandhandler.DeleteBlocksCommandHandler (DeleteBlocksCommandHandler.java:handle(106)) - Start to delete container blocks, TXIDs=[1(2)], numOfContainers=1, numOfBlocks=1
2019-10-21 18:40:53,912 [Command processor thread] INFO  commandhandler.DeleteBlocksCommandHandler (DeleteBlocksCommandHandler.java:handle(106)) - Start to delete container blocks, TXIDs=[1(2)], numOfContainers=1, numOfBlocks=1
2019-10-21 18:40:53,912 [Command processor thread] INFO  commandhandler.DeleteBlocksCommandHandler (DeleteBlocksCommandHandler.java:handle(106)) - Start to delete container blocks, TXIDs=[1(0)], numOfContainers=1, numOfBlocks=1
2019-10-21 18:40:53,912 [Command processor thread] INFO  commandhandler.DeleteBlocksCommandHandler (DeleteBlocksCommandHandler.java:handle(106)) - Start to delete container blocks, TXIDs=[1(2)], numOfContainers=1, numOfBlocks=1
2019-10-21 18:40:53,913 [Command processor thread] INFO  commandhandler.DeleteBlocksCommandHandler (DeleteBlocksCommandHandler.java:handle(106)) - Start to delete container blocks, TXIDs=[1(2)], numOfContainers=1, numOfBlocks=1
2019-10-21 18:40:53,913 [Command processor thread] INFO  commandhandler.DeleteBlocksCommandHandler (DeleteBlocksCommandHandler.java:handle(106)) - Start to delete container blocks, TXIDs=[1(2)], numOfContainers=1, numOfBlocks=1
2019-10-21 18:40:53,913 [Command processor thread] INFO  commandhandler.DeleteBlocksCommandHandler (DeleteBlocksCommandHandler.java:handle(106)) - Start to delete container blocks, TXIDs=[1(2)], numOfContainers=1, numOfBlocks=1
2019-10-21 18:40:53,913 [Command processor thread] INFO  commandhandler.DeleteBlocksCommandHandler (DeleteBlocksCommandHandler.java:handle(106)) - Start to delete container blocks, TXIDs=[1(2)], numOfContainers=1, numOfBlocks=1
2019-10-21 18:40:53,913 [Command processor thread] INFO  commandhandler.DeleteBlocksCommandHandler (DeleteBlocksCommandHandler.java:handle(106)) - Start to delete container blocks, TXIDs=[1(2)], numOfContainers=1, numOfBlocks=1
2019-10-21 18:40:53,914 [Command processor thread] INFO  commandhandler.DeleteBlocksCommandHandler (DeleteBlocksCommandHandler.java:handle(106)) - Start to delete container blocks, TXIDs=[1(2)], numOfContainers=1, numOfBlocks=1
2019-10-21 18:40:53,914 [Command processor thread] INFO  commandhandler.DeleteBlocksCommandHandler (DeleteBlocksCommandHandler.java:handle(106)) - Start to delete container blocks, TXIDs=[1(2)], numOfContainers=1, numOfBlocks=1
2019-10-21 18:40:53,914 [Command processor thread] INFO  commandhandler.DeleteBlocksCommandHandler (DeleteBlocksCommandHandler.java:handle(106)) - Start to delete container blocks, TXIDs=[1(2)], numOfContainers=1, numOfBlocks=1
2019-10-21 18:40:53,914 [Command processor thread] INFO  commandhandler.DeleteBlocksCommandHandler (DeleteBlocksCommandHandler.java:handle(106)) - Start to delete container blocks, TXIDs=[1(0)], numOfContainers=1, numOfBlocks=1
2019-10-21 18:40:53,915 [Command processor thread] INFO  commandhandler.DeleteBlocksCommandHandler (DeleteBlocksCommandHandler.java:handle(106)) - Start to delete container blocks, TXIDs=[1(2)], numOfContainers=1, numOfBlocks=1
2019-10-21 18:40:53,915 [Command processor thread] INFO  commandhandler.DeleteBlocksCommandHandler (DeleteBlocksCommandHandler.java:handle(106)) - Start to delete container blocks, TXIDs=[1(2)], numOfContainers=1, numOfBlocks=1
2019-10-21 18:40:53,915 [Command processor thread] INFO  commandhandler.DeleteBlocksCommandHandler (DeleteBlocksCommandHandler.java:handle(106)) - Start to delete container blocks, TXIDs=[1(2)], numOfContainers=1, numOfBlocks=1
2019-10-21 18:40:53,915 [Command processor thread] INFO  commandhandler.DeleteBlocksCommandHandler (DeleteBlocksCommandHandler.java:handle(106)) - Start to delete container blocks, TXIDs=[1(2)], numOfContainers=1, numOfBlocks=1
2019-10-21 18:40:53,915 [Command processor thread] INFO  commandhandler.DeleteBlocksCommandHandler (DeleteBlocksCommandHandler.java:handle(106)) - Start to delete container blocks, TXIDs=[1(2)], numOfContainers=1, numOfBlocks=1
2019-10-21 18:40:53,916 [Command processor thread] INFO  commandhandler.DeleteBlocksCommandHandler (DeleteBlocksCommandHandler.java:handle(106)) - Start to delete container blocks, TXIDs=[1(0)], numOfContainers=1, numOfBlocks=1
2019-10-21 18:40:53,916 [Command processor thread] INFO  commandhandler.DeleteBlocksCommandHandler (DeleteBlocksCommandHandler.java:handle(106)) - Start to delete container blocks, TXIDs=[1(2)], numOfContainers=1, numOfBlocks=1
2019-10-21 18:40:53,916 [Command processor thread] INFO  commandhandler.DeleteBlocksCommandHandler (DeleteBlocksCommandHandler.java:handle(106)) - Start to delete container blocks, TXIDs=[1(2)], numOfContainers=1, numOfBlocks=1
2019-10-21 18:40:53,916 [Command processor thread] INFO  commandhandler.DeleteBlocksCommandHandler (DeleteBlocksCommandHandler.java:handle(106)) - Start to delete container blocks, TXIDs=[1(2)], numOfContainers=1, numOfBlocks=1
2019-10-21 18:40:53,917 [Command processor thread] INFO  commandhandler.DeleteBlocksCommandHandler (DeleteBlocksCommandHandler.java:handle(106)) - Start to delete container blocks, TXIDs=[1(2)], numOfContainers=1, numOfBlocks=1
2019-10-21 18:40:53,917 [Command processor thread] INFO  commandhandler.DeleteBlocksCommandHandler (DeleteBlocksCommandHandler.java:handle(106)) - Start to delete container blocks, TXIDs=[1(2)], numOfContainers=1, numOfBlocks=1
2019-10-21 18:40:53,917 [Command processor thread] INFO  commandhandler.DeleteBlocksCommandHandler (DeleteBlocksCommandHandler.java:handle(106)) - Start to delete container blocks, TXIDs=[1(2)], numOfContainers=1, numOfBlocks=1
2019-10-21 18:40:53,917 [Command processor thread] INFO  commandhandler.DeleteBlocksCommandHandler (DeleteBlocksCommandHandler.java:handle(106)) - Start to delete container blocks, TXIDs=[1(2)], numOfContainers=1, numOfBlocks=1
2019-10-21 18:40:53,917 [Command processor thread] INFO  commandhandler.DeleteBlocksCommandHandler (DeleteBlocksCommandHandler.java:handle(106)) - Start to delete container blocks, TXIDs=[1(2)], numOfContainers=1, numOfBlocks=1
2019-10-21 18:40:53,918 [Command processor thread] INFO  commandhandler.DeleteBlocksCommandHandler (DeleteBlocksCommandHandler.java:handle(106)) - Start to delete container blocks, TXIDs=[1(2)], numOfContainers=1, numOfBlocks=1
2019-10-21 18:40:53,918 [Command processor thread] INFO  commandhandler.DeleteBlocksCommandHandler (DeleteBlocksCommandHandler.java:handle(106)) - Start to delete container blocks, TXIDs=[1(2)], numOfContainers=1, numOfBlocks=1
2019-10-21 18:40:53,918 [Command processor thread] INFO  commandhandler.DeleteBlocksCommandHandler (DeleteBlocksCommandHandler.java:handle(106)) - Start to delete container blocks, TXIDs=[1(0)], numOfContainers=1, numOfBlocks=1
2019-10-21 18:40:53,918 [Command processor thread] INFO  commandhandler.DeleteBlocksCommandHandler (DeleteBlocksCommandHandler.java:handle(106)) - Start to delete container blocks, TXIDs=[1(2)], numOfContainers=1, numOfBlocks=1
2019-10-21 18:40:53,918 [Command processor thread] INFO  commandhandler.DeleteBlocksCommandHandler (DeleteBlocksCommandHandler.java:handle(106)) - Start to delete container blocks, TXIDs=[1(38)], numOfContainers=1, numOfBlocks=1
2019-10-21 18:40:53,937 [Thread-557] INFO  impl.FollowerState (FollowerState.java:run(111)) - 52ea385b-513a-41c9-81e3-3ab71399b638@group-CBF3351CBA1E-FollowerState: change to CANDIDATE, lastRpcTime:5033ms, electionTimeout:5033ms
2019-10-21 18:40:53,938 [Thread-557] INFO  impl.RoleInfo (RoleInfo.java:shutdownFollowerState(121)) - 52ea385b-513a-41c9-81e3-3ab71399b638: shutdown FollowerState
2019-10-21 18:40:53,938 [Thread-557] INFO  impl.RaftServerImpl (RaftServerImpl.java:setRole(173)) - 52ea385b-513a-41c9-81e3-3ab71399b638@group-CBF3351CBA1E: changes role from  FOLLOWER to CANDIDATE at term 1 for changeToCandidate
2019-10-21 18:40:53,938 [Thread-557] INFO  impl.RoleInfo (RoleInfo.java:updateAndGet(143)) - 52ea385b-513a-41c9-81e3-3ab71399b638: start LeaderElection
2019-10-21 18:40:53,954 [52ea385b-513a-41c9-81e3-3ab71399b638@group-CBF3351CBA1E-LeaderElection6] INFO  impl.LeaderElection (LeaderElection.java:askForVotes(178)) - 52ea385b-513a-41c9-81e3-3ab71399b638@group-CBF3351CBA1E-LeaderElection6: begin an election at term 2 for 0: [52ea385b-513a-41c9-81e3-3ab71399b638:192.168.69.123:37619], old=null
2019-10-21 18:40:53,954 [52ea385b-513a-41c9-81e3-3ab71399b638@group-CBF3351CBA1E-LeaderElection6] INFO  impl.RoleInfo (RoleInfo.java:shutdownLeaderElection(134)) - 52ea385b-513a-41c9-81e3-3ab71399b638: shutdown LeaderElection
2019-10-21 18:40:53,954 [52ea385b-513a-41c9-81e3-3ab71399b638@group-CBF3351CBA1E-LeaderElection6] INFO  impl.RaftServerImpl (RaftServerImpl.java:setRole(173)) - 52ea385b-513a-41c9-81e3-3ab71399b638@group-CBF3351CBA1E: changes role from CANDIDATE to LEADER at term 2 for changeToLeader
2019-10-21 18:40:53,955 [52ea385b-513a-41c9-81e3-3ab71399b638@group-CBF3351CBA1E-LeaderElection6] INFO  impl.RaftServerImpl (ServerState.java:setLeader(255)) - 52ea385b-513a-41c9-81e3-3ab71399b638@group-CBF3351CBA1E: change Leader from null to 52ea385b-513a-41c9-81e3-3ab71399b638 at term 2 for becomeLeader, leader elected after 7078ms
2019-10-21 18:40:53,955 [52ea385b-513a-41c9-81e3-3ab71399b638@group-CBF3351CBA1E-LeaderElection6] INFO  server.RaftServerConfigKeys (ConfUtils.java:logGet(43)) - raft.server.staging.catchup.gap = 1000 (default)
2019-10-21 18:40:53,955 [52ea385b-513a-41c9-81e3-3ab71399b638@group-CBF3351CBA1E-LeaderElection6] INFO  server.RaftServerConfigKeys (ConfUtils.java:logGet(43)) - raft.server.rpc.sleep.time = 25ms (default)
2019-10-21 18:40:53,956 [52ea385b-513a-41c9-81e3-3ab71399b638@group-CBF3351CBA1E-LeaderElection6] INFO  server.RaftServerConfigKeys (ConfUtils.java:logGet(43)) - raft.server.write.element-limit = 4096 (default)
2019-10-21 18:40:53,956 [52ea385b-513a-41c9-81e3-3ab71399b638@group-CBF3351CBA1E-LeaderElection6] INFO  server.RaftServerConfigKeys (ConfUtils.java:logGet(43)) - raft.server.watch.timeout = 10s (default)
2019-10-21 18:40:53,956 [52ea385b-513a-41c9-81e3-3ab71399b638@group-CBF3351CBA1E-LeaderElection6] INFO  server.RaftServerConfigKeys (ConfUtils.java:logGet(43)) - raft.server.watch.timeout.denomination = 1s (default)
2019-10-21 18:40:53,956 [52ea385b-513a-41c9-81e3-3ab71399b638@group-CBF3351CBA1E-LeaderElection6] INFO  server.RaftServerConfigKeys (ConfUtils.java:logGet(43)) - raft.server.watch.element-limit = 65536 (default)
2019-10-21 18:40:53,957 [52ea385b-513a-41c9-81e3-3ab71399b638@group-CBF3351CBA1E-LeaderElection6] INFO  impl.RoleInfo (RoleInfo.java:updateAndGet(143)) - 52ea385b-513a-41c9-81e3-3ab71399b638: start LeaderState
2019-10-21 18:40:53,958 [52ea385b-513a-41c9-81e3-3ab71399b638@group-CBF3351CBA1E-LeaderElection6] INFO  segmented.SegmentedRaftLogWorker (SegmentedRaftLogWorker.java:rollLogSegment(390)) - 52ea385b-513a-41c9-81e3-3ab71399b638@group-CBF3351CBA1E-SegmentedRaftLogWorker: Rolling segment log-0_0 to index:0
2019-10-21 18:40:53,962 [52ea385b-513a-41c9-81e3-3ab71399b638@group-CBF3351CBA1E-SegmentedRaftLogWorker] INFO  segmented.SegmentedRaftLogWorker (SegmentedRaftLogWorker.java:execute(533)) - 52ea385b-513a-41c9-81e3-3ab71399b638@group-CBF3351CBA1E-SegmentedRaftLogWorker: Rolled log segment from /workdir/hadoop-ozone/integration-test/target/test-dir/MiniOzoneClusterImpl-73360a76-796f-4047-87d4-3c41f9cd92df/datanode-2/data/ratis/c2028d19-7e83-46d6-b69f-cbf3351cba1e/current/log_inprogress_0 to /workdir/hadoop-ozone/integration-test/target/test-dir/MiniOzoneClusterImpl-73360a76-796f-4047-87d4-3c41f9cd92df/datanode-2/data/ratis/c2028d19-7e83-46d6-b69f-cbf3351cba1e/current/log_0-0
2019-10-21 18:40:53,963 [52ea385b-513a-41c9-81e3-3ab71399b638@group-CBF3351CBA1E-LeaderElection6] INFO  impl.RaftServerImpl (ServerState.java:setRaftConf(356)) - 52ea385b-513a-41c9-81e3-3ab71399b638@group-CBF3351CBA1E: set configuration 1: [52ea385b-513a-41c9-81e3-3ab71399b638:192.168.69.123:37619], old=null at 1
2019-10-21 18:40:53,964 [Thread-556] INFO  impl.FollowerState (FollowerState.java:run(111)) - 52ea385b-513a-41c9-81e3-3ab71399b638@group-0A44C9741378-FollowerState: change to CANDIDATE, lastRpcTime:5060ms, electionTimeout:5059ms
2019-10-21 18:40:53,987 [Thread-556] INFO  impl.RoleInfo (RoleInfo.java:shutdownFollowerState(121)) - 52ea385b-513a-41c9-81e3-3ab71399b638: shutdown FollowerState
2019-10-21 18:40:53,988 [Thread-556] INFO  impl.RaftServerImpl (RaftServerImpl.java:setRole(173)) - 52ea385b-513a-41c9-81e3-3ab71399b638@group-0A44C9741378: changes role from  FOLLOWER to CANDIDATE at term 1 for changeToCandidate
2019-10-21 18:40:53,988 [Thread-556] INFO  impl.RoleInfo (RoleInfo.java:updateAndGet(143)) - 52ea385b-513a-41c9-81e3-3ab71399b638: start LeaderElection
2019-10-21 18:40:54,001 [52ea385b-513a-41c9-81e3-3ab71399b638@group-CBF3351CBA1E-SegmentedRaftLogWorker] INFO  segmented.SegmentedRaftLogWorker (SegmentedRaftLogWorker.java:execute(576)) - 52ea385b-513a-41c9-81e3-3ab71399b638@group-CBF3351CBA1E-SegmentedRaftLogWorker: created new log segment /workdir/hadoop-ozone/integration-test/target/test-dir/MiniOzoneClusterImpl-73360a76-796f-4047-87d4-3c41f9cd92df/datanode-2/data/ratis/c2028d19-7e83-46d6-b69f-cbf3351cba1e/current/log_inprogress_1
2019-10-21 18:40:54,001 [52ea385b-513a-41c9-81e3-3ab71399b638@group-0A44C9741378-LeaderElection7] INFO  impl.LeaderElection (LeaderElection.java:askForVotes(178)) - 52ea385b-513a-41c9-81e3-3ab71399b638@group-0A44C9741378-LeaderElection7: begin an election at term 2 for 0: [1417b996-b29d-4b85-9617-279817c9415e:192.168.69.123:46747, 0ae462f6-a5e4-462b-9a24-121d451bcbc9:192.168.69.123:38247, 52ea385b-513a-41c9-81e3-3ab71399b638:192.168.69.123:37619], old=null
2019-10-21 18:40:54,014 [grpc-default-executor-4] INFO  impl.RaftServerImpl (ServerState.java:setLeader(255)) - 1417b996-b29d-4b85-9617-279817c9415e@group-0A44C9741378: change Leader from 1417b996-b29d-4b85-9617-279817c9415e to null at term 2 for updateCurrentTerm
2019-10-21 18:40:54,015 [grpc-default-executor-0] INFO  impl.RaftServerImpl (ServerState.java:setLeader(255)) - 0ae462f6-a5e4-462b-9a24-121d451bcbc9@group-0A44C9741378: change Leader from 1417b996-b29d-4b85-9617-279817c9415e to null at term 2 for updateCurrentTerm
2019-10-21 18:40:54,015 [grpc-default-executor-4] INFO  impl.RaftServerImpl (RaftServerImpl.java:setRole(173)) - 1417b996-b29d-4b85-9617-279817c9415e@group-0A44C9741378: changes role from    LEADER to FOLLOWER at term 2 for recognizeCandidate:52ea385b-513a-41c9-81e3-3ab71399b638
2019-10-21 18:40:54,015 [grpc-default-executor-0] INFO  impl.RaftServerImpl (RaftServerImpl.java:setRole(173)) - 0ae462f6-a5e4-462b-9a24-121d451bcbc9@group-0A44C9741378: changes role from  FOLLOWER to FOLLOWER at term 2 for recognizeCandidate:52ea385b-513a-41c9-81e3-3ab71399b638
2019-10-21 18:40:54,015 [grpc-default-executor-4] INFO  impl.RoleInfo (RoleInfo.java:shutdownLeaderState(104)) - 1417b996-b29d-4b85-9617-279817c9415e: shutdown LeaderState
2019-10-21 18:40:54,015 [grpc-default-executor-0] INFO  impl.RoleInfo (RoleInfo.java:shutdownFollowerState(121)) - 0ae462f6-a5e4-462b-9a24-121d451bcbc9: shutdown FollowerState
2019-10-21 18:40:54,017 [Thread-243] INFO  impl.FollowerState (FollowerState.java:run(120)) - 0ae462f6-a5e4-462b-9a24-121d451bcbc9@group-0A44C9741378-FollowerState was interrupted: java.lang.InterruptedException: sleep interrupted
2019-10-21 18:40:54,017 [grpc-default-executor-0] INFO  impl.RoleInfo (RoleInfo.java:updateAndGet(143)) - 0ae462f6-a5e4-462b-9a24-121d451bcbc9: start FollowerState
2019-10-21 18:40:54,017 [grpc-default-executor-4] INFO  impl.PendingRequests (PendingRequests.java:sendNotLeaderResponses(206)) - 1417b996-b29d-4b85-9617-279817c9415e@group-0A44C9741378-PendingRequests: sendNotLeaderResponses
2019-10-21 18:40:54,017 [org.apache.ratis.server.impl.LogAppender$AppenderDaemon$$Lambda$551/832402479@5369a5d] WARN  server.GrpcLogAppender (GrpcLogAppender.java:mayWait(149)) - 1417b996-b29d-4b85-9617-279817c9415e@group-0A44C9741378->52ea385b-513a-41c9-81e3-3ab71399b638-GrpcLogAppender: Wait interrupted by java.lang.InterruptedException
2019-10-21 18:40:54,017 [org.apache.ratis.server.impl.LogAppender$AppenderDaemon$$Lambda$551/832402479@c6a2b60] WARN  server.GrpcLogAppender (GrpcLogAppender.java:mayWait(149)) - 1417b996-b29d-4b85-9617-279817c9415e@group-0A44C9741378->0ae462f6-a5e4-462b-9a24-121d451bcbc9-GrpcLogAppender: Wait interrupted by java.lang.InterruptedException
2019-10-21 18:40:54,022 [Thread-601] INFO  client.GrpcClientProtocolService (GrpcClientProtocolService.java:lambda$processClientRequest$0(279)) - Failed RaftClientRequest:client-78F0D1780252->1417b996-b29d-4b85-9617-279817c9415e@group-0A44C9741378, cid=10, seq=0, Watch-ALL_COMMITTED(6), Message:<EMPTY>, reply=RaftClientReply:client-78F0D1780252->1417b996-b29d-4b85-9617-279817c9415e@group-0A44C9741378, cid=10, FAILED org.apache.ratis.protocol.NotLeaderException: Server 1417b996-b29d-4b85-9617-279817c9415e@group-0A44C9741378 is not the leader, logIndex=0, commits[1417b996-b29d-4b85-9617-279817c9415e:c10, 0ae462f6-a5e4-462b-9a24-121d451bcbc9:c10, 52ea385b-513a-41c9-81e3-3ab71399b638:c4]
2019-10-21 18:40:54,022 [grpc-default-executor-4] INFO  impl.RoleInfo (RoleInfo.java:updateAndGet(143)) - 1417b996-b29d-4b85-9617-279817c9415e: start FollowerState
2019-10-21 18:40:54,027 [grpc-default-executor-1] INFO  server.GrpcServerProtocolService (GrpcServerProtocolService.java:onCompleted(113)) - 0ae462f6-a5e4-462b-9a24-121d451bcbc9: Completed APPEND_ENTRIES, lastRequest: 1417b996-b29d-4b85-9617-279817c9415e->0ae462f6-a5e4-462b-9a24-121d451bcbc9#54-t1, previous=(t:1, i:10), leaderCommit=10, initializing? false, entries: <empty>
2019-10-21 18:40:54,032 [grpc-default-executor-0] INFO  server.GrpcLogAppender (GrpcLogAppender.java:onCompleted(308)) - 1417b996-b29d-4b85-9617-279817c9415e@group-0A44C9741378->0ae462f6-a5e4-462b-9a24-121d451bcbc9-AppendLogResponseHandler: follower responses appendEntries COMPLETED
2019-10-21 18:40:54,040 [52ea385b-513a-41c9-81e3-3ab71399b638@group-0A44C9741378-LeaderElection7] INFO  impl.LeaderElection (LeaderElection.java:logAndReturn(56)) - 52ea385b-513a-41c9-81e3-3ab71399b638@group-0A44C9741378-LeaderElection7: Election REJECTED; received 2 response(s) [52ea385b-513a-41c9-81e3-3ab71399b638<-1417b996-b29d-4b85-9617-279817c9415e#0:FAIL-t2, 52ea385b-513a-41c9-81e3-3ab71399b638<-0ae462f6-a5e4-462b-9a24-121d451bcbc9#0:FAIL-t2] and 0 exception(s); 52ea385b-513a-41c9-81e3-3ab71399b638@group-0A44C9741378:t2, leader=null, voted=52ea385b-513a-41c9-81e3-3ab71399b638, raftlog=52ea385b-513a-41c9-81e3-3ab71399b638@group-0A44C9741378-SegmentedRaftLog:OPENED:c3,f4,i4, conf=0: [1417b996-b29d-4b85-9617-279817c9415e:192.168.69.123:46747, 0ae462f6-a5e4-462b-9a24-121d451bcbc9:192.168.69.123:38247, 52ea385b-513a-41c9-81e3-3ab71399b638:192.168.69.123:37619], old=null
2019-10-21 18:40:54,041 [52ea385b-513a-41c9-81e3-3ab71399b638@group-0A44C9741378-LeaderElection7] INFO  impl.RaftServerImpl (RaftServerImpl.java:setRole(173)) - 52ea385b-513a-41c9-81e3-3ab71399b638@group-0A44C9741378: changes role from CANDIDATE to FOLLOWER at term 2 for DISCOVERED_A_NEW_TERM
2019-10-21 18:40:54,041 [grpc-default-executor-0] INFO  impl.FollowerInfo (FollowerInfo.java:lambda$new$0(51)) - 1417b996-b29d-4b85-9617-279817c9415e@group-0A44C9741378->0ae462f6-a5e4-462b-9a24-121d451bcbc9: nextIndex: updateUnconditionally 11 -> 10
2019-10-21 18:40:54,044 [52ea385b-513a-41c9-81e3-3ab71399b638@group-0A44C9741378-LeaderElection7] INFO  impl.RoleInfo (RoleInfo.java:shutdownLeaderElection(134)) - 52ea385b-513a-41c9-81e3-3ab71399b638: shutdown LeaderElection
2019-10-21 18:40:54,045 [52ea385b-513a-41c9-81e3-3ab71399b638@group-0A44C9741378-LeaderElection7] INFO  impl.RoleInfo (RoleInfo.java:updateAndGet(143)) - 52ea385b-513a-41c9-81e3-3ab71399b638: start FollowerState
2019-10-21 18:40:54,111 [EventQueue-DeleteBlockStatusForDeletedBlockLogImpl] WARN  block.DeletedBlockLogImpl (DeletedBlockLogImpl.java:commitTransactions(205)) - Transaction txId=1 commit by dnId=52ea385b-513a-41c9-81e3-3ab71399b638 for containerID=#1 failed. Corresponding entry not found.
2019-10-21 18:40:54,111 [EventQueue-DeleteBlockStatusForDeletedBlockLogImpl] WARN  block.DeletedBlockLogImpl (DeletedBlockLogImpl.java:commitTransactions(205)) - Transaction txId=1 commit by dnId=52ea385b-513a-41c9-81e3-3ab71399b638 for containerID=#1 failed. Corresponding entry not found.
2019-10-21 18:40:54,111 [EventQueue-DeleteBlockStatusForDeletedBlockLogImpl] WARN  block.DeletedBlockLogImpl (DeletedBlockLogImpl.java:commitTransactions(205)) - Transaction txId=1 commit by dnId=52ea385b-513a-41c9-81e3-3ab71399b638 for containerID=#1 failed. Corresponding entry not found.
2019-10-21 18:40:54,111 [EventQueue-DeleteBlockStatusForDeletedBlockLogImpl] WARN  block.DeletedBlockLogImpl (DeletedBlockLogImpl.java:commitTransactions(205)) - Transaction txId=1 commit by dnId=52ea385b-513a-41c9-81e3-3ab71399b638 for containerID=#1 failed. Corresponding entry not found.
2019-10-21 18:40:54,111 [EventQueue-DeleteBlockStatusForDeletedBlockLogImpl] WARN  block.DeletedBlockLogImpl (DeletedBlockLogImpl.java:commitTransactions(205)) - Transaction txId=1 commit by dnId=52ea385b-513a-41c9-81e3-3ab71399b638 for containerID=#1 failed. Corresponding entry not found.
2019-10-21 18:40:54,111 [EventQueue-DeleteBlockStatusForDeletedBlockLogImpl] WARN  block.DeletedBlockLogImpl (DeletedBlockLogImpl.java:commitTransactions(205)) - Transaction txId=1 commit by dnId=52ea385b-513a-41c9-81e3-3ab71399b638 for containerID=#1 failed. Corresponding entry not found.
2019-10-21 18:40:54,111 [EventQueue-DeleteBlockStatusForDeletedBlockLogImpl] WARN  block.DeletedBlockLogImpl (DeletedBlockLogImpl.java:commitTransactions(205)) - Transaction txId=1 commit by dnId=52ea385b-513a-41c9-81e3-3ab71399b638 for containerID=#1 failed. Corresponding entry not found.
2019-10-21 18:40:54,111 [EventQueue-DeleteBlockStatusForDeletedBlockLogImpl] WARN  block.DeletedBlockLogImpl (DeletedBlockLogImpl.java:commitTransactions(205)) - Transaction txId=1 commit by dnId=52ea385b-513a-41c9-81e3-3ab71399b638 for containerID=#1 failed. Corresponding entry not found.
2019-10-21 18:40:54,247 [BlockDeletingService#2] WARN  background.BlockDeletingService (BlockDeletingService.java:isDeletionAllowed(187)) - Close Container log Index 6 is not replicated across allthe servers in the pipeline 4cfe140f-d3a3-4309-ae7c-0a44c9741378 as the min replicated index is 4. Deletion is not allowed in this container yet.
2019-10-21 18:40:54,249 [BlockDeletingService#2] WARN  background.BlockDeletingService (BlockDeletingService.java:isDeletionAllowed(187)) - Close Container log Index 6 is not replicated across allthe servers in the pipeline 4cfe140f-d3a3-4309-ae7c-0a44c9741378 as the min replicated index is 4. Deletion is not allowed in this container yet.
2019-10-21 18:40:55,055 [Thread-609] INFO  client.GrpcClientProtocolService (GrpcClientProtocolService.java:lambda$processClientRequest$0(279)) - Failed RaftClientRequest:client-78F0D1780252->0ae462f6-a5e4-462b-9a24-121d451bcbc9@group-0A44C9741378, cid=10, seq=0, Watch-ALL_COMMITTED(6), Message:<EMPTY>, reply=RaftClientReply:client-78F0D1780252->0ae462f6-a5e4-462b-9a24-121d451bcbc9@group-0A44C9741378, cid=10, FAILED org.apache.ratis.protocol.NotLeaderException: Server 0ae462f6-a5e4-462b-9a24-121d451bcbc9@group-0A44C9741378 is not the leader, logIndex=0, commits[0ae462f6-a5e4-462b-9a24-121d451bcbc9:c10, 1417b996-b29d-4b85-9617-279817c9415e:c10, 52ea385b-513a-41c9-81e3-3ab71399b638:c4]
2019-10-21 18:40:55,248 [BlockDeletingService#2] WARN  background.BlockDeletingService (BlockDeletingService.java:isDeletionAllowed(187)) - Close Container log Index 6 is not replicated across allthe servers in the pipeline 4cfe140f-d3a3-4309-ae7c-0a44c9741378 as the min replicated index is 4. Deletion is not allowed in this container yet.
2019-10-21 18:40:55,251 [BlockDeletingService#2] WARN  background.BlockDeletingService (BlockDeletingService.java:isDeletionAllowed(187)) - Close Container log Index 6 is not replicated across allthe servers in the pipeline 4cfe140f-d3a3-4309-ae7c-0a44c9741378 as the min replicated index is 4. Deletion is not allowed in this container yet.
2019-10-21 18:40:56,077 [Thread-615] INFO  client.GrpcClientProtocolService (GrpcClientProtocolService.java:lambda$processClientRequest$0(279)) - Failed RaftClientRequest:client-78F0D1780252->52ea385b-513a-41c9-81e3-3ab71399b638@group-0A44C9741378, cid=10, seq=0, Watch-ALL_COMMITTED(6), Message:<EMPTY>, reply=RaftClientReply:client-78F0D1780252->52ea385b-513a-41c9-81e3-3ab71399b638@group-0A44C9741378, cid=10, FAILED org.apache.ratis.protocol.NotLeaderException: Server 52ea385b-513a-41c9-81e3-3ab71399b638@group-0A44C9741378 is not the leader, logIndex=0, commits[52ea385b-513a-41c9-81e3-3ab71399b638:c3]
2019-10-21 18:40:56,165 [java.util.concurrent.ThreadPoolExecutor$Worker@32f303dc[State = -1, empty queue]] WARN  server.GrpcLogAppender (GrpcLogAppender.java:timeoutAppendRequest(209)) - 1417b996-b29d-4b85-9617-279817c9415e@group-0A44C9741378->52ea385b-513a-41c9-81e3-3ab71399b638-GrpcLogAppender: appendEntries Timeout, request=1417b996-b29d-4b85-9617-279817c9415e->52ea385b-513a-41c9-81e3-3ab71399b638#54-t1, previous=(t:1, i:10), leaderCommit=10, initializing? false, entries: <empty>
2019-10-21 18:40:56,250 [BlockDeletingService#2] WARN  background.BlockDeletingService (BlockDeletingService.java:isDeletionAllowed(187)) - Close Container log Index 6 is not replicated across allthe servers in the pipeline 4cfe140f-d3a3-4309-ae7c-0a44c9741378 as the min replicated index is 4. Deletion is not allowed in this container yet.
2019-10-21 18:40:56,253 [BlockDeletingService#2] WARN  background.BlockDeletingService (BlockDeletingService.java:isDeletionAllowed(187)) - Close Container log Index 6 is not replicated across allthe servers in the pipeline 4cfe140f-d3a3-4309-ae7c-0a44c9741378 as the min replicated index is 4. Deletion is not allowed in this container yet.
]]></system-out>
    <system-err><![CDATA[ERROR StatusLogger No Log4j 2 configuration file found. Using default configuration (logging only errors to the console), or user programmatically provided configurations. Set system property 'log4j2.debug' to show Log4j 2 internal initialization logging. See https://logging.apache.org/log4j/2.x/manual/configuration.html for instructions on how to configure Log4j 2
Oct 21, 2019 6:39:10 PM org.apache.ratis.thirdparty.io.grpc.internal.SerializingExecutor run
SEVERE: Exception while executing runnable org.apache.ratis.thirdparty.io.grpc.internal.ServerImpl$JumpToApplicationThreadServerStreamListener$1Closed@25bbee9d
org.apache.ratis.thirdparty.io.grpc.StatusRuntimeException: CANCELLED: call already cancelled
	at org.apache.ratis.thirdparty.io.grpc.Status.asRuntimeException(Status.java:517)
	at org.apache.ratis.thirdparty.io.grpc.stub.ServerCalls$ServerCallStreamObserverImpl.onCompleted(ServerCalls.java:356)
	at org.apache.ratis.grpc.server.GrpcServerProtocolService$ServerRequestStreamObserver.onError(GrpcServerProtocolService.java:121)
	at org.apache.ratis.thirdparty.io.grpc.stub.ServerCalls$StreamingServerCallHandler$StreamingServerCallListener.onCancel(ServerCalls.java:269)
	at org.apache.ratis.thirdparty.io.grpc.internal.ServerCallImpl$ServerStreamListenerImpl.closed(ServerCallImpl.java:293)
	at org.apache.ratis.thirdparty.io.grpc.internal.ServerImpl$JumpToApplicationThreadServerStreamListener$1Closed.runInContext(ServerImpl.java:741)
	at org.apache.ratis.thirdparty.io.grpc.internal.ContextRunnable.run(ContextRunnable.java:37)
	at org.apache.ratis.thirdparty.io.grpc.internal.SerializingExecutor.run(SerializingExecutor.java:123)
	at java.util.concurrent.ThreadPoolExecutor.runWorker(ThreadPoolExecutor.java:1149)
	at java.util.concurrent.ThreadPoolExecutor$Worker.run(ThreadPoolExecutor.java:624)
	at java.lang.Thread.run(Thread.java:748)

Oct 21, 2019 6:39:10 PM org.apache.ratis.thirdparty.io.grpc.internal.SerializingExecutor run
SEVERE: Exception while executing runnable org.apache.ratis.thirdparty.io.grpc.internal.ClientCallImpl$ClientStreamListenerImpl$1StreamClosed@33c1ff5f
java.lang.NullPointerException
	at org.apache.ratis.grpc.server.GrpcLogAppender$AppendLogResponseHandler.onError(GrpcLogAppender.java:303)
	at org.apache.ratis.thirdparty.io.grpc.stub.ClientCalls$StreamObserverToCallListenerAdapter.onClose(ClientCalls.java:434)
	at org.apache.ratis.thirdparty.io.grpc.PartialForwardingClientCallListener.onClose(PartialForwardingClientCallListener.java:39)
	at org.apache.ratis.thirdparty.io.grpc.ForwardingClientCallListener.onClose(ForwardingClientCallListener.java:23)
	at org.apache.ratis.thirdparty.io.grpc.ForwardingClientCallListener$SimpleForwardingClientCallListener.onClose(ForwardingClientCallListener.java:40)
	at org.apache.ratis.thirdparty.io.grpc.internal.CensusStatsModule$StatsClientInterceptor$1$1.onClose(CensusStatsModule.java:678)
	at org.apache.ratis.thirdparty.io.grpc.PartialForwardingClientCallListener.onClose(PartialForwardingClientCallListener.java:39)
	at org.apache.ratis.thirdparty.io.grpc.ForwardingClientCallListener.onClose(ForwardingClientCallListener.java:23)
	at org.apache.ratis.thirdparty.io.grpc.ForwardingClientCallListener$SimpleForwardingClientCallListener.onClose(ForwardingClientCallListener.java:40)
	at org.apache.ratis.thirdparty.io.grpc.internal.CensusTracingModule$TracingClientInterceptor$1$1.onClose(CensusTracingModule.java:397)
	at org.apache.ratis.thirdparty.io.grpc.internal.ClientCallImpl.closeObserver(ClientCallImpl.java:459)
	at org.apache.ratis.thirdparty.io.grpc.internal.ClientCallImpl.access$300(ClientCallImpl.java:63)
	at org.apache.ratis.thirdparty.io.grpc.internal.ClientCallImpl$ClientStreamListenerImpl.close(ClientCallImpl.java:546)
	at org.apache.ratis.thirdparty.io.grpc.internal.ClientCallImpl$ClientStreamListenerImpl.access$600(ClientCallImpl.java:467)
	at org.apache.ratis.thirdparty.io.grpc.internal.ClientCallImpl$ClientStreamListenerImpl$1StreamClosed.runInContext(ClientCallImpl.java:584)
	at org.apache.ratis.thirdparty.io.grpc.internal.ContextRunnable.run(ContextRunnable.java:37)
	at org.apache.ratis.thirdparty.io.grpc.internal.SerializingExecutor.run(SerializingExecutor.java:123)
	at java.util.concurrent.ThreadPoolExecutor.runWorker(ThreadPoolExecutor.java:1149)
	at java.util.concurrent.ThreadPoolExecutor$Worker.run(ThreadPoolExecutor.java:624)
	at java.lang.Thread.run(Thread.java:748)

]]></system-err>
  </testcase>
</testsuite>