<?xml version="1.0" encoding="UTF-8"?>
<testsuite xmlns:xsi="http://www.w3.org/2001/XMLSchema-instance" xsi:noNamespaceSchemaLocation="https://maven.apache.org/surefire/maven-surefire-plugin/xsd/surefire-test-report.xsd" name="org.apache.hadoop.ozone.client.rpc.TestWatchForCommit" time="266.121" tests="5" errors="2" skipped="0" failures="0">
  <properties>
    <property name="awt.toolkit" value="sun.awt.X11.XToolkit"/>
    <property name="file.encoding.pkg" value="sun.io"/>
    <property name="java.specification.version" value="1.8"/>
    <property name="sun.cpu.isalist" value=""/>
    <property name="sun.jnu.encoding" value="UTF-8"/>
    <property name="java.class.path" value="/workdir/hadoop-ozone/integration-test/target/test-classes:/workdir/hadoop-ozone/integration-test/target/classes:/home/user/.m2/repository/org/apache/hadoop/hadoop-ozone-common/0.5.0-SNAPSHOT/hadoop-ozone-common-0.5.0-SNAPSHOT.jar:/home/user/.m2/repository/org/apache/commons/commons-compress/1.4.1/commons-compress-1.4.1.jar:/home/user/.m2/repository/org/tukaani/xz/1.0/xz-1.0.jar:/home/user/.m2/repository/org/apache/hadoop/hadoop-common/3.2.0/hadoop-common-3.2.0.jar:/home/user/.m2/repository/org/apache/hadoop/hadoop-hdfs/3.2.0/hadoop-hdfs-3.2.0.jar:/home/user/.m2/repository/org/apache/hadoop/hadoop-hdfs-client/3.2.0/hadoop-hdfs-client-3.2.0.jar:/home/user/.m2/repository/com/fasterxml/jackson/core/jackson-annotations/2.9.9/jackson-annotations-2.9.9.jar:/home/user/.m2/repository/org/apache/hadoop/hadoop-hdds-common/0.5.0-SNAPSHOT/hadoop-hdds-common-0.5.0-SNAPSHOT.jar:/home/user/.m2/repository/javax/annotation/javax.annotation-api/1.2/javax.annotation-api-1.2.jar:/home/user/.m2/repository/org/apache/ratis/ratis-server/0.5.0-201fc85-SNAPSHOT/ratis-server-0.5.0-201fc85-SNAPSHOT.jar:/home/user/.m2/repository/org/apache/ratis/ratis-thirdparty-misc/0.2.0/ratis-thirdparty-misc-0.2.0.jar:/home/user/.m2/repository/org/apache/ratis/ratis-proto/0.5.0-201fc85-SNAPSHOT/ratis-proto-0.5.0-201fc85-SNAPSHOT.jar:/home/user/.m2/repository/org/apache/ratis/ratis-common/0.5.0-201fc85-SNAPSHOT/ratis-common-0.5.0-201fc85-SNAPSHOT.jar:/home/user/.m2/repository/org/apache/ratis/ratis-client/0.5.0-201fc85-SNAPSHOT/ratis-client-0.5.0-201fc85-SNAPSHOT.jar:/home/user/.m2/repository/org/apache/ratis/ratis-metrics/0.5.0-201fc85-SNAPSHOT/ratis-metrics-0.5.0-201fc85-SNAPSHOT.jar:/home/user/.m2/repository/com/github/joshelser/dropwizard-metrics-hadoop-metrics2-reporter/0.1.2/dropwizard-metrics-hadoop-metrics2-reporter-0.1.2.jar:/home/user/.m2/repository/io/dropwizard/metrics/metrics-jvm/3.2.5/metrics-jvm-3.2.5.jar:/home/user/.m2/repository/io/dropwizard/metrics/metrics-ganglia/3.2.5/metrics-ganglia-3.2.5.jar:/home/user/.m2/repository/info/ganglia/gmetric4j/gmetric4j/1.0.7/gmetric4j-1.0.7.jar:/home/user/.m2/repository/org/apache/ratis/ratis-netty/0.5.0-201fc85-SNAPSHOT/ratis-netty-0.5.0-201fc85-SNAPSHOT.jar:/home/user/.m2/repository/org/apache/ratis/ratis-grpc/0.5.0-201fc85-SNAPSHOT/ratis-grpc-0.5.0-201fc85-SNAPSHOT.jar:/home/user/.m2/repository/org/rocksdb/rocksdbjni/6.0.1/rocksdbjni-6.0.1.jar:/home/user/.m2/repository/org/apache/logging/log4j/log4j-api/2.11.0/log4j-api-2.11.0.jar:/home/user/.m2/repository/org/apache/logging/log4j/log4j-core/2.11.0/log4j-core-2.11.0.jar:/home/user/.m2/repository/com/lmax/disruptor/3.4.2/disruptor-3.4.2.jar:/home/user/.m2/repository/org/apache/commons/commons-pool2/2.6.0/commons-pool2-2.6.0.jar:/home/user/.m2/repository/org/bouncycastle/bcpkix-jdk15on/1.60/bcpkix-jdk15on-1.60.jar:/home/user/.m2/repository/commons-validator/commons-validator/1.6/commons-validator-1.6.jar:/home/user/.m2/repository/commons-digester/commons-digester/1.8.1/commons-digester-1.8.1.jar:/home/user/.m2/repository/io/jaegertracing/jaeger-client/0.34.0/jaeger-client-0.34.0.jar:/home/user/.m2/repository/io/jaegertracing/jaeger-thrift/0.34.0/jaeger-thrift-0.34.0.jar:/home/user/.m2/repository/org/apache/thrift/libthrift/0.12.0/libthrift-0.12.0.jar:/home/user/.m2/repository/com/squareup/okhttp3/okhttp/3.9.0/okhttp-3.9.0.jar:/home/user/.m2/repository/com/squareup/okio/okio/1.13.0/okio-1.13.0.jar:/home/user/.m2/repository/io/jaegertracing/jaeger-core/0.34.0/jaeger-core-0.34.0.jar:/home/user/.m2/repository/io/jaegertracing/jaeger-tracerresolver/0.34.0/jaeger-tracerresolver-0.34.0.jar:/home/user/.m2/repository/io/opentracing/contrib/opentracing-tracerresolver/0.1.5/opentracing-tracerresolver-0.1.5.jar:/home/user/.m2/repository/io/opentracing/opentracing-util/0.31.0/opentracing-util-0.31.0.jar:/home/user/.m2/repository/io/opentracing/opentracing-api/0.31.0/opentracing-api-0.31.0.jar:/home/user/.m2/repository/io/opentracing/opentracing-noop/0.31.0/opentracing-noop-0.31.0.jar:/home/user/.m2/repository/org/apache/hadoop/hadoop-hdds-server-framework/0.5.0-SNAPSHOT/hadoop-hdds-server-framework-0.5.0-SNAPSHOT.jar:/home/user/.m2/repository/org/apache/hadoop/hadoop-hdds-container-service/0.5.0-SNAPSHOT/hadoop-hdds-container-service-0.5.0-SNAPSHOT.jar:/home/user/.m2/repository/org/apache/hadoop/hadoop-hdds-client/0.5.0-SNAPSHOT/hadoop-hdds-client-0.5.0-SNAPSHOT.jar:/home/user/.m2/repository/org/apache/hadoop/hadoop-hdds-tools/0.5.0-SNAPSHOT/hadoop-hdds-tools-0.5.0-SNAPSHOT.jar:/home/user/.m2/repository/org/apache/hadoop/hadoop-hdds-server-scm/0.5.0-SNAPSHOT/hadoop-hdds-server-scm-0.5.0-SNAPSHOT.jar:/home/user/.m2/repository/org/apache/hadoop/hadoop-hdds-docs/0.5.0-SNAPSHOT/hadoop-hdds-docs-0.5.0-SNAPSHOT.jar:/home/user/.m2/repository/io/dropwizard/metrics/metrics-core/3.2.4/metrics-core-3.2.4.jar:/home/user/.m2/repository/org/hamcrest/hamcrest-all/1.3/hamcrest-all-1.3.jar:/home/user/.m2/repository/org/bouncycastle/bcprov-jdk15on/1.60/bcprov-jdk15on-1.60.jar:/home/user/.m2/repository/info/picocli/picocli/3.9.6/picocli-3.9.6.jar:/home/user/.m2/repository/com/google/protobuf/protobuf-java/2.5.0/protobuf-java-2.5.0.jar:/home/user/.m2/repository/com/google/guava/guava/11.0.2/guava-11.0.2.jar:/home/user/.m2/repository/org/apache/hadoop/hadoop-ozone-ozone-manager/0.5.0-SNAPSHOT/hadoop-ozone-ozone-manager-0.5.0-SNAPSHOT.jar:/home/user/.m2/repository/org/apache/hadoop/hadoop-minikdc/3.2.0/hadoop-minikdc-3.2.0.jar:/home/user/.m2/repository/commons-io/commons-io/2.5/commons-io-2.5.jar:/home/user/.m2/repository/org/apache/kerby/kerb-simplekdc/1.0.1/kerb-simplekdc-1.0.1.jar:/home/user/.m2/repository/org/apache/kerby/kerb-client/1.0.1/kerb-client-1.0.1.jar:/home/user/.m2/repository/org/apache/kerby/kerby-config/1.0.1/kerby-config-1.0.1.jar:/home/user/.m2/repository/org/apache/kerby/kerb-core/1.0.1/kerb-core-1.0.1.jar:/home/user/.m2/repository/org/apache/kerby/kerby-pkix/1.0.1/kerby-pkix-1.0.1.jar:/home/user/.m2/repository/org/apache/kerby/kerby-asn1/1.0.1/kerby-asn1-1.0.1.jar:/home/user/.m2/repository/org/apache/kerby/kerby-util/1.0.1/kerby-util-1.0.1.jar:/home/user/.m2/repository/org/apache/kerby/kerb-common/1.0.1/kerb-common-1.0.1.jar:/home/user/.m2/repository/org/apache/kerby/kerb-crypto/1.0.1/kerb-crypto-1.0.1.jar:/home/user/.m2/repository/org/apache/kerby/kerb-util/1.0.1/kerb-util-1.0.1.jar:/home/user/.m2/repository/org/apache/kerby/token-provider/1.0.1/token-provider-1.0.1.jar:/home/user/.m2/repository/org/apache/kerby/kerb-admin/1.0.1/kerb-admin-1.0.1.jar:/home/user/.m2/repository/org/apache/kerby/kerb-server/1.0.1/kerb-server-1.0.1.jar:/home/user/.m2/repository/org/apache/kerby/kerb-identity/1.0.1/kerb-identity-1.0.1.jar:/home/user/.m2/repository/org/apache/kerby/kerby-xdr/1.0.1/kerby-xdr-1.0.1.jar:/home/user/.m2/repository/org/slf4j/slf4j-log4j12/1.7.25/slf4j-log4j12-1.7.25.jar:/home/user/.m2/repository/org/apache/hadoop/hadoop-ozone-s3gateway/0.5.0-SNAPSHOT/hadoop-ozone-s3gateway-0.5.0-SNAPSHOT.jar:/home/user/.m2/repository/org/jboss/weld/servlet/weld-servlet/2.4.7.Final/weld-servlet-2.4.7.Final.jar:/home/user/.m2/repository/org/glassfish/jersey/containers/jersey-container-servlet-core/2.27/jersey-container-servlet-core-2.27.jar:/home/user/.m2/repository/org/glassfish/hk2/external/javax.inject/2.5.0-b42/javax.inject-2.5.0-b42.jar:/home/user/.m2/repository/org/glassfish/jersey/core/jersey-common/2.27/jersey-common-2.27.jar:/home/user/.m2/repository/org/glassfish/hk2/osgi-resource-locator/1.0.1/osgi-resource-locator-1.0.1.jar:/home/user/.m2/repository/javax/ws/rs/javax.ws.rs-api/2.1/javax.ws.rs-api-2.1.jar:/home/user/.m2/repository/org/glassfish/jersey/ext/cdi/jersey-cdi1x/2.27/jersey-cdi1x-2.27.jar:/home/user/.m2/repository/org/glassfish/jersey/inject/jersey-hk2/2.27/jersey-hk2-2.27.jar:/home/user/.m2/repository/org/glassfish/hk2/hk2-locator/2.5.0-b42/hk2-locator-2.5.0-b42.jar:/home/user/.m2/repository/org/javassist/javassist/3.22.0-CR2/javassist-3.22.0-CR2.jar:/home/user/.m2/repository/org/glassfish/hk2/hk2-api/2.5.0/hk2-api-2.5.0.jar:/home/user/.m2/repository/org/glassfish/hk2/external/jakarta.inject/2.5.0/jakarta.inject-2.5.0.jar:/home/user/.m2/repository/org/glassfish/hk2/hk2-utils/2.5.0/hk2-utils-2.5.0.jar:/home/user/.m2/repository/jakarta/annotation/jakarta.annotation-api/1.3.4/jakarta.annotation-api-1.3.4.jar:/home/user/.m2/repository/org/glassfish/hk2/external/aopalliance-repackaged/2.5.0/aopalliance-repackaged-2.5.0.jar:/home/user/.m2/repository/com/fasterxml/jackson/dataformat/jackson-dataformat-xml/2.9.0/jackson-dataformat-xml-2.9.0.jar:/home/user/.m2/repository/com/fasterxml/jackson/core/jackson-core/2.9.9/jackson-core-2.9.9.jar:/home/user/.m2/repository/com/fasterxml/jackson/module/jackson-module-jaxb-annotations/2.9.9/jackson-module-jaxb-annotations-2.9.9.jar:/home/user/.m2/repository/javax/enterprise/cdi-api/1.2/cdi-api-1.2.jar:/home/user/.m2/repository/javax/el/javax.el-api/3.0.0/javax.el-api-3.0.0.jar:/home/user/.m2/repository/javax/interceptor/javax.interceptor-api/1.2/javax.interceptor-api-1.2.jar:/home/user/.m2/repository/javax/inject/javax.inject/1/javax.inject-1.jar:/home/user/.m2/repository/com/sun/xml/bind/jaxb-impl/2.3.0.1/jaxb-impl-2.3.0.1.jar:/home/user/.m2/repository/com/sun/xml/bind/jaxb-core/2.3.0.1/jaxb-core-2.3.0.1.jar:/home/user/.m2/repository/javax/xml/bind/jaxb-api/2.3.0/jaxb-api-2.3.0.jar:/home/user/.m2/repository/javax/activation/activation/1.1.1/activation-1.1.1.jar:/home/user/.m2/repository/org/apache/hadoop/hadoop-ozone-csi/0.5.0-SNAPSHOT/hadoop-ozone-csi-0.5.0-SNAPSHOT.jar:/home/user/.m2/repository/com/google/protobuf/protobuf-java-util/3.5.1/protobuf-java-util-3.5.1.jar:/home/user/.m2/repository/org/apache/hadoop/hadoop-hdds-config/0.5.0-SNAPSHOT/hadoop-hdds-config-0.5.0-SNAPSHOT.jar:/home/user/.m2/repository/io/grpc/grpc-netty/1.17.1/grpc-netty-1.17.1.jar:/home/user/.m2/repository/io/grpc/grpc-core/1.17.1/grpc-core-1.17.1.jar:/home/user/.m2/repository/io/grpc/grpc-context/1.17.1/grpc-context-1.17.1.jar:/home/user/.m2/repository/com/google/errorprone/error_prone_annotations/2.2.0/error_prone_annotations-2.2.0.jar:/home/user/.m2/repository/org/codehaus/mojo/animal-sniffer-annotations/1.17/animal-sniffer-annotations-1.17.jar:/home/user/.m2/repository/io/opencensus/opencensus-api/0.17.0/opencensus-api-0.17.0.jar:/home/user/.m2/repository/io/opencensus/opencensus-contrib-grpc-metrics/0.17.0/opencensus-contrib-grpc-metrics-0.17.0.jar:/home/user/.m2/repository/io/netty/netty-codec-http2/4.1.30.Final/netty-codec-http2-4.1.30.Final.jar:/home/user/.m2/repository/io/netty/netty-codec-http/4.1.30.Final/netty-codec-http-4.1.30.Final.jar:/home/user/.m2/repository/io/netty/netty-codec/4.1.30.Final/netty-codec-4.1.30.Final.jar:/home/user/.m2/repository/io/netty/netty-handler/4.1.30.Final/netty-handler-4.1.30.Final.jar:/home/user/.m2/repository/io/netty/netty-handler-proxy/4.1.30.Final/netty-handler-proxy-4.1.30.Final.jar:/home/user/.m2/repository/io/netty/netty-codec-socks/4.1.30.Final/netty-codec-socks-4.1.30.Final.jar:/home/user/.m2/repository/io/netty/netty-transport-native-epoll/4.1.30.Final/netty-transport-native-epoll-4.1.30.Final.jar:/home/user/.m2/repository/io/netty/netty-common/4.1.30.Final/netty-common-4.1.30.Final.jar:/home/user/.m2/repository/io/netty/netty-buffer/4.1.30.Final/netty-buffer-4.1.30.Final.jar:/home/user/.m2/repository/io/netty/netty-transport/4.1.30.Final/netty-transport-4.1.30.Final.jar:/home/user/.m2/repository/io/netty/netty-resolver/4.1.30.Final/netty-resolver-4.1.30.Final.jar:/home/user/.m2/repository/io/netty/netty-transport-native-unix-common/4.1.30.Final/netty-transport-native-unix-common-4.1.30.Final.jar:/home/user/.m2/repository/io/grpc/grpc-protobuf/1.17.1/grpc-protobuf-1.17.1.jar:/home/user/.m2/repository/com/google/api/grpc/proto-google-common-protos/1.0.0/proto-google-common-protos-1.0.0.jar:/home/user/.m2/repository/io/grpc/grpc-protobuf-lite/1.17.1/grpc-protobuf-lite-1.17.1.jar:/home/user/.m2/repository/io/grpc/grpc-stub/1.17.1/grpc-stub-1.17.1.jar:/home/user/.m2/repository/org/apache/hadoop/hadoop-ozone-recon/0.5.0-SNAPSHOT/hadoop-ozone-recon-0.5.0-SNAPSHOT.jar:/home/user/.m2/repository/org/apache/hadoop/hadoop-ozone-reconcodegen/0.5.0-SNAPSHOT/hadoop-ozone-reconcodegen-0.5.0-SNAPSHOT.jar:/home/user/.m2/repository/com/google/inject/extensions/guice-multibindings/4.0/guice-multibindings-4.0.jar:/home/user/.m2/repository/com/google/inject/guice/4.0/guice-4.0.jar:/home/user/.m2/repository/aopalliance/aopalliance/1.0/aopalliance-1.0.jar:/home/user/.m2/repository/com/google/inject/extensions/guice-servlet/4.0/guice-servlet-4.0.jar:/home/user/.m2/repository/org/glassfish/jersey/containers/jersey-container-servlet/2.27/jersey-container-servlet-2.27.jar:/home/user/.m2/repository/org/glassfish/hk2/guice-bridge/2.5.0/guice-bridge-2.5.0.jar:/home/user/.m2/repository/org/glassfish/jersey/core/jersey-server/2.27/jersey-server-2.27.jar:/home/user/.m2/repository/org/glassfish/jersey/core/jersey-client/2.27/jersey-client-2.27.jar:/home/user/.m2/repository/org/glassfish/jersey/media/jersey-media-jaxb/2.27/jersey-media-jaxb-2.27.jar:/home/user/.m2/repository/javax/validation/validation-api/1.1.0.Final/validation-api-1.1.0.Final.jar:/home/user/.m2/repository/org/glassfish/jersey/media/jersey-media-json-jackson/2.27/jersey-media-json-jackson-2.27.jar:/home/user/.m2/repository/org/glassfish/jersey/ext/jersey-entity-filtering/2.27/jersey-entity-filtering-2.27.jar:/home/user/.m2/repository/com/google/inject/extensions/guice-assistedinject/4.0/guice-assistedinject-4.0.jar:/home/user/.m2/repository/org/jooq/jooq/3.11.10/jooq-3.11.10.jar:/home/user/.m2/repository/org/jooq/jooq-meta/3.11.10/jooq-meta-3.11.10.jar:/home/user/.m2/repository/org/jooq/jooq-codegen/3.11.10/jooq-codegen-3.11.10.jar:/home/user/.m2/repository/com/jolbox/bonecp/0.8.0.RELEASE/bonecp-0.8.0.RELEASE.jar:/home/user/.m2/repository/org/xerial/sqlite-jdbc/3.25.2/sqlite-jdbc-3.25.2.jar:/home/user/.m2/repository/org/springframework/spring-jdbc/5.1.3.RELEASE/spring-jdbc-5.1.3.RELEASE.jar:/home/user/.m2/repository/org/springframework/spring-beans/5.1.3.RELEASE/spring-beans-5.1.3.RELEASE.jar:/home/user/.m2/repository/org/springframework/spring-core/5.1.3.RELEASE/spring-core-5.1.3.RELEASE.jar:/home/user/.m2/repository/org/springframework/spring-jcl/5.1.3.RELEASE/spring-jcl-5.1.3.RELEASE.jar:/home/user/.m2/repository/org/springframework/spring-tx/5.1.3.RELEASE/spring-tx-5.1.3.RELEASE.jar:/home/user/.m2/repository/org/apache/hadoop/hadoop-ozone-client/0.5.0-SNAPSHOT/hadoop-ozone-client-0.5.0-SNAPSHOT.jar:/home/user/.m2/repository/commons-lang/commons-lang/2.6/commons-lang-2.6.jar:/home/user/.m2/repository/org/apache/hadoop/hadoop-ozone-ozone-manager/0.5.0-SNAPSHOT/hadoop-ozone-ozone-manager-0.5.0-SNAPSHOT-tests.jar:/home/user/.m2/repository/junit/junit/4.11/junit-4.11.jar:/home/user/.m2/repository/org/hamcrest/hamcrest-core/1.3/hamcrest-core-1.3.jar:/home/user/.m2/repository/org/openjdk/jmh/jmh-core/1.19/jmh-core-1.19.jar:/home/user/.m2/repository/net/sf/jopt-simple/jopt-simple/4.6/jopt-simple-4.6.jar:/home/user/.m2/repository/org/apache/commons/commons-math3/3.1.1/commons-math3-3.1.1.jar:/home/user/.m2/repository/org/openjdk/jmh/jmh-generator-annprocess/1.19/jmh-generator-annprocess-1.19.jar:/home/user/.m2/repository/org/mockito/mockito-all/1.8.5/mockito-all-1.8.5.jar:/home/user/.m2/repository/org/apache/hadoop/hadoop-kms/3.2.0/hadoop-kms-3.2.0.jar:/home/user/.m2/repository/org/apache/hadoop/hadoop-auth/3.2.0/hadoop-auth-3.2.0.jar:/home/user/.m2/repository/com/nimbusds/nimbus-jose-jwt/4.41.1/nimbus-jose-jwt-4.41.1.jar:/home/user/.m2/repository/com/github/stephenc/jcip/jcip-annotations/1.0-1/jcip-annotations-1.0-1.jar:/home/user/.m2/repository/net/minidev/json-smart/2.3/json-smart-2.3.jar:/home/user/.m2/repository/net/minidev/accessors-smart/1.2/accessors-smart-1.2.jar:/home/user/.m2/repository/org/ow2/asm/asm/5.0.4/asm-5.0.4.jar:/home/user/.m2/repository/org/apache/curator/curator-framework/2.12.0/curator-framework-2.12.0.jar:/home/user/.m2/repository/com/sun/jersey/jersey-core/1.19/jersey-core-1.19.jar:/home/user/.m2/repository/javax/ws/rs/jsr311-api/1.1.1/jsr311-api-1.1.1.jar:/home/user/.m2/repository/com/sun/jersey/jersey-server/1.19/jersey-server-1.19.jar:/home/user/.m2/repository/javax/servlet/javax.servlet-api/3.1.0/javax.servlet-api-3.1.0.jar:/home/user/.m2/repository/org/eclipse/jetty/jetty-server/9.3.25.v20180904/jetty-server-9.3.25.v20180904.jar:/home/user/.m2/repository/org/eclipse/jetty/jetty-http/9.3.25.v20180904/jetty-http-9.3.25.v20180904.jar:/home/user/.m2/repository/org/eclipse/jetty/jetty-io/9.3.25.v20180904/jetty-io-9.3.25.v20180904.jar:/home/user/.m2/repository/org/eclipse/jetty/jetty-webapp/9.3.25.v20180904/jetty-webapp-9.3.25.v20180904.jar:/home/user/.m2/repository/org/eclipse/jetty/jetty-xml/9.3.25.v20180904/jetty-xml-9.3.25.v20180904.jar:/home/user/.m2/repository/log4j/log4j/1.2.17/log4j-1.2.17.jar:/home/user/.m2/repository/org/slf4j/slf4j-api/1.7.25/slf4j-api-1.7.25.jar:/home/user/.m2/repository/org/slf4j/jul-to-slf4j/1.7.25/jul-to-slf4j-1.7.25.jar:/home/user/.m2/repository/org/eclipse/jetty/jetty-util/9.3.25.v20180904/jetty-util-9.3.25.v20180904.jar:/home/user/.m2/repository/com/fasterxml/jackson/core/jackson-databind/2.9.9/jackson-databind-2.9.9.jar:/home/user/.m2/repository/org/apache/hadoop/hadoop-kms/3.2.0/hadoop-kms-3.2.0-tests.jar:/home/user/.m2/repository/org/apache/hadoop/hadoop-hdds-server-scm/0.5.0-SNAPSHOT/hadoop-hdds-server-scm-0.5.0-SNAPSHOT-tests.jar:/home/user/.m2/repository/org/apache/hadoop/hadoop-hdds-container-service/0.5.0-SNAPSHOT/hadoop-hdds-container-service-0.5.0-SNAPSHOT-tests.jar:/home/user/.m2/repository/org/yaml/snakeyaml/1.16/snakeyaml-1.16.jar:/home/user/.m2/repository/org/apache/hadoop/hadoop-common/3.2.0/hadoop-common-3.2.0-tests.jar:/home/user/.m2/repository/org/apache/hadoop/hadoop-annotations/3.2.0/hadoop-annotations-3.2.0.jar:/usr/lib/jvm/java-1.8-openjdk/jre/../lib/tools.jar:/home/user/.m2/repository/commons-cli/commons-cli/1.2/commons-cli-1.2.jar:/home/user/.m2/repository/org/apache/httpcomponents/httpclient/4.5.2/httpclient-4.5.2.jar:/home/user/.m2/repository/org/apache/httpcomponents/httpcore/4.4.4/httpcore-4.4.4.jar:/home/user/.m2/repository/commons-codec/commons-codec/1.11/commons-codec-1.11.jar:/home/user/.m2/repository/commons-net/commons-net/3.6/commons-net-3.6.jar:/home/user/.m2/repository/commons-collections/commons-collections/3.2.2/commons-collections-3.2.2.jar:/home/user/.m2/repository/org/eclipse/jetty/jetty-servlet/9.3.25.v20180904/jetty-servlet-9.3.25.v20180904.jar:/home/user/.m2/repository/org/eclipse/jetty/jetty-security/9.3.25.v20180904/jetty-security-9.3.25.v20180904.jar:/home/user/.m2/repository/javax/servlet/jsp/jsp-api/2.1/jsp-api-2.1.jar:/home/user/.m2/repository/com/sun/jersey/jersey-servlet/1.19/jersey-servlet-1.19.jar:/home/user/.m2/repository/com/sun/jersey/jersey-json/1.19/jersey-json-1.19.jar:/home/user/.m2/repository/org/codehaus/jettison/jettison/1.1/jettison-1.1.jar:/home/user/.m2/repository/org/codehaus/jackson/jackson-core-asl/1.9.13/jackson-core-asl-1.9.13.jar:/home/user/.m2/repository/org/codehaus/jackson/jackson-mapper-asl/1.9.13/jackson-mapper-asl-1.9.13.jar:/home/user/.m2/repository/org/codehaus/jackson/jackson-jaxrs/1.9.13/jackson-jaxrs-1.9.13.jar:/home/user/.m2/repository/org/codehaus/jackson/jackson-xc/1.9.13/jackson-xc-1.9.13.jar:/home/user/.m2/repository/commons-logging/commons-logging/1.1.3/commons-logging-1.1.3.jar:/home/user/.m2/repository/commons-beanutils/commons-beanutils/1.9.4/commons-beanutils-1.9.4.jar:/home/user/.m2/repository/org/apache/commons/commons-configuration2/2.1.1/commons-configuration2-2.1.1.jar:/home/user/.m2/repository/org/apache/commons/commons-lang3/3.7/commons-lang3-3.7.jar:/home/user/.m2/repository/org/apache/commons/commons-text/1.4/commons-text-1.4.jar:/home/user/.m2/repository/org/apache/avro/avro/1.7.7/avro-1.7.7.jar:/home/user/.m2/repository/com/thoughtworks/paranamer/paranamer/2.3/paranamer-2.3.jar:/home/user/.m2/repository/org/xerial/snappy/snappy-java/1.0.5/snappy-java-1.0.5.jar:/home/user/.m2/repository/com/google/re2j/re2j/1.1/re2j-1.1.jar:/home/user/.m2/repository/com/google/code/gson/gson/2.2.4/gson-2.2.4.jar:/home/user/.m2/repository/com/jcraft/jsch/0.1.54/jsch-0.1.54.jar:/home/user/.m2/repository/org/apache/curator/curator-client/2.12.0/curator-client-2.12.0.jar:/home/user/.m2/repository/org/apache/curator/curator-recipes/2.12.0/curator-recipes-2.12.0.jar:/home/user/.m2/repository/com/google/code/findbugs/jsr305/3.0.0/jsr305-3.0.0.jar:/home/user/.m2/repository/org/apache/htrace/htrace-core4/4.1.0-incubating/htrace-core4-4.1.0-incubating.jar:/home/user/.m2/repository/org/apache/zookeeper/zookeeper/3.4.13/zookeeper-3.4.13.jar:/home/user/.m2/repository/jline/jline/0.9.94/jline-0.9.94.jar:/home/user/.m2/repository/org/apache/yetus/audience-annotations/0.5.0/audience-annotations-0.5.0.jar:/home/user/.m2/repository/org/codehaus/woodstox/stax2-api/3.1.4/stax2-api-3.1.4.jar:/home/user/.m2/repository/com/fasterxml/woodstox/woodstox-core/5.0.3/woodstox-core-5.0.3.jar:/home/user/.m2/repository/dnsjava/dnsjava/2.1.7/dnsjava-2.1.7.jar:/home/user/.m2/repository/org/apache/hadoop/hadoop-hdfs/3.2.0/hadoop-hdfs-3.2.0-tests.jar:/home/user/.m2/repository/org/eclipse/jetty/jetty-util-ajax/9.3.25.v20180904/jetty-util-ajax-9.3.25.v20180904.jar:/home/user/.m2/repository/commons-daemon/commons-daemon/1.0.13/commons-daemon-1.0.13.jar:/home/user/.m2/repository/io/netty/netty/3.10.5.Final/netty-3.10.5.Final.jar:/home/user/.m2/repository/io/netty/netty-all/4.0.52.Final/netty-all-4.0.52.Final.jar:/home/user/.m2/repository/org/fusesource/leveldbjni/leveldbjni-all/1.8/leveldbjni-all-1.8.jar:"/>
    <property name="java.vm.vendor" value="IcedTea"/>
    <property name="sun.arch.data.model" value="64"/>
    <property name="test.build.dir" value="/workdir/hadoop-ozone/integration-test/target/test-dir"/>
    <property name="test.cache.data" value=""/>
    <property name="java.vendor.url" value="https://icedtea.classpath.org"/>
    <property name="user.timezone" value=""/>
    <property name="java.vm.specification.version" value="1.8"/>
    <property name="os.name" value="Linux"/>
    <property name="test.build.data" value="/workdir/hadoop-ozone/integration-test/target/test-dir"/>
    <property name="user.country" value="US"/>
    <property name="sun.java.launcher" value="SUN_STANDARD"/>
    <property name="sun.boot.library.path" value="/usr/lib/jvm/java-1.8-openjdk/jre/lib/amd64"/>
    <property name="sun.java.command" value="/workdir/hadoop-ozone/integration-test/target/surefire/surefirebooter801315204989779896.jar /workdir/hadoop-ozone/integration-test/target/surefire 2019-10-10T03-54-55_017-jvmRun1 surefire3577208523946198657tmp surefire_553711749742568428019tmp"/>
    <property name="test" value="!TestMiniChaosOzoneCluster"/>
    <property name="surefire.test.class.path" value="/workdir/hadoop-ozone/integration-test/target/test-classes:/workdir/hadoop-ozone/integration-test/target/classes:/home/user/.m2/repository/org/apache/hadoop/hadoop-ozone-common/0.5.0-SNAPSHOT/hadoop-ozone-common-0.5.0-SNAPSHOT.jar:/home/user/.m2/repository/org/apache/commons/commons-compress/1.4.1/commons-compress-1.4.1.jar:/home/user/.m2/repository/org/tukaani/xz/1.0/xz-1.0.jar:/home/user/.m2/repository/org/apache/hadoop/hadoop-common/3.2.0/hadoop-common-3.2.0.jar:/home/user/.m2/repository/org/apache/hadoop/hadoop-hdfs/3.2.0/hadoop-hdfs-3.2.0.jar:/home/user/.m2/repository/org/apache/hadoop/hadoop-hdfs-client/3.2.0/hadoop-hdfs-client-3.2.0.jar:/home/user/.m2/repository/com/fasterxml/jackson/core/jackson-annotations/2.9.9/jackson-annotations-2.9.9.jar:/home/user/.m2/repository/org/apache/hadoop/hadoop-hdds-common/0.5.0-SNAPSHOT/hadoop-hdds-common-0.5.0-SNAPSHOT.jar:/home/user/.m2/repository/javax/annotation/javax.annotation-api/1.2/javax.annotation-api-1.2.jar:/home/user/.m2/repository/org/apache/ratis/ratis-server/0.5.0-201fc85-SNAPSHOT/ratis-server-0.5.0-201fc85-SNAPSHOT.jar:/home/user/.m2/repository/org/apache/ratis/ratis-thirdparty-misc/0.2.0/ratis-thirdparty-misc-0.2.0.jar:/home/user/.m2/repository/org/apache/ratis/ratis-proto/0.5.0-201fc85-SNAPSHOT/ratis-proto-0.5.0-201fc85-SNAPSHOT.jar:/home/user/.m2/repository/org/apache/ratis/ratis-common/0.5.0-201fc85-SNAPSHOT/ratis-common-0.5.0-201fc85-SNAPSHOT.jar:/home/user/.m2/repository/org/apache/ratis/ratis-client/0.5.0-201fc85-SNAPSHOT/ratis-client-0.5.0-201fc85-SNAPSHOT.jar:/home/user/.m2/repository/org/apache/ratis/ratis-metrics/0.5.0-201fc85-SNAPSHOT/ratis-metrics-0.5.0-201fc85-SNAPSHOT.jar:/home/user/.m2/repository/com/github/joshelser/dropwizard-metrics-hadoop-metrics2-reporter/0.1.2/dropwizard-metrics-hadoop-metrics2-reporter-0.1.2.jar:/home/user/.m2/repository/io/dropwizard/metrics/metrics-jvm/3.2.5/metrics-jvm-3.2.5.jar:/home/user/.m2/repository/io/dropwizard/metrics/metrics-ganglia/3.2.5/metrics-ganglia-3.2.5.jar:/home/user/.m2/repository/info/ganglia/gmetric4j/gmetric4j/1.0.7/gmetric4j-1.0.7.jar:/home/user/.m2/repository/org/apache/ratis/ratis-netty/0.5.0-201fc85-SNAPSHOT/ratis-netty-0.5.0-201fc85-SNAPSHOT.jar:/home/user/.m2/repository/org/apache/ratis/ratis-grpc/0.5.0-201fc85-SNAPSHOT/ratis-grpc-0.5.0-201fc85-SNAPSHOT.jar:/home/user/.m2/repository/org/rocksdb/rocksdbjni/6.0.1/rocksdbjni-6.0.1.jar:/home/user/.m2/repository/org/apache/logging/log4j/log4j-api/2.11.0/log4j-api-2.11.0.jar:/home/user/.m2/repository/org/apache/logging/log4j/log4j-core/2.11.0/log4j-core-2.11.0.jar:/home/user/.m2/repository/com/lmax/disruptor/3.4.2/disruptor-3.4.2.jar:/home/user/.m2/repository/org/apache/commons/commons-pool2/2.6.0/commons-pool2-2.6.0.jar:/home/user/.m2/repository/org/bouncycastle/bcpkix-jdk15on/1.60/bcpkix-jdk15on-1.60.jar:/home/user/.m2/repository/commons-validator/commons-validator/1.6/commons-validator-1.6.jar:/home/user/.m2/repository/commons-digester/commons-digester/1.8.1/commons-digester-1.8.1.jar:/home/user/.m2/repository/io/jaegertracing/jaeger-client/0.34.0/jaeger-client-0.34.0.jar:/home/user/.m2/repository/io/jaegertracing/jaeger-thrift/0.34.0/jaeger-thrift-0.34.0.jar:/home/user/.m2/repository/org/apache/thrift/libthrift/0.12.0/libthrift-0.12.0.jar:/home/user/.m2/repository/com/squareup/okhttp3/okhttp/3.9.0/okhttp-3.9.0.jar:/home/user/.m2/repository/com/squareup/okio/okio/1.13.0/okio-1.13.0.jar:/home/user/.m2/repository/io/jaegertracing/jaeger-core/0.34.0/jaeger-core-0.34.0.jar:/home/user/.m2/repository/io/jaegertracing/jaeger-tracerresolver/0.34.0/jaeger-tracerresolver-0.34.0.jar:/home/user/.m2/repository/io/opentracing/contrib/opentracing-tracerresolver/0.1.5/opentracing-tracerresolver-0.1.5.jar:/home/user/.m2/repository/io/opentracing/opentracing-util/0.31.0/opentracing-util-0.31.0.jar:/home/user/.m2/repository/io/opentracing/opentracing-api/0.31.0/opentracing-api-0.31.0.jar:/home/user/.m2/repository/io/opentracing/opentracing-noop/0.31.0/opentracing-noop-0.31.0.jar:/home/user/.m2/repository/org/apache/hadoop/hadoop-hdds-server-framework/0.5.0-SNAPSHOT/hadoop-hdds-server-framework-0.5.0-SNAPSHOT.jar:/home/user/.m2/repository/org/apache/hadoop/hadoop-hdds-container-service/0.5.0-SNAPSHOT/hadoop-hdds-container-service-0.5.0-SNAPSHOT.jar:/home/user/.m2/repository/org/apache/hadoop/hadoop-hdds-client/0.5.0-SNAPSHOT/hadoop-hdds-client-0.5.0-SNAPSHOT.jar:/home/user/.m2/repository/org/apache/hadoop/hadoop-hdds-tools/0.5.0-SNAPSHOT/hadoop-hdds-tools-0.5.0-SNAPSHOT.jar:/home/user/.m2/repository/org/apache/hadoop/hadoop-hdds-server-scm/0.5.0-SNAPSHOT/hadoop-hdds-server-scm-0.5.0-SNAPSHOT.jar:/home/user/.m2/repository/org/apache/hadoop/hadoop-hdds-docs/0.5.0-SNAPSHOT/hadoop-hdds-docs-0.5.0-SNAPSHOT.jar:/home/user/.m2/repository/io/dropwizard/metrics/metrics-core/3.2.4/metrics-core-3.2.4.jar:/home/user/.m2/repository/org/hamcrest/hamcrest-all/1.3/hamcrest-all-1.3.jar:/home/user/.m2/repository/org/bouncycastle/bcprov-jdk15on/1.60/bcprov-jdk15on-1.60.jar:/home/user/.m2/repository/info/picocli/picocli/3.9.6/picocli-3.9.6.jar:/home/user/.m2/repository/com/google/protobuf/protobuf-java/2.5.0/protobuf-java-2.5.0.jar:/home/user/.m2/repository/com/google/guava/guava/11.0.2/guava-11.0.2.jar:/home/user/.m2/repository/org/apache/hadoop/hadoop-ozone-ozone-manager/0.5.0-SNAPSHOT/hadoop-ozone-ozone-manager-0.5.0-SNAPSHOT.jar:/home/user/.m2/repository/org/apache/hadoop/hadoop-minikdc/3.2.0/hadoop-minikdc-3.2.0.jar:/home/user/.m2/repository/commons-io/commons-io/2.5/commons-io-2.5.jar:/home/user/.m2/repository/org/apache/kerby/kerb-simplekdc/1.0.1/kerb-simplekdc-1.0.1.jar:/home/user/.m2/repository/org/apache/kerby/kerb-client/1.0.1/kerb-client-1.0.1.jar:/home/user/.m2/repository/org/apache/kerby/kerby-config/1.0.1/kerby-config-1.0.1.jar:/home/user/.m2/repository/org/apache/kerby/kerb-core/1.0.1/kerb-core-1.0.1.jar:/home/user/.m2/repository/org/apache/kerby/kerby-pkix/1.0.1/kerby-pkix-1.0.1.jar:/home/user/.m2/repository/org/apache/kerby/kerby-asn1/1.0.1/kerby-asn1-1.0.1.jar:/home/user/.m2/repository/org/apache/kerby/kerby-util/1.0.1/kerby-util-1.0.1.jar:/home/user/.m2/repository/org/apache/kerby/kerb-common/1.0.1/kerb-common-1.0.1.jar:/home/user/.m2/repository/org/apache/kerby/kerb-crypto/1.0.1/kerb-crypto-1.0.1.jar:/home/user/.m2/repository/org/apache/kerby/kerb-util/1.0.1/kerb-util-1.0.1.jar:/home/user/.m2/repository/org/apache/kerby/token-provider/1.0.1/token-provider-1.0.1.jar:/home/user/.m2/repository/org/apache/kerby/kerb-admin/1.0.1/kerb-admin-1.0.1.jar:/home/user/.m2/repository/org/apache/kerby/kerb-server/1.0.1/kerb-server-1.0.1.jar:/home/user/.m2/repository/org/apache/kerby/kerb-identity/1.0.1/kerb-identity-1.0.1.jar:/home/user/.m2/repository/org/apache/kerby/kerby-xdr/1.0.1/kerby-xdr-1.0.1.jar:/home/user/.m2/repository/org/slf4j/slf4j-log4j12/1.7.25/slf4j-log4j12-1.7.25.jar:/home/user/.m2/repository/org/apache/hadoop/hadoop-ozone-s3gateway/0.5.0-SNAPSHOT/hadoop-ozone-s3gateway-0.5.0-SNAPSHOT.jar:/home/user/.m2/repository/org/jboss/weld/servlet/weld-servlet/2.4.7.Final/weld-servlet-2.4.7.Final.jar:/home/user/.m2/repository/org/glassfish/jersey/containers/jersey-container-servlet-core/2.27/jersey-container-servlet-core-2.27.jar:/home/user/.m2/repository/org/glassfish/hk2/external/javax.inject/2.5.0-b42/javax.inject-2.5.0-b42.jar:/home/user/.m2/repository/org/glassfish/jersey/core/jersey-common/2.27/jersey-common-2.27.jar:/home/user/.m2/repository/org/glassfish/hk2/osgi-resource-locator/1.0.1/osgi-resource-locator-1.0.1.jar:/home/user/.m2/repository/javax/ws/rs/javax.ws.rs-api/2.1/javax.ws.rs-api-2.1.jar:/home/user/.m2/repository/org/glassfish/jersey/ext/cdi/jersey-cdi1x/2.27/jersey-cdi1x-2.27.jar:/home/user/.m2/repository/org/glassfish/jersey/inject/jersey-hk2/2.27/jersey-hk2-2.27.jar:/home/user/.m2/repository/org/glassfish/hk2/hk2-locator/2.5.0-b42/hk2-locator-2.5.0-b42.jar:/home/user/.m2/repository/org/javassist/javassist/3.22.0-CR2/javassist-3.22.0-CR2.jar:/home/user/.m2/repository/org/glassfish/hk2/hk2-api/2.5.0/hk2-api-2.5.0.jar:/home/user/.m2/repository/org/glassfish/hk2/external/jakarta.inject/2.5.0/jakarta.inject-2.5.0.jar:/home/user/.m2/repository/org/glassfish/hk2/hk2-utils/2.5.0/hk2-utils-2.5.0.jar:/home/user/.m2/repository/jakarta/annotation/jakarta.annotation-api/1.3.4/jakarta.annotation-api-1.3.4.jar:/home/user/.m2/repository/org/glassfish/hk2/external/aopalliance-repackaged/2.5.0/aopalliance-repackaged-2.5.0.jar:/home/user/.m2/repository/com/fasterxml/jackson/dataformat/jackson-dataformat-xml/2.9.0/jackson-dataformat-xml-2.9.0.jar:/home/user/.m2/repository/com/fasterxml/jackson/core/jackson-core/2.9.9/jackson-core-2.9.9.jar:/home/user/.m2/repository/com/fasterxml/jackson/module/jackson-module-jaxb-annotations/2.9.9/jackson-module-jaxb-annotations-2.9.9.jar:/home/user/.m2/repository/javax/enterprise/cdi-api/1.2/cdi-api-1.2.jar:/home/user/.m2/repository/javax/el/javax.el-api/3.0.0/javax.el-api-3.0.0.jar:/home/user/.m2/repository/javax/interceptor/javax.interceptor-api/1.2/javax.interceptor-api-1.2.jar:/home/user/.m2/repository/javax/inject/javax.inject/1/javax.inject-1.jar:/home/user/.m2/repository/com/sun/xml/bind/jaxb-impl/2.3.0.1/jaxb-impl-2.3.0.1.jar:/home/user/.m2/repository/com/sun/xml/bind/jaxb-core/2.3.0.1/jaxb-core-2.3.0.1.jar:/home/user/.m2/repository/javax/xml/bind/jaxb-api/2.3.0/jaxb-api-2.3.0.jar:/home/user/.m2/repository/javax/activation/activation/1.1.1/activation-1.1.1.jar:/home/user/.m2/repository/org/apache/hadoop/hadoop-ozone-csi/0.5.0-SNAPSHOT/hadoop-ozone-csi-0.5.0-SNAPSHOT.jar:/home/user/.m2/repository/com/google/protobuf/protobuf-java-util/3.5.1/protobuf-java-util-3.5.1.jar:/home/user/.m2/repository/org/apache/hadoop/hadoop-hdds-config/0.5.0-SNAPSHOT/hadoop-hdds-config-0.5.0-SNAPSHOT.jar:/home/user/.m2/repository/io/grpc/grpc-netty/1.17.1/grpc-netty-1.17.1.jar:/home/user/.m2/repository/io/grpc/grpc-core/1.17.1/grpc-core-1.17.1.jar:/home/user/.m2/repository/io/grpc/grpc-context/1.17.1/grpc-context-1.17.1.jar:/home/user/.m2/repository/com/google/errorprone/error_prone_annotations/2.2.0/error_prone_annotations-2.2.0.jar:/home/user/.m2/repository/org/codehaus/mojo/animal-sniffer-annotations/1.17/animal-sniffer-annotations-1.17.jar:/home/user/.m2/repository/io/opencensus/opencensus-api/0.17.0/opencensus-api-0.17.0.jar:/home/user/.m2/repository/io/opencensus/opencensus-contrib-grpc-metrics/0.17.0/opencensus-contrib-grpc-metrics-0.17.0.jar:/home/user/.m2/repository/io/netty/netty-codec-http2/4.1.30.Final/netty-codec-http2-4.1.30.Final.jar:/home/user/.m2/repository/io/netty/netty-codec-http/4.1.30.Final/netty-codec-http-4.1.30.Final.jar:/home/user/.m2/repository/io/netty/netty-codec/4.1.30.Final/netty-codec-4.1.30.Final.jar:/home/user/.m2/repository/io/netty/netty-handler/4.1.30.Final/netty-handler-4.1.30.Final.jar:/home/user/.m2/repository/io/netty/netty-handler-proxy/4.1.30.Final/netty-handler-proxy-4.1.30.Final.jar:/home/user/.m2/repository/io/netty/netty-codec-socks/4.1.30.Final/netty-codec-socks-4.1.30.Final.jar:/home/user/.m2/repository/io/netty/netty-transport-native-epoll/4.1.30.Final/netty-transport-native-epoll-4.1.30.Final.jar:/home/user/.m2/repository/io/netty/netty-common/4.1.30.Final/netty-common-4.1.30.Final.jar:/home/user/.m2/repository/io/netty/netty-buffer/4.1.30.Final/netty-buffer-4.1.30.Final.jar:/home/user/.m2/repository/io/netty/netty-transport/4.1.30.Final/netty-transport-4.1.30.Final.jar:/home/user/.m2/repository/io/netty/netty-resolver/4.1.30.Final/netty-resolver-4.1.30.Final.jar:/home/user/.m2/repository/io/netty/netty-transport-native-unix-common/4.1.30.Final/netty-transport-native-unix-common-4.1.30.Final.jar:/home/user/.m2/repository/io/grpc/grpc-protobuf/1.17.1/grpc-protobuf-1.17.1.jar:/home/user/.m2/repository/com/google/api/grpc/proto-google-common-protos/1.0.0/proto-google-common-protos-1.0.0.jar:/home/user/.m2/repository/io/grpc/grpc-protobuf-lite/1.17.1/grpc-protobuf-lite-1.17.1.jar:/home/user/.m2/repository/io/grpc/grpc-stub/1.17.1/grpc-stub-1.17.1.jar:/home/user/.m2/repository/org/apache/hadoop/hadoop-ozone-recon/0.5.0-SNAPSHOT/hadoop-ozone-recon-0.5.0-SNAPSHOT.jar:/home/user/.m2/repository/org/apache/hadoop/hadoop-ozone-reconcodegen/0.5.0-SNAPSHOT/hadoop-ozone-reconcodegen-0.5.0-SNAPSHOT.jar:/home/user/.m2/repository/com/google/inject/extensions/guice-multibindings/4.0/guice-multibindings-4.0.jar:/home/user/.m2/repository/com/google/inject/guice/4.0/guice-4.0.jar:/home/user/.m2/repository/aopalliance/aopalliance/1.0/aopalliance-1.0.jar:/home/user/.m2/repository/com/google/inject/extensions/guice-servlet/4.0/guice-servlet-4.0.jar:/home/user/.m2/repository/org/glassfish/jersey/containers/jersey-container-servlet/2.27/jersey-container-servlet-2.27.jar:/home/user/.m2/repository/org/glassfish/hk2/guice-bridge/2.5.0/guice-bridge-2.5.0.jar:/home/user/.m2/repository/org/glassfish/jersey/core/jersey-server/2.27/jersey-server-2.27.jar:/home/user/.m2/repository/org/glassfish/jersey/core/jersey-client/2.27/jersey-client-2.27.jar:/home/user/.m2/repository/org/glassfish/jersey/media/jersey-media-jaxb/2.27/jersey-media-jaxb-2.27.jar:/home/user/.m2/repository/javax/validation/validation-api/1.1.0.Final/validation-api-1.1.0.Final.jar:/home/user/.m2/repository/org/glassfish/jersey/media/jersey-media-json-jackson/2.27/jersey-media-json-jackson-2.27.jar:/home/user/.m2/repository/org/glassfish/jersey/ext/jersey-entity-filtering/2.27/jersey-entity-filtering-2.27.jar:/home/user/.m2/repository/com/google/inject/extensions/guice-assistedinject/4.0/guice-assistedinject-4.0.jar:/home/user/.m2/repository/org/jooq/jooq/3.11.10/jooq-3.11.10.jar:/home/user/.m2/repository/org/jooq/jooq-meta/3.11.10/jooq-meta-3.11.10.jar:/home/user/.m2/repository/org/jooq/jooq-codegen/3.11.10/jooq-codegen-3.11.10.jar:/home/user/.m2/repository/com/jolbox/bonecp/0.8.0.RELEASE/bonecp-0.8.0.RELEASE.jar:/home/user/.m2/repository/org/xerial/sqlite-jdbc/3.25.2/sqlite-jdbc-3.25.2.jar:/home/user/.m2/repository/org/springframework/spring-jdbc/5.1.3.RELEASE/spring-jdbc-5.1.3.RELEASE.jar:/home/user/.m2/repository/org/springframework/spring-beans/5.1.3.RELEASE/spring-beans-5.1.3.RELEASE.jar:/home/user/.m2/repository/org/springframework/spring-core/5.1.3.RELEASE/spring-core-5.1.3.RELEASE.jar:/home/user/.m2/repository/org/springframework/spring-jcl/5.1.3.RELEASE/spring-jcl-5.1.3.RELEASE.jar:/home/user/.m2/repository/org/springframework/spring-tx/5.1.3.RELEASE/spring-tx-5.1.3.RELEASE.jar:/home/user/.m2/repository/org/apache/hadoop/hadoop-ozone-client/0.5.0-SNAPSHOT/hadoop-ozone-client-0.5.0-SNAPSHOT.jar:/home/user/.m2/repository/commons-lang/commons-lang/2.6/commons-lang-2.6.jar:/home/user/.m2/repository/org/apache/hadoop/hadoop-ozone-ozone-manager/0.5.0-SNAPSHOT/hadoop-ozone-ozone-manager-0.5.0-SNAPSHOT-tests.jar:/home/user/.m2/repository/junit/junit/4.11/junit-4.11.jar:/home/user/.m2/repository/org/hamcrest/hamcrest-core/1.3/hamcrest-core-1.3.jar:/home/user/.m2/repository/org/openjdk/jmh/jmh-core/1.19/jmh-core-1.19.jar:/home/user/.m2/repository/net/sf/jopt-simple/jopt-simple/4.6/jopt-simple-4.6.jar:/home/user/.m2/repository/org/apache/commons/commons-math3/3.1.1/commons-math3-3.1.1.jar:/home/user/.m2/repository/org/openjdk/jmh/jmh-generator-annprocess/1.19/jmh-generator-annprocess-1.19.jar:/home/user/.m2/repository/org/mockito/mockito-all/1.8.5/mockito-all-1.8.5.jar:/home/user/.m2/repository/org/apache/hadoop/hadoop-kms/3.2.0/hadoop-kms-3.2.0.jar:/home/user/.m2/repository/org/apache/hadoop/hadoop-auth/3.2.0/hadoop-auth-3.2.0.jar:/home/user/.m2/repository/com/nimbusds/nimbus-jose-jwt/4.41.1/nimbus-jose-jwt-4.41.1.jar:/home/user/.m2/repository/com/github/stephenc/jcip/jcip-annotations/1.0-1/jcip-annotations-1.0-1.jar:/home/user/.m2/repository/net/minidev/json-smart/2.3/json-smart-2.3.jar:/home/user/.m2/repository/net/minidev/accessors-smart/1.2/accessors-smart-1.2.jar:/home/user/.m2/repository/org/ow2/asm/asm/5.0.4/asm-5.0.4.jar:/home/user/.m2/repository/org/apache/curator/curator-framework/2.12.0/curator-framework-2.12.0.jar:/home/user/.m2/repository/com/sun/jersey/jersey-core/1.19/jersey-core-1.19.jar:/home/user/.m2/repository/javax/ws/rs/jsr311-api/1.1.1/jsr311-api-1.1.1.jar:/home/user/.m2/repository/com/sun/jersey/jersey-server/1.19/jersey-server-1.19.jar:/home/user/.m2/repository/javax/servlet/javax.servlet-api/3.1.0/javax.servlet-api-3.1.0.jar:/home/user/.m2/repository/org/eclipse/jetty/jetty-server/9.3.25.v20180904/jetty-server-9.3.25.v20180904.jar:/home/user/.m2/repository/org/eclipse/jetty/jetty-http/9.3.25.v20180904/jetty-http-9.3.25.v20180904.jar:/home/user/.m2/repository/org/eclipse/jetty/jetty-io/9.3.25.v20180904/jetty-io-9.3.25.v20180904.jar:/home/user/.m2/repository/org/eclipse/jetty/jetty-webapp/9.3.25.v20180904/jetty-webapp-9.3.25.v20180904.jar:/home/user/.m2/repository/org/eclipse/jetty/jetty-xml/9.3.25.v20180904/jetty-xml-9.3.25.v20180904.jar:/home/user/.m2/repository/log4j/log4j/1.2.17/log4j-1.2.17.jar:/home/user/.m2/repository/org/slf4j/slf4j-api/1.7.25/slf4j-api-1.7.25.jar:/home/user/.m2/repository/org/slf4j/jul-to-slf4j/1.7.25/jul-to-slf4j-1.7.25.jar:/home/user/.m2/repository/org/eclipse/jetty/jetty-util/9.3.25.v20180904/jetty-util-9.3.25.v20180904.jar:/home/user/.m2/repository/com/fasterxml/jackson/core/jackson-databind/2.9.9/jackson-databind-2.9.9.jar:/home/user/.m2/repository/org/apache/hadoop/hadoop-kms/3.2.0/hadoop-kms-3.2.0-tests.jar:/home/user/.m2/repository/org/apache/hadoop/hadoop-hdds-server-scm/0.5.0-SNAPSHOT/hadoop-hdds-server-scm-0.5.0-SNAPSHOT-tests.jar:/home/user/.m2/repository/org/apache/hadoop/hadoop-hdds-container-service/0.5.0-SNAPSHOT/hadoop-hdds-container-service-0.5.0-SNAPSHOT-tests.jar:/home/user/.m2/repository/org/yaml/snakeyaml/1.16/snakeyaml-1.16.jar:/home/user/.m2/repository/org/apache/hadoop/hadoop-common/3.2.0/hadoop-common-3.2.0-tests.jar:/home/user/.m2/repository/org/apache/hadoop/hadoop-annotations/3.2.0/hadoop-annotations-3.2.0.jar:/usr/lib/jvm/java-1.8-openjdk/jre/../lib/tools.jar:/home/user/.m2/repository/commons-cli/commons-cli/1.2/commons-cli-1.2.jar:/home/user/.m2/repository/org/apache/httpcomponents/httpclient/4.5.2/httpclient-4.5.2.jar:/home/user/.m2/repository/org/apache/httpcomponents/httpcore/4.4.4/httpcore-4.4.4.jar:/home/user/.m2/repository/commons-codec/commons-codec/1.11/commons-codec-1.11.jar:/home/user/.m2/repository/commons-net/commons-net/3.6/commons-net-3.6.jar:/home/user/.m2/repository/commons-collections/commons-collections/3.2.2/commons-collections-3.2.2.jar:/home/user/.m2/repository/org/eclipse/jetty/jetty-servlet/9.3.25.v20180904/jetty-servlet-9.3.25.v20180904.jar:/home/user/.m2/repository/org/eclipse/jetty/jetty-security/9.3.25.v20180904/jetty-security-9.3.25.v20180904.jar:/home/user/.m2/repository/javax/servlet/jsp/jsp-api/2.1/jsp-api-2.1.jar:/home/user/.m2/repository/com/sun/jersey/jersey-servlet/1.19/jersey-servlet-1.19.jar:/home/user/.m2/repository/com/sun/jersey/jersey-json/1.19/jersey-json-1.19.jar:/home/user/.m2/repository/org/codehaus/jettison/jettison/1.1/jettison-1.1.jar:/home/user/.m2/repository/org/codehaus/jackson/jackson-core-asl/1.9.13/jackson-core-asl-1.9.13.jar:/home/user/.m2/repository/org/codehaus/jackson/jackson-mapper-asl/1.9.13/jackson-mapper-asl-1.9.13.jar:/home/user/.m2/repository/org/codehaus/jackson/jackson-jaxrs/1.9.13/jackson-jaxrs-1.9.13.jar:/home/user/.m2/repository/org/codehaus/jackson/jackson-xc/1.9.13/jackson-xc-1.9.13.jar:/home/user/.m2/repository/commons-logging/commons-logging/1.1.3/commons-logging-1.1.3.jar:/home/user/.m2/repository/commons-beanutils/commons-beanutils/1.9.4/commons-beanutils-1.9.4.jar:/home/user/.m2/repository/org/apache/commons/commons-configuration2/2.1.1/commons-configuration2-2.1.1.jar:/home/user/.m2/repository/org/apache/commons/commons-lang3/3.7/commons-lang3-3.7.jar:/home/user/.m2/repository/org/apache/commons/commons-text/1.4/commons-text-1.4.jar:/home/user/.m2/repository/org/apache/avro/avro/1.7.7/avro-1.7.7.jar:/home/user/.m2/repository/com/thoughtworks/paranamer/paranamer/2.3/paranamer-2.3.jar:/home/user/.m2/repository/org/xerial/snappy/snappy-java/1.0.5/snappy-java-1.0.5.jar:/home/user/.m2/repository/com/google/re2j/re2j/1.1/re2j-1.1.jar:/home/user/.m2/repository/com/google/code/gson/gson/2.2.4/gson-2.2.4.jar:/home/user/.m2/repository/com/jcraft/jsch/0.1.54/jsch-0.1.54.jar:/home/user/.m2/repository/org/apache/curator/curator-client/2.12.0/curator-client-2.12.0.jar:/home/user/.m2/repository/org/apache/curator/curator-recipes/2.12.0/curator-recipes-2.12.0.jar:/home/user/.m2/repository/com/google/code/findbugs/jsr305/3.0.0/jsr305-3.0.0.jar:/home/user/.m2/repository/org/apache/htrace/htrace-core4/4.1.0-incubating/htrace-core4-4.1.0-incubating.jar:/home/user/.m2/repository/org/apache/zookeeper/zookeeper/3.4.13/zookeeper-3.4.13.jar:/home/user/.m2/repository/jline/jline/0.9.94/jline-0.9.94.jar:/home/user/.m2/repository/org/apache/yetus/audience-annotations/0.5.0/audience-annotations-0.5.0.jar:/home/user/.m2/repository/org/codehaus/woodstox/stax2-api/3.1.4/stax2-api-3.1.4.jar:/home/user/.m2/repository/com/fasterxml/woodstox/woodstox-core/5.0.3/woodstox-core-5.0.3.jar:/home/user/.m2/repository/dnsjava/dnsjava/2.1.7/dnsjava-2.1.7.jar:/home/user/.m2/repository/org/apache/hadoop/hadoop-hdfs/3.2.0/hadoop-hdfs-3.2.0-tests.jar:/home/user/.m2/repository/org/eclipse/jetty/jetty-util-ajax/9.3.25.v20180904/jetty-util-ajax-9.3.25.v20180904.jar:/home/user/.m2/repository/commons-daemon/commons-daemon/1.0.13/commons-daemon-1.0.13.jar:/home/user/.m2/repository/io/netty/netty/3.10.5.Final/netty-3.10.5.Final.jar:/home/user/.m2/repository/io/netty/netty-all/4.0.52.Final/netty-all-4.0.52.Final.jar:/home/user/.m2/repository/org/fusesource/leveldbjni/leveldbjni-all/1.8/leveldbjni-all-1.8.jar:"/>
    <property name="sun.cpu.endian" value="little"/>
    <property name="user.home" value="/home/user"/>
    <property name="user.language" value="en"/>
    <property name="java.specification.vendor" value="Oracle Corporation"/>
    <property name="java.home" value="/usr/lib/jvm/java-1.8-openjdk/jre"/>
    <property name="java.security.krb5.conf" value="/workdir/hadoop-ozone/integration-test/target/test-classes/krb5.conf"/>
    <property name="basedir" value="/workdir/hadoop-ozone/integration-test"/>
    <property name="file.separator" value="/"/>
    <property name="line.separator" value="&#10;"/>
    <property name="java.vm.specification.vendor" value="Oracle Corporation"/>
    <property name="java.specification.name" value="Java Platform API Specification"/>
    <property name="java.awt.graphicsenv" value="sun.awt.X11GraphicsEnvironment"/>
    <property name="surefire.real.class.path" value="/workdir/hadoop-ozone/integration-test/target/surefire/surefirebooter801315204989779896.jar"/>
    <property name="hadoop.log.dir" value="/workdir/hadoop-ozone/integration-test/target/log"/>
    <property name="sun.boot.class.path" value="/usr/lib/jvm/java-1.8-openjdk/jre/lib/resources.jar:/usr/lib/jvm/java-1.8-openjdk/jre/lib/rt.jar:/usr/lib/jvm/java-1.8-openjdk/jre/lib/sunrsasign.jar:/usr/lib/jvm/java-1.8-openjdk/jre/lib/jsse.jar:/usr/lib/jvm/java-1.8-openjdk/jre/lib/jce.jar:/usr/lib/jvm/java-1.8-openjdk/jre/lib/charsets.jar:/usr/lib/jvm/java-1.8-openjdk/jre/lib/jfr.jar:/usr/lib/jvm/java-1.8-openjdk/jre/classes"/>
    <property name="sun.management.compiler" value="HotSpot 64-Bit Tiered Compilers"/>
    <property name="java.runtime.version" value="1.8.0_212-b04"/>
    <property name="java.net.preferIPv4Stack" value="true"/>
    <property name="user.name" value="jenkins1000"/>
    <property name="path.separator" value=":"/>
    <property name="java.security.egd" value="file:///dev/urandom"/>
    <property name="os.version" value="3.10.0-957.12.2.el7.x86_64"/>
    <property name="java.endorsed.dirs" value="/usr/lib/jvm/java-1.8-openjdk/jre/lib/endorsed"/>
    <property name="java.runtime.name" value="OpenJDK Runtime Environment"/>
    <property name="file.encoding" value="UTF-8"/>
    <property name="java.vm.name" value="OpenJDK 64-Bit Server VM"/>
    <property name="test.build.webapps" value=""/>
    <property name="localRepository" value="/home/user/.m2/repository"/>
    <property name="java.vendor.url.bug" value="https://icedtea.classpath.org/bugzilla"/>
    <property name="java.io.tmpdir" value="/tmp"/>
    <property name="require.test.libhadoop" value=""/>
    <property name="java.version" value="1.8.0_212"/>
    <property name="user.dir" value="/workdir/hadoop-ozone/integration-test"/>
    <property name="os.arch" value="amd64"/>
    <property name="java.vm.specification.name" value="Java Virtual Machine Specification"/>
    <property name="test.build.classes" value="/workdir/hadoop-ozone/integration-test/target/test-classes"/>
    <property name="java.awt.printerjob" value="sun.print.PSPrinterJob"/>
    <property name="sun.os.patch.level" value="unknown"/>
    <property name="hadoop.tmp.dir" value="/workdir/hadoop-ozone/integration-test/target/tmp"/>
    <property name="java.library.path" value="/usr/lib/jvm/java-1.8-openjdk/jre/lib/amd64/server:/usr/lib/jvm/java-1.8-openjdk/jre/lib/amd64:/usr/lib/jvm/java-1.8-openjdk/jre/../lib/amd64:/workdir/hadoop-ozone/integration-test/target/native/target/usr/local/lib:/workdir/hadoop-ozone/integration-test/../../hadoop-common-project/hadoop-common/target/native/target/usr/local/lib:/usr/java/packages/lib/amd64:/usr/lib64:/lib64:/lib:/usr/lib"/>
    <property name="java.vm.info" value="mixed mode"/>
    <property name="java.vendor" value="IcedTea"/>
    <property name="java.vm.version" value="25.212-b04"/>
    <property name="java.ext.dirs" value="/usr/lib/jvm/java-1.8-openjdk/jre/lib/ext:/usr/java/packages/lib/ext"/>
    <property name="sun.io.unicode.encoding" value="UnicodeLittle"/>
    <property name="java.class.version" value="52.0"/>
  </properties>
  <testcase name="testWatchForCommitWithKeyWrite" classname="org.apache.hadoop.ozone.client.rpc.TestWatchForCommit" time="101.61"/>
  <testcase name="testWatchForCommitWithSmallerTimeoutValue" classname="org.apache.hadoop.ozone.client.rpc.TestWatchForCommit" time="52.383"/>
  <testcase name="testWatchForCommitForRetryfailure" classname="org.apache.hadoop.ozone.client.rpc.TestWatchForCommit" time="28.747">
    <error message="org.apache.ratis.protocol.RaftRetryFailureException: Failed RaftClientRequest:client-655096A9E369-&gt;73eab992-ebb5-44d3-9477-5e5c7a90fb54@group-E9B6FFDBC393, cid=66, seq=1*, RW, org.apache.hadoop.hdds.scm.XceiverClientRatis$$Lambda$452/1293940401@2a2a980d for 20 attempts with RetryLimited(maxAttempts=20, sleepTime=1000ms)" type="java.util.concurrent.ExecutionException">java.util.concurrent.ExecutionException: org.apache.ratis.protocol.RaftRetryFailureException: Failed RaftClientRequest:client-655096A9E369->73eab992-ebb5-44d3-9477-5e5c7a90fb54@group-E9B6FFDBC393, cid=66, seq=1*, RW, org.apache.hadoop.hdds.scm.XceiverClientRatis$$Lambda$452/1293940401@2a2a980d for 20 attempts with RetryLimited(maxAttempts=20, sleepTime=1000ms)
	at java.util.concurrent.CompletableFuture.reportGet(CompletableFuture.java:357)
	at java.util.concurrent.CompletableFuture.get(CompletableFuture.java:1895)
	at org.apache.hadoop.ozone.client.rpc.TestWatchForCommit.testWatchForCommitForRetryfailure(TestWatchForCommit.java:335)
	at sun.reflect.NativeMethodAccessorImpl.invoke0(Native Method)
	at sun.reflect.NativeMethodAccessorImpl.invoke(NativeMethodAccessorImpl.java:62)
	at sun.reflect.DelegatingMethodAccessorImpl.invoke(DelegatingMethodAccessorImpl.java:43)
	at java.lang.reflect.Method.invoke(Method.java:498)
	at org.junit.runners.model.FrameworkMethod$1.runReflectiveCall(FrameworkMethod.java:47)
	at org.junit.internal.runners.model.ReflectiveCallable.run(ReflectiveCallable.java:12)
	at org.junit.runners.model.FrameworkMethod.invokeExplosively(FrameworkMethod.java:44)
	at org.junit.internal.runners.statements.InvokeMethod.evaluate(InvokeMethod.java:17)
	at org.junit.runners.ParentRunner.runLeaf(ParentRunner.java:271)
	at org.junit.runners.BlockJUnit4ClassRunner.runChild(BlockJUnit4ClassRunner.java:70)
	at org.junit.runners.BlockJUnit4ClassRunner.runChild(BlockJUnit4ClassRunner.java:50)
	at org.junit.runners.ParentRunner$3.run(ParentRunner.java:238)
	at org.junit.runners.ParentRunner$1.schedule(ParentRunner.java:63)
	at org.junit.runners.ParentRunner.runChildren(ParentRunner.java:236)
	at org.junit.runners.ParentRunner.access$000(ParentRunner.java:53)
	at org.junit.runners.ParentRunner$2.evaluate(ParentRunner.java:229)
	at org.junit.runners.ParentRunner.run(ParentRunner.java:309)
	at org.apache.maven.surefire.junit4.JUnit4Provider.execute(JUnit4Provider.java:365)
	at org.apache.maven.surefire.junit4.JUnit4Provider.executeWithRerun(JUnit4Provider.java:273)
	at org.apache.maven.surefire.junit4.JUnit4Provider.executeTestSet(JUnit4Provider.java:238)
	at org.apache.maven.surefire.junit4.JUnit4Provider.invoke(JUnit4Provider.java:159)
	at org.apache.maven.surefire.booter.ForkedBooter.invokeProviderInSameClassLoader(ForkedBooter.java:384)
	at org.apache.maven.surefire.booter.ForkedBooter.runSuitesInProcess(ForkedBooter.java:345)
	at org.apache.maven.surefire.booter.ForkedBooter.execute(ForkedBooter.java:126)
	at org.apache.maven.surefire.booter.ForkedBooter.main(ForkedBooter.java:418)
Caused by: org.apache.ratis.protocol.RaftRetryFailureException: Failed RaftClientRequest:client-655096A9E369->73eab992-ebb5-44d3-9477-5e5c7a90fb54@group-E9B6FFDBC393, cid=66, seq=1*, RW, org.apache.hadoop.hdds.scm.XceiverClientRatis$$Lambda$452/1293940401@2a2a980d for 20 attempts with RetryLimited(maxAttempts=20, sleepTime=1000ms)
	at org.apache.ratis.client.impl.RaftClientImpl.noMoreRetries(RaftClientImpl.java:271)
	at org.apache.ratis.client.impl.OrderedAsync.handleAsyncRetryFailure(OrderedAsync.java:138)
	at org.apache.ratis.client.impl.OrderedAsync.lambda$sendRequest$10(OrderedAsync.java:230)
	at java.util.concurrent.CompletableFuture.uniExceptionally(CompletableFuture.java:870)
	at java.util.concurrent.CompletableFuture$UniExceptionally.tryFire(CompletableFuture.java:852)
	at java.util.concurrent.CompletableFuture.postComplete(CompletableFuture.java:474)
	at java.util.concurrent.CompletableFuture.completeExceptionally(CompletableFuture.java:1977)
	at org.apache.ratis.grpc.client.GrpcClientProtocolClient$AsyncStreamObservers.completeReplyExceptionally(GrpcClientProtocolClient.java:345)
	at org.apache.ratis.grpc.client.GrpcClientProtocolClient$AsyncStreamObservers.access$000(GrpcClientProtocolClient.java:261)
	at org.apache.ratis.grpc.client.GrpcClientProtocolClient$AsyncStreamObservers$1.onNext(GrpcClientProtocolClient.java:273)
	at org.apache.ratis.grpc.client.GrpcClientProtocolClient$AsyncStreamObservers$1.onNext(GrpcClientProtocolClient.java:264)
	at org.apache.ratis.thirdparty.io.grpc.stub.ClientCalls$StreamObserverToCallListenerAdapter.onMessage(ClientCalls.java:421)
	at org.apache.ratis.thirdparty.io.grpc.ForwardingClientCallListener.onMessage(ForwardingClientCallListener.java:33)
	at org.apache.ratis.thirdparty.io.grpc.ForwardingClientCallListener.onMessage(ForwardingClientCallListener.java:33)
	at org.apache.ratis.thirdparty.io.grpc.internal.ClientCallImpl$ClientStreamListenerImpl$1MessagesAvailable.runInContext(ClientCallImpl.java:519)
	at org.apache.ratis.thirdparty.io.grpc.internal.ContextRunnable.run(ContextRunnable.java:37)
	at org.apache.ratis.thirdparty.io.grpc.internal.SerializingExecutor.run(SerializingExecutor.java:123)
	at java.util.concurrent.ThreadPoolExecutor.runWorker(ThreadPoolExecutor.java:1149)
	at java.util.concurrent.ThreadPoolExecutor$Worker.run(ThreadPoolExecutor.java:624)
	at java.lang.Thread.run(Thread.java:748)
Caused by: org.apache.ratis.protocol.NotLeaderException: Server 73eab992-ebb5-44d3-9477-5e5c7a90fb54@group-E9B6FFDBC393 is not the leader
	at org.apache.ratis.client.impl.ClientProtoUtils.toRaftClientReply(ClientProtoUtils.java:243)
	at org.apache.ratis.grpc.client.GrpcClientProtocolClient$AsyncStreamObservers$1.onNext(GrpcClientProtocolClient.java:269)
	... 10 more
</error>
    <system-out><![CDATA[2019-10-10 04:46:55,177 [main] WARN  server.ServerUtils (ServerUtils.java:getScmDbDir(145)) - ozone.scm.db.dirs is not configured. We recommend adding this setting. Falling back to ozone.metadata.dirs instead.
2019-10-10 04:46:55,198 [main] WARN  server.ServerUtils (ServerUtils.java:getScmDbDir(145)) - ozone.scm.db.dirs is not configured. We recommend adding this setting. Falling back to ozone.metadata.dirs instead.
2019-10-10 04:46:55,198 [main] WARN  server.ServerUtils (ServerUtils.java:getScmDbDir(145)) - ozone.scm.db.dirs is not configured. We recommend adding this setting. Falling back to ozone.metadata.dirs instead.
2019-10-10 04:46:55,199 [main] INFO  db.DBStoreBuilder (DBStoreBuilder.java:addTable(117)) - using custom profile for table: deletedBlocks
2019-10-10 04:46:55,200 [main] INFO  db.DBStoreBuilder (DBStoreBuilder.java:processTables(168)) - Using default column profile:DBProfile.DISK for Table:deletedBlocks
2019-10-10 04:46:55,200 [main] INFO  db.DBStoreBuilder (DBStoreBuilder.java:addTable(117)) - using custom profile for table: validCerts
2019-10-10 04:46:55,200 [main] INFO  db.DBStoreBuilder (DBStoreBuilder.java:processTables(168)) - Using default column profile:DBProfile.DISK for Table:validCerts
2019-10-10 04:46:55,201 [main] INFO  db.DBStoreBuilder (DBStoreBuilder.java:addTable(117)) - using custom profile for table: revokedCerts
2019-10-10 04:46:55,201 [main] INFO  db.DBStoreBuilder (DBStoreBuilder.java:processTables(168)) - Using default column profile:DBProfile.DISK for Table:revokedCerts
2019-10-10 04:46:55,201 [main] INFO  db.DBStoreBuilder (DBStoreBuilder.java:addTable(117)) - using custom profile for table: default
2019-10-10 04:46:55,202 [main] INFO  db.DBStoreBuilder (DBStoreBuilder.java:processTables(174)) - Using default column profile:DBProfile.DISK for Table:default
2019-10-10 04:46:55,202 [main] INFO  db.DBStoreBuilder (DBStoreBuilder.java:getDbProfile(205)) - Using default options. DBProfile.DISK
2019-10-10 04:46:57,156 [main] INFO  net.NodeSchemaLoader (NodeSchemaLoader.java:loadSchemaFromFile(125)) - Loading file from sun.misc.CompoundEnumeration@250b5e5b
2019-10-10 04:46:57,156 [main] INFO  net.NodeSchemaLoader (NodeSchemaLoader.java:loadSchema(171)) - Loading network topology layer schema file
2019-10-10 04:46:57,163 [main] WARN  server.ServerUtils (ServerUtils.java:sanitizeUserArgs(70)) - ozone.scm.stale.node.interval value = 300000 is larger than max = 100000 based on the key value of ozone.scm.heartbeat.thread.interval, reset to the max value 100000.
2019-10-10 04:46:57,163 [main] WARN  server.ServerUtils (ServerUtils.java:sanitizeUserArgs(70)) - ozone.scm.stale.node.interval value = 300000 is larger than max = 100000 based on the key value of ozone.scm.heartbeat.thread.interval, reset to the max value 100000.
2019-10-10 04:46:57,163 [main] INFO  node.SCMNodeManager (SCMNodeManager.java:<init>(116)) - Entering startup safe mode.
2019-10-10 04:46:57,165 [main] INFO  algorithms.ContainerPlacementPolicyFactory (ContainerPlacementPolicyFactory.java:getPolicy(57)) - Create container placement policy of type org.apache.hadoop.hdds.scm.container.placement.algorithms.SCMContainerPlacementRandom
2019-10-10 04:46:57,165 [main] WARN  server.ServerUtils (ServerUtils.java:getScmDbDir(145)) - ozone.scm.db.dirs is not configured. We recommend adding this setting. Falling back to ozone.metadata.dirs instead.
2019-10-10 04:46:57,422 [main] INFO  pipeline.SCMPipelineManager (SCMPipelineManager.java:initializePipelineState(132)) - No pipeline exists in current db
2019-10-10 04:46:57,423 [main] WARN  server.ServerUtils (ServerUtils.java:getScmDbDir(145)) - ozone.scm.db.dirs is not configured. We recommend adding this setting. Falling back to ozone.metadata.dirs instead.
2019-10-10 04:46:57,576 [main] WARN  events.EventQueue (EventQueue.java:fireEvent(183)) - No event handler registered for event TypedEvent{payloadType=SafeModeStatus, name='SafeModeStatus'}
2019-10-10 04:46:57,578 [main] INFO  ipc.CallQueueManager (CallQueueManager.java:<init>(84)) - Using callQueue: class java.util.concurrent.LinkedBlockingQueue, queueCapacity: 2000, scheduler: class org.apache.hadoop.ipc.DefaultRpcScheduler, ipcBackoff: false.
2019-10-10 04:46:57,579 [Socket Reader #1 for port 34440] INFO  ipc.Server (Server.java:run(1074)) - Starting Socket Reader #1 for port 34440
2019-10-10 04:46:57,582 [main] INFO  ipc.CallQueueManager (CallQueueManager.java:<init>(84)) - Using callQueue: class java.util.concurrent.LinkedBlockingQueue, queueCapacity: 2000, scheduler: class org.apache.hadoop.ipc.DefaultRpcScheduler, ipcBackoff: false.
2019-10-10 04:46:57,583 [Socket Reader #1 for port 38373] INFO  ipc.Server (Server.java:run(1074)) - Starting Socket Reader #1 for port 38373
2019-10-10 04:46:57,585 [main] INFO  ipc.CallQueueManager (CallQueueManager.java:<init>(84)) - Using callQueue: class java.util.concurrent.LinkedBlockingQueue, queueCapacity: 2000, scheduler: class org.apache.hadoop.ipc.DefaultRpcScheduler, ipcBackoff: false.
2019-10-10 04:46:57,586 [Socket Reader #1 for port 42043] INFO  ipc.Server (Server.java:run(1074)) - Starting Socket Reader #1 for port 42043
2019-10-10 04:46:57,588 [main] INFO  hdfs.DFSUtil (DFSUtil.java:httpServerTemplateForNNAndJN(1641)) - Starting Web-server for scm at: http://0.0.0.0:0
2019-10-10 04:46:57,591 [main] INFO  server.AuthenticationFilter (AuthenticationFilter.java:constructSecretProvider(240)) - Unable to initialize FileSignerSecretProvider, falling back to use random secrets.
2019-10-10 04:46:57,592 [main] WARN  http.HttpRequestLog (HttpRequestLog.java:getRequestLog(97)) - Jetty request log can only be enabled using Log4j
2019-10-10 04:46:57,596 [main] INFO  http.HttpServer2 (HttpServer2.java:addGlobalFilter(975)) - Added global filter 'safety' (class=org.apache.hadoop.http.HttpServer2$QuotingInputFilter)
2019-10-10 04:46:57,597 [main] INFO  http.HttpServer2 (HttpServer2.java:addFilter(948)) - Added filter static_user_filter (class=org.apache.hadoop.http.lib.StaticUserWebFilter$StaticUserFilter) to context scm
2019-10-10 04:46:57,597 [main] INFO  http.HttpServer2 (HttpServer2.java:addFilter(958)) - Added filter static_user_filter (class=org.apache.hadoop.http.lib.StaticUserWebFilter$StaticUserFilter) to context static
2019-10-10 04:46:57,597 [main] INFO  http.HttpServer2 (HttpServer2.java:addFilter(958)) - Added filter static_user_filter (class=org.apache.hadoop.http.lib.StaticUserWebFilter$StaticUserFilter) to context logs
2019-10-10 04:46:57,601 [main] INFO  server.StorageContainerManager (StorageContainerManager.java:start(770)) - StorageContainerLocationProtocol RPC server is listening at /0.0.0.0:42043
2019-10-10 04:46:57,607 [main] WARN  impl.MetricsConfig (MetricsConfig.java:loadFirst(134)) - Cannot locate configuration: tried hadoop-metrics2-storagecontainermanager.properties,hadoop-metrics2.properties
2019-10-10 04:46:57,609 [main] INFO  impl.MetricsSystemImpl (MetricsSystemImpl.java:startTimer(374)) - Scheduled Metric snapshot period at 10 second(s).
2019-10-10 04:46:57,609 [main] INFO  impl.MetricsSystemImpl (MetricsSystemImpl.java:start(191)) - StorageContainerManager metrics system started
2019-10-10 04:46:57,615 [main] INFO  lib.Interns (Interns.java:removeEldestEntry(50)) - Metrics intern cache overflow at 2011 for MetricsSystem={MetricsSystem=MetricsInfoImpl{name=MetricsSystem, description=MetricsSystem}, MetricsSystem record=MetricsInfoImpl{name=MetricsSystem, description=MetricsSystem record}}
2019-10-10 04:46:57,630 [main] WARN  impl.MetricsSystemImpl (MetricsSystemImpl.java:register(276)) - Sink prometheus already exists!
2019-10-10 04:46:57,687 [main] INFO  server.SCMClientProtocolServer (SCMClientProtocolServer.java:start(159)) - RPC server for Client  is listening at /0.0.0.0:42043
2019-10-10 04:46:57,687 [IPC Server Responder] INFO  ipc.Server (Server.java:run(1314)) - IPC Server Responder: starting
2019-10-10 04:46:57,687 [IPC Server listener on 42043] INFO  ipc.Server (Server.java:run(1153)) - IPC Server listener on 42043: starting
2019-10-10 04:46:57,692 [main] INFO  server.StorageContainerManager (StorageContainerManager.java:start(780)) - ScmBlockLocationProtocol RPC server is listening at /0.0.0.0:38373
2019-10-10 04:46:57,693 [main] INFO  server.SCMBlockProtocolServer (SCMBlockProtocolServer.java:start(146)) - RPC server for Block Protocol is listening at /0.0.0.0:38373
2019-10-10 04:46:57,693 [IPC Server listener on 38373] INFO  ipc.Server (Server.java:run(1153)) - IPC Server listener on 38373: starting
2019-10-10 04:46:57,693 [IPC Server Responder] INFO  ipc.Server (Server.java:run(1314)) - IPC Server Responder: starting
2019-10-10 04:46:57,697 [main] INFO  server.StorageContainerManager (StorageContainerManager.java:start(784)) - ScmDatanodeProtocl RPC server is listening at /0.0.0.0:34440
2019-10-10 04:46:57,697 [main] INFO  server.SCMDatanodeProtocolServer (SCMDatanodeProtocolServer.java:start(169)) - RPC server for DataNodes is listening at /0.0.0.0:34440
2019-10-10 04:46:57,698 [IPC Server Responder] INFO  ipc.Server (Server.java:run(1314)) - IPC Server Responder: starting
2019-10-10 04:46:57,698 [IPC Server listener on 34440] INFO  ipc.Server (Server.java:run(1153)) - IPC Server listener on 34440: starting
2019-10-10 04:46:57,702 [main] INFO  http.HttpServer2 (HttpServer2.java:bindListener(1191)) - Jetty bound to port 41088
2019-10-10 04:46:57,703 [main] INFO  server.Server (Server.java:doStart(351)) - jetty-9.3.25.v20180904, build timestamp: 2018-09-04T21:11:46Z, git hash: 3ce520221d0240229c862b122d2b06c12a625732
2019-10-10 04:46:57,705 [main] INFO  handler.ContextHandler (ContextHandler.java:doStart(781)) - Started o.e.j.s.ServletContextHandler@41ef1ea2{/logs,file:///workdir/hadoop-ozone/integration-test/target/log,AVAILABLE}
2019-10-10 04:46:57,705 [main] INFO  handler.ContextHandler (ContextHandler.java:doStart(781)) - Started o.e.j.s.ServletContextHandler@583fb274{/static,file:///workdir/hadoop-ozone/integration-test/target/test-classes/webapps/static,AVAILABLE}
2019-10-10 04:46:57,709 [main] INFO  handler.ContextHandler (ContextHandler.java:doStart(781)) - Started o.e.j.w.WebAppContext@1f43cab7{/,file:///workdir/hadoop-ozone/integration-test/target/test-classes/webapps/scm/,AVAILABLE}{/scm}
2019-10-10 04:46:57,710 [main] INFO  server.AbstractConnector (AbstractConnector.java:doStart(278)) - Started ServerConnector@481558ce{HTTP/1.1,[http/1.1]}{0.0.0.0:41088}
2019-10-10 04:46:57,711 [main] INFO  server.Server (Server.java:doStart(419)) - Started @156891ms
2019-10-10 04:46:57,711 [main] WARN  impl.MetricsSystemImpl (MetricsSystemImpl.java:register(276)) - Sink prometheus already exists!
2019-10-10 04:46:57,711 [main] INFO  server.BaseHttpServer (BaseHttpServer.java:updateConnectorAddress(215)) - HTTP server of SCM is listening at http://0.0.0.0:41088
2019-10-10 04:46:57,712 [main] WARN  server.ServerUtils (ServerUtils.java:getDBPath(222)) - ozone.om.db.dirs is not configured. We recommend adding this setting. Falling back to ozone.metadata.dirs instead.
2019-10-10 04:46:57,712 [org.apache.hadoop.util.JvmPauseMonitor$Monitor@7f353a0f] INFO  util.JvmPauseMonitor (JvmPauseMonitor.java:run(188)) - Starting JVM pause monitor
2019-10-10 04:46:57,756 [main] INFO  ha.OMHANodeDetails (OMHANodeDetails.java:loadOMHAConfig(190)) - Configuration either no ozone.om.address set. Falling back to the default OM address /127.0.0.1:0
2019-10-10 04:46:57,756 [main] INFO  ha.OMHANodeDetails (OMHANodeDetails.java:getOMNodeDetails(220)) - OM Service ID is not set. Setting it to the default ID: omServiceIdDefault
2019-10-10 04:46:57,756 [main] WARN  server.ServerUtils (ServerUtils.java:getDBPath(222)) - ozone.om.db.dirs is not configured. We recommend adding this setting. Falling back to ozone.metadata.dirs instead.
2019-10-10 04:46:57,756 [main] WARN  server.ServerUtils (ServerUtils.java:getDBPath(222)) - ozone.om.db.dirs is not configured. We recommend adding this setting. Falling back to ozone.metadata.dirs instead.
2019-10-10 04:46:57,763 [main] WARN  server.ServerUtils (ServerUtils.java:getDBPath(222)) - ozone.om.db.dirs is not configured. We recommend adding this setting. Falling back to ozone.metadata.dirs instead.
2019-10-10 04:46:57,764 [main] INFO  db.DBStoreBuilder (DBStoreBuilder.java:addTable(117)) - using custom profile for table: userTable
2019-10-10 04:46:57,764 [main] INFO  db.DBStoreBuilder (DBStoreBuilder.java:processTables(168)) - Using default column profile:DBProfile.DISK for Table:userTable
2019-10-10 04:46:57,764 [main] INFO  db.DBStoreBuilder (DBStoreBuilder.java:addTable(117)) - using custom profile for table: volumeTable
2019-10-10 04:46:57,764 [main] INFO  db.DBStoreBuilder (DBStoreBuilder.java:processTables(168)) - Using default column profile:DBProfile.DISK for Table:volumeTable
2019-10-10 04:46:57,765 [main] INFO  db.DBStoreBuilder (DBStoreBuilder.java:addTable(117)) - using custom profile for table: bucketTable
2019-10-10 04:46:57,765 [main] INFO  db.DBStoreBuilder (DBStoreBuilder.java:processTables(168)) - Using default column profile:DBProfile.DISK for Table:bucketTable
2019-10-10 04:46:57,765 [main] INFO  db.DBStoreBuilder (DBStoreBuilder.java:addTable(117)) - using custom profile for table: keyTable
2019-10-10 04:46:57,765 [main] INFO  db.DBStoreBuilder (DBStoreBuilder.java:processTables(168)) - Using default column profile:DBProfile.DISK for Table:keyTable
2019-10-10 04:46:57,766 [main] INFO  db.DBStoreBuilder (DBStoreBuilder.java:addTable(117)) - using custom profile for table: deletedTable
2019-10-10 04:46:57,766 [main] INFO  db.DBStoreBuilder (DBStoreBuilder.java:processTables(168)) - Using default column profile:DBProfile.DISK for Table:deletedTable
2019-10-10 04:46:57,766 [main] INFO  db.DBStoreBuilder (DBStoreBuilder.java:addTable(117)) - using custom profile for table: openKeyTable
2019-10-10 04:46:57,766 [main] INFO  db.DBStoreBuilder (DBStoreBuilder.java:processTables(168)) - Using default column profile:DBProfile.DISK for Table:openKeyTable
2019-10-10 04:46:57,766 [main] INFO  db.DBStoreBuilder (DBStoreBuilder.java:addTable(117)) - using custom profile for table: s3Table
2019-10-10 04:46:57,766 [main] INFO  db.DBStoreBuilder (DBStoreBuilder.java:processTables(168)) - Using default column profile:DBProfile.DISK for Table:s3Table
2019-10-10 04:46:57,767 [main] INFO  db.DBStoreBuilder (DBStoreBuilder.java:addTable(117)) - using custom profile for table: multipartInfoTable
2019-10-10 04:46:57,767 [main] INFO  db.DBStoreBuilder (DBStoreBuilder.java:processTables(168)) - Using default column profile:DBProfile.DISK for Table:multipartInfoTable
2019-10-10 04:46:57,767 [main] INFO  db.DBStoreBuilder (DBStoreBuilder.java:addTable(117)) - using custom profile for table: dTokenTable
2019-10-10 04:46:57,767 [main] INFO  db.DBStoreBuilder (DBStoreBuilder.java:processTables(168)) - Using default column profile:DBProfile.DISK for Table:dTokenTable
2019-10-10 04:46:57,768 [main] INFO  db.DBStoreBuilder (DBStoreBuilder.java:addTable(117)) - using custom profile for table: s3SecretTable
2019-10-10 04:46:57,768 [main] INFO  db.DBStoreBuilder (DBStoreBuilder.java:processTables(168)) - Using default column profile:DBProfile.DISK for Table:s3SecretTable
2019-10-10 04:46:57,768 [main] INFO  db.DBStoreBuilder (DBStoreBuilder.java:addTable(117)) - using custom profile for table: prefixTable
2019-10-10 04:46:57,768 [main] INFO  db.DBStoreBuilder (DBStoreBuilder.java:processTables(168)) - Using default column profile:DBProfile.DISK for Table:prefixTable
2019-10-10 04:46:57,768 [main] INFO  db.DBStoreBuilder (DBStoreBuilder.java:addTable(117)) - using custom profile for table: default
2019-10-10 04:46:57,768 [main] INFO  db.DBStoreBuilder (DBStoreBuilder.java:processTables(174)) - Using default column profile:DBProfile.DISK for Table:default
2019-10-10 04:46:57,768 [main] INFO  db.DBStoreBuilder (DBStoreBuilder.java:getDbProfile(205)) - Using default options. DBProfile.DISK
2019-10-10 04:46:58,806 [main] INFO  ipc.CallQueueManager (CallQueueManager.java:<init>(84)) - Using callQueue: class java.util.concurrent.LinkedBlockingQueue, queueCapacity: 2000, scheduler: class org.apache.hadoop.ipc.DefaultRpcScheduler, ipcBackoff: false.
2019-10-10 04:46:58,808 [Socket Reader #1 for port 45665] INFO  ipc.Server (Server.java:run(1074)) - Starting Socket Reader #1 for port 45665
2019-10-10 04:46:58,835 [main] INFO  om.OzoneManager (OzoneManager.java:start(1069)) - OzoneManager RPC server is listening at localhost/127.0.0.1:45665
2019-10-10 04:46:58,835 [main] INFO  impl.MetricsSystemImpl (MetricsSystemImpl.java:init(158)) - OzoneManager metrics system started (again)
2019-10-10 04:46:58,838 [IPC Server Responder] INFO  ipc.Server (Server.java:run(1314)) - IPC Server Responder: starting
2019-10-10 04:46:58,838 [IPC Server listener on 45665] INFO  ipc.Server (Server.java:run(1153)) - IPC Server listener on 45665: starting
2019-10-10 04:46:58,845 [main] INFO  hdfs.DFSUtil (DFSUtil.java:httpServerTemplateForNNAndJN(1641)) - Starting Web-server for ozoneManager at: http://0.0.0.0:0
2019-10-10 04:46:58,847 [main] INFO  server.AuthenticationFilter (AuthenticationFilter.java:constructSecretProvider(240)) - Unable to initialize FileSignerSecretProvider, falling back to use random secrets.
2019-10-10 04:46:58,847 [main] WARN  http.HttpRequestLog (HttpRequestLog.java:getRequestLog(97)) - Jetty request log can only be enabled using Log4j
2019-10-10 04:46:58,850 [main] INFO  http.HttpServer2 (HttpServer2.java:addGlobalFilter(975)) - Added global filter 'safety' (class=org.apache.hadoop.http.HttpServer2$QuotingInputFilter)
2019-10-10 04:46:58,850 [main] INFO  http.HttpServer2 (HttpServer2.java:addFilter(948)) - Added filter static_user_filter (class=org.apache.hadoop.http.lib.StaticUserWebFilter$StaticUserFilter) to context ozoneManager
2019-10-10 04:46:58,851 [main] INFO  http.HttpServer2 (HttpServer2.java:addFilter(958)) - Added filter static_user_filter (class=org.apache.hadoop.http.lib.StaticUserWebFilter$StaticUserFilter) to context logs
2019-10-10 04:46:58,851 [main] INFO  http.HttpServer2 (HttpServer2.java:addFilter(958)) - Added filter static_user_filter (class=org.apache.hadoop.http.lib.StaticUserWebFilter$StaticUserFilter) to context static
2019-10-10 04:46:58,852 [main] INFO  http.HttpServer2 (HttpServer2.java:bindListener(1191)) - Jetty bound to port 44056
2019-10-10 04:46:58,852 [main] INFO  server.Server (Server.java:doStart(351)) - jetty-9.3.25.v20180904, build timestamp: 2018-09-04T21:11:46Z, git hash: 3ce520221d0240229c862b122d2b06c12a625732
2019-10-10 04:46:58,854 [main] INFO  handler.ContextHandler (ContextHandler.java:doStart(781)) - Started o.e.j.s.ServletContextHandler@36790bec{/logs,file:///workdir/hadoop-ozone/integration-test/target/log,AVAILABLE}
2019-10-10 04:46:58,854 [main] INFO  handler.ContextHandler (ContextHandler.java:doStart(781)) - Started o.e.j.s.ServletContextHandler@7e3d7dd{/static,file:///workdir/hadoop-ozone/integration-test/target/test-classes/webapps/static,AVAILABLE}
2019-10-10 04:46:58,859 [main] INFO  handler.ContextHandler (ContextHandler.java:doStart(781)) - Started o.e.j.w.WebAppContext@66bf40e5{/,file:///workdir/hadoop-ozone/integration-test/target/test-classes/webapps/ozoneManager/,AVAILABLE}{/ozoneManager}
2019-10-10 04:46:58,859 [main] INFO  server.AbstractConnector (AbstractConnector.java:doStart(278)) - Started ServerConnector@2291d9a0{HTTP/1.1,[http/1.1]}{0.0.0.0:44056}
2019-10-10 04:46:58,860 [main] INFO  server.Server (Server.java:doStart(419)) - Started @158041ms
2019-10-10 04:46:58,860 [main] WARN  impl.MetricsSystemImpl (MetricsSystemImpl.java:register(276)) - Sink prometheus already exists!
2019-10-10 04:46:58,861 [main] INFO  server.BaseHttpServer (BaseHttpServer.java:updateConnectorAddress(215)) - HTTP server of OZONEMANAGER is listening at http://0.0.0.0:44056
2019-10-10 04:46:58,876 [main] INFO  impl.MetricsSystemImpl (MetricsSystemImpl.java:init(158)) - HddsDatanode metrics system started (again)
2019-10-10 04:46:58,878 [main] INFO  ozone.HddsDatanodeService (HddsDatanodeService.java:start(184)) - HddsDatanodeService host:pr-hdds-1986-sk52v-1870103574 ip:192.168.164.237
2019-10-10 04:46:58,885 [main] INFO  volume.HddsVolume (HddsVolume.java:<init>(176)) - Creating Volume: /workdir/hadoop-ozone/integration-test/target/test-dir/MiniOzoneClusterImpl-32d9642c-dde9-4989-afb2-85b6653a764a/datanode-0/data/containers/hdds of  storage type : DISK and capacity : 1482555576320
2019-10-10 04:46:58,886 [main] INFO  volume.VolumeSet (VolumeSet.java:initializeVolumeSet(170)) - Added Volume : /workdir/hadoop-ozone/integration-test/target/test-dir/MiniOzoneClusterImpl-32d9642c-dde9-4989-afb2-85b6653a764a/datanode-0/data/containers/hdds to VolumeSet
2019-10-10 04:46:58,886 [main] INFO  volume.ThrottledAsyncChecker (ThrottledAsyncChecker.java:schedule(139)) - Scheduling a check for org.apache.hadoop.ozone.container.common.volume.HddsVolume@707e4fe4
2019-10-10 04:46:58,887 [main] INFO  volume.HddsVolumeChecker (HddsVolumeChecker.java:checkAllVolumes(202)) - Scheduled health check for volume org.apache.hadoop.ozone.container.common.volume.HddsVolume@707e4fe4
2019-10-10 04:46:58,912 [main] INFO  impl.RaftServerProxy (ConfUtils.java:logGet(43)) - raft.rpc.type = GRPC (default)
2019-10-10 04:46:58,912 [main] INFO  grpc.GrpcFactory (GrpcFactory.java:checkPooledByteBufAllocatorUseCacheForAllThreads(45)) - PERFORMANCE WARNING: useCacheForAllThreads is true that may cause Netty to create a lot garbage objects and, as a result, trigger GC.
	It is recommended to disable useCacheForAllThreads by setting -Dorg.apache.ratis.thirdparty.io.netty.allocator.useCacheForAllThreads=false in command line.
2019-10-10 04:46:58,912 [main] INFO  grpc.GrpcConfigKeys$Server (ConfUtils.java:logGet(43)) - raft.grpc.server.port = 0 (default)
2019-10-10 04:46:58,913 [main] INFO  server.GrpcService (ConfUtils.java:logGet(43)) - raft.grpc.message.size.max = 33570816 (custom)
2019-10-10 04:46:58,913 [main] INFO  server.RaftServerConfigKeys (ConfUtils.java:logGet(43)) - raft.server.log.appender.buffer.byte-limit = 33554432 (custom)
2019-10-10 04:46:58,913 [main] INFO  server.GrpcService (ConfUtils.java:logGet(43)) - raft.grpc.flow.control.window = 1MB (=1048576) (default)
2019-10-10 04:46:58,914 [main] INFO  server.RaftServerConfigKeys (ConfUtils.java:logGet(43)) - raft.server.rpc.request.timeout = 3000ms (default)
2019-10-10 04:46:58,915 [main] INFO  server.RaftServerConfigKeys (ConfUtils.java:logGet(43)) - raft.server.storage.dir = [/workdir/hadoop-ozone/integration-test/target/test-dir/MiniOzoneClusterImpl-32d9642c-dde9-4989-afb2-85b6653a764a/datanode-0/data/ratis] (custom)
2019-10-10 04:46:58,916 [main] INFO  hdfs.DFSUtil (DFSUtil.java:httpServerTemplateForNNAndJN(1641)) - Starting Web-server for hddsDatanode at: http://0.0.0.0:0
2019-10-10 04:46:58,922 [main] INFO  server.AuthenticationFilter (AuthenticationFilter.java:constructSecretProvider(240)) - Unable to initialize FileSignerSecretProvider, falling back to use random secrets.
2019-10-10 04:46:58,922 [main] WARN  http.HttpRequestLog (HttpRequestLog.java:getRequestLog(97)) - Jetty request log can only be enabled using Log4j
2019-10-10 04:46:58,925 [main] INFO  http.HttpServer2 (HttpServer2.java:addGlobalFilter(975)) - Added global filter 'safety' (class=org.apache.hadoop.http.HttpServer2$QuotingInputFilter)
2019-10-10 04:46:58,926 [main] INFO  http.HttpServer2 (HttpServer2.java:addFilter(948)) - Added filter static_user_filter (class=org.apache.hadoop.http.lib.StaticUserWebFilter$StaticUserFilter) to context hddsDatanode
2019-10-10 04:46:58,926 [main] INFO  http.HttpServer2 (HttpServer2.java:addFilter(958)) - Added filter static_user_filter (class=org.apache.hadoop.http.lib.StaticUserWebFilter$StaticUserFilter) to context static
2019-10-10 04:46:58,926 [main] INFO  http.HttpServer2 (HttpServer2.java:addFilter(958)) - Added filter static_user_filter (class=org.apache.hadoop.http.lib.StaticUserWebFilter$StaticUserFilter) to context logs
2019-10-10 04:46:58,927 [main] INFO  http.HttpServer2 (HttpServer2.java:bindListener(1191)) - Jetty bound to port 40918
2019-10-10 04:46:58,928 [main] INFO  server.Server (Server.java:doStart(351)) - jetty-9.3.25.v20180904, build timestamp: 2018-09-04T21:11:46Z, git hash: 3ce520221d0240229c862b122d2b06c12a625732
2019-10-10 04:46:58,930 [main] INFO  handler.ContextHandler (ContextHandler.java:doStart(781)) - Started o.e.j.s.ServletContextHandler@1536ea40{/logs,file:///workdir/hadoop-ozone/integration-test/target/log,AVAILABLE}
2019-10-10 04:46:58,931 [main] INFO  handler.ContextHandler (ContextHandler.java:doStart(781)) - Started o.e.j.s.ServletContextHandler@7792d851{/static,jar:file:/home/user/.m2/repository/org/apache/hadoop/hadoop-hdds-container-service/0.5.0-SNAPSHOT/hadoop-hdds-container-service-0.5.0-SNAPSHOT.jar!/webapps/static,AVAILABLE}
2019-10-10 04:46:58,965 [main] INFO  handler.ContextHandler (ContextHandler.java:doStart(781)) - Started o.e.j.w.WebAppContext@3332c7a5{/,file:///tmp/jetty-0.0.0.0-40918-hddsDatanode-_-any-9036600524304529561.dir/webapp/,AVAILABLE}{/hddsDatanode}
2019-10-10 04:46:58,966 [main] INFO  server.AbstractConnector (AbstractConnector.java:doStart(278)) - Started ServerConnector@2accaec2{HTTP/1.1,[http/1.1]}{0.0.0.0:40918}
2019-10-10 04:46:58,970 [main] INFO  server.Server (Server.java:doStart(419)) - Started @158151ms
2019-10-10 04:46:58,971 [main] WARN  impl.MetricsSystemImpl (MetricsSystemImpl.java:register(276)) - Sink prometheus already exists!
2019-10-10 04:46:58,972 [main] INFO  server.BaseHttpServer (BaseHttpServer.java:updateConnectorAddress(215)) - HTTP server of HDDSDATANODE is listening at http://0.0.0.0:40918
2019-10-10 04:46:58,972 [main] INFO  impl.MetricsSystemImpl (MetricsSystemImpl.java:init(158)) - HddsDatanode metrics system started (again)
2019-10-10 04:46:58,975 [main] INFO  ozone.HddsDatanodeService (HddsDatanodeService.java:start(184)) - HddsDatanodeService host:pr-hdds-1986-sk52v-1870103574 ip:192.168.164.237
2019-10-10 04:46:58,975 [org.apache.hadoop.util.JvmPauseMonitor$Monitor@66d4b1f] INFO  util.JvmPauseMonitor (JvmPauseMonitor.java:run(188)) - Starting JVM pause monitor
2019-10-10 04:46:58,978 [Datanode State Machine Thread - 0] INFO  datanode.InitDatanodeState (InitDatanodeState.java:persistContainerDatanodeDetails(140)) - DatanodeDetails is persisted to /workdir/hadoop-ozone/integration-test/target/test-dir/MiniOzoneClusterImpl-32d9642c-dde9-4989-afb2-85b6653a764a/datanode-0/meta/datanode.id
2019-10-10 04:46:58,981 [main] INFO  volume.HddsVolume (HddsVolume.java:<init>(176)) - Creating Volume: /workdir/hadoop-ozone/integration-test/target/test-dir/MiniOzoneClusterImpl-32d9642c-dde9-4989-afb2-85b6653a764a/datanode-1/data/containers/hdds of  storage type : DISK and capacity : 1482555576320
2019-10-10 04:46:58,981 [main] INFO  volume.VolumeSet (VolumeSet.java:initializeVolumeSet(170)) - Added Volume : /workdir/hadoop-ozone/integration-test/target/test-dir/MiniOzoneClusterImpl-32d9642c-dde9-4989-afb2-85b6653a764a/datanode-1/data/containers/hdds to VolumeSet
2019-10-10 04:46:58,981 [main] INFO  volume.ThrottledAsyncChecker (ThrottledAsyncChecker.java:schedule(139)) - Scheduling a check for org.apache.hadoop.ozone.container.common.volume.HddsVolume@6ddee60f
2019-10-10 04:46:58,982 [main] INFO  volume.HddsVolumeChecker (HddsVolumeChecker.java:checkAllVolumes(202)) - Scheduled health check for volume org.apache.hadoop.ozone.container.common.volume.HddsVolume@6ddee60f
2019-10-10 04:46:58,997 [main] INFO  impl.RaftServerProxy (ConfUtils.java:logGet(43)) - raft.rpc.type = GRPC (default)
2019-10-10 04:46:58,997 [main] INFO  grpc.GrpcFactory (GrpcFactory.java:checkPooledByteBufAllocatorUseCacheForAllThreads(45)) - PERFORMANCE WARNING: useCacheForAllThreads is true that may cause Netty to create a lot garbage objects and, as a result, trigger GC.
	It is recommended to disable useCacheForAllThreads by setting -Dorg.apache.ratis.thirdparty.io.netty.allocator.useCacheForAllThreads=false in command line.
2019-10-10 04:46:58,997 [main] INFO  grpc.GrpcConfigKeys$Server (ConfUtils.java:logGet(43)) - raft.grpc.server.port = 0 (default)
2019-10-10 04:46:58,998 [main] INFO  server.GrpcService (ConfUtils.java:logGet(43)) - raft.grpc.message.size.max = 33570816 (custom)
2019-10-10 04:46:58,998 [main] INFO  server.RaftServerConfigKeys (ConfUtils.java:logGet(43)) - raft.server.log.appender.buffer.byte-limit = 33554432 (custom)
2019-10-10 04:46:58,998 [main] INFO  server.GrpcService (ConfUtils.java:logGet(43)) - raft.grpc.flow.control.window = 1MB (=1048576) (default)
2019-10-10 04:46:58,998 [main] INFO  server.RaftServerConfigKeys (ConfUtils.java:logGet(43)) - raft.server.rpc.request.timeout = 3000ms (default)
2019-10-10 04:46:58,999 [main] INFO  server.RaftServerConfigKeys (ConfUtils.java:logGet(43)) - raft.server.storage.dir = [/workdir/hadoop-ozone/integration-test/target/test-dir/MiniOzoneClusterImpl-32d9642c-dde9-4989-afb2-85b6653a764a/datanode-1/data/ratis] (custom)
2019-10-10 04:46:59,002 [main] INFO  hdfs.DFSUtil (DFSUtil.java:httpServerTemplateForNNAndJN(1641)) - Starting Web-server for hddsDatanode at: http://0.0.0.0:0
2019-10-10 04:46:59,003 [main] INFO  server.AuthenticationFilter (AuthenticationFilter.java:constructSecretProvider(240)) - Unable to initialize FileSignerSecretProvider, falling back to use random secrets.
2019-10-10 04:46:59,004 [main] WARN  http.HttpRequestLog (HttpRequestLog.java:getRequestLog(97)) - Jetty request log can only be enabled using Log4j
2019-10-10 04:46:59,005 [main] INFO  http.HttpServer2 (HttpServer2.java:addGlobalFilter(975)) - Added global filter 'safety' (class=org.apache.hadoop.http.HttpServer2$QuotingInputFilter)
2019-10-10 04:46:59,006 [main] INFO  http.HttpServer2 (HttpServer2.java:addFilter(948)) - Added filter static_user_filter (class=org.apache.hadoop.http.lib.StaticUserWebFilter$StaticUserFilter) to context hddsDatanode
2019-10-10 04:46:59,006 [main] INFO  http.HttpServer2 (HttpServer2.java:addFilter(958)) - Added filter static_user_filter (class=org.apache.hadoop.http.lib.StaticUserWebFilter$StaticUserFilter) to context logs
2019-10-10 04:46:59,006 [main] INFO  http.HttpServer2 (HttpServer2.java:addFilter(958)) - Added filter static_user_filter (class=org.apache.hadoop.http.lib.StaticUserWebFilter$StaticUserFilter) to context static
2019-10-10 04:46:59,007 [main] INFO  http.HttpServer2 (HttpServer2.java:bindListener(1191)) - Jetty bound to port 37520
2019-10-10 04:46:59,007 [main] INFO  server.Server (Server.java:doStart(351)) - jetty-9.3.25.v20180904, build timestamp: 2018-09-04T21:11:46Z, git hash: 3ce520221d0240229c862b122d2b06c12a625732
2019-10-10 04:46:59,009 [main] INFO  handler.ContextHandler (ContextHandler.java:doStart(781)) - Started o.e.j.s.ServletContextHandler@8aeab9e{/logs,file:///workdir/hadoop-ozone/integration-test/target/log,AVAILABLE}
2019-10-10 04:46:59,009 [main] INFO  handler.ContextHandler (ContextHandler.java:doStart(781)) - Started o.e.j.s.ServletContextHandler@3a00b15d{/static,jar:file:/home/user/.m2/repository/org/apache/hadoop/hadoop-hdds-container-service/0.5.0-SNAPSHOT/hadoop-hdds-container-service-0.5.0-SNAPSHOT.jar!/webapps/static,AVAILABLE}
2019-10-10 04:46:59,038 [main] INFO  handler.ContextHandler (ContextHandler.java:doStart(781)) - Started o.e.j.w.WebAppContext@66fbc5e7{/,file:///tmp/jetty-0.0.0.0-37520-hddsDatanode-_-any-6774651909297195733.dir/webapp/,AVAILABLE}{/hddsDatanode}
2019-10-10 04:46:59,038 [main] INFO  server.AbstractConnector (AbstractConnector.java:doStart(278)) - Started ServerConnector@9accff0{HTTP/1.1,[http/1.1]}{0.0.0.0:37520}
2019-10-10 04:46:59,040 [main] INFO  server.Server (Server.java:doStart(419)) - Started @158220ms
2019-10-10 04:46:59,040 [main] WARN  impl.MetricsSystemImpl (MetricsSystemImpl.java:register(276)) - Sink prometheus already exists!
2019-10-10 04:46:59,041 [main] INFO  server.BaseHttpServer (BaseHttpServer.java:updateConnectorAddress(215)) - HTTP server of HDDSDATANODE is listening at http://0.0.0.0:37520
2019-10-10 04:46:59,041 [main] INFO  impl.MetricsSystemImpl (MetricsSystemImpl.java:init(158)) - HddsDatanode metrics system started (again)
2019-10-10 04:46:59,045 [org.apache.hadoop.util.JvmPauseMonitor$Monitor@2e766da3] INFO  util.JvmPauseMonitor (JvmPauseMonitor.java:run(188)) - Starting JVM pause monitor
2019-10-10 04:46:59,045 [main] INFO  ozone.HddsDatanodeService (HddsDatanodeService.java:start(184)) - HddsDatanodeService host:pr-hdds-1986-sk52v-1870103574 ip:192.168.164.237
2019-10-10 04:46:59,051 [main] INFO  volume.HddsVolume (HddsVolume.java:<init>(176)) - Creating Volume: /workdir/hadoop-ozone/integration-test/target/test-dir/MiniOzoneClusterImpl-32d9642c-dde9-4989-afb2-85b6653a764a/datanode-2/data/containers/hdds of  storage type : DISK and capacity : 1482555576320
2019-10-10 04:46:59,051 [main] INFO  volume.VolumeSet (VolumeSet.java:initializeVolumeSet(170)) - Added Volume : /workdir/hadoop-ozone/integration-test/target/test-dir/MiniOzoneClusterImpl-32d9642c-dde9-4989-afb2-85b6653a764a/datanode-2/data/containers/hdds to VolumeSet
2019-10-10 04:46:59,051 [main] INFO  volume.ThrottledAsyncChecker (ThrottledAsyncChecker.java:schedule(139)) - Scheduling a check for org.apache.hadoop.ozone.container.common.volume.HddsVolume@22bf9122
2019-10-10 04:46:59,051 [Datanode State Machine Thread - 0] INFO  datanode.InitDatanodeState (InitDatanodeState.java:persistContainerDatanodeDetails(140)) - DatanodeDetails is persisted to /workdir/hadoop-ozone/integration-test/target/test-dir/MiniOzoneClusterImpl-32d9642c-dde9-4989-afb2-85b6653a764a/datanode-1/meta/datanode.id
2019-10-10 04:46:59,051 [main] INFO  volume.HddsVolumeChecker (HddsVolumeChecker.java:checkAllVolumes(202)) - Scheduled health check for volume org.apache.hadoop.ozone.container.common.volume.HddsVolume@22bf9122
2019-10-10 04:46:59,064 [main] INFO  impl.RaftServerProxy (ConfUtils.java:logGet(43)) - raft.rpc.type = GRPC (default)
2019-10-10 04:46:59,064 [main] INFO  grpc.GrpcFactory (GrpcFactory.java:checkPooledByteBufAllocatorUseCacheForAllThreads(45)) - PERFORMANCE WARNING: useCacheForAllThreads is true that may cause Netty to create a lot garbage objects and, as a result, trigger GC.
	It is recommended to disable useCacheForAllThreads by setting -Dorg.apache.ratis.thirdparty.io.netty.allocator.useCacheForAllThreads=false in command line.
2019-10-10 04:46:59,065 [main] INFO  grpc.GrpcConfigKeys$Server (ConfUtils.java:logGet(43)) - raft.grpc.server.port = 0 (default)
2019-10-10 04:46:59,065 [main] INFO  server.GrpcService (ConfUtils.java:logGet(43)) - raft.grpc.message.size.max = 33570816 (custom)
2019-10-10 04:46:59,065 [main] INFO  server.RaftServerConfigKeys (ConfUtils.java:logGet(43)) - raft.server.log.appender.buffer.byte-limit = 33554432 (custom)
2019-10-10 04:46:59,065 [main] INFO  server.GrpcService (ConfUtils.java:logGet(43)) - raft.grpc.flow.control.window = 1MB (=1048576) (default)
2019-10-10 04:46:59,065 [main] INFO  server.RaftServerConfigKeys (ConfUtils.java:logGet(43)) - raft.server.rpc.request.timeout = 3000ms (default)
2019-10-10 04:46:59,066 [main] INFO  server.RaftServerConfigKeys (ConfUtils.java:logGet(43)) - raft.server.storage.dir = [/workdir/hadoop-ozone/integration-test/target/test-dir/MiniOzoneClusterImpl-32d9642c-dde9-4989-afb2-85b6653a764a/datanode-2/data/ratis] (custom)
2019-10-10 04:46:59,067 [main] INFO  hdfs.DFSUtil (DFSUtil.java:httpServerTemplateForNNAndJN(1641)) - Starting Web-server for hddsDatanode at: http://0.0.0.0:0
2019-10-10 04:46:59,068 [main] INFO  server.AuthenticationFilter (AuthenticationFilter.java:constructSecretProvider(240)) - Unable to initialize FileSignerSecretProvider, falling back to use random secrets.
2019-10-10 04:46:59,069 [main] WARN  http.HttpRequestLog (HttpRequestLog.java:getRequestLog(97)) - Jetty request log can only be enabled using Log4j
2019-10-10 04:46:59,070 [main] INFO  http.HttpServer2 (HttpServer2.java:addGlobalFilter(975)) - Added global filter 'safety' (class=org.apache.hadoop.http.HttpServer2$QuotingInputFilter)
2019-10-10 04:46:59,071 [main] INFO  http.HttpServer2 (HttpServer2.java:addFilter(948)) - Added filter static_user_filter (class=org.apache.hadoop.http.lib.StaticUserWebFilter$StaticUserFilter) to context hddsDatanode
2019-10-10 04:46:59,071 [main] INFO  http.HttpServer2 (HttpServer2.java:addFilter(958)) - Added filter static_user_filter (class=org.apache.hadoop.http.lib.StaticUserWebFilter$StaticUserFilter) to context static
2019-10-10 04:46:59,072 [main] INFO  http.HttpServer2 (HttpServer2.java:addFilter(958)) - Added filter static_user_filter (class=org.apache.hadoop.http.lib.StaticUserWebFilter$StaticUserFilter) to context logs
2019-10-10 04:46:59,073 [main] INFO  http.HttpServer2 (HttpServer2.java:bindListener(1191)) - Jetty bound to port 39525
2019-10-10 04:46:59,074 [main] INFO  server.Server (Server.java:doStart(351)) - jetty-9.3.25.v20180904, build timestamp: 2018-09-04T21:11:46Z, git hash: 3ce520221d0240229c862b122d2b06c12a625732
2019-10-10 04:46:59,075 [main] INFO  handler.ContextHandler (ContextHandler.java:doStart(781)) - Started o.e.j.s.ServletContextHandler@1a538ed8{/logs,file:///workdir/hadoop-ozone/integration-test/target/log,AVAILABLE}
2019-10-10 04:46:59,075 [main] INFO  handler.ContextHandler (ContextHandler.java:doStart(781)) - Started o.e.j.s.ServletContextHandler@39dec536{/static,jar:file:/home/user/.m2/repository/org/apache/hadoop/hadoop-hdds-container-service/0.5.0-SNAPSHOT/hadoop-hdds-container-service-0.5.0-SNAPSHOT.jar!/webapps/static,AVAILABLE}
2019-10-10 04:46:59,104 [main] INFO  handler.ContextHandler (ContextHandler.java:doStart(781)) - Started o.e.j.w.WebAppContext@5974b233{/,file:///tmp/jetty-0.0.0.0-39525-hddsDatanode-_-any-5928662708905102202.dir/webapp/,AVAILABLE}{/hddsDatanode}
2019-10-10 04:46:59,104 [main] INFO  server.AbstractConnector (AbstractConnector.java:doStart(278)) - Started ServerConnector@5c134052{HTTP/1.1,[http/1.1]}{0.0.0.0:39525}
2019-10-10 04:46:59,105 [main] INFO  server.Server (Server.java:doStart(419)) - Started @158286ms
2019-10-10 04:46:59,105 [main] WARN  impl.MetricsSystemImpl (MetricsSystemImpl.java:register(276)) - Sink prometheus already exists!
2019-10-10 04:46:59,106 [main] INFO  server.BaseHttpServer (BaseHttpServer.java:updateConnectorAddress(215)) - HTTP server of HDDSDATANODE is listening at http://0.0.0.0:39525
2019-10-10 04:46:59,106 [main] INFO  impl.MetricsSystemImpl (MetricsSystemImpl.java:init(158)) - HddsDatanode metrics system started (again)
2019-10-10 04:46:59,109 [org.apache.hadoop.util.JvmPauseMonitor$Monitor@32a1746] INFO  util.JvmPauseMonitor (JvmPauseMonitor.java:run(188)) - Starting JVM pause monitor
2019-10-10 04:46:59,109 [main] INFO  ozone.HddsDatanodeService (HddsDatanodeService.java:start(184)) - HddsDatanodeService host:pr-hdds-1986-sk52v-1870103574 ip:192.168.164.237
2019-10-10 04:46:59,112 [Datanode State Machine Thread - 0] INFO  datanode.InitDatanodeState (InitDatanodeState.java:persistContainerDatanodeDetails(140)) - DatanodeDetails is persisted to /workdir/hadoop-ozone/integration-test/target/test-dir/MiniOzoneClusterImpl-32d9642c-dde9-4989-afb2-85b6653a764a/datanode-2/meta/datanode.id
2019-10-10 04:46:59,116 [main] INFO  volume.HddsVolume (HddsVolume.java:<init>(176)) - Creating Volume: /workdir/hadoop-ozone/integration-test/target/test-dir/MiniOzoneClusterImpl-32d9642c-dde9-4989-afb2-85b6653a764a/datanode-3/data/containers/hdds of  storage type : DISK and capacity : 1482555576320
2019-10-10 04:46:59,116 [main] INFO  volume.VolumeSet (VolumeSet.java:initializeVolumeSet(170)) - Added Volume : /workdir/hadoop-ozone/integration-test/target/test-dir/MiniOzoneClusterImpl-32d9642c-dde9-4989-afb2-85b6653a764a/datanode-3/data/containers/hdds to VolumeSet
2019-10-10 04:46:59,116 [main] INFO  volume.ThrottledAsyncChecker (ThrottledAsyncChecker.java:schedule(139)) - Scheduling a check for org.apache.hadoop.ozone.container.common.volume.HddsVolume@6cae2e4d
2019-10-10 04:46:59,117 [main] INFO  volume.HddsVolumeChecker (HddsVolumeChecker.java:checkAllVolumes(202)) - Scheduled health check for volume org.apache.hadoop.ozone.container.common.volume.HddsVolume@6cae2e4d
2019-10-10 04:46:59,129 [main] INFO  impl.RaftServerProxy (ConfUtils.java:logGet(43)) - raft.rpc.type = GRPC (default)
2019-10-10 04:46:59,129 [main] INFO  grpc.GrpcFactory (GrpcFactory.java:checkPooledByteBufAllocatorUseCacheForAllThreads(45)) - PERFORMANCE WARNING: useCacheForAllThreads is true that may cause Netty to create a lot garbage objects and, as a result, trigger GC.
	It is recommended to disable useCacheForAllThreads by setting -Dorg.apache.ratis.thirdparty.io.netty.allocator.useCacheForAllThreads=false in command line.
2019-10-10 04:46:59,130 [main] INFO  grpc.GrpcConfigKeys$Server (ConfUtils.java:logGet(43)) - raft.grpc.server.port = 0 (default)
2019-10-10 04:46:59,130 [main] INFO  server.GrpcService (ConfUtils.java:logGet(43)) - raft.grpc.message.size.max = 33570816 (custom)
2019-10-10 04:46:59,130 [main] INFO  server.RaftServerConfigKeys (ConfUtils.java:logGet(43)) - raft.server.log.appender.buffer.byte-limit = 33554432 (custom)
2019-10-10 04:46:59,130 [main] INFO  server.GrpcService (ConfUtils.java:logGet(43)) - raft.grpc.flow.control.window = 1MB (=1048576) (default)
2019-10-10 04:46:59,130 [main] INFO  server.RaftServerConfigKeys (ConfUtils.java:logGet(43)) - raft.server.rpc.request.timeout = 3000ms (default)
2019-10-10 04:46:59,131 [main] INFO  server.RaftServerConfigKeys (ConfUtils.java:logGet(43)) - raft.server.storage.dir = [/workdir/hadoop-ozone/integration-test/target/test-dir/MiniOzoneClusterImpl-32d9642c-dde9-4989-afb2-85b6653a764a/datanode-3/data/ratis] (custom)
2019-10-10 04:46:59,132 [main] INFO  hdfs.DFSUtil (DFSUtil.java:httpServerTemplateForNNAndJN(1641)) - Starting Web-server for hddsDatanode at: http://0.0.0.0:0
2019-10-10 04:46:59,133 [main] INFO  server.AuthenticationFilter (AuthenticationFilter.java:constructSecretProvider(240)) - Unable to initialize FileSignerSecretProvider, falling back to use random secrets.
2019-10-10 04:46:59,133 [main] WARN  http.HttpRequestLog (HttpRequestLog.java:getRequestLog(97)) - Jetty request log can only be enabled using Log4j
2019-10-10 04:46:59,135 [main] INFO  http.HttpServer2 (HttpServer2.java:addGlobalFilter(975)) - Added global filter 'safety' (class=org.apache.hadoop.http.HttpServer2$QuotingInputFilter)
2019-10-10 04:46:59,135 [main] INFO  http.HttpServer2 (HttpServer2.java:addFilter(948)) - Added filter static_user_filter (class=org.apache.hadoop.http.lib.StaticUserWebFilter$StaticUserFilter) to context hddsDatanode
2019-10-10 04:46:59,135 [main] INFO  http.HttpServer2 (HttpServer2.java:addFilter(958)) - Added filter static_user_filter (class=org.apache.hadoop.http.lib.StaticUserWebFilter$StaticUserFilter) to context static
2019-10-10 04:46:59,135 [main] INFO  http.HttpServer2 (HttpServer2.java:addFilter(958)) - Added filter static_user_filter (class=org.apache.hadoop.http.lib.StaticUserWebFilter$StaticUserFilter) to context logs
2019-10-10 04:46:59,136 [main] INFO  http.HttpServer2 (HttpServer2.java:bindListener(1191)) - Jetty bound to port 34267
2019-10-10 04:46:59,136 [main] INFO  server.Server (Server.java:doStart(351)) - jetty-9.3.25.v20180904, build timestamp: 2018-09-04T21:11:46Z, git hash: 3ce520221d0240229c862b122d2b06c12a625732
2019-10-10 04:46:59,138 [main] INFO  handler.ContextHandler (ContextHandler.java:doStart(781)) - Started o.e.j.s.ServletContextHandler@d13baac{/logs,file:///workdir/hadoop-ozone/integration-test/target/log,AVAILABLE}
2019-10-10 04:46:59,138 [main] INFO  handler.ContextHandler (ContextHandler.java:doStart(781)) - Started o.e.j.s.ServletContextHandler@75aea2ba{/static,jar:file:/home/user/.m2/repository/org/apache/hadoop/hadoop-hdds-container-service/0.5.0-SNAPSHOT/hadoop-hdds-container-service-0.5.0-SNAPSHOT.jar!/webapps/static,AVAILABLE}
2019-10-10 04:46:59,166 [main] INFO  handler.ContextHandler (ContextHandler.java:doStart(781)) - Started o.e.j.w.WebAppContext@4c6a4ffd{/,file:///tmp/jetty-0.0.0.0-34267-hddsDatanode-_-any-513141944998679258.dir/webapp/,AVAILABLE}{/hddsDatanode}
2019-10-10 04:46:59,167 [main] INFO  server.AbstractConnector (AbstractConnector.java:doStart(278)) - Started ServerConnector@3aed69dd{HTTP/1.1,[http/1.1]}{0.0.0.0:34267}
2019-10-10 04:46:59,168 [main] INFO  server.Server (Server.java:doStart(419)) - Started @158348ms
2019-10-10 04:46:59,168 [main] WARN  impl.MetricsSystemImpl (MetricsSystemImpl.java:register(276)) - Sink prometheus already exists!
2019-10-10 04:46:59,168 [main] INFO  server.BaseHttpServer (BaseHttpServer.java:updateConnectorAddress(215)) - HTTP server of HDDSDATANODE is listening at http://0.0.0.0:34267
2019-10-10 04:46:59,169 [main] INFO  impl.MetricsSystemImpl (MetricsSystemImpl.java:init(158)) - HddsDatanode metrics system started (again)
2019-10-10 04:46:59,172 [org.apache.hadoop.util.JvmPauseMonitor$Monitor@7ce0d589] INFO  util.JvmPauseMonitor (JvmPauseMonitor.java:run(188)) - Starting JVM pause monitor
2019-10-10 04:46:59,173 [main] INFO  ozone.HddsDatanodeService (HddsDatanodeService.java:start(184)) - HddsDatanodeService host:pr-hdds-1986-sk52v-1870103574 ip:192.168.164.237
2019-10-10 04:46:59,174 [Datanode State Machine Thread - 0] INFO  datanode.InitDatanodeState (InitDatanodeState.java:persistContainerDatanodeDetails(140)) - DatanodeDetails is persisted to /workdir/hadoop-ozone/integration-test/target/test-dir/MiniOzoneClusterImpl-32d9642c-dde9-4989-afb2-85b6653a764a/datanode-3/meta/datanode.id
2019-10-10 04:46:59,181 [main] INFO  volume.HddsVolume (HddsVolume.java:<init>(176)) - Creating Volume: /workdir/hadoop-ozone/integration-test/target/test-dir/MiniOzoneClusterImpl-32d9642c-dde9-4989-afb2-85b6653a764a/datanode-4/data/containers/hdds of  storage type : DISK and capacity : 1482555576320
2019-10-10 04:46:59,182 [main] INFO  volume.VolumeSet (VolumeSet.java:initializeVolumeSet(170)) - Added Volume : /workdir/hadoop-ozone/integration-test/target/test-dir/MiniOzoneClusterImpl-32d9642c-dde9-4989-afb2-85b6653a764a/datanode-4/data/containers/hdds to VolumeSet
2019-10-10 04:46:59,182 [main] INFO  volume.ThrottledAsyncChecker (ThrottledAsyncChecker.java:schedule(139)) - Scheduling a check for org.apache.hadoop.ozone.container.common.volume.HddsVolume@da4cf09
2019-10-10 04:46:59,182 [main] INFO  volume.HddsVolumeChecker (HddsVolumeChecker.java:checkAllVolumes(202)) - Scheduled health check for volume org.apache.hadoop.ozone.container.common.volume.HddsVolume@da4cf09
2019-10-10 04:46:59,195 [main] INFO  impl.RaftServerProxy (ConfUtils.java:logGet(43)) - raft.rpc.type = GRPC (default)
2019-10-10 04:46:59,195 [main] INFO  grpc.GrpcFactory (GrpcFactory.java:checkPooledByteBufAllocatorUseCacheForAllThreads(45)) - PERFORMANCE WARNING: useCacheForAllThreads is true that may cause Netty to create a lot garbage objects and, as a result, trigger GC.
	It is recommended to disable useCacheForAllThreads by setting -Dorg.apache.ratis.thirdparty.io.netty.allocator.useCacheForAllThreads=false in command line.
2019-10-10 04:46:59,195 [main] INFO  grpc.GrpcConfigKeys$Server (ConfUtils.java:logGet(43)) - raft.grpc.server.port = 0 (default)
2019-10-10 04:46:59,196 [main] INFO  server.GrpcService (ConfUtils.java:logGet(43)) - raft.grpc.message.size.max = 33570816 (custom)
2019-10-10 04:46:59,196 [main] INFO  server.RaftServerConfigKeys (ConfUtils.java:logGet(43)) - raft.server.log.appender.buffer.byte-limit = 33554432 (custom)
2019-10-10 04:46:59,196 [main] INFO  server.GrpcService (ConfUtils.java:logGet(43)) - raft.grpc.flow.control.window = 1MB (=1048576) (default)
2019-10-10 04:46:59,196 [main] INFO  server.RaftServerConfigKeys (ConfUtils.java:logGet(43)) - raft.server.rpc.request.timeout = 3000ms (default)
2019-10-10 04:46:59,196 [main] INFO  server.RaftServerConfigKeys (ConfUtils.java:logGet(43)) - raft.server.storage.dir = [/workdir/hadoop-ozone/integration-test/target/test-dir/MiniOzoneClusterImpl-32d9642c-dde9-4989-afb2-85b6653a764a/datanode-4/data/ratis] (custom)
2019-10-10 04:46:59,198 [main] INFO  hdfs.DFSUtil (DFSUtil.java:httpServerTemplateForNNAndJN(1641)) - Starting Web-server for hddsDatanode at: http://0.0.0.0:0
2019-10-10 04:46:59,199 [main] INFO  server.AuthenticationFilter (AuthenticationFilter.java:constructSecretProvider(240)) - Unable to initialize FileSignerSecretProvider, falling back to use random secrets.
2019-10-10 04:46:59,199 [main] WARN  http.HttpRequestLog (HttpRequestLog.java:getRequestLog(97)) - Jetty request log can only be enabled using Log4j
2019-10-10 04:46:59,200 [main] INFO  http.HttpServer2 (HttpServer2.java:addGlobalFilter(975)) - Added global filter 'safety' (class=org.apache.hadoop.http.HttpServer2$QuotingInputFilter)
2019-10-10 04:46:59,201 [main] INFO  http.HttpServer2 (HttpServer2.java:addFilter(948)) - Added filter static_user_filter (class=org.apache.hadoop.http.lib.StaticUserWebFilter$StaticUserFilter) to context hddsDatanode
2019-10-10 04:46:59,201 [main] INFO  http.HttpServer2 (HttpServer2.java:addFilter(958)) - Added filter static_user_filter (class=org.apache.hadoop.http.lib.StaticUserWebFilter$StaticUserFilter) to context logs
2019-10-10 04:46:59,201 [main] INFO  http.HttpServer2 (HttpServer2.java:addFilter(958)) - Added filter static_user_filter (class=org.apache.hadoop.http.lib.StaticUserWebFilter$StaticUserFilter) to context static
2019-10-10 04:46:59,202 [main] INFO  http.HttpServer2 (HttpServer2.java:bindListener(1191)) - Jetty bound to port 46049
2019-10-10 04:46:59,202 [main] INFO  server.Server (Server.java:doStart(351)) - jetty-9.3.25.v20180904, build timestamp: 2018-09-04T21:11:46Z, git hash: 3ce520221d0240229c862b122d2b06c12a625732
2019-10-10 04:46:59,204 [main] INFO  handler.ContextHandler (ContextHandler.java:doStart(781)) - Started o.e.j.s.ServletContextHandler@1ca610a0{/logs,file:///workdir/hadoop-ozone/integration-test/target/log,AVAILABLE}
2019-10-10 04:46:59,204 [main] INFO  handler.ContextHandler (ContextHandler.java:doStart(781)) - Started o.e.j.s.ServletContextHandler@b5c6a30{/static,jar:file:/home/user/.m2/repository/org/apache/hadoop/hadoop-hdds-container-service/0.5.0-SNAPSHOT/hadoop-hdds-container-service-0.5.0-SNAPSHOT.jar!/webapps/static,AVAILABLE}
2019-10-10 04:46:59,232 [main] INFO  handler.ContextHandler (ContextHandler.java:doStart(781)) - Started o.e.j.w.WebAppContext@6b357eb6{/,file:///tmp/jetty-0.0.0.0-46049-hddsDatanode-_-any-910295414622139056.dir/webapp/,AVAILABLE}{/hddsDatanode}
2019-10-10 04:46:59,232 [main] INFO  server.AbstractConnector (AbstractConnector.java:doStart(278)) - Started ServerConnector@64bebd55{HTTP/1.1,[http/1.1]}{0.0.0.0:46049}
2019-10-10 04:46:59,233 [main] INFO  server.Server (Server.java:doStart(419)) - Started @158414ms
2019-10-10 04:46:59,233 [main] WARN  impl.MetricsSystemImpl (MetricsSystemImpl.java:register(276)) - Sink prometheus already exists!
2019-10-10 04:46:59,234 [main] INFO  server.BaseHttpServer (BaseHttpServer.java:updateConnectorAddress(215)) - HTTP server of HDDSDATANODE is listening at http://0.0.0.0:46049
2019-10-10 04:46:59,234 [main] INFO  impl.MetricsSystemImpl (MetricsSystemImpl.java:init(158)) - HddsDatanode metrics system started (again)
2019-10-10 04:46:59,238 [org.apache.hadoop.util.JvmPauseMonitor$Monitor@3c26212c] INFO  util.JvmPauseMonitor (JvmPauseMonitor.java:run(188)) - Starting JVM pause monitor
2019-10-10 04:46:59,238 [main] INFO  ozone.HddsDatanodeService (HddsDatanodeService.java:start(184)) - HddsDatanodeService host:pr-hdds-1986-sk52v-1870103574 ip:192.168.164.237
2019-10-10 04:46:59,239 [Datanode State Machine Thread - 0] INFO  datanode.InitDatanodeState (InitDatanodeState.java:persistContainerDatanodeDetails(140)) - DatanodeDetails is persisted to /workdir/hadoop-ozone/integration-test/target/test-dir/MiniOzoneClusterImpl-32d9642c-dde9-4989-afb2-85b6653a764a/datanode-4/meta/datanode.id
2019-10-10 04:46:59,243 [main] INFO  volume.HddsVolume (HddsVolume.java:<init>(176)) - Creating Volume: /workdir/hadoop-ozone/integration-test/target/test-dir/MiniOzoneClusterImpl-32d9642c-dde9-4989-afb2-85b6653a764a/datanode-5/data/containers/hdds of  storage type : DISK and capacity : 1482555576320
2019-10-10 04:46:59,244 [main] INFO  volume.VolumeSet (VolumeSet.java:initializeVolumeSet(170)) - Added Volume : /workdir/hadoop-ozone/integration-test/target/test-dir/MiniOzoneClusterImpl-32d9642c-dde9-4989-afb2-85b6653a764a/datanode-5/data/containers/hdds to VolumeSet
2019-10-10 04:46:59,244 [main] INFO  volume.ThrottledAsyncChecker (ThrottledAsyncChecker.java:schedule(139)) - Scheduling a check for org.apache.hadoop.ozone.container.common.volume.HddsVolume@67e0ff3a
2019-10-10 04:46:59,244 [main] INFO  volume.HddsVolumeChecker (HddsVolumeChecker.java:checkAllVolumes(202)) - Scheduled health check for volume org.apache.hadoop.ozone.container.common.volume.HddsVolume@67e0ff3a
2019-10-10 04:46:59,256 [main] INFO  impl.RaftServerProxy (ConfUtils.java:logGet(43)) - raft.rpc.type = GRPC (default)
2019-10-10 04:46:59,257 [main] INFO  grpc.GrpcFactory (GrpcFactory.java:checkPooledByteBufAllocatorUseCacheForAllThreads(45)) - PERFORMANCE WARNING: useCacheForAllThreads is true that may cause Netty to create a lot garbage objects and, as a result, trigger GC.
	It is recommended to disable useCacheForAllThreads by setting -Dorg.apache.ratis.thirdparty.io.netty.allocator.useCacheForAllThreads=false in command line.
2019-10-10 04:46:59,257 [main] INFO  grpc.GrpcConfigKeys$Server (ConfUtils.java:logGet(43)) - raft.grpc.server.port = 0 (default)
2019-10-10 04:46:59,257 [main] INFO  server.GrpcService (ConfUtils.java:logGet(43)) - raft.grpc.message.size.max = 33570816 (custom)
2019-10-10 04:46:59,257 [main] INFO  server.RaftServerConfigKeys (ConfUtils.java:logGet(43)) - raft.server.log.appender.buffer.byte-limit = 33554432 (custom)
2019-10-10 04:46:59,257 [main] INFO  server.GrpcService (ConfUtils.java:logGet(43)) - raft.grpc.flow.control.window = 1MB (=1048576) (default)
2019-10-10 04:46:59,257 [main] INFO  server.RaftServerConfigKeys (ConfUtils.java:logGet(43)) - raft.server.rpc.request.timeout = 3000ms (default)
2019-10-10 04:46:59,258 [main] INFO  server.RaftServerConfigKeys (ConfUtils.java:logGet(43)) - raft.server.storage.dir = [/workdir/hadoop-ozone/integration-test/target/test-dir/MiniOzoneClusterImpl-32d9642c-dde9-4989-afb2-85b6653a764a/datanode-5/data/ratis] (custom)
2019-10-10 04:46:59,259 [main] INFO  hdfs.DFSUtil (DFSUtil.java:httpServerTemplateForNNAndJN(1641)) - Starting Web-server for hddsDatanode at: http://0.0.0.0:0
2019-10-10 04:46:59,260 [main] INFO  server.AuthenticationFilter (AuthenticationFilter.java:constructSecretProvider(240)) - Unable to initialize FileSignerSecretProvider, falling back to use random secrets.
2019-10-10 04:46:59,260 [main] WARN  http.HttpRequestLog (HttpRequestLog.java:getRequestLog(97)) - Jetty request log can only be enabled using Log4j
2019-10-10 04:46:59,262 [main] INFO  http.HttpServer2 (HttpServer2.java:addGlobalFilter(975)) - Added global filter 'safety' (class=org.apache.hadoop.http.HttpServer2$QuotingInputFilter)
2019-10-10 04:46:59,262 [main] INFO  http.HttpServer2 (HttpServer2.java:addFilter(948)) - Added filter static_user_filter (class=org.apache.hadoop.http.lib.StaticUserWebFilter$StaticUserFilter) to context hddsDatanode
2019-10-10 04:46:59,262 [main] INFO  http.HttpServer2 (HttpServer2.java:addFilter(958)) - Added filter static_user_filter (class=org.apache.hadoop.http.lib.StaticUserWebFilter$StaticUserFilter) to context logs
2019-10-10 04:46:59,263 [main] INFO  http.HttpServer2 (HttpServer2.java:addFilter(958)) - Added filter static_user_filter (class=org.apache.hadoop.http.lib.StaticUserWebFilter$StaticUserFilter) to context static
2019-10-10 04:46:59,263 [main] INFO  http.HttpServer2 (HttpServer2.java:bindListener(1191)) - Jetty bound to port 34209
2019-10-10 04:46:59,263 [main] INFO  server.Server (Server.java:doStart(351)) - jetty-9.3.25.v20180904, build timestamp: 2018-09-04T21:11:46Z, git hash: 3ce520221d0240229c862b122d2b06c12a625732
2019-10-10 04:46:59,265 [main] INFO  handler.ContextHandler (ContextHandler.java:doStart(781)) - Started o.e.j.s.ServletContextHandler@2b73bd6b{/logs,file:///workdir/hadoop-ozone/integration-test/target/log,AVAILABLE}
2019-10-10 04:46:59,266 [main] INFO  handler.ContextHandler (ContextHandler.java:doStart(781)) - Started o.e.j.s.ServletContextHandler@750ed637{/static,jar:file:/home/user/.m2/repository/org/apache/hadoop/hadoop-hdds-container-service/0.5.0-SNAPSHOT/hadoop-hdds-container-service-0.5.0-SNAPSHOT.jar!/webapps/static,AVAILABLE}
2019-10-10 04:46:59,293 [main] INFO  handler.ContextHandler (ContextHandler.java:doStart(781)) - Started o.e.j.w.WebAppContext@f238e4f{/,file:///tmp/jetty-0.0.0.0-34209-hddsDatanode-_-any-1540878857763392923.dir/webapp/,AVAILABLE}{/hddsDatanode}
2019-10-10 04:46:59,294 [main] INFO  server.AbstractConnector (AbstractConnector.java:doStart(278)) - Started ServerConnector@3b24087d{HTTP/1.1,[http/1.1]}{0.0.0.0:34209}
2019-10-10 04:46:59,295 [main] INFO  server.Server (Server.java:doStart(419)) - Started @158476ms
2019-10-10 04:46:59,295 [main] WARN  impl.MetricsSystemImpl (MetricsSystemImpl.java:register(276)) - Sink prometheus already exists!
2019-10-10 04:46:59,296 [main] INFO  server.BaseHttpServer (BaseHttpServer.java:updateConnectorAddress(215)) - HTTP server of HDDSDATANODE is listening at http://0.0.0.0:34209
2019-10-10 04:46:59,296 [main] INFO  impl.MetricsSystemImpl (MetricsSystemImpl.java:init(158)) - HddsDatanode metrics system started (again)
2019-10-10 04:46:59,300 [org.apache.hadoop.util.JvmPauseMonitor$Monitor@101e09e3] INFO  util.JvmPauseMonitor (JvmPauseMonitor.java:run(188)) - Starting JVM pause monitor
2019-10-10 04:46:59,300 [main] INFO  ozone.HddsDatanodeService (HddsDatanodeService.java:start(184)) - HddsDatanodeService host:pr-hdds-1986-sk52v-1870103574 ip:192.168.164.237
2019-10-10 04:46:59,302 [Datanode State Machine Thread - 0] INFO  datanode.InitDatanodeState (InitDatanodeState.java:persistContainerDatanodeDetails(140)) - DatanodeDetails is persisted to /workdir/hadoop-ozone/integration-test/target/test-dir/MiniOzoneClusterImpl-32d9642c-dde9-4989-afb2-85b6653a764a/datanode-5/meta/datanode.id
2019-10-10 04:46:59,306 [main] INFO  volume.HddsVolume (HddsVolume.java:<init>(176)) - Creating Volume: /workdir/hadoop-ozone/integration-test/target/test-dir/MiniOzoneClusterImpl-32d9642c-dde9-4989-afb2-85b6653a764a/datanode-6/data/containers/hdds of  storage type : DISK and capacity : 1482555576320
2019-10-10 04:46:59,306 [main] INFO  volume.VolumeSet (VolumeSet.java:initializeVolumeSet(170)) - Added Volume : /workdir/hadoop-ozone/integration-test/target/test-dir/MiniOzoneClusterImpl-32d9642c-dde9-4989-afb2-85b6653a764a/datanode-6/data/containers/hdds to VolumeSet
2019-10-10 04:46:59,307 [main] INFO  volume.ThrottledAsyncChecker (ThrottledAsyncChecker.java:schedule(139)) - Scheduling a check for org.apache.hadoop.ozone.container.common.volume.HddsVolume@18b6d3c1
2019-10-10 04:46:59,307 [main] INFO  volume.HddsVolumeChecker (HddsVolumeChecker.java:checkAllVolumes(202)) - Scheduled health check for volume org.apache.hadoop.ozone.container.common.volume.HddsVolume@18b6d3c1
2019-10-10 04:46:59,320 [main] INFO  impl.RaftServerProxy (ConfUtils.java:logGet(43)) - raft.rpc.type = GRPC (default)
2019-10-10 04:46:59,320 [main] INFO  grpc.GrpcFactory (GrpcFactory.java:checkPooledByteBufAllocatorUseCacheForAllThreads(45)) - PERFORMANCE WARNING: useCacheForAllThreads is true that may cause Netty to create a lot garbage objects and, as a result, trigger GC.
	It is recommended to disable useCacheForAllThreads by setting -Dorg.apache.ratis.thirdparty.io.netty.allocator.useCacheForAllThreads=false in command line.
2019-10-10 04:46:59,320 [main] INFO  grpc.GrpcConfigKeys$Server (ConfUtils.java:logGet(43)) - raft.grpc.server.port = 0 (default)
2019-10-10 04:46:59,321 [main] INFO  server.GrpcService (ConfUtils.java:logGet(43)) - raft.grpc.message.size.max = 33570816 (custom)
2019-10-10 04:46:59,321 [main] INFO  server.RaftServerConfigKeys (ConfUtils.java:logGet(43)) - raft.server.log.appender.buffer.byte-limit = 33554432 (custom)
2019-10-10 04:46:59,321 [main] INFO  server.GrpcService (ConfUtils.java:logGet(43)) - raft.grpc.flow.control.window = 1MB (=1048576) (default)
2019-10-10 04:46:59,321 [main] INFO  server.RaftServerConfigKeys (ConfUtils.java:logGet(43)) - raft.server.rpc.request.timeout = 3000ms (default)
2019-10-10 04:46:59,322 [main] INFO  server.RaftServerConfigKeys (ConfUtils.java:logGet(43)) - raft.server.storage.dir = [/workdir/hadoop-ozone/integration-test/target/test-dir/MiniOzoneClusterImpl-32d9642c-dde9-4989-afb2-85b6653a764a/datanode-6/data/ratis] (custom)
2019-10-10 04:46:59,323 [main] INFO  hdfs.DFSUtil (DFSUtil.java:httpServerTemplateForNNAndJN(1641)) - Starting Web-server for hddsDatanode at: http://0.0.0.0:0
2019-10-10 04:46:59,324 [main] INFO  server.AuthenticationFilter (AuthenticationFilter.java:constructSecretProvider(240)) - Unable to initialize FileSignerSecretProvider, falling back to use random secrets.
2019-10-10 04:46:59,324 [main] WARN  http.HttpRequestLog (HttpRequestLog.java:getRequestLog(97)) - Jetty request log can only be enabled using Log4j
2019-10-10 04:46:59,325 [main] INFO  http.HttpServer2 (HttpServer2.java:addGlobalFilter(975)) - Added global filter 'safety' (class=org.apache.hadoop.http.HttpServer2$QuotingInputFilter)
2019-10-10 04:46:59,326 [main] INFO  http.HttpServer2 (HttpServer2.java:addFilter(948)) - Added filter static_user_filter (class=org.apache.hadoop.http.lib.StaticUserWebFilter$StaticUserFilter) to context hddsDatanode
2019-10-10 04:46:59,326 [main] INFO  http.HttpServer2 (HttpServer2.java:addFilter(958)) - Added filter static_user_filter (class=org.apache.hadoop.http.lib.StaticUserWebFilter$StaticUserFilter) to context static
2019-10-10 04:46:59,326 [main] INFO  http.HttpServer2 (HttpServer2.java:addFilter(958)) - Added filter static_user_filter (class=org.apache.hadoop.http.lib.StaticUserWebFilter$StaticUserFilter) to context logs
2019-10-10 04:46:59,327 [main] INFO  http.HttpServer2 (HttpServer2.java:bindListener(1191)) - Jetty bound to port 38097
2019-10-10 04:46:59,327 [main] INFO  server.Server (Server.java:doStart(351)) - jetty-9.3.25.v20180904, build timestamp: 2018-09-04T21:11:46Z, git hash: 3ce520221d0240229c862b122d2b06c12a625732
2019-10-10 04:46:59,328 [main] INFO  handler.ContextHandler (ContextHandler.java:doStart(781)) - Started o.e.j.s.ServletContextHandler@2ac519dc{/logs,file:///workdir/hadoop-ozone/integration-test/target/log,AVAILABLE}
2019-10-10 04:46:59,329 [main] INFO  handler.ContextHandler (ContextHandler.java:doStart(781)) - Started o.e.j.s.ServletContextHandler@1de4bee0{/static,jar:file:/home/user/.m2/repository/org/apache/hadoop/hadoop-hdds-container-service/0.5.0-SNAPSHOT/hadoop-hdds-container-service-0.5.0-SNAPSHOT.jar!/webapps/static,AVAILABLE}
2019-10-10 04:46:59,357 [main] INFO  handler.ContextHandler (ContextHandler.java:doStart(781)) - Started o.e.j.w.WebAppContext@7126e26{/,file:///tmp/jetty-0.0.0.0-38097-hddsDatanode-_-any-6543852771521377223.dir/webapp/,AVAILABLE}{/hddsDatanode}
2019-10-10 04:46:59,357 [main] INFO  server.AbstractConnector (AbstractConnector.java:doStart(278)) - Started ServerConnector@151ab2b9{HTTP/1.1,[http/1.1]}{0.0.0.0:38097}
2019-10-10 04:46:59,358 [main] INFO  server.Server (Server.java:doStart(419)) - Started @158539ms
2019-10-10 04:46:59,358 [main] WARN  impl.MetricsSystemImpl (MetricsSystemImpl.java:register(276)) - Sink prometheus already exists!
2019-10-10 04:46:59,359 [main] INFO  server.BaseHttpServer (BaseHttpServer.java:updateConnectorAddress(215)) - HTTP server of HDDSDATANODE is listening at http://0.0.0.0:38097
2019-10-10 04:46:59,359 [main] INFO  ozone.MiniOzoneClusterImpl (MiniOzoneClusterImpl.java:lambda$waitForClusterToBeReady$0(147)) - Waiting for cluster to be ready. Got 0 of 7 DN Heartbeats.
2019-10-10 04:46:59,360 [org.apache.hadoop.util.JvmPauseMonitor$Monitor@37233786] INFO  util.JvmPauseMonitor (JvmPauseMonitor.java:run(188)) - Starting JVM pause monitor
2019-10-10 04:46:59,362 [Datanode State Machine Thread - 0] INFO  datanode.InitDatanodeState (InitDatanodeState.java:persistContainerDatanodeDetails(140)) - DatanodeDetails is persisted to /workdir/hadoop-ozone/integration-test/target/test-dir/MiniOzoneClusterImpl-32d9642c-dde9-4989-afb2-85b6653a764a/datanode-6/meta/datanode.id
2019-10-10 04:47:00,359 [main] INFO  ozone.MiniOzoneClusterImpl (MiniOzoneClusterImpl.java:lambda$waitForClusterToBeReady$0(147)) - Waiting for cluster to be ready. Got 0 of 7 DN Heartbeats.
2019-10-10 04:47:01,041 [Datanode State Machine Thread - 0] INFO  ozoneimpl.OzoneContainer (OzoneContainer.java:start(217)) - Attempting to start container services.
2019-10-10 04:47:01,042 [Datanode State Machine Thread - 0] INFO  ozoneimpl.OzoneContainer (OzoneContainer.java:startContainerScrub(179)) - Background container scanner has been disabled.
2019-10-10 04:47:01,043 [Datanode State Machine Thread - 0] INFO  ratis.XceiverServerRatis (XceiverServerRatis.java:start(417)) - Starting XceiverServerRatis 0eb251eb-6940-4068-ae5e-a6a65a53440f at port 0
2019-10-10 04:47:01,055 [Datanode State Machine Thread - 0] INFO  impl.RaftServerProxy (RaftServerProxy.java:lambda$start$3(299)) - 0eb251eb-6940-4068-ae5e-a6a65a53440f: start RPC server
2019-10-10 04:47:01,059 [Datanode State Machine Thread - 0] INFO  server.GrpcService (GrpcService.java:startImpl(158)) - 0eb251eb-6940-4068-ae5e-a6a65a53440f: GrpcService started, listening on 0.0.0.0/0.0.0.0:41092
2019-10-10 04:47:01,060 [Datanode State Machine Thread - 0] INFO  ratis.XceiverServerRatis (XceiverServerRatis.java:start(427)) - XceiverServerRatis 0eb251eb-6940-4068-ae5e-a6a65a53440f is started using port 41092
2019-10-10 04:47:01,062 [Datanode State Machine Thread - 0] INFO  server.XceiverServerGrpc (XceiverServerGrpc.java:start(149)) - XceiverServerGrpc 0eb251eb-6940-4068-ae5e-a6a65a53440f is started using port 43848
2019-10-10 04:47:01,125 [Datanode State Machine Thread - 0] INFO  ozoneimpl.OzoneContainer (OzoneContainer.java:start(217)) - Attempting to start container services.
2019-10-10 04:47:01,127 [Datanode State Machine Thread - 0] INFO  ozoneimpl.OzoneContainer (OzoneContainer.java:startContainerScrub(179)) - Background container scanner has been disabled.
2019-10-10 04:47:01,128 [Datanode State Machine Thread - 0] INFO  ratis.XceiverServerRatis (XceiverServerRatis.java:start(417)) - Starting XceiverServerRatis 32a365e5-4eb6-46c8-bd0c-52dadb233d34 at port 0
2019-10-10 04:47:01,137 [Datanode State Machine Thread - 0] INFO  impl.RaftServerProxy (RaftServerProxy.java:lambda$start$3(299)) - 32a365e5-4eb6-46c8-bd0c-52dadb233d34: start RPC server
2019-10-10 04:47:01,139 [Datanode State Machine Thread - 0] INFO  server.GrpcService (GrpcService.java:startImpl(158)) - 32a365e5-4eb6-46c8-bd0c-52dadb233d34: GrpcService started, listening on 0.0.0.0/0.0.0.0:42209
2019-10-10 04:47:01,139 [Datanode State Machine Thread - 0] INFO  ratis.XceiverServerRatis (XceiverServerRatis.java:start(427)) - XceiverServerRatis 32a365e5-4eb6-46c8-bd0c-52dadb233d34 is started using port 42209
2019-10-10 04:47:01,141 [Datanode State Machine Thread - 0] INFO  server.XceiverServerGrpc (XceiverServerGrpc.java:start(149)) - XceiverServerGrpc 32a365e5-4eb6-46c8-bd0c-52dadb233d34 is started using port 40291
2019-10-10 04:47:01,158 [Datanode State Machine Thread - 0] INFO  ozoneimpl.OzoneContainer (OzoneContainer.java:start(217)) - Attempting to start container services.
2019-10-10 04:47:01,159 [Datanode State Machine Thread - 0] INFO  ozoneimpl.OzoneContainer (OzoneContainer.java:startContainerScrub(179)) - Background container scanner has been disabled.
2019-10-10 04:47:01,159 [Datanode State Machine Thread - 0] INFO  ratis.XceiverServerRatis (XceiverServerRatis.java:start(417)) - Starting XceiverServerRatis 5cd7ea00-4a37-4d2d-a123-7944377dc649 at port 0
2019-10-10 04:47:01,167 [Datanode State Machine Thread - 0] INFO  impl.RaftServerProxy (RaftServerProxy.java:lambda$start$3(299)) - 5cd7ea00-4a37-4d2d-a123-7944377dc649: start RPC server
2019-10-10 04:47:01,168 [Datanode State Machine Thread - 0] INFO  server.GrpcService (GrpcService.java:startImpl(158)) - 5cd7ea00-4a37-4d2d-a123-7944377dc649: GrpcService started, listening on 0.0.0.0/0.0.0.0:33519
2019-10-10 04:47:01,168 [Datanode State Machine Thread - 0] INFO  ratis.XceiverServerRatis (XceiverServerRatis.java:start(427)) - XceiverServerRatis 5cd7ea00-4a37-4d2d-a123-7944377dc649 is started using port 33519
2019-10-10 04:47:01,169 [Datanode State Machine Thread - 0] INFO  server.XceiverServerGrpc (XceiverServerGrpc.java:start(149)) - XceiverServerGrpc 5cd7ea00-4a37-4d2d-a123-7944377dc649 is started using port 37021
2019-10-10 04:47:01,217 [Datanode State Machine Thread - 0] INFO  ozoneimpl.OzoneContainer (OzoneContainer.java:start(217)) - Attempting to start container services.
2019-10-10 04:47:01,217 [Datanode State Machine Thread - 0] INFO  ozoneimpl.OzoneContainer (OzoneContainer.java:startContainerScrub(179)) - Background container scanner has been disabled.
2019-10-10 04:47:01,217 [Datanode State Machine Thread - 0] INFO  ratis.XceiverServerRatis (XceiverServerRatis.java:start(417)) - Starting XceiverServerRatis e0b28a99-75f3-4477-a2eb-e02dbf159eb7 at port 0
2019-10-10 04:47:01,225 [Datanode State Machine Thread - 0] INFO  impl.RaftServerProxy (RaftServerProxy.java:lambda$start$3(299)) - e0b28a99-75f3-4477-a2eb-e02dbf159eb7: start RPC server
2019-10-10 04:47:01,228 [Datanode State Machine Thread - 0] INFO  server.GrpcService (GrpcService.java:startImpl(158)) - e0b28a99-75f3-4477-a2eb-e02dbf159eb7: GrpcService started, listening on 0.0.0.0/0.0.0.0:34830
2019-10-10 04:47:01,228 [Datanode State Machine Thread - 0] INFO  ratis.XceiverServerRatis (XceiverServerRatis.java:start(427)) - XceiverServerRatis e0b28a99-75f3-4477-a2eb-e02dbf159eb7 is started using port 34830
2019-10-10 04:47:01,230 [Datanode State Machine Thread - 0] INFO  server.XceiverServerGrpc (XceiverServerGrpc.java:start(149)) - XceiverServerGrpc e0b28a99-75f3-4477-a2eb-e02dbf159eb7 is started using port 33335
2019-10-10 04:47:01,259 [Datanode State Machine Thread - 0] INFO  ozoneimpl.OzoneContainer (OzoneContainer.java:start(217)) - Attempting to start container services.
2019-10-10 04:47:01,259 [Datanode State Machine Thread - 0] INFO  ozoneimpl.OzoneContainer (OzoneContainer.java:startContainerScrub(179)) - Background container scanner has been disabled.
2019-10-10 04:47:01,259 [Datanode State Machine Thread - 0] INFO  ratis.XceiverServerRatis (XceiverServerRatis.java:start(417)) - Starting XceiverServerRatis ffbf6f60-86d3-4e0d-85bc-5977624a6e04 at port 0
2019-10-10 04:47:01,266 [Datanode State Machine Thread - 0] INFO  impl.RaftServerProxy (RaftServerProxy.java:lambda$start$3(299)) - ffbf6f60-86d3-4e0d-85bc-5977624a6e04: start RPC server
2019-10-10 04:47:01,267 [Datanode State Machine Thread - 0] INFO  server.GrpcService (GrpcService.java:startImpl(158)) - ffbf6f60-86d3-4e0d-85bc-5977624a6e04: GrpcService started, listening on 0.0.0.0/0.0.0.0:39661
2019-10-10 04:47:01,267 [Datanode State Machine Thread - 0] INFO  ratis.XceiverServerRatis (XceiverServerRatis.java:start(427)) - XceiverServerRatis ffbf6f60-86d3-4e0d-85bc-5977624a6e04 is started using port 39661
2019-10-10 04:47:01,268 [Datanode State Machine Thread - 0] INFO  server.XceiverServerGrpc (XceiverServerGrpc.java:start(149)) - XceiverServerGrpc ffbf6f60-86d3-4e0d-85bc-5977624a6e04 is started using port 35417
2019-10-10 04:47:01,334 [Datanode State Machine Thread - 0] INFO  ozoneimpl.OzoneContainer (OzoneContainer.java:start(217)) - Attempting to start container services.
2019-10-10 04:47:01,335 [Datanode State Machine Thread - 0] INFO  ozoneimpl.OzoneContainer (OzoneContainer.java:startContainerScrub(179)) - Background container scanner has been disabled.
2019-10-10 04:47:01,335 [Datanode State Machine Thread - 0] INFO  ratis.XceiverServerRatis (XceiverServerRatis.java:start(417)) - Starting XceiverServerRatis 73eab992-ebb5-44d3-9477-5e5c7a90fb54 at port 0
2019-10-10 04:47:01,342 [Datanode State Machine Thread - 0] INFO  impl.RaftServerProxy (RaftServerProxy.java:lambda$start$3(299)) - 73eab992-ebb5-44d3-9477-5e5c7a90fb54: start RPC server
2019-10-10 04:47:01,345 [Datanode State Machine Thread - 0] INFO  server.GrpcService (GrpcService.java:startImpl(158)) - 73eab992-ebb5-44d3-9477-5e5c7a90fb54: GrpcService started, listening on 0.0.0.0/0.0.0.0:43435
2019-10-10 04:47:01,345 [Datanode State Machine Thread - 0] INFO  ratis.XceiverServerRatis (XceiverServerRatis.java:start(427)) - XceiverServerRatis 73eab992-ebb5-44d3-9477-5e5c7a90fb54 is started using port 43435
2019-10-10 04:47:01,346 [Datanode State Machine Thread - 0] INFO  server.XceiverServerGrpc (XceiverServerGrpc.java:start(149)) - XceiverServerGrpc 73eab992-ebb5-44d3-9477-5e5c7a90fb54 is started using port 34073
2019-10-10 04:47:01,360 [main] INFO  ozone.MiniOzoneClusterImpl (MiniOzoneClusterImpl.java:lambda$waitForClusterToBeReady$0(147)) - Waiting for cluster to be ready. Got 0 of 7 DN Heartbeats.
2019-10-10 04:47:01,385 [Datanode State Machine Thread - 0] INFO  ozoneimpl.OzoneContainer (OzoneContainer.java:start(217)) - Attempting to start container services.
2019-10-10 04:47:01,385 [Datanode State Machine Thread - 0] INFO  ozoneimpl.OzoneContainer (OzoneContainer.java:startContainerScrub(179)) - Background container scanner has been disabled.
2019-10-10 04:47:01,385 [Datanode State Machine Thread - 0] INFO  ratis.XceiverServerRatis (XceiverServerRatis.java:start(417)) - Starting XceiverServerRatis 34e3ebc0-5b5d-46dd-884a-c0cd4112c547 at port 0
2019-10-10 04:47:01,392 [Datanode State Machine Thread - 0] INFO  impl.RaftServerProxy (RaftServerProxy.java:lambda$start$3(299)) - 34e3ebc0-5b5d-46dd-884a-c0cd4112c547: start RPC server
2019-10-10 04:47:01,393 [Datanode State Machine Thread - 0] INFO  server.GrpcService (GrpcService.java:startImpl(158)) - 34e3ebc0-5b5d-46dd-884a-c0cd4112c547: GrpcService started, listening on 0.0.0.0/0.0.0.0:38118
2019-10-10 04:47:01,393 [Datanode State Machine Thread - 0] INFO  ratis.XceiverServerRatis (XceiverServerRatis.java:start(427)) - XceiverServerRatis 34e3ebc0-5b5d-46dd-884a-c0cd4112c547 is started using port 38118
2019-10-10 04:47:01,410 [Datanode State Machine Thread - 0] INFO  server.XceiverServerGrpc (XceiverServerGrpc.java:start(149)) - XceiverServerGrpc 34e3ebc0-5b5d-46dd-884a-c0cd4112c547 is started using port 42407
2019-10-10 04:47:02,361 [main] INFO  ozone.MiniOzoneClusterImpl (MiniOzoneClusterImpl.java:lambda$waitForClusterToBeReady$0(147)) - Waiting for cluster to be ready. Got 0 of 7 DN Heartbeats.
2019-10-10 04:47:02,981 [IPC Server handler 0 on 34440] INFO  net.NetworkTopology (NetworkTopologyImpl.java:add(111)) - Added a new node: /default-rack/0eb251eb-6940-4068-ae5e-a6a65a53440f
2019-10-10 04:47:02,984 [IPC Server handler 0 on 34440] INFO  node.SCMNodeManager (SCMNodeManager.java:register(268)) - Registered Data node : 0eb251eb-6940-4068-ae5e-a6a65a53440f{ip: 192.168.164.237, host: pr-hdds-1986-sk52v-1870103574, networkLocation: /default-rack, certSerialId: null}
2019-10-10 04:47:02,985 [EventQueue-NodeRegistrationContainerReportForDataNodeSafeModeRule] INFO  safemode.SCMSafeModeManager (DataNodeSafeModeRule.java:process(71)) - SCM in safe mode. 1 DataNodes registered, 1 required.
2019-10-10 04:47:02,988 [EventQueue-NodeRegistrationContainerReportForContainerSafeModeRule] INFO  safemode.SCMSafeModeManager (SCMSafeModeManager.java:validateSafeModeExitRules(177)) - ScmSafeModeManager, all rules are successfully validated
2019-10-10 04:47:02,988 [EventQueue-NodeRegistrationContainerReportForContainerSafeModeRule] INFO  safemode.SCMSafeModeManager (SCMSafeModeManager.java:exitSafeMode(193)) - SCM exiting safe mode.
2019-10-10 04:47:02,999 [grpc-default-executor-1] INFO  impl.RaftServerProxy (RaftServerProxy.java:addNew(89)) - 0eb251eb-6940-4068-ae5e-a6a65a53440f: addNew group-6FADF89F1C08:[0eb251eb-6940-4068-ae5e-a6a65a53440f:192.168.164.237:41092] returns group-6FADF89F1C08:java.util.concurrent.CompletableFuture@7d6bf284[Not completed]
2019-10-10 04:47:03,003 [pool-207-thread-1] INFO  impl.RaftServerImpl (RaftServerImpl.java:<init>(95)) - 0eb251eb-6940-4068-ae5e-a6a65a53440f: new RaftServerImpl for group-6FADF89F1C08:[0eb251eb-6940-4068-ae5e-a6a65a53440f:192.168.164.237:41092] with ContainerStateMachine:uninitialized
2019-10-10 04:47:03,003 [pool-207-thread-1] INFO  server.RaftServerConfigKeys (ConfUtils.java:logGet(43)) - raft.server.rpc.timeout.min = 5s (custom)
2019-10-10 04:47:03,003 [pool-207-thread-1] INFO  server.RaftServerConfigKeys (ConfUtils.java:logGet(43)) - raft.server.rpc.timeout.max = 5200ms (custom)
2019-10-10 04:47:03,004 [pool-207-thread-1] INFO  server.RaftServerConfigKeys (ConfUtils.java:logGet(43)) - raft.server.rpcslowness.timeout = 120s (custom)
2019-10-10 04:47:03,004 [pool-207-thread-1] INFO  server.RaftServerConfigKeys (ConfUtils.java:logGet(43)) - raft.server.sleep.deviation.threshold = 300 (default)
2019-10-10 04:47:03,004 [pool-207-thread-1] INFO  server.RaftServerConfigKeys (ConfUtils.java:logGet(43)) - raft.server.log.appender.install.snapshot.enabled = false (custom)
2019-10-10 04:47:03,004 [pool-207-thread-1] INFO  impl.RaftServerImpl (ServerState.java:<init>(103)) - 0eb251eb-6940-4068-ae5e-a6a65a53440f@group-6FADF89F1C08: ConfigurationManager, init=-1: [0eb251eb-6940-4068-ae5e-a6a65a53440f:192.168.164.237:41092], old=null, confs=<EMPTY_MAP>
2019-10-10 04:47:03,005 [pool-207-thread-1] INFO  server.RaftServerConfigKeys (ConfUtils.java:logGet(43)) - raft.server.storage.dir = [/workdir/hadoop-ozone/integration-test/target/test-dir/MiniOzoneClusterImpl-32d9642c-dde9-4989-afb2-85b6653a764a/datanode-0/data/ratis] (custom)
2019-10-10 04:47:03,005 [pool-207-thread-1] INFO  server.RaftServerConfigKeys (ConfUtils.java:logGet(43)) - raft.server.log.corruption.policy = EXCEPTION (default)
2019-10-10 04:47:03,006 [pool-207-thread-1] INFO  storage.RaftStorageDirectory (RaftStorageDirectory.java:analyzeStorage(246)) - The storage directory /workdir/hadoop-ozone/integration-test/target/test-dir/MiniOzoneClusterImpl-32d9642c-dde9-4989-afb2-85b6653a764a/datanode-0/data/ratis/6d1832d3-d547-44fe-b7e0-6fadf89f1c08 does not exist. Creating ...
2019-10-10 04:47:03,046 [IPC Server handler 1 on 34440] INFO  net.NetworkTopology (NetworkTopologyImpl.java:add(111)) - Added a new node: /default-rack/32a365e5-4eb6-46c8-bd0c-52dadb233d34
2019-10-10 04:47:03,046 [IPC Server handler 1 on 34440] INFO  node.SCMNodeManager (SCMNodeManager.java:register(268)) - Registered Data node : 32a365e5-4eb6-46c8-bd0c-52dadb233d34{ip: 192.168.164.237, host: pr-hdds-1986-sk52v-1870103574, networkLocation: /default-rack, certSerialId: null}
2019-10-10 04:47:03,052 [pool-207-thread-1] INFO  storage.RaftStorageDirectory (RaftStorageDirectory.java:tryLock(328)) - Lock on /workdir/hadoop-ozone/integration-test/target/test-dir/MiniOzoneClusterImpl-32d9642c-dde9-4989-afb2-85b6653a764a/datanode-0/data/ratis/6d1832d3-d547-44fe-b7e0-6fadf89f1c08/in_use.lock acquired by nodename 16053@pr-hdds-1986-sk52v-1870103574
2019-10-10 04:47:03,085 [pool-207-thread-1] INFO  storage.RaftStorage (RaftStorage.java:format(84)) - Storage directory /workdir/hadoop-ozone/integration-test/target/test-dir/MiniOzoneClusterImpl-32d9642c-dde9-4989-afb2-85b6653a764a/datanode-0/data/ratis/6d1832d3-d547-44fe-b7e0-6fadf89f1c08 has been successfully formatted.
2019-10-10 04:47:03,086 [pool-207-thread-1] INFO  ratis.ContainerStateMachine (ContainerStateMachine.java:loadSnapshot(230)) - group-6FADF89F1C08: The snapshot info is null. Setting the last applied indexto:(t:0, i:~)
2019-10-10 04:47:03,086 [pool-207-thread-1] INFO  server.RaftServerConfigKeys (ConfUtils.java:logGet(43)) - raft.server.notification.no-leader.timeout = 120s (custom)
2019-10-10 04:47:03,086 [pool-207-thread-1] INFO  server.RaftServerConfigKeys (ConfUtils.java:logGet(43)) - raft.server.log.use.memory = false (default)
2019-10-10 04:47:03,086 [pool-207-thread-1] INFO  server.RaftServerConfigKeys (ConfUtils.java:logGet(43)) - raft.server.log.purge.gap = 1000000 (custom)
2019-10-10 04:47:03,087 [pool-207-thread-1] INFO  server.RaftServerConfigKeys (ConfUtils.java:logGet(43)) - raft.server.log.appender.buffer.byte-limit = 33554432 (custom)
2019-10-10 04:47:03,087 [pool-207-thread-1] INFO  server.RaftServerConfigKeys (ConfUtils.java:logGet(43)) - raft.server.log.segment.size.max = 1048576 (custom)
2019-10-10 04:47:03,090 [pool-207-thread-1] INFO  server.RaftServerConfigKeys (ConfUtils.java:logGet(43)) - raft.server.log.segment.cache.num.max = 2 (custom)
2019-10-10 04:47:03,090 [pool-207-thread-1] INFO  segmented.SegmentedRaftLogWorker (SegmentedRaftLogWorker.java:<init>(173)) - new 0eb251eb-6940-4068-ae5e-a6a65a53440f@group-6FADF89F1C08-SegmentedRaftLogWorker for RaftStorage:Storage Directory /workdir/hadoop-ozone/integration-test/target/test-dir/MiniOzoneClusterImpl-32d9642c-dde9-4989-afb2-85b6653a764a/datanode-0/data/ratis/6d1832d3-d547-44fe-b7e0-6fadf89f1c08
2019-10-10 04:47:03,090 [pool-207-thread-1] INFO  server.RaftServerConfigKeys (ConfUtils.java:logGet(43)) - raft.server.log.queue.byte-limit = 2147483647 (custom)
2019-10-10 04:47:03,090 [pool-207-thread-1] INFO  server.RaftServerConfigKeys (ConfUtils.java:logGet(43)) - raft.server.log.queue.element-limit = 1024 (custom)
2019-10-10 04:47:03,090 [pool-207-thread-1] INFO  server.RaftServerConfigKeys (ConfUtils.java:logGet(43)) - raft.server.log.segment.size.max = 1048576 (custom)
2019-10-10 04:47:03,091 [pool-207-thread-1] INFO  server.RaftServerConfigKeys (ConfUtils.java:logGet(43)) - raft.server.log.preallocated.size = 16384 (custom)
2019-10-10 04:47:03,091 [pool-207-thread-1] INFO  server.RaftServerConfigKeys (ConfUtils.java:logGet(43)) - raft.server.log.write.buffer.size = 33554432 (custom)
2019-10-10 04:47:03,091 [pool-207-thread-1] INFO  server.RaftServerConfigKeys (ConfUtils.java:logGet(43)) - raft.server.log.force.sync.num = 128 (default)
2019-10-10 04:47:03,091 [pool-207-thread-1] INFO  server.RaftServerConfigKeys (ConfUtils.java:logGet(43)) - raft.server.log.statemachine.data.sync = true (default)
2019-10-10 04:47:03,091 [pool-207-thread-1] INFO  server.RaftServerConfigKeys (ConfUtils.java:logGet(43)) - raft.server.log.statemachine.data.sync.timeout = 10s (default)
2019-10-10 04:47:03,091 [pool-207-thread-1] INFO  server.RaftServerConfigKeys (ConfUtils.java:logGet(43)) - raft.server.log.statemachine.data.sync.timeout.retry = -1 (default)
2019-10-10 04:47:03,092 [pool-207-thread-1] INFO  server.RaftServerConfigKeys (ConfUtils.java:logGet(43)) - raft.server.log.statemachine.data.caching.enabled = true (custom)
2019-10-10 04:47:03,092 [pool-207-thread-1] INFO  segmented.SegmentedRaftLogWorker (SegmentedRaftLogWorker.java:lambda$new$0(128)) - 0eb251eb-6940-4068-ae5e-a6a65a53440f@group-6FADF89F1C08-SegmentedRaftLogWorker: flushIndex: setUnconditionally 0 -> -1
2019-10-10 04:47:03,093 [pool-207-thread-1] INFO  server.RaftServerConfigKeys (ConfUtils.java:logGet(43)) - raft.server.snapshot.auto.trigger.enabled = true (custom)
2019-10-10 04:47:03,093 [pool-207-thread-1] INFO  server.RaftServerConfigKeys (ConfUtils.java:logGet(43)) - raft.server.snapshot.auto.trigger.threshold = 10000 (custom)
2019-10-10 04:47:03,093 [pool-207-thread-1] INFO  server.RaftServerConfigKeys (ConfUtils.java:logGet(43)) - raft.server.snapshot.retention.file.num = 5 (custom)
2019-10-10 04:47:03,093 [pool-207-thread-1] INFO  server.RaftServerConfigKeys (ConfUtils.java:logGet(43)) - raft.server.retrycache.expirytime = 600000ms (custom)
2019-10-10 04:47:03,096 [pool-207-thread-1] INFO  impl.RaftServerImpl (RaftServerImpl.java:start(181)) - 0eb251eb-6940-4068-ae5e-a6a65a53440f@group-6FADF89F1C08: start as a follower, conf=-1: [0eb251eb-6940-4068-ae5e-a6a65a53440f:192.168.164.237:41092], old=null
2019-10-10 04:47:03,097 [pool-207-thread-1] INFO  impl.RaftServerImpl (RaftServerImpl.java:setRole(170)) - 0eb251eb-6940-4068-ae5e-a6a65a53440f@group-6FADF89F1C08: changes role from      null to FOLLOWER at term 0 for startAsFollower
2019-10-10 04:47:03,097 [pool-207-thread-1] INFO  impl.RoleInfo (RoleInfo.java:updateAndGet(143)) - 0eb251eb-6940-4068-ae5e-a6a65a53440f: start FollowerState
2019-10-10 04:47:03,097 [pool-207-thread-1] INFO  util.JmxRegister (JmxRegister.java:tryRegister(44)) - Successfully registered JMX Bean with object name Ratis:service=RaftServer,group=group-6FADF89F1C08,id=0eb251eb-6940-4068-ae5e-a6a65a53440f
2019-10-10 04:47:03,103 [RatisPipelineUtilsThread] INFO  pipeline.PipelineStateManager (PipelineStateManager.java:addPipeline(56)) - Created pipeline Pipeline[ Id: 6d1832d3-d547-44fe-b7e0-6fadf89f1c08, Nodes: 0eb251eb-6940-4068-ae5e-a6a65a53440f{ip: 192.168.164.237, host: pr-hdds-1986-sk52v-1870103574, networkLocation: /default-rack, certSerialId: null}, Type:RATIS, Factor:ONE, State:OPEN]
2019-10-10 04:47:03,116 [IPC Server handler 4 on 34440] INFO  net.NetworkTopology (NetworkTopologyImpl.java:add(111)) - Added a new node: /default-rack/5cd7ea00-4a37-4d2d-a123-7944377dc649
2019-10-10 04:47:03,117 [IPC Server handler 4 on 34440] INFO  node.SCMNodeManager (SCMNodeManager.java:register(268)) - Registered Data node : 5cd7ea00-4a37-4d2d-a123-7944377dc649{ip: 192.168.164.237, host: pr-hdds-1986-sk52v-1870103574, networkLocation: /default-rack, certSerialId: null}
2019-10-10 04:47:03,122 [grpc-default-executor-1] INFO  impl.RaftServerProxy (RaftServerProxy.java:addNew(89)) - 32a365e5-4eb6-46c8-bd0c-52dadb233d34: addNew group-63F4E4ED39F5:[32a365e5-4eb6-46c8-bd0c-52dadb233d34:192.168.164.237:42209] returns group-63F4E4ED39F5:java.util.concurrent.CompletableFuture@1e3380ad[Not completed]
2019-10-10 04:47:03,124 [pool-217-thread-1] INFO  impl.RaftServerImpl (RaftServerImpl.java:<init>(95)) - 32a365e5-4eb6-46c8-bd0c-52dadb233d34: new RaftServerImpl for group-63F4E4ED39F5:[32a365e5-4eb6-46c8-bd0c-52dadb233d34:192.168.164.237:42209] with ContainerStateMachine:uninitialized
2019-10-10 04:47:03,124 [pool-217-thread-1] INFO  server.RaftServerConfigKeys (ConfUtils.java:logGet(43)) - raft.server.rpc.timeout.min = 5s (custom)
2019-10-10 04:47:03,125 [pool-217-thread-1] INFO  server.RaftServerConfigKeys (ConfUtils.java:logGet(43)) - raft.server.rpc.timeout.max = 5200ms (custom)
2019-10-10 04:47:03,125 [pool-217-thread-1] INFO  server.RaftServerConfigKeys (ConfUtils.java:logGet(43)) - raft.server.rpcslowness.timeout = 120s (custom)
2019-10-10 04:47:03,125 [pool-217-thread-1] INFO  server.RaftServerConfigKeys (ConfUtils.java:logGet(43)) - raft.server.sleep.deviation.threshold = 300 (default)
2019-10-10 04:47:03,125 [pool-217-thread-1] INFO  server.RaftServerConfigKeys (ConfUtils.java:logGet(43)) - raft.server.log.appender.install.snapshot.enabled = false (custom)
2019-10-10 04:47:03,125 [pool-217-thread-1] INFO  impl.RaftServerImpl (ServerState.java:<init>(103)) - 32a365e5-4eb6-46c8-bd0c-52dadb233d34@group-63F4E4ED39F5: ConfigurationManager, init=-1: [32a365e5-4eb6-46c8-bd0c-52dadb233d34:192.168.164.237:42209], old=null, confs=<EMPTY_MAP>
2019-10-10 04:47:03,125 [pool-217-thread-1] INFO  server.RaftServerConfigKeys (ConfUtils.java:logGet(43)) - raft.server.storage.dir = [/workdir/hadoop-ozone/integration-test/target/test-dir/MiniOzoneClusterImpl-32d9642c-dde9-4989-afb2-85b6653a764a/datanode-1/data/ratis] (custom)
2019-10-10 04:47:03,126 [pool-217-thread-1] INFO  server.RaftServerConfigKeys (ConfUtils.java:logGet(43)) - raft.server.log.corruption.policy = EXCEPTION (default)
2019-10-10 04:47:03,126 [pool-217-thread-1] INFO  storage.RaftStorageDirectory (RaftStorageDirectory.java:analyzeStorage(246)) - The storage directory /workdir/hadoop-ozone/integration-test/target/test-dir/MiniOzoneClusterImpl-32d9642c-dde9-4989-afb2-85b6653a764a/datanode-1/data/ratis/92f2ebc6-3a92-47ff-bf48-63f4e4ed39f5 does not exist. Creating ...
2019-10-10 04:47:03,161 [pool-217-thread-1] INFO  storage.RaftStorageDirectory (RaftStorageDirectory.java:tryLock(328)) - Lock on /workdir/hadoop-ozone/integration-test/target/test-dir/MiniOzoneClusterImpl-32d9642c-dde9-4989-afb2-85b6653a764a/datanode-1/data/ratis/92f2ebc6-3a92-47ff-bf48-63f4e4ed39f5/in_use.lock acquired by nodename 16053@pr-hdds-1986-sk52v-1870103574
2019-10-10 04:47:03,173 [IPC Server handler 5 on 34440] INFO  net.NetworkTopology (NetworkTopologyImpl.java:add(111)) - Added a new node: /default-rack/e0b28a99-75f3-4477-a2eb-e02dbf159eb7
2019-10-10 04:47:03,173 [IPC Server handler 5 on 34440] INFO  node.SCMNodeManager (SCMNodeManager.java:register(268)) - Registered Data node : e0b28a99-75f3-4477-a2eb-e02dbf159eb7{ip: 192.168.164.237, host: pr-hdds-1986-sk52v-1870103574, networkLocation: /default-rack, certSerialId: null}
2019-10-10 04:47:03,202 [pool-217-thread-1] INFO  storage.RaftStorage (RaftStorage.java:format(84)) - Storage directory /workdir/hadoop-ozone/integration-test/target/test-dir/MiniOzoneClusterImpl-32d9642c-dde9-4989-afb2-85b6653a764a/datanode-1/data/ratis/92f2ebc6-3a92-47ff-bf48-63f4e4ed39f5 has been successfully formatted.
2019-10-10 04:47:03,202 [pool-217-thread-1] INFO  ratis.ContainerStateMachine (ContainerStateMachine.java:loadSnapshot(230)) - group-63F4E4ED39F5: The snapshot info is null. Setting the last applied indexto:(t:0, i:~)
2019-10-10 04:47:03,203 [pool-217-thread-1] INFO  server.RaftServerConfigKeys (ConfUtils.java:logGet(43)) - raft.server.notification.no-leader.timeout = 120s (custom)
2019-10-10 04:47:03,203 [pool-217-thread-1] INFO  server.RaftServerConfigKeys (ConfUtils.java:logGet(43)) - raft.server.log.use.memory = false (default)
2019-10-10 04:47:03,203 [pool-217-thread-1] INFO  server.RaftServerConfigKeys (ConfUtils.java:logGet(43)) - raft.server.log.purge.gap = 1000000 (custom)
2019-10-10 04:47:03,203 [pool-217-thread-1] INFO  server.RaftServerConfigKeys (ConfUtils.java:logGet(43)) - raft.server.log.appender.buffer.byte-limit = 33554432 (custom)
2019-10-10 04:47:03,203 [pool-217-thread-1] INFO  server.RaftServerConfigKeys (ConfUtils.java:logGet(43)) - raft.server.log.segment.size.max = 1048576 (custom)
2019-10-10 04:47:03,205 [pool-217-thread-1] INFO  server.RaftServerConfigKeys (ConfUtils.java:logGet(43)) - raft.server.log.segment.cache.num.max = 2 (custom)
2019-10-10 04:47:03,205 [pool-217-thread-1] INFO  segmented.SegmentedRaftLogWorker (SegmentedRaftLogWorker.java:<init>(173)) - new 32a365e5-4eb6-46c8-bd0c-52dadb233d34@group-63F4E4ED39F5-SegmentedRaftLogWorker for RaftStorage:Storage Directory /workdir/hadoop-ozone/integration-test/target/test-dir/MiniOzoneClusterImpl-32d9642c-dde9-4989-afb2-85b6653a764a/datanode-1/data/ratis/92f2ebc6-3a92-47ff-bf48-63f4e4ed39f5
2019-10-10 04:47:03,205 [pool-217-thread-1] INFO  server.RaftServerConfigKeys (ConfUtils.java:logGet(43)) - raft.server.log.queue.byte-limit = 2147483647 (custom)
2019-10-10 04:47:03,205 [pool-217-thread-1] INFO  server.RaftServerConfigKeys (ConfUtils.java:logGet(43)) - raft.server.log.queue.element-limit = 1024 (custom)
2019-10-10 04:47:03,205 [pool-217-thread-1] INFO  server.RaftServerConfigKeys (ConfUtils.java:logGet(43)) - raft.server.log.segment.size.max = 1048576 (custom)
2019-10-10 04:47:03,205 [pool-217-thread-1] INFO  server.RaftServerConfigKeys (ConfUtils.java:logGet(43)) - raft.server.log.preallocated.size = 16384 (custom)
2019-10-10 04:47:03,206 [pool-217-thread-1] INFO  server.RaftServerConfigKeys (ConfUtils.java:logGet(43)) - raft.server.log.write.buffer.size = 33554432 (custom)
2019-10-10 04:47:03,206 [pool-217-thread-1] INFO  server.RaftServerConfigKeys (ConfUtils.java:logGet(43)) - raft.server.log.force.sync.num = 128 (default)
2019-10-10 04:47:03,206 [pool-217-thread-1] INFO  server.RaftServerConfigKeys (ConfUtils.java:logGet(43)) - raft.server.log.statemachine.data.sync = true (default)
2019-10-10 04:47:03,206 [pool-217-thread-1] INFO  server.RaftServerConfigKeys (ConfUtils.java:logGet(43)) - raft.server.log.statemachine.data.sync.timeout = 10s (default)
2019-10-10 04:47:03,206 [pool-217-thread-1] INFO  server.RaftServerConfigKeys (ConfUtils.java:logGet(43)) - raft.server.log.statemachine.data.sync.timeout.retry = -1 (default)
2019-10-10 04:47:03,206 [pool-217-thread-1] INFO  server.RaftServerConfigKeys (ConfUtils.java:logGet(43)) - raft.server.log.statemachine.data.caching.enabled = true (custom)
2019-10-10 04:47:03,207 [pool-217-thread-1] INFO  segmented.SegmentedRaftLogWorker (SegmentedRaftLogWorker.java:lambda$new$0(128)) - 32a365e5-4eb6-46c8-bd0c-52dadb233d34@group-63F4E4ED39F5-SegmentedRaftLogWorker: flushIndex: setUnconditionally 0 -> -1
2019-10-10 04:47:03,207 [pool-217-thread-1] INFO  server.RaftServerConfigKeys (ConfUtils.java:logGet(43)) - raft.server.snapshot.auto.trigger.enabled = true (custom)
2019-10-10 04:47:03,207 [pool-217-thread-1] INFO  server.RaftServerConfigKeys (ConfUtils.java:logGet(43)) - raft.server.snapshot.auto.trigger.threshold = 10000 (custom)
2019-10-10 04:47:03,207 [pool-217-thread-1] INFO  server.RaftServerConfigKeys (ConfUtils.java:logGet(43)) - raft.server.snapshot.retention.file.num = 5 (custom)
2019-10-10 04:47:03,207 [pool-217-thread-1] INFO  server.RaftServerConfigKeys (ConfUtils.java:logGet(43)) - raft.server.retrycache.expirytime = 600000ms (custom)
2019-10-10 04:47:03,209 [pool-217-thread-1] INFO  impl.RaftServerImpl (RaftServerImpl.java:start(181)) - 32a365e5-4eb6-46c8-bd0c-52dadb233d34@group-63F4E4ED39F5: start as a follower, conf=-1: [32a365e5-4eb6-46c8-bd0c-52dadb233d34:192.168.164.237:42209], old=null
2019-10-10 04:47:03,209 [pool-217-thread-1] INFO  impl.RaftServerImpl (RaftServerImpl.java:setRole(170)) - 32a365e5-4eb6-46c8-bd0c-52dadb233d34@group-63F4E4ED39F5: changes role from      null to FOLLOWER at term 0 for startAsFollower
2019-10-10 04:47:03,209 [pool-217-thread-1] INFO  impl.RoleInfo (RoleInfo.java:updateAndGet(143)) - 32a365e5-4eb6-46c8-bd0c-52dadb233d34: start FollowerState
2019-10-10 04:47:03,209 [pool-217-thread-1] INFO  util.JmxRegister (JmxRegister.java:tryRegister(44)) - Successfully registered JMX Bean with object name Ratis:service=RaftServer,group=group-63F4E4ED39F5,id=32a365e5-4eb6-46c8-bd0c-52dadb233d34
2019-10-10 04:47:03,214 [RatisPipelineUtilsThread] INFO  pipeline.PipelineStateManager (PipelineStateManager.java:addPipeline(56)) - Created pipeline Pipeline[ Id: 92f2ebc6-3a92-47ff-bf48-63f4e4ed39f5, Nodes: 32a365e5-4eb6-46c8-bd0c-52dadb233d34{ip: 192.168.164.237, host: pr-hdds-1986-sk52v-1870103574, networkLocation: /default-rack, certSerialId: null}, Type:RATIS, Factor:ONE, State:OPEN]
2019-10-10 04:47:03,224 [grpc-default-executor-1] INFO  impl.RaftServerProxy (RaftServerProxy.java:addNew(89)) - e0b28a99-75f3-4477-a2eb-e02dbf159eb7: addNew group-30D965C67BF4:[e0b28a99-75f3-4477-a2eb-e02dbf159eb7:192.168.164.237:34830] returns group-30D965C67BF4:java.util.concurrent.CompletableFuture@120000f6[Not completed]
2019-10-10 04:47:03,225 [pool-237-thread-1] INFO  impl.RaftServerImpl (RaftServerImpl.java:<init>(95)) - e0b28a99-75f3-4477-a2eb-e02dbf159eb7: new RaftServerImpl for group-30D965C67BF4:[e0b28a99-75f3-4477-a2eb-e02dbf159eb7:192.168.164.237:34830] with ContainerStateMachine:uninitialized
2019-10-10 04:47:03,225 [pool-237-thread-1] INFO  server.RaftServerConfigKeys (ConfUtils.java:logGet(43)) - raft.server.rpc.timeout.min = 5s (custom)
2019-10-10 04:47:03,226 [pool-237-thread-1] INFO  server.RaftServerConfigKeys (ConfUtils.java:logGet(43)) - raft.server.rpc.timeout.max = 5200ms (custom)
2019-10-10 04:47:03,226 [pool-237-thread-1] INFO  server.RaftServerConfigKeys (ConfUtils.java:logGet(43)) - raft.server.rpcslowness.timeout = 120s (custom)
2019-10-10 04:47:03,226 [pool-237-thread-1] INFO  server.RaftServerConfigKeys (ConfUtils.java:logGet(43)) - raft.server.sleep.deviation.threshold = 300 (default)
2019-10-10 04:47:03,226 [pool-237-thread-1] INFO  server.RaftServerConfigKeys (ConfUtils.java:logGet(43)) - raft.server.log.appender.install.snapshot.enabled = false (custom)
2019-10-10 04:47:03,226 [pool-237-thread-1] INFO  impl.RaftServerImpl (ServerState.java:<init>(103)) - e0b28a99-75f3-4477-a2eb-e02dbf159eb7@group-30D965C67BF4: ConfigurationManager, init=-1: [e0b28a99-75f3-4477-a2eb-e02dbf159eb7:192.168.164.237:34830], old=null, confs=<EMPTY_MAP>
2019-10-10 04:47:03,226 [pool-237-thread-1] INFO  server.RaftServerConfigKeys (ConfUtils.java:logGet(43)) - raft.server.storage.dir = [/workdir/hadoop-ozone/integration-test/target/test-dir/MiniOzoneClusterImpl-32d9642c-dde9-4989-afb2-85b6653a764a/datanode-3/data/ratis] (custom)
2019-10-10 04:47:03,226 [pool-237-thread-1] INFO  server.RaftServerConfigKeys (ConfUtils.java:logGet(43)) - raft.server.log.corruption.policy = EXCEPTION (default)
2019-10-10 04:47:03,226 [pool-237-thread-1] INFO  storage.RaftStorageDirectory (RaftStorageDirectory.java:analyzeStorage(246)) - The storage directory /workdir/hadoop-ozone/integration-test/target/test-dir/MiniOzoneClusterImpl-32d9642c-dde9-4989-afb2-85b6653a764a/datanode-3/data/ratis/73b0ae72-e944-43d6-af97-30d965c67bf4 does not exist. Creating ...
2019-10-10 04:47:03,239 [IPC Server handler 8 on 34440] INFO  net.NetworkTopology (NetworkTopologyImpl.java:add(111)) - Added a new node: /default-rack/ffbf6f60-86d3-4e0d-85bc-5977624a6e04
2019-10-10 04:47:03,240 [IPC Server handler 8 on 34440] INFO  node.SCMNodeManager (SCMNodeManager.java:register(268)) - Registered Data node : ffbf6f60-86d3-4e0d-85bc-5977624a6e04{ip: 192.168.164.237, host: pr-hdds-1986-sk52v-1870103574, networkLocation: /default-rack, certSerialId: null}
2019-10-10 04:47:03,248 [pool-237-thread-1] INFO  storage.RaftStorageDirectory (RaftStorageDirectory.java:tryLock(328)) - Lock on /workdir/hadoop-ozone/integration-test/target/test-dir/MiniOzoneClusterImpl-32d9642c-dde9-4989-afb2-85b6653a764a/datanode-3/data/ratis/73b0ae72-e944-43d6-af97-30d965c67bf4/in_use.lock acquired by nodename 16053@pr-hdds-1986-sk52v-1870103574
2019-10-10 04:47:03,276 [pool-237-thread-1] INFO  storage.RaftStorage (RaftStorage.java:format(84)) - Storage directory /workdir/hadoop-ozone/integration-test/target/test-dir/MiniOzoneClusterImpl-32d9642c-dde9-4989-afb2-85b6653a764a/datanode-3/data/ratis/73b0ae72-e944-43d6-af97-30d965c67bf4 has been successfully formatted.
2019-10-10 04:47:03,276 [pool-237-thread-1] INFO  ratis.ContainerStateMachine (ContainerStateMachine.java:loadSnapshot(230)) - group-30D965C67BF4: The snapshot info is null. Setting the last applied indexto:(t:0, i:~)
2019-10-10 04:47:03,276 [pool-237-thread-1] INFO  server.RaftServerConfigKeys (ConfUtils.java:logGet(43)) - raft.server.notification.no-leader.timeout = 120s (custom)
2019-10-10 04:47:03,276 [pool-237-thread-1] INFO  server.RaftServerConfigKeys (ConfUtils.java:logGet(43)) - raft.server.log.use.memory = false (default)
2019-10-10 04:47:03,276 [pool-237-thread-1] INFO  server.RaftServerConfigKeys (ConfUtils.java:logGet(43)) - raft.server.log.purge.gap = 1000000 (custom)
2019-10-10 04:47:03,277 [pool-237-thread-1] INFO  server.RaftServerConfigKeys (ConfUtils.java:logGet(43)) - raft.server.log.appender.buffer.byte-limit = 33554432 (custom)
2019-10-10 04:47:03,277 [pool-237-thread-1] INFO  server.RaftServerConfigKeys (ConfUtils.java:logGet(43)) - raft.server.log.segment.size.max = 1048576 (custom)
2019-10-10 04:47:03,278 [pool-237-thread-1] INFO  server.RaftServerConfigKeys (ConfUtils.java:logGet(43)) - raft.server.log.segment.cache.num.max = 2 (custom)
2019-10-10 04:47:03,279 [pool-237-thread-1] INFO  segmented.SegmentedRaftLogWorker (SegmentedRaftLogWorker.java:<init>(173)) - new e0b28a99-75f3-4477-a2eb-e02dbf159eb7@group-30D965C67BF4-SegmentedRaftLogWorker for RaftStorage:Storage Directory /workdir/hadoop-ozone/integration-test/target/test-dir/MiniOzoneClusterImpl-32d9642c-dde9-4989-afb2-85b6653a764a/datanode-3/data/ratis/73b0ae72-e944-43d6-af97-30d965c67bf4
2019-10-10 04:47:03,279 [pool-237-thread-1] INFO  server.RaftServerConfigKeys (ConfUtils.java:logGet(43)) - raft.server.log.queue.byte-limit = 2147483647 (custom)
2019-10-10 04:47:03,279 [pool-237-thread-1] INFO  server.RaftServerConfigKeys (ConfUtils.java:logGet(43)) - raft.server.log.queue.element-limit = 1024 (custom)
2019-10-10 04:47:03,279 [pool-237-thread-1] INFO  server.RaftServerConfigKeys (ConfUtils.java:logGet(43)) - raft.server.log.segment.size.max = 1048576 (custom)
2019-10-10 04:47:03,279 [pool-237-thread-1] INFO  server.RaftServerConfigKeys (ConfUtils.java:logGet(43)) - raft.server.log.preallocated.size = 16384 (custom)
2019-10-10 04:47:03,279 [pool-237-thread-1] INFO  server.RaftServerConfigKeys (ConfUtils.java:logGet(43)) - raft.server.log.write.buffer.size = 33554432 (custom)
2019-10-10 04:47:03,279 [pool-237-thread-1] INFO  server.RaftServerConfigKeys (ConfUtils.java:logGet(43)) - raft.server.log.force.sync.num = 128 (default)
2019-10-10 04:47:03,279 [pool-237-thread-1] INFO  server.RaftServerConfigKeys (ConfUtils.java:logGet(43)) - raft.server.log.statemachine.data.sync = true (default)
2019-10-10 04:47:03,279 [pool-237-thread-1] INFO  server.RaftServerConfigKeys (ConfUtils.java:logGet(43)) - raft.server.log.statemachine.data.sync.timeout = 10s (default)
2019-10-10 04:47:03,279 [pool-237-thread-1] INFO  server.RaftServerConfigKeys (ConfUtils.java:logGet(43)) - raft.server.log.statemachine.data.sync.timeout.retry = -1 (default)
2019-10-10 04:47:03,280 [pool-237-thread-1] INFO  server.RaftServerConfigKeys (ConfUtils.java:logGet(43)) - raft.server.log.statemachine.data.caching.enabled = true (custom)
2019-10-10 04:47:03,280 [pool-237-thread-1] INFO  segmented.SegmentedRaftLogWorker (SegmentedRaftLogWorker.java:lambda$new$0(128)) - e0b28a99-75f3-4477-a2eb-e02dbf159eb7@group-30D965C67BF4-SegmentedRaftLogWorker: flushIndex: setUnconditionally 0 -> -1
2019-10-10 04:47:03,280 [pool-237-thread-1] INFO  server.RaftServerConfigKeys (ConfUtils.java:logGet(43)) - raft.server.snapshot.auto.trigger.enabled = true (custom)
2019-10-10 04:47:03,280 [pool-237-thread-1] INFO  server.RaftServerConfigKeys (ConfUtils.java:logGet(43)) - raft.server.snapshot.auto.trigger.threshold = 10000 (custom)
2019-10-10 04:47:03,280 [pool-237-thread-1] INFO  server.RaftServerConfigKeys (ConfUtils.java:logGet(43)) - raft.server.snapshot.retention.file.num = 5 (custom)
2019-10-10 04:47:03,281 [pool-237-thread-1] INFO  server.RaftServerConfigKeys (ConfUtils.java:logGet(43)) - raft.server.retrycache.expirytime = 600000ms (custom)
2019-10-10 04:47:03,282 [pool-237-thread-1] INFO  impl.RaftServerImpl (RaftServerImpl.java:start(181)) - e0b28a99-75f3-4477-a2eb-e02dbf159eb7@group-30D965C67BF4: start as a follower, conf=-1: [e0b28a99-75f3-4477-a2eb-e02dbf159eb7:192.168.164.237:34830], old=null
2019-10-10 04:47:03,282 [pool-237-thread-1] INFO  impl.RaftServerImpl (RaftServerImpl.java:setRole(170)) - e0b28a99-75f3-4477-a2eb-e02dbf159eb7@group-30D965C67BF4: changes role from      null to FOLLOWER at term 0 for startAsFollower
2019-10-10 04:47:03,282 [pool-237-thread-1] INFO  impl.RoleInfo (RoleInfo.java:updateAndGet(143)) - e0b28a99-75f3-4477-a2eb-e02dbf159eb7: start FollowerState
2019-10-10 04:47:03,282 [pool-237-thread-1] INFO  util.JmxRegister (JmxRegister.java:tryRegister(44)) - Successfully registered JMX Bean with object name Ratis:service=RaftServer,group=group-30D965C67BF4,id=e0b28a99-75f3-4477-a2eb-e02dbf159eb7
2019-10-10 04:47:03,286 [RatisPipelineUtilsThread] INFO  pipeline.PipelineStateManager (PipelineStateManager.java:addPipeline(56)) - Created pipeline Pipeline[ Id: 73b0ae72-e944-43d6-af97-30d965c67bf4, Nodes: e0b28a99-75f3-4477-a2eb-e02dbf159eb7{ip: 192.168.164.237, host: pr-hdds-1986-sk52v-1870103574, networkLocation: /default-rack, certSerialId: null}, Type:RATIS, Factor:ONE, State:OPEN]
2019-10-10 04:47:03,294 [grpc-default-executor-1] INFO  impl.RaftServerProxy (RaftServerProxy.java:addNew(89)) - ffbf6f60-86d3-4e0d-85bc-5977624a6e04: addNew group-1DA0CA37DC3E:[ffbf6f60-86d3-4e0d-85bc-5977624a6e04:192.168.164.237:39661] returns group-1DA0CA37DC3E:java.util.concurrent.CompletableFuture@6644cc85[Not completed]
2019-10-10 04:47:03,296 [pool-247-thread-1] INFO  impl.RaftServerImpl (RaftServerImpl.java:<init>(95)) - ffbf6f60-86d3-4e0d-85bc-5977624a6e04: new RaftServerImpl for group-1DA0CA37DC3E:[ffbf6f60-86d3-4e0d-85bc-5977624a6e04:192.168.164.237:39661] with ContainerStateMachine:uninitialized
2019-10-10 04:47:03,297 [pool-247-thread-1] INFO  server.RaftServerConfigKeys (ConfUtils.java:logGet(43)) - raft.server.rpc.timeout.min = 5s (custom)
2019-10-10 04:47:03,297 [pool-247-thread-1] INFO  server.RaftServerConfigKeys (ConfUtils.java:logGet(43)) - raft.server.rpc.timeout.max = 5200ms (custom)
2019-10-10 04:47:03,297 [pool-247-thread-1] INFO  server.RaftServerConfigKeys (ConfUtils.java:logGet(43)) - raft.server.rpcslowness.timeout = 120s (custom)
2019-10-10 04:47:03,297 [pool-247-thread-1] INFO  server.RaftServerConfigKeys (ConfUtils.java:logGet(43)) - raft.server.sleep.deviation.threshold = 300 (default)
2019-10-10 04:47:03,297 [pool-247-thread-1] INFO  server.RaftServerConfigKeys (ConfUtils.java:logGet(43)) - raft.server.log.appender.install.snapshot.enabled = false (custom)
2019-10-10 04:47:03,297 [pool-247-thread-1] INFO  impl.RaftServerImpl (ServerState.java:<init>(103)) - ffbf6f60-86d3-4e0d-85bc-5977624a6e04@group-1DA0CA37DC3E: ConfigurationManager, init=-1: [ffbf6f60-86d3-4e0d-85bc-5977624a6e04:192.168.164.237:39661], old=null, confs=<EMPTY_MAP>
2019-10-10 04:47:03,297 [pool-247-thread-1] INFO  server.RaftServerConfigKeys (ConfUtils.java:logGet(43)) - raft.server.storage.dir = [/workdir/hadoop-ozone/integration-test/target/test-dir/MiniOzoneClusterImpl-32d9642c-dde9-4989-afb2-85b6653a764a/datanode-4/data/ratis] (custom)
2019-10-10 04:47:03,298 [pool-247-thread-1] INFO  server.RaftServerConfigKeys (ConfUtils.java:logGet(43)) - raft.server.log.corruption.policy = EXCEPTION (default)
2019-10-10 04:47:03,298 [pool-247-thread-1] INFO  storage.RaftStorageDirectory (RaftStorageDirectory.java:analyzeStorage(246)) - The storage directory /workdir/hadoop-ozone/integration-test/target/test-dir/MiniOzoneClusterImpl-32d9642c-dde9-4989-afb2-85b6653a764a/datanode-4/data/ratis/b03e62e2-453b-48e8-aa94-1da0ca37dc3e does not exist. Creating ...
2019-10-10 04:47:03,301 [IPC Server handler 6 on 34440] INFO  net.NetworkTopology (NetworkTopologyImpl.java:add(111)) - Added a new node: /default-rack/73eab992-ebb5-44d3-9477-5e5c7a90fb54
2019-10-10 04:47:03,301 [IPC Server handler 6 on 34440] INFO  node.SCMNodeManager (SCMNodeManager.java:register(268)) - Registered Data node : 73eab992-ebb5-44d3-9477-5e5c7a90fb54{ip: 192.168.164.237, host: pr-hdds-1986-sk52v-1870103574, networkLocation: /default-rack, certSerialId: null}
2019-10-10 04:47:03,324 [pool-247-thread-1] INFO  storage.RaftStorageDirectory (RaftStorageDirectory.java:tryLock(328)) - Lock on /workdir/hadoop-ozone/integration-test/target/test-dir/MiniOzoneClusterImpl-32d9642c-dde9-4989-afb2-85b6653a764a/datanode-4/data/ratis/b03e62e2-453b-48e8-aa94-1da0ca37dc3e/in_use.lock acquired by nodename 16053@pr-hdds-1986-sk52v-1870103574
2019-10-10 04:47:03,361 [main] INFO  ozone.MiniOzoneClusterImpl (MiniOzoneClusterImpl.java:lambda$waitForClusterToBeReady$0(147)) - Waiting for cluster to be ready. Got 6 of 7 DN Heartbeats.
2019-10-10 04:47:03,361 [IPC Server handler 9 on 34440] INFO  net.NetworkTopology (NetworkTopologyImpl.java:add(111)) - Added a new node: /default-rack/34e3ebc0-5b5d-46dd-884a-c0cd4112c547
2019-10-10 04:47:03,362 [IPC Server handler 9 on 34440] INFO  node.SCMNodeManager (SCMNodeManager.java:register(268)) - Registered Data node : 34e3ebc0-5b5d-46dd-884a-c0cd4112c547{ip: 192.168.164.237, host: pr-hdds-1986-sk52v-1870103574, networkLocation: /default-rack, certSerialId: null}
2019-10-10 04:47:03,371 [pool-247-thread-1] INFO  storage.RaftStorage (RaftStorage.java:format(84)) - Storage directory /workdir/hadoop-ozone/integration-test/target/test-dir/MiniOzoneClusterImpl-32d9642c-dde9-4989-afb2-85b6653a764a/datanode-4/data/ratis/b03e62e2-453b-48e8-aa94-1da0ca37dc3e has been successfully formatted.
2019-10-10 04:47:03,372 [pool-247-thread-1] INFO  ratis.ContainerStateMachine (ContainerStateMachine.java:loadSnapshot(230)) - group-1DA0CA37DC3E: The snapshot info is null. Setting the last applied indexto:(t:0, i:~)
2019-10-10 04:47:03,372 [pool-247-thread-1] INFO  server.RaftServerConfigKeys (ConfUtils.java:logGet(43)) - raft.server.notification.no-leader.timeout = 120s (custom)
2019-10-10 04:47:03,372 [pool-247-thread-1] INFO  server.RaftServerConfigKeys (ConfUtils.java:logGet(43)) - raft.server.log.use.memory = false (default)
2019-10-10 04:47:03,372 [pool-247-thread-1] INFO  server.RaftServerConfigKeys (ConfUtils.java:logGet(43)) - raft.server.log.purge.gap = 1000000 (custom)
2019-10-10 04:47:03,373 [pool-247-thread-1] INFO  server.RaftServerConfigKeys (ConfUtils.java:logGet(43)) - raft.server.log.appender.buffer.byte-limit = 33554432 (custom)
2019-10-10 04:47:03,373 [pool-247-thread-1] INFO  server.RaftServerConfigKeys (ConfUtils.java:logGet(43)) - raft.server.log.segment.size.max = 1048576 (custom)
2019-10-10 04:47:03,375 [pool-247-thread-1] INFO  server.RaftServerConfigKeys (ConfUtils.java:logGet(43)) - raft.server.log.segment.cache.num.max = 2 (custom)
2019-10-10 04:47:03,376 [pool-247-thread-1] INFO  segmented.SegmentedRaftLogWorker (SegmentedRaftLogWorker.java:<init>(173)) - new ffbf6f60-86d3-4e0d-85bc-5977624a6e04@group-1DA0CA37DC3E-SegmentedRaftLogWorker for RaftStorage:Storage Directory /workdir/hadoop-ozone/integration-test/target/test-dir/MiniOzoneClusterImpl-32d9642c-dde9-4989-afb2-85b6653a764a/datanode-4/data/ratis/b03e62e2-453b-48e8-aa94-1da0ca37dc3e
2019-10-10 04:47:03,376 [pool-247-thread-1] INFO  server.RaftServerConfigKeys (ConfUtils.java:logGet(43)) - raft.server.log.queue.byte-limit = 2147483647 (custom)
2019-10-10 04:47:03,376 [pool-247-thread-1] INFO  server.RaftServerConfigKeys (ConfUtils.java:logGet(43)) - raft.server.log.queue.element-limit = 1024 (custom)
2019-10-10 04:47:03,376 [pool-247-thread-1] INFO  server.RaftServerConfigKeys (ConfUtils.java:logGet(43)) - raft.server.log.segment.size.max = 1048576 (custom)
2019-10-10 04:47:03,376 [pool-247-thread-1] INFO  server.RaftServerConfigKeys (ConfUtils.java:logGet(43)) - raft.server.log.preallocated.size = 16384 (custom)
2019-10-10 04:47:03,376 [pool-247-thread-1] INFO  server.RaftServerConfigKeys (ConfUtils.java:logGet(43)) - raft.server.log.write.buffer.size = 33554432 (custom)
2019-10-10 04:47:03,376 [pool-247-thread-1] INFO  server.RaftServerConfigKeys (ConfUtils.java:logGet(43)) - raft.server.log.force.sync.num = 128 (default)
2019-10-10 04:47:03,377 [pool-247-thread-1] INFO  server.RaftServerConfigKeys (ConfUtils.java:logGet(43)) - raft.server.log.statemachine.data.sync = true (default)
2019-10-10 04:47:03,377 [pool-247-thread-1] INFO  server.RaftServerConfigKeys (ConfUtils.java:logGet(43)) - raft.server.log.statemachine.data.sync.timeout = 10s (default)
2019-10-10 04:47:03,377 [pool-247-thread-1] INFO  server.RaftServerConfigKeys (ConfUtils.java:logGet(43)) - raft.server.log.statemachine.data.sync.timeout.retry = -1 (default)
2019-10-10 04:47:03,377 [pool-247-thread-1] INFO  server.RaftServerConfigKeys (ConfUtils.java:logGet(43)) - raft.server.log.statemachine.data.caching.enabled = true (custom)
2019-10-10 04:47:03,378 [pool-247-thread-1] INFO  segmented.SegmentedRaftLogWorker (SegmentedRaftLogWorker.java:lambda$new$0(128)) - ffbf6f60-86d3-4e0d-85bc-5977624a6e04@group-1DA0CA37DC3E-SegmentedRaftLogWorker: flushIndex: setUnconditionally 0 -> -1
2019-10-10 04:47:03,378 [pool-247-thread-1] INFO  server.RaftServerConfigKeys (ConfUtils.java:logGet(43)) - raft.server.snapshot.auto.trigger.enabled = true (custom)
2019-10-10 04:47:03,378 [pool-247-thread-1] INFO  server.RaftServerConfigKeys (ConfUtils.java:logGet(43)) - raft.server.snapshot.auto.trigger.threshold = 10000 (custom)
2019-10-10 04:47:03,378 [pool-247-thread-1] INFO  server.RaftServerConfigKeys (ConfUtils.java:logGet(43)) - raft.server.snapshot.retention.file.num = 5 (custom)
2019-10-10 04:47:03,379 [pool-247-thread-1] INFO  server.RaftServerConfigKeys (ConfUtils.java:logGet(43)) - raft.server.retrycache.expirytime = 600000ms (custom)
2019-10-10 04:47:03,381 [pool-247-thread-1] INFO  impl.RaftServerImpl (RaftServerImpl.java:start(181)) - ffbf6f60-86d3-4e0d-85bc-5977624a6e04@group-1DA0CA37DC3E: start as a follower, conf=-1: [ffbf6f60-86d3-4e0d-85bc-5977624a6e04:192.168.164.237:39661], old=null
2019-10-10 04:47:03,381 [pool-247-thread-1] INFO  impl.RaftServerImpl (RaftServerImpl.java:setRole(170)) - ffbf6f60-86d3-4e0d-85bc-5977624a6e04@group-1DA0CA37DC3E: changes role from      null to FOLLOWER at term 0 for startAsFollower
2019-10-10 04:47:03,381 [pool-247-thread-1] INFO  impl.RoleInfo (RoleInfo.java:updateAndGet(143)) - ffbf6f60-86d3-4e0d-85bc-5977624a6e04: start FollowerState
2019-10-10 04:47:03,382 [pool-247-thread-1] INFO  util.JmxRegister (JmxRegister.java:tryRegister(44)) - Successfully registered JMX Bean with object name Ratis:service=RaftServer,group=group-1DA0CA37DC3E,id=ffbf6f60-86d3-4e0d-85bc-5977624a6e04
2019-10-10 04:47:03,387 [RatisPipelineUtilsThread] INFO  pipeline.PipelineStateManager (PipelineStateManager.java:addPipeline(56)) - Created pipeline Pipeline[ Id: b03e62e2-453b-48e8-aa94-1da0ca37dc3e, Nodes: ffbf6f60-86d3-4e0d-85bc-5977624a6e04{ip: 192.168.164.237, host: pr-hdds-1986-sk52v-1870103574, networkLocation: /default-rack, certSerialId: null}, Type:RATIS, Factor:ONE, State:OPEN]
2019-10-10 04:47:03,395 [grpc-default-executor-1] INFO  impl.RaftServerProxy (RaftServerProxy.java:addNew(89)) - 73eab992-ebb5-44d3-9477-5e5c7a90fb54: addNew group-26D270306EAA:[73eab992-ebb5-44d3-9477-5e5c7a90fb54:192.168.164.237:43435] returns group-26D270306EAA:java.util.concurrent.CompletableFuture@fa75f99[Not completed]
2019-10-10 04:47:03,397 [pool-257-thread-1] INFO  impl.RaftServerImpl (RaftServerImpl.java:<init>(95)) - 73eab992-ebb5-44d3-9477-5e5c7a90fb54: new RaftServerImpl for group-26D270306EAA:[73eab992-ebb5-44d3-9477-5e5c7a90fb54:192.168.164.237:43435] with ContainerStateMachine:uninitialized
2019-10-10 04:47:03,397 [pool-257-thread-1] INFO  server.RaftServerConfigKeys (ConfUtils.java:logGet(43)) - raft.server.rpc.timeout.min = 5s (custom)
2019-10-10 04:47:03,397 [pool-257-thread-1] INFO  server.RaftServerConfigKeys (ConfUtils.java:logGet(43)) - raft.server.rpc.timeout.max = 5200ms (custom)
2019-10-10 04:47:03,398 [pool-257-thread-1] INFO  server.RaftServerConfigKeys (ConfUtils.java:logGet(43)) - raft.server.rpcslowness.timeout = 120s (custom)
2019-10-10 04:47:03,398 [pool-257-thread-1] INFO  server.RaftServerConfigKeys (ConfUtils.java:logGet(43)) - raft.server.sleep.deviation.threshold = 300 (default)
2019-10-10 04:47:03,398 [pool-257-thread-1] INFO  server.RaftServerConfigKeys (ConfUtils.java:logGet(43)) - raft.server.log.appender.install.snapshot.enabled = false (custom)
2019-10-10 04:47:03,398 [pool-257-thread-1] INFO  impl.RaftServerImpl (ServerState.java:<init>(103)) - 73eab992-ebb5-44d3-9477-5e5c7a90fb54@group-26D270306EAA: ConfigurationManager, init=-1: [73eab992-ebb5-44d3-9477-5e5c7a90fb54:192.168.164.237:43435], old=null, confs=<EMPTY_MAP>
2019-10-10 04:47:03,398 [pool-257-thread-1] INFO  server.RaftServerConfigKeys (ConfUtils.java:logGet(43)) - raft.server.storage.dir = [/workdir/hadoop-ozone/integration-test/target/test-dir/MiniOzoneClusterImpl-32d9642c-dde9-4989-afb2-85b6653a764a/datanode-5/data/ratis] (custom)
2019-10-10 04:47:03,399 [pool-257-thread-1] INFO  server.RaftServerConfigKeys (ConfUtils.java:logGet(43)) - raft.server.log.corruption.policy = EXCEPTION (default)
2019-10-10 04:47:03,399 [pool-257-thread-1] INFO  storage.RaftStorageDirectory (RaftStorageDirectory.java:analyzeStorage(246)) - The storage directory /workdir/hadoop-ozone/integration-test/target/test-dir/MiniOzoneClusterImpl-32d9642c-dde9-4989-afb2-85b6653a764a/datanode-5/data/ratis/be166929-7329-4b25-876c-26d270306eaa does not exist. Creating ...
2019-10-10 04:47:03,437 [pool-257-thread-1] INFO  storage.RaftStorageDirectory (RaftStorageDirectory.java:tryLock(328)) - Lock on /workdir/hadoop-ozone/integration-test/target/test-dir/MiniOzoneClusterImpl-32d9642c-dde9-4989-afb2-85b6653a764a/datanode-5/data/ratis/be166929-7329-4b25-876c-26d270306eaa/in_use.lock acquired by nodename 16053@pr-hdds-1986-sk52v-1870103574
2019-10-10 04:47:03,458 [pool-257-thread-1] INFO  storage.RaftStorage (RaftStorage.java:format(84)) - Storage directory /workdir/hadoop-ozone/integration-test/target/test-dir/MiniOzoneClusterImpl-32d9642c-dde9-4989-afb2-85b6653a764a/datanode-5/data/ratis/be166929-7329-4b25-876c-26d270306eaa has been successfully formatted.
2019-10-10 04:47:03,458 [pool-257-thread-1] INFO  ratis.ContainerStateMachine (ContainerStateMachine.java:loadSnapshot(230)) - group-26D270306EAA: The snapshot info is null. Setting the last applied indexto:(t:0, i:~)
2019-10-10 04:47:03,458 [pool-257-thread-1] INFO  server.RaftServerConfigKeys (ConfUtils.java:logGet(43)) - raft.server.notification.no-leader.timeout = 120s (custom)
2019-10-10 04:47:03,459 [pool-257-thread-1] INFO  server.RaftServerConfigKeys (ConfUtils.java:logGet(43)) - raft.server.log.use.memory = false (default)
2019-10-10 04:47:03,459 [pool-257-thread-1] INFO  server.RaftServerConfigKeys (ConfUtils.java:logGet(43)) - raft.server.log.purge.gap = 1000000 (custom)
2019-10-10 04:47:03,459 [pool-257-thread-1] INFO  server.RaftServerConfigKeys (ConfUtils.java:logGet(43)) - raft.server.log.appender.buffer.byte-limit = 33554432 (custom)
2019-10-10 04:47:03,459 [pool-257-thread-1] INFO  server.RaftServerConfigKeys (ConfUtils.java:logGet(43)) - raft.server.log.segment.size.max = 1048576 (custom)
2019-10-10 04:47:03,462 [pool-257-thread-1] INFO  server.RaftServerConfigKeys (ConfUtils.java:logGet(43)) - raft.server.log.segment.cache.num.max = 2 (custom)
2019-10-10 04:47:03,462 [pool-257-thread-1] INFO  segmented.SegmentedRaftLogWorker (SegmentedRaftLogWorker.java:<init>(173)) - new 73eab992-ebb5-44d3-9477-5e5c7a90fb54@group-26D270306EAA-SegmentedRaftLogWorker for RaftStorage:Storage Directory /workdir/hadoop-ozone/integration-test/target/test-dir/MiniOzoneClusterImpl-32d9642c-dde9-4989-afb2-85b6653a764a/datanode-5/data/ratis/be166929-7329-4b25-876c-26d270306eaa
2019-10-10 04:47:03,462 [pool-257-thread-1] INFO  server.RaftServerConfigKeys (ConfUtils.java:logGet(43)) - raft.server.log.queue.byte-limit = 2147483647 (custom)
2019-10-10 04:47:03,462 [pool-257-thread-1] INFO  server.RaftServerConfigKeys (ConfUtils.java:logGet(43)) - raft.server.log.queue.element-limit = 1024 (custom)
2019-10-10 04:47:03,462 [pool-257-thread-1] INFO  server.RaftServerConfigKeys (ConfUtils.java:logGet(43)) - raft.server.log.segment.size.max = 1048576 (custom)
2019-10-10 04:47:03,463 [pool-257-thread-1] INFO  server.RaftServerConfigKeys (ConfUtils.java:logGet(43)) - raft.server.log.preallocated.size = 16384 (custom)
2019-10-10 04:47:03,463 [pool-257-thread-1] INFO  server.RaftServerConfigKeys (ConfUtils.java:logGet(43)) - raft.server.log.write.buffer.size = 33554432 (custom)
2019-10-10 04:47:03,463 [pool-257-thread-1] INFO  server.RaftServerConfigKeys (ConfUtils.java:logGet(43)) - raft.server.log.force.sync.num = 128 (default)
2019-10-10 04:47:03,463 [pool-257-thread-1] INFO  server.RaftServerConfigKeys (ConfUtils.java:logGet(43)) - raft.server.log.statemachine.data.sync = true (default)
2019-10-10 04:47:03,463 [pool-257-thread-1] INFO  server.RaftServerConfigKeys (ConfUtils.java:logGet(43)) - raft.server.log.statemachine.data.sync.timeout = 10s (default)
2019-10-10 04:47:03,463 [pool-257-thread-1] INFO  server.RaftServerConfigKeys (ConfUtils.java:logGet(43)) - raft.server.log.statemachine.data.sync.timeout.retry = -1 (default)
2019-10-10 04:47:03,464 [pool-257-thread-1] INFO  server.RaftServerConfigKeys (ConfUtils.java:logGet(43)) - raft.server.log.statemachine.data.caching.enabled = true (custom)
2019-10-10 04:47:03,464 [pool-257-thread-1] INFO  segmented.SegmentedRaftLogWorker (SegmentedRaftLogWorker.java:lambda$new$0(128)) - 73eab992-ebb5-44d3-9477-5e5c7a90fb54@group-26D270306EAA-SegmentedRaftLogWorker: flushIndex: setUnconditionally 0 -> -1
2019-10-10 04:47:03,465 [pool-257-thread-1] INFO  server.RaftServerConfigKeys (ConfUtils.java:logGet(43)) - raft.server.snapshot.auto.trigger.enabled = true (custom)
2019-10-10 04:47:03,465 [pool-257-thread-1] INFO  server.RaftServerConfigKeys (ConfUtils.java:logGet(43)) - raft.server.snapshot.auto.trigger.threshold = 10000 (custom)
2019-10-10 04:47:03,465 [pool-257-thread-1] INFO  server.RaftServerConfigKeys (ConfUtils.java:logGet(43)) - raft.server.snapshot.retention.file.num = 5 (custom)
2019-10-10 04:47:03,465 [pool-257-thread-1] INFO  server.RaftServerConfigKeys (ConfUtils.java:logGet(43)) - raft.server.retrycache.expirytime = 600000ms (custom)
2019-10-10 04:47:03,468 [pool-257-thread-1] INFO  impl.RaftServerImpl (RaftServerImpl.java:start(181)) - 73eab992-ebb5-44d3-9477-5e5c7a90fb54@group-26D270306EAA: start as a follower, conf=-1: [73eab992-ebb5-44d3-9477-5e5c7a90fb54:192.168.164.237:43435], old=null
2019-10-10 04:47:03,468 [pool-257-thread-1] INFO  impl.RaftServerImpl (RaftServerImpl.java:setRole(170)) - 73eab992-ebb5-44d3-9477-5e5c7a90fb54@group-26D270306EAA: changes role from      null to FOLLOWER at term 0 for startAsFollower
2019-10-10 04:47:03,468 [pool-257-thread-1] INFO  impl.RoleInfo (RoleInfo.java:updateAndGet(143)) - 73eab992-ebb5-44d3-9477-5e5c7a90fb54: start FollowerState
2019-10-10 04:47:03,468 [pool-257-thread-1] INFO  util.JmxRegister (JmxRegister.java:tryRegister(44)) - Successfully registered JMX Bean with object name Ratis:service=RaftServer,group=group-26D270306EAA,id=73eab992-ebb5-44d3-9477-5e5c7a90fb54
2019-10-10 04:47:03,474 [RatisPipelineUtilsThread] INFO  pipeline.PipelineStateManager (PipelineStateManager.java:addPipeline(56)) - Created pipeline Pipeline[ Id: be166929-7329-4b25-876c-26d270306eaa, Nodes: 73eab992-ebb5-44d3-9477-5e5c7a90fb54{ip: 192.168.164.237, host: pr-hdds-1986-sk52v-1870103574, networkLocation: /default-rack, certSerialId: null}, Type:RATIS, Factor:ONE, State:OPEN]
2019-10-10 04:47:03,490 [grpc-default-executor-1] INFO  impl.RaftServerProxy (RaftServerProxy.java:addNew(89)) - 34e3ebc0-5b5d-46dd-884a-c0cd4112c547: addNew group-FFF7E4CFCF5A:[34e3ebc0-5b5d-46dd-884a-c0cd4112c547:192.168.164.237:38118] returns group-FFF7E4CFCF5A:java.util.concurrent.CompletableFuture@51754832[Not completed]
2019-10-10 04:47:03,492 [pool-267-thread-1] INFO  impl.RaftServerImpl (RaftServerImpl.java:<init>(95)) - 34e3ebc0-5b5d-46dd-884a-c0cd4112c547: new RaftServerImpl for group-FFF7E4CFCF5A:[34e3ebc0-5b5d-46dd-884a-c0cd4112c547:192.168.164.237:38118] with ContainerStateMachine:uninitialized
2019-10-10 04:47:03,492 [pool-267-thread-1] INFO  server.RaftServerConfigKeys (ConfUtils.java:logGet(43)) - raft.server.rpc.timeout.min = 5s (custom)
2019-10-10 04:47:03,492 [pool-267-thread-1] INFO  server.RaftServerConfigKeys (ConfUtils.java:logGet(43)) - raft.server.rpc.timeout.max = 5200ms (custom)
2019-10-10 04:47:03,492 [pool-267-thread-1] INFO  server.RaftServerConfigKeys (ConfUtils.java:logGet(43)) - raft.server.rpcslowness.timeout = 120s (custom)
2019-10-10 04:47:03,492 [pool-267-thread-1] INFO  server.RaftServerConfigKeys (ConfUtils.java:logGet(43)) - raft.server.sleep.deviation.threshold = 300 (default)
2019-10-10 04:47:03,493 [pool-267-thread-1] INFO  server.RaftServerConfigKeys (ConfUtils.java:logGet(43)) - raft.server.log.appender.install.snapshot.enabled = false (custom)
2019-10-10 04:47:03,493 [pool-267-thread-1] INFO  impl.RaftServerImpl (ServerState.java:<init>(103)) - 34e3ebc0-5b5d-46dd-884a-c0cd4112c547@group-FFF7E4CFCF5A: ConfigurationManager, init=-1: [34e3ebc0-5b5d-46dd-884a-c0cd4112c547:192.168.164.237:38118], old=null, confs=<EMPTY_MAP>
2019-10-10 04:47:03,493 [pool-267-thread-1] INFO  server.RaftServerConfigKeys (ConfUtils.java:logGet(43)) - raft.server.storage.dir = [/workdir/hadoop-ozone/integration-test/target/test-dir/MiniOzoneClusterImpl-32d9642c-dde9-4989-afb2-85b6653a764a/datanode-6/data/ratis] (custom)
2019-10-10 04:47:03,493 [pool-267-thread-1] INFO  server.RaftServerConfigKeys (ConfUtils.java:logGet(43)) - raft.server.log.corruption.policy = EXCEPTION (default)
2019-10-10 04:47:03,493 [pool-267-thread-1] INFO  storage.RaftStorageDirectory (RaftStorageDirectory.java:analyzeStorage(246)) - The storage directory /workdir/hadoop-ozone/integration-test/target/test-dir/MiniOzoneClusterImpl-32d9642c-dde9-4989-afb2-85b6653a764a/datanode-6/data/ratis/11edd725-e2a8-4e58-acce-fff7e4cfcf5a does not exist. Creating ...
2019-10-10 04:47:03,528 [pool-267-thread-1] INFO  storage.RaftStorageDirectory (RaftStorageDirectory.java:tryLock(328)) - Lock on /workdir/hadoop-ozone/integration-test/target/test-dir/MiniOzoneClusterImpl-32d9642c-dde9-4989-afb2-85b6653a764a/datanode-6/data/ratis/11edd725-e2a8-4e58-acce-fff7e4cfcf5a/in_use.lock acquired by nodename 16053@pr-hdds-1986-sk52v-1870103574
2019-10-10 04:47:03,553 [pool-267-thread-1] INFO  storage.RaftStorage (RaftStorage.java:format(84)) - Storage directory /workdir/hadoop-ozone/integration-test/target/test-dir/MiniOzoneClusterImpl-32d9642c-dde9-4989-afb2-85b6653a764a/datanode-6/data/ratis/11edd725-e2a8-4e58-acce-fff7e4cfcf5a has been successfully formatted.
2019-10-10 04:47:03,554 [pool-267-thread-1] INFO  ratis.ContainerStateMachine (ContainerStateMachine.java:loadSnapshot(230)) - group-FFF7E4CFCF5A: The snapshot info is null. Setting the last applied indexto:(t:0, i:~)
2019-10-10 04:47:03,554 [pool-267-thread-1] INFO  server.RaftServerConfigKeys (ConfUtils.java:logGet(43)) - raft.server.notification.no-leader.timeout = 120s (custom)
2019-10-10 04:47:03,554 [pool-267-thread-1] INFO  server.RaftServerConfigKeys (ConfUtils.java:logGet(43)) - raft.server.log.use.memory = false (default)
2019-10-10 04:47:03,554 [pool-267-thread-1] INFO  server.RaftServerConfigKeys (ConfUtils.java:logGet(43)) - raft.server.log.purge.gap = 1000000 (custom)
2019-10-10 04:47:03,554 [pool-267-thread-1] INFO  server.RaftServerConfigKeys (ConfUtils.java:logGet(43)) - raft.server.log.appender.buffer.byte-limit = 33554432 (custom)
2019-10-10 04:47:03,555 [pool-267-thread-1] INFO  server.RaftServerConfigKeys (ConfUtils.java:logGet(43)) - raft.server.log.segment.size.max = 1048576 (custom)
2019-10-10 04:47:03,557 [pool-267-thread-1] INFO  server.RaftServerConfigKeys (ConfUtils.java:logGet(43)) - raft.server.log.segment.cache.num.max = 2 (custom)
2019-10-10 04:47:03,557 [pool-267-thread-1] INFO  segmented.SegmentedRaftLogWorker (SegmentedRaftLogWorker.java:<init>(173)) - new 34e3ebc0-5b5d-46dd-884a-c0cd4112c547@group-FFF7E4CFCF5A-SegmentedRaftLogWorker for RaftStorage:Storage Directory /workdir/hadoop-ozone/integration-test/target/test-dir/MiniOzoneClusterImpl-32d9642c-dde9-4989-afb2-85b6653a764a/datanode-6/data/ratis/11edd725-e2a8-4e58-acce-fff7e4cfcf5a
2019-10-10 04:47:03,557 [pool-267-thread-1] INFO  server.RaftServerConfigKeys (ConfUtils.java:logGet(43)) - raft.server.log.queue.byte-limit = 2147483647 (custom)
2019-10-10 04:47:03,557 [pool-267-thread-1] INFO  server.RaftServerConfigKeys (ConfUtils.java:logGet(43)) - raft.server.log.queue.element-limit = 1024 (custom)
2019-10-10 04:47:03,557 [pool-267-thread-1] INFO  server.RaftServerConfigKeys (ConfUtils.java:logGet(43)) - raft.server.log.segment.size.max = 1048576 (custom)
2019-10-10 04:47:03,557 [pool-267-thread-1] INFO  server.RaftServerConfigKeys (ConfUtils.java:logGet(43)) - raft.server.log.preallocated.size = 16384 (custom)
2019-10-10 04:47:03,557 [pool-267-thread-1] INFO  server.RaftServerConfigKeys (ConfUtils.java:logGet(43)) - raft.server.log.write.buffer.size = 33554432 (custom)
2019-10-10 04:47:03,557 [pool-267-thread-1] INFO  server.RaftServerConfigKeys (ConfUtils.java:logGet(43)) - raft.server.log.force.sync.num = 128 (default)
2019-10-10 04:47:03,558 [pool-267-thread-1] INFO  server.RaftServerConfigKeys (ConfUtils.java:logGet(43)) - raft.server.log.statemachine.data.sync = true (default)
2019-10-10 04:47:03,558 [pool-267-thread-1] INFO  server.RaftServerConfigKeys (ConfUtils.java:logGet(43)) - raft.server.log.statemachine.data.sync.timeout = 10s (default)
2019-10-10 04:47:03,558 [pool-267-thread-1] INFO  server.RaftServerConfigKeys (ConfUtils.java:logGet(43)) - raft.server.log.statemachine.data.sync.timeout.retry = -1 (default)
2019-10-10 04:47:03,558 [pool-267-thread-1] INFO  server.RaftServerConfigKeys (ConfUtils.java:logGet(43)) - raft.server.log.statemachine.data.caching.enabled = true (custom)
2019-10-10 04:47:03,559 [pool-267-thread-1] INFO  segmented.SegmentedRaftLogWorker (SegmentedRaftLogWorker.java:lambda$new$0(128)) - 34e3ebc0-5b5d-46dd-884a-c0cd4112c547@group-FFF7E4CFCF5A-SegmentedRaftLogWorker: flushIndex: setUnconditionally 0 -> -1
2019-10-10 04:47:03,559 [pool-267-thread-1] INFO  server.RaftServerConfigKeys (ConfUtils.java:logGet(43)) - raft.server.snapshot.auto.trigger.enabled = true (custom)
2019-10-10 04:47:03,559 [pool-267-thread-1] INFO  server.RaftServerConfigKeys (ConfUtils.java:logGet(43)) - raft.server.snapshot.auto.trigger.threshold = 10000 (custom)
2019-10-10 04:47:03,559 [pool-267-thread-1] INFO  server.RaftServerConfigKeys (ConfUtils.java:logGet(43)) - raft.server.snapshot.retention.file.num = 5 (custom)
2019-10-10 04:47:03,559 [pool-267-thread-1] INFO  server.RaftServerConfigKeys (ConfUtils.java:logGet(43)) - raft.server.retrycache.expirytime = 600000ms (custom)
2019-10-10 04:47:03,562 [pool-267-thread-1] INFO  impl.RaftServerImpl (RaftServerImpl.java:start(181)) - 34e3ebc0-5b5d-46dd-884a-c0cd4112c547@group-FFF7E4CFCF5A: start as a follower, conf=-1: [34e3ebc0-5b5d-46dd-884a-c0cd4112c547:192.168.164.237:38118], old=null
2019-10-10 04:47:03,562 [pool-267-thread-1] INFO  impl.RaftServerImpl (RaftServerImpl.java:setRole(170)) - 34e3ebc0-5b5d-46dd-884a-c0cd4112c547@group-FFF7E4CFCF5A: changes role from      null to FOLLOWER at term 0 for startAsFollower
2019-10-10 04:47:03,562 [pool-267-thread-1] INFO  impl.RoleInfo (RoleInfo.java:updateAndGet(143)) - 34e3ebc0-5b5d-46dd-884a-c0cd4112c547: start FollowerState
2019-10-10 04:47:03,562 [pool-267-thread-1] INFO  util.JmxRegister (JmxRegister.java:tryRegister(44)) - Successfully registered JMX Bean with object name Ratis:service=RaftServer,group=group-FFF7E4CFCF5A,id=34e3ebc0-5b5d-46dd-884a-c0cd4112c547
2019-10-10 04:47:03,566 [RatisPipelineUtilsThread] INFO  pipeline.PipelineStateManager (PipelineStateManager.java:addPipeline(56)) - Created pipeline Pipeline[ Id: 11edd725-e2a8-4e58-acce-fff7e4cfcf5a, Nodes: 34e3ebc0-5b5d-46dd-884a-c0cd4112c547{ip: 192.168.164.237, host: pr-hdds-1986-sk52v-1870103574, networkLocation: /default-rack, certSerialId: null}, Type:RATIS, Factor:ONE, State:OPEN]
2019-10-10 04:47:03,574 [grpc-default-executor-1] INFO  impl.RaftServerProxy (RaftServerProxy.java:addNew(89)) - 5cd7ea00-4a37-4d2d-a123-7944377dc649: addNew group-20B6CA511BC1:[5cd7ea00-4a37-4d2d-a123-7944377dc649:192.168.164.237:33519] returns group-20B6CA511BC1:java.util.concurrent.CompletableFuture@2d3ac78d[Not completed]
2019-10-10 04:47:03,576 [pool-227-thread-1] INFO  impl.RaftServerImpl (RaftServerImpl.java:<init>(95)) - 5cd7ea00-4a37-4d2d-a123-7944377dc649: new RaftServerImpl for group-20B6CA511BC1:[5cd7ea00-4a37-4d2d-a123-7944377dc649:192.168.164.237:33519] with ContainerStateMachine:uninitialized
2019-10-10 04:47:03,576 [pool-227-thread-1] INFO  server.RaftServerConfigKeys (ConfUtils.java:logGet(43)) - raft.server.rpc.timeout.min = 5s (custom)
2019-10-10 04:47:03,576 [pool-227-thread-1] INFO  server.RaftServerConfigKeys (ConfUtils.java:logGet(43)) - raft.server.rpc.timeout.max = 5200ms (custom)
2019-10-10 04:47:03,576 [pool-227-thread-1] INFO  server.RaftServerConfigKeys (ConfUtils.java:logGet(43)) - raft.server.rpcslowness.timeout = 120s (custom)
2019-10-10 04:47:03,576 [pool-227-thread-1] INFO  server.RaftServerConfigKeys (ConfUtils.java:logGet(43)) - raft.server.sleep.deviation.threshold = 300 (default)
2019-10-10 04:47:03,576 [pool-227-thread-1] INFO  server.RaftServerConfigKeys (ConfUtils.java:logGet(43)) - raft.server.log.appender.install.snapshot.enabled = false (custom)
2019-10-10 04:47:03,576 [pool-227-thread-1] INFO  impl.RaftServerImpl (ServerState.java:<init>(103)) - 5cd7ea00-4a37-4d2d-a123-7944377dc649@group-20B6CA511BC1: ConfigurationManager, init=-1: [5cd7ea00-4a37-4d2d-a123-7944377dc649:192.168.164.237:33519], old=null, confs=<EMPTY_MAP>
2019-10-10 04:47:03,576 [pool-227-thread-1] INFO  server.RaftServerConfigKeys (ConfUtils.java:logGet(43)) - raft.server.storage.dir = [/workdir/hadoop-ozone/integration-test/target/test-dir/MiniOzoneClusterImpl-32d9642c-dde9-4989-afb2-85b6653a764a/datanode-2/data/ratis] (custom)
2019-10-10 04:47:03,577 [pool-227-thread-1] INFO  server.RaftServerConfigKeys (ConfUtils.java:logGet(43)) - raft.server.log.corruption.policy = EXCEPTION (default)
2019-10-10 04:47:03,577 [pool-227-thread-1] INFO  storage.RaftStorageDirectory (RaftStorageDirectory.java:analyzeStorage(246)) - The storage directory /workdir/hadoop-ozone/integration-test/target/test-dir/MiniOzoneClusterImpl-32d9642c-dde9-4989-afb2-85b6653a764a/datanode-2/data/ratis/40ad0ad8-577d-4186-b718-20b6ca511bc1 does not exist. Creating ...
2019-10-10 04:47:03,607 [pool-227-thread-1] INFO  storage.RaftStorageDirectory (RaftStorageDirectory.java:tryLock(328)) - Lock on /workdir/hadoop-ozone/integration-test/target/test-dir/MiniOzoneClusterImpl-32d9642c-dde9-4989-afb2-85b6653a764a/datanode-2/data/ratis/40ad0ad8-577d-4186-b718-20b6ca511bc1/in_use.lock acquired by nodename 16053@pr-hdds-1986-sk52v-1870103574
2019-10-10 04:47:03,649 [pool-227-thread-1] INFO  storage.RaftStorage (RaftStorage.java:format(84)) - Storage directory /workdir/hadoop-ozone/integration-test/target/test-dir/MiniOzoneClusterImpl-32d9642c-dde9-4989-afb2-85b6653a764a/datanode-2/data/ratis/40ad0ad8-577d-4186-b718-20b6ca511bc1 has been successfully formatted.
2019-10-10 04:47:03,649 [pool-227-thread-1] INFO  ratis.ContainerStateMachine (ContainerStateMachine.java:loadSnapshot(230)) - group-20B6CA511BC1: The snapshot info is null. Setting the last applied indexto:(t:0, i:~)
2019-10-10 04:47:03,649 [pool-227-thread-1] INFO  server.RaftServerConfigKeys (ConfUtils.java:logGet(43)) - raft.server.notification.no-leader.timeout = 120s (custom)
2019-10-10 04:47:03,650 [pool-227-thread-1] INFO  server.RaftServerConfigKeys (ConfUtils.java:logGet(43)) - raft.server.log.use.memory = false (default)
2019-10-10 04:47:03,650 [pool-227-thread-1] INFO  server.RaftServerConfigKeys (ConfUtils.java:logGet(43)) - raft.server.log.purge.gap = 1000000 (custom)
2019-10-10 04:47:03,650 [pool-227-thread-1] INFO  server.RaftServerConfigKeys (ConfUtils.java:logGet(43)) - raft.server.log.appender.buffer.byte-limit = 33554432 (custom)
2019-10-10 04:47:03,650 [pool-227-thread-1] INFO  server.RaftServerConfigKeys (ConfUtils.java:logGet(43)) - raft.server.log.segment.size.max = 1048576 (custom)
2019-10-10 04:47:03,651 [pool-227-thread-1] INFO  server.RaftServerConfigKeys (ConfUtils.java:logGet(43)) - raft.server.log.segment.cache.num.max = 2 (custom)
2019-10-10 04:47:03,652 [pool-227-thread-1] INFO  segmented.SegmentedRaftLogWorker (SegmentedRaftLogWorker.java:<init>(173)) - new 5cd7ea00-4a37-4d2d-a123-7944377dc649@group-20B6CA511BC1-SegmentedRaftLogWorker for RaftStorage:Storage Directory /workdir/hadoop-ozone/integration-test/target/test-dir/MiniOzoneClusterImpl-32d9642c-dde9-4989-afb2-85b6653a764a/datanode-2/data/ratis/40ad0ad8-577d-4186-b718-20b6ca511bc1
2019-10-10 04:47:03,652 [pool-227-thread-1] INFO  server.RaftServerConfigKeys (ConfUtils.java:logGet(43)) - raft.server.log.queue.byte-limit = 2147483647 (custom)
2019-10-10 04:47:03,652 [pool-227-thread-1] INFO  server.RaftServerConfigKeys (ConfUtils.java:logGet(43)) - raft.server.log.queue.element-limit = 1024 (custom)
2019-10-10 04:47:03,652 [pool-227-thread-1] INFO  server.RaftServerConfigKeys (ConfUtils.java:logGet(43)) - raft.server.log.segment.size.max = 1048576 (custom)
2019-10-10 04:47:03,652 [pool-227-thread-1] INFO  server.RaftServerConfigKeys (ConfUtils.java:logGet(43)) - raft.server.log.preallocated.size = 16384 (custom)
2019-10-10 04:47:03,652 [pool-227-thread-1] INFO  server.RaftServerConfigKeys (ConfUtils.java:logGet(43)) - raft.server.log.write.buffer.size = 33554432 (custom)
2019-10-10 04:47:03,652 [pool-227-thread-1] INFO  server.RaftServerConfigKeys (ConfUtils.java:logGet(43)) - raft.server.log.force.sync.num = 128 (default)
2019-10-10 04:47:03,652 [pool-227-thread-1] INFO  server.RaftServerConfigKeys (ConfUtils.java:logGet(43)) - raft.server.log.statemachine.data.sync = true (default)
2019-10-10 04:47:03,653 [pool-227-thread-1] INFO  server.RaftServerConfigKeys (ConfUtils.java:logGet(43)) - raft.server.log.statemachine.data.sync.timeout = 10s (default)
2019-10-10 04:47:03,653 [pool-227-thread-1] INFO  server.RaftServerConfigKeys (ConfUtils.java:logGet(43)) - raft.server.log.statemachine.data.sync.timeout.retry = -1 (default)
2019-10-10 04:47:03,653 [pool-227-thread-1] INFO  server.RaftServerConfigKeys (ConfUtils.java:logGet(43)) - raft.server.log.statemachine.data.caching.enabled = true (custom)
2019-10-10 04:47:03,653 [pool-227-thread-1] INFO  segmented.SegmentedRaftLogWorker (SegmentedRaftLogWorker.java:lambda$new$0(128)) - 5cd7ea00-4a37-4d2d-a123-7944377dc649@group-20B6CA511BC1-SegmentedRaftLogWorker: flushIndex: setUnconditionally 0 -> -1
2019-10-10 04:47:03,654 [pool-227-thread-1] INFO  server.RaftServerConfigKeys (ConfUtils.java:logGet(43)) - raft.server.snapshot.auto.trigger.enabled = true (custom)
2019-10-10 04:47:03,654 [pool-227-thread-1] INFO  server.RaftServerConfigKeys (ConfUtils.java:logGet(43)) - raft.server.snapshot.auto.trigger.threshold = 10000 (custom)
2019-10-10 04:47:03,654 [pool-227-thread-1] INFO  server.RaftServerConfigKeys (ConfUtils.java:logGet(43)) - raft.server.snapshot.retention.file.num = 5 (custom)
2019-10-10 04:47:03,654 [pool-227-thread-1] INFO  server.RaftServerConfigKeys (ConfUtils.java:logGet(43)) - raft.server.retrycache.expirytime = 600000ms (custom)
2019-10-10 04:47:03,656 [pool-227-thread-1] INFO  impl.RaftServerImpl (RaftServerImpl.java:start(181)) - 5cd7ea00-4a37-4d2d-a123-7944377dc649@group-20B6CA511BC1: start as a follower, conf=-1: [5cd7ea00-4a37-4d2d-a123-7944377dc649:192.168.164.237:33519], old=null
2019-10-10 04:47:03,656 [pool-227-thread-1] INFO  impl.RaftServerImpl (RaftServerImpl.java:setRole(170)) - 5cd7ea00-4a37-4d2d-a123-7944377dc649@group-20B6CA511BC1: changes role from      null to FOLLOWER at term 0 for startAsFollower
2019-10-10 04:47:03,656 [pool-227-thread-1] INFO  impl.RoleInfo (RoleInfo.java:updateAndGet(143)) - 5cd7ea00-4a37-4d2d-a123-7944377dc649: start FollowerState
2019-10-10 04:47:03,656 [pool-227-thread-1] INFO  util.JmxRegister (JmxRegister.java:tryRegister(44)) - Successfully registered JMX Bean with object name Ratis:service=RaftServer,group=group-20B6CA511BC1,id=5cd7ea00-4a37-4d2d-a123-7944377dc649
2019-10-10 04:47:03,661 [RatisPipelineUtilsThread] INFO  pipeline.PipelineStateManager (PipelineStateManager.java:addPipeline(56)) - Created pipeline Pipeline[ Id: 40ad0ad8-577d-4186-b718-20b6ca511bc1, Nodes: 5cd7ea00-4a37-4d2d-a123-7944377dc649{ip: 192.168.164.237, host: pr-hdds-1986-sk52v-1870103574, networkLocation: /default-rack, certSerialId: null}, Type:RATIS, Factor:ONE, State:OPEN]
2019-10-10 04:47:03,676 [grpc-default-executor-3] INFO  impl.RaftServerProxy (RaftServerProxy.java:addNew(89)) - 73eab992-ebb5-44d3-9477-5e5c7a90fb54: addNew group-E9B6FFDBC393:[34e3ebc0-5b5d-46dd-884a-c0cd4112c547:192.168.164.237:38118, ffbf6f60-86d3-4e0d-85bc-5977624a6e04:192.168.164.237:39661, 73eab992-ebb5-44d3-9477-5e5c7a90fb54:192.168.164.237:43435] returns group-E9B6FFDBC393:java.util.concurrent.CompletableFuture@675566c5[Not completed]
2019-10-10 04:47:03,679 [grpc-default-executor-5] INFO  impl.RaftServerProxy (RaftServerProxy.java:addNew(89)) - 34e3ebc0-5b5d-46dd-884a-c0cd4112c547: addNew group-E9B6FFDBC393:[34e3ebc0-5b5d-46dd-884a-c0cd4112c547:192.168.164.237:38118, ffbf6f60-86d3-4e0d-85bc-5977624a6e04:192.168.164.237:39661, 73eab992-ebb5-44d3-9477-5e5c7a90fb54:192.168.164.237:43435] returns group-E9B6FFDBC393:java.util.concurrent.CompletableFuture@72e3d31e[Not completed]
2019-10-10 04:47:03,676 [grpc-default-executor-1] INFO  impl.RaftServerProxy (RaftServerProxy.java:addNew(89)) - ffbf6f60-86d3-4e0d-85bc-5977624a6e04: addNew group-E9B6FFDBC393:[34e3ebc0-5b5d-46dd-884a-c0cd4112c547:192.168.164.237:38118, ffbf6f60-86d3-4e0d-85bc-5977624a6e04:192.168.164.237:39661, 73eab992-ebb5-44d3-9477-5e5c7a90fb54:192.168.164.237:43435] returns group-E9B6FFDBC393:java.util.concurrent.CompletableFuture@6ea6c112[Not completed]
2019-10-10 04:47:03,680 [pool-257-thread-1] INFO  impl.RaftServerImpl (RaftServerImpl.java:<init>(95)) - 73eab992-ebb5-44d3-9477-5e5c7a90fb54: new RaftServerImpl for group-E9B6FFDBC393:[34e3ebc0-5b5d-46dd-884a-c0cd4112c547:192.168.164.237:38118, ffbf6f60-86d3-4e0d-85bc-5977624a6e04:192.168.164.237:39661, 73eab992-ebb5-44d3-9477-5e5c7a90fb54:192.168.164.237:43435] with ContainerStateMachine:uninitialized
2019-10-10 04:47:03,681 [pool-257-thread-1] INFO  server.RaftServerConfigKeys (ConfUtils.java:logGet(43)) - raft.server.rpc.timeout.min = 5s (custom)
2019-10-10 04:47:03,681 [pool-257-thread-1] INFO  server.RaftServerConfigKeys (ConfUtils.java:logGet(43)) - raft.server.rpc.timeout.max = 5200ms (custom)
2019-10-10 04:47:03,681 [pool-257-thread-1] INFO  server.RaftServerConfigKeys (ConfUtils.java:logGet(43)) - raft.server.rpcslowness.timeout = 120s (custom)
2019-10-10 04:47:03,681 [pool-257-thread-1] INFO  server.RaftServerConfigKeys (ConfUtils.java:logGet(43)) - raft.server.sleep.deviation.threshold = 300 (default)
2019-10-10 04:47:03,681 [pool-257-thread-1] INFO  server.RaftServerConfigKeys (ConfUtils.java:logGet(43)) - raft.server.log.appender.install.snapshot.enabled = false (custom)
2019-10-10 04:47:03,681 [pool-257-thread-1] INFO  impl.RaftServerImpl (ServerState.java:<init>(103)) - 73eab992-ebb5-44d3-9477-5e5c7a90fb54@group-E9B6FFDBC393: ConfigurationManager, init=-1: [34e3ebc0-5b5d-46dd-884a-c0cd4112c547:192.168.164.237:38118, ffbf6f60-86d3-4e0d-85bc-5977624a6e04:192.168.164.237:39661, 73eab992-ebb5-44d3-9477-5e5c7a90fb54:192.168.164.237:43435], old=null, confs=<EMPTY_MAP>
2019-10-10 04:47:03,681 [pool-267-thread-1] INFO  impl.RaftServerImpl (RaftServerImpl.java:<init>(95)) - 34e3ebc0-5b5d-46dd-884a-c0cd4112c547: new RaftServerImpl for group-E9B6FFDBC393:[34e3ebc0-5b5d-46dd-884a-c0cd4112c547:192.168.164.237:38118, ffbf6f60-86d3-4e0d-85bc-5977624a6e04:192.168.164.237:39661, 73eab992-ebb5-44d3-9477-5e5c7a90fb54:192.168.164.237:43435] with ContainerStateMachine:uninitialized
2019-10-10 04:47:03,681 [pool-257-thread-1] INFO  server.RaftServerConfigKeys (ConfUtils.java:logGet(43)) - raft.server.storage.dir = [/workdir/hadoop-ozone/integration-test/target/test-dir/MiniOzoneClusterImpl-32d9642c-dde9-4989-afb2-85b6653a764a/datanode-5/data/ratis] (custom)
2019-10-10 04:47:03,681 [pool-267-thread-1] INFO  server.RaftServerConfigKeys (ConfUtils.java:logGet(43)) - raft.server.rpc.timeout.min = 5s (custom)
2019-10-10 04:47:03,682 [pool-257-thread-1] INFO  server.RaftServerConfigKeys (ConfUtils.java:logGet(43)) - raft.server.log.corruption.policy = EXCEPTION (default)
2019-10-10 04:47:03,682 [pool-267-thread-1] INFO  server.RaftServerConfigKeys (ConfUtils.java:logGet(43)) - raft.server.rpc.timeout.max = 5200ms (custom)
2019-10-10 04:47:03,682 [pool-257-thread-1] INFO  storage.RaftStorageDirectory (RaftStorageDirectory.java:analyzeStorage(246)) - The storage directory /workdir/hadoop-ozone/integration-test/target/test-dir/MiniOzoneClusterImpl-32d9642c-dde9-4989-afb2-85b6653a764a/datanode-5/data/ratis/4b01233a-42c7-4472-9c35-e9b6ffdbc393 does not exist. Creating ...
2019-10-10 04:47:03,682 [pool-267-thread-1] INFO  server.RaftServerConfigKeys (ConfUtils.java:logGet(43)) - raft.server.rpcslowness.timeout = 120s (custom)
2019-10-10 04:47:03,682 [pool-247-thread-1] INFO  impl.RaftServerImpl (RaftServerImpl.java:<init>(95)) - ffbf6f60-86d3-4e0d-85bc-5977624a6e04: new RaftServerImpl for group-E9B6FFDBC393:[34e3ebc0-5b5d-46dd-884a-c0cd4112c547:192.168.164.237:38118, ffbf6f60-86d3-4e0d-85bc-5977624a6e04:192.168.164.237:39661, 73eab992-ebb5-44d3-9477-5e5c7a90fb54:192.168.164.237:43435] with ContainerStateMachine:uninitialized
2019-10-10 04:47:03,682 [pool-267-thread-1] INFO  server.RaftServerConfigKeys (ConfUtils.java:logGet(43)) - raft.server.sleep.deviation.threshold = 300 (default)
2019-10-10 04:47:03,682 [pool-247-thread-1] INFO  server.RaftServerConfigKeys (ConfUtils.java:logGet(43)) - raft.server.rpc.timeout.min = 5s (custom)
2019-10-10 04:47:03,682 [pool-267-thread-1] INFO  server.RaftServerConfigKeys (ConfUtils.java:logGet(43)) - raft.server.log.appender.install.snapshot.enabled = false (custom)
2019-10-10 04:47:03,682 [pool-247-thread-1] INFO  server.RaftServerConfigKeys (ConfUtils.java:logGet(43)) - raft.server.rpc.timeout.max = 5200ms (custom)
2019-10-10 04:47:03,683 [pool-267-thread-1] INFO  impl.RaftServerImpl (ServerState.java:<init>(103)) - 34e3ebc0-5b5d-46dd-884a-c0cd4112c547@group-E9B6FFDBC393: ConfigurationManager, init=-1: [34e3ebc0-5b5d-46dd-884a-c0cd4112c547:192.168.164.237:38118, ffbf6f60-86d3-4e0d-85bc-5977624a6e04:192.168.164.237:39661, 73eab992-ebb5-44d3-9477-5e5c7a90fb54:192.168.164.237:43435], old=null, confs=<EMPTY_MAP>
2019-10-10 04:47:03,683 [pool-247-thread-1] INFO  server.RaftServerConfigKeys (ConfUtils.java:logGet(43)) - raft.server.rpcslowness.timeout = 120s (custom)
2019-10-10 04:47:03,683 [pool-267-thread-1] INFO  server.RaftServerConfigKeys (ConfUtils.java:logGet(43)) - raft.server.storage.dir = [/workdir/hadoop-ozone/integration-test/target/test-dir/MiniOzoneClusterImpl-32d9642c-dde9-4989-afb2-85b6653a764a/datanode-6/data/ratis] (custom)
2019-10-10 04:47:03,683 [pool-247-thread-1] INFO  server.RaftServerConfigKeys (ConfUtils.java:logGet(43)) - raft.server.sleep.deviation.threshold = 300 (default)
2019-10-10 04:47:03,683 [pool-247-thread-1] INFO  server.RaftServerConfigKeys (ConfUtils.java:logGet(43)) - raft.server.log.appender.install.snapshot.enabled = false (custom)
2019-10-10 04:47:03,683 [pool-267-thread-1] INFO  server.RaftServerConfigKeys (ConfUtils.java:logGet(43)) - raft.server.log.corruption.policy = EXCEPTION (default)
2019-10-10 04:47:03,683 [pool-247-thread-1] INFO  impl.RaftServerImpl (ServerState.java:<init>(103)) - ffbf6f60-86d3-4e0d-85bc-5977624a6e04@group-E9B6FFDBC393: ConfigurationManager, init=-1: [34e3ebc0-5b5d-46dd-884a-c0cd4112c547:192.168.164.237:38118, ffbf6f60-86d3-4e0d-85bc-5977624a6e04:192.168.164.237:39661, 73eab992-ebb5-44d3-9477-5e5c7a90fb54:192.168.164.237:43435], old=null, confs=<EMPTY_MAP>
2019-10-10 04:47:03,684 [pool-267-thread-1] INFO  storage.RaftStorageDirectory (RaftStorageDirectory.java:analyzeStorage(246)) - The storage directory /workdir/hadoop-ozone/integration-test/target/test-dir/MiniOzoneClusterImpl-32d9642c-dde9-4989-afb2-85b6653a764a/datanode-6/data/ratis/4b01233a-42c7-4472-9c35-e9b6ffdbc393 does not exist. Creating ...
2019-10-10 04:47:03,684 [pool-247-thread-1] INFO  server.RaftServerConfigKeys (ConfUtils.java:logGet(43)) - raft.server.storage.dir = [/workdir/hadoop-ozone/integration-test/target/test-dir/MiniOzoneClusterImpl-32d9642c-dde9-4989-afb2-85b6653a764a/datanode-4/data/ratis] (custom)
2019-10-10 04:47:03,684 [pool-247-thread-1] INFO  server.RaftServerConfigKeys (ConfUtils.java:logGet(43)) - raft.server.log.corruption.policy = EXCEPTION (default)
2019-10-10 04:47:03,684 [pool-247-thread-1] INFO  storage.RaftStorageDirectory (RaftStorageDirectory.java:analyzeStorage(246)) - The storage directory /workdir/hadoop-ozone/integration-test/target/test-dir/MiniOzoneClusterImpl-32d9642c-dde9-4989-afb2-85b6653a764a/datanode-4/data/ratis/4b01233a-42c7-4472-9c35-e9b6ffdbc393 does not exist. Creating ...
2019-10-10 04:47:03,741 [pool-267-thread-1] INFO  storage.RaftStorageDirectory (RaftStorageDirectory.java:tryLock(328)) - Lock on /workdir/hadoop-ozone/integration-test/target/test-dir/MiniOzoneClusterImpl-32d9642c-dde9-4989-afb2-85b6653a764a/datanode-6/data/ratis/4b01233a-42c7-4472-9c35-e9b6ffdbc393/in_use.lock acquired by nodename 16053@pr-hdds-1986-sk52v-1870103574
2019-10-10 04:47:03,741 [pool-257-thread-1] INFO  storage.RaftStorageDirectory (RaftStorageDirectory.java:tryLock(328)) - Lock on /workdir/hadoop-ozone/integration-test/target/test-dir/MiniOzoneClusterImpl-32d9642c-dde9-4989-afb2-85b6653a764a/datanode-5/data/ratis/4b01233a-42c7-4472-9c35-e9b6ffdbc393/in_use.lock acquired by nodename 16053@pr-hdds-1986-sk52v-1870103574
2019-10-10 04:47:03,741 [pool-247-thread-1] INFO  storage.RaftStorageDirectory (RaftStorageDirectory.java:tryLock(328)) - Lock on /workdir/hadoop-ozone/integration-test/target/test-dir/MiniOzoneClusterImpl-32d9642c-dde9-4989-afb2-85b6653a764a/datanode-4/data/ratis/4b01233a-42c7-4472-9c35-e9b6ffdbc393/in_use.lock acquired by nodename 16053@pr-hdds-1986-sk52v-1870103574
2019-10-10 04:47:03,792 [pool-247-thread-1] INFO  storage.RaftStorage (RaftStorage.java:format(84)) - Storage directory /workdir/hadoop-ozone/integration-test/target/test-dir/MiniOzoneClusterImpl-32d9642c-dde9-4989-afb2-85b6653a764a/datanode-4/data/ratis/4b01233a-42c7-4472-9c35-e9b6ffdbc393 has been successfully formatted.
2019-10-10 04:47:03,792 [pool-267-thread-1] INFO  storage.RaftStorage (RaftStorage.java:format(84)) - Storage directory /workdir/hadoop-ozone/integration-test/target/test-dir/MiniOzoneClusterImpl-32d9642c-dde9-4989-afb2-85b6653a764a/datanode-6/data/ratis/4b01233a-42c7-4472-9c35-e9b6ffdbc393 has been successfully formatted.
2019-10-10 04:47:03,792 [pool-257-thread-1] INFO  storage.RaftStorage (RaftStorage.java:format(84)) - Storage directory /workdir/hadoop-ozone/integration-test/target/test-dir/MiniOzoneClusterImpl-32d9642c-dde9-4989-afb2-85b6653a764a/datanode-5/data/ratis/4b01233a-42c7-4472-9c35-e9b6ffdbc393 has been successfully formatted.
2019-10-10 04:47:03,793 [pool-267-thread-1] INFO  ratis.ContainerStateMachine (ContainerStateMachine.java:loadSnapshot(230)) - group-E9B6FFDBC393: The snapshot info is null. Setting the last applied indexto:(t:0, i:~)
2019-10-10 04:47:03,793 [pool-257-thread-1] INFO  ratis.ContainerStateMachine (ContainerStateMachine.java:loadSnapshot(230)) - group-E9B6FFDBC393: The snapshot info is null. Setting the last applied indexto:(t:0, i:~)
2019-10-10 04:47:03,793 [pool-257-thread-1] INFO  server.RaftServerConfigKeys (ConfUtils.java:logGet(43)) - raft.server.notification.no-leader.timeout = 120s (custom)
2019-10-10 04:47:03,792 [pool-247-thread-1] INFO  ratis.ContainerStateMachine (ContainerStateMachine.java:loadSnapshot(230)) - group-E9B6FFDBC393: The snapshot info is null. Setting the last applied indexto:(t:0, i:~)
2019-10-10 04:47:03,793 [pool-257-thread-1] INFO  server.RaftServerConfigKeys (ConfUtils.java:logGet(43)) - raft.server.log.use.memory = false (default)
2019-10-10 04:47:03,793 [pool-267-thread-1] INFO  server.RaftServerConfigKeys (ConfUtils.java:logGet(43)) - raft.server.notification.no-leader.timeout = 120s (custom)
2019-10-10 04:47:03,793 [pool-257-thread-1] INFO  server.RaftServerConfigKeys (ConfUtils.java:logGet(43)) - raft.server.log.purge.gap = 1000000 (custom)
2019-10-10 04:47:03,794 [pool-257-thread-1] INFO  server.RaftServerConfigKeys (ConfUtils.java:logGet(43)) - raft.server.log.appender.buffer.byte-limit = 33554432 (custom)
2019-10-10 04:47:03,793 [pool-247-thread-1] INFO  server.RaftServerConfigKeys (ConfUtils.java:logGet(43)) - raft.server.notification.no-leader.timeout = 120s (custom)
2019-10-10 04:47:03,794 [pool-257-thread-1] INFO  server.RaftServerConfigKeys (ConfUtils.java:logGet(43)) - raft.server.log.segment.size.max = 1048576 (custom)
2019-10-10 04:47:03,794 [pool-267-thread-1] INFO  server.RaftServerConfigKeys (ConfUtils.java:logGet(43)) - raft.server.log.use.memory = false (default)
2019-10-10 04:47:03,794 [pool-257-thread-1] INFO  server.RaftServerConfigKeys (ConfUtils.java:logGet(43)) - raft.server.log.segment.cache.num.max = 2 (custom)
2019-10-10 04:47:03,794 [pool-247-thread-1] INFO  server.RaftServerConfigKeys (ConfUtils.java:logGet(43)) - raft.server.log.use.memory = false (default)
2019-10-10 04:47:03,795 [pool-257-thread-1] INFO  segmented.SegmentedRaftLogWorker (SegmentedRaftLogWorker.java:<init>(173)) - new 73eab992-ebb5-44d3-9477-5e5c7a90fb54@group-E9B6FFDBC393-SegmentedRaftLogWorker for RaftStorage:Storage Directory /workdir/hadoop-ozone/integration-test/target/test-dir/MiniOzoneClusterImpl-32d9642c-dde9-4989-afb2-85b6653a764a/datanode-5/data/ratis/4b01233a-42c7-4472-9c35-e9b6ffdbc393
2019-10-10 04:47:03,794 [pool-267-thread-1] INFO  server.RaftServerConfigKeys (ConfUtils.java:logGet(43)) - raft.server.log.purge.gap = 1000000 (custom)
2019-10-10 04:47:03,795 [pool-257-thread-1] INFO  server.RaftServerConfigKeys (ConfUtils.java:logGet(43)) - raft.server.log.queue.byte-limit = 2147483647 (custom)
2019-10-10 04:47:03,795 [pool-257-thread-1] INFO  server.RaftServerConfigKeys (ConfUtils.java:logGet(43)) - raft.server.log.queue.element-limit = 1024 (custom)
2019-10-10 04:47:03,795 [pool-247-thread-1] INFO  server.RaftServerConfigKeys (ConfUtils.java:logGet(43)) - raft.server.log.purge.gap = 1000000 (custom)
2019-10-10 04:47:03,795 [pool-257-thread-1] INFO  server.RaftServerConfigKeys (ConfUtils.java:logGet(43)) - raft.server.log.segment.size.max = 1048576 (custom)
2019-10-10 04:47:03,796 [pool-257-thread-1] INFO  server.RaftServerConfigKeys (ConfUtils.java:logGet(43)) - raft.server.log.preallocated.size = 16384 (custom)
2019-10-10 04:47:03,795 [pool-267-thread-1] INFO  server.RaftServerConfigKeys (ConfUtils.java:logGet(43)) - raft.server.log.appender.buffer.byte-limit = 33554432 (custom)
2019-10-10 04:47:03,796 [pool-257-thread-1] INFO  server.RaftServerConfigKeys (ConfUtils.java:logGet(43)) - raft.server.log.write.buffer.size = 33554432 (custom)
2019-10-10 04:47:03,796 [pool-257-thread-1] INFO  server.RaftServerConfigKeys (ConfUtils.java:logGet(43)) - raft.server.log.force.sync.num = 128 (default)
2019-10-10 04:47:03,795 [pool-247-thread-1] INFO  server.RaftServerConfigKeys (ConfUtils.java:logGet(43)) - raft.server.log.appender.buffer.byte-limit = 33554432 (custom)
2019-10-10 04:47:03,796 [pool-257-thread-1] INFO  server.RaftServerConfigKeys (ConfUtils.java:logGet(43)) - raft.server.log.statemachine.data.sync = true (default)
2019-10-10 04:47:03,797 [pool-257-thread-1] INFO  server.RaftServerConfigKeys (ConfUtils.java:logGet(43)) - raft.server.log.statemachine.data.sync.timeout = 10s (default)
2019-10-10 04:47:03,796 [pool-267-thread-1] INFO  server.RaftServerConfigKeys (ConfUtils.java:logGet(43)) - raft.server.log.segment.size.max = 1048576 (custom)
2019-10-10 04:47:03,797 [pool-257-thread-1] INFO  server.RaftServerConfigKeys (ConfUtils.java:logGet(43)) - raft.server.log.statemachine.data.sync.timeout.retry = -1 (default)
2019-10-10 04:47:03,796 [pool-247-thread-1] INFO  server.RaftServerConfigKeys (ConfUtils.java:logGet(43)) - raft.server.log.segment.size.max = 1048576 (custom)
2019-10-10 04:47:03,797 [pool-257-thread-1] INFO  server.RaftServerConfigKeys (ConfUtils.java:logGet(43)) - raft.server.log.statemachine.data.caching.enabled = true (custom)
2019-10-10 04:47:03,797 [pool-267-thread-1] INFO  server.RaftServerConfigKeys (ConfUtils.java:logGet(43)) - raft.server.log.segment.cache.num.max = 2 (custom)
2019-10-10 04:47:03,797 [pool-247-thread-1] INFO  server.RaftServerConfigKeys (ConfUtils.java:logGet(43)) - raft.server.log.segment.cache.num.max = 2 (custom)
2019-10-10 04:47:03,798 [pool-257-thread-1] INFO  segmented.SegmentedRaftLogWorker (SegmentedRaftLogWorker.java:lambda$new$0(128)) - 73eab992-ebb5-44d3-9477-5e5c7a90fb54@group-E9B6FFDBC393-SegmentedRaftLogWorker: flushIndex: setUnconditionally 0 -> -1
2019-10-10 04:47:03,798 [pool-267-thread-1] INFO  segmented.SegmentedRaftLogWorker (SegmentedRaftLogWorker.java:<init>(173)) - new 34e3ebc0-5b5d-46dd-884a-c0cd4112c547@group-E9B6FFDBC393-SegmentedRaftLogWorker for RaftStorage:Storage Directory /workdir/hadoop-ozone/integration-test/target/test-dir/MiniOzoneClusterImpl-32d9642c-dde9-4989-afb2-85b6653a764a/datanode-6/data/ratis/4b01233a-42c7-4472-9c35-e9b6ffdbc393
2019-10-10 04:47:03,798 [pool-247-thread-1] INFO  segmented.SegmentedRaftLogWorker (SegmentedRaftLogWorker.java:<init>(173)) - new ffbf6f60-86d3-4e0d-85bc-5977624a6e04@group-E9B6FFDBC393-SegmentedRaftLogWorker for RaftStorage:Storage Directory /workdir/hadoop-ozone/integration-test/target/test-dir/MiniOzoneClusterImpl-32d9642c-dde9-4989-afb2-85b6653a764a/datanode-4/data/ratis/4b01233a-42c7-4472-9c35-e9b6ffdbc393
2019-10-10 04:47:03,798 [pool-257-thread-1] INFO  server.RaftServerConfigKeys (ConfUtils.java:logGet(43)) - raft.server.snapshot.auto.trigger.enabled = true (custom)
2019-10-10 04:47:03,798 [pool-267-thread-1] INFO  server.RaftServerConfigKeys (ConfUtils.java:logGet(43)) - raft.server.log.queue.byte-limit = 2147483647 (custom)
2019-10-10 04:47:03,798 [pool-257-thread-1] INFO  server.RaftServerConfigKeys (ConfUtils.java:logGet(43)) - raft.server.snapshot.auto.trigger.threshold = 10000 (custom)
2019-10-10 04:47:03,798 [pool-247-thread-1] INFO  server.RaftServerConfigKeys (ConfUtils.java:logGet(43)) - raft.server.log.queue.byte-limit = 2147483647 (custom)
2019-10-10 04:47:03,799 [pool-257-thread-1] INFO  server.RaftServerConfigKeys (ConfUtils.java:logGet(43)) - raft.server.snapshot.retention.file.num = 5 (custom)
2019-10-10 04:47:03,799 [pool-267-thread-1] INFO  server.RaftServerConfigKeys (ConfUtils.java:logGet(43)) - raft.server.log.queue.element-limit = 1024 (custom)
2019-10-10 04:47:03,799 [pool-257-thread-1] INFO  server.RaftServerConfigKeys (ConfUtils.java:logGet(43)) - raft.server.retrycache.expirytime = 600000ms (custom)
2019-10-10 04:47:03,799 [pool-247-thread-1] INFO  server.RaftServerConfigKeys (ConfUtils.java:logGet(43)) - raft.server.log.queue.element-limit = 1024 (custom)
2019-10-10 04:47:03,799 [pool-267-thread-1] INFO  server.RaftServerConfigKeys (ConfUtils.java:logGet(43)) - raft.server.log.segment.size.max = 1048576 (custom)
2019-10-10 04:47:03,800 [pool-247-thread-1] INFO  server.RaftServerConfigKeys (ConfUtils.java:logGet(43)) - raft.server.log.segment.size.max = 1048576 (custom)
2019-10-10 04:47:03,800 [pool-267-thread-1] INFO  server.RaftServerConfigKeys (ConfUtils.java:logGet(43)) - raft.server.log.preallocated.size = 16384 (custom)
2019-10-10 04:47:03,800 [pool-247-thread-1] INFO  server.RaftServerConfigKeys (ConfUtils.java:logGet(43)) - raft.server.log.preallocated.size = 16384 (custom)
2019-10-10 04:47:03,800 [pool-267-thread-1] INFO  server.RaftServerConfigKeys (ConfUtils.java:logGet(43)) - raft.server.log.write.buffer.size = 33554432 (custom)
2019-10-10 04:47:03,800 [pool-247-thread-1] INFO  server.RaftServerConfigKeys (ConfUtils.java:logGet(43)) - raft.server.log.write.buffer.size = 33554432 (custom)
2019-10-10 04:47:03,800 [pool-267-thread-1] INFO  server.RaftServerConfigKeys (ConfUtils.java:logGet(43)) - raft.server.log.force.sync.num = 128 (default)
2019-10-10 04:47:03,801 [pool-247-thread-1] INFO  server.RaftServerConfigKeys (ConfUtils.java:logGet(43)) - raft.server.log.force.sync.num = 128 (default)
2019-10-10 04:47:03,801 [pool-267-thread-1] INFO  server.RaftServerConfigKeys (ConfUtils.java:logGet(43)) - raft.server.log.statemachine.data.sync = true (default)
2019-10-10 04:47:03,801 [pool-247-thread-1] INFO  server.RaftServerConfigKeys (ConfUtils.java:logGet(43)) - raft.server.log.statemachine.data.sync = true (default)
2019-10-10 04:47:03,801 [pool-267-thread-1] INFO  server.RaftServerConfigKeys (ConfUtils.java:logGet(43)) - raft.server.log.statemachine.data.sync.timeout = 10s (default)
2019-10-10 04:47:03,801 [pool-247-thread-1] INFO  server.RaftServerConfigKeys (ConfUtils.java:logGet(43)) - raft.server.log.statemachine.data.sync.timeout = 10s (default)
2019-10-10 04:47:03,801 [pool-257-thread-1] INFO  impl.RaftServerImpl (RaftServerImpl.java:start(181)) - 73eab992-ebb5-44d3-9477-5e5c7a90fb54@group-E9B6FFDBC393: start as a follower, conf=-1: [34e3ebc0-5b5d-46dd-884a-c0cd4112c547:192.168.164.237:38118, ffbf6f60-86d3-4e0d-85bc-5977624a6e04:192.168.164.237:39661, 73eab992-ebb5-44d3-9477-5e5c7a90fb54:192.168.164.237:43435], old=null
2019-10-10 04:47:03,801 [pool-267-thread-1] INFO  server.RaftServerConfigKeys (ConfUtils.java:logGet(43)) - raft.server.log.statemachine.data.sync.timeout.retry = -1 (default)
2019-10-10 04:47:03,802 [pool-257-thread-1] INFO  impl.RaftServerImpl (RaftServerImpl.java:setRole(170)) - 73eab992-ebb5-44d3-9477-5e5c7a90fb54@group-E9B6FFDBC393: changes role from      null to FOLLOWER at term 0 for startAsFollower
2019-10-10 04:47:03,801 [pool-247-thread-1] INFO  server.RaftServerConfigKeys (ConfUtils.java:logGet(43)) - raft.server.log.statemachine.data.sync.timeout.retry = -1 (default)
2019-10-10 04:47:03,802 [pool-257-thread-1] INFO  impl.RoleInfo (RoleInfo.java:updateAndGet(143)) - 73eab992-ebb5-44d3-9477-5e5c7a90fb54: start FollowerState
2019-10-10 04:47:03,802 [pool-267-thread-1] INFO  server.RaftServerConfigKeys (ConfUtils.java:logGet(43)) - raft.server.log.statemachine.data.caching.enabled = true (custom)
2019-10-10 04:47:03,802 [pool-247-thread-1] INFO  server.RaftServerConfigKeys (ConfUtils.java:logGet(43)) - raft.server.log.statemachine.data.caching.enabled = true (custom)
2019-10-10 04:47:03,803 [pool-267-thread-1] INFO  segmented.SegmentedRaftLogWorker (SegmentedRaftLogWorker.java:lambda$new$0(128)) - 34e3ebc0-5b5d-46dd-884a-c0cd4112c547@group-E9B6FFDBC393-SegmentedRaftLogWorker: flushIndex: setUnconditionally 0 -> -1
2019-10-10 04:47:03,803 [pool-257-thread-1] INFO  util.JmxRegister (JmxRegister.java:tryRegister(44)) - Successfully registered JMX Bean with object name Ratis:service=RaftServer,group=group-E9B6FFDBC393,id=73eab992-ebb5-44d3-9477-5e5c7a90fb54
2019-10-10 04:47:03,803 [pool-247-thread-1] INFO  segmented.SegmentedRaftLogWorker (SegmentedRaftLogWorker.java:lambda$new$0(128)) - ffbf6f60-86d3-4e0d-85bc-5977624a6e04@group-E9B6FFDBC393-SegmentedRaftLogWorker: flushIndex: setUnconditionally 0 -> -1
2019-10-10 04:47:03,803 [pool-267-thread-1] INFO  server.RaftServerConfigKeys (ConfUtils.java:logGet(43)) - raft.server.snapshot.auto.trigger.enabled = true (custom)
2019-10-10 04:47:03,803 [pool-267-thread-1] INFO  server.RaftServerConfigKeys (ConfUtils.java:logGet(43)) - raft.server.snapshot.auto.trigger.threshold = 10000 (custom)
2019-10-10 04:47:03,803 [pool-247-thread-1] INFO  server.RaftServerConfigKeys (ConfUtils.java:logGet(43)) - raft.server.snapshot.auto.trigger.enabled = true (custom)
2019-10-10 04:47:03,803 [pool-267-thread-1] INFO  server.RaftServerConfigKeys (ConfUtils.java:logGet(43)) - raft.server.snapshot.retention.file.num = 5 (custom)
2019-10-10 04:47:03,804 [pool-247-thread-1] INFO  server.RaftServerConfigKeys (ConfUtils.java:logGet(43)) - raft.server.snapshot.auto.trigger.threshold = 10000 (custom)
2019-10-10 04:47:03,804 [pool-267-thread-1] INFO  server.RaftServerConfigKeys (ConfUtils.java:logGet(43)) - raft.server.retrycache.expirytime = 600000ms (custom)
2019-10-10 04:47:03,804 [pool-247-thread-1] INFO  server.RaftServerConfigKeys (ConfUtils.java:logGet(43)) - raft.server.snapshot.retention.file.num = 5 (custom)
2019-10-10 04:47:03,804 [pool-247-thread-1] INFO  server.RaftServerConfigKeys (ConfUtils.java:logGet(43)) - raft.server.retrycache.expirytime = 600000ms (custom)
2019-10-10 04:47:03,807 [pool-267-thread-1] INFO  impl.RaftServerImpl (RaftServerImpl.java:start(181)) - 34e3ebc0-5b5d-46dd-884a-c0cd4112c547@group-E9B6FFDBC393: start as a follower, conf=-1: [34e3ebc0-5b5d-46dd-884a-c0cd4112c547:192.168.164.237:38118, ffbf6f60-86d3-4e0d-85bc-5977624a6e04:192.168.164.237:39661, 73eab992-ebb5-44d3-9477-5e5c7a90fb54:192.168.164.237:43435], old=null
2019-10-10 04:47:03,807 [pool-267-thread-1] INFO  impl.RaftServerImpl (RaftServerImpl.java:setRole(170)) - 34e3ebc0-5b5d-46dd-884a-c0cd4112c547@group-E9B6FFDBC393: changes role from      null to FOLLOWER at term 0 for startAsFollower
2019-10-10 04:47:03,807 [pool-267-thread-1] INFO  impl.RoleInfo (RoleInfo.java:updateAndGet(143)) - 34e3ebc0-5b5d-46dd-884a-c0cd4112c547: start FollowerState
2019-10-10 04:47:03,807 [pool-247-thread-1] INFO  impl.RaftServerImpl (RaftServerImpl.java:start(181)) - ffbf6f60-86d3-4e0d-85bc-5977624a6e04@group-E9B6FFDBC393: start as a follower, conf=-1: [34e3ebc0-5b5d-46dd-884a-c0cd4112c547:192.168.164.237:38118, ffbf6f60-86d3-4e0d-85bc-5977624a6e04:192.168.164.237:39661, 73eab992-ebb5-44d3-9477-5e5c7a90fb54:192.168.164.237:43435], old=null
2019-10-10 04:47:03,807 [pool-247-thread-1] INFO  impl.RaftServerImpl (RaftServerImpl.java:setRole(170)) - ffbf6f60-86d3-4e0d-85bc-5977624a6e04@group-E9B6FFDBC393: changes role from      null to FOLLOWER at term 0 for startAsFollower
2019-10-10 04:47:03,808 [pool-267-thread-1] INFO  util.JmxRegister (JmxRegister.java:tryRegister(44)) - Successfully registered JMX Bean with object name Ratis:service=RaftServer,group=group-E9B6FFDBC393,id=34e3ebc0-5b5d-46dd-884a-c0cd4112c547
2019-10-10 04:47:03,808 [pool-247-thread-1] INFO  impl.RoleInfo (RoleInfo.java:updateAndGet(143)) - ffbf6f60-86d3-4e0d-85bc-5977624a6e04: start FollowerState
2019-10-10 04:47:03,808 [pool-247-thread-1] INFO  util.JmxRegister (JmxRegister.java:tryRegister(44)) - Successfully registered JMX Bean with object name Ratis:service=RaftServer,group=group-E9B6FFDBC393,id=ffbf6f60-86d3-4e0d-85bc-5977624a6e04
2019-10-10 04:47:03,815 [RatisPipelineUtilsThread] INFO  pipeline.PipelineStateManager (PipelineStateManager.java:addPipeline(56)) - Created pipeline Pipeline[ Id: 4b01233a-42c7-4472-9c35-e9b6ffdbc393, Nodes: 73eab992-ebb5-44d3-9477-5e5c7a90fb54{ip: 192.168.164.237, host: pr-hdds-1986-sk52v-1870103574, networkLocation: /default-rack, certSerialId: null}34e3ebc0-5b5d-46dd-884a-c0cd4112c547{ip: 192.168.164.237, host: pr-hdds-1986-sk52v-1870103574, networkLocation: /default-rack, certSerialId: null}ffbf6f60-86d3-4e0d-85bc-5977624a6e04{ip: 192.168.164.237, host: pr-hdds-1986-sk52v-1870103574, networkLocation: /default-rack, certSerialId: null}, Type:RATIS, Factor:THREE, State:OPEN]
2019-10-10 04:47:03,826 [grpc-default-executor-5] INFO  impl.RaftServerProxy (RaftServerProxy.java:addNew(89)) - 0eb251eb-6940-4068-ae5e-a6a65a53440f: addNew group-81BDCEB250F0:[32a365e5-4eb6-46c8-bd0c-52dadb233d34:192.168.164.237:42209, 0eb251eb-6940-4068-ae5e-a6a65a53440f:192.168.164.237:41092, e0b28a99-75f3-4477-a2eb-e02dbf159eb7:192.168.164.237:34830] returns group-81BDCEB250F0:java.util.concurrent.CompletableFuture@4ab6e76c[Not completed]
2019-10-10 04:47:03,826 [grpc-default-executor-3] INFO  impl.RaftServerProxy (RaftServerProxy.java:addNew(89)) - e0b28a99-75f3-4477-a2eb-e02dbf159eb7: addNew group-81BDCEB250F0:[32a365e5-4eb6-46c8-bd0c-52dadb233d34:192.168.164.237:42209, 0eb251eb-6940-4068-ae5e-a6a65a53440f:192.168.164.237:41092, e0b28a99-75f3-4477-a2eb-e02dbf159eb7:192.168.164.237:34830] returns group-81BDCEB250F0:java.util.concurrent.CompletableFuture@6c3b5245[Not completed]
2019-10-10 04:47:03,826 [grpc-default-executor-1] INFO  impl.RaftServerProxy (RaftServerProxy.java:addNew(89)) - 32a365e5-4eb6-46c8-bd0c-52dadb233d34: addNew group-81BDCEB250F0:[32a365e5-4eb6-46c8-bd0c-52dadb233d34:192.168.164.237:42209, 0eb251eb-6940-4068-ae5e-a6a65a53440f:192.168.164.237:41092, e0b28a99-75f3-4477-a2eb-e02dbf159eb7:192.168.164.237:34830] returns group-81BDCEB250F0:java.util.concurrent.CompletableFuture@7d37a69d[Not completed]
2019-10-10 04:47:03,831 [pool-217-thread-1] INFO  impl.RaftServerImpl (RaftServerImpl.java:<init>(95)) - 32a365e5-4eb6-46c8-bd0c-52dadb233d34: new RaftServerImpl for group-81BDCEB250F0:[32a365e5-4eb6-46c8-bd0c-52dadb233d34:192.168.164.237:42209, 0eb251eb-6940-4068-ae5e-a6a65a53440f:192.168.164.237:41092, e0b28a99-75f3-4477-a2eb-e02dbf159eb7:192.168.164.237:34830] with ContainerStateMachine:uninitialized
2019-10-10 04:47:03,831 [pool-217-thread-1] INFO  server.RaftServerConfigKeys (ConfUtils.java:logGet(43)) - raft.server.rpc.timeout.min = 5s (custom)
2019-10-10 04:47:03,831 [pool-217-thread-1] INFO  server.RaftServerConfigKeys (ConfUtils.java:logGet(43)) - raft.server.rpc.timeout.max = 5200ms (custom)
2019-10-10 04:47:03,832 [pool-217-thread-1] INFO  server.RaftServerConfigKeys (ConfUtils.java:logGet(43)) - raft.server.rpcslowness.timeout = 120s (custom)
2019-10-10 04:47:03,832 [pool-217-thread-1] INFO  server.RaftServerConfigKeys (ConfUtils.java:logGet(43)) - raft.server.sleep.deviation.threshold = 300 (default)
2019-10-10 04:47:03,832 [pool-217-thread-1] INFO  server.RaftServerConfigKeys (ConfUtils.java:logGet(43)) - raft.server.log.appender.install.snapshot.enabled = false (custom)
2019-10-10 04:47:03,832 [pool-207-thread-1] INFO  impl.RaftServerImpl (RaftServerImpl.java:<init>(95)) - 0eb251eb-6940-4068-ae5e-a6a65a53440f: new RaftServerImpl for group-81BDCEB250F0:[32a365e5-4eb6-46c8-bd0c-52dadb233d34:192.168.164.237:42209, 0eb251eb-6940-4068-ae5e-a6a65a53440f:192.168.164.237:41092, e0b28a99-75f3-4477-a2eb-e02dbf159eb7:192.168.164.237:34830] with ContainerStateMachine:uninitialized
2019-10-10 04:47:03,832 [pool-217-thread-1] INFO  impl.RaftServerImpl (ServerState.java:<init>(103)) - 32a365e5-4eb6-46c8-bd0c-52dadb233d34@group-81BDCEB250F0: ConfigurationManager, init=-1: [32a365e5-4eb6-46c8-bd0c-52dadb233d34:192.168.164.237:42209, 0eb251eb-6940-4068-ae5e-a6a65a53440f:192.168.164.237:41092, e0b28a99-75f3-4477-a2eb-e02dbf159eb7:192.168.164.237:34830], old=null, confs=<EMPTY_MAP>
2019-10-10 04:47:03,832 [pool-207-thread-1] INFO  server.RaftServerConfigKeys (ConfUtils.java:logGet(43)) - raft.server.rpc.timeout.min = 5s (custom)
2019-10-10 04:47:03,833 [pool-217-thread-1] INFO  server.RaftServerConfigKeys (ConfUtils.java:logGet(43)) - raft.server.storage.dir = [/workdir/hadoop-ozone/integration-test/target/test-dir/MiniOzoneClusterImpl-32d9642c-dde9-4989-afb2-85b6653a764a/datanode-1/data/ratis] (custom)
2019-10-10 04:47:03,833 [pool-237-thread-1] INFO  impl.RaftServerImpl (RaftServerImpl.java:<init>(95)) - e0b28a99-75f3-4477-a2eb-e02dbf159eb7: new RaftServerImpl for group-81BDCEB250F0:[32a365e5-4eb6-46c8-bd0c-52dadb233d34:192.168.164.237:42209, 0eb251eb-6940-4068-ae5e-a6a65a53440f:192.168.164.237:41092, e0b28a99-75f3-4477-a2eb-e02dbf159eb7:192.168.164.237:34830] with ContainerStateMachine:uninitialized
2019-10-10 04:47:03,833 [pool-207-thread-1] INFO  server.RaftServerConfigKeys (ConfUtils.java:logGet(43)) - raft.server.rpc.timeout.max = 5200ms (custom)
2019-10-10 04:47:03,833 [pool-217-thread-1] INFO  server.RaftServerConfigKeys (ConfUtils.java:logGet(43)) - raft.server.log.corruption.policy = EXCEPTION (default)
2019-10-10 04:47:03,833 [pool-237-thread-1] INFO  server.RaftServerConfigKeys (ConfUtils.java:logGet(43)) - raft.server.rpc.timeout.min = 5s (custom)
2019-10-10 04:47:03,834 [pool-217-thread-1] INFO  storage.RaftStorageDirectory (RaftStorageDirectory.java:analyzeStorage(246)) - The storage directory /workdir/hadoop-ozone/integration-test/target/test-dir/MiniOzoneClusterImpl-32d9642c-dde9-4989-afb2-85b6653a764a/datanode-1/data/ratis/7fddd6e5-4204-48ca-83f9-81bdceb250f0 does not exist. Creating ...
2019-10-10 04:47:03,833 [pool-207-thread-1] INFO  server.RaftServerConfigKeys (ConfUtils.java:logGet(43)) - raft.server.rpcslowness.timeout = 120s (custom)
2019-10-10 04:47:03,834 [pool-237-thread-1] INFO  server.RaftServerConfigKeys (ConfUtils.java:logGet(43)) - raft.server.rpc.timeout.max = 5200ms (custom)
2019-10-10 04:47:03,834 [pool-207-thread-1] INFO  server.RaftServerConfigKeys (ConfUtils.java:logGet(43)) - raft.server.sleep.deviation.threshold = 300 (default)
2019-10-10 04:47:03,834 [pool-237-thread-1] INFO  server.RaftServerConfigKeys (ConfUtils.java:logGet(43)) - raft.server.rpcslowness.timeout = 120s (custom)
2019-10-10 04:47:03,834 [pool-207-thread-1] INFO  server.RaftServerConfigKeys (ConfUtils.java:logGet(43)) - raft.server.log.appender.install.snapshot.enabled = false (custom)
2019-10-10 04:47:03,835 [pool-237-thread-1] INFO  server.RaftServerConfigKeys (ConfUtils.java:logGet(43)) - raft.server.sleep.deviation.threshold = 300 (default)
2019-10-10 04:47:03,835 [pool-207-thread-1] INFO  impl.RaftServerImpl (ServerState.java:<init>(103)) - 0eb251eb-6940-4068-ae5e-a6a65a53440f@group-81BDCEB250F0: ConfigurationManager, init=-1: [32a365e5-4eb6-46c8-bd0c-52dadb233d34:192.168.164.237:42209, 0eb251eb-6940-4068-ae5e-a6a65a53440f:192.168.164.237:41092, e0b28a99-75f3-4477-a2eb-e02dbf159eb7:192.168.164.237:34830], old=null, confs=<EMPTY_MAP>
2019-10-10 04:47:03,835 [pool-237-thread-1] INFO  server.RaftServerConfigKeys (ConfUtils.java:logGet(43)) - raft.server.log.appender.install.snapshot.enabled = false (custom)
2019-10-10 04:47:03,835 [pool-207-thread-1] INFO  server.RaftServerConfigKeys (ConfUtils.java:logGet(43)) - raft.server.storage.dir = [/workdir/hadoop-ozone/integration-test/target/test-dir/MiniOzoneClusterImpl-32d9642c-dde9-4989-afb2-85b6653a764a/datanode-0/data/ratis] (custom)
2019-10-10 04:47:03,835 [pool-237-thread-1] INFO  impl.RaftServerImpl (ServerState.java:<init>(103)) - e0b28a99-75f3-4477-a2eb-e02dbf159eb7@group-81BDCEB250F0: ConfigurationManager, init=-1: [32a365e5-4eb6-46c8-bd0c-52dadb233d34:192.168.164.237:42209, 0eb251eb-6940-4068-ae5e-a6a65a53440f:192.168.164.237:41092, e0b28a99-75f3-4477-a2eb-e02dbf159eb7:192.168.164.237:34830], old=null, confs=<EMPTY_MAP>
2019-10-10 04:47:03,835 [pool-207-thread-1] INFO  server.RaftServerConfigKeys (ConfUtils.java:logGet(43)) - raft.server.log.corruption.policy = EXCEPTION (default)
2019-10-10 04:47:03,836 [pool-237-thread-1] INFO  server.RaftServerConfigKeys (ConfUtils.java:logGet(43)) - raft.server.storage.dir = [/workdir/hadoop-ozone/integration-test/target/test-dir/MiniOzoneClusterImpl-32d9642c-dde9-4989-afb2-85b6653a764a/datanode-3/data/ratis] (custom)
2019-10-10 04:47:03,836 [pool-207-thread-1] INFO  storage.RaftStorageDirectory (RaftStorageDirectory.java:analyzeStorage(246)) - The storage directory /workdir/hadoop-ozone/integration-test/target/test-dir/MiniOzoneClusterImpl-32d9642c-dde9-4989-afb2-85b6653a764a/datanode-0/data/ratis/7fddd6e5-4204-48ca-83f9-81bdceb250f0 does not exist. Creating ...
2019-10-10 04:47:03,836 [pool-237-thread-1] INFO  server.RaftServerConfigKeys (ConfUtils.java:logGet(43)) - raft.server.log.corruption.policy = EXCEPTION (default)
2019-10-10 04:47:03,836 [pool-237-thread-1] INFO  storage.RaftStorageDirectory (RaftStorageDirectory.java:analyzeStorage(246)) - The storage directory /workdir/hadoop-ozone/integration-test/target/test-dir/MiniOzoneClusterImpl-32d9642c-dde9-4989-afb2-85b6653a764a/datanode-3/data/ratis/7fddd6e5-4204-48ca-83f9-81bdceb250f0 does not exist. Creating ...
2019-10-10 04:47:03,868 [pool-217-thread-1] INFO  storage.RaftStorageDirectory (RaftStorageDirectory.java:tryLock(328)) - Lock on /workdir/hadoop-ozone/integration-test/target/test-dir/MiniOzoneClusterImpl-32d9642c-dde9-4989-afb2-85b6653a764a/datanode-1/data/ratis/7fddd6e5-4204-48ca-83f9-81bdceb250f0/in_use.lock acquired by nodename 16053@pr-hdds-1986-sk52v-1870103574
2019-10-10 04:47:03,868 [pool-237-thread-1] INFO  storage.RaftStorageDirectory (RaftStorageDirectory.java:tryLock(328)) - Lock on /workdir/hadoop-ozone/integration-test/target/test-dir/MiniOzoneClusterImpl-32d9642c-dde9-4989-afb2-85b6653a764a/datanode-3/data/ratis/7fddd6e5-4204-48ca-83f9-81bdceb250f0/in_use.lock acquired by nodename 16053@pr-hdds-1986-sk52v-1870103574
2019-10-10 04:47:03,868 [pool-207-thread-1] INFO  storage.RaftStorageDirectory (RaftStorageDirectory.java:tryLock(328)) - Lock on /workdir/hadoop-ozone/integration-test/target/test-dir/MiniOzoneClusterImpl-32d9642c-dde9-4989-afb2-85b6653a764a/datanode-0/data/ratis/7fddd6e5-4204-48ca-83f9-81bdceb250f0/in_use.lock acquired by nodename 16053@pr-hdds-1986-sk52v-1870103574
2019-10-10 04:47:03,918 [pool-237-thread-1] INFO  storage.RaftStorage (RaftStorage.java:format(84)) - Storage directory /workdir/hadoop-ozone/integration-test/target/test-dir/MiniOzoneClusterImpl-32d9642c-dde9-4989-afb2-85b6653a764a/datanode-3/data/ratis/7fddd6e5-4204-48ca-83f9-81bdceb250f0 has been successfully formatted.
2019-10-10 04:47:03,918 [pool-217-thread-1] INFO  storage.RaftStorage (RaftStorage.java:format(84)) - Storage directory /workdir/hadoop-ozone/integration-test/target/test-dir/MiniOzoneClusterImpl-32d9642c-dde9-4989-afb2-85b6653a764a/datanode-1/data/ratis/7fddd6e5-4204-48ca-83f9-81bdceb250f0 has been successfully formatted.
2019-10-10 04:47:03,918 [pool-207-thread-1] INFO  storage.RaftStorage (RaftStorage.java:format(84)) - Storage directory /workdir/hadoop-ozone/integration-test/target/test-dir/MiniOzoneClusterImpl-32d9642c-dde9-4989-afb2-85b6653a764a/datanode-0/data/ratis/7fddd6e5-4204-48ca-83f9-81bdceb250f0 has been successfully formatted.
2019-10-10 04:47:03,919 [pool-217-thread-1] INFO  ratis.ContainerStateMachine (ContainerStateMachine.java:loadSnapshot(230)) - group-81BDCEB250F0: The snapshot info is null. Setting the last applied indexto:(t:0, i:~)
2019-10-10 04:47:03,919 [pool-237-thread-1] INFO  ratis.ContainerStateMachine (ContainerStateMachine.java:loadSnapshot(230)) - group-81BDCEB250F0: The snapshot info is null. Setting the last applied indexto:(t:0, i:~)
2019-10-10 04:47:03,919 [pool-217-thread-1] INFO  server.RaftServerConfigKeys (ConfUtils.java:logGet(43)) - raft.server.notification.no-leader.timeout = 120s (custom)
2019-10-10 04:47:03,919 [pool-207-thread-1] INFO  ratis.ContainerStateMachine (ContainerStateMachine.java:loadSnapshot(230)) - group-81BDCEB250F0: The snapshot info is null. Setting the last applied indexto:(t:0, i:~)
2019-10-10 04:47:03,920 [pool-217-thread-1] INFO  server.RaftServerConfigKeys (ConfUtils.java:logGet(43)) - raft.server.log.use.memory = false (default)
2019-10-10 04:47:03,919 [pool-237-thread-1] INFO  server.RaftServerConfigKeys (ConfUtils.java:logGet(43)) - raft.server.notification.no-leader.timeout = 120s (custom)
2019-10-10 04:47:03,920 [pool-217-thread-1] INFO  server.RaftServerConfigKeys (ConfUtils.java:logGet(43)) - raft.server.log.purge.gap = 1000000 (custom)
2019-10-10 04:47:03,920 [pool-207-thread-1] INFO  server.RaftServerConfigKeys (ConfUtils.java:logGet(43)) - raft.server.notification.no-leader.timeout = 120s (custom)
2019-10-10 04:47:03,920 [pool-217-thread-1] INFO  server.RaftServerConfigKeys (ConfUtils.java:logGet(43)) - raft.server.log.appender.buffer.byte-limit = 33554432 (custom)
2019-10-10 04:47:03,920 [pool-237-thread-1] INFO  server.RaftServerConfigKeys (ConfUtils.java:logGet(43)) - raft.server.log.use.memory = false (default)
2019-10-10 04:47:03,921 [pool-217-thread-1] INFO  server.RaftServerConfigKeys (ConfUtils.java:logGet(43)) - raft.server.log.segment.size.max = 1048576 (custom)
2019-10-10 04:47:03,920 [pool-207-thread-1] INFO  server.RaftServerConfigKeys (ConfUtils.java:logGet(43)) - raft.server.log.use.memory = false (default)
2019-10-10 04:47:03,921 [pool-217-thread-1] INFO  server.RaftServerConfigKeys (ConfUtils.java:logGet(43)) - raft.server.log.segment.cache.num.max = 2 (custom)
2019-10-10 04:47:03,921 [pool-237-thread-1] INFO  server.RaftServerConfigKeys (ConfUtils.java:logGet(43)) - raft.server.log.purge.gap = 1000000 (custom)
2019-10-10 04:47:03,921 [pool-217-thread-1] INFO  segmented.SegmentedRaftLogWorker (SegmentedRaftLogWorker.java:<init>(173)) - new 32a365e5-4eb6-46c8-bd0c-52dadb233d34@group-81BDCEB250F0-SegmentedRaftLogWorker for RaftStorage:Storage Directory /workdir/hadoop-ozone/integration-test/target/test-dir/MiniOzoneClusterImpl-32d9642c-dde9-4989-afb2-85b6653a764a/datanode-1/data/ratis/7fddd6e5-4204-48ca-83f9-81bdceb250f0
2019-10-10 04:47:03,921 [pool-207-thread-1] INFO  server.RaftServerConfigKeys (ConfUtils.java:logGet(43)) - raft.server.log.purge.gap = 1000000 (custom)
2019-10-10 04:47:03,922 [pool-217-thread-1] INFO  server.RaftServerConfigKeys (ConfUtils.java:logGet(43)) - raft.server.log.queue.byte-limit = 2147483647 (custom)
2019-10-10 04:47:03,921 [pool-237-thread-1] INFO  server.RaftServerConfigKeys (ConfUtils.java:logGet(43)) - raft.server.log.appender.buffer.byte-limit = 33554432 (custom)
2019-10-10 04:47:03,922 [pool-217-thread-1] INFO  server.RaftServerConfigKeys (ConfUtils.java:logGet(43)) - raft.server.log.queue.element-limit = 1024 (custom)
2019-10-10 04:47:03,922 [pool-207-thread-1] INFO  server.RaftServerConfigKeys (ConfUtils.java:logGet(43)) - raft.server.log.appender.buffer.byte-limit = 33554432 (custom)
2019-10-10 04:47:03,922 [pool-217-thread-1] INFO  server.RaftServerConfigKeys (ConfUtils.java:logGet(43)) - raft.server.log.segment.size.max = 1048576 (custom)
2019-10-10 04:47:03,923 [pool-217-thread-1] INFO  server.RaftServerConfigKeys (ConfUtils.java:logGet(43)) - raft.server.log.preallocated.size = 16384 (custom)
2019-10-10 04:47:03,922 [pool-237-thread-1] INFO  server.RaftServerConfigKeys (ConfUtils.java:logGet(43)) - raft.server.log.segment.size.max = 1048576 (custom)
2019-10-10 04:47:03,923 [pool-217-thread-1] INFO  server.RaftServerConfigKeys (ConfUtils.java:logGet(43)) - raft.server.log.write.buffer.size = 33554432 (custom)
2019-10-10 04:47:03,923 [pool-207-thread-1] INFO  server.RaftServerConfigKeys (ConfUtils.java:logGet(43)) - raft.server.log.segment.size.max = 1048576 (custom)
2019-10-10 04:47:03,923 [pool-217-thread-1] INFO  server.RaftServerConfigKeys (ConfUtils.java:logGet(43)) - raft.server.log.force.sync.num = 128 (default)
2019-10-10 04:47:03,923 [pool-237-thread-1] INFO  server.RaftServerConfigKeys (ConfUtils.java:logGet(43)) - raft.server.log.segment.cache.num.max = 2 (custom)
2019-10-10 04:47:03,924 [pool-217-thread-1] INFO  server.RaftServerConfigKeys (ConfUtils.java:logGet(43)) - raft.server.log.statemachine.data.sync = true (default)
2019-10-10 04:47:03,923 [pool-207-thread-1] INFO  server.RaftServerConfigKeys (ConfUtils.java:logGet(43)) - raft.server.log.segment.cache.num.max = 2 (custom)
2019-10-10 04:47:03,924 [pool-217-thread-1] INFO  server.RaftServerConfigKeys (ConfUtils.java:logGet(43)) - raft.server.log.statemachine.data.sync.timeout = 10s (default)
2019-10-10 04:47:03,924 [pool-237-thread-1] INFO  segmented.SegmentedRaftLogWorker (SegmentedRaftLogWorker.java:<init>(173)) - new e0b28a99-75f3-4477-a2eb-e02dbf159eb7@group-81BDCEB250F0-SegmentedRaftLogWorker for RaftStorage:Storage Directory /workdir/hadoop-ozone/integration-test/target/test-dir/MiniOzoneClusterImpl-32d9642c-dde9-4989-afb2-85b6653a764a/datanode-3/data/ratis/7fddd6e5-4204-48ca-83f9-81bdceb250f0
2019-10-10 04:47:03,924 [pool-217-thread-1] INFO  server.RaftServerConfigKeys (ConfUtils.java:logGet(43)) - raft.server.log.statemachine.data.sync.timeout.retry = -1 (default)
2019-10-10 04:47:03,924 [pool-207-thread-1] INFO  segmented.SegmentedRaftLogWorker (SegmentedRaftLogWorker.java:<init>(173)) - new 0eb251eb-6940-4068-ae5e-a6a65a53440f@group-81BDCEB250F0-SegmentedRaftLogWorker for RaftStorage:Storage Directory /workdir/hadoop-ozone/integration-test/target/test-dir/MiniOzoneClusterImpl-32d9642c-dde9-4989-afb2-85b6653a764a/datanode-0/data/ratis/7fddd6e5-4204-48ca-83f9-81bdceb250f0
2019-10-10 04:47:03,925 [pool-217-thread-1] INFO  server.RaftServerConfigKeys (ConfUtils.java:logGet(43)) - raft.server.log.statemachine.data.caching.enabled = true (custom)
2019-10-10 04:47:03,925 [pool-237-thread-1] INFO  server.RaftServerConfigKeys (ConfUtils.java:logGet(43)) - raft.server.log.queue.byte-limit = 2147483647 (custom)
2019-10-10 04:47:03,925 [pool-207-thread-1] INFO  server.RaftServerConfigKeys (ConfUtils.java:logGet(43)) - raft.server.log.queue.byte-limit = 2147483647 (custom)
2019-10-10 04:47:03,925 [pool-217-thread-1] INFO  segmented.SegmentedRaftLogWorker (SegmentedRaftLogWorker.java:lambda$new$0(128)) - 32a365e5-4eb6-46c8-bd0c-52dadb233d34@group-81BDCEB250F0-SegmentedRaftLogWorker: flushIndex: setUnconditionally 0 -> -1
2019-10-10 04:47:03,925 [pool-237-thread-1] INFO  server.RaftServerConfigKeys (ConfUtils.java:logGet(43)) - raft.server.log.queue.element-limit = 1024 (custom)
2019-10-10 04:47:03,925 [pool-207-thread-1] INFO  server.RaftServerConfigKeys (ConfUtils.java:logGet(43)) - raft.server.log.queue.element-limit = 1024 (custom)
2019-10-10 04:47:03,926 [pool-217-thread-1] INFO  server.RaftServerConfigKeys (ConfUtils.java:logGet(43)) - raft.server.snapshot.auto.trigger.enabled = true (custom)
2019-10-10 04:47:03,926 [pool-237-thread-1] INFO  server.RaftServerConfigKeys (ConfUtils.java:logGet(43)) - raft.server.log.segment.size.max = 1048576 (custom)
2019-10-10 04:47:03,926 [pool-217-thread-1] INFO  server.RaftServerConfigKeys (ConfUtils.java:logGet(43)) - raft.server.snapshot.auto.trigger.threshold = 10000 (custom)
2019-10-10 04:47:03,926 [pool-207-thread-1] INFO  server.RaftServerConfigKeys (ConfUtils.java:logGet(43)) - raft.server.log.segment.size.max = 1048576 (custom)
2019-10-10 04:47:03,927 [pool-217-thread-1] INFO  server.RaftServerConfigKeys (ConfUtils.java:logGet(43)) - raft.server.snapshot.retention.file.num = 5 (custom)
2019-10-10 04:47:03,926 [pool-237-thread-1] INFO  server.RaftServerConfigKeys (ConfUtils.java:logGet(43)) - raft.server.log.preallocated.size = 16384 (custom)
2019-10-10 04:47:03,927 [pool-217-thread-1] INFO  server.RaftServerConfigKeys (ConfUtils.java:logGet(43)) - raft.server.retrycache.expirytime = 600000ms (custom)
2019-10-10 04:47:03,927 [pool-207-thread-1] INFO  server.RaftServerConfigKeys (ConfUtils.java:logGet(43)) - raft.server.log.preallocated.size = 16384 (custom)
2019-10-10 04:47:03,927 [pool-237-thread-1] INFO  server.RaftServerConfigKeys (ConfUtils.java:logGet(43)) - raft.server.log.write.buffer.size = 33554432 (custom)
2019-10-10 04:47:03,927 [pool-207-thread-1] INFO  server.RaftServerConfigKeys (ConfUtils.java:logGet(43)) - raft.server.log.write.buffer.size = 33554432 (custom)
2019-10-10 04:47:03,928 [pool-237-thread-1] INFO  server.RaftServerConfigKeys (ConfUtils.java:logGet(43)) - raft.server.log.force.sync.num = 128 (default)
2019-10-10 04:47:03,928 [pool-207-thread-1] INFO  server.RaftServerConfigKeys (ConfUtils.java:logGet(43)) - raft.server.log.force.sync.num = 128 (default)
2019-10-10 04:47:03,928 [pool-237-thread-1] INFO  server.RaftServerConfigKeys (ConfUtils.java:logGet(43)) - raft.server.log.statemachine.data.sync = true (default)
2019-10-10 04:47:03,928 [pool-207-thread-1] INFO  server.RaftServerConfigKeys (ConfUtils.java:logGet(43)) - raft.server.log.statemachine.data.sync = true (default)
2019-10-10 04:47:03,928 [pool-237-thread-1] INFO  server.RaftServerConfigKeys (ConfUtils.java:logGet(43)) - raft.server.log.statemachine.data.sync.timeout = 10s (default)
2019-10-10 04:47:03,929 [pool-207-thread-1] INFO  server.RaftServerConfigKeys (ConfUtils.java:logGet(43)) - raft.server.log.statemachine.data.sync.timeout = 10s (default)
2019-10-10 04:47:03,929 [pool-237-thread-1] INFO  server.RaftServerConfigKeys (ConfUtils.java:logGet(43)) - raft.server.log.statemachine.data.sync.timeout.retry = -1 (default)
2019-10-10 04:47:03,929 [pool-207-thread-1] INFO  server.RaftServerConfigKeys (ConfUtils.java:logGet(43)) - raft.server.log.statemachine.data.sync.timeout.retry = -1 (default)
2019-10-10 04:47:03,929 [pool-237-thread-1] INFO  server.RaftServerConfigKeys (ConfUtils.java:logGet(43)) - raft.server.log.statemachine.data.caching.enabled = true (custom)
2019-10-10 04:47:03,930 [pool-207-thread-1] INFO  server.RaftServerConfigKeys (ConfUtils.java:logGet(43)) - raft.server.log.statemachine.data.caching.enabled = true (custom)
2019-10-10 04:47:03,930 [pool-237-thread-1] INFO  segmented.SegmentedRaftLogWorker (SegmentedRaftLogWorker.java:lambda$new$0(128)) - e0b28a99-75f3-4477-a2eb-e02dbf159eb7@group-81BDCEB250F0-SegmentedRaftLogWorker: flushIndex: setUnconditionally 0 -> -1
2019-10-10 04:47:03,930 [pool-217-thread-1] INFO  impl.RaftServerImpl (RaftServerImpl.java:start(181)) - 32a365e5-4eb6-46c8-bd0c-52dadb233d34@group-81BDCEB250F0: start as a follower, conf=-1: [32a365e5-4eb6-46c8-bd0c-52dadb233d34:192.168.164.237:42209, 0eb251eb-6940-4068-ae5e-a6a65a53440f:192.168.164.237:41092, e0b28a99-75f3-4477-a2eb-e02dbf159eb7:192.168.164.237:34830], old=null
2019-10-10 04:47:03,930 [pool-207-thread-1] INFO  segmented.SegmentedRaftLogWorker (SegmentedRaftLogWorker.java:lambda$new$0(128)) - 0eb251eb-6940-4068-ae5e-a6a65a53440f@group-81BDCEB250F0-SegmentedRaftLogWorker: flushIndex: setUnconditionally 0 -> -1
2019-10-10 04:47:03,930 [pool-217-thread-1] INFO  impl.RaftServerImpl (RaftServerImpl.java:setRole(170)) - 32a365e5-4eb6-46c8-bd0c-52dadb233d34@group-81BDCEB250F0: changes role from      null to FOLLOWER at term 0 for startAsFollower
2019-10-10 04:47:03,930 [pool-237-thread-1] INFO  server.RaftServerConfigKeys (ConfUtils.java:logGet(43)) - raft.server.snapshot.auto.trigger.enabled = true (custom)
2019-10-10 04:47:03,931 [pool-217-thread-1] INFO  impl.RoleInfo (RoleInfo.java:updateAndGet(143)) - 32a365e5-4eb6-46c8-bd0c-52dadb233d34: start FollowerState
2019-10-10 04:47:03,931 [pool-207-thread-1] INFO  server.RaftServerConfigKeys (ConfUtils.java:logGet(43)) - raft.server.snapshot.auto.trigger.enabled = true (custom)
2019-10-10 04:47:03,931 [pool-237-thread-1] INFO  server.RaftServerConfigKeys (ConfUtils.java:logGet(43)) - raft.server.snapshot.auto.trigger.threshold = 10000 (custom)
2019-10-10 04:47:03,931 [pool-217-thread-1] INFO  util.JmxRegister (JmxRegister.java:tryRegister(44)) - Successfully registered JMX Bean with object name Ratis:service=RaftServer,group=group-81BDCEB250F0,id=32a365e5-4eb6-46c8-bd0c-52dadb233d34
2019-10-10 04:47:03,931 [pool-207-thread-1] INFO  server.RaftServerConfigKeys (ConfUtils.java:logGet(43)) - raft.server.snapshot.auto.trigger.threshold = 10000 (custom)
2019-10-10 04:47:03,931 [pool-237-thread-1] INFO  server.RaftServerConfigKeys (ConfUtils.java:logGet(43)) - raft.server.snapshot.retention.file.num = 5 (custom)
2019-10-10 04:47:03,932 [pool-207-thread-1] INFO  server.RaftServerConfigKeys (ConfUtils.java:logGet(43)) - raft.server.snapshot.retention.file.num = 5 (custom)
2019-10-10 04:47:03,932 [pool-237-thread-1] INFO  server.RaftServerConfigKeys (ConfUtils.java:logGet(43)) - raft.server.retrycache.expirytime = 600000ms (custom)
2019-10-10 04:47:03,932 [pool-207-thread-1] INFO  server.RaftServerConfigKeys (ConfUtils.java:logGet(43)) - raft.server.retrycache.expirytime = 600000ms (custom)
2019-10-10 04:47:03,937 [pool-237-thread-1] INFO  impl.RaftServerImpl (RaftServerImpl.java:start(181)) - e0b28a99-75f3-4477-a2eb-e02dbf159eb7@group-81BDCEB250F0: start as a follower, conf=-1: [32a365e5-4eb6-46c8-bd0c-52dadb233d34:192.168.164.237:42209, 0eb251eb-6940-4068-ae5e-a6a65a53440f:192.168.164.237:41092, e0b28a99-75f3-4477-a2eb-e02dbf159eb7:192.168.164.237:34830], old=null
2019-10-10 04:47:03,937 [pool-237-thread-1] INFO  impl.RaftServerImpl (RaftServerImpl.java:setRole(170)) - e0b28a99-75f3-4477-a2eb-e02dbf159eb7@group-81BDCEB250F0: changes role from      null to FOLLOWER at term 0 for startAsFollower
2019-10-10 04:47:03,937 [pool-207-thread-1] INFO  impl.RaftServerImpl (RaftServerImpl.java:start(181)) - 0eb251eb-6940-4068-ae5e-a6a65a53440f@group-81BDCEB250F0: start as a follower, conf=-1: [32a365e5-4eb6-46c8-bd0c-52dadb233d34:192.168.164.237:42209, 0eb251eb-6940-4068-ae5e-a6a65a53440f:192.168.164.237:41092, e0b28a99-75f3-4477-a2eb-e02dbf159eb7:192.168.164.237:34830], old=null
2019-10-10 04:47:03,937 [pool-237-thread-1] INFO  impl.RoleInfo (RoleInfo.java:updateAndGet(143)) - e0b28a99-75f3-4477-a2eb-e02dbf159eb7: start FollowerState
2019-10-10 04:47:03,937 [pool-207-thread-1] INFO  impl.RaftServerImpl (RaftServerImpl.java:setRole(170)) - 0eb251eb-6940-4068-ae5e-a6a65a53440f@group-81BDCEB250F0: changes role from      null to FOLLOWER at term 0 for startAsFollower
2019-10-10 04:47:03,938 [pool-207-thread-1] INFO  impl.RoleInfo (RoleInfo.java:updateAndGet(143)) - 0eb251eb-6940-4068-ae5e-a6a65a53440f: start FollowerState
2019-10-10 04:47:03,938 [pool-237-thread-1] INFO  util.JmxRegister (JmxRegister.java:tryRegister(44)) - Successfully registered JMX Bean with object name Ratis:service=RaftServer,group=group-81BDCEB250F0,id=e0b28a99-75f3-4477-a2eb-e02dbf159eb7
2019-10-10 04:47:03,938 [pool-207-thread-1] INFO  util.JmxRegister (JmxRegister.java:tryRegister(44)) - Successfully registered JMX Bean with object name Ratis:service=RaftServer,group=group-81BDCEB250F0,id=0eb251eb-6940-4068-ae5e-a6a65a53440f
2019-10-10 04:47:03,944 [RatisPipelineUtilsThread] INFO  pipeline.PipelineStateManager (PipelineStateManager.java:addPipeline(56)) - Created pipeline Pipeline[ Id: 7fddd6e5-4204-48ca-83f9-81bdceb250f0, Nodes: 0eb251eb-6940-4068-ae5e-a6a65a53440f{ip: 192.168.164.237, host: pr-hdds-1986-sk52v-1870103574, networkLocation: /default-rack, certSerialId: null}32a365e5-4eb6-46c8-bd0c-52dadb233d34{ip: 192.168.164.237, host: pr-hdds-1986-sk52v-1870103574, networkLocation: /default-rack, certSerialId: null}e0b28a99-75f3-4477-a2eb-e02dbf159eb7{ip: 192.168.164.237, host: pr-hdds-1986-sk52v-1870103574, networkLocation: /default-rack, certSerialId: null}, Type:RATIS, Factor:THREE, State:OPEN]
2019-10-10 04:47:04,362 [main] INFO  ozone.MiniOzoneClusterImpl (MiniOzoneClusterImpl.java:lambda$waitForClusterToBeReady$0(147)) - Cluster is ready. Got 7 of 7 DN Heartbeats.
2019-10-10 04:47:04,398 [main] INFO  rpc.RpcClient (RpcClient.java:createVolume(277)) - Creating Volume: watchforcommithandlingtest, with jenkins1000 as owner.
2019-10-10 04:47:04,401 [IPC Server handler 1 on 45665] INFO  volume.OMVolumeCreateRequest (OMVolumeCreateRequest.java:validateAndUpdateCache(193)) - created volume:watchforcommithandlingtest for user:jenkins1000
2019-10-10 04:47:04,416 [main] INFO  rpc.RpcClient (RpcClient.java:createBucket(416)) - Creating Bucket: watchforcommithandlingtest/watchforcommithandlingtest, with Versioning false and Storage Type set to DISK and Encryption set to false 
2019-10-10 04:47:04,420 [main] INFO  ozone.MiniOzoneClusterImpl (MiniOzoneClusterImpl.java:getStorageContainerLocationClient(234)) - Creating StorageContainerLocationProtocol RPC client with address /0.0.0.0:42043
2019-10-10 04:47:05,990 [Thread-1549] INFO  container.ReplicationManager (ReplicationManager.java:start(162)) - Starting Replication Monitor Thread.
2019-10-10 04:47:05,994 [ReplicationMonitor] INFO  container.ReplicationManager (ReplicationManager.java:run(225)) - Replication Monitor Thread took 1 milliseconds for processing 1 containers.
2019-10-10 04:47:08,208 [Thread-1551] INFO  impl.FollowerState (FollowerState.java:run(108)) - 0eb251eb-6940-4068-ae5e-a6a65a53440f@group-6FADF89F1C08-FollowerState: change to CANDIDATE, lastRpcTime:5111ms, electionTimeout:5111ms
2019-10-10 04:47:08,210 [Thread-1551] INFO  impl.RoleInfo (RoleInfo.java:shutdownFollowerState(121)) - 0eb251eb-6940-4068-ae5e-a6a65a53440f: shutdown FollowerState
2019-10-10 04:47:08,211 [Thread-1551] INFO  impl.RaftServerImpl (RaftServerImpl.java:setRole(170)) - 0eb251eb-6940-4068-ae5e-a6a65a53440f@group-6FADF89F1C08: changes role from  FOLLOWER to CANDIDATE at term 0 for changeToCandidate
2019-10-10 04:47:08,211 [Thread-1551] INFO  impl.RoleInfo (RoleInfo.java:updateAndGet(143)) - 0eb251eb-6940-4068-ae5e-a6a65a53440f: start LeaderElection
2019-10-10 04:47:08,287 [Thread-1557] INFO  impl.FollowerState (FollowerState.java:run(108)) - e0b28a99-75f3-4477-a2eb-e02dbf159eb7@group-30D965C67BF4-FollowerState: change to CANDIDATE, lastRpcTime:5004ms, electionTimeout:5004ms
2019-10-10 04:47:08,287 [Thread-1557] INFO  impl.RoleInfo (RoleInfo.java:shutdownFollowerState(121)) - e0b28a99-75f3-4477-a2eb-e02dbf159eb7: shutdown FollowerState
2019-10-10 04:47:08,287 [Thread-1557] INFO  impl.RaftServerImpl (RaftServerImpl.java:setRole(170)) - e0b28a99-75f3-4477-a2eb-e02dbf159eb7@group-30D965C67BF4: changes role from  FOLLOWER to CANDIDATE at term 0 for changeToCandidate
2019-10-10 04:47:08,287 [Thread-1557] INFO  impl.RoleInfo (RoleInfo.java:updateAndGet(143)) - e0b28a99-75f3-4477-a2eb-e02dbf159eb7: start LeaderElection
2019-10-10 04:47:08,316 [Thread-1554] INFO  impl.FollowerState (FollowerState.java:run(108)) - 32a365e5-4eb6-46c8-bd0c-52dadb233d34@group-63F4E4ED39F5-FollowerState: change to CANDIDATE, lastRpcTime:5106ms, electionTimeout:5106ms
2019-10-10 04:47:08,316 [Thread-1554] INFO  impl.RoleInfo (RoleInfo.java:shutdownFollowerState(121)) - 32a365e5-4eb6-46c8-bd0c-52dadb233d34: shutdown FollowerState
2019-10-10 04:47:08,316 [Thread-1554] INFO  impl.RaftServerImpl (RaftServerImpl.java:setRole(170)) - 32a365e5-4eb6-46c8-bd0c-52dadb233d34@group-63F4E4ED39F5: changes role from  FOLLOWER to CANDIDATE at term 0 for changeToCandidate
2019-10-10 04:47:08,316 [Thread-1554] INFO  impl.RoleInfo (RoleInfo.java:updateAndGet(143)) - 32a365e5-4eb6-46c8-bd0c-52dadb233d34: start LeaderElection
2019-10-10 04:47:08,456 [Thread-1560] INFO  impl.FollowerState (FollowerState.java:run(108)) - ffbf6f60-86d3-4e0d-85bc-5977624a6e04@group-1DA0CA37DC3E-FollowerState: change to CANDIDATE, lastRpcTime:5074ms, electionTimeout:5074ms
2019-10-10 04:47:08,456 [Thread-1560] INFO  impl.RoleInfo (RoleInfo.java:shutdownFollowerState(121)) - ffbf6f60-86d3-4e0d-85bc-5977624a6e04: shutdown FollowerState
2019-10-10 04:47:08,456 [Thread-1560] INFO  impl.RaftServerImpl (RaftServerImpl.java:setRole(170)) - ffbf6f60-86d3-4e0d-85bc-5977624a6e04@group-1DA0CA37DC3E: changes role from  FOLLOWER to CANDIDATE at term 0 for changeToCandidate
2019-10-10 04:47:08,457 [Thread-1560] INFO  impl.RoleInfo (RoleInfo.java:updateAndGet(143)) - ffbf6f60-86d3-4e0d-85bc-5977624a6e04: start LeaderElection
2019-10-10 04:47:08,657 [Thread-1563] INFO  impl.FollowerState (FollowerState.java:run(108)) - 73eab992-ebb5-44d3-9477-5e5c7a90fb54@group-26D270306EAA-FollowerState: change to CANDIDATE, lastRpcTime:5188ms, electionTimeout:5188ms
2019-10-10 04:47:08,657 [Thread-1563] INFO  impl.RoleInfo (RoleInfo.java:shutdownFollowerState(121)) - 73eab992-ebb5-44d3-9477-5e5c7a90fb54: shutdown FollowerState
2019-10-10 04:47:08,657 [Thread-1563] INFO  impl.RaftServerImpl (RaftServerImpl.java:setRole(170)) - 73eab992-ebb5-44d3-9477-5e5c7a90fb54@group-26D270306EAA: changes role from  FOLLOWER to CANDIDATE at term 0 for changeToCandidate
2019-10-10 04:47:08,657 [Thread-1563] INFO  impl.RoleInfo (RoleInfo.java:updateAndGet(143)) - 73eab992-ebb5-44d3-9477-5e5c7a90fb54: start LeaderElection
2019-10-10 04:47:08,711 [Thread-1566] INFO  impl.FollowerState (FollowerState.java:run(108)) - 34e3ebc0-5b5d-46dd-884a-c0cd4112c547@group-FFF7E4CFCF5A-FollowerState: change to CANDIDATE, lastRpcTime:5149ms, electionTimeout:5149ms
2019-10-10 04:47:08,712 [Thread-1566] INFO  impl.RoleInfo (RoleInfo.java:shutdownFollowerState(121)) - 34e3ebc0-5b5d-46dd-884a-c0cd4112c547: shutdown FollowerState
2019-10-10 04:47:08,712 [Thread-1566] INFO  impl.RaftServerImpl (RaftServerImpl.java:setRole(170)) - 34e3ebc0-5b5d-46dd-884a-c0cd4112c547@group-FFF7E4CFCF5A: changes role from  FOLLOWER to CANDIDATE at term 0 for changeToCandidate
2019-10-10 04:47:08,712 [Thread-1566] INFO  impl.RoleInfo (RoleInfo.java:updateAndGet(143)) - 34e3ebc0-5b5d-46dd-884a-c0cd4112c547: start LeaderElection
2019-10-10 04:47:08,747 [Thread-1569] INFO  impl.FollowerState (FollowerState.java:run(108)) - 5cd7ea00-4a37-4d2d-a123-7944377dc649@group-20B6CA511BC1-FollowerState: change to CANDIDATE, lastRpcTime:5091ms, electionTimeout:5091ms
2019-10-10 04:47:08,748 [Thread-1569] INFO  impl.RoleInfo (RoleInfo.java:shutdownFollowerState(121)) - 5cd7ea00-4a37-4d2d-a123-7944377dc649: shutdown FollowerState
2019-10-10 04:47:08,748 [Thread-1569] INFO  impl.RaftServerImpl (RaftServerImpl.java:setRole(170)) - 5cd7ea00-4a37-4d2d-a123-7944377dc649@group-20B6CA511BC1: changes role from  FOLLOWER to CANDIDATE at term 0 for changeToCandidate
2019-10-10 04:47:08,748 [Thread-1569] INFO  impl.RoleInfo (RoleInfo.java:updateAndGet(143)) - 5cd7ea00-4a37-4d2d-a123-7944377dc649: start LeaderElection
2019-10-10 04:47:08,848 [Thread-1572] INFO  impl.FollowerState (FollowerState.java:run(108)) - 73eab992-ebb5-44d3-9477-5e5c7a90fb54@group-E9B6FFDBC393-FollowerState: change to CANDIDATE, lastRpcTime:5045ms, electionTimeout:5045ms
2019-10-10 04:47:08,848 [Thread-1572] INFO  impl.RoleInfo (RoleInfo.java:shutdownFollowerState(121)) - 73eab992-ebb5-44d3-9477-5e5c7a90fb54: shutdown FollowerState
2019-10-10 04:47:08,848 [Thread-1572] INFO  impl.RaftServerImpl (RaftServerImpl.java:setRole(170)) - 73eab992-ebb5-44d3-9477-5e5c7a90fb54@group-E9B6FFDBC393: changes role from  FOLLOWER to CANDIDATE at term 0 for changeToCandidate
2019-10-10 04:47:08,848 [Thread-1572] INFO  impl.RoleInfo (RoleInfo.java:updateAndGet(143)) - 73eab992-ebb5-44d3-9477-5e5c7a90fb54: start LeaderElection
2019-10-10 04:47:08,918 [Thread-1576] INFO  impl.FollowerState (FollowerState.java:run(108)) - 34e3ebc0-5b5d-46dd-884a-c0cd4112c547@group-E9B6FFDBC393-FollowerState: change to CANDIDATE, lastRpcTime:5110ms, electionTimeout:5110ms
2019-10-10 04:47:08,918 [Thread-1576] INFO  impl.RoleInfo (RoleInfo.java:shutdownFollowerState(121)) - 34e3ebc0-5b5d-46dd-884a-c0cd4112c547: shutdown FollowerState
2019-10-10 04:47:08,918 [Thread-1576] INFO  impl.RaftServerImpl (RaftServerImpl.java:setRole(170)) - 34e3ebc0-5b5d-46dd-884a-c0cd4112c547@group-E9B6FFDBC393: changes role from  FOLLOWER to CANDIDATE at term 0 for changeToCandidate
2019-10-10 04:47:08,918 [Thread-1576] INFO  impl.RoleInfo (RoleInfo.java:updateAndGet(143)) - 34e3ebc0-5b5d-46dd-884a-c0cd4112c547: start LeaderElection
2019-10-10 04:47:08,947 [Thread-1586] INFO  impl.FollowerState (FollowerState.java:run(108)) - 0eb251eb-6940-4068-ae5e-a6a65a53440f@group-81BDCEB250F0-FollowerState: change to CANDIDATE, lastRpcTime:5009ms, electionTimeout:5009ms
2019-10-10 04:47:08,947 [Thread-1586] INFO  impl.RoleInfo (RoleInfo.java:shutdownFollowerState(121)) - 0eb251eb-6940-4068-ae5e-a6a65a53440f: shutdown FollowerState
2019-10-10 04:47:08,948 [Thread-1586] INFO  impl.RaftServerImpl (RaftServerImpl.java:setRole(170)) - 0eb251eb-6940-4068-ae5e-a6a65a53440f@group-81BDCEB250F0: changes role from  FOLLOWER to CANDIDATE at term 0 for changeToCandidate
2019-10-10 04:47:08,948 [Thread-1586] INFO  impl.RoleInfo (RoleInfo.java:updateAndGet(143)) - 0eb251eb-6940-4068-ae5e-a6a65a53440f: start LeaderElection
2019-10-10 04:47:08,972 [Thread-1577] INFO  impl.FollowerState (FollowerState.java:run(108)) - ffbf6f60-86d3-4e0d-85bc-5977624a6e04@group-E9B6FFDBC393-FollowerState: change to CANDIDATE, lastRpcTime:5164ms, electionTimeout:5164ms
2019-10-10 04:47:08,973 [Thread-1577] INFO  impl.RoleInfo (RoleInfo.java:shutdownFollowerState(121)) - ffbf6f60-86d3-4e0d-85bc-5977624a6e04: shutdown FollowerState
2019-10-10 04:47:08,973 [Thread-1577] INFO  impl.RaftServerImpl (RaftServerImpl.java:setRole(170)) - ffbf6f60-86d3-4e0d-85bc-5977624a6e04@group-E9B6FFDBC393: changes role from  FOLLOWER to CANDIDATE at term 0 for changeToCandidate
2019-10-10 04:47:08,973 [Thread-1577] INFO  impl.RoleInfo (RoleInfo.java:updateAndGet(143)) - ffbf6f60-86d3-4e0d-85bc-5977624a6e04: start LeaderElection
2019-10-10 04:47:08,979 [Thread-1585] INFO  impl.FollowerState (FollowerState.java:run(108)) - e0b28a99-75f3-4477-a2eb-e02dbf159eb7@group-81BDCEB250F0-FollowerState: change to CANDIDATE, lastRpcTime:5041ms, electionTimeout:5041ms
2019-10-10 04:47:08,979 [Thread-1585] INFO  impl.RoleInfo (RoleInfo.java:shutdownFollowerState(121)) - e0b28a99-75f3-4477-a2eb-e02dbf159eb7: shutdown FollowerState
2019-10-10 04:47:08,979 [Thread-1585] INFO  impl.RaftServerImpl (RaftServerImpl.java:setRole(170)) - e0b28a99-75f3-4477-a2eb-e02dbf159eb7@group-81BDCEB250F0: changes role from  FOLLOWER to CANDIDATE at term 0 for changeToCandidate
2019-10-10 04:47:08,979 [Thread-1585] INFO  impl.RoleInfo (RoleInfo.java:updateAndGet(143)) - e0b28a99-75f3-4477-a2eb-e02dbf159eb7: start LeaderElection
2019-10-10 04:47:09,052 [Thread-1581] INFO  impl.FollowerState (FollowerState.java:run(108)) - 32a365e5-4eb6-46c8-bd0c-52dadb233d34@group-81BDCEB250F0-FollowerState: change to CANDIDATE, lastRpcTime:5121ms, electionTimeout:5121ms
2019-10-10 04:47:09,053 [Thread-1581] INFO  impl.RoleInfo (RoleInfo.java:shutdownFollowerState(121)) - 32a365e5-4eb6-46c8-bd0c-52dadb233d34: shutdown FollowerState
2019-10-10 04:47:09,053 [Thread-1581] INFO  impl.RaftServerImpl (RaftServerImpl.java:setRole(170)) - 32a365e5-4eb6-46c8-bd0c-52dadb233d34@group-81BDCEB250F0: changes role from  FOLLOWER to CANDIDATE at term 0 for changeToCandidate
2019-10-10 04:47:09,053 [Thread-1581] INFO  impl.RoleInfo (RoleInfo.java:updateAndGet(143)) - 32a365e5-4eb6-46c8-bd0c-52dadb233d34: start LeaderElection
2019-10-10 04:47:09,323 [ffbf6f60-86d3-4e0d-85bc-5977624a6e04@group-1DA0CA37DC3E-LeaderElection36] INFO  impl.LeaderElection (LeaderElection.java:askForVotes(178)) - ffbf6f60-86d3-4e0d-85bc-5977624a6e04@group-1DA0CA37DC3E-LeaderElection36: begin an election at term 1 for -1: [ffbf6f60-86d3-4e0d-85bc-5977624a6e04:192.168.164.237:39661], old=null
2019-10-10 04:47:09,323 [73eab992-ebb5-44d3-9477-5e5c7a90fb54@group-26D270306EAA-LeaderElection37] INFO  impl.LeaderElection (LeaderElection.java:askForVotes(178)) - 73eab992-ebb5-44d3-9477-5e5c7a90fb54@group-26D270306EAA-LeaderElection37: begin an election at term 1 for -1: [73eab992-ebb5-44d3-9477-5e5c7a90fb54:192.168.164.237:43435], old=null
2019-10-10 04:47:09,323 [ffbf6f60-86d3-4e0d-85bc-5977624a6e04@group-1DA0CA37DC3E-LeaderElection36] INFO  impl.RoleInfo (RoleInfo.java:shutdownLeaderElection(134)) - ffbf6f60-86d3-4e0d-85bc-5977624a6e04: shutdown LeaderElection
2019-10-10 04:47:09,323 [32a365e5-4eb6-46c8-bd0c-52dadb233d34@group-63F4E4ED39F5-LeaderElection35] INFO  impl.LeaderElection (LeaderElection.java:askForVotes(178)) - 32a365e5-4eb6-46c8-bd0c-52dadb233d34@group-63F4E4ED39F5-LeaderElection35: begin an election at term 1 for -1: [32a365e5-4eb6-46c8-bd0c-52dadb233d34:192.168.164.237:42209], old=null
2019-10-10 04:47:09,323 [e0b28a99-75f3-4477-a2eb-e02dbf159eb7@group-30D965C67BF4-LeaderElection34] INFO  impl.LeaderElection (LeaderElection.java:askForVotes(178)) - e0b28a99-75f3-4477-a2eb-e02dbf159eb7@group-30D965C67BF4-LeaderElection34: begin an election at term 1 for -1: [e0b28a99-75f3-4477-a2eb-e02dbf159eb7:192.168.164.237:34830], old=null
2019-10-10 04:47:09,323 [0eb251eb-6940-4068-ae5e-a6a65a53440f@group-6FADF89F1C08-LeaderElection33] INFO  impl.LeaderElection (LeaderElection.java:askForVotes(178)) - 0eb251eb-6940-4068-ae5e-a6a65a53440f@group-6FADF89F1C08-LeaderElection33: begin an election at term 1 for -1: [0eb251eb-6940-4068-ae5e-a6a65a53440f:192.168.164.237:41092], old=null
2019-10-10 04:47:09,324 [e0b28a99-75f3-4477-a2eb-e02dbf159eb7@group-30D965C67BF4-LeaderElection34] INFO  impl.RoleInfo (RoleInfo.java:shutdownLeaderElection(134)) - e0b28a99-75f3-4477-a2eb-e02dbf159eb7: shutdown LeaderElection
2019-10-10 04:47:09,323 [32a365e5-4eb6-46c8-bd0c-52dadb233d34@group-63F4E4ED39F5-LeaderElection35] INFO  impl.RoleInfo (RoleInfo.java:shutdownLeaderElection(134)) - 32a365e5-4eb6-46c8-bd0c-52dadb233d34: shutdown LeaderElection
2019-10-10 04:47:09,323 [ffbf6f60-86d3-4e0d-85bc-5977624a6e04@group-1DA0CA37DC3E-LeaderElection36] INFO  impl.RaftServerImpl (RaftServerImpl.java:setRole(170)) - ffbf6f60-86d3-4e0d-85bc-5977624a6e04@group-1DA0CA37DC3E: changes role from CANDIDATE to LEADER at term 1 for changeToLeader
2019-10-10 04:47:09,323 [73eab992-ebb5-44d3-9477-5e5c7a90fb54@group-26D270306EAA-LeaderElection37] INFO  impl.RoleInfo (RoleInfo.java:shutdownLeaderElection(134)) - 73eab992-ebb5-44d3-9477-5e5c7a90fb54: shutdown LeaderElection
2019-10-10 04:47:09,324 [ffbf6f60-86d3-4e0d-85bc-5977624a6e04@group-1DA0CA37DC3E-LeaderElection36] INFO  impl.RaftServerImpl (ServerState.java:setLeader(255)) - ffbf6f60-86d3-4e0d-85bc-5977624a6e04@group-1DA0CA37DC3E: change Leader from null to ffbf6f60-86d3-4e0d-85bc-5977624a6e04 at term 1 for becomeLeader, leader elected after 5952ms
2019-10-10 04:47:09,324 [32a365e5-4eb6-46c8-bd0c-52dadb233d34@group-63F4E4ED39F5-LeaderElection35] INFO  impl.RaftServerImpl (RaftServerImpl.java:setRole(170)) - 32a365e5-4eb6-46c8-bd0c-52dadb233d34@group-63F4E4ED39F5: changes role from CANDIDATE to LEADER at term 1 for changeToLeader
2019-10-10 04:47:09,324 [e0b28a99-75f3-4477-a2eb-e02dbf159eb7@group-30D965C67BF4-LeaderElection34] INFO  impl.RaftServerImpl (RaftServerImpl.java:setRole(170)) - e0b28a99-75f3-4477-a2eb-e02dbf159eb7@group-30D965C67BF4: changes role from CANDIDATE to LEADER at term 1 for changeToLeader
2019-10-10 04:47:09,324 [0eb251eb-6940-4068-ae5e-a6a65a53440f@group-6FADF89F1C08-LeaderElection33] INFO  impl.RoleInfo (RoleInfo.java:shutdownLeaderElection(134)) - 0eb251eb-6940-4068-ae5e-a6a65a53440f: shutdown LeaderElection
2019-10-10 04:47:09,325 [e0b28a99-75f3-4477-a2eb-e02dbf159eb7@group-30D965C67BF4-LeaderElection34] INFO  impl.RaftServerImpl (ServerState.java:setLeader(255)) - e0b28a99-75f3-4477-a2eb-e02dbf159eb7@group-30D965C67BF4: change Leader from null to e0b28a99-75f3-4477-a2eb-e02dbf159eb7 at term 1 for becomeLeader, leader elected after 6048ms
2019-10-10 04:47:09,325 [32a365e5-4eb6-46c8-bd0c-52dadb233d34@group-63F4E4ED39F5-LeaderElection35] INFO  impl.RaftServerImpl (ServerState.java:setLeader(255)) - 32a365e5-4eb6-46c8-bd0c-52dadb233d34@group-63F4E4ED39F5: change Leader from null to 32a365e5-4eb6-46c8-bd0c-52dadb233d34 at term 1 for becomeLeader, leader elected after 6121ms
2019-10-10 04:47:09,325 [ffbf6f60-86d3-4e0d-85bc-5977624a6e04@group-1DA0CA37DC3E-LeaderElection36] INFO  server.RaftServerConfigKeys (ConfUtils.java:logGet(43)) - raft.server.staging.catchup.gap = 1000 (default)
2019-10-10 04:47:09,324 [73eab992-ebb5-44d3-9477-5e5c7a90fb54@group-26D270306EAA-LeaderElection37] INFO  impl.RaftServerImpl (RaftServerImpl.java:setRole(170)) - 73eab992-ebb5-44d3-9477-5e5c7a90fb54@group-26D270306EAA: changes role from CANDIDATE to LEADER at term 1 for changeToLeader
2019-10-10 04:47:09,325 [ffbf6f60-86d3-4e0d-85bc-5977624a6e04@group-1DA0CA37DC3E-LeaderElection36] INFO  server.RaftServerConfigKeys (ConfUtils.java:logGet(43)) - raft.server.rpc.sleep.time = 25ms (default)
2019-10-10 04:47:09,325 [32a365e5-4eb6-46c8-bd0c-52dadb233d34@group-63F4E4ED39F5-LeaderElection35] INFO  server.RaftServerConfigKeys (ConfUtils.java:logGet(43)) - raft.server.staging.catchup.gap = 1000 (default)
2019-10-10 04:47:09,325 [e0b28a99-75f3-4477-a2eb-e02dbf159eb7@group-30D965C67BF4-LeaderElection34] INFO  server.RaftServerConfigKeys (ConfUtils.java:logGet(43)) - raft.server.staging.catchup.gap = 1000 (default)
2019-10-10 04:47:09,325 [0eb251eb-6940-4068-ae5e-a6a65a53440f@group-6FADF89F1C08-LeaderElection33] INFO  impl.RaftServerImpl (RaftServerImpl.java:setRole(170)) - 0eb251eb-6940-4068-ae5e-a6a65a53440f@group-6FADF89F1C08: changes role from CANDIDATE to LEADER at term 1 for changeToLeader
2019-10-10 04:47:09,326 [e0b28a99-75f3-4477-a2eb-e02dbf159eb7@group-30D965C67BF4-LeaderElection34] INFO  server.RaftServerConfigKeys (ConfUtils.java:logGet(43)) - raft.server.rpc.sleep.time = 25ms (default)
2019-10-10 04:47:09,326 [32a365e5-4eb6-46c8-bd0c-52dadb233d34@group-63F4E4ED39F5-LeaderElection35] INFO  server.RaftServerConfigKeys (ConfUtils.java:logGet(43)) - raft.server.rpc.sleep.time = 25ms (default)
2019-10-10 04:47:09,326 [e0b28a99-75f3-4477-a2eb-e02dbf159eb7@group-30D965C67BF4-LeaderElection34] INFO  server.RaftServerConfigKeys (ConfUtils.java:logGet(43)) - raft.server.write.element-limit = 4096 (default)
2019-10-10 04:47:09,326 [ffbf6f60-86d3-4e0d-85bc-5977624a6e04@group-1DA0CA37DC3E-LeaderElection36] INFO  server.RaftServerConfigKeys (ConfUtils.java:logGet(43)) - raft.server.write.element-limit = 4096 (default)
2019-10-10 04:47:09,325 [73eab992-ebb5-44d3-9477-5e5c7a90fb54@group-26D270306EAA-LeaderElection37] INFO  impl.RaftServerImpl (ServerState.java:setLeader(255)) - 73eab992-ebb5-44d3-9477-5e5c7a90fb54@group-26D270306EAA: change Leader from null to 73eab992-ebb5-44d3-9477-5e5c7a90fb54 at term 1 for becomeLeader, leader elected after 5866ms
2019-10-10 04:47:09,327 [ffbf6f60-86d3-4e0d-85bc-5977624a6e04@group-1DA0CA37DC3E-LeaderElection36] INFO  server.RaftServerConfigKeys (ConfUtils.java:logGet(43)) - raft.server.watch.timeout = 10s (default)
2019-10-10 04:47:09,326 [e0b28a99-75f3-4477-a2eb-e02dbf159eb7@group-30D965C67BF4-LeaderElection34] INFO  server.RaftServerConfigKeys (ConfUtils.java:logGet(43)) - raft.server.watch.timeout = 10s (default)
2019-10-10 04:47:09,326 [32a365e5-4eb6-46c8-bd0c-52dadb233d34@group-63F4E4ED39F5-LeaderElection35] INFO  server.RaftServerConfigKeys (ConfUtils.java:logGet(43)) - raft.server.write.element-limit = 4096 (default)
2019-10-10 04:47:09,326 [0eb251eb-6940-4068-ae5e-a6a65a53440f@group-6FADF89F1C08-LeaderElection33] INFO  impl.RaftServerImpl (ServerState.java:setLeader(255)) - 0eb251eb-6940-4068-ae5e-a6a65a53440f@group-6FADF89F1C08: change Leader from null to 0eb251eb-6940-4068-ae5e-a6a65a53440f at term 1 for becomeLeader, leader elected after 6240ms
2019-10-10 04:47:09,327 [32a365e5-4eb6-46c8-bd0c-52dadb233d34@group-63F4E4ED39F5-LeaderElection35] INFO  server.RaftServerConfigKeys (ConfUtils.java:logGet(43)) - raft.server.watch.timeout = 10s (default)
2019-10-10 04:47:09,327 [e0b28a99-75f3-4477-a2eb-e02dbf159eb7@group-30D965C67BF4-LeaderElection34] INFO  server.RaftServerConfigKeys (ConfUtils.java:logGet(43)) - raft.server.watch.timeout.denomination = 1s (default)
2019-10-10 04:47:09,327 [ffbf6f60-86d3-4e0d-85bc-5977624a6e04@group-1DA0CA37DC3E-LeaderElection36] INFO  server.RaftServerConfigKeys (ConfUtils.java:logGet(43)) - raft.server.watch.timeout.denomination = 1s (default)
2019-10-10 04:47:09,327 [73eab992-ebb5-44d3-9477-5e5c7a90fb54@group-26D270306EAA-LeaderElection37] INFO  server.RaftServerConfigKeys (ConfUtils.java:logGet(43)) - raft.server.staging.catchup.gap = 1000 (default)
2019-10-10 04:47:09,328 [ffbf6f60-86d3-4e0d-85bc-5977624a6e04@group-1DA0CA37DC3E-LeaderElection36] INFO  server.RaftServerConfigKeys (ConfUtils.java:logGet(43)) - raft.server.watch.element-limit = 65536 (default)
2019-10-10 04:47:09,328 [e0b28a99-75f3-4477-a2eb-e02dbf159eb7@group-30D965C67BF4-LeaderElection34] INFO  server.RaftServerConfigKeys (ConfUtils.java:logGet(43)) - raft.server.watch.element-limit = 65536 (default)
2019-10-10 04:47:09,327 [32a365e5-4eb6-46c8-bd0c-52dadb233d34@group-63F4E4ED39F5-LeaderElection35] INFO  server.RaftServerConfigKeys (ConfUtils.java:logGet(43)) - raft.server.watch.timeout.denomination = 1s (default)
2019-10-10 04:47:09,327 [0eb251eb-6940-4068-ae5e-a6a65a53440f@group-6FADF89F1C08-LeaderElection33] INFO  server.RaftServerConfigKeys (ConfUtils.java:logGet(43)) - raft.server.staging.catchup.gap = 1000 (default)
2019-10-10 04:47:09,329 [32a365e5-4eb6-46c8-bd0c-52dadb233d34@group-63F4E4ED39F5-LeaderElection35] INFO  server.RaftServerConfigKeys (ConfUtils.java:logGet(43)) - raft.server.watch.element-limit = 65536 (default)
2019-10-10 04:47:09,328 [73eab992-ebb5-44d3-9477-5e5c7a90fb54@group-26D270306EAA-LeaderElection37] INFO  server.RaftServerConfigKeys (ConfUtils.java:logGet(43)) - raft.server.rpc.sleep.time = 25ms (default)
2019-10-10 04:47:09,329 [0eb251eb-6940-4068-ae5e-a6a65a53440f@group-6FADF89F1C08-LeaderElection33] INFO  server.RaftServerConfigKeys (ConfUtils.java:logGet(43)) - raft.server.rpc.sleep.time = 25ms (default)
2019-10-10 04:47:09,329 [73eab992-ebb5-44d3-9477-5e5c7a90fb54@group-26D270306EAA-LeaderElection37] INFO  server.RaftServerConfigKeys (ConfUtils.java:logGet(43)) - raft.server.write.element-limit = 4096 (default)
2019-10-10 04:47:09,329 [0eb251eb-6940-4068-ae5e-a6a65a53440f@group-6FADF89F1C08-LeaderElection33] INFO  server.RaftServerConfigKeys (ConfUtils.java:logGet(43)) - raft.server.write.element-limit = 4096 (default)
2019-10-10 04:47:09,329 [73eab992-ebb5-44d3-9477-5e5c7a90fb54@group-26D270306EAA-LeaderElection37] INFO  server.RaftServerConfigKeys (ConfUtils.java:logGet(43)) - raft.server.watch.timeout = 10s (default)
2019-10-10 04:47:09,330 [0eb251eb-6940-4068-ae5e-a6a65a53440f@group-6FADF89F1C08-LeaderElection33] INFO  server.RaftServerConfigKeys (ConfUtils.java:logGet(43)) - raft.server.watch.timeout = 10s (default)
2019-10-10 04:47:09,330 [73eab992-ebb5-44d3-9477-5e5c7a90fb54@group-26D270306EAA-LeaderElection37] INFO  server.RaftServerConfigKeys (ConfUtils.java:logGet(43)) - raft.server.watch.timeout.denomination = 1s (default)
2019-10-10 04:47:09,330 [0eb251eb-6940-4068-ae5e-a6a65a53440f@group-6FADF89F1C08-LeaderElection33] INFO  server.RaftServerConfigKeys (ConfUtils.java:logGet(43)) - raft.server.watch.timeout.denomination = 1s (default)
2019-10-10 04:47:09,330 [73eab992-ebb5-44d3-9477-5e5c7a90fb54@group-26D270306EAA-LeaderElection37] INFO  server.RaftServerConfigKeys (ConfUtils.java:logGet(43)) - raft.server.watch.element-limit = 65536 (default)
2019-10-10 04:47:09,331 [0eb251eb-6940-4068-ae5e-a6a65a53440f@group-6FADF89F1C08-LeaderElection33] INFO  server.RaftServerConfigKeys (ConfUtils.java:logGet(43)) - raft.server.watch.element-limit = 65536 (default)
2019-10-10 04:47:09,336 [ffbf6f60-86d3-4e0d-85bc-5977624a6e04@group-1DA0CA37DC3E-LeaderElection36] INFO  impl.RoleInfo (RoleInfo.java:updateAndGet(143)) - ffbf6f60-86d3-4e0d-85bc-5977624a6e04: start LeaderState
2019-10-10 04:47:09,336 [ffbf6f60-86d3-4e0d-85bc-5977624a6e04@group-1DA0CA37DC3E-LeaderElection36] INFO  segmented.SegmentedRaftLogWorker (SegmentedRaftLogWorker.java:startLogSegment(385)) - ffbf6f60-86d3-4e0d-85bc-5977624a6e04@group-1DA0CA37DC3E-SegmentedRaftLogWorker: Starting segment from index:0
2019-10-10 04:47:09,337 [32a365e5-4eb6-46c8-bd0c-52dadb233d34@group-63F4E4ED39F5-LeaderElection35] INFO  impl.RoleInfo (RoleInfo.java:updateAndGet(143)) - 32a365e5-4eb6-46c8-bd0c-52dadb233d34: start LeaderState
2019-10-10 04:47:09,337 [ffbf6f60-86d3-4e0d-85bc-5977624a6e04@group-1DA0CA37DC3E-LeaderElection36] INFO  impl.RaftServerImpl (ServerState.java:setRaftConf(356)) - ffbf6f60-86d3-4e0d-85bc-5977624a6e04@group-1DA0CA37DC3E: set configuration 0: [ffbf6f60-86d3-4e0d-85bc-5977624a6e04:192.168.164.237:39661], old=null at 0
2019-10-10 04:47:09,337 [32a365e5-4eb6-46c8-bd0c-52dadb233d34@group-63F4E4ED39F5-LeaderElection35] INFO  segmented.SegmentedRaftLogWorker (SegmentedRaftLogWorker.java:startLogSegment(385)) - 32a365e5-4eb6-46c8-bd0c-52dadb233d34@group-63F4E4ED39F5-SegmentedRaftLogWorker: Starting segment from index:0
2019-10-10 04:47:09,337 [e0b28a99-75f3-4477-a2eb-e02dbf159eb7@group-30D965C67BF4-LeaderElection34] INFO  impl.RoleInfo (RoleInfo.java:updateAndGet(143)) - e0b28a99-75f3-4477-a2eb-e02dbf159eb7: start LeaderState
2019-10-10 04:47:09,338 [e0b28a99-75f3-4477-a2eb-e02dbf159eb7@group-30D965C67BF4-LeaderElection34] INFO  segmented.SegmentedRaftLogWorker (SegmentedRaftLogWorker.java:startLogSegment(385)) - e0b28a99-75f3-4477-a2eb-e02dbf159eb7@group-30D965C67BF4-SegmentedRaftLogWorker: Starting segment from index:0
2019-10-10 04:47:09,338 [32a365e5-4eb6-46c8-bd0c-52dadb233d34@group-63F4E4ED39F5-LeaderElection35] INFO  impl.RaftServerImpl (ServerState.java:setRaftConf(356)) - 32a365e5-4eb6-46c8-bd0c-52dadb233d34@group-63F4E4ED39F5: set configuration 0: [32a365e5-4eb6-46c8-bd0c-52dadb233d34:192.168.164.237:42209], old=null at 0
2019-10-10 04:47:09,338 [73eab992-ebb5-44d3-9477-5e5c7a90fb54@group-26D270306EAA-LeaderElection37] INFO  impl.RoleInfo (RoleInfo.java:updateAndGet(143)) - 73eab992-ebb5-44d3-9477-5e5c7a90fb54: start LeaderState
2019-10-10 04:47:09,338 [0eb251eb-6940-4068-ae5e-a6a65a53440f@group-6FADF89F1C08-LeaderElection33] INFO  impl.RoleInfo (RoleInfo.java:updateAndGet(143)) - 0eb251eb-6940-4068-ae5e-a6a65a53440f: start LeaderState
2019-10-10 04:47:09,339 [e0b28a99-75f3-4477-a2eb-e02dbf159eb7@group-30D965C67BF4-LeaderElection34] INFO  impl.RaftServerImpl (ServerState.java:setRaftConf(356)) - e0b28a99-75f3-4477-a2eb-e02dbf159eb7@group-30D965C67BF4: set configuration 0: [e0b28a99-75f3-4477-a2eb-e02dbf159eb7:192.168.164.237:34830], old=null at 0
2019-10-10 04:47:09,339 [0eb251eb-6940-4068-ae5e-a6a65a53440f@group-6FADF89F1C08-LeaderElection33] INFO  segmented.SegmentedRaftLogWorker (SegmentedRaftLogWorker.java:startLogSegment(385)) - 0eb251eb-6940-4068-ae5e-a6a65a53440f@group-6FADF89F1C08-SegmentedRaftLogWorker: Starting segment from index:0
2019-10-10 04:47:09,339 [73eab992-ebb5-44d3-9477-5e5c7a90fb54@group-26D270306EAA-LeaderElection37] INFO  segmented.SegmentedRaftLogWorker (SegmentedRaftLogWorker.java:startLogSegment(385)) - 73eab992-ebb5-44d3-9477-5e5c7a90fb54@group-26D270306EAA-SegmentedRaftLogWorker: Starting segment from index:0
2019-10-10 04:47:09,339 [0eb251eb-6940-4068-ae5e-a6a65a53440f@group-6FADF89F1C08-LeaderElection33] INFO  impl.RaftServerImpl (ServerState.java:setRaftConf(356)) - 0eb251eb-6940-4068-ae5e-a6a65a53440f@group-6FADF89F1C08: set configuration 0: [0eb251eb-6940-4068-ae5e-a6a65a53440f:192.168.164.237:41092], old=null at 0
2019-10-10 04:47:09,339 [73eab992-ebb5-44d3-9477-5e5c7a90fb54@group-26D270306EAA-LeaderElection37] INFO  impl.RaftServerImpl (ServerState.java:setRaftConf(356)) - 73eab992-ebb5-44d3-9477-5e5c7a90fb54@group-26D270306EAA: set configuration 0: [73eab992-ebb5-44d3-9477-5e5c7a90fb54:192.168.164.237:43435], old=null at 0
2019-10-10 04:47:09,443 [34e3ebc0-5b5d-46dd-884a-c0cd4112c547@group-FFF7E4CFCF5A-LeaderElection38] INFO  impl.LeaderElection (LeaderElection.java:askForVotes(178)) - 34e3ebc0-5b5d-46dd-884a-c0cd4112c547@group-FFF7E4CFCF5A-LeaderElection38: begin an election at term 1 for -1: [34e3ebc0-5b5d-46dd-884a-c0cd4112c547:192.168.164.237:38118], old=null
2019-10-10 04:47:09,443 [0eb251eb-6940-4068-ae5e-a6a65a53440f@group-81BDCEB250F0-LeaderElection42] INFO  impl.LeaderElection (LeaderElection.java:askForVotes(178)) - 0eb251eb-6940-4068-ae5e-a6a65a53440f@group-81BDCEB250F0-LeaderElection42: begin an election at term 1 for -1: [32a365e5-4eb6-46c8-bd0c-52dadb233d34:192.168.164.237:42209, 0eb251eb-6940-4068-ae5e-a6a65a53440f:192.168.164.237:41092, e0b28a99-75f3-4477-a2eb-e02dbf159eb7:192.168.164.237:34830], old=null
2019-10-10 04:47:09,443 [e0b28a99-75f3-4477-a2eb-e02dbf159eb7@group-81BDCEB250F0-LeaderElection44] INFO  impl.LeaderElection (LeaderElection.java:askForVotes(178)) - e0b28a99-75f3-4477-a2eb-e02dbf159eb7@group-81BDCEB250F0-LeaderElection44: begin an election at term 1 for -1: [32a365e5-4eb6-46c8-bd0c-52dadb233d34:192.168.164.237:42209, 0eb251eb-6940-4068-ae5e-a6a65a53440f:192.168.164.237:41092, e0b28a99-75f3-4477-a2eb-e02dbf159eb7:192.168.164.237:34830], old=null
2019-10-10 04:47:09,443 [34e3ebc0-5b5d-46dd-884a-c0cd4112c547@group-E9B6FFDBC393-LeaderElection41] INFO  impl.LeaderElection (LeaderElection.java:askForVotes(178)) - 34e3ebc0-5b5d-46dd-884a-c0cd4112c547@group-E9B6FFDBC393-LeaderElection41: begin an election at term 1 for -1: [34e3ebc0-5b5d-46dd-884a-c0cd4112c547:192.168.164.237:38118, ffbf6f60-86d3-4e0d-85bc-5977624a6e04:192.168.164.237:39661, 73eab992-ebb5-44d3-9477-5e5c7a90fb54:192.168.164.237:43435], old=null
2019-10-10 04:47:09,443 [73eab992-ebb5-44d3-9477-5e5c7a90fb54@group-E9B6FFDBC393-LeaderElection40] INFO  impl.LeaderElection (LeaderElection.java:askForVotes(178)) - 73eab992-ebb5-44d3-9477-5e5c7a90fb54@group-E9B6FFDBC393-LeaderElection40: begin an election at term 1 for -1: [34e3ebc0-5b5d-46dd-884a-c0cd4112c547:192.168.164.237:38118, ffbf6f60-86d3-4e0d-85bc-5977624a6e04:192.168.164.237:39661, 73eab992-ebb5-44d3-9477-5e5c7a90fb54:192.168.164.237:43435], old=null
2019-10-10 04:47:09,443 [5cd7ea00-4a37-4d2d-a123-7944377dc649@group-20B6CA511BC1-LeaderElection39] INFO  impl.LeaderElection (LeaderElection.java:askForVotes(178)) - 5cd7ea00-4a37-4d2d-a123-7944377dc649@group-20B6CA511BC1-LeaderElection39: begin an election at term 1 for -1: [5cd7ea00-4a37-4d2d-a123-7944377dc649:192.168.164.237:33519], old=null
2019-10-10 04:47:09,443 [ffbf6f60-86d3-4e0d-85bc-5977624a6e04@group-E9B6FFDBC393-LeaderElection43] INFO  impl.LeaderElection (LeaderElection.java:askForVotes(178)) - ffbf6f60-86d3-4e0d-85bc-5977624a6e04@group-E9B6FFDBC393-LeaderElection43: begin an election at term 1 for -1: [34e3ebc0-5b5d-46dd-884a-c0cd4112c547:192.168.164.237:38118, ffbf6f60-86d3-4e0d-85bc-5977624a6e04:192.168.164.237:39661, 73eab992-ebb5-44d3-9477-5e5c7a90fb54:192.168.164.237:43435], old=null
2019-10-10 04:47:09,443 [32a365e5-4eb6-46c8-bd0c-52dadb233d34@group-81BDCEB250F0-LeaderElection45] INFO  impl.LeaderElection (LeaderElection.java:askForVotes(178)) - 32a365e5-4eb6-46c8-bd0c-52dadb233d34@group-81BDCEB250F0-LeaderElection45: begin an election at term 1 for -1: [32a365e5-4eb6-46c8-bd0c-52dadb233d34:192.168.164.237:42209, 0eb251eb-6940-4068-ae5e-a6a65a53440f:192.168.164.237:41092, e0b28a99-75f3-4477-a2eb-e02dbf159eb7:192.168.164.237:34830], old=null
2019-10-10 04:47:09,444 [5cd7ea00-4a37-4d2d-a123-7944377dc649@group-20B6CA511BC1-LeaderElection39] INFO  impl.RoleInfo (RoleInfo.java:shutdownLeaderElection(134)) - 5cd7ea00-4a37-4d2d-a123-7944377dc649: shutdown LeaderElection
2019-10-10 04:47:09,443 [34e3ebc0-5b5d-46dd-884a-c0cd4112c547@group-FFF7E4CFCF5A-LeaderElection38] INFO  impl.RoleInfo (RoleInfo.java:shutdownLeaderElection(134)) - 34e3ebc0-5b5d-46dd-884a-c0cd4112c547: shutdown LeaderElection
2019-10-10 04:47:09,444 [5cd7ea00-4a37-4d2d-a123-7944377dc649@group-20B6CA511BC1-LeaderElection39] INFO  impl.RaftServerImpl (RaftServerImpl.java:setRole(170)) - 5cd7ea00-4a37-4d2d-a123-7944377dc649@group-20B6CA511BC1: changes role from CANDIDATE to LEADER at term 1 for changeToLeader
2019-10-10 04:47:09,445 [34e3ebc0-5b5d-46dd-884a-c0cd4112c547@group-FFF7E4CFCF5A-LeaderElection38] INFO  impl.RaftServerImpl (RaftServerImpl.java:setRole(170)) - 34e3ebc0-5b5d-46dd-884a-c0cd4112c547@group-FFF7E4CFCF5A: changes role from CANDIDATE to LEADER at term 1 for changeToLeader
2019-10-10 04:47:09,445 [5cd7ea00-4a37-4d2d-a123-7944377dc649@group-20B6CA511BC1-LeaderElection39] INFO  impl.RaftServerImpl (ServerState.java:setLeader(255)) - 5cd7ea00-4a37-4d2d-a123-7944377dc649@group-20B6CA511BC1: change Leader from null to 5cd7ea00-4a37-4d2d-a123-7944377dc649 at term 1 for becomeLeader, leader elected after 5795ms
2019-10-10 04:47:09,445 [34e3ebc0-5b5d-46dd-884a-c0cd4112c547@group-FFF7E4CFCF5A-LeaderElection38] INFO  impl.RaftServerImpl (ServerState.java:setLeader(255)) - 34e3ebc0-5b5d-46dd-884a-c0cd4112c547@group-FFF7E4CFCF5A: change Leader from null to 34e3ebc0-5b5d-46dd-884a-c0cd4112c547 at term 1 for becomeLeader, leader elected after 5890ms
2019-10-10 04:47:09,445 [5cd7ea00-4a37-4d2d-a123-7944377dc649@group-20B6CA511BC1-LeaderElection39] INFO  server.RaftServerConfigKeys (ConfUtils.java:logGet(43)) - raft.server.staging.catchup.gap = 1000 (default)
2019-10-10 04:47:09,445 [34e3ebc0-5b5d-46dd-884a-c0cd4112c547@group-FFF7E4CFCF5A-LeaderElection38] INFO  server.RaftServerConfigKeys (ConfUtils.java:logGet(43)) - raft.server.staging.catchup.gap = 1000 (default)
2019-10-10 04:47:09,445 [5cd7ea00-4a37-4d2d-a123-7944377dc649@group-20B6CA511BC1-LeaderElection39] INFO  server.RaftServerConfigKeys (ConfUtils.java:logGet(43)) - raft.server.rpc.sleep.time = 25ms (default)
2019-10-10 04:47:09,446 [34e3ebc0-5b5d-46dd-884a-c0cd4112c547@group-FFF7E4CFCF5A-LeaderElection38] INFO  server.RaftServerConfigKeys (ConfUtils.java:logGet(43)) - raft.server.rpc.sleep.time = 25ms (default)
2019-10-10 04:47:09,447 [34e3ebc0-5b5d-46dd-884a-c0cd4112c547@group-FFF7E4CFCF5A-LeaderElection38] INFO  server.RaftServerConfigKeys (ConfUtils.java:logGet(43)) - raft.server.write.element-limit = 4096 (default)
2019-10-10 04:47:09,447 [5cd7ea00-4a37-4d2d-a123-7944377dc649@group-20B6CA511BC1-LeaderElection39] INFO  server.RaftServerConfigKeys (ConfUtils.java:logGet(43)) - raft.server.write.element-limit = 4096 (default)
2019-10-10 04:47:09,447 [34e3ebc0-5b5d-46dd-884a-c0cd4112c547@group-FFF7E4CFCF5A-LeaderElection38] INFO  server.RaftServerConfigKeys (ConfUtils.java:logGet(43)) - raft.server.watch.timeout = 10s (default)
2019-10-10 04:47:09,447 [5cd7ea00-4a37-4d2d-a123-7944377dc649@group-20B6CA511BC1-LeaderElection39] INFO  server.RaftServerConfigKeys (ConfUtils.java:logGet(43)) - raft.server.watch.timeout = 10s (default)
2019-10-10 04:47:09,447 [34e3ebc0-5b5d-46dd-884a-c0cd4112c547@group-FFF7E4CFCF5A-LeaderElection38] INFO  server.RaftServerConfigKeys (ConfUtils.java:logGet(43)) - raft.server.watch.timeout.denomination = 1s (default)
2019-10-10 04:47:09,448 [5cd7ea00-4a37-4d2d-a123-7944377dc649@group-20B6CA511BC1-LeaderElection39] INFO  server.RaftServerConfigKeys (ConfUtils.java:logGet(43)) - raft.server.watch.timeout.denomination = 1s (default)
2019-10-10 04:47:09,448 [34e3ebc0-5b5d-46dd-884a-c0cd4112c547@group-FFF7E4CFCF5A-LeaderElection38] INFO  server.RaftServerConfigKeys (ConfUtils.java:logGet(43)) - raft.server.watch.element-limit = 65536 (default)
2019-10-10 04:47:09,458 [5cd7ea00-4a37-4d2d-a123-7944377dc649@group-20B6CA511BC1-LeaderElection39] INFO  server.RaftServerConfigKeys (ConfUtils.java:logGet(43)) - raft.server.watch.element-limit = 65536 (default)
2019-10-10 04:47:09,464 [34e3ebc0-5b5d-46dd-884a-c0cd4112c547@group-FFF7E4CFCF5A-LeaderElection38] INFO  impl.RoleInfo (RoleInfo.java:updateAndGet(143)) - 34e3ebc0-5b5d-46dd-884a-c0cd4112c547: start LeaderState
2019-10-10 04:47:09,465 [5cd7ea00-4a37-4d2d-a123-7944377dc649@group-20B6CA511BC1-LeaderElection39] INFO  impl.RoleInfo (RoleInfo.java:updateAndGet(143)) - 5cd7ea00-4a37-4d2d-a123-7944377dc649: start LeaderState
2019-10-10 04:47:09,465 [34e3ebc0-5b5d-46dd-884a-c0cd4112c547@group-FFF7E4CFCF5A-LeaderElection38] INFO  segmented.SegmentedRaftLogWorker (SegmentedRaftLogWorker.java:startLogSegment(385)) - 34e3ebc0-5b5d-46dd-884a-c0cd4112c547@group-FFF7E4CFCF5A-SegmentedRaftLogWorker: Starting segment from index:0
2019-10-10 04:47:09,465 [5cd7ea00-4a37-4d2d-a123-7944377dc649@group-20B6CA511BC1-LeaderElection39] INFO  segmented.SegmentedRaftLogWorker (SegmentedRaftLogWorker.java:startLogSegment(385)) - 5cd7ea00-4a37-4d2d-a123-7944377dc649@group-20B6CA511BC1-SegmentedRaftLogWorker: Starting segment from index:0
2019-10-10 04:47:09,465 [34e3ebc0-5b5d-46dd-884a-c0cd4112c547@group-FFF7E4CFCF5A-LeaderElection38] INFO  impl.RaftServerImpl (ServerState.java:setRaftConf(356)) - 34e3ebc0-5b5d-46dd-884a-c0cd4112c547@group-FFF7E4CFCF5A: set configuration 0: [34e3ebc0-5b5d-46dd-884a-c0cd4112c547:192.168.164.237:38118], old=null at 0
2019-10-10 04:47:09,466 [5cd7ea00-4a37-4d2d-a123-7944377dc649@group-20B6CA511BC1-LeaderElection39] INFO  impl.RaftServerImpl (ServerState.java:setRaftConf(356)) - 5cd7ea00-4a37-4d2d-a123-7944377dc649@group-20B6CA511BC1: set configuration 0: [5cd7ea00-4a37-4d2d-a123-7944377dc649:192.168.164.237:33519], old=null at 0
2019-10-10 04:47:09,466 [0eb251eb-6940-4068-ae5e-a6a65a53440f@group-81BDCEB250F0-LeaderElection42] INFO  impl.LeaderElection (LeaderElection.java:logAndReturn(56)) - 0eb251eb-6940-4068-ae5e-a6a65a53440f@group-81BDCEB250F0-LeaderElection42: Election REJECTED; received 2 response(s) [0eb251eb-6940-4068-ae5e-a6a65a53440f<-32a365e5-4eb6-46c8-bd0c-52dadb233d34#0:FAIL-t1, 0eb251eb-6940-4068-ae5e-a6a65a53440f<-e0b28a99-75f3-4477-a2eb-e02dbf159eb7#0:FAIL-t1] and 0 exception(s); 0eb251eb-6940-4068-ae5e-a6a65a53440f@group-81BDCEB250F0:t1, leader=null, voted=0eb251eb-6940-4068-ae5e-a6a65a53440f, raftlog=0eb251eb-6940-4068-ae5e-a6a65a53440f@group-81BDCEB250F0-SegmentedRaftLog:OPENED:c-1,f-1,i0, conf=-1: [32a365e5-4eb6-46c8-bd0c-52dadb233d34:192.168.164.237:42209, 0eb251eb-6940-4068-ae5e-a6a65a53440f:192.168.164.237:41092, e0b28a99-75f3-4477-a2eb-e02dbf159eb7:192.168.164.237:34830], old=null
2019-10-10 04:47:09,467 [0eb251eb-6940-4068-ae5e-a6a65a53440f@group-81BDCEB250F0-LeaderElection42] INFO  impl.RaftServerImpl (RaftServerImpl.java:setRole(170)) - 0eb251eb-6940-4068-ae5e-a6a65a53440f@group-81BDCEB250F0: changes role from CANDIDATE to FOLLOWER at term 1 for DISCOVERED_A_NEW_TERM
2019-10-10 04:47:09,467 [0eb251eb-6940-4068-ae5e-a6a65a53440f@group-81BDCEB250F0-LeaderElection42] INFO  impl.RoleInfo (RoleInfo.java:shutdownLeaderElection(134)) - 0eb251eb-6940-4068-ae5e-a6a65a53440f: shutdown LeaderElection
2019-10-10 04:47:09,467 [0eb251eb-6940-4068-ae5e-a6a65a53440f@group-81BDCEB250F0-LeaderElection42] INFO  impl.RoleInfo (RoleInfo.java:updateAndGet(143)) - 0eb251eb-6940-4068-ae5e-a6a65a53440f: start FollowerState
2019-10-10 04:47:09,468 [34e3ebc0-5b5d-46dd-884a-c0cd4112c547@group-E9B6FFDBC393-LeaderElection41] INFO  impl.LeaderElection (LeaderElection.java:logAndReturn(56)) - 34e3ebc0-5b5d-46dd-884a-c0cd4112c547@group-E9B6FFDBC393-LeaderElection41: Election REJECTED; received 2 response(s) [34e3ebc0-5b5d-46dd-884a-c0cd4112c547<-ffbf6f60-86d3-4e0d-85bc-5977624a6e04#0:FAIL-t1, 34e3ebc0-5b5d-46dd-884a-c0cd4112c547<-73eab992-ebb5-44d3-9477-5e5c7a90fb54#0:FAIL-t1] and 0 exception(s); 34e3ebc0-5b5d-46dd-884a-c0cd4112c547@group-E9B6FFDBC393:t1, leader=null, voted=34e3ebc0-5b5d-46dd-884a-c0cd4112c547, raftlog=34e3ebc0-5b5d-46dd-884a-c0cd4112c547@group-E9B6FFDBC393-SegmentedRaftLog:OPENED:c-1,f-1,i0, conf=-1: [34e3ebc0-5b5d-46dd-884a-c0cd4112c547:192.168.164.237:38118, ffbf6f60-86d3-4e0d-85bc-5977624a6e04:192.168.164.237:39661, 73eab992-ebb5-44d3-9477-5e5c7a90fb54:192.168.164.237:43435], old=null
2019-10-10 04:47:09,501 [34e3ebc0-5b5d-46dd-884a-c0cd4112c547@group-E9B6FFDBC393-LeaderElection41] INFO  impl.RaftServerImpl (RaftServerImpl.java:setRole(170)) - 34e3ebc0-5b5d-46dd-884a-c0cd4112c547@group-E9B6FFDBC393: changes role from CANDIDATE to FOLLOWER at term 1 for DISCOVERED_A_NEW_TERM
2019-10-10 04:47:09,501 [34e3ebc0-5b5d-46dd-884a-c0cd4112c547@group-E9B6FFDBC393-LeaderElection41] INFO  impl.RoleInfo (RoleInfo.java:shutdownLeaderElection(134)) - 34e3ebc0-5b5d-46dd-884a-c0cd4112c547: shutdown LeaderElection
2019-10-10 04:47:09,501 [34e3ebc0-5b5d-46dd-884a-c0cd4112c547@group-E9B6FFDBC393-LeaderElection41] INFO  impl.RoleInfo (RoleInfo.java:updateAndGet(143)) - 34e3ebc0-5b5d-46dd-884a-c0cd4112c547: start FollowerState
2019-10-10 04:47:09,502 [73eab992-ebb5-44d3-9477-5e5c7a90fb54@group-E9B6FFDBC393-LeaderElection40] INFO  impl.LeaderElection (LeaderElection.java:logAndReturn(56)) - 73eab992-ebb5-44d3-9477-5e5c7a90fb54@group-E9B6FFDBC393-LeaderElection40: Election REJECTED; received 2 response(s) [73eab992-ebb5-44d3-9477-5e5c7a90fb54<-34e3ebc0-5b5d-46dd-884a-c0cd4112c547#0:FAIL-t1, 73eab992-ebb5-44d3-9477-5e5c7a90fb54<-ffbf6f60-86d3-4e0d-85bc-5977624a6e04#0:FAIL-t1] and 0 exception(s); 73eab992-ebb5-44d3-9477-5e5c7a90fb54@group-E9B6FFDBC393:t1, leader=null, voted=73eab992-ebb5-44d3-9477-5e5c7a90fb54, raftlog=73eab992-ebb5-44d3-9477-5e5c7a90fb54@group-E9B6FFDBC393-SegmentedRaftLog:OPENED:c-1,f-1,i0, conf=-1: [34e3ebc0-5b5d-46dd-884a-c0cd4112c547:192.168.164.237:38118, ffbf6f60-86d3-4e0d-85bc-5977624a6e04:192.168.164.237:39661, 73eab992-ebb5-44d3-9477-5e5c7a90fb54:192.168.164.237:43435], old=null
2019-10-10 04:47:09,505 [73eab992-ebb5-44d3-9477-5e5c7a90fb54@group-E9B6FFDBC393-LeaderElection40] INFO  impl.RaftServerImpl (RaftServerImpl.java:setRole(170)) - 73eab992-ebb5-44d3-9477-5e5c7a90fb54@group-E9B6FFDBC393: changes role from CANDIDATE to FOLLOWER at term 1 for DISCOVERED_A_NEW_TERM
2019-10-10 04:47:09,505 [73eab992-ebb5-44d3-9477-5e5c7a90fb54@group-E9B6FFDBC393-LeaderElection40] INFO  impl.RoleInfo (RoleInfo.java:shutdownLeaderElection(134)) - 73eab992-ebb5-44d3-9477-5e5c7a90fb54: shutdown LeaderElection
2019-10-10 04:47:09,506 [73eab992-ebb5-44d3-9477-5e5c7a90fb54@group-E9B6FFDBC393-LeaderElection40] INFO  impl.RoleInfo (RoleInfo.java:updateAndGet(143)) - 73eab992-ebb5-44d3-9477-5e5c7a90fb54: start FollowerState
2019-10-10 04:47:09,506 [e0b28a99-75f3-4477-a2eb-e02dbf159eb7@group-81BDCEB250F0-LeaderElection44] INFO  impl.LeaderElection (LeaderElection.java:logAndReturn(56)) - e0b28a99-75f3-4477-a2eb-e02dbf159eb7@group-81BDCEB250F0-LeaderElection44: Election REJECTED; received 2 response(s) [e0b28a99-75f3-4477-a2eb-e02dbf159eb7<-32a365e5-4eb6-46c8-bd0c-52dadb233d34#0:FAIL-t1, e0b28a99-75f3-4477-a2eb-e02dbf159eb7<-0eb251eb-6940-4068-ae5e-a6a65a53440f#0:FAIL-t1] and 0 exception(s); e0b28a99-75f3-4477-a2eb-e02dbf159eb7@group-81BDCEB250F0:t1, leader=null, voted=e0b28a99-75f3-4477-a2eb-e02dbf159eb7, raftlog=e0b28a99-75f3-4477-a2eb-e02dbf159eb7@group-81BDCEB250F0-SegmentedRaftLog:OPENED:c-1,f-1,i0, conf=-1: [32a365e5-4eb6-46c8-bd0c-52dadb233d34:192.168.164.237:42209, 0eb251eb-6940-4068-ae5e-a6a65a53440f:192.168.164.237:41092, e0b28a99-75f3-4477-a2eb-e02dbf159eb7:192.168.164.237:34830], old=null
2019-10-10 04:47:09,509 [e0b28a99-75f3-4477-a2eb-e02dbf159eb7@group-81BDCEB250F0-LeaderElection44] INFO  impl.RaftServerImpl (RaftServerImpl.java:setRole(170)) - e0b28a99-75f3-4477-a2eb-e02dbf159eb7@group-81BDCEB250F0: changes role from CANDIDATE to FOLLOWER at term 1 for DISCOVERED_A_NEW_TERM
2019-10-10 04:47:09,509 [e0b28a99-75f3-4477-a2eb-e02dbf159eb7@group-81BDCEB250F0-LeaderElection44] INFO  impl.RoleInfo (RoleInfo.java:shutdownLeaderElection(134)) - e0b28a99-75f3-4477-a2eb-e02dbf159eb7: shutdown LeaderElection
2019-10-10 04:47:09,509 [ffbf6f60-86d3-4e0d-85bc-5977624a6e04@group-E9B6FFDBC393-LeaderElection43] INFO  impl.LeaderElection (LeaderElection.java:logAndReturn(56)) - ffbf6f60-86d3-4e0d-85bc-5977624a6e04@group-E9B6FFDBC393-LeaderElection43: Election REJECTED; received 2 response(s) [ffbf6f60-86d3-4e0d-85bc-5977624a6e04<-34e3ebc0-5b5d-46dd-884a-c0cd4112c547#0:FAIL-t1, ffbf6f60-86d3-4e0d-85bc-5977624a6e04<-73eab992-ebb5-44d3-9477-5e5c7a90fb54#0:FAIL-t1] and 0 exception(s); ffbf6f60-86d3-4e0d-85bc-5977624a6e04@group-E9B6FFDBC393:t1, leader=null, voted=ffbf6f60-86d3-4e0d-85bc-5977624a6e04, raftlog=ffbf6f60-86d3-4e0d-85bc-5977624a6e04@group-E9B6FFDBC393-SegmentedRaftLog:OPENED:c-1,f-1,i0, conf=-1: [34e3ebc0-5b5d-46dd-884a-c0cd4112c547:192.168.164.237:38118, ffbf6f60-86d3-4e0d-85bc-5977624a6e04:192.168.164.237:39661, 73eab992-ebb5-44d3-9477-5e5c7a90fb54:192.168.164.237:43435], old=null
2019-10-10 04:47:09,509 [e0b28a99-75f3-4477-a2eb-e02dbf159eb7@group-81BDCEB250F0-LeaderElection44] INFO  impl.RoleInfo (RoleInfo.java:updateAndGet(143)) - e0b28a99-75f3-4477-a2eb-e02dbf159eb7: start FollowerState
2019-10-10 04:47:09,512 [ffbf6f60-86d3-4e0d-85bc-5977624a6e04@group-E9B6FFDBC393-LeaderElection43] INFO  impl.RaftServerImpl (RaftServerImpl.java:setRole(170)) - ffbf6f60-86d3-4e0d-85bc-5977624a6e04@group-E9B6FFDBC393: changes role from CANDIDATE to FOLLOWER at term 1 for DISCOVERED_A_NEW_TERM
2019-10-10 04:47:09,515 [ffbf6f60-86d3-4e0d-85bc-5977624a6e04@group-E9B6FFDBC393-LeaderElection43] INFO  impl.RoleInfo (RoleInfo.java:shutdownLeaderElection(134)) - ffbf6f60-86d3-4e0d-85bc-5977624a6e04: shutdown LeaderElection
2019-10-10 04:47:09,515 [ffbf6f60-86d3-4e0d-85bc-5977624a6e04@group-E9B6FFDBC393-LeaderElection43] INFO  impl.RoleInfo (RoleInfo.java:updateAndGet(143)) - ffbf6f60-86d3-4e0d-85bc-5977624a6e04: start FollowerState
2019-10-10 04:47:09,515 [32a365e5-4eb6-46c8-bd0c-52dadb233d34@group-81BDCEB250F0-LeaderElection45] INFO  impl.LeaderElection (LeaderElection.java:logAndReturn(56)) - 32a365e5-4eb6-46c8-bd0c-52dadb233d34@group-81BDCEB250F0-LeaderElection45: Election REJECTED; received 2 response(s) [32a365e5-4eb6-46c8-bd0c-52dadb233d34<-0eb251eb-6940-4068-ae5e-a6a65a53440f#0:FAIL-t1, 32a365e5-4eb6-46c8-bd0c-52dadb233d34<-e0b28a99-75f3-4477-a2eb-e02dbf159eb7#0:FAIL-t1] and 0 exception(s); 32a365e5-4eb6-46c8-bd0c-52dadb233d34@group-81BDCEB250F0:t1, leader=null, voted=32a365e5-4eb6-46c8-bd0c-52dadb233d34, raftlog=32a365e5-4eb6-46c8-bd0c-52dadb233d34@group-81BDCEB250F0-SegmentedRaftLog:OPENED:c-1,f-1,i0, conf=-1: [32a365e5-4eb6-46c8-bd0c-52dadb233d34:192.168.164.237:42209, 0eb251eb-6940-4068-ae5e-a6a65a53440f:192.168.164.237:41092, e0b28a99-75f3-4477-a2eb-e02dbf159eb7:192.168.164.237:34830], old=null
2019-10-10 04:47:09,515 [32a365e5-4eb6-46c8-bd0c-52dadb233d34@group-81BDCEB250F0-LeaderElection45] INFO  impl.RaftServerImpl (RaftServerImpl.java:setRole(170)) - 32a365e5-4eb6-46c8-bd0c-52dadb233d34@group-81BDCEB250F0: changes role from CANDIDATE to FOLLOWER at term 1 for DISCOVERED_A_NEW_TERM
2019-10-10 04:47:09,516 [32a365e5-4eb6-46c8-bd0c-52dadb233d34@group-81BDCEB250F0-LeaderElection45] INFO  impl.RoleInfo (RoleInfo.java:shutdownLeaderElection(134)) - 32a365e5-4eb6-46c8-bd0c-52dadb233d34: shutdown LeaderElection
2019-10-10 04:47:09,516 [32a365e5-4eb6-46c8-bd0c-52dadb233d34@group-81BDCEB250F0-LeaderElection45] INFO  impl.RoleInfo (RoleInfo.java:updateAndGet(143)) - 32a365e5-4eb6-46c8-bd0c-52dadb233d34: start FollowerState
2019-10-10 04:47:10,061 [32a365e5-4eb6-46c8-bd0c-52dadb233d34@group-63F4E4ED39F5-SegmentedRaftLogWorker] INFO  segmented.SegmentedRaftLogWorker (SegmentedRaftLogWorker.java:execute(574)) - 32a365e5-4eb6-46c8-bd0c-52dadb233d34@group-63F4E4ED39F5-SegmentedRaftLogWorker: created new log segment /workdir/hadoop-ozone/integration-test/target/test-dir/MiniOzoneClusterImpl-32d9642c-dde9-4989-afb2-85b6653a764a/datanode-1/data/ratis/92f2ebc6-3a92-47ff-bf48-63f4e4ed39f5/current/log_inprogress_0
2019-10-10 04:47:10,061 [34e3ebc0-5b5d-46dd-884a-c0cd4112c547@group-FFF7E4CFCF5A-SegmentedRaftLogWorker] INFO  segmented.SegmentedRaftLogWorker (SegmentedRaftLogWorker.java:execute(574)) - 34e3ebc0-5b5d-46dd-884a-c0cd4112c547@group-FFF7E4CFCF5A-SegmentedRaftLogWorker: created new log segment /workdir/hadoop-ozone/integration-test/target/test-dir/MiniOzoneClusterImpl-32d9642c-dde9-4989-afb2-85b6653a764a/datanode-6/data/ratis/11edd725-e2a8-4e58-acce-fff7e4cfcf5a/current/log_inprogress_0
2019-10-10 04:47:10,061 [ffbf6f60-86d3-4e0d-85bc-5977624a6e04@group-1DA0CA37DC3E-SegmentedRaftLogWorker] INFO  segmented.SegmentedRaftLogWorker (SegmentedRaftLogWorker.java:execute(574)) - ffbf6f60-86d3-4e0d-85bc-5977624a6e04@group-1DA0CA37DC3E-SegmentedRaftLogWorker: created new log segment /workdir/hadoop-ozone/integration-test/target/test-dir/MiniOzoneClusterImpl-32d9642c-dde9-4989-afb2-85b6653a764a/datanode-4/data/ratis/b03e62e2-453b-48e8-aa94-1da0ca37dc3e/current/log_inprogress_0
2019-10-10 04:47:10,061 [e0b28a99-75f3-4477-a2eb-e02dbf159eb7@group-30D965C67BF4-SegmentedRaftLogWorker] INFO  segmented.SegmentedRaftLogWorker (SegmentedRaftLogWorker.java:execute(574)) - e0b28a99-75f3-4477-a2eb-e02dbf159eb7@group-30D965C67BF4-SegmentedRaftLogWorker: created new log segment /workdir/hadoop-ozone/integration-test/target/test-dir/MiniOzoneClusterImpl-32d9642c-dde9-4989-afb2-85b6653a764a/datanode-3/data/ratis/73b0ae72-e944-43d6-af97-30d965c67bf4/current/log_inprogress_0
2019-10-10 04:47:10,061 [0eb251eb-6940-4068-ae5e-a6a65a53440f@group-6FADF89F1C08-SegmentedRaftLogWorker] INFO  segmented.SegmentedRaftLogWorker (SegmentedRaftLogWorker.java:execute(574)) - 0eb251eb-6940-4068-ae5e-a6a65a53440f@group-6FADF89F1C08-SegmentedRaftLogWorker: created new log segment /workdir/hadoop-ozone/integration-test/target/test-dir/MiniOzoneClusterImpl-32d9642c-dde9-4989-afb2-85b6653a764a/datanode-0/data/ratis/6d1832d3-d547-44fe-b7e0-6fadf89f1c08/current/log_inprogress_0
2019-10-10 04:47:10,061 [73eab992-ebb5-44d3-9477-5e5c7a90fb54@group-26D270306EAA-SegmentedRaftLogWorker] INFO  segmented.SegmentedRaftLogWorker (SegmentedRaftLogWorker.java:execute(574)) - 73eab992-ebb5-44d3-9477-5e5c7a90fb54@group-26D270306EAA-SegmentedRaftLogWorker: created new log segment /workdir/hadoop-ozone/integration-test/target/test-dir/MiniOzoneClusterImpl-32d9642c-dde9-4989-afb2-85b6653a764a/datanode-5/data/ratis/be166929-7329-4b25-876c-26d270306eaa/current/log_inprogress_0
2019-10-10 04:47:10,061 [5cd7ea00-4a37-4d2d-a123-7944377dc649@group-20B6CA511BC1-SegmentedRaftLogWorker] INFO  segmented.SegmentedRaftLogWorker (SegmentedRaftLogWorker.java:execute(574)) - 5cd7ea00-4a37-4d2d-a123-7944377dc649@group-20B6CA511BC1-SegmentedRaftLogWorker: created new log segment /workdir/hadoop-ozone/integration-test/target/test-dir/MiniOzoneClusterImpl-32d9642c-dde9-4989-afb2-85b6653a764a/datanode-2/data/ratis/40ad0ad8-577d-4186-b718-20b6ca511bc1/current/log_inprogress_0
2019-10-10 04:47:14,520 [Thread-1638] INFO  impl.FollowerState (FollowerState.java:run(108)) - e0b28a99-75f3-4477-a2eb-e02dbf159eb7@group-81BDCEB250F0-FollowerState: change to CANDIDATE, lastRpcTime:5010ms, electionTimeout:5005ms
2019-10-10 04:47:14,521 [Thread-1638] INFO  impl.RoleInfo (RoleInfo.java:shutdownFollowerState(121)) - e0b28a99-75f3-4477-a2eb-e02dbf159eb7: shutdown FollowerState
2019-10-10 04:47:14,522 [Thread-1638] INFO  impl.RaftServerImpl (RaftServerImpl.java:setRole(170)) - e0b28a99-75f3-4477-a2eb-e02dbf159eb7@group-81BDCEB250F0: changes role from  FOLLOWER to CANDIDATE at term 1 for changeToCandidate
2019-10-10 04:47:14,522 [Thread-1638] INFO  impl.RoleInfo (RoleInfo.java:updateAndGet(143)) - e0b28a99-75f3-4477-a2eb-e02dbf159eb7: start LeaderElection
2019-10-10 04:47:14,581 [Thread-1639] INFO  impl.FollowerState (FollowerState.java:run(108)) - ffbf6f60-86d3-4e0d-85bc-5977624a6e04@group-E9B6FFDBC393-FollowerState: change to CANDIDATE, lastRpcTime:5065ms, electionTimeout:5065ms
2019-10-10 04:47:14,581 [Thread-1639] INFO  impl.RoleInfo (RoleInfo.java:shutdownFollowerState(121)) - ffbf6f60-86d3-4e0d-85bc-5977624a6e04: shutdown FollowerState
2019-10-10 04:47:14,581 [Thread-1639] INFO  impl.RaftServerImpl (RaftServerImpl.java:setRole(170)) - ffbf6f60-86d3-4e0d-85bc-5977624a6e04@group-E9B6FFDBC393: changes role from  FOLLOWER to CANDIDATE at term 1 for changeToCandidate
2019-10-10 04:47:14,581 [Thread-1639] INFO  impl.RoleInfo (RoleInfo.java:updateAndGet(143)) - ffbf6f60-86d3-4e0d-85bc-5977624a6e04: start LeaderElection
2019-10-10 04:47:14,645 [Thread-1640] INFO  impl.FollowerState (FollowerState.java:run(108)) - 32a365e5-4eb6-46c8-bd0c-52dadb233d34@group-81BDCEB250F0-FollowerState: change to CANDIDATE, lastRpcTime:5129ms, electionTimeout:5129ms
2019-10-10 04:47:14,646 [Thread-1640] INFO  impl.RoleInfo (RoleInfo.java:shutdownFollowerState(121)) - 32a365e5-4eb6-46c8-bd0c-52dadb233d34: shutdown FollowerState
2019-10-10 04:47:14,646 [Thread-1640] INFO  impl.RaftServerImpl (RaftServerImpl.java:setRole(170)) - 32a365e5-4eb6-46c8-bd0c-52dadb233d34@group-81BDCEB250F0: changes role from  FOLLOWER to CANDIDATE at term 1 for changeToCandidate
2019-10-10 04:47:14,646 [Thread-1640] INFO  impl.RoleInfo (RoleInfo.java:updateAndGet(143)) - 32a365e5-4eb6-46c8-bd0c-52dadb233d34: start LeaderElection
2019-10-10 04:47:14,670 [Thread-1635] INFO  impl.FollowerState (FollowerState.java:run(108)) - 0eb251eb-6940-4068-ae5e-a6a65a53440f@group-81BDCEB250F0-FollowerState: change to CANDIDATE, lastRpcTime:5202ms, electionTimeout:5168ms
2019-10-10 04:47:14,670 [Thread-1635] INFO  impl.RoleInfo (RoleInfo.java:shutdownFollowerState(121)) - 0eb251eb-6940-4068-ae5e-a6a65a53440f: shutdown FollowerState
2019-10-10 04:47:14,670 [Thread-1635] INFO  impl.RaftServerImpl (RaftServerImpl.java:setRole(170)) - 0eb251eb-6940-4068-ae5e-a6a65a53440f@group-81BDCEB250F0: changes role from  FOLLOWER to CANDIDATE at term 1 for changeToCandidate
2019-10-10 04:47:14,670 [Thread-1635] INFO  impl.RoleInfo (RoleInfo.java:updateAndGet(143)) - 0eb251eb-6940-4068-ae5e-a6a65a53440f: start LeaderElection
2019-10-10 04:47:14,673 [Thread-1636] INFO  impl.FollowerState (FollowerState.java:run(108)) - 34e3ebc0-5b5d-46dd-884a-c0cd4112c547@group-E9B6FFDBC393-FollowerState: change to CANDIDATE, lastRpcTime:5171ms, electionTimeout:5167ms
2019-10-10 04:47:14,673 [Thread-1636] INFO  impl.RoleInfo (RoleInfo.java:shutdownFollowerState(121)) - 34e3ebc0-5b5d-46dd-884a-c0cd4112c547: shutdown FollowerState
2019-10-10 04:47:14,673 [Thread-1636] INFO  impl.RaftServerImpl (RaftServerImpl.java:setRole(170)) - 34e3ebc0-5b5d-46dd-884a-c0cd4112c547@group-E9B6FFDBC393: changes role from  FOLLOWER to CANDIDATE at term 1 for changeToCandidate
2019-10-10 04:47:14,673 [Thread-1636] INFO  impl.RoleInfo (RoleInfo.java:updateAndGet(143)) - 34e3ebc0-5b5d-46dd-884a-c0cd4112c547: start LeaderElection
2019-10-10 04:47:14,692 [Thread-1637] INFO  impl.FollowerState (FollowerState.java:run(108)) - 73eab992-ebb5-44d3-9477-5e5c7a90fb54@group-E9B6FFDBC393-FollowerState: change to CANDIDATE, lastRpcTime:5186ms, electionTimeout:5183ms
2019-10-10 04:47:14,693 [Thread-1637] INFO  impl.RoleInfo (RoleInfo.java:shutdownFollowerState(121)) - 73eab992-ebb5-44d3-9477-5e5c7a90fb54: shutdown FollowerState
2019-10-10 04:47:14,693 [Thread-1637] INFO  impl.RaftServerImpl (RaftServerImpl.java:setRole(170)) - 73eab992-ebb5-44d3-9477-5e5c7a90fb54@group-E9B6FFDBC393: changes role from  FOLLOWER to CANDIDATE at term 1 for changeToCandidate
2019-10-10 04:47:14,693 [Thread-1637] INFO  impl.RoleInfo (RoleInfo.java:updateAndGet(143)) - 73eab992-ebb5-44d3-9477-5e5c7a90fb54: start LeaderElection
2019-10-10 04:47:14,718 [e0b28a99-75f3-4477-a2eb-e02dbf159eb7@group-81BDCEB250F0-LeaderElection46] INFO  impl.LeaderElection (LeaderElection.java:askForVotes(178)) - e0b28a99-75f3-4477-a2eb-e02dbf159eb7@group-81BDCEB250F0-LeaderElection46: begin an election at term 2 for -1: [32a365e5-4eb6-46c8-bd0c-52dadb233d34:192.168.164.237:42209, 0eb251eb-6940-4068-ae5e-a6a65a53440f:192.168.164.237:41092, e0b28a99-75f3-4477-a2eb-e02dbf159eb7:192.168.164.237:34830], old=null
2019-10-10 04:47:14,718 [ffbf6f60-86d3-4e0d-85bc-5977624a6e04@group-E9B6FFDBC393-LeaderElection47] INFO  impl.LeaderElection (LeaderElection.java:askForVotes(178)) - ffbf6f60-86d3-4e0d-85bc-5977624a6e04@group-E9B6FFDBC393-LeaderElection47: begin an election at term 2 for -1: [34e3ebc0-5b5d-46dd-884a-c0cd4112c547:192.168.164.237:38118, ffbf6f60-86d3-4e0d-85bc-5977624a6e04:192.168.164.237:39661, 73eab992-ebb5-44d3-9477-5e5c7a90fb54:192.168.164.237:43435], old=null
2019-10-10 04:47:14,827 [0eb251eb-6940-4068-ae5e-a6a65a53440f@group-81BDCEB250F0-LeaderElection49] INFO  impl.LeaderElection (LeaderElection.java:askForVotes(178)) - 0eb251eb-6940-4068-ae5e-a6a65a53440f@group-81BDCEB250F0-LeaderElection49: begin an election at term 2 for -1: [32a365e5-4eb6-46c8-bd0c-52dadb233d34:192.168.164.237:42209, 0eb251eb-6940-4068-ae5e-a6a65a53440f:192.168.164.237:41092, e0b28a99-75f3-4477-a2eb-e02dbf159eb7:192.168.164.237:34830], old=null
2019-10-10 04:47:14,827 [32a365e5-4eb6-46c8-bd0c-52dadb233d34@group-81BDCEB250F0-LeaderElection48] INFO  impl.LeaderElection (LeaderElection.java:askForVotes(178)) - 32a365e5-4eb6-46c8-bd0c-52dadb233d34@group-81BDCEB250F0-LeaderElection48: begin an election at term 2 for -1: [32a365e5-4eb6-46c8-bd0c-52dadb233d34:192.168.164.237:42209, 0eb251eb-6940-4068-ae5e-a6a65a53440f:192.168.164.237:41092, e0b28a99-75f3-4477-a2eb-e02dbf159eb7:192.168.164.237:34830], old=null
2019-10-10 04:47:14,827 [34e3ebc0-5b5d-46dd-884a-c0cd4112c547@group-E9B6FFDBC393-LeaderElection50] INFO  impl.LeaderElection (LeaderElection.java:askForVotes(178)) - 34e3ebc0-5b5d-46dd-884a-c0cd4112c547@group-E9B6FFDBC393-LeaderElection50: begin an election at term 2 for -1: [34e3ebc0-5b5d-46dd-884a-c0cd4112c547:192.168.164.237:38118, ffbf6f60-86d3-4e0d-85bc-5977624a6e04:192.168.164.237:39661, 73eab992-ebb5-44d3-9477-5e5c7a90fb54:192.168.164.237:43435], old=null
2019-10-10 04:47:14,827 [73eab992-ebb5-44d3-9477-5e5c7a90fb54@group-E9B6FFDBC393-LeaderElection51] INFO  impl.LeaderElection (LeaderElection.java:askForVotes(178)) - 73eab992-ebb5-44d3-9477-5e5c7a90fb54@group-E9B6FFDBC393-LeaderElection51: begin an election at term 2 for -1: [34e3ebc0-5b5d-46dd-884a-c0cd4112c547:192.168.164.237:38118, ffbf6f60-86d3-4e0d-85bc-5977624a6e04:192.168.164.237:39661, 73eab992-ebb5-44d3-9477-5e5c7a90fb54:192.168.164.237:43435], old=null
2019-10-10 04:47:14,829 [e0b28a99-75f3-4477-a2eb-e02dbf159eb7@group-81BDCEB250F0-LeaderElection46] INFO  impl.LeaderElection (LeaderElection.java:logAndReturn(56)) - e0b28a99-75f3-4477-a2eb-e02dbf159eb7@group-81BDCEB250F0-LeaderElection46: Election REJECTED; received 2 response(s) [e0b28a99-75f3-4477-a2eb-e02dbf159eb7<-32a365e5-4eb6-46c8-bd0c-52dadb233d34#0:FAIL-t2, e0b28a99-75f3-4477-a2eb-e02dbf159eb7<-0eb251eb-6940-4068-ae5e-a6a65a53440f#0:FAIL-t2] and 0 exception(s); e0b28a99-75f3-4477-a2eb-e02dbf159eb7@group-81BDCEB250F0:t2, leader=null, voted=e0b28a99-75f3-4477-a2eb-e02dbf159eb7, raftlog=e0b28a99-75f3-4477-a2eb-e02dbf159eb7@group-81BDCEB250F0-SegmentedRaftLog:OPENED:c-1,f-1,i0, conf=-1: [32a365e5-4eb6-46c8-bd0c-52dadb233d34:192.168.164.237:42209, 0eb251eb-6940-4068-ae5e-a6a65a53440f:192.168.164.237:41092, e0b28a99-75f3-4477-a2eb-e02dbf159eb7:192.168.164.237:34830], old=null
2019-10-10 04:47:14,829 [ffbf6f60-86d3-4e0d-85bc-5977624a6e04@group-E9B6FFDBC393-LeaderElection47] INFO  impl.LeaderElection (LeaderElection.java:logAndReturn(56)) - ffbf6f60-86d3-4e0d-85bc-5977624a6e04@group-E9B6FFDBC393-LeaderElection47: Election REJECTED; received 2 response(s) [ffbf6f60-86d3-4e0d-85bc-5977624a6e04<-34e3ebc0-5b5d-46dd-884a-c0cd4112c547#0:FAIL-t2, ffbf6f60-86d3-4e0d-85bc-5977624a6e04<-73eab992-ebb5-44d3-9477-5e5c7a90fb54#0:FAIL-t2] and 0 exception(s); ffbf6f60-86d3-4e0d-85bc-5977624a6e04@group-E9B6FFDBC393:t2, leader=null, voted=ffbf6f60-86d3-4e0d-85bc-5977624a6e04, raftlog=ffbf6f60-86d3-4e0d-85bc-5977624a6e04@group-E9B6FFDBC393-SegmentedRaftLog:OPENED:c-1,f-1,i0, conf=-1: [34e3ebc0-5b5d-46dd-884a-c0cd4112c547:192.168.164.237:38118, ffbf6f60-86d3-4e0d-85bc-5977624a6e04:192.168.164.237:39661, 73eab992-ebb5-44d3-9477-5e5c7a90fb54:192.168.164.237:43435], old=null
2019-10-10 04:47:14,829 [e0b28a99-75f3-4477-a2eb-e02dbf159eb7@group-81BDCEB250F0-LeaderElection46] INFO  impl.RaftServerImpl (RaftServerImpl.java:setRole(170)) - e0b28a99-75f3-4477-a2eb-e02dbf159eb7@group-81BDCEB250F0: changes role from CANDIDATE to FOLLOWER at term 2 for DISCOVERED_A_NEW_TERM
2019-10-10 04:47:14,829 [ffbf6f60-86d3-4e0d-85bc-5977624a6e04@group-E9B6FFDBC393-LeaderElection47] INFO  impl.RaftServerImpl (RaftServerImpl.java:setRole(170)) - ffbf6f60-86d3-4e0d-85bc-5977624a6e04@group-E9B6FFDBC393: changes role from CANDIDATE to FOLLOWER at term 2 for DISCOVERED_A_NEW_TERM
2019-10-10 04:47:14,836 [ffbf6f60-86d3-4e0d-85bc-5977624a6e04@group-E9B6FFDBC393-LeaderElection47] INFO  impl.RoleInfo (RoleInfo.java:shutdownLeaderElection(134)) - ffbf6f60-86d3-4e0d-85bc-5977624a6e04: shutdown LeaderElection
2019-10-10 04:47:14,833 [e0b28a99-75f3-4477-a2eb-e02dbf159eb7@group-81BDCEB250F0-LeaderElection46] INFO  impl.RoleInfo (RoleInfo.java:shutdownLeaderElection(134)) - e0b28a99-75f3-4477-a2eb-e02dbf159eb7: shutdown LeaderElection
2019-10-10 04:47:14,836 [ffbf6f60-86d3-4e0d-85bc-5977624a6e04@group-E9B6FFDBC393-LeaderElection47] INFO  impl.RoleInfo (RoleInfo.java:updateAndGet(143)) - ffbf6f60-86d3-4e0d-85bc-5977624a6e04: start FollowerState
2019-10-10 04:47:14,836 [e0b28a99-75f3-4477-a2eb-e02dbf159eb7@group-81BDCEB250F0-LeaderElection46] INFO  impl.RoleInfo (RoleInfo.java:updateAndGet(143)) - e0b28a99-75f3-4477-a2eb-e02dbf159eb7: start FollowerState
2019-10-10 04:47:14,840 [34e3ebc0-5b5d-46dd-884a-c0cd4112c547@group-E9B6FFDBC393-LeaderElection50] INFO  impl.LeaderElection (LeaderElection.java:logAndReturn(56)) - 34e3ebc0-5b5d-46dd-884a-c0cd4112c547@group-E9B6FFDBC393-LeaderElection50: Election REJECTED; received 2 response(s) [34e3ebc0-5b5d-46dd-884a-c0cd4112c547<-ffbf6f60-86d3-4e0d-85bc-5977624a6e04#0:FAIL-t2, 34e3ebc0-5b5d-46dd-884a-c0cd4112c547<-73eab992-ebb5-44d3-9477-5e5c7a90fb54#0:FAIL-t2] and 0 exception(s); 34e3ebc0-5b5d-46dd-884a-c0cd4112c547@group-E9B6FFDBC393:t2, leader=null, voted=34e3ebc0-5b5d-46dd-884a-c0cd4112c547, raftlog=34e3ebc0-5b5d-46dd-884a-c0cd4112c547@group-E9B6FFDBC393-SegmentedRaftLog:OPENED:c-1,f-1,i0, conf=-1: [34e3ebc0-5b5d-46dd-884a-c0cd4112c547:192.168.164.237:38118, ffbf6f60-86d3-4e0d-85bc-5977624a6e04:192.168.164.237:39661, 73eab992-ebb5-44d3-9477-5e5c7a90fb54:192.168.164.237:43435], old=null
2019-10-10 04:47:14,841 [34e3ebc0-5b5d-46dd-884a-c0cd4112c547@group-E9B6FFDBC393-LeaderElection50] INFO  impl.RaftServerImpl (RaftServerImpl.java:setRole(170)) - 34e3ebc0-5b5d-46dd-884a-c0cd4112c547@group-E9B6FFDBC393: changes role from CANDIDATE to FOLLOWER at term 2 for DISCOVERED_A_NEW_TERM
2019-10-10 04:47:14,841 [34e3ebc0-5b5d-46dd-884a-c0cd4112c547@group-E9B6FFDBC393-LeaderElection50] INFO  impl.RoleInfo (RoleInfo.java:shutdownLeaderElection(134)) - 34e3ebc0-5b5d-46dd-884a-c0cd4112c547: shutdown LeaderElection
2019-10-10 04:47:14,841 [32a365e5-4eb6-46c8-bd0c-52dadb233d34@group-81BDCEB250F0-LeaderElection48] INFO  impl.LeaderElection (LeaderElection.java:logAndReturn(56)) - 32a365e5-4eb6-46c8-bd0c-52dadb233d34@group-81BDCEB250F0-LeaderElection48: Election REJECTED; received 2 response(s) [32a365e5-4eb6-46c8-bd0c-52dadb233d34<-0eb251eb-6940-4068-ae5e-a6a65a53440f#0:FAIL-t2, 32a365e5-4eb6-46c8-bd0c-52dadb233d34<-e0b28a99-75f3-4477-a2eb-e02dbf159eb7#0:FAIL-t2] and 0 exception(s); 32a365e5-4eb6-46c8-bd0c-52dadb233d34@group-81BDCEB250F0:t2, leader=null, voted=32a365e5-4eb6-46c8-bd0c-52dadb233d34, raftlog=32a365e5-4eb6-46c8-bd0c-52dadb233d34@group-81BDCEB250F0-SegmentedRaftLog:OPENED:c-1,f-1,i0, conf=-1: [32a365e5-4eb6-46c8-bd0c-52dadb233d34:192.168.164.237:42209, 0eb251eb-6940-4068-ae5e-a6a65a53440f:192.168.164.237:41092, e0b28a99-75f3-4477-a2eb-e02dbf159eb7:192.168.164.237:34830], old=null
2019-10-10 04:47:14,841 [34e3ebc0-5b5d-46dd-884a-c0cd4112c547@group-E9B6FFDBC393-LeaderElection50] INFO  impl.RoleInfo (RoleInfo.java:updateAndGet(143)) - 34e3ebc0-5b5d-46dd-884a-c0cd4112c547: start FollowerState
2019-10-10 04:47:14,844 [32a365e5-4eb6-46c8-bd0c-52dadb233d34@group-81BDCEB250F0-LeaderElection48] INFO  impl.RaftServerImpl (RaftServerImpl.java:setRole(170)) - 32a365e5-4eb6-46c8-bd0c-52dadb233d34@group-81BDCEB250F0: changes role from CANDIDATE to FOLLOWER at term 2 for DISCOVERED_A_NEW_TERM
2019-10-10 04:47:14,847 [32a365e5-4eb6-46c8-bd0c-52dadb233d34@group-81BDCEB250F0-LeaderElection48] INFO  impl.RoleInfo (RoleInfo.java:shutdownLeaderElection(134)) - 32a365e5-4eb6-46c8-bd0c-52dadb233d34: shutdown LeaderElection
2019-10-10 04:47:14,844 [73eab992-ebb5-44d3-9477-5e5c7a90fb54@group-E9B6FFDBC393-LeaderElection51] INFO  impl.LeaderElection (LeaderElection.java:logAndReturn(56)) - 73eab992-ebb5-44d3-9477-5e5c7a90fb54@group-E9B6FFDBC393-LeaderElection51: Election REJECTED; received 2 response(s) [73eab992-ebb5-44d3-9477-5e5c7a90fb54<-34e3ebc0-5b5d-46dd-884a-c0cd4112c547#0:FAIL-t2, 73eab992-ebb5-44d3-9477-5e5c7a90fb54<-ffbf6f60-86d3-4e0d-85bc-5977624a6e04#0:FAIL-t2] and 0 exception(s); 73eab992-ebb5-44d3-9477-5e5c7a90fb54@group-E9B6FFDBC393:t2, leader=null, voted=73eab992-ebb5-44d3-9477-5e5c7a90fb54, raftlog=73eab992-ebb5-44d3-9477-5e5c7a90fb54@group-E9B6FFDBC393-SegmentedRaftLog:OPENED:c-1,f-1,i0, conf=-1: [34e3ebc0-5b5d-46dd-884a-c0cd4112c547:192.168.164.237:38118, ffbf6f60-86d3-4e0d-85bc-5977624a6e04:192.168.164.237:39661, 73eab992-ebb5-44d3-9477-5e5c7a90fb54:192.168.164.237:43435], old=null
2019-10-10 04:47:14,847 [32a365e5-4eb6-46c8-bd0c-52dadb233d34@group-81BDCEB250F0-LeaderElection48] INFO  impl.RoleInfo (RoleInfo.java:updateAndGet(143)) - 32a365e5-4eb6-46c8-bd0c-52dadb233d34: start FollowerState
2019-10-10 04:47:14,847 [73eab992-ebb5-44d3-9477-5e5c7a90fb54@group-E9B6FFDBC393-LeaderElection51] INFO  impl.RaftServerImpl (RaftServerImpl.java:setRole(170)) - 73eab992-ebb5-44d3-9477-5e5c7a90fb54@group-E9B6FFDBC393: changes role from CANDIDATE to FOLLOWER at term 2 for DISCOVERED_A_NEW_TERM
2019-10-10 04:47:14,850 [73eab992-ebb5-44d3-9477-5e5c7a90fb54@group-E9B6FFDBC393-LeaderElection51] INFO  impl.RoleInfo (RoleInfo.java:shutdownLeaderElection(134)) - 73eab992-ebb5-44d3-9477-5e5c7a90fb54: shutdown LeaderElection
2019-10-10 04:47:14,850 [73eab992-ebb5-44d3-9477-5e5c7a90fb54@group-E9B6FFDBC393-LeaderElection51] INFO  impl.RoleInfo (RoleInfo.java:updateAndGet(143)) - 73eab992-ebb5-44d3-9477-5e5c7a90fb54: start FollowerState
2019-10-10 04:47:14,851 [0eb251eb-6940-4068-ae5e-a6a65a53440f@group-81BDCEB250F0-LeaderElection49] INFO  impl.LeaderElection (LeaderElection.java:logAndReturn(56)) - 0eb251eb-6940-4068-ae5e-a6a65a53440f@group-81BDCEB250F0-LeaderElection49: Election REJECTED; received 2 response(s) [0eb251eb-6940-4068-ae5e-a6a65a53440f<-32a365e5-4eb6-46c8-bd0c-52dadb233d34#0:FAIL-t2, 0eb251eb-6940-4068-ae5e-a6a65a53440f<-e0b28a99-75f3-4477-a2eb-e02dbf159eb7#0:FAIL-t2] and 0 exception(s); 0eb251eb-6940-4068-ae5e-a6a65a53440f@group-81BDCEB250F0:t2, leader=null, voted=0eb251eb-6940-4068-ae5e-a6a65a53440f, raftlog=0eb251eb-6940-4068-ae5e-a6a65a53440f@group-81BDCEB250F0-SegmentedRaftLog:OPENED:c-1,f-1,i0, conf=-1: [32a365e5-4eb6-46c8-bd0c-52dadb233d34:192.168.164.237:42209, 0eb251eb-6940-4068-ae5e-a6a65a53440f:192.168.164.237:41092, e0b28a99-75f3-4477-a2eb-e02dbf159eb7:192.168.164.237:34830], old=null
2019-10-10 04:47:14,851 [0eb251eb-6940-4068-ae5e-a6a65a53440f@group-81BDCEB250F0-LeaderElection49] INFO  impl.RaftServerImpl (RaftServerImpl.java:setRole(170)) - 0eb251eb-6940-4068-ae5e-a6a65a53440f@group-81BDCEB250F0: changes role from CANDIDATE to FOLLOWER at term 2 for DISCOVERED_A_NEW_TERM
2019-10-10 04:47:14,851 [0eb251eb-6940-4068-ae5e-a6a65a53440f@group-81BDCEB250F0-LeaderElection49] INFO  impl.RoleInfo (RoleInfo.java:shutdownLeaderElection(134)) - 0eb251eb-6940-4068-ae5e-a6a65a53440f: shutdown LeaderElection
2019-10-10 04:47:14,851 [0eb251eb-6940-4068-ae5e-a6a65a53440f@group-81BDCEB250F0-LeaderElection49] INFO  impl.RoleInfo (RoleInfo.java:updateAndGet(143)) - 0eb251eb-6940-4068-ae5e-a6a65a53440f: start FollowerState
2019-10-10 04:47:19,869 [Thread-1671] INFO  impl.FollowerState (FollowerState.java:run(108)) - ffbf6f60-86d3-4e0d-85bc-5977624a6e04@group-E9B6FFDBC393-FollowerState: change to CANDIDATE, lastRpcTime:5032ms, electionTimeout:5032ms
2019-10-10 04:47:19,873 [Thread-1671] INFO  impl.RoleInfo (RoleInfo.java:shutdownFollowerState(121)) - ffbf6f60-86d3-4e0d-85bc-5977624a6e04: shutdown FollowerState
2019-10-10 04:47:19,873 [Thread-1671] INFO  impl.RaftServerImpl (RaftServerImpl.java:setRole(170)) - ffbf6f60-86d3-4e0d-85bc-5977624a6e04@group-E9B6FFDBC393: changes role from  FOLLOWER to CANDIDATE at term 2 for changeToCandidate
2019-10-10 04:47:19,873 [Thread-1671] INFO  impl.RoleInfo (RoleInfo.java:updateAndGet(143)) - ffbf6f60-86d3-4e0d-85bc-5977624a6e04: start LeaderElection
2019-10-10 04:47:19,876 [Thread-1676] INFO  impl.FollowerState (FollowerState.java:run(108)) - 0eb251eb-6940-4068-ae5e-a6a65a53440f@group-81BDCEB250F0-FollowerState: change to CANDIDATE, lastRpcTime:5022ms, electionTimeout:5022ms
2019-10-10 04:47:19,876 [Thread-1676] INFO  impl.RoleInfo (RoleInfo.java:shutdownFollowerState(121)) - 0eb251eb-6940-4068-ae5e-a6a65a53440f: shutdown FollowerState
2019-10-10 04:47:19,877 [Thread-1676] INFO  impl.RaftServerImpl (RaftServerImpl.java:setRole(170)) - 0eb251eb-6940-4068-ae5e-a6a65a53440f@group-81BDCEB250F0: changes role from  FOLLOWER to CANDIDATE at term 2 for changeToCandidate
2019-10-10 04:47:19,877 [Thread-1676] INFO  impl.RoleInfo (RoleInfo.java:updateAndGet(143)) - 0eb251eb-6940-4068-ae5e-a6a65a53440f: start LeaderElection
2019-10-10 04:47:19,883 [Thread-1674] INFO  impl.FollowerState (FollowerState.java:run(108)) - 32a365e5-4eb6-46c8-bd0c-52dadb233d34@group-81BDCEB250F0-FollowerState: change to CANDIDATE, lastRpcTime:5035ms, electionTimeout:5029ms
2019-10-10 04:47:19,883 [Thread-1674] INFO  impl.RoleInfo (RoleInfo.java:shutdownFollowerState(121)) - 32a365e5-4eb6-46c8-bd0c-52dadb233d34: shutdown FollowerState
2019-10-10 04:47:19,883 [Thread-1674] INFO  impl.RaftServerImpl (RaftServerImpl.java:setRole(170)) - 32a365e5-4eb6-46c8-bd0c-52dadb233d34@group-81BDCEB250F0: changes role from  FOLLOWER to CANDIDATE at term 2 for changeToCandidate
2019-10-10 04:47:19,883 [Thread-1674] INFO  impl.RoleInfo (RoleInfo.java:updateAndGet(143)) - 32a365e5-4eb6-46c8-bd0c-52dadb233d34: start LeaderElection
2019-10-10 04:47:19,937 [Thread-1672] INFO  impl.FollowerState (FollowerState.java:run(108)) - e0b28a99-75f3-4477-a2eb-e02dbf159eb7@group-81BDCEB250F0-FollowerState: change to CANDIDATE, lastRpcTime:5100ms, electionTimeout:5100ms
2019-10-10 04:47:19,937 [Thread-1672] INFO  impl.RoleInfo (RoleInfo.java:shutdownFollowerState(121)) - e0b28a99-75f3-4477-a2eb-e02dbf159eb7: shutdown FollowerState
2019-10-10 04:47:19,937 [Thread-1672] INFO  impl.RaftServerImpl (RaftServerImpl.java:setRole(170)) - e0b28a99-75f3-4477-a2eb-e02dbf159eb7@group-81BDCEB250F0: changes role from  FOLLOWER to CANDIDATE at term 2 for changeToCandidate
2019-10-10 04:47:19,938 [Thread-1672] INFO  impl.RoleInfo (RoleInfo.java:updateAndGet(143)) - e0b28a99-75f3-4477-a2eb-e02dbf159eb7: start LeaderElection
2019-10-10 04:47:19,966 [Thread-1673] INFO  impl.FollowerState (FollowerState.java:run(108)) - 34e3ebc0-5b5d-46dd-884a-c0cd4112c547@group-E9B6FFDBC393-FollowerState: change to CANDIDATE, lastRpcTime:5124ms, electionTimeout:5118ms
2019-10-10 04:47:19,966 [Thread-1673] INFO  impl.RoleInfo (RoleInfo.java:shutdownFollowerState(121)) - 34e3ebc0-5b5d-46dd-884a-c0cd4112c547: shutdown FollowerState
2019-10-10 04:47:19,966 [Thread-1673] INFO  impl.RaftServerImpl (RaftServerImpl.java:setRole(170)) - 34e3ebc0-5b5d-46dd-884a-c0cd4112c547@group-E9B6FFDBC393: changes role from  FOLLOWER to CANDIDATE at term 2 for changeToCandidate
2019-10-10 04:47:19,966 [Thread-1673] INFO  impl.RoleInfo (RoleInfo.java:updateAndGet(143)) - 34e3ebc0-5b5d-46dd-884a-c0cd4112c547: start LeaderElection
2019-10-10 04:47:19,966 [Thread-1675] INFO  impl.FollowerState (FollowerState.java:run(108)) - 73eab992-ebb5-44d3-9477-5e5c7a90fb54@group-E9B6FFDBC393-FollowerState: change to CANDIDATE, lastRpcTime:5115ms, electionTimeout:5115ms
2019-10-10 04:47:19,966 [Thread-1675] INFO  impl.RoleInfo (RoleInfo.java:shutdownFollowerState(121)) - 73eab992-ebb5-44d3-9477-5e5c7a90fb54: shutdown FollowerState
2019-10-10 04:47:19,969 [Thread-1675] INFO  impl.RaftServerImpl (RaftServerImpl.java:setRole(170)) - 73eab992-ebb5-44d3-9477-5e5c7a90fb54@group-E9B6FFDBC393: changes role from  FOLLOWER to CANDIDATE at term 2 for changeToCandidate
2019-10-10 04:47:19,969 [Thread-1675] INFO  impl.RoleInfo (RoleInfo.java:updateAndGet(143)) - 73eab992-ebb5-44d3-9477-5e5c7a90fb54: start LeaderElection
2019-10-10 04:47:20,550 [ffbf6f60-86d3-4e0d-85bc-5977624a6e04@group-E9B6FFDBC393-LeaderElection52] INFO  impl.LeaderElection (LeaderElection.java:askForVotes(178)) - ffbf6f60-86d3-4e0d-85bc-5977624a6e04@group-E9B6FFDBC393-LeaderElection52: begin an election at term 3 for -1: [34e3ebc0-5b5d-46dd-884a-c0cd4112c547:192.168.164.237:38118, ffbf6f60-86d3-4e0d-85bc-5977624a6e04:192.168.164.237:39661, 73eab992-ebb5-44d3-9477-5e5c7a90fb54:192.168.164.237:43435], old=null
2019-10-10 04:47:20,550 [34e3ebc0-5b5d-46dd-884a-c0cd4112c547@group-E9B6FFDBC393-LeaderElection56] INFO  impl.LeaderElection (LeaderElection.java:askForVotes(178)) - 34e3ebc0-5b5d-46dd-884a-c0cd4112c547@group-E9B6FFDBC393-LeaderElection56: begin an election at term 3 for -1: [34e3ebc0-5b5d-46dd-884a-c0cd4112c547:192.168.164.237:38118, ffbf6f60-86d3-4e0d-85bc-5977624a6e04:192.168.164.237:39661, 73eab992-ebb5-44d3-9477-5e5c7a90fb54:192.168.164.237:43435], old=null
2019-10-10 04:47:20,550 [32a365e5-4eb6-46c8-bd0c-52dadb233d34@group-81BDCEB250F0-LeaderElection54] INFO  impl.LeaderElection (LeaderElection.java:askForVotes(178)) - 32a365e5-4eb6-46c8-bd0c-52dadb233d34@group-81BDCEB250F0-LeaderElection54: begin an election at term 3 for -1: [32a365e5-4eb6-46c8-bd0c-52dadb233d34:192.168.164.237:42209, 0eb251eb-6940-4068-ae5e-a6a65a53440f:192.168.164.237:41092, e0b28a99-75f3-4477-a2eb-e02dbf159eb7:192.168.164.237:34830], old=null
2019-10-10 04:47:20,550 [e0b28a99-75f3-4477-a2eb-e02dbf159eb7@group-81BDCEB250F0-LeaderElection55] INFO  impl.LeaderElection (LeaderElection.java:askForVotes(178)) - e0b28a99-75f3-4477-a2eb-e02dbf159eb7@group-81BDCEB250F0-LeaderElection55: begin an election at term 3 for -1: [32a365e5-4eb6-46c8-bd0c-52dadb233d34:192.168.164.237:42209, 0eb251eb-6940-4068-ae5e-a6a65a53440f:192.168.164.237:41092, e0b28a99-75f3-4477-a2eb-e02dbf159eb7:192.168.164.237:34830], old=null
2019-10-10 04:47:20,550 [73eab992-ebb5-44d3-9477-5e5c7a90fb54@group-E9B6FFDBC393-LeaderElection57] INFO  impl.LeaderElection (LeaderElection.java:askForVotes(178)) - 73eab992-ebb5-44d3-9477-5e5c7a90fb54@group-E9B6FFDBC393-LeaderElection57: begin an election at term 3 for -1: [34e3ebc0-5b5d-46dd-884a-c0cd4112c547:192.168.164.237:38118, ffbf6f60-86d3-4e0d-85bc-5977624a6e04:192.168.164.237:39661, 73eab992-ebb5-44d3-9477-5e5c7a90fb54:192.168.164.237:43435], old=null
2019-10-10 04:47:20,550 [0eb251eb-6940-4068-ae5e-a6a65a53440f@group-81BDCEB250F0-LeaderElection53] INFO  impl.LeaderElection (LeaderElection.java:askForVotes(178)) - 0eb251eb-6940-4068-ae5e-a6a65a53440f@group-81BDCEB250F0-LeaderElection53: begin an election at term 3 for -1: [32a365e5-4eb6-46c8-bd0c-52dadb233d34:192.168.164.237:42209, 0eb251eb-6940-4068-ae5e-a6a65a53440f:192.168.164.237:41092, e0b28a99-75f3-4477-a2eb-e02dbf159eb7:192.168.164.237:34830], old=null
2019-10-10 04:47:20,557 [34e3ebc0-5b5d-46dd-884a-c0cd4112c547@group-E9B6FFDBC393-LeaderElection56] INFO  impl.LeaderElection (LeaderElection.java:logAndReturn(56)) - 34e3ebc0-5b5d-46dd-884a-c0cd4112c547@group-E9B6FFDBC393-LeaderElection56: Election REJECTED; received 2 response(s) [34e3ebc0-5b5d-46dd-884a-c0cd4112c547<-ffbf6f60-86d3-4e0d-85bc-5977624a6e04#0:FAIL-t3, 34e3ebc0-5b5d-46dd-884a-c0cd4112c547<-73eab992-ebb5-44d3-9477-5e5c7a90fb54#0:FAIL-t3] and 0 exception(s); 34e3ebc0-5b5d-46dd-884a-c0cd4112c547@group-E9B6FFDBC393:t3, leader=null, voted=34e3ebc0-5b5d-46dd-884a-c0cd4112c547, raftlog=34e3ebc0-5b5d-46dd-884a-c0cd4112c547@group-E9B6FFDBC393-SegmentedRaftLog:OPENED:c-1,f-1,i0, conf=-1: [34e3ebc0-5b5d-46dd-884a-c0cd4112c547:192.168.164.237:38118, ffbf6f60-86d3-4e0d-85bc-5977624a6e04:192.168.164.237:39661, 73eab992-ebb5-44d3-9477-5e5c7a90fb54:192.168.164.237:43435], old=null
2019-10-10 04:47:20,558 [34e3ebc0-5b5d-46dd-884a-c0cd4112c547@group-E9B6FFDBC393-LeaderElection56] INFO  impl.RaftServerImpl (RaftServerImpl.java:setRole(170)) - 34e3ebc0-5b5d-46dd-884a-c0cd4112c547@group-E9B6FFDBC393: changes role from CANDIDATE to FOLLOWER at term 3 for DISCOVERED_A_NEW_TERM
2019-10-10 04:47:20,558 [ffbf6f60-86d3-4e0d-85bc-5977624a6e04@group-E9B6FFDBC393-LeaderElection52] INFO  impl.LeaderElection (LeaderElection.java:logAndReturn(56)) - ffbf6f60-86d3-4e0d-85bc-5977624a6e04@group-E9B6FFDBC393-LeaderElection52: Election REJECTED; received 2 response(s) [ffbf6f60-86d3-4e0d-85bc-5977624a6e04<-34e3ebc0-5b5d-46dd-884a-c0cd4112c547#0:FAIL-t3, ffbf6f60-86d3-4e0d-85bc-5977624a6e04<-73eab992-ebb5-44d3-9477-5e5c7a90fb54#0:FAIL-t3] and 0 exception(s); ffbf6f60-86d3-4e0d-85bc-5977624a6e04@group-E9B6FFDBC393:t3, leader=null, voted=ffbf6f60-86d3-4e0d-85bc-5977624a6e04, raftlog=ffbf6f60-86d3-4e0d-85bc-5977624a6e04@group-E9B6FFDBC393-SegmentedRaftLog:OPENED:c-1,f-1,i0, conf=-1: [34e3ebc0-5b5d-46dd-884a-c0cd4112c547:192.168.164.237:38118, ffbf6f60-86d3-4e0d-85bc-5977624a6e04:192.168.164.237:39661, 73eab992-ebb5-44d3-9477-5e5c7a90fb54:192.168.164.237:43435], old=null
2019-10-10 04:47:20,558 [34e3ebc0-5b5d-46dd-884a-c0cd4112c547@group-E9B6FFDBC393-LeaderElection56] INFO  impl.RoleInfo (RoleInfo.java:shutdownLeaderElection(134)) - 34e3ebc0-5b5d-46dd-884a-c0cd4112c547: shutdown LeaderElection
2019-10-10 04:47:20,558 [32a365e5-4eb6-46c8-bd0c-52dadb233d34@group-81BDCEB250F0-LeaderElection54] INFO  impl.LeaderElection (LeaderElection.java:logAndReturn(56)) - 32a365e5-4eb6-46c8-bd0c-52dadb233d34@group-81BDCEB250F0-LeaderElection54: Election REJECTED; received 2 response(s) [32a365e5-4eb6-46c8-bd0c-52dadb233d34<-0eb251eb-6940-4068-ae5e-a6a65a53440f#0:FAIL-t3, 32a365e5-4eb6-46c8-bd0c-52dadb233d34<-e0b28a99-75f3-4477-a2eb-e02dbf159eb7#0:FAIL-t3] and 0 exception(s); 32a365e5-4eb6-46c8-bd0c-52dadb233d34@group-81BDCEB250F0:t3, leader=null, voted=32a365e5-4eb6-46c8-bd0c-52dadb233d34, raftlog=32a365e5-4eb6-46c8-bd0c-52dadb233d34@group-81BDCEB250F0-SegmentedRaftLog:OPENED:c-1,f-1,i0, conf=-1: [32a365e5-4eb6-46c8-bd0c-52dadb233d34:192.168.164.237:42209, 0eb251eb-6940-4068-ae5e-a6a65a53440f:192.168.164.237:41092, e0b28a99-75f3-4477-a2eb-e02dbf159eb7:192.168.164.237:34830], old=null
2019-10-10 04:47:20,564 [34e3ebc0-5b5d-46dd-884a-c0cd4112c547@group-E9B6FFDBC393-LeaderElection56] INFO  impl.RoleInfo (RoleInfo.java:updateAndGet(143)) - 34e3ebc0-5b5d-46dd-884a-c0cd4112c547: start FollowerState
2019-10-10 04:47:20,561 [ffbf6f60-86d3-4e0d-85bc-5977624a6e04@group-E9B6FFDBC393-LeaderElection52] INFO  impl.RaftServerImpl (RaftServerImpl.java:setRole(170)) - ffbf6f60-86d3-4e0d-85bc-5977624a6e04@group-E9B6FFDBC393: changes role from CANDIDATE to FOLLOWER at term 3 for DISCOVERED_A_NEW_TERM
2019-10-10 04:47:20,565 [32a365e5-4eb6-46c8-bd0c-52dadb233d34@group-81BDCEB250F0-LeaderElection54] INFO  impl.RaftServerImpl (RaftServerImpl.java:setRole(170)) - 32a365e5-4eb6-46c8-bd0c-52dadb233d34@group-81BDCEB250F0: changes role from CANDIDATE to FOLLOWER at term 3 for DISCOVERED_A_NEW_TERM
2019-10-10 04:47:20,585 [32a365e5-4eb6-46c8-bd0c-52dadb233d34@group-81BDCEB250F0-LeaderElection54] INFO  impl.RoleInfo (RoleInfo.java:shutdownLeaderElection(134)) - 32a365e5-4eb6-46c8-bd0c-52dadb233d34: shutdown LeaderElection
2019-10-10 04:47:20,582 [ffbf6f60-86d3-4e0d-85bc-5977624a6e04@group-E9B6FFDBC393-LeaderElection52] INFO  impl.RoleInfo (RoleInfo.java:shutdownLeaderElection(134)) - ffbf6f60-86d3-4e0d-85bc-5977624a6e04: shutdown LeaderElection
2019-10-10 04:47:20,585 [32a365e5-4eb6-46c8-bd0c-52dadb233d34@group-81BDCEB250F0-LeaderElection54] INFO  impl.RoleInfo (RoleInfo.java:updateAndGet(143)) - 32a365e5-4eb6-46c8-bd0c-52dadb233d34: start FollowerState
2019-10-10 04:47:20,585 [ffbf6f60-86d3-4e0d-85bc-5977624a6e04@group-E9B6FFDBC393-LeaderElection52] INFO  impl.RoleInfo (RoleInfo.java:updateAndGet(143)) - ffbf6f60-86d3-4e0d-85bc-5977624a6e04: start FollowerState
2019-10-10 04:47:20,587 [73eab992-ebb5-44d3-9477-5e5c7a90fb54@group-E9B6FFDBC393-LeaderElection57] INFO  impl.LeaderElection (LeaderElection.java:logAndReturn(56)) - 73eab992-ebb5-44d3-9477-5e5c7a90fb54@group-E9B6FFDBC393-LeaderElection57: Election REJECTED; received 2 response(s) [73eab992-ebb5-44d3-9477-5e5c7a90fb54<-34e3ebc0-5b5d-46dd-884a-c0cd4112c547#0:FAIL-t3, 73eab992-ebb5-44d3-9477-5e5c7a90fb54<-ffbf6f60-86d3-4e0d-85bc-5977624a6e04#0:FAIL-t3] and 0 exception(s); 73eab992-ebb5-44d3-9477-5e5c7a90fb54@group-E9B6FFDBC393:t3, leader=null, voted=73eab992-ebb5-44d3-9477-5e5c7a90fb54, raftlog=73eab992-ebb5-44d3-9477-5e5c7a90fb54@group-E9B6FFDBC393-SegmentedRaftLog:OPENED:c-1,f-1,i0, conf=-1: [34e3ebc0-5b5d-46dd-884a-c0cd4112c547:192.168.164.237:38118, ffbf6f60-86d3-4e0d-85bc-5977624a6e04:192.168.164.237:39661, 73eab992-ebb5-44d3-9477-5e5c7a90fb54:192.168.164.237:43435], old=null
2019-10-10 04:47:20,587 [73eab992-ebb5-44d3-9477-5e5c7a90fb54@group-E9B6FFDBC393-LeaderElection57] INFO  impl.RaftServerImpl (RaftServerImpl.java:setRole(170)) - 73eab992-ebb5-44d3-9477-5e5c7a90fb54@group-E9B6FFDBC393: changes role from CANDIDATE to FOLLOWER at term 3 for DISCOVERED_A_NEW_TERM
2019-10-10 04:47:20,587 [73eab992-ebb5-44d3-9477-5e5c7a90fb54@group-E9B6FFDBC393-LeaderElection57] INFO  impl.RoleInfo (RoleInfo.java:shutdownLeaderElection(134)) - 73eab992-ebb5-44d3-9477-5e5c7a90fb54: shutdown LeaderElection
2019-10-10 04:47:20,587 [e0b28a99-75f3-4477-a2eb-e02dbf159eb7@group-81BDCEB250F0-LeaderElection55] INFO  impl.LeaderElection (LeaderElection.java:logAndReturn(56)) - e0b28a99-75f3-4477-a2eb-e02dbf159eb7@group-81BDCEB250F0-LeaderElection55: Election REJECTED; received 2 response(s) [e0b28a99-75f3-4477-a2eb-e02dbf159eb7<-32a365e5-4eb6-46c8-bd0c-52dadb233d34#0:FAIL-t3, e0b28a99-75f3-4477-a2eb-e02dbf159eb7<-0eb251eb-6940-4068-ae5e-a6a65a53440f#0:FAIL-t3] and 0 exception(s); e0b28a99-75f3-4477-a2eb-e02dbf159eb7@group-81BDCEB250F0:t3, leader=null, voted=e0b28a99-75f3-4477-a2eb-e02dbf159eb7, raftlog=e0b28a99-75f3-4477-a2eb-e02dbf159eb7@group-81BDCEB250F0-SegmentedRaftLog:OPENED:c-1,f-1,i0, conf=-1: [32a365e5-4eb6-46c8-bd0c-52dadb233d34:192.168.164.237:42209, 0eb251eb-6940-4068-ae5e-a6a65a53440f:192.168.164.237:41092, e0b28a99-75f3-4477-a2eb-e02dbf159eb7:192.168.164.237:34830], old=null
2019-10-10 04:47:20,587 [73eab992-ebb5-44d3-9477-5e5c7a90fb54@group-E9B6FFDBC393-LeaderElection57] INFO  impl.RoleInfo (RoleInfo.java:updateAndGet(143)) - 73eab992-ebb5-44d3-9477-5e5c7a90fb54: start FollowerState
2019-10-10 04:47:20,590 [e0b28a99-75f3-4477-a2eb-e02dbf159eb7@group-81BDCEB250F0-LeaderElection55] INFO  impl.RaftServerImpl (RaftServerImpl.java:setRole(170)) - e0b28a99-75f3-4477-a2eb-e02dbf159eb7@group-81BDCEB250F0: changes role from CANDIDATE to FOLLOWER at term 3 for DISCOVERED_A_NEW_TERM
2019-10-10 04:47:20,592 [e0b28a99-75f3-4477-a2eb-e02dbf159eb7@group-81BDCEB250F0-LeaderElection55] INFO  impl.RoleInfo (RoleInfo.java:shutdownLeaderElection(134)) - e0b28a99-75f3-4477-a2eb-e02dbf159eb7: shutdown LeaderElection
2019-10-10 04:47:20,592 [e0b28a99-75f3-4477-a2eb-e02dbf159eb7@group-81BDCEB250F0-LeaderElection55] INFO  impl.RoleInfo (RoleInfo.java:updateAndGet(143)) - e0b28a99-75f3-4477-a2eb-e02dbf159eb7: start FollowerState
2019-10-10 04:47:20,593 [0eb251eb-6940-4068-ae5e-a6a65a53440f@group-81BDCEB250F0-LeaderElection53] INFO  impl.LeaderElection (LeaderElection.java:logAndReturn(56)) - 0eb251eb-6940-4068-ae5e-a6a65a53440f@group-81BDCEB250F0-LeaderElection53: Election REJECTED; received 2 response(s) [0eb251eb-6940-4068-ae5e-a6a65a53440f<-32a365e5-4eb6-46c8-bd0c-52dadb233d34#0:FAIL-t3, 0eb251eb-6940-4068-ae5e-a6a65a53440f<-e0b28a99-75f3-4477-a2eb-e02dbf159eb7#0:FAIL-t3] and 0 exception(s); 0eb251eb-6940-4068-ae5e-a6a65a53440f@group-81BDCEB250F0:t3, leader=null, voted=0eb251eb-6940-4068-ae5e-a6a65a53440f, raftlog=0eb251eb-6940-4068-ae5e-a6a65a53440f@group-81BDCEB250F0-SegmentedRaftLog:OPENED:c-1,f-1,i0, conf=-1: [32a365e5-4eb6-46c8-bd0c-52dadb233d34:192.168.164.237:42209, 0eb251eb-6940-4068-ae5e-a6a65a53440f:192.168.164.237:41092, e0b28a99-75f3-4477-a2eb-e02dbf159eb7:192.168.164.237:34830], old=null
2019-10-10 04:47:20,593 [0eb251eb-6940-4068-ae5e-a6a65a53440f@group-81BDCEB250F0-LeaderElection53] INFO  impl.RaftServerImpl (RaftServerImpl.java:setRole(170)) - 0eb251eb-6940-4068-ae5e-a6a65a53440f@group-81BDCEB250F0: changes role from CANDIDATE to FOLLOWER at term 3 for DISCOVERED_A_NEW_TERM
2019-10-10 04:47:20,593 [0eb251eb-6940-4068-ae5e-a6a65a53440f@group-81BDCEB250F0-LeaderElection53] INFO  impl.RoleInfo (RoleInfo.java:shutdownLeaderElection(134)) - 0eb251eb-6940-4068-ae5e-a6a65a53440f: shutdown LeaderElection
2019-10-10 04:47:20,594 [0eb251eb-6940-4068-ae5e-a6a65a53440f@group-81BDCEB250F0-LeaderElection53] INFO  impl.RoleInfo (RoleInfo.java:updateAndGet(143)) - 0eb251eb-6940-4068-ae5e-a6a65a53440f: start FollowerState
]]></system-out>
  </testcase>
  <testcase name="testWatchForCommitForGroupMismatchException" classname="org.apache.hadoop.ozone.client.rpc.TestWatchForCommit" time="43.508"/>
  <testcase name="test2WayCommitForTimeoutException" classname="org.apache.hadoop.ozone.client.rpc.TestWatchForCommit" time="39.81">
    <error type="java.util.concurrent.TimeoutException">java.util.concurrent.TimeoutException
	at java.util.concurrent.CompletableFuture.timedGet(CompletableFuture.java:1771)
	at java.util.concurrent.CompletableFuture.get(CompletableFuture.java:1915)
	at org.apache.hadoop.hdds.scm.XceiverClientRatis.watchForCommit(XceiverClientRatis.java:298)
	at org.apache.hadoop.ozone.client.rpc.TestWatchForCommit.test2WayCommitForTimeoutException(TestWatchForCommit.java:391)
	at sun.reflect.NativeMethodAccessorImpl.invoke0(Native Method)
	at sun.reflect.NativeMethodAccessorImpl.invoke(NativeMethodAccessorImpl.java:62)
	at sun.reflect.DelegatingMethodAccessorImpl.invoke(DelegatingMethodAccessorImpl.java:43)
	at java.lang.reflect.Method.invoke(Method.java:498)
	at org.junit.runners.model.FrameworkMethod$1.runReflectiveCall(FrameworkMethod.java:47)
	at org.junit.internal.runners.model.ReflectiveCallable.run(ReflectiveCallable.java:12)
	at org.junit.runners.model.FrameworkMethod.invokeExplosively(FrameworkMethod.java:44)
	at org.junit.internal.runners.statements.InvokeMethod.evaluate(InvokeMethod.java:17)
	at org.junit.runners.ParentRunner.runLeaf(ParentRunner.java:271)
	at org.junit.runners.BlockJUnit4ClassRunner.runChild(BlockJUnit4ClassRunner.java:70)
	at org.junit.runners.BlockJUnit4ClassRunner.runChild(BlockJUnit4ClassRunner.java:50)
	at org.junit.runners.ParentRunner$3.run(ParentRunner.java:238)
	at org.junit.runners.ParentRunner$1.schedule(ParentRunner.java:63)
	at org.junit.runners.ParentRunner.runChildren(ParentRunner.java:236)
	at org.junit.runners.ParentRunner.access$000(ParentRunner.java:53)
	at org.junit.runners.ParentRunner$2.evaluate(ParentRunner.java:229)
	at org.junit.runners.ParentRunner.run(ParentRunner.java:309)
	at org.apache.maven.surefire.junit4.JUnit4Provider.execute(JUnit4Provider.java:365)
	at org.apache.maven.surefire.junit4.JUnit4Provider.executeWithRerun(JUnit4Provider.java:273)
	at org.apache.maven.surefire.junit4.JUnit4Provider.executeTestSet(JUnit4Provider.java:238)
	at org.apache.maven.surefire.junit4.JUnit4Provider.invoke(JUnit4Provider.java:159)
	at org.apache.maven.surefire.booter.ForkedBooter.invokeProviderInSameClassLoader(ForkedBooter.java:384)
	at org.apache.maven.surefire.booter.ForkedBooter.runSuitesInProcess(ForkedBooter.java:345)
	at org.apache.maven.surefire.booter.ForkedBooter.execute(ForkedBooter.java:126)
	at org.apache.maven.surefire.booter.ForkedBooter.main(ForkedBooter.java:418)
</error>
    <system-out><![CDATA[2019-10-10 04:48:07,435 [main] WARN  server.ServerUtils (ServerUtils.java:getScmDbDir(145)) - ozone.scm.db.dirs is not configured. We recommend adding this setting. Falling back to ozone.metadata.dirs instead.
2019-10-10 04:48:07,493 [main] WARN  server.ServerUtils (ServerUtils.java:getScmDbDir(145)) - ozone.scm.db.dirs is not configured. We recommend adding this setting. Falling back to ozone.metadata.dirs instead.
2019-10-10 04:48:07,493 [main] WARN  server.ServerUtils (ServerUtils.java:getScmDbDir(145)) - ozone.scm.db.dirs is not configured. We recommend adding this setting. Falling back to ozone.metadata.dirs instead.
2019-10-10 04:48:07,494 [main] INFO  db.DBStoreBuilder (DBStoreBuilder.java:addTable(117)) - using custom profile for table: deletedBlocks
2019-10-10 04:48:07,494 [main] INFO  db.DBStoreBuilder (DBStoreBuilder.java:processTables(168)) - Using default column profile:DBProfile.DISK for Table:deletedBlocks
2019-10-10 04:48:07,494 [main] INFO  db.DBStoreBuilder (DBStoreBuilder.java:addTable(117)) - using custom profile for table: validCerts
2019-10-10 04:48:07,495 [main] INFO  db.DBStoreBuilder (DBStoreBuilder.java:processTables(168)) - Using default column profile:DBProfile.DISK for Table:validCerts
2019-10-10 04:48:07,495 [main] INFO  db.DBStoreBuilder (DBStoreBuilder.java:addTable(117)) - using custom profile for table: revokedCerts
2019-10-10 04:48:07,495 [main] INFO  db.DBStoreBuilder (DBStoreBuilder.java:processTables(168)) - Using default column profile:DBProfile.DISK for Table:revokedCerts
2019-10-10 04:48:07,495 [main] INFO  db.DBStoreBuilder (DBStoreBuilder.java:addTable(117)) - using custom profile for table: default
2019-10-10 04:48:07,496 [main] INFO  db.DBStoreBuilder (DBStoreBuilder.java:processTables(174)) - Using default column profile:DBProfile.DISK for Table:default
2019-10-10 04:48:07,496 [main] INFO  db.DBStoreBuilder (DBStoreBuilder.java:getDbProfile(205)) - Using default options. DBProfile.DISK
2019-10-10 04:48:07,916 [main] INFO  net.NodeSchemaLoader (NodeSchemaLoader.java:loadSchemaFromFile(125)) - Loading file from sun.misc.CompoundEnumeration@56a4abd0
2019-10-10 04:48:07,916 [main] INFO  net.NodeSchemaLoader (NodeSchemaLoader.java:loadSchema(171)) - Loading network topology layer schema file
2019-10-10 04:48:07,923 [main] WARN  server.ServerUtils (ServerUtils.java:sanitizeUserArgs(70)) - ozone.scm.stale.node.interval value = 300000 is larger than max = 100000 based on the key value of ozone.scm.heartbeat.thread.interval, reset to the max value 100000.
2019-10-10 04:48:07,923 [main] WARN  server.ServerUtils (ServerUtils.java:sanitizeUserArgs(70)) - ozone.scm.stale.node.interval value = 300000 is larger than max = 100000 based on the key value of ozone.scm.heartbeat.thread.interval, reset to the max value 100000.
2019-10-10 04:48:07,924 [main] INFO  node.SCMNodeManager (SCMNodeManager.java:<init>(116)) - Entering startup safe mode.
2019-10-10 04:48:07,924 [main] INFO  algorithms.ContainerPlacementPolicyFactory (ContainerPlacementPolicyFactory.java:getPolicy(57)) - Create container placement policy of type org.apache.hadoop.hdds.scm.container.placement.algorithms.SCMContainerPlacementRandom
2019-10-10 04:48:07,925 [main] WARN  server.ServerUtils (ServerUtils.java:getScmDbDir(145)) - ozone.scm.db.dirs is not configured. We recommend adding this setting. Falling back to ozone.metadata.dirs instead.
2019-10-10 04:48:08,107 [main] INFO  pipeline.SCMPipelineManager (SCMPipelineManager.java:initializePipelineState(132)) - No pipeline exists in current db
2019-10-10 04:48:08,108 [main] WARN  server.ServerUtils (ServerUtils.java:getScmDbDir(145)) - ozone.scm.db.dirs is not configured. We recommend adding this setting. Falling back to ozone.metadata.dirs instead.
2019-10-10 04:48:08,301 [main] WARN  events.EventQueue (EventQueue.java:fireEvent(183)) - No event handler registered for event TypedEvent{payloadType=SafeModeStatus, name='SafeModeStatus'}
2019-10-10 04:48:08,302 [main] INFO  ipc.CallQueueManager (CallQueueManager.java:<init>(84)) - Using callQueue: class java.util.concurrent.LinkedBlockingQueue, queueCapacity: 2000, scheduler: class org.apache.hadoop.ipc.DefaultRpcScheduler, ipcBackoff: false.
2019-10-10 04:48:08,303 [Socket Reader #1 for port 45483] INFO  ipc.Server (Server.java:run(1074)) - Starting Socket Reader #1 for port 45483
2019-10-10 04:48:08,307 [main] INFO  ipc.CallQueueManager (CallQueueManager.java:<init>(84)) - Using callQueue: class java.util.concurrent.LinkedBlockingQueue, queueCapacity: 2000, scheduler: class org.apache.hadoop.ipc.DefaultRpcScheduler, ipcBackoff: false.
2019-10-10 04:48:08,307 [Socket Reader #1 for port 44163] INFO  ipc.Server (Server.java:run(1074)) - Starting Socket Reader #1 for port 44163
2019-10-10 04:48:08,310 [main] INFO  ipc.CallQueueManager (CallQueueManager.java:<init>(84)) - Using callQueue: class java.util.concurrent.LinkedBlockingQueue, queueCapacity: 2000, scheduler: class org.apache.hadoop.ipc.DefaultRpcScheduler, ipcBackoff: false.
2019-10-10 04:48:08,311 [Socket Reader #1 for port 43743] INFO  ipc.Server (Server.java:run(1074)) - Starting Socket Reader #1 for port 43743
2019-10-10 04:48:08,314 [main] INFO  hdfs.DFSUtil (DFSUtil.java:httpServerTemplateForNNAndJN(1641)) - Starting Web-server for scm at: http://0.0.0.0:0
2019-10-10 04:48:08,315 [main] INFO  server.AuthenticationFilter (AuthenticationFilter.java:constructSecretProvider(240)) - Unable to initialize FileSignerSecretProvider, falling back to use random secrets.
2019-10-10 04:48:08,316 [main] WARN  http.HttpRequestLog (HttpRequestLog.java:getRequestLog(97)) - Jetty request log can only be enabled using Log4j
2019-10-10 04:48:08,317 [main] INFO  http.HttpServer2 (HttpServer2.java:addGlobalFilter(975)) - Added global filter 'safety' (class=org.apache.hadoop.http.HttpServer2$QuotingInputFilter)
2019-10-10 04:48:08,318 [main] INFO  http.HttpServer2 (HttpServer2.java:addFilter(948)) - Added filter static_user_filter (class=org.apache.hadoop.http.lib.StaticUserWebFilter$StaticUserFilter) to context scm
2019-10-10 04:48:08,318 [main] INFO  http.HttpServer2 (HttpServer2.java:addFilter(958)) - Added filter static_user_filter (class=org.apache.hadoop.http.lib.StaticUserWebFilter$StaticUserFilter) to context logs
2019-10-10 04:48:08,318 [main] INFO  http.HttpServer2 (HttpServer2.java:addFilter(958)) - Added filter static_user_filter (class=org.apache.hadoop.http.lib.StaticUserWebFilter$StaticUserFilter) to context static
2019-10-10 04:48:08,320 [main] INFO  server.StorageContainerManager (StorageContainerManager.java:start(770)) - StorageContainerLocationProtocol RPC server is listening at /0.0.0.0:43743
2019-10-10 04:48:08,322 [main] WARN  impl.MetricsConfig (MetricsConfig.java:loadFirst(134)) - Cannot locate configuration: tried hadoop-metrics2-storagecontainermanager.properties,hadoop-metrics2.properties
2019-10-10 04:48:08,323 [main] INFO  impl.MetricsSystemImpl (MetricsSystemImpl.java:startTimer(374)) - Scheduled Metric snapshot period at 10 second(s).
2019-10-10 04:48:08,323 [main] INFO  impl.MetricsSystemImpl (MetricsSystemImpl.java:start(191)) - StorageContainerManager metrics system started
2019-10-10 04:48:08,641 [main] WARN  impl.MetricsSystemImpl (MetricsSystemImpl.java:register(276)) - Sink prometheus already exists!
2019-10-10 04:48:09,008 [main] INFO  server.SCMClientProtocolServer (SCMClientProtocolServer.java:start(159)) - RPC server for Client  is listening at /0.0.0.0:43743
2019-10-10 04:48:09,009 [IPC Server listener on 43743] INFO  ipc.Server (Server.java:run(1153)) - IPC Server listener on 43743: starting
2019-10-10 04:48:09,009 [IPC Server Responder] INFO  ipc.Server (Server.java:run(1314)) - IPC Server Responder: starting
2019-10-10 04:48:09,021 [main] INFO  server.StorageContainerManager (StorageContainerManager.java:start(780)) - ScmBlockLocationProtocol RPC server is listening at /0.0.0.0:44163
2019-10-10 04:48:09,021 [main] INFO  server.SCMBlockProtocolServer (SCMBlockProtocolServer.java:start(146)) - RPC server for Block Protocol is listening at /0.0.0.0:44163
2019-10-10 04:48:09,022 [IPC Server Responder] INFO  ipc.Server (Server.java:run(1314)) - IPC Server Responder: starting
2019-10-10 04:48:09,022 [IPC Server listener on 44163] INFO  ipc.Server (Server.java:run(1153)) - IPC Server listener on 44163: starting
2019-10-10 04:48:09,027 [main] INFO  server.StorageContainerManager (StorageContainerManager.java:start(784)) - ScmDatanodeProtocl RPC server is listening at /0.0.0.0:45483
2019-10-10 04:48:09,027 [main] INFO  server.SCMDatanodeProtocolServer (SCMDatanodeProtocolServer.java:start(169)) - RPC server for DataNodes is listening at /0.0.0.0:45483
2019-10-10 04:48:09,028 [IPC Server Responder] INFO  ipc.Server (Server.java:run(1314)) - IPC Server Responder: starting
2019-10-10 04:48:09,028 [IPC Server listener on 45483] INFO  ipc.Server (Server.java:run(1153)) - IPC Server listener on 45483: starting
2019-10-10 04:48:09,033 [main] INFO  http.HttpServer2 (HttpServer2.java:bindListener(1191)) - Jetty bound to port 37481
2019-10-10 04:48:09,034 [main] INFO  server.Server (Server.java:doStart(351)) - jetty-9.3.25.v20180904, build timestamp: 2018-09-04T21:11:46Z, git hash: 3ce520221d0240229c862b122d2b06c12a625732
2019-10-10 04:48:09,035 [main] INFO  handler.ContextHandler (ContextHandler.java:doStart(781)) - Started o.e.j.s.ServletContextHandler@501957bf{/logs,file:///workdir/hadoop-ozone/integration-test/target/log,AVAILABLE}
2019-10-10 04:48:09,036 [main] INFO  handler.ContextHandler (ContextHandler.java:doStart(781)) - Started o.e.j.s.ServletContextHandler@b30a50d{/static,file:///workdir/hadoop-ozone/integration-test/target/test-classes/webapps/static,AVAILABLE}
2019-10-10 04:48:09,039 [main] INFO  handler.ContextHandler (ContextHandler.java:doStart(781)) - Started o.e.j.w.WebAppContext@320be73{/,file:///workdir/hadoop-ozone/integration-test/target/test-classes/webapps/scm/,AVAILABLE}{/scm}
2019-10-10 04:48:09,039 [main] INFO  server.AbstractConnector (AbstractConnector.java:doStart(278)) - Started ServerConnector@435e416c{HTTP/1.1,[http/1.1]}{0.0.0.0:37481}
2019-10-10 04:48:09,043 [main] INFO  server.Server (Server.java:doStart(419)) - Started @228224ms
2019-10-10 04:48:09,043 [main] WARN  impl.MetricsSystemImpl (MetricsSystemImpl.java:register(276)) - Sink prometheus already exists!
2019-10-10 04:48:09,044 [main] INFO  server.BaseHttpServer (BaseHttpServer.java:updateConnectorAddress(215)) - HTTP server of SCM is listening at http://0.0.0.0:37481
2019-10-10 04:48:09,044 [main] WARN  server.ServerUtils (ServerUtils.java:getDBPath(222)) - ozone.om.db.dirs is not configured. We recommend adding this setting. Falling back to ozone.metadata.dirs instead.
2019-10-10 04:48:09,044 [org.apache.hadoop.util.JvmPauseMonitor$Monitor@4aed311e] INFO  util.JvmPauseMonitor (JvmPauseMonitor.java:run(188)) - Starting JVM pause monitor
2019-10-10 04:48:09,073 [main] INFO  ha.OMHANodeDetails (OMHANodeDetails.java:loadOMHAConfig(190)) - Configuration either no ozone.om.address set. Falling back to the default OM address /127.0.0.1:0
2019-10-10 04:48:09,073 [main] INFO  ha.OMHANodeDetails (OMHANodeDetails.java:getOMNodeDetails(220)) - OM Service ID is not set. Setting it to the default ID: omServiceIdDefault
2019-10-10 04:48:09,074 [main] WARN  server.ServerUtils (ServerUtils.java:getDBPath(222)) - ozone.om.db.dirs is not configured. We recommend adding this setting. Falling back to ozone.metadata.dirs instead.
2019-10-10 04:48:09,074 [main] WARN  server.ServerUtils (ServerUtils.java:getDBPath(222)) - ozone.om.db.dirs is not configured. We recommend adding this setting. Falling back to ozone.metadata.dirs instead.
2019-10-10 04:48:09,104 [main] WARN  server.ServerUtils (ServerUtils.java:getDBPath(222)) - ozone.om.db.dirs is not configured. We recommend adding this setting. Falling back to ozone.metadata.dirs instead.
2019-10-10 04:48:09,105 [main] INFO  db.DBStoreBuilder (DBStoreBuilder.java:addTable(117)) - using custom profile for table: userTable
2019-10-10 04:48:09,105 [main] INFO  db.DBStoreBuilder (DBStoreBuilder.java:processTables(168)) - Using default column profile:DBProfile.DISK for Table:userTable
2019-10-10 04:48:09,105 [main] INFO  db.DBStoreBuilder (DBStoreBuilder.java:addTable(117)) - using custom profile for table: volumeTable
2019-10-10 04:48:09,105 [main] INFO  db.DBStoreBuilder (DBStoreBuilder.java:processTables(168)) - Using default column profile:DBProfile.DISK for Table:volumeTable
2019-10-10 04:48:09,105 [main] INFO  db.DBStoreBuilder (DBStoreBuilder.java:addTable(117)) - using custom profile for table: bucketTable
2019-10-10 04:48:09,105 [main] INFO  db.DBStoreBuilder (DBStoreBuilder.java:processTables(168)) - Using default column profile:DBProfile.DISK for Table:bucketTable
2019-10-10 04:48:09,106 [main] INFO  db.DBStoreBuilder (DBStoreBuilder.java:addTable(117)) - using custom profile for table: keyTable
2019-10-10 04:48:09,106 [main] INFO  db.DBStoreBuilder (DBStoreBuilder.java:processTables(168)) - Using default column profile:DBProfile.DISK for Table:keyTable
2019-10-10 04:48:09,106 [main] INFO  db.DBStoreBuilder (DBStoreBuilder.java:addTable(117)) - using custom profile for table: deletedTable
2019-10-10 04:48:09,106 [main] INFO  db.DBStoreBuilder (DBStoreBuilder.java:processTables(168)) - Using default column profile:DBProfile.DISK for Table:deletedTable
2019-10-10 04:48:09,106 [main] INFO  db.DBStoreBuilder (DBStoreBuilder.java:addTable(117)) - using custom profile for table: openKeyTable
2019-10-10 04:48:09,106 [main] INFO  db.DBStoreBuilder (DBStoreBuilder.java:processTables(168)) - Using default column profile:DBProfile.DISK for Table:openKeyTable
2019-10-10 04:48:09,106 [main] INFO  db.DBStoreBuilder (DBStoreBuilder.java:addTable(117)) - using custom profile for table: s3Table
2019-10-10 04:48:09,107 [main] INFO  db.DBStoreBuilder (DBStoreBuilder.java:processTables(168)) - Using default column profile:DBProfile.DISK for Table:s3Table
2019-10-10 04:48:09,107 [main] INFO  db.DBStoreBuilder (DBStoreBuilder.java:addTable(117)) - using custom profile for table: multipartInfoTable
2019-10-10 04:48:09,107 [main] INFO  db.DBStoreBuilder (DBStoreBuilder.java:processTables(168)) - Using default column profile:DBProfile.DISK for Table:multipartInfoTable
2019-10-10 04:48:09,107 [main] INFO  db.DBStoreBuilder (DBStoreBuilder.java:addTable(117)) - using custom profile for table: dTokenTable
2019-10-10 04:48:09,107 [main] INFO  db.DBStoreBuilder (DBStoreBuilder.java:processTables(168)) - Using default column profile:DBProfile.DISK for Table:dTokenTable
2019-10-10 04:48:09,107 [main] INFO  db.DBStoreBuilder (DBStoreBuilder.java:addTable(117)) - using custom profile for table: s3SecretTable
2019-10-10 04:48:09,107 [main] INFO  db.DBStoreBuilder (DBStoreBuilder.java:processTables(168)) - Using default column profile:DBProfile.DISK for Table:s3SecretTable
2019-10-10 04:48:09,108 [main] INFO  db.DBStoreBuilder (DBStoreBuilder.java:addTable(117)) - using custom profile for table: prefixTable
2019-10-10 04:48:09,108 [main] INFO  db.DBStoreBuilder (DBStoreBuilder.java:processTables(168)) - Using default column profile:DBProfile.DISK for Table:prefixTable
2019-10-10 04:48:09,108 [main] INFO  db.DBStoreBuilder (DBStoreBuilder.java:addTable(117)) - using custom profile for table: default
2019-10-10 04:48:09,108 [main] INFO  db.DBStoreBuilder (DBStoreBuilder.java:processTables(174)) - Using default column profile:DBProfile.DISK for Table:default
2019-10-10 04:48:09,108 [main] INFO  db.DBStoreBuilder (DBStoreBuilder.java:getDbProfile(205)) - Using default options. DBProfile.DISK
2019-10-10 04:48:10,041 [main] INFO  ipc.CallQueueManager (CallQueueManager.java:<init>(84)) - Using callQueue: class java.util.concurrent.LinkedBlockingQueue, queueCapacity: 2000, scheduler: class org.apache.hadoop.ipc.DefaultRpcScheduler, ipcBackoff: false.
2019-10-10 04:48:10,042 [Socket Reader #1 for port 45107] INFO  ipc.Server (Server.java:run(1074)) - Starting Socket Reader #1 for port 45107
2019-10-10 04:48:10,059 [main] INFO  om.OzoneManager (OzoneManager.java:start(1069)) - OzoneManager RPC server is listening at localhost/127.0.0.1:45107
2019-10-10 04:48:10,059 [main] INFO  impl.MetricsSystemImpl (MetricsSystemImpl.java:init(158)) - OzoneManager metrics system started (again)
2019-10-10 04:48:10,060 [IPC Server Responder] INFO  ipc.Server (Server.java:run(1314)) - IPC Server Responder: starting
2019-10-10 04:48:10,060 [IPC Server listener on 45107] INFO  ipc.Server (Server.java:run(1153)) - IPC Server listener on 45107: starting
2019-10-10 04:48:10,073 [main] INFO  hdfs.DFSUtil (DFSUtil.java:httpServerTemplateForNNAndJN(1641)) - Starting Web-server for ozoneManager at: http://0.0.0.0:0
2019-10-10 04:48:10,075 [main] INFO  server.AuthenticationFilter (AuthenticationFilter.java:constructSecretProvider(240)) - Unable to initialize FileSignerSecretProvider, falling back to use random secrets.
2019-10-10 04:48:10,076 [main] WARN  http.HttpRequestLog (HttpRequestLog.java:getRequestLog(97)) - Jetty request log can only be enabled using Log4j
2019-10-10 04:48:10,077 [main] INFO  http.HttpServer2 (HttpServer2.java:addGlobalFilter(975)) - Added global filter 'safety' (class=org.apache.hadoop.http.HttpServer2$QuotingInputFilter)
2019-10-10 04:48:10,078 [main] INFO  http.HttpServer2 (HttpServer2.java:addFilter(948)) - Added filter static_user_filter (class=org.apache.hadoop.http.lib.StaticUserWebFilter$StaticUserFilter) to context ozoneManager
2019-10-10 04:48:10,078 [main] INFO  http.HttpServer2 (HttpServer2.java:addFilter(958)) - Added filter static_user_filter (class=org.apache.hadoop.http.lib.StaticUserWebFilter$StaticUserFilter) to context logs
2019-10-10 04:48:10,078 [main] INFO  http.HttpServer2 (HttpServer2.java:addFilter(958)) - Added filter static_user_filter (class=org.apache.hadoop.http.lib.StaticUserWebFilter$StaticUserFilter) to context static
2019-10-10 04:48:10,079 [main] INFO  http.HttpServer2 (HttpServer2.java:bindListener(1191)) - Jetty bound to port 42609
2019-10-10 04:48:10,079 [main] INFO  server.Server (Server.java:doStart(351)) - jetty-9.3.25.v20180904, build timestamp: 2018-09-04T21:11:46Z, git hash: 3ce520221d0240229c862b122d2b06c12a625732
2019-10-10 04:48:10,081 [main] INFO  handler.ContextHandler (ContextHandler.java:doStart(781)) - Started o.e.j.s.ServletContextHandler@2c6c302f{/logs,file:///workdir/hadoop-ozone/integration-test/target/log,AVAILABLE}
2019-10-10 04:48:10,082 [main] INFO  handler.ContextHandler (ContextHandler.java:doStart(781)) - Started o.e.j.s.ServletContextHandler@39023dbf{/static,file:///workdir/hadoop-ozone/integration-test/target/test-classes/webapps/static,AVAILABLE}
2019-10-10 04:48:10,097 [main] INFO  handler.ContextHandler (ContextHandler.java:doStart(781)) - Started o.e.j.w.WebAppContext@2871ac91{/,file:///workdir/hadoop-ozone/integration-test/target/test-classes/webapps/ozoneManager/,AVAILABLE}{/ozoneManager}
2019-10-10 04:48:10,098 [main] INFO  server.AbstractConnector (AbstractConnector.java:doStart(278)) - Started ServerConnector@3c54ddec{HTTP/1.1,[http/1.1]}{0.0.0.0:42609}
2019-10-10 04:48:10,103 [main] INFO  server.Server (Server.java:doStart(419)) - Started @229284ms
2019-10-10 04:48:10,103 [main] WARN  impl.MetricsSystemImpl (MetricsSystemImpl.java:register(276)) - Sink prometheus already exists!
2019-10-10 04:48:10,104 [main] INFO  server.BaseHttpServer (BaseHttpServer.java:updateConnectorAddress(215)) - HTTP server of OZONEMANAGER is listening at http://0.0.0.0:42609
2019-10-10 04:48:10,117 [main] INFO  impl.MetricsSystemImpl (MetricsSystemImpl.java:init(158)) - HddsDatanode metrics system started (again)
2019-10-10 04:48:10,140 [main] INFO  ozone.HddsDatanodeService (HddsDatanodeService.java:start(184)) - HddsDatanodeService host:pr-hdds-1986-sk52v-1870103574 ip:192.168.164.237
2019-10-10 04:48:10,150 [main] INFO  volume.HddsVolume (HddsVolume.java:<init>(176)) - Creating Volume: /workdir/hadoop-ozone/integration-test/target/test-dir/MiniOzoneClusterImpl-29206e1f-0a4b-4f87-b2b8-05e6105363df/datanode-0/data/containers/hdds of  storage type : DISK and capacity : 1482555576320
2019-10-10 04:48:10,150 [main] INFO  volume.VolumeSet (VolumeSet.java:initializeVolumeSet(170)) - Added Volume : /workdir/hadoop-ozone/integration-test/target/test-dir/MiniOzoneClusterImpl-29206e1f-0a4b-4f87-b2b8-05e6105363df/datanode-0/data/containers/hdds to VolumeSet
2019-10-10 04:48:10,150 [main] INFO  volume.ThrottledAsyncChecker (ThrottledAsyncChecker.java:schedule(139)) - Scheduling a check for org.apache.hadoop.ozone.container.common.volume.HddsVolume@752b69e3
2019-10-10 04:48:10,151 [main] INFO  volume.HddsVolumeChecker (HddsVolumeChecker.java:checkAllVolumes(202)) - Scheduled health check for volume org.apache.hadoop.ozone.container.common.volume.HddsVolume@752b69e3
2019-10-10 04:48:10,168 [main] INFO  impl.RaftServerProxy (ConfUtils.java:logGet(43)) - raft.rpc.type = GRPC (default)
2019-10-10 04:48:10,169 [main] INFO  grpc.GrpcFactory (GrpcFactory.java:checkPooledByteBufAllocatorUseCacheForAllThreads(45)) - PERFORMANCE WARNING: useCacheForAllThreads is true that may cause Netty to create a lot garbage objects and, as a result, trigger GC.
	It is recommended to disable useCacheForAllThreads by setting -Dorg.apache.ratis.thirdparty.io.netty.allocator.useCacheForAllThreads=false in command line.
2019-10-10 04:48:10,169 [main] INFO  grpc.GrpcConfigKeys$Server (ConfUtils.java:logGet(43)) - raft.grpc.server.port = 0 (default)
2019-10-10 04:48:10,169 [main] INFO  server.GrpcService (ConfUtils.java:logGet(43)) - raft.grpc.message.size.max = 33570816 (custom)
2019-10-10 04:48:10,169 [main] INFO  server.RaftServerConfigKeys (ConfUtils.java:logGet(43)) - raft.server.log.appender.buffer.byte-limit = 33554432 (custom)
2019-10-10 04:48:10,169 [main] INFO  server.GrpcService (ConfUtils.java:logGet(43)) - raft.grpc.flow.control.window = 1MB (=1048576) (default)
2019-10-10 04:48:10,170 [main] INFO  server.RaftServerConfigKeys (ConfUtils.java:logGet(43)) - raft.server.rpc.request.timeout = 3000ms (default)
2019-10-10 04:48:10,170 [main] INFO  server.RaftServerConfigKeys (ConfUtils.java:logGet(43)) - raft.server.storage.dir = [/workdir/hadoop-ozone/integration-test/target/test-dir/MiniOzoneClusterImpl-29206e1f-0a4b-4f87-b2b8-05e6105363df/datanode-0/data/ratis] (custom)
2019-10-10 04:48:10,172 [main] INFO  hdfs.DFSUtil (DFSUtil.java:httpServerTemplateForNNAndJN(1641)) - Starting Web-server for hddsDatanode at: http://0.0.0.0:0
2019-10-10 04:48:10,173 [main] INFO  server.AuthenticationFilter (AuthenticationFilter.java:constructSecretProvider(240)) - Unable to initialize FileSignerSecretProvider, falling back to use random secrets.
2019-10-10 04:48:10,173 [main] WARN  http.HttpRequestLog (HttpRequestLog.java:getRequestLog(97)) - Jetty request log can only be enabled using Log4j
2019-10-10 04:48:10,175 [main] INFO  http.HttpServer2 (HttpServer2.java:addGlobalFilter(975)) - Added global filter 'safety' (class=org.apache.hadoop.http.HttpServer2$QuotingInputFilter)
2019-10-10 04:48:10,175 [main] INFO  http.HttpServer2 (HttpServer2.java:addFilter(948)) - Added filter static_user_filter (class=org.apache.hadoop.http.lib.StaticUserWebFilter$StaticUserFilter) to context hddsDatanode
2019-10-10 04:48:10,175 [main] INFO  http.HttpServer2 (HttpServer2.java:addFilter(958)) - Added filter static_user_filter (class=org.apache.hadoop.http.lib.StaticUserWebFilter$StaticUserFilter) to context logs
2019-10-10 04:48:10,176 [main] INFO  http.HttpServer2 (HttpServer2.java:addFilter(958)) - Added filter static_user_filter (class=org.apache.hadoop.http.lib.StaticUserWebFilter$StaticUserFilter) to context static
2019-10-10 04:48:10,176 [main] INFO  http.HttpServer2 (HttpServer2.java:bindListener(1191)) - Jetty bound to port 40324
2019-10-10 04:48:10,176 [main] INFO  server.Server (Server.java:doStart(351)) - jetty-9.3.25.v20180904, build timestamp: 2018-09-04T21:11:46Z, git hash: 3ce520221d0240229c862b122d2b06c12a625732
2019-10-10 04:48:10,178 [main] INFO  handler.ContextHandler (ContextHandler.java:doStart(781)) - Started o.e.j.s.ServletContextHandler@637c840d{/logs,file:///workdir/hadoop-ozone/integration-test/target/log,AVAILABLE}
2019-10-10 04:48:10,178 [main] INFO  handler.ContextHandler (ContextHandler.java:doStart(781)) - Started o.e.j.s.ServletContextHandler@463afa6e{/static,jar:file:/home/user/.m2/repository/org/apache/hadoop/hadoop-hdds-container-service/0.5.0-SNAPSHOT/hadoop-hdds-container-service-0.5.0-SNAPSHOT.jar!/webapps/static,AVAILABLE}
2019-10-10 04:48:10,209 [main] INFO  handler.ContextHandler (ContextHandler.java:doStart(781)) - Started o.e.j.w.WebAppContext@6c951ada{/,file:///tmp/jetty-0.0.0.0-40324-hddsDatanode-_-any-2138214330231090835.dir/webapp/,AVAILABLE}{/hddsDatanode}
2019-10-10 04:48:10,210 [main] INFO  server.AbstractConnector (AbstractConnector.java:doStart(278)) - Started ServerConnector@67b61834{HTTP/1.1,[http/1.1]}{0.0.0.0:40324}
2019-10-10 04:48:10,212 [main] INFO  server.Server (Server.java:doStart(419)) - Started @229393ms
2019-10-10 04:48:10,212 [main] WARN  impl.MetricsSystemImpl (MetricsSystemImpl.java:register(276)) - Sink prometheus already exists!
2019-10-10 04:48:10,213 [main] INFO  server.BaseHttpServer (BaseHttpServer.java:updateConnectorAddress(215)) - HTTP server of HDDSDATANODE is listening at http://0.0.0.0:40324
2019-10-10 04:48:10,213 [main] INFO  impl.MetricsSystemImpl (MetricsSystemImpl.java:init(158)) - HddsDatanode metrics system started (again)
2019-10-10 04:48:10,235 [org.apache.hadoop.util.JvmPauseMonitor$Monitor@1fce368a] INFO  util.JvmPauseMonitor (JvmPauseMonitor.java:run(188)) - Starting JVM pause monitor
2019-10-10 04:48:10,238 [Datanode State Machine Thread - 0] INFO  datanode.InitDatanodeState (InitDatanodeState.java:persistContainerDatanodeDetails(140)) - DatanodeDetails is persisted to /workdir/hadoop-ozone/integration-test/target/test-dir/MiniOzoneClusterImpl-29206e1f-0a4b-4f87-b2b8-05e6105363df/datanode-0/meta/datanode.id
2019-10-10 04:48:10,238 [main] INFO  ozone.HddsDatanodeService (HddsDatanodeService.java:start(184)) - HddsDatanodeService host:pr-hdds-1986-sk52v-1870103574 ip:192.168.164.237
2019-10-10 04:48:10,247 [main] INFO  volume.HddsVolume (HddsVolume.java:<init>(176)) - Creating Volume: /workdir/hadoop-ozone/integration-test/target/test-dir/MiniOzoneClusterImpl-29206e1f-0a4b-4f87-b2b8-05e6105363df/datanode-1/data/containers/hdds of  storage type : DISK and capacity : 1482555576320
2019-10-10 04:48:10,247 [main] INFO  volume.VolumeSet (VolumeSet.java:initializeVolumeSet(170)) - Added Volume : /workdir/hadoop-ozone/integration-test/target/test-dir/MiniOzoneClusterImpl-29206e1f-0a4b-4f87-b2b8-05e6105363df/datanode-1/data/containers/hdds to VolumeSet
2019-10-10 04:48:10,247 [main] INFO  volume.ThrottledAsyncChecker (ThrottledAsyncChecker.java:schedule(139)) - Scheduling a check for org.apache.hadoop.ozone.container.common.volume.HddsVolume@367d34c0
2019-10-10 04:48:10,248 [main] INFO  volume.HddsVolumeChecker (HddsVolumeChecker.java:checkAllVolumes(202)) - Scheduled health check for volume org.apache.hadoop.ozone.container.common.volume.HddsVolume@367d34c0
2019-10-10 04:48:10,266 [main] INFO  impl.RaftServerProxy (ConfUtils.java:logGet(43)) - raft.rpc.type = GRPC (default)
2019-10-10 04:48:10,266 [main] INFO  grpc.GrpcFactory (GrpcFactory.java:checkPooledByteBufAllocatorUseCacheForAllThreads(45)) - PERFORMANCE WARNING: useCacheForAllThreads is true that may cause Netty to create a lot garbage objects and, as a result, trigger GC.
	It is recommended to disable useCacheForAllThreads by setting -Dorg.apache.ratis.thirdparty.io.netty.allocator.useCacheForAllThreads=false in command line.
2019-10-10 04:48:10,266 [main] INFO  grpc.GrpcConfigKeys$Server (ConfUtils.java:logGet(43)) - raft.grpc.server.port = 0 (default)
2019-10-10 04:48:10,266 [main] INFO  server.GrpcService (ConfUtils.java:logGet(43)) - raft.grpc.message.size.max = 33570816 (custom)
2019-10-10 04:48:10,266 [main] INFO  server.RaftServerConfigKeys (ConfUtils.java:logGet(43)) - raft.server.log.appender.buffer.byte-limit = 33554432 (custom)
2019-10-10 04:48:10,267 [main] INFO  server.GrpcService (ConfUtils.java:logGet(43)) - raft.grpc.flow.control.window = 1MB (=1048576) (default)
2019-10-10 04:48:10,267 [main] INFO  server.RaftServerConfigKeys (ConfUtils.java:logGet(43)) - raft.server.rpc.request.timeout = 3000ms (default)
2019-10-10 04:48:10,267 [main] INFO  server.RaftServerConfigKeys (ConfUtils.java:logGet(43)) - raft.server.storage.dir = [/workdir/hadoop-ozone/integration-test/target/test-dir/MiniOzoneClusterImpl-29206e1f-0a4b-4f87-b2b8-05e6105363df/datanode-1/data/ratis] (custom)
2019-10-10 04:48:10,268 [main] INFO  hdfs.DFSUtil (DFSUtil.java:httpServerTemplateForNNAndJN(1641)) - Starting Web-server for hddsDatanode at: http://0.0.0.0:0
2019-10-10 04:48:10,270 [main] INFO  server.AuthenticationFilter (AuthenticationFilter.java:constructSecretProvider(240)) - Unable to initialize FileSignerSecretProvider, falling back to use random secrets.
2019-10-10 04:48:10,270 [main] WARN  http.HttpRequestLog (HttpRequestLog.java:getRequestLog(97)) - Jetty request log can only be enabled using Log4j
2019-10-10 04:48:10,272 [main] INFO  http.HttpServer2 (HttpServer2.java:addGlobalFilter(975)) - Added global filter 'safety' (class=org.apache.hadoop.http.HttpServer2$QuotingInputFilter)
2019-10-10 04:48:10,272 [main] INFO  http.HttpServer2 (HttpServer2.java:addFilter(948)) - Added filter static_user_filter (class=org.apache.hadoop.http.lib.StaticUserWebFilter$StaticUserFilter) to context hddsDatanode
2019-10-10 04:48:10,273 [main] INFO  http.HttpServer2 (HttpServer2.java:addFilter(958)) - Added filter static_user_filter (class=org.apache.hadoop.http.lib.StaticUserWebFilter$StaticUserFilter) to context static
2019-10-10 04:48:10,273 [main] INFO  http.HttpServer2 (HttpServer2.java:addFilter(958)) - Added filter static_user_filter (class=org.apache.hadoop.http.lib.StaticUserWebFilter$StaticUserFilter) to context logs
2019-10-10 04:48:10,273 [main] INFO  http.HttpServer2 (HttpServer2.java:bindListener(1191)) - Jetty bound to port 45701
2019-10-10 04:48:10,274 [main] INFO  server.Server (Server.java:doStart(351)) - jetty-9.3.25.v20180904, build timestamp: 2018-09-04T21:11:46Z, git hash: 3ce520221d0240229c862b122d2b06c12a625732
2019-10-10 04:48:10,275 [main] INFO  handler.ContextHandler (ContextHandler.java:doStart(781)) - Started o.e.j.s.ServletContextHandler@3815146b{/logs,file:///workdir/hadoop-ozone/integration-test/target/log,AVAILABLE}
2019-10-10 04:48:10,276 [main] INFO  handler.ContextHandler (ContextHandler.java:doStart(781)) - Started o.e.j.s.ServletContextHandler@27a9f025{/static,jar:file:/home/user/.m2/repository/org/apache/hadoop/hadoop-hdds-container-service/0.5.0-SNAPSHOT/hadoop-hdds-container-service-0.5.0-SNAPSHOT.jar!/webapps/static,AVAILABLE}
2019-10-10 04:48:10,309 [main] INFO  handler.ContextHandler (ContextHandler.java:doStart(781)) - Started o.e.j.w.WebAppContext@252ec02e{/,file:///tmp/jetty-0.0.0.0-45701-hddsDatanode-_-any-3063237148157720138.dir/webapp/,AVAILABLE}{/hddsDatanode}
2019-10-10 04:48:10,310 [main] INFO  server.AbstractConnector (AbstractConnector.java:doStart(278)) - Started ServerConnector@11e9ac24{HTTP/1.1,[http/1.1]}{0.0.0.0:45701}
2019-10-10 04:48:10,314 [main] INFO  server.Server (Server.java:doStart(419)) - Started @229495ms
2019-10-10 04:48:10,314 [main] WARN  impl.MetricsSystemImpl (MetricsSystemImpl.java:register(276)) - Sink prometheus already exists!
2019-10-10 04:48:10,315 [main] INFO  server.BaseHttpServer (BaseHttpServer.java:updateConnectorAddress(215)) - HTTP server of HDDSDATANODE is listening at http://0.0.0.0:45701
2019-10-10 04:48:10,315 [main] INFO  impl.MetricsSystemImpl (MetricsSystemImpl.java:init(158)) - HddsDatanode metrics system started (again)
2019-10-10 04:48:10,347 [org.apache.hadoop.util.JvmPauseMonitor$Monitor@69f87f5c] INFO  util.JvmPauseMonitor (JvmPauseMonitor.java:run(188)) - Starting JVM pause monitor
2019-10-10 04:48:10,349 [Datanode State Machine Thread - 0] INFO  datanode.InitDatanodeState (InitDatanodeState.java:persistContainerDatanodeDetails(140)) - DatanodeDetails is persisted to /workdir/hadoop-ozone/integration-test/target/test-dir/MiniOzoneClusterImpl-29206e1f-0a4b-4f87-b2b8-05e6105363df/datanode-1/meta/datanode.id
2019-10-10 04:48:10,350 [main] INFO  ozone.HddsDatanodeService (HddsDatanodeService.java:start(184)) - HddsDatanodeService host:pr-hdds-1986-sk52v-1870103574 ip:192.168.164.237
2019-10-10 04:48:10,363 [main] INFO  volume.HddsVolume (HddsVolume.java:<init>(176)) - Creating Volume: /workdir/hadoop-ozone/integration-test/target/test-dir/MiniOzoneClusterImpl-29206e1f-0a4b-4f87-b2b8-05e6105363df/datanode-2/data/containers/hdds of  storage type : DISK and capacity : 1482555576320
2019-10-10 04:48:10,363 [main] INFO  volume.VolumeSet (VolumeSet.java:initializeVolumeSet(170)) - Added Volume : /workdir/hadoop-ozone/integration-test/target/test-dir/MiniOzoneClusterImpl-29206e1f-0a4b-4f87-b2b8-05e6105363df/datanode-2/data/containers/hdds to VolumeSet
2019-10-10 04:48:10,363 [main] INFO  volume.ThrottledAsyncChecker (ThrottledAsyncChecker.java:schedule(139)) - Scheduling a check for org.apache.hadoop.ozone.container.common.volume.HddsVolume@2bd8f7db
2019-10-10 04:48:10,364 [main] INFO  volume.HddsVolumeChecker (HddsVolumeChecker.java:checkAllVolumes(202)) - Scheduled health check for volume org.apache.hadoop.ozone.container.common.volume.HddsVolume@2bd8f7db
2019-10-10 04:48:10,383 [main] INFO  impl.RaftServerProxy (ConfUtils.java:logGet(43)) - raft.rpc.type = GRPC (default)
2019-10-10 04:48:10,383 [main] INFO  grpc.GrpcFactory (GrpcFactory.java:checkPooledByteBufAllocatorUseCacheForAllThreads(45)) - PERFORMANCE WARNING: useCacheForAllThreads is true that may cause Netty to create a lot garbage objects and, as a result, trigger GC.
	It is recommended to disable useCacheForAllThreads by setting -Dorg.apache.ratis.thirdparty.io.netty.allocator.useCacheForAllThreads=false in command line.
2019-10-10 04:48:10,383 [main] INFO  grpc.GrpcConfigKeys$Server (ConfUtils.java:logGet(43)) - raft.grpc.server.port = 0 (default)
2019-10-10 04:48:10,384 [main] INFO  server.GrpcService (ConfUtils.java:logGet(43)) - raft.grpc.message.size.max = 33570816 (custom)
2019-10-10 04:48:10,384 [main] INFO  server.RaftServerConfigKeys (ConfUtils.java:logGet(43)) - raft.server.log.appender.buffer.byte-limit = 33554432 (custom)
2019-10-10 04:48:10,384 [main] INFO  server.GrpcService (ConfUtils.java:logGet(43)) - raft.grpc.flow.control.window = 1MB (=1048576) (default)
2019-10-10 04:48:10,384 [main] INFO  server.RaftServerConfigKeys (ConfUtils.java:logGet(43)) - raft.server.rpc.request.timeout = 3000ms (default)
2019-10-10 04:48:10,385 [main] INFO  server.RaftServerConfigKeys (ConfUtils.java:logGet(43)) - raft.server.storage.dir = [/workdir/hadoop-ozone/integration-test/target/test-dir/MiniOzoneClusterImpl-29206e1f-0a4b-4f87-b2b8-05e6105363df/datanode-2/data/ratis] (custom)
2019-10-10 04:48:10,386 [main] INFO  hdfs.DFSUtil (DFSUtil.java:httpServerTemplateForNNAndJN(1641)) - Starting Web-server for hddsDatanode at: http://0.0.0.0:0
2019-10-10 04:48:10,388 [main] INFO  server.AuthenticationFilter (AuthenticationFilter.java:constructSecretProvider(240)) - Unable to initialize FileSignerSecretProvider, falling back to use random secrets.
2019-10-10 04:48:10,388 [main] WARN  http.HttpRequestLog (HttpRequestLog.java:getRequestLog(97)) - Jetty request log can only be enabled using Log4j
2019-10-10 04:48:10,390 [main] INFO  http.HttpServer2 (HttpServer2.java:addGlobalFilter(975)) - Added global filter 'safety' (class=org.apache.hadoop.http.HttpServer2$QuotingInputFilter)
2019-10-10 04:48:10,390 [main] INFO  http.HttpServer2 (HttpServer2.java:addFilter(948)) - Added filter static_user_filter (class=org.apache.hadoop.http.lib.StaticUserWebFilter$StaticUserFilter) to context hddsDatanode
2019-10-10 04:48:10,391 [main] INFO  http.HttpServer2 (HttpServer2.java:addFilter(958)) - Added filter static_user_filter (class=org.apache.hadoop.http.lib.StaticUserWebFilter$StaticUserFilter) to context logs
2019-10-10 04:48:10,391 [main] INFO  http.HttpServer2 (HttpServer2.java:addFilter(958)) - Added filter static_user_filter (class=org.apache.hadoop.http.lib.StaticUserWebFilter$StaticUserFilter) to context static
2019-10-10 04:48:10,391 [main] INFO  http.HttpServer2 (HttpServer2.java:bindListener(1191)) - Jetty bound to port 38568
2019-10-10 04:48:10,392 [main] INFO  server.Server (Server.java:doStart(351)) - jetty-9.3.25.v20180904, build timestamp: 2018-09-04T21:11:46Z, git hash: 3ce520221d0240229c862b122d2b06c12a625732
2019-10-10 04:48:10,393 [main] INFO  handler.ContextHandler (ContextHandler.java:doStart(781)) - Started o.e.j.s.ServletContextHandler@10b8b900{/logs,file:///workdir/hadoop-ozone/integration-test/target/log,AVAILABLE}
2019-10-10 04:48:10,394 [main] INFO  handler.ContextHandler (ContextHandler.java:doStart(781)) - Started o.e.j.s.ServletContextHandler@2801827a{/static,jar:file:/home/user/.m2/repository/org/apache/hadoop/hadoop-hdds-container-service/0.5.0-SNAPSHOT/hadoop-hdds-container-service-0.5.0-SNAPSHOT.jar!/webapps/static,AVAILABLE}
2019-10-10 04:48:10,433 [main] INFO  handler.ContextHandler (ContextHandler.java:doStart(781)) - Started o.e.j.w.WebAppContext@7ac48e10{/,file:///tmp/jetty-0.0.0.0-38568-hddsDatanode-_-any-2431628808479213826.dir/webapp/,AVAILABLE}{/hddsDatanode}
2019-10-10 04:48:10,434 [main] INFO  server.AbstractConnector (AbstractConnector.java:doStart(278)) - Started ServerConnector@52354202{HTTP/1.1,[http/1.1]}{0.0.0.0:38568}
2019-10-10 04:48:10,438 [main] INFO  server.Server (Server.java:doStart(419)) - Started @229619ms
2019-10-10 04:48:10,439 [main] WARN  impl.MetricsSystemImpl (MetricsSystemImpl.java:register(276)) - Sink prometheus already exists!
2019-10-10 04:48:10,439 [main] INFO  server.BaseHttpServer (BaseHttpServer.java:updateConnectorAddress(215)) - HTTP server of HDDSDATANODE is listening at http://0.0.0.0:38568
2019-10-10 04:48:10,440 [main] INFO  impl.MetricsSystemImpl (MetricsSystemImpl.java:init(158)) - HddsDatanode metrics system started (again)
2019-10-10 04:48:10,474 [org.apache.hadoop.util.JvmPauseMonitor$Monitor@e756a87] INFO  util.JvmPauseMonitor (JvmPauseMonitor.java:run(188)) - Starting JVM pause monitor
2019-10-10 04:48:10,475 [Datanode State Machine Thread - 0] INFO  datanode.InitDatanodeState (InitDatanodeState.java:persistContainerDatanodeDetails(140)) - DatanodeDetails is persisted to /workdir/hadoop-ozone/integration-test/target/test-dir/MiniOzoneClusterImpl-29206e1f-0a4b-4f87-b2b8-05e6105363df/datanode-2/meta/datanode.id
2019-10-10 04:48:10,477 [main] INFO  ozone.HddsDatanodeService (HddsDatanodeService.java:start(184)) - HddsDatanodeService host:pr-hdds-1986-sk52v-1870103574 ip:192.168.164.237
2019-10-10 04:48:10,489 [main] INFO  volume.HddsVolume (HddsVolume.java:<init>(176)) - Creating Volume: /workdir/hadoop-ozone/integration-test/target/test-dir/MiniOzoneClusterImpl-29206e1f-0a4b-4f87-b2b8-05e6105363df/datanode-3/data/containers/hdds of  storage type : DISK and capacity : 1482555576320
2019-10-10 04:48:10,489 [main] INFO  volume.VolumeSet (VolumeSet.java:initializeVolumeSet(170)) - Added Volume : /workdir/hadoop-ozone/integration-test/target/test-dir/MiniOzoneClusterImpl-29206e1f-0a4b-4f87-b2b8-05e6105363df/datanode-3/data/containers/hdds to VolumeSet
2019-10-10 04:48:10,489 [main] INFO  volume.ThrottledAsyncChecker (ThrottledAsyncChecker.java:schedule(139)) - Scheduling a check for org.apache.hadoop.ozone.container.common.volume.HddsVolume@79df80a4
2019-10-10 04:48:10,490 [main] INFO  volume.HddsVolumeChecker (HddsVolumeChecker.java:checkAllVolumes(202)) - Scheduled health check for volume org.apache.hadoop.ozone.container.common.volume.HddsVolume@79df80a4
2019-10-10 04:48:10,510 [main] INFO  impl.RaftServerProxy (ConfUtils.java:logGet(43)) - raft.rpc.type = GRPC (default)
2019-10-10 04:48:10,511 [main] INFO  grpc.GrpcFactory (GrpcFactory.java:checkPooledByteBufAllocatorUseCacheForAllThreads(45)) - PERFORMANCE WARNING: useCacheForAllThreads is true that may cause Netty to create a lot garbage objects and, as a result, trigger GC.
	It is recommended to disable useCacheForAllThreads by setting -Dorg.apache.ratis.thirdparty.io.netty.allocator.useCacheForAllThreads=false in command line.
2019-10-10 04:48:10,511 [main] INFO  grpc.GrpcConfigKeys$Server (ConfUtils.java:logGet(43)) - raft.grpc.server.port = 0 (default)
2019-10-10 04:48:10,511 [main] INFO  server.GrpcService (ConfUtils.java:logGet(43)) - raft.grpc.message.size.max = 33570816 (custom)
2019-10-10 04:48:10,511 [main] INFO  server.RaftServerConfigKeys (ConfUtils.java:logGet(43)) - raft.server.log.appender.buffer.byte-limit = 33554432 (custom)
2019-10-10 04:48:10,512 [main] INFO  server.GrpcService (ConfUtils.java:logGet(43)) - raft.grpc.flow.control.window = 1MB (=1048576) (default)
2019-10-10 04:48:10,512 [main] INFO  server.RaftServerConfigKeys (ConfUtils.java:logGet(43)) - raft.server.rpc.request.timeout = 3000ms (default)
2019-10-10 04:48:10,513 [main] INFO  server.RaftServerConfigKeys (ConfUtils.java:logGet(43)) - raft.server.storage.dir = [/workdir/hadoop-ozone/integration-test/target/test-dir/MiniOzoneClusterImpl-29206e1f-0a4b-4f87-b2b8-05e6105363df/datanode-3/data/ratis] (custom)
2019-10-10 04:48:10,514 [main] INFO  hdfs.DFSUtil (DFSUtil.java:httpServerTemplateForNNAndJN(1641)) - Starting Web-server for hddsDatanode at: http://0.0.0.0:0
2019-10-10 04:48:10,515 [main] INFO  server.AuthenticationFilter (AuthenticationFilter.java:constructSecretProvider(240)) - Unable to initialize FileSignerSecretProvider, falling back to use random secrets.
2019-10-10 04:48:10,516 [main] WARN  http.HttpRequestLog (HttpRequestLog.java:getRequestLog(97)) - Jetty request log can only be enabled using Log4j
2019-10-10 04:48:10,518 [main] INFO  http.HttpServer2 (HttpServer2.java:addGlobalFilter(975)) - Added global filter 'safety' (class=org.apache.hadoop.http.HttpServer2$QuotingInputFilter)
2019-10-10 04:48:10,518 [main] INFO  http.HttpServer2 (HttpServer2.java:addFilter(948)) - Added filter static_user_filter (class=org.apache.hadoop.http.lib.StaticUserWebFilter$StaticUserFilter) to context hddsDatanode
2019-10-10 04:48:10,518 [main] INFO  http.HttpServer2 (HttpServer2.java:addFilter(958)) - Added filter static_user_filter (class=org.apache.hadoop.http.lib.StaticUserWebFilter$StaticUserFilter) to context static
2019-10-10 04:48:10,518 [main] INFO  http.HttpServer2 (HttpServer2.java:addFilter(958)) - Added filter static_user_filter (class=org.apache.hadoop.http.lib.StaticUserWebFilter$StaticUserFilter) to context logs
2019-10-10 04:48:10,519 [main] INFO  http.HttpServer2 (HttpServer2.java:bindListener(1191)) - Jetty bound to port 33891
2019-10-10 04:48:10,519 [main] INFO  server.Server (Server.java:doStart(351)) - jetty-9.3.25.v20180904, build timestamp: 2018-09-04T21:11:46Z, git hash: 3ce520221d0240229c862b122d2b06c12a625732
2019-10-10 04:48:10,521 [main] INFO  handler.ContextHandler (ContextHandler.java:doStart(781)) - Started o.e.j.s.ServletContextHandler@3a4a5f3c{/logs,file:///workdir/hadoop-ozone/integration-test/target/log,AVAILABLE}
2019-10-10 04:48:10,522 [main] INFO  handler.ContextHandler (ContextHandler.java:doStart(781)) - Started o.e.j.s.ServletContextHandler@586cc15d{/static,jar:file:/home/user/.m2/repository/org/apache/hadoop/hadoop-hdds-container-service/0.5.0-SNAPSHOT/hadoop-hdds-container-service-0.5.0-SNAPSHOT.jar!/webapps/static,AVAILABLE}
2019-10-10 04:48:10,558 [main] INFO  handler.ContextHandler (ContextHandler.java:doStart(781)) - Started o.e.j.w.WebAppContext@6750e381{/,file:///tmp/jetty-0.0.0.0-33891-hddsDatanode-_-any-622272901504439143.dir/webapp/,AVAILABLE}{/hddsDatanode}
2019-10-10 04:48:10,559 [main] INFO  server.AbstractConnector (AbstractConnector.java:doStart(278)) - Started ServerConnector@5d850a25{HTTP/1.1,[http/1.1]}{0.0.0.0:33891}
2019-10-10 04:48:10,562 [main] INFO  server.Server (Server.java:doStart(419)) - Started @229743ms
2019-10-10 04:48:10,563 [main] WARN  impl.MetricsSystemImpl (MetricsSystemImpl.java:register(276)) - Sink prometheus already exists!
2019-10-10 04:48:10,563 [main] INFO  server.BaseHttpServer (BaseHttpServer.java:updateConnectorAddress(215)) - HTTP server of HDDSDATANODE is listening at http://0.0.0.0:33891
2019-10-10 04:48:10,563 [main] INFO  impl.MetricsSystemImpl (MetricsSystemImpl.java:init(158)) - HddsDatanode metrics system started (again)
2019-10-10 04:48:10,590 [org.apache.hadoop.util.JvmPauseMonitor$Monitor@296ba03a] INFO  util.JvmPauseMonitor (JvmPauseMonitor.java:run(188)) - Starting JVM pause monitor
2019-10-10 04:48:10,591 [Datanode State Machine Thread - 0] INFO  datanode.InitDatanodeState (InitDatanodeState.java:persistContainerDatanodeDetails(140)) - DatanodeDetails is persisted to /workdir/hadoop-ozone/integration-test/target/test-dir/MiniOzoneClusterImpl-29206e1f-0a4b-4f87-b2b8-05e6105363df/datanode-3/meta/datanode.id
2019-10-10 04:48:10,592 [main] INFO  ozone.HddsDatanodeService (HddsDatanodeService.java:start(184)) - HddsDatanodeService host:pr-hdds-1986-sk52v-1870103574 ip:192.168.164.237
2019-10-10 04:48:10,602 [main] INFO  volume.HddsVolume (HddsVolume.java:<init>(176)) - Creating Volume: /workdir/hadoop-ozone/integration-test/target/test-dir/MiniOzoneClusterImpl-29206e1f-0a4b-4f87-b2b8-05e6105363df/datanode-4/data/containers/hdds of  storage type : DISK and capacity : 1482555576320
2019-10-10 04:48:10,603 [main] INFO  volume.VolumeSet (VolumeSet.java:initializeVolumeSet(170)) - Added Volume : /workdir/hadoop-ozone/integration-test/target/test-dir/MiniOzoneClusterImpl-29206e1f-0a4b-4f87-b2b8-05e6105363df/datanode-4/data/containers/hdds to VolumeSet
2019-10-10 04:48:10,603 [main] INFO  volume.ThrottledAsyncChecker (ThrottledAsyncChecker.java:schedule(139)) - Scheduling a check for org.apache.hadoop.ozone.container.common.volume.HddsVolume@46a8c2b4
2019-10-10 04:48:10,603 [main] INFO  volume.HddsVolumeChecker (HddsVolumeChecker.java:checkAllVolumes(202)) - Scheduled health check for volume org.apache.hadoop.ozone.container.common.volume.HddsVolume@46a8c2b4
2019-10-10 04:48:10,620 [main] INFO  impl.RaftServerProxy (ConfUtils.java:logGet(43)) - raft.rpc.type = GRPC (default)
2019-10-10 04:48:10,620 [main] INFO  grpc.GrpcFactory (GrpcFactory.java:checkPooledByteBufAllocatorUseCacheForAllThreads(45)) - PERFORMANCE WARNING: useCacheForAllThreads is true that may cause Netty to create a lot garbage objects and, as a result, trigger GC.
	It is recommended to disable useCacheForAllThreads by setting -Dorg.apache.ratis.thirdparty.io.netty.allocator.useCacheForAllThreads=false in command line.
2019-10-10 04:48:10,621 [main] INFO  grpc.GrpcConfigKeys$Server (ConfUtils.java:logGet(43)) - raft.grpc.server.port = 0 (default)
2019-10-10 04:48:10,621 [main] INFO  server.GrpcService (ConfUtils.java:logGet(43)) - raft.grpc.message.size.max = 33570816 (custom)
2019-10-10 04:48:10,621 [main] INFO  server.RaftServerConfigKeys (ConfUtils.java:logGet(43)) - raft.server.log.appender.buffer.byte-limit = 33554432 (custom)
2019-10-10 04:48:10,621 [main] INFO  server.GrpcService (ConfUtils.java:logGet(43)) - raft.grpc.flow.control.window = 1MB (=1048576) (default)
2019-10-10 04:48:10,621 [main] INFO  server.RaftServerConfigKeys (ConfUtils.java:logGet(43)) - raft.server.rpc.request.timeout = 3000ms (default)
2019-10-10 04:48:10,622 [main] INFO  server.RaftServerConfigKeys (ConfUtils.java:logGet(43)) - raft.server.storage.dir = [/workdir/hadoop-ozone/integration-test/target/test-dir/MiniOzoneClusterImpl-29206e1f-0a4b-4f87-b2b8-05e6105363df/datanode-4/data/ratis] (custom)
2019-10-10 04:48:10,623 [main] INFO  hdfs.DFSUtil (DFSUtil.java:httpServerTemplateForNNAndJN(1641)) - Starting Web-server for hddsDatanode at: http://0.0.0.0:0
2019-10-10 04:48:10,625 [main] INFO  server.AuthenticationFilter (AuthenticationFilter.java:constructSecretProvider(240)) - Unable to initialize FileSignerSecretProvider, falling back to use random secrets.
2019-10-10 04:48:10,625 [main] WARN  http.HttpRequestLog (HttpRequestLog.java:getRequestLog(97)) - Jetty request log can only be enabled using Log4j
2019-10-10 04:48:10,627 [main] INFO  http.HttpServer2 (HttpServer2.java:addGlobalFilter(975)) - Added global filter 'safety' (class=org.apache.hadoop.http.HttpServer2$QuotingInputFilter)
2019-10-10 04:48:10,627 [main] INFO  http.HttpServer2 (HttpServer2.java:addFilter(948)) - Added filter static_user_filter (class=org.apache.hadoop.http.lib.StaticUserWebFilter$StaticUserFilter) to context hddsDatanode
2019-10-10 04:48:10,628 [main] INFO  http.HttpServer2 (HttpServer2.java:addFilter(958)) - Added filter static_user_filter (class=org.apache.hadoop.http.lib.StaticUserWebFilter$StaticUserFilter) to context static
2019-10-10 04:48:10,628 [main] INFO  http.HttpServer2 (HttpServer2.java:addFilter(958)) - Added filter static_user_filter (class=org.apache.hadoop.http.lib.StaticUserWebFilter$StaticUserFilter) to context logs
2019-10-10 04:48:10,628 [main] INFO  http.HttpServer2 (HttpServer2.java:bindListener(1191)) - Jetty bound to port 45600
2019-10-10 04:48:10,629 [main] INFO  server.Server (Server.java:doStart(351)) - jetty-9.3.25.v20180904, build timestamp: 2018-09-04T21:11:46Z, git hash: 3ce520221d0240229c862b122d2b06c12a625732
2019-10-10 04:48:10,631 [main] INFO  handler.ContextHandler (ContextHandler.java:doStart(781)) - Started o.e.j.s.ServletContextHandler@2726a511{/logs,file:///workdir/hadoop-ozone/integration-test/target/log,AVAILABLE}
2019-10-10 04:48:10,631 [main] INFO  handler.ContextHandler (ContextHandler.java:doStart(781)) - Started o.e.j.s.ServletContextHandler@686cf8ad{/static,jar:file:/home/user/.m2/repository/org/apache/hadoop/hadoop-hdds-container-service/0.5.0-SNAPSHOT/hadoop-hdds-container-service-0.5.0-SNAPSHOT.jar!/webapps/static,AVAILABLE}
2019-10-10 04:48:10,670 [main] INFO  handler.ContextHandler (ContextHandler.java:doStart(781)) - Started o.e.j.w.WebAppContext@756808cc{/,file:///tmp/jetty-0.0.0.0-45600-hddsDatanode-_-any-7315341211419988258.dir/webapp/,AVAILABLE}{/hddsDatanode}
2019-10-10 04:48:10,671 [main] INFO  server.AbstractConnector (AbstractConnector.java:doStart(278)) - Started ServerConnector@52f8a6f4{HTTP/1.1,[http/1.1]}{0.0.0.0:45600}
2019-10-10 04:48:10,675 [main] INFO  server.Server (Server.java:doStart(419)) - Started @229856ms
2019-10-10 04:48:10,675 [main] WARN  impl.MetricsSystemImpl (MetricsSystemImpl.java:register(276)) - Sink prometheus already exists!
2019-10-10 04:48:10,676 [main] INFO  server.BaseHttpServer (BaseHttpServer.java:updateConnectorAddress(215)) - HTTP server of HDDSDATANODE is listening at http://0.0.0.0:45600
2019-10-10 04:48:10,676 [main] INFO  impl.MetricsSystemImpl (MetricsSystemImpl.java:init(158)) - HddsDatanode metrics system started (again)
2019-10-10 04:48:10,702 [org.apache.hadoop.util.JvmPauseMonitor$Monitor@73f4a44b] INFO  util.JvmPauseMonitor (JvmPauseMonitor.java:run(188)) - Starting JVM pause monitor
2019-10-10 04:48:10,704 [Datanode State Machine Thread - 0] INFO  datanode.InitDatanodeState (InitDatanodeState.java:persistContainerDatanodeDetails(140)) - DatanodeDetails is persisted to /workdir/hadoop-ozone/integration-test/target/test-dir/MiniOzoneClusterImpl-29206e1f-0a4b-4f87-b2b8-05e6105363df/datanode-4/meta/datanode.id
2019-10-10 04:48:10,704 [main] INFO  ozone.HddsDatanodeService (HddsDatanodeService.java:start(184)) - HddsDatanodeService host:pr-hdds-1986-sk52v-1870103574 ip:192.168.164.237
2019-10-10 04:48:10,715 [main] INFO  volume.HddsVolume (HddsVolume.java:<init>(176)) - Creating Volume: /workdir/hadoop-ozone/integration-test/target/test-dir/MiniOzoneClusterImpl-29206e1f-0a4b-4f87-b2b8-05e6105363df/datanode-5/data/containers/hdds of  storage type : DISK and capacity : 1482555576320
2019-10-10 04:48:10,715 [main] INFO  volume.VolumeSet (VolumeSet.java:initializeVolumeSet(170)) - Added Volume : /workdir/hadoop-ozone/integration-test/target/test-dir/MiniOzoneClusterImpl-29206e1f-0a4b-4f87-b2b8-05e6105363df/datanode-5/data/containers/hdds to VolumeSet
2019-10-10 04:48:10,716 [main] INFO  volume.ThrottledAsyncChecker (ThrottledAsyncChecker.java:schedule(139)) - Scheduling a check for org.apache.hadoop.ozone.container.common.volume.HddsVolume@34edd065
2019-10-10 04:48:10,716 [main] INFO  volume.HddsVolumeChecker (HddsVolumeChecker.java:checkAllVolumes(202)) - Scheduled health check for volume org.apache.hadoop.ozone.container.common.volume.HddsVolume@34edd065
2019-10-10 04:48:10,730 [main] INFO  impl.RaftServerProxy (ConfUtils.java:logGet(43)) - raft.rpc.type = GRPC (default)
2019-10-10 04:48:10,730 [main] INFO  grpc.GrpcFactory (GrpcFactory.java:checkPooledByteBufAllocatorUseCacheForAllThreads(45)) - PERFORMANCE WARNING: useCacheForAllThreads is true that may cause Netty to create a lot garbage objects and, as a result, trigger GC.
	It is recommended to disable useCacheForAllThreads by setting -Dorg.apache.ratis.thirdparty.io.netty.allocator.useCacheForAllThreads=false in command line.
2019-10-10 04:48:10,730 [main] INFO  grpc.GrpcConfigKeys$Server (ConfUtils.java:logGet(43)) - raft.grpc.server.port = 0 (default)
2019-10-10 04:48:10,731 [main] INFO  server.GrpcService (ConfUtils.java:logGet(43)) - raft.grpc.message.size.max = 33570816 (custom)
2019-10-10 04:48:10,731 [main] INFO  server.RaftServerConfigKeys (ConfUtils.java:logGet(43)) - raft.server.log.appender.buffer.byte-limit = 33554432 (custom)
2019-10-10 04:48:10,731 [main] INFO  server.GrpcService (ConfUtils.java:logGet(43)) - raft.grpc.flow.control.window = 1MB (=1048576) (default)
2019-10-10 04:48:10,731 [main] INFO  server.RaftServerConfigKeys (ConfUtils.java:logGet(43)) - raft.server.rpc.request.timeout = 3000ms (default)
2019-10-10 04:48:10,731 [main] INFO  server.RaftServerConfigKeys (ConfUtils.java:logGet(43)) - raft.server.storage.dir = [/workdir/hadoop-ozone/integration-test/target/test-dir/MiniOzoneClusterImpl-29206e1f-0a4b-4f87-b2b8-05e6105363df/datanode-5/data/ratis] (custom)
2019-10-10 04:48:10,732 [main] INFO  hdfs.DFSUtil (DFSUtil.java:httpServerTemplateForNNAndJN(1641)) - Starting Web-server for hddsDatanode at: http://0.0.0.0:0
2019-10-10 04:48:10,733 [main] INFO  server.AuthenticationFilter (AuthenticationFilter.java:constructSecretProvider(240)) - Unable to initialize FileSignerSecretProvider, falling back to use random secrets.
2019-10-10 04:48:10,734 [main] WARN  http.HttpRequestLog (HttpRequestLog.java:getRequestLog(97)) - Jetty request log can only be enabled using Log4j
2019-10-10 04:48:10,735 [main] INFO  http.HttpServer2 (HttpServer2.java:addGlobalFilter(975)) - Added global filter 'safety' (class=org.apache.hadoop.http.HttpServer2$QuotingInputFilter)
2019-10-10 04:48:10,736 [main] INFO  http.HttpServer2 (HttpServer2.java:addFilter(948)) - Added filter static_user_filter (class=org.apache.hadoop.http.lib.StaticUserWebFilter$StaticUserFilter) to context hddsDatanode
2019-10-10 04:48:10,736 [main] INFO  http.HttpServer2 (HttpServer2.java:addFilter(958)) - Added filter static_user_filter (class=org.apache.hadoop.http.lib.StaticUserWebFilter$StaticUserFilter) to context logs
2019-10-10 04:48:10,736 [main] INFO  http.HttpServer2 (HttpServer2.java:addFilter(958)) - Added filter static_user_filter (class=org.apache.hadoop.http.lib.StaticUserWebFilter$StaticUserFilter) to context static
2019-10-10 04:48:10,737 [main] INFO  http.HttpServer2 (HttpServer2.java:bindListener(1191)) - Jetty bound to port 40205
2019-10-10 04:48:10,737 [main] INFO  server.Server (Server.java:doStart(351)) - jetty-9.3.25.v20180904, build timestamp: 2018-09-04T21:11:46Z, git hash: 3ce520221d0240229c862b122d2b06c12a625732
2019-10-10 04:48:10,738 [main] INFO  handler.ContextHandler (ContextHandler.java:doStart(781)) - Started o.e.j.s.ServletContextHandler@29bbc63c{/logs,file:///workdir/hadoop-ozone/integration-test/target/log,AVAILABLE}
2019-10-10 04:48:10,739 [main] INFO  handler.ContextHandler (ContextHandler.java:doStart(781)) - Started o.e.j.s.ServletContextHandler@2cccf134{/static,jar:file:/home/user/.m2/repository/org/apache/hadoop/hadoop-hdds-container-service/0.5.0-SNAPSHOT/hadoop-hdds-container-service-0.5.0-SNAPSHOT.jar!/webapps/static,AVAILABLE}
2019-10-10 04:48:10,766 [main] INFO  handler.ContextHandler (ContextHandler.java:doStart(781)) - Started o.e.j.w.WebAppContext@231df705{/,file:///tmp/jetty-0.0.0.0-40205-hddsDatanode-_-any-2698455515668240063.dir/webapp/,AVAILABLE}{/hddsDatanode}
2019-10-10 04:48:10,766 [main] INFO  server.AbstractConnector (AbstractConnector.java:doStart(278)) - Started ServerConnector@2d130ac4{HTTP/1.1,[http/1.1]}{0.0.0.0:40205}
2019-10-10 04:48:10,771 [main] INFO  server.Server (Server.java:doStart(419)) - Started @229952ms
2019-10-10 04:48:10,772 [main] WARN  impl.MetricsSystemImpl (MetricsSystemImpl.java:register(276)) - Sink prometheus already exists!
2019-10-10 04:48:10,772 [main] INFO  server.BaseHttpServer (BaseHttpServer.java:updateConnectorAddress(215)) - HTTP server of HDDSDATANODE is listening at http://0.0.0.0:40205
2019-10-10 04:48:10,773 [main] INFO  impl.MetricsSystemImpl (MetricsSystemImpl.java:init(158)) - HddsDatanode metrics system started (again)
2019-10-10 04:48:10,801 [org.apache.hadoop.util.JvmPauseMonitor$Monitor@30e066ec] INFO  util.JvmPauseMonitor (JvmPauseMonitor.java:run(188)) - Starting JVM pause monitor
2019-10-10 04:48:10,802 [Datanode State Machine Thread - 0] INFO  datanode.InitDatanodeState (InitDatanodeState.java:persistContainerDatanodeDetails(140)) - DatanodeDetails is persisted to /workdir/hadoop-ozone/integration-test/target/test-dir/MiniOzoneClusterImpl-29206e1f-0a4b-4f87-b2b8-05e6105363df/datanode-5/meta/datanode.id
2019-10-10 04:48:10,803 [main] INFO  ozone.HddsDatanodeService (HddsDatanodeService.java:start(184)) - HddsDatanodeService host:pr-hdds-1986-sk52v-1870103574 ip:192.168.164.237
2019-10-10 04:48:10,817 [main] INFO  volume.HddsVolume (HddsVolume.java:<init>(176)) - Creating Volume: /workdir/hadoop-ozone/integration-test/target/test-dir/MiniOzoneClusterImpl-29206e1f-0a4b-4f87-b2b8-05e6105363df/datanode-6/data/containers/hdds of  storage type : DISK and capacity : 1482555576320
2019-10-10 04:48:10,817 [main] INFO  volume.VolumeSet (VolumeSet.java:initializeVolumeSet(170)) - Added Volume : /workdir/hadoop-ozone/integration-test/target/test-dir/MiniOzoneClusterImpl-29206e1f-0a4b-4f87-b2b8-05e6105363df/datanode-6/data/containers/hdds to VolumeSet
2019-10-10 04:48:10,817 [main] INFO  volume.ThrottledAsyncChecker (ThrottledAsyncChecker.java:schedule(139)) - Scheduling a check for org.apache.hadoop.ozone.container.common.volume.HddsVolume@48e41b5d
2019-10-10 04:48:10,818 [main] INFO  volume.HddsVolumeChecker (HddsVolumeChecker.java:checkAllVolumes(202)) - Scheduled health check for volume org.apache.hadoop.ozone.container.common.volume.HddsVolume@48e41b5d
2019-10-10 04:48:10,836 [main] INFO  impl.RaftServerProxy (ConfUtils.java:logGet(43)) - raft.rpc.type = GRPC (default)
2019-10-10 04:48:10,836 [main] INFO  grpc.GrpcFactory (GrpcFactory.java:checkPooledByteBufAllocatorUseCacheForAllThreads(45)) - PERFORMANCE WARNING: useCacheForAllThreads is true that may cause Netty to create a lot garbage objects and, as a result, trigger GC.
	It is recommended to disable useCacheForAllThreads by setting -Dorg.apache.ratis.thirdparty.io.netty.allocator.useCacheForAllThreads=false in command line.
2019-10-10 04:48:10,836 [main] INFO  grpc.GrpcConfigKeys$Server (ConfUtils.java:logGet(43)) - raft.grpc.server.port = 0 (default)
2019-10-10 04:48:10,837 [main] INFO  server.GrpcService (ConfUtils.java:logGet(43)) - raft.grpc.message.size.max = 33570816 (custom)
2019-10-10 04:48:10,837 [main] INFO  server.RaftServerConfigKeys (ConfUtils.java:logGet(43)) - raft.server.log.appender.buffer.byte-limit = 33554432 (custom)
2019-10-10 04:48:10,837 [main] INFO  server.GrpcService (ConfUtils.java:logGet(43)) - raft.grpc.flow.control.window = 1MB (=1048576) (default)
2019-10-10 04:48:10,837 [main] INFO  server.RaftServerConfigKeys (ConfUtils.java:logGet(43)) - raft.server.rpc.request.timeout = 3000ms (default)
2019-10-10 04:48:10,838 [main] INFO  server.RaftServerConfigKeys (ConfUtils.java:logGet(43)) - raft.server.storage.dir = [/workdir/hadoop-ozone/integration-test/target/test-dir/MiniOzoneClusterImpl-29206e1f-0a4b-4f87-b2b8-05e6105363df/datanode-6/data/ratis] (custom)
2019-10-10 04:48:10,839 [main] INFO  hdfs.DFSUtil (DFSUtil.java:httpServerTemplateForNNAndJN(1641)) - Starting Web-server for hddsDatanode at: http://0.0.0.0:0
2019-10-10 04:48:10,840 [main] INFO  server.AuthenticationFilter (AuthenticationFilter.java:constructSecretProvider(240)) - Unable to initialize FileSignerSecretProvider, falling back to use random secrets.
2019-10-10 04:48:10,840 [main] WARN  http.HttpRequestLog (HttpRequestLog.java:getRequestLog(97)) - Jetty request log can only be enabled using Log4j
2019-10-10 04:48:10,841 [main] INFO  http.HttpServer2 (HttpServer2.java:addGlobalFilter(975)) - Added global filter 'safety' (class=org.apache.hadoop.http.HttpServer2$QuotingInputFilter)
2019-10-10 04:48:10,842 [main] INFO  http.HttpServer2 (HttpServer2.java:addFilter(948)) - Added filter static_user_filter (class=org.apache.hadoop.http.lib.StaticUserWebFilter$StaticUserFilter) to context hddsDatanode
2019-10-10 04:48:10,842 [main] INFO  http.HttpServer2 (HttpServer2.java:addFilter(958)) - Added filter static_user_filter (class=org.apache.hadoop.http.lib.StaticUserWebFilter$StaticUserFilter) to context logs
2019-10-10 04:48:10,842 [main] INFO  http.HttpServer2 (HttpServer2.java:addFilter(958)) - Added filter static_user_filter (class=org.apache.hadoop.http.lib.StaticUserWebFilter$StaticUserFilter) to context static
2019-10-10 04:48:10,843 [main] INFO  http.HttpServer2 (HttpServer2.java:bindListener(1191)) - Jetty bound to port 46236
2019-10-10 04:48:10,843 [main] INFO  server.Server (Server.java:doStart(351)) - jetty-9.3.25.v20180904, build timestamp: 2018-09-04T21:11:46Z, git hash: 3ce520221d0240229c862b122d2b06c12a625732
2019-10-10 04:48:10,845 [main] INFO  handler.ContextHandler (ContextHandler.java:doStart(781)) - Started o.e.j.s.ServletContextHandler@129c4d19{/logs,file:///workdir/hadoop-ozone/integration-test/target/log,AVAILABLE}
2019-10-10 04:48:10,845 [main] INFO  handler.ContextHandler (ContextHandler.java:doStart(781)) - Started o.e.j.s.ServletContextHandler@13278a41{/static,jar:file:/home/user/.m2/repository/org/apache/hadoop/hadoop-hdds-container-service/0.5.0-SNAPSHOT/hadoop-hdds-container-service-0.5.0-SNAPSHOT.jar!/webapps/static,AVAILABLE}
2019-10-10 04:48:10,872 [main] INFO  handler.ContextHandler (ContextHandler.java:doStart(781)) - Started o.e.j.w.WebAppContext@325162e9{/,file:///tmp/jetty-0.0.0.0-46236-hddsDatanode-_-any-8646954173164413340.dir/webapp/,AVAILABLE}{/hddsDatanode}
2019-10-10 04:48:10,872 [main] INFO  server.AbstractConnector (AbstractConnector.java:doStart(278)) - Started ServerConnector@1ee40b5c{HTTP/1.1,[http/1.1]}{0.0.0.0:46236}
2019-10-10 04:48:10,876 [main] INFO  server.Server (Server.java:doStart(419)) - Started @230057ms
2019-10-10 04:48:10,877 [main] WARN  impl.MetricsSystemImpl (MetricsSystemImpl.java:register(276)) - Sink prometheus already exists!
2019-10-10 04:48:10,877 [main] INFO  server.BaseHttpServer (BaseHttpServer.java:updateConnectorAddress(215)) - HTTP server of HDDSDATANODE is listening at http://0.0.0.0:46236
2019-10-10 04:48:10,878 [main] INFO  ozone.MiniOzoneClusterImpl (MiniOzoneClusterImpl.java:lambda$waitForClusterToBeReady$0(147)) - Waiting for cluster to be ready. Got 0 of 7 DN Heartbeats.
2019-10-10 04:48:10,879 [org.apache.hadoop.util.JvmPauseMonitor$Monitor@3f91a66e] INFO  util.JvmPauseMonitor (JvmPauseMonitor.java:run(188)) - Starting JVM pause monitor
2019-10-10 04:48:10,880 [Datanode State Machine Thread - 0] INFO  datanode.InitDatanodeState (InitDatanodeState.java:persistContainerDatanodeDetails(140)) - DatanodeDetails is persisted to /workdir/hadoop-ozone/integration-test/target/test-dir/MiniOzoneClusterImpl-29206e1f-0a4b-4f87-b2b8-05e6105363df/datanode-6/meta/datanode.id
2019-10-10 04:48:11,878 [main] INFO  ozone.MiniOzoneClusterImpl (MiniOzoneClusterImpl.java:lambda$waitForClusterToBeReady$0(147)) - Waiting for cluster to be ready. Got 0 of 7 DN Heartbeats.
2019-10-10 04:48:12,444 [Datanode State Machine Thread - 0] INFO  ozoneimpl.OzoneContainer (OzoneContainer.java:start(217)) - Attempting to start container services.
2019-10-10 04:48:12,444 [Datanode State Machine Thread - 0] INFO  ozoneimpl.OzoneContainer (OzoneContainer.java:start(217)) - Attempting to start container services.
2019-10-10 04:48:12,444 [Datanode State Machine Thread - 0] INFO  ozoneimpl.OzoneContainer (OzoneContainer.java:startContainerScrub(179)) - Background container scanner has been disabled.
2019-10-10 04:48:12,444 [Datanode State Machine Thread - 0] INFO  ozoneimpl.OzoneContainer (OzoneContainer.java:startContainerScrub(179)) - Background container scanner has been disabled.
2019-10-10 04:48:12,444 [Datanode State Machine Thread - 0] INFO  ratis.XceiverServerRatis (XceiverServerRatis.java:start(417)) - Starting XceiverServerRatis 9307d918-563a-4d90-936f-500dbe71c0e2 at port 0
2019-10-10 04:48:12,444 [Datanode State Machine Thread - 0] INFO  ratis.XceiverServerRatis (XceiverServerRatis.java:start(417)) - Starting XceiverServerRatis 90483036-9b36-46d1-b65a-0a23e6fe21eb at port 0
2019-10-10 04:48:12,455 [Datanode State Machine Thread - 0] INFO  impl.RaftServerProxy (RaftServerProxy.java:lambda$start$3(299)) - 90483036-9b36-46d1-b65a-0a23e6fe21eb: start RPC server
2019-10-10 04:48:12,456 [Datanode State Machine Thread - 0] INFO  impl.RaftServerProxy (RaftServerProxy.java:lambda$start$3(299)) - 9307d918-563a-4d90-936f-500dbe71c0e2: start RPC server
2019-10-10 04:48:12,481 [Datanode State Machine Thread - 0] INFO  server.GrpcService (GrpcService.java:startImpl(158)) - 90483036-9b36-46d1-b65a-0a23e6fe21eb: GrpcService started, listening on 0.0.0.0/0.0.0.0:33835
2019-10-10 04:48:12,481 [Datanode State Machine Thread - 0] INFO  server.GrpcService (GrpcService.java:startImpl(158)) - 9307d918-563a-4d90-936f-500dbe71c0e2: GrpcService started, listening on 0.0.0.0/0.0.0.0:36463
2019-10-10 04:48:12,481 [Datanode State Machine Thread - 0] INFO  ratis.XceiverServerRatis (XceiverServerRatis.java:start(427)) - XceiverServerRatis 90483036-9b36-46d1-b65a-0a23e6fe21eb is started using port 33835
2019-10-10 04:48:12,481 [Datanode State Machine Thread - 0] INFO  ratis.XceiverServerRatis (XceiverServerRatis.java:start(427)) - XceiverServerRatis 9307d918-563a-4d90-936f-500dbe71c0e2 is started using port 36463
2019-10-10 04:48:12,482 [Datanode State Machine Thread - 0] INFO  server.XceiverServerGrpc (XceiverServerGrpc.java:start(149)) - XceiverServerGrpc 90483036-9b36-46d1-b65a-0a23e6fe21eb is started using port 39022
2019-10-10 04:48:12,482 [Datanode State Machine Thread - 0] INFO  server.XceiverServerGrpc (XceiverServerGrpc.java:start(149)) - XceiverServerGrpc 9307d918-563a-4d90-936f-500dbe71c0e2 is started using port 40657
2019-10-10 04:48:12,511 [Datanode State Machine Thread - 0] INFO  ozoneimpl.OzoneContainer (OzoneContainer.java:start(217)) - Attempting to start container services.
2019-10-10 04:48:12,511 [Datanode State Machine Thread - 0] INFO  ozoneimpl.OzoneContainer (OzoneContainer.java:startContainerScrub(179)) - Background container scanner has been disabled.
2019-10-10 04:48:12,511 [Datanode State Machine Thread - 0] INFO  ratis.XceiverServerRatis (XceiverServerRatis.java:start(417)) - Starting XceiverServerRatis 84e93878-0fd6-451d-a14f-f78c8ed6dec7 at port 0
2019-10-10 04:48:12,516 [Datanode State Machine Thread - 0] INFO  impl.RaftServerProxy (RaftServerProxy.java:lambda$start$3(299)) - 84e93878-0fd6-451d-a14f-f78c8ed6dec7: start RPC server
2019-10-10 04:48:12,517 [Datanode State Machine Thread - 0] INFO  server.GrpcService (GrpcService.java:startImpl(158)) - 84e93878-0fd6-451d-a14f-f78c8ed6dec7: GrpcService started, listening on 0.0.0.0/0.0.0.0:41549
2019-10-10 04:48:12,517 [Datanode State Machine Thread - 0] INFO  ratis.XceiverServerRatis (XceiverServerRatis.java:start(427)) - XceiverServerRatis 84e93878-0fd6-451d-a14f-f78c8ed6dec7 is started using port 41549
2019-10-10 04:48:12,517 [Datanode State Machine Thread - 0] INFO  server.XceiverServerGrpc (XceiverServerGrpc.java:start(149)) - XceiverServerGrpc 84e93878-0fd6-451d-a14f-f78c8ed6dec7 is started using port 42005
2019-10-10 04:48:12,619 [Datanode State Machine Thread - 0] INFO  ozoneimpl.OzoneContainer (OzoneContainer.java:start(217)) - Attempting to start container services.
2019-10-10 04:48:12,620 [Datanode State Machine Thread - 0] INFO  ozoneimpl.OzoneContainer (OzoneContainer.java:startContainerScrub(179)) - Background container scanner has been disabled.
2019-10-10 04:48:12,620 [Datanode State Machine Thread - 0] INFO  ratis.XceiverServerRatis (XceiverServerRatis.java:start(417)) - Starting XceiverServerRatis aca23d47-b808-4e01-8beb-f09838159148 at port 0
2019-10-10 04:48:12,624 [Datanode State Machine Thread - 0] INFO  impl.RaftServerProxy (RaftServerProxy.java:lambda$start$3(299)) - aca23d47-b808-4e01-8beb-f09838159148: start RPC server
2019-10-10 04:48:12,625 [Datanode State Machine Thread - 0] INFO  server.GrpcService (GrpcService.java:startImpl(158)) - aca23d47-b808-4e01-8beb-f09838159148: GrpcService started, listening on 0.0.0.0/0.0.0.0:35028
2019-10-10 04:48:12,625 [Datanode State Machine Thread - 0] INFO  ratis.XceiverServerRatis (XceiverServerRatis.java:start(427)) - XceiverServerRatis aca23d47-b808-4e01-8beb-f09838159148 is started using port 35028
2019-10-10 04:48:12,626 [Datanode State Machine Thread - 0] INFO  server.XceiverServerGrpc (XceiverServerGrpc.java:start(149)) - XceiverServerGrpc aca23d47-b808-4e01-8beb-f09838159148 is started using port 36243
2019-10-10 04:48:12,728 [Datanode State Machine Thread - 0] INFO  ozoneimpl.OzoneContainer (OzoneContainer.java:start(217)) - Attempting to start container services.
2019-10-10 04:48:12,728 [Datanode State Machine Thread - 0] INFO  ozoneimpl.OzoneContainer (OzoneContainer.java:startContainerScrub(179)) - Background container scanner has been disabled.
2019-10-10 04:48:12,729 [Datanode State Machine Thread - 0] INFO  ratis.XceiverServerRatis (XceiverServerRatis.java:start(417)) - Starting XceiverServerRatis 6db7a4a1-51e9-438a-a052-847cb3d97b14 at port 0
2019-10-10 04:48:12,735 [Datanode State Machine Thread - 0] INFO  impl.RaftServerProxy (RaftServerProxy.java:lambda$start$3(299)) - 6db7a4a1-51e9-438a-a052-847cb3d97b14: start RPC server
2019-10-10 04:48:12,736 [Datanode State Machine Thread - 0] INFO  server.GrpcService (GrpcService.java:startImpl(158)) - 6db7a4a1-51e9-438a-a052-847cb3d97b14: GrpcService started, listening on 0.0.0.0/0.0.0.0:45723
2019-10-10 04:48:12,736 [Datanode State Machine Thread - 0] INFO  ratis.XceiverServerRatis (XceiverServerRatis.java:start(427)) - XceiverServerRatis 6db7a4a1-51e9-438a-a052-847cb3d97b14 is started using port 45723
2019-10-10 04:48:12,742 [Datanode State Machine Thread - 0] INFO  server.XceiverServerGrpc (XceiverServerGrpc.java:start(149)) - XceiverServerGrpc 6db7a4a1-51e9-438a-a052-847cb3d97b14 is started using port 39658
2019-10-10 04:48:12,828 [Datanode State Machine Thread - 0] INFO  ozoneimpl.OzoneContainer (OzoneContainer.java:start(217)) - Attempting to start container services.
2019-10-10 04:48:12,829 [Datanode State Machine Thread - 0] INFO  ozoneimpl.OzoneContainer (OzoneContainer.java:startContainerScrub(179)) - Background container scanner has been disabled.
2019-10-10 04:48:12,829 [Datanode State Machine Thread - 0] INFO  ratis.XceiverServerRatis (XceiverServerRatis.java:start(417)) - Starting XceiverServerRatis 7b73df37-5ad1-4cbf-bfab-4fd2ac9b59eb at port 0
2019-10-10 04:48:12,836 [Datanode State Machine Thread - 0] INFO  impl.RaftServerProxy (RaftServerProxy.java:lambda$start$3(299)) - 7b73df37-5ad1-4cbf-bfab-4fd2ac9b59eb: start RPC server
2019-10-10 04:48:12,836 [Datanode State Machine Thread - 0] INFO  server.GrpcService (GrpcService.java:startImpl(158)) - 7b73df37-5ad1-4cbf-bfab-4fd2ac9b59eb: GrpcService started, listening on 0.0.0.0/0.0.0.0:38303
2019-10-10 04:48:12,837 [Datanode State Machine Thread - 0] INFO  ratis.XceiverServerRatis (XceiverServerRatis.java:start(427)) - XceiverServerRatis 7b73df37-5ad1-4cbf-bfab-4fd2ac9b59eb is started using port 38303
2019-10-10 04:48:12,837 [Datanode State Machine Thread - 0] INFO  server.XceiverServerGrpc (XceiverServerGrpc.java:start(149)) - XceiverServerGrpc 7b73df37-5ad1-4cbf-bfab-4fd2ac9b59eb is started using port 40921
2019-10-10 04:48:12,878 [main] INFO  ozone.MiniOzoneClusterImpl (MiniOzoneClusterImpl.java:lambda$waitForClusterToBeReady$0(147)) - Waiting for cluster to be ready. Got 0 of 7 DN Heartbeats.
2019-10-10 04:48:12,904 [Datanode State Machine Thread - 0] INFO  ozoneimpl.OzoneContainer (OzoneContainer.java:start(217)) - Attempting to start container services.
2019-10-10 04:48:12,904 [Datanode State Machine Thread - 0] INFO  ozoneimpl.OzoneContainer (OzoneContainer.java:startContainerScrub(179)) - Background container scanner has been disabled.
2019-10-10 04:48:12,904 [Datanode State Machine Thread - 0] INFO  ratis.XceiverServerRatis (XceiverServerRatis.java:start(417)) - Starting XceiverServerRatis 805999ba-0048-47d3-9f2e-f6a1bf829eaa at port 0
2019-10-10 04:48:12,910 [Datanode State Machine Thread - 0] INFO  impl.RaftServerProxy (RaftServerProxy.java:lambda$start$3(299)) - 805999ba-0048-47d3-9f2e-f6a1bf829eaa: start RPC server
2019-10-10 04:48:12,911 [Datanode State Machine Thread - 0] INFO  server.GrpcService (GrpcService.java:startImpl(158)) - 805999ba-0048-47d3-9f2e-f6a1bf829eaa: GrpcService started, listening on 0.0.0.0/0.0.0.0:37999
2019-10-10 04:48:12,911 [Datanode State Machine Thread - 0] INFO  ratis.XceiverServerRatis (XceiverServerRatis.java:start(427)) - XceiverServerRatis 805999ba-0048-47d3-9f2e-f6a1bf829eaa is started using port 37999
2019-10-10 04:48:12,912 [Datanode State Machine Thread - 0] INFO  server.XceiverServerGrpc (XceiverServerGrpc.java:start(149)) - XceiverServerGrpc 805999ba-0048-47d3-9f2e-f6a1bf829eaa is started using port 44121
2019-10-10 04:48:13,879 [main] INFO  ozone.MiniOzoneClusterImpl (MiniOzoneClusterImpl.java:lambda$waitForClusterToBeReady$0(147)) - Waiting for cluster to be ready. Got 0 of 7 DN Heartbeats.
2019-10-10 04:48:14,243 [IPC Server handler 0 on 45483] INFO  net.NetworkTopology (NetworkTopologyImpl.java:add(111)) - Added a new node: /default-rack/90483036-9b36-46d1-b65a-0a23e6fe21eb
2019-10-10 04:48:14,248 [IPC Server handler 0 on 45483] INFO  node.SCMNodeManager (SCMNodeManager.java:register(268)) - Registered Data node : 90483036-9b36-46d1-b65a-0a23e6fe21eb{ip: 192.168.164.237, host: pr-hdds-1986-sk52v-1870103574, networkLocation: /default-rack, certSerialId: null}
2019-10-10 04:48:14,249 [EventQueue-NodeRegistrationContainerReportForDataNodeSafeModeRule] INFO  safemode.SCMSafeModeManager (DataNodeSafeModeRule.java:process(71)) - SCM in safe mode. 1 DataNodes registered, 1 required.
2019-10-10 04:48:14,252 [EventQueue-NodeRegistrationContainerReportForDataNodeSafeModeRule] INFO  safemode.SCMSafeModeManager (SCMSafeModeManager.java:validateSafeModeExitRules(177)) - ScmSafeModeManager, all rules are successfully validated
2019-10-10 04:48:14,252 [EventQueue-NodeRegistrationContainerReportForDataNodeSafeModeRule] INFO  safemode.SCMSafeModeManager (SCMSafeModeManager.java:exitSafeMode(193)) - SCM exiting safe mode.
2019-10-10 04:48:14,261 [grpc-default-executor-6] INFO  impl.RaftServerProxy (RaftServerProxy.java:addNew(89)) - 90483036-9b36-46d1-b65a-0a23e6fe21eb: addNew group-018D922EAFAA:[90483036-9b36-46d1-b65a-0a23e6fe21eb:192.168.164.237:33835] returns group-018D922EAFAA:java.util.concurrent.CompletableFuture@7706dc33[Not completed]
2019-10-10 04:48:14,264 [pool-383-thread-1] INFO  impl.RaftServerImpl (RaftServerImpl.java:<init>(95)) - 90483036-9b36-46d1-b65a-0a23e6fe21eb: new RaftServerImpl for group-018D922EAFAA:[90483036-9b36-46d1-b65a-0a23e6fe21eb:192.168.164.237:33835] with ContainerStateMachine:uninitialized
2019-10-10 04:48:14,264 [pool-383-thread-1] INFO  server.RaftServerConfigKeys (ConfUtils.java:logGet(43)) - raft.server.rpc.timeout.min = 5s (custom)
2019-10-10 04:48:14,264 [pool-383-thread-1] INFO  server.RaftServerConfigKeys (ConfUtils.java:logGet(43)) - raft.server.rpc.timeout.max = 5200ms (custom)
2019-10-10 04:48:14,264 [pool-383-thread-1] INFO  server.RaftServerConfigKeys (ConfUtils.java:logGet(43)) - raft.server.rpcslowness.timeout = 120s (custom)
2019-10-10 04:48:14,264 [pool-383-thread-1] INFO  server.RaftServerConfigKeys (ConfUtils.java:logGet(43)) - raft.server.sleep.deviation.threshold = 300 (default)
2019-10-10 04:48:14,265 [pool-383-thread-1] INFO  server.RaftServerConfigKeys (ConfUtils.java:logGet(43)) - raft.server.log.appender.install.snapshot.enabled = false (custom)
2019-10-10 04:48:14,265 [pool-383-thread-1] INFO  impl.RaftServerImpl (ServerState.java:<init>(103)) - 90483036-9b36-46d1-b65a-0a23e6fe21eb@group-018D922EAFAA: ConfigurationManager, init=-1: [90483036-9b36-46d1-b65a-0a23e6fe21eb:192.168.164.237:33835], old=null, confs=<EMPTY_MAP>
2019-10-10 04:48:14,265 [pool-383-thread-1] INFO  server.RaftServerConfigKeys (ConfUtils.java:logGet(43)) - raft.server.storage.dir = [/workdir/hadoop-ozone/integration-test/target/test-dir/MiniOzoneClusterImpl-29206e1f-0a4b-4f87-b2b8-05e6105363df/datanode-0/data/ratis] (custom)
2019-10-10 04:48:14,265 [pool-383-thread-1] INFO  server.RaftServerConfigKeys (ConfUtils.java:logGet(43)) - raft.server.log.corruption.policy = EXCEPTION (default)
2019-10-10 04:48:14,266 [pool-383-thread-1] INFO  storage.RaftStorageDirectory (RaftStorageDirectory.java:analyzeStorage(246)) - The storage directory /workdir/hadoop-ozone/integration-test/target/test-dir/MiniOzoneClusterImpl-29206e1f-0a4b-4f87-b2b8-05e6105363df/datanode-0/data/ratis/abaf0c9d-a37b-409a-b72f-018d922eafaa does not exist. Creating ...
2019-10-10 04:48:14,287 [pool-383-thread-1] INFO  storage.RaftStorageDirectory (RaftStorageDirectory.java:tryLock(328)) - Lock on /workdir/hadoop-ozone/integration-test/target/test-dir/MiniOzoneClusterImpl-29206e1f-0a4b-4f87-b2b8-05e6105363df/datanode-0/data/ratis/abaf0c9d-a37b-409a-b72f-018d922eafaa/in_use.lock acquired by nodename 16053@pr-hdds-1986-sk52v-1870103574
2019-10-10 04:48:14,329 [pool-383-thread-1] INFO  storage.RaftStorage (RaftStorage.java:format(84)) - Storage directory /workdir/hadoop-ozone/integration-test/target/test-dir/MiniOzoneClusterImpl-29206e1f-0a4b-4f87-b2b8-05e6105363df/datanode-0/data/ratis/abaf0c9d-a37b-409a-b72f-018d922eafaa has been successfully formatted.
2019-10-10 04:48:14,330 [pool-383-thread-1] INFO  ratis.ContainerStateMachine (ContainerStateMachine.java:loadSnapshot(230)) - group-018D922EAFAA: The snapshot info is null. Setting the last applied indexto:(t:0, i:~)
2019-10-10 04:48:14,330 [pool-383-thread-1] INFO  server.RaftServerConfigKeys (ConfUtils.java:logGet(43)) - raft.server.notification.no-leader.timeout = 120s (custom)
2019-10-10 04:48:14,330 [pool-383-thread-1] INFO  server.RaftServerConfigKeys (ConfUtils.java:logGet(43)) - raft.server.log.use.memory = false (default)
2019-10-10 04:48:14,330 [pool-383-thread-1] INFO  server.RaftServerConfigKeys (ConfUtils.java:logGet(43)) - raft.server.log.purge.gap = 1000000 (custom)
2019-10-10 04:48:14,330 [pool-383-thread-1] INFO  server.RaftServerConfigKeys (ConfUtils.java:logGet(43)) - raft.server.log.appender.buffer.byte-limit = 33554432 (custom)
2019-10-10 04:48:14,330 [pool-383-thread-1] INFO  server.RaftServerConfigKeys (ConfUtils.java:logGet(43)) - raft.server.log.segment.size.max = 1048576 (custom)
2019-10-10 04:48:14,333 [pool-383-thread-1] INFO  server.RaftServerConfigKeys (ConfUtils.java:logGet(43)) - raft.server.log.segment.cache.num.max = 2 (custom)
2019-10-10 04:48:14,333 [pool-383-thread-1] INFO  segmented.SegmentedRaftLogWorker (SegmentedRaftLogWorker.java:<init>(173)) - new 90483036-9b36-46d1-b65a-0a23e6fe21eb@group-018D922EAFAA-SegmentedRaftLogWorker for RaftStorage:Storage Directory /workdir/hadoop-ozone/integration-test/target/test-dir/MiniOzoneClusterImpl-29206e1f-0a4b-4f87-b2b8-05e6105363df/datanode-0/data/ratis/abaf0c9d-a37b-409a-b72f-018d922eafaa
2019-10-10 04:48:14,333 [pool-383-thread-1] INFO  server.RaftServerConfigKeys (ConfUtils.java:logGet(43)) - raft.server.log.queue.byte-limit = 2147483647 (custom)
2019-10-10 04:48:14,333 [pool-383-thread-1] INFO  server.RaftServerConfigKeys (ConfUtils.java:logGet(43)) - raft.server.log.queue.element-limit = 1024 (custom)
2019-10-10 04:48:14,333 [pool-383-thread-1] INFO  server.RaftServerConfigKeys (ConfUtils.java:logGet(43)) - raft.server.log.segment.size.max = 1048576 (custom)
2019-10-10 04:48:14,333 [pool-383-thread-1] INFO  server.RaftServerConfigKeys (ConfUtils.java:logGet(43)) - raft.server.log.preallocated.size = 16384 (custom)
2019-10-10 04:48:14,333 [pool-383-thread-1] INFO  server.RaftServerConfigKeys (ConfUtils.java:logGet(43)) - raft.server.log.write.buffer.size = 33554432 (custom)
2019-10-10 04:48:14,334 [pool-383-thread-1] INFO  server.RaftServerConfigKeys (ConfUtils.java:logGet(43)) - raft.server.log.force.sync.num = 128 (default)
2019-10-10 04:48:14,334 [pool-383-thread-1] INFO  server.RaftServerConfigKeys (ConfUtils.java:logGet(43)) - raft.server.log.statemachine.data.sync = true (default)
2019-10-10 04:48:14,334 [pool-383-thread-1] INFO  server.RaftServerConfigKeys (ConfUtils.java:logGet(43)) - raft.server.log.statemachine.data.sync.timeout = 10s (default)
2019-10-10 04:48:14,334 [pool-383-thread-1] INFO  server.RaftServerConfigKeys (ConfUtils.java:logGet(43)) - raft.server.log.statemachine.data.sync.timeout.retry = -1 (default)
2019-10-10 04:48:14,334 [pool-383-thread-1] INFO  server.RaftServerConfigKeys (ConfUtils.java:logGet(43)) - raft.server.log.statemachine.data.caching.enabled = true (custom)
2019-10-10 04:48:14,335 [pool-383-thread-1] INFO  segmented.SegmentedRaftLogWorker (SegmentedRaftLogWorker.java:lambda$new$0(128)) - 90483036-9b36-46d1-b65a-0a23e6fe21eb@group-018D922EAFAA-SegmentedRaftLogWorker: flushIndex: setUnconditionally 0 -> -1
2019-10-10 04:48:14,335 [pool-383-thread-1] INFO  server.RaftServerConfigKeys (ConfUtils.java:logGet(43)) - raft.server.snapshot.auto.trigger.enabled = true (custom)
2019-10-10 04:48:14,335 [pool-383-thread-1] INFO  server.RaftServerConfigKeys (ConfUtils.java:logGet(43)) - raft.server.snapshot.auto.trigger.threshold = 10000 (custom)
2019-10-10 04:48:14,335 [pool-383-thread-1] INFO  server.RaftServerConfigKeys (ConfUtils.java:logGet(43)) - raft.server.snapshot.retention.file.num = 5 (custom)
2019-10-10 04:48:14,336 [pool-383-thread-1] INFO  server.RaftServerConfigKeys (ConfUtils.java:logGet(43)) - raft.server.retrycache.expirytime = 600000ms (custom)
2019-10-10 04:48:14,337 [pool-383-thread-1] INFO  impl.RaftServerImpl (RaftServerImpl.java:start(181)) - 90483036-9b36-46d1-b65a-0a23e6fe21eb@group-018D922EAFAA: start as a follower, conf=-1: [90483036-9b36-46d1-b65a-0a23e6fe21eb:192.168.164.237:33835], old=null
2019-10-10 04:48:14,338 [pool-383-thread-1] INFO  impl.RaftServerImpl (RaftServerImpl.java:setRole(170)) - 90483036-9b36-46d1-b65a-0a23e6fe21eb@group-018D922EAFAA: changes role from      null to FOLLOWER at term 0 for startAsFollower
2019-10-10 04:48:14,338 [pool-383-thread-1] INFO  impl.RoleInfo (RoleInfo.java:updateAndGet(143)) - 90483036-9b36-46d1-b65a-0a23e6fe21eb: start FollowerState
2019-10-10 04:48:14,338 [pool-383-thread-1] INFO  util.JmxRegister (JmxRegister.java:tryRegister(44)) - Successfully registered JMX Bean with object name Ratis:service=RaftServer,group=group-018D922EAFAA,id=90483036-9b36-46d1-b65a-0a23e6fe21eb
2019-10-10 04:48:14,347 [IPC Server handler 1 on 45483] INFO  net.NetworkTopology (NetworkTopologyImpl.java:add(111)) - Added a new node: /default-rack/9307d918-563a-4d90-936f-500dbe71c0e2
2019-10-10 04:48:14,347 [IPC Server handler 1 on 45483] INFO  node.SCMNodeManager (SCMNodeManager.java:register(268)) - Registered Data node : 9307d918-563a-4d90-936f-500dbe71c0e2{ip: 192.168.164.237, host: pr-hdds-1986-sk52v-1870103574, networkLocation: /default-rack, certSerialId: null}
2019-10-10 04:48:14,423 [RatisPipelineUtilsThread] INFO  pipeline.PipelineStateManager (PipelineStateManager.java:addPipeline(56)) - Created pipeline Pipeline[ Id: abaf0c9d-a37b-409a-b72f-018d922eafaa, Nodes: 90483036-9b36-46d1-b65a-0a23e6fe21eb{ip: 192.168.164.237, host: pr-hdds-1986-sk52v-1870103574, networkLocation: /default-rack, certSerialId: null}, Type:RATIS, Factor:ONE, State:OPEN]
2019-10-10 04:48:14,439 [grpc-default-executor-6] INFO  impl.RaftServerProxy (RaftServerProxy.java:addNew(89)) - 9307d918-563a-4d90-936f-500dbe71c0e2: addNew group-B9381C6F39CC:[9307d918-563a-4d90-936f-500dbe71c0e2:192.168.164.237:36463] returns group-B9381C6F39CC:java.util.concurrent.CompletableFuture@cf9bcbc[Not completed]
2019-10-10 04:48:14,442 [pool-393-thread-1] INFO  impl.RaftServerImpl (RaftServerImpl.java:<init>(95)) - 9307d918-563a-4d90-936f-500dbe71c0e2: new RaftServerImpl for group-B9381C6F39CC:[9307d918-563a-4d90-936f-500dbe71c0e2:192.168.164.237:36463] with ContainerStateMachine:uninitialized
2019-10-10 04:48:14,442 [pool-393-thread-1] INFO  server.RaftServerConfigKeys (ConfUtils.java:logGet(43)) - raft.server.rpc.timeout.min = 5s (custom)
2019-10-10 04:48:14,442 [pool-393-thread-1] INFO  server.RaftServerConfigKeys (ConfUtils.java:logGet(43)) - raft.server.rpc.timeout.max = 5200ms (custom)
2019-10-10 04:48:14,442 [pool-393-thread-1] INFO  server.RaftServerConfigKeys (ConfUtils.java:logGet(43)) - raft.server.rpcslowness.timeout = 120s (custom)
2019-10-10 04:48:14,443 [pool-393-thread-1] INFO  server.RaftServerConfigKeys (ConfUtils.java:logGet(43)) - raft.server.sleep.deviation.threshold = 300 (default)
2019-10-10 04:48:14,443 [pool-393-thread-1] INFO  server.RaftServerConfigKeys (ConfUtils.java:logGet(43)) - raft.server.log.appender.install.snapshot.enabled = false (custom)
2019-10-10 04:48:14,443 [pool-393-thread-1] INFO  impl.RaftServerImpl (ServerState.java:<init>(103)) - 9307d918-563a-4d90-936f-500dbe71c0e2@group-B9381C6F39CC: ConfigurationManager, init=-1: [9307d918-563a-4d90-936f-500dbe71c0e2:192.168.164.237:36463], old=null, confs=<EMPTY_MAP>
2019-10-10 04:48:14,443 [pool-393-thread-1] INFO  server.RaftServerConfigKeys (ConfUtils.java:logGet(43)) - raft.server.storage.dir = [/workdir/hadoop-ozone/integration-test/target/test-dir/MiniOzoneClusterImpl-29206e1f-0a4b-4f87-b2b8-05e6105363df/datanode-1/data/ratis] (custom)
2019-10-10 04:48:14,443 [pool-393-thread-1] INFO  server.RaftServerConfigKeys (ConfUtils.java:logGet(43)) - raft.server.log.corruption.policy = EXCEPTION (default)
2019-10-10 04:48:14,444 [pool-393-thread-1] INFO  storage.RaftStorageDirectory (RaftStorageDirectory.java:analyzeStorage(246)) - The storage directory /workdir/hadoop-ozone/integration-test/target/test-dir/MiniOzoneClusterImpl-29206e1f-0a4b-4f87-b2b8-05e6105363df/datanode-1/data/ratis/cca80aaa-848f-4648-882e-b9381c6f39cc does not exist. Creating ...
2019-10-10 04:48:14,478 [IPC Server handler 2 on 45483] INFO  net.NetworkTopology (NetworkTopologyImpl.java:add(111)) - Added a new node: /default-rack/84e93878-0fd6-451d-a14f-f78c8ed6dec7
2019-10-10 04:48:14,478 [IPC Server handler 2 on 45483] INFO  node.SCMNodeManager (SCMNodeManager.java:register(268)) - Registered Data node : 84e93878-0fd6-451d-a14f-f78c8ed6dec7{ip: 192.168.164.237, host: pr-hdds-1986-sk52v-1870103574, networkLocation: /default-rack, certSerialId: null}
2019-10-10 04:48:14,521 [pool-393-thread-1] INFO  storage.RaftStorageDirectory (RaftStorageDirectory.java:tryLock(328)) - Lock on /workdir/hadoop-ozone/integration-test/target/test-dir/MiniOzoneClusterImpl-29206e1f-0a4b-4f87-b2b8-05e6105363df/datanode-1/data/ratis/cca80aaa-848f-4648-882e-b9381c6f39cc/in_use.lock acquired by nodename 16053@pr-hdds-1986-sk52v-1870103574
2019-10-10 04:48:14,547 [pool-393-thread-1] INFO  storage.RaftStorage (RaftStorage.java:format(84)) - Storage directory /workdir/hadoop-ozone/integration-test/target/test-dir/MiniOzoneClusterImpl-29206e1f-0a4b-4f87-b2b8-05e6105363df/datanode-1/data/ratis/cca80aaa-848f-4648-882e-b9381c6f39cc has been successfully formatted.
2019-10-10 04:48:14,547 [pool-393-thread-1] INFO  ratis.ContainerStateMachine (ContainerStateMachine.java:loadSnapshot(230)) - group-B9381C6F39CC: The snapshot info is null. Setting the last applied indexto:(t:0, i:~)
2019-10-10 04:48:14,547 [pool-393-thread-1] INFO  server.RaftServerConfigKeys (ConfUtils.java:logGet(43)) - raft.server.notification.no-leader.timeout = 120s (custom)
2019-10-10 04:48:14,547 [pool-393-thread-1] INFO  server.RaftServerConfigKeys (ConfUtils.java:logGet(43)) - raft.server.log.use.memory = false (default)
2019-10-10 04:48:14,548 [pool-393-thread-1] INFO  server.RaftServerConfigKeys (ConfUtils.java:logGet(43)) - raft.server.log.purge.gap = 1000000 (custom)
2019-10-10 04:48:14,548 [pool-393-thread-1] INFO  server.RaftServerConfigKeys (ConfUtils.java:logGet(43)) - raft.server.log.appender.buffer.byte-limit = 33554432 (custom)
2019-10-10 04:48:14,548 [pool-393-thread-1] INFO  server.RaftServerConfigKeys (ConfUtils.java:logGet(43)) - raft.server.log.segment.size.max = 1048576 (custom)
2019-10-10 04:48:14,550 [pool-393-thread-1] INFO  server.RaftServerConfigKeys (ConfUtils.java:logGet(43)) - raft.server.log.segment.cache.num.max = 2 (custom)
2019-10-10 04:48:14,550 [pool-393-thread-1] INFO  segmented.SegmentedRaftLogWorker (SegmentedRaftLogWorker.java:<init>(173)) - new 9307d918-563a-4d90-936f-500dbe71c0e2@group-B9381C6F39CC-SegmentedRaftLogWorker for RaftStorage:Storage Directory /workdir/hadoop-ozone/integration-test/target/test-dir/MiniOzoneClusterImpl-29206e1f-0a4b-4f87-b2b8-05e6105363df/datanode-1/data/ratis/cca80aaa-848f-4648-882e-b9381c6f39cc
2019-10-10 04:48:14,550 [pool-393-thread-1] INFO  server.RaftServerConfigKeys (ConfUtils.java:logGet(43)) - raft.server.log.queue.byte-limit = 2147483647 (custom)
2019-10-10 04:48:14,550 [pool-393-thread-1] INFO  server.RaftServerConfigKeys (ConfUtils.java:logGet(43)) - raft.server.log.queue.element-limit = 1024 (custom)
2019-10-10 04:48:14,551 [pool-393-thread-1] INFO  server.RaftServerConfigKeys (ConfUtils.java:logGet(43)) - raft.server.log.segment.size.max = 1048576 (custom)
2019-10-10 04:48:14,551 [pool-393-thread-1] INFO  server.RaftServerConfigKeys (ConfUtils.java:logGet(43)) - raft.server.log.preallocated.size = 16384 (custom)
2019-10-10 04:48:14,551 [pool-393-thread-1] INFO  server.RaftServerConfigKeys (ConfUtils.java:logGet(43)) - raft.server.log.write.buffer.size = 33554432 (custom)
2019-10-10 04:48:14,551 [pool-393-thread-1] INFO  server.RaftServerConfigKeys (ConfUtils.java:logGet(43)) - raft.server.log.force.sync.num = 128 (default)
2019-10-10 04:48:14,551 [pool-393-thread-1] INFO  server.RaftServerConfigKeys (ConfUtils.java:logGet(43)) - raft.server.log.statemachine.data.sync = true (default)
2019-10-10 04:48:14,551 [pool-393-thread-1] INFO  server.RaftServerConfigKeys (ConfUtils.java:logGet(43)) - raft.server.log.statemachine.data.sync.timeout = 10s (default)
2019-10-10 04:48:14,551 [pool-393-thread-1] INFO  server.RaftServerConfigKeys (ConfUtils.java:logGet(43)) - raft.server.log.statemachine.data.sync.timeout.retry = -1 (default)
2019-10-10 04:48:14,552 [pool-393-thread-1] INFO  server.RaftServerConfigKeys (ConfUtils.java:logGet(43)) - raft.server.log.statemachine.data.caching.enabled = true (custom)
2019-10-10 04:48:14,552 [pool-393-thread-1] INFO  segmented.SegmentedRaftLogWorker (SegmentedRaftLogWorker.java:lambda$new$0(128)) - 9307d918-563a-4d90-936f-500dbe71c0e2@group-B9381C6F39CC-SegmentedRaftLogWorker: flushIndex: setUnconditionally 0 -> -1
2019-10-10 04:48:14,552 [pool-393-thread-1] INFO  server.RaftServerConfigKeys (ConfUtils.java:logGet(43)) - raft.server.snapshot.auto.trigger.enabled = true (custom)
2019-10-10 04:48:14,553 [pool-393-thread-1] INFO  server.RaftServerConfigKeys (ConfUtils.java:logGet(43)) - raft.server.snapshot.auto.trigger.threshold = 10000 (custom)
2019-10-10 04:48:14,553 [pool-393-thread-1] INFO  server.RaftServerConfigKeys (ConfUtils.java:logGet(43)) - raft.server.snapshot.retention.file.num = 5 (custom)
2019-10-10 04:48:14,553 [pool-393-thread-1] INFO  server.RaftServerConfigKeys (ConfUtils.java:logGet(43)) - raft.server.retrycache.expirytime = 600000ms (custom)
2019-10-10 04:48:14,555 [pool-393-thread-1] INFO  impl.RaftServerImpl (RaftServerImpl.java:start(181)) - 9307d918-563a-4d90-936f-500dbe71c0e2@group-B9381C6F39CC: start as a follower, conf=-1: [9307d918-563a-4d90-936f-500dbe71c0e2:192.168.164.237:36463], old=null
2019-10-10 04:48:14,555 [pool-393-thread-1] INFO  impl.RaftServerImpl (RaftServerImpl.java:setRole(170)) - 9307d918-563a-4d90-936f-500dbe71c0e2@group-B9381C6F39CC: changes role from      null to FOLLOWER at term 0 for startAsFollower
2019-10-10 04:48:14,555 [pool-393-thread-1] INFO  impl.RoleInfo (RoleInfo.java:updateAndGet(143)) - 9307d918-563a-4d90-936f-500dbe71c0e2: start FollowerState
2019-10-10 04:48:14,555 [pool-393-thread-1] INFO  util.JmxRegister (JmxRegister.java:tryRegister(44)) - Successfully registered JMX Bean with object name Ratis:service=RaftServer,group=group-B9381C6F39CC,id=9307d918-563a-4d90-936f-500dbe71c0e2
2019-10-10 04:48:14,559 [RatisPipelineUtilsThread] INFO  pipeline.PipelineStateManager (PipelineStateManager.java:addPipeline(56)) - Created pipeline Pipeline[ Id: cca80aaa-848f-4648-882e-b9381c6f39cc, Nodes: 9307d918-563a-4d90-936f-500dbe71c0e2{ip: 192.168.164.237, host: pr-hdds-1986-sk52v-1870103574, networkLocation: /default-rack, certSerialId: null}, Type:RATIS, Factor:ONE, State:OPEN]
2019-10-10 04:48:14,568 [grpc-default-executor-6] INFO  impl.RaftServerProxy (RaftServerProxy.java:addNew(89)) - 84e93878-0fd6-451d-a14f-f78c8ed6dec7: addNew group-51A30CD0358C:[84e93878-0fd6-451d-a14f-f78c8ed6dec7:192.168.164.237:41549] returns group-51A30CD0358C:java.util.concurrent.CompletableFuture@21811be6[Not completed]
2019-10-10 04:48:14,569 [pool-403-thread-1] INFO  impl.RaftServerImpl (RaftServerImpl.java:<init>(95)) - 84e93878-0fd6-451d-a14f-f78c8ed6dec7: new RaftServerImpl for group-51A30CD0358C:[84e93878-0fd6-451d-a14f-f78c8ed6dec7:192.168.164.237:41549] with ContainerStateMachine:uninitialized
2019-10-10 04:48:14,570 [pool-403-thread-1] INFO  server.RaftServerConfigKeys (ConfUtils.java:logGet(43)) - raft.server.rpc.timeout.min = 5s (custom)
2019-10-10 04:48:14,570 [pool-403-thread-1] INFO  server.RaftServerConfigKeys (ConfUtils.java:logGet(43)) - raft.server.rpc.timeout.max = 5200ms (custom)
2019-10-10 04:48:14,570 [pool-403-thread-1] INFO  server.RaftServerConfigKeys (ConfUtils.java:logGet(43)) - raft.server.rpcslowness.timeout = 120s (custom)
2019-10-10 04:48:14,570 [pool-403-thread-1] INFO  server.RaftServerConfigKeys (ConfUtils.java:logGet(43)) - raft.server.sleep.deviation.threshold = 300 (default)
2019-10-10 04:48:14,570 [pool-403-thread-1] INFO  server.RaftServerConfigKeys (ConfUtils.java:logGet(43)) - raft.server.log.appender.install.snapshot.enabled = false (custom)
2019-10-10 04:48:14,570 [pool-403-thread-1] INFO  impl.RaftServerImpl (ServerState.java:<init>(103)) - 84e93878-0fd6-451d-a14f-f78c8ed6dec7@group-51A30CD0358C: ConfigurationManager, init=-1: [84e93878-0fd6-451d-a14f-f78c8ed6dec7:192.168.164.237:41549], old=null, confs=<EMPTY_MAP>
2019-10-10 04:48:14,570 [pool-403-thread-1] INFO  server.RaftServerConfigKeys (ConfUtils.java:logGet(43)) - raft.server.storage.dir = [/workdir/hadoop-ozone/integration-test/target/test-dir/MiniOzoneClusterImpl-29206e1f-0a4b-4f87-b2b8-05e6105363df/datanode-2/data/ratis] (custom)
2019-10-10 04:48:14,571 [pool-403-thread-1] INFO  server.RaftServerConfigKeys (ConfUtils.java:logGet(43)) - raft.server.log.corruption.policy = EXCEPTION (default)
2019-10-10 04:48:14,571 [pool-403-thread-1] INFO  storage.RaftStorageDirectory (RaftStorageDirectory.java:analyzeStorage(246)) - The storage directory /workdir/hadoop-ozone/integration-test/target/test-dir/MiniOzoneClusterImpl-29206e1f-0a4b-4f87-b2b8-05e6105363df/datanode-2/data/ratis/aaf49d10-6062-4173-b93b-51a30cd0358c does not exist. Creating ...
2019-10-10 04:48:14,591 [IPC Server handler 3 on 45483] INFO  net.NetworkTopology (NetworkTopologyImpl.java:add(111)) - Added a new node: /default-rack/aca23d47-b808-4e01-8beb-f09838159148
2019-10-10 04:48:14,592 [IPC Server handler 3 on 45483] INFO  node.SCMNodeManager (SCMNodeManager.java:register(268)) - Registered Data node : aca23d47-b808-4e01-8beb-f09838159148{ip: 192.168.164.237, host: pr-hdds-1986-sk52v-1870103574, networkLocation: /default-rack, certSerialId: null}
2019-10-10 04:48:14,614 [pool-403-thread-1] INFO  storage.RaftStorageDirectory (RaftStorageDirectory.java:tryLock(328)) - Lock on /workdir/hadoop-ozone/integration-test/target/test-dir/MiniOzoneClusterImpl-29206e1f-0a4b-4f87-b2b8-05e6105363df/datanode-2/data/ratis/aaf49d10-6062-4173-b93b-51a30cd0358c/in_use.lock acquired by nodename 16053@pr-hdds-1986-sk52v-1870103574
2019-10-10 04:48:14,647 [pool-403-thread-1] INFO  storage.RaftStorage (RaftStorage.java:format(84)) - Storage directory /workdir/hadoop-ozone/integration-test/target/test-dir/MiniOzoneClusterImpl-29206e1f-0a4b-4f87-b2b8-05e6105363df/datanode-2/data/ratis/aaf49d10-6062-4173-b93b-51a30cd0358c has been successfully formatted.
2019-10-10 04:48:14,648 [pool-403-thread-1] INFO  ratis.ContainerStateMachine (ContainerStateMachine.java:loadSnapshot(230)) - group-51A30CD0358C: The snapshot info is null. Setting the last applied indexto:(t:0, i:~)
2019-10-10 04:48:14,648 [pool-403-thread-1] INFO  server.RaftServerConfigKeys (ConfUtils.java:logGet(43)) - raft.server.notification.no-leader.timeout = 120s (custom)
2019-10-10 04:48:14,648 [pool-403-thread-1] INFO  server.RaftServerConfigKeys (ConfUtils.java:logGet(43)) - raft.server.log.use.memory = false (default)
2019-10-10 04:48:14,648 [pool-403-thread-1] INFO  server.RaftServerConfigKeys (ConfUtils.java:logGet(43)) - raft.server.log.purge.gap = 1000000 (custom)
2019-10-10 04:48:14,648 [pool-403-thread-1] INFO  server.RaftServerConfigKeys (ConfUtils.java:logGet(43)) - raft.server.log.appender.buffer.byte-limit = 33554432 (custom)
2019-10-10 04:48:14,648 [pool-403-thread-1] INFO  server.RaftServerConfigKeys (ConfUtils.java:logGet(43)) - raft.server.log.segment.size.max = 1048576 (custom)
2019-10-10 04:48:14,650 [pool-403-thread-1] INFO  server.RaftServerConfigKeys (ConfUtils.java:logGet(43)) - raft.server.log.segment.cache.num.max = 2 (custom)
2019-10-10 04:48:14,650 [pool-403-thread-1] INFO  segmented.SegmentedRaftLogWorker (SegmentedRaftLogWorker.java:<init>(173)) - new 84e93878-0fd6-451d-a14f-f78c8ed6dec7@group-51A30CD0358C-SegmentedRaftLogWorker for RaftStorage:Storage Directory /workdir/hadoop-ozone/integration-test/target/test-dir/MiniOzoneClusterImpl-29206e1f-0a4b-4f87-b2b8-05e6105363df/datanode-2/data/ratis/aaf49d10-6062-4173-b93b-51a30cd0358c
2019-10-10 04:48:14,650 [pool-403-thread-1] INFO  server.RaftServerConfigKeys (ConfUtils.java:logGet(43)) - raft.server.log.queue.byte-limit = 2147483647 (custom)
2019-10-10 04:48:14,650 [pool-403-thread-1] INFO  server.RaftServerConfigKeys (ConfUtils.java:logGet(43)) - raft.server.log.queue.element-limit = 1024 (custom)
2019-10-10 04:48:14,650 [pool-403-thread-1] INFO  server.RaftServerConfigKeys (ConfUtils.java:logGet(43)) - raft.server.log.segment.size.max = 1048576 (custom)
2019-10-10 04:48:14,650 [pool-403-thread-1] INFO  server.RaftServerConfigKeys (ConfUtils.java:logGet(43)) - raft.server.log.preallocated.size = 16384 (custom)
2019-10-10 04:48:14,650 [pool-403-thread-1] INFO  server.RaftServerConfigKeys (ConfUtils.java:logGet(43)) - raft.server.log.write.buffer.size = 33554432 (custom)
2019-10-10 04:48:14,651 [pool-403-thread-1] INFO  server.RaftServerConfigKeys (ConfUtils.java:logGet(43)) - raft.server.log.force.sync.num = 128 (default)
2019-10-10 04:48:14,651 [pool-403-thread-1] INFO  server.RaftServerConfigKeys (ConfUtils.java:logGet(43)) - raft.server.log.statemachine.data.sync = true (default)
2019-10-10 04:48:14,651 [pool-403-thread-1] INFO  server.RaftServerConfigKeys (ConfUtils.java:logGet(43)) - raft.server.log.statemachine.data.sync.timeout = 10s (default)
2019-10-10 04:48:14,651 [pool-403-thread-1] INFO  server.RaftServerConfigKeys (ConfUtils.java:logGet(43)) - raft.server.log.statemachine.data.sync.timeout.retry = -1 (default)
2019-10-10 04:48:14,651 [pool-403-thread-1] INFO  server.RaftServerConfigKeys (ConfUtils.java:logGet(43)) - raft.server.log.statemachine.data.caching.enabled = true (custom)
2019-10-10 04:48:14,651 [pool-403-thread-1] INFO  segmented.SegmentedRaftLogWorker (SegmentedRaftLogWorker.java:lambda$new$0(128)) - 84e93878-0fd6-451d-a14f-f78c8ed6dec7@group-51A30CD0358C-SegmentedRaftLogWorker: flushIndex: setUnconditionally 0 -> -1
2019-10-10 04:48:14,652 [pool-403-thread-1] INFO  server.RaftServerConfigKeys (ConfUtils.java:logGet(43)) - raft.server.snapshot.auto.trigger.enabled = true (custom)
2019-10-10 04:48:14,652 [pool-403-thread-1] INFO  server.RaftServerConfigKeys (ConfUtils.java:logGet(43)) - raft.server.snapshot.auto.trigger.threshold = 10000 (custom)
2019-10-10 04:48:14,652 [pool-403-thread-1] INFO  server.RaftServerConfigKeys (ConfUtils.java:logGet(43)) - raft.server.snapshot.retention.file.num = 5 (custom)
2019-10-10 04:48:14,652 [pool-403-thread-1] INFO  server.RaftServerConfigKeys (ConfUtils.java:logGet(43)) - raft.server.retrycache.expirytime = 600000ms (custom)
2019-10-10 04:48:14,653 [pool-403-thread-1] INFO  impl.RaftServerImpl (RaftServerImpl.java:start(181)) - 84e93878-0fd6-451d-a14f-f78c8ed6dec7@group-51A30CD0358C: start as a follower, conf=-1: [84e93878-0fd6-451d-a14f-f78c8ed6dec7:192.168.164.237:41549], old=null
2019-10-10 04:48:14,653 [pool-403-thread-1] INFO  impl.RaftServerImpl (RaftServerImpl.java:setRole(170)) - 84e93878-0fd6-451d-a14f-f78c8ed6dec7@group-51A30CD0358C: changes role from      null to FOLLOWER at term 0 for startAsFollower
2019-10-10 04:48:14,654 [pool-403-thread-1] INFO  impl.RoleInfo (RoleInfo.java:updateAndGet(143)) - 84e93878-0fd6-451d-a14f-f78c8ed6dec7: start FollowerState
2019-10-10 04:48:14,654 [pool-403-thread-1] INFO  util.JmxRegister (JmxRegister.java:tryRegister(44)) - Successfully registered JMX Bean with object name Ratis:service=RaftServer,group=group-51A30CD0358C,id=84e93878-0fd6-451d-a14f-f78c8ed6dec7
2019-10-10 04:48:14,657 [RatisPipelineUtilsThread] INFO  pipeline.PipelineStateManager (PipelineStateManager.java:addPipeline(56)) - Created pipeline Pipeline[ Id: aaf49d10-6062-4173-b93b-51a30cd0358c, Nodes: 84e93878-0fd6-451d-a14f-f78c8ed6dec7{ip: 192.168.164.237, host: pr-hdds-1986-sk52v-1870103574, networkLocation: /default-rack, certSerialId: null}, Type:RATIS, Factor:ONE, State:OPEN]
2019-10-10 04:48:14,666 [grpc-default-executor-6] INFO  impl.RaftServerProxy (RaftServerProxy.java:addNew(89)) - aca23d47-b808-4e01-8beb-f09838159148: addNew group-188A032619ED:[aca23d47-b808-4e01-8beb-f09838159148:192.168.164.237:35028] returns group-188A032619ED:java.util.concurrent.CompletableFuture@41166ad6[Not completed]
2019-10-10 04:48:14,667 [pool-413-thread-1] INFO  impl.RaftServerImpl (RaftServerImpl.java:<init>(95)) - aca23d47-b808-4e01-8beb-f09838159148: new RaftServerImpl for group-188A032619ED:[aca23d47-b808-4e01-8beb-f09838159148:192.168.164.237:35028] with ContainerStateMachine:uninitialized
2019-10-10 04:48:14,667 [pool-413-thread-1] INFO  server.RaftServerConfigKeys (ConfUtils.java:logGet(43)) - raft.server.rpc.timeout.min = 5s (custom)
2019-10-10 04:48:14,667 [pool-413-thread-1] INFO  server.RaftServerConfigKeys (ConfUtils.java:logGet(43)) - raft.server.rpc.timeout.max = 5200ms (custom)
2019-10-10 04:48:14,667 [pool-413-thread-1] INFO  server.RaftServerConfigKeys (ConfUtils.java:logGet(43)) - raft.server.rpcslowness.timeout = 120s (custom)
2019-10-10 04:48:14,667 [pool-413-thread-1] INFO  server.RaftServerConfigKeys (ConfUtils.java:logGet(43)) - raft.server.sleep.deviation.threshold = 300 (default)
2019-10-10 04:48:14,667 [pool-413-thread-1] INFO  server.RaftServerConfigKeys (ConfUtils.java:logGet(43)) - raft.server.log.appender.install.snapshot.enabled = false (custom)
2019-10-10 04:48:14,667 [pool-413-thread-1] INFO  impl.RaftServerImpl (ServerState.java:<init>(103)) - aca23d47-b808-4e01-8beb-f09838159148@group-188A032619ED: ConfigurationManager, init=-1: [aca23d47-b808-4e01-8beb-f09838159148:192.168.164.237:35028], old=null, confs=<EMPTY_MAP>
2019-10-10 04:48:14,667 [pool-413-thread-1] INFO  server.RaftServerConfigKeys (ConfUtils.java:logGet(43)) - raft.server.storage.dir = [/workdir/hadoop-ozone/integration-test/target/test-dir/MiniOzoneClusterImpl-29206e1f-0a4b-4f87-b2b8-05e6105363df/datanode-3/data/ratis] (custom)
2019-10-10 04:48:14,667 [pool-413-thread-1] INFO  server.RaftServerConfigKeys (ConfUtils.java:logGet(43)) - raft.server.log.corruption.policy = EXCEPTION (default)
2019-10-10 04:48:14,668 [pool-413-thread-1] INFO  storage.RaftStorageDirectory (RaftStorageDirectory.java:analyzeStorage(246)) - The storage directory /workdir/hadoop-ozone/integration-test/target/test-dir/MiniOzoneClusterImpl-29206e1f-0a4b-4f87-b2b8-05e6105363df/datanode-3/data/ratis/2302d41f-ef0c-4053-b033-188a032619ed does not exist. Creating ...
2019-10-10 04:48:14,698 [pool-413-thread-1] INFO  storage.RaftStorageDirectory (RaftStorageDirectory.java:tryLock(328)) - Lock on /workdir/hadoop-ozone/integration-test/target/test-dir/MiniOzoneClusterImpl-29206e1f-0a4b-4f87-b2b8-05e6105363df/datanode-3/data/ratis/2302d41f-ef0c-4053-b033-188a032619ed/in_use.lock acquired by nodename 16053@pr-hdds-1986-sk52v-1870103574
2019-10-10 04:48:14,703 [IPC Server handler 4 on 45483] INFO  net.NetworkTopology (NetworkTopologyImpl.java:add(111)) - Added a new node: /default-rack/6db7a4a1-51e9-438a-a052-847cb3d97b14
2019-10-10 04:48:14,704 [IPC Server handler 4 on 45483] INFO  node.SCMNodeManager (SCMNodeManager.java:register(268)) - Registered Data node : 6db7a4a1-51e9-438a-a052-847cb3d97b14{ip: 192.168.164.237, host: pr-hdds-1986-sk52v-1870103574, networkLocation: /default-rack, certSerialId: null}
2019-10-10 04:48:14,732 [pool-413-thread-1] INFO  storage.RaftStorage (RaftStorage.java:format(84)) - Storage directory /workdir/hadoop-ozone/integration-test/target/test-dir/MiniOzoneClusterImpl-29206e1f-0a4b-4f87-b2b8-05e6105363df/datanode-3/data/ratis/2302d41f-ef0c-4053-b033-188a032619ed has been successfully formatted.
2019-10-10 04:48:14,732 [pool-413-thread-1] INFO  ratis.ContainerStateMachine (ContainerStateMachine.java:loadSnapshot(230)) - group-188A032619ED: The snapshot info is null. Setting the last applied indexto:(t:0, i:~)
2019-10-10 04:48:14,732 [pool-413-thread-1] INFO  server.RaftServerConfigKeys (ConfUtils.java:logGet(43)) - raft.server.notification.no-leader.timeout = 120s (custom)
2019-10-10 04:48:14,732 [pool-413-thread-1] INFO  server.RaftServerConfigKeys (ConfUtils.java:logGet(43)) - raft.server.log.use.memory = false (default)
2019-10-10 04:48:14,732 [pool-413-thread-1] INFO  server.RaftServerConfigKeys (ConfUtils.java:logGet(43)) - raft.server.log.purge.gap = 1000000 (custom)
2019-10-10 04:48:14,732 [pool-413-thread-1] INFO  server.RaftServerConfigKeys (ConfUtils.java:logGet(43)) - raft.server.log.appender.buffer.byte-limit = 33554432 (custom)
2019-10-10 04:48:14,732 [pool-413-thread-1] INFO  server.RaftServerConfigKeys (ConfUtils.java:logGet(43)) - raft.server.log.segment.size.max = 1048576 (custom)
2019-10-10 04:48:14,734 [pool-413-thread-1] INFO  server.RaftServerConfigKeys (ConfUtils.java:logGet(43)) - raft.server.log.segment.cache.num.max = 2 (custom)
2019-10-10 04:48:14,734 [pool-413-thread-1] INFO  segmented.SegmentedRaftLogWorker (SegmentedRaftLogWorker.java:<init>(173)) - new aca23d47-b808-4e01-8beb-f09838159148@group-188A032619ED-SegmentedRaftLogWorker for RaftStorage:Storage Directory /workdir/hadoop-ozone/integration-test/target/test-dir/MiniOzoneClusterImpl-29206e1f-0a4b-4f87-b2b8-05e6105363df/datanode-3/data/ratis/2302d41f-ef0c-4053-b033-188a032619ed
2019-10-10 04:48:14,734 [pool-413-thread-1] INFO  server.RaftServerConfigKeys (ConfUtils.java:logGet(43)) - raft.server.log.queue.byte-limit = 2147483647 (custom)
2019-10-10 04:48:14,734 [pool-413-thread-1] INFO  server.RaftServerConfigKeys (ConfUtils.java:logGet(43)) - raft.server.log.queue.element-limit = 1024 (custom)
2019-10-10 04:48:14,734 [pool-413-thread-1] INFO  server.RaftServerConfigKeys (ConfUtils.java:logGet(43)) - raft.server.log.segment.size.max = 1048576 (custom)
2019-10-10 04:48:14,734 [pool-413-thread-1] INFO  server.RaftServerConfigKeys (ConfUtils.java:logGet(43)) - raft.server.log.preallocated.size = 16384 (custom)
2019-10-10 04:48:14,734 [pool-413-thread-1] INFO  server.RaftServerConfigKeys (ConfUtils.java:logGet(43)) - raft.server.log.write.buffer.size = 33554432 (custom)
2019-10-10 04:48:14,734 [pool-413-thread-1] INFO  server.RaftServerConfigKeys (ConfUtils.java:logGet(43)) - raft.server.log.force.sync.num = 128 (default)
2019-10-10 04:48:14,734 [pool-413-thread-1] INFO  server.RaftServerConfigKeys (ConfUtils.java:logGet(43)) - raft.server.log.statemachine.data.sync = true (default)
2019-10-10 04:48:14,734 [pool-413-thread-1] INFO  server.RaftServerConfigKeys (ConfUtils.java:logGet(43)) - raft.server.log.statemachine.data.sync.timeout = 10s (default)
2019-10-10 04:48:14,734 [pool-413-thread-1] INFO  server.RaftServerConfigKeys (ConfUtils.java:logGet(43)) - raft.server.log.statemachine.data.sync.timeout.retry = -1 (default)
2019-10-10 04:48:14,735 [pool-413-thread-1] INFO  server.RaftServerConfigKeys (ConfUtils.java:logGet(43)) - raft.server.log.statemachine.data.caching.enabled = true (custom)
2019-10-10 04:48:14,735 [pool-413-thread-1] INFO  segmented.SegmentedRaftLogWorker (SegmentedRaftLogWorker.java:lambda$new$0(128)) - aca23d47-b808-4e01-8beb-f09838159148@group-188A032619ED-SegmentedRaftLogWorker: flushIndex: setUnconditionally 0 -> -1
2019-10-10 04:48:14,735 [pool-413-thread-1] INFO  server.RaftServerConfigKeys (ConfUtils.java:logGet(43)) - raft.server.snapshot.auto.trigger.enabled = true (custom)
2019-10-10 04:48:14,735 [pool-413-thread-1] INFO  server.RaftServerConfigKeys (ConfUtils.java:logGet(43)) - raft.server.snapshot.auto.trigger.threshold = 10000 (custom)
2019-10-10 04:48:14,735 [pool-413-thread-1] INFO  server.RaftServerConfigKeys (ConfUtils.java:logGet(43)) - raft.server.snapshot.retention.file.num = 5 (custom)
2019-10-10 04:48:14,735 [pool-413-thread-1] INFO  server.RaftServerConfigKeys (ConfUtils.java:logGet(43)) - raft.server.retrycache.expirytime = 600000ms (custom)
2019-10-10 04:48:14,737 [pool-413-thread-1] INFO  impl.RaftServerImpl (RaftServerImpl.java:start(181)) - aca23d47-b808-4e01-8beb-f09838159148@group-188A032619ED: start as a follower, conf=-1: [aca23d47-b808-4e01-8beb-f09838159148:192.168.164.237:35028], old=null
2019-10-10 04:48:14,737 [pool-413-thread-1] INFO  impl.RaftServerImpl (RaftServerImpl.java:setRole(170)) - aca23d47-b808-4e01-8beb-f09838159148@group-188A032619ED: changes role from      null to FOLLOWER at term 0 for startAsFollower
2019-10-10 04:48:14,737 [pool-413-thread-1] INFO  impl.RoleInfo (RoleInfo.java:updateAndGet(143)) - aca23d47-b808-4e01-8beb-f09838159148: start FollowerState
2019-10-10 04:48:14,737 [pool-413-thread-1] INFO  util.JmxRegister (JmxRegister.java:tryRegister(44)) - Successfully registered JMX Bean with object name Ratis:service=RaftServer,group=group-188A032619ED,id=aca23d47-b808-4e01-8beb-f09838159148
2019-10-10 04:48:14,740 [RatisPipelineUtilsThread] INFO  pipeline.PipelineStateManager (PipelineStateManager.java:addPipeline(56)) - Created pipeline Pipeline[ Id: 2302d41f-ef0c-4053-b033-188a032619ed, Nodes: aca23d47-b808-4e01-8beb-f09838159148{ip: 192.168.164.237, host: pr-hdds-1986-sk52v-1870103574, networkLocation: /default-rack, certSerialId: null}, Type:RATIS, Factor:ONE, State:OPEN]
2019-10-10 04:48:14,748 [grpc-default-executor-6] INFO  impl.RaftServerProxy (RaftServerProxy.java:addNew(89)) - 6db7a4a1-51e9-438a-a052-847cb3d97b14: addNew group-F25F12513831:[6db7a4a1-51e9-438a-a052-847cb3d97b14:192.168.164.237:45723] returns group-F25F12513831:java.util.concurrent.CompletableFuture@1d73678b[Not completed]
2019-10-10 04:48:14,749 [pool-423-thread-1] INFO  impl.RaftServerImpl (RaftServerImpl.java:<init>(95)) - 6db7a4a1-51e9-438a-a052-847cb3d97b14: new RaftServerImpl for group-F25F12513831:[6db7a4a1-51e9-438a-a052-847cb3d97b14:192.168.164.237:45723] with ContainerStateMachine:uninitialized
2019-10-10 04:48:14,750 [pool-423-thread-1] INFO  server.RaftServerConfigKeys (ConfUtils.java:logGet(43)) - raft.server.rpc.timeout.min = 5s (custom)
2019-10-10 04:48:14,750 [pool-423-thread-1] INFO  server.RaftServerConfigKeys (ConfUtils.java:logGet(43)) - raft.server.rpc.timeout.max = 5200ms (custom)
2019-10-10 04:48:14,750 [pool-423-thread-1] INFO  server.RaftServerConfigKeys (ConfUtils.java:logGet(43)) - raft.server.rpcslowness.timeout = 120s (custom)
2019-10-10 04:48:14,750 [pool-423-thread-1] INFO  server.RaftServerConfigKeys (ConfUtils.java:logGet(43)) - raft.server.sleep.deviation.threshold = 300 (default)
2019-10-10 04:48:14,750 [pool-423-thread-1] INFO  server.RaftServerConfigKeys (ConfUtils.java:logGet(43)) - raft.server.log.appender.install.snapshot.enabled = false (custom)
2019-10-10 04:48:14,750 [pool-423-thread-1] INFO  impl.RaftServerImpl (ServerState.java:<init>(103)) - 6db7a4a1-51e9-438a-a052-847cb3d97b14@group-F25F12513831: ConfigurationManager, init=-1: [6db7a4a1-51e9-438a-a052-847cb3d97b14:192.168.164.237:45723], old=null, confs=<EMPTY_MAP>
2019-10-10 04:48:14,750 [pool-423-thread-1] INFO  server.RaftServerConfigKeys (ConfUtils.java:logGet(43)) - raft.server.storage.dir = [/workdir/hadoop-ozone/integration-test/target/test-dir/MiniOzoneClusterImpl-29206e1f-0a4b-4f87-b2b8-05e6105363df/datanode-4/data/ratis] (custom)
2019-10-10 04:48:14,750 [pool-423-thread-1] INFO  server.RaftServerConfigKeys (ConfUtils.java:logGet(43)) - raft.server.log.corruption.policy = EXCEPTION (default)
2019-10-10 04:48:14,751 [pool-423-thread-1] INFO  storage.RaftStorageDirectory (RaftStorageDirectory.java:analyzeStorage(246)) - The storage directory /workdir/hadoop-ozone/integration-test/target/test-dir/MiniOzoneClusterImpl-29206e1f-0a4b-4f87-b2b8-05e6105363df/datanode-4/data/ratis/7c4201d1-873e-4724-88e0-f25f12513831 does not exist. Creating ...
2019-10-10 04:48:14,773 [pool-423-thread-1] INFO  storage.RaftStorageDirectory (RaftStorageDirectory.java:tryLock(328)) - Lock on /workdir/hadoop-ozone/integration-test/target/test-dir/MiniOzoneClusterImpl-29206e1f-0a4b-4f87-b2b8-05e6105363df/datanode-4/data/ratis/7c4201d1-873e-4724-88e0-f25f12513831/in_use.lock acquired by nodename 16053@pr-hdds-1986-sk52v-1870103574
2019-10-10 04:48:14,799 [pool-423-thread-1] INFO  storage.RaftStorage (RaftStorage.java:format(84)) - Storage directory /workdir/hadoop-ozone/integration-test/target/test-dir/MiniOzoneClusterImpl-29206e1f-0a4b-4f87-b2b8-05e6105363df/datanode-4/data/ratis/7c4201d1-873e-4724-88e0-f25f12513831 has been successfully formatted.
2019-10-10 04:48:14,799 [pool-423-thread-1] INFO  ratis.ContainerStateMachine (ContainerStateMachine.java:loadSnapshot(230)) - group-F25F12513831: The snapshot info is null. Setting the last applied indexto:(t:0, i:~)
2019-10-10 04:48:14,799 [pool-423-thread-1] INFO  server.RaftServerConfigKeys (ConfUtils.java:logGet(43)) - raft.server.notification.no-leader.timeout = 120s (custom)
2019-10-10 04:48:14,800 [pool-423-thread-1] INFO  server.RaftServerConfigKeys (ConfUtils.java:logGet(43)) - raft.server.log.use.memory = false (default)
2019-10-10 04:48:14,800 [pool-423-thread-1] INFO  server.RaftServerConfigKeys (ConfUtils.java:logGet(43)) - raft.server.log.purge.gap = 1000000 (custom)
2019-10-10 04:48:14,800 [pool-423-thread-1] INFO  server.RaftServerConfigKeys (ConfUtils.java:logGet(43)) - raft.server.log.appender.buffer.byte-limit = 33554432 (custom)
2019-10-10 04:48:14,800 [pool-423-thread-1] INFO  server.RaftServerConfigKeys (ConfUtils.java:logGet(43)) - raft.server.log.segment.size.max = 1048576 (custom)
2019-10-10 04:48:14,802 [IPC Server handler 6 on 45483] INFO  net.NetworkTopology (NetworkTopologyImpl.java:add(111)) - Added a new node: /default-rack/7b73df37-5ad1-4cbf-bfab-4fd2ac9b59eb
2019-10-10 04:48:14,802 [IPC Server handler 6 on 45483] INFO  node.SCMNodeManager (SCMNodeManager.java:register(268)) - Registered Data node : 7b73df37-5ad1-4cbf-bfab-4fd2ac9b59eb{ip: 192.168.164.237, host: pr-hdds-1986-sk52v-1870103574, networkLocation: /default-rack, certSerialId: null}
2019-10-10 04:48:14,802 [pool-423-thread-1] INFO  server.RaftServerConfigKeys (ConfUtils.java:logGet(43)) - raft.server.log.segment.cache.num.max = 2 (custom)
2019-10-10 04:48:14,802 [pool-423-thread-1] INFO  segmented.SegmentedRaftLogWorker (SegmentedRaftLogWorker.java:<init>(173)) - new 6db7a4a1-51e9-438a-a052-847cb3d97b14@group-F25F12513831-SegmentedRaftLogWorker for RaftStorage:Storage Directory /workdir/hadoop-ozone/integration-test/target/test-dir/MiniOzoneClusterImpl-29206e1f-0a4b-4f87-b2b8-05e6105363df/datanode-4/data/ratis/7c4201d1-873e-4724-88e0-f25f12513831
2019-10-10 04:48:14,803 [pool-423-thread-1] INFO  server.RaftServerConfigKeys (ConfUtils.java:logGet(43)) - raft.server.log.queue.byte-limit = 2147483647 (custom)
2019-10-10 04:48:14,803 [pool-423-thread-1] INFO  server.RaftServerConfigKeys (ConfUtils.java:logGet(43)) - raft.server.log.queue.element-limit = 1024 (custom)
2019-10-10 04:48:14,803 [pool-423-thread-1] INFO  server.RaftServerConfigKeys (ConfUtils.java:logGet(43)) - raft.server.log.segment.size.max = 1048576 (custom)
2019-10-10 04:48:14,803 [pool-423-thread-1] INFO  server.RaftServerConfigKeys (ConfUtils.java:logGet(43)) - raft.server.log.preallocated.size = 16384 (custom)
2019-10-10 04:48:14,803 [pool-423-thread-1] INFO  server.RaftServerConfigKeys (ConfUtils.java:logGet(43)) - raft.server.log.write.buffer.size = 33554432 (custom)
2019-10-10 04:48:14,803 [pool-423-thread-1] INFO  server.RaftServerConfigKeys (ConfUtils.java:logGet(43)) - raft.server.log.force.sync.num = 128 (default)
2019-10-10 04:48:14,803 [pool-423-thread-1] INFO  server.RaftServerConfigKeys (ConfUtils.java:logGet(43)) - raft.server.log.statemachine.data.sync = true (default)
2019-10-10 04:48:14,804 [pool-423-thread-1] INFO  server.RaftServerConfigKeys (ConfUtils.java:logGet(43)) - raft.server.log.statemachine.data.sync.timeout = 10s (default)
2019-10-10 04:48:14,804 [pool-423-thread-1] INFO  server.RaftServerConfigKeys (ConfUtils.java:logGet(43)) - raft.server.log.statemachine.data.sync.timeout.retry = -1 (default)
2019-10-10 04:48:14,804 [pool-423-thread-1] INFO  server.RaftServerConfigKeys (ConfUtils.java:logGet(43)) - raft.server.log.statemachine.data.caching.enabled = true (custom)
2019-10-10 04:48:14,804 [pool-423-thread-1] INFO  segmented.SegmentedRaftLogWorker (SegmentedRaftLogWorker.java:lambda$new$0(128)) - 6db7a4a1-51e9-438a-a052-847cb3d97b14@group-F25F12513831-SegmentedRaftLogWorker: flushIndex: setUnconditionally 0 -> -1
2019-10-10 04:48:14,805 [pool-423-thread-1] INFO  server.RaftServerConfigKeys (ConfUtils.java:logGet(43)) - raft.server.snapshot.auto.trigger.enabled = true (custom)
2019-10-10 04:48:14,805 [pool-423-thread-1] INFO  server.RaftServerConfigKeys (ConfUtils.java:logGet(43)) - raft.server.snapshot.auto.trigger.threshold = 10000 (custom)
2019-10-10 04:48:14,805 [pool-423-thread-1] INFO  server.RaftServerConfigKeys (ConfUtils.java:logGet(43)) - raft.server.snapshot.retention.file.num = 5 (custom)
2019-10-10 04:48:14,805 [pool-423-thread-1] INFO  server.RaftServerConfigKeys (ConfUtils.java:logGet(43)) - raft.server.retrycache.expirytime = 600000ms (custom)
2019-10-10 04:48:14,807 [pool-423-thread-1] INFO  impl.RaftServerImpl (RaftServerImpl.java:start(181)) - 6db7a4a1-51e9-438a-a052-847cb3d97b14@group-F25F12513831: start as a follower, conf=-1: [6db7a4a1-51e9-438a-a052-847cb3d97b14:192.168.164.237:45723], old=null
2019-10-10 04:48:14,807 [pool-423-thread-1] INFO  impl.RaftServerImpl (RaftServerImpl.java:setRole(170)) - 6db7a4a1-51e9-438a-a052-847cb3d97b14@group-F25F12513831: changes role from      null to FOLLOWER at term 0 for startAsFollower
2019-10-10 04:48:14,807 [pool-423-thread-1] INFO  impl.RoleInfo (RoleInfo.java:updateAndGet(143)) - 6db7a4a1-51e9-438a-a052-847cb3d97b14: start FollowerState
2019-10-10 04:48:14,808 [pool-423-thread-1] INFO  util.JmxRegister (JmxRegister.java:tryRegister(44)) - Successfully registered JMX Bean with object name Ratis:service=RaftServer,group=group-F25F12513831,id=6db7a4a1-51e9-438a-a052-847cb3d97b14
2019-10-10 04:48:14,812 [RatisPipelineUtilsThread] INFO  pipeline.PipelineStateManager (PipelineStateManager.java:addPipeline(56)) - Created pipeline Pipeline[ Id: 7c4201d1-873e-4724-88e0-f25f12513831, Nodes: 6db7a4a1-51e9-438a-a052-847cb3d97b14{ip: 192.168.164.237, host: pr-hdds-1986-sk52v-1870103574, networkLocation: /default-rack, certSerialId: null}, Type:RATIS, Factor:ONE, State:OPEN]
2019-10-10 04:48:14,824 [grpc-default-executor-6] INFO  impl.RaftServerProxy (RaftServerProxy.java:addNew(89)) - 7b73df37-5ad1-4cbf-bfab-4fd2ac9b59eb: addNew group-24BD443236B9:[7b73df37-5ad1-4cbf-bfab-4fd2ac9b59eb:192.168.164.237:38303] returns group-24BD443236B9:java.util.concurrent.CompletableFuture@57601414[Not completed]
2019-10-10 04:48:14,826 [pool-433-thread-1] INFO  impl.RaftServerImpl (RaftServerImpl.java:<init>(95)) - 7b73df37-5ad1-4cbf-bfab-4fd2ac9b59eb: new RaftServerImpl for group-24BD443236B9:[7b73df37-5ad1-4cbf-bfab-4fd2ac9b59eb:192.168.164.237:38303] with ContainerStateMachine:uninitialized
2019-10-10 04:48:14,826 [pool-433-thread-1] INFO  server.RaftServerConfigKeys (ConfUtils.java:logGet(43)) - raft.server.rpc.timeout.min = 5s (custom)
2019-10-10 04:48:14,826 [pool-433-thread-1] INFO  server.RaftServerConfigKeys (ConfUtils.java:logGet(43)) - raft.server.rpc.timeout.max = 5200ms (custom)
2019-10-10 04:48:14,826 [pool-433-thread-1] INFO  server.RaftServerConfigKeys (ConfUtils.java:logGet(43)) - raft.server.rpcslowness.timeout = 120s (custom)
2019-10-10 04:48:14,826 [pool-433-thread-1] INFO  server.RaftServerConfigKeys (ConfUtils.java:logGet(43)) - raft.server.sleep.deviation.threshold = 300 (default)
2019-10-10 04:48:14,826 [pool-433-thread-1] INFO  server.RaftServerConfigKeys (ConfUtils.java:logGet(43)) - raft.server.log.appender.install.snapshot.enabled = false (custom)
2019-10-10 04:48:14,826 [pool-433-thread-1] INFO  impl.RaftServerImpl (ServerState.java:<init>(103)) - 7b73df37-5ad1-4cbf-bfab-4fd2ac9b59eb@group-24BD443236B9: ConfigurationManager, init=-1: [7b73df37-5ad1-4cbf-bfab-4fd2ac9b59eb:192.168.164.237:38303], old=null, confs=<EMPTY_MAP>
2019-10-10 04:48:14,826 [pool-433-thread-1] INFO  server.RaftServerConfigKeys (ConfUtils.java:logGet(43)) - raft.server.storage.dir = [/workdir/hadoop-ozone/integration-test/target/test-dir/MiniOzoneClusterImpl-29206e1f-0a4b-4f87-b2b8-05e6105363df/datanode-5/data/ratis] (custom)
2019-10-10 04:48:14,827 [pool-433-thread-1] INFO  server.RaftServerConfigKeys (ConfUtils.java:logGet(43)) - raft.server.log.corruption.policy = EXCEPTION (default)
2019-10-10 04:48:14,827 [pool-433-thread-1] INFO  storage.RaftStorageDirectory (RaftStorageDirectory.java:analyzeStorage(246)) - The storage directory /workdir/hadoop-ozone/integration-test/target/test-dir/MiniOzoneClusterImpl-29206e1f-0a4b-4f87-b2b8-05e6105363df/datanode-5/data/ratis/3e4ce1b7-a49f-4794-8a70-24bd443236b9 does not exist. Creating ...
2019-10-10 04:48:14,849 [pool-433-thread-1] INFO  storage.RaftStorageDirectory (RaftStorageDirectory.java:tryLock(328)) - Lock on /workdir/hadoop-ozone/integration-test/target/test-dir/MiniOzoneClusterImpl-29206e1f-0a4b-4f87-b2b8-05e6105363df/datanode-5/data/ratis/3e4ce1b7-a49f-4794-8a70-24bd443236b9/in_use.lock acquired by nodename 16053@pr-hdds-1986-sk52v-1870103574
2019-10-10 04:48:14,880 [main] INFO  ozone.MiniOzoneClusterImpl (MiniOzoneClusterImpl.java:lambda$waitForClusterToBeReady$0(147)) - Waiting for cluster to be ready. Got 6 of 7 DN Heartbeats.
2019-10-10 04:48:14,881 [IPC Server handler 8 on 45483] INFO  net.NetworkTopology (NetworkTopologyImpl.java:add(111)) - Added a new node: /default-rack/805999ba-0048-47d3-9f2e-f6a1bf829eaa
2019-10-10 04:48:14,882 [IPC Server handler 8 on 45483] INFO  node.SCMNodeManager (SCMNodeManager.java:register(268)) - Registered Data node : 805999ba-0048-47d3-9f2e-f6a1bf829eaa{ip: 192.168.164.237, host: pr-hdds-1986-sk52v-1870103574, networkLocation: /default-rack, certSerialId: null}
2019-10-10 04:48:14,883 [pool-433-thread-1] INFO  storage.RaftStorage (RaftStorage.java:format(84)) - Storage directory /workdir/hadoop-ozone/integration-test/target/test-dir/MiniOzoneClusterImpl-29206e1f-0a4b-4f87-b2b8-05e6105363df/datanode-5/data/ratis/3e4ce1b7-a49f-4794-8a70-24bd443236b9 has been successfully formatted.
2019-10-10 04:48:14,883 [pool-433-thread-1] INFO  ratis.ContainerStateMachine (ContainerStateMachine.java:loadSnapshot(230)) - group-24BD443236B9: The snapshot info is null. Setting the last applied indexto:(t:0, i:~)
2019-10-10 04:48:14,883 [pool-433-thread-1] INFO  server.RaftServerConfigKeys (ConfUtils.java:logGet(43)) - raft.server.notification.no-leader.timeout = 120s (custom)
2019-10-10 04:48:14,883 [pool-433-thread-1] INFO  server.RaftServerConfigKeys (ConfUtils.java:logGet(43)) - raft.server.log.use.memory = false (default)
2019-10-10 04:48:14,884 [pool-433-thread-1] INFO  server.RaftServerConfigKeys (ConfUtils.java:logGet(43)) - raft.server.log.purge.gap = 1000000 (custom)
2019-10-10 04:48:14,884 [pool-433-thread-1] INFO  server.RaftServerConfigKeys (ConfUtils.java:logGet(43)) - raft.server.log.appender.buffer.byte-limit = 33554432 (custom)
2019-10-10 04:48:14,884 [pool-433-thread-1] INFO  server.RaftServerConfigKeys (ConfUtils.java:logGet(43)) - raft.server.log.segment.size.max = 1048576 (custom)
2019-10-10 04:48:14,885 [pool-433-thread-1] INFO  server.RaftServerConfigKeys (ConfUtils.java:logGet(43)) - raft.server.log.segment.cache.num.max = 2 (custom)
2019-10-10 04:48:14,886 [pool-433-thread-1] INFO  segmented.SegmentedRaftLogWorker (SegmentedRaftLogWorker.java:<init>(173)) - new 7b73df37-5ad1-4cbf-bfab-4fd2ac9b59eb@group-24BD443236B9-SegmentedRaftLogWorker for RaftStorage:Storage Directory /workdir/hadoop-ozone/integration-test/target/test-dir/MiniOzoneClusterImpl-29206e1f-0a4b-4f87-b2b8-05e6105363df/datanode-5/data/ratis/3e4ce1b7-a49f-4794-8a70-24bd443236b9
2019-10-10 04:48:14,886 [pool-433-thread-1] INFO  server.RaftServerConfigKeys (ConfUtils.java:logGet(43)) - raft.server.log.queue.byte-limit = 2147483647 (custom)
2019-10-10 04:48:14,886 [pool-433-thread-1] INFO  server.RaftServerConfigKeys (ConfUtils.java:logGet(43)) - raft.server.log.queue.element-limit = 1024 (custom)
2019-10-10 04:48:14,886 [pool-433-thread-1] INFO  server.RaftServerConfigKeys (ConfUtils.java:logGet(43)) - raft.server.log.segment.size.max = 1048576 (custom)
2019-10-10 04:48:14,886 [pool-433-thread-1] INFO  server.RaftServerConfigKeys (ConfUtils.java:logGet(43)) - raft.server.log.preallocated.size = 16384 (custom)
2019-10-10 04:48:14,886 [pool-433-thread-1] INFO  server.RaftServerConfigKeys (ConfUtils.java:logGet(43)) - raft.server.log.write.buffer.size = 33554432 (custom)
2019-10-10 04:48:14,886 [pool-433-thread-1] INFO  server.RaftServerConfigKeys (ConfUtils.java:logGet(43)) - raft.server.log.force.sync.num = 128 (default)
2019-10-10 04:48:14,886 [pool-433-thread-1] INFO  server.RaftServerConfigKeys (ConfUtils.java:logGet(43)) - raft.server.log.statemachine.data.sync = true (default)
2019-10-10 04:48:14,886 [pool-433-thread-1] INFO  server.RaftServerConfigKeys (ConfUtils.java:logGet(43)) - raft.server.log.statemachine.data.sync.timeout = 10s (default)
2019-10-10 04:48:14,887 [pool-433-thread-1] INFO  server.RaftServerConfigKeys (ConfUtils.java:logGet(43)) - raft.server.log.statemachine.data.sync.timeout.retry = -1 (default)
2019-10-10 04:48:14,887 [pool-433-thread-1] INFO  server.RaftServerConfigKeys (ConfUtils.java:logGet(43)) - raft.server.log.statemachine.data.caching.enabled = true (custom)
2019-10-10 04:48:14,887 [pool-433-thread-1] INFO  segmented.SegmentedRaftLogWorker (SegmentedRaftLogWorker.java:lambda$new$0(128)) - 7b73df37-5ad1-4cbf-bfab-4fd2ac9b59eb@group-24BD443236B9-SegmentedRaftLogWorker: flushIndex: setUnconditionally 0 -> -1
2019-10-10 04:48:14,887 [pool-433-thread-1] INFO  server.RaftServerConfigKeys (ConfUtils.java:logGet(43)) - raft.server.snapshot.auto.trigger.enabled = true (custom)
2019-10-10 04:48:14,888 [pool-433-thread-1] INFO  server.RaftServerConfigKeys (ConfUtils.java:logGet(43)) - raft.server.snapshot.auto.trigger.threshold = 10000 (custom)
2019-10-10 04:48:14,888 [pool-433-thread-1] INFO  server.RaftServerConfigKeys (ConfUtils.java:logGet(43)) - raft.server.snapshot.retention.file.num = 5 (custom)
2019-10-10 04:48:14,888 [pool-433-thread-1] INFO  server.RaftServerConfigKeys (ConfUtils.java:logGet(43)) - raft.server.retrycache.expirytime = 600000ms (custom)
2019-10-10 04:48:14,889 [pool-433-thread-1] INFO  impl.RaftServerImpl (RaftServerImpl.java:start(181)) - 7b73df37-5ad1-4cbf-bfab-4fd2ac9b59eb@group-24BD443236B9: start as a follower, conf=-1: [7b73df37-5ad1-4cbf-bfab-4fd2ac9b59eb:192.168.164.237:38303], old=null
2019-10-10 04:48:14,889 [pool-433-thread-1] INFO  impl.RaftServerImpl (RaftServerImpl.java:setRole(170)) - 7b73df37-5ad1-4cbf-bfab-4fd2ac9b59eb@group-24BD443236B9: changes role from      null to FOLLOWER at term 0 for startAsFollower
2019-10-10 04:48:14,889 [pool-433-thread-1] INFO  impl.RoleInfo (RoleInfo.java:updateAndGet(143)) - 7b73df37-5ad1-4cbf-bfab-4fd2ac9b59eb: start FollowerState
2019-10-10 04:48:14,890 [pool-433-thread-1] INFO  util.JmxRegister (JmxRegister.java:tryRegister(44)) - Successfully registered JMX Bean with object name Ratis:service=RaftServer,group=group-24BD443236B9,id=7b73df37-5ad1-4cbf-bfab-4fd2ac9b59eb
2019-10-10 04:48:14,893 [RatisPipelineUtilsThread] INFO  pipeline.PipelineStateManager (PipelineStateManager.java:addPipeline(56)) - Created pipeline Pipeline[ Id: 3e4ce1b7-a49f-4794-8a70-24bd443236b9, Nodes: 7b73df37-5ad1-4cbf-bfab-4fd2ac9b59eb{ip: 192.168.164.237, host: pr-hdds-1986-sk52v-1870103574, networkLocation: /default-rack, certSerialId: null}, Type:RATIS, Factor:ONE, State:OPEN]
2019-10-10 04:48:14,905 [grpc-default-executor-6] INFO  impl.RaftServerProxy (RaftServerProxy.java:addNew(89)) - 805999ba-0048-47d3-9f2e-f6a1bf829eaa: addNew group-FCF9B176D762:[805999ba-0048-47d3-9f2e-f6a1bf829eaa:192.168.164.237:37999] returns group-FCF9B176D762:java.util.concurrent.CompletableFuture@75e5f032[Not completed]
2019-10-10 04:48:14,906 [pool-443-thread-1] INFO  impl.RaftServerImpl (RaftServerImpl.java:<init>(95)) - 805999ba-0048-47d3-9f2e-f6a1bf829eaa: new RaftServerImpl for group-FCF9B176D762:[805999ba-0048-47d3-9f2e-f6a1bf829eaa:192.168.164.237:37999] with ContainerStateMachine:uninitialized
2019-10-10 04:48:14,906 [pool-443-thread-1] INFO  server.RaftServerConfigKeys (ConfUtils.java:logGet(43)) - raft.server.rpc.timeout.min = 5s (custom)
2019-10-10 04:48:14,906 [pool-443-thread-1] INFO  server.RaftServerConfigKeys (ConfUtils.java:logGet(43)) - raft.server.rpc.timeout.max = 5200ms (custom)
2019-10-10 04:48:14,906 [pool-443-thread-1] INFO  server.RaftServerConfigKeys (ConfUtils.java:logGet(43)) - raft.server.rpcslowness.timeout = 120s (custom)
2019-10-10 04:48:14,906 [pool-443-thread-1] INFO  server.RaftServerConfigKeys (ConfUtils.java:logGet(43)) - raft.server.sleep.deviation.threshold = 300 (default)
2019-10-10 04:48:14,907 [pool-443-thread-1] INFO  server.RaftServerConfigKeys (ConfUtils.java:logGet(43)) - raft.server.log.appender.install.snapshot.enabled = false (custom)
2019-10-10 04:48:14,907 [pool-443-thread-1] INFO  impl.RaftServerImpl (ServerState.java:<init>(103)) - 805999ba-0048-47d3-9f2e-f6a1bf829eaa@group-FCF9B176D762: ConfigurationManager, init=-1: [805999ba-0048-47d3-9f2e-f6a1bf829eaa:192.168.164.237:37999], old=null, confs=<EMPTY_MAP>
2019-10-10 04:48:14,907 [pool-443-thread-1] INFO  server.RaftServerConfigKeys (ConfUtils.java:logGet(43)) - raft.server.storage.dir = [/workdir/hadoop-ozone/integration-test/target/test-dir/MiniOzoneClusterImpl-29206e1f-0a4b-4f87-b2b8-05e6105363df/datanode-6/data/ratis] (custom)
2019-10-10 04:48:14,907 [pool-443-thread-1] INFO  server.RaftServerConfigKeys (ConfUtils.java:logGet(43)) - raft.server.log.corruption.policy = EXCEPTION (default)
2019-10-10 04:48:14,907 [pool-443-thread-1] INFO  storage.RaftStorageDirectory (RaftStorageDirectory.java:analyzeStorage(246)) - The storage directory /workdir/hadoop-ozone/integration-test/target/test-dir/MiniOzoneClusterImpl-29206e1f-0a4b-4f87-b2b8-05e6105363df/datanode-6/data/ratis/58f67e00-6186-42c7-a0a3-fcf9b176d762 does not exist. Creating ...
2019-10-10 04:48:14,942 [pool-443-thread-1] INFO  storage.RaftStorageDirectory (RaftStorageDirectory.java:tryLock(328)) - Lock on /workdir/hadoop-ozone/integration-test/target/test-dir/MiniOzoneClusterImpl-29206e1f-0a4b-4f87-b2b8-05e6105363df/datanode-6/data/ratis/58f67e00-6186-42c7-a0a3-fcf9b176d762/in_use.lock acquired by nodename 16053@pr-hdds-1986-sk52v-1870103574
2019-10-10 04:48:14,967 [pool-443-thread-1] INFO  storage.RaftStorage (RaftStorage.java:format(84)) - Storage directory /workdir/hadoop-ozone/integration-test/target/test-dir/MiniOzoneClusterImpl-29206e1f-0a4b-4f87-b2b8-05e6105363df/datanode-6/data/ratis/58f67e00-6186-42c7-a0a3-fcf9b176d762 has been successfully formatted.
2019-10-10 04:48:14,967 [pool-443-thread-1] INFO  ratis.ContainerStateMachine (ContainerStateMachine.java:loadSnapshot(230)) - group-FCF9B176D762: The snapshot info is null. Setting the last applied indexto:(t:0, i:~)
2019-10-10 04:48:14,967 [pool-443-thread-1] INFO  server.RaftServerConfigKeys (ConfUtils.java:logGet(43)) - raft.server.notification.no-leader.timeout = 120s (custom)
2019-10-10 04:48:14,967 [pool-443-thread-1] INFO  server.RaftServerConfigKeys (ConfUtils.java:logGet(43)) - raft.server.log.use.memory = false (default)
2019-10-10 04:48:14,968 [pool-443-thread-1] INFO  server.RaftServerConfigKeys (ConfUtils.java:logGet(43)) - raft.server.log.purge.gap = 1000000 (custom)
2019-10-10 04:48:14,968 [pool-443-thread-1] INFO  server.RaftServerConfigKeys (ConfUtils.java:logGet(43)) - raft.server.log.appender.buffer.byte-limit = 33554432 (custom)
2019-10-10 04:48:14,968 [pool-443-thread-1] INFO  server.RaftServerConfigKeys (ConfUtils.java:logGet(43)) - raft.server.log.segment.size.max = 1048576 (custom)
2019-10-10 04:48:14,969 [pool-443-thread-1] INFO  server.RaftServerConfigKeys (ConfUtils.java:logGet(43)) - raft.server.log.segment.cache.num.max = 2 (custom)
2019-10-10 04:48:14,969 [pool-443-thread-1] INFO  segmented.SegmentedRaftLogWorker (SegmentedRaftLogWorker.java:<init>(173)) - new 805999ba-0048-47d3-9f2e-f6a1bf829eaa@group-FCF9B176D762-SegmentedRaftLogWorker for RaftStorage:Storage Directory /workdir/hadoop-ozone/integration-test/target/test-dir/MiniOzoneClusterImpl-29206e1f-0a4b-4f87-b2b8-05e6105363df/datanode-6/data/ratis/58f67e00-6186-42c7-a0a3-fcf9b176d762
2019-10-10 04:48:14,970 [pool-443-thread-1] INFO  server.RaftServerConfigKeys (ConfUtils.java:logGet(43)) - raft.server.log.queue.byte-limit = 2147483647 (custom)
2019-10-10 04:48:14,970 [pool-443-thread-1] INFO  server.RaftServerConfigKeys (ConfUtils.java:logGet(43)) - raft.server.log.queue.element-limit = 1024 (custom)
2019-10-10 04:48:14,970 [pool-443-thread-1] INFO  server.RaftServerConfigKeys (ConfUtils.java:logGet(43)) - raft.server.log.segment.size.max = 1048576 (custom)
2019-10-10 04:48:14,970 [pool-443-thread-1] INFO  server.RaftServerConfigKeys (ConfUtils.java:logGet(43)) - raft.server.log.preallocated.size = 16384 (custom)
2019-10-10 04:48:14,970 [pool-443-thread-1] INFO  server.RaftServerConfigKeys (ConfUtils.java:logGet(43)) - raft.server.log.write.buffer.size = 33554432 (custom)
2019-10-10 04:48:14,970 [pool-443-thread-1] INFO  server.RaftServerConfigKeys (ConfUtils.java:logGet(43)) - raft.server.log.force.sync.num = 128 (default)
2019-10-10 04:48:14,970 [pool-443-thread-1] INFO  server.RaftServerConfigKeys (ConfUtils.java:logGet(43)) - raft.server.log.statemachine.data.sync = true (default)
2019-10-10 04:48:14,970 [pool-443-thread-1] INFO  server.RaftServerConfigKeys (ConfUtils.java:logGet(43)) - raft.server.log.statemachine.data.sync.timeout = 10s (default)
2019-10-10 04:48:14,970 [pool-443-thread-1] INFO  server.RaftServerConfigKeys (ConfUtils.java:logGet(43)) - raft.server.log.statemachine.data.sync.timeout.retry = -1 (default)
2019-10-10 04:48:14,971 [pool-443-thread-1] INFO  server.RaftServerConfigKeys (ConfUtils.java:logGet(43)) - raft.server.log.statemachine.data.caching.enabled = true (custom)
2019-10-10 04:48:14,971 [pool-443-thread-1] INFO  segmented.SegmentedRaftLogWorker (SegmentedRaftLogWorker.java:lambda$new$0(128)) - 805999ba-0048-47d3-9f2e-f6a1bf829eaa@group-FCF9B176D762-SegmentedRaftLogWorker: flushIndex: setUnconditionally 0 -> -1
2019-10-10 04:48:14,971 [pool-443-thread-1] INFO  server.RaftServerConfigKeys (ConfUtils.java:logGet(43)) - raft.server.snapshot.auto.trigger.enabled = true (custom)
2019-10-10 04:48:14,971 [pool-443-thread-1] INFO  server.RaftServerConfigKeys (ConfUtils.java:logGet(43)) - raft.server.snapshot.auto.trigger.threshold = 10000 (custom)
2019-10-10 04:48:14,971 [pool-443-thread-1] INFO  server.RaftServerConfigKeys (ConfUtils.java:logGet(43)) - raft.server.snapshot.retention.file.num = 5 (custom)
2019-10-10 04:48:14,971 [pool-443-thread-1] INFO  server.RaftServerConfigKeys (ConfUtils.java:logGet(43)) - raft.server.retrycache.expirytime = 600000ms (custom)
2019-10-10 04:48:14,973 [pool-443-thread-1] INFO  impl.RaftServerImpl (RaftServerImpl.java:start(181)) - 805999ba-0048-47d3-9f2e-f6a1bf829eaa@group-FCF9B176D762: start as a follower, conf=-1: [805999ba-0048-47d3-9f2e-f6a1bf829eaa:192.168.164.237:37999], old=null
2019-10-10 04:48:14,973 [pool-443-thread-1] INFO  impl.RaftServerImpl (RaftServerImpl.java:setRole(170)) - 805999ba-0048-47d3-9f2e-f6a1bf829eaa@group-FCF9B176D762: changes role from      null to FOLLOWER at term 0 for startAsFollower
2019-10-10 04:48:14,973 [pool-443-thread-1] INFO  impl.RoleInfo (RoleInfo.java:updateAndGet(143)) - 805999ba-0048-47d3-9f2e-f6a1bf829eaa: start FollowerState
2019-10-10 04:48:14,973 [pool-443-thread-1] INFO  util.JmxRegister (JmxRegister.java:tryRegister(44)) - Successfully registered JMX Bean with object name Ratis:service=RaftServer,group=group-FCF9B176D762,id=805999ba-0048-47d3-9f2e-f6a1bf829eaa
2019-10-10 04:48:14,977 [RatisPipelineUtilsThread] INFO  pipeline.PipelineStateManager (PipelineStateManager.java:addPipeline(56)) - Created pipeline Pipeline[ Id: 58f67e00-6186-42c7-a0a3-fcf9b176d762, Nodes: 805999ba-0048-47d3-9f2e-f6a1bf829eaa{ip: 192.168.164.237, host: pr-hdds-1986-sk52v-1870103574, networkLocation: /default-rack, certSerialId: null}, Type:RATIS, Factor:ONE, State:OPEN]
2019-10-10 04:48:14,996 [grpc-default-executor-3] INFO  impl.RaftServerProxy (RaftServerProxy.java:addNew(89)) - 7b73df37-5ad1-4cbf-bfab-4fd2ac9b59eb: addNew group-0BF830A4BC65:[7b73df37-5ad1-4cbf-bfab-4fd2ac9b59eb:192.168.164.237:38303, 9307d918-563a-4d90-936f-500dbe71c0e2:192.168.164.237:36463, aca23d47-b808-4e01-8beb-f09838159148:192.168.164.237:35028] returns group-0BF830A4BC65:java.util.concurrent.CompletableFuture@5be3a46c[Not completed]
2019-10-10 04:48:14,996 [grpc-default-executor-6] INFO  impl.RaftServerProxy (RaftServerProxy.java:addNew(89)) - 9307d918-563a-4d90-936f-500dbe71c0e2: addNew group-0BF830A4BC65:[7b73df37-5ad1-4cbf-bfab-4fd2ac9b59eb:192.168.164.237:38303, 9307d918-563a-4d90-936f-500dbe71c0e2:192.168.164.237:36463, aca23d47-b808-4e01-8beb-f09838159148:192.168.164.237:35028] returns group-0BF830A4BC65:java.util.concurrent.CompletableFuture@38b35b22[Not completed]
2019-10-10 04:48:14,996 [grpc-default-executor-2] INFO  impl.RaftServerProxy (RaftServerProxy.java:addNew(89)) - aca23d47-b808-4e01-8beb-f09838159148: addNew group-0BF830A4BC65:[7b73df37-5ad1-4cbf-bfab-4fd2ac9b59eb:192.168.164.237:38303, 9307d918-563a-4d90-936f-500dbe71c0e2:192.168.164.237:36463, aca23d47-b808-4e01-8beb-f09838159148:192.168.164.237:35028] returns group-0BF830A4BC65:java.util.concurrent.CompletableFuture@1bf7fda2[Not completed]
2019-10-10 04:48:14,997 [pool-433-thread-1] INFO  impl.RaftServerImpl (RaftServerImpl.java:<init>(95)) - 7b73df37-5ad1-4cbf-bfab-4fd2ac9b59eb: new RaftServerImpl for group-0BF830A4BC65:[7b73df37-5ad1-4cbf-bfab-4fd2ac9b59eb:192.168.164.237:38303, 9307d918-563a-4d90-936f-500dbe71c0e2:192.168.164.237:36463, aca23d47-b808-4e01-8beb-f09838159148:192.168.164.237:35028] with ContainerStateMachine:uninitialized
2019-10-10 04:48:14,998 [pool-433-thread-1] INFO  server.RaftServerConfigKeys (ConfUtils.java:logGet(43)) - raft.server.rpc.timeout.min = 5s (custom)
2019-10-10 04:48:14,998 [pool-433-thread-1] INFO  server.RaftServerConfigKeys (ConfUtils.java:logGet(43)) - raft.server.rpc.timeout.max = 5200ms (custom)
2019-10-10 04:48:14,998 [pool-433-thread-1] INFO  server.RaftServerConfigKeys (ConfUtils.java:logGet(43)) - raft.server.rpcslowness.timeout = 120s (custom)
2019-10-10 04:48:14,998 [pool-433-thread-1] INFO  server.RaftServerConfigKeys (ConfUtils.java:logGet(43)) - raft.server.sleep.deviation.threshold = 300 (default)
2019-10-10 04:48:14,998 [pool-433-thread-1] INFO  server.RaftServerConfigKeys (ConfUtils.java:logGet(43)) - raft.server.log.appender.install.snapshot.enabled = false (custom)
2019-10-10 04:48:14,998 [pool-433-thread-1] INFO  impl.RaftServerImpl (ServerState.java:<init>(103)) - 7b73df37-5ad1-4cbf-bfab-4fd2ac9b59eb@group-0BF830A4BC65: ConfigurationManager, init=-1: [7b73df37-5ad1-4cbf-bfab-4fd2ac9b59eb:192.168.164.237:38303, 9307d918-563a-4d90-936f-500dbe71c0e2:192.168.164.237:36463, aca23d47-b808-4e01-8beb-f09838159148:192.168.164.237:35028], old=null, confs=<EMPTY_MAP>
2019-10-10 04:48:14,998 [pool-393-thread-1] INFO  impl.RaftServerImpl (RaftServerImpl.java:<init>(95)) - 9307d918-563a-4d90-936f-500dbe71c0e2: new RaftServerImpl for group-0BF830A4BC65:[7b73df37-5ad1-4cbf-bfab-4fd2ac9b59eb:192.168.164.237:38303, 9307d918-563a-4d90-936f-500dbe71c0e2:192.168.164.237:36463, aca23d47-b808-4e01-8beb-f09838159148:192.168.164.237:35028] with ContainerStateMachine:uninitialized
2019-10-10 04:48:14,998 [pool-433-thread-1] INFO  server.RaftServerConfigKeys (ConfUtils.java:logGet(43)) - raft.server.storage.dir = [/workdir/hadoop-ozone/integration-test/target/test-dir/MiniOzoneClusterImpl-29206e1f-0a4b-4f87-b2b8-05e6105363df/datanode-5/data/ratis] (custom)
2019-10-10 04:48:14,998 [pool-393-thread-1] INFO  server.RaftServerConfigKeys (ConfUtils.java:logGet(43)) - raft.server.rpc.timeout.min = 5s (custom)
2019-10-10 04:48:14,998 [pool-433-thread-1] INFO  server.RaftServerConfigKeys (ConfUtils.java:logGet(43)) - raft.server.log.corruption.policy = EXCEPTION (default)
2019-10-10 04:48:14,998 [pool-393-thread-1] INFO  server.RaftServerConfigKeys (ConfUtils.java:logGet(43)) - raft.server.rpc.timeout.max = 5200ms (custom)
2019-10-10 04:48:14,999 [pool-413-thread-1] INFO  impl.RaftServerImpl (RaftServerImpl.java:<init>(95)) - aca23d47-b808-4e01-8beb-f09838159148: new RaftServerImpl for group-0BF830A4BC65:[7b73df37-5ad1-4cbf-bfab-4fd2ac9b59eb:192.168.164.237:38303, 9307d918-563a-4d90-936f-500dbe71c0e2:192.168.164.237:36463, aca23d47-b808-4e01-8beb-f09838159148:192.168.164.237:35028] with ContainerStateMachine:uninitialized
2019-10-10 04:48:14,999 [pool-433-thread-1] INFO  storage.RaftStorageDirectory (RaftStorageDirectory.java:analyzeStorage(246)) - The storage directory /workdir/hadoop-ozone/integration-test/target/test-dir/MiniOzoneClusterImpl-29206e1f-0a4b-4f87-b2b8-05e6105363df/datanode-5/data/ratis/7f2ddf0e-b1ca-4d0e-888f-0bf830a4bc65 does not exist. Creating ...
2019-10-10 04:48:14,999 [pool-413-thread-1] INFO  server.RaftServerConfigKeys (ConfUtils.java:logGet(43)) - raft.server.rpc.timeout.min = 5s (custom)
2019-10-10 04:48:14,999 [pool-393-thread-1] INFO  server.RaftServerConfigKeys (ConfUtils.java:logGet(43)) - raft.server.rpcslowness.timeout = 120s (custom)
2019-10-10 04:48:14,999 [pool-413-thread-1] INFO  server.RaftServerConfigKeys (ConfUtils.java:logGet(43)) - raft.server.rpc.timeout.max = 5200ms (custom)
2019-10-10 04:48:14,999 [pool-393-thread-1] INFO  server.RaftServerConfigKeys (ConfUtils.java:logGet(43)) - raft.server.sleep.deviation.threshold = 300 (default)
2019-10-10 04:48:14,999 [pool-413-thread-1] INFO  server.RaftServerConfigKeys (ConfUtils.java:logGet(43)) - raft.server.rpcslowness.timeout = 120s (custom)
2019-10-10 04:48:14,999 [pool-393-thread-1] INFO  server.RaftServerConfigKeys (ConfUtils.java:logGet(43)) - raft.server.log.appender.install.snapshot.enabled = false (custom)
2019-10-10 04:48:14,999 [pool-413-thread-1] INFO  server.RaftServerConfigKeys (ConfUtils.java:logGet(43)) - raft.server.sleep.deviation.threshold = 300 (default)
2019-10-10 04:48:15,000 [pool-393-thread-1] INFO  impl.RaftServerImpl (ServerState.java:<init>(103)) - 9307d918-563a-4d90-936f-500dbe71c0e2@group-0BF830A4BC65: ConfigurationManager, init=-1: [7b73df37-5ad1-4cbf-bfab-4fd2ac9b59eb:192.168.164.237:38303, 9307d918-563a-4d90-936f-500dbe71c0e2:192.168.164.237:36463, aca23d47-b808-4e01-8beb-f09838159148:192.168.164.237:35028], old=null, confs=<EMPTY_MAP>
2019-10-10 04:48:15,000 [pool-413-thread-1] INFO  server.RaftServerConfigKeys (ConfUtils.java:logGet(43)) - raft.server.log.appender.install.snapshot.enabled = false (custom)
2019-10-10 04:48:15,000 [pool-393-thread-1] INFO  server.RaftServerConfigKeys (ConfUtils.java:logGet(43)) - raft.server.storage.dir = [/workdir/hadoop-ozone/integration-test/target/test-dir/MiniOzoneClusterImpl-29206e1f-0a4b-4f87-b2b8-05e6105363df/datanode-1/data/ratis] (custom)
2019-10-10 04:48:15,000 [pool-413-thread-1] INFO  impl.RaftServerImpl (ServerState.java:<init>(103)) - aca23d47-b808-4e01-8beb-f09838159148@group-0BF830A4BC65: ConfigurationManager, init=-1: [7b73df37-5ad1-4cbf-bfab-4fd2ac9b59eb:192.168.164.237:38303, 9307d918-563a-4d90-936f-500dbe71c0e2:192.168.164.237:36463, aca23d47-b808-4e01-8beb-f09838159148:192.168.164.237:35028], old=null, confs=<EMPTY_MAP>
2019-10-10 04:48:15,000 [pool-393-thread-1] INFO  server.RaftServerConfigKeys (ConfUtils.java:logGet(43)) - raft.server.log.corruption.policy = EXCEPTION (default)
2019-10-10 04:48:15,000 [pool-413-thread-1] INFO  server.RaftServerConfigKeys (ConfUtils.java:logGet(43)) - raft.server.storage.dir = [/workdir/hadoop-ozone/integration-test/target/test-dir/MiniOzoneClusterImpl-29206e1f-0a4b-4f87-b2b8-05e6105363df/datanode-3/data/ratis] (custom)
2019-10-10 04:48:15,001 [pool-393-thread-1] INFO  storage.RaftStorageDirectory (RaftStorageDirectory.java:analyzeStorage(246)) - The storage directory /workdir/hadoop-ozone/integration-test/target/test-dir/MiniOzoneClusterImpl-29206e1f-0a4b-4f87-b2b8-05e6105363df/datanode-1/data/ratis/7f2ddf0e-b1ca-4d0e-888f-0bf830a4bc65 does not exist. Creating ...
2019-10-10 04:48:15,001 [pool-413-thread-1] INFO  server.RaftServerConfigKeys (ConfUtils.java:logGet(43)) - raft.server.log.corruption.policy = EXCEPTION (default)
2019-10-10 04:48:15,001 [pool-413-thread-1] INFO  storage.RaftStorageDirectory (RaftStorageDirectory.java:analyzeStorage(246)) - The storage directory /workdir/hadoop-ozone/integration-test/target/test-dir/MiniOzoneClusterImpl-29206e1f-0a4b-4f87-b2b8-05e6105363df/datanode-3/data/ratis/7f2ddf0e-b1ca-4d0e-888f-0bf830a4bc65 does not exist. Creating ...
2019-10-10 04:48:15,026 [pool-393-thread-1] INFO  storage.RaftStorageDirectory (RaftStorageDirectory.java:tryLock(328)) - Lock on /workdir/hadoop-ozone/integration-test/target/test-dir/MiniOzoneClusterImpl-29206e1f-0a4b-4f87-b2b8-05e6105363df/datanode-1/data/ratis/7f2ddf0e-b1ca-4d0e-888f-0bf830a4bc65/in_use.lock acquired by nodename 16053@pr-hdds-1986-sk52v-1870103574
2019-10-10 04:48:15,026 [pool-433-thread-1] INFO  storage.RaftStorageDirectory (RaftStorageDirectory.java:tryLock(328)) - Lock on /workdir/hadoop-ozone/integration-test/target/test-dir/MiniOzoneClusterImpl-29206e1f-0a4b-4f87-b2b8-05e6105363df/datanode-5/data/ratis/7f2ddf0e-b1ca-4d0e-888f-0bf830a4bc65/in_use.lock acquired by nodename 16053@pr-hdds-1986-sk52v-1870103574
2019-10-10 04:48:15,026 [pool-413-thread-1] INFO  storage.RaftStorageDirectory (RaftStorageDirectory.java:tryLock(328)) - Lock on /workdir/hadoop-ozone/integration-test/target/test-dir/MiniOzoneClusterImpl-29206e1f-0a4b-4f87-b2b8-05e6105363df/datanode-3/data/ratis/7f2ddf0e-b1ca-4d0e-888f-0bf830a4bc65/in_use.lock acquired by nodename 16053@pr-hdds-1986-sk52v-1870103574
2019-10-10 04:48:15,052 [pool-433-thread-1] INFO  storage.RaftStorage (RaftStorage.java:format(84)) - Storage directory /workdir/hadoop-ozone/integration-test/target/test-dir/MiniOzoneClusterImpl-29206e1f-0a4b-4f87-b2b8-05e6105363df/datanode-5/data/ratis/7f2ddf0e-b1ca-4d0e-888f-0bf830a4bc65 has been successfully formatted.
2019-10-10 04:48:15,053 [pool-393-thread-1] INFO  storage.RaftStorage (RaftStorage.java:format(84)) - Storage directory /workdir/hadoop-ozone/integration-test/target/test-dir/MiniOzoneClusterImpl-29206e1f-0a4b-4f87-b2b8-05e6105363df/datanode-1/data/ratis/7f2ddf0e-b1ca-4d0e-888f-0bf830a4bc65 has been successfully formatted.
2019-10-10 04:48:15,053 [pool-413-thread-1] INFO  storage.RaftStorage (RaftStorage.java:format(84)) - Storage directory /workdir/hadoop-ozone/integration-test/target/test-dir/MiniOzoneClusterImpl-29206e1f-0a4b-4f87-b2b8-05e6105363df/datanode-3/data/ratis/7f2ddf0e-b1ca-4d0e-888f-0bf830a4bc65 has been successfully formatted.
2019-10-10 04:48:15,053 [pool-433-thread-1] INFO  ratis.ContainerStateMachine (ContainerStateMachine.java:loadSnapshot(230)) - group-0BF830A4BC65: The snapshot info is null. Setting the last applied indexto:(t:0, i:~)
2019-10-10 04:48:15,053 [pool-393-thread-1] INFO  ratis.ContainerStateMachine (ContainerStateMachine.java:loadSnapshot(230)) - group-0BF830A4BC65: The snapshot info is null. Setting the last applied indexto:(t:0, i:~)
2019-10-10 04:48:15,053 [pool-433-thread-1] INFO  server.RaftServerConfigKeys (ConfUtils.java:logGet(43)) - raft.server.notification.no-leader.timeout = 120s (custom)
2019-10-10 04:48:15,053 [pool-413-thread-1] INFO  ratis.ContainerStateMachine (ContainerStateMachine.java:loadSnapshot(230)) - group-0BF830A4BC65: The snapshot info is null. Setting the last applied indexto:(t:0, i:~)
2019-10-10 04:48:15,053 [pool-433-thread-1] INFO  server.RaftServerConfigKeys (ConfUtils.java:logGet(43)) - raft.server.log.use.memory = false (default)
2019-10-10 04:48:15,053 [pool-393-thread-1] INFO  server.RaftServerConfigKeys (ConfUtils.java:logGet(43)) - raft.server.notification.no-leader.timeout = 120s (custom)
2019-10-10 04:48:15,053 [pool-433-thread-1] INFO  server.RaftServerConfigKeys (ConfUtils.java:logGet(43)) - raft.server.log.purge.gap = 1000000 (custom)
2019-10-10 04:48:15,053 [pool-413-thread-1] INFO  server.RaftServerConfigKeys (ConfUtils.java:logGet(43)) - raft.server.notification.no-leader.timeout = 120s (custom)
2019-10-10 04:48:15,054 [pool-433-thread-1] INFO  server.RaftServerConfigKeys (ConfUtils.java:logGet(43)) - raft.server.log.appender.buffer.byte-limit = 33554432 (custom)
2019-10-10 04:48:15,054 [pool-393-thread-1] INFO  server.RaftServerConfigKeys (ConfUtils.java:logGet(43)) - raft.server.log.use.memory = false (default)
2019-10-10 04:48:15,054 [pool-433-thread-1] INFO  server.RaftServerConfigKeys (ConfUtils.java:logGet(43)) - raft.server.log.segment.size.max = 1048576 (custom)
2019-10-10 04:48:15,054 [pool-413-thread-1] INFO  server.RaftServerConfigKeys (ConfUtils.java:logGet(43)) - raft.server.log.use.memory = false (default)
2019-10-10 04:48:15,054 [pool-433-thread-1] INFO  server.RaftServerConfigKeys (ConfUtils.java:logGet(43)) - raft.server.log.segment.cache.num.max = 2 (custom)
2019-10-10 04:48:15,054 [pool-393-thread-1] INFO  server.RaftServerConfigKeys (ConfUtils.java:logGet(43)) - raft.server.log.purge.gap = 1000000 (custom)
2019-10-10 04:48:15,054 [pool-433-thread-1] INFO  segmented.SegmentedRaftLogWorker (SegmentedRaftLogWorker.java:<init>(173)) - new 7b73df37-5ad1-4cbf-bfab-4fd2ac9b59eb@group-0BF830A4BC65-SegmentedRaftLogWorker for RaftStorage:Storage Directory /workdir/hadoop-ozone/integration-test/target/test-dir/MiniOzoneClusterImpl-29206e1f-0a4b-4f87-b2b8-05e6105363df/datanode-5/data/ratis/7f2ddf0e-b1ca-4d0e-888f-0bf830a4bc65
2019-10-10 04:48:15,054 [pool-413-thread-1] INFO  server.RaftServerConfigKeys (ConfUtils.java:logGet(43)) - raft.server.log.purge.gap = 1000000 (custom)
2019-10-10 04:48:15,054 [pool-433-thread-1] INFO  server.RaftServerConfigKeys (ConfUtils.java:logGet(43)) - raft.server.log.queue.byte-limit = 2147483647 (custom)
2019-10-10 04:48:15,054 [pool-393-thread-1] INFO  server.RaftServerConfigKeys (ConfUtils.java:logGet(43)) - raft.server.log.appender.buffer.byte-limit = 33554432 (custom)
2019-10-10 04:48:15,055 [pool-433-thread-1] INFO  server.RaftServerConfigKeys (ConfUtils.java:logGet(43)) - raft.server.log.queue.element-limit = 1024 (custom)
2019-10-10 04:48:15,055 [pool-413-thread-1] INFO  server.RaftServerConfigKeys (ConfUtils.java:logGet(43)) - raft.server.log.appender.buffer.byte-limit = 33554432 (custom)
2019-10-10 04:48:15,055 [pool-433-thread-1] INFO  server.RaftServerConfigKeys (ConfUtils.java:logGet(43)) - raft.server.log.segment.size.max = 1048576 (custom)
2019-10-10 04:48:15,055 [pool-393-thread-1] INFO  server.RaftServerConfigKeys (ConfUtils.java:logGet(43)) - raft.server.log.segment.size.max = 1048576 (custom)
2019-10-10 04:48:15,055 [pool-433-thread-1] INFO  server.RaftServerConfigKeys (ConfUtils.java:logGet(43)) - raft.server.log.preallocated.size = 16384 (custom)
2019-10-10 04:48:15,055 [pool-413-thread-1] INFO  server.RaftServerConfigKeys (ConfUtils.java:logGet(43)) - raft.server.log.segment.size.max = 1048576 (custom)
2019-10-10 04:48:15,055 [pool-433-thread-1] INFO  server.RaftServerConfigKeys (ConfUtils.java:logGet(43)) - raft.server.log.write.buffer.size = 33554432 (custom)
2019-10-10 04:48:15,055 [pool-393-thread-1] INFO  server.RaftServerConfigKeys (ConfUtils.java:logGet(43)) - raft.server.log.segment.cache.num.max = 2 (custom)
2019-10-10 04:48:15,055 [pool-433-thread-1] INFO  server.RaftServerConfigKeys (ConfUtils.java:logGet(43)) - raft.server.log.force.sync.num = 128 (default)
2019-10-10 04:48:15,055 [pool-413-thread-1] INFO  server.RaftServerConfigKeys (ConfUtils.java:logGet(43)) - raft.server.log.segment.cache.num.max = 2 (custom)
2019-10-10 04:48:15,056 [pool-433-thread-1] INFO  server.RaftServerConfigKeys (ConfUtils.java:logGet(43)) - raft.server.log.statemachine.data.sync = true (default)
2019-10-10 04:48:15,056 [pool-393-thread-1] INFO  segmented.SegmentedRaftLogWorker (SegmentedRaftLogWorker.java:<init>(173)) - new 9307d918-563a-4d90-936f-500dbe71c0e2@group-0BF830A4BC65-SegmentedRaftLogWorker for RaftStorage:Storage Directory /workdir/hadoop-ozone/integration-test/target/test-dir/MiniOzoneClusterImpl-29206e1f-0a4b-4f87-b2b8-05e6105363df/datanode-1/data/ratis/7f2ddf0e-b1ca-4d0e-888f-0bf830a4bc65
2019-10-10 04:48:15,056 [pool-433-thread-1] INFO  server.RaftServerConfigKeys (ConfUtils.java:logGet(43)) - raft.server.log.statemachine.data.sync.timeout = 10s (default)
2019-10-10 04:48:15,056 [pool-413-thread-1] INFO  segmented.SegmentedRaftLogWorker (SegmentedRaftLogWorker.java:<init>(173)) - new aca23d47-b808-4e01-8beb-f09838159148@group-0BF830A4BC65-SegmentedRaftLogWorker for RaftStorage:Storage Directory /workdir/hadoop-ozone/integration-test/target/test-dir/MiniOzoneClusterImpl-29206e1f-0a4b-4f87-b2b8-05e6105363df/datanode-3/data/ratis/7f2ddf0e-b1ca-4d0e-888f-0bf830a4bc65
2019-10-10 04:48:15,056 [pool-433-thread-1] INFO  server.RaftServerConfigKeys (ConfUtils.java:logGet(43)) - raft.server.log.statemachine.data.sync.timeout.retry = -1 (default)
2019-10-10 04:48:15,056 [pool-393-thread-1] INFO  server.RaftServerConfigKeys (ConfUtils.java:logGet(43)) - raft.server.log.queue.byte-limit = 2147483647 (custom)
2019-10-10 04:48:15,056 [pool-433-thread-1] INFO  server.RaftServerConfigKeys (ConfUtils.java:logGet(43)) - raft.server.log.statemachine.data.caching.enabled = true (custom)
2019-10-10 04:48:15,056 [pool-413-thread-1] INFO  server.RaftServerConfigKeys (ConfUtils.java:logGet(43)) - raft.server.log.queue.byte-limit = 2147483647 (custom)
2019-10-10 04:48:15,056 [pool-393-thread-1] INFO  server.RaftServerConfigKeys (ConfUtils.java:logGet(43)) - raft.server.log.queue.element-limit = 1024 (custom)
2019-10-10 04:48:15,057 [pool-413-thread-1] INFO  server.RaftServerConfigKeys (ConfUtils.java:logGet(43)) - raft.server.log.queue.element-limit = 1024 (custom)
2019-10-10 04:48:15,057 [pool-433-thread-1] INFO  segmented.SegmentedRaftLogWorker (SegmentedRaftLogWorker.java:lambda$new$0(128)) - 7b73df37-5ad1-4cbf-bfab-4fd2ac9b59eb@group-0BF830A4BC65-SegmentedRaftLogWorker: flushIndex: setUnconditionally 0 -> -1
2019-10-10 04:48:15,057 [pool-413-thread-1] INFO  server.RaftServerConfigKeys (ConfUtils.java:logGet(43)) - raft.server.log.segment.size.max = 1048576 (custom)
2019-10-10 04:48:15,057 [pool-393-thread-1] INFO  server.RaftServerConfigKeys (ConfUtils.java:logGet(43)) - raft.server.log.segment.size.max = 1048576 (custom)
2019-10-10 04:48:15,057 [pool-433-thread-1] INFO  server.RaftServerConfigKeys (ConfUtils.java:logGet(43)) - raft.server.snapshot.auto.trigger.enabled = true (custom)
2019-10-10 04:48:15,057 [pool-413-thread-1] INFO  server.RaftServerConfigKeys (ConfUtils.java:logGet(43)) - raft.server.log.preallocated.size = 16384 (custom)
2019-10-10 04:48:15,057 [pool-433-thread-1] INFO  server.RaftServerConfigKeys (ConfUtils.java:logGet(43)) - raft.server.snapshot.auto.trigger.threshold = 10000 (custom)
2019-10-10 04:48:15,058 [pool-433-thread-1] INFO  server.RaftServerConfigKeys (ConfUtils.java:logGet(43)) - raft.server.snapshot.retention.file.num = 5 (custom)
2019-10-10 04:48:15,057 [pool-393-thread-1] INFO  server.RaftServerConfigKeys (ConfUtils.java:logGet(43)) - raft.server.log.preallocated.size = 16384 (custom)
2019-10-10 04:48:15,058 [pool-433-thread-1] INFO  server.RaftServerConfigKeys (ConfUtils.java:logGet(43)) - raft.server.retrycache.expirytime = 600000ms (custom)
2019-10-10 04:48:15,057 [pool-413-thread-1] INFO  server.RaftServerConfigKeys (ConfUtils.java:logGet(43)) - raft.server.log.write.buffer.size = 33554432 (custom)
2019-10-10 04:48:15,058 [pool-393-thread-1] INFO  server.RaftServerConfigKeys (ConfUtils.java:logGet(43)) - raft.server.log.write.buffer.size = 33554432 (custom)
2019-10-10 04:48:15,058 [pool-413-thread-1] INFO  server.RaftServerConfigKeys (ConfUtils.java:logGet(43)) - raft.server.log.force.sync.num = 128 (default)
2019-10-10 04:48:15,058 [pool-393-thread-1] INFO  server.RaftServerConfigKeys (ConfUtils.java:logGet(43)) - raft.server.log.force.sync.num = 128 (default)
2019-10-10 04:48:15,058 [pool-413-thread-1] INFO  server.RaftServerConfigKeys (ConfUtils.java:logGet(43)) - raft.server.log.statemachine.data.sync = true (default)
2019-10-10 04:48:15,059 [pool-393-thread-1] INFO  server.RaftServerConfigKeys (ConfUtils.java:logGet(43)) - raft.server.log.statemachine.data.sync = true (default)
2019-10-10 04:48:15,059 [pool-413-thread-1] INFO  server.RaftServerConfigKeys (ConfUtils.java:logGet(43)) - raft.server.log.statemachine.data.sync.timeout = 10s (default)
2019-10-10 04:48:15,059 [pool-393-thread-1] INFO  server.RaftServerConfigKeys (ConfUtils.java:logGet(43)) - raft.server.log.statemachine.data.sync.timeout = 10s (default)
2019-10-10 04:48:15,059 [pool-413-thread-1] INFO  server.RaftServerConfigKeys (ConfUtils.java:logGet(43)) - raft.server.log.statemachine.data.sync.timeout.retry = -1 (default)
2019-10-10 04:48:15,059 [pool-433-thread-1] INFO  impl.RaftServerImpl (RaftServerImpl.java:start(181)) - 7b73df37-5ad1-4cbf-bfab-4fd2ac9b59eb@group-0BF830A4BC65: start as a follower, conf=-1: [7b73df37-5ad1-4cbf-bfab-4fd2ac9b59eb:192.168.164.237:38303, 9307d918-563a-4d90-936f-500dbe71c0e2:192.168.164.237:36463, aca23d47-b808-4e01-8beb-f09838159148:192.168.164.237:35028], old=null
2019-10-10 04:48:15,059 [pool-393-thread-1] INFO  server.RaftServerConfigKeys (ConfUtils.java:logGet(43)) - raft.server.log.statemachine.data.sync.timeout.retry = -1 (default)
2019-10-10 04:48:15,059 [pool-433-thread-1] INFO  impl.RaftServerImpl (RaftServerImpl.java:setRole(170)) - 7b73df37-5ad1-4cbf-bfab-4fd2ac9b59eb@group-0BF830A4BC65: changes role from      null to FOLLOWER at term 0 for startAsFollower
2019-10-10 04:48:15,059 [pool-413-thread-1] INFO  server.RaftServerConfigKeys (ConfUtils.java:logGet(43)) - raft.server.log.statemachine.data.caching.enabled = true (custom)
2019-10-10 04:48:15,060 [pool-433-thread-1] INFO  impl.RoleInfo (RoleInfo.java:updateAndGet(143)) - 7b73df37-5ad1-4cbf-bfab-4fd2ac9b59eb: start FollowerState
2019-10-10 04:48:15,060 [pool-393-thread-1] INFO  server.RaftServerConfigKeys (ConfUtils.java:logGet(43)) - raft.server.log.statemachine.data.caching.enabled = true (custom)
2019-10-10 04:48:15,060 [pool-413-thread-1] INFO  segmented.SegmentedRaftLogWorker (SegmentedRaftLogWorker.java:lambda$new$0(128)) - aca23d47-b808-4e01-8beb-f09838159148@group-0BF830A4BC65-SegmentedRaftLogWorker: flushIndex: setUnconditionally 0 -> -1
2019-10-10 04:48:15,060 [pool-433-thread-1] INFO  util.JmxRegister (JmxRegister.java:tryRegister(44)) - Successfully registered JMX Bean with object name Ratis:service=RaftServer,group=group-0BF830A4BC65,id=7b73df37-5ad1-4cbf-bfab-4fd2ac9b59eb
2019-10-10 04:48:15,060 [pool-413-thread-1] INFO  server.RaftServerConfigKeys (ConfUtils.java:logGet(43)) - raft.server.snapshot.auto.trigger.enabled = true (custom)
2019-10-10 04:48:15,060 [pool-413-thread-1] INFO  server.RaftServerConfigKeys (ConfUtils.java:logGet(43)) - raft.server.snapshot.auto.trigger.threshold = 10000 (custom)
2019-10-10 04:48:15,061 [pool-413-thread-1] INFO  server.RaftServerConfigKeys (ConfUtils.java:logGet(43)) - raft.server.snapshot.retention.file.num = 5 (custom)
2019-10-10 04:48:15,061 [pool-413-thread-1] INFO  server.RaftServerConfigKeys (ConfUtils.java:logGet(43)) - raft.server.retrycache.expirytime = 600000ms (custom)
2019-10-10 04:48:15,061 [pool-393-thread-1] INFO  segmented.SegmentedRaftLogWorker (SegmentedRaftLogWorker.java:lambda$new$0(128)) - 9307d918-563a-4d90-936f-500dbe71c0e2@group-0BF830A4BC65-SegmentedRaftLogWorker: flushIndex: setUnconditionally 0 -> -1
2019-10-10 04:48:15,061 [pool-393-thread-1] INFO  server.RaftServerConfigKeys (ConfUtils.java:logGet(43)) - raft.server.snapshot.auto.trigger.enabled = true (custom)
2019-10-10 04:48:15,061 [pool-393-thread-1] INFO  server.RaftServerConfigKeys (ConfUtils.java:logGet(43)) - raft.server.snapshot.auto.trigger.threshold = 10000 (custom)
2019-10-10 04:48:15,062 [pool-393-thread-1] INFO  server.RaftServerConfigKeys (ConfUtils.java:logGet(43)) - raft.server.snapshot.retention.file.num = 5 (custom)
2019-10-10 04:48:15,062 [pool-393-thread-1] INFO  server.RaftServerConfigKeys (ConfUtils.java:logGet(43)) - raft.server.retrycache.expirytime = 600000ms (custom)
2019-10-10 04:48:15,063 [pool-413-thread-1] INFO  impl.RaftServerImpl (RaftServerImpl.java:start(181)) - aca23d47-b808-4e01-8beb-f09838159148@group-0BF830A4BC65: start as a follower, conf=-1: [7b73df37-5ad1-4cbf-bfab-4fd2ac9b59eb:192.168.164.237:38303, 9307d918-563a-4d90-936f-500dbe71c0e2:192.168.164.237:36463, aca23d47-b808-4e01-8beb-f09838159148:192.168.164.237:35028], old=null
2019-10-10 04:48:15,063 [pool-413-thread-1] INFO  impl.RaftServerImpl (RaftServerImpl.java:setRole(170)) - aca23d47-b808-4e01-8beb-f09838159148@group-0BF830A4BC65: changes role from      null to FOLLOWER at term 0 for startAsFollower
2019-10-10 04:48:15,063 [pool-413-thread-1] INFO  impl.RoleInfo (RoleInfo.java:updateAndGet(143)) - aca23d47-b808-4e01-8beb-f09838159148: start FollowerState
2019-10-10 04:48:15,063 [pool-413-thread-1] INFO  util.JmxRegister (JmxRegister.java:tryRegister(44)) - Successfully registered JMX Bean with object name Ratis:service=RaftServer,group=group-0BF830A4BC65,id=aca23d47-b808-4e01-8beb-f09838159148
2019-10-10 04:48:15,064 [pool-393-thread-1] INFO  impl.RaftServerImpl (RaftServerImpl.java:start(181)) - 9307d918-563a-4d90-936f-500dbe71c0e2@group-0BF830A4BC65: start as a follower, conf=-1: [7b73df37-5ad1-4cbf-bfab-4fd2ac9b59eb:192.168.164.237:38303, 9307d918-563a-4d90-936f-500dbe71c0e2:192.168.164.237:36463, aca23d47-b808-4e01-8beb-f09838159148:192.168.164.237:35028], old=null
2019-10-10 04:48:15,064 [pool-393-thread-1] INFO  impl.RaftServerImpl (RaftServerImpl.java:setRole(170)) - 9307d918-563a-4d90-936f-500dbe71c0e2@group-0BF830A4BC65: changes role from      null to FOLLOWER at term 0 for startAsFollower
2019-10-10 04:48:15,064 [pool-393-thread-1] INFO  impl.RoleInfo (RoleInfo.java:updateAndGet(143)) - 9307d918-563a-4d90-936f-500dbe71c0e2: start FollowerState
2019-10-10 04:48:15,064 [pool-393-thread-1] INFO  util.JmxRegister (JmxRegister.java:tryRegister(44)) - Successfully registered JMX Bean with object name Ratis:service=RaftServer,group=group-0BF830A4BC65,id=9307d918-563a-4d90-936f-500dbe71c0e2
2019-10-10 04:48:15,068 [RatisPipelineUtilsThread] INFO  pipeline.PipelineStateManager (PipelineStateManager.java:addPipeline(56)) - Created pipeline Pipeline[ Id: 7f2ddf0e-b1ca-4d0e-888f-0bf830a4bc65, Nodes: aca23d47-b808-4e01-8beb-f09838159148{ip: 192.168.164.237, host: pr-hdds-1986-sk52v-1870103574, networkLocation: /default-rack, certSerialId: null}7b73df37-5ad1-4cbf-bfab-4fd2ac9b59eb{ip: 192.168.164.237, host: pr-hdds-1986-sk52v-1870103574, networkLocation: /default-rack, certSerialId: null}9307d918-563a-4d90-936f-500dbe71c0e2{ip: 192.168.164.237, host: pr-hdds-1986-sk52v-1870103574, networkLocation: /default-rack, certSerialId: null}, Type:RATIS, Factor:THREE, State:OPEN]
2019-10-10 04:48:15,083 [grpc-default-executor-6] INFO  impl.RaftServerProxy (RaftServerProxy.java:addNew(89)) - 6db7a4a1-51e9-438a-a052-847cb3d97b14: addNew group-82A70A2D3684:[84e93878-0fd6-451d-a14f-f78c8ed6dec7:192.168.164.237:41549, 90483036-9b36-46d1-b65a-0a23e6fe21eb:192.168.164.237:33835, 6db7a4a1-51e9-438a-a052-847cb3d97b14:192.168.164.237:45723] returns group-82A70A2D3684:java.util.concurrent.CompletableFuture@1c9dec86[Not completed]
2019-10-10 04:48:15,083 [grpc-default-executor-3] INFO  impl.RaftServerProxy (RaftServerProxy.java:addNew(89)) - 90483036-9b36-46d1-b65a-0a23e6fe21eb: addNew group-82A70A2D3684:[84e93878-0fd6-451d-a14f-f78c8ed6dec7:192.168.164.237:41549, 90483036-9b36-46d1-b65a-0a23e6fe21eb:192.168.164.237:33835, 6db7a4a1-51e9-438a-a052-847cb3d97b14:192.168.164.237:45723] returns group-82A70A2D3684:java.util.concurrent.CompletableFuture@5258f553[Not completed]
2019-10-10 04:48:15,084 [grpc-default-executor-2] INFO  impl.RaftServerProxy (RaftServerProxy.java:addNew(89)) - 84e93878-0fd6-451d-a14f-f78c8ed6dec7: addNew group-82A70A2D3684:[84e93878-0fd6-451d-a14f-f78c8ed6dec7:192.168.164.237:41549, 90483036-9b36-46d1-b65a-0a23e6fe21eb:192.168.164.237:33835, 6db7a4a1-51e9-438a-a052-847cb3d97b14:192.168.164.237:45723] returns group-82A70A2D3684:java.util.concurrent.CompletableFuture@31a25e9a[Not completed]
2019-10-10 04:48:15,085 [pool-423-thread-1] INFO  impl.RaftServerImpl (RaftServerImpl.java:<init>(95)) - 6db7a4a1-51e9-438a-a052-847cb3d97b14: new RaftServerImpl for group-82A70A2D3684:[84e93878-0fd6-451d-a14f-f78c8ed6dec7:192.168.164.237:41549, 90483036-9b36-46d1-b65a-0a23e6fe21eb:192.168.164.237:33835, 6db7a4a1-51e9-438a-a052-847cb3d97b14:192.168.164.237:45723] with ContainerStateMachine:uninitialized
2019-10-10 04:48:15,085 [pool-423-thread-1] INFO  server.RaftServerConfigKeys (ConfUtils.java:logGet(43)) - raft.server.rpc.timeout.min = 5s (custom)
2019-10-10 04:48:15,085 [pool-423-thread-1] INFO  server.RaftServerConfigKeys (ConfUtils.java:logGet(43)) - raft.server.rpc.timeout.max = 5200ms (custom)
2019-10-10 04:48:15,085 [pool-423-thread-1] INFO  server.RaftServerConfigKeys (ConfUtils.java:logGet(43)) - raft.server.rpcslowness.timeout = 120s (custom)
2019-10-10 04:48:15,085 [pool-423-thread-1] INFO  server.RaftServerConfigKeys (ConfUtils.java:logGet(43)) - raft.server.sleep.deviation.threshold = 300 (default)
2019-10-10 04:48:15,085 [pool-383-thread-1] INFO  impl.RaftServerImpl (RaftServerImpl.java:<init>(95)) - 90483036-9b36-46d1-b65a-0a23e6fe21eb: new RaftServerImpl for group-82A70A2D3684:[84e93878-0fd6-451d-a14f-f78c8ed6dec7:192.168.164.237:41549, 90483036-9b36-46d1-b65a-0a23e6fe21eb:192.168.164.237:33835, 6db7a4a1-51e9-438a-a052-847cb3d97b14:192.168.164.237:45723] with ContainerStateMachine:uninitialized
2019-10-10 04:48:15,085 [pool-423-thread-1] INFO  server.RaftServerConfigKeys (ConfUtils.java:logGet(43)) - raft.server.log.appender.install.snapshot.enabled = false (custom)
2019-10-10 04:48:15,085 [pool-383-thread-1] INFO  server.RaftServerConfigKeys (ConfUtils.java:logGet(43)) - raft.server.rpc.timeout.min = 5s (custom)
2019-10-10 04:48:15,086 [pool-423-thread-1] INFO  impl.RaftServerImpl (ServerState.java:<init>(103)) - 6db7a4a1-51e9-438a-a052-847cb3d97b14@group-82A70A2D3684: ConfigurationManager, init=-1: [84e93878-0fd6-451d-a14f-f78c8ed6dec7:192.168.164.237:41549, 90483036-9b36-46d1-b65a-0a23e6fe21eb:192.168.164.237:33835, 6db7a4a1-51e9-438a-a052-847cb3d97b14:192.168.164.237:45723], old=null, confs=<EMPTY_MAP>
2019-10-10 04:48:15,086 [pool-383-thread-1] INFO  server.RaftServerConfigKeys (ConfUtils.java:logGet(43)) - raft.server.rpc.timeout.max = 5200ms (custom)
2019-10-10 04:48:15,086 [pool-423-thread-1] INFO  server.RaftServerConfigKeys (ConfUtils.java:logGet(43)) - raft.server.storage.dir = [/workdir/hadoop-ozone/integration-test/target/test-dir/MiniOzoneClusterImpl-29206e1f-0a4b-4f87-b2b8-05e6105363df/datanode-4/data/ratis] (custom)
2019-10-10 04:48:15,086 [pool-383-thread-1] INFO  server.RaftServerConfigKeys (ConfUtils.java:logGet(43)) - raft.server.rpcslowness.timeout = 120s (custom)
2019-10-10 04:48:15,086 [pool-423-thread-1] INFO  server.RaftServerConfigKeys (ConfUtils.java:logGet(43)) - raft.server.log.corruption.policy = EXCEPTION (default)
2019-10-10 04:48:15,086 [pool-403-thread-1] INFO  impl.RaftServerImpl (RaftServerImpl.java:<init>(95)) - 84e93878-0fd6-451d-a14f-f78c8ed6dec7: new RaftServerImpl for group-82A70A2D3684:[84e93878-0fd6-451d-a14f-f78c8ed6dec7:192.168.164.237:41549, 90483036-9b36-46d1-b65a-0a23e6fe21eb:192.168.164.237:33835, 6db7a4a1-51e9-438a-a052-847cb3d97b14:192.168.164.237:45723] with ContainerStateMachine:uninitialized
2019-10-10 04:48:15,086 [pool-423-thread-1] INFO  storage.RaftStorageDirectory (RaftStorageDirectory.java:analyzeStorage(246)) - The storage directory /workdir/hadoop-ozone/integration-test/target/test-dir/MiniOzoneClusterImpl-29206e1f-0a4b-4f87-b2b8-05e6105363df/datanode-4/data/ratis/7165ce5c-f62e-4df8-a082-82a70a2d3684 does not exist. Creating ...
2019-10-10 04:48:15,086 [pool-383-thread-1] INFO  server.RaftServerConfigKeys (ConfUtils.java:logGet(43)) - raft.server.sleep.deviation.threshold = 300 (default)
2019-10-10 04:48:15,087 [pool-403-thread-1] INFO  server.RaftServerConfigKeys (ConfUtils.java:logGet(43)) - raft.server.rpc.timeout.min = 5s (custom)
2019-10-10 04:48:15,087 [pool-383-thread-1] INFO  server.RaftServerConfigKeys (ConfUtils.java:logGet(43)) - raft.server.log.appender.install.snapshot.enabled = false (custom)
2019-10-10 04:48:15,087 [pool-403-thread-1] INFO  server.RaftServerConfigKeys (ConfUtils.java:logGet(43)) - raft.server.rpc.timeout.max = 5200ms (custom)
2019-10-10 04:48:15,087 [pool-383-thread-1] INFO  impl.RaftServerImpl (ServerState.java:<init>(103)) - 90483036-9b36-46d1-b65a-0a23e6fe21eb@group-82A70A2D3684: ConfigurationManager, init=-1: [84e93878-0fd6-451d-a14f-f78c8ed6dec7:192.168.164.237:41549, 90483036-9b36-46d1-b65a-0a23e6fe21eb:192.168.164.237:33835, 6db7a4a1-51e9-438a-a052-847cb3d97b14:192.168.164.237:45723], old=null, confs=<EMPTY_MAP>
2019-10-10 04:48:15,087 [pool-403-thread-1] INFO  server.RaftServerConfigKeys (ConfUtils.java:logGet(43)) - raft.server.rpcslowness.timeout = 120s (custom)
2019-10-10 04:48:15,087 [pool-383-thread-1] INFO  server.RaftServerConfigKeys (ConfUtils.java:logGet(43)) - raft.server.storage.dir = [/workdir/hadoop-ozone/integration-test/target/test-dir/MiniOzoneClusterImpl-29206e1f-0a4b-4f87-b2b8-05e6105363df/datanode-0/data/ratis] (custom)
2019-10-10 04:48:15,087 [pool-403-thread-1] INFO  server.RaftServerConfigKeys (ConfUtils.java:logGet(43)) - raft.server.sleep.deviation.threshold = 300 (default)
2019-10-10 04:48:15,088 [pool-403-thread-1] INFO  server.RaftServerConfigKeys (ConfUtils.java:logGet(43)) - raft.server.log.appender.install.snapshot.enabled = false (custom)
2019-10-10 04:48:15,088 [pool-383-thread-1] INFO  server.RaftServerConfigKeys (ConfUtils.java:logGet(43)) - raft.server.log.corruption.policy = EXCEPTION (default)
2019-10-10 04:48:15,088 [pool-403-thread-1] INFO  impl.RaftServerImpl (ServerState.java:<init>(103)) - 84e93878-0fd6-451d-a14f-f78c8ed6dec7@group-82A70A2D3684: ConfigurationManager, init=-1: [84e93878-0fd6-451d-a14f-f78c8ed6dec7:192.168.164.237:41549, 90483036-9b36-46d1-b65a-0a23e6fe21eb:192.168.164.237:33835, 6db7a4a1-51e9-438a-a052-847cb3d97b14:192.168.164.237:45723], old=null, confs=<EMPTY_MAP>
2019-10-10 04:48:15,088 [pool-383-thread-1] INFO  storage.RaftStorageDirectory (RaftStorageDirectory.java:analyzeStorage(246)) - The storage directory /workdir/hadoop-ozone/integration-test/target/test-dir/MiniOzoneClusterImpl-29206e1f-0a4b-4f87-b2b8-05e6105363df/datanode-0/data/ratis/7165ce5c-f62e-4df8-a082-82a70a2d3684 does not exist. Creating ...
2019-10-10 04:48:15,088 [pool-403-thread-1] INFO  server.RaftServerConfigKeys (ConfUtils.java:logGet(43)) - raft.server.storage.dir = [/workdir/hadoop-ozone/integration-test/target/test-dir/MiniOzoneClusterImpl-29206e1f-0a4b-4f87-b2b8-05e6105363df/datanode-2/data/ratis] (custom)
2019-10-10 04:48:15,089 [pool-403-thread-1] INFO  server.RaftServerConfigKeys (ConfUtils.java:logGet(43)) - raft.server.log.corruption.policy = EXCEPTION (default)
2019-10-10 04:48:15,089 [pool-403-thread-1] INFO  storage.RaftStorageDirectory (RaftStorageDirectory.java:analyzeStorage(246)) - The storage directory /workdir/hadoop-ozone/integration-test/target/test-dir/MiniOzoneClusterImpl-29206e1f-0a4b-4f87-b2b8-05e6105363df/datanode-2/data/ratis/7165ce5c-f62e-4df8-a082-82a70a2d3684 does not exist. Creating ...
2019-10-10 04:48:15,111 [pool-383-thread-1] INFO  storage.RaftStorageDirectory (RaftStorageDirectory.java:tryLock(328)) - Lock on /workdir/hadoop-ozone/integration-test/target/test-dir/MiniOzoneClusterImpl-29206e1f-0a4b-4f87-b2b8-05e6105363df/datanode-0/data/ratis/7165ce5c-f62e-4df8-a082-82a70a2d3684/in_use.lock acquired by nodename 16053@pr-hdds-1986-sk52v-1870103574
2019-10-10 04:48:15,112 [pool-403-thread-1] INFO  storage.RaftStorageDirectory (RaftStorageDirectory.java:tryLock(328)) - Lock on /workdir/hadoop-ozone/integration-test/target/test-dir/MiniOzoneClusterImpl-29206e1f-0a4b-4f87-b2b8-05e6105363df/datanode-2/data/ratis/7165ce5c-f62e-4df8-a082-82a70a2d3684/in_use.lock acquired by nodename 16053@pr-hdds-1986-sk52v-1870103574
2019-10-10 04:48:15,111 [pool-423-thread-1] INFO  storage.RaftStorageDirectory (RaftStorageDirectory.java:tryLock(328)) - Lock on /workdir/hadoop-ozone/integration-test/target/test-dir/MiniOzoneClusterImpl-29206e1f-0a4b-4f87-b2b8-05e6105363df/datanode-4/data/ratis/7165ce5c-f62e-4df8-a082-82a70a2d3684/in_use.lock acquired by nodename 16053@pr-hdds-1986-sk52v-1870103574
2019-10-10 04:48:15,137 [pool-383-thread-1] INFO  storage.RaftStorage (RaftStorage.java:format(84)) - Storage directory /workdir/hadoop-ozone/integration-test/target/test-dir/MiniOzoneClusterImpl-29206e1f-0a4b-4f87-b2b8-05e6105363df/datanode-0/data/ratis/7165ce5c-f62e-4df8-a082-82a70a2d3684 has been successfully formatted.
2019-10-10 04:48:15,137 [pool-403-thread-1] INFO  storage.RaftStorage (RaftStorage.java:format(84)) - Storage directory /workdir/hadoop-ozone/integration-test/target/test-dir/MiniOzoneClusterImpl-29206e1f-0a4b-4f87-b2b8-05e6105363df/datanode-2/data/ratis/7165ce5c-f62e-4df8-a082-82a70a2d3684 has been successfully formatted.
2019-10-10 04:48:15,137 [pool-423-thread-1] INFO  storage.RaftStorage (RaftStorage.java:format(84)) - Storage directory /workdir/hadoop-ozone/integration-test/target/test-dir/MiniOzoneClusterImpl-29206e1f-0a4b-4f87-b2b8-05e6105363df/datanode-4/data/ratis/7165ce5c-f62e-4df8-a082-82a70a2d3684 has been successfully formatted.
2019-10-10 04:48:15,137 [pool-383-thread-1] INFO  ratis.ContainerStateMachine (ContainerStateMachine.java:loadSnapshot(230)) - group-82A70A2D3684: The snapshot info is null. Setting the last applied indexto:(t:0, i:~)
2019-10-10 04:48:15,138 [pool-423-thread-1] INFO  ratis.ContainerStateMachine (ContainerStateMachine.java:loadSnapshot(230)) - group-82A70A2D3684: The snapshot info is null. Setting the last applied indexto:(t:0, i:~)
2019-10-10 04:48:15,137 [pool-403-thread-1] INFO  ratis.ContainerStateMachine (ContainerStateMachine.java:loadSnapshot(230)) - group-82A70A2D3684: The snapshot info is null. Setting the last applied indexto:(t:0, i:~)
2019-10-10 04:48:15,138 [pool-423-thread-1] INFO  server.RaftServerConfigKeys (ConfUtils.java:logGet(43)) - raft.server.notification.no-leader.timeout = 120s (custom)
2019-10-10 04:48:15,138 [pool-383-thread-1] INFO  server.RaftServerConfigKeys (ConfUtils.java:logGet(43)) - raft.server.notification.no-leader.timeout = 120s (custom)
2019-10-10 04:48:15,138 [pool-423-thread-1] INFO  server.RaftServerConfigKeys (ConfUtils.java:logGet(43)) - raft.server.log.use.memory = false (default)
2019-10-10 04:48:15,138 [pool-403-thread-1] INFO  server.RaftServerConfigKeys (ConfUtils.java:logGet(43)) - raft.server.notification.no-leader.timeout = 120s (custom)
2019-10-10 04:48:15,138 [pool-423-thread-1] INFO  server.RaftServerConfigKeys (ConfUtils.java:logGet(43)) - raft.server.log.purge.gap = 1000000 (custom)
2019-10-10 04:48:15,138 [pool-383-thread-1] INFO  server.RaftServerConfigKeys (ConfUtils.java:logGet(43)) - raft.server.log.use.memory = false (default)
2019-10-10 04:48:15,138 [pool-423-thread-1] INFO  server.RaftServerConfigKeys (ConfUtils.java:logGet(43)) - raft.server.log.appender.buffer.byte-limit = 33554432 (custom)
2019-10-10 04:48:15,138 [pool-403-thread-1] INFO  server.RaftServerConfigKeys (ConfUtils.java:logGet(43)) - raft.server.log.use.memory = false (default)
2019-10-10 04:48:15,139 [pool-423-thread-1] INFO  server.RaftServerConfigKeys (ConfUtils.java:logGet(43)) - raft.server.log.segment.size.max = 1048576 (custom)
2019-10-10 04:48:15,139 [pool-383-thread-1] INFO  server.RaftServerConfigKeys (ConfUtils.java:logGet(43)) - raft.server.log.purge.gap = 1000000 (custom)
2019-10-10 04:48:15,139 [pool-423-thread-1] INFO  server.RaftServerConfigKeys (ConfUtils.java:logGet(43)) - raft.server.log.segment.cache.num.max = 2 (custom)
2019-10-10 04:48:15,139 [pool-403-thread-1] INFO  server.RaftServerConfigKeys (ConfUtils.java:logGet(43)) - raft.server.log.purge.gap = 1000000 (custom)
2019-10-10 04:48:15,139 [pool-423-thread-1] INFO  segmented.SegmentedRaftLogWorker (SegmentedRaftLogWorker.java:<init>(173)) - new 6db7a4a1-51e9-438a-a052-847cb3d97b14@group-82A70A2D3684-SegmentedRaftLogWorker for RaftStorage:Storage Directory /workdir/hadoop-ozone/integration-test/target/test-dir/MiniOzoneClusterImpl-29206e1f-0a4b-4f87-b2b8-05e6105363df/datanode-4/data/ratis/7165ce5c-f62e-4df8-a082-82a70a2d3684
2019-10-10 04:48:15,140 [pool-423-thread-1] INFO  server.RaftServerConfigKeys (ConfUtils.java:logGet(43)) - raft.server.log.queue.byte-limit = 2147483647 (custom)
2019-10-10 04:48:15,139 [pool-383-thread-1] INFO  server.RaftServerConfigKeys (ConfUtils.java:logGet(43)) - raft.server.log.appender.buffer.byte-limit = 33554432 (custom)
2019-10-10 04:48:15,140 [pool-423-thread-1] INFO  server.RaftServerConfigKeys (ConfUtils.java:logGet(43)) - raft.server.log.queue.element-limit = 1024 (custom)
2019-10-10 04:48:15,139 [pool-403-thread-1] INFO  server.RaftServerConfigKeys (ConfUtils.java:logGet(43)) - raft.server.log.appender.buffer.byte-limit = 33554432 (custom)
2019-10-10 04:48:15,140 [pool-423-thread-1] INFO  server.RaftServerConfigKeys (ConfUtils.java:logGet(43)) - raft.server.log.segment.size.max = 1048576 (custom)
2019-10-10 04:48:15,140 [pool-423-thread-1] INFO  server.RaftServerConfigKeys (ConfUtils.java:logGet(43)) - raft.server.log.preallocated.size = 16384 (custom)
2019-10-10 04:48:15,140 [pool-383-thread-1] INFO  server.RaftServerConfigKeys (ConfUtils.java:logGet(43)) - raft.server.log.segment.size.max = 1048576 (custom)
2019-10-10 04:48:15,140 [pool-423-thread-1] INFO  server.RaftServerConfigKeys (ConfUtils.java:logGet(43)) - raft.server.log.write.buffer.size = 33554432 (custom)
2019-10-10 04:48:15,140 [pool-403-thread-1] INFO  server.RaftServerConfigKeys (ConfUtils.java:logGet(43)) - raft.server.log.segment.size.max = 1048576 (custom)
2019-10-10 04:48:15,141 [pool-423-thread-1] INFO  server.RaftServerConfigKeys (ConfUtils.java:logGet(43)) - raft.server.log.force.sync.num = 128 (default)
2019-10-10 04:48:15,140 [pool-383-thread-1] INFO  server.RaftServerConfigKeys (ConfUtils.java:logGet(43)) - raft.server.log.segment.cache.num.max = 2 (custom)
2019-10-10 04:48:15,141 [pool-423-thread-1] INFO  server.RaftServerConfigKeys (ConfUtils.java:logGet(43)) - raft.server.log.statemachine.data.sync = true (default)
2019-10-10 04:48:15,141 [pool-403-thread-1] INFO  server.RaftServerConfigKeys (ConfUtils.java:logGet(43)) - raft.server.log.segment.cache.num.max = 2 (custom)
2019-10-10 04:48:15,141 [pool-423-thread-1] INFO  server.RaftServerConfigKeys (ConfUtils.java:logGet(43)) - raft.server.log.statemachine.data.sync.timeout = 10s (default)
2019-10-10 04:48:15,141 [pool-383-thread-1] INFO  segmented.SegmentedRaftLogWorker (SegmentedRaftLogWorker.java:<init>(173)) - new 90483036-9b36-46d1-b65a-0a23e6fe21eb@group-82A70A2D3684-SegmentedRaftLogWorker for RaftStorage:Storage Directory /workdir/hadoop-ozone/integration-test/target/test-dir/MiniOzoneClusterImpl-29206e1f-0a4b-4f87-b2b8-05e6105363df/datanode-0/data/ratis/7165ce5c-f62e-4df8-a082-82a70a2d3684
2019-10-10 04:48:15,142 [pool-423-thread-1] INFO  server.RaftServerConfigKeys (ConfUtils.java:logGet(43)) - raft.server.log.statemachine.data.sync.timeout.retry = -1 (default)
2019-10-10 04:48:15,142 [pool-403-thread-1] INFO  segmented.SegmentedRaftLogWorker (SegmentedRaftLogWorker.java:<init>(173)) - new 84e93878-0fd6-451d-a14f-f78c8ed6dec7@group-82A70A2D3684-SegmentedRaftLogWorker for RaftStorage:Storage Directory /workdir/hadoop-ozone/integration-test/target/test-dir/MiniOzoneClusterImpl-29206e1f-0a4b-4f87-b2b8-05e6105363df/datanode-2/data/ratis/7165ce5c-f62e-4df8-a082-82a70a2d3684
2019-10-10 04:48:15,142 [pool-423-thread-1] INFO  server.RaftServerConfigKeys (ConfUtils.java:logGet(43)) - raft.server.log.statemachine.data.caching.enabled = true (custom)
2019-10-10 04:48:15,142 [pool-383-thread-1] INFO  server.RaftServerConfigKeys (ConfUtils.java:logGet(43)) - raft.server.log.queue.byte-limit = 2147483647 (custom)
2019-10-10 04:48:15,142 [pool-403-thread-1] INFO  server.RaftServerConfigKeys (ConfUtils.java:logGet(43)) - raft.server.log.queue.byte-limit = 2147483647 (custom)
2019-10-10 04:48:15,142 [pool-423-thread-1] INFO  segmented.SegmentedRaftLogWorker (SegmentedRaftLogWorker.java:lambda$new$0(128)) - 6db7a4a1-51e9-438a-a052-847cb3d97b14@group-82A70A2D3684-SegmentedRaftLogWorker: flushIndex: setUnconditionally 0 -> -1
2019-10-10 04:48:15,142 [pool-383-thread-1] INFO  server.RaftServerConfigKeys (ConfUtils.java:logGet(43)) - raft.server.log.queue.element-limit = 1024 (custom)
2019-10-10 04:48:15,143 [pool-403-thread-1] INFO  server.RaftServerConfigKeys (ConfUtils.java:logGet(43)) - raft.server.log.queue.element-limit = 1024 (custom)
2019-10-10 04:48:15,143 [pool-383-thread-1] INFO  server.RaftServerConfigKeys (ConfUtils.java:logGet(43)) - raft.server.log.segment.size.max = 1048576 (custom)
2019-10-10 04:48:15,143 [pool-423-thread-1] INFO  server.RaftServerConfigKeys (ConfUtils.java:logGet(43)) - raft.server.snapshot.auto.trigger.enabled = true (custom)
2019-10-10 04:48:15,143 [pool-383-thread-1] INFO  server.RaftServerConfigKeys (ConfUtils.java:logGet(43)) - raft.server.log.preallocated.size = 16384 (custom)
2019-10-10 04:48:15,143 [pool-383-thread-1] INFO  server.RaftServerConfigKeys (ConfUtils.java:logGet(43)) - raft.server.log.write.buffer.size = 33554432 (custom)
2019-10-10 04:48:15,143 [pool-403-thread-1] INFO  server.RaftServerConfigKeys (ConfUtils.java:logGet(43)) - raft.server.log.segment.size.max = 1048576 (custom)
2019-10-10 04:48:15,143 [pool-383-thread-1] INFO  server.RaftServerConfigKeys (ConfUtils.java:logGet(43)) - raft.server.log.force.sync.num = 128 (default)
2019-10-10 04:48:15,143 [pool-423-thread-1] INFO  server.RaftServerConfigKeys (ConfUtils.java:logGet(43)) - raft.server.snapshot.auto.trigger.threshold = 10000 (custom)
2019-10-10 04:48:15,144 [pool-383-thread-1] INFO  server.RaftServerConfigKeys (ConfUtils.java:logGet(43)) - raft.server.log.statemachine.data.sync = true (default)
2019-10-10 04:48:15,144 [pool-403-thread-1] INFO  server.RaftServerConfigKeys (ConfUtils.java:logGet(43)) - raft.server.log.preallocated.size = 16384 (custom)
2019-10-10 04:48:15,144 [pool-383-thread-1] INFO  server.RaftServerConfigKeys (ConfUtils.java:logGet(43)) - raft.server.log.statemachine.data.sync.timeout = 10s (default)
2019-10-10 04:48:15,144 [pool-423-thread-1] INFO  server.RaftServerConfigKeys (ConfUtils.java:logGet(43)) - raft.server.snapshot.retention.file.num = 5 (custom)
2019-10-10 04:48:15,144 [pool-383-thread-1] INFO  server.RaftServerConfigKeys (ConfUtils.java:logGet(43)) - raft.server.log.statemachine.data.sync.timeout.retry = -1 (default)
2019-10-10 04:48:15,144 [pool-403-thread-1] INFO  server.RaftServerConfigKeys (ConfUtils.java:logGet(43)) - raft.server.log.write.buffer.size = 33554432 (custom)
2019-10-10 04:48:15,145 [pool-383-thread-1] INFO  server.RaftServerConfigKeys (ConfUtils.java:logGet(43)) - raft.server.log.statemachine.data.caching.enabled = true (custom)
2019-10-10 04:48:15,144 [pool-423-thread-1] INFO  server.RaftServerConfigKeys (ConfUtils.java:logGet(43)) - raft.server.retrycache.expirytime = 600000ms (custom)
2019-10-10 04:48:15,145 [pool-403-thread-1] INFO  server.RaftServerConfigKeys (ConfUtils.java:logGet(43)) - raft.server.log.force.sync.num = 128 (default)
2019-10-10 04:48:15,145 [pool-383-thread-1] INFO  segmented.SegmentedRaftLogWorker (SegmentedRaftLogWorker.java:lambda$new$0(128)) - 90483036-9b36-46d1-b65a-0a23e6fe21eb@group-82A70A2D3684-SegmentedRaftLogWorker: flushIndex: setUnconditionally 0 -> -1
2019-10-10 04:48:15,145 [pool-403-thread-1] INFO  server.RaftServerConfigKeys (ConfUtils.java:logGet(43)) - raft.server.log.statemachine.data.sync = true (default)
2019-10-10 04:48:15,145 [pool-383-thread-1] INFO  server.RaftServerConfigKeys (ConfUtils.java:logGet(43)) - raft.server.snapshot.auto.trigger.enabled = true (custom)
2019-10-10 04:48:15,145 [pool-403-thread-1] INFO  server.RaftServerConfigKeys (ConfUtils.java:logGet(43)) - raft.server.log.statemachine.data.sync.timeout = 10s (default)
2019-10-10 04:48:15,145 [pool-383-thread-1] INFO  server.RaftServerConfigKeys (ConfUtils.java:logGet(43)) - raft.server.snapshot.auto.trigger.threshold = 10000 (custom)
2019-10-10 04:48:15,146 [pool-403-thread-1] INFO  server.RaftServerConfigKeys (ConfUtils.java:logGet(43)) - raft.server.log.statemachine.data.sync.timeout.retry = -1 (default)
2019-10-10 04:48:15,146 [pool-383-thread-1] INFO  server.RaftServerConfigKeys (ConfUtils.java:logGet(43)) - raft.server.snapshot.retention.file.num = 5 (custom)
2019-10-10 04:48:15,146 [pool-403-thread-1] INFO  server.RaftServerConfigKeys (ConfUtils.java:logGet(43)) - raft.server.log.statemachine.data.caching.enabled = true (custom)
2019-10-10 04:48:15,146 [pool-383-thread-1] INFO  server.RaftServerConfigKeys (ConfUtils.java:logGet(43)) - raft.server.retrycache.expirytime = 600000ms (custom)
2019-10-10 04:48:15,146 [pool-403-thread-1] INFO  segmented.SegmentedRaftLogWorker (SegmentedRaftLogWorker.java:lambda$new$0(128)) - 84e93878-0fd6-451d-a14f-f78c8ed6dec7@group-82A70A2D3684-SegmentedRaftLogWorker: flushIndex: setUnconditionally 0 -> -1
2019-10-10 04:48:15,147 [pool-403-thread-1] INFO  server.RaftServerConfigKeys (ConfUtils.java:logGet(43)) - raft.server.snapshot.auto.trigger.enabled = true (custom)
2019-10-10 04:48:15,147 [pool-403-thread-1] INFO  server.RaftServerConfigKeys (ConfUtils.java:logGet(43)) - raft.server.snapshot.auto.trigger.threshold = 10000 (custom)
2019-10-10 04:48:15,147 [pool-403-thread-1] INFO  server.RaftServerConfigKeys (ConfUtils.java:logGet(43)) - raft.server.snapshot.retention.file.num = 5 (custom)
2019-10-10 04:48:15,147 [pool-403-thread-1] INFO  server.RaftServerConfigKeys (ConfUtils.java:logGet(43)) - raft.server.retrycache.expirytime = 600000ms (custom)
2019-10-10 04:48:15,147 [pool-423-thread-1] INFO  impl.RaftServerImpl (RaftServerImpl.java:start(181)) - 6db7a4a1-51e9-438a-a052-847cb3d97b14@group-82A70A2D3684: start as a follower, conf=-1: [84e93878-0fd6-451d-a14f-f78c8ed6dec7:192.168.164.237:41549, 90483036-9b36-46d1-b65a-0a23e6fe21eb:192.168.164.237:33835, 6db7a4a1-51e9-438a-a052-847cb3d97b14:192.168.164.237:45723], old=null
2019-10-10 04:48:15,147 [pool-423-thread-1] INFO  impl.RaftServerImpl (RaftServerImpl.java:setRole(170)) - 6db7a4a1-51e9-438a-a052-847cb3d97b14@group-82A70A2D3684: changes role from      null to FOLLOWER at term 0 for startAsFollower
2019-10-10 04:48:15,147 [pool-423-thread-1] INFO  impl.RoleInfo (RoleInfo.java:updateAndGet(143)) - 6db7a4a1-51e9-438a-a052-847cb3d97b14: start FollowerState
2019-10-10 04:48:15,148 [pool-423-thread-1] INFO  util.JmxRegister (JmxRegister.java:tryRegister(44)) - Successfully registered JMX Bean with object name Ratis:service=RaftServer,group=group-82A70A2D3684,id=6db7a4a1-51e9-438a-a052-847cb3d97b14
2019-10-10 04:48:15,149 [pool-383-thread-1] INFO  impl.RaftServerImpl (RaftServerImpl.java:start(181)) - 90483036-9b36-46d1-b65a-0a23e6fe21eb@group-82A70A2D3684: start as a follower, conf=-1: [84e93878-0fd6-451d-a14f-f78c8ed6dec7:192.168.164.237:41549, 90483036-9b36-46d1-b65a-0a23e6fe21eb:192.168.164.237:33835, 6db7a4a1-51e9-438a-a052-847cb3d97b14:192.168.164.237:45723], old=null
2019-10-10 04:48:15,149 [pool-383-thread-1] INFO  impl.RaftServerImpl (RaftServerImpl.java:setRole(170)) - 90483036-9b36-46d1-b65a-0a23e6fe21eb@group-82A70A2D3684: changes role from      null to FOLLOWER at term 0 for startAsFollower
2019-10-10 04:48:15,149 [pool-383-thread-1] INFO  impl.RoleInfo (RoleInfo.java:updateAndGet(143)) - 90483036-9b36-46d1-b65a-0a23e6fe21eb: start FollowerState
2019-10-10 04:48:15,149 [pool-383-thread-1] INFO  util.JmxRegister (JmxRegister.java:tryRegister(44)) - Successfully registered JMX Bean with object name Ratis:service=RaftServer,group=group-82A70A2D3684,id=90483036-9b36-46d1-b65a-0a23e6fe21eb
2019-10-10 04:48:15,150 [pool-403-thread-1] INFO  impl.RaftServerImpl (RaftServerImpl.java:start(181)) - 84e93878-0fd6-451d-a14f-f78c8ed6dec7@group-82A70A2D3684: start as a follower, conf=-1: [84e93878-0fd6-451d-a14f-f78c8ed6dec7:192.168.164.237:41549, 90483036-9b36-46d1-b65a-0a23e6fe21eb:192.168.164.237:33835, 6db7a4a1-51e9-438a-a052-847cb3d97b14:192.168.164.237:45723], old=null
2019-10-10 04:48:15,150 [pool-403-thread-1] INFO  impl.RaftServerImpl (RaftServerImpl.java:setRole(170)) - 84e93878-0fd6-451d-a14f-f78c8ed6dec7@group-82A70A2D3684: changes role from      null to FOLLOWER at term 0 for startAsFollower
2019-10-10 04:48:15,150 [pool-403-thread-1] INFO  impl.RoleInfo (RoleInfo.java:updateAndGet(143)) - 84e93878-0fd6-451d-a14f-f78c8ed6dec7: start FollowerState
2019-10-10 04:48:15,151 [pool-403-thread-1] INFO  util.JmxRegister (JmxRegister.java:tryRegister(44)) - Successfully registered JMX Bean with object name Ratis:service=RaftServer,group=group-82A70A2D3684,id=84e93878-0fd6-451d-a14f-f78c8ed6dec7
2019-10-10 04:48:15,155 [RatisPipelineUtilsThread] INFO  pipeline.PipelineStateManager (PipelineStateManager.java:addPipeline(56)) - Created pipeline Pipeline[ Id: 7165ce5c-f62e-4df8-a082-82a70a2d3684, Nodes: 90483036-9b36-46d1-b65a-0a23e6fe21eb{ip: 192.168.164.237, host: pr-hdds-1986-sk52v-1870103574, networkLocation: /default-rack, certSerialId: null}6db7a4a1-51e9-438a-a052-847cb3d97b14{ip: 192.168.164.237, host: pr-hdds-1986-sk52v-1870103574, networkLocation: /default-rack, certSerialId: null}84e93878-0fd6-451d-a14f-f78c8ed6dec7{ip: 192.168.164.237, host: pr-hdds-1986-sk52v-1870103574, networkLocation: /default-rack, certSerialId: null}, Type:RATIS, Factor:THREE, State:OPEN]
2019-10-10 04:48:15,880 [main] INFO  ozone.MiniOzoneClusterImpl (MiniOzoneClusterImpl.java:lambda$waitForClusterToBeReady$0(147)) - Cluster is ready. Got 7 of 7 DN Heartbeats.
2019-10-10 04:48:15,919 [main] INFO  rpc.RpcClient (RpcClient.java:createVolume(277)) - Creating Volume: watchforcommithandlingtest, with jenkins1000 as owner.
2019-10-10 04:48:15,922 [IPC Server handler 1 on 45107] INFO  volume.OMVolumeCreateRequest (OMVolumeCreateRequest.java:validateAndUpdateCache(193)) - created volume:watchforcommithandlingtest for user:jenkins1000
2019-10-10 04:48:16,110 [main] INFO  rpc.RpcClient (RpcClient.java:createBucket(416)) - Creating Bucket: watchforcommithandlingtest/watchforcommithandlingtest, with Versioning false and Storage Type set to DISK and Encryption set to false 
2019-10-10 04:48:16,122 [main] INFO  ozone.MiniOzoneClusterImpl (MiniOzoneClusterImpl.java:getStorageContainerLocationClient(234)) - Creating StorageContainerLocationProtocol RPC client with address /0.0.0.0:43743
2019-10-10 04:48:17,260 [Thread-2516] INFO  container.ReplicationManager (ReplicationManager.java:start(162)) - Starting Replication Monitor Thread.
2019-10-10 04:48:17,263 [ReplicationMonitor] INFO  container.ReplicationManager (ReplicationManager.java:run(225)) - Replication Monitor Thread took 1 milliseconds for processing 1 containers.
2019-10-10 04:48:19,342 [Thread-2518] INFO  impl.FollowerState (FollowerState.java:run(108)) - 90483036-9b36-46d1-b65a-0a23e6fe21eb@group-018D922EAFAA-FollowerState: change to CANDIDATE, lastRpcTime:5004ms, electionTimeout:5004ms
2019-10-10 04:48:19,343 [Thread-2518] INFO  impl.RoleInfo (RoleInfo.java:shutdownFollowerState(121)) - 90483036-9b36-46d1-b65a-0a23e6fe21eb: shutdown FollowerState
2019-10-10 04:48:19,343 [Thread-2518] INFO  impl.RaftServerImpl (RaftServerImpl.java:setRole(170)) - 90483036-9b36-46d1-b65a-0a23e6fe21eb@group-018D922EAFAA: changes role from  FOLLOWER to CANDIDATE at term 0 for changeToCandidate
2019-10-10 04:48:19,343 [Thread-2518] INFO  impl.RoleInfo (RoleInfo.java:updateAndGet(143)) - 90483036-9b36-46d1-b65a-0a23e6fe21eb: start LeaderElection
2019-10-10 04:48:19,388 [90483036-9b36-46d1-b65a-0a23e6fe21eb@group-018D922EAFAA-LeaderElection94] INFO  impl.LeaderElection (LeaderElection.java:askForVotes(178)) - 90483036-9b36-46d1-b65a-0a23e6fe21eb@group-018D922EAFAA-LeaderElection94: begin an election at term 1 for -1: [90483036-9b36-46d1-b65a-0a23e6fe21eb:192.168.164.237:33835], old=null
2019-10-10 04:48:19,388 [90483036-9b36-46d1-b65a-0a23e6fe21eb@group-018D922EAFAA-LeaderElection94] INFO  impl.RoleInfo (RoleInfo.java:shutdownLeaderElection(134)) - 90483036-9b36-46d1-b65a-0a23e6fe21eb: shutdown LeaderElection
2019-10-10 04:48:19,388 [90483036-9b36-46d1-b65a-0a23e6fe21eb@group-018D922EAFAA-LeaderElection94] INFO  impl.RaftServerImpl (RaftServerImpl.java:setRole(170)) - 90483036-9b36-46d1-b65a-0a23e6fe21eb@group-018D922EAFAA: changes role from CANDIDATE to LEADER at term 1 for changeToLeader
2019-10-10 04:48:19,389 [90483036-9b36-46d1-b65a-0a23e6fe21eb@group-018D922EAFAA-LeaderElection94] INFO  impl.RaftServerImpl (ServerState.java:setLeader(255)) - 90483036-9b36-46d1-b65a-0a23e6fe21eb@group-018D922EAFAA: change Leader from null to 90483036-9b36-46d1-b65a-0a23e6fe21eb at term 1 for becomeLeader, leader elected after 5058ms
2019-10-10 04:48:19,389 [90483036-9b36-46d1-b65a-0a23e6fe21eb@group-018D922EAFAA-LeaderElection94] INFO  server.RaftServerConfigKeys (ConfUtils.java:logGet(43)) - raft.server.staging.catchup.gap = 1000 (default)
2019-10-10 04:48:19,389 [90483036-9b36-46d1-b65a-0a23e6fe21eb@group-018D922EAFAA-LeaderElection94] INFO  server.RaftServerConfigKeys (ConfUtils.java:logGet(43)) - raft.server.rpc.sleep.time = 25ms (default)
2019-10-10 04:48:19,390 [90483036-9b36-46d1-b65a-0a23e6fe21eb@group-018D922EAFAA-LeaderElection94] INFO  server.RaftServerConfigKeys (ConfUtils.java:logGet(43)) - raft.server.write.element-limit = 4096 (default)
2019-10-10 04:48:19,390 [90483036-9b36-46d1-b65a-0a23e6fe21eb@group-018D922EAFAA-LeaderElection94] INFO  server.RaftServerConfigKeys (ConfUtils.java:logGet(43)) - raft.server.watch.timeout = 10s (default)
2019-10-10 04:48:19,390 [90483036-9b36-46d1-b65a-0a23e6fe21eb@group-018D922EAFAA-LeaderElection94] INFO  server.RaftServerConfigKeys (ConfUtils.java:logGet(43)) - raft.server.watch.timeout.denomination = 1s (default)
2019-10-10 04:48:19,390 [90483036-9b36-46d1-b65a-0a23e6fe21eb@group-018D922EAFAA-LeaderElection94] INFO  server.RaftServerConfigKeys (ConfUtils.java:logGet(43)) - raft.server.watch.element-limit = 65536 (default)
2019-10-10 04:48:19,393 [90483036-9b36-46d1-b65a-0a23e6fe21eb@group-018D922EAFAA-LeaderElection94] INFO  impl.RoleInfo (RoleInfo.java:updateAndGet(143)) - 90483036-9b36-46d1-b65a-0a23e6fe21eb: start LeaderState
2019-10-10 04:48:19,394 [90483036-9b36-46d1-b65a-0a23e6fe21eb@group-018D922EAFAA-LeaderElection94] INFO  segmented.SegmentedRaftLogWorker (SegmentedRaftLogWorker.java:startLogSegment(385)) - 90483036-9b36-46d1-b65a-0a23e6fe21eb@group-018D922EAFAA-SegmentedRaftLogWorker: Starting segment from index:0
2019-10-10 04:48:19,396 [90483036-9b36-46d1-b65a-0a23e6fe21eb@group-018D922EAFAA-LeaderElection94] INFO  impl.RaftServerImpl (ServerState.java:setRaftConf(356)) - 90483036-9b36-46d1-b65a-0a23e6fe21eb@group-018D922EAFAA: set configuration 0: [90483036-9b36-46d1-b65a-0a23e6fe21eb:192.168.164.237:33835], old=null at 0
2019-10-10 04:48:19,446 [90483036-9b36-46d1-b65a-0a23e6fe21eb@group-018D922EAFAA-SegmentedRaftLogWorker] INFO  segmented.SegmentedRaftLogWorker (SegmentedRaftLogWorker.java:execute(574)) - 90483036-9b36-46d1-b65a-0a23e6fe21eb@group-018D922EAFAA-SegmentedRaftLogWorker: created new log segment /workdir/hadoop-ozone/integration-test/target/test-dir/MiniOzoneClusterImpl-29206e1f-0a4b-4f87-b2b8-05e6105363df/datanode-0/data/ratis/abaf0c9d-a37b-409a-b72f-018d922eafaa/current/log_inprogress_0
2019-10-10 04:48:19,566 [Thread-2521] INFO  impl.FollowerState (FollowerState.java:run(108)) - 9307d918-563a-4d90-936f-500dbe71c0e2@group-B9381C6F39CC-FollowerState: change to CANDIDATE, lastRpcTime:5011ms, electionTimeout:5011ms
2019-10-10 04:48:19,567 [Thread-2521] INFO  impl.RoleInfo (RoleInfo.java:shutdownFollowerState(121)) - 9307d918-563a-4d90-936f-500dbe71c0e2: shutdown FollowerState
2019-10-10 04:48:19,567 [Thread-2521] INFO  impl.RaftServerImpl (RaftServerImpl.java:setRole(170)) - 9307d918-563a-4d90-936f-500dbe71c0e2@group-B9381C6F39CC: changes role from  FOLLOWER to CANDIDATE at term 0 for changeToCandidate
2019-10-10 04:48:19,567 [Thread-2521] INFO  impl.RoleInfo (RoleInfo.java:updateAndGet(143)) - 9307d918-563a-4d90-936f-500dbe71c0e2: start LeaderElection
2019-10-10 04:48:19,613 [9307d918-563a-4d90-936f-500dbe71c0e2@group-B9381C6F39CC-LeaderElection95] INFO  impl.LeaderElection (LeaderElection.java:askForVotes(178)) - 9307d918-563a-4d90-936f-500dbe71c0e2@group-B9381C6F39CC-LeaderElection95: begin an election at term 1 for -1: [9307d918-563a-4d90-936f-500dbe71c0e2:192.168.164.237:36463], old=null
2019-10-10 04:48:19,614 [9307d918-563a-4d90-936f-500dbe71c0e2@group-B9381C6F39CC-LeaderElection95] INFO  impl.RoleInfo (RoleInfo.java:shutdownLeaderElection(134)) - 9307d918-563a-4d90-936f-500dbe71c0e2: shutdown LeaderElection
2019-10-10 04:48:19,614 [9307d918-563a-4d90-936f-500dbe71c0e2@group-B9381C6F39CC-LeaderElection95] INFO  impl.RaftServerImpl (RaftServerImpl.java:setRole(170)) - 9307d918-563a-4d90-936f-500dbe71c0e2@group-B9381C6F39CC: changes role from CANDIDATE to LEADER at term 1 for changeToLeader
2019-10-10 04:48:19,614 [9307d918-563a-4d90-936f-500dbe71c0e2@group-B9381C6F39CC-LeaderElection95] INFO  impl.RaftServerImpl (ServerState.java:setLeader(255)) - 9307d918-563a-4d90-936f-500dbe71c0e2@group-B9381C6F39CC: change Leader from null to 9307d918-563a-4d90-936f-500dbe71c0e2 at term 1 for becomeLeader, leader elected after 5066ms
2019-10-10 04:48:19,614 [9307d918-563a-4d90-936f-500dbe71c0e2@group-B9381C6F39CC-LeaderElection95] INFO  server.RaftServerConfigKeys (ConfUtils.java:logGet(43)) - raft.server.staging.catchup.gap = 1000 (default)
2019-10-10 04:48:19,614 [9307d918-563a-4d90-936f-500dbe71c0e2@group-B9381C6F39CC-LeaderElection95] INFO  server.RaftServerConfigKeys (ConfUtils.java:logGet(43)) - raft.server.rpc.sleep.time = 25ms (default)
2019-10-10 04:48:19,615 [9307d918-563a-4d90-936f-500dbe71c0e2@group-B9381C6F39CC-LeaderElection95] INFO  server.RaftServerConfigKeys (ConfUtils.java:logGet(43)) - raft.server.write.element-limit = 4096 (default)
2019-10-10 04:48:19,615 [9307d918-563a-4d90-936f-500dbe71c0e2@group-B9381C6F39CC-LeaderElection95] INFO  server.RaftServerConfigKeys (ConfUtils.java:logGet(43)) - raft.server.watch.timeout = 10s (default)
2019-10-10 04:48:19,615 [9307d918-563a-4d90-936f-500dbe71c0e2@group-B9381C6F39CC-LeaderElection95] INFO  server.RaftServerConfigKeys (ConfUtils.java:logGet(43)) - raft.server.watch.timeout.denomination = 1s (default)
2019-10-10 04:48:19,615 [9307d918-563a-4d90-936f-500dbe71c0e2@group-B9381C6F39CC-LeaderElection95] INFO  server.RaftServerConfigKeys (ConfUtils.java:logGet(43)) - raft.server.watch.element-limit = 65536 (default)
2019-10-10 04:48:19,617 [9307d918-563a-4d90-936f-500dbe71c0e2@group-B9381C6F39CC-LeaderElection95] INFO  impl.RoleInfo (RoleInfo.java:updateAndGet(143)) - 9307d918-563a-4d90-936f-500dbe71c0e2: start LeaderState
2019-10-10 04:48:19,617 [9307d918-563a-4d90-936f-500dbe71c0e2@group-B9381C6F39CC-LeaderElection95] INFO  segmented.SegmentedRaftLogWorker (SegmentedRaftLogWorker.java:startLogSegment(385)) - 9307d918-563a-4d90-936f-500dbe71c0e2@group-B9381C6F39CC-SegmentedRaftLogWorker: Starting segment from index:0
2019-10-10 04:48:19,618 [9307d918-563a-4d90-936f-500dbe71c0e2@group-B9381C6F39CC-LeaderElection95] INFO  impl.RaftServerImpl (ServerState.java:setRaftConf(356)) - 9307d918-563a-4d90-936f-500dbe71c0e2@group-B9381C6F39CC: set configuration 0: [9307d918-563a-4d90-936f-500dbe71c0e2:192.168.164.237:36463], old=null at 0
2019-10-10 04:48:19,680 [9307d918-563a-4d90-936f-500dbe71c0e2@group-B9381C6F39CC-SegmentedRaftLogWorker] INFO  segmented.SegmentedRaftLogWorker (SegmentedRaftLogWorker.java:execute(574)) - 9307d918-563a-4d90-936f-500dbe71c0e2@group-B9381C6F39CC-SegmentedRaftLogWorker: created new log segment /workdir/hadoop-ozone/integration-test/target/test-dir/MiniOzoneClusterImpl-29206e1f-0a4b-4f87-b2b8-05e6105363df/datanode-1/data/ratis/cca80aaa-848f-4648-882e-b9381c6f39cc/current/log_inprogress_0
2019-10-10 04:48:19,741 [Thread-2527] INFO  impl.FollowerState (FollowerState.java:run(108)) - aca23d47-b808-4e01-8beb-f09838159148@group-188A032619ED-FollowerState: change to CANDIDATE, lastRpcTime:5004ms, electionTimeout:5004ms
2019-10-10 04:48:19,741 [Thread-2527] INFO  impl.RoleInfo (RoleInfo.java:shutdownFollowerState(121)) - aca23d47-b808-4e01-8beb-f09838159148: shutdown FollowerState
2019-10-10 04:48:19,741 [Thread-2527] INFO  impl.RaftServerImpl (RaftServerImpl.java:setRole(170)) - aca23d47-b808-4e01-8beb-f09838159148@group-188A032619ED: changes role from  FOLLOWER to CANDIDATE at term 0 for changeToCandidate
2019-10-10 04:48:19,742 [Thread-2527] INFO  impl.RoleInfo (RoleInfo.java:updateAndGet(143)) - aca23d47-b808-4e01-8beb-f09838159148: start LeaderElection
2019-10-10 04:48:19,789 [aca23d47-b808-4e01-8beb-f09838159148@group-188A032619ED-LeaderElection96] INFO  impl.LeaderElection (LeaderElection.java:askForVotes(178)) - aca23d47-b808-4e01-8beb-f09838159148@group-188A032619ED-LeaderElection96: begin an election at term 1 for -1: [aca23d47-b808-4e01-8beb-f09838159148:192.168.164.237:35028], old=null
2019-10-10 04:48:19,789 [aca23d47-b808-4e01-8beb-f09838159148@group-188A032619ED-LeaderElection96] INFO  impl.RoleInfo (RoleInfo.java:shutdownLeaderElection(134)) - aca23d47-b808-4e01-8beb-f09838159148: shutdown LeaderElection
2019-10-10 04:48:19,789 [aca23d47-b808-4e01-8beb-f09838159148@group-188A032619ED-LeaderElection96] INFO  impl.RaftServerImpl (RaftServerImpl.java:setRole(170)) - aca23d47-b808-4e01-8beb-f09838159148@group-188A032619ED: changes role from CANDIDATE to LEADER at term 1 for changeToLeader
2019-10-10 04:48:19,790 [aca23d47-b808-4e01-8beb-f09838159148@group-188A032619ED-LeaderElection96] INFO  impl.RaftServerImpl (ServerState.java:setLeader(255)) - aca23d47-b808-4e01-8beb-f09838159148@group-188A032619ED: change Leader from null to aca23d47-b808-4e01-8beb-f09838159148 at term 1 for becomeLeader, leader elected after 5057ms
2019-10-10 04:48:19,790 [aca23d47-b808-4e01-8beb-f09838159148@group-188A032619ED-LeaderElection96] INFO  server.RaftServerConfigKeys (ConfUtils.java:logGet(43)) - raft.server.staging.catchup.gap = 1000 (default)
2019-10-10 04:48:19,790 [aca23d47-b808-4e01-8beb-f09838159148@group-188A032619ED-LeaderElection96] INFO  server.RaftServerConfigKeys (ConfUtils.java:logGet(43)) - raft.server.rpc.sleep.time = 25ms (default)
2019-10-10 04:48:19,790 [aca23d47-b808-4e01-8beb-f09838159148@group-188A032619ED-LeaderElection96] INFO  server.RaftServerConfigKeys (ConfUtils.java:logGet(43)) - raft.server.write.element-limit = 4096 (default)
2019-10-10 04:48:19,790 [aca23d47-b808-4e01-8beb-f09838159148@group-188A032619ED-LeaderElection96] INFO  server.RaftServerConfigKeys (ConfUtils.java:logGet(43)) - raft.server.watch.timeout = 10s (default)
2019-10-10 04:48:19,790 [aca23d47-b808-4e01-8beb-f09838159148@group-188A032619ED-LeaderElection96] INFO  server.RaftServerConfigKeys (ConfUtils.java:logGet(43)) - raft.server.watch.timeout.denomination = 1s (default)
2019-10-10 04:48:19,790 [aca23d47-b808-4e01-8beb-f09838159148@group-188A032619ED-LeaderElection96] INFO  server.RaftServerConfigKeys (ConfUtils.java:logGet(43)) - raft.server.watch.element-limit = 65536 (default)
2019-10-10 04:48:19,793 [aca23d47-b808-4e01-8beb-f09838159148@group-188A032619ED-LeaderElection96] INFO  impl.RoleInfo (RoleInfo.java:updateAndGet(143)) - aca23d47-b808-4e01-8beb-f09838159148: start LeaderState
2019-10-10 04:48:19,793 [aca23d47-b808-4e01-8beb-f09838159148@group-188A032619ED-LeaderElection96] INFO  segmented.SegmentedRaftLogWorker (SegmentedRaftLogWorker.java:startLogSegment(385)) - aca23d47-b808-4e01-8beb-f09838159148@group-188A032619ED-SegmentedRaftLogWorker: Starting segment from index:0
2019-10-10 04:48:19,793 [aca23d47-b808-4e01-8beb-f09838159148@group-188A032619ED-LeaderElection96] INFO  impl.RaftServerImpl (ServerState.java:setRaftConf(356)) - aca23d47-b808-4e01-8beb-f09838159148@group-188A032619ED: set configuration 0: [aca23d47-b808-4e01-8beb-f09838159148:192.168.164.237:35028], old=null at 0
2019-10-10 04:48:19,833 [Thread-2530] INFO  impl.FollowerState (FollowerState.java:run(108)) - 6db7a4a1-51e9-438a-a052-847cb3d97b14@group-F25F12513831-FollowerState: change to CANDIDATE, lastRpcTime:5025ms, electionTimeout:5025ms
2019-10-10 04:48:19,833 [Thread-2530] INFO  impl.RoleInfo (RoleInfo.java:shutdownFollowerState(121)) - 6db7a4a1-51e9-438a-a052-847cb3d97b14: shutdown FollowerState
2019-10-10 04:48:19,833 [Thread-2530] INFO  impl.RaftServerImpl (RaftServerImpl.java:setRole(170)) - 6db7a4a1-51e9-438a-a052-847cb3d97b14@group-F25F12513831: changes role from  FOLLOWER to CANDIDATE at term 0 for changeToCandidate
2019-10-10 04:48:19,833 [Thread-2530] INFO  impl.RoleInfo (RoleInfo.java:updateAndGet(143)) - 6db7a4a1-51e9-438a-a052-847cb3d97b14: start LeaderElection
2019-10-10 04:48:19,842 [Thread-2524] INFO  impl.FollowerState (FollowerState.java:run(108)) - 84e93878-0fd6-451d-a14f-f78c8ed6dec7@group-51A30CD0358C-FollowerState: change to CANDIDATE, lastRpcTime:5187ms, electionTimeout:5182ms
2019-10-10 04:48:19,842 [Thread-2524] INFO  impl.RoleInfo (RoleInfo.java:shutdownFollowerState(121)) - 84e93878-0fd6-451d-a14f-f78c8ed6dec7: shutdown FollowerState
2019-10-10 04:48:19,842 [Thread-2524] INFO  impl.RaftServerImpl (RaftServerImpl.java:setRole(170)) - 84e93878-0fd6-451d-a14f-f78c8ed6dec7@group-51A30CD0358C: changes role from  FOLLOWER to CANDIDATE at term 0 for changeToCandidate
2019-10-10 04:48:19,842 [Thread-2524] INFO  impl.RoleInfo (RoleInfo.java:updateAndGet(143)) - 84e93878-0fd6-451d-a14f-f78c8ed6dec7: start LeaderElection
2019-10-10 04:48:19,873 [aca23d47-b808-4e01-8beb-f09838159148@group-188A032619ED-SegmentedRaftLogWorker] INFO  segmented.SegmentedRaftLogWorker (SegmentedRaftLogWorker.java:execute(574)) - aca23d47-b808-4e01-8beb-f09838159148@group-188A032619ED-SegmentedRaftLogWorker: created new log segment /workdir/hadoop-ozone/integration-test/target/test-dir/MiniOzoneClusterImpl-29206e1f-0a4b-4f87-b2b8-05e6105363df/datanode-3/data/ratis/2302d41f-ef0c-4053-b033-188a032619ed/current/log_inprogress_0
2019-10-10 04:48:19,873 [6db7a4a1-51e9-438a-a052-847cb3d97b14@group-F25F12513831-LeaderElection97] INFO  impl.LeaderElection (LeaderElection.java:askForVotes(178)) - 6db7a4a1-51e9-438a-a052-847cb3d97b14@group-F25F12513831-LeaderElection97: begin an election at term 1 for -1: [6db7a4a1-51e9-438a-a052-847cb3d97b14:192.168.164.237:45723], old=null
2019-10-10 04:48:19,873 [84e93878-0fd6-451d-a14f-f78c8ed6dec7@group-51A30CD0358C-LeaderElection98] INFO  impl.LeaderElection (LeaderElection.java:askForVotes(178)) - 84e93878-0fd6-451d-a14f-f78c8ed6dec7@group-51A30CD0358C-LeaderElection98: begin an election at term 1 for -1: [84e93878-0fd6-451d-a14f-f78c8ed6dec7:192.168.164.237:41549], old=null
2019-10-10 04:48:19,873 [6db7a4a1-51e9-438a-a052-847cb3d97b14@group-F25F12513831-LeaderElection97] INFO  impl.RoleInfo (RoleInfo.java:shutdownLeaderElection(134)) - 6db7a4a1-51e9-438a-a052-847cb3d97b14: shutdown LeaderElection
2019-10-10 04:48:19,873 [84e93878-0fd6-451d-a14f-f78c8ed6dec7@group-51A30CD0358C-LeaderElection98] INFO  impl.RoleInfo (RoleInfo.java:shutdownLeaderElection(134)) - 84e93878-0fd6-451d-a14f-f78c8ed6dec7: shutdown LeaderElection
2019-10-10 04:48:19,873 [6db7a4a1-51e9-438a-a052-847cb3d97b14@group-F25F12513831-LeaderElection97] INFO  impl.RaftServerImpl (RaftServerImpl.java:setRole(170)) - 6db7a4a1-51e9-438a-a052-847cb3d97b14@group-F25F12513831: changes role from CANDIDATE to LEADER at term 1 for changeToLeader
2019-10-10 04:48:19,873 [84e93878-0fd6-451d-a14f-f78c8ed6dec7@group-51A30CD0358C-LeaderElection98] INFO  impl.RaftServerImpl (RaftServerImpl.java:setRole(170)) - 84e93878-0fd6-451d-a14f-f78c8ed6dec7@group-51A30CD0358C: changes role from CANDIDATE to LEADER at term 1 for changeToLeader
2019-10-10 04:48:19,874 [84e93878-0fd6-451d-a14f-f78c8ed6dec7@group-51A30CD0358C-LeaderElection98] INFO  impl.RaftServerImpl (ServerState.java:setLeader(255)) - 84e93878-0fd6-451d-a14f-f78c8ed6dec7@group-51A30CD0358C: change Leader from null to 84e93878-0fd6-451d-a14f-f78c8ed6dec7 at term 1 for becomeLeader, leader elected after 5225ms
2019-10-10 04:48:19,874 [6db7a4a1-51e9-438a-a052-847cb3d97b14@group-F25F12513831-LeaderElection97] INFO  impl.RaftServerImpl (ServerState.java:setLeader(255)) - 6db7a4a1-51e9-438a-a052-847cb3d97b14@group-F25F12513831: change Leader from null to 6db7a4a1-51e9-438a-a052-847cb3d97b14 at term 1 for becomeLeader, leader elected after 5074ms
2019-10-10 04:48:19,874 [84e93878-0fd6-451d-a14f-f78c8ed6dec7@group-51A30CD0358C-LeaderElection98] INFO  server.RaftServerConfigKeys (ConfUtils.java:logGet(43)) - raft.server.staging.catchup.gap = 1000 (default)
2019-10-10 04:48:19,874 [6db7a4a1-51e9-438a-a052-847cb3d97b14@group-F25F12513831-LeaderElection97] INFO  server.RaftServerConfigKeys (ConfUtils.java:logGet(43)) - raft.server.staging.catchup.gap = 1000 (default)
2019-10-10 04:48:19,874 [84e93878-0fd6-451d-a14f-f78c8ed6dec7@group-51A30CD0358C-LeaderElection98] INFO  server.RaftServerConfigKeys (ConfUtils.java:logGet(43)) - raft.server.rpc.sleep.time = 25ms (default)
2019-10-10 04:48:19,874 [6db7a4a1-51e9-438a-a052-847cb3d97b14@group-F25F12513831-LeaderElection97] INFO  server.RaftServerConfigKeys (ConfUtils.java:logGet(43)) - raft.server.rpc.sleep.time = 25ms (default)
2019-10-10 04:48:19,874 [84e93878-0fd6-451d-a14f-f78c8ed6dec7@group-51A30CD0358C-LeaderElection98] INFO  server.RaftServerConfigKeys (ConfUtils.java:logGet(43)) - raft.server.write.element-limit = 4096 (default)
2019-10-10 04:48:19,875 [84e93878-0fd6-451d-a14f-f78c8ed6dec7@group-51A30CD0358C-LeaderElection98] INFO  server.RaftServerConfigKeys (ConfUtils.java:logGet(43)) - raft.server.watch.timeout = 10s (default)
2019-10-10 04:48:19,875 [6db7a4a1-51e9-438a-a052-847cb3d97b14@group-F25F12513831-LeaderElection97] INFO  server.RaftServerConfigKeys (ConfUtils.java:logGet(43)) - raft.server.write.element-limit = 4096 (default)
2019-10-10 04:48:19,875 [84e93878-0fd6-451d-a14f-f78c8ed6dec7@group-51A30CD0358C-LeaderElection98] INFO  server.RaftServerConfigKeys (ConfUtils.java:logGet(43)) - raft.server.watch.timeout.denomination = 1s (default)
2019-10-10 04:48:19,875 [6db7a4a1-51e9-438a-a052-847cb3d97b14@group-F25F12513831-LeaderElection97] INFO  server.RaftServerConfigKeys (ConfUtils.java:logGet(43)) - raft.server.watch.timeout = 10s (default)
2019-10-10 04:48:19,875 [84e93878-0fd6-451d-a14f-f78c8ed6dec7@group-51A30CD0358C-LeaderElection98] INFO  server.RaftServerConfigKeys (ConfUtils.java:logGet(43)) - raft.server.watch.element-limit = 65536 (default)
2019-10-10 04:48:19,875 [6db7a4a1-51e9-438a-a052-847cb3d97b14@group-F25F12513831-LeaderElection97] INFO  server.RaftServerConfigKeys (ConfUtils.java:logGet(43)) - raft.server.watch.timeout.denomination = 1s (default)
2019-10-10 04:48:19,876 [6db7a4a1-51e9-438a-a052-847cb3d97b14@group-F25F12513831-LeaderElection97] INFO  server.RaftServerConfigKeys (ConfUtils.java:logGet(43)) - raft.server.watch.element-limit = 65536 (default)
2019-10-10 04:48:19,878 [84e93878-0fd6-451d-a14f-f78c8ed6dec7@group-51A30CD0358C-LeaderElection98] INFO  impl.RoleInfo (RoleInfo.java:updateAndGet(143)) - 84e93878-0fd6-451d-a14f-f78c8ed6dec7: start LeaderState
2019-10-10 04:48:19,878 [84e93878-0fd6-451d-a14f-f78c8ed6dec7@group-51A30CD0358C-LeaderElection98] INFO  segmented.SegmentedRaftLogWorker (SegmentedRaftLogWorker.java:startLogSegment(385)) - 84e93878-0fd6-451d-a14f-f78c8ed6dec7@group-51A30CD0358C-SegmentedRaftLogWorker: Starting segment from index:0
2019-10-10 04:48:19,878 [84e93878-0fd6-451d-a14f-f78c8ed6dec7@group-51A30CD0358C-LeaderElection98] INFO  impl.RaftServerImpl (ServerState.java:setRaftConf(356)) - 84e93878-0fd6-451d-a14f-f78c8ed6dec7@group-51A30CD0358C: set configuration 0: [84e93878-0fd6-451d-a14f-f78c8ed6dec7:192.168.164.237:41549], old=null at 0
2019-10-10 04:48:19,879 [6db7a4a1-51e9-438a-a052-847cb3d97b14@group-F25F12513831-LeaderElection97] INFO  impl.RoleInfo (RoleInfo.java:updateAndGet(143)) - 6db7a4a1-51e9-438a-a052-847cb3d97b14: start LeaderState
2019-10-10 04:48:19,879 [6db7a4a1-51e9-438a-a052-847cb3d97b14@group-F25F12513831-LeaderElection97] INFO  segmented.SegmentedRaftLogWorker (SegmentedRaftLogWorker.java:startLogSegment(385)) - 6db7a4a1-51e9-438a-a052-847cb3d97b14@group-F25F12513831-SegmentedRaftLogWorker: Starting segment from index:0
2019-10-10 04:48:19,880 [6db7a4a1-51e9-438a-a052-847cb3d97b14@group-F25F12513831-LeaderElection97] INFO  impl.RaftServerImpl (ServerState.java:setRaftConf(356)) - 6db7a4a1-51e9-438a-a052-847cb3d97b14@group-F25F12513831: set configuration 0: [6db7a4a1-51e9-438a-a052-847cb3d97b14:192.168.164.237:45723], old=null at 0
2019-10-10 04:48:19,931 [84e93878-0fd6-451d-a14f-f78c8ed6dec7@group-51A30CD0358C-SegmentedRaftLogWorker] INFO  segmented.SegmentedRaftLogWorker (SegmentedRaftLogWorker.java:execute(574)) - 84e93878-0fd6-451d-a14f-f78c8ed6dec7@group-51A30CD0358C-SegmentedRaftLogWorker: created new log segment /workdir/hadoop-ozone/integration-test/target/test-dir/MiniOzoneClusterImpl-29206e1f-0a4b-4f87-b2b8-05e6105363df/datanode-2/data/ratis/aaf49d10-6062-4173-b93b-51a30cd0358c/current/log_inprogress_0
2019-10-10 04:48:19,957 [6db7a4a1-51e9-438a-a052-847cb3d97b14@group-F25F12513831-SegmentedRaftLogWorker] INFO  segmented.SegmentedRaftLogWorker (SegmentedRaftLogWorker.java:execute(574)) - 6db7a4a1-51e9-438a-a052-847cb3d97b14@group-F25F12513831-SegmentedRaftLogWorker: created new log segment /workdir/hadoop-ozone/integration-test/target/test-dir/MiniOzoneClusterImpl-29206e1f-0a4b-4f87-b2b8-05e6105363df/datanode-4/data/ratis/7c4201d1-873e-4724-88e0-f25f12513831/current/log_inprogress_0
2019-10-10 04:48:19,985 [Thread-2536] INFO  impl.FollowerState (FollowerState.java:run(108)) - 805999ba-0048-47d3-9f2e-f6a1bf829eaa@group-FCF9B176D762-FollowerState: change to CANDIDATE, lastRpcTime:5012ms, electionTimeout:5012ms
2019-10-10 04:48:19,986 [Thread-2536] INFO  impl.RoleInfo (RoleInfo.java:shutdownFollowerState(121)) - 805999ba-0048-47d3-9f2e-f6a1bf829eaa: shutdown FollowerState
2019-10-10 04:48:19,986 [Thread-2536] INFO  impl.RaftServerImpl (RaftServerImpl.java:setRole(170)) - 805999ba-0048-47d3-9f2e-f6a1bf829eaa@group-FCF9B176D762: changes role from  FOLLOWER to CANDIDATE at term 0 for changeToCandidate
2019-10-10 04:48:19,986 [Thread-2536] INFO  impl.RoleInfo (RoleInfo.java:updateAndGet(143)) - 805999ba-0048-47d3-9f2e-f6a1bf829eaa: start LeaderElection
2019-10-10 04:48:20,032 [805999ba-0048-47d3-9f2e-f6a1bf829eaa@group-FCF9B176D762-LeaderElection99] INFO  impl.LeaderElection (LeaderElection.java:askForVotes(178)) - 805999ba-0048-47d3-9f2e-f6a1bf829eaa@group-FCF9B176D762-LeaderElection99: begin an election at term 1 for -1: [805999ba-0048-47d3-9f2e-f6a1bf829eaa:192.168.164.237:37999], old=null
2019-10-10 04:48:20,032 [805999ba-0048-47d3-9f2e-f6a1bf829eaa@group-FCF9B176D762-LeaderElection99] INFO  impl.RoleInfo (RoleInfo.java:shutdownLeaderElection(134)) - 805999ba-0048-47d3-9f2e-f6a1bf829eaa: shutdown LeaderElection
2019-10-10 04:48:20,032 [805999ba-0048-47d3-9f2e-f6a1bf829eaa@group-FCF9B176D762-LeaderElection99] INFO  impl.RaftServerImpl (RaftServerImpl.java:setRole(170)) - 805999ba-0048-47d3-9f2e-f6a1bf829eaa@group-FCF9B176D762: changes role from CANDIDATE to LEADER at term 1 for changeToLeader
2019-10-10 04:48:20,032 [805999ba-0048-47d3-9f2e-f6a1bf829eaa@group-FCF9B176D762-LeaderElection99] INFO  impl.RaftServerImpl (ServerState.java:setLeader(255)) - 805999ba-0048-47d3-9f2e-f6a1bf829eaa@group-FCF9B176D762: change Leader from null to 805999ba-0048-47d3-9f2e-f6a1bf829eaa at term 1 for becomeLeader, leader elected after 5065ms
2019-10-10 04:48:20,032 [805999ba-0048-47d3-9f2e-f6a1bf829eaa@group-FCF9B176D762-LeaderElection99] INFO  server.RaftServerConfigKeys (ConfUtils.java:logGet(43)) - raft.server.staging.catchup.gap = 1000 (default)
2019-10-10 04:48:20,033 [805999ba-0048-47d3-9f2e-f6a1bf829eaa@group-FCF9B176D762-LeaderElection99] INFO  server.RaftServerConfigKeys (ConfUtils.java:logGet(43)) - raft.server.rpc.sleep.time = 25ms (default)
2019-10-10 04:48:20,033 [805999ba-0048-47d3-9f2e-f6a1bf829eaa@group-FCF9B176D762-LeaderElection99] INFO  server.RaftServerConfigKeys (ConfUtils.java:logGet(43)) - raft.server.write.element-limit = 4096 (default)
2019-10-10 04:48:20,033 [805999ba-0048-47d3-9f2e-f6a1bf829eaa@group-FCF9B176D762-LeaderElection99] INFO  server.RaftServerConfigKeys (ConfUtils.java:logGet(43)) - raft.server.watch.timeout = 10s (default)
2019-10-10 04:48:20,033 [805999ba-0048-47d3-9f2e-f6a1bf829eaa@group-FCF9B176D762-LeaderElection99] INFO  server.RaftServerConfigKeys (ConfUtils.java:logGet(43)) - raft.server.watch.timeout.denomination = 1s (default)
2019-10-10 04:48:20,033 [805999ba-0048-47d3-9f2e-f6a1bf829eaa@group-FCF9B176D762-LeaderElection99] INFO  server.RaftServerConfigKeys (ConfUtils.java:logGet(43)) - raft.server.watch.element-limit = 65536 (default)
2019-10-10 04:48:20,034 [805999ba-0048-47d3-9f2e-f6a1bf829eaa@group-FCF9B176D762-LeaderElection99] INFO  impl.RoleInfo (RoleInfo.java:updateAndGet(143)) - 805999ba-0048-47d3-9f2e-f6a1bf829eaa: start LeaderState
2019-10-10 04:48:20,035 [805999ba-0048-47d3-9f2e-f6a1bf829eaa@group-FCF9B176D762-LeaderElection99] INFO  segmented.SegmentedRaftLogWorker (SegmentedRaftLogWorker.java:startLogSegment(385)) - 805999ba-0048-47d3-9f2e-f6a1bf829eaa@group-FCF9B176D762-SegmentedRaftLogWorker: Starting segment from index:0
2019-10-10 04:48:20,035 [805999ba-0048-47d3-9f2e-f6a1bf829eaa@group-FCF9B176D762-LeaderElection99] INFO  impl.RaftServerImpl (ServerState.java:setRaftConf(356)) - 805999ba-0048-47d3-9f2e-f6a1bf829eaa@group-FCF9B176D762: set configuration 0: [805999ba-0048-47d3-9f2e-f6a1bf829eaa:192.168.164.237:37999], old=null at 0
2019-10-10 04:48:20,053 [Thread-2533] INFO  impl.FollowerState (FollowerState.java:run(108)) - 7b73df37-5ad1-4cbf-bfab-4fd2ac9b59eb@group-24BD443236B9-FollowerState: change to CANDIDATE, lastRpcTime:5163ms, electionTimeout:5163ms
2019-10-10 04:48:20,053 [Thread-2533] INFO  impl.RoleInfo (RoleInfo.java:shutdownFollowerState(121)) - 7b73df37-5ad1-4cbf-bfab-4fd2ac9b59eb: shutdown FollowerState
2019-10-10 04:48:20,053 [Thread-2533] INFO  impl.RaftServerImpl (RaftServerImpl.java:setRole(170)) - 7b73df37-5ad1-4cbf-bfab-4fd2ac9b59eb@group-24BD443236B9: changes role from  FOLLOWER to CANDIDATE at term 0 for changeToCandidate
2019-10-10 04:48:20,054 [Thread-2533] INFO  impl.RoleInfo (RoleInfo.java:updateAndGet(143)) - 7b73df37-5ad1-4cbf-bfab-4fd2ac9b59eb: start LeaderElection
2019-10-10 04:48:20,116 [805999ba-0048-47d3-9f2e-f6a1bf829eaa@group-FCF9B176D762-SegmentedRaftLogWorker] INFO  segmented.SegmentedRaftLogWorker (SegmentedRaftLogWorker.java:execute(574)) - 805999ba-0048-47d3-9f2e-f6a1bf829eaa@group-FCF9B176D762-SegmentedRaftLogWorker: created new log segment /workdir/hadoop-ozone/integration-test/target/test-dir/MiniOzoneClusterImpl-29206e1f-0a4b-4f87-b2b8-05e6105363df/datanode-6/data/ratis/58f67e00-6186-42c7-a0a3-fcf9b176d762/current/log_inprogress_0
2019-10-10 04:48:20,116 [7b73df37-5ad1-4cbf-bfab-4fd2ac9b59eb@group-24BD443236B9-LeaderElection100] INFO  impl.LeaderElection (LeaderElection.java:askForVotes(178)) - 7b73df37-5ad1-4cbf-bfab-4fd2ac9b59eb@group-24BD443236B9-LeaderElection100: begin an election at term 1 for -1: [7b73df37-5ad1-4cbf-bfab-4fd2ac9b59eb:192.168.164.237:38303], old=null
2019-10-10 04:48:20,116 [7b73df37-5ad1-4cbf-bfab-4fd2ac9b59eb@group-24BD443236B9-LeaderElection100] INFO  impl.RoleInfo (RoleInfo.java:shutdownLeaderElection(134)) - 7b73df37-5ad1-4cbf-bfab-4fd2ac9b59eb: shutdown LeaderElection
2019-10-10 04:48:20,116 [7b73df37-5ad1-4cbf-bfab-4fd2ac9b59eb@group-24BD443236B9-LeaderElection100] INFO  impl.RaftServerImpl (RaftServerImpl.java:setRole(170)) - 7b73df37-5ad1-4cbf-bfab-4fd2ac9b59eb@group-24BD443236B9: changes role from CANDIDATE to LEADER at term 1 for changeToLeader
2019-10-10 04:48:20,116 [7b73df37-5ad1-4cbf-bfab-4fd2ac9b59eb@group-24BD443236B9-LeaderElection100] INFO  impl.RaftServerImpl (ServerState.java:setLeader(255)) - 7b73df37-5ad1-4cbf-bfab-4fd2ac9b59eb@group-24BD443236B9: change Leader from null to 7b73df37-5ad1-4cbf-bfab-4fd2ac9b59eb at term 1 for becomeLeader, leader elected after 5232ms
2019-10-10 04:48:20,116 [7b73df37-5ad1-4cbf-bfab-4fd2ac9b59eb@group-24BD443236B9-LeaderElection100] INFO  server.RaftServerConfigKeys (ConfUtils.java:logGet(43)) - raft.server.staging.catchup.gap = 1000 (default)
2019-10-10 04:48:20,116 [7b73df37-5ad1-4cbf-bfab-4fd2ac9b59eb@group-24BD443236B9-LeaderElection100] INFO  server.RaftServerConfigKeys (ConfUtils.java:logGet(43)) - raft.server.rpc.sleep.time = 25ms (default)
2019-10-10 04:48:20,116 [7b73df37-5ad1-4cbf-bfab-4fd2ac9b59eb@group-24BD443236B9-LeaderElection100] INFO  server.RaftServerConfigKeys (ConfUtils.java:logGet(43)) - raft.server.write.element-limit = 4096 (default)
2019-10-10 04:48:20,117 [7b73df37-5ad1-4cbf-bfab-4fd2ac9b59eb@group-24BD443236B9-LeaderElection100] INFO  server.RaftServerConfigKeys (ConfUtils.java:logGet(43)) - raft.server.watch.timeout = 10s (default)
2019-10-10 04:48:20,117 [7b73df37-5ad1-4cbf-bfab-4fd2ac9b59eb@group-24BD443236B9-LeaderElection100] INFO  server.RaftServerConfigKeys (ConfUtils.java:logGet(43)) - raft.server.watch.timeout.denomination = 1s (default)
2019-10-10 04:48:20,117 [7b73df37-5ad1-4cbf-bfab-4fd2ac9b59eb@group-24BD443236B9-LeaderElection100] INFO  server.RaftServerConfigKeys (ConfUtils.java:logGet(43)) - raft.server.watch.element-limit = 65536 (default)
2019-10-10 04:48:20,118 [7b73df37-5ad1-4cbf-bfab-4fd2ac9b59eb@group-24BD443236B9-LeaderElection100] INFO  impl.RoleInfo (RoleInfo.java:updateAndGet(143)) - 7b73df37-5ad1-4cbf-bfab-4fd2ac9b59eb: start LeaderState
2019-10-10 04:48:20,119 [7b73df37-5ad1-4cbf-bfab-4fd2ac9b59eb@group-24BD443236B9-LeaderElection100] INFO  segmented.SegmentedRaftLogWorker (SegmentedRaftLogWorker.java:startLogSegment(385)) - 7b73df37-5ad1-4cbf-bfab-4fd2ac9b59eb@group-24BD443236B9-SegmentedRaftLogWorker: Starting segment from index:0
2019-10-10 04:48:20,119 [7b73df37-5ad1-4cbf-bfab-4fd2ac9b59eb@group-24BD443236B9-LeaderElection100] INFO  impl.RaftServerImpl (ServerState.java:setRaftConf(356)) - 7b73df37-5ad1-4cbf-bfab-4fd2ac9b59eb@group-24BD443236B9: set configuration 0: [7b73df37-5ad1-4cbf-bfab-4fd2ac9b59eb:192.168.164.237:38303], old=null at 0
2019-10-10 04:48:20,174 [7b73df37-5ad1-4cbf-bfab-4fd2ac9b59eb@group-24BD443236B9-SegmentedRaftLogWorker] INFO  segmented.SegmentedRaftLogWorker (SegmentedRaftLogWorker.java:execute(574)) - 7b73df37-5ad1-4cbf-bfab-4fd2ac9b59eb@group-24BD443236B9-SegmentedRaftLogWorker: created new log segment /workdir/hadoop-ozone/integration-test/target/test-dir/MiniOzoneClusterImpl-29206e1f-0a4b-4f87-b2b8-05e6105363df/datanode-5/data/ratis/3e4ce1b7-a49f-4794-8a70-24bd443236b9/current/log_inprogress_0
2019-10-10 04:48:20,206 [Thread-2543] INFO  impl.FollowerState (FollowerState.java:run(108)) - aca23d47-b808-4e01-8beb-f09838159148@group-0BF830A4BC65-FollowerState: change to CANDIDATE, lastRpcTime:5143ms, electionTimeout:5143ms
2019-10-10 04:48:20,207 [Thread-2543] INFO  impl.RoleInfo (RoleInfo.java:shutdownFollowerState(121)) - aca23d47-b808-4e01-8beb-f09838159148: shutdown FollowerState
2019-10-10 04:48:20,207 [Thread-2543] INFO  impl.RaftServerImpl (RaftServerImpl.java:setRole(170)) - aca23d47-b808-4e01-8beb-f09838159148@group-0BF830A4BC65: changes role from  FOLLOWER to CANDIDATE at term 0 for changeToCandidate
2019-10-10 04:48:20,207 [Thread-2543] INFO  impl.RoleInfo (RoleInfo.java:updateAndGet(143)) - aca23d47-b808-4e01-8beb-f09838159148: start LeaderElection
2019-10-10 04:48:20,212 [Thread-2539] INFO  impl.FollowerState (FollowerState.java:run(108)) - 7b73df37-5ad1-4cbf-bfab-4fd2ac9b59eb@group-0BF830A4BC65-FollowerState: change to CANDIDATE, lastRpcTime:5152ms, electionTimeout:5152ms
2019-10-10 04:48:20,213 [Thread-2539] INFO  impl.RoleInfo (RoleInfo.java:shutdownFollowerState(121)) - 7b73df37-5ad1-4cbf-bfab-4fd2ac9b59eb: shutdown FollowerState
2019-10-10 04:48:20,213 [Thread-2539] INFO  impl.RaftServerImpl (RaftServerImpl.java:setRole(170)) - 7b73df37-5ad1-4cbf-bfab-4fd2ac9b59eb@group-0BF830A4BC65: changes role from  FOLLOWER to CANDIDATE at term 0 for changeToCandidate
2019-10-10 04:48:20,213 [Thread-2539] INFO  impl.RoleInfo (RoleInfo.java:updateAndGet(143)) - 7b73df37-5ad1-4cbf-bfab-4fd2ac9b59eb: start LeaderElection
2019-10-10 04:48:20,233 [aca23d47-b808-4e01-8beb-f09838159148@group-0BF830A4BC65-LeaderElection101] INFO  impl.LeaderElection (LeaderElection.java:askForVotes(178)) - aca23d47-b808-4e01-8beb-f09838159148@group-0BF830A4BC65-LeaderElection101: begin an election at term 1 for -1: [7b73df37-5ad1-4cbf-bfab-4fd2ac9b59eb:192.168.164.237:38303, 9307d918-563a-4d90-936f-500dbe71c0e2:192.168.164.237:36463, aca23d47-b808-4e01-8beb-f09838159148:192.168.164.237:35028], old=null
2019-10-10 04:48:20,233 [7b73df37-5ad1-4cbf-bfab-4fd2ac9b59eb@group-0BF830A4BC65-LeaderElection102] INFO  impl.LeaderElection (LeaderElection.java:askForVotes(178)) - 7b73df37-5ad1-4cbf-bfab-4fd2ac9b59eb@group-0BF830A4BC65-LeaderElection102: begin an election at term 1 for -1: [7b73df37-5ad1-4cbf-bfab-4fd2ac9b59eb:192.168.164.237:38303, 9307d918-563a-4d90-936f-500dbe71c0e2:192.168.164.237:36463, aca23d47-b808-4e01-8beb-f09838159148:192.168.164.237:35028], old=null
2019-10-10 04:48:20,237 [grpc-default-executor-7] INFO  impl.RaftServerImpl (RaftServerImpl.java:setRole(170)) - 9307d918-563a-4d90-936f-500dbe71c0e2@group-0BF830A4BC65: changes role from  FOLLOWER to FOLLOWER at term 1 for recognizeCandidate:aca23d47-b808-4e01-8beb-f09838159148
2019-10-10 04:48:20,238 [grpc-default-executor-7] INFO  impl.RoleInfo (RoleInfo.java:shutdownFollowerState(121)) - 9307d918-563a-4d90-936f-500dbe71c0e2: shutdown FollowerState
2019-10-10 04:48:20,241 [grpc-default-executor-7] INFO  impl.RoleInfo (RoleInfo.java:updateAndGet(143)) - 9307d918-563a-4d90-936f-500dbe71c0e2: start FollowerState
2019-10-10 04:48:20,241 [Thread-2544] INFO  impl.FollowerState (FollowerState.java:run(117)) - 9307d918-563a-4d90-936f-500dbe71c0e2@group-0BF830A4BC65-FollowerState was interrupted: java.lang.InterruptedException: sleep interrupted
2019-10-10 04:48:20,258 [Thread-2551] INFO  impl.FollowerState (FollowerState.java:run(108)) - 90483036-9b36-46d1-b65a-0a23e6fe21eb@group-82A70A2D3684-FollowerState: change to CANDIDATE, lastRpcTime:5109ms, electionTimeout:5109ms
2019-10-10 04:48:20,258 [Thread-2551] INFO  impl.RoleInfo (RoleInfo.java:shutdownFollowerState(121)) - 90483036-9b36-46d1-b65a-0a23e6fe21eb: shutdown FollowerState
2019-10-10 04:48:20,258 [Thread-2551] INFO  impl.RaftServerImpl (RaftServerImpl.java:setRole(170)) - 90483036-9b36-46d1-b65a-0a23e6fe21eb@group-82A70A2D3684: changes role from  FOLLOWER to CANDIDATE at term 0 for changeToCandidate
2019-10-10 04:48:20,259 [Thread-2551] INFO  impl.RoleInfo (RoleInfo.java:updateAndGet(143)) - 90483036-9b36-46d1-b65a-0a23e6fe21eb: start LeaderElection
2019-10-10 04:48:20,265 [Thread-2550] INFO  impl.FollowerState (FollowerState.java:run(108)) - 6db7a4a1-51e9-438a-a052-847cb3d97b14@group-82A70A2D3684-FollowerState: change to CANDIDATE, lastRpcTime:5117ms, electionTimeout:5111ms
2019-10-10 04:48:20,265 [Thread-2550] INFO  impl.RoleInfo (RoleInfo.java:shutdownFollowerState(121)) - 6db7a4a1-51e9-438a-a052-847cb3d97b14: shutdown FollowerState
2019-10-10 04:48:20,265 [Thread-2550] INFO  impl.RaftServerImpl (RaftServerImpl.java:setRole(170)) - 6db7a4a1-51e9-438a-a052-847cb3d97b14@group-82A70A2D3684: changes role from  FOLLOWER to CANDIDATE at term 0 for changeToCandidate
2019-10-10 04:48:20,265 [Thread-2550] INFO  impl.RoleInfo (RoleInfo.java:updateAndGet(143)) - 6db7a4a1-51e9-438a-a052-847cb3d97b14: start LeaderElection
2019-10-10 04:48:20,271 [aca23d47-b808-4e01-8beb-f09838159148@group-0BF830A4BC65-LeaderElection101] INFO  impl.LeaderElection (LeaderElection.java:logAndReturn(56)) - aca23d47-b808-4e01-8beb-f09838159148@group-0BF830A4BC65-LeaderElection101: Election PASSED; received 2 response(s) [aca23d47-b808-4e01-8beb-f09838159148<-7b73df37-5ad1-4cbf-bfab-4fd2ac9b59eb#0:FAIL-t1, aca23d47-b808-4e01-8beb-f09838159148<-9307d918-563a-4d90-936f-500dbe71c0e2#0:OK-t1] and 0 exception(s); aca23d47-b808-4e01-8beb-f09838159148@group-0BF830A4BC65:t1, leader=null, voted=aca23d47-b808-4e01-8beb-f09838159148, raftlog=aca23d47-b808-4e01-8beb-f09838159148@group-0BF830A4BC65-SegmentedRaftLog:OPENED:c-1,f-1,i0, conf=-1: [7b73df37-5ad1-4cbf-bfab-4fd2ac9b59eb:192.168.164.237:38303, 9307d918-563a-4d90-936f-500dbe71c0e2:192.168.164.237:36463, aca23d47-b808-4e01-8beb-f09838159148:192.168.164.237:35028], old=null
2019-10-10 04:48:20,271 [7b73df37-5ad1-4cbf-bfab-4fd2ac9b59eb@group-0BF830A4BC65-LeaderElection102] INFO  impl.LeaderElection (LeaderElection.java:logAndReturn(56)) - 7b73df37-5ad1-4cbf-bfab-4fd2ac9b59eb@group-0BF830A4BC65-LeaderElection102: Election REJECTED; received 2 response(s) [7b73df37-5ad1-4cbf-bfab-4fd2ac9b59eb<-9307d918-563a-4d90-936f-500dbe71c0e2#0:FAIL-t1, 7b73df37-5ad1-4cbf-bfab-4fd2ac9b59eb<-aca23d47-b808-4e01-8beb-f09838159148#0:FAIL-t1] and 0 exception(s); 7b73df37-5ad1-4cbf-bfab-4fd2ac9b59eb@group-0BF830A4BC65:t1, leader=null, voted=7b73df37-5ad1-4cbf-bfab-4fd2ac9b59eb, raftlog=7b73df37-5ad1-4cbf-bfab-4fd2ac9b59eb@group-0BF830A4BC65-SegmentedRaftLog:OPENED:c-1,f-1,i0, conf=-1: [7b73df37-5ad1-4cbf-bfab-4fd2ac9b59eb:192.168.164.237:38303, 9307d918-563a-4d90-936f-500dbe71c0e2:192.168.164.237:36463, aca23d47-b808-4e01-8beb-f09838159148:192.168.164.237:35028], old=null
2019-10-10 04:48:20,271 [aca23d47-b808-4e01-8beb-f09838159148@group-0BF830A4BC65-LeaderElection101] INFO  impl.RoleInfo (RoleInfo.java:shutdownLeaderElection(134)) - aca23d47-b808-4e01-8beb-f09838159148: shutdown LeaderElection
2019-10-10 04:48:20,271 [7b73df37-5ad1-4cbf-bfab-4fd2ac9b59eb@group-0BF830A4BC65-LeaderElection102] INFO  impl.RaftServerImpl (RaftServerImpl.java:setRole(170)) - 7b73df37-5ad1-4cbf-bfab-4fd2ac9b59eb@group-0BF830A4BC65: changes role from CANDIDATE to FOLLOWER at term 1 for DISCOVERED_A_NEW_TERM
2019-10-10 04:48:20,271 [aca23d47-b808-4e01-8beb-f09838159148@group-0BF830A4BC65-LeaderElection101] INFO  impl.RaftServerImpl (RaftServerImpl.java:setRole(170)) - aca23d47-b808-4e01-8beb-f09838159148@group-0BF830A4BC65: changes role from CANDIDATE to LEADER at term 1 for changeToLeader
2019-10-10 04:48:20,272 [7b73df37-5ad1-4cbf-bfab-4fd2ac9b59eb@group-0BF830A4BC65-LeaderElection102] INFO  impl.RoleInfo (RoleInfo.java:shutdownLeaderElection(134)) - 7b73df37-5ad1-4cbf-bfab-4fd2ac9b59eb: shutdown LeaderElection
2019-10-10 04:48:20,272 [aca23d47-b808-4e01-8beb-f09838159148@group-0BF830A4BC65-LeaderElection101] INFO  impl.RaftServerImpl (ServerState.java:setLeader(255)) - aca23d47-b808-4e01-8beb-f09838159148@group-0BF830A4BC65: change Leader from null to aca23d47-b808-4e01-8beb-f09838159148 at term 1 for becomeLeader, leader elected after 5218ms
2019-10-10 04:48:20,272 [7b73df37-5ad1-4cbf-bfab-4fd2ac9b59eb@group-0BF830A4BC65-LeaderElection102] INFO  impl.RoleInfo (RoleInfo.java:updateAndGet(143)) - 7b73df37-5ad1-4cbf-bfab-4fd2ac9b59eb: start FollowerState
2019-10-10 04:48:20,272 [aca23d47-b808-4e01-8beb-f09838159148@group-0BF830A4BC65-LeaderElection101] INFO  server.RaftServerConfigKeys (ConfUtils.java:logGet(43)) - raft.server.staging.catchup.gap = 1000 (default)
2019-10-10 04:48:20,272 [aca23d47-b808-4e01-8beb-f09838159148@group-0BF830A4BC65-LeaderElection101] INFO  server.RaftServerConfigKeys (ConfUtils.java:logGet(43)) - raft.server.rpc.sleep.time = 25ms (default)
2019-10-10 04:48:20,272 [aca23d47-b808-4e01-8beb-f09838159148@group-0BF830A4BC65-LeaderElection101] INFO  server.RaftServerConfigKeys (ConfUtils.java:logGet(43)) - raft.server.write.element-limit = 4096 (default)
2019-10-10 04:48:20,272 [aca23d47-b808-4e01-8beb-f09838159148@group-0BF830A4BC65-LeaderElection101] INFO  server.RaftServerConfigKeys (ConfUtils.java:logGet(43)) - raft.server.watch.timeout = 10s (default)
2019-10-10 04:48:20,272 [aca23d47-b808-4e01-8beb-f09838159148@group-0BF830A4BC65-LeaderElection101] INFO  server.RaftServerConfigKeys (ConfUtils.java:logGet(43)) - raft.server.watch.timeout.denomination = 1s (default)
2019-10-10 04:48:20,272 [aca23d47-b808-4e01-8beb-f09838159148@group-0BF830A4BC65-LeaderElection101] INFO  server.RaftServerConfigKeys (ConfUtils.java:logGet(43)) - raft.server.watch.element-limit = 65536 (default)
2019-10-10 04:48:20,274 [aca23d47-b808-4e01-8beb-f09838159148@group-0BF830A4BC65-LeaderElection101] INFO  server.RaftServerConfigKeys (ConfUtils.java:logGet(43)) - raft.server.log.appender.snapshot.chunk.size.max = 16MB (=16777216) (default)
2019-10-10 04:48:20,274 [aca23d47-b808-4e01-8beb-f09838159148@group-0BF830A4BC65-LeaderElection101] INFO  server.RaftServerConfigKeys (ConfUtils.java:logGet(43)) - raft.server.log.appender.buffer.byte-limit = 33554432 (custom)
2019-10-10 04:48:20,274 [aca23d47-b808-4e01-8beb-f09838159148@group-0BF830A4BC65-LeaderElection101] INFO  server.RaftServerConfigKeys (ConfUtils.java:logGet(43)) - raft.server.log.appender.buffer.element-limit = 1 (custom)
2019-10-10 04:48:20,275 [aca23d47-b808-4e01-8beb-f09838159148@group-0BF830A4BC65-LeaderElection101] INFO  grpc.GrpcConfigKeys$Server (ConfUtils.java:logGet(43)) - raft.grpc.server.leader.outstanding.appends.max = 128 (default)
2019-10-10 04:48:20,275 [aca23d47-b808-4e01-8beb-f09838159148@group-0BF830A4BC65-LeaderElection101] INFO  server.RaftServerConfigKeys (ConfUtils.java:logGet(43)) - raft.server.rpc.request.timeout = 3000ms (default)
2019-10-10 04:48:20,275 [aca23d47-b808-4e01-8beb-f09838159148@group-0BF830A4BC65-LeaderElection101] INFO  server.RaftServerConfigKeys (ConfUtils.java:logGet(43)) - raft.server.log.appender.install.snapshot.enabled = false (custom)
2019-10-10 04:48:20,275 [aca23d47-b808-4e01-8beb-f09838159148@group-0BF830A4BC65-LeaderElection101] INFO  server.RaftServerConfigKeys (ConfUtils.java:logGet(43)) - raft.server.log.appender.snapshot.chunk.size.max = 16MB (=16777216) (default)
2019-10-10 04:48:20,275 [aca23d47-b808-4e01-8beb-f09838159148@group-0BF830A4BC65-LeaderElection101] INFO  server.RaftServerConfigKeys (ConfUtils.java:logGet(43)) - raft.server.log.appender.buffer.byte-limit = 33554432 (custom)
2019-10-10 04:48:20,275 [aca23d47-b808-4e01-8beb-f09838159148@group-0BF830A4BC65-LeaderElection101] INFO  server.RaftServerConfigKeys (ConfUtils.java:logGet(43)) - raft.server.log.appender.buffer.element-limit = 1 (custom)
2019-10-10 04:48:20,276 [aca23d47-b808-4e01-8beb-f09838159148@group-0BF830A4BC65-LeaderElection101] INFO  grpc.GrpcConfigKeys$Server (ConfUtils.java:logGet(43)) - raft.grpc.server.leader.outstanding.appends.max = 128 (default)
2019-10-10 04:48:20,276 [aca23d47-b808-4e01-8beb-f09838159148@group-0BF830A4BC65-LeaderElection101] INFO  server.RaftServerConfigKeys (ConfUtils.java:logGet(43)) - raft.server.rpc.request.timeout = 3000ms (default)
2019-10-10 04:48:20,276 [aca23d47-b808-4e01-8beb-f09838159148@group-0BF830A4BC65-LeaderElection101] INFO  server.RaftServerConfigKeys (ConfUtils.java:logGet(43)) - raft.server.log.appender.install.snapshot.enabled = false (custom)
2019-10-10 04:48:20,276 [aca23d47-b808-4e01-8beb-f09838159148@group-0BF830A4BC65-LeaderElection101] INFO  impl.RoleInfo (RoleInfo.java:updateAndGet(143)) - aca23d47-b808-4e01-8beb-f09838159148: start LeaderState
2019-10-10 04:48:20,276 [aca23d47-b808-4e01-8beb-f09838159148@group-0BF830A4BC65-LeaderElection101] INFO  segmented.SegmentedRaftLogWorker (SegmentedRaftLogWorker.java:startLogSegment(385)) - aca23d47-b808-4e01-8beb-f09838159148@group-0BF830A4BC65-SegmentedRaftLogWorker: Starting segment from index:0
2019-10-10 04:48:20,277 [aca23d47-b808-4e01-8beb-f09838159148@group-0BF830A4BC65-LeaderElection101] INFO  impl.RaftServerImpl (ServerState.java:setRaftConf(356)) - aca23d47-b808-4e01-8beb-f09838159148@group-0BF830A4BC65: set configuration 0: [7b73df37-5ad1-4cbf-bfab-4fd2ac9b59eb:192.168.164.237:38303, 9307d918-563a-4d90-936f-500dbe71c0e2:192.168.164.237:36463, aca23d47-b808-4e01-8beb-f09838159148:192.168.164.237:35028], old=null at 0
2019-10-10 04:48:20,302 [6db7a4a1-51e9-438a-a052-847cb3d97b14@group-82A70A2D3684-LeaderElection104] INFO  impl.LeaderElection (LeaderElection.java:askForVotes(178)) - 6db7a4a1-51e9-438a-a052-847cb3d97b14@group-82A70A2D3684-LeaderElection104: begin an election at term 1 for -1: [84e93878-0fd6-451d-a14f-f78c8ed6dec7:192.168.164.237:41549, 90483036-9b36-46d1-b65a-0a23e6fe21eb:192.168.164.237:33835, 6db7a4a1-51e9-438a-a052-847cb3d97b14:192.168.164.237:45723], old=null
2019-10-10 04:48:20,302 [90483036-9b36-46d1-b65a-0a23e6fe21eb@group-82A70A2D3684-LeaderElection103] INFO  impl.LeaderElection (LeaderElection.java:askForVotes(178)) - 90483036-9b36-46d1-b65a-0a23e6fe21eb@group-82A70A2D3684-LeaderElection103: begin an election at term 1 for -1: [84e93878-0fd6-451d-a14f-f78c8ed6dec7:192.168.164.237:41549, 90483036-9b36-46d1-b65a-0a23e6fe21eb:192.168.164.237:33835, 6db7a4a1-51e9-438a-a052-847cb3d97b14:192.168.164.237:45723], old=null
2019-10-10 04:48:20,302 [Thread-2552] INFO  impl.FollowerState (FollowerState.java:run(108)) - 84e93878-0fd6-451d-a14f-f78c8ed6dec7@group-82A70A2D3684-FollowerState: change to CANDIDATE, lastRpcTime:5151ms, electionTimeout:5130ms
2019-10-10 04:48:20,302 [Thread-2552] INFO  impl.RoleInfo (RoleInfo.java:shutdownFollowerState(121)) - 84e93878-0fd6-451d-a14f-f78c8ed6dec7: shutdown FollowerState
2019-10-10 04:48:20,303 [Thread-2552] INFO  impl.RaftServerImpl (RaftServerImpl.java:setRole(170)) - 84e93878-0fd6-451d-a14f-f78c8ed6dec7@group-82A70A2D3684: changes role from  FOLLOWER to CANDIDATE at term 0 for changeToCandidate
2019-10-10 04:48:20,303 [Thread-2552] INFO  impl.RoleInfo (RoleInfo.java:updateAndGet(143)) - 84e93878-0fd6-451d-a14f-f78c8ed6dec7: start LeaderElection
2019-10-10 04:48:20,310 [grpc-default-executor-1] INFO  impl.RaftServerImpl (ServerState.java:setLeader(255)) - 9307d918-563a-4d90-936f-500dbe71c0e2@group-0BF830A4BC65: change Leader from null to aca23d47-b808-4e01-8beb-f09838159148 at term 1 for appendEntries, leader elected after 5256ms
2019-10-10 04:48:20,314 [grpc-default-executor-1] INFO  impl.RaftServerImpl (ServerState.java:setLeader(255)) - 7b73df37-5ad1-4cbf-bfab-4fd2ac9b59eb@group-0BF830A4BC65: change Leader from null to aca23d47-b808-4e01-8beb-f09838159148 at term 1 for appendEntries, leader elected after 5260ms
2019-10-10 04:48:20,315 [grpc-default-executor-9] INFO  impl.RaftServerImpl (ServerState.java:setRaftConf(356)) - 9307d918-563a-4d90-936f-500dbe71c0e2@group-0BF830A4BC65: set configuration 0: [7b73df37-5ad1-4cbf-bfab-4fd2ac9b59eb:192.168.164.237:38303, 9307d918-563a-4d90-936f-500dbe71c0e2:192.168.164.237:36463, aca23d47-b808-4e01-8beb-f09838159148:192.168.164.237:35028], old=null at 0
2019-10-10 04:48:20,315 [grpc-default-executor-9] INFO  segmented.SegmentedRaftLogWorker (SegmentedRaftLogWorker.java:startLogSegment(385)) - 9307d918-563a-4d90-936f-500dbe71c0e2@group-0BF830A4BC65-SegmentedRaftLogWorker: Starting segment from index:0
2019-10-10 04:48:20,316 [grpc-default-executor-9] INFO  impl.RaftServerImpl (ServerState.java:setRaftConf(356)) - 7b73df37-5ad1-4cbf-bfab-4fd2ac9b59eb@group-0BF830A4BC65: set configuration 0: [7b73df37-5ad1-4cbf-bfab-4fd2ac9b59eb:192.168.164.237:38303, 9307d918-563a-4d90-936f-500dbe71c0e2:192.168.164.237:36463, aca23d47-b808-4e01-8beb-f09838159148:192.168.164.237:35028], old=null at 0
2019-10-10 04:48:20,316 [grpc-default-executor-9] INFO  segmented.SegmentedRaftLogWorker (SegmentedRaftLogWorker.java:startLogSegment(385)) - 7b73df37-5ad1-4cbf-bfab-4fd2ac9b59eb@group-0BF830A4BC65-SegmentedRaftLogWorker: Starting segment from index:0
2019-10-10 04:48:20,334 [aca23d47-b808-4e01-8beb-f09838159148@group-0BF830A4BC65-SegmentedRaftLogWorker] INFO  segmented.SegmentedRaftLogWorker (SegmentedRaftLogWorker.java:execute(574)) - aca23d47-b808-4e01-8beb-f09838159148@group-0BF830A4BC65-SegmentedRaftLogWorker: created new log segment /workdir/hadoop-ozone/integration-test/target/test-dir/MiniOzoneClusterImpl-29206e1f-0a4b-4f87-b2b8-05e6105363df/datanode-3/data/ratis/7f2ddf0e-b1ca-4d0e-888f-0bf830a4bc65/current/log_inprogress_0
2019-10-10 04:48:20,334 [84e93878-0fd6-451d-a14f-f78c8ed6dec7@group-82A70A2D3684-LeaderElection105] INFO  impl.LeaderElection (LeaderElection.java:askForVotes(178)) - 84e93878-0fd6-451d-a14f-f78c8ed6dec7@group-82A70A2D3684-LeaderElection105: begin an election at term 1 for -1: [84e93878-0fd6-451d-a14f-f78c8ed6dec7:192.168.164.237:41549, 90483036-9b36-46d1-b65a-0a23e6fe21eb:192.168.164.237:33835, 6db7a4a1-51e9-438a-a052-847cb3d97b14:192.168.164.237:45723], old=null
2019-10-10 04:48:20,335 [90483036-9b36-46d1-b65a-0a23e6fe21eb@group-82A70A2D3684-LeaderElection103] INFO  impl.LeaderElection (LeaderElection.java:logAndReturn(56)) - 90483036-9b36-46d1-b65a-0a23e6fe21eb@group-82A70A2D3684-LeaderElection103: Election REJECTED; received 2 response(s) [90483036-9b36-46d1-b65a-0a23e6fe21eb<-84e93878-0fd6-451d-a14f-f78c8ed6dec7#0:FAIL-t1, 90483036-9b36-46d1-b65a-0a23e6fe21eb<-6db7a4a1-51e9-438a-a052-847cb3d97b14#0:FAIL-t1] and 0 exception(s); 90483036-9b36-46d1-b65a-0a23e6fe21eb@group-82A70A2D3684:t1, leader=null, voted=90483036-9b36-46d1-b65a-0a23e6fe21eb, raftlog=90483036-9b36-46d1-b65a-0a23e6fe21eb@group-82A70A2D3684-SegmentedRaftLog:OPENED:c-1,f-1,i0, conf=-1: [84e93878-0fd6-451d-a14f-f78c8ed6dec7:192.168.164.237:41549, 90483036-9b36-46d1-b65a-0a23e6fe21eb:192.168.164.237:33835, 6db7a4a1-51e9-438a-a052-847cb3d97b14:192.168.164.237:45723], old=null
2019-10-10 04:48:20,335 [6db7a4a1-51e9-438a-a052-847cb3d97b14@group-82A70A2D3684-LeaderElection104] INFO  impl.LeaderElection (LeaderElection.java:logAndReturn(56)) - 6db7a4a1-51e9-438a-a052-847cb3d97b14@group-82A70A2D3684-LeaderElection104: Election REJECTED; received 2 response(s) [6db7a4a1-51e9-438a-a052-847cb3d97b14<-84e93878-0fd6-451d-a14f-f78c8ed6dec7#0:FAIL-t1, 6db7a4a1-51e9-438a-a052-847cb3d97b14<-90483036-9b36-46d1-b65a-0a23e6fe21eb#0:FAIL-t1] and 0 exception(s); 6db7a4a1-51e9-438a-a052-847cb3d97b14@group-82A70A2D3684:t1, leader=null, voted=6db7a4a1-51e9-438a-a052-847cb3d97b14, raftlog=6db7a4a1-51e9-438a-a052-847cb3d97b14@group-82A70A2D3684-SegmentedRaftLog:OPENED:c-1,f-1,i0, conf=-1: [84e93878-0fd6-451d-a14f-f78c8ed6dec7:192.168.164.237:41549, 90483036-9b36-46d1-b65a-0a23e6fe21eb:192.168.164.237:33835, 6db7a4a1-51e9-438a-a052-847cb3d97b14:192.168.164.237:45723], old=null
2019-10-10 04:48:20,335 [90483036-9b36-46d1-b65a-0a23e6fe21eb@group-82A70A2D3684-LeaderElection103] INFO  impl.RaftServerImpl (RaftServerImpl.java:setRole(170)) - 90483036-9b36-46d1-b65a-0a23e6fe21eb@group-82A70A2D3684: changes role from CANDIDATE to FOLLOWER at term 1 for DISCOVERED_A_NEW_TERM
2019-10-10 04:48:20,336 [6db7a4a1-51e9-438a-a052-847cb3d97b14@group-82A70A2D3684-LeaderElection104] INFO  impl.RaftServerImpl (RaftServerImpl.java:setRole(170)) - 6db7a4a1-51e9-438a-a052-847cb3d97b14@group-82A70A2D3684: changes role from CANDIDATE to FOLLOWER at term 1 for DISCOVERED_A_NEW_TERM
2019-10-10 04:48:20,336 [90483036-9b36-46d1-b65a-0a23e6fe21eb@group-82A70A2D3684-LeaderElection103] INFO  impl.RoleInfo (RoleInfo.java:shutdownLeaderElection(134)) - 90483036-9b36-46d1-b65a-0a23e6fe21eb: shutdown LeaderElection
2019-10-10 04:48:20,336 [6db7a4a1-51e9-438a-a052-847cb3d97b14@group-82A70A2D3684-LeaderElection104] INFO  impl.RoleInfo (RoleInfo.java:shutdownLeaderElection(134)) - 6db7a4a1-51e9-438a-a052-847cb3d97b14: shutdown LeaderElection
2019-10-10 04:48:20,336 [90483036-9b36-46d1-b65a-0a23e6fe21eb@group-82A70A2D3684-LeaderElection103] INFO  impl.RoleInfo (RoleInfo.java:updateAndGet(143)) - 90483036-9b36-46d1-b65a-0a23e6fe21eb: start FollowerState
2019-10-10 04:48:20,336 [6db7a4a1-51e9-438a-a052-847cb3d97b14@group-82A70A2D3684-LeaderElection104] INFO  impl.RoleInfo (RoleInfo.java:updateAndGet(143)) - 6db7a4a1-51e9-438a-a052-847cb3d97b14: start FollowerState
2019-10-10 04:48:20,338 [84e93878-0fd6-451d-a14f-f78c8ed6dec7@group-82A70A2D3684-LeaderElection105] INFO  impl.LeaderElection (LeaderElection.java:logAndReturn(56)) - 84e93878-0fd6-451d-a14f-f78c8ed6dec7@group-82A70A2D3684-LeaderElection105: Election REJECTED; received 2 response(s) [84e93878-0fd6-451d-a14f-f78c8ed6dec7<-90483036-9b36-46d1-b65a-0a23e6fe21eb#0:FAIL-t1, 84e93878-0fd6-451d-a14f-f78c8ed6dec7<-6db7a4a1-51e9-438a-a052-847cb3d97b14#0:FAIL-t1] and 0 exception(s); 84e93878-0fd6-451d-a14f-f78c8ed6dec7@group-82A70A2D3684:t1, leader=null, voted=84e93878-0fd6-451d-a14f-f78c8ed6dec7, raftlog=84e93878-0fd6-451d-a14f-f78c8ed6dec7@group-82A70A2D3684-SegmentedRaftLog:OPENED:c-1,f-1,i0, conf=-1: [84e93878-0fd6-451d-a14f-f78c8ed6dec7:192.168.164.237:41549, 90483036-9b36-46d1-b65a-0a23e6fe21eb:192.168.164.237:33835, 6db7a4a1-51e9-438a-a052-847cb3d97b14:192.168.164.237:45723], old=null
2019-10-10 04:48:20,338 [84e93878-0fd6-451d-a14f-f78c8ed6dec7@group-82A70A2D3684-LeaderElection105] INFO  impl.RaftServerImpl (RaftServerImpl.java:setRole(170)) - 84e93878-0fd6-451d-a14f-f78c8ed6dec7@group-82A70A2D3684: changes role from CANDIDATE to FOLLOWER at term 1 for DISCOVERED_A_NEW_TERM
2019-10-10 04:48:20,338 [84e93878-0fd6-451d-a14f-f78c8ed6dec7@group-82A70A2D3684-LeaderElection105] INFO  impl.RoleInfo (RoleInfo.java:shutdownLeaderElection(134)) - 84e93878-0fd6-451d-a14f-f78c8ed6dec7: shutdown LeaderElection
2019-10-10 04:48:20,339 [84e93878-0fd6-451d-a14f-f78c8ed6dec7@group-82A70A2D3684-LeaderElection105] INFO  impl.RoleInfo (RoleInfo.java:updateAndGet(143)) - 84e93878-0fd6-451d-a14f-f78c8ed6dec7: start FollowerState
2019-10-10 04:48:20,385 [9307d918-563a-4d90-936f-500dbe71c0e2@group-0BF830A4BC65-SegmentedRaftLogWorker] INFO  segmented.SegmentedRaftLogWorker (SegmentedRaftLogWorker.java:execute(574)) - 9307d918-563a-4d90-936f-500dbe71c0e2@group-0BF830A4BC65-SegmentedRaftLogWorker: created new log segment /workdir/hadoop-ozone/integration-test/target/test-dir/MiniOzoneClusterImpl-29206e1f-0a4b-4f87-b2b8-05e6105363df/datanode-1/data/ratis/7f2ddf0e-b1ca-4d0e-888f-0bf830a4bc65/current/log_inprogress_0
2019-10-10 04:48:20,385 [7b73df37-5ad1-4cbf-bfab-4fd2ac9b59eb@group-0BF830A4BC65-SegmentedRaftLogWorker] INFO  segmented.SegmentedRaftLogWorker (SegmentedRaftLogWorker.java:execute(574)) - 7b73df37-5ad1-4cbf-bfab-4fd2ac9b59eb@group-0BF830A4BC65-SegmentedRaftLogWorker: created new log segment /workdir/hadoop-ozone/integration-test/target/test-dir/MiniOzoneClusterImpl-29206e1f-0a4b-4f87-b2b8-05e6105363df/datanode-5/data/ratis/7f2ddf0e-b1ca-4d0e-888f-0bf830a4bc65/current/log_inprogress_0
2019-10-10 04:48:25,337 [Thread-2614] INFO  impl.FollowerState (FollowerState.java:run(108)) - 90483036-9b36-46d1-b65a-0a23e6fe21eb@group-82A70A2D3684-FollowerState: change to CANDIDATE, lastRpcTime:5000ms, electionTimeout:5000ms
2019-10-10 04:48:25,337 [Thread-2614] INFO  impl.RoleInfo (RoleInfo.java:shutdownFollowerState(121)) - 90483036-9b36-46d1-b65a-0a23e6fe21eb: shutdown FollowerState
2019-10-10 04:48:25,337 [Thread-2614] INFO  impl.RaftServerImpl (RaftServerImpl.java:setRole(170)) - 90483036-9b36-46d1-b65a-0a23e6fe21eb@group-82A70A2D3684: changes role from  FOLLOWER to CANDIDATE at term 1 for changeToCandidate
2019-10-10 04:48:25,337 [Thread-2614] INFO  impl.RoleInfo (RoleInfo.java:updateAndGet(143)) - 90483036-9b36-46d1-b65a-0a23e6fe21eb: start LeaderElection
2019-10-10 04:48:25,385 [java.util.concurrent.ThreadPoolExecutor$Worker@53d9eb5d[State = -1, empty queue]] ERROR client.GrpcClientProtocolClient (GrpcClientProtocolClient.java:close(148)) - Unexpected exception while waiting for channel termination
java.lang.InterruptedException
	at java.util.concurrent.locks.AbstractQueuedSynchronizer.tryAcquireSharedNanos(AbstractQueuedSynchronizer.java:1326)
	at java.util.concurrent.CountDownLatch.await(CountDownLatch.java:277)
	at org.apache.ratis.thirdparty.io.grpc.internal.ManagedChannelImpl.awaitTermination(ManagedChannelImpl.java:763)
	at org.apache.ratis.thirdparty.io.grpc.internal.ForwardingManagedChannel.awaitTermination(ForwardingManagedChannel.java:57)
	at org.apache.ratis.thirdparty.io.grpc.internal.ManagedChannelOrphanWrapper.awaitTermination(ManagedChannelOrphanWrapper.java:70)
	at org.apache.ratis.grpc.client.GrpcClientProtocolClient.close(GrpcClientProtocolClient.java:146)
	at org.apache.ratis.util.PeerProxyMap$PeerAndProxy.lambda$close$1(PeerProxyMap.java:74)
	at org.apache.ratis.util.LifeCycle.lambda$checkStateAndClose$2(LifeCycle.java:231)
	at org.apache.ratis.util.LifeCycle.checkStateAndClose(LifeCycle.java:251)
	at org.apache.ratis.util.LifeCycle.checkStateAndClose(LifeCycle.java:229)
	at org.apache.ratis.util.PeerProxyMap$PeerAndProxy.close(PeerProxyMap.java:70)
	at org.apache.ratis.util.PeerProxyMap.resetProxy(PeerProxyMap.java:127)
	at org.apache.ratis.util.PeerProxyMap.handleException(PeerProxyMap.java:136)
	at org.apache.ratis.client.impl.RaftClientRpcWithProxy.handleException(RaftClientRpcWithProxy.java:47)
	at org.apache.ratis.client.impl.RaftClientImpl.handleIOException(RaftClientImpl.java:372)
	at org.apache.ratis.client.impl.OrderedAsync.lambda$sendRequest$10(OrderedAsync.java:236)
	at java.util.concurrent.CompletableFuture.uniExceptionally(CompletableFuture.java:870)
	at java.util.concurrent.CompletableFuture$UniExceptionally.tryFire(CompletableFuture.java:852)
	at java.util.concurrent.CompletableFuture.postComplete(CompletableFuture.java:474)
	at java.util.concurrent.CompletableFuture.completeExceptionally(CompletableFuture.java:1977)
	at org.apache.ratis.grpc.client.GrpcClientProtocolClient$AsyncStreamObservers.lambda$timeoutCheck$3(GrpcClientProtocolClient.java:324)
	at java.util.Optional.ifPresent(Optional.java:159)
	at org.apache.ratis.grpc.client.GrpcClientProtocolClient$AsyncStreamObservers.handleReplyFuture(GrpcClientProtocolClient.java:329)
	at org.apache.ratis.grpc.client.GrpcClientProtocolClient$AsyncStreamObservers.timeoutCheck(GrpcClientProtocolClient.java:324)
	at org.apache.ratis.grpc.client.GrpcClientProtocolClient$AsyncStreamObservers.lambda$onNext$1(GrpcClientProtocolClient.java:318)
	at org.apache.ratis.util.TimeoutScheduler.lambda$onTimeout$0(TimeoutScheduler.java:113)
	at org.apache.ratis.util.TimeoutScheduler.lambda$onTimeout$1(TimeoutScheduler.java:133)
	at org.apache.ratis.util.LogUtils.runAndLog(LogUtils.java:50)
	at org.apache.ratis.util.LogUtils$1.run(LogUtils.java:91)
	at java.util.concurrent.Executors$RunnableAdapter.call(Executors.java:511)
	at java.util.concurrent.FutureTask.run(FutureTask.java:266)
	at java.util.concurrent.ScheduledThreadPoolExecutor$ScheduledFutureTask.access$201(ScheduledThreadPoolExecutor.java:180)
	at java.util.concurrent.ScheduledThreadPoolExecutor$ScheduledFutureTask.run(ScheduledThreadPoolExecutor.java:293)
	at java.util.concurrent.ThreadPoolExecutor.runWorker(ThreadPoolExecutor.java:1149)
	at java.util.concurrent.ThreadPoolExecutor$Worker.run(ThreadPoolExecutor.java:624)
	at java.lang.Thread.run(Thread.java:748)
2019-10-10 04:48:25,389 [java.util.concurrent.ThreadPoolExecutor$Worker@53d9eb5d[State = -1, empty queue]] WARN  util.TimeoutScheduler (LogUtils.java:runAndLog(55)) - Failed to task #0: java.lang.NullPointerException
2019-10-10 04:48:25,496 [Thread-2615] INFO  impl.FollowerState (FollowerState.java:run(108)) - 6db7a4a1-51e9-438a-a052-847cb3d97b14@group-82A70A2D3684-FollowerState: change to CANDIDATE, lastRpcTime:5159ms, electionTimeout:5159ms
2019-10-10 04:48:25,496 [Thread-2615] INFO  impl.RoleInfo (RoleInfo.java:shutdownFollowerState(121)) - 6db7a4a1-51e9-438a-a052-847cb3d97b14: shutdown FollowerState
2019-10-10 04:48:25,496 [Thread-2615] INFO  impl.RaftServerImpl (RaftServerImpl.java:setRole(170)) - 6db7a4a1-51e9-438a-a052-847cb3d97b14@group-82A70A2D3684: changes role from  FOLLOWER to CANDIDATE at term 1 for changeToCandidate
2019-10-10 04:48:25,496 [Thread-2615] INFO  impl.RoleInfo (RoleInfo.java:updateAndGet(143)) - 6db7a4a1-51e9-438a-a052-847cb3d97b14: start LeaderElection
2019-10-10 04:48:25,527 [Thread-2617] INFO  impl.FollowerState (FollowerState.java:run(108)) - 84e93878-0fd6-451d-a14f-f78c8ed6dec7@group-82A70A2D3684-FollowerState: change to CANDIDATE, lastRpcTime:5188ms, electionTimeout:5188ms
2019-10-10 04:48:25,527 [Thread-2617] INFO  impl.RoleInfo (RoleInfo.java:shutdownFollowerState(121)) - 84e93878-0fd6-451d-a14f-f78c8ed6dec7: shutdown FollowerState
2019-10-10 04:48:25,527 [Thread-2617] INFO  impl.RaftServerImpl (RaftServerImpl.java:setRole(170)) - 84e93878-0fd6-451d-a14f-f78c8ed6dec7@group-82A70A2D3684: changes role from  FOLLOWER to CANDIDATE at term 1 for changeToCandidate
2019-10-10 04:48:25,527 [Thread-2617] INFO  impl.RoleInfo (RoleInfo.java:updateAndGet(143)) - 84e93878-0fd6-451d-a14f-f78c8ed6dec7: start LeaderElection
2019-10-10 04:48:25,701 [84e93878-0fd6-451d-a14f-f78c8ed6dec7@group-82A70A2D3684-LeaderElection108] INFO  impl.LeaderElection (LeaderElection.java:askForVotes(178)) - 84e93878-0fd6-451d-a14f-f78c8ed6dec7@group-82A70A2D3684-LeaderElection108: begin an election at term 2 for -1: [84e93878-0fd6-451d-a14f-f78c8ed6dec7:192.168.164.237:41549, 90483036-9b36-46d1-b65a-0a23e6fe21eb:192.168.164.237:33835, 6db7a4a1-51e9-438a-a052-847cb3d97b14:192.168.164.237:45723], old=null
2019-10-10 04:48:25,701 [90483036-9b36-46d1-b65a-0a23e6fe21eb@group-82A70A2D3684-LeaderElection106] INFO  impl.LeaderElection (LeaderElection.java:askForVotes(178)) - 90483036-9b36-46d1-b65a-0a23e6fe21eb@group-82A70A2D3684-LeaderElection106: begin an election at term 2 for -1: [84e93878-0fd6-451d-a14f-f78c8ed6dec7:192.168.164.237:41549, 90483036-9b36-46d1-b65a-0a23e6fe21eb:192.168.164.237:33835, 6db7a4a1-51e9-438a-a052-847cb3d97b14:192.168.164.237:45723], old=null
2019-10-10 04:48:25,701 [6db7a4a1-51e9-438a-a052-847cb3d97b14@group-82A70A2D3684-LeaderElection107] INFO  impl.LeaderElection (LeaderElection.java:askForVotes(178)) - 6db7a4a1-51e9-438a-a052-847cb3d97b14@group-82A70A2D3684-LeaderElection107: begin an election at term 2 for -1: [84e93878-0fd6-451d-a14f-f78c8ed6dec7:192.168.164.237:41549, 90483036-9b36-46d1-b65a-0a23e6fe21eb:192.168.164.237:33835, 6db7a4a1-51e9-438a-a052-847cb3d97b14:192.168.164.237:45723], old=null
2019-10-10 04:48:25,705 [84e93878-0fd6-451d-a14f-f78c8ed6dec7@group-82A70A2D3684-LeaderElection108] INFO  impl.LeaderElection (LeaderElection.java:logAndReturn(56)) - 84e93878-0fd6-451d-a14f-f78c8ed6dec7@group-82A70A2D3684-LeaderElection108: Election REJECTED; received 2 response(s) [84e93878-0fd6-451d-a14f-f78c8ed6dec7<-90483036-9b36-46d1-b65a-0a23e6fe21eb#0:FAIL-t2, 84e93878-0fd6-451d-a14f-f78c8ed6dec7<-6db7a4a1-51e9-438a-a052-847cb3d97b14#0:FAIL-t2] and 0 exception(s); 84e93878-0fd6-451d-a14f-f78c8ed6dec7@group-82A70A2D3684:t2, leader=null, voted=84e93878-0fd6-451d-a14f-f78c8ed6dec7, raftlog=84e93878-0fd6-451d-a14f-f78c8ed6dec7@group-82A70A2D3684-SegmentedRaftLog:OPENED:c-1,f-1,i0, conf=-1: [84e93878-0fd6-451d-a14f-f78c8ed6dec7:192.168.164.237:41549, 90483036-9b36-46d1-b65a-0a23e6fe21eb:192.168.164.237:33835, 6db7a4a1-51e9-438a-a052-847cb3d97b14:192.168.164.237:45723], old=null
2019-10-10 04:48:25,705 [6db7a4a1-51e9-438a-a052-847cb3d97b14@group-82A70A2D3684-LeaderElection107] INFO  impl.LeaderElection (LeaderElection.java:logAndReturn(56)) - 6db7a4a1-51e9-438a-a052-847cb3d97b14@group-82A70A2D3684-LeaderElection107: Election REJECTED; received 2 response(s) [6db7a4a1-51e9-438a-a052-847cb3d97b14<-84e93878-0fd6-451d-a14f-f78c8ed6dec7#0:FAIL-t2, 6db7a4a1-51e9-438a-a052-847cb3d97b14<-90483036-9b36-46d1-b65a-0a23e6fe21eb#0:FAIL-t2] and 0 exception(s); 6db7a4a1-51e9-438a-a052-847cb3d97b14@group-82A70A2D3684:t2, leader=null, voted=6db7a4a1-51e9-438a-a052-847cb3d97b14, raftlog=6db7a4a1-51e9-438a-a052-847cb3d97b14@group-82A70A2D3684-SegmentedRaftLog:OPENED:c-1,f-1,i0, conf=-1: [84e93878-0fd6-451d-a14f-f78c8ed6dec7:192.168.164.237:41549, 90483036-9b36-46d1-b65a-0a23e6fe21eb:192.168.164.237:33835, 6db7a4a1-51e9-438a-a052-847cb3d97b14:192.168.164.237:45723], old=null
2019-10-10 04:48:25,705 [84e93878-0fd6-451d-a14f-f78c8ed6dec7@group-82A70A2D3684-LeaderElection108] INFO  impl.RaftServerImpl (RaftServerImpl.java:setRole(170)) - 84e93878-0fd6-451d-a14f-f78c8ed6dec7@group-82A70A2D3684: changes role from CANDIDATE to FOLLOWER at term 2 for DISCOVERED_A_NEW_TERM
2019-10-10 04:48:25,706 [90483036-9b36-46d1-b65a-0a23e6fe21eb@group-82A70A2D3684-LeaderElection106] INFO  impl.LeaderElection (LeaderElection.java:logAndReturn(56)) - 90483036-9b36-46d1-b65a-0a23e6fe21eb@group-82A70A2D3684-LeaderElection106: Election REJECTED; received 2 response(s) [90483036-9b36-46d1-b65a-0a23e6fe21eb<-84e93878-0fd6-451d-a14f-f78c8ed6dec7#0:FAIL-t2, 90483036-9b36-46d1-b65a-0a23e6fe21eb<-6db7a4a1-51e9-438a-a052-847cb3d97b14#0:FAIL-t2] and 0 exception(s); 90483036-9b36-46d1-b65a-0a23e6fe21eb@group-82A70A2D3684:t2, leader=null, voted=90483036-9b36-46d1-b65a-0a23e6fe21eb, raftlog=90483036-9b36-46d1-b65a-0a23e6fe21eb@group-82A70A2D3684-SegmentedRaftLog:OPENED:c-1,f-1,i0, conf=-1: [84e93878-0fd6-451d-a14f-f78c8ed6dec7:192.168.164.237:41549, 90483036-9b36-46d1-b65a-0a23e6fe21eb:192.168.164.237:33835, 6db7a4a1-51e9-438a-a052-847cb3d97b14:192.168.164.237:45723], old=null
2019-10-10 04:48:25,706 [6db7a4a1-51e9-438a-a052-847cb3d97b14@group-82A70A2D3684-LeaderElection107] INFO  impl.RaftServerImpl (RaftServerImpl.java:setRole(170)) - 6db7a4a1-51e9-438a-a052-847cb3d97b14@group-82A70A2D3684: changes role from CANDIDATE to FOLLOWER at term 2 for DISCOVERED_A_NEW_TERM
2019-10-10 04:48:25,706 [90483036-9b36-46d1-b65a-0a23e6fe21eb@group-82A70A2D3684-LeaderElection106] INFO  impl.RaftServerImpl (RaftServerImpl.java:setRole(170)) - 90483036-9b36-46d1-b65a-0a23e6fe21eb@group-82A70A2D3684: changes role from CANDIDATE to FOLLOWER at term 2 for DISCOVERED_A_NEW_TERM
2019-10-10 04:48:25,706 [84e93878-0fd6-451d-a14f-f78c8ed6dec7@group-82A70A2D3684-LeaderElection108] INFO  impl.RoleInfo (RoleInfo.java:shutdownLeaderElection(134)) - 84e93878-0fd6-451d-a14f-f78c8ed6dec7: shutdown LeaderElection
2019-10-10 04:48:25,706 [90483036-9b36-46d1-b65a-0a23e6fe21eb@group-82A70A2D3684-LeaderElection106] INFO  impl.RoleInfo (RoleInfo.java:shutdownLeaderElection(134)) - 90483036-9b36-46d1-b65a-0a23e6fe21eb: shutdown LeaderElection
2019-10-10 04:48:25,706 [6db7a4a1-51e9-438a-a052-847cb3d97b14@group-82A70A2D3684-LeaderElection107] INFO  impl.RoleInfo (RoleInfo.java:shutdownLeaderElection(134)) - 6db7a4a1-51e9-438a-a052-847cb3d97b14: shutdown LeaderElection
2019-10-10 04:48:25,707 [90483036-9b36-46d1-b65a-0a23e6fe21eb@group-82A70A2D3684-LeaderElection106] INFO  impl.RoleInfo (RoleInfo.java:updateAndGet(143)) - 90483036-9b36-46d1-b65a-0a23e6fe21eb: start FollowerState
2019-10-10 04:48:25,707 [84e93878-0fd6-451d-a14f-f78c8ed6dec7@group-82A70A2D3684-LeaderElection108] INFO  impl.RoleInfo (RoleInfo.java:updateAndGet(143)) - 84e93878-0fd6-451d-a14f-f78c8ed6dec7: start FollowerState
2019-10-10 04:48:25,707 [6db7a4a1-51e9-438a-a052-847cb3d97b14@group-82A70A2D3684-LeaderElection107] INFO  impl.RoleInfo (RoleInfo.java:updateAndGet(143)) - 6db7a4a1-51e9-438a-a052-847cb3d97b14: start FollowerState
2019-10-10 04:48:26,856 [Datanode State Machine Thread - 0] INFO  statemachine.DatanodeStateMachine (DatanodeStateMachine.java:lambda$startDaemon$0(350)) - Ozone container server started.
2019-10-10 04:48:30,814 [Thread-2650] INFO  impl.FollowerState (FollowerState.java:run(108)) - 6db7a4a1-51e9-438a-a052-847cb3d97b14@group-82A70A2D3684-FollowerState: change to CANDIDATE, lastRpcTime:5106ms, electionTimeout:5106ms
2019-10-10 04:48:30,815 [Thread-2650] INFO  impl.RoleInfo (RoleInfo.java:shutdownFollowerState(121)) - 6db7a4a1-51e9-438a-a052-847cb3d97b14: shutdown FollowerState
2019-10-10 04:48:30,815 [Thread-2650] INFO  impl.RaftServerImpl (RaftServerImpl.java:setRole(170)) - 6db7a4a1-51e9-438a-a052-847cb3d97b14@group-82A70A2D3684: changes role from  FOLLOWER to CANDIDATE at term 2 for changeToCandidate
2019-10-10 04:48:30,816 [Thread-2650] INFO  impl.RoleInfo (RoleInfo.java:updateAndGet(143)) - 6db7a4a1-51e9-438a-a052-847cb3d97b14: start LeaderElection
2019-10-10 04:48:30,865 [Thread-2649] INFO  impl.FollowerState (FollowerState.java:run(108)) - 90483036-9b36-46d1-b65a-0a23e6fe21eb@group-82A70A2D3684-FollowerState: change to CANDIDATE, lastRpcTime:5157ms, electionTimeout:5157ms
2019-10-10 04:48:30,865 [Thread-2649] INFO  impl.RoleInfo (RoleInfo.java:shutdownFollowerState(121)) - 90483036-9b36-46d1-b65a-0a23e6fe21eb: shutdown FollowerState
2019-10-10 04:48:30,865 [Thread-2649] INFO  impl.RaftServerImpl (RaftServerImpl.java:setRole(170)) - 90483036-9b36-46d1-b65a-0a23e6fe21eb@group-82A70A2D3684: changes role from  FOLLOWER to CANDIDATE at term 2 for changeToCandidate
2019-10-10 04:48:30,865 [Thread-2649] INFO  impl.RoleInfo (RoleInfo.java:updateAndGet(143)) - 90483036-9b36-46d1-b65a-0a23e6fe21eb: start LeaderElection
2019-10-10 04:48:30,898 [Thread-2648] INFO  impl.FollowerState (FollowerState.java:run(108)) - 84e93878-0fd6-451d-a14f-f78c8ed6dec7@group-82A70A2D3684-FollowerState: change to CANDIDATE, lastRpcTime:5190ms, electionTimeout:5190ms
2019-10-10 04:48:30,898 [Thread-2648] INFO  impl.RoleInfo (RoleInfo.java:shutdownFollowerState(121)) - 84e93878-0fd6-451d-a14f-f78c8ed6dec7: shutdown FollowerState
2019-10-10 04:48:30,898 [Thread-2648] INFO  impl.RaftServerImpl (RaftServerImpl.java:setRole(170)) - 84e93878-0fd6-451d-a14f-f78c8ed6dec7@group-82A70A2D3684: changes role from  FOLLOWER to CANDIDATE at term 2 for changeToCandidate
2019-10-10 04:48:30,898 [Thread-2648] INFO  impl.RoleInfo (RoleInfo.java:updateAndGet(143)) - 84e93878-0fd6-451d-a14f-f78c8ed6dec7: start LeaderElection
2019-10-10 04:48:31,416 [main] INFO  ozoneimpl.OzoneContainer (OzoneContainer.java:stop(231)) - Attempting to stop container services.
2019-10-10 04:48:31,418 [main] INFO  impl.RaftServerProxy (RaftServerProxy.java:lambda$close$4(314)) - aca23d47-b808-4e01-8beb-f09838159148: close
2019-10-10 04:48:31,418 [main] INFO  impl.RaftServerImpl (RaftServerImpl.java:lambda$shutdown$3(247)) - aca23d47-b808-4e01-8beb-f09838159148@group-188A032619ED: shutdown
2019-10-10 04:48:31,419 [main] INFO  util.JmxRegister (JmxRegister.java:unregister(73)) - Successfully un-registered JMX Bean with object name Ratis:service=RaftServer,group=group-188A032619ED,id=aca23d47-b808-4e01-8beb-f09838159148
2019-10-10 04:48:31,419 [main] INFO  impl.RoleInfo (RoleInfo.java:shutdownLeaderState(104)) - aca23d47-b808-4e01-8beb-f09838159148: shutdown LeaderState
2019-10-10 04:48:31,420 [main] INFO  impl.PendingRequests (PendingRequests.java:sendNotLeaderResponses(202)) - aca23d47-b808-4e01-8beb-f09838159148@group-188A032619ED-PendingRequests: sendNotLeaderResponses
2019-10-10 04:48:31,421 [main] INFO  impl.StateMachineUpdater (StateMachineUpdater.java:stopAndJoin(136)) - aca23d47-b808-4e01-8beb-f09838159148@group-188A032619ED-StateMachineUpdater: set stopIndex = 0
2019-10-10 04:48:31,421 [main] INFO  impl.RaftServerImpl (ServerState.java:close(387)) - aca23d47-b808-4e01-8beb-f09838159148@group-188A032619ED: closes. applyIndex: 0
2019-10-10 04:48:31,422 [aca23d47-b808-4e01-8beb-f09838159148@group-188A032619ED-SegmentedRaftLogWorker] INFO  segmented.SegmentedRaftLogWorker (SegmentedRaftLogWorker.java:run(316)) - aca23d47-b808-4e01-8beb-f09838159148@group-188A032619ED-SegmentedRaftLogWorker was interrupted, exiting. There are 0 tasks remaining in the queue.
2019-10-10 04:48:31,429 [main] INFO  segmented.SegmentedRaftLogWorker (SegmentedRaftLogWorker.java:close(224)) - aca23d47-b808-4e01-8beb-f09838159148@group-188A032619ED-SegmentedRaftLogWorker close()
2019-10-10 04:48:31,439 [main] INFO  impl.RaftServerImpl (RaftServerImpl.java:lambda$shutdown$3(247)) - aca23d47-b808-4e01-8beb-f09838159148@group-0BF830A4BC65: shutdown
2019-10-10 04:48:31,439 [main] INFO  util.JmxRegister (JmxRegister.java:unregister(73)) - Successfully un-registered JMX Bean with object name Ratis:service=RaftServer,group=group-0BF830A4BC65,id=aca23d47-b808-4e01-8beb-f09838159148
2019-10-10 04:48:31,440 [main] INFO  impl.RoleInfo (RoleInfo.java:shutdownLeaderState(104)) - aca23d47-b808-4e01-8beb-f09838159148: shutdown LeaderState
2019-10-10 04:48:31,448 [main] INFO  impl.PendingRequests (PendingRequests.java:sendNotLeaderResponses(202)) - aca23d47-b808-4e01-8beb-f09838159148@group-0BF830A4BC65-PendingRequests: sendNotLeaderResponses
2019-10-10 04:48:31,449 [org.apache.ratis.server.impl.LogAppender$AppenderDaemon$$Lambda$532/1469515447@591a334a] WARN  server.GrpcLogAppender (GrpcLogAppender.java:mayWait(143)) - aca23d47-b808-4e01-8beb-f09838159148@group-0BF830A4BC65->7b73df37-5ad1-4cbf-bfab-4fd2ac9b59eb-GrpcLogAppender: Wait interrupted by java.lang.InterruptedException
2019-10-10 04:48:31,448 [org.apache.ratis.server.impl.LogAppender$AppenderDaemon$$Lambda$532/1469515447@49c44b89] WARN  server.GrpcLogAppender (GrpcLogAppender.java:mayWait(143)) - aca23d47-b808-4e01-8beb-f09838159148@group-0BF830A4BC65->9307d918-563a-4d90-936f-500dbe71c0e2-GrpcLogAppender: Wait interrupted by java.lang.InterruptedException
2019-10-10 04:48:31,501 [aca23d47-b808-4e01-8beb-f09838159148@group-0BF830A4BC65-StateMachineUpdater] INFO  ratis.ContainerStateMachine (ContainerStateMachine.java:takeSnapshot(293)) - group-0BF830A4BC65: Taking a snapshot at:(t:1, i:2) file /workdir/hadoop-ozone/integration-test/target/test-dir/MiniOzoneClusterImpl-29206e1f-0a4b-4f87-b2b8-05e6105363df/datanode-3/data/ratis/7f2ddf0e-b1ca-4d0e-888f-0bf830a4bc65/sm/snapshot.1_2
2019-10-10 04:48:31,501 [main] INFO  impl.StateMachineUpdater (StateMachineUpdater.java:stopAndJoin(136)) - aca23d47-b808-4e01-8beb-f09838159148@group-0BF830A4BC65-StateMachineUpdater: set stopIndex = 2
2019-10-10 04:48:31,502 [grpc-default-executor-1] INFO  server.GrpcServerProtocolService (GrpcServerProtocolService.java:onCompleted(113)) - 9307d918-563a-4d90-936f-500dbe71c0e2: Completed APPEND_ENTRIES, lastRequest: aca23d47-b808-4e01-8beb-f09838159148->9307d918-563a-4d90-936f-500dbe71c0e2#6-t1, previous=(t:1, i:2), leaderCommit=2, initializing? false, entries: <empty>
2019-10-10 04:48:31,502 [grpc-default-executor-7] INFO  server.GrpcServerProtocolService (GrpcServerProtocolService.java:onCompleted(113)) - 7b73df37-5ad1-4cbf-bfab-4fd2ac9b59eb: Completed APPEND_ENTRIES, lastRequest: aca23d47-b808-4e01-8beb-f09838159148->7b73df37-5ad1-4cbf-bfab-4fd2ac9b59eb#6-t1, previous=(t:1, i:2), leaderCommit=2, initializing? false, entries: <empty>
2019-10-10 04:48:31,503 [grpc-default-executor-7] INFO  server.GrpcLogAppender (GrpcLogAppender.java:onCompleted(293)) - aca23d47-b808-4e01-8beb-f09838159148@group-0BF830A4BC65->9307d918-563a-4d90-936f-500dbe71c0e2-AppendLogResponseHandler: follower responses appendEntries COMPLETED
2019-10-10 04:48:31,503 [grpc-default-executor-1] INFO  server.GrpcLogAppender (GrpcLogAppender.java:onCompleted(293)) - aca23d47-b808-4e01-8beb-f09838159148@group-0BF830A4BC65->7b73df37-5ad1-4cbf-bfab-4fd2ac9b59eb-AppendLogResponseHandler: follower responses appendEntries COMPLETED
2019-10-10 04:48:31,505 [grpc-default-executor-7] INFO  impl.FollowerInfo (FollowerInfo.java:lambda$new$0(51)) - aca23d47-b808-4e01-8beb-f09838159148@group-0BF830A4BC65->9307d918-563a-4d90-936f-500dbe71c0e2: nextIndex: updateUnconditionally 3 -> 2
2019-10-10 04:48:31,505 [grpc-default-executor-1] INFO  impl.FollowerInfo (FollowerInfo.java:lambda$new$0(51)) - aca23d47-b808-4e01-8beb-f09838159148@group-0BF830A4BC65->7b73df37-5ad1-4cbf-bfab-4fd2ac9b59eb: nextIndex: updateUnconditionally 3 -> 2
2019-10-10 04:48:31,577 [6db7a4a1-51e9-438a-a052-847cb3d97b14@group-82A70A2D3684-LeaderElection109] INFO  impl.LeaderElection (LeaderElection.java:askForVotes(178)) - 6db7a4a1-51e9-438a-a052-847cb3d97b14@group-82A70A2D3684-LeaderElection109: begin an election at term 3 for -1: [84e93878-0fd6-451d-a14f-f78c8ed6dec7:192.168.164.237:41549, 90483036-9b36-46d1-b65a-0a23e6fe21eb:192.168.164.237:33835, 6db7a4a1-51e9-438a-a052-847cb3d97b14:192.168.164.237:45723], old=null
2019-10-10 04:48:31,577 [90483036-9b36-46d1-b65a-0a23e6fe21eb@group-82A70A2D3684-LeaderElection110] INFO  impl.LeaderElection (LeaderElection.java:askForVotes(178)) - 90483036-9b36-46d1-b65a-0a23e6fe21eb@group-82A70A2D3684-LeaderElection110: begin an election at term 3 for -1: [84e93878-0fd6-451d-a14f-f78c8ed6dec7:192.168.164.237:41549, 90483036-9b36-46d1-b65a-0a23e6fe21eb:192.168.164.237:33835, 6db7a4a1-51e9-438a-a052-847cb3d97b14:192.168.164.237:45723], old=null
2019-10-10 04:48:31,604 [aca23d47-b808-4e01-8beb-f09838159148@group-0BF830A4BC65-StateMachineUpdater] INFO  ratis.ContainerStateMachine (ContainerStateMachine.java:takeSnapshot(304)) - group-0BF830A4BC65: Finished taking a snapshot at:(t:1, i:2) file:/workdir/hadoop-ozone/integration-test/target/test-dir/MiniOzoneClusterImpl-29206e1f-0a4b-4f87-b2b8-05e6105363df/datanode-3/data/ratis/7f2ddf0e-b1ca-4d0e-888f-0bf830a4bc65/sm/snapshot.1_2 time:103
2019-10-10 04:48:31,604 [84e93878-0fd6-451d-a14f-f78c8ed6dec7@group-82A70A2D3684-LeaderElection111] INFO  impl.LeaderElection (LeaderElection.java:askForVotes(178)) - 84e93878-0fd6-451d-a14f-f78c8ed6dec7@group-82A70A2D3684-LeaderElection111: begin an election at term 3 for -1: [84e93878-0fd6-451d-a14f-f78c8ed6dec7:192.168.164.237:41549, 90483036-9b36-46d1-b65a-0a23e6fe21eb:192.168.164.237:33835, 6db7a4a1-51e9-438a-a052-847cb3d97b14:192.168.164.237:45723], old=null
2019-10-10 04:48:31,604 [aca23d47-b808-4e01-8beb-f09838159148@group-0BF830A4BC65-StateMachineUpdater] INFO  impl.StateMachineUpdater (StateMachineUpdater.java:takeSnapshot(269)) - aca23d47-b808-4e01-8beb-f09838159148@group-0BF830A4BC65-StateMachineUpdater: Took a snapshot at index 2
2019-10-10 04:48:31,605 [aca23d47-b808-4e01-8beb-f09838159148@group-0BF830A4BC65-StateMachineUpdater] INFO  impl.StateMachineUpdater (StateMachineUpdater.java:lambda$new$0(84)) - aca23d47-b808-4e01-8beb-f09838159148@group-0BF830A4BC65-StateMachineUpdater: snapshotIndex: updateIncreasingly -1 -> 2
2019-10-10 04:48:31,605 [6db7a4a1-51e9-438a-a052-847cb3d97b14@group-82A70A2D3684-LeaderElection109] INFO  impl.LeaderElection (LeaderElection.java:logAndReturn(56)) - 6db7a4a1-51e9-438a-a052-847cb3d97b14@group-82A70A2D3684-LeaderElection109: Election REJECTED; received 2 response(s) [6db7a4a1-51e9-438a-a052-847cb3d97b14<-84e93878-0fd6-451d-a14f-f78c8ed6dec7#0:FAIL-t3, 6db7a4a1-51e9-438a-a052-847cb3d97b14<-90483036-9b36-46d1-b65a-0a23e6fe21eb#0:FAIL-t3] and 0 exception(s); 6db7a4a1-51e9-438a-a052-847cb3d97b14@group-82A70A2D3684:t3, leader=null, voted=6db7a4a1-51e9-438a-a052-847cb3d97b14, raftlog=6db7a4a1-51e9-438a-a052-847cb3d97b14@group-82A70A2D3684-SegmentedRaftLog:OPENED:c-1,f-1,i0, conf=-1: [84e93878-0fd6-451d-a14f-f78c8ed6dec7:192.168.164.237:41549, 90483036-9b36-46d1-b65a-0a23e6fe21eb:192.168.164.237:33835, 6db7a4a1-51e9-438a-a052-847cb3d97b14:192.168.164.237:45723], old=null
2019-10-10 04:48:31,605 [90483036-9b36-46d1-b65a-0a23e6fe21eb@group-82A70A2D3684-LeaderElection110] INFO  impl.LeaderElection (LeaderElection.java:logAndReturn(56)) - 90483036-9b36-46d1-b65a-0a23e6fe21eb@group-82A70A2D3684-LeaderElection110: Election REJECTED; received 2 response(s) [90483036-9b36-46d1-b65a-0a23e6fe21eb<-84e93878-0fd6-451d-a14f-f78c8ed6dec7#0:FAIL-t3, 90483036-9b36-46d1-b65a-0a23e6fe21eb<-6db7a4a1-51e9-438a-a052-847cb3d97b14#0:FAIL-t3] and 0 exception(s); 90483036-9b36-46d1-b65a-0a23e6fe21eb@group-82A70A2D3684:t3, leader=null, voted=90483036-9b36-46d1-b65a-0a23e6fe21eb, raftlog=90483036-9b36-46d1-b65a-0a23e6fe21eb@group-82A70A2D3684-SegmentedRaftLog:OPENED:c-1,f-1,i0, conf=-1: [84e93878-0fd6-451d-a14f-f78c8ed6dec7:192.168.164.237:41549, 90483036-9b36-46d1-b65a-0a23e6fe21eb:192.168.164.237:33835, 6db7a4a1-51e9-438a-a052-847cb3d97b14:192.168.164.237:45723], old=null
2019-10-10 04:48:31,605 [6db7a4a1-51e9-438a-a052-847cb3d97b14@group-82A70A2D3684-LeaderElection109] INFO  impl.RaftServerImpl (RaftServerImpl.java:setRole(170)) - 6db7a4a1-51e9-438a-a052-847cb3d97b14@group-82A70A2D3684: changes role from CANDIDATE to FOLLOWER at term 3 for DISCOVERED_A_NEW_TERM
2019-10-10 04:48:31,606 [90483036-9b36-46d1-b65a-0a23e6fe21eb@group-82A70A2D3684-LeaderElection110] INFO  impl.RaftServerImpl (RaftServerImpl.java:setRole(170)) - 90483036-9b36-46d1-b65a-0a23e6fe21eb@group-82A70A2D3684: changes role from CANDIDATE to FOLLOWER at term 3 for DISCOVERED_A_NEW_TERM
2019-10-10 04:48:31,605 [main] INFO  impl.RaftServerImpl (ServerState.java:close(387)) - aca23d47-b808-4e01-8beb-f09838159148@group-0BF830A4BC65: closes. applyIndex: 2
2019-10-10 04:48:31,606 [90483036-9b36-46d1-b65a-0a23e6fe21eb@group-82A70A2D3684-LeaderElection110] INFO  impl.RoleInfo (RoleInfo.java:shutdownLeaderElection(134)) - 90483036-9b36-46d1-b65a-0a23e6fe21eb: shutdown LeaderElection
2019-10-10 04:48:31,606 [6db7a4a1-51e9-438a-a052-847cb3d97b14@group-82A70A2D3684-LeaderElection109] INFO  impl.RoleInfo (RoleInfo.java:shutdownLeaderElection(134)) - 6db7a4a1-51e9-438a-a052-847cb3d97b14: shutdown LeaderElection
2019-10-10 04:48:31,606 [90483036-9b36-46d1-b65a-0a23e6fe21eb@group-82A70A2D3684-LeaderElection110] INFO  impl.RoleInfo (RoleInfo.java:updateAndGet(143)) - 90483036-9b36-46d1-b65a-0a23e6fe21eb: start FollowerState
2019-10-10 04:48:31,606 [aca23d47-b808-4e01-8beb-f09838159148@group-0BF830A4BC65-SegmentedRaftLogWorker] INFO  segmented.SegmentedRaftLogWorker (SegmentedRaftLogWorker.java:run(316)) - aca23d47-b808-4e01-8beb-f09838159148@group-0BF830A4BC65-SegmentedRaftLogWorker was interrupted, exiting. There are 0 tasks remaining in the queue.
2019-10-10 04:48:31,607 [6db7a4a1-51e9-438a-a052-847cb3d97b14@group-82A70A2D3684-LeaderElection109] INFO  impl.RoleInfo (RoleInfo.java:updateAndGet(143)) - 6db7a4a1-51e9-438a-a052-847cb3d97b14: start FollowerState
2019-10-10 04:48:31,613 [main] INFO  segmented.SegmentedRaftLogWorker (SegmentedRaftLogWorker.java:close(224)) - aca23d47-b808-4e01-8beb-f09838159148@group-0BF830A4BC65-SegmentedRaftLogWorker close()
2019-10-10 04:48:31,624 [main] INFO  server.GrpcService (GrpcService.java:closeImpl(164)) - aca23d47-b808-4e01-8beb-f09838159148: shutdown server with port 35028 now
2019-10-10 04:48:31,624 [84e93878-0fd6-451d-a14f-f78c8ed6dec7@group-82A70A2D3684-LeaderElection111] INFO  impl.LeaderElection (LeaderElection.java:logAndReturn(56)) - 84e93878-0fd6-451d-a14f-f78c8ed6dec7@group-82A70A2D3684-LeaderElection111: Election REJECTED; received 2 response(s) [84e93878-0fd6-451d-a14f-f78c8ed6dec7<-6db7a4a1-51e9-438a-a052-847cb3d97b14#0:FAIL-t3, 84e93878-0fd6-451d-a14f-f78c8ed6dec7<-90483036-9b36-46d1-b65a-0a23e6fe21eb#0:FAIL-t3] and 0 exception(s); 84e93878-0fd6-451d-a14f-f78c8ed6dec7@group-82A70A2D3684:t3, leader=null, voted=84e93878-0fd6-451d-a14f-f78c8ed6dec7, raftlog=84e93878-0fd6-451d-a14f-f78c8ed6dec7@group-82A70A2D3684-SegmentedRaftLog:OPENED:c-1,f-1,i0, conf=-1: [84e93878-0fd6-451d-a14f-f78c8ed6dec7:192.168.164.237:41549, 90483036-9b36-46d1-b65a-0a23e6fe21eb:192.168.164.237:33835, 6db7a4a1-51e9-438a-a052-847cb3d97b14:192.168.164.237:45723], old=null
2019-10-10 04:48:31,625 [main] INFO  server.GrpcService (GrpcService.java:closeImpl(172)) - aca23d47-b808-4e01-8beb-f09838159148: shutdown server with port 35028 successfully
2019-10-10 04:48:31,625 [84e93878-0fd6-451d-a14f-f78c8ed6dec7@group-82A70A2D3684-LeaderElection111] INFO  impl.RaftServerImpl (RaftServerImpl.java:setRole(170)) - 84e93878-0fd6-451d-a14f-f78c8ed6dec7@group-82A70A2D3684: changes role from CANDIDATE to FOLLOWER at term 3 for DISCOVERED_A_NEW_TERM
2019-10-10 04:48:31,625 [84e93878-0fd6-451d-a14f-f78c8ed6dec7@group-82A70A2D3684-LeaderElection111] INFO  impl.RoleInfo (RoleInfo.java:shutdownLeaderElection(134)) - 84e93878-0fd6-451d-a14f-f78c8ed6dec7: shutdown LeaderElection
2019-10-10 04:48:31,626 [84e93878-0fd6-451d-a14f-f78c8ed6dec7@group-82A70A2D3684-LeaderElection111] INFO  impl.RoleInfo (RoleInfo.java:updateAndGet(143)) - 84e93878-0fd6-451d-a14f-f78c8ed6dec7: start FollowerState
2019-10-10 04:48:31,628 [refreshUsed-/workdir/hadoop-ozone/integration-test/target/test-dir/MiniOzoneClusterImpl-29206e1f-0a4b-4f87-b2b8-05e6105363df/datanode-3/data/containers] WARN  fs.CachingGetSpaceUsed (CachingGetSpaceUsed.java:run(183)) - Thread Interrupted waiting to refresh disk information: sleep interrupted
2019-10-10 04:48:31,648 [main] INFO  utils.BackgroundService (BackgroundService.java:shutdown(148)) - Shutting down service BlockDeletingService
2019-10-10 04:48:31,663 [main] INFO  statemachine.DatanodeStateMachine (DatanodeStateMachine.java:stopDaemon(395)) - Ozone container server stopped.
2019-10-10 04:48:31,664 [main] INFO  handler.ContextHandler (ContextHandler.java:doStop(910)) - Stopped o.e.j.w.WebAppContext@6750e381{/,null,UNAVAILABLE}{/hddsDatanode}
2019-10-10 04:48:31,665 [main] INFO  server.AbstractConnector (AbstractConnector.java:doStop(318)) - Stopped ServerConnector@5d850a25{HTTP/1.1,[http/1.1]}{0.0.0.0:0}
2019-10-10 04:48:31,665 [main] INFO  handler.ContextHandler (ContextHandler.java:doStop(910)) - Stopped o.e.j.s.ServletContextHandler@586cc15d{/static,jar:file:/home/user/.m2/repository/org/apache/hadoop/hadoop-hdds-container-service/0.5.0-SNAPSHOT/hadoop-hdds-container-service-0.5.0-SNAPSHOT.jar!/webapps/static,UNAVAILABLE}
2019-10-10 04:48:31,666 [main] INFO  handler.ContextHandler (ContextHandler.java:doStop(910)) - Stopped o.e.j.s.ServletContextHandler@3a4a5f3c{/logs,file:///workdir/hadoop-ozone/integration-test/target/log,UNAVAILABLE}
2019-10-10 04:48:36,625 [Thread-2682] INFO  impl.FollowerState (FollowerState.java:run(108)) - 90483036-9b36-46d1-b65a-0a23e6fe21eb@group-82A70A2D3684-FollowerState: change to CANDIDATE, lastRpcTime:5018ms, electionTimeout:5011ms
2019-10-10 04:48:36,625 [Thread-2682] INFO  impl.RoleInfo (RoleInfo.java:shutdownFollowerState(121)) - 90483036-9b36-46d1-b65a-0a23e6fe21eb: shutdown FollowerState
2019-10-10 04:48:36,625 [Thread-2682] INFO  impl.RaftServerImpl (RaftServerImpl.java:setRole(170)) - 90483036-9b36-46d1-b65a-0a23e6fe21eb@group-82A70A2D3684: changes role from  FOLLOWER to CANDIDATE at term 3 for changeToCandidate
2019-10-10 04:48:36,626 [Thread-2682] INFO  impl.RoleInfo (RoleInfo.java:updateAndGet(143)) - 90483036-9b36-46d1-b65a-0a23e6fe21eb: start LeaderElection
2019-10-10 04:48:36,780 [Thread-2683] INFO  impl.FollowerState (FollowerState.java:run(108)) - 6db7a4a1-51e9-438a-a052-847cb3d97b14@group-82A70A2D3684-FollowerState: change to CANDIDATE, lastRpcTime:5173ms, electionTimeout:5156ms
2019-10-10 04:48:36,780 [Thread-2683] INFO  impl.RoleInfo (RoleInfo.java:shutdownFollowerState(121)) - 6db7a4a1-51e9-438a-a052-847cb3d97b14: shutdown FollowerState
2019-10-10 04:48:36,780 [Thread-2683] INFO  impl.RaftServerImpl (RaftServerImpl.java:setRole(170)) - 6db7a4a1-51e9-438a-a052-847cb3d97b14@group-82A70A2D3684: changes role from  FOLLOWER to CANDIDATE at term 3 for changeToCandidate
2019-10-10 04:48:36,780 [Thread-2683] INFO  impl.RoleInfo (RoleInfo.java:updateAndGet(143)) - 6db7a4a1-51e9-438a-a052-847cb3d97b14: start LeaderElection
2019-10-10 04:48:36,797 [Thread-2684] INFO  impl.FollowerState (FollowerState.java:run(108)) - 84e93878-0fd6-451d-a14f-f78c8ed6dec7@group-82A70A2D3684-FollowerState: change to CANDIDATE, lastRpcTime:5170ms, electionTimeout:5170ms
2019-10-10 04:48:36,797 [Thread-2684] INFO  impl.RoleInfo (RoleInfo.java:shutdownFollowerState(121)) - 84e93878-0fd6-451d-a14f-f78c8ed6dec7: shutdown FollowerState
2019-10-10 04:48:36,797 [Thread-2684] INFO  impl.RaftServerImpl (RaftServerImpl.java:setRole(170)) - 84e93878-0fd6-451d-a14f-f78c8ed6dec7@group-82A70A2D3684: changes role from  FOLLOWER to CANDIDATE at term 3 for changeToCandidate
2019-10-10 04:48:36,797 [Thread-2684] INFO  impl.RoleInfo (RoleInfo.java:updateAndGet(143)) - 84e93878-0fd6-451d-a14f-f78c8ed6dec7: start LeaderElection
2019-10-10 04:48:37,200 [6db7a4a1-51e9-438a-a052-847cb3d97b14@group-82A70A2D3684-LeaderElection113] INFO  impl.LeaderElection (LeaderElection.java:askForVotes(178)) - 6db7a4a1-51e9-438a-a052-847cb3d97b14@group-82A70A2D3684-LeaderElection113: begin an election at term 4 for -1: [84e93878-0fd6-451d-a14f-f78c8ed6dec7:192.168.164.237:41549, 90483036-9b36-46d1-b65a-0a23e6fe21eb:192.168.164.237:33835, 6db7a4a1-51e9-438a-a052-847cb3d97b14:192.168.164.237:45723], old=null
2019-10-10 04:48:37,200 [84e93878-0fd6-451d-a14f-f78c8ed6dec7@group-82A70A2D3684-LeaderElection114] INFO  impl.LeaderElection (LeaderElection.java:askForVotes(178)) - 84e93878-0fd6-451d-a14f-f78c8ed6dec7@group-82A70A2D3684-LeaderElection114: begin an election at term 4 for -1: [84e93878-0fd6-451d-a14f-f78c8ed6dec7:192.168.164.237:41549, 90483036-9b36-46d1-b65a-0a23e6fe21eb:192.168.164.237:33835, 6db7a4a1-51e9-438a-a052-847cb3d97b14:192.168.164.237:45723], old=null
2019-10-10 04:48:37,200 [90483036-9b36-46d1-b65a-0a23e6fe21eb@group-82A70A2D3684-LeaderElection112] INFO  impl.LeaderElection (LeaderElection.java:askForVotes(178)) - 90483036-9b36-46d1-b65a-0a23e6fe21eb@group-82A70A2D3684-LeaderElection112: begin an election at term 4 for -1: [84e93878-0fd6-451d-a14f-f78c8ed6dec7:192.168.164.237:41549, 90483036-9b36-46d1-b65a-0a23e6fe21eb:192.168.164.237:33835, 6db7a4a1-51e9-438a-a052-847cb3d97b14:192.168.164.237:45723], old=null
2019-10-10 04:48:37,204 [90483036-9b36-46d1-b65a-0a23e6fe21eb@group-82A70A2D3684-LeaderElection112] INFO  impl.LeaderElection (LeaderElection.java:logAndReturn(56)) - 90483036-9b36-46d1-b65a-0a23e6fe21eb@group-82A70A2D3684-LeaderElection112: Election REJECTED; received 2 response(s) [90483036-9b36-46d1-b65a-0a23e6fe21eb<-84e93878-0fd6-451d-a14f-f78c8ed6dec7#0:FAIL-t4, 90483036-9b36-46d1-b65a-0a23e6fe21eb<-6db7a4a1-51e9-438a-a052-847cb3d97b14#0:FAIL-t4] and 0 exception(s); 90483036-9b36-46d1-b65a-0a23e6fe21eb@group-82A70A2D3684:t4, leader=null, voted=90483036-9b36-46d1-b65a-0a23e6fe21eb, raftlog=90483036-9b36-46d1-b65a-0a23e6fe21eb@group-82A70A2D3684-SegmentedRaftLog:OPENED:c-1,f-1,i0, conf=-1: [84e93878-0fd6-451d-a14f-f78c8ed6dec7:192.168.164.237:41549, 90483036-9b36-46d1-b65a-0a23e6fe21eb:192.168.164.237:33835, 6db7a4a1-51e9-438a-a052-847cb3d97b14:192.168.164.237:45723], old=null
2019-10-10 04:48:37,204 [90483036-9b36-46d1-b65a-0a23e6fe21eb@group-82A70A2D3684-LeaderElection112] INFO  impl.RaftServerImpl (RaftServerImpl.java:setRole(170)) - 90483036-9b36-46d1-b65a-0a23e6fe21eb@group-82A70A2D3684: changes role from CANDIDATE to FOLLOWER at term 4 for DISCOVERED_A_NEW_TERM
2019-10-10 04:48:37,204 [90483036-9b36-46d1-b65a-0a23e6fe21eb@group-82A70A2D3684-LeaderElection112] INFO  impl.RoleInfo (RoleInfo.java:shutdownLeaderElection(134)) - 90483036-9b36-46d1-b65a-0a23e6fe21eb: shutdown LeaderElection
2019-10-10 04:48:37,205 [6db7a4a1-51e9-438a-a052-847cb3d97b14@group-82A70A2D3684-LeaderElection113] INFO  impl.LeaderElection (LeaderElection.java:logAndReturn(56)) - 6db7a4a1-51e9-438a-a052-847cb3d97b14@group-82A70A2D3684-LeaderElection113: Election REJECTED; received 2 response(s) [6db7a4a1-51e9-438a-a052-847cb3d97b14<-84e93878-0fd6-451d-a14f-f78c8ed6dec7#0:FAIL-t4, 6db7a4a1-51e9-438a-a052-847cb3d97b14<-90483036-9b36-46d1-b65a-0a23e6fe21eb#0:FAIL-t4] and 0 exception(s); 6db7a4a1-51e9-438a-a052-847cb3d97b14@group-82A70A2D3684:t4, leader=null, voted=6db7a4a1-51e9-438a-a052-847cb3d97b14, raftlog=6db7a4a1-51e9-438a-a052-847cb3d97b14@group-82A70A2D3684-SegmentedRaftLog:OPENED:c-1,f-1,i0, conf=-1: [84e93878-0fd6-451d-a14f-f78c8ed6dec7:192.168.164.237:41549, 90483036-9b36-46d1-b65a-0a23e6fe21eb:192.168.164.237:33835, 6db7a4a1-51e9-438a-a052-847cb3d97b14:192.168.164.237:45723], old=null
2019-10-10 04:48:37,205 [84e93878-0fd6-451d-a14f-f78c8ed6dec7@group-82A70A2D3684-LeaderElection114] INFO  impl.LeaderElection (LeaderElection.java:logAndReturn(56)) - 84e93878-0fd6-451d-a14f-f78c8ed6dec7@group-82A70A2D3684-LeaderElection114: Election REJECTED; received 2 response(s) [84e93878-0fd6-451d-a14f-f78c8ed6dec7<-90483036-9b36-46d1-b65a-0a23e6fe21eb#0:FAIL-t4, 84e93878-0fd6-451d-a14f-f78c8ed6dec7<-6db7a4a1-51e9-438a-a052-847cb3d97b14#0:FAIL-t4] and 0 exception(s); 84e93878-0fd6-451d-a14f-f78c8ed6dec7@group-82A70A2D3684:t4, leader=null, voted=84e93878-0fd6-451d-a14f-f78c8ed6dec7, raftlog=84e93878-0fd6-451d-a14f-f78c8ed6dec7@group-82A70A2D3684-SegmentedRaftLog:OPENED:c-1,f-1,i0, conf=-1: [84e93878-0fd6-451d-a14f-f78c8ed6dec7:192.168.164.237:41549, 90483036-9b36-46d1-b65a-0a23e6fe21eb:192.168.164.237:33835, 6db7a4a1-51e9-438a-a052-847cb3d97b14:192.168.164.237:45723], old=null
2019-10-10 04:48:37,205 [90483036-9b36-46d1-b65a-0a23e6fe21eb@group-82A70A2D3684-LeaderElection112] INFO  impl.RoleInfo (RoleInfo.java:updateAndGet(143)) - 90483036-9b36-46d1-b65a-0a23e6fe21eb: start FollowerState
2019-10-10 04:48:37,205 [84e93878-0fd6-451d-a14f-f78c8ed6dec7@group-82A70A2D3684-LeaderElection114] INFO  impl.RaftServerImpl (RaftServerImpl.java:setRole(170)) - 84e93878-0fd6-451d-a14f-f78c8ed6dec7@group-82A70A2D3684: changes role from CANDIDATE to FOLLOWER at term 4 for DISCOVERED_A_NEW_TERM
2019-10-10 04:48:37,205 [6db7a4a1-51e9-438a-a052-847cb3d97b14@group-82A70A2D3684-LeaderElection113] INFO  impl.RaftServerImpl (RaftServerImpl.java:setRole(170)) - 6db7a4a1-51e9-438a-a052-847cb3d97b14@group-82A70A2D3684: changes role from CANDIDATE to FOLLOWER at term 4 for DISCOVERED_A_NEW_TERM
2019-10-10 04:48:37,205 [84e93878-0fd6-451d-a14f-f78c8ed6dec7@group-82A70A2D3684-LeaderElection114] INFO  impl.RoleInfo (RoleInfo.java:shutdownLeaderElection(134)) - 84e93878-0fd6-451d-a14f-f78c8ed6dec7: shutdown LeaderElection
2019-10-10 04:48:37,205 [6db7a4a1-51e9-438a-a052-847cb3d97b14@group-82A70A2D3684-LeaderElection113] INFO  impl.RoleInfo (RoleInfo.java:shutdownLeaderElection(134)) - 6db7a4a1-51e9-438a-a052-847cb3d97b14: shutdown LeaderElection
2019-10-10 04:48:37,206 [84e93878-0fd6-451d-a14f-f78c8ed6dec7@group-82A70A2D3684-LeaderElection114] INFO  impl.RoleInfo (RoleInfo.java:updateAndGet(143)) - 84e93878-0fd6-451d-a14f-f78c8ed6dec7: start FollowerState
2019-10-10 04:48:37,206 [6db7a4a1-51e9-438a-a052-847cb3d97b14@group-82A70A2D3684-LeaderElection113] INFO  impl.RoleInfo (RoleInfo.java:updateAndGet(143)) - 6db7a4a1-51e9-438a-a052-847cb3d97b14: start FollowerState
2019-10-10 04:48:40,383 [Thread-2596] INFO  impl.FollowerState (FollowerState.java:run(108)) - 9307d918-563a-4d90-936f-500dbe71c0e2@group-0BF830A4BC65-FollowerState: change to CANDIDATE, lastRpcTime:9455ms, electionTimeout:5062ms
2019-10-10 04:48:40,384 [Thread-2596] INFO  impl.RoleInfo (RoleInfo.java:shutdownFollowerState(121)) - 9307d918-563a-4d90-936f-500dbe71c0e2: shutdown FollowerState
2019-10-10 04:48:40,384 [Thread-2596] INFO  impl.RaftServerImpl (RaftServerImpl.java:setRole(170)) - 9307d918-563a-4d90-936f-500dbe71c0e2@group-0BF830A4BC65: changes role from  FOLLOWER to CANDIDATE at term 1 for changeToCandidate
2019-10-10 04:48:40,385 [Thread-2596] INFO  impl.RoleInfo (RoleInfo.java:updateAndGet(143)) - 9307d918-563a-4d90-936f-500dbe71c0e2: start LeaderElection
2019-10-10 04:48:40,385 [9307d918-563a-4d90-936f-500dbe71c0e2@group-0BF830A4BC65-LeaderElection115] INFO  impl.RaftServerImpl (ServerState.java:setLeader(255)) - 9307d918-563a-4d90-936f-500dbe71c0e2@group-0BF830A4BC65: change Leader from aca23d47-b808-4e01-8beb-f09838159148 to null at term 1 for initElection
2019-10-10 04:48:40,406 [9307d918-563a-4d90-936f-500dbe71c0e2@group-0BF830A4BC65-LeaderElection115] INFO  impl.LeaderElection (LeaderElection.java:askForVotes(178)) - 9307d918-563a-4d90-936f-500dbe71c0e2@group-0BF830A4BC65-LeaderElection115: begin an election at term 2 for 0: [7b73df37-5ad1-4cbf-bfab-4fd2ac9b59eb:192.168.164.237:38303, 9307d918-563a-4d90-936f-500dbe71c0e2:192.168.164.237:36463, aca23d47-b808-4e01-8beb-f09838159148:192.168.164.237:35028], old=null
2019-10-10 04:48:40,409 [9307d918-563a-4d90-936f-500dbe71c0e2@group-0BF830A4BC65-LeaderElection115] INFO  impl.LeaderElection (LogUtils.java:infoOrTrace(149)) - 9307d918-563a-4d90-936f-500dbe71c0e2@group-0BF830A4BC65-LeaderElection115 got exception when requesting votes: {}
java.util.concurrent.ExecutionException: org.apache.ratis.thirdparty.io.grpc.StatusRuntimeException: UNAVAILABLE: io exception
	at java.util.concurrent.FutureTask.report(FutureTask.java:122)
	at java.util.concurrent.FutureTask.get(FutureTask.java:192)
	at org.apache.ratis.server.impl.LeaderElection.waitForResults(LeaderElection.java:259)
	at org.apache.ratis.server.impl.LeaderElection.askForVotes(LeaderElection.java:197)
	at org.apache.ratis.server.impl.LeaderElection.run(LeaderElection.java:133)
	at java.lang.Thread.run(Thread.java:748)
Caused by: org.apache.ratis.thirdparty.io.grpc.StatusRuntimeException: UNAVAILABLE: io exception
	at org.apache.ratis.thirdparty.io.grpc.stub.ClientCalls.toStatusRuntimeException(ClientCalls.java:233)
	at org.apache.ratis.thirdparty.io.grpc.stub.ClientCalls.getUnchecked(ClientCalls.java:214)
	at org.apache.ratis.thirdparty.io.grpc.stub.ClientCalls.blockingUnaryCall(ClientCalls.java:139)
	at org.apache.ratis.proto.grpc.RaftServerProtocolServiceGrpc$RaftServerProtocolServiceBlockingStub.requestVote(RaftServerProtocolServiceGrpc.java:265)
	at org.apache.ratis.grpc.server.GrpcServerProtocolClient.requestVote(GrpcServerProtocolClient.java:99)
	at org.apache.ratis.grpc.server.GrpcService.requestVote(GrpcService.java:204)
	at org.apache.ratis.server.impl.LeaderElection.lambda$submitRequests$1(LeaderElection.java:234)
	at java.util.concurrent.FutureTask.run(FutureTask.java:266)
	at java.util.concurrent.Executors$RunnableAdapter.call(Executors.java:511)
	at java.util.concurrent.FutureTask.run(FutureTask.java:266)
	at java.util.concurrent.ThreadPoolExecutor.runWorker(ThreadPoolExecutor.java:1149)
	at java.util.concurrent.ThreadPoolExecutor$Worker.run(ThreadPoolExecutor.java:624)
	... 1 more
Caused by: org.apache.ratis.thirdparty.io.netty.channel.AbstractChannel$AnnotatedConnectException: Connection refused: /192.168.164.237:35028
	at sun.nio.ch.SocketChannelImpl.checkConnect(Native Method)
	at sun.nio.ch.SocketChannelImpl.finishConnect(SocketChannelImpl.java:717)
	at org.apache.ratis.thirdparty.io.netty.channel.socket.nio.NioSocketChannel.doFinishConnect(NioSocketChannel.java:327)
	at org.apache.ratis.thirdparty.io.netty.channel.nio.AbstractNioChannel$AbstractNioUnsafe.finishConnect(AbstractNioChannel.java:340)
	at org.apache.ratis.thirdparty.io.netty.channel.nio.NioEventLoop.processSelectedKey(NioEventLoop.java:632)
	at org.apache.ratis.thirdparty.io.netty.channel.nio.NioEventLoop.processSelectedKeysOptimized(NioEventLoop.java:579)
	at org.apache.ratis.thirdparty.io.netty.channel.nio.NioEventLoop.processSelectedKeys(NioEventLoop.java:496)
	at org.apache.ratis.thirdparty.io.netty.channel.nio.NioEventLoop.run(NioEventLoop.java:458)
	at org.apache.ratis.thirdparty.io.netty.util.concurrent.SingleThreadEventExecutor$5.run(SingleThreadEventExecutor.java:897)
	at org.apache.ratis.thirdparty.io.netty.util.concurrent.FastThreadLocalRunnable.run(FastThreadLocalRunnable.java:30)
	... 1 more
Caused by: java.net.ConnectException: Connection refused
	... 11 more
2019-10-10 04:48:40,430 [grpc-default-executor-1] INFO  impl.RaftServerImpl (ServerState.java:setLeader(255)) - 7b73df37-5ad1-4cbf-bfab-4fd2ac9b59eb@group-0BF830A4BC65: change Leader from aca23d47-b808-4e01-8beb-f09838159148 to null at term 2 for updateCurrentTerm
2019-10-10 04:48:40,430 [grpc-default-executor-1] INFO  impl.RaftServerImpl (RaftServerImpl.java:setRole(170)) - 7b73df37-5ad1-4cbf-bfab-4fd2ac9b59eb@group-0BF830A4BC65: changes role from  FOLLOWER to FOLLOWER at term 2 for recognizeCandidate:9307d918-563a-4d90-936f-500dbe71c0e2
2019-10-10 04:48:40,430 [grpc-default-executor-1] INFO  impl.RoleInfo (RoleInfo.java:shutdownFollowerState(121)) - 7b73df37-5ad1-4cbf-bfab-4fd2ac9b59eb: shutdown FollowerState
2019-10-10 04:48:40,431 [grpc-default-executor-1] INFO  impl.RoleInfo (RoleInfo.java:updateAndGet(143)) - 7b73df37-5ad1-4cbf-bfab-4fd2ac9b59eb: start FollowerState
2019-10-10 04:48:40,431 [Thread-2599] INFO  impl.FollowerState (FollowerState.java:run(117)) - 7b73df37-5ad1-4cbf-bfab-4fd2ac9b59eb@group-0BF830A4BC65-FollowerState was interrupted: java.lang.InterruptedException: sleep interrupted
2019-10-10 04:48:40,455 [9307d918-563a-4d90-936f-500dbe71c0e2@group-0BF830A4BC65-LeaderElection115] INFO  impl.LeaderElection (LeaderElection.java:logAndReturn(56)) - 9307d918-563a-4d90-936f-500dbe71c0e2@group-0BF830A4BC65-LeaderElection115: Election PASSED; received 1 response(s) [9307d918-563a-4d90-936f-500dbe71c0e2<-7b73df37-5ad1-4cbf-bfab-4fd2ac9b59eb#0:OK-t2] and 1 exception(s); 9307d918-563a-4d90-936f-500dbe71c0e2@group-0BF830A4BC65:t2, leader=null, voted=9307d918-563a-4d90-936f-500dbe71c0e2, raftlog=9307d918-563a-4d90-936f-500dbe71c0e2@group-0BF830A4BC65-SegmentedRaftLog:OPENED:c2,f2,i2, conf=0: [7b73df37-5ad1-4cbf-bfab-4fd2ac9b59eb:192.168.164.237:38303, 9307d918-563a-4d90-936f-500dbe71c0e2:192.168.164.237:36463, aca23d47-b808-4e01-8beb-f09838159148:192.168.164.237:35028], old=null
2019-10-10 04:48:40,456 [9307d918-563a-4d90-936f-500dbe71c0e2@group-0BF830A4BC65-LeaderElection115] INFO  impl.LeaderElection (LogUtils.java:infoOrTrace(149)) -   Exception 0: {}
java.util.concurrent.ExecutionException: org.apache.ratis.thirdparty.io.grpc.StatusRuntimeException: UNAVAILABLE: io exception
	at java.util.concurrent.FutureTask.report(FutureTask.java:122)
	at java.util.concurrent.FutureTask.get(FutureTask.java:192)
	at org.apache.ratis.server.impl.LeaderElection.waitForResults(LeaderElection.java:259)
	at org.apache.ratis.server.impl.LeaderElection.askForVotes(LeaderElection.java:197)
	at org.apache.ratis.server.impl.LeaderElection.run(LeaderElection.java:133)
	at java.lang.Thread.run(Thread.java:748)
Caused by: org.apache.ratis.thirdparty.io.grpc.StatusRuntimeException: UNAVAILABLE: io exception
	at org.apache.ratis.thirdparty.io.grpc.stub.ClientCalls.toStatusRuntimeException(ClientCalls.java:233)
	at org.apache.ratis.thirdparty.io.grpc.stub.ClientCalls.getUnchecked(ClientCalls.java:214)
	at org.apache.ratis.thirdparty.io.grpc.stub.ClientCalls.blockingUnaryCall(ClientCalls.java:139)
	at org.apache.ratis.proto.grpc.RaftServerProtocolServiceGrpc$RaftServerProtocolServiceBlockingStub.requestVote(RaftServerProtocolServiceGrpc.java:265)
	at org.apache.ratis.grpc.server.GrpcServerProtocolClient.requestVote(GrpcServerProtocolClient.java:99)
	at org.apache.ratis.grpc.server.GrpcService.requestVote(GrpcService.java:204)
	at org.apache.ratis.server.impl.LeaderElection.lambda$submitRequests$1(LeaderElection.java:234)
	at java.util.concurrent.FutureTask.run(FutureTask.java:266)
	at java.util.concurrent.Executors$RunnableAdapter.call(Executors.java:511)
	at java.util.concurrent.FutureTask.run(FutureTask.java:266)
	at java.util.concurrent.ThreadPoolExecutor.runWorker(ThreadPoolExecutor.java:1149)
	at java.util.concurrent.ThreadPoolExecutor$Worker.run(ThreadPoolExecutor.java:624)
	... 1 more
Caused by: org.apache.ratis.thirdparty.io.netty.channel.AbstractChannel$AnnotatedConnectException: Connection refused: /192.168.164.237:35028
	at sun.nio.ch.SocketChannelImpl.checkConnect(Native Method)
	at sun.nio.ch.SocketChannelImpl.finishConnect(SocketChannelImpl.java:717)
	at org.apache.ratis.thirdparty.io.netty.channel.socket.nio.NioSocketChannel.doFinishConnect(NioSocketChannel.java:327)
	at org.apache.ratis.thirdparty.io.netty.channel.nio.AbstractNioChannel$AbstractNioUnsafe.finishConnect(AbstractNioChannel.java:340)
	at org.apache.ratis.thirdparty.io.netty.channel.nio.NioEventLoop.processSelectedKey(NioEventLoop.java:632)
	at org.apache.ratis.thirdparty.io.netty.channel.nio.NioEventLoop.processSelectedKeysOptimized(NioEventLoop.java:579)
	at org.apache.ratis.thirdparty.io.netty.channel.nio.NioEventLoop.processSelectedKeys(NioEventLoop.java:496)
	at org.apache.ratis.thirdparty.io.netty.channel.nio.NioEventLoop.run(NioEventLoop.java:458)
	at org.apache.ratis.thirdparty.io.netty.util.concurrent.SingleThreadEventExecutor$5.run(SingleThreadEventExecutor.java:897)
	at org.apache.ratis.thirdparty.io.netty.util.concurrent.FastThreadLocalRunnable.run(FastThreadLocalRunnable.java:30)
	... 1 more
Caused by: java.net.ConnectException: Connection refused
	... 11 more
2019-10-10 04:48:40,456 [9307d918-563a-4d90-936f-500dbe71c0e2@group-0BF830A4BC65-LeaderElection115] INFO  impl.RoleInfo (RoleInfo.java:shutdownLeaderElection(134)) - 9307d918-563a-4d90-936f-500dbe71c0e2: shutdown LeaderElection
2019-10-10 04:48:40,456 [9307d918-563a-4d90-936f-500dbe71c0e2@group-0BF830A4BC65-LeaderElection115] INFO  impl.RaftServerImpl (RaftServerImpl.java:setRole(170)) - 9307d918-563a-4d90-936f-500dbe71c0e2@group-0BF830A4BC65: changes role from CANDIDATE to LEADER at term 2 for changeToLeader
2019-10-10 04:48:40,457 [9307d918-563a-4d90-936f-500dbe71c0e2@group-0BF830A4BC65-LeaderElection115] INFO  impl.RaftServerImpl (ServerState.java:setLeader(255)) - 9307d918-563a-4d90-936f-500dbe71c0e2@group-0BF830A4BC65: change Leader from null to 9307d918-563a-4d90-936f-500dbe71c0e2 at term 2 for becomeLeader, leader elected after 71ms
2019-10-10 04:48:40,457 [9307d918-563a-4d90-936f-500dbe71c0e2@group-0BF830A4BC65-LeaderElection115] INFO  server.RaftServerConfigKeys (ConfUtils.java:logGet(43)) - raft.server.staging.catchup.gap = 1000 (default)
2019-10-10 04:48:40,457 [9307d918-563a-4d90-936f-500dbe71c0e2@group-0BF830A4BC65-LeaderElection115] INFO  server.RaftServerConfigKeys (ConfUtils.java:logGet(43)) - raft.server.rpc.sleep.time = 25ms (default)
2019-10-10 04:48:40,458 [9307d918-563a-4d90-936f-500dbe71c0e2@group-0BF830A4BC65-LeaderElection115] INFO  server.RaftServerConfigKeys (ConfUtils.java:logGet(43)) - raft.server.write.element-limit = 4096 (default)
2019-10-10 04:48:40,458 [9307d918-563a-4d90-936f-500dbe71c0e2@group-0BF830A4BC65-LeaderElection115] INFO  server.RaftServerConfigKeys (ConfUtils.java:logGet(43)) - raft.server.watch.timeout = 10s (default)
2019-10-10 04:48:40,458 [9307d918-563a-4d90-936f-500dbe71c0e2@group-0BF830A4BC65-LeaderElection115] INFO  server.RaftServerConfigKeys (ConfUtils.java:logGet(43)) - raft.server.watch.timeout.denomination = 1s (default)
2019-10-10 04:48:40,458 [9307d918-563a-4d90-936f-500dbe71c0e2@group-0BF830A4BC65-LeaderElection115] INFO  server.RaftServerConfigKeys (ConfUtils.java:logGet(43)) - raft.server.watch.element-limit = 65536 (default)
2019-10-10 04:48:40,463 [9307d918-563a-4d90-936f-500dbe71c0e2@group-0BF830A4BC65-LeaderElection115] INFO  server.RaftServerConfigKeys (ConfUtils.java:logGet(43)) - raft.server.log.appender.snapshot.chunk.size.max = 16MB (=16777216) (default)
2019-10-10 04:48:40,463 [9307d918-563a-4d90-936f-500dbe71c0e2@group-0BF830A4BC65-LeaderElection115] INFO  server.RaftServerConfigKeys (ConfUtils.java:logGet(43)) - raft.server.log.appender.buffer.byte-limit = 33554432 (custom)
2019-10-10 04:48:40,463 [9307d918-563a-4d90-936f-500dbe71c0e2@group-0BF830A4BC65-LeaderElection115] INFO  server.RaftServerConfigKeys (ConfUtils.java:logGet(43)) - raft.server.log.appender.buffer.element-limit = 1 (custom)
2019-10-10 04:48:40,463 [9307d918-563a-4d90-936f-500dbe71c0e2@group-0BF830A4BC65-LeaderElection115] INFO  grpc.GrpcConfigKeys$Server (ConfUtils.java:logGet(43)) - raft.grpc.server.leader.outstanding.appends.max = 128 (default)
2019-10-10 04:48:40,464 [9307d918-563a-4d90-936f-500dbe71c0e2@group-0BF830A4BC65-LeaderElection115] INFO  server.RaftServerConfigKeys (ConfUtils.java:logGet(43)) - raft.server.rpc.request.timeout = 3000ms (default)
2019-10-10 04:48:40,464 [9307d918-563a-4d90-936f-500dbe71c0e2@group-0BF830A4BC65-LeaderElection115] INFO  server.RaftServerConfigKeys (ConfUtils.java:logGet(43)) - raft.server.log.appender.install.snapshot.enabled = false (custom)
2019-10-10 04:48:40,464 [9307d918-563a-4d90-936f-500dbe71c0e2@group-0BF830A4BC65-LeaderElection115] INFO  server.RaftServerConfigKeys (ConfUtils.java:logGet(43)) - raft.server.log.appender.snapshot.chunk.size.max = 16MB (=16777216) (default)
2019-10-10 04:48:40,465 [9307d918-563a-4d90-936f-500dbe71c0e2@group-0BF830A4BC65-LeaderElection115] INFO  server.RaftServerConfigKeys (ConfUtils.java:logGet(43)) - raft.server.log.appender.buffer.byte-limit = 33554432 (custom)
2019-10-10 04:48:40,465 [9307d918-563a-4d90-936f-500dbe71c0e2@group-0BF830A4BC65-LeaderElection115] INFO  server.RaftServerConfigKeys (ConfUtils.java:logGet(43)) - raft.server.log.appender.buffer.element-limit = 1 (custom)
2019-10-10 04:48:40,465 [9307d918-563a-4d90-936f-500dbe71c0e2@group-0BF830A4BC65-LeaderElection115] INFO  grpc.GrpcConfigKeys$Server (ConfUtils.java:logGet(43)) - raft.grpc.server.leader.outstanding.appends.max = 128 (default)
2019-10-10 04:48:40,465 [9307d918-563a-4d90-936f-500dbe71c0e2@group-0BF830A4BC65-LeaderElection115] INFO  server.RaftServerConfigKeys (ConfUtils.java:logGet(43)) - raft.server.rpc.request.timeout = 3000ms (default)
2019-10-10 04:48:40,465 [9307d918-563a-4d90-936f-500dbe71c0e2@group-0BF830A4BC65-LeaderElection115] INFO  server.RaftServerConfigKeys (ConfUtils.java:logGet(43)) - raft.server.log.appender.install.snapshot.enabled = false (custom)
2019-10-10 04:48:40,466 [9307d918-563a-4d90-936f-500dbe71c0e2@group-0BF830A4BC65-LeaderElection115] INFO  impl.RoleInfo (RoleInfo.java:updateAndGet(143)) - 9307d918-563a-4d90-936f-500dbe71c0e2: start LeaderState
2019-10-10 04:48:40,466 [9307d918-563a-4d90-936f-500dbe71c0e2@group-0BF830A4BC65-LeaderElection115] INFO  segmented.SegmentedRaftLogWorker (SegmentedRaftLogWorker.java:rollLogSegment(390)) - 9307d918-563a-4d90-936f-500dbe71c0e2@group-0BF830A4BC65-SegmentedRaftLogWorker: Rolling segment log-0_2 to index:2
2019-10-10 04:48:40,468 [9307d918-563a-4d90-936f-500dbe71c0e2@group-0BF830A4BC65-LeaderElection115] INFO  impl.RaftServerImpl (ServerState.java:setRaftConf(356)) - 9307d918-563a-4d90-936f-500dbe71c0e2@group-0BF830A4BC65: set configuration 3: [7b73df37-5ad1-4cbf-bfab-4fd2ac9b59eb:192.168.164.237:38303, 9307d918-563a-4d90-936f-500dbe71c0e2:192.168.164.237:36463, aca23d47-b808-4e01-8beb-f09838159148:192.168.164.237:35028], old=null at 3
2019-10-10 04:48:40,468 [9307d918-563a-4d90-936f-500dbe71c0e2@group-0BF830A4BC65-SegmentedRaftLogWorker] INFO  segmented.SegmentedRaftLogWorker (SegmentedRaftLogWorker.java:execute(531)) - 9307d918-563a-4d90-936f-500dbe71c0e2@group-0BF830A4BC65-SegmentedRaftLogWorker: Rolled log segment from /workdir/hadoop-ozone/integration-test/target/test-dir/MiniOzoneClusterImpl-29206e1f-0a4b-4f87-b2b8-05e6105363df/datanode-1/data/ratis/7f2ddf0e-b1ca-4d0e-888f-0bf830a4bc65/current/log_inprogress_0 to /workdir/hadoop-ozone/integration-test/target/test-dir/MiniOzoneClusterImpl-29206e1f-0a4b-4f87-b2b8-05e6105363df/datanode-1/data/ratis/7f2ddf0e-b1ca-4d0e-888f-0bf830a4bc65/current/log_0-2
2019-10-10 04:48:40,468 [grpc-default-executor-1] WARN  server.GrpcLogAppender (LogUtils.java:warn(134)) - 9307d918-563a-4d90-936f-500dbe71c0e2@group-0BF830A4BC65->aca23d47-b808-4e01-8beb-f09838159148-AppendLogResponseHandler: Failed appendEntries: org.apache.ratis.thirdparty.io.grpc.StatusRuntimeException: UNAVAILABLE: io exception
2019-10-10 04:48:40,469 [grpc-default-executor-1] INFO  impl.FollowerInfo (FollowerInfo.java:lambda$new$0(51)) - 9307d918-563a-4d90-936f-500dbe71c0e2@group-0BF830A4BC65->aca23d47-b808-4e01-8beb-f09838159148: nextIndex: updateUnconditionally 3 -> 1
2019-10-10 04:48:40,469 [grpc-default-executor-7] INFO  impl.RaftServerImpl (ServerState.java:setLeader(255)) - 7b73df37-5ad1-4cbf-bfab-4fd2ac9b59eb@group-0BF830A4BC65: change Leader from null to 9307d918-563a-4d90-936f-500dbe71c0e2 at term 2 for appendEntries, leader elected after 39ms
2019-10-10 04:48:40,472 [grpc-default-executor-7] INFO  impl.RaftServerImpl (ServerState.java:setRaftConf(356)) - 7b73df37-5ad1-4cbf-bfab-4fd2ac9b59eb@group-0BF830A4BC65: set configuration 3: [7b73df37-5ad1-4cbf-bfab-4fd2ac9b59eb:192.168.164.237:38303, 9307d918-563a-4d90-936f-500dbe71c0e2:192.168.164.237:36463, aca23d47-b808-4e01-8beb-f09838159148:192.168.164.237:35028], old=null at 3
2019-10-10 04:48:40,472 [grpc-default-executor-7] INFO  segmented.SegmentedRaftLogWorker (SegmentedRaftLogWorker.java:rollLogSegment(390)) - 7b73df37-5ad1-4cbf-bfab-4fd2ac9b59eb@group-0BF830A4BC65-SegmentedRaftLogWorker: Rolling segment log-0_2 to index:2
2019-10-10 04:48:40,473 [7b73df37-5ad1-4cbf-bfab-4fd2ac9b59eb@group-0BF830A4BC65-SegmentedRaftLogWorker] INFO  segmented.SegmentedRaftLogWorker (SegmentedRaftLogWorker.java:execute(531)) - 7b73df37-5ad1-4cbf-bfab-4fd2ac9b59eb@group-0BF830A4BC65-SegmentedRaftLogWorker: Rolled log segment from /workdir/hadoop-ozone/integration-test/target/test-dir/MiniOzoneClusterImpl-29206e1f-0a4b-4f87-b2b8-05e6105363df/datanode-5/data/ratis/7f2ddf0e-b1ca-4d0e-888f-0bf830a4bc65/current/log_inprogress_0 to /workdir/hadoop-ozone/integration-test/target/test-dir/MiniOzoneClusterImpl-29206e1f-0a4b-4f87-b2b8-05e6105363df/datanode-5/data/ratis/7f2ddf0e-b1ca-4d0e-888f-0bf830a4bc65/current/log_0-2
2019-10-10 04:48:40,537 [9307d918-563a-4d90-936f-500dbe71c0e2@group-0BF830A4BC65-SegmentedRaftLogWorker] INFO  segmented.SegmentedRaftLogWorker (SegmentedRaftLogWorker.java:execute(574)) - 9307d918-563a-4d90-936f-500dbe71c0e2@group-0BF830A4BC65-SegmentedRaftLogWorker: created new log segment /workdir/hadoop-ozone/integration-test/target/test-dir/MiniOzoneClusterImpl-29206e1f-0a4b-4f87-b2b8-05e6105363df/datanode-1/data/ratis/7f2ddf0e-b1ca-4d0e-888f-0bf830a4bc65/current/log_inprogress_3
2019-10-10 04:48:40,537 [7b73df37-5ad1-4cbf-bfab-4fd2ac9b59eb@group-0BF830A4BC65-SegmentedRaftLogWorker] INFO  segmented.SegmentedRaftLogWorker (SegmentedRaftLogWorker.java:execute(574)) - 7b73df37-5ad1-4cbf-bfab-4fd2ac9b59eb@group-0BF830A4BC65-SegmentedRaftLogWorker: created new log segment /workdir/hadoop-ozone/integration-test/target/test-dir/MiniOzoneClusterImpl-29206e1f-0a4b-4f87-b2b8-05e6105363df/datanode-5/data/ratis/7f2ddf0e-b1ca-4d0e-888f-0bf830a4bc65/current/log_inprogress_3
2019-10-10 04:48:40,557 [grpc-default-executor-9] WARN  server.GrpcLogAppender (LogUtils.java:warn(134)) - 9307d918-563a-4d90-936f-500dbe71c0e2@group-0BF830A4BC65->aca23d47-b808-4e01-8beb-f09838159148-AppendLogResponseHandler: Failed appendEntries: org.apache.ratis.thirdparty.io.grpc.StatusRuntimeException: UNAVAILABLE: io exception
2019-10-10 04:48:40,557 [grpc-default-executor-9] INFO  impl.FollowerInfo (FollowerInfo.java:lambda$new$0(51)) - 9307d918-563a-4d90-936f-500dbe71c0e2@group-0BF830A4BC65->aca23d47-b808-4e01-8beb-f09838159148: nextIndex: updateUnconditionally 2 -> 1
2019-10-10 04:48:40,574 [grpc-default-executor-9] WARN  server.GrpcLogAppender (LogUtils.java:warn(134)) - 9307d918-563a-4d90-936f-500dbe71c0e2@group-0BF830A4BC65->aca23d47-b808-4e01-8beb-f09838159148-AppendLogResponseHandler: Failed appendEntries: org.apache.ratis.thirdparty.io.grpc.StatusRuntimeException: UNAVAILABLE: io exception
2019-10-10 04:48:40,574 [grpc-default-executor-9] INFO  impl.FollowerInfo (FollowerInfo.java:lambda$new$0(51)) - 9307d918-563a-4d90-936f-500dbe71c0e2@group-0BF830A4BC65->aca23d47-b808-4e01-8beb-f09838159148: nextIndex: updateUnconditionally 2 -> 1
2019-10-10 04:48:40,938 [grpc-default-executor-1] WARN  server.GrpcLogAppender (LogUtils.java:warn(134)) - 9307d918-563a-4d90-936f-500dbe71c0e2@group-0BF830A4BC65->aca23d47-b808-4e01-8beb-f09838159148-AppendLogResponseHandler: Failed appendEntries: org.apache.ratis.thirdparty.io.grpc.StatusRuntimeException: UNAVAILABLE: io exception
2019-10-10 04:48:40,938 [grpc-default-executor-1] INFO  impl.FollowerInfo (FollowerInfo.java:lambda$new$0(51)) - 9307d918-563a-4d90-936f-500dbe71c0e2@group-0BF830A4BC65->aca23d47-b808-4e01-8beb-f09838159148: nextIndex: updateUnconditionally 2 -> 1
2019-10-10 04:48:40,953 [grpc-default-executor-9] WARN  server.GrpcLogAppender (LogUtils.java:warn(134)) - 9307d918-563a-4d90-936f-500dbe71c0e2@group-0BF830A4BC65->aca23d47-b808-4e01-8beb-f09838159148-AppendLogResponseHandler: Failed appendEntries: org.apache.ratis.thirdparty.io.grpc.StatusRuntimeException: UNAVAILABLE: io exception
2019-10-10 04:48:40,953 [grpc-default-executor-9] INFO  impl.FollowerInfo (FollowerInfo.java:lambda$new$0(51)) - 9307d918-563a-4d90-936f-500dbe71c0e2@group-0BF830A4BC65->aca23d47-b808-4e01-8beb-f09838159148: nextIndex: updateUnconditionally 2 -> 1
2019-10-10 04:48:40,966 [grpc-default-executor-9] WARN  server.GrpcLogAppender (LogUtils.java:warn(134)) - 9307d918-563a-4d90-936f-500dbe71c0e2@group-0BF830A4BC65->aca23d47-b808-4e01-8beb-f09838159148-AppendLogResponseHandler: Failed appendEntries: org.apache.ratis.thirdparty.io.grpc.StatusRuntimeException: UNAVAILABLE: io exception
2019-10-10 04:48:40,966 [grpc-default-executor-9] INFO  impl.FollowerInfo (FollowerInfo.java:lambda$new$0(51)) - 9307d918-563a-4d90-936f-500dbe71c0e2@group-0BF830A4BC65->aca23d47-b808-4e01-8beb-f09838159148: nextIndex: updateUnconditionally 2 -> 1
2019-10-10 04:48:40,976 [EventQueue-IncrementalContainerReportForIncrementalContainerReportHandler] WARN  container.IncrementalContainerReportHandler (AbstractContainerReportHandler.java:updateContainerState(143)) - Container #1 is in OPEN state, but the datanode 9307d918-563a-4d90-936f-500dbe71c0e2{ip: 192.168.164.237, host: pr-hdds-1986-sk52v-1870103574, networkLocation: /default-rack, certSerialId: null} reports an CLOSING replica.
2019-10-10 04:48:41,005 [EventQueue-IncrementalContainerReportForIncrementalContainerReportHandler] WARN  container.IncrementalContainerReportHandler (AbstractContainerReportHandler.java:updateContainerState(143)) - Container #1 is in OPEN state, but the datanode 7b73df37-5ad1-4cbf-bfab-4fd2ac9b59eb{ip: 192.168.164.237, host: pr-hdds-1986-sk52v-1870103574, networkLocation: /default-rack, certSerialId: null} reports an CLOSING replica.
2019-10-10 04:48:41,097 [RatisApplyTransactionExecutor 1] INFO  interfaces.Container (KeyValueContainer.java:flushAndSyncDB(386)) - Container 1 is synced with bcsId 0.
2019-10-10 04:48:41,175 [RatisApplyTransactionExecutor 1] INFO  interfaces.Container (KeyValueContainer.java:flushAndSyncDB(386)) - Container 1 is synced with bcsId 0.
2019-10-10 04:48:41,190 [RatisApplyTransactionExecutor 1] INFO  interfaces.Container (KeyValueContainer.java:flushAndSyncDB(386)) - Container 1 is synced with bcsId 0.
2019-10-10 04:48:41,191 [RatisApplyTransactionExecutor 1] INFO  interfaces.Container (KeyValueContainer.java:flushAndSyncDB(386)) - Container 1 is synced with bcsId 0.
2019-10-10 04:48:41,208 [RatisApplyTransactionExecutor 1] INFO  interfaces.Container (KeyValueContainer.java:close(335)) - Container 1 is closed with bcsId 0.
2019-10-10 04:48:41,208 [RatisApplyTransactionExecutor 1] INFO  interfaces.Container (KeyValueContainer.java:close(335)) - Container 1 is closed with bcsId 0.
2019-10-10 04:48:41,215 [EventQueue-IncrementalContainerReportForIncrementalContainerReportHandler] WARN  container.IncrementalContainerReportHandler (AbstractContainerReportHandler.java:updateContainerState(143)) - Container #1 is in OPEN state, but the datanode 9307d918-563a-4d90-936f-500dbe71c0e2{ip: 192.168.164.237, host: pr-hdds-1986-sk52v-1870103574, networkLocation: /default-rack, certSerialId: null} reports an CLOSED replica.
2019-10-10 04:48:41,215 [EventQueue-IncrementalContainerReportForIncrementalContainerReportHandler] WARN  container.IncrementalContainerReportHandler (AbstractContainerReportHandler.java:updateContainerState(143)) - Container #1 is in OPEN state, but the datanode 7b73df37-5ad1-4cbf-bfab-4fd2ac9b59eb{ip: 192.168.164.237, host: pr-hdds-1986-sk52v-1870103574, networkLocation: /default-rack, certSerialId: null} reports an CLOSED replica.
2019-10-10 04:48:42,293 [Thread-2719] INFO  impl.FollowerState (FollowerState.java:run(108)) - 90483036-9b36-46d1-b65a-0a23e6fe21eb@group-82A70A2D3684-FollowerState: change to CANDIDATE, lastRpcTime:5088ms, electionTimeout:5087ms
2019-10-10 04:48:42,293 [Thread-2719] INFO  impl.RoleInfo (RoleInfo.java:shutdownFollowerState(121)) - 90483036-9b36-46d1-b65a-0a23e6fe21eb: shutdown FollowerState
2019-10-10 04:48:42,294 [Thread-2719] INFO  impl.RaftServerImpl (RaftServerImpl.java:setRole(170)) - 90483036-9b36-46d1-b65a-0a23e6fe21eb@group-82A70A2D3684: changes role from  FOLLOWER to CANDIDATE at term 4 for changeToCandidate
2019-10-10 04:48:42,294 [Thread-2719] INFO  impl.RoleInfo (RoleInfo.java:updateAndGet(143)) - 90483036-9b36-46d1-b65a-0a23e6fe21eb: start LeaderElection
2019-10-10 04:48:42,358 [Thread-2721] INFO  impl.FollowerState (FollowerState.java:run(108)) - 6db7a4a1-51e9-438a-a052-847cb3d97b14@group-82A70A2D3684-FollowerState: change to CANDIDATE, lastRpcTime:5152ms, electionTimeout:5152ms
2019-10-10 04:48:42,358 [Thread-2721] INFO  impl.RoleInfo (RoleInfo.java:shutdownFollowerState(121)) - 6db7a4a1-51e9-438a-a052-847cb3d97b14: shutdown FollowerState
2019-10-10 04:48:42,358 [Thread-2721] INFO  impl.RaftServerImpl (RaftServerImpl.java:setRole(170)) - 6db7a4a1-51e9-438a-a052-847cb3d97b14@group-82A70A2D3684: changes role from  FOLLOWER to CANDIDATE at term 4 for changeToCandidate
2019-10-10 04:48:42,359 [Thread-2721] INFO  impl.RoleInfo (RoleInfo.java:updateAndGet(143)) - 6db7a4a1-51e9-438a-a052-847cb3d97b14: start LeaderElection
2019-10-10 04:48:42,370 [Thread-2720] INFO  impl.FollowerState (FollowerState.java:run(108)) - 84e93878-0fd6-451d-a14f-f78c8ed6dec7@group-82A70A2D3684-FollowerState: change to CANDIDATE, lastRpcTime:5164ms, electionTimeout:5164ms
2019-10-10 04:48:42,370 [Thread-2720] INFO  impl.RoleInfo (RoleInfo.java:shutdownFollowerState(121)) - 84e93878-0fd6-451d-a14f-f78c8ed6dec7: shutdown FollowerState
2019-10-10 04:48:42,370 [Thread-2720] INFO  impl.RaftServerImpl (RaftServerImpl.java:setRole(170)) - 84e93878-0fd6-451d-a14f-f78c8ed6dec7@group-82A70A2D3684: changes role from  FOLLOWER to CANDIDATE at term 4 for changeToCandidate
2019-10-10 04:48:42,370 [Thread-2720] INFO  impl.RoleInfo (RoleInfo.java:updateAndGet(143)) - 84e93878-0fd6-451d-a14f-f78c8ed6dec7: start LeaderElection
2019-10-10 04:48:42,600 [6db7a4a1-51e9-438a-a052-847cb3d97b14@group-82A70A2D3684-LeaderElection117] INFO  impl.LeaderElection (LeaderElection.java:askForVotes(178)) - 6db7a4a1-51e9-438a-a052-847cb3d97b14@group-82A70A2D3684-LeaderElection117: begin an election at term 5 for -1: [84e93878-0fd6-451d-a14f-f78c8ed6dec7:192.168.164.237:41549, 90483036-9b36-46d1-b65a-0a23e6fe21eb:192.168.164.237:33835, 6db7a4a1-51e9-438a-a052-847cb3d97b14:192.168.164.237:45723], old=null
2019-10-10 04:48:42,600 [90483036-9b36-46d1-b65a-0a23e6fe21eb@group-82A70A2D3684-LeaderElection116] INFO  impl.LeaderElection (LeaderElection.java:askForVotes(178)) - 90483036-9b36-46d1-b65a-0a23e6fe21eb@group-82A70A2D3684-LeaderElection116: begin an election at term 5 for -1: [84e93878-0fd6-451d-a14f-f78c8ed6dec7:192.168.164.237:41549, 90483036-9b36-46d1-b65a-0a23e6fe21eb:192.168.164.237:33835, 6db7a4a1-51e9-438a-a052-847cb3d97b14:192.168.164.237:45723], old=null
2019-10-10 04:48:42,600 [84e93878-0fd6-451d-a14f-f78c8ed6dec7@group-82A70A2D3684-LeaderElection118] INFO  impl.LeaderElection (LeaderElection.java:askForVotes(178)) - 84e93878-0fd6-451d-a14f-f78c8ed6dec7@group-82A70A2D3684-LeaderElection118: begin an election at term 5 for -1: [84e93878-0fd6-451d-a14f-f78c8ed6dec7:192.168.164.237:41549, 90483036-9b36-46d1-b65a-0a23e6fe21eb:192.168.164.237:33835, 6db7a4a1-51e9-438a-a052-847cb3d97b14:192.168.164.237:45723], old=null
2019-10-10 04:48:42,607 [84e93878-0fd6-451d-a14f-f78c8ed6dec7@group-82A70A2D3684-LeaderElection118] INFO  impl.LeaderElection (LeaderElection.java:logAndReturn(56)) - 84e93878-0fd6-451d-a14f-f78c8ed6dec7@group-82A70A2D3684-LeaderElection118: Election REJECTED; received 2 response(s) [84e93878-0fd6-451d-a14f-f78c8ed6dec7<-6db7a4a1-51e9-438a-a052-847cb3d97b14#0:FAIL-t5, 84e93878-0fd6-451d-a14f-f78c8ed6dec7<-90483036-9b36-46d1-b65a-0a23e6fe21eb#0:FAIL-t5] and 0 exception(s); 84e93878-0fd6-451d-a14f-f78c8ed6dec7@group-82A70A2D3684:t5, leader=null, voted=84e93878-0fd6-451d-a14f-f78c8ed6dec7, raftlog=84e93878-0fd6-451d-a14f-f78c8ed6dec7@group-82A70A2D3684-SegmentedRaftLog:OPENED:c-1,f-1,i0, conf=-1: [84e93878-0fd6-451d-a14f-f78c8ed6dec7:192.168.164.237:41549, 90483036-9b36-46d1-b65a-0a23e6fe21eb:192.168.164.237:33835, 6db7a4a1-51e9-438a-a052-847cb3d97b14:192.168.164.237:45723], old=null
2019-10-10 04:48:42,607 [84e93878-0fd6-451d-a14f-f78c8ed6dec7@group-82A70A2D3684-LeaderElection118] INFO  impl.RaftServerImpl (RaftServerImpl.java:setRole(170)) - 84e93878-0fd6-451d-a14f-f78c8ed6dec7@group-82A70A2D3684: changes role from CANDIDATE to FOLLOWER at term 5 for DISCOVERED_A_NEW_TERM
2019-10-10 04:48:42,607 [84e93878-0fd6-451d-a14f-f78c8ed6dec7@group-82A70A2D3684-LeaderElection118] INFO  impl.RoleInfo (RoleInfo.java:shutdownLeaderElection(134)) - 84e93878-0fd6-451d-a14f-f78c8ed6dec7: shutdown LeaderElection
2019-10-10 04:48:42,607 [84e93878-0fd6-451d-a14f-f78c8ed6dec7@group-82A70A2D3684-LeaderElection118] INFO  impl.RoleInfo (RoleInfo.java:updateAndGet(143)) - 84e93878-0fd6-451d-a14f-f78c8ed6dec7: start FollowerState
2019-10-10 04:48:42,607 [6db7a4a1-51e9-438a-a052-847cb3d97b14@group-82A70A2D3684-LeaderElection117] INFO  impl.LeaderElection (LeaderElection.java:logAndReturn(56)) - 6db7a4a1-51e9-438a-a052-847cb3d97b14@group-82A70A2D3684-LeaderElection117: Election REJECTED; received 2 response(s) [6db7a4a1-51e9-438a-a052-847cb3d97b14<-84e93878-0fd6-451d-a14f-f78c8ed6dec7#0:FAIL-t5, 6db7a4a1-51e9-438a-a052-847cb3d97b14<-90483036-9b36-46d1-b65a-0a23e6fe21eb#0:FAIL-t5] and 0 exception(s); 6db7a4a1-51e9-438a-a052-847cb3d97b14@group-82A70A2D3684:t5, leader=null, voted=6db7a4a1-51e9-438a-a052-847cb3d97b14, raftlog=6db7a4a1-51e9-438a-a052-847cb3d97b14@group-82A70A2D3684-SegmentedRaftLog:OPENED:c-1,f-1,i0, conf=-1: [84e93878-0fd6-451d-a14f-f78c8ed6dec7:192.168.164.237:41549, 90483036-9b36-46d1-b65a-0a23e6fe21eb:192.168.164.237:33835, 6db7a4a1-51e9-438a-a052-847cb3d97b14:192.168.164.237:45723], old=null
2019-10-10 04:48:42,608 [6db7a4a1-51e9-438a-a052-847cb3d97b14@group-82A70A2D3684-LeaderElection117] INFO  impl.RaftServerImpl (RaftServerImpl.java:setRole(170)) - 6db7a4a1-51e9-438a-a052-847cb3d97b14@group-82A70A2D3684: changes role from CANDIDATE to FOLLOWER at term 5 for DISCOVERED_A_NEW_TERM
2019-10-10 04:48:42,608 [6db7a4a1-51e9-438a-a052-847cb3d97b14@group-82A70A2D3684-LeaderElection117] INFO  impl.RoleInfo (RoleInfo.java:shutdownLeaderElection(134)) - 6db7a4a1-51e9-438a-a052-847cb3d97b14: shutdown LeaderElection
2019-10-10 04:48:42,608 [6db7a4a1-51e9-438a-a052-847cb3d97b14@group-82A70A2D3684-LeaderElection117] INFO  impl.RoleInfo (RoleInfo.java:updateAndGet(143)) - 6db7a4a1-51e9-438a-a052-847cb3d97b14: start FollowerState
2019-10-10 04:48:42,608 [90483036-9b36-46d1-b65a-0a23e6fe21eb@group-82A70A2D3684-LeaderElection116] INFO  impl.LeaderElection (LeaderElection.java:logAndReturn(56)) - 90483036-9b36-46d1-b65a-0a23e6fe21eb@group-82A70A2D3684-LeaderElection116: Election REJECTED; received 2 response(s) [90483036-9b36-46d1-b65a-0a23e6fe21eb<-84e93878-0fd6-451d-a14f-f78c8ed6dec7#0:FAIL-t5, 90483036-9b36-46d1-b65a-0a23e6fe21eb<-6db7a4a1-51e9-438a-a052-847cb3d97b14#0:FAIL-t5] and 0 exception(s); 90483036-9b36-46d1-b65a-0a23e6fe21eb@group-82A70A2D3684:t5, leader=null, voted=90483036-9b36-46d1-b65a-0a23e6fe21eb, raftlog=90483036-9b36-46d1-b65a-0a23e6fe21eb@group-82A70A2D3684-SegmentedRaftLog:OPENED:c-1,f-1,i0, conf=-1: [84e93878-0fd6-451d-a14f-f78c8ed6dec7:192.168.164.237:41549, 90483036-9b36-46d1-b65a-0a23e6fe21eb:192.168.164.237:33835, 6db7a4a1-51e9-438a-a052-847cb3d97b14:192.168.164.237:45723], old=null
2019-10-10 04:48:42,608 [90483036-9b36-46d1-b65a-0a23e6fe21eb@group-82A70A2D3684-LeaderElection116] INFO  impl.RaftServerImpl (RaftServerImpl.java:setRole(170)) - 90483036-9b36-46d1-b65a-0a23e6fe21eb@group-82A70A2D3684: changes role from CANDIDATE to FOLLOWER at term 5 for DISCOVERED_A_NEW_TERM
2019-10-10 04:48:42,609 [90483036-9b36-46d1-b65a-0a23e6fe21eb@group-82A70A2D3684-LeaderElection116] INFO  impl.RoleInfo (RoleInfo.java:shutdownLeaderElection(134)) - 90483036-9b36-46d1-b65a-0a23e6fe21eb: shutdown LeaderElection
2019-10-10 04:48:42,609 [90483036-9b36-46d1-b65a-0a23e6fe21eb@group-82A70A2D3684-LeaderElection116] INFO  impl.RoleInfo (RoleInfo.java:updateAndGet(143)) - 90483036-9b36-46d1-b65a-0a23e6fe21eb: start FollowerState
2019-10-10 04:48:43,467 [grpc-default-executor-1] WARN  server.GrpcLogAppender (LogUtils.java:warn(134)) - 9307d918-563a-4d90-936f-500dbe71c0e2@group-0BF830A4BC65->aca23d47-b808-4e01-8beb-f09838159148-AppendLogResponseHandler: Failed appendEntries: org.apache.ratis.thirdparty.io.grpc.StatusRuntimeException: UNAVAILABLE: io exception
2019-10-10 04:48:43,467 [grpc-default-executor-1] INFO  impl.FollowerInfo (FollowerInfo.java:lambda$new$0(51)) - 9307d918-563a-4d90-936f-500dbe71c0e2@group-0BF830A4BC65->aca23d47-b808-4e01-8beb-f09838159148: nextIndex: updateUnconditionally 1 -> 0
2019-10-10 04:48:44,217 [main] WARN  scm.XceiverClientRatis (XceiverClientRatis.java:watchForCommit(292)) - 3 way commit failed on pipeline Pipeline[ Id: 7f2ddf0e-b1ca-4d0e-888f-0bf830a4bc65, Nodes: aca23d47-b808-4e01-8beb-f09838159148{ip: 192.168.164.237, host: pr-hdds-1986-sk52v-1870103574, networkLocation: /default-rack, certSerialId: null}7b73df37-5ad1-4cbf-bfab-4fd2ac9b59eb{ip: 192.168.164.237, host: pr-hdds-1986-sk52v-1870103574, networkLocation: /default-rack, certSerialId: null}9307d918-563a-4d90-936f-500dbe71c0e2{ip: 192.168.164.237, host: pr-hdds-1986-sk52v-1870103574, networkLocation: /default-rack, certSerialId: null}, Type:RATIS, Factor:THREE, State:OPEN]
java.util.concurrent.TimeoutException
	at java.util.concurrent.CompletableFuture.timedGet(CompletableFuture.java:1771)
	at java.util.concurrent.CompletableFuture.get(CompletableFuture.java:1915)
	at org.apache.hadoop.hdds.scm.XceiverClientRatis.watchForCommit(XceiverClientRatis.java:289)
	at org.apache.hadoop.ozone.client.rpc.TestWatchForCommit.test2WayCommitForTimeoutException(TestWatchForCommit.java:391)
	at sun.reflect.NativeMethodAccessorImpl.invoke0(Native Method)
	at sun.reflect.NativeMethodAccessorImpl.invoke(NativeMethodAccessorImpl.java:62)
	at sun.reflect.DelegatingMethodAccessorImpl.invoke(DelegatingMethodAccessorImpl.java:43)
	at java.lang.reflect.Method.invoke(Method.java:498)
	at org.junit.runners.model.FrameworkMethod$1.runReflectiveCall(FrameworkMethod.java:47)
	at org.junit.internal.runners.model.ReflectiveCallable.run(ReflectiveCallable.java:12)
	at org.junit.runners.model.FrameworkMethod.invokeExplosively(FrameworkMethod.java:44)
	at org.junit.internal.runners.statements.InvokeMethod.evaluate(InvokeMethod.java:17)
	at org.junit.runners.ParentRunner.runLeaf(ParentRunner.java:271)
	at org.junit.runners.BlockJUnit4ClassRunner.runChild(BlockJUnit4ClassRunner.java:70)
	at org.junit.runners.BlockJUnit4ClassRunner.runChild(BlockJUnit4ClassRunner.java:50)
	at org.junit.runners.ParentRunner$3.run(ParentRunner.java:238)
	at org.junit.runners.ParentRunner$1.schedule(ParentRunner.java:63)
	at org.junit.runners.ParentRunner.runChildren(ParentRunner.java:236)
	at org.junit.runners.ParentRunner.access$000(ParentRunner.java:53)
	at org.junit.runners.ParentRunner$2.evaluate(ParentRunner.java:229)
	at org.junit.runners.ParentRunner.run(ParentRunner.java:309)
	at org.apache.maven.surefire.junit4.JUnit4Provider.execute(JUnit4Provider.java:365)
	at org.apache.maven.surefire.junit4.JUnit4Provider.executeWithRerun(JUnit4Provider.java:273)
	at org.apache.maven.surefire.junit4.JUnit4Provider.executeTestSet(JUnit4Provider.java:238)
	at org.apache.maven.surefire.junit4.JUnit4Provider.invoke(JUnit4Provider.java:159)
	at org.apache.maven.surefire.booter.ForkedBooter.invokeProviderInSameClassLoader(ForkedBooter.java:384)
	at org.apache.maven.surefire.booter.ForkedBooter.runSuitesInProcess(ForkedBooter.java:345)
	at org.apache.maven.surefire.booter.ForkedBooter.execute(ForkedBooter.java:126)
	at org.apache.maven.surefire.booter.ForkedBooter.main(ForkedBooter.java:418)
2019-10-10 04:48:44,228 [Thread-2773] INFO  client.GrpcClientProtocolService (GrpcClientProtocolService.java:lambda$processClientRequest$0(278)) - Failed RaftClientRequest:client-B31C320E0BAA->7b73df37-5ad1-4cbf-bfab-4fd2ac9b59eb@group-0BF830A4BC65, cid=104, seq=0, Watch-MAJORITY_COMMITTED(5), Message:<EMPTY>, reply=RaftClientReply:client-B31C320E0BAA->7b73df37-5ad1-4cbf-bfab-4fd2ac9b59eb@group-0BF830A4BC65, cid=104, FAILED org.apache.ratis.protocol.NotLeaderException: Server 7b73df37-5ad1-4cbf-bfab-4fd2ac9b59eb@group-0BF830A4BC65 is not the leader 9307d918-563a-4d90-936f-500dbe71c0e2:192.168.164.237:36463, logIndex=0, commits[7b73df37-5ad1-4cbf-bfab-4fd2ac9b59eb:c6, 9307d918-563a-4d90-936f-500dbe71c0e2:c6, aca23d47-b808-4e01-8beb-f09838159148:c2]
2019-10-10 04:48:45,967 [grpc-default-executor-7] WARN  server.GrpcLogAppender (LogUtils.java:warn(134)) - 9307d918-563a-4d90-936f-500dbe71c0e2@group-0BF830A4BC65->aca23d47-b808-4e01-8beb-f09838159148-AppendLogResponseHandler: Failed appendEntries: org.apache.ratis.thirdparty.io.grpc.StatusRuntimeException: UNAVAILABLE: io exception
2019-10-10 04:48:45,968 [grpc-default-executor-7] INFO  impl.FollowerInfo (FollowerInfo.java:lambda$new$0(51)) - 9307d918-563a-4d90-936f-500dbe71c0e2@group-0BF830A4BC65->aca23d47-b808-4e01-8beb-f09838159148: nextIndex: updateUnconditionally 0 -> 0
]]></system-out>
  </testcase>
</testsuite>