<?xml version="1.0" encoding="UTF-8"?>
<testsuite xmlns:xsi="http://www.w3.org/2001/XMLSchema-instance" xsi:noNamespaceSchemaLocation="https://maven.apache.org/surefire/maven-surefire-plugin/xsd/surefire-test-report.xsd" name="org.apache.hadoop.ozone.client.rpc.Test2WayCommitInRatis" time="39.132" tests="1" errors="1" skipped="0" failures="0">
  <properties>
    <property name="awt.toolkit" value="sun.awt.X11.XToolkit"/>
    <property name="file.encoding.pkg" value="sun.io"/>
    <property name="java.specification.version" value="1.8"/>
    <property name="sun.cpu.isalist" value=""/>
    <property name="sun.jnu.encoding" value="UTF-8"/>
    <property name="java.class.path" value="/workdir/hadoop-ozone/integration-test/target/test-classes:/workdir/hadoop-ozone/integration-test/target/classes:/home/user/.m2/repository/org/apache/hadoop/hadoop-ozone-common/0.5.0-SNAPSHOT/hadoop-ozone-common-0.5.0-SNAPSHOT.jar:/home/user/.m2/repository/org/apache/commons/commons-compress/1.4.1/commons-compress-1.4.1.jar:/home/user/.m2/repository/org/tukaani/xz/1.0/xz-1.0.jar:/home/user/.m2/repository/org/apache/hadoop/hadoop-common/3.2.0/hadoop-common-3.2.0.jar:/home/user/.m2/repository/org/apache/hadoop/hadoop-hdfs/3.2.0/hadoop-hdfs-3.2.0.jar:/home/user/.m2/repository/org/apache/hadoop/hadoop-hdfs-client/3.2.0/hadoop-hdfs-client-3.2.0.jar:/home/user/.m2/repository/com/fasterxml/jackson/core/jackson-annotations/2.9.9/jackson-annotations-2.9.9.jar:/home/user/.m2/repository/org/apache/hadoop/hadoop-hdds-common/0.5.0-SNAPSHOT/hadoop-hdds-common-0.5.0-SNAPSHOT.jar:/home/user/.m2/repository/javax/annotation/javax.annotation-api/1.2/javax.annotation-api-1.2.jar:/home/user/.m2/repository/org/apache/ratis/ratis-server/0.5.0-201fc85-SNAPSHOT/ratis-server-0.5.0-201fc85-SNAPSHOT.jar:/home/user/.m2/repository/org/apache/ratis/ratis-thirdparty-misc/0.2.0/ratis-thirdparty-misc-0.2.0.jar:/home/user/.m2/repository/org/apache/ratis/ratis-proto/0.5.0-201fc85-SNAPSHOT/ratis-proto-0.5.0-201fc85-SNAPSHOT.jar:/home/user/.m2/repository/org/apache/ratis/ratis-common/0.5.0-201fc85-SNAPSHOT/ratis-common-0.5.0-201fc85-SNAPSHOT.jar:/home/user/.m2/repository/org/apache/ratis/ratis-client/0.5.0-201fc85-SNAPSHOT/ratis-client-0.5.0-201fc85-SNAPSHOT.jar:/home/user/.m2/repository/org/apache/ratis/ratis-metrics/0.5.0-201fc85-SNAPSHOT/ratis-metrics-0.5.0-201fc85-SNAPSHOT.jar:/home/user/.m2/repository/com/github/joshelser/dropwizard-metrics-hadoop-metrics2-reporter/0.1.2/dropwizard-metrics-hadoop-metrics2-reporter-0.1.2.jar:/home/user/.m2/repository/io/dropwizard/metrics/metrics-jvm/3.2.5/metrics-jvm-3.2.5.jar:/home/user/.m2/repository/io/dropwizard/metrics/metrics-ganglia/3.2.5/metrics-ganglia-3.2.5.jar:/home/user/.m2/repository/info/ganglia/gmetric4j/gmetric4j/1.0.7/gmetric4j-1.0.7.jar:/home/user/.m2/repository/org/apache/ratis/ratis-netty/0.5.0-201fc85-SNAPSHOT/ratis-netty-0.5.0-201fc85-SNAPSHOT.jar:/home/user/.m2/repository/org/apache/ratis/ratis-grpc/0.5.0-201fc85-SNAPSHOT/ratis-grpc-0.5.0-201fc85-SNAPSHOT.jar:/home/user/.m2/repository/org/rocksdb/rocksdbjni/6.0.1/rocksdbjni-6.0.1.jar:/home/user/.m2/repository/org/apache/logging/log4j/log4j-api/2.11.0/log4j-api-2.11.0.jar:/home/user/.m2/repository/org/apache/logging/log4j/log4j-core/2.11.0/log4j-core-2.11.0.jar:/home/user/.m2/repository/com/lmax/disruptor/3.4.2/disruptor-3.4.2.jar:/home/user/.m2/repository/org/apache/commons/commons-pool2/2.6.0/commons-pool2-2.6.0.jar:/home/user/.m2/repository/org/bouncycastle/bcpkix-jdk15on/1.60/bcpkix-jdk15on-1.60.jar:/home/user/.m2/repository/commons-validator/commons-validator/1.6/commons-validator-1.6.jar:/home/user/.m2/repository/commons-digester/commons-digester/1.8.1/commons-digester-1.8.1.jar:/home/user/.m2/repository/io/jaegertracing/jaeger-client/0.34.0/jaeger-client-0.34.0.jar:/home/user/.m2/repository/io/jaegertracing/jaeger-thrift/0.34.0/jaeger-thrift-0.34.0.jar:/home/user/.m2/repository/org/apache/thrift/libthrift/0.12.0/libthrift-0.12.0.jar:/home/user/.m2/repository/com/squareup/okhttp3/okhttp/3.9.0/okhttp-3.9.0.jar:/home/user/.m2/repository/com/squareup/okio/okio/1.13.0/okio-1.13.0.jar:/home/user/.m2/repository/io/jaegertracing/jaeger-core/0.34.0/jaeger-core-0.34.0.jar:/home/user/.m2/repository/io/jaegertracing/jaeger-tracerresolver/0.34.0/jaeger-tracerresolver-0.34.0.jar:/home/user/.m2/repository/io/opentracing/contrib/opentracing-tracerresolver/0.1.5/opentracing-tracerresolver-0.1.5.jar:/home/user/.m2/repository/io/opentracing/opentracing-util/0.31.0/opentracing-util-0.31.0.jar:/home/user/.m2/repository/io/opentracing/opentracing-api/0.31.0/opentracing-api-0.31.0.jar:/home/user/.m2/repository/io/opentracing/opentracing-noop/0.31.0/opentracing-noop-0.31.0.jar:/home/user/.m2/repository/org/apache/hadoop/hadoop-hdds-server-framework/0.5.0-SNAPSHOT/hadoop-hdds-server-framework-0.5.0-SNAPSHOT.jar:/home/user/.m2/repository/org/apache/hadoop/hadoop-hdds-container-service/0.5.0-SNAPSHOT/hadoop-hdds-container-service-0.5.0-SNAPSHOT.jar:/home/user/.m2/repository/org/apache/hadoop/hadoop-hdds-client/0.5.0-SNAPSHOT/hadoop-hdds-client-0.5.0-SNAPSHOT.jar:/home/user/.m2/repository/org/apache/hadoop/hadoop-hdds-tools/0.5.0-SNAPSHOT/hadoop-hdds-tools-0.5.0-SNAPSHOT.jar:/home/user/.m2/repository/org/apache/hadoop/hadoop-hdds-server-scm/0.5.0-SNAPSHOT/hadoop-hdds-server-scm-0.5.0-SNAPSHOT.jar:/home/user/.m2/repository/org/apache/hadoop/hadoop-hdds-docs/0.5.0-SNAPSHOT/hadoop-hdds-docs-0.5.0-SNAPSHOT.jar:/home/user/.m2/repository/io/dropwizard/metrics/metrics-core/3.2.4/metrics-core-3.2.4.jar:/home/user/.m2/repository/org/hamcrest/hamcrest-all/1.3/hamcrest-all-1.3.jar:/home/user/.m2/repository/org/bouncycastle/bcprov-jdk15on/1.60/bcprov-jdk15on-1.60.jar:/home/user/.m2/repository/info/picocli/picocli/3.9.6/picocli-3.9.6.jar:/home/user/.m2/repository/com/google/protobuf/protobuf-java/2.5.0/protobuf-java-2.5.0.jar:/home/user/.m2/repository/com/google/guava/guava/11.0.2/guava-11.0.2.jar:/home/user/.m2/repository/org/apache/hadoop/hadoop-ozone-ozone-manager/0.5.0-SNAPSHOT/hadoop-ozone-ozone-manager-0.5.0-SNAPSHOT.jar:/home/user/.m2/repository/org/apache/hadoop/hadoop-minikdc/3.2.0/hadoop-minikdc-3.2.0.jar:/home/user/.m2/repository/commons-io/commons-io/2.5/commons-io-2.5.jar:/home/user/.m2/repository/org/apache/kerby/kerb-simplekdc/1.0.1/kerb-simplekdc-1.0.1.jar:/home/user/.m2/repository/org/apache/kerby/kerb-client/1.0.1/kerb-client-1.0.1.jar:/home/user/.m2/repository/org/apache/kerby/kerby-config/1.0.1/kerby-config-1.0.1.jar:/home/user/.m2/repository/org/apache/kerby/kerb-core/1.0.1/kerb-core-1.0.1.jar:/home/user/.m2/repository/org/apache/kerby/kerby-pkix/1.0.1/kerby-pkix-1.0.1.jar:/home/user/.m2/repository/org/apache/kerby/kerby-asn1/1.0.1/kerby-asn1-1.0.1.jar:/home/user/.m2/repository/org/apache/kerby/kerby-util/1.0.1/kerby-util-1.0.1.jar:/home/user/.m2/repository/org/apache/kerby/kerb-common/1.0.1/kerb-common-1.0.1.jar:/home/user/.m2/repository/org/apache/kerby/kerb-crypto/1.0.1/kerb-crypto-1.0.1.jar:/home/user/.m2/repository/org/apache/kerby/kerb-util/1.0.1/kerb-util-1.0.1.jar:/home/user/.m2/repository/org/apache/kerby/token-provider/1.0.1/token-provider-1.0.1.jar:/home/user/.m2/repository/org/apache/kerby/kerb-admin/1.0.1/kerb-admin-1.0.1.jar:/home/user/.m2/repository/org/apache/kerby/kerb-server/1.0.1/kerb-server-1.0.1.jar:/home/user/.m2/repository/org/apache/kerby/kerb-identity/1.0.1/kerb-identity-1.0.1.jar:/home/user/.m2/repository/org/apache/kerby/kerby-xdr/1.0.1/kerby-xdr-1.0.1.jar:/home/user/.m2/repository/org/slf4j/slf4j-log4j12/1.7.25/slf4j-log4j12-1.7.25.jar:/home/user/.m2/repository/org/apache/hadoop/hadoop-ozone-s3gateway/0.5.0-SNAPSHOT/hadoop-ozone-s3gateway-0.5.0-SNAPSHOT.jar:/home/user/.m2/repository/org/jboss/weld/servlet/weld-servlet/2.4.7.Final/weld-servlet-2.4.7.Final.jar:/home/user/.m2/repository/org/glassfish/jersey/containers/jersey-container-servlet-core/2.27/jersey-container-servlet-core-2.27.jar:/home/user/.m2/repository/org/glassfish/hk2/external/javax.inject/2.5.0-b42/javax.inject-2.5.0-b42.jar:/home/user/.m2/repository/org/glassfish/jersey/core/jersey-common/2.27/jersey-common-2.27.jar:/home/user/.m2/repository/org/glassfish/hk2/osgi-resource-locator/1.0.1/osgi-resource-locator-1.0.1.jar:/home/user/.m2/repository/javax/ws/rs/javax.ws.rs-api/2.1/javax.ws.rs-api-2.1.jar:/home/user/.m2/repository/org/glassfish/jersey/ext/cdi/jersey-cdi1x/2.27/jersey-cdi1x-2.27.jar:/home/user/.m2/repository/org/glassfish/jersey/inject/jersey-hk2/2.27/jersey-hk2-2.27.jar:/home/user/.m2/repository/org/glassfish/hk2/hk2-locator/2.5.0-b42/hk2-locator-2.5.0-b42.jar:/home/user/.m2/repository/org/javassist/javassist/3.22.0-CR2/javassist-3.22.0-CR2.jar:/home/user/.m2/repository/org/glassfish/hk2/hk2-api/2.5.0/hk2-api-2.5.0.jar:/home/user/.m2/repository/org/glassfish/hk2/external/jakarta.inject/2.5.0/jakarta.inject-2.5.0.jar:/home/user/.m2/repository/org/glassfish/hk2/hk2-utils/2.5.0/hk2-utils-2.5.0.jar:/home/user/.m2/repository/jakarta/annotation/jakarta.annotation-api/1.3.4/jakarta.annotation-api-1.3.4.jar:/home/user/.m2/repository/org/glassfish/hk2/external/aopalliance-repackaged/2.5.0/aopalliance-repackaged-2.5.0.jar:/home/user/.m2/repository/com/fasterxml/jackson/dataformat/jackson-dataformat-xml/2.9.0/jackson-dataformat-xml-2.9.0.jar:/home/user/.m2/repository/com/fasterxml/jackson/core/jackson-core/2.9.9/jackson-core-2.9.9.jar:/home/user/.m2/repository/com/fasterxml/jackson/module/jackson-module-jaxb-annotations/2.9.9/jackson-module-jaxb-annotations-2.9.9.jar:/home/user/.m2/repository/javax/enterprise/cdi-api/1.2/cdi-api-1.2.jar:/home/user/.m2/repository/javax/el/javax.el-api/3.0.0/javax.el-api-3.0.0.jar:/home/user/.m2/repository/javax/interceptor/javax.interceptor-api/1.2/javax.interceptor-api-1.2.jar:/home/user/.m2/repository/javax/inject/javax.inject/1/javax.inject-1.jar:/home/user/.m2/repository/com/sun/xml/bind/jaxb-impl/2.3.0.1/jaxb-impl-2.3.0.1.jar:/home/user/.m2/repository/com/sun/xml/bind/jaxb-core/2.3.0.1/jaxb-core-2.3.0.1.jar:/home/user/.m2/repository/javax/xml/bind/jaxb-api/2.3.0/jaxb-api-2.3.0.jar:/home/user/.m2/repository/javax/activation/activation/1.1.1/activation-1.1.1.jar:/home/user/.m2/repository/org/apache/hadoop/hadoop-ozone-csi/0.5.0-SNAPSHOT/hadoop-ozone-csi-0.5.0-SNAPSHOT.jar:/home/user/.m2/repository/com/google/protobuf/protobuf-java-util/3.5.1/protobuf-java-util-3.5.1.jar:/home/user/.m2/repository/org/apache/hadoop/hadoop-hdds-config/0.5.0-SNAPSHOT/hadoop-hdds-config-0.5.0-SNAPSHOT.jar:/home/user/.m2/repository/io/grpc/grpc-netty/1.17.1/grpc-netty-1.17.1.jar:/home/user/.m2/repository/io/grpc/grpc-core/1.17.1/grpc-core-1.17.1.jar:/home/user/.m2/repository/io/grpc/grpc-context/1.17.1/grpc-context-1.17.1.jar:/home/user/.m2/repository/com/google/errorprone/error_prone_annotations/2.2.0/error_prone_annotations-2.2.0.jar:/home/user/.m2/repository/org/codehaus/mojo/animal-sniffer-annotations/1.17/animal-sniffer-annotations-1.17.jar:/home/user/.m2/repository/io/opencensus/opencensus-api/0.17.0/opencensus-api-0.17.0.jar:/home/user/.m2/repository/io/opencensus/opencensus-contrib-grpc-metrics/0.17.0/opencensus-contrib-grpc-metrics-0.17.0.jar:/home/user/.m2/repository/io/netty/netty-codec-http2/4.1.30.Final/netty-codec-http2-4.1.30.Final.jar:/home/user/.m2/repository/io/netty/netty-codec-http/4.1.30.Final/netty-codec-http-4.1.30.Final.jar:/home/user/.m2/repository/io/netty/netty-codec/4.1.30.Final/netty-codec-4.1.30.Final.jar:/home/user/.m2/repository/io/netty/netty-handler/4.1.30.Final/netty-handler-4.1.30.Final.jar:/home/user/.m2/repository/io/netty/netty-handler-proxy/4.1.30.Final/netty-handler-proxy-4.1.30.Final.jar:/home/user/.m2/repository/io/netty/netty-codec-socks/4.1.30.Final/netty-codec-socks-4.1.30.Final.jar:/home/user/.m2/repository/io/netty/netty-transport-native-epoll/4.1.30.Final/netty-transport-native-epoll-4.1.30.Final.jar:/home/user/.m2/repository/io/netty/netty-common/4.1.30.Final/netty-common-4.1.30.Final.jar:/home/user/.m2/repository/io/netty/netty-buffer/4.1.30.Final/netty-buffer-4.1.30.Final.jar:/home/user/.m2/repository/io/netty/netty-transport/4.1.30.Final/netty-transport-4.1.30.Final.jar:/home/user/.m2/repository/io/netty/netty-resolver/4.1.30.Final/netty-resolver-4.1.30.Final.jar:/home/user/.m2/repository/io/netty/netty-transport-native-unix-common/4.1.30.Final/netty-transport-native-unix-common-4.1.30.Final.jar:/home/user/.m2/repository/io/grpc/grpc-protobuf/1.17.1/grpc-protobuf-1.17.1.jar:/home/user/.m2/repository/com/google/api/grpc/proto-google-common-protos/1.0.0/proto-google-common-protos-1.0.0.jar:/home/user/.m2/repository/io/grpc/grpc-protobuf-lite/1.17.1/grpc-protobuf-lite-1.17.1.jar:/home/user/.m2/repository/io/grpc/grpc-stub/1.17.1/grpc-stub-1.17.1.jar:/home/user/.m2/repository/org/apache/hadoop/hadoop-ozone-recon/0.5.0-SNAPSHOT/hadoop-ozone-recon-0.5.0-SNAPSHOT.jar:/home/user/.m2/repository/org/apache/hadoop/hadoop-ozone-reconcodegen/0.5.0-SNAPSHOT/hadoop-ozone-reconcodegen-0.5.0-SNAPSHOT.jar:/home/user/.m2/repository/com/google/inject/extensions/guice-multibindings/4.0/guice-multibindings-4.0.jar:/home/user/.m2/repository/com/google/inject/guice/4.0/guice-4.0.jar:/home/user/.m2/repository/aopalliance/aopalliance/1.0/aopalliance-1.0.jar:/home/user/.m2/repository/com/google/inject/extensions/guice-servlet/4.0/guice-servlet-4.0.jar:/home/user/.m2/repository/org/glassfish/jersey/containers/jersey-container-servlet/2.27/jersey-container-servlet-2.27.jar:/home/user/.m2/repository/org/glassfish/hk2/guice-bridge/2.5.0/guice-bridge-2.5.0.jar:/home/user/.m2/repository/org/glassfish/jersey/core/jersey-server/2.27/jersey-server-2.27.jar:/home/user/.m2/repository/org/glassfish/jersey/core/jersey-client/2.27/jersey-client-2.27.jar:/home/user/.m2/repository/org/glassfish/jersey/media/jersey-media-jaxb/2.27/jersey-media-jaxb-2.27.jar:/home/user/.m2/repository/javax/validation/validation-api/1.1.0.Final/validation-api-1.1.0.Final.jar:/home/user/.m2/repository/org/glassfish/jersey/media/jersey-media-json-jackson/2.27/jersey-media-json-jackson-2.27.jar:/home/user/.m2/repository/org/glassfish/jersey/ext/jersey-entity-filtering/2.27/jersey-entity-filtering-2.27.jar:/home/user/.m2/repository/com/google/inject/extensions/guice-assistedinject/4.0/guice-assistedinject-4.0.jar:/home/user/.m2/repository/org/jooq/jooq/3.11.10/jooq-3.11.10.jar:/home/user/.m2/repository/org/jooq/jooq-meta/3.11.10/jooq-meta-3.11.10.jar:/home/user/.m2/repository/org/jooq/jooq-codegen/3.11.10/jooq-codegen-3.11.10.jar:/home/user/.m2/repository/com/jolbox/bonecp/0.8.0.RELEASE/bonecp-0.8.0.RELEASE.jar:/home/user/.m2/repository/org/xerial/sqlite-jdbc/3.25.2/sqlite-jdbc-3.25.2.jar:/home/user/.m2/repository/org/springframework/spring-jdbc/5.1.3.RELEASE/spring-jdbc-5.1.3.RELEASE.jar:/home/user/.m2/repository/org/springframework/spring-beans/5.1.3.RELEASE/spring-beans-5.1.3.RELEASE.jar:/home/user/.m2/repository/org/springframework/spring-core/5.1.3.RELEASE/spring-core-5.1.3.RELEASE.jar:/home/user/.m2/repository/org/springframework/spring-jcl/5.1.3.RELEASE/spring-jcl-5.1.3.RELEASE.jar:/home/user/.m2/repository/org/springframework/spring-tx/5.1.3.RELEASE/spring-tx-5.1.3.RELEASE.jar:/home/user/.m2/repository/org/apache/hadoop/hadoop-ozone-client/0.5.0-SNAPSHOT/hadoop-ozone-client-0.5.0-SNAPSHOT.jar:/home/user/.m2/repository/commons-lang/commons-lang/2.6/commons-lang-2.6.jar:/home/user/.m2/repository/org/apache/hadoop/hadoop-ozone-ozone-manager/0.5.0-SNAPSHOT/hadoop-ozone-ozone-manager-0.5.0-SNAPSHOT-tests.jar:/home/user/.m2/repository/junit/junit/4.11/junit-4.11.jar:/home/user/.m2/repository/org/hamcrest/hamcrest-core/1.3/hamcrest-core-1.3.jar:/home/user/.m2/repository/org/openjdk/jmh/jmh-core/1.19/jmh-core-1.19.jar:/home/user/.m2/repository/net/sf/jopt-simple/jopt-simple/4.6/jopt-simple-4.6.jar:/home/user/.m2/repository/org/apache/commons/commons-math3/3.1.1/commons-math3-3.1.1.jar:/home/user/.m2/repository/org/openjdk/jmh/jmh-generator-annprocess/1.19/jmh-generator-annprocess-1.19.jar:/home/user/.m2/repository/org/mockito/mockito-all/1.8.5/mockito-all-1.8.5.jar:/home/user/.m2/repository/org/apache/hadoop/hadoop-kms/3.2.0/hadoop-kms-3.2.0.jar:/home/user/.m2/repository/org/apache/hadoop/hadoop-auth/3.2.0/hadoop-auth-3.2.0.jar:/home/user/.m2/repository/com/nimbusds/nimbus-jose-jwt/4.41.1/nimbus-jose-jwt-4.41.1.jar:/home/user/.m2/repository/com/github/stephenc/jcip/jcip-annotations/1.0-1/jcip-annotations-1.0-1.jar:/home/user/.m2/repository/net/minidev/json-smart/2.3/json-smart-2.3.jar:/home/user/.m2/repository/net/minidev/accessors-smart/1.2/accessors-smart-1.2.jar:/home/user/.m2/repository/org/ow2/asm/asm/5.0.4/asm-5.0.4.jar:/home/user/.m2/repository/org/apache/curator/curator-framework/2.12.0/curator-framework-2.12.0.jar:/home/user/.m2/repository/com/sun/jersey/jersey-core/1.19/jersey-core-1.19.jar:/home/user/.m2/repository/javax/ws/rs/jsr311-api/1.1.1/jsr311-api-1.1.1.jar:/home/user/.m2/repository/com/sun/jersey/jersey-server/1.19/jersey-server-1.19.jar:/home/user/.m2/repository/javax/servlet/javax.servlet-api/3.1.0/javax.servlet-api-3.1.0.jar:/home/user/.m2/repository/org/eclipse/jetty/jetty-server/9.3.25.v20180904/jetty-server-9.3.25.v20180904.jar:/home/user/.m2/repository/org/eclipse/jetty/jetty-http/9.3.25.v20180904/jetty-http-9.3.25.v20180904.jar:/home/user/.m2/repository/org/eclipse/jetty/jetty-io/9.3.25.v20180904/jetty-io-9.3.25.v20180904.jar:/home/user/.m2/repository/org/eclipse/jetty/jetty-webapp/9.3.25.v20180904/jetty-webapp-9.3.25.v20180904.jar:/home/user/.m2/repository/org/eclipse/jetty/jetty-xml/9.3.25.v20180904/jetty-xml-9.3.25.v20180904.jar:/home/user/.m2/repository/log4j/log4j/1.2.17/log4j-1.2.17.jar:/home/user/.m2/repository/org/slf4j/slf4j-api/1.7.25/slf4j-api-1.7.25.jar:/home/user/.m2/repository/org/slf4j/jul-to-slf4j/1.7.25/jul-to-slf4j-1.7.25.jar:/home/user/.m2/repository/org/eclipse/jetty/jetty-util/9.3.25.v20180904/jetty-util-9.3.25.v20180904.jar:/home/user/.m2/repository/com/fasterxml/jackson/core/jackson-databind/2.9.9/jackson-databind-2.9.9.jar:/home/user/.m2/repository/org/apache/hadoop/hadoop-kms/3.2.0/hadoop-kms-3.2.0-tests.jar:/home/user/.m2/repository/org/apache/hadoop/hadoop-hdds-server-scm/0.5.0-SNAPSHOT/hadoop-hdds-server-scm-0.5.0-SNAPSHOT-tests.jar:/home/user/.m2/repository/org/apache/hadoop/hadoop-hdds-container-service/0.5.0-SNAPSHOT/hadoop-hdds-container-service-0.5.0-SNAPSHOT-tests.jar:/home/user/.m2/repository/org/yaml/snakeyaml/1.16/snakeyaml-1.16.jar:/home/user/.m2/repository/org/apache/hadoop/hadoop-common/3.2.0/hadoop-common-3.2.0-tests.jar:/home/user/.m2/repository/org/apache/hadoop/hadoop-annotations/3.2.0/hadoop-annotations-3.2.0.jar:/usr/lib/jvm/java-1.8-openjdk/jre/../lib/tools.jar:/home/user/.m2/repository/commons-cli/commons-cli/1.2/commons-cli-1.2.jar:/home/user/.m2/repository/org/apache/httpcomponents/httpclient/4.5.2/httpclient-4.5.2.jar:/home/user/.m2/repository/org/apache/httpcomponents/httpcore/4.4.4/httpcore-4.4.4.jar:/home/user/.m2/repository/commons-codec/commons-codec/1.11/commons-codec-1.11.jar:/home/user/.m2/repository/commons-net/commons-net/3.6/commons-net-3.6.jar:/home/user/.m2/repository/commons-collections/commons-collections/3.2.2/commons-collections-3.2.2.jar:/home/user/.m2/repository/org/eclipse/jetty/jetty-servlet/9.3.25.v20180904/jetty-servlet-9.3.25.v20180904.jar:/home/user/.m2/repository/org/eclipse/jetty/jetty-security/9.3.25.v20180904/jetty-security-9.3.25.v20180904.jar:/home/user/.m2/repository/javax/servlet/jsp/jsp-api/2.1/jsp-api-2.1.jar:/home/user/.m2/repository/com/sun/jersey/jersey-servlet/1.19/jersey-servlet-1.19.jar:/home/user/.m2/repository/com/sun/jersey/jersey-json/1.19/jersey-json-1.19.jar:/home/user/.m2/repository/org/codehaus/jettison/jettison/1.1/jettison-1.1.jar:/home/user/.m2/repository/org/codehaus/jackson/jackson-core-asl/1.9.13/jackson-core-asl-1.9.13.jar:/home/user/.m2/repository/org/codehaus/jackson/jackson-mapper-asl/1.9.13/jackson-mapper-asl-1.9.13.jar:/home/user/.m2/repository/org/codehaus/jackson/jackson-jaxrs/1.9.13/jackson-jaxrs-1.9.13.jar:/home/user/.m2/repository/org/codehaus/jackson/jackson-xc/1.9.13/jackson-xc-1.9.13.jar:/home/user/.m2/repository/commons-logging/commons-logging/1.1.3/commons-logging-1.1.3.jar:/home/user/.m2/repository/commons-beanutils/commons-beanutils/1.9.4/commons-beanutils-1.9.4.jar:/home/user/.m2/repository/org/apache/commons/commons-configuration2/2.1.1/commons-configuration2-2.1.1.jar:/home/user/.m2/repository/org/apache/commons/commons-lang3/3.7/commons-lang3-3.7.jar:/home/user/.m2/repository/org/apache/commons/commons-text/1.4/commons-text-1.4.jar:/home/user/.m2/repository/org/apache/avro/avro/1.7.7/avro-1.7.7.jar:/home/user/.m2/repository/com/thoughtworks/paranamer/paranamer/2.3/paranamer-2.3.jar:/home/user/.m2/repository/org/xerial/snappy/snappy-java/1.0.5/snappy-java-1.0.5.jar:/home/user/.m2/repository/com/google/re2j/re2j/1.1/re2j-1.1.jar:/home/user/.m2/repository/com/google/code/gson/gson/2.2.4/gson-2.2.4.jar:/home/user/.m2/repository/com/jcraft/jsch/0.1.54/jsch-0.1.54.jar:/home/user/.m2/repository/org/apache/curator/curator-client/2.12.0/curator-client-2.12.0.jar:/home/user/.m2/repository/org/apache/curator/curator-recipes/2.12.0/curator-recipes-2.12.0.jar:/home/user/.m2/repository/com/google/code/findbugs/jsr305/3.0.0/jsr305-3.0.0.jar:/home/user/.m2/repository/org/apache/htrace/htrace-core4/4.1.0-incubating/htrace-core4-4.1.0-incubating.jar:/home/user/.m2/repository/org/apache/zookeeper/zookeeper/3.4.13/zookeeper-3.4.13.jar:/home/user/.m2/repository/jline/jline/0.9.94/jline-0.9.94.jar:/home/user/.m2/repository/org/apache/yetus/audience-annotations/0.5.0/audience-annotations-0.5.0.jar:/home/user/.m2/repository/org/codehaus/woodstox/stax2-api/3.1.4/stax2-api-3.1.4.jar:/home/user/.m2/repository/com/fasterxml/woodstox/woodstox-core/5.0.3/woodstox-core-5.0.3.jar:/home/user/.m2/repository/dnsjava/dnsjava/2.1.7/dnsjava-2.1.7.jar:/home/user/.m2/repository/org/apache/hadoop/hadoop-hdfs/3.2.0/hadoop-hdfs-3.2.0-tests.jar:/home/user/.m2/repository/org/eclipse/jetty/jetty-util-ajax/9.3.25.v20180904/jetty-util-ajax-9.3.25.v20180904.jar:/home/user/.m2/repository/commons-daemon/commons-daemon/1.0.13/commons-daemon-1.0.13.jar:/home/user/.m2/repository/io/netty/netty/3.10.5.Final/netty-3.10.5.Final.jar:/home/user/.m2/repository/io/netty/netty-all/4.0.52.Final/netty-all-4.0.52.Final.jar:/home/user/.m2/repository/org/fusesource/leveldbjni/leveldbjni-all/1.8/leveldbjni-all-1.8.jar:"/>
    <property name="java.vm.vendor" value="IcedTea"/>
    <property name="sun.arch.data.model" value="64"/>
    <property name="test.build.dir" value="/workdir/hadoop-ozone/integration-test/target/test-dir"/>
    <property name="test.cache.data" value=""/>
    <property name="java.vendor.url" value="https://icedtea.classpath.org"/>
    <property name="user.timezone" value=""/>
    <property name="java.vm.specification.version" value="1.8"/>
    <property name="os.name" value="Linux"/>
    <property name="test.build.data" value="/workdir/hadoop-ozone/integration-test/target/test-dir"/>
    <property name="user.country" value="US"/>
    <property name="sun.java.launcher" value="SUN_STANDARD"/>
    <property name="sun.boot.library.path" value="/usr/lib/jvm/java-1.8-openjdk/jre/lib/amd64"/>
    <property name="sun.java.command" value="/workdir/hadoop-ozone/integration-test/target/surefire/surefirebooter539471160172468207.jar /workdir/hadoop-ozone/integration-test/target/surefire 2019-10-05T00-06-16_250-jvmRun1 surefire2445640652751178210tmp surefire_47821155559953191298tmp"/>
    <property name="test" value="!TestMiniChaosOzoneCluster"/>
    <property name="surefire.test.class.path" value="/workdir/hadoop-ozone/integration-test/target/test-classes:/workdir/hadoop-ozone/integration-test/target/classes:/home/user/.m2/repository/org/apache/hadoop/hadoop-ozone-common/0.5.0-SNAPSHOT/hadoop-ozone-common-0.5.0-SNAPSHOT.jar:/home/user/.m2/repository/org/apache/commons/commons-compress/1.4.1/commons-compress-1.4.1.jar:/home/user/.m2/repository/org/tukaani/xz/1.0/xz-1.0.jar:/home/user/.m2/repository/org/apache/hadoop/hadoop-common/3.2.0/hadoop-common-3.2.0.jar:/home/user/.m2/repository/org/apache/hadoop/hadoop-hdfs/3.2.0/hadoop-hdfs-3.2.0.jar:/home/user/.m2/repository/org/apache/hadoop/hadoop-hdfs-client/3.2.0/hadoop-hdfs-client-3.2.0.jar:/home/user/.m2/repository/com/fasterxml/jackson/core/jackson-annotations/2.9.9/jackson-annotations-2.9.9.jar:/home/user/.m2/repository/org/apache/hadoop/hadoop-hdds-common/0.5.0-SNAPSHOT/hadoop-hdds-common-0.5.0-SNAPSHOT.jar:/home/user/.m2/repository/javax/annotation/javax.annotation-api/1.2/javax.annotation-api-1.2.jar:/home/user/.m2/repository/org/apache/ratis/ratis-server/0.5.0-201fc85-SNAPSHOT/ratis-server-0.5.0-201fc85-SNAPSHOT.jar:/home/user/.m2/repository/org/apache/ratis/ratis-thirdparty-misc/0.2.0/ratis-thirdparty-misc-0.2.0.jar:/home/user/.m2/repository/org/apache/ratis/ratis-proto/0.5.0-201fc85-SNAPSHOT/ratis-proto-0.5.0-201fc85-SNAPSHOT.jar:/home/user/.m2/repository/org/apache/ratis/ratis-common/0.5.0-201fc85-SNAPSHOT/ratis-common-0.5.0-201fc85-SNAPSHOT.jar:/home/user/.m2/repository/org/apache/ratis/ratis-client/0.5.0-201fc85-SNAPSHOT/ratis-client-0.5.0-201fc85-SNAPSHOT.jar:/home/user/.m2/repository/org/apache/ratis/ratis-metrics/0.5.0-201fc85-SNAPSHOT/ratis-metrics-0.5.0-201fc85-SNAPSHOT.jar:/home/user/.m2/repository/com/github/joshelser/dropwizard-metrics-hadoop-metrics2-reporter/0.1.2/dropwizard-metrics-hadoop-metrics2-reporter-0.1.2.jar:/home/user/.m2/repository/io/dropwizard/metrics/metrics-jvm/3.2.5/metrics-jvm-3.2.5.jar:/home/user/.m2/repository/io/dropwizard/metrics/metrics-ganglia/3.2.5/metrics-ganglia-3.2.5.jar:/home/user/.m2/repository/info/ganglia/gmetric4j/gmetric4j/1.0.7/gmetric4j-1.0.7.jar:/home/user/.m2/repository/org/apache/ratis/ratis-netty/0.5.0-201fc85-SNAPSHOT/ratis-netty-0.5.0-201fc85-SNAPSHOT.jar:/home/user/.m2/repository/org/apache/ratis/ratis-grpc/0.5.0-201fc85-SNAPSHOT/ratis-grpc-0.5.0-201fc85-SNAPSHOT.jar:/home/user/.m2/repository/org/rocksdb/rocksdbjni/6.0.1/rocksdbjni-6.0.1.jar:/home/user/.m2/repository/org/apache/logging/log4j/log4j-api/2.11.0/log4j-api-2.11.0.jar:/home/user/.m2/repository/org/apache/logging/log4j/log4j-core/2.11.0/log4j-core-2.11.0.jar:/home/user/.m2/repository/com/lmax/disruptor/3.4.2/disruptor-3.4.2.jar:/home/user/.m2/repository/org/apache/commons/commons-pool2/2.6.0/commons-pool2-2.6.0.jar:/home/user/.m2/repository/org/bouncycastle/bcpkix-jdk15on/1.60/bcpkix-jdk15on-1.60.jar:/home/user/.m2/repository/commons-validator/commons-validator/1.6/commons-validator-1.6.jar:/home/user/.m2/repository/commons-digester/commons-digester/1.8.1/commons-digester-1.8.1.jar:/home/user/.m2/repository/io/jaegertracing/jaeger-client/0.34.0/jaeger-client-0.34.0.jar:/home/user/.m2/repository/io/jaegertracing/jaeger-thrift/0.34.0/jaeger-thrift-0.34.0.jar:/home/user/.m2/repository/org/apache/thrift/libthrift/0.12.0/libthrift-0.12.0.jar:/home/user/.m2/repository/com/squareup/okhttp3/okhttp/3.9.0/okhttp-3.9.0.jar:/home/user/.m2/repository/com/squareup/okio/okio/1.13.0/okio-1.13.0.jar:/home/user/.m2/repository/io/jaegertracing/jaeger-core/0.34.0/jaeger-core-0.34.0.jar:/home/user/.m2/repository/io/jaegertracing/jaeger-tracerresolver/0.34.0/jaeger-tracerresolver-0.34.0.jar:/home/user/.m2/repository/io/opentracing/contrib/opentracing-tracerresolver/0.1.5/opentracing-tracerresolver-0.1.5.jar:/home/user/.m2/repository/io/opentracing/opentracing-util/0.31.0/opentracing-util-0.31.0.jar:/home/user/.m2/repository/io/opentracing/opentracing-api/0.31.0/opentracing-api-0.31.0.jar:/home/user/.m2/repository/io/opentracing/opentracing-noop/0.31.0/opentracing-noop-0.31.0.jar:/home/user/.m2/repository/org/apache/hadoop/hadoop-hdds-server-framework/0.5.0-SNAPSHOT/hadoop-hdds-server-framework-0.5.0-SNAPSHOT.jar:/home/user/.m2/repository/org/apache/hadoop/hadoop-hdds-container-service/0.5.0-SNAPSHOT/hadoop-hdds-container-service-0.5.0-SNAPSHOT.jar:/home/user/.m2/repository/org/apache/hadoop/hadoop-hdds-client/0.5.0-SNAPSHOT/hadoop-hdds-client-0.5.0-SNAPSHOT.jar:/home/user/.m2/repository/org/apache/hadoop/hadoop-hdds-tools/0.5.0-SNAPSHOT/hadoop-hdds-tools-0.5.0-SNAPSHOT.jar:/home/user/.m2/repository/org/apache/hadoop/hadoop-hdds-server-scm/0.5.0-SNAPSHOT/hadoop-hdds-server-scm-0.5.0-SNAPSHOT.jar:/home/user/.m2/repository/org/apache/hadoop/hadoop-hdds-docs/0.5.0-SNAPSHOT/hadoop-hdds-docs-0.5.0-SNAPSHOT.jar:/home/user/.m2/repository/io/dropwizard/metrics/metrics-core/3.2.4/metrics-core-3.2.4.jar:/home/user/.m2/repository/org/hamcrest/hamcrest-all/1.3/hamcrest-all-1.3.jar:/home/user/.m2/repository/org/bouncycastle/bcprov-jdk15on/1.60/bcprov-jdk15on-1.60.jar:/home/user/.m2/repository/info/picocli/picocli/3.9.6/picocli-3.9.6.jar:/home/user/.m2/repository/com/google/protobuf/protobuf-java/2.5.0/protobuf-java-2.5.0.jar:/home/user/.m2/repository/com/google/guava/guava/11.0.2/guava-11.0.2.jar:/home/user/.m2/repository/org/apache/hadoop/hadoop-ozone-ozone-manager/0.5.0-SNAPSHOT/hadoop-ozone-ozone-manager-0.5.0-SNAPSHOT.jar:/home/user/.m2/repository/org/apache/hadoop/hadoop-minikdc/3.2.0/hadoop-minikdc-3.2.0.jar:/home/user/.m2/repository/commons-io/commons-io/2.5/commons-io-2.5.jar:/home/user/.m2/repository/org/apache/kerby/kerb-simplekdc/1.0.1/kerb-simplekdc-1.0.1.jar:/home/user/.m2/repository/org/apache/kerby/kerb-client/1.0.1/kerb-client-1.0.1.jar:/home/user/.m2/repository/org/apache/kerby/kerby-config/1.0.1/kerby-config-1.0.1.jar:/home/user/.m2/repository/org/apache/kerby/kerb-core/1.0.1/kerb-core-1.0.1.jar:/home/user/.m2/repository/org/apache/kerby/kerby-pkix/1.0.1/kerby-pkix-1.0.1.jar:/home/user/.m2/repository/org/apache/kerby/kerby-asn1/1.0.1/kerby-asn1-1.0.1.jar:/home/user/.m2/repository/org/apache/kerby/kerby-util/1.0.1/kerby-util-1.0.1.jar:/home/user/.m2/repository/org/apache/kerby/kerb-common/1.0.1/kerb-common-1.0.1.jar:/home/user/.m2/repository/org/apache/kerby/kerb-crypto/1.0.1/kerb-crypto-1.0.1.jar:/home/user/.m2/repository/org/apache/kerby/kerb-util/1.0.1/kerb-util-1.0.1.jar:/home/user/.m2/repository/org/apache/kerby/token-provider/1.0.1/token-provider-1.0.1.jar:/home/user/.m2/repository/org/apache/kerby/kerb-admin/1.0.1/kerb-admin-1.0.1.jar:/home/user/.m2/repository/org/apache/kerby/kerb-server/1.0.1/kerb-server-1.0.1.jar:/home/user/.m2/repository/org/apache/kerby/kerb-identity/1.0.1/kerb-identity-1.0.1.jar:/home/user/.m2/repository/org/apache/kerby/kerby-xdr/1.0.1/kerby-xdr-1.0.1.jar:/home/user/.m2/repository/org/slf4j/slf4j-log4j12/1.7.25/slf4j-log4j12-1.7.25.jar:/home/user/.m2/repository/org/apache/hadoop/hadoop-ozone-s3gateway/0.5.0-SNAPSHOT/hadoop-ozone-s3gateway-0.5.0-SNAPSHOT.jar:/home/user/.m2/repository/org/jboss/weld/servlet/weld-servlet/2.4.7.Final/weld-servlet-2.4.7.Final.jar:/home/user/.m2/repository/org/glassfish/jersey/containers/jersey-container-servlet-core/2.27/jersey-container-servlet-core-2.27.jar:/home/user/.m2/repository/org/glassfish/hk2/external/javax.inject/2.5.0-b42/javax.inject-2.5.0-b42.jar:/home/user/.m2/repository/org/glassfish/jersey/core/jersey-common/2.27/jersey-common-2.27.jar:/home/user/.m2/repository/org/glassfish/hk2/osgi-resource-locator/1.0.1/osgi-resource-locator-1.0.1.jar:/home/user/.m2/repository/javax/ws/rs/javax.ws.rs-api/2.1/javax.ws.rs-api-2.1.jar:/home/user/.m2/repository/org/glassfish/jersey/ext/cdi/jersey-cdi1x/2.27/jersey-cdi1x-2.27.jar:/home/user/.m2/repository/org/glassfish/jersey/inject/jersey-hk2/2.27/jersey-hk2-2.27.jar:/home/user/.m2/repository/org/glassfish/hk2/hk2-locator/2.5.0-b42/hk2-locator-2.5.0-b42.jar:/home/user/.m2/repository/org/javassist/javassist/3.22.0-CR2/javassist-3.22.0-CR2.jar:/home/user/.m2/repository/org/glassfish/hk2/hk2-api/2.5.0/hk2-api-2.5.0.jar:/home/user/.m2/repository/org/glassfish/hk2/external/jakarta.inject/2.5.0/jakarta.inject-2.5.0.jar:/home/user/.m2/repository/org/glassfish/hk2/hk2-utils/2.5.0/hk2-utils-2.5.0.jar:/home/user/.m2/repository/jakarta/annotation/jakarta.annotation-api/1.3.4/jakarta.annotation-api-1.3.4.jar:/home/user/.m2/repository/org/glassfish/hk2/external/aopalliance-repackaged/2.5.0/aopalliance-repackaged-2.5.0.jar:/home/user/.m2/repository/com/fasterxml/jackson/dataformat/jackson-dataformat-xml/2.9.0/jackson-dataformat-xml-2.9.0.jar:/home/user/.m2/repository/com/fasterxml/jackson/core/jackson-core/2.9.9/jackson-core-2.9.9.jar:/home/user/.m2/repository/com/fasterxml/jackson/module/jackson-module-jaxb-annotations/2.9.9/jackson-module-jaxb-annotations-2.9.9.jar:/home/user/.m2/repository/javax/enterprise/cdi-api/1.2/cdi-api-1.2.jar:/home/user/.m2/repository/javax/el/javax.el-api/3.0.0/javax.el-api-3.0.0.jar:/home/user/.m2/repository/javax/interceptor/javax.interceptor-api/1.2/javax.interceptor-api-1.2.jar:/home/user/.m2/repository/javax/inject/javax.inject/1/javax.inject-1.jar:/home/user/.m2/repository/com/sun/xml/bind/jaxb-impl/2.3.0.1/jaxb-impl-2.3.0.1.jar:/home/user/.m2/repository/com/sun/xml/bind/jaxb-core/2.3.0.1/jaxb-core-2.3.0.1.jar:/home/user/.m2/repository/javax/xml/bind/jaxb-api/2.3.0/jaxb-api-2.3.0.jar:/home/user/.m2/repository/javax/activation/activation/1.1.1/activation-1.1.1.jar:/home/user/.m2/repository/org/apache/hadoop/hadoop-ozone-csi/0.5.0-SNAPSHOT/hadoop-ozone-csi-0.5.0-SNAPSHOT.jar:/home/user/.m2/repository/com/google/protobuf/protobuf-java-util/3.5.1/protobuf-java-util-3.5.1.jar:/home/user/.m2/repository/org/apache/hadoop/hadoop-hdds-config/0.5.0-SNAPSHOT/hadoop-hdds-config-0.5.0-SNAPSHOT.jar:/home/user/.m2/repository/io/grpc/grpc-netty/1.17.1/grpc-netty-1.17.1.jar:/home/user/.m2/repository/io/grpc/grpc-core/1.17.1/grpc-core-1.17.1.jar:/home/user/.m2/repository/io/grpc/grpc-context/1.17.1/grpc-context-1.17.1.jar:/home/user/.m2/repository/com/google/errorprone/error_prone_annotations/2.2.0/error_prone_annotations-2.2.0.jar:/home/user/.m2/repository/org/codehaus/mojo/animal-sniffer-annotations/1.17/animal-sniffer-annotations-1.17.jar:/home/user/.m2/repository/io/opencensus/opencensus-api/0.17.0/opencensus-api-0.17.0.jar:/home/user/.m2/repository/io/opencensus/opencensus-contrib-grpc-metrics/0.17.0/opencensus-contrib-grpc-metrics-0.17.0.jar:/home/user/.m2/repository/io/netty/netty-codec-http2/4.1.30.Final/netty-codec-http2-4.1.30.Final.jar:/home/user/.m2/repository/io/netty/netty-codec-http/4.1.30.Final/netty-codec-http-4.1.30.Final.jar:/home/user/.m2/repository/io/netty/netty-codec/4.1.30.Final/netty-codec-4.1.30.Final.jar:/home/user/.m2/repository/io/netty/netty-handler/4.1.30.Final/netty-handler-4.1.30.Final.jar:/home/user/.m2/repository/io/netty/netty-handler-proxy/4.1.30.Final/netty-handler-proxy-4.1.30.Final.jar:/home/user/.m2/repository/io/netty/netty-codec-socks/4.1.30.Final/netty-codec-socks-4.1.30.Final.jar:/home/user/.m2/repository/io/netty/netty-transport-native-epoll/4.1.30.Final/netty-transport-native-epoll-4.1.30.Final.jar:/home/user/.m2/repository/io/netty/netty-common/4.1.30.Final/netty-common-4.1.30.Final.jar:/home/user/.m2/repository/io/netty/netty-buffer/4.1.30.Final/netty-buffer-4.1.30.Final.jar:/home/user/.m2/repository/io/netty/netty-transport/4.1.30.Final/netty-transport-4.1.30.Final.jar:/home/user/.m2/repository/io/netty/netty-resolver/4.1.30.Final/netty-resolver-4.1.30.Final.jar:/home/user/.m2/repository/io/netty/netty-transport-native-unix-common/4.1.30.Final/netty-transport-native-unix-common-4.1.30.Final.jar:/home/user/.m2/repository/io/grpc/grpc-protobuf/1.17.1/grpc-protobuf-1.17.1.jar:/home/user/.m2/repository/com/google/api/grpc/proto-google-common-protos/1.0.0/proto-google-common-protos-1.0.0.jar:/home/user/.m2/repository/io/grpc/grpc-protobuf-lite/1.17.1/grpc-protobuf-lite-1.17.1.jar:/home/user/.m2/repository/io/grpc/grpc-stub/1.17.1/grpc-stub-1.17.1.jar:/home/user/.m2/repository/org/apache/hadoop/hadoop-ozone-recon/0.5.0-SNAPSHOT/hadoop-ozone-recon-0.5.0-SNAPSHOT.jar:/home/user/.m2/repository/org/apache/hadoop/hadoop-ozone-reconcodegen/0.5.0-SNAPSHOT/hadoop-ozone-reconcodegen-0.5.0-SNAPSHOT.jar:/home/user/.m2/repository/com/google/inject/extensions/guice-multibindings/4.0/guice-multibindings-4.0.jar:/home/user/.m2/repository/com/google/inject/guice/4.0/guice-4.0.jar:/home/user/.m2/repository/aopalliance/aopalliance/1.0/aopalliance-1.0.jar:/home/user/.m2/repository/com/google/inject/extensions/guice-servlet/4.0/guice-servlet-4.0.jar:/home/user/.m2/repository/org/glassfish/jersey/containers/jersey-container-servlet/2.27/jersey-container-servlet-2.27.jar:/home/user/.m2/repository/org/glassfish/hk2/guice-bridge/2.5.0/guice-bridge-2.5.0.jar:/home/user/.m2/repository/org/glassfish/jersey/core/jersey-server/2.27/jersey-server-2.27.jar:/home/user/.m2/repository/org/glassfish/jersey/core/jersey-client/2.27/jersey-client-2.27.jar:/home/user/.m2/repository/org/glassfish/jersey/media/jersey-media-jaxb/2.27/jersey-media-jaxb-2.27.jar:/home/user/.m2/repository/javax/validation/validation-api/1.1.0.Final/validation-api-1.1.0.Final.jar:/home/user/.m2/repository/org/glassfish/jersey/media/jersey-media-json-jackson/2.27/jersey-media-json-jackson-2.27.jar:/home/user/.m2/repository/org/glassfish/jersey/ext/jersey-entity-filtering/2.27/jersey-entity-filtering-2.27.jar:/home/user/.m2/repository/com/google/inject/extensions/guice-assistedinject/4.0/guice-assistedinject-4.0.jar:/home/user/.m2/repository/org/jooq/jooq/3.11.10/jooq-3.11.10.jar:/home/user/.m2/repository/org/jooq/jooq-meta/3.11.10/jooq-meta-3.11.10.jar:/home/user/.m2/repository/org/jooq/jooq-codegen/3.11.10/jooq-codegen-3.11.10.jar:/home/user/.m2/repository/com/jolbox/bonecp/0.8.0.RELEASE/bonecp-0.8.0.RELEASE.jar:/home/user/.m2/repository/org/xerial/sqlite-jdbc/3.25.2/sqlite-jdbc-3.25.2.jar:/home/user/.m2/repository/org/springframework/spring-jdbc/5.1.3.RELEASE/spring-jdbc-5.1.3.RELEASE.jar:/home/user/.m2/repository/org/springframework/spring-beans/5.1.3.RELEASE/spring-beans-5.1.3.RELEASE.jar:/home/user/.m2/repository/org/springframework/spring-core/5.1.3.RELEASE/spring-core-5.1.3.RELEASE.jar:/home/user/.m2/repository/org/springframework/spring-jcl/5.1.3.RELEASE/spring-jcl-5.1.3.RELEASE.jar:/home/user/.m2/repository/org/springframework/spring-tx/5.1.3.RELEASE/spring-tx-5.1.3.RELEASE.jar:/home/user/.m2/repository/org/apache/hadoop/hadoop-ozone-client/0.5.0-SNAPSHOT/hadoop-ozone-client-0.5.0-SNAPSHOT.jar:/home/user/.m2/repository/commons-lang/commons-lang/2.6/commons-lang-2.6.jar:/home/user/.m2/repository/org/apache/hadoop/hadoop-ozone-ozone-manager/0.5.0-SNAPSHOT/hadoop-ozone-ozone-manager-0.5.0-SNAPSHOT-tests.jar:/home/user/.m2/repository/junit/junit/4.11/junit-4.11.jar:/home/user/.m2/repository/org/hamcrest/hamcrest-core/1.3/hamcrest-core-1.3.jar:/home/user/.m2/repository/org/openjdk/jmh/jmh-core/1.19/jmh-core-1.19.jar:/home/user/.m2/repository/net/sf/jopt-simple/jopt-simple/4.6/jopt-simple-4.6.jar:/home/user/.m2/repository/org/apache/commons/commons-math3/3.1.1/commons-math3-3.1.1.jar:/home/user/.m2/repository/org/openjdk/jmh/jmh-generator-annprocess/1.19/jmh-generator-annprocess-1.19.jar:/home/user/.m2/repository/org/mockito/mockito-all/1.8.5/mockito-all-1.8.5.jar:/home/user/.m2/repository/org/apache/hadoop/hadoop-kms/3.2.0/hadoop-kms-3.2.0.jar:/home/user/.m2/repository/org/apache/hadoop/hadoop-auth/3.2.0/hadoop-auth-3.2.0.jar:/home/user/.m2/repository/com/nimbusds/nimbus-jose-jwt/4.41.1/nimbus-jose-jwt-4.41.1.jar:/home/user/.m2/repository/com/github/stephenc/jcip/jcip-annotations/1.0-1/jcip-annotations-1.0-1.jar:/home/user/.m2/repository/net/minidev/json-smart/2.3/json-smart-2.3.jar:/home/user/.m2/repository/net/minidev/accessors-smart/1.2/accessors-smart-1.2.jar:/home/user/.m2/repository/org/ow2/asm/asm/5.0.4/asm-5.0.4.jar:/home/user/.m2/repository/org/apache/curator/curator-framework/2.12.0/curator-framework-2.12.0.jar:/home/user/.m2/repository/com/sun/jersey/jersey-core/1.19/jersey-core-1.19.jar:/home/user/.m2/repository/javax/ws/rs/jsr311-api/1.1.1/jsr311-api-1.1.1.jar:/home/user/.m2/repository/com/sun/jersey/jersey-server/1.19/jersey-server-1.19.jar:/home/user/.m2/repository/javax/servlet/javax.servlet-api/3.1.0/javax.servlet-api-3.1.0.jar:/home/user/.m2/repository/org/eclipse/jetty/jetty-server/9.3.25.v20180904/jetty-server-9.3.25.v20180904.jar:/home/user/.m2/repository/org/eclipse/jetty/jetty-http/9.3.25.v20180904/jetty-http-9.3.25.v20180904.jar:/home/user/.m2/repository/org/eclipse/jetty/jetty-io/9.3.25.v20180904/jetty-io-9.3.25.v20180904.jar:/home/user/.m2/repository/org/eclipse/jetty/jetty-webapp/9.3.25.v20180904/jetty-webapp-9.3.25.v20180904.jar:/home/user/.m2/repository/org/eclipse/jetty/jetty-xml/9.3.25.v20180904/jetty-xml-9.3.25.v20180904.jar:/home/user/.m2/repository/log4j/log4j/1.2.17/log4j-1.2.17.jar:/home/user/.m2/repository/org/slf4j/slf4j-api/1.7.25/slf4j-api-1.7.25.jar:/home/user/.m2/repository/org/slf4j/jul-to-slf4j/1.7.25/jul-to-slf4j-1.7.25.jar:/home/user/.m2/repository/org/eclipse/jetty/jetty-util/9.3.25.v20180904/jetty-util-9.3.25.v20180904.jar:/home/user/.m2/repository/com/fasterxml/jackson/core/jackson-databind/2.9.9/jackson-databind-2.9.9.jar:/home/user/.m2/repository/org/apache/hadoop/hadoop-kms/3.2.0/hadoop-kms-3.2.0-tests.jar:/home/user/.m2/repository/org/apache/hadoop/hadoop-hdds-server-scm/0.5.0-SNAPSHOT/hadoop-hdds-server-scm-0.5.0-SNAPSHOT-tests.jar:/home/user/.m2/repository/org/apache/hadoop/hadoop-hdds-container-service/0.5.0-SNAPSHOT/hadoop-hdds-container-service-0.5.0-SNAPSHOT-tests.jar:/home/user/.m2/repository/org/yaml/snakeyaml/1.16/snakeyaml-1.16.jar:/home/user/.m2/repository/org/apache/hadoop/hadoop-common/3.2.0/hadoop-common-3.2.0-tests.jar:/home/user/.m2/repository/org/apache/hadoop/hadoop-annotations/3.2.0/hadoop-annotations-3.2.0.jar:/usr/lib/jvm/java-1.8-openjdk/jre/../lib/tools.jar:/home/user/.m2/repository/commons-cli/commons-cli/1.2/commons-cli-1.2.jar:/home/user/.m2/repository/org/apache/httpcomponents/httpclient/4.5.2/httpclient-4.5.2.jar:/home/user/.m2/repository/org/apache/httpcomponents/httpcore/4.4.4/httpcore-4.4.4.jar:/home/user/.m2/repository/commons-codec/commons-codec/1.11/commons-codec-1.11.jar:/home/user/.m2/repository/commons-net/commons-net/3.6/commons-net-3.6.jar:/home/user/.m2/repository/commons-collections/commons-collections/3.2.2/commons-collections-3.2.2.jar:/home/user/.m2/repository/org/eclipse/jetty/jetty-servlet/9.3.25.v20180904/jetty-servlet-9.3.25.v20180904.jar:/home/user/.m2/repository/org/eclipse/jetty/jetty-security/9.3.25.v20180904/jetty-security-9.3.25.v20180904.jar:/home/user/.m2/repository/javax/servlet/jsp/jsp-api/2.1/jsp-api-2.1.jar:/home/user/.m2/repository/com/sun/jersey/jersey-servlet/1.19/jersey-servlet-1.19.jar:/home/user/.m2/repository/com/sun/jersey/jersey-json/1.19/jersey-json-1.19.jar:/home/user/.m2/repository/org/codehaus/jettison/jettison/1.1/jettison-1.1.jar:/home/user/.m2/repository/org/codehaus/jackson/jackson-core-asl/1.9.13/jackson-core-asl-1.9.13.jar:/home/user/.m2/repository/org/codehaus/jackson/jackson-mapper-asl/1.9.13/jackson-mapper-asl-1.9.13.jar:/home/user/.m2/repository/org/codehaus/jackson/jackson-jaxrs/1.9.13/jackson-jaxrs-1.9.13.jar:/home/user/.m2/repository/org/codehaus/jackson/jackson-xc/1.9.13/jackson-xc-1.9.13.jar:/home/user/.m2/repository/commons-logging/commons-logging/1.1.3/commons-logging-1.1.3.jar:/home/user/.m2/repository/commons-beanutils/commons-beanutils/1.9.4/commons-beanutils-1.9.4.jar:/home/user/.m2/repository/org/apache/commons/commons-configuration2/2.1.1/commons-configuration2-2.1.1.jar:/home/user/.m2/repository/org/apache/commons/commons-lang3/3.7/commons-lang3-3.7.jar:/home/user/.m2/repository/org/apache/commons/commons-text/1.4/commons-text-1.4.jar:/home/user/.m2/repository/org/apache/avro/avro/1.7.7/avro-1.7.7.jar:/home/user/.m2/repository/com/thoughtworks/paranamer/paranamer/2.3/paranamer-2.3.jar:/home/user/.m2/repository/org/xerial/snappy/snappy-java/1.0.5/snappy-java-1.0.5.jar:/home/user/.m2/repository/com/google/re2j/re2j/1.1/re2j-1.1.jar:/home/user/.m2/repository/com/google/code/gson/gson/2.2.4/gson-2.2.4.jar:/home/user/.m2/repository/com/jcraft/jsch/0.1.54/jsch-0.1.54.jar:/home/user/.m2/repository/org/apache/curator/curator-client/2.12.0/curator-client-2.12.0.jar:/home/user/.m2/repository/org/apache/curator/curator-recipes/2.12.0/curator-recipes-2.12.0.jar:/home/user/.m2/repository/com/google/code/findbugs/jsr305/3.0.0/jsr305-3.0.0.jar:/home/user/.m2/repository/org/apache/htrace/htrace-core4/4.1.0-incubating/htrace-core4-4.1.0-incubating.jar:/home/user/.m2/repository/org/apache/zookeeper/zookeeper/3.4.13/zookeeper-3.4.13.jar:/home/user/.m2/repository/jline/jline/0.9.94/jline-0.9.94.jar:/home/user/.m2/repository/org/apache/yetus/audience-annotations/0.5.0/audience-annotations-0.5.0.jar:/home/user/.m2/repository/org/codehaus/woodstox/stax2-api/3.1.4/stax2-api-3.1.4.jar:/home/user/.m2/repository/com/fasterxml/woodstox/woodstox-core/5.0.3/woodstox-core-5.0.3.jar:/home/user/.m2/repository/dnsjava/dnsjava/2.1.7/dnsjava-2.1.7.jar:/home/user/.m2/repository/org/apache/hadoop/hadoop-hdfs/3.2.0/hadoop-hdfs-3.2.0-tests.jar:/home/user/.m2/repository/org/eclipse/jetty/jetty-util-ajax/9.3.25.v20180904/jetty-util-ajax-9.3.25.v20180904.jar:/home/user/.m2/repository/commons-daemon/commons-daemon/1.0.13/commons-daemon-1.0.13.jar:/home/user/.m2/repository/io/netty/netty/3.10.5.Final/netty-3.10.5.Final.jar:/home/user/.m2/repository/io/netty/netty-all/4.0.52.Final/netty-all-4.0.52.Final.jar:/home/user/.m2/repository/org/fusesource/leveldbjni/leveldbjni-all/1.8/leveldbjni-all-1.8.jar:"/>
    <property name="sun.cpu.endian" value="little"/>
    <property name="user.home" value="/home/user"/>
    <property name="user.language" value="en"/>
    <property name="java.specification.vendor" value="Oracle Corporation"/>
    <property name="java.home" value="/usr/lib/jvm/java-1.8-openjdk/jre"/>
    <property name="java.security.krb5.conf" value="/workdir/hadoop-ozone/integration-test/target/test-classes/krb5.conf"/>
    <property name="basedir" value="/workdir/hadoop-ozone/integration-test"/>
    <property name="file.separator" value="/"/>
    <property name="line.separator" value="&#10;"/>
    <property name="java.vm.specification.vendor" value="Oracle Corporation"/>
    <property name="java.specification.name" value="Java Platform API Specification"/>
    <property name="java.awt.graphicsenv" value="sun.awt.X11GraphicsEnvironment"/>
    <property name="surefire.real.class.path" value="/workdir/hadoop-ozone/integration-test/target/surefire/surefirebooter539471160172468207.jar"/>
    <property name="hadoop.log.dir" value="/workdir/hadoop-ozone/integration-test/target/log"/>
    <property name="sun.boot.class.path" value="/usr/lib/jvm/java-1.8-openjdk/jre/lib/resources.jar:/usr/lib/jvm/java-1.8-openjdk/jre/lib/rt.jar:/usr/lib/jvm/java-1.8-openjdk/jre/lib/sunrsasign.jar:/usr/lib/jvm/java-1.8-openjdk/jre/lib/jsse.jar:/usr/lib/jvm/java-1.8-openjdk/jre/lib/jce.jar:/usr/lib/jvm/java-1.8-openjdk/jre/lib/charsets.jar:/usr/lib/jvm/java-1.8-openjdk/jre/lib/jfr.jar:/usr/lib/jvm/java-1.8-openjdk/jre/classes"/>
    <property name="sun.management.compiler" value="HotSpot 64-Bit Tiered Compilers"/>
    <property name="java.runtime.version" value="1.8.0_212-b04"/>
    <property name="java.net.preferIPv4Stack" value="true"/>
    <property name="user.name" value="jenkins1000"/>
    <property name="path.separator" value=":"/>
    <property name="java.security.egd" value="file:///dev/urandom"/>
    <property name="os.version" value="3.10.0-957.12.2.el7.x86_64"/>
    <property name="java.endorsed.dirs" value="/usr/lib/jvm/java-1.8-openjdk/jre/lib/endorsed"/>
    <property name="java.runtime.name" value="OpenJDK Runtime Environment"/>
    <property name="file.encoding" value="UTF-8"/>
    <property name="java.vm.name" value="OpenJDK 64-Bit Server VM"/>
    <property name="test.build.webapps" value=""/>
    <property name="localRepository" value="/home/user/.m2/repository"/>
    <property name="java.vendor.url.bug" value="https://icedtea.classpath.org/bugzilla"/>
    <property name="java.io.tmpdir" value="/tmp"/>
    <property name="require.test.libhadoop" value=""/>
    <property name="java.version" value="1.8.0_212"/>
    <property name="user.dir" value="/workdir/hadoop-ozone/integration-test"/>
    <property name="os.arch" value="amd64"/>
    <property name="java.vm.specification.name" value="Java Virtual Machine Specification"/>
    <property name="test.build.classes" value="/workdir/hadoop-ozone/integration-test/target/test-classes"/>
    <property name="java.awt.printerjob" value="sun.print.PSPrinterJob"/>
    <property name="sun.os.patch.level" value="unknown"/>
    <property name="hadoop.tmp.dir" value="/workdir/hadoop-ozone/integration-test/target/tmp"/>
    <property name="java.library.path" value="/usr/lib/jvm/java-1.8-openjdk/jre/lib/amd64/server:/usr/lib/jvm/java-1.8-openjdk/jre/lib/amd64:/usr/lib/jvm/java-1.8-openjdk/jre/../lib/amd64:/workdir/hadoop-ozone/integration-test/target/native/target/usr/local/lib:/workdir/hadoop-ozone/integration-test/../../hadoop-common-project/hadoop-common/target/native/target/usr/local/lib:/usr/java/packages/lib/amd64:/usr/lib64:/lib64:/lib:/usr/lib"/>
    <property name="java.vm.info" value="mixed mode"/>
    <property name="java.vendor" value="IcedTea"/>
    <property name="java.vm.version" value="25.212-b04"/>
    <property name="java.ext.dirs" value="/usr/lib/jvm/java-1.8-openjdk/jre/lib/ext:/usr/java/packages/lib/ext"/>
    <property name="sun.io.unicode.encoding" value="UnicodeLittle"/>
    <property name="java.class.version" value="52.0"/>
  </properties>
  <testcase name="test2WayCommitForRetryfailure" classname="org.apache.hadoop.ozone.client.rpc.Test2WayCommitInRatis" time="39.072">
    <error message="org.apache.ratis.protocol.RaftRetryFailureException: Failed RaftClientRequest:client-A56703E48966-&gt;e6236626-feb7-459f-aa25-8a67d6de6183@group-7D7160C4264B, cid=14, seq=2*, RW, org.apache.hadoop.hdds.scm.XceiverClientRatis$$Lambda$357/673412242@58cc5ba1 for 20 attempts with RetryLimited(maxAttempts=20, sleepTime=1000ms)" type="java.util.concurrent.ExecutionException">java.util.concurrent.ExecutionException: org.apache.ratis.protocol.RaftRetryFailureException: Failed RaftClientRequest:client-A56703E48966->e6236626-feb7-459f-aa25-8a67d6de6183@group-7D7160C4264B, cid=14, seq=2*, RW, org.apache.hadoop.hdds.scm.XceiverClientRatis$$Lambda$357/673412242@58cc5ba1 for 20 attempts with RetryLimited(maxAttempts=20, sleepTime=1000ms)
	at java.util.concurrent.CompletableFuture.reportGet(CompletableFuture.java:357)
	at java.util.concurrent.CompletableFuture.get(CompletableFuture.java:1895)
	at org.apache.hadoop.ozone.client.rpc.Test2WayCommitInRatis.test2WayCommitForRetryfailure(Test2WayCommitInRatis.java:144)
	at sun.reflect.NativeMethodAccessorImpl.invoke0(Native Method)
	at sun.reflect.NativeMethodAccessorImpl.invoke(NativeMethodAccessorImpl.java:62)
	at sun.reflect.DelegatingMethodAccessorImpl.invoke(DelegatingMethodAccessorImpl.java:43)
	at java.lang.reflect.Method.invoke(Method.java:498)
	at org.junit.runners.model.FrameworkMethod$1.runReflectiveCall(FrameworkMethod.java:47)
	at org.junit.internal.runners.model.ReflectiveCallable.run(ReflectiveCallable.java:12)
	at org.junit.runners.model.FrameworkMethod.invokeExplosively(FrameworkMethod.java:44)
	at org.junit.internal.runners.statements.InvokeMethod.evaluate(InvokeMethod.java:17)
	at org.junit.runners.ParentRunner.runLeaf(ParentRunner.java:271)
	at org.junit.runners.BlockJUnit4ClassRunner.runChild(BlockJUnit4ClassRunner.java:70)
	at org.junit.runners.BlockJUnit4ClassRunner.runChild(BlockJUnit4ClassRunner.java:50)
	at org.junit.runners.ParentRunner$3.run(ParentRunner.java:238)
	at org.junit.runners.ParentRunner$1.schedule(ParentRunner.java:63)
	at org.junit.runners.ParentRunner.runChildren(ParentRunner.java:236)
	at org.junit.runners.ParentRunner.access$000(ParentRunner.java:53)
	at org.junit.runners.ParentRunner$2.evaluate(ParentRunner.java:229)
	at org.junit.runners.ParentRunner.run(ParentRunner.java:309)
	at org.apache.maven.surefire.junit4.JUnit4Provider.execute(JUnit4Provider.java:365)
	at org.apache.maven.surefire.junit4.JUnit4Provider.executeWithRerun(JUnit4Provider.java:273)
	at org.apache.maven.surefire.junit4.JUnit4Provider.executeTestSet(JUnit4Provider.java:238)
	at org.apache.maven.surefire.junit4.JUnit4Provider.invoke(JUnit4Provider.java:159)
	at org.apache.maven.surefire.booter.ForkedBooter.invokeProviderInSameClassLoader(ForkedBooter.java:384)
	at org.apache.maven.surefire.booter.ForkedBooter.runSuitesInProcess(ForkedBooter.java:345)
	at org.apache.maven.surefire.booter.ForkedBooter.execute(ForkedBooter.java:126)
	at org.apache.maven.surefire.booter.ForkedBooter.main(ForkedBooter.java:418)
Caused by: org.apache.ratis.protocol.RaftRetryFailureException: Failed RaftClientRequest:client-A56703E48966->e6236626-feb7-459f-aa25-8a67d6de6183@group-7D7160C4264B, cid=14, seq=2*, RW, org.apache.hadoop.hdds.scm.XceiverClientRatis$$Lambda$357/673412242@58cc5ba1 for 20 attempts with RetryLimited(maxAttempts=20, sleepTime=1000ms)
	at org.apache.ratis.client.impl.RaftClientImpl.noMoreRetries(RaftClientImpl.java:271)
	at org.apache.ratis.client.impl.OrderedAsync.handleAsyncRetryFailure(OrderedAsync.java:138)
	at org.apache.ratis.client.impl.OrderedAsync.lambda$sendRequest$10(OrderedAsync.java:230)
	at java.util.concurrent.CompletableFuture.uniExceptionally(CompletableFuture.java:870)
	at java.util.concurrent.CompletableFuture$UniExceptionally.tryFire(CompletableFuture.java:852)
	at java.util.concurrent.CompletableFuture.postComplete(CompletableFuture.java:474)
	at java.util.concurrent.CompletableFuture.completeExceptionally(CompletableFuture.java:1977)
	at org.apache.ratis.grpc.client.GrpcClientProtocolClient$AsyncStreamObservers.completeReplyExceptionally(GrpcClientProtocolClient.java:345)
	at org.apache.ratis.grpc.client.GrpcClientProtocolClient$AsyncStreamObservers.access$000(GrpcClientProtocolClient.java:261)
	at org.apache.ratis.grpc.client.GrpcClientProtocolClient$AsyncStreamObservers$1.onNext(GrpcClientProtocolClient.java:273)
	at org.apache.ratis.grpc.client.GrpcClientProtocolClient$AsyncStreamObservers$1.onNext(GrpcClientProtocolClient.java:264)
	at org.apache.ratis.thirdparty.io.grpc.stub.ClientCalls$StreamObserverToCallListenerAdapter.onMessage(ClientCalls.java:421)
	at org.apache.ratis.thirdparty.io.grpc.ForwardingClientCallListener.onMessage(ForwardingClientCallListener.java:33)
	at org.apache.ratis.thirdparty.io.grpc.ForwardingClientCallListener.onMessage(ForwardingClientCallListener.java:33)
	at org.apache.ratis.thirdparty.io.grpc.internal.ClientCallImpl$ClientStreamListenerImpl$1MessagesAvailable.runInContext(ClientCallImpl.java:519)
	at org.apache.ratis.thirdparty.io.grpc.internal.ContextRunnable.run(ContextRunnable.java:37)
	at org.apache.ratis.thirdparty.io.grpc.internal.SerializingExecutor.run(SerializingExecutor.java:123)
	at java.util.concurrent.ThreadPoolExecutor.runWorker(ThreadPoolExecutor.java:1149)
	at java.util.concurrent.ThreadPoolExecutor$Worker.run(ThreadPoolExecutor.java:624)
	at java.lang.Thread.run(Thread.java:748)
Caused by: org.apache.ratis.protocol.NotLeaderException: Server e6236626-feb7-459f-aa25-8a67d6de6183@group-7D7160C4264B is not the leader 0cfbbb8e-368b-4351-b40c-3060245fa82c:192.168.164.251:41664
	at org.apache.ratis.client.impl.ClientProtoUtils.toRaftClientReply(ClientProtoUtils.java:243)
	at org.apache.ratis.grpc.client.GrpcClientProtocolClient$AsyncStreamObservers$1.onNext(GrpcClientProtocolClient.java:269)
	... 10 more
</error>
    <system-out><![CDATA[2019-10-05 00:41:24,271 [main] WARN  server.ServerUtils (ServerUtils.java:getScmDbDir(145)) - ozone.scm.db.dirs is not configured. We recommend adding this setting. Falling back to ozone.metadata.dirs instead.
2019-10-05 00:41:24,416 [main] WARN  server.ServerUtils (ServerUtils.java:getScmDbDir(145)) - ozone.scm.db.dirs is not configured. We recommend adding this setting. Falling back to ozone.metadata.dirs instead.
2019-10-05 00:41:24,419 [main] WARN  server.ServerUtils (ServerUtils.java:getScmDbDir(145)) - ozone.scm.db.dirs is not configured. We recommend adding this setting. Falling back to ozone.metadata.dirs instead.
2019-10-05 00:41:24,444 [main] INFO  util.log (Log.java:initialized(192)) - Logging initialized @934ms
2019-10-05 00:41:24,545 [main] INFO  db.DBStoreBuilder (DBStoreBuilder.java:addTable(117)) - using custom profile for table: deletedBlocks
2019-10-05 00:41:24,546 [main] INFO  db.DBStoreBuilder (DBStoreBuilder.java:processTables(168)) - Using default column profile:DBProfile.DISK for Table:deletedBlocks
2019-10-05 00:41:24,546 [main] INFO  db.DBStoreBuilder (DBStoreBuilder.java:addTable(117)) - using custom profile for table: validCerts
2019-10-05 00:41:24,547 [main] INFO  db.DBStoreBuilder (DBStoreBuilder.java:processTables(168)) - Using default column profile:DBProfile.DISK for Table:validCerts
2019-10-05 00:41:24,547 [main] INFO  db.DBStoreBuilder (DBStoreBuilder.java:addTable(117)) - using custom profile for table: revokedCerts
2019-10-05 00:41:24,547 [main] INFO  db.DBStoreBuilder (DBStoreBuilder.java:processTables(168)) - Using default column profile:DBProfile.DISK for Table:revokedCerts
2019-10-05 00:41:24,560 [main] INFO  db.DBStoreBuilder (DBStoreBuilder.java:addTable(117)) - using custom profile for table: default
2019-10-05 00:41:24,561 [main] INFO  db.DBStoreBuilder (DBStoreBuilder.java:processTables(174)) - Using default column profile:DBProfile.DISK for Table:default
2019-10-05 00:41:24,562 [main] INFO  db.DBStoreBuilder (DBStoreBuilder.java:getDbProfile(205)) - Using default options. DBProfile.DISK
2019-10-05 00:41:24,997 [main] INFO  net.NodeSchemaLoader (NodeSchemaLoader.java:loadSchemaFromFile(125)) - Loading file from sun.misc.CompoundEnumeration@2b71e916
2019-10-05 00:41:24,998 [main] INFO  net.NodeSchemaLoader (NodeSchemaLoader.java:loadSchema(171)) - Loading network topology layer schema file
2019-10-05 00:41:25,067 [main] WARN  server.ServerUtils (ServerUtils.java:sanitizeUserArgs(70)) - ozone.scm.stale.node.interval value = 300000 is larger than max = 100000 based on the key value of ozone.scm.heartbeat.thread.interval, reset to the max value 100000.
2019-10-05 00:41:25,069 [main] WARN  server.ServerUtils (ServerUtils.java:sanitizeUserArgs(70)) - ozone.scm.stale.node.interval value = 300000 is larger than max = 100000 based on the key value of ozone.scm.heartbeat.thread.interval, reset to the max value 100000.
2019-10-05 00:41:25,071 [main] INFO  node.SCMNodeManager (SCMNodeManager.java:<init>(116)) - Entering startup safe mode.
2019-10-05 00:41:25,142 [main] INFO  algorithms.ContainerPlacementPolicyFactory (ContainerPlacementPolicyFactory.java:getPolicy(57)) - Create container placement policy of type org.apache.hadoop.hdds.scm.container.placement.algorithms.SCMContainerPlacementRandom
2019-10-05 00:41:25,157 [main] WARN  server.ServerUtils (ServerUtils.java:getScmDbDir(145)) - ozone.scm.db.dirs is not configured. We recommend adding this setting. Falling back to ozone.metadata.dirs instead.
2019-10-05 00:41:25,308 [main] INFO  pipeline.SCMPipelineManager (SCMPipelineManager.java:initializePipelineState(132)) - No pipeline exists in current db
2019-10-05 00:41:25,312 [main] WARN  server.ServerUtils (ServerUtils.java:getScmDbDir(145)) - ozone.scm.db.dirs is not configured. We recommend adding this setting. Falling back to ozone.metadata.dirs instead.
2019-10-05 00:41:25,518 [main] WARN  events.EventQueue (EventQueue.java:fireEvent(183)) - No event handler registered for event TypedEvent{payloadType=SafeModeStatus, name='SafeModeStatus'}
2019-10-05 00:41:25,940 [main] INFO  ipc.CallQueueManager (CallQueueManager.java:<init>(84)) - Using callQueue: class java.util.concurrent.LinkedBlockingQueue, queueCapacity: 2000, scheduler: class org.apache.hadoop.ipc.DefaultRpcScheduler, ipcBackoff: false.
2019-10-05 00:41:25,969 [Socket Reader #1 for port 41277] INFO  ipc.Server (Server.java:run(1074)) - Starting Socket Reader #1 for port 41277
2019-10-05 00:41:26,124 [main] INFO  ipc.CallQueueManager (CallQueueManager.java:<init>(84)) - Using callQueue: class java.util.concurrent.LinkedBlockingQueue, queueCapacity: 2000, scheduler: class org.apache.hadoop.ipc.DefaultRpcScheduler, ipcBackoff: false.
2019-10-05 00:41:26,125 [Socket Reader #1 for port 40150] INFO  ipc.Server (Server.java:run(1074)) - Starting Socket Reader #1 for port 40150
2019-10-05 00:41:26,136 [main] INFO  ipc.CallQueueManager (CallQueueManager.java:<init>(84)) - Using callQueue: class java.util.concurrent.LinkedBlockingQueue, queueCapacity: 2000, scheduler: class org.apache.hadoop.ipc.DefaultRpcScheduler, ipcBackoff: false.
2019-10-05 00:41:26,137 [Socket Reader #1 for port 37311] INFO  ipc.Server (Server.java:run(1074)) - Starting Socket Reader #1 for port 37311
2019-10-05 00:41:26,162 [main] INFO  hdfs.DFSUtil (DFSUtil.java:httpServerTemplateForNNAndJN(1641)) - Starting Web-server for scm at: http://0.0.0.0:0
2019-10-05 00:41:26,325 [main] INFO  server.AuthenticationFilter (AuthenticationFilter.java:constructSecretProvider(240)) - Unable to initialize FileSignerSecretProvider, falling back to use random secrets.
2019-10-05 00:41:26,332 [main] WARN  http.HttpRequestLog (HttpRequestLog.java:getRequestLog(97)) - Jetty request log can only be enabled using Log4j
2019-10-05 00:41:26,343 [main] INFO  http.HttpServer2 (HttpServer2.java:addGlobalFilter(975)) - Added global filter 'safety' (class=org.apache.hadoop.http.HttpServer2$QuotingInputFilter)
2019-10-05 00:41:26,346 [main] INFO  http.HttpServer2 (HttpServer2.java:addFilter(948)) - Added filter static_user_filter (class=org.apache.hadoop.http.lib.StaticUserWebFilter$StaticUserFilter) to context scm
2019-10-05 00:41:26,346 [main] INFO  http.HttpServer2 (HttpServer2.java:addFilter(958)) - Added filter static_user_filter (class=org.apache.hadoop.http.lib.StaticUserWebFilter$StaticUserFilter) to context logs
2019-10-05 00:41:26,347 [main] INFO  http.HttpServer2 (HttpServer2.java:addFilter(958)) - Added filter static_user_filter (class=org.apache.hadoop.http.lib.StaticUserWebFilter$StaticUserFilter) to context static
2019-10-05 00:41:26,380 [main] INFO  server.StorageContainerManager (StorageContainerManager.java:start(770)) - StorageContainerLocationProtocol RPC server is listening at /0.0.0.0:37311
2019-10-05 00:41:26,438 [main] WARN  impl.MetricsConfig (MetricsConfig.java:loadFirst(134)) - Cannot locate configuration: tried hadoop-metrics2-storagecontainermanager.properties,hadoop-metrics2.properties
2019-10-05 00:41:26,450 [main] INFO  impl.MetricsSystemImpl (MetricsSystemImpl.java:startTimer(374)) - Scheduled Metric snapshot period at 10 second(s).
2019-10-05 00:41:26,451 [main] INFO  impl.MetricsSystemImpl (MetricsSystemImpl.java:start(191)) - StorageContainerManager metrics system started
2019-10-05 00:41:26,679 [main] INFO  server.SCMClientProtocolServer (SCMClientProtocolServer.java:start(159)) - RPC server for Client  is listening at /0.0.0.0:37311
2019-10-05 00:41:26,680 [IPC Server listener on 37311] INFO  ipc.Server (Server.java:run(1153)) - IPC Server listener on 37311: starting
2019-10-05 00:41:26,680 [IPC Server Responder] INFO  ipc.Server (Server.java:run(1314)) - IPC Server Responder: starting
2019-10-05 00:41:26,685 [main] INFO  server.StorageContainerManager (StorageContainerManager.java:start(780)) - ScmBlockLocationProtocol RPC server is listening at /0.0.0.0:40150
2019-10-05 00:41:26,686 [main] INFO  server.SCMBlockProtocolServer (SCMBlockProtocolServer.java:start(146)) - RPC server for Block Protocol is listening at /0.0.0.0:40150
2019-10-05 00:41:26,687 [IPC Server Responder] INFO  ipc.Server (Server.java:run(1314)) - IPC Server Responder: starting
2019-10-05 00:41:26,687 [IPC Server listener on 40150] INFO  ipc.Server (Server.java:run(1153)) - IPC Server listener on 40150: starting
2019-10-05 00:41:26,690 [main] INFO  server.StorageContainerManager (StorageContainerManager.java:start(784)) - ScmDatanodeProtocl RPC server is listening at /0.0.0.0:41277
2019-10-05 00:41:26,690 [main] INFO  server.SCMDatanodeProtocolServer (SCMDatanodeProtocolServer.java:start(169)) - RPC server for DataNodes is listening at /0.0.0.0:41277
2019-10-05 00:41:26,691 [IPC Server Responder] INFO  ipc.Server (Server.java:run(1314)) - IPC Server Responder: starting
2019-10-05 00:41:26,691 [IPC Server listener on 41277] INFO  ipc.Server (Server.java:run(1153)) - IPC Server listener on 41277: starting
2019-10-05 00:41:26,695 [main] INFO  http.HttpServer2 (HttpServer2.java:bindListener(1191)) - Jetty bound to port 42662
2019-10-05 00:41:26,697 [main] INFO  server.Server (Server.java:doStart(351)) - jetty-9.3.25.v20180904, build timestamp: 2018-09-04T21:11:46Z, git hash: 3ce520221d0240229c862b122d2b06c12a625732
2019-10-05 00:41:26,734 [main] INFO  handler.ContextHandler (ContextHandler.java:doStart(781)) - Started o.e.j.s.ServletContextHandler@340da44c{/logs,file:///workdir/hadoop-ozone/integration-test/target/log,AVAILABLE}
2019-10-05 00:41:26,735 [main] INFO  handler.ContextHandler (ContextHandler.java:doStart(781)) - Started o.e.j.s.ServletContextHandler@37052337{/static,file:///workdir/hadoop-ozone/integration-test/target/test-classes/webapps/static,AVAILABLE}
2019-10-05 00:41:26,770 [main] INFO  handler.ContextHandler (ContextHandler.java:doStart(781)) - Started o.e.j.w.WebAppContext@3b366632{/,file:///workdir/hadoop-ozone/integration-test/target/test-classes/webapps/scm/,AVAILABLE}{/scm}
2019-10-05 00:41:26,776 [main] INFO  server.AbstractConnector (AbstractConnector.java:doStart(278)) - Started ServerConnector@6815c5f2{HTTP/1.1,[http/1.1]}{0.0.0.0:42662}
2019-10-05 00:41:26,777 [main] INFO  server.Server (Server.java:doStart(419)) - Started @3266ms
2019-10-05 00:41:26,779 [main] INFO  impl.MetricsSinkAdapter (MetricsSinkAdapter.java:start(204)) - Sink prometheus started
2019-10-05 00:41:26,779 [main] INFO  impl.MetricsSystemImpl (MetricsSystemImpl.java:registerSink(301)) - Registered sink prometheus
2019-10-05 00:41:26,781 [main] INFO  server.BaseHttpServer (BaseHttpServer.java:updateConnectorAddress(215)) - HTTP server of SCM is listening at http://0.0.0.0:42662
2019-10-05 00:41:26,790 [org.apache.hadoop.util.JvmPauseMonitor$Monitor@4263b080] INFO  util.JvmPauseMonitor (JvmPauseMonitor.java:run(188)) - Starting JVM pause monitor
2019-10-05 00:41:26,796 [main] WARN  server.ServerUtils (ServerUtils.java:getDBPath(222)) - ozone.om.db.dirs is not configured. We recommend adding this setting. Falling back to ozone.metadata.dirs instead.
2019-10-05 00:41:26,926 [main] INFO  ha.OMHANodeDetails (OMHANodeDetails.java:loadOMHAConfig(190)) - Configuration either no ozone.om.address set. Falling back to the default OM address /127.0.0.1:0
2019-10-05 00:41:26,926 [main] INFO  ha.OMHANodeDetails (OMHANodeDetails.java:getOMNodeDetails(220)) - OM Service ID is not set. Setting it to the default ID: omServiceIdDefault
2019-10-05 00:41:26,928 [main] WARN  server.ServerUtils (ServerUtils.java:getDBPath(222)) - ozone.om.db.dirs is not configured. We recommend adding this setting. Falling back to ozone.metadata.dirs instead.
2019-10-05 00:41:26,929 [main] WARN  server.ServerUtils (ServerUtils.java:getDBPath(222)) - ozone.om.db.dirs is not configured. We recommend adding this setting. Falling back to ozone.metadata.dirs instead.
2019-10-05 00:41:27,687 [main] WARN  server.ServerUtils (ServerUtils.java:getDBPath(222)) - ozone.om.db.dirs is not configured. We recommend adding this setting. Falling back to ozone.metadata.dirs instead.
2019-10-05 00:41:27,696 [main] INFO  db.DBStoreBuilder (DBStoreBuilder.java:addTable(117)) - using custom profile for table: userTable
2019-10-05 00:41:27,696 [main] INFO  db.DBStoreBuilder (DBStoreBuilder.java:processTables(168)) - Using default column profile:DBProfile.DISK for Table:userTable
2019-10-05 00:41:27,697 [main] INFO  db.DBStoreBuilder (DBStoreBuilder.java:addTable(117)) - using custom profile for table: volumeTable
2019-10-05 00:41:27,697 [main] INFO  db.DBStoreBuilder (DBStoreBuilder.java:processTables(168)) - Using default column profile:DBProfile.DISK for Table:volumeTable
2019-10-05 00:41:27,698 [main] INFO  db.DBStoreBuilder (DBStoreBuilder.java:addTable(117)) - using custom profile for table: bucketTable
2019-10-05 00:41:27,698 [main] INFO  db.DBStoreBuilder (DBStoreBuilder.java:processTables(168)) - Using default column profile:DBProfile.DISK for Table:bucketTable
2019-10-05 00:41:27,699 [main] INFO  db.DBStoreBuilder (DBStoreBuilder.java:addTable(117)) - using custom profile for table: keyTable
2019-10-05 00:41:27,699 [main] INFO  db.DBStoreBuilder (DBStoreBuilder.java:processTables(168)) - Using default column profile:DBProfile.DISK for Table:keyTable
2019-10-05 00:41:27,699 [main] INFO  db.DBStoreBuilder (DBStoreBuilder.java:addTable(117)) - using custom profile for table: deletedTable
2019-10-05 00:41:27,700 [main] INFO  db.DBStoreBuilder (DBStoreBuilder.java:processTables(168)) - Using default column profile:DBProfile.DISK for Table:deletedTable
2019-10-05 00:41:27,700 [main] INFO  db.DBStoreBuilder (DBStoreBuilder.java:addTable(117)) - using custom profile for table: openKeyTable
2019-10-05 00:41:27,701 [main] INFO  db.DBStoreBuilder (DBStoreBuilder.java:processTables(168)) - Using default column profile:DBProfile.DISK for Table:openKeyTable
2019-10-05 00:41:27,701 [main] INFO  db.DBStoreBuilder (DBStoreBuilder.java:addTable(117)) - using custom profile for table: s3Table
2019-10-05 00:41:27,702 [main] INFO  db.DBStoreBuilder (DBStoreBuilder.java:processTables(168)) - Using default column profile:DBProfile.DISK for Table:s3Table
2019-10-05 00:41:27,702 [main] INFO  db.DBStoreBuilder (DBStoreBuilder.java:addTable(117)) - using custom profile for table: multipartInfoTable
2019-10-05 00:41:27,702 [main] INFO  db.DBStoreBuilder (DBStoreBuilder.java:processTables(168)) - Using default column profile:DBProfile.DISK for Table:multipartInfoTable
2019-10-05 00:41:27,703 [main] INFO  db.DBStoreBuilder (DBStoreBuilder.java:addTable(117)) - using custom profile for table: dTokenTable
2019-10-05 00:41:27,703 [main] INFO  db.DBStoreBuilder (DBStoreBuilder.java:processTables(168)) - Using default column profile:DBProfile.DISK for Table:dTokenTable
2019-10-05 00:41:27,704 [main] INFO  db.DBStoreBuilder (DBStoreBuilder.java:addTable(117)) - using custom profile for table: s3SecretTable
2019-10-05 00:41:27,704 [main] INFO  db.DBStoreBuilder (DBStoreBuilder.java:processTables(168)) - Using default column profile:DBProfile.DISK for Table:s3SecretTable
2019-10-05 00:41:27,705 [main] INFO  db.DBStoreBuilder (DBStoreBuilder.java:addTable(117)) - using custom profile for table: prefixTable
2019-10-05 00:41:27,705 [main] INFO  db.DBStoreBuilder (DBStoreBuilder.java:processTables(168)) - Using default column profile:DBProfile.DISK for Table:prefixTable
2019-10-05 00:41:27,706 [main] INFO  db.DBStoreBuilder (DBStoreBuilder.java:addTable(117)) - using custom profile for table: default
2019-10-05 00:41:27,706 [main] INFO  db.DBStoreBuilder (DBStoreBuilder.java:processTables(174)) - Using default column profile:DBProfile.DISK for Table:default
2019-10-05 00:41:27,706 [main] INFO  db.DBStoreBuilder (DBStoreBuilder.java:getDbProfile(205)) - Using default options. DBProfile.DISK
2019-10-05 00:41:28,509 [main] INFO  ipc.CallQueueManager (CallQueueManager.java:<init>(84)) - Using callQueue: class java.util.concurrent.LinkedBlockingQueue, queueCapacity: 2000, scheduler: class org.apache.hadoop.ipc.DefaultRpcScheduler, ipcBackoff: false.
2019-10-05 00:41:28,510 [Socket Reader #1 for port 33303] INFO  ipc.Server (Server.java:run(1074)) - Starting Socket Reader #1 for port 33303
2019-10-05 00:41:28,532 [main] INFO  om.OzoneManager (OzoneManager.java:start(1069)) - OzoneManager RPC server is listening at localhost/127.0.0.1:33303
2019-10-05 00:41:28,532 [main] INFO  impl.MetricsSystemImpl (MetricsSystemImpl.java:init(158)) - OzoneManager metrics system started (again)
2019-10-05 00:41:28,541 [IPC Server Responder] INFO  ipc.Server (Server.java:run(1314)) - IPC Server Responder: starting
2019-10-05 00:41:28,541 [IPC Server listener on 33303] INFO  ipc.Server (Server.java:run(1153)) - IPC Server listener on 33303: starting
2019-10-05 00:41:28,548 [main] INFO  hdfs.DFSUtil (DFSUtil.java:httpServerTemplateForNNAndJN(1641)) - Starting Web-server for ozoneManager at: http://0.0.0.0:0
2019-10-05 00:41:28,551 [main] INFO  server.AuthenticationFilter (AuthenticationFilter.java:constructSecretProvider(240)) - Unable to initialize FileSignerSecretProvider, falling back to use random secrets.
2019-10-05 00:41:28,552 [main] WARN  http.HttpRequestLog (HttpRequestLog.java:getRequestLog(97)) - Jetty request log can only be enabled using Log4j
2019-10-05 00:41:28,556 [main] INFO  http.HttpServer2 (HttpServer2.java:addGlobalFilter(975)) - Added global filter 'safety' (class=org.apache.hadoop.http.HttpServer2$QuotingInputFilter)
2019-10-05 00:41:28,557 [main] INFO  http.HttpServer2 (HttpServer2.java:addFilter(948)) - Added filter static_user_filter (class=org.apache.hadoop.http.lib.StaticUserWebFilter$StaticUserFilter) to context ozoneManager
2019-10-05 00:41:28,557 [main] INFO  http.HttpServer2 (HttpServer2.java:addFilter(958)) - Added filter static_user_filter (class=org.apache.hadoop.http.lib.StaticUserWebFilter$StaticUserFilter) to context logs
2019-10-05 00:41:28,558 [main] INFO  http.HttpServer2 (HttpServer2.java:addFilter(958)) - Added filter static_user_filter (class=org.apache.hadoop.http.lib.StaticUserWebFilter$StaticUserFilter) to context static
2019-10-05 00:41:28,561 [main] INFO  http.HttpServer2 (HttpServer2.java:bindListener(1191)) - Jetty bound to port 33831
2019-10-05 00:41:28,562 [main] INFO  server.Server (Server.java:doStart(351)) - jetty-9.3.25.v20180904, build timestamp: 2018-09-04T21:11:46Z, git hash: 3ce520221d0240229c862b122d2b06c12a625732
2019-10-05 00:41:28,564 [main] INFO  handler.ContextHandler (ContextHandler.java:doStart(781)) - Started o.e.j.s.ServletContextHandler@49aa766b{/logs,file:///workdir/hadoop-ozone/integration-test/target/log,AVAILABLE}
2019-10-05 00:41:28,565 [main] INFO  handler.ContextHandler (ContextHandler.java:doStart(781)) - Started o.e.j.s.ServletContextHandler@65004ff6{/static,file:///workdir/hadoop-ozone/integration-test/target/test-classes/webapps/static,AVAILABLE}
2019-10-05 00:41:28,573 [main] INFO  handler.ContextHandler (ContextHandler.java:doStart(781)) - Started o.e.j.w.WebAppContext@4158debd{/,file:///workdir/hadoop-ozone/integration-test/target/test-classes/webapps/ozoneManager/,AVAILABLE}{/ozoneManager}
2019-10-05 00:41:28,574 [main] INFO  server.AbstractConnector (AbstractConnector.java:doStart(278)) - Started ServerConnector@af78c87{HTTP/1.1,[http/1.1]}{0.0.0.0:33831}
2019-10-05 00:41:28,575 [main] INFO  server.Server (Server.java:doStart(419)) - Started @5065ms
2019-10-05 00:41:28,576 [main] WARN  impl.MetricsSystemImpl (MetricsSystemImpl.java:register(276)) - Sink prometheus already exists!
2019-10-05 00:41:28,577 [main] INFO  server.BaseHttpServer (BaseHttpServer.java:updateConnectorAddress(215)) - HTTP server of OZONEMANAGER is listening at http://0.0.0.0:33831
2019-10-05 00:41:28,901 [main] INFO  impl.MetricsSystemImpl (MetricsSystemImpl.java:init(158)) - HddsDatanode metrics system started (again)
2019-10-05 00:41:28,948 [main] INFO  ozone.HddsDatanodeService (HddsDatanodeService.java:start(184)) - HddsDatanodeService host:pr-hdds-2204-lb5qm-2726860912 ip:192.168.164.251
2019-10-05 00:41:28,984 [main] INFO  volume.HddsVolume (HddsVolume.java:<init>(176)) - Creating Volume: /workdir/hadoop-ozone/integration-test/target/test-dir/MiniOzoneClusterImpl-d14a9905-b78b-45c8-984a-6d1d0cddd727/datanode-0/data/containers/hdds of  storage type : DISK and capacity : 1482555576320
2019-10-05 00:41:28,986 [main] INFO  volume.VolumeSet (VolumeSet.java:initializeVolumeSet(170)) - Added Volume : /workdir/hadoop-ozone/integration-test/target/test-dir/MiniOzoneClusterImpl-d14a9905-b78b-45c8-984a-6d1d0cddd727/datanode-0/data/containers/hdds to VolumeSet
2019-10-05 00:41:28,989 [main] INFO  volume.ThrottledAsyncChecker (ThrottledAsyncChecker.java:schedule(139)) - Scheduling a check for org.apache.hadoop.ozone.container.common.volume.HddsVolume@787f32b7
2019-10-05 00:41:29,005 [main] INFO  volume.HddsVolumeChecker (HddsVolumeChecker.java:checkAllVolumes(202)) - Scheduled health check for volume org.apache.hadoop.ozone.container.common.volume.HddsVolume@787f32b7
2019-10-05 00:41:29,117 [main] INFO  impl.RaftServerProxy (ConfUtils.java:logGet(43)) - raft.rpc.type = GRPC (default)
2019-10-05 00:41:29,182 [main] INFO  grpc.GrpcFactory (GrpcFactory.java:checkPooledByteBufAllocatorUseCacheForAllThreads(45)) - PERFORMANCE WARNING: useCacheForAllThreads is true that may cause Netty to create a lot garbage objects and, as a result, trigger GC.
	It is recommended to disable useCacheForAllThreads by setting -Dorg.apache.ratis.thirdparty.io.netty.allocator.useCacheForAllThreads=false in command line.
2019-10-05 00:41:29,187 [main] INFO  grpc.GrpcConfigKeys$Server (ConfUtils.java:logGet(43)) - raft.grpc.server.port = 0 (default)
2019-10-05 00:41:29,188 [main] INFO  server.GrpcService (ConfUtils.java:logGet(43)) - raft.grpc.message.size.max = 33570816 (custom)
2019-10-05 00:41:29,189 [main] INFO  server.RaftServerConfigKeys (ConfUtils.java:logGet(43)) - raft.server.log.appender.buffer.byte-limit = 33554432 (custom)
2019-10-05 00:41:29,190 [main] INFO  server.GrpcService (ConfUtils.java:logGet(43)) - raft.grpc.flow.control.window = 1MB (=1048576) (default)
2019-10-05 00:41:29,191 [main] INFO  server.RaftServerConfigKeys (ConfUtils.java:logGet(43)) - raft.server.rpc.request.timeout = 3000ms (default)
2019-10-05 00:41:29,340 [main] INFO  server.RaftServerConfigKeys (ConfUtils.java:logGet(43)) - raft.server.storage.dir = [/workdir/hadoop-ozone/integration-test/target/test-dir/MiniOzoneClusterImpl-d14a9905-b78b-45c8-984a-6d1d0cddd727/datanode-0/data/ratis] (custom)
2019-10-05 00:41:29,388 [main] INFO  hdfs.DFSUtil (DFSUtil.java:httpServerTemplateForNNAndJN(1641)) - Starting Web-server for hddsDatanode at: http://0.0.0.0:0
2019-10-05 00:41:29,391 [main] INFO  server.AuthenticationFilter (AuthenticationFilter.java:constructSecretProvider(240)) - Unable to initialize FileSignerSecretProvider, falling back to use random secrets.
2019-10-05 00:41:29,393 [main] WARN  http.HttpRequestLog (HttpRequestLog.java:getRequestLog(97)) - Jetty request log can only be enabled using Log4j
2019-10-05 00:41:29,396 [main] INFO  http.HttpServer2 (HttpServer2.java:addGlobalFilter(975)) - Added global filter 'safety' (class=org.apache.hadoop.http.HttpServer2$QuotingInputFilter)
2019-10-05 00:41:29,397 [main] INFO  http.HttpServer2 (HttpServer2.java:addFilter(948)) - Added filter static_user_filter (class=org.apache.hadoop.http.lib.StaticUserWebFilter$StaticUserFilter) to context hddsDatanode
2019-10-05 00:41:29,398 [main] INFO  http.HttpServer2 (HttpServer2.java:addFilter(958)) - Added filter static_user_filter (class=org.apache.hadoop.http.lib.StaticUserWebFilter$StaticUserFilter) to context static
2019-10-05 00:41:29,398 [main] INFO  http.HttpServer2 (HttpServer2.java:addFilter(958)) - Added filter static_user_filter (class=org.apache.hadoop.http.lib.StaticUserWebFilter$StaticUserFilter) to context logs
2019-10-05 00:41:29,399 [main] INFO  http.HttpServer2 (HttpServer2.java:bindListener(1191)) - Jetty bound to port 33466
2019-10-05 00:41:29,400 [main] INFO  server.Server (Server.java:doStart(351)) - jetty-9.3.25.v20180904, build timestamp: 2018-09-04T21:11:46Z, git hash: 3ce520221d0240229c862b122d2b06c12a625732
2019-10-05 00:41:29,403 [main] INFO  handler.ContextHandler (ContextHandler.java:doStart(781)) - Started o.e.j.s.ServletContextHandler@26f46fa6{/logs,file:///workdir/hadoop-ozone/integration-test/target/log,AVAILABLE}
2019-10-05 00:41:29,404 [main] INFO  handler.ContextHandler (ContextHandler.java:doStart(781)) - Started o.e.j.s.ServletContextHandler@9596ce8{/static,jar:file:/home/user/.m2/repository/org/apache/hadoop/hadoop-hdds-container-service/0.5.0-SNAPSHOT/hadoop-hdds-container-service-0.5.0-SNAPSHOT.jar!/webapps/static,AVAILABLE}
2019-10-05 00:41:29,452 [main] INFO  handler.ContextHandler (ContextHandler.java:doStart(781)) - Started o.e.j.w.WebAppContext@2eae4349{/,file:///tmp/jetty-0.0.0.0-33466-hddsDatanode-_-any-6299989422246220576.dir/webapp/,AVAILABLE}{/hddsDatanode}
2019-10-05 00:41:29,453 [main] INFO  server.AbstractConnector (AbstractConnector.java:doStart(278)) - Started ServerConnector@e84fb85{HTTP/1.1,[http/1.1]}{0.0.0.0:33466}
2019-10-05 00:41:29,454 [main] INFO  server.Server (Server.java:doStart(419)) - Started @5944ms
2019-10-05 00:41:29,455 [main] WARN  impl.MetricsSystemImpl (MetricsSystemImpl.java:register(276)) - Sink prometheus already exists!
2019-10-05 00:41:29,456 [main] INFO  server.BaseHttpServer (BaseHttpServer.java:updateConnectorAddress(215)) - HTTP server of HDDSDATANODE is listening at http://0.0.0.0:33466
2019-10-05 00:41:29,457 [main] INFO  impl.MetricsSystemImpl (MetricsSystemImpl.java:init(158)) - HddsDatanode metrics system started (again)
2019-10-05 00:41:29,461 [main] INFO  ozone.HddsDatanodeService (HddsDatanodeService.java:start(184)) - HddsDatanodeService host:pr-hdds-2204-lb5qm-2726860912 ip:192.168.164.251
2019-10-05 00:41:29,464 [org.apache.hadoop.util.JvmPauseMonitor$Monitor@10f7df93] INFO  util.JvmPauseMonitor (JvmPauseMonitor.java:run(188)) - Starting JVM pause monitor
2019-10-05 00:41:29,470 [main] INFO  volume.HddsVolume (HddsVolume.java:<init>(176)) - Creating Volume: /workdir/hadoop-ozone/integration-test/target/test-dir/MiniOzoneClusterImpl-d14a9905-b78b-45c8-984a-6d1d0cddd727/datanode-1/data/containers/hdds of  storage type : DISK and capacity : 1482555576320
2019-10-05 00:41:29,470 [main] INFO  volume.VolumeSet (VolumeSet.java:initializeVolumeSet(170)) - Added Volume : /workdir/hadoop-ozone/integration-test/target/test-dir/MiniOzoneClusterImpl-d14a9905-b78b-45c8-984a-6d1d0cddd727/datanode-1/data/containers/hdds to VolumeSet
2019-10-05 00:41:29,471 [main] INFO  volume.ThrottledAsyncChecker (ThrottledAsyncChecker.java:schedule(139)) - Scheduling a check for org.apache.hadoop.ozone.container.common.volume.HddsVolume@26cb5207
2019-10-05 00:41:29,472 [main] INFO  volume.HddsVolumeChecker (HddsVolumeChecker.java:checkAllVolumes(202)) - Scheduled health check for volume org.apache.hadoop.ozone.container.common.volume.HddsVolume@26cb5207
2019-10-05 00:41:29,489 [main] INFO  impl.RaftServerProxy (ConfUtils.java:logGet(43)) - raft.rpc.type = GRPC (default)
2019-10-05 00:41:29,490 [main] INFO  grpc.GrpcFactory (GrpcFactory.java:checkPooledByteBufAllocatorUseCacheForAllThreads(45)) - PERFORMANCE WARNING: useCacheForAllThreads is true that may cause Netty to create a lot garbage objects and, as a result, trigger GC.
	It is recommended to disable useCacheForAllThreads by setting -Dorg.apache.ratis.thirdparty.io.netty.allocator.useCacheForAllThreads=false in command line.
2019-10-05 00:41:29,490 [main] INFO  grpc.GrpcConfigKeys$Server (ConfUtils.java:logGet(43)) - raft.grpc.server.port = 0 (default)
2019-10-05 00:41:29,490 [main] INFO  server.GrpcService (ConfUtils.java:logGet(43)) - raft.grpc.message.size.max = 33570816 (custom)
2019-10-05 00:41:29,490 [main] INFO  server.RaftServerConfigKeys (ConfUtils.java:logGet(43)) - raft.server.log.appender.buffer.byte-limit = 33554432 (custom)
2019-10-05 00:41:29,491 [main] INFO  server.GrpcService (ConfUtils.java:logGet(43)) - raft.grpc.flow.control.window = 1MB (=1048576) (default)
2019-10-05 00:41:29,491 [main] INFO  server.RaftServerConfigKeys (ConfUtils.java:logGet(43)) - raft.server.rpc.request.timeout = 3000ms (default)
2019-10-05 00:41:29,492 [main] INFO  server.RaftServerConfigKeys (ConfUtils.java:logGet(43)) - raft.server.storage.dir = [/workdir/hadoop-ozone/integration-test/target/test-dir/MiniOzoneClusterImpl-d14a9905-b78b-45c8-984a-6d1d0cddd727/datanode-1/data/ratis] (custom)
2019-10-05 00:41:29,493 [main] INFO  hdfs.DFSUtil (DFSUtil.java:httpServerTemplateForNNAndJN(1641)) - Starting Web-server for hddsDatanode at: http://0.0.0.0:0
2019-10-05 00:41:29,495 [main] INFO  server.AuthenticationFilter (AuthenticationFilter.java:constructSecretProvider(240)) - Unable to initialize FileSignerSecretProvider, falling back to use random secrets.
2019-10-05 00:41:29,495 [main] WARN  http.HttpRequestLog (HttpRequestLog.java:getRequestLog(97)) - Jetty request log can only be enabled using Log4j
2019-10-05 00:41:29,497 [main] INFO  http.HttpServer2 (HttpServer2.java:addGlobalFilter(975)) - Added global filter 'safety' (class=org.apache.hadoop.http.HttpServer2$QuotingInputFilter)
2019-10-05 00:41:29,497 [main] INFO  http.HttpServer2 (HttpServer2.java:addFilter(948)) - Added filter static_user_filter (class=org.apache.hadoop.http.lib.StaticUserWebFilter$StaticUserFilter) to context hddsDatanode
2019-10-05 00:41:29,497 [main] INFO  http.HttpServer2 (HttpServer2.java:addFilter(958)) - Added filter static_user_filter (class=org.apache.hadoop.http.lib.StaticUserWebFilter$StaticUserFilter) to context logs
2019-10-05 00:41:29,498 [main] INFO  http.HttpServer2 (HttpServer2.java:addFilter(958)) - Added filter static_user_filter (class=org.apache.hadoop.http.lib.StaticUserWebFilter$StaticUserFilter) to context static
2019-10-05 00:41:29,498 [main] INFO  http.HttpServer2 (HttpServer2.java:bindListener(1191)) - Jetty bound to port 41146
2019-10-05 00:41:29,498 [main] INFO  server.Server (Server.java:doStart(351)) - jetty-9.3.25.v20180904, build timestamp: 2018-09-04T21:11:46Z, git hash: 3ce520221d0240229c862b122d2b06c12a625732
2019-10-05 00:41:29,505 [main] INFO  handler.ContextHandler (ContextHandler.java:doStart(781)) - Started o.e.j.s.ServletContextHandler@3bbf841e{/logs,file:///workdir/hadoop-ozone/integration-test/target/log,AVAILABLE}
2019-10-05 00:41:29,505 [main] INFO  handler.ContextHandler (ContextHandler.java:doStart(781)) - Started o.e.j.s.ServletContextHandler@56a4f272{/static,jar:file:/home/user/.m2/repository/org/apache/hadoop/hadoop-hdds-container-service/0.5.0-SNAPSHOT/hadoop-hdds-container-service-0.5.0-SNAPSHOT.jar!/webapps/static,AVAILABLE}
2019-10-05 00:41:29,531 [main] INFO  handler.ContextHandler (ContextHandler.java:doStart(781)) - Started o.e.j.w.WebAppContext@6cff61fc{/,file:///tmp/jetty-0.0.0.0-41146-hddsDatanode-_-any-2305519211975268153.dir/webapp/,AVAILABLE}{/hddsDatanode}
2019-10-05 00:41:29,532 [main] INFO  server.AbstractConnector (AbstractConnector.java:doStart(278)) - Started ServerConnector@6e0c6a7a{HTTP/1.1,[http/1.1]}{0.0.0.0:41146}
2019-10-05 00:41:29,533 [main] INFO  server.Server (Server.java:doStart(419)) - Started @6023ms
2019-10-05 00:41:29,534 [main] WARN  impl.MetricsSystemImpl (MetricsSystemImpl.java:register(276)) - Sink prometheus already exists!
2019-10-05 00:41:29,535 [main] INFO  server.BaseHttpServer (BaseHttpServer.java:updateConnectorAddress(215)) - HTTP server of HDDSDATANODE is listening at http://0.0.0.0:41146
2019-10-05 00:41:29,535 [main] INFO  impl.MetricsSystemImpl (MetricsSystemImpl.java:init(158)) - HddsDatanode metrics system started (again)
2019-10-05 00:41:29,538 [main] INFO  ozone.HddsDatanodeService (HddsDatanodeService.java:start(184)) - HddsDatanodeService host:pr-hdds-2204-lb5qm-2726860912 ip:192.168.164.251
2019-10-05 00:41:29,539 [org.apache.hadoop.util.JvmPauseMonitor$Monitor@6b76615f] INFO  util.JvmPauseMonitor (JvmPauseMonitor.java:run(188)) - Starting JVM pause monitor
2019-10-05 00:41:29,548 [main] INFO  volume.HddsVolume (HddsVolume.java:<init>(176)) - Creating Volume: /workdir/hadoop-ozone/integration-test/target/test-dir/MiniOzoneClusterImpl-d14a9905-b78b-45c8-984a-6d1d0cddd727/datanode-2/data/containers/hdds of  storage type : DISK and capacity : 1482555576320
2019-10-05 00:41:29,549 [main] INFO  volume.VolumeSet (VolumeSet.java:initializeVolumeSet(170)) - Added Volume : /workdir/hadoop-ozone/integration-test/target/test-dir/MiniOzoneClusterImpl-d14a9905-b78b-45c8-984a-6d1d0cddd727/datanode-2/data/containers/hdds to VolumeSet
2019-10-05 00:41:29,549 [main] INFO  volume.ThrottledAsyncChecker (ThrottledAsyncChecker.java:schedule(139)) - Scheduling a check for org.apache.hadoop.ozone.container.common.volume.HddsVolume@5af8bb51
2019-10-05 00:41:29,550 [main] INFO  volume.HddsVolumeChecker (HddsVolumeChecker.java:checkAllVolumes(202)) - Scheduled health check for volume org.apache.hadoop.ozone.container.common.volume.HddsVolume@5af8bb51
2019-10-05 00:41:29,563 [main] INFO  impl.RaftServerProxy (ConfUtils.java:logGet(43)) - raft.rpc.type = GRPC (default)
2019-10-05 00:41:29,564 [main] INFO  grpc.GrpcFactory (GrpcFactory.java:checkPooledByteBufAllocatorUseCacheForAllThreads(45)) - PERFORMANCE WARNING: useCacheForAllThreads is true that may cause Netty to create a lot garbage objects and, as a result, trigger GC.
	It is recommended to disable useCacheForAllThreads by setting -Dorg.apache.ratis.thirdparty.io.netty.allocator.useCacheForAllThreads=false in command line.
2019-10-05 00:41:29,564 [main] INFO  grpc.GrpcConfigKeys$Server (ConfUtils.java:logGet(43)) - raft.grpc.server.port = 0 (default)
2019-10-05 00:41:29,564 [main] INFO  server.GrpcService (ConfUtils.java:logGet(43)) - raft.grpc.message.size.max = 33570816 (custom)
2019-10-05 00:41:29,564 [main] INFO  server.RaftServerConfigKeys (ConfUtils.java:logGet(43)) - raft.server.log.appender.buffer.byte-limit = 33554432 (custom)
2019-10-05 00:41:29,565 [main] INFO  server.GrpcService (ConfUtils.java:logGet(43)) - raft.grpc.flow.control.window = 1MB (=1048576) (default)
2019-10-05 00:41:29,565 [main] INFO  server.RaftServerConfigKeys (ConfUtils.java:logGet(43)) - raft.server.rpc.request.timeout = 3000ms (default)
2019-10-05 00:41:29,565 [main] INFO  server.RaftServerConfigKeys (ConfUtils.java:logGet(43)) - raft.server.storage.dir = [/workdir/hadoop-ozone/integration-test/target/test-dir/MiniOzoneClusterImpl-d14a9905-b78b-45c8-984a-6d1d0cddd727/datanode-2/data/ratis] (custom)
2019-10-05 00:41:29,567 [main] INFO  hdfs.DFSUtil (DFSUtil.java:httpServerTemplateForNNAndJN(1641)) - Starting Web-server for hddsDatanode at: http://0.0.0.0:0
2019-10-05 00:41:29,569 [main] INFO  server.AuthenticationFilter (AuthenticationFilter.java:constructSecretProvider(240)) - Unable to initialize FileSignerSecretProvider, falling back to use random secrets.
2019-10-05 00:41:29,570 [main] WARN  http.HttpRequestLog (HttpRequestLog.java:getRequestLog(97)) - Jetty request log can only be enabled using Log4j
2019-10-05 00:41:29,573 [main] INFO  http.HttpServer2 (HttpServer2.java:addGlobalFilter(975)) - Added global filter 'safety' (class=org.apache.hadoop.http.HttpServer2$QuotingInputFilter)
2019-10-05 00:41:29,574 [main] INFO  http.HttpServer2 (HttpServer2.java:addFilter(948)) - Added filter static_user_filter (class=org.apache.hadoop.http.lib.StaticUserWebFilter$StaticUserFilter) to context hddsDatanode
2019-10-05 00:41:29,574 [main] INFO  http.HttpServer2 (HttpServer2.java:addFilter(958)) - Added filter static_user_filter (class=org.apache.hadoop.http.lib.StaticUserWebFilter$StaticUserFilter) to context static
2019-10-05 00:41:29,574 [main] INFO  http.HttpServer2 (HttpServer2.java:addFilter(958)) - Added filter static_user_filter (class=org.apache.hadoop.http.lib.StaticUserWebFilter$StaticUserFilter) to context logs
2019-10-05 00:41:29,575 [main] INFO  http.HttpServer2 (HttpServer2.java:bindListener(1191)) - Jetty bound to port 41784
2019-10-05 00:41:29,575 [main] INFO  server.Server (Server.java:doStart(351)) - jetty-9.3.25.v20180904, build timestamp: 2018-09-04T21:11:46Z, git hash: 3ce520221d0240229c862b122d2b06c12a625732
2019-10-05 00:41:29,578 [main] INFO  handler.ContextHandler (ContextHandler.java:doStart(781)) - Started o.e.j.s.ServletContextHandler@151bf776{/logs,file:///workdir/hadoop-ozone/integration-test/target/log,AVAILABLE}
2019-10-05 00:41:29,579 [main] INFO  handler.ContextHandler (ContextHandler.java:doStart(781)) - Started o.e.j.s.ServletContextHandler@b52b755{/static,jar:file:/home/user/.m2/repository/org/apache/hadoop/hadoop-hdds-container-service/0.5.0-SNAPSHOT/hadoop-hdds-container-service-0.5.0-SNAPSHOT.jar!/webapps/static,AVAILABLE}
2019-10-05 00:41:29,593 [Datanode State Machine Thread - 0] INFO  datanode.InitDatanodeState (InitDatanodeState.java:persistContainerDatanodeDetails(140)) - DatanodeDetails is persisted to /workdir/hadoop-ozone/integration-test/target/test-dir/MiniOzoneClusterImpl-d14a9905-b78b-45c8-984a-6d1d0cddd727/datanode-0/meta/datanode.id
2019-10-05 00:41:29,597 [Datanode State Machine Thread - 0] INFO  datanode.InitDatanodeState (InitDatanodeState.java:persistContainerDatanodeDetails(140)) - DatanodeDetails is persisted to /workdir/hadoop-ozone/integration-test/target/test-dir/MiniOzoneClusterImpl-d14a9905-b78b-45c8-984a-6d1d0cddd727/datanode-1/meta/datanode.id
2019-10-05 00:41:29,624 [main] INFO  handler.ContextHandler (ContextHandler.java:doStart(781)) - Started o.e.j.w.WebAppContext@dc4a691{/,file:///tmp/jetty-0.0.0.0-41784-hddsDatanode-_-any-4502487099904130192.dir/webapp/,AVAILABLE}{/hddsDatanode}
2019-10-05 00:41:29,624 [main] INFO  server.AbstractConnector (AbstractConnector.java:doStart(278)) - Started ServerConnector@784abd3e{HTTP/1.1,[http/1.1]}{0.0.0.0:41784}
2019-10-05 00:41:29,625 [main] INFO  server.Server (Server.java:doStart(419)) - Started @6115ms
2019-10-05 00:41:29,626 [main] WARN  impl.MetricsSystemImpl (MetricsSystemImpl.java:register(276)) - Sink prometheus already exists!
2019-10-05 00:41:29,627 [main] INFO  server.BaseHttpServer (BaseHttpServer.java:updateConnectorAddress(215)) - HTTP server of HDDSDATANODE is listening at http://0.0.0.0:41784
2019-10-05 00:41:29,628 [main] INFO  impl.MetricsSystemImpl (MetricsSystemImpl.java:init(158)) - HddsDatanode metrics system started (again)
2019-10-05 00:41:29,631 [main] INFO  ozone.HddsDatanodeService (HddsDatanodeService.java:start(184)) - HddsDatanodeService host:pr-hdds-2204-lb5qm-2726860912 ip:192.168.164.251
2019-10-05 00:41:29,631 [org.apache.hadoop.util.JvmPauseMonitor$Monitor@ade4368] INFO  util.JvmPauseMonitor (JvmPauseMonitor.java:run(188)) - Starting JVM pause monitor
2019-10-05 00:41:29,634 [Datanode State Machine Thread - 0] INFO  datanode.InitDatanodeState (InitDatanodeState.java:persistContainerDatanodeDetails(140)) - DatanodeDetails is persisted to /workdir/hadoop-ozone/integration-test/target/test-dir/MiniOzoneClusterImpl-d14a9905-b78b-45c8-984a-6d1d0cddd727/datanode-2/meta/datanode.id
2019-10-05 00:41:29,640 [main] INFO  volume.HddsVolume (HddsVolume.java:<init>(176)) - Creating Volume: /workdir/hadoop-ozone/integration-test/target/test-dir/MiniOzoneClusterImpl-d14a9905-b78b-45c8-984a-6d1d0cddd727/datanode-3/data/containers/hdds of  storage type : DISK and capacity : 1482555576320
2019-10-05 00:41:29,641 [main] INFO  volume.VolumeSet (VolumeSet.java:initializeVolumeSet(170)) - Added Volume : /workdir/hadoop-ozone/integration-test/target/test-dir/MiniOzoneClusterImpl-d14a9905-b78b-45c8-984a-6d1d0cddd727/datanode-3/data/containers/hdds to VolumeSet
2019-10-05 00:41:29,641 [main] INFO  volume.ThrottledAsyncChecker (ThrottledAsyncChecker.java:schedule(139)) - Scheduling a check for org.apache.hadoop.ozone.container.common.volume.HddsVolume@443effcb
2019-10-05 00:41:29,642 [main] INFO  volume.HddsVolumeChecker (HddsVolumeChecker.java:checkAllVolumes(202)) - Scheduled health check for volume org.apache.hadoop.ozone.container.common.volume.HddsVolume@443effcb
2019-10-05 00:41:29,657 [main] INFO  impl.RaftServerProxy (ConfUtils.java:logGet(43)) - raft.rpc.type = GRPC (default)
2019-10-05 00:41:29,657 [main] INFO  grpc.GrpcFactory (GrpcFactory.java:checkPooledByteBufAllocatorUseCacheForAllThreads(45)) - PERFORMANCE WARNING: useCacheForAllThreads is true that may cause Netty to create a lot garbage objects and, as a result, trigger GC.
	It is recommended to disable useCacheForAllThreads by setting -Dorg.apache.ratis.thirdparty.io.netty.allocator.useCacheForAllThreads=false in command line.
2019-10-05 00:41:29,658 [main] INFO  grpc.GrpcConfigKeys$Server (ConfUtils.java:logGet(43)) - raft.grpc.server.port = 0 (default)
2019-10-05 00:41:29,658 [main] INFO  server.GrpcService (ConfUtils.java:logGet(43)) - raft.grpc.message.size.max = 33570816 (custom)
2019-10-05 00:41:29,658 [main] INFO  server.RaftServerConfigKeys (ConfUtils.java:logGet(43)) - raft.server.log.appender.buffer.byte-limit = 33554432 (custom)
2019-10-05 00:41:29,658 [main] INFO  server.GrpcService (ConfUtils.java:logGet(43)) - raft.grpc.flow.control.window = 1MB (=1048576) (default)
2019-10-05 00:41:29,659 [main] INFO  server.RaftServerConfigKeys (ConfUtils.java:logGet(43)) - raft.server.rpc.request.timeout = 3000ms (default)
2019-10-05 00:41:29,659 [main] INFO  server.RaftServerConfigKeys (ConfUtils.java:logGet(43)) - raft.server.storage.dir = [/workdir/hadoop-ozone/integration-test/target/test-dir/MiniOzoneClusterImpl-d14a9905-b78b-45c8-984a-6d1d0cddd727/datanode-3/data/ratis] (custom)
2019-10-05 00:41:29,661 [main] INFO  hdfs.DFSUtil (DFSUtil.java:httpServerTemplateForNNAndJN(1641)) - Starting Web-server for hddsDatanode at: http://0.0.0.0:0
2019-10-05 00:41:29,663 [main] INFO  server.AuthenticationFilter (AuthenticationFilter.java:constructSecretProvider(240)) - Unable to initialize FileSignerSecretProvider, falling back to use random secrets.
2019-10-05 00:41:29,663 [main] WARN  http.HttpRequestLog (HttpRequestLog.java:getRequestLog(97)) - Jetty request log can only be enabled using Log4j
2019-10-05 00:41:29,665 [main] INFO  http.HttpServer2 (HttpServer2.java:addGlobalFilter(975)) - Added global filter 'safety' (class=org.apache.hadoop.http.HttpServer2$QuotingInputFilter)
2019-10-05 00:41:29,666 [main] INFO  http.HttpServer2 (HttpServer2.java:addFilter(948)) - Added filter static_user_filter (class=org.apache.hadoop.http.lib.StaticUserWebFilter$StaticUserFilter) to context hddsDatanode
2019-10-05 00:41:29,666 [main] INFO  http.HttpServer2 (HttpServer2.java:addFilter(958)) - Added filter static_user_filter (class=org.apache.hadoop.http.lib.StaticUserWebFilter$StaticUserFilter) to context logs
2019-10-05 00:41:29,666 [main] INFO  http.HttpServer2 (HttpServer2.java:addFilter(958)) - Added filter static_user_filter (class=org.apache.hadoop.http.lib.StaticUserWebFilter$StaticUserFilter) to context static
2019-10-05 00:41:29,667 [main] INFO  http.HttpServer2 (HttpServer2.java:bindListener(1191)) - Jetty bound to port 42049
2019-10-05 00:41:29,667 [main] INFO  server.Server (Server.java:doStart(351)) - jetty-9.3.25.v20180904, build timestamp: 2018-09-04T21:11:46Z, git hash: 3ce520221d0240229c862b122d2b06c12a625732
2019-10-05 00:41:29,673 [main] INFO  handler.ContextHandler (ContextHandler.java:doStart(781)) - Started o.e.j.s.ServletContextHandler@5634d0f4{/logs,file:///workdir/hadoop-ozone/integration-test/target/log,AVAILABLE}
2019-10-05 00:41:29,674 [main] INFO  handler.ContextHandler (ContextHandler.java:doStart(781)) - Started o.e.j.s.ServletContextHandler@3d4e405e{/static,jar:file:/home/user/.m2/repository/org/apache/hadoop/hadoop-hdds-container-service/0.5.0-SNAPSHOT/hadoop-hdds-container-service-0.5.0-SNAPSHOT.jar!/webapps/static,AVAILABLE}
2019-10-05 00:41:29,699 [main] INFO  handler.ContextHandler (ContextHandler.java:doStart(781)) - Started o.e.j.w.WebAppContext@1859e2a4{/,file:///tmp/jetty-0.0.0.0-42049-hddsDatanode-_-any-4628488130006219303.dir/webapp/,AVAILABLE}{/hddsDatanode}
2019-10-05 00:41:29,700 [main] INFO  server.AbstractConnector (AbstractConnector.java:doStart(278)) - Started ServerConnector@46349b95{HTTP/1.1,[http/1.1]}{0.0.0.0:42049}
2019-10-05 00:41:29,701 [main] INFO  server.Server (Server.java:doStart(419)) - Started @6190ms
2019-10-05 00:41:29,701 [main] WARN  impl.MetricsSystemImpl (MetricsSystemImpl.java:register(276)) - Sink prometheus already exists!
2019-10-05 00:41:29,702 [main] INFO  server.BaseHttpServer (BaseHttpServer.java:updateConnectorAddress(215)) - HTTP server of HDDSDATANODE is listening at http://0.0.0.0:42049
2019-10-05 00:41:29,703 [main] INFO  impl.MetricsSystemImpl (MetricsSystemImpl.java:init(158)) - HddsDatanode metrics system started (again)
2019-10-05 00:41:29,707 [org.apache.hadoop.util.JvmPauseMonitor$Monitor@97b94bf] INFO  util.JvmPauseMonitor (JvmPauseMonitor.java:run(188)) - Starting JVM pause monitor
2019-10-05 00:41:29,707 [main] INFO  ozone.HddsDatanodeService (HddsDatanodeService.java:start(184)) - HddsDatanodeService host:pr-hdds-2204-lb5qm-2726860912 ip:192.168.164.251
2019-10-05 00:41:29,711 [Datanode State Machine Thread - 0] INFO  datanode.InitDatanodeState (InitDatanodeState.java:persistContainerDatanodeDetails(140)) - DatanodeDetails is persisted to /workdir/hadoop-ozone/integration-test/target/test-dir/MiniOzoneClusterImpl-d14a9905-b78b-45c8-984a-6d1d0cddd727/datanode-3/meta/datanode.id
2019-10-05 00:41:29,718 [main] INFO  volume.HddsVolume (HddsVolume.java:<init>(176)) - Creating Volume: /workdir/hadoop-ozone/integration-test/target/test-dir/MiniOzoneClusterImpl-d14a9905-b78b-45c8-984a-6d1d0cddd727/datanode-4/data/containers/hdds of  storage type : DISK and capacity : 1482555576320
2019-10-05 00:41:29,718 [main] INFO  volume.VolumeSet (VolumeSet.java:initializeVolumeSet(170)) - Added Volume : /workdir/hadoop-ozone/integration-test/target/test-dir/MiniOzoneClusterImpl-d14a9905-b78b-45c8-984a-6d1d0cddd727/datanode-4/data/containers/hdds to VolumeSet
2019-10-05 00:41:29,719 [main] INFO  volume.ThrottledAsyncChecker (ThrottledAsyncChecker.java:schedule(139)) - Scheduling a check for org.apache.hadoop.ozone.container.common.volume.HddsVolume@77a074b4
2019-10-05 00:41:29,719 [main] INFO  volume.HddsVolumeChecker (HddsVolumeChecker.java:checkAllVolumes(202)) - Scheduled health check for volume org.apache.hadoop.ozone.container.common.volume.HddsVolume@77a074b4
2019-10-05 00:41:29,739 [main] INFO  impl.RaftServerProxy (ConfUtils.java:logGet(43)) - raft.rpc.type = GRPC (default)
2019-10-05 00:41:29,739 [main] INFO  grpc.GrpcFactory (GrpcFactory.java:checkPooledByteBufAllocatorUseCacheForAllThreads(45)) - PERFORMANCE WARNING: useCacheForAllThreads is true that may cause Netty to create a lot garbage objects and, as a result, trigger GC.
	It is recommended to disable useCacheForAllThreads by setting -Dorg.apache.ratis.thirdparty.io.netty.allocator.useCacheForAllThreads=false in command line.
2019-10-05 00:41:29,739 [main] INFO  grpc.GrpcConfigKeys$Server (ConfUtils.java:logGet(43)) - raft.grpc.server.port = 0 (default)
2019-10-05 00:41:29,740 [main] INFO  server.GrpcService (ConfUtils.java:logGet(43)) - raft.grpc.message.size.max = 33570816 (custom)
2019-10-05 00:41:29,740 [main] INFO  server.RaftServerConfigKeys (ConfUtils.java:logGet(43)) - raft.server.log.appender.buffer.byte-limit = 33554432 (custom)
2019-10-05 00:41:29,740 [main] INFO  server.GrpcService (ConfUtils.java:logGet(43)) - raft.grpc.flow.control.window = 1MB (=1048576) (default)
2019-10-05 00:41:29,741 [main] INFO  server.RaftServerConfigKeys (ConfUtils.java:logGet(43)) - raft.server.rpc.request.timeout = 3000ms (default)
2019-10-05 00:41:29,741 [main] INFO  server.RaftServerConfigKeys (ConfUtils.java:logGet(43)) - raft.server.storage.dir = [/workdir/hadoop-ozone/integration-test/target/test-dir/MiniOzoneClusterImpl-d14a9905-b78b-45c8-984a-6d1d0cddd727/datanode-4/data/ratis] (custom)
2019-10-05 00:41:29,743 [main] INFO  hdfs.DFSUtil (DFSUtil.java:httpServerTemplateForNNAndJN(1641)) - Starting Web-server for hddsDatanode at: http://0.0.0.0:0
2019-10-05 00:41:29,745 [main] INFO  server.AuthenticationFilter (AuthenticationFilter.java:constructSecretProvider(240)) - Unable to initialize FileSignerSecretProvider, falling back to use random secrets.
2019-10-05 00:41:29,746 [main] WARN  http.HttpRequestLog (HttpRequestLog.java:getRequestLog(97)) - Jetty request log can only be enabled using Log4j
2019-10-05 00:41:29,748 [main] INFO  http.HttpServer2 (HttpServer2.java:addGlobalFilter(975)) - Added global filter 'safety' (class=org.apache.hadoop.http.HttpServer2$QuotingInputFilter)
2019-10-05 00:41:29,749 [main] INFO  http.HttpServer2 (HttpServer2.java:addFilter(948)) - Added filter static_user_filter (class=org.apache.hadoop.http.lib.StaticUserWebFilter$StaticUserFilter) to context hddsDatanode
2019-10-05 00:41:29,749 [main] INFO  http.HttpServer2 (HttpServer2.java:addFilter(958)) - Added filter static_user_filter (class=org.apache.hadoop.http.lib.StaticUserWebFilter$StaticUserFilter) to context logs
2019-10-05 00:41:29,749 [main] INFO  http.HttpServer2 (HttpServer2.java:addFilter(958)) - Added filter static_user_filter (class=org.apache.hadoop.http.lib.StaticUserWebFilter$StaticUserFilter) to context static
2019-10-05 00:41:29,750 [main] INFO  http.HttpServer2 (HttpServer2.java:bindListener(1191)) - Jetty bound to port 35317
2019-10-05 00:41:29,751 [main] INFO  server.Server (Server.java:doStart(351)) - jetty-9.3.25.v20180904, build timestamp: 2018-09-04T21:11:46Z, git hash: 3ce520221d0240229c862b122d2b06c12a625732
2019-10-05 00:41:29,753 [main] INFO  handler.ContextHandler (ContextHandler.java:doStart(781)) - Started o.e.j.s.ServletContextHandler@25aeb5ac{/logs,file:///workdir/hadoop-ozone/integration-test/target/log,AVAILABLE}
2019-10-05 00:41:29,753 [main] INFO  handler.ContextHandler (ContextHandler.java:doStart(781)) - Started o.e.j.s.ServletContextHandler@3bd2af5b{/static,jar:file:/home/user/.m2/repository/org/apache/hadoop/hadoop-hdds-container-service/0.5.0-SNAPSHOT/hadoop-hdds-container-service-0.5.0-SNAPSHOT.jar!/webapps/static,AVAILABLE}
2019-10-05 00:41:29,791 [main] INFO  handler.ContextHandler (ContextHandler.java:doStart(781)) - Started o.e.j.w.WebAppContext@423b2b62{/,file:///tmp/jetty-0.0.0.0-35317-hddsDatanode-_-any-4038329661670093332.dir/webapp/,AVAILABLE}{/hddsDatanode}
2019-10-05 00:41:29,792 [main] INFO  server.AbstractConnector (AbstractConnector.java:doStart(278)) - Started ServerConnector@2b7962a2{HTTP/1.1,[http/1.1]}{0.0.0.0:35317}
2019-10-05 00:41:29,793 [main] INFO  server.Server (Server.java:doStart(419)) - Started @6283ms
2019-10-05 00:41:29,793 [main] WARN  impl.MetricsSystemImpl (MetricsSystemImpl.java:register(276)) - Sink prometheus already exists!
2019-10-05 00:41:29,794 [main] INFO  server.BaseHttpServer (BaseHttpServer.java:updateConnectorAddress(215)) - HTTP server of HDDSDATANODE is listening at http://0.0.0.0:35317
2019-10-05 00:41:29,794 [main] INFO  impl.MetricsSystemImpl (MetricsSystemImpl.java:init(158)) - HddsDatanode metrics system started (again)
2019-10-05 00:41:29,798 [main] INFO  ozone.HddsDatanodeService (HddsDatanodeService.java:start(184)) - HddsDatanodeService host:pr-hdds-2204-lb5qm-2726860912 ip:192.168.164.251
2019-10-05 00:41:29,798 [org.apache.hadoop.util.JvmPauseMonitor$Monitor@2b686df1] INFO  util.JvmPauseMonitor (JvmPauseMonitor.java:run(188)) - Starting JVM pause monitor
2019-10-05 00:41:29,802 [Datanode State Machine Thread - 0] INFO  datanode.InitDatanodeState (InitDatanodeState.java:persistContainerDatanodeDetails(140)) - DatanodeDetails is persisted to /workdir/hadoop-ozone/integration-test/target/test-dir/MiniOzoneClusterImpl-d14a9905-b78b-45c8-984a-6d1d0cddd727/datanode-4/meta/datanode.id
2019-10-05 00:41:29,807 [main] INFO  volume.HddsVolume (HddsVolume.java:<init>(176)) - Creating Volume: /workdir/hadoop-ozone/integration-test/target/test-dir/MiniOzoneClusterImpl-d14a9905-b78b-45c8-984a-6d1d0cddd727/datanode-5/data/containers/hdds of  storage type : DISK and capacity : 1482555576320
2019-10-05 00:41:29,807 [main] INFO  volume.VolumeSet (VolumeSet.java:initializeVolumeSet(170)) - Added Volume : /workdir/hadoop-ozone/integration-test/target/test-dir/MiniOzoneClusterImpl-d14a9905-b78b-45c8-984a-6d1d0cddd727/datanode-5/data/containers/hdds to VolumeSet
2019-10-05 00:41:29,807 [main] INFO  volume.ThrottledAsyncChecker (ThrottledAsyncChecker.java:schedule(139)) - Scheduling a check for org.apache.hadoop.ozone.container.common.volume.HddsVolume@3a66e67e
2019-10-05 00:41:29,808 [main] INFO  volume.HddsVolumeChecker (HddsVolumeChecker.java:checkAllVolumes(202)) - Scheduled health check for volume org.apache.hadoop.ozone.container.common.volume.HddsVolume@3a66e67e
2019-10-05 00:41:29,825 [main] INFO  impl.RaftServerProxy (ConfUtils.java:logGet(43)) - raft.rpc.type = GRPC (default)
2019-10-05 00:41:29,826 [main] INFO  grpc.GrpcFactory (GrpcFactory.java:checkPooledByteBufAllocatorUseCacheForAllThreads(45)) - PERFORMANCE WARNING: useCacheForAllThreads is true that may cause Netty to create a lot garbage objects and, as a result, trigger GC.
	It is recommended to disable useCacheForAllThreads by setting -Dorg.apache.ratis.thirdparty.io.netty.allocator.useCacheForAllThreads=false in command line.
2019-10-05 00:41:29,826 [main] INFO  grpc.GrpcConfigKeys$Server (ConfUtils.java:logGet(43)) - raft.grpc.server.port = 0 (default)
2019-10-05 00:41:29,826 [main] INFO  server.GrpcService (ConfUtils.java:logGet(43)) - raft.grpc.message.size.max = 33570816 (custom)
2019-10-05 00:41:29,826 [main] INFO  server.RaftServerConfigKeys (ConfUtils.java:logGet(43)) - raft.server.log.appender.buffer.byte-limit = 33554432 (custom)
2019-10-05 00:41:29,827 [main] INFO  server.GrpcService (ConfUtils.java:logGet(43)) - raft.grpc.flow.control.window = 1MB (=1048576) (default)
2019-10-05 00:41:29,827 [main] INFO  server.RaftServerConfigKeys (ConfUtils.java:logGet(43)) - raft.server.rpc.request.timeout = 3000ms (default)
2019-10-05 00:41:29,828 [main] INFO  server.RaftServerConfigKeys (ConfUtils.java:logGet(43)) - raft.server.storage.dir = [/workdir/hadoop-ozone/integration-test/target/test-dir/MiniOzoneClusterImpl-d14a9905-b78b-45c8-984a-6d1d0cddd727/datanode-5/data/ratis] (custom)
2019-10-05 00:41:29,829 [main] INFO  hdfs.DFSUtil (DFSUtil.java:httpServerTemplateForNNAndJN(1641)) - Starting Web-server for hddsDatanode at: http://0.0.0.0:0
2019-10-05 00:41:29,831 [main] INFO  server.AuthenticationFilter (AuthenticationFilter.java:constructSecretProvider(240)) - Unable to initialize FileSignerSecretProvider, falling back to use random secrets.
2019-10-05 00:41:29,832 [main] WARN  http.HttpRequestLog (HttpRequestLog.java:getRequestLog(97)) - Jetty request log can only be enabled using Log4j
2019-10-05 00:41:29,835 [main] INFO  http.HttpServer2 (HttpServer2.java:addGlobalFilter(975)) - Added global filter 'safety' (class=org.apache.hadoop.http.HttpServer2$QuotingInputFilter)
2019-10-05 00:41:29,836 [main] INFO  http.HttpServer2 (HttpServer2.java:addFilter(948)) - Added filter static_user_filter (class=org.apache.hadoop.http.lib.StaticUserWebFilter$StaticUserFilter) to context hddsDatanode
2019-10-05 00:41:29,836 [main] INFO  http.HttpServer2 (HttpServer2.java:addFilter(958)) - Added filter static_user_filter (class=org.apache.hadoop.http.lib.StaticUserWebFilter$StaticUserFilter) to context static
2019-10-05 00:41:29,836 [main] INFO  http.HttpServer2 (HttpServer2.java:addFilter(958)) - Added filter static_user_filter (class=org.apache.hadoop.http.lib.StaticUserWebFilter$StaticUserFilter) to context logs
2019-10-05 00:41:29,837 [main] INFO  http.HttpServer2 (HttpServer2.java:bindListener(1191)) - Jetty bound to port 36491
2019-10-05 00:41:29,838 [main] INFO  server.Server (Server.java:doStart(351)) - jetty-9.3.25.v20180904, build timestamp: 2018-09-04T21:11:46Z, git hash: 3ce520221d0240229c862b122d2b06c12a625732
2019-10-05 00:41:29,840 [main] INFO  handler.ContextHandler (ContextHandler.java:doStart(781)) - Started o.e.j.s.ServletContextHandler@68f0f72c{/logs,file:///workdir/hadoop-ozone/integration-test/target/log,AVAILABLE}
2019-10-05 00:41:29,840 [main] INFO  handler.ContextHandler (ContextHandler.java:doStart(781)) - Started o.e.j.s.ServletContextHandler@3b545206{/static,jar:file:/home/user/.m2/repository/org/apache/hadoop/hadoop-hdds-container-service/0.5.0-SNAPSHOT/hadoop-hdds-container-service-0.5.0-SNAPSHOT.jar!/webapps/static,AVAILABLE}
2019-10-05 00:41:29,880 [main] INFO  handler.ContextHandler (ContextHandler.java:doStart(781)) - Started o.e.j.w.WebAppContext@3d0035d2{/,file:///tmp/jetty-0.0.0.0-36491-hddsDatanode-_-any-6127816265274845480.dir/webapp/,AVAILABLE}{/hddsDatanode}
2019-10-05 00:41:29,881 [main] INFO  server.AbstractConnector (AbstractConnector.java:doStart(278)) - Started ServerConnector@2bfb6b49{HTTP/1.1,[http/1.1]}{0.0.0.0:36491}
2019-10-05 00:41:29,882 [main] INFO  server.Server (Server.java:doStart(419)) - Started @6372ms
2019-10-05 00:41:29,882 [main] WARN  impl.MetricsSystemImpl (MetricsSystemImpl.java:register(276)) - Sink prometheus already exists!
2019-10-05 00:41:29,883 [main] INFO  server.BaseHttpServer (BaseHttpServer.java:updateConnectorAddress(215)) - HTTP server of HDDSDATANODE is listening at http://0.0.0.0:36491
2019-10-05 00:41:29,884 [main] INFO  impl.MetricsSystemImpl (MetricsSystemImpl.java:init(158)) - HddsDatanode metrics system started (again)
2019-10-05 00:41:29,888 [org.apache.hadoop.util.JvmPauseMonitor$Monitor@6575c7b3] INFO  util.JvmPauseMonitor (JvmPauseMonitor.java:run(188)) - Starting JVM pause monitor
2019-10-05 00:41:29,888 [main] INFO  ozone.HddsDatanodeService (HddsDatanodeService.java:start(184)) - HddsDatanodeService host:pr-hdds-2204-lb5qm-2726860912 ip:192.168.164.251
2019-10-05 00:41:29,890 [Datanode State Machine Thread - 0] INFO  datanode.InitDatanodeState (InitDatanodeState.java:persistContainerDatanodeDetails(140)) - DatanodeDetails is persisted to /workdir/hadoop-ozone/integration-test/target/test-dir/MiniOzoneClusterImpl-d14a9905-b78b-45c8-984a-6d1d0cddd727/datanode-5/meta/datanode.id
2019-10-05 00:41:29,896 [main] INFO  volume.HddsVolume (HddsVolume.java:<init>(176)) - Creating Volume: /workdir/hadoop-ozone/integration-test/target/test-dir/MiniOzoneClusterImpl-d14a9905-b78b-45c8-984a-6d1d0cddd727/datanode-6/data/containers/hdds of  storage type : DISK and capacity : 1482555576320
2019-10-05 00:41:29,897 [main] INFO  volume.VolumeSet (VolumeSet.java:initializeVolumeSet(170)) - Added Volume : /workdir/hadoop-ozone/integration-test/target/test-dir/MiniOzoneClusterImpl-d14a9905-b78b-45c8-984a-6d1d0cddd727/datanode-6/data/containers/hdds to VolumeSet
2019-10-05 00:41:29,897 [main] INFO  volume.ThrottledAsyncChecker (ThrottledAsyncChecker.java:schedule(139)) - Scheduling a check for org.apache.hadoop.ozone.container.common.volume.HddsVolume@1a22e0ef
2019-10-05 00:41:29,897 [main] INFO  volume.HddsVolumeChecker (HddsVolumeChecker.java:checkAllVolumes(202)) - Scheduled health check for volume org.apache.hadoop.ozone.container.common.volume.HddsVolume@1a22e0ef
2019-10-05 00:41:29,912 [main] INFO  impl.RaftServerProxy (ConfUtils.java:logGet(43)) - raft.rpc.type = GRPC (default)
2019-10-05 00:41:29,912 [main] INFO  grpc.GrpcFactory (GrpcFactory.java:checkPooledByteBufAllocatorUseCacheForAllThreads(45)) - PERFORMANCE WARNING: useCacheForAllThreads is true that may cause Netty to create a lot garbage objects and, as a result, trigger GC.
	It is recommended to disable useCacheForAllThreads by setting -Dorg.apache.ratis.thirdparty.io.netty.allocator.useCacheForAllThreads=false in command line.
2019-10-05 00:41:29,912 [main] INFO  grpc.GrpcConfigKeys$Server (ConfUtils.java:logGet(43)) - raft.grpc.server.port = 0 (default)
2019-10-05 00:41:29,913 [main] INFO  server.GrpcService (ConfUtils.java:logGet(43)) - raft.grpc.message.size.max = 33570816 (custom)
2019-10-05 00:41:29,913 [main] INFO  server.RaftServerConfigKeys (ConfUtils.java:logGet(43)) - raft.server.log.appender.buffer.byte-limit = 33554432 (custom)
2019-10-05 00:41:29,913 [main] INFO  server.GrpcService (ConfUtils.java:logGet(43)) - raft.grpc.flow.control.window = 1MB (=1048576) (default)
2019-10-05 00:41:29,913 [main] INFO  server.RaftServerConfigKeys (ConfUtils.java:logGet(43)) - raft.server.rpc.request.timeout = 3000ms (default)
2019-10-05 00:41:29,914 [main] INFO  server.RaftServerConfigKeys (ConfUtils.java:logGet(43)) - raft.server.storage.dir = [/workdir/hadoop-ozone/integration-test/target/test-dir/MiniOzoneClusterImpl-d14a9905-b78b-45c8-984a-6d1d0cddd727/datanode-6/data/ratis] (custom)
2019-10-05 00:41:29,915 [main] INFO  hdfs.DFSUtil (DFSUtil.java:httpServerTemplateForNNAndJN(1641)) - Starting Web-server for hddsDatanode at: http://0.0.0.0:0
2019-10-05 00:41:29,916 [main] INFO  server.AuthenticationFilter (AuthenticationFilter.java:constructSecretProvider(240)) - Unable to initialize FileSignerSecretProvider, falling back to use random secrets.
2019-10-05 00:41:29,917 [main] WARN  http.HttpRequestLog (HttpRequestLog.java:getRequestLog(97)) - Jetty request log can only be enabled using Log4j
2019-10-05 00:41:29,918 [main] INFO  http.HttpServer2 (HttpServer2.java:addGlobalFilter(975)) - Added global filter 'safety' (class=org.apache.hadoop.http.HttpServer2$QuotingInputFilter)
2019-10-05 00:41:29,919 [main] INFO  http.HttpServer2 (HttpServer2.java:addFilter(948)) - Added filter static_user_filter (class=org.apache.hadoop.http.lib.StaticUserWebFilter$StaticUserFilter) to context hddsDatanode
2019-10-05 00:41:29,919 [main] INFO  http.HttpServer2 (HttpServer2.java:addFilter(958)) - Added filter static_user_filter (class=org.apache.hadoop.http.lib.StaticUserWebFilter$StaticUserFilter) to context logs
2019-10-05 00:41:29,919 [main] INFO  http.HttpServer2 (HttpServer2.java:addFilter(958)) - Added filter static_user_filter (class=org.apache.hadoop.http.lib.StaticUserWebFilter$StaticUserFilter) to context static
2019-10-05 00:41:29,920 [main] INFO  http.HttpServer2 (HttpServer2.java:bindListener(1191)) - Jetty bound to port 44384
2019-10-05 00:41:29,920 [main] INFO  server.Server (Server.java:doStart(351)) - jetty-9.3.25.v20180904, build timestamp: 2018-09-04T21:11:46Z, git hash: 3ce520221d0240229c862b122d2b06c12a625732
2019-10-05 00:41:29,922 [main] INFO  handler.ContextHandler (ContextHandler.java:doStart(781)) - Started o.e.j.s.ServletContextHandler@3dd31157{/logs,file:///workdir/hadoop-ozone/integration-test/target/log,AVAILABLE}
2019-10-05 00:41:29,922 [main] INFO  handler.ContextHandler (ContextHandler.java:doStart(781)) - Started o.e.j.s.ServletContextHandler@3240b2a4{/static,jar:file:/home/user/.m2/repository/org/apache/hadoop/hadoop-hdds-container-service/0.5.0-SNAPSHOT/hadoop-hdds-container-service-0.5.0-SNAPSHOT.jar!/webapps/static,AVAILABLE}
2019-10-05 00:41:29,953 [main] INFO  handler.ContextHandler (ContextHandler.java:doStart(781)) - Started o.e.j.w.WebAppContext@7544ac86{/,file:///tmp/jetty-0.0.0.0-44384-hddsDatanode-_-any-376570141034223910.dir/webapp/,AVAILABLE}{/hddsDatanode}
2019-10-05 00:41:29,953 [main] INFO  server.AbstractConnector (AbstractConnector.java:doStart(278)) - Started ServerConnector@3b27b497{HTTP/1.1,[http/1.1]}{0.0.0.0:44384}
2019-10-05 00:41:29,954 [main] INFO  server.Server (Server.java:doStart(419)) - Started @6444ms
2019-10-05 00:41:29,954 [main] WARN  impl.MetricsSystemImpl (MetricsSystemImpl.java:register(276)) - Sink prometheus already exists!
2019-10-05 00:41:29,955 [main] INFO  server.BaseHttpServer (BaseHttpServer.java:updateConnectorAddress(215)) - HTTP server of HDDSDATANODE is listening at http://0.0.0.0:44384
2019-10-05 00:41:29,958 [main] INFO  ozone.MiniOzoneClusterImpl (MiniOzoneClusterImpl.java:lambda$waitForClusterToBeReady$0(147)) - Waiting for cluster to be ready. Got 0 of 7 DN Heartbeats.
2019-10-05 00:41:29,959 [org.apache.hadoop.util.JvmPauseMonitor$Monitor@678e877] INFO  util.JvmPauseMonitor (JvmPauseMonitor.java:run(188)) - Starting JVM pause monitor
2019-10-05 00:41:29,963 [Datanode State Machine Thread - 0] INFO  datanode.InitDatanodeState (InitDatanodeState.java:persistContainerDatanodeDetails(140)) - DatanodeDetails is persisted to /workdir/hadoop-ozone/integration-test/target/test-dir/MiniOzoneClusterImpl-d14a9905-b78b-45c8-984a-6d1d0cddd727/datanode-6/meta/datanode.id
2019-10-05 00:41:30,959 [main] INFO  ozone.MiniOzoneClusterImpl (MiniOzoneClusterImpl.java:lambda$waitForClusterToBeReady$0(147)) - Waiting for cluster to be ready. Got 0 of 7 DN Heartbeats.
2019-10-05 00:41:31,592 [Datanode State Machine Thread - 0] INFO  ozoneimpl.OzoneContainer (OzoneContainer.java:start(217)) - Attempting to start container services.
2019-10-05 00:41:31,592 [Datanode State Machine Thread - 0] INFO  ozoneimpl.OzoneContainer (OzoneContainer.java:start(217)) - Attempting to start container services.
2019-10-05 00:41:31,598 [Datanode State Machine Thread - 0] INFO  ozoneimpl.OzoneContainer (OzoneContainer.java:startContainerScrub(179)) - Background container scanner has been disabled.
2019-10-05 00:41:31,598 [Datanode State Machine Thread - 0] INFO  ozoneimpl.OzoneContainer (OzoneContainer.java:startContainerScrub(179)) - Background container scanner has been disabled.
2019-10-05 00:41:31,598 [Datanode State Machine Thread - 0] INFO  ratis.XceiverServerRatis (XceiverServerRatis.java:start(417)) - Starting XceiverServerRatis 940ba36b-0df7-4bc7-a76f-c977d596cba9 at port 0
2019-10-05 00:41:31,599 [Datanode State Machine Thread - 0] INFO  ratis.XceiverServerRatis (XceiverServerRatis.java:start(417)) - Starting XceiverServerRatis b3186dea-d713-4b94-b735-e44dad95efa8 at port 0
2019-10-05 00:41:31,640 [Datanode State Machine Thread - 0] INFO  impl.RaftServerProxy (RaftServerProxy.java:lambda$start$3(299)) - b3186dea-d713-4b94-b735-e44dad95efa8: start RPC server
2019-10-05 00:41:31,640 [Datanode State Machine Thread - 0] INFO  impl.RaftServerProxy (RaftServerProxy.java:lambda$start$3(299)) - 940ba36b-0df7-4bc7-a76f-c977d596cba9: start RPC server
2019-10-05 00:41:31,658 [Datanode State Machine Thread - 0] INFO  ozoneimpl.OzoneContainer (OzoneContainer.java:start(217)) - Attempting to start container services.
2019-10-05 00:41:31,667 [Datanode State Machine Thread - 0] INFO  ozoneimpl.OzoneContainer (OzoneContainer.java:startContainerScrub(179)) - Background container scanner has been disabled.
2019-10-05 00:41:31,667 [Datanode State Machine Thread - 0] INFO  ratis.XceiverServerRatis (XceiverServerRatis.java:start(417)) - Starting XceiverServerRatis 7fe15ca9-669d-41ff-98c1-d7fb199ea5a9 at port 0
2019-10-05 00:41:31,683 [Datanode State Machine Thread - 0] INFO  impl.RaftServerProxy (RaftServerProxy.java:lambda$start$3(299)) - 7fe15ca9-669d-41ff-98c1-d7fb199ea5a9: start RPC server
2019-10-05 00:41:31,723 [Datanode State Machine Thread - 0] INFO  ozoneimpl.OzoneContainer (OzoneContainer.java:start(217)) - Attempting to start container services.
2019-10-05 00:41:31,723 [Datanode State Machine Thread - 0] INFO  ozoneimpl.OzoneContainer (OzoneContainer.java:startContainerScrub(179)) - Background container scanner has been disabled.
2019-10-05 00:41:31,723 [Datanode State Machine Thread - 0] INFO  ratis.XceiverServerRatis (XceiverServerRatis.java:start(417)) - Starting XceiverServerRatis 0cfbbb8e-368b-4351-b40c-3060245fa82c at port 0
2019-10-05 00:41:31,739 [Datanode State Machine Thread - 0] INFO  impl.RaftServerProxy (RaftServerProxy.java:lambda$start$3(299)) - 0cfbbb8e-368b-4351-b40c-3060245fa82c: start RPC server
2019-10-05 00:41:31,827 [Datanode State Machine Thread - 0] INFO  server.GrpcService (GrpcService.java:startImpl(158)) - 940ba36b-0df7-4bc7-a76f-c977d596cba9: GrpcService started, listening on 0.0.0.0/0.0.0.0:38078
2019-10-05 00:41:31,827 [Datanode State Machine Thread - 0] INFO  server.GrpcService (GrpcService.java:startImpl(158)) - 0cfbbb8e-368b-4351-b40c-3060245fa82c: GrpcService started, listening on 0.0.0.0/0.0.0.0:41664
2019-10-05 00:41:31,827 [Datanode State Machine Thread - 0] INFO  server.GrpcService (GrpcService.java:startImpl(158)) - 7fe15ca9-669d-41ff-98c1-d7fb199ea5a9: GrpcService started, listening on 0.0.0.0/0.0.0.0:33122
2019-10-05 00:41:31,827 [Datanode State Machine Thread - 0] INFO  server.GrpcService (GrpcService.java:startImpl(158)) - b3186dea-d713-4b94-b735-e44dad95efa8: GrpcService started, listening on 0.0.0.0/0.0.0.0:38285
2019-10-05 00:41:31,829 [Datanode State Machine Thread - 0] INFO  ratis.XceiverServerRatis (XceiverServerRatis.java:start(427)) - XceiverServerRatis 7fe15ca9-669d-41ff-98c1-d7fb199ea5a9 is started using port 33122
2019-10-05 00:41:31,829 [Datanode State Machine Thread - 0] INFO  ozoneimpl.OzoneContainer (OzoneContainer.java:start(217)) - Attempting to start container services.
2019-10-05 00:41:31,829 [Datanode State Machine Thread - 0] INFO  ratis.XceiverServerRatis (XceiverServerRatis.java:start(427)) - XceiverServerRatis 0cfbbb8e-368b-4351-b40c-3060245fa82c is started using port 41664
2019-10-05 00:41:31,830 [Datanode State Machine Thread - 0] INFO  ozoneimpl.OzoneContainer (OzoneContainer.java:startContainerScrub(179)) - Background container scanner has been disabled.
2019-10-05 00:41:31,829 [Datanode State Machine Thread - 0] INFO  ratis.XceiverServerRatis (XceiverServerRatis.java:start(427)) - XceiverServerRatis 940ba36b-0df7-4bc7-a76f-c977d596cba9 is started using port 38078
2019-10-05 00:41:31,830 [Datanode State Machine Thread - 0] INFO  ratis.XceiverServerRatis (XceiverServerRatis.java:start(417)) - Starting XceiverServerRatis a5ad1b9a-9832-4a8a-ac10-5736bd256877 at port 0
2019-10-05 00:41:31,829 [Datanode State Machine Thread - 0] INFO  ratis.XceiverServerRatis (XceiverServerRatis.java:start(427)) - XceiverServerRatis b3186dea-d713-4b94-b735-e44dad95efa8 is started using port 38285
2019-10-05 00:41:31,841 [Datanode State Machine Thread - 0] INFO  server.XceiverServerGrpc (XceiverServerGrpc.java:start(149)) - XceiverServerGrpc b3186dea-d713-4b94-b735-e44dad95efa8 is started using port 35558
2019-10-05 00:41:31,841 [Datanode State Machine Thread - 0] INFO  server.XceiverServerGrpc (XceiverServerGrpc.java:start(149)) - XceiverServerGrpc 7fe15ca9-669d-41ff-98c1-d7fb199ea5a9 is started using port 44325
2019-10-05 00:41:31,841 [Datanode State Machine Thread - 0] INFO  server.XceiverServerGrpc (XceiverServerGrpc.java:start(149)) - XceiverServerGrpc 940ba36b-0df7-4bc7-a76f-c977d596cba9 is started using port 34553
2019-10-05 00:41:31,841 [Datanode State Machine Thread - 0] INFO  server.XceiverServerGrpc (XceiverServerGrpc.java:start(149)) - XceiverServerGrpc 0cfbbb8e-368b-4351-b40c-3060245fa82c is started using port 39792
2019-10-05 00:41:31,853 [Datanode State Machine Thread - 0] INFO  impl.RaftServerProxy (RaftServerProxy.java:lambda$start$3(299)) - a5ad1b9a-9832-4a8a-ac10-5736bd256877: start RPC server
2019-10-05 00:41:31,857 [Datanode State Machine Thread - 0] INFO  server.GrpcService (GrpcService.java:startImpl(158)) - a5ad1b9a-9832-4a8a-ac10-5736bd256877: GrpcService started, listening on 0.0.0.0/0.0.0.0:46444
2019-10-05 00:41:31,857 [Datanode State Machine Thread - 0] INFO  ratis.XceiverServerRatis (XceiverServerRatis.java:start(427)) - XceiverServerRatis a5ad1b9a-9832-4a8a-ac10-5736bd256877 is started using port 46444
2019-10-05 00:41:31,864 [Datanode State Machine Thread - 0] INFO  server.XceiverServerGrpc (XceiverServerGrpc.java:start(149)) - XceiverServerGrpc a5ad1b9a-9832-4a8a-ac10-5736bd256877 is started using port 42312
2019-10-05 00:41:31,916 [Datanode State Machine Thread - 0] INFO  ozoneimpl.OzoneContainer (OzoneContainer.java:start(217)) - Attempting to start container services.
2019-10-05 00:41:31,916 [Datanode State Machine Thread - 0] INFO  ozoneimpl.OzoneContainer (OzoneContainer.java:startContainerScrub(179)) - Background container scanner has been disabled.
2019-10-05 00:41:31,917 [Datanode State Machine Thread - 0] INFO  ratis.XceiverServerRatis (XceiverServerRatis.java:start(417)) - Starting XceiverServerRatis e6236626-feb7-459f-aa25-8a67d6de6183 at port 0
2019-10-05 00:41:31,924 [Datanode State Machine Thread - 0] INFO  impl.RaftServerProxy (RaftServerProxy.java:lambda$start$3(299)) - e6236626-feb7-459f-aa25-8a67d6de6183: start RPC server
2019-10-05 00:41:31,929 [Datanode State Machine Thread - 0] INFO  server.GrpcService (GrpcService.java:startImpl(158)) - e6236626-feb7-459f-aa25-8a67d6de6183: GrpcService started, listening on 0.0.0.0/0.0.0.0:33107
2019-10-05 00:41:31,929 [Datanode State Machine Thread - 0] INFO  ratis.XceiverServerRatis (XceiverServerRatis.java:start(427)) - XceiverServerRatis e6236626-feb7-459f-aa25-8a67d6de6183 is started using port 33107
2019-10-05 00:41:31,933 [Datanode State Machine Thread - 0] INFO  server.XceiverServerGrpc (XceiverServerGrpc.java:start(149)) - XceiverServerGrpc e6236626-feb7-459f-aa25-8a67d6de6183 is started using port 45377
2019-10-05 00:41:31,961 [main] INFO  ozone.MiniOzoneClusterImpl (MiniOzoneClusterImpl.java:lambda$waitForClusterToBeReady$0(147)) - Waiting for cluster to be ready. Got 0 of 7 DN Heartbeats.
2019-10-05 00:41:31,976 [Datanode State Machine Thread - 0] INFO  ozoneimpl.OzoneContainer (OzoneContainer.java:start(217)) - Attempting to start container services.
2019-10-05 00:41:31,976 [Datanode State Machine Thread - 0] INFO  ozoneimpl.OzoneContainer (OzoneContainer.java:startContainerScrub(179)) - Background container scanner has been disabled.
2019-10-05 00:41:31,976 [Datanode State Machine Thread - 0] INFO  ratis.XceiverServerRatis (XceiverServerRatis.java:start(417)) - Starting XceiverServerRatis ec6ed5d8-da6b-4b29-b1fb-11a9b6f3cc90 at port 0
2019-10-05 00:41:31,984 [Datanode State Machine Thread - 0] INFO  impl.RaftServerProxy (RaftServerProxy.java:lambda$start$3(299)) - ec6ed5d8-da6b-4b29-b1fb-11a9b6f3cc90: start RPC server
2019-10-05 00:41:31,989 [Datanode State Machine Thread - 0] INFO  server.GrpcService (GrpcService.java:startImpl(158)) - ec6ed5d8-da6b-4b29-b1fb-11a9b6f3cc90: GrpcService started, listening on 0.0.0.0/0.0.0.0:43062
2019-10-05 00:41:31,989 [Datanode State Machine Thread - 0] INFO  ratis.XceiverServerRatis (XceiverServerRatis.java:start(427)) - XceiverServerRatis ec6ed5d8-da6b-4b29-b1fb-11a9b6f3cc90 is started using port 43062
2019-10-05 00:41:31,993 [Datanode State Machine Thread - 0] INFO  server.XceiverServerGrpc (XceiverServerGrpc.java:start(149)) - XceiverServerGrpc ec6ed5d8-da6b-4b29-b1fb-11a9b6f3cc90 is started using port 44329
2019-10-05 00:41:32,962 [main] INFO  ozone.MiniOzoneClusterImpl (MiniOzoneClusterImpl.java:lambda$waitForClusterToBeReady$0(147)) - Waiting for cluster to be ready. Got 0 of 7 DN Heartbeats.
2019-10-05 00:41:33,513 [IPC Server handler 18 on 41277] INFO  net.NetworkTopology (NetworkTopologyImpl.java:add(111)) - Added a new node: /default-rack/b3186dea-d713-4b94-b735-e44dad95efa8
2019-10-05 00:41:33,514 [IPC Server handler 18 on 41277] INFO  node.SCMNodeManager (SCMNodeManager.java:register(268)) - Registered Data node : b3186dea-d713-4b94-b735-e44dad95efa8{ip: 192.168.164.251, host: pr-hdds-2204-lb5qm-2726860912, networkLocation: /default-rack, certSerialId: null}
2019-10-05 00:41:33,519 [EventQueue-NodeRegistrationContainerReportForDataNodeSafeModeRule] INFO  safemode.SCMSafeModeManager (DataNodeSafeModeRule.java:process(71)) - SCM in safe mode. 1 DataNodes registered, 1 required.
2019-10-05 00:41:33,519 [EventQueue-NodeRegistrationContainerReportForDataNodeSafeModeRule] INFO  safemode.SCMSafeModeManager (SCMSafeModeManager.java:validateSafeModeExitRules(177)) - ScmSafeModeManager, all rules are successfully validated
2019-10-05 00:41:33,519 [EventQueue-NodeRegistrationContainerReportForDataNodeSafeModeRule] INFO  safemode.SCMSafeModeManager (SCMSafeModeManager.java:exitSafeMode(193)) - SCM exiting safe mode.
2019-10-05 00:41:33,543 [IPC Server handler 14 on 41277] INFO  net.NetworkTopology (NetworkTopologyImpl.java:add(111)) - Added a new node: /default-rack/940ba36b-0df7-4bc7-a76f-c977d596cba9
2019-10-05 00:41:33,545 [IPC Server handler 14 on 41277] INFO  node.SCMNodeManager (SCMNodeManager.java:register(268)) - Registered Data node : 940ba36b-0df7-4bc7-a76f-c977d596cba9{ip: 192.168.164.251, host: pr-hdds-2204-lb5qm-2726860912, networkLocation: /default-rack, certSerialId: null}
2019-10-05 00:41:33,637 [IPC Server handler 16 on 41277] INFO  net.NetworkTopology (NetworkTopologyImpl.java:add(111)) - Added a new node: /default-rack/7fe15ca9-669d-41ff-98c1-d7fb199ea5a9
2019-10-05 00:41:33,637 [IPC Server handler 16 on 41277] INFO  node.SCMNodeManager (SCMNodeManager.java:register(268)) - Registered Data node : 7fe15ca9-669d-41ff-98c1-d7fb199ea5a9{ip: 192.168.164.251, host: pr-hdds-2204-lb5qm-2726860912, networkLocation: /default-rack, certSerialId: null}
2019-10-05 00:41:33,711 [IPC Server handler 11 on 41277] INFO  net.NetworkTopology (NetworkTopologyImpl.java:add(111)) - Added a new node: /default-rack/0cfbbb8e-368b-4351-b40c-3060245fa82c
2019-10-05 00:41:33,712 [IPC Server handler 11 on 41277] INFO  node.SCMNodeManager (SCMNodeManager.java:register(268)) - Registered Data node : 0cfbbb8e-368b-4351-b40c-3060245fa82c{ip: 192.168.164.251, host: pr-hdds-2204-lb5qm-2726860912, networkLocation: /default-rack, certSerialId: null}
2019-10-05 00:41:33,802 [IPC Server handler 19 on 41277] INFO  net.NetworkTopology (NetworkTopologyImpl.java:add(111)) - Added a new node: /default-rack/a5ad1b9a-9832-4a8a-ac10-5736bd256877
2019-10-05 00:41:33,802 [IPC Server handler 19 on 41277] INFO  node.SCMNodeManager (SCMNodeManager.java:register(268)) - Registered Data node : a5ad1b9a-9832-4a8a-ac10-5736bd256877{ip: 192.168.164.251, host: pr-hdds-2204-lb5qm-2726860912, networkLocation: /default-rack, certSerialId: null}
2019-10-05 00:41:33,896 [IPC Server handler 15 on 41277] INFO  net.NetworkTopology (NetworkTopologyImpl.java:add(111)) - Added a new node: /default-rack/e6236626-feb7-459f-aa25-8a67d6de6183
2019-10-05 00:41:33,897 [IPC Server handler 15 on 41277] INFO  node.SCMNodeManager (SCMNodeManager.java:register(268)) - Registered Data node : e6236626-feb7-459f-aa25-8a67d6de6183{ip: 192.168.164.251, host: pr-hdds-2204-lb5qm-2726860912, networkLocation: /default-rack, certSerialId: null}
2019-10-05 00:41:33,963 [main] INFO  ozone.MiniOzoneClusterImpl (MiniOzoneClusterImpl.java:lambda$waitForClusterToBeReady$0(147)) - Waiting for cluster to be ready. Got 6 of 7 DN Heartbeats.
2019-10-05 00:41:33,968 [IPC Server handler 18 on 41277] INFO  net.NetworkTopology (NetworkTopologyImpl.java:add(111)) - Added a new node: /default-rack/ec6ed5d8-da6b-4b29-b1fb-11a9b6f3cc90
2019-10-05 00:41:33,969 [IPC Server handler 18 on 41277] INFO  node.SCMNodeManager (SCMNodeManager.java:register(268)) - Registered Data node : ec6ed5d8-da6b-4b29-b1fb-11a9b6f3cc90{ip: 192.168.164.251, host: pr-hdds-2204-lb5qm-2726860912, networkLocation: /default-rack, certSerialId: null}
2019-10-05 00:41:34,102 [grpc-default-executor-0] INFO  impl.RaftServerProxy (RaftServerProxy.java:addNew(89)) - b3186dea-d713-4b94-b735-e44dad95efa8: addNew group-AD89CE1FAF85:[b3186dea-d713-4b94-b735-e44dad95efa8:192.168.164.251:38285] returns group-AD89CE1FAF85:java.util.concurrent.CompletableFuture@36418bbb[Not completed]
2019-10-05 00:41:34,121 [pool-27-thread-1] INFO  impl.RaftServerImpl (RaftServerImpl.java:<init>(95)) - b3186dea-d713-4b94-b735-e44dad95efa8: new RaftServerImpl for group-AD89CE1FAF85:[b3186dea-d713-4b94-b735-e44dad95efa8:192.168.164.251:38285] with ContainerStateMachine:uninitialized
2019-10-05 00:41:34,124 [pool-27-thread-1] INFO  server.RaftServerConfigKeys (ConfUtils.java:logGet(43)) - raft.server.rpc.timeout.min = 5s (custom)
2019-10-05 00:41:34,127 [pool-27-thread-1] INFO  server.RaftServerConfigKeys (ConfUtils.java:logGet(43)) - raft.server.rpc.timeout.max = 5200ms (custom)
2019-10-05 00:41:34,127 [pool-27-thread-1] INFO  server.RaftServerConfigKeys (ConfUtils.java:logGet(43)) - raft.server.rpcslowness.timeout = 120s (custom)
2019-10-05 00:41:34,128 [pool-27-thread-1] INFO  server.RaftServerConfigKeys (ConfUtils.java:logGet(43)) - raft.server.sleep.deviation.threshold = 300 (default)
2019-10-05 00:41:34,130 [pool-27-thread-1] INFO  server.RaftServerConfigKeys (ConfUtils.java:logGet(43)) - raft.server.log.appender.install.snapshot.enabled = false (custom)
2019-10-05 00:41:34,143 [pool-27-thread-1] INFO  impl.RaftServerImpl (ServerState.java:<init>(103)) - b3186dea-d713-4b94-b735-e44dad95efa8@group-AD89CE1FAF85: ConfigurationManager, init=-1: [b3186dea-d713-4b94-b735-e44dad95efa8:192.168.164.251:38285], old=null, confs=<EMPTY_MAP>
2019-10-05 00:41:34,144 [pool-27-thread-1] INFO  server.RaftServerConfigKeys (ConfUtils.java:logGet(43)) - raft.server.storage.dir = [/workdir/hadoop-ozone/integration-test/target/test-dir/MiniOzoneClusterImpl-d14a9905-b78b-45c8-984a-6d1d0cddd727/datanode-0/data/ratis] (custom)
2019-10-05 00:41:34,154 [pool-27-thread-1] INFO  server.RaftServerConfigKeys (ConfUtils.java:logGet(43)) - raft.server.log.corruption.policy = EXCEPTION (default)
2019-10-05 00:41:34,156 [pool-27-thread-1] INFO  storage.RaftStorageDirectory (RaftStorageDirectory.java:analyzeStorage(246)) - The storage directory /workdir/hadoop-ozone/integration-test/target/test-dir/MiniOzoneClusterImpl-d14a9905-b78b-45c8-984a-6d1d0cddd727/datanode-0/data/ratis/d3d820ce-0eb0-495c-ac85-ad89ce1faf85 does not exist. Creating ...
2019-10-05 00:41:34,173 [pool-27-thread-1] INFO  storage.RaftStorageDirectory (RaftStorageDirectory.java:tryLock(328)) - Lock on /workdir/hadoop-ozone/integration-test/target/test-dir/MiniOzoneClusterImpl-d14a9905-b78b-45c8-984a-6d1d0cddd727/datanode-0/data/ratis/d3d820ce-0eb0-495c-ac85-ad89ce1faf85/in_use.lock acquired by nodename 1738@pr-hdds-2204-lb5qm-2726860912
2019-10-05 00:41:34,199 [pool-27-thread-1] INFO  storage.RaftStorage (RaftStorage.java:format(84)) - Storage directory /workdir/hadoop-ozone/integration-test/target/test-dir/MiniOzoneClusterImpl-d14a9905-b78b-45c8-984a-6d1d0cddd727/datanode-0/data/ratis/d3d820ce-0eb0-495c-ac85-ad89ce1faf85 has been successfully formatted.
2019-10-05 00:41:34,202 [pool-27-thread-1] INFO  ratis.ContainerStateMachine (ContainerStateMachine.java:loadSnapshot(230)) - group-AD89CE1FAF85: The snapshot info is null. Setting the last applied indexto:(t:0, i:~)
2019-10-05 00:41:34,202 [pool-27-thread-1] INFO  server.RaftServerConfigKeys (ConfUtils.java:logGet(43)) - raft.server.notification.no-leader.timeout = 120s (custom)
2019-10-05 00:41:34,205 [pool-27-thread-1] INFO  server.RaftServerConfigKeys (ConfUtils.java:logGet(43)) - raft.server.log.use.memory = false (default)
2019-10-05 00:41:34,211 [pool-27-thread-1] INFO  server.RaftServerConfigKeys (ConfUtils.java:logGet(43)) - raft.server.log.purge.gap = 1000000 (custom)
2019-10-05 00:41:34,211 [pool-27-thread-1] INFO  server.RaftServerConfigKeys (ConfUtils.java:logGet(43)) - raft.server.log.appender.buffer.byte-limit = 33554432 (custom)
2019-10-05 00:41:34,213 [pool-27-thread-1] INFO  server.RaftServerConfigKeys (ConfUtils.java:logGet(43)) - raft.server.log.segment.size.max = 1048576 (custom)
2019-10-05 00:41:34,215 [pool-27-thread-1] INFO  impl.MetricsSystemImpl (MetricsSystemImpl.java:init(158)) - ratis metrics system started (again)
2019-10-05 00:41:34,219 [pool-27-thread-1] INFO  metrics.MetricRegistries (MetricRegistriesLoader.java:load(64)) - Loaded MetricRegistries class org.apache.ratis.metrics.impl.MetricRegistriesImpl
2019-10-05 00:41:34,261 [pool-27-thread-1] INFO  server.RaftServerConfigKeys (ConfUtils.java:logGet(43)) - raft.server.log.segment.cache.num.max = 2 (custom)
2019-10-05 00:41:34,267 [pool-27-thread-1] INFO  segmented.SegmentedRaftLogWorker (SegmentedRaftLogWorker.java:<init>(173)) - new b3186dea-d713-4b94-b735-e44dad95efa8@group-AD89CE1FAF85-SegmentedRaftLogWorker for RaftStorage:Storage Directory /workdir/hadoop-ozone/integration-test/target/test-dir/MiniOzoneClusterImpl-d14a9905-b78b-45c8-984a-6d1d0cddd727/datanode-0/data/ratis/d3d820ce-0eb0-495c-ac85-ad89ce1faf85
2019-10-05 00:41:34,267 [pool-27-thread-1] INFO  server.RaftServerConfigKeys (ConfUtils.java:logGet(43)) - raft.server.log.queue.byte-limit = 2147483647 (custom)
2019-10-05 00:41:34,268 [pool-27-thread-1] INFO  server.RaftServerConfigKeys (ConfUtils.java:logGet(43)) - raft.server.log.queue.element-limit = 1024 (custom)
2019-10-05 00:41:34,269 [pool-27-thread-1] INFO  server.RaftServerConfigKeys (ConfUtils.java:logGet(43)) - raft.server.log.segment.size.max = 1048576 (custom)
2019-10-05 00:41:34,270 [pool-27-thread-1] INFO  server.RaftServerConfigKeys (ConfUtils.java:logGet(43)) - raft.server.log.preallocated.size = 16384 (custom)
2019-10-05 00:41:34,270 [pool-27-thread-1] INFO  server.RaftServerConfigKeys (ConfUtils.java:logGet(43)) - raft.server.log.write.buffer.size = 33554432 (custom)
2019-10-05 00:41:34,270 [pool-27-thread-1] INFO  server.RaftServerConfigKeys (ConfUtils.java:logGet(43)) - raft.server.log.force.sync.num = 128 (default)
2019-10-05 00:41:34,271 [pool-27-thread-1] INFO  server.RaftServerConfigKeys (ConfUtils.java:logGet(43)) - raft.server.log.statemachine.data.sync = true (default)
2019-10-05 00:41:34,271 [pool-27-thread-1] INFO  server.RaftServerConfigKeys (ConfUtils.java:logGet(43)) - raft.server.log.statemachine.data.sync.timeout = 10s (default)
2019-10-05 00:41:34,272 [pool-27-thread-1] INFO  server.RaftServerConfigKeys (ConfUtils.java:logGet(43)) - raft.server.log.statemachine.data.sync.timeout.retry = -1 (default)
2019-10-05 00:41:34,284 [pool-27-thread-1] INFO  server.RaftServerConfigKeys (ConfUtils.java:logGet(43)) - raft.server.log.statemachine.data.caching.enabled = true (custom)
2019-10-05 00:41:34,289 [pool-27-thread-1] INFO  segmented.SegmentedRaftLogWorker (SegmentedRaftLogWorker.java:lambda$new$0(128)) - b3186dea-d713-4b94-b735-e44dad95efa8@group-AD89CE1FAF85-SegmentedRaftLogWorker: flushIndex: setUnconditionally 0 -> -1
2019-10-05 00:41:34,293 [pool-27-thread-1] INFO  server.RaftServerConfigKeys (ConfUtils.java:logGet(43)) - raft.server.snapshot.auto.trigger.enabled = true (custom)
2019-10-05 00:41:34,294 [pool-27-thread-1] INFO  server.RaftServerConfigKeys (ConfUtils.java:logGet(43)) - raft.server.snapshot.auto.trigger.threshold = 10000 (custom)
2019-10-05 00:41:34,295 [pool-27-thread-1] INFO  server.RaftServerConfigKeys (ConfUtils.java:logGet(43)) - raft.server.snapshot.retention.file.num = 5 (custom)
2019-10-05 00:41:34,295 [pool-27-thread-1] INFO  server.RaftServerConfigKeys (ConfUtils.java:logGet(43)) - raft.server.retrycache.expirytime = 600000ms (custom)
2019-10-05 00:41:34,322 [pool-27-thread-1] INFO  impl.RaftServerImpl (RaftServerImpl.java:start(181)) - b3186dea-d713-4b94-b735-e44dad95efa8@group-AD89CE1FAF85: start as a follower, conf=-1: [b3186dea-d713-4b94-b735-e44dad95efa8:192.168.164.251:38285], old=null
2019-10-05 00:41:34,324 [pool-27-thread-1] INFO  impl.RaftServerImpl (RaftServerImpl.java:setRole(170)) - b3186dea-d713-4b94-b735-e44dad95efa8@group-AD89CE1FAF85: changes role from      null to FOLLOWER at term 0 for startAsFollower
2019-10-05 00:41:34,325 [pool-27-thread-1] INFO  impl.RoleInfo (RoleInfo.java:updateAndGet(143)) - b3186dea-d713-4b94-b735-e44dad95efa8: start FollowerState
2019-10-05 00:41:34,326 [pool-27-thread-1] INFO  util.JmxRegister (JmxRegister.java:tryRegister(44)) - Successfully registered JMX Bean with object name Ratis:service=RaftServer,group=group-AD89CE1FAF85,id=b3186dea-d713-4b94-b735-e44dad95efa8
2019-10-05 00:41:34,404 [RatisPipelineUtilsThread] INFO  pipeline.PipelineStateManager (PipelineStateManager.java:addPipeline(56)) - Created pipeline Pipeline[ Id: d3d820ce-0eb0-495c-ac85-ad89ce1faf85, Nodes: b3186dea-d713-4b94-b735-e44dad95efa8{ip: 192.168.164.251, host: pr-hdds-2204-lb5qm-2726860912, networkLocation: /default-rack, certSerialId: null}, Type:RATIS, Factor:ONE, State:OPEN]
2019-10-05 00:41:34,431 [grpc-default-executor-0] INFO  impl.RaftServerProxy (RaftServerProxy.java:addNew(89)) - 0cfbbb8e-368b-4351-b40c-3060245fa82c: addNew group-C2FCF4BF794B:[0cfbbb8e-368b-4351-b40c-3060245fa82c:192.168.164.251:41664] returns group-C2FCF4BF794B:java.util.concurrent.CompletableFuture@7d7abac5[Not completed]
2019-10-05 00:41:34,479 [pool-57-thread-1] INFO  impl.RaftServerImpl (RaftServerImpl.java:<init>(95)) - 0cfbbb8e-368b-4351-b40c-3060245fa82c: new RaftServerImpl for group-C2FCF4BF794B:[0cfbbb8e-368b-4351-b40c-3060245fa82c:192.168.164.251:41664] with ContainerStateMachine:uninitialized
2019-10-05 00:41:34,481 [pool-57-thread-1] INFO  server.RaftServerConfigKeys (ConfUtils.java:logGet(43)) - raft.server.rpc.timeout.min = 5s (custom)
2019-10-05 00:41:34,481 [pool-57-thread-1] INFO  server.RaftServerConfigKeys (ConfUtils.java:logGet(43)) - raft.server.rpc.timeout.max = 5200ms (custom)
2019-10-05 00:41:34,481 [pool-57-thread-1] INFO  server.RaftServerConfigKeys (ConfUtils.java:logGet(43)) - raft.server.rpcslowness.timeout = 120s (custom)
2019-10-05 00:41:34,481 [pool-57-thread-1] INFO  server.RaftServerConfigKeys (ConfUtils.java:logGet(43)) - raft.server.sleep.deviation.threshold = 300 (default)
2019-10-05 00:41:34,481 [pool-57-thread-1] INFO  server.RaftServerConfigKeys (ConfUtils.java:logGet(43)) - raft.server.log.appender.install.snapshot.enabled = false (custom)
2019-10-05 00:41:34,481 [pool-57-thread-1] INFO  impl.RaftServerImpl (ServerState.java:<init>(103)) - 0cfbbb8e-368b-4351-b40c-3060245fa82c@group-C2FCF4BF794B: ConfigurationManager, init=-1: [0cfbbb8e-368b-4351-b40c-3060245fa82c:192.168.164.251:41664], old=null, confs=<EMPTY_MAP>
2019-10-05 00:41:34,482 [pool-57-thread-1] INFO  server.RaftServerConfigKeys (ConfUtils.java:logGet(43)) - raft.server.storage.dir = [/workdir/hadoop-ozone/integration-test/target/test-dir/MiniOzoneClusterImpl-d14a9905-b78b-45c8-984a-6d1d0cddd727/datanode-3/data/ratis] (custom)
2019-10-05 00:41:34,482 [pool-57-thread-1] INFO  server.RaftServerConfigKeys (ConfUtils.java:logGet(43)) - raft.server.log.corruption.policy = EXCEPTION (default)
2019-10-05 00:41:34,482 [pool-57-thread-1] INFO  storage.RaftStorageDirectory (RaftStorageDirectory.java:analyzeStorage(246)) - The storage directory /workdir/hadoop-ozone/integration-test/target/test-dir/MiniOzoneClusterImpl-d14a9905-b78b-45c8-984a-6d1d0cddd727/datanode-3/data/ratis/8cc5ad82-f204-420b-89cb-c2fcf4bf794b does not exist. Creating ...
2019-10-05 00:41:34,510 [pool-57-thread-1] INFO  storage.RaftStorageDirectory (RaftStorageDirectory.java:tryLock(328)) - Lock on /workdir/hadoop-ozone/integration-test/target/test-dir/MiniOzoneClusterImpl-d14a9905-b78b-45c8-984a-6d1d0cddd727/datanode-3/data/ratis/8cc5ad82-f204-420b-89cb-c2fcf4bf794b/in_use.lock acquired by nodename 1738@pr-hdds-2204-lb5qm-2726860912
2019-10-05 00:41:34,534 [pool-57-thread-1] INFO  storage.RaftStorage (RaftStorage.java:format(84)) - Storage directory /workdir/hadoop-ozone/integration-test/target/test-dir/MiniOzoneClusterImpl-d14a9905-b78b-45c8-984a-6d1d0cddd727/datanode-3/data/ratis/8cc5ad82-f204-420b-89cb-c2fcf4bf794b has been successfully formatted.
2019-10-05 00:41:34,536 [pool-57-thread-1] INFO  ratis.ContainerStateMachine (ContainerStateMachine.java:loadSnapshot(230)) - group-C2FCF4BF794B: The snapshot info is null. Setting the last applied indexto:(t:0, i:~)
2019-10-05 00:41:34,538 [pool-57-thread-1] INFO  server.RaftServerConfigKeys (ConfUtils.java:logGet(43)) - raft.server.notification.no-leader.timeout = 120s (custom)
2019-10-05 00:41:34,538 [pool-57-thread-1] INFO  server.RaftServerConfigKeys (ConfUtils.java:logGet(43)) - raft.server.log.use.memory = false (default)
2019-10-05 00:41:34,539 [pool-57-thread-1] INFO  server.RaftServerConfigKeys (ConfUtils.java:logGet(43)) - raft.server.log.purge.gap = 1000000 (custom)
2019-10-05 00:41:34,539 [pool-57-thread-1] INFO  server.RaftServerConfigKeys (ConfUtils.java:logGet(43)) - raft.server.log.appender.buffer.byte-limit = 33554432 (custom)
2019-10-05 00:41:34,539 [pool-57-thread-1] INFO  server.RaftServerConfigKeys (ConfUtils.java:logGet(43)) - raft.server.log.segment.size.max = 1048576 (custom)
2019-10-05 00:41:34,546 [pool-57-thread-1] INFO  server.RaftServerConfigKeys (ConfUtils.java:logGet(43)) - raft.server.log.segment.cache.num.max = 2 (custom)
2019-10-05 00:41:34,546 [pool-57-thread-1] INFO  segmented.SegmentedRaftLogWorker (SegmentedRaftLogWorker.java:<init>(173)) - new 0cfbbb8e-368b-4351-b40c-3060245fa82c@group-C2FCF4BF794B-SegmentedRaftLogWorker for RaftStorage:Storage Directory /workdir/hadoop-ozone/integration-test/target/test-dir/MiniOzoneClusterImpl-d14a9905-b78b-45c8-984a-6d1d0cddd727/datanode-3/data/ratis/8cc5ad82-f204-420b-89cb-c2fcf4bf794b
2019-10-05 00:41:34,548 [pool-57-thread-1] INFO  server.RaftServerConfigKeys (ConfUtils.java:logGet(43)) - raft.server.log.queue.byte-limit = 2147483647 (custom)
2019-10-05 00:41:34,548 [pool-57-thread-1] INFO  server.RaftServerConfigKeys (ConfUtils.java:logGet(43)) - raft.server.log.queue.element-limit = 1024 (custom)
2019-10-05 00:41:34,549 [pool-57-thread-1] INFO  server.RaftServerConfigKeys (ConfUtils.java:logGet(43)) - raft.server.log.segment.size.max = 1048576 (custom)
2019-10-05 00:41:34,549 [pool-57-thread-1] INFO  server.RaftServerConfigKeys (ConfUtils.java:logGet(43)) - raft.server.log.preallocated.size = 16384 (custom)
2019-10-05 00:41:34,549 [pool-57-thread-1] INFO  server.RaftServerConfigKeys (ConfUtils.java:logGet(43)) - raft.server.log.write.buffer.size = 33554432 (custom)
2019-10-05 00:41:34,549 [pool-57-thread-1] INFO  server.RaftServerConfigKeys (ConfUtils.java:logGet(43)) - raft.server.log.force.sync.num = 128 (default)
2019-10-05 00:41:34,549 [pool-57-thread-1] INFO  server.RaftServerConfigKeys (ConfUtils.java:logGet(43)) - raft.server.log.statemachine.data.sync = true (default)
2019-10-05 00:41:34,549 [pool-57-thread-1] INFO  server.RaftServerConfigKeys (ConfUtils.java:logGet(43)) - raft.server.log.statemachine.data.sync.timeout = 10s (default)
2019-10-05 00:41:34,550 [pool-57-thread-1] INFO  server.RaftServerConfigKeys (ConfUtils.java:logGet(43)) - raft.server.log.statemachine.data.sync.timeout.retry = -1 (default)
2019-10-05 00:41:34,551 [pool-57-thread-1] INFO  server.RaftServerConfigKeys (ConfUtils.java:logGet(43)) - raft.server.log.statemachine.data.caching.enabled = true (custom)
2019-10-05 00:41:34,551 [pool-57-thread-1] INFO  segmented.SegmentedRaftLogWorker (SegmentedRaftLogWorker.java:lambda$new$0(128)) - 0cfbbb8e-368b-4351-b40c-3060245fa82c@group-C2FCF4BF794B-SegmentedRaftLogWorker: flushIndex: setUnconditionally 0 -> -1
2019-10-05 00:41:34,551 [pool-57-thread-1] INFO  server.RaftServerConfigKeys (ConfUtils.java:logGet(43)) - raft.server.snapshot.auto.trigger.enabled = true (custom)
2019-10-05 00:41:34,552 [pool-57-thread-1] INFO  server.RaftServerConfigKeys (ConfUtils.java:logGet(43)) - raft.server.snapshot.auto.trigger.threshold = 10000 (custom)
2019-10-05 00:41:34,552 [pool-57-thread-1] INFO  server.RaftServerConfigKeys (ConfUtils.java:logGet(43)) - raft.server.snapshot.retention.file.num = 5 (custom)
2019-10-05 00:41:34,552 [pool-57-thread-1] INFO  server.RaftServerConfigKeys (ConfUtils.java:logGet(43)) - raft.server.retrycache.expirytime = 600000ms (custom)
2019-10-05 00:41:34,557 [pool-57-thread-1] INFO  impl.RaftServerImpl (RaftServerImpl.java:start(181)) - 0cfbbb8e-368b-4351-b40c-3060245fa82c@group-C2FCF4BF794B: start as a follower, conf=-1: [0cfbbb8e-368b-4351-b40c-3060245fa82c:192.168.164.251:41664], old=null
2019-10-05 00:41:34,558 [pool-57-thread-1] INFO  impl.RaftServerImpl (RaftServerImpl.java:setRole(170)) - 0cfbbb8e-368b-4351-b40c-3060245fa82c@group-C2FCF4BF794B: changes role from      null to FOLLOWER at term 0 for startAsFollower
2019-10-05 00:41:34,558 [pool-57-thread-1] INFO  impl.RoleInfo (RoleInfo.java:updateAndGet(143)) - 0cfbbb8e-368b-4351-b40c-3060245fa82c: start FollowerState
2019-10-05 00:41:34,560 [pool-57-thread-1] INFO  util.JmxRegister (JmxRegister.java:tryRegister(44)) - Successfully registered JMX Bean with object name Ratis:service=RaftServer,group=group-C2FCF4BF794B,id=0cfbbb8e-368b-4351-b40c-3060245fa82c
2019-10-05 00:41:34,588 [RatisPipelineUtilsThread] INFO  pipeline.PipelineStateManager (PipelineStateManager.java:addPipeline(56)) - Created pipeline Pipeline[ Id: 8cc5ad82-f204-420b-89cb-c2fcf4bf794b, Nodes: 0cfbbb8e-368b-4351-b40c-3060245fa82c{ip: 192.168.164.251, host: pr-hdds-2204-lb5qm-2726860912, networkLocation: /default-rack, certSerialId: null}, Type:RATIS, Factor:ONE, State:OPEN]
2019-10-05 00:41:34,616 [grpc-default-executor-0] INFO  impl.RaftServerProxy (RaftServerProxy.java:addNew(89)) - e6236626-feb7-459f-aa25-8a67d6de6183: addNew group-190CCD6F6C1B:[e6236626-feb7-459f-aa25-8a67d6de6183:192.168.164.251:33107] returns group-190CCD6F6C1B:java.util.concurrent.CompletableFuture@749f64cc[Not completed]
2019-10-05 00:41:34,643 [pool-77-thread-1] INFO  impl.RaftServerImpl (RaftServerImpl.java:<init>(95)) - e6236626-feb7-459f-aa25-8a67d6de6183: new RaftServerImpl for group-190CCD6F6C1B:[e6236626-feb7-459f-aa25-8a67d6de6183:192.168.164.251:33107] with ContainerStateMachine:uninitialized
2019-10-05 00:41:34,644 [pool-77-thread-1] INFO  server.RaftServerConfigKeys (ConfUtils.java:logGet(43)) - raft.server.rpc.timeout.min = 5s (custom)
2019-10-05 00:41:34,644 [pool-77-thread-1] INFO  server.RaftServerConfigKeys (ConfUtils.java:logGet(43)) - raft.server.rpc.timeout.max = 5200ms (custom)
2019-10-05 00:41:34,644 [pool-77-thread-1] INFO  server.RaftServerConfigKeys (ConfUtils.java:logGet(43)) - raft.server.rpcslowness.timeout = 120s (custom)
2019-10-05 00:41:34,644 [pool-77-thread-1] INFO  server.RaftServerConfigKeys (ConfUtils.java:logGet(43)) - raft.server.sleep.deviation.threshold = 300 (default)
2019-10-05 00:41:34,644 [pool-77-thread-1] INFO  server.RaftServerConfigKeys (ConfUtils.java:logGet(43)) - raft.server.log.appender.install.snapshot.enabled = false (custom)
2019-10-05 00:41:34,644 [pool-77-thread-1] INFO  impl.RaftServerImpl (ServerState.java:<init>(103)) - e6236626-feb7-459f-aa25-8a67d6de6183@group-190CCD6F6C1B: ConfigurationManager, init=-1: [e6236626-feb7-459f-aa25-8a67d6de6183:192.168.164.251:33107], old=null, confs=<EMPTY_MAP>
2019-10-05 00:41:34,645 [pool-77-thread-1] INFO  server.RaftServerConfigKeys (ConfUtils.java:logGet(43)) - raft.server.storage.dir = [/workdir/hadoop-ozone/integration-test/target/test-dir/MiniOzoneClusterImpl-d14a9905-b78b-45c8-984a-6d1d0cddd727/datanode-5/data/ratis] (custom)
2019-10-05 00:41:34,645 [pool-77-thread-1] INFO  server.RaftServerConfigKeys (ConfUtils.java:logGet(43)) - raft.server.log.corruption.policy = EXCEPTION (default)
2019-10-05 00:41:34,645 [pool-77-thread-1] INFO  storage.RaftStorageDirectory (RaftStorageDirectory.java:analyzeStorage(246)) - The storage directory /workdir/hadoop-ozone/integration-test/target/test-dir/MiniOzoneClusterImpl-d14a9905-b78b-45c8-984a-6d1d0cddd727/datanode-5/data/ratis/d9a65629-30f7-477e-be8d-190ccd6f6c1b does not exist. Creating ...
2019-10-05 00:41:34,658 [pool-77-thread-1] INFO  storage.RaftStorageDirectory (RaftStorageDirectory.java:tryLock(328)) - Lock on /workdir/hadoop-ozone/integration-test/target/test-dir/MiniOzoneClusterImpl-d14a9905-b78b-45c8-984a-6d1d0cddd727/datanode-5/data/ratis/d9a65629-30f7-477e-be8d-190ccd6f6c1b/in_use.lock acquired by nodename 1738@pr-hdds-2204-lb5qm-2726860912
2019-10-05 00:41:34,681 [pool-77-thread-1] INFO  storage.RaftStorage (RaftStorage.java:format(84)) - Storage directory /workdir/hadoop-ozone/integration-test/target/test-dir/MiniOzoneClusterImpl-d14a9905-b78b-45c8-984a-6d1d0cddd727/datanode-5/data/ratis/d9a65629-30f7-477e-be8d-190ccd6f6c1b has been successfully formatted.
2019-10-05 00:41:34,682 [pool-77-thread-1] INFO  ratis.ContainerStateMachine (ContainerStateMachine.java:loadSnapshot(230)) - group-190CCD6F6C1B: The snapshot info is null. Setting the last applied indexto:(t:0, i:~)
2019-10-05 00:41:34,682 [pool-77-thread-1] INFO  server.RaftServerConfigKeys (ConfUtils.java:logGet(43)) - raft.server.notification.no-leader.timeout = 120s (custom)
2019-10-05 00:41:34,682 [pool-77-thread-1] INFO  server.RaftServerConfigKeys (ConfUtils.java:logGet(43)) - raft.server.log.use.memory = false (default)
2019-10-05 00:41:34,682 [pool-77-thread-1] INFO  server.RaftServerConfigKeys (ConfUtils.java:logGet(43)) - raft.server.log.purge.gap = 1000000 (custom)
2019-10-05 00:41:34,683 [pool-77-thread-1] INFO  server.RaftServerConfigKeys (ConfUtils.java:logGet(43)) - raft.server.log.appender.buffer.byte-limit = 33554432 (custom)
2019-10-05 00:41:34,683 [pool-77-thread-1] INFO  server.RaftServerConfigKeys (ConfUtils.java:logGet(43)) - raft.server.log.segment.size.max = 1048576 (custom)
2019-10-05 00:41:34,716 [pool-77-thread-1] INFO  server.RaftServerConfigKeys (ConfUtils.java:logGet(43)) - raft.server.log.segment.cache.num.max = 2 (custom)
2019-10-05 00:41:34,716 [pool-77-thread-1] INFO  segmented.SegmentedRaftLogWorker (SegmentedRaftLogWorker.java:<init>(173)) - new e6236626-feb7-459f-aa25-8a67d6de6183@group-190CCD6F6C1B-SegmentedRaftLogWorker for RaftStorage:Storage Directory /workdir/hadoop-ozone/integration-test/target/test-dir/MiniOzoneClusterImpl-d14a9905-b78b-45c8-984a-6d1d0cddd727/datanode-5/data/ratis/d9a65629-30f7-477e-be8d-190ccd6f6c1b
2019-10-05 00:41:34,716 [pool-77-thread-1] INFO  server.RaftServerConfigKeys (ConfUtils.java:logGet(43)) - raft.server.log.queue.byte-limit = 2147483647 (custom)
2019-10-05 00:41:34,717 [pool-77-thread-1] INFO  server.RaftServerConfigKeys (ConfUtils.java:logGet(43)) - raft.server.log.queue.element-limit = 1024 (custom)
2019-10-05 00:41:34,717 [pool-77-thread-1] INFO  server.RaftServerConfigKeys (ConfUtils.java:logGet(43)) - raft.server.log.segment.size.max = 1048576 (custom)
2019-10-05 00:41:34,717 [pool-77-thread-1] INFO  server.RaftServerConfigKeys (ConfUtils.java:logGet(43)) - raft.server.log.preallocated.size = 16384 (custom)
2019-10-05 00:41:34,717 [pool-77-thread-1] INFO  server.RaftServerConfigKeys (ConfUtils.java:logGet(43)) - raft.server.log.write.buffer.size = 33554432 (custom)
2019-10-05 00:41:34,717 [pool-77-thread-1] INFO  server.RaftServerConfigKeys (ConfUtils.java:logGet(43)) - raft.server.log.force.sync.num = 128 (default)
2019-10-05 00:41:34,718 [pool-77-thread-1] INFO  server.RaftServerConfigKeys (ConfUtils.java:logGet(43)) - raft.server.log.statemachine.data.sync = true (default)
2019-10-05 00:41:34,718 [pool-77-thread-1] INFO  server.RaftServerConfigKeys (ConfUtils.java:logGet(43)) - raft.server.log.statemachine.data.sync.timeout = 10s (default)
2019-10-05 00:41:34,718 [pool-77-thread-1] INFO  server.RaftServerConfigKeys (ConfUtils.java:logGet(43)) - raft.server.log.statemachine.data.sync.timeout.retry = -1 (default)
2019-10-05 00:41:34,719 [pool-77-thread-1] INFO  server.RaftServerConfigKeys (ConfUtils.java:logGet(43)) - raft.server.log.statemachine.data.caching.enabled = true (custom)
2019-10-05 00:41:34,719 [pool-77-thread-1] INFO  segmented.SegmentedRaftLogWorker (SegmentedRaftLogWorker.java:lambda$new$0(128)) - e6236626-feb7-459f-aa25-8a67d6de6183@group-190CCD6F6C1B-SegmentedRaftLogWorker: flushIndex: setUnconditionally 0 -> -1
2019-10-05 00:41:34,720 [pool-77-thread-1] INFO  server.RaftServerConfigKeys (ConfUtils.java:logGet(43)) - raft.server.snapshot.auto.trigger.enabled = true (custom)
2019-10-05 00:41:34,720 [pool-77-thread-1] INFO  server.RaftServerConfigKeys (ConfUtils.java:logGet(43)) - raft.server.snapshot.auto.trigger.threshold = 10000 (custom)
2019-10-05 00:41:34,720 [pool-77-thread-1] INFO  server.RaftServerConfigKeys (ConfUtils.java:logGet(43)) - raft.server.snapshot.retention.file.num = 5 (custom)
2019-10-05 00:41:34,720 [pool-77-thread-1] INFO  server.RaftServerConfigKeys (ConfUtils.java:logGet(43)) - raft.server.retrycache.expirytime = 600000ms (custom)
2019-10-05 00:41:34,726 [pool-77-thread-1] INFO  impl.RaftServerImpl (RaftServerImpl.java:start(181)) - e6236626-feb7-459f-aa25-8a67d6de6183@group-190CCD6F6C1B: start as a follower, conf=-1: [e6236626-feb7-459f-aa25-8a67d6de6183:192.168.164.251:33107], old=null
2019-10-05 00:41:34,726 [pool-77-thread-1] INFO  impl.RaftServerImpl (RaftServerImpl.java:setRole(170)) - e6236626-feb7-459f-aa25-8a67d6de6183@group-190CCD6F6C1B: changes role from      null to FOLLOWER at term 0 for startAsFollower
2019-10-05 00:41:34,726 [pool-77-thread-1] INFO  impl.RoleInfo (RoleInfo.java:updateAndGet(143)) - e6236626-feb7-459f-aa25-8a67d6de6183: start FollowerState
2019-10-05 00:41:34,727 [pool-77-thread-1] INFO  util.JmxRegister (JmxRegister.java:tryRegister(44)) - Successfully registered JMX Bean with object name Ratis:service=RaftServer,group=group-190CCD6F6C1B,id=e6236626-feb7-459f-aa25-8a67d6de6183
2019-10-05 00:41:34,746 [RatisPipelineUtilsThread] INFO  pipeline.PipelineStateManager (PipelineStateManager.java:addPipeline(56)) - Created pipeline Pipeline[ Id: d9a65629-30f7-477e-be8d-190ccd6f6c1b, Nodes: e6236626-feb7-459f-aa25-8a67d6de6183{ip: 192.168.164.251, host: pr-hdds-2204-lb5qm-2726860912, networkLocation: /default-rack, certSerialId: null}, Type:RATIS, Factor:ONE, State:OPEN]
2019-10-05 00:41:34,766 [grpc-default-executor-0] INFO  impl.RaftServerProxy (RaftServerProxy.java:addNew(89)) - ec6ed5d8-da6b-4b29-b1fb-11a9b6f3cc90: addNew group-E9B4C7E2F7FF:[ec6ed5d8-da6b-4b29-b1fb-11a9b6f3cc90:192.168.164.251:43062] returns group-E9B4C7E2F7FF:java.util.concurrent.CompletableFuture@c1b1552[Not completed]
2019-10-05 00:41:34,771 [pool-87-thread-1] INFO  impl.RaftServerImpl (RaftServerImpl.java:<init>(95)) - ec6ed5d8-da6b-4b29-b1fb-11a9b6f3cc90: new RaftServerImpl for group-E9B4C7E2F7FF:[ec6ed5d8-da6b-4b29-b1fb-11a9b6f3cc90:192.168.164.251:43062] with ContainerStateMachine:uninitialized
2019-10-05 00:41:34,771 [pool-87-thread-1] INFO  server.RaftServerConfigKeys (ConfUtils.java:logGet(43)) - raft.server.rpc.timeout.min = 5s (custom)
2019-10-05 00:41:34,772 [pool-87-thread-1] INFO  server.RaftServerConfigKeys (ConfUtils.java:logGet(43)) - raft.server.rpc.timeout.max = 5200ms (custom)
2019-10-05 00:41:34,772 [pool-87-thread-1] INFO  server.RaftServerConfigKeys (ConfUtils.java:logGet(43)) - raft.server.rpcslowness.timeout = 120s (custom)
2019-10-05 00:41:34,772 [pool-87-thread-1] INFO  server.RaftServerConfigKeys (ConfUtils.java:logGet(43)) - raft.server.sleep.deviation.threshold = 300 (default)
2019-10-05 00:41:34,772 [pool-87-thread-1] INFO  server.RaftServerConfigKeys (ConfUtils.java:logGet(43)) - raft.server.log.appender.install.snapshot.enabled = false (custom)
2019-10-05 00:41:34,772 [pool-87-thread-1] INFO  impl.RaftServerImpl (ServerState.java:<init>(103)) - ec6ed5d8-da6b-4b29-b1fb-11a9b6f3cc90@group-E9B4C7E2F7FF: ConfigurationManager, init=-1: [ec6ed5d8-da6b-4b29-b1fb-11a9b6f3cc90:192.168.164.251:43062], old=null, confs=<EMPTY_MAP>
2019-10-05 00:41:34,773 [pool-87-thread-1] INFO  server.RaftServerConfigKeys (ConfUtils.java:logGet(43)) - raft.server.storage.dir = [/workdir/hadoop-ozone/integration-test/target/test-dir/MiniOzoneClusterImpl-d14a9905-b78b-45c8-984a-6d1d0cddd727/datanode-6/data/ratis] (custom)
2019-10-05 00:41:34,773 [pool-87-thread-1] INFO  server.RaftServerConfigKeys (ConfUtils.java:logGet(43)) - raft.server.log.corruption.policy = EXCEPTION (default)
2019-10-05 00:41:34,773 [pool-87-thread-1] INFO  storage.RaftStorageDirectory (RaftStorageDirectory.java:analyzeStorage(246)) - The storage directory /workdir/hadoop-ozone/integration-test/target/test-dir/MiniOzoneClusterImpl-d14a9905-b78b-45c8-984a-6d1d0cddd727/datanode-6/data/ratis/620e4b77-1347-4699-8185-e9b4c7e2f7ff does not exist. Creating ...
2019-10-05 00:41:34,796 [pool-87-thread-1] INFO  storage.RaftStorageDirectory (RaftStorageDirectory.java:tryLock(328)) - Lock on /workdir/hadoop-ozone/integration-test/target/test-dir/MiniOzoneClusterImpl-d14a9905-b78b-45c8-984a-6d1d0cddd727/datanode-6/data/ratis/620e4b77-1347-4699-8185-e9b4c7e2f7ff/in_use.lock acquired by nodename 1738@pr-hdds-2204-lb5qm-2726860912
2019-10-05 00:41:34,813 [pool-87-thread-1] INFO  storage.RaftStorage (RaftStorage.java:format(84)) - Storage directory /workdir/hadoop-ozone/integration-test/target/test-dir/MiniOzoneClusterImpl-d14a9905-b78b-45c8-984a-6d1d0cddd727/datanode-6/data/ratis/620e4b77-1347-4699-8185-e9b4c7e2f7ff has been successfully formatted.
2019-10-05 00:41:34,814 [pool-87-thread-1] INFO  ratis.ContainerStateMachine (ContainerStateMachine.java:loadSnapshot(230)) - group-E9B4C7E2F7FF: The snapshot info is null. Setting the last applied indexto:(t:0, i:~)
2019-10-05 00:41:34,814 [pool-87-thread-1] INFO  server.RaftServerConfigKeys (ConfUtils.java:logGet(43)) - raft.server.notification.no-leader.timeout = 120s (custom)
2019-10-05 00:41:34,815 [pool-87-thread-1] INFO  server.RaftServerConfigKeys (ConfUtils.java:logGet(43)) - raft.server.log.use.memory = false (default)
2019-10-05 00:41:34,815 [pool-87-thread-1] INFO  server.RaftServerConfigKeys (ConfUtils.java:logGet(43)) - raft.server.log.purge.gap = 1000000 (custom)
2019-10-05 00:41:34,815 [pool-87-thread-1] INFO  server.RaftServerConfigKeys (ConfUtils.java:logGet(43)) - raft.server.log.appender.buffer.byte-limit = 33554432 (custom)
2019-10-05 00:41:34,815 [pool-87-thread-1] INFO  server.RaftServerConfigKeys (ConfUtils.java:logGet(43)) - raft.server.log.segment.size.max = 1048576 (custom)
2019-10-05 00:41:34,825 [pool-87-thread-1] INFO  server.RaftServerConfigKeys (ConfUtils.java:logGet(43)) - raft.server.log.segment.cache.num.max = 2 (custom)
2019-10-05 00:41:34,825 [pool-87-thread-1] INFO  segmented.SegmentedRaftLogWorker (SegmentedRaftLogWorker.java:<init>(173)) - new ec6ed5d8-da6b-4b29-b1fb-11a9b6f3cc90@group-E9B4C7E2F7FF-SegmentedRaftLogWorker for RaftStorage:Storage Directory /workdir/hadoop-ozone/integration-test/target/test-dir/MiniOzoneClusterImpl-d14a9905-b78b-45c8-984a-6d1d0cddd727/datanode-6/data/ratis/620e4b77-1347-4699-8185-e9b4c7e2f7ff
2019-10-05 00:41:34,825 [pool-87-thread-1] INFO  server.RaftServerConfigKeys (ConfUtils.java:logGet(43)) - raft.server.log.queue.byte-limit = 2147483647 (custom)
2019-10-05 00:41:34,826 [pool-87-thread-1] INFO  server.RaftServerConfigKeys (ConfUtils.java:logGet(43)) - raft.server.log.queue.element-limit = 1024 (custom)
2019-10-05 00:41:34,826 [pool-87-thread-1] INFO  server.RaftServerConfigKeys (ConfUtils.java:logGet(43)) - raft.server.log.segment.size.max = 1048576 (custom)
2019-10-05 00:41:34,826 [pool-87-thread-1] INFO  server.RaftServerConfigKeys (ConfUtils.java:logGet(43)) - raft.server.log.preallocated.size = 16384 (custom)
2019-10-05 00:41:34,826 [pool-87-thread-1] INFO  server.RaftServerConfigKeys (ConfUtils.java:logGet(43)) - raft.server.log.write.buffer.size = 33554432 (custom)
2019-10-05 00:41:34,826 [pool-87-thread-1] INFO  server.RaftServerConfigKeys (ConfUtils.java:logGet(43)) - raft.server.log.force.sync.num = 128 (default)
2019-10-05 00:41:34,827 [pool-87-thread-1] INFO  server.RaftServerConfigKeys (ConfUtils.java:logGet(43)) - raft.server.log.statemachine.data.sync = true (default)
2019-10-05 00:41:34,827 [pool-87-thread-1] INFO  server.RaftServerConfigKeys (ConfUtils.java:logGet(43)) - raft.server.log.statemachine.data.sync.timeout = 10s (default)
2019-10-05 00:41:34,827 [pool-87-thread-1] INFO  server.RaftServerConfigKeys (ConfUtils.java:logGet(43)) - raft.server.log.statemachine.data.sync.timeout.retry = -1 (default)
2019-10-05 00:41:34,829 [pool-87-thread-1] INFO  server.RaftServerConfigKeys (ConfUtils.java:logGet(43)) - raft.server.log.statemachine.data.caching.enabled = true (custom)
2019-10-05 00:41:34,831 [pool-87-thread-1] INFO  segmented.SegmentedRaftLogWorker (SegmentedRaftLogWorker.java:lambda$new$0(128)) - ec6ed5d8-da6b-4b29-b1fb-11a9b6f3cc90@group-E9B4C7E2F7FF-SegmentedRaftLogWorker: flushIndex: setUnconditionally 0 -> -1
2019-10-05 00:41:34,832 [pool-87-thread-1] INFO  server.RaftServerConfigKeys (ConfUtils.java:logGet(43)) - raft.server.snapshot.auto.trigger.enabled = true (custom)
2019-10-05 00:41:34,832 [pool-87-thread-1] INFO  server.RaftServerConfigKeys (ConfUtils.java:logGet(43)) - raft.server.snapshot.auto.trigger.threshold = 10000 (custom)
2019-10-05 00:41:34,832 [pool-87-thread-1] INFO  server.RaftServerConfigKeys (ConfUtils.java:logGet(43)) - raft.server.snapshot.retention.file.num = 5 (custom)
2019-10-05 00:41:34,832 [pool-87-thread-1] INFO  server.RaftServerConfigKeys (ConfUtils.java:logGet(43)) - raft.server.retrycache.expirytime = 600000ms (custom)
2019-10-05 00:41:34,838 [pool-87-thread-1] INFO  impl.RaftServerImpl (RaftServerImpl.java:start(181)) - ec6ed5d8-da6b-4b29-b1fb-11a9b6f3cc90@group-E9B4C7E2F7FF: start as a follower, conf=-1: [ec6ed5d8-da6b-4b29-b1fb-11a9b6f3cc90:192.168.164.251:43062], old=null
2019-10-05 00:41:34,838 [pool-87-thread-1] INFO  impl.RaftServerImpl (RaftServerImpl.java:setRole(170)) - ec6ed5d8-da6b-4b29-b1fb-11a9b6f3cc90@group-E9B4C7E2F7FF: changes role from      null to FOLLOWER at term 0 for startAsFollower
2019-10-05 00:41:34,839 [pool-87-thread-1] INFO  impl.RoleInfo (RoleInfo.java:updateAndGet(143)) - ec6ed5d8-da6b-4b29-b1fb-11a9b6f3cc90: start FollowerState
2019-10-05 00:41:34,839 [pool-87-thread-1] INFO  util.JmxRegister (JmxRegister.java:tryRegister(44)) - Successfully registered JMX Bean with object name Ratis:service=RaftServer,group=group-E9B4C7E2F7FF,id=ec6ed5d8-da6b-4b29-b1fb-11a9b6f3cc90
2019-10-05 00:41:34,860 [RatisPipelineUtilsThread] INFO  pipeline.PipelineStateManager (PipelineStateManager.java:addPipeline(56)) - Created pipeline Pipeline[ Id: 620e4b77-1347-4699-8185-e9b4c7e2f7ff, Nodes: ec6ed5d8-da6b-4b29-b1fb-11a9b6f3cc90{ip: 192.168.164.251, host: pr-hdds-2204-lb5qm-2726860912, networkLocation: /default-rack, certSerialId: null}, Type:RATIS, Factor:ONE, State:OPEN]
2019-10-05 00:41:34,887 [grpc-default-executor-0] INFO  impl.RaftServerProxy (RaftServerProxy.java:addNew(89)) - 940ba36b-0df7-4bc7-a76f-c977d596cba9: addNew group-6457BCC26CA4:[940ba36b-0df7-4bc7-a76f-c977d596cba9:192.168.164.251:38078] returns group-6457BCC26CA4:java.util.concurrent.CompletableFuture@47eba343[Not completed]
2019-10-05 00:41:34,890 [pool-37-thread-1] INFO  impl.RaftServerImpl (RaftServerImpl.java:<init>(95)) - 940ba36b-0df7-4bc7-a76f-c977d596cba9: new RaftServerImpl for group-6457BCC26CA4:[940ba36b-0df7-4bc7-a76f-c977d596cba9:192.168.164.251:38078] with ContainerStateMachine:uninitialized
2019-10-05 00:41:34,890 [pool-37-thread-1] INFO  server.RaftServerConfigKeys (ConfUtils.java:logGet(43)) - raft.server.rpc.timeout.min = 5s (custom)
2019-10-05 00:41:34,890 [pool-37-thread-1] INFO  server.RaftServerConfigKeys (ConfUtils.java:logGet(43)) - raft.server.rpc.timeout.max = 5200ms (custom)
2019-10-05 00:41:34,891 [pool-37-thread-1] INFO  server.RaftServerConfigKeys (ConfUtils.java:logGet(43)) - raft.server.rpcslowness.timeout = 120s (custom)
2019-10-05 00:41:34,891 [pool-37-thread-1] INFO  server.RaftServerConfigKeys (ConfUtils.java:logGet(43)) - raft.server.sleep.deviation.threshold = 300 (default)
2019-10-05 00:41:34,891 [pool-37-thread-1] INFO  server.RaftServerConfigKeys (ConfUtils.java:logGet(43)) - raft.server.log.appender.install.snapshot.enabled = false (custom)
2019-10-05 00:41:34,891 [pool-37-thread-1] INFO  impl.RaftServerImpl (ServerState.java:<init>(103)) - 940ba36b-0df7-4bc7-a76f-c977d596cba9@group-6457BCC26CA4: ConfigurationManager, init=-1: [940ba36b-0df7-4bc7-a76f-c977d596cba9:192.168.164.251:38078], old=null, confs=<EMPTY_MAP>
2019-10-05 00:41:34,892 [pool-37-thread-1] INFO  server.RaftServerConfigKeys (ConfUtils.java:logGet(43)) - raft.server.storage.dir = [/workdir/hadoop-ozone/integration-test/target/test-dir/MiniOzoneClusterImpl-d14a9905-b78b-45c8-984a-6d1d0cddd727/datanode-1/data/ratis] (custom)
2019-10-05 00:41:34,892 [pool-37-thread-1] INFO  server.RaftServerConfigKeys (ConfUtils.java:logGet(43)) - raft.server.log.corruption.policy = EXCEPTION (default)
2019-10-05 00:41:34,892 [pool-37-thread-1] INFO  storage.RaftStorageDirectory (RaftStorageDirectory.java:analyzeStorage(246)) - The storage directory /workdir/hadoop-ozone/integration-test/target/test-dir/MiniOzoneClusterImpl-d14a9905-b78b-45c8-984a-6d1d0cddd727/datanode-1/data/ratis/a3cd7e68-be82-4a70-a8aa-6457bcc26ca4 does not exist. Creating ...
2019-10-05 00:41:34,916 [pool-37-thread-1] INFO  storage.RaftStorageDirectory (RaftStorageDirectory.java:tryLock(328)) - Lock on /workdir/hadoop-ozone/integration-test/target/test-dir/MiniOzoneClusterImpl-d14a9905-b78b-45c8-984a-6d1d0cddd727/datanode-1/data/ratis/a3cd7e68-be82-4a70-a8aa-6457bcc26ca4/in_use.lock acquired by nodename 1738@pr-hdds-2204-lb5qm-2726860912
2019-10-05 00:41:34,940 [pool-37-thread-1] INFO  storage.RaftStorage (RaftStorage.java:format(84)) - Storage directory /workdir/hadoop-ozone/integration-test/target/test-dir/MiniOzoneClusterImpl-d14a9905-b78b-45c8-984a-6d1d0cddd727/datanode-1/data/ratis/a3cd7e68-be82-4a70-a8aa-6457bcc26ca4 has been successfully formatted.
2019-10-05 00:41:34,940 [pool-37-thread-1] INFO  ratis.ContainerStateMachine (ContainerStateMachine.java:loadSnapshot(230)) - group-6457BCC26CA4: The snapshot info is null. Setting the last applied indexto:(t:0, i:~)
2019-10-05 00:41:34,941 [pool-37-thread-1] INFO  server.RaftServerConfigKeys (ConfUtils.java:logGet(43)) - raft.server.notification.no-leader.timeout = 120s (custom)
2019-10-05 00:41:34,941 [pool-37-thread-1] INFO  server.RaftServerConfigKeys (ConfUtils.java:logGet(43)) - raft.server.log.use.memory = false (default)
2019-10-05 00:41:34,941 [pool-37-thread-1] INFO  server.RaftServerConfigKeys (ConfUtils.java:logGet(43)) - raft.server.log.purge.gap = 1000000 (custom)
2019-10-05 00:41:34,941 [pool-37-thread-1] INFO  server.RaftServerConfigKeys (ConfUtils.java:logGet(43)) - raft.server.log.appender.buffer.byte-limit = 33554432 (custom)
2019-10-05 00:41:34,941 [pool-37-thread-1] INFO  server.RaftServerConfigKeys (ConfUtils.java:logGet(43)) - raft.server.log.segment.size.max = 1048576 (custom)
2019-10-05 00:41:34,946 [pool-37-thread-1] INFO  server.RaftServerConfigKeys (ConfUtils.java:logGet(43)) - raft.server.log.segment.cache.num.max = 2 (custom)
2019-10-05 00:41:34,946 [pool-37-thread-1] INFO  segmented.SegmentedRaftLogWorker (SegmentedRaftLogWorker.java:<init>(173)) - new 940ba36b-0df7-4bc7-a76f-c977d596cba9@group-6457BCC26CA4-SegmentedRaftLogWorker for RaftStorage:Storage Directory /workdir/hadoop-ozone/integration-test/target/test-dir/MiniOzoneClusterImpl-d14a9905-b78b-45c8-984a-6d1d0cddd727/datanode-1/data/ratis/a3cd7e68-be82-4a70-a8aa-6457bcc26ca4
2019-10-05 00:41:34,946 [pool-37-thread-1] INFO  server.RaftServerConfigKeys (ConfUtils.java:logGet(43)) - raft.server.log.queue.byte-limit = 2147483647 (custom)
2019-10-05 00:41:34,946 [pool-37-thread-1] INFO  server.RaftServerConfigKeys (ConfUtils.java:logGet(43)) - raft.server.log.queue.element-limit = 1024 (custom)
2019-10-05 00:41:34,947 [pool-37-thread-1] INFO  server.RaftServerConfigKeys (ConfUtils.java:logGet(43)) - raft.server.log.segment.size.max = 1048576 (custom)
2019-10-05 00:41:34,947 [pool-37-thread-1] INFO  server.RaftServerConfigKeys (ConfUtils.java:logGet(43)) - raft.server.log.preallocated.size = 16384 (custom)
2019-10-05 00:41:34,947 [pool-37-thread-1] INFO  server.RaftServerConfigKeys (ConfUtils.java:logGet(43)) - raft.server.log.write.buffer.size = 33554432 (custom)
2019-10-05 00:41:34,947 [pool-37-thread-1] INFO  server.RaftServerConfigKeys (ConfUtils.java:logGet(43)) - raft.server.log.force.sync.num = 128 (default)
2019-10-05 00:41:34,947 [pool-37-thread-1] INFO  server.RaftServerConfigKeys (ConfUtils.java:logGet(43)) - raft.server.log.statemachine.data.sync = true (default)
2019-10-05 00:41:34,948 [pool-37-thread-1] INFO  server.RaftServerConfigKeys (ConfUtils.java:logGet(43)) - raft.server.log.statemachine.data.sync.timeout = 10s (default)
2019-10-05 00:41:34,948 [pool-37-thread-1] INFO  server.RaftServerConfigKeys (ConfUtils.java:logGet(43)) - raft.server.log.statemachine.data.sync.timeout.retry = -1 (default)
2019-10-05 00:41:34,949 [pool-37-thread-1] INFO  server.RaftServerConfigKeys (ConfUtils.java:logGet(43)) - raft.server.log.statemachine.data.caching.enabled = true (custom)
2019-10-05 00:41:34,950 [pool-37-thread-1] INFO  segmented.SegmentedRaftLogWorker (SegmentedRaftLogWorker.java:lambda$new$0(128)) - 940ba36b-0df7-4bc7-a76f-c977d596cba9@group-6457BCC26CA4-SegmentedRaftLogWorker: flushIndex: setUnconditionally 0 -> -1
2019-10-05 00:41:34,950 [pool-37-thread-1] INFO  server.RaftServerConfigKeys (ConfUtils.java:logGet(43)) - raft.server.snapshot.auto.trigger.enabled = true (custom)
2019-10-05 00:41:34,950 [pool-37-thread-1] INFO  server.RaftServerConfigKeys (ConfUtils.java:logGet(43)) - raft.server.snapshot.auto.trigger.threshold = 10000 (custom)
2019-10-05 00:41:34,950 [pool-37-thread-1] INFO  server.RaftServerConfigKeys (ConfUtils.java:logGet(43)) - raft.server.snapshot.retention.file.num = 5 (custom)
2019-10-05 00:41:34,951 [pool-37-thread-1] INFO  server.RaftServerConfigKeys (ConfUtils.java:logGet(43)) - raft.server.retrycache.expirytime = 600000ms (custom)
2019-10-05 00:41:34,954 [pool-37-thread-1] INFO  impl.RaftServerImpl (RaftServerImpl.java:start(181)) - 940ba36b-0df7-4bc7-a76f-c977d596cba9@group-6457BCC26CA4: start as a follower, conf=-1: [940ba36b-0df7-4bc7-a76f-c977d596cba9:192.168.164.251:38078], old=null
2019-10-05 00:41:34,954 [pool-37-thread-1] INFO  impl.RaftServerImpl (RaftServerImpl.java:setRole(170)) - 940ba36b-0df7-4bc7-a76f-c977d596cba9@group-6457BCC26CA4: changes role from      null to FOLLOWER at term 0 for startAsFollower
2019-10-05 00:41:34,955 [pool-37-thread-1] INFO  impl.RoleInfo (RoleInfo.java:updateAndGet(143)) - 940ba36b-0df7-4bc7-a76f-c977d596cba9: start FollowerState
2019-10-05 00:41:34,955 [pool-37-thread-1] INFO  util.JmxRegister (JmxRegister.java:tryRegister(44)) - Successfully registered JMX Bean with object name Ratis:service=RaftServer,group=group-6457BCC26CA4,id=940ba36b-0df7-4bc7-a76f-c977d596cba9
2019-10-05 00:41:34,963 [main] INFO  ozone.MiniOzoneClusterImpl (MiniOzoneClusterImpl.java:lambda$waitForClusterToBeReady$0(147)) - Cluster is ready. Got 7 of 7 DN Heartbeats.
2019-10-05 00:41:34,974 [RatisPipelineUtilsThread] INFO  pipeline.PipelineStateManager (PipelineStateManager.java:addPipeline(56)) - Created pipeline Pipeline[ Id: a3cd7e68-be82-4a70-a8aa-6457bcc26ca4, Nodes: 940ba36b-0df7-4bc7-a76f-c977d596cba9{ip: 192.168.164.251, host: pr-hdds-2204-lb5qm-2726860912, networkLocation: /default-rack, certSerialId: null}, Type:RATIS, Factor:ONE, State:OPEN]
2019-10-05 00:41:35,004 [grpc-default-executor-0] INFO  impl.RaftServerProxy (RaftServerProxy.java:addNew(89)) - 7fe15ca9-669d-41ff-98c1-d7fb199ea5a9: addNew group-8899233B99DB:[7fe15ca9-669d-41ff-98c1-d7fb199ea5a9:192.168.164.251:33122] returns group-8899233B99DB:java.util.concurrent.CompletableFuture@7ca7b336[Not completed]
2019-10-05 00:41:35,008 [pool-47-thread-1] INFO  impl.RaftServerImpl (RaftServerImpl.java:<init>(95)) - 7fe15ca9-669d-41ff-98c1-d7fb199ea5a9: new RaftServerImpl for group-8899233B99DB:[7fe15ca9-669d-41ff-98c1-d7fb199ea5a9:192.168.164.251:33122] with ContainerStateMachine:uninitialized
2019-10-05 00:41:35,008 [pool-47-thread-1] INFO  server.RaftServerConfigKeys (ConfUtils.java:logGet(43)) - raft.server.rpc.timeout.min = 5s (custom)
2019-10-05 00:41:35,009 [pool-47-thread-1] INFO  server.RaftServerConfigKeys (ConfUtils.java:logGet(43)) - raft.server.rpc.timeout.max = 5200ms (custom)
2019-10-05 00:41:35,009 [pool-47-thread-1] INFO  server.RaftServerConfigKeys (ConfUtils.java:logGet(43)) - raft.server.rpcslowness.timeout = 120s (custom)
2019-10-05 00:41:35,009 [pool-47-thread-1] INFO  server.RaftServerConfigKeys (ConfUtils.java:logGet(43)) - raft.server.sleep.deviation.threshold = 300 (default)
2019-10-05 00:41:35,009 [pool-47-thread-1] INFO  server.RaftServerConfigKeys (ConfUtils.java:logGet(43)) - raft.server.log.appender.install.snapshot.enabled = false (custom)
2019-10-05 00:41:35,009 [pool-47-thread-1] INFO  impl.RaftServerImpl (ServerState.java:<init>(103)) - 7fe15ca9-669d-41ff-98c1-d7fb199ea5a9@group-8899233B99DB: ConfigurationManager, init=-1: [7fe15ca9-669d-41ff-98c1-d7fb199ea5a9:192.168.164.251:33122], old=null, confs=<EMPTY_MAP>
2019-10-05 00:41:35,010 [pool-47-thread-1] INFO  server.RaftServerConfigKeys (ConfUtils.java:logGet(43)) - raft.server.storage.dir = [/workdir/hadoop-ozone/integration-test/target/test-dir/MiniOzoneClusterImpl-d14a9905-b78b-45c8-984a-6d1d0cddd727/datanode-2/data/ratis] (custom)
2019-10-05 00:41:35,010 [pool-47-thread-1] INFO  server.RaftServerConfigKeys (ConfUtils.java:logGet(43)) - raft.server.log.corruption.policy = EXCEPTION (default)
2019-10-05 00:41:35,010 [pool-47-thread-1] INFO  storage.RaftStorageDirectory (RaftStorageDirectory.java:analyzeStorage(246)) - The storage directory /workdir/hadoop-ozone/integration-test/target/test-dir/MiniOzoneClusterImpl-d14a9905-b78b-45c8-984a-6d1d0cddd727/datanode-2/data/ratis/0306ad19-19b0-41e5-b69c-8899233b99db does not exist. Creating ...
2019-10-05 00:41:35,034 [pool-47-thread-1] INFO  storage.RaftStorageDirectory (RaftStorageDirectory.java:tryLock(328)) - Lock on /workdir/hadoop-ozone/integration-test/target/test-dir/MiniOzoneClusterImpl-d14a9905-b78b-45c8-984a-6d1d0cddd727/datanode-2/data/ratis/0306ad19-19b0-41e5-b69c-8899233b99db/in_use.lock acquired by nodename 1738@pr-hdds-2204-lb5qm-2726860912
2019-10-05 00:41:35,072 [pool-47-thread-1] INFO  storage.RaftStorage (RaftStorage.java:format(84)) - Storage directory /workdir/hadoop-ozone/integration-test/target/test-dir/MiniOzoneClusterImpl-d14a9905-b78b-45c8-984a-6d1d0cddd727/datanode-2/data/ratis/0306ad19-19b0-41e5-b69c-8899233b99db has been successfully formatted.
2019-10-05 00:41:35,072 [pool-47-thread-1] INFO  ratis.ContainerStateMachine (ContainerStateMachine.java:loadSnapshot(230)) - group-8899233B99DB: The snapshot info is null. Setting the last applied indexto:(t:0, i:~)
2019-10-05 00:41:35,072 [pool-47-thread-1] INFO  server.RaftServerConfigKeys (ConfUtils.java:logGet(43)) - raft.server.notification.no-leader.timeout = 120s (custom)
2019-10-05 00:41:35,073 [pool-47-thread-1] INFO  server.RaftServerConfigKeys (ConfUtils.java:logGet(43)) - raft.server.log.use.memory = false (default)
2019-10-05 00:41:35,073 [pool-47-thread-1] INFO  server.RaftServerConfigKeys (ConfUtils.java:logGet(43)) - raft.server.log.purge.gap = 1000000 (custom)
2019-10-05 00:41:35,073 [pool-47-thread-1] INFO  server.RaftServerConfigKeys (ConfUtils.java:logGet(43)) - raft.server.log.appender.buffer.byte-limit = 33554432 (custom)
2019-10-05 00:41:35,073 [pool-47-thread-1] INFO  server.RaftServerConfigKeys (ConfUtils.java:logGet(43)) - raft.server.log.segment.size.max = 1048576 (custom)
2019-10-05 00:41:35,076 [pool-47-thread-1] INFO  server.RaftServerConfigKeys (ConfUtils.java:logGet(43)) - raft.server.log.segment.cache.num.max = 2 (custom)
2019-10-05 00:41:35,076 [pool-47-thread-1] INFO  segmented.SegmentedRaftLogWorker (SegmentedRaftLogWorker.java:<init>(173)) - new 7fe15ca9-669d-41ff-98c1-d7fb199ea5a9@group-8899233B99DB-SegmentedRaftLogWorker for RaftStorage:Storage Directory /workdir/hadoop-ozone/integration-test/target/test-dir/MiniOzoneClusterImpl-d14a9905-b78b-45c8-984a-6d1d0cddd727/datanode-2/data/ratis/0306ad19-19b0-41e5-b69c-8899233b99db
2019-10-05 00:41:35,076 [pool-47-thread-1] INFO  server.RaftServerConfigKeys (ConfUtils.java:logGet(43)) - raft.server.log.queue.byte-limit = 2147483647 (custom)
2019-10-05 00:41:35,077 [pool-47-thread-1] INFO  server.RaftServerConfigKeys (ConfUtils.java:logGet(43)) - raft.server.log.queue.element-limit = 1024 (custom)
2019-10-05 00:41:35,077 [pool-47-thread-1] INFO  server.RaftServerConfigKeys (ConfUtils.java:logGet(43)) - raft.server.log.segment.size.max = 1048576 (custom)
2019-10-05 00:41:35,077 [pool-47-thread-1] INFO  server.RaftServerConfigKeys (ConfUtils.java:logGet(43)) - raft.server.log.preallocated.size = 16384 (custom)
2019-10-05 00:41:35,077 [pool-47-thread-1] INFO  server.RaftServerConfigKeys (ConfUtils.java:logGet(43)) - raft.server.log.write.buffer.size = 33554432 (custom)
2019-10-05 00:41:35,077 [pool-47-thread-1] INFO  server.RaftServerConfigKeys (ConfUtils.java:logGet(43)) - raft.server.log.force.sync.num = 128 (default)
2019-10-05 00:41:35,077 [pool-47-thread-1] INFO  server.RaftServerConfigKeys (ConfUtils.java:logGet(43)) - raft.server.log.statemachine.data.sync = true (default)
2019-10-05 00:41:35,078 [pool-47-thread-1] INFO  server.RaftServerConfigKeys (ConfUtils.java:logGet(43)) - raft.server.log.statemachine.data.sync.timeout = 10s (default)
2019-10-05 00:41:35,078 [pool-47-thread-1] INFO  server.RaftServerConfigKeys (ConfUtils.java:logGet(43)) - raft.server.log.statemachine.data.sync.timeout.retry = -1 (default)
2019-10-05 00:41:35,078 [pool-47-thread-1] INFO  server.RaftServerConfigKeys (ConfUtils.java:logGet(43)) - raft.server.log.statemachine.data.caching.enabled = true (custom)
2019-10-05 00:41:35,079 [pool-47-thread-1] INFO  segmented.SegmentedRaftLogWorker (SegmentedRaftLogWorker.java:lambda$new$0(128)) - 7fe15ca9-669d-41ff-98c1-d7fb199ea5a9@group-8899233B99DB-SegmentedRaftLogWorker: flushIndex: setUnconditionally 0 -> -1
2019-10-05 00:41:35,079 [pool-47-thread-1] INFO  server.RaftServerConfigKeys (ConfUtils.java:logGet(43)) - raft.server.snapshot.auto.trigger.enabled = true (custom)
2019-10-05 00:41:35,079 [pool-47-thread-1] INFO  server.RaftServerConfigKeys (ConfUtils.java:logGet(43)) - raft.server.snapshot.auto.trigger.threshold = 10000 (custom)
2019-10-05 00:41:35,079 [pool-47-thread-1] INFO  server.RaftServerConfigKeys (ConfUtils.java:logGet(43)) - raft.server.snapshot.retention.file.num = 5 (custom)
2019-10-05 00:41:35,080 [pool-47-thread-1] INFO  server.RaftServerConfigKeys (ConfUtils.java:logGet(43)) - raft.server.retrycache.expirytime = 600000ms (custom)
2019-10-05 00:41:35,082 [pool-47-thread-1] INFO  impl.RaftServerImpl (RaftServerImpl.java:start(181)) - 7fe15ca9-669d-41ff-98c1-d7fb199ea5a9@group-8899233B99DB: start as a follower, conf=-1: [7fe15ca9-669d-41ff-98c1-d7fb199ea5a9:192.168.164.251:33122], old=null
2019-10-05 00:41:35,082 [pool-47-thread-1] INFO  impl.RaftServerImpl (RaftServerImpl.java:setRole(170)) - 7fe15ca9-669d-41ff-98c1-d7fb199ea5a9@group-8899233B99DB: changes role from      null to FOLLOWER at term 0 for startAsFollower
2019-10-05 00:41:35,083 [pool-47-thread-1] INFO  impl.RoleInfo (RoleInfo.java:updateAndGet(143)) - 7fe15ca9-669d-41ff-98c1-d7fb199ea5a9: start FollowerState
2019-10-05 00:41:35,083 [pool-47-thread-1] INFO  util.JmxRegister (JmxRegister.java:tryRegister(44)) - Successfully registered JMX Bean with object name Ratis:service=RaftServer,group=group-8899233B99DB,id=7fe15ca9-669d-41ff-98c1-d7fb199ea5a9
2019-10-05 00:41:35,101 [RatisPipelineUtilsThread] INFO  pipeline.PipelineStateManager (PipelineStateManager.java:addPipeline(56)) - Created pipeline Pipeline[ Id: 0306ad19-19b0-41e5-b69c-8899233b99db, Nodes: 7fe15ca9-669d-41ff-98c1-d7fb199ea5a9{ip: 192.168.164.251, host: pr-hdds-2204-lb5qm-2726860912, networkLocation: /default-rack, certSerialId: null}, Type:RATIS, Factor:ONE, State:OPEN]
2019-10-05 00:41:35,118 [grpc-default-executor-0] INFO  impl.RaftServerProxy (RaftServerProxy.java:addNew(89)) - a5ad1b9a-9832-4a8a-ac10-5736bd256877: addNew group-4547A028F0EC:[a5ad1b9a-9832-4a8a-ac10-5736bd256877:192.168.164.251:46444] returns group-4547A028F0EC:java.util.concurrent.CompletableFuture@54459f6f[Not completed]
2019-10-05 00:41:35,123 [pool-67-thread-1] INFO  impl.RaftServerImpl (RaftServerImpl.java:<init>(95)) - a5ad1b9a-9832-4a8a-ac10-5736bd256877: new RaftServerImpl for group-4547A028F0EC:[a5ad1b9a-9832-4a8a-ac10-5736bd256877:192.168.164.251:46444] with ContainerStateMachine:uninitialized
2019-10-05 00:41:35,123 [pool-67-thread-1] INFO  server.RaftServerConfigKeys (ConfUtils.java:logGet(43)) - raft.server.rpc.timeout.min = 5s (custom)
2019-10-05 00:41:35,123 [pool-67-thread-1] INFO  server.RaftServerConfigKeys (ConfUtils.java:logGet(43)) - raft.server.rpc.timeout.max = 5200ms (custom)
2019-10-05 00:41:35,123 [pool-67-thread-1] INFO  server.RaftServerConfigKeys (ConfUtils.java:logGet(43)) - raft.server.rpcslowness.timeout = 120s (custom)
2019-10-05 00:41:35,124 [pool-67-thread-1] INFO  server.RaftServerConfigKeys (ConfUtils.java:logGet(43)) - raft.server.sleep.deviation.threshold = 300 (default)
2019-10-05 00:41:35,124 [pool-67-thread-1] INFO  server.RaftServerConfigKeys (ConfUtils.java:logGet(43)) - raft.server.log.appender.install.snapshot.enabled = false (custom)
2019-10-05 00:41:35,124 [pool-67-thread-1] INFO  impl.RaftServerImpl (ServerState.java:<init>(103)) - a5ad1b9a-9832-4a8a-ac10-5736bd256877@group-4547A028F0EC: ConfigurationManager, init=-1: [a5ad1b9a-9832-4a8a-ac10-5736bd256877:192.168.164.251:46444], old=null, confs=<EMPTY_MAP>
2019-10-05 00:41:35,124 [pool-67-thread-1] INFO  server.RaftServerConfigKeys (ConfUtils.java:logGet(43)) - raft.server.storage.dir = [/workdir/hadoop-ozone/integration-test/target/test-dir/MiniOzoneClusterImpl-d14a9905-b78b-45c8-984a-6d1d0cddd727/datanode-4/data/ratis] (custom)
2019-10-05 00:41:35,124 [pool-67-thread-1] INFO  server.RaftServerConfigKeys (ConfUtils.java:logGet(43)) - raft.server.log.corruption.policy = EXCEPTION (default)
2019-10-05 00:41:35,125 [pool-67-thread-1] INFO  storage.RaftStorageDirectory (RaftStorageDirectory.java:analyzeStorage(246)) - The storage directory /workdir/hadoop-ozone/integration-test/target/test-dir/MiniOzoneClusterImpl-d14a9905-b78b-45c8-984a-6d1d0cddd727/datanode-4/data/ratis/0a588156-01d3-4326-9b19-4547a028f0ec does not exist. Creating ...
2019-10-05 00:41:35,147 [pool-67-thread-1] INFO  storage.RaftStorageDirectory (RaftStorageDirectory.java:tryLock(328)) - Lock on /workdir/hadoop-ozone/integration-test/target/test-dir/MiniOzoneClusterImpl-d14a9905-b78b-45c8-984a-6d1d0cddd727/datanode-4/data/ratis/0a588156-01d3-4326-9b19-4547a028f0ec/in_use.lock acquired by nodename 1738@pr-hdds-2204-lb5qm-2726860912
2019-10-05 00:41:35,173 [pool-67-thread-1] INFO  storage.RaftStorage (RaftStorage.java:format(84)) - Storage directory /workdir/hadoop-ozone/integration-test/target/test-dir/MiniOzoneClusterImpl-d14a9905-b78b-45c8-984a-6d1d0cddd727/datanode-4/data/ratis/0a588156-01d3-4326-9b19-4547a028f0ec has been successfully formatted.
2019-10-05 00:41:35,173 [pool-67-thread-1] INFO  ratis.ContainerStateMachine (ContainerStateMachine.java:loadSnapshot(230)) - group-4547A028F0EC: The snapshot info is null. Setting the last applied indexto:(t:0, i:~)
2019-10-05 00:41:35,173 [pool-67-thread-1] INFO  server.RaftServerConfigKeys (ConfUtils.java:logGet(43)) - raft.server.notification.no-leader.timeout = 120s (custom)
2019-10-05 00:41:35,174 [pool-67-thread-1] INFO  server.RaftServerConfigKeys (ConfUtils.java:logGet(43)) - raft.server.log.use.memory = false (default)
2019-10-05 00:41:35,174 [pool-67-thread-1] INFO  server.RaftServerConfigKeys (ConfUtils.java:logGet(43)) - raft.server.log.purge.gap = 1000000 (custom)
2019-10-05 00:41:35,175 [pool-67-thread-1] INFO  server.RaftServerConfigKeys (ConfUtils.java:logGet(43)) - raft.server.log.appender.buffer.byte-limit = 33554432 (custom)
2019-10-05 00:41:35,175 [pool-67-thread-1] INFO  server.RaftServerConfigKeys (ConfUtils.java:logGet(43)) - raft.server.log.segment.size.max = 1048576 (custom)
2019-10-05 00:41:35,180 [pool-67-thread-1] INFO  server.RaftServerConfigKeys (ConfUtils.java:logGet(43)) - raft.server.log.segment.cache.num.max = 2 (custom)
2019-10-05 00:41:35,181 [pool-67-thread-1] INFO  segmented.SegmentedRaftLogWorker (SegmentedRaftLogWorker.java:<init>(173)) - new a5ad1b9a-9832-4a8a-ac10-5736bd256877@group-4547A028F0EC-SegmentedRaftLogWorker for RaftStorage:Storage Directory /workdir/hadoop-ozone/integration-test/target/test-dir/MiniOzoneClusterImpl-d14a9905-b78b-45c8-984a-6d1d0cddd727/datanode-4/data/ratis/0a588156-01d3-4326-9b19-4547a028f0ec
2019-10-05 00:41:35,181 [pool-67-thread-1] INFO  server.RaftServerConfigKeys (ConfUtils.java:logGet(43)) - raft.server.log.queue.byte-limit = 2147483647 (custom)
2019-10-05 00:41:35,181 [pool-67-thread-1] INFO  server.RaftServerConfigKeys (ConfUtils.java:logGet(43)) - raft.server.log.queue.element-limit = 1024 (custom)
2019-10-05 00:41:35,181 [pool-67-thread-1] INFO  server.RaftServerConfigKeys (ConfUtils.java:logGet(43)) - raft.server.log.segment.size.max = 1048576 (custom)
2019-10-05 00:41:35,182 [pool-67-thread-1] INFO  server.RaftServerConfigKeys (ConfUtils.java:logGet(43)) - raft.server.log.preallocated.size = 16384 (custom)
2019-10-05 00:41:35,182 [pool-67-thread-1] INFO  server.RaftServerConfigKeys (ConfUtils.java:logGet(43)) - raft.server.log.write.buffer.size = 33554432 (custom)
2019-10-05 00:41:35,182 [pool-67-thread-1] INFO  server.RaftServerConfigKeys (ConfUtils.java:logGet(43)) - raft.server.log.force.sync.num = 128 (default)
2019-10-05 00:41:35,182 [pool-67-thread-1] INFO  server.RaftServerConfigKeys (ConfUtils.java:logGet(43)) - raft.server.log.statemachine.data.sync = true (default)
2019-10-05 00:41:35,183 [pool-67-thread-1] INFO  server.RaftServerConfigKeys (ConfUtils.java:logGet(43)) - raft.server.log.statemachine.data.sync.timeout = 10s (default)
2019-10-05 00:41:35,183 [pool-67-thread-1] INFO  server.RaftServerConfigKeys (ConfUtils.java:logGet(43)) - raft.server.log.statemachine.data.sync.timeout.retry = -1 (default)
2019-10-05 00:41:35,184 [pool-67-thread-1] INFO  server.RaftServerConfigKeys (ConfUtils.java:logGet(43)) - raft.server.log.statemachine.data.caching.enabled = true (custom)
2019-10-05 00:41:35,184 [pool-67-thread-1] INFO  segmented.SegmentedRaftLogWorker (SegmentedRaftLogWorker.java:lambda$new$0(128)) - a5ad1b9a-9832-4a8a-ac10-5736bd256877@group-4547A028F0EC-SegmentedRaftLogWorker: flushIndex: setUnconditionally 0 -> -1
2019-10-05 00:41:35,184 [pool-67-thread-1] INFO  server.RaftServerConfigKeys (ConfUtils.java:logGet(43)) - raft.server.snapshot.auto.trigger.enabled = true (custom)
2019-10-05 00:41:35,185 [pool-67-thread-1] INFO  server.RaftServerConfigKeys (ConfUtils.java:logGet(43)) - raft.server.snapshot.auto.trigger.threshold = 10000 (custom)
2019-10-05 00:41:35,185 [pool-67-thread-1] INFO  server.RaftServerConfigKeys (ConfUtils.java:logGet(43)) - raft.server.snapshot.retention.file.num = 5 (custom)
2019-10-05 00:41:35,185 [pool-67-thread-1] INFO  server.RaftServerConfigKeys (ConfUtils.java:logGet(43)) - raft.server.retrycache.expirytime = 600000ms (custom)
2019-10-05 00:41:35,188 [pool-67-thread-1] INFO  impl.RaftServerImpl (RaftServerImpl.java:start(181)) - a5ad1b9a-9832-4a8a-ac10-5736bd256877@group-4547A028F0EC: start as a follower, conf=-1: [a5ad1b9a-9832-4a8a-ac10-5736bd256877:192.168.164.251:46444], old=null
2019-10-05 00:41:35,188 [pool-67-thread-1] INFO  impl.RaftServerImpl (RaftServerImpl.java:setRole(170)) - a5ad1b9a-9832-4a8a-ac10-5736bd256877@group-4547A028F0EC: changes role from      null to FOLLOWER at term 0 for startAsFollower
2019-10-05 00:41:35,189 [pool-67-thread-1] INFO  impl.RoleInfo (RoleInfo.java:updateAndGet(143)) - a5ad1b9a-9832-4a8a-ac10-5736bd256877: start FollowerState
2019-10-05 00:41:35,189 [pool-67-thread-1] INFO  util.JmxRegister (JmxRegister.java:tryRegister(44)) - Successfully registered JMX Bean with object name Ratis:service=RaftServer,group=group-4547A028F0EC,id=a5ad1b9a-9832-4a8a-ac10-5736bd256877
2019-10-05 00:41:35,211 [RatisPipelineUtilsThread] INFO  pipeline.PipelineStateManager (PipelineStateManager.java:addPipeline(56)) - Created pipeline Pipeline[ Id: 0a588156-01d3-4326-9b19-4547a028f0ec, Nodes: a5ad1b9a-9832-4a8a-ac10-5736bd256877{ip: 192.168.164.251, host: pr-hdds-2204-lb5qm-2726860912, networkLocation: /default-rack, certSerialId: null}, Type:RATIS, Factor:ONE, State:OPEN]
2019-10-05 00:41:35,250 [grpc-default-executor-0] INFO  impl.RaftServerProxy (RaftServerProxy.java:addNew(89)) - 0cfbbb8e-368b-4351-b40c-3060245fa82c: addNew group-7D7160C4264B:[b3186dea-d713-4b94-b735-e44dad95efa8:192.168.164.251:38285, e6236626-feb7-459f-aa25-8a67d6de6183:192.168.164.251:33107, 0cfbbb8e-368b-4351-b40c-3060245fa82c:192.168.164.251:41664] returns group-7D7160C4264B:java.util.concurrent.CompletableFuture@632d4f1c[Not completed]
2019-10-05 00:41:35,250 [grpc-default-executor-2] INFO  impl.RaftServerProxy (RaftServerProxy.java:addNew(89)) - b3186dea-d713-4b94-b735-e44dad95efa8: addNew group-7D7160C4264B:[b3186dea-d713-4b94-b735-e44dad95efa8:192.168.164.251:38285, e6236626-feb7-459f-aa25-8a67d6de6183:192.168.164.251:33107, 0cfbbb8e-368b-4351-b40c-3060245fa82c:192.168.164.251:41664] returns group-7D7160C4264B:java.util.concurrent.CompletableFuture@6523bb0c[Not completed]
2019-10-05 00:41:35,250 [grpc-default-executor-1] INFO  impl.RaftServerProxy (RaftServerProxy.java:addNew(89)) - e6236626-feb7-459f-aa25-8a67d6de6183: addNew group-7D7160C4264B:[b3186dea-d713-4b94-b735-e44dad95efa8:192.168.164.251:38285, e6236626-feb7-459f-aa25-8a67d6de6183:192.168.164.251:33107, 0cfbbb8e-368b-4351-b40c-3060245fa82c:192.168.164.251:41664] returns group-7D7160C4264B:java.util.concurrent.CompletableFuture@1e581151[Not completed]
2019-10-05 00:41:35,252 [pool-57-thread-1] INFO  impl.RaftServerImpl (RaftServerImpl.java:<init>(95)) - 0cfbbb8e-368b-4351-b40c-3060245fa82c: new RaftServerImpl for group-7D7160C4264B:[b3186dea-d713-4b94-b735-e44dad95efa8:192.168.164.251:38285, e6236626-feb7-459f-aa25-8a67d6de6183:192.168.164.251:33107, 0cfbbb8e-368b-4351-b40c-3060245fa82c:192.168.164.251:41664] with ContainerStateMachine:uninitialized
2019-10-05 00:41:35,252 [pool-57-thread-1] INFO  server.RaftServerConfigKeys (ConfUtils.java:logGet(43)) - raft.server.rpc.timeout.min = 5s (custom)
2019-10-05 00:41:35,252 [pool-57-thread-1] INFO  server.RaftServerConfigKeys (ConfUtils.java:logGet(43)) - raft.server.rpc.timeout.max = 5200ms (custom)
2019-10-05 00:41:35,252 [pool-57-thread-1] INFO  server.RaftServerConfigKeys (ConfUtils.java:logGet(43)) - raft.server.rpcslowness.timeout = 120s (custom)
2019-10-05 00:41:35,252 [pool-57-thread-1] INFO  server.RaftServerConfigKeys (ConfUtils.java:logGet(43)) - raft.server.sleep.deviation.threshold = 300 (default)
2019-10-05 00:41:35,253 [pool-57-thread-1] INFO  server.RaftServerConfigKeys (ConfUtils.java:logGet(43)) - raft.server.log.appender.install.snapshot.enabled = false (custom)
2019-10-05 00:41:35,253 [pool-57-thread-1] INFO  impl.RaftServerImpl (ServerState.java:<init>(103)) - 0cfbbb8e-368b-4351-b40c-3060245fa82c@group-7D7160C4264B: ConfigurationManager, init=-1: [b3186dea-d713-4b94-b735-e44dad95efa8:192.168.164.251:38285, e6236626-feb7-459f-aa25-8a67d6de6183:192.168.164.251:33107, 0cfbbb8e-368b-4351-b40c-3060245fa82c:192.168.164.251:41664], old=null, confs=<EMPTY_MAP>
2019-10-05 00:41:35,253 [pool-57-thread-1] INFO  server.RaftServerConfigKeys (ConfUtils.java:logGet(43)) - raft.server.storage.dir = [/workdir/hadoop-ozone/integration-test/target/test-dir/MiniOzoneClusterImpl-d14a9905-b78b-45c8-984a-6d1d0cddd727/datanode-3/data/ratis] (custom)
2019-10-05 00:41:35,253 [pool-57-thread-1] INFO  server.RaftServerConfigKeys (ConfUtils.java:logGet(43)) - raft.server.log.corruption.policy = EXCEPTION (default)
2019-10-05 00:41:35,253 [pool-27-thread-1] INFO  impl.RaftServerImpl (RaftServerImpl.java:<init>(95)) - b3186dea-d713-4b94-b735-e44dad95efa8: new RaftServerImpl for group-7D7160C4264B:[b3186dea-d713-4b94-b735-e44dad95efa8:192.168.164.251:38285, e6236626-feb7-459f-aa25-8a67d6de6183:192.168.164.251:33107, 0cfbbb8e-368b-4351-b40c-3060245fa82c:192.168.164.251:41664] with ContainerStateMachine:uninitialized
2019-10-05 00:41:35,253 [pool-57-thread-1] INFO  storage.RaftStorageDirectory (RaftStorageDirectory.java:analyzeStorage(246)) - The storage directory /workdir/hadoop-ozone/integration-test/target/test-dir/MiniOzoneClusterImpl-d14a9905-b78b-45c8-984a-6d1d0cddd727/datanode-3/data/ratis/316e4758-8aad-4593-9f1f-7d7160c4264b does not exist. Creating ...
2019-10-05 00:41:35,254 [pool-27-thread-1] INFO  server.RaftServerConfigKeys (ConfUtils.java:logGet(43)) - raft.server.rpc.timeout.min = 5s (custom)
2019-10-05 00:41:35,254 [pool-27-thread-1] INFO  server.RaftServerConfigKeys (ConfUtils.java:logGet(43)) - raft.server.rpc.timeout.max = 5200ms (custom)
2019-10-05 00:41:35,254 [pool-27-thread-1] INFO  server.RaftServerConfigKeys (ConfUtils.java:logGet(43)) - raft.server.rpcslowness.timeout = 120s (custom)
2019-10-05 00:41:35,254 [pool-27-thread-1] INFO  server.RaftServerConfigKeys (ConfUtils.java:logGet(43)) - raft.server.sleep.deviation.threshold = 300 (default)
2019-10-05 00:41:35,255 [pool-27-thread-1] INFO  server.RaftServerConfigKeys (ConfUtils.java:logGet(43)) - raft.server.log.appender.install.snapshot.enabled = false (custom)
2019-10-05 00:41:35,255 [pool-77-thread-1] INFO  impl.RaftServerImpl (RaftServerImpl.java:<init>(95)) - e6236626-feb7-459f-aa25-8a67d6de6183: new RaftServerImpl for group-7D7160C4264B:[b3186dea-d713-4b94-b735-e44dad95efa8:192.168.164.251:38285, e6236626-feb7-459f-aa25-8a67d6de6183:192.168.164.251:33107, 0cfbbb8e-368b-4351-b40c-3060245fa82c:192.168.164.251:41664] with ContainerStateMachine:uninitialized
2019-10-05 00:41:35,255 [pool-27-thread-1] INFO  impl.RaftServerImpl (ServerState.java:<init>(103)) - b3186dea-d713-4b94-b735-e44dad95efa8@group-7D7160C4264B: ConfigurationManager, init=-1: [b3186dea-d713-4b94-b735-e44dad95efa8:192.168.164.251:38285, e6236626-feb7-459f-aa25-8a67d6de6183:192.168.164.251:33107, 0cfbbb8e-368b-4351-b40c-3060245fa82c:192.168.164.251:41664], old=null, confs=<EMPTY_MAP>
2019-10-05 00:41:35,255 [pool-77-thread-1] INFO  server.RaftServerConfigKeys (ConfUtils.java:logGet(43)) - raft.server.rpc.timeout.min = 5s (custom)
2019-10-05 00:41:35,255 [pool-27-thread-1] INFO  server.RaftServerConfigKeys (ConfUtils.java:logGet(43)) - raft.server.storage.dir = [/workdir/hadoop-ozone/integration-test/target/test-dir/MiniOzoneClusterImpl-d14a9905-b78b-45c8-984a-6d1d0cddd727/datanode-0/data/ratis] (custom)
2019-10-05 00:41:35,255 [pool-77-thread-1] INFO  server.RaftServerConfigKeys (ConfUtils.java:logGet(43)) - raft.server.rpc.timeout.max = 5200ms (custom)
2019-10-05 00:41:35,256 [pool-77-thread-1] INFO  server.RaftServerConfigKeys (ConfUtils.java:logGet(43)) - raft.server.rpcslowness.timeout = 120s (custom)
2019-10-05 00:41:35,256 [pool-27-thread-1] INFO  server.RaftServerConfigKeys (ConfUtils.java:logGet(43)) - raft.server.log.corruption.policy = EXCEPTION (default)
2019-10-05 00:41:35,256 [pool-77-thread-1] INFO  server.RaftServerConfigKeys (ConfUtils.java:logGet(43)) - raft.server.sleep.deviation.threshold = 300 (default)
2019-10-05 00:41:35,256 [pool-27-thread-1] INFO  storage.RaftStorageDirectory (RaftStorageDirectory.java:analyzeStorage(246)) - The storage directory /workdir/hadoop-ozone/integration-test/target/test-dir/MiniOzoneClusterImpl-d14a9905-b78b-45c8-984a-6d1d0cddd727/datanode-0/data/ratis/316e4758-8aad-4593-9f1f-7d7160c4264b does not exist. Creating ...
2019-10-05 00:41:35,256 [pool-77-thread-1] INFO  server.RaftServerConfigKeys (ConfUtils.java:logGet(43)) - raft.server.log.appender.install.snapshot.enabled = false (custom)
2019-10-05 00:41:35,256 [pool-77-thread-1] INFO  impl.RaftServerImpl (ServerState.java:<init>(103)) - e6236626-feb7-459f-aa25-8a67d6de6183@group-7D7160C4264B: ConfigurationManager, init=-1: [b3186dea-d713-4b94-b735-e44dad95efa8:192.168.164.251:38285, e6236626-feb7-459f-aa25-8a67d6de6183:192.168.164.251:33107, 0cfbbb8e-368b-4351-b40c-3060245fa82c:192.168.164.251:41664], old=null, confs=<EMPTY_MAP>
2019-10-05 00:41:35,257 [pool-77-thread-1] INFO  server.RaftServerConfigKeys (ConfUtils.java:logGet(43)) - raft.server.storage.dir = [/workdir/hadoop-ozone/integration-test/target/test-dir/MiniOzoneClusterImpl-d14a9905-b78b-45c8-984a-6d1d0cddd727/datanode-5/data/ratis] (custom)
2019-10-05 00:41:35,257 [pool-77-thread-1] INFO  server.RaftServerConfigKeys (ConfUtils.java:logGet(43)) - raft.server.log.corruption.policy = EXCEPTION (default)
2019-10-05 00:41:35,257 [pool-77-thread-1] INFO  storage.RaftStorageDirectory (RaftStorageDirectory.java:analyzeStorage(246)) - The storage directory /workdir/hadoop-ozone/integration-test/target/test-dir/MiniOzoneClusterImpl-d14a9905-b78b-45c8-984a-6d1d0cddd727/datanode-5/data/ratis/316e4758-8aad-4593-9f1f-7d7160c4264b does not exist. Creating ...
2019-10-05 00:41:35,282 [pool-77-thread-1] INFO  storage.RaftStorageDirectory (RaftStorageDirectory.java:tryLock(328)) - Lock on /workdir/hadoop-ozone/integration-test/target/test-dir/MiniOzoneClusterImpl-d14a9905-b78b-45c8-984a-6d1d0cddd727/datanode-5/data/ratis/316e4758-8aad-4593-9f1f-7d7160c4264b/in_use.lock acquired by nodename 1738@pr-hdds-2204-lb5qm-2726860912
2019-10-05 00:41:35,282 [pool-27-thread-1] INFO  storage.RaftStorageDirectory (RaftStorageDirectory.java:tryLock(328)) - Lock on /workdir/hadoop-ozone/integration-test/target/test-dir/MiniOzoneClusterImpl-d14a9905-b78b-45c8-984a-6d1d0cddd727/datanode-0/data/ratis/316e4758-8aad-4593-9f1f-7d7160c4264b/in_use.lock acquired by nodename 1738@pr-hdds-2204-lb5qm-2726860912
2019-10-05 00:41:35,282 [pool-57-thread-1] INFO  storage.RaftStorageDirectory (RaftStorageDirectory.java:tryLock(328)) - Lock on /workdir/hadoop-ozone/integration-test/target/test-dir/MiniOzoneClusterImpl-d14a9905-b78b-45c8-984a-6d1d0cddd727/datanode-3/data/ratis/316e4758-8aad-4593-9f1f-7d7160c4264b/in_use.lock acquired by nodename 1738@pr-hdds-2204-lb5qm-2726860912
2019-10-05 00:41:35,307 [pool-77-thread-1] INFO  storage.RaftStorage (RaftStorage.java:format(84)) - Storage directory /workdir/hadoop-ozone/integration-test/target/test-dir/MiniOzoneClusterImpl-d14a9905-b78b-45c8-984a-6d1d0cddd727/datanode-5/data/ratis/316e4758-8aad-4593-9f1f-7d7160c4264b has been successfully formatted.
2019-10-05 00:41:35,307 [pool-27-thread-1] INFO  storage.RaftStorage (RaftStorage.java:format(84)) - Storage directory /workdir/hadoop-ozone/integration-test/target/test-dir/MiniOzoneClusterImpl-d14a9905-b78b-45c8-984a-6d1d0cddd727/datanode-0/data/ratis/316e4758-8aad-4593-9f1f-7d7160c4264b has been successfully formatted.
2019-10-05 00:41:35,308 [pool-77-thread-1] INFO  ratis.ContainerStateMachine (ContainerStateMachine.java:loadSnapshot(230)) - group-7D7160C4264B: The snapshot info is null. Setting the last applied indexto:(t:0, i:~)
2019-10-05 00:41:35,307 [pool-57-thread-1] INFO  storage.RaftStorage (RaftStorage.java:format(84)) - Storage directory /workdir/hadoop-ozone/integration-test/target/test-dir/MiniOzoneClusterImpl-d14a9905-b78b-45c8-984a-6d1d0cddd727/datanode-3/data/ratis/316e4758-8aad-4593-9f1f-7d7160c4264b has been successfully formatted.
2019-10-05 00:41:35,308 [pool-77-thread-1] INFO  server.RaftServerConfigKeys (ConfUtils.java:logGet(43)) - raft.server.notification.no-leader.timeout = 120s (custom)
2019-10-05 00:41:35,308 [pool-27-thread-1] INFO  ratis.ContainerStateMachine (ContainerStateMachine.java:loadSnapshot(230)) - group-7D7160C4264B: The snapshot info is null. Setting the last applied indexto:(t:0, i:~)
2019-10-05 00:41:35,308 [pool-77-thread-1] INFO  server.RaftServerConfigKeys (ConfUtils.java:logGet(43)) - raft.server.log.use.memory = false (default)
2019-10-05 00:41:35,308 [pool-57-thread-1] INFO  ratis.ContainerStateMachine (ContainerStateMachine.java:loadSnapshot(230)) - group-7D7160C4264B: The snapshot info is null. Setting the last applied indexto:(t:0, i:~)
2019-10-05 00:41:35,308 [pool-77-thread-1] INFO  server.RaftServerConfigKeys (ConfUtils.java:logGet(43)) - raft.server.log.purge.gap = 1000000 (custom)
2019-10-05 00:41:35,308 [pool-27-thread-1] INFO  server.RaftServerConfigKeys (ConfUtils.java:logGet(43)) - raft.server.notification.no-leader.timeout = 120s (custom)
2019-10-05 00:41:35,308 [pool-77-thread-1] INFO  server.RaftServerConfigKeys (ConfUtils.java:logGet(43)) - raft.server.log.appender.buffer.byte-limit = 33554432 (custom)
2019-10-05 00:41:35,308 [pool-57-thread-1] INFO  server.RaftServerConfigKeys (ConfUtils.java:logGet(43)) - raft.server.notification.no-leader.timeout = 120s (custom)
2019-10-05 00:41:35,309 [pool-77-thread-1] INFO  server.RaftServerConfigKeys (ConfUtils.java:logGet(43)) - raft.server.log.segment.size.max = 1048576 (custom)
2019-10-05 00:41:35,308 [pool-27-thread-1] INFO  server.RaftServerConfigKeys (ConfUtils.java:logGet(43)) - raft.server.log.use.memory = false (default)
2019-10-05 00:41:35,309 [pool-77-thread-1] INFO  server.RaftServerConfigKeys (ConfUtils.java:logGet(43)) - raft.server.log.segment.cache.num.max = 2 (custom)
2019-10-05 00:41:35,309 [pool-57-thread-1] INFO  server.RaftServerConfigKeys (ConfUtils.java:logGet(43)) - raft.server.log.use.memory = false (default)
2019-10-05 00:41:35,309 [pool-77-thread-1] INFO  segmented.SegmentedRaftLogWorker (SegmentedRaftLogWorker.java:<init>(173)) - new e6236626-feb7-459f-aa25-8a67d6de6183@group-7D7160C4264B-SegmentedRaftLogWorker for RaftStorage:Storage Directory /workdir/hadoop-ozone/integration-test/target/test-dir/MiniOzoneClusterImpl-d14a9905-b78b-45c8-984a-6d1d0cddd727/datanode-5/data/ratis/316e4758-8aad-4593-9f1f-7d7160c4264b
2019-10-05 00:41:35,309 [pool-27-thread-1] INFO  server.RaftServerConfigKeys (ConfUtils.java:logGet(43)) - raft.server.log.purge.gap = 1000000 (custom)
2019-10-05 00:41:35,309 [pool-77-thread-1] INFO  server.RaftServerConfigKeys (ConfUtils.java:logGet(43)) - raft.server.log.queue.byte-limit = 2147483647 (custom)
2019-10-05 00:41:35,309 [pool-57-thread-1] INFO  server.RaftServerConfigKeys (ConfUtils.java:logGet(43)) - raft.server.log.purge.gap = 1000000 (custom)
2019-10-05 00:41:35,309 [pool-77-thread-1] INFO  server.RaftServerConfigKeys (ConfUtils.java:logGet(43)) - raft.server.log.queue.element-limit = 1024 (custom)
2019-10-05 00:41:35,309 [pool-27-thread-1] INFO  server.RaftServerConfigKeys (ConfUtils.java:logGet(43)) - raft.server.log.appender.buffer.byte-limit = 33554432 (custom)
2019-10-05 00:41:35,310 [pool-77-thread-1] INFO  server.RaftServerConfigKeys (ConfUtils.java:logGet(43)) - raft.server.log.segment.size.max = 1048576 (custom)
2019-10-05 00:41:35,310 [pool-57-thread-1] INFO  server.RaftServerConfigKeys (ConfUtils.java:logGet(43)) - raft.server.log.appender.buffer.byte-limit = 33554432 (custom)
2019-10-05 00:41:35,310 [pool-77-thread-1] INFO  server.RaftServerConfigKeys (ConfUtils.java:logGet(43)) - raft.server.log.preallocated.size = 16384 (custom)
2019-10-05 00:41:35,310 [pool-27-thread-1] INFO  server.RaftServerConfigKeys (ConfUtils.java:logGet(43)) - raft.server.log.segment.size.max = 1048576 (custom)
2019-10-05 00:41:35,310 [pool-77-thread-1] INFO  server.RaftServerConfigKeys (ConfUtils.java:logGet(43)) - raft.server.log.write.buffer.size = 33554432 (custom)
2019-10-05 00:41:35,310 [pool-57-thread-1] INFO  server.RaftServerConfigKeys (ConfUtils.java:logGet(43)) - raft.server.log.segment.size.max = 1048576 (custom)
2019-10-05 00:41:35,310 [pool-77-thread-1] INFO  server.RaftServerConfigKeys (ConfUtils.java:logGet(43)) - raft.server.log.force.sync.num = 128 (default)
2019-10-05 00:41:35,310 [pool-27-thread-1] INFO  server.RaftServerConfigKeys (ConfUtils.java:logGet(43)) - raft.server.log.segment.cache.num.max = 2 (custom)
2019-10-05 00:41:35,310 [pool-77-thread-1] INFO  server.RaftServerConfigKeys (ConfUtils.java:logGet(43)) - raft.server.log.statemachine.data.sync = true (default)
2019-10-05 00:41:35,310 [pool-57-thread-1] INFO  server.RaftServerConfigKeys (ConfUtils.java:logGet(43)) - raft.server.log.segment.cache.num.max = 2 (custom)
2019-10-05 00:41:35,311 [pool-77-thread-1] INFO  server.RaftServerConfigKeys (ConfUtils.java:logGet(43)) - raft.server.log.statemachine.data.sync.timeout = 10s (default)
2019-10-05 00:41:35,311 [pool-27-thread-1] INFO  segmented.SegmentedRaftLogWorker (SegmentedRaftLogWorker.java:<init>(173)) - new b3186dea-d713-4b94-b735-e44dad95efa8@group-7D7160C4264B-SegmentedRaftLogWorker for RaftStorage:Storage Directory /workdir/hadoop-ozone/integration-test/target/test-dir/MiniOzoneClusterImpl-d14a9905-b78b-45c8-984a-6d1d0cddd727/datanode-0/data/ratis/316e4758-8aad-4593-9f1f-7d7160c4264b
2019-10-05 00:41:35,311 [pool-77-thread-1] INFO  server.RaftServerConfigKeys (ConfUtils.java:logGet(43)) - raft.server.log.statemachine.data.sync.timeout.retry = -1 (default)
2019-10-05 00:41:35,311 [pool-57-thread-1] INFO  segmented.SegmentedRaftLogWorker (SegmentedRaftLogWorker.java:<init>(173)) - new 0cfbbb8e-368b-4351-b40c-3060245fa82c@group-7D7160C4264B-SegmentedRaftLogWorker for RaftStorage:Storage Directory /workdir/hadoop-ozone/integration-test/target/test-dir/MiniOzoneClusterImpl-d14a9905-b78b-45c8-984a-6d1d0cddd727/datanode-3/data/ratis/316e4758-8aad-4593-9f1f-7d7160c4264b
2019-10-05 00:41:35,311 [pool-27-thread-1] INFO  server.RaftServerConfigKeys (ConfUtils.java:logGet(43)) - raft.server.log.queue.byte-limit = 2147483647 (custom)
2019-10-05 00:41:35,311 [pool-57-thread-1] INFO  server.RaftServerConfigKeys (ConfUtils.java:logGet(43)) - raft.server.log.queue.byte-limit = 2147483647 (custom)
2019-10-05 00:41:35,311 [pool-77-thread-1] INFO  server.RaftServerConfigKeys (ConfUtils.java:logGet(43)) - raft.server.log.statemachine.data.caching.enabled = true (custom)
2019-10-05 00:41:35,312 [pool-57-thread-1] INFO  server.RaftServerConfigKeys (ConfUtils.java:logGet(43)) - raft.server.log.queue.element-limit = 1024 (custom)
2019-10-05 00:41:35,311 [pool-27-thread-1] INFO  server.RaftServerConfigKeys (ConfUtils.java:logGet(43)) - raft.server.log.queue.element-limit = 1024 (custom)
2019-10-05 00:41:35,312 [pool-77-thread-1] INFO  segmented.SegmentedRaftLogWorker (SegmentedRaftLogWorker.java:lambda$new$0(128)) - e6236626-feb7-459f-aa25-8a67d6de6183@group-7D7160C4264B-SegmentedRaftLogWorker: flushIndex: setUnconditionally 0 -> -1
2019-10-05 00:41:35,312 [pool-57-thread-1] INFO  server.RaftServerConfigKeys (ConfUtils.java:logGet(43)) - raft.server.log.segment.size.max = 1048576 (custom)
2019-10-05 00:41:35,312 [pool-27-thread-1] INFO  server.RaftServerConfigKeys (ConfUtils.java:logGet(43)) - raft.server.log.segment.size.max = 1048576 (custom)
2019-10-05 00:41:35,312 [pool-77-thread-1] INFO  server.RaftServerConfigKeys (ConfUtils.java:logGet(43)) - raft.server.snapshot.auto.trigger.enabled = true (custom)
2019-10-05 00:41:35,312 [pool-57-thread-1] INFO  server.RaftServerConfigKeys (ConfUtils.java:logGet(43)) - raft.server.log.preallocated.size = 16384 (custom)
2019-10-05 00:41:35,312 [pool-77-thread-1] INFO  server.RaftServerConfigKeys (ConfUtils.java:logGet(43)) - raft.server.snapshot.auto.trigger.threshold = 10000 (custom)
2019-10-05 00:41:35,312 [pool-27-thread-1] INFO  server.RaftServerConfigKeys (ConfUtils.java:logGet(43)) - raft.server.log.preallocated.size = 16384 (custom)
2019-10-05 00:41:35,313 [pool-77-thread-1] INFO  server.RaftServerConfigKeys (ConfUtils.java:logGet(43)) - raft.server.snapshot.retention.file.num = 5 (custom)
2019-10-05 00:41:35,312 [pool-57-thread-1] INFO  server.RaftServerConfigKeys (ConfUtils.java:logGet(43)) - raft.server.log.write.buffer.size = 33554432 (custom)
2019-10-05 00:41:35,313 [pool-77-thread-1] INFO  server.RaftServerConfigKeys (ConfUtils.java:logGet(43)) - raft.server.retrycache.expirytime = 600000ms (custom)
2019-10-05 00:41:35,313 [pool-57-thread-1] INFO  server.RaftServerConfigKeys (ConfUtils.java:logGet(43)) - raft.server.log.force.sync.num = 128 (default)
2019-10-05 00:41:35,313 [pool-27-thread-1] INFO  server.RaftServerConfigKeys (ConfUtils.java:logGet(43)) - raft.server.log.write.buffer.size = 33554432 (custom)
2019-10-05 00:41:35,313 [pool-57-thread-1] INFO  server.RaftServerConfigKeys (ConfUtils.java:logGet(43)) - raft.server.log.statemachine.data.sync = true (default)
2019-10-05 00:41:35,313 [pool-27-thread-1] INFO  server.RaftServerConfigKeys (ConfUtils.java:logGet(43)) - raft.server.log.force.sync.num = 128 (default)
2019-10-05 00:41:35,313 [pool-57-thread-1] INFO  server.RaftServerConfigKeys (ConfUtils.java:logGet(43)) - raft.server.log.statemachine.data.sync.timeout = 10s (default)
2019-10-05 00:41:35,314 [pool-27-thread-1] INFO  server.RaftServerConfigKeys (ConfUtils.java:logGet(43)) - raft.server.log.statemachine.data.sync = true (default)
2019-10-05 00:41:35,314 [pool-57-thread-1] INFO  server.RaftServerConfigKeys (ConfUtils.java:logGet(43)) - raft.server.log.statemachine.data.sync.timeout.retry = -1 (default)
2019-10-05 00:41:35,314 [pool-27-thread-1] INFO  server.RaftServerConfigKeys (ConfUtils.java:logGet(43)) - raft.server.log.statemachine.data.sync.timeout = 10s (default)
2019-10-05 00:41:35,314 [pool-57-thread-1] INFO  server.RaftServerConfigKeys (ConfUtils.java:logGet(43)) - raft.server.log.statemachine.data.caching.enabled = true (custom)
2019-10-05 00:41:35,314 [pool-27-thread-1] INFO  server.RaftServerConfigKeys (ConfUtils.java:logGet(43)) - raft.server.log.statemachine.data.sync.timeout.retry = -1 (default)
2019-10-05 00:41:35,314 [pool-57-thread-1] INFO  segmented.SegmentedRaftLogWorker (SegmentedRaftLogWorker.java:lambda$new$0(128)) - 0cfbbb8e-368b-4351-b40c-3060245fa82c@group-7D7160C4264B-SegmentedRaftLogWorker: flushIndex: setUnconditionally 0 -> -1
2019-10-05 00:41:35,315 [pool-27-thread-1] INFO  server.RaftServerConfigKeys (ConfUtils.java:logGet(43)) - raft.server.log.statemachine.data.caching.enabled = true (custom)
2019-10-05 00:41:35,315 [pool-57-thread-1] INFO  server.RaftServerConfigKeys (ConfUtils.java:logGet(43)) - raft.server.snapshot.auto.trigger.enabled = true (custom)
2019-10-05 00:41:35,315 [pool-57-thread-1] INFO  server.RaftServerConfigKeys (ConfUtils.java:logGet(43)) - raft.server.snapshot.auto.trigger.threshold = 10000 (custom)
2019-10-05 00:41:35,315 [pool-27-thread-1] INFO  segmented.SegmentedRaftLogWorker (SegmentedRaftLogWorker.java:lambda$new$0(128)) - b3186dea-d713-4b94-b735-e44dad95efa8@group-7D7160C4264B-SegmentedRaftLogWorker: flushIndex: setUnconditionally 0 -> -1
2019-10-05 00:41:35,315 [pool-57-thread-1] INFO  server.RaftServerConfigKeys (ConfUtils.java:logGet(43)) - raft.server.snapshot.retention.file.num = 5 (custom)
2019-10-05 00:41:35,315 [pool-57-thread-1] INFO  server.RaftServerConfigKeys (ConfUtils.java:logGet(43)) - raft.server.retrycache.expirytime = 600000ms (custom)
2019-10-05 00:41:35,315 [pool-27-thread-1] INFO  server.RaftServerConfigKeys (ConfUtils.java:logGet(43)) - raft.server.snapshot.auto.trigger.enabled = true (custom)
2019-10-05 00:41:35,316 [pool-77-thread-1] INFO  impl.RaftServerImpl (RaftServerImpl.java:start(181)) - e6236626-feb7-459f-aa25-8a67d6de6183@group-7D7160C4264B: start as a follower, conf=-1: [b3186dea-d713-4b94-b735-e44dad95efa8:192.168.164.251:38285, e6236626-feb7-459f-aa25-8a67d6de6183:192.168.164.251:33107, 0cfbbb8e-368b-4351-b40c-3060245fa82c:192.168.164.251:41664], old=null
2019-10-05 00:41:35,316 [pool-27-thread-1] INFO  server.RaftServerConfigKeys (ConfUtils.java:logGet(43)) - raft.server.snapshot.auto.trigger.threshold = 10000 (custom)
2019-10-05 00:41:35,316 [pool-77-thread-1] INFO  impl.RaftServerImpl (RaftServerImpl.java:setRole(170)) - e6236626-feb7-459f-aa25-8a67d6de6183@group-7D7160C4264B: changes role from      null to FOLLOWER at term 0 for startAsFollower
2019-10-05 00:41:35,316 [pool-27-thread-1] INFO  server.RaftServerConfigKeys (ConfUtils.java:logGet(43)) - raft.server.snapshot.retention.file.num = 5 (custom)
2019-10-05 00:41:35,316 [pool-77-thread-1] INFO  impl.RoleInfo (RoleInfo.java:updateAndGet(143)) - e6236626-feb7-459f-aa25-8a67d6de6183: start FollowerState
2019-10-05 00:41:35,316 [pool-27-thread-1] INFO  server.RaftServerConfigKeys (ConfUtils.java:logGet(43)) - raft.server.retrycache.expirytime = 600000ms (custom)
2019-10-05 00:41:35,316 [pool-77-thread-1] INFO  util.JmxRegister (JmxRegister.java:tryRegister(44)) - Successfully registered JMX Bean with object name Ratis:service=RaftServer,group=group-7D7160C4264B,id=e6236626-feb7-459f-aa25-8a67d6de6183
2019-10-05 00:41:35,320 [pool-57-thread-1] INFO  impl.RaftServerImpl (RaftServerImpl.java:start(181)) - 0cfbbb8e-368b-4351-b40c-3060245fa82c@group-7D7160C4264B: start as a follower, conf=-1: [b3186dea-d713-4b94-b735-e44dad95efa8:192.168.164.251:38285, e6236626-feb7-459f-aa25-8a67d6de6183:192.168.164.251:33107, 0cfbbb8e-368b-4351-b40c-3060245fa82c:192.168.164.251:41664], old=null
2019-10-05 00:41:35,321 [pool-57-thread-1] INFO  impl.RaftServerImpl (RaftServerImpl.java:setRole(170)) - 0cfbbb8e-368b-4351-b40c-3060245fa82c@group-7D7160C4264B: changes role from      null to FOLLOWER at term 0 for startAsFollower
2019-10-05 00:41:35,321 [pool-57-thread-1] INFO  impl.RoleInfo (RoleInfo.java:updateAndGet(143)) - 0cfbbb8e-368b-4351-b40c-3060245fa82c: start FollowerState
2019-10-05 00:41:35,321 [pool-57-thread-1] INFO  util.JmxRegister (JmxRegister.java:tryRegister(44)) - Successfully registered JMX Bean with object name Ratis:service=RaftServer,group=group-7D7160C4264B,id=0cfbbb8e-368b-4351-b40c-3060245fa82c
2019-10-05 00:41:35,323 [pool-27-thread-1] INFO  impl.RaftServerImpl (RaftServerImpl.java:start(181)) - b3186dea-d713-4b94-b735-e44dad95efa8@group-7D7160C4264B: start as a follower, conf=-1: [b3186dea-d713-4b94-b735-e44dad95efa8:192.168.164.251:38285, e6236626-feb7-459f-aa25-8a67d6de6183:192.168.164.251:33107, 0cfbbb8e-368b-4351-b40c-3060245fa82c:192.168.164.251:41664], old=null
2019-10-05 00:41:35,323 [pool-27-thread-1] INFO  impl.RaftServerImpl (RaftServerImpl.java:setRole(170)) - b3186dea-d713-4b94-b735-e44dad95efa8@group-7D7160C4264B: changes role from      null to FOLLOWER at term 0 for startAsFollower
2019-10-05 00:41:35,323 [pool-27-thread-1] INFO  impl.RoleInfo (RoleInfo.java:updateAndGet(143)) - b3186dea-d713-4b94-b735-e44dad95efa8: start FollowerState
2019-10-05 00:41:35,324 [pool-27-thread-1] INFO  util.JmxRegister (JmxRegister.java:tryRegister(44)) - Successfully registered JMX Bean with object name Ratis:service=RaftServer,group=group-7D7160C4264B,id=b3186dea-d713-4b94-b735-e44dad95efa8
2019-10-05 00:41:35,346 [RatisPipelineUtilsThread] INFO  pipeline.PipelineStateManager (PipelineStateManager.java:addPipeline(56)) - Created pipeline Pipeline[ Id: 316e4758-8aad-4593-9f1f-7d7160c4264b, Nodes: b3186dea-d713-4b94-b735-e44dad95efa8{ip: 192.168.164.251, host: pr-hdds-2204-lb5qm-2726860912, networkLocation: /default-rack, certSerialId: null}0cfbbb8e-368b-4351-b40c-3060245fa82c{ip: 192.168.164.251, host: pr-hdds-2204-lb5qm-2726860912, networkLocation: /default-rack, certSerialId: null}e6236626-feb7-459f-aa25-8a67d6de6183{ip: 192.168.164.251, host: pr-hdds-2204-lb5qm-2726860912, networkLocation: /default-rack, certSerialId: null}, Type:RATIS, Factor:THREE, State:OPEN]
2019-10-05 00:41:35,378 [grpc-default-executor-0] INFO  impl.RaftServerProxy (RaftServerProxy.java:addNew(89)) - 7fe15ca9-669d-41ff-98c1-d7fb199ea5a9: addNew group-BE7BEB78CA86:[7fe15ca9-669d-41ff-98c1-d7fb199ea5a9:192.168.164.251:33122, ec6ed5d8-da6b-4b29-b1fb-11a9b6f3cc90:192.168.164.251:43062, 940ba36b-0df7-4bc7-a76f-c977d596cba9:192.168.164.251:38078] returns group-BE7BEB78CA86:java.util.concurrent.CompletableFuture@5b57dd66[Not completed]
2019-10-05 00:41:35,382 [grpc-default-executor-0] INFO  impl.RaftServerProxy (RaftServerProxy.java:addNew(89)) - 940ba36b-0df7-4bc7-a76f-c977d596cba9: addNew group-BE7BEB78CA86:[7fe15ca9-669d-41ff-98c1-d7fb199ea5a9:192.168.164.251:33122, ec6ed5d8-da6b-4b29-b1fb-11a9b6f3cc90:192.168.164.251:43062, 940ba36b-0df7-4bc7-a76f-c977d596cba9:192.168.164.251:38078] returns group-BE7BEB78CA86:java.util.concurrent.CompletableFuture@643d393f[Not completed]
2019-10-05 00:41:35,382 [grpc-default-executor-2] INFO  impl.RaftServerProxy (RaftServerProxy.java:addNew(89)) - ec6ed5d8-da6b-4b29-b1fb-11a9b6f3cc90: addNew group-BE7BEB78CA86:[7fe15ca9-669d-41ff-98c1-d7fb199ea5a9:192.168.164.251:33122, ec6ed5d8-da6b-4b29-b1fb-11a9b6f3cc90:192.168.164.251:43062, 940ba36b-0df7-4bc7-a76f-c977d596cba9:192.168.164.251:38078] returns group-BE7BEB78CA86:java.util.concurrent.CompletableFuture@11c85584[Not completed]
2019-10-05 00:41:35,385 [pool-47-thread-1] INFO  impl.RaftServerImpl (RaftServerImpl.java:<init>(95)) - 7fe15ca9-669d-41ff-98c1-d7fb199ea5a9: new RaftServerImpl for group-BE7BEB78CA86:[7fe15ca9-669d-41ff-98c1-d7fb199ea5a9:192.168.164.251:33122, ec6ed5d8-da6b-4b29-b1fb-11a9b6f3cc90:192.168.164.251:43062, 940ba36b-0df7-4bc7-a76f-c977d596cba9:192.168.164.251:38078] with ContainerStateMachine:uninitialized
2019-10-05 00:41:35,385 [pool-47-thread-1] INFO  server.RaftServerConfigKeys (ConfUtils.java:logGet(43)) - raft.server.rpc.timeout.min = 5s (custom)
2019-10-05 00:41:35,386 [pool-47-thread-1] INFO  server.RaftServerConfigKeys (ConfUtils.java:logGet(43)) - raft.server.rpc.timeout.max = 5200ms (custom)
2019-10-05 00:41:35,386 [pool-47-thread-1] INFO  server.RaftServerConfigKeys (ConfUtils.java:logGet(43)) - raft.server.rpcslowness.timeout = 120s (custom)
2019-10-05 00:41:35,386 [pool-47-thread-1] INFO  server.RaftServerConfigKeys (ConfUtils.java:logGet(43)) - raft.server.sleep.deviation.threshold = 300 (default)
2019-10-05 00:41:35,386 [pool-47-thread-1] INFO  server.RaftServerConfigKeys (ConfUtils.java:logGet(43)) - raft.server.log.appender.install.snapshot.enabled = false (custom)
2019-10-05 00:41:35,387 [pool-87-thread-1] INFO  impl.RaftServerImpl (RaftServerImpl.java:<init>(95)) - ec6ed5d8-da6b-4b29-b1fb-11a9b6f3cc90: new RaftServerImpl for group-BE7BEB78CA86:[7fe15ca9-669d-41ff-98c1-d7fb199ea5a9:192.168.164.251:33122, ec6ed5d8-da6b-4b29-b1fb-11a9b6f3cc90:192.168.164.251:43062, 940ba36b-0df7-4bc7-a76f-c977d596cba9:192.168.164.251:38078] with ContainerStateMachine:uninitialized
2019-10-05 00:41:35,387 [pool-47-thread-1] INFO  impl.RaftServerImpl (ServerState.java:<init>(103)) - 7fe15ca9-669d-41ff-98c1-d7fb199ea5a9@group-BE7BEB78CA86: ConfigurationManager, init=-1: [7fe15ca9-669d-41ff-98c1-d7fb199ea5a9:192.168.164.251:33122, ec6ed5d8-da6b-4b29-b1fb-11a9b6f3cc90:192.168.164.251:43062, 940ba36b-0df7-4bc7-a76f-c977d596cba9:192.168.164.251:38078], old=null, confs=<EMPTY_MAP>
2019-10-05 00:41:35,387 [pool-87-thread-1] INFO  server.RaftServerConfigKeys (ConfUtils.java:logGet(43)) - raft.server.rpc.timeout.min = 5s (custom)
2019-10-05 00:41:35,387 [pool-47-thread-1] INFO  server.RaftServerConfigKeys (ConfUtils.java:logGet(43)) - raft.server.storage.dir = [/workdir/hadoop-ozone/integration-test/target/test-dir/MiniOzoneClusterImpl-d14a9905-b78b-45c8-984a-6d1d0cddd727/datanode-2/data/ratis] (custom)
2019-10-05 00:41:35,387 [pool-87-thread-1] INFO  server.RaftServerConfigKeys (ConfUtils.java:logGet(43)) - raft.server.rpc.timeout.max = 5200ms (custom)
2019-10-05 00:41:35,387 [pool-87-thread-1] INFO  server.RaftServerConfigKeys (ConfUtils.java:logGet(43)) - raft.server.rpcslowness.timeout = 120s (custom)
2019-10-05 00:41:35,388 [pool-87-thread-1] INFO  server.RaftServerConfigKeys (ConfUtils.java:logGet(43)) - raft.server.sleep.deviation.threshold = 300 (default)
2019-10-05 00:41:35,388 [pool-47-thread-1] INFO  server.RaftServerConfigKeys (ConfUtils.java:logGet(43)) - raft.server.log.corruption.policy = EXCEPTION (default)
2019-10-05 00:41:35,388 [pool-87-thread-1] INFO  server.RaftServerConfigKeys (ConfUtils.java:logGet(43)) - raft.server.log.appender.install.snapshot.enabled = false (custom)
2019-10-05 00:41:35,388 [pool-37-thread-1] INFO  impl.RaftServerImpl (RaftServerImpl.java:<init>(95)) - 940ba36b-0df7-4bc7-a76f-c977d596cba9: new RaftServerImpl for group-BE7BEB78CA86:[7fe15ca9-669d-41ff-98c1-d7fb199ea5a9:192.168.164.251:33122, ec6ed5d8-da6b-4b29-b1fb-11a9b6f3cc90:192.168.164.251:43062, 940ba36b-0df7-4bc7-a76f-c977d596cba9:192.168.164.251:38078] with ContainerStateMachine:uninitialized
2019-10-05 00:41:35,388 [pool-87-thread-1] INFO  impl.RaftServerImpl (ServerState.java:<init>(103)) - ec6ed5d8-da6b-4b29-b1fb-11a9b6f3cc90@group-BE7BEB78CA86: ConfigurationManager, init=-1: [7fe15ca9-669d-41ff-98c1-d7fb199ea5a9:192.168.164.251:33122, ec6ed5d8-da6b-4b29-b1fb-11a9b6f3cc90:192.168.164.251:43062, 940ba36b-0df7-4bc7-a76f-c977d596cba9:192.168.164.251:38078], old=null, confs=<EMPTY_MAP>
2019-10-05 00:41:35,388 [pool-47-thread-1] INFO  storage.RaftStorageDirectory (RaftStorageDirectory.java:analyzeStorage(246)) - The storage directory /workdir/hadoop-ozone/integration-test/target/test-dir/MiniOzoneClusterImpl-d14a9905-b78b-45c8-984a-6d1d0cddd727/datanode-2/data/ratis/b9bb99bc-4ba1-45cf-b375-be7beb78ca86 does not exist. Creating ...
2019-10-05 00:41:35,388 [pool-87-thread-1] INFO  server.RaftServerConfigKeys (ConfUtils.java:logGet(43)) - raft.server.storage.dir = [/workdir/hadoop-ozone/integration-test/target/test-dir/MiniOzoneClusterImpl-d14a9905-b78b-45c8-984a-6d1d0cddd727/datanode-6/data/ratis] (custom)
2019-10-05 00:41:35,388 [pool-37-thread-1] INFO  server.RaftServerConfigKeys (ConfUtils.java:logGet(43)) - raft.server.rpc.timeout.min = 5s (custom)
2019-10-05 00:41:35,389 [pool-37-thread-1] INFO  server.RaftServerConfigKeys (ConfUtils.java:logGet(43)) - raft.server.rpc.timeout.max = 5200ms (custom)
2019-10-05 00:41:35,389 [pool-87-thread-1] INFO  server.RaftServerConfigKeys (ConfUtils.java:logGet(43)) - raft.server.log.corruption.policy = EXCEPTION (default)
2019-10-05 00:41:35,389 [pool-37-thread-1] INFO  server.RaftServerConfigKeys (ConfUtils.java:logGet(43)) - raft.server.rpcslowness.timeout = 120s (custom)
2019-10-05 00:41:35,389 [pool-87-thread-1] INFO  storage.RaftStorageDirectory (RaftStorageDirectory.java:analyzeStorage(246)) - The storage directory /workdir/hadoop-ozone/integration-test/target/test-dir/MiniOzoneClusterImpl-d14a9905-b78b-45c8-984a-6d1d0cddd727/datanode-6/data/ratis/b9bb99bc-4ba1-45cf-b375-be7beb78ca86 does not exist. Creating ...
2019-10-05 00:41:35,389 [pool-37-thread-1] INFO  server.RaftServerConfigKeys (ConfUtils.java:logGet(43)) - raft.server.sleep.deviation.threshold = 300 (default)
2019-10-05 00:41:35,389 [pool-37-thread-1] INFO  server.RaftServerConfigKeys (ConfUtils.java:logGet(43)) - raft.server.log.appender.install.snapshot.enabled = false (custom)
2019-10-05 00:41:35,390 [pool-37-thread-1] INFO  impl.RaftServerImpl (ServerState.java:<init>(103)) - 940ba36b-0df7-4bc7-a76f-c977d596cba9@group-BE7BEB78CA86: ConfigurationManager, init=-1: [7fe15ca9-669d-41ff-98c1-d7fb199ea5a9:192.168.164.251:33122, ec6ed5d8-da6b-4b29-b1fb-11a9b6f3cc90:192.168.164.251:43062, 940ba36b-0df7-4bc7-a76f-c977d596cba9:192.168.164.251:38078], old=null, confs=<EMPTY_MAP>
2019-10-05 00:41:35,390 [pool-37-thread-1] INFO  server.RaftServerConfigKeys (ConfUtils.java:logGet(43)) - raft.server.storage.dir = [/workdir/hadoop-ozone/integration-test/target/test-dir/MiniOzoneClusterImpl-d14a9905-b78b-45c8-984a-6d1d0cddd727/datanode-1/data/ratis] (custom)
2019-10-05 00:41:35,390 [pool-37-thread-1] INFO  server.RaftServerConfigKeys (ConfUtils.java:logGet(43)) - raft.server.log.corruption.policy = EXCEPTION (default)
2019-10-05 00:41:35,390 [pool-37-thread-1] INFO  storage.RaftStorageDirectory (RaftStorageDirectory.java:analyzeStorage(246)) - The storage directory /workdir/hadoop-ozone/integration-test/target/test-dir/MiniOzoneClusterImpl-d14a9905-b78b-45c8-984a-6d1d0cddd727/datanode-1/data/ratis/b9bb99bc-4ba1-45cf-b375-be7beb78ca86 does not exist. Creating ...
2019-10-05 00:41:35,416 [pool-47-thread-1] INFO  storage.RaftStorageDirectory (RaftStorageDirectory.java:tryLock(328)) - Lock on /workdir/hadoop-ozone/integration-test/target/test-dir/MiniOzoneClusterImpl-d14a9905-b78b-45c8-984a-6d1d0cddd727/datanode-2/data/ratis/b9bb99bc-4ba1-45cf-b375-be7beb78ca86/in_use.lock acquired by nodename 1738@pr-hdds-2204-lb5qm-2726860912
2019-10-05 00:41:35,416 [pool-37-thread-1] INFO  storage.RaftStorageDirectory (RaftStorageDirectory.java:tryLock(328)) - Lock on /workdir/hadoop-ozone/integration-test/target/test-dir/MiniOzoneClusterImpl-d14a9905-b78b-45c8-984a-6d1d0cddd727/datanode-1/data/ratis/b9bb99bc-4ba1-45cf-b375-be7beb78ca86/in_use.lock acquired by nodename 1738@pr-hdds-2204-lb5qm-2726860912
2019-10-05 00:41:35,416 [pool-87-thread-1] INFO  storage.RaftStorageDirectory (RaftStorageDirectory.java:tryLock(328)) - Lock on /workdir/hadoop-ozone/integration-test/target/test-dir/MiniOzoneClusterImpl-d14a9905-b78b-45c8-984a-6d1d0cddd727/datanode-6/data/ratis/b9bb99bc-4ba1-45cf-b375-be7beb78ca86/in_use.lock acquired by nodename 1738@pr-hdds-2204-lb5qm-2726860912
2019-10-05 00:41:35,442 [pool-87-thread-1] INFO  storage.RaftStorage (RaftStorage.java:format(84)) - Storage directory /workdir/hadoop-ozone/integration-test/target/test-dir/MiniOzoneClusterImpl-d14a9905-b78b-45c8-984a-6d1d0cddd727/datanode-6/data/ratis/b9bb99bc-4ba1-45cf-b375-be7beb78ca86 has been successfully formatted.
2019-10-05 00:41:35,442 [pool-37-thread-1] INFO  storage.RaftStorage (RaftStorage.java:format(84)) - Storage directory /workdir/hadoop-ozone/integration-test/target/test-dir/MiniOzoneClusterImpl-d14a9905-b78b-45c8-984a-6d1d0cddd727/datanode-1/data/ratis/b9bb99bc-4ba1-45cf-b375-be7beb78ca86 has been successfully formatted.
2019-10-05 00:41:35,442 [pool-47-thread-1] INFO  storage.RaftStorage (RaftStorage.java:format(84)) - Storage directory /workdir/hadoop-ozone/integration-test/target/test-dir/MiniOzoneClusterImpl-d14a9905-b78b-45c8-984a-6d1d0cddd727/datanode-2/data/ratis/b9bb99bc-4ba1-45cf-b375-be7beb78ca86 has been successfully formatted.
2019-10-05 00:41:35,442 [pool-87-thread-1] INFO  ratis.ContainerStateMachine (ContainerStateMachine.java:loadSnapshot(230)) - group-BE7BEB78CA86: The snapshot info is null. Setting the last applied indexto:(t:0, i:~)
2019-10-05 00:41:35,443 [pool-47-thread-1] INFO  ratis.ContainerStateMachine (ContainerStateMachine.java:loadSnapshot(230)) - group-BE7BEB78CA86: The snapshot info is null. Setting the last applied indexto:(t:0, i:~)
2019-10-05 00:41:35,443 [pool-37-thread-1] INFO  ratis.ContainerStateMachine (ContainerStateMachine.java:loadSnapshot(230)) - group-BE7BEB78CA86: The snapshot info is null. Setting the last applied indexto:(t:0, i:~)
2019-10-05 00:41:35,445 [pool-47-thread-1] INFO  server.RaftServerConfigKeys (ConfUtils.java:logGet(43)) - raft.server.notification.no-leader.timeout = 120s (custom)
2019-10-05 00:41:35,443 [pool-87-thread-1] INFO  server.RaftServerConfigKeys (ConfUtils.java:logGet(43)) - raft.server.notification.no-leader.timeout = 120s (custom)
2019-10-05 00:41:35,446 [pool-47-thread-1] INFO  server.RaftServerConfigKeys (ConfUtils.java:logGet(43)) - raft.server.log.use.memory = false (default)
2019-10-05 00:41:35,446 [pool-37-thread-1] INFO  server.RaftServerConfigKeys (ConfUtils.java:logGet(43)) - raft.server.notification.no-leader.timeout = 120s (custom)
2019-10-05 00:41:35,446 [pool-47-thread-1] INFO  server.RaftServerConfigKeys (ConfUtils.java:logGet(43)) - raft.server.log.purge.gap = 1000000 (custom)
2019-10-05 00:41:35,446 [pool-87-thread-1] INFO  server.RaftServerConfigKeys (ConfUtils.java:logGet(43)) - raft.server.log.use.memory = false (default)
2019-10-05 00:41:35,446 [pool-47-thread-1] INFO  server.RaftServerConfigKeys (ConfUtils.java:logGet(43)) - raft.server.log.appender.buffer.byte-limit = 33554432 (custom)
2019-10-05 00:41:35,446 [pool-37-thread-1] INFO  server.RaftServerConfigKeys (ConfUtils.java:logGet(43)) - raft.server.log.use.memory = false (default)
2019-10-05 00:41:35,447 [pool-47-thread-1] INFO  server.RaftServerConfigKeys (ConfUtils.java:logGet(43)) - raft.server.log.segment.size.max = 1048576 (custom)
2019-10-05 00:41:35,447 [pool-87-thread-1] INFO  server.RaftServerConfigKeys (ConfUtils.java:logGet(43)) - raft.server.log.purge.gap = 1000000 (custom)
2019-10-05 00:41:35,447 [pool-47-thread-1] INFO  server.RaftServerConfigKeys (ConfUtils.java:logGet(43)) - raft.server.log.segment.cache.num.max = 2 (custom)
2019-10-05 00:41:35,447 [pool-37-thread-1] INFO  server.RaftServerConfigKeys (ConfUtils.java:logGet(43)) - raft.server.log.purge.gap = 1000000 (custom)
2019-10-05 00:41:35,448 [pool-47-thread-1] INFO  segmented.SegmentedRaftLogWorker (SegmentedRaftLogWorker.java:<init>(173)) - new 7fe15ca9-669d-41ff-98c1-d7fb199ea5a9@group-BE7BEB78CA86-SegmentedRaftLogWorker for RaftStorage:Storage Directory /workdir/hadoop-ozone/integration-test/target/test-dir/MiniOzoneClusterImpl-d14a9905-b78b-45c8-984a-6d1d0cddd727/datanode-2/data/ratis/b9bb99bc-4ba1-45cf-b375-be7beb78ca86
2019-10-05 00:41:35,447 [pool-87-thread-1] INFO  server.RaftServerConfigKeys (ConfUtils.java:logGet(43)) - raft.server.log.appender.buffer.byte-limit = 33554432 (custom)
2019-10-05 00:41:35,448 [pool-47-thread-1] INFO  server.RaftServerConfigKeys (ConfUtils.java:logGet(43)) - raft.server.log.queue.byte-limit = 2147483647 (custom)
2019-10-05 00:41:35,448 [pool-37-thread-1] INFO  server.RaftServerConfigKeys (ConfUtils.java:logGet(43)) - raft.server.log.appender.buffer.byte-limit = 33554432 (custom)
2019-10-05 00:41:35,448 [pool-47-thread-1] INFO  server.RaftServerConfigKeys (ConfUtils.java:logGet(43)) - raft.server.log.queue.element-limit = 1024 (custom)
2019-10-05 00:41:35,448 [pool-87-thread-1] INFO  server.RaftServerConfigKeys (ConfUtils.java:logGet(43)) - raft.server.log.segment.size.max = 1048576 (custom)
2019-10-05 00:41:35,449 [pool-47-thread-1] INFO  server.RaftServerConfigKeys (ConfUtils.java:logGet(43)) - raft.server.log.segment.size.max = 1048576 (custom)
2019-10-05 00:41:35,448 [pool-37-thread-1] INFO  server.RaftServerConfigKeys (ConfUtils.java:logGet(43)) - raft.server.log.segment.size.max = 1048576 (custom)
2019-10-05 00:41:35,449 [pool-47-thread-1] INFO  server.RaftServerConfigKeys (ConfUtils.java:logGet(43)) - raft.server.log.preallocated.size = 16384 (custom)
2019-10-05 00:41:35,449 [pool-47-thread-1] INFO  server.RaftServerConfigKeys (ConfUtils.java:logGet(43)) - raft.server.log.write.buffer.size = 33554432 (custom)
2019-10-05 00:41:35,449 [pool-87-thread-1] INFO  server.RaftServerConfigKeys (ConfUtils.java:logGet(43)) - raft.server.log.segment.cache.num.max = 2 (custom)
2019-10-05 00:41:35,450 [pool-47-thread-1] INFO  server.RaftServerConfigKeys (ConfUtils.java:logGet(43)) - raft.server.log.force.sync.num = 128 (default)
2019-10-05 00:41:35,449 [pool-37-thread-1] INFO  server.RaftServerConfigKeys (ConfUtils.java:logGet(43)) - raft.server.log.segment.cache.num.max = 2 (custom)
2019-10-05 00:41:35,450 [pool-47-thread-1] INFO  server.RaftServerConfigKeys (ConfUtils.java:logGet(43)) - raft.server.log.statemachine.data.sync = true (default)
2019-10-05 00:41:35,450 [pool-87-thread-1] INFO  segmented.SegmentedRaftLogWorker (SegmentedRaftLogWorker.java:<init>(173)) - new ec6ed5d8-da6b-4b29-b1fb-11a9b6f3cc90@group-BE7BEB78CA86-SegmentedRaftLogWorker for RaftStorage:Storage Directory /workdir/hadoop-ozone/integration-test/target/test-dir/MiniOzoneClusterImpl-d14a9905-b78b-45c8-984a-6d1d0cddd727/datanode-6/data/ratis/b9bb99bc-4ba1-45cf-b375-be7beb78ca86
2019-10-05 00:41:35,450 [pool-47-thread-1] INFO  server.RaftServerConfigKeys (ConfUtils.java:logGet(43)) - raft.server.log.statemachine.data.sync.timeout = 10s (default)
2019-10-05 00:41:35,450 [pool-37-thread-1] INFO  segmented.SegmentedRaftLogWorker (SegmentedRaftLogWorker.java:<init>(173)) - new 940ba36b-0df7-4bc7-a76f-c977d596cba9@group-BE7BEB78CA86-SegmentedRaftLogWorker for RaftStorage:Storage Directory /workdir/hadoop-ozone/integration-test/target/test-dir/MiniOzoneClusterImpl-d14a9905-b78b-45c8-984a-6d1d0cddd727/datanode-1/data/ratis/b9bb99bc-4ba1-45cf-b375-be7beb78ca86
2019-10-05 00:41:35,451 [pool-47-thread-1] INFO  server.RaftServerConfigKeys (ConfUtils.java:logGet(43)) - raft.server.log.statemachine.data.sync.timeout.retry = -1 (default)
2019-10-05 00:41:35,451 [pool-87-thread-1] INFO  server.RaftServerConfigKeys (ConfUtils.java:logGet(43)) - raft.server.log.queue.byte-limit = 2147483647 (custom)
2019-10-05 00:41:35,451 [pool-47-thread-1] INFO  server.RaftServerConfigKeys (ConfUtils.java:logGet(43)) - raft.server.log.statemachine.data.caching.enabled = true (custom)
2019-10-05 00:41:35,451 [pool-37-thread-1] INFO  server.RaftServerConfigKeys (ConfUtils.java:logGet(43)) - raft.server.log.queue.byte-limit = 2147483647 (custom)
2019-10-05 00:41:35,451 [pool-87-thread-1] INFO  server.RaftServerConfigKeys (ConfUtils.java:logGet(43)) - raft.server.log.queue.element-limit = 1024 (custom)
2019-10-05 00:41:35,452 [pool-47-thread-1] INFO  segmented.SegmentedRaftLogWorker (SegmentedRaftLogWorker.java:lambda$new$0(128)) - 7fe15ca9-669d-41ff-98c1-d7fb199ea5a9@group-BE7BEB78CA86-SegmentedRaftLogWorker: flushIndex: setUnconditionally 0 -> -1
2019-10-05 00:41:35,452 [pool-37-thread-1] INFO  server.RaftServerConfigKeys (ConfUtils.java:logGet(43)) - raft.server.log.queue.element-limit = 1024 (custom)
2019-10-05 00:41:35,455 [pool-87-thread-1] INFO  server.RaftServerConfigKeys (ConfUtils.java:logGet(43)) - raft.server.log.segment.size.max = 1048576 (custom)
2019-10-05 00:41:35,455 [pool-37-thread-1] INFO  server.RaftServerConfigKeys (ConfUtils.java:logGet(43)) - raft.server.log.segment.size.max = 1048576 (custom)
2019-10-05 00:41:35,455 [pool-47-thread-1] INFO  server.RaftServerConfigKeys (ConfUtils.java:logGet(43)) - raft.server.snapshot.auto.trigger.enabled = true (custom)
2019-10-05 00:41:35,455 [pool-37-thread-1] INFO  server.RaftServerConfigKeys (ConfUtils.java:logGet(43)) - raft.server.log.preallocated.size = 16384 (custom)
2019-10-05 00:41:35,455 [pool-87-thread-1] INFO  server.RaftServerConfigKeys (ConfUtils.java:logGet(43)) - raft.server.log.preallocated.size = 16384 (custom)
2019-10-05 00:41:35,456 [pool-37-thread-1] INFO  server.RaftServerConfigKeys (ConfUtils.java:logGet(43)) - raft.server.log.write.buffer.size = 33554432 (custom)
2019-10-05 00:41:35,456 [pool-47-thread-1] INFO  server.RaftServerConfigKeys (ConfUtils.java:logGet(43)) - raft.server.snapshot.auto.trigger.threshold = 10000 (custom)
2019-10-05 00:41:35,456 [pool-37-thread-1] INFO  server.RaftServerConfigKeys (ConfUtils.java:logGet(43)) - raft.server.log.force.sync.num = 128 (default)
2019-10-05 00:41:35,456 [pool-87-thread-1] INFO  server.RaftServerConfigKeys (ConfUtils.java:logGet(43)) - raft.server.log.write.buffer.size = 33554432 (custom)
2019-10-05 00:41:35,459 [pool-37-thread-1] INFO  server.RaftServerConfigKeys (ConfUtils.java:logGet(43)) - raft.server.log.statemachine.data.sync = true (default)
2019-10-05 00:41:35,456 [pool-47-thread-1] INFO  server.RaftServerConfigKeys (ConfUtils.java:logGet(43)) - raft.server.snapshot.retention.file.num = 5 (custom)
2019-10-05 00:41:35,459 [pool-37-thread-1] INFO  server.RaftServerConfigKeys (ConfUtils.java:logGet(43)) - raft.server.log.statemachine.data.sync.timeout = 10s (default)
2019-10-05 00:41:35,460 [pool-47-thread-1] INFO  server.RaftServerConfigKeys (ConfUtils.java:logGet(43)) - raft.server.retrycache.expirytime = 600000ms (custom)
2019-10-05 00:41:35,459 [pool-87-thread-1] INFO  server.RaftServerConfigKeys (ConfUtils.java:logGet(43)) - raft.server.log.force.sync.num = 128 (default)
2019-10-05 00:41:35,460 [pool-37-thread-1] INFO  server.RaftServerConfigKeys (ConfUtils.java:logGet(43)) - raft.server.log.statemachine.data.sync.timeout.retry = -1 (default)
2019-10-05 00:41:35,460 [pool-87-thread-1] INFO  server.RaftServerConfigKeys (ConfUtils.java:logGet(43)) - raft.server.log.statemachine.data.sync = true (default)
2019-10-05 00:41:35,460 [pool-37-thread-1] INFO  server.RaftServerConfigKeys (ConfUtils.java:logGet(43)) - raft.server.log.statemachine.data.caching.enabled = true (custom)
2019-10-05 00:41:35,460 [pool-87-thread-1] INFO  server.RaftServerConfigKeys (ConfUtils.java:logGet(43)) - raft.server.log.statemachine.data.sync.timeout = 10s (default)
2019-10-05 00:41:35,461 [pool-87-thread-1] INFO  server.RaftServerConfigKeys (ConfUtils.java:logGet(43)) - raft.server.log.statemachine.data.sync.timeout.retry = -1 (default)
2019-10-05 00:41:35,461 [pool-37-thread-1] INFO  segmented.SegmentedRaftLogWorker (SegmentedRaftLogWorker.java:lambda$new$0(128)) - 940ba36b-0df7-4bc7-a76f-c977d596cba9@group-BE7BEB78CA86-SegmentedRaftLogWorker: flushIndex: setUnconditionally 0 -> -1
2019-10-05 00:41:35,461 [pool-37-thread-1] INFO  server.RaftServerConfigKeys (ConfUtils.java:logGet(43)) - raft.server.snapshot.auto.trigger.enabled = true (custom)
2019-10-05 00:41:35,461 [pool-87-thread-1] INFO  server.RaftServerConfigKeys (ConfUtils.java:logGet(43)) - raft.server.log.statemachine.data.caching.enabled = true (custom)
2019-10-05 00:41:35,461 [pool-37-thread-1] INFO  server.RaftServerConfigKeys (ConfUtils.java:logGet(43)) - raft.server.snapshot.auto.trigger.threshold = 10000 (custom)
2019-10-05 00:41:35,462 [pool-37-thread-1] INFO  server.RaftServerConfigKeys (ConfUtils.java:logGet(43)) - raft.server.snapshot.retention.file.num = 5 (custom)
2019-10-05 00:41:35,462 [pool-87-thread-1] INFO  segmented.SegmentedRaftLogWorker (SegmentedRaftLogWorker.java:lambda$new$0(128)) - ec6ed5d8-da6b-4b29-b1fb-11a9b6f3cc90@group-BE7BEB78CA86-SegmentedRaftLogWorker: flushIndex: setUnconditionally 0 -> -1
2019-10-05 00:41:35,462 [pool-37-thread-1] INFO  server.RaftServerConfigKeys (ConfUtils.java:logGet(43)) - raft.server.retrycache.expirytime = 600000ms (custom)
2019-10-05 00:41:35,462 [pool-87-thread-1] INFO  server.RaftServerConfigKeys (ConfUtils.java:logGet(43)) - raft.server.snapshot.auto.trigger.enabled = true (custom)
2019-10-05 00:41:35,462 [pool-87-thread-1] INFO  server.RaftServerConfigKeys (ConfUtils.java:logGet(43)) - raft.server.snapshot.auto.trigger.threshold = 10000 (custom)
2019-10-05 00:41:35,462 [pool-87-thread-1] INFO  server.RaftServerConfigKeys (ConfUtils.java:logGet(43)) - raft.server.snapshot.retention.file.num = 5 (custom)
2019-10-05 00:41:35,463 [pool-87-thread-1] INFO  server.RaftServerConfigKeys (ConfUtils.java:logGet(43)) - raft.server.retrycache.expirytime = 600000ms (custom)
2019-10-05 00:41:35,464 [pool-47-thread-1] INFO  impl.RaftServerImpl (RaftServerImpl.java:start(181)) - 7fe15ca9-669d-41ff-98c1-d7fb199ea5a9@group-BE7BEB78CA86: start as a follower, conf=-1: [7fe15ca9-669d-41ff-98c1-d7fb199ea5a9:192.168.164.251:33122, ec6ed5d8-da6b-4b29-b1fb-11a9b6f3cc90:192.168.164.251:43062, 940ba36b-0df7-4bc7-a76f-c977d596cba9:192.168.164.251:38078], old=null
2019-10-05 00:41:35,464 [pool-47-thread-1] INFO  impl.RaftServerImpl (RaftServerImpl.java:setRole(170)) - 7fe15ca9-669d-41ff-98c1-d7fb199ea5a9@group-BE7BEB78CA86: changes role from      null to FOLLOWER at term 0 for startAsFollower
2019-10-05 00:41:35,464 [pool-47-thread-1] INFO  impl.RoleInfo (RoleInfo.java:updateAndGet(143)) - 7fe15ca9-669d-41ff-98c1-d7fb199ea5a9: start FollowerState
2019-10-05 00:41:35,465 [pool-47-thread-1] INFO  util.JmxRegister (JmxRegister.java:tryRegister(44)) - Successfully registered JMX Bean with object name Ratis:service=RaftServer,group=group-BE7BEB78CA86,id=7fe15ca9-669d-41ff-98c1-d7fb199ea5a9
2019-10-05 00:41:35,466 [pool-37-thread-1] INFO  impl.RaftServerImpl (RaftServerImpl.java:start(181)) - 940ba36b-0df7-4bc7-a76f-c977d596cba9@group-BE7BEB78CA86: start as a follower, conf=-1: [7fe15ca9-669d-41ff-98c1-d7fb199ea5a9:192.168.164.251:33122, ec6ed5d8-da6b-4b29-b1fb-11a9b6f3cc90:192.168.164.251:43062, 940ba36b-0df7-4bc7-a76f-c977d596cba9:192.168.164.251:38078], old=null
2019-10-05 00:41:35,466 [pool-37-thread-1] INFO  impl.RaftServerImpl (RaftServerImpl.java:setRole(170)) - 940ba36b-0df7-4bc7-a76f-c977d596cba9@group-BE7BEB78CA86: changes role from      null to FOLLOWER at term 0 for startAsFollower
2019-10-05 00:41:35,466 [pool-37-thread-1] INFO  impl.RoleInfo (RoleInfo.java:updateAndGet(143)) - 940ba36b-0df7-4bc7-a76f-c977d596cba9: start FollowerState
2019-10-05 00:41:35,467 [pool-37-thread-1] INFO  util.JmxRegister (JmxRegister.java:tryRegister(44)) - Successfully registered JMX Bean with object name Ratis:service=RaftServer,group=group-BE7BEB78CA86,id=940ba36b-0df7-4bc7-a76f-c977d596cba9
2019-10-05 00:41:35,467 [pool-87-thread-1] INFO  impl.RaftServerImpl (RaftServerImpl.java:start(181)) - ec6ed5d8-da6b-4b29-b1fb-11a9b6f3cc90@group-BE7BEB78CA86: start as a follower, conf=-1: [7fe15ca9-669d-41ff-98c1-d7fb199ea5a9:192.168.164.251:33122, ec6ed5d8-da6b-4b29-b1fb-11a9b6f3cc90:192.168.164.251:43062, 940ba36b-0df7-4bc7-a76f-c977d596cba9:192.168.164.251:38078], old=null
2019-10-05 00:41:35,467 [pool-87-thread-1] INFO  impl.RaftServerImpl (RaftServerImpl.java:setRole(170)) - ec6ed5d8-da6b-4b29-b1fb-11a9b6f3cc90@group-BE7BEB78CA86: changes role from      null to FOLLOWER at term 0 for startAsFollower
2019-10-05 00:41:35,468 [pool-87-thread-1] INFO  impl.RoleInfo (RoleInfo.java:updateAndGet(143)) - ec6ed5d8-da6b-4b29-b1fb-11a9b6f3cc90: start FollowerState
2019-10-05 00:41:35,468 [pool-87-thread-1] INFO  util.JmxRegister (JmxRegister.java:tryRegister(44)) - Successfully registered JMX Bean with object name Ratis:service=RaftServer,group=group-BE7BEB78CA86,id=ec6ed5d8-da6b-4b29-b1fb-11a9b6f3cc90
2019-10-05 00:41:35,503 [RatisPipelineUtilsThread] INFO  pipeline.PipelineStateManager (PipelineStateManager.java:addPipeline(56)) - Created pipeline Pipeline[ Id: b9bb99bc-4ba1-45cf-b375-be7beb78ca86, Nodes: ec6ed5d8-da6b-4b29-b1fb-11a9b6f3cc90{ip: 192.168.164.251, host: pr-hdds-2204-lb5qm-2726860912, networkLocation: /default-rack, certSerialId: null}940ba36b-0df7-4bc7-a76f-c977d596cba9{ip: 192.168.164.251, host: pr-hdds-2204-lb5qm-2726860912, networkLocation: /default-rack, certSerialId: null}7fe15ca9-669d-41ff-98c1-d7fb199ea5a9{ip: 192.168.164.251, host: pr-hdds-2204-lb5qm-2726860912, networkLocation: /default-rack, certSerialId: null}, Type:RATIS, Factor:THREE, State:OPEN]
2019-10-05 00:41:35,768 [main] INFO  rpc.RpcClient (RpcClient.java:createVolume(277)) - Creating Volume: watchforcommithandlingtest, with jenkins1000 as owner.
2019-10-05 00:41:36,321 [IPC Server handler 1 on 33303] INFO  volume.OMVolumeCreateRequest (OMVolumeCreateRequest.java:validateAndUpdateCache(193)) - created volume:watchforcommithandlingtest for user:jenkins1000
2019-10-05 00:41:36,347 [main] INFO  rpc.RpcClient (RpcClient.java:createBucket(416)) - Creating Bucket: watchforcommithandlingtest/watchforcommithandlingtest, with Versioning false and Storage Type set to DISK and Encryption set to false 
2019-10-05 00:41:36,373 [main] INFO  ozone.MiniOzoneClusterImpl (MiniOzoneClusterImpl.java:getStorageContainerLocationClient(234)) - Creating StorageContainerLocationProtocol RPC client with address /0.0.0.0:37311
2019-10-05 00:41:36,412 [main] INFO  impl.MetricsSystemImpl (MetricsSystemImpl.java:init(158)) - XceiverClientMetrics metrics system started (again)
2019-10-05 00:41:36,765 [Thread-238] INFO  container.ReplicationManager (ReplicationManager.java:start(162)) - Starting Replication Monitor Thread.
2019-10-05 00:41:36,772 [ReplicationMonitor] INFO  container.ReplicationManager (ReplicationManager.java:run(225)) - Replication Monitor Thread took 5 milliseconds for processing 1 containers.
2019-10-05 00:41:39,352 [Thread-240] INFO  impl.FollowerState (FollowerState.java:run(108)) - b3186dea-d713-4b94-b735-e44dad95efa8@group-AD89CE1FAF85-FollowerState: change to CANDIDATE, lastRpcTime:5027ms, electionTimeout:5026ms
2019-10-05 00:41:39,356 [Thread-240] INFO  impl.RoleInfo (RoleInfo.java:shutdownFollowerState(121)) - b3186dea-d713-4b94-b735-e44dad95efa8: shutdown FollowerState
2019-10-05 00:41:39,356 [Thread-240] INFO  impl.RaftServerImpl (RaftServerImpl.java:setRole(170)) - b3186dea-d713-4b94-b735-e44dad95efa8@group-AD89CE1FAF85: changes role from  FOLLOWER to CANDIDATE at term 0 for changeToCandidate
2019-10-05 00:41:39,361 [Thread-240] INFO  impl.RoleInfo (RoleInfo.java:updateAndGet(143)) - b3186dea-d713-4b94-b735-e44dad95efa8: start LeaderElection
2019-10-05 00:41:39,401 [b3186dea-d713-4b94-b735-e44dad95efa8@group-AD89CE1FAF85-LeaderElection1] INFO  impl.LeaderElection (LeaderElection.java:askForVotes(178)) - b3186dea-d713-4b94-b735-e44dad95efa8@group-AD89CE1FAF85-LeaderElection1: begin an election at term 1 for -1: [b3186dea-d713-4b94-b735-e44dad95efa8:192.168.164.251:38285], old=null
2019-10-05 00:41:39,403 [b3186dea-d713-4b94-b735-e44dad95efa8@group-AD89CE1FAF85-LeaderElection1] INFO  impl.RoleInfo (RoleInfo.java:shutdownLeaderElection(134)) - b3186dea-d713-4b94-b735-e44dad95efa8: shutdown LeaderElection
2019-10-05 00:41:39,404 [b3186dea-d713-4b94-b735-e44dad95efa8@group-AD89CE1FAF85-LeaderElection1] INFO  impl.RaftServerImpl (RaftServerImpl.java:setRole(170)) - b3186dea-d713-4b94-b735-e44dad95efa8@group-AD89CE1FAF85: changes role from CANDIDATE to LEADER at term 1 for changeToLeader
2019-10-05 00:41:39,405 [b3186dea-d713-4b94-b735-e44dad95efa8@group-AD89CE1FAF85-LeaderElection1] INFO  impl.RaftServerImpl (ServerState.java:setLeader(255)) - b3186dea-d713-4b94-b735-e44dad95efa8@group-AD89CE1FAF85: change Leader from null to b3186dea-d713-4b94-b735-e44dad95efa8 at term 1 for becomeLeader, leader elected after 5202ms
2019-10-05 00:41:39,414 [b3186dea-d713-4b94-b735-e44dad95efa8@group-AD89CE1FAF85-LeaderElection1] INFO  server.RaftServerConfigKeys (ConfUtils.java:logGet(43)) - raft.server.staging.catchup.gap = 1000 (default)
2019-10-05 00:41:39,414 [b3186dea-d713-4b94-b735-e44dad95efa8@group-AD89CE1FAF85-LeaderElection1] INFO  server.RaftServerConfigKeys (ConfUtils.java:logGet(43)) - raft.server.rpc.sleep.time = 25ms (default)
2019-10-05 00:41:39,419 [b3186dea-d713-4b94-b735-e44dad95efa8@group-AD89CE1FAF85-LeaderElection1] INFO  server.RaftServerConfigKeys (ConfUtils.java:logGet(43)) - raft.server.write.element-limit = 4096 (default)
2019-10-05 00:41:39,423 [b3186dea-d713-4b94-b735-e44dad95efa8@group-AD89CE1FAF85-LeaderElection1] INFO  server.RaftServerConfigKeys (ConfUtils.java:logGet(43)) - raft.server.watch.timeout = 10s (default)
2019-10-05 00:41:39,423 [b3186dea-d713-4b94-b735-e44dad95efa8@group-AD89CE1FAF85-LeaderElection1] INFO  server.RaftServerConfigKeys (ConfUtils.java:logGet(43)) - raft.server.watch.timeout.denomination = 1s (default)
2019-10-05 00:41:39,424 [b3186dea-d713-4b94-b735-e44dad95efa8@group-AD89CE1FAF85-LeaderElection1] INFO  server.RaftServerConfigKeys (ConfUtils.java:logGet(43)) - raft.server.watch.element-limit = 65536 (default)
2019-10-05 00:41:39,438 [b3186dea-d713-4b94-b735-e44dad95efa8@group-AD89CE1FAF85-LeaderElection1] INFO  impl.RoleInfo (RoleInfo.java:updateAndGet(143)) - b3186dea-d713-4b94-b735-e44dad95efa8: start LeaderState
2019-10-05 00:41:39,465 [b3186dea-d713-4b94-b735-e44dad95efa8@group-AD89CE1FAF85-LeaderElection1] INFO  segmented.SegmentedRaftLogWorker (SegmentedRaftLogWorker.java:startLogSegment(385)) - b3186dea-d713-4b94-b735-e44dad95efa8@group-AD89CE1FAF85-SegmentedRaftLogWorker: Starting segment from index:0
2019-10-05 00:41:39,475 [b3186dea-d713-4b94-b735-e44dad95efa8@group-AD89CE1FAF85-LeaderElection1] INFO  impl.RaftServerImpl (ServerState.java:setRaftConf(356)) - b3186dea-d713-4b94-b735-e44dad95efa8@group-AD89CE1FAF85: set configuration 0: [b3186dea-d713-4b94-b735-e44dad95efa8:192.168.164.251:38285], old=null at 0
2019-10-05 00:41:39,641 [Thread-243] INFO  impl.FollowerState (FollowerState.java:run(108)) - 0cfbbb8e-368b-4351-b40c-3060245fa82c@group-C2FCF4BF794B-FollowerState: change to CANDIDATE, lastRpcTime:5083ms, electionTimeout:5081ms
2019-10-05 00:41:39,644 [Thread-243] INFO  impl.RoleInfo (RoleInfo.java:shutdownFollowerState(121)) - 0cfbbb8e-368b-4351-b40c-3060245fa82c: shutdown FollowerState
2019-10-05 00:41:39,645 [Thread-243] INFO  impl.RaftServerImpl (RaftServerImpl.java:setRole(170)) - 0cfbbb8e-368b-4351-b40c-3060245fa82c@group-C2FCF4BF794B: changes role from  FOLLOWER to CANDIDATE at term 0 for changeToCandidate
2019-10-05 00:41:39,645 [Thread-243] INFO  impl.RoleInfo (RoleInfo.java:updateAndGet(143)) - 0cfbbb8e-368b-4351-b40c-3060245fa82c: start LeaderElection
2019-10-05 00:41:39,660 [b3186dea-d713-4b94-b735-e44dad95efa8@group-AD89CE1FAF85-SegmentedRaftLogWorker] INFO  segmented.SegmentedRaftLogWorker (SegmentedRaftLogWorker.java:execute(574)) - b3186dea-d713-4b94-b735-e44dad95efa8@group-AD89CE1FAF85-SegmentedRaftLogWorker: created new log segment /workdir/hadoop-ozone/integration-test/target/test-dir/MiniOzoneClusterImpl-d14a9905-b78b-45c8-984a-6d1d0cddd727/datanode-0/data/ratis/d3d820ce-0eb0-495c-ac85-ad89ce1faf85/current/log_inprogress_0
2019-10-05 00:41:39,677 [0cfbbb8e-368b-4351-b40c-3060245fa82c@group-C2FCF4BF794B-LeaderElection2] INFO  impl.LeaderElection (LeaderElection.java:askForVotes(178)) - 0cfbbb8e-368b-4351-b40c-3060245fa82c@group-C2FCF4BF794B-LeaderElection2: begin an election at term 1 for -1: [0cfbbb8e-368b-4351-b40c-3060245fa82c:192.168.164.251:41664], old=null
2019-10-05 00:41:39,679 [0cfbbb8e-368b-4351-b40c-3060245fa82c@group-C2FCF4BF794B-LeaderElection2] INFO  impl.RoleInfo (RoleInfo.java:shutdownLeaderElection(134)) - 0cfbbb8e-368b-4351-b40c-3060245fa82c: shutdown LeaderElection
2019-10-05 00:41:39,680 [0cfbbb8e-368b-4351-b40c-3060245fa82c@group-C2FCF4BF794B-LeaderElection2] INFO  impl.RaftServerImpl (RaftServerImpl.java:setRole(170)) - 0cfbbb8e-368b-4351-b40c-3060245fa82c@group-C2FCF4BF794B: changes role from CANDIDATE to LEADER at term 1 for changeToLeader
2019-10-05 00:41:39,680 [0cfbbb8e-368b-4351-b40c-3060245fa82c@group-C2FCF4BF794B-LeaderElection2] INFO  impl.RaftServerImpl (ServerState.java:setLeader(255)) - 0cfbbb8e-368b-4351-b40c-3060245fa82c@group-C2FCF4BF794B: change Leader from null to 0cfbbb8e-368b-4351-b40c-3060245fa82c at term 1 for becomeLeader, leader elected after 5141ms
2019-10-05 00:41:39,681 [0cfbbb8e-368b-4351-b40c-3060245fa82c@group-C2FCF4BF794B-LeaderElection2] INFO  server.RaftServerConfigKeys (ConfUtils.java:logGet(43)) - raft.server.staging.catchup.gap = 1000 (default)
2019-10-05 00:41:39,682 [0cfbbb8e-368b-4351-b40c-3060245fa82c@group-C2FCF4BF794B-LeaderElection2] INFO  server.RaftServerConfigKeys (ConfUtils.java:logGet(43)) - raft.server.rpc.sleep.time = 25ms (default)
2019-10-05 00:41:39,682 [0cfbbb8e-368b-4351-b40c-3060245fa82c@group-C2FCF4BF794B-LeaderElection2] INFO  server.RaftServerConfigKeys (ConfUtils.java:logGet(43)) - raft.server.write.element-limit = 4096 (default)
2019-10-05 00:41:39,682 [0cfbbb8e-368b-4351-b40c-3060245fa82c@group-C2FCF4BF794B-LeaderElection2] INFO  server.RaftServerConfigKeys (ConfUtils.java:logGet(43)) - raft.server.watch.timeout = 10s (default)
2019-10-05 00:41:39,682 [0cfbbb8e-368b-4351-b40c-3060245fa82c@group-C2FCF4BF794B-LeaderElection2] INFO  server.RaftServerConfigKeys (ConfUtils.java:logGet(43)) - raft.server.watch.timeout.denomination = 1s (default)
2019-10-05 00:41:39,682 [0cfbbb8e-368b-4351-b40c-3060245fa82c@group-C2FCF4BF794B-LeaderElection2] INFO  server.RaftServerConfigKeys (ConfUtils.java:logGet(43)) - raft.server.watch.element-limit = 65536 (default)
2019-10-05 00:41:39,686 [0cfbbb8e-368b-4351-b40c-3060245fa82c@group-C2FCF4BF794B-LeaderElection2] INFO  impl.RoleInfo (RoleInfo.java:updateAndGet(143)) - 0cfbbb8e-368b-4351-b40c-3060245fa82c: start LeaderState
2019-10-05 00:41:39,687 [0cfbbb8e-368b-4351-b40c-3060245fa82c@group-C2FCF4BF794B-LeaderElection2] INFO  segmented.SegmentedRaftLogWorker (SegmentedRaftLogWorker.java:startLogSegment(385)) - 0cfbbb8e-368b-4351-b40c-3060245fa82c@group-C2FCF4BF794B-SegmentedRaftLogWorker: Starting segment from index:0
2019-10-05 00:41:39,688 [0cfbbb8e-368b-4351-b40c-3060245fa82c@group-C2FCF4BF794B-LeaderElection2] INFO  impl.RaftServerImpl (ServerState.java:setRaftConf(356)) - 0cfbbb8e-368b-4351-b40c-3060245fa82c@group-C2FCF4BF794B: set configuration 0: [0cfbbb8e-368b-4351-b40c-3060245fa82c:192.168.164.251:41664], old=null at 0
2019-10-05 00:41:39,729 [0cfbbb8e-368b-4351-b40c-3060245fa82c@group-C2FCF4BF794B-SegmentedRaftLogWorker] INFO  segmented.SegmentedRaftLogWorker (SegmentedRaftLogWorker.java:execute(574)) - 0cfbbb8e-368b-4351-b40c-3060245fa82c@group-C2FCF4BF794B-SegmentedRaftLogWorker: created new log segment /workdir/hadoop-ozone/integration-test/target/test-dir/MiniOzoneClusterImpl-d14a9905-b78b-45c8-984a-6d1d0cddd727/datanode-3/data/ratis/8cc5ad82-f204-420b-89cb-c2fcf4bf794b/current/log_inprogress_0
2019-10-05 00:41:39,859 [Thread-249] INFO  impl.FollowerState (FollowerState.java:run(108)) - ec6ed5d8-da6b-4b29-b1fb-11a9b6f3cc90@group-E9B4C7E2F7FF-FollowerState: change to CANDIDATE, lastRpcTime:5020ms, electionTimeout:5019ms
2019-10-05 00:41:39,859 [Thread-249] INFO  impl.RoleInfo (RoleInfo.java:shutdownFollowerState(121)) - ec6ed5d8-da6b-4b29-b1fb-11a9b6f3cc90: shutdown FollowerState
2019-10-05 00:41:39,859 [Thread-249] INFO  impl.RaftServerImpl (RaftServerImpl.java:setRole(170)) - ec6ed5d8-da6b-4b29-b1fb-11a9b6f3cc90@group-E9B4C7E2F7FF: changes role from  FOLLOWER to CANDIDATE at term 0 for changeToCandidate
2019-10-05 00:41:39,859 [Thread-249] INFO  impl.RoleInfo (RoleInfo.java:updateAndGet(143)) - ec6ed5d8-da6b-4b29-b1fb-11a9b6f3cc90: start LeaderElection
2019-10-05 00:41:39,865 [Thread-246] INFO  impl.FollowerState (FollowerState.java:run(108)) - e6236626-feb7-459f-aa25-8a67d6de6183@group-190CCD6F6C1B-FollowerState: change to CANDIDATE, lastRpcTime:5138ms, electionTimeout:5138ms
2019-10-05 00:41:39,865 [Thread-246] INFO  impl.RoleInfo (RoleInfo.java:shutdownFollowerState(121)) - e6236626-feb7-459f-aa25-8a67d6de6183: shutdown FollowerState
2019-10-05 00:41:39,865 [Thread-246] INFO  impl.RaftServerImpl (RaftServerImpl.java:setRole(170)) - e6236626-feb7-459f-aa25-8a67d6de6183@group-190CCD6F6C1B: changes role from  FOLLOWER to CANDIDATE at term 0 for changeToCandidate
2019-10-05 00:41:39,865 [Thread-246] INFO  impl.RoleInfo (RoleInfo.java:updateAndGet(143)) - e6236626-feb7-459f-aa25-8a67d6de6183: start LeaderElection
2019-10-05 00:41:39,888 [e6236626-feb7-459f-aa25-8a67d6de6183@group-190CCD6F6C1B-LeaderElection4] INFO  impl.LeaderElection (LeaderElection.java:askForVotes(178)) - e6236626-feb7-459f-aa25-8a67d6de6183@group-190CCD6F6C1B-LeaderElection4: begin an election at term 1 for -1: [e6236626-feb7-459f-aa25-8a67d6de6183:192.168.164.251:33107], old=null
2019-10-05 00:41:39,888 [ec6ed5d8-da6b-4b29-b1fb-11a9b6f3cc90@group-E9B4C7E2F7FF-LeaderElection3] INFO  impl.LeaderElection (LeaderElection.java:askForVotes(178)) - ec6ed5d8-da6b-4b29-b1fb-11a9b6f3cc90@group-E9B4C7E2F7FF-LeaderElection3: begin an election at term 1 for -1: [ec6ed5d8-da6b-4b29-b1fb-11a9b6f3cc90:192.168.164.251:43062], old=null
2019-10-05 00:41:39,888 [e6236626-feb7-459f-aa25-8a67d6de6183@group-190CCD6F6C1B-LeaderElection4] INFO  impl.RoleInfo (RoleInfo.java:shutdownLeaderElection(134)) - e6236626-feb7-459f-aa25-8a67d6de6183: shutdown LeaderElection
2019-10-05 00:41:39,888 [ec6ed5d8-da6b-4b29-b1fb-11a9b6f3cc90@group-E9B4C7E2F7FF-LeaderElection3] INFO  impl.RoleInfo (RoleInfo.java:shutdownLeaderElection(134)) - ec6ed5d8-da6b-4b29-b1fb-11a9b6f3cc90: shutdown LeaderElection
2019-10-05 00:41:39,888 [e6236626-feb7-459f-aa25-8a67d6de6183@group-190CCD6F6C1B-LeaderElection4] INFO  impl.RaftServerImpl (RaftServerImpl.java:setRole(170)) - e6236626-feb7-459f-aa25-8a67d6de6183@group-190CCD6F6C1B: changes role from CANDIDATE to LEADER at term 1 for changeToLeader
2019-10-05 00:41:39,888 [ec6ed5d8-da6b-4b29-b1fb-11a9b6f3cc90@group-E9B4C7E2F7FF-LeaderElection3] INFO  impl.RaftServerImpl (RaftServerImpl.java:setRole(170)) - ec6ed5d8-da6b-4b29-b1fb-11a9b6f3cc90@group-E9B4C7E2F7FF: changes role from CANDIDATE to LEADER at term 1 for changeToLeader
2019-10-05 00:41:39,888 [e6236626-feb7-459f-aa25-8a67d6de6183@group-190CCD6F6C1B-LeaderElection4] INFO  impl.RaftServerImpl (ServerState.java:setLeader(255)) - e6236626-feb7-459f-aa25-8a67d6de6183@group-190CCD6F6C1B: change Leader from null to e6236626-feb7-459f-aa25-8a67d6de6183 at term 1 for becomeLeader, leader elected after 5206ms
2019-10-05 00:41:39,889 [ec6ed5d8-da6b-4b29-b1fb-11a9b6f3cc90@group-E9B4C7E2F7FF-LeaderElection3] INFO  impl.RaftServerImpl (ServerState.java:setLeader(255)) - ec6ed5d8-da6b-4b29-b1fb-11a9b6f3cc90@group-E9B4C7E2F7FF: change Leader from null to ec6ed5d8-da6b-4b29-b1fb-11a9b6f3cc90 at term 1 for becomeLeader, leader elected after 5074ms
2019-10-05 00:41:39,892 [e6236626-feb7-459f-aa25-8a67d6de6183@group-190CCD6F6C1B-LeaderElection4] INFO  server.RaftServerConfigKeys (ConfUtils.java:logGet(43)) - raft.server.staging.catchup.gap = 1000 (default)
2019-10-05 00:41:39,892 [ec6ed5d8-da6b-4b29-b1fb-11a9b6f3cc90@group-E9B4C7E2F7FF-LeaderElection3] INFO  server.RaftServerConfigKeys (ConfUtils.java:logGet(43)) - raft.server.staging.catchup.gap = 1000 (default)
2019-10-05 00:41:39,893 [e6236626-feb7-459f-aa25-8a67d6de6183@group-190CCD6F6C1B-LeaderElection4] INFO  server.RaftServerConfigKeys (ConfUtils.java:logGet(43)) - raft.server.rpc.sleep.time = 25ms (default)
2019-10-05 00:41:39,893 [ec6ed5d8-da6b-4b29-b1fb-11a9b6f3cc90@group-E9B4C7E2F7FF-LeaderElection3] INFO  server.RaftServerConfigKeys (ConfUtils.java:logGet(43)) - raft.server.rpc.sleep.time = 25ms (default)
2019-10-05 00:41:39,893 [e6236626-feb7-459f-aa25-8a67d6de6183@group-190CCD6F6C1B-LeaderElection4] INFO  server.RaftServerConfigKeys (ConfUtils.java:logGet(43)) - raft.server.write.element-limit = 4096 (default)
2019-10-05 00:41:39,893 [ec6ed5d8-da6b-4b29-b1fb-11a9b6f3cc90@group-E9B4C7E2F7FF-LeaderElection3] INFO  server.RaftServerConfigKeys (ConfUtils.java:logGet(43)) - raft.server.write.element-limit = 4096 (default)
2019-10-05 00:41:39,895 [e6236626-feb7-459f-aa25-8a67d6de6183@group-190CCD6F6C1B-LeaderElection4] INFO  server.RaftServerConfigKeys (ConfUtils.java:logGet(43)) - raft.server.watch.timeout = 10s (default)
2019-10-05 00:41:39,895 [ec6ed5d8-da6b-4b29-b1fb-11a9b6f3cc90@group-E9B4C7E2F7FF-LeaderElection3] INFO  server.RaftServerConfigKeys (ConfUtils.java:logGet(43)) - raft.server.watch.timeout = 10s (default)
2019-10-05 00:41:39,895 [e6236626-feb7-459f-aa25-8a67d6de6183@group-190CCD6F6C1B-LeaderElection4] INFO  server.RaftServerConfigKeys (ConfUtils.java:logGet(43)) - raft.server.watch.timeout.denomination = 1s (default)
2019-10-05 00:41:39,895 [ec6ed5d8-da6b-4b29-b1fb-11a9b6f3cc90@group-E9B4C7E2F7FF-LeaderElection3] INFO  server.RaftServerConfigKeys (ConfUtils.java:logGet(43)) - raft.server.watch.timeout.denomination = 1s (default)
2019-10-05 00:41:39,896 [e6236626-feb7-459f-aa25-8a67d6de6183@group-190CCD6F6C1B-LeaderElection4] INFO  server.RaftServerConfigKeys (ConfUtils.java:logGet(43)) - raft.server.watch.element-limit = 65536 (default)
2019-10-05 00:41:39,896 [ec6ed5d8-da6b-4b29-b1fb-11a9b6f3cc90@group-E9B4C7E2F7FF-LeaderElection3] INFO  server.RaftServerConfigKeys (ConfUtils.java:logGet(43)) - raft.server.watch.element-limit = 65536 (default)
2019-10-05 00:41:39,901 [ec6ed5d8-da6b-4b29-b1fb-11a9b6f3cc90@group-E9B4C7E2F7FF-LeaderElection3] INFO  impl.RoleInfo (RoleInfo.java:updateAndGet(143)) - ec6ed5d8-da6b-4b29-b1fb-11a9b6f3cc90: start LeaderState
2019-10-05 00:41:39,901 [e6236626-feb7-459f-aa25-8a67d6de6183@group-190CCD6F6C1B-LeaderElection4] INFO  impl.RoleInfo (RoleInfo.java:updateAndGet(143)) - e6236626-feb7-459f-aa25-8a67d6de6183: start LeaderState
2019-10-05 00:41:39,902 [ec6ed5d8-da6b-4b29-b1fb-11a9b6f3cc90@group-E9B4C7E2F7FF-LeaderElection3] INFO  segmented.SegmentedRaftLogWorker (SegmentedRaftLogWorker.java:startLogSegment(385)) - ec6ed5d8-da6b-4b29-b1fb-11a9b6f3cc90@group-E9B4C7E2F7FF-SegmentedRaftLogWorker: Starting segment from index:0
2019-10-05 00:41:39,902 [e6236626-feb7-459f-aa25-8a67d6de6183@group-190CCD6F6C1B-LeaderElection4] INFO  segmented.SegmentedRaftLogWorker (SegmentedRaftLogWorker.java:startLogSegment(385)) - e6236626-feb7-459f-aa25-8a67d6de6183@group-190CCD6F6C1B-SegmentedRaftLogWorker: Starting segment from index:0
2019-10-05 00:41:39,903 [ec6ed5d8-da6b-4b29-b1fb-11a9b6f3cc90@group-E9B4C7E2F7FF-LeaderElection3] INFO  impl.RaftServerImpl (ServerState.java:setRaftConf(356)) - ec6ed5d8-da6b-4b29-b1fb-11a9b6f3cc90@group-E9B4C7E2F7FF: set configuration 0: [ec6ed5d8-da6b-4b29-b1fb-11a9b6f3cc90:192.168.164.251:43062], old=null at 0
2019-10-05 00:41:39,903 [e6236626-feb7-459f-aa25-8a67d6de6183@group-190CCD6F6C1B-LeaderElection4] INFO  impl.RaftServerImpl (ServerState.java:setRaftConf(356)) - e6236626-feb7-459f-aa25-8a67d6de6183@group-190CCD6F6C1B: set configuration 0: [e6236626-feb7-459f-aa25-8a67d6de6183:192.168.164.251:33107], old=null at 0
2019-10-05 00:41:39,954 [ec6ed5d8-da6b-4b29-b1fb-11a9b6f3cc90@group-E9B4C7E2F7FF-SegmentedRaftLogWorker] INFO  segmented.SegmentedRaftLogWorker (SegmentedRaftLogWorker.java:execute(574)) - ec6ed5d8-da6b-4b29-b1fb-11a9b6f3cc90@group-E9B4C7E2F7FF-SegmentedRaftLogWorker: created new log segment /workdir/hadoop-ozone/integration-test/target/test-dir/MiniOzoneClusterImpl-d14a9905-b78b-45c8-984a-6d1d0cddd727/datanode-6/data/ratis/620e4b77-1347-4699-8185-e9b4c7e2f7ff/current/log_inprogress_0
2019-10-05 00:41:39,954 [e6236626-feb7-459f-aa25-8a67d6de6183@group-190CCD6F6C1B-SegmentedRaftLogWorker] INFO  segmented.SegmentedRaftLogWorker (SegmentedRaftLogWorker.java:execute(574)) - e6236626-feb7-459f-aa25-8a67d6de6183@group-190CCD6F6C1B-SegmentedRaftLogWorker: created new log segment /workdir/hadoop-ozone/integration-test/target/test-dir/MiniOzoneClusterImpl-d14a9905-b78b-45c8-984a-6d1d0cddd727/datanode-5/data/ratis/d9a65629-30f7-477e-be8d-190ccd6f6c1b/current/log_inprogress_0
2019-10-05 00:41:40,001 [Thread-252] INFO  impl.FollowerState (FollowerState.java:run(108)) - 940ba36b-0df7-4bc7-a76f-c977d596cba9@group-6457BCC26CA4-FollowerState: change to CANDIDATE, lastRpcTime:5046ms, electionTimeout:5046ms
2019-10-05 00:41:40,002 [Thread-252] INFO  impl.RoleInfo (RoleInfo.java:shutdownFollowerState(121)) - 940ba36b-0df7-4bc7-a76f-c977d596cba9: shutdown FollowerState
2019-10-05 00:41:40,002 [Thread-252] INFO  impl.RaftServerImpl (RaftServerImpl.java:setRole(170)) - 940ba36b-0df7-4bc7-a76f-c977d596cba9@group-6457BCC26CA4: changes role from  FOLLOWER to CANDIDATE at term 0 for changeToCandidate
2019-10-05 00:41:40,002 [Thread-252] INFO  impl.RoleInfo (RoleInfo.java:updateAndGet(143)) - 940ba36b-0df7-4bc7-a76f-c977d596cba9: start LeaderElection
2019-10-05 00:41:40,039 [940ba36b-0df7-4bc7-a76f-c977d596cba9@group-6457BCC26CA4-LeaderElection5] INFO  impl.LeaderElection (LeaderElection.java:askForVotes(178)) - 940ba36b-0df7-4bc7-a76f-c977d596cba9@group-6457BCC26CA4-LeaderElection5: begin an election at term 1 for -1: [940ba36b-0df7-4bc7-a76f-c977d596cba9:192.168.164.251:38078], old=null
2019-10-05 00:41:40,039 [940ba36b-0df7-4bc7-a76f-c977d596cba9@group-6457BCC26CA4-LeaderElection5] INFO  impl.RoleInfo (RoleInfo.java:shutdownLeaderElection(134)) - 940ba36b-0df7-4bc7-a76f-c977d596cba9: shutdown LeaderElection
2019-10-05 00:41:40,039 [940ba36b-0df7-4bc7-a76f-c977d596cba9@group-6457BCC26CA4-LeaderElection5] INFO  impl.RaftServerImpl (RaftServerImpl.java:setRole(170)) - 940ba36b-0df7-4bc7-a76f-c977d596cba9@group-6457BCC26CA4: changes role from CANDIDATE to LEADER at term 1 for changeToLeader
2019-10-05 00:41:40,040 [940ba36b-0df7-4bc7-a76f-c977d596cba9@group-6457BCC26CA4-LeaderElection5] INFO  impl.RaftServerImpl (ServerState.java:setLeader(255)) - 940ba36b-0df7-4bc7-a76f-c977d596cba9@group-6457BCC26CA4: change Leader from null to 940ba36b-0df7-4bc7-a76f-c977d596cba9 at term 1 for becomeLeader, leader elected after 5098ms
2019-10-05 00:41:40,042 [940ba36b-0df7-4bc7-a76f-c977d596cba9@group-6457BCC26CA4-LeaderElection5] INFO  server.RaftServerConfigKeys (ConfUtils.java:logGet(43)) - raft.server.staging.catchup.gap = 1000 (default)
2019-10-05 00:41:40,042 [940ba36b-0df7-4bc7-a76f-c977d596cba9@group-6457BCC26CA4-LeaderElection5] INFO  server.RaftServerConfigKeys (ConfUtils.java:logGet(43)) - raft.server.rpc.sleep.time = 25ms (default)
2019-10-05 00:41:40,042 [940ba36b-0df7-4bc7-a76f-c977d596cba9@group-6457BCC26CA4-LeaderElection5] INFO  server.RaftServerConfigKeys (ConfUtils.java:logGet(43)) - raft.server.write.element-limit = 4096 (default)
2019-10-05 00:41:40,043 [940ba36b-0df7-4bc7-a76f-c977d596cba9@group-6457BCC26CA4-LeaderElection5] INFO  server.RaftServerConfigKeys (ConfUtils.java:logGet(43)) - raft.server.watch.timeout = 10s (default)
2019-10-05 00:41:40,043 [940ba36b-0df7-4bc7-a76f-c977d596cba9@group-6457BCC26CA4-LeaderElection5] INFO  server.RaftServerConfigKeys (ConfUtils.java:logGet(43)) - raft.server.watch.timeout.denomination = 1s (default)
2019-10-05 00:41:40,043 [940ba36b-0df7-4bc7-a76f-c977d596cba9@group-6457BCC26CA4-LeaderElection5] INFO  server.RaftServerConfigKeys (ConfUtils.java:logGet(43)) - raft.server.watch.element-limit = 65536 (default)
2019-10-05 00:41:40,047 [940ba36b-0df7-4bc7-a76f-c977d596cba9@group-6457BCC26CA4-LeaderElection5] INFO  impl.RoleInfo (RoleInfo.java:updateAndGet(143)) - 940ba36b-0df7-4bc7-a76f-c977d596cba9: start LeaderState
2019-10-05 00:41:40,048 [940ba36b-0df7-4bc7-a76f-c977d596cba9@group-6457BCC26CA4-LeaderElection5] INFO  segmented.SegmentedRaftLogWorker (SegmentedRaftLogWorker.java:startLogSegment(385)) - 940ba36b-0df7-4bc7-a76f-c977d596cba9@group-6457BCC26CA4-SegmentedRaftLogWorker: Starting segment from index:0
2019-10-05 00:41:40,049 [940ba36b-0df7-4bc7-a76f-c977d596cba9@group-6457BCC26CA4-LeaderElection5] INFO  impl.RaftServerImpl (ServerState.java:setRaftConf(356)) - 940ba36b-0df7-4bc7-a76f-c977d596cba9@group-6457BCC26CA4: set configuration 0: [940ba36b-0df7-4bc7-a76f-c977d596cba9:192.168.164.251:38078], old=null at 0
2019-10-05 00:41:40,108 [940ba36b-0df7-4bc7-a76f-c977d596cba9@group-6457BCC26CA4-SegmentedRaftLogWorker] INFO  segmented.SegmentedRaftLogWorker (SegmentedRaftLogWorker.java:execute(574)) - 940ba36b-0df7-4bc7-a76f-c977d596cba9@group-6457BCC26CA4-SegmentedRaftLogWorker: created new log segment /workdir/hadoop-ozone/integration-test/target/test-dir/MiniOzoneClusterImpl-d14a9905-b78b-45c8-984a-6d1d0cddd727/datanode-1/data/ratis/a3cd7e68-be82-4a70-a8aa-6457bcc26ca4/current/log_inprogress_0
2019-10-05 00:41:40,239 [Thread-258] INFO  impl.FollowerState (FollowerState.java:run(108)) - a5ad1b9a-9832-4a8a-ac10-5736bd256877@group-4547A028F0EC-FollowerState: change to CANDIDATE, lastRpcTime:5050ms, electionTimeout:5050ms
2019-10-05 00:41:40,240 [Thread-258] INFO  impl.RoleInfo (RoleInfo.java:shutdownFollowerState(121)) - a5ad1b9a-9832-4a8a-ac10-5736bd256877: shutdown FollowerState
2019-10-05 00:41:40,240 [Thread-258] INFO  impl.RaftServerImpl (RaftServerImpl.java:setRole(170)) - a5ad1b9a-9832-4a8a-ac10-5736bd256877@group-4547A028F0EC: changes role from  FOLLOWER to CANDIDATE at term 0 for changeToCandidate
2019-10-05 00:41:40,240 [Thread-258] INFO  impl.RoleInfo (RoleInfo.java:updateAndGet(143)) - a5ad1b9a-9832-4a8a-ac10-5736bd256877: start LeaderElection
2019-10-05 00:41:40,243 [Thread-255] INFO  impl.FollowerState (FollowerState.java:run(108)) - 7fe15ca9-669d-41ff-98c1-d7fb199ea5a9@group-8899233B99DB-FollowerState: change to CANDIDATE, lastRpcTime:5159ms, electionTimeout:5158ms
2019-10-05 00:41:40,245 [Thread-255] INFO  impl.RoleInfo (RoleInfo.java:shutdownFollowerState(121)) - 7fe15ca9-669d-41ff-98c1-d7fb199ea5a9: shutdown FollowerState
2019-10-05 00:41:40,245 [Thread-255] INFO  impl.RaftServerImpl (RaftServerImpl.java:setRole(170)) - 7fe15ca9-669d-41ff-98c1-d7fb199ea5a9@group-8899233B99DB: changes role from  FOLLOWER to CANDIDATE at term 0 for changeToCandidate
2019-10-05 00:41:40,245 [Thread-255] INFO  impl.RoleInfo (RoleInfo.java:updateAndGet(143)) - 7fe15ca9-669d-41ff-98c1-d7fb199ea5a9: start LeaderElection
2019-10-05 00:41:40,265 [7fe15ca9-669d-41ff-98c1-d7fb199ea5a9@group-8899233B99DB-LeaderElection7] INFO  impl.LeaderElection (LeaderElection.java:askForVotes(178)) - 7fe15ca9-669d-41ff-98c1-d7fb199ea5a9@group-8899233B99DB-LeaderElection7: begin an election at term 1 for -1: [7fe15ca9-669d-41ff-98c1-d7fb199ea5a9:192.168.164.251:33122], old=null
2019-10-05 00:41:40,265 [a5ad1b9a-9832-4a8a-ac10-5736bd256877@group-4547A028F0EC-LeaderElection6] INFO  impl.LeaderElection (LeaderElection.java:askForVotes(178)) - a5ad1b9a-9832-4a8a-ac10-5736bd256877@group-4547A028F0EC-LeaderElection6: begin an election at term 1 for -1: [a5ad1b9a-9832-4a8a-ac10-5736bd256877:192.168.164.251:46444], old=null
2019-10-05 00:41:40,265 [7fe15ca9-669d-41ff-98c1-d7fb199ea5a9@group-8899233B99DB-LeaderElection7] INFO  impl.RoleInfo (RoleInfo.java:shutdownLeaderElection(134)) - 7fe15ca9-669d-41ff-98c1-d7fb199ea5a9: shutdown LeaderElection
2019-10-05 00:41:40,265 [a5ad1b9a-9832-4a8a-ac10-5736bd256877@group-4547A028F0EC-LeaderElection6] INFO  impl.RoleInfo (RoleInfo.java:shutdownLeaderElection(134)) - a5ad1b9a-9832-4a8a-ac10-5736bd256877: shutdown LeaderElection
2019-10-05 00:41:40,265 [7fe15ca9-669d-41ff-98c1-d7fb199ea5a9@group-8899233B99DB-LeaderElection7] INFO  impl.RaftServerImpl (RaftServerImpl.java:setRole(170)) - 7fe15ca9-669d-41ff-98c1-d7fb199ea5a9@group-8899233B99DB: changes role from CANDIDATE to LEADER at term 1 for changeToLeader
2019-10-05 00:41:40,265 [a5ad1b9a-9832-4a8a-ac10-5736bd256877@group-4547A028F0EC-LeaderElection6] INFO  impl.RaftServerImpl (RaftServerImpl.java:setRole(170)) - a5ad1b9a-9832-4a8a-ac10-5736bd256877@group-4547A028F0EC: changes role from CANDIDATE to LEADER at term 1 for changeToLeader
2019-10-05 00:41:40,265 [7fe15ca9-669d-41ff-98c1-d7fb199ea5a9@group-8899233B99DB-LeaderElection7] INFO  impl.RaftServerImpl (ServerState.java:setLeader(255)) - 7fe15ca9-669d-41ff-98c1-d7fb199ea5a9@group-8899233B99DB: change Leader from null to 7fe15ca9-669d-41ff-98c1-d7fb199ea5a9 at term 1 for becomeLeader, leader elected after 5192ms
2019-10-05 00:41:40,266 [a5ad1b9a-9832-4a8a-ac10-5736bd256877@group-4547A028F0EC-LeaderElection6] INFO  impl.RaftServerImpl (ServerState.java:setLeader(255)) - a5ad1b9a-9832-4a8a-ac10-5736bd256877@group-4547A028F0EC: change Leader from null to a5ad1b9a-9832-4a8a-ac10-5736bd256877 at term 1 for becomeLeader, leader elected after 5092ms
2019-10-05 00:41:40,268 [7fe15ca9-669d-41ff-98c1-d7fb199ea5a9@group-8899233B99DB-LeaderElection7] INFO  server.RaftServerConfigKeys (ConfUtils.java:logGet(43)) - raft.server.staging.catchup.gap = 1000 (default)
2019-10-05 00:41:40,270 [a5ad1b9a-9832-4a8a-ac10-5736bd256877@group-4547A028F0EC-LeaderElection6] INFO  server.RaftServerConfigKeys (ConfUtils.java:logGet(43)) - raft.server.staging.catchup.gap = 1000 (default)
2019-10-05 00:41:40,270 [7fe15ca9-669d-41ff-98c1-d7fb199ea5a9@group-8899233B99DB-LeaderElection7] INFO  server.RaftServerConfigKeys (ConfUtils.java:logGet(43)) - raft.server.rpc.sleep.time = 25ms (default)
2019-10-05 00:41:40,270 [a5ad1b9a-9832-4a8a-ac10-5736bd256877@group-4547A028F0EC-LeaderElection6] INFO  server.RaftServerConfigKeys (ConfUtils.java:logGet(43)) - raft.server.rpc.sleep.time = 25ms (default)
2019-10-05 00:41:40,270 [7fe15ca9-669d-41ff-98c1-d7fb199ea5a9@group-8899233B99DB-LeaderElection7] INFO  server.RaftServerConfigKeys (ConfUtils.java:logGet(43)) - raft.server.write.element-limit = 4096 (default)
2019-10-05 00:41:40,271 [a5ad1b9a-9832-4a8a-ac10-5736bd256877@group-4547A028F0EC-LeaderElection6] INFO  server.RaftServerConfigKeys (ConfUtils.java:logGet(43)) - raft.server.write.element-limit = 4096 (default)
2019-10-05 00:41:40,271 [7fe15ca9-669d-41ff-98c1-d7fb199ea5a9@group-8899233B99DB-LeaderElection7] INFO  server.RaftServerConfigKeys (ConfUtils.java:logGet(43)) - raft.server.watch.timeout = 10s (default)
2019-10-05 00:41:40,271 [a5ad1b9a-9832-4a8a-ac10-5736bd256877@group-4547A028F0EC-LeaderElection6] INFO  server.RaftServerConfigKeys (ConfUtils.java:logGet(43)) - raft.server.watch.timeout = 10s (default)
2019-10-05 00:41:40,271 [7fe15ca9-669d-41ff-98c1-d7fb199ea5a9@group-8899233B99DB-LeaderElection7] INFO  server.RaftServerConfigKeys (ConfUtils.java:logGet(43)) - raft.server.watch.timeout.denomination = 1s (default)
2019-10-05 00:41:40,271 [a5ad1b9a-9832-4a8a-ac10-5736bd256877@group-4547A028F0EC-LeaderElection6] INFO  server.RaftServerConfigKeys (ConfUtils.java:logGet(43)) - raft.server.watch.timeout.denomination = 1s (default)
2019-10-05 00:41:40,271 [7fe15ca9-669d-41ff-98c1-d7fb199ea5a9@group-8899233B99DB-LeaderElection7] INFO  server.RaftServerConfigKeys (ConfUtils.java:logGet(43)) - raft.server.watch.element-limit = 65536 (default)
2019-10-05 00:41:40,271 [a5ad1b9a-9832-4a8a-ac10-5736bd256877@group-4547A028F0EC-LeaderElection6] INFO  server.RaftServerConfigKeys (ConfUtils.java:logGet(43)) - raft.server.watch.element-limit = 65536 (default)
2019-10-05 00:41:40,277 [7fe15ca9-669d-41ff-98c1-d7fb199ea5a9@group-8899233B99DB-LeaderElection7] INFO  impl.RoleInfo (RoleInfo.java:updateAndGet(143)) - 7fe15ca9-669d-41ff-98c1-d7fb199ea5a9: start LeaderState
2019-10-05 00:41:40,277 [a5ad1b9a-9832-4a8a-ac10-5736bd256877@group-4547A028F0EC-LeaderElection6] INFO  impl.RoleInfo (RoleInfo.java:updateAndGet(143)) - a5ad1b9a-9832-4a8a-ac10-5736bd256877: start LeaderState
2019-10-05 00:41:40,277 [7fe15ca9-669d-41ff-98c1-d7fb199ea5a9@group-8899233B99DB-LeaderElection7] INFO  segmented.SegmentedRaftLogWorker (SegmentedRaftLogWorker.java:startLogSegment(385)) - 7fe15ca9-669d-41ff-98c1-d7fb199ea5a9@group-8899233B99DB-SegmentedRaftLogWorker: Starting segment from index:0
2019-10-05 00:41:40,277 [a5ad1b9a-9832-4a8a-ac10-5736bd256877@group-4547A028F0EC-LeaderElection6] INFO  segmented.SegmentedRaftLogWorker (SegmentedRaftLogWorker.java:startLogSegment(385)) - a5ad1b9a-9832-4a8a-ac10-5736bd256877@group-4547A028F0EC-SegmentedRaftLogWorker: Starting segment from index:0
2019-10-05 00:41:40,278 [7fe15ca9-669d-41ff-98c1-d7fb199ea5a9@group-8899233B99DB-LeaderElection7] INFO  impl.RaftServerImpl (ServerState.java:setRaftConf(356)) - 7fe15ca9-669d-41ff-98c1-d7fb199ea5a9@group-8899233B99DB: set configuration 0: [7fe15ca9-669d-41ff-98c1-d7fb199ea5a9:192.168.164.251:33122], old=null at 0
2019-10-05 00:41:40,278 [a5ad1b9a-9832-4a8a-ac10-5736bd256877@group-4547A028F0EC-LeaderElection6] INFO  impl.RaftServerImpl (ServerState.java:setRaftConf(356)) - a5ad1b9a-9832-4a8a-ac10-5736bd256877@group-4547A028F0EC: set configuration 0: [a5ad1b9a-9832-4a8a-ac10-5736bd256877:192.168.164.251:46444], old=null at 0
2019-10-05 00:41:40,349 [7fe15ca9-669d-41ff-98c1-d7fb199ea5a9@group-8899233B99DB-SegmentedRaftLogWorker] INFO  segmented.SegmentedRaftLogWorker (SegmentedRaftLogWorker.java:execute(574)) - 7fe15ca9-669d-41ff-98c1-d7fb199ea5a9@group-8899233B99DB-SegmentedRaftLogWorker: created new log segment /workdir/hadoop-ozone/integration-test/target/test-dir/MiniOzoneClusterImpl-d14a9905-b78b-45c8-984a-6d1d0cddd727/datanode-2/data/ratis/0306ad19-19b0-41e5-b69c-8899233b99db/current/log_inprogress_0
2019-10-05 00:41:40,371 [a5ad1b9a-9832-4a8a-ac10-5736bd256877@group-4547A028F0EC-SegmentedRaftLogWorker] INFO  segmented.SegmentedRaftLogWorker (SegmentedRaftLogWorker.java:execute(574)) - a5ad1b9a-9832-4a8a-ac10-5736bd256877@group-4547A028F0EC-SegmentedRaftLogWorker: created new log segment /workdir/hadoop-ozone/integration-test/target/test-dir/MiniOzoneClusterImpl-d14a9905-b78b-45c8-984a-6d1d0cddd727/datanode-4/data/ratis/0a588156-01d3-4326-9b19-4547a028f0ec/current/log_inprogress_0
2019-10-05 00:41:40,375 [Thread-263] INFO  impl.FollowerState (FollowerState.java:run(108)) - e6236626-feb7-459f-aa25-8a67d6de6183@group-7D7160C4264B-FollowerState: change to CANDIDATE, lastRpcTime:5058ms, electionTimeout:5058ms
2019-10-05 00:41:40,375 [Thread-263] INFO  impl.RoleInfo (RoleInfo.java:shutdownFollowerState(121)) - e6236626-feb7-459f-aa25-8a67d6de6183: shutdown FollowerState
2019-10-05 00:41:40,375 [Thread-263] INFO  impl.RaftServerImpl (RaftServerImpl.java:setRole(170)) - e6236626-feb7-459f-aa25-8a67d6de6183@group-7D7160C4264B: changes role from  FOLLOWER to CANDIDATE at term 0 for changeToCandidate
2019-10-05 00:41:40,376 [Thread-263] INFO  impl.RoleInfo (RoleInfo.java:updateAndGet(143)) - e6236626-feb7-459f-aa25-8a67d6de6183: start LeaderElection
2019-10-05 00:41:40,384 [Thread-265] INFO  impl.FollowerState (FollowerState.java:run(108)) - 0cfbbb8e-368b-4351-b40c-3060245fa82c@group-7D7160C4264B-FollowerState: change to CANDIDATE, lastRpcTime:5063ms, electionTimeout:5063ms
2019-10-05 00:41:40,385 [Thread-265] INFO  impl.RoleInfo (RoleInfo.java:shutdownFollowerState(121)) - 0cfbbb8e-368b-4351-b40c-3060245fa82c: shutdown FollowerState
2019-10-05 00:41:40,385 [Thread-265] INFO  impl.RaftServerImpl (RaftServerImpl.java:setRole(170)) - 0cfbbb8e-368b-4351-b40c-3060245fa82c@group-7D7160C4264B: changes role from  FOLLOWER to CANDIDATE at term 0 for changeToCandidate
2019-10-05 00:41:40,385 [Thread-265] INFO  impl.RoleInfo (RoleInfo.java:updateAndGet(143)) - 0cfbbb8e-368b-4351-b40c-3060245fa82c: start LeaderElection
2019-10-05 00:41:40,395 [e6236626-feb7-459f-aa25-8a67d6de6183@group-7D7160C4264B-LeaderElection8] INFO  impl.LeaderElection (LeaderElection.java:askForVotes(178)) - e6236626-feb7-459f-aa25-8a67d6de6183@group-7D7160C4264B-LeaderElection8: begin an election at term 1 for -1: [b3186dea-d713-4b94-b735-e44dad95efa8:192.168.164.251:38285, e6236626-feb7-459f-aa25-8a67d6de6183:192.168.164.251:33107, 0cfbbb8e-368b-4351-b40c-3060245fa82c:192.168.164.251:41664], old=null
2019-10-05 00:41:40,419 [0cfbbb8e-368b-4351-b40c-3060245fa82c@group-7D7160C4264B-LeaderElection9] INFO  impl.LeaderElection (LeaderElection.java:askForVotes(178)) - 0cfbbb8e-368b-4351-b40c-3060245fa82c@group-7D7160C4264B-LeaderElection9: begin an election at term 1 for -1: [b3186dea-d713-4b94-b735-e44dad95efa8:192.168.164.251:38285, e6236626-feb7-459f-aa25-8a67d6de6183:192.168.164.251:33107, 0cfbbb8e-368b-4351-b40c-3060245fa82c:192.168.164.251:41664], old=null
2019-10-05 00:41:40,433 [Thread-266] INFO  impl.FollowerState (FollowerState.java:run(108)) - b3186dea-d713-4b94-b735-e44dad95efa8@group-7D7160C4264B-FollowerState: change to CANDIDATE, lastRpcTime:5109ms, electionTimeout:5109ms
2019-10-05 00:41:40,433 [Thread-266] INFO  impl.RoleInfo (RoleInfo.java:shutdownFollowerState(121)) - b3186dea-d713-4b94-b735-e44dad95efa8: shutdown FollowerState
2019-10-05 00:41:40,434 [Thread-266] INFO  impl.RaftServerImpl (RaftServerImpl.java:setRole(170)) - b3186dea-d713-4b94-b735-e44dad95efa8@group-7D7160C4264B: changes role from  FOLLOWER to CANDIDATE at term 0 for changeToCandidate
2019-10-05 00:41:40,434 [Thread-266] INFO  impl.RoleInfo (RoleInfo.java:updateAndGet(143)) - b3186dea-d713-4b94-b735-e44dad95efa8: start LeaderElection
2019-10-05 00:41:40,474 [b3186dea-d713-4b94-b735-e44dad95efa8@group-7D7160C4264B-LeaderElection10] INFO  impl.LeaderElection (LeaderElection.java:askForVotes(178)) - b3186dea-d713-4b94-b735-e44dad95efa8@group-7D7160C4264B-LeaderElection10: begin an election at term 1 for -1: [b3186dea-d713-4b94-b735-e44dad95efa8:192.168.164.251:38285, e6236626-feb7-459f-aa25-8a67d6de6183:192.168.164.251:33107, 0cfbbb8e-368b-4351-b40c-3060245fa82c:192.168.164.251:41664], old=null
2019-10-05 00:41:40,486 [e6236626-feb7-459f-aa25-8a67d6de6183@group-7D7160C4264B-LeaderElection8] INFO  impl.LeaderElection (LeaderElection.java:logAndReturn(56)) - e6236626-feb7-459f-aa25-8a67d6de6183@group-7D7160C4264B-LeaderElection8: Election REJECTED; received 2 response(s) [e6236626-feb7-459f-aa25-8a67d6de6183<-b3186dea-d713-4b94-b735-e44dad95efa8#0:FAIL-t1, e6236626-feb7-459f-aa25-8a67d6de6183<-0cfbbb8e-368b-4351-b40c-3060245fa82c#0:FAIL-t1] and 0 exception(s); e6236626-feb7-459f-aa25-8a67d6de6183@group-7D7160C4264B:t1, leader=null, voted=e6236626-feb7-459f-aa25-8a67d6de6183, raftlog=e6236626-feb7-459f-aa25-8a67d6de6183@group-7D7160C4264B-SegmentedRaftLog:OPENED:c-1,f-1,i0, conf=-1: [b3186dea-d713-4b94-b735-e44dad95efa8:192.168.164.251:38285, e6236626-feb7-459f-aa25-8a67d6de6183:192.168.164.251:33107, 0cfbbb8e-368b-4351-b40c-3060245fa82c:192.168.164.251:41664], old=null
2019-10-05 00:41:40,486 [0cfbbb8e-368b-4351-b40c-3060245fa82c@group-7D7160C4264B-LeaderElection9] INFO  impl.LeaderElection (LeaderElection.java:logAndReturn(56)) - 0cfbbb8e-368b-4351-b40c-3060245fa82c@group-7D7160C4264B-LeaderElection9: Election REJECTED; received 2 response(s) [0cfbbb8e-368b-4351-b40c-3060245fa82c<-e6236626-feb7-459f-aa25-8a67d6de6183#0:FAIL-t1, 0cfbbb8e-368b-4351-b40c-3060245fa82c<-b3186dea-d713-4b94-b735-e44dad95efa8#0:FAIL-t1] and 0 exception(s); 0cfbbb8e-368b-4351-b40c-3060245fa82c@group-7D7160C4264B:t1, leader=null, voted=0cfbbb8e-368b-4351-b40c-3060245fa82c, raftlog=0cfbbb8e-368b-4351-b40c-3060245fa82c@group-7D7160C4264B-SegmentedRaftLog:OPENED:c-1,f-1,i0, conf=-1: [b3186dea-d713-4b94-b735-e44dad95efa8:192.168.164.251:38285, e6236626-feb7-459f-aa25-8a67d6de6183:192.168.164.251:33107, 0cfbbb8e-368b-4351-b40c-3060245fa82c:192.168.164.251:41664], old=null
2019-10-05 00:41:40,490 [0cfbbb8e-368b-4351-b40c-3060245fa82c@group-7D7160C4264B-LeaderElection9] INFO  impl.RaftServerImpl (RaftServerImpl.java:setRole(170)) - 0cfbbb8e-368b-4351-b40c-3060245fa82c@group-7D7160C4264B: changes role from CANDIDATE to FOLLOWER at term 1 for DISCOVERED_A_NEW_TERM
2019-10-05 00:41:40,490 [e6236626-feb7-459f-aa25-8a67d6de6183@group-7D7160C4264B-LeaderElection8] INFO  impl.RaftServerImpl (RaftServerImpl.java:setRole(170)) - e6236626-feb7-459f-aa25-8a67d6de6183@group-7D7160C4264B: changes role from CANDIDATE to FOLLOWER at term 1 for DISCOVERED_A_NEW_TERM
2019-10-05 00:41:40,490 [0cfbbb8e-368b-4351-b40c-3060245fa82c@group-7D7160C4264B-LeaderElection9] INFO  impl.RoleInfo (RoleInfo.java:shutdownLeaderElection(134)) - 0cfbbb8e-368b-4351-b40c-3060245fa82c: shutdown LeaderElection
2019-10-05 00:41:40,492 [e6236626-feb7-459f-aa25-8a67d6de6183@group-7D7160C4264B-LeaderElection8] INFO  impl.RoleInfo (RoleInfo.java:shutdownLeaderElection(134)) - e6236626-feb7-459f-aa25-8a67d6de6183: shutdown LeaderElection
2019-10-05 00:41:40,493 [0cfbbb8e-368b-4351-b40c-3060245fa82c@group-7D7160C4264B-LeaderElection9] INFO  impl.RoleInfo (RoleInfo.java:updateAndGet(143)) - 0cfbbb8e-368b-4351-b40c-3060245fa82c: start FollowerState
2019-10-05 00:41:40,494 [e6236626-feb7-459f-aa25-8a67d6de6183@group-7D7160C4264B-LeaderElection8] INFO  impl.RoleInfo (RoleInfo.java:updateAndGet(143)) - e6236626-feb7-459f-aa25-8a67d6de6183: start FollowerState
2019-10-05 00:41:40,505 [b3186dea-d713-4b94-b735-e44dad95efa8@group-7D7160C4264B-LeaderElection10] INFO  impl.LeaderElection (LeaderElection.java:logAndReturn(56)) - b3186dea-d713-4b94-b735-e44dad95efa8@group-7D7160C4264B-LeaderElection10: Election REJECTED; received 2 response(s) [b3186dea-d713-4b94-b735-e44dad95efa8<-e6236626-feb7-459f-aa25-8a67d6de6183#0:FAIL-t1, b3186dea-d713-4b94-b735-e44dad95efa8<-0cfbbb8e-368b-4351-b40c-3060245fa82c#0:FAIL-t1] and 0 exception(s); b3186dea-d713-4b94-b735-e44dad95efa8@group-7D7160C4264B:t1, leader=null, voted=b3186dea-d713-4b94-b735-e44dad95efa8, raftlog=b3186dea-d713-4b94-b735-e44dad95efa8@group-7D7160C4264B-SegmentedRaftLog:OPENED:c-1,f-1,i0, conf=-1: [b3186dea-d713-4b94-b735-e44dad95efa8:192.168.164.251:38285, e6236626-feb7-459f-aa25-8a67d6de6183:192.168.164.251:33107, 0cfbbb8e-368b-4351-b40c-3060245fa82c:192.168.164.251:41664], old=null
2019-10-05 00:41:40,505 [b3186dea-d713-4b94-b735-e44dad95efa8@group-7D7160C4264B-LeaderElection10] INFO  impl.RaftServerImpl (RaftServerImpl.java:setRole(170)) - b3186dea-d713-4b94-b735-e44dad95efa8@group-7D7160C4264B: changes role from CANDIDATE to FOLLOWER at term 1 for DISCOVERED_A_NEW_TERM
2019-10-05 00:41:40,508 [Thread-275] INFO  impl.FollowerState (FollowerState.java:run(108)) - ec6ed5d8-da6b-4b29-b1fb-11a9b6f3cc90@group-BE7BEB78CA86-FollowerState: change to CANDIDATE, lastRpcTime:5039ms, electionTimeout:5038ms
2019-10-05 00:41:40,508 [b3186dea-d713-4b94-b735-e44dad95efa8@group-7D7160C4264B-LeaderElection10] INFO  impl.RoleInfo (RoleInfo.java:shutdownLeaderElection(134)) - b3186dea-d713-4b94-b735-e44dad95efa8: shutdown LeaderElection
2019-10-05 00:41:40,510 [Thread-275] INFO  impl.RoleInfo (RoleInfo.java:shutdownFollowerState(121)) - ec6ed5d8-da6b-4b29-b1fb-11a9b6f3cc90: shutdown FollowerState
2019-10-05 00:41:40,510 [b3186dea-d713-4b94-b735-e44dad95efa8@group-7D7160C4264B-LeaderElection10] INFO  impl.RoleInfo (RoleInfo.java:updateAndGet(143)) - b3186dea-d713-4b94-b735-e44dad95efa8: start FollowerState
2019-10-05 00:41:40,510 [Thread-275] INFO  impl.RaftServerImpl (RaftServerImpl.java:setRole(170)) - ec6ed5d8-da6b-4b29-b1fb-11a9b6f3cc90@group-BE7BEB78CA86: changes role from  FOLLOWER to CANDIDATE at term 0 for changeToCandidate
2019-10-05 00:41:40,510 [Thread-275] INFO  impl.RoleInfo (RoleInfo.java:updateAndGet(143)) - ec6ed5d8-da6b-4b29-b1fb-11a9b6f3cc90: start LeaderElection
2019-10-05 00:41:40,516 [Thread-274] INFO  impl.FollowerState (FollowerState.java:run(108)) - 940ba36b-0df7-4bc7-a76f-c977d596cba9@group-BE7BEB78CA86-FollowerState: change to CANDIDATE, lastRpcTime:5049ms, electionTimeout:5044ms
2019-10-05 00:41:40,516 [Thread-274] INFO  impl.RoleInfo (RoleInfo.java:shutdownFollowerState(121)) - 940ba36b-0df7-4bc7-a76f-c977d596cba9: shutdown FollowerState
2019-10-05 00:41:40,519 [Thread-274] INFO  impl.RaftServerImpl (RaftServerImpl.java:setRole(170)) - 940ba36b-0df7-4bc7-a76f-c977d596cba9@group-BE7BEB78CA86: changes role from  FOLLOWER to CANDIDATE at term 0 for changeToCandidate
2019-10-05 00:41:40,519 [Thread-274] INFO  impl.RoleInfo (RoleInfo.java:updateAndGet(143)) - 940ba36b-0df7-4bc7-a76f-c977d596cba9: start LeaderElection
2019-10-05 00:41:40,536 [940ba36b-0df7-4bc7-a76f-c977d596cba9@group-BE7BEB78CA86-LeaderElection12] INFO  impl.LeaderElection (LeaderElection.java:askForVotes(178)) - 940ba36b-0df7-4bc7-a76f-c977d596cba9@group-BE7BEB78CA86-LeaderElection12: begin an election at term 1 for -1: [7fe15ca9-669d-41ff-98c1-d7fb199ea5a9:192.168.164.251:33122, ec6ed5d8-da6b-4b29-b1fb-11a9b6f3cc90:192.168.164.251:43062, 940ba36b-0df7-4bc7-a76f-c977d596cba9:192.168.164.251:38078], old=null
2019-10-05 00:41:40,536 [ec6ed5d8-da6b-4b29-b1fb-11a9b6f3cc90@group-BE7BEB78CA86-LeaderElection11] INFO  impl.LeaderElection (LeaderElection.java:askForVotes(178)) - ec6ed5d8-da6b-4b29-b1fb-11a9b6f3cc90@group-BE7BEB78CA86-LeaderElection11: begin an election at term 1 for -1: [7fe15ca9-669d-41ff-98c1-d7fb199ea5a9:192.168.164.251:33122, ec6ed5d8-da6b-4b29-b1fb-11a9b6f3cc90:192.168.164.251:43062, 940ba36b-0df7-4bc7-a76f-c977d596cba9:192.168.164.251:38078], old=null
2019-10-05 00:41:40,558 [grpc-default-executor-0] INFO  impl.RaftServerImpl (RaftServerImpl.java:setRole(170)) - 7fe15ca9-669d-41ff-98c1-d7fb199ea5a9@group-BE7BEB78CA86: changes role from  FOLLOWER to FOLLOWER at term 1 for recognizeCandidate:940ba36b-0df7-4bc7-a76f-c977d596cba9
2019-10-05 00:41:40,560 [grpc-default-executor-0] INFO  impl.RoleInfo (RoleInfo.java:shutdownFollowerState(121)) - 7fe15ca9-669d-41ff-98c1-d7fb199ea5a9: shutdown FollowerState
2019-10-05 00:41:40,561 [grpc-default-executor-0] INFO  impl.RoleInfo (RoleInfo.java:updateAndGet(143)) - 7fe15ca9-669d-41ff-98c1-d7fb199ea5a9: start FollowerState
2019-10-05 00:41:40,600 [940ba36b-0df7-4bc7-a76f-c977d596cba9@group-BE7BEB78CA86-LeaderElection12] INFO  impl.LeaderElection (LeaderElection.java:logAndReturn(56)) - 940ba36b-0df7-4bc7-a76f-c977d596cba9@group-BE7BEB78CA86-LeaderElection12: Election PASSED; received 2 response(s) [940ba36b-0df7-4bc7-a76f-c977d596cba9<-7fe15ca9-669d-41ff-98c1-d7fb199ea5a9#0:OK-t1, 940ba36b-0df7-4bc7-a76f-c977d596cba9<-ec6ed5d8-da6b-4b29-b1fb-11a9b6f3cc90#0:FAIL-t1] and 0 exception(s); 940ba36b-0df7-4bc7-a76f-c977d596cba9@group-BE7BEB78CA86:t1, leader=null, voted=940ba36b-0df7-4bc7-a76f-c977d596cba9, raftlog=940ba36b-0df7-4bc7-a76f-c977d596cba9@group-BE7BEB78CA86-SegmentedRaftLog:OPENED:c-1,f-1,i0, conf=-1: [7fe15ca9-669d-41ff-98c1-d7fb199ea5a9:192.168.164.251:33122, ec6ed5d8-da6b-4b29-b1fb-11a9b6f3cc90:192.168.164.251:43062, 940ba36b-0df7-4bc7-a76f-c977d596cba9:192.168.164.251:38078], old=null
2019-10-05 00:41:40,601 [940ba36b-0df7-4bc7-a76f-c977d596cba9@group-BE7BEB78CA86-LeaderElection12] INFO  impl.RoleInfo (RoleInfo.java:shutdownLeaderElection(134)) - 940ba36b-0df7-4bc7-a76f-c977d596cba9: shutdown LeaderElection
2019-10-05 00:41:40,602 [940ba36b-0df7-4bc7-a76f-c977d596cba9@group-BE7BEB78CA86-LeaderElection12] INFO  impl.RaftServerImpl (RaftServerImpl.java:setRole(170)) - 940ba36b-0df7-4bc7-a76f-c977d596cba9@group-BE7BEB78CA86: changes role from CANDIDATE to LEADER at term 1 for changeToLeader
2019-10-05 00:41:40,603 [940ba36b-0df7-4bc7-a76f-c977d596cba9@group-BE7BEB78CA86-LeaderElection12] INFO  impl.RaftServerImpl (ServerState.java:setLeader(255)) - 940ba36b-0df7-4bc7-a76f-c977d596cba9@group-BE7BEB78CA86: change Leader from null to 940ba36b-0df7-4bc7-a76f-c977d596cba9 at term 1 for becomeLeader, leader elected after 5156ms
2019-10-05 00:41:40,603 [ec6ed5d8-da6b-4b29-b1fb-11a9b6f3cc90@group-BE7BEB78CA86-LeaderElection11] INFO  impl.LeaderElection (LeaderElection.java:logAndReturn(56)) - ec6ed5d8-da6b-4b29-b1fb-11a9b6f3cc90@group-BE7BEB78CA86-LeaderElection11: Election REJECTED; received 2 response(s) [ec6ed5d8-da6b-4b29-b1fb-11a9b6f3cc90<-7fe15ca9-669d-41ff-98c1-d7fb199ea5a9#0:FAIL-t1, ec6ed5d8-da6b-4b29-b1fb-11a9b6f3cc90<-940ba36b-0df7-4bc7-a76f-c977d596cba9#0:FAIL-t1] and 0 exception(s); ec6ed5d8-da6b-4b29-b1fb-11a9b6f3cc90@group-BE7BEB78CA86:t1, leader=null, voted=ec6ed5d8-da6b-4b29-b1fb-11a9b6f3cc90, raftlog=ec6ed5d8-da6b-4b29-b1fb-11a9b6f3cc90@group-BE7BEB78CA86-SegmentedRaftLog:OPENED:c-1,f-1,i0, conf=-1: [7fe15ca9-669d-41ff-98c1-d7fb199ea5a9:192.168.164.251:33122, ec6ed5d8-da6b-4b29-b1fb-11a9b6f3cc90:192.168.164.251:43062, 940ba36b-0df7-4bc7-a76f-c977d596cba9:192.168.164.251:38078], old=null
2019-10-05 00:41:40,603 [940ba36b-0df7-4bc7-a76f-c977d596cba9@group-BE7BEB78CA86-LeaderElection12] INFO  server.RaftServerConfigKeys (ConfUtils.java:logGet(43)) - raft.server.staging.catchup.gap = 1000 (default)
2019-10-05 00:41:40,605 [ec6ed5d8-da6b-4b29-b1fb-11a9b6f3cc90@group-BE7BEB78CA86-LeaderElection11] INFO  impl.RaftServerImpl (RaftServerImpl.java:setRole(170)) - ec6ed5d8-da6b-4b29-b1fb-11a9b6f3cc90@group-BE7BEB78CA86: changes role from CANDIDATE to FOLLOWER at term 1 for DISCOVERED_A_NEW_TERM
2019-10-05 00:41:40,607 [940ba36b-0df7-4bc7-a76f-c977d596cba9@group-BE7BEB78CA86-LeaderElection12] INFO  server.RaftServerConfigKeys (ConfUtils.java:logGet(43)) - raft.server.rpc.sleep.time = 25ms (default)
2019-10-05 00:41:40,607 [ec6ed5d8-da6b-4b29-b1fb-11a9b6f3cc90@group-BE7BEB78CA86-LeaderElection11] INFO  impl.RoleInfo (RoleInfo.java:shutdownLeaderElection(134)) - ec6ed5d8-da6b-4b29-b1fb-11a9b6f3cc90: shutdown LeaderElection
2019-10-05 00:41:40,608 [940ba36b-0df7-4bc7-a76f-c977d596cba9@group-BE7BEB78CA86-LeaderElection12] INFO  server.RaftServerConfigKeys (ConfUtils.java:logGet(43)) - raft.server.write.element-limit = 4096 (default)
2019-10-05 00:41:40,608 [ec6ed5d8-da6b-4b29-b1fb-11a9b6f3cc90@group-BE7BEB78CA86-LeaderElection11] INFO  impl.RoleInfo (RoleInfo.java:updateAndGet(143)) - ec6ed5d8-da6b-4b29-b1fb-11a9b6f3cc90: start FollowerState
2019-10-05 00:41:40,608 [940ba36b-0df7-4bc7-a76f-c977d596cba9@group-BE7BEB78CA86-LeaderElection12] INFO  server.RaftServerConfigKeys (ConfUtils.java:logGet(43)) - raft.server.watch.timeout = 10s (default)
2019-10-05 00:41:40,608 [940ba36b-0df7-4bc7-a76f-c977d596cba9@group-BE7BEB78CA86-LeaderElection12] INFO  server.RaftServerConfigKeys (ConfUtils.java:logGet(43)) - raft.server.watch.timeout.denomination = 1s (default)
2019-10-05 00:41:40,610 [940ba36b-0df7-4bc7-a76f-c977d596cba9@group-BE7BEB78CA86-LeaderElection12] INFO  server.RaftServerConfigKeys (ConfUtils.java:logGet(43)) - raft.server.watch.element-limit = 65536 (default)
2019-10-05 00:41:40,617 [940ba36b-0df7-4bc7-a76f-c977d596cba9@group-BE7BEB78CA86-LeaderElection12] INFO  server.RaftServerConfigKeys (ConfUtils.java:logGet(43)) - raft.server.log.appender.snapshot.chunk.size.max = 16MB (=16777216) (default)
2019-10-05 00:41:40,617 [940ba36b-0df7-4bc7-a76f-c977d596cba9@group-BE7BEB78CA86-LeaderElection12] INFO  server.RaftServerConfigKeys (ConfUtils.java:logGet(43)) - raft.server.log.appender.buffer.byte-limit = 33554432 (custom)
2019-10-05 00:41:40,618 [940ba36b-0df7-4bc7-a76f-c977d596cba9@group-BE7BEB78CA86-LeaderElection12] INFO  server.RaftServerConfigKeys (ConfUtils.java:logGet(43)) - raft.server.log.appender.buffer.element-limit = 1 (custom)
2019-10-05 00:41:40,622 [940ba36b-0df7-4bc7-a76f-c977d596cba9@group-BE7BEB78CA86-LeaderElection12] INFO  grpc.GrpcConfigKeys$Server (ConfUtils.java:logGet(43)) - raft.grpc.server.leader.outstanding.appends.max = 128 (default)
2019-10-05 00:41:40,622 [940ba36b-0df7-4bc7-a76f-c977d596cba9@group-BE7BEB78CA86-LeaderElection12] INFO  server.RaftServerConfigKeys (ConfUtils.java:logGet(43)) - raft.server.rpc.request.timeout = 3000ms (default)
2019-10-05 00:41:40,622 [940ba36b-0df7-4bc7-a76f-c977d596cba9@group-BE7BEB78CA86-LeaderElection12] INFO  server.RaftServerConfigKeys (ConfUtils.java:logGet(43)) - raft.server.log.appender.install.snapshot.enabled = false (custom)
2019-10-05 00:41:40,623 [940ba36b-0df7-4bc7-a76f-c977d596cba9@group-BE7BEB78CA86-LeaderElection12] INFO  server.RaftServerConfigKeys (ConfUtils.java:logGet(43)) - raft.server.log.appender.snapshot.chunk.size.max = 16MB (=16777216) (default)
2019-10-05 00:41:40,623 [940ba36b-0df7-4bc7-a76f-c977d596cba9@group-BE7BEB78CA86-LeaderElection12] INFO  server.RaftServerConfigKeys (ConfUtils.java:logGet(43)) - raft.server.log.appender.buffer.byte-limit = 33554432 (custom)
2019-10-05 00:41:40,624 [940ba36b-0df7-4bc7-a76f-c977d596cba9@group-BE7BEB78CA86-LeaderElection12] INFO  server.RaftServerConfigKeys (ConfUtils.java:logGet(43)) - raft.server.log.appender.buffer.element-limit = 1 (custom)
2019-10-05 00:41:40,624 [940ba36b-0df7-4bc7-a76f-c977d596cba9@group-BE7BEB78CA86-LeaderElection12] INFO  grpc.GrpcConfigKeys$Server (ConfUtils.java:logGet(43)) - raft.grpc.server.leader.outstanding.appends.max = 128 (default)
2019-10-05 00:41:40,624 [940ba36b-0df7-4bc7-a76f-c977d596cba9@group-BE7BEB78CA86-LeaderElection12] INFO  server.RaftServerConfigKeys (ConfUtils.java:logGet(43)) - raft.server.rpc.request.timeout = 3000ms (default)
2019-10-05 00:41:40,624 [940ba36b-0df7-4bc7-a76f-c977d596cba9@group-BE7BEB78CA86-LeaderElection12] INFO  server.RaftServerConfigKeys (ConfUtils.java:logGet(43)) - raft.server.log.appender.install.snapshot.enabled = false (custom)
2019-10-05 00:41:40,626 [940ba36b-0df7-4bc7-a76f-c977d596cba9@group-BE7BEB78CA86-LeaderElection12] INFO  impl.RoleInfo (RoleInfo.java:updateAndGet(143)) - 940ba36b-0df7-4bc7-a76f-c977d596cba9: start LeaderState
2019-10-05 00:41:40,626 [940ba36b-0df7-4bc7-a76f-c977d596cba9@group-BE7BEB78CA86-LeaderElection12] INFO  segmented.SegmentedRaftLogWorker (SegmentedRaftLogWorker.java:startLogSegment(385)) - 940ba36b-0df7-4bc7-a76f-c977d596cba9@group-BE7BEB78CA86-SegmentedRaftLogWorker: Starting segment from index:0
2019-10-05 00:41:40,627 [940ba36b-0df7-4bc7-a76f-c977d596cba9@group-BE7BEB78CA86-LeaderElection12] INFO  impl.RaftServerImpl (ServerState.java:setRaftConf(356)) - 940ba36b-0df7-4bc7-a76f-c977d596cba9@group-BE7BEB78CA86: set configuration 0: [7fe15ca9-669d-41ff-98c1-d7fb199ea5a9:192.168.164.251:33122, ec6ed5d8-da6b-4b29-b1fb-11a9b6f3cc90:192.168.164.251:43062, 940ba36b-0df7-4bc7-a76f-c977d596cba9:192.168.164.251:38078], old=null at 0
2019-10-05 00:41:40,692 [940ba36b-0df7-4bc7-a76f-c977d596cba9@group-BE7BEB78CA86-SegmentedRaftLogWorker] INFO  segmented.SegmentedRaftLogWorker (SegmentedRaftLogWorker.java:execute(574)) - 940ba36b-0df7-4bc7-a76f-c977d596cba9@group-BE7BEB78CA86-SegmentedRaftLogWorker: created new log segment /workdir/hadoop-ozone/integration-test/target/test-dir/MiniOzoneClusterImpl-d14a9905-b78b-45c8-984a-6d1d0cddd727/datanode-1/data/ratis/b9bb99bc-4ba1-45cf-b375-be7beb78ca86/current/log_inprogress_0
2019-10-05 00:41:40,700 [grpc-default-executor-0] INFO  impl.RaftServerImpl (ServerState.java:setLeader(255)) - ec6ed5d8-da6b-4b29-b1fb-11a9b6f3cc90@group-BE7BEB78CA86: change Leader from null to 940ba36b-0df7-4bc7-a76f-c977d596cba9 at term 1 for appendEntries, leader elected after 5256ms
2019-10-05 00:41:40,700 [grpc-default-executor-1] INFO  impl.RaftServerImpl (ServerState.java:setLeader(255)) - 7fe15ca9-669d-41ff-98c1-d7fb199ea5a9@group-BE7BEB78CA86: change Leader from null to 940ba36b-0df7-4bc7-a76f-c977d596cba9 at term 1 for appendEntries, leader elected after 5254ms
2019-10-05 00:41:40,739 [grpc-default-executor-0] INFO  impl.RaftServerImpl (ServerState.java:setRaftConf(356)) - 7fe15ca9-669d-41ff-98c1-d7fb199ea5a9@group-BE7BEB78CA86: set configuration 0: [7fe15ca9-669d-41ff-98c1-d7fb199ea5a9:192.168.164.251:33122, ec6ed5d8-da6b-4b29-b1fb-11a9b6f3cc90:192.168.164.251:43062, 940ba36b-0df7-4bc7-a76f-c977d596cba9:192.168.164.251:38078], old=null at 0
2019-10-05 00:41:40,739 [grpc-default-executor-1] INFO  impl.RaftServerImpl (ServerState.java:setRaftConf(356)) - ec6ed5d8-da6b-4b29-b1fb-11a9b6f3cc90@group-BE7BEB78CA86: set configuration 0: [7fe15ca9-669d-41ff-98c1-d7fb199ea5a9:192.168.164.251:33122, ec6ed5d8-da6b-4b29-b1fb-11a9b6f3cc90:192.168.164.251:43062, 940ba36b-0df7-4bc7-a76f-c977d596cba9:192.168.164.251:38078], old=null at 0
2019-10-05 00:41:40,739 [grpc-default-executor-0] INFO  segmented.SegmentedRaftLogWorker (SegmentedRaftLogWorker.java:startLogSegment(385)) - 7fe15ca9-669d-41ff-98c1-d7fb199ea5a9@group-BE7BEB78CA86-SegmentedRaftLogWorker: Starting segment from index:0
2019-10-05 00:41:40,739 [grpc-default-executor-1] INFO  segmented.SegmentedRaftLogWorker (SegmentedRaftLogWorker.java:startLogSegment(385)) - ec6ed5d8-da6b-4b29-b1fb-11a9b6f3cc90@group-BE7BEB78CA86-SegmentedRaftLogWorker: Starting segment from index:0
2019-10-05 00:41:40,812 [ec6ed5d8-da6b-4b29-b1fb-11a9b6f3cc90@group-BE7BEB78CA86-SegmentedRaftLogWorker] INFO  segmented.SegmentedRaftLogWorker (SegmentedRaftLogWorker.java:execute(574)) - ec6ed5d8-da6b-4b29-b1fb-11a9b6f3cc90@group-BE7BEB78CA86-SegmentedRaftLogWorker: created new log segment /workdir/hadoop-ozone/integration-test/target/test-dir/MiniOzoneClusterImpl-d14a9905-b78b-45c8-984a-6d1d0cddd727/datanode-6/data/ratis/b9bb99bc-4ba1-45cf-b375-be7beb78ca86/current/log_inprogress_0
2019-10-05 00:41:40,812 [7fe15ca9-669d-41ff-98c1-d7fb199ea5a9@group-BE7BEB78CA86-SegmentedRaftLogWorker] INFO  segmented.SegmentedRaftLogWorker (SegmentedRaftLogWorker.java:execute(574)) - 7fe15ca9-669d-41ff-98c1-d7fb199ea5a9@group-BE7BEB78CA86-SegmentedRaftLogWorker: created new log segment /workdir/hadoop-ozone/integration-test/target/test-dir/MiniOzoneClusterImpl-d14a9905-b78b-45c8-984a-6d1d0cddd727/datanode-2/data/ratis/b9bb99bc-4ba1-45cf-b375-be7beb78ca86/current/log_inprogress_0
2019-10-05 00:41:45,523 [Thread-316] INFO  impl.FollowerState (FollowerState.java:run(108)) - b3186dea-d713-4b94-b735-e44dad95efa8@group-7D7160C4264B-FollowerState: change to CANDIDATE, lastRpcTime:5012ms, electionTimeout:5007ms
2019-10-05 00:41:45,523 [Thread-316] INFO  impl.RoleInfo (RoleInfo.java:shutdownFollowerState(121)) - b3186dea-d713-4b94-b735-e44dad95efa8: shutdown FollowerState
2019-10-05 00:41:45,523 [Thread-316] INFO  impl.RaftServerImpl (RaftServerImpl.java:setRole(170)) - b3186dea-d713-4b94-b735-e44dad95efa8@group-7D7160C4264B: changes role from  FOLLOWER to CANDIDATE at term 1 for changeToCandidate
2019-10-05 00:41:45,524 [Thread-316] INFO  impl.RoleInfo (RoleInfo.java:updateAndGet(143)) - b3186dea-d713-4b94-b735-e44dad95efa8: start LeaderElection
2019-10-05 00:41:45,550 [b3186dea-d713-4b94-b735-e44dad95efa8@group-7D7160C4264B-LeaderElection13] INFO  impl.LeaderElection (LeaderElection.java:askForVotes(178)) - b3186dea-d713-4b94-b735-e44dad95efa8@group-7D7160C4264B-LeaderElection13: begin an election at term 2 for -1: [b3186dea-d713-4b94-b735-e44dad95efa8:192.168.164.251:38285, e6236626-feb7-459f-aa25-8a67d6de6183:192.168.164.251:33107, 0cfbbb8e-368b-4351-b40c-3060245fa82c:192.168.164.251:41664], old=null
2019-10-05 00:41:45,552 [Thread-315] INFO  impl.FollowerState (FollowerState.java:run(108)) - e6236626-feb7-459f-aa25-8a67d6de6183@group-7D7160C4264B-FollowerState: change to CANDIDATE, lastRpcTime:5057ms, electionTimeout:5056ms
2019-10-05 00:41:45,552 [Thread-315] INFO  impl.RoleInfo (RoleInfo.java:shutdownFollowerState(121)) - e6236626-feb7-459f-aa25-8a67d6de6183: shutdown FollowerState
2019-10-05 00:41:45,552 [Thread-315] INFO  impl.RaftServerImpl (RaftServerImpl.java:setRole(170)) - e6236626-feb7-459f-aa25-8a67d6de6183@group-7D7160C4264B: changes role from  FOLLOWER to CANDIDATE at term 1 for changeToCandidate
2019-10-05 00:41:45,552 [Thread-315] INFO  impl.RoleInfo (RoleInfo.java:updateAndGet(143)) - e6236626-feb7-459f-aa25-8a67d6de6183: start LeaderElection
2019-10-05 00:41:45,560 [grpc-default-executor-0] INFO  impl.RaftServerImpl (RaftServerImpl.java:setRole(170)) - 0cfbbb8e-368b-4351-b40c-3060245fa82c@group-7D7160C4264B: changes role from  FOLLOWER to FOLLOWER at term 2 for recognizeCandidate:b3186dea-d713-4b94-b735-e44dad95efa8
2019-10-05 00:41:45,561 [grpc-default-executor-0] INFO  impl.RoleInfo (RoleInfo.java:shutdownFollowerState(121)) - 0cfbbb8e-368b-4351-b40c-3060245fa82c: shutdown FollowerState
2019-10-05 00:41:45,561 [grpc-default-executor-0] INFO  impl.RoleInfo (RoleInfo.java:updateAndGet(143)) - 0cfbbb8e-368b-4351-b40c-3060245fa82c: start FollowerState
2019-10-05 00:41:45,561 [Thread-314] INFO  impl.FollowerState (FollowerState.java:run(117)) - 0cfbbb8e-368b-4351-b40c-3060245fa82c@group-7D7160C4264B-FollowerState was interrupted: java.lang.InterruptedException: sleep interrupted
2019-10-05 00:41:45,586 [e6236626-feb7-459f-aa25-8a67d6de6183@group-7D7160C4264B-LeaderElection14] INFO  impl.LeaderElection (LeaderElection.java:askForVotes(178)) - e6236626-feb7-459f-aa25-8a67d6de6183@group-7D7160C4264B-LeaderElection14: begin an election at term 2 for -1: [b3186dea-d713-4b94-b735-e44dad95efa8:192.168.164.251:38285, e6236626-feb7-459f-aa25-8a67d6de6183:192.168.164.251:33107, 0cfbbb8e-368b-4351-b40c-3060245fa82c:192.168.164.251:41664], old=null
2019-10-05 00:41:45,588 [b3186dea-d713-4b94-b735-e44dad95efa8@group-7D7160C4264B-LeaderElection13] INFO  impl.LeaderElection (LeaderElection.java:logAndReturn(56)) - b3186dea-d713-4b94-b735-e44dad95efa8@group-7D7160C4264B-LeaderElection13: Election PASSED; received 1 response(s) [b3186dea-d713-4b94-b735-e44dad95efa8<-0cfbbb8e-368b-4351-b40c-3060245fa82c#0:OK-t2] and 0 exception(s); b3186dea-d713-4b94-b735-e44dad95efa8@group-7D7160C4264B:t2, leader=null, voted=b3186dea-d713-4b94-b735-e44dad95efa8, raftlog=b3186dea-d713-4b94-b735-e44dad95efa8@group-7D7160C4264B-SegmentedRaftLog:OPENED:c-1,f-1,i0, conf=-1: [b3186dea-d713-4b94-b735-e44dad95efa8:192.168.164.251:38285, e6236626-feb7-459f-aa25-8a67d6de6183:192.168.164.251:33107, 0cfbbb8e-368b-4351-b40c-3060245fa82c:192.168.164.251:41664], old=null
2019-10-05 00:41:45,588 [b3186dea-d713-4b94-b735-e44dad95efa8@group-7D7160C4264B-LeaderElection13] INFO  impl.RoleInfo (RoleInfo.java:shutdownLeaderElection(134)) - b3186dea-d713-4b94-b735-e44dad95efa8: shutdown LeaderElection
2019-10-05 00:41:45,590 [b3186dea-d713-4b94-b735-e44dad95efa8@group-7D7160C4264B-LeaderElection13] INFO  impl.RaftServerImpl (RaftServerImpl.java:setRole(170)) - b3186dea-d713-4b94-b735-e44dad95efa8@group-7D7160C4264B: changes role from CANDIDATE to LEADER at term 2 for changeToLeader
2019-10-05 00:41:45,590 [b3186dea-d713-4b94-b735-e44dad95efa8@group-7D7160C4264B-LeaderElection13] INFO  impl.RaftServerImpl (ServerState.java:setLeader(255)) - b3186dea-d713-4b94-b735-e44dad95efa8@group-7D7160C4264B: change Leader from null to b3186dea-d713-4b94-b735-e44dad95efa8 at term 2 for becomeLeader, leader elected after 10282ms
2019-10-05 00:41:45,591 [b3186dea-d713-4b94-b735-e44dad95efa8@group-7D7160C4264B-LeaderElection13] INFO  server.RaftServerConfigKeys (ConfUtils.java:logGet(43)) - raft.server.staging.catchup.gap = 1000 (default)
2019-10-05 00:41:45,591 [b3186dea-d713-4b94-b735-e44dad95efa8@group-7D7160C4264B-LeaderElection13] INFO  server.RaftServerConfigKeys (ConfUtils.java:logGet(43)) - raft.server.rpc.sleep.time = 25ms (default)
2019-10-05 00:41:45,593 [b3186dea-d713-4b94-b735-e44dad95efa8@group-7D7160C4264B-LeaderElection13] INFO  server.RaftServerConfigKeys (ConfUtils.java:logGet(43)) - raft.server.write.element-limit = 4096 (default)
2019-10-05 00:41:45,594 [b3186dea-d713-4b94-b735-e44dad95efa8@group-7D7160C4264B-LeaderElection13] INFO  server.RaftServerConfigKeys (ConfUtils.java:logGet(43)) - raft.server.watch.timeout = 10s (default)
2019-10-05 00:41:45,594 [b3186dea-d713-4b94-b735-e44dad95efa8@group-7D7160C4264B-LeaderElection13] INFO  server.RaftServerConfigKeys (ConfUtils.java:logGet(43)) - raft.server.watch.timeout.denomination = 1s (default)
2019-10-05 00:41:45,594 [b3186dea-d713-4b94-b735-e44dad95efa8@group-7D7160C4264B-LeaderElection13] INFO  server.RaftServerConfigKeys (ConfUtils.java:logGet(43)) - raft.server.watch.element-limit = 65536 (default)
2019-10-05 00:41:45,597 [b3186dea-d713-4b94-b735-e44dad95efa8@group-7D7160C4264B-LeaderElection13] INFO  server.RaftServerConfigKeys (ConfUtils.java:logGet(43)) - raft.server.log.appender.snapshot.chunk.size.max = 16MB (=16777216) (default)
2019-10-05 00:41:45,597 [b3186dea-d713-4b94-b735-e44dad95efa8@group-7D7160C4264B-LeaderElection13] INFO  server.RaftServerConfigKeys (ConfUtils.java:logGet(43)) - raft.server.log.appender.buffer.byte-limit = 33554432 (custom)
2019-10-05 00:41:45,598 [b3186dea-d713-4b94-b735-e44dad95efa8@group-7D7160C4264B-LeaderElection13] INFO  server.RaftServerConfigKeys (ConfUtils.java:logGet(43)) - raft.server.log.appender.buffer.element-limit = 1 (custom)
2019-10-05 00:41:45,598 [b3186dea-d713-4b94-b735-e44dad95efa8@group-7D7160C4264B-LeaderElection13] INFO  grpc.GrpcConfigKeys$Server (ConfUtils.java:logGet(43)) - raft.grpc.server.leader.outstanding.appends.max = 128 (default)
2019-10-05 00:41:45,600 [b3186dea-d713-4b94-b735-e44dad95efa8@group-7D7160C4264B-LeaderElection13] INFO  server.RaftServerConfigKeys (ConfUtils.java:logGet(43)) - raft.server.rpc.request.timeout = 3000ms (default)
2019-10-05 00:41:45,600 [b3186dea-d713-4b94-b735-e44dad95efa8@group-7D7160C4264B-LeaderElection13] INFO  server.RaftServerConfigKeys (ConfUtils.java:logGet(43)) - raft.server.log.appender.install.snapshot.enabled = false (custom)
2019-10-05 00:41:45,600 [b3186dea-d713-4b94-b735-e44dad95efa8@group-7D7160C4264B-LeaderElection13] INFO  server.RaftServerConfigKeys (ConfUtils.java:logGet(43)) - raft.server.log.appender.snapshot.chunk.size.max = 16MB (=16777216) (default)
2019-10-05 00:41:45,601 [b3186dea-d713-4b94-b735-e44dad95efa8@group-7D7160C4264B-LeaderElection13] INFO  server.RaftServerConfigKeys (ConfUtils.java:logGet(43)) - raft.server.log.appender.buffer.byte-limit = 33554432 (custom)
2019-10-05 00:41:45,601 [b3186dea-d713-4b94-b735-e44dad95efa8@group-7D7160C4264B-LeaderElection13] INFO  server.RaftServerConfigKeys (ConfUtils.java:logGet(43)) - raft.server.log.appender.buffer.element-limit = 1 (custom)
2019-10-05 00:41:45,601 [b3186dea-d713-4b94-b735-e44dad95efa8@group-7D7160C4264B-LeaderElection13] INFO  grpc.GrpcConfigKeys$Server (ConfUtils.java:logGet(43)) - raft.grpc.server.leader.outstanding.appends.max = 128 (default)
2019-10-05 00:41:45,601 [b3186dea-d713-4b94-b735-e44dad95efa8@group-7D7160C4264B-LeaderElection13] INFO  server.RaftServerConfigKeys (ConfUtils.java:logGet(43)) - raft.server.rpc.request.timeout = 3000ms (default)
2019-10-05 00:41:45,602 [b3186dea-d713-4b94-b735-e44dad95efa8@group-7D7160C4264B-LeaderElection13] INFO  server.RaftServerConfigKeys (ConfUtils.java:logGet(43)) - raft.server.log.appender.install.snapshot.enabled = false (custom)
2019-10-05 00:41:45,602 [b3186dea-d713-4b94-b735-e44dad95efa8@group-7D7160C4264B-LeaderElection13] INFO  impl.RoleInfo (RoleInfo.java:updateAndGet(143)) - b3186dea-d713-4b94-b735-e44dad95efa8: start LeaderState
2019-10-05 00:41:45,602 [b3186dea-d713-4b94-b735-e44dad95efa8@group-7D7160C4264B-LeaderElection13] INFO  segmented.SegmentedRaftLogWorker (SegmentedRaftLogWorker.java:startLogSegment(385)) - b3186dea-d713-4b94-b735-e44dad95efa8@group-7D7160C4264B-SegmentedRaftLogWorker: Starting segment from index:0
2019-10-05 00:41:45,603 [b3186dea-d713-4b94-b735-e44dad95efa8@group-7D7160C4264B-LeaderElection13] INFO  impl.RaftServerImpl (ServerState.java:setRaftConf(356)) - b3186dea-d713-4b94-b735-e44dad95efa8@group-7D7160C4264B: set configuration 0: [b3186dea-d713-4b94-b735-e44dad95efa8:192.168.164.251:38285, e6236626-feb7-459f-aa25-8a67d6de6183:192.168.164.251:33107, 0cfbbb8e-368b-4351-b40c-3060245fa82c:192.168.164.251:41664], old=null at 0
2019-10-05 00:41:45,639 [grpc-default-executor-0] INFO  impl.RaftServerImpl (RaftServerImpl.java:requestVote(754)) - b3186dea-d713-4b94-b735-e44dad95efa8@group-7D7160C4264B-   LEADER: Withhold vote from candidate e6236626-feb7-459f-aa25-8a67d6de6183 with term 2. State: leader=b3186dea-d713-4b94-b735-e44dad95efa8, term=2, lastRpcElapsed=null
2019-10-05 00:41:45,643 [e6236626-feb7-459f-aa25-8a67d6de6183@group-7D7160C4264B-LeaderElection14] INFO  impl.LeaderElection (LeaderElection.java:logAndReturn(56)) - e6236626-feb7-459f-aa25-8a67d6de6183@group-7D7160C4264B-LeaderElection14: Election REJECTED; received 2 response(s) [e6236626-feb7-459f-aa25-8a67d6de6183<-b3186dea-d713-4b94-b735-e44dad95efa8#0:FAIL-t2, e6236626-feb7-459f-aa25-8a67d6de6183<-0cfbbb8e-368b-4351-b40c-3060245fa82c#0:FAIL-t2] and 0 exception(s); e6236626-feb7-459f-aa25-8a67d6de6183@group-7D7160C4264B:t2, leader=null, voted=e6236626-feb7-459f-aa25-8a67d6de6183, raftlog=e6236626-feb7-459f-aa25-8a67d6de6183@group-7D7160C4264B-SegmentedRaftLog:OPENED:c-1,f-1,i0, conf=-1: [b3186dea-d713-4b94-b735-e44dad95efa8:192.168.164.251:38285, e6236626-feb7-459f-aa25-8a67d6de6183:192.168.164.251:33107, 0cfbbb8e-368b-4351-b40c-3060245fa82c:192.168.164.251:41664], old=null
2019-10-05 00:41:45,643 [grpc-default-executor-1] INFO  impl.RaftServerImpl (RaftServerImpl.java:setRole(170)) - e6236626-feb7-459f-aa25-8a67d6de6183@group-7D7160C4264B: changes role from CANDIDATE to FOLLOWER at term 2 for appendEntries
2019-10-05 00:41:45,645 [grpc-default-executor-1] INFO  impl.RoleInfo (RoleInfo.java:shutdownLeaderElection(134)) - e6236626-feb7-459f-aa25-8a67d6de6183: shutdown LeaderElection
2019-10-05 00:41:45,643 [grpc-default-executor-0] INFO  impl.RaftServerImpl (ServerState.java:setLeader(255)) - 0cfbbb8e-368b-4351-b40c-3060245fa82c@group-7D7160C4264B: change Leader from null to b3186dea-d713-4b94-b735-e44dad95efa8 at term 2 for appendEntries, leader elected after 10335ms
2019-10-05 00:41:45,649 [grpc-default-executor-1] INFO  impl.RoleInfo (RoleInfo.java:updateAndGet(143)) - e6236626-feb7-459f-aa25-8a67d6de6183: start FollowerState
2019-10-05 00:41:45,650 [grpc-default-executor-1] INFO  impl.RaftServerImpl (ServerState.java:setLeader(255)) - e6236626-feb7-459f-aa25-8a67d6de6183@group-7D7160C4264B: change Leader from null to b3186dea-d713-4b94-b735-e44dad95efa8 at term 2 for appendEntries, leader elected after 10341ms
2019-10-05 00:41:45,652 [b3186dea-d713-4b94-b735-e44dad95efa8@group-7D7160C4264B-SegmentedRaftLogWorker] INFO  segmented.SegmentedRaftLogWorker (SegmentedRaftLogWorker.java:execute(574)) - b3186dea-d713-4b94-b735-e44dad95efa8@group-7D7160C4264B-SegmentedRaftLogWorker: created new log segment /workdir/hadoop-ozone/integration-test/target/test-dir/MiniOzoneClusterImpl-d14a9905-b78b-45c8-984a-6d1d0cddd727/datanode-0/data/ratis/316e4758-8aad-4593-9f1f-7d7160c4264b/current/log_inprogress_0
2019-10-05 00:41:45,655 [grpc-default-executor-1] INFO  impl.RaftServerImpl (ServerState.java:setRaftConf(356)) - 0cfbbb8e-368b-4351-b40c-3060245fa82c@group-7D7160C4264B: set configuration 0: [b3186dea-d713-4b94-b735-e44dad95efa8:192.168.164.251:38285, e6236626-feb7-459f-aa25-8a67d6de6183:192.168.164.251:33107, 0cfbbb8e-368b-4351-b40c-3060245fa82c:192.168.164.251:41664], old=null at 0
2019-10-05 00:41:45,655 [grpc-default-executor-0] INFO  impl.RaftServerImpl (ServerState.java:setRaftConf(356)) - e6236626-feb7-459f-aa25-8a67d6de6183@group-7D7160C4264B: set configuration 0: [b3186dea-d713-4b94-b735-e44dad95efa8:192.168.164.251:38285, e6236626-feb7-459f-aa25-8a67d6de6183:192.168.164.251:33107, 0cfbbb8e-368b-4351-b40c-3060245fa82c:192.168.164.251:41664], old=null at 0
2019-10-05 00:41:45,655 [grpc-default-executor-1] INFO  segmented.SegmentedRaftLogWorker (SegmentedRaftLogWorker.java:startLogSegment(385)) - 0cfbbb8e-368b-4351-b40c-3060245fa82c@group-7D7160C4264B-SegmentedRaftLogWorker: Starting segment from index:0
2019-10-05 00:41:45,655 [grpc-default-executor-0] INFO  segmented.SegmentedRaftLogWorker (SegmentedRaftLogWorker.java:startLogSegment(385)) - e6236626-feb7-459f-aa25-8a67d6de6183@group-7D7160C4264B-SegmentedRaftLogWorker: Starting segment from index:0
2019-10-05 00:41:45,716 [e6236626-feb7-459f-aa25-8a67d6de6183@group-7D7160C4264B-SegmentedRaftLogWorker] INFO  segmented.SegmentedRaftLogWorker (SegmentedRaftLogWorker.java:execute(574)) - e6236626-feb7-459f-aa25-8a67d6de6183@group-7D7160C4264B-SegmentedRaftLogWorker: created new log segment /workdir/hadoop-ozone/integration-test/target/test-dir/MiniOzoneClusterImpl-d14a9905-b78b-45c8-984a-6d1d0cddd727/datanode-5/data/ratis/316e4758-8aad-4593-9f1f-7d7160c4264b/current/log_inprogress_0
2019-10-05 00:41:45,716 [0cfbbb8e-368b-4351-b40c-3060245fa82c@group-7D7160C4264B-SegmentedRaftLogWorker] INFO  segmented.SegmentedRaftLogWorker (SegmentedRaftLogWorker.java:execute(574)) - 0cfbbb8e-368b-4351-b40c-3060245fa82c@group-7D7160C4264B-SegmentedRaftLogWorker: created new log segment /workdir/hadoop-ozone/integration-test/target/test-dir/MiniOzoneClusterImpl-d14a9905-b78b-45c8-984a-6d1d0cddd727/datanode-3/data/ratis/316e4758-8aad-4593-9f1f-7d7160c4264b/current/log_inprogress_0
2019-10-05 00:41:47,268 [Datanode State Machine Thread - 0] INFO  statemachine.DatanodeStateMachine (DatanodeStateMachine.java:lambda$startDaemon$0(350)) - Ozone container server started.
2019-10-05 00:41:51,314 [main] INFO  ozoneimpl.OzoneContainer (OzoneContainer.java:stop(231)) - Attempting to stop container services.
2019-10-05 00:41:51,315 [main] INFO  impl.RaftServerProxy (RaftServerProxy.java:lambda$close$4(314)) - b3186dea-d713-4b94-b735-e44dad95efa8: close
2019-10-05 00:41:51,317 [main] INFO  impl.RaftServerImpl (RaftServerImpl.java:lambda$shutdown$3(247)) - b3186dea-d713-4b94-b735-e44dad95efa8@group-7D7160C4264B: shutdown
2019-10-05 00:41:51,318 [main] INFO  util.JmxRegister (JmxRegister.java:unregister(73)) - Successfully un-registered JMX Bean with object name Ratis:service=RaftServer,group=group-7D7160C4264B,id=b3186dea-d713-4b94-b735-e44dad95efa8
2019-10-05 00:41:51,318 [main] INFO  impl.RoleInfo (RoleInfo.java:shutdownLeaderState(104)) - b3186dea-d713-4b94-b735-e44dad95efa8: shutdown LeaderState
2019-10-05 00:41:51,323 [main] INFO  impl.PendingRequests (PendingRequests.java:sendNotLeaderResponses(202)) - b3186dea-d713-4b94-b735-e44dad95efa8@group-7D7160C4264B-PendingRequests: sendNotLeaderResponses
2019-10-05 00:41:51,323 [org.apache.ratis.server.impl.LogAppender$AppenderDaemon$$Lambda$494/1117017576@1167ebb1] WARN  server.GrpcLogAppender (GrpcLogAppender.java:mayWait(143)) - b3186dea-d713-4b94-b735-e44dad95efa8@group-7D7160C4264B->e6236626-feb7-459f-aa25-8a67d6de6183-GrpcLogAppender: Wait interrupted by java.lang.InterruptedException
2019-10-05 00:41:51,323 [org.apache.ratis.server.impl.LogAppender$AppenderDaemon$$Lambda$494/1117017576@27ed99e8] WARN  server.GrpcLogAppender (GrpcLogAppender.java:mayWait(143)) - b3186dea-d713-4b94-b735-e44dad95efa8@group-7D7160C4264B->0cfbbb8e-368b-4351-b40c-3060245fa82c-GrpcLogAppender: Wait interrupted by java.lang.InterruptedException
2019-10-05 00:41:51,349 [main] INFO  impl.StateMachineUpdater (StateMachineUpdater.java:stopAndJoin(136)) - b3186dea-d713-4b94-b735-e44dad95efa8@group-7D7160C4264B-StateMachineUpdater: set stopIndex = 2
2019-10-05 00:41:51,350 [b3186dea-d713-4b94-b735-e44dad95efa8@group-7D7160C4264B-StateMachineUpdater] INFO  ratis.ContainerStateMachine (ContainerStateMachine.java:takeSnapshot(293)) - group-7D7160C4264B: Taking a snapshot at:(t:2, i:2) file /workdir/hadoop-ozone/integration-test/target/test-dir/MiniOzoneClusterImpl-d14a9905-b78b-45c8-984a-6d1d0cddd727/datanode-0/data/ratis/316e4758-8aad-4593-9f1f-7d7160c4264b/sm/snapshot.2_2
2019-10-05 00:41:51,351 [grpc-default-executor-0] INFO  server.GrpcServerProtocolService (GrpcServerProtocolService.java:onCompleted(113)) - 0cfbbb8e-368b-4351-b40c-3060245fa82c: Completed APPEND_ENTRIES, lastRequest: b3186dea-d713-4b94-b735-e44dad95efa8->0cfbbb8e-368b-4351-b40c-3060245fa82c#5-t2, previous=(t:2, i:2), leaderCommit=2, initializing? false, entries: <empty>
2019-10-05 00:41:51,351 [grpc-default-executor-1] INFO  server.GrpcServerProtocolService (GrpcServerProtocolService.java:onCompleted(113)) - e6236626-feb7-459f-aa25-8a67d6de6183: Completed APPEND_ENTRIES, lastRequest: b3186dea-d713-4b94-b735-e44dad95efa8->e6236626-feb7-459f-aa25-8a67d6de6183#5-t2, previous=(t:2, i:2), leaderCommit=2, initializing? false, entries: <empty>
2019-10-05 00:41:51,359 [grpc-default-executor-2] INFO  server.GrpcLogAppender (GrpcLogAppender.java:onCompleted(293)) - b3186dea-d713-4b94-b735-e44dad95efa8@group-7D7160C4264B->0cfbbb8e-368b-4351-b40c-3060245fa82c-AppendLogResponseHandler: follower responses appendEntries COMPLETED
2019-10-05 00:41:51,370 [grpc-default-executor-1] INFO  server.GrpcLogAppender (GrpcLogAppender.java:onCompleted(293)) - b3186dea-d713-4b94-b735-e44dad95efa8@group-7D7160C4264B->e6236626-feb7-459f-aa25-8a67d6de6183-AppendLogResponseHandler: follower responses appendEntries COMPLETED
2019-10-05 00:41:51,373 [grpc-default-executor-2] INFO  impl.FollowerInfo (FollowerInfo.java:lambda$new$0(51)) - b3186dea-d713-4b94-b735-e44dad95efa8@group-7D7160C4264B->0cfbbb8e-368b-4351-b40c-3060245fa82c: nextIndex: updateUnconditionally 3 -> 2
2019-10-05 00:41:51,374 [grpc-default-executor-1] INFO  impl.FollowerInfo (FollowerInfo.java:lambda$new$0(51)) - b3186dea-d713-4b94-b735-e44dad95efa8@group-7D7160C4264B->e6236626-feb7-459f-aa25-8a67d6de6183: nextIndex: updateUnconditionally 3 -> 2
2019-10-05 00:41:51,476 [b3186dea-d713-4b94-b735-e44dad95efa8@group-7D7160C4264B-StateMachineUpdater] INFO  ratis.ContainerStateMachine (ContainerStateMachine.java:takeSnapshot(304)) - group-7D7160C4264B: Finished taking a snapshot at:(t:2, i:2) file:/workdir/hadoop-ozone/integration-test/target/test-dir/MiniOzoneClusterImpl-d14a9905-b78b-45c8-984a-6d1d0cddd727/datanode-0/data/ratis/316e4758-8aad-4593-9f1f-7d7160c4264b/sm/snapshot.2_2 time:126
2019-10-05 00:41:51,477 [b3186dea-d713-4b94-b735-e44dad95efa8@group-7D7160C4264B-StateMachineUpdater] INFO  impl.StateMachineUpdater (StateMachineUpdater.java:takeSnapshot(269)) - b3186dea-d713-4b94-b735-e44dad95efa8@group-7D7160C4264B-StateMachineUpdater: Took a snapshot at index 2
2019-10-05 00:41:51,480 [b3186dea-d713-4b94-b735-e44dad95efa8@group-7D7160C4264B-StateMachineUpdater] INFO  impl.StateMachineUpdater (StateMachineUpdater.java:lambda$new$0(84)) - b3186dea-d713-4b94-b735-e44dad95efa8@group-7D7160C4264B-StateMachineUpdater: snapshotIndex: updateIncreasingly -1 -> 2
2019-10-05 00:41:51,489 [main] INFO  impl.RaftServerImpl (ServerState.java:close(387)) - b3186dea-d713-4b94-b735-e44dad95efa8@group-7D7160C4264B: closes. applyIndex: 2
2019-10-05 00:41:51,492 [b3186dea-d713-4b94-b735-e44dad95efa8@group-7D7160C4264B-SegmentedRaftLogWorker] INFO  segmented.SegmentedRaftLogWorker (SegmentedRaftLogWorker.java:run(316)) - b3186dea-d713-4b94-b735-e44dad95efa8@group-7D7160C4264B-SegmentedRaftLogWorker was interrupted, exiting. There are 0 tasks remaining in the queue.
2019-10-05 00:41:51,513 [main] INFO  segmented.SegmentedRaftLogWorker (SegmentedRaftLogWorker.java:close(224)) - b3186dea-d713-4b94-b735-e44dad95efa8@group-7D7160C4264B-SegmentedRaftLogWorker close()
2019-10-05 00:41:51,517 [main] INFO  impl.RaftServerImpl (RaftServerImpl.java:lambda$shutdown$3(247)) - b3186dea-d713-4b94-b735-e44dad95efa8@group-AD89CE1FAF85: shutdown
2019-10-05 00:41:51,518 [main] INFO  util.JmxRegister (JmxRegister.java:unregister(73)) - Successfully un-registered JMX Bean with object name Ratis:service=RaftServer,group=group-AD89CE1FAF85,id=b3186dea-d713-4b94-b735-e44dad95efa8
2019-10-05 00:41:51,518 [main] INFO  impl.RoleInfo (RoleInfo.java:shutdownLeaderState(104)) - b3186dea-d713-4b94-b735-e44dad95efa8: shutdown LeaderState
2019-10-05 00:41:51,519 [main] INFO  impl.PendingRequests (PendingRequests.java:sendNotLeaderResponses(202)) - b3186dea-d713-4b94-b735-e44dad95efa8@group-AD89CE1FAF85-PendingRequests: sendNotLeaderResponses
2019-10-05 00:41:51,520 [main] INFO  impl.StateMachineUpdater (StateMachineUpdater.java:stopAndJoin(136)) - b3186dea-d713-4b94-b735-e44dad95efa8@group-AD89CE1FAF85-StateMachineUpdater: set stopIndex = 0
2019-10-05 00:41:51,520 [main] INFO  impl.RaftServerImpl (ServerState.java:close(387)) - b3186dea-d713-4b94-b735-e44dad95efa8@group-AD89CE1FAF85: closes. applyIndex: 0
2019-10-05 00:41:51,520 [b3186dea-d713-4b94-b735-e44dad95efa8@group-AD89CE1FAF85-SegmentedRaftLogWorker] INFO  segmented.SegmentedRaftLogWorker (SegmentedRaftLogWorker.java:run(316)) - b3186dea-d713-4b94-b735-e44dad95efa8@group-AD89CE1FAF85-SegmentedRaftLogWorker was interrupted, exiting. There are 0 tasks remaining in the queue.
2019-10-05 00:41:51,524 [main] INFO  segmented.SegmentedRaftLogWorker (SegmentedRaftLogWorker.java:close(224)) - b3186dea-d713-4b94-b735-e44dad95efa8@group-AD89CE1FAF85-SegmentedRaftLogWorker close()
2019-10-05 00:41:51,528 [main] INFO  server.GrpcService (GrpcService.java:closeImpl(164)) - b3186dea-d713-4b94-b735-e44dad95efa8: shutdown server with port 38285 now
2019-10-05 00:41:51,532 [main] INFO  server.GrpcService (GrpcService.java:closeImpl(172)) - b3186dea-d713-4b94-b735-e44dad95efa8: shutdown server with port 38285 successfully
2019-10-05 00:41:51,537 [refreshUsed-/workdir/hadoop-ozone/integration-test/target/test-dir/MiniOzoneClusterImpl-d14a9905-b78b-45c8-984a-6d1d0cddd727/datanode-0/data/containers] WARN  fs.CachingGetSpaceUsed (CachingGetSpaceUsed.java:run(183)) - Thread Interrupted waiting to refresh disk information: sleep interrupted
2019-10-05 00:41:51,554 [main] INFO  utils.BackgroundService (BackgroundService.java:shutdown(148)) - Shutting down service BlockDeletingService
2019-10-05 00:41:51,559 [main] INFO  statemachine.DatanodeStateMachine (DatanodeStateMachine.java:stopDaemon(395)) - Ozone container server stopped.
2019-10-05 00:41:51,564 [main] INFO  handler.ContextHandler (ContextHandler.java:doStop(910)) - Stopped o.e.j.w.WebAppContext@2eae4349{/,null,UNAVAILABLE}{/hddsDatanode}
2019-10-05 00:41:51,570 [main] INFO  server.AbstractConnector (AbstractConnector.java:doStop(318)) - Stopped ServerConnector@e84fb85{HTTP/1.1,[http/1.1]}{0.0.0.0:0}
2019-10-05 00:41:51,570 [main] INFO  handler.ContextHandler (ContextHandler.java:doStop(910)) - Stopped o.e.j.s.ServletContextHandler@9596ce8{/static,jar:file:/home/user/.m2/repository/org/apache/hadoop/hadoop-hdds-container-service/0.5.0-SNAPSHOT/hadoop-hdds-container-service-0.5.0-SNAPSHOT.jar!/webapps/static,UNAVAILABLE}
2019-10-05 00:41:51,571 [main] INFO  handler.ContextHandler (ContextHandler.java:doStop(910)) - Stopped o.e.j.s.ServletContextHandler@26f46fa6{/logs,file:///workdir/hadoop-ozone/integration-test/target/log,UNAVAILABLE}
2019-10-05 00:42:00,786 [Thread-350] INFO  impl.FollowerState (FollowerState.java:run(108)) - 0cfbbb8e-368b-4351-b40c-3060245fa82c@group-7D7160C4264B-FollowerState: change to CANDIDATE, lastRpcTime:9708ms, electionTimeout:5114ms
2019-10-05 00:42:00,787 [Thread-350] INFO  impl.RoleInfo (RoleInfo.java:shutdownFollowerState(121)) - 0cfbbb8e-368b-4351-b40c-3060245fa82c: shutdown FollowerState
2019-10-05 00:42:00,787 [Thread-350] INFO  impl.RaftServerImpl (RaftServerImpl.java:setRole(170)) - 0cfbbb8e-368b-4351-b40c-3060245fa82c@group-7D7160C4264B: changes role from  FOLLOWER to CANDIDATE at term 2 for changeToCandidate
2019-10-05 00:42:00,787 [Thread-350] INFO  impl.RoleInfo (RoleInfo.java:updateAndGet(143)) - 0cfbbb8e-368b-4351-b40c-3060245fa82c: start LeaderElection
2019-10-05 00:42:00,791 [0cfbbb8e-368b-4351-b40c-3060245fa82c@group-7D7160C4264B-LeaderElection15] INFO  impl.RaftServerImpl (ServerState.java:setLeader(255)) - 0cfbbb8e-368b-4351-b40c-3060245fa82c@group-7D7160C4264B: change Leader from b3186dea-d713-4b94-b735-e44dad95efa8 to null at term 2 for initElection
2019-10-05 00:42:00,815 [0cfbbb8e-368b-4351-b40c-3060245fa82c@group-7D7160C4264B-LeaderElection15] INFO  impl.LeaderElection (LeaderElection.java:askForVotes(178)) - 0cfbbb8e-368b-4351-b40c-3060245fa82c@group-7D7160C4264B-LeaderElection15: begin an election at term 3 for 0: [b3186dea-d713-4b94-b735-e44dad95efa8:192.168.164.251:38285, e6236626-feb7-459f-aa25-8a67d6de6183:192.168.164.251:33107, 0cfbbb8e-368b-4351-b40c-3060245fa82c:192.168.164.251:41664], old=null
2019-10-05 00:42:00,820 [grpc-default-executor-2] INFO  impl.RaftServerImpl (ServerState.java:setLeader(255)) - e6236626-feb7-459f-aa25-8a67d6de6183@group-7D7160C4264B: change Leader from b3186dea-d713-4b94-b735-e44dad95efa8 to null at term 3 for updateCurrentTerm
2019-10-05 00:42:00,820 [grpc-default-executor-2] INFO  impl.RaftServerImpl (RaftServerImpl.java:setRole(170)) - e6236626-feb7-459f-aa25-8a67d6de6183@group-7D7160C4264B: changes role from  FOLLOWER to FOLLOWER at term 3 for recognizeCandidate:0cfbbb8e-368b-4351-b40c-3060245fa82c
2019-10-05 00:42:00,821 [grpc-default-executor-2] INFO  impl.RoleInfo (RoleInfo.java:shutdownFollowerState(121)) - e6236626-feb7-459f-aa25-8a67d6de6183: shutdown FollowerState
2019-10-05 00:42:00,821 [grpc-default-executor-2] INFO  impl.RoleInfo (RoleInfo.java:updateAndGet(143)) - e6236626-feb7-459f-aa25-8a67d6de6183: start FollowerState
2019-10-05 00:42:00,821 [Thread-358] INFO  impl.FollowerState (FollowerState.java:run(117)) - e6236626-feb7-459f-aa25-8a67d6de6183@group-7D7160C4264B-FollowerState was interrupted: java.lang.InterruptedException: sleep interrupted
2019-10-05 00:42:00,828 [0cfbbb8e-368b-4351-b40c-3060245fa82c@group-7D7160C4264B-LeaderElection15] INFO  impl.LeaderElection (LogUtils.java:infoOrTrace(149)) - 0cfbbb8e-368b-4351-b40c-3060245fa82c@group-7D7160C4264B-LeaderElection15 got exception when requesting votes: {}
java.util.concurrent.ExecutionException: org.apache.ratis.thirdparty.io.grpc.StatusRuntimeException: UNAVAILABLE: io exception
	at java.util.concurrent.FutureTask.report(FutureTask.java:122)
	at java.util.concurrent.FutureTask.get(FutureTask.java:192)
	at org.apache.ratis.server.impl.LeaderElection.waitForResults(LeaderElection.java:259)
	at org.apache.ratis.server.impl.LeaderElection.askForVotes(LeaderElection.java:197)
	at org.apache.ratis.server.impl.LeaderElection.run(LeaderElection.java:133)
	at java.lang.Thread.run(Thread.java:748)
Caused by: org.apache.ratis.thirdparty.io.grpc.StatusRuntimeException: UNAVAILABLE: io exception
	at org.apache.ratis.thirdparty.io.grpc.stub.ClientCalls.toStatusRuntimeException(ClientCalls.java:233)
	at org.apache.ratis.thirdparty.io.grpc.stub.ClientCalls.getUnchecked(ClientCalls.java:214)
	at org.apache.ratis.thirdparty.io.grpc.stub.ClientCalls.blockingUnaryCall(ClientCalls.java:139)
	at org.apache.ratis.proto.grpc.RaftServerProtocolServiceGrpc$RaftServerProtocolServiceBlockingStub.requestVote(RaftServerProtocolServiceGrpc.java:265)
	at org.apache.ratis.grpc.server.GrpcServerProtocolClient.requestVote(GrpcServerProtocolClient.java:99)
	at org.apache.ratis.grpc.server.GrpcService.requestVote(GrpcService.java:204)
	at org.apache.ratis.server.impl.LeaderElection.lambda$submitRequests$1(LeaderElection.java:234)
	at java.util.concurrent.FutureTask.run(FutureTask.java:266)
	at java.util.concurrent.Executors$RunnableAdapter.call(Executors.java:511)
	at java.util.concurrent.FutureTask.run(FutureTask.java:266)
	at java.util.concurrent.ThreadPoolExecutor.runWorker(ThreadPoolExecutor.java:1149)
	at java.util.concurrent.ThreadPoolExecutor$Worker.run(ThreadPoolExecutor.java:624)
	... 1 more
Caused by: org.apache.ratis.thirdparty.io.netty.channel.AbstractChannel$AnnotatedConnectException: Connection refused: /192.168.164.251:38285
	at sun.nio.ch.SocketChannelImpl.checkConnect(Native Method)
	at sun.nio.ch.SocketChannelImpl.finishConnect(SocketChannelImpl.java:717)
	at org.apache.ratis.thirdparty.io.netty.channel.socket.nio.NioSocketChannel.doFinishConnect(NioSocketChannel.java:327)
	at org.apache.ratis.thirdparty.io.netty.channel.nio.AbstractNioChannel$AbstractNioUnsafe.finishConnect(AbstractNioChannel.java:340)
	at org.apache.ratis.thirdparty.io.netty.channel.nio.NioEventLoop.processSelectedKey(NioEventLoop.java:632)
	at org.apache.ratis.thirdparty.io.netty.channel.nio.NioEventLoop.processSelectedKeysOptimized(NioEventLoop.java:579)
	at org.apache.ratis.thirdparty.io.netty.channel.nio.NioEventLoop.processSelectedKeys(NioEventLoop.java:496)
	at org.apache.ratis.thirdparty.io.netty.channel.nio.NioEventLoop.run(NioEventLoop.java:458)
	at org.apache.ratis.thirdparty.io.netty.util.concurrent.SingleThreadEventExecutor$5.run(SingleThreadEventExecutor.java:897)
	at org.apache.ratis.thirdparty.io.netty.util.concurrent.FastThreadLocalRunnable.run(FastThreadLocalRunnable.java:30)
	... 1 more
Caused by: java.net.ConnectException: Connection refused
	... 11 more
2019-10-05 00:42:00,849 [0cfbbb8e-368b-4351-b40c-3060245fa82c@group-7D7160C4264B-LeaderElection15] INFO  impl.LeaderElection (LeaderElection.java:logAndReturn(56)) - 0cfbbb8e-368b-4351-b40c-3060245fa82c@group-7D7160C4264B-LeaderElection15: Election PASSED; received 1 response(s) [0cfbbb8e-368b-4351-b40c-3060245fa82c<-e6236626-feb7-459f-aa25-8a67d6de6183#0:OK-t3] and 1 exception(s); 0cfbbb8e-368b-4351-b40c-3060245fa82c@group-7D7160C4264B:t3, leader=null, voted=0cfbbb8e-368b-4351-b40c-3060245fa82c, raftlog=0cfbbb8e-368b-4351-b40c-3060245fa82c@group-7D7160C4264B-SegmentedRaftLog:OPENED:c2,f2,i2, conf=0: [b3186dea-d713-4b94-b735-e44dad95efa8:192.168.164.251:38285, e6236626-feb7-459f-aa25-8a67d6de6183:192.168.164.251:33107, 0cfbbb8e-368b-4351-b40c-3060245fa82c:192.168.164.251:41664], old=null
2019-10-05 00:42:00,850 [0cfbbb8e-368b-4351-b40c-3060245fa82c@group-7D7160C4264B-LeaderElection15] INFO  impl.LeaderElection (LogUtils.java:infoOrTrace(149)) -   Exception 0: {}
java.util.concurrent.ExecutionException: org.apache.ratis.thirdparty.io.grpc.StatusRuntimeException: UNAVAILABLE: io exception
	at java.util.concurrent.FutureTask.report(FutureTask.java:122)
	at java.util.concurrent.FutureTask.get(FutureTask.java:192)
	at org.apache.ratis.server.impl.LeaderElection.waitForResults(LeaderElection.java:259)
	at org.apache.ratis.server.impl.LeaderElection.askForVotes(LeaderElection.java:197)
	at org.apache.ratis.server.impl.LeaderElection.run(LeaderElection.java:133)
	at java.lang.Thread.run(Thread.java:748)
Caused by: org.apache.ratis.thirdparty.io.grpc.StatusRuntimeException: UNAVAILABLE: io exception
	at org.apache.ratis.thirdparty.io.grpc.stub.ClientCalls.toStatusRuntimeException(ClientCalls.java:233)
	at org.apache.ratis.thirdparty.io.grpc.stub.ClientCalls.getUnchecked(ClientCalls.java:214)
	at org.apache.ratis.thirdparty.io.grpc.stub.ClientCalls.blockingUnaryCall(ClientCalls.java:139)
	at org.apache.ratis.proto.grpc.RaftServerProtocolServiceGrpc$RaftServerProtocolServiceBlockingStub.requestVote(RaftServerProtocolServiceGrpc.java:265)
	at org.apache.ratis.grpc.server.GrpcServerProtocolClient.requestVote(GrpcServerProtocolClient.java:99)
	at org.apache.ratis.grpc.server.GrpcService.requestVote(GrpcService.java:204)
	at org.apache.ratis.server.impl.LeaderElection.lambda$submitRequests$1(LeaderElection.java:234)
	at java.util.concurrent.FutureTask.run(FutureTask.java:266)
	at java.util.concurrent.Executors$RunnableAdapter.call(Executors.java:511)
	at java.util.concurrent.FutureTask.run(FutureTask.java:266)
	at java.util.concurrent.ThreadPoolExecutor.runWorker(ThreadPoolExecutor.java:1149)
	at java.util.concurrent.ThreadPoolExecutor$Worker.run(ThreadPoolExecutor.java:624)
	... 1 more
Caused by: org.apache.ratis.thirdparty.io.netty.channel.AbstractChannel$AnnotatedConnectException: Connection refused: /192.168.164.251:38285
	at sun.nio.ch.SocketChannelImpl.checkConnect(Native Method)
	at sun.nio.ch.SocketChannelImpl.finishConnect(SocketChannelImpl.java:717)
	at org.apache.ratis.thirdparty.io.netty.channel.socket.nio.NioSocketChannel.doFinishConnect(NioSocketChannel.java:327)
	at org.apache.ratis.thirdparty.io.netty.channel.nio.AbstractNioChannel$AbstractNioUnsafe.finishConnect(AbstractNioChannel.java:340)
	at org.apache.ratis.thirdparty.io.netty.channel.nio.NioEventLoop.processSelectedKey(NioEventLoop.java:632)
	at org.apache.ratis.thirdparty.io.netty.channel.nio.NioEventLoop.processSelectedKeysOptimized(NioEventLoop.java:579)
	at org.apache.ratis.thirdparty.io.netty.channel.nio.NioEventLoop.processSelectedKeys(NioEventLoop.java:496)
	at org.apache.ratis.thirdparty.io.netty.channel.nio.NioEventLoop.run(NioEventLoop.java:458)
	at org.apache.ratis.thirdparty.io.netty.util.concurrent.SingleThreadEventExecutor$5.run(SingleThreadEventExecutor.java:897)
	at org.apache.ratis.thirdparty.io.netty.util.concurrent.FastThreadLocalRunnable.run(FastThreadLocalRunnable.java:30)
	... 1 more
Caused by: java.net.ConnectException: Connection refused
	... 11 more
2019-10-05 00:42:00,851 [0cfbbb8e-368b-4351-b40c-3060245fa82c@group-7D7160C4264B-LeaderElection15] INFO  impl.RoleInfo (RoleInfo.java:shutdownLeaderElection(134)) - 0cfbbb8e-368b-4351-b40c-3060245fa82c: shutdown LeaderElection
2019-10-05 00:42:00,851 [0cfbbb8e-368b-4351-b40c-3060245fa82c@group-7D7160C4264B-LeaderElection15] INFO  impl.RaftServerImpl (RaftServerImpl.java:setRole(170)) - 0cfbbb8e-368b-4351-b40c-3060245fa82c@group-7D7160C4264B: changes role from CANDIDATE to LEADER at term 3 for changeToLeader
2019-10-05 00:42:00,851 [0cfbbb8e-368b-4351-b40c-3060245fa82c@group-7D7160C4264B-LeaderElection15] INFO  impl.RaftServerImpl (ServerState.java:setLeader(255)) - 0cfbbb8e-368b-4351-b40c-3060245fa82c@group-7D7160C4264B: change Leader from null to 0cfbbb8e-368b-4351-b40c-3060245fa82c at term 3 for becomeLeader, leader elected after 60ms
2019-10-05 00:42:00,851 [0cfbbb8e-368b-4351-b40c-3060245fa82c@group-7D7160C4264B-LeaderElection15] INFO  server.RaftServerConfigKeys (ConfUtils.java:logGet(43)) - raft.server.staging.catchup.gap = 1000 (default)
2019-10-05 00:42:00,852 [0cfbbb8e-368b-4351-b40c-3060245fa82c@group-7D7160C4264B-LeaderElection15] INFO  server.RaftServerConfigKeys (ConfUtils.java:logGet(43)) - raft.server.rpc.sleep.time = 25ms (default)
2019-10-05 00:42:00,852 [0cfbbb8e-368b-4351-b40c-3060245fa82c@group-7D7160C4264B-LeaderElection15] INFO  server.RaftServerConfigKeys (ConfUtils.java:logGet(43)) - raft.server.write.element-limit = 4096 (default)
2019-10-05 00:42:00,852 [0cfbbb8e-368b-4351-b40c-3060245fa82c@group-7D7160C4264B-LeaderElection15] INFO  server.RaftServerConfigKeys (ConfUtils.java:logGet(43)) - raft.server.watch.timeout = 10s (default)
2019-10-05 00:42:00,852 [0cfbbb8e-368b-4351-b40c-3060245fa82c@group-7D7160C4264B-LeaderElection15] INFO  server.RaftServerConfigKeys (ConfUtils.java:logGet(43)) - raft.server.watch.timeout.denomination = 1s (default)
2019-10-05 00:42:00,852 [0cfbbb8e-368b-4351-b40c-3060245fa82c@group-7D7160C4264B-LeaderElection15] INFO  server.RaftServerConfigKeys (ConfUtils.java:logGet(43)) - raft.server.watch.element-limit = 65536 (default)
2019-10-05 00:42:00,857 [0cfbbb8e-368b-4351-b40c-3060245fa82c@group-7D7160C4264B-LeaderElection15] INFO  server.RaftServerConfigKeys (ConfUtils.java:logGet(43)) - raft.server.log.appender.snapshot.chunk.size.max = 16MB (=16777216) (default)
2019-10-05 00:42:00,857 [0cfbbb8e-368b-4351-b40c-3060245fa82c@group-7D7160C4264B-LeaderElection15] INFO  server.RaftServerConfigKeys (ConfUtils.java:logGet(43)) - raft.server.log.appender.buffer.byte-limit = 33554432 (custom)
2019-10-05 00:42:00,857 [0cfbbb8e-368b-4351-b40c-3060245fa82c@group-7D7160C4264B-LeaderElection15] INFO  server.RaftServerConfigKeys (ConfUtils.java:logGet(43)) - raft.server.log.appender.buffer.element-limit = 1 (custom)
2019-10-05 00:42:00,858 [0cfbbb8e-368b-4351-b40c-3060245fa82c@group-7D7160C4264B-LeaderElection15] INFO  grpc.GrpcConfigKeys$Server (ConfUtils.java:logGet(43)) - raft.grpc.server.leader.outstanding.appends.max = 128 (default)
2019-10-05 00:42:00,858 [0cfbbb8e-368b-4351-b40c-3060245fa82c@group-7D7160C4264B-LeaderElection15] INFO  server.RaftServerConfigKeys (ConfUtils.java:logGet(43)) - raft.server.rpc.request.timeout = 3000ms (default)
2019-10-05 00:42:00,858 [0cfbbb8e-368b-4351-b40c-3060245fa82c@group-7D7160C4264B-LeaderElection15] INFO  server.RaftServerConfigKeys (ConfUtils.java:logGet(43)) - raft.server.log.appender.install.snapshot.enabled = false (custom)
2019-10-05 00:42:00,858 [0cfbbb8e-368b-4351-b40c-3060245fa82c@group-7D7160C4264B-LeaderElection15] INFO  server.RaftServerConfigKeys (ConfUtils.java:logGet(43)) - raft.server.log.appender.snapshot.chunk.size.max = 16MB (=16777216) (default)
2019-10-05 00:42:00,859 [0cfbbb8e-368b-4351-b40c-3060245fa82c@group-7D7160C4264B-LeaderElection15] INFO  server.RaftServerConfigKeys (ConfUtils.java:logGet(43)) - raft.server.log.appender.buffer.byte-limit = 33554432 (custom)
2019-10-05 00:42:00,859 [0cfbbb8e-368b-4351-b40c-3060245fa82c@group-7D7160C4264B-LeaderElection15] INFO  server.RaftServerConfigKeys (ConfUtils.java:logGet(43)) - raft.server.log.appender.buffer.element-limit = 1 (custom)
2019-10-05 00:42:00,859 [0cfbbb8e-368b-4351-b40c-3060245fa82c@group-7D7160C4264B-LeaderElection15] INFO  grpc.GrpcConfigKeys$Server (ConfUtils.java:logGet(43)) - raft.grpc.server.leader.outstanding.appends.max = 128 (default)
2019-10-05 00:42:00,859 [0cfbbb8e-368b-4351-b40c-3060245fa82c@group-7D7160C4264B-LeaderElection15] INFO  server.RaftServerConfigKeys (ConfUtils.java:logGet(43)) - raft.server.rpc.request.timeout = 3000ms (default)
2019-10-05 00:42:00,859 [0cfbbb8e-368b-4351-b40c-3060245fa82c@group-7D7160C4264B-LeaderElection15] INFO  server.RaftServerConfigKeys (ConfUtils.java:logGet(43)) - raft.server.log.appender.install.snapshot.enabled = false (custom)
2019-10-05 00:42:00,860 [0cfbbb8e-368b-4351-b40c-3060245fa82c@group-7D7160C4264B-LeaderElection15] INFO  impl.RoleInfo (RoleInfo.java:updateAndGet(143)) - 0cfbbb8e-368b-4351-b40c-3060245fa82c: start LeaderState
2019-10-05 00:42:00,861 [0cfbbb8e-368b-4351-b40c-3060245fa82c@group-7D7160C4264B-LeaderElection15] INFO  segmented.SegmentedRaftLogWorker (SegmentedRaftLogWorker.java:rollLogSegment(390)) - 0cfbbb8e-368b-4351-b40c-3060245fa82c@group-7D7160C4264B-SegmentedRaftLogWorker: Rolling segment log-0_2 to index:2
2019-10-05 00:42:00,864 [0cfbbb8e-368b-4351-b40c-3060245fa82c@group-7D7160C4264B-SegmentedRaftLogWorker] INFO  segmented.SegmentedRaftLogWorker (SegmentedRaftLogWorker.java:execute(531)) - 0cfbbb8e-368b-4351-b40c-3060245fa82c@group-7D7160C4264B-SegmentedRaftLogWorker: Rolled log segment from /workdir/hadoop-ozone/integration-test/target/test-dir/MiniOzoneClusterImpl-d14a9905-b78b-45c8-984a-6d1d0cddd727/datanode-3/data/ratis/316e4758-8aad-4593-9f1f-7d7160c4264b/current/log_inprogress_0 to /workdir/hadoop-ozone/integration-test/target/test-dir/MiniOzoneClusterImpl-d14a9905-b78b-45c8-984a-6d1d0cddd727/datanode-3/data/ratis/316e4758-8aad-4593-9f1f-7d7160c4264b/current/log_0-2
2019-10-05 00:42:00,866 [0cfbbb8e-368b-4351-b40c-3060245fa82c@group-7D7160C4264B-LeaderElection15] INFO  impl.RaftServerImpl (ServerState.java:setRaftConf(356)) - 0cfbbb8e-368b-4351-b40c-3060245fa82c@group-7D7160C4264B: set configuration 3: [b3186dea-d713-4b94-b735-e44dad95efa8:192.168.164.251:38285, e6236626-feb7-459f-aa25-8a67d6de6183:192.168.164.251:33107, 0cfbbb8e-368b-4351-b40c-3060245fa82c:192.168.164.251:41664], old=null at 3
2019-10-05 00:42:00,868 [grpc-default-executor-2] WARN  server.GrpcLogAppender (LogUtils.java:warn(134)) - 0cfbbb8e-368b-4351-b40c-3060245fa82c@group-7D7160C4264B->b3186dea-d713-4b94-b735-e44dad95efa8-AppendLogResponseHandler: Failed appendEntries: org.apache.ratis.thirdparty.io.grpc.StatusRuntimeException: UNAVAILABLE: io exception
2019-10-05 00:42:00,903 [grpc-default-executor-2] INFO  impl.FollowerInfo (FollowerInfo.java:lambda$new$0(51)) - 0cfbbb8e-368b-4351-b40c-3060245fa82c@group-7D7160C4264B->b3186dea-d713-4b94-b735-e44dad95efa8: nextIndex: updateUnconditionally 3 -> 1
2019-10-05 00:42:00,904 [grpc-default-executor-2] INFO  impl.RaftServerImpl (ServerState.java:setLeader(255)) - e6236626-feb7-459f-aa25-8a67d6de6183@group-7D7160C4264B: change Leader from null to 0cfbbb8e-368b-4351-b40c-3060245fa82c at term 3 for appendEntries, leader elected after 83ms
2019-10-05 00:42:00,909 [grpc-default-executor-2] INFO  impl.RaftServerImpl (ServerState.java:setRaftConf(356)) - e6236626-feb7-459f-aa25-8a67d6de6183@group-7D7160C4264B: set configuration 3: [b3186dea-d713-4b94-b735-e44dad95efa8:192.168.164.251:38285, e6236626-feb7-459f-aa25-8a67d6de6183:192.168.164.251:33107, 0cfbbb8e-368b-4351-b40c-3060245fa82c:192.168.164.251:41664], old=null at 3
2019-10-05 00:42:00,909 [grpc-default-executor-2] INFO  segmented.SegmentedRaftLogWorker (SegmentedRaftLogWorker.java:rollLogSegment(390)) - e6236626-feb7-459f-aa25-8a67d6de6183@group-7D7160C4264B-SegmentedRaftLogWorker: Rolling segment log-0_2 to index:2
2019-10-05 00:42:00,910 [e6236626-feb7-459f-aa25-8a67d6de6183@group-7D7160C4264B-SegmentedRaftLogWorker] INFO  segmented.SegmentedRaftLogWorker (SegmentedRaftLogWorker.java:execute(531)) - e6236626-feb7-459f-aa25-8a67d6de6183@group-7D7160C4264B-SegmentedRaftLogWorker: Rolled log segment from /workdir/hadoop-ozone/integration-test/target/test-dir/MiniOzoneClusterImpl-d14a9905-b78b-45c8-984a-6d1d0cddd727/datanode-5/data/ratis/316e4758-8aad-4593-9f1f-7d7160c4264b/current/log_inprogress_0 to /workdir/hadoop-ozone/integration-test/target/test-dir/MiniOzoneClusterImpl-d14a9905-b78b-45c8-984a-6d1d0cddd727/datanode-5/data/ratis/316e4758-8aad-4593-9f1f-7d7160c4264b/current/log_0-2
2019-10-05 00:42:00,925 [0cfbbb8e-368b-4351-b40c-3060245fa82c@group-7D7160C4264B-SegmentedRaftLogWorker] INFO  segmented.SegmentedRaftLogWorker (SegmentedRaftLogWorker.java:execute(574)) - 0cfbbb8e-368b-4351-b40c-3060245fa82c@group-7D7160C4264B-SegmentedRaftLogWorker: created new log segment /workdir/hadoop-ozone/integration-test/target/test-dir/MiniOzoneClusterImpl-d14a9905-b78b-45c8-984a-6d1d0cddd727/datanode-3/data/ratis/316e4758-8aad-4593-9f1f-7d7160c4264b/current/log_inprogress_3
2019-10-05 00:42:00,965 [e6236626-feb7-459f-aa25-8a67d6de6183@group-7D7160C4264B-SegmentedRaftLogWorker] INFO  segmented.SegmentedRaftLogWorker (SegmentedRaftLogWorker.java:execute(574)) - e6236626-feb7-459f-aa25-8a67d6de6183@group-7D7160C4264B-SegmentedRaftLogWorker: created new log segment /workdir/hadoop-ozone/integration-test/target/test-dir/MiniOzoneClusterImpl-d14a9905-b78b-45c8-984a-6d1d0cddd727/datanode-5/data/ratis/316e4758-8aad-4593-9f1f-7d7160c4264b/current/log_inprogress_3
2019-10-05 00:42:00,987 [grpc-default-executor-3] WARN  server.GrpcLogAppender (LogUtils.java:warn(134)) - 0cfbbb8e-368b-4351-b40c-3060245fa82c@group-7D7160C4264B->b3186dea-d713-4b94-b735-e44dad95efa8-AppendLogResponseHandler: Failed appendEntries: org.apache.ratis.thirdparty.io.grpc.StatusRuntimeException: UNAVAILABLE: io exception
2019-10-05 00:42:00,990 [grpc-default-executor-3] INFO  impl.FollowerInfo (FollowerInfo.java:lambda$new$0(51)) - 0cfbbb8e-368b-4351-b40c-3060245fa82c@group-7D7160C4264B->b3186dea-d713-4b94-b735-e44dad95efa8: nextIndex: updateUnconditionally 2 -> 1
2019-10-05 00:42:01,001 [grpc-default-executor-1] WARN  server.GrpcLogAppender (LogUtils.java:warn(134)) - 0cfbbb8e-368b-4351-b40c-3060245fa82c@group-7D7160C4264B->b3186dea-d713-4b94-b735-e44dad95efa8-AppendLogResponseHandler: Failed appendEntries: org.apache.ratis.thirdparty.io.grpc.StatusRuntimeException: UNAVAILABLE: io exception
2019-10-05 00:42:01,004 [grpc-default-executor-1] INFO  impl.FollowerInfo (FollowerInfo.java:lambda$new$0(51)) - 0cfbbb8e-368b-4351-b40c-3060245fa82c@group-7D7160C4264B->b3186dea-d713-4b94-b735-e44dad95efa8: nextIndex: updateUnconditionally 2 -> 1
]]></system-out>
    <system-err><![CDATA[ERROR StatusLogger No Log4j 2 configuration file found. Using default configuration (logging only errors to the console), or user programmatically provided configurations. Set system property 'log4j2.debug' to show Log4j 2 internal initialization logging. See https://logging.apache.org/log4j/2.x/manual/configuration.html for instructions on how to configure Log4j 2
]]></system-err>
  </testcase>
</testsuite>