<?xml version="1.0" encoding="UTF-8"?>
<testsuite xmlns:xsi="http://www.w3.org/2001/XMLSchema-instance" xsi:noNamespaceSchemaLocation="https://maven.apache.org/surefire/maven-surefire-plugin/xsd/surefire-test-report.xsd" name="org.apache.hadoop.ozone.client.rpc.TestBlockOutputStreamWithFailures" time="760.124" tests="8" errors="0" skipped="0" failures="1">
  <properties>
    <property name="awt.toolkit" value="sun.awt.X11.XToolkit"/>
    <property name="file.encoding.pkg" value="sun.io"/>
    <property name="java.specification.version" value="1.8"/>
    <property name="sun.cpu.isalist" value=""/>
    <property name="sun.jnu.encoding" value="UTF-8"/>
    <property name="java.class.path" value="/workdir/hadoop-ozone/integration-test/target/test-classes:/workdir/hadoop-ozone/integration-test/target/classes:/home/user/.m2/repository/org/apache/hadoop/hadoop-ozone-common/0.5.0-SNAPSHOT/hadoop-ozone-common-0.5.0-SNAPSHOT.jar:/home/user/.m2/repository/org/apache/commons/commons-compress/1.4.1/commons-compress-1.4.1.jar:/home/user/.m2/repository/org/tukaani/xz/1.0/xz-1.0.jar:/home/user/.m2/repository/org/apache/hadoop/hadoop-common/3.2.0/hadoop-common-3.2.0.jar:/home/user/.m2/repository/org/apache/hadoop/hadoop-hdfs/3.2.0/hadoop-hdfs-3.2.0.jar:/home/user/.m2/repository/org/apache/hadoop/hadoop-hdfs-client/3.2.0/hadoop-hdfs-client-3.2.0.jar:/home/user/.m2/repository/com/fasterxml/jackson/core/jackson-annotations/2.9.9/jackson-annotations-2.9.9.jar:/home/user/.m2/repository/org/apache/hadoop/hadoop-hdds-common/0.5.0-SNAPSHOT/hadoop-hdds-common-0.5.0-SNAPSHOT.jar:/home/user/.m2/repository/javax/annotation/javax.annotation-api/1.2/javax.annotation-api-1.2.jar:/home/user/.m2/repository/org/apache/ratis/ratis-server/0.5.0-201fc85-SNAPSHOT/ratis-server-0.5.0-201fc85-SNAPSHOT.jar:/home/user/.m2/repository/org/apache/ratis/ratis-thirdparty-misc/0.2.0/ratis-thirdparty-misc-0.2.0.jar:/home/user/.m2/repository/org/apache/ratis/ratis-proto/0.5.0-201fc85-SNAPSHOT/ratis-proto-0.5.0-201fc85-SNAPSHOT.jar:/home/user/.m2/repository/org/apache/ratis/ratis-common/0.5.0-201fc85-SNAPSHOT/ratis-common-0.5.0-201fc85-SNAPSHOT.jar:/home/user/.m2/repository/org/apache/ratis/ratis-client/0.5.0-201fc85-SNAPSHOT/ratis-client-0.5.0-201fc85-SNAPSHOT.jar:/home/user/.m2/repository/org/apache/ratis/ratis-metrics/0.5.0-201fc85-SNAPSHOT/ratis-metrics-0.5.0-201fc85-SNAPSHOT.jar:/home/user/.m2/repository/com/github/joshelser/dropwizard-metrics-hadoop-metrics2-reporter/0.1.2/dropwizard-metrics-hadoop-metrics2-reporter-0.1.2.jar:/home/user/.m2/repository/io/dropwizard/metrics/metrics-jvm/3.2.5/metrics-jvm-3.2.5.jar:/home/user/.m2/repository/io/dropwizard/metrics/metrics-ganglia/3.2.5/metrics-ganglia-3.2.5.jar:/home/user/.m2/repository/info/ganglia/gmetric4j/gmetric4j/1.0.7/gmetric4j-1.0.7.jar:/home/user/.m2/repository/org/apache/ratis/ratis-netty/0.5.0-201fc85-SNAPSHOT/ratis-netty-0.5.0-201fc85-SNAPSHOT.jar:/home/user/.m2/repository/org/apache/ratis/ratis-grpc/0.5.0-201fc85-SNAPSHOT/ratis-grpc-0.5.0-201fc85-SNAPSHOT.jar:/home/user/.m2/repository/org/rocksdb/rocksdbjni/6.0.1/rocksdbjni-6.0.1.jar:/home/user/.m2/repository/org/apache/logging/log4j/log4j-api/2.11.0/log4j-api-2.11.0.jar:/home/user/.m2/repository/org/apache/logging/log4j/log4j-core/2.11.0/log4j-core-2.11.0.jar:/home/user/.m2/repository/com/lmax/disruptor/3.4.2/disruptor-3.4.2.jar:/home/user/.m2/repository/org/apache/commons/commons-pool2/2.6.0/commons-pool2-2.6.0.jar:/home/user/.m2/repository/org/bouncycastle/bcpkix-jdk15on/1.60/bcpkix-jdk15on-1.60.jar:/home/user/.m2/repository/commons-validator/commons-validator/1.6/commons-validator-1.6.jar:/home/user/.m2/repository/commons-digester/commons-digester/1.8.1/commons-digester-1.8.1.jar:/home/user/.m2/repository/io/jaegertracing/jaeger-client/0.34.0/jaeger-client-0.34.0.jar:/home/user/.m2/repository/io/jaegertracing/jaeger-thrift/0.34.0/jaeger-thrift-0.34.0.jar:/home/user/.m2/repository/org/apache/thrift/libthrift/0.12.0/libthrift-0.12.0.jar:/home/user/.m2/repository/com/squareup/okhttp3/okhttp/3.9.0/okhttp-3.9.0.jar:/home/user/.m2/repository/com/squareup/okio/okio/1.13.0/okio-1.13.0.jar:/home/user/.m2/repository/io/jaegertracing/jaeger-core/0.34.0/jaeger-core-0.34.0.jar:/home/user/.m2/repository/io/jaegertracing/jaeger-tracerresolver/0.34.0/jaeger-tracerresolver-0.34.0.jar:/home/user/.m2/repository/io/opentracing/contrib/opentracing-tracerresolver/0.1.5/opentracing-tracerresolver-0.1.5.jar:/home/user/.m2/repository/io/opentracing/opentracing-util/0.31.0/opentracing-util-0.31.0.jar:/home/user/.m2/repository/io/opentracing/opentracing-api/0.31.0/opentracing-api-0.31.0.jar:/home/user/.m2/repository/io/opentracing/opentracing-noop/0.31.0/opentracing-noop-0.31.0.jar:/home/user/.m2/repository/org/apache/hadoop/hadoop-hdds-server-framework/0.5.0-SNAPSHOT/hadoop-hdds-server-framework-0.5.0-SNAPSHOT.jar:/home/user/.m2/repository/org/apache/hadoop/hadoop-hdds-container-service/0.5.0-SNAPSHOT/hadoop-hdds-container-service-0.5.0-SNAPSHOT.jar:/home/user/.m2/repository/org/apache/hadoop/hadoop-hdds-client/0.5.0-SNAPSHOT/hadoop-hdds-client-0.5.0-SNAPSHOT.jar:/home/user/.m2/repository/org/apache/hadoop/hadoop-hdds-tools/0.5.0-SNAPSHOT/hadoop-hdds-tools-0.5.0-SNAPSHOT.jar:/home/user/.m2/repository/org/apache/hadoop/hadoop-hdds-server-scm/0.5.0-SNAPSHOT/hadoop-hdds-server-scm-0.5.0-SNAPSHOT.jar:/home/user/.m2/repository/org/apache/hadoop/hadoop-hdds-docs/0.5.0-SNAPSHOT/hadoop-hdds-docs-0.5.0-SNAPSHOT.jar:/home/user/.m2/repository/io/dropwizard/metrics/metrics-core/3.2.4/metrics-core-3.2.4.jar:/home/user/.m2/repository/org/hamcrest/hamcrest-all/1.3/hamcrest-all-1.3.jar:/home/user/.m2/repository/org/bouncycastle/bcprov-jdk15on/1.60/bcprov-jdk15on-1.60.jar:/home/user/.m2/repository/info/picocli/picocli/3.9.6/picocli-3.9.6.jar:/home/user/.m2/repository/com/google/protobuf/protobuf-java/2.5.0/protobuf-java-2.5.0.jar:/home/user/.m2/repository/com/google/guava/guava/11.0.2/guava-11.0.2.jar:/home/user/.m2/repository/org/apache/hadoop/hadoop-ozone-ozone-manager/0.5.0-SNAPSHOT/hadoop-ozone-ozone-manager-0.5.0-SNAPSHOT.jar:/home/user/.m2/repository/org/apache/hadoop/hadoop-minikdc/3.2.0/hadoop-minikdc-3.2.0.jar:/home/user/.m2/repository/commons-io/commons-io/2.5/commons-io-2.5.jar:/home/user/.m2/repository/org/apache/kerby/kerb-simplekdc/1.0.1/kerb-simplekdc-1.0.1.jar:/home/user/.m2/repository/org/apache/kerby/kerb-client/1.0.1/kerb-client-1.0.1.jar:/home/user/.m2/repository/org/apache/kerby/kerby-config/1.0.1/kerby-config-1.0.1.jar:/home/user/.m2/repository/org/apache/kerby/kerb-core/1.0.1/kerb-core-1.0.1.jar:/home/user/.m2/repository/org/apache/kerby/kerby-pkix/1.0.1/kerby-pkix-1.0.1.jar:/home/user/.m2/repository/org/apache/kerby/kerby-asn1/1.0.1/kerby-asn1-1.0.1.jar:/home/user/.m2/repository/org/apache/kerby/kerby-util/1.0.1/kerby-util-1.0.1.jar:/home/user/.m2/repository/org/apache/kerby/kerb-common/1.0.1/kerb-common-1.0.1.jar:/home/user/.m2/repository/org/apache/kerby/kerb-crypto/1.0.1/kerb-crypto-1.0.1.jar:/home/user/.m2/repository/org/apache/kerby/kerb-util/1.0.1/kerb-util-1.0.1.jar:/home/user/.m2/repository/org/apache/kerby/token-provider/1.0.1/token-provider-1.0.1.jar:/home/user/.m2/repository/org/apache/kerby/kerb-admin/1.0.1/kerb-admin-1.0.1.jar:/home/user/.m2/repository/org/apache/kerby/kerb-server/1.0.1/kerb-server-1.0.1.jar:/home/user/.m2/repository/org/apache/kerby/kerb-identity/1.0.1/kerb-identity-1.0.1.jar:/home/user/.m2/repository/org/apache/kerby/kerby-xdr/1.0.1/kerby-xdr-1.0.1.jar:/home/user/.m2/repository/org/slf4j/slf4j-log4j12/1.7.25/slf4j-log4j12-1.7.25.jar:/home/user/.m2/repository/org/apache/hadoop/hadoop-ozone-s3gateway/0.5.0-SNAPSHOT/hadoop-ozone-s3gateway-0.5.0-SNAPSHOT.jar:/home/user/.m2/repository/org/jboss/weld/servlet/weld-servlet/2.4.7.Final/weld-servlet-2.4.7.Final.jar:/home/user/.m2/repository/org/glassfish/jersey/containers/jersey-container-servlet-core/2.27/jersey-container-servlet-core-2.27.jar:/home/user/.m2/repository/org/glassfish/hk2/external/javax.inject/2.5.0-b42/javax.inject-2.5.0-b42.jar:/home/user/.m2/repository/org/glassfish/jersey/core/jersey-common/2.27/jersey-common-2.27.jar:/home/user/.m2/repository/org/glassfish/hk2/osgi-resource-locator/1.0.1/osgi-resource-locator-1.0.1.jar:/home/user/.m2/repository/javax/ws/rs/javax.ws.rs-api/2.1/javax.ws.rs-api-2.1.jar:/home/user/.m2/repository/org/glassfish/jersey/ext/cdi/jersey-cdi1x/2.27/jersey-cdi1x-2.27.jar:/home/user/.m2/repository/org/glassfish/jersey/inject/jersey-hk2/2.27/jersey-hk2-2.27.jar:/home/user/.m2/repository/org/glassfish/hk2/hk2-locator/2.5.0-b42/hk2-locator-2.5.0-b42.jar:/home/user/.m2/repository/org/javassist/javassist/3.22.0-CR2/javassist-3.22.0-CR2.jar:/home/user/.m2/repository/org/glassfish/hk2/hk2-api/2.5.0/hk2-api-2.5.0.jar:/home/user/.m2/repository/org/glassfish/hk2/external/jakarta.inject/2.5.0/jakarta.inject-2.5.0.jar:/home/user/.m2/repository/org/glassfish/hk2/hk2-utils/2.5.0/hk2-utils-2.5.0.jar:/home/user/.m2/repository/jakarta/annotation/jakarta.annotation-api/1.3.4/jakarta.annotation-api-1.3.4.jar:/home/user/.m2/repository/org/glassfish/hk2/external/aopalliance-repackaged/2.5.0/aopalliance-repackaged-2.5.0.jar:/home/user/.m2/repository/com/fasterxml/jackson/dataformat/jackson-dataformat-xml/2.9.0/jackson-dataformat-xml-2.9.0.jar:/home/user/.m2/repository/com/fasterxml/jackson/core/jackson-core/2.9.9/jackson-core-2.9.9.jar:/home/user/.m2/repository/com/fasterxml/jackson/module/jackson-module-jaxb-annotations/2.9.9/jackson-module-jaxb-annotations-2.9.9.jar:/home/user/.m2/repository/javax/enterprise/cdi-api/1.2/cdi-api-1.2.jar:/home/user/.m2/repository/javax/el/javax.el-api/3.0.0/javax.el-api-3.0.0.jar:/home/user/.m2/repository/javax/interceptor/javax.interceptor-api/1.2/javax.interceptor-api-1.2.jar:/home/user/.m2/repository/javax/inject/javax.inject/1/javax.inject-1.jar:/home/user/.m2/repository/com/sun/xml/bind/jaxb-impl/2.3.0.1/jaxb-impl-2.3.0.1.jar:/home/user/.m2/repository/com/sun/xml/bind/jaxb-core/2.3.0.1/jaxb-core-2.3.0.1.jar:/home/user/.m2/repository/javax/xml/bind/jaxb-api/2.3.0/jaxb-api-2.3.0.jar:/home/user/.m2/repository/javax/activation/activation/1.1.1/activation-1.1.1.jar:/home/user/.m2/repository/org/apache/hadoop/hadoop-ozone-csi/0.5.0-SNAPSHOT/hadoop-ozone-csi-0.5.0-SNAPSHOT.jar:/home/user/.m2/repository/com/google/protobuf/protobuf-java-util/3.5.1/protobuf-java-util-3.5.1.jar:/home/user/.m2/repository/org/apache/hadoop/hadoop-hdds-config/0.5.0-SNAPSHOT/hadoop-hdds-config-0.5.0-SNAPSHOT.jar:/home/user/.m2/repository/io/grpc/grpc-netty/1.17.1/grpc-netty-1.17.1.jar:/home/user/.m2/repository/io/grpc/grpc-core/1.17.1/grpc-core-1.17.1.jar:/home/user/.m2/repository/io/grpc/grpc-context/1.17.1/grpc-context-1.17.1.jar:/home/user/.m2/repository/com/google/errorprone/error_prone_annotations/2.2.0/error_prone_annotations-2.2.0.jar:/home/user/.m2/repository/org/codehaus/mojo/animal-sniffer-annotations/1.17/animal-sniffer-annotations-1.17.jar:/home/user/.m2/repository/io/opencensus/opencensus-api/0.17.0/opencensus-api-0.17.0.jar:/home/user/.m2/repository/io/opencensus/opencensus-contrib-grpc-metrics/0.17.0/opencensus-contrib-grpc-metrics-0.17.0.jar:/home/user/.m2/repository/io/netty/netty-codec-http2/4.1.30.Final/netty-codec-http2-4.1.30.Final.jar:/home/user/.m2/repository/io/netty/netty-codec-http/4.1.30.Final/netty-codec-http-4.1.30.Final.jar:/home/user/.m2/repository/io/netty/netty-codec/4.1.30.Final/netty-codec-4.1.30.Final.jar:/home/user/.m2/repository/io/netty/netty-handler/4.1.30.Final/netty-handler-4.1.30.Final.jar:/home/user/.m2/repository/io/netty/netty-handler-proxy/4.1.30.Final/netty-handler-proxy-4.1.30.Final.jar:/home/user/.m2/repository/io/netty/netty-codec-socks/4.1.30.Final/netty-codec-socks-4.1.30.Final.jar:/home/user/.m2/repository/io/netty/netty-transport-native-epoll/4.1.30.Final/netty-transport-native-epoll-4.1.30.Final.jar:/home/user/.m2/repository/io/netty/netty-common/4.1.30.Final/netty-common-4.1.30.Final.jar:/home/user/.m2/repository/io/netty/netty-buffer/4.1.30.Final/netty-buffer-4.1.30.Final.jar:/home/user/.m2/repository/io/netty/netty-transport/4.1.30.Final/netty-transport-4.1.30.Final.jar:/home/user/.m2/repository/io/netty/netty-resolver/4.1.30.Final/netty-resolver-4.1.30.Final.jar:/home/user/.m2/repository/io/netty/netty-transport-native-unix-common/4.1.30.Final/netty-transport-native-unix-common-4.1.30.Final.jar:/home/user/.m2/repository/io/grpc/grpc-protobuf/1.17.1/grpc-protobuf-1.17.1.jar:/home/user/.m2/repository/com/google/api/grpc/proto-google-common-protos/1.0.0/proto-google-common-protos-1.0.0.jar:/home/user/.m2/repository/io/grpc/grpc-protobuf-lite/1.17.1/grpc-protobuf-lite-1.17.1.jar:/home/user/.m2/repository/io/grpc/grpc-stub/1.17.1/grpc-stub-1.17.1.jar:/home/user/.m2/repository/org/apache/hadoop/hadoop-ozone-recon/0.5.0-SNAPSHOT/hadoop-ozone-recon-0.5.0-SNAPSHOT.jar:/home/user/.m2/repository/org/apache/hadoop/hadoop-ozone-reconcodegen/0.5.0-SNAPSHOT/hadoop-ozone-reconcodegen-0.5.0-SNAPSHOT.jar:/home/user/.m2/repository/com/google/inject/extensions/guice-multibindings/4.0/guice-multibindings-4.0.jar:/home/user/.m2/repository/com/google/inject/guice/4.0/guice-4.0.jar:/home/user/.m2/repository/aopalliance/aopalliance/1.0/aopalliance-1.0.jar:/home/user/.m2/repository/com/google/inject/extensions/guice-servlet/4.0/guice-servlet-4.0.jar:/home/user/.m2/repository/org/glassfish/jersey/containers/jersey-container-servlet/2.27/jersey-container-servlet-2.27.jar:/home/user/.m2/repository/org/glassfish/hk2/guice-bridge/2.5.0/guice-bridge-2.5.0.jar:/home/user/.m2/repository/org/glassfish/jersey/core/jersey-server/2.27/jersey-server-2.27.jar:/home/user/.m2/repository/org/glassfish/jersey/core/jersey-client/2.27/jersey-client-2.27.jar:/home/user/.m2/repository/org/glassfish/jersey/media/jersey-media-jaxb/2.27/jersey-media-jaxb-2.27.jar:/home/user/.m2/repository/javax/validation/validation-api/1.1.0.Final/validation-api-1.1.0.Final.jar:/home/user/.m2/repository/org/glassfish/jersey/media/jersey-media-json-jackson/2.27/jersey-media-json-jackson-2.27.jar:/home/user/.m2/repository/org/glassfish/jersey/ext/jersey-entity-filtering/2.27/jersey-entity-filtering-2.27.jar:/home/user/.m2/repository/com/google/inject/extensions/guice-assistedinject/4.0/guice-assistedinject-4.0.jar:/home/user/.m2/repository/org/jooq/jooq/3.11.10/jooq-3.11.10.jar:/home/user/.m2/repository/org/jooq/jooq-meta/3.11.10/jooq-meta-3.11.10.jar:/home/user/.m2/repository/org/jooq/jooq-codegen/3.11.10/jooq-codegen-3.11.10.jar:/home/user/.m2/repository/com/jolbox/bonecp/0.8.0.RELEASE/bonecp-0.8.0.RELEASE.jar:/home/user/.m2/repository/org/xerial/sqlite-jdbc/3.25.2/sqlite-jdbc-3.25.2.jar:/home/user/.m2/repository/org/springframework/spring-jdbc/5.1.3.RELEASE/spring-jdbc-5.1.3.RELEASE.jar:/home/user/.m2/repository/org/springframework/spring-beans/5.1.3.RELEASE/spring-beans-5.1.3.RELEASE.jar:/home/user/.m2/repository/org/springframework/spring-core/5.1.3.RELEASE/spring-core-5.1.3.RELEASE.jar:/home/user/.m2/repository/org/springframework/spring-jcl/5.1.3.RELEASE/spring-jcl-5.1.3.RELEASE.jar:/home/user/.m2/repository/org/springframework/spring-tx/5.1.3.RELEASE/spring-tx-5.1.3.RELEASE.jar:/home/user/.m2/repository/org/apache/hadoop/hadoop-ozone-client/0.5.0-SNAPSHOT/hadoop-ozone-client-0.5.0-SNAPSHOT.jar:/home/user/.m2/repository/commons-lang/commons-lang/2.6/commons-lang-2.6.jar:/home/user/.m2/repository/org/apache/hadoop/hadoop-ozone-ozone-manager/0.5.0-SNAPSHOT/hadoop-ozone-ozone-manager-0.5.0-SNAPSHOT-tests.jar:/home/user/.m2/repository/junit/junit/4.11/junit-4.11.jar:/home/user/.m2/repository/org/hamcrest/hamcrest-core/1.3/hamcrest-core-1.3.jar:/home/user/.m2/repository/org/openjdk/jmh/jmh-core/1.19/jmh-core-1.19.jar:/home/user/.m2/repository/net/sf/jopt-simple/jopt-simple/4.6/jopt-simple-4.6.jar:/home/user/.m2/repository/org/apache/commons/commons-math3/3.1.1/commons-math3-3.1.1.jar:/home/user/.m2/repository/org/openjdk/jmh/jmh-generator-annprocess/1.19/jmh-generator-annprocess-1.19.jar:/home/user/.m2/repository/org/mockito/mockito-all/1.8.5/mockito-all-1.8.5.jar:/home/user/.m2/repository/org/apache/hadoop/hadoop-kms/3.2.0/hadoop-kms-3.2.0.jar:/home/user/.m2/repository/org/apache/hadoop/hadoop-auth/3.2.0/hadoop-auth-3.2.0.jar:/home/user/.m2/repository/com/nimbusds/nimbus-jose-jwt/4.41.1/nimbus-jose-jwt-4.41.1.jar:/home/user/.m2/repository/com/github/stephenc/jcip/jcip-annotations/1.0-1/jcip-annotations-1.0-1.jar:/home/user/.m2/repository/net/minidev/json-smart/2.3/json-smart-2.3.jar:/home/user/.m2/repository/net/minidev/accessors-smart/1.2/accessors-smart-1.2.jar:/home/user/.m2/repository/org/ow2/asm/asm/5.0.4/asm-5.0.4.jar:/home/user/.m2/repository/org/apache/curator/curator-framework/2.12.0/curator-framework-2.12.0.jar:/home/user/.m2/repository/com/sun/jersey/jersey-core/1.19/jersey-core-1.19.jar:/home/user/.m2/repository/javax/ws/rs/jsr311-api/1.1.1/jsr311-api-1.1.1.jar:/home/user/.m2/repository/com/sun/jersey/jersey-server/1.19/jersey-server-1.19.jar:/home/user/.m2/repository/javax/servlet/javax.servlet-api/3.1.0/javax.servlet-api-3.1.0.jar:/home/user/.m2/repository/org/eclipse/jetty/jetty-server/9.3.25.v20180904/jetty-server-9.3.25.v20180904.jar:/home/user/.m2/repository/org/eclipse/jetty/jetty-http/9.3.25.v20180904/jetty-http-9.3.25.v20180904.jar:/home/user/.m2/repository/org/eclipse/jetty/jetty-io/9.3.25.v20180904/jetty-io-9.3.25.v20180904.jar:/home/user/.m2/repository/org/eclipse/jetty/jetty-webapp/9.3.25.v20180904/jetty-webapp-9.3.25.v20180904.jar:/home/user/.m2/repository/org/eclipse/jetty/jetty-xml/9.3.25.v20180904/jetty-xml-9.3.25.v20180904.jar:/home/user/.m2/repository/log4j/log4j/1.2.17/log4j-1.2.17.jar:/home/user/.m2/repository/org/slf4j/slf4j-api/1.7.25/slf4j-api-1.7.25.jar:/home/user/.m2/repository/org/slf4j/jul-to-slf4j/1.7.25/jul-to-slf4j-1.7.25.jar:/home/user/.m2/repository/org/eclipse/jetty/jetty-util/9.3.25.v20180904/jetty-util-9.3.25.v20180904.jar:/home/user/.m2/repository/com/fasterxml/jackson/core/jackson-databind/2.9.9/jackson-databind-2.9.9.jar:/home/user/.m2/repository/org/apache/hadoop/hadoop-kms/3.2.0/hadoop-kms-3.2.0-tests.jar:/home/user/.m2/repository/org/apache/hadoop/hadoop-hdds-server-scm/0.5.0-SNAPSHOT/hadoop-hdds-server-scm-0.5.0-SNAPSHOT-tests.jar:/home/user/.m2/repository/org/apache/hadoop/hadoop-hdds-container-service/0.5.0-SNAPSHOT/hadoop-hdds-container-service-0.5.0-SNAPSHOT-tests.jar:/home/user/.m2/repository/org/yaml/snakeyaml/1.16/snakeyaml-1.16.jar:/home/user/.m2/repository/org/apache/hadoop/hadoop-common/3.2.0/hadoop-common-3.2.0-tests.jar:/home/user/.m2/repository/org/apache/hadoop/hadoop-annotations/3.2.0/hadoop-annotations-3.2.0.jar:/usr/lib/jvm/java-1.8-openjdk/jre/../lib/tools.jar:/home/user/.m2/repository/commons-cli/commons-cli/1.2/commons-cli-1.2.jar:/home/user/.m2/repository/org/apache/httpcomponents/httpclient/4.5.2/httpclient-4.5.2.jar:/home/user/.m2/repository/org/apache/httpcomponents/httpcore/4.4.4/httpcore-4.4.4.jar:/home/user/.m2/repository/commons-codec/commons-codec/1.11/commons-codec-1.11.jar:/home/user/.m2/repository/commons-net/commons-net/3.6/commons-net-3.6.jar:/home/user/.m2/repository/commons-collections/commons-collections/3.2.2/commons-collections-3.2.2.jar:/home/user/.m2/repository/org/eclipse/jetty/jetty-servlet/9.3.25.v20180904/jetty-servlet-9.3.25.v20180904.jar:/home/user/.m2/repository/org/eclipse/jetty/jetty-security/9.3.25.v20180904/jetty-security-9.3.25.v20180904.jar:/home/user/.m2/repository/javax/servlet/jsp/jsp-api/2.1/jsp-api-2.1.jar:/home/user/.m2/repository/com/sun/jersey/jersey-servlet/1.19/jersey-servlet-1.19.jar:/home/user/.m2/repository/com/sun/jersey/jersey-json/1.19/jersey-json-1.19.jar:/home/user/.m2/repository/org/codehaus/jettison/jettison/1.1/jettison-1.1.jar:/home/user/.m2/repository/org/codehaus/jackson/jackson-core-asl/1.9.13/jackson-core-asl-1.9.13.jar:/home/user/.m2/repository/org/codehaus/jackson/jackson-mapper-asl/1.9.13/jackson-mapper-asl-1.9.13.jar:/home/user/.m2/repository/org/codehaus/jackson/jackson-jaxrs/1.9.13/jackson-jaxrs-1.9.13.jar:/home/user/.m2/repository/org/codehaus/jackson/jackson-xc/1.9.13/jackson-xc-1.9.13.jar:/home/user/.m2/repository/commons-logging/commons-logging/1.1.3/commons-logging-1.1.3.jar:/home/user/.m2/repository/commons-beanutils/commons-beanutils/1.9.4/commons-beanutils-1.9.4.jar:/home/user/.m2/repository/org/apache/commons/commons-configuration2/2.1.1/commons-configuration2-2.1.1.jar:/home/user/.m2/repository/org/apache/commons/commons-lang3/3.7/commons-lang3-3.7.jar:/home/user/.m2/repository/org/apache/commons/commons-text/1.4/commons-text-1.4.jar:/home/user/.m2/repository/org/apache/avro/avro/1.7.7/avro-1.7.7.jar:/home/user/.m2/repository/com/thoughtworks/paranamer/paranamer/2.3/paranamer-2.3.jar:/home/user/.m2/repository/org/xerial/snappy/snappy-java/1.0.5/snappy-java-1.0.5.jar:/home/user/.m2/repository/com/google/re2j/re2j/1.1/re2j-1.1.jar:/home/user/.m2/repository/com/google/code/gson/gson/2.2.4/gson-2.2.4.jar:/home/user/.m2/repository/com/jcraft/jsch/0.1.54/jsch-0.1.54.jar:/home/user/.m2/repository/org/apache/curator/curator-client/2.12.0/curator-client-2.12.0.jar:/home/user/.m2/repository/org/apache/curator/curator-recipes/2.12.0/curator-recipes-2.12.0.jar:/home/user/.m2/repository/com/google/code/findbugs/jsr305/3.0.0/jsr305-3.0.0.jar:/home/user/.m2/repository/org/apache/htrace/htrace-core4/4.1.0-incubating/htrace-core4-4.1.0-incubating.jar:/home/user/.m2/repository/org/apache/zookeeper/zookeeper/3.4.13/zookeeper-3.4.13.jar:/home/user/.m2/repository/jline/jline/0.9.94/jline-0.9.94.jar:/home/user/.m2/repository/org/apache/yetus/audience-annotations/0.5.0/audience-annotations-0.5.0.jar:/home/user/.m2/repository/org/codehaus/woodstox/stax2-api/3.1.4/stax2-api-3.1.4.jar:/home/user/.m2/repository/com/fasterxml/woodstox/woodstox-core/5.0.3/woodstox-core-5.0.3.jar:/home/user/.m2/repository/dnsjava/dnsjava/2.1.7/dnsjava-2.1.7.jar:/home/user/.m2/repository/org/apache/hadoop/hadoop-hdfs/3.2.0/hadoop-hdfs-3.2.0-tests.jar:/home/user/.m2/repository/org/eclipse/jetty/jetty-util-ajax/9.3.25.v20180904/jetty-util-ajax-9.3.25.v20180904.jar:/home/user/.m2/repository/commons-daemon/commons-daemon/1.0.13/commons-daemon-1.0.13.jar:/home/user/.m2/repository/io/netty/netty/3.10.5.Final/netty-3.10.5.Final.jar:/home/user/.m2/repository/io/netty/netty-all/4.0.52.Final/netty-all-4.0.52.Final.jar:/home/user/.m2/repository/org/fusesource/leveldbjni/leveldbjni-all/1.8/leveldbjni-all-1.8.jar:"/>
    <property name="java.vm.vendor" value="IcedTea"/>
    <property name="sun.arch.data.model" value="64"/>
    <property name="test.build.dir" value="/workdir/hadoop-ozone/integration-test/target/test-dir"/>
    <property name="test.cache.data" value=""/>
    <property name="java.vendor.url" value="https://icedtea.classpath.org"/>
    <property name="user.timezone" value=""/>
    <property name="java.vm.specification.version" value="1.8"/>
    <property name="os.name" value="Linux"/>
    <property name="test.build.data" value="/workdir/hadoop-ozone/integration-test/target/test-dir"/>
    <property name="user.country" value="US"/>
    <property name="sun.java.launcher" value="SUN_STANDARD"/>
    <property name="sun.boot.library.path" value="/usr/lib/jvm/java-1.8-openjdk/jre/lib/amd64"/>
    <property name="sun.java.command" value="/workdir/hadoop-ozone/integration-test/target/surefire/surefirebooter1373360462739723928.jar /workdir/hadoop-ozone/integration-test/target/surefire 2019-10-11T16-04-44_029-jvmRun1 surefire7353988552016225949tmp surefire_666094749767087364487tmp"/>
    <property name="test" value="!TestMiniChaosOzoneCluster"/>
    <property name="surefire.test.class.path" value="/workdir/hadoop-ozone/integration-test/target/test-classes:/workdir/hadoop-ozone/integration-test/target/classes:/home/user/.m2/repository/org/apache/hadoop/hadoop-ozone-common/0.5.0-SNAPSHOT/hadoop-ozone-common-0.5.0-SNAPSHOT.jar:/home/user/.m2/repository/org/apache/commons/commons-compress/1.4.1/commons-compress-1.4.1.jar:/home/user/.m2/repository/org/tukaani/xz/1.0/xz-1.0.jar:/home/user/.m2/repository/org/apache/hadoop/hadoop-common/3.2.0/hadoop-common-3.2.0.jar:/home/user/.m2/repository/org/apache/hadoop/hadoop-hdfs/3.2.0/hadoop-hdfs-3.2.0.jar:/home/user/.m2/repository/org/apache/hadoop/hadoop-hdfs-client/3.2.0/hadoop-hdfs-client-3.2.0.jar:/home/user/.m2/repository/com/fasterxml/jackson/core/jackson-annotations/2.9.9/jackson-annotations-2.9.9.jar:/home/user/.m2/repository/org/apache/hadoop/hadoop-hdds-common/0.5.0-SNAPSHOT/hadoop-hdds-common-0.5.0-SNAPSHOT.jar:/home/user/.m2/repository/javax/annotation/javax.annotation-api/1.2/javax.annotation-api-1.2.jar:/home/user/.m2/repository/org/apache/ratis/ratis-server/0.5.0-201fc85-SNAPSHOT/ratis-server-0.5.0-201fc85-SNAPSHOT.jar:/home/user/.m2/repository/org/apache/ratis/ratis-thirdparty-misc/0.2.0/ratis-thirdparty-misc-0.2.0.jar:/home/user/.m2/repository/org/apache/ratis/ratis-proto/0.5.0-201fc85-SNAPSHOT/ratis-proto-0.5.0-201fc85-SNAPSHOT.jar:/home/user/.m2/repository/org/apache/ratis/ratis-common/0.5.0-201fc85-SNAPSHOT/ratis-common-0.5.0-201fc85-SNAPSHOT.jar:/home/user/.m2/repository/org/apache/ratis/ratis-client/0.5.0-201fc85-SNAPSHOT/ratis-client-0.5.0-201fc85-SNAPSHOT.jar:/home/user/.m2/repository/org/apache/ratis/ratis-metrics/0.5.0-201fc85-SNAPSHOT/ratis-metrics-0.5.0-201fc85-SNAPSHOT.jar:/home/user/.m2/repository/com/github/joshelser/dropwizard-metrics-hadoop-metrics2-reporter/0.1.2/dropwizard-metrics-hadoop-metrics2-reporter-0.1.2.jar:/home/user/.m2/repository/io/dropwizard/metrics/metrics-jvm/3.2.5/metrics-jvm-3.2.5.jar:/home/user/.m2/repository/io/dropwizard/metrics/metrics-ganglia/3.2.5/metrics-ganglia-3.2.5.jar:/home/user/.m2/repository/info/ganglia/gmetric4j/gmetric4j/1.0.7/gmetric4j-1.0.7.jar:/home/user/.m2/repository/org/apache/ratis/ratis-netty/0.5.0-201fc85-SNAPSHOT/ratis-netty-0.5.0-201fc85-SNAPSHOT.jar:/home/user/.m2/repository/org/apache/ratis/ratis-grpc/0.5.0-201fc85-SNAPSHOT/ratis-grpc-0.5.0-201fc85-SNAPSHOT.jar:/home/user/.m2/repository/org/rocksdb/rocksdbjni/6.0.1/rocksdbjni-6.0.1.jar:/home/user/.m2/repository/org/apache/logging/log4j/log4j-api/2.11.0/log4j-api-2.11.0.jar:/home/user/.m2/repository/org/apache/logging/log4j/log4j-core/2.11.0/log4j-core-2.11.0.jar:/home/user/.m2/repository/com/lmax/disruptor/3.4.2/disruptor-3.4.2.jar:/home/user/.m2/repository/org/apache/commons/commons-pool2/2.6.0/commons-pool2-2.6.0.jar:/home/user/.m2/repository/org/bouncycastle/bcpkix-jdk15on/1.60/bcpkix-jdk15on-1.60.jar:/home/user/.m2/repository/commons-validator/commons-validator/1.6/commons-validator-1.6.jar:/home/user/.m2/repository/commons-digester/commons-digester/1.8.1/commons-digester-1.8.1.jar:/home/user/.m2/repository/io/jaegertracing/jaeger-client/0.34.0/jaeger-client-0.34.0.jar:/home/user/.m2/repository/io/jaegertracing/jaeger-thrift/0.34.0/jaeger-thrift-0.34.0.jar:/home/user/.m2/repository/org/apache/thrift/libthrift/0.12.0/libthrift-0.12.0.jar:/home/user/.m2/repository/com/squareup/okhttp3/okhttp/3.9.0/okhttp-3.9.0.jar:/home/user/.m2/repository/com/squareup/okio/okio/1.13.0/okio-1.13.0.jar:/home/user/.m2/repository/io/jaegertracing/jaeger-core/0.34.0/jaeger-core-0.34.0.jar:/home/user/.m2/repository/io/jaegertracing/jaeger-tracerresolver/0.34.0/jaeger-tracerresolver-0.34.0.jar:/home/user/.m2/repository/io/opentracing/contrib/opentracing-tracerresolver/0.1.5/opentracing-tracerresolver-0.1.5.jar:/home/user/.m2/repository/io/opentracing/opentracing-util/0.31.0/opentracing-util-0.31.0.jar:/home/user/.m2/repository/io/opentracing/opentracing-api/0.31.0/opentracing-api-0.31.0.jar:/home/user/.m2/repository/io/opentracing/opentracing-noop/0.31.0/opentracing-noop-0.31.0.jar:/home/user/.m2/repository/org/apache/hadoop/hadoop-hdds-server-framework/0.5.0-SNAPSHOT/hadoop-hdds-server-framework-0.5.0-SNAPSHOT.jar:/home/user/.m2/repository/org/apache/hadoop/hadoop-hdds-container-service/0.5.0-SNAPSHOT/hadoop-hdds-container-service-0.5.0-SNAPSHOT.jar:/home/user/.m2/repository/org/apache/hadoop/hadoop-hdds-client/0.5.0-SNAPSHOT/hadoop-hdds-client-0.5.0-SNAPSHOT.jar:/home/user/.m2/repository/org/apache/hadoop/hadoop-hdds-tools/0.5.0-SNAPSHOT/hadoop-hdds-tools-0.5.0-SNAPSHOT.jar:/home/user/.m2/repository/org/apache/hadoop/hadoop-hdds-server-scm/0.5.0-SNAPSHOT/hadoop-hdds-server-scm-0.5.0-SNAPSHOT.jar:/home/user/.m2/repository/org/apache/hadoop/hadoop-hdds-docs/0.5.0-SNAPSHOT/hadoop-hdds-docs-0.5.0-SNAPSHOT.jar:/home/user/.m2/repository/io/dropwizard/metrics/metrics-core/3.2.4/metrics-core-3.2.4.jar:/home/user/.m2/repository/org/hamcrest/hamcrest-all/1.3/hamcrest-all-1.3.jar:/home/user/.m2/repository/org/bouncycastle/bcprov-jdk15on/1.60/bcprov-jdk15on-1.60.jar:/home/user/.m2/repository/info/picocli/picocli/3.9.6/picocli-3.9.6.jar:/home/user/.m2/repository/com/google/protobuf/protobuf-java/2.5.0/protobuf-java-2.5.0.jar:/home/user/.m2/repository/com/google/guava/guava/11.0.2/guava-11.0.2.jar:/home/user/.m2/repository/org/apache/hadoop/hadoop-ozone-ozone-manager/0.5.0-SNAPSHOT/hadoop-ozone-ozone-manager-0.5.0-SNAPSHOT.jar:/home/user/.m2/repository/org/apache/hadoop/hadoop-minikdc/3.2.0/hadoop-minikdc-3.2.0.jar:/home/user/.m2/repository/commons-io/commons-io/2.5/commons-io-2.5.jar:/home/user/.m2/repository/org/apache/kerby/kerb-simplekdc/1.0.1/kerb-simplekdc-1.0.1.jar:/home/user/.m2/repository/org/apache/kerby/kerb-client/1.0.1/kerb-client-1.0.1.jar:/home/user/.m2/repository/org/apache/kerby/kerby-config/1.0.1/kerby-config-1.0.1.jar:/home/user/.m2/repository/org/apache/kerby/kerb-core/1.0.1/kerb-core-1.0.1.jar:/home/user/.m2/repository/org/apache/kerby/kerby-pkix/1.0.1/kerby-pkix-1.0.1.jar:/home/user/.m2/repository/org/apache/kerby/kerby-asn1/1.0.1/kerby-asn1-1.0.1.jar:/home/user/.m2/repository/org/apache/kerby/kerby-util/1.0.1/kerby-util-1.0.1.jar:/home/user/.m2/repository/org/apache/kerby/kerb-common/1.0.1/kerb-common-1.0.1.jar:/home/user/.m2/repository/org/apache/kerby/kerb-crypto/1.0.1/kerb-crypto-1.0.1.jar:/home/user/.m2/repository/org/apache/kerby/kerb-util/1.0.1/kerb-util-1.0.1.jar:/home/user/.m2/repository/org/apache/kerby/token-provider/1.0.1/token-provider-1.0.1.jar:/home/user/.m2/repository/org/apache/kerby/kerb-admin/1.0.1/kerb-admin-1.0.1.jar:/home/user/.m2/repository/org/apache/kerby/kerb-server/1.0.1/kerb-server-1.0.1.jar:/home/user/.m2/repository/org/apache/kerby/kerb-identity/1.0.1/kerb-identity-1.0.1.jar:/home/user/.m2/repository/org/apache/kerby/kerby-xdr/1.0.1/kerby-xdr-1.0.1.jar:/home/user/.m2/repository/org/slf4j/slf4j-log4j12/1.7.25/slf4j-log4j12-1.7.25.jar:/home/user/.m2/repository/org/apache/hadoop/hadoop-ozone-s3gateway/0.5.0-SNAPSHOT/hadoop-ozone-s3gateway-0.5.0-SNAPSHOT.jar:/home/user/.m2/repository/org/jboss/weld/servlet/weld-servlet/2.4.7.Final/weld-servlet-2.4.7.Final.jar:/home/user/.m2/repository/org/glassfish/jersey/containers/jersey-container-servlet-core/2.27/jersey-container-servlet-core-2.27.jar:/home/user/.m2/repository/org/glassfish/hk2/external/javax.inject/2.5.0-b42/javax.inject-2.5.0-b42.jar:/home/user/.m2/repository/org/glassfish/jersey/core/jersey-common/2.27/jersey-common-2.27.jar:/home/user/.m2/repository/org/glassfish/hk2/osgi-resource-locator/1.0.1/osgi-resource-locator-1.0.1.jar:/home/user/.m2/repository/javax/ws/rs/javax.ws.rs-api/2.1/javax.ws.rs-api-2.1.jar:/home/user/.m2/repository/org/glassfish/jersey/ext/cdi/jersey-cdi1x/2.27/jersey-cdi1x-2.27.jar:/home/user/.m2/repository/org/glassfish/jersey/inject/jersey-hk2/2.27/jersey-hk2-2.27.jar:/home/user/.m2/repository/org/glassfish/hk2/hk2-locator/2.5.0-b42/hk2-locator-2.5.0-b42.jar:/home/user/.m2/repository/org/javassist/javassist/3.22.0-CR2/javassist-3.22.0-CR2.jar:/home/user/.m2/repository/org/glassfish/hk2/hk2-api/2.5.0/hk2-api-2.5.0.jar:/home/user/.m2/repository/org/glassfish/hk2/external/jakarta.inject/2.5.0/jakarta.inject-2.5.0.jar:/home/user/.m2/repository/org/glassfish/hk2/hk2-utils/2.5.0/hk2-utils-2.5.0.jar:/home/user/.m2/repository/jakarta/annotation/jakarta.annotation-api/1.3.4/jakarta.annotation-api-1.3.4.jar:/home/user/.m2/repository/org/glassfish/hk2/external/aopalliance-repackaged/2.5.0/aopalliance-repackaged-2.5.0.jar:/home/user/.m2/repository/com/fasterxml/jackson/dataformat/jackson-dataformat-xml/2.9.0/jackson-dataformat-xml-2.9.0.jar:/home/user/.m2/repository/com/fasterxml/jackson/core/jackson-core/2.9.9/jackson-core-2.9.9.jar:/home/user/.m2/repository/com/fasterxml/jackson/module/jackson-module-jaxb-annotations/2.9.9/jackson-module-jaxb-annotations-2.9.9.jar:/home/user/.m2/repository/javax/enterprise/cdi-api/1.2/cdi-api-1.2.jar:/home/user/.m2/repository/javax/el/javax.el-api/3.0.0/javax.el-api-3.0.0.jar:/home/user/.m2/repository/javax/interceptor/javax.interceptor-api/1.2/javax.interceptor-api-1.2.jar:/home/user/.m2/repository/javax/inject/javax.inject/1/javax.inject-1.jar:/home/user/.m2/repository/com/sun/xml/bind/jaxb-impl/2.3.0.1/jaxb-impl-2.3.0.1.jar:/home/user/.m2/repository/com/sun/xml/bind/jaxb-core/2.3.0.1/jaxb-core-2.3.0.1.jar:/home/user/.m2/repository/javax/xml/bind/jaxb-api/2.3.0/jaxb-api-2.3.0.jar:/home/user/.m2/repository/javax/activation/activation/1.1.1/activation-1.1.1.jar:/home/user/.m2/repository/org/apache/hadoop/hadoop-ozone-csi/0.5.0-SNAPSHOT/hadoop-ozone-csi-0.5.0-SNAPSHOT.jar:/home/user/.m2/repository/com/google/protobuf/protobuf-java-util/3.5.1/protobuf-java-util-3.5.1.jar:/home/user/.m2/repository/org/apache/hadoop/hadoop-hdds-config/0.5.0-SNAPSHOT/hadoop-hdds-config-0.5.0-SNAPSHOT.jar:/home/user/.m2/repository/io/grpc/grpc-netty/1.17.1/grpc-netty-1.17.1.jar:/home/user/.m2/repository/io/grpc/grpc-core/1.17.1/grpc-core-1.17.1.jar:/home/user/.m2/repository/io/grpc/grpc-context/1.17.1/grpc-context-1.17.1.jar:/home/user/.m2/repository/com/google/errorprone/error_prone_annotations/2.2.0/error_prone_annotations-2.2.0.jar:/home/user/.m2/repository/org/codehaus/mojo/animal-sniffer-annotations/1.17/animal-sniffer-annotations-1.17.jar:/home/user/.m2/repository/io/opencensus/opencensus-api/0.17.0/opencensus-api-0.17.0.jar:/home/user/.m2/repository/io/opencensus/opencensus-contrib-grpc-metrics/0.17.0/opencensus-contrib-grpc-metrics-0.17.0.jar:/home/user/.m2/repository/io/netty/netty-codec-http2/4.1.30.Final/netty-codec-http2-4.1.30.Final.jar:/home/user/.m2/repository/io/netty/netty-codec-http/4.1.30.Final/netty-codec-http-4.1.30.Final.jar:/home/user/.m2/repository/io/netty/netty-codec/4.1.30.Final/netty-codec-4.1.30.Final.jar:/home/user/.m2/repository/io/netty/netty-handler/4.1.30.Final/netty-handler-4.1.30.Final.jar:/home/user/.m2/repository/io/netty/netty-handler-proxy/4.1.30.Final/netty-handler-proxy-4.1.30.Final.jar:/home/user/.m2/repository/io/netty/netty-codec-socks/4.1.30.Final/netty-codec-socks-4.1.30.Final.jar:/home/user/.m2/repository/io/netty/netty-transport-native-epoll/4.1.30.Final/netty-transport-native-epoll-4.1.30.Final.jar:/home/user/.m2/repository/io/netty/netty-common/4.1.30.Final/netty-common-4.1.30.Final.jar:/home/user/.m2/repository/io/netty/netty-buffer/4.1.30.Final/netty-buffer-4.1.30.Final.jar:/home/user/.m2/repository/io/netty/netty-transport/4.1.30.Final/netty-transport-4.1.30.Final.jar:/home/user/.m2/repository/io/netty/netty-resolver/4.1.30.Final/netty-resolver-4.1.30.Final.jar:/home/user/.m2/repository/io/netty/netty-transport-native-unix-common/4.1.30.Final/netty-transport-native-unix-common-4.1.30.Final.jar:/home/user/.m2/repository/io/grpc/grpc-protobuf/1.17.1/grpc-protobuf-1.17.1.jar:/home/user/.m2/repository/com/google/api/grpc/proto-google-common-protos/1.0.0/proto-google-common-protos-1.0.0.jar:/home/user/.m2/repository/io/grpc/grpc-protobuf-lite/1.17.1/grpc-protobuf-lite-1.17.1.jar:/home/user/.m2/repository/io/grpc/grpc-stub/1.17.1/grpc-stub-1.17.1.jar:/home/user/.m2/repository/org/apache/hadoop/hadoop-ozone-recon/0.5.0-SNAPSHOT/hadoop-ozone-recon-0.5.0-SNAPSHOT.jar:/home/user/.m2/repository/org/apache/hadoop/hadoop-ozone-reconcodegen/0.5.0-SNAPSHOT/hadoop-ozone-reconcodegen-0.5.0-SNAPSHOT.jar:/home/user/.m2/repository/com/google/inject/extensions/guice-multibindings/4.0/guice-multibindings-4.0.jar:/home/user/.m2/repository/com/google/inject/guice/4.0/guice-4.0.jar:/home/user/.m2/repository/aopalliance/aopalliance/1.0/aopalliance-1.0.jar:/home/user/.m2/repository/com/google/inject/extensions/guice-servlet/4.0/guice-servlet-4.0.jar:/home/user/.m2/repository/org/glassfish/jersey/containers/jersey-container-servlet/2.27/jersey-container-servlet-2.27.jar:/home/user/.m2/repository/org/glassfish/hk2/guice-bridge/2.5.0/guice-bridge-2.5.0.jar:/home/user/.m2/repository/org/glassfish/jersey/core/jersey-server/2.27/jersey-server-2.27.jar:/home/user/.m2/repository/org/glassfish/jersey/core/jersey-client/2.27/jersey-client-2.27.jar:/home/user/.m2/repository/org/glassfish/jersey/media/jersey-media-jaxb/2.27/jersey-media-jaxb-2.27.jar:/home/user/.m2/repository/javax/validation/validation-api/1.1.0.Final/validation-api-1.1.0.Final.jar:/home/user/.m2/repository/org/glassfish/jersey/media/jersey-media-json-jackson/2.27/jersey-media-json-jackson-2.27.jar:/home/user/.m2/repository/org/glassfish/jersey/ext/jersey-entity-filtering/2.27/jersey-entity-filtering-2.27.jar:/home/user/.m2/repository/com/google/inject/extensions/guice-assistedinject/4.0/guice-assistedinject-4.0.jar:/home/user/.m2/repository/org/jooq/jooq/3.11.10/jooq-3.11.10.jar:/home/user/.m2/repository/org/jooq/jooq-meta/3.11.10/jooq-meta-3.11.10.jar:/home/user/.m2/repository/org/jooq/jooq-codegen/3.11.10/jooq-codegen-3.11.10.jar:/home/user/.m2/repository/com/jolbox/bonecp/0.8.0.RELEASE/bonecp-0.8.0.RELEASE.jar:/home/user/.m2/repository/org/xerial/sqlite-jdbc/3.25.2/sqlite-jdbc-3.25.2.jar:/home/user/.m2/repository/org/springframework/spring-jdbc/5.1.3.RELEASE/spring-jdbc-5.1.3.RELEASE.jar:/home/user/.m2/repository/org/springframework/spring-beans/5.1.3.RELEASE/spring-beans-5.1.3.RELEASE.jar:/home/user/.m2/repository/org/springframework/spring-core/5.1.3.RELEASE/spring-core-5.1.3.RELEASE.jar:/home/user/.m2/repository/org/springframework/spring-jcl/5.1.3.RELEASE/spring-jcl-5.1.3.RELEASE.jar:/home/user/.m2/repository/org/springframework/spring-tx/5.1.3.RELEASE/spring-tx-5.1.3.RELEASE.jar:/home/user/.m2/repository/org/apache/hadoop/hadoop-ozone-client/0.5.0-SNAPSHOT/hadoop-ozone-client-0.5.0-SNAPSHOT.jar:/home/user/.m2/repository/commons-lang/commons-lang/2.6/commons-lang-2.6.jar:/home/user/.m2/repository/org/apache/hadoop/hadoop-ozone-ozone-manager/0.5.0-SNAPSHOT/hadoop-ozone-ozone-manager-0.5.0-SNAPSHOT-tests.jar:/home/user/.m2/repository/junit/junit/4.11/junit-4.11.jar:/home/user/.m2/repository/org/hamcrest/hamcrest-core/1.3/hamcrest-core-1.3.jar:/home/user/.m2/repository/org/openjdk/jmh/jmh-core/1.19/jmh-core-1.19.jar:/home/user/.m2/repository/net/sf/jopt-simple/jopt-simple/4.6/jopt-simple-4.6.jar:/home/user/.m2/repository/org/apache/commons/commons-math3/3.1.1/commons-math3-3.1.1.jar:/home/user/.m2/repository/org/openjdk/jmh/jmh-generator-annprocess/1.19/jmh-generator-annprocess-1.19.jar:/home/user/.m2/repository/org/mockito/mockito-all/1.8.5/mockito-all-1.8.5.jar:/home/user/.m2/repository/org/apache/hadoop/hadoop-kms/3.2.0/hadoop-kms-3.2.0.jar:/home/user/.m2/repository/org/apache/hadoop/hadoop-auth/3.2.0/hadoop-auth-3.2.0.jar:/home/user/.m2/repository/com/nimbusds/nimbus-jose-jwt/4.41.1/nimbus-jose-jwt-4.41.1.jar:/home/user/.m2/repository/com/github/stephenc/jcip/jcip-annotations/1.0-1/jcip-annotations-1.0-1.jar:/home/user/.m2/repository/net/minidev/json-smart/2.3/json-smart-2.3.jar:/home/user/.m2/repository/net/minidev/accessors-smart/1.2/accessors-smart-1.2.jar:/home/user/.m2/repository/org/ow2/asm/asm/5.0.4/asm-5.0.4.jar:/home/user/.m2/repository/org/apache/curator/curator-framework/2.12.0/curator-framework-2.12.0.jar:/home/user/.m2/repository/com/sun/jersey/jersey-core/1.19/jersey-core-1.19.jar:/home/user/.m2/repository/javax/ws/rs/jsr311-api/1.1.1/jsr311-api-1.1.1.jar:/home/user/.m2/repository/com/sun/jersey/jersey-server/1.19/jersey-server-1.19.jar:/home/user/.m2/repository/javax/servlet/javax.servlet-api/3.1.0/javax.servlet-api-3.1.0.jar:/home/user/.m2/repository/org/eclipse/jetty/jetty-server/9.3.25.v20180904/jetty-server-9.3.25.v20180904.jar:/home/user/.m2/repository/org/eclipse/jetty/jetty-http/9.3.25.v20180904/jetty-http-9.3.25.v20180904.jar:/home/user/.m2/repository/org/eclipse/jetty/jetty-io/9.3.25.v20180904/jetty-io-9.3.25.v20180904.jar:/home/user/.m2/repository/org/eclipse/jetty/jetty-webapp/9.3.25.v20180904/jetty-webapp-9.3.25.v20180904.jar:/home/user/.m2/repository/org/eclipse/jetty/jetty-xml/9.3.25.v20180904/jetty-xml-9.3.25.v20180904.jar:/home/user/.m2/repository/log4j/log4j/1.2.17/log4j-1.2.17.jar:/home/user/.m2/repository/org/slf4j/slf4j-api/1.7.25/slf4j-api-1.7.25.jar:/home/user/.m2/repository/org/slf4j/jul-to-slf4j/1.7.25/jul-to-slf4j-1.7.25.jar:/home/user/.m2/repository/org/eclipse/jetty/jetty-util/9.3.25.v20180904/jetty-util-9.3.25.v20180904.jar:/home/user/.m2/repository/com/fasterxml/jackson/core/jackson-databind/2.9.9/jackson-databind-2.9.9.jar:/home/user/.m2/repository/org/apache/hadoop/hadoop-kms/3.2.0/hadoop-kms-3.2.0-tests.jar:/home/user/.m2/repository/org/apache/hadoop/hadoop-hdds-server-scm/0.5.0-SNAPSHOT/hadoop-hdds-server-scm-0.5.0-SNAPSHOT-tests.jar:/home/user/.m2/repository/org/apache/hadoop/hadoop-hdds-container-service/0.5.0-SNAPSHOT/hadoop-hdds-container-service-0.5.0-SNAPSHOT-tests.jar:/home/user/.m2/repository/org/yaml/snakeyaml/1.16/snakeyaml-1.16.jar:/home/user/.m2/repository/org/apache/hadoop/hadoop-common/3.2.0/hadoop-common-3.2.0-tests.jar:/home/user/.m2/repository/org/apache/hadoop/hadoop-annotations/3.2.0/hadoop-annotations-3.2.0.jar:/usr/lib/jvm/java-1.8-openjdk/jre/../lib/tools.jar:/home/user/.m2/repository/commons-cli/commons-cli/1.2/commons-cli-1.2.jar:/home/user/.m2/repository/org/apache/httpcomponents/httpclient/4.5.2/httpclient-4.5.2.jar:/home/user/.m2/repository/org/apache/httpcomponents/httpcore/4.4.4/httpcore-4.4.4.jar:/home/user/.m2/repository/commons-codec/commons-codec/1.11/commons-codec-1.11.jar:/home/user/.m2/repository/commons-net/commons-net/3.6/commons-net-3.6.jar:/home/user/.m2/repository/commons-collections/commons-collections/3.2.2/commons-collections-3.2.2.jar:/home/user/.m2/repository/org/eclipse/jetty/jetty-servlet/9.3.25.v20180904/jetty-servlet-9.3.25.v20180904.jar:/home/user/.m2/repository/org/eclipse/jetty/jetty-security/9.3.25.v20180904/jetty-security-9.3.25.v20180904.jar:/home/user/.m2/repository/javax/servlet/jsp/jsp-api/2.1/jsp-api-2.1.jar:/home/user/.m2/repository/com/sun/jersey/jersey-servlet/1.19/jersey-servlet-1.19.jar:/home/user/.m2/repository/com/sun/jersey/jersey-json/1.19/jersey-json-1.19.jar:/home/user/.m2/repository/org/codehaus/jettison/jettison/1.1/jettison-1.1.jar:/home/user/.m2/repository/org/codehaus/jackson/jackson-core-asl/1.9.13/jackson-core-asl-1.9.13.jar:/home/user/.m2/repository/org/codehaus/jackson/jackson-mapper-asl/1.9.13/jackson-mapper-asl-1.9.13.jar:/home/user/.m2/repository/org/codehaus/jackson/jackson-jaxrs/1.9.13/jackson-jaxrs-1.9.13.jar:/home/user/.m2/repository/org/codehaus/jackson/jackson-xc/1.9.13/jackson-xc-1.9.13.jar:/home/user/.m2/repository/commons-logging/commons-logging/1.1.3/commons-logging-1.1.3.jar:/home/user/.m2/repository/commons-beanutils/commons-beanutils/1.9.4/commons-beanutils-1.9.4.jar:/home/user/.m2/repository/org/apache/commons/commons-configuration2/2.1.1/commons-configuration2-2.1.1.jar:/home/user/.m2/repository/org/apache/commons/commons-lang3/3.7/commons-lang3-3.7.jar:/home/user/.m2/repository/org/apache/commons/commons-text/1.4/commons-text-1.4.jar:/home/user/.m2/repository/org/apache/avro/avro/1.7.7/avro-1.7.7.jar:/home/user/.m2/repository/com/thoughtworks/paranamer/paranamer/2.3/paranamer-2.3.jar:/home/user/.m2/repository/org/xerial/snappy/snappy-java/1.0.5/snappy-java-1.0.5.jar:/home/user/.m2/repository/com/google/re2j/re2j/1.1/re2j-1.1.jar:/home/user/.m2/repository/com/google/code/gson/gson/2.2.4/gson-2.2.4.jar:/home/user/.m2/repository/com/jcraft/jsch/0.1.54/jsch-0.1.54.jar:/home/user/.m2/repository/org/apache/curator/curator-client/2.12.0/curator-client-2.12.0.jar:/home/user/.m2/repository/org/apache/curator/curator-recipes/2.12.0/curator-recipes-2.12.0.jar:/home/user/.m2/repository/com/google/code/findbugs/jsr305/3.0.0/jsr305-3.0.0.jar:/home/user/.m2/repository/org/apache/htrace/htrace-core4/4.1.0-incubating/htrace-core4-4.1.0-incubating.jar:/home/user/.m2/repository/org/apache/zookeeper/zookeeper/3.4.13/zookeeper-3.4.13.jar:/home/user/.m2/repository/jline/jline/0.9.94/jline-0.9.94.jar:/home/user/.m2/repository/org/apache/yetus/audience-annotations/0.5.0/audience-annotations-0.5.0.jar:/home/user/.m2/repository/org/codehaus/woodstox/stax2-api/3.1.4/stax2-api-3.1.4.jar:/home/user/.m2/repository/com/fasterxml/woodstox/woodstox-core/5.0.3/woodstox-core-5.0.3.jar:/home/user/.m2/repository/dnsjava/dnsjava/2.1.7/dnsjava-2.1.7.jar:/home/user/.m2/repository/org/apache/hadoop/hadoop-hdfs/3.2.0/hadoop-hdfs-3.2.0-tests.jar:/home/user/.m2/repository/org/eclipse/jetty/jetty-util-ajax/9.3.25.v20180904/jetty-util-ajax-9.3.25.v20180904.jar:/home/user/.m2/repository/commons-daemon/commons-daemon/1.0.13/commons-daemon-1.0.13.jar:/home/user/.m2/repository/io/netty/netty/3.10.5.Final/netty-3.10.5.Final.jar:/home/user/.m2/repository/io/netty/netty-all/4.0.52.Final/netty-all-4.0.52.Final.jar:/home/user/.m2/repository/org/fusesource/leveldbjni/leveldbjni-all/1.8/leveldbjni-all-1.8.jar:"/>
    <property name="sun.cpu.endian" value="little"/>
    <property name="user.home" value="/home/user"/>
    <property name="user.language" value="en"/>
    <property name="java.specification.vendor" value="Oracle Corporation"/>
    <property name="java.home" value="/usr/lib/jvm/java-1.8-openjdk/jre"/>
    <property name="java.security.krb5.conf" value="/workdir/hadoop-ozone/integration-test/target/test-classes/krb5.conf"/>
    <property name="basedir" value="/workdir/hadoop-ozone/integration-test"/>
    <property name="file.separator" value="/"/>
    <property name="line.separator" value="&#10;"/>
    <property name="java.vm.specification.vendor" value="Oracle Corporation"/>
    <property name="java.specification.name" value="Java Platform API Specification"/>
    <property name="java.awt.graphicsenv" value="sun.awt.X11GraphicsEnvironment"/>
    <property name="surefire.real.class.path" value="/workdir/hadoop-ozone/integration-test/target/surefire/surefirebooter1373360462739723928.jar"/>
    <property name="hadoop.log.dir" value="/workdir/hadoop-ozone/integration-test/target/log"/>
    <property name="sun.boot.class.path" value="/usr/lib/jvm/java-1.8-openjdk/jre/lib/resources.jar:/usr/lib/jvm/java-1.8-openjdk/jre/lib/rt.jar:/usr/lib/jvm/java-1.8-openjdk/jre/lib/sunrsasign.jar:/usr/lib/jvm/java-1.8-openjdk/jre/lib/jsse.jar:/usr/lib/jvm/java-1.8-openjdk/jre/lib/jce.jar:/usr/lib/jvm/java-1.8-openjdk/jre/lib/charsets.jar:/usr/lib/jvm/java-1.8-openjdk/jre/lib/jfr.jar:/usr/lib/jvm/java-1.8-openjdk/jre/classes"/>
    <property name="sun.management.compiler" value="HotSpot 64-Bit Tiered Compilers"/>
    <property name="java.runtime.version" value="1.8.0_212-b04"/>
    <property name="java.net.preferIPv4Stack" value="true"/>
    <property name="user.name" value="jenkins1000"/>
    <property name="path.separator" value=":"/>
    <property name="java.security.egd" value="file:///dev/urandom"/>
    <property name="os.version" value="3.10.0-957.12.2.el7.x86_64"/>
    <property name="java.endorsed.dirs" value="/usr/lib/jvm/java-1.8-openjdk/jre/lib/endorsed"/>
    <property name="java.runtime.name" value="OpenJDK Runtime Environment"/>
    <property name="file.encoding" value="UTF-8"/>
    <property name="java.vm.name" value="OpenJDK 64-Bit Server VM"/>
    <property name="test.build.webapps" value=""/>
    <property name="localRepository" value="/home/user/.m2/repository"/>
    <property name="java.vendor.url.bug" value="https://icedtea.classpath.org/bugzilla"/>
    <property name="java.io.tmpdir" value="/tmp"/>
    <property name="require.test.libhadoop" value=""/>
    <property name="java.version" value="1.8.0_212"/>
    <property name="user.dir" value="/workdir/hadoop-ozone/integration-test"/>
    <property name="os.arch" value="amd64"/>
    <property name="java.vm.specification.name" value="Java Virtual Machine Specification"/>
    <property name="test.build.classes" value="/workdir/hadoop-ozone/integration-test/target/test-classes"/>
    <property name="java.awt.printerjob" value="sun.print.PSPrinterJob"/>
    <property name="sun.os.patch.level" value="unknown"/>
    <property name="hadoop.tmp.dir" value="/workdir/hadoop-ozone/integration-test/target/tmp"/>
    <property name="java.library.path" value="/usr/lib/jvm/java-1.8-openjdk/jre/lib/amd64/server:/usr/lib/jvm/java-1.8-openjdk/jre/lib/amd64:/usr/lib/jvm/java-1.8-openjdk/jre/../lib/amd64:/workdir/hadoop-ozone/integration-test/target/native/target/usr/local/lib:/workdir/hadoop-ozone/integration-test/../../hadoop-common-project/hadoop-common/target/native/target/usr/local/lib:/usr/java/packages/lib/amd64:/usr/lib64:/lib64:/lib:/usr/lib"/>
    <property name="java.vm.info" value="mixed mode"/>
    <property name="java.vendor" value="IcedTea"/>
    <property name="java.vm.version" value="25.212-b04"/>
    <property name="java.ext.dirs" value="/usr/lib/jvm/java-1.8-openjdk/jre/lib/ext:/usr/java/packages/lib/ext"/>
    <property name="sun.io.unicode.encoding" value="UnicodeLittle"/>
    <property name="java.class.version" value="52.0"/>
  </properties>
  <testcase name="test2DatanodesFailure" classname="org.apache.hadoop.ozone.client.rpc.TestBlockOutputStreamWithFailures" time="111.08"/>
  <testcase name="testDatanodeFailureWithPreAllocation" classname="org.apache.hadoop.ozone.client.rpc.TestBlockOutputStreamWithFailures" time="223.053"/>
  <testcase name="testDatanodeFailureWithSingleNodeRatis" classname="org.apache.hadoop.ozone.client.rpc.TestBlockOutputStreamWithFailures" time="224.544"/>
  <testcase name="testWatchForCommitWithSingleNodeRatis" classname="org.apache.hadoop.ozone.client.rpc.TestBlockOutputStreamWithFailures" time="36.775"/>
  <testcase name="testWatchForCommitDatanodeFailure" classname="org.apache.hadoop.ozone.client.rpc.TestBlockOutputStreamWithFailures" time="49.255">
    <failure message="expected:&lt;2&gt; but was:&lt;3&gt;" type="java.lang.AssertionError"><![CDATA[java.lang.AssertionError: expected:<2> but was:<3>
	at org.junit.Assert.fail(Assert.java:88)
	at org.junit.Assert.failNotEquals(Assert.java:743)
	at org.junit.Assert.assertEquals(Assert.java:118)
	at org.junit.Assert.assertEquals(Assert.java:555)
	at org.junit.Assert.assertEquals(Assert.java:542)
	at org.apache.hadoop.ozone.client.rpc.TestBlockOutputStreamWithFailures.testWatchForCommitDatanodeFailure(TestBlockOutputStreamWithFailures.java:366)
	at sun.reflect.NativeMethodAccessorImpl.invoke0(Native Method)
	at sun.reflect.NativeMethodAccessorImpl.invoke(NativeMethodAccessorImpl.java:62)
	at sun.reflect.DelegatingMethodAccessorImpl.invoke(DelegatingMethodAccessorImpl.java:43)
	at java.lang.reflect.Method.invoke(Method.java:498)
	at org.junit.runners.model.FrameworkMethod$1.runReflectiveCall(FrameworkMethod.java:47)
	at org.junit.internal.runners.model.ReflectiveCallable.run(ReflectiveCallable.java:12)
	at org.junit.runners.model.FrameworkMethod.invokeExplosively(FrameworkMethod.java:44)
	at org.junit.internal.runners.statements.InvokeMethod.evaluate(InvokeMethod.java:17)
	at org.junit.internal.runners.statements.RunBefores.evaluate(RunBefores.java:26)
	at org.junit.internal.runners.statements.RunAfters.evaluate(RunAfters.java:27)
	at org.junit.runners.ParentRunner.runLeaf(ParentRunner.java:271)
	at org.junit.runners.BlockJUnit4ClassRunner.runChild(BlockJUnit4ClassRunner.java:70)
	at org.junit.runners.BlockJUnit4ClassRunner.runChild(BlockJUnit4ClassRunner.java:50)
	at org.junit.runners.ParentRunner$3.run(ParentRunner.java:238)
	at org.junit.runners.ParentRunner$1.schedule(ParentRunner.java:63)
	at org.junit.runners.ParentRunner.runChildren(ParentRunner.java:236)
	at org.junit.runners.ParentRunner.access$000(ParentRunner.java:53)
	at org.junit.runners.ParentRunner$2.evaluate(ParentRunner.java:229)
	at org.junit.runners.ParentRunner.run(ParentRunner.java:309)
	at org.apache.maven.surefire.junit4.JUnit4Provider.execute(JUnit4Provider.java:365)
	at org.apache.maven.surefire.junit4.JUnit4Provider.executeWithRerun(JUnit4Provider.java:273)
	at org.apache.maven.surefire.junit4.JUnit4Provider.executeTestSet(JUnit4Provider.java:238)
	at org.apache.maven.surefire.junit4.JUnit4Provider.invoke(JUnit4Provider.java:159)
	at org.apache.maven.surefire.booter.ForkedBooter.invokeProviderInSameClassLoader(ForkedBooter.java:384)
	at org.apache.maven.surefire.booter.ForkedBooter.runSuitesInProcess(ForkedBooter.java:345)
	at org.apache.maven.surefire.booter.ForkedBooter.execute(ForkedBooter.java:126)
	at org.apache.maven.surefire.booter.ForkedBooter.main(ForkedBooter.java:418)
]]></failure>
    <system-out><![CDATA[2019-10-11 17:18:04,667 [main] WARN  server.ServerUtils (ServerUtils.java:getScmDbDir(145)) - ozone.scm.db.dirs is not configured. We recommend adding this setting. Falling back to ozone.metadata.dirs instead.
2019-10-11 17:18:04,691 [main] WARN  server.ServerUtils (ServerUtils.java:getScmDbDir(145)) - ozone.scm.db.dirs is not configured. We recommend adding this setting. Falling back to ozone.metadata.dirs instead.
2019-10-11 17:18:04,692 [main] WARN  server.ServerUtils (ServerUtils.java:getScmDbDir(145)) - ozone.scm.db.dirs is not configured. We recommend adding this setting. Falling back to ozone.metadata.dirs instead.
2019-10-11 17:18:04,692 [main] INFO  db.DBStoreBuilder (DBStoreBuilder.java:addTable(117)) - using custom profile for table: deletedBlocks
2019-10-11 17:18:04,693 [main] INFO  db.DBStoreBuilder (DBStoreBuilder.java:processTables(168)) - Using default column profile:DBProfile.DISK for Table:deletedBlocks
2019-10-11 17:18:04,693 [main] INFO  db.DBStoreBuilder (DBStoreBuilder.java:addTable(117)) - using custom profile for table: validCerts
2019-10-11 17:18:04,693 [main] INFO  db.DBStoreBuilder (DBStoreBuilder.java:processTables(168)) - Using default column profile:DBProfile.DISK for Table:validCerts
2019-10-11 17:18:04,693 [main] INFO  db.DBStoreBuilder (DBStoreBuilder.java:addTable(117)) - using custom profile for table: revokedCerts
2019-10-11 17:18:04,693 [main] INFO  db.DBStoreBuilder (DBStoreBuilder.java:processTables(168)) - Using default column profile:DBProfile.DISK for Table:revokedCerts
2019-10-11 17:18:04,694 [main] INFO  db.DBStoreBuilder (DBStoreBuilder.java:addTable(117)) - using custom profile for table: default
2019-10-11 17:18:04,694 [main] INFO  db.DBStoreBuilder (DBStoreBuilder.java:processTables(174)) - Using default column profile:DBProfile.DISK for Table:default
2019-10-11 17:18:04,694 [main] INFO  db.DBStoreBuilder (DBStoreBuilder.java:getDbProfile(205)) - Using default options. DBProfile.DISK
2019-10-11 17:18:05,057 [main] INFO  net.NodeSchemaLoader (NodeSchemaLoader.java:loadSchemaFromFile(125)) - Loading file from sun.misc.CompoundEnumeration@12abcd1e
2019-10-11 17:18:05,058 [main] INFO  net.NodeSchemaLoader (NodeSchemaLoader.java:loadSchema(171)) - Loading network topology layer schema file
2019-10-11 17:18:05,063 [main] INFO  node.SCMNodeManager (SCMNodeManager.java:<init>(116)) - Entering startup safe mode.
2019-10-11 17:18:05,064 [main] INFO  algorithms.ContainerPlacementPolicyFactory (ContainerPlacementPolicyFactory.java:getPolicy(57)) - Create container placement policy of type org.apache.hadoop.hdds.scm.container.placement.algorithms.SCMContainerPlacementRandom
2019-10-11 17:18:05,064 [main] WARN  server.ServerUtils (ServerUtils.java:getScmDbDir(145)) - ozone.scm.db.dirs is not configured. We recommend adding this setting. Falling back to ozone.metadata.dirs instead.
2019-10-11 17:18:05,198 [main] INFO  pipeline.SCMPipelineManager (SCMPipelineManager.java:initializePipelineState(132)) - No pipeline exists in current db
2019-10-11 17:18:05,199 [main] WARN  server.ServerUtils (ServerUtils.java:getScmDbDir(145)) - ozone.scm.db.dirs is not configured. We recommend adding this setting. Falling back to ozone.metadata.dirs instead.
2019-10-11 17:18:05,327 [main] WARN  events.EventQueue (EventQueue.java:fireEvent(183)) - No event handler registered for event TypedEvent{payloadType=SafeModeStatus, name='SafeModeStatus'}
2019-10-11 17:18:05,328 [main] INFO  ipc.CallQueueManager (CallQueueManager.java:<init>(84)) - Using callQueue: class java.util.concurrent.LinkedBlockingQueue, queueCapacity: 2000, scheduler: class org.apache.hadoop.ipc.DefaultRpcScheduler, ipcBackoff: false.
2019-10-11 17:18:05,329 [Socket Reader #1 for port 46670] INFO  ipc.Server (Server.java:run(1074)) - Starting Socket Reader #1 for port 46670
2019-10-11 17:18:05,331 [main] INFO  ipc.CallQueueManager (CallQueueManager.java:<init>(84)) - Using callQueue: class java.util.concurrent.LinkedBlockingQueue, queueCapacity: 2000, scheduler: class org.apache.hadoop.ipc.DefaultRpcScheduler, ipcBackoff: false.
2019-10-11 17:18:05,331 [Socket Reader #1 for port 37471] INFO  ipc.Server (Server.java:run(1074)) - Starting Socket Reader #1 for port 37471
2019-10-11 17:18:05,333 [main] INFO  ipc.CallQueueManager (CallQueueManager.java:<init>(84)) - Using callQueue: class java.util.concurrent.LinkedBlockingQueue, queueCapacity: 2000, scheduler: class org.apache.hadoop.ipc.DefaultRpcScheduler, ipcBackoff: false.
2019-10-11 17:18:05,334 [Socket Reader #1 for port 38743] INFO  ipc.Server (Server.java:run(1074)) - Starting Socket Reader #1 for port 38743
2019-10-11 17:18:05,337 [main] INFO  hdfs.DFSUtil (DFSUtil.java:httpServerTemplateForNNAndJN(1641)) - Starting Web-server for scm at: http://0.0.0.0:0
2019-10-11 17:18:05,339 [main] INFO  server.AuthenticationFilter (AuthenticationFilter.java:constructSecretProvider(240)) - Unable to initialize FileSignerSecretProvider, falling back to use random secrets.
2019-10-11 17:18:05,340 [main] WARN  http.HttpRequestLog (HttpRequestLog.java:getRequestLog(97)) - Jetty request log can only be enabled using Log4j
2019-10-11 17:18:05,343 [main] INFO  http.HttpServer2 (HttpServer2.java:addGlobalFilter(975)) - Added global filter 'safety' (class=org.apache.hadoop.http.HttpServer2$QuotingInputFilter)
2019-10-11 17:18:05,344 [main] INFO  http.HttpServer2 (HttpServer2.java:addFilter(948)) - Added filter static_user_filter (class=org.apache.hadoop.http.lib.StaticUserWebFilter$StaticUserFilter) to context scm
2019-10-11 17:18:05,344 [main] INFO  http.HttpServer2 (HttpServer2.java:addFilter(958)) - Added filter static_user_filter (class=org.apache.hadoop.http.lib.StaticUserWebFilter$StaticUserFilter) to context logs
2019-10-11 17:18:05,344 [main] INFO  http.HttpServer2 (HttpServer2.java:addFilter(958)) - Added filter static_user_filter (class=org.apache.hadoop.http.lib.StaticUserWebFilter$StaticUserFilter) to context static
2019-10-11 17:18:05,347 [main] INFO  server.StorageContainerManager (StorageContainerManager.java:start(772)) - StorageContainerLocationProtocol RPC server is listening at /0.0.0.0:38743
2019-10-11 17:18:05,350 [main] WARN  impl.MetricsConfig (MetricsConfig.java:loadFirst(134)) - Cannot locate configuration: tried hadoop-metrics2-storagecontainermanager.properties,hadoop-metrics2.properties
2019-10-11 17:18:05,351 [main] INFO  impl.MetricsSystemImpl (MetricsSystemImpl.java:startTimer(374)) - Scheduled Metric snapshot period at 10 second(s).
2019-10-11 17:18:05,352 [main] INFO  impl.MetricsSystemImpl (MetricsSystemImpl.java:start(191)) - StorageContainerManager metrics system started
2019-10-11 17:18:05,475 [main] WARN  impl.MetricsSystemImpl (MetricsSystemImpl.java:register(276)) - Sink prometheus already exists!
2019-10-11 17:18:05,536 [main] INFO  server.SCMClientProtocolServer (SCMClientProtocolServer.java:start(159)) - RPC server for Client  is listening at /0.0.0.0:38743
2019-10-11 17:18:05,536 [IPC Server Responder] INFO  ipc.Server (Server.java:run(1314)) - IPC Server Responder: starting
2019-10-11 17:18:05,536 [IPC Server listener on 38743] INFO  ipc.Server (Server.java:run(1153)) - IPC Server listener on 38743: starting
2019-10-11 17:18:05,540 [main] INFO  server.StorageContainerManager (StorageContainerManager.java:start(782)) - ScmBlockLocationProtocol RPC server is listening at /0.0.0.0:37471
2019-10-11 17:18:05,540 [main] INFO  server.SCMBlockProtocolServer (SCMBlockProtocolServer.java:start(146)) - RPC server for Block Protocol is listening at /0.0.0.0:37471
2019-10-11 17:18:05,540 [IPC Server listener on 37471] INFO  ipc.Server (Server.java:run(1153)) - IPC Server listener on 37471: starting
2019-10-11 17:18:05,540 [IPC Server Responder] INFO  ipc.Server (Server.java:run(1314)) - IPC Server Responder: starting
2019-10-11 17:18:05,543 [main] INFO  server.StorageContainerManager (StorageContainerManager.java:start(786)) - ScmDatanodeProtocl RPC server is listening at /0.0.0.0:46670
2019-10-11 17:18:05,544 [main] INFO  server.SCMDatanodeProtocolServer (SCMDatanodeProtocolServer.java:start(169)) - RPC server for DataNodes is listening at /0.0.0.0:46670
2019-10-11 17:18:05,544 [IPC Server Responder] INFO  ipc.Server (Server.java:run(1314)) - IPC Server Responder: starting
2019-10-11 17:18:05,544 [IPC Server listener on 46670] INFO  ipc.Server (Server.java:run(1153)) - IPC Server listener on 46670: starting
2019-10-11 17:18:05,548 [main] INFO  http.HttpServer2 (HttpServer2.java:bindListener(1191)) - Jetty bound to port 33344
2019-10-11 17:18:05,548 [main] INFO  server.Server (Server.java:doStart(351)) - jetty-9.3.25.v20180904, build timestamp: 2018-09-04T21:11:46Z, git hash: 3ce520221d0240229c862b122d2b06c12a625732
2019-10-11 17:18:05,550 [main] INFO  handler.ContextHandler (ContextHandler.java:doStart(781)) - Started o.e.j.s.ServletContextHandler@675b18ff{/logs,file:///workdir/hadoop-ozone/integration-test/target/log,AVAILABLE}
2019-10-11 17:18:05,550 [main] INFO  handler.ContextHandler (ContextHandler.java:doStart(781)) - Started o.e.j.s.ServletContextHandler@687389a6{/static,file:///workdir/hadoop-ozone/integration-test/target/test-classes/webapps/static,AVAILABLE}
2019-10-11 17:18:05,553 [main] INFO  handler.ContextHandler (ContextHandler.java:doStart(781)) - Started o.e.j.w.WebAppContext@6889f56f{/,file:///workdir/hadoop-ozone/integration-test/target/test-classes/webapps/scm/,AVAILABLE}{/scm}
2019-10-11 17:18:05,553 [main] INFO  server.AbstractConnector (AbstractConnector.java:doStart(278)) - Started ServerConnector@231b35fb{HTTP/1.1,[http/1.1]}{0.0.0.0:33344}
2019-10-11 17:18:05,553 [main] INFO  server.Server (Server.java:doStart(419)) - Started @596981ms
2019-10-11 17:18:05,554 [main] WARN  impl.MetricsSystemImpl (MetricsSystemImpl.java:register(276)) - Sink prometheus already exists!
2019-10-11 17:18:05,556 [main] INFO  server.BaseHttpServer (BaseHttpServer.java:updateConnectorAddress(215)) - HTTP server of SCM is listening at http://0.0.0.0:33344
2019-10-11 17:18:05,557 [main] WARN  server.ServerUtils (ServerUtils.java:getDBPath(222)) - ozone.om.db.dirs is not configured. We recommend adding this setting. Falling back to ozone.metadata.dirs instead.
2019-10-11 17:18:05,557 [org.apache.hadoop.util.JvmPauseMonitor$Monitor@3820cfe] INFO  util.JvmPauseMonitor (JvmPauseMonitor.java:run(188)) - Starting JVM pause monitor
2019-10-11 17:18:05,583 [main] INFO  ha.OMHANodeDetails (OMHANodeDetails.java:loadOMHAConfig(190)) - Configuration either no ozone.om.address set. Falling back to the default OM address /127.0.0.1:0
2019-10-11 17:18:05,583 [main] INFO  ha.OMHANodeDetails (OMHANodeDetails.java:getOMNodeDetails(220)) - OM Service ID is not set. Setting it to the default ID: omServiceIdDefault
2019-10-11 17:18:05,584 [main] WARN  server.ServerUtils (ServerUtils.java:getDBPath(222)) - ozone.om.db.dirs is not configured. We recommend adding this setting. Falling back to ozone.metadata.dirs instead.
2019-10-11 17:18:05,584 [main] WARN  server.ServerUtils (ServerUtils.java:getDBPath(222)) - ozone.om.db.dirs is not configured. We recommend adding this setting. Falling back to ozone.metadata.dirs instead.
2019-10-11 17:18:05,593 [main] WARN  server.ServerUtils (ServerUtils.java:getDBPath(222)) - ozone.om.db.dirs is not configured. We recommend adding this setting. Falling back to ozone.metadata.dirs instead.
2019-10-11 17:18:05,593 [main] INFO  db.DBStoreBuilder (DBStoreBuilder.java:addTable(117)) - using custom profile for table: userTable
2019-10-11 17:18:05,594 [main] INFO  db.DBStoreBuilder (DBStoreBuilder.java:processTables(168)) - Using default column profile:DBProfile.DISK for Table:userTable
2019-10-11 17:18:05,594 [main] INFO  db.DBStoreBuilder (DBStoreBuilder.java:addTable(117)) - using custom profile for table: volumeTable
2019-10-11 17:18:05,594 [main] INFO  db.DBStoreBuilder (DBStoreBuilder.java:processTables(168)) - Using default column profile:DBProfile.DISK for Table:volumeTable
2019-10-11 17:18:05,594 [main] INFO  db.DBStoreBuilder (DBStoreBuilder.java:addTable(117)) - using custom profile for table: bucketTable
2019-10-11 17:18:05,595 [main] INFO  db.DBStoreBuilder (DBStoreBuilder.java:processTables(168)) - Using default column profile:DBProfile.DISK for Table:bucketTable
2019-10-11 17:18:05,595 [main] INFO  db.DBStoreBuilder (DBStoreBuilder.java:addTable(117)) - using custom profile for table: keyTable
2019-10-11 17:18:05,595 [main] INFO  db.DBStoreBuilder (DBStoreBuilder.java:processTables(168)) - Using default column profile:DBProfile.DISK for Table:keyTable
2019-10-11 17:18:05,596 [main] INFO  db.DBStoreBuilder (DBStoreBuilder.java:addTable(117)) - using custom profile for table: deletedTable
2019-10-11 17:18:05,596 [main] INFO  db.DBStoreBuilder (DBStoreBuilder.java:processTables(168)) - Using default column profile:DBProfile.DISK for Table:deletedTable
2019-10-11 17:18:05,596 [main] INFO  db.DBStoreBuilder (DBStoreBuilder.java:addTable(117)) - using custom profile for table: openKeyTable
2019-10-11 17:18:05,596 [main] INFO  db.DBStoreBuilder (DBStoreBuilder.java:processTables(168)) - Using default column profile:DBProfile.DISK for Table:openKeyTable
2019-10-11 17:18:05,597 [main] INFO  db.DBStoreBuilder (DBStoreBuilder.java:addTable(117)) - using custom profile for table: s3Table
2019-10-11 17:18:05,597 [main] INFO  db.DBStoreBuilder (DBStoreBuilder.java:processTables(168)) - Using default column profile:DBProfile.DISK for Table:s3Table
2019-10-11 17:18:05,597 [main] INFO  db.DBStoreBuilder (DBStoreBuilder.java:addTable(117)) - using custom profile for table: multipartInfoTable
2019-10-11 17:18:05,597 [main] INFO  db.DBStoreBuilder (DBStoreBuilder.java:processTables(168)) - Using default column profile:DBProfile.DISK for Table:multipartInfoTable
2019-10-11 17:18:05,598 [main] INFO  db.DBStoreBuilder (DBStoreBuilder.java:addTable(117)) - using custom profile for table: dTokenTable
2019-10-11 17:18:05,598 [main] INFO  db.DBStoreBuilder (DBStoreBuilder.java:processTables(168)) - Using default column profile:DBProfile.DISK for Table:dTokenTable
2019-10-11 17:18:05,598 [main] INFO  db.DBStoreBuilder (DBStoreBuilder.java:addTable(117)) - using custom profile for table: s3SecretTable
2019-10-11 17:18:05,598 [main] INFO  db.DBStoreBuilder (DBStoreBuilder.java:processTables(168)) - Using default column profile:DBProfile.DISK for Table:s3SecretTable
2019-10-11 17:18:05,599 [main] INFO  db.DBStoreBuilder (DBStoreBuilder.java:addTable(117)) - using custom profile for table: prefixTable
2019-10-11 17:18:05,599 [main] INFO  db.DBStoreBuilder (DBStoreBuilder.java:processTables(168)) - Using default column profile:DBProfile.DISK for Table:prefixTable
2019-10-11 17:18:05,599 [main] INFO  db.DBStoreBuilder (DBStoreBuilder.java:addTable(117)) - using custom profile for table: default
2019-10-11 17:18:05,599 [main] INFO  db.DBStoreBuilder (DBStoreBuilder.java:processTables(174)) - Using default column profile:DBProfile.DISK for Table:default
2019-10-11 17:18:05,600 [main] INFO  db.DBStoreBuilder (DBStoreBuilder.java:getDbProfile(205)) - Using default options. DBProfile.DISK
2019-10-11 17:18:06,503 [main] INFO  ipc.CallQueueManager (CallQueueManager.java:<init>(84)) - Using callQueue: class java.util.concurrent.LinkedBlockingQueue, queueCapacity: 2000, scheduler: class org.apache.hadoop.ipc.DefaultRpcScheduler, ipcBackoff: false.
2019-10-11 17:18:06,504 [Socket Reader #1 for port 41131] INFO  ipc.Server (Server.java:run(1074)) - Starting Socket Reader #1 for port 41131
2019-10-11 17:18:06,525 [main] INFO  om.OzoneManager (OzoneManager.java:start(1074)) - OzoneManager RPC server is listening at localhost/127.0.0.1:41131
2019-10-11 17:18:06,525 [main] INFO  impl.MetricsSystemImpl (MetricsSystemImpl.java:init(158)) - OzoneManager metrics system started (again)
2019-10-11 17:18:06,526 [IPC Server Responder] INFO  ipc.Server (Server.java:run(1314)) - IPC Server Responder: starting
2019-10-11 17:18:06,528 [IPC Server listener on 41131] INFO  ipc.Server (Server.java:run(1153)) - IPC Server listener on 41131: starting
2019-10-11 17:18:06,535 [main] INFO  hdfs.DFSUtil (DFSUtil.java:httpServerTemplateForNNAndJN(1641)) - Starting Web-server for ozoneManager at: http://0.0.0.0:0
2019-10-11 17:18:06,536 [main] INFO  server.AuthenticationFilter (AuthenticationFilter.java:constructSecretProvider(240)) - Unable to initialize FileSignerSecretProvider, falling back to use random secrets.
2019-10-11 17:18:06,537 [main] WARN  http.HttpRequestLog (HttpRequestLog.java:getRequestLog(97)) - Jetty request log can only be enabled using Log4j
2019-10-11 17:18:06,540 [main] INFO  http.HttpServer2 (HttpServer2.java:addGlobalFilter(975)) - Added global filter 'safety' (class=org.apache.hadoop.http.HttpServer2$QuotingInputFilter)
2019-10-11 17:18:06,541 [main] INFO  http.HttpServer2 (HttpServer2.java:addFilter(948)) - Added filter static_user_filter (class=org.apache.hadoop.http.lib.StaticUserWebFilter$StaticUserFilter) to context ozoneManager
2019-10-11 17:18:06,541 [main] INFO  http.HttpServer2 (HttpServer2.java:addFilter(958)) - Added filter static_user_filter (class=org.apache.hadoop.http.lib.StaticUserWebFilter$StaticUserFilter) to context logs
2019-10-11 17:18:06,541 [main] INFO  http.HttpServer2 (HttpServer2.java:addFilter(958)) - Added filter static_user_filter (class=org.apache.hadoop.http.lib.StaticUserWebFilter$StaticUserFilter) to context static
2019-10-11 17:18:06,542 [main] INFO  http.HttpServer2 (HttpServer2.java:bindListener(1191)) - Jetty bound to port 39664
2019-10-11 17:18:06,542 [main] INFO  server.Server (Server.java:doStart(351)) - jetty-9.3.25.v20180904, build timestamp: 2018-09-04T21:11:46Z, git hash: 3ce520221d0240229c862b122d2b06c12a625732
2019-10-11 17:18:06,544 [main] INFO  handler.ContextHandler (ContextHandler.java:doStart(781)) - Started o.e.j.s.ServletContextHandler@52ecc989{/logs,file:///workdir/hadoop-ozone/integration-test/target/log,AVAILABLE}
2019-10-11 17:18:06,544 [main] INFO  handler.ContextHandler (ContextHandler.java:doStart(781)) - Started o.e.j.s.ServletContextHandler@52f8a6f4{/static,file:///workdir/hadoop-ozone/integration-test/target/test-classes/webapps/static,AVAILABLE}
2019-10-11 17:18:06,548 [main] INFO  handler.ContextHandler (ContextHandler.java:doStart(781)) - Started o.e.j.w.WebAppContext@7a64cb0c{/,file:///workdir/hadoop-ozone/integration-test/target/test-classes/webapps/ozoneManager/,AVAILABLE}{/ozoneManager}
2019-10-11 17:18:06,548 [main] INFO  server.AbstractConnector (AbstractConnector.java:doStart(278)) - Started ServerConnector@785ed99c{HTTP/1.1,[http/1.1]}{0.0.0.0:39664}
2019-10-11 17:18:06,550 [main] INFO  server.Server (Server.java:doStart(419)) - Started @597978ms
2019-10-11 17:18:06,550 [main] WARN  impl.MetricsSystemImpl (MetricsSystemImpl.java:register(276)) - Sink prometheus already exists!
2019-10-11 17:18:06,551 [main] INFO  server.BaseHttpServer (BaseHttpServer.java:updateConnectorAddress(215)) - HTTP server of OZONEMANAGER is listening at http://0.0.0.0:39664
2019-10-11 17:18:06,573 [main] INFO  impl.MetricsSystemImpl (MetricsSystemImpl.java:init(158)) - HddsDatanode metrics system started (again)
2019-10-11 17:18:06,579 [main] INFO  ozone.HddsDatanodeService (HddsDatanodeService.java:start(184)) - HddsDatanodeService host:pr-hdds-2181-ktj56-3106680801 ip:192.168.164.206
2019-10-11 17:18:06,586 [main] INFO  volume.HddsVolume (HddsVolume.java:<init>(176)) - Creating Volume: /workdir/hadoop-ozone/integration-test/target/test-dir/MiniOzoneClusterImpl-b2ca8923-5dad-44ba-bd4a-93447b410621/datanode-0/data/containers/hdds of  storage type : DISK and capacity : 1482555576320
2019-10-11 17:18:06,586 [main] INFO  volume.VolumeSet (VolumeSet.java:initializeVolumeSet(170)) - Added Volume : /workdir/hadoop-ozone/integration-test/target/test-dir/MiniOzoneClusterImpl-b2ca8923-5dad-44ba-bd4a-93447b410621/datanode-0/data/containers/hdds to VolumeSet
2019-10-11 17:18:06,586 [main] INFO  volume.ThrottledAsyncChecker (ThrottledAsyncChecker.java:schedule(141)) - Scheduling a check for org.apache.hadoop.ozone.container.common.volume.HddsVolume@a91119b
2019-10-11 17:18:06,587 [main] INFO  volume.HddsVolumeChecker (HddsVolumeChecker.java:checkAllVolumes(204)) - Scheduled health check for volume org.apache.hadoop.ozone.container.common.volume.HddsVolume@a91119b
2019-10-11 17:18:06,606 [main] INFO  impl.RaftServerProxy (ConfUtils.java:logGet(43)) - raft.rpc.type = GRPC (default)
2019-10-11 17:18:06,606 [main] INFO  grpc.GrpcFactory (GrpcFactory.java:checkPooledByteBufAllocatorUseCacheForAllThreads(45)) - PERFORMANCE WARNING: useCacheForAllThreads is true that may cause Netty to create a lot garbage objects and, as a result, trigger GC.
	It is recommended to disable useCacheForAllThreads by setting -Dorg.apache.ratis.thirdparty.io.netty.allocator.useCacheForAllThreads=false in command line.
2019-10-11 17:18:06,607 [main] INFO  grpc.GrpcConfigKeys$Server (ConfUtils.java:logGet(43)) - raft.grpc.server.port = 0 (default)
2019-10-11 17:18:06,607 [main] INFO  server.GrpcService (ConfUtils.java:logGet(43)) - raft.grpc.message.size.max = 33570816 (custom)
2019-10-11 17:18:06,607 [main] INFO  server.RaftServerConfigKeys (ConfUtils.java:logGet(43)) - raft.server.log.appender.buffer.byte-limit = 33554432 (custom)
2019-10-11 17:18:06,607 [main] INFO  server.GrpcService (ConfUtils.java:logGet(43)) - raft.grpc.flow.control.window = 1MB (=1048576) (default)
2019-10-11 17:18:06,608 [main] INFO  server.RaftServerConfigKeys (ConfUtils.java:logGet(43)) - raft.server.rpc.request.timeout = 3000ms (default)
2019-10-11 17:18:06,608 [main] INFO  server.RaftServerConfigKeys (ConfUtils.java:logGet(43)) - raft.server.storage.dir = [/workdir/hadoop-ozone/integration-test/target/test-dir/MiniOzoneClusterImpl-b2ca8923-5dad-44ba-bd4a-93447b410621/datanode-0/data/ratis] (custom)
2019-10-11 17:18:06,610 [main] INFO  hdfs.DFSUtil (DFSUtil.java:httpServerTemplateForNNAndJN(1641)) - Starting Web-server for hddsDatanode at: http://0.0.0.0:0
2019-10-11 17:18:06,611 [main] INFO  server.AuthenticationFilter (AuthenticationFilter.java:constructSecretProvider(240)) - Unable to initialize FileSignerSecretProvider, falling back to use random secrets.
2019-10-11 17:18:06,612 [main] WARN  http.HttpRequestLog (HttpRequestLog.java:getRequestLog(97)) - Jetty request log can only be enabled using Log4j
2019-10-11 17:18:06,614 [main] INFO  http.HttpServer2 (HttpServer2.java:addGlobalFilter(975)) - Added global filter 'safety' (class=org.apache.hadoop.http.HttpServer2$QuotingInputFilter)
2019-10-11 17:18:06,614 [main] INFO  http.HttpServer2 (HttpServer2.java:addFilter(948)) - Added filter static_user_filter (class=org.apache.hadoop.http.lib.StaticUserWebFilter$StaticUserFilter) to context hddsDatanode
2019-10-11 17:18:06,614 [main] INFO  http.HttpServer2 (HttpServer2.java:addFilter(958)) - Added filter static_user_filter (class=org.apache.hadoop.http.lib.StaticUserWebFilter$StaticUserFilter) to context static
2019-10-11 17:18:06,615 [main] INFO  http.HttpServer2 (HttpServer2.java:addFilter(958)) - Added filter static_user_filter (class=org.apache.hadoop.http.lib.StaticUserWebFilter$StaticUserFilter) to context logs
2019-10-11 17:18:06,615 [main] INFO  http.HttpServer2 (HttpServer2.java:bindListener(1191)) - Jetty bound to port 37949
2019-10-11 17:18:06,615 [main] INFO  server.Server (Server.java:doStart(351)) - jetty-9.3.25.v20180904, build timestamp: 2018-09-04T21:11:46Z, git hash: 3ce520221d0240229c862b122d2b06c12a625732
2019-10-11 17:18:06,617 [main] INFO  handler.ContextHandler (ContextHandler.java:doStart(781)) - Started o.e.j.s.ServletContextHandler@51e8d066{/logs,file:///workdir/hadoop-ozone/integration-test/target/log,AVAILABLE}
2019-10-11 17:18:06,618 [main] INFO  handler.ContextHandler (ContextHandler.java:doStart(781)) - Started o.e.j.s.ServletContextHandler@27898e13{/static,jar:file:/home/user/.m2/repository/org/apache/hadoop/hadoop-hdds-container-service/0.5.0-SNAPSHOT/hadoop-hdds-container-service-0.5.0-SNAPSHOT.jar!/webapps/static,AVAILABLE}
2019-10-11 17:18:06,650 [main] INFO  handler.ContextHandler (ContextHandler.java:doStart(781)) - Started o.e.j.w.WebAppContext@3b5a19ed{/,file:///tmp/jetty-0.0.0.0-37949-hddsDatanode-_-any-3154245178443762512.dir/webapp/,AVAILABLE}{/hddsDatanode}
2019-10-11 17:18:06,651 [main] INFO  server.AbstractConnector (AbstractConnector.java:doStart(278)) - Started ServerConnector@15d236fd{HTTP/1.1,[http/1.1]}{0.0.0.0:37949}
2019-10-11 17:18:06,652 [main] INFO  server.Server (Server.java:doStart(419)) - Started @598080ms
2019-10-11 17:18:06,652 [main] WARN  impl.MetricsSystemImpl (MetricsSystemImpl.java:register(276)) - Sink prometheus already exists!
2019-10-11 17:18:06,653 [main] INFO  server.BaseHttpServer (BaseHttpServer.java:updateConnectorAddress(215)) - HTTP server of HDDSDATANODE is listening at http://0.0.0.0:37949
2019-10-11 17:18:06,653 [main] INFO  impl.MetricsSystemImpl (MetricsSystemImpl.java:init(158)) - HddsDatanode metrics system started (again)
2019-10-11 17:18:06,657 [org.apache.hadoop.util.JvmPauseMonitor$Monitor@557966ea] INFO  util.JvmPauseMonitor (JvmPauseMonitor.java:run(188)) - Starting JVM pause monitor
2019-10-11 17:18:06,658 [main] INFO  ozone.HddsDatanodeService (HddsDatanodeService.java:start(184)) - HddsDatanodeService host:pr-hdds-2181-ktj56-3106680801 ip:192.168.164.206
2019-10-11 17:18:06,660 [Datanode State Machine Thread - 0] INFO  datanode.InitDatanodeState (InitDatanodeState.java:persistContainerDatanodeDetails(140)) - DatanodeDetails is persisted to /workdir/hadoop-ozone/integration-test/target/test-dir/MiniOzoneClusterImpl-b2ca8923-5dad-44ba-bd4a-93447b410621/datanode-0/meta/datanode.id
2019-10-11 17:18:06,664 [main] INFO  volume.HddsVolume (HddsVolume.java:<init>(176)) - Creating Volume: /workdir/hadoop-ozone/integration-test/target/test-dir/MiniOzoneClusterImpl-b2ca8923-5dad-44ba-bd4a-93447b410621/datanode-1/data/containers/hdds of  storage type : DISK and capacity : 1482555576320
2019-10-11 17:18:06,664 [main] INFO  volume.VolumeSet (VolumeSet.java:initializeVolumeSet(170)) - Added Volume : /workdir/hadoop-ozone/integration-test/target/test-dir/MiniOzoneClusterImpl-b2ca8923-5dad-44ba-bd4a-93447b410621/datanode-1/data/containers/hdds to VolumeSet
2019-10-11 17:18:06,665 [main] INFO  volume.ThrottledAsyncChecker (ThrottledAsyncChecker.java:schedule(141)) - Scheduling a check for org.apache.hadoop.ozone.container.common.volume.HddsVolume@6169be09
2019-10-11 17:18:06,665 [main] INFO  volume.HddsVolumeChecker (HddsVolumeChecker.java:checkAllVolumes(204)) - Scheduled health check for volume org.apache.hadoop.ozone.container.common.volume.HddsVolume@6169be09
2019-10-11 17:18:06,680 [main] INFO  impl.RaftServerProxy (ConfUtils.java:logGet(43)) - raft.rpc.type = GRPC (default)
2019-10-11 17:18:06,680 [main] INFO  grpc.GrpcFactory (GrpcFactory.java:checkPooledByteBufAllocatorUseCacheForAllThreads(45)) - PERFORMANCE WARNING: useCacheForAllThreads is true that may cause Netty to create a lot garbage objects and, as a result, trigger GC.
	It is recommended to disable useCacheForAllThreads by setting -Dorg.apache.ratis.thirdparty.io.netty.allocator.useCacheForAllThreads=false in command line.
2019-10-11 17:18:06,680 [main] INFO  grpc.GrpcConfigKeys$Server (ConfUtils.java:logGet(43)) - raft.grpc.server.port = 0 (default)
2019-10-11 17:18:06,680 [main] INFO  server.GrpcService (ConfUtils.java:logGet(43)) - raft.grpc.message.size.max = 33570816 (custom)
2019-10-11 17:18:06,681 [main] INFO  server.RaftServerConfigKeys (ConfUtils.java:logGet(43)) - raft.server.log.appender.buffer.byte-limit = 33554432 (custom)
2019-10-11 17:18:06,681 [main] INFO  server.GrpcService (ConfUtils.java:logGet(43)) - raft.grpc.flow.control.window = 1MB (=1048576) (default)
2019-10-11 17:18:06,681 [main] INFO  server.RaftServerConfigKeys (ConfUtils.java:logGet(43)) - raft.server.rpc.request.timeout = 3000ms (default)
2019-10-11 17:18:06,681 [main] INFO  server.RaftServerConfigKeys (ConfUtils.java:logGet(43)) - raft.server.storage.dir = [/workdir/hadoop-ozone/integration-test/target/test-dir/MiniOzoneClusterImpl-b2ca8923-5dad-44ba-bd4a-93447b410621/datanode-1/data/ratis] (custom)
2019-10-11 17:18:06,682 [main] INFO  hdfs.DFSUtil (DFSUtil.java:httpServerTemplateForNNAndJN(1641)) - Starting Web-server for hddsDatanode at: http://0.0.0.0:0
2019-10-11 17:18:06,683 [main] INFO  server.AuthenticationFilter (AuthenticationFilter.java:constructSecretProvider(240)) - Unable to initialize FileSignerSecretProvider, falling back to use random secrets.
2019-10-11 17:18:06,684 [main] WARN  http.HttpRequestLog (HttpRequestLog.java:getRequestLog(97)) - Jetty request log can only be enabled using Log4j
2019-10-11 17:18:06,685 [main] INFO  http.HttpServer2 (HttpServer2.java:addGlobalFilter(975)) - Added global filter 'safety' (class=org.apache.hadoop.http.HttpServer2$QuotingInputFilter)
2019-10-11 17:18:06,685 [main] INFO  http.HttpServer2 (HttpServer2.java:addFilter(948)) - Added filter static_user_filter (class=org.apache.hadoop.http.lib.StaticUserWebFilter$StaticUserFilter) to context hddsDatanode
2019-10-11 17:18:06,686 [main] INFO  http.HttpServer2 (HttpServer2.java:addFilter(958)) - Added filter static_user_filter (class=org.apache.hadoop.http.lib.StaticUserWebFilter$StaticUserFilter) to context logs
2019-10-11 17:18:06,686 [main] INFO  http.HttpServer2 (HttpServer2.java:addFilter(958)) - Added filter static_user_filter (class=org.apache.hadoop.http.lib.StaticUserWebFilter$StaticUserFilter) to context static
2019-10-11 17:18:06,686 [main] INFO  http.HttpServer2 (HttpServer2.java:bindListener(1191)) - Jetty bound to port 40710
2019-10-11 17:18:06,687 [main] INFO  server.Server (Server.java:doStart(351)) - jetty-9.3.25.v20180904, build timestamp: 2018-09-04T21:11:46Z, git hash: 3ce520221d0240229c862b122d2b06c12a625732
2019-10-11 17:18:06,688 [main] INFO  handler.ContextHandler (ContextHandler.java:doStart(781)) - Started o.e.j.s.ServletContextHandler@7b9e25bd{/logs,file:///workdir/hadoop-ozone/integration-test/target/log,AVAILABLE}
2019-10-11 17:18:06,688 [main] INFO  handler.ContextHandler (ContextHandler.java:doStart(781)) - Started o.e.j.s.ServletContextHandler@37e7c4cc{/static,jar:file:/home/user/.m2/repository/org/apache/hadoop/hadoop-hdds-container-service/0.5.0-SNAPSHOT/hadoop-hdds-container-service-0.5.0-SNAPSHOT.jar!/webapps/static,AVAILABLE}
2019-10-11 17:18:06,716 [main] INFO  handler.ContextHandler (ContextHandler.java:doStart(781)) - Started o.e.j.w.WebAppContext@78d92eef{/,file:///tmp/jetty-0.0.0.0-40710-hddsDatanode-_-any-6460392900865721238.dir/webapp/,AVAILABLE}{/hddsDatanode}
2019-10-11 17:18:06,716 [main] INFO  server.AbstractConnector (AbstractConnector.java:doStart(278)) - Started ServerConnector@61d60e38{HTTP/1.1,[http/1.1]}{0.0.0.0:40710}
2019-10-11 17:18:06,716 [main] INFO  server.Server (Server.java:doStart(419)) - Started @598144ms
2019-10-11 17:18:06,718 [main] WARN  impl.MetricsSystemImpl (MetricsSystemImpl.java:register(276)) - Sink prometheus already exists!
2019-10-11 17:18:06,719 [main] INFO  server.BaseHttpServer (BaseHttpServer.java:updateConnectorAddress(215)) - HTTP server of HDDSDATANODE is listening at http://0.0.0.0:40710
2019-10-11 17:18:06,719 [main] INFO  impl.MetricsSystemImpl (MetricsSystemImpl.java:init(158)) - HddsDatanode metrics system started (again)
2019-10-11 17:18:06,726 [org.apache.hadoop.util.JvmPauseMonitor$Monitor@5458bd60] INFO  util.JvmPauseMonitor (JvmPauseMonitor.java:run(188)) - Starting JVM pause monitor
2019-10-11 17:18:06,726 [main] INFO  ozone.HddsDatanodeService (HddsDatanodeService.java:start(184)) - HddsDatanodeService host:pr-hdds-2181-ktj56-3106680801 ip:192.168.164.206
2019-10-11 17:18:06,728 [Datanode State Machine Thread - 0] INFO  datanode.InitDatanodeState (InitDatanodeState.java:persistContainerDatanodeDetails(140)) - DatanodeDetails is persisted to /workdir/hadoop-ozone/integration-test/target/test-dir/MiniOzoneClusterImpl-b2ca8923-5dad-44ba-bd4a-93447b410621/datanode-1/meta/datanode.id
2019-10-11 17:18:06,734 [main] INFO  volume.HddsVolume (HddsVolume.java:<init>(176)) - Creating Volume: /workdir/hadoop-ozone/integration-test/target/test-dir/MiniOzoneClusterImpl-b2ca8923-5dad-44ba-bd4a-93447b410621/datanode-2/data/containers/hdds of  storage type : DISK and capacity : 1482555576320
2019-10-11 17:18:06,734 [main] INFO  volume.VolumeSet (VolumeSet.java:initializeVolumeSet(170)) - Added Volume : /workdir/hadoop-ozone/integration-test/target/test-dir/MiniOzoneClusterImpl-b2ca8923-5dad-44ba-bd4a-93447b410621/datanode-2/data/containers/hdds to VolumeSet
2019-10-11 17:18:06,734 [main] INFO  volume.ThrottledAsyncChecker (ThrottledAsyncChecker.java:schedule(141)) - Scheduling a check for org.apache.hadoop.ozone.container.common.volume.HddsVolume@106c988
2019-10-11 17:18:06,735 [main] INFO  volume.HddsVolumeChecker (HddsVolumeChecker.java:checkAllVolumes(204)) - Scheduled health check for volume org.apache.hadoop.ozone.container.common.volume.HddsVolume@106c988
2019-10-11 17:18:06,749 [main] INFO  impl.RaftServerProxy (ConfUtils.java:logGet(43)) - raft.rpc.type = GRPC (default)
2019-10-11 17:18:06,749 [main] INFO  grpc.GrpcFactory (GrpcFactory.java:checkPooledByteBufAllocatorUseCacheForAllThreads(45)) - PERFORMANCE WARNING: useCacheForAllThreads is true that may cause Netty to create a lot garbage objects and, as a result, trigger GC.
	It is recommended to disable useCacheForAllThreads by setting -Dorg.apache.ratis.thirdparty.io.netty.allocator.useCacheForAllThreads=false in command line.
2019-10-11 17:18:06,750 [main] INFO  grpc.GrpcConfigKeys$Server (ConfUtils.java:logGet(43)) - raft.grpc.server.port = 0 (default)
2019-10-11 17:18:06,750 [main] INFO  server.GrpcService (ConfUtils.java:logGet(43)) - raft.grpc.message.size.max = 33570816 (custom)
2019-10-11 17:18:06,750 [main] INFO  server.RaftServerConfigKeys (ConfUtils.java:logGet(43)) - raft.server.log.appender.buffer.byte-limit = 33554432 (custom)
2019-10-11 17:18:06,750 [main] INFO  server.GrpcService (ConfUtils.java:logGet(43)) - raft.grpc.flow.control.window = 1MB (=1048576) (default)
2019-10-11 17:18:06,750 [main] INFO  server.RaftServerConfigKeys (ConfUtils.java:logGet(43)) - raft.server.rpc.request.timeout = 3000ms (default)
2019-10-11 17:18:06,751 [main] INFO  server.RaftServerConfigKeys (ConfUtils.java:logGet(43)) - raft.server.storage.dir = [/workdir/hadoop-ozone/integration-test/target/test-dir/MiniOzoneClusterImpl-b2ca8923-5dad-44ba-bd4a-93447b410621/datanode-2/data/ratis] (custom)
2019-10-11 17:18:06,753 [main] INFO  hdfs.DFSUtil (DFSUtil.java:httpServerTemplateForNNAndJN(1641)) - Starting Web-server for hddsDatanode at: http://0.0.0.0:0
2019-10-11 17:18:06,754 [main] INFO  server.AuthenticationFilter (AuthenticationFilter.java:constructSecretProvider(240)) - Unable to initialize FileSignerSecretProvider, falling back to use random secrets.
2019-10-11 17:18:06,754 [main] WARN  http.HttpRequestLog (HttpRequestLog.java:getRequestLog(97)) - Jetty request log can only be enabled using Log4j
2019-10-11 17:18:06,756 [main] INFO  http.HttpServer2 (HttpServer2.java:addGlobalFilter(975)) - Added global filter 'safety' (class=org.apache.hadoop.http.HttpServer2$QuotingInputFilter)
2019-10-11 17:18:06,756 [main] INFO  http.HttpServer2 (HttpServer2.java:addFilter(948)) - Added filter static_user_filter (class=org.apache.hadoop.http.lib.StaticUserWebFilter$StaticUserFilter) to context hddsDatanode
2019-10-11 17:18:06,757 [main] INFO  http.HttpServer2 (HttpServer2.java:addFilter(958)) - Added filter static_user_filter (class=org.apache.hadoop.http.lib.StaticUserWebFilter$StaticUserFilter) to context static
2019-10-11 17:18:06,757 [main] INFO  http.HttpServer2 (HttpServer2.java:addFilter(958)) - Added filter static_user_filter (class=org.apache.hadoop.http.lib.StaticUserWebFilter$StaticUserFilter) to context logs
2019-10-11 17:18:06,757 [main] INFO  http.HttpServer2 (HttpServer2.java:bindListener(1191)) - Jetty bound to port 36463
2019-10-11 17:18:06,757 [main] INFO  server.Server (Server.java:doStart(351)) - jetty-9.3.25.v20180904, build timestamp: 2018-09-04T21:11:46Z, git hash: 3ce520221d0240229c862b122d2b06c12a625732
2019-10-11 17:18:06,759 [main] INFO  handler.ContextHandler (ContextHandler.java:doStart(781)) - Started o.e.j.s.ServletContextHandler@336f49a1{/logs,file:///workdir/hadoop-ozone/integration-test/target/log,AVAILABLE}
2019-10-11 17:18:06,759 [main] INFO  handler.ContextHandler (ContextHandler.java:doStart(781)) - Started o.e.j.s.ServletContextHandler@4fb57fb3{/static,jar:file:/home/user/.m2/repository/org/apache/hadoop/hadoop-hdds-container-service/0.5.0-SNAPSHOT/hadoop-hdds-container-service-0.5.0-SNAPSHOT.jar!/webapps/static,AVAILABLE}
2019-10-11 17:18:06,788 [main] INFO  handler.ContextHandler (ContextHandler.java:doStart(781)) - Started o.e.j.w.WebAppContext@79195c22{/,file:///tmp/jetty-0.0.0.0-36463-hddsDatanode-_-any-7256501782558495967.dir/webapp/,AVAILABLE}{/hddsDatanode}
2019-10-11 17:18:06,788 [main] INFO  server.AbstractConnector (AbstractConnector.java:doStart(278)) - Started ServerConnector@c9b5a99{HTTP/1.1,[http/1.1]}{0.0.0.0:36463}
2019-10-11 17:18:06,789 [main] INFO  server.Server (Server.java:doStart(419)) - Started @598217ms
2019-10-11 17:18:06,789 [main] WARN  impl.MetricsSystemImpl (MetricsSystemImpl.java:register(276)) - Sink prometheus already exists!
2019-10-11 17:18:06,790 [main] INFO  server.BaseHttpServer (BaseHttpServer.java:updateConnectorAddress(215)) - HTTP server of HDDSDATANODE is listening at http://0.0.0.0:36463
2019-10-11 17:18:06,790 [main] INFO  impl.MetricsSystemImpl (MetricsSystemImpl.java:init(158)) - HddsDatanode metrics system started (again)
2019-10-11 17:18:06,795 [org.apache.hadoop.util.JvmPauseMonitor$Monitor@2347e364] INFO  util.JvmPauseMonitor (JvmPauseMonitor.java:run(188)) - Starting JVM pause monitor
2019-10-11 17:18:06,795 [main] INFO  ozone.HddsDatanodeService (HddsDatanodeService.java:start(184)) - HddsDatanodeService host:pr-hdds-2181-ktj56-3106680801 ip:192.168.164.206
2019-10-11 17:18:06,796 [Datanode State Machine Thread - 0] INFO  datanode.InitDatanodeState (InitDatanodeState.java:persistContainerDatanodeDetails(140)) - DatanodeDetails is persisted to /workdir/hadoop-ozone/integration-test/target/test-dir/MiniOzoneClusterImpl-b2ca8923-5dad-44ba-bd4a-93447b410621/datanode-2/meta/datanode.id
2019-10-11 17:18:06,801 [main] INFO  volume.HddsVolume (HddsVolume.java:<init>(176)) - Creating Volume: /workdir/hadoop-ozone/integration-test/target/test-dir/MiniOzoneClusterImpl-b2ca8923-5dad-44ba-bd4a-93447b410621/datanode-3/data/containers/hdds of  storage type : DISK and capacity : 1482555576320
2019-10-11 17:18:06,801 [main] INFO  volume.VolumeSet (VolumeSet.java:initializeVolumeSet(170)) - Added Volume : /workdir/hadoop-ozone/integration-test/target/test-dir/MiniOzoneClusterImpl-b2ca8923-5dad-44ba-bd4a-93447b410621/datanode-3/data/containers/hdds to VolumeSet
2019-10-11 17:18:06,801 [main] INFO  volume.ThrottledAsyncChecker (ThrottledAsyncChecker.java:schedule(141)) - Scheduling a check for org.apache.hadoop.ozone.container.common.volume.HddsVolume@54495935
2019-10-11 17:18:06,801 [main] INFO  volume.HddsVolumeChecker (HddsVolumeChecker.java:checkAllVolumes(204)) - Scheduled health check for volume org.apache.hadoop.ozone.container.common.volume.HddsVolume@54495935
2019-10-11 17:18:06,814 [main] INFO  impl.RaftServerProxy (ConfUtils.java:logGet(43)) - raft.rpc.type = GRPC (default)
2019-10-11 17:18:06,814 [main] INFO  grpc.GrpcFactory (GrpcFactory.java:checkPooledByteBufAllocatorUseCacheForAllThreads(45)) - PERFORMANCE WARNING: useCacheForAllThreads is true that may cause Netty to create a lot garbage objects and, as a result, trigger GC.
	It is recommended to disable useCacheForAllThreads by setting -Dorg.apache.ratis.thirdparty.io.netty.allocator.useCacheForAllThreads=false in command line.
2019-10-11 17:18:06,814 [main] INFO  grpc.GrpcConfigKeys$Server (ConfUtils.java:logGet(43)) - raft.grpc.server.port = 0 (default)
2019-10-11 17:18:06,814 [main] INFO  server.GrpcService (ConfUtils.java:logGet(43)) - raft.grpc.message.size.max = 33570816 (custom)
2019-10-11 17:18:06,814 [main] INFO  server.RaftServerConfigKeys (ConfUtils.java:logGet(43)) - raft.server.log.appender.buffer.byte-limit = 33554432 (custom)
2019-10-11 17:18:06,814 [main] INFO  server.GrpcService (ConfUtils.java:logGet(43)) - raft.grpc.flow.control.window = 1MB (=1048576) (default)
2019-10-11 17:18:06,815 [main] INFO  server.RaftServerConfigKeys (ConfUtils.java:logGet(43)) - raft.server.rpc.request.timeout = 3000ms (default)
2019-10-11 17:18:06,815 [main] INFO  server.RaftServerConfigKeys (ConfUtils.java:logGet(43)) - raft.server.storage.dir = [/workdir/hadoop-ozone/integration-test/target/test-dir/MiniOzoneClusterImpl-b2ca8923-5dad-44ba-bd4a-93447b410621/datanode-3/data/ratis] (custom)
2019-10-11 17:18:06,816 [main] INFO  hdfs.DFSUtil (DFSUtil.java:httpServerTemplateForNNAndJN(1641)) - Starting Web-server for hddsDatanode at: http://0.0.0.0:0
2019-10-11 17:18:06,818 [main] INFO  server.AuthenticationFilter (AuthenticationFilter.java:constructSecretProvider(240)) - Unable to initialize FileSignerSecretProvider, falling back to use random secrets.
2019-10-11 17:18:06,818 [main] WARN  http.HttpRequestLog (HttpRequestLog.java:getRequestLog(97)) - Jetty request log can only be enabled using Log4j
2019-10-11 17:18:06,819 [main] INFO  http.HttpServer2 (HttpServer2.java:addGlobalFilter(975)) - Added global filter 'safety' (class=org.apache.hadoop.http.HttpServer2$QuotingInputFilter)
2019-10-11 17:18:06,820 [main] INFO  http.HttpServer2 (HttpServer2.java:addFilter(948)) - Added filter static_user_filter (class=org.apache.hadoop.http.lib.StaticUserWebFilter$StaticUserFilter) to context hddsDatanode
2019-10-11 17:18:06,820 [main] INFO  http.HttpServer2 (HttpServer2.java:addFilter(958)) - Added filter static_user_filter (class=org.apache.hadoop.http.lib.StaticUserWebFilter$StaticUserFilter) to context static
2019-10-11 17:18:06,820 [main] INFO  http.HttpServer2 (HttpServer2.java:addFilter(958)) - Added filter static_user_filter (class=org.apache.hadoop.http.lib.StaticUserWebFilter$StaticUserFilter) to context logs
2019-10-11 17:18:06,821 [main] INFO  http.HttpServer2 (HttpServer2.java:bindListener(1191)) - Jetty bound to port 42162
2019-10-11 17:18:06,821 [main] INFO  server.Server (Server.java:doStart(351)) - jetty-9.3.25.v20180904, build timestamp: 2018-09-04T21:11:46Z, git hash: 3ce520221d0240229c862b122d2b06c12a625732
2019-10-11 17:18:06,825 [main] INFO  handler.ContextHandler (ContextHandler.java:doStart(781)) - Started o.e.j.s.ServletContextHandler@463045fb{/logs,file:///workdir/hadoop-ozone/integration-test/target/log,AVAILABLE}
2019-10-11 17:18:06,825 [main] INFO  handler.ContextHandler (ContextHandler.java:doStart(781)) - Started o.e.j.s.ServletContextHandler@3344d163{/static,jar:file:/home/user/.m2/repository/org/apache/hadoop/hadoop-hdds-container-service/0.5.0-SNAPSHOT/hadoop-hdds-container-service-0.5.0-SNAPSHOT.jar!/webapps/static,AVAILABLE}
2019-10-11 17:18:06,857 [main] INFO  handler.ContextHandler (ContextHandler.java:doStart(781)) - Started o.e.j.w.WebAppContext@242ff747{/,file:///tmp/jetty-0.0.0.0-42162-hddsDatanode-_-any-2200416227463532514.dir/webapp/,AVAILABLE}{/hddsDatanode}
2019-10-11 17:18:06,857 [main] INFO  server.AbstractConnector (AbstractConnector.java:doStart(278)) - Started ServerConnector@5329f6b3{HTTP/1.1,[http/1.1]}{0.0.0.0:42162}
2019-10-11 17:18:06,859 [main] INFO  server.Server (Server.java:doStart(419)) - Started @598287ms
2019-10-11 17:18:06,859 [main] WARN  impl.MetricsSystemImpl (MetricsSystemImpl.java:register(276)) - Sink prometheus already exists!
2019-10-11 17:18:06,860 [main] INFO  server.BaseHttpServer (BaseHttpServer.java:updateConnectorAddress(215)) - HTTP server of HDDSDATANODE is listening at http://0.0.0.0:42162
2019-10-11 17:18:06,860 [main] INFO  impl.MetricsSystemImpl (MetricsSystemImpl.java:init(158)) - HddsDatanode metrics system started (again)
2019-10-11 17:18:06,865 [org.apache.hadoop.util.JvmPauseMonitor$Monitor@4c61cf50] INFO  util.JvmPauseMonitor (JvmPauseMonitor.java:run(188)) - Starting JVM pause monitor
2019-10-11 17:18:06,865 [main] INFO  ozone.HddsDatanodeService (HddsDatanodeService.java:start(184)) - HddsDatanodeService host:pr-hdds-2181-ktj56-3106680801 ip:192.168.164.206
2019-10-11 17:18:06,866 [Datanode State Machine Thread - 0] INFO  datanode.InitDatanodeState (InitDatanodeState.java:persistContainerDatanodeDetails(140)) - DatanodeDetails is persisted to /workdir/hadoop-ozone/integration-test/target/test-dir/MiniOzoneClusterImpl-b2ca8923-5dad-44ba-bd4a-93447b410621/datanode-3/meta/datanode.id
2019-10-11 17:18:06,871 [main] INFO  volume.HddsVolume (HddsVolume.java:<init>(176)) - Creating Volume: /workdir/hadoop-ozone/integration-test/target/test-dir/MiniOzoneClusterImpl-b2ca8923-5dad-44ba-bd4a-93447b410621/datanode-4/data/containers/hdds of  storage type : DISK and capacity : 1482555576320
2019-10-11 17:18:06,871 [main] INFO  volume.VolumeSet (VolumeSet.java:initializeVolumeSet(170)) - Added Volume : /workdir/hadoop-ozone/integration-test/target/test-dir/MiniOzoneClusterImpl-b2ca8923-5dad-44ba-bd4a-93447b410621/datanode-4/data/containers/hdds to VolumeSet
2019-10-11 17:18:06,871 [main] INFO  volume.ThrottledAsyncChecker (ThrottledAsyncChecker.java:schedule(141)) - Scheduling a check for org.apache.hadoop.ozone.container.common.volume.HddsVolume@7b297740
2019-10-11 17:18:06,872 [main] INFO  volume.HddsVolumeChecker (HddsVolumeChecker.java:checkAllVolumes(204)) - Scheduled health check for volume org.apache.hadoop.ozone.container.common.volume.HddsVolume@7b297740
2019-10-11 17:18:06,883 [main] INFO  impl.RaftServerProxy (ConfUtils.java:logGet(43)) - raft.rpc.type = GRPC (default)
2019-10-11 17:18:06,883 [main] INFO  grpc.GrpcFactory (GrpcFactory.java:checkPooledByteBufAllocatorUseCacheForAllThreads(45)) - PERFORMANCE WARNING: useCacheForAllThreads is true that may cause Netty to create a lot garbage objects and, as a result, trigger GC.
	It is recommended to disable useCacheForAllThreads by setting -Dorg.apache.ratis.thirdparty.io.netty.allocator.useCacheForAllThreads=false in command line.
2019-10-11 17:18:06,884 [main] INFO  grpc.GrpcConfigKeys$Server (ConfUtils.java:logGet(43)) - raft.grpc.server.port = 0 (default)
2019-10-11 17:18:06,884 [main] INFO  server.GrpcService (ConfUtils.java:logGet(43)) - raft.grpc.message.size.max = 33570816 (custom)
2019-10-11 17:18:06,884 [main] INFO  server.RaftServerConfigKeys (ConfUtils.java:logGet(43)) - raft.server.log.appender.buffer.byte-limit = 33554432 (custom)
2019-10-11 17:18:06,884 [main] INFO  server.GrpcService (ConfUtils.java:logGet(43)) - raft.grpc.flow.control.window = 1MB (=1048576) (default)
2019-10-11 17:18:06,884 [main] INFO  server.RaftServerConfigKeys (ConfUtils.java:logGet(43)) - raft.server.rpc.request.timeout = 3000ms (default)
2019-10-11 17:18:06,885 [main] INFO  server.RaftServerConfigKeys (ConfUtils.java:logGet(43)) - raft.server.storage.dir = [/workdir/hadoop-ozone/integration-test/target/test-dir/MiniOzoneClusterImpl-b2ca8923-5dad-44ba-bd4a-93447b410621/datanode-4/data/ratis] (custom)
2019-10-11 17:18:06,886 [main] INFO  hdfs.DFSUtil (DFSUtil.java:httpServerTemplateForNNAndJN(1641)) - Starting Web-server for hddsDatanode at: http://0.0.0.0:0
2019-10-11 17:18:06,887 [main] INFO  server.AuthenticationFilter (AuthenticationFilter.java:constructSecretProvider(240)) - Unable to initialize FileSignerSecretProvider, falling back to use random secrets.
2019-10-11 17:18:06,887 [main] WARN  http.HttpRequestLog (HttpRequestLog.java:getRequestLog(97)) - Jetty request log can only be enabled using Log4j
2019-10-11 17:18:06,888 [main] INFO  http.HttpServer2 (HttpServer2.java:addGlobalFilter(975)) - Added global filter 'safety' (class=org.apache.hadoop.http.HttpServer2$QuotingInputFilter)
2019-10-11 17:18:06,889 [main] INFO  http.HttpServer2 (HttpServer2.java:addFilter(948)) - Added filter static_user_filter (class=org.apache.hadoop.http.lib.StaticUserWebFilter$StaticUserFilter) to context hddsDatanode
2019-10-11 17:18:06,889 [main] INFO  http.HttpServer2 (HttpServer2.java:addFilter(958)) - Added filter static_user_filter (class=org.apache.hadoop.http.lib.StaticUserWebFilter$StaticUserFilter) to context static
2019-10-11 17:18:06,889 [main] INFO  http.HttpServer2 (HttpServer2.java:addFilter(958)) - Added filter static_user_filter (class=org.apache.hadoop.http.lib.StaticUserWebFilter$StaticUserFilter) to context logs
2019-10-11 17:18:06,890 [main] INFO  http.HttpServer2 (HttpServer2.java:bindListener(1191)) - Jetty bound to port 45845
2019-10-11 17:18:06,890 [main] INFO  server.Server (Server.java:doStart(351)) - jetty-9.3.25.v20180904, build timestamp: 2018-09-04T21:11:46Z, git hash: 3ce520221d0240229c862b122d2b06c12a625732
2019-10-11 17:18:06,891 [main] INFO  handler.ContextHandler (ContextHandler.java:doStart(781)) - Started o.e.j.s.ServletContextHandler@ad3f70a{/logs,file:///workdir/hadoop-ozone/integration-test/target/log,AVAILABLE}
2019-10-11 17:18:06,891 [main] INFO  handler.ContextHandler (ContextHandler.java:doStart(781)) - Started o.e.j.s.ServletContextHandler@9b2dc56{/static,jar:file:/home/user/.m2/repository/org/apache/hadoop/hadoop-hdds-container-service/0.5.0-SNAPSHOT/hadoop-hdds-container-service-0.5.0-SNAPSHOT.jar!/webapps/static,AVAILABLE}
2019-10-11 17:18:06,919 [main] INFO  handler.ContextHandler (ContextHandler.java:doStart(781)) - Started o.e.j.w.WebAppContext@3ca3648{/,file:///tmp/jetty-0.0.0.0-45845-hddsDatanode-_-any-4244805758795717510.dir/webapp/,AVAILABLE}{/hddsDatanode}
2019-10-11 17:18:06,919 [main] INFO  server.AbstractConnector (AbstractConnector.java:doStart(278)) - Started ServerConnector@2a99ca99{HTTP/1.1,[http/1.1]}{0.0.0.0:45845}
2019-10-11 17:18:06,919 [main] INFO  server.Server (Server.java:doStart(419)) - Started @598347ms
2019-10-11 17:18:06,921 [main] WARN  impl.MetricsSystemImpl (MetricsSystemImpl.java:register(276)) - Sink prometheus already exists!
2019-10-11 17:18:06,921 [main] INFO  server.BaseHttpServer (BaseHttpServer.java:updateConnectorAddress(215)) - HTTP server of HDDSDATANODE is listening at http://0.0.0.0:45845
2019-10-11 17:18:06,922 [main] INFO  impl.MetricsSystemImpl (MetricsSystemImpl.java:init(158)) - HddsDatanode metrics system started (again)
2019-10-11 17:18:06,927 [org.apache.hadoop.util.JvmPauseMonitor$Monitor@5d06fd26] INFO  util.JvmPauseMonitor (JvmPauseMonitor.java:run(188)) - Starting JVM pause monitor
2019-10-11 17:18:06,927 [main] INFO  ozone.HddsDatanodeService (HddsDatanodeService.java:start(184)) - HddsDatanodeService host:pr-hdds-2181-ktj56-3106680801 ip:192.168.164.206
2019-10-11 17:18:06,928 [Datanode State Machine Thread - 0] INFO  datanode.InitDatanodeState (InitDatanodeState.java:persistContainerDatanodeDetails(140)) - DatanodeDetails is persisted to /workdir/hadoop-ozone/integration-test/target/test-dir/MiniOzoneClusterImpl-b2ca8923-5dad-44ba-bd4a-93447b410621/datanode-4/meta/datanode.id
2019-10-11 17:18:06,933 [main] INFO  volume.HddsVolume (HddsVolume.java:<init>(176)) - Creating Volume: /workdir/hadoop-ozone/integration-test/target/test-dir/MiniOzoneClusterImpl-b2ca8923-5dad-44ba-bd4a-93447b410621/datanode-5/data/containers/hdds of  storage type : DISK and capacity : 1482555576320
2019-10-11 17:18:06,934 [main] INFO  volume.VolumeSet (VolumeSet.java:initializeVolumeSet(170)) - Added Volume : /workdir/hadoop-ozone/integration-test/target/test-dir/MiniOzoneClusterImpl-b2ca8923-5dad-44ba-bd4a-93447b410621/datanode-5/data/containers/hdds to VolumeSet
2019-10-11 17:18:06,934 [main] INFO  volume.ThrottledAsyncChecker (ThrottledAsyncChecker.java:schedule(141)) - Scheduling a check for org.apache.hadoop.ozone.container.common.volume.HddsVolume@2d22d3b1
2019-10-11 17:18:06,934 [main] INFO  volume.HddsVolumeChecker (HddsVolumeChecker.java:checkAllVolumes(204)) - Scheduled health check for volume org.apache.hadoop.ozone.container.common.volume.HddsVolume@2d22d3b1
2019-10-11 17:18:06,948 [main] INFO  impl.RaftServerProxy (ConfUtils.java:logGet(43)) - raft.rpc.type = GRPC (default)
2019-10-11 17:18:06,948 [main] INFO  grpc.GrpcFactory (GrpcFactory.java:checkPooledByteBufAllocatorUseCacheForAllThreads(45)) - PERFORMANCE WARNING: useCacheForAllThreads is true that may cause Netty to create a lot garbage objects and, as a result, trigger GC.
	It is recommended to disable useCacheForAllThreads by setting -Dorg.apache.ratis.thirdparty.io.netty.allocator.useCacheForAllThreads=false in command line.
2019-10-11 17:18:06,949 [main] INFO  grpc.GrpcConfigKeys$Server (ConfUtils.java:logGet(43)) - raft.grpc.server.port = 0 (default)
2019-10-11 17:18:06,949 [main] INFO  server.GrpcService (ConfUtils.java:logGet(43)) - raft.grpc.message.size.max = 33570816 (custom)
2019-10-11 17:18:06,949 [main] INFO  server.RaftServerConfigKeys (ConfUtils.java:logGet(43)) - raft.server.log.appender.buffer.byte-limit = 33554432 (custom)
2019-10-11 17:18:06,949 [main] INFO  server.GrpcService (ConfUtils.java:logGet(43)) - raft.grpc.flow.control.window = 1MB (=1048576) (default)
2019-10-11 17:18:06,949 [main] INFO  server.RaftServerConfigKeys (ConfUtils.java:logGet(43)) - raft.server.rpc.request.timeout = 3000ms (default)
2019-10-11 17:18:06,950 [main] INFO  server.RaftServerConfigKeys (ConfUtils.java:logGet(43)) - raft.server.storage.dir = [/workdir/hadoop-ozone/integration-test/target/test-dir/MiniOzoneClusterImpl-b2ca8923-5dad-44ba-bd4a-93447b410621/datanode-5/data/ratis] (custom)
2019-10-11 17:18:06,951 [main] INFO  hdfs.DFSUtil (DFSUtil.java:httpServerTemplateForNNAndJN(1641)) - Starting Web-server for hddsDatanode at: http://0.0.0.0:0
2019-10-11 17:18:06,952 [main] INFO  server.AuthenticationFilter (AuthenticationFilter.java:constructSecretProvider(240)) - Unable to initialize FileSignerSecretProvider, falling back to use random secrets.
2019-10-11 17:18:06,952 [main] WARN  http.HttpRequestLog (HttpRequestLog.java:getRequestLog(97)) - Jetty request log can only be enabled using Log4j
2019-10-11 17:18:06,953 [main] INFO  http.HttpServer2 (HttpServer2.java:addGlobalFilter(975)) - Added global filter 'safety' (class=org.apache.hadoop.http.HttpServer2$QuotingInputFilter)
2019-10-11 17:18:06,956 [main] INFO  http.HttpServer2 (HttpServer2.java:addFilter(948)) - Added filter static_user_filter (class=org.apache.hadoop.http.lib.StaticUserWebFilter$StaticUserFilter) to context hddsDatanode
2019-10-11 17:18:06,957 [main] INFO  http.HttpServer2 (HttpServer2.java:addFilter(958)) - Added filter static_user_filter (class=org.apache.hadoop.http.lib.StaticUserWebFilter$StaticUserFilter) to context logs
2019-10-11 17:18:06,957 [main] INFO  http.HttpServer2 (HttpServer2.java:addFilter(958)) - Added filter static_user_filter (class=org.apache.hadoop.http.lib.StaticUserWebFilter$StaticUserFilter) to context static
2019-10-11 17:18:06,958 [main] INFO  http.HttpServer2 (HttpServer2.java:bindListener(1191)) - Jetty bound to port 33814
2019-10-11 17:18:06,958 [main] INFO  server.Server (Server.java:doStart(351)) - jetty-9.3.25.v20180904, build timestamp: 2018-09-04T21:11:46Z, git hash: 3ce520221d0240229c862b122d2b06c12a625732
2019-10-11 17:18:06,960 [main] INFO  handler.ContextHandler (ContextHandler.java:doStart(781)) - Started o.e.j.s.ServletContextHandler@72af90e8{/logs,file:///workdir/hadoop-ozone/integration-test/target/log,AVAILABLE}
2019-10-11 17:18:06,961 [main] INFO  handler.ContextHandler (ContextHandler.java:doStart(781)) - Started o.e.j.s.ServletContextHandler@7faa0680{/static,jar:file:/home/user/.m2/repository/org/apache/hadoop/hadoop-hdds-container-service/0.5.0-SNAPSHOT/hadoop-hdds-container-service-0.5.0-SNAPSHOT.jar!/webapps/static,AVAILABLE}
2019-10-11 17:18:07,006 [main] INFO  handler.ContextHandler (ContextHandler.java:doStart(781)) - Started o.e.j.w.WebAppContext@7cf8f45a{/,file:///tmp/jetty-0.0.0.0-33814-hddsDatanode-_-any-5100479012973623485.dir/webapp/,AVAILABLE}{/hddsDatanode}
2019-10-11 17:18:07,007 [main] INFO  server.AbstractConnector (AbstractConnector.java:doStart(278)) - Started ServerConnector@62cf6a84{HTTP/1.1,[http/1.1]}{0.0.0.0:33814}
2019-10-11 17:18:07,010 [main] INFO  server.Server (Server.java:doStart(419)) - Started @598437ms
2019-10-11 17:18:07,010 [main] WARN  impl.MetricsSystemImpl (MetricsSystemImpl.java:register(276)) - Sink prometheus already exists!
2019-10-11 17:18:07,011 [main] INFO  server.BaseHttpServer (BaseHttpServer.java:updateConnectorAddress(215)) - HTTP server of HDDSDATANODE is listening at http://0.0.0.0:33814
2019-10-11 17:18:07,012 [main] INFO  impl.MetricsSystemImpl (MetricsSystemImpl.java:init(158)) - HddsDatanode metrics system started (again)
2019-10-11 17:18:07,020 [org.apache.hadoop.util.JvmPauseMonitor$Monitor@7508e4c4] INFO  util.JvmPauseMonitor (JvmPauseMonitor.java:run(188)) - Starting JVM pause monitor
2019-10-11 17:18:07,021 [main] INFO  ozone.HddsDatanodeService (HddsDatanodeService.java:start(184)) - HddsDatanodeService host:pr-hdds-2181-ktj56-3106680801 ip:192.168.164.206
2019-10-11 17:18:07,023 [Datanode State Machine Thread - 0] INFO  datanode.InitDatanodeState (InitDatanodeState.java:persistContainerDatanodeDetails(140)) - DatanodeDetails is persisted to /workdir/hadoop-ozone/integration-test/target/test-dir/MiniOzoneClusterImpl-b2ca8923-5dad-44ba-bd4a-93447b410621/datanode-5/meta/datanode.id
2019-10-11 17:18:07,030 [main] INFO  volume.HddsVolume (HddsVolume.java:<init>(176)) - Creating Volume: /workdir/hadoop-ozone/integration-test/target/test-dir/MiniOzoneClusterImpl-b2ca8923-5dad-44ba-bd4a-93447b410621/datanode-6/data/containers/hdds of  storage type : DISK and capacity : 1482555576320
2019-10-11 17:18:07,030 [main] INFO  volume.VolumeSet (VolumeSet.java:initializeVolumeSet(170)) - Added Volume : /workdir/hadoop-ozone/integration-test/target/test-dir/MiniOzoneClusterImpl-b2ca8923-5dad-44ba-bd4a-93447b410621/datanode-6/data/containers/hdds to VolumeSet
2019-10-11 17:18:07,030 [main] INFO  volume.ThrottledAsyncChecker (ThrottledAsyncChecker.java:schedule(141)) - Scheduling a check for org.apache.hadoop.ozone.container.common.volume.HddsVolume@7ac058a0
2019-10-11 17:18:07,031 [main] INFO  volume.HddsVolumeChecker (HddsVolumeChecker.java:checkAllVolumes(204)) - Scheduled health check for volume org.apache.hadoop.ozone.container.common.volume.HddsVolume@7ac058a0
2019-10-11 17:18:07,053 [main] INFO  impl.RaftServerProxy (ConfUtils.java:logGet(43)) - raft.rpc.type = GRPC (default)
2019-10-11 17:18:07,054 [main] INFO  grpc.GrpcFactory (GrpcFactory.java:checkPooledByteBufAllocatorUseCacheForAllThreads(45)) - PERFORMANCE WARNING: useCacheForAllThreads is true that may cause Netty to create a lot garbage objects and, as a result, trigger GC.
	It is recommended to disable useCacheForAllThreads by setting -Dorg.apache.ratis.thirdparty.io.netty.allocator.useCacheForAllThreads=false in command line.
2019-10-11 17:18:07,054 [main] INFO  grpc.GrpcConfigKeys$Server (ConfUtils.java:logGet(43)) - raft.grpc.server.port = 0 (default)
2019-10-11 17:18:07,054 [main] INFO  server.GrpcService (ConfUtils.java:logGet(43)) - raft.grpc.message.size.max = 33570816 (custom)
2019-10-11 17:18:07,055 [main] INFO  server.RaftServerConfigKeys (ConfUtils.java:logGet(43)) - raft.server.log.appender.buffer.byte-limit = 33554432 (custom)
2019-10-11 17:18:07,055 [main] INFO  server.GrpcService (ConfUtils.java:logGet(43)) - raft.grpc.flow.control.window = 1MB (=1048576) (default)
2019-10-11 17:18:07,055 [main] INFO  server.RaftServerConfigKeys (ConfUtils.java:logGet(43)) - raft.server.rpc.request.timeout = 3000ms (default)
2019-10-11 17:18:07,056 [main] INFO  server.RaftServerConfigKeys (ConfUtils.java:logGet(43)) - raft.server.storage.dir = [/workdir/hadoop-ozone/integration-test/target/test-dir/MiniOzoneClusterImpl-b2ca8923-5dad-44ba-bd4a-93447b410621/datanode-6/data/ratis] (custom)
2019-10-11 17:18:07,057 [main] INFO  hdfs.DFSUtil (DFSUtil.java:httpServerTemplateForNNAndJN(1641)) - Starting Web-server for hddsDatanode at: http://0.0.0.0:0
2019-10-11 17:18:07,059 [main] INFO  server.AuthenticationFilter (AuthenticationFilter.java:constructSecretProvider(240)) - Unable to initialize FileSignerSecretProvider, falling back to use random secrets.
2019-10-11 17:18:07,060 [main] WARN  http.HttpRequestLog (HttpRequestLog.java:getRequestLog(97)) - Jetty request log can only be enabled using Log4j
2019-10-11 17:18:07,062 [main] INFO  http.HttpServer2 (HttpServer2.java:addGlobalFilter(975)) - Added global filter 'safety' (class=org.apache.hadoop.http.HttpServer2$QuotingInputFilter)
2019-10-11 17:18:07,063 [main] INFO  http.HttpServer2 (HttpServer2.java:addFilter(948)) - Added filter static_user_filter (class=org.apache.hadoop.http.lib.StaticUserWebFilter$StaticUserFilter) to context hddsDatanode
2019-10-11 17:18:07,064 [main] INFO  http.HttpServer2 (HttpServer2.java:addFilter(958)) - Added filter static_user_filter (class=org.apache.hadoop.http.lib.StaticUserWebFilter$StaticUserFilter) to context logs
2019-10-11 17:18:07,064 [main] INFO  http.HttpServer2 (HttpServer2.java:addFilter(958)) - Added filter static_user_filter (class=org.apache.hadoop.http.lib.StaticUserWebFilter$StaticUserFilter) to context static
2019-10-11 17:18:07,065 [main] INFO  http.HttpServer2 (HttpServer2.java:bindListener(1191)) - Jetty bound to port 34813
2019-10-11 17:18:07,065 [main] INFO  server.Server (Server.java:doStart(351)) - jetty-9.3.25.v20180904, build timestamp: 2018-09-04T21:11:46Z, git hash: 3ce520221d0240229c862b122d2b06c12a625732
2019-10-11 17:18:07,067 [main] INFO  handler.ContextHandler (ContextHandler.java:doStart(781)) - Started o.e.j.s.ServletContextHandler@70fede7d{/logs,file:///workdir/hadoop-ozone/integration-test/target/log,AVAILABLE}
2019-10-11 17:18:07,067 [main] INFO  handler.ContextHandler (ContextHandler.java:doStart(781)) - Started o.e.j.s.ServletContextHandler@2c47a053{/static,jar:file:/home/user/.m2/repository/org/apache/hadoop/hadoop-hdds-container-service/0.5.0-SNAPSHOT/hadoop-hdds-container-service-0.5.0-SNAPSHOT.jar!/webapps/static,AVAILABLE}
2019-10-11 17:18:07,110 [main] INFO  handler.ContextHandler (ContextHandler.java:doStart(781)) - Started o.e.j.w.WebAppContext@3a3883c4{/,file:///tmp/jetty-0.0.0.0-34813-hddsDatanode-_-any-2552071365197304103.dir/webapp/,AVAILABLE}{/hddsDatanode}
2019-10-11 17:18:07,111 [main] INFO  server.AbstractConnector (AbstractConnector.java:doStart(278)) - Started ServerConnector@1537e43{HTTP/1.1,[http/1.1]}{0.0.0.0:34813}
2019-10-11 17:18:07,111 [main] INFO  server.Server (Server.java:doStart(419)) - Started @598539ms
2019-10-11 17:18:07,118 [main] WARN  impl.MetricsSystemImpl (MetricsSystemImpl.java:register(276)) - Sink prometheus already exists!
2019-10-11 17:18:07,118 [main] INFO  server.BaseHttpServer (BaseHttpServer.java:updateConnectorAddress(215)) - HTTP server of HDDSDATANODE is listening at http://0.0.0.0:34813
2019-10-11 17:18:07,119 [main] INFO  ozone.MiniOzoneClusterImpl (MiniOzoneClusterImpl.java:lambda$waitForClusterToBeReady$0(147)) - Waiting for cluster to be ready. Got 0 of 7 DN Heartbeats.
2019-10-11 17:18:07,120 [org.apache.hadoop.util.JvmPauseMonitor$Monitor@554b4aa8] INFO  util.JvmPauseMonitor (JvmPauseMonitor.java:run(188)) - Starting JVM pause monitor
2019-10-11 17:18:07,122 [Datanode State Machine Thread - 0] INFO  datanode.InitDatanodeState (InitDatanodeState.java:persistContainerDatanodeDetails(140)) - DatanodeDetails is persisted to /workdir/hadoop-ozone/integration-test/target/test-dir/MiniOzoneClusterImpl-b2ca8923-5dad-44ba-bd4a-93447b410621/datanode-6/meta/datanode.id
2019-10-11 17:18:08,120 [main] INFO  ozone.MiniOzoneClusterImpl (MiniOzoneClusterImpl.java:lambda$waitForClusterToBeReady$0(147)) - Waiting for cluster to be ready. Got 0 of 7 DN Heartbeats.
2019-10-11 17:18:08,702 [Datanode State Machine Thread - 0] INFO  ozoneimpl.OzoneContainer (OzoneContainer.java:start(213)) - Attempting to start container services.
2019-10-11 17:18:08,703 [Datanode State Machine Thread - 0] INFO  ozoneimpl.OzoneContainer (OzoneContainer.java:startContainerScrub(177)) - Background container scanner has been disabled.
2019-10-11 17:18:08,703 [Datanode State Machine Thread - 0] INFO  ratis.XceiverServerRatis (XceiverServerRatis.java:start(418)) - Starting XceiverServerRatis 8e4ae056-a4b6-46d1-8c8d-fadd47bf60fd at port 0
2019-10-11 17:18:08,711 [Datanode State Machine Thread - 0] INFO  impl.RaftServerProxy (RaftServerProxy.java:lambda$start$3(299)) - 8e4ae056-a4b6-46d1-8c8d-fadd47bf60fd: start RPC server
2019-10-11 17:18:08,713 [Datanode State Machine Thread - 0] INFO  server.GrpcService (GrpcService.java:startImpl(158)) - 8e4ae056-a4b6-46d1-8c8d-fadd47bf60fd: GrpcService started, listening on 0.0.0.0/0.0.0.0:35596
2019-10-11 17:18:08,713 [Datanode State Machine Thread - 0] INFO  ratis.XceiverServerRatis (XceiverServerRatis.java:start(428)) - XceiverServerRatis 8e4ae056-a4b6-46d1-8c8d-fadd47bf60fd is started using port 35596
2019-10-11 17:18:08,714 [Datanode State Machine Thread - 0] INFO  server.XceiverServerGrpc (XceiverServerGrpc.java:start(149)) - XceiverServerGrpc 8e4ae056-a4b6-46d1-8c8d-fadd47bf60fd is started using port 33026
2019-10-11 17:18:08,752 [Datanode State Machine Thread - 0] INFO  ozoneimpl.OzoneContainer (OzoneContainer.java:start(213)) - Attempting to start container services.
2019-10-11 17:18:08,752 [Datanode State Machine Thread - 0] INFO  ozoneimpl.OzoneContainer (OzoneContainer.java:startContainerScrub(177)) - Background container scanner has been disabled.
2019-10-11 17:18:08,753 [Datanode State Machine Thread - 0] INFO  ratis.XceiverServerRatis (XceiverServerRatis.java:start(418)) - Starting XceiverServerRatis 118cdbac-715f-4342-82a9-f07e763fc80a at port 0
2019-10-11 17:18:08,759 [Datanode State Machine Thread - 0] INFO  impl.RaftServerProxy (RaftServerProxy.java:lambda$start$3(299)) - 118cdbac-715f-4342-82a9-f07e763fc80a: start RPC server
2019-10-11 17:18:08,761 [Datanode State Machine Thread - 0] INFO  server.GrpcService (GrpcService.java:startImpl(158)) - 118cdbac-715f-4342-82a9-f07e763fc80a: GrpcService started, listening on 0.0.0.0/0.0.0.0:37337
2019-10-11 17:18:08,761 [Datanode State Machine Thread - 0] INFO  ratis.XceiverServerRatis (XceiverServerRatis.java:start(428)) - XceiverServerRatis 118cdbac-715f-4342-82a9-f07e763fc80a is started using port 37337
2019-10-11 17:18:08,763 [Datanode State Machine Thread - 0] INFO  server.XceiverServerGrpc (XceiverServerGrpc.java:start(149)) - XceiverServerGrpc 118cdbac-715f-4342-82a9-f07e763fc80a is started using port 33701
2019-10-11 17:18:08,819 [Datanode State Machine Thread - 0] INFO  ozoneimpl.OzoneContainer (OzoneContainer.java:start(213)) - Attempting to start container services.
2019-10-11 17:18:08,820 [Datanode State Machine Thread - 0] INFO  ozoneimpl.OzoneContainer (OzoneContainer.java:startContainerScrub(177)) - Background container scanner has been disabled.
2019-10-11 17:18:08,820 [Datanode State Machine Thread - 0] INFO  ratis.XceiverServerRatis (XceiverServerRatis.java:start(418)) - Starting XceiverServerRatis 5cb6b437-c2e1-454c-b3fa-c3dae831a88d at port 0
2019-10-11 17:18:08,826 [Datanode State Machine Thread - 0] INFO  impl.RaftServerProxy (RaftServerProxy.java:lambda$start$3(299)) - 5cb6b437-c2e1-454c-b3fa-c3dae831a88d: start RPC server
2019-10-11 17:18:08,829 [Datanode State Machine Thread - 0] INFO  server.GrpcService (GrpcService.java:startImpl(158)) - 5cb6b437-c2e1-454c-b3fa-c3dae831a88d: GrpcService started, listening on 0.0.0.0/0.0.0.0:34352
2019-10-11 17:18:08,830 [Datanode State Machine Thread - 0] INFO  ratis.XceiverServerRatis (XceiverServerRatis.java:start(428)) - XceiverServerRatis 5cb6b437-c2e1-454c-b3fa-c3dae831a88d is started using port 34352
2019-10-11 17:18:08,832 [Datanode State Machine Thread - 0] INFO  server.XceiverServerGrpc (XceiverServerGrpc.java:start(149)) - XceiverServerGrpc 5cb6b437-c2e1-454c-b3fa-c3dae831a88d is started using port 35576
2019-10-11 17:18:08,886 [Datanode State Machine Thread - 0] INFO  ozoneimpl.OzoneContainer (OzoneContainer.java:start(213)) - Attempting to start container services.
2019-10-11 17:18:08,886 [Datanode State Machine Thread - 0] INFO  ozoneimpl.OzoneContainer (OzoneContainer.java:startContainerScrub(177)) - Background container scanner has been disabled.
2019-10-11 17:18:08,887 [Datanode State Machine Thread - 0] INFO  ratis.XceiverServerRatis (XceiverServerRatis.java:start(418)) - Starting XceiverServerRatis ffd6ec3f-f769-48ed-b47b-9e3bfbb749de at port 0
2019-10-11 17:18:08,892 [Datanode State Machine Thread - 0] INFO  impl.RaftServerProxy (RaftServerProxy.java:lambda$start$3(299)) - ffd6ec3f-f769-48ed-b47b-9e3bfbb749de: start RPC server
2019-10-11 17:18:08,893 [Datanode State Machine Thread - 0] INFO  server.GrpcService (GrpcService.java:startImpl(158)) - ffd6ec3f-f769-48ed-b47b-9e3bfbb749de: GrpcService started, listening on 0.0.0.0/0.0.0.0:34604
2019-10-11 17:18:08,893 [Datanode State Machine Thread - 0] INFO  ratis.XceiverServerRatis (XceiverServerRatis.java:start(428)) - XceiverServerRatis ffd6ec3f-f769-48ed-b47b-9e3bfbb749de is started using port 34604
2019-10-11 17:18:08,893 [Datanode State Machine Thread - 0] INFO  server.XceiverServerGrpc (XceiverServerGrpc.java:start(149)) - XceiverServerGrpc ffd6ec3f-f769-48ed-b47b-9e3bfbb749de is started using port 41667
2019-10-11 17:18:08,953 [Datanode State Machine Thread - 0] INFO  ozoneimpl.OzoneContainer (OzoneContainer.java:start(213)) - Attempting to start container services.
2019-10-11 17:18:08,954 [Datanode State Machine Thread - 0] INFO  ozoneimpl.OzoneContainer (OzoneContainer.java:startContainerScrub(177)) - Background container scanner has been disabled.
2019-10-11 17:18:08,954 [Datanode State Machine Thread - 0] INFO  ratis.XceiverServerRatis (XceiverServerRatis.java:start(418)) - Starting XceiverServerRatis 3919957f-5492-4e2e-9554-c3e87ed23817 at port 0
2019-10-11 17:18:08,960 [Datanode State Machine Thread - 0] INFO  impl.RaftServerProxy (RaftServerProxy.java:lambda$start$3(299)) - 3919957f-5492-4e2e-9554-c3e87ed23817: start RPC server
2019-10-11 17:18:08,964 [Datanode State Machine Thread - 0] INFO  server.GrpcService (GrpcService.java:startImpl(158)) - 3919957f-5492-4e2e-9554-c3e87ed23817: GrpcService started, listening on 0.0.0.0/0.0.0.0:46678
2019-10-11 17:18:08,964 [Datanode State Machine Thread - 0] INFO  ratis.XceiverServerRatis (XceiverServerRatis.java:start(428)) - XceiverServerRatis 3919957f-5492-4e2e-9554-c3e87ed23817 is started using port 46678
2019-10-11 17:18:08,977 [Datanode State Machine Thread - 0] INFO  server.XceiverServerGrpc (XceiverServerGrpc.java:start(149)) - XceiverServerGrpc 3919957f-5492-4e2e-9554-c3e87ed23817 is started using port 32777
2019-10-11 17:18:09,045 [Datanode State Machine Thread - 0] INFO  ozoneimpl.OzoneContainer (OzoneContainer.java:start(213)) - Attempting to start container services.
2019-10-11 17:18:09,046 [Datanode State Machine Thread - 0] INFO  ozoneimpl.OzoneContainer (OzoneContainer.java:startContainerScrub(177)) - Background container scanner has been disabled.
2019-10-11 17:18:09,046 [Datanode State Machine Thread - 0] INFO  ratis.XceiverServerRatis (XceiverServerRatis.java:start(418)) - Starting XceiverServerRatis 5e4a16ac-6e7c-4322-b3ce-dc4822ac959d at port 0
2019-10-11 17:18:09,052 [Datanode State Machine Thread - 0] INFO  impl.RaftServerProxy (RaftServerProxy.java:lambda$start$3(299)) - 5e4a16ac-6e7c-4322-b3ce-dc4822ac959d: start RPC server
2019-10-11 17:18:09,056 [Datanode State Machine Thread - 0] INFO  server.GrpcService (GrpcService.java:startImpl(158)) - 5e4a16ac-6e7c-4322-b3ce-dc4822ac959d: GrpcService started, listening on 0.0.0.0/0.0.0.0:34114
2019-10-11 17:18:09,056 [Datanode State Machine Thread - 0] INFO  ratis.XceiverServerRatis (XceiverServerRatis.java:start(428)) - XceiverServerRatis 5e4a16ac-6e7c-4322-b3ce-dc4822ac959d is started using port 34114
2019-10-11 17:18:09,056 [Datanode State Machine Thread - 0] INFO  server.XceiverServerGrpc (XceiverServerGrpc.java:start(149)) - XceiverServerGrpc 5e4a16ac-6e7c-4322-b3ce-dc4822ac959d is started using port 46206
2019-10-11 17:18:09,120 [main] INFO  ozone.MiniOzoneClusterImpl (MiniOzoneClusterImpl.java:lambda$waitForClusterToBeReady$0(147)) - Waiting for cluster to be ready. Got 0 of 7 DN Heartbeats.
2019-10-11 17:18:09,146 [Datanode State Machine Thread - 0] INFO  ozoneimpl.OzoneContainer (OzoneContainer.java:start(213)) - Attempting to start container services.
2019-10-11 17:18:09,146 [Datanode State Machine Thread - 0] INFO  ozoneimpl.OzoneContainer (OzoneContainer.java:startContainerScrub(177)) - Background container scanner has been disabled.
2019-10-11 17:18:09,146 [Datanode State Machine Thread - 0] INFO  ratis.XceiverServerRatis (XceiverServerRatis.java:start(418)) - Starting XceiverServerRatis 1881e1b1-a416-4676-83ce-8113df23a0f6 at port 0
2019-10-11 17:18:09,152 [Datanode State Machine Thread - 0] INFO  impl.RaftServerProxy (RaftServerProxy.java:lambda$start$3(299)) - 1881e1b1-a416-4676-83ce-8113df23a0f6: start RPC server
2019-10-11 17:18:09,155 [Datanode State Machine Thread - 0] INFO  server.GrpcService (GrpcService.java:startImpl(158)) - 1881e1b1-a416-4676-83ce-8113df23a0f6: GrpcService started, listening on 0.0.0.0/0.0.0.0:33411
2019-10-11 17:18:09,156 [Datanode State Machine Thread - 0] INFO  ratis.XceiverServerRatis (XceiverServerRatis.java:start(428)) - XceiverServerRatis 1881e1b1-a416-4676-83ce-8113df23a0f6 is started using port 33411
2019-10-11 17:18:09,156 [Datanode State Machine Thread - 0] INFO  server.XceiverServerGrpc (XceiverServerGrpc.java:start(149)) - XceiverServerGrpc 1881e1b1-a416-4676-83ce-8113df23a0f6 is started using port 46650
2019-10-11 17:18:10,121 [main] INFO  ozone.MiniOzoneClusterImpl (MiniOzoneClusterImpl.java:lambda$waitForClusterToBeReady$0(147)) - Waiting for cluster to be ready. Got 0 of 7 DN Heartbeats.
2019-10-11 17:18:10,663 [IPC Server handler 0 on 46670] INFO  net.NetworkTopology (NetworkTopologyImpl.java:add(111)) - Added a new node: /default-rack/8e4ae056-a4b6-46d1-8c8d-fadd47bf60fd
2019-10-11 17:18:10,666 [IPC Server handler 0 on 46670] INFO  node.SCMNodeManager (SCMNodeManager.java:register(268)) - Registered Data node : 8e4ae056-a4b6-46d1-8c8d-fadd47bf60fd{ip: 192.168.164.206, host: pr-hdds-2181-ktj56-3106680801, networkLocation: /default-rack, certSerialId: null}
2019-10-11 17:18:10,667 [EventQueue-NodeRegistrationContainerReportForDataNodeSafeModeRule] INFO  safemode.SCMSafeModeManager (DataNodeSafeModeRule.java:process(71)) - SCM in safe mode. 1 DataNodes registered, 1 required.
2019-10-11 17:18:10,670 [EventQueue-NodeRegistrationContainerReportForDataNodeSafeModeRule] INFO  safemode.SCMSafeModeManager (SCMSafeModeManager.java:validateSafeModeExitRules(177)) - ScmSafeModeManager, all rules are successfully validated
2019-10-11 17:18:10,670 [EventQueue-NodeRegistrationContainerReportForDataNodeSafeModeRule] INFO  safemode.SCMSafeModeManager (SCMSafeModeManager.java:exitSafeMode(193)) - SCM exiting safe mode.
2019-10-11 17:18:10,681 [grpc-default-executor-8] INFO  impl.RaftServerProxy (RaftServerProxy.java:addNew(89)) - 8e4ae056-a4b6-46d1-8c8d-fadd47bf60fd: addNew group-80362FA3BA7E:[8e4ae056-a4b6-46d1-8c8d-fadd47bf60fd:192.168.164.206:35596] returns group-80362FA3BA7E:java.util.concurrent.CompletableFuture@777da980[Not completed]
2019-10-11 17:18:10,684 [pool-409-thread-1] INFO  impl.RaftServerImpl (RaftServerImpl.java:<init>(95)) - 8e4ae056-a4b6-46d1-8c8d-fadd47bf60fd: new RaftServerImpl for group-80362FA3BA7E:[8e4ae056-a4b6-46d1-8c8d-fadd47bf60fd:192.168.164.206:35596] with ContainerStateMachine:uninitialized
2019-10-11 17:18:10,685 [pool-409-thread-1] INFO  server.RaftServerConfigKeys (ConfUtils.java:logGet(43)) - raft.server.rpc.timeout.min = 5s (custom)
2019-10-11 17:18:10,685 [pool-409-thread-1] INFO  server.RaftServerConfigKeys (ConfUtils.java:logGet(43)) - raft.server.rpc.timeout.max = 5200ms (custom)
2019-10-11 17:18:10,685 [pool-409-thread-1] INFO  server.RaftServerConfigKeys (ConfUtils.java:logGet(43)) - raft.server.rpcslowness.timeout = 120s (custom)
2019-10-11 17:18:10,685 [pool-409-thread-1] INFO  server.RaftServerConfigKeys (ConfUtils.java:logGet(43)) - raft.server.sleep.deviation.threshold = 300 (default)
2019-10-11 17:18:10,685 [pool-409-thread-1] INFO  server.RaftServerConfigKeys (ConfUtils.java:logGet(43)) - raft.server.log.appender.install.snapshot.enabled = false (custom)
2019-10-11 17:18:10,685 [pool-409-thread-1] INFO  impl.RaftServerImpl (ServerState.java:<init>(103)) - 8e4ae056-a4b6-46d1-8c8d-fadd47bf60fd@group-80362FA3BA7E: ConfigurationManager, init=-1: [8e4ae056-a4b6-46d1-8c8d-fadd47bf60fd:192.168.164.206:35596], old=null, confs=<EMPTY_MAP>
2019-10-11 17:18:10,686 [pool-409-thread-1] INFO  server.RaftServerConfigKeys (ConfUtils.java:logGet(43)) - raft.server.storage.dir = [/workdir/hadoop-ozone/integration-test/target/test-dir/MiniOzoneClusterImpl-b2ca8923-5dad-44ba-bd4a-93447b410621/datanode-0/data/ratis] (custom)
2019-10-11 17:18:10,686 [pool-409-thread-1] INFO  server.RaftServerConfigKeys (ConfUtils.java:logGet(43)) - raft.server.log.corruption.policy = EXCEPTION (default)
2019-10-11 17:18:10,686 [pool-409-thread-1] INFO  storage.RaftStorageDirectory (RaftStorageDirectory.java:analyzeStorage(246)) - The storage directory /workdir/hadoop-ozone/integration-test/target/test-dir/MiniOzoneClusterImpl-b2ca8923-5dad-44ba-bd4a-93447b410621/datanode-0/data/ratis/554016a0-e101-4bac-88b4-80362fa3ba7e does not exist. Creating ...
2019-10-11 17:18:10,721 [pool-409-thread-1] INFO  storage.RaftStorageDirectory (RaftStorageDirectory.java:tryLock(328)) - Lock on /workdir/hadoop-ozone/integration-test/target/test-dir/MiniOzoneClusterImpl-b2ca8923-5dad-44ba-bd4a-93447b410621/datanode-0/data/ratis/554016a0-e101-4bac-88b4-80362fa3ba7e/in_use.lock acquired by nodename 12955@pr-hdds-2181-ktj56-3106680801
2019-10-11 17:18:10,728 [IPC Server handler 1 on 46670] INFO  net.NetworkTopology (NetworkTopologyImpl.java:add(111)) - Added a new node: /default-rack/118cdbac-715f-4342-82a9-f07e763fc80a
2019-10-11 17:18:10,728 [IPC Server handler 1 on 46670] INFO  node.SCMNodeManager (SCMNodeManager.java:register(268)) - Registered Data node : 118cdbac-715f-4342-82a9-f07e763fc80a{ip: 192.168.164.206, host: pr-hdds-2181-ktj56-3106680801, networkLocation: /default-rack, certSerialId: null}
2019-10-11 17:18:10,746 [pool-409-thread-1] INFO  storage.RaftStorage (RaftStorage.java:format(84)) - Storage directory /workdir/hadoop-ozone/integration-test/target/test-dir/MiniOzoneClusterImpl-b2ca8923-5dad-44ba-bd4a-93447b410621/datanode-0/data/ratis/554016a0-e101-4bac-88b4-80362fa3ba7e has been successfully formatted.
2019-10-11 17:18:10,747 [pool-409-thread-1] INFO  ratis.ContainerStateMachine (ContainerStateMachine.java:loadSnapshot(231)) - group-80362FA3BA7E: The snapshot info is null. Setting the last applied indexto:(t:0, i:~)
2019-10-11 17:18:10,747 [pool-409-thread-1] INFO  server.RaftServerConfigKeys (ConfUtils.java:logGet(43)) - raft.server.notification.no-leader.timeout = 120s (custom)
2019-10-11 17:18:10,747 [pool-409-thread-1] INFO  server.RaftServerConfigKeys (ConfUtils.java:logGet(43)) - raft.server.log.use.memory = false (default)
2019-10-11 17:18:10,747 [pool-409-thread-1] INFO  server.RaftServerConfigKeys (ConfUtils.java:logGet(43)) - raft.server.log.purge.gap = 1000000 (custom)
2019-10-11 17:18:10,747 [pool-409-thread-1] INFO  server.RaftServerConfigKeys (ConfUtils.java:logGet(43)) - raft.server.log.appender.buffer.byte-limit = 33554432 (custom)
2019-10-11 17:18:10,748 [pool-409-thread-1] INFO  server.RaftServerConfigKeys (ConfUtils.java:logGet(43)) - raft.server.log.segment.size.max = 1048576 (custom)
2019-10-11 17:18:10,750 [pool-409-thread-1] INFO  server.RaftServerConfigKeys (ConfUtils.java:logGet(43)) - raft.server.log.segment.cache.num.max = 2 (custom)
2019-10-11 17:18:10,750 [pool-409-thread-1] INFO  segmented.SegmentedRaftLogWorker (SegmentedRaftLogWorker.java:<init>(173)) - new 8e4ae056-a4b6-46d1-8c8d-fadd47bf60fd@group-80362FA3BA7E-SegmentedRaftLogWorker for RaftStorage:Storage Directory /workdir/hadoop-ozone/integration-test/target/test-dir/MiniOzoneClusterImpl-b2ca8923-5dad-44ba-bd4a-93447b410621/datanode-0/data/ratis/554016a0-e101-4bac-88b4-80362fa3ba7e
2019-10-11 17:18:10,750 [pool-409-thread-1] INFO  server.RaftServerConfigKeys (ConfUtils.java:logGet(43)) - raft.server.log.queue.byte-limit = 2147483647 (custom)
2019-10-11 17:18:10,750 [pool-409-thread-1] INFO  server.RaftServerConfigKeys (ConfUtils.java:logGet(43)) - raft.server.log.queue.element-limit = 1024 (custom)
2019-10-11 17:18:10,751 [pool-409-thread-1] INFO  server.RaftServerConfigKeys (ConfUtils.java:logGet(43)) - raft.server.log.segment.size.max = 1048576 (custom)
2019-10-11 17:18:10,751 [pool-409-thread-1] INFO  server.RaftServerConfigKeys (ConfUtils.java:logGet(43)) - raft.server.log.preallocated.size = 16384 (custom)
2019-10-11 17:18:10,751 [pool-409-thread-1] INFO  server.RaftServerConfigKeys (ConfUtils.java:logGet(43)) - raft.server.log.write.buffer.size = 33554432 (custom)
2019-10-11 17:18:10,751 [pool-409-thread-1] INFO  server.RaftServerConfigKeys (ConfUtils.java:logGet(43)) - raft.server.log.force.sync.num = 128 (default)
2019-10-11 17:18:10,751 [pool-409-thread-1] INFO  server.RaftServerConfigKeys (ConfUtils.java:logGet(43)) - raft.server.log.statemachine.data.sync = true (default)
2019-10-11 17:18:10,751 [pool-409-thread-1] INFO  server.RaftServerConfigKeys (ConfUtils.java:logGet(43)) - raft.server.log.statemachine.data.sync.timeout = 10s (default)
2019-10-11 17:18:10,751 [pool-409-thread-1] INFO  server.RaftServerConfigKeys (ConfUtils.java:logGet(43)) - raft.server.log.statemachine.data.sync.timeout.retry = -1 (default)
2019-10-11 17:18:10,752 [pool-409-thread-1] INFO  server.RaftServerConfigKeys (ConfUtils.java:logGet(43)) - raft.server.log.statemachine.data.caching.enabled = true (custom)
2019-10-11 17:18:10,752 [pool-409-thread-1] INFO  segmented.SegmentedRaftLogWorker (SegmentedRaftLogWorker.java:lambda$new$0(128)) - 8e4ae056-a4b6-46d1-8c8d-fadd47bf60fd@group-80362FA3BA7E-SegmentedRaftLogWorker: flushIndex: setUnconditionally 0 -> -1
2019-10-11 17:18:10,753 [pool-409-thread-1] INFO  server.RaftServerConfigKeys (ConfUtils.java:logGet(43)) - raft.server.snapshot.auto.trigger.enabled = true (custom)
2019-10-11 17:18:10,753 [pool-409-thread-1] INFO  server.RaftServerConfigKeys (ConfUtils.java:logGet(43)) - raft.server.snapshot.auto.trigger.threshold = 10000 (custom)
2019-10-11 17:18:10,753 [pool-409-thread-1] INFO  server.RaftServerConfigKeys (ConfUtils.java:logGet(43)) - raft.server.snapshot.retention.file.num = 5 (custom)
2019-10-11 17:18:10,753 [pool-409-thread-1] INFO  server.RaftServerConfigKeys (ConfUtils.java:logGet(43)) - raft.server.retrycache.expirytime = 600000ms (custom)
2019-10-11 17:18:10,755 [pool-409-thread-1] INFO  impl.RaftServerImpl (RaftServerImpl.java:start(181)) - 8e4ae056-a4b6-46d1-8c8d-fadd47bf60fd@group-80362FA3BA7E: start as a follower, conf=-1: [8e4ae056-a4b6-46d1-8c8d-fadd47bf60fd:192.168.164.206:35596], old=null
2019-10-11 17:18:10,756 [pool-409-thread-1] INFO  impl.RaftServerImpl (RaftServerImpl.java:setRole(170)) - 8e4ae056-a4b6-46d1-8c8d-fadd47bf60fd@group-80362FA3BA7E: changes role from      null to FOLLOWER at term 0 for startAsFollower
2019-10-11 17:18:10,756 [pool-409-thread-1] INFO  impl.RoleInfo (RoleInfo.java:updateAndGet(143)) - 8e4ae056-a4b6-46d1-8c8d-fadd47bf60fd: start FollowerState
2019-10-11 17:18:10,756 [pool-409-thread-1] INFO  util.JmxRegister (JmxRegister.java:tryRegister(44)) - Successfully registered JMX Bean with object name Ratis:service=RaftServer,group=group-80362FA3BA7E,id=8e4ae056-a4b6-46d1-8c8d-fadd47bf60fd
2019-10-11 17:18:10,762 [RatisPipelineUtilsThread] INFO  pipeline.PipelineStateManager (PipelineStateManager.java:addPipeline(56)) - Created pipeline Pipeline[ Id: 554016a0-e101-4bac-88b4-80362fa3ba7e, Nodes: 8e4ae056-a4b6-46d1-8c8d-fadd47bf60fd{ip: 192.168.164.206, host: pr-hdds-2181-ktj56-3106680801, networkLocation: /default-rack, certSerialId: null}, Type:RATIS, Factor:ONE, State:OPEN]
2019-10-11 17:18:10,770 [grpc-default-executor-8] INFO  impl.RaftServerProxy (RaftServerProxy.java:addNew(89)) - 118cdbac-715f-4342-82a9-f07e763fc80a: addNew group-FA2EEE764E07:[118cdbac-715f-4342-82a9-f07e763fc80a:192.168.164.206:37337] returns group-FA2EEE764E07:java.util.concurrent.CompletableFuture@a43c39b[Not completed]
2019-10-11 17:18:10,771 [pool-419-thread-1] INFO  impl.RaftServerImpl (RaftServerImpl.java:<init>(95)) - 118cdbac-715f-4342-82a9-f07e763fc80a: new RaftServerImpl for group-FA2EEE764E07:[118cdbac-715f-4342-82a9-f07e763fc80a:192.168.164.206:37337] with ContainerStateMachine:uninitialized
2019-10-11 17:18:10,771 [pool-419-thread-1] INFO  server.RaftServerConfigKeys (ConfUtils.java:logGet(43)) - raft.server.rpc.timeout.min = 5s (custom)
2019-10-11 17:18:10,772 [pool-419-thread-1] INFO  server.RaftServerConfigKeys (ConfUtils.java:logGet(43)) - raft.server.rpc.timeout.max = 5200ms (custom)
2019-10-11 17:18:10,772 [pool-419-thread-1] INFO  server.RaftServerConfigKeys (ConfUtils.java:logGet(43)) - raft.server.rpcslowness.timeout = 120s (custom)
2019-10-11 17:18:10,772 [pool-419-thread-1] INFO  server.RaftServerConfigKeys (ConfUtils.java:logGet(43)) - raft.server.sleep.deviation.threshold = 300 (default)
2019-10-11 17:18:10,772 [pool-419-thread-1] INFO  server.RaftServerConfigKeys (ConfUtils.java:logGet(43)) - raft.server.log.appender.install.snapshot.enabled = false (custom)
2019-10-11 17:18:10,772 [pool-419-thread-1] INFO  impl.RaftServerImpl (ServerState.java:<init>(103)) - 118cdbac-715f-4342-82a9-f07e763fc80a@group-FA2EEE764E07: ConfigurationManager, init=-1: [118cdbac-715f-4342-82a9-f07e763fc80a:192.168.164.206:37337], old=null, confs=<EMPTY_MAP>
2019-10-11 17:18:10,772 [pool-419-thread-1] INFO  server.RaftServerConfigKeys (ConfUtils.java:logGet(43)) - raft.server.storage.dir = [/workdir/hadoop-ozone/integration-test/target/test-dir/MiniOzoneClusterImpl-b2ca8923-5dad-44ba-bd4a-93447b410621/datanode-1/data/ratis] (custom)
2019-10-11 17:18:10,772 [pool-419-thread-1] INFO  server.RaftServerConfigKeys (ConfUtils.java:logGet(43)) - raft.server.log.corruption.policy = EXCEPTION (default)
2019-10-11 17:18:10,773 [pool-419-thread-1] INFO  storage.RaftStorageDirectory (RaftStorageDirectory.java:analyzeStorage(246)) - The storage directory /workdir/hadoop-ozone/integration-test/target/test-dir/MiniOzoneClusterImpl-b2ca8923-5dad-44ba-bd4a-93447b410621/datanode-1/data/ratis/79ffc76c-cbc1-46d6-8cd7-fa2eee764e07 does not exist. Creating ...
2019-10-11 17:18:10,797 [pool-419-thread-1] INFO  storage.RaftStorageDirectory (RaftStorageDirectory.java:tryLock(328)) - Lock on /workdir/hadoop-ozone/integration-test/target/test-dir/MiniOzoneClusterImpl-b2ca8923-5dad-44ba-bd4a-93447b410621/datanode-1/data/ratis/79ffc76c-cbc1-46d6-8cd7-fa2eee764e07/in_use.lock acquired by nodename 12955@pr-hdds-2181-ktj56-3106680801
2019-10-11 17:18:10,797 [IPC Server handler 3 on 46670] INFO  net.NetworkTopology (NetworkTopologyImpl.java:add(111)) - Added a new node: /default-rack/5cb6b437-c2e1-454c-b3fa-c3dae831a88d
2019-10-11 17:18:10,797 [IPC Server handler 3 on 46670] INFO  node.SCMNodeManager (SCMNodeManager.java:register(268)) - Registered Data node : 5cb6b437-c2e1-454c-b3fa-c3dae831a88d{ip: 192.168.164.206, host: pr-hdds-2181-ktj56-3106680801, networkLocation: /default-rack, certSerialId: null}
2019-10-11 17:18:10,822 [pool-419-thread-1] INFO  storage.RaftStorage (RaftStorage.java:format(84)) - Storage directory /workdir/hadoop-ozone/integration-test/target/test-dir/MiniOzoneClusterImpl-b2ca8923-5dad-44ba-bd4a-93447b410621/datanode-1/data/ratis/79ffc76c-cbc1-46d6-8cd7-fa2eee764e07 has been successfully formatted.
2019-10-11 17:18:10,822 [pool-419-thread-1] INFO  ratis.ContainerStateMachine (ContainerStateMachine.java:loadSnapshot(231)) - group-FA2EEE764E07: The snapshot info is null. Setting the last applied indexto:(t:0, i:~)
2019-10-11 17:18:10,822 [pool-419-thread-1] INFO  server.RaftServerConfigKeys (ConfUtils.java:logGet(43)) - raft.server.notification.no-leader.timeout = 120s (custom)
2019-10-11 17:18:10,822 [pool-419-thread-1] INFO  server.RaftServerConfigKeys (ConfUtils.java:logGet(43)) - raft.server.log.use.memory = false (default)
2019-10-11 17:18:10,823 [pool-419-thread-1] INFO  server.RaftServerConfigKeys (ConfUtils.java:logGet(43)) - raft.server.log.purge.gap = 1000000 (custom)
2019-10-11 17:18:10,823 [pool-419-thread-1] INFO  server.RaftServerConfigKeys (ConfUtils.java:logGet(43)) - raft.server.log.appender.buffer.byte-limit = 33554432 (custom)
2019-10-11 17:18:10,823 [pool-419-thread-1] INFO  server.RaftServerConfigKeys (ConfUtils.java:logGet(43)) - raft.server.log.segment.size.max = 1048576 (custom)
2019-10-11 17:18:10,824 [pool-419-thread-1] INFO  server.RaftServerConfigKeys (ConfUtils.java:logGet(43)) - raft.server.log.segment.cache.num.max = 2 (custom)
2019-10-11 17:18:10,824 [pool-419-thread-1] INFO  segmented.SegmentedRaftLogWorker (SegmentedRaftLogWorker.java:<init>(173)) - new 118cdbac-715f-4342-82a9-f07e763fc80a@group-FA2EEE764E07-SegmentedRaftLogWorker for RaftStorage:Storage Directory /workdir/hadoop-ozone/integration-test/target/test-dir/MiniOzoneClusterImpl-b2ca8923-5dad-44ba-bd4a-93447b410621/datanode-1/data/ratis/79ffc76c-cbc1-46d6-8cd7-fa2eee764e07
2019-10-11 17:18:10,825 [pool-419-thread-1] INFO  server.RaftServerConfigKeys (ConfUtils.java:logGet(43)) - raft.server.log.queue.byte-limit = 2147483647 (custom)
2019-10-11 17:18:10,825 [pool-419-thread-1] INFO  server.RaftServerConfigKeys (ConfUtils.java:logGet(43)) - raft.server.log.queue.element-limit = 1024 (custom)
2019-10-11 17:18:10,825 [pool-419-thread-1] INFO  server.RaftServerConfigKeys (ConfUtils.java:logGet(43)) - raft.server.log.segment.size.max = 1048576 (custom)
2019-10-11 17:18:10,825 [pool-419-thread-1] INFO  server.RaftServerConfigKeys (ConfUtils.java:logGet(43)) - raft.server.log.preallocated.size = 16384 (custom)
2019-10-11 17:18:10,825 [pool-419-thread-1] INFO  server.RaftServerConfigKeys (ConfUtils.java:logGet(43)) - raft.server.log.write.buffer.size = 33554432 (custom)
2019-10-11 17:18:10,825 [pool-419-thread-1] INFO  server.RaftServerConfigKeys (ConfUtils.java:logGet(43)) - raft.server.log.force.sync.num = 128 (default)
2019-10-11 17:18:10,826 [pool-419-thread-1] INFO  server.RaftServerConfigKeys (ConfUtils.java:logGet(43)) - raft.server.log.statemachine.data.sync = true (default)
2019-10-11 17:18:10,826 [pool-419-thread-1] INFO  server.RaftServerConfigKeys (ConfUtils.java:logGet(43)) - raft.server.log.statemachine.data.sync.timeout = 10s (default)
2019-10-11 17:18:10,826 [pool-419-thread-1] INFO  server.RaftServerConfigKeys (ConfUtils.java:logGet(43)) - raft.server.log.statemachine.data.sync.timeout.retry = -1 (default)
2019-10-11 17:18:10,826 [pool-419-thread-1] INFO  server.RaftServerConfigKeys (ConfUtils.java:logGet(43)) - raft.server.log.statemachine.data.caching.enabled = true (custom)
2019-10-11 17:18:10,827 [pool-419-thread-1] INFO  segmented.SegmentedRaftLogWorker (SegmentedRaftLogWorker.java:lambda$new$0(128)) - 118cdbac-715f-4342-82a9-f07e763fc80a@group-FA2EEE764E07-SegmentedRaftLogWorker: flushIndex: setUnconditionally 0 -> -1
2019-10-11 17:18:10,827 [pool-419-thread-1] INFO  server.RaftServerConfigKeys (ConfUtils.java:logGet(43)) - raft.server.snapshot.auto.trigger.enabled = true (custom)
2019-10-11 17:18:10,827 [pool-419-thread-1] INFO  server.RaftServerConfigKeys (ConfUtils.java:logGet(43)) - raft.server.snapshot.auto.trigger.threshold = 10000 (custom)
2019-10-11 17:18:10,827 [pool-419-thread-1] INFO  server.RaftServerConfigKeys (ConfUtils.java:logGet(43)) - raft.server.snapshot.retention.file.num = 5 (custom)
2019-10-11 17:18:10,828 [pool-419-thread-1] INFO  server.RaftServerConfigKeys (ConfUtils.java:logGet(43)) - raft.server.retrycache.expirytime = 600000ms (custom)
2019-10-11 17:18:10,830 [pool-419-thread-1] INFO  impl.RaftServerImpl (RaftServerImpl.java:start(181)) - 118cdbac-715f-4342-82a9-f07e763fc80a@group-FA2EEE764E07: start as a follower, conf=-1: [118cdbac-715f-4342-82a9-f07e763fc80a:192.168.164.206:37337], old=null
2019-10-11 17:18:10,830 [pool-419-thread-1] INFO  impl.RaftServerImpl (RaftServerImpl.java:setRole(170)) - 118cdbac-715f-4342-82a9-f07e763fc80a@group-FA2EEE764E07: changes role from      null to FOLLOWER at term 0 for startAsFollower
2019-10-11 17:18:10,830 [pool-419-thread-1] INFO  impl.RoleInfo (RoleInfo.java:updateAndGet(143)) - 118cdbac-715f-4342-82a9-f07e763fc80a: start FollowerState
2019-10-11 17:18:10,830 [pool-419-thread-1] INFO  util.JmxRegister (JmxRegister.java:tryRegister(44)) - Successfully registered JMX Bean with object name Ratis:service=RaftServer,group=group-FA2EEE764E07,id=118cdbac-715f-4342-82a9-f07e763fc80a
2019-10-11 17:18:10,834 [RatisPipelineUtilsThread] INFO  pipeline.PipelineStateManager (PipelineStateManager.java:addPipeline(56)) - Created pipeline Pipeline[ Id: 79ffc76c-cbc1-46d6-8cd7-fa2eee764e07, Nodes: 118cdbac-715f-4342-82a9-f07e763fc80a{ip: 192.168.164.206, host: pr-hdds-2181-ktj56-3106680801, networkLocation: /default-rack, certSerialId: null}, Type:RATIS, Factor:ONE, State:OPEN]
2019-10-11 17:18:10,848 [grpc-default-executor-8] INFO  impl.RaftServerProxy (RaftServerProxy.java:addNew(89)) - 5cb6b437-c2e1-454c-b3fa-c3dae831a88d: addNew group-3FD4B0986433:[5cb6b437-c2e1-454c-b3fa-c3dae831a88d:192.168.164.206:34352] returns group-3FD4B0986433:java.util.concurrent.CompletableFuture@1662e975[Not completed]
2019-10-11 17:18:10,849 [pool-429-thread-1] INFO  impl.RaftServerImpl (RaftServerImpl.java:<init>(95)) - 5cb6b437-c2e1-454c-b3fa-c3dae831a88d: new RaftServerImpl for group-3FD4B0986433:[5cb6b437-c2e1-454c-b3fa-c3dae831a88d:192.168.164.206:34352] with ContainerStateMachine:uninitialized
2019-10-11 17:18:10,849 [pool-429-thread-1] INFO  server.RaftServerConfigKeys (ConfUtils.java:logGet(43)) - raft.server.rpc.timeout.min = 5s (custom)
2019-10-11 17:18:10,849 [pool-429-thread-1] INFO  server.RaftServerConfigKeys (ConfUtils.java:logGet(43)) - raft.server.rpc.timeout.max = 5200ms (custom)
2019-10-11 17:18:10,849 [pool-429-thread-1] INFO  server.RaftServerConfigKeys (ConfUtils.java:logGet(43)) - raft.server.rpcslowness.timeout = 120s (custom)
2019-10-11 17:18:10,850 [pool-429-thread-1] INFO  server.RaftServerConfigKeys (ConfUtils.java:logGet(43)) - raft.server.sleep.deviation.threshold = 300 (default)
2019-10-11 17:18:10,850 [pool-429-thread-1] INFO  server.RaftServerConfigKeys (ConfUtils.java:logGet(43)) - raft.server.log.appender.install.snapshot.enabled = false (custom)
2019-10-11 17:18:10,850 [pool-429-thread-1] INFO  impl.RaftServerImpl (ServerState.java:<init>(103)) - 5cb6b437-c2e1-454c-b3fa-c3dae831a88d@group-3FD4B0986433: ConfigurationManager, init=-1: [5cb6b437-c2e1-454c-b3fa-c3dae831a88d:192.168.164.206:34352], old=null, confs=<EMPTY_MAP>
2019-10-11 17:18:10,850 [pool-429-thread-1] INFO  server.RaftServerConfigKeys (ConfUtils.java:logGet(43)) - raft.server.storage.dir = [/workdir/hadoop-ozone/integration-test/target/test-dir/MiniOzoneClusterImpl-b2ca8923-5dad-44ba-bd4a-93447b410621/datanode-2/data/ratis] (custom)
2019-10-11 17:18:10,850 [pool-429-thread-1] INFO  server.RaftServerConfigKeys (ConfUtils.java:logGet(43)) - raft.server.log.corruption.policy = EXCEPTION (default)
2019-10-11 17:18:10,850 [pool-429-thread-1] INFO  storage.RaftStorageDirectory (RaftStorageDirectory.java:analyzeStorage(246)) - The storage directory /workdir/hadoop-ozone/integration-test/target/test-dir/MiniOzoneClusterImpl-b2ca8923-5dad-44ba-bd4a-93447b410621/datanode-2/data/ratis/908e8b86-66da-460c-a4bb-3fd4b0986433 does not exist. Creating ...
2019-10-11 17:18:10,865 [IPC Server handler 4 on 46670] INFO  net.NetworkTopology (NetworkTopologyImpl.java:add(111)) - Added a new node: /default-rack/ffd6ec3f-f769-48ed-b47b-9e3bfbb749de
2019-10-11 17:18:10,865 [IPC Server handler 4 on 46670] INFO  node.SCMNodeManager (SCMNodeManager.java:register(268)) - Registered Data node : ffd6ec3f-f769-48ed-b47b-9e3bfbb749de{ip: 192.168.164.206, host: pr-hdds-2181-ktj56-3106680801, networkLocation: /default-rack, certSerialId: null}
2019-10-11 17:18:10,872 [pool-429-thread-1] INFO  storage.RaftStorageDirectory (RaftStorageDirectory.java:tryLock(328)) - Lock on /workdir/hadoop-ozone/integration-test/target/test-dir/MiniOzoneClusterImpl-b2ca8923-5dad-44ba-bd4a-93447b410621/datanode-2/data/ratis/908e8b86-66da-460c-a4bb-3fd4b0986433/in_use.lock acquired by nodename 12955@pr-hdds-2181-ktj56-3106680801
2019-10-11 17:18:10,898 [pool-429-thread-1] INFO  storage.RaftStorage (RaftStorage.java:format(84)) - Storage directory /workdir/hadoop-ozone/integration-test/target/test-dir/MiniOzoneClusterImpl-b2ca8923-5dad-44ba-bd4a-93447b410621/datanode-2/data/ratis/908e8b86-66da-460c-a4bb-3fd4b0986433 has been successfully formatted.
2019-10-11 17:18:10,898 [pool-429-thread-1] INFO  ratis.ContainerStateMachine (ContainerStateMachine.java:loadSnapshot(231)) - group-3FD4B0986433: The snapshot info is null. Setting the last applied indexto:(t:0, i:~)
2019-10-11 17:18:10,898 [pool-429-thread-1] INFO  server.RaftServerConfigKeys (ConfUtils.java:logGet(43)) - raft.server.notification.no-leader.timeout = 120s (custom)
2019-10-11 17:18:10,898 [pool-429-thread-1] INFO  server.RaftServerConfigKeys (ConfUtils.java:logGet(43)) - raft.server.log.use.memory = false (default)
2019-10-11 17:18:10,898 [pool-429-thread-1] INFO  server.RaftServerConfigKeys (ConfUtils.java:logGet(43)) - raft.server.log.purge.gap = 1000000 (custom)
2019-10-11 17:18:10,898 [pool-429-thread-1] INFO  server.RaftServerConfigKeys (ConfUtils.java:logGet(43)) - raft.server.log.appender.buffer.byte-limit = 33554432 (custom)
2019-10-11 17:18:10,898 [pool-429-thread-1] INFO  server.RaftServerConfigKeys (ConfUtils.java:logGet(43)) - raft.server.log.segment.size.max = 1048576 (custom)
2019-10-11 17:18:10,900 [pool-429-thread-1] INFO  server.RaftServerConfigKeys (ConfUtils.java:logGet(43)) - raft.server.log.segment.cache.num.max = 2 (custom)
2019-10-11 17:18:10,900 [pool-429-thread-1] INFO  segmented.SegmentedRaftLogWorker (SegmentedRaftLogWorker.java:<init>(173)) - new 5cb6b437-c2e1-454c-b3fa-c3dae831a88d@group-3FD4B0986433-SegmentedRaftLogWorker for RaftStorage:Storage Directory /workdir/hadoop-ozone/integration-test/target/test-dir/MiniOzoneClusterImpl-b2ca8923-5dad-44ba-bd4a-93447b410621/datanode-2/data/ratis/908e8b86-66da-460c-a4bb-3fd4b0986433
2019-10-11 17:18:10,900 [pool-429-thread-1] INFO  server.RaftServerConfigKeys (ConfUtils.java:logGet(43)) - raft.server.log.queue.byte-limit = 2147483647 (custom)
2019-10-11 17:18:10,900 [pool-429-thread-1] INFO  server.RaftServerConfigKeys (ConfUtils.java:logGet(43)) - raft.server.log.queue.element-limit = 1024 (custom)
2019-10-11 17:18:10,900 [pool-429-thread-1] INFO  server.RaftServerConfigKeys (ConfUtils.java:logGet(43)) - raft.server.log.segment.size.max = 1048576 (custom)
2019-10-11 17:18:10,900 [pool-429-thread-1] INFO  server.RaftServerConfigKeys (ConfUtils.java:logGet(43)) - raft.server.log.preallocated.size = 16384 (custom)
2019-10-11 17:18:10,900 [pool-429-thread-1] INFO  server.RaftServerConfigKeys (ConfUtils.java:logGet(43)) - raft.server.log.write.buffer.size = 33554432 (custom)
2019-10-11 17:18:10,900 [pool-429-thread-1] INFO  server.RaftServerConfigKeys (ConfUtils.java:logGet(43)) - raft.server.log.force.sync.num = 128 (default)
2019-10-11 17:18:10,901 [pool-429-thread-1] INFO  server.RaftServerConfigKeys (ConfUtils.java:logGet(43)) - raft.server.log.statemachine.data.sync = true (default)
2019-10-11 17:18:10,901 [pool-429-thread-1] INFO  server.RaftServerConfigKeys (ConfUtils.java:logGet(43)) - raft.server.log.statemachine.data.sync.timeout = 10s (default)
2019-10-11 17:18:10,901 [pool-429-thread-1] INFO  server.RaftServerConfigKeys (ConfUtils.java:logGet(43)) - raft.server.log.statemachine.data.sync.timeout.retry = -1 (default)
2019-10-11 17:18:10,901 [pool-429-thread-1] INFO  server.RaftServerConfigKeys (ConfUtils.java:logGet(43)) - raft.server.log.statemachine.data.caching.enabled = true (custom)
2019-10-11 17:18:10,901 [pool-429-thread-1] INFO  segmented.SegmentedRaftLogWorker (SegmentedRaftLogWorker.java:lambda$new$0(128)) - 5cb6b437-c2e1-454c-b3fa-c3dae831a88d@group-3FD4B0986433-SegmentedRaftLogWorker: flushIndex: setUnconditionally 0 -> -1
2019-10-11 17:18:10,902 [pool-429-thread-1] INFO  server.RaftServerConfigKeys (ConfUtils.java:logGet(43)) - raft.server.snapshot.auto.trigger.enabled = true (custom)
2019-10-11 17:18:10,902 [pool-429-thread-1] INFO  server.RaftServerConfigKeys (ConfUtils.java:logGet(43)) - raft.server.snapshot.auto.trigger.threshold = 10000 (custom)
2019-10-11 17:18:10,902 [pool-429-thread-1] INFO  server.RaftServerConfigKeys (ConfUtils.java:logGet(43)) - raft.server.snapshot.retention.file.num = 5 (custom)
2019-10-11 17:18:10,902 [pool-429-thread-1] INFO  server.RaftServerConfigKeys (ConfUtils.java:logGet(43)) - raft.server.retrycache.expirytime = 600000ms (custom)
2019-10-11 17:18:10,903 [pool-429-thread-1] INFO  impl.RaftServerImpl (RaftServerImpl.java:start(181)) - 5cb6b437-c2e1-454c-b3fa-c3dae831a88d@group-3FD4B0986433: start as a follower, conf=-1: [5cb6b437-c2e1-454c-b3fa-c3dae831a88d:192.168.164.206:34352], old=null
2019-10-11 17:18:10,903 [pool-429-thread-1] INFO  impl.RaftServerImpl (RaftServerImpl.java:setRole(170)) - 5cb6b437-c2e1-454c-b3fa-c3dae831a88d@group-3FD4B0986433: changes role from      null to FOLLOWER at term 0 for startAsFollower
2019-10-11 17:18:10,904 [pool-429-thread-1] INFO  impl.RoleInfo (RoleInfo.java:updateAndGet(143)) - 5cb6b437-c2e1-454c-b3fa-c3dae831a88d: start FollowerState
2019-10-11 17:18:10,904 [pool-429-thread-1] INFO  util.JmxRegister (JmxRegister.java:tryRegister(44)) - Successfully registered JMX Bean with object name Ratis:service=RaftServer,group=group-3FD4B0986433,id=5cb6b437-c2e1-454c-b3fa-c3dae831a88d
2019-10-11 17:18:10,908 [RatisPipelineUtilsThread] INFO  pipeline.PipelineStateManager (PipelineStateManager.java:addPipeline(56)) - Created pipeline Pipeline[ Id: 908e8b86-66da-460c-a4bb-3fd4b0986433, Nodes: 5cb6b437-c2e1-454c-b3fa-c3dae831a88d{ip: 192.168.164.206, host: pr-hdds-2181-ktj56-3106680801, networkLocation: /default-rack, certSerialId: null}, Type:RATIS, Factor:ONE, State:OPEN]
2019-10-11 17:18:10,915 [grpc-default-executor-8] INFO  impl.RaftServerProxy (RaftServerProxy.java:addNew(89)) - ffd6ec3f-f769-48ed-b47b-9e3bfbb749de: addNew group-0ECDF70DE905:[ffd6ec3f-f769-48ed-b47b-9e3bfbb749de:192.168.164.206:34604] returns group-0ECDF70DE905:java.util.concurrent.CompletableFuture@4425fa3[Not completed]
2019-10-11 17:18:10,916 [pool-439-thread-1] INFO  impl.RaftServerImpl (RaftServerImpl.java:<init>(95)) - ffd6ec3f-f769-48ed-b47b-9e3bfbb749de: new RaftServerImpl for group-0ECDF70DE905:[ffd6ec3f-f769-48ed-b47b-9e3bfbb749de:192.168.164.206:34604] with ContainerStateMachine:uninitialized
2019-10-11 17:18:10,916 [pool-439-thread-1] INFO  server.RaftServerConfigKeys (ConfUtils.java:logGet(43)) - raft.server.rpc.timeout.min = 5s (custom)
2019-10-11 17:18:10,916 [pool-439-thread-1] INFO  server.RaftServerConfigKeys (ConfUtils.java:logGet(43)) - raft.server.rpc.timeout.max = 5200ms (custom)
2019-10-11 17:18:10,916 [pool-439-thread-1] INFO  server.RaftServerConfigKeys (ConfUtils.java:logGet(43)) - raft.server.rpcslowness.timeout = 120s (custom)
2019-10-11 17:18:10,916 [pool-439-thread-1] INFO  server.RaftServerConfigKeys (ConfUtils.java:logGet(43)) - raft.server.sleep.deviation.threshold = 300 (default)
2019-10-11 17:18:10,917 [pool-439-thread-1] INFO  server.RaftServerConfigKeys (ConfUtils.java:logGet(43)) - raft.server.log.appender.install.snapshot.enabled = false (custom)
2019-10-11 17:18:10,917 [pool-439-thread-1] INFO  impl.RaftServerImpl (ServerState.java:<init>(103)) - ffd6ec3f-f769-48ed-b47b-9e3bfbb749de@group-0ECDF70DE905: ConfigurationManager, init=-1: [ffd6ec3f-f769-48ed-b47b-9e3bfbb749de:192.168.164.206:34604], old=null, confs=<EMPTY_MAP>
2019-10-11 17:18:10,917 [pool-439-thread-1] INFO  server.RaftServerConfigKeys (ConfUtils.java:logGet(43)) - raft.server.storage.dir = [/workdir/hadoop-ozone/integration-test/target/test-dir/MiniOzoneClusterImpl-b2ca8923-5dad-44ba-bd4a-93447b410621/datanode-3/data/ratis] (custom)
2019-10-11 17:18:10,917 [pool-439-thread-1] INFO  server.RaftServerConfigKeys (ConfUtils.java:logGet(43)) - raft.server.log.corruption.policy = EXCEPTION (default)
2019-10-11 17:18:10,917 [pool-439-thread-1] INFO  storage.RaftStorageDirectory (RaftStorageDirectory.java:analyzeStorage(246)) - The storage directory /workdir/hadoop-ozone/integration-test/target/test-dir/MiniOzoneClusterImpl-b2ca8923-5dad-44ba-bd4a-93447b410621/datanode-3/data/ratis/e6420930-aac0-4c29-8faa-0ecdf70de905 does not exist. Creating ...
2019-10-11 17:18:10,928 [IPC Server handler 5 on 46670] INFO  net.NetworkTopology (NetworkTopologyImpl.java:add(111)) - Added a new node: /default-rack/3919957f-5492-4e2e-9554-c3e87ed23817
2019-10-11 17:18:10,928 [IPC Server handler 5 on 46670] INFO  node.SCMNodeManager (SCMNodeManager.java:register(268)) - Registered Data node : 3919957f-5492-4e2e-9554-c3e87ed23817{ip: 192.168.164.206, host: pr-hdds-2181-ktj56-3106680801, networkLocation: /default-rack, certSerialId: null}
2019-10-11 17:18:10,940 [pool-439-thread-1] INFO  storage.RaftStorageDirectory (RaftStorageDirectory.java:tryLock(328)) - Lock on /workdir/hadoop-ozone/integration-test/target/test-dir/MiniOzoneClusterImpl-b2ca8923-5dad-44ba-bd4a-93447b410621/datanode-3/data/ratis/e6420930-aac0-4c29-8faa-0ecdf70de905/in_use.lock acquired by nodename 12955@pr-hdds-2181-ktj56-3106680801
2019-10-11 17:18:10,965 [pool-439-thread-1] INFO  storage.RaftStorage (RaftStorage.java:format(84)) - Storage directory /workdir/hadoop-ozone/integration-test/target/test-dir/MiniOzoneClusterImpl-b2ca8923-5dad-44ba-bd4a-93447b410621/datanode-3/data/ratis/e6420930-aac0-4c29-8faa-0ecdf70de905 has been successfully formatted.
2019-10-11 17:18:10,965 [pool-439-thread-1] INFO  ratis.ContainerStateMachine (ContainerStateMachine.java:loadSnapshot(231)) - group-0ECDF70DE905: The snapshot info is null. Setting the last applied indexto:(t:0, i:~)
2019-10-11 17:18:10,966 [pool-439-thread-1] INFO  server.RaftServerConfigKeys (ConfUtils.java:logGet(43)) - raft.server.notification.no-leader.timeout = 120s (custom)
2019-10-11 17:18:10,966 [pool-439-thread-1] INFO  server.RaftServerConfigKeys (ConfUtils.java:logGet(43)) - raft.server.log.use.memory = false (default)
2019-10-11 17:18:10,966 [pool-439-thread-1] INFO  server.RaftServerConfigKeys (ConfUtils.java:logGet(43)) - raft.server.log.purge.gap = 1000000 (custom)
2019-10-11 17:18:10,966 [pool-439-thread-1] INFO  server.RaftServerConfigKeys (ConfUtils.java:logGet(43)) - raft.server.log.appender.buffer.byte-limit = 33554432 (custom)
2019-10-11 17:18:10,966 [pool-439-thread-1] INFO  server.RaftServerConfigKeys (ConfUtils.java:logGet(43)) - raft.server.log.segment.size.max = 1048576 (custom)
2019-10-11 17:18:10,968 [pool-439-thread-1] INFO  server.RaftServerConfigKeys (ConfUtils.java:logGet(43)) - raft.server.log.segment.cache.num.max = 2 (custom)
2019-10-11 17:18:10,968 [pool-439-thread-1] INFO  segmented.SegmentedRaftLogWorker (SegmentedRaftLogWorker.java:<init>(173)) - new ffd6ec3f-f769-48ed-b47b-9e3bfbb749de@group-0ECDF70DE905-SegmentedRaftLogWorker for RaftStorage:Storage Directory /workdir/hadoop-ozone/integration-test/target/test-dir/MiniOzoneClusterImpl-b2ca8923-5dad-44ba-bd4a-93447b410621/datanode-3/data/ratis/e6420930-aac0-4c29-8faa-0ecdf70de905
2019-10-11 17:18:10,968 [pool-439-thread-1] INFO  server.RaftServerConfigKeys (ConfUtils.java:logGet(43)) - raft.server.log.queue.byte-limit = 2147483647 (custom)
2019-10-11 17:18:10,969 [pool-439-thread-1] INFO  server.RaftServerConfigKeys (ConfUtils.java:logGet(43)) - raft.server.log.queue.element-limit = 1024 (custom)
2019-10-11 17:18:10,969 [pool-439-thread-1] INFO  server.RaftServerConfigKeys (ConfUtils.java:logGet(43)) - raft.server.log.segment.size.max = 1048576 (custom)
2019-10-11 17:18:10,969 [pool-439-thread-1] INFO  server.RaftServerConfigKeys (ConfUtils.java:logGet(43)) - raft.server.log.preallocated.size = 16384 (custom)
2019-10-11 17:18:10,969 [pool-439-thread-1] INFO  server.RaftServerConfigKeys (ConfUtils.java:logGet(43)) - raft.server.log.write.buffer.size = 33554432 (custom)
2019-10-11 17:18:10,969 [pool-439-thread-1] INFO  server.RaftServerConfigKeys (ConfUtils.java:logGet(43)) - raft.server.log.force.sync.num = 128 (default)
2019-10-11 17:18:10,969 [pool-439-thread-1] INFO  server.RaftServerConfigKeys (ConfUtils.java:logGet(43)) - raft.server.log.statemachine.data.sync = true (default)
2019-10-11 17:18:10,970 [pool-439-thread-1] INFO  server.RaftServerConfigKeys (ConfUtils.java:logGet(43)) - raft.server.log.statemachine.data.sync.timeout = 10s (default)
2019-10-11 17:18:10,970 [pool-439-thread-1] INFO  server.RaftServerConfigKeys (ConfUtils.java:logGet(43)) - raft.server.log.statemachine.data.sync.timeout.retry = -1 (default)
2019-10-11 17:18:10,970 [pool-439-thread-1] INFO  server.RaftServerConfigKeys (ConfUtils.java:logGet(43)) - raft.server.log.statemachine.data.caching.enabled = true (custom)
2019-10-11 17:18:10,971 [pool-439-thread-1] INFO  segmented.SegmentedRaftLogWorker (SegmentedRaftLogWorker.java:lambda$new$0(128)) - ffd6ec3f-f769-48ed-b47b-9e3bfbb749de@group-0ECDF70DE905-SegmentedRaftLogWorker: flushIndex: setUnconditionally 0 -> -1
2019-10-11 17:18:10,971 [pool-439-thread-1] INFO  server.RaftServerConfigKeys (ConfUtils.java:logGet(43)) - raft.server.snapshot.auto.trigger.enabled = true (custom)
2019-10-11 17:18:10,971 [pool-439-thread-1] INFO  server.RaftServerConfigKeys (ConfUtils.java:logGet(43)) - raft.server.snapshot.auto.trigger.threshold = 10000 (custom)
2019-10-11 17:18:10,971 [pool-439-thread-1] INFO  server.RaftServerConfigKeys (ConfUtils.java:logGet(43)) - raft.server.snapshot.retention.file.num = 5 (custom)
2019-10-11 17:18:10,972 [pool-439-thread-1] INFO  server.RaftServerConfigKeys (ConfUtils.java:logGet(43)) - raft.server.retrycache.expirytime = 600000ms (custom)
2019-10-11 17:18:10,973 [pool-439-thread-1] INFO  impl.RaftServerImpl (RaftServerImpl.java:start(181)) - ffd6ec3f-f769-48ed-b47b-9e3bfbb749de@group-0ECDF70DE905: start as a follower, conf=-1: [ffd6ec3f-f769-48ed-b47b-9e3bfbb749de:192.168.164.206:34604], old=null
2019-10-11 17:18:10,973 [pool-439-thread-1] INFO  impl.RaftServerImpl (RaftServerImpl.java:setRole(170)) - ffd6ec3f-f769-48ed-b47b-9e3bfbb749de@group-0ECDF70DE905: changes role from      null to FOLLOWER at term 0 for startAsFollower
2019-10-11 17:18:10,974 [pool-439-thread-1] INFO  impl.RoleInfo (RoleInfo.java:updateAndGet(143)) - ffd6ec3f-f769-48ed-b47b-9e3bfbb749de: start FollowerState
2019-10-11 17:18:10,999 [pool-439-thread-1] INFO  util.JmxRegister (JmxRegister.java:tryRegister(44)) - Successfully registered JMX Bean with object name Ratis:service=RaftServer,group=group-0ECDF70DE905,id=ffd6ec3f-f769-48ed-b47b-9e3bfbb749de
2019-10-11 17:18:11,012 [RatisPipelineUtilsThread] INFO  pipeline.PipelineStateManager (PipelineStateManager.java:addPipeline(56)) - Created pipeline Pipeline[ Id: e6420930-aac0-4c29-8faa-0ecdf70de905, Nodes: ffd6ec3f-f769-48ed-b47b-9e3bfbb749de{ip: 192.168.164.206, host: pr-hdds-2181-ktj56-3106680801, networkLocation: /default-rack, certSerialId: null}, Type:RATIS, Factor:ONE, State:OPEN]
2019-10-11 17:18:11,022 [IPC Server handler 7 on 46670] INFO  net.NetworkTopology (NetworkTopologyImpl.java:add(111)) - Added a new node: /default-rack/5e4a16ac-6e7c-4322-b3ce-dc4822ac959d
2019-10-11 17:18:11,023 [IPC Server handler 7 on 46670] INFO  node.SCMNodeManager (SCMNodeManager.java:register(268)) - Registered Data node : 5e4a16ac-6e7c-4322-b3ce-dc4822ac959d{ip: 192.168.164.206, host: pr-hdds-2181-ktj56-3106680801, networkLocation: /default-rack, certSerialId: null}
2019-10-11 17:18:11,029 [grpc-default-executor-8] INFO  impl.RaftServerProxy (RaftServerProxy.java:addNew(89)) - 3919957f-5492-4e2e-9554-c3e87ed23817: addNew group-9AC3E8F2423D:[3919957f-5492-4e2e-9554-c3e87ed23817:192.168.164.206:46678] returns group-9AC3E8F2423D:java.util.concurrent.CompletableFuture@3e15e754[Not completed]
2019-10-11 17:18:11,030 [pool-449-thread-1] INFO  impl.RaftServerImpl (RaftServerImpl.java:<init>(95)) - 3919957f-5492-4e2e-9554-c3e87ed23817: new RaftServerImpl for group-9AC3E8F2423D:[3919957f-5492-4e2e-9554-c3e87ed23817:192.168.164.206:46678] with ContainerStateMachine:uninitialized
2019-10-11 17:18:11,030 [pool-449-thread-1] INFO  server.RaftServerConfigKeys (ConfUtils.java:logGet(43)) - raft.server.rpc.timeout.min = 5s (custom)
2019-10-11 17:18:11,030 [pool-449-thread-1] INFO  server.RaftServerConfigKeys (ConfUtils.java:logGet(43)) - raft.server.rpc.timeout.max = 5200ms (custom)
2019-10-11 17:18:11,030 [pool-449-thread-1] INFO  server.RaftServerConfigKeys (ConfUtils.java:logGet(43)) - raft.server.rpcslowness.timeout = 120s (custom)
2019-10-11 17:18:11,030 [pool-449-thread-1] INFO  server.RaftServerConfigKeys (ConfUtils.java:logGet(43)) - raft.server.sleep.deviation.threshold = 300 (default)
2019-10-11 17:18:11,030 [pool-449-thread-1] INFO  server.RaftServerConfigKeys (ConfUtils.java:logGet(43)) - raft.server.log.appender.install.snapshot.enabled = false (custom)
2019-10-11 17:18:11,031 [pool-449-thread-1] INFO  impl.RaftServerImpl (ServerState.java:<init>(103)) - 3919957f-5492-4e2e-9554-c3e87ed23817@group-9AC3E8F2423D: ConfigurationManager, init=-1: [3919957f-5492-4e2e-9554-c3e87ed23817:192.168.164.206:46678], old=null, confs=<EMPTY_MAP>
2019-10-11 17:18:11,031 [pool-449-thread-1] INFO  server.RaftServerConfigKeys (ConfUtils.java:logGet(43)) - raft.server.storage.dir = [/workdir/hadoop-ozone/integration-test/target/test-dir/MiniOzoneClusterImpl-b2ca8923-5dad-44ba-bd4a-93447b410621/datanode-4/data/ratis] (custom)
2019-10-11 17:18:11,031 [pool-449-thread-1] INFO  server.RaftServerConfigKeys (ConfUtils.java:logGet(43)) - raft.server.log.corruption.policy = EXCEPTION (default)
2019-10-11 17:18:11,031 [pool-449-thread-1] INFO  storage.RaftStorageDirectory (RaftStorageDirectory.java:analyzeStorage(246)) - The storage directory /workdir/hadoop-ozone/integration-test/target/test-dir/MiniOzoneClusterImpl-b2ca8923-5dad-44ba-bd4a-93447b410621/datanode-4/data/ratis/40cf1e5e-cfeb-41ba-b307-9ac3e8f2423d does not exist. Creating ...
2019-10-11 17:18:11,057 [pool-449-thread-1] INFO  storage.RaftStorageDirectory (RaftStorageDirectory.java:tryLock(328)) - Lock on /workdir/hadoop-ozone/integration-test/target/test-dir/MiniOzoneClusterImpl-b2ca8923-5dad-44ba-bd4a-93447b410621/datanode-4/data/ratis/40cf1e5e-cfeb-41ba-b307-9ac3e8f2423d/in_use.lock acquired by nodename 12955@pr-hdds-2181-ktj56-3106680801
2019-10-11 17:18:11,082 [pool-449-thread-1] INFO  storage.RaftStorage (RaftStorage.java:format(84)) - Storage directory /workdir/hadoop-ozone/integration-test/target/test-dir/MiniOzoneClusterImpl-b2ca8923-5dad-44ba-bd4a-93447b410621/datanode-4/data/ratis/40cf1e5e-cfeb-41ba-b307-9ac3e8f2423d has been successfully formatted.
2019-10-11 17:18:11,083 [pool-449-thread-1] INFO  ratis.ContainerStateMachine (ContainerStateMachine.java:loadSnapshot(231)) - group-9AC3E8F2423D: The snapshot info is null. Setting the last applied indexto:(t:0, i:~)
2019-10-11 17:18:11,083 [pool-449-thread-1] INFO  server.RaftServerConfigKeys (ConfUtils.java:logGet(43)) - raft.server.notification.no-leader.timeout = 120s (custom)
2019-10-11 17:18:11,083 [pool-449-thread-1] INFO  server.RaftServerConfigKeys (ConfUtils.java:logGet(43)) - raft.server.log.use.memory = false (default)
2019-10-11 17:18:11,083 [pool-449-thread-1] INFO  server.RaftServerConfigKeys (ConfUtils.java:logGet(43)) - raft.server.log.purge.gap = 1000000 (custom)
2019-10-11 17:18:11,083 [pool-449-thread-1] INFO  server.RaftServerConfigKeys (ConfUtils.java:logGet(43)) - raft.server.log.appender.buffer.byte-limit = 33554432 (custom)
2019-10-11 17:18:11,083 [pool-449-thread-1] INFO  server.RaftServerConfigKeys (ConfUtils.java:logGet(43)) - raft.server.log.segment.size.max = 1048576 (custom)
2019-10-11 17:18:11,085 [pool-449-thread-1] INFO  server.RaftServerConfigKeys (ConfUtils.java:logGet(43)) - raft.server.log.segment.cache.num.max = 2 (custom)
2019-10-11 17:18:11,085 [pool-449-thread-1] INFO  segmented.SegmentedRaftLogWorker (SegmentedRaftLogWorker.java:<init>(173)) - new 3919957f-5492-4e2e-9554-c3e87ed23817@group-9AC3E8F2423D-SegmentedRaftLogWorker for RaftStorage:Storage Directory /workdir/hadoop-ozone/integration-test/target/test-dir/MiniOzoneClusterImpl-b2ca8923-5dad-44ba-bd4a-93447b410621/datanode-4/data/ratis/40cf1e5e-cfeb-41ba-b307-9ac3e8f2423d
2019-10-11 17:18:11,085 [pool-449-thread-1] INFO  server.RaftServerConfigKeys (ConfUtils.java:logGet(43)) - raft.server.log.queue.byte-limit = 2147483647 (custom)
2019-10-11 17:18:11,085 [pool-449-thread-1] INFO  server.RaftServerConfigKeys (ConfUtils.java:logGet(43)) - raft.server.log.queue.element-limit = 1024 (custom)
2019-10-11 17:18:11,086 [pool-449-thread-1] INFO  server.RaftServerConfigKeys (ConfUtils.java:logGet(43)) - raft.server.log.segment.size.max = 1048576 (custom)
2019-10-11 17:18:11,086 [pool-449-thread-1] INFO  server.RaftServerConfigKeys (ConfUtils.java:logGet(43)) - raft.server.log.preallocated.size = 16384 (custom)
2019-10-11 17:18:11,086 [pool-449-thread-1] INFO  server.RaftServerConfigKeys (ConfUtils.java:logGet(43)) - raft.server.log.write.buffer.size = 33554432 (custom)
2019-10-11 17:18:11,086 [pool-449-thread-1] INFO  server.RaftServerConfigKeys (ConfUtils.java:logGet(43)) - raft.server.log.force.sync.num = 128 (default)
2019-10-11 17:18:11,086 [pool-449-thread-1] INFO  server.RaftServerConfigKeys (ConfUtils.java:logGet(43)) - raft.server.log.statemachine.data.sync = true (default)
2019-10-11 17:18:11,086 [pool-449-thread-1] INFO  server.RaftServerConfigKeys (ConfUtils.java:logGet(43)) - raft.server.log.statemachine.data.sync.timeout = 10s (default)
2019-10-11 17:18:11,086 [pool-449-thread-1] INFO  server.RaftServerConfigKeys (ConfUtils.java:logGet(43)) - raft.server.log.statemachine.data.sync.timeout.retry = -1 (default)
2019-10-11 17:18:11,087 [pool-449-thread-1] INFO  server.RaftServerConfigKeys (ConfUtils.java:logGet(43)) - raft.server.log.statemachine.data.caching.enabled = true (custom)
2019-10-11 17:18:11,087 [pool-449-thread-1] INFO  segmented.SegmentedRaftLogWorker (SegmentedRaftLogWorker.java:lambda$new$0(128)) - 3919957f-5492-4e2e-9554-c3e87ed23817@group-9AC3E8F2423D-SegmentedRaftLogWorker: flushIndex: setUnconditionally 0 -> -1
2019-10-11 17:18:11,087 [pool-449-thread-1] INFO  server.RaftServerConfigKeys (ConfUtils.java:logGet(43)) - raft.server.snapshot.auto.trigger.enabled = true (custom)
2019-10-11 17:18:11,087 [pool-449-thread-1] INFO  server.RaftServerConfigKeys (ConfUtils.java:logGet(43)) - raft.server.snapshot.auto.trigger.threshold = 10000 (custom)
2019-10-11 17:18:11,088 [pool-449-thread-1] INFO  server.RaftServerConfigKeys (ConfUtils.java:logGet(43)) - raft.server.snapshot.retention.file.num = 5 (custom)
2019-10-11 17:18:11,088 [pool-449-thread-1] INFO  server.RaftServerConfigKeys (ConfUtils.java:logGet(43)) - raft.server.retrycache.expirytime = 600000ms (custom)
2019-10-11 17:18:11,089 [pool-449-thread-1] INFO  impl.RaftServerImpl (RaftServerImpl.java:start(181)) - 3919957f-5492-4e2e-9554-c3e87ed23817@group-9AC3E8F2423D: start as a follower, conf=-1: [3919957f-5492-4e2e-9554-c3e87ed23817:192.168.164.206:46678], old=null
2019-10-11 17:18:11,089 [pool-449-thread-1] INFO  impl.RaftServerImpl (RaftServerImpl.java:setRole(170)) - 3919957f-5492-4e2e-9554-c3e87ed23817@group-9AC3E8F2423D: changes role from      null to FOLLOWER at term 0 for startAsFollower
2019-10-11 17:18:11,089 [pool-449-thread-1] INFO  impl.RoleInfo (RoleInfo.java:updateAndGet(143)) - 3919957f-5492-4e2e-9554-c3e87ed23817: start FollowerState
2019-10-11 17:18:11,090 [pool-449-thread-1] INFO  util.JmxRegister (JmxRegister.java:tryRegister(44)) - Successfully registered JMX Bean with object name Ratis:service=RaftServer,group=group-9AC3E8F2423D,id=3919957f-5492-4e2e-9554-c3e87ed23817
2019-10-11 17:18:11,094 [RatisPipelineUtilsThread] INFO  pipeline.PipelineStateManager (PipelineStateManager.java:addPipeline(56)) - Created pipeline Pipeline[ Id: 40cf1e5e-cfeb-41ba-b307-9ac3e8f2423d, Nodes: 3919957f-5492-4e2e-9554-c3e87ed23817{ip: 192.168.164.206, host: pr-hdds-2181-ktj56-3106680801, networkLocation: /default-rack, certSerialId: null}, Type:RATIS, Factor:ONE, State:OPEN]
2019-10-11 17:18:11,105 [grpc-default-executor-8] INFO  impl.RaftServerProxy (RaftServerProxy.java:addNew(89)) - 5e4a16ac-6e7c-4322-b3ce-dc4822ac959d: addNew group-DEA813E49D95:[5e4a16ac-6e7c-4322-b3ce-dc4822ac959d:192.168.164.206:34114] returns group-DEA813E49D95:java.util.concurrent.CompletableFuture@1eaa1dbe[Not completed]
2019-10-11 17:18:11,106 [pool-459-thread-1] INFO  impl.RaftServerImpl (RaftServerImpl.java:<init>(95)) - 5e4a16ac-6e7c-4322-b3ce-dc4822ac959d: new RaftServerImpl for group-DEA813E49D95:[5e4a16ac-6e7c-4322-b3ce-dc4822ac959d:192.168.164.206:34114] with ContainerStateMachine:uninitialized
2019-10-11 17:18:11,106 [pool-459-thread-1] INFO  server.RaftServerConfigKeys (ConfUtils.java:logGet(43)) - raft.server.rpc.timeout.min = 5s (custom)
2019-10-11 17:18:11,106 [pool-459-thread-1] INFO  server.RaftServerConfigKeys (ConfUtils.java:logGet(43)) - raft.server.rpc.timeout.max = 5200ms (custom)
2019-10-11 17:18:11,107 [pool-459-thread-1] INFO  server.RaftServerConfigKeys (ConfUtils.java:logGet(43)) - raft.server.rpcslowness.timeout = 120s (custom)
2019-10-11 17:18:11,107 [pool-459-thread-1] INFO  server.RaftServerConfigKeys (ConfUtils.java:logGet(43)) - raft.server.sleep.deviation.threshold = 300 (default)
2019-10-11 17:18:11,107 [pool-459-thread-1] INFO  server.RaftServerConfigKeys (ConfUtils.java:logGet(43)) - raft.server.log.appender.install.snapshot.enabled = false (custom)
2019-10-11 17:18:11,107 [pool-459-thread-1] INFO  impl.RaftServerImpl (ServerState.java:<init>(103)) - 5e4a16ac-6e7c-4322-b3ce-dc4822ac959d@group-DEA813E49D95: ConfigurationManager, init=-1: [5e4a16ac-6e7c-4322-b3ce-dc4822ac959d:192.168.164.206:34114], old=null, confs=<EMPTY_MAP>
2019-10-11 17:18:11,107 [pool-459-thread-1] INFO  server.RaftServerConfigKeys (ConfUtils.java:logGet(43)) - raft.server.storage.dir = [/workdir/hadoop-ozone/integration-test/target/test-dir/MiniOzoneClusterImpl-b2ca8923-5dad-44ba-bd4a-93447b410621/datanode-5/data/ratis] (custom)
2019-10-11 17:18:11,107 [pool-459-thread-1] INFO  server.RaftServerConfigKeys (ConfUtils.java:logGet(43)) - raft.server.log.corruption.policy = EXCEPTION (default)
2019-10-11 17:18:11,107 [pool-459-thread-1] INFO  storage.RaftStorageDirectory (RaftStorageDirectory.java:analyzeStorage(246)) - The storage directory /workdir/hadoop-ozone/integration-test/target/test-dir/MiniOzoneClusterImpl-b2ca8923-5dad-44ba-bd4a-93447b410621/datanode-5/data/ratis/04e925b5-d0d8-4495-b2ff-dea813e49d95 does not exist. Creating ...
2019-10-11 17:18:11,121 [IPC Server handler 6 on 46670] INFO  net.NetworkTopology (NetworkTopologyImpl.java:add(111)) - Added a new node: /default-rack/1881e1b1-a416-4676-83ce-8113df23a0f6
2019-10-11 17:18:11,121 [IPC Server handler 6 on 46670] INFO  node.SCMNodeManager (SCMNodeManager.java:register(268)) - Registered Data node : 1881e1b1-a416-4676-83ce-8113df23a0f6{ip: 192.168.164.206, host: pr-hdds-2181-ktj56-3106680801, networkLocation: /default-rack, certSerialId: null}
2019-10-11 17:18:11,121 [main] INFO  ozone.MiniOzoneClusterImpl (MiniOzoneClusterImpl.java:lambda$waitForClusterToBeReady$0(147)) - Cluster is ready. Got 7 of 7 DN Heartbeats.
2019-10-11 17:18:11,133 [pool-459-thread-1] INFO  storage.RaftStorageDirectory (RaftStorageDirectory.java:tryLock(328)) - Lock on /workdir/hadoop-ozone/integration-test/target/test-dir/MiniOzoneClusterImpl-b2ca8923-5dad-44ba-bd4a-93447b410621/datanode-5/data/ratis/04e925b5-d0d8-4495-b2ff-dea813e49d95/in_use.lock acquired by nodename 12955@pr-hdds-2181-ktj56-3106680801
2019-10-11 17:18:11,158 [pool-459-thread-1] INFO  storage.RaftStorage (RaftStorage.java:format(84)) - Storage directory /workdir/hadoop-ozone/integration-test/target/test-dir/MiniOzoneClusterImpl-b2ca8923-5dad-44ba-bd4a-93447b410621/datanode-5/data/ratis/04e925b5-d0d8-4495-b2ff-dea813e49d95 has been successfully formatted.
2019-10-11 17:18:11,158 [pool-459-thread-1] INFO  ratis.ContainerStateMachine (ContainerStateMachine.java:loadSnapshot(231)) - group-DEA813E49D95: The snapshot info is null. Setting the last applied indexto:(t:0, i:~)
2019-10-11 17:18:11,158 [pool-459-thread-1] INFO  server.RaftServerConfigKeys (ConfUtils.java:logGet(43)) - raft.server.notification.no-leader.timeout = 120s (custom)
2019-10-11 17:18:11,158 [pool-459-thread-1] INFO  server.RaftServerConfigKeys (ConfUtils.java:logGet(43)) - raft.server.log.use.memory = false (default)
2019-10-11 17:18:11,161 [pool-459-thread-1] INFO  server.RaftServerConfigKeys (ConfUtils.java:logGet(43)) - raft.server.log.purge.gap = 1000000 (custom)
2019-10-11 17:18:11,161 [pool-459-thread-1] INFO  server.RaftServerConfigKeys (ConfUtils.java:logGet(43)) - raft.server.log.appender.buffer.byte-limit = 33554432 (custom)
2019-10-11 17:18:11,161 [pool-459-thread-1] INFO  server.RaftServerConfigKeys (ConfUtils.java:logGet(43)) - raft.server.log.segment.size.max = 1048576 (custom)
2019-10-11 17:18:11,162 [pool-459-thread-1] INFO  server.RaftServerConfigKeys (ConfUtils.java:logGet(43)) - raft.server.log.segment.cache.num.max = 2 (custom)
2019-10-11 17:18:11,162 [pool-459-thread-1] INFO  segmented.SegmentedRaftLogWorker (SegmentedRaftLogWorker.java:<init>(173)) - new 5e4a16ac-6e7c-4322-b3ce-dc4822ac959d@group-DEA813E49D95-SegmentedRaftLogWorker for RaftStorage:Storage Directory /workdir/hadoop-ozone/integration-test/target/test-dir/MiniOzoneClusterImpl-b2ca8923-5dad-44ba-bd4a-93447b410621/datanode-5/data/ratis/04e925b5-d0d8-4495-b2ff-dea813e49d95
2019-10-11 17:18:11,162 [pool-459-thread-1] INFO  server.RaftServerConfigKeys (ConfUtils.java:logGet(43)) - raft.server.log.queue.byte-limit = 2147483647 (custom)
2019-10-11 17:18:11,162 [pool-459-thread-1] INFO  server.RaftServerConfigKeys (ConfUtils.java:logGet(43)) - raft.server.log.queue.element-limit = 1024 (custom)
2019-10-11 17:18:11,162 [pool-459-thread-1] INFO  server.RaftServerConfigKeys (ConfUtils.java:logGet(43)) - raft.server.log.segment.size.max = 1048576 (custom)
2019-10-11 17:18:11,163 [pool-459-thread-1] INFO  server.RaftServerConfigKeys (ConfUtils.java:logGet(43)) - raft.server.log.preallocated.size = 16384 (custom)
2019-10-11 17:18:11,163 [pool-459-thread-1] INFO  server.RaftServerConfigKeys (ConfUtils.java:logGet(43)) - raft.server.log.write.buffer.size = 33554432 (custom)
2019-10-11 17:18:11,163 [pool-459-thread-1] INFO  server.RaftServerConfigKeys (ConfUtils.java:logGet(43)) - raft.server.log.force.sync.num = 128 (default)
2019-10-11 17:18:11,163 [pool-459-thread-1] INFO  server.RaftServerConfigKeys (ConfUtils.java:logGet(43)) - raft.server.log.statemachine.data.sync = true (default)
2019-10-11 17:18:11,163 [pool-459-thread-1] INFO  server.RaftServerConfigKeys (ConfUtils.java:logGet(43)) - raft.server.log.statemachine.data.sync.timeout = 10s (default)
2019-10-11 17:18:11,163 [pool-459-thread-1] INFO  server.RaftServerConfigKeys (ConfUtils.java:logGet(43)) - raft.server.log.statemachine.data.sync.timeout.retry = -1 (default)
2019-10-11 17:18:11,163 [main] INFO  rpc.RpcClient (RpcClient.java:createVolume(272)) - Creating Volume: testblockoutputstream, with jenkins1000 as owner.
2019-10-11 17:18:11,163 [pool-459-thread-1] INFO  server.RaftServerConfigKeys (ConfUtils.java:logGet(43)) - raft.server.log.statemachine.data.caching.enabled = true (custom)
2019-10-11 17:18:11,164 [pool-459-thread-1] INFO  segmented.SegmentedRaftLogWorker (SegmentedRaftLogWorker.java:lambda$new$0(128)) - 5e4a16ac-6e7c-4322-b3ce-dc4822ac959d@group-DEA813E49D95-SegmentedRaftLogWorker: flushIndex: setUnconditionally 0 -> -1
2019-10-11 17:18:11,164 [pool-459-thread-1] INFO  server.RaftServerConfigKeys (ConfUtils.java:logGet(43)) - raft.server.snapshot.auto.trigger.enabled = true (custom)
2019-10-11 17:18:11,164 [pool-459-thread-1] INFO  server.RaftServerConfigKeys (ConfUtils.java:logGet(43)) - raft.server.snapshot.auto.trigger.threshold = 10000 (custom)
2019-10-11 17:18:11,164 [pool-459-thread-1] INFO  server.RaftServerConfigKeys (ConfUtils.java:logGet(43)) - raft.server.snapshot.retention.file.num = 5 (custom)
2019-10-11 17:18:11,164 [pool-459-thread-1] INFO  server.RaftServerConfigKeys (ConfUtils.java:logGet(43)) - raft.server.retrycache.expirytime = 600000ms (custom)
2019-10-11 17:18:11,165 [pool-459-thread-1] INFO  impl.RaftServerImpl (RaftServerImpl.java:start(181)) - 5e4a16ac-6e7c-4322-b3ce-dc4822ac959d@group-DEA813E49D95: start as a follower, conf=-1: [5e4a16ac-6e7c-4322-b3ce-dc4822ac959d:192.168.164.206:34114], old=null
2019-10-11 17:18:11,165 [pool-459-thread-1] INFO  impl.RaftServerImpl (RaftServerImpl.java:setRole(170)) - 5e4a16ac-6e7c-4322-b3ce-dc4822ac959d@group-DEA813E49D95: changes role from      null to FOLLOWER at term 0 for startAsFollower
2019-10-11 17:18:11,166 [pool-459-thread-1] INFO  impl.RoleInfo (RoleInfo.java:updateAndGet(143)) - 5e4a16ac-6e7c-4322-b3ce-dc4822ac959d: start FollowerState
2019-10-11 17:18:11,166 [pool-459-thread-1] INFO  util.JmxRegister (JmxRegister.java:tryRegister(44)) - Successfully registered JMX Bean with object name Ratis:service=RaftServer,group=group-DEA813E49D95,id=5e4a16ac-6e7c-4322-b3ce-dc4822ac959d
2019-10-11 17:18:11,168 [IPC Server handler 1 on 41131] INFO  volume.OMVolumeCreateRequest (OMVolumeCreateRequest.java:validateAndUpdateCache(193)) - created volume:testblockoutputstream for user:jenkins1000
2019-10-11 17:18:11,169 [RatisPipelineUtilsThread] INFO  pipeline.PipelineStateManager (PipelineStateManager.java:addPipeline(56)) - Created pipeline Pipeline[ Id: 04e925b5-d0d8-4495-b2ff-dea813e49d95, Nodes: 5e4a16ac-6e7c-4322-b3ce-dc4822ac959d{ip: 192.168.164.206, host: pr-hdds-2181-ktj56-3106680801, networkLocation: /default-rack, certSerialId: null}, Type:RATIS, Factor:ONE, State:OPEN]
2019-10-11 17:18:11,182 [main] INFO  rpc.RpcClient (RpcClient.java:createBucket(411)) - Creating Bucket: testblockoutputstream/testblockoutputstream, with Versioning false and Storage Type set to DISK and Encryption set to false 
2019-10-11 17:18:11,185 [grpc-default-executor-8] INFO  impl.RaftServerProxy (RaftServerProxy.java:addNew(89)) - 1881e1b1-a416-4676-83ce-8113df23a0f6: addNew group-0EB283E0D32F:[1881e1b1-a416-4676-83ce-8113df23a0f6:192.168.164.206:33411] returns group-0EB283E0D32F:java.util.concurrent.CompletableFuture@6b301f89[Not completed]
2019-10-11 17:18:11,188 [pool-469-thread-1] INFO  impl.RaftServerImpl (RaftServerImpl.java:<init>(95)) - 1881e1b1-a416-4676-83ce-8113df23a0f6: new RaftServerImpl for group-0EB283E0D32F:[1881e1b1-a416-4676-83ce-8113df23a0f6:192.168.164.206:33411] with ContainerStateMachine:uninitialized
2019-10-11 17:18:11,188 [pool-469-thread-1] INFO  server.RaftServerConfigKeys (ConfUtils.java:logGet(43)) - raft.server.rpc.timeout.min = 5s (custom)
2019-10-11 17:18:11,188 [pool-469-thread-1] INFO  server.RaftServerConfigKeys (ConfUtils.java:logGet(43)) - raft.server.rpc.timeout.max = 5200ms (custom)
2019-10-11 17:18:11,188 [pool-469-thread-1] INFO  server.RaftServerConfigKeys (ConfUtils.java:logGet(43)) - raft.server.rpcslowness.timeout = 120s (custom)
2019-10-11 17:18:11,188 [pool-469-thread-1] INFO  server.RaftServerConfigKeys (ConfUtils.java:logGet(43)) - raft.server.sleep.deviation.threshold = 300 (default)
2019-10-11 17:18:11,188 [pool-469-thread-1] INFO  server.RaftServerConfigKeys (ConfUtils.java:logGet(43)) - raft.server.log.appender.install.snapshot.enabled = false (custom)
2019-10-11 17:18:11,188 [pool-469-thread-1] INFO  impl.RaftServerImpl (ServerState.java:<init>(103)) - 1881e1b1-a416-4676-83ce-8113df23a0f6@group-0EB283E0D32F: ConfigurationManager, init=-1: [1881e1b1-a416-4676-83ce-8113df23a0f6:192.168.164.206:33411], old=null, confs=<EMPTY_MAP>
2019-10-11 17:18:11,189 [pool-469-thread-1] INFO  server.RaftServerConfigKeys (ConfUtils.java:logGet(43)) - raft.server.storage.dir = [/workdir/hadoop-ozone/integration-test/target/test-dir/MiniOzoneClusterImpl-b2ca8923-5dad-44ba-bd4a-93447b410621/datanode-6/data/ratis] (custom)
2019-10-11 17:18:11,189 [pool-469-thread-1] INFO  server.RaftServerConfigKeys (ConfUtils.java:logGet(43)) - raft.server.log.corruption.policy = EXCEPTION (default)
2019-10-11 17:18:11,189 [pool-469-thread-1] INFO  storage.RaftStorageDirectory (RaftStorageDirectory.java:analyzeStorage(246)) - The storage directory /workdir/hadoop-ozone/integration-test/target/test-dir/MiniOzoneClusterImpl-b2ca8923-5dad-44ba-bd4a-93447b410621/datanode-6/data/ratis/d23b197b-342b-4823-a871-0eb283e0d32f does not exist. Creating ...
2019-10-11 17:18:11,218 [pool-469-thread-1] INFO  storage.RaftStorageDirectory (RaftStorageDirectory.java:tryLock(328)) - Lock on /workdir/hadoop-ozone/integration-test/target/test-dir/MiniOzoneClusterImpl-b2ca8923-5dad-44ba-bd4a-93447b410621/datanode-6/data/ratis/d23b197b-342b-4823-a871-0eb283e0d32f/in_use.lock acquired by nodename 12955@pr-hdds-2181-ktj56-3106680801
2019-10-11 17:18:11,243 [pool-469-thread-1] INFO  storage.RaftStorage (RaftStorage.java:format(84)) - Storage directory /workdir/hadoop-ozone/integration-test/target/test-dir/MiniOzoneClusterImpl-b2ca8923-5dad-44ba-bd4a-93447b410621/datanode-6/data/ratis/d23b197b-342b-4823-a871-0eb283e0d32f has been successfully formatted.
2019-10-11 17:18:11,244 [pool-469-thread-1] INFO  ratis.ContainerStateMachine (ContainerStateMachine.java:loadSnapshot(231)) - group-0EB283E0D32F: The snapshot info is null. Setting the last applied indexto:(t:0, i:~)
2019-10-11 17:18:11,244 [pool-469-thread-1] INFO  server.RaftServerConfigKeys (ConfUtils.java:logGet(43)) - raft.server.notification.no-leader.timeout = 120s (custom)
2019-10-11 17:18:11,244 [pool-469-thread-1] INFO  server.RaftServerConfigKeys (ConfUtils.java:logGet(43)) - raft.server.log.use.memory = false (default)
2019-10-11 17:18:11,244 [pool-469-thread-1] INFO  server.RaftServerConfigKeys (ConfUtils.java:logGet(43)) - raft.server.log.purge.gap = 1000000 (custom)
2019-10-11 17:18:11,244 [pool-469-thread-1] INFO  server.RaftServerConfigKeys (ConfUtils.java:logGet(43)) - raft.server.log.appender.buffer.byte-limit = 33554432 (custom)
2019-10-11 17:18:11,244 [pool-469-thread-1] INFO  server.RaftServerConfigKeys (ConfUtils.java:logGet(43)) - raft.server.log.segment.size.max = 1048576 (custom)
2019-10-11 17:18:11,246 [pool-469-thread-1] INFO  server.RaftServerConfigKeys (ConfUtils.java:logGet(43)) - raft.server.log.segment.cache.num.max = 2 (custom)
2019-10-11 17:18:11,246 [pool-469-thread-1] INFO  segmented.SegmentedRaftLogWorker (SegmentedRaftLogWorker.java:<init>(173)) - new 1881e1b1-a416-4676-83ce-8113df23a0f6@group-0EB283E0D32F-SegmentedRaftLogWorker for RaftStorage:Storage Directory /workdir/hadoop-ozone/integration-test/target/test-dir/MiniOzoneClusterImpl-b2ca8923-5dad-44ba-bd4a-93447b410621/datanode-6/data/ratis/d23b197b-342b-4823-a871-0eb283e0d32f
2019-10-11 17:18:11,246 [pool-469-thread-1] INFO  server.RaftServerConfigKeys (ConfUtils.java:logGet(43)) - raft.server.log.queue.byte-limit = 2147483647 (custom)
2019-10-11 17:18:11,246 [pool-469-thread-1] INFO  server.RaftServerConfigKeys (ConfUtils.java:logGet(43)) - raft.server.log.queue.element-limit = 1024 (custom)
2019-10-11 17:18:11,246 [pool-469-thread-1] INFO  server.RaftServerConfigKeys (ConfUtils.java:logGet(43)) - raft.server.log.segment.size.max = 1048576 (custom)
2019-10-11 17:18:11,246 [pool-469-thread-1] INFO  server.RaftServerConfigKeys (ConfUtils.java:logGet(43)) - raft.server.log.preallocated.size = 16384 (custom)
2019-10-11 17:18:11,247 [pool-469-thread-1] INFO  server.RaftServerConfigKeys (ConfUtils.java:logGet(43)) - raft.server.log.write.buffer.size = 33554432 (custom)
2019-10-11 17:18:11,247 [pool-469-thread-1] INFO  server.RaftServerConfigKeys (ConfUtils.java:logGet(43)) - raft.server.log.force.sync.num = 128 (default)
2019-10-11 17:18:11,247 [pool-469-thread-1] INFO  server.RaftServerConfigKeys (ConfUtils.java:logGet(43)) - raft.server.log.statemachine.data.sync = true (default)
2019-10-11 17:18:11,247 [pool-469-thread-1] INFO  server.RaftServerConfigKeys (ConfUtils.java:logGet(43)) - raft.server.log.statemachine.data.sync.timeout = 10s (default)
2019-10-11 17:18:11,247 [pool-469-thread-1] INFO  server.RaftServerConfigKeys (ConfUtils.java:logGet(43)) - raft.server.log.statemachine.data.sync.timeout.retry = -1 (default)
2019-10-11 17:18:11,247 [pool-469-thread-1] INFO  server.RaftServerConfigKeys (ConfUtils.java:logGet(43)) - raft.server.log.statemachine.data.caching.enabled = true (custom)
2019-10-11 17:18:11,248 [pool-469-thread-1] INFO  segmented.SegmentedRaftLogWorker (SegmentedRaftLogWorker.java:lambda$new$0(128)) - 1881e1b1-a416-4676-83ce-8113df23a0f6@group-0EB283E0D32F-SegmentedRaftLogWorker: flushIndex: setUnconditionally 0 -> -1
2019-10-11 17:18:11,248 [pool-469-thread-1] INFO  server.RaftServerConfigKeys (ConfUtils.java:logGet(43)) - raft.server.snapshot.auto.trigger.enabled = true (custom)
2019-10-11 17:18:11,248 [pool-469-thread-1] INFO  server.RaftServerConfigKeys (ConfUtils.java:logGet(43)) - raft.server.snapshot.auto.trigger.threshold = 10000 (custom)
2019-10-11 17:18:11,248 [pool-469-thread-1] INFO  server.RaftServerConfigKeys (ConfUtils.java:logGet(43)) - raft.server.snapshot.retention.file.num = 5 (custom)
2019-10-11 17:18:11,248 [pool-469-thread-1] INFO  server.RaftServerConfigKeys (ConfUtils.java:logGet(43)) - raft.server.retrycache.expirytime = 600000ms (custom)
2019-10-11 17:18:11,250 [pool-469-thread-1] INFO  impl.RaftServerImpl (RaftServerImpl.java:start(181)) - 1881e1b1-a416-4676-83ce-8113df23a0f6@group-0EB283E0D32F: start as a follower, conf=-1: [1881e1b1-a416-4676-83ce-8113df23a0f6:192.168.164.206:33411], old=null
2019-10-11 17:18:11,250 [pool-469-thread-1] INFO  impl.RaftServerImpl (RaftServerImpl.java:setRole(170)) - 1881e1b1-a416-4676-83ce-8113df23a0f6@group-0EB283E0D32F: changes role from      null to FOLLOWER at term 0 for startAsFollower
2019-10-11 17:18:11,250 [pool-469-thread-1] INFO  impl.RoleInfo (RoleInfo.java:updateAndGet(143)) - 1881e1b1-a416-4676-83ce-8113df23a0f6: start FollowerState
2019-10-11 17:18:11,250 [pool-469-thread-1] INFO  util.JmxRegister (JmxRegister.java:tryRegister(44)) - Successfully registered JMX Bean with object name Ratis:service=RaftServer,group=group-0EB283E0D32F,id=1881e1b1-a416-4676-83ce-8113df23a0f6
2019-10-11 17:18:11,253 [RatisPipelineUtilsThread] INFO  pipeline.PipelineStateManager (PipelineStateManager.java:addPipeline(56)) - Created pipeline Pipeline[ Id: d23b197b-342b-4823-a871-0eb283e0d32f, Nodes: 1881e1b1-a416-4676-83ce-8113df23a0f6{ip: 192.168.164.206, host: pr-hdds-2181-ktj56-3106680801, networkLocation: /default-rack, certSerialId: null}, Type:RATIS, Factor:ONE, State:OPEN]
2019-10-11 17:18:11,265 [grpc-default-executor-7] INFO  impl.RaftServerProxy (RaftServerProxy.java:addNew(89)) - 3919957f-5492-4e2e-9554-c3e87ed23817: addNew group-26EE59F8EAB4:[ffd6ec3f-f769-48ed-b47b-9e3bfbb749de:192.168.164.206:34604, 3919957f-5492-4e2e-9554-c3e87ed23817:192.168.164.206:46678, 5cb6b437-c2e1-454c-b3fa-c3dae831a88d:192.168.164.206:34352] returns group-26EE59F8EAB4:java.util.concurrent.CompletableFuture@7aeadb99[Not completed]
2019-10-11 17:18:11,265 [grpc-default-executor-8] INFO  impl.RaftServerProxy (RaftServerProxy.java:addNew(89)) - 5cb6b437-c2e1-454c-b3fa-c3dae831a88d: addNew group-26EE59F8EAB4:[ffd6ec3f-f769-48ed-b47b-9e3bfbb749de:192.168.164.206:34604, 3919957f-5492-4e2e-9554-c3e87ed23817:192.168.164.206:46678, 5cb6b437-c2e1-454c-b3fa-c3dae831a88d:192.168.164.206:34352] returns group-26EE59F8EAB4:java.util.concurrent.CompletableFuture@9322dd5[Not completed]
2019-10-11 17:18:11,266 [grpc-default-executor-8] INFO  impl.RaftServerProxy (RaftServerProxy.java:addNew(89)) - ffd6ec3f-f769-48ed-b47b-9e3bfbb749de: addNew group-26EE59F8EAB4:[ffd6ec3f-f769-48ed-b47b-9e3bfbb749de:192.168.164.206:34604, 3919957f-5492-4e2e-9554-c3e87ed23817:192.168.164.206:46678, 5cb6b437-c2e1-454c-b3fa-c3dae831a88d:192.168.164.206:34352] returns group-26EE59F8EAB4:java.util.concurrent.CompletableFuture@52c99c03[Not completed]
2019-10-11 17:18:11,266 [pool-449-thread-1] INFO  impl.RaftServerImpl (RaftServerImpl.java:<init>(95)) - 3919957f-5492-4e2e-9554-c3e87ed23817: new RaftServerImpl for group-26EE59F8EAB4:[ffd6ec3f-f769-48ed-b47b-9e3bfbb749de:192.168.164.206:34604, 3919957f-5492-4e2e-9554-c3e87ed23817:192.168.164.206:46678, 5cb6b437-c2e1-454c-b3fa-c3dae831a88d:192.168.164.206:34352] with ContainerStateMachine:uninitialized
2019-10-11 17:18:11,266 [pool-449-thread-1] INFO  server.RaftServerConfigKeys (ConfUtils.java:logGet(43)) - raft.server.rpc.timeout.min = 5s (custom)
2019-10-11 17:18:11,266 [pool-449-thread-1] INFO  server.RaftServerConfigKeys (ConfUtils.java:logGet(43)) - raft.server.rpc.timeout.max = 5200ms (custom)
2019-10-11 17:18:11,266 [pool-449-thread-1] INFO  server.RaftServerConfigKeys (ConfUtils.java:logGet(43)) - raft.server.rpcslowness.timeout = 120s (custom)
2019-10-11 17:18:11,266 [pool-449-thread-1] INFO  server.RaftServerConfigKeys (ConfUtils.java:logGet(43)) - raft.server.sleep.deviation.threshold = 300 (default)
2019-10-11 17:18:11,267 [pool-449-thread-1] INFO  server.RaftServerConfigKeys (ConfUtils.java:logGet(43)) - raft.server.log.appender.install.snapshot.enabled = false (custom)
2019-10-11 17:18:11,267 [pool-429-thread-1] INFO  impl.RaftServerImpl (RaftServerImpl.java:<init>(95)) - 5cb6b437-c2e1-454c-b3fa-c3dae831a88d: new RaftServerImpl for group-26EE59F8EAB4:[ffd6ec3f-f769-48ed-b47b-9e3bfbb749de:192.168.164.206:34604, 3919957f-5492-4e2e-9554-c3e87ed23817:192.168.164.206:46678, 5cb6b437-c2e1-454c-b3fa-c3dae831a88d:192.168.164.206:34352] with ContainerStateMachine:uninitialized
2019-10-11 17:18:11,267 [pool-449-thread-1] INFO  impl.RaftServerImpl (ServerState.java:<init>(103)) - 3919957f-5492-4e2e-9554-c3e87ed23817@group-26EE59F8EAB4: ConfigurationManager, init=-1: [ffd6ec3f-f769-48ed-b47b-9e3bfbb749de:192.168.164.206:34604, 3919957f-5492-4e2e-9554-c3e87ed23817:192.168.164.206:46678, 5cb6b437-c2e1-454c-b3fa-c3dae831a88d:192.168.164.206:34352], old=null, confs=<EMPTY_MAP>
2019-10-11 17:18:11,267 [pool-429-thread-1] INFO  server.RaftServerConfigKeys (ConfUtils.java:logGet(43)) - raft.server.rpc.timeout.min = 5s (custom)
2019-10-11 17:18:11,267 [pool-449-thread-1] INFO  server.RaftServerConfigKeys (ConfUtils.java:logGet(43)) - raft.server.storage.dir = [/workdir/hadoop-ozone/integration-test/target/test-dir/MiniOzoneClusterImpl-b2ca8923-5dad-44ba-bd4a-93447b410621/datanode-4/data/ratis] (custom)
2019-10-11 17:18:11,267 [pool-429-thread-1] INFO  server.RaftServerConfigKeys (ConfUtils.java:logGet(43)) - raft.server.rpc.timeout.max = 5200ms (custom)
2019-10-11 17:18:11,267 [pool-449-thread-1] INFO  server.RaftServerConfigKeys (ConfUtils.java:logGet(43)) - raft.server.log.corruption.policy = EXCEPTION (default)
2019-10-11 17:18:11,267 [pool-439-thread-1] INFO  impl.RaftServerImpl (RaftServerImpl.java:<init>(95)) - ffd6ec3f-f769-48ed-b47b-9e3bfbb749de: new RaftServerImpl for group-26EE59F8EAB4:[ffd6ec3f-f769-48ed-b47b-9e3bfbb749de:192.168.164.206:34604, 3919957f-5492-4e2e-9554-c3e87ed23817:192.168.164.206:46678, 5cb6b437-c2e1-454c-b3fa-c3dae831a88d:192.168.164.206:34352] with ContainerStateMachine:uninitialized
2019-10-11 17:18:11,267 [pool-429-thread-1] INFO  server.RaftServerConfigKeys (ConfUtils.java:logGet(43)) - raft.server.rpcslowness.timeout = 120s (custom)
2019-10-11 17:18:11,268 [pool-439-thread-1] INFO  server.RaftServerConfigKeys (ConfUtils.java:logGet(43)) - raft.server.rpc.timeout.min = 5s (custom)
2019-10-11 17:18:11,267 [pool-449-thread-1] INFO  storage.RaftStorageDirectory (RaftStorageDirectory.java:analyzeStorage(246)) - The storage directory /workdir/hadoop-ozone/integration-test/target/test-dir/MiniOzoneClusterImpl-b2ca8923-5dad-44ba-bd4a-93447b410621/datanode-4/data/ratis/952838c4-e1ed-4084-854a-26ee59f8eab4 does not exist. Creating ...
2019-10-11 17:18:11,268 [pool-439-thread-1] INFO  server.RaftServerConfigKeys (ConfUtils.java:logGet(43)) - raft.server.rpc.timeout.max = 5200ms (custom)
2019-10-11 17:18:11,268 [pool-429-thread-1] INFO  server.RaftServerConfigKeys (ConfUtils.java:logGet(43)) - raft.server.sleep.deviation.threshold = 300 (default)
2019-10-11 17:18:11,268 [pool-439-thread-1] INFO  server.RaftServerConfigKeys (ConfUtils.java:logGet(43)) - raft.server.rpcslowness.timeout = 120s (custom)
2019-10-11 17:18:11,268 [pool-429-thread-1] INFO  server.RaftServerConfigKeys (ConfUtils.java:logGet(43)) - raft.server.log.appender.install.snapshot.enabled = false (custom)
2019-10-11 17:18:11,268 [pool-439-thread-1] INFO  server.RaftServerConfigKeys (ConfUtils.java:logGet(43)) - raft.server.sleep.deviation.threshold = 300 (default)
2019-10-11 17:18:11,268 [pool-429-thread-1] INFO  impl.RaftServerImpl (ServerState.java:<init>(103)) - 5cb6b437-c2e1-454c-b3fa-c3dae831a88d@group-26EE59F8EAB4: ConfigurationManager, init=-1: [ffd6ec3f-f769-48ed-b47b-9e3bfbb749de:192.168.164.206:34604, 3919957f-5492-4e2e-9554-c3e87ed23817:192.168.164.206:46678, 5cb6b437-c2e1-454c-b3fa-c3dae831a88d:192.168.164.206:34352], old=null, confs=<EMPTY_MAP>
2019-10-11 17:18:11,269 [pool-439-thread-1] INFO  server.RaftServerConfigKeys (ConfUtils.java:logGet(43)) - raft.server.log.appender.install.snapshot.enabled = false (custom)
2019-10-11 17:18:11,269 [pool-429-thread-1] INFO  server.RaftServerConfigKeys (ConfUtils.java:logGet(43)) - raft.server.storage.dir = [/workdir/hadoop-ozone/integration-test/target/test-dir/MiniOzoneClusterImpl-b2ca8923-5dad-44ba-bd4a-93447b410621/datanode-2/data/ratis] (custom)
2019-10-11 17:18:11,269 [pool-439-thread-1] INFO  impl.RaftServerImpl (ServerState.java:<init>(103)) - ffd6ec3f-f769-48ed-b47b-9e3bfbb749de@group-26EE59F8EAB4: ConfigurationManager, init=-1: [ffd6ec3f-f769-48ed-b47b-9e3bfbb749de:192.168.164.206:34604, 3919957f-5492-4e2e-9554-c3e87ed23817:192.168.164.206:46678, 5cb6b437-c2e1-454c-b3fa-c3dae831a88d:192.168.164.206:34352], old=null, confs=<EMPTY_MAP>
2019-10-11 17:18:11,269 [pool-429-thread-1] INFO  server.RaftServerConfigKeys (ConfUtils.java:logGet(43)) - raft.server.log.corruption.policy = EXCEPTION (default)
2019-10-11 17:18:11,269 [pool-439-thread-1] INFO  server.RaftServerConfigKeys (ConfUtils.java:logGet(43)) - raft.server.storage.dir = [/workdir/hadoop-ozone/integration-test/target/test-dir/MiniOzoneClusterImpl-b2ca8923-5dad-44ba-bd4a-93447b410621/datanode-3/data/ratis] (custom)
2019-10-11 17:18:11,269 [pool-429-thread-1] INFO  storage.RaftStorageDirectory (RaftStorageDirectory.java:analyzeStorage(246)) - The storage directory /workdir/hadoop-ozone/integration-test/target/test-dir/MiniOzoneClusterImpl-b2ca8923-5dad-44ba-bd4a-93447b410621/datanode-2/data/ratis/952838c4-e1ed-4084-854a-26ee59f8eab4 does not exist. Creating ...
2019-10-11 17:18:11,269 [pool-439-thread-1] INFO  server.RaftServerConfigKeys (ConfUtils.java:logGet(43)) - raft.server.log.corruption.policy = EXCEPTION (default)
2019-10-11 17:18:11,270 [pool-439-thread-1] INFO  storage.RaftStorageDirectory (RaftStorageDirectory.java:analyzeStorage(246)) - The storage directory /workdir/hadoop-ozone/integration-test/target/test-dir/MiniOzoneClusterImpl-b2ca8923-5dad-44ba-bd4a-93447b410621/datanode-3/data/ratis/952838c4-e1ed-4084-854a-26ee59f8eab4 does not exist. Creating ...
2019-10-11 17:18:11,294 [pool-449-thread-1] INFO  storage.RaftStorageDirectory (RaftStorageDirectory.java:tryLock(328)) - Lock on /workdir/hadoop-ozone/integration-test/target/test-dir/MiniOzoneClusterImpl-b2ca8923-5dad-44ba-bd4a-93447b410621/datanode-4/data/ratis/952838c4-e1ed-4084-854a-26ee59f8eab4/in_use.lock acquired by nodename 12955@pr-hdds-2181-ktj56-3106680801
2019-10-11 17:18:11,294 [pool-439-thread-1] INFO  storage.RaftStorageDirectory (RaftStorageDirectory.java:tryLock(328)) - Lock on /workdir/hadoop-ozone/integration-test/target/test-dir/MiniOzoneClusterImpl-b2ca8923-5dad-44ba-bd4a-93447b410621/datanode-3/data/ratis/952838c4-e1ed-4084-854a-26ee59f8eab4/in_use.lock acquired by nodename 12955@pr-hdds-2181-ktj56-3106680801
2019-10-11 17:18:11,294 [pool-429-thread-1] INFO  storage.RaftStorageDirectory (RaftStorageDirectory.java:tryLock(328)) - Lock on /workdir/hadoop-ozone/integration-test/target/test-dir/MiniOzoneClusterImpl-b2ca8923-5dad-44ba-bd4a-93447b410621/datanode-2/data/ratis/952838c4-e1ed-4084-854a-26ee59f8eab4/in_use.lock acquired by nodename 12955@pr-hdds-2181-ktj56-3106680801
2019-10-11 17:18:11,319 [pool-439-thread-1] INFO  storage.RaftStorage (RaftStorage.java:format(84)) - Storage directory /workdir/hadoop-ozone/integration-test/target/test-dir/MiniOzoneClusterImpl-b2ca8923-5dad-44ba-bd4a-93447b410621/datanode-3/data/ratis/952838c4-e1ed-4084-854a-26ee59f8eab4 has been successfully formatted.
2019-10-11 17:18:11,320 [pool-429-thread-1] INFO  storage.RaftStorage (RaftStorage.java:format(84)) - Storage directory /workdir/hadoop-ozone/integration-test/target/test-dir/MiniOzoneClusterImpl-b2ca8923-5dad-44ba-bd4a-93447b410621/datanode-2/data/ratis/952838c4-e1ed-4084-854a-26ee59f8eab4 has been successfully formatted.
2019-10-11 17:18:11,320 [pool-449-thread-1] INFO  storage.RaftStorage (RaftStorage.java:format(84)) - Storage directory /workdir/hadoop-ozone/integration-test/target/test-dir/MiniOzoneClusterImpl-b2ca8923-5dad-44ba-bd4a-93447b410621/datanode-4/data/ratis/952838c4-e1ed-4084-854a-26ee59f8eab4 has been successfully formatted.
2019-10-11 17:18:11,320 [pool-429-thread-1] INFO  ratis.ContainerStateMachine (ContainerStateMachine.java:loadSnapshot(231)) - group-26EE59F8EAB4: The snapshot info is null. Setting the last applied indexto:(t:0, i:~)
2019-10-11 17:18:11,320 [pool-449-thread-1] INFO  ratis.ContainerStateMachine (ContainerStateMachine.java:loadSnapshot(231)) - group-26EE59F8EAB4: The snapshot info is null. Setting the last applied indexto:(t:0, i:~)
2019-10-11 17:18:11,320 [pool-439-thread-1] INFO  ratis.ContainerStateMachine (ContainerStateMachine.java:loadSnapshot(231)) - group-26EE59F8EAB4: The snapshot info is null. Setting the last applied indexto:(t:0, i:~)
2019-10-11 17:18:11,320 [pool-429-thread-1] INFO  server.RaftServerConfigKeys (ConfUtils.java:logGet(43)) - raft.server.notification.no-leader.timeout = 120s (custom)
2019-10-11 17:18:11,320 [pool-439-thread-1] INFO  server.RaftServerConfigKeys (ConfUtils.java:logGet(43)) - raft.server.notification.no-leader.timeout = 120s (custom)
2019-10-11 17:18:11,320 [pool-449-thread-1] INFO  server.RaftServerConfigKeys (ConfUtils.java:logGet(43)) - raft.server.notification.no-leader.timeout = 120s (custom)
2019-10-11 17:18:11,320 [pool-439-thread-1] INFO  server.RaftServerConfigKeys (ConfUtils.java:logGet(43)) - raft.server.log.use.memory = false (default)
2019-10-11 17:18:11,320 [pool-429-thread-1] INFO  server.RaftServerConfigKeys (ConfUtils.java:logGet(43)) - raft.server.log.use.memory = false (default)
2019-10-11 17:18:11,321 [pool-439-thread-1] INFO  server.RaftServerConfigKeys (ConfUtils.java:logGet(43)) - raft.server.log.purge.gap = 1000000 (custom)
2019-10-11 17:18:11,321 [pool-449-thread-1] INFO  server.RaftServerConfigKeys (ConfUtils.java:logGet(43)) - raft.server.log.use.memory = false (default)
2019-10-11 17:18:11,321 [pool-439-thread-1] INFO  server.RaftServerConfigKeys (ConfUtils.java:logGet(43)) - raft.server.log.appender.buffer.byte-limit = 33554432 (custom)
2019-10-11 17:18:11,321 [pool-429-thread-1] INFO  server.RaftServerConfigKeys (ConfUtils.java:logGet(43)) - raft.server.log.purge.gap = 1000000 (custom)
2019-10-11 17:18:11,321 [pool-439-thread-1] INFO  server.RaftServerConfigKeys (ConfUtils.java:logGet(43)) - raft.server.log.segment.size.max = 1048576 (custom)
2019-10-11 17:18:11,321 [pool-449-thread-1] INFO  server.RaftServerConfigKeys (ConfUtils.java:logGet(43)) - raft.server.log.purge.gap = 1000000 (custom)
2019-10-11 17:18:11,321 [pool-439-thread-1] INFO  server.RaftServerConfigKeys (ConfUtils.java:logGet(43)) - raft.server.log.segment.cache.num.max = 2 (custom)
2019-10-11 17:18:11,321 [pool-429-thread-1] INFO  server.RaftServerConfigKeys (ConfUtils.java:logGet(43)) - raft.server.log.appender.buffer.byte-limit = 33554432 (custom)
2019-10-11 17:18:11,321 [pool-439-thread-1] INFO  segmented.SegmentedRaftLogWorker (SegmentedRaftLogWorker.java:<init>(173)) - new ffd6ec3f-f769-48ed-b47b-9e3bfbb749de@group-26EE59F8EAB4-SegmentedRaftLogWorker for RaftStorage:Storage Directory /workdir/hadoop-ozone/integration-test/target/test-dir/MiniOzoneClusterImpl-b2ca8923-5dad-44ba-bd4a-93447b410621/datanode-3/data/ratis/952838c4-e1ed-4084-854a-26ee59f8eab4
2019-10-11 17:18:11,321 [pool-449-thread-1] INFO  server.RaftServerConfigKeys (ConfUtils.java:logGet(43)) - raft.server.log.appender.buffer.byte-limit = 33554432 (custom)
2019-10-11 17:18:11,322 [pool-439-thread-1] INFO  server.RaftServerConfigKeys (ConfUtils.java:logGet(43)) - raft.server.log.queue.byte-limit = 2147483647 (custom)
2019-10-11 17:18:11,321 [pool-429-thread-1] INFO  server.RaftServerConfigKeys (ConfUtils.java:logGet(43)) - raft.server.log.segment.size.max = 1048576 (custom)
2019-10-11 17:18:11,322 [pool-439-thread-1] INFO  server.RaftServerConfigKeys (ConfUtils.java:logGet(43)) - raft.server.log.queue.element-limit = 1024 (custom)
2019-10-11 17:18:11,322 [pool-449-thread-1] INFO  server.RaftServerConfigKeys (ConfUtils.java:logGet(43)) - raft.server.log.segment.size.max = 1048576 (custom)
2019-10-11 17:18:11,322 [pool-439-thread-1] INFO  server.RaftServerConfigKeys (ConfUtils.java:logGet(43)) - raft.server.log.segment.size.max = 1048576 (custom)
2019-10-11 17:18:11,322 [pool-429-thread-1] INFO  server.RaftServerConfigKeys (ConfUtils.java:logGet(43)) - raft.server.log.segment.cache.num.max = 2 (custom)
2019-10-11 17:18:11,322 [pool-439-thread-1] INFO  server.RaftServerConfigKeys (ConfUtils.java:logGet(43)) - raft.server.log.preallocated.size = 16384 (custom)
2019-10-11 17:18:11,322 [pool-449-thread-1] INFO  server.RaftServerConfigKeys (ConfUtils.java:logGet(43)) - raft.server.log.segment.cache.num.max = 2 (custom)
2019-10-11 17:18:11,322 [pool-439-thread-1] INFO  server.RaftServerConfigKeys (ConfUtils.java:logGet(43)) - raft.server.log.write.buffer.size = 33554432 (custom)
2019-10-11 17:18:11,322 [pool-429-thread-1] INFO  segmented.SegmentedRaftLogWorker (SegmentedRaftLogWorker.java:<init>(173)) - new 5cb6b437-c2e1-454c-b3fa-c3dae831a88d@group-26EE59F8EAB4-SegmentedRaftLogWorker for RaftStorage:Storage Directory /workdir/hadoop-ozone/integration-test/target/test-dir/MiniOzoneClusterImpl-b2ca8923-5dad-44ba-bd4a-93447b410621/datanode-2/data/ratis/952838c4-e1ed-4084-854a-26ee59f8eab4
2019-10-11 17:18:11,322 [pool-439-thread-1] INFO  server.RaftServerConfigKeys (ConfUtils.java:logGet(43)) - raft.server.log.force.sync.num = 128 (default)
2019-10-11 17:18:11,322 [pool-449-thread-1] INFO  segmented.SegmentedRaftLogWorker (SegmentedRaftLogWorker.java:<init>(173)) - new 3919957f-5492-4e2e-9554-c3e87ed23817@group-26EE59F8EAB4-SegmentedRaftLogWorker for RaftStorage:Storage Directory /workdir/hadoop-ozone/integration-test/target/test-dir/MiniOzoneClusterImpl-b2ca8923-5dad-44ba-bd4a-93447b410621/datanode-4/data/ratis/952838c4-e1ed-4084-854a-26ee59f8eab4
2019-10-11 17:18:11,323 [pool-439-thread-1] INFO  server.RaftServerConfigKeys (ConfUtils.java:logGet(43)) - raft.server.log.statemachine.data.sync = true (default)
2019-10-11 17:18:11,323 [pool-429-thread-1] INFO  server.RaftServerConfigKeys (ConfUtils.java:logGet(43)) - raft.server.log.queue.byte-limit = 2147483647 (custom)
2019-10-11 17:18:11,323 [pool-439-thread-1] INFO  server.RaftServerConfigKeys (ConfUtils.java:logGet(43)) - raft.server.log.statemachine.data.sync.timeout = 10s (default)
2019-10-11 17:18:11,323 [pool-449-thread-1] INFO  server.RaftServerConfigKeys (ConfUtils.java:logGet(43)) - raft.server.log.queue.byte-limit = 2147483647 (custom)
2019-10-11 17:18:11,323 [pool-439-thread-1] INFO  server.RaftServerConfigKeys (ConfUtils.java:logGet(43)) - raft.server.log.statemachine.data.sync.timeout.retry = -1 (default)
2019-10-11 17:18:11,323 [pool-429-thread-1] INFO  server.RaftServerConfigKeys (ConfUtils.java:logGet(43)) - raft.server.log.queue.element-limit = 1024 (custom)
2019-10-11 17:18:11,323 [pool-439-thread-1] INFO  server.RaftServerConfigKeys (ConfUtils.java:logGet(43)) - raft.server.log.statemachine.data.caching.enabled = true (custom)
2019-10-11 17:18:11,323 [pool-449-thread-1] INFO  server.RaftServerConfigKeys (ConfUtils.java:logGet(43)) - raft.server.log.queue.element-limit = 1024 (custom)
2019-10-11 17:18:11,323 [pool-429-thread-1] INFO  server.RaftServerConfigKeys (ConfUtils.java:logGet(43)) - raft.server.log.segment.size.max = 1048576 (custom)
2019-10-11 17:18:11,324 [pool-439-thread-1] INFO  segmented.SegmentedRaftLogWorker (SegmentedRaftLogWorker.java:lambda$new$0(128)) - ffd6ec3f-f769-48ed-b47b-9e3bfbb749de@group-26EE59F8EAB4-SegmentedRaftLogWorker: flushIndex: setUnconditionally 0 -> -1
2019-10-11 17:18:11,324 [pool-449-thread-1] INFO  server.RaftServerConfigKeys (ConfUtils.java:logGet(43)) - raft.server.log.segment.size.max = 1048576 (custom)
2019-10-11 17:18:11,324 [pool-429-thread-1] INFO  server.RaftServerConfigKeys (ConfUtils.java:logGet(43)) - raft.server.log.preallocated.size = 16384 (custom)
2019-10-11 17:18:11,324 [pool-439-thread-1] INFO  server.RaftServerConfigKeys (ConfUtils.java:logGet(43)) - raft.server.snapshot.auto.trigger.enabled = true (custom)
2019-10-11 17:18:11,324 [pool-449-thread-1] INFO  server.RaftServerConfigKeys (ConfUtils.java:logGet(43)) - raft.server.log.preallocated.size = 16384 (custom)
2019-10-11 17:18:11,324 [pool-439-thread-1] INFO  server.RaftServerConfigKeys (ConfUtils.java:logGet(43)) - raft.server.snapshot.auto.trigger.threshold = 10000 (custom)
2019-10-11 17:18:11,324 [pool-429-thread-1] INFO  server.RaftServerConfigKeys (ConfUtils.java:logGet(43)) - raft.server.log.write.buffer.size = 33554432 (custom)
2019-10-11 17:18:11,324 [pool-439-thread-1] INFO  server.RaftServerConfigKeys (ConfUtils.java:logGet(43)) - raft.server.snapshot.retention.file.num = 5 (custom)
2019-10-11 17:18:11,324 [pool-449-thread-1] INFO  server.RaftServerConfigKeys (ConfUtils.java:logGet(43)) - raft.server.log.write.buffer.size = 33554432 (custom)
2019-10-11 17:18:11,324 [pool-439-thread-1] INFO  server.RaftServerConfigKeys (ConfUtils.java:logGet(43)) - raft.server.retrycache.expirytime = 600000ms (custom)
2019-10-11 17:18:11,324 [pool-429-thread-1] INFO  server.RaftServerConfigKeys (ConfUtils.java:logGet(43)) - raft.server.log.force.sync.num = 128 (default)
2019-10-11 17:18:11,325 [pool-449-thread-1] INFO  server.RaftServerConfigKeys (ConfUtils.java:logGet(43)) - raft.server.log.force.sync.num = 128 (default)
2019-10-11 17:18:11,325 [pool-429-thread-1] INFO  server.RaftServerConfigKeys (ConfUtils.java:logGet(43)) - raft.server.log.statemachine.data.sync = true (default)
2019-10-11 17:18:11,325 [pool-429-thread-1] INFO  server.RaftServerConfigKeys (ConfUtils.java:logGet(43)) - raft.server.log.statemachine.data.sync.timeout = 10s (default)
2019-10-11 17:18:11,325 [pool-449-thread-1] INFO  server.RaftServerConfigKeys (ConfUtils.java:logGet(43)) - raft.server.log.statemachine.data.sync = true (default)
2019-10-11 17:18:11,325 [pool-429-thread-1] INFO  server.RaftServerConfigKeys (ConfUtils.java:logGet(43)) - raft.server.log.statemachine.data.sync.timeout.retry = -1 (default)
2019-10-11 17:18:11,326 [pool-449-thread-1] INFO  server.RaftServerConfigKeys (ConfUtils.java:logGet(43)) - raft.server.log.statemachine.data.sync.timeout = 10s (default)
2019-10-11 17:18:11,326 [pool-439-thread-1] INFO  impl.RaftServerImpl (RaftServerImpl.java:start(181)) - ffd6ec3f-f769-48ed-b47b-9e3bfbb749de@group-26EE59F8EAB4: start as a follower, conf=-1: [ffd6ec3f-f769-48ed-b47b-9e3bfbb749de:192.168.164.206:34604, 3919957f-5492-4e2e-9554-c3e87ed23817:192.168.164.206:46678, 5cb6b437-c2e1-454c-b3fa-c3dae831a88d:192.168.164.206:34352], old=null
2019-10-11 17:18:11,326 [pool-429-thread-1] INFO  server.RaftServerConfigKeys (ConfUtils.java:logGet(43)) - raft.server.log.statemachine.data.caching.enabled = true (custom)
2019-10-11 17:18:11,326 [pool-439-thread-1] INFO  impl.RaftServerImpl (RaftServerImpl.java:setRole(170)) - ffd6ec3f-f769-48ed-b47b-9e3bfbb749de@group-26EE59F8EAB4: changes role from      null to FOLLOWER at term 0 for startAsFollower
2019-10-11 17:18:11,326 [pool-449-thread-1] INFO  server.RaftServerConfigKeys (ConfUtils.java:logGet(43)) - raft.server.log.statemachine.data.sync.timeout.retry = -1 (default)
2019-10-11 17:18:11,326 [pool-429-thread-1] INFO  segmented.SegmentedRaftLogWorker (SegmentedRaftLogWorker.java:lambda$new$0(128)) - 5cb6b437-c2e1-454c-b3fa-c3dae831a88d@group-26EE59F8EAB4-SegmentedRaftLogWorker: flushIndex: setUnconditionally 0 -> -1
2019-10-11 17:18:11,326 [pool-439-thread-1] INFO  impl.RoleInfo (RoleInfo.java:updateAndGet(143)) - ffd6ec3f-f769-48ed-b47b-9e3bfbb749de: start FollowerState
2019-10-11 17:18:11,326 [pool-449-thread-1] INFO  server.RaftServerConfigKeys (ConfUtils.java:logGet(43)) - raft.server.log.statemachine.data.caching.enabled = true (custom)
2019-10-11 17:18:11,327 [pool-429-thread-1] INFO  server.RaftServerConfigKeys (ConfUtils.java:logGet(43)) - raft.server.snapshot.auto.trigger.enabled = true (custom)
2019-10-11 17:18:11,327 [pool-439-thread-1] INFO  util.JmxRegister (JmxRegister.java:tryRegister(44)) - Successfully registered JMX Bean with object name Ratis:service=RaftServer,group=group-26EE59F8EAB4,id=ffd6ec3f-f769-48ed-b47b-9e3bfbb749de
2019-10-11 17:18:11,327 [pool-449-thread-1] INFO  segmented.SegmentedRaftLogWorker (SegmentedRaftLogWorker.java:lambda$new$0(128)) - 3919957f-5492-4e2e-9554-c3e87ed23817@group-26EE59F8EAB4-SegmentedRaftLogWorker: flushIndex: setUnconditionally 0 -> -1
2019-10-11 17:18:11,327 [pool-429-thread-1] INFO  server.RaftServerConfigKeys (ConfUtils.java:logGet(43)) - raft.server.snapshot.auto.trigger.threshold = 10000 (custom)
2019-10-11 17:18:11,327 [pool-429-thread-1] INFO  server.RaftServerConfigKeys (ConfUtils.java:logGet(43)) - raft.server.snapshot.retention.file.num = 5 (custom)
2019-10-11 17:18:11,327 [pool-449-thread-1] INFO  server.RaftServerConfigKeys (ConfUtils.java:logGet(43)) - raft.server.snapshot.auto.trigger.enabled = true (custom)
2019-10-11 17:18:11,327 [pool-429-thread-1] INFO  server.RaftServerConfigKeys (ConfUtils.java:logGet(43)) - raft.server.retrycache.expirytime = 600000ms (custom)
2019-10-11 17:18:11,328 [pool-449-thread-1] INFO  server.RaftServerConfigKeys (ConfUtils.java:logGet(43)) - raft.server.snapshot.auto.trigger.threshold = 10000 (custom)
2019-10-11 17:18:11,328 [pool-449-thread-1] INFO  server.RaftServerConfigKeys (ConfUtils.java:logGet(43)) - raft.server.snapshot.retention.file.num = 5 (custom)
2019-10-11 17:18:11,328 [pool-449-thread-1] INFO  server.RaftServerConfigKeys (ConfUtils.java:logGet(43)) - raft.server.retrycache.expirytime = 600000ms (custom)
2019-10-11 17:18:11,330 [pool-429-thread-1] INFO  impl.RaftServerImpl (RaftServerImpl.java:start(181)) - 5cb6b437-c2e1-454c-b3fa-c3dae831a88d@group-26EE59F8EAB4: start as a follower, conf=-1: [ffd6ec3f-f769-48ed-b47b-9e3bfbb749de:192.168.164.206:34604, 3919957f-5492-4e2e-9554-c3e87ed23817:192.168.164.206:46678, 5cb6b437-c2e1-454c-b3fa-c3dae831a88d:192.168.164.206:34352], old=null
2019-10-11 17:18:11,330 [pool-429-thread-1] INFO  impl.RaftServerImpl (RaftServerImpl.java:setRole(170)) - 5cb6b437-c2e1-454c-b3fa-c3dae831a88d@group-26EE59F8EAB4: changes role from      null to FOLLOWER at term 0 for startAsFollower
2019-10-11 17:18:11,330 [pool-429-thread-1] INFO  impl.RoleInfo (RoleInfo.java:updateAndGet(143)) - 5cb6b437-c2e1-454c-b3fa-c3dae831a88d: start FollowerState
2019-10-11 17:18:11,331 [pool-449-thread-1] INFO  impl.RaftServerImpl (RaftServerImpl.java:start(181)) - 3919957f-5492-4e2e-9554-c3e87ed23817@group-26EE59F8EAB4: start as a follower, conf=-1: [ffd6ec3f-f769-48ed-b47b-9e3bfbb749de:192.168.164.206:34604, 3919957f-5492-4e2e-9554-c3e87ed23817:192.168.164.206:46678, 5cb6b437-c2e1-454c-b3fa-c3dae831a88d:192.168.164.206:34352], old=null
2019-10-11 17:18:11,331 [pool-429-thread-1] INFO  util.JmxRegister (JmxRegister.java:tryRegister(44)) - Successfully registered JMX Bean with object name Ratis:service=RaftServer,group=group-26EE59F8EAB4,id=5cb6b437-c2e1-454c-b3fa-c3dae831a88d
2019-10-11 17:18:11,331 [pool-449-thread-1] INFO  impl.RaftServerImpl (RaftServerImpl.java:setRole(170)) - 3919957f-5492-4e2e-9554-c3e87ed23817@group-26EE59F8EAB4: changes role from      null to FOLLOWER at term 0 for startAsFollower
2019-10-11 17:18:11,331 [pool-449-thread-1] INFO  impl.RoleInfo (RoleInfo.java:updateAndGet(143)) - 3919957f-5492-4e2e-9554-c3e87ed23817: start FollowerState
2019-10-11 17:18:11,332 [pool-449-thread-1] INFO  util.JmxRegister (JmxRegister.java:tryRegister(44)) - Successfully registered JMX Bean with object name Ratis:service=RaftServer,group=group-26EE59F8EAB4,id=3919957f-5492-4e2e-9554-c3e87ed23817
2019-10-11 17:18:11,336 [RatisPipelineUtilsThread] INFO  pipeline.PipelineStateManager (PipelineStateManager.java:addPipeline(56)) - Created pipeline Pipeline[ Id: 952838c4-e1ed-4084-854a-26ee59f8eab4, Nodes: 5cb6b437-c2e1-454c-b3fa-c3dae831a88d{ip: 192.168.164.206, host: pr-hdds-2181-ktj56-3106680801, networkLocation: /default-rack, certSerialId: null}3919957f-5492-4e2e-9554-c3e87ed23817{ip: 192.168.164.206, host: pr-hdds-2181-ktj56-3106680801, networkLocation: /default-rack, certSerialId: null}ffd6ec3f-f769-48ed-b47b-9e3bfbb749de{ip: 192.168.164.206, host: pr-hdds-2181-ktj56-3106680801, networkLocation: /default-rack, certSerialId: null}, Type:RATIS, Factor:THREE, State:OPEN]
2019-10-11 17:18:11,349 [grpc-default-executor-7] INFO  impl.RaftServerProxy (RaftServerProxy.java:addNew(89)) - 1881e1b1-a416-4676-83ce-8113df23a0f6: addNew group-DDEF9B313DA8:[1881e1b1-a416-4676-83ce-8113df23a0f6:192.168.164.206:33411, 118cdbac-715f-4342-82a9-f07e763fc80a:192.168.164.206:37337, 8e4ae056-a4b6-46d1-8c8d-fadd47bf60fd:192.168.164.206:35596] returns group-DDEF9B313DA8:java.util.concurrent.CompletableFuture@71b447b8[Not completed]
2019-10-11 17:18:11,349 [grpc-default-executor-7] INFO  impl.RaftServerProxy (RaftServerProxy.java:addNew(89)) - 118cdbac-715f-4342-82a9-f07e763fc80a: addNew group-DDEF9B313DA8:[1881e1b1-a416-4676-83ce-8113df23a0f6:192.168.164.206:33411, 118cdbac-715f-4342-82a9-f07e763fc80a:192.168.164.206:37337, 8e4ae056-a4b6-46d1-8c8d-fadd47bf60fd:192.168.164.206:35596] returns group-DDEF9B313DA8:java.util.concurrent.CompletableFuture@39bc9ab2[Not completed]
2019-10-11 17:18:11,349 [grpc-default-executor-7] INFO  impl.RaftServerProxy (RaftServerProxy.java:addNew(89)) - 8e4ae056-a4b6-46d1-8c8d-fadd47bf60fd: addNew group-DDEF9B313DA8:[1881e1b1-a416-4676-83ce-8113df23a0f6:192.168.164.206:33411, 118cdbac-715f-4342-82a9-f07e763fc80a:192.168.164.206:37337, 8e4ae056-a4b6-46d1-8c8d-fadd47bf60fd:192.168.164.206:35596] returns group-DDEF9B313DA8:java.util.concurrent.CompletableFuture@1526a80f[Not completed]
2019-10-11 17:18:11,350 [pool-469-thread-1] INFO  impl.RaftServerImpl (RaftServerImpl.java:<init>(95)) - 1881e1b1-a416-4676-83ce-8113df23a0f6: new RaftServerImpl for group-DDEF9B313DA8:[1881e1b1-a416-4676-83ce-8113df23a0f6:192.168.164.206:33411, 118cdbac-715f-4342-82a9-f07e763fc80a:192.168.164.206:37337, 8e4ae056-a4b6-46d1-8c8d-fadd47bf60fd:192.168.164.206:35596] with ContainerStateMachine:uninitialized
2019-10-11 17:18:11,351 [pool-469-thread-1] INFO  server.RaftServerConfigKeys (ConfUtils.java:logGet(43)) - raft.server.rpc.timeout.min = 5s (custom)
2019-10-11 17:18:11,352 [pool-469-thread-1] INFO  server.RaftServerConfigKeys (ConfUtils.java:logGet(43)) - raft.server.rpc.timeout.max = 5200ms (custom)
2019-10-11 17:18:11,352 [pool-469-thread-1] INFO  server.RaftServerConfigKeys (ConfUtils.java:logGet(43)) - raft.server.rpcslowness.timeout = 120s (custom)
2019-10-11 17:18:11,352 [pool-469-thread-1] INFO  server.RaftServerConfigKeys (ConfUtils.java:logGet(43)) - raft.server.sleep.deviation.threshold = 300 (default)
2019-10-11 17:18:11,352 [pool-469-thread-1] INFO  server.RaftServerConfigKeys (ConfUtils.java:logGet(43)) - raft.server.log.appender.install.snapshot.enabled = false (custom)
2019-10-11 17:18:11,352 [pool-469-thread-1] INFO  impl.RaftServerImpl (ServerState.java:<init>(103)) - 1881e1b1-a416-4676-83ce-8113df23a0f6@group-DDEF9B313DA8: ConfigurationManager, init=-1: [1881e1b1-a416-4676-83ce-8113df23a0f6:192.168.164.206:33411, 118cdbac-715f-4342-82a9-f07e763fc80a:192.168.164.206:37337, 8e4ae056-a4b6-46d1-8c8d-fadd47bf60fd:192.168.164.206:35596], old=null, confs=<EMPTY_MAP>
2019-10-11 17:18:11,352 [pool-469-thread-1] INFO  server.RaftServerConfigKeys (ConfUtils.java:logGet(43)) - raft.server.storage.dir = [/workdir/hadoop-ozone/integration-test/target/test-dir/MiniOzoneClusterImpl-b2ca8923-5dad-44ba-bd4a-93447b410621/datanode-6/data/ratis] (custom)
2019-10-11 17:18:11,352 [pool-419-thread-1] INFO  impl.RaftServerImpl (RaftServerImpl.java:<init>(95)) - 118cdbac-715f-4342-82a9-f07e763fc80a: new RaftServerImpl for group-DDEF9B313DA8:[1881e1b1-a416-4676-83ce-8113df23a0f6:192.168.164.206:33411, 118cdbac-715f-4342-82a9-f07e763fc80a:192.168.164.206:37337, 8e4ae056-a4b6-46d1-8c8d-fadd47bf60fd:192.168.164.206:35596] with ContainerStateMachine:uninitialized
2019-10-11 17:18:11,352 [pool-469-thread-1] INFO  server.RaftServerConfigKeys (ConfUtils.java:logGet(43)) - raft.server.log.corruption.policy = EXCEPTION (default)
2019-10-11 17:18:11,352 [pool-419-thread-1] INFO  server.RaftServerConfigKeys (ConfUtils.java:logGet(43)) - raft.server.rpc.timeout.min = 5s (custom)
2019-10-11 17:18:11,352 [pool-469-thread-1] INFO  storage.RaftStorageDirectory (RaftStorageDirectory.java:analyzeStorage(246)) - The storage directory /workdir/hadoop-ozone/integration-test/target/test-dir/MiniOzoneClusterImpl-b2ca8923-5dad-44ba-bd4a-93447b410621/datanode-6/data/ratis/b2a16f51-f87f-4a93-8b91-ddef9b313da8 does not exist. Creating ...
2019-10-11 17:18:11,352 [pool-409-thread-1] INFO  impl.RaftServerImpl (RaftServerImpl.java:<init>(95)) - 8e4ae056-a4b6-46d1-8c8d-fadd47bf60fd: new RaftServerImpl for group-DDEF9B313DA8:[1881e1b1-a416-4676-83ce-8113df23a0f6:192.168.164.206:33411, 118cdbac-715f-4342-82a9-f07e763fc80a:192.168.164.206:37337, 8e4ae056-a4b6-46d1-8c8d-fadd47bf60fd:192.168.164.206:35596] with ContainerStateMachine:uninitialized
2019-10-11 17:18:11,352 [pool-419-thread-1] INFO  server.RaftServerConfigKeys (ConfUtils.java:logGet(43)) - raft.server.rpc.timeout.max = 5200ms (custom)
2019-10-11 17:18:11,353 [pool-409-thread-1] INFO  server.RaftServerConfigKeys (ConfUtils.java:logGet(43)) - raft.server.rpc.timeout.min = 5s (custom)
2019-10-11 17:18:11,353 [pool-419-thread-1] INFO  server.RaftServerConfigKeys (ConfUtils.java:logGet(43)) - raft.server.rpcslowness.timeout = 120s (custom)
2019-10-11 17:18:11,353 [pool-409-thread-1] INFO  server.RaftServerConfigKeys (ConfUtils.java:logGet(43)) - raft.server.rpc.timeout.max = 5200ms (custom)
2019-10-11 17:18:11,353 [pool-419-thread-1] INFO  server.RaftServerConfigKeys (ConfUtils.java:logGet(43)) - raft.server.sleep.deviation.threshold = 300 (default)
2019-10-11 17:18:11,353 [pool-409-thread-1] INFO  server.RaftServerConfigKeys (ConfUtils.java:logGet(43)) - raft.server.rpcslowness.timeout = 120s (custom)
2019-10-11 17:18:11,353 [pool-419-thread-1] INFO  server.RaftServerConfigKeys (ConfUtils.java:logGet(43)) - raft.server.log.appender.install.snapshot.enabled = false (custom)
2019-10-11 17:18:11,353 [pool-409-thread-1] INFO  server.RaftServerConfigKeys (ConfUtils.java:logGet(43)) - raft.server.sleep.deviation.threshold = 300 (default)
2019-10-11 17:18:11,353 [pool-419-thread-1] INFO  impl.RaftServerImpl (ServerState.java:<init>(103)) - 118cdbac-715f-4342-82a9-f07e763fc80a@group-DDEF9B313DA8: ConfigurationManager, init=-1: [1881e1b1-a416-4676-83ce-8113df23a0f6:192.168.164.206:33411, 118cdbac-715f-4342-82a9-f07e763fc80a:192.168.164.206:37337, 8e4ae056-a4b6-46d1-8c8d-fadd47bf60fd:192.168.164.206:35596], old=null, confs=<EMPTY_MAP>
2019-10-11 17:18:11,353 [pool-409-thread-1] INFO  server.RaftServerConfigKeys (ConfUtils.java:logGet(43)) - raft.server.log.appender.install.snapshot.enabled = false (custom)
2019-10-11 17:18:11,354 [pool-419-thread-1] INFO  server.RaftServerConfigKeys (ConfUtils.java:logGet(43)) - raft.server.storage.dir = [/workdir/hadoop-ozone/integration-test/target/test-dir/MiniOzoneClusterImpl-b2ca8923-5dad-44ba-bd4a-93447b410621/datanode-1/data/ratis] (custom)
2019-10-11 17:18:11,354 [pool-409-thread-1] INFO  impl.RaftServerImpl (ServerState.java:<init>(103)) - 8e4ae056-a4b6-46d1-8c8d-fadd47bf60fd@group-DDEF9B313DA8: ConfigurationManager, init=-1: [1881e1b1-a416-4676-83ce-8113df23a0f6:192.168.164.206:33411, 118cdbac-715f-4342-82a9-f07e763fc80a:192.168.164.206:37337, 8e4ae056-a4b6-46d1-8c8d-fadd47bf60fd:192.168.164.206:35596], old=null, confs=<EMPTY_MAP>
2019-10-11 17:18:11,354 [pool-409-thread-1] INFO  server.RaftServerConfigKeys (ConfUtils.java:logGet(43)) - raft.server.storage.dir = [/workdir/hadoop-ozone/integration-test/target/test-dir/MiniOzoneClusterImpl-b2ca8923-5dad-44ba-bd4a-93447b410621/datanode-0/data/ratis] (custom)
2019-10-11 17:18:11,354 [pool-419-thread-1] INFO  server.RaftServerConfigKeys (ConfUtils.java:logGet(43)) - raft.server.log.corruption.policy = EXCEPTION (default)
2019-10-11 17:18:11,354 [pool-409-thread-1] INFO  server.RaftServerConfigKeys (ConfUtils.java:logGet(43)) - raft.server.log.corruption.policy = EXCEPTION (default)
2019-10-11 17:18:11,354 [pool-419-thread-1] INFO  storage.RaftStorageDirectory (RaftStorageDirectory.java:analyzeStorage(246)) - The storage directory /workdir/hadoop-ozone/integration-test/target/test-dir/MiniOzoneClusterImpl-b2ca8923-5dad-44ba-bd4a-93447b410621/datanode-1/data/ratis/b2a16f51-f87f-4a93-8b91-ddef9b313da8 does not exist. Creating ...
2019-10-11 17:18:11,354 [pool-409-thread-1] INFO  storage.RaftStorageDirectory (RaftStorageDirectory.java:analyzeStorage(246)) - The storage directory /workdir/hadoop-ozone/integration-test/target/test-dir/MiniOzoneClusterImpl-b2ca8923-5dad-44ba-bd4a-93447b410621/datanode-0/data/ratis/b2a16f51-f87f-4a93-8b91-ddef9b313da8 does not exist. Creating ...
2019-10-11 17:18:11,378 [pool-409-thread-1] INFO  storage.RaftStorageDirectory (RaftStorageDirectory.java:tryLock(328)) - Lock on /workdir/hadoop-ozone/integration-test/target/test-dir/MiniOzoneClusterImpl-b2ca8923-5dad-44ba-bd4a-93447b410621/datanode-0/data/ratis/b2a16f51-f87f-4a93-8b91-ddef9b313da8/in_use.lock acquired by nodename 12955@pr-hdds-2181-ktj56-3106680801
2019-10-11 17:18:11,378 [pool-419-thread-1] INFO  storage.RaftStorageDirectory (RaftStorageDirectory.java:tryLock(328)) - Lock on /workdir/hadoop-ozone/integration-test/target/test-dir/MiniOzoneClusterImpl-b2ca8923-5dad-44ba-bd4a-93447b410621/datanode-1/data/ratis/b2a16f51-f87f-4a93-8b91-ddef9b313da8/in_use.lock acquired by nodename 12955@pr-hdds-2181-ktj56-3106680801
2019-10-11 17:18:11,378 [pool-469-thread-1] INFO  storage.RaftStorageDirectory (RaftStorageDirectory.java:tryLock(328)) - Lock on /workdir/hadoop-ozone/integration-test/target/test-dir/MiniOzoneClusterImpl-b2ca8923-5dad-44ba-bd4a-93447b410621/datanode-6/data/ratis/b2a16f51-f87f-4a93-8b91-ddef9b313da8/in_use.lock acquired by nodename 12955@pr-hdds-2181-ktj56-3106680801
2019-10-11 17:18:11,404 [pool-469-thread-1] INFO  storage.RaftStorage (RaftStorage.java:format(84)) - Storage directory /workdir/hadoop-ozone/integration-test/target/test-dir/MiniOzoneClusterImpl-b2ca8923-5dad-44ba-bd4a-93447b410621/datanode-6/data/ratis/b2a16f51-f87f-4a93-8b91-ddef9b313da8 has been successfully formatted.
2019-10-11 17:18:11,404 [pool-419-thread-1] INFO  storage.RaftStorage (RaftStorage.java:format(84)) - Storage directory /workdir/hadoop-ozone/integration-test/target/test-dir/MiniOzoneClusterImpl-b2ca8923-5dad-44ba-bd4a-93447b410621/datanode-1/data/ratis/b2a16f51-f87f-4a93-8b91-ddef9b313da8 has been successfully formatted.
2019-10-11 17:18:11,404 [pool-409-thread-1] INFO  storage.RaftStorage (RaftStorage.java:format(84)) - Storage directory /workdir/hadoop-ozone/integration-test/target/test-dir/MiniOzoneClusterImpl-b2ca8923-5dad-44ba-bd4a-93447b410621/datanode-0/data/ratis/b2a16f51-f87f-4a93-8b91-ddef9b313da8 has been successfully formatted.
2019-10-11 17:18:11,405 [pool-419-thread-1] INFO  ratis.ContainerStateMachine (ContainerStateMachine.java:loadSnapshot(231)) - group-DDEF9B313DA8: The snapshot info is null. Setting the last applied indexto:(t:0, i:~)
2019-10-11 17:18:11,405 [pool-409-thread-1] INFO  ratis.ContainerStateMachine (ContainerStateMachine.java:loadSnapshot(231)) - group-DDEF9B313DA8: The snapshot info is null. Setting the last applied indexto:(t:0, i:~)
2019-10-11 17:18:11,404 [pool-469-thread-1] INFO  ratis.ContainerStateMachine (ContainerStateMachine.java:loadSnapshot(231)) - group-DDEF9B313DA8: The snapshot info is null. Setting the last applied indexto:(t:0, i:~)
2019-10-11 17:18:11,405 [pool-409-thread-1] INFO  server.RaftServerConfigKeys (ConfUtils.java:logGet(43)) - raft.server.notification.no-leader.timeout = 120s (custom)
2019-10-11 17:18:11,405 [pool-419-thread-1] INFO  server.RaftServerConfigKeys (ConfUtils.java:logGet(43)) - raft.server.notification.no-leader.timeout = 120s (custom)
2019-10-11 17:18:11,405 [pool-409-thread-1] INFO  server.RaftServerConfigKeys (ConfUtils.java:logGet(43)) - raft.server.log.use.memory = false (default)
2019-10-11 17:18:11,405 [pool-469-thread-1] INFO  server.RaftServerConfigKeys (ConfUtils.java:logGet(43)) - raft.server.notification.no-leader.timeout = 120s (custom)
2019-10-11 17:18:11,406 [pool-409-thread-1] INFO  server.RaftServerConfigKeys (ConfUtils.java:logGet(43)) - raft.server.log.purge.gap = 1000000 (custom)
2019-10-11 17:18:11,405 [pool-419-thread-1] INFO  server.RaftServerConfigKeys (ConfUtils.java:logGet(43)) - raft.server.log.use.memory = false (default)
2019-10-11 17:18:11,406 [pool-409-thread-1] INFO  server.RaftServerConfigKeys (ConfUtils.java:logGet(43)) - raft.server.log.appender.buffer.byte-limit = 33554432 (custom)
2019-10-11 17:18:11,406 [pool-469-thread-1] INFO  server.RaftServerConfigKeys (ConfUtils.java:logGet(43)) - raft.server.log.use.memory = false (default)
2019-10-11 17:18:11,406 [pool-409-thread-1] INFO  server.RaftServerConfigKeys (ConfUtils.java:logGet(43)) - raft.server.log.segment.size.max = 1048576 (custom)
2019-10-11 17:18:11,406 [pool-419-thread-1] INFO  server.RaftServerConfigKeys (ConfUtils.java:logGet(43)) - raft.server.log.purge.gap = 1000000 (custom)
2019-10-11 17:18:11,407 [pool-409-thread-1] INFO  server.RaftServerConfigKeys (ConfUtils.java:logGet(43)) - raft.server.log.segment.cache.num.max = 2 (custom)
2019-10-11 17:18:11,406 [pool-469-thread-1] INFO  server.RaftServerConfigKeys (ConfUtils.java:logGet(43)) - raft.server.log.purge.gap = 1000000 (custom)
2019-10-11 17:18:11,407 [pool-409-thread-1] INFO  segmented.SegmentedRaftLogWorker (SegmentedRaftLogWorker.java:<init>(173)) - new 8e4ae056-a4b6-46d1-8c8d-fadd47bf60fd@group-DDEF9B313DA8-SegmentedRaftLogWorker for RaftStorage:Storage Directory /workdir/hadoop-ozone/integration-test/target/test-dir/MiniOzoneClusterImpl-b2ca8923-5dad-44ba-bd4a-93447b410621/datanode-0/data/ratis/b2a16f51-f87f-4a93-8b91-ddef9b313da8
2019-10-11 17:18:11,407 [pool-419-thread-1] INFO  server.RaftServerConfigKeys (ConfUtils.java:logGet(43)) - raft.server.log.appender.buffer.byte-limit = 33554432 (custom)
2019-10-11 17:18:11,407 [pool-409-thread-1] INFO  server.RaftServerConfigKeys (ConfUtils.java:logGet(43)) - raft.server.log.queue.byte-limit = 2147483647 (custom)
2019-10-11 17:18:11,407 [pool-469-thread-1] INFO  server.RaftServerConfigKeys (ConfUtils.java:logGet(43)) - raft.server.log.appender.buffer.byte-limit = 33554432 (custom)
2019-10-11 17:18:11,407 [pool-409-thread-1] INFO  server.RaftServerConfigKeys (ConfUtils.java:logGet(43)) - raft.server.log.queue.element-limit = 1024 (custom)
2019-10-11 17:18:11,407 [pool-419-thread-1] INFO  server.RaftServerConfigKeys (ConfUtils.java:logGet(43)) - raft.server.log.segment.size.max = 1048576 (custom)
2019-10-11 17:18:11,408 [pool-409-thread-1] INFO  server.RaftServerConfigKeys (ConfUtils.java:logGet(43)) - raft.server.log.segment.size.max = 1048576 (custom)
2019-10-11 17:18:11,408 [pool-409-thread-1] INFO  server.RaftServerConfigKeys (ConfUtils.java:logGet(43)) - raft.server.log.preallocated.size = 16384 (custom)
2019-10-11 17:18:11,408 [pool-469-thread-1] INFO  server.RaftServerConfigKeys (ConfUtils.java:logGet(43)) - raft.server.log.segment.size.max = 1048576 (custom)
2019-10-11 17:18:11,408 [pool-409-thread-1] INFO  server.RaftServerConfigKeys (ConfUtils.java:logGet(43)) - raft.server.log.write.buffer.size = 33554432 (custom)
2019-10-11 17:18:11,408 [pool-419-thread-1] INFO  server.RaftServerConfigKeys (ConfUtils.java:logGet(43)) - raft.server.log.segment.cache.num.max = 2 (custom)
2019-10-11 17:18:11,408 [pool-409-thread-1] INFO  server.RaftServerConfigKeys (ConfUtils.java:logGet(43)) - raft.server.log.force.sync.num = 128 (default)
2019-10-11 17:18:11,408 [pool-469-thread-1] INFO  server.RaftServerConfigKeys (ConfUtils.java:logGet(43)) - raft.server.log.segment.cache.num.max = 2 (custom)
2019-10-11 17:18:11,409 [pool-409-thread-1] INFO  server.RaftServerConfigKeys (ConfUtils.java:logGet(43)) - raft.server.log.statemachine.data.sync = true (default)
2019-10-11 17:18:11,409 [pool-419-thread-1] INFO  segmented.SegmentedRaftLogWorker (SegmentedRaftLogWorker.java:<init>(173)) - new 118cdbac-715f-4342-82a9-f07e763fc80a@group-DDEF9B313DA8-SegmentedRaftLogWorker for RaftStorage:Storage Directory /workdir/hadoop-ozone/integration-test/target/test-dir/MiniOzoneClusterImpl-b2ca8923-5dad-44ba-bd4a-93447b410621/datanode-1/data/ratis/b2a16f51-f87f-4a93-8b91-ddef9b313da8
2019-10-11 17:18:11,409 [pool-409-thread-1] INFO  server.RaftServerConfigKeys (ConfUtils.java:logGet(43)) - raft.server.log.statemachine.data.sync.timeout = 10s (default)
2019-10-11 17:18:11,409 [pool-469-thread-1] INFO  segmented.SegmentedRaftLogWorker (SegmentedRaftLogWorker.java:<init>(173)) - new 1881e1b1-a416-4676-83ce-8113df23a0f6@group-DDEF9B313DA8-SegmentedRaftLogWorker for RaftStorage:Storage Directory /workdir/hadoop-ozone/integration-test/target/test-dir/MiniOzoneClusterImpl-b2ca8923-5dad-44ba-bd4a-93447b410621/datanode-6/data/ratis/b2a16f51-f87f-4a93-8b91-ddef9b313da8
2019-10-11 17:18:11,409 [pool-409-thread-1] INFO  server.RaftServerConfigKeys (ConfUtils.java:logGet(43)) - raft.server.log.statemachine.data.sync.timeout.retry = -1 (default)
2019-10-11 17:18:11,409 [pool-419-thread-1] INFO  server.RaftServerConfigKeys (ConfUtils.java:logGet(43)) - raft.server.log.queue.byte-limit = 2147483647 (custom)
2019-10-11 17:18:11,410 [pool-409-thread-1] INFO  server.RaftServerConfigKeys (ConfUtils.java:logGet(43)) - raft.server.log.statemachine.data.caching.enabled = true (custom)
2019-10-11 17:18:11,409 [pool-469-thread-1] INFO  server.RaftServerConfigKeys (ConfUtils.java:logGet(43)) - raft.server.log.queue.byte-limit = 2147483647 (custom)
2019-10-11 17:18:11,410 [pool-419-thread-1] INFO  server.RaftServerConfigKeys (ConfUtils.java:logGet(43)) - raft.server.log.queue.element-limit = 1024 (custom)
2019-10-11 17:18:11,410 [pool-469-thread-1] INFO  server.RaftServerConfigKeys (ConfUtils.java:logGet(43)) - raft.server.log.queue.element-limit = 1024 (custom)
2019-10-11 17:18:11,410 [pool-409-thread-1] INFO  segmented.SegmentedRaftLogWorker (SegmentedRaftLogWorker.java:lambda$new$0(128)) - 8e4ae056-a4b6-46d1-8c8d-fadd47bf60fd@group-DDEF9B313DA8-SegmentedRaftLogWorker: flushIndex: setUnconditionally 0 -> -1
2019-10-11 17:18:11,410 [pool-469-thread-1] INFO  server.RaftServerConfigKeys (ConfUtils.java:logGet(43)) - raft.server.log.segment.size.max = 1048576 (custom)
2019-10-11 17:18:11,410 [pool-419-thread-1] INFO  server.RaftServerConfigKeys (ConfUtils.java:logGet(43)) - raft.server.log.segment.size.max = 1048576 (custom)
2019-10-11 17:18:11,411 [pool-469-thread-1] INFO  server.RaftServerConfigKeys (ConfUtils.java:logGet(43)) - raft.server.log.preallocated.size = 16384 (custom)
2019-10-11 17:18:11,411 [pool-409-thread-1] INFO  server.RaftServerConfigKeys (ConfUtils.java:logGet(43)) - raft.server.snapshot.auto.trigger.enabled = true (custom)
2019-10-11 17:18:11,411 [pool-469-thread-1] INFO  server.RaftServerConfigKeys (ConfUtils.java:logGet(43)) - raft.server.log.write.buffer.size = 33554432 (custom)
2019-10-11 17:18:11,411 [pool-419-thread-1] INFO  server.RaftServerConfigKeys (ConfUtils.java:logGet(43)) - raft.server.log.preallocated.size = 16384 (custom)
2019-10-11 17:18:11,411 [pool-469-thread-1] INFO  server.RaftServerConfigKeys (ConfUtils.java:logGet(43)) - raft.server.log.force.sync.num = 128 (default)
2019-10-11 17:18:11,411 [pool-409-thread-1] INFO  server.RaftServerConfigKeys (ConfUtils.java:logGet(43)) - raft.server.snapshot.auto.trigger.threshold = 10000 (custom)
2019-10-11 17:18:11,412 [pool-469-thread-1] INFO  server.RaftServerConfigKeys (ConfUtils.java:logGet(43)) - raft.server.log.statemachine.data.sync = true (default)
2019-10-11 17:18:11,412 [pool-419-thread-1] INFO  server.RaftServerConfigKeys (ConfUtils.java:logGet(43)) - raft.server.log.write.buffer.size = 33554432 (custom)
2019-10-11 17:18:11,412 [pool-469-thread-1] INFO  server.RaftServerConfigKeys (ConfUtils.java:logGet(43)) - raft.server.log.statemachine.data.sync.timeout = 10s (default)
2019-10-11 17:18:11,412 [pool-409-thread-1] INFO  server.RaftServerConfigKeys (ConfUtils.java:logGet(43)) - raft.server.snapshot.retention.file.num = 5 (custom)
2019-10-11 17:18:11,412 [pool-469-thread-1] INFO  server.RaftServerConfigKeys (ConfUtils.java:logGet(43)) - raft.server.log.statemachine.data.sync.timeout.retry = -1 (default)
2019-10-11 17:18:11,412 [pool-419-thread-1] INFO  server.RaftServerConfigKeys (ConfUtils.java:logGet(43)) - raft.server.log.force.sync.num = 128 (default)
2019-10-11 17:18:11,413 [pool-469-thread-1] INFO  server.RaftServerConfigKeys (ConfUtils.java:logGet(43)) - raft.server.log.statemachine.data.caching.enabled = true (custom)
2019-10-11 17:18:11,412 [pool-409-thread-1] INFO  server.RaftServerConfigKeys (ConfUtils.java:logGet(43)) - raft.server.retrycache.expirytime = 600000ms (custom)
2019-10-11 17:18:11,413 [pool-419-thread-1] INFO  server.RaftServerConfigKeys (ConfUtils.java:logGet(43)) - raft.server.log.statemachine.data.sync = true (default)
2019-10-11 17:18:11,413 [pool-469-thread-1] INFO  segmented.SegmentedRaftLogWorker (SegmentedRaftLogWorker.java:lambda$new$0(128)) - 1881e1b1-a416-4676-83ce-8113df23a0f6@group-DDEF9B313DA8-SegmentedRaftLogWorker: flushIndex: setUnconditionally 0 -> -1
2019-10-11 17:18:11,413 [pool-419-thread-1] INFO  server.RaftServerConfigKeys (ConfUtils.java:logGet(43)) - raft.server.log.statemachine.data.sync.timeout = 10s (default)
2019-10-11 17:18:11,413 [pool-419-thread-1] INFO  server.RaftServerConfigKeys (ConfUtils.java:logGet(43)) - raft.server.log.statemachine.data.sync.timeout.retry = -1 (default)
2019-10-11 17:18:11,413 [pool-469-thread-1] INFO  server.RaftServerConfigKeys (ConfUtils.java:logGet(43)) - raft.server.snapshot.auto.trigger.enabled = true (custom)
2019-10-11 17:18:11,414 [pool-419-thread-1] INFO  server.RaftServerConfigKeys (ConfUtils.java:logGet(43)) - raft.server.log.statemachine.data.caching.enabled = true (custom)
2019-10-11 17:18:11,414 [pool-469-thread-1] INFO  server.RaftServerConfigKeys (ConfUtils.java:logGet(43)) - raft.server.snapshot.auto.trigger.threshold = 10000 (custom)
2019-10-11 17:18:11,414 [pool-469-thread-1] INFO  server.RaftServerConfigKeys (ConfUtils.java:logGet(43)) - raft.server.snapshot.retention.file.num = 5 (custom)
2019-10-11 17:18:11,414 [pool-419-thread-1] INFO  segmented.SegmentedRaftLogWorker (SegmentedRaftLogWorker.java:lambda$new$0(128)) - 118cdbac-715f-4342-82a9-f07e763fc80a@group-DDEF9B313DA8-SegmentedRaftLogWorker: flushIndex: setUnconditionally 0 -> -1
2019-10-11 17:18:11,414 [pool-469-thread-1] INFO  server.RaftServerConfigKeys (ConfUtils.java:logGet(43)) - raft.server.retrycache.expirytime = 600000ms (custom)
2019-10-11 17:18:11,414 [pool-419-thread-1] INFO  server.RaftServerConfigKeys (ConfUtils.java:logGet(43)) - raft.server.snapshot.auto.trigger.enabled = true (custom)
2019-10-11 17:18:11,415 [pool-419-thread-1] INFO  server.RaftServerConfigKeys (ConfUtils.java:logGet(43)) - raft.server.snapshot.auto.trigger.threshold = 10000 (custom)
2019-10-11 17:18:11,415 [pool-419-thread-1] INFO  server.RaftServerConfigKeys (ConfUtils.java:logGet(43)) - raft.server.snapshot.retention.file.num = 5 (custom)
2019-10-11 17:18:11,415 [pool-419-thread-1] INFO  server.RaftServerConfigKeys (ConfUtils.java:logGet(43)) - raft.server.retrycache.expirytime = 600000ms (custom)
2019-10-11 17:18:11,415 [pool-409-thread-1] INFO  impl.RaftServerImpl (RaftServerImpl.java:start(181)) - 8e4ae056-a4b6-46d1-8c8d-fadd47bf60fd@group-DDEF9B313DA8: start as a follower, conf=-1: [1881e1b1-a416-4676-83ce-8113df23a0f6:192.168.164.206:33411, 118cdbac-715f-4342-82a9-f07e763fc80a:192.168.164.206:37337, 8e4ae056-a4b6-46d1-8c8d-fadd47bf60fd:192.168.164.206:35596], old=null
2019-10-11 17:18:11,415 [pool-409-thread-1] INFO  impl.RaftServerImpl (RaftServerImpl.java:setRole(170)) - 8e4ae056-a4b6-46d1-8c8d-fadd47bf60fd@group-DDEF9B313DA8: changes role from      null to FOLLOWER at term 0 for startAsFollower
2019-10-11 17:18:11,415 [pool-409-thread-1] INFO  impl.RoleInfo (RoleInfo.java:updateAndGet(143)) - 8e4ae056-a4b6-46d1-8c8d-fadd47bf60fd: start FollowerState
2019-10-11 17:18:11,416 [pool-409-thread-1] INFO  util.JmxRegister (JmxRegister.java:tryRegister(44)) - Successfully registered JMX Bean with object name Ratis:service=RaftServer,group=group-DDEF9B313DA8,id=8e4ae056-a4b6-46d1-8c8d-fadd47bf60fd
2019-10-11 17:18:11,418 [pool-469-thread-1] INFO  impl.RaftServerImpl (RaftServerImpl.java:start(181)) - 1881e1b1-a416-4676-83ce-8113df23a0f6@group-DDEF9B313DA8: start as a follower, conf=-1: [1881e1b1-a416-4676-83ce-8113df23a0f6:192.168.164.206:33411, 118cdbac-715f-4342-82a9-f07e763fc80a:192.168.164.206:37337, 8e4ae056-a4b6-46d1-8c8d-fadd47bf60fd:192.168.164.206:35596], old=null
2019-10-11 17:18:11,418 [pool-469-thread-1] INFO  impl.RaftServerImpl (RaftServerImpl.java:setRole(170)) - 1881e1b1-a416-4676-83ce-8113df23a0f6@group-DDEF9B313DA8: changes role from      null to FOLLOWER at term 0 for startAsFollower
2019-10-11 17:18:11,418 [pool-469-thread-1] INFO  impl.RoleInfo (RoleInfo.java:updateAndGet(143)) - 1881e1b1-a416-4676-83ce-8113df23a0f6: start FollowerState
2019-10-11 17:18:11,418 [pool-419-thread-1] INFO  impl.RaftServerImpl (RaftServerImpl.java:start(181)) - 118cdbac-715f-4342-82a9-f07e763fc80a@group-DDEF9B313DA8: start as a follower, conf=-1: [1881e1b1-a416-4676-83ce-8113df23a0f6:192.168.164.206:33411, 118cdbac-715f-4342-82a9-f07e763fc80a:192.168.164.206:37337, 8e4ae056-a4b6-46d1-8c8d-fadd47bf60fd:192.168.164.206:35596], old=null
2019-10-11 17:18:11,418 [pool-419-thread-1] INFO  impl.RaftServerImpl (RaftServerImpl.java:setRole(170)) - 118cdbac-715f-4342-82a9-f07e763fc80a@group-DDEF9B313DA8: changes role from      null to FOLLOWER at term 0 for startAsFollower
2019-10-11 17:18:11,418 [pool-469-thread-1] INFO  util.JmxRegister (JmxRegister.java:tryRegister(44)) - Successfully registered JMX Bean with object name Ratis:service=RaftServer,group=group-DDEF9B313DA8,id=1881e1b1-a416-4676-83ce-8113df23a0f6
2019-10-11 17:18:11,418 [pool-419-thread-1] INFO  impl.RoleInfo (RoleInfo.java:updateAndGet(143)) - 118cdbac-715f-4342-82a9-f07e763fc80a: start FollowerState
2019-10-11 17:18:11,419 [pool-419-thread-1] INFO  util.JmxRegister (JmxRegister.java:tryRegister(44)) - Successfully registered JMX Bean with object name Ratis:service=RaftServer,group=group-DDEF9B313DA8,id=118cdbac-715f-4342-82a9-f07e763fc80a
2019-10-11 17:18:11,424 [RatisPipelineUtilsThread] INFO  pipeline.PipelineStateManager (PipelineStateManager.java:addPipeline(56)) - Created pipeline Pipeline[ Id: b2a16f51-f87f-4a93-8b91-ddef9b313da8, Nodes: 1881e1b1-a416-4676-83ce-8113df23a0f6{ip: 192.168.164.206, host: pr-hdds-2181-ktj56-3106680801, networkLocation: /default-rack, certSerialId: null}8e4ae056-a4b6-46d1-8c8d-fadd47bf60fd{ip: 192.168.164.206, host: pr-hdds-2181-ktj56-3106680801, networkLocation: /default-rack, certSerialId: null}118cdbac-715f-4342-82a9-f07e763fc80a{ip: 192.168.164.206, host: pr-hdds-2181-ktj56-3106680801, networkLocation: /default-rack, certSerialId: null}, Type:RATIS, Factor:THREE, State:OPEN]
2019-10-11 17:18:13,672 [Thread-3086] INFO  container.ReplicationManager (ReplicationManager.java:start(162)) - Starting Replication Monitor Thread.
2019-10-11 17:18:13,677 [ReplicationMonitor] INFO  container.ReplicationManager (ReplicationManager.java:run(225)) - Replication Monitor Thread took 0 milliseconds for processing 1 containers.
2019-10-11 17:18:15,793 [Thread-3088] INFO  impl.FollowerState (FollowerState.java:run(108)) - 8e4ae056-a4b6-46d1-8c8d-fadd47bf60fd@group-80362FA3BA7E-FollowerState: change to CANDIDATE, lastRpcTime:5037ms, electionTimeout:5037ms
2019-10-11 17:18:15,794 [Thread-3088] INFO  impl.RoleInfo (RoleInfo.java:shutdownFollowerState(121)) - 8e4ae056-a4b6-46d1-8c8d-fadd47bf60fd: shutdown FollowerState
2019-10-11 17:18:15,794 [Thread-3088] INFO  impl.RaftServerImpl (RaftServerImpl.java:setRole(170)) - 8e4ae056-a4b6-46d1-8c8d-fadd47bf60fd@group-80362FA3BA7E: changes role from  FOLLOWER to CANDIDATE at term 0 for changeToCandidate
2019-10-11 17:18:15,795 [Thread-3088] INFO  impl.RoleInfo (RoleInfo.java:updateAndGet(143)) - 8e4ae056-a4b6-46d1-8c8d-fadd47bf60fd: start LeaderElection
2019-10-11 17:18:15,842 [8e4ae056-a4b6-46d1-8c8d-fadd47bf60fd@group-80362FA3BA7E-LeaderElection67] INFO  impl.LeaderElection (LeaderElection.java:askForVotes(178)) - 8e4ae056-a4b6-46d1-8c8d-fadd47bf60fd@group-80362FA3BA7E-LeaderElection67: begin an election at term 1 for -1: [8e4ae056-a4b6-46d1-8c8d-fadd47bf60fd:192.168.164.206:35596], old=null
2019-10-11 17:18:15,843 [8e4ae056-a4b6-46d1-8c8d-fadd47bf60fd@group-80362FA3BA7E-LeaderElection67] INFO  impl.RoleInfo (RoleInfo.java:shutdownLeaderElection(134)) - 8e4ae056-a4b6-46d1-8c8d-fadd47bf60fd: shutdown LeaderElection
2019-10-11 17:18:15,843 [8e4ae056-a4b6-46d1-8c8d-fadd47bf60fd@group-80362FA3BA7E-LeaderElection67] INFO  impl.RaftServerImpl (RaftServerImpl.java:setRole(170)) - 8e4ae056-a4b6-46d1-8c8d-fadd47bf60fd@group-80362FA3BA7E: changes role from CANDIDATE to LEADER at term 1 for changeToLeader
2019-10-11 17:18:15,843 [8e4ae056-a4b6-46d1-8c8d-fadd47bf60fd@group-80362FA3BA7E-LeaderElection67] INFO  impl.RaftServerImpl (ServerState.java:setLeader(255)) - 8e4ae056-a4b6-46d1-8c8d-fadd47bf60fd@group-80362FA3BA7E: change Leader from null to 8e4ae056-a4b6-46d1-8c8d-fadd47bf60fd at term 1 for becomeLeader, leader elected after 5096ms
2019-10-11 17:18:15,843 [8e4ae056-a4b6-46d1-8c8d-fadd47bf60fd@group-80362FA3BA7E-LeaderElection67] INFO  server.RaftServerConfigKeys (ConfUtils.java:logGet(43)) - raft.server.staging.catchup.gap = 1000 (default)
2019-10-11 17:18:15,844 [8e4ae056-a4b6-46d1-8c8d-fadd47bf60fd@group-80362FA3BA7E-LeaderElection67] INFO  server.RaftServerConfigKeys (ConfUtils.java:logGet(43)) - raft.server.rpc.sleep.time = 25ms (default)
2019-10-11 17:18:15,844 [8e4ae056-a4b6-46d1-8c8d-fadd47bf60fd@group-80362FA3BA7E-LeaderElection67] INFO  server.RaftServerConfigKeys (ConfUtils.java:logGet(43)) - raft.server.write.element-limit = 4096 (default)
2019-10-11 17:18:15,845 [8e4ae056-a4b6-46d1-8c8d-fadd47bf60fd@group-80362FA3BA7E-LeaderElection67] INFO  server.RaftServerConfigKeys (ConfUtils.java:logGet(43)) - raft.server.watch.timeout = 10s (default)
2019-10-11 17:18:15,845 [8e4ae056-a4b6-46d1-8c8d-fadd47bf60fd@group-80362FA3BA7E-LeaderElection67] INFO  server.RaftServerConfigKeys (ConfUtils.java:logGet(43)) - raft.server.watch.timeout.denomination = 1s (default)
2019-10-11 17:18:15,845 [8e4ae056-a4b6-46d1-8c8d-fadd47bf60fd@group-80362FA3BA7E-LeaderElection67] INFO  server.RaftServerConfigKeys (ConfUtils.java:logGet(43)) - raft.server.watch.element-limit = 65536 (default)
2019-10-11 17:18:15,850 [8e4ae056-a4b6-46d1-8c8d-fadd47bf60fd@group-80362FA3BA7E-LeaderElection67] INFO  impl.RoleInfo (RoleInfo.java:updateAndGet(143)) - 8e4ae056-a4b6-46d1-8c8d-fadd47bf60fd: start LeaderState
2019-10-11 17:18:15,851 [8e4ae056-a4b6-46d1-8c8d-fadd47bf60fd@group-80362FA3BA7E-LeaderElection67] INFO  segmented.SegmentedRaftLogWorker (SegmentedRaftLogWorker.java:startLogSegment(385)) - 8e4ae056-a4b6-46d1-8c8d-fadd47bf60fd@group-80362FA3BA7E-SegmentedRaftLogWorker: Starting segment from index:0
2019-10-11 17:18:15,852 [8e4ae056-a4b6-46d1-8c8d-fadd47bf60fd@group-80362FA3BA7E-LeaderElection67] INFO  impl.RaftServerImpl (ServerState.java:setRaftConf(356)) - 8e4ae056-a4b6-46d1-8c8d-fadd47bf60fd@group-80362FA3BA7E: set configuration 0: [8e4ae056-a4b6-46d1-8c8d-fadd47bf60fd:192.168.164.206:35596], old=null at 0
2019-10-11 17:18:15,890 [Thread-3091] INFO  impl.FollowerState (FollowerState.java:run(108)) - 118cdbac-715f-4342-82a9-f07e763fc80a@group-FA2EEE764E07-FollowerState: change to CANDIDATE, lastRpcTime:5060ms, electionTimeout:5057ms
2019-10-11 17:18:15,891 [Thread-3091] INFO  impl.RoleInfo (RoleInfo.java:shutdownFollowerState(121)) - 118cdbac-715f-4342-82a9-f07e763fc80a: shutdown FollowerState
2019-10-11 17:18:15,891 [Thread-3091] INFO  impl.RaftServerImpl (RaftServerImpl.java:setRole(170)) - 118cdbac-715f-4342-82a9-f07e763fc80a@group-FA2EEE764E07: changes role from  FOLLOWER to CANDIDATE at term 0 for changeToCandidate
2019-10-11 17:18:15,891 [Thread-3091] INFO  impl.RoleInfo (RoleInfo.java:updateAndGet(143)) - 118cdbac-715f-4342-82a9-f07e763fc80a: start LeaderElection
2019-10-11 17:18:15,913 [8e4ae056-a4b6-46d1-8c8d-fadd47bf60fd@group-80362FA3BA7E-SegmentedRaftLogWorker] INFO  segmented.SegmentedRaftLogWorker (SegmentedRaftLogWorker.java:execute(574)) - 8e4ae056-a4b6-46d1-8c8d-fadd47bf60fd@group-80362FA3BA7E-SegmentedRaftLogWorker: created new log segment /workdir/hadoop-ozone/integration-test/target/test-dir/MiniOzoneClusterImpl-b2ca8923-5dad-44ba-bd4a-93447b410621/datanode-0/data/ratis/554016a0-e101-4bac-88b4-80362fa3ba7e/current/log_inprogress_0
2019-10-11 17:18:15,913 [118cdbac-715f-4342-82a9-f07e763fc80a@group-FA2EEE764E07-LeaderElection68] INFO  impl.LeaderElection (LeaderElection.java:askForVotes(178)) - 118cdbac-715f-4342-82a9-f07e763fc80a@group-FA2EEE764E07-LeaderElection68: begin an election at term 1 for -1: [118cdbac-715f-4342-82a9-f07e763fc80a:192.168.164.206:37337], old=null
2019-10-11 17:18:15,913 [118cdbac-715f-4342-82a9-f07e763fc80a@group-FA2EEE764E07-LeaderElection68] INFO  impl.RoleInfo (RoleInfo.java:shutdownLeaderElection(134)) - 118cdbac-715f-4342-82a9-f07e763fc80a: shutdown LeaderElection
2019-10-11 17:18:15,914 [118cdbac-715f-4342-82a9-f07e763fc80a@group-FA2EEE764E07-LeaderElection68] INFO  impl.RaftServerImpl (RaftServerImpl.java:setRole(170)) - 118cdbac-715f-4342-82a9-f07e763fc80a@group-FA2EEE764E07: changes role from CANDIDATE to LEADER at term 1 for changeToLeader
2019-10-11 17:18:15,914 [118cdbac-715f-4342-82a9-f07e763fc80a@group-FA2EEE764E07-LeaderElection68] INFO  impl.RaftServerImpl (ServerState.java:setLeader(255)) - 118cdbac-715f-4342-82a9-f07e763fc80a@group-FA2EEE764E07: change Leader from null to 118cdbac-715f-4342-82a9-f07e763fc80a at term 1 for becomeLeader, leader elected after 5091ms
2019-10-11 17:18:15,914 [118cdbac-715f-4342-82a9-f07e763fc80a@group-FA2EEE764E07-LeaderElection68] INFO  server.RaftServerConfigKeys (ConfUtils.java:logGet(43)) - raft.server.staging.catchup.gap = 1000 (default)
2019-10-11 17:18:15,914 [118cdbac-715f-4342-82a9-f07e763fc80a@group-FA2EEE764E07-LeaderElection68] INFO  server.RaftServerConfigKeys (ConfUtils.java:logGet(43)) - raft.server.rpc.sleep.time = 25ms (default)
2019-10-11 17:18:15,914 [118cdbac-715f-4342-82a9-f07e763fc80a@group-FA2EEE764E07-LeaderElection68] INFO  server.RaftServerConfigKeys (ConfUtils.java:logGet(43)) - raft.server.write.element-limit = 4096 (default)
2019-10-11 17:18:15,914 [118cdbac-715f-4342-82a9-f07e763fc80a@group-FA2EEE764E07-LeaderElection68] INFO  server.RaftServerConfigKeys (ConfUtils.java:logGet(43)) - raft.server.watch.timeout = 10s (default)
2019-10-11 17:18:15,915 [118cdbac-715f-4342-82a9-f07e763fc80a@group-FA2EEE764E07-LeaderElection68] INFO  server.RaftServerConfigKeys (ConfUtils.java:logGet(43)) - raft.server.watch.timeout.denomination = 1s (default)
2019-10-11 17:18:15,915 [118cdbac-715f-4342-82a9-f07e763fc80a@group-FA2EEE764E07-LeaderElection68] INFO  server.RaftServerConfigKeys (ConfUtils.java:logGet(43)) - raft.server.watch.element-limit = 65536 (default)
2019-10-11 17:18:15,917 [118cdbac-715f-4342-82a9-f07e763fc80a@group-FA2EEE764E07-LeaderElection68] INFO  impl.RoleInfo (RoleInfo.java:updateAndGet(143)) - 118cdbac-715f-4342-82a9-f07e763fc80a: start LeaderState
2019-10-11 17:18:15,917 [118cdbac-715f-4342-82a9-f07e763fc80a@group-FA2EEE764E07-LeaderElection68] INFO  segmented.SegmentedRaftLogWorker (SegmentedRaftLogWorker.java:startLogSegment(385)) - 118cdbac-715f-4342-82a9-f07e763fc80a@group-FA2EEE764E07-SegmentedRaftLogWorker: Starting segment from index:0
2019-10-11 17:18:15,918 [118cdbac-715f-4342-82a9-f07e763fc80a@group-FA2EEE764E07-LeaderElection68] INFO  impl.RaftServerImpl (ServerState.java:setRaftConf(356)) - 118cdbac-715f-4342-82a9-f07e763fc80a@group-FA2EEE764E07: set configuration 0: [118cdbac-715f-4342-82a9-f07e763fc80a:192.168.164.206:37337], old=null at 0
2019-10-11 17:18:15,978 [118cdbac-715f-4342-82a9-f07e763fc80a@group-FA2EEE764E07-SegmentedRaftLogWorker] INFO  segmented.SegmentedRaftLogWorker (SegmentedRaftLogWorker.java:execute(574)) - 118cdbac-715f-4342-82a9-f07e763fc80a@group-FA2EEE764E07-SegmentedRaftLogWorker: created new log segment /workdir/hadoop-ozone/integration-test/target/test-dir/MiniOzoneClusterImpl-b2ca8923-5dad-44ba-bd4a-93447b410621/datanode-1/data/ratis/79ffc76c-cbc1-46d6-8cd7-fa2eee764e07/current/log_inprogress_0
2019-10-11 17:18:16,075 [Thread-3094] INFO  impl.FollowerState (FollowerState.java:run(108)) - 5cb6b437-c2e1-454c-b3fa-c3dae831a88d@group-3FD4B0986433-FollowerState: change to CANDIDATE, lastRpcTime:5171ms, electionTimeout:5171ms
2019-10-11 17:18:16,075 [Thread-3094] INFO  impl.RoleInfo (RoleInfo.java:shutdownFollowerState(121)) - 5cb6b437-c2e1-454c-b3fa-c3dae831a88d: shutdown FollowerState
2019-10-11 17:18:16,076 [Thread-3094] INFO  impl.RaftServerImpl (RaftServerImpl.java:setRole(170)) - 5cb6b437-c2e1-454c-b3fa-c3dae831a88d@group-3FD4B0986433: changes role from  FOLLOWER to CANDIDATE at term 0 for changeToCandidate
2019-10-11 17:18:16,076 [Thread-3094] INFO  impl.RoleInfo (RoleInfo.java:updateAndGet(143)) - 5cb6b437-c2e1-454c-b3fa-c3dae831a88d: start LeaderElection
2019-10-11 17:18:16,092 [Thread-3100] INFO  impl.FollowerState (FollowerState.java:run(108)) - 3919957f-5492-4e2e-9554-c3e87ed23817@group-9AC3E8F2423D-FollowerState: change to CANDIDATE, lastRpcTime:5002ms, electionTimeout:5002ms
2019-10-11 17:18:16,092 [Thread-3100] INFO  impl.RoleInfo (RoleInfo.java:shutdownFollowerState(121)) - 3919957f-5492-4e2e-9554-c3e87ed23817: shutdown FollowerState
2019-10-11 17:18:16,092 [Thread-3100] INFO  impl.RaftServerImpl (RaftServerImpl.java:setRole(170)) - 3919957f-5492-4e2e-9554-c3e87ed23817@group-9AC3E8F2423D: changes role from  FOLLOWER to CANDIDATE at term 0 for changeToCandidate
2019-10-11 17:18:16,092 [Thread-3100] INFO  impl.RoleInfo (RoleInfo.java:updateAndGet(143)) - 3919957f-5492-4e2e-9554-c3e87ed23817: start LeaderElection
2019-10-11 17:18:16,106 [5cb6b437-c2e1-454c-b3fa-c3dae831a88d@group-3FD4B0986433-LeaderElection69] INFO  impl.LeaderElection (LeaderElection.java:askForVotes(178)) - 5cb6b437-c2e1-454c-b3fa-c3dae831a88d@group-3FD4B0986433-LeaderElection69: begin an election at term 1 for -1: [5cb6b437-c2e1-454c-b3fa-c3dae831a88d:192.168.164.206:34352], old=null
2019-10-11 17:18:16,106 [5cb6b437-c2e1-454c-b3fa-c3dae831a88d@group-3FD4B0986433-LeaderElection69] INFO  impl.RoleInfo (RoleInfo.java:shutdownLeaderElection(134)) - 5cb6b437-c2e1-454c-b3fa-c3dae831a88d: shutdown LeaderElection
2019-10-11 17:18:16,106 [5cb6b437-c2e1-454c-b3fa-c3dae831a88d@group-3FD4B0986433-LeaderElection69] INFO  impl.RaftServerImpl (RaftServerImpl.java:setRole(170)) - 5cb6b437-c2e1-454c-b3fa-c3dae831a88d@group-3FD4B0986433: changes role from CANDIDATE to LEADER at term 1 for changeToLeader
2019-10-11 17:18:16,106 [5cb6b437-c2e1-454c-b3fa-c3dae831a88d@group-3FD4B0986433-LeaderElection69] INFO  impl.RaftServerImpl (ServerState.java:setLeader(255)) - 5cb6b437-c2e1-454c-b3fa-c3dae831a88d@group-3FD4B0986433: change Leader from null to 5cb6b437-c2e1-454c-b3fa-c3dae831a88d at term 1 for becomeLeader, leader elected after 5208ms
2019-10-11 17:18:16,107 [5cb6b437-c2e1-454c-b3fa-c3dae831a88d@group-3FD4B0986433-LeaderElection69] INFO  server.RaftServerConfigKeys (ConfUtils.java:logGet(43)) - raft.server.staging.catchup.gap = 1000 (default)
2019-10-11 17:18:16,107 [5cb6b437-c2e1-454c-b3fa-c3dae831a88d@group-3FD4B0986433-LeaderElection69] INFO  server.RaftServerConfigKeys (ConfUtils.java:logGet(43)) - raft.server.rpc.sleep.time = 25ms (default)
2019-10-11 17:18:16,107 [5cb6b437-c2e1-454c-b3fa-c3dae831a88d@group-3FD4B0986433-LeaderElection69] INFO  server.RaftServerConfigKeys (ConfUtils.java:logGet(43)) - raft.server.write.element-limit = 4096 (default)
2019-10-11 17:18:16,107 [5cb6b437-c2e1-454c-b3fa-c3dae831a88d@group-3FD4B0986433-LeaderElection69] INFO  server.RaftServerConfigKeys (ConfUtils.java:logGet(43)) - raft.server.watch.timeout = 10s (default)
2019-10-11 17:18:16,107 [5cb6b437-c2e1-454c-b3fa-c3dae831a88d@group-3FD4B0986433-LeaderElection69] INFO  server.RaftServerConfigKeys (ConfUtils.java:logGet(43)) - raft.server.watch.timeout.denomination = 1s (default)
2019-10-11 17:18:16,107 [5cb6b437-c2e1-454c-b3fa-c3dae831a88d@group-3FD4B0986433-LeaderElection69] INFO  server.RaftServerConfigKeys (ConfUtils.java:logGet(43)) - raft.server.watch.element-limit = 65536 (default)
2019-10-11 17:18:16,109 [5cb6b437-c2e1-454c-b3fa-c3dae831a88d@group-3FD4B0986433-LeaderElection69] INFO  impl.RoleInfo (RoleInfo.java:updateAndGet(143)) - 5cb6b437-c2e1-454c-b3fa-c3dae831a88d: start LeaderState
2019-10-11 17:18:16,110 [5cb6b437-c2e1-454c-b3fa-c3dae831a88d@group-3FD4B0986433-LeaderElection69] INFO  segmented.SegmentedRaftLogWorker (SegmentedRaftLogWorker.java:startLogSegment(385)) - 5cb6b437-c2e1-454c-b3fa-c3dae831a88d@group-3FD4B0986433-SegmentedRaftLogWorker: Starting segment from index:0
2019-10-11 17:18:16,110 [5cb6b437-c2e1-454c-b3fa-c3dae831a88d@group-3FD4B0986433-LeaderElection69] INFO  impl.RaftServerImpl (ServerState.java:setRaftConf(356)) - 5cb6b437-c2e1-454c-b3fa-c3dae831a88d@group-3FD4B0986433: set configuration 0: [5cb6b437-c2e1-454c-b3fa-c3dae831a88d:192.168.164.206:34352], old=null at 0
2019-10-11 17:18:16,117 [3919957f-5492-4e2e-9554-c3e87ed23817@group-9AC3E8F2423D-LeaderElection70] INFO  impl.LeaderElection (LeaderElection.java:askForVotes(178)) - 3919957f-5492-4e2e-9554-c3e87ed23817@group-9AC3E8F2423D-LeaderElection70: begin an election at term 1 for -1: [3919957f-5492-4e2e-9554-c3e87ed23817:192.168.164.206:46678], old=null
2019-10-11 17:18:16,118 [3919957f-5492-4e2e-9554-c3e87ed23817@group-9AC3E8F2423D-LeaderElection70] INFO  impl.RoleInfo (RoleInfo.java:shutdownLeaderElection(134)) - 3919957f-5492-4e2e-9554-c3e87ed23817: shutdown LeaderElection
2019-10-11 17:18:16,118 [3919957f-5492-4e2e-9554-c3e87ed23817@group-9AC3E8F2423D-LeaderElection70] INFO  impl.RaftServerImpl (RaftServerImpl.java:setRole(170)) - 3919957f-5492-4e2e-9554-c3e87ed23817@group-9AC3E8F2423D: changes role from CANDIDATE to LEADER at term 1 for changeToLeader
2019-10-11 17:18:16,118 [3919957f-5492-4e2e-9554-c3e87ed23817@group-9AC3E8F2423D-LeaderElection70] INFO  impl.RaftServerImpl (ServerState.java:setLeader(255)) - 3919957f-5492-4e2e-9554-c3e87ed23817@group-9AC3E8F2423D: change Leader from null to 3919957f-5492-4e2e-9554-c3e87ed23817 at term 1 for becomeLeader, leader elected after 5035ms
2019-10-11 17:18:16,118 [3919957f-5492-4e2e-9554-c3e87ed23817@group-9AC3E8F2423D-LeaderElection70] INFO  server.RaftServerConfigKeys (ConfUtils.java:logGet(43)) - raft.server.staging.catchup.gap = 1000 (default)
2019-10-11 17:18:16,118 [3919957f-5492-4e2e-9554-c3e87ed23817@group-9AC3E8F2423D-LeaderElection70] INFO  server.RaftServerConfigKeys (ConfUtils.java:logGet(43)) - raft.server.rpc.sleep.time = 25ms (default)
2019-10-11 17:18:16,118 [3919957f-5492-4e2e-9554-c3e87ed23817@group-9AC3E8F2423D-LeaderElection70] INFO  server.RaftServerConfigKeys (ConfUtils.java:logGet(43)) - raft.server.write.element-limit = 4096 (default)
2019-10-11 17:18:16,118 [3919957f-5492-4e2e-9554-c3e87ed23817@group-9AC3E8F2423D-LeaderElection70] INFO  server.RaftServerConfigKeys (ConfUtils.java:logGet(43)) - raft.server.watch.timeout = 10s (default)
2019-10-11 17:18:16,118 [3919957f-5492-4e2e-9554-c3e87ed23817@group-9AC3E8F2423D-LeaderElection70] INFO  server.RaftServerConfigKeys (ConfUtils.java:logGet(43)) - raft.server.watch.timeout.denomination = 1s (default)
2019-10-11 17:18:16,119 [3919957f-5492-4e2e-9554-c3e87ed23817@group-9AC3E8F2423D-LeaderElection70] INFO  server.RaftServerConfigKeys (ConfUtils.java:logGet(43)) - raft.server.watch.element-limit = 65536 (default)
2019-10-11 17:18:16,120 [3919957f-5492-4e2e-9554-c3e87ed23817@group-9AC3E8F2423D-LeaderElection70] INFO  impl.RoleInfo (RoleInfo.java:updateAndGet(143)) - 3919957f-5492-4e2e-9554-c3e87ed23817: start LeaderState
2019-10-11 17:18:16,121 [3919957f-5492-4e2e-9554-c3e87ed23817@group-9AC3E8F2423D-LeaderElection70] INFO  segmented.SegmentedRaftLogWorker (SegmentedRaftLogWorker.java:startLogSegment(385)) - 3919957f-5492-4e2e-9554-c3e87ed23817@group-9AC3E8F2423D-SegmentedRaftLogWorker: Starting segment from index:0
2019-10-11 17:18:16,121 [3919957f-5492-4e2e-9554-c3e87ed23817@group-9AC3E8F2423D-LeaderElection70] INFO  impl.RaftServerImpl (ServerState.java:setRaftConf(356)) - 3919957f-5492-4e2e-9554-c3e87ed23817@group-9AC3E8F2423D: set configuration 0: [3919957f-5492-4e2e-9554-c3e87ed23817:192.168.164.206:46678], old=null at 0
2019-10-11 17:18:16,158 [Thread-3097] INFO  impl.FollowerState (FollowerState.java:run(108)) - ffd6ec3f-f769-48ed-b47b-9e3bfbb749de@group-0ECDF70DE905-FollowerState: change to CANDIDATE, lastRpcTime:5184ms, electionTimeout:5184ms
2019-10-11 17:18:16,158 [Thread-3097] INFO  impl.RoleInfo (RoleInfo.java:shutdownFollowerState(121)) - ffd6ec3f-f769-48ed-b47b-9e3bfbb749de: shutdown FollowerState
2019-10-11 17:18:16,159 [Thread-3097] INFO  impl.RaftServerImpl (RaftServerImpl.java:setRole(170)) - ffd6ec3f-f769-48ed-b47b-9e3bfbb749de@group-0ECDF70DE905: changes role from  FOLLOWER to CANDIDATE at term 0 for changeToCandidate
2019-10-11 17:18:16,159 [Thread-3097] INFO  impl.RoleInfo (RoleInfo.java:updateAndGet(143)) - ffd6ec3f-f769-48ed-b47b-9e3bfbb749de: start LeaderElection
2019-10-11 17:18:16,181 [3919957f-5492-4e2e-9554-c3e87ed23817@group-9AC3E8F2423D-SegmentedRaftLogWorker] INFO  segmented.SegmentedRaftLogWorker (SegmentedRaftLogWorker.java:execute(574)) - 3919957f-5492-4e2e-9554-c3e87ed23817@group-9AC3E8F2423D-SegmentedRaftLogWorker: created new log segment /workdir/hadoop-ozone/integration-test/target/test-dir/MiniOzoneClusterImpl-b2ca8923-5dad-44ba-bd4a-93447b410621/datanode-4/data/ratis/40cf1e5e-cfeb-41ba-b307-9ac3e8f2423d/current/log_inprogress_0
2019-10-11 17:18:16,181 [ffd6ec3f-f769-48ed-b47b-9e3bfbb749de@group-0ECDF70DE905-LeaderElection71] INFO  impl.LeaderElection (LeaderElection.java:askForVotes(178)) - ffd6ec3f-f769-48ed-b47b-9e3bfbb749de@group-0ECDF70DE905-LeaderElection71: begin an election at term 1 for -1: [ffd6ec3f-f769-48ed-b47b-9e3bfbb749de:192.168.164.206:34604], old=null
2019-10-11 17:18:16,181 [5cb6b437-c2e1-454c-b3fa-c3dae831a88d@group-3FD4B0986433-SegmentedRaftLogWorker] INFO  segmented.SegmentedRaftLogWorker (SegmentedRaftLogWorker.java:execute(574)) - 5cb6b437-c2e1-454c-b3fa-c3dae831a88d@group-3FD4B0986433-SegmentedRaftLogWorker: created new log segment /workdir/hadoop-ozone/integration-test/target/test-dir/MiniOzoneClusterImpl-b2ca8923-5dad-44ba-bd4a-93447b410621/datanode-2/data/ratis/908e8b86-66da-460c-a4bb-3fd4b0986433/current/log_inprogress_0
2019-10-11 17:18:16,181 [ffd6ec3f-f769-48ed-b47b-9e3bfbb749de@group-0ECDF70DE905-LeaderElection71] INFO  impl.RoleInfo (RoleInfo.java:shutdownLeaderElection(134)) - ffd6ec3f-f769-48ed-b47b-9e3bfbb749de: shutdown LeaderElection
2019-10-11 17:18:16,181 [ffd6ec3f-f769-48ed-b47b-9e3bfbb749de@group-0ECDF70DE905-LeaderElection71] INFO  impl.RaftServerImpl (RaftServerImpl.java:setRole(170)) - ffd6ec3f-f769-48ed-b47b-9e3bfbb749de@group-0ECDF70DE905: changes role from CANDIDATE to LEADER at term 1 for changeToLeader
2019-10-11 17:18:16,181 [ffd6ec3f-f769-48ed-b47b-9e3bfbb749de@group-0ECDF70DE905-LeaderElection71] INFO  impl.RaftServerImpl (ServerState.java:setLeader(255)) - ffd6ec3f-f769-48ed-b47b-9e3bfbb749de@group-0ECDF70DE905: change Leader from null to ffd6ec3f-f769-48ed-b47b-9e3bfbb749de at term 1 for becomeLeader, leader elected after 5215ms
2019-10-11 17:18:16,182 [ffd6ec3f-f769-48ed-b47b-9e3bfbb749de@group-0ECDF70DE905-LeaderElection71] INFO  server.RaftServerConfigKeys (ConfUtils.java:logGet(43)) - raft.server.staging.catchup.gap = 1000 (default)
2019-10-11 17:18:16,182 [ffd6ec3f-f769-48ed-b47b-9e3bfbb749de@group-0ECDF70DE905-LeaderElection71] INFO  server.RaftServerConfigKeys (ConfUtils.java:logGet(43)) - raft.server.rpc.sleep.time = 25ms (default)
2019-10-11 17:18:16,182 [ffd6ec3f-f769-48ed-b47b-9e3bfbb749de@group-0ECDF70DE905-LeaderElection71] INFO  server.RaftServerConfigKeys (ConfUtils.java:logGet(43)) - raft.server.write.element-limit = 4096 (default)
2019-10-11 17:18:16,182 [ffd6ec3f-f769-48ed-b47b-9e3bfbb749de@group-0ECDF70DE905-LeaderElection71] INFO  server.RaftServerConfigKeys (ConfUtils.java:logGet(43)) - raft.server.watch.timeout = 10s (default)
2019-10-11 17:18:16,182 [ffd6ec3f-f769-48ed-b47b-9e3bfbb749de@group-0ECDF70DE905-LeaderElection71] INFO  server.RaftServerConfigKeys (ConfUtils.java:logGet(43)) - raft.server.watch.timeout.denomination = 1s (default)
2019-10-11 17:18:16,182 [ffd6ec3f-f769-48ed-b47b-9e3bfbb749de@group-0ECDF70DE905-LeaderElection71] INFO  server.RaftServerConfigKeys (ConfUtils.java:logGet(43)) - raft.server.watch.element-limit = 65536 (default)
2019-10-11 17:18:16,183 [ffd6ec3f-f769-48ed-b47b-9e3bfbb749de@group-0ECDF70DE905-LeaderElection71] INFO  impl.RoleInfo (RoleInfo.java:updateAndGet(143)) - ffd6ec3f-f769-48ed-b47b-9e3bfbb749de: start LeaderState
2019-10-11 17:18:16,184 [ffd6ec3f-f769-48ed-b47b-9e3bfbb749de@group-0ECDF70DE905-LeaderElection71] INFO  segmented.SegmentedRaftLogWorker (SegmentedRaftLogWorker.java:startLogSegment(385)) - ffd6ec3f-f769-48ed-b47b-9e3bfbb749de@group-0ECDF70DE905-SegmentedRaftLogWorker: Starting segment from index:0
2019-10-11 17:18:16,184 [ffd6ec3f-f769-48ed-b47b-9e3bfbb749de@group-0ECDF70DE905-LeaderElection71] INFO  impl.RaftServerImpl (ServerState.java:setRaftConf(356)) - ffd6ec3f-f769-48ed-b47b-9e3bfbb749de@group-0ECDF70DE905: set configuration 0: [ffd6ec3f-f769-48ed-b47b-9e3bfbb749de:192.168.164.206:34604], old=null at 0
2019-10-11 17:18:16,234 [ffd6ec3f-f769-48ed-b47b-9e3bfbb749de@group-0ECDF70DE905-SegmentedRaftLogWorker] INFO  segmented.SegmentedRaftLogWorker (SegmentedRaftLogWorker.java:execute(574)) - ffd6ec3f-f769-48ed-b47b-9e3bfbb749de@group-0ECDF70DE905-SegmentedRaftLogWorker: created new log segment /workdir/hadoop-ozone/integration-test/target/test-dir/MiniOzoneClusterImpl-b2ca8923-5dad-44ba-bd4a-93447b410621/datanode-3/data/ratis/e6420930-aac0-4c29-8faa-0ecdf70de905/current/log_inprogress_0
2019-10-11 17:18:16,313 [Thread-3105] INFO  impl.FollowerState (FollowerState.java:run(108)) - 5e4a16ac-6e7c-4322-b3ce-dc4822ac959d@group-DEA813E49D95-FollowerState: change to CANDIDATE, lastRpcTime:5147ms, electionTimeout:5147ms
2019-10-11 17:18:16,313 [Thread-3105] INFO  impl.RoleInfo (RoleInfo.java:shutdownFollowerState(121)) - 5e4a16ac-6e7c-4322-b3ce-dc4822ac959d: shutdown FollowerState
2019-10-11 17:18:16,313 [Thread-3105] INFO  impl.RaftServerImpl (RaftServerImpl.java:setRole(170)) - 5e4a16ac-6e7c-4322-b3ce-dc4822ac959d@group-DEA813E49D95: changes role from  FOLLOWER to CANDIDATE at term 0 for changeToCandidate
2019-10-11 17:18:16,313 [Thread-3105] INFO  impl.RoleInfo (RoleInfo.java:updateAndGet(143)) - 5e4a16ac-6e7c-4322-b3ce-dc4822ac959d: start LeaderElection
2019-10-11 17:18:16,351 [5e4a16ac-6e7c-4322-b3ce-dc4822ac959d@group-DEA813E49D95-LeaderElection72] INFO  impl.LeaderElection (LeaderElection.java:askForVotes(178)) - 5e4a16ac-6e7c-4322-b3ce-dc4822ac959d@group-DEA813E49D95-LeaderElection72: begin an election at term 1 for -1: [5e4a16ac-6e7c-4322-b3ce-dc4822ac959d:192.168.164.206:34114], old=null
2019-10-11 17:18:16,351 [5e4a16ac-6e7c-4322-b3ce-dc4822ac959d@group-DEA813E49D95-LeaderElection72] INFO  impl.RoleInfo (RoleInfo.java:shutdownLeaderElection(134)) - 5e4a16ac-6e7c-4322-b3ce-dc4822ac959d: shutdown LeaderElection
2019-10-11 17:18:16,351 [5e4a16ac-6e7c-4322-b3ce-dc4822ac959d@group-DEA813E49D95-LeaderElection72] INFO  impl.RaftServerImpl (RaftServerImpl.java:setRole(170)) - 5e4a16ac-6e7c-4322-b3ce-dc4822ac959d@group-DEA813E49D95: changes role from CANDIDATE to LEADER at term 1 for changeToLeader
2019-10-11 17:18:16,351 [5e4a16ac-6e7c-4322-b3ce-dc4822ac959d@group-DEA813E49D95-LeaderElection72] INFO  impl.RaftServerImpl (ServerState.java:setLeader(255)) - 5e4a16ac-6e7c-4322-b3ce-dc4822ac959d@group-DEA813E49D95: change Leader from null to 5e4a16ac-6e7c-4322-b3ce-dc4822ac959d at term 1 for becomeLeader, leader elected after 5192ms
2019-10-11 17:18:16,351 [5e4a16ac-6e7c-4322-b3ce-dc4822ac959d@group-DEA813E49D95-LeaderElection72] INFO  server.RaftServerConfigKeys (ConfUtils.java:logGet(43)) - raft.server.staging.catchup.gap = 1000 (default)
2019-10-11 17:18:16,352 [5e4a16ac-6e7c-4322-b3ce-dc4822ac959d@group-DEA813E49D95-LeaderElection72] INFO  server.RaftServerConfigKeys (ConfUtils.java:logGet(43)) - raft.server.rpc.sleep.time = 25ms (default)
2019-10-11 17:18:16,352 [5e4a16ac-6e7c-4322-b3ce-dc4822ac959d@group-DEA813E49D95-LeaderElection72] INFO  server.RaftServerConfigKeys (ConfUtils.java:logGet(43)) - raft.server.write.element-limit = 4096 (default)
2019-10-11 17:18:16,352 [5e4a16ac-6e7c-4322-b3ce-dc4822ac959d@group-DEA813E49D95-LeaderElection72] INFO  server.RaftServerConfigKeys (ConfUtils.java:logGet(43)) - raft.server.watch.timeout = 10s (default)
2019-10-11 17:18:16,352 [5e4a16ac-6e7c-4322-b3ce-dc4822ac959d@group-DEA813E49D95-LeaderElection72] INFO  server.RaftServerConfigKeys (ConfUtils.java:logGet(43)) - raft.server.watch.timeout.denomination = 1s (default)
2019-10-11 17:18:16,352 [5e4a16ac-6e7c-4322-b3ce-dc4822ac959d@group-DEA813E49D95-LeaderElection72] INFO  server.RaftServerConfigKeys (ConfUtils.java:logGet(43)) - raft.server.watch.element-limit = 65536 (default)
2019-10-11 17:18:16,354 [5e4a16ac-6e7c-4322-b3ce-dc4822ac959d@group-DEA813E49D95-LeaderElection72] INFO  impl.RoleInfo (RoleInfo.java:updateAndGet(143)) - 5e4a16ac-6e7c-4322-b3ce-dc4822ac959d: start LeaderState
2019-10-11 17:18:16,354 [5e4a16ac-6e7c-4322-b3ce-dc4822ac959d@group-DEA813E49D95-LeaderElection72] INFO  segmented.SegmentedRaftLogWorker (SegmentedRaftLogWorker.java:startLogSegment(385)) - 5e4a16ac-6e7c-4322-b3ce-dc4822ac959d@group-DEA813E49D95-SegmentedRaftLogWorker: Starting segment from index:0
2019-10-11 17:18:16,354 [5e4a16ac-6e7c-4322-b3ce-dc4822ac959d@group-DEA813E49D95-LeaderElection72] INFO  impl.RaftServerImpl (ServerState.java:setRaftConf(356)) - 5e4a16ac-6e7c-4322-b3ce-dc4822ac959d@group-DEA813E49D95: set configuration 0: [5e4a16ac-6e7c-4322-b3ce-dc4822ac959d:192.168.164.206:34114], old=null at 0
2019-10-11 17:18:16,395 [Thread-3108] INFO  impl.FollowerState (FollowerState.java:run(108)) - 1881e1b1-a416-4676-83ce-8113df23a0f6@group-0EB283E0D32F-FollowerState: change to CANDIDATE, lastRpcTime:5145ms, electionTimeout:5145ms
2019-10-11 17:18:16,396 [Thread-3108] INFO  impl.RoleInfo (RoleInfo.java:shutdownFollowerState(121)) - 1881e1b1-a416-4676-83ce-8113df23a0f6: shutdown FollowerState
2019-10-11 17:18:16,396 [Thread-3108] INFO  impl.RaftServerImpl (RaftServerImpl.java:setRole(170)) - 1881e1b1-a416-4676-83ce-8113df23a0f6@group-0EB283E0D32F: changes role from  FOLLOWER to CANDIDATE at term 0 for changeToCandidate
2019-10-11 17:18:16,396 [Thread-3108] INFO  impl.RoleInfo (RoleInfo.java:updateAndGet(143)) - 1881e1b1-a416-4676-83ce-8113df23a0f6: start LeaderElection
2019-10-11 17:18:16,424 [5e4a16ac-6e7c-4322-b3ce-dc4822ac959d@group-DEA813E49D95-SegmentedRaftLogWorker] INFO  segmented.SegmentedRaftLogWorker (SegmentedRaftLogWorker.java:execute(574)) - 5e4a16ac-6e7c-4322-b3ce-dc4822ac959d@group-DEA813E49D95-SegmentedRaftLogWorker: created new log segment /workdir/hadoop-ozone/integration-test/target/test-dir/MiniOzoneClusterImpl-b2ca8923-5dad-44ba-bd4a-93447b410621/datanode-5/data/ratis/04e925b5-d0d8-4495-b2ff-dea813e49d95/current/log_inprogress_0
2019-10-11 17:18:16,431 [Thread-3115] INFO  impl.FollowerState (FollowerState.java:run(108)) - 5cb6b437-c2e1-454c-b3fa-c3dae831a88d@group-26EE59F8EAB4-FollowerState: change to CANDIDATE, lastRpcTime:5100ms, electionTimeout:5100ms
2019-10-11 17:18:16,431 [Thread-3115] INFO  impl.RoleInfo (RoleInfo.java:shutdownFollowerState(121)) - 5cb6b437-c2e1-454c-b3fa-c3dae831a88d: shutdown FollowerState
2019-10-11 17:18:16,431 [Thread-3115] INFO  impl.RaftServerImpl (RaftServerImpl.java:setRole(170)) - 5cb6b437-c2e1-454c-b3fa-c3dae831a88d@group-26EE59F8EAB4: changes role from  FOLLOWER to CANDIDATE at term 0 for changeToCandidate
2019-10-11 17:18:16,431 [Thread-3115] INFO  impl.RoleInfo (RoleInfo.java:updateAndGet(143)) - 5cb6b437-c2e1-454c-b3fa-c3dae831a88d: start LeaderElection
2019-10-11 17:18:16,435 [Thread-3123] INFO  impl.FollowerState (FollowerState.java:run(108)) - 1881e1b1-a416-4676-83ce-8113df23a0f6@group-DDEF9B313DA8-FollowerState: change to CANDIDATE, lastRpcTime:5016ms, electionTimeout:5014ms
2019-10-11 17:18:16,438 [Thread-3123] INFO  impl.RoleInfo (RoleInfo.java:shutdownFollowerState(121)) - 1881e1b1-a416-4676-83ce-8113df23a0f6: shutdown FollowerState
2019-10-11 17:18:16,438 [Thread-3123] INFO  impl.RaftServerImpl (RaftServerImpl.java:setRole(170)) - 1881e1b1-a416-4676-83ce-8113df23a0f6@group-DDEF9B313DA8: changes role from  FOLLOWER to CANDIDATE at term 0 for changeToCandidate
2019-10-11 17:18:16,438 [Thread-3123] INFO  impl.RoleInfo (RoleInfo.java:updateAndGet(143)) - 1881e1b1-a416-4676-83ce-8113df23a0f6: start LeaderElection
2019-10-11 17:18:16,445 [1881e1b1-a416-4676-83ce-8113df23a0f6@group-0EB283E0D32F-LeaderElection73] INFO  impl.LeaderElection (LeaderElection.java:askForVotes(178)) - 1881e1b1-a416-4676-83ce-8113df23a0f6@group-0EB283E0D32F-LeaderElection73: begin an election at term 1 for -1: [1881e1b1-a416-4676-83ce-8113df23a0f6:192.168.164.206:33411], old=null
2019-10-11 17:18:16,445 [1881e1b1-a416-4676-83ce-8113df23a0f6@group-0EB283E0D32F-LeaderElection73] INFO  impl.RoleInfo (RoleInfo.java:shutdownLeaderElection(134)) - 1881e1b1-a416-4676-83ce-8113df23a0f6: shutdown LeaderElection
2019-10-11 17:18:16,445 [1881e1b1-a416-4676-83ce-8113df23a0f6@group-0EB283E0D32F-LeaderElection73] INFO  impl.RaftServerImpl (RaftServerImpl.java:setRole(170)) - 1881e1b1-a416-4676-83ce-8113df23a0f6@group-0EB283E0D32F: changes role from CANDIDATE to LEADER at term 1 for changeToLeader
2019-10-11 17:18:16,445 [1881e1b1-a416-4676-83ce-8113df23a0f6@group-0EB283E0D32F-LeaderElection73] INFO  impl.RaftServerImpl (ServerState.java:setLeader(255)) - 1881e1b1-a416-4676-83ce-8113df23a0f6@group-0EB283E0D32F: change Leader from null to 1881e1b1-a416-4676-83ce-8113df23a0f6 at term 1 for becomeLeader, leader elected after 5201ms
2019-10-11 17:18:16,445 [1881e1b1-a416-4676-83ce-8113df23a0f6@group-0EB283E0D32F-LeaderElection73] INFO  server.RaftServerConfigKeys (ConfUtils.java:logGet(43)) - raft.server.staging.catchup.gap = 1000 (default)
2019-10-11 17:18:16,445 [1881e1b1-a416-4676-83ce-8113df23a0f6@group-0EB283E0D32F-LeaderElection73] INFO  server.RaftServerConfigKeys (ConfUtils.java:logGet(43)) - raft.server.rpc.sleep.time = 25ms (default)
2019-10-11 17:18:16,446 [1881e1b1-a416-4676-83ce-8113df23a0f6@group-0EB283E0D32F-LeaderElection73] INFO  server.RaftServerConfigKeys (ConfUtils.java:logGet(43)) - raft.server.write.element-limit = 4096 (default)
2019-10-11 17:18:16,446 [1881e1b1-a416-4676-83ce-8113df23a0f6@group-0EB283E0D32F-LeaderElection73] INFO  server.RaftServerConfigKeys (ConfUtils.java:logGet(43)) - raft.server.watch.timeout = 10s (default)
2019-10-11 17:18:16,446 [1881e1b1-a416-4676-83ce-8113df23a0f6@group-0EB283E0D32F-LeaderElection73] INFO  server.RaftServerConfigKeys (ConfUtils.java:logGet(43)) - raft.server.watch.timeout.denomination = 1s (default)
2019-10-11 17:18:16,446 [1881e1b1-a416-4676-83ce-8113df23a0f6@group-0EB283E0D32F-LeaderElection73] INFO  server.RaftServerConfigKeys (ConfUtils.java:logGet(43)) - raft.server.watch.element-limit = 65536 (default)
2019-10-11 17:18:16,448 [1881e1b1-a416-4676-83ce-8113df23a0f6@group-0EB283E0D32F-LeaderElection73] INFO  impl.RoleInfo (RoleInfo.java:updateAndGet(143)) - 1881e1b1-a416-4676-83ce-8113df23a0f6: start LeaderState
2019-10-11 17:18:16,448 [1881e1b1-a416-4676-83ce-8113df23a0f6@group-0EB283E0D32F-LeaderElection73] INFO  segmented.SegmentedRaftLogWorker (SegmentedRaftLogWorker.java:startLogSegment(385)) - 1881e1b1-a416-4676-83ce-8113df23a0f6@group-0EB283E0D32F-SegmentedRaftLogWorker: Starting segment from index:0
2019-10-11 17:18:16,449 [1881e1b1-a416-4676-83ce-8113df23a0f6@group-0EB283E0D32F-LeaderElection73] INFO  impl.RaftServerImpl (ServerState.java:setRaftConf(356)) - 1881e1b1-a416-4676-83ce-8113df23a0f6@group-0EB283E0D32F: set configuration 0: [1881e1b1-a416-4676-83ce-8113df23a0f6:192.168.164.206:33411], old=null at 0
2019-10-11 17:18:16,481 [Thread-3122] INFO  impl.FollowerState (FollowerState.java:run(108)) - 8e4ae056-a4b6-46d1-8c8d-fadd47bf60fd@group-DDEF9B313DA8-FollowerState: change to CANDIDATE, lastRpcTime:5065ms, electionTimeout:5059ms
2019-10-11 17:18:16,481 [Thread-3122] INFO  impl.RoleInfo (RoleInfo.java:shutdownFollowerState(121)) - 8e4ae056-a4b6-46d1-8c8d-fadd47bf60fd: shutdown FollowerState
2019-10-11 17:18:16,481 [Thread-3122] INFO  impl.RaftServerImpl (RaftServerImpl.java:setRole(170)) - 8e4ae056-a4b6-46d1-8c8d-fadd47bf60fd@group-DDEF9B313DA8: changes role from  FOLLOWER to CANDIDATE at term 0 for changeToCandidate
2019-10-11 17:18:16,481 [Thread-3124] INFO  impl.FollowerState (FollowerState.java:run(108)) - 118cdbac-715f-4342-82a9-f07e763fc80a@group-DDEF9B313DA8-FollowerState: change to CANDIDATE, lastRpcTime:5062ms, electionTimeout:5035ms
2019-10-11 17:18:16,481 [5cb6b437-c2e1-454c-b3fa-c3dae831a88d@group-26EE59F8EAB4-LeaderElection74] INFO  impl.LeaderElection (LeaderElection.java:askForVotes(178)) - 5cb6b437-c2e1-454c-b3fa-c3dae831a88d@group-26EE59F8EAB4-LeaderElection74: begin an election at term 1 for -1: [ffd6ec3f-f769-48ed-b47b-9e3bfbb749de:192.168.164.206:34604, 3919957f-5492-4e2e-9554-c3e87ed23817:192.168.164.206:46678, 5cb6b437-c2e1-454c-b3fa-c3dae831a88d:192.168.164.206:34352], old=null
2019-10-11 17:18:16,482 [Thread-3124] INFO  impl.RoleInfo (RoleInfo.java:shutdownFollowerState(121)) - 118cdbac-715f-4342-82a9-f07e763fc80a: shutdown FollowerState
2019-10-11 17:18:16,482 [1881e1b1-a416-4676-83ce-8113df23a0f6@group-DDEF9B313DA8-LeaderElection75] INFO  impl.LeaderElection (LeaderElection.java:askForVotes(178)) - 1881e1b1-a416-4676-83ce-8113df23a0f6@group-DDEF9B313DA8-LeaderElection75: begin an election at term 1 for -1: [1881e1b1-a416-4676-83ce-8113df23a0f6:192.168.164.206:33411, 118cdbac-715f-4342-82a9-f07e763fc80a:192.168.164.206:37337, 8e4ae056-a4b6-46d1-8c8d-fadd47bf60fd:192.168.164.206:35596], old=null
2019-10-11 17:18:16,481 [Thread-3122] INFO  impl.RoleInfo (RoleInfo.java:updateAndGet(143)) - 8e4ae056-a4b6-46d1-8c8d-fadd47bf60fd: start LeaderElection
2019-10-11 17:18:16,481 [Thread-3116] INFO  impl.FollowerState (FollowerState.java:run(108)) - 3919957f-5492-4e2e-9554-c3e87ed23817@group-26EE59F8EAB4-FollowerState: change to CANDIDATE, lastRpcTime:5150ms, electionTimeout:5128ms
2019-10-11 17:18:16,482 [Thread-3124] INFO  impl.RaftServerImpl (RaftServerImpl.java:setRole(170)) - 118cdbac-715f-4342-82a9-f07e763fc80a@group-DDEF9B313DA8: changes role from  FOLLOWER to CANDIDATE at term 0 for changeToCandidate
2019-10-11 17:18:16,482 [Thread-3116] INFO  impl.RoleInfo (RoleInfo.java:shutdownFollowerState(121)) - 3919957f-5492-4e2e-9554-c3e87ed23817: shutdown FollowerState
2019-10-11 17:18:16,482 [Thread-3116] INFO  impl.RaftServerImpl (RaftServerImpl.java:setRole(170)) - 3919957f-5492-4e2e-9554-c3e87ed23817@group-26EE59F8EAB4: changes role from  FOLLOWER to CANDIDATE at term 0 for changeToCandidate
2019-10-11 17:18:16,485 [Thread-3124] INFO  impl.RoleInfo (RoleInfo.java:updateAndGet(143)) - 118cdbac-715f-4342-82a9-f07e763fc80a: start LeaderElection
2019-10-11 17:18:16,486 [Thread-3116] INFO  impl.RoleInfo (RoleInfo.java:updateAndGet(143)) - 3919957f-5492-4e2e-9554-c3e87ed23817: start LeaderElection
2019-10-11 17:18:16,491 [Thread-3111] INFO  impl.FollowerState (FollowerState.java:run(108)) - ffd6ec3f-f769-48ed-b47b-9e3bfbb749de@group-26EE59F8EAB4-FollowerState: change to CANDIDATE, lastRpcTime:5164ms, electionTimeout:5164ms
2019-10-11 17:18:16,491 [Thread-3111] INFO  impl.RoleInfo (RoleInfo.java:shutdownFollowerState(121)) - ffd6ec3f-f769-48ed-b47b-9e3bfbb749de: shutdown FollowerState
2019-10-11 17:18:16,494 [Thread-3111] INFO  impl.RaftServerImpl (RaftServerImpl.java:setRole(170)) - ffd6ec3f-f769-48ed-b47b-9e3bfbb749de@group-26EE59F8EAB4: changes role from  FOLLOWER to CANDIDATE at term 0 for changeToCandidate
2019-10-11 17:18:16,494 [Thread-3111] INFO  impl.RoleInfo (RoleInfo.java:updateAndGet(143)) - ffd6ec3f-f769-48ed-b47b-9e3bfbb749de: start LeaderElection
2019-10-11 17:18:16,510 [1881e1b1-a416-4676-83ce-8113df23a0f6@group-0EB283E0D32F-SegmentedRaftLogWorker] INFO  segmented.SegmentedRaftLogWorker (SegmentedRaftLogWorker.java:execute(574)) - 1881e1b1-a416-4676-83ce-8113df23a0f6@group-0EB283E0D32F-SegmentedRaftLogWorker: created new log segment /workdir/hadoop-ozone/integration-test/target/test-dir/MiniOzoneClusterImpl-b2ca8923-5dad-44ba-bd4a-93447b410621/datanode-6/data/ratis/d23b197b-342b-4823-a871-0eb283e0d32f/current/log_inprogress_0
2019-10-11 17:18:16,510 [8e4ae056-a4b6-46d1-8c8d-fadd47bf60fd@group-DDEF9B313DA8-LeaderElection76] INFO  impl.LeaderElection (LeaderElection.java:askForVotes(178)) - 8e4ae056-a4b6-46d1-8c8d-fadd47bf60fd@group-DDEF9B313DA8-LeaderElection76: begin an election at term 1 for -1: [1881e1b1-a416-4676-83ce-8113df23a0f6:192.168.164.206:33411, 118cdbac-715f-4342-82a9-f07e763fc80a:192.168.164.206:37337, 8e4ae056-a4b6-46d1-8c8d-fadd47bf60fd:192.168.164.206:35596], old=null
2019-10-11 17:18:16,533 [ffd6ec3f-f769-48ed-b47b-9e3bfbb749de@group-26EE59F8EAB4-LeaderElection79] INFO  impl.LeaderElection (LeaderElection.java:askForVotes(178)) - ffd6ec3f-f769-48ed-b47b-9e3bfbb749de@group-26EE59F8EAB4-LeaderElection79: begin an election at term 1 for -1: [ffd6ec3f-f769-48ed-b47b-9e3bfbb749de:192.168.164.206:34604, 3919957f-5492-4e2e-9554-c3e87ed23817:192.168.164.206:46678, 5cb6b437-c2e1-454c-b3fa-c3dae831a88d:192.168.164.206:34352], old=null
2019-10-11 17:18:16,536 [3919957f-5492-4e2e-9554-c3e87ed23817@group-26EE59F8EAB4-LeaderElection78] INFO  impl.LeaderElection (LeaderElection.java:askForVotes(178)) - 3919957f-5492-4e2e-9554-c3e87ed23817@group-26EE59F8EAB4-LeaderElection78: begin an election at term 1 for -1: [ffd6ec3f-f769-48ed-b47b-9e3bfbb749de:192.168.164.206:34604, 3919957f-5492-4e2e-9554-c3e87ed23817:192.168.164.206:46678, 5cb6b437-c2e1-454c-b3fa-c3dae831a88d:192.168.164.206:34352], old=null
2019-10-11 17:18:16,533 [118cdbac-715f-4342-82a9-f07e763fc80a@group-DDEF9B313DA8-LeaderElection77] INFO  impl.LeaderElection (LeaderElection.java:askForVotes(178)) - 118cdbac-715f-4342-82a9-f07e763fc80a@group-DDEF9B313DA8-LeaderElection77: begin an election at term 1 for -1: [1881e1b1-a416-4676-83ce-8113df23a0f6:192.168.164.206:33411, 118cdbac-715f-4342-82a9-f07e763fc80a:192.168.164.206:37337, 8e4ae056-a4b6-46d1-8c8d-fadd47bf60fd:192.168.164.206:35596], old=null
2019-10-11 17:18:16,540 [5cb6b437-c2e1-454c-b3fa-c3dae831a88d@group-26EE59F8EAB4-LeaderElection74] INFO  impl.LeaderElection (LeaderElection.java:logAndReturn(56)) - 5cb6b437-c2e1-454c-b3fa-c3dae831a88d@group-26EE59F8EAB4-LeaderElection74: Election REJECTED; received 2 response(s) [5cb6b437-c2e1-454c-b3fa-c3dae831a88d<-ffd6ec3f-f769-48ed-b47b-9e3bfbb749de#0:FAIL-t1, 5cb6b437-c2e1-454c-b3fa-c3dae831a88d<-3919957f-5492-4e2e-9554-c3e87ed23817#0:FAIL-t1] and 0 exception(s); 5cb6b437-c2e1-454c-b3fa-c3dae831a88d@group-26EE59F8EAB4:t1, leader=null, voted=5cb6b437-c2e1-454c-b3fa-c3dae831a88d, raftlog=5cb6b437-c2e1-454c-b3fa-c3dae831a88d@group-26EE59F8EAB4-SegmentedRaftLog:OPENED:c-1,f-1,i0, conf=-1: [ffd6ec3f-f769-48ed-b47b-9e3bfbb749de:192.168.164.206:34604, 3919957f-5492-4e2e-9554-c3e87ed23817:192.168.164.206:46678, 5cb6b437-c2e1-454c-b3fa-c3dae831a88d:192.168.164.206:34352], old=null
2019-10-11 17:18:16,540 [1881e1b1-a416-4676-83ce-8113df23a0f6@group-DDEF9B313DA8-LeaderElection75] INFO  impl.LeaderElection (LeaderElection.java:logAndReturn(56)) - 1881e1b1-a416-4676-83ce-8113df23a0f6@group-DDEF9B313DA8-LeaderElection75: Election REJECTED; received 2 response(s) [1881e1b1-a416-4676-83ce-8113df23a0f6<-118cdbac-715f-4342-82a9-f07e763fc80a#0:FAIL-t1, 1881e1b1-a416-4676-83ce-8113df23a0f6<-8e4ae056-a4b6-46d1-8c8d-fadd47bf60fd#0:FAIL-t1] and 0 exception(s); 1881e1b1-a416-4676-83ce-8113df23a0f6@group-DDEF9B313DA8:t1, leader=null, voted=1881e1b1-a416-4676-83ce-8113df23a0f6, raftlog=1881e1b1-a416-4676-83ce-8113df23a0f6@group-DDEF9B313DA8-SegmentedRaftLog:OPENED:c-1,f-1,i0, conf=-1: [1881e1b1-a416-4676-83ce-8113df23a0f6:192.168.164.206:33411, 118cdbac-715f-4342-82a9-f07e763fc80a:192.168.164.206:37337, 8e4ae056-a4b6-46d1-8c8d-fadd47bf60fd:192.168.164.206:35596], old=null
2019-10-11 17:18:16,540 [5cb6b437-c2e1-454c-b3fa-c3dae831a88d@group-26EE59F8EAB4-LeaderElection74] INFO  impl.RaftServerImpl (RaftServerImpl.java:setRole(170)) - 5cb6b437-c2e1-454c-b3fa-c3dae831a88d@group-26EE59F8EAB4: changes role from CANDIDATE to FOLLOWER at term 1 for DISCOVERED_A_NEW_TERM
2019-10-11 17:18:16,540 [8e4ae056-a4b6-46d1-8c8d-fadd47bf60fd@group-DDEF9B313DA8-LeaderElection76] INFO  impl.LeaderElection (LeaderElection.java:logAndReturn(56)) - 8e4ae056-a4b6-46d1-8c8d-fadd47bf60fd@group-DDEF9B313DA8-LeaderElection76: Election REJECTED; received 2 response(s) [8e4ae056-a4b6-46d1-8c8d-fadd47bf60fd<-1881e1b1-a416-4676-83ce-8113df23a0f6#0:FAIL-t1, 8e4ae056-a4b6-46d1-8c8d-fadd47bf60fd<-118cdbac-715f-4342-82a9-f07e763fc80a#0:FAIL-t1] and 0 exception(s); 8e4ae056-a4b6-46d1-8c8d-fadd47bf60fd@group-DDEF9B313DA8:t1, leader=null, voted=8e4ae056-a4b6-46d1-8c8d-fadd47bf60fd, raftlog=8e4ae056-a4b6-46d1-8c8d-fadd47bf60fd@group-DDEF9B313DA8-SegmentedRaftLog:OPENED:c-1,f-1,i0, conf=-1: [1881e1b1-a416-4676-83ce-8113df23a0f6:192.168.164.206:33411, 118cdbac-715f-4342-82a9-f07e763fc80a:192.168.164.206:37337, 8e4ae056-a4b6-46d1-8c8d-fadd47bf60fd:192.168.164.206:35596], old=null
2019-10-11 17:18:16,542 [5cb6b437-c2e1-454c-b3fa-c3dae831a88d@group-26EE59F8EAB4-LeaderElection74] INFO  impl.RoleInfo (RoleInfo.java:shutdownLeaderElection(134)) - 5cb6b437-c2e1-454c-b3fa-c3dae831a88d: shutdown LeaderElection
2019-10-11 17:18:16,542 [1881e1b1-a416-4676-83ce-8113df23a0f6@group-DDEF9B313DA8-LeaderElection75] INFO  impl.RaftServerImpl (RaftServerImpl.java:setRole(170)) - 1881e1b1-a416-4676-83ce-8113df23a0f6@group-DDEF9B313DA8: changes role from CANDIDATE to FOLLOWER at term 1 for DISCOVERED_A_NEW_TERM
2019-10-11 17:18:16,546 [1881e1b1-a416-4676-83ce-8113df23a0f6@group-DDEF9B313DA8-LeaderElection75] INFO  impl.RoleInfo (RoleInfo.java:shutdownLeaderElection(134)) - 1881e1b1-a416-4676-83ce-8113df23a0f6: shutdown LeaderElection
2019-10-11 17:18:16,544 [8e4ae056-a4b6-46d1-8c8d-fadd47bf60fd@group-DDEF9B313DA8-LeaderElection76] INFO  impl.RaftServerImpl (RaftServerImpl.java:setRole(170)) - 8e4ae056-a4b6-46d1-8c8d-fadd47bf60fd@group-DDEF9B313DA8: changes role from CANDIDATE to FOLLOWER at term 1 for DISCOVERED_A_NEW_TERM
2019-10-11 17:18:16,546 [8e4ae056-a4b6-46d1-8c8d-fadd47bf60fd@group-DDEF9B313DA8-LeaderElection76] INFO  impl.RoleInfo (RoleInfo.java:shutdownLeaderElection(134)) - 8e4ae056-a4b6-46d1-8c8d-fadd47bf60fd: shutdown LeaderElection
2019-10-11 17:18:16,546 [1881e1b1-a416-4676-83ce-8113df23a0f6@group-DDEF9B313DA8-LeaderElection75] INFO  impl.RoleInfo (RoleInfo.java:updateAndGet(143)) - 1881e1b1-a416-4676-83ce-8113df23a0f6: start FollowerState
2019-10-11 17:18:16,547 [5cb6b437-c2e1-454c-b3fa-c3dae831a88d@group-26EE59F8EAB4-LeaderElection74] INFO  impl.RoleInfo (RoleInfo.java:updateAndGet(143)) - 5cb6b437-c2e1-454c-b3fa-c3dae831a88d: start FollowerState
2019-10-11 17:18:16,547 [8e4ae056-a4b6-46d1-8c8d-fadd47bf60fd@group-DDEF9B313DA8-LeaderElection76] INFO  impl.RoleInfo (RoleInfo.java:updateAndGet(143)) - 8e4ae056-a4b6-46d1-8c8d-fadd47bf60fd: start FollowerState
2019-10-11 17:18:16,553 [3919957f-5492-4e2e-9554-c3e87ed23817@group-26EE59F8EAB4-LeaderElection78] INFO  impl.LeaderElection (LeaderElection.java:logAndReturn(56)) - 3919957f-5492-4e2e-9554-c3e87ed23817@group-26EE59F8EAB4-LeaderElection78: Election REJECTED; received 2 response(s) [3919957f-5492-4e2e-9554-c3e87ed23817<-ffd6ec3f-f769-48ed-b47b-9e3bfbb749de#0:FAIL-t1, 3919957f-5492-4e2e-9554-c3e87ed23817<-5cb6b437-c2e1-454c-b3fa-c3dae831a88d#0:FAIL-t1] and 0 exception(s); 3919957f-5492-4e2e-9554-c3e87ed23817@group-26EE59F8EAB4:t1, leader=null, voted=3919957f-5492-4e2e-9554-c3e87ed23817, raftlog=3919957f-5492-4e2e-9554-c3e87ed23817@group-26EE59F8EAB4-SegmentedRaftLog:OPENED:c-1,f-1,i0, conf=-1: [ffd6ec3f-f769-48ed-b47b-9e3bfbb749de:192.168.164.206:34604, 3919957f-5492-4e2e-9554-c3e87ed23817:192.168.164.206:46678, 5cb6b437-c2e1-454c-b3fa-c3dae831a88d:192.168.164.206:34352], old=null
2019-10-11 17:18:16,553 [3919957f-5492-4e2e-9554-c3e87ed23817@group-26EE59F8EAB4-LeaderElection78] INFO  impl.RaftServerImpl (RaftServerImpl.java:setRole(170)) - 3919957f-5492-4e2e-9554-c3e87ed23817@group-26EE59F8EAB4: changes role from CANDIDATE to FOLLOWER at term 1 for DISCOVERED_A_NEW_TERM
2019-10-11 17:18:16,553 [3919957f-5492-4e2e-9554-c3e87ed23817@group-26EE59F8EAB4-LeaderElection78] INFO  impl.RoleInfo (RoleInfo.java:shutdownLeaderElection(134)) - 3919957f-5492-4e2e-9554-c3e87ed23817: shutdown LeaderElection
2019-10-11 17:18:16,554 [3919957f-5492-4e2e-9554-c3e87ed23817@group-26EE59F8EAB4-LeaderElection78] INFO  impl.RoleInfo (RoleInfo.java:updateAndGet(143)) - 3919957f-5492-4e2e-9554-c3e87ed23817: start FollowerState
2019-10-11 17:18:16,554 [118cdbac-715f-4342-82a9-f07e763fc80a@group-DDEF9B313DA8-LeaderElection77] INFO  impl.LeaderElection (LeaderElection.java:logAndReturn(56)) - 118cdbac-715f-4342-82a9-f07e763fc80a@group-DDEF9B313DA8-LeaderElection77: Election REJECTED; received 2 response(s) [118cdbac-715f-4342-82a9-f07e763fc80a<-1881e1b1-a416-4676-83ce-8113df23a0f6#0:FAIL-t1, 118cdbac-715f-4342-82a9-f07e763fc80a<-8e4ae056-a4b6-46d1-8c8d-fadd47bf60fd#0:FAIL-t1] and 0 exception(s); 118cdbac-715f-4342-82a9-f07e763fc80a@group-DDEF9B313DA8:t1, leader=null, voted=118cdbac-715f-4342-82a9-f07e763fc80a, raftlog=118cdbac-715f-4342-82a9-f07e763fc80a@group-DDEF9B313DA8-SegmentedRaftLog:OPENED:c-1,f-1,i0, conf=-1: [1881e1b1-a416-4676-83ce-8113df23a0f6:192.168.164.206:33411, 118cdbac-715f-4342-82a9-f07e763fc80a:192.168.164.206:37337, 8e4ae056-a4b6-46d1-8c8d-fadd47bf60fd:192.168.164.206:35596], old=null
2019-10-11 17:18:16,554 [ffd6ec3f-f769-48ed-b47b-9e3bfbb749de@group-26EE59F8EAB4-LeaderElection79] INFO  impl.LeaderElection (LeaderElection.java:logAndReturn(56)) - ffd6ec3f-f769-48ed-b47b-9e3bfbb749de@group-26EE59F8EAB4-LeaderElection79: Election REJECTED; received 2 response(s) [ffd6ec3f-f769-48ed-b47b-9e3bfbb749de<-3919957f-5492-4e2e-9554-c3e87ed23817#0:FAIL-t1, ffd6ec3f-f769-48ed-b47b-9e3bfbb749de<-5cb6b437-c2e1-454c-b3fa-c3dae831a88d#0:FAIL-t1] and 0 exception(s); ffd6ec3f-f769-48ed-b47b-9e3bfbb749de@group-26EE59F8EAB4:t1, leader=null, voted=ffd6ec3f-f769-48ed-b47b-9e3bfbb749de, raftlog=ffd6ec3f-f769-48ed-b47b-9e3bfbb749de@group-26EE59F8EAB4-SegmentedRaftLog:OPENED:c-1,f-1,i0, conf=-1: [ffd6ec3f-f769-48ed-b47b-9e3bfbb749de:192.168.164.206:34604, 3919957f-5492-4e2e-9554-c3e87ed23817:192.168.164.206:46678, 5cb6b437-c2e1-454c-b3fa-c3dae831a88d:192.168.164.206:34352], old=null
2019-10-11 17:18:16,556 [118cdbac-715f-4342-82a9-f07e763fc80a@group-DDEF9B313DA8-LeaderElection77] INFO  impl.RaftServerImpl (RaftServerImpl.java:setRole(170)) - 118cdbac-715f-4342-82a9-f07e763fc80a@group-DDEF9B313DA8: changes role from CANDIDATE to FOLLOWER at term 1 for DISCOVERED_A_NEW_TERM
2019-10-11 17:18:16,558 [118cdbac-715f-4342-82a9-f07e763fc80a@group-DDEF9B313DA8-LeaderElection77] INFO  impl.RoleInfo (RoleInfo.java:shutdownLeaderElection(134)) - 118cdbac-715f-4342-82a9-f07e763fc80a: shutdown LeaderElection
2019-10-11 17:18:16,558 [ffd6ec3f-f769-48ed-b47b-9e3bfbb749de@group-26EE59F8EAB4-LeaderElection79] INFO  impl.RaftServerImpl (RaftServerImpl.java:setRole(170)) - ffd6ec3f-f769-48ed-b47b-9e3bfbb749de@group-26EE59F8EAB4: changes role from CANDIDATE to FOLLOWER at term 1 for DISCOVERED_A_NEW_TERM
2019-10-11 17:18:16,560 [ffd6ec3f-f769-48ed-b47b-9e3bfbb749de@group-26EE59F8EAB4-LeaderElection79] INFO  impl.RoleInfo (RoleInfo.java:shutdownLeaderElection(134)) - ffd6ec3f-f769-48ed-b47b-9e3bfbb749de: shutdown LeaderElection
2019-10-11 17:18:16,560 [118cdbac-715f-4342-82a9-f07e763fc80a@group-DDEF9B313DA8-LeaderElection77] INFO  impl.RoleInfo (RoleInfo.java:updateAndGet(143)) - 118cdbac-715f-4342-82a9-f07e763fc80a: start FollowerState
2019-10-11 17:18:16,561 [ffd6ec3f-f769-48ed-b47b-9e3bfbb749de@group-26EE59F8EAB4-LeaderElection79] INFO  impl.RoleInfo (RoleInfo.java:updateAndGet(143)) - ffd6ec3f-f769-48ed-b47b-9e3bfbb749de: start FollowerState
2019-10-11 17:18:21,560 [Thread-3175] INFO  impl.FollowerState (FollowerState.java:run(108)) - 1881e1b1-a416-4676-83ce-8113df23a0f6@group-DDEF9B313DA8-FollowerState: change to CANDIDATE, lastRpcTime:5013ms, electionTimeout:5013ms
2019-10-11 17:18:21,561 [Thread-3175] INFO  impl.RoleInfo (RoleInfo.java:shutdownFollowerState(121)) - 1881e1b1-a416-4676-83ce-8113df23a0f6: shutdown FollowerState
2019-10-11 17:18:21,562 [Thread-3175] INFO  impl.RaftServerImpl (RaftServerImpl.java:setRole(170)) - 1881e1b1-a416-4676-83ce-8113df23a0f6@group-DDEF9B313DA8: changes role from  FOLLOWER to CANDIDATE at term 1 for changeToCandidate
2019-10-11 17:18:21,562 [Thread-3175] INFO  impl.RoleInfo (RoleInfo.java:updateAndGet(143)) - 1881e1b1-a416-4676-83ce-8113df23a0f6: start LeaderElection
2019-10-11 17:18:21,568 [Thread-3174] INFO  impl.FollowerState (FollowerState.java:run(108)) - 5cb6b437-c2e1-454c-b3fa-c3dae831a88d@group-26EE59F8EAB4-FollowerState: change to CANDIDATE, lastRpcTime:5021ms, electionTimeout:5018ms
2019-10-11 17:18:21,568 [Thread-3174] INFO  impl.RoleInfo (RoleInfo.java:shutdownFollowerState(121)) - 5cb6b437-c2e1-454c-b3fa-c3dae831a88d: shutdown FollowerState
2019-10-11 17:18:21,569 [Thread-3174] INFO  impl.RaftServerImpl (RaftServerImpl.java:setRole(170)) - 5cb6b437-c2e1-454c-b3fa-c3dae831a88d@group-26EE59F8EAB4: changes role from  FOLLOWER to CANDIDATE at term 1 for changeToCandidate
2019-10-11 17:18:21,569 [Thread-3174] INFO  impl.RoleInfo (RoleInfo.java:updateAndGet(143)) - 5cb6b437-c2e1-454c-b3fa-c3dae831a88d: start LeaderElection
2019-10-11 17:18:21,587 [Thread-3179] INFO  impl.FollowerState (FollowerState.java:run(108)) - ffd6ec3f-f769-48ed-b47b-9e3bfbb749de@group-26EE59F8EAB4-FollowerState: change to CANDIDATE, lastRpcTime:5026ms, electionTimeout:5026ms
2019-10-11 17:18:21,587 [Thread-3179] INFO  impl.RoleInfo (RoleInfo.java:shutdownFollowerState(121)) - ffd6ec3f-f769-48ed-b47b-9e3bfbb749de: shutdown FollowerState
2019-10-11 17:18:21,587 [Thread-3179] INFO  impl.RaftServerImpl (RaftServerImpl.java:setRole(170)) - ffd6ec3f-f769-48ed-b47b-9e3bfbb749de@group-26EE59F8EAB4: changes role from  FOLLOWER to CANDIDATE at term 1 for changeToCandidate
2019-10-11 17:18:21,588 [Thread-3179] INFO  impl.RoleInfo (RoleInfo.java:updateAndGet(143)) - ffd6ec3f-f769-48ed-b47b-9e3bfbb749de: start LeaderElection
2019-10-11 17:18:21,597 [1881e1b1-a416-4676-83ce-8113df23a0f6@group-DDEF9B313DA8-LeaderElection80] INFO  impl.LeaderElection (LeaderElection.java:askForVotes(178)) - 1881e1b1-a416-4676-83ce-8113df23a0f6@group-DDEF9B313DA8-LeaderElection80: begin an election at term 2 for -1: [1881e1b1-a416-4676-83ce-8113df23a0f6:192.168.164.206:33411, 118cdbac-715f-4342-82a9-f07e763fc80a:192.168.164.206:37337, 8e4ae056-a4b6-46d1-8c8d-fadd47bf60fd:192.168.164.206:35596], old=null
2019-10-11 17:18:21,597 [5cb6b437-c2e1-454c-b3fa-c3dae831a88d@group-26EE59F8EAB4-LeaderElection81] INFO  impl.LeaderElection (LeaderElection.java:askForVotes(178)) - 5cb6b437-c2e1-454c-b3fa-c3dae831a88d@group-26EE59F8EAB4-LeaderElection81: begin an election at term 2 for -1: [ffd6ec3f-f769-48ed-b47b-9e3bfbb749de:192.168.164.206:34604, 3919957f-5492-4e2e-9554-c3e87ed23817:192.168.164.206:46678, 5cb6b437-c2e1-454c-b3fa-c3dae831a88d:192.168.164.206:34352], old=null
2019-10-11 17:18:21,604 [grpc-default-executor-7] INFO  impl.RaftServerImpl (RaftServerImpl.java:setRole(170)) - 8e4ae056-a4b6-46d1-8c8d-fadd47bf60fd@group-DDEF9B313DA8: changes role from  FOLLOWER to FOLLOWER at term 2 for recognizeCandidate:1881e1b1-a416-4676-83ce-8113df23a0f6
2019-10-11 17:18:21,604 [grpc-default-executor-10] INFO  impl.RaftServerImpl (RaftServerImpl.java:setRole(170)) - 118cdbac-715f-4342-82a9-f07e763fc80a@group-DDEF9B313DA8: changes role from  FOLLOWER to FOLLOWER at term 2 for recognizeCandidate:1881e1b1-a416-4676-83ce-8113df23a0f6
2019-10-11 17:18:21,604 [grpc-default-executor-8] INFO  impl.RaftServerImpl (RaftServerImpl.java:setRole(170)) - 3919957f-5492-4e2e-9554-c3e87ed23817@group-26EE59F8EAB4: changes role from  FOLLOWER to FOLLOWER at term 2 for recognizeCandidate:5cb6b437-c2e1-454c-b3fa-c3dae831a88d
2019-10-11 17:18:21,605 [grpc-default-executor-10] INFO  impl.RoleInfo (RoleInfo.java:shutdownFollowerState(121)) - 118cdbac-715f-4342-82a9-f07e763fc80a: shutdown FollowerState
2019-10-11 17:18:21,604 [grpc-default-executor-7] INFO  impl.RoleInfo (RoleInfo.java:shutdownFollowerState(121)) - 8e4ae056-a4b6-46d1-8c8d-fadd47bf60fd: shutdown FollowerState
2019-10-11 17:18:21,605 [grpc-default-executor-10] INFO  impl.RoleInfo (RoleInfo.java:updateAndGet(143)) - 118cdbac-715f-4342-82a9-f07e763fc80a: start FollowerState
2019-10-11 17:18:21,605 [grpc-default-executor-8] INFO  impl.RoleInfo (RoleInfo.java:shutdownFollowerState(121)) - 3919957f-5492-4e2e-9554-c3e87ed23817: shutdown FollowerState
2019-10-11 17:18:21,605 [Thread-3176] INFO  impl.FollowerState (FollowerState.java:run(117)) - 8e4ae056-a4b6-46d1-8c8d-fadd47bf60fd@group-DDEF9B313DA8-FollowerState was interrupted: java.lang.InterruptedException: sleep interrupted
2019-10-11 17:18:21,606 [Thread-3177] INFO  impl.FollowerState (FollowerState.java:run(117)) - 3919957f-5492-4e2e-9554-c3e87ed23817@group-26EE59F8EAB4-FollowerState was interrupted: java.lang.InterruptedException: sleep interrupted
2019-10-11 17:18:21,605 [Thread-3178] INFO  impl.FollowerState (FollowerState.java:run(117)) - 118cdbac-715f-4342-82a9-f07e763fc80a@group-DDEF9B313DA8-FollowerState was interrupted: java.lang.InterruptedException: sleep interrupted
2019-10-11 17:18:21,605 [grpc-default-executor-7] INFO  impl.RoleInfo (RoleInfo.java:updateAndGet(143)) - 8e4ae056-a4b6-46d1-8c8d-fadd47bf60fd: start FollowerState
2019-10-11 17:18:21,605 [grpc-default-executor-8] INFO  impl.RoleInfo (RoleInfo.java:updateAndGet(143)) - 3919957f-5492-4e2e-9554-c3e87ed23817: start FollowerState
2019-10-11 17:18:21,619 [ffd6ec3f-f769-48ed-b47b-9e3bfbb749de@group-26EE59F8EAB4-LeaderElection82] INFO  impl.LeaderElection (LeaderElection.java:askForVotes(178)) - ffd6ec3f-f769-48ed-b47b-9e3bfbb749de@group-26EE59F8EAB4-LeaderElection82: begin an election at term 2 for -1: [ffd6ec3f-f769-48ed-b47b-9e3bfbb749de:192.168.164.206:34604, 3919957f-5492-4e2e-9554-c3e87ed23817:192.168.164.206:46678, 5cb6b437-c2e1-454c-b3fa-c3dae831a88d:192.168.164.206:34352], old=null
2019-10-11 17:18:21,642 [1881e1b1-a416-4676-83ce-8113df23a0f6@group-DDEF9B313DA8-LeaderElection80] INFO  impl.LeaderElection (LeaderElection.java:logAndReturn(56)) - 1881e1b1-a416-4676-83ce-8113df23a0f6@group-DDEF9B313DA8-LeaderElection80: Election PASSED; received 1 response(s) [1881e1b1-a416-4676-83ce-8113df23a0f6<-8e4ae056-a4b6-46d1-8c8d-fadd47bf60fd#0:OK-t2] and 0 exception(s); 1881e1b1-a416-4676-83ce-8113df23a0f6@group-DDEF9B313DA8:t2, leader=null, voted=1881e1b1-a416-4676-83ce-8113df23a0f6, raftlog=1881e1b1-a416-4676-83ce-8113df23a0f6@group-DDEF9B313DA8-SegmentedRaftLog:OPENED:c-1,f-1,i0, conf=-1: [1881e1b1-a416-4676-83ce-8113df23a0f6:192.168.164.206:33411, 118cdbac-715f-4342-82a9-f07e763fc80a:192.168.164.206:37337, 8e4ae056-a4b6-46d1-8c8d-fadd47bf60fd:192.168.164.206:35596], old=null
2019-10-11 17:18:21,642 [ffd6ec3f-f769-48ed-b47b-9e3bfbb749de@group-26EE59F8EAB4-LeaderElection82] INFO  impl.LeaderElection (LeaderElection.java:logAndReturn(56)) - ffd6ec3f-f769-48ed-b47b-9e3bfbb749de@group-26EE59F8EAB4-LeaderElection82: Election REJECTED; received 2 response(s) [ffd6ec3f-f769-48ed-b47b-9e3bfbb749de<-3919957f-5492-4e2e-9554-c3e87ed23817#0:FAIL-t2, ffd6ec3f-f769-48ed-b47b-9e3bfbb749de<-5cb6b437-c2e1-454c-b3fa-c3dae831a88d#0:FAIL-t2] and 0 exception(s); ffd6ec3f-f769-48ed-b47b-9e3bfbb749de@group-26EE59F8EAB4:t2, leader=null, voted=ffd6ec3f-f769-48ed-b47b-9e3bfbb749de, raftlog=ffd6ec3f-f769-48ed-b47b-9e3bfbb749de@group-26EE59F8EAB4-SegmentedRaftLog:OPENED:c-1,f-1,i0, conf=-1: [ffd6ec3f-f769-48ed-b47b-9e3bfbb749de:192.168.164.206:34604, 3919957f-5492-4e2e-9554-c3e87ed23817:192.168.164.206:46678, 5cb6b437-c2e1-454c-b3fa-c3dae831a88d:192.168.164.206:34352], old=null
2019-10-11 17:18:21,642 [1881e1b1-a416-4676-83ce-8113df23a0f6@group-DDEF9B313DA8-LeaderElection80] INFO  impl.RoleInfo (RoleInfo.java:shutdownLeaderElection(134)) - 1881e1b1-a416-4676-83ce-8113df23a0f6: shutdown LeaderElection
2019-10-11 17:18:21,642 [5cb6b437-c2e1-454c-b3fa-c3dae831a88d@group-26EE59F8EAB4-LeaderElection81] INFO  impl.LeaderElection (LeaderElection.java:logAndReturn(56)) - 5cb6b437-c2e1-454c-b3fa-c3dae831a88d@group-26EE59F8EAB4-LeaderElection81: Election PASSED; received 2 response(s) [5cb6b437-c2e1-454c-b3fa-c3dae831a88d<-ffd6ec3f-f769-48ed-b47b-9e3bfbb749de#0:FAIL-t2, 5cb6b437-c2e1-454c-b3fa-c3dae831a88d<-3919957f-5492-4e2e-9554-c3e87ed23817#0:OK-t2] and 0 exception(s); 5cb6b437-c2e1-454c-b3fa-c3dae831a88d@group-26EE59F8EAB4:t2, leader=null, voted=5cb6b437-c2e1-454c-b3fa-c3dae831a88d, raftlog=5cb6b437-c2e1-454c-b3fa-c3dae831a88d@group-26EE59F8EAB4-SegmentedRaftLog:OPENED:c-1,f-1,i0, conf=-1: [ffd6ec3f-f769-48ed-b47b-9e3bfbb749de:192.168.164.206:34604, 3919957f-5492-4e2e-9554-c3e87ed23817:192.168.164.206:46678, 5cb6b437-c2e1-454c-b3fa-c3dae831a88d:192.168.164.206:34352], old=null
2019-10-11 17:18:21,646 [1881e1b1-a416-4676-83ce-8113df23a0f6@group-DDEF9B313DA8-LeaderElection80] INFO  impl.RaftServerImpl (RaftServerImpl.java:setRole(170)) - 1881e1b1-a416-4676-83ce-8113df23a0f6@group-DDEF9B313DA8: changes role from CANDIDATE to LEADER at term 2 for changeToLeader
2019-10-11 17:18:21,643 [ffd6ec3f-f769-48ed-b47b-9e3bfbb749de@group-26EE59F8EAB4-LeaderElection82] INFO  impl.RaftServerImpl (RaftServerImpl.java:setRole(170)) - ffd6ec3f-f769-48ed-b47b-9e3bfbb749de@group-26EE59F8EAB4: changes role from CANDIDATE to FOLLOWER at term 2 for DISCOVERED_A_NEW_TERM
2019-10-11 17:18:21,652 [1881e1b1-a416-4676-83ce-8113df23a0f6@group-DDEF9B313DA8-LeaderElection80] INFO  impl.RaftServerImpl (ServerState.java:setLeader(255)) - 1881e1b1-a416-4676-83ce-8113df23a0f6@group-DDEF9B313DA8: change Leader from null to 1881e1b1-a416-4676-83ce-8113df23a0f6 at term 2 for becomeLeader, leader elected after 10243ms
2019-10-11 17:18:21,649 [5cb6b437-c2e1-454c-b3fa-c3dae831a88d@group-26EE59F8EAB4-LeaderElection81] INFO  impl.RoleInfo (RoleInfo.java:shutdownLeaderElection(134)) - 5cb6b437-c2e1-454c-b3fa-c3dae831a88d: shutdown LeaderElection
2019-10-11 17:18:21,652 [1881e1b1-a416-4676-83ce-8113df23a0f6@group-DDEF9B313DA8-LeaderElection80] INFO  server.RaftServerConfigKeys (ConfUtils.java:logGet(43)) - raft.server.staging.catchup.gap = 1000 (default)
2019-10-11 17:18:21,652 [ffd6ec3f-f769-48ed-b47b-9e3bfbb749de@group-26EE59F8EAB4-LeaderElection82] INFO  impl.RoleInfo (RoleInfo.java:shutdownLeaderElection(134)) - ffd6ec3f-f769-48ed-b47b-9e3bfbb749de: shutdown LeaderElection
2019-10-11 17:18:21,652 [1881e1b1-a416-4676-83ce-8113df23a0f6@group-DDEF9B313DA8-LeaderElection80] INFO  server.RaftServerConfigKeys (ConfUtils.java:logGet(43)) - raft.server.rpc.sleep.time = 25ms (default)
2019-10-11 17:18:21,652 [5cb6b437-c2e1-454c-b3fa-c3dae831a88d@group-26EE59F8EAB4-LeaderElection81] INFO  impl.RaftServerImpl (RaftServerImpl.java:setRole(170)) - 5cb6b437-c2e1-454c-b3fa-c3dae831a88d@group-26EE59F8EAB4: changes role from CANDIDATE to LEADER at term 2 for changeToLeader
2019-10-11 17:18:21,653 [1881e1b1-a416-4676-83ce-8113df23a0f6@group-DDEF9B313DA8-LeaderElection80] INFO  server.RaftServerConfigKeys (ConfUtils.java:logGet(43)) - raft.server.write.element-limit = 4096 (default)
2019-10-11 17:18:21,652 [ffd6ec3f-f769-48ed-b47b-9e3bfbb749de@group-26EE59F8EAB4-LeaderElection82] INFO  impl.RoleInfo (RoleInfo.java:updateAndGet(143)) - ffd6ec3f-f769-48ed-b47b-9e3bfbb749de: start FollowerState
2019-10-11 17:18:21,653 [1881e1b1-a416-4676-83ce-8113df23a0f6@group-DDEF9B313DA8-LeaderElection80] INFO  server.RaftServerConfigKeys (ConfUtils.java:logGet(43)) - raft.server.watch.timeout = 10s (default)
2019-10-11 17:18:21,653 [5cb6b437-c2e1-454c-b3fa-c3dae831a88d@group-26EE59F8EAB4-LeaderElection81] INFO  impl.RaftServerImpl (ServerState.java:setLeader(255)) - 5cb6b437-c2e1-454c-b3fa-c3dae831a88d@group-26EE59F8EAB4: change Leader from null to 5cb6b437-c2e1-454c-b3fa-c3dae831a88d at term 2 for becomeLeader, leader elected after 10332ms
2019-10-11 17:18:21,653 [1881e1b1-a416-4676-83ce-8113df23a0f6@group-DDEF9B313DA8-LeaderElection80] INFO  server.RaftServerConfigKeys (ConfUtils.java:logGet(43)) - raft.server.watch.timeout.denomination = 1s (default)
2019-10-11 17:18:21,653 [5cb6b437-c2e1-454c-b3fa-c3dae831a88d@group-26EE59F8EAB4-LeaderElection81] INFO  server.RaftServerConfigKeys (ConfUtils.java:logGet(43)) - raft.server.staging.catchup.gap = 1000 (default)
2019-10-11 17:18:21,653 [1881e1b1-a416-4676-83ce-8113df23a0f6@group-DDEF9B313DA8-LeaderElection80] INFO  server.RaftServerConfigKeys (ConfUtils.java:logGet(43)) - raft.server.watch.element-limit = 65536 (default)
2019-10-11 17:18:21,653 [5cb6b437-c2e1-454c-b3fa-c3dae831a88d@group-26EE59F8EAB4-LeaderElection81] INFO  server.RaftServerConfigKeys (ConfUtils.java:logGet(43)) - raft.server.rpc.sleep.time = 25ms (default)
2019-10-11 17:18:21,654 [5cb6b437-c2e1-454c-b3fa-c3dae831a88d@group-26EE59F8EAB4-LeaderElection81] INFO  server.RaftServerConfigKeys (ConfUtils.java:logGet(43)) - raft.server.write.element-limit = 4096 (default)
2019-10-11 17:18:21,654 [5cb6b437-c2e1-454c-b3fa-c3dae831a88d@group-26EE59F8EAB4-LeaderElection81] INFO  server.RaftServerConfigKeys (ConfUtils.java:logGet(43)) - raft.server.watch.timeout = 10s (default)
2019-10-11 17:18:21,654 [5cb6b437-c2e1-454c-b3fa-c3dae831a88d@group-26EE59F8EAB4-LeaderElection81] INFO  server.RaftServerConfigKeys (ConfUtils.java:logGet(43)) - raft.server.watch.timeout.denomination = 1s (default)
2019-10-11 17:18:21,654 [5cb6b437-c2e1-454c-b3fa-c3dae831a88d@group-26EE59F8EAB4-LeaderElection81] INFO  server.RaftServerConfigKeys (ConfUtils.java:logGet(43)) - raft.server.watch.element-limit = 65536 (default)
2019-10-11 17:18:21,657 [5cb6b437-c2e1-454c-b3fa-c3dae831a88d@group-26EE59F8EAB4-LeaderElection81] INFO  server.RaftServerConfigKeys (ConfUtils.java:logGet(43)) - raft.server.log.appender.snapshot.chunk.size.max = 16MB (=16777216) (default)
2019-10-11 17:18:21,657 [1881e1b1-a416-4676-83ce-8113df23a0f6@group-DDEF9B313DA8-LeaderElection80] INFO  server.RaftServerConfigKeys (ConfUtils.java:logGet(43)) - raft.server.log.appender.snapshot.chunk.size.max = 16MB (=16777216) (default)
2019-10-11 17:18:21,658 [5cb6b437-c2e1-454c-b3fa-c3dae831a88d@group-26EE59F8EAB4-LeaderElection81] INFO  server.RaftServerConfigKeys (ConfUtils.java:logGet(43)) - raft.server.log.appender.buffer.byte-limit = 33554432 (custom)
2019-10-11 17:18:21,658 [1881e1b1-a416-4676-83ce-8113df23a0f6@group-DDEF9B313DA8-LeaderElection80] INFO  server.RaftServerConfigKeys (ConfUtils.java:logGet(43)) - raft.server.log.appender.buffer.byte-limit = 33554432 (custom)
2019-10-11 17:18:21,658 [5cb6b437-c2e1-454c-b3fa-c3dae831a88d@group-26EE59F8EAB4-LeaderElection81] INFO  server.RaftServerConfigKeys (ConfUtils.java:logGet(43)) - raft.server.log.appender.buffer.element-limit = 1 (custom)
2019-10-11 17:18:21,658 [1881e1b1-a416-4676-83ce-8113df23a0f6@group-DDEF9B313DA8-LeaderElection80] INFO  server.RaftServerConfigKeys (ConfUtils.java:logGet(43)) - raft.server.log.appender.buffer.element-limit = 1 (custom)
2019-10-11 17:18:21,658 [5cb6b437-c2e1-454c-b3fa-c3dae831a88d@group-26EE59F8EAB4-LeaderElection81] INFO  grpc.GrpcConfigKeys$Server (ConfUtils.java:logGet(43)) - raft.grpc.server.leader.outstanding.appends.max = 128 (default)
2019-10-11 17:18:21,658 [1881e1b1-a416-4676-83ce-8113df23a0f6@group-DDEF9B313DA8-LeaderElection80] INFO  grpc.GrpcConfigKeys$Server (ConfUtils.java:logGet(43)) - raft.grpc.server.leader.outstanding.appends.max = 128 (default)
2019-10-11 17:18:21,659 [5cb6b437-c2e1-454c-b3fa-c3dae831a88d@group-26EE59F8EAB4-LeaderElection81] INFO  server.RaftServerConfigKeys (ConfUtils.java:logGet(43)) - raft.server.rpc.request.timeout = 3000ms (default)
2019-10-11 17:18:21,659 [1881e1b1-a416-4676-83ce-8113df23a0f6@group-DDEF9B313DA8-LeaderElection80] INFO  server.RaftServerConfigKeys (ConfUtils.java:logGet(43)) - raft.server.rpc.request.timeout = 3000ms (default)
2019-10-11 17:18:21,659 [5cb6b437-c2e1-454c-b3fa-c3dae831a88d@group-26EE59F8EAB4-LeaderElection81] INFO  server.RaftServerConfigKeys (ConfUtils.java:logGet(43)) - raft.server.log.appender.install.snapshot.enabled = false (custom)
2019-10-11 17:18:21,659 [1881e1b1-a416-4676-83ce-8113df23a0f6@group-DDEF9B313DA8-LeaderElection80] INFO  server.RaftServerConfigKeys (ConfUtils.java:logGet(43)) - raft.server.log.appender.install.snapshot.enabled = false (custom)
2019-10-11 17:18:21,659 [5cb6b437-c2e1-454c-b3fa-c3dae831a88d@group-26EE59F8EAB4-LeaderElection81] INFO  server.RaftServerConfigKeys (ConfUtils.java:logGet(43)) - raft.server.log.appender.snapshot.chunk.size.max = 16MB (=16777216) (default)
2019-10-11 17:18:21,660 [1881e1b1-a416-4676-83ce-8113df23a0f6@group-DDEF9B313DA8-LeaderElection80] INFO  server.RaftServerConfigKeys (ConfUtils.java:logGet(43)) - raft.server.log.appender.snapshot.chunk.size.max = 16MB (=16777216) (default)
2019-10-11 17:18:21,660 [5cb6b437-c2e1-454c-b3fa-c3dae831a88d@group-26EE59F8EAB4-LeaderElection81] INFO  server.RaftServerConfigKeys (ConfUtils.java:logGet(43)) - raft.server.log.appender.buffer.byte-limit = 33554432 (custom)
2019-10-11 17:18:21,660 [1881e1b1-a416-4676-83ce-8113df23a0f6@group-DDEF9B313DA8-LeaderElection80] INFO  server.RaftServerConfigKeys (ConfUtils.java:logGet(43)) - raft.server.log.appender.buffer.byte-limit = 33554432 (custom)
2019-10-11 17:18:21,660 [5cb6b437-c2e1-454c-b3fa-c3dae831a88d@group-26EE59F8EAB4-LeaderElection81] INFO  server.RaftServerConfigKeys (ConfUtils.java:logGet(43)) - raft.server.log.appender.buffer.element-limit = 1 (custom)
2019-10-11 17:18:21,660 [1881e1b1-a416-4676-83ce-8113df23a0f6@group-DDEF9B313DA8-LeaderElection80] INFO  server.RaftServerConfigKeys (ConfUtils.java:logGet(43)) - raft.server.log.appender.buffer.element-limit = 1 (custom)
2019-10-11 17:18:21,660 [5cb6b437-c2e1-454c-b3fa-c3dae831a88d@group-26EE59F8EAB4-LeaderElection81] INFO  grpc.GrpcConfigKeys$Server (ConfUtils.java:logGet(43)) - raft.grpc.server.leader.outstanding.appends.max = 128 (default)
2019-10-11 17:18:21,661 [1881e1b1-a416-4676-83ce-8113df23a0f6@group-DDEF9B313DA8-LeaderElection80] INFO  grpc.GrpcConfigKeys$Server (ConfUtils.java:logGet(43)) - raft.grpc.server.leader.outstanding.appends.max = 128 (default)
2019-10-11 17:18:21,661 [5cb6b437-c2e1-454c-b3fa-c3dae831a88d@group-26EE59F8EAB4-LeaderElection81] INFO  server.RaftServerConfigKeys (ConfUtils.java:logGet(43)) - raft.server.rpc.request.timeout = 3000ms (default)
2019-10-11 17:18:21,661 [1881e1b1-a416-4676-83ce-8113df23a0f6@group-DDEF9B313DA8-LeaderElection80] INFO  server.RaftServerConfigKeys (ConfUtils.java:logGet(43)) - raft.server.rpc.request.timeout = 3000ms (default)
2019-10-11 17:18:21,661 [5cb6b437-c2e1-454c-b3fa-c3dae831a88d@group-26EE59F8EAB4-LeaderElection81] INFO  server.RaftServerConfigKeys (ConfUtils.java:logGet(43)) - raft.server.log.appender.install.snapshot.enabled = false (custom)
2019-10-11 17:18:21,661 [1881e1b1-a416-4676-83ce-8113df23a0f6@group-DDEF9B313DA8-LeaderElection80] INFO  server.RaftServerConfigKeys (ConfUtils.java:logGet(43)) - raft.server.log.appender.install.snapshot.enabled = false (custom)
2019-10-11 17:18:21,662 [5cb6b437-c2e1-454c-b3fa-c3dae831a88d@group-26EE59F8EAB4-LeaderElection81] INFO  impl.RoleInfo (RoleInfo.java:updateAndGet(143)) - 5cb6b437-c2e1-454c-b3fa-c3dae831a88d: start LeaderState
2019-10-11 17:18:21,662 [1881e1b1-a416-4676-83ce-8113df23a0f6@group-DDEF9B313DA8-LeaderElection80] INFO  impl.RoleInfo (RoleInfo.java:updateAndGet(143)) - 1881e1b1-a416-4676-83ce-8113df23a0f6: start LeaderState
2019-10-11 17:18:21,662 [1881e1b1-a416-4676-83ce-8113df23a0f6@group-DDEF9B313DA8-LeaderElection80] INFO  segmented.SegmentedRaftLogWorker (SegmentedRaftLogWorker.java:startLogSegment(385)) - 1881e1b1-a416-4676-83ce-8113df23a0f6@group-DDEF9B313DA8-SegmentedRaftLogWorker: Starting segment from index:0
2019-10-11 17:18:21,662 [5cb6b437-c2e1-454c-b3fa-c3dae831a88d@group-26EE59F8EAB4-LeaderElection81] INFO  segmented.SegmentedRaftLogWorker (SegmentedRaftLogWorker.java:startLogSegment(385)) - 5cb6b437-c2e1-454c-b3fa-c3dae831a88d@group-26EE59F8EAB4-SegmentedRaftLogWorker: Starting segment from index:0
2019-10-11 17:18:21,664 [1881e1b1-a416-4676-83ce-8113df23a0f6@group-DDEF9B313DA8-LeaderElection80] INFO  impl.RaftServerImpl (ServerState.java:setRaftConf(356)) - 1881e1b1-a416-4676-83ce-8113df23a0f6@group-DDEF9B313DA8: set configuration 0: [1881e1b1-a416-4676-83ce-8113df23a0f6:192.168.164.206:33411, 118cdbac-715f-4342-82a9-f07e763fc80a:192.168.164.206:37337, 8e4ae056-a4b6-46d1-8c8d-fadd47bf60fd:192.168.164.206:35596], old=null at 0
2019-10-11 17:18:21,664 [5cb6b437-c2e1-454c-b3fa-c3dae831a88d@group-26EE59F8EAB4-LeaderElection81] INFO  impl.RaftServerImpl (ServerState.java:setRaftConf(356)) - 5cb6b437-c2e1-454c-b3fa-c3dae831a88d@group-26EE59F8EAB4: set configuration 0: [ffd6ec3f-f769-48ed-b47b-9e3bfbb749de:192.168.164.206:34604, 3919957f-5492-4e2e-9554-c3e87ed23817:192.168.164.206:46678, 5cb6b437-c2e1-454c-b3fa-c3dae831a88d:192.168.164.206:34352], old=null at 0
2019-10-11 17:18:21,701 [grpc-default-executor-0] INFO  impl.RaftServerImpl (ServerState.java:setLeader(255)) - 118cdbac-715f-4342-82a9-f07e763fc80a@group-DDEF9B313DA8: change Leader from null to 1881e1b1-a416-4676-83ce-8113df23a0f6 at term 2 for appendEntries, leader elected after 10296ms
2019-10-11 17:18:21,702 [grpc-default-executor-10] INFO  impl.RaftServerImpl (ServerState.java:setLeader(255)) - 3919957f-5492-4e2e-9554-c3e87ed23817@group-26EE59F8EAB4: change Leader from null to 5cb6b437-c2e1-454c-b3fa-c3dae831a88d at term 2 for appendEntries, leader elected after 10381ms
2019-10-11 17:18:21,701 [grpc-default-executor-8] INFO  impl.RaftServerImpl (ServerState.java:setLeader(255)) - ffd6ec3f-f769-48ed-b47b-9e3bfbb749de@group-26EE59F8EAB4: change Leader from null to 5cb6b437-c2e1-454c-b3fa-c3dae831a88d at term 2 for appendEntries, leader elected after 10381ms
2019-10-11 17:18:21,701 [grpc-default-executor-7] INFO  impl.RaftServerImpl (ServerState.java:setLeader(255)) - 8e4ae056-a4b6-46d1-8c8d-fadd47bf60fd@group-DDEF9B313DA8: change Leader from null to 1881e1b1-a416-4676-83ce-8113df23a0f6 at term 2 for appendEntries, leader elected after 10296ms
2019-10-11 17:18:21,705 [grpc-default-executor-8] INFO  impl.RaftServerImpl (ServerState.java:setRaftConf(356)) - ffd6ec3f-f769-48ed-b47b-9e3bfbb749de@group-26EE59F8EAB4: set configuration 0: [ffd6ec3f-f769-48ed-b47b-9e3bfbb749de:192.168.164.206:34604, 3919957f-5492-4e2e-9554-c3e87ed23817:192.168.164.206:46678, 5cb6b437-c2e1-454c-b3fa-c3dae831a88d:192.168.164.206:34352], old=null at 0
2019-10-11 17:18:21,705 [grpc-default-executor-0] INFO  impl.RaftServerImpl (ServerState.java:setRaftConf(356)) - 3919957f-5492-4e2e-9554-c3e87ed23817@group-26EE59F8EAB4: set configuration 0: [ffd6ec3f-f769-48ed-b47b-9e3bfbb749de:192.168.164.206:34604, 3919957f-5492-4e2e-9554-c3e87ed23817:192.168.164.206:46678, 5cb6b437-c2e1-454c-b3fa-c3dae831a88d:192.168.164.206:34352], old=null at 0
2019-10-11 17:18:21,705 [grpc-default-executor-7] INFO  impl.RaftServerImpl (ServerState.java:setRaftConf(356)) - 118cdbac-715f-4342-82a9-f07e763fc80a@group-DDEF9B313DA8: set configuration 0: [1881e1b1-a416-4676-83ce-8113df23a0f6:192.168.164.206:33411, 118cdbac-715f-4342-82a9-f07e763fc80a:192.168.164.206:37337, 8e4ae056-a4b6-46d1-8c8d-fadd47bf60fd:192.168.164.206:35596], old=null at 0
2019-10-11 17:18:21,705 [grpc-default-executor-0] INFO  segmented.SegmentedRaftLogWorker (SegmentedRaftLogWorker.java:startLogSegment(385)) - 3919957f-5492-4e2e-9554-c3e87ed23817@group-26EE59F8EAB4-SegmentedRaftLogWorker: Starting segment from index:0
2019-10-11 17:18:21,705 [grpc-default-executor-10] INFO  impl.RaftServerImpl (ServerState.java:setRaftConf(356)) - 8e4ae056-a4b6-46d1-8c8d-fadd47bf60fd@group-DDEF9B313DA8: set configuration 0: [1881e1b1-a416-4676-83ce-8113df23a0f6:192.168.164.206:33411, 118cdbac-715f-4342-82a9-f07e763fc80a:192.168.164.206:37337, 8e4ae056-a4b6-46d1-8c8d-fadd47bf60fd:192.168.164.206:35596], old=null at 0
2019-10-11 17:18:21,705 [grpc-default-executor-8] INFO  segmented.SegmentedRaftLogWorker (SegmentedRaftLogWorker.java:startLogSegment(385)) - ffd6ec3f-f769-48ed-b47b-9e3bfbb749de@group-26EE59F8EAB4-SegmentedRaftLogWorker: Starting segment from index:0
2019-10-11 17:18:21,706 [grpc-default-executor-10] INFO  segmented.SegmentedRaftLogWorker (SegmentedRaftLogWorker.java:startLogSegment(385)) - 8e4ae056-a4b6-46d1-8c8d-fadd47bf60fd@group-DDEF9B313DA8-SegmentedRaftLogWorker: Starting segment from index:0
2019-10-11 17:18:21,706 [grpc-default-executor-7] INFO  segmented.SegmentedRaftLogWorker (SegmentedRaftLogWorker.java:startLogSegment(385)) - 118cdbac-715f-4342-82a9-f07e763fc80a@group-DDEF9B313DA8-SegmentedRaftLogWorker: Starting segment from index:0
2019-10-11 17:18:21,722 [5cb6b437-c2e1-454c-b3fa-c3dae831a88d@group-26EE59F8EAB4-SegmentedRaftLogWorker] INFO  segmented.SegmentedRaftLogWorker (SegmentedRaftLogWorker.java:execute(574)) - 5cb6b437-c2e1-454c-b3fa-c3dae831a88d@group-26EE59F8EAB4-SegmentedRaftLogWorker: created new log segment /workdir/hadoop-ozone/integration-test/target/test-dir/MiniOzoneClusterImpl-b2ca8923-5dad-44ba-bd4a-93447b410621/datanode-2/data/ratis/952838c4-e1ed-4084-854a-26ee59f8eab4/current/log_inprogress_0
2019-10-11 17:18:21,722 [1881e1b1-a416-4676-83ce-8113df23a0f6@group-DDEF9B313DA8-SegmentedRaftLogWorker] INFO  segmented.SegmentedRaftLogWorker (SegmentedRaftLogWorker.java:execute(574)) - 1881e1b1-a416-4676-83ce-8113df23a0f6@group-DDEF9B313DA8-SegmentedRaftLogWorker: created new log segment /workdir/hadoop-ozone/integration-test/target/test-dir/MiniOzoneClusterImpl-b2ca8923-5dad-44ba-bd4a-93447b410621/datanode-6/data/ratis/b2a16f51-f87f-4a93-8b91-ddef9b313da8/current/log_inprogress_0
2019-10-11 17:18:21,746 [ffd6ec3f-f769-48ed-b47b-9e3bfbb749de@group-26EE59F8EAB4-SegmentedRaftLogWorker] INFO  segmented.SegmentedRaftLogWorker (SegmentedRaftLogWorker.java:execute(574)) - ffd6ec3f-f769-48ed-b47b-9e3bfbb749de@group-26EE59F8EAB4-SegmentedRaftLogWorker: created new log segment /workdir/hadoop-ozone/integration-test/target/test-dir/MiniOzoneClusterImpl-b2ca8923-5dad-44ba-bd4a-93447b410621/datanode-3/data/ratis/952838c4-e1ed-4084-854a-26ee59f8eab4/current/log_inprogress_0
2019-10-11 17:18:21,768 [3919957f-5492-4e2e-9554-c3e87ed23817@group-26EE59F8EAB4-SegmentedRaftLogWorker] INFO  segmented.SegmentedRaftLogWorker (SegmentedRaftLogWorker.java:execute(574)) - 3919957f-5492-4e2e-9554-c3e87ed23817@group-26EE59F8EAB4-SegmentedRaftLogWorker: created new log segment /workdir/hadoop-ozone/integration-test/target/test-dir/MiniOzoneClusterImpl-b2ca8923-5dad-44ba-bd4a-93447b410621/datanode-4/data/ratis/952838c4-e1ed-4084-854a-26ee59f8eab4/current/log_inprogress_0
2019-10-11 17:18:21,768 [118cdbac-715f-4342-82a9-f07e763fc80a@group-DDEF9B313DA8-SegmentedRaftLogWorker] INFO  segmented.SegmentedRaftLogWorker (SegmentedRaftLogWorker.java:execute(574)) - 118cdbac-715f-4342-82a9-f07e763fc80a@group-DDEF9B313DA8-SegmentedRaftLogWorker: created new log segment /workdir/hadoop-ozone/integration-test/target/test-dir/MiniOzoneClusterImpl-b2ca8923-5dad-44ba-bd4a-93447b410621/datanode-1/data/ratis/b2a16f51-f87f-4a93-8b91-ddef9b313da8/current/log_inprogress_0
2019-10-11 17:18:21,768 [8e4ae056-a4b6-46d1-8c8d-fadd47bf60fd@group-DDEF9B313DA8-SegmentedRaftLogWorker] INFO  segmented.SegmentedRaftLogWorker (SegmentedRaftLogWorker.java:execute(574)) - 8e4ae056-a4b6-46d1-8c8d-fadd47bf60fd@group-DDEF9B313DA8-SegmentedRaftLogWorker: created new log segment /workdir/hadoop-ozone/integration-test/target/test-dir/MiniOzoneClusterImpl-b2ca8923-5dad-44ba-bd4a-93447b410621/datanode-0/data/ratis/b2a16f51-f87f-4a93-8b91-ddef9b313da8/current/log_inprogress_0
2019-10-11 17:18:23,825 [Datanode State Machine Thread - 0] INFO  statemachine.DatanodeStateMachine (DatanodeStateMachine.java:lambda$startDaemon$0(350)) - Ozone container server started.
2019-10-11 17:18:27,842 [EventQueue-StaleNodeForStaleNodeHandler] INFO  node.StaleNodeHandler (StaleNodeHandler.java:onMessage(58)) - Datanode 5cb6b437-c2e1-454c-b3fa-c3dae831a88d{ip: 192.168.164.206, host: pr-hdds-2181-ktj56-3106680801, networkLocation: /default-rack, certSerialId: null} moved to stale state. Finalizing its pipelines [PipelineID=908e8b86-66da-460c-a4bb-3fd4b0986433, PipelineID=952838c4-e1ed-4084-854a-26ee59f8eab4]
2019-10-11 17:18:27,842 [EventQueue-StaleNodeForStaleNodeHandler] INFO  pipeline.SCMPipelineManager (SCMPipelineManager.java:finalizeAndDestroyPipeline(315)) - destroying pipeline:Pipeline[ Id: 908e8b86-66da-460c-a4bb-3fd4b0986433, Nodes: 5cb6b437-c2e1-454c-b3fa-c3dae831a88d{ip: 192.168.164.206, host: pr-hdds-2181-ktj56-3106680801, networkLocation: /default-rack, certSerialId: null}, Type:RATIS, Factor:ONE, State:OPEN]
2019-10-11 17:18:27,843 [EventQueue-StaleNodeForStaleNodeHandler] INFO  pipeline.PipelineStateManager (PipelineStateManager.java:finalizePipeline(123)) - Pipeline Pipeline[ Id: 908e8b86-66da-460c-a4bb-3fd4b0986433, Nodes: 5cb6b437-c2e1-454c-b3fa-c3dae831a88d{ip: 192.168.164.206, host: pr-hdds-2181-ktj56-3106680801, networkLocation: /default-rack, certSerialId: null}, Type:RATIS, Factor:ONE, State:CLOSED] moved to CLOSED state
2019-10-11 17:18:27,843 [EventQueue-StaleNodeForStaleNodeHandler] INFO  pipeline.SCMPipelineManager (SCMPipelineManager.java:finalizeAndDestroyPipeline(315)) - destroying pipeline:Pipeline[ Id: 952838c4-e1ed-4084-854a-26ee59f8eab4, Nodes: 5cb6b437-c2e1-454c-b3fa-c3dae831a88d{ip: 192.168.164.206, host: pr-hdds-2181-ktj56-3106680801, networkLocation: /default-rack, certSerialId: null}3919957f-5492-4e2e-9554-c3e87ed23817{ip: 192.168.164.206, host: pr-hdds-2181-ktj56-3106680801, networkLocation: /default-rack, certSerialId: null}ffd6ec3f-f769-48ed-b47b-9e3bfbb749de{ip: 192.168.164.206, host: pr-hdds-2181-ktj56-3106680801, networkLocation: /default-rack, certSerialId: null}, Type:RATIS, Factor:THREE, State:OPEN]
2019-10-11 17:18:27,843 [EventQueue-StaleNodeForStaleNodeHandler] INFO  pipeline.PipelineStateManager (PipelineStateManager.java:finalizePipeline(123)) - Pipeline Pipeline[ Id: 952838c4-e1ed-4084-854a-26ee59f8eab4, Nodes: 5cb6b437-c2e1-454c-b3fa-c3dae831a88d{ip: 192.168.164.206, host: pr-hdds-2181-ktj56-3106680801, networkLocation: /default-rack, certSerialId: null}3919957f-5492-4e2e-9554-c3e87ed23817{ip: 192.168.164.206, host: pr-hdds-2181-ktj56-3106680801, networkLocation: /default-rack, certSerialId: null}ffd6ec3f-f769-48ed-b47b-9e3bfbb749de{ip: 192.168.164.206, host: pr-hdds-2181-ktj56-3106680801, networkLocation: /default-rack, certSerialId: null}, Type:RATIS, Factor:THREE, State:CLOSED] moved to CLOSED state
2019-10-11 17:18:27,843 [EventQueue-CloseContainerForCloseContainerEventHandler] INFO  container.CloseContainerEventHandler (CloseContainerEventHandler.java:onMessage(61)) - Close container Event triggered for container : #1
2019-10-11 17:18:28,235 [main] INFO  ozoneimpl.OzoneContainer (OzoneContainer.java:stop(227)) - Attempting to stop container services.
2019-10-11 17:18:28,240 [main] INFO  impl.RaftServerProxy (RaftServerProxy.java:lambda$close$4(314)) - 5cb6b437-c2e1-454c-b3fa-c3dae831a88d: close
2019-10-11 17:18:28,241 [main] INFO  impl.RaftServerImpl (RaftServerImpl.java:lambda$shutdown$3(247)) - 5cb6b437-c2e1-454c-b3fa-c3dae831a88d@group-3FD4B0986433: shutdown
2019-10-11 17:18:28,241 [main] INFO  util.JmxRegister (JmxRegister.java:unregister(73)) - Successfully un-registered JMX Bean with object name Ratis:service=RaftServer,group=group-3FD4B0986433,id=5cb6b437-c2e1-454c-b3fa-c3dae831a88d
2019-10-11 17:18:28,242 [main] INFO  impl.RoleInfo (RoleInfo.java:shutdownLeaderState(104)) - 5cb6b437-c2e1-454c-b3fa-c3dae831a88d: shutdown LeaderState
2019-10-11 17:18:28,242 [main] INFO  impl.PendingRequests (PendingRequests.java:sendNotLeaderResponses(202)) - 5cb6b437-c2e1-454c-b3fa-c3dae831a88d@group-3FD4B0986433-PendingRequests: sendNotLeaderResponses
2019-10-11 17:18:28,243 [main] INFO  impl.StateMachineUpdater (StateMachineUpdater.java:stopAndJoin(136)) - 5cb6b437-c2e1-454c-b3fa-c3dae831a88d@group-3FD4B0986433-StateMachineUpdater: set stopIndex = 0
2019-10-11 17:18:28,243 [main] INFO  impl.RaftServerImpl (ServerState.java:close(387)) - 5cb6b437-c2e1-454c-b3fa-c3dae831a88d@group-3FD4B0986433: closes. applyIndex: 0
2019-10-11 17:18:28,243 [5cb6b437-c2e1-454c-b3fa-c3dae831a88d@group-3FD4B0986433-SegmentedRaftLogWorker] INFO  segmented.SegmentedRaftLogWorker (SegmentedRaftLogWorker.java:run(316)) - 5cb6b437-c2e1-454c-b3fa-c3dae831a88d@group-3FD4B0986433-SegmentedRaftLogWorker was interrupted, exiting. There are 0 tasks remaining in the queue.
2019-10-11 17:18:28,261 [main] INFO  segmented.SegmentedRaftLogWorker (SegmentedRaftLogWorker.java:close(224)) - 5cb6b437-c2e1-454c-b3fa-c3dae831a88d@group-3FD4B0986433-SegmentedRaftLogWorker close()
2019-10-11 17:18:28,266 [main] INFO  impl.RaftServerImpl (RaftServerImpl.java:lambda$shutdown$3(247)) - 5cb6b437-c2e1-454c-b3fa-c3dae831a88d@group-26EE59F8EAB4: shutdown
2019-10-11 17:18:28,266 [main] INFO  util.JmxRegister (JmxRegister.java:unregister(73)) - Successfully un-registered JMX Bean with object name Ratis:service=RaftServer,group=group-26EE59F8EAB4,id=5cb6b437-c2e1-454c-b3fa-c3dae831a88d
2019-10-11 17:18:28,266 [main] INFO  impl.RoleInfo (RoleInfo.java:shutdownLeaderState(104)) - 5cb6b437-c2e1-454c-b3fa-c3dae831a88d: shutdown LeaderState
2019-10-11 17:18:28,270 [main] INFO  impl.PendingRequests (PendingRequests.java:sendNotLeaderResponses(202)) - 5cb6b437-c2e1-454c-b3fa-c3dae831a88d@group-26EE59F8EAB4-PendingRequests: sendNotLeaderResponses
2019-10-11 17:18:28,270 [org.apache.ratis.server.impl.LogAppender$AppenderDaemon$$Lambda$525/417633151@6b5ff2e1] WARN  server.GrpcLogAppender (GrpcLogAppender.java:mayWait(143)) - 5cb6b437-c2e1-454c-b3fa-c3dae831a88d@group-26EE59F8EAB4->ffd6ec3f-f769-48ed-b47b-9e3bfbb749de-GrpcLogAppender: Wait interrupted by java.lang.InterruptedException
2019-10-11 17:18:28,270 [org.apache.ratis.server.impl.LogAppender$AppenderDaemon$$Lambda$525/417633151@67e7a946] WARN  server.GrpcLogAppender (GrpcLogAppender.java:mayWait(143)) - 5cb6b437-c2e1-454c-b3fa-c3dae831a88d@group-26EE59F8EAB4->3919957f-5492-4e2e-9554-c3e87ed23817-GrpcLogAppender: Wait interrupted by java.lang.InterruptedException
2019-10-11 17:18:28,274 [main] INFO  impl.StateMachineUpdater (StateMachineUpdater.java:stopAndJoin(136)) - 5cb6b437-c2e1-454c-b3fa-c3dae831a88d@group-26EE59F8EAB4-StateMachineUpdater: set stopIndex = 16
2019-10-11 17:18:28,274 [5cb6b437-c2e1-454c-b3fa-c3dae831a88d@group-26EE59F8EAB4-StateMachineUpdater] INFO  ratis.ContainerStateMachine (ContainerStateMachine.java:takeSnapshot(294)) - group-26EE59F8EAB4: Taking a snapshot at:(t:2, i:14) file /workdir/hadoop-ozone/integration-test/target/test-dir/MiniOzoneClusterImpl-b2ca8923-5dad-44ba-bd4a-93447b410621/datanode-2/data/ratis/952838c4-e1ed-4084-854a-26ee59f8eab4/sm/snapshot.2_14
2019-10-11 17:18:28,274 [grpc-default-executor-7] INFO  server.GrpcServerProtocolService (GrpcServerProtocolService.java:onCompleted(113)) - 3919957f-5492-4e2e-9554-c3e87ed23817: Completed APPEND_ENTRIES, lastRequest: 5cb6b437-c2e1-454c-b3fa-c3dae831a88d->3919957f-5492-4e2e-9554-c3e87ed23817#19-t2, previous=(t:2, i:16), leaderCommit=16, initializing? false, entries: <empty>
2019-10-11 17:18:28,274 [grpc-default-executor-0] INFO  server.GrpcServerProtocolService (GrpcServerProtocolService.java:onCompleted(113)) - ffd6ec3f-f769-48ed-b47b-9e3bfbb749de: Completed APPEND_ENTRIES, lastRequest: 5cb6b437-c2e1-454c-b3fa-c3dae831a88d->ffd6ec3f-f769-48ed-b47b-9e3bfbb749de#19-t2, previous=(t:2, i:16), leaderCommit=16, initializing? false, entries: <empty>
2019-10-11 17:18:28,275 [grpc-default-executor-7] INFO  server.GrpcLogAppender (GrpcLogAppender.java:onCompleted(293)) - 5cb6b437-c2e1-454c-b3fa-c3dae831a88d@group-26EE59F8EAB4->3919957f-5492-4e2e-9554-c3e87ed23817-AppendLogResponseHandler: follower responses appendEntries COMPLETED
2019-10-11 17:18:28,275 [grpc-default-executor-0] INFO  server.GrpcLogAppender (GrpcLogAppender.java:onCompleted(293)) - 5cb6b437-c2e1-454c-b3fa-c3dae831a88d@group-26EE59F8EAB4->ffd6ec3f-f769-48ed-b47b-9e3bfbb749de-AppendLogResponseHandler: follower responses appendEntries COMPLETED
2019-10-11 17:18:28,276 [grpc-default-executor-7] INFO  impl.FollowerInfo (FollowerInfo.java:lambda$new$0(51)) - 5cb6b437-c2e1-454c-b3fa-c3dae831a88d@group-26EE59F8EAB4->3919957f-5492-4e2e-9554-c3e87ed23817: nextIndex: updateUnconditionally 17 -> 16
2019-10-11 17:18:28,276 [grpc-default-executor-0] INFO  impl.FollowerInfo (FollowerInfo.java:lambda$new$0(51)) - 5cb6b437-c2e1-454c-b3fa-c3dae831a88d@group-26EE59F8EAB4->ffd6ec3f-f769-48ed-b47b-9e3bfbb749de: nextIndex: updateUnconditionally 17 -> 16
2019-10-11 17:18:28,320 [5cb6b437-c2e1-454c-b3fa-c3dae831a88d@group-26EE59F8EAB4-StateMachineUpdater] INFO  ratis.ContainerStateMachine (ContainerStateMachine.java:takeSnapshot(305)) - group-26EE59F8EAB4: Finished taking a snapshot at:(t:2, i:14) file:/workdir/hadoop-ozone/integration-test/target/test-dir/MiniOzoneClusterImpl-b2ca8923-5dad-44ba-bd4a-93447b410621/datanode-2/data/ratis/952838c4-e1ed-4084-854a-26ee59f8eab4/sm/snapshot.2_14 time:46
2019-10-11 17:18:28,320 [5cb6b437-c2e1-454c-b3fa-c3dae831a88d@group-26EE59F8EAB4-StateMachineUpdater] INFO  impl.StateMachineUpdater (StateMachineUpdater.java:takeSnapshot(269)) - 5cb6b437-c2e1-454c-b3fa-c3dae831a88d@group-26EE59F8EAB4-StateMachineUpdater: Took a snapshot at index 14
2019-10-11 17:18:28,320 [5cb6b437-c2e1-454c-b3fa-c3dae831a88d@group-26EE59F8EAB4-StateMachineUpdater] INFO  impl.StateMachineUpdater (StateMachineUpdater.java:lambda$new$0(84)) - 5cb6b437-c2e1-454c-b3fa-c3dae831a88d@group-26EE59F8EAB4-StateMachineUpdater: snapshotIndex: updateIncreasingly -1 -> 14
2019-10-11 17:18:28,321 [5cb6b437-c2e1-454c-b3fa-c3dae831a88d@group-26EE59F8EAB4-StateMachineUpdater] INFO  ratis.ContainerStateMachine (ContainerStateMachine.java:takeSnapshot(294)) - group-26EE59F8EAB4: Taking a snapshot at:(t:2, i:14) file /workdir/hadoop-ozone/integration-test/target/test-dir/MiniOzoneClusterImpl-b2ca8923-5dad-44ba-bd4a-93447b410621/datanode-2/data/ratis/952838c4-e1ed-4084-854a-26ee59f8eab4/sm/snapshot.2_14
2019-10-11 17:18:28,345 [5cb6b437-c2e1-454c-b3fa-c3dae831a88d@group-26EE59F8EAB4-StateMachineUpdater] INFO  ratis.ContainerStateMachine (ContainerStateMachine.java:takeSnapshot(305)) - group-26EE59F8EAB4: Finished taking a snapshot at:(t:2, i:14) file:/workdir/hadoop-ozone/integration-test/target/test-dir/MiniOzoneClusterImpl-b2ca8923-5dad-44ba-bd4a-93447b410621/datanode-2/data/ratis/952838c4-e1ed-4084-854a-26ee59f8eab4/sm/snapshot.2_14 time:24
2019-10-11 17:18:28,345 [5cb6b437-c2e1-454c-b3fa-c3dae831a88d@group-26EE59F8EAB4-StateMachineUpdater] INFO  impl.StateMachineUpdater (StateMachineUpdater.java:takeSnapshot(269)) - 5cb6b437-c2e1-454c-b3fa-c3dae831a88d@group-26EE59F8EAB4-StateMachineUpdater: Took a snapshot at index 14
2019-10-11 17:18:28,345 [5cb6b437-c2e1-454c-b3fa-c3dae831a88d@group-26EE59F8EAB4-StateMachineUpdater] INFO  impl.StateMachineUpdater (StateMachineUpdater.java:lambda$new$0(84)) - 5cb6b437-c2e1-454c-b3fa-c3dae831a88d@group-26EE59F8EAB4-StateMachineUpdater: snapshotIndex: updateIncreasingly 14 -> 14
2019-10-11 17:18:28,346 [main] INFO  impl.RaftServerImpl (ServerState.java:close(387)) - 5cb6b437-c2e1-454c-b3fa-c3dae831a88d@group-26EE59F8EAB4: closes. applyIndex: 16
2019-10-11 17:18:28,346 [5cb6b437-c2e1-454c-b3fa-c3dae831a88d@group-26EE59F8EAB4-SegmentedRaftLogWorker] INFO  segmented.SegmentedRaftLogWorker (SegmentedRaftLogWorker.java:run(316)) - 5cb6b437-c2e1-454c-b3fa-c3dae831a88d@group-26EE59F8EAB4-SegmentedRaftLogWorker was interrupted, exiting. There are 0 tasks remaining in the queue.
2019-10-11 17:18:28,349 [main] INFO  segmented.SegmentedRaftLogWorker (SegmentedRaftLogWorker.java:close(224)) - 5cb6b437-c2e1-454c-b3fa-c3dae831a88d@group-26EE59F8EAB4-SegmentedRaftLogWorker close()
2019-10-11 17:18:28,352 [main] INFO  server.GrpcService (GrpcService.java:closeImpl(164)) - 5cb6b437-c2e1-454c-b3fa-c3dae831a88d: shutdown server with port 34352 now
2019-10-11 17:18:28,353 [grpc-default-executor-7] WARN  client.GrpcClientProtocolService (LogUtils.java:warn(134)) - 6-UnorderedRequestStreamObserver6: onError: org.apache.ratis.thirdparty.io.grpc.StatusRuntimeException: CANCELLED: cancelled before receiving half close
2019-10-11 17:18:28,353 [main] INFO  server.GrpcService (GrpcService.java:closeImpl(172)) - 5cb6b437-c2e1-454c-b3fa-c3dae831a88d: shutdown server with port 34352 successfully
2019-10-11 17:18:28,356 [refreshUsed-/workdir/hadoop-ozone/integration-test/target/test-dir/MiniOzoneClusterImpl-b2ca8923-5dad-44ba-bd4a-93447b410621/datanode-2/data/containers] WARN  fs.CachingGetSpaceUsed (CachingGetSpaceUsed.java:run(183)) - Thread Interrupted waiting to refresh disk information: sleep interrupted
2019-10-11 17:18:28,369 [main] INFO  utils.BackgroundService (BackgroundService.java:shutdown(151)) - Shutting down service BlockDeletingService
2019-10-11 17:18:28,374 [main] INFO  statemachine.DatanodeStateMachine (DatanodeStateMachine.java:stopDaemon(395)) - Ozone container server stopped.
2019-10-11 17:18:28,375 [main] INFO  handler.ContextHandler (ContextHandler.java:doStop(910)) - Stopped o.e.j.w.WebAppContext@79195c22{/,null,UNAVAILABLE}{/hddsDatanode}
2019-10-11 17:18:28,376 [main] INFO  server.AbstractConnector (AbstractConnector.java:doStop(318)) - Stopped ServerConnector@c9b5a99{HTTP/1.1,[http/1.1]}{0.0.0.0:0}
2019-10-11 17:18:28,377 [main] INFO  handler.ContextHandler (ContextHandler.java:doStop(910)) - Stopped o.e.j.s.ServletContextHandler@4fb57fb3{/static,jar:file:/home/user/.m2/repository/org/apache/hadoop/hadoop-hdds-container-service/0.5.0-SNAPSHOT/hadoop-hdds-container-service-0.5.0-SNAPSHOT.jar!/webapps/static,UNAVAILABLE}
2019-10-11 17:18:28,377 [main] INFO  handler.ContextHandler (ContextHandler.java:doStop(910)) - Stopped o.e.j.s.ServletContextHandler@336f49a1{/logs,file:///workdir/hadoop-ozone/integration-test/target/log,UNAVAILABLE}
2019-10-11 17:18:36,919 [Thread-3197] INFO  impl.FollowerState (FollowerState.java:run(108)) - 3919957f-5492-4e2e-9554-c3e87ed23817@group-26EE59F8EAB4-FollowerState: change to CANDIDATE, lastRpcTime:8684ms, electionTimeout:5097ms
2019-10-11 17:18:36,922 [Thread-3197] INFO  impl.RoleInfo (RoleInfo.java:shutdownFollowerState(121)) - 3919957f-5492-4e2e-9554-c3e87ed23817: shutdown FollowerState
2019-10-11 17:18:36,923 [Thread-3197] INFO  impl.RaftServerImpl (RaftServerImpl.java:setRole(170)) - 3919957f-5492-4e2e-9554-c3e87ed23817@group-26EE59F8EAB4: changes role from  FOLLOWER to CANDIDATE at term 2 for changeToCandidate
2019-10-11 17:18:36,924 [Thread-3197] INFO  impl.RoleInfo (RoleInfo.java:updateAndGet(143)) - 3919957f-5492-4e2e-9554-c3e87ed23817: start LeaderElection
2019-10-11 17:18:36,935 [3919957f-5492-4e2e-9554-c3e87ed23817@group-26EE59F8EAB4-LeaderElection83] INFO  impl.RaftServerImpl (ServerState.java:setLeader(255)) - 3919957f-5492-4e2e-9554-c3e87ed23817@group-26EE59F8EAB4: change Leader from 5cb6b437-c2e1-454c-b3fa-c3dae831a88d to null at term 2 for initElection
2019-10-11 17:18:36,972 [3919957f-5492-4e2e-9554-c3e87ed23817@group-26EE59F8EAB4-LeaderElection83] INFO  impl.LeaderElection (LeaderElection.java:askForVotes(178)) - 3919957f-5492-4e2e-9554-c3e87ed23817@group-26EE59F8EAB4-LeaderElection83: begin an election at term 3 for 0: [ffd6ec3f-f769-48ed-b47b-9e3bfbb749de:192.168.164.206:34604, 3919957f-5492-4e2e-9554-c3e87ed23817:192.168.164.206:46678, 5cb6b437-c2e1-454c-b3fa-c3dae831a88d:192.168.164.206:34352], old=null
2019-10-11 17:18:36,978 [3919957f-5492-4e2e-9554-c3e87ed23817@group-26EE59F8EAB4-LeaderElection83] INFO  impl.LeaderElection (LogUtils.java:infoOrTrace(149)) - 3919957f-5492-4e2e-9554-c3e87ed23817@group-26EE59F8EAB4-LeaderElection83 got exception when requesting votes: {}
java.util.concurrent.ExecutionException: org.apache.ratis.thirdparty.io.grpc.StatusRuntimeException: UNAVAILABLE: io exception
	at java.util.concurrent.FutureTask.report(FutureTask.java:122)
	at java.util.concurrent.FutureTask.get(FutureTask.java:192)
	at org.apache.ratis.server.impl.LeaderElection.waitForResults(LeaderElection.java:259)
	at org.apache.ratis.server.impl.LeaderElection.askForVotes(LeaderElection.java:197)
	at org.apache.ratis.server.impl.LeaderElection.run(LeaderElection.java:133)
	at java.lang.Thread.run(Thread.java:748)
Caused by: org.apache.ratis.thirdparty.io.grpc.StatusRuntimeException: UNAVAILABLE: io exception
	at org.apache.ratis.thirdparty.io.grpc.stub.ClientCalls.toStatusRuntimeException(ClientCalls.java:233)
	at org.apache.ratis.thirdparty.io.grpc.stub.ClientCalls.getUnchecked(ClientCalls.java:214)
	at org.apache.ratis.thirdparty.io.grpc.stub.ClientCalls.blockingUnaryCall(ClientCalls.java:139)
	at org.apache.ratis.proto.grpc.RaftServerProtocolServiceGrpc$RaftServerProtocolServiceBlockingStub.requestVote(RaftServerProtocolServiceGrpc.java:265)
	at org.apache.ratis.grpc.server.GrpcServerProtocolClient.requestVote(GrpcServerProtocolClient.java:99)
	at org.apache.ratis.grpc.server.GrpcService.requestVote(GrpcService.java:204)
	at org.apache.ratis.server.impl.LeaderElection.lambda$submitRequests$1(LeaderElection.java:234)
	at java.util.concurrent.FutureTask.run(FutureTask.java:266)
	at java.util.concurrent.Executors$RunnableAdapter.call(Executors.java:511)
	at java.util.concurrent.FutureTask.run(FutureTask.java:266)
	at java.util.concurrent.ThreadPoolExecutor.runWorker(ThreadPoolExecutor.java:1149)
	at java.util.concurrent.ThreadPoolExecutor$Worker.run(ThreadPoolExecutor.java:624)
	... 1 more
Caused by: org.apache.ratis.thirdparty.io.netty.channel.AbstractChannel$AnnotatedConnectException: Connection refused: /192.168.164.206:34352
	at sun.nio.ch.SocketChannelImpl.checkConnect(Native Method)
	at sun.nio.ch.SocketChannelImpl.finishConnect(SocketChannelImpl.java:717)
	at org.apache.ratis.thirdparty.io.netty.channel.socket.nio.NioSocketChannel.doFinishConnect(NioSocketChannel.java:327)
	at org.apache.ratis.thirdparty.io.netty.channel.nio.AbstractNioChannel$AbstractNioUnsafe.finishConnect(AbstractNioChannel.java:340)
	at org.apache.ratis.thirdparty.io.netty.channel.nio.NioEventLoop.processSelectedKey(NioEventLoop.java:632)
	at org.apache.ratis.thirdparty.io.netty.channel.nio.NioEventLoop.processSelectedKeysOptimized(NioEventLoop.java:579)
	at org.apache.ratis.thirdparty.io.netty.channel.nio.NioEventLoop.processSelectedKeys(NioEventLoop.java:496)
	at org.apache.ratis.thirdparty.io.netty.channel.nio.NioEventLoop.run(NioEventLoop.java:458)
	at org.apache.ratis.thirdparty.io.netty.util.concurrent.SingleThreadEventExecutor$5.run(SingleThreadEventExecutor.java:897)
	at org.apache.ratis.thirdparty.io.netty.util.concurrent.FastThreadLocalRunnable.run(FastThreadLocalRunnable.java:30)
	... 1 more
Caused by: java.net.ConnectException: Connection refused
	... 11 more
2019-10-11 17:18:36,982 [grpc-default-executor-0] INFO  impl.RaftServerImpl (ServerState.java:setLeader(255)) - ffd6ec3f-f769-48ed-b47b-9e3bfbb749de@group-26EE59F8EAB4: change Leader from 5cb6b437-c2e1-454c-b3fa-c3dae831a88d to null at term 3 for updateCurrentTerm
2019-10-11 17:18:36,983 [grpc-default-executor-0] INFO  impl.RaftServerImpl (RaftServerImpl.java:setRole(170)) - ffd6ec3f-f769-48ed-b47b-9e3bfbb749de@group-26EE59F8EAB4: changes role from  FOLLOWER to FOLLOWER at term 3 for recognizeCandidate:3919957f-5492-4e2e-9554-c3e87ed23817
2019-10-11 17:18:36,983 [grpc-default-executor-0] INFO  impl.RoleInfo (RoleInfo.java:shutdownFollowerState(121)) - ffd6ec3f-f769-48ed-b47b-9e3bfbb749de: shutdown FollowerState
2019-10-11 17:18:36,983 [grpc-default-executor-0] INFO  impl.RoleInfo (RoleInfo.java:updateAndGet(143)) - ffd6ec3f-f769-48ed-b47b-9e3bfbb749de: start FollowerState
2019-10-11 17:18:36,983 [Thread-3202] INFO  impl.FollowerState (FollowerState.java:run(117)) - ffd6ec3f-f769-48ed-b47b-9e3bfbb749de@group-26EE59F8EAB4-FollowerState was interrupted: java.lang.InterruptedException: sleep interrupted
2019-10-11 17:18:37,007 [3919957f-5492-4e2e-9554-c3e87ed23817@group-26EE59F8EAB4-LeaderElection83] INFO  impl.LeaderElection (LeaderElection.java:logAndReturn(56)) - 3919957f-5492-4e2e-9554-c3e87ed23817@group-26EE59F8EAB4-LeaderElection83: Election PASSED; received 1 response(s) [3919957f-5492-4e2e-9554-c3e87ed23817<-ffd6ec3f-f769-48ed-b47b-9e3bfbb749de#0:OK-t3] and 1 exception(s); 3919957f-5492-4e2e-9554-c3e87ed23817@group-26EE59F8EAB4:t3, leader=null, voted=3919957f-5492-4e2e-9554-c3e87ed23817, raftlog=3919957f-5492-4e2e-9554-c3e87ed23817@group-26EE59F8EAB4-SegmentedRaftLog:OPENED:c16,f16,i16, conf=0: [ffd6ec3f-f769-48ed-b47b-9e3bfbb749de:192.168.164.206:34604, 3919957f-5492-4e2e-9554-c3e87ed23817:192.168.164.206:46678, 5cb6b437-c2e1-454c-b3fa-c3dae831a88d:192.168.164.206:34352], old=null
2019-10-11 17:18:37,007 [3919957f-5492-4e2e-9554-c3e87ed23817@group-26EE59F8EAB4-LeaderElection83] INFO  impl.LeaderElection (LogUtils.java:infoOrTrace(149)) -   Exception 0: {}
java.util.concurrent.ExecutionException: org.apache.ratis.thirdparty.io.grpc.StatusRuntimeException: UNAVAILABLE: io exception
	at java.util.concurrent.FutureTask.report(FutureTask.java:122)
	at java.util.concurrent.FutureTask.get(FutureTask.java:192)
	at org.apache.ratis.server.impl.LeaderElection.waitForResults(LeaderElection.java:259)
	at org.apache.ratis.server.impl.LeaderElection.askForVotes(LeaderElection.java:197)
	at org.apache.ratis.server.impl.LeaderElection.run(LeaderElection.java:133)
	at java.lang.Thread.run(Thread.java:748)
Caused by: org.apache.ratis.thirdparty.io.grpc.StatusRuntimeException: UNAVAILABLE: io exception
	at org.apache.ratis.thirdparty.io.grpc.stub.ClientCalls.toStatusRuntimeException(ClientCalls.java:233)
	at org.apache.ratis.thirdparty.io.grpc.stub.ClientCalls.getUnchecked(ClientCalls.java:214)
	at org.apache.ratis.thirdparty.io.grpc.stub.ClientCalls.blockingUnaryCall(ClientCalls.java:139)
	at org.apache.ratis.proto.grpc.RaftServerProtocolServiceGrpc$RaftServerProtocolServiceBlockingStub.requestVote(RaftServerProtocolServiceGrpc.java:265)
	at org.apache.ratis.grpc.server.GrpcServerProtocolClient.requestVote(GrpcServerProtocolClient.java:99)
	at org.apache.ratis.grpc.server.GrpcService.requestVote(GrpcService.java:204)
	at org.apache.ratis.server.impl.LeaderElection.lambda$submitRequests$1(LeaderElection.java:234)
	at java.util.concurrent.FutureTask.run(FutureTask.java:266)
	at java.util.concurrent.Executors$RunnableAdapter.call(Executors.java:511)
	at java.util.concurrent.FutureTask.run(FutureTask.java:266)
	at java.util.concurrent.ThreadPoolExecutor.runWorker(ThreadPoolExecutor.java:1149)
	at java.util.concurrent.ThreadPoolExecutor$Worker.run(ThreadPoolExecutor.java:624)
	... 1 more
Caused by: org.apache.ratis.thirdparty.io.netty.channel.AbstractChannel$AnnotatedConnectException: Connection refused: /192.168.164.206:34352
	at sun.nio.ch.SocketChannelImpl.checkConnect(Native Method)
	at sun.nio.ch.SocketChannelImpl.finishConnect(SocketChannelImpl.java:717)
	at org.apache.ratis.thirdparty.io.netty.channel.socket.nio.NioSocketChannel.doFinishConnect(NioSocketChannel.java:327)
	at org.apache.ratis.thirdparty.io.netty.channel.nio.AbstractNioChannel$AbstractNioUnsafe.finishConnect(AbstractNioChannel.java:340)
	at org.apache.ratis.thirdparty.io.netty.channel.nio.NioEventLoop.processSelectedKey(NioEventLoop.java:632)
	at org.apache.ratis.thirdparty.io.netty.channel.nio.NioEventLoop.processSelectedKeysOptimized(NioEventLoop.java:579)
	at org.apache.ratis.thirdparty.io.netty.channel.nio.NioEventLoop.processSelectedKeys(NioEventLoop.java:496)
	at org.apache.ratis.thirdparty.io.netty.channel.nio.NioEventLoop.run(NioEventLoop.java:458)
	at org.apache.ratis.thirdparty.io.netty.util.concurrent.SingleThreadEventExecutor$5.run(SingleThreadEventExecutor.java:897)
	at org.apache.ratis.thirdparty.io.netty.util.concurrent.FastThreadLocalRunnable.run(FastThreadLocalRunnable.java:30)
	... 1 more
Caused by: java.net.ConnectException: Connection refused
	... 11 more
2019-10-11 17:18:37,008 [3919957f-5492-4e2e-9554-c3e87ed23817@group-26EE59F8EAB4-LeaderElection83] INFO  impl.RoleInfo (RoleInfo.java:shutdownLeaderElection(134)) - 3919957f-5492-4e2e-9554-c3e87ed23817: shutdown LeaderElection
2019-10-11 17:18:37,008 [3919957f-5492-4e2e-9554-c3e87ed23817@group-26EE59F8EAB4-LeaderElection83] INFO  impl.RaftServerImpl (RaftServerImpl.java:setRole(170)) - 3919957f-5492-4e2e-9554-c3e87ed23817@group-26EE59F8EAB4: changes role from CANDIDATE to LEADER at term 3 for changeToLeader
2019-10-11 17:18:37,008 [3919957f-5492-4e2e-9554-c3e87ed23817@group-26EE59F8EAB4-LeaderElection83] INFO  impl.RaftServerImpl (ServerState.java:setLeader(255)) - 3919957f-5492-4e2e-9554-c3e87ed23817@group-26EE59F8EAB4: change Leader from null to 3919957f-5492-4e2e-9554-c3e87ed23817 at term 3 for becomeLeader, leader elected after 72ms
2019-10-11 17:18:37,008 [3919957f-5492-4e2e-9554-c3e87ed23817@group-26EE59F8EAB4-LeaderElection83] INFO  server.RaftServerConfigKeys (ConfUtils.java:logGet(43)) - raft.server.staging.catchup.gap = 1000 (default)
2019-10-11 17:18:37,008 [3919957f-5492-4e2e-9554-c3e87ed23817@group-26EE59F8EAB4-LeaderElection83] INFO  server.RaftServerConfigKeys (ConfUtils.java:logGet(43)) - raft.server.rpc.sleep.time = 25ms (default)
2019-10-11 17:18:37,009 [3919957f-5492-4e2e-9554-c3e87ed23817@group-26EE59F8EAB4-LeaderElection83] INFO  server.RaftServerConfigKeys (ConfUtils.java:logGet(43)) - raft.server.write.element-limit = 4096 (default)
2019-10-11 17:18:37,009 [3919957f-5492-4e2e-9554-c3e87ed23817@group-26EE59F8EAB4-LeaderElection83] INFO  server.RaftServerConfigKeys (ConfUtils.java:logGet(43)) - raft.server.watch.timeout = 10s (default)
2019-10-11 17:18:37,009 [3919957f-5492-4e2e-9554-c3e87ed23817@group-26EE59F8EAB4-LeaderElection83] INFO  server.RaftServerConfigKeys (ConfUtils.java:logGet(43)) - raft.server.watch.timeout.denomination = 1s (default)
2019-10-11 17:18:37,009 [3919957f-5492-4e2e-9554-c3e87ed23817@group-26EE59F8EAB4-LeaderElection83] INFO  server.RaftServerConfigKeys (ConfUtils.java:logGet(43)) - raft.server.watch.element-limit = 65536 (default)
2019-10-11 17:18:37,013 [3919957f-5492-4e2e-9554-c3e87ed23817@group-26EE59F8EAB4-LeaderElection83] INFO  server.RaftServerConfigKeys (ConfUtils.java:logGet(43)) - raft.server.log.appender.snapshot.chunk.size.max = 16MB (=16777216) (default)
2019-10-11 17:18:37,013 [3919957f-5492-4e2e-9554-c3e87ed23817@group-26EE59F8EAB4-LeaderElection83] INFO  server.RaftServerConfigKeys (ConfUtils.java:logGet(43)) - raft.server.log.appender.buffer.byte-limit = 33554432 (custom)
2019-10-11 17:18:37,013 [3919957f-5492-4e2e-9554-c3e87ed23817@group-26EE59F8EAB4-LeaderElection83] INFO  server.RaftServerConfigKeys (ConfUtils.java:logGet(43)) - raft.server.log.appender.buffer.element-limit = 1 (custom)
2019-10-11 17:18:37,014 [3919957f-5492-4e2e-9554-c3e87ed23817@group-26EE59F8EAB4-LeaderElection83] INFO  grpc.GrpcConfigKeys$Server (ConfUtils.java:logGet(43)) - raft.grpc.server.leader.outstanding.appends.max = 128 (default)
2019-10-11 17:18:37,014 [3919957f-5492-4e2e-9554-c3e87ed23817@group-26EE59F8EAB4-LeaderElection83] INFO  server.RaftServerConfigKeys (ConfUtils.java:logGet(43)) - raft.server.rpc.request.timeout = 3000ms (default)
2019-10-11 17:18:37,014 [3919957f-5492-4e2e-9554-c3e87ed23817@group-26EE59F8EAB4-LeaderElection83] INFO  server.RaftServerConfigKeys (ConfUtils.java:logGet(43)) - raft.server.log.appender.install.snapshot.enabled = false (custom)
2019-10-11 17:18:37,014 [3919957f-5492-4e2e-9554-c3e87ed23817@group-26EE59F8EAB4-LeaderElection83] INFO  server.RaftServerConfigKeys (ConfUtils.java:logGet(43)) - raft.server.log.appender.snapshot.chunk.size.max = 16MB (=16777216) (default)
2019-10-11 17:18:37,014 [3919957f-5492-4e2e-9554-c3e87ed23817@group-26EE59F8EAB4-LeaderElection83] INFO  server.RaftServerConfigKeys (ConfUtils.java:logGet(43)) - raft.server.log.appender.buffer.byte-limit = 33554432 (custom)
2019-10-11 17:18:37,015 [3919957f-5492-4e2e-9554-c3e87ed23817@group-26EE59F8EAB4-LeaderElection83] INFO  server.RaftServerConfigKeys (ConfUtils.java:logGet(43)) - raft.server.log.appender.buffer.element-limit = 1 (custom)
2019-10-11 17:18:37,015 [3919957f-5492-4e2e-9554-c3e87ed23817@group-26EE59F8EAB4-LeaderElection83] INFO  grpc.GrpcConfigKeys$Server (ConfUtils.java:logGet(43)) - raft.grpc.server.leader.outstanding.appends.max = 128 (default)
2019-10-11 17:18:37,015 [3919957f-5492-4e2e-9554-c3e87ed23817@group-26EE59F8EAB4-LeaderElection83] INFO  server.RaftServerConfigKeys (ConfUtils.java:logGet(43)) - raft.server.rpc.request.timeout = 3000ms (default)
2019-10-11 17:18:37,015 [3919957f-5492-4e2e-9554-c3e87ed23817@group-26EE59F8EAB4-LeaderElection83] INFO  server.RaftServerConfigKeys (ConfUtils.java:logGet(43)) - raft.server.log.appender.install.snapshot.enabled = false (custom)
2019-10-11 17:18:37,015 [3919957f-5492-4e2e-9554-c3e87ed23817@group-26EE59F8EAB4-LeaderElection83] INFO  impl.RoleInfo (RoleInfo.java:updateAndGet(143)) - 3919957f-5492-4e2e-9554-c3e87ed23817: start LeaderState
2019-10-11 17:18:37,016 [3919957f-5492-4e2e-9554-c3e87ed23817@group-26EE59F8EAB4-LeaderElection83] INFO  segmented.SegmentedRaftLogWorker (SegmentedRaftLogWorker.java:rollLogSegment(390)) - 3919957f-5492-4e2e-9554-c3e87ed23817@group-26EE59F8EAB4-SegmentedRaftLogWorker: Rolling segment log-0_16 to index:16
2019-10-11 17:18:37,018 [3919957f-5492-4e2e-9554-c3e87ed23817@group-26EE59F8EAB4-LeaderElection83] INFO  impl.RaftServerImpl (ServerState.java:setRaftConf(356)) - 3919957f-5492-4e2e-9554-c3e87ed23817@group-26EE59F8EAB4: set configuration 17: [ffd6ec3f-f769-48ed-b47b-9e3bfbb749de:192.168.164.206:34604, 3919957f-5492-4e2e-9554-c3e87ed23817:192.168.164.206:46678, 5cb6b437-c2e1-454c-b3fa-c3dae831a88d:192.168.164.206:34352], old=null at 17
2019-10-11 17:18:37,018 [3919957f-5492-4e2e-9554-c3e87ed23817@group-26EE59F8EAB4-SegmentedRaftLogWorker] INFO  segmented.SegmentedRaftLogWorker (SegmentedRaftLogWorker.java:execute(531)) - 3919957f-5492-4e2e-9554-c3e87ed23817@group-26EE59F8EAB4-SegmentedRaftLogWorker: Rolled log segment from /workdir/hadoop-ozone/integration-test/target/test-dir/MiniOzoneClusterImpl-b2ca8923-5dad-44ba-bd4a-93447b410621/datanode-4/data/ratis/952838c4-e1ed-4084-854a-26ee59f8eab4/current/log_inprogress_0 to /workdir/hadoop-ozone/integration-test/target/test-dir/MiniOzoneClusterImpl-b2ca8923-5dad-44ba-bd4a-93447b410621/datanode-4/data/ratis/952838c4-e1ed-4084-854a-26ee59f8eab4/current/log_0-16
2019-10-11 17:18:37,022 [grpc-default-executor-0] WARN  server.GrpcLogAppender (LogUtils.java:warn(134)) - 3919957f-5492-4e2e-9554-c3e87ed23817@group-26EE59F8EAB4->5cb6b437-c2e1-454c-b3fa-c3dae831a88d-AppendLogResponseHandler: Failed appendEntries: org.apache.ratis.thirdparty.io.grpc.StatusRuntimeException: UNAVAILABLE: io exception
2019-10-11 17:18:37,023 [grpc-default-executor-0] INFO  impl.FollowerInfo (FollowerInfo.java:lambda$new$0(51)) - 3919957f-5492-4e2e-9554-c3e87ed23817@group-26EE59F8EAB4->5cb6b437-c2e1-454c-b3fa-c3dae831a88d: nextIndex: updateUnconditionally 17 -> 1
2019-10-11 17:18:37,023 [grpc-default-executor-7] INFO  impl.RaftServerImpl (ServerState.java:setLeader(255)) - ffd6ec3f-f769-48ed-b47b-9e3bfbb749de@group-26EE59F8EAB4: change Leader from null to 3919957f-5492-4e2e-9554-c3e87ed23817 at term 3 for appendEntries, leader elected after 40ms
2019-10-11 17:18:37,063 [grpc-default-executor-7] INFO  impl.RaftServerImpl (ServerState.java:setRaftConf(356)) - ffd6ec3f-f769-48ed-b47b-9e3bfbb749de@group-26EE59F8EAB4: set configuration 17: [ffd6ec3f-f769-48ed-b47b-9e3bfbb749de:192.168.164.206:34604, 3919957f-5492-4e2e-9554-c3e87ed23817:192.168.164.206:46678, 5cb6b437-c2e1-454c-b3fa-c3dae831a88d:192.168.164.206:34352], old=null at 17
2019-10-11 17:18:37,063 [grpc-default-executor-7] INFO  segmented.SegmentedRaftLogWorker (SegmentedRaftLogWorker.java:rollLogSegment(390)) - ffd6ec3f-f769-48ed-b47b-9e3bfbb749de@group-26EE59F8EAB4-SegmentedRaftLogWorker: Rolling segment log-0_16 to index:16
2019-10-11 17:18:37,064 [ffd6ec3f-f769-48ed-b47b-9e3bfbb749de@group-26EE59F8EAB4-SegmentedRaftLogWorker] INFO  segmented.SegmentedRaftLogWorker (SegmentedRaftLogWorker.java:execute(531)) - ffd6ec3f-f769-48ed-b47b-9e3bfbb749de@group-26EE59F8EAB4-SegmentedRaftLogWorker: Rolled log segment from /workdir/hadoop-ozone/integration-test/target/test-dir/MiniOzoneClusterImpl-b2ca8923-5dad-44ba-bd4a-93447b410621/datanode-3/data/ratis/952838c4-e1ed-4084-854a-26ee59f8eab4/current/log_inprogress_0 to /workdir/hadoop-ozone/integration-test/target/test-dir/MiniOzoneClusterImpl-b2ca8923-5dad-44ba-bd4a-93447b410621/datanode-3/data/ratis/952838c4-e1ed-4084-854a-26ee59f8eab4/current/log_0-16
2019-10-11 17:18:37,082 [3919957f-5492-4e2e-9554-c3e87ed23817@group-26EE59F8EAB4-SegmentedRaftLogWorker] INFO  segmented.SegmentedRaftLogWorker (SegmentedRaftLogWorker.java:execute(574)) - 3919957f-5492-4e2e-9554-c3e87ed23817@group-26EE59F8EAB4-SegmentedRaftLogWorker: created new log segment /workdir/hadoop-ozone/integration-test/target/test-dir/MiniOzoneClusterImpl-b2ca8923-5dad-44ba-bd4a-93447b410621/datanode-4/data/ratis/952838c4-e1ed-4084-854a-26ee59f8eab4/current/log_inprogress_17
2019-10-11 17:18:37,116 [ffd6ec3f-f769-48ed-b47b-9e3bfbb749de@group-26EE59F8EAB4-SegmentedRaftLogWorker] INFO  segmented.SegmentedRaftLogWorker (SegmentedRaftLogWorker.java:execute(574)) - ffd6ec3f-f769-48ed-b47b-9e3bfbb749de@group-26EE59F8EAB4-SegmentedRaftLogWorker: created new log segment /workdir/hadoop-ozone/integration-test/target/test-dir/MiniOzoneClusterImpl-b2ca8923-5dad-44ba-bd4a-93447b410621/datanode-3/data/ratis/952838c4-e1ed-4084-854a-26ee59f8eab4/current/log_inprogress_17
2019-10-11 17:18:37,132 [grpc-default-executor-10] WARN  server.GrpcLogAppender (LogUtils.java:warn(134)) - 3919957f-5492-4e2e-9554-c3e87ed23817@group-26EE59F8EAB4->5cb6b437-c2e1-454c-b3fa-c3dae831a88d-AppendLogResponseHandler: Failed appendEntries: org.apache.ratis.thirdparty.io.grpc.StatusRuntimeException: UNAVAILABLE: io exception
2019-10-11 17:18:37,132 [grpc-default-executor-10] INFO  impl.FollowerInfo (FollowerInfo.java:lambda$new$0(51)) - 3919957f-5492-4e2e-9554-c3e87ed23817@group-26EE59F8EAB4->5cb6b437-c2e1-454c-b3fa-c3dae831a88d: nextIndex: updateUnconditionally 2 -> 1
2019-10-11 17:18:37,141 [grpc-default-executor-10] WARN  server.GrpcLogAppender (LogUtils.java:warn(134)) - 3919957f-5492-4e2e-9554-c3e87ed23817@group-26EE59F8EAB4->5cb6b437-c2e1-454c-b3fa-c3dae831a88d-AppendLogResponseHandler: Failed appendEntries: org.apache.ratis.thirdparty.io.grpc.StatusRuntimeException: UNAVAILABLE: io exception
2019-10-11 17:18:37,141 [grpc-default-executor-10] INFO  impl.FollowerInfo (FollowerInfo.java:lambda$new$0(51)) - 3919957f-5492-4e2e-9554-c3e87ed23817@group-26EE59F8EAB4->5cb6b437-c2e1-454c-b3fa-c3dae831a88d: nextIndex: updateUnconditionally 2 -> 1
17:18:37.532 [grpc-default-executor-10] ERROR DNAudit - user=null | ip=null | op=WRITE_CHUNK {blockData=conID: 1 locID: 102944885403090957 bcsId: 14} | ret=FAILURE
org.apache.hadoop.hdds.scm.container.common.helpers.ContainerNotOpenException: Container 1 in CLOSING state
	at org.apache.hadoop.ozone.container.common.impl.HddsDispatcher.validateContainerCommand(HddsDispatcher.java:436) ~[hadoop-hdds-container-service-0.5.0-SNAPSHOT.jar:?]
	at org.apache.hadoop.ozone.container.common.transport.server.ratis.ContainerStateMachine.startTransaction(ContainerStateMachine.java:320) ~[hadoop-hdds-container-service-0.5.0-SNAPSHOT.jar:?]
	at org.apache.ratis.server.impl.RaftServerImpl.submitClientRequestAsync(RaftServerImpl.java:569) ~[ratis-server-0.5.0-201fc85-SNAPSHOT.jar:0.5.0-201fc85-SNAPSHOT]
	at org.apache.ratis.server.impl.RaftServerProxy.lambda$submitClientRequestAsync$7(RaftServerProxy.java:333) ~[ratis-server-0.5.0-201fc85-SNAPSHOT.jar:0.5.0-201fc85-SNAPSHOT]
	at org.apache.ratis.server.impl.RaftServerProxy.lambda$null$5(RaftServerProxy.java:328) ~[ratis-server-0.5.0-201fc85-SNAPSHOT.jar:0.5.0-201fc85-SNAPSHOT]
	at org.apache.ratis.util.JavaUtils.callAsUnchecked(JavaUtils.java:109) ~[ratis-common-0.5.0-201fc85-SNAPSHOT.jar:0.5.0-201fc85-SNAPSHOT]
	at org.apache.ratis.server.impl.RaftServerProxy.lambda$submitRequest$6(RaftServerProxy.java:328) ~[ratis-server-0.5.0-201fc85-SNAPSHOT.jar:0.5.0-201fc85-SNAPSHOT]
	at java.util.concurrent.CompletableFuture.uniComposeStage(CompletableFuture.java:981) ~[?:1.8.0_212]
	at java.util.concurrent.CompletableFuture.thenCompose(CompletableFuture.java:2124) ~[?:1.8.0_212]
	at org.apache.ratis.server.impl.RaftServerProxy.submitRequest(RaftServerProxy.java:327) ~[ratis-server-0.5.0-201fc85-SNAPSHOT.jar:0.5.0-201fc85-SNAPSHOT]
	at org.apache.ratis.server.impl.RaftServerProxy.submitClientRequestAsync(RaftServerProxy.java:333) ~[ratis-server-0.5.0-201fc85-SNAPSHOT.jar:0.5.0-201fc85-SNAPSHOT]
	at org.apache.ratis.grpc.client.GrpcClientProtocolService$RequestStreamObserver.processClientRequest(GrpcClientProtocolService.java:220) ~[ratis-grpc-0.5.0-201fc85-SNAPSHOT.jar:0.5.0-201fc85-SNAPSHOT]
	at org.apache.ratis.grpc.client.GrpcClientProtocolService$OrderedRequestStreamObserver.processClientRequest(GrpcClientProtocolService.java:326) ~[ratis-grpc-0.5.0-201fc85-SNAPSHOT.jar:0.5.0-201fc85-SNAPSHOT]
	at org.apache.ratis.util.SlidingWindow$Server.processRequestsFromHead(SlidingWindow.java:429) [ratis-common-0.5.0-201fc85-SNAPSHOT.jar:0.5.0-201fc85-SNAPSHOT]
	at org.apache.ratis.util.SlidingWindow$Server.receivedRequest(SlidingWindow.java:421) [ratis-common-0.5.0-201fc85-SNAPSHOT.jar:0.5.0-201fc85-SNAPSHOT]
	at org.apache.ratis.grpc.client.GrpcClientProtocolService$OrderedRequestStreamObserver.processClientRequest(GrpcClientProtocolService.java:345) [ratis-grpc-0.5.0-201fc85-SNAPSHOT.jar:0.5.0-201fc85-SNAPSHOT]
	at org.apache.ratis.grpc.client.GrpcClientProtocolService$RequestStreamObserver.onNext(GrpcClientProtocolService.java:240) [ratis-grpc-0.5.0-201fc85-SNAPSHOT.jar:0.5.0-201fc85-SNAPSHOT]
	at org.apache.ratis.grpc.client.GrpcClientProtocolService$RequestStreamObserver.onNext(GrpcClientProtocolService.java:168) [ratis-grpc-0.5.0-201fc85-SNAPSHOT.jar:0.5.0-201fc85-SNAPSHOT]
	at org.apache.ratis.thirdparty.io.grpc.stub.ServerCalls$StreamingServerCallHandler$StreamingServerCallListener.onMessage(ServerCalls.java:248) [ratis-thirdparty-misc-0.2.0.jar:0.2.0]
	at org.apache.ratis.thirdparty.io.grpc.internal.ServerCallImpl$ServerStreamListenerImpl.messagesAvailable(ServerCallImpl.java:263) [ratis-thirdparty-misc-0.2.0.jar:0.2.0]
	at org.apache.ratis.thirdparty.io.grpc.internal.ServerImpl$JumpToApplicationThreadServerStreamListener$1MessagesAvailable.runInContext(ServerImpl.java:686) [ratis-thirdparty-misc-0.2.0.jar:0.2.0]
	at org.apache.ratis.thirdparty.io.grpc.internal.ContextRunnable.run(ContextRunnable.java:37) [ratis-thirdparty-misc-0.2.0.jar:0.2.0]
	at org.apache.ratis.thirdparty.io.grpc.internal.SerializingExecutor.run(SerializingExecutor.java:123) [ratis-thirdparty-misc-0.2.0.jar:0.2.0]
	at java.util.concurrent.ThreadPoolExecutor.runWorker(ThreadPoolExecutor.java:1149) [?:1.8.0_212]
	at java.util.concurrent.ThreadPoolExecutor$Worker.run(ThreadPoolExecutor.java:624) [?:1.8.0_212]
	at java.lang.Thread.run(Thread.java:748) [?:1.8.0_212]
17:18:37.548 [grpc-default-executor-7] ERROR DNAudit - user=null | ip=null | op=WRITE_CHUNK {blockData=conID: 1 locID: 102944885403090957 bcsId: 14} | ret=FAILURE
org.apache.hadoop.hdds.scm.container.common.helpers.ContainerNotOpenException: Container 1 in CLOSING state
	at org.apache.hadoop.ozone.container.common.impl.HddsDispatcher.validateContainerCommand(HddsDispatcher.java:436) ~[hadoop-hdds-container-service-0.5.0-SNAPSHOT.jar:?]
	at org.apache.hadoop.ozone.container.common.transport.server.ratis.ContainerStateMachine.startTransaction(ContainerStateMachine.java:320) ~[hadoop-hdds-container-service-0.5.0-SNAPSHOT.jar:?]
	at org.apache.ratis.server.impl.RaftServerImpl.submitClientRequestAsync(RaftServerImpl.java:569) ~[ratis-server-0.5.0-201fc85-SNAPSHOT.jar:0.5.0-201fc85-SNAPSHOT]
	at org.apache.ratis.server.impl.RaftServerProxy.lambda$submitClientRequestAsync$7(RaftServerProxy.java:333) ~[ratis-server-0.5.0-201fc85-SNAPSHOT.jar:0.5.0-201fc85-SNAPSHOT]
	at org.apache.ratis.server.impl.RaftServerProxy.lambda$null$5(RaftServerProxy.java:328) ~[ratis-server-0.5.0-201fc85-SNAPSHOT.jar:0.5.0-201fc85-SNAPSHOT]
	at org.apache.ratis.util.JavaUtils.callAsUnchecked(JavaUtils.java:109) ~[ratis-common-0.5.0-201fc85-SNAPSHOT.jar:0.5.0-201fc85-SNAPSHOT]
	at org.apache.ratis.server.impl.RaftServerProxy.lambda$submitRequest$6(RaftServerProxy.java:328) ~[ratis-server-0.5.0-201fc85-SNAPSHOT.jar:0.5.0-201fc85-SNAPSHOT]
	at java.util.concurrent.CompletableFuture.uniComposeStage(CompletableFuture.java:981) ~[?:1.8.0_212]
	at java.util.concurrent.CompletableFuture.thenCompose(CompletableFuture.java:2124) ~[?:1.8.0_212]
	at org.apache.ratis.server.impl.RaftServerProxy.submitRequest(RaftServerProxy.java:327) ~[ratis-server-0.5.0-201fc85-SNAPSHOT.jar:0.5.0-201fc85-SNAPSHOT]
	at org.apache.ratis.server.impl.RaftServerProxy.submitClientRequestAsync(RaftServerProxy.java:333) ~[ratis-server-0.5.0-201fc85-SNAPSHOT.jar:0.5.0-201fc85-SNAPSHOT]
	at org.apache.ratis.grpc.client.GrpcClientProtocolService$RequestStreamObserver.processClientRequest(GrpcClientProtocolService.java:220) ~[ratis-grpc-0.5.0-201fc85-SNAPSHOT.jar:0.5.0-201fc85-SNAPSHOT]
	at org.apache.ratis.grpc.client.GrpcClientProtocolService$OrderedRequestStreamObserver.processClientRequest(GrpcClientProtocolService.java:326) ~[ratis-grpc-0.5.0-201fc85-SNAPSHOT.jar:0.5.0-201fc85-SNAPSHOT]
	at org.apache.ratis.util.SlidingWindow$Server.processRequestsFromHead(SlidingWindow.java:429) [ratis-common-0.5.0-201fc85-SNAPSHOT.jar:0.5.0-201fc85-SNAPSHOT]
	at org.apache.ratis.util.SlidingWindow$Server.receivedRequest(SlidingWindow.java:421) [ratis-common-0.5.0-201fc85-SNAPSHOT.jar:0.5.0-201fc85-SNAPSHOT]
	at org.apache.ratis.grpc.client.GrpcClientProtocolService$OrderedRequestStreamObserver.processClientRequest(GrpcClientProtocolService.java:345) [ratis-grpc-0.5.0-201fc85-SNAPSHOT.jar:0.5.0-201fc85-SNAPSHOT]
	at org.apache.ratis.grpc.client.GrpcClientProtocolService$RequestStreamObserver.onNext(GrpcClientProtocolService.java:240) [ratis-grpc-0.5.0-201fc85-SNAPSHOT.jar:0.5.0-201fc85-SNAPSHOT]
	at org.apache.ratis.grpc.client.GrpcClientProtocolService$RequestStreamObserver.onNext(GrpcClientProtocolService.java:168) [ratis-grpc-0.5.0-201fc85-SNAPSHOT.jar:0.5.0-201fc85-SNAPSHOT]
	at org.apache.ratis.thirdparty.io.grpc.stub.ServerCalls$StreamingServerCallHandler$StreamingServerCallListener.onMessage(ServerCalls.java:248) [ratis-thirdparty-misc-0.2.0.jar:0.2.0]
	at org.apache.ratis.thirdparty.io.grpc.internal.ServerCallImpl$ServerStreamListenerImpl.messagesAvailable(ServerCallImpl.java:263) [ratis-thirdparty-misc-0.2.0.jar:0.2.0]
	at org.apache.ratis.thirdparty.io.grpc.internal.ServerImpl$JumpToApplicationThreadServerStreamListener$1MessagesAvailable.runInContext(ServerImpl.java:686) [ratis-thirdparty-misc-0.2.0.jar:0.2.0]
	at org.apache.ratis.thirdparty.io.grpc.internal.ContextRunnable.run(ContextRunnable.java:37) [ratis-thirdparty-misc-0.2.0.jar:0.2.0]
	at org.apache.ratis.thirdparty.io.grpc.internal.SerializingExecutor.run(SerializingExecutor.java:123) [ratis-thirdparty-misc-0.2.0.jar:0.2.0]
	at java.util.concurrent.ThreadPoolExecutor.runWorker(ThreadPoolExecutor.java:1149) [?:1.8.0_212]
	at java.util.concurrent.ThreadPoolExecutor$Worker.run(ThreadPoolExecutor.java:624) [?:1.8.0_212]
	at java.lang.Thread.run(Thread.java:748) [?:1.8.0_212]
17:18:37.551 [grpc-default-executor-7] ERROR DNAudit - user=null | ip=null | op=PUT_BLOCK {blockData=[blockId=conID: 1 locID: 102944885403090957 bcsId: 0,size=650]} | ret=FAILURE
org.apache.hadoop.hdds.scm.container.common.helpers.ContainerNotOpenException: Container 1 in CLOSING state
	at org.apache.hadoop.ozone.container.common.impl.HddsDispatcher.validateContainerCommand(HddsDispatcher.java:436) ~[hadoop-hdds-container-service-0.5.0-SNAPSHOT.jar:?]
	at org.apache.hadoop.ozone.container.common.transport.server.ratis.ContainerStateMachine.startTransaction(ContainerStateMachine.java:320) ~[hadoop-hdds-container-service-0.5.0-SNAPSHOT.jar:?]
	at org.apache.ratis.server.impl.RaftServerImpl.submitClientRequestAsync(RaftServerImpl.java:569) ~[ratis-server-0.5.0-201fc85-SNAPSHOT.jar:0.5.0-201fc85-SNAPSHOT]
	at org.apache.ratis.server.impl.RaftServerProxy.lambda$submitClientRequestAsync$7(RaftServerProxy.java:333) ~[ratis-server-0.5.0-201fc85-SNAPSHOT.jar:0.5.0-201fc85-SNAPSHOT]
	at org.apache.ratis.server.impl.RaftServerProxy.lambda$null$5(RaftServerProxy.java:328) ~[ratis-server-0.5.0-201fc85-SNAPSHOT.jar:0.5.0-201fc85-SNAPSHOT]
	at org.apache.ratis.util.JavaUtils.callAsUnchecked(JavaUtils.java:109) ~[ratis-common-0.5.0-201fc85-SNAPSHOT.jar:0.5.0-201fc85-SNAPSHOT]
	at org.apache.ratis.server.impl.RaftServerProxy.lambda$submitRequest$6(RaftServerProxy.java:328) ~[ratis-server-0.5.0-201fc85-SNAPSHOT.jar:0.5.0-201fc85-SNAPSHOT]
	at java.util.concurrent.CompletableFuture.uniComposeStage(CompletableFuture.java:981) ~[?:1.8.0_212]
	at java.util.concurrent.CompletableFuture.thenCompose(CompletableFuture.java:2124) ~[?:1.8.0_212]
	at org.apache.ratis.server.impl.RaftServerProxy.submitRequest(RaftServerProxy.java:327) ~[ratis-server-0.5.0-201fc85-SNAPSHOT.jar:0.5.0-201fc85-SNAPSHOT]
	at org.apache.ratis.server.impl.RaftServerProxy.submitClientRequestAsync(RaftServerProxy.java:333) ~[ratis-server-0.5.0-201fc85-SNAPSHOT.jar:0.5.0-201fc85-SNAPSHOT]
	at org.apache.ratis.grpc.client.GrpcClientProtocolService$RequestStreamObserver.processClientRequest(GrpcClientProtocolService.java:220) ~[ratis-grpc-0.5.0-201fc85-SNAPSHOT.jar:0.5.0-201fc85-SNAPSHOT]
	at org.apache.ratis.grpc.client.GrpcClientProtocolService$OrderedRequestStreamObserver.processClientRequest(GrpcClientProtocolService.java:326) ~[ratis-grpc-0.5.0-201fc85-SNAPSHOT.jar:0.5.0-201fc85-SNAPSHOT]
	at org.apache.ratis.util.SlidingWindow$Server.processRequestsFromHead(SlidingWindow.java:429) [ratis-common-0.5.0-201fc85-SNAPSHOT.jar:0.5.0-201fc85-SNAPSHOT]
	at org.apache.ratis.util.SlidingWindow$Server.receivedRequest(SlidingWindow.java:421) [ratis-common-0.5.0-201fc85-SNAPSHOT.jar:0.5.0-201fc85-SNAPSHOT]
	at org.apache.ratis.grpc.client.GrpcClientProtocolService$OrderedRequestStreamObserver.processClientRequest(GrpcClientProtocolService.java:345) [ratis-grpc-0.5.0-201fc85-SNAPSHOT.jar:0.5.0-201fc85-SNAPSHOT]
	at org.apache.ratis.grpc.client.GrpcClientProtocolService$RequestStreamObserver.onNext(GrpcClientProtocolService.java:240) [ratis-grpc-0.5.0-201fc85-SNAPSHOT.jar:0.5.0-201fc85-SNAPSHOT]
	at org.apache.ratis.grpc.client.GrpcClientProtocolService$RequestStreamObserver.onNext(GrpcClientProtocolService.java:168) [ratis-grpc-0.5.0-201fc85-SNAPSHOT.jar:0.5.0-201fc85-SNAPSHOT]
	at org.apache.ratis.thirdparty.io.grpc.stub.ServerCalls$StreamingServerCallHandler$StreamingServerCallListener.onMessage(ServerCalls.java:248) [ratis-thirdparty-misc-0.2.0.jar:0.2.0]
	at org.apache.ratis.thirdparty.io.grpc.internal.ServerCallImpl$ServerStreamListenerImpl.messagesAvailable(ServerCallImpl.java:263) [ratis-thirdparty-misc-0.2.0.jar:0.2.0]
	at org.apache.ratis.thirdparty.io.grpc.internal.ServerImpl$JumpToApplicationThreadServerStreamListener$1MessagesAvailable.runInContext(ServerImpl.java:686) [ratis-thirdparty-misc-0.2.0.jar:0.2.0]
	at org.apache.ratis.thirdparty.io.grpc.internal.ContextRunnable.run(ContextRunnable.java:37) [ratis-thirdparty-misc-0.2.0.jar:0.2.0]
	at org.apache.ratis.thirdparty.io.grpc.internal.SerializingExecutor.run(SerializingExecutor.java:123) [ratis-thirdparty-misc-0.2.0.jar:0.2.0]
	at java.util.concurrent.ThreadPoolExecutor.runWorker(ThreadPoolExecutor.java:1149) [?:1.8.0_212]
	at java.util.concurrent.ThreadPoolExecutor$Worker.run(ThreadPoolExecutor.java:624) [?:1.8.0_212]
	at java.lang.Thread.run(Thread.java:748) [?:1.8.0_212]
17:18:37.567 [grpc-default-executor-7] ERROR DNAudit - user=null | ip=null | op=WRITE_CHUNK {blockData=conID: 1 locID: 102944885403090957 bcsId: 14} | ret=FAILURE
org.apache.hadoop.hdds.scm.container.common.helpers.ContainerNotOpenException: Container 1 in CLOSING state
	at org.apache.hadoop.ozone.container.common.impl.HddsDispatcher.validateContainerCommand(HddsDispatcher.java:436) ~[hadoop-hdds-container-service-0.5.0-SNAPSHOT.jar:?]
	at org.apache.hadoop.ozone.container.common.transport.server.ratis.ContainerStateMachine.startTransaction(ContainerStateMachine.java:320) ~[hadoop-hdds-container-service-0.5.0-SNAPSHOT.jar:?]
	at org.apache.ratis.server.impl.RaftServerImpl.submitClientRequestAsync(RaftServerImpl.java:569) ~[ratis-server-0.5.0-201fc85-SNAPSHOT.jar:0.5.0-201fc85-SNAPSHOT]
	at org.apache.ratis.server.impl.RaftServerProxy.lambda$submitClientRequestAsync$7(RaftServerProxy.java:333) ~[ratis-server-0.5.0-201fc85-SNAPSHOT.jar:0.5.0-201fc85-SNAPSHOT]
	at org.apache.ratis.server.impl.RaftServerProxy.lambda$null$5(RaftServerProxy.java:328) ~[ratis-server-0.5.0-201fc85-SNAPSHOT.jar:0.5.0-201fc85-SNAPSHOT]
	at org.apache.ratis.util.JavaUtils.callAsUnchecked(JavaUtils.java:109) ~[ratis-common-0.5.0-201fc85-SNAPSHOT.jar:0.5.0-201fc85-SNAPSHOT]
	at org.apache.ratis.server.impl.RaftServerProxy.lambda$submitRequest$6(RaftServerProxy.java:328) ~[ratis-server-0.5.0-201fc85-SNAPSHOT.jar:0.5.0-201fc85-SNAPSHOT]
	at java.util.concurrent.CompletableFuture.uniComposeStage(CompletableFuture.java:981) ~[?:1.8.0_212]
	at java.util.concurrent.CompletableFuture.thenCompose(CompletableFuture.java:2124) ~[?:1.8.0_212]
	at org.apache.ratis.server.impl.RaftServerProxy.submitRequest(RaftServerProxy.java:327) ~[ratis-server-0.5.0-201fc85-SNAPSHOT.jar:0.5.0-201fc85-SNAPSHOT]
	at org.apache.ratis.server.impl.RaftServerProxy.submitClientRequestAsync(RaftServerProxy.java:333) ~[ratis-server-0.5.0-201fc85-SNAPSHOT.jar:0.5.0-201fc85-SNAPSHOT]
	at org.apache.ratis.grpc.client.GrpcClientProtocolService$RequestStreamObserver.processClientRequest(GrpcClientProtocolService.java:220) ~[ratis-grpc-0.5.0-201fc85-SNAPSHOT.jar:0.5.0-201fc85-SNAPSHOT]
	at org.apache.ratis.grpc.client.GrpcClientProtocolService$OrderedRequestStreamObserver.processClientRequest(GrpcClientProtocolService.java:326) ~[ratis-grpc-0.5.0-201fc85-SNAPSHOT.jar:0.5.0-201fc85-SNAPSHOT]
	at org.apache.ratis.util.SlidingWindow$Server.processRequestsFromHead(SlidingWindow.java:429) [ratis-common-0.5.0-201fc85-SNAPSHOT.jar:0.5.0-201fc85-SNAPSHOT]
	at org.apache.ratis.util.SlidingWindow$Server.receivedRequest(SlidingWindow.java:421) [ratis-common-0.5.0-201fc85-SNAPSHOT.jar:0.5.0-201fc85-SNAPSHOT]
	at org.apache.ratis.grpc.client.GrpcClientProtocolService$OrderedRequestStreamObserver.processClientRequest(GrpcClientProtocolService.java:345) [ratis-grpc-0.5.0-201fc85-SNAPSHOT.jar:0.5.0-201fc85-SNAPSHOT]
	at org.apache.ratis.grpc.client.GrpcClientProtocolService$RequestStreamObserver.onNext(GrpcClientProtocolService.java:240) [ratis-grpc-0.5.0-201fc85-SNAPSHOT.jar:0.5.0-201fc85-SNAPSHOT]
	at org.apache.ratis.grpc.client.GrpcClientProtocolService$RequestStreamObserver.onNext(GrpcClientProtocolService.java:168) [ratis-grpc-0.5.0-201fc85-SNAPSHOT.jar:0.5.0-201fc85-SNAPSHOT]
	at org.apache.ratis.thirdparty.io.grpc.stub.ServerCalls$StreamingServerCallHandler$StreamingServerCallListener.onMessage(ServerCalls.java:248) [ratis-thirdparty-misc-0.2.0.jar:0.2.0]
	at org.apache.ratis.thirdparty.io.grpc.internal.ServerCallImpl$ServerStreamListenerImpl.messagesAvailable(ServerCallImpl.java:263) [ratis-thirdparty-misc-0.2.0.jar:0.2.0]
	at org.apache.ratis.thirdparty.io.grpc.internal.ServerImpl$JumpToApplicationThreadServerStreamListener$1MessagesAvailable.runInContext(ServerImpl.java:686) [ratis-thirdparty-misc-0.2.0.jar:0.2.0]
	at org.apache.ratis.thirdparty.io.grpc.internal.ContextRunnable.run(ContextRunnable.java:37) [ratis-thirdparty-misc-0.2.0.jar:0.2.0]
	at org.apache.ratis.thirdparty.io.grpc.internal.SerializingExecutor.run(SerializingExecutor.java:123) [ratis-thirdparty-misc-0.2.0.jar:0.2.0]
	at java.util.concurrent.ThreadPoolExecutor.runWorker(ThreadPoolExecutor.java:1149) [?:1.8.0_212]
	at java.util.concurrent.ThreadPoolExecutor$Worker.run(ThreadPoolExecutor.java:624) [?:1.8.0_212]
	at java.lang.Thread.run(Thread.java:748) [?:1.8.0_212]
17:18:37.575 [grpc-default-executor-7] ERROR DNAudit - user=null | ip=null | op=WRITE_CHUNK {blockData=conID: 1 locID: 102944885403090957 bcsId: 14} | ret=FAILURE
org.apache.hadoop.hdds.scm.container.common.helpers.ContainerNotOpenException: Container 1 in CLOSING state
	at org.apache.hadoop.ozone.container.common.impl.HddsDispatcher.validateContainerCommand(HddsDispatcher.java:436) ~[hadoop-hdds-container-service-0.5.0-SNAPSHOT.jar:?]
	at org.apache.hadoop.ozone.container.common.transport.server.ratis.ContainerStateMachine.startTransaction(ContainerStateMachine.java:320) ~[hadoop-hdds-container-service-0.5.0-SNAPSHOT.jar:?]
	at org.apache.ratis.server.impl.RaftServerImpl.submitClientRequestAsync(RaftServerImpl.java:569) ~[ratis-server-0.5.0-201fc85-SNAPSHOT.jar:0.5.0-201fc85-SNAPSHOT]
	at org.apache.ratis.server.impl.RaftServerProxy.lambda$submitClientRequestAsync$7(RaftServerProxy.java:333) ~[ratis-server-0.5.0-201fc85-SNAPSHOT.jar:0.5.0-201fc85-SNAPSHOT]
	at org.apache.ratis.server.impl.RaftServerProxy.lambda$null$5(RaftServerProxy.java:328) ~[ratis-server-0.5.0-201fc85-SNAPSHOT.jar:0.5.0-201fc85-SNAPSHOT]
	at org.apache.ratis.util.JavaUtils.callAsUnchecked(JavaUtils.java:109) ~[ratis-common-0.5.0-201fc85-SNAPSHOT.jar:0.5.0-201fc85-SNAPSHOT]
	at org.apache.ratis.server.impl.RaftServerProxy.lambda$submitRequest$6(RaftServerProxy.java:328) ~[ratis-server-0.5.0-201fc85-SNAPSHOT.jar:0.5.0-201fc85-SNAPSHOT]
	at java.util.concurrent.CompletableFuture.uniComposeStage(CompletableFuture.java:981) ~[?:1.8.0_212]
	at java.util.concurrent.CompletableFuture.thenCompose(CompletableFuture.java:2124) ~[?:1.8.0_212]
	at org.apache.ratis.server.impl.RaftServerProxy.submitRequest(RaftServerProxy.java:327) ~[ratis-server-0.5.0-201fc85-SNAPSHOT.jar:0.5.0-201fc85-SNAPSHOT]
	at org.apache.ratis.server.impl.RaftServerProxy.submitClientRequestAsync(RaftServerProxy.java:333) ~[ratis-server-0.5.0-201fc85-SNAPSHOT.jar:0.5.0-201fc85-SNAPSHOT]
	at org.apache.ratis.grpc.client.GrpcClientProtocolService$RequestStreamObserver.processClientRequest(GrpcClientProtocolService.java:220) ~[ratis-grpc-0.5.0-201fc85-SNAPSHOT.jar:0.5.0-201fc85-SNAPSHOT]
	at org.apache.ratis.grpc.client.GrpcClientProtocolService$OrderedRequestStreamObserver.processClientRequest(GrpcClientProtocolService.java:326) ~[ratis-grpc-0.5.0-201fc85-SNAPSHOT.jar:0.5.0-201fc85-SNAPSHOT]
	at org.apache.ratis.util.SlidingWindow$Server.processRequestsFromHead(SlidingWindow.java:429) [ratis-common-0.5.0-201fc85-SNAPSHOT.jar:0.5.0-201fc85-SNAPSHOT]
	at org.apache.ratis.util.SlidingWindow$Server.receivedRequest(SlidingWindow.java:421) [ratis-common-0.5.0-201fc85-SNAPSHOT.jar:0.5.0-201fc85-SNAPSHOT]
	at org.apache.ratis.grpc.client.GrpcClientProtocolService$OrderedRequestStreamObserver.processClientRequest(GrpcClientProtocolService.java:345) [ratis-grpc-0.5.0-201fc85-SNAPSHOT.jar:0.5.0-201fc85-SNAPSHOT]
	at org.apache.ratis.grpc.client.GrpcClientProtocolService$RequestStreamObserver.onNext(GrpcClientProtocolService.java:240) [ratis-grpc-0.5.0-201fc85-SNAPSHOT.jar:0.5.0-201fc85-SNAPSHOT]
	at org.apache.ratis.grpc.client.GrpcClientProtocolService$RequestStreamObserver.onNext(GrpcClientProtocolService.java:168) [ratis-grpc-0.5.0-201fc85-SNAPSHOT.jar:0.5.0-201fc85-SNAPSHOT]
	at org.apache.ratis.thirdparty.io.grpc.stub.ServerCalls$StreamingServerCallHandler$StreamingServerCallListener.onMessage(ServerCalls.java:248) [ratis-thirdparty-misc-0.2.0.jar:0.2.0]
	at org.apache.ratis.thirdparty.io.grpc.internal.ServerCallImpl$ServerStreamListenerImpl.messagesAvailable(ServerCallImpl.java:263) [ratis-thirdparty-misc-0.2.0.jar:0.2.0]
	at org.apache.ratis.thirdparty.io.grpc.internal.ServerImpl$JumpToApplicationThreadServerStreamListener$1MessagesAvailable.runInContext(ServerImpl.java:686) [ratis-thirdparty-misc-0.2.0.jar:0.2.0]
	at org.apache.ratis.thirdparty.io.grpc.internal.ContextRunnable.run(ContextRunnable.java:37) [ratis-thirdparty-misc-0.2.0.jar:0.2.0]
	at org.apache.ratis.thirdparty.io.grpc.internal.SerializingExecutor.run(SerializingExecutor.java:123) [ratis-thirdparty-misc-0.2.0.jar:0.2.0]
	at java.util.concurrent.ThreadPoolExecutor.runWorker(ThreadPoolExecutor.java:1149) [?:1.8.0_212]
	at java.util.concurrent.ThreadPoolExecutor$Worker.run(ThreadPoolExecutor.java:624) [?:1.8.0_212]
	at java.lang.Thread.run(Thread.java:748) [?:1.8.0_212]
17:18:37.583 [grpc-default-executor-7] ERROR DNAudit - user=null | ip=null | op=PUT_BLOCK {blockData=[blockId=conID: 1 locID: 102944885403090957 bcsId: 0,size=800]} | ret=FAILURE
org.apache.hadoop.hdds.scm.container.common.helpers.ContainerNotOpenException: Container 1 in CLOSING state
	at org.apache.hadoop.ozone.container.common.impl.HddsDispatcher.validateContainerCommand(HddsDispatcher.java:436) ~[hadoop-hdds-container-service-0.5.0-SNAPSHOT.jar:?]
	at org.apache.hadoop.ozone.container.common.transport.server.ratis.ContainerStateMachine.startTransaction(ContainerStateMachine.java:320) ~[hadoop-hdds-container-service-0.5.0-SNAPSHOT.jar:?]
	at org.apache.ratis.server.impl.RaftServerImpl.submitClientRequestAsync(RaftServerImpl.java:569) ~[ratis-server-0.5.0-201fc85-SNAPSHOT.jar:0.5.0-201fc85-SNAPSHOT]
	at org.apache.ratis.server.impl.RaftServerProxy.lambda$submitClientRequestAsync$7(RaftServerProxy.java:333) ~[ratis-server-0.5.0-201fc85-SNAPSHOT.jar:0.5.0-201fc85-SNAPSHOT]
	at org.apache.ratis.server.impl.RaftServerProxy.lambda$null$5(RaftServerProxy.java:328) ~[ratis-server-0.5.0-201fc85-SNAPSHOT.jar:0.5.0-201fc85-SNAPSHOT]
	at org.apache.ratis.util.JavaUtils.callAsUnchecked(JavaUtils.java:109) ~[ratis-common-0.5.0-201fc85-SNAPSHOT.jar:0.5.0-201fc85-SNAPSHOT]
	at org.apache.ratis.server.impl.RaftServerProxy.lambda$submitRequest$6(RaftServerProxy.java:328) ~[ratis-server-0.5.0-201fc85-SNAPSHOT.jar:0.5.0-201fc85-SNAPSHOT]
	at java.util.concurrent.CompletableFuture.uniComposeStage(CompletableFuture.java:981) ~[?:1.8.0_212]
	at java.util.concurrent.CompletableFuture.thenCompose(CompletableFuture.java:2124) ~[?:1.8.0_212]
	at org.apache.ratis.server.impl.RaftServerProxy.submitRequest(RaftServerProxy.java:327) ~[ratis-server-0.5.0-201fc85-SNAPSHOT.jar:0.5.0-201fc85-SNAPSHOT]
	at org.apache.ratis.server.impl.RaftServerProxy.submitClientRequestAsync(RaftServerProxy.java:333) ~[ratis-server-0.5.0-201fc85-SNAPSHOT.jar:0.5.0-201fc85-SNAPSHOT]
	at org.apache.ratis.grpc.client.GrpcClientProtocolService$RequestStreamObserver.processClientRequest(GrpcClientProtocolService.java:220) ~[ratis-grpc-0.5.0-201fc85-SNAPSHOT.jar:0.5.0-201fc85-SNAPSHOT]
	at org.apache.ratis.grpc.client.GrpcClientProtocolService$OrderedRequestStreamObserver.processClientRequest(GrpcClientProtocolService.java:326) ~[ratis-grpc-0.5.0-201fc85-SNAPSHOT.jar:0.5.0-201fc85-SNAPSHOT]
	at org.apache.ratis.util.SlidingWindow$Server.processRequestsFromHead(SlidingWindow.java:429) [ratis-common-0.5.0-201fc85-SNAPSHOT.jar:0.5.0-201fc85-SNAPSHOT]
	at org.apache.ratis.util.SlidingWindow$Server.receivedRequest(SlidingWindow.java:421) [ratis-common-0.5.0-201fc85-SNAPSHOT.jar:0.5.0-201fc85-SNAPSHOT]
	at org.apache.ratis.grpc.client.GrpcClientProtocolService$OrderedRequestStreamObserver.processClientRequest(GrpcClientProtocolService.java:345) [ratis-grpc-0.5.0-201fc85-SNAPSHOT.jar:0.5.0-201fc85-SNAPSHOT]
	at org.apache.ratis.grpc.client.GrpcClientProtocolService$RequestStreamObserver.onNext(GrpcClientProtocolService.java:240) [ratis-grpc-0.5.0-201fc85-SNAPSHOT.jar:0.5.0-201fc85-SNAPSHOT]
	at org.apache.ratis.grpc.client.GrpcClientProtocolService$RequestStreamObserver.onNext(GrpcClientProtocolService.java:168) [ratis-grpc-0.5.0-201fc85-SNAPSHOT.jar:0.5.0-201fc85-SNAPSHOT]
	at org.apache.ratis.thirdparty.io.grpc.stub.ServerCalls$StreamingServerCallHandler$StreamingServerCallListener.onMessage(ServerCalls.java:248) [ratis-thirdparty-misc-0.2.0.jar:0.2.0]
	at org.apache.ratis.thirdparty.io.grpc.internal.ServerCallImpl$ServerStreamListenerImpl.messagesAvailable(ServerCallImpl.java:263) [ratis-thirdparty-misc-0.2.0.jar:0.2.0]
	at org.apache.ratis.thirdparty.io.grpc.internal.ServerImpl$JumpToApplicationThreadServerStreamListener$1MessagesAvailable.runInContext(ServerImpl.java:686) [ratis-thirdparty-misc-0.2.0.jar:0.2.0]
	at org.apache.ratis.thirdparty.io.grpc.internal.ContextRunnable.run(ContextRunnable.java:37) [ratis-thirdparty-misc-0.2.0.jar:0.2.0]
	at org.apache.ratis.thirdparty.io.grpc.internal.SerializingExecutor.run(SerializingExecutor.java:123) [ratis-thirdparty-misc-0.2.0.jar:0.2.0]
	at java.util.concurrent.ThreadPoolExecutor.runWorker(ThreadPoolExecutor.java:1149) [?:1.8.0_212]
	at java.util.concurrent.ThreadPoolExecutor$Worker.run(ThreadPoolExecutor.java:624) [?:1.8.0_212]
	at java.lang.Thread.run(Thread.java:748) [?:1.8.0_212]
2019-10-11 17:18:38,247 [main] INFO  ozone.MiniOzoneClusterImpl (MiniOzoneClusterImpl.java:shutdown(314)) - Shutting down the Mini Ozone Cluster
2019-10-11 17:18:38,248 [main] INFO  ozone.MiniOzoneClusterImpl (MiniOzoneClusterImpl.java:stop(330)) - Stopping the Mini Ozone Cluster
2019-10-11 17:18:38,248 [main] INFO  ozone.MiniOzoneClusterImpl (MiniOzoneClusterImpl.java:stopOM(400)) - Stopping the OzoneManager
2019-10-11 17:18:38,248 [main] INFO  ipc.Server (Server.java:stop(3082)) - Stopping server on 41131
2019-10-11 17:18:38,255 [IPC Server listener on 41131] INFO  ipc.Server (Server.java:run(1185)) - Stopping IPC Server listener on 41131
2019-10-11 17:18:38,257 [main] INFO  ratis.OzoneManagerDoubleBuffer (OzoneManagerDoubleBuffer.java:stop(250)) - Stopping OMDoubleBuffer flush thread
2019-10-11 17:18:38,259 [IPC Server Responder] INFO  ipc.Server (Server.java:run(1319)) - Stopping IPC Server Responder
2019-10-11 17:18:38,264 [OMDoubleBufferFlushThread] INFO  ratis.OzoneManagerDoubleBuffer (OzoneManagerDoubleBuffer.java:flushTransactions(193)) - OMDoubleBuffer flush thread OMDoubleBufferFlushThread is interrupted and will exit. OMDoubleBufferFlushThread
2019-10-11 17:18:38,272 [main] INFO  utils.BackgroundService (BackgroundService.java:shutdown(151)) - Shutting down service KeyDeletingService
2019-10-11 17:18:38,287 [main] INFO  handler.ContextHandler (ContextHandler.java:doStop(910)) - Stopped o.e.j.w.WebAppContext@7a64cb0c{/,null,UNAVAILABLE}{/ozoneManager}
2019-10-11 17:18:38,288 [main] INFO  server.AbstractConnector (AbstractConnector.java:doStop(318)) - Stopped ServerConnector@785ed99c{HTTP/1.1,[http/1.1]}{0.0.0.0:0}
2019-10-11 17:18:38,288 [main] INFO  handler.ContextHandler (ContextHandler.java:doStop(910)) - Stopped o.e.j.s.ServletContextHandler@52f8a6f4{/static,file:///workdir/hadoop-ozone/integration-test/target/test-classes/webapps/static,UNAVAILABLE}
2019-10-11 17:18:38,288 [main] INFO  handler.ContextHandler (ContextHandler.java:doStop(910)) - Stopped o.e.j.s.ServletContextHandler@52ecc989{/logs,file:///workdir/hadoop-ozone/integration-test/target/log,UNAVAILABLE}
2019-10-11 17:18:38,291 [main] INFO  ozone.MiniOzoneClusterImpl (MiniOzoneClusterImpl.java:stopDatanodes(377)) - Stopping the HddsDatanodes
2019-10-11 17:18:38,831 [Datanode State Machine Thread - 0] INFO  statemachine.DatanodeStateMachine (DatanodeStateMachine.java:lambda$startDaemon$0(350)) - Ozone container server started.
2019-10-11 17:18:38,898 [Datanode State Machine Thread - 0] INFO  statemachine.DatanodeStateMachine (DatanodeStateMachine.java:lambda$startDaemon$0(350)) - Ozone container server started.
2019-10-11 17:18:39,642 [grpc-default-executor-0] WARN  server.GrpcLogAppender (LogUtils.java:warn(134)) - 3919957f-5492-4e2e-9554-c3e87ed23817@group-26EE59F8EAB4->5cb6b437-c2e1-454c-b3fa-c3dae831a88d-AppendLogResponseHandler: Failed appendEntries: org.apache.ratis.thirdparty.io.grpc.StatusRuntimeException: UNAVAILABLE: io exception
2019-10-11 17:18:39,642 [grpc-default-executor-0] INFO  impl.FollowerInfo (FollowerInfo.java:lambda$new$0(51)) - 3919957f-5492-4e2e-9554-c3e87ed23817@group-26EE59F8EAB4->5cb6b437-c2e1-454c-b3fa-c3dae831a88d: nextIndex: updateUnconditionally 1 -> 0
2019-10-11 17:18:42,143 [grpc-default-executor-8] WARN  server.GrpcLogAppender (LogUtils.java:warn(134)) - 3919957f-5492-4e2e-9554-c3e87ed23817@group-26EE59F8EAB4->5cb6b437-c2e1-454c-b3fa-c3dae831a88d-AppendLogResponseHandler: Failed appendEntries: org.apache.ratis.thirdparty.io.grpc.StatusRuntimeException: UNAVAILABLE: io exception
2019-10-11 17:18:42,144 [grpc-default-executor-8] INFO  impl.FollowerInfo (FollowerInfo.java:lambda$new$0(51)) - 3919957f-5492-4e2e-9554-c3e87ed23817@group-26EE59F8EAB4->5cb6b437-c2e1-454c-b3fa-c3dae831a88d: nextIndex: updateUnconditionally 0 -> 0
2019-10-11 17:18:42,868 [EventQueue-StaleNodeForStaleNodeHandler] INFO  node.StaleNodeHandler (StaleNodeHandler.java:onMessage(58)) - Datanode 118cdbac-715f-4342-82a9-f07e763fc80a{ip: 192.168.164.206, host: pr-hdds-2181-ktj56-3106680801, networkLocation: /default-rack, certSerialId: null} moved to stale state. Finalizing its pipelines [PipelineID=b2a16f51-f87f-4a93-8b91-ddef9b313da8, PipelineID=79ffc76c-cbc1-46d6-8cd7-fa2eee764e07]
2019-10-11 17:18:42,869 [EventQueue-StaleNodeForStaleNodeHandler] INFO  pipeline.SCMPipelineManager (SCMPipelineManager.java:finalizeAndDestroyPipeline(315)) - destroying pipeline:Pipeline[ Id: b2a16f51-f87f-4a93-8b91-ddef9b313da8, Nodes: 1881e1b1-a416-4676-83ce-8113df23a0f6{ip: 192.168.164.206, host: pr-hdds-2181-ktj56-3106680801, networkLocation: /default-rack, certSerialId: null}8e4ae056-a4b6-46d1-8c8d-fadd47bf60fd{ip: 192.168.164.206, host: pr-hdds-2181-ktj56-3106680801, networkLocation: /default-rack, certSerialId: null}118cdbac-715f-4342-82a9-f07e763fc80a{ip: 192.168.164.206, host: pr-hdds-2181-ktj56-3106680801, networkLocation: /default-rack, certSerialId: null}, Type:RATIS, Factor:THREE, State:OPEN]
2019-10-11 17:18:42,869 [EventQueue-StaleNodeForStaleNodeHandler] INFO  pipeline.PipelineStateManager (PipelineStateManager.java:finalizePipeline(123)) - Pipeline Pipeline[ Id: b2a16f51-f87f-4a93-8b91-ddef9b313da8, Nodes: 1881e1b1-a416-4676-83ce-8113df23a0f6{ip: 192.168.164.206, host: pr-hdds-2181-ktj56-3106680801, networkLocation: /default-rack, certSerialId: null}8e4ae056-a4b6-46d1-8c8d-fadd47bf60fd{ip: 192.168.164.206, host: pr-hdds-2181-ktj56-3106680801, networkLocation: /default-rack, certSerialId: null}118cdbac-715f-4342-82a9-f07e763fc80a{ip: 192.168.164.206, host: pr-hdds-2181-ktj56-3106680801, networkLocation: /default-rack, certSerialId: null}, Type:RATIS, Factor:THREE, State:CLOSED] moved to CLOSED state
2019-10-11 17:18:42,869 [EventQueue-CloseContainerForCloseContainerEventHandler] INFO  container.CloseContainerEventHandler (CloseContainerEventHandler.java:onMessage(61)) - Close container Event triggered for container : #2
2019-10-11 17:18:42,873 [EventQueue-StaleNodeForStaleNodeHandler] INFO  pipeline.SCMPipelineManager (SCMPipelineManager.java:finalizeAndDestroyPipeline(315)) - destroying pipeline:Pipeline[ Id: 79ffc76c-cbc1-46d6-8cd7-fa2eee764e07, Nodes: 118cdbac-715f-4342-82a9-f07e763fc80a{ip: 192.168.164.206, host: pr-hdds-2181-ktj56-3106680801, networkLocation: /default-rack, certSerialId: null}, Type:RATIS, Factor:ONE, State:OPEN]
2019-10-11 17:18:42,875 [EventQueue-StaleNodeForStaleNodeHandler] INFO  pipeline.PipelineStateManager (PipelineStateManager.java:finalizePipeline(123)) - Pipeline Pipeline[ Id: 79ffc76c-cbc1-46d6-8cd7-fa2eee764e07, Nodes: 118cdbac-715f-4342-82a9-f07e763fc80a{ip: 192.168.164.206, host: pr-hdds-2181-ktj56-3106680801, networkLocation: /default-rack, certSerialId: null}, Type:RATIS, Factor:ONE, State:CLOSED] moved to CLOSED state
2019-10-11 17:18:42,968 [EventQueue-StaleNodeForStaleNodeHandler] INFO  node.StaleNodeHandler (StaleNodeHandler.java:onMessage(58)) - Datanode 3919957f-5492-4e2e-9554-c3e87ed23817{ip: 192.168.164.206, host: pr-hdds-2181-ktj56-3106680801, networkLocation: /default-rack, certSerialId: null} moved to stale state. Finalizing its pipelines [PipelineID=40cf1e5e-cfeb-41ba-b307-9ac3e8f2423d, PipelineID=952838c4-e1ed-4084-854a-26ee59f8eab4]
2019-10-11 17:18:42,969 [EventQueue-StaleNodeForStaleNodeHandler] INFO  pipeline.SCMPipelineManager (SCMPipelineManager.java:finalizeAndDestroyPipeline(315)) - destroying pipeline:Pipeline[ Id: 40cf1e5e-cfeb-41ba-b307-9ac3e8f2423d, Nodes: 3919957f-5492-4e2e-9554-c3e87ed23817{ip: 192.168.164.206, host: pr-hdds-2181-ktj56-3106680801, networkLocation: /default-rack, certSerialId: null}, Type:RATIS, Factor:ONE, State:OPEN]
2019-10-11 17:18:42,969 [EventQueue-StaleNodeForStaleNodeHandler] INFO  pipeline.PipelineStateManager (PipelineStateManager.java:finalizePipeline(123)) - Pipeline Pipeline[ Id: 40cf1e5e-cfeb-41ba-b307-9ac3e8f2423d, Nodes: 3919957f-5492-4e2e-9554-c3e87ed23817{ip: 192.168.164.206, host: pr-hdds-2181-ktj56-3106680801, networkLocation: /default-rack, certSerialId: null}, Type:RATIS, Factor:ONE, State:CLOSED] moved to CLOSED state
2019-10-11 17:18:42,969 [EventQueue-StaleNodeForStaleNodeHandler] INFO  pipeline.SCMPipelineManager (SCMPipelineManager.java:finalizeAndDestroyPipeline(315)) - destroying pipeline:Pipeline[ Id: 952838c4-e1ed-4084-854a-26ee59f8eab4, Nodes: 5cb6b437-c2e1-454c-b3fa-c3dae831a88d{ip: 192.168.164.206, host: pr-hdds-2181-ktj56-3106680801, networkLocation: /default-rack, certSerialId: null}3919957f-5492-4e2e-9554-c3e87ed23817{ip: 192.168.164.206, host: pr-hdds-2181-ktj56-3106680801, networkLocation: /default-rack, certSerialId: null}ffd6ec3f-f769-48ed-b47b-9e3bfbb749de{ip: 192.168.164.206, host: pr-hdds-2181-ktj56-3106680801, networkLocation: /default-rack, certSerialId: null}, Type:RATIS, Factor:THREE, State:CLOSED]
2019-10-11 17:18:43,292 [ForkJoinPool.commonPool-worker-0] INFO  ozoneimpl.OzoneContainer (OzoneContainer.java:stop(227)) - Attempting to stop container services.
2019-10-11 17:18:43,292 [main] INFO  ozoneimpl.OzoneContainer (OzoneContainer.java:stop(227)) - Attempting to stop container services.
2019-10-11 17:18:43,305 [ForkJoinPool.commonPool-worker-0] INFO  impl.RaftServerProxy (RaftServerProxy.java:lambda$close$4(314)) - 118cdbac-715f-4342-82a9-f07e763fc80a: close
2019-10-11 17:18:43,308 [ForkJoinPool.commonPool-worker-0] INFO  impl.RaftServerImpl (RaftServerImpl.java:lambda$shutdown$3(247)) - 118cdbac-715f-4342-82a9-f07e763fc80a@group-DDEF9B313DA8: shutdown
2019-10-11 17:18:43,308 [main] INFO  impl.RaftServerProxy (RaftServerProxy.java:lambda$close$4(314)) - 3919957f-5492-4e2e-9554-c3e87ed23817: close
2019-10-11 17:18:43,308 [ForkJoinPool.commonPool-worker-0] INFO  util.JmxRegister (JmxRegister.java:unregister(73)) - Successfully un-registered JMX Bean with object name Ratis:service=RaftServer,group=group-DDEF9B313DA8,id=118cdbac-715f-4342-82a9-f07e763fc80a
2019-10-11 17:18:43,309 [main] INFO  impl.RaftServerImpl (RaftServerImpl.java:lambda$shutdown$3(247)) - 3919957f-5492-4e2e-9554-c3e87ed23817@group-9AC3E8F2423D: shutdown
2019-10-11 17:18:43,309 [ForkJoinPool.commonPool-worker-0] INFO  impl.RoleInfo (RoleInfo.java:shutdownFollowerState(121)) - 118cdbac-715f-4342-82a9-f07e763fc80a: shutdown FollowerState
2019-10-11 17:18:43,309 [main] INFO  util.JmxRegister (JmxRegister.java:unregister(73)) - Successfully un-registered JMX Bean with object name Ratis:service=RaftServer,group=group-9AC3E8F2423D,id=3919957f-5492-4e2e-9554-c3e87ed23817
2019-10-11 17:18:43,310 [118cdbac-715f-4342-82a9-f07e763fc80a@group-DDEF9B313DA8-StateMachineUpdater] INFO  ratis.ContainerStateMachine (ContainerStateMachine.java:takeSnapshot(294)) - group-DDEF9B313DA8: Taking a snapshot at:(t:2, i:14) file /workdir/hadoop-ozone/integration-test/target/test-dir/MiniOzoneClusterImpl-b2ca8923-5dad-44ba-bd4a-93447b410621/datanode-1/data/ratis/b2a16f51-f87f-4a93-8b91-ddef9b313da8/sm/snapshot.2_14
2019-10-11 17:18:43,310 [Thread-3195] INFO  impl.FollowerState (FollowerState.java:run(117)) - 118cdbac-715f-4342-82a9-f07e763fc80a@group-DDEF9B313DA8-FollowerState was interrupted: java.lang.InterruptedException: sleep interrupted
2019-10-11 17:18:43,309 [ForkJoinPool.commonPool-worker-0] INFO  impl.StateMachineUpdater (StateMachineUpdater.java:stopAndJoin(136)) - 118cdbac-715f-4342-82a9-f07e763fc80a@group-DDEF9B313DA8-StateMachineUpdater: set stopIndex = 16
2019-10-11 17:18:43,310 [main] INFO  impl.RoleInfo (RoleInfo.java:shutdownLeaderState(104)) - 3919957f-5492-4e2e-9554-c3e87ed23817: shutdown LeaderState
2019-10-11 17:18:43,311 [main] INFO  impl.PendingRequests (PendingRequests.java:sendNotLeaderResponses(202)) - 3919957f-5492-4e2e-9554-c3e87ed23817@group-9AC3E8F2423D-PendingRequests: sendNotLeaderResponses
2019-10-11 17:18:43,312 [main] INFO  impl.StateMachineUpdater (StateMachineUpdater.java:stopAndJoin(136)) - 3919957f-5492-4e2e-9554-c3e87ed23817@group-9AC3E8F2423D-StateMachineUpdater: set stopIndex = 0
2019-10-11 17:18:43,312 [main] INFO  impl.RaftServerImpl (ServerState.java:close(387)) - 3919957f-5492-4e2e-9554-c3e87ed23817@group-9AC3E8F2423D: closes. applyIndex: 0
2019-10-11 17:18:43,313 [3919957f-5492-4e2e-9554-c3e87ed23817@group-9AC3E8F2423D-SegmentedRaftLogWorker] INFO  segmented.SegmentedRaftLogWorker (SegmentedRaftLogWorker.java:run(316)) - 3919957f-5492-4e2e-9554-c3e87ed23817@group-9AC3E8F2423D-SegmentedRaftLogWorker was interrupted, exiting. There are 0 tasks remaining in the queue.
2019-10-11 17:18:43,322 [main] INFO  segmented.SegmentedRaftLogWorker (SegmentedRaftLogWorker.java:close(224)) - 3919957f-5492-4e2e-9554-c3e87ed23817@group-9AC3E8F2423D-SegmentedRaftLogWorker close()
2019-10-11 17:18:43,325 [main] INFO  impl.RaftServerImpl (RaftServerImpl.java:lambda$shutdown$3(247)) - 3919957f-5492-4e2e-9554-c3e87ed23817@group-26EE59F8EAB4: shutdown
2019-10-11 17:18:43,326 [main] INFO  util.JmxRegister (JmxRegister.java:unregister(73)) - Successfully un-registered JMX Bean with object name Ratis:service=RaftServer,group=group-26EE59F8EAB4,id=3919957f-5492-4e2e-9554-c3e87ed23817
2019-10-11 17:18:43,326 [main] INFO  impl.RoleInfo (RoleInfo.java:shutdownLeaderState(104)) - 3919957f-5492-4e2e-9554-c3e87ed23817: shutdown LeaderState
2019-10-11 17:18:43,329 [main] INFO  impl.PendingRequests (PendingRequests.java:sendNotLeaderResponses(202)) - 3919957f-5492-4e2e-9554-c3e87ed23817@group-26EE59F8EAB4-PendingRequests: sendNotLeaderResponses
2019-10-11 17:18:43,329 [org.apache.ratis.server.impl.LogAppender$AppenderDaemon$$Lambda$525/417633151@3396331c] WARN  server.GrpcLogAppender (GrpcLogAppender.java:mayWait(143)) - 3919957f-5492-4e2e-9554-c3e87ed23817@group-26EE59F8EAB4->ffd6ec3f-f769-48ed-b47b-9e3bfbb749de-GrpcLogAppender: Wait interrupted by java.lang.InterruptedException
2019-10-11 17:18:43,330 [main] INFO  impl.StateMachineUpdater (StateMachineUpdater.java:stopAndJoin(136)) - 3919957f-5492-4e2e-9554-c3e87ed23817@group-26EE59F8EAB4-StateMachineUpdater: set stopIndex = 18
2019-10-11 17:18:43,329 [org.apache.ratis.server.impl.LogAppender$AppenderDaemon$$Lambda$525/417633151@145bf90c] WARN  server.GrpcLogAppender (GrpcLogAppender.java:mayWait(143)) - 3919957f-5492-4e2e-9554-c3e87ed23817@group-26EE59F8EAB4->5cb6b437-c2e1-454c-b3fa-c3dae831a88d-GrpcLogAppender: Wait interrupted by java.lang.InterruptedException
2019-10-11 17:18:43,330 [3919957f-5492-4e2e-9554-c3e87ed23817@group-26EE59F8EAB4-StateMachineUpdater] INFO  ratis.ContainerStateMachine (ContainerStateMachine.java:takeSnapshot(294)) - group-26EE59F8EAB4: Taking a snapshot at:(t:2, i:14) file /workdir/hadoop-ozone/integration-test/target/test-dir/MiniOzoneClusterImpl-b2ca8923-5dad-44ba-bd4a-93447b410621/datanode-4/data/ratis/952838c4-e1ed-4084-854a-26ee59f8eab4/sm/snapshot.2_14
2019-10-11 17:18:43,331 [grpc-default-executor-0] INFO  server.GrpcServerProtocolService (GrpcServerProtocolService.java:onCompleted(113)) - ffd6ec3f-f769-48ed-b47b-9e3bfbb749de: Completed APPEND_ENTRIES, lastRequest: 3919957f-5492-4e2e-9554-c3e87ed23817->ffd6ec3f-f769-48ed-b47b-9e3bfbb749de#4-t3, previous=(t:3, i:18), leaderCommit=18, initializing? false, entries: <empty>
2019-10-11 17:18:43,331 [grpc-default-executor-0] INFO  server.GrpcLogAppender (GrpcLogAppender.java:onCompleted(293)) - 3919957f-5492-4e2e-9554-c3e87ed23817@group-26EE59F8EAB4->ffd6ec3f-f769-48ed-b47b-9e3bfbb749de-AppendLogResponseHandler: follower responses appendEntries COMPLETED
2019-10-11 17:18:43,332 [grpc-default-executor-0] INFO  impl.FollowerInfo (FollowerInfo.java:lambda$new$0(51)) - 3919957f-5492-4e2e-9554-c3e87ed23817@group-26EE59F8EAB4->ffd6ec3f-f769-48ed-b47b-9e3bfbb749de: nextIndex: updateUnconditionally 19 -> 18
2019-10-11 17:18:43,341 [118cdbac-715f-4342-82a9-f07e763fc80a@group-DDEF9B313DA8-StateMachineUpdater] INFO  ratis.ContainerStateMachine (ContainerStateMachine.java:takeSnapshot(305)) - group-DDEF9B313DA8: Finished taking a snapshot at:(t:2, i:14) file:/workdir/hadoop-ozone/integration-test/target/test-dir/MiniOzoneClusterImpl-b2ca8923-5dad-44ba-bd4a-93447b410621/datanode-1/data/ratis/b2a16f51-f87f-4a93-8b91-ddef9b313da8/sm/snapshot.2_14 time:31
2019-10-11 17:18:43,341 [118cdbac-715f-4342-82a9-f07e763fc80a@group-DDEF9B313DA8-StateMachineUpdater] INFO  impl.StateMachineUpdater (StateMachineUpdater.java:takeSnapshot(269)) - 118cdbac-715f-4342-82a9-f07e763fc80a@group-DDEF9B313DA8-StateMachineUpdater: Took a snapshot at index 14
2019-10-11 17:18:43,342 [118cdbac-715f-4342-82a9-f07e763fc80a@group-DDEF9B313DA8-StateMachineUpdater] INFO  impl.StateMachineUpdater (StateMachineUpdater.java:lambda$new$0(84)) - 118cdbac-715f-4342-82a9-f07e763fc80a@group-DDEF9B313DA8-StateMachineUpdater: snapshotIndex: updateIncreasingly -1 -> 14
2019-10-11 17:18:43,342 [118cdbac-715f-4342-82a9-f07e763fc80a@group-DDEF9B313DA8-StateMachineUpdater] INFO  ratis.ContainerStateMachine (ContainerStateMachine.java:takeSnapshot(294)) - group-DDEF9B313DA8: Taking a snapshot at:(t:2, i:14) file /workdir/hadoop-ozone/integration-test/target/test-dir/MiniOzoneClusterImpl-b2ca8923-5dad-44ba-bd4a-93447b410621/datanode-1/data/ratis/b2a16f51-f87f-4a93-8b91-ddef9b313da8/sm/snapshot.2_14
2019-10-11 17:18:43,363 [118cdbac-715f-4342-82a9-f07e763fc80a@group-DDEF9B313DA8-StateMachineUpdater] INFO  ratis.ContainerStateMachine (ContainerStateMachine.java:takeSnapshot(305)) - group-DDEF9B313DA8: Finished taking a snapshot at:(t:2, i:14) file:/workdir/hadoop-ozone/integration-test/target/test-dir/MiniOzoneClusterImpl-b2ca8923-5dad-44ba-bd4a-93447b410621/datanode-1/data/ratis/b2a16f51-f87f-4a93-8b91-ddef9b313da8/sm/snapshot.2_14 time:21
2019-10-11 17:18:43,363 [3919957f-5492-4e2e-9554-c3e87ed23817@group-26EE59F8EAB4-StateMachineUpdater] INFO  ratis.ContainerStateMachine (ContainerStateMachine.java:takeSnapshot(305)) - group-26EE59F8EAB4: Finished taking a snapshot at:(t:2, i:14) file:/workdir/hadoop-ozone/integration-test/target/test-dir/MiniOzoneClusterImpl-b2ca8923-5dad-44ba-bd4a-93447b410621/datanode-4/data/ratis/952838c4-e1ed-4084-854a-26ee59f8eab4/sm/snapshot.2_14 time:33
2019-10-11 17:18:43,363 [118cdbac-715f-4342-82a9-f07e763fc80a@group-DDEF9B313DA8-StateMachineUpdater] INFO  impl.StateMachineUpdater (StateMachineUpdater.java:takeSnapshot(269)) - 118cdbac-715f-4342-82a9-f07e763fc80a@group-DDEF9B313DA8-StateMachineUpdater: Took a snapshot at index 14
2019-10-11 17:18:43,364 [3919957f-5492-4e2e-9554-c3e87ed23817@group-26EE59F8EAB4-StateMachineUpdater] INFO  impl.StateMachineUpdater (StateMachineUpdater.java:takeSnapshot(269)) - 3919957f-5492-4e2e-9554-c3e87ed23817@group-26EE59F8EAB4-StateMachineUpdater: Took a snapshot at index 14
2019-10-11 17:18:43,364 [118cdbac-715f-4342-82a9-f07e763fc80a@group-DDEF9B313DA8-StateMachineUpdater] INFO  impl.StateMachineUpdater (StateMachineUpdater.java:lambda$new$0(84)) - 118cdbac-715f-4342-82a9-f07e763fc80a@group-DDEF9B313DA8-StateMachineUpdater: snapshotIndex: updateIncreasingly 14 -> 14
2019-10-11 17:18:43,364 [3919957f-5492-4e2e-9554-c3e87ed23817@group-26EE59F8EAB4-StateMachineUpdater] INFO  impl.StateMachineUpdater (StateMachineUpdater.java:lambda$new$0(84)) - 3919957f-5492-4e2e-9554-c3e87ed23817@group-26EE59F8EAB4-StateMachineUpdater: snapshotIndex: updateIncreasingly -1 -> 14
2019-10-11 17:18:43,364 [ForkJoinPool.commonPool-worker-0] INFO  impl.RaftServerImpl (ServerState.java:close(387)) - 118cdbac-715f-4342-82a9-f07e763fc80a@group-DDEF9B313DA8: closes. applyIndex: 16
2019-10-11 17:18:43,364 [3919957f-5492-4e2e-9554-c3e87ed23817@group-26EE59F8EAB4-StateMachineUpdater] INFO  ratis.ContainerStateMachine (ContainerStateMachine.java:takeSnapshot(294)) - group-26EE59F8EAB4: Taking a snapshot at:(t:2, i:14) file /workdir/hadoop-ozone/integration-test/target/test-dir/MiniOzoneClusterImpl-b2ca8923-5dad-44ba-bd4a-93447b410621/datanode-4/data/ratis/952838c4-e1ed-4084-854a-26ee59f8eab4/sm/snapshot.2_14
2019-10-11 17:18:43,365 [118cdbac-715f-4342-82a9-f07e763fc80a@group-DDEF9B313DA8-SegmentedRaftLogWorker] INFO  segmented.SegmentedRaftLogWorker (SegmentedRaftLogWorker.java:run(316)) - 118cdbac-715f-4342-82a9-f07e763fc80a@group-DDEF9B313DA8-SegmentedRaftLogWorker was interrupted, exiting. There are 0 tasks remaining in the queue.
2019-10-11 17:18:43,366 [ForkJoinPool.commonPool-worker-0] INFO  segmented.SegmentedRaftLogWorker (SegmentedRaftLogWorker.java:close(224)) - 118cdbac-715f-4342-82a9-f07e763fc80a@group-DDEF9B313DA8-SegmentedRaftLogWorker close()
2019-10-11 17:18:43,369 [ForkJoinPool.commonPool-worker-0] INFO  impl.RaftServerImpl (RaftServerImpl.java:lambda$shutdown$3(247)) - 118cdbac-715f-4342-82a9-f07e763fc80a@group-FA2EEE764E07: shutdown
2019-10-11 17:18:43,370 [ForkJoinPool.commonPool-worker-0] INFO  util.JmxRegister (JmxRegister.java:unregister(73)) - Successfully un-registered JMX Bean with object name Ratis:service=RaftServer,group=group-FA2EEE764E07,id=118cdbac-715f-4342-82a9-f07e763fc80a
2019-10-11 17:18:43,370 [ForkJoinPool.commonPool-worker-0] INFO  impl.RoleInfo (RoleInfo.java:shutdownLeaderState(104)) - 118cdbac-715f-4342-82a9-f07e763fc80a: shutdown LeaderState
2019-10-11 17:18:43,370 [ForkJoinPool.commonPool-worker-0] INFO  impl.PendingRequests (PendingRequests.java:sendNotLeaderResponses(202)) - 118cdbac-715f-4342-82a9-f07e763fc80a@group-FA2EEE764E07-PendingRequests: sendNotLeaderResponses
2019-10-11 17:18:43,370 [ForkJoinPool.commonPool-worker-0] INFO  impl.StateMachineUpdater (StateMachineUpdater.java:stopAndJoin(136)) - 118cdbac-715f-4342-82a9-f07e763fc80a@group-FA2EEE764E07-StateMachineUpdater: set stopIndex = 0
2019-10-11 17:18:43,371 [ForkJoinPool.commonPool-worker-0] INFO  impl.RaftServerImpl (ServerState.java:close(387)) - 118cdbac-715f-4342-82a9-f07e763fc80a@group-FA2EEE764E07: closes. applyIndex: 0
2019-10-11 17:18:43,371 [118cdbac-715f-4342-82a9-f07e763fc80a@group-FA2EEE764E07-SegmentedRaftLogWorker] INFO  segmented.SegmentedRaftLogWorker (SegmentedRaftLogWorker.java:run(316)) - 118cdbac-715f-4342-82a9-f07e763fc80a@group-FA2EEE764E07-SegmentedRaftLogWorker was interrupted, exiting. There are 0 tasks remaining in the queue.
2019-10-11 17:18:43,372 [ForkJoinPool.commonPool-worker-0] INFO  segmented.SegmentedRaftLogWorker (SegmentedRaftLogWorker.java:close(224)) - 118cdbac-715f-4342-82a9-f07e763fc80a@group-FA2EEE764E07-SegmentedRaftLogWorker close()
2019-10-11 17:18:43,375 [ForkJoinPool.commonPool-worker-0] INFO  server.GrpcService (GrpcService.java:closeImpl(164)) - 118cdbac-715f-4342-82a9-f07e763fc80a: shutdown server with port 37337 now
2019-10-11 17:18:43,376 [grpc-default-executor-8] WARN  server.GrpcServerProtocolService (LogUtils.java:warn(134)) - 118cdbac-715f-4342-82a9-f07e763fc80a: installSnapshot onError, lastRequest: 1881e1b1-a416-4676-83ce-8113df23a0f6->118cdbac-715f-4342-82a9-f07e763fc80a#25-t2, previous=(t:2, i:16), leaderCommit=16, initializing? false, entries: <empty>: org.apache.ratis.thirdparty.io.grpc.StatusRuntimeException: CANCELLED: cancelled before receiving half close
2019-10-11 17:18:43,376 [ForkJoinPool.commonPool-worker-0] INFO  server.GrpcService (GrpcService.java:closeImpl(172)) - 118cdbac-715f-4342-82a9-f07e763fc80a: shutdown server with port 37337 successfully
2019-10-11 17:18:43,376 [grpc-default-executor-7] WARN  server.GrpcLogAppender (LogUtils.java:warn(134)) - 1881e1b1-a416-4676-83ce-8113df23a0f6@group-DDEF9B313DA8->118cdbac-715f-4342-82a9-f07e763fc80a-AppendLogResponseHandler: Failed appendEntries: org.apache.ratis.thirdparty.io.grpc.StatusRuntimeException: CANCELLED: HTTP/2 error code: CANCEL
Received Rst Stream
2019-10-11 17:18:43,377 [grpc-default-executor-7] INFO  impl.FollowerInfo (FollowerInfo.java:lambda$new$0(51)) - 1881e1b1-a416-4676-83ce-8113df23a0f6@group-DDEF9B313DA8->118cdbac-715f-4342-82a9-f07e763fc80a: nextIndex: updateUnconditionally 17 -> 16
2019-10-11 17:18:43,387 [refreshUsed-/workdir/hadoop-ozone/integration-test/target/test-dir/MiniOzoneClusterImpl-b2ca8923-5dad-44ba-bd4a-93447b410621/datanode-1/data/containers] WARN  fs.CachingGetSpaceUsed (CachingGetSpaceUsed.java:run(183)) - Thread Interrupted waiting to refresh disk information: sleep interrupted
2019-10-11 17:18:43,387 [3919957f-5492-4e2e-9554-c3e87ed23817@group-26EE59F8EAB4-StateMachineUpdater] INFO  ratis.ContainerStateMachine (ContainerStateMachine.java:takeSnapshot(305)) - group-26EE59F8EAB4: Finished taking a snapshot at:(t:2, i:14) file:/workdir/hadoop-ozone/integration-test/target/test-dir/MiniOzoneClusterImpl-b2ca8923-5dad-44ba-bd4a-93447b410621/datanode-4/data/ratis/952838c4-e1ed-4084-854a-26ee59f8eab4/sm/snapshot.2_14 time:23
2019-10-11 17:18:43,387 [3919957f-5492-4e2e-9554-c3e87ed23817@group-26EE59F8EAB4-StateMachineUpdater] INFO  impl.StateMachineUpdater (StateMachineUpdater.java:takeSnapshot(269)) - 3919957f-5492-4e2e-9554-c3e87ed23817@group-26EE59F8EAB4-StateMachineUpdater: Took a snapshot at index 14
2019-10-11 17:18:43,388 [3919957f-5492-4e2e-9554-c3e87ed23817@group-26EE59F8EAB4-StateMachineUpdater] INFO  impl.StateMachineUpdater (StateMachineUpdater.java:lambda$new$0(84)) - 3919957f-5492-4e2e-9554-c3e87ed23817@group-26EE59F8EAB4-StateMachineUpdater: snapshotIndex: updateIncreasingly 14 -> 14
2019-10-11 17:18:43,388 [main] INFO  impl.RaftServerImpl (ServerState.java:close(387)) - 3919957f-5492-4e2e-9554-c3e87ed23817@group-26EE59F8EAB4: closes. applyIndex: 18
2019-10-11 17:18:43,388 [3919957f-5492-4e2e-9554-c3e87ed23817@group-26EE59F8EAB4-SegmentedRaftLogWorker] INFO  segmented.SegmentedRaftLogWorker (SegmentedRaftLogWorker.java:run(316)) - 3919957f-5492-4e2e-9554-c3e87ed23817@group-26EE59F8EAB4-SegmentedRaftLogWorker was interrupted, exiting. There are 0 tasks remaining in the queue.
2019-10-11 17:18:43,390 [main] INFO  segmented.SegmentedRaftLogWorker (SegmentedRaftLogWorker.java:close(224)) - 3919957f-5492-4e2e-9554-c3e87ed23817@group-26EE59F8EAB4-SegmentedRaftLogWorker close()
2019-10-11 17:18:43,392 [main] INFO  server.GrpcService (GrpcService.java:closeImpl(164)) - 3919957f-5492-4e2e-9554-c3e87ed23817: shutdown server with port 46678 now
2019-10-11 17:18:43,393 [main] INFO  server.GrpcService (GrpcService.java:closeImpl(172)) - 3919957f-5492-4e2e-9554-c3e87ed23817: shutdown server with port 46678 successfully
2019-10-11 17:18:43,395 [refreshUsed-/workdir/hadoop-ozone/integration-test/target/test-dir/MiniOzoneClusterImpl-b2ca8923-5dad-44ba-bd4a-93447b410621/datanode-4/data/containers] WARN  fs.CachingGetSpaceUsed (CachingGetSpaceUsed.java:run(183)) - Thread Interrupted waiting to refresh disk information: sleep interrupted
2019-10-11 17:18:43,408 [main] INFO  utils.BackgroundService (BackgroundService.java:shutdown(151)) - Shutting down service BlockDeletingService
2019-10-11 17:18:43,414 [main] INFO  statemachine.DatanodeStateMachine (DatanodeStateMachine.java:stopDaemon(395)) - Ozone container server stopped.
2019-10-11 17:18:43,416 [main] INFO  handler.ContextHandler (ContextHandler.java:doStop(910)) - Stopped o.e.j.w.WebAppContext@3ca3648{/,null,UNAVAILABLE}{/hddsDatanode}
2019-10-11 17:18:43,416 [main] INFO  server.AbstractConnector (AbstractConnector.java:doStop(318)) - Stopped ServerConnector@2a99ca99{HTTP/1.1,[http/1.1]}{0.0.0.0:0}
2019-10-11 17:18:43,417 [main] INFO  handler.ContextHandler (ContextHandler.java:doStop(910)) - Stopped o.e.j.s.ServletContextHandler@9b2dc56{/static,jar:file:/home/user/.m2/repository/org/apache/hadoop/hadoop-hdds-container-service/0.5.0-SNAPSHOT/hadoop-hdds-container-service-0.5.0-SNAPSHOT.jar!/webapps/static,UNAVAILABLE}
2019-10-11 17:18:43,417 [main] INFO  handler.ContextHandler (ContextHandler.java:doStop(910)) - Stopped o.e.j.s.ServletContextHandler@ad3f70a{/logs,file:///workdir/hadoop-ozone/integration-test/target/log,UNAVAILABLE}
2019-10-11 17:18:43,418 [ForkJoinPool.commonPool-worker-0] INFO  utils.BackgroundService (BackgroundService.java:shutdown(151)) - Shutting down service BlockDeletingService
2019-10-11 17:18:43,424 [ForkJoinPool.commonPool-worker-0] INFO  statemachine.DatanodeStateMachine (DatanodeStateMachine.java:stopDaemon(395)) - Ozone container server stopped.
2019-10-11 17:18:43,428 [ForkJoinPool.commonPool-worker-0] INFO  handler.ContextHandler (ContextHandler.java:doStop(910)) - Stopped o.e.j.w.WebAppContext@78d92eef{/,null,UNAVAILABLE}{/hddsDatanode}
2019-10-11 17:18:43,429 [ForkJoinPool.commonPool-worker-0] INFO  server.AbstractConnector (AbstractConnector.java:doStop(318)) - Stopped ServerConnector@61d60e38{HTTP/1.1,[http/1.1]}{0.0.0.0:0}
2019-10-11 17:18:43,430 [ForkJoinPool.commonPool-worker-0] INFO  handler.ContextHandler (ContextHandler.java:doStop(910)) - Stopped o.e.j.s.ServletContextHandler@37e7c4cc{/static,jar:file:/home/user/.m2/repository/org/apache/hadoop/hadoop-hdds-container-service/0.5.0-SNAPSHOT/hadoop-hdds-container-service-0.5.0-SNAPSHOT.jar!/webapps/static,UNAVAILABLE}
2019-10-11 17:18:43,432 [ForkJoinPool.commonPool-worker-0] INFO  handler.ContextHandler (ContextHandler.java:doStop(910)) - Stopped o.e.j.s.ServletContextHandler@7b9e25bd{/logs,file:///workdir/hadoop-ozone/integration-test/target/log,UNAVAILABLE}
2019-10-11 17:18:43,863 [Datanode State Machine Thread - 0] INFO  statemachine.DatanodeStateMachine (DatanodeStateMachine.java:lambda$startDaemon$0(350)) - Ozone container server started.
2019-10-11 17:18:43,899 [Datanode State Machine Thread - 0] INFO  statemachine.DatanodeStateMachine (DatanodeStateMachine.java:lambda$startDaemon$0(350)) - Ozone container server started.
2019-10-11 17:18:44,915 [grpc-default-executor-0] WARN  server.GrpcLogAppender (LogUtils.java:warn(134)) - 1881e1b1-a416-4676-83ce-8113df23a0f6@group-DDEF9B313DA8->118cdbac-715f-4342-82a9-f07e763fc80a-AppendLogResponseHandler: Failed appendEntries: org.apache.ratis.thirdparty.io.grpc.StatusRuntimeException: UNAVAILABLE: io exception
2019-10-11 17:18:44,915 [grpc-default-executor-0] INFO  impl.FollowerInfo (FollowerInfo.java:lambda$new$0(51)) - 1881e1b1-a416-4676-83ce-8113df23a0f6@group-DDEF9B313DA8->118cdbac-715f-4342-82a9-f07e763fc80a: nextIndex: updateUnconditionally 17 -> 16
2019-10-11 17:18:44,925 [grpc-default-executor-7] WARN  server.GrpcLogAppender (LogUtils.java:warn(134)) - 1881e1b1-a416-4676-83ce-8113df23a0f6@group-DDEF9B313DA8->118cdbac-715f-4342-82a9-f07e763fc80a-AppendLogResponseHandler: Failed appendEntries: org.apache.ratis.thirdparty.io.grpc.StatusRuntimeException: UNAVAILABLE: io exception
2019-10-11 17:18:44,926 [grpc-default-executor-7] INFO  impl.FollowerInfo (FollowerInfo.java:lambda$new$0(51)) - 1881e1b1-a416-4676-83ce-8113df23a0f6@group-DDEF9B313DA8->118cdbac-715f-4342-82a9-f07e763fc80a: nextIndex: updateUnconditionally 17 -> 16
2019-10-11 17:18:44,938 [grpc-default-executor-0] WARN  server.GrpcLogAppender (LogUtils.java:warn(134)) - 1881e1b1-a416-4676-83ce-8113df23a0f6@group-DDEF9B313DA8->118cdbac-715f-4342-82a9-f07e763fc80a-AppendLogResponseHandler: Failed appendEntries: org.apache.ratis.thirdparty.io.grpc.StatusRuntimeException: UNAVAILABLE: io exception
2019-10-11 17:18:44,938 [grpc-default-executor-0] INFO  impl.FollowerInfo (FollowerInfo.java:lambda$new$0(51)) - 1881e1b1-a416-4676-83ce-8113df23a0f6@group-DDEF9B313DA8->118cdbac-715f-4342-82a9-f07e763fc80a: nextIndex: updateUnconditionally 17 -> 16
2019-10-11 17:18:44,949 [RatisApplyTransactionExecutor 2] INFO  interfaces.Container (KeyValueContainer.java:flushAndSyncDB(386)) - Container 2 is synced with bcsId 14.
2019-10-11 17:18:44,949 [RatisApplyTransactionExecutor 2] INFO  interfaces.Container (KeyValueContainer.java:flushAndSyncDB(386)) - Container 2 is synced with bcsId 14.
2019-10-11 17:18:44,987 [RatisApplyTransactionExecutor 2] INFO  interfaces.Container (KeyValueContainer.java:close(335)) - Container 2 is closed with bcsId 14.
2019-10-11 17:18:44,988 [EventQueue-IncrementalContainerReportForIncrementalContainerReportHandler] INFO  container.IncrementalContainerReportHandler (AbstractContainerReportHandler.java:updateContainerState(178)) - Moving container #2 to CLOSED state, datanode 1881e1b1-a416-4676-83ce-8113df23a0f6{ip: 192.168.164.206, host: pr-hdds-2181-ktj56-3106680801, networkLocation: /default-rack, certSerialId: null} reported CLOSED replica.
2019-10-11 17:18:45,012 [RatisApplyTransactionExecutor 2] INFO  interfaces.Container (KeyValueContainer.java:flushAndSyncDB(386)) - Container 2 is synced with bcsId 14.
2019-10-11 17:18:45,012 [RatisApplyTransactionExecutor 2] INFO  interfaces.Container (KeyValueContainer.java:flushAndSyncDB(386)) - Container 2 is synced with bcsId 14.
2019-10-11 17:18:45,037 [RatisApplyTransactionExecutor 2] INFO  interfaces.Container (KeyValueContainer.java:close(335)) - Container 2 is closed with bcsId 14.
2019-10-11 17:18:47,167 [Thread-3315] INFO  impl.FollowerState (FollowerState.java:run(108)) - ffd6ec3f-f769-48ed-b47b-9e3bfbb749de@group-26EE59F8EAB4-FollowerState: change to CANDIDATE, lastRpcTime:5025ms, electionTimeout:5013ms
2019-10-11 17:18:47,168 [Thread-3315] INFO  impl.RoleInfo (RoleInfo.java:shutdownFollowerState(121)) - ffd6ec3f-f769-48ed-b47b-9e3bfbb749de: shutdown FollowerState
2019-10-11 17:18:47,168 [Thread-3315] INFO  impl.RaftServerImpl (RaftServerImpl.java:setRole(170)) - ffd6ec3f-f769-48ed-b47b-9e3bfbb749de@group-26EE59F8EAB4: changes role from  FOLLOWER to CANDIDATE at term 3 for changeToCandidate
2019-10-11 17:18:47,169 [Thread-3315] INFO  impl.RoleInfo (RoleInfo.java:updateAndGet(143)) - ffd6ec3f-f769-48ed-b47b-9e3bfbb749de: start LeaderElection
2019-10-11 17:18:47,175 [ffd6ec3f-f769-48ed-b47b-9e3bfbb749de@group-26EE59F8EAB4-LeaderElection84] INFO  impl.RaftServerImpl (ServerState.java:setLeader(255)) - ffd6ec3f-f769-48ed-b47b-9e3bfbb749de@group-26EE59F8EAB4: change Leader from 3919957f-5492-4e2e-9554-c3e87ed23817 to null at term 3 for initElection
2019-10-11 17:18:47,200 [ffd6ec3f-f769-48ed-b47b-9e3bfbb749de@group-26EE59F8EAB4-LeaderElection84] INFO  impl.LeaderElection (LeaderElection.java:askForVotes(178)) - ffd6ec3f-f769-48ed-b47b-9e3bfbb749de@group-26EE59F8EAB4-LeaderElection84: begin an election at term 4 for 17: [ffd6ec3f-f769-48ed-b47b-9e3bfbb749de:192.168.164.206:34604, 3919957f-5492-4e2e-9554-c3e87ed23817:192.168.164.206:46678, 5cb6b437-c2e1-454c-b3fa-c3dae831a88d:192.168.164.206:34352], old=null
2019-10-11 17:18:47,206 [ffd6ec3f-f769-48ed-b47b-9e3bfbb749de@group-26EE59F8EAB4-LeaderElection84] INFO  impl.LeaderElection (LogUtils.java:infoOrTrace(149)) - ffd6ec3f-f769-48ed-b47b-9e3bfbb749de@group-26EE59F8EAB4-LeaderElection84 got exception when requesting votes: {}
java.util.concurrent.ExecutionException: org.apache.ratis.thirdparty.io.grpc.StatusRuntimeException: UNAVAILABLE: io exception
	at java.util.concurrent.FutureTask.report(FutureTask.java:122)
	at java.util.concurrent.FutureTask.get(FutureTask.java:192)
	at org.apache.ratis.server.impl.LeaderElection.waitForResults(LeaderElection.java:259)
	at org.apache.ratis.server.impl.LeaderElection.askForVotes(LeaderElection.java:197)
	at org.apache.ratis.server.impl.LeaderElection.run(LeaderElection.java:133)
	at java.lang.Thread.run(Thread.java:748)
Caused by: org.apache.ratis.thirdparty.io.grpc.StatusRuntimeException: UNAVAILABLE: io exception
	at org.apache.ratis.thirdparty.io.grpc.stub.ClientCalls.toStatusRuntimeException(ClientCalls.java:233)
	at org.apache.ratis.thirdparty.io.grpc.stub.ClientCalls.getUnchecked(ClientCalls.java:214)
	at org.apache.ratis.thirdparty.io.grpc.stub.ClientCalls.blockingUnaryCall(ClientCalls.java:139)
	at org.apache.ratis.proto.grpc.RaftServerProtocolServiceGrpc$RaftServerProtocolServiceBlockingStub.requestVote(RaftServerProtocolServiceGrpc.java:265)
	at org.apache.ratis.grpc.server.GrpcServerProtocolClient.requestVote(GrpcServerProtocolClient.java:99)
	at org.apache.ratis.grpc.server.GrpcService.requestVote(GrpcService.java:204)
	at org.apache.ratis.server.impl.LeaderElection.lambda$submitRequests$1(LeaderElection.java:234)
	at java.util.concurrent.FutureTask.run(FutureTask.java:266)
	at java.util.concurrent.Executors$RunnableAdapter.call(Executors.java:511)
	at java.util.concurrent.FutureTask.run(FutureTask.java:266)
	at java.util.concurrent.ThreadPoolExecutor.runWorker(ThreadPoolExecutor.java:1149)
	at java.util.concurrent.ThreadPoolExecutor$Worker.run(ThreadPoolExecutor.java:624)
	... 1 more
Caused by: org.apache.ratis.thirdparty.io.netty.channel.AbstractChannel$AnnotatedConnectException: Connection refused: /192.168.164.206:34352
	at sun.nio.ch.SocketChannelImpl.checkConnect(Native Method)
	at sun.nio.ch.SocketChannelImpl.finishConnect(SocketChannelImpl.java:717)
	at org.apache.ratis.thirdparty.io.netty.channel.socket.nio.NioSocketChannel.doFinishConnect(NioSocketChannel.java:327)
	at org.apache.ratis.thirdparty.io.netty.channel.nio.AbstractNioChannel$AbstractNioUnsafe.finishConnect(AbstractNioChannel.java:340)
	at org.apache.ratis.thirdparty.io.netty.channel.nio.NioEventLoop.processSelectedKey(NioEventLoop.java:632)
	at org.apache.ratis.thirdparty.io.netty.channel.nio.NioEventLoop.processSelectedKeysOptimized(NioEventLoop.java:579)
	at org.apache.ratis.thirdparty.io.netty.channel.nio.NioEventLoop.processSelectedKeys(NioEventLoop.java:496)
	at org.apache.ratis.thirdparty.io.netty.channel.nio.NioEventLoop.run(NioEventLoop.java:458)
	at org.apache.ratis.thirdparty.io.netty.util.concurrent.SingleThreadEventExecutor$5.run(SingleThreadEventExecutor.java:897)
	at org.apache.ratis.thirdparty.io.netty.util.concurrent.FastThreadLocalRunnable.run(FastThreadLocalRunnable.java:30)
	... 1 more
Caused by: java.net.ConnectException: Connection refused
	... 11 more
2019-10-11 17:18:47,209 [ffd6ec3f-f769-48ed-b47b-9e3bfbb749de@group-26EE59F8EAB4-LeaderElection84] INFO  impl.LeaderElection (LogUtils.java:infoOrTrace(149)) - ffd6ec3f-f769-48ed-b47b-9e3bfbb749de@group-26EE59F8EAB4-LeaderElection84 got exception when requesting votes: {}
java.util.concurrent.ExecutionException: org.apache.ratis.thirdparty.io.grpc.StatusRuntimeException: UNAVAILABLE: io exception
	at java.util.concurrent.FutureTask.report(FutureTask.java:122)
	at java.util.concurrent.FutureTask.get(FutureTask.java:192)
	at org.apache.ratis.server.impl.LeaderElection.waitForResults(LeaderElection.java:259)
	at org.apache.ratis.server.impl.LeaderElection.askForVotes(LeaderElection.java:197)
	at org.apache.ratis.server.impl.LeaderElection.run(LeaderElection.java:133)
	at java.lang.Thread.run(Thread.java:748)
Caused by: org.apache.ratis.thirdparty.io.grpc.StatusRuntimeException: UNAVAILABLE: io exception
	at org.apache.ratis.thirdparty.io.grpc.stub.ClientCalls.toStatusRuntimeException(ClientCalls.java:233)
	at org.apache.ratis.thirdparty.io.grpc.stub.ClientCalls.getUnchecked(ClientCalls.java:214)
	at org.apache.ratis.thirdparty.io.grpc.stub.ClientCalls.blockingUnaryCall(ClientCalls.java:139)
	at org.apache.ratis.proto.grpc.RaftServerProtocolServiceGrpc$RaftServerProtocolServiceBlockingStub.requestVote(RaftServerProtocolServiceGrpc.java:265)
	at org.apache.ratis.grpc.server.GrpcServerProtocolClient.requestVote(GrpcServerProtocolClient.java:99)
	at org.apache.ratis.grpc.server.GrpcService.requestVote(GrpcService.java:204)
	at org.apache.ratis.server.impl.LeaderElection.lambda$submitRequests$1(LeaderElection.java:234)
	at java.util.concurrent.FutureTask.run(FutureTask.java:266)
	at java.util.concurrent.Executors$RunnableAdapter.call(Executors.java:511)
	at java.util.concurrent.FutureTask.run(FutureTask.java:266)
	at java.util.concurrent.ThreadPoolExecutor.runWorker(ThreadPoolExecutor.java:1149)
	at java.util.concurrent.ThreadPoolExecutor$Worker.run(ThreadPoolExecutor.java:624)
	... 1 more
Caused by: org.apache.ratis.thirdparty.io.netty.channel.AbstractChannel$AnnotatedConnectException: Connection refused: /192.168.164.206:46678
	at sun.nio.ch.SocketChannelImpl.checkConnect(Native Method)
	at sun.nio.ch.SocketChannelImpl.finishConnect(SocketChannelImpl.java:717)
	at org.apache.ratis.thirdparty.io.netty.channel.socket.nio.NioSocketChannel.doFinishConnect(NioSocketChannel.java:327)
	at org.apache.ratis.thirdparty.io.netty.channel.nio.AbstractNioChannel$AbstractNioUnsafe.finishConnect(AbstractNioChannel.java:340)
	at org.apache.ratis.thirdparty.io.netty.channel.nio.NioEventLoop.processSelectedKey(NioEventLoop.java:632)
	at org.apache.ratis.thirdparty.io.netty.channel.nio.NioEventLoop.processSelectedKeysOptimized(NioEventLoop.java:579)
	at org.apache.ratis.thirdparty.io.netty.channel.nio.NioEventLoop.processSelectedKeys(NioEventLoop.java:496)
	at org.apache.ratis.thirdparty.io.netty.channel.nio.NioEventLoop.run(NioEventLoop.java:458)
	at org.apache.ratis.thirdparty.io.netty.util.concurrent.SingleThreadEventExecutor$5.run(SingleThreadEventExecutor.java:897)
	at org.apache.ratis.thirdparty.io.netty.util.concurrent.FastThreadLocalRunnable.run(FastThreadLocalRunnable.java:30)
	... 1 more
Caused by: java.net.ConnectException: Connection refused
	... 11 more
2019-10-11 17:18:47,212 [ffd6ec3f-f769-48ed-b47b-9e3bfbb749de@group-26EE59F8EAB4-LeaderElection84] INFO  impl.LeaderElection (LeaderElection.java:logAndReturn(56)) - ffd6ec3f-f769-48ed-b47b-9e3bfbb749de@group-26EE59F8EAB4-LeaderElection84: Election REJECTED; received 0 response(s) [] and 2 exception(s); ffd6ec3f-f769-48ed-b47b-9e3bfbb749de@group-26EE59F8EAB4:t4, leader=null, voted=ffd6ec3f-f769-48ed-b47b-9e3bfbb749de, raftlog=ffd6ec3f-f769-48ed-b47b-9e3bfbb749de@group-26EE59F8EAB4-SegmentedRaftLog:OPENED:c18,f18,i18, conf=17: [ffd6ec3f-f769-48ed-b47b-9e3bfbb749de:192.168.164.206:34604, 3919957f-5492-4e2e-9554-c3e87ed23817:192.168.164.206:46678, 5cb6b437-c2e1-454c-b3fa-c3dae831a88d:192.168.164.206:34352], old=null
2019-10-11 17:18:47,212 [ffd6ec3f-f769-48ed-b47b-9e3bfbb749de@group-26EE59F8EAB4-LeaderElection84] INFO  impl.LeaderElection (LogUtils.java:infoOrTrace(149)) -   Exception 0: {}
java.util.concurrent.ExecutionException: org.apache.ratis.thirdparty.io.grpc.StatusRuntimeException: UNAVAILABLE: io exception
	at java.util.concurrent.FutureTask.report(FutureTask.java:122)
	at java.util.concurrent.FutureTask.get(FutureTask.java:192)
	at org.apache.ratis.server.impl.LeaderElection.waitForResults(LeaderElection.java:259)
	at org.apache.ratis.server.impl.LeaderElection.askForVotes(LeaderElection.java:197)
	at org.apache.ratis.server.impl.LeaderElection.run(LeaderElection.java:133)
	at java.lang.Thread.run(Thread.java:748)
Caused by: org.apache.ratis.thirdparty.io.grpc.StatusRuntimeException: UNAVAILABLE: io exception
	at org.apache.ratis.thirdparty.io.grpc.stub.ClientCalls.toStatusRuntimeException(ClientCalls.java:233)
	at org.apache.ratis.thirdparty.io.grpc.stub.ClientCalls.getUnchecked(ClientCalls.java:214)
	at org.apache.ratis.thirdparty.io.grpc.stub.ClientCalls.blockingUnaryCall(ClientCalls.java:139)
	at org.apache.ratis.proto.grpc.RaftServerProtocolServiceGrpc$RaftServerProtocolServiceBlockingStub.requestVote(RaftServerProtocolServiceGrpc.java:265)
	at org.apache.ratis.grpc.server.GrpcServerProtocolClient.requestVote(GrpcServerProtocolClient.java:99)
	at org.apache.ratis.grpc.server.GrpcService.requestVote(GrpcService.java:204)
	at org.apache.ratis.server.impl.LeaderElection.lambda$submitRequests$1(LeaderElection.java:234)
	at java.util.concurrent.FutureTask.run(FutureTask.java:266)
	at java.util.concurrent.Executors$RunnableAdapter.call(Executors.java:511)
	at java.util.concurrent.FutureTask.run(FutureTask.java:266)
	at java.util.concurrent.ThreadPoolExecutor.runWorker(ThreadPoolExecutor.java:1149)
	at java.util.concurrent.ThreadPoolExecutor$Worker.run(ThreadPoolExecutor.java:624)
	... 1 more
Caused by: org.apache.ratis.thirdparty.io.netty.channel.AbstractChannel$AnnotatedConnectException: Connection refused: /192.168.164.206:34352
	at sun.nio.ch.SocketChannelImpl.checkConnect(Native Method)
	at sun.nio.ch.SocketChannelImpl.finishConnect(SocketChannelImpl.java:717)
	at org.apache.ratis.thirdparty.io.netty.channel.socket.nio.NioSocketChannel.doFinishConnect(NioSocketChannel.java:327)
	at org.apache.ratis.thirdparty.io.netty.channel.nio.AbstractNioChannel$AbstractNioUnsafe.finishConnect(AbstractNioChannel.java:340)
	at org.apache.ratis.thirdparty.io.netty.channel.nio.NioEventLoop.processSelectedKey(NioEventLoop.java:632)
	at org.apache.ratis.thirdparty.io.netty.channel.nio.NioEventLoop.processSelectedKeysOptimized(NioEventLoop.java:579)
	at org.apache.ratis.thirdparty.io.netty.channel.nio.NioEventLoop.processSelectedKeys(NioEventLoop.java:496)
	at org.apache.ratis.thirdparty.io.netty.channel.nio.NioEventLoop.run(NioEventLoop.java:458)
	at org.apache.ratis.thirdparty.io.netty.util.concurrent.SingleThreadEventExecutor$5.run(SingleThreadEventExecutor.java:897)
	at org.apache.ratis.thirdparty.io.netty.util.concurrent.FastThreadLocalRunnable.run(FastThreadLocalRunnable.java:30)
	... 1 more
Caused by: java.net.ConnectException: Connection refused
	... 11 more
2019-10-11 17:18:47,212 [ffd6ec3f-f769-48ed-b47b-9e3bfbb749de@group-26EE59F8EAB4-LeaderElection84] INFO  impl.LeaderElection (LogUtils.java:infoOrTrace(149)) -   Exception 1: {}
java.util.concurrent.ExecutionException: org.apache.ratis.thirdparty.io.grpc.StatusRuntimeException: UNAVAILABLE: io exception
	at java.util.concurrent.FutureTask.report(FutureTask.java:122)
	at java.util.concurrent.FutureTask.get(FutureTask.java:192)
	at org.apache.ratis.server.impl.LeaderElection.waitForResults(LeaderElection.java:259)
	at org.apache.ratis.server.impl.LeaderElection.askForVotes(LeaderElection.java:197)
	at org.apache.ratis.server.impl.LeaderElection.run(LeaderElection.java:133)
	at java.lang.Thread.run(Thread.java:748)
Caused by: org.apache.ratis.thirdparty.io.grpc.StatusRuntimeException: UNAVAILABLE: io exception
	at org.apache.ratis.thirdparty.io.grpc.stub.ClientCalls.toStatusRuntimeException(ClientCalls.java:233)
	at org.apache.ratis.thirdparty.io.grpc.stub.ClientCalls.getUnchecked(ClientCalls.java:214)
	at org.apache.ratis.thirdparty.io.grpc.stub.ClientCalls.blockingUnaryCall(ClientCalls.java:139)
	at org.apache.ratis.proto.grpc.RaftServerProtocolServiceGrpc$RaftServerProtocolServiceBlockingStub.requestVote(RaftServerProtocolServiceGrpc.java:265)
	at org.apache.ratis.grpc.server.GrpcServerProtocolClient.requestVote(GrpcServerProtocolClient.java:99)
	at org.apache.ratis.grpc.server.GrpcService.requestVote(GrpcService.java:204)
	at org.apache.ratis.server.impl.LeaderElection.lambda$submitRequests$1(LeaderElection.java:234)
	at java.util.concurrent.FutureTask.run(FutureTask.java:266)
	at java.util.concurrent.Executors$RunnableAdapter.call(Executors.java:511)
	at java.util.concurrent.FutureTask.run(FutureTask.java:266)
	at java.util.concurrent.ThreadPoolExecutor.runWorker(ThreadPoolExecutor.java:1149)
	at java.util.concurrent.ThreadPoolExecutor$Worker.run(ThreadPoolExecutor.java:624)
	... 1 more
Caused by: org.apache.ratis.thirdparty.io.netty.channel.AbstractChannel$AnnotatedConnectException: Connection refused: /192.168.164.206:46678
	at sun.nio.ch.SocketChannelImpl.checkConnect(Native Method)
	at sun.nio.ch.SocketChannelImpl.finishConnect(SocketChannelImpl.java:717)
	at org.apache.ratis.thirdparty.io.netty.channel.socket.nio.NioSocketChannel.doFinishConnect(NioSocketChannel.java:327)
	at org.apache.ratis.thirdparty.io.netty.channel.nio.AbstractNioChannel$AbstractNioUnsafe.finishConnect(AbstractNioChannel.java:340)
	at org.apache.ratis.thirdparty.io.netty.channel.nio.NioEventLoop.processSelectedKey(NioEventLoop.java:632)
	at org.apache.ratis.thirdparty.io.netty.channel.nio.NioEventLoop.processSelectedKeysOptimized(NioEventLoop.java:579)
	at org.apache.ratis.thirdparty.io.netty.channel.nio.NioEventLoop.processSelectedKeys(NioEventLoop.java:496)
	at org.apache.ratis.thirdparty.io.netty.channel.nio.NioEventLoop.run(NioEventLoop.java:458)
	at org.apache.ratis.thirdparty.io.netty.util.concurrent.SingleThreadEventExecutor$5.run(SingleThreadEventExecutor.java:897)
	at org.apache.ratis.thirdparty.io.netty.util.concurrent.FastThreadLocalRunnable.run(FastThreadLocalRunnable.java:30)
	... 1 more
Caused by: java.net.ConnectException: Connection refused
	... 11 more
2019-10-11 17:18:47,213 [ffd6ec3f-f769-48ed-b47b-9e3bfbb749de@group-26EE59F8EAB4-LeaderElection84] INFO  impl.RaftServerImpl (RaftServerImpl.java:setRole(170)) - ffd6ec3f-f769-48ed-b47b-9e3bfbb749de@group-26EE59F8EAB4: changes role from CANDIDATE to FOLLOWER at term 4 for DISCOVERED_A_NEW_TERM
2019-10-11 17:18:47,213 [ffd6ec3f-f769-48ed-b47b-9e3bfbb749de@group-26EE59F8EAB4-LeaderElection84] INFO  impl.RoleInfo (RoleInfo.java:shutdownLeaderElection(134)) - ffd6ec3f-f769-48ed-b47b-9e3bfbb749de: shutdown LeaderElection
2019-10-11 17:18:47,213 [ffd6ec3f-f769-48ed-b47b-9e3bfbb749de@group-26EE59F8EAB4-LeaderElection84] INFO  impl.RoleInfo (RoleInfo.java:updateAndGet(143)) - ffd6ec3f-f769-48ed-b47b-9e3bfbb749de: start FollowerState
2019-10-11 17:18:47,440 [grpc-default-executor-10] WARN  server.GrpcLogAppender (LogUtils.java:warn(134)) - 1881e1b1-a416-4676-83ce-8113df23a0f6@group-DDEF9B313DA8->118cdbac-715f-4342-82a9-f07e763fc80a-AppendLogResponseHandler: Failed appendEntries: org.apache.ratis.thirdparty.io.grpc.StatusRuntimeException: UNAVAILABLE: io exception
2019-10-11 17:18:47,445 [grpc-default-executor-10] INFO  impl.FollowerInfo (FollowerInfo.java:lambda$new$0(51)) - 1881e1b1-a416-4676-83ce-8113df23a0f6@group-DDEF9B313DA8->118cdbac-715f-4342-82a9-f07e763fc80a: nextIndex: updateUnconditionally 16 -> 15
2019-10-11 17:18:47,878 [EventQueue-StaleNodeForStaleNodeHandler] INFO  node.StaleNodeHandler (StaleNodeHandler.java:onMessage(58)) - Datanode 8e4ae056-a4b6-46d1-8c8d-fadd47bf60fd{ip: 192.168.164.206, host: pr-hdds-2181-ktj56-3106680801, networkLocation: /default-rack, certSerialId: null} moved to stale state. Finalizing its pipelines [PipelineID=554016a0-e101-4bac-88b4-80362fa3ba7e, PipelineID=b2a16f51-f87f-4a93-8b91-ddef9b313da8]
2019-10-11 17:18:47,879 [EventQueue-StaleNodeForStaleNodeHandler] INFO  pipeline.SCMPipelineManager (SCMPipelineManager.java:finalizeAndDestroyPipeline(315)) - destroying pipeline:Pipeline[ Id: 554016a0-e101-4bac-88b4-80362fa3ba7e, Nodes: 8e4ae056-a4b6-46d1-8c8d-fadd47bf60fd{ip: 192.168.164.206, host: pr-hdds-2181-ktj56-3106680801, networkLocation: /default-rack, certSerialId: null}, Type:RATIS, Factor:ONE, State:OPEN]
2019-10-11 17:18:47,880 [EventQueue-StaleNodeForStaleNodeHandler] INFO  pipeline.PipelineStateManager (PipelineStateManager.java:finalizePipeline(123)) - Pipeline Pipeline[ Id: 554016a0-e101-4bac-88b4-80362fa3ba7e, Nodes: 8e4ae056-a4b6-46d1-8c8d-fadd47bf60fd{ip: 192.168.164.206, host: pr-hdds-2181-ktj56-3106680801, networkLocation: /default-rack, certSerialId: null}, Type:RATIS, Factor:ONE, State:CLOSED] moved to CLOSED state
2019-10-11 17:18:47,881 [EventQueue-StaleNodeForStaleNodeHandler] INFO  pipeline.SCMPipelineManager (SCMPipelineManager.java:finalizeAndDestroyPipeline(315)) - destroying pipeline:Pipeline[ Id: b2a16f51-f87f-4a93-8b91-ddef9b313da8, Nodes: 1881e1b1-a416-4676-83ce-8113df23a0f6{ip: 192.168.164.206, host: pr-hdds-2181-ktj56-3106680801, networkLocation: /default-rack, certSerialId: null}8e4ae056-a4b6-46d1-8c8d-fadd47bf60fd{ip: 192.168.164.206, host: pr-hdds-2181-ktj56-3106680801, networkLocation: /default-rack, certSerialId: null}118cdbac-715f-4342-82a9-f07e763fc80a{ip: 192.168.164.206, host: pr-hdds-2181-ktj56-3106680801, networkLocation: /default-rack, certSerialId: null}, Type:RATIS, Factor:THREE, State:CLOSED]
2019-10-11 17:18:47,977 [EventQueue-StaleNodeForStaleNodeHandler] INFO  node.StaleNodeHandler (StaleNodeHandler.java:onMessage(58)) - Datanode ffd6ec3f-f769-48ed-b47b-9e3bfbb749de{ip: 192.168.164.206, host: pr-hdds-2181-ktj56-3106680801, networkLocation: /default-rack, certSerialId: null} moved to stale state. Finalizing its pipelines [PipelineID=e6420930-aac0-4c29-8faa-0ecdf70de905, PipelineID=952838c4-e1ed-4084-854a-26ee59f8eab4]
2019-10-11 17:18:47,978 [EventQueue-StaleNodeForStaleNodeHandler] INFO  pipeline.SCMPipelineManager (SCMPipelineManager.java:finalizeAndDestroyPipeline(315)) - destroying pipeline:Pipeline[ Id: e6420930-aac0-4c29-8faa-0ecdf70de905, Nodes: ffd6ec3f-f769-48ed-b47b-9e3bfbb749de{ip: 192.168.164.206, host: pr-hdds-2181-ktj56-3106680801, networkLocation: /default-rack, certSerialId: null}, Type:RATIS, Factor:ONE, State:OPEN]
2019-10-11 17:18:47,978 [EventQueue-StaleNodeForStaleNodeHandler] INFO  pipeline.PipelineStateManager (PipelineStateManager.java:finalizePipeline(123)) - Pipeline Pipeline[ Id: e6420930-aac0-4c29-8faa-0ecdf70de905, Nodes: ffd6ec3f-f769-48ed-b47b-9e3bfbb749de{ip: 192.168.164.206, host: pr-hdds-2181-ktj56-3106680801, networkLocation: /default-rack, certSerialId: null}, Type:RATIS, Factor:ONE, State:CLOSED] moved to CLOSED state
2019-10-11 17:18:47,978 [EventQueue-StaleNodeForStaleNodeHandler] INFO  pipeline.SCMPipelineManager (SCMPipelineManager.java:finalizeAndDestroyPipeline(315)) - destroying pipeline:Pipeline[ Id: 952838c4-e1ed-4084-854a-26ee59f8eab4, Nodes: 5cb6b437-c2e1-454c-b3fa-c3dae831a88d{ip: 192.168.164.206, host: pr-hdds-2181-ktj56-3106680801, networkLocation: /default-rack, certSerialId: null}3919957f-5492-4e2e-9554-c3e87ed23817{ip: 192.168.164.206, host: pr-hdds-2181-ktj56-3106680801, networkLocation: /default-rack, certSerialId: null}ffd6ec3f-f769-48ed-b47b-9e3bfbb749de{ip: 192.168.164.206, host: pr-hdds-2181-ktj56-3106680801, networkLocation: /default-rack, certSerialId: null}, Type:RATIS, Factor:THREE, State:CLOSED]
2019-10-11 17:18:48,420 [main] INFO  ozoneimpl.OzoneContainer (OzoneContainer.java:stop(227)) - Attempting to stop container services.
2019-10-11 17:18:48,427 [main] INFO  impl.RaftServerProxy (RaftServerProxy.java:lambda$close$4(314)) - ffd6ec3f-f769-48ed-b47b-9e3bfbb749de: close
2019-10-11 17:18:48,428 [main] INFO  impl.RaftServerImpl (RaftServerImpl.java:lambda$shutdown$3(247)) - ffd6ec3f-f769-48ed-b47b-9e3bfbb749de@group-0ECDF70DE905: shutdown
2019-10-11 17:18:48,428 [main] INFO  util.JmxRegister (JmxRegister.java:unregister(73)) - Successfully un-registered JMX Bean with object name Ratis:service=RaftServer,group=group-0ECDF70DE905,id=ffd6ec3f-f769-48ed-b47b-9e3bfbb749de
2019-10-11 17:18:48,429 [main] INFO  impl.RoleInfo (RoleInfo.java:shutdownLeaderState(104)) - ffd6ec3f-f769-48ed-b47b-9e3bfbb749de: shutdown LeaderState
2019-10-11 17:18:48,429 [main] INFO  impl.PendingRequests (PendingRequests.java:sendNotLeaderResponses(202)) - ffd6ec3f-f769-48ed-b47b-9e3bfbb749de@group-0ECDF70DE905-PendingRequests: sendNotLeaderResponses
2019-10-11 17:18:48,430 [main] INFO  impl.StateMachineUpdater (StateMachineUpdater.java:stopAndJoin(136)) - ffd6ec3f-f769-48ed-b47b-9e3bfbb749de@group-0ECDF70DE905-StateMachineUpdater: set stopIndex = 0
2019-10-11 17:18:48,431 [main] INFO  impl.RaftServerImpl (ServerState.java:close(387)) - ffd6ec3f-f769-48ed-b47b-9e3bfbb749de@group-0ECDF70DE905: closes. applyIndex: 0
2019-10-11 17:18:48,432 [ffd6ec3f-f769-48ed-b47b-9e3bfbb749de@group-0ECDF70DE905-SegmentedRaftLogWorker] INFO  segmented.SegmentedRaftLogWorker (SegmentedRaftLogWorker.java:run(316)) - ffd6ec3f-f769-48ed-b47b-9e3bfbb749de@group-0ECDF70DE905-SegmentedRaftLogWorker was interrupted, exiting. There are 0 tasks remaining in the queue.
2019-10-11 17:18:48,436 [main] INFO  segmented.SegmentedRaftLogWorker (SegmentedRaftLogWorker.java:close(224)) - ffd6ec3f-f769-48ed-b47b-9e3bfbb749de@group-0ECDF70DE905-SegmentedRaftLogWorker close()
2019-10-11 17:18:48,436 [ForkJoinPool.commonPool-worker-0] INFO  ozoneimpl.OzoneContainer (OzoneContainer.java:stop(227)) - Attempting to stop container services.
2019-10-11 17:18:48,440 [main] INFO  impl.RaftServerImpl (RaftServerImpl.java:lambda$shutdown$3(247)) - ffd6ec3f-f769-48ed-b47b-9e3bfbb749de@group-26EE59F8EAB4: shutdown
2019-10-11 17:18:48,440 [ForkJoinPool.commonPool-worker-0] INFO  impl.RaftServerProxy (RaftServerProxy.java:lambda$close$4(314)) - 8e4ae056-a4b6-46d1-8c8d-fadd47bf60fd: close
2019-10-11 17:18:48,440 [main] INFO  util.JmxRegister (JmxRegister.java:unregister(73)) - Successfully un-registered JMX Bean with object name Ratis:service=RaftServer,group=group-26EE59F8EAB4,id=ffd6ec3f-f769-48ed-b47b-9e3bfbb749de
2019-10-11 17:18:48,440 [ForkJoinPool.commonPool-worker-0] INFO  impl.RaftServerImpl (RaftServerImpl.java:lambda$shutdown$3(247)) - 8e4ae056-a4b6-46d1-8c8d-fadd47bf60fd@group-80362FA3BA7E: shutdown
2019-10-11 17:18:48,441 [main] INFO  impl.RoleInfo (RoleInfo.java:shutdownFollowerState(121)) - ffd6ec3f-f769-48ed-b47b-9e3bfbb749de: shutdown FollowerState
2019-10-11 17:18:48,441 [ForkJoinPool.commonPool-worker-0] INFO  util.JmxRegister (JmxRegister.java:unregister(73)) - Successfully un-registered JMX Bean with object name Ratis:service=RaftServer,group=group-80362FA3BA7E,id=8e4ae056-a4b6-46d1-8c8d-fadd47bf60fd
2019-10-11 17:18:48,441 [Thread-3391] INFO  impl.FollowerState (FollowerState.java:run(117)) - ffd6ec3f-f769-48ed-b47b-9e3bfbb749de@group-26EE59F8EAB4-FollowerState was interrupted: java.lang.InterruptedException: sleep interrupted
2019-10-11 17:18:48,441 [main] INFO  impl.StateMachineUpdater (StateMachineUpdater.java:stopAndJoin(136)) - ffd6ec3f-f769-48ed-b47b-9e3bfbb749de@group-26EE59F8EAB4-StateMachineUpdater: set stopIndex = 18
2019-10-11 17:18:48,442 [ffd6ec3f-f769-48ed-b47b-9e3bfbb749de@group-26EE59F8EAB4-StateMachineUpdater] INFO  ratis.ContainerStateMachine (ContainerStateMachine.java:takeSnapshot(294)) - group-26EE59F8EAB4: Taking a snapshot at:(t:2, i:14) file /workdir/hadoop-ozone/integration-test/target/test-dir/MiniOzoneClusterImpl-b2ca8923-5dad-44ba-bd4a-93447b410621/datanode-3/data/ratis/952838c4-e1ed-4084-854a-26ee59f8eab4/sm/snapshot.2_14
2019-10-11 17:18:48,442 [ForkJoinPool.commonPool-worker-0] INFO  impl.RoleInfo (RoleInfo.java:shutdownLeaderState(104)) - 8e4ae056-a4b6-46d1-8c8d-fadd47bf60fd: shutdown LeaderState
2019-10-11 17:18:48,446 [ForkJoinPool.commonPool-worker-0] INFO  impl.PendingRequests (PendingRequests.java:sendNotLeaderResponses(202)) - 8e4ae056-a4b6-46d1-8c8d-fadd47bf60fd@group-80362FA3BA7E-PendingRequests: sendNotLeaderResponses
2019-10-11 17:18:48,446 [ForkJoinPool.commonPool-worker-0] INFO  impl.StateMachineUpdater (StateMachineUpdater.java:stopAndJoin(136)) - 8e4ae056-a4b6-46d1-8c8d-fadd47bf60fd@group-80362FA3BA7E-StateMachineUpdater: set stopIndex = 0
2019-10-11 17:18:48,447 [ForkJoinPool.commonPool-worker-0] INFO  impl.RaftServerImpl (ServerState.java:close(387)) - 8e4ae056-a4b6-46d1-8c8d-fadd47bf60fd@group-80362FA3BA7E: closes. applyIndex: 0
2019-10-11 17:18:48,447 [8e4ae056-a4b6-46d1-8c8d-fadd47bf60fd@group-80362FA3BA7E-SegmentedRaftLogWorker] INFO  segmented.SegmentedRaftLogWorker (SegmentedRaftLogWorker.java:run(316)) - 8e4ae056-a4b6-46d1-8c8d-fadd47bf60fd@group-80362FA3BA7E-SegmentedRaftLogWorker was interrupted, exiting. There are 0 tasks remaining in the queue.
2019-10-11 17:18:48,449 [ForkJoinPool.commonPool-worker-0] INFO  segmented.SegmentedRaftLogWorker (SegmentedRaftLogWorker.java:close(224)) - 8e4ae056-a4b6-46d1-8c8d-fadd47bf60fd@group-80362FA3BA7E-SegmentedRaftLogWorker close()
2019-10-11 17:18:48,454 [ForkJoinPool.commonPool-worker-0] INFO  impl.RaftServerImpl (RaftServerImpl.java:lambda$shutdown$3(247)) - 8e4ae056-a4b6-46d1-8c8d-fadd47bf60fd@group-DDEF9B313DA8: shutdown
2019-10-11 17:18:48,454 [ForkJoinPool.commonPool-worker-0] INFO  util.JmxRegister (JmxRegister.java:unregister(73)) - Successfully un-registered JMX Bean with object name Ratis:service=RaftServer,group=group-DDEF9B313DA8,id=8e4ae056-a4b6-46d1-8c8d-fadd47bf60fd
2019-10-11 17:18:48,454 [ForkJoinPool.commonPool-worker-0] INFO  impl.RoleInfo (RoleInfo.java:shutdownFollowerState(121)) - 8e4ae056-a4b6-46d1-8c8d-fadd47bf60fd: shutdown FollowerState
2019-10-11 17:18:48,455 [ForkJoinPool.commonPool-worker-0] INFO  impl.StateMachineUpdater (StateMachineUpdater.java:stopAndJoin(136)) - 8e4ae056-a4b6-46d1-8c8d-fadd47bf60fd@group-DDEF9B313DA8-StateMachineUpdater: set stopIndex = 18
2019-10-11 17:18:48,455 [8e4ae056-a4b6-46d1-8c8d-fadd47bf60fd@group-DDEF9B313DA8-StateMachineUpdater] INFO  ratis.ContainerStateMachine (ContainerStateMachine.java:takeSnapshot(294)) - group-DDEF9B313DA8: Taking a snapshot at:(t:2, i:17) file /workdir/hadoop-ozone/integration-test/target/test-dir/MiniOzoneClusterImpl-b2ca8923-5dad-44ba-bd4a-93447b410621/datanode-0/data/ratis/b2a16f51-f87f-4a93-8b91-ddef9b313da8/sm/snapshot.2_17
2019-10-11 17:18:48,455 [Thread-3196] INFO  impl.FollowerState (FollowerState.java:run(117)) - 8e4ae056-a4b6-46d1-8c8d-fadd47bf60fd@group-DDEF9B313DA8-FollowerState was interrupted: java.lang.InterruptedException: sleep interrupted
2019-10-11 17:18:48,469 [ffd6ec3f-f769-48ed-b47b-9e3bfbb749de@group-26EE59F8EAB4-StateMachineUpdater] INFO  ratis.ContainerStateMachine (ContainerStateMachine.java:takeSnapshot(305)) - group-26EE59F8EAB4: Finished taking a snapshot at:(t:2, i:14) file:/workdir/hadoop-ozone/integration-test/target/test-dir/MiniOzoneClusterImpl-b2ca8923-5dad-44ba-bd4a-93447b410621/datanode-3/data/ratis/952838c4-e1ed-4084-854a-26ee59f8eab4/sm/snapshot.2_14 time:27
2019-10-11 17:18:48,469 [8e4ae056-a4b6-46d1-8c8d-fadd47bf60fd@group-DDEF9B313DA8-StateMachineUpdater] INFO  ratis.ContainerStateMachine (ContainerStateMachine.java:takeSnapshot(305)) - group-DDEF9B313DA8: Finished taking a snapshot at:(t:2, i:17) file:/workdir/hadoop-ozone/integration-test/target/test-dir/MiniOzoneClusterImpl-b2ca8923-5dad-44ba-bd4a-93447b410621/datanode-0/data/ratis/b2a16f51-f87f-4a93-8b91-ddef9b313da8/sm/snapshot.2_17 time:14
2019-10-11 17:18:48,469 [ffd6ec3f-f769-48ed-b47b-9e3bfbb749de@group-26EE59F8EAB4-StateMachineUpdater] INFO  impl.StateMachineUpdater (StateMachineUpdater.java:takeSnapshot(269)) - ffd6ec3f-f769-48ed-b47b-9e3bfbb749de@group-26EE59F8EAB4-StateMachineUpdater: Took a snapshot at index 14
2019-10-11 17:18:48,469 [8e4ae056-a4b6-46d1-8c8d-fadd47bf60fd@group-DDEF9B313DA8-StateMachineUpdater] INFO  impl.StateMachineUpdater (StateMachineUpdater.java:takeSnapshot(269)) - 8e4ae056-a4b6-46d1-8c8d-fadd47bf60fd@group-DDEF9B313DA8-StateMachineUpdater: Took a snapshot at index 17
2019-10-11 17:18:48,469 [ffd6ec3f-f769-48ed-b47b-9e3bfbb749de@group-26EE59F8EAB4-StateMachineUpdater] INFO  impl.StateMachineUpdater (StateMachineUpdater.java:lambda$new$0(84)) - ffd6ec3f-f769-48ed-b47b-9e3bfbb749de@group-26EE59F8EAB4-StateMachineUpdater: snapshotIndex: updateIncreasingly -1 -> 14
2019-10-11 17:18:48,469 [8e4ae056-a4b6-46d1-8c8d-fadd47bf60fd@group-DDEF9B313DA8-StateMachineUpdater] INFO  impl.StateMachineUpdater (StateMachineUpdater.java:lambda$new$0(84)) - 8e4ae056-a4b6-46d1-8c8d-fadd47bf60fd@group-DDEF9B313DA8-StateMachineUpdater: snapshotIndex: updateIncreasingly -1 -> 17
2019-10-11 17:18:48,470 [ffd6ec3f-f769-48ed-b47b-9e3bfbb749de@group-26EE59F8EAB4-StateMachineUpdater] INFO  ratis.ContainerStateMachine (ContainerStateMachine.java:takeSnapshot(294)) - group-26EE59F8EAB4: Taking a snapshot at:(t:2, i:14) file /workdir/hadoop-ozone/integration-test/target/test-dir/MiniOzoneClusterImpl-b2ca8923-5dad-44ba-bd4a-93447b410621/datanode-3/data/ratis/952838c4-e1ed-4084-854a-26ee59f8eab4/sm/snapshot.2_14
2019-10-11 17:18:48,470 [8e4ae056-a4b6-46d1-8c8d-fadd47bf60fd@group-DDEF9B313DA8-StateMachineUpdater] INFO  ratis.ContainerStateMachine (ContainerStateMachine.java:takeSnapshot(294)) - group-DDEF9B313DA8: Taking a snapshot at:(t:2, i:17) file /workdir/hadoop-ozone/integration-test/target/test-dir/MiniOzoneClusterImpl-b2ca8923-5dad-44ba-bd4a-93447b410621/datanode-0/data/ratis/b2a16f51-f87f-4a93-8b91-ddef9b313da8/sm/snapshot.2_17
2019-10-11 17:18:48,493 [8e4ae056-a4b6-46d1-8c8d-fadd47bf60fd@group-DDEF9B313DA8-StateMachineUpdater] INFO  ratis.ContainerStateMachine (ContainerStateMachine.java:takeSnapshot(305)) - group-DDEF9B313DA8: Finished taking a snapshot at:(t:2, i:17) file:/workdir/hadoop-ozone/integration-test/target/test-dir/MiniOzoneClusterImpl-b2ca8923-5dad-44ba-bd4a-93447b410621/datanode-0/data/ratis/b2a16f51-f87f-4a93-8b91-ddef9b313da8/sm/snapshot.2_17 time:23
2019-10-11 17:18:48,493 [ffd6ec3f-f769-48ed-b47b-9e3bfbb749de@group-26EE59F8EAB4-StateMachineUpdater] INFO  ratis.ContainerStateMachine (ContainerStateMachine.java:takeSnapshot(305)) - group-26EE59F8EAB4: Finished taking a snapshot at:(t:2, i:14) file:/workdir/hadoop-ozone/integration-test/target/test-dir/MiniOzoneClusterImpl-b2ca8923-5dad-44ba-bd4a-93447b410621/datanode-3/data/ratis/952838c4-e1ed-4084-854a-26ee59f8eab4/sm/snapshot.2_14 time:23
2019-10-11 17:18:48,493 [8e4ae056-a4b6-46d1-8c8d-fadd47bf60fd@group-DDEF9B313DA8-StateMachineUpdater] INFO  impl.StateMachineUpdater (StateMachineUpdater.java:takeSnapshot(269)) - 8e4ae056-a4b6-46d1-8c8d-fadd47bf60fd@group-DDEF9B313DA8-StateMachineUpdater: Took a snapshot at index 17
2019-10-11 17:18:48,493 [8e4ae056-a4b6-46d1-8c8d-fadd47bf60fd@group-DDEF9B313DA8-StateMachineUpdater] INFO  impl.StateMachineUpdater (StateMachineUpdater.java:lambda$new$0(84)) - 8e4ae056-a4b6-46d1-8c8d-fadd47bf60fd@group-DDEF9B313DA8-StateMachineUpdater: snapshotIndex: updateIncreasingly 17 -> 17
2019-10-11 17:18:48,493 [ffd6ec3f-f769-48ed-b47b-9e3bfbb749de@group-26EE59F8EAB4-StateMachineUpdater] INFO  impl.StateMachineUpdater (StateMachineUpdater.java:takeSnapshot(269)) - ffd6ec3f-f769-48ed-b47b-9e3bfbb749de@group-26EE59F8EAB4-StateMachineUpdater: Took a snapshot at index 14
2019-10-11 17:18:48,494 [ffd6ec3f-f769-48ed-b47b-9e3bfbb749de@group-26EE59F8EAB4-StateMachineUpdater] INFO  impl.StateMachineUpdater (StateMachineUpdater.java:lambda$new$0(84)) - ffd6ec3f-f769-48ed-b47b-9e3bfbb749de@group-26EE59F8EAB4-StateMachineUpdater: snapshotIndex: updateIncreasingly 14 -> 14
2019-10-11 17:18:48,494 [ForkJoinPool.commonPool-worker-0] INFO  impl.RaftServerImpl (ServerState.java:close(387)) - 8e4ae056-a4b6-46d1-8c8d-fadd47bf60fd@group-DDEF9B313DA8: closes. applyIndex: 18
2019-10-11 17:18:48,494 [main] INFO  impl.RaftServerImpl (ServerState.java:close(387)) - ffd6ec3f-f769-48ed-b47b-9e3bfbb749de@group-26EE59F8EAB4: closes. applyIndex: 18
2019-10-11 17:18:48,494 [8e4ae056-a4b6-46d1-8c8d-fadd47bf60fd@group-DDEF9B313DA8-SegmentedRaftLogWorker] INFO  segmented.SegmentedRaftLogWorker (SegmentedRaftLogWorker.java:run(316)) - 8e4ae056-a4b6-46d1-8c8d-fadd47bf60fd@group-DDEF9B313DA8-SegmentedRaftLogWorker was interrupted, exiting. There are 0 tasks remaining in the queue.
2019-10-11 17:18:48,498 [ForkJoinPool.commonPool-worker-0] INFO  segmented.SegmentedRaftLogWorker (SegmentedRaftLogWorker.java:close(224)) - 8e4ae056-a4b6-46d1-8c8d-fadd47bf60fd@group-DDEF9B313DA8-SegmentedRaftLogWorker close()
2019-10-11 17:18:48,499 [ffd6ec3f-f769-48ed-b47b-9e3bfbb749de@group-26EE59F8EAB4-SegmentedRaftLogWorker] INFO  segmented.SegmentedRaftLogWorker (SegmentedRaftLogWorker.java:run(316)) - ffd6ec3f-f769-48ed-b47b-9e3bfbb749de@group-26EE59F8EAB4-SegmentedRaftLogWorker was interrupted, exiting. There are 0 tasks remaining in the queue.
2019-10-11 17:18:48,503 [ForkJoinPool.commonPool-worker-0] INFO  server.GrpcService (GrpcService.java:closeImpl(164)) - 8e4ae056-a4b6-46d1-8c8d-fadd47bf60fd: shutdown server with port 35596 now
2019-10-11 17:18:48,505 [main] INFO  segmented.SegmentedRaftLogWorker (SegmentedRaftLogWorker.java:close(224)) - ffd6ec3f-f769-48ed-b47b-9e3bfbb749de@group-26EE59F8EAB4-SegmentedRaftLogWorker close()
2019-10-11 17:18:48,525 [main] INFO  server.GrpcService (GrpcService.java:closeImpl(164)) - ffd6ec3f-f769-48ed-b47b-9e3bfbb749de: shutdown server with port 34604 now
2019-10-11 17:18:48,526 [main] INFO  server.GrpcService (GrpcService.java:closeImpl(172)) - ffd6ec3f-f769-48ed-b47b-9e3bfbb749de: shutdown server with port 34604 successfully
2019-10-11 17:18:48,527 [ForkJoinPool.commonPool-worker-0] INFO  server.GrpcService (GrpcService.java:closeImpl(172)) - 8e4ae056-a4b6-46d1-8c8d-fadd47bf60fd: shutdown server with port 35596 successfully
2019-10-11 17:18:48,528 [grpc-default-executor-10] WARN  server.GrpcServerProtocolService (LogUtils.java:warn(134)) - 8e4ae056-a4b6-46d1-8c8d-fadd47bf60fd: installSnapshot onError, lastRequest: 1881e1b1-a416-4676-83ce-8113df23a0f6->8e4ae056-a4b6-46d1-8c8d-fadd47bf60fd#28-t2, previous=(t:2, i:18), leaderCommit=18, initializing? false, entries: <empty>: org.apache.ratis.thirdparty.io.grpc.StatusRuntimeException: CANCELLED: cancelled before receiving half close
2019-10-11 17:18:48,529 [grpc-default-executor-7] WARN  server.GrpcLogAppender (LogUtils.java:warn(134)) - 1881e1b1-a416-4676-83ce-8113df23a0f6@group-DDEF9B313DA8->8e4ae056-a4b6-46d1-8c8d-fadd47bf60fd-AppendLogResponseHandler: Failed appendEntries: org.apache.ratis.thirdparty.io.grpc.StatusRuntimeException: CANCELLED: HTTP/2 error code: CANCEL
Received Rst Stream
2019-10-11 17:18:48,529 [grpc-default-executor-7] INFO  impl.FollowerInfo (FollowerInfo.java:lambda$new$0(51)) - 1881e1b1-a416-4676-83ce-8113df23a0f6@group-DDEF9B313DA8->8e4ae056-a4b6-46d1-8c8d-fadd47bf60fd: nextIndex: updateUnconditionally 19 -> 18
2019-10-11 17:18:48,529 [refreshUsed-/workdir/hadoop-ozone/integration-test/target/test-dir/MiniOzoneClusterImpl-b2ca8923-5dad-44ba-bd4a-93447b410621/datanode-3/data/containers] WARN  fs.CachingGetSpaceUsed (CachingGetSpaceUsed.java:run(183)) - Thread Interrupted waiting to refresh disk information: sleep interrupted
2019-10-11 17:18:48,532 [refreshUsed-/workdir/hadoop-ozone/integration-test/target/test-dir/MiniOzoneClusterImpl-b2ca8923-5dad-44ba-bd4a-93447b410621/datanode-0/data/containers] WARN  fs.CachingGetSpaceUsed (CachingGetSpaceUsed.java:run(183)) - Thread Interrupted waiting to refresh disk information: sleep interrupted
2019-10-11 17:18:48,553 [ForkJoinPool.commonPool-worker-0] INFO  utils.BackgroundService (BackgroundService.java:shutdown(151)) - Shutting down service BlockDeletingService
2019-10-11 17:18:48,553 [main] INFO  utils.BackgroundService (BackgroundService.java:shutdown(151)) - Shutting down service BlockDeletingService
2019-10-11 17:18:48,560 [ForkJoinPool.commonPool-worker-0] INFO  statemachine.DatanodeStateMachine (DatanodeStateMachine.java:stopDaemon(395)) - Ozone container server stopped.
2019-10-11 17:18:48,562 [main] INFO  statemachine.DatanodeStateMachine (DatanodeStateMachine.java:stopDaemon(395)) - Ozone container server stopped.
2019-10-11 17:18:48,578 [ForkJoinPool.commonPool-worker-0] INFO  handler.ContextHandler (ContextHandler.java:doStop(910)) - Stopped o.e.j.w.WebAppContext@3b5a19ed{/,null,UNAVAILABLE}{/hddsDatanode}
2019-10-11 17:18:48,578 [main] INFO  handler.ContextHandler (ContextHandler.java:doStop(910)) - Stopped o.e.j.w.WebAppContext@242ff747{/,null,UNAVAILABLE}{/hddsDatanode}
2019-10-11 17:18:48,579 [ForkJoinPool.commonPool-worker-0] INFO  server.AbstractConnector (AbstractConnector.java:doStop(318)) - Stopped ServerConnector@15d236fd{HTTP/1.1,[http/1.1]}{0.0.0.0:0}
2019-10-11 17:18:48,579 [main] INFO  server.AbstractConnector (AbstractConnector.java:doStop(318)) - Stopped ServerConnector@5329f6b3{HTTP/1.1,[http/1.1]}{0.0.0.0:0}
2019-10-11 17:18:48,581 [ForkJoinPool.commonPool-worker-0] INFO  handler.ContextHandler (ContextHandler.java:doStop(910)) - Stopped o.e.j.s.ServletContextHandler@27898e13{/static,jar:file:/home/user/.m2/repository/org/apache/hadoop/hadoop-hdds-container-service/0.5.0-SNAPSHOT/hadoop-hdds-container-service-0.5.0-SNAPSHOT.jar!/webapps/static,UNAVAILABLE}
2019-10-11 17:18:48,581 [main] INFO  handler.ContextHandler (ContextHandler.java:doStop(910)) - Stopped o.e.j.s.ServletContextHandler@3344d163{/static,jar:file:/home/user/.m2/repository/org/apache/hadoop/hadoop-hdds-container-service/0.5.0-SNAPSHOT/hadoop-hdds-container-service-0.5.0-SNAPSHOT.jar!/webapps/static,UNAVAILABLE}
2019-10-11 17:18:48,583 [ForkJoinPool.commonPool-worker-0] INFO  handler.ContextHandler (ContextHandler.java:doStop(910)) - Stopped o.e.j.s.ServletContextHandler@51e8d066{/logs,file:///workdir/hadoop-ozone/integration-test/target/log,UNAVAILABLE}
2019-10-11 17:18:48,584 [main] INFO  handler.ContextHandler (ContextHandler.java:doStop(910)) - Stopped o.e.j.s.ServletContextHandler@463045fb{/logs,file:///workdir/hadoop-ozone/integration-test/target/log,UNAVAILABLE}
2019-10-11 17:18:48,989 [Datanode State Machine Thread - 0] INFO  statemachine.DatanodeStateMachine (DatanodeStateMachine.java:lambda$startDaemon$0(350)) - Ozone container server started.
2019-10-11 17:18:49,022 [Datanode State Machine Thread - 0] INFO  statemachine.DatanodeStateMachine (DatanodeStateMachine.java:lambda$startDaemon$0(350)) - Ozone container server started.
2019-10-11 17:18:49,944 [grpc-default-executor-10] WARN  server.GrpcLogAppender (LogUtils.java:warn(134)) - 1881e1b1-a416-4676-83ce-8113df23a0f6@group-DDEF9B313DA8->118cdbac-715f-4342-82a9-f07e763fc80a-AppendLogResponseHandler: Failed appendEntries: org.apache.ratis.thirdparty.io.grpc.StatusRuntimeException: UNAVAILABLE: io exception
2019-10-11 17:18:49,945 [grpc-default-executor-10] INFO  impl.FollowerInfo (FollowerInfo.java:lambda$new$0(51)) - 1881e1b1-a416-4676-83ce-8113df23a0f6@group-DDEF9B313DA8->118cdbac-715f-4342-82a9-f07e763fc80a: nextIndex: updateUnconditionally 15 -> 14
2019-10-11 17:18:49,947 [grpc-default-executor-8] WARN  server.GrpcLogAppender (LogUtils.java:warn(134)) - 1881e1b1-a416-4676-83ce-8113df23a0f6@group-DDEF9B313DA8->8e4ae056-a4b6-46d1-8c8d-fadd47bf60fd-AppendLogResponseHandler: Failed appendEntries: org.apache.ratis.thirdparty.io.grpc.StatusRuntimeException: UNAVAILABLE: io exception
2019-10-11 17:18:49,947 [grpc-default-executor-8] INFO  impl.FollowerInfo (FollowerInfo.java:lambda$new$0(51)) - 1881e1b1-a416-4676-83ce-8113df23a0f6@group-DDEF9B313DA8->8e4ae056-a4b6-46d1-8c8d-fadd47bf60fd: nextIndex: updateUnconditionally 18 -> 17
2019-10-11 17:18:52,449 [grpc-default-executor-10] WARN  server.GrpcLogAppender (LogUtils.java:warn(134)) - 1881e1b1-a416-4676-83ce-8113df23a0f6@group-DDEF9B313DA8->8e4ae056-a4b6-46d1-8c8d-fadd47bf60fd-AppendLogResponseHandler: Failed appendEntries: org.apache.ratis.thirdparty.io.grpc.StatusRuntimeException: UNAVAILABLE: io exception
2019-10-11 17:18:52,449 [grpc-default-executor-8] WARN  server.GrpcLogAppender (LogUtils.java:warn(134)) - 1881e1b1-a416-4676-83ce-8113df23a0f6@group-DDEF9B313DA8->118cdbac-715f-4342-82a9-f07e763fc80a-AppendLogResponseHandler: Failed appendEntries: org.apache.ratis.thirdparty.io.grpc.StatusRuntimeException: UNAVAILABLE: io exception
2019-10-11 17:18:52,451 [grpc-default-executor-10] INFO  impl.FollowerInfo (FollowerInfo.java:lambda$new$0(51)) - 1881e1b1-a416-4676-83ce-8113df23a0f6@group-DDEF9B313DA8->8e4ae056-a4b6-46d1-8c8d-fadd47bf60fd: nextIndex: updateUnconditionally 17 -> 16
2019-10-11 17:18:52,451 [grpc-default-executor-8] INFO  impl.FollowerInfo (FollowerInfo.java:lambda$new$0(51)) - 1881e1b1-a416-4676-83ce-8113df23a0f6@group-DDEF9B313DA8->118cdbac-715f-4342-82a9-f07e763fc80a: nextIndex: updateUnconditionally 14 -> 13
2019-10-11 17:18:53,085 [EventQueue-StaleNodeForStaleNodeHandler] INFO  node.StaleNodeHandler (StaleNodeHandler.java:onMessage(58)) - Datanode 1881e1b1-a416-4676-83ce-8113df23a0f6{ip: 192.168.164.206, host: pr-hdds-2181-ktj56-3106680801, networkLocation: /default-rack, certSerialId: null} moved to stale state. Finalizing its pipelines [PipelineID=d23b197b-342b-4823-a871-0eb283e0d32f, PipelineID=b2a16f51-f87f-4a93-8b91-ddef9b313da8]
2019-10-11 17:18:53,086 [EventQueue-StaleNodeForStaleNodeHandler] INFO  pipeline.SCMPipelineManager (SCMPipelineManager.java:finalizeAndDestroyPipeline(315)) - destroying pipeline:Pipeline[ Id: d23b197b-342b-4823-a871-0eb283e0d32f, Nodes: 1881e1b1-a416-4676-83ce-8113df23a0f6{ip: 192.168.164.206, host: pr-hdds-2181-ktj56-3106680801, networkLocation: /default-rack, certSerialId: null}, Type:RATIS, Factor:ONE, State:OPEN]
2019-10-11 17:18:53,087 [EventQueue-StaleNodeForStaleNodeHandler] INFO  pipeline.PipelineStateManager (PipelineStateManager.java:finalizePipeline(123)) - Pipeline Pipeline[ Id: d23b197b-342b-4823-a871-0eb283e0d32f, Nodes: 1881e1b1-a416-4676-83ce-8113df23a0f6{ip: 192.168.164.206, host: pr-hdds-2181-ktj56-3106680801, networkLocation: /default-rack, certSerialId: null}, Type:RATIS, Factor:ONE, State:CLOSED] moved to CLOSED state
2019-10-11 17:18:53,087 [EventQueue-StaleNodeForStaleNodeHandler] INFO  pipeline.SCMPipelineManager (SCMPipelineManager.java:finalizeAndDestroyPipeline(315)) - destroying pipeline:Pipeline[ Id: b2a16f51-f87f-4a93-8b91-ddef9b313da8, Nodes: 1881e1b1-a416-4676-83ce-8113df23a0f6{ip: 192.168.164.206, host: pr-hdds-2181-ktj56-3106680801, networkLocation: /default-rack, certSerialId: null}8e4ae056-a4b6-46d1-8c8d-fadd47bf60fd{ip: 192.168.164.206, host: pr-hdds-2181-ktj56-3106680801, networkLocation: /default-rack, certSerialId: null}118cdbac-715f-4342-82a9-f07e763fc80a{ip: 192.168.164.206, host: pr-hdds-2181-ktj56-3106680801, networkLocation: /default-rack, certSerialId: null}, Type:RATIS, Factor:THREE, State:CLOSED]
2019-10-11 17:18:53,088 [EventQueue-StaleNodeForStaleNodeHandler] INFO  node.StaleNodeHandler (StaleNodeHandler.java:onMessage(58)) - Datanode 5e4a16ac-6e7c-4322-b3ce-dc4822ac959d{ip: 192.168.164.206, host: pr-hdds-2181-ktj56-3106680801, networkLocation: /default-rack, certSerialId: null} moved to stale state. Finalizing its pipelines [PipelineID=04e925b5-d0d8-4495-b2ff-dea813e49d95]
2019-10-11 17:18:53,088 [EventQueue-StaleNodeForStaleNodeHandler] INFO  pipeline.SCMPipelineManager (SCMPipelineManager.java:finalizeAndDestroyPipeline(315)) - destroying pipeline:Pipeline[ Id: 04e925b5-d0d8-4495-b2ff-dea813e49d95, Nodes: 5e4a16ac-6e7c-4322-b3ce-dc4822ac959d{ip: 192.168.164.206, host: pr-hdds-2181-ktj56-3106680801, networkLocation: /default-rack, certSerialId: null}, Type:RATIS, Factor:ONE, State:OPEN]
2019-10-11 17:18:53,088 [EventQueue-StaleNodeForStaleNodeHandler] INFO  pipeline.PipelineStateManager (PipelineStateManager.java:finalizePipeline(123)) - Pipeline Pipeline[ Id: 04e925b5-d0d8-4495-b2ff-dea813e49d95, Nodes: 5e4a16ac-6e7c-4322-b3ce-dc4822ac959d{ip: 192.168.164.206, host: pr-hdds-2181-ktj56-3106680801, networkLocation: /default-rack, certSerialId: null}, Type:RATIS, Factor:ONE, State:CLOSED] moved to CLOSED state
2019-10-11 17:18:53,587 [main] INFO  ozoneimpl.OzoneContainer (OzoneContainer.java:stop(227)) - Attempting to stop container services.
2019-10-11 17:18:53,587 [ForkJoinPool.commonPool-worker-0] INFO  ozoneimpl.OzoneContainer (OzoneContainer.java:stop(227)) - Attempting to stop container services.
2019-10-11 17:18:53,595 [main] INFO  impl.RaftServerProxy (RaftServerProxy.java:lambda$close$4(314)) - 5e4a16ac-6e7c-4322-b3ce-dc4822ac959d: close
2019-10-11 17:18:53,595 [ForkJoinPool.commonPool-worker-0] INFO  impl.RaftServerProxy (RaftServerProxy.java:lambda$close$4(314)) - 1881e1b1-a416-4676-83ce-8113df23a0f6: close
2019-10-11 17:18:53,596 [main] INFO  impl.RaftServerImpl (RaftServerImpl.java:lambda$shutdown$3(247)) - 5e4a16ac-6e7c-4322-b3ce-dc4822ac959d@group-DEA813E49D95: shutdown
2019-10-11 17:18:53,596 [ForkJoinPool.commonPool-worker-0] INFO  impl.RaftServerImpl (RaftServerImpl.java:lambda$shutdown$3(247)) - 1881e1b1-a416-4676-83ce-8113df23a0f6@group-0EB283E0D32F: shutdown
2019-10-11 17:18:53,596 [main] INFO  util.JmxRegister (JmxRegister.java:unregister(73)) - Successfully un-registered JMX Bean with object name Ratis:service=RaftServer,group=group-DEA813E49D95,id=5e4a16ac-6e7c-4322-b3ce-dc4822ac959d
2019-10-11 17:18:53,596 [ForkJoinPool.commonPool-worker-0] INFO  util.JmxRegister (JmxRegister.java:unregister(73)) - Successfully un-registered JMX Bean with object name Ratis:service=RaftServer,group=group-0EB283E0D32F,id=1881e1b1-a416-4676-83ce-8113df23a0f6
2019-10-11 17:18:53,597 [main] INFO  impl.RoleInfo (RoleInfo.java:shutdownLeaderState(104)) - 5e4a16ac-6e7c-4322-b3ce-dc4822ac959d: shutdown LeaderState
2019-10-11 17:18:53,597 [ForkJoinPool.commonPool-worker-0] INFO  impl.RoleInfo (RoleInfo.java:shutdownLeaderState(104)) - 1881e1b1-a416-4676-83ce-8113df23a0f6: shutdown LeaderState
2019-10-11 17:18:53,598 [main] INFO  impl.PendingRequests (PendingRequests.java:sendNotLeaderResponses(202)) - 5e4a16ac-6e7c-4322-b3ce-dc4822ac959d@group-DEA813E49D95-PendingRequests: sendNotLeaderResponses
2019-10-11 17:18:53,598 [ForkJoinPool.commonPool-worker-0] INFO  impl.PendingRequests (PendingRequests.java:sendNotLeaderResponses(202)) - 1881e1b1-a416-4676-83ce-8113df23a0f6@group-0EB283E0D32F-PendingRequests: sendNotLeaderResponses
2019-10-11 17:18:53,599 [main] INFO  impl.StateMachineUpdater (StateMachineUpdater.java:stopAndJoin(136)) - 5e4a16ac-6e7c-4322-b3ce-dc4822ac959d@group-DEA813E49D95-StateMachineUpdater: set stopIndex = 0
2019-10-11 17:18:53,599 [ForkJoinPool.commonPool-worker-0] INFO  impl.StateMachineUpdater (StateMachineUpdater.java:stopAndJoin(136)) - 1881e1b1-a416-4676-83ce-8113df23a0f6@group-0EB283E0D32F-StateMachineUpdater: set stopIndex = 0
2019-10-11 17:18:53,600 [main] INFO  impl.RaftServerImpl (ServerState.java:close(387)) - 5e4a16ac-6e7c-4322-b3ce-dc4822ac959d@group-DEA813E49D95: closes. applyIndex: 0
2019-10-11 17:18:53,600 [ForkJoinPool.commonPool-worker-0] INFO  impl.RaftServerImpl (ServerState.java:close(387)) - 1881e1b1-a416-4676-83ce-8113df23a0f6@group-0EB283E0D32F: closes. applyIndex: 0
2019-10-11 17:18:53,601 [1881e1b1-a416-4676-83ce-8113df23a0f6@group-0EB283E0D32F-SegmentedRaftLogWorker] INFO  segmented.SegmentedRaftLogWorker (SegmentedRaftLogWorker.java:run(316)) - 1881e1b1-a416-4676-83ce-8113df23a0f6@group-0EB283E0D32F-SegmentedRaftLogWorker was interrupted, exiting. There are 0 tasks remaining in the queue.
2019-10-11 17:18:53,601 [5e4a16ac-6e7c-4322-b3ce-dc4822ac959d@group-DEA813E49D95-SegmentedRaftLogWorker] INFO  segmented.SegmentedRaftLogWorker (SegmentedRaftLogWorker.java:run(316)) - 5e4a16ac-6e7c-4322-b3ce-dc4822ac959d@group-DEA813E49D95-SegmentedRaftLogWorker was interrupted, exiting. There are 0 tasks remaining in the queue.
2019-10-11 17:18:53,601 [main] INFO  segmented.SegmentedRaftLogWorker (SegmentedRaftLogWorker.java:close(224)) - 5e4a16ac-6e7c-4322-b3ce-dc4822ac959d@group-DEA813E49D95-SegmentedRaftLogWorker close()
2019-10-11 17:18:53,601 [ForkJoinPool.commonPool-worker-0] INFO  segmented.SegmentedRaftLogWorker (SegmentedRaftLogWorker.java:close(224)) - 1881e1b1-a416-4676-83ce-8113df23a0f6@group-0EB283E0D32F-SegmentedRaftLogWorker close()
2019-10-11 17:18:53,604 [main] INFO  server.GrpcService (GrpcService.java:closeImpl(164)) - 5e4a16ac-6e7c-4322-b3ce-dc4822ac959d: shutdown server with port 34114 now
2019-10-11 17:18:53,606 [ForkJoinPool.commonPool-worker-0] INFO  impl.RaftServerImpl (RaftServerImpl.java:lambda$shutdown$3(247)) - 1881e1b1-a416-4676-83ce-8113df23a0f6@group-DDEF9B313DA8: shutdown
2019-10-11 17:18:53,606 [ForkJoinPool.commonPool-worker-0] INFO  util.JmxRegister (JmxRegister.java:unregister(73)) - Successfully un-registered JMX Bean with object name Ratis:service=RaftServer,group=group-DDEF9B313DA8,id=1881e1b1-a416-4676-83ce-8113df23a0f6
2019-10-11 17:18:53,607 [main] INFO  server.GrpcService (GrpcService.java:closeImpl(172)) - 5e4a16ac-6e7c-4322-b3ce-dc4822ac959d: shutdown server with port 34114 successfully
2019-10-11 17:18:53,607 [ForkJoinPool.commonPool-worker-0] INFO  impl.RoleInfo (RoleInfo.java:shutdownLeaderState(104)) - 1881e1b1-a416-4676-83ce-8113df23a0f6: shutdown LeaderState
2019-10-11 17:18:53,609 [org.apache.ratis.server.impl.LogAppender$AppenderDaemon$$Lambda$525/417633151@7969362d] WARN  server.GrpcLogAppender (GrpcLogAppender.java:mayWait(143)) - 1881e1b1-a416-4676-83ce-8113df23a0f6@group-DDEF9B313DA8->118cdbac-715f-4342-82a9-f07e763fc80a-GrpcLogAppender: Wait interrupted by java.lang.InterruptedException
2019-10-11 17:18:53,612 [ForkJoinPool.commonPool-worker-0] INFO  impl.PendingRequests (PendingRequests.java:sendNotLeaderResponses(202)) - 1881e1b1-a416-4676-83ce-8113df23a0f6@group-DDEF9B313DA8-PendingRequests: sendNotLeaderResponses
2019-10-11 17:18:53,612 [org.apache.ratis.server.impl.LogAppender$AppenderDaemon$$Lambda$525/417633151@51777bc0] WARN  server.GrpcLogAppender (GrpcLogAppender.java:mayWait(143)) - 1881e1b1-a416-4676-83ce-8113df23a0f6@group-DDEF9B313DA8->8e4ae056-a4b6-46d1-8c8d-fadd47bf60fd-GrpcLogAppender: Wait interrupted by java.lang.InterruptedException
2019-10-11 17:18:53,618 [ForkJoinPool.commonPool-worker-0] INFO  impl.StateMachineUpdater (StateMachineUpdater.java:stopAndJoin(136)) - 1881e1b1-a416-4676-83ce-8113df23a0f6@group-DDEF9B313DA8-StateMachineUpdater: set stopIndex = 18
2019-10-11 17:18:53,619 [1881e1b1-a416-4676-83ce-8113df23a0f6@group-DDEF9B313DA8-StateMachineUpdater] INFO  ratis.ContainerStateMachine (ContainerStateMachine.java:takeSnapshot(294)) - group-DDEF9B313DA8: Taking a snapshot at:(t:2, i:18) file /workdir/hadoop-ozone/integration-test/target/test-dir/MiniOzoneClusterImpl-b2ca8923-5dad-44ba-bd4a-93447b410621/datanode-6/data/ratis/b2a16f51-f87f-4a93-8b91-ddef9b313da8/sm/snapshot.2_18
2019-10-11 17:18:53,622 [refreshUsed-/workdir/hadoop-ozone/integration-test/target/test-dir/MiniOzoneClusterImpl-b2ca8923-5dad-44ba-bd4a-93447b410621/datanode-5/data/containers] WARN  fs.CachingGetSpaceUsed (CachingGetSpaceUsed.java:run(183)) - Thread Interrupted waiting to refresh disk information: sleep interrupted
2019-10-11 17:18:53,640 [main] INFO  utils.BackgroundService (BackgroundService.java:shutdown(151)) - Shutting down service BlockDeletingService
2019-10-11 17:18:53,645 [1881e1b1-a416-4676-83ce-8113df23a0f6@group-DDEF9B313DA8-StateMachineUpdater] INFO  ratis.ContainerStateMachine (ContainerStateMachine.java:takeSnapshot(305)) - group-DDEF9B313DA8: Finished taking a snapshot at:(t:2, i:18) file:/workdir/hadoop-ozone/integration-test/target/test-dir/MiniOzoneClusterImpl-b2ca8923-5dad-44ba-bd4a-93447b410621/datanode-6/data/ratis/b2a16f51-f87f-4a93-8b91-ddef9b313da8/sm/snapshot.2_18 time:25
2019-10-11 17:18:53,647 [main] INFO  statemachine.DatanodeStateMachine (DatanodeStateMachine.java:stopDaemon(395)) - Ozone container server stopped.
2019-10-11 17:18:53,647 [1881e1b1-a416-4676-83ce-8113df23a0f6@group-DDEF9B313DA8-StateMachineUpdater] INFO  impl.StateMachineUpdater (StateMachineUpdater.java:takeSnapshot(269)) - 1881e1b1-a416-4676-83ce-8113df23a0f6@group-DDEF9B313DA8-StateMachineUpdater: Took a snapshot at index 18
2019-10-11 17:18:53,648 [1881e1b1-a416-4676-83ce-8113df23a0f6@group-DDEF9B313DA8-StateMachineUpdater] INFO  impl.StateMachineUpdater (StateMachineUpdater.java:lambda$new$0(84)) - 1881e1b1-a416-4676-83ce-8113df23a0f6@group-DDEF9B313DA8-StateMachineUpdater: snapshotIndex: updateIncreasingly -1 -> 18
2019-10-11 17:18:53,648 [ForkJoinPool.commonPool-worker-0] INFO  impl.RaftServerImpl (ServerState.java:close(387)) - 1881e1b1-a416-4676-83ce-8113df23a0f6@group-DDEF9B313DA8: closes. applyIndex: 18
2019-10-11 17:18:53,649 [1881e1b1-a416-4676-83ce-8113df23a0f6@group-DDEF9B313DA8-SegmentedRaftLogWorker] INFO  segmented.SegmentedRaftLogWorker (SegmentedRaftLogWorker.java:run(316)) - 1881e1b1-a416-4676-83ce-8113df23a0f6@group-DDEF9B313DA8-SegmentedRaftLogWorker was interrupted, exiting. There are 0 tasks remaining in the queue.
2019-10-11 17:18:53,649 [ForkJoinPool.commonPool-worker-0] INFO  segmented.SegmentedRaftLogWorker (SegmentedRaftLogWorker.java:close(224)) - 1881e1b1-a416-4676-83ce-8113df23a0f6@group-DDEF9B313DA8-SegmentedRaftLogWorker close()
2019-10-11 17:18:53,651 [ForkJoinPool.commonPool-worker-0] INFO  server.GrpcService (GrpcService.java:closeImpl(164)) - 1881e1b1-a416-4676-83ce-8113df23a0f6: shutdown server with port 33411 now
2019-10-11 17:18:53,652 [grpc-default-executor-10] WARN  client.GrpcClientProtocolService (LogUtils.java:warn(134)) - 1-UnorderedRequestStreamObserver1: onError: org.apache.ratis.thirdparty.io.grpc.StatusRuntimeException: CANCELLED: cancelled before receiving half close
2019-10-11 17:18:53,652 [ForkJoinPool.commonPool-worker-0] INFO  server.GrpcService (GrpcService.java:closeImpl(172)) - 1881e1b1-a416-4676-83ce-8113df23a0f6: shutdown server with port 33411 successfully
2019-10-11 17:18:53,657 [refreshUsed-/workdir/hadoop-ozone/integration-test/target/test-dir/MiniOzoneClusterImpl-b2ca8923-5dad-44ba-bd4a-93447b410621/datanode-6/data/containers] WARN  fs.CachingGetSpaceUsed (CachingGetSpaceUsed.java:run(183)) - Thread Interrupted waiting to refresh disk information: sleep interrupted
2019-10-11 17:18:53,662 [main] INFO  handler.ContextHandler (ContextHandler.java:doStop(910)) - Stopped o.e.j.w.WebAppContext@7cf8f45a{/,null,UNAVAILABLE}{/hddsDatanode}
2019-10-11 17:18:53,663 [main] INFO  server.AbstractConnector (AbstractConnector.java:doStop(318)) - Stopped ServerConnector@62cf6a84{HTTP/1.1,[http/1.1]}{0.0.0.0:0}
2019-10-11 17:18:53,664 [main] INFO  handler.ContextHandler (ContextHandler.java:doStop(910)) - Stopped o.e.j.s.ServletContextHandler@7faa0680{/static,jar:file:/home/user/.m2/repository/org/apache/hadoop/hadoop-hdds-container-service/0.5.0-SNAPSHOT/hadoop-hdds-container-service-0.5.0-SNAPSHOT.jar!/webapps/static,UNAVAILABLE}
2019-10-11 17:18:53,664 [main] INFO  handler.ContextHandler (ContextHandler.java:doStop(910)) - Stopped o.e.j.s.ServletContextHandler@72af90e8{/logs,file:///workdir/hadoop-ozone/integration-test/target/log,UNAVAILABLE}
2019-10-11 17:18:53,673 [ForkJoinPool.commonPool-worker-0] INFO  utils.BackgroundService (BackgroundService.java:shutdown(151)) - Shutting down service BlockDeletingService
2019-10-11 17:18:53,676 [ForkJoinPool.commonPool-worker-0] INFO  statemachine.DatanodeStateMachine (DatanodeStateMachine.java:stopDaemon(395)) - Ozone container server stopped.
2019-10-11 17:18:53,680 [ForkJoinPool.commonPool-worker-0] INFO  handler.ContextHandler (ContextHandler.java:doStop(910)) - Stopped o.e.j.w.WebAppContext@3a3883c4{/,null,UNAVAILABLE}{/hddsDatanode}
2019-10-11 17:18:53,682 [ForkJoinPool.commonPool-worker-0] INFO  server.AbstractConnector (AbstractConnector.java:doStop(318)) - Stopped ServerConnector@1537e43{HTTP/1.1,[http/1.1]}{0.0.0.0:0}
2019-10-11 17:18:53,692 [ForkJoinPool.commonPool-worker-0] INFO  handler.ContextHandler (ContextHandler.java:doStop(910)) - Stopped o.e.j.s.ServletContextHandler@2c47a053{/static,jar:file:/home/user/.m2/repository/org/apache/hadoop/hadoop-hdds-container-service/0.5.0-SNAPSHOT/hadoop-hdds-container-service-0.5.0-SNAPSHOT.jar!/webapps/static,UNAVAILABLE}
2019-10-11 17:18:53,692 [ForkJoinPool.commonPool-worker-0] INFO  handler.ContextHandler (ContextHandler.java:doStop(910)) - Stopped o.e.j.s.ServletContextHandler@70fede7d{/logs,file:///workdir/hadoop-ozone/integration-test/target/log,UNAVAILABLE}
2019-10-11 17:18:53,693 [main] INFO  ozone.MiniOzoneClusterImpl (MiniOzoneClusterImpl.java:stopSCM(392)) - Stopping the StorageContainerManager
2019-10-11 17:18:53,693 [main] INFO  server.StorageContainerManager (StorageContainerManager.java:stop(810)) - Stopping Replication Manager Service.
2019-10-11 17:18:53,693 [main] INFO  container.ReplicationManager (ReplicationManager.java:stop(203)) - Stopping Replication Monitor Thread.
2019-10-11 17:18:53,694 [main] INFO  server.StorageContainerManager (StorageContainerManager.java:stop(817)) - Stopping Lease Manager of the command watchers
2019-10-11 17:18:53,694 [main] INFO  server.StorageContainerManager (StorageContainerManager.java:stop(824)) - Stopping datanode service RPC server
2019-10-11 17:18:53,694 [main] INFO  server.SCMDatanodeProtocolServer (SCMDatanodeProtocolServer.java:stop(346)) - Stopping the RPC server for DataNodes
2019-10-11 17:18:53,694 [main] INFO  ipc.Server (Server.java:stop(3082)) - Stopping server on 46670
2019-10-11 17:18:53,697 [IPC Server listener on 46670] INFO  ipc.Server (Server.java:run(1185)) - Stopping IPC Server listener on 46670
2019-10-11 17:18:53,697 [IPC Server Responder] INFO  ipc.Server (Server.java:run(1319)) - Stopping IPC Server Responder
2019-10-11 17:18:53,793 [SCM Heartbeat Processing Thread - 0] WARN  node.NodeStateManager (NodeStateManager.java:scheduleNextHealthCheck(646)) - Current Thread is interrupted, shutting down HB processing thread for Node Manager.
2019-10-11 17:18:53,794 [main] INFO  server.StorageContainerManager (StorageContainerManager.java:stop(832)) - Stopping block service RPC server
2019-10-11 17:18:53,794 [main] INFO  server.SCMBlockProtocolServer (SCMBlockProtocolServer.java:stop(155)) - Stopping the RPC server for Block Protocol
2019-10-11 17:18:53,794 [main] INFO  ipc.Server (Server.java:stop(3082)) - Stopping server on 37471
2019-10-11 17:18:53,798 [IPC Server listener on 37471] INFO  ipc.Server (Server.java:run(1185)) - Stopping IPC Server listener on 37471
2019-10-11 17:18:53,799 [IPC Server Responder] INFO  ipc.Server (Server.java:run(1319)) - Stopping IPC Server Responder
2019-10-11 17:18:53,798 [main] INFO  server.StorageContainerManager (StorageContainerManager.java:stop(839)) - Stopping the StorageContainerLocationProtocol RPC server
2019-10-11 17:18:53,800 [main] INFO  server.SCMClientProtocolServer (SCMClientProtocolServer.java:stop(168)) - Stopping the RPC server for Client Protocol
2019-10-11 17:18:53,801 [main] INFO  ipc.Server (Server.java:stop(3082)) - Stopping server on 38743
2019-10-11 17:18:53,803 [IPC Server listener on 38743] INFO  ipc.Server (Server.java:run(1185)) - Stopping IPC Server listener on 38743
2019-10-11 17:18:53,803 [main] INFO  server.StorageContainerManager (StorageContainerManager.java:stop(846)) - Stopping Storage Container Manager HTTP server.
2019-10-11 17:18:53,804 [IPC Server Responder] INFO  ipc.Server (Server.java:run(1319)) - Stopping IPC Server Responder
2019-10-11 17:18:53,806 [main] INFO  handler.ContextHandler (ContextHandler.java:doStop(910)) - Stopped o.e.j.w.WebAppContext@6889f56f{/,null,UNAVAILABLE}{/scm}
2019-10-11 17:18:53,806 [main] INFO  server.AbstractConnector (AbstractConnector.java:doStop(318)) - Stopped ServerConnector@231b35fb{HTTP/1.1,[http/1.1]}{0.0.0.0:0}
2019-10-11 17:18:53,807 [main] INFO  handler.ContextHandler (ContextHandler.java:doStop(910)) - Stopped o.e.j.s.ServletContextHandler@687389a6{/static,file:///workdir/hadoop-ozone/integration-test/target/test-classes/webapps/static,UNAVAILABLE}
2019-10-11 17:18:53,807 [main] INFO  handler.ContextHandler (ContextHandler.java:doStop(910)) - Stopped o.e.j.s.ServletContextHandler@675b18ff{/logs,file:///workdir/hadoop-ozone/integration-test/target/log,UNAVAILABLE}
2019-10-11 17:18:53,808 [main] INFO  server.StorageContainerManager (StorageContainerManager.java:stop(857)) - Stopping Block Manager Service.
2019-10-11 17:18:53,809 [main] INFO  utils.BackgroundService (BackgroundService.java:shutdown(151)) - Shutting down service SCMBlockDeletingService
2019-10-11 17:18:53,809 [main] INFO  utils.BackgroundService (BackgroundService.java:shutdown(151)) - Shutting down service SCMBlockDeletingService
2019-10-11 17:18:53,809 [main] INFO  server.StorageContainerManager (StorageContainerManager.java:stop(879)) - Stopping SCM Event Queue.
2019-10-11 17:18:53,815 [main] INFO  impl.MetricsSystemImpl (MetricsSystemImpl.java:stop(210)) - Stopping HddsDatanode metrics system...
2019-10-11 17:18:53,852 [main] INFO  impl.MetricsSystemImpl (MetricsSystemImpl.java:stop(216)) - HddsDatanode metrics system stopped.
]]></system-out>
    <system-err><![CDATA[Oct 11, 2019 5:18:43 PM org.apache.ratis.thirdparty.io.grpc.internal.SerializingExecutor run
SEVERE: Exception while executing runnable org.apache.ratis.thirdparty.io.grpc.internal.ServerImpl$JumpToApplicationThreadServerStreamListener$1Closed@2023880f
org.apache.ratis.thirdparty.io.grpc.StatusRuntimeException: CANCELLED: call already cancelled
	at org.apache.ratis.thirdparty.io.grpc.Status.asRuntimeException(Status.java:517)
	at org.apache.ratis.thirdparty.io.grpc.stub.ServerCalls$ServerCallStreamObserverImpl.onCompleted(ServerCalls.java:356)
	at org.apache.ratis.grpc.server.GrpcServerProtocolService$ServerRequestStreamObserver.onError(GrpcServerProtocolService.java:121)
	at org.apache.ratis.thirdparty.io.grpc.stub.ServerCalls$StreamingServerCallHandler$StreamingServerCallListener.onCancel(ServerCalls.java:269)
	at org.apache.ratis.thirdparty.io.grpc.internal.ServerCallImpl$ServerStreamListenerImpl.closed(ServerCallImpl.java:293)
	at org.apache.ratis.thirdparty.io.grpc.internal.ServerImpl$JumpToApplicationThreadServerStreamListener$1Closed.runInContext(ServerImpl.java:741)
	at org.apache.ratis.thirdparty.io.grpc.internal.ContextRunnable.run(ContextRunnable.java:37)
	at org.apache.ratis.thirdparty.io.grpc.internal.SerializingExecutor.run(SerializingExecutor.java:123)
	at java.util.concurrent.ThreadPoolExecutor.runWorker(ThreadPoolExecutor.java:1149)
	at java.util.concurrent.ThreadPoolExecutor$Worker.run(ThreadPoolExecutor.java:624)
	at java.lang.Thread.run(Thread.java:748)

Oct 11, 2019 5:18:48 PM org.apache.ratis.thirdparty.io.grpc.internal.SerializingExecutor run
SEVERE: Exception while executing runnable org.apache.ratis.thirdparty.io.grpc.internal.ServerImpl$JumpToApplicationThreadServerStreamListener$1Closed@16f375ca
org.apache.ratis.thirdparty.io.grpc.StatusRuntimeException: CANCELLED: call already cancelled
	at org.apache.ratis.thirdparty.io.grpc.Status.asRuntimeException(Status.java:517)
	at org.apache.ratis.thirdparty.io.grpc.stub.ServerCalls$ServerCallStreamObserverImpl.onCompleted(ServerCalls.java:356)
	at org.apache.ratis.grpc.server.GrpcServerProtocolService$ServerRequestStreamObserver.onError(GrpcServerProtocolService.java:121)
	at org.apache.ratis.thirdparty.io.grpc.stub.ServerCalls$StreamingServerCallHandler$StreamingServerCallListener.onCancel(ServerCalls.java:269)
	at org.apache.ratis.thirdparty.io.grpc.internal.ServerCallImpl$ServerStreamListenerImpl.closed(ServerCallImpl.java:293)
	at org.apache.ratis.thirdparty.io.grpc.internal.ServerImpl$JumpToApplicationThreadServerStreamListener$1Closed.runInContext(ServerImpl.java:741)
	at org.apache.ratis.thirdparty.io.grpc.internal.ContextRunnable.run(ContextRunnable.java:37)
	at org.apache.ratis.thirdparty.io.grpc.internal.SerializingExecutor.run(SerializingExecutor.java:123)
	at java.util.concurrent.ThreadPoolExecutor.runWorker(ThreadPoolExecutor.java:1149)
	at java.util.concurrent.ThreadPoolExecutor$Worker.run(ThreadPoolExecutor.java:624)
	at java.lang.Thread.run(Thread.java:748)

]]></system-err>
  </testcase>
  <testcase name="testFailureWithPrimeSizedData" classname="org.apache.hadoop.ozone.client.rpc.TestBlockOutputStreamWithFailures" time="36.655"/>
  <testcase name="testWatchForCommitWithCloseContainerException" classname="org.apache.hadoop.ozone.client.rpc.TestBlockOutputStreamWithFailures" time="41.96"/>
  <testcase name="testExceptionDuringClose" classname="org.apache.hadoop.ozone.client.rpc.TestBlockOutputStreamWithFailures" time="36.553"/>
</testsuite>