<?xml version="1.0" encoding="UTF-8"?>
<testsuite xmlns:xsi="http://www.w3.org/2001/XMLSchema-instance" xsi:noNamespaceSchemaLocation="https://maven.apache.org/surefire/maven-surefire-plugin/xsd/surefire-test-report.xsd" name="org.apache.hadoop.ozone.client.rpc.TestWatchForCommit" time="231.226" tests="5" errors="1" skipped="0" failures="1">
  <properties>
    <property name="awt.toolkit" value="sun.awt.X11.XToolkit"/>
    <property name="file.encoding.pkg" value="sun.io"/>
    <property name="java.specification.version" value="1.8"/>
    <property name="sun.cpu.isalist" value=""/>
    <property name="sun.jnu.encoding" value="UTF-8"/>
    <property name="java.class.path" value="/workdir/hadoop-ozone/integration-test/target/test-classes:/workdir/hadoop-ozone/integration-test/target/classes:/home/user/.m2/repository/org/apache/hadoop/hadoop-ozone-common/0.5.0-SNAPSHOT/hadoop-ozone-common-0.5.0-SNAPSHOT.jar:/home/user/.m2/repository/org/apache/commons/commons-compress/1.4.1/commons-compress-1.4.1.jar:/home/user/.m2/repository/org/tukaani/xz/1.0/xz-1.0.jar:/home/user/.m2/repository/org/apache/hadoop/hadoop-common/3.2.0/hadoop-common-3.2.0.jar:/home/user/.m2/repository/org/apache/hadoop/hadoop-hdfs/3.2.0/hadoop-hdfs-3.2.0.jar:/home/user/.m2/repository/org/apache/hadoop/hadoop-hdfs-client/3.2.0/hadoop-hdfs-client-3.2.0.jar:/home/user/.m2/repository/com/fasterxml/jackson/core/jackson-annotations/2.9.9/jackson-annotations-2.9.9.jar:/home/user/.m2/repository/org/apache/hadoop/hadoop-hdds-common/0.5.0-SNAPSHOT/hadoop-hdds-common-0.5.0-SNAPSHOT.jar:/home/user/.m2/repository/javax/annotation/javax.annotation-api/1.2/javax.annotation-api-1.2.jar:/home/user/.m2/repository/org/apache/ratis/ratis-server/0.5.0-201fc85-SNAPSHOT/ratis-server-0.5.0-201fc85-SNAPSHOT.jar:/home/user/.m2/repository/org/apache/ratis/ratis-thirdparty-misc/0.2.0/ratis-thirdparty-misc-0.2.0.jar:/home/user/.m2/repository/org/apache/ratis/ratis-proto/0.5.0-201fc85-SNAPSHOT/ratis-proto-0.5.0-201fc85-SNAPSHOT.jar:/home/user/.m2/repository/org/apache/ratis/ratis-common/0.5.0-201fc85-SNAPSHOT/ratis-common-0.5.0-201fc85-SNAPSHOT.jar:/home/user/.m2/repository/org/apache/ratis/ratis-client/0.5.0-201fc85-SNAPSHOT/ratis-client-0.5.0-201fc85-SNAPSHOT.jar:/home/user/.m2/repository/org/apache/ratis/ratis-metrics/0.5.0-201fc85-SNAPSHOT/ratis-metrics-0.5.0-201fc85-SNAPSHOT.jar:/home/user/.m2/repository/com/github/joshelser/dropwizard-metrics-hadoop-metrics2-reporter/0.1.2/dropwizard-metrics-hadoop-metrics2-reporter-0.1.2.jar:/home/user/.m2/repository/io/dropwizard/metrics/metrics-jvm/3.2.5/metrics-jvm-3.2.5.jar:/home/user/.m2/repository/io/dropwizard/metrics/metrics-ganglia/3.2.5/metrics-ganglia-3.2.5.jar:/home/user/.m2/repository/info/ganglia/gmetric4j/gmetric4j/1.0.7/gmetric4j-1.0.7.jar:/home/user/.m2/repository/org/apache/ratis/ratis-netty/0.5.0-201fc85-SNAPSHOT/ratis-netty-0.5.0-201fc85-SNAPSHOT.jar:/home/user/.m2/repository/org/apache/ratis/ratis-grpc/0.5.0-201fc85-SNAPSHOT/ratis-grpc-0.5.0-201fc85-SNAPSHOT.jar:/home/user/.m2/repository/org/rocksdb/rocksdbjni/6.0.1/rocksdbjni-6.0.1.jar:/home/user/.m2/repository/org/apache/logging/log4j/log4j-api/2.11.0/log4j-api-2.11.0.jar:/home/user/.m2/repository/org/apache/logging/log4j/log4j-core/2.11.0/log4j-core-2.11.0.jar:/home/user/.m2/repository/com/lmax/disruptor/3.4.2/disruptor-3.4.2.jar:/home/user/.m2/repository/org/apache/commons/commons-pool2/2.6.0/commons-pool2-2.6.0.jar:/home/user/.m2/repository/org/bouncycastle/bcpkix-jdk15on/1.60/bcpkix-jdk15on-1.60.jar:/home/user/.m2/repository/commons-validator/commons-validator/1.6/commons-validator-1.6.jar:/home/user/.m2/repository/commons-digester/commons-digester/1.8.1/commons-digester-1.8.1.jar:/home/user/.m2/repository/io/jaegertracing/jaeger-client/0.34.0/jaeger-client-0.34.0.jar:/home/user/.m2/repository/io/jaegertracing/jaeger-thrift/0.34.0/jaeger-thrift-0.34.0.jar:/home/user/.m2/repository/org/apache/thrift/libthrift/0.12.0/libthrift-0.12.0.jar:/home/user/.m2/repository/com/squareup/okhttp3/okhttp/3.9.0/okhttp-3.9.0.jar:/home/user/.m2/repository/com/squareup/okio/okio/1.13.0/okio-1.13.0.jar:/home/user/.m2/repository/io/jaegertracing/jaeger-core/0.34.0/jaeger-core-0.34.0.jar:/home/user/.m2/repository/io/jaegertracing/jaeger-tracerresolver/0.34.0/jaeger-tracerresolver-0.34.0.jar:/home/user/.m2/repository/io/opentracing/contrib/opentracing-tracerresolver/0.1.5/opentracing-tracerresolver-0.1.5.jar:/home/user/.m2/repository/io/opentracing/opentracing-util/0.31.0/opentracing-util-0.31.0.jar:/home/user/.m2/repository/io/opentracing/opentracing-api/0.31.0/opentracing-api-0.31.0.jar:/home/user/.m2/repository/io/opentracing/opentracing-noop/0.31.0/opentracing-noop-0.31.0.jar:/home/user/.m2/repository/org/apache/hadoop/hadoop-hdds-server-framework/0.5.0-SNAPSHOT/hadoop-hdds-server-framework-0.5.0-SNAPSHOT.jar:/home/user/.m2/repository/org/apache/hadoop/hadoop-hdds-container-service/0.5.0-SNAPSHOT/hadoop-hdds-container-service-0.5.0-SNAPSHOT.jar:/home/user/.m2/repository/org/apache/hadoop/hadoop-hdds-client/0.5.0-SNAPSHOT/hadoop-hdds-client-0.5.0-SNAPSHOT.jar:/home/user/.m2/repository/org/apache/hadoop/hadoop-hdds-tools/0.5.0-SNAPSHOT/hadoop-hdds-tools-0.5.0-SNAPSHOT.jar:/home/user/.m2/repository/org/apache/hadoop/hadoop-hdds-server-scm/0.5.0-SNAPSHOT/hadoop-hdds-server-scm-0.5.0-SNAPSHOT.jar:/home/user/.m2/repository/org/apache/hadoop/hadoop-hdds-docs/0.5.0-SNAPSHOT/hadoop-hdds-docs-0.5.0-SNAPSHOT.jar:/home/user/.m2/repository/io/dropwizard/metrics/metrics-core/3.2.4/metrics-core-3.2.4.jar:/home/user/.m2/repository/org/hamcrest/hamcrest-all/1.3/hamcrest-all-1.3.jar:/home/user/.m2/repository/org/bouncycastle/bcprov-jdk15on/1.60/bcprov-jdk15on-1.60.jar:/home/user/.m2/repository/info/picocli/picocli/3.9.6/picocli-3.9.6.jar:/home/user/.m2/repository/com/google/protobuf/protobuf-java/2.5.0/protobuf-java-2.5.0.jar:/home/user/.m2/repository/com/google/guava/guava/11.0.2/guava-11.0.2.jar:/home/user/.m2/repository/org/apache/hadoop/hadoop-ozone-ozone-manager/0.5.0-SNAPSHOT/hadoop-ozone-ozone-manager-0.5.0-SNAPSHOT.jar:/home/user/.m2/repository/org/apache/hadoop/hadoop-minikdc/3.2.0/hadoop-minikdc-3.2.0.jar:/home/user/.m2/repository/commons-io/commons-io/2.5/commons-io-2.5.jar:/home/user/.m2/repository/org/apache/kerby/kerb-simplekdc/1.0.1/kerb-simplekdc-1.0.1.jar:/home/user/.m2/repository/org/apache/kerby/kerb-client/1.0.1/kerb-client-1.0.1.jar:/home/user/.m2/repository/org/apache/kerby/kerby-config/1.0.1/kerby-config-1.0.1.jar:/home/user/.m2/repository/org/apache/kerby/kerb-core/1.0.1/kerb-core-1.0.1.jar:/home/user/.m2/repository/org/apache/kerby/kerby-pkix/1.0.1/kerby-pkix-1.0.1.jar:/home/user/.m2/repository/org/apache/kerby/kerby-asn1/1.0.1/kerby-asn1-1.0.1.jar:/home/user/.m2/repository/org/apache/kerby/kerby-util/1.0.1/kerby-util-1.0.1.jar:/home/user/.m2/repository/org/apache/kerby/kerb-common/1.0.1/kerb-common-1.0.1.jar:/home/user/.m2/repository/org/apache/kerby/kerb-crypto/1.0.1/kerb-crypto-1.0.1.jar:/home/user/.m2/repository/org/apache/kerby/kerb-util/1.0.1/kerb-util-1.0.1.jar:/home/user/.m2/repository/org/apache/kerby/token-provider/1.0.1/token-provider-1.0.1.jar:/home/user/.m2/repository/org/apache/kerby/kerb-admin/1.0.1/kerb-admin-1.0.1.jar:/home/user/.m2/repository/org/apache/kerby/kerb-server/1.0.1/kerb-server-1.0.1.jar:/home/user/.m2/repository/org/apache/kerby/kerb-identity/1.0.1/kerb-identity-1.0.1.jar:/home/user/.m2/repository/org/apache/kerby/kerby-xdr/1.0.1/kerby-xdr-1.0.1.jar:/home/user/.m2/repository/org/slf4j/slf4j-log4j12/1.7.25/slf4j-log4j12-1.7.25.jar:/home/user/.m2/repository/org/apache/hadoop/hadoop-ozone-s3gateway/0.5.0-SNAPSHOT/hadoop-ozone-s3gateway-0.5.0-SNAPSHOT.jar:/home/user/.m2/repository/org/jboss/weld/servlet/weld-servlet/2.4.7.Final/weld-servlet-2.4.7.Final.jar:/home/user/.m2/repository/org/glassfish/jersey/containers/jersey-container-servlet-core/2.27/jersey-container-servlet-core-2.27.jar:/home/user/.m2/repository/org/glassfish/hk2/external/javax.inject/2.5.0-b42/javax.inject-2.5.0-b42.jar:/home/user/.m2/repository/org/glassfish/jersey/core/jersey-common/2.27/jersey-common-2.27.jar:/home/user/.m2/repository/org/glassfish/hk2/osgi-resource-locator/1.0.1/osgi-resource-locator-1.0.1.jar:/home/user/.m2/repository/javax/ws/rs/javax.ws.rs-api/2.1/javax.ws.rs-api-2.1.jar:/home/user/.m2/repository/org/glassfish/jersey/ext/cdi/jersey-cdi1x/2.27/jersey-cdi1x-2.27.jar:/home/user/.m2/repository/org/glassfish/jersey/inject/jersey-hk2/2.27/jersey-hk2-2.27.jar:/home/user/.m2/repository/org/glassfish/hk2/hk2-locator/2.5.0-b42/hk2-locator-2.5.0-b42.jar:/home/user/.m2/repository/org/javassist/javassist/3.22.0-CR2/javassist-3.22.0-CR2.jar:/home/user/.m2/repository/org/glassfish/hk2/hk2-api/2.5.0/hk2-api-2.5.0.jar:/home/user/.m2/repository/org/glassfish/hk2/external/jakarta.inject/2.5.0/jakarta.inject-2.5.0.jar:/home/user/.m2/repository/org/glassfish/hk2/hk2-utils/2.5.0/hk2-utils-2.5.0.jar:/home/user/.m2/repository/jakarta/annotation/jakarta.annotation-api/1.3.4/jakarta.annotation-api-1.3.4.jar:/home/user/.m2/repository/org/glassfish/hk2/external/aopalliance-repackaged/2.5.0/aopalliance-repackaged-2.5.0.jar:/home/user/.m2/repository/com/fasterxml/jackson/dataformat/jackson-dataformat-xml/2.9.0/jackson-dataformat-xml-2.9.0.jar:/home/user/.m2/repository/com/fasterxml/jackson/core/jackson-core/2.9.9/jackson-core-2.9.9.jar:/home/user/.m2/repository/com/fasterxml/jackson/module/jackson-module-jaxb-annotations/2.9.9/jackson-module-jaxb-annotations-2.9.9.jar:/home/user/.m2/repository/javax/enterprise/cdi-api/1.2/cdi-api-1.2.jar:/home/user/.m2/repository/javax/el/javax.el-api/3.0.0/javax.el-api-3.0.0.jar:/home/user/.m2/repository/javax/interceptor/javax.interceptor-api/1.2/javax.interceptor-api-1.2.jar:/home/user/.m2/repository/javax/inject/javax.inject/1/javax.inject-1.jar:/home/user/.m2/repository/com/sun/xml/bind/jaxb-impl/2.3.0.1/jaxb-impl-2.3.0.1.jar:/home/user/.m2/repository/com/sun/xml/bind/jaxb-core/2.3.0.1/jaxb-core-2.3.0.1.jar:/home/user/.m2/repository/javax/xml/bind/jaxb-api/2.3.0/jaxb-api-2.3.0.jar:/home/user/.m2/repository/javax/activation/activation/1.1.1/activation-1.1.1.jar:/home/user/.m2/repository/org/apache/hadoop/hadoop-ozone-csi/0.5.0-SNAPSHOT/hadoop-ozone-csi-0.5.0-SNAPSHOT.jar:/home/user/.m2/repository/com/google/protobuf/protobuf-java-util/3.5.1/protobuf-java-util-3.5.1.jar:/home/user/.m2/repository/org/apache/hadoop/hadoop-hdds-config/0.5.0-SNAPSHOT/hadoop-hdds-config-0.5.0-SNAPSHOT.jar:/home/user/.m2/repository/io/grpc/grpc-netty/1.17.1/grpc-netty-1.17.1.jar:/home/user/.m2/repository/io/grpc/grpc-core/1.17.1/grpc-core-1.17.1.jar:/home/user/.m2/repository/io/grpc/grpc-context/1.17.1/grpc-context-1.17.1.jar:/home/user/.m2/repository/com/google/errorprone/error_prone_annotations/2.2.0/error_prone_annotations-2.2.0.jar:/home/user/.m2/repository/org/codehaus/mojo/animal-sniffer-annotations/1.17/animal-sniffer-annotations-1.17.jar:/home/user/.m2/repository/io/opencensus/opencensus-api/0.17.0/opencensus-api-0.17.0.jar:/home/user/.m2/repository/io/opencensus/opencensus-contrib-grpc-metrics/0.17.0/opencensus-contrib-grpc-metrics-0.17.0.jar:/home/user/.m2/repository/io/netty/netty-codec-http2/4.1.30.Final/netty-codec-http2-4.1.30.Final.jar:/home/user/.m2/repository/io/netty/netty-codec-http/4.1.30.Final/netty-codec-http-4.1.30.Final.jar:/home/user/.m2/repository/io/netty/netty-codec/4.1.30.Final/netty-codec-4.1.30.Final.jar:/home/user/.m2/repository/io/netty/netty-handler/4.1.30.Final/netty-handler-4.1.30.Final.jar:/home/user/.m2/repository/io/netty/netty-handler-proxy/4.1.30.Final/netty-handler-proxy-4.1.30.Final.jar:/home/user/.m2/repository/io/netty/netty-codec-socks/4.1.30.Final/netty-codec-socks-4.1.30.Final.jar:/home/user/.m2/repository/io/netty/netty-transport-native-epoll/4.1.30.Final/netty-transport-native-epoll-4.1.30.Final.jar:/home/user/.m2/repository/io/netty/netty-common/4.1.30.Final/netty-common-4.1.30.Final.jar:/home/user/.m2/repository/io/netty/netty-buffer/4.1.30.Final/netty-buffer-4.1.30.Final.jar:/home/user/.m2/repository/io/netty/netty-transport/4.1.30.Final/netty-transport-4.1.30.Final.jar:/home/user/.m2/repository/io/netty/netty-resolver/4.1.30.Final/netty-resolver-4.1.30.Final.jar:/home/user/.m2/repository/io/netty/netty-transport-native-unix-common/4.1.30.Final/netty-transport-native-unix-common-4.1.30.Final.jar:/home/user/.m2/repository/io/grpc/grpc-protobuf/1.17.1/grpc-protobuf-1.17.1.jar:/home/user/.m2/repository/com/google/api/grpc/proto-google-common-protos/1.0.0/proto-google-common-protos-1.0.0.jar:/home/user/.m2/repository/io/grpc/grpc-protobuf-lite/1.17.1/grpc-protobuf-lite-1.17.1.jar:/home/user/.m2/repository/io/grpc/grpc-stub/1.17.1/grpc-stub-1.17.1.jar:/home/user/.m2/repository/org/apache/hadoop/hadoop-ozone-recon/0.5.0-SNAPSHOT/hadoop-ozone-recon-0.5.0-SNAPSHOT.jar:/home/user/.m2/repository/org/apache/hadoop/hadoop-ozone-reconcodegen/0.5.0-SNAPSHOT/hadoop-ozone-reconcodegen-0.5.0-SNAPSHOT.jar:/home/user/.m2/repository/com/google/inject/extensions/guice-multibindings/4.0/guice-multibindings-4.0.jar:/home/user/.m2/repository/com/google/inject/guice/4.0/guice-4.0.jar:/home/user/.m2/repository/aopalliance/aopalliance/1.0/aopalliance-1.0.jar:/home/user/.m2/repository/com/google/inject/extensions/guice-servlet/4.0/guice-servlet-4.0.jar:/home/user/.m2/repository/org/glassfish/jersey/containers/jersey-container-servlet/2.27/jersey-container-servlet-2.27.jar:/home/user/.m2/repository/org/glassfish/hk2/guice-bridge/2.5.0/guice-bridge-2.5.0.jar:/home/user/.m2/repository/org/glassfish/jersey/core/jersey-server/2.27/jersey-server-2.27.jar:/home/user/.m2/repository/org/glassfish/jersey/core/jersey-client/2.27/jersey-client-2.27.jar:/home/user/.m2/repository/org/glassfish/jersey/media/jersey-media-jaxb/2.27/jersey-media-jaxb-2.27.jar:/home/user/.m2/repository/javax/validation/validation-api/1.1.0.Final/validation-api-1.1.0.Final.jar:/home/user/.m2/repository/org/glassfish/jersey/media/jersey-media-json-jackson/2.27/jersey-media-json-jackson-2.27.jar:/home/user/.m2/repository/org/glassfish/jersey/ext/jersey-entity-filtering/2.27/jersey-entity-filtering-2.27.jar:/home/user/.m2/repository/com/google/inject/extensions/guice-assistedinject/4.0/guice-assistedinject-4.0.jar:/home/user/.m2/repository/org/jooq/jooq/3.11.10/jooq-3.11.10.jar:/home/user/.m2/repository/org/jooq/jooq-meta/3.11.10/jooq-meta-3.11.10.jar:/home/user/.m2/repository/org/jooq/jooq-codegen/3.11.10/jooq-codegen-3.11.10.jar:/home/user/.m2/repository/com/jolbox/bonecp/0.8.0.RELEASE/bonecp-0.8.0.RELEASE.jar:/home/user/.m2/repository/org/xerial/sqlite-jdbc/3.25.2/sqlite-jdbc-3.25.2.jar:/home/user/.m2/repository/org/springframework/spring-jdbc/5.1.3.RELEASE/spring-jdbc-5.1.3.RELEASE.jar:/home/user/.m2/repository/org/springframework/spring-beans/5.1.3.RELEASE/spring-beans-5.1.3.RELEASE.jar:/home/user/.m2/repository/org/springframework/spring-core/5.1.3.RELEASE/spring-core-5.1.3.RELEASE.jar:/home/user/.m2/repository/org/springframework/spring-jcl/5.1.3.RELEASE/spring-jcl-5.1.3.RELEASE.jar:/home/user/.m2/repository/org/springframework/spring-tx/5.1.3.RELEASE/spring-tx-5.1.3.RELEASE.jar:/home/user/.m2/repository/org/apache/hadoop/hadoop-ozone-client/0.5.0-SNAPSHOT/hadoop-ozone-client-0.5.0-SNAPSHOT.jar:/home/user/.m2/repository/commons-lang/commons-lang/2.6/commons-lang-2.6.jar:/home/user/.m2/repository/org/apache/hadoop/hadoop-ozone-ozone-manager/0.5.0-SNAPSHOT/hadoop-ozone-ozone-manager-0.5.0-SNAPSHOT-tests.jar:/home/user/.m2/repository/junit/junit/4.11/junit-4.11.jar:/home/user/.m2/repository/org/hamcrest/hamcrest-core/1.3/hamcrest-core-1.3.jar:/home/user/.m2/repository/org/openjdk/jmh/jmh-core/1.19/jmh-core-1.19.jar:/home/user/.m2/repository/net/sf/jopt-simple/jopt-simple/4.6/jopt-simple-4.6.jar:/home/user/.m2/repository/org/apache/commons/commons-math3/3.1.1/commons-math3-3.1.1.jar:/home/user/.m2/repository/org/openjdk/jmh/jmh-generator-annprocess/1.19/jmh-generator-annprocess-1.19.jar:/home/user/.m2/repository/org/mockito/mockito-all/1.8.5/mockito-all-1.8.5.jar:/home/user/.m2/repository/org/apache/hadoop/hadoop-kms/3.2.0/hadoop-kms-3.2.0.jar:/home/user/.m2/repository/org/apache/hadoop/hadoop-auth/3.2.0/hadoop-auth-3.2.0.jar:/home/user/.m2/repository/com/nimbusds/nimbus-jose-jwt/4.41.1/nimbus-jose-jwt-4.41.1.jar:/home/user/.m2/repository/com/github/stephenc/jcip/jcip-annotations/1.0-1/jcip-annotations-1.0-1.jar:/home/user/.m2/repository/net/minidev/json-smart/2.3/json-smart-2.3.jar:/home/user/.m2/repository/net/minidev/accessors-smart/1.2/accessors-smart-1.2.jar:/home/user/.m2/repository/org/ow2/asm/asm/5.0.4/asm-5.0.4.jar:/home/user/.m2/repository/org/apache/curator/curator-framework/2.12.0/curator-framework-2.12.0.jar:/home/user/.m2/repository/com/sun/jersey/jersey-core/1.19/jersey-core-1.19.jar:/home/user/.m2/repository/javax/ws/rs/jsr311-api/1.1.1/jsr311-api-1.1.1.jar:/home/user/.m2/repository/com/sun/jersey/jersey-server/1.19/jersey-server-1.19.jar:/home/user/.m2/repository/javax/servlet/javax.servlet-api/3.1.0/javax.servlet-api-3.1.0.jar:/home/user/.m2/repository/org/eclipse/jetty/jetty-server/9.3.25.v20180904/jetty-server-9.3.25.v20180904.jar:/home/user/.m2/repository/org/eclipse/jetty/jetty-http/9.3.25.v20180904/jetty-http-9.3.25.v20180904.jar:/home/user/.m2/repository/org/eclipse/jetty/jetty-io/9.3.25.v20180904/jetty-io-9.3.25.v20180904.jar:/home/user/.m2/repository/org/eclipse/jetty/jetty-webapp/9.3.25.v20180904/jetty-webapp-9.3.25.v20180904.jar:/home/user/.m2/repository/org/eclipse/jetty/jetty-xml/9.3.25.v20180904/jetty-xml-9.3.25.v20180904.jar:/home/user/.m2/repository/log4j/log4j/1.2.17/log4j-1.2.17.jar:/home/user/.m2/repository/org/slf4j/slf4j-api/1.7.25/slf4j-api-1.7.25.jar:/home/user/.m2/repository/org/slf4j/jul-to-slf4j/1.7.25/jul-to-slf4j-1.7.25.jar:/home/user/.m2/repository/org/eclipse/jetty/jetty-util/9.3.25.v20180904/jetty-util-9.3.25.v20180904.jar:/home/user/.m2/repository/com/fasterxml/jackson/core/jackson-databind/2.9.9/jackson-databind-2.9.9.jar:/home/user/.m2/repository/org/apache/hadoop/hadoop-kms/3.2.0/hadoop-kms-3.2.0-tests.jar:/home/user/.m2/repository/org/apache/hadoop/hadoop-hdds-server-scm/0.5.0-SNAPSHOT/hadoop-hdds-server-scm-0.5.0-SNAPSHOT-tests.jar:/home/user/.m2/repository/org/apache/hadoop/hadoop-hdds-container-service/0.5.0-SNAPSHOT/hadoop-hdds-container-service-0.5.0-SNAPSHOT-tests.jar:/home/user/.m2/repository/org/yaml/snakeyaml/1.16/snakeyaml-1.16.jar:/home/user/.m2/repository/org/apache/hadoop/hadoop-common/3.2.0/hadoop-common-3.2.0-tests.jar:/home/user/.m2/repository/org/apache/hadoop/hadoop-annotations/3.2.0/hadoop-annotations-3.2.0.jar:/usr/lib/jvm/java-1.8-openjdk/jre/../lib/tools.jar:/home/user/.m2/repository/commons-cli/commons-cli/1.2/commons-cli-1.2.jar:/home/user/.m2/repository/org/apache/httpcomponents/httpclient/4.5.2/httpclient-4.5.2.jar:/home/user/.m2/repository/org/apache/httpcomponents/httpcore/4.4.4/httpcore-4.4.4.jar:/home/user/.m2/repository/commons-codec/commons-codec/1.11/commons-codec-1.11.jar:/home/user/.m2/repository/commons-net/commons-net/3.6/commons-net-3.6.jar:/home/user/.m2/repository/commons-collections/commons-collections/3.2.2/commons-collections-3.2.2.jar:/home/user/.m2/repository/org/eclipse/jetty/jetty-servlet/9.3.25.v20180904/jetty-servlet-9.3.25.v20180904.jar:/home/user/.m2/repository/org/eclipse/jetty/jetty-security/9.3.25.v20180904/jetty-security-9.3.25.v20180904.jar:/home/user/.m2/repository/javax/servlet/jsp/jsp-api/2.1/jsp-api-2.1.jar:/home/user/.m2/repository/com/sun/jersey/jersey-servlet/1.19/jersey-servlet-1.19.jar:/home/user/.m2/repository/com/sun/jersey/jersey-json/1.19/jersey-json-1.19.jar:/home/user/.m2/repository/org/codehaus/jettison/jettison/1.1/jettison-1.1.jar:/home/user/.m2/repository/org/codehaus/jackson/jackson-core-asl/1.9.13/jackson-core-asl-1.9.13.jar:/home/user/.m2/repository/org/codehaus/jackson/jackson-mapper-asl/1.9.13/jackson-mapper-asl-1.9.13.jar:/home/user/.m2/repository/org/codehaus/jackson/jackson-jaxrs/1.9.13/jackson-jaxrs-1.9.13.jar:/home/user/.m2/repository/org/codehaus/jackson/jackson-xc/1.9.13/jackson-xc-1.9.13.jar:/home/user/.m2/repository/commons-logging/commons-logging/1.1.3/commons-logging-1.1.3.jar:/home/user/.m2/repository/commons-beanutils/commons-beanutils/1.9.4/commons-beanutils-1.9.4.jar:/home/user/.m2/repository/org/apache/commons/commons-configuration2/2.1.1/commons-configuration2-2.1.1.jar:/home/user/.m2/repository/org/apache/commons/commons-lang3/3.7/commons-lang3-3.7.jar:/home/user/.m2/repository/org/apache/commons/commons-text/1.4/commons-text-1.4.jar:/home/user/.m2/repository/org/apache/avro/avro/1.7.7/avro-1.7.7.jar:/home/user/.m2/repository/com/thoughtworks/paranamer/paranamer/2.3/paranamer-2.3.jar:/home/user/.m2/repository/org/xerial/snappy/snappy-java/1.0.5/snappy-java-1.0.5.jar:/home/user/.m2/repository/com/google/re2j/re2j/1.1/re2j-1.1.jar:/home/user/.m2/repository/com/google/code/gson/gson/2.2.4/gson-2.2.4.jar:/home/user/.m2/repository/com/jcraft/jsch/0.1.54/jsch-0.1.54.jar:/home/user/.m2/repository/org/apache/curator/curator-client/2.12.0/curator-client-2.12.0.jar:/home/user/.m2/repository/org/apache/curator/curator-recipes/2.12.0/curator-recipes-2.12.0.jar:/home/user/.m2/repository/com/google/code/findbugs/jsr305/3.0.0/jsr305-3.0.0.jar:/home/user/.m2/repository/org/apache/htrace/htrace-core4/4.1.0-incubating/htrace-core4-4.1.0-incubating.jar:/home/user/.m2/repository/org/apache/zookeeper/zookeeper/3.4.13/zookeeper-3.4.13.jar:/home/user/.m2/repository/jline/jline/0.9.94/jline-0.9.94.jar:/home/user/.m2/repository/org/apache/yetus/audience-annotations/0.5.0/audience-annotations-0.5.0.jar:/home/user/.m2/repository/org/codehaus/woodstox/stax2-api/3.1.4/stax2-api-3.1.4.jar:/home/user/.m2/repository/com/fasterxml/woodstox/woodstox-core/5.0.3/woodstox-core-5.0.3.jar:/home/user/.m2/repository/dnsjava/dnsjava/2.1.7/dnsjava-2.1.7.jar:/home/user/.m2/repository/org/apache/hadoop/hadoop-hdfs/3.2.0/hadoop-hdfs-3.2.0-tests.jar:/home/user/.m2/repository/org/eclipse/jetty/jetty-util-ajax/9.3.25.v20180904/jetty-util-ajax-9.3.25.v20180904.jar:/home/user/.m2/repository/commons-daemon/commons-daemon/1.0.13/commons-daemon-1.0.13.jar:/home/user/.m2/repository/io/netty/netty/3.10.5.Final/netty-3.10.5.Final.jar:/home/user/.m2/repository/io/netty/netty-all/4.0.52.Final/netty-all-4.0.52.Final.jar:/home/user/.m2/repository/org/fusesource/leveldbjni/leveldbjni-all/1.8/leveldbjni-all-1.8.jar:"/>
    <property name="java.vm.vendor" value="IcedTea"/>
    <property name="sun.arch.data.model" value="64"/>
    <property name="test.build.dir" value="/workdir/hadoop-ozone/integration-test/target/test-dir"/>
    <property name="test.cache.data" value=""/>
    <property name="java.vendor.url" value="https://icedtea.classpath.org"/>
    <property name="user.timezone" value=""/>
    <property name="java.vm.specification.version" value="1.8"/>
    <property name="os.name" value="Linux"/>
    <property name="test.build.data" value="/workdir/hadoop-ozone/integration-test/target/test-dir"/>
    <property name="user.country" value="US"/>
    <property name="sun.java.launcher" value="SUN_STANDARD"/>
    <property name="sun.boot.library.path" value="/usr/lib/jvm/java-1.8-openjdk/jre/lib/amd64"/>
    <property name="sun.java.command" value="/workdir/hadoop-ozone/integration-test/target/surefire/surefirebooter3731767148001346858.jar /workdir/hadoop-ozone/integration-test/target/surefire 2019-10-14T14-04-39_978-jvmRun1 surefire9099582076499781753tmp surefire_401434861205466088853tmp"/>
    <property name="test" value="!TestMiniChaosOzoneCluster"/>
    <property name="surefire.test.class.path" value="/workdir/hadoop-ozone/integration-test/target/test-classes:/workdir/hadoop-ozone/integration-test/target/classes:/home/user/.m2/repository/org/apache/hadoop/hadoop-ozone-common/0.5.0-SNAPSHOT/hadoop-ozone-common-0.5.0-SNAPSHOT.jar:/home/user/.m2/repository/org/apache/commons/commons-compress/1.4.1/commons-compress-1.4.1.jar:/home/user/.m2/repository/org/tukaani/xz/1.0/xz-1.0.jar:/home/user/.m2/repository/org/apache/hadoop/hadoop-common/3.2.0/hadoop-common-3.2.0.jar:/home/user/.m2/repository/org/apache/hadoop/hadoop-hdfs/3.2.0/hadoop-hdfs-3.2.0.jar:/home/user/.m2/repository/org/apache/hadoop/hadoop-hdfs-client/3.2.0/hadoop-hdfs-client-3.2.0.jar:/home/user/.m2/repository/com/fasterxml/jackson/core/jackson-annotations/2.9.9/jackson-annotations-2.9.9.jar:/home/user/.m2/repository/org/apache/hadoop/hadoop-hdds-common/0.5.0-SNAPSHOT/hadoop-hdds-common-0.5.0-SNAPSHOT.jar:/home/user/.m2/repository/javax/annotation/javax.annotation-api/1.2/javax.annotation-api-1.2.jar:/home/user/.m2/repository/org/apache/ratis/ratis-server/0.5.0-201fc85-SNAPSHOT/ratis-server-0.5.0-201fc85-SNAPSHOT.jar:/home/user/.m2/repository/org/apache/ratis/ratis-thirdparty-misc/0.2.0/ratis-thirdparty-misc-0.2.0.jar:/home/user/.m2/repository/org/apache/ratis/ratis-proto/0.5.0-201fc85-SNAPSHOT/ratis-proto-0.5.0-201fc85-SNAPSHOT.jar:/home/user/.m2/repository/org/apache/ratis/ratis-common/0.5.0-201fc85-SNAPSHOT/ratis-common-0.5.0-201fc85-SNAPSHOT.jar:/home/user/.m2/repository/org/apache/ratis/ratis-client/0.5.0-201fc85-SNAPSHOT/ratis-client-0.5.0-201fc85-SNAPSHOT.jar:/home/user/.m2/repository/org/apache/ratis/ratis-metrics/0.5.0-201fc85-SNAPSHOT/ratis-metrics-0.5.0-201fc85-SNAPSHOT.jar:/home/user/.m2/repository/com/github/joshelser/dropwizard-metrics-hadoop-metrics2-reporter/0.1.2/dropwizard-metrics-hadoop-metrics2-reporter-0.1.2.jar:/home/user/.m2/repository/io/dropwizard/metrics/metrics-jvm/3.2.5/metrics-jvm-3.2.5.jar:/home/user/.m2/repository/io/dropwizard/metrics/metrics-ganglia/3.2.5/metrics-ganglia-3.2.5.jar:/home/user/.m2/repository/info/ganglia/gmetric4j/gmetric4j/1.0.7/gmetric4j-1.0.7.jar:/home/user/.m2/repository/org/apache/ratis/ratis-netty/0.5.0-201fc85-SNAPSHOT/ratis-netty-0.5.0-201fc85-SNAPSHOT.jar:/home/user/.m2/repository/org/apache/ratis/ratis-grpc/0.5.0-201fc85-SNAPSHOT/ratis-grpc-0.5.0-201fc85-SNAPSHOT.jar:/home/user/.m2/repository/org/rocksdb/rocksdbjni/6.0.1/rocksdbjni-6.0.1.jar:/home/user/.m2/repository/org/apache/logging/log4j/log4j-api/2.11.0/log4j-api-2.11.0.jar:/home/user/.m2/repository/org/apache/logging/log4j/log4j-core/2.11.0/log4j-core-2.11.0.jar:/home/user/.m2/repository/com/lmax/disruptor/3.4.2/disruptor-3.4.2.jar:/home/user/.m2/repository/org/apache/commons/commons-pool2/2.6.0/commons-pool2-2.6.0.jar:/home/user/.m2/repository/org/bouncycastle/bcpkix-jdk15on/1.60/bcpkix-jdk15on-1.60.jar:/home/user/.m2/repository/commons-validator/commons-validator/1.6/commons-validator-1.6.jar:/home/user/.m2/repository/commons-digester/commons-digester/1.8.1/commons-digester-1.8.1.jar:/home/user/.m2/repository/io/jaegertracing/jaeger-client/0.34.0/jaeger-client-0.34.0.jar:/home/user/.m2/repository/io/jaegertracing/jaeger-thrift/0.34.0/jaeger-thrift-0.34.0.jar:/home/user/.m2/repository/org/apache/thrift/libthrift/0.12.0/libthrift-0.12.0.jar:/home/user/.m2/repository/com/squareup/okhttp3/okhttp/3.9.0/okhttp-3.9.0.jar:/home/user/.m2/repository/com/squareup/okio/okio/1.13.0/okio-1.13.0.jar:/home/user/.m2/repository/io/jaegertracing/jaeger-core/0.34.0/jaeger-core-0.34.0.jar:/home/user/.m2/repository/io/jaegertracing/jaeger-tracerresolver/0.34.0/jaeger-tracerresolver-0.34.0.jar:/home/user/.m2/repository/io/opentracing/contrib/opentracing-tracerresolver/0.1.5/opentracing-tracerresolver-0.1.5.jar:/home/user/.m2/repository/io/opentracing/opentracing-util/0.31.0/opentracing-util-0.31.0.jar:/home/user/.m2/repository/io/opentracing/opentracing-api/0.31.0/opentracing-api-0.31.0.jar:/home/user/.m2/repository/io/opentracing/opentracing-noop/0.31.0/opentracing-noop-0.31.0.jar:/home/user/.m2/repository/org/apache/hadoop/hadoop-hdds-server-framework/0.5.0-SNAPSHOT/hadoop-hdds-server-framework-0.5.0-SNAPSHOT.jar:/home/user/.m2/repository/org/apache/hadoop/hadoop-hdds-container-service/0.5.0-SNAPSHOT/hadoop-hdds-container-service-0.5.0-SNAPSHOT.jar:/home/user/.m2/repository/org/apache/hadoop/hadoop-hdds-client/0.5.0-SNAPSHOT/hadoop-hdds-client-0.5.0-SNAPSHOT.jar:/home/user/.m2/repository/org/apache/hadoop/hadoop-hdds-tools/0.5.0-SNAPSHOT/hadoop-hdds-tools-0.5.0-SNAPSHOT.jar:/home/user/.m2/repository/org/apache/hadoop/hadoop-hdds-server-scm/0.5.0-SNAPSHOT/hadoop-hdds-server-scm-0.5.0-SNAPSHOT.jar:/home/user/.m2/repository/org/apache/hadoop/hadoop-hdds-docs/0.5.0-SNAPSHOT/hadoop-hdds-docs-0.5.0-SNAPSHOT.jar:/home/user/.m2/repository/io/dropwizard/metrics/metrics-core/3.2.4/metrics-core-3.2.4.jar:/home/user/.m2/repository/org/hamcrest/hamcrest-all/1.3/hamcrest-all-1.3.jar:/home/user/.m2/repository/org/bouncycastle/bcprov-jdk15on/1.60/bcprov-jdk15on-1.60.jar:/home/user/.m2/repository/info/picocli/picocli/3.9.6/picocli-3.9.6.jar:/home/user/.m2/repository/com/google/protobuf/protobuf-java/2.5.0/protobuf-java-2.5.0.jar:/home/user/.m2/repository/com/google/guava/guava/11.0.2/guava-11.0.2.jar:/home/user/.m2/repository/org/apache/hadoop/hadoop-ozone-ozone-manager/0.5.0-SNAPSHOT/hadoop-ozone-ozone-manager-0.5.0-SNAPSHOT.jar:/home/user/.m2/repository/org/apache/hadoop/hadoop-minikdc/3.2.0/hadoop-minikdc-3.2.0.jar:/home/user/.m2/repository/commons-io/commons-io/2.5/commons-io-2.5.jar:/home/user/.m2/repository/org/apache/kerby/kerb-simplekdc/1.0.1/kerb-simplekdc-1.0.1.jar:/home/user/.m2/repository/org/apache/kerby/kerb-client/1.0.1/kerb-client-1.0.1.jar:/home/user/.m2/repository/org/apache/kerby/kerby-config/1.0.1/kerby-config-1.0.1.jar:/home/user/.m2/repository/org/apache/kerby/kerb-core/1.0.1/kerb-core-1.0.1.jar:/home/user/.m2/repository/org/apache/kerby/kerby-pkix/1.0.1/kerby-pkix-1.0.1.jar:/home/user/.m2/repository/org/apache/kerby/kerby-asn1/1.0.1/kerby-asn1-1.0.1.jar:/home/user/.m2/repository/org/apache/kerby/kerby-util/1.0.1/kerby-util-1.0.1.jar:/home/user/.m2/repository/org/apache/kerby/kerb-common/1.0.1/kerb-common-1.0.1.jar:/home/user/.m2/repository/org/apache/kerby/kerb-crypto/1.0.1/kerb-crypto-1.0.1.jar:/home/user/.m2/repository/org/apache/kerby/kerb-util/1.0.1/kerb-util-1.0.1.jar:/home/user/.m2/repository/org/apache/kerby/token-provider/1.0.1/token-provider-1.0.1.jar:/home/user/.m2/repository/org/apache/kerby/kerb-admin/1.0.1/kerb-admin-1.0.1.jar:/home/user/.m2/repository/org/apache/kerby/kerb-server/1.0.1/kerb-server-1.0.1.jar:/home/user/.m2/repository/org/apache/kerby/kerb-identity/1.0.1/kerb-identity-1.0.1.jar:/home/user/.m2/repository/org/apache/kerby/kerby-xdr/1.0.1/kerby-xdr-1.0.1.jar:/home/user/.m2/repository/org/slf4j/slf4j-log4j12/1.7.25/slf4j-log4j12-1.7.25.jar:/home/user/.m2/repository/org/apache/hadoop/hadoop-ozone-s3gateway/0.5.0-SNAPSHOT/hadoop-ozone-s3gateway-0.5.0-SNAPSHOT.jar:/home/user/.m2/repository/org/jboss/weld/servlet/weld-servlet/2.4.7.Final/weld-servlet-2.4.7.Final.jar:/home/user/.m2/repository/org/glassfish/jersey/containers/jersey-container-servlet-core/2.27/jersey-container-servlet-core-2.27.jar:/home/user/.m2/repository/org/glassfish/hk2/external/javax.inject/2.5.0-b42/javax.inject-2.5.0-b42.jar:/home/user/.m2/repository/org/glassfish/jersey/core/jersey-common/2.27/jersey-common-2.27.jar:/home/user/.m2/repository/org/glassfish/hk2/osgi-resource-locator/1.0.1/osgi-resource-locator-1.0.1.jar:/home/user/.m2/repository/javax/ws/rs/javax.ws.rs-api/2.1/javax.ws.rs-api-2.1.jar:/home/user/.m2/repository/org/glassfish/jersey/ext/cdi/jersey-cdi1x/2.27/jersey-cdi1x-2.27.jar:/home/user/.m2/repository/org/glassfish/jersey/inject/jersey-hk2/2.27/jersey-hk2-2.27.jar:/home/user/.m2/repository/org/glassfish/hk2/hk2-locator/2.5.0-b42/hk2-locator-2.5.0-b42.jar:/home/user/.m2/repository/org/javassist/javassist/3.22.0-CR2/javassist-3.22.0-CR2.jar:/home/user/.m2/repository/org/glassfish/hk2/hk2-api/2.5.0/hk2-api-2.5.0.jar:/home/user/.m2/repository/org/glassfish/hk2/external/jakarta.inject/2.5.0/jakarta.inject-2.5.0.jar:/home/user/.m2/repository/org/glassfish/hk2/hk2-utils/2.5.0/hk2-utils-2.5.0.jar:/home/user/.m2/repository/jakarta/annotation/jakarta.annotation-api/1.3.4/jakarta.annotation-api-1.3.4.jar:/home/user/.m2/repository/org/glassfish/hk2/external/aopalliance-repackaged/2.5.0/aopalliance-repackaged-2.5.0.jar:/home/user/.m2/repository/com/fasterxml/jackson/dataformat/jackson-dataformat-xml/2.9.0/jackson-dataformat-xml-2.9.0.jar:/home/user/.m2/repository/com/fasterxml/jackson/core/jackson-core/2.9.9/jackson-core-2.9.9.jar:/home/user/.m2/repository/com/fasterxml/jackson/module/jackson-module-jaxb-annotations/2.9.9/jackson-module-jaxb-annotations-2.9.9.jar:/home/user/.m2/repository/javax/enterprise/cdi-api/1.2/cdi-api-1.2.jar:/home/user/.m2/repository/javax/el/javax.el-api/3.0.0/javax.el-api-3.0.0.jar:/home/user/.m2/repository/javax/interceptor/javax.interceptor-api/1.2/javax.interceptor-api-1.2.jar:/home/user/.m2/repository/javax/inject/javax.inject/1/javax.inject-1.jar:/home/user/.m2/repository/com/sun/xml/bind/jaxb-impl/2.3.0.1/jaxb-impl-2.3.0.1.jar:/home/user/.m2/repository/com/sun/xml/bind/jaxb-core/2.3.0.1/jaxb-core-2.3.0.1.jar:/home/user/.m2/repository/javax/xml/bind/jaxb-api/2.3.0/jaxb-api-2.3.0.jar:/home/user/.m2/repository/javax/activation/activation/1.1.1/activation-1.1.1.jar:/home/user/.m2/repository/org/apache/hadoop/hadoop-ozone-csi/0.5.0-SNAPSHOT/hadoop-ozone-csi-0.5.0-SNAPSHOT.jar:/home/user/.m2/repository/com/google/protobuf/protobuf-java-util/3.5.1/protobuf-java-util-3.5.1.jar:/home/user/.m2/repository/org/apache/hadoop/hadoop-hdds-config/0.5.0-SNAPSHOT/hadoop-hdds-config-0.5.0-SNAPSHOT.jar:/home/user/.m2/repository/io/grpc/grpc-netty/1.17.1/grpc-netty-1.17.1.jar:/home/user/.m2/repository/io/grpc/grpc-core/1.17.1/grpc-core-1.17.1.jar:/home/user/.m2/repository/io/grpc/grpc-context/1.17.1/grpc-context-1.17.1.jar:/home/user/.m2/repository/com/google/errorprone/error_prone_annotations/2.2.0/error_prone_annotations-2.2.0.jar:/home/user/.m2/repository/org/codehaus/mojo/animal-sniffer-annotations/1.17/animal-sniffer-annotations-1.17.jar:/home/user/.m2/repository/io/opencensus/opencensus-api/0.17.0/opencensus-api-0.17.0.jar:/home/user/.m2/repository/io/opencensus/opencensus-contrib-grpc-metrics/0.17.0/opencensus-contrib-grpc-metrics-0.17.0.jar:/home/user/.m2/repository/io/netty/netty-codec-http2/4.1.30.Final/netty-codec-http2-4.1.30.Final.jar:/home/user/.m2/repository/io/netty/netty-codec-http/4.1.30.Final/netty-codec-http-4.1.30.Final.jar:/home/user/.m2/repository/io/netty/netty-codec/4.1.30.Final/netty-codec-4.1.30.Final.jar:/home/user/.m2/repository/io/netty/netty-handler/4.1.30.Final/netty-handler-4.1.30.Final.jar:/home/user/.m2/repository/io/netty/netty-handler-proxy/4.1.30.Final/netty-handler-proxy-4.1.30.Final.jar:/home/user/.m2/repository/io/netty/netty-codec-socks/4.1.30.Final/netty-codec-socks-4.1.30.Final.jar:/home/user/.m2/repository/io/netty/netty-transport-native-epoll/4.1.30.Final/netty-transport-native-epoll-4.1.30.Final.jar:/home/user/.m2/repository/io/netty/netty-common/4.1.30.Final/netty-common-4.1.30.Final.jar:/home/user/.m2/repository/io/netty/netty-buffer/4.1.30.Final/netty-buffer-4.1.30.Final.jar:/home/user/.m2/repository/io/netty/netty-transport/4.1.30.Final/netty-transport-4.1.30.Final.jar:/home/user/.m2/repository/io/netty/netty-resolver/4.1.30.Final/netty-resolver-4.1.30.Final.jar:/home/user/.m2/repository/io/netty/netty-transport-native-unix-common/4.1.30.Final/netty-transport-native-unix-common-4.1.30.Final.jar:/home/user/.m2/repository/io/grpc/grpc-protobuf/1.17.1/grpc-protobuf-1.17.1.jar:/home/user/.m2/repository/com/google/api/grpc/proto-google-common-protos/1.0.0/proto-google-common-protos-1.0.0.jar:/home/user/.m2/repository/io/grpc/grpc-protobuf-lite/1.17.1/grpc-protobuf-lite-1.17.1.jar:/home/user/.m2/repository/io/grpc/grpc-stub/1.17.1/grpc-stub-1.17.1.jar:/home/user/.m2/repository/org/apache/hadoop/hadoop-ozone-recon/0.5.0-SNAPSHOT/hadoop-ozone-recon-0.5.0-SNAPSHOT.jar:/home/user/.m2/repository/org/apache/hadoop/hadoop-ozone-reconcodegen/0.5.0-SNAPSHOT/hadoop-ozone-reconcodegen-0.5.0-SNAPSHOT.jar:/home/user/.m2/repository/com/google/inject/extensions/guice-multibindings/4.0/guice-multibindings-4.0.jar:/home/user/.m2/repository/com/google/inject/guice/4.0/guice-4.0.jar:/home/user/.m2/repository/aopalliance/aopalliance/1.0/aopalliance-1.0.jar:/home/user/.m2/repository/com/google/inject/extensions/guice-servlet/4.0/guice-servlet-4.0.jar:/home/user/.m2/repository/org/glassfish/jersey/containers/jersey-container-servlet/2.27/jersey-container-servlet-2.27.jar:/home/user/.m2/repository/org/glassfish/hk2/guice-bridge/2.5.0/guice-bridge-2.5.0.jar:/home/user/.m2/repository/org/glassfish/jersey/core/jersey-server/2.27/jersey-server-2.27.jar:/home/user/.m2/repository/org/glassfish/jersey/core/jersey-client/2.27/jersey-client-2.27.jar:/home/user/.m2/repository/org/glassfish/jersey/media/jersey-media-jaxb/2.27/jersey-media-jaxb-2.27.jar:/home/user/.m2/repository/javax/validation/validation-api/1.1.0.Final/validation-api-1.1.0.Final.jar:/home/user/.m2/repository/org/glassfish/jersey/media/jersey-media-json-jackson/2.27/jersey-media-json-jackson-2.27.jar:/home/user/.m2/repository/org/glassfish/jersey/ext/jersey-entity-filtering/2.27/jersey-entity-filtering-2.27.jar:/home/user/.m2/repository/com/google/inject/extensions/guice-assistedinject/4.0/guice-assistedinject-4.0.jar:/home/user/.m2/repository/org/jooq/jooq/3.11.10/jooq-3.11.10.jar:/home/user/.m2/repository/org/jooq/jooq-meta/3.11.10/jooq-meta-3.11.10.jar:/home/user/.m2/repository/org/jooq/jooq-codegen/3.11.10/jooq-codegen-3.11.10.jar:/home/user/.m2/repository/com/jolbox/bonecp/0.8.0.RELEASE/bonecp-0.8.0.RELEASE.jar:/home/user/.m2/repository/org/xerial/sqlite-jdbc/3.25.2/sqlite-jdbc-3.25.2.jar:/home/user/.m2/repository/org/springframework/spring-jdbc/5.1.3.RELEASE/spring-jdbc-5.1.3.RELEASE.jar:/home/user/.m2/repository/org/springframework/spring-beans/5.1.3.RELEASE/spring-beans-5.1.3.RELEASE.jar:/home/user/.m2/repository/org/springframework/spring-core/5.1.3.RELEASE/spring-core-5.1.3.RELEASE.jar:/home/user/.m2/repository/org/springframework/spring-jcl/5.1.3.RELEASE/spring-jcl-5.1.3.RELEASE.jar:/home/user/.m2/repository/org/springframework/spring-tx/5.1.3.RELEASE/spring-tx-5.1.3.RELEASE.jar:/home/user/.m2/repository/org/apache/hadoop/hadoop-ozone-client/0.5.0-SNAPSHOT/hadoop-ozone-client-0.5.0-SNAPSHOT.jar:/home/user/.m2/repository/commons-lang/commons-lang/2.6/commons-lang-2.6.jar:/home/user/.m2/repository/org/apache/hadoop/hadoop-ozone-ozone-manager/0.5.0-SNAPSHOT/hadoop-ozone-ozone-manager-0.5.0-SNAPSHOT-tests.jar:/home/user/.m2/repository/junit/junit/4.11/junit-4.11.jar:/home/user/.m2/repository/org/hamcrest/hamcrest-core/1.3/hamcrest-core-1.3.jar:/home/user/.m2/repository/org/openjdk/jmh/jmh-core/1.19/jmh-core-1.19.jar:/home/user/.m2/repository/net/sf/jopt-simple/jopt-simple/4.6/jopt-simple-4.6.jar:/home/user/.m2/repository/org/apache/commons/commons-math3/3.1.1/commons-math3-3.1.1.jar:/home/user/.m2/repository/org/openjdk/jmh/jmh-generator-annprocess/1.19/jmh-generator-annprocess-1.19.jar:/home/user/.m2/repository/org/mockito/mockito-all/1.8.5/mockito-all-1.8.5.jar:/home/user/.m2/repository/org/apache/hadoop/hadoop-kms/3.2.0/hadoop-kms-3.2.0.jar:/home/user/.m2/repository/org/apache/hadoop/hadoop-auth/3.2.0/hadoop-auth-3.2.0.jar:/home/user/.m2/repository/com/nimbusds/nimbus-jose-jwt/4.41.1/nimbus-jose-jwt-4.41.1.jar:/home/user/.m2/repository/com/github/stephenc/jcip/jcip-annotations/1.0-1/jcip-annotations-1.0-1.jar:/home/user/.m2/repository/net/minidev/json-smart/2.3/json-smart-2.3.jar:/home/user/.m2/repository/net/minidev/accessors-smart/1.2/accessors-smart-1.2.jar:/home/user/.m2/repository/org/ow2/asm/asm/5.0.4/asm-5.0.4.jar:/home/user/.m2/repository/org/apache/curator/curator-framework/2.12.0/curator-framework-2.12.0.jar:/home/user/.m2/repository/com/sun/jersey/jersey-core/1.19/jersey-core-1.19.jar:/home/user/.m2/repository/javax/ws/rs/jsr311-api/1.1.1/jsr311-api-1.1.1.jar:/home/user/.m2/repository/com/sun/jersey/jersey-server/1.19/jersey-server-1.19.jar:/home/user/.m2/repository/javax/servlet/javax.servlet-api/3.1.0/javax.servlet-api-3.1.0.jar:/home/user/.m2/repository/org/eclipse/jetty/jetty-server/9.3.25.v20180904/jetty-server-9.3.25.v20180904.jar:/home/user/.m2/repository/org/eclipse/jetty/jetty-http/9.3.25.v20180904/jetty-http-9.3.25.v20180904.jar:/home/user/.m2/repository/org/eclipse/jetty/jetty-io/9.3.25.v20180904/jetty-io-9.3.25.v20180904.jar:/home/user/.m2/repository/org/eclipse/jetty/jetty-webapp/9.3.25.v20180904/jetty-webapp-9.3.25.v20180904.jar:/home/user/.m2/repository/org/eclipse/jetty/jetty-xml/9.3.25.v20180904/jetty-xml-9.3.25.v20180904.jar:/home/user/.m2/repository/log4j/log4j/1.2.17/log4j-1.2.17.jar:/home/user/.m2/repository/org/slf4j/slf4j-api/1.7.25/slf4j-api-1.7.25.jar:/home/user/.m2/repository/org/slf4j/jul-to-slf4j/1.7.25/jul-to-slf4j-1.7.25.jar:/home/user/.m2/repository/org/eclipse/jetty/jetty-util/9.3.25.v20180904/jetty-util-9.3.25.v20180904.jar:/home/user/.m2/repository/com/fasterxml/jackson/core/jackson-databind/2.9.9/jackson-databind-2.9.9.jar:/home/user/.m2/repository/org/apache/hadoop/hadoop-kms/3.2.0/hadoop-kms-3.2.0-tests.jar:/home/user/.m2/repository/org/apache/hadoop/hadoop-hdds-server-scm/0.5.0-SNAPSHOT/hadoop-hdds-server-scm-0.5.0-SNAPSHOT-tests.jar:/home/user/.m2/repository/org/apache/hadoop/hadoop-hdds-container-service/0.5.0-SNAPSHOT/hadoop-hdds-container-service-0.5.0-SNAPSHOT-tests.jar:/home/user/.m2/repository/org/yaml/snakeyaml/1.16/snakeyaml-1.16.jar:/home/user/.m2/repository/org/apache/hadoop/hadoop-common/3.2.0/hadoop-common-3.2.0-tests.jar:/home/user/.m2/repository/org/apache/hadoop/hadoop-annotations/3.2.0/hadoop-annotations-3.2.0.jar:/usr/lib/jvm/java-1.8-openjdk/jre/../lib/tools.jar:/home/user/.m2/repository/commons-cli/commons-cli/1.2/commons-cli-1.2.jar:/home/user/.m2/repository/org/apache/httpcomponents/httpclient/4.5.2/httpclient-4.5.2.jar:/home/user/.m2/repository/org/apache/httpcomponents/httpcore/4.4.4/httpcore-4.4.4.jar:/home/user/.m2/repository/commons-codec/commons-codec/1.11/commons-codec-1.11.jar:/home/user/.m2/repository/commons-net/commons-net/3.6/commons-net-3.6.jar:/home/user/.m2/repository/commons-collections/commons-collections/3.2.2/commons-collections-3.2.2.jar:/home/user/.m2/repository/org/eclipse/jetty/jetty-servlet/9.3.25.v20180904/jetty-servlet-9.3.25.v20180904.jar:/home/user/.m2/repository/org/eclipse/jetty/jetty-security/9.3.25.v20180904/jetty-security-9.3.25.v20180904.jar:/home/user/.m2/repository/javax/servlet/jsp/jsp-api/2.1/jsp-api-2.1.jar:/home/user/.m2/repository/com/sun/jersey/jersey-servlet/1.19/jersey-servlet-1.19.jar:/home/user/.m2/repository/com/sun/jersey/jersey-json/1.19/jersey-json-1.19.jar:/home/user/.m2/repository/org/codehaus/jettison/jettison/1.1/jettison-1.1.jar:/home/user/.m2/repository/org/codehaus/jackson/jackson-core-asl/1.9.13/jackson-core-asl-1.9.13.jar:/home/user/.m2/repository/org/codehaus/jackson/jackson-mapper-asl/1.9.13/jackson-mapper-asl-1.9.13.jar:/home/user/.m2/repository/org/codehaus/jackson/jackson-jaxrs/1.9.13/jackson-jaxrs-1.9.13.jar:/home/user/.m2/repository/org/codehaus/jackson/jackson-xc/1.9.13/jackson-xc-1.9.13.jar:/home/user/.m2/repository/commons-logging/commons-logging/1.1.3/commons-logging-1.1.3.jar:/home/user/.m2/repository/commons-beanutils/commons-beanutils/1.9.4/commons-beanutils-1.9.4.jar:/home/user/.m2/repository/org/apache/commons/commons-configuration2/2.1.1/commons-configuration2-2.1.1.jar:/home/user/.m2/repository/org/apache/commons/commons-lang3/3.7/commons-lang3-3.7.jar:/home/user/.m2/repository/org/apache/commons/commons-text/1.4/commons-text-1.4.jar:/home/user/.m2/repository/org/apache/avro/avro/1.7.7/avro-1.7.7.jar:/home/user/.m2/repository/com/thoughtworks/paranamer/paranamer/2.3/paranamer-2.3.jar:/home/user/.m2/repository/org/xerial/snappy/snappy-java/1.0.5/snappy-java-1.0.5.jar:/home/user/.m2/repository/com/google/re2j/re2j/1.1/re2j-1.1.jar:/home/user/.m2/repository/com/google/code/gson/gson/2.2.4/gson-2.2.4.jar:/home/user/.m2/repository/com/jcraft/jsch/0.1.54/jsch-0.1.54.jar:/home/user/.m2/repository/org/apache/curator/curator-client/2.12.0/curator-client-2.12.0.jar:/home/user/.m2/repository/org/apache/curator/curator-recipes/2.12.0/curator-recipes-2.12.0.jar:/home/user/.m2/repository/com/google/code/findbugs/jsr305/3.0.0/jsr305-3.0.0.jar:/home/user/.m2/repository/org/apache/htrace/htrace-core4/4.1.0-incubating/htrace-core4-4.1.0-incubating.jar:/home/user/.m2/repository/org/apache/zookeeper/zookeeper/3.4.13/zookeeper-3.4.13.jar:/home/user/.m2/repository/jline/jline/0.9.94/jline-0.9.94.jar:/home/user/.m2/repository/org/apache/yetus/audience-annotations/0.5.0/audience-annotations-0.5.0.jar:/home/user/.m2/repository/org/codehaus/woodstox/stax2-api/3.1.4/stax2-api-3.1.4.jar:/home/user/.m2/repository/com/fasterxml/woodstox/woodstox-core/5.0.3/woodstox-core-5.0.3.jar:/home/user/.m2/repository/dnsjava/dnsjava/2.1.7/dnsjava-2.1.7.jar:/home/user/.m2/repository/org/apache/hadoop/hadoop-hdfs/3.2.0/hadoop-hdfs-3.2.0-tests.jar:/home/user/.m2/repository/org/eclipse/jetty/jetty-util-ajax/9.3.25.v20180904/jetty-util-ajax-9.3.25.v20180904.jar:/home/user/.m2/repository/commons-daemon/commons-daemon/1.0.13/commons-daemon-1.0.13.jar:/home/user/.m2/repository/io/netty/netty/3.10.5.Final/netty-3.10.5.Final.jar:/home/user/.m2/repository/io/netty/netty-all/4.0.52.Final/netty-all-4.0.52.Final.jar:/home/user/.m2/repository/org/fusesource/leveldbjni/leveldbjni-all/1.8/leveldbjni-all-1.8.jar:"/>
    <property name="sun.cpu.endian" value="little"/>
    <property name="user.home" value="/home/user"/>
    <property name="user.language" value="en"/>
    <property name="java.specification.vendor" value="Oracle Corporation"/>
    <property name="java.home" value="/usr/lib/jvm/java-1.8-openjdk/jre"/>
    <property name="surefire.excludesFile" value="/tools/ozone-bad-unit-tests"/>
    <property name="java.security.krb5.conf" value="/workdir/hadoop-ozone/integration-test/target/test-classes/krb5.conf"/>
    <property name="basedir" value="/workdir/hadoop-ozone/integration-test"/>
    <property name="file.separator" value="/"/>
    <property name="line.separator" value="&#10;"/>
    <property name="java.vm.specification.vendor" value="Oracle Corporation"/>
    <property name="java.specification.name" value="Java Platform API Specification"/>
    <property name="java.awt.graphicsenv" value="sun.awt.X11GraphicsEnvironment"/>
    <property name="surefire.real.class.path" value="/workdir/hadoop-ozone/integration-test/target/surefire/surefirebooter3731767148001346858.jar"/>
    <property name="hadoop.log.dir" value="/workdir/hadoop-ozone/integration-test/target/log"/>
    <property name="sun.boot.class.path" value="/usr/lib/jvm/java-1.8-openjdk/jre/lib/resources.jar:/usr/lib/jvm/java-1.8-openjdk/jre/lib/rt.jar:/usr/lib/jvm/java-1.8-openjdk/jre/lib/sunrsasign.jar:/usr/lib/jvm/java-1.8-openjdk/jre/lib/jsse.jar:/usr/lib/jvm/java-1.8-openjdk/jre/lib/jce.jar:/usr/lib/jvm/java-1.8-openjdk/jre/lib/charsets.jar:/usr/lib/jvm/java-1.8-openjdk/jre/lib/jfr.jar:/usr/lib/jvm/java-1.8-openjdk/jre/classes"/>
    <property name="sun.management.compiler" value="HotSpot 64-Bit Tiered Compilers"/>
    <property name="java.runtime.version" value="1.8.0_212-b04"/>
    <property name="java.net.preferIPv4Stack" value="true"/>
    <property name="user.name" value="jenkins1000"/>
    <property name="path.separator" value=":"/>
    <property name="java.security.egd" value="file:///dev/urandom"/>
    <property name="os.version" value="3.10.0-957.12.2.el7.x86_64"/>
    <property name="java.endorsed.dirs" value="/usr/lib/jvm/java-1.8-openjdk/jre/lib/endorsed"/>
    <property name="java.runtime.name" value="OpenJDK Runtime Environment"/>
    <property name="file.encoding" value="UTF-8"/>
    <property name="java.vm.name" value="OpenJDK 64-Bit Server VM"/>
    <property name="test.build.webapps" value=""/>
    <property name="localRepository" value="/home/user/.m2/repository"/>
    <property name="java.vendor.url.bug" value="https://icedtea.classpath.org/bugzilla"/>
    <property name="java.io.tmpdir" value="/tmp"/>
    <property name="require.test.libhadoop" value=""/>
    <property name="java.version" value="1.8.0_212"/>
    <property name="user.dir" value="/workdir/hadoop-ozone/integration-test"/>
    <property name="os.arch" value="amd64"/>
    <property name="java.vm.specification.name" value="Java Virtual Machine Specification"/>
    <property name="test.build.classes" value="/workdir/hadoop-ozone/integration-test/target/test-classes"/>
    <property name="java.awt.printerjob" value="sun.print.PSPrinterJob"/>
    <property name="sun.os.patch.level" value="unknown"/>
    <property name="hadoop.tmp.dir" value="/workdir/hadoop-ozone/integration-test/target/tmp"/>
    <property name="java.library.path" value="/usr/lib/jvm/java-1.8-openjdk/jre/lib/amd64/server:/usr/lib/jvm/java-1.8-openjdk/jre/lib/amd64:/usr/lib/jvm/java-1.8-openjdk/jre/../lib/amd64:/workdir/hadoop-ozone/integration-test/target/native/target/usr/local/lib:/workdir/hadoop-ozone/integration-test/../../hadoop-common-project/hadoop-common/target/native/target/usr/local/lib:/usr/java/packages/lib/amd64:/usr/lib64:/lib64:/lib:/usr/lib"/>
    <property name="java.vm.info" value="mixed mode"/>
    <property name="java.vendor" value="IcedTea"/>
    <property name="java.vm.version" value="25.212-b04"/>
    <property name="java.ext.dirs" value="/usr/lib/jvm/java-1.8-openjdk/jre/lib/ext:/usr/java/packages/lib/ext"/>
    <property name="sun.io.unicode.encoding" value="UnicodeLittle"/>
    <property name="java.class.version" value="52.0"/>
  </properties>
  <testcase name="testWatchForCommitWithKeyWrite" classname="org.apache.hadoop.ozone.client.rpc.TestWatchForCommit" time="59.928"/>
  <testcase name="testWatchForCommitWithSmallerTimeoutValue" classname="org.apache.hadoop.ozone.client.rpc.TestWatchForCommit" time="44.764"/>
  <testcase name="testWatchForCommitForRetryfailure" classname="org.apache.hadoop.ozone.client.rpc.TestWatchForCommit" time="60.843">
    <failure type="java.lang.AssertionError">java.lang.AssertionError
	at org.junit.Assert.fail(Assert.java:86)
	at org.junit.Assert.assertTrue(Assert.java:41)
	at org.junit.Assert.assertTrue(Assert.java:52)
	at org.apache.hadoop.ozone.client.rpc.TestWatchForCommit.testWatchForCommitForRetryfailure(TestWatchForCommit.java:348)
	at sun.reflect.NativeMethodAccessorImpl.invoke0(Native Method)
	at sun.reflect.NativeMethodAccessorImpl.invoke(NativeMethodAccessorImpl.java:62)
	at sun.reflect.DelegatingMethodAccessorImpl.invoke(DelegatingMethodAccessorImpl.java:43)
	at java.lang.reflect.Method.invoke(Method.java:498)
	at org.junit.runners.model.FrameworkMethod$1.runReflectiveCall(FrameworkMethod.java:47)
	at org.junit.internal.runners.model.ReflectiveCallable.run(ReflectiveCallable.java:12)
	at org.junit.runners.model.FrameworkMethod.invokeExplosively(FrameworkMethod.java:44)
	at org.junit.internal.runners.statements.InvokeMethod.evaluate(InvokeMethod.java:17)
	at org.junit.runners.ParentRunner.runLeaf(ParentRunner.java:271)
	at org.junit.runners.BlockJUnit4ClassRunner.runChild(BlockJUnit4ClassRunner.java:70)
	at org.junit.runners.BlockJUnit4ClassRunner.runChild(BlockJUnit4ClassRunner.java:50)
	at org.junit.runners.ParentRunner$3.run(ParentRunner.java:238)
	at org.junit.runners.ParentRunner$1.schedule(ParentRunner.java:63)
	at org.junit.runners.ParentRunner.runChildren(ParentRunner.java:236)
	at org.junit.runners.ParentRunner.access$000(ParentRunner.java:53)
	at org.junit.runners.ParentRunner$2.evaluate(ParentRunner.java:229)
	at org.junit.runners.ParentRunner.run(ParentRunner.java:309)
	at org.apache.maven.surefire.junit4.JUnit4Provider.execute(JUnit4Provider.java:365)
	at org.apache.maven.surefire.junit4.JUnit4Provider.executeWithRerun(JUnit4Provider.java:273)
	at org.apache.maven.surefire.junit4.JUnit4Provider.executeTestSet(JUnit4Provider.java:238)
	at org.apache.maven.surefire.junit4.JUnit4Provider.invoke(JUnit4Provider.java:159)
	at org.apache.maven.surefire.booter.ForkedBooter.invokeProviderInSameClassLoader(ForkedBooter.java:384)
	at org.apache.maven.surefire.booter.ForkedBooter.runSuitesInProcess(ForkedBooter.java:345)
	at org.apache.maven.surefire.booter.ForkedBooter.execute(ForkedBooter.java:126)
	at org.apache.maven.surefire.booter.ForkedBooter.main(ForkedBooter.java:418)
</failure>
    <system-out><![CDATA[2019-10-14 14:51:37,726 [main] WARN  server.ServerUtils (ServerUtils.java:getScmDbDir(145)) - ozone.scm.db.dirs is not configured. We recommend adding this setting. Falling back to ozone.metadata.dirs instead.
2019-10-14 14:51:37,741 [main] WARN  server.ServerUtils (ServerUtils.java:getScmDbDir(145)) - ozone.scm.db.dirs is not configured. We recommend adding this setting. Falling back to ozone.metadata.dirs instead.
2019-10-14 14:51:37,741 [main] WARN  server.ServerUtils (ServerUtils.java:getScmDbDir(145)) - ozone.scm.db.dirs is not configured. We recommend adding this setting. Falling back to ozone.metadata.dirs instead.
2019-10-14 14:51:37,742 [main] INFO  db.DBStoreBuilder (DBStoreBuilder.java:addTable(117)) - using custom profile for table: deletedBlocks
2019-10-14 14:51:37,742 [main] INFO  db.DBStoreBuilder (DBStoreBuilder.java:processTables(168)) - Using default column profile:DBProfile.DISK for Table:deletedBlocks
2019-10-14 14:51:37,742 [main] INFO  db.DBStoreBuilder (DBStoreBuilder.java:addTable(117)) - using custom profile for table: validCerts
2019-10-14 14:51:37,742 [main] INFO  db.DBStoreBuilder (DBStoreBuilder.java:processTables(168)) - Using default column profile:DBProfile.DISK for Table:validCerts
2019-10-14 14:51:37,742 [main] INFO  db.DBStoreBuilder (DBStoreBuilder.java:addTable(117)) - using custom profile for table: revokedCerts
2019-10-14 14:51:37,742 [main] INFO  db.DBStoreBuilder (DBStoreBuilder.java:processTables(168)) - Using default column profile:DBProfile.DISK for Table:revokedCerts
2019-10-14 14:51:37,743 [main] INFO  db.DBStoreBuilder (DBStoreBuilder.java:addTable(117)) - using custom profile for table: default
2019-10-14 14:51:37,743 [main] INFO  db.DBStoreBuilder (DBStoreBuilder.java:processTables(174)) - Using default column profile:DBProfile.DISK for Table:default
2019-10-14 14:51:37,743 [main] INFO  db.DBStoreBuilder (DBStoreBuilder.java:getDbProfile(205)) - Using default options. DBProfile.DISK
2019-10-14 14:51:37,831 [main] INFO  net.NodeSchemaLoader (NodeSchemaLoader.java:loadSchemaFromFile(125)) - Loading file from sun.misc.CompoundEnumeration@6963b88c
2019-10-14 14:51:37,831 [main] INFO  net.NodeSchemaLoader (NodeSchemaLoader.java:loadSchema(171)) - Loading network topology layer schema file
2019-10-14 14:51:37,835 [main] WARN  server.ServerUtils (ServerUtils.java:sanitizeUserArgs(70)) - ozone.scm.stale.node.interval value = 300000 is larger than max = 100000 based on the key value of ozone.scm.heartbeat.thread.interval, reset to the max value 100000.
2019-10-14 14:51:37,835 [main] WARN  server.ServerUtils (ServerUtils.java:sanitizeUserArgs(70)) - ozone.scm.stale.node.interval value = 300000 is larger than max = 100000 based on the key value of ozone.scm.heartbeat.thread.interval, reset to the max value 100000.
2019-10-14 14:51:37,836 [main] INFO  node.SCMNodeManager (SCMNodeManager.java:<init>(116)) - Entering startup safe mode.
2019-10-14 14:51:37,836 [main] INFO  algorithms.ContainerPlacementPolicyFactory (ContainerPlacementPolicyFactory.java:getPolicy(57)) - Create container placement policy of type org.apache.hadoop.hdds.scm.container.placement.algorithms.SCMContainerPlacementRandom
2019-10-14 14:51:37,837 [main] WARN  server.ServerUtils (ServerUtils.java:getScmDbDir(145)) - ozone.scm.db.dirs is not configured. We recommend adding this setting. Falling back to ozone.metadata.dirs instead.
2019-10-14 14:51:37,857 [main] INFO  pipeline.SCMPipelineManager (SCMPipelineManager.java:initializePipelineState(132)) - No pipeline exists in current db
2019-10-14 14:51:37,858 [main] WARN  server.ServerUtils (ServerUtils.java:getScmDbDir(145)) - ozone.scm.db.dirs is not configured. We recommend adding this setting. Falling back to ozone.metadata.dirs instead.
2019-10-14 14:51:37,881 [main] WARN  events.EventQueue (EventQueue.java:fireEvent(183)) - No event handler registered for event TypedEvent{payloadType=SafeModeStatus, name='SafeModeStatus'}
2019-10-14 14:51:37,882 [main] INFO  ipc.CallQueueManager (CallQueueManager.java:<init>(84)) - Using callQueue: class java.util.concurrent.LinkedBlockingQueue, queueCapacity: 2000, scheduler: class org.apache.hadoop.ipc.DefaultRpcScheduler, ipcBackoff: false.
2019-10-14 14:51:37,883 [Socket Reader #1 for port 44711] INFO  ipc.Server (Server.java:run(1074)) - Starting Socket Reader #1 for port 44711
2019-10-14 14:51:37,885 [main] INFO  ipc.CallQueueManager (CallQueueManager.java:<init>(84)) - Using callQueue: class java.util.concurrent.LinkedBlockingQueue, queueCapacity: 2000, scheduler: class org.apache.hadoop.ipc.DefaultRpcScheduler, ipcBackoff: false.
2019-10-14 14:51:37,886 [Socket Reader #1 for port 46839] INFO  ipc.Server (Server.java:run(1074)) - Starting Socket Reader #1 for port 46839
2019-10-14 14:51:37,887 [main] INFO  ipc.CallQueueManager (CallQueueManager.java:<init>(84)) - Using callQueue: class java.util.concurrent.LinkedBlockingQueue, queueCapacity: 2000, scheduler: class org.apache.hadoop.ipc.DefaultRpcScheduler, ipcBackoff: false.
2019-10-14 14:51:37,888 [Socket Reader #1 for port 40969] INFO  ipc.Server (Server.java:run(1074)) - Starting Socket Reader #1 for port 40969
2019-10-14 14:51:37,892 [main] INFO  hdfs.DFSUtil (DFSUtil.java:httpServerTemplateForNNAndJN(1641)) - Starting Web-server for scm at: http://0.0.0.0:0
2019-10-14 14:51:37,894 [main] INFO  server.AuthenticationFilter (AuthenticationFilter.java:constructSecretProvider(240)) - Unable to initialize FileSignerSecretProvider, falling back to use random secrets.
2019-10-14 14:51:37,895 [main] WARN  http.HttpRequestLog (HttpRequestLog.java:getRequestLog(97)) - Jetty request log can only be enabled using Log4j
2019-10-14 14:51:37,897 [main] INFO  http.HttpServer2 (HttpServer2.java:addGlobalFilter(975)) - Added global filter 'safety' (class=org.apache.hadoop.http.HttpServer2$QuotingInputFilter)
2019-10-14 14:51:37,898 [main] INFO  http.HttpServer2 (HttpServer2.java:addFilter(948)) - Added filter static_user_filter (class=org.apache.hadoop.http.lib.StaticUserWebFilter$StaticUserFilter) to context scm
2019-10-14 14:51:37,898 [main] INFO  http.HttpServer2 (HttpServer2.java:addFilter(958)) - Added filter static_user_filter (class=org.apache.hadoop.http.lib.StaticUserWebFilter$StaticUserFilter) to context static
2019-10-14 14:51:37,899 [main] INFO  http.HttpServer2 (HttpServer2.java:addFilter(958)) - Added filter static_user_filter (class=org.apache.hadoop.http.lib.StaticUserWebFilter$StaticUserFilter) to context logs
2019-10-14 14:51:37,901 [main] INFO  server.StorageContainerManager (StorageContainerManager.java:start(772)) - StorageContainerLocationProtocol RPC server is listening at /0.0.0.0:40969
2019-10-14 14:51:37,904 [main] WARN  impl.MetricsConfig (MetricsConfig.java:loadFirst(134)) - Cannot locate configuration: tried hadoop-metrics2-storagecontainermanager.properties,hadoop-metrics2.properties
2019-10-14 14:51:37,905 [main] INFO  impl.MetricsSystemImpl (MetricsSystemImpl.java:startTimer(374)) - Scheduled Metric snapshot period at 10 second(s).
2019-10-14 14:51:37,905 [main] INFO  impl.MetricsSystemImpl (MetricsSystemImpl.java:start(191)) - StorageContainerManager metrics system started
2019-10-14 14:51:37,933 [main] INFO  lib.Interns (Interns.java:removeEldestEntry(50)) - Metrics intern cache overflow at 2011 for MetricsSystem={MetricsSystem=MetricsInfoImpl{name=MetricsSystem, description=MetricsSystem}, MetricsSystem record=MetricsInfoImpl{name=MetricsSystem, description=MetricsSystem record}}
2019-10-14 14:51:37,963 [main] WARN  impl.MetricsSystemImpl (MetricsSystemImpl.java:register(276)) - Sink prometheus already exists!
2019-10-14 14:51:38,001 [main] INFO  server.SCMClientProtocolServer (SCMClientProtocolServer.java:start(159)) - RPC server for Client  is listening at /0.0.0.0:40969
2019-10-14 14:51:38,002 [IPC Server Responder] INFO  ipc.Server (Server.java:run(1314)) - IPC Server Responder: starting
2019-10-14 14:51:38,002 [IPC Server listener on 40969] INFO  ipc.Server (Server.java:run(1153)) - IPC Server listener on 40969: starting
2019-10-14 14:51:38,007 [main] INFO  server.StorageContainerManager (StorageContainerManager.java:start(782)) - ScmBlockLocationProtocol RPC server is listening at /0.0.0.0:46839
2019-10-14 14:51:38,007 [main] INFO  server.SCMBlockProtocolServer (SCMBlockProtocolServer.java:start(146)) - RPC server for Block Protocol is listening at /0.0.0.0:46839
2019-10-14 14:51:38,008 [IPC Server Responder] INFO  ipc.Server (Server.java:run(1314)) - IPC Server Responder: starting
2019-10-14 14:51:38,008 [IPC Server listener on 46839] INFO  ipc.Server (Server.java:run(1153)) - IPC Server listener on 46839: starting
2019-10-14 14:51:38,012 [main] INFO  server.StorageContainerManager (StorageContainerManager.java:start(786)) - ScmDatanodeProtocl RPC server is listening at /0.0.0.0:44711
2019-10-14 14:51:38,012 [main] INFO  server.SCMDatanodeProtocolServer (SCMDatanodeProtocolServer.java:start(169)) - RPC server for DataNodes is listening at /0.0.0.0:44711
2019-10-14 14:51:38,013 [IPC Server Responder] INFO  ipc.Server (Server.java:run(1314)) - IPC Server Responder: starting
2019-10-14 14:51:38,014 [IPC Server listener on 44711] INFO  ipc.Server (Server.java:run(1153)) - IPC Server listener on 44711: starting
2019-10-14 14:51:38,018 [main] INFO  http.HttpServer2 (HttpServer2.java:bindListener(1191)) - Jetty bound to port 41473
2019-10-14 14:51:38,018 [main] INFO  server.Server (Server.java:doStart(351)) - jetty-9.3.25.v20180904, build timestamp: 2018-09-04T21:11:46Z, git hash: 3ce520221d0240229c862b122d2b06c12a625732
2019-10-14 14:51:38,020 [main] INFO  handler.ContextHandler (ContextHandler.java:doStart(781)) - Started o.e.j.s.ServletContextHandler@6fcd31c3{/logs,file:///workdir/hadoop-ozone/integration-test/target/log,AVAILABLE}
2019-10-14 14:51:38,020 [main] INFO  handler.ContextHandler (ContextHandler.java:doStart(781)) - Started o.e.j.s.ServletContextHandler@5503de1{/static,file:///workdir/hadoop-ozone/integration-test/target/test-classes/webapps/static,AVAILABLE}
2019-10-14 14:51:38,024 [main] INFO  handler.ContextHandler (ContextHandler.java:doStart(781)) - Started o.e.j.w.WebAppContext@b9d018b{/,file:///workdir/hadoop-ozone/integration-test/target/test-classes/webapps/scm/,AVAILABLE}{/scm}
2019-10-14 14:51:38,024 [main] INFO  server.AbstractConnector (AbstractConnector.java:doStart(278)) - Started ServerConnector@429aeac1{HTTP/1.1,[http/1.1]}{0.0.0.0:41473}
2019-10-14 14:51:38,026 [main] INFO  server.Server (Server.java:doStart(419)) - Started @105428ms
2019-10-14 14:51:38,026 [main] WARN  impl.MetricsSystemImpl (MetricsSystemImpl.java:register(276)) - Sink prometheus already exists!
2019-10-14 14:51:38,027 [main] INFO  server.BaseHttpServer (BaseHttpServer.java:updateConnectorAddress(215)) - HTTP server of SCM is listening at http://0.0.0.0:41473
2019-10-14 14:51:38,027 [main] WARN  server.ServerUtils (ServerUtils.java:getDBPath(222)) - ozone.om.db.dirs is not configured. We recommend adding this setting. Falling back to ozone.metadata.dirs instead.
2019-10-14 14:51:38,028 [org.apache.hadoop.util.JvmPauseMonitor$Monitor@6b4fc2d1] INFO  util.JvmPauseMonitor (JvmPauseMonitor.java:run(188)) - Starting JVM pause monitor
2019-10-14 14:51:38,042 [main] INFO  ha.OMHANodeDetails (OMHANodeDetails.java:loadOMHAConfig(190)) - Configuration either no ozone.om.address set. Falling back to the default OM address /127.0.0.1:0
2019-10-14 14:51:38,042 [main] INFO  ha.OMHANodeDetails (OMHANodeDetails.java:getOMNodeDetails(220)) - OM Service ID is not set. Setting it to the default ID: omServiceIdDefault
2019-10-14 14:51:38,043 [main] WARN  server.ServerUtils (ServerUtils.java:getDBPath(222)) - ozone.om.db.dirs is not configured. We recommend adding this setting. Falling back to ozone.metadata.dirs instead.
2019-10-14 14:51:38,043 [main] WARN  server.ServerUtils (ServerUtils.java:getDBPath(222)) - ozone.om.db.dirs is not configured. We recommend adding this setting. Falling back to ozone.metadata.dirs instead.
2019-10-14 14:51:38,054 [main] WARN  server.ServerUtils (ServerUtils.java:getDBPath(222)) - ozone.om.db.dirs is not configured. We recommend adding this setting. Falling back to ozone.metadata.dirs instead.
2019-10-14 14:51:38,055 [main] INFO  db.DBStoreBuilder (DBStoreBuilder.java:addTable(117)) - using custom profile for table: userTable
2019-10-14 14:51:38,055 [main] INFO  db.DBStoreBuilder (DBStoreBuilder.java:processTables(168)) - Using default column profile:DBProfile.DISK for Table:userTable
2019-10-14 14:51:38,056 [main] INFO  db.DBStoreBuilder (DBStoreBuilder.java:addTable(117)) - using custom profile for table: volumeTable
2019-10-14 14:51:38,056 [main] INFO  db.DBStoreBuilder (DBStoreBuilder.java:processTables(168)) - Using default column profile:DBProfile.DISK for Table:volumeTable
2019-10-14 14:51:38,056 [main] INFO  db.DBStoreBuilder (DBStoreBuilder.java:addTable(117)) - using custom profile for table: bucketTable
2019-10-14 14:51:38,056 [main] INFO  db.DBStoreBuilder (DBStoreBuilder.java:processTables(168)) - Using default column profile:DBProfile.DISK for Table:bucketTable
2019-10-14 14:51:38,057 [main] INFO  db.DBStoreBuilder (DBStoreBuilder.java:addTable(117)) - using custom profile for table: keyTable
2019-10-14 14:51:38,057 [main] INFO  db.DBStoreBuilder (DBStoreBuilder.java:processTables(168)) - Using default column profile:DBProfile.DISK for Table:keyTable
2019-10-14 14:51:38,057 [main] INFO  db.DBStoreBuilder (DBStoreBuilder.java:addTable(117)) - using custom profile for table: deletedTable
2019-10-14 14:51:38,057 [main] INFO  db.DBStoreBuilder (DBStoreBuilder.java:processTables(168)) - Using default column profile:DBProfile.DISK for Table:deletedTable
2019-10-14 14:51:38,058 [main] INFO  db.DBStoreBuilder (DBStoreBuilder.java:addTable(117)) - using custom profile for table: openKeyTable
2019-10-14 14:51:38,058 [main] INFO  db.DBStoreBuilder (DBStoreBuilder.java:processTables(168)) - Using default column profile:DBProfile.DISK for Table:openKeyTable
2019-10-14 14:51:38,058 [main] INFO  db.DBStoreBuilder (DBStoreBuilder.java:addTable(117)) - using custom profile for table: s3Table
2019-10-14 14:51:38,058 [main] INFO  db.DBStoreBuilder (DBStoreBuilder.java:processTables(168)) - Using default column profile:DBProfile.DISK for Table:s3Table
2019-10-14 14:51:38,059 [main] INFO  db.DBStoreBuilder (DBStoreBuilder.java:addTable(117)) - using custom profile for table: multipartInfoTable
2019-10-14 14:51:38,059 [main] INFO  db.DBStoreBuilder (DBStoreBuilder.java:processTables(168)) - Using default column profile:DBProfile.DISK for Table:multipartInfoTable
2019-10-14 14:51:38,059 [main] INFO  db.DBStoreBuilder (DBStoreBuilder.java:addTable(117)) - using custom profile for table: dTokenTable
2019-10-14 14:51:38,060 [main] INFO  db.DBStoreBuilder (DBStoreBuilder.java:processTables(168)) - Using default column profile:DBProfile.DISK for Table:dTokenTable
2019-10-14 14:51:38,060 [main] INFO  db.DBStoreBuilder (DBStoreBuilder.java:addTable(117)) - using custom profile for table: s3SecretTable
2019-10-14 14:51:38,060 [main] INFO  db.DBStoreBuilder (DBStoreBuilder.java:processTables(168)) - Using default column profile:DBProfile.DISK for Table:s3SecretTable
2019-10-14 14:51:38,060 [main] INFO  db.DBStoreBuilder (DBStoreBuilder.java:addTable(117)) - using custom profile for table: prefixTable
2019-10-14 14:51:38,061 [main] INFO  db.DBStoreBuilder (DBStoreBuilder.java:processTables(168)) - Using default column profile:DBProfile.DISK for Table:prefixTable
2019-10-14 14:51:38,061 [main] INFO  db.DBStoreBuilder (DBStoreBuilder.java:addTable(117)) - using custom profile for table: default
2019-10-14 14:51:38,061 [main] INFO  db.DBStoreBuilder (DBStoreBuilder.java:processTables(174)) - Using default column profile:DBProfile.DISK for Table:default
2019-10-14 14:51:38,061 [main] INFO  db.DBStoreBuilder (DBStoreBuilder.java:getDbProfile(205)) - Using default options. DBProfile.DISK
2019-10-14 14:51:38,529 [main] INFO  ipc.CallQueueManager (CallQueueManager.java:<init>(84)) - Using callQueue: class java.util.concurrent.LinkedBlockingQueue, queueCapacity: 2000, scheduler: class org.apache.hadoop.ipc.DefaultRpcScheduler, ipcBackoff: false.
2019-10-14 14:51:38,530 [Socket Reader #1 for port 44662] INFO  ipc.Server (Server.java:run(1074)) - Starting Socket Reader #1 for port 44662
2019-10-14 14:51:38,544 [main] INFO  om.OzoneManager (OzoneManager.java:start(1071)) - OzoneManager RPC server is listening at localhost/127.0.0.1:44662
2019-10-14 14:51:38,544 [main] INFO  impl.MetricsSystemImpl (MetricsSystemImpl.java:init(158)) - OzoneManager metrics system started (again)
2019-10-14 14:51:38,546 [IPC Server Responder] INFO  ipc.Server (Server.java:run(1314)) - IPC Server Responder: starting
2019-10-14 14:51:38,546 [IPC Server listener on 44662] INFO  ipc.Server (Server.java:run(1153)) - IPC Server listener on 44662: starting
2019-10-14 14:51:38,552 [main] INFO  hdfs.DFSUtil (DFSUtil.java:httpServerTemplateForNNAndJN(1641)) - Starting Web-server for ozoneManager at: http://0.0.0.0:0
2019-10-14 14:51:38,553 [main] INFO  server.AuthenticationFilter (AuthenticationFilter.java:constructSecretProvider(240)) - Unable to initialize FileSignerSecretProvider, falling back to use random secrets.
2019-10-14 14:51:38,553 [main] WARN  http.HttpRequestLog (HttpRequestLog.java:getRequestLog(97)) - Jetty request log can only be enabled using Log4j
2019-10-14 14:51:38,555 [main] INFO  http.HttpServer2 (HttpServer2.java:addGlobalFilter(975)) - Added global filter 'safety' (class=org.apache.hadoop.http.HttpServer2$QuotingInputFilter)
2019-10-14 14:51:38,555 [main] INFO  http.HttpServer2 (HttpServer2.java:addFilter(948)) - Added filter static_user_filter (class=org.apache.hadoop.http.lib.StaticUserWebFilter$StaticUserFilter) to context ozoneManager
2019-10-14 14:51:38,556 [main] INFO  http.HttpServer2 (HttpServer2.java:addFilter(958)) - Added filter static_user_filter (class=org.apache.hadoop.http.lib.StaticUserWebFilter$StaticUserFilter) to context static
2019-10-14 14:51:38,556 [main] INFO  http.HttpServer2 (HttpServer2.java:addFilter(958)) - Added filter static_user_filter (class=org.apache.hadoop.http.lib.StaticUserWebFilter$StaticUserFilter) to context logs
2019-10-14 14:51:38,556 [main] INFO  http.HttpServer2 (HttpServer2.java:bindListener(1191)) - Jetty bound to port 40869
2019-10-14 14:51:38,557 [main] INFO  server.Server (Server.java:doStart(351)) - jetty-9.3.25.v20180904, build timestamp: 2018-09-04T21:11:46Z, git hash: 3ce520221d0240229c862b122d2b06c12a625732
2019-10-14 14:51:38,558 [main] INFO  handler.ContextHandler (ContextHandler.java:doStart(781)) - Started o.e.j.s.ServletContextHandler@91da29b{/logs,file:///workdir/hadoop-ozone/integration-test/target/log,AVAILABLE}
2019-10-14 14:51:38,559 [main] INFO  handler.ContextHandler (ContextHandler.java:doStart(781)) - Started o.e.j.s.ServletContextHandler@75b38c36{/static,file:///workdir/hadoop-ozone/integration-test/target/test-classes/webapps/static,AVAILABLE}
2019-10-14 14:51:38,563 [main] INFO  handler.ContextHandler (ContextHandler.java:doStart(781)) - Started o.e.j.w.WebAppContext@3f63a513{/,file:///workdir/hadoop-ozone/integration-test/target/test-classes/webapps/ozoneManager/,AVAILABLE}{/ozoneManager}
2019-10-14 14:51:38,563 [main] INFO  server.AbstractConnector (AbstractConnector.java:doStart(278)) - Started ServerConnector@413bef78{HTTP/1.1,[http/1.1]}{0.0.0.0:40869}
2019-10-14 14:51:38,564 [main] INFO  server.Server (Server.java:doStart(419)) - Started @105967ms
2019-10-14 14:51:38,564 [main] WARN  impl.MetricsSystemImpl (MetricsSystemImpl.java:register(276)) - Sink prometheus already exists!
2019-10-14 14:51:38,565 [main] INFO  server.BaseHttpServer (BaseHttpServer.java:updateConnectorAddress(215)) - HTTP server of OZONEMANAGER is listening at http://0.0.0.0:40869
2019-10-14 14:51:38,581 [main] INFO  impl.MetricsSystemImpl (MetricsSystemImpl.java:init(158)) - HddsDatanode metrics system started (again)
2019-10-14 14:51:38,583 [main] INFO  ozone.HddsDatanodeService (HddsDatanodeService.java:start(184)) - HddsDatanodeService host:pr-hdds-2302-x69hs-1458597746 ip:192.168.157.234
2019-10-14 14:51:38,590 [main] INFO  volume.HddsVolume (HddsVolume.java:<init>(176)) - Creating Volume: /workdir/hadoop-ozone/integration-test/target/test-dir/MiniOzoneClusterImpl-4b41b7fd-8f2d-4662-9b03-706134207cd2/datanode-0/data/containers/hdds of  storage type : DISK and capacity : 1482555576320
2019-10-14 14:51:38,590 [main] INFO  volume.VolumeSet (VolumeSet.java:initializeVolumeSet(170)) - Added Volume : /workdir/hadoop-ozone/integration-test/target/test-dir/MiniOzoneClusterImpl-4b41b7fd-8f2d-4662-9b03-706134207cd2/datanode-0/data/containers/hdds to VolumeSet
2019-10-14 14:51:38,591 [main] INFO  volume.ThrottledAsyncChecker (ThrottledAsyncChecker.java:schedule(141)) - Scheduling a check for org.apache.hadoop.ozone.container.common.volume.HddsVolume@25c2a9e3
2019-10-14 14:51:38,591 [main] INFO  volume.HddsVolumeChecker (HddsVolumeChecker.java:checkAllVolumes(204)) - Scheduled health check for volume org.apache.hadoop.ozone.container.common.volume.HddsVolume@25c2a9e3
2019-10-14 14:51:38,605 [main] INFO  impl.RaftServerProxy (ConfUtils.java:logGet(43)) - raft.rpc.type = GRPC (default)
2019-10-14 14:51:38,605 [main] INFO  grpc.GrpcFactory (GrpcFactory.java:checkPooledByteBufAllocatorUseCacheForAllThreads(45)) - PERFORMANCE WARNING: useCacheForAllThreads is true that may cause Netty to create a lot garbage objects and, as a result, trigger GC.
	It is recommended to disable useCacheForAllThreads by setting -Dorg.apache.ratis.thirdparty.io.netty.allocator.useCacheForAllThreads=false in command line.
2019-10-14 14:51:38,606 [main] INFO  grpc.GrpcConfigKeys$Server (ConfUtils.java:logGet(43)) - raft.grpc.server.port = 0 (default)
2019-10-14 14:51:38,606 [main] INFO  server.GrpcService (ConfUtils.java:logGet(43)) - raft.grpc.message.size.max = 33570816 (custom)
2019-10-14 14:51:38,606 [main] INFO  server.RaftServerConfigKeys (ConfUtils.java:logGet(43)) - raft.server.log.appender.buffer.byte-limit = 33554432 (custom)
2019-10-14 14:51:38,606 [main] INFO  server.GrpcService (ConfUtils.java:logGet(43)) - raft.grpc.flow.control.window = 1MB (=1048576) (default)
2019-10-14 14:51:38,606 [main] INFO  server.RaftServerConfigKeys (ConfUtils.java:logGet(43)) - raft.server.rpc.request.timeout = 3000ms (default)
2019-10-14 14:51:38,607 [main] INFO  server.RaftServerConfigKeys (ConfUtils.java:logGet(43)) - raft.server.storage.dir = [/workdir/hadoop-ozone/integration-test/target/test-dir/MiniOzoneClusterImpl-4b41b7fd-8f2d-4662-9b03-706134207cd2/datanode-0/data/ratis] (custom)
2019-10-14 14:51:38,608 [main] INFO  hdfs.DFSUtil (DFSUtil.java:httpServerTemplateForNNAndJN(1641)) - Starting Web-server for hddsDatanode at: http://0.0.0.0:0
2019-10-14 14:51:38,616 [main] INFO  server.AuthenticationFilter (AuthenticationFilter.java:constructSecretProvider(240)) - Unable to initialize FileSignerSecretProvider, falling back to use random secrets.
2019-10-14 14:51:38,616 [main] WARN  http.HttpRequestLog (HttpRequestLog.java:getRequestLog(97)) - Jetty request log can only be enabled using Log4j
2019-10-14 14:51:38,617 [main] INFO  http.HttpServer2 (HttpServer2.java:addGlobalFilter(975)) - Added global filter 'safety' (class=org.apache.hadoop.http.HttpServer2$QuotingInputFilter)
2019-10-14 14:51:38,618 [main] INFO  http.HttpServer2 (HttpServer2.java:addFilter(948)) - Added filter static_user_filter (class=org.apache.hadoop.http.lib.StaticUserWebFilter$StaticUserFilter) to context hddsDatanode
2019-10-14 14:51:38,618 [main] INFO  http.HttpServer2 (HttpServer2.java:addFilter(958)) - Added filter static_user_filter (class=org.apache.hadoop.http.lib.StaticUserWebFilter$StaticUserFilter) to context static
2019-10-14 14:51:38,618 [main] INFO  http.HttpServer2 (HttpServer2.java:addFilter(958)) - Added filter static_user_filter (class=org.apache.hadoop.http.lib.StaticUserWebFilter$StaticUserFilter) to context logs
2019-10-14 14:51:38,619 [main] INFO  http.HttpServer2 (HttpServer2.java:bindListener(1191)) - Jetty bound to port 39194
2019-10-14 14:51:38,619 [main] INFO  server.Server (Server.java:doStart(351)) - jetty-9.3.25.v20180904, build timestamp: 2018-09-04T21:11:46Z, git hash: 3ce520221d0240229c862b122d2b06c12a625732
2019-10-14 14:51:38,621 [main] INFO  handler.ContextHandler (ContextHandler.java:doStart(781)) - Started o.e.j.s.ServletContextHandler@32d418a9{/logs,file:///workdir/hadoop-ozone/integration-test/target/log,AVAILABLE}
2019-10-14 14:51:38,621 [main] INFO  handler.ContextHandler (ContextHandler.java:doStart(781)) - Started o.e.j.s.ServletContextHandler@746c411c{/static,jar:file:/home/user/.m2/repository/org/apache/hadoop/hadoop-hdds-container-service/0.5.0-SNAPSHOT/hadoop-hdds-container-service-0.5.0-SNAPSHOT.jar!/webapps/static,AVAILABLE}
2019-10-14 14:51:38,650 [main] INFO  handler.ContextHandler (ContextHandler.java:doStart(781)) - Started o.e.j.w.WebAppContext@36776c32{/,file:///tmp/jetty-0.0.0.0-39194-hddsDatanode-_-any-498989767018453546.dir/webapp/,AVAILABLE}{/hddsDatanode}
2019-10-14 14:51:38,651 [main] INFO  server.AbstractConnector (AbstractConnector.java:doStart(278)) - Started ServerConnector@7792d851{HTTP/1.1,[http/1.1]}{0.0.0.0:39194}
2019-10-14 14:51:38,654 [main] INFO  server.Server (Server.java:doStart(419)) - Started @106056ms
2019-10-14 14:51:38,654 [main] WARN  impl.MetricsSystemImpl (MetricsSystemImpl.java:register(276)) - Sink prometheus already exists!
2019-10-14 14:51:38,655 [main] INFO  server.BaseHttpServer (BaseHttpServer.java:updateConnectorAddress(215)) - HTTP server of HDDSDATANODE is listening at http://0.0.0.0:39194
2019-10-14 14:51:38,655 [main] INFO  impl.MetricsSystemImpl (MetricsSystemImpl.java:init(158)) - HddsDatanode metrics system started (again)
2019-10-14 14:51:38,658 [org.apache.hadoop.util.JvmPauseMonitor$Monitor@479e64ac] INFO  util.JvmPauseMonitor (JvmPauseMonitor.java:run(188)) - Starting JVM pause monitor
2019-10-14 14:51:38,659 [main] INFO  ozone.HddsDatanodeService (HddsDatanodeService.java:start(184)) - HddsDatanodeService host:pr-hdds-2302-x69hs-1458597746 ip:192.168.157.234
2019-10-14 14:51:38,661 [Datanode State Machine Thread - 0] INFO  datanode.InitDatanodeState (InitDatanodeState.java:persistContainerDatanodeDetails(140)) - DatanodeDetails is persisted to /workdir/hadoop-ozone/integration-test/target/test-dir/MiniOzoneClusterImpl-4b41b7fd-8f2d-4662-9b03-706134207cd2/datanode-0/meta/datanode.id
2019-10-14 14:51:38,666 [main] INFO  volume.HddsVolume (HddsVolume.java:<init>(176)) - Creating Volume: /workdir/hadoop-ozone/integration-test/target/test-dir/MiniOzoneClusterImpl-4b41b7fd-8f2d-4662-9b03-706134207cd2/datanode-1/data/containers/hdds of  storage type : DISK and capacity : 1482555576320
2019-10-14 14:51:38,666 [main] INFO  volume.VolumeSet (VolumeSet.java:initializeVolumeSet(170)) - Added Volume : /workdir/hadoop-ozone/integration-test/target/test-dir/MiniOzoneClusterImpl-4b41b7fd-8f2d-4662-9b03-706134207cd2/datanode-1/data/containers/hdds to VolumeSet
2019-10-14 14:51:38,666 [main] INFO  volume.ThrottledAsyncChecker (ThrottledAsyncChecker.java:schedule(141)) - Scheduling a check for org.apache.hadoop.ozone.container.common.volume.HddsVolume@73c31181
2019-10-14 14:51:38,667 [main] INFO  volume.HddsVolumeChecker (HddsVolumeChecker.java:checkAllVolumes(204)) - Scheduled health check for volume org.apache.hadoop.ozone.container.common.volume.HddsVolume@73c31181
2019-10-14 14:51:38,681 [main] INFO  impl.RaftServerProxy (ConfUtils.java:logGet(43)) - raft.rpc.type = GRPC (default)
2019-10-14 14:51:38,682 [main] INFO  grpc.GrpcFactory (GrpcFactory.java:checkPooledByteBufAllocatorUseCacheForAllThreads(45)) - PERFORMANCE WARNING: useCacheForAllThreads is true that may cause Netty to create a lot garbage objects and, as a result, trigger GC.
	It is recommended to disable useCacheForAllThreads by setting -Dorg.apache.ratis.thirdparty.io.netty.allocator.useCacheForAllThreads=false in command line.
2019-10-14 14:51:38,682 [main] INFO  grpc.GrpcConfigKeys$Server (ConfUtils.java:logGet(43)) - raft.grpc.server.port = 0 (default)
2019-10-14 14:51:38,682 [main] INFO  server.GrpcService (ConfUtils.java:logGet(43)) - raft.grpc.message.size.max = 33570816 (custom)
2019-10-14 14:51:38,682 [main] INFO  server.RaftServerConfigKeys (ConfUtils.java:logGet(43)) - raft.server.log.appender.buffer.byte-limit = 33554432 (custom)
2019-10-14 14:51:38,682 [main] INFO  server.GrpcService (ConfUtils.java:logGet(43)) - raft.grpc.flow.control.window = 1MB (=1048576) (default)
2019-10-14 14:51:38,682 [main] INFO  server.RaftServerConfigKeys (ConfUtils.java:logGet(43)) - raft.server.rpc.request.timeout = 3000ms (default)
2019-10-14 14:51:38,683 [main] INFO  server.RaftServerConfigKeys (ConfUtils.java:logGet(43)) - raft.server.storage.dir = [/workdir/hadoop-ozone/integration-test/target/test-dir/MiniOzoneClusterImpl-4b41b7fd-8f2d-4662-9b03-706134207cd2/datanode-1/data/ratis] (custom)
2019-10-14 14:51:38,685 [main] INFO  hdfs.DFSUtil (DFSUtil.java:httpServerTemplateForNNAndJN(1641)) - Starting Web-server for hddsDatanode at: http://0.0.0.0:0
2019-10-14 14:51:38,686 [main] INFO  server.AuthenticationFilter (AuthenticationFilter.java:constructSecretProvider(240)) - Unable to initialize FileSignerSecretProvider, falling back to use random secrets.
2019-10-14 14:51:38,687 [main] WARN  http.HttpRequestLog (HttpRequestLog.java:getRequestLog(97)) - Jetty request log can only be enabled using Log4j
2019-10-14 14:51:38,688 [main] INFO  http.HttpServer2 (HttpServer2.java:addGlobalFilter(975)) - Added global filter 'safety' (class=org.apache.hadoop.http.HttpServer2$QuotingInputFilter)
2019-10-14 14:51:38,688 [main] INFO  http.HttpServer2 (HttpServer2.java:addFilter(948)) - Added filter static_user_filter (class=org.apache.hadoop.http.lib.StaticUserWebFilter$StaticUserFilter) to context hddsDatanode
2019-10-14 14:51:38,688 [main] INFO  http.HttpServer2 (HttpServer2.java:addFilter(958)) - Added filter static_user_filter (class=org.apache.hadoop.http.lib.StaticUserWebFilter$StaticUserFilter) to context logs
2019-10-14 14:51:38,689 [main] INFO  http.HttpServer2 (HttpServer2.java:addFilter(958)) - Added filter static_user_filter (class=org.apache.hadoop.http.lib.StaticUserWebFilter$StaticUserFilter) to context static
2019-10-14 14:51:38,689 [main] INFO  http.HttpServer2 (HttpServer2.java:bindListener(1191)) - Jetty bound to port 38402
2019-10-14 14:51:38,689 [main] INFO  server.Server (Server.java:doStart(351)) - jetty-9.3.25.v20180904, build timestamp: 2018-09-04T21:11:46Z, git hash: 3ce520221d0240229c862b122d2b06c12a625732
2019-10-14 14:51:38,691 [main] INFO  handler.ContextHandler (ContextHandler.java:doStart(781)) - Started o.e.j.s.ServletContextHandler@4d09cade{/logs,file:///workdir/hadoop-ozone/integration-test/target/log,AVAILABLE}
2019-10-14 14:51:38,692 [main] INFO  handler.ContextHandler (ContextHandler.java:doStart(781)) - Started o.e.j.s.ServletContextHandler@4b862408{/static,jar:file:/home/user/.m2/repository/org/apache/hadoop/hadoop-hdds-container-service/0.5.0-SNAPSHOT/hadoop-hdds-container-service-0.5.0-SNAPSHOT.jar!/webapps/static,AVAILABLE}
2019-10-14 14:51:38,720 [main] INFO  handler.ContextHandler (ContextHandler.java:doStart(781)) - Started o.e.j.w.WebAppContext@2a2dc0a{/,file:///tmp/jetty-0.0.0.0-38402-hddsDatanode-_-any-3023960079027896887.dir/webapp/,AVAILABLE}{/hddsDatanode}
2019-10-14 14:51:38,720 [main] INFO  server.AbstractConnector (AbstractConnector.java:doStart(278)) - Started ServerConnector@3a00b15d{HTTP/1.1,[http/1.1]}{0.0.0.0:38402}
2019-10-14 14:51:38,722 [main] INFO  server.Server (Server.java:doStart(419)) - Started @106124ms
2019-10-14 14:51:38,722 [main] WARN  impl.MetricsSystemImpl (MetricsSystemImpl.java:register(276)) - Sink prometheus already exists!
2019-10-14 14:51:38,722 [main] INFO  server.BaseHttpServer (BaseHttpServer.java:updateConnectorAddress(215)) - HTTP server of HDDSDATANODE is listening at http://0.0.0.0:38402
2019-10-14 14:51:38,723 [main] INFO  impl.MetricsSystemImpl (MetricsSystemImpl.java:init(158)) - HddsDatanode metrics system started (again)
2019-10-14 14:51:38,726 [main] INFO  ozone.HddsDatanodeService (HddsDatanodeService.java:start(184)) - HddsDatanodeService host:pr-hdds-2302-x69hs-1458597746 ip:192.168.157.234
2019-10-14 14:51:38,726 [org.apache.hadoop.util.JvmPauseMonitor$Monitor@100d78b5] INFO  util.JvmPauseMonitor (JvmPauseMonitor.java:run(188)) - Starting JVM pause monitor
2019-10-14 14:51:38,729 [Datanode State Machine Thread - 0] INFO  datanode.InitDatanodeState (InitDatanodeState.java:persistContainerDatanodeDetails(140)) - DatanodeDetails is persisted to /workdir/hadoop-ozone/integration-test/target/test-dir/MiniOzoneClusterImpl-4b41b7fd-8f2d-4662-9b03-706134207cd2/datanode-1/meta/datanode.id
2019-10-14 14:51:38,732 [main] INFO  volume.HddsVolume (HddsVolume.java:<init>(176)) - Creating Volume: /workdir/hadoop-ozone/integration-test/target/test-dir/MiniOzoneClusterImpl-4b41b7fd-8f2d-4662-9b03-706134207cd2/datanode-2/data/containers/hdds of  storage type : DISK and capacity : 1482555576320
2019-10-14 14:51:38,732 [main] INFO  volume.VolumeSet (VolumeSet.java:initializeVolumeSet(170)) - Added Volume : /workdir/hadoop-ozone/integration-test/target/test-dir/MiniOzoneClusterImpl-4b41b7fd-8f2d-4662-9b03-706134207cd2/datanode-2/data/containers/hdds to VolumeSet
2019-10-14 14:51:38,732 [main] INFO  volume.ThrottledAsyncChecker (ThrottledAsyncChecker.java:schedule(141)) - Scheduling a check for org.apache.hadoop.ozone.container.common.volume.HddsVolume@1e957e2f
2019-10-14 14:51:38,733 [main] INFO  volume.HddsVolumeChecker (HddsVolumeChecker.java:checkAllVolumes(204)) - Scheduled health check for volume org.apache.hadoop.ozone.container.common.volume.HddsVolume@1e957e2f
2019-10-14 14:51:38,746 [main] INFO  impl.RaftServerProxy (ConfUtils.java:logGet(43)) - raft.rpc.type = GRPC (default)
2019-10-14 14:51:38,747 [main] INFO  grpc.GrpcFactory (GrpcFactory.java:checkPooledByteBufAllocatorUseCacheForAllThreads(45)) - PERFORMANCE WARNING: useCacheForAllThreads is true that may cause Netty to create a lot garbage objects and, as a result, trigger GC.
	It is recommended to disable useCacheForAllThreads by setting -Dorg.apache.ratis.thirdparty.io.netty.allocator.useCacheForAllThreads=false in command line.
2019-10-14 14:51:38,747 [main] INFO  grpc.GrpcConfigKeys$Server (ConfUtils.java:logGet(43)) - raft.grpc.server.port = 0 (default)
2019-10-14 14:51:38,747 [main] INFO  server.GrpcService (ConfUtils.java:logGet(43)) - raft.grpc.message.size.max = 33570816 (custom)
2019-10-14 14:51:38,747 [main] INFO  server.RaftServerConfigKeys (ConfUtils.java:logGet(43)) - raft.server.log.appender.buffer.byte-limit = 33554432 (custom)
2019-10-14 14:51:38,747 [main] INFO  server.GrpcService (ConfUtils.java:logGet(43)) - raft.grpc.flow.control.window = 1MB (=1048576) (default)
2019-10-14 14:51:38,748 [main] INFO  server.RaftServerConfigKeys (ConfUtils.java:logGet(43)) - raft.server.rpc.request.timeout = 3000ms (default)
2019-10-14 14:51:38,748 [main] INFO  server.RaftServerConfigKeys (ConfUtils.java:logGet(43)) - raft.server.storage.dir = [/workdir/hadoop-ozone/integration-test/target/test-dir/MiniOzoneClusterImpl-4b41b7fd-8f2d-4662-9b03-706134207cd2/datanode-2/data/ratis] (custom)
2019-10-14 14:51:38,749 [main] INFO  hdfs.DFSUtil (DFSUtil.java:httpServerTemplateForNNAndJN(1641)) - Starting Web-server for hddsDatanode at: http://0.0.0.0:0
2019-10-14 14:51:38,750 [main] INFO  server.AuthenticationFilter (AuthenticationFilter.java:constructSecretProvider(240)) - Unable to initialize FileSignerSecretProvider, falling back to use random secrets.
2019-10-14 14:51:38,751 [main] WARN  http.HttpRequestLog (HttpRequestLog.java:getRequestLog(97)) - Jetty request log can only be enabled using Log4j
2019-10-14 14:51:38,752 [main] INFO  http.HttpServer2 (HttpServer2.java:addGlobalFilter(975)) - Added global filter 'safety' (class=org.apache.hadoop.http.HttpServer2$QuotingInputFilter)
2019-10-14 14:51:38,752 [main] INFO  http.HttpServer2 (HttpServer2.java:addFilter(948)) - Added filter static_user_filter (class=org.apache.hadoop.http.lib.StaticUserWebFilter$StaticUserFilter) to context hddsDatanode
2019-10-14 14:51:38,752 [main] INFO  http.HttpServer2 (HttpServer2.java:addFilter(958)) - Added filter static_user_filter (class=org.apache.hadoop.http.lib.StaticUserWebFilter$StaticUserFilter) to context logs
2019-10-14 14:51:38,753 [main] INFO  http.HttpServer2 (HttpServer2.java:addFilter(958)) - Added filter static_user_filter (class=org.apache.hadoop.http.lib.StaticUserWebFilter$StaticUserFilter) to context static
2019-10-14 14:51:38,753 [main] INFO  http.HttpServer2 (HttpServer2.java:bindListener(1191)) - Jetty bound to port 46319
2019-10-14 14:51:38,753 [main] INFO  server.Server (Server.java:doStart(351)) - jetty-9.3.25.v20180904, build timestamp: 2018-09-04T21:11:46Z, git hash: 3ce520221d0240229c862b122d2b06c12a625732
2019-10-14 14:51:38,755 [main] INFO  handler.ContextHandler (ContextHandler.java:doStart(781)) - Started o.e.j.s.ServletContextHandler@1fd7a37{/logs,file:///workdir/hadoop-ozone/integration-test/target/log,AVAILABLE}
2019-10-14 14:51:38,755 [main] INFO  handler.ContextHandler (ContextHandler.java:doStart(781)) - Started o.e.j.s.ServletContextHandler@58a84a12{/static,jar:file:/home/user/.m2/repository/org/apache/hadoop/hadoop-hdds-container-service/0.5.0-SNAPSHOT/hadoop-hdds-container-service-0.5.0-SNAPSHOT.jar!/webapps/static,AVAILABLE}
2019-10-14 14:51:38,784 [main] INFO  handler.ContextHandler (ContextHandler.java:doStart(781)) - Started o.e.j.w.WebAppContext@78910096{/,file:///tmp/jetty-0.0.0.0-46319-hddsDatanode-_-any-7169133070549138388.dir/webapp/,AVAILABLE}{/hddsDatanode}
2019-10-14 14:51:38,784 [main] INFO  server.AbstractConnector (AbstractConnector.java:doStart(278)) - Started ServerConnector@39dec536{HTTP/1.1,[http/1.1]}{0.0.0.0:46319}
2019-10-14 14:51:38,785 [main] INFO  server.Server (Server.java:doStart(419)) - Started @106188ms
2019-10-14 14:51:38,786 [main] WARN  impl.MetricsSystemImpl (MetricsSystemImpl.java:register(276)) - Sink prometheus already exists!
2019-10-14 14:51:38,786 [main] INFO  server.BaseHttpServer (BaseHttpServer.java:updateConnectorAddress(215)) - HTTP server of HDDSDATANODE is listening at http://0.0.0.0:46319
2019-10-14 14:51:38,786 [main] INFO  impl.MetricsSystemImpl (MetricsSystemImpl.java:init(158)) - HddsDatanode metrics system started (again)
2019-10-14 14:51:38,790 [org.apache.hadoop.util.JvmPauseMonitor$Monitor@167cb052] INFO  util.JvmPauseMonitor (JvmPauseMonitor.java:run(188)) - Starting JVM pause monitor
2019-10-14 14:51:38,790 [main] INFO  ozone.HddsDatanodeService (HddsDatanodeService.java:start(184)) - HddsDatanodeService host:pr-hdds-2302-x69hs-1458597746 ip:192.168.157.234
2019-10-14 14:51:38,791 [Datanode State Machine Thread - 0] INFO  datanode.InitDatanodeState (InitDatanodeState.java:persistContainerDatanodeDetails(140)) - DatanodeDetails is persisted to /workdir/hadoop-ozone/integration-test/target/test-dir/MiniOzoneClusterImpl-4b41b7fd-8f2d-4662-9b03-706134207cd2/datanode-2/meta/datanode.id
2019-10-14 14:51:38,797 [main] INFO  volume.HddsVolume (HddsVolume.java:<init>(176)) - Creating Volume: /workdir/hadoop-ozone/integration-test/target/test-dir/MiniOzoneClusterImpl-4b41b7fd-8f2d-4662-9b03-706134207cd2/datanode-3/data/containers/hdds of  storage type : DISK and capacity : 1482555576320
2019-10-14 14:51:38,797 [main] INFO  volume.VolumeSet (VolumeSet.java:initializeVolumeSet(170)) - Added Volume : /workdir/hadoop-ozone/integration-test/target/test-dir/MiniOzoneClusterImpl-4b41b7fd-8f2d-4662-9b03-706134207cd2/datanode-3/data/containers/hdds to VolumeSet
2019-10-14 14:51:38,797 [main] INFO  volume.ThrottledAsyncChecker (ThrottledAsyncChecker.java:schedule(141)) - Scheduling a check for org.apache.hadoop.ozone.container.common.volume.HddsVolume@c1050f2
2019-10-14 14:51:38,797 [main] INFO  volume.HddsVolumeChecker (HddsVolumeChecker.java:checkAllVolumes(204)) - Scheduled health check for volume org.apache.hadoop.ozone.container.common.volume.HddsVolume@c1050f2
2019-10-14 14:51:38,810 [main] INFO  impl.RaftServerProxy (ConfUtils.java:logGet(43)) - raft.rpc.type = GRPC (default)
2019-10-14 14:51:38,810 [main] INFO  grpc.GrpcFactory (GrpcFactory.java:checkPooledByteBufAllocatorUseCacheForAllThreads(45)) - PERFORMANCE WARNING: useCacheForAllThreads is true that may cause Netty to create a lot garbage objects and, as a result, trigger GC.
	It is recommended to disable useCacheForAllThreads by setting -Dorg.apache.ratis.thirdparty.io.netty.allocator.useCacheForAllThreads=false in command line.
2019-10-14 14:51:38,811 [main] INFO  grpc.GrpcConfigKeys$Server (ConfUtils.java:logGet(43)) - raft.grpc.server.port = 0 (default)
2019-10-14 14:51:38,811 [main] INFO  server.GrpcService (ConfUtils.java:logGet(43)) - raft.grpc.message.size.max = 33570816 (custom)
2019-10-14 14:51:38,811 [main] INFO  server.RaftServerConfigKeys (ConfUtils.java:logGet(43)) - raft.server.log.appender.buffer.byte-limit = 33554432 (custom)
2019-10-14 14:51:38,811 [main] INFO  server.GrpcService (ConfUtils.java:logGet(43)) - raft.grpc.flow.control.window = 1MB (=1048576) (default)
2019-10-14 14:51:38,811 [main] INFO  server.RaftServerConfigKeys (ConfUtils.java:logGet(43)) - raft.server.rpc.request.timeout = 3000ms (default)
2019-10-14 14:51:38,812 [main] INFO  server.RaftServerConfigKeys (ConfUtils.java:logGet(43)) - raft.server.storage.dir = [/workdir/hadoop-ozone/integration-test/target/test-dir/MiniOzoneClusterImpl-4b41b7fd-8f2d-4662-9b03-706134207cd2/datanode-3/data/ratis] (custom)
2019-10-14 14:51:38,813 [main] INFO  hdfs.DFSUtil (DFSUtil.java:httpServerTemplateForNNAndJN(1641)) - Starting Web-server for hddsDatanode at: http://0.0.0.0:0
2019-10-14 14:51:38,814 [main] INFO  server.AuthenticationFilter (AuthenticationFilter.java:constructSecretProvider(240)) - Unable to initialize FileSignerSecretProvider, falling back to use random secrets.
2019-10-14 14:51:38,814 [main] WARN  http.HttpRequestLog (HttpRequestLog.java:getRequestLog(97)) - Jetty request log can only be enabled using Log4j
2019-10-14 14:51:38,816 [main] INFO  http.HttpServer2 (HttpServer2.java:addGlobalFilter(975)) - Added global filter 'safety' (class=org.apache.hadoop.http.HttpServer2$QuotingInputFilter)
2019-10-14 14:51:38,816 [main] INFO  http.HttpServer2 (HttpServer2.java:addFilter(948)) - Added filter static_user_filter (class=org.apache.hadoop.http.lib.StaticUserWebFilter$StaticUserFilter) to context hddsDatanode
2019-10-14 14:51:38,817 [main] INFO  http.HttpServer2 (HttpServer2.java:addFilter(958)) - Added filter static_user_filter (class=org.apache.hadoop.http.lib.StaticUserWebFilter$StaticUserFilter) to context static
2019-10-14 14:51:38,817 [main] INFO  http.HttpServer2 (HttpServer2.java:addFilter(958)) - Added filter static_user_filter (class=org.apache.hadoop.http.lib.StaticUserWebFilter$StaticUserFilter) to context logs
2019-10-14 14:51:38,817 [main] INFO  http.HttpServer2 (HttpServer2.java:bindListener(1191)) - Jetty bound to port 36127
2019-10-14 14:51:38,817 [main] INFO  server.Server (Server.java:doStart(351)) - jetty-9.3.25.v20180904, build timestamp: 2018-09-04T21:11:46Z, git hash: 3ce520221d0240229c862b122d2b06c12a625732
2019-10-14 14:51:38,819 [main] INFO  handler.ContextHandler (ContextHandler.java:doStart(781)) - Started o.e.j.s.ServletContextHandler@545b5ed0{/logs,file:///workdir/hadoop-ozone/integration-test/target/log,AVAILABLE}
2019-10-14 14:51:38,820 [main] INFO  handler.ContextHandler (ContextHandler.java:doStart(781)) - Started o.e.j.s.ServletContextHandler@667dcaad{/static,jar:file:/home/user/.m2/repository/org/apache/hadoop/hadoop-hdds-container-service/0.5.0-SNAPSHOT/hadoop-hdds-container-service-0.5.0-SNAPSHOT.jar!/webapps/static,AVAILABLE}
2019-10-14 14:51:38,848 [main] INFO  handler.ContextHandler (ContextHandler.java:doStart(781)) - Started o.e.j.w.WebAppContext@4c302f38{/,file:///tmp/jetty-0.0.0.0-36127-hddsDatanode-_-any-5517768585054164639.dir/webapp/,AVAILABLE}{/hddsDatanode}
2019-10-14 14:51:38,848 [main] INFO  server.AbstractConnector (AbstractConnector.java:doStart(278)) - Started ServerConnector@75aea2ba{HTTP/1.1,[http/1.1]}{0.0.0.0:36127}
2019-10-14 14:51:38,850 [main] INFO  server.Server (Server.java:doStart(419)) - Started @106252ms
2019-10-14 14:51:38,850 [main] WARN  impl.MetricsSystemImpl (MetricsSystemImpl.java:register(276)) - Sink prometheus already exists!
2019-10-14 14:51:38,851 [main] INFO  server.BaseHttpServer (BaseHttpServer.java:updateConnectorAddress(215)) - HTTP server of HDDSDATANODE is listening at http://0.0.0.0:36127
2019-10-14 14:51:38,851 [main] INFO  impl.MetricsSystemImpl (MetricsSystemImpl.java:init(158)) - HddsDatanode metrics system started (again)
2019-10-14 14:51:38,855 [org.apache.hadoop.util.JvmPauseMonitor$Monitor@7b290842] INFO  util.JvmPauseMonitor (JvmPauseMonitor.java:run(188)) - Starting JVM pause monitor
2019-10-14 14:51:38,855 [main] INFO  ozone.HddsDatanodeService (HddsDatanodeService.java:start(184)) - HddsDatanodeService host:pr-hdds-2302-x69hs-1458597746 ip:192.168.157.234
2019-10-14 14:51:38,856 [Datanode State Machine Thread - 0] INFO  datanode.InitDatanodeState (InitDatanodeState.java:persistContainerDatanodeDetails(140)) - DatanodeDetails is persisted to /workdir/hadoop-ozone/integration-test/target/test-dir/MiniOzoneClusterImpl-4b41b7fd-8f2d-4662-9b03-706134207cd2/datanode-3/meta/datanode.id
2019-10-14 14:51:38,868 [main] INFO  volume.HddsVolume (HddsVolume.java:<init>(176)) - Creating Volume: /workdir/hadoop-ozone/integration-test/target/test-dir/MiniOzoneClusterImpl-4b41b7fd-8f2d-4662-9b03-706134207cd2/datanode-4/data/containers/hdds of  storage type : DISK and capacity : 1482555576320
2019-10-14 14:51:38,868 [main] INFO  volume.VolumeSet (VolumeSet.java:initializeVolumeSet(170)) - Added Volume : /workdir/hadoop-ozone/integration-test/target/test-dir/MiniOzoneClusterImpl-4b41b7fd-8f2d-4662-9b03-706134207cd2/datanode-4/data/containers/hdds to VolumeSet
2019-10-14 14:51:38,868 [main] INFO  volume.ThrottledAsyncChecker (ThrottledAsyncChecker.java:schedule(141)) - Scheduling a check for org.apache.hadoop.ozone.container.common.volume.HddsVolume@11c713b7
2019-10-14 14:51:38,869 [main] INFO  volume.HddsVolumeChecker (HddsVolumeChecker.java:checkAllVolumes(204)) - Scheduled health check for volume org.apache.hadoop.ozone.container.common.volume.HddsVolume@11c713b7
2019-10-14 14:51:38,882 [main] INFO  impl.RaftServerProxy (ConfUtils.java:logGet(43)) - raft.rpc.type = GRPC (default)
2019-10-14 14:51:38,882 [main] INFO  grpc.GrpcFactory (GrpcFactory.java:checkPooledByteBufAllocatorUseCacheForAllThreads(45)) - PERFORMANCE WARNING: useCacheForAllThreads is true that may cause Netty to create a lot garbage objects and, as a result, trigger GC.
	It is recommended to disable useCacheForAllThreads by setting -Dorg.apache.ratis.thirdparty.io.netty.allocator.useCacheForAllThreads=false in command line.
2019-10-14 14:51:38,883 [main] INFO  grpc.GrpcConfigKeys$Server (ConfUtils.java:logGet(43)) - raft.grpc.server.port = 0 (default)
2019-10-14 14:51:38,883 [main] INFO  server.GrpcService (ConfUtils.java:logGet(43)) - raft.grpc.message.size.max = 33570816 (custom)
2019-10-14 14:51:38,883 [main] INFO  server.RaftServerConfigKeys (ConfUtils.java:logGet(43)) - raft.server.log.appender.buffer.byte-limit = 33554432 (custom)
2019-10-14 14:51:38,883 [main] INFO  server.GrpcService (ConfUtils.java:logGet(43)) - raft.grpc.flow.control.window = 1MB (=1048576) (default)
2019-10-14 14:51:38,883 [main] INFO  server.RaftServerConfigKeys (ConfUtils.java:logGet(43)) - raft.server.rpc.request.timeout = 3000ms (default)
2019-10-14 14:51:38,884 [main] INFO  server.RaftServerConfigKeys (ConfUtils.java:logGet(43)) - raft.server.storage.dir = [/workdir/hadoop-ozone/integration-test/target/test-dir/MiniOzoneClusterImpl-4b41b7fd-8f2d-4662-9b03-706134207cd2/datanode-4/data/ratis] (custom)
2019-10-14 14:51:38,885 [main] INFO  hdfs.DFSUtil (DFSUtil.java:httpServerTemplateForNNAndJN(1641)) - Starting Web-server for hddsDatanode at: http://0.0.0.0:0
2019-10-14 14:51:38,886 [main] INFO  server.AuthenticationFilter (AuthenticationFilter.java:constructSecretProvider(240)) - Unable to initialize FileSignerSecretProvider, falling back to use random secrets.
2019-10-14 14:51:38,887 [main] WARN  http.HttpRequestLog (HttpRequestLog.java:getRequestLog(97)) - Jetty request log can only be enabled using Log4j
2019-10-14 14:51:38,888 [main] INFO  http.HttpServer2 (HttpServer2.java:addGlobalFilter(975)) - Added global filter 'safety' (class=org.apache.hadoop.http.HttpServer2$QuotingInputFilter)
2019-10-14 14:51:38,888 [main] INFO  http.HttpServer2 (HttpServer2.java:addFilter(948)) - Added filter static_user_filter (class=org.apache.hadoop.http.lib.StaticUserWebFilter$StaticUserFilter) to context hddsDatanode
2019-10-14 14:51:38,888 [main] INFO  http.HttpServer2 (HttpServer2.java:addFilter(958)) - Added filter static_user_filter (class=org.apache.hadoop.http.lib.StaticUserWebFilter$StaticUserFilter) to context static
2019-10-14 14:51:38,889 [main] INFO  http.HttpServer2 (HttpServer2.java:addFilter(958)) - Added filter static_user_filter (class=org.apache.hadoop.http.lib.StaticUserWebFilter$StaticUserFilter) to context logs
2019-10-14 14:51:38,889 [main] INFO  http.HttpServer2 (HttpServer2.java:bindListener(1191)) - Jetty bound to port 40023
2019-10-14 14:51:38,889 [main] INFO  server.Server (Server.java:doStart(351)) - jetty-9.3.25.v20180904, build timestamp: 2018-09-04T21:11:46Z, git hash: 3ce520221d0240229c862b122d2b06c12a625732
2019-10-14 14:51:38,891 [main] INFO  handler.ContextHandler (ContextHandler.java:doStart(781)) - Started o.e.j.s.ServletContextHandler@38f981b6{/logs,file:///workdir/hadoop-ozone/integration-test/target/log,AVAILABLE}
2019-10-14 14:51:38,892 [main] INFO  handler.ContextHandler (ContextHandler.java:doStart(781)) - Started o.e.j.s.ServletContextHandler@7bbfc5ff{/static,jar:file:/home/user/.m2/repository/org/apache/hadoop/hadoop-hdds-container-service/0.5.0-SNAPSHOT/hadoop-hdds-container-service-0.5.0-SNAPSHOT.jar!/webapps/static,AVAILABLE}
2019-10-14 14:51:38,920 [main] INFO  handler.ContextHandler (ContextHandler.java:doStart(781)) - Started o.e.j.w.WebAppContext@49433c98{/,file:///tmp/jetty-0.0.0.0-40023-hddsDatanode-_-any-8340694592098355793.dir/webapp/,AVAILABLE}{/hddsDatanode}
2019-10-14 14:51:38,920 [main] INFO  server.AbstractConnector (AbstractConnector.java:doStart(278)) - Started ServerConnector@b5c6a30{HTTP/1.1,[http/1.1]}{0.0.0.0:40023}
2019-10-14 14:51:38,922 [main] INFO  server.Server (Server.java:doStart(419)) - Started @106324ms
2019-10-14 14:51:38,922 [main] WARN  impl.MetricsSystemImpl (MetricsSystemImpl.java:register(276)) - Sink prometheus already exists!
2019-10-14 14:51:38,923 [main] INFO  server.BaseHttpServer (BaseHttpServer.java:updateConnectorAddress(215)) - HTTP server of HDDSDATANODE is listening at http://0.0.0.0:40023
2019-10-14 14:51:38,923 [main] INFO  impl.MetricsSystemImpl (MetricsSystemImpl.java:init(158)) - HddsDatanode metrics system started (again)
2019-10-14 14:51:38,927 [org.apache.hadoop.util.JvmPauseMonitor$Monitor@7a7ad718] INFO  util.JvmPauseMonitor (JvmPauseMonitor.java:run(188)) - Starting JVM pause monitor
2019-10-14 14:51:38,927 [main] INFO  ozone.HddsDatanodeService (HddsDatanodeService.java:start(184)) - HddsDatanodeService host:pr-hdds-2302-x69hs-1458597746 ip:192.168.157.234
2019-10-14 14:51:38,928 [Datanode State Machine Thread - 0] INFO  datanode.InitDatanodeState (InitDatanodeState.java:persistContainerDatanodeDetails(140)) - DatanodeDetails is persisted to /workdir/hadoop-ozone/integration-test/target/test-dir/MiniOzoneClusterImpl-4b41b7fd-8f2d-4662-9b03-706134207cd2/datanode-4/meta/datanode.id
2019-10-14 14:51:38,934 [main] INFO  volume.HddsVolume (HddsVolume.java:<init>(176)) - Creating Volume: /workdir/hadoop-ozone/integration-test/target/test-dir/MiniOzoneClusterImpl-4b41b7fd-8f2d-4662-9b03-706134207cd2/datanode-5/data/containers/hdds of  storage type : DISK and capacity : 1482555576320
2019-10-14 14:51:38,934 [main] INFO  volume.VolumeSet (VolumeSet.java:initializeVolumeSet(170)) - Added Volume : /workdir/hadoop-ozone/integration-test/target/test-dir/MiniOzoneClusterImpl-4b41b7fd-8f2d-4662-9b03-706134207cd2/datanode-5/data/containers/hdds to VolumeSet
2019-10-14 14:51:38,934 [main] INFO  volume.ThrottledAsyncChecker (ThrottledAsyncChecker.java:schedule(141)) - Scheduling a check for org.apache.hadoop.ozone.container.common.volume.HddsVolume@b791a81
2019-10-14 14:51:38,935 [main] INFO  volume.HddsVolumeChecker (HddsVolumeChecker.java:checkAllVolumes(204)) - Scheduled health check for volume org.apache.hadoop.ozone.container.common.volume.HddsVolume@b791a81
2019-10-14 14:51:38,947 [main] INFO  impl.RaftServerProxy (ConfUtils.java:logGet(43)) - raft.rpc.type = GRPC (default)
2019-10-14 14:51:38,947 [main] INFO  grpc.GrpcFactory (GrpcFactory.java:checkPooledByteBufAllocatorUseCacheForAllThreads(45)) - PERFORMANCE WARNING: useCacheForAllThreads is true that may cause Netty to create a lot garbage objects and, as a result, trigger GC.
	It is recommended to disable useCacheForAllThreads by setting -Dorg.apache.ratis.thirdparty.io.netty.allocator.useCacheForAllThreads=false in command line.
2019-10-14 14:51:38,948 [main] INFO  grpc.GrpcConfigKeys$Server (ConfUtils.java:logGet(43)) - raft.grpc.server.port = 0 (default)
2019-10-14 14:51:38,948 [main] INFO  server.GrpcService (ConfUtils.java:logGet(43)) - raft.grpc.message.size.max = 33570816 (custom)
2019-10-14 14:51:38,948 [main] INFO  server.RaftServerConfigKeys (ConfUtils.java:logGet(43)) - raft.server.log.appender.buffer.byte-limit = 33554432 (custom)
2019-10-14 14:51:38,948 [main] INFO  server.GrpcService (ConfUtils.java:logGet(43)) - raft.grpc.flow.control.window = 1MB (=1048576) (default)
2019-10-14 14:51:38,948 [main] INFO  server.RaftServerConfigKeys (ConfUtils.java:logGet(43)) - raft.server.rpc.request.timeout = 3000ms (default)
2019-10-14 14:51:38,949 [main] INFO  server.RaftServerConfigKeys (ConfUtils.java:logGet(43)) - raft.server.storage.dir = [/workdir/hadoop-ozone/integration-test/target/test-dir/MiniOzoneClusterImpl-4b41b7fd-8f2d-4662-9b03-706134207cd2/datanode-5/data/ratis] (custom)
2019-10-14 14:51:38,950 [main] INFO  hdfs.DFSUtil (DFSUtil.java:httpServerTemplateForNNAndJN(1641)) - Starting Web-server for hddsDatanode at: http://0.0.0.0:0
2019-10-14 14:51:38,951 [main] INFO  server.AuthenticationFilter (AuthenticationFilter.java:constructSecretProvider(240)) - Unable to initialize FileSignerSecretProvider, falling back to use random secrets.
2019-10-14 14:51:38,951 [main] WARN  http.HttpRequestLog (HttpRequestLog.java:getRequestLog(97)) - Jetty request log can only be enabled using Log4j
2019-10-14 14:51:38,953 [main] INFO  http.HttpServer2 (HttpServer2.java:addGlobalFilter(975)) - Added global filter 'safety' (class=org.apache.hadoop.http.HttpServer2$QuotingInputFilter)
2019-10-14 14:51:38,953 [main] INFO  http.HttpServer2 (HttpServer2.java:addFilter(948)) - Added filter static_user_filter (class=org.apache.hadoop.http.lib.StaticUserWebFilter$StaticUserFilter) to context hddsDatanode
2019-10-14 14:51:38,953 [main] INFO  http.HttpServer2 (HttpServer2.java:addFilter(958)) - Added filter static_user_filter (class=org.apache.hadoop.http.lib.StaticUserWebFilter$StaticUserFilter) to context static
2019-10-14 14:51:38,954 [main] INFO  http.HttpServer2 (HttpServer2.java:addFilter(958)) - Added filter static_user_filter (class=org.apache.hadoop.http.lib.StaticUserWebFilter$StaticUserFilter) to context logs
2019-10-14 14:51:38,954 [main] INFO  http.HttpServer2 (HttpServer2.java:bindListener(1191)) - Jetty bound to port 38589
2019-10-14 14:51:38,954 [main] INFO  server.Server (Server.java:doStart(351)) - jetty-9.3.25.v20180904, build timestamp: 2018-09-04T21:11:46Z, git hash: 3ce520221d0240229c862b122d2b06c12a625732
2019-10-14 14:51:38,956 [main] INFO  handler.ContextHandler (ContextHandler.java:doStart(781)) - Started o.e.j.s.ServletContextHandler@4e3f2908{/logs,file:///workdir/hadoop-ozone/integration-test/target/log,AVAILABLE}
2019-10-14 14:51:38,956 [main] INFO  handler.ContextHandler (ContextHandler.java:doStart(781)) - Started o.e.j.s.ServletContextHandler@e3b0369{/static,jar:file:/home/user/.m2/repository/org/apache/hadoop/hadoop-hdds-container-service/0.5.0-SNAPSHOT/hadoop-hdds-container-service-0.5.0-SNAPSHOT.jar!/webapps/static,AVAILABLE}
2019-10-14 14:51:38,984 [main] INFO  handler.ContextHandler (ContextHandler.java:doStart(781)) - Started o.e.j.w.WebAppContext@157d3a45{/,file:///tmp/jetty-0.0.0.0-38589-hddsDatanode-_-any-3732280022198937223.dir/webapp/,AVAILABLE}{/hddsDatanode}
2019-10-14 14:51:38,985 [main] INFO  server.AbstractConnector (AbstractConnector.java:doStart(278)) - Started ServerConnector@750ed637{HTTP/1.1,[http/1.1]}{0.0.0.0:38589}
2019-10-14 14:51:38,986 [main] INFO  server.Server (Server.java:doStart(419)) - Started @106389ms
2019-10-14 14:51:38,986 [main] WARN  impl.MetricsSystemImpl (MetricsSystemImpl.java:register(276)) - Sink prometheus already exists!
2019-10-14 14:51:38,987 [main] INFO  server.BaseHttpServer (BaseHttpServer.java:updateConnectorAddress(215)) - HTTP server of HDDSDATANODE is listening at http://0.0.0.0:38589
2019-10-14 14:51:38,987 [main] INFO  impl.MetricsSystemImpl (MetricsSystemImpl.java:init(158)) - HddsDatanode metrics system started (again)
2019-10-14 14:51:38,991 [org.apache.hadoop.util.JvmPauseMonitor$Monitor@1b04fad] INFO  util.JvmPauseMonitor (JvmPauseMonitor.java:run(188)) - Starting JVM pause monitor
2019-10-14 14:51:38,992 [main] INFO  ozone.HddsDatanodeService (HddsDatanodeService.java:start(184)) - HddsDatanodeService host:pr-hdds-2302-x69hs-1458597746 ip:192.168.157.234
2019-10-14 14:51:38,993 [Datanode State Machine Thread - 0] INFO  datanode.InitDatanodeState (InitDatanodeState.java:persistContainerDatanodeDetails(140)) - DatanodeDetails is persisted to /workdir/hadoop-ozone/integration-test/target/test-dir/MiniOzoneClusterImpl-4b41b7fd-8f2d-4662-9b03-706134207cd2/datanode-5/meta/datanode.id
2019-10-14 14:51:38,998 [main] INFO  volume.HddsVolume (HddsVolume.java:<init>(176)) - Creating Volume: /workdir/hadoop-ozone/integration-test/target/test-dir/MiniOzoneClusterImpl-4b41b7fd-8f2d-4662-9b03-706134207cd2/datanode-6/data/containers/hdds of  storage type : DISK and capacity : 1482555576320
2019-10-14 14:51:38,999 [main] INFO  volume.VolumeSet (VolumeSet.java:initializeVolumeSet(170)) - Added Volume : /workdir/hadoop-ozone/integration-test/target/test-dir/MiniOzoneClusterImpl-4b41b7fd-8f2d-4662-9b03-706134207cd2/datanode-6/data/containers/hdds to VolumeSet
2019-10-14 14:51:38,999 [main] INFO  volume.ThrottledAsyncChecker (ThrottledAsyncChecker.java:schedule(141)) - Scheduling a check for org.apache.hadoop.ozone.container.common.volume.HddsVolume@261bd7b
2019-10-14 14:51:38,999 [main] INFO  volume.HddsVolumeChecker (HddsVolumeChecker.java:checkAllVolumes(204)) - Scheduled health check for volume org.apache.hadoop.ozone.container.common.volume.HddsVolume@261bd7b
2019-10-14 14:51:39,012 [main] INFO  impl.RaftServerProxy (ConfUtils.java:logGet(43)) - raft.rpc.type = GRPC (default)
2019-10-14 14:51:39,012 [main] INFO  grpc.GrpcFactory (GrpcFactory.java:checkPooledByteBufAllocatorUseCacheForAllThreads(45)) - PERFORMANCE WARNING: useCacheForAllThreads is true that may cause Netty to create a lot garbage objects and, as a result, trigger GC.
	It is recommended to disable useCacheForAllThreads by setting -Dorg.apache.ratis.thirdparty.io.netty.allocator.useCacheForAllThreads=false in command line.
2019-10-14 14:51:39,013 [main] INFO  grpc.GrpcConfigKeys$Server (ConfUtils.java:logGet(43)) - raft.grpc.server.port = 0 (default)
2019-10-14 14:51:39,013 [main] INFO  server.GrpcService (ConfUtils.java:logGet(43)) - raft.grpc.message.size.max = 33570816 (custom)
2019-10-14 14:51:39,013 [main] INFO  server.RaftServerConfigKeys (ConfUtils.java:logGet(43)) - raft.server.log.appender.buffer.byte-limit = 33554432 (custom)
2019-10-14 14:51:39,013 [main] INFO  server.GrpcService (ConfUtils.java:logGet(43)) - raft.grpc.flow.control.window = 1MB (=1048576) (default)
2019-10-14 14:51:39,013 [main] INFO  server.RaftServerConfigKeys (ConfUtils.java:logGet(43)) - raft.server.rpc.request.timeout = 3000ms (default)
2019-10-14 14:51:39,014 [main] INFO  server.RaftServerConfigKeys (ConfUtils.java:logGet(43)) - raft.server.storage.dir = [/workdir/hadoop-ozone/integration-test/target/test-dir/MiniOzoneClusterImpl-4b41b7fd-8f2d-4662-9b03-706134207cd2/datanode-6/data/ratis] (custom)
2019-10-14 14:51:39,015 [main] INFO  hdfs.DFSUtil (DFSUtil.java:httpServerTemplateForNNAndJN(1641)) - Starting Web-server for hddsDatanode at: http://0.0.0.0:0
2019-10-14 14:51:39,016 [main] INFO  server.AuthenticationFilter (AuthenticationFilter.java:constructSecretProvider(240)) - Unable to initialize FileSignerSecretProvider, falling back to use random secrets.
2019-10-14 14:51:39,016 [main] WARN  http.HttpRequestLog (HttpRequestLog.java:getRequestLog(97)) - Jetty request log can only be enabled using Log4j
2019-10-14 14:51:39,017 [main] INFO  http.HttpServer2 (HttpServer2.java:addGlobalFilter(975)) - Added global filter 'safety' (class=org.apache.hadoop.http.HttpServer2$QuotingInputFilter)
2019-10-14 14:51:39,018 [main] INFO  http.HttpServer2 (HttpServer2.java:addFilter(948)) - Added filter static_user_filter (class=org.apache.hadoop.http.lib.StaticUserWebFilter$StaticUserFilter) to context hddsDatanode
2019-10-14 14:51:39,018 [main] INFO  http.HttpServer2 (HttpServer2.java:addFilter(958)) - Added filter static_user_filter (class=org.apache.hadoop.http.lib.StaticUserWebFilter$StaticUserFilter) to context logs
2019-10-14 14:51:39,018 [main] INFO  http.HttpServer2 (HttpServer2.java:addFilter(958)) - Added filter static_user_filter (class=org.apache.hadoop.http.lib.StaticUserWebFilter$StaticUserFilter) to context static
2019-10-14 14:51:39,019 [main] INFO  http.HttpServer2 (HttpServer2.java:bindListener(1191)) - Jetty bound to port 33959
2019-10-14 14:51:39,019 [main] INFO  server.Server (Server.java:doStart(351)) - jetty-9.3.25.v20180904, build timestamp: 2018-09-04T21:11:46Z, git hash: 3ce520221d0240229c862b122d2b06c12a625732
2019-10-14 14:51:39,020 [main] INFO  handler.ContextHandler (ContextHandler.java:doStart(781)) - Started o.e.j.s.ServletContextHandler@4351ed61{/logs,file:///workdir/hadoop-ozone/integration-test/target/log,AVAILABLE}
2019-10-14 14:51:39,021 [main] INFO  handler.ContextHandler (ContextHandler.java:doStart(781)) - Started o.e.j.s.ServletContextHandler@45e617c4{/static,jar:file:/home/user/.m2/repository/org/apache/hadoop/hadoop-hdds-container-service/0.5.0-SNAPSHOT/hadoop-hdds-container-service-0.5.0-SNAPSHOT.jar!/webapps/static,AVAILABLE}
2019-10-14 14:51:39,049 [main] INFO  handler.ContextHandler (ContextHandler.java:doStart(781)) - Started o.e.j.w.WebAppContext@3d53e6f7{/,file:///tmp/jetty-0.0.0.0-33959-hddsDatanode-_-any-1197866134924739821.dir/webapp/,AVAILABLE}{/hddsDatanode}
2019-10-14 14:51:39,049 [main] INFO  server.AbstractConnector (AbstractConnector.java:doStart(278)) - Started ServerConnector@1de4bee0{HTTP/1.1,[http/1.1]}{0.0.0.0:33959}
2019-10-14 14:51:39,051 [main] INFO  server.Server (Server.java:doStart(419)) - Started @106453ms
2019-10-14 14:51:39,051 [main] WARN  impl.MetricsSystemImpl (MetricsSystemImpl.java:register(276)) - Sink prometheus already exists!
2019-10-14 14:51:39,052 [main] INFO  server.BaseHttpServer (BaseHttpServer.java:updateConnectorAddress(215)) - HTTP server of HDDSDATANODE is listening at http://0.0.0.0:33959
2019-10-14 14:51:39,052 [main] INFO  ozone.MiniOzoneClusterImpl (MiniOzoneClusterImpl.java:lambda$waitForClusterToBeReady$0(147)) - Waiting for cluster to be ready. Got 0 of 7 DN Heartbeats.
2019-10-14 14:51:39,053 [org.apache.hadoop.util.JvmPauseMonitor$Monitor@15771703] INFO  util.JvmPauseMonitor (JvmPauseMonitor.java:run(188)) - Starting JVM pause monitor
2019-10-14 14:51:39,055 [Datanode State Machine Thread - 0] INFO  datanode.InitDatanodeState (InitDatanodeState.java:persistContainerDatanodeDetails(140)) - DatanodeDetails is persisted to /workdir/hadoop-ozone/integration-test/target/test-dir/MiniOzoneClusterImpl-4b41b7fd-8f2d-4662-9b03-706134207cd2/datanode-6/meta/datanode.id
2019-10-14 14:51:40,052 [main] INFO  ozone.MiniOzoneClusterImpl (MiniOzoneClusterImpl.java:lambda$waitForClusterToBeReady$0(147)) - Waiting for cluster to be ready. Got 0 of 7 DN Heartbeats.
2019-10-14 14:51:40,695 [Datanode State Machine Thread - 0] INFO  ozoneimpl.OzoneContainer (OzoneContainer.java:start(213)) - Attempting to start container services.
2019-10-14 14:51:40,696 [Datanode State Machine Thread - 0] INFO  ozoneimpl.OzoneContainer (OzoneContainer.java:startContainerScrub(177)) - Background container scanner has been disabled.
2019-10-14 14:51:40,696 [Datanode State Machine Thread - 0] INFO  ratis.XceiverServerRatis (XceiverServerRatis.java:start(418)) - Starting XceiverServerRatis 197a08cb-7e32-46b6-9731-300bf29c37bf at port 0
2019-10-14 14:51:40,706 [Datanode State Machine Thread - 0] INFO  impl.RaftServerProxy (RaftServerProxy.java:lambda$start$3(299)) - 197a08cb-7e32-46b6-9731-300bf29c37bf: start RPC server
2019-10-14 14:51:40,709 [Datanode State Machine Thread - 0] INFO  server.GrpcService (GrpcService.java:startImpl(158)) - 197a08cb-7e32-46b6-9731-300bf29c37bf: GrpcService started, listening on 0.0.0.0/0.0.0.0:44708
2019-10-14 14:51:40,709 [Datanode State Machine Thread - 0] INFO  ratis.XceiverServerRatis (XceiverServerRatis.java:start(428)) - XceiverServerRatis 197a08cb-7e32-46b6-9731-300bf29c37bf is started using port 44708
2019-10-14 14:51:40,710 [Datanode State Machine Thread - 0] INFO  server.XceiverServerGrpc (XceiverServerGrpc.java:start(149)) - XceiverServerGrpc 197a08cb-7e32-46b6-9731-300bf29c37bf is started using port 38602
2019-10-14 14:51:40,741 [Datanode State Machine Thread - 0] INFO  ozoneimpl.OzoneContainer (OzoneContainer.java:start(213)) - Attempting to start container services.
2019-10-14 14:51:40,741 [Datanode State Machine Thread - 0] INFO  ozoneimpl.OzoneContainer (OzoneContainer.java:startContainerScrub(177)) - Background container scanner has been disabled.
2019-10-14 14:51:40,742 [Datanode State Machine Thread - 0] INFO  ratis.XceiverServerRatis (XceiverServerRatis.java:start(418)) - Starting XceiverServerRatis 25f80a8f-1a6f-414e-a49c-3d3c61aacfaa at port 0
2019-10-14 14:51:40,749 [Datanode State Machine Thread - 0] INFO  impl.RaftServerProxy (RaftServerProxy.java:lambda$start$3(299)) - 25f80a8f-1a6f-414e-a49c-3d3c61aacfaa: start RPC server
2019-10-14 14:51:40,751 [Datanode State Machine Thread - 0] INFO  server.GrpcService (GrpcService.java:startImpl(158)) - 25f80a8f-1a6f-414e-a49c-3d3c61aacfaa: GrpcService started, listening on 0.0.0.0/0.0.0.0:38614
2019-10-14 14:51:40,751 [Datanode State Machine Thread - 0] INFO  ratis.XceiverServerRatis (XceiverServerRatis.java:start(428)) - XceiverServerRatis 25f80a8f-1a6f-414e-a49c-3d3c61aacfaa is started using port 38614
2019-10-14 14:51:40,751 [Datanode State Machine Thread - 0] INFO  server.XceiverServerGrpc (XceiverServerGrpc.java:start(149)) - XceiverServerGrpc 25f80a8f-1a6f-414e-a49c-3d3c61aacfaa is started using port 35973
2019-10-14 14:51:40,805 [Datanode State Machine Thread - 0] INFO  ozoneimpl.OzoneContainer (OzoneContainer.java:start(213)) - Attempting to start container services.
2019-10-14 14:51:40,807 [Datanode State Machine Thread - 0] INFO  ozoneimpl.OzoneContainer (OzoneContainer.java:startContainerScrub(177)) - Background container scanner has been disabled.
2019-10-14 14:51:40,807 [Datanode State Machine Thread - 0] INFO  ratis.XceiverServerRatis (XceiverServerRatis.java:start(418)) - Starting XceiverServerRatis c6492fef-5352-4ee4-a298-3337cbd3b3a1 at port 0
2019-10-14 14:51:40,813 [Datanode State Machine Thread - 0] INFO  impl.RaftServerProxy (RaftServerProxy.java:lambda$start$3(299)) - c6492fef-5352-4ee4-a298-3337cbd3b3a1: start RPC server
2019-10-14 14:51:40,814 [Datanode State Machine Thread - 0] INFO  server.GrpcService (GrpcService.java:startImpl(158)) - c6492fef-5352-4ee4-a298-3337cbd3b3a1: GrpcService started, listening on 0.0.0.0/0.0.0.0:41731
2019-10-14 14:51:40,814 [Datanode State Machine Thread - 0] INFO  ratis.XceiverServerRatis (XceiverServerRatis.java:start(428)) - XceiverServerRatis c6492fef-5352-4ee4-a298-3337cbd3b3a1 is started using port 41731
2019-10-14 14:51:40,814 [Datanode State Machine Thread - 0] INFO  server.XceiverServerGrpc (XceiverServerGrpc.java:start(149)) - XceiverServerGrpc c6492fef-5352-4ee4-a298-3337cbd3b3a1 is started using port 41970
2019-10-14 14:51:40,870 [Datanode State Machine Thread - 0] INFO  ozoneimpl.OzoneContainer (OzoneContainer.java:start(213)) - Attempting to start container services.
2019-10-14 14:51:40,870 [Datanode State Machine Thread - 0] INFO  ozoneimpl.OzoneContainer (OzoneContainer.java:startContainerScrub(177)) - Background container scanner has been disabled.
2019-10-14 14:51:40,870 [Datanode State Machine Thread - 0] INFO  ratis.XceiverServerRatis (XceiverServerRatis.java:start(418)) - Starting XceiverServerRatis 459388a1-49cb-41d5-9d7e-a79fca8f9dca at port 0
2019-10-14 14:51:40,876 [Datanode State Machine Thread - 0] INFO  impl.RaftServerProxy (RaftServerProxy.java:lambda$start$3(299)) - 459388a1-49cb-41d5-9d7e-a79fca8f9dca: start RPC server
2019-10-14 14:51:40,877 [Datanode State Machine Thread - 0] INFO  server.GrpcService (GrpcService.java:startImpl(158)) - 459388a1-49cb-41d5-9d7e-a79fca8f9dca: GrpcService started, listening on 0.0.0.0/0.0.0.0:36026
2019-10-14 14:51:40,877 [Datanode State Machine Thread - 0] INFO  ratis.XceiverServerRatis (XceiverServerRatis.java:start(428)) - XceiverServerRatis 459388a1-49cb-41d5-9d7e-a79fca8f9dca is started using port 36026
2019-10-14 14:51:40,877 [Datanode State Machine Thread - 0] INFO  server.XceiverServerGrpc (XceiverServerGrpc.java:start(149)) - XceiverServerGrpc 459388a1-49cb-41d5-9d7e-a79fca8f9dca is started using port 44712
2019-10-14 14:51:40,941 [Datanode State Machine Thread - 0] INFO  ozoneimpl.OzoneContainer (OzoneContainer.java:start(213)) - Attempting to start container services.
2019-10-14 14:51:40,942 [Datanode State Machine Thread - 0] INFO  ozoneimpl.OzoneContainer (OzoneContainer.java:startContainerScrub(177)) - Background container scanner has been disabled.
2019-10-14 14:51:40,942 [Datanode State Machine Thread - 0] INFO  ratis.XceiverServerRatis (XceiverServerRatis.java:start(418)) - Starting XceiverServerRatis 0304342d-69a5-4262-8d12-aa01fabc7076 at port 0
2019-10-14 14:51:40,950 [Datanode State Machine Thread - 0] INFO  impl.RaftServerProxy (RaftServerProxy.java:lambda$start$3(299)) - 0304342d-69a5-4262-8d12-aa01fabc7076: start RPC server
2019-10-14 14:51:40,950 [Datanode State Machine Thread - 0] INFO  server.GrpcService (GrpcService.java:startImpl(158)) - 0304342d-69a5-4262-8d12-aa01fabc7076: GrpcService started, listening on 0.0.0.0/0.0.0.0:44803
2019-10-14 14:51:40,951 [Datanode State Machine Thread - 0] INFO  ratis.XceiverServerRatis (XceiverServerRatis.java:start(428)) - XceiverServerRatis 0304342d-69a5-4262-8d12-aa01fabc7076 is started using port 44803
2019-10-14 14:51:40,951 [Datanode State Machine Thread - 0] INFO  server.XceiverServerGrpc (XceiverServerGrpc.java:start(149)) - XceiverServerGrpc 0304342d-69a5-4262-8d12-aa01fabc7076 is started using port 40784
2019-10-14 14:51:41,017 [Datanode State Machine Thread - 0] INFO  ozoneimpl.OzoneContainer (OzoneContainer.java:start(213)) - Attempting to start container services.
2019-10-14 14:51:41,017 [Datanode State Machine Thread - 0] INFO  ozoneimpl.OzoneContainer (OzoneContainer.java:startContainerScrub(177)) - Background container scanner has been disabled.
2019-10-14 14:51:41,017 [Datanode State Machine Thread - 0] INFO  ratis.XceiverServerRatis (XceiverServerRatis.java:start(418)) - Starting XceiverServerRatis aa3f4569-ad31-4f4e-86e9-1cdd87d28288 at port 0
2019-10-14 14:51:41,025 [Datanode State Machine Thread - 0] INFO  impl.RaftServerProxy (RaftServerProxy.java:lambda$start$3(299)) - aa3f4569-ad31-4f4e-86e9-1cdd87d28288: start RPC server
2019-10-14 14:51:41,025 [Datanode State Machine Thread - 0] INFO  server.GrpcService (GrpcService.java:startImpl(158)) - aa3f4569-ad31-4f4e-86e9-1cdd87d28288: GrpcService started, listening on 0.0.0.0/0.0.0.0:37888
2019-10-14 14:51:41,025 [Datanode State Machine Thread - 0] INFO  ratis.XceiverServerRatis (XceiverServerRatis.java:start(428)) - XceiverServerRatis aa3f4569-ad31-4f4e-86e9-1cdd87d28288 is started using port 37888
2019-10-14 14:51:41,026 [Datanode State Machine Thread - 0] INFO  server.XceiverServerGrpc (XceiverServerGrpc.java:start(149)) - XceiverServerGrpc aa3f4569-ad31-4f4e-86e9-1cdd87d28288 is started using port 41469
2019-10-14 14:51:41,053 [main] INFO  ozone.MiniOzoneClusterImpl (MiniOzoneClusterImpl.java:lambda$waitForClusterToBeReady$0(147)) - Waiting for cluster to be ready. Got 0 of 7 DN Heartbeats.
2019-10-14 14:51:41,069 [Datanode State Machine Thread - 0] INFO  ozoneimpl.OzoneContainer (OzoneContainer.java:start(213)) - Attempting to start container services.
2019-10-14 14:51:41,069 [Datanode State Machine Thread - 0] INFO  ozoneimpl.OzoneContainer (OzoneContainer.java:startContainerScrub(177)) - Background container scanner has been disabled.
2019-10-14 14:51:41,069 [Datanode State Machine Thread - 0] INFO  ratis.XceiverServerRatis (XceiverServerRatis.java:start(418)) - Starting XceiverServerRatis 7309ccb4-489b-4984-94b6-00e66ba2f325 at port 0
2019-10-14 14:51:41,075 [Datanode State Machine Thread - 0] INFO  impl.RaftServerProxy (RaftServerProxy.java:lambda$start$3(299)) - 7309ccb4-489b-4984-94b6-00e66ba2f325: start RPC server
2019-10-14 14:51:41,079 [Datanode State Machine Thread - 0] INFO  server.GrpcService (GrpcService.java:startImpl(158)) - 7309ccb4-489b-4984-94b6-00e66ba2f325: GrpcService started, listening on 0.0.0.0/0.0.0.0:35645
2019-10-14 14:51:41,079 [Datanode State Machine Thread - 0] INFO  ratis.XceiverServerRatis (XceiverServerRatis.java:start(428)) - XceiverServerRatis 7309ccb4-489b-4984-94b6-00e66ba2f325 is started using port 35645
2019-10-14 14:51:41,080 [Datanode State Machine Thread - 0] INFO  server.XceiverServerGrpc (XceiverServerGrpc.java:start(149)) - XceiverServerGrpc 7309ccb4-489b-4984-94b6-00e66ba2f325 is started using port 41568
2019-10-14 14:51:42,054 [main] INFO  ozone.MiniOzoneClusterImpl (MiniOzoneClusterImpl.java:lambda$waitForClusterToBeReady$0(147)) - Waiting for cluster to be ready. Got 0 of 7 DN Heartbeats.
2019-10-14 14:51:42,666 [IPC Server handler 0 on 44711] INFO  net.NetworkTopology (NetworkTopologyImpl.java:add(111)) - Added a new node: /default-rack/197a08cb-7e32-46b6-9731-300bf29c37bf
2019-10-14 14:51:42,669 [IPC Server handler 0 on 44711] INFO  node.SCMNodeManager (SCMNodeManager.java:register(268)) - Registered Data node : 197a08cb-7e32-46b6-9731-300bf29c37bf{ip: 192.168.157.234, host: pr-hdds-2302-x69hs-1458597746, networkLocation: /default-rack, certSerialId: null}
2019-10-14 14:51:42,671 [EventQueue-NodeRegistrationContainerReportForDataNodeSafeModeRule] INFO  safemode.SCMSafeModeManager (DataNodeSafeModeRule.java:process(71)) - SCM in safe mode. 1 DataNodes registered, 1 required.
2019-10-14 14:51:42,673 [EventQueue-NodeRegistrationContainerReportForDataNodeSafeModeRule] INFO  safemode.SCMSafeModeManager (SCMSafeModeManager.java:validateSafeModeExitRules(177)) - ScmSafeModeManager, all rules are successfully validated
2019-10-14 14:51:42,673 [EventQueue-NodeRegistrationContainerReportForDataNodeSafeModeRule] INFO  safemode.SCMSafeModeManager (SCMSafeModeManager.java:exitSafeMode(193)) - SCM exiting safe mode.
2019-10-14 14:51:42,687 [grpc-default-executor-7] INFO  impl.RaftServerProxy (RaftServerProxy.java:addNew(89)) - 197a08cb-7e32-46b6-9731-300bf29c37bf: addNew group-5D52F8F7D5C1:[197a08cb-7e32-46b6-9731-300bf29c37bf:192.168.157.234:44708] returns group-5D52F8F7D5C1:java.util.concurrent.CompletableFuture@442e95cb[Not completed]
2019-10-14 14:51:42,690 [pool-207-thread-1] INFO  impl.RaftServerImpl (RaftServerImpl.java:<init>(95)) - 197a08cb-7e32-46b6-9731-300bf29c37bf: new RaftServerImpl for group-5D52F8F7D5C1:[197a08cb-7e32-46b6-9731-300bf29c37bf:192.168.157.234:44708] with ContainerStateMachine:uninitialized
2019-10-14 14:51:42,690 [pool-207-thread-1] INFO  server.RaftServerConfigKeys (ConfUtils.java:logGet(43)) - raft.server.rpc.timeout.min = 5s (custom)
2019-10-14 14:51:42,690 [pool-207-thread-1] INFO  server.RaftServerConfigKeys (ConfUtils.java:logGet(43)) - raft.server.rpc.timeout.max = 5200ms (custom)
2019-10-14 14:51:42,690 [pool-207-thread-1] INFO  server.RaftServerConfigKeys (ConfUtils.java:logGet(43)) - raft.server.rpcslowness.timeout = 120s (custom)
2019-10-14 14:51:42,691 [pool-207-thread-1] INFO  server.RaftServerConfigKeys (ConfUtils.java:logGet(43)) - raft.server.sleep.deviation.threshold = 300 (default)
2019-10-14 14:51:42,691 [pool-207-thread-1] INFO  server.RaftServerConfigKeys (ConfUtils.java:logGet(43)) - raft.server.log.appender.install.snapshot.enabled = false (custom)
2019-10-14 14:51:42,691 [pool-207-thread-1] INFO  impl.RaftServerImpl (ServerState.java:<init>(103)) - 197a08cb-7e32-46b6-9731-300bf29c37bf@group-5D52F8F7D5C1: ConfigurationManager, init=-1: [197a08cb-7e32-46b6-9731-300bf29c37bf:192.168.157.234:44708], old=null, confs=<EMPTY_MAP>
2019-10-14 14:51:42,691 [pool-207-thread-1] INFO  server.RaftServerConfigKeys (ConfUtils.java:logGet(43)) - raft.server.storage.dir = [/workdir/hadoop-ozone/integration-test/target/test-dir/MiniOzoneClusterImpl-4b41b7fd-8f2d-4662-9b03-706134207cd2/datanode-0/data/ratis] (custom)
2019-10-14 14:51:42,692 [pool-207-thread-1] INFO  server.RaftServerConfigKeys (ConfUtils.java:logGet(43)) - raft.server.log.corruption.policy = EXCEPTION (default)
2019-10-14 14:51:42,692 [pool-207-thread-1] INFO  storage.RaftStorageDirectory (RaftStorageDirectory.java:analyzeStorage(246)) - The storage directory /workdir/hadoop-ozone/integration-test/target/test-dir/MiniOzoneClusterImpl-4b41b7fd-8f2d-4662-9b03-706134207cd2/datanode-0/data/ratis/8ed29247-4398-4037-9301-5d52f8f7d5c1 does not exist. Creating ...
2019-10-14 14:51:42,705 [pool-207-thread-1] INFO  storage.RaftStorageDirectory (RaftStorageDirectory.java:tryLock(328)) - Lock on /workdir/hadoop-ozone/integration-test/target/test-dir/MiniOzoneClusterImpl-4b41b7fd-8f2d-4662-9b03-706134207cd2/datanode-0/data/ratis/8ed29247-4398-4037-9301-5d52f8f7d5c1/in_use.lock acquired by nodename 4617@pr-hdds-2302-x69hs-1458597746
2019-10-14 14:51:42,709 [pool-207-thread-1] INFO  storage.RaftStorage (RaftStorage.java:format(84)) - Storage directory /workdir/hadoop-ozone/integration-test/target/test-dir/MiniOzoneClusterImpl-4b41b7fd-8f2d-4662-9b03-706134207cd2/datanode-0/data/ratis/8ed29247-4398-4037-9301-5d52f8f7d5c1 has been successfully formatted.
2019-10-14 14:51:42,709 [pool-207-thread-1] INFO  ratis.ContainerStateMachine (ContainerStateMachine.java:loadSnapshot(231)) - group-5D52F8F7D5C1: The snapshot info is null. Setting the last applied indexto:(t:0, i:~)
2019-10-14 14:51:42,710 [pool-207-thread-1] INFO  server.RaftServerConfigKeys (ConfUtils.java:logGet(43)) - raft.server.notification.no-leader.timeout = 120s (custom)
2019-10-14 14:51:42,710 [pool-207-thread-1] INFO  server.RaftServerConfigKeys (ConfUtils.java:logGet(43)) - raft.server.log.use.memory = false (default)
2019-10-14 14:51:42,710 [pool-207-thread-1] INFO  server.RaftServerConfigKeys (ConfUtils.java:logGet(43)) - raft.server.log.purge.gap = 1000000 (custom)
2019-10-14 14:51:42,710 [pool-207-thread-1] INFO  server.RaftServerConfigKeys (ConfUtils.java:logGet(43)) - raft.server.log.appender.buffer.byte-limit = 33554432 (custom)
2019-10-14 14:51:42,710 [pool-207-thread-1] INFO  server.RaftServerConfigKeys (ConfUtils.java:logGet(43)) - raft.server.log.segment.size.max = 1048576 (custom)
2019-10-14 14:51:42,713 [pool-207-thread-1] INFO  server.RaftServerConfigKeys (ConfUtils.java:logGet(43)) - raft.server.log.segment.cache.num.max = 2 (custom)
2019-10-14 14:51:42,713 [pool-207-thread-1] INFO  segmented.SegmentedRaftLogWorker (SegmentedRaftLogWorker.java:<init>(173)) - new 197a08cb-7e32-46b6-9731-300bf29c37bf@group-5D52F8F7D5C1-SegmentedRaftLogWorker for RaftStorage:Storage Directory /workdir/hadoop-ozone/integration-test/target/test-dir/MiniOzoneClusterImpl-4b41b7fd-8f2d-4662-9b03-706134207cd2/datanode-0/data/ratis/8ed29247-4398-4037-9301-5d52f8f7d5c1
2019-10-14 14:51:42,713 [pool-207-thread-1] INFO  server.RaftServerConfigKeys (ConfUtils.java:logGet(43)) - raft.server.log.queue.byte-limit = 2147483647 (custom)
2019-10-14 14:51:42,713 [pool-207-thread-1] INFO  server.RaftServerConfigKeys (ConfUtils.java:logGet(43)) - raft.server.log.queue.element-limit = 1024 (custom)
2019-10-14 14:51:42,714 [pool-207-thread-1] INFO  server.RaftServerConfigKeys (ConfUtils.java:logGet(43)) - raft.server.log.segment.size.max = 1048576 (custom)
2019-10-14 14:51:42,714 [pool-207-thread-1] INFO  server.RaftServerConfigKeys (ConfUtils.java:logGet(43)) - raft.server.log.preallocated.size = 16384 (custom)
2019-10-14 14:51:42,714 [pool-207-thread-1] INFO  server.RaftServerConfigKeys (ConfUtils.java:logGet(43)) - raft.server.log.write.buffer.size = 33554432 (custom)
2019-10-14 14:51:42,714 [pool-207-thread-1] INFO  server.RaftServerConfigKeys (ConfUtils.java:logGet(43)) - raft.server.log.force.sync.num = 128 (default)
2019-10-14 14:51:42,714 [pool-207-thread-1] INFO  server.RaftServerConfigKeys (ConfUtils.java:logGet(43)) - raft.server.log.statemachine.data.sync = true (default)
2019-10-14 14:51:42,714 [pool-207-thread-1] INFO  server.RaftServerConfigKeys (ConfUtils.java:logGet(43)) - raft.server.log.statemachine.data.sync.timeout = 10s (default)
2019-10-14 14:51:42,715 [pool-207-thread-1] INFO  server.RaftServerConfigKeys (ConfUtils.java:logGet(43)) - raft.server.log.statemachine.data.sync.timeout.retry = -1 (default)
2019-10-14 14:51:42,715 [pool-207-thread-1] INFO  server.RaftServerConfigKeys (ConfUtils.java:logGet(43)) - raft.server.log.statemachine.data.caching.enabled = true (custom)
2019-10-14 14:51:42,715 [pool-207-thread-1] INFO  segmented.SegmentedRaftLogWorker (SegmentedRaftLogWorker.java:lambda$new$0(128)) - 197a08cb-7e32-46b6-9731-300bf29c37bf@group-5D52F8F7D5C1-SegmentedRaftLogWorker: flushIndex: setUnconditionally 0 -> -1
2019-10-14 14:51:42,716 [pool-207-thread-1] INFO  server.RaftServerConfigKeys (ConfUtils.java:logGet(43)) - raft.server.snapshot.auto.trigger.enabled = true (custom)
2019-10-14 14:51:42,716 [pool-207-thread-1] INFO  server.RaftServerConfigKeys (ConfUtils.java:logGet(43)) - raft.server.snapshot.auto.trigger.threshold = 10000 (custom)
2019-10-14 14:51:42,716 [pool-207-thread-1] INFO  server.RaftServerConfigKeys (ConfUtils.java:logGet(43)) - raft.server.snapshot.retention.file.num = 5 (custom)
2019-10-14 14:51:42,716 [pool-207-thread-1] INFO  server.RaftServerConfigKeys (ConfUtils.java:logGet(43)) - raft.server.retrycache.expirytime = 600000ms (custom)
2019-10-14 14:51:42,719 [pool-207-thread-1] INFO  impl.RaftServerImpl (RaftServerImpl.java:start(181)) - 197a08cb-7e32-46b6-9731-300bf29c37bf@group-5D52F8F7D5C1: start as a follower, conf=-1: [197a08cb-7e32-46b6-9731-300bf29c37bf:192.168.157.234:44708], old=null
2019-10-14 14:51:42,719 [pool-207-thread-1] INFO  impl.RaftServerImpl (RaftServerImpl.java:setRole(170)) - 197a08cb-7e32-46b6-9731-300bf29c37bf@group-5D52F8F7D5C1: changes role from      null to FOLLOWER at term 0 for startAsFollower
2019-10-14 14:51:42,719 [pool-207-thread-1] INFO  impl.RoleInfo (RoleInfo.java:updateAndGet(143)) - 197a08cb-7e32-46b6-9731-300bf29c37bf: start FollowerState
2019-10-14 14:51:42,719 [pool-207-thread-1] INFO  util.JmxRegister (JmxRegister.java:tryRegister(44)) - Successfully registered JMX Bean with object name Ratis:service=RaftServer,group=group-5D52F8F7D5C1,id=197a08cb-7e32-46b6-9731-300bf29c37bf
2019-10-14 14:51:42,727 [IPC Server handler 3 on 44711] INFO  net.NetworkTopology (NetworkTopologyImpl.java:add(111)) - Added a new node: /default-rack/25f80a8f-1a6f-414e-a49c-3d3c61aacfaa
2019-10-14 14:51:42,727 [IPC Server handler 3 on 44711] INFO  node.SCMNodeManager (SCMNodeManager.java:register(268)) - Registered Data node : 25f80a8f-1a6f-414e-a49c-3d3c61aacfaa{ip: 192.168.157.234, host: pr-hdds-2302-x69hs-1458597746, networkLocation: /default-rack, certSerialId: null}
2019-10-14 14:51:42,728 [RatisPipelineUtilsThread] INFO  pipeline.PipelineStateManager (PipelineStateManager.java:addPipeline(56)) - Created pipeline Pipeline[ Id: 8ed29247-4398-4037-9301-5d52f8f7d5c1, Nodes: 197a08cb-7e32-46b6-9731-300bf29c37bf{ip: 192.168.157.234, host: pr-hdds-2302-x69hs-1458597746, networkLocation: /default-rack, certSerialId: null}, Type:RATIS, Factor:ONE, State:OPEN]
2019-10-14 14:51:42,748 [grpc-default-executor-7] INFO  impl.RaftServerProxy (RaftServerProxy.java:addNew(89)) - 25f80a8f-1a6f-414e-a49c-3d3c61aacfaa: addNew group-92C006E5E6CB:[25f80a8f-1a6f-414e-a49c-3d3c61aacfaa:192.168.157.234:38614] returns group-92C006E5E6CB:java.util.concurrent.CompletableFuture@5e786014[Not completed]
2019-10-14 14:51:42,750 [pool-217-thread-1] INFO  impl.RaftServerImpl (RaftServerImpl.java:<init>(95)) - 25f80a8f-1a6f-414e-a49c-3d3c61aacfaa: new RaftServerImpl for group-92C006E5E6CB:[25f80a8f-1a6f-414e-a49c-3d3c61aacfaa:192.168.157.234:38614] with ContainerStateMachine:uninitialized
2019-10-14 14:51:42,750 [pool-217-thread-1] INFO  server.RaftServerConfigKeys (ConfUtils.java:logGet(43)) - raft.server.rpc.timeout.min = 5s (custom)
2019-10-14 14:51:42,750 [pool-217-thread-1] INFO  server.RaftServerConfigKeys (ConfUtils.java:logGet(43)) - raft.server.rpc.timeout.max = 5200ms (custom)
2019-10-14 14:51:42,750 [pool-217-thread-1] INFO  server.RaftServerConfigKeys (ConfUtils.java:logGet(43)) - raft.server.rpcslowness.timeout = 120s (custom)
2019-10-14 14:51:42,751 [pool-217-thread-1] INFO  server.RaftServerConfigKeys (ConfUtils.java:logGet(43)) - raft.server.sleep.deviation.threshold = 300 (default)
2019-10-14 14:51:42,751 [pool-217-thread-1] INFO  server.RaftServerConfigKeys (ConfUtils.java:logGet(43)) - raft.server.log.appender.install.snapshot.enabled = false (custom)
2019-10-14 14:51:42,751 [pool-217-thread-1] INFO  impl.RaftServerImpl (ServerState.java:<init>(103)) - 25f80a8f-1a6f-414e-a49c-3d3c61aacfaa@group-92C006E5E6CB: ConfigurationManager, init=-1: [25f80a8f-1a6f-414e-a49c-3d3c61aacfaa:192.168.157.234:38614], old=null, confs=<EMPTY_MAP>
2019-10-14 14:51:42,751 [pool-217-thread-1] INFO  server.RaftServerConfigKeys (ConfUtils.java:logGet(43)) - raft.server.storage.dir = [/workdir/hadoop-ozone/integration-test/target/test-dir/MiniOzoneClusterImpl-4b41b7fd-8f2d-4662-9b03-706134207cd2/datanode-1/data/ratis] (custom)
2019-10-14 14:51:42,751 [pool-217-thread-1] INFO  server.RaftServerConfigKeys (ConfUtils.java:logGet(43)) - raft.server.log.corruption.policy = EXCEPTION (default)
2019-10-14 14:51:42,752 [pool-217-thread-1] INFO  storage.RaftStorageDirectory (RaftStorageDirectory.java:analyzeStorage(246)) - The storage directory /workdir/hadoop-ozone/integration-test/target/test-dir/MiniOzoneClusterImpl-4b41b7fd-8f2d-4662-9b03-706134207cd2/datanode-1/data/ratis/b786ecaf-ff3a-4680-900c-92c006e5e6cb does not exist. Creating ...
2019-10-14 14:51:42,756 [pool-217-thread-1] INFO  storage.RaftStorageDirectory (RaftStorageDirectory.java:tryLock(328)) - Lock on /workdir/hadoop-ozone/integration-test/target/test-dir/MiniOzoneClusterImpl-4b41b7fd-8f2d-4662-9b03-706134207cd2/datanode-1/data/ratis/b786ecaf-ff3a-4680-900c-92c006e5e6cb/in_use.lock acquired by nodename 4617@pr-hdds-2302-x69hs-1458597746
2019-10-14 14:51:42,760 [pool-217-thread-1] INFO  storage.RaftStorage (RaftStorage.java:format(84)) - Storage directory /workdir/hadoop-ozone/integration-test/target/test-dir/MiniOzoneClusterImpl-4b41b7fd-8f2d-4662-9b03-706134207cd2/datanode-1/data/ratis/b786ecaf-ff3a-4680-900c-92c006e5e6cb has been successfully formatted.
2019-10-14 14:51:42,761 [pool-217-thread-1] INFO  ratis.ContainerStateMachine (ContainerStateMachine.java:loadSnapshot(231)) - group-92C006E5E6CB: The snapshot info is null. Setting the last applied indexto:(t:0, i:~)
2019-10-14 14:51:42,761 [pool-217-thread-1] INFO  server.RaftServerConfigKeys (ConfUtils.java:logGet(43)) - raft.server.notification.no-leader.timeout = 120s (custom)
2019-10-14 14:51:42,761 [pool-217-thread-1] INFO  server.RaftServerConfigKeys (ConfUtils.java:logGet(43)) - raft.server.log.use.memory = false (default)
2019-10-14 14:51:42,761 [pool-217-thread-1] INFO  server.RaftServerConfigKeys (ConfUtils.java:logGet(43)) - raft.server.log.purge.gap = 1000000 (custom)
2019-10-14 14:51:42,761 [pool-217-thread-1] INFO  server.RaftServerConfigKeys (ConfUtils.java:logGet(43)) - raft.server.log.appender.buffer.byte-limit = 33554432 (custom)
2019-10-14 14:51:42,761 [pool-217-thread-1] INFO  server.RaftServerConfigKeys (ConfUtils.java:logGet(43)) - raft.server.log.segment.size.max = 1048576 (custom)
2019-10-14 14:51:42,764 [pool-217-thread-1] INFO  server.RaftServerConfigKeys (ConfUtils.java:logGet(43)) - raft.server.log.segment.cache.num.max = 2 (custom)
2019-10-14 14:51:42,764 [pool-217-thread-1] INFO  segmented.SegmentedRaftLogWorker (SegmentedRaftLogWorker.java:<init>(173)) - new 25f80a8f-1a6f-414e-a49c-3d3c61aacfaa@group-92C006E5E6CB-SegmentedRaftLogWorker for RaftStorage:Storage Directory /workdir/hadoop-ozone/integration-test/target/test-dir/MiniOzoneClusterImpl-4b41b7fd-8f2d-4662-9b03-706134207cd2/datanode-1/data/ratis/b786ecaf-ff3a-4680-900c-92c006e5e6cb
2019-10-14 14:51:42,764 [pool-217-thread-1] INFO  server.RaftServerConfigKeys (ConfUtils.java:logGet(43)) - raft.server.log.queue.byte-limit = 2147483647 (custom)
2019-10-14 14:51:42,764 [pool-217-thread-1] INFO  server.RaftServerConfigKeys (ConfUtils.java:logGet(43)) - raft.server.log.queue.element-limit = 1024 (custom)
2019-10-14 14:51:42,764 [pool-217-thread-1] INFO  server.RaftServerConfigKeys (ConfUtils.java:logGet(43)) - raft.server.log.segment.size.max = 1048576 (custom)
2019-10-14 14:51:42,764 [pool-217-thread-1] INFO  server.RaftServerConfigKeys (ConfUtils.java:logGet(43)) - raft.server.log.preallocated.size = 16384 (custom)
2019-10-14 14:51:42,765 [pool-217-thread-1] INFO  server.RaftServerConfigKeys (ConfUtils.java:logGet(43)) - raft.server.log.write.buffer.size = 33554432 (custom)
2019-10-14 14:51:42,765 [pool-217-thread-1] INFO  server.RaftServerConfigKeys (ConfUtils.java:logGet(43)) - raft.server.log.force.sync.num = 128 (default)
2019-10-14 14:51:42,765 [pool-217-thread-1] INFO  server.RaftServerConfigKeys (ConfUtils.java:logGet(43)) - raft.server.log.statemachine.data.sync = true (default)
2019-10-14 14:51:42,765 [pool-217-thread-1] INFO  server.RaftServerConfigKeys (ConfUtils.java:logGet(43)) - raft.server.log.statemachine.data.sync.timeout = 10s (default)
2019-10-14 14:51:42,765 [pool-217-thread-1] INFO  server.RaftServerConfigKeys (ConfUtils.java:logGet(43)) - raft.server.log.statemachine.data.sync.timeout.retry = -1 (default)
2019-10-14 14:51:42,766 [pool-217-thread-1] INFO  server.RaftServerConfigKeys (ConfUtils.java:logGet(43)) - raft.server.log.statemachine.data.caching.enabled = true (custom)
2019-10-14 14:51:42,767 [pool-217-thread-1] INFO  segmented.SegmentedRaftLogWorker (SegmentedRaftLogWorker.java:lambda$new$0(128)) - 25f80a8f-1a6f-414e-a49c-3d3c61aacfaa@group-92C006E5E6CB-SegmentedRaftLogWorker: flushIndex: setUnconditionally 0 -> -1
2019-10-14 14:51:42,767 [pool-217-thread-1] INFO  server.RaftServerConfigKeys (ConfUtils.java:logGet(43)) - raft.server.snapshot.auto.trigger.enabled = true (custom)
2019-10-14 14:51:42,767 [pool-217-thread-1] INFO  server.RaftServerConfigKeys (ConfUtils.java:logGet(43)) - raft.server.snapshot.auto.trigger.threshold = 10000 (custom)
2019-10-14 14:51:42,767 [pool-217-thread-1] INFO  server.RaftServerConfigKeys (ConfUtils.java:logGet(43)) - raft.server.snapshot.retention.file.num = 5 (custom)
2019-10-14 14:51:42,768 [pool-217-thread-1] INFO  server.RaftServerConfigKeys (ConfUtils.java:logGet(43)) - raft.server.retrycache.expirytime = 600000ms (custom)
2019-10-14 14:51:42,770 [pool-217-thread-1] INFO  impl.RaftServerImpl (RaftServerImpl.java:start(181)) - 25f80a8f-1a6f-414e-a49c-3d3c61aacfaa@group-92C006E5E6CB: start as a follower, conf=-1: [25f80a8f-1a6f-414e-a49c-3d3c61aacfaa:192.168.157.234:38614], old=null
2019-10-14 14:51:42,770 [pool-217-thread-1] INFO  impl.RaftServerImpl (RaftServerImpl.java:setRole(170)) - 25f80a8f-1a6f-414e-a49c-3d3c61aacfaa@group-92C006E5E6CB: changes role from      null to FOLLOWER at term 0 for startAsFollower
2019-10-14 14:51:42,770 [pool-217-thread-1] INFO  impl.RoleInfo (RoleInfo.java:updateAndGet(143)) - 25f80a8f-1a6f-414e-a49c-3d3c61aacfaa: start FollowerState
2019-10-14 14:51:42,771 [pool-217-thread-1] INFO  util.JmxRegister (JmxRegister.java:tryRegister(44)) - Successfully registered JMX Bean with object name Ratis:service=RaftServer,group=group-92C006E5E6CB,id=25f80a8f-1a6f-414e-a49c-3d3c61aacfaa
2019-10-14 14:51:42,778 [RatisPipelineUtilsThread] INFO  pipeline.PipelineStateManager (PipelineStateManager.java:addPipeline(56)) - Created pipeline Pipeline[ Id: b786ecaf-ff3a-4680-900c-92c006e5e6cb, Nodes: 25f80a8f-1a6f-414e-a49c-3d3c61aacfaa{ip: 192.168.157.234, host: pr-hdds-2302-x69hs-1458597746, networkLocation: /default-rack, certSerialId: null}, Type:RATIS, Factor:ONE, State:OPEN]
2019-10-14 14:51:42,791 [IPC Server handler 1 on 44711] INFO  net.NetworkTopology (NetworkTopologyImpl.java:add(111)) - Added a new node: /default-rack/c6492fef-5352-4ee4-a298-3337cbd3b3a1
2019-10-14 14:51:42,791 [IPC Server handler 1 on 44711] INFO  node.SCMNodeManager (SCMNodeManager.java:register(268)) - Registered Data node : c6492fef-5352-4ee4-a298-3337cbd3b3a1{ip: 192.168.157.234, host: pr-hdds-2302-x69hs-1458597746, networkLocation: /default-rack, certSerialId: null}
2019-10-14 14:51:42,798 [grpc-default-executor-7] INFO  impl.RaftServerProxy (RaftServerProxy.java:addNew(89)) - c6492fef-5352-4ee4-a298-3337cbd3b3a1: addNew group-01EDE78A7707:[c6492fef-5352-4ee4-a298-3337cbd3b3a1:192.168.157.234:41731] returns group-01EDE78A7707:java.util.concurrent.CompletableFuture@565211e4[Not completed]
2019-10-14 14:51:42,799 [pool-227-thread-1] INFO  impl.RaftServerImpl (RaftServerImpl.java:<init>(95)) - c6492fef-5352-4ee4-a298-3337cbd3b3a1: new RaftServerImpl for group-01EDE78A7707:[c6492fef-5352-4ee4-a298-3337cbd3b3a1:192.168.157.234:41731] with ContainerStateMachine:uninitialized
2019-10-14 14:51:42,799 [pool-227-thread-1] INFO  server.RaftServerConfigKeys (ConfUtils.java:logGet(43)) - raft.server.rpc.timeout.min = 5s (custom)
2019-10-14 14:51:42,799 [pool-227-thread-1] INFO  server.RaftServerConfigKeys (ConfUtils.java:logGet(43)) - raft.server.rpc.timeout.max = 5200ms (custom)
2019-10-14 14:51:42,799 [pool-227-thread-1] INFO  server.RaftServerConfigKeys (ConfUtils.java:logGet(43)) - raft.server.rpcslowness.timeout = 120s (custom)
2019-10-14 14:51:42,799 [pool-227-thread-1] INFO  server.RaftServerConfigKeys (ConfUtils.java:logGet(43)) - raft.server.sleep.deviation.threshold = 300 (default)
2019-10-14 14:51:42,800 [pool-227-thread-1] INFO  server.RaftServerConfigKeys (ConfUtils.java:logGet(43)) - raft.server.log.appender.install.snapshot.enabled = false (custom)
2019-10-14 14:51:42,800 [pool-227-thread-1] INFO  impl.RaftServerImpl (ServerState.java:<init>(103)) - c6492fef-5352-4ee4-a298-3337cbd3b3a1@group-01EDE78A7707: ConfigurationManager, init=-1: [c6492fef-5352-4ee4-a298-3337cbd3b3a1:192.168.157.234:41731], old=null, confs=<EMPTY_MAP>
2019-10-14 14:51:42,800 [pool-227-thread-1] INFO  server.RaftServerConfigKeys (ConfUtils.java:logGet(43)) - raft.server.storage.dir = [/workdir/hadoop-ozone/integration-test/target/test-dir/MiniOzoneClusterImpl-4b41b7fd-8f2d-4662-9b03-706134207cd2/datanode-2/data/ratis] (custom)
2019-10-14 14:51:42,800 [pool-227-thread-1] INFO  server.RaftServerConfigKeys (ConfUtils.java:logGet(43)) - raft.server.log.corruption.policy = EXCEPTION (default)
2019-10-14 14:51:42,800 [pool-227-thread-1] INFO  storage.RaftStorageDirectory (RaftStorageDirectory.java:analyzeStorage(246)) - The storage directory /workdir/hadoop-ozone/integration-test/target/test-dir/MiniOzoneClusterImpl-4b41b7fd-8f2d-4662-9b03-706134207cd2/datanode-2/data/ratis/6de4f5b7-2eac-4d2b-91f8-01ede78a7707 does not exist. Creating ...
2019-10-14 14:51:42,813 [pool-227-thread-1] INFO  storage.RaftStorageDirectory (RaftStorageDirectory.java:tryLock(328)) - Lock on /workdir/hadoop-ozone/integration-test/target/test-dir/MiniOzoneClusterImpl-4b41b7fd-8f2d-4662-9b03-706134207cd2/datanode-2/data/ratis/6de4f5b7-2eac-4d2b-91f8-01ede78a7707/in_use.lock acquired by nodename 4617@pr-hdds-2302-x69hs-1458597746
2019-10-14 14:51:42,818 [pool-227-thread-1] INFO  storage.RaftStorage (RaftStorage.java:format(84)) - Storage directory /workdir/hadoop-ozone/integration-test/target/test-dir/MiniOzoneClusterImpl-4b41b7fd-8f2d-4662-9b03-706134207cd2/datanode-2/data/ratis/6de4f5b7-2eac-4d2b-91f8-01ede78a7707 has been successfully formatted.
2019-10-14 14:51:42,818 [pool-227-thread-1] INFO  ratis.ContainerStateMachine (ContainerStateMachine.java:loadSnapshot(231)) - group-01EDE78A7707: The snapshot info is null. Setting the last applied indexto:(t:0, i:~)
2019-10-14 14:51:42,818 [pool-227-thread-1] INFO  server.RaftServerConfigKeys (ConfUtils.java:logGet(43)) - raft.server.notification.no-leader.timeout = 120s (custom)
2019-10-14 14:51:42,818 [pool-227-thread-1] INFO  server.RaftServerConfigKeys (ConfUtils.java:logGet(43)) - raft.server.log.use.memory = false (default)
2019-10-14 14:51:42,818 [pool-227-thread-1] INFO  server.RaftServerConfigKeys (ConfUtils.java:logGet(43)) - raft.server.log.purge.gap = 1000000 (custom)
2019-10-14 14:51:42,818 [pool-227-thread-1] INFO  server.RaftServerConfigKeys (ConfUtils.java:logGet(43)) - raft.server.log.appender.buffer.byte-limit = 33554432 (custom)
2019-10-14 14:51:42,818 [pool-227-thread-1] INFO  server.RaftServerConfigKeys (ConfUtils.java:logGet(43)) - raft.server.log.segment.size.max = 1048576 (custom)
2019-10-14 14:51:42,820 [pool-227-thread-1] INFO  server.RaftServerConfigKeys (ConfUtils.java:logGet(43)) - raft.server.log.segment.cache.num.max = 2 (custom)
2019-10-14 14:51:42,820 [pool-227-thread-1] INFO  segmented.SegmentedRaftLogWorker (SegmentedRaftLogWorker.java:<init>(173)) - new c6492fef-5352-4ee4-a298-3337cbd3b3a1@group-01EDE78A7707-SegmentedRaftLogWorker for RaftStorage:Storage Directory /workdir/hadoop-ozone/integration-test/target/test-dir/MiniOzoneClusterImpl-4b41b7fd-8f2d-4662-9b03-706134207cd2/datanode-2/data/ratis/6de4f5b7-2eac-4d2b-91f8-01ede78a7707
2019-10-14 14:51:42,820 [pool-227-thread-1] INFO  server.RaftServerConfigKeys (ConfUtils.java:logGet(43)) - raft.server.log.queue.byte-limit = 2147483647 (custom)
2019-10-14 14:51:42,820 [pool-227-thread-1] INFO  server.RaftServerConfigKeys (ConfUtils.java:logGet(43)) - raft.server.log.queue.element-limit = 1024 (custom)
2019-10-14 14:51:42,820 [pool-227-thread-1] INFO  server.RaftServerConfigKeys (ConfUtils.java:logGet(43)) - raft.server.log.segment.size.max = 1048576 (custom)
2019-10-14 14:51:42,820 [pool-227-thread-1] INFO  server.RaftServerConfigKeys (ConfUtils.java:logGet(43)) - raft.server.log.preallocated.size = 16384 (custom)
2019-10-14 14:51:42,820 [pool-227-thread-1] INFO  server.RaftServerConfigKeys (ConfUtils.java:logGet(43)) - raft.server.log.write.buffer.size = 33554432 (custom)
2019-10-14 14:51:42,820 [pool-227-thread-1] INFO  server.RaftServerConfigKeys (ConfUtils.java:logGet(43)) - raft.server.log.force.sync.num = 128 (default)
2019-10-14 14:51:42,820 [pool-227-thread-1] INFO  server.RaftServerConfigKeys (ConfUtils.java:logGet(43)) - raft.server.log.statemachine.data.sync = true (default)
2019-10-14 14:51:42,821 [pool-227-thread-1] INFO  server.RaftServerConfigKeys (ConfUtils.java:logGet(43)) - raft.server.log.statemachine.data.sync.timeout = 10s (default)
2019-10-14 14:51:42,821 [pool-227-thread-1] INFO  server.RaftServerConfigKeys (ConfUtils.java:logGet(43)) - raft.server.log.statemachine.data.sync.timeout.retry = -1 (default)
2019-10-14 14:51:42,821 [pool-227-thread-1] INFO  server.RaftServerConfigKeys (ConfUtils.java:logGet(43)) - raft.server.log.statemachine.data.caching.enabled = true (custom)
2019-10-14 14:51:42,821 [pool-227-thread-1] INFO  segmented.SegmentedRaftLogWorker (SegmentedRaftLogWorker.java:lambda$new$0(128)) - c6492fef-5352-4ee4-a298-3337cbd3b3a1@group-01EDE78A7707-SegmentedRaftLogWorker: flushIndex: setUnconditionally 0 -> -1
2019-10-14 14:51:42,821 [pool-227-thread-1] INFO  server.RaftServerConfigKeys (ConfUtils.java:logGet(43)) - raft.server.snapshot.auto.trigger.enabled = true (custom)
2019-10-14 14:51:42,821 [pool-227-thread-1] INFO  server.RaftServerConfigKeys (ConfUtils.java:logGet(43)) - raft.server.snapshot.auto.trigger.threshold = 10000 (custom)
2019-10-14 14:51:42,822 [pool-227-thread-1] INFO  server.RaftServerConfigKeys (ConfUtils.java:logGet(43)) - raft.server.snapshot.retention.file.num = 5 (custom)
2019-10-14 14:51:42,822 [pool-227-thread-1] INFO  server.RaftServerConfigKeys (ConfUtils.java:logGet(43)) - raft.server.retrycache.expirytime = 600000ms (custom)
2019-10-14 14:51:42,823 [pool-227-thread-1] INFO  impl.RaftServerImpl (RaftServerImpl.java:start(181)) - c6492fef-5352-4ee4-a298-3337cbd3b3a1@group-01EDE78A7707: start as a follower, conf=-1: [c6492fef-5352-4ee4-a298-3337cbd3b3a1:192.168.157.234:41731], old=null
2019-10-14 14:51:42,823 [pool-227-thread-1] INFO  impl.RaftServerImpl (RaftServerImpl.java:setRole(170)) - c6492fef-5352-4ee4-a298-3337cbd3b3a1@group-01EDE78A7707: changes role from      null to FOLLOWER at term 0 for startAsFollower
2019-10-14 14:51:42,823 [pool-227-thread-1] INFO  impl.RoleInfo (RoleInfo.java:updateAndGet(143)) - c6492fef-5352-4ee4-a298-3337cbd3b3a1: start FollowerState
2019-10-14 14:51:42,823 [pool-227-thread-1] INFO  util.JmxRegister (JmxRegister.java:tryRegister(44)) - Successfully registered JMX Bean with object name Ratis:service=RaftServer,group=group-01EDE78A7707,id=c6492fef-5352-4ee4-a298-3337cbd3b3a1
2019-10-14 14:51:42,830 [RatisPipelineUtilsThread] INFO  pipeline.PipelineStateManager (PipelineStateManager.java:addPipeline(56)) - Created pipeline Pipeline[ Id: 6de4f5b7-2eac-4d2b-91f8-01ede78a7707, Nodes: c6492fef-5352-4ee4-a298-3337cbd3b3a1{ip: 192.168.157.234, host: pr-hdds-2302-x69hs-1458597746, networkLocation: /default-rack, certSerialId: null}, Type:RATIS, Factor:ONE, State:OPEN]
2019-10-14 14:51:42,844 [grpc-default-executor-4] INFO  impl.RaftServerProxy (RaftServerProxy.java:addNew(89)) - 197a08cb-7e32-46b6-9731-300bf29c37bf: addNew group-D21656EABB7E:[25f80a8f-1a6f-414e-a49c-3d3c61aacfaa:192.168.157.234:38614, 197a08cb-7e32-46b6-9731-300bf29c37bf:192.168.157.234:44708, c6492fef-5352-4ee4-a298-3337cbd3b3a1:192.168.157.234:41731] returns group-D21656EABB7E:java.util.concurrent.CompletableFuture@4681e28b[Not completed]
2019-10-14 14:51:42,844 [grpc-default-executor-0] INFO  impl.RaftServerProxy (RaftServerProxy.java:addNew(89)) - c6492fef-5352-4ee4-a298-3337cbd3b3a1: addNew group-D21656EABB7E:[25f80a8f-1a6f-414e-a49c-3d3c61aacfaa:192.168.157.234:38614, 197a08cb-7e32-46b6-9731-300bf29c37bf:192.168.157.234:44708, c6492fef-5352-4ee4-a298-3337cbd3b3a1:192.168.157.234:41731] returns group-D21656EABB7E:java.util.concurrent.CompletableFuture@29128418[Not completed]
2019-10-14 14:51:42,844 [grpc-default-executor-7] INFO  impl.RaftServerProxy (RaftServerProxy.java:addNew(89)) - 25f80a8f-1a6f-414e-a49c-3d3c61aacfaa: addNew group-D21656EABB7E:[25f80a8f-1a6f-414e-a49c-3d3c61aacfaa:192.168.157.234:38614, 197a08cb-7e32-46b6-9731-300bf29c37bf:192.168.157.234:44708, c6492fef-5352-4ee4-a298-3337cbd3b3a1:192.168.157.234:41731] returns group-D21656EABB7E:java.util.concurrent.CompletableFuture@64e68a9f[Not completed]
2019-10-14 14:51:42,845 [pool-227-thread-1] INFO  impl.RaftServerImpl (RaftServerImpl.java:<init>(95)) - c6492fef-5352-4ee4-a298-3337cbd3b3a1: new RaftServerImpl for group-D21656EABB7E:[25f80a8f-1a6f-414e-a49c-3d3c61aacfaa:192.168.157.234:38614, 197a08cb-7e32-46b6-9731-300bf29c37bf:192.168.157.234:44708, c6492fef-5352-4ee4-a298-3337cbd3b3a1:192.168.157.234:41731] with ContainerStateMachine:uninitialized
2019-10-14 14:51:42,845 [pool-227-thread-1] INFO  server.RaftServerConfigKeys (ConfUtils.java:logGet(43)) - raft.server.rpc.timeout.min = 5s (custom)
2019-10-14 14:51:42,846 [pool-227-thread-1] INFO  server.RaftServerConfigKeys (ConfUtils.java:logGet(43)) - raft.server.rpc.timeout.max = 5200ms (custom)
2019-10-14 14:51:42,846 [pool-227-thread-1] INFO  server.RaftServerConfigKeys (ConfUtils.java:logGet(43)) - raft.server.rpcslowness.timeout = 120s (custom)
2019-10-14 14:51:42,846 [pool-227-thread-1] INFO  server.RaftServerConfigKeys (ConfUtils.java:logGet(43)) - raft.server.sleep.deviation.threshold = 300 (default)
2019-10-14 14:51:42,846 [pool-227-thread-1] INFO  server.RaftServerConfigKeys (ConfUtils.java:logGet(43)) - raft.server.log.appender.install.snapshot.enabled = false (custom)
2019-10-14 14:51:42,846 [pool-227-thread-1] INFO  impl.RaftServerImpl (ServerState.java:<init>(103)) - c6492fef-5352-4ee4-a298-3337cbd3b3a1@group-D21656EABB7E: ConfigurationManager, init=-1: [25f80a8f-1a6f-414e-a49c-3d3c61aacfaa:192.168.157.234:38614, 197a08cb-7e32-46b6-9731-300bf29c37bf:192.168.157.234:44708, c6492fef-5352-4ee4-a298-3337cbd3b3a1:192.168.157.234:41731], old=null, confs=<EMPTY_MAP>
2019-10-14 14:51:42,846 [pool-227-thread-1] INFO  server.RaftServerConfigKeys (ConfUtils.java:logGet(43)) - raft.server.storage.dir = [/workdir/hadoop-ozone/integration-test/target/test-dir/MiniOzoneClusterImpl-4b41b7fd-8f2d-4662-9b03-706134207cd2/datanode-2/data/ratis] (custom)
2019-10-14 14:51:42,846 [pool-217-thread-1] INFO  impl.RaftServerImpl (RaftServerImpl.java:<init>(95)) - 25f80a8f-1a6f-414e-a49c-3d3c61aacfaa: new RaftServerImpl for group-D21656EABB7E:[25f80a8f-1a6f-414e-a49c-3d3c61aacfaa:192.168.157.234:38614, 197a08cb-7e32-46b6-9731-300bf29c37bf:192.168.157.234:44708, c6492fef-5352-4ee4-a298-3337cbd3b3a1:192.168.157.234:41731] with ContainerStateMachine:uninitialized
2019-10-14 14:51:42,846 [pool-227-thread-1] INFO  server.RaftServerConfigKeys (ConfUtils.java:logGet(43)) - raft.server.log.corruption.policy = EXCEPTION (default)
2019-10-14 14:51:42,846 [pool-217-thread-1] INFO  server.RaftServerConfigKeys (ConfUtils.java:logGet(43)) - raft.server.rpc.timeout.min = 5s (custom)
2019-10-14 14:51:42,846 [pool-227-thread-1] INFO  storage.RaftStorageDirectory (RaftStorageDirectory.java:analyzeStorage(246)) - The storage directory /workdir/hadoop-ozone/integration-test/target/test-dir/MiniOzoneClusterImpl-4b41b7fd-8f2d-4662-9b03-706134207cd2/datanode-2/data/ratis/2225e6a0-3609-4d1c-94a0-d21656eabb7e does not exist. Creating ...
2019-10-14 14:51:42,846 [pool-217-thread-1] INFO  server.RaftServerConfigKeys (ConfUtils.java:logGet(43)) - raft.server.rpc.timeout.max = 5200ms (custom)
2019-10-14 14:51:42,847 [pool-217-thread-1] INFO  server.RaftServerConfigKeys (ConfUtils.java:logGet(43)) - raft.server.rpcslowness.timeout = 120s (custom)
2019-10-14 14:51:42,847 [pool-217-thread-1] INFO  server.RaftServerConfigKeys (ConfUtils.java:logGet(43)) - raft.server.sleep.deviation.threshold = 300 (default)
2019-10-14 14:51:42,847 [pool-207-thread-1] INFO  impl.RaftServerImpl (RaftServerImpl.java:<init>(95)) - 197a08cb-7e32-46b6-9731-300bf29c37bf: new RaftServerImpl for group-D21656EABB7E:[25f80a8f-1a6f-414e-a49c-3d3c61aacfaa:192.168.157.234:38614, 197a08cb-7e32-46b6-9731-300bf29c37bf:192.168.157.234:44708, c6492fef-5352-4ee4-a298-3337cbd3b3a1:192.168.157.234:41731] with ContainerStateMachine:uninitialized
2019-10-14 14:51:42,847 [pool-217-thread-1] INFO  server.RaftServerConfigKeys (ConfUtils.java:logGet(43)) - raft.server.log.appender.install.snapshot.enabled = false (custom)
2019-10-14 14:51:42,847 [pool-207-thread-1] INFO  server.RaftServerConfigKeys (ConfUtils.java:logGet(43)) - raft.server.rpc.timeout.min = 5s (custom)
2019-10-14 14:51:42,847 [pool-217-thread-1] INFO  impl.RaftServerImpl (ServerState.java:<init>(103)) - 25f80a8f-1a6f-414e-a49c-3d3c61aacfaa@group-D21656EABB7E: ConfigurationManager, init=-1: [25f80a8f-1a6f-414e-a49c-3d3c61aacfaa:192.168.157.234:38614, 197a08cb-7e32-46b6-9731-300bf29c37bf:192.168.157.234:44708, c6492fef-5352-4ee4-a298-3337cbd3b3a1:192.168.157.234:41731], old=null, confs=<EMPTY_MAP>
2019-10-14 14:51:42,847 [pool-207-thread-1] INFO  server.RaftServerConfigKeys (ConfUtils.java:logGet(43)) - raft.server.rpc.timeout.max = 5200ms (custom)
2019-10-14 14:51:42,848 [pool-217-thread-1] INFO  server.RaftServerConfigKeys (ConfUtils.java:logGet(43)) - raft.server.storage.dir = [/workdir/hadoop-ozone/integration-test/target/test-dir/MiniOzoneClusterImpl-4b41b7fd-8f2d-4662-9b03-706134207cd2/datanode-1/data/ratis] (custom)
2019-10-14 14:51:42,848 [pool-207-thread-1] INFO  server.RaftServerConfigKeys (ConfUtils.java:logGet(43)) - raft.server.rpcslowness.timeout = 120s (custom)
2019-10-14 14:51:42,848 [pool-207-thread-1] INFO  server.RaftServerConfigKeys (ConfUtils.java:logGet(43)) - raft.server.sleep.deviation.threshold = 300 (default)
2019-10-14 14:51:42,848 [pool-217-thread-1] INFO  server.RaftServerConfigKeys (ConfUtils.java:logGet(43)) - raft.server.log.corruption.policy = EXCEPTION (default)
2019-10-14 14:51:42,848 [pool-207-thread-1] INFO  server.RaftServerConfigKeys (ConfUtils.java:logGet(43)) - raft.server.log.appender.install.snapshot.enabled = false (custom)
2019-10-14 14:51:42,848 [pool-217-thread-1] INFO  storage.RaftStorageDirectory (RaftStorageDirectory.java:analyzeStorage(246)) - The storage directory /workdir/hadoop-ozone/integration-test/target/test-dir/MiniOzoneClusterImpl-4b41b7fd-8f2d-4662-9b03-706134207cd2/datanode-1/data/ratis/2225e6a0-3609-4d1c-94a0-d21656eabb7e does not exist. Creating ...
2019-10-14 14:51:42,848 [pool-207-thread-1] INFO  impl.RaftServerImpl (ServerState.java:<init>(103)) - 197a08cb-7e32-46b6-9731-300bf29c37bf@group-D21656EABB7E: ConfigurationManager, init=-1: [25f80a8f-1a6f-414e-a49c-3d3c61aacfaa:192.168.157.234:38614, 197a08cb-7e32-46b6-9731-300bf29c37bf:192.168.157.234:44708, c6492fef-5352-4ee4-a298-3337cbd3b3a1:192.168.157.234:41731], old=null, confs=<EMPTY_MAP>
2019-10-14 14:51:42,849 [pool-207-thread-1] INFO  server.RaftServerConfigKeys (ConfUtils.java:logGet(43)) - raft.server.storage.dir = [/workdir/hadoop-ozone/integration-test/target/test-dir/MiniOzoneClusterImpl-4b41b7fd-8f2d-4662-9b03-706134207cd2/datanode-0/data/ratis] (custom)
2019-10-14 14:51:42,849 [pool-207-thread-1] INFO  server.RaftServerConfigKeys (ConfUtils.java:logGet(43)) - raft.server.log.corruption.policy = EXCEPTION (default)
2019-10-14 14:51:42,849 [pool-207-thread-1] INFO  storage.RaftStorageDirectory (RaftStorageDirectory.java:analyzeStorage(246)) - The storage directory /workdir/hadoop-ozone/integration-test/target/test-dir/MiniOzoneClusterImpl-4b41b7fd-8f2d-4662-9b03-706134207cd2/datanode-0/data/ratis/2225e6a0-3609-4d1c-94a0-d21656eabb7e does not exist. Creating ...
2019-10-14 14:51:42,850 [pool-227-thread-1] INFO  storage.RaftStorageDirectory (RaftStorageDirectory.java:tryLock(328)) - Lock on /workdir/hadoop-ozone/integration-test/target/test-dir/MiniOzoneClusterImpl-4b41b7fd-8f2d-4662-9b03-706134207cd2/datanode-2/data/ratis/2225e6a0-3609-4d1c-94a0-d21656eabb7e/in_use.lock acquired by nodename 4617@pr-hdds-2302-x69hs-1458597746
2019-10-14 14:51:42,853 [pool-207-thread-1] INFO  storage.RaftStorageDirectory (RaftStorageDirectory.java:tryLock(328)) - Lock on /workdir/hadoop-ozone/integration-test/target/test-dir/MiniOzoneClusterImpl-4b41b7fd-8f2d-4662-9b03-706134207cd2/datanode-0/data/ratis/2225e6a0-3609-4d1c-94a0-d21656eabb7e/in_use.lock acquired by nodename 4617@pr-hdds-2302-x69hs-1458597746
2019-10-14 14:51:42,853 [pool-227-thread-1] INFO  storage.RaftStorage (RaftStorage.java:format(84)) - Storage directory /workdir/hadoop-ozone/integration-test/target/test-dir/MiniOzoneClusterImpl-4b41b7fd-8f2d-4662-9b03-706134207cd2/datanode-2/data/ratis/2225e6a0-3609-4d1c-94a0-d21656eabb7e has been successfully formatted.
2019-10-14 14:51:42,853 [pool-217-thread-1] INFO  storage.RaftStorageDirectory (RaftStorageDirectory.java:tryLock(328)) - Lock on /workdir/hadoop-ozone/integration-test/target/test-dir/MiniOzoneClusterImpl-4b41b7fd-8f2d-4662-9b03-706134207cd2/datanode-1/data/ratis/2225e6a0-3609-4d1c-94a0-d21656eabb7e/in_use.lock acquired by nodename 4617@pr-hdds-2302-x69hs-1458597746
2019-10-14 14:51:42,853 [pool-227-thread-1] INFO  ratis.ContainerStateMachine (ContainerStateMachine.java:loadSnapshot(231)) - group-D21656EABB7E: The snapshot info is null. Setting the last applied indexto:(t:0, i:~)
2019-10-14 14:51:42,854 [pool-227-thread-1] INFO  server.RaftServerConfigKeys (ConfUtils.java:logGet(43)) - raft.server.notification.no-leader.timeout = 120s (custom)
2019-10-14 14:51:42,854 [pool-227-thread-1] INFO  server.RaftServerConfigKeys (ConfUtils.java:logGet(43)) - raft.server.log.use.memory = false (default)
2019-10-14 14:51:42,854 [pool-227-thread-1] INFO  server.RaftServerConfigKeys (ConfUtils.java:logGet(43)) - raft.server.log.purge.gap = 1000000 (custom)
2019-10-14 14:51:42,854 [pool-227-thread-1] INFO  server.RaftServerConfigKeys (ConfUtils.java:logGet(43)) - raft.server.log.appender.buffer.byte-limit = 33554432 (custom)
2019-10-14 14:51:42,854 [pool-227-thread-1] INFO  server.RaftServerConfigKeys (ConfUtils.java:logGet(43)) - raft.server.log.segment.size.max = 1048576 (custom)
2019-10-14 14:51:42,854 [pool-227-thread-1] INFO  server.RaftServerConfigKeys (ConfUtils.java:logGet(43)) - raft.server.log.segment.cache.num.max = 2 (custom)
2019-10-14 14:51:42,855 [pool-227-thread-1] INFO  segmented.SegmentedRaftLogWorker (SegmentedRaftLogWorker.java:<init>(173)) - new c6492fef-5352-4ee4-a298-3337cbd3b3a1@group-D21656EABB7E-SegmentedRaftLogWorker for RaftStorage:Storage Directory /workdir/hadoop-ozone/integration-test/target/test-dir/MiniOzoneClusterImpl-4b41b7fd-8f2d-4662-9b03-706134207cd2/datanode-2/data/ratis/2225e6a0-3609-4d1c-94a0-d21656eabb7e
2019-10-14 14:51:42,855 [pool-227-thread-1] INFO  server.RaftServerConfigKeys (ConfUtils.java:logGet(43)) - raft.server.log.queue.byte-limit = 2147483647 (custom)
2019-10-14 14:51:42,855 [pool-227-thread-1] INFO  server.RaftServerConfigKeys (ConfUtils.java:logGet(43)) - raft.server.log.queue.element-limit = 1024 (custom)
2019-10-14 14:51:42,855 [pool-227-thread-1] INFO  server.RaftServerConfigKeys (ConfUtils.java:logGet(43)) - raft.server.log.segment.size.max = 1048576 (custom)
2019-10-14 14:51:42,855 [pool-227-thread-1] INFO  server.RaftServerConfigKeys (ConfUtils.java:logGet(43)) - raft.server.log.preallocated.size = 16384 (custom)
2019-10-14 14:51:42,855 [pool-227-thread-1] INFO  server.RaftServerConfigKeys (ConfUtils.java:logGet(43)) - raft.server.log.write.buffer.size = 33554432 (custom)
2019-10-14 14:51:42,855 [pool-227-thread-1] INFO  server.RaftServerConfigKeys (ConfUtils.java:logGet(43)) - raft.server.log.force.sync.num = 128 (default)
2019-10-14 14:51:42,856 [pool-227-thread-1] INFO  server.RaftServerConfigKeys (ConfUtils.java:logGet(43)) - raft.server.log.statemachine.data.sync = true (default)
2019-10-14 14:51:42,856 [pool-227-thread-1] INFO  server.RaftServerConfigKeys (ConfUtils.java:logGet(43)) - raft.server.log.statemachine.data.sync.timeout = 10s (default)
2019-10-14 14:51:42,856 [IPC Server handler 4 on 44711] INFO  net.NetworkTopology (NetworkTopologyImpl.java:add(111)) - Added a new node: /default-rack/459388a1-49cb-41d5-9d7e-a79fca8f9dca
2019-10-14 14:51:42,856 [pool-227-thread-1] INFO  server.RaftServerConfigKeys (ConfUtils.java:logGet(43)) - raft.server.log.statemachine.data.sync.timeout.retry = -1 (default)
2019-10-14 14:51:42,856 [IPC Server handler 4 on 44711] INFO  node.SCMNodeManager (SCMNodeManager.java:register(268)) - Registered Data node : 459388a1-49cb-41d5-9d7e-a79fca8f9dca{ip: 192.168.157.234, host: pr-hdds-2302-x69hs-1458597746, networkLocation: /default-rack, certSerialId: null}
2019-10-14 14:51:42,856 [pool-227-thread-1] INFO  server.RaftServerConfigKeys (ConfUtils.java:logGet(43)) - raft.server.log.statemachine.data.caching.enabled = true (custom)
2019-10-14 14:51:42,857 [pool-227-thread-1] INFO  segmented.SegmentedRaftLogWorker (SegmentedRaftLogWorker.java:lambda$new$0(128)) - c6492fef-5352-4ee4-a298-3337cbd3b3a1@group-D21656EABB7E-SegmentedRaftLogWorker: flushIndex: setUnconditionally 0 -> -1
2019-10-14 14:51:42,858 [pool-227-thread-1] INFO  server.RaftServerConfigKeys (ConfUtils.java:logGet(43)) - raft.server.snapshot.auto.trigger.enabled = true (custom)
2019-10-14 14:51:42,858 [pool-227-thread-1] INFO  server.RaftServerConfigKeys (ConfUtils.java:logGet(43)) - raft.server.snapshot.auto.trigger.threshold = 10000 (custom)
2019-10-14 14:51:42,858 [pool-227-thread-1] INFO  server.RaftServerConfigKeys (ConfUtils.java:logGet(43)) - raft.server.snapshot.retention.file.num = 5 (custom)
2019-10-14 14:51:42,858 [pool-227-thread-1] INFO  server.RaftServerConfigKeys (ConfUtils.java:logGet(43)) - raft.server.retrycache.expirytime = 600000ms (custom)
2019-10-14 14:51:42,858 [pool-217-thread-1] INFO  storage.RaftStorage (RaftStorage.java:format(84)) - Storage directory /workdir/hadoop-ozone/integration-test/target/test-dir/MiniOzoneClusterImpl-4b41b7fd-8f2d-4662-9b03-706134207cd2/datanode-1/data/ratis/2225e6a0-3609-4d1c-94a0-d21656eabb7e has been successfully formatted.
2019-10-14 14:51:42,858 [pool-207-thread-1] INFO  storage.RaftStorage (RaftStorage.java:format(84)) - Storage directory /workdir/hadoop-ozone/integration-test/target/test-dir/MiniOzoneClusterImpl-4b41b7fd-8f2d-4662-9b03-706134207cd2/datanode-0/data/ratis/2225e6a0-3609-4d1c-94a0-d21656eabb7e has been successfully formatted.
2019-10-14 14:51:42,859 [pool-217-thread-1] INFO  ratis.ContainerStateMachine (ContainerStateMachine.java:loadSnapshot(231)) - group-D21656EABB7E: The snapshot info is null. Setting the last applied indexto:(t:0, i:~)
2019-10-14 14:51:42,859 [pool-207-thread-1] INFO  ratis.ContainerStateMachine (ContainerStateMachine.java:loadSnapshot(231)) - group-D21656EABB7E: The snapshot info is null. Setting the last applied indexto:(t:0, i:~)
2019-10-14 14:51:42,859 [pool-217-thread-1] INFO  server.RaftServerConfigKeys (ConfUtils.java:logGet(43)) - raft.server.notification.no-leader.timeout = 120s (custom)
2019-10-14 14:51:42,859 [pool-207-thread-1] INFO  server.RaftServerConfigKeys (ConfUtils.java:logGet(43)) - raft.server.notification.no-leader.timeout = 120s (custom)
2019-10-14 14:51:42,859 [pool-217-thread-1] INFO  server.RaftServerConfigKeys (ConfUtils.java:logGet(43)) - raft.server.log.use.memory = false (default)
2019-10-14 14:51:42,859 [pool-207-thread-1] INFO  server.RaftServerConfigKeys (ConfUtils.java:logGet(43)) - raft.server.log.use.memory = false (default)
2019-10-14 14:51:42,859 [pool-217-thread-1] INFO  server.RaftServerConfigKeys (ConfUtils.java:logGet(43)) - raft.server.log.purge.gap = 1000000 (custom)
2019-10-14 14:51:42,860 [pool-207-thread-1] INFO  server.RaftServerConfigKeys (ConfUtils.java:logGet(43)) - raft.server.log.purge.gap = 1000000 (custom)
2019-10-14 14:51:42,860 [pool-217-thread-1] INFO  server.RaftServerConfigKeys (ConfUtils.java:logGet(43)) - raft.server.log.appender.buffer.byte-limit = 33554432 (custom)
2019-10-14 14:51:42,860 [pool-207-thread-1] INFO  server.RaftServerConfigKeys (ConfUtils.java:logGet(43)) - raft.server.log.appender.buffer.byte-limit = 33554432 (custom)
2019-10-14 14:51:42,860 [pool-217-thread-1] INFO  server.RaftServerConfigKeys (ConfUtils.java:logGet(43)) - raft.server.log.segment.size.max = 1048576 (custom)
2019-10-14 14:51:42,860 [pool-227-thread-1] INFO  impl.RaftServerImpl (RaftServerImpl.java:start(181)) - c6492fef-5352-4ee4-a298-3337cbd3b3a1@group-D21656EABB7E: start as a follower, conf=-1: [25f80a8f-1a6f-414e-a49c-3d3c61aacfaa:192.168.157.234:38614, 197a08cb-7e32-46b6-9731-300bf29c37bf:192.168.157.234:44708, c6492fef-5352-4ee4-a298-3337cbd3b3a1:192.168.157.234:41731], old=null
2019-10-14 14:51:42,860 [pool-207-thread-1] INFO  server.RaftServerConfigKeys (ConfUtils.java:logGet(43)) - raft.server.log.segment.size.max = 1048576 (custom)
2019-10-14 14:51:42,860 [pool-227-thread-1] INFO  impl.RaftServerImpl (RaftServerImpl.java:setRole(170)) - c6492fef-5352-4ee4-a298-3337cbd3b3a1@group-D21656EABB7E: changes role from      null to FOLLOWER at term 0 for startAsFollower
2019-10-14 14:51:42,860 [pool-217-thread-1] INFO  server.RaftServerConfigKeys (ConfUtils.java:logGet(43)) - raft.server.log.segment.cache.num.max = 2 (custom)
2019-10-14 14:51:42,861 [pool-227-thread-1] INFO  impl.RoleInfo (RoleInfo.java:updateAndGet(143)) - c6492fef-5352-4ee4-a298-3337cbd3b3a1: start FollowerState
2019-10-14 14:51:42,861 [pool-207-thread-1] INFO  server.RaftServerConfigKeys (ConfUtils.java:logGet(43)) - raft.server.log.segment.cache.num.max = 2 (custom)
2019-10-14 14:51:42,861 [pool-217-thread-1] INFO  segmented.SegmentedRaftLogWorker (SegmentedRaftLogWorker.java:<init>(173)) - new 25f80a8f-1a6f-414e-a49c-3d3c61aacfaa@group-D21656EABB7E-SegmentedRaftLogWorker for RaftStorage:Storage Directory /workdir/hadoop-ozone/integration-test/target/test-dir/MiniOzoneClusterImpl-4b41b7fd-8f2d-4662-9b03-706134207cd2/datanode-1/data/ratis/2225e6a0-3609-4d1c-94a0-d21656eabb7e
2019-10-14 14:51:42,861 [pool-227-thread-1] INFO  util.JmxRegister (JmxRegister.java:tryRegister(44)) - Successfully registered JMX Bean with object name Ratis:service=RaftServer,group=group-D21656EABB7E,id=c6492fef-5352-4ee4-a298-3337cbd3b3a1
2019-10-14 14:51:42,861 [pool-207-thread-1] INFO  segmented.SegmentedRaftLogWorker (SegmentedRaftLogWorker.java:<init>(173)) - new 197a08cb-7e32-46b6-9731-300bf29c37bf@group-D21656EABB7E-SegmentedRaftLogWorker for RaftStorage:Storage Directory /workdir/hadoop-ozone/integration-test/target/test-dir/MiniOzoneClusterImpl-4b41b7fd-8f2d-4662-9b03-706134207cd2/datanode-0/data/ratis/2225e6a0-3609-4d1c-94a0-d21656eabb7e
2019-10-14 14:51:42,861 [pool-217-thread-1] INFO  server.RaftServerConfigKeys (ConfUtils.java:logGet(43)) - raft.server.log.queue.byte-limit = 2147483647 (custom)
2019-10-14 14:51:42,862 [pool-207-thread-1] INFO  server.RaftServerConfigKeys (ConfUtils.java:logGet(43)) - raft.server.log.queue.byte-limit = 2147483647 (custom)
2019-10-14 14:51:42,862 [pool-217-thread-1] INFO  server.RaftServerConfigKeys (ConfUtils.java:logGet(43)) - raft.server.log.queue.element-limit = 1024 (custom)
2019-10-14 14:51:42,862 [pool-207-thread-1] INFO  server.RaftServerConfigKeys (ConfUtils.java:logGet(43)) - raft.server.log.queue.element-limit = 1024 (custom)
2019-10-14 14:51:42,862 [pool-217-thread-1] INFO  server.RaftServerConfigKeys (ConfUtils.java:logGet(43)) - raft.server.log.segment.size.max = 1048576 (custom)
2019-10-14 14:51:42,862 [pool-207-thread-1] INFO  server.RaftServerConfigKeys (ConfUtils.java:logGet(43)) - raft.server.log.segment.size.max = 1048576 (custom)
2019-10-14 14:51:42,862 [pool-217-thread-1] INFO  server.RaftServerConfigKeys (ConfUtils.java:logGet(43)) - raft.server.log.preallocated.size = 16384 (custom)
2019-10-14 14:51:42,863 [pool-207-thread-1] INFO  server.RaftServerConfigKeys (ConfUtils.java:logGet(43)) - raft.server.log.preallocated.size = 16384 (custom)
2019-10-14 14:51:42,863 [pool-217-thread-1] INFO  server.RaftServerConfigKeys (ConfUtils.java:logGet(43)) - raft.server.log.write.buffer.size = 33554432 (custom)
2019-10-14 14:51:42,863 [pool-207-thread-1] INFO  server.RaftServerConfigKeys (ConfUtils.java:logGet(43)) - raft.server.log.write.buffer.size = 33554432 (custom)
2019-10-14 14:51:42,863 [pool-217-thread-1] INFO  server.RaftServerConfigKeys (ConfUtils.java:logGet(43)) - raft.server.log.force.sync.num = 128 (default)
2019-10-14 14:51:42,863 [pool-207-thread-1] INFO  server.RaftServerConfigKeys (ConfUtils.java:logGet(43)) - raft.server.log.force.sync.num = 128 (default)
2019-10-14 14:51:42,863 [pool-217-thread-1] INFO  server.RaftServerConfigKeys (ConfUtils.java:logGet(43)) - raft.server.log.statemachine.data.sync = true (default)
2019-10-14 14:51:42,863 [pool-207-thread-1] INFO  server.RaftServerConfigKeys (ConfUtils.java:logGet(43)) - raft.server.log.statemachine.data.sync = true (default)
2019-10-14 14:51:42,864 [pool-217-thread-1] INFO  server.RaftServerConfigKeys (ConfUtils.java:logGet(43)) - raft.server.log.statemachine.data.sync.timeout = 10s (default)
2019-10-14 14:51:42,864 [pool-207-thread-1] INFO  server.RaftServerConfigKeys (ConfUtils.java:logGet(43)) - raft.server.log.statemachine.data.sync.timeout = 10s (default)
2019-10-14 14:51:42,864 [pool-217-thread-1] INFO  server.RaftServerConfigKeys (ConfUtils.java:logGet(43)) - raft.server.log.statemachine.data.sync.timeout.retry = -1 (default)
2019-10-14 14:51:42,867 [pool-207-thread-1] INFO  server.RaftServerConfigKeys (ConfUtils.java:logGet(43)) - raft.server.log.statemachine.data.sync.timeout.retry = -1 (default)
2019-10-14 14:51:42,867 [pool-217-thread-1] INFO  server.RaftServerConfigKeys (ConfUtils.java:logGet(43)) - raft.server.log.statemachine.data.caching.enabled = true (custom)
2019-10-14 14:51:42,867 [pool-207-thread-1] INFO  server.RaftServerConfigKeys (ConfUtils.java:logGet(43)) - raft.server.log.statemachine.data.caching.enabled = true (custom)
2019-10-14 14:51:42,867 [pool-217-thread-1] INFO  segmented.SegmentedRaftLogWorker (SegmentedRaftLogWorker.java:lambda$new$0(128)) - 25f80a8f-1a6f-414e-a49c-3d3c61aacfaa@group-D21656EABB7E-SegmentedRaftLogWorker: flushIndex: setUnconditionally 0 -> -1
2019-10-14 14:51:42,867 [pool-207-thread-1] INFO  segmented.SegmentedRaftLogWorker (SegmentedRaftLogWorker.java:lambda$new$0(128)) - 197a08cb-7e32-46b6-9731-300bf29c37bf@group-D21656EABB7E-SegmentedRaftLogWorker: flushIndex: setUnconditionally 0 -> -1
2019-10-14 14:51:42,868 [pool-217-thread-1] INFO  server.RaftServerConfigKeys (ConfUtils.java:logGet(43)) - raft.server.snapshot.auto.trigger.enabled = true (custom)
2019-10-14 14:51:42,868 [pool-207-thread-1] INFO  server.RaftServerConfigKeys (ConfUtils.java:logGet(43)) - raft.server.snapshot.auto.trigger.enabled = true (custom)
2019-10-14 14:51:42,868 [pool-217-thread-1] INFO  server.RaftServerConfigKeys (ConfUtils.java:logGet(43)) - raft.server.snapshot.auto.trigger.threshold = 10000 (custom)
2019-10-14 14:51:42,868 [pool-207-thread-1] INFO  server.RaftServerConfigKeys (ConfUtils.java:logGet(43)) - raft.server.snapshot.auto.trigger.threshold = 10000 (custom)
2019-10-14 14:51:42,868 [pool-217-thread-1] INFO  server.RaftServerConfigKeys (ConfUtils.java:logGet(43)) - raft.server.snapshot.retention.file.num = 5 (custom)
2019-10-14 14:51:42,868 [pool-207-thread-1] INFO  server.RaftServerConfigKeys (ConfUtils.java:logGet(43)) - raft.server.snapshot.retention.file.num = 5 (custom)
2019-10-14 14:51:42,868 [pool-217-thread-1] INFO  server.RaftServerConfigKeys (ConfUtils.java:logGet(43)) - raft.server.retrycache.expirytime = 600000ms (custom)
2019-10-14 14:51:42,869 [pool-207-thread-1] INFO  server.RaftServerConfigKeys (ConfUtils.java:logGet(43)) - raft.server.retrycache.expirytime = 600000ms (custom)
2019-10-14 14:51:42,871 [pool-217-thread-1] INFO  impl.RaftServerImpl (RaftServerImpl.java:start(181)) - 25f80a8f-1a6f-414e-a49c-3d3c61aacfaa@group-D21656EABB7E: start as a follower, conf=-1: [25f80a8f-1a6f-414e-a49c-3d3c61aacfaa:192.168.157.234:38614, 197a08cb-7e32-46b6-9731-300bf29c37bf:192.168.157.234:44708, c6492fef-5352-4ee4-a298-3337cbd3b3a1:192.168.157.234:41731], old=null
2019-10-14 14:51:42,871 [pool-217-thread-1] INFO  impl.RaftServerImpl (RaftServerImpl.java:setRole(170)) - 25f80a8f-1a6f-414e-a49c-3d3c61aacfaa@group-D21656EABB7E: changes role from      null to FOLLOWER at term 0 for startAsFollower
2019-10-14 14:51:42,872 [pool-207-thread-1] INFO  impl.RaftServerImpl (RaftServerImpl.java:start(181)) - 197a08cb-7e32-46b6-9731-300bf29c37bf@group-D21656EABB7E: start as a follower, conf=-1: [25f80a8f-1a6f-414e-a49c-3d3c61aacfaa:192.168.157.234:38614, 197a08cb-7e32-46b6-9731-300bf29c37bf:192.168.157.234:44708, c6492fef-5352-4ee4-a298-3337cbd3b3a1:192.168.157.234:41731], old=null
2019-10-14 14:51:42,872 [pool-217-thread-1] INFO  impl.RoleInfo (RoleInfo.java:updateAndGet(143)) - 25f80a8f-1a6f-414e-a49c-3d3c61aacfaa: start FollowerState
2019-10-14 14:51:42,872 [pool-207-thread-1] INFO  impl.RaftServerImpl (RaftServerImpl.java:setRole(170)) - 197a08cb-7e32-46b6-9731-300bf29c37bf@group-D21656EABB7E: changes role from      null to FOLLOWER at term 0 for startAsFollower
2019-10-14 14:51:42,872 [pool-207-thread-1] INFO  impl.RoleInfo (RoleInfo.java:updateAndGet(143)) - 197a08cb-7e32-46b6-9731-300bf29c37bf: start FollowerState
2019-10-14 14:51:42,872 [pool-217-thread-1] INFO  util.JmxRegister (JmxRegister.java:tryRegister(44)) - Successfully registered JMX Bean with object name Ratis:service=RaftServer,group=group-D21656EABB7E,id=25f80a8f-1a6f-414e-a49c-3d3c61aacfaa
2019-10-14 14:51:42,872 [pool-207-thread-1] INFO  util.JmxRegister (JmxRegister.java:tryRegister(44)) - Successfully registered JMX Bean with object name Ratis:service=RaftServer,group=group-D21656EABB7E,id=197a08cb-7e32-46b6-9731-300bf29c37bf
2019-10-14 14:51:42,882 [RatisPipelineUtilsThread] INFO  pipeline.PipelineStateManager (PipelineStateManager.java:addPipeline(56)) - Created pipeline Pipeline[ Id: 2225e6a0-3609-4d1c-94a0-d21656eabb7e, Nodes: 25f80a8f-1a6f-414e-a49c-3d3c61aacfaa{ip: 192.168.157.234, host: pr-hdds-2302-x69hs-1458597746, networkLocation: /default-rack, certSerialId: null}197a08cb-7e32-46b6-9731-300bf29c37bf{ip: 192.168.157.234, host: pr-hdds-2302-x69hs-1458597746, networkLocation: /default-rack, certSerialId: null}c6492fef-5352-4ee4-a298-3337cbd3b3a1{ip: 192.168.157.234, host: pr-hdds-2302-x69hs-1458597746, networkLocation: /default-rack, certSerialId: null}, Type:RATIS, Factor:THREE, State:OPEN]
2019-10-14 14:51:42,928 [IPC Server handler 5 on 44711] INFO  net.NetworkTopology (NetworkTopologyImpl.java:add(111)) - Added a new node: /default-rack/0304342d-69a5-4262-8d12-aa01fabc7076
2019-10-14 14:51:42,928 [IPC Server handler 5 on 44711] INFO  node.SCMNodeManager (SCMNodeManager.java:register(268)) - Registered Data node : 0304342d-69a5-4262-8d12-aa01fabc7076{ip: 192.168.157.234, host: pr-hdds-2302-x69hs-1458597746, networkLocation: /default-rack, certSerialId: null}
2019-10-14 14:51:42,935 [grpc-default-executor-7] INFO  impl.RaftServerProxy (RaftServerProxy.java:addNew(89)) - 0304342d-69a5-4262-8d12-aa01fabc7076: addNew group-91BB5B03386E:[0304342d-69a5-4262-8d12-aa01fabc7076:192.168.157.234:44803] returns group-91BB5B03386E:java.util.concurrent.CompletableFuture@1b7d6ffc[Not completed]
2019-10-14 14:51:42,936 [pool-247-thread-1] INFO  impl.RaftServerImpl (RaftServerImpl.java:<init>(95)) - 0304342d-69a5-4262-8d12-aa01fabc7076: new RaftServerImpl for group-91BB5B03386E:[0304342d-69a5-4262-8d12-aa01fabc7076:192.168.157.234:44803] with ContainerStateMachine:uninitialized
2019-10-14 14:51:42,936 [pool-247-thread-1] INFO  server.RaftServerConfigKeys (ConfUtils.java:logGet(43)) - raft.server.rpc.timeout.min = 5s (custom)
2019-10-14 14:51:42,936 [pool-247-thread-1] INFO  server.RaftServerConfigKeys (ConfUtils.java:logGet(43)) - raft.server.rpc.timeout.max = 5200ms (custom)
2019-10-14 14:51:42,937 [pool-247-thread-1] INFO  server.RaftServerConfigKeys (ConfUtils.java:logGet(43)) - raft.server.rpcslowness.timeout = 120s (custom)
2019-10-14 14:51:42,937 [pool-247-thread-1] INFO  server.RaftServerConfigKeys (ConfUtils.java:logGet(43)) - raft.server.sleep.deviation.threshold = 300 (default)
2019-10-14 14:51:42,937 [pool-247-thread-1] INFO  server.RaftServerConfigKeys (ConfUtils.java:logGet(43)) - raft.server.log.appender.install.snapshot.enabled = false (custom)
2019-10-14 14:51:42,937 [pool-247-thread-1] INFO  impl.RaftServerImpl (ServerState.java:<init>(103)) - 0304342d-69a5-4262-8d12-aa01fabc7076@group-91BB5B03386E: ConfigurationManager, init=-1: [0304342d-69a5-4262-8d12-aa01fabc7076:192.168.157.234:44803], old=null, confs=<EMPTY_MAP>
2019-10-14 14:51:42,937 [pool-247-thread-1] INFO  server.RaftServerConfigKeys (ConfUtils.java:logGet(43)) - raft.server.storage.dir = [/workdir/hadoop-ozone/integration-test/target/test-dir/MiniOzoneClusterImpl-4b41b7fd-8f2d-4662-9b03-706134207cd2/datanode-4/data/ratis] (custom)
2019-10-14 14:51:42,938 [pool-247-thread-1] INFO  server.RaftServerConfigKeys (ConfUtils.java:logGet(43)) - raft.server.log.corruption.policy = EXCEPTION (default)
2019-10-14 14:51:42,938 [pool-247-thread-1] INFO  storage.RaftStorageDirectory (RaftStorageDirectory.java:analyzeStorage(246)) - The storage directory /workdir/hadoop-ozone/integration-test/target/test-dir/MiniOzoneClusterImpl-4b41b7fd-8f2d-4662-9b03-706134207cd2/datanode-4/data/ratis/9e9f4e48-404a-412f-b628-91bb5b03386e does not exist. Creating ...
2019-10-14 14:51:42,951 [pool-247-thread-1] INFO  storage.RaftStorageDirectory (RaftStorageDirectory.java:tryLock(328)) - Lock on /workdir/hadoop-ozone/integration-test/target/test-dir/MiniOzoneClusterImpl-4b41b7fd-8f2d-4662-9b03-706134207cd2/datanode-4/data/ratis/9e9f4e48-404a-412f-b628-91bb5b03386e/in_use.lock acquired by nodename 4617@pr-hdds-2302-x69hs-1458597746
2019-10-14 14:51:42,954 [pool-247-thread-1] INFO  storage.RaftStorage (RaftStorage.java:format(84)) - Storage directory /workdir/hadoop-ozone/integration-test/target/test-dir/MiniOzoneClusterImpl-4b41b7fd-8f2d-4662-9b03-706134207cd2/datanode-4/data/ratis/9e9f4e48-404a-412f-b628-91bb5b03386e has been successfully formatted.
2019-10-14 14:51:42,955 [pool-247-thread-1] INFO  ratis.ContainerStateMachine (ContainerStateMachine.java:loadSnapshot(231)) - group-91BB5B03386E: The snapshot info is null. Setting the last applied indexto:(t:0, i:~)
2019-10-14 14:51:42,955 [pool-247-thread-1] INFO  server.RaftServerConfigKeys (ConfUtils.java:logGet(43)) - raft.server.notification.no-leader.timeout = 120s (custom)
2019-10-14 14:51:42,955 [pool-247-thread-1] INFO  server.RaftServerConfigKeys (ConfUtils.java:logGet(43)) - raft.server.log.use.memory = false (default)
2019-10-14 14:51:42,955 [pool-247-thread-1] INFO  server.RaftServerConfigKeys (ConfUtils.java:logGet(43)) - raft.server.log.purge.gap = 1000000 (custom)
2019-10-14 14:51:42,955 [pool-247-thread-1] INFO  server.RaftServerConfigKeys (ConfUtils.java:logGet(43)) - raft.server.log.appender.buffer.byte-limit = 33554432 (custom)
2019-10-14 14:51:42,956 [pool-247-thread-1] INFO  server.RaftServerConfigKeys (ConfUtils.java:logGet(43)) - raft.server.log.segment.size.max = 1048576 (custom)
2019-10-14 14:51:42,957 [pool-247-thread-1] INFO  server.RaftServerConfigKeys (ConfUtils.java:logGet(43)) - raft.server.log.segment.cache.num.max = 2 (custom)
2019-10-14 14:51:42,958 [pool-247-thread-1] INFO  segmented.SegmentedRaftLogWorker (SegmentedRaftLogWorker.java:<init>(173)) - new 0304342d-69a5-4262-8d12-aa01fabc7076@group-91BB5B03386E-SegmentedRaftLogWorker for RaftStorage:Storage Directory /workdir/hadoop-ozone/integration-test/target/test-dir/MiniOzoneClusterImpl-4b41b7fd-8f2d-4662-9b03-706134207cd2/datanode-4/data/ratis/9e9f4e48-404a-412f-b628-91bb5b03386e
2019-10-14 14:51:42,958 [pool-247-thread-1] INFO  server.RaftServerConfigKeys (ConfUtils.java:logGet(43)) - raft.server.log.queue.byte-limit = 2147483647 (custom)
2019-10-14 14:51:42,958 [pool-247-thread-1] INFO  server.RaftServerConfigKeys (ConfUtils.java:logGet(43)) - raft.server.log.queue.element-limit = 1024 (custom)
2019-10-14 14:51:42,958 [pool-247-thread-1] INFO  server.RaftServerConfigKeys (ConfUtils.java:logGet(43)) - raft.server.log.segment.size.max = 1048576 (custom)
2019-10-14 14:51:42,958 [pool-247-thread-1] INFO  server.RaftServerConfigKeys (ConfUtils.java:logGet(43)) - raft.server.log.preallocated.size = 16384 (custom)
2019-10-14 14:51:42,958 [pool-247-thread-1] INFO  server.RaftServerConfigKeys (ConfUtils.java:logGet(43)) - raft.server.log.write.buffer.size = 33554432 (custom)
2019-10-14 14:51:42,959 [pool-247-thread-1] INFO  server.RaftServerConfigKeys (ConfUtils.java:logGet(43)) - raft.server.log.force.sync.num = 128 (default)
2019-10-14 14:51:42,959 [pool-247-thread-1] INFO  server.RaftServerConfigKeys (ConfUtils.java:logGet(43)) - raft.server.log.statemachine.data.sync = true (default)
2019-10-14 14:51:42,959 [pool-247-thread-1] INFO  server.RaftServerConfigKeys (ConfUtils.java:logGet(43)) - raft.server.log.statemachine.data.sync.timeout = 10s (default)
2019-10-14 14:51:42,959 [pool-247-thread-1] INFO  server.RaftServerConfigKeys (ConfUtils.java:logGet(43)) - raft.server.log.statemachine.data.sync.timeout.retry = -1 (default)
2019-10-14 14:51:42,960 [pool-247-thread-1] INFO  server.RaftServerConfigKeys (ConfUtils.java:logGet(43)) - raft.server.log.statemachine.data.caching.enabled = true (custom)
2019-10-14 14:51:42,960 [pool-247-thread-1] INFO  segmented.SegmentedRaftLogWorker (SegmentedRaftLogWorker.java:lambda$new$0(128)) - 0304342d-69a5-4262-8d12-aa01fabc7076@group-91BB5B03386E-SegmentedRaftLogWorker: flushIndex: setUnconditionally 0 -> -1
2019-10-14 14:51:42,960 [pool-247-thread-1] INFO  server.RaftServerConfigKeys (ConfUtils.java:logGet(43)) - raft.server.snapshot.auto.trigger.enabled = true (custom)
2019-10-14 14:51:42,961 [pool-247-thread-1] INFO  server.RaftServerConfigKeys (ConfUtils.java:logGet(43)) - raft.server.snapshot.auto.trigger.threshold = 10000 (custom)
2019-10-14 14:51:42,961 [pool-247-thread-1] INFO  server.RaftServerConfigKeys (ConfUtils.java:logGet(43)) - raft.server.snapshot.retention.file.num = 5 (custom)
2019-10-14 14:51:42,961 [pool-247-thread-1] INFO  server.RaftServerConfigKeys (ConfUtils.java:logGet(43)) - raft.server.retrycache.expirytime = 600000ms (custom)
2019-10-14 14:51:42,963 [pool-247-thread-1] INFO  impl.RaftServerImpl (RaftServerImpl.java:start(181)) - 0304342d-69a5-4262-8d12-aa01fabc7076@group-91BB5B03386E: start as a follower, conf=-1: [0304342d-69a5-4262-8d12-aa01fabc7076:192.168.157.234:44803], old=null
2019-10-14 14:51:42,963 [pool-247-thread-1] INFO  impl.RaftServerImpl (RaftServerImpl.java:setRole(170)) - 0304342d-69a5-4262-8d12-aa01fabc7076@group-91BB5B03386E: changes role from      null to FOLLOWER at term 0 for startAsFollower
2019-10-14 14:51:42,963 [pool-247-thread-1] INFO  impl.RoleInfo (RoleInfo.java:updateAndGet(143)) - 0304342d-69a5-4262-8d12-aa01fabc7076: start FollowerState
2019-10-14 14:51:42,963 [pool-247-thread-1] INFO  util.JmxRegister (JmxRegister.java:tryRegister(44)) - Successfully registered JMX Bean with object name Ratis:service=RaftServer,group=group-91BB5B03386E,id=0304342d-69a5-4262-8d12-aa01fabc7076
2019-10-14 14:51:42,971 [RatisPipelineUtilsThread] INFO  pipeline.PipelineStateManager (PipelineStateManager.java:addPipeline(56)) - Created pipeline Pipeline[ Id: 9e9f4e48-404a-412f-b628-91bb5b03386e, Nodes: 0304342d-69a5-4262-8d12-aa01fabc7076{ip: 192.168.157.234, host: pr-hdds-2302-x69hs-1458597746, networkLocation: /default-rack, certSerialId: null}, Type:RATIS, Factor:ONE, State:OPEN]
2019-10-14 14:51:42,980 [grpc-default-executor-7] INFO  impl.RaftServerProxy (RaftServerProxy.java:addNew(89)) - 459388a1-49cb-41d5-9d7e-a79fca8f9dca: addNew group-8AA81BB672EA:[459388a1-49cb-41d5-9d7e-a79fca8f9dca:192.168.157.234:36026] returns group-8AA81BB672EA:java.util.concurrent.CompletableFuture@52508e8f[Not completed]
2019-10-14 14:51:42,981 [pool-237-thread-1] INFO  impl.RaftServerImpl (RaftServerImpl.java:<init>(95)) - 459388a1-49cb-41d5-9d7e-a79fca8f9dca: new RaftServerImpl for group-8AA81BB672EA:[459388a1-49cb-41d5-9d7e-a79fca8f9dca:192.168.157.234:36026] with ContainerStateMachine:uninitialized
2019-10-14 14:51:42,982 [pool-237-thread-1] INFO  server.RaftServerConfigKeys (ConfUtils.java:logGet(43)) - raft.server.rpc.timeout.min = 5s (custom)
2019-10-14 14:51:42,982 [pool-237-thread-1] INFO  server.RaftServerConfigKeys (ConfUtils.java:logGet(43)) - raft.server.rpc.timeout.max = 5200ms (custom)
2019-10-14 14:51:42,982 [pool-237-thread-1] INFO  server.RaftServerConfigKeys (ConfUtils.java:logGet(43)) - raft.server.rpcslowness.timeout = 120s (custom)
2019-10-14 14:51:42,982 [pool-237-thread-1] INFO  server.RaftServerConfigKeys (ConfUtils.java:logGet(43)) - raft.server.sleep.deviation.threshold = 300 (default)
2019-10-14 14:51:42,982 [pool-237-thread-1] INFO  server.RaftServerConfigKeys (ConfUtils.java:logGet(43)) - raft.server.log.appender.install.snapshot.enabled = false (custom)
2019-10-14 14:51:42,982 [pool-237-thread-1] INFO  impl.RaftServerImpl (ServerState.java:<init>(103)) - 459388a1-49cb-41d5-9d7e-a79fca8f9dca@group-8AA81BB672EA: ConfigurationManager, init=-1: [459388a1-49cb-41d5-9d7e-a79fca8f9dca:192.168.157.234:36026], old=null, confs=<EMPTY_MAP>
2019-10-14 14:51:42,982 [pool-237-thread-1] INFO  server.RaftServerConfigKeys (ConfUtils.java:logGet(43)) - raft.server.storage.dir = [/workdir/hadoop-ozone/integration-test/target/test-dir/MiniOzoneClusterImpl-4b41b7fd-8f2d-4662-9b03-706134207cd2/datanode-3/data/ratis] (custom)
2019-10-14 14:51:42,983 [pool-237-thread-1] INFO  server.RaftServerConfigKeys (ConfUtils.java:logGet(43)) - raft.server.log.corruption.policy = EXCEPTION (default)
2019-10-14 14:51:42,983 [pool-237-thread-1] INFO  storage.RaftStorageDirectory (RaftStorageDirectory.java:analyzeStorage(246)) - The storage directory /workdir/hadoop-ozone/integration-test/target/test-dir/MiniOzoneClusterImpl-4b41b7fd-8f2d-4662-9b03-706134207cd2/datanode-3/data/ratis/7903ace7-8ef6-4bfb-9dd0-8aa81bb672ea does not exist. Creating ...
2019-10-14 14:51:42,987 [pool-237-thread-1] INFO  storage.RaftStorageDirectory (RaftStorageDirectory.java:tryLock(328)) - Lock on /workdir/hadoop-ozone/integration-test/target/test-dir/MiniOzoneClusterImpl-4b41b7fd-8f2d-4662-9b03-706134207cd2/datanode-3/data/ratis/7903ace7-8ef6-4bfb-9dd0-8aa81bb672ea/in_use.lock acquired by nodename 4617@pr-hdds-2302-x69hs-1458597746
2019-10-14 14:51:42,990 [pool-237-thread-1] INFO  storage.RaftStorage (RaftStorage.java:format(84)) - Storage directory /workdir/hadoop-ozone/integration-test/target/test-dir/MiniOzoneClusterImpl-4b41b7fd-8f2d-4662-9b03-706134207cd2/datanode-3/data/ratis/7903ace7-8ef6-4bfb-9dd0-8aa81bb672ea has been successfully formatted.
2019-10-14 14:51:42,990 [pool-237-thread-1] INFO  ratis.ContainerStateMachine (ContainerStateMachine.java:loadSnapshot(231)) - group-8AA81BB672EA: The snapshot info is null. Setting the last applied indexto:(t:0, i:~)
2019-10-14 14:51:42,991 [pool-237-thread-1] INFO  server.RaftServerConfigKeys (ConfUtils.java:logGet(43)) - raft.server.notification.no-leader.timeout = 120s (custom)
2019-10-14 14:51:42,991 [pool-237-thread-1] INFO  server.RaftServerConfigKeys (ConfUtils.java:logGet(43)) - raft.server.log.use.memory = false (default)
2019-10-14 14:51:42,991 [pool-237-thread-1] INFO  server.RaftServerConfigKeys (ConfUtils.java:logGet(43)) - raft.server.log.purge.gap = 1000000 (custom)
2019-10-14 14:51:42,991 [pool-237-thread-1] INFO  server.RaftServerConfigKeys (ConfUtils.java:logGet(43)) - raft.server.log.appender.buffer.byte-limit = 33554432 (custom)
2019-10-14 14:51:42,992 [pool-237-thread-1] INFO  server.RaftServerConfigKeys (ConfUtils.java:logGet(43)) - raft.server.log.segment.size.max = 1048576 (custom)
2019-10-14 14:51:42,993 [IPC Server handler 6 on 44711] INFO  net.NetworkTopology (NetworkTopologyImpl.java:add(111)) - Added a new node: /default-rack/aa3f4569-ad31-4f4e-86e9-1cdd87d28288
2019-10-14 14:51:42,993 [IPC Server handler 6 on 44711] INFO  node.SCMNodeManager (SCMNodeManager.java:register(268)) - Registered Data node : aa3f4569-ad31-4f4e-86e9-1cdd87d28288{ip: 192.168.157.234, host: pr-hdds-2302-x69hs-1458597746, networkLocation: /default-rack, certSerialId: null}
2019-10-14 14:51:42,994 [pool-237-thread-1] INFO  server.RaftServerConfigKeys (ConfUtils.java:logGet(43)) - raft.server.log.segment.cache.num.max = 2 (custom)
2019-10-14 14:51:42,994 [pool-237-thread-1] INFO  segmented.SegmentedRaftLogWorker (SegmentedRaftLogWorker.java:<init>(173)) - new 459388a1-49cb-41d5-9d7e-a79fca8f9dca@group-8AA81BB672EA-SegmentedRaftLogWorker for RaftStorage:Storage Directory /workdir/hadoop-ozone/integration-test/target/test-dir/MiniOzoneClusterImpl-4b41b7fd-8f2d-4662-9b03-706134207cd2/datanode-3/data/ratis/7903ace7-8ef6-4bfb-9dd0-8aa81bb672ea
2019-10-14 14:51:42,995 [pool-237-thread-1] INFO  server.RaftServerConfigKeys (ConfUtils.java:logGet(43)) - raft.server.log.queue.byte-limit = 2147483647 (custom)
2019-10-14 14:51:42,995 [pool-237-thread-1] INFO  server.RaftServerConfigKeys (ConfUtils.java:logGet(43)) - raft.server.log.queue.element-limit = 1024 (custom)
2019-10-14 14:51:42,995 [pool-237-thread-1] INFO  server.RaftServerConfigKeys (ConfUtils.java:logGet(43)) - raft.server.log.segment.size.max = 1048576 (custom)
2019-10-14 14:51:42,995 [pool-237-thread-1] INFO  server.RaftServerConfigKeys (ConfUtils.java:logGet(43)) - raft.server.log.preallocated.size = 16384 (custom)
2019-10-14 14:51:42,995 [pool-237-thread-1] INFO  server.RaftServerConfigKeys (ConfUtils.java:logGet(43)) - raft.server.log.write.buffer.size = 33554432 (custom)
2019-10-14 14:51:42,996 [pool-237-thread-1] INFO  server.RaftServerConfigKeys (ConfUtils.java:logGet(43)) - raft.server.log.force.sync.num = 128 (default)
2019-10-14 14:51:42,996 [pool-237-thread-1] INFO  server.RaftServerConfigKeys (ConfUtils.java:logGet(43)) - raft.server.log.statemachine.data.sync = true (default)
2019-10-14 14:51:42,996 [pool-237-thread-1] INFO  server.RaftServerConfigKeys (ConfUtils.java:logGet(43)) - raft.server.log.statemachine.data.sync.timeout = 10s (default)
2019-10-14 14:51:42,996 [pool-237-thread-1] INFO  server.RaftServerConfigKeys (ConfUtils.java:logGet(43)) - raft.server.log.statemachine.data.sync.timeout.retry = -1 (default)
2019-10-14 14:51:42,997 [pool-237-thread-1] INFO  server.RaftServerConfigKeys (ConfUtils.java:logGet(43)) - raft.server.log.statemachine.data.caching.enabled = true (custom)
2019-10-14 14:51:42,997 [pool-237-thread-1] INFO  segmented.SegmentedRaftLogWorker (SegmentedRaftLogWorker.java:lambda$new$0(128)) - 459388a1-49cb-41d5-9d7e-a79fca8f9dca@group-8AA81BB672EA-SegmentedRaftLogWorker: flushIndex: setUnconditionally 0 -> -1
2019-10-14 14:51:42,998 [pool-237-thread-1] INFO  server.RaftServerConfigKeys (ConfUtils.java:logGet(43)) - raft.server.snapshot.auto.trigger.enabled = true (custom)
2019-10-14 14:51:42,998 [pool-237-thread-1] INFO  server.RaftServerConfigKeys (ConfUtils.java:logGet(43)) - raft.server.snapshot.auto.trigger.threshold = 10000 (custom)
2019-10-14 14:51:42,998 [pool-237-thread-1] INFO  server.RaftServerConfigKeys (ConfUtils.java:logGet(43)) - raft.server.snapshot.retention.file.num = 5 (custom)
2019-10-14 14:51:42,998 [pool-237-thread-1] INFO  server.RaftServerConfigKeys (ConfUtils.java:logGet(43)) - raft.server.retrycache.expirytime = 600000ms (custom)
2019-10-14 14:51:43,001 [pool-237-thread-1] INFO  impl.RaftServerImpl (RaftServerImpl.java:start(181)) - 459388a1-49cb-41d5-9d7e-a79fca8f9dca@group-8AA81BB672EA: start as a follower, conf=-1: [459388a1-49cb-41d5-9d7e-a79fca8f9dca:192.168.157.234:36026], old=null
2019-10-14 14:51:43,001 [pool-237-thread-1] INFO  impl.RaftServerImpl (RaftServerImpl.java:setRole(170)) - 459388a1-49cb-41d5-9d7e-a79fca8f9dca@group-8AA81BB672EA: changes role from      null to FOLLOWER at term 0 for startAsFollower
2019-10-14 14:51:43,002 [pool-237-thread-1] INFO  impl.RoleInfo (RoleInfo.java:updateAndGet(143)) - 459388a1-49cb-41d5-9d7e-a79fca8f9dca: start FollowerState
2019-10-14 14:51:43,002 [pool-237-thread-1] INFO  util.JmxRegister (JmxRegister.java:tryRegister(44)) - Successfully registered JMX Bean with object name Ratis:service=RaftServer,group=group-8AA81BB672EA,id=459388a1-49cb-41d5-9d7e-a79fca8f9dca
2019-10-14 14:51:43,009 [RatisPipelineUtilsThread] INFO  pipeline.PipelineStateManager (PipelineStateManager.java:addPipeline(56)) - Created pipeline Pipeline[ Id: 7903ace7-8ef6-4bfb-9dd0-8aa81bb672ea, Nodes: 459388a1-49cb-41d5-9d7e-a79fca8f9dca{ip: 192.168.157.234, host: pr-hdds-2302-x69hs-1458597746, networkLocation: /default-rack, certSerialId: null}, Type:RATIS, Factor:ONE, State:OPEN]
2019-10-14 14:51:43,026 [grpc-default-executor-7] INFO  impl.RaftServerProxy (RaftServerProxy.java:addNew(89)) - aa3f4569-ad31-4f4e-86e9-1cdd87d28288: addNew group-AB1230D1679C:[aa3f4569-ad31-4f4e-86e9-1cdd87d28288:192.168.157.234:37888] returns group-AB1230D1679C:java.util.concurrent.CompletableFuture@7cfc258d[Not completed]
2019-10-14 14:51:43,028 [pool-257-thread-1] INFO  impl.RaftServerImpl (RaftServerImpl.java:<init>(95)) - aa3f4569-ad31-4f4e-86e9-1cdd87d28288: new RaftServerImpl for group-AB1230D1679C:[aa3f4569-ad31-4f4e-86e9-1cdd87d28288:192.168.157.234:37888] with ContainerStateMachine:uninitialized
2019-10-14 14:51:43,028 [pool-257-thread-1] INFO  server.RaftServerConfigKeys (ConfUtils.java:logGet(43)) - raft.server.rpc.timeout.min = 5s (custom)
2019-10-14 14:51:43,028 [pool-257-thread-1] INFO  server.RaftServerConfigKeys (ConfUtils.java:logGet(43)) - raft.server.rpc.timeout.max = 5200ms (custom)
2019-10-14 14:51:43,028 [pool-257-thread-1] INFO  server.RaftServerConfigKeys (ConfUtils.java:logGet(43)) - raft.server.rpcslowness.timeout = 120s (custom)
2019-10-14 14:51:43,029 [pool-257-thread-1] INFO  server.RaftServerConfigKeys (ConfUtils.java:logGet(43)) - raft.server.sleep.deviation.threshold = 300 (default)
2019-10-14 14:51:43,029 [pool-257-thread-1] INFO  server.RaftServerConfigKeys (ConfUtils.java:logGet(43)) - raft.server.log.appender.install.snapshot.enabled = false (custom)
2019-10-14 14:51:43,029 [pool-257-thread-1] INFO  impl.RaftServerImpl (ServerState.java:<init>(103)) - aa3f4569-ad31-4f4e-86e9-1cdd87d28288@group-AB1230D1679C: ConfigurationManager, init=-1: [aa3f4569-ad31-4f4e-86e9-1cdd87d28288:192.168.157.234:37888], old=null, confs=<EMPTY_MAP>
2019-10-14 14:51:43,029 [pool-257-thread-1] INFO  server.RaftServerConfigKeys (ConfUtils.java:logGet(43)) - raft.server.storage.dir = [/workdir/hadoop-ozone/integration-test/target/test-dir/MiniOzoneClusterImpl-4b41b7fd-8f2d-4662-9b03-706134207cd2/datanode-5/data/ratis] (custom)
2019-10-14 14:51:43,029 [pool-257-thread-1] INFO  server.RaftServerConfigKeys (ConfUtils.java:logGet(43)) - raft.server.log.corruption.policy = EXCEPTION (default)
2019-10-14 14:51:43,030 [pool-257-thread-1] INFO  storage.RaftStorageDirectory (RaftStorageDirectory.java:analyzeStorage(246)) - The storage directory /workdir/hadoop-ozone/integration-test/target/test-dir/MiniOzoneClusterImpl-4b41b7fd-8f2d-4662-9b03-706134207cd2/datanode-5/data/ratis/ec6616a3-a383-4214-a7a5-ab1230d1679c does not exist. Creating ...
2019-10-14 14:51:43,034 [pool-257-thread-1] INFO  storage.RaftStorageDirectory (RaftStorageDirectory.java:tryLock(328)) - Lock on /workdir/hadoop-ozone/integration-test/target/test-dir/MiniOzoneClusterImpl-4b41b7fd-8f2d-4662-9b03-706134207cd2/datanode-5/data/ratis/ec6616a3-a383-4214-a7a5-ab1230d1679c/in_use.lock acquired by nodename 4617@pr-hdds-2302-x69hs-1458597746
2019-10-14 14:51:43,040 [pool-257-thread-1] INFO  storage.RaftStorage (RaftStorage.java:format(84)) - Storage directory /workdir/hadoop-ozone/integration-test/target/test-dir/MiniOzoneClusterImpl-4b41b7fd-8f2d-4662-9b03-706134207cd2/datanode-5/data/ratis/ec6616a3-a383-4214-a7a5-ab1230d1679c has been successfully formatted.
2019-10-14 14:51:43,040 [pool-257-thread-1] INFO  ratis.ContainerStateMachine (ContainerStateMachine.java:loadSnapshot(231)) - group-AB1230D1679C: The snapshot info is null. Setting the last applied indexto:(t:0, i:~)
2019-10-14 14:51:43,040 [pool-257-thread-1] INFO  server.RaftServerConfigKeys (ConfUtils.java:logGet(43)) - raft.server.notification.no-leader.timeout = 120s (custom)
2019-10-14 14:51:43,040 [pool-257-thread-1] INFO  server.RaftServerConfigKeys (ConfUtils.java:logGet(43)) - raft.server.log.use.memory = false (default)
2019-10-14 14:51:43,041 [pool-257-thread-1] INFO  server.RaftServerConfigKeys (ConfUtils.java:logGet(43)) - raft.server.log.purge.gap = 1000000 (custom)
2019-10-14 14:51:43,041 [pool-257-thread-1] INFO  server.RaftServerConfigKeys (ConfUtils.java:logGet(43)) - raft.server.log.appender.buffer.byte-limit = 33554432 (custom)
2019-10-14 14:51:43,041 [pool-257-thread-1] INFO  server.RaftServerConfigKeys (ConfUtils.java:logGet(43)) - raft.server.log.segment.size.max = 1048576 (custom)
2019-10-14 14:51:43,044 [pool-257-thread-1] INFO  server.RaftServerConfigKeys (ConfUtils.java:logGet(43)) - raft.server.log.segment.cache.num.max = 2 (custom)
2019-10-14 14:51:43,044 [pool-257-thread-1] INFO  segmented.SegmentedRaftLogWorker (SegmentedRaftLogWorker.java:<init>(173)) - new aa3f4569-ad31-4f4e-86e9-1cdd87d28288@group-AB1230D1679C-SegmentedRaftLogWorker for RaftStorage:Storage Directory /workdir/hadoop-ozone/integration-test/target/test-dir/MiniOzoneClusterImpl-4b41b7fd-8f2d-4662-9b03-706134207cd2/datanode-5/data/ratis/ec6616a3-a383-4214-a7a5-ab1230d1679c
2019-10-14 14:51:43,044 [pool-257-thread-1] INFO  server.RaftServerConfigKeys (ConfUtils.java:logGet(43)) - raft.server.log.queue.byte-limit = 2147483647 (custom)
2019-10-14 14:51:43,044 [pool-257-thread-1] INFO  server.RaftServerConfigKeys (ConfUtils.java:logGet(43)) - raft.server.log.queue.element-limit = 1024 (custom)
2019-10-14 14:51:43,045 [pool-257-thread-1] INFO  server.RaftServerConfigKeys (ConfUtils.java:logGet(43)) - raft.server.log.segment.size.max = 1048576 (custom)
2019-10-14 14:51:43,045 [pool-257-thread-1] INFO  server.RaftServerConfigKeys (ConfUtils.java:logGet(43)) - raft.server.log.preallocated.size = 16384 (custom)
2019-10-14 14:51:43,045 [pool-257-thread-1] INFO  server.RaftServerConfigKeys (ConfUtils.java:logGet(43)) - raft.server.log.write.buffer.size = 33554432 (custom)
2019-10-14 14:51:43,045 [pool-257-thread-1] INFO  server.RaftServerConfigKeys (ConfUtils.java:logGet(43)) - raft.server.log.force.sync.num = 128 (default)
2019-10-14 14:51:43,045 [pool-257-thread-1] INFO  server.RaftServerConfigKeys (ConfUtils.java:logGet(43)) - raft.server.log.statemachine.data.sync = true (default)
2019-10-14 14:51:43,045 [pool-257-thread-1] INFO  server.RaftServerConfigKeys (ConfUtils.java:logGet(43)) - raft.server.log.statemachine.data.sync.timeout = 10s (default)
2019-10-14 14:51:43,045 [pool-257-thread-1] INFO  server.RaftServerConfigKeys (ConfUtils.java:logGet(43)) - raft.server.log.statemachine.data.sync.timeout.retry = -1 (default)
2019-10-14 14:51:43,046 [pool-257-thread-1] INFO  server.RaftServerConfigKeys (ConfUtils.java:logGet(43)) - raft.server.log.statemachine.data.caching.enabled = true (custom)
2019-10-14 14:51:43,046 [pool-257-thread-1] INFO  segmented.SegmentedRaftLogWorker (SegmentedRaftLogWorker.java:lambda$new$0(128)) - aa3f4569-ad31-4f4e-86e9-1cdd87d28288@group-AB1230D1679C-SegmentedRaftLogWorker: flushIndex: setUnconditionally 0 -> -1
2019-10-14 14:51:43,046 [pool-257-thread-1] INFO  server.RaftServerConfigKeys (ConfUtils.java:logGet(43)) - raft.server.snapshot.auto.trigger.enabled = true (custom)
2019-10-14 14:51:43,047 [pool-257-thread-1] INFO  server.RaftServerConfigKeys (ConfUtils.java:logGet(43)) - raft.server.snapshot.auto.trigger.threshold = 10000 (custom)
2019-10-14 14:51:43,047 [pool-257-thread-1] INFO  server.RaftServerConfigKeys (ConfUtils.java:logGet(43)) - raft.server.snapshot.retention.file.num = 5 (custom)
2019-10-14 14:51:43,047 [pool-257-thread-1] INFO  server.RaftServerConfigKeys (ConfUtils.java:logGet(43)) - raft.server.retrycache.expirytime = 600000ms (custom)
2019-10-14 14:51:43,049 [pool-257-thread-1] INFO  impl.RaftServerImpl (RaftServerImpl.java:start(181)) - aa3f4569-ad31-4f4e-86e9-1cdd87d28288@group-AB1230D1679C: start as a follower, conf=-1: [aa3f4569-ad31-4f4e-86e9-1cdd87d28288:192.168.157.234:37888], old=null
2019-10-14 14:51:43,050 [pool-257-thread-1] INFO  impl.RaftServerImpl (RaftServerImpl.java:setRole(170)) - aa3f4569-ad31-4f4e-86e9-1cdd87d28288@group-AB1230D1679C: changes role from      null to FOLLOWER at term 0 for startAsFollower
2019-10-14 14:51:43,050 [pool-257-thread-1] INFO  impl.RoleInfo (RoleInfo.java:updateAndGet(143)) - aa3f4569-ad31-4f4e-86e9-1cdd87d28288: start FollowerState
2019-10-14 14:51:43,050 [pool-257-thread-1] INFO  util.JmxRegister (JmxRegister.java:tryRegister(44)) - Successfully registered JMX Bean with object name Ratis:service=RaftServer,group=group-AB1230D1679C,id=aa3f4569-ad31-4f4e-86e9-1cdd87d28288
2019-10-14 14:51:43,057 [main] INFO  ozone.MiniOzoneClusterImpl (MiniOzoneClusterImpl.java:lambda$waitForClusterToBeReady$0(147)) - Waiting for cluster to be ready. Got 6 of 7 DN Heartbeats.
2019-10-14 14:51:43,057 [IPC Server handler 0 on 44711] INFO  net.NetworkTopology (NetworkTopologyImpl.java:add(111)) - Added a new node: /default-rack/7309ccb4-489b-4984-94b6-00e66ba2f325
2019-10-14 14:51:43,058 [IPC Server handler 0 on 44711] INFO  node.SCMNodeManager (SCMNodeManager.java:register(268)) - Registered Data node : 7309ccb4-489b-4984-94b6-00e66ba2f325{ip: 192.168.157.234, host: pr-hdds-2302-x69hs-1458597746, networkLocation: /default-rack, certSerialId: null}
2019-10-14 14:51:43,058 [RatisPipelineUtilsThread] INFO  pipeline.PipelineStateManager (PipelineStateManager.java:addPipeline(56)) - Created pipeline Pipeline[ Id: ec6616a3-a383-4214-a7a5-ab1230d1679c, Nodes: aa3f4569-ad31-4f4e-86e9-1cdd87d28288{ip: 192.168.157.234, host: pr-hdds-2302-x69hs-1458597746, networkLocation: /default-rack, certSerialId: null}, Type:RATIS, Factor:ONE, State:OPEN]
2019-10-14 14:51:43,065 [grpc-default-executor-7] INFO  impl.RaftServerProxy (RaftServerProxy.java:addNew(89)) - 7309ccb4-489b-4984-94b6-00e66ba2f325: addNew group-B593A6F24AF7:[7309ccb4-489b-4984-94b6-00e66ba2f325:192.168.157.234:35645] returns group-B593A6F24AF7:java.util.concurrent.CompletableFuture@4d8013c2[Not completed]
2019-10-14 14:51:43,066 [pool-267-thread-1] INFO  impl.RaftServerImpl (RaftServerImpl.java:<init>(95)) - 7309ccb4-489b-4984-94b6-00e66ba2f325: new RaftServerImpl for group-B593A6F24AF7:[7309ccb4-489b-4984-94b6-00e66ba2f325:192.168.157.234:35645] with ContainerStateMachine:uninitialized
2019-10-14 14:51:43,066 [pool-267-thread-1] INFO  server.RaftServerConfigKeys (ConfUtils.java:logGet(43)) - raft.server.rpc.timeout.min = 5s (custom)
2019-10-14 14:51:43,066 [pool-267-thread-1] INFO  server.RaftServerConfigKeys (ConfUtils.java:logGet(43)) - raft.server.rpc.timeout.max = 5200ms (custom)
2019-10-14 14:51:43,066 [pool-267-thread-1] INFO  server.RaftServerConfigKeys (ConfUtils.java:logGet(43)) - raft.server.rpcslowness.timeout = 120s (custom)
2019-10-14 14:51:43,067 [pool-267-thread-1] INFO  server.RaftServerConfigKeys (ConfUtils.java:logGet(43)) - raft.server.sleep.deviation.threshold = 300 (default)
2019-10-14 14:51:43,067 [pool-267-thread-1] INFO  server.RaftServerConfigKeys (ConfUtils.java:logGet(43)) - raft.server.log.appender.install.snapshot.enabled = false (custom)
2019-10-14 14:51:43,067 [pool-267-thread-1] INFO  impl.RaftServerImpl (ServerState.java:<init>(103)) - 7309ccb4-489b-4984-94b6-00e66ba2f325@group-B593A6F24AF7: ConfigurationManager, init=-1: [7309ccb4-489b-4984-94b6-00e66ba2f325:192.168.157.234:35645], old=null, confs=<EMPTY_MAP>
2019-10-14 14:51:43,067 [pool-267-thread-1] INFO  server.RaftServerConfigKeys (ConfUtils.java:logGet(43)) - raft.server.storage.dir = [/workdir/hadoop-ozone/integration-test/target/test-dir/MiniOzoneClusterImpl-4b41b7fd-8f2d-4662-9b03-706134207cd2/datanode-6/data/ratis] (custom)
2019-10-14 14:51:43,067 [pool-267-thread-1] INFO  server.RaftServerConfigKeys (ConfUtils.java:logGet(43)) - raft.server.log.corruption.policy = EXCEPTION (default)
2019-10-14 14:51:43,067 [pool-267-thread-1] INFO  storage.RaftStorageDirectory (RaftStorageDirectory.java:analyzeStorage(246)) - The storage directory /workdir/hadoop-ozone/integration-test/target/test-dir/MiniOzoneClusterImpl-4b41b7fd-8f2d-4662-9b03-706134207cd2/datanode-6/data/ratis/3f105ba6-825d-421c-851c-b593a6f24af7 does not exist. Creating ...
2019-10-14 14:51:43,071 [pool-267-thread-1] INFO  storage.RaftStorageDirectory (RaftStorageDirectory.java:tryLock(328)) - Lock on /workdir/hadoop-ozone/integration-test/target/test-dir/MiniOzoneClusterImpl-4b41b7fd-8f2d-4662-9b03-706134207cd2/datanode-6/data/ratis/3f105ba6-825d-421c-851c-b593a6f24af7/in_use.lock acquired by nodename 4617@pr-hdds-2302-x69hs-1458597746
2019-10-14 14:51:43,075 [pool-267-thread-1] INFO  storage.RaftStorage (RaftStorage.java:format(84)) - Storage directory /workdir/hadoop-ozone/integration-test/target/test-dir/MiniOzoneClusterImpl-4b41b7fd-8f2d-4662-9b03-706134207cd2/datanode-6/data/ratis/3f105ba6-825d-421c-851c-b593a6f24af7 has been successfully formatted.
2019-10-14 14:51:43,075 [pool-267-thread-1] INFO  ratis.ContainerStateMachine (ContainerStateMachine.java:loadSnapshot(231)) - group-B593A6F24AF7: The snapshot info is null. Setting the last applied indexto:(t:0, i:~)
2019-10-14 14:51:43,075 [pool-267-thread-1] INFO  server.RaftServerConfigKeys (ConfUtils.java:logGet(43)) - raft.server.notification.no-leader.timeout = 120s (custom)
2019-10-14 14:51:43,075 [pool-267-thread-1] INFO  server.RaftServerConfigKeys (ConfUtils.java:logGet(43)) - raft.server.log.use.memory = false (default)
2019-10-14 14:51:43,076 [pool-267-thread-1] INFO  server.RaftServerConfigKeys (ConfUtils.java:logGet(43)) - raft.server.log.purge.gap = 1000000 (custom)
2019-10-14 14:51:43,076 [pool-267-thread-1] INFO  server.RaftServerConfigKeys (ConfUtils.java:logGet(43)) - raft.server.log.appender.buffer.byte-limit = 33554432 (custom)
2019-10-14 14:51:43,076 [pool-267-thread-1] INFO  server.RaftServerConfigKeys (ConfUtils.java:logGet(43)) - raft.server.log.segment.size.max = 1048576 (custom)
2019-10-14 14:51:43,078 [pool-267-thread-1] INFO  server.RaftServerConfigKeys (ConfUtils.java:logGet(43)) - raft.server.log.segment.cache.num.max = 2 (custom)
2019-10-14 14:51:43,078 [pool-267-thread-1] INFO  segmented.SegmentedRaftLogWorker (SegmentedRaftLogWorker.java:<init>(173)) - new 7309ccb4-489b-4984-94b6-00e66ba2f325@group-B593A6F24AF7-SegmentedRaftLogWorker for RaftStorage:Storage Directory /workdir/hadoop-ozone/integration-test/target/test-dir/MiniOzoneClusterImpl-4b41b7fd-8f2d-4662-9b03-706134207cd2/datanode-6/data/ratis/3f105ba6-825d-421c-851c-b593a6f24af7
2019-10-14 14:51:43,078 [pool-267-thread-1] INFO  server.RaftServerConfigKeys (ConfUtils.java:logGet(43)) - raft.server.log.queue.byte-limit = 2147483647 (custom)
2019-10-14 14:51:43,078 [pool-267-thread-1] INFO  server.RaftServerConfigKeys (ConfUtils.java:logGet(43)) - raft.server.log.queue.element-limit = 1024 (custom)
2019-10-14 14:51:43,078 [pool-267-thread-1] INFO  server.RaftServerConfigKeys (ConfUtils.java:logGet(43)) - raft.server.log.segment.size.max = 1048576 (custom)
2019-10-14 14:51:43,078 [pool-267-thread-1] INFO  server.RaftServerConfigKeys (ConfUtils.java:logGet(43)) - raft.server.log.preallocated.size = 16384 (custom)
2019-10-14 14:51:43,078 [pool-267-thread-1] INFO  server.RaftServerConfigKeys (ConfUtils.java:logGet(43)) - raft.server.log.write.buffer.size = 33554432 (custom)
2019-10-14 14:51:43,078 [pool-267-thread-1] INFO  server.RaftServerConfigKeys (ConfUtils.java:logGet(43)) - raft.server.log.force.sync.num = 128 (default)
2019-10-14 14:51:43,078 [pool-267-thread-1] INFO  server.RaftServerConfigKeys (ConfUtils.java:logGet(43)) - raft.server.log.statemachine.data.sync = true (default)
2019-10-14 14:51:43,079 [pool-267-thread-1] INFO  server.RaftServerConfigKeys (ConfUtils.java:logGet(43)) - raft.server.log.statemachine.data.sync.timeout = 10s (default)
2019-10-14 14:51:43,079 [pool-267-thread-1] INFO  server.RaftServerConfigKeys (ConfUtils.java:logGet(43)) - raft.server.log.statemachine.data.sync.timeout.retry = -1 (default)
2019-10-14 14:51:43,079 [pool-267-thread-1] INFO  server.RaftServerConfigKeys (ConfUtils.java:logGet(43)) - raft.server.log.statemachine.data.caching.enabled = true (custom)
2019-10-14 14:51:43,079 [pool-267-thread-1] INFO  segmented.SegmentedRaftLogWorker (SegmentedRaftLogWorker.java:lambda$new$0(128)) - 7309ccb4-489b-4984-94b6-00e66ba2f325@group-B593A6F24AF7-SegmentedRaftLogWorker: flushIndex: setUnconditionally 0 -> -1
2019-10-14 14:51:43,080 [pool-267-thread-1] INFO  server.RaftServerConfigKeys (ConfUtils.java:logGet(43)) - raft.server.snapshot.auto.trigger.enabled = true (custom)
2019-10-14 14:51:43,080 [pool-267-thread-1] INFO  server.RaftServerConfigKeys (ConfUtils.java:logGet(43)) - raft.server.snapshot.auto.trigger.threshold = 10000 (custom)
2019-10-14 14:51:43,080 [pool-267-thread-1] INFO  server.RaftServerConfigKeys (ConfUtils.java:logGet(43)) - raft.server.snapshot.retention.file.num = 5 (custom)
2019-10-14 14:51:43,080 [pool-267-thread-1] INFO  server.RaftServerConfigKeys (ConfUtils.java:logGet(43)) - raft.server.retrycache.expirytime = 600000ms (custom)
2019-10-14 14:51:43,082 [pool-267-thread-1] INFO  impl.RaftServerImpl (RaftServerImpl.java:start(181)) - 7309ccb4-489b-4984-94b6-00e66ba2f325@group-B593A6F24AF7: start as a follower, conf=-1: [7309ccb4-489b-4984-94b6-00e66ba2f325:192.168.157.234:35645], old=null
2019-10-14 14:51:43,082 [pool-267-thread-1] INFO  impl.RaftServerImpl (RaftServerImpl.java:setRole(170)) - 7309ccb4-489b-4984-94b6-00e66ba2f325@group-B593A6F24AF7: changes role from      null to FOLLOWER at term 0 for startAsFollower
2019-10-14 14:51:43,082 [pool-267-thread-1] INFO  impl.RoleInfo (RoleInfo.java:updateAndGet(143)) - 7309ccb4-489b-4984-94b6-00e66ba2f325: start FollowerState
2019-10-14 14:51:43,083 [pool-267-thread-1] INFO  util.JmxRegister (JmxRegister.java:tryRegister(44)) - Successfully registered JMX Bean with object name Ratis:service=RaftServer,group=group-B593A6F24AF7,id=7309ccb4-489b-4984-94b6-00e66ba2f325
2019-10-14 14:51:43,089 [RatisPipelineUtilsThread] INFO  pipeline.PipelineStateManager (PipelineStateManager.java:addPipeline(56)) - Created pipeline Pipeline[ Id: 3f105ba6-825d-421c-851c-b593a6f24af7, Nodes: 7309ccb4-489b-4984-94b6-00e66ba2f325{ip: 192.168.157.234, host: pr-hdds-2302-x69hs-1458597746, networkLocation: /default-rack, certSerialId: null}, Type:RATIS, Factor:ONE, State:OPEN]
2019-10-14 14:51:43,102 [grpc-default-executor-4] INFO  impl.RaftServerProxy (RaftServerProxy.java:addNew(89)) - 7309ccb4-489b-4984-94b6-00e66ba2f325: addNew group-1353E48219F2:[7309ccb4-489b-4984-94b6-00e66ba2f325:192.168.157.234:35645, aa3f4569-ad31-4f4e-86e9-1cdd87d28288:192.168.157.234:37888, 0304342d-69a5-4262-8d12-aa01fabc7076:192.168.157.234:44803] returns group-1353E48219F2:java.util.concurrent.CompletableFuture@19442b93[Not completed]
2019-10-14 14:51:43,103 [grpc-default-executor-7] INFO  impl.RaftServerProxy (RaftServerProxy.java:addNew(89)) - aa3f4569-ad31-4f4e-86e9-1cdd87d28288: addNew group-1353E48219F2:[7309ccb4-489b-4984-94b6-00e66ba2f325:192.168.157.234:35645, aa3f4569-ad31-4f4e-86e9-1cdd87d28288:192.168.157.234:37888, 0304342d-69a5-4262-8d12-aa01fabc7076:192.168.157.234:44803] returns group-1353E48219F2:java.util.concurrent.CompletableFuture@ddd7060[Not completed]
2019-10-14 14:51:43,103 [grpc-default-executor-7] INFO  impl.RaftServerProxy (RaftServerProxy.java:addNew(89)) - 0304342d-69a5-4262-8d12-aa01fabc7076: addNew group-1353E48219F2:[7309ccb4-489b-4984-94b6-00e66ba2f325:192.168.157.234:35645, aa3f4569-ad31-4f4e-86e9-1cdd87d28288:192.168.157.234:37888, 0304342d-69a5-4262-8d12-aa01fabc7076:192.168.157.234:44803] returns group-1353E48219F2:java.util.concurrent.CompletableFuture@8d2f86d[Not completed]
2019-10-14 14:51:43,104 [pool-267-thread-1] INFO  impl.RaftServerImpl (RaftServerImpl.java:<init>(95)) - 7309ccb4-489b-4984-94b6-00e66ba2f325: new RaftServerImpl for group-1353E48219F2:[7309ccb4-489b-4984-94b6-00e66ba2f325:192.168.157.234:35645, aa3f4569-ad31-4f4e-86e9-1cdd87d28288:192.168.157.234:37888, 0304342d-69a5-4262-8d12-aa01fabc7076:192.168.157.234:44803] with ContainerStateMachine:uninitialized
2019-10-14 14:51:43,104 [pool-267-thread-1] INFO  server.RaftServerConfigKeys (ConfUtils.java:logGet(43)) - raft.server.rpc.timeout.min = 5s (custom)
2019-10-14 14:51:43,104 [pool-267-thread-1] INFO  server.RaftServerConfigKeys (ConfUtils.java:logGet(43)) - raft.server.rpc.timeout.max = 5200ms (custom)
2019-10-14 14:51:43,104 [pool-267-thread-1] INFO  server.RaftServerConfigKeys (ConfUtils.java:logGet(43)) - raft.server.rpcslowness.timeout = 120s (custom)
2019-10-14 14:51:43,104 [pool-267-thread-1] INFO  server.RaftServerConfigKeys (ConfUtils.java:logGet(43)) - raft.server.sleep.deviation.threshold = 300 (default)
2019-10-14 14:51:43,104 [pool-267-thread-1] INFO  server.RaftServerConfigKeys (ConfUtils.java:logGet(43)) - raft.server.log.appender.install.snapshot.enabled = false (custom)
2019-10-14 14:51:43,104 [pool-267-thread-1] INFO  impl.RaftServerImpl (ServerState.java:<init>(103)) - 7309ccb4-489b-4984-94b6-00e66ba2f325@group-1353E48219F2: ConfigurationManager, init=-1: [7309ccb4-489b-4984-94b6-00e66ba2f325:192.168.157.234:35645, aa3f4569-ad31-4f4e-86e9-1cdd87d28288:192.168.157.234:37888, 0304342d-69a5-4262-8d12-aa01fabc7076:192.168.157.234:44803], old=null, confs=<EMPTY_MAP>
2019-10-14 14:51:43,104 [pool-257-thread-1] INFO  impl.RaftServerImpl (RaftServerImpl.java:<init>(95)) - aa3f4569-ad31-4f4e-86e9-1cdd87d28288: new RaftServerImpl for group-1353E48219F2:[7309ccb4-489b-4984-94b6-00e66ba2f325:192.168.157.234:35645, aa3f4569-ad31-4f4e-86e9-1cdd87d28288:192.168.157.234:37888, 0304342d-69a5-4262-8d12-aa01fabc7076:192.168.157.234:44803] with ContainerStateMachine:uninitialized
2019-10-14 14:51:43,104 [pool-267-thread-1] INFO  server.RaftServerConfigKeys (ConfUtils.java:logGet(43)) - raft.server.storage.dir = [/workdir/hadoop-ozone/integration-test/target/test-dir/MiniOzoneClusterImpl-4b41b7fd-8f2d-4662-9b03-706134207cd2/datanode-6/data/ratis] (custom)
2019-10-14 14:51:43,105 [pool-257-thread-1] INFO  server.RaftServerConfigKeys (ConfUtils.java:logGet(43)) - raft.server.rpc.timeout.min = 5s (custom)
2019-10-14 14:51:43,105 [pool-267-thread-1] INFO  server.RaftServerConfigKeys (ConfUtils.java:logGet(43)) - raft.server.log.corruption.policy = EXCEPTION (default)
2019-10-14 14:51:43,105 [pool-247-thread-1] INFO  impl.RaftServerImpl (RaftServerImpl.java:<init>(95)) - 0304342d-69a5-4262-8d12-aa01fabc7076: new RaftServerImpl for group-1353E48219F2:[7309ccb4-489b-4984-94b6-00e66ba2f325:192.168.157.234:35645, aa3f4569-ad31-4f4e-86e9-1cdd87d28288:192.168.157.234:37888, 0304342d-69a5-4262-8d12-aa01fabc7076:192.168.157.234:44803] with ContainerStateMachine:uninitialized
2019-10-14 14:51:43,105 [pool-257-thread-1] INFO  server.RaftServerConfigKeys (ConfUtils.java:logGet(43)) - raft.server.rpc.timeout.max = 5200ms (custom)
2019-10-14 14:51:43,105 [pool-247-thread-1] INFO  server.RaftServerConfigKeys (ConfUtils.java:logGet(43)) - raft.server.rpc.timeout.min = 5s (custom)
2019-10-14 14:51:43,105 [pool-267-thread-1] INFO  storage.RaftStorageDirectory (RaftStorageDirectory.java:analyzeStorage(246)) - The storage directory /workdir/hadoop-ozone/integration-test/target/test-dir/MiniOzoneClusterImpl-4b41b7fd-8f2d-4662-9b03-706134207cd2/datanode-6/data/ratis/f5efe16e-30f6-466a-866a-1353e48219f2 does not exist. Creating ...
2019-10-14 14:51:43,105 [pool-247-thread-1] INFO  server.RaftServerConfigKeys (ConfUtils.java:logGet(43)) - raft.server.rpc.timeout.max = 5200ms (custom)
2019-10-14 14:51:43,105 [pool-257-thread-1] INFO  server.RaftServerConfigKeys (ConfUtils.java:logGet(43)) - raft.server.rpcslowness.timeout = 120s (custom)
2019-10-14 14:51:43,106 [pool-247-thread-1] INFO  server.RaftServerConfigKeys (ConfUtils.java:logGet(43)) - raft.server.rpcslowness.timeout = 120s (custom)
2019-10-14 14:51:43,106 [pool-257-thread-1] INFO  server.RaftServerConfigKeys (ConfUtils.java:logGet(43)) - raft.server.sleep.deviation.threshold = 300 (default)
2019-10-14 14:51:43,106 [pool-247-thread-1] INFO  server.RaftServerConfigKeys (ConfUtils.java:logGet(43)) - raft.server.sleep.deviation.threshold = 300 (default)
2019-10-14 14:51:43,106 [pool-257-thread-1] INFO  server.RaftServerConfigKeys (ConfUtils.java:logGet(43)) - raft.server.log.appender.install.snapshot.enabled = false (custom)
2019-10-14 14:51:43,106 [pool-247-thread-1] INFO  server.RaftServerConfigKeys (ConfUtils.java:logGet(43)) - raft.server.log.appender.install.snapshot.enabled = false (custom)
2019-10-14 14:51:43,106 [pool-257-thread-1] INFO  impl.RaftServerImpl (ServerState.java:<init>(103)) - aa3f4569-ad31-4f4e-86e9-1cdd87d28288@group-1353E48219F2: ConfigurationManager, init=-1: [7309ccb4-489b-4984-94b6-00e66ba2f325:192.168.157.234:35645, aa3f4569-ad31-4f4e-86e9-1cdd87d28288:192.168.157.234:37888, 0304342d-69a5-4262-8d12-aa01fabc7076:192.168.157.234:44803], old=null, confs=<EMPTY_MAP>
2019-10-14 14:51:43,106 [pool-247-thread-1] INFO  impl.RaftServerImpl (ServerState.java:<init>(103)) - 0304342d-69a5-4262-8d12-aa01fabc7076@group-1353E48219F2: ConfigurationManager, init=-1: [7309ccb4-489b-4984-94b6-00e66ba2f325:192.168.157.234:35645, aa3f4569-ad31-4f4e-86e9-1cdd87d28288:192.168.157.234:37888, 0304342d-69a5-4262-8d12-aa01fabc7076:192.168.157.234:44803], old=null, confs=<EMPTY_MAP>
2019-10-14 14:51:43,107 [pool-257-thread-1] INFO  server.RaftServerConfigKeys (ConfUtils.java:logGet(43)) - raft.server.storage.dir = [/workdir/hadoop-ozone/integration-test/target/test-dir/MiniOzoneClusterImpl-4b41b7fd-8f2d-4662-9b03-706134207cd2/datanode-5/data/ratis] (custom)
2019-10-14 14:51:43,107 [pool-247-thread-1] INFO  server.RaftServerConfigKeys (ConfUtils.java:logGet(43)) - raft.server.storage.dir = [/workdir/hadoop-ozone/integration-test/target/test-dir/MiniOzoneClusterImpl-4b41b7fd-8f2d-4662-9b03-706134207cd2/datanode-4/data/ratis] (custom)
2019-10-14 14:51:43,107 [pool-257-thread-1] INFO  server.RaftServerConfigKeys (ConfUtils.java:logGet(43)) - raft.server.log.corruption.policy = EXCEPTION (default)
2019-10-14 14:51:43,107 [pool-247-thread-1] INFO  server.RaftServerConfigKeys (ConfUtils.java:logGet(43)) - raft.server.log.corruption.policy = EXCEPTION (default)
2019-10-14 14:51:43,107 [pool-257-thread-1] INFO  storage.RaftStorageDirectory (RaftStorageDirectory.java:analyzeStorage(246)) - The storage directory /workdir/hadoop-ozone/integration-test/target/test-dir/MiniOzoneClusterImpl-4b41b7fd-8f2d-4662-9b03-706134207cd2/datanode-5/data/ratis/f5efe16e-30f6-466a-866a-1353e48219f2 does not exist. Creating ...
2019-10-14 14:51:43,107 [pool-247-thread-1] INFO  storage.RaftStorageDirectory (RaftStorageDirectory.java:analyzeStorage(246)) - The storage directory /workdir/hadoop-ozone/integration-test/target/test-dir/MiniOzoneClusterImpl-4b41b7fd-8f2d-4662-9b03-706134207cd2/datanode-4/data/ratis/f5efe16e-30f6-466a-866a-1353e48219f2 does not exist. Creating ...
2019-10-14 14:51:43,110 [pool-247-thread-1] INFO  storage.RaftStorageDirectory (RaftStorageDirectory.java:tryLock(328)) - Lock on /workdir/hadoop-ozone/integration-test/target/test-dir/MiniOzoneClusterImpl-4b41b7fd-8f2d-4662-9b03-706134207cd2/datanode-4/data/ratis/f5efe16e-30f6-466a-866a-1353e48219f2/in_use.lock acquired by nodename 4617@pr-hdds-2302-x69hs-1458597746
2019-10-14 14:51:43,110 [pool-257-thread-1] INFO  storage.RaftStorageDirectory (RaftStorageDirectory.java:tryLock(328)) - Lock on /workdir/hadoop-ozone/integration-test/target/test-dir/MiniOzoneClusterImpl-4b41b7fd-8f2d-4662-9b03-706134207cd2/datanode-5/data/ratis/f5efe16e-30f6-466a-866a-1353e48219f2/in_use.lock acquired by nodename 4617@pr-hdds-2302-x69hs-1458597746
2019-10-14 14:51:43,110 [pool-267-thread-1] INFO  storage.RaftStorageDirectory (RaftStorageDirectory.java:tryLock(328)) - Lock on /workdir/hadoop-ozone/integration-test/target/test-dir/MiniOzoneClusterImpl-4b41b7fd-8f2d-4662-9b03-706134207cd2/datanode-6/data/ratis/f5efe16e-30f6-466a-866a-1353e48219f2/in_use.lock acquired by nodename 4617@pr-hdds-2302-x69hs-1458597746
2019-10-14 14:51:43,126 [pool-247-thread-1] INFO  storage.RaftStorage (RaftStorage.java:format(84)) - Storage directory /workdir/hadoop-ozone/integration-test/target/test-dir/MiniOzoneClusterImpl-4b41b7fd-8f2d-4662-9b03-706134207cd2/datanode-4/data/ratis/f5efe16e-30f6-466a-866a-1353e48219f2 has been successfully formatted.
2019-10-14 14:51:43,126 [pool-267-thread-1] INFO  storage.RaftStorage (RaftStorage.java:format(84)) - Storage directory /workdir/hadoop-ozone/integration-test/target/test-dir/MiniOzoneClusterImpl-4b41b7fd-8f2d-4662-9b03-706134207cd2/datanode-6/data/ratis/f5efe16e-30f6-466a-866a-1353e48219f2 has been successfully formatted.
2019-10-14 14:51:43,126 [pool-257-thread-1] INFO  storage.RaftStorage (RaftStorage.java:format(84)) - Storage directory /workdir/hadoop-ozone/integration-test/target/test-dir/MiniOzoneClusterImpl-4b41b7fd-8f2d-4662-9b03-706134207cd2/datanode-5/data/ratis/f5efe16e-30f6-466a-866a-1353e48219f2 has been successfully formatted.
2019-10-14 14:51:43,126 [pool-267-thread-1] INFO  ratis.ContainerStateMachine (ContainerStateMachine.java:loadSnapshot(231)) - group-1353E48219F2: The snapshot info is null. Setting the last applied indexto:(t:0, i:~)
2019-10-14 14:51:43,126 [pool-247-thread-1] INFO  ratis.ContainerStateMachine (ContainerStateMachine.java:loadSnapshot(231)) - group-1353E48219F2: The snapshot info is null. Setting the last applied indexto:(t:0, i:~)
2019-10-14 14:51:43,127 [pool-267-thread-1] INFO  server.RaftServerConfigKeys (ConfUtils.java:logGet(43)) - raft.server.notification.no-leader.timeout = 120s (custom)
2019-10-14 14:51:43,127 [pool-257-thread-1] INFO  ratis.ContainerStateMachine (ContainerStateMachine.java:loadSnapshot(231)) - group-1353E48219F2: The snapshot info is null. Setting the last applied indexto:(t:0, i:~)
2019-10-14 14:51:43,127 [pool-267-thread-1] INFO  server.RaftServerConfigKeys (ConfUtils.java:logGet(43)) - raft.server.log.use.memory = false (default)
2019-10-14 14:51:43,127 [pool-247-thread-1] INFO  server.RaftServerConfigKeys (ConfUtils.java:logGet(43)) - raft.server.notification.no-leader.timeout = 120s (custom)
2019-10-14 14:51:43,127 [pool-267-thread-1] INFO  server.RaftServerConfigKeys (ConfUtils.java:logGet(43)) - raft.server.log.purge.gap = 1000000 (custom)
2019-10-14 14:51:43,127 [pool-257-thread-1] INFO  server.RaftServerConfigKeys (ConfUtils.java:logGet(43)) - raft.server.notification.no-leader.timeout = 120s (custom)
2019-10-14 14:51:43,128 [pool-267-thread-1] INFO  server.RaftServerConfigKeys (ConfUtils.java:logGet(43)) - raft.server.log.appender.buffer.byte-limit = 33554432 (custom)
2019-10-14 14:51:43,127 [pool-247-thread-1] INFO  server.RaftServerConfigKeys (ConfUtils.java:logGet(43)) - raft.server.log.use.memory = false (default)
2019-10-14 14:51:43,128 [pool-267-thread-1] INFO  server.RaftServerConfigKeys (ConfUtils.java:logGet(43)) - raft.server.log.segment.size.max = 1048576 (custom)
2019-10-14 14:51:43,128 [pool-257-thread-1] INFO  server.RaftServerConfigKeys (ConfUtils.java:logGet(43)) - raft.server.log.use.memory = false (default)
2019-10-14 14:51:43,128 [pool-267-thread-1] INFO  server.RaftServerConfigKeys (ConfUtils.java:logGet(43)) - raft.server.log.segment.cache.num.max = 2 (custom)
2019-10-14 14:51:43,128 [pool-247-thread-1] INFO  server.RaftServerConfigKeys (ConfUtils.java:logGet(43)) - raft.server.log.purge.gap = 1000000 (custom)
2019-10-14 14:51:43,129 [pool-267-thread-1] INFO  segmented.SegmentedRaftLogWorker (SegmentedRaftLogWorker.java:<init>(173)) - new 7309ccb4-489b-4984-94b6-00e66ba2f325@group-1353E48219F2-SegmentedRaftLogWorker for RaftStorage:Storage Directory /workdir/hadoop-ozone/integration-test/target/test-dir/MiniOzoneClusterImpl-4b41b7fd-8f2d-4662-9b03-706134207cd2/datanode-6/data/ratis/f5efe16e-30f6-466a-866a-1353e48219f2
2019-10-14 14:51:43,128 [pool-257-thread-1] INFO  server.RaftServerConfigKeys (ConfUtils.java:logGet(43)) - raft.server.log.purge.gap = 1000000 (custom)
2019-10-14 14:51:43,129 [pool-267-thread-1] INFO  server.RaftServerConfigKeys (ConfUtils.java:logGet(43)) - raft.server.log.queue.byte-limit = 2147483647 (custom)
2019-10-14 14:51:43,129 [pool-247-thread-1] INFO  server.RaftServerConfigKeys (ConfUtils.java:logGet(43)) - raft.server.log.appender.buffer.byte-limit = 33554432 (custom)
2019-10-14 14:51:43,129 [pool-267-thread-1] INFO  server.RaftServerConfigKeys (ConfUtils.java:logGet(43)) - raft.server.log.queue.element-limit = 1024 (custom)
2019-10-14 14:51:43,129 [pool-257-thread-1] INFO  server.RaftServerConfigKeys (ConfUtils.java:logGet(43)) - raft.server.log.appender.buffer.byte-limit = 33554432 (custom)
2019-10-14 14:51:43,129 [pool-267-thread-1] INFO  server.RaftServerConfigKeys (ConfUtils.java:logGet(43)) - raft.server.log.segment.size.max = 1048576 (custom)
2019-10-14 14:51:43,129 [pool-247-thread-1] INFO  server.RaftServerConfigKeys (ConfUtils.java:logGet(43)) - raft.server.log.segment.size.max = 1048576 (custom)
2019-10-14 14:51:43,130 [pool-267-thread-1] INFO  server.RaftServerConfigKeys (ConfUtils.java:logGet(43)) - raft.server.log.preallocated.size = 16384 (custom)
2019-10-14 14:51:43,130 [pool-257-thread-1] INFO  server.RaftServerConfigKeys (ConfUtils.java:logGet(43)) - raft.server.log.segment.size.max = 1048576 (custom)
2019-10-14 14:51:43,130 [pool-267-thread-1] INFO  server.RaftServerConfigKeys (ConfUtils.java:logGet(43)) - raft.server.log.write.buffer.size = 33554432 (custom)
2019-10-14 14:51:43,130 [pool-247-thread-1] INFO  server.RaftServerConfigKeys (ConfUtils.java:logGet(43)) - raft.server.log.segment.cache.num.max = 2 (custom)
2019-10-14 14:51:43,130 [pool-267-thread-1] INFO  server.RaftServerConfigKeys (ConfUtils.java:logGet(43)) - raft.server.log.force.sync.num = 128 (default)
2019-10-14 14:51:43,130 [pool-257-thread-1] INFO  server.RaftServerConfigKeys (ConfUtils.java:logGet(43)) - raft.server.log.segment.cache.num.max = 2 (custom)
2019-10-14 14:51:43,131 [pool-267-thread-1] INFO  server.RaftServerConfigKeys (ConfUtils.java:logGet(43)) - raft.server.log.statemachine.data.sync = true (default)
2019-10-14 14:51:43,130 [pool-247-thread-1] INFO  segmented.SegmentedRaftLogWorker (SegmentedRaftLogWorker.java:<init>(173)) - new 0304342d-69a5-4262-8d12-aa01fabc7076@group-1353E48219F2-SegmentedRaftLogWorker for RaftStorage:Storage Directory /workdir/hadoop-ozone/integration-test/target/test-dir/MiniOzoneClusterImpl-4b41b7fd-8f2d-4662-9b03-706134207cd2/datanode-4/data/ratis/f5efe16e-30f6-466a-866a-1353e48219f2
2019-10-14 14:51:43,131 [pool-267-thread-1] INFO  server.RaftServerConfigKeys (ConfUtils.java:logGet(43)) - raft.server.log.statemachine.data.sync.timeout = 10s (default)
2019-10-14 14:51:43,131 [pool-267-thread-1] INFO  server.RaftServerConfigKeys (ConfUtils.java:logGet(43)) - raft.server.log.statemachine.data.sync.timeout.retry = -1 (default)
2019-10-14 14:51:43,131 [pool-257-thread-1] INFO  segmented.SegmentedRaftLogWorker (SegmentedRaftLogWorker.java:<init>(173)) - new aa3f4569-ad31-4f4e-86e9-1cdd87d28288@group-1353E48219F2-SegmentedRaftLogWorker for RaftStorage:Storage Directory /workdir/hadoop-ozone/integration-test/target/test-dir/MiniOzoneClusterImpl-4b41b7fd-8f2d-4662-9b03-706134207cd2/datanode-5/data/ratis/f5efe16e-30f6-466a-866a-1353e48219f2
2019-10-14 14:51:43,131 [pool-267-thread-1] INFO  server.RaftServerConfigKeys (ConfUtils.java:logGet(43)) - raft.server.log.statemachine.data.caching.enabled = true (custom)
2019-10-14 14:51:43,131 [pool-247-thread-1] INFO  server.RaftServerConfigKeys (ConfUtils.java:logGet(43)) - raft.server.log.queue.byte-limit = 2147483647 (custom)
2019-10-14 14:51:43,132 [pool-257-thread-1] INFO  server.RaftServerConfigKeys (ConfUtils.java:logGet(43)) - raft.server.log.queue.byte-limit = 2147483647 (custom)
2019-10-14 14:51:43,132 [pool-267-thread-1] INFO  segmented.SegmentedRaftLogWorker (SegmentedRaftLogWorker.java:lambda$new$0(128)) - 7309ccb4-489b-4984-94b6-00e66ba2f325@group-1353E48219F2-SegmentedRaftLogWorker: flushIndex: setUnconditionally 0 -> -1
2019-10-14 14:51:43,132 [pool-247-thread-1] INFO  server.RaftServerConfigKeys (ConfUtils.java:logGet(43)) - raft.server.log.queue.element-limit = 1024 (custom)
2019-10-14 14:51:43,132 [pool-257-thread-1] INFO  server.RaftServerConfigKeys (ConfUtils.java:logGet(43)) - raft.server.log.queue.element-limit = 1024 (custom)
2019-10-14 14:51:43,132 [pool-247-thread-1] INFO  server.RaftServerConfigKeys (ConfUtils.java:logGet(43)) - raft.server.log.segment.size.max = 1048576 (custom)
2019-10-14 14:51:43,133 [pool-257-thread-1] INFO  server.RaftServerConfigKeys (ConfUtils.java:logGet(43)) - raft.server.log.segment.size.max = 1048576 (custom)
2019-10-14 14:51:43,133 [pool-267-thread-1] INFO  server.RaftServerConfigKeys (ConfUtils.java:logGet(43)) - raft.server.snapshot.auto.trigger.enabled = true (custom)
2019-10-14 14:51:43,133 [pool-257-thread-1] INFO  server.RaftServerConfigKeys (ConfUtils.java:logGet(43)) - raft.server.log.preallocated.size = 16384 (custom)
2019-10-14 14:51:43,133 [pool-247-thread-1] INFO  server.RaftServerConfigKeys (ConfUtils.java:logGet(43)) - raft.server.log.preallocated.size = 16384 (custom)
2019-10-14 14:51:43,133 [pool-257-thread-1] INFO  server.RaftServerConfigKeys (ConfUtils.java:logGet(43)) - raft.server.log.write.buffer.size = 33554432 (custom)
2019-10-14 14:51:43,133 [pool-267-thread-1] INFO  server.RaftServerConfigKeys (ConfUtils.java:logGet(43)) - raft.server.snapshot.auto.trigger.threshold = 10000 (custom)
2019-10-14 14:51:43,133 [pool-257-thread-1] INFO  server.RaftServerConfigKeys (ConfUtils.java:logGet(43)) - raft.server.log.force.sync.num = 128 (default)
2019-10-14 14:51:43,133 [pool-247-thread-1] INFO  server.RaftServerConfigKeys (ConfUtils.java:logGet(43)) - raft.server.log.write.buffer.size = 33554432 (custom)
2019-10-14 14:51:43,134 [pool-257-thread-1] INFO  server.RaftServerConfigKeys (ConfUtils.java:logGet(43)) - raft.server.log.statemachine.data.sync = true (default)
2019-10-14 14:51:43,134 [pool-267-thread-1] INFO  server.RaftServerConfigKeys (ConfUtils.java:logGet(43)) - raft.server.snapshot.retention.file.num = 5 (custom)
2019-10-14 14:51:43,134 [pool-257-thread-1] INFO  server.RaftServerConfigKeys (ConfUtils.java:logGet(43)) - raft.server.log.statemachine.data.sync.timeout = 10s (default)
2019-10-14 14:51:43,134 [pool-247-thread-1] INFO  server.RaftServerConfigKeys (ConfUtils.java:logGet(43)) - raft.server.log.force.sync.num = 128 (default)
2019-10-14 14:51:43,134 [pool-257-thread-1] INFO  server.RaftServerConfigKeys (ConfUtils.java:logGet(43)) - raft.server.log.statemachine.data.sync.timeout.retry = -1 (default)
2019-10-14 14:51:43,134 [pool-267-thread-1] INFO  server.RaftServerConfigKeys (ConfUtils.java:logGet(43)) - raft.server.retrycache.expirytime = 600000ms (custom)
2019-10-14 14:51:43,135 [pool-257-thread-1] INFO  server.RaftServerConfigKeys (ConfUtils.java:logGet(43)) - raft.server.log.statemachine.data.caching.enabled = true (custom)
2019-10-14 14:51:43,134 [pool-247-thread-1] INFO  server.RaftServerConfigKeys (ConfUtils.java:logGet(43)) - raft.server.log.statemachine.data.sync = true (default)
2019-10-14 14:51:43,135 [pool-247-thread-1] INFO  server.RaftServerConfigKeys (ConfUtils.java:logGet(43)) - raft.server.log.statemachine.data.sync.timeout = 10s (default)
2019-10-14 14:51:43,135 [pool-257-thread-1] INFO  segmented.SegmentedRaftLogWorker (SegmentedRaftLogWorker.java:lambda$new$0(128)) - aa3f4569-ad31-4f4e-86e9-1cdd87d28288@group-1353E48219F2-SegmentedRaftLogWorker: flushIndex: setUnconditionally 0 -> -1
2019-10-14 14:51:43,135 [pool-247-thread-1] INFO  server.RaftServerConfigKeys (ConfUtils.java:logGet(43)) - raft.server.log.statemachine.data.sync.timeout.retry = -1 (default)
2019-10-14 14:51:43,136 [pool-257-thread-1] INFO  server.RaftServerConfigKeys (ConfUtils.java:logGet(43)) - raft.server.snapshot.auto.trigger.enabled = true (custom)
2019-10-14 14:51:43,136 [pool-247-thread-1] INFO  server.RaftServerConfigKeys (ConfUtils.java:logGet(43)) - raft.server.log.statemachine.data.caching.enabled = true (custom)
2019-10-14 14:51:43,136 [pool-257-thread-1] INFO  server.RaftServerConfigKeys (ConfUtils.java:logGet(43)) - raft.server.snapshot.auto.trigger.threshold = 10000 (custom)
2019-10-14 14:51:43,136 [pool-247-thread-1] INFO  segmented.SegmentedRaftLogWorker (SegmentedRaftLogWorker.java:lambda$new$0(128)) - 0304342d-69a5-4262-8d12-aa01fabc7076@group-1353E48219F2-SegmentedRaftLogWorker: flushIndex: setUnconditionally 0 -> -1
2019-10-14 14:51:43,136 [pool-257-thread-1] INFO  server.RaftServerConfigKeys (ConfUtils.java:logGet(43)) - raft.server.snapshot.retention.file.num = 5 (custom)
2019-10-14 14:51:43,136 [pool-247-thread-1] INFO  server.RaftServerConfigKeys (ConfUtils.java:logGet(43)) - raft.server.snapshot.auto.trigger.enabled = true (custom)
2019-10-14 14:51:43,136 [pool-257-thread-1] INFO  server.RaftServerConfigKeys (ConfUtils.java:logGet(43)) - raft.server.retrycache.expirytime = 600000ms (custom)
2019-10-14 14:51:43,136 [pool-247-thread-1] INFO  server.RaftServerConfigKeys (ConfUtils.java:logGet(43)) - raft.server.snapshot.auto.trigger.threshold = 10000 (custom)
2019-10-14 14:51:43,137 [pool-247-thread-1] INFO  server.RaftServerConfigKeys (ConfUtils.java:logGet(43)) - raft.server.snapshot.retention.file.num = 5 (custom)
2019-10-14 14:51:43,137 [pool-247-thread-1] INFO  server.RaftServerConfigKeys (ConfUtils.java:logGet(43)) - raft.server.retrycache.expirytime = 600000ms (custom)
2019-10-14 14:51:43,137 [pool-267-thread-1] INFO  impl.RaftServerImpl (RaftServerImpl.java:start(181)) - 7309ccb4-489b-4984-94b6-00e66ba2f325@group-1353E48219F2: start as a follower, conf=-1: [7309ccb4-489b-4984-94b6-00e66ba2f325:192.168.157.234:35645, aa3f4569-ad31-4f4e-86e9-1cdd87d28288:192.168.157.234:37888, 0304342d-69a5-4262-8d12-aa01fabc7076:192.168.157.234:44803], old=null
2019-10-14 14:51:43,137 [pool-267-thread-1] INFO  impl.RaftServerImpl (RaftServerImpl.java:setRole(170)) - 7309ccb4-489b-4984-94b6-00e66ba2f325@group-1353E48219F2: changes role from      null to FOLLOWER at term 0 for startAsFollower
2019-10-14 14:51:43,137 [pool-267-thread-1] INFO  impl.RoleInfo (RoleInfo.java:updateAndGet(143)) - 7309ccb4-489b-4984-94b6-00e66ba2f325: start FollowerState
2019-10-14 14:51:43,138 [pool-267-thread-1] INFO  util.JmxRegister (JmxRegister.java:tryRegister(44)) - Successfully registered JMX Bean with object name Ratis:service=RaftServer,group=group-1353E48219F2,id=7309ccb4-489b-4984-94b6-00e66ba2f325
2019-10-14 14:51:43,139 [pool-257-thread-1] INFO  impl.RaftServerImpl (RaftServerImpl.java:start(181)) - aa3f4569-ad31-4f4e-86e9-1cdd87d28288@group-1353E48219F2: start as a follower, conf=-1: [7309ccb4-489b-4984-94b6-00e66ba2f325:192.168.157.234:35645, aa3f4569-ad31-4f4e-86e9-1cdd87d28288:192.168.157.234:37888, 0304342d-69a5-4262-8d12-aa01fabc7076:192.168.157.234:44803], old=null
2019-10-14 14:51:43,139 [pool-257-thread-1] INFO  impl.RaftServerImpl (RaftServerImpl.java:setRole(170)) - aa3f4569-ad31-4f4e-86e9-1cdd87d28288@group-1353E48219F2: changes role from      null to FOLLOWER at term 0 for startAsFollower
2019-10-14 14:51:43,139 [pool-247-thread-1] INFO  impl.RaftServerImpl (RaftServerImpl.java:start(181)) - 0304342d-69a5-4262-8d12-aa01fabc7076@group-1353E48219F2: start as a follower, conf=-1: [7309ccb4-489b-4984-94b6-00e66ba2f325:192.168.157.234:35645, aa3f4569-ad31-4f4e-86e9-1cdd87d28288:192.168.157.234:37888, 0304342d-69a5-4262-8d12-aa01fabc7076:192.168.157.234:44803], old=null
2019-10-14 14:51:43,139 [pool-257-thread-1] INFO  impl.RoleInfo (RoleInfo.java:updateAndGet(143)) - aa3f4569-ad31-4f4e-86e9-1cdd87d28288: start FollowerState
2019-10-14 14:51:43,140 [pool-247-thread-1] INFO  impl.RaftServerImpl (RaftServerImpl.java:setRole(170)) - 0304342d-69a5-4262-8d12-aa01fabc7076@group-1353E48219F2: changes role from      null to FOLLOWER at term 0 for startAsFollower
2019-10-14 14:51:43,140 [pool-247-thread-1] INFO  impl.RoleInfo (RoleInfo.java:updateAndGet(143)) - 0304342d-69a5-4262-8d12-aa01fabc7076: start FollowerState
2019-10-14 14:51:43,140 [pool-257-thread-1] INFO  util.JmxRegister (JmxRegister.java:tryRegister(44)) - Successfully registered JMX Bean with object name Ratis:service=RaftServer,group=group-1353E48219F2,id=aa3f4569-ad31-4f4e-86e9-1cdd87d28288
2019-10-14 14:51:43,140 [pool-247-thread-1] INFO  util.JmxRegister (JmxRegister.java:tryRegister(44)) - Successfully registered JMX Bean with object name Ratis:service=RaftServer,group=group-1353E48219F2,id=0304342d-69a5-4262-8d12-aa01fabc7076
2019-10-14 14:51:43,156 [RatisPipelineUtilsThread] INFO  pipeline.PipelineStateManager (PipelineStateManager.java:addPipeline(56)) - Created pipeline Pipeline[ Id: f5efe16e-30f6-466a-866a-1353e48219f2, Nodes: 7309ccb4-489b-4984-94b6-00e66ba2f325{ip: 192.168.157.234, host: pr-hdds-2302-x69hs-1458597746, networkLocation: /default-rack, certSerialId: null}0304342d-69a5-4262-8d12-aa01fabc7076{ip: 192.168.157.234, host: pr-hdds-2302-x69hs-1458597746, networkLocation: /default-rack, certSerialId: null}aa3f4569-ad31-4f4e-86e9-1cdd87d28288{ip: 192.168.157.234, host: pr-hdds-2302-x69hs-1458597746, networkLocation: /default-rack, certSerialId: null}, Type:RATIS, Factor:THREE, State:OPEN]
2019-10-14 14:51:44,057 [main] INFO  ozone.MiniOzoneClusterImpl (MiniOzoneClusterImpl.java:lambda$waitForClusterToBeReady$0(147)) - Cluster is ready. Got 7 of 7 DN Heartbeats.
2019-10-14 14:51:44,103 [main] INFO  rpc.RpcClient (RpcClient.java:createVolume(272)) - Creating Volume: watchforcommithandlingtest, with jenkins1000 as owner.
2019-10-14 14:51:44,106 [IPC Server handler 3 on 44662] INFO  volume.OMVolumeCreateRequest (OMVolumeCreateRequest.java:validateAndUpdateCache(193)) - created volume:watchforcommithandlingtest for user:jenkins1000
2019-10-14 14:51:44,118 [main] INFO  rpc.RpcClient (RpcClient.java:createBucket(411)) - Creating Bucket: watchforcommithandlingtest/watchforcommithandlingtest, with Versioning false and Storage Type set to DISK and Encryption set to false 
2019-10-14 14:51:44,123 [main] INFO  ozone.MiniOzoneClusterImpl (MiniOzoneClusterImpl.java:getStorageContainerLocationClient(234)) - Creating StorageContainerLocationProtocol RPC client with address /0.0.0.0:40969
2019-10-14 14:51:45,675 [Thread-1461] INFO  container.ReplicationManager (ReplicationManager.java:start(162)) - Starting Replication Monitor Thread.
2019-10-14 14:51:45,679 [ReplicationMonitor] INFO  container.ReplicationManager (ReplicationManager.java:run(225)) - Replication Monitor Thread took 0 milliseconds for processing 1 containers.
2019-10-14 14:51:47,838 [Thread-1466] INFO  impl.FollowerState (FollowerState.java:run(108)) - 25f80a8f-1a6f-414e-a49c-3d3c61aacfaa@group-92C006E5E6CB-FollowerState: change to CANDIDATE, lastRpcTime:5067ms, electionTimeout:5067ms
2019-10-14 14:51:47,839 [Thread-1466] INFO  impl.RoleInfo (RoleInfo.java:shutdownFollowerState(121)) - 25f80a8f-1a6f-414e-a49c-3d3c61aacfaa: shutdown FollowerState
2019-10-14 14:51:47,839 [Thread-1466] INFO  impl.RaftServerImpl (RaftServerImpl.java:setRole(170)) - 25f80a8f-1a6f-414e-a49c-3d3c61aacfaa@group-92C006E5E6CB: changes role from  FOLLOWER to CANDIDATE at term 0 for changeToCandidate
2019-10-14 14:51:47,840 [Thread-1463] INFO  impl.FollowerState (FollowerState.java:run(108)) - 197a08cb-7e32-46b6-9731-300bf29c37bf@group-5D52F8F7D5C1-FollowerState: change to CANDIDATE, lastRpcTime:5120ms, electionTimeout:5120ms
2019-10-14 14:51:47,840 [Thread-1463] INFO  impl.RoleInfo (RoleInfo.java:shutdownFollowerState(121)) - 197a08cb-7e32-46b6-9731-300bf29c37bf: shutdown FollowerState
2019-10-14 14:51:47,840 [Thread-1466] INFO  impl.RoleInfo (RoleInfo.java:updateAndGet(143)) - 25f80a8f-1a6f-414e-a49c-3d3c61aacfaa: start LeaderElection
2019-10-14 14:51:47,840 [Thread-1463] INFO  impl.RaftServerImpl (RaftServerImpl.java:setRole(170)) - 197a08cb-7e32-46b6-9731-300bf29c37bf@group-5D52F8F7D5C1: changes role from  FOLLOWER to CANDIDATE at term 0 for changeToCandidate
2019-10-14 14:51:47,840 [Thread-1463] INFO  impl.RoleInfo (RoleInfo.java:updateAndGet(143)) - 197a08cb-7e32-46b6-9731-300bf29c37bf: start LeaderElection
2019-10-14 14:51:47,870 [197a08cb-7e32-46b6-9731-300bf29c37bf@group-5D52F8F7D5C1-LeaderElection58] INFO  impl.LeaderElection (LeaderElection.java:askForVotes(178)) - 197a08cb-7e32-46b6-9731-300bf29c37bf@group-5D52F8F7D5C1-LeaderElection58: begin an election at term 1 for -1: [197a08cb-7e32-46b6-9731-300bf29c37bf:192.168.157.234:44708], old=null
2019-10-14 14:51:47,870 [25f80a8f-1a6f-414e-a49c-3d3c61aacfaa@group-92C006E5E6CB-LeaderElection57] INFO  impl.LeaderElection (LeaderElection.java:askForVotes(178)) - 25f80a8f-1a6f-414e-a49c-3d3c61aacfaa@group-92C006E5E6CB-LeaderElection57: begin an election at term 1 for -1: [25f80a8f-1a6f-414e-a49c-3d3c61aacfaa:192.168.157.234:38614], old=null
2019-10-14 14:51:47,870 [25f80a8f-1a6f-414e-a49c-3d3c61aacfaa@group-92C006E5E6CB-LeaderElection57] INFO  impl.RoleInfo (RoleInfo.java:shutdownLeaderElection(134)) - 25f80a8f-1a6f-414e-a49c-3d3c61aacfaa: shutdown LeaderElection
2019-10-14 14:51:47,870 [197a08cb-7e32-46b6-9731-300bf29c37bf@group-5D52F8F7D5C1-LeaderElection58] INFO  impl.RoleInfo (RoleInfo.java:shutdownLeaderElection(134)) - 197a08cb-7e32-46b6-9731-300bf29c37bf: shutdown LeaderElection
2019-10-14 14:51:47,871 [Thread-1469] INFO  impl.FollowerState (FollowerState.java:run(108)) - c6492fef-5352-4ee4-a298-3337cbd3b3a1@group-01EDE78A7707-FollowerState: change to CANDIDATE, lastRpcTime:5047ms, electionTimeout:5047ms
2019-10-14 14:51:47,871 [25f80a8f-1a6f-414e-a49c-3d3c61aacfaa@group-92C006E5E6CB-LeaderElection57] INFO  impl.RaftServerImpl (RaftServerImpl.java:setRole(170)) - 25f80a8f-1a6f-414e-a49c-3d3c61aacfaa@group-92C006E5E6CB: changes role from CANDIDATE to LEADER at term 1 for changeToLeader
2019-10-14 14:51:47,871 [Thread-1469] INFO  impl.RoleInfo (RoleInfo.java:shutdownFollowerState(121)) - c6492fef-5352-4ee4-a298-3337cbd3b3a1: shutdown FollowerState
2019-10-14 14:51:47,871 [197a08cb-7e32-46b6-9731-300bf29c37bf@group-5D52F8F7D5C1-LeaderElection58] INFO  impl.RaftServerImpl (RaftServerImpl.java:setRole(170)) - 197a08cb-7e32-46b6-9731-300bf29c37bf@group-5D52F8F7D5C1: changes role from CANDIDATE to LEADER at term 1 for changeToLeader
2019-10-14 14:51:47,871 [Thread-1469] INFO  impl.RaftServerImpl (RaftServerImpl.java:setRole(170)) - c6492fef-5352-4ee4-a298-3337cbd3b3a1@group-01EDE78A7707: changes role from  FOLLOWER to CANDIDATE at term 0 for changeToCandidate
2019-10-14 14:51:47,871 [25f80a8f-1a6f-414e-a49c-3d3c61aacfaa@group-92C006E5E6CB-LeaderElection57] INFO  impl.RaftServerImpl (ServerState.java:setLeader(255)) - 25f80a8f-1a6f-414e-a49c-3d3c61aacfaa@group-92C006E5E6CB: change Leader from null to 25f80a8f-1a6f-414e-a49c-3d3c61aacfaa at term 1 for becomeLeader, leader elected after 5110ms
2019-10-14 14:51:47,871 [Thread-1469] INFO  impl.RoleInfo (RoleInfo.java:updateAndGet(143)) - c6492fef-5352-4ee4-a298-3337cbd3b3a1: start LeaderElection
2019-10-14 14:51:47,871 [197a08cb-7e32-46b6-9731-300bf29c37bf@group-5D52F8F7D5C1-LeaderElection58] INFO  impl.RaftServerImpl (ServerState.java:setLeader(255)) - 197a08cb-7e32-46b6-9731-300bf29c37bf@group-5D52F8F7D5C1: change Leader from null to 197a08cb-7e32-46b6-9731-300bf29c37bf at term 1 for becomeLeader, leader elected after 5161ms
2019-10-14 14:51:47,871 [25f80a8f-1a6f-414e-a49c-3d3c61aacfaa@group-92C006E5E6CB-LeaderElection57] INFO  server.RaftServerConfigKeys (ConfUtils.java:logGet(43)) - raft.server.staging.catchup.gap = 1000 (default)
2019-10-14 14:51:47,872 [197a08cb-7e32-46b6-9731-300bf29c37bf@group-5D52F8F7D5C1-LeaderElection58] INFO  server.RaftServerConfigKeys (ConfUtils.java:logGet(43)) - raft.server.staging.catchup.gap = 1000 (default)
2019-10-14 14:51:47,877 [25f80a8f-1a6f-414e-a49c-3d3c61aacfaa@group-92C006E5E6CB-LeaderElection57] INFO  server.RaftServerConfigKeys (ConfUtils.java:logGet(43)) - raft.server.rpc.sleep.time = 25ms (default)
2019-10-14 14:51:47,877 [197a08cb-7e32-46b6-9731-300bf29c37bf@group-5D52F8F7D5C1-LeaderElection58] INFO  server.RaftServerConfigKeys (ConfUtils.java:logGet(43)) - raft.server.rpc.sleep.time = 25ms (default)
2019-10-14 14:51:47,877 [25f80a8f-1a6f-414e-a49c-3d3c61aacfaa@group-92C006E5E6CB-LeaderElection57] INFO  server.RaftServerConfigKeys (ConfUtils.java:logGet(43)) - raft.server.write.element-limit = 4096 (default)
2019-10-14 14:51:47,877 [197a08cb-7e32-46b6-9731-300bf29c37bf@group-5D52F8F7D5C1-LeaderElection58] INFO  server.RaftServerConfigKeys (ConfUtils.java:logGet(43)) - raft.server.write.element-limit = 4096 (default)
2019-10-14 14:51:47,877 [25f80a8f-1a6f-414e-a49c-3d3c61aacfaa@group-92C006E5E6CB-LeaderElection57] INFO  server.RaftServerConfigKeys (ConfUtils.java:logGet(43)) - raft.server.watch.timeout = 10s (default)
2019-10-14 14:51:47,877 [197a08cb-7e32-46b6-9731-300bf29c37bf@group-5D52F8F7D5C1-LeaderElection58] INFO  server.RaftServerConfigKeys (ConfUtils.java:logGet(43)) - raft.server.watch.timeout = 10s (default)
2019-10-14 14:51:47,878 [25f80a8f-1a6f-414e-a49c-3d3c61aacfaa@group-92C006E5E6CB-LeaderElection57] INFO  server.RaftServerConfigKeys (ConfUtils.java:logGet(43)) - raft.server.watch.timeout.denomination = 1s (default)
2019-10-14 14:51:47,878 [197a08cb-7e32-46b6-9731-300bf29c37bf@group-5D52F8F7D5C1-LeaderElection58] INFO  server.RaftServerConfigKeys (ConfUtils.java:logGet(43)) - raft.server.watch.timeout.denomination = 1s (default)
2019-10-14 14:51:47,878 [25f80a8f-1a6f-414e-a49c-3d3c61aacfaa@group-92C006E5E6CB-LeaderElection57] INFO  server.RaftServerConfigKeys (ConfUtils.java:logGet(43)) - raft.server.watch.element-limit = 65536 (default)
2019-10-14 14:51:47,878 [197a08cb-7e32-46b6-9731-300bf29c37bf@group-5D52F8F7D5C1-LeaderElection58] INFO  server.RaftServerConfigKeys (ConfUtils.java:logGet(43)) - raft.server.watch.element-limit = 65536 (default)
2019-10-14 14:51:47,881 [25f80a8f-1a6f-414e-a49c-3d3c61aacfaa@group-92C006E5E6CB-LeaderElection57] INFO  impl.RoleInfo (RoleInfo.java:updateAndGet(143)) - 25f80a8f-1a6f-414e-a49c-3d3c61aacfaa: start LeaderState
2019-10-14 14:51:47,881 [197a08cb-7e32-46b6-9731-300bf29c37bf@group-5D52F8F7D5C1-LeaderElection58] INFO  impl.RoleInfo (RoleInfo.java:updateAndGet(143)) - 197a08cb-7e32-46b6-9731-300bf29c37bf: start LeaderState
2019-10-14 14:51:47,882 [25f80a8f-1a6f-414e-a49c-3d3c61aacfaa@group-92C006E5E6CB-LeaderElection57] INFO  segmented.SegmentedRaftLogWorker (SegmentedRaftLogWorker.java:startLogSegment(385)) - 25f80a8f-1a6f-414e-a49c-3d3c61aacfaa@group-92C006E5E6CB-SegmentedRaftLogWorker: Starting segment from index:0
2019-10-14 14:51:47,882 [197a08cb-7e32-46b6-9731-300bf29c37bf@group-5D52F8F7D5C1-LeaderElection58] INFO  segmented.SegmentedRaftLogWorker (SegmentedRaftLogWorker.java:startLogSegment(385)) - 197a08cb-7e32-46b6-9731-300bf29c37bf@group-5D52F8F7D5C1-SegmentedRaftLogWorker: Starting segment from index:0
2019-10-14 14:51:47,883 [25f80a8f-1a6f-414e-a49c-3d3c61aacfaa@group-92C006E5E6CB-LeaderElection57] INFO  impl.RaftServerImpl (ServerState.java:setRaftConf(356)) - 25f80a8f-1a6f-414e-a49c-3d3c61aacfaa@group-92C006E5E6CB: set configuration 0: [25f80a8f-1a6f-414e-a49c-3d3c61aacfaa:192.168.157.234:38614], old=null at 0
2019-10-14 14:51:47,883 [197a08cb-7e32-46b6-9731-300bf29c37bf@group-5D52F8F7D5C1-LeaderElection58] INFO  impl.RaftServerImpl (ServerState.java:setRaftConf(356)) - 197a08cb-7e32-46b6-9731-300bf29c37bf@group-5D52F8F7D5C1: set configuration 0: [197a08cb-7e32-46b6-9731-300bf29c37bf:192.168.157.234:44708], old=null at 0
2019-10-14 14:51:47,890 [c6492fef-5352-4ee4-a298-3337cbd3b3a1@group-01EDE78A7707-LeaderElection59] INFO  impl.LeaderElection (LeaderElection.java:askForVotes(178)) - c6492fef-5352-4ee4-a298-3337cbd3b3a1@group-01EDE78A7707-LeaderElection59: begin an election at term 1 for -1: [c6492fef-5352-4ee4-a298-3337cbd3b3a1:192.168.157.234:41731], old=null
2019-10-14 14:51:47,890 [c6492fef-5352-4ee4-a298-3337cbd3b3a1@group-01EDE78A7707-LeaderElection59] INFO  impl.RoleInfo (RoleInfo.java:shutdownLeaderElection(134)) - c6492fef-5352-4ee4-a298-3337cbd3b3a1: shutdown LeaderElection
2019-10-14 14:51:47,890 [c6492fef-5352-4ee4-a298-3337cbd3b3a1@group-01EDE78A7707-LeaderElection59] INFO  impl.RaftServerImpl (RaftServerImpl.java:setRole(170)) - c6492fef-5352-4ee4-a298-3337cbd3b3a1@group-01EDE78A7707: changes role from CANDIDATE to LEADER at term 1 for changeToLeader
2019-10-14 14:51:47,890 [c6492fef-5352-4ee4-a298-3337cbd3b3a1@group-01EDE78A7707-LeaderElection59] INFO  impl.RaftServerImpl (ServerState.java:setLeader(255)) - c6492fef-5352-4ee4-a298-3337cbd3b3a1@group-01EDE78A7707: change Leader from null to c6492fef-5352-4ee4-a298-3337cbd3b3a1 at term 1 for becomeLeader, leader elected after 5072ms
2019-10-14 14:51:47,890 [c6492fef-5352-4ee4-a298-3337cbd3b3a1@group-01EDE78A7707-LeaderElection59] INFO  server.RaftServerConfigKeys (ConfUtils.java:logGet(43)) - raft.server.staging.catchup.gap = 1000 (default)
2019-10-14 14:51:47,891 [c6492fef-5352-4ee4-a298-3337cbd3b3a1@group-01EDE78A7707-LeaderElection59] INFO  server.RaftServerConfigKeys (ConfUtils.java:logGet(43)) - raft.server.rpc.sleep.time = 25ms (default)
2019-10-14 14:51:47,891 [c6492fef-5352-4ee4-a298-3337cbd3b3a1@group-01EDE78A7707-LeaderElection59] INFO  server.RaftServerConfigKeys (ConfUtils.java:logGet(43)) - raft.server.write.element-limit = 4096 (default)
2019-10-14 14:51:47,891 [c6492fef-5352-4ee4-a298-3337cbd3b3a1@group-01EDE78A7707-LeaderElection59] INFO  server.RaftServerConfigKeys (ConfUtils.java:logGet(43)) - raft.server.watch.timeout = 10s (default)
2019-10-14 14:51:47,891 [c6492fef-5352-4ee4-a298-3337cbd3b3a1@group-01EDE78A7707-LeaderElection59] INFO  server.RaftServerConfigKeys (ConfUtils.java:logGet(43)) - raft.server.watch.timeout.denomination = 1s (default)
2019-10-14 14:51:47,891 [c6492fef-5352-4ee4-a298-3337cbd3b3a1@group-01EDE78A7707-LeaderElection59] INFO  server.RaftServerConfigKeys (ConfUtils.java:logGet(43)) - raft.server.watch.element-limit = 65536 (default)
2019-10-14 14:51:47,894 [c6492fef-5352-4ee4-a298-3337cbd3b3a1@group-01EDE78A7707-LeaderElection59] INFO  impl.RoleInfo (RoleInfo.java:updateAndGet(143)) - c6492fef-5352-4ee4-a298-3337cbd3b3a1: start LeaderState
2019-10-14 14:51:47,894 [c6492fef-5352-4ee4-a298-3337cbd3b3a1@group-01EDE78A7707-LeaderElection59] INFO  segmented.SegmentedRaftLogWorker (SegmentedRaftLogWorker.java:startLogSegment(385)) - c6492fef-5352-4ee4-a298-3337cbd3b3a1@group-01EDE78A7707-SegmentedRaftLogWorker: Starting segment from index:0
2019-10-14 14:51:47,895 [c6492fef-5352-4ee4-a298-3337cbd3b3a1@group-01EDE78A7707-LeaderElection59] INFO  impl.RaftServerImpl (ServerState.java:setRaftConf(356)) - c6492fef-5352-4ee4-a298-3337cbd3b3a1@group-01EDE78A7707: set configuration 0: [c6492fef-5352-4ee4-a298-3337cbd3b3a1:192.168.157.234:41731], old=null at 0
2019-10-14 14:51:47,923 [25f80a8f-1a6f-414e-a49c-3d3c61aacfaa@group-92C006E5E6CB-SegmentedRaftLogWorker] INFO  segmented.SegmentedRaftLogWorker (SegmentedRaftLogWorker.java:execute(574)) - 25f80a8f-1a6f-414e-a49c-3d3c61aacfaa@group-92C006E5E6CB-SegmentedRaftLogWorker: created new log segment /workdir/hadoop-ozone/integration-test/target/test-dir/MiniOzoneClusterImpl-4b41b7fd-8f2d-4662-9b03-706134207cd2/datanode-1/data/ratis/b786ecaf-ff3a-4680-900c-92c006e5e6cb/current/log_inprogress_0
2019-10-14 14:51:47,923 [197a08cb-7e32-46b6-9731-300bf29c37bf@group-5D52F8F7D5C1-SegmentedRaftLogWorker] INFO  segmented.SegmentedRaftLogWorker (SegmentedRaftLogWorker.java:execute(574)) - 197a08cb-7e32-46b6-9731-300bf29c37bf@group-5D52F8F7D5C1-SegmentedRaftLogWorker: created new log segment /workdir/hadoop-ozone/integration-test/target/test-dir/MiniOzoneClusterImpl-4b41b7fd-8f2d-4662-9b03-706134207cd2/datanode-0/data/ratis/8ed29247-4398-4037-9301-5d52f8f7d5c1/current/log_inprogress_0
2019-10-14 14:51:47,934 [Thread-1472] INFO  impl.FollowerState (FollowerState.java:run(108)) - c6492fef-5352-4ee4-a298-3337cbd3b3a1@group-D21656EABB7E-FollowerState: change to CANDIDATE, lastRpcTime:5073ms, electionTimeout:5073ms
2019-10-14 14:51:47,935 [Thread-1472] INFO  impl.RoleInfo (RoleInfo.java:shutdownFollowerState(121)) - c6492fef-5352-4ee4-a298-3337cbd3b3a1: shutdown FollowerState
2019-10-14 14:51:47,935 [Thread-1472] INFO  impl.RaftServerImpl (RaftServerImpl.java:setRole(170)) - c6492fef-5352-4ee4-a298-3337cbd3b3a1@group-D21656EABB7E: changes role from  FOLLOWER to CANDIDATE at term 0 for changeToCandidate
2019-10-14 14:51:47,935 [Thread-1472] INFO  impl.RoleInfo (RoleInfo.java:updateAndGet(143)) - c6492fef-5352-4ee4-a298-3337cbd3b3a1: start LeaderElection
2019-10-14 14:51:47,942 [c6492fef-5352-4ee4-a298-3337cbd3b3a1@group-01EDE78A7707-SegmentedRaftLogWorker] INFO  segmented.SegmentedRaftLogWorker (SegmentedRaftLogWorker.java:execute(574)) - c6492fef-5352-4ee4-a298-3337cbd3b3a1@group-01EDE78A7707-SegmentedRaftLogWorker: created new log segment /workdir/hadoop-ozone/integration-test/target/test-dir/MiniOzoneClusterImpl-4b41b7fd-8f2d-4662-9b03-706134207cd2/datanode-2/data/ratis/6de4f5b7-2eac-4d2b-91f8-01ede78a7707/current/log_inprogress_0
2019-10-14 14:51:47,955 [c6492fef-5352-4ee4-a298-3337cbd3b3a1@group-D21656EABB7E-LeaderElection60] INFO  impl.LeaderElection (LeaderElection.java:askForVotes(178)) - c6492fef-5352-4ee4-a298-3337cbd3b3a1@group-D21656EABB7E-LeaderElection60: begin an election at term 1 for -1: [25f80a8f-1a6f-414e-a49c-3d3c61aacfaa:192.168.157.234:38614, 197a08cb-7e32-46b6-9731-300bf29c37bf:192.168.157.234:44708, c6492fef-5352-4ee4-a298-3337cbd3b3a1:192.168.157.234:41731], old=null
2019-10-14 14:51:47,964 [grpc-default-executor-4] INFO  impl.RaftServerImpl (RaftServerImpl.java:setRole(170)) - 25f80a8f-1a6f-414e-a49c-3d3c61aacfaa@group-D21656EABB7E: changes role from  FOLLOWER to FOLLOWER at term 1 for recognizeCandidate:c6492fef-5352-4ee4-a298-3337cbd3b3a1
2019-10-14 14:51:47,964 [grpc-default-executor-7] INFO  impl.RaftServerImpl (RaftServerImpl.java:setRole(170)) - 197a08cb-7e32-46b6-9731-300bf29c37bf@group-D21656EABB7E: changes role from  FOLLOWER to FOLLOWER at term 1 for recognizeCandidate:c6492fef-5352-4ee4-a298-3337cbd3b3a1
2019-10-14 14:51:47,964 [grpc-default-executor-4] INFO  impl.RoleInfo (RoleInfo.java:shutdownFollowerState(121)) - 25f80a8f-1a6f-414e-a49c-3d3c61aacfaa: shutdown FollowerState
2019-10-14 14:51:47,965 [grpc-default-executor-7] INFO  impl.RoleInfo (RoleInfo.java:shutdownFollowerState(121)) - 197a08cb-7e32-46b6-9731-300bf29c37bf: shutdown FollowerState
2019-10-14 14:51:47,965 [grpc-default-executor-4] INFO  impl.RoleInfo (RoleInfo.java:updateAndGet(143)) - 25f80a8f-1a6f-414e-a49c-3d3c61aacfaa: start FollowerState
2019-10-14 14:51:47,965 [Thread-1477] INFO  impl.FollowerState (FollowerState.java:run(117)) - 197a08cb-7e32-46b6-9731-300bf29c37bf@group-D21656EABB7E-FollowerState was interrupted: java.lang.InterruptedException: sleep interrupted
2019-10-14 14:51:47,965 [Thread-1476] INFO  impl.FollowerState (FollowerState.java:run(117)) - 25f80a8f-1a6f-414e-a49c-3d3c61aacfaa@group-D21656EABB7E-FollowerState was interrupted: java.lang.InterruptedException: sleep interrupted
2019-10-14 14:51:47,965 [grpc-default-executor-7] INFO  impl.RoleInfo (RoleInfo.java:updateAndGet(143)) - 197a08cb-7e32-46b6-9731-300bf29c37bf: start FollowerState
2019-10-14 14:51:47,972 [Thread-1481] INFO  impl.FollowerState (FollowerState.java:run(108)) - 0304342d-69a5-4262-8d12-aa01fabc7076@group-91BB5B03386E-FollowerState: change to CANDIDATE, lastRpcTime:5008ms, electionTimeout:5008ms
2019-10-14 14:51:47,972 [Thread-1481] INFO  impl.RoleInfo (RoleInfo.java:shutdownFollowerState(121)) - 0304342d-69a5-4262-8d12-aa01fabc7076: shutdown FollowerState
2019-10-14 14:51:47,972 [Thread-1481] INFO  impl.RaftServerImpl (RaftServerImpl.java:setRole(170)) - 0304342d-69a5-4262-8d12-aa01fabc7076@group-91BB5B03386E: changes role from  FOLLOWER to CANDIDATE at term 0 for changeToCandidate
2019-10-14 14:51:47,972 [Thread-1481] INFO  impl.RoleInfo (RoleInfo.java:updateAndGet(143)) - 0304342d-69a5-4262-8d12-aa01fabc7076: start LeaderElection
2019-10-14 14:51:47,982 [0304342d-69a5-4262-8d12-aa01fabc7076@group-91BB5B03386E-LeaderElection61] INFO  impl.LeaderElection (LeaderElection.java:askForVotes(178)) - 0304342d-69a5-4262-8d12-aa01fabc7076@group-91BB5B03386E-LeaderElection61: begin an election at term 1 for -1: [0304342d-69a5-4262-8d12-aa01fabc7076:192.168.157.234:44803], old=null
2019-10-14 14:51:47,982 [0304342d-69a5-4262-8d12-aa01fabc7076@group-91BB5B03386E-LeaderElection61] INFO  impl.RoleInfo (RoleInfo.java:shutdownLeaderElection(134)) - 0304342d-69a5-4262-8d12-aa01fabc7076: shutdown LeaderElection
2019-10-14 14:51:47,982 [0304342d-69a5-4262-8d12-aa01fabc7076@group-91BB5B03386E-LeaderElection61] INFO  impl.RaftServerImpl (RaftServerImpl.java:setRole(170)) - 0304342d-69a5-4262-8d12-aa01fabc7076@group-91BB5B03386E: changes role from CANDIDATE to LEADER at term 1 for changeToLeader
2019-10-14 14:51:47,982 [0304342d-69a5-4262-8d12-aa01fabc7076@group-91BB5B03386E-LeaderElection61] INFO  impl.RaftServerImpl (ServerState.java:setLeader(255)) - 0304342d-69a5-4262-8d12-aa01fabc7076@group-91BB5B03386E: change Leader from null to 0304342d-69a5-4262-8d12-aa01fabc7076 at term 1 for becomeLeader, leader elected after 5027ms
2019-10-14 14:51:47,982 [0304342d-69a5-4262-8d12-aa01fabc7076@group-91BB5B03386E-LeaderElection61] INFO  server.RaftServerConfigKeys (ConfUtils.java:logGet(43)) - raft.server.staging.catchup.gap = 1000 (default)
2019-10-14 14:51:47,983 [0304342d-69a5-4262-8d12-aa01fabc7076@group-91BB5B03386E-LeaderElection61] INFO  server.RaftServerConfigKeys (ConfUtils.java:logGet(43)) - raft.server.rpc.sleep.time = 25ms (default)
2019-10-14 14:51:47,983 [0304342d-69a5-4262-8d12-aa01fabc7076@group-91BB5B03386E-LeaderElection61] INFO  server.RaftServerConfigKeys (ConfUtils.java:logGet(43)) - raft.server.write.element-limit = 4096 (default)
2019-10-14 14:51:47,995 [0304342d-69a5-4262-8d12-aa01fabc7076@group-91BB5B03386E-LeaderElection61] INFO  server.RaftServerConfigKeys (ConfUtils.java:logGet(43)) - raft.server.watch.timeout = 10s (default)
2019-10-14 14:51:47,995 [0304342d-69a5-4262-8d12-aa01fabc7076@group-91BB5B03386E-LeaderElection61] INFO  server.RaftServerConfigKeys (ConfUtils.java:logGet(43)) - raft.server.watch.timeout.denomination = 1s (default)
2019-10-14 14:51:47,995 [0304342d-69a5-4262-8d12-aa01fabc7076@group-91BB5B03386E-LeaderElection61] INFO  server.RaftServerConfigKeys (ConfUtils.java:logGet(43)) - raft.server.watch.element-limit = 65536 (default)
2019-10-14 14:51:47,996 [c6492fef-5352-4ee4-a298-3337cbd3b3a1@group-D21656EABB7E-LeaderElection60] INFO  impl.LeaderElection (LeaderElection.java:logAndReturn(56)) - c6492fef-5352-4ee4-a298-3337cbd3b3a1@group-D21656EABB7E-LeaderElection60: Election PASSED; received 1 response(s) [c6492fef-5352-4ee4-a298-3337cbd3b3a1<-25f80a8f-1a6f-414e-a49c-3d3c61aacfaa#0:OK-t1] and 0 exception(s); c6492fef-5352-4ee4-a298-3337cbd3b3a1@group-D21656EABB7E:t1, leader=null, voted=c6492fef-5352-4ee4-a298-3337cbd3b3a1, raftlog=c6492fef-5352-4ee4-a298-3337cbd3b3a1@group-D21656EABB7E-SegmentedRaftLog:OPENED:c-1,f-1,i0, conf=-1: [25f80a8f-1a6f-414e-a49c-3d3c61aacfaa:192.168.157.234:38614, 197a08cb-7e32-46b6-9731-300bf29c37bf:192.168.157.234:44708, c6492fef-5352-4ee4-a298-3337cbd3b3a1:192.168.157.234:41731], old=null
2019-10-14 14:51:47,996 [c6492fef-5352-4ee4-a298-3337cbd3b3a1@group-D21656EABB7E-LeaderElection60] INFO  impl.RoleInfo (RoleInfo.java:shutdownLeaderElection(134)) - c6492fef-5352-4ee4-a298-3337cbd3b3a1: shutdown LeaderElection
2019-10-14 14:51:47,996 [c6492fef-5352-4ee4-a298-3337cbd3b3a1@group-D21656EABB7E-LeaderElection60] INFO  impl.RaftServerImpl (RaftServerImpl.java:setRole(170)) - c6492fef-5352-4ee4-a298-3337cbd3b3a1@group-D21656EABB7E: changes role from CANDIDATE to LEADER at term 1 for changeToLeader
2019-10-14 14:51:47,996 [c6492fef-5352-4ee4-a298-3337cbd3b3a1@group-D21656EABB7E-LeaderElection60] INFO  impl.RaftServerImpl (ServerState.java:setLeader(255)) - c6492fef-5352-4ee4-a298-3337cbd3b3a1@group-D21656EABB7E: change Leader from null to c6492fef-5352-4ee4-a298-3337cbd3b3a1 at term 1 for becomeLeader, leader elected after 5142ms
2019-10-14 14:51:47,997 [c6492fef-5352-4ee4-a298-3337cbd3b3a1@group-D21656EABB7E-LeaderElection60] INFO  server.RaftServerConfigKeys (ConfUtils.java:logGet(43)) - raft.server.staging.catchup.gap = 1000 (default)
2019-10-14 14:51:47,997 [c6492fef-5352-4ee4-a298-3337cbd3b3a1@group-D21656EABB7E-LeaderElection60] INFO  server.RaftServerConfigKeys (ConfUtils.java:logGet(43)) - raft.server.rpc.sleep.time = 25ms (default)
2019-10-14 14:51:47,997 [c6492fef-5352-4ee4-a298-3337cbd3b3a1@group-D21656EABB7E-LeaderElection60] INFO  server.RaftServerConfigKeys (ConfUtils.java:logGet(43)) - raft.server.write.element-limit = 4096 (default)
2019-10-14 14:51:47,997 [c6492fef-5352-4ee4-a298-3337cbd3b3a1@group-D21656EABB7E-LeaderElection60] INFO  server.RaftServerConfigKeys (ConfUtils.java:logGet(43)) - raft.server.watch.timeout = 10s (default)
2019-10-14 14:51:47,997 [0304342d-69a5-4262-8d12-aa01fabc7076@group-91BB5B03386E-LeaderElection61] INFO  impl.RoleInfo (RoleInfo.java:updateAndGet(143)) - 0304342d-69a5-4262-8d12-aa01fabc7076: start LeaderState
2019-10-14 14:51:47,997 [c6492fef-5352-4ee4-a298-3337cbd3b3a1@group-D21656EABB7E-LeaderElection60] INFO  server.RaftServerConfigKeys (ConfUtils.java:logGet(43)) - raft.server.watch.timeout.denomination = 1s (default)
2019-10-14 14:51:47,997 [c6492fef-5352-4ee4-a298-3337cbd3b3a1@group-D21656EABB7E-LeaderElection60] INFO  server.RaftServerConfigKeys (ConfUtils.java:logGet(43)) - raft.server.watch.element-limit = 65536 (default)
2019-10-14 14:51:47,997 [0304342d-69a5-4262-8d12-aa01fabc7076@group-91BB5B03386E-LeaderElection61] INFO  segmented.SegmentedRaftLogWorker (SegmentedRaftLogWorker.java:startLogSegment(385)) - 0304342d-69a5-4262-8d12-aa01fabc7076@group-91BB5B03386E-SegmentedRaftLogWorker: Starting segment from index:0
2019-10-14 14:51:47,998 [0304342d-69a5-4262-8d12-aa01fabc7076@group-91BB5B03386E-LeaderElection61] INFO  impl.RaftServerImpl (ServerState.java:setRaftConf(356)) - 0304342d-69a5-4262-8d12-aa01fabc7076@group-91BB5B03386E: set configuration 0: [0304342d-69a5-4262-8d12-aa01fabc7076:192.168.157.234:44803], old=null at 0
2019-10-14 14:51:47,999 [c6492fef-5352-4ee4-a298-3337cbd3b3a1@group-D21656EABB7E-LeaderElection60] INFO  server.RaftServerConfigKeys (ConfUtils.java:logGet(43)) - raft.server.log.appender.snapshot.chunk.size.max = 16MB (=16777216) (default)
2019-10-14 14:51:47,999 [c6492fef-5352-4ee4-a298-3337cbd3b3a1@group-D21656EABB7E-LeaderElection60] INFO  server.RaftServerConfigKeys (ConfUtils.java:logGet(43)) - raft.server.log.appender.buffer.byte-limit = 33554432 (custom)
2019-10-14 14:51:47,999 [c6492fef-5352-4ee4-a298-3337cbd3b3a1@group-D21656EABB7E-LeaderElection60] INFO  server.RaftServerConfigKeys (ConfUtils.java:logGet(43)) - raft.server.log.appender.buffer.element-limit = 1 (custom)
2019-10-14 14:51:47,999 [c6492fef-5352-4ee4-a298-3337cbd3b3a1@group-D21656EABB7E-LeaderElection60] INFO  grpc.GrpcConfigKeys$Server (ConfUtils.java:logGet(43)) - raft.grpc.server.leader.outstanding.appends.max = 128 (default)
2019-10-14 14:51:48,000 [c6492fef-5352-4ee4-a298-3337cbd3b3a1@group-D21656EABB7E-LeaderElection60] INFO  server.RaftServerConfigKeys (ConfUtils.java:logGet(43)) - raft.server.rpc.request.timeout = 3000ms (default)
2019-10-14 14:51:48,000 [c6492fef-5352-4ee4-a298-3337cbd3b3a1@group-D21656EABB7E-LeaderElection60] INFO  server.RaftServerConfigKeys (ConfUtils.java:logGet(43)) - raft.server.log.appender.install.snapshot.enabled = false (custom)
2019-10-14 14:51:48,000 [c6492fef-5352-4ee4-a298-3337cbd3b3a1@group-D21656EABB7E-LeaderElection60] INFO  server.RaftServerConfigKeys (ConfUtils.java:logGet(43)) - raft.server.log.appender.snapshot.chunk.size.max = 16MB (=16777216) (default)
2019-10-14 14:51:48,000 [c6492fef-5352-4ee4-a298-3337cbd3b3a1@group-D21656EABB7E-LeaderElection60] INFO  server.RaftServerConfigKeys (ConfUtils.java:logGet(43)) - raft.server.log.appender.buffer.byte-limit = 33554432 (custom)
2019-10-14 14:51:48,000 [c6492fef-5352-4ee4-a298-3337cbd3b3a1@group-D21656EABB7E-LeaderElection60] INFO  server.RaftServerConfigKeys (ConfUtils.java:logGet(43)) - raft.server.log.appender.buffer.element-limit = 1 (custom)
2019-10-14 14:51:48,000 [c6492fef-5352-4ee4-a298-3337cbd3b3a1@group-D21656EABB7E-LeaderElection60] INFO  grpc.GrpcConfigKeys$Server (ConfUtils.java:logGet(43)) - raft.grpc.server.leader.outstanding.appends.max = 128 (default)
2019-10-14 14:51:48,001 [c6492fef-5352-4ee4-a298-3337cbd3b3a1@group-D21656EABB7E-LeaderElection60] INFO  server.RaftServerConfigKeys (ConfUtils.java:logGet(43)) - raft.server.rpc.request.timeout = 3000ms (default)
2019-10-14 14:51:48,001 [c6492fef-5352-4ee4-a298-3337cbd3b3a1@group-D21656EABB7E-LeaderElection60] INFO  server.RaftServerConfigKeys (ConfUtils.java:logGet(43)) - raft.server.log.appender.install.snapshot.enabled = false (custom)
2019-10-14 14:51:48,001 [c6492fef-5352-4ee4-a298-3337cbd3b3a1@group-D21656EABB7E-LeaderElection60] INFO  impl.RoleInfo (RoleInfo.java:updateAndGet(143)) - c6492fef-5352-4ee4-a298-3337cbd3b3a1: start LeaderState
2019-10-14 14:51:48,001 [c6492fef-5352-4ee4-a298-3337cbd3b3a1@group-D21656EABB7E-LeaderElection60] INFO  segmented.SegmentedRaftLogWorker (SegmentedRaftLogWorker.java:startLogSegment(385)) - c6492fef-5352-4ee4-a298-3337cbd3b3a1@group-D21656EABB7E-SegmentedRaftLogWorker: Starting segment from index:0
2019-10-14 14:51:48,002 [c6492fef-5352-4ee4-a298-3337cbd3b3a1@group-D21656EABB7E-LeaderElection60] INFO  impl.RaftServerImpl (ServerState.java:setRaftConf(356)) - c6492fef-5352-4ee4-a298-3337cbd3b3a1@group-D21656EABB7E: set configuration 0: [25f80a8f-1a6f-414e-a49c-3d3c61aacfaa:192.168.157.234:38614, 197a08cb-7e32-46b6-9731-300bf29c37bf:192.168.157.234:44708, c6492fef-5352-4ee4-a298-3337cbd3b3a1:192.168.157.234:41731], old=null at 0
2019-10-14 14:51:48,040 [grpc-default-executor-7] INFO  impl.RaftServerImpl (ServerState.java:setLeader(255)) - 197a08cb-7e32-46b6-9731-300bf29c37bf@group-D21656EABB7E: change Leader from null to c6492fef-5352-4ee4-a298-3337cbd3b3a1 at term 1 for appendEntries, leader elected after 5181ms
2019-10-14 14:51:48,041 [grpc-default-executor-4] INFO  impl.RaftServerImpl (ServerState.java:setLeader(255)) - 25f80a8f-1a6f-414e-a49c-3d3c61aacfaa@group-D21656EABB7E: change Leader from null to c6492fef-5352-4ee4-a298-3337cbd3b3a1 at term 1 for appendEntries, leader elected after 5181ms
2019-10-14 14:51:48,049 [grpc-default-executor-4] INFO  impl.RaftServerImpl (ServerState.java:setRaftConf(356)) - 25f80a8f-1a6f-414e-a49c-3d3c61aacfaa@group-D21656EABB7E: set configuration 0: [25f80a8f-1a6f-414e-a49c-3d3c61aacfaa:192.168.157.234:38614, 197a08cb-7e32-46b6-9731-300bf29c37bf:192.168.157.234:44708, c6492fef-5352-4ee4-a298-3337cbd3b3a1:192.168.157.234:41731], old=null at 0
2019-10-14 14:51:48,049 [grpc-default-executor-7] INFO  impl.RaftServerImpl (ServerState.java:setRaftConf(356)) - 197a08cb-7e32-46b6-9731-300bf29c37bf@group-D21656EABB7E: set configuration 0: [25f80a8f-1a6f-414e-a49c-3d3c61aacfaa:192.168.157.234:38614, 197a08cb-7e32-46b6-9731-300bf29c37bf:192.168.157.234:44708, c6492fef-5352-4ee4-a298-3337cbd3b3a1:192.168.157.234:41731], old=null at 0
2019-10-14 14:51:48,049 [grpc-default-executor-4] INFO  segmented.SegmentedRaftLogWorker (SegmentedRaftLogWorker.java:startLogSegment(385)) - 25f80a8f-1a6f-414e-a49c-3d3c61aacfaa@group-D21656EABB7E-SegmentedRaftLogWorker: Starting segment from index:0
2019-10-14 14:51:48,050 [grpc-default-executor-7] INFO  segmented.SegmentedRaftLogWorker (SegmentedRaftLogWorker.java:startLogSegment(385)) - 197a08cb-7e32-46b6-9731-300bf29c37bf@group-D21656EABB7E-SegmentedRaftLogWorker: Starting segment from index:0
2019-10-14 14:51:48,051 [c6492fef-5352-4ee4-a298-3337cbd3b3a1@group-D21656EABB7E-SegmentedRaftLogWorker] INFO  segmented.SegmentedRaftLogWorker (SegmentedRaftLogWorker.java:execute(574)) - c6492fef-5352-4ee4-a298-3337cbd3b3a1@group-D21656EABB7E-SegmentedRaftLogWorker: created new log segment /workdir/hadoop-ozone/integration-test/target/test-dir/MiniOzoneClusterImpl-4b41b7fd-8f2d-4662-9b03-706134207cd2/datanode-2/data/ratis/2225e6a0-3609-4d1c-94a0-d21656eabb7e/current/log_inprogress_0
2019-10-14 14:51:48,051 [0304342d-69a5-4262-8d12-aa01fabc7076@group-91BB5B03386E-SegmentedRaftLogWorker] INFO  segmented.SegmentedRaftLogWorker (SegmentedRaftLogWorker.java:execute(574)) - 0304342d-69a5-4262-8d12-aa01fabc7076@group-91BB5B03386E-SegmentedRaftLogWorker: created new log segment /workdir/hadoop-ozone/integration-test/target/test-dir/MiniOzoneClusterImpl-4b41b7fd-8f2d-4662-9b03-706134207cd2/datanode-4/data/ratis/9e9f4e48-404a-412f-b628-91bb5b03386e/current/log_inprogress_0
2019-10-14 14:51:48,081 [25f80a8f-1a6f-414e-a49c-3d3c61aacfaa@group-D21656EABB7E-SegmentedRaftLogWorker] INFO  segmented.SegmentedRaftLogWorker (SegmentedRaftLogWorker.java:execute(574)) - 25f80a8f-1a6f-414e-a49c-3d3c61aacfaa@group-D21656EABB7E-SegmentedRaftLogWorker: created new log segment /workdir/hadoop-ozone/integration-test/target/test-dir/MiniOzoneClusterImpl-4b41b7fd-8f2d-4662-9b03-706134207cd2/datanode-1/data/ratis/2225e6a0-3609-4d1c-94a0-d21656eabb7e/current/log_inprogress_0
2019-10-14 14:51:48,085 [Thread-1484] INFO  impl.FollowerState (FollowerState.java:run(108)) - 459388a1-49cb-41d5-9d7e-a79fca8f9dca@group-8AA81BB672EA-FollowerState: change to CANDIDATE, lastRpcTime:5083ms, electionTimeout:5083ms
2019-10-14 14:51:48,085 [Thread-1484] INFO  impl.RoleInfo (RoleInfo.java:shutdownFollowerState(121)) - 459388a1-49cb-41d5-9d7e-a79fca8f9dca: shutdown FollowerState
2019-10-14 14:51:48,085 [Thread-1484] INFO  impl.RaftServerImpl (RaftServerImpl.java:setRole(170)) - 459388a1-49cb-41d5-9d7e-a79fca8f9dca@group-8AA81BB672EA: changes role from  FOLLOWER to CANDIDATE at term 0 for changeToCandidate
2019-10-14 14:51:48,086 [Thread-1484] INFO  impl.RoleInfo (RoleInfo.java:updateAndGet(143)) - 459388a1-49cb-41d5-9d7e-a79fca8f9dca: start LeaderElection
2019-10-14 14:51:48,089 [197a08cb-7e32-46b6-9731-300bf29c37bf@group-D21656EABB7E-SegmentedRaftLogWorker] INFO  segmented.SegmentedRaftLogWorker (SegmentedRaftLogWorker.java:execute(574)) - 197a08cb-7e32-46b6-9731-300bf29c37bf@group-D21656EABB7E-SegmentedRaftLogWorker: created new log segment /workdir/hadoop-ozone/integration-test/target/test-dir/MiniOzoneClusterImpl-4b41b7fd-8f2d-4662-9b03-706134207cd2/datanode-0/data/ratis/2225e6a0-3609-4d1c-94a0-d21656eabb7e/current/log_inprogress_0
2019-10-14 14:51:48,098 [459388a1-49cb-41d5-9d7e-a79fca8f9dca@group-8AA81BB672EA-LeaderElection62] INFO  impl.LeaderElection (LeaderElection.java:askForVotes(178)) - 459388a1-49cb-41d5-9d7e-a79fca8f9dca@group-8AA81BB672EA-LeaderElection62: begin an election at term 1 for -1: [459388a1-49cb-41d5-9d7e-a79fca8f9dca:192.168.157.234:36026], old=null
2019-10-14 14:51:48,099 [459388a1-49cb-41d5-9d7e-a79fca8f9dca@group-8AA81BB672EA-LeaderElection62] INFO  impl.RoleInfo (RoleInfo.java:shutdownLeaderElection(134)) - 459388a1-49cb-41d5-9d7e-a79fca8f9dca: shutdown LeaderElection
2019-10-14 14:51:48,099 [459388a1-49cb-41d5-9d7e-a79fca8f9dca@group-8AA81BB672EA-LeaderElection62] INFO  impl.RaftServerImpl (RaftServerImpl.java:setRole(170)) - 459388a1-49cb-41d5-9d7e-a79fca8f9dca@group-8AA81BB672EA: changes role from CANDIDATE to LEADER at term 1 for changeToLeader
2019-10-14 14:51:48,099 [459388a1-49cb-41d5-9d7e-a79fca8f9dca@group-8AA81BB672EA-LeaderElection62] INFO  impl.RaftServerImpl (ServerState.java:setLeader(255)) - 459388a1-49cb-41d5-9d7e-a79fca8f9dca@group-8AA81BB672EA: change Leader from null to 459388a1-49cb-41d5-9d7e-a79fca8f9dca at term 1 for becomeLeader, leader elected after 5108ms
2019-10-14 14:51:48,099 [459388a1-49cb-41d5-9d7e-a79fca8f9dca@group-8AA81BB672EA-LeaderElection62] INFO  server.RaftServerConfigKeys (ConfUtils.java:logGet(43)) - raft.server.staging.catchup.gap = 1000 (default)
2019-10-14 14:51:48,099 [459388a1-49cb-41d5-9d7e-a79fca8f9dca@group-8AA81BB672EA-LeaderElection62] INFO  server.RaftServerConfigKeys (ConfUtils.java:logGet(43)) - raft.server.rpc.sleep.time = 25ms (default)
2019-10-14 14:51:48,100 [459388a1-49cb-41d5-9d7e-a79fca8f9dca@group-8AA81BB672EA-LeaderElection62] INFO  server.RaftServerConfigKeys (ConfUtils.java:logGet(43)) - raft.server.write.element-limit = 4096 (default)
2019-10-14 14:51:48,100 [459388a1-49cb-41d5-9d7e-a79fca8f9dca@group-8AA81BB672EA-LeaderElection62] INFO  server.RaftServerConfigKeys (ConfUtils.java:logGet(43)) - raft.server.watch.timeout = 10s (default)
2019-10-14 14:51:48,100 [459388a1-49cb-41d5-9d7e-a79fca8f9dca@group-8AA81BB672EA-LeaderElection62] INFO  server.RaftServerConfigKeys (ConfUtils.java:logGet(43)) - raft.server.watch.timeout.denomination = 1s (default)
2019-10-14 14:51:48,100 [459388a1-49cb-41d5-9d7e-a79fca8f9dca@group-8AA81BB672EA-LeaderElection62] INFO  server.RaftServerConfigKeys (ConfUtils.java:logGet(43)) - raft.server.watch.element-limit = 65536 (default)
2019-10-14 14:51:48,102 [459388a1-49cb-41d5-9d7e-a79fca8f9dca@group-8AA81BB672EA-LeaderElection62] INFO  impl.RoleInfo (RoleInfo.java:updateAndGet(143)) - 459388a1-49cb-41d5-9d7e-a79fca8f9dca: start LeaderState
2019-10-14 14:51:48,103 [459388a1-49cb-41d5-9d7e-a79fca8f9dca@group-8AA81BB672EA-LeaderElection62] INFO  segmented.SegmentedRaftLogWorker (SegmentedRaftLogWorker.java:startLogSegment(385)) - 459388a1-49cb-41d5-9d7e-a79fca8f9dca@group-8AA81BB672EA-SegmentedRaftLogWorker: Starting segment from index:0
2019-10-14 14:51:48,103 [459388a1-49cb-41d5-9d7e-a79fca8f9dca@group-8AA81BB672EA-LeaderElection62] INFO  impl.RaftServerImpl (ServerState.java:setRaftConf(356)) - 459388a1-49cb-41d5-9d7e-a79fca8f9dca@group-8AA81BB672EA: set configuration 0: [459388a1-49cb-41d5-9d7e-a79fca8f9dca:192.168.157.234:36026], old=null at 0
2019-10-14 14:51:48,112 [Thread-1490] INFO  impl.FollowerState (FollowerState.java:run(108)) - 7309ccb4-489b-4984-94b6-00e66ba2f325@group-B593A6F24AF7-FollowerState: change to CANDIDATE, lastRpcTime:5029ms, electionTimeout:5029ms
2019-10-14 14:51:48,112 [Thread-1490] INFO  impl.RoleInfo (RoleInfo.java:shutdownFollowerState(121)) - 7309ccb4-489b-4984-94b6-00e66ba2f325: shutdown FollowerState
2019-10-14 14:51:48,112 [Thread-1490] INFO  impl.RaftServerImpl (RaftServerImpl.java:setRole(170)) - 7309ccb4-489b-4984-94b6-00e66ba2f325@group-B593A6F24AF7: changes role from  FOLLOWER to CANDIDATE at term 0 for changeToCandidate
2019-10-14 14:51:48,112 [Thread-1490] INFO  impl.RoleInfo (RoleInfo.java:updateAndGet(143)) - 7309ccb4-489b-4984-94b6-00e66ba2f325: start LeaderElection
2019-10-14 14:51:48,143 [459388a1-49cb-41d5-9d7e-a79fca8f9dca@group-8AA81BB672EA-SegmentedRaftLogWorker] INFO  segmented.SegmentedRaftLogWorker (SegmentedRaftLogWorker.java:execute(574)) - 459388a1-49cb-41d5-9d7e-a79fca8f9dca@group-8AA81BB672EA-SegmentedRaftLogWorker: created new log segment /workdir/hadoop-ozone/integration-test/target/test-dir/MiniOzoneClusterImpl-4b41b7fd-8f2d-4662-9b03-706134207cd2/datanode-3/data/ratis/7903ace7-8ef6-4bfb-9dd0-8aa81bb672ea/current/log_inprogress_0
2019-10-14 14:51:48,147 [7309ccb4-489b-4984-94b6-00e66ba2f325@group-B593A6F24AF7-LeaderElection63] INFO  impl.LeaderElection (LeaderElection.java:askForVotes(178)) - 7309ccb4-489b-4984-94b6-00e66ba2f325@group-B593A6F24AF7-LeaderElection63: begin an election at term 1 for -1: [7309ccb4-489b-4984-94b6-00e66ba2f325:192.168.157.234:35645], old=null
2019-10-14 14:51:48,147 [7309ccb4-489b-4984-94b6-00e66ba2f325@group-B593A6F24AF7-LeaderElection63] INFO  impl.RoleInfo (RoleInfo.java:shutdownLeaderElection(134)) - 7309ccb4-489b-4984-94b6-00e66ba2f325: shutdown LeaderElection
2019-10-14 14:51:48,147 [7309ccb4-489b-4984-94b6-00e66ba2f325@group-B593A6F24AF7-LeaderElection63] INFO  impl.RaftServerImpl (RaftServerImpl.java:setRole(170)) - 7309ccb4-489b-4984-94b6-00e66ba2f325@group-B593A6F24AF7: changes role from CANDIDATE to LEADER at term 1 for changeToLeader
2019-10-14 14:51:48,147 [7309ccb4-489b-4984-94b6-00e66ba2f325@group-B593A6F24AF7-LeaderElection63] INFO  impl.RaftServerImpl (ServerState.java:setLeader(255)) - 7309ccb4-489b-4984-94b6-00e66ba2f325@group-B593A6F24AF7: change Leader from null to 7309ccb4-489b-4984-94b6-00e66ba2f325 at term 1 for becomeLeader, leader elected after 5071ms
2019-10-14 14:51:48,147 [7309ccb4-489b-4984-94b6-00e66ba2f325@group-B593A6F24AF7-LeaderElection63] INFO  server.RaftServerConfigKeys (ConfUtils.java:logGet(43)) - raft.server.staging.catchup.gap = 1000 (default)
2019-10-14 14:51:48,147 [7309ccb4-489b-4984-94b6-00e66ba2f325@group-B593A6F24AF7-LeaderElection63] INFO  server.RaftServerConfigKeys (ConfUtils.java:logGet(43)) - raft.server.rpc.sleep.time = 25ms (default)
2019-10-14 14:51:48,148 [7309ccb4-489b-4984-94b6-00e66ba2f325@group-B593A6F24AF7-LeaderElection63] INFO  server.RaftServerConfigKeys (ConfUtils.java:logGet(43)) - raft.server.write.element-limit = 4096 (default)
2019-10-14 14:51:48,148 [7309ccb4-489b-4984-94b6-00e66ba2f325@group-B593A6F24AF7-LeaderElection63] INFO  server.RaftServerConfigKeys (ConfUtils.java:logGet(43)) - raft.server.watch.timeout = 10s (default)
2019-10-14 14:51:48,148 [7309ccb4-489b-4984-94b6-00e66ba2f325@group-B593A6F24AF7-LeaderElection63] INFO  server.RaftServerConfigKeys (ConfUtils.java:logGet(43)) - raft.server.watch.timeout.denomination = 1s (default)
2019-10-14 14:51:48,148 [7309ccb4-489b-4984-94b6-00e66ba2f325@group-B593A6F24AF7-LeaderElection63] INFO  server.RaftServerConfigKeys (ConfUtils.java:logGet(43)) - raft.server.watch.element-limit = 65536 (default)
2019-10-14 14:51:48,150 [7309ccb4-489b-4984-94b6-00e66ba2f325@group-B593A6F24AF7-LeaderElection63] INFO  impl.RoleInfo (RoleInfo.java:updateAndGet(143)) - 7309ccb4-489b-4984-94b6-00e66ba2f325: start LeaderState
2019-10-14 14:51:48,151 [7309ccb4-489b-4984-94b6-00e66ba2f325@group-B593A6F24AF7-LeaderElection63] INFO  segmented.SegmentedRaftLogWorker (SegmentedRaftLogWorker.java:startLogSegment(385)) - 7309ccb4-489b-4984-94b6-00e66ba2f325@group-B593A6F24AF7-SegmentedRaftLogWorker: Starting segment from index:0
2019-10-14 14:51:48,151 [7309ccb4-489b-4984-94b6-00e66ba2f325@group-B593A6F24AF7-LeaderElection63] INFO  impl.RaftServerImpl (ServerState.java:setRaftConf(356)) - 7309ccb4-489b-4984-94b6-00e66ba2f325@group-B593A6F24AF7: set configuration 0: [7309ccb4-489b-4984-94b6-00e66ba2f325:192.168.157.234:35645], old=null at 0
2019-10-14 14:51:48,165 [Thread-1496] INFO  impl.FollowerState (FollowerState.java:run(108)) - aa3f4569-ad31-4f4e-86e9-1cdd87d28288@group-1353E48219F2-FollowerState: change to CANDIDATE, lastRpcTime:5025ms, electionTimeout:5025ms
2019-10-14 14:51:48,165 [Thread-1496] INFO  impl.RoleInfo (RoleInfo.java:shutdownFollowerState(121)) - aa3f4569-ad31-4f4e-86e9-1cdd87d28288: shutdown FollowerState
2019-10-14 14:51:48,165 [Thread-1496] INFO  impl.RaftServerImpl (RaftServerImpl.java:setRole(170)) - aa3f4569-ad31-4f4e-86e9-1cdd87d28288@group-1353E48219F2: changes role from  FOLLOWER to CANDIDATE at term 0 for changeToCandidate
2019-10-14 14:51:48,166 [Thread-1496] INFO  impl.RoleInfo (RoleInfo.java:updateAndGet(143)) - aa3f4569-ad31-4f4e-86e9-1cdd87d28288: start LeaderElection
2019-10-14 14:51:48,199 [7309ccb4-489b-4984-94b6-00e66ba2f325@group-B593A6F24AF7-SegmentedRaftLogWorker] INFO  segmented.SegmentedRaftLogWorker (SegmentedRaftLogWorker.java:execute(574)) - 7309ccb4-489b-4984-94b6-00e66ba2f325@group-B593A6F24AF7-SegmentedRaftLogWorker: created new log segment /workdir/hadoop-ozone/integration-test/target/test-dir/MiniOzoneClusterImpl-4b41b7fd-8f2d-4662-9b03-706134207cd2/datanode-6/data/ratis/3f105ba6-825d-421c-851c-b593a6f24af7/current/log_inprogress_0
2019-10-14 14:51:48,199 [aa3f4569-ad31-4f4e-86e9-1cdd87d28288@group-1353E48219F2-LeaderElection64] INFO  impl.LeaderElection (LeaderElection.java:askForVotes(178)) - aa3f4569-ad31-4f4e-86e9-1cdd87d28288@group-1353E48219F2-LeaderElection64: begin an election at term 1 for -1: [7309ccb4-489b-4984-94b6-00e66ba2f325:192.168.157.234:35645, aa3f4569-ad31-4f4e-86e9-1cdd87d28288:192.168.157.234:37888, 0304342d-69a5-4262-8d12-aa01fabc7076:192.168.157.234:44803], old=null
2019-10-14 14:51:48,206 [grpc-default-executor-4] INFO  impl.RaftServerImpl (RaftServerImpl.java:setRole(170)) - 0304342d-69a5-4262-8d12-aa01fabc7076@group-1353E48219F2: changes role from  FOLLOWER to FOLLOWER at term 1 for recognizeCandidate:aa3f4569-ad31-4f4e-86e9-1cdd87d28288
2019-10-14 14:51:48,209 [grpc-default-executor-7] INFO  impl.RaftServerImpl (RaftServerImpl.java:setRole(170)) - 7309ccb4-489b-4984-94b6-00e66ba2f325@group-1353E48219F2: changes role from  FOLLOWER to FOLLOWER at term 1 for recognizeCandidate:aa3f4569-ad31-4f4e-86e9-1cdd87d28288
2019-10-14 14:51:48,209 [grpc-default-executor-4] INFO  impl.RoleInfo (RoleInfo.java:shutdownFollowerState(121)) - 0304342d-69a5-4262-8d12-aa01fabc7076: shutdown FollowerState
2019-10-14 14:51:48,209 [grpc-default-executor-7] INFO  impl.RoleInfo (RoleInfo.java:shutdownFollowerState(121)) - 7309ccb4-489b-4984-94b6-00e66ba2f325: shutdown FollowerState
2019-10-14 14:51:48,209 [grpc-default-executor-4] INFO  impl.RoleInfo (RoleInfo.java:updateAndGet(143)) - 0304342d-69a5-4262-8d12-aa01fabc7076: start FollowerState
2019-10-14 14:51:48,209 [Thread-1495] INFO  impl.FollowerState (FollowerState.java:run(117)) - 7309ccb4-489b-4984-94b6-00e66ba2f325@group-1353E48219F2-FollowerState was interrupted: java.lang.InterruptedException: sleep interrupted
2019-10-14 14:51:48,209 [grpc-default-executor-7] INFO  impl.RoleInfo (RoleInfo.java:updateAndGet(143)) - 7309ccb4-489b-4984-94b6-00e66ba2f325: start FollowerState
2019-10-14 14:51:48,209 [Thread-1497] INFO  impl.FollowerState (FollowerState.java:run(117)) - 0304342d-69a5-4262-8d12-aa01fabc7076@group-1353E48219F2-FollowerState was interrupted: java.lang.InterruptedException: sleep interrupted
2019-10-14 14:51:48,225 [Thread-1487] INFO  impl.FollowerState (FollowerState.java:run(108)) - aa3f4569-ad31-4f4e-86e9-1cdd87d28288@group-AB1230D1679C-FollowerState: change to CANDIDATE, lastRpcTime:5175ms, electionTimeout:5175ms
2019-10-14 14:51:48,226 [Thread-1487] INFO  impl.RoleInfo (RoleInfo.java:shutdownFollowerState(121)) - aa3f4569-ad31-4f4e-86e9-1cdd87d28288: shutdown FollowerState
2019-10-14 14:51:48,226 [Thread-1487] INFO  impl.RaftServerImpl (RaftServerImpl.java:setRole(170)) - aa3f4569-ad31-4f4e-86e9-1cdd87d28288@group-AB1230D1679C: changes role from  FOLLOWER to CANDIDATE at term 0 for changeToCandidate
2019-10-14 14:51:48,226 [Thread-1487] INFO  impl.RoleInfo (RoleInfo.java:updateAndGet(143)) - aa3f4569-ad31-4f4e-86e9-1cdd87d28288: start LeaderElection
2019-10-14 14:51:48,237 [aa3f4569-ad31-4f4e-86e9-1cdd87d28288@group-1353E48219F2-LeaderElection64] INFO  impl.LeaderElection (LeaderElection.java:logAndReturn(56)) - aa3f4569-ad31-4f4e-86e9-1cdd87d28288@group-1353E48219F2-LeaderElection64: Election PASSED; received 1 response(s) [aa3f4569-ad31-4f4e-86e9-1cdd87d28288<-0304342d-69a5-4262-8d12-aa01fabc7076#0:OK-t1] and 0 exception(s); aa3f4569-ad31-4f4e-86e9-1cdd87d28288@group-1353E48219F2:t1, leader=null, voted=aa3f4569-ad31-4f4e-86e9-1cdd87d28288, raftlog=aa3f4569-ad31-4f4e-86e9-1cdd87d28288@group-1353E48219F2-SegmentedRaftLog:OPENED:c-1,f-1,i0, conf=-1: [7309ccb4-489b-4984-94b6-00e66ba2f325:192.168.157.234:35645, aa3f4569-ad31-4f4e-86e9-1cdd87d28288:192.168.157.234:37888, 0304342d-69a5-4262-8d12-aa01fabc7076:192.168.157.234:44803], old=null
2019-10-14 14:51:48,238 [aa3f4569-ad31-4f4e-86e9-1cdd87d28288@group-1353E48219F2-LeaderElection64] INFO  impl.RoleInfo (RoleInfo.java:shutdownLeaderElection(134)) - aa3f4569-ad31-4f4e-86e9-1cdd87d28288: shutdown LeaderElection
2019-10-14 14:51:48,238 [aa3f4569-ad31-4f4e-86e9-1cdd87d28288@group-1353E48219F2-LeaderElection64] INFO  impl.RaftServerImpl (RaftServerImpl.java:setRole(170)) - aa3f4569-ad31-4f4e-86e9-1cdd87d28288@group-1353E48219F2: changes role from CANDIDATE to LEADER at term 1 for changeToLeader
2019-10-14 14:51:48,238 [aa3f4569-ad31-4f4e-86e9-1cdd87d28288@group-1353E48219F2-LeaderElection64] INFO  impl.RaftServerImpl (ServerState.java:setLeader(255)) - aa3f4569-ad31-4f4e-86e9-1cdd87d28288@group-1353E48219F2: change Leader from null to aa3f4569-ad31-4f4e-86e9-1cdd87d28288 at term 1 for becomeLeader, leader elected after 5110ms
2019-10-14 14:51:48,238 [aa3f4569-ad31-4f4e-86e9-1cdd87d28288@group-1353E48219F2-LeaderElection64] INFO  server.RaftServerConfigKeys (ConfUtils.java:logGet(43)) - raft.server.staging.catchup.gap = 1000 (default)
2019-10-14 14:51:48,238 [aa3f4569-ad31-4f4e-86e9-1cdd87d28288@group-1353E48219F2-LeaderElection64] INFO  server.RaftServerConfigKeys (ConfUtils.java:logGet(43)) - raft.server.rpc.sleep.time = 25ms (default)
2019-10-14 14:51:48,239 [aa3f4569-ad31-4f4e-86e9-1cdd87d28288@group-1353E48219F2-LeaderElection64] INFO  server.RaftServerConfigKeys (ConfUtils.java:logGet(43)) - raft.server.write.element-limit = 4096 (default)
2019-10-14 14:51:48,239 [aa3f4569-ad31-4f4e-86e9-1cdd87d28288@group-1353E48219F2-LeaderElection64] INFO  server.RaftServerConfigKeys (ConfUtils.java:logGet(43)) - raft.server.watch.timeout = 10s (default)
2019-10-14 14:51:48,239 [aa3f4569-ad31-4f4e-86e9-1cdd87d28288@group-1353E48219F2-LeaderElection64] INFO  server.RaftServerConfigKeys (ConfUtils.java:logGet(43)) - raft.server.watch.timeout.denomination = 1s (default)
2019-10-14 14:51:48,239 [aa3f4569-ad31-4f4e-86e9-1cdd87d28288@group-1353E48219F2-LeaderElection64] INFO  server.RaftServerConfigKeys (ConfUtils.java:logGet(43)) - raft.server.watch.element-limit = 65536 (default)
2019-10-14 14:51:48,250 [aa3f4569-ad31-4f4e-86e9-1cdd87d28288@group-AB1230D1679C-LeaderElection65] INFO  impl.LeaderElection (LeaderElection.java:askForVotes(178)) - aa3f4569-ad31-4f4e-86e9-1cdd87d28288@group-AB1230D1679C-LeaderElection65: begin an election at term 1 for -1: [aa3f4569-ad31-4f4e-86e9-1cdd87d28288:192.168.157.234:37888], old=null
2019-10-14 14:51:48,250 [aa3f4569-ad31-4f4e-86e9-1cdd87d28288@group-AB1230D1679C-LeaderElection65] INFO  impl.RoleInfo (RoleInfo.java:shutdownLeaderElection(134)) - aa3f4569-ad31-4f4e-86e9-1cdd87d28288: shutdown LeaderElection
2019-10-14 14:51:48,250 [aa3f4569-ad31-4f4e-86e9-1cdd87d28288@group-1353E48219F2-LeaderElection64] INFO  server.RaftServerConfigKeys (ConfUtils.java:logGet(43)) - raft.server.log.appender.snapshot.chunk.size.max = 16MB (=16777216) (default)
2019-10-14 14:51:48,250 [aa3f4569-ad31-4f4e-86e9-1cdd87d28288@group-AB1230D1679C-LeaderElection65] INFO  impl.RaftServerImpl (RaftServerImpl.java:setRole(170)) - aa3f4569-ad31-4f4e-86e9-1cdd87d28288@group-AB1230D1679C: changes role from CANDIDATE to LEADER at term 1 for changeToLeader
2019-10-14 14:51:48,250 [aa3f4569-ad31-4f4e-86e9-1cdd87d28288@group-1353E48219F2-LeaderElection64] INFO  server.RaftServerConfigKeys (ConfUtils.java:logGet(43)) - raft.server.log.appender.buffer.byte-limit = 33554432 (custom)
2019-10-14 14:51:48,250 [aa3f4569-ad31-4f4e-86e9-1cdd87d28288@group-AB1230D1679C-LeaderElection65] INFO  impl.RaftServerImpl (ServerState.java:setLeader(255)) - aa3f4569-ad31-4f4e-86e9-1cdd87d28288@group-AB1230D1679C: change Leader from null to aa3f4569-ad31-4f4e-86e9-1cdd87d28288 at term 1 for becomeLeader, leader elected after 5210ms
2019-10-14 14:51:48,251 [aa3f4569-ad31-4f4e-86e9-1cdd87d28288@group-1353E48219F2-LeaderElection64] INFO  server.RaftServerConfigKeys (ConfUtils.java:logGet(43)) - raft.server.log.appender.buffer.element-limit = 1 (custom)
2019-10-14 14:51:48,251 [aa3f4569-ad31-4f4e-86e9-1cdd87d28288@group-AB1230D1679C-LeaderElection65] INFO  server.RaftServerConfigKeys (ConfUtils.java:logGet(43)) - raft.server.staging.catchup.gap = 1000 (default)
2019-10-14 14:51:48,251 [aa3f4569-ad31-4f4e-86e9-1cdd87d28288@group-1353E48219F2-LeaderElection64] INFO  grpc.GrpcConfigKeys$Server (ConfUtils.java:logGet(43)) - raft.grpc.server.leader.outstanding.appends.max = 128 (default)
2019-10-14 14:51:48,251 [aa3f4569-ad31-4f4e-86e9-1cdd87d28288@group-AB1230D1679C-LeaderElection65] INFO  server.RaftServerConfigKeys (ConfUtils.java:logGet(43)) - raft.server.rpc.sleep.time = 25ms (default)
2019-10-14 14:51:48,251 [aa3f4569-ad31-4f4e-86e9-1cdd87d28288@group-1353E48219F2-LeaderElection64] INFO  server.RaftServerConfigKeys (ConfUtils.java:logGet(43)) - raft.server.rpc.request.timeout = 3000ms (default)
2019-10-14 14:51:48,251 [aa3f4569-ad31-4f4e-86e9-1cdd87d28288@group-AB1230D1679C-LeaderElection65] INFO  server.RaftServerConfigKeys (ConfUtils.java:logGet(43)) - raft.server.write.element-limit = 4096 (default)
2019-10-14 14:51:48,251 [aa3f4569-ad31-4f4e-86e9-1cdd87d28288@group-1353E48219F2-LeaderElection64] INFO  server.RaftServerConfigKeys (ConfUtils.java:logGet(43)) - raft.server.log.appender.install.snapshot.enabled = false (custom)
2019-10-14 14:51:48,252 [aa3f4569-ad31-4f4e-86e9-1cdd87d28288@group-AB1230D1679C-LeaderElection65] INFO  server.RaftServerConfigKeys (ConfUtils.java:logGet(43)) - raft.server.watch.timeout = 10s (default)
2019-10-14 14:51:48,252 [aa3f4569-ad31-4f4e-86e9-1cdd87d28288@group-1353E48219F2-LeaderElection64] INFO  server.RaftServerConfigKeys (ConfUtils.java:logGet(43)) - raft.server.log.appender.snapshot.chunk.size.max = 16MB (=16777216) (default)
2019-10-14 14:51:48,252 [aa3f4569-ad31-4f4e-86e9-1cdd87d28288@group-AB1230D1679C-LeaderElection65] INFO  server.RaftServerConfigKeys (ConfUtils.java:logGet(43)) - raft.server.watch.timeout.denomination = 1s (default)
2019-10-14 14:51:48,252 [aa3f4569-ad31-4f4e-86e9-1cdd87d28288@group-1353E48219F2-LeaderElection64] INFO  server.RaftServerConfigKeys (ConfUtils.java:logGet(43)) - raft.server.log.appender.buffer.byte-limit = 33554432 (custom)
2019-10-14 14:51:48,252 [aa3f4569-ad31-4f4e-86e9-1cdd87d28288@group-AB1230D1679C-LeaderElection65] INFO  server.RaftServerConfigKeys (ConfUtils.java:logGet(43)) - raft.server.watch.element-limit = 65536 (default)
2019-10-14 14:51:48,252 [aa3f4569-ad31-4f4e-86e9-1cdd87d28288@group-1353E48219F2-LeaderElection64] INFO  server.RaftServerConfigKeys (ConfUtils.java:logGet(43)) - raft.server.log.appender.buffer.element-limit = 1 (custom)
2019-10-14 14:51:48,253 [aa3f4569-ad31-4f4e-86e9-1cdd87d28288@group-1353E48219F2-LeaderElection64] INFO  grpc.GrpcConfigKeys$Server (ConfUtils.java:logGet(43)) - raft.grpc.server.leader.outstanding.appends.max = 128 (default)
2019-10-14 14:51:48,253 [aa3f4569-ad31-4f4e-86e9-1cdd87d28288@group-1353E48219F2-LeaderElection64] INFO  server.RaftServerConfigKeys (ConfUtils.java:logGet(43)) - raft.server.rpc.request.timeout = 3000ms (default)
2019-10-14 14:51:48,253 [aa3f4569-ad31-4f4e-86e9-1cdd87d28288@group-1353E48219F2-LeaderElection64] INFO  server.RaftServerConfigKeys (ConfUtils.java:logGet(43)) - raft.server.log.appender.install.snapshot.enabled = false (custom)
2019-10-14 14:51:48,254 [aa3f4569-ad31-4f4e-86e9-1cdd87d28288@group-1353E48219F2-LeaderElection64] INFO  impl.RoleInfo (RoleInfo.java:updateAndGet(143)) - aa3f4569-ad31-4f4e-86e9-1cdd87d28288: start LeaderState
2019-10-14 14:51:48,254 [aa3f4569-ad31-4f4e-86e9-1cdd87d28288@group-1353E48219F2-LeaderElection64] INFO  segmented.SegmentedRaftLogWorker (SegmentedRaftLogWorker.java:startLogSegment(385)) - aa3f4569-ad31-4f4e-86e9-1cdd87d28288@group-1353E48219F2-SegmentedRaftLogWorker: Starting segment from index:0
2019-10-14 14:51:48,254 [aa3f4569-ad31-4f4e-86e9-1cdd87d28288@group-AB1230D1679C-LeaderElection65] INFO  impl.RoleInfo (RoleInfo.java:updateAndGet(143)) - aa3f4569-ad31-4f4e-86e9-1cdd87d28288: start LeaderState
2019-10-14 14:51:48,255 [aa3f4569-ad31-4f4e-86e9-1cdd87d28288@group-AB1230D1679C-LeaderElection65] INFO  segmented.SegmentedRaftLogWorker (SegmentedRaftLogWorker.java:startLogSegment(385)) - aa3f4569-ad31-4f4e-86e9-1cdd87d28288@group-AB1230D1679C-SegmentedRaftLogWorker: Starting segment from index:0
2019-10-14 14:51:48,255 [aa3f4569-ad31-4f4e-86e9-1cdd87d28288@group-1353E48219F2-LeaderElection64] INFO  impl.RaftServerImpl (ServerState.java:setRaftConf(356)) - aa3f4569-ad31-4f4e-86e9-1cdd87d28288@group-1353E48219F2: set configuration 0: [7309ccb4-489b-4984-94b6-00e66ba2f325:192.168.157.234:35645, aa3f4569-ad31-4f4e-86e9-1cdd87d28288:192.168.157.234:37888, 0304342d-69a5-4262-8d12-aa01fabc7076:192.168.157.234:44803], old=null at 0
2019-10-14 14:51:48,255 [aa3f4569-ad31-4f4e-86e9-1cdd87d28288@group-AB1230D1679C-LeaderElection65] INFO  impl.RaftServerImpl (ServerState.java:setRaftConf(356)) - aa3f4569-ad31-4f4e-86e9-1cdd87d28288@group-AB1230D1679C: set configuration 0: [aa3f4569-ad31-4f4e-86e9-1cdd87d28288:192.168.157.234:37888], old=null at 0
2019-10-14 14:51:48,292 [grpc-default-executor-4] INFO  impl.RaftServerImpl (ServerState.java:setLeader(255)) - 7309ccb4-489b-4984-94b6-00e66ba2f325@group-1353E48219F2: change Leader from null to aa3f4569-ad31-4f4e-86e9-1cdd87d28288 at term 1 for appendEntries, leader elected after 5164ms
2019-10-14 14:51:48,294 [grpc-default-executor-4] INFO  impl.RaftServerImpl (ServerState.java:setLeader(255)) - 0304342d-69a5-4262-8d12-aa01fabc7076@group-1353E48219F2: change Leader from null to aa3f4569-ad31-4f4e-86e9-1cdd87d28288 at term 1 for appendEntries, leader elected after 5166ms
2019-10-14 14:51:48,300 [grpc-default-executor-4] INFO  impl.RaftServerImpl (ServerState.java:setRaftConf(356)) - 0304342d-69a5-4262-8d12-aa01fabc7076@group-1353E48219F2: set configuration 0: [7309ccb4-489b-4984-94b6-00e66ba2f325:192.168.157.234:35645, aa3f4569-ad31-4f4e-86e9-1cdd87d28288:192.168.157.234:37888, 0304342d-69a5-4262-8d12-aa01fabc7076:192.168.157.234:44803], old=null at 0
2019-10-14 14:51:48,301 [grpc-default-executor-7] INFO  impl.RaftServerImpl (ServerState.java:setRaftConf(356)) - 7309ccb4-489b-4984-94b6-00e66ba2f325@group-1353E48219F2: set configuration 0: [7309ccb4-489b-4984-94b6-00e66ba2f325:192.168.157.234:35645, aa3f4569-ad31-4f4e-86e9-1cdd87d28288:192.168.157.234:37888, 0304342d-69a5-4262-8d12-aa01fabc7076:192.168.157.234:44803], old=null at 0
2019-10-14 14:51:48,301 [grpc-default-executor-4] INFO  segmented.SegmentedRaftLogWorker (SegmentedRaftLogWorker.java:startLogSegment(385)) - 0304342d-69a5-4262-8d12-aa01fabc7076@group-1353E48219F2-SegmentedRaftLogWorker: Starting segment from index:0
2019-10-14 14:51:48,301 [grpc-default-executor-7] INFO  segmented.SegmentedRaftLogWorker (SegmentedRaftLogWorker.java:startLogSegment(385)) - 7309ccb4-489b-4984-94b6-00e66ba2f325@group-1353E48219F2-SegmentedRaftLogWorker: Starting segment from index:0
2019-10-14 14:51:48,305 [aa3f4569-ad31-4f4e-86e9-1cdd87d28288@group-AB1230D1679C-SegmentedRaftLogWorker] INFO  segmented.SegmentedRaftLogWorker (SegmentedRaftLogWorker.java:execute(574)) - aa3f4569-ad31-4f4e-86e9-1cdd87d28288@group-AB1230D1679C-SegmentedRaftLogWorker: created new log segment /workdir/hadoop-ozone/integration-test/target/test-dir/MiniOzoneClusterImpl-4b41b7fd-8f2d-4662-9b03-706134207cd2/datanode-5/data/ratis/ec6616a3-a383-4214-a7a5-ab1230d1679c/current/log_inprogress_0
2019-10-14 14:51:48,305 [aa3f4569-ad31-4f4e-86e9-1cdd87d28288@group-1353E48219F2-SegmentedRaftLogWorker] INFO  segmented.SegmentedRaftLogWorker (SegmentedRaftLogWorker.java:execute(574)) - aa3f4569-ad31-4f4e-86e9-1cdd87d28288@group-1353E48219F2-SegmentedRaftLogWorker: created new log segment /workdir/hadoop-ozone/integration-test/target/test-dir/MiniOzoneClusterImpl-4b41b7fd-8f2d-4662-9b03-706134207cd2/datanode-5/data/ratis/f5efe16e-30f6-466a-866a-1353e48219f2/current/log_inprogress_0
2019-10-14 14:51:48,345 [7309ccb4-489b-4984-94b6-00e66ba2f325@group-1353E48219F2-SegmentedRaftLogWorker] INFO  segmented.SegmentedRaftLogWorker (SegmentedRaftLogWorker.java:execute(574)) - 7309ccb4-489b-4984-94b6-00e66ba2f325@group-1353E48219F2-SegmentedRaftLogWorker: created new log segment /workdir/hadoop-ozone/integration-test/target/test-dir/MiniOzoneClusterImpl-4b41b7fd-8f2d-4662-9b03-706134207cd2/datanode-6/data/ratis/f5efe16e-30f6-466a-866a-1353e48219f2/current/log_inprogress_0
2019-10-14 14:51:48,345 [0304342d-69a5-4262-8d12-aa01fabc7076@group-1353E48219F2-SegmentedRaftLogWorker] INFO  segmented.SegmentedRaftLogWorker (SegmentedRaftLogWorker.java:execute(574)) - 0304342d-69a5-4262-8d12-aa01fabc7076@group-1353E48219F2-SegmentedRaftLogWorker: created new log segment /workdir/hadoop-ozone/integration-test/target/test-dir/MiniOzoneClusterImpl-4b41b7fd-8f2d-4662-9b03-706134207cd2/datanode-4/data/ratis/f5efe16e-30f6-466a-866a-1353e48219f2/current/log_inprogress_0
2019-10-14 14:51:48,386 [Datanode State Machine Thread - 0] INFO  statemachine.DatanodeStateMachine (DatanodeStateMachine.java:lambda$startDaemon$0(350)) - Ozone container server started.
2019-10-14 14:51:53,364 [main] INFO  ozoneimpl.OzoneContainer (OzoneContainer.java:stop(227)) - Attempting to stop container services.
2019-10-14 14:51:53,365 [main] INFO  impl.RaftServerProxy (RaftServerProxy.java:lambda$close$4(314)) - 25f80a8f-1a6f-414e-a49c-3d3c61aacfaa: close
2019-10-14 14:51:53,365 [main] INFO  impl.RaftServerImpl (RaftServerImpl.java:lambda$shutdown$3(247)) - 25f80a8f-1a6f-414e-a49c-3d3c61aacfaa@group-92C006E5E6CB: shutdown
2019-10-14 14:51:53,366 [main] INFO  util.JmxRegister (JmxRegister.java:unregister(73)) - Successfully un-registered JMX Bean with object name Ratis:service=RaftServer,group=group-92C006E5E6CB,id=25f80a8f-1a6f-414e-a49c-3d3c61aacfaa
2019-10-14 14:51:53,366 [main] INFO  impl.RoleInfo (RoleInfo.java:shutdownLeaderState(104)) - 25f80a8f-1a6f-414e-a49c-3d3c61aacfaa: shutdown LeaderState
2019-10-14 14:51:53,367 [main] INFO  impl.PendingRequests (PendingRequests.java:sendNotLeaderResponses(202)) - 25f80a8f-1a6f-414e-a49c-3d3c61aacfaa@group-92C006E5E6CB-PendingRequests: sendNotLeaderResponses
2019-10-14 14:51:53,367 [main] INFO  impl.StateMachineUpdater (StateMachineUpdater.java:stopAndJoin(136)) - 25f80a8f-1a6f-414e-a49c-3d3c61aacfaa@group-92C006E5E6CB-StateMachineUpdater: set stopIndex = 0
2019-10-14 14:51:53,368 [main] INFO  impl.RaftServerImpl (ServerState.java:close(387)) - 25f80a8f-1a6f-414e-a49c-3d3c61aacfaa@group-92C006E5E6CB: closes. applyIndex: 0
2019-10-14 14:51:53,368 [25f80a8f-1a6f-414e-a49c-3d3c61aacfaa@group-92C006E5E6CB-SegmentedRaftLogWorker] INFO  segmented.SegmentedRaftLogWorker (SegmentedRaftLogWorker.java:run(316)) - 25f80a8f-1a6f-414e-a49c-3d3c61aacfaa@group-92C006E5E6CB-SegmentedRaftLogWorker was interrupted, exiting. There are 0 tasks remaining in the queue.
2019-10-14 14:51:53,372 [main] INFO  segmented.SegmentedRaftLogWorker (SegmentedRaftLogWorker.java:close(224)) - 25f80a8f-1a6f-414e-a49c-3d3c61aacfaa@group-92C006E5E6CB-SegmentedRaftLogWorker close()
2019-10-14 14:51:53,378 [main] INFO  impl.RaftServerImpl (RaftServerImpl.java:lambda$shutdown$3(247)) - 25f80a8f-1a6f-414e-a49c-3d3c61aacfaa@group-D21656EABB7E: shutdown
2019-10-14 14:51:53,378 [main] INFO  util.JmxRegister (JmxRegister.java:unregister(73)) - Successfully un-registered JMX Bean with object name Ratis:service=RaftServer,group=group-D21656EABB7E,id=25f80a8f-1a6f-414e-a49c-3d3c61aacfaa
2019-10-14 14:51:53,378 [main] INFO  impl.RoleInfo (RoleInfo.java:shutdownFollowerState(121)) - 25f80a8f-1a6f-414e-a49c-3d3c61aacfaa: shutdown FollowerState
2019-10-14 14:51:53,378 [main] INFO  impl.StateMachineUpdater (StateMachineUpdater.java:stopAndJoin(136)) - 25f80a8f-1a6f-414e-a49c-3d3c61aacfaa@group-D21656EABB7E-StateMachineUpdater: set stopIndex = 2
2019-10-14 14:51:53,379 [25f80a8f-1a6f-414e-a49c-3d3c61aacfaa@group-D21656EABB7E-StateMachineUpdater] INFO  ratis.ContainerStateMachine (ContainerStateMachine.java:takeSnapshot(294)) - group-D21656EABB7E: Taking a snapshot at:(t:1, i:1) file /workdir/hadoop-ozone/integration-test/target/test-dir/MiniOzoneClusterImpl-4b41b7fd-8f2d-4662-9b03-706134207cd2/datanode-1/data/ratis/2225e6a0-3609-4d1c-94a0-d21656eabb7e/sm/snapshot.1_1
2019-10-14 14:51:53,379 [Thread-1522] INFO  impl.FollowerState (FollowerState.java:run(117)) - 25f80a8f-1a6f-414e-a49c-3d3c61aacfaa@group-D21656EABB7E-FollowerState was interrupted: java.lang.InterruptedException: sleep interrupted
2019-10-14 14:51:53,393 [25f80a8f-1a6f-414e-a49c-3d3c61aacfaa@group-D21656EABB7E-StateMachineUpdater] INFO  ratis.ContainerStateMachine (ContainerStateMachine.java:takeSnapshot(305)) - group-D21656EABB7E: Finished taking a snapshot at:(t:1, i:1) file:/workdir/hadoop-ozone/integration-test/target/test-dir/MiniOzoneClusterImpl-4b41b7fd-8f2d-4662-9b03-706134207cd2/datanode-1/data/ratis/2225e6a0-3609-4d1c-94a0-d21656eabb7e/sm/snapshot.1_1 time:15
2019-10-14 14:51:53,394 [25f80a8f-1a6f-414e-a49c-3d3c61aacfaa@group-D21656EABB7E-StateMachineUpdater] INFO  impl.StateMachineUpdater (StateMachineUpdater.java:takeSnapshot(269)) - 25f80a8f-1a6f-414e-a49c-3d3c61aacfaa@group-D21656EABB7E-StateMachineUpdater: Took a snapshot at index 1
2019-10-14 14:51:53,394 [25f80a8f-1a6f-414e-a49c-3d3c61aacfaa@group-D21656EABB7E-StateMachineUpdater] INFO  impl.StateMachineUpdater (StateMachineUpdater.java:lambda$new$0(84)) - 25f80a8f-1a6f-414e-a49c-3d3c61aacfaa@group-D21656EABB7E-StateMachineUpdater: snapshotIndex: updateIncreasingly -1 -> 1
2019-10-14 14:51:53,394 [25f80a8f-1a6f-414e-a49c-3d3c61aacfaa@group-D21656EABB7E-StateMachineUpdater] INFO  ratis.ContainerStateMachine (ContainerStateMachine.java:takeSnapshot(294)) - group-D21656EABB7E: Taking a snapshot at:(t:1, i:1) file /workdir/hadoop-ozone/integration-test/target/test-dir/MiniOzoneClusterImpl-4b41b7fd-8f2d-4662-9b03-706134207cd2/datanode-1/data/ratis/2225e6a0-3609-4d1c-94a0-d21656eabb7e/sm/snapshot.1_1
2019-10-14 14:51:53,406 [25f80a8f-1a6f-414e-a49c-3d3c61aacfaa@group-D21656EABB7E-StateMachineUpdater] INFO  ratis.ContainerStateMachine (ContainerStateMachine.java:takeSnapshot(305)) - group-D21656EABB7E: Finished taking a snapshot at:(t:1, i:1) file:/workdir/hadoop-ozone/integration-test/target/test-dir/MiniOzoneClusterImpl-4b41b7fd-8f2d-4662-9b03-706134207cd2/datanode-1/data/ratis/2225e6a0-3609-4d1c-94a0-d21656eabb7e/sm/snapshot.1_1 time:12
2019-10-14 14:51:53,406 [25f80a8f-1a6f-414e-a49c-3d3c61aacfaa@group-D21656EABB7E-StateMachineUpdater] INFO  impl.StateMachineUpdater (StateMachineUpdater.java:takeSnapshot(269)) - 25f80a8f-1a6f-414e-a49c-3d3c61aacfaa@group-D21656EABB7E-StateMachineUpdater: Took a snapshot at index 1
2019-10-14 14:51:53,406 [25f80a8f-1a6f-414e-a49c-3d3c61aacfaa@group-D21656EABB7E-StateMachineUpdater] INFO  impl.StateMachineUpdater (StateMachineUpdater.java:lambda$new$0(84)) - 25f80a8f-1a6f-414e-a49c-3d3c61aacfaa@group-D21656EABB7E-StateMachineUpdater: snapshotIndex: updateIncreasingly 1 -> 1
2019-10-14 14:51:53,407 [main] INFO  impl.RaftServerImpl (ServerState.java:close(387)) - 25f80a8f-1a6f-414e-a49c-3d3c61aacfaa@group-D21656EABB7E: closes. applyIndex: 2
2019-10-14 14:51:53,407 [25f80a8f-1a6f-414e-a49c-3d3c61aacfaa@group-D21656EABB7E-SegmentedRaftLogWorker] INFO  segmented.SegmentedRaftLogWorker (SegmentedRaftLogWorker.java:run(316)) - 25f80a8f-1a6f-414e-a49c-3d3c61aacfaa@group-D21656EABB7E-SegmentedRaftLogWorker was interrupted, exiting. There are 0 tasks remaining in the queue.
2019-10-14 14:51:53,410 [main] INFO  segmented.SegmentedRaftLogWorker (SegmentedRaftLogWorker.java:close(224)) - 25f80a8f-1a6f-414e-a49c-3d3c61aacfaa@group-D21656EABB7E-SegmentedRaftLogWorker close()
2019-10-14 14:51:53,416 [main] INFO  server.GrpcService (GrpcService.java:closeImpl(164)) - 25f80a8f-1a6f-414e-a49c-3d3c61aacfaa: shutdown server with port 38614 now
2019-10-14 14:51:53,416 [grpc-default-executor-7] WARN  server.GrpcServerProtocolService (LogUtils.java:warn(134)) - 25f80a8f-1a6f-414e-a49c-3d3c61aacfaa: installSnapshot onError, lastRequest: c6492fef-5352-4ee4-a298-3337cbd3b3a1->25f80a8f-1a6f-414e-a49c-3d3c61aacfaa#5-t1, previous=(t:1, i:2), leaderCommit=2, initializing? false, entries: <empty>: org.apache.ratis.thirdparty.io.grpc.StatusRuntimeException: CANCELLED: cancelled before receiving half close
2019-10-14 14:51:53,417 [main] INFO  server.GrpcService (GrpcService.java:closeImpl(172)) - 25f80a8f-1a6f-414e-a49c-3d3c61aacfaa: shutdown server with port 38614 successfully
2019-10-14 14:51:53,417 [grpc-default-executor-0] WARN  server.GrpcLogAppender (LogUtils.java:warn(134)) - c6492fef-5352-4ee4-a298-3337cbd3b3a1@group-D21656EABB7E->25f80a8f-1a6f-414e-a49c-3d3c61aacfaa-AppendLogResponseHandler: Failed appendEntries: org.apache.ratis.thirdparty.io.grpc.StatusRuntimeException: CANCELLED: HTTP/2 error code: CANCEL
Received Rst Stream
2019-10-14 14:51:53,418 [grpc-default-executor-0] INFO  impl.FollowerInfo (FollowerInfo.java:lambda$new$0(51)) - c6492fef-5352-4ee4-a298-3337cbd3b3a1@group-D21656EABB7E->25f80a8f-1a6f-414e-a49c-3d3c61aacfaa: nextIndex: updateUnconditionally 3 -> 2
2019-10-14 14:51:53,419 [refreshUsed-/workdir/hadoop-ozone/integration-test/target/test-dir/MiniOzoneClusterImpl-4b41b7fd-8f2d-4662-9b03-706134207cd2/datanode-1/data/containers] WARN  fs.CachingGetSpaceUsed (CachingGetSpaceUsed.java:run(183)) - Thread Interrupted waiting to refresh disk information: sleep interrupted
2019-10-14 14:51:53,440 [main] INFO  utils.BackgroundService (BackgroundService.java:shutdown(151)) - Shutting down service BlockDeletingService
2019-10-14 14:51:53,447 [main] INFO  statemachine.DatanodeStateMachine (DatanodeStateMachine.java:stopDaemon(395)) - Ozone container server stopped.
2019-10-14 14:51:53,449 [main] INFO  handler.ContextHandler (ContextHandler.java:doStop(910)) - Stopped o.e.j.w.WebAppContext@2a2dc0a{/,null,UNAVAILABLE}{/hddsDatanode}
2019-10-14 14:51:53,450 [main] INFO  server.AbstractConnector (AbstractConnector.java:doStop(318)) - Stopped ServerConnector@3a00b15d{HTTP/1.1,[http/1.1]}{0.0.0.0:0}
2019-10-14 14:51:53,450 [main] INFO  handler.ContextHandler (ContextHandler.java:doStop(910)) - Stopped o.e.j.s.ServletContextHandler@4b862408{/static,jar:file:/home/user/.m2/repository/org/apache/hadoop/hadoop-hdds-container-service/0.5.0-SNAPSHOT/hadoop-hdds-container-service-0.5.0-SNAPSHOT.jar!/webapps/static,UNAVAILABLE}
2019-10-14 14:51:53,451 [main] INFO  handler.ContextHandler (ContextHandler.java:doStop(910)) - Stopped o.e.j.s.ServletContextHandler@4d09cade{/logs,file:///workdir/hadoop-ozone/integration-test/target/log,UNAVAILABLE}
2019-10-14 14:51:54,385 [Datanode State Machine Thread - 0] INFO  statemachine.DatanodeStateMachine (DatanodeStateMachine.java:lambda$startDaemon$0(350)) - Ozone container server started.
2019-10-14 14:51:55,815 [grpc-default-executor-7] WARN  server.GrpcLogAppender (LogUtils.java:warn(134)) - c6492fef-5352-4ee4-a298-3337cbd3b3a1@group-D21656EABB7E->25f80a8f-1a6f-414e-a49c-3d3c61aacfaa-AppendLogResponseHandler: Failed appendEntries: org.apache.ratis.thirdparty.io.grpc.StatusRuntimeException: UNAVAILABLE: io exception
2019-10-14 14:51:55,815 [grpc-default-executor-7] INFO  impl.FollowerInfo (FollowerInfo.java:lambda$new$0(51)) - c6492fef-5352-4ee4-a298-3337cbd3b3a1@group-D21656EABB7E->25f80a8f-1a6f-414e-a49c-3d3c61aacfaa: nextIndex: updateUnconditionally 2 -> 1
2019-10-14 14:51:58,318 [grpc-default-executor-6] WARN  server.GrpcLogAppender (LogUtils.java:warn(134)) - c6492fef-5352-4ee4-a298-3337cbd3b3a1@group-D21656EABB7E->25f80a8f-1a6f-414e-a49c-3d3c61aacfaa-AppendLogResponseHandler: Failed appendEntries: org.apache.ratis.thirdparty.io.grpc.StatusRuntimeException: UNAVAILABLE: io exception
2019-10-14 14:51:58,320 [grpc-default-executor-6] INFO  impl.FollowerInfo (FollowerInfo.java:lambda$new$0(51)) - c6492fef-5352-4ee4-a298-3337cbd3b3a1@group-D21656EABB7E->25f80a8f-1a6f-414e-a49c-3d3c61aacfaa: nextIndex: updateUnconditionally 1 -> 0
2019-10-14 14:51:58,453 [main] INFO  ozoneimpl.OzoneContainer (OzoneContainer.java:stop(227)) - Attempting to stop container services.
2019-10-14 14:51:58,454 [main] INFO  impl.RaftServerProxy (RaftServerProxy.java:lambda$close$4(314)) - 197a08cb-7e32-46b6-9731-300bf29c37bf: close
2019-10-14 14:51:58,454 [main] INFO  impl.RaftServerImpl (RaftServerImpl.java:lambda$shutdown$3(247)) - 197a08cb-7e32-46b6-9731-300bf29c37bf@group-D21656EABB7E: shutdown
2019-10-14 14:51:58,455 [main] INFO  util.JmxRegister (JmxRegister.java:unregister(73)) - Successfully un-registered JMX Bean with object name Ratis:service=RaftServer,group=group-D21656EABB7E,id=197a08cb-7e32-46b6-9731-300bf29c37bf
2019-10-14 14:51:58,455 [ForkJoinPool.commonPool-worker-1] INFO  impl.RaftServerImpl (RaftServerImpl.java:lambda$shutdown$3(247)) - 197a08cb-7e32-46b6-9731-300bf29c37bf@group-5D52F8F7D5C1: shutdown
2019-10-14 14:51:58,455 [main] INFO  impl.RoleInfo (RoleInfo.java:shutdownFollowerState(121)) - 197a08cb-7e32-46b6-9731-300bf29c37bf: shutdown FollowerState
2019-10-14 14:51:58,455 [ForkJoinPool.commonPool-worker-1] INFO  util.JmxRegister (JmxRegister.java:unregister(73)) - Successfully un-registered JMX Bean with object name Ratis:service=RaftServer,group=group-5D52F8F7D5C1,id=197a08cb-7e32-46b6-9731-300bf29c37bf
2019-10-14 14:51:58,455 [Thread-1523] INFO  impl.FollowerState (FollowerState.java:run(117)) - 197a08cb-7e32-46b6-9731-300bf29c37bf@group-D21656EABB7E-FollowerState was interrupted: java.lang.InterruptedException: sleep interrupted
2019-10-14 14:51:58,455 [main] INFO  impl.StateMachineUpdater (StateMachineUpdater.java:stopAndJoin(136)) - 197a08cb-7e32-46b6-9731-300bf29c37bf@group-D21656EABB7E-StateMachineUpdater: set stopIndex = 2
2019-10-14 14:51:58,456 [197a08cb-7e32-46b6-9731-300bf29c37bf@group-D21656EABB7E-StateMachineUpdater] INFO  ratis.ContainerStateMachine (ContainerStateMachine.java:takeSnapshot(294)) - group-D21656EABB7E: Taking a snapshot at:(t:1, i:1) file /workdir/hadoop-ozone/integration-test/target/test-dir/MiniOzoneClusterImpl-4b41b7fd-8f2d-4662-9b03-706134207cd2/datanode-0/data/ratis/2225e6a0-3609-4d1c-94a0-d21656eabb7e/sm/snapshot.1_1
2019-10-14 14:51:58,455 [ForkJoinPool.commonPool-worker-1] INFO  impl.RoleInfo (RoleInfo.java:shutdownLeaderState(104)) - 197a08cb-7e32-46b6-9731-300bf29c37bf: shutdown LeaderState
2019-10-14 14:51:58,459 [ForkJoinPool.commonPool-worker-1] INFO  impl.PendingRequests (PendingRequests.java:sendNotLeaderResponses(202)) - 197a08cb-7e32-46b6-9731-300bf29c37bf@group-5D52F8F7D5C1-PendingRequests: sendNotLeaderResponses
2019-10-14 14:51:58,460 [ForkJoinPool.commonPool-worker-1] INFO  impl.StateMachineUpdater (StateMachineUpdater.java:stopAndJoin(136)) - 197a08cb-7e32-46b6-9731-300bf29c37bf@group-5D52F8F7D5C1-StateMachineUpdater: set stopIndex = 0
2019-10-14 14:51:58,460 [ForkJoinPool.commonPool-worker-1] INFO  impl.RaftServerImpl (ServerState.java:close(387)) - 197a08cb-7e32-46b6-9731-300bf29c37bf@group-5D52F8F7D5C1: closes. applyIndex: 0
2019-10-14 14:51:58,461 [197a08cb-7e32-46b6-9731-300bf29c37bf@group-5D52F8F7D5C1-SegmentedRaftLogWorker] INFO  segmented.SegmentedRaftLogWorker (SegmentedRaftLogWorker.java:run(316)) - 197a08cb-7e32-46b6-9731-300bf29c37bf@group-5D52F8F7D5C1-SegmentedRaftLogWorker was interrupted, exiting. There are 0 tasks remaining in the queue.
2019-10-14 14:51:58,467 [ForkJoinPool.commonPool-worker-1] INFO  segmented.SegmentedRaftLogWorker (SegmentedRaftLogWorker.java:close(224)) - 197a08cb-7e32-46b6-9731-300bf29c37bf@group-5D52F8F7D5C1-SegmentedRaftLogWorker close()
2019-10-14 14:51:58,472 [197a08cb-7e32-46b6-9731-300bf29c37bf@group-D21656EABB7E-StateMachineUpdater] INFO  ratis.ContainerStateMachine (ContainerStateMachine.java:takeSnapshot(305)) - group-D21656EABB7E: Finished taking a snapshot at:(t:1, i:1) file:/workdir/hadoop-ozone/integration-test/target/test-dir/MiniOzoneClusterImpl-4b41b7fd-8f2d-4662-9b03-706134207cd2/datanode-0/data/ratis/2225e6a0-3609-4d1c-94a0-d21656eabb7e/sm/snapshot.1_1 time:17
2019-10-14 14:51:58,473 [197a08cb-7e32-46b6-9731-300bf29c37bf@group-D21656EABB7E-StateMachineUpdater] INFO  impl.StateMachineUpdater (StateMachineUpdater.java:takeSnapshot(269)) - 197a08cb-7e32-46b6-9731-300bf29c37bf@group-D21656EABB7E-StateMachineUpdater: Took a snapshot at index 1
2019-10-14 14:51:58,473 [197a08cb-7e32-46b6-9731-300bf29c37bf@group-D21656EABB7E-StateMachineUpdater] INFO  impl.StateMachineUpdater (StateMachineUpdater.java:lambda$new$0(84)) - 197a08cb-7e32-46b6-9731-300bf29c37bf@group-D21656EABB7E-StateMachineUpdater: snapshotIndex: updateIncreasingly -1 -> 1
2019-10-14 14:51:58,473 [197a08cb-7e32-46b6-9731-300bf29c37bf@group-D21656EABB7E-StateMachineUpdater] INFO  ratis.ContainerStateMachine (ContainerStateMachine.java:takeSnapshot(294)) - group-D21656EABB7E: Taking a snapshot at:(t:1, i:1) file /workdir/hadoop-ozone/integration-test/target/test-dir/MiniOzoneClusterImpl-4b41b7fd-8f2d-4662-9b03-706134207cd2/datanode-0/data/ratis/2225e6a0-3609-4d1c-94a0-d21656eabb7e/sm/snapshot.1_1
2019-10-14 14:51:58,486 [197a08cb-7e32-46b6-9731-300bf29c37bf@group-D21656EABB7E-StateMachineUpdater] INFO  ratis.ContainerStateMachine (ContainerStateMachine.java:takeSnapshot(305)) - group-D21656EABB7E: Finished taking a snapshot at:(t:1, i:1) file:/workdir/hadoop-ozone/integration-test/target/test-dir/MiniOzoneClusterImpl-4b41b7fd-8f2d-4662-9b03-706134207cd2/datanode-0/data/ratis/2225e6a0-3609-4d1c-94a0-d21656eabb7e/sm/snapshot.1_1 time:12
2019-10-14 14:51:58,486 [197a08cb-7e32-46b6-9731-300bf29c37bf@group-D21656EABB7E-StateMachineUpdater] INFO  impl.StateMachineUpdater (StateMachineUpdater.java:takeSnapshot(269)) - 197a08cb-7e32-46b6-9731-300bf29c37bf@group-D21656EABB7E-StateMachineUpdater: Took a snapshot at index 1
2019-10-14 14:51:58,486 [197a08cb-7e32-46b6-9731-300bf29c37bf@group-D21656EABB7E-StateMachineUpdater] INFO  impl.StateMachineUpdater (StateMachineUpdater.java:lambda$new$0(84)) - 197a08cb-7e32-46b6-9731-300bf29c37bf@group-D21656EABB7E-StateMachineUpdater: snapshotIndex: updateIncreasingly 1 -> 1
2019-10-14 14:51:58,486 [main] INFO  impl.RaftServerImpl (ServerState.java:close(387)) - 197a08cb-7e32-46b6-9731-300bf29c37bf@group-D21656EABB7E: closes. applyIndex: 2
2019-10-14 14:51:58,487 [197a08cb-7e32-46b6-9731-300bf29c37bf@group-D21656EABB7E-SegmentedRaftLogWorker] INFO  segmented.SegmentedRaftLogWorker (SegmentedRaftLogWorker.java:run(316)) - 197a08cb-7e32-46b6-9731-300bf29c37bf@group-D21656EABB7E-SegmentedRaftLogWorker was interrupted, exiting. There are 0 tasks remaining in the queue.
2019-10-14 14:51:58,489 [main] INFO  segmented.SegmentedRaftLogWorker (SegmentedRaftLogWorker.java:close(224)) - 197a08cb-7e32-46b6-9731-300bf29c37bf@group-D21656EABB7E-SegmentedRaftLogWorker close()
2019-10-14 14:51:58,494 [main] INFO  server.GrpcService (GrpcService.java:closeImpl(164)) - 197a08cb-7e32-46b6-9731-300bf29c37bf: shutdown server with port 44708 now
2019-10-14 14:51:58,495 [grpc-default-executor-7] WARN  server.GrpcServerProtocolService (LogUtils.java:warn(134)) - 197a08cb-7e32-46b6-9731-300bf29c37bf: installSnapshot onError, lastRequest: c6492fef-5352-4ee4-a298-3337cbd3b3a1->197a08cb-7e32-46b6-9731-300bf29c37bf#7-t1, previous=(t:1, i:2), leaderCommit=2, initializing? false, entries: <empty>: org.apache.ratis.thirdparty.io.grpc.StatusRuntimeException: CANCELLED: cancelled before receiving half close
2019-10-14 14:51:58,495 [main] INFO  server.GrpcService (GrpcService.java:closeImpl(172)) - 197a08cb-7e32-46b6-9731-300bf29c37bf: shutdown server with port 44708 successfully
2019-10-14 14:51:58,495 [grpc-default-executor-0] WARN  server.GrpcLogAppender (LogUtils.java:warn(134)) - c6492fef-5352-4ee4-a298-3337cbd3b3a1@group-D21656EABB7E->197a08cb-7e32-46b6-9731-300bf29c37bf-AppendLogResponseHandler: Failed appendEntries: org.apache.ratis.thirdparty.io.grpc.StatusRuntimeException: CANCELLED: HTTP/2 error code: CANCEL
Received Rst Stream
2019-10-14 14:51:58,496 [grpc-default-executor-0] INFO  impl.FollowerInfo (FollowerInfo.java:lambda$new$0(51)) - c6492fef-5352-4ee4-a298-3337cbd3b3a1@group-D21656EABB7E->197a08cb-7e32-46b6-9731-300bf29c37bf: nextIndex: updateUnconditionally 3 -> 2
2019-10-14 14:51:58,497 [refreshUsed-/workdir/hadoop-ozone/integration-test/target/test-dir/MiniOzoneClusterImpl-4b41b7fd-8f2d-4662-9b03-706134207cd2/datanode-0/data/containers] WARN  fs.CachingGetSpaceUsed (CachingGetSpaceUsed.java:run(183)) - Thread Interrupted waiting to refresh disk information: sleep interrupted
2019-10-14 14:51:58,511 [main] INFO  utils.BackgroundService (BackgroundService.java:shutdown(151)) - Shutting down service BlockDeletingService
2019-10-14 14:51:58,520 [main] INFO  statemachine.DatanodeStateMachine (DatanodeStateMachine.java:stopDaemon(395)) - Ozone container server stopped.
2019-10-14 14:51:58,521 [main] INFO  handler.ContextHandler (ContextHandler.java:doStop(910)) - Stopped o.e.j.w.WebAppContext@36776c32{/,null,UNAVAILABLE}{/hddsDatanode}
2019-10-14 14:51:58,525 [main] INFO  server.AbstractConnector (AbstractConnector.java:doStop(318)) - Stopped ServerConnector@7792d851{HTTP/1.1,[http/1.1]}{0.0.0.0:0}
2019-10-14 14:51:58,525 [main] INFO  handler.ContextHandler (ContextHandler.java:doStop(910)) - Stopped o.e.j.s.ServletContextHandler@746c411c{/static,jar:file:/home/user/.m2/repository/org/apache/hadoop/hadoop-hdds-container-service/0.5.0-SNAPSHOT/hadoop-hdds-container-service-0.5.0-SNAPSHOT.jar!/webapps/static,UNAVAILABLE}
2019-10-14 14:51:58,525 [main] INFO  handler.ContextHandler (ContextHandler.java:doStop(910)) - Stopped o.e.j.s.ServletContextHandler@32d418a9{/logs,file:///workdir/hadoop-ozone/integration-test/target/log,UNAVAILABLE}
2019-10-14 14:52:00,818 [grpc-default-executor-6] WARN  server.GrpcLogAppender (LogUtils.java:warn(134)) - c6492fef-5352-4ee4-a298-3337cbd3b3a1@group-D21656EABB7E->25f80a8f-1a6f-414e-a49c-3d3c61aacfaa-AppendLogResponseHandler: Failed appendEntries: org.apache.ratis.thirdparty.io.grpc.StatusRuntimeException: UNAVAILABLE: io exception
2019-10-14 14:52:00,818 [grpc-default-executor-6] INFO  impl.FollowerInfo (FollowerInfo.java:lambda$new$0(51)) - c6492fef-5352-4ee4-a298-3337cbd3b3a1@group-D21656EABB7E->25f80a8f-1a6f-414e-a49c-3d3c61aacfaa: nextIndex: updateUnconditionally 0 -> 0
2019-10-14 14:52:00,822 [grpc-default-executor-0] WARN  server.GrpcLogAppender (LogUtils.java:warn(134)) - c6492fef-5352-4ee4-a298-3337cbd3b3a1@group-D21656EABB7E->197a08cb-7e32-46b6-9731-300bf29c37bf-AppendLogResponseHandler: Failed appendEntries: org.apache.ratis.thirdparty.io.grpc.StatusRuntimeException: UNAVAILABLE: io exception
2019-10-14 14:52:00,822 [grpc-default-executor-0] INFO  impl.FollowerInfo (FollowerInfo.java:lambda$new$0(51)) - c6492fef-5352-4ee4-a298-3337cbd3b3a1@group-D21656EABB7E->197a08cb-7e32-46b6-9731-300bf29c37bf: nextIndex: updateUnconditionally 2 -> 1
2019-10-14 14:52:03,319 [grpc-default-executor-0] WARN  server.GrpcLogAppender (LogUtils.java:warn(134)) - c6492fef-5352-4ee4-a298-3337cbd3b3a1@group-D21656EABB7E->25f80a8f-1a6f-414e-a49c-3d3c61aacfaa-AppendLogResponseHandler: Failed appendEntries: org.apache.ratis.thirdparty.io.grpc.StatusRuntimeException: UNAVAILABLE: io exception
2019-10-14 14:52:03,319 [grpc-default-executor-0] INFO  impl.FollowerInfo (FollowerInfo.java:lambda$new$0(51)) - c6492fef-5352-4ee4-a298-3337cbd3b3a1@group-D21656EABB7E->25f80a8f-1a6f-414e-a49c-3d3c61aacfaa: nextIndex: updateUnconditionally 0 -> 0
2019-10-14 14:52:03,322 [grpc-default-executor-0] WARN  server.GrpcLogAppender (LogUtils.java:warn(134)) - c6492fef-5352-4ee4-a298-3337cbd3b3a1@group-D21656EABB7E->197a08cb-7e32-46b6-9731-300bf29c37bf-AppendLogResponseHandler: Failed appendEntries: org.apache.ratis.thirdparty.io.grpc.StatusRuntimeException: UNAVAILABLE: io exception
2019-10-14 14:52:03,323 [grpc-default-executor-0] INFO  impl.FollowerInfo (FollowerInfo.java:lambda$new$0(51)) - c6492fef-5352-4ee4-a298-3337cbd3b3a1@group-D21656EABB7E->197a08cb-7e32-46b6-9731-300bf29c37bf: nextIndex: updateUnconditionally 1 -> 0
2019-10-14 14:52:05,821 [grpc-default-executor-0] WARN  server.GrpcLogAppender (LogUtils.java:warn(134)) - c6492fef-5352-4ee4-a298-3337cbd3b3a1@group-D21656EABB7E->25f80a8f-1a6f-414e-a49c-3d3c61aacfaa-AppendLogResponseHandler: Failed appendEntries: org.apache.ratis.thirdparty.io.grpc.StatusRuntimeException: UNAVAILABLE: io exception
2019-10-14 14:52:05,822 [grpc-default-executor-0] INFO  impl.FollowerInfo (FollowerInfo.java:lambda$new$0(51)) - c6492fef-5352-4ee4-a298-3337cbd3b3a1@group-D21656EABB7E->25f80a8f-1a6f-414e-a49c-3d3c61aacfaa: nextIndex: updateUnconditionally 0 -> 0
2019-10-14 14:52:05,824 [grpc-default-executor-7] WARN  server.GrpcLogAppender (LogUtils.java:warn(134)) - c6492fef-5352-4ee4-a298-3337cbd3b3a1@group-D21656EABB7E->197a08cb-7e32-46b6-9731-300bf29c37bf-AppendLogResponseHandler: Failed appendEntries: org.apache.ratis.thirdparty.io.grpc.StatusRuntimeException: UNAVAILABLE: io exception
2019-10-14 14:52:05,824 [grpc-default-executor-7] INFO  impl.FollowerInfo (FollowerInfo.java:lambda$new$0(51)) - c6492fef-5352-4ee4-a298-3337cbd3b3a1@group-D21656EABB7E->197a08cb-7e32-46b6-9731-300bf29c37bf: nextIndex: updateUnconditionally 0 -> 0
2019-10-14 14:52:08,327 [grpc-default-executor-7] WARN  server.GrpcLogAppender (LogUtils.java:warn(134)) - c6492fef-5352-4ee4-a298-3337cbd3b3a1@group-D21656EABB7E->197a08cb-7e32-46b6-9731-300bf29c37bf-AppendLogResponseHandler: Failed appendEntries: org.apache.ratis.thirdparty.io.grpc.StatusRuntimeException: UNAVAILABLE: io exception
2019-10-14 14:52:08,327 [grpc-default-executor-6] WARN  server.GrpcLogAppender (LogUtils.java:warn(134)) - c6492fef-5352-4ee4-a298-3337cbd3b3a1@group-D21656EABB7E->25f80a8f-1a6f-414e-a49c-3d3c61aacfaa-AppendLogResponseHandler: Failed appendEntries: org.apache.ratis.thirdparty.io.grpc.StatusRuntimeException: UNAVAILABLE: io exception
2019-10-14 14:52:08,329 [grpc-default-executor-7] INFO  impl.FollowerInfo (FollowerInfo.java:lambda$new$0(51)) - c6492fef-5352-4ee4-a298-3337cbd3b3a1@group-D21656EABB7E->197a08cb-7e32-46b6-9731-300bf29c37bf: nextIndex: updateUnconditionally 0 -> 0
2019-10-14 14:52:08,329 [grpc-default-executor-6] INFO  impl.FollowerInfo (FollowerInfo.java:lambda$new$0(51)) - c6492fef-5352-4ee4-a298-3337cbd3b3a1@group-D21656EABB7E->25f80a8f-1a6f-414e-a49c-3d3c61aacfaa: nextIndex: updateUnconditionally 0 -> 0
2019-10-14 14:52:08,592 [Thread-1595] INFO  client.GrpcClientProtocolService (GrpcClientProtocolService.java:lambda$processClientRequest$0(278)) - Failed RaftClientRequest:client-C2B53465881A->c6492fef-5352-4ee4-a298-3337cbd3b3a1@group-D21656EABB7E, cid=67, seq=0, Watch-ALL_COMMITTED(38), Message:<EMPTY>, reply=RaftClientReply:client-C2B53465881A->c6492fef-5352-4ee4-a298-3337cbd3b3a1@group-D21656EABB7E, cid=67, FAILED org.apache.ratis.protocol.NotReplicatedException: Request with call Id 67 and log index 38 is not yet replicated to ALL_COMMITTED, logIndex=38, commits[c6492fef-5352-4ee4-a298-3337cbd3b3a1:c2, 25f80a8f-1a6f-414e-a49c-3d3c61aacfaa:c2, 197a08cb-7e32-46b6-9731-300bf29c37bf:c2]
2019-10-14 14:52:10,827 [grpc-default-executor-7] WARN  server.GrpcLogAppender (LogUtils.java:warn(134)) - c6492fef-5352-4ee4-a298-3337cbd3b3a1@group-D21656EABB7E->197a08cb-7e32-46b6-9731-300bf29c37bf-AppendLogResponseHandler: Failed appendEntries: org.apache.ratis.thirdparty.io.grpc.StatusRuntimeException: UNAVAILABLE: io exception
2019-10-14 14:52:10,827 [grpc-default-executor-10] WARN  server.GrpcLogAppender (LogUtils.java:warn(134)) - c6492fef-5352-4ee4-a298-3337cbd3b3a1@group-D21656EABB7E->25f80a8f-1a6f-414e-a49c-3d3c61aacfaa-AppendLogResponseHandler: Failed appendEntries: org.apache.ratis.thirdparty.io.grpc.StatusRuntimeException: UNAVAILABLE: io exception
2019-10-14 14:52:10,828 [grpc-default-executor-7] INFO  impl.FollowerInfo (FollowerInfo.java:lambda$new$0(51)) - c6492fef-5352-4ee4-a298-3337cbd3b3a1@group-D21656EABB7E->197a08cb-7e32-46b6-9731-300bf29c37bf: nextIndex: updateUnconditionally 0 -> 0
2019-10-14 14:52:10,828 [grpc-default-executor-10] INFO  impl.FollowerInfo (FollowerInfo.java:lambda$new$0(51)) - c6492fef-5352-4ee4-a298-3337cbd3b3a1@group-D21656EABB7E->25f80a8f-1a6f-414e-a49c-3d3c61aacfaa: nextIndex: updateUnconditionally 0 -> 0
2019-10-14 14:52:13,330 [grpc-default-executor-6] WARN  server.GrpcLogAppender (LogUtils.java:warn(134)) - c6492fef-5352-4ee4-a298-3337cbd3b3a1@group-D21656EABB7E->25f80a8f-1a6f-414e-a49c-3d3c61aacfaa-AppendLogResponseHandler: Failed appendEntries: org.apache.ratis.thirdparty.io.grpc.StatusRuntimeException: UNAVAILABLE: io exception
2019-10-14 14:52:13,331 [grpc-default-executor-11] WARN  server.GrpcLogAppender (LogUtils.java:warn(134)) - c6492fef-5352-4ee4-a298-3337cbd3b3a1@group-D21656EABB7E->197a08cb-7e32-46b6-9731-300bf29c37bf-AppendLogResponseHandler: Failed appendEntries: org.apache.ratis.thirdparty.io.grpc.StatusRuntimeException: UNAVAILABLE: io exception
2019-10-14 14:52:13,332 [grpc-default-executor-6] INFO  impl.FollowerInfo (FollowerInfo.java:lambda$new$0(51)) - c6492fef-5352-4ee4-a298-3337cbd3b3a1@group-D21656EABB7E->25f80a8f-1a6f-414e-a49c-3d3c61aacfaa: nextIndex: updateUnconditionally 0 -> 0
2019-10-14 14:52:13,332 [grpc-default-executor-11] INFO  impl.FollowerInfo (FollowerInfo.java:lambda$new$0(51)) - c6492fef-5352-4ee4-a298-3337cbd3b3a1@group-D21656EABB7E->197a08cb-7e32-46b6-9731-300bf29c37bf: nextIndex: updateUnconditionally 0 -> 0
2019-10-14 14:52:15,831 [grpc-default-executor-4] WARN  server.GrpcLogAppender (LogUtils.java:warn(134)) - c6492fef-5352-4ee4-a298-3337cbd3b3a1@group-D21656EABB7E->25f80a8f-1a6f-414e-a49c-3d3c61aacfaa-AppendLogResponseHandler: Failed appendEntries: org.apache.ratis.thirdparty.io.grpc.StatusRuntimeException: UNAVAILABLE: io exception
2019-10-14 14:52:15,831 [grpc-default-executor-7] WARN  server.GrpcLogAppender (LogUtils.java:warn(134)) - c6492fef-5352-4ee4-a298-3337cbd3b3a1@group-D21656EABB7E->197a08cb-7e32-46b6-9731-300bf29c37bf-AppendLogResponseHandler: Failed appendEntries: org.apache.ratis.thirdparty.io.grpc.StatusRuntimeException: UNAVAILABLE: io exception
2019-10-14 14:52:15,832 [grpc-default-executor-4] INFO  impl.FollowerInfo (FollowerInfo.java:lambda$new$0(51)) - c6492fef-5352-4ee4-a298-3337cbd3b3a1@group-D21656EABB7E->25f80a8f-1a6f-414e-a49c-3d3c61aacfaa: nextIndex: updateUnconditionally 0 -> 0
2019-10-14 14:52:15,832 [grpc-default-executor-7] INFO  impl.FollowerInfo (FollowerInfo.java:lambda$new$0(51)) - c6492fef-5352-4ee4-a298-3337cbd3b3a1@group-D21656EABB7E->197a08cb-7e32-46b6-9731-300bf29c37bf: nextIndex: updateUnconditionally 0 -> 0
2019-10-14 14:52:18,336 [grpc-default-executor-4] WARN  server.GrpcLogAppender (LogUtils.java:warn(134)) - c6492fef-5352-4ee4-a298-3337cbd3b3a1@group-D21656EABB7E->197a08cb-7e32-46b6-9731-300bf29c37bf-AppendLogResponseHandler: Failed appendEntries: org.apache.ratis.thirdparty.io.grpc.StatusRuntimeException: UNAVAILABLE: io exception
2019-10-14 14:52:18,336 [grpc-default-executor-11] WARN  server.GrpcLogAppender (LogUtils.java:warn(134)) - c6492fef-5352-4ee4-a298-3337cbd3b3a1@group-D21656EABB7E->25f80a8f-1a6f-414e-a49c-3d3c61aacfaa-AppendLogResponseHandler: Failed appendEntries: org.apache.ratis.thirdparty.io.grpc.StatusRuntimeException: UNAVAILABLE: io exception
2019-10-14 14:52:18,338 [grpc-default-executor-4] INFO  impl.FollowerInfo (FollowerInfo.java:lambda$new$0(51)) - c6492fef-5352-4ee4-a298-3337cbd3b3a1@group-D21656EABB7E->197a08cb-7e32-46b6-9731-300bf29c37bf: nextIndex: updateUnconditionally 0 -> 0
2019-10-14 14:52:18,338 [grpc-default-executor-11] INFO  impl.FollowerInfo (FollowerInfo.java:lambda$new$0(51)) - c6492fef-5352-4ee4-a298-3337cbd3b3a1@group-D21656EABB7E->25f80a8f-1a6f-414e-a49c-3d3c61aacfaa: nextIndex: updateUnconditionally 0 -> 0
2019-10-14 14:52:18,528 [main] WARN  scm.XceiverClientRatis (XceiverClientRatis.java:watchForCommit(277)) - 3 way commit failed on pipeline Pipeline[ Id: 2225e6a0-3609-4d1c-94a0-d21656eabb7e, Nodes: 25f80a8f-1a6f-414e-a49c-3d3c61aacfaa{ip: 192.168.157.234, host: pr-hdds-2302-x69hs-1458597746, networkLocation: /default-rack, certSerialId: null}197a08cb-7e32-46b6-9731-300bf29c37bf{ip: 192.168.157.234, host: pr-hdds-2302-x69hs-1458597746, networkLocation: /default-rack, certSerialId: null}c6492fef-5352-4ee4-a298-3337cbd3b3a1{ip: 192.168.157.234, host: pr-hdds-2302-x69hs-1458597746, networkLocation: /default-rack, certSerialId: null}, Type:RATIS, Factor:THREE, State:OPEN]
java.util.concurrent.TimeoutException
	at java.util.concurrent.CompletableFuture.timedGet(CompletableFuture.java:1771)
	at java.util.concurrent.CompletableFuture.get(CompletableFuture.java:1915)
	at org.apache.hadoop.hdds.scm.XceiverClientRatis.watchForCommit(XceiverClientRatis.java:274)
	at org.apache.hadoop.ozone.client.rpc.TestWatchForCommit.testWatchForCommitForRetryfailure(TestWatchForCommit.java:345)
	at sun.reflect.NativeMethodAccessorImpl.invoke0(Native Method)
	at sun.reflect.NativeMethodAccessorImpl.invoke(NativeMethodAccessorImpl.java:62)
	at sun.reflect.DelegatingMethodAccessorImpl.invoke(DelegatingMethodAccessorImpl.java:43)
	at java.lang.reflect.Method.invoke(Method.java:498)
	at org.junit.runners.model.FrameworkMethod$1.runReflectiveCall(FrameworkMethod.java:47)
	at org.junit.internal.runners.model.ReflectiveCallable.run(ReflectiveCallable.java:12)
	at org.junit.runners.model.FrameworkMethod.invokeExplosively(FrameworkMethod.java:44)
	at org.junit.internal.runners.statements.InvokeMethod.evaluate(InvokeMethod.java:17)
	at org.junit.runners.ParentRunner.runLeaf(ParentRunner.java:271)
	at org.junit.runners.BlockJUnit4ClassRunner.runChild(BlockJUnit4ClassRunner.java:70)
	at org.junit.runners.BlockJUnit4ClassRunner.runChild(BlockJUnit4ClassRunner.java:50)
	at org.junit.runners.ParentRunner$3.run(ParentRunner.java:238)
	at org.junit.runners.ParentRunner$1.schedule(ParentRunner.java:63)
	at org.junit.runners.ParentRunner.runChildren(ParentRunner.java:236)
	at org.junit.runners.ParentRunner.access$000(ParentRunner.java:53)
	at org.junit.runners.ParentRunner$2.evaluate(ParentRunner.java:229)
	at org.junit.runners.ParentRunner.run(ParentRunner.java:309)
	at org.apache.maven.surefire.junit4.JUnit4Provider.execute(JUnit4Provider.java:365)
	at org.apache.maven.surefire.junit4.JUnit4Provider.executeWithRerun(JUnit4Provider.java:273)
	at org.apache.maven.surefire.junit4.JUnit4Provider.executeTestSet(JUnit4Provider.java:238)
	at org.apache.maven.surefire.junit4.JUnit4Provider.invoke(JUnit4Provider.java:159)
	at org.apache.maven.surefire.booter.ForkedBooter.invokeProviderInSameClassLoader(ForkedBooter.java:384)
	at org.apache.maven.surefire.booter.ForkedBooter.runSuitesInProcess(ForkedBooter.java:345)
	at org.apache.maven.surefire.booter.ForkedBooter.execute(ForkedBooter.java:126)
	at org.apache.maven.surefire.booter.ForkedBooter.main(ForkedBooter.java:418)
2019-10-14 14:52:19,584 [Thread-1609] INFO  client.GrpcClientProtocolService (GrpcClientProtocolService.java:lambda$processClientRequest$0(278)) - Failed RaftClientRequest:client-C2B53465881A->c6492fef-5352-4ee4-a298-3337cbd3b3a1@group-D21656EABB7E, cid=67, seq=0, Watch-ALL_COMMITTED(38), Message:<EMPTY>, reply=RaftClientReply:client-C2B53465881A->c6492fef-5352-4ee4-a298-3337cbd3b3a1@group-D21656EABB7E, cid=67, FAILED org.apache.ratis.protocol.NotReplicatedException: Request with call Id 67 and log index 38 is not yet replicated to ALL_COMMITTED, logIndex=38, commits[c6492fef-5352-4ee4-a298-3337cbd3b3a1:c2, 25f80a8f-1a6f-414e-a49c-3d3c61aacfaa:c2, 197a08cb-7e32-46b6-9731-300bf29c37bf:c2]
2019-10-14 14:52:20,839 [grpc-default-executor-4] WARN  server.GrpcLogAppender (LogUtils.java:warn(134)) - c6492fef-5352-4ee4-a298-3337cbd3b3a1@group-D21656EABB7E->197a08cb-7e32-46b6-9731-300bf29c37bf-AppendLogResponseHandler: Failed appendEntries: org.apache.ratis.thirdparty.io.grpc.StatusRuntimeException: UNAVAILABLE: io exception
2019-10-14 14:52:20,839 [grpc-default-executor-6] WARN  server.GrpcLogAppender (LogUtils.java:warn(134)) - c6492fef-5352-4ee4-a298-3337cbd3b3a1@group-D21656EABB7E->25f80a8f-1a6f-414e-a49c-3d3c61aacfaa-AppendLogResponseHandler: Failed appendEntries: org.apache.ratis.thirdparty.io.grpc.StatusRuntimeException: UNAVAILABLE: io exception
2019-10-14 14:52:20,840 [grpc-default-executor-4] INFO  impl.FollowerInfo (FollowerInfo.java:lambda$new$0(51)) - c6492fef-5352-4ee4-a298-3337cbd3b3a1@group-D21656EABB7E->197a08cb-7e32-46b6-9731-300bf29c37bf: nextIndex: updateUnconditionally 0 -> 0
2019-10-14 14:52:20,840 [grpc-default-executor-6] INFO  impl.FollowerInfo (FollowerInfo.java:lambda$new$0(51)) - c6492fef-5352-4ee4-a298-3337cbd3b3a1@group-D21656EABB7E->25f80a8f-1a6f-414e-a49c-3d3c61aacfaa: nextIndex: updateUnconditionally 0 -> 0
2019-10-14 14:52:23,341 [grpc-default-executor-4] WARN  server.GrpcLogAppender (LogUtils.java:warn(134)) - c6492fef-5352-4ee4-a298-3337cbd3b3a1@group-D21656EABB7E->197a08cb-7e32-46b6-9731-300bf29c37bf-AppendLogResponseHandler: Failed appendEntries: org.apache.ratis.thirdparty.io.grpc.StatusRuntimeException: UNAVAILABLE: io exception
2019-10-14 14:52:23,341 [grpc-default-executor-6] WARN  server.GrpcLogAppender (LogUtils.java:warn(134)) - c6492fef-5352-4ee4-a298-3337cbd3b3a1@group-D21656EABB7E->25f80a8f-1a6f-414e-a49c-3d3c61aacfaa-AppendLogResponseHandler: Failed appendEntries: org.apache.ratis.thirdparty.io.grpc.StatusRuntimeException: UNAVAILABLE: io exception
2019-10-14 14:52:23,342 [grpc-default-executor-4] INFO  impl.FollowerInfo (FollowerInfo.java:lambda$new$0(51)) - c6492fef-5352-4ee4-a298-3337cbd3b3a1@group-D21656EABB7E->197a08cb-7e32-46b6-9731-300bf29c37bf: nextIndex: updateUnconditionally 0 -> 0
2019-10-14 14:52:23,342 [grpc-default-executor-6] INFO  impl.FollowerInfo (FollowerInfo.java:lambda$new$0(51)) - c6492fef-5352-4ee4-a298-3337cbd3b3a1@group-D21656EABB7E->25f80a8f-1a6f-414e-a49c-3d3c61aacfaa: nextIndex: updateUnconditionally 0 -> 0
2019-10-14 14:52:25,846 [grpc-default-executor-0] WARN  server.GrpcLogAppender (LogUtils.java:warn(134)) - c6492fef-5352-4ee4-a298-3337cbd3b3a1@group-D21656EABB7E->25f80a8f-1a6f-414e-a49c-3d3c61aacfaa-AppendLogResponseHandler: Failed appendEntries: org.apache.ratis.thirdparty.io.grpc.StatusRuntimeException: UNAVAILABLE: io exception
2019-10-14 14:52:25,846 [grpc-default-executor-4] WARN  server.GrpcLogAppender (LogUtils.java:warn(134)) - c6492fef-5352-4ee4-a298-3337cbd3b3a1@group-D21656EABB7E->197a08cb-7e32-46b6-9731-300bf29c37bf-AppendLogResponseHandler: Failed appendEntries: org.apache.ratis.thirdparty.io.grpc.StatusRuntimeException: UNAVAILABLE: io exception
2019-10-14 14:52:25,847 [grpc-default-executor-0] INFO  impl.FollowerInfo (FollowerInfo.java:lambda$new$0(51)) - c6492fef-5352-4ee4-a298-3337cbd3b3a1@group-D21656EABB7E->25f80a8f-1a6f-414e-a49c-3d3c61aacfaa: nextIndex: updateUnconditionally 0 -> 0
2019-10-14 14:52:25,847 [grpc-default-executor-4] INFO  impl.FollowerInfo (FollowerInfo.java:lambda$new$0(51)) - c6492fef-5352-4ee4-a298-3337cbd3b3a1@group-D21656EABB7E->197a08cb-7e32-46b6-9731-300bf29c37bf: nextIndex: updateUnconditionally 0 -> 0
2019-10-14 14:52:28,345 [grpc-default-executor-0] WARN  server.GrpcLogAppender (LogUtils.java:warn(134)) - c6492fef-5352-4ee4-a298-3337cbd3b3a1@group-D21656EABB7E->25f80a8f-1a6f-414e-a49c-3d3c61aacfaa-AppendLogResponseHandler: Failed appendEntries: org.apache.ratis.thirdparty.io.grpc.StatusRuntimeException: UNAVAILABLE: io exception
2019-10-14 14:52:28,345 [grpc-default-executor-7] WARN  server.GrpcLogAppender (LogUtils.java:warn(134)) - c6492fef-5352-4ee4-a298-3337cbd3b3a1@group-D21656EABB7E->197a08cb-7e32-46b6-9731-300bf29c37bf-AppendLogResponseHandler: Failed appendEntries: org.apache.ratis.thirdparty.io.grpc.StatusRuntimeException: UNAVAILABLE: io exception
2019-10-14 14:52:28,346 [grpc-default-executor-0] INFO  impl.FollowerInfo (FollowerInfo.java:lambda$new$0(51)) - c6492fef-5352-4ee4-a298-3337cbd3b3a1@group-D21656EABB7E->25f80a8f-1a6f-414e-a49c-3d3c61aacfaa: nextIndex: updateUnconditionally 0 -> 0
2019-10-14 14:52:28,346 [grpc-default-executor-7] INFO  impl.FollowerInfo (FollowerInfo.java:lambda$new$0(51)) - c6492fef-5352-4ee4-a298-3337cbd3b3a1@group-D21656EABB7E->197a08cb-7e32-46b6-9731-300bf29c37bf: nextIndex: updateUnconditionally 0 -> 0
2019-10-14 14:52:28,585 [Thread-1626] INFO  client.GrpcClientProtocolService (GrpcClientProtocolService.java:lambda$processClientRequest$0(278)) - Failed RaftClientRequest:client-C2B53465881A->c6492fef-5352-4ee4-a298-3337cbd3b3a1@group-D21656EABB7E, cid=67, seq=0, Watch-ALL_COMMITTED(38), Message:<EMPTY>, reply=RaftClientReply:client-C2B53465881A->c6492fef-5352-4ee4-a298-3337cbd3b3a1@group-D21656EABB7E, cid=67, FAILED org.apache.ratis.protocol.NotReplicatedException: Request with call Id 67 and log index 38 is not yet replicated to ALL_COMMITTED, logIndex=38, commits[c6492fef-5352-4ee4-a298-3337cbd3b3a1:c2, 25f80a8f-1a6f-414e-a49c-3d3c61aacfaa:c2, 197a08cb-7e32-46b6-9731-300bf29c37bf:c2]
2019-10-14 14:52:29,587 [Thread-1630] INFO  client.GrpcClientProtocolService (GrpcClientProtocolService.java:lambda$processClientRequest$0(278)) - Failed RaftClientRequest:client-C2B53465881A->c6492fef-5352-4ee4-a298-3337cbd3b3a1@group-D21656EABB7E, cid=68, seq=0, Watch-MAJORITY_COMMITTED(38), Message:<EMPTY>, reply=RaftClientReply:client-C2B53465881A->c6492fef-5352-4ee4-a298-3337cbd3b3a1@group-D21656EABB7E, cid=68, FAILED org.apache.ratis.protocol.NotReplicatedException: Request with call Id 68 and log index 38 is not yet replicated to MAJORITY_COMMITTED, logIndex=38, commits[c6492fef-5352-4ee4-a298-3337cbd3b3a1:c2, 25f80a8f-1a6f-414e-a49c-3d3c61aacfaa:c2, 197a08cb-7e32-46b6-9731-300bf29c37bf:c2]
2019-10-14 14:52:30,846 [grpc-default-executor-11] WARN  server.GrpcLogAppender (LogUtils.java:warn(134)) - c6492fef-5352-4ee4-a298-3337cbd3b3a1@group-D21656EABB7E->25f80a8f-1a6f-414e-a49c-3d3c61aacfaa-AppendLogResponseHandler: Failed appendEntries: org.apache.ratis.thirdparty.io.grpc.StatusRuntimeException: UNAVAILABLE: io exception
2019-10-14 14:52:30,846 [grpc-default-executor-6] WARN  server.GrpcLogAppender (LogUtils.java:warn(134)) - c6492fef-5352-4ee4-a298-3337cbd3b3a1@group-D21656EABB7E->197a08cb-7e32-46b6-9731-300bf29c37bf-AppendLogResponseHandler: Failed appendEntries: org.apache.ratis.thirdparty.io.grpc.StatusRuntimeException: UNAVAILABLE: io exception
2019-10-14 14:52:30,847 [grpc-default-executor-11] INFO  impl.FollowerInfo (FollowerInfo.java:lambda$new$0(51)) - c6492fef-5352-4ee4-a298-3337cbd3b3a1@group-D21656EABB7E->25f80a8f-1a6f-414e-a49c-3d3c61aacfaa: nextIndex: updateUnconditionally 0 -> 0
2019-10-14 14:52:30,847 [grpc-default-executor-6] INFO  impl.FollowerInfo (FollowerInfo.java:lambda$new$0(51)) - c6492fef-5352-4ee4-a298-3337cbd3b3a1@group-D21656EABB7E->197a08cb-7e32-46b6-9731-300bf29c37bf: nextIndex: updateUnconditionally 0 -> 0
2019-10-14 14:52:33,347 [grpc-default-executor-7] WARN  server.GrpcLogAppender (LogUtils.java:warn(134)) - c6492fef-5352-4ee4-a298-3337cbd3b3a1@group-D21656EABB7E->25f80a8f-1a6f-414e-a49c-3d3c61aacfaa-AppendLogResponseHandler: Failed appendEntries: org.apache.ratis.thirdparty.io.grpc.StatusRuntimeException: UNAVAILABLE: io exception
2019-10-14 14:52:33,347 [grpc-default-executor-4] WARN  server.GrpcLogAppender (LogUtils.java:warn(134)) - c6492fef-5352-4ee4-a298-3337cbd3b3a1@group-D21656EABB7E->197a08cb-7e32-46b6-9731-300bf29c37bf-AppendLogResponseHandler: Failed appendEntries: org.apache.ratis.thirdparty.io.grpc.StatusRuntimeException: UNAVAILABLE: io exception
2019-10-14 14:52:33,347 [grpc-default-executor-7] INFO  impl.FollowerInfo (FollowerInfo.java:lambda$new$0(51)) - c6492fef-5352-4ee4-a298-3337cbd3b3a1@group-D21656EABB7E->25f80a8f-1a6f-414e-a49c-3d3c61aacfaa: nextIndex: updateUnconditionally 0 -> 0
2019-10-14 14:52:33,348 [grpc-default-executor-4] INFO  impl.FollowerInfo (FollowerInfo.java:lambda$new$0(51)) - c6492fef-5352-4ee4-a298-3337cbd3b3a1@group-D21656EABB7E->197a08cb-7e32-46b6-9731-300bf29c37bf: nextIndex: updateUnconditionally 0 -> 0
2019-10-14 14:52:35,847 [grpc-default-executor-0] WARN  server.GrpcLogAppender (LogUtils.java:warn(134)) - c6492fef-5352-4ee4-a298-3337cbd3b3a1@group-D21656EABB7E->25f80a8f-1a6f-414e-a49c-3d3c61aacfaa-AppendLogResponseHandler: Failed appendEntries: org.apache.ratis.thirdparty.io.grpc.StatusRuntimeException: UNAVAILABLE: io exception
2019-10-14 14:52:35,847 [grpc-default-executor-4] WARN  server.GrpcLogAppender (LogUtils.java:warn(134)) - c6492fef-5352-4ee4-a298-3337cbd3b3a1@group-D21656EABB7E->197a08cb-7e32-46b6-9731-300bf29c37bf-AppendLogResponseHandler: Failed appendEntries: org.apache.ratis.thirdparty.io.grpc.StatusRuntimeException: UNAVAILABLE: io exception
2019-10-14 14:52:35,848 [grpc-default-executor-0] INFO  impl.FollowerInfo (FollowerInfo.java:lambda$new$0(51)) - c6492fef-5352-4ee4-a298-3337cbd3b3a1@group-D21656EABB7E->25f80a8f-1a6f-414e-a49c-3d3c61aacfaa: nextIndex: updateUnconditionally 0 -> 0
2019-10-14 14:52:35,848 [grpc-default-executor-4] INFO  impl.FollowerInfo (FollowerInfo.java:lambda$new$0(51)) - c6492fef-5352-4ee4-a298-3337cbd3b3a1@group-D21656EABB7E->197a08cb-7e32-46b6-9731-300bf29c37bf: nextIndex: updateUnconditionally 0 -> 0
2019-10-14 14:52:38,348 [grpc-default-executor-7] WARN  server.GrpcLogAppender (LogUtils.java:warn(134)) - c6492fef-5352-4ee4-a298-3337cbd3b3a1@group-D21656EABB7E->197a08cb-7e32-46b6-9731-300bf29c37bf-AppendLogResponseHandler: Failed appendEntries: org.apache.ratis.thirdparty.io.grpc.StatusRuntimeException: UNAVAILABLE: io exception
2019-10-14 14:52:38,348 [grpc-default-executor-0] WARN  server.GrpcLogAppender (LogUtils.java:warn(134)) - c6492fef-5352-4ee4-a298-3337cbd3b3a1@group-D21656EABB7E->25f80a8f-1a6f-414e-a49c-3d3c61aacfaa-AppendLogResponseHandler: Failed appendEntries: org.apache.ratis.thirdparty.io.grpc.StatusRuntimeException: UNAVAILABLE: io exception
2019-10-14 14:52:38,349 [grpc-default-executor-7] INFO  impl.FollowerInfo (FollowerInfo.java:lambda$new$0(51)) - c6492fef-5352-4ee4-a298-3337cbd3b3a1@group-D21656EABB7E->197a08cb-7e32-46b6-9731-300bf29c37bf: nextIndex: updateUnconditionally 0 -> 0
2019-10-14 14:52:38,349 [grpc-default-executor-0] INFO  impl.FollowerInfo (FollowerInfo.java:lambda$new$0(51)) - c6492fef-5352-4ee4-a298-3337cbd3b3a1@group-D21656EABB7E->25f80a8f-1a6f-414e-a49c-3d3c61aacfaa: nextIndex: updateUnconditionally 0 -> 0
]]></system-out>
    <system-err><![CDATA[Oct 14, 2019 2:51:53 PM org.apache.ratis.thirdparty.io.grpc.internal.SerializingExecutor run
SEVERE: Exception while executing runnable org.apache.ratis.thirdparty.io.grpc.internal.ServerImpl$JumpToApplicationThreadServerStreamListener$1Closed@30e1c0cd
org.apache.ratis.thirdparty.io.grpc.StatusRuntimeException: CANCELLED: call already cancelled
	at org.apache.ratis.thirdparty.io.grpc.Status.asRuntimeException(Status.java:517)
	at org.apache.ratis.thirdparty.io.grpc.stub.ServerCalls$ServerCallStreamObserverImpl.onCompleted(ServerCalls.java:356)
	at org.apache.ratis.grpc.server.GrpcServerProtocolService$ServerRequestStreamObserver.onError(GrpcServerProtocolService.java:121)
	at org.apache.ratis.thirdparty.io.grpc.stub.ServerCalls$StreamingServerCallHandler$StreamingServerCallListener.onCancel(ServerCalls.java:269)
	at org.apache.ratis.thirdparty.io.grpc.internal.ServerCallImpl$ServerStreamListenerImpl.closed(ServerCallImpl.java:293)
	at org.apache.ratis.thirdparty.io.grpc.internal.ServerImpl$JumpToApplicationThreadServerStreamListener$1Closed.runInContext(ServerImpl.java:741)
	at org.apache.ratis.thirdparty.io.grpc.internal.ContextRunnable.run(ContextRunnable.java:37)
	at org.apache.ratis.thirdparty.io.grpc.internal.SerializingExecutor.run(SerializingExecutor.java:123)
	at java.util.concurrent.ThreadPoolExecutor.runWorker(ThreadPoolExecutor.java:1149)
	at java.util.concurrent.ThreadPoolExecutor$Worker.run(ThreadPoolExecutor.java:624)
	at java.lang.Thread.run(Thread.java:748)

Oct 14, 2019 2:51:58 PM org.apache.ratis.thirdparty.io.grpc.internal.SerializingExecutor run
SEVERE: Exception while executing runnable org.apache.ratis.thirdparty.io.grpc.internal.ServerImpl$JumpToApplicationThreadServerStreamListener$1Closed@6291f0dc
org.apache.ratis.thirdparty.io.grpc.StatusRuntimeException: CANCELLED: call already cancelled
	at org.apache.ratis.thirdparty.io.grpc.Status.asRuntimeException(Status.java:517)
	at org.apache.ratis.thirdparty.io.grpc.stub.ServerCalls$ServerCallStreamObserverImpl.onCompleted(ServerCalls.java:356)
	at org.apache.ratis.grpc.server.GrpcServerProtocolService$ServerRequestStreamObserver.onError(GrpcServerProtocolService.java:121)
	at org.apache.ratis.thirdparty.io.grpc.stub.ServerCalls$StreamingServerCallHandler$StreamingServerCallListener.onCancel(ServerCalls.java:269)
	at org.apache.ratis.thirdparty.io.grpc.internal.ServerCallImpl$ServerStreamListenerImpl.closed(ServerCallImpl.java:293)
	at org.apache.ratis.thirdparty.io.grpc.internal.ServerImpl$JumpToApplicationThreadServerStreamListener$1Closed.runInContext(ServerImpl.java:741)
	at org.apache.ratis.thirdparty.io.grpc.internal.ContextRunnable.run(ContextRunnable.java:37)
	at org.apache.ratis.thirdparty.io.grpc.internal.SerializingExecutor.run(SerializingExecutor.java:123)
	at java.util.concurrent.ThreadPoolExecutor.runWorker(ThreadPoolExecutor.java:1149)
	at java.util.concurrent.ThreadPoolExecutor$Worker.run(ThreadPoolExecutor.java:624)
	at java.lang.Thread.run(Thread.java:748)

]]></system-err>
  </testcase>
  <testcase name="testWatchForCommitForGroupMismatchException" classname="org.apache.hadoop.ozone.client.rpc.TestWatchForCommit" time="32.401"/>
  <testcase name="test2WayCommitForTimeoutException" classname="org.apache.hadoop.ozone.client.rpc.TestWatchForCommit" time="33.221">
    <error type="java.util.concurrent.TimeoutException">java.util.concurrent.TimeoutException
	at java.util.concurrent.CompletableFuture.timedGet(CompletableFuture.java:1771)
	at java.util.concurrent.CompletableFuture.get(CompletableFuture.java:1915)
	at org.apache.hadoop.hdds.scm.XceiverClientRatis.watchForCommit(XceiverClientRatis.java:283)
	at org.apache.hadoop.ozone.client.rpc.TestWatchForCommit.test2WayCommitForTimeoutException(TestWatchForCommit.java:391)
	at sun.reflect.NativeMethodAccessorImpl.invoke0(Native Method)
	at sun.reflect.NativeMethodAccessorImpl.invoke(NativeMethodAccessorImpl.java:62)
	at sun.reflect.DelegatingMethodAccessorImpl.invoke(DelegatingMethodAccessorImpl.java:43)
	at java.lang.reflect.Method.invoke(Method.java:498)
	at org.junit.runners.model.FrameworkMethod$1.runReflectiveCall(FrameworkMethod.java:47)
	at org.junit.internal.runners.model.ReflectiveCallable.run(ReflectiveCallable.java:12)
	at org.junit.runners.model.FrameworkMethod.invokeExplosively(FrameworkMethod.java:44)
	at org.junit.internal.runners.statements.InvokeMethod.evaluate(InvokeMethod.java:17)
	at org.junit.runners.ParentRunner.runLeaf(ParentRunner.java:271)
	at org.junit.runners.BlockJUnit4ClassRunner.runChild(BlockJUnit4ClassRunner.java:70)
	at org.junit.runners.BlockJUnit4ClassRunner.runChild(BlockJUnit4ClassRunner.java:50)
	at org.junit.runners.ParentRunner$3.run(ParentRunner.java:238)
	at org.junit.runners.ParentRunner$1.schedule(ParentRunner.java:63)
	at org.junit.runners.ParentRunner.runChildren(ParentRunner.java:236)
	at org.junit.runners.ParentRunner.access$000(ParentRunner.java:53)
	at org.junit.runners.ParentRunner$2.evaluate(ParentRunner.java:229)
	at org.junit.runners.ParentRunner.run(ParentRunner.java:309)
	at org.apache.maven.surefire.junit4.JUnit4Provider.execute(JUnit4Provider.java:365)
	at org.apache.maven.surefire.junit4.JUnit4Provider.executeWithRerun(JUnit4Provider.java:273)
	at org.apache.maven.surefire.junit4.JUnit4Provider.executeTestSet(JUnit4Provider.java:238)
	at org.apache.maven.surefire.junit4.JUnit4Provider.invoke(JUnit4Provider.java:159)
	at org.apache.maven.surefire.booter.ForkedBooter.invokeProviderInSameClassLoader(ForkedBooter.java:384)
	at org.apache.maven.surefire.booter.ForkedBooter.runSuitesInProcess(ForkedBooter.java:345)
	at org.apache.maven.surefire.booter.ForkedBooter.execute(ForkedBooter.java:126)
	at org.apache.maven.surefire.booter.ForkedBooter.main(ForkedBooter.java:418)
</error>
    <system-out><![CDATA[2019-10-14 14:53:10,976 [main] WARN  server.ServerUtils (ServerUtils.java:getScmDbDir(145)) - ozone.scm.db.dirs is not configured. We recommend adding this setting. Falling back to ozone.metadata.dirs instead.
2019-10-14 14:53:10,991 [main] WARN  server.ServerUtils (ServerUtils.java:getScmDbDir(145)) - ozone.scm.db.dirs is not configured. We recommend adding this setting. Falling back to ozone.metadata.dirs instead.
2019-10-14 14:53:10,991 [main] WARN  server.ServerUtils (ServerUtils.java:getScmDbDir(145)) - ozone.scm.db.dirs is not configured. We recommend adding this setting. Falling back to ozone.metadata.dirs instead.
2019-10-14 14:53:10,992 [main] INFO  db.DBStoreBuilder (DBStoreBuilder.java:addTable(117)) - using custom profile for table: deletedBlocks
2019-10-14 14:53:10,992 [main] INFO  db.DBStoreBuilder (DBStoreBuilder.java:processTables(168)) - Using default column profile:DBProfile.DISK for Table:deletedBlocks
2019-10-14 14:53:10,992 [main] INFO  db.DBStoreBuilder (DBStoreBuilder.java:addTable(117)) - using custom profile for table: validCerts
2019-10-14 14:53:10,993 [main] INFO  db.DBStoreBuilder (DBStoreBuilder.java:processTables(168)) - Using default column profile:DBProfile.DISK for Table:validCerts
2019-10-14 14:53:10,993 [main] INFO  db.DBStoreBuilder (DBStoreBuilder.java:addTable(117)) - using custom profile for table: revokedCerts
2019-10-14 14:53:10,993 [main] INFO  db.DBStoreBuilder (DBStoreBuilder.java:processTables(168)) - Using default column profile:DBProfile.DISK for Table:revokedCerts
2019-10-14 14:53:10,993 [main] INFO  db.DBStoreBuilder (DBStoreBuilder.java:addTable(117)) - using custom profile for table: default
2019-10-14 14:53:10,994 [main] INFO  db.DBStoreBuilder (DBStoreBuilder.java:processTables(174)) - Using default column profile:DBProfile.DISK for Table:default
2019-10-14 14:53:10,994 [main] INFO  db.DBStoreBuilder (DBStoreBuilder.java:getDbProfile(205)) - Using default options. DBProfile.DISK
2019-10-14 14:53:11,140 [main] INFO  net.NodeSchemaLoader (NodeSchemaLoader.java:loadSchemaFromFile(125)) - Loading file from sun.misc.CompoundEnumeration@3b4086c1
2019-10-14 14:53:11,141 [main] INFO  net.NodeSchemaLoader (NodeSchemaLoader.java:loadSchema(171)) - Loading network topology layer schema file
2019-10-14 14:53:11,146 [main] WARN  server.ServerUtils (ServerUtils.java:sanitizeUserArgs(70)) - ozone.scm.stale.node.interval value = 300000 is larger than max = 100000 based on the key value of ozone.scm.heartbeat.thread.interval, reset to the max value 100000.
2019-10-14 14:53:11,146 [main] WARN  server.ServerUtils (ServerUtils.java:sanitizeUserArgs(70)) - ozone.scm.stale.node.interval value = 300000 is larger than max = 100000 based on the key value of ozone.scm.heartbeat.thread.interval, reset to the max value 100000.
2019-10-14 14:53:11,146 [main] INFO  node.SCMNodeManager (SCMNodeManager.java:<init>(116)) - Entering startup safe mode.
2019-10-14 14:53:11,147 [main] INFO  algorithms.ContainerPlacementPolicyFactory (ContainerPlacementPolicyFactory.java:getPolicy(57)) - Create container placement policy of type org.apache.hadoop.hdds.scm.container.placement.algorithms.SCMContainerPlacementRandom
2019-10-14 14:53:11,148 [main] WARN  server.ServerUtils (ServerUtils.java:getScmDbDir(145)) - ozone.scm.db.dirs is not configured. We recommend adding this setting. Falling back to ozone.metadata.dirs instead.
2019-10-14 14:53:11,170 [main] INFO  pipeline.SCMPipelineManager (SCMPipelineManager.java:initializePipelineState(132)) - No pipeline exists in current db
2019-10-14 14:53:11,170 [main] WARN  server.ServerUtils (ServerUtils.java:getScmDbDir(145)) - ozone.scm.db.dirs is not configured. We recommend adding this setting. Falling back to ozone.metadata.dirs instead.
2019-10-14 14:53:11,191 [main] WARN  events.EventQueue (EventQueue.java:fireEvent(183)) - No event handler registered for event TypedEvent{payloadType=SafeModeStatus, name='SafeModeStatus'}
2019-10-14 14:53:11,192 [main] INFO  ipc.CallQueueManager (CallQueueManager.java:<init>(84)) - Using callQueue: class java.util.concurrent.LinkedBlockingQueue, queueCapacity: 2000, scheduler: class org.apache.hadoop.ipc.DefaultRpcScheduler, ipcBackoff: false.
2019-10-14 14:53:11,193 [Socket Reader #1 for port 35489] INFO  ipc.Server (Server.java:run(1074)) - Starting Socket Reader #1 for port 35489
2019-10-14 14:53:11,197 [main] INFO  ipc.CallQueueManager (CallQueueManager.java:<init>(84)) - Using callQueue: class java.util.concurrent.LinkedBlockingQueue, queueCapacity: 2000, scheduler: class org.apache.hadoop.ipc.DefaultRpcScheduler, ipcBackoff: false.
2019-10-14 14:53:11,197 [Socket Reader #1 for port 41889] INFO  ipc.Server (Server.java:run(1074)) - Starting Socket Reader #1 for port 41889
2019-10-14 14:53:11,200 [main] INFO  ipc.CallQueueManager (CallQueueManager.java:<init>(84)) - Using callQueue: class java.util.concurrent.LinkedBlockingQueue, queueCapacity: 2000, scheduler: class org.apache.hadoop.ipc.DefaultRpcScheduler, ipcBackoff: false.
2019-10-14 14:53:11,201 [Socket Reader #1 for port 34518] INFO  ipc.Server (Server.java:run(1074)) - Starting Socket Reader #1 for port 34518
2019-10-14 14:53:11,205 [main] INFO  hdfs.DFSUtil (DFSUtil.java:httpServerTemplateForNNAndJN(1641)) - Starting Web-server for scm at: http://0.0.0.0:0
2019-10-14 14:53:11,207 [main] INFO  server.AuthenticationFilter (AuthenticationFilter.java:constructSecretProvider(240)) - Unable to initialize FileSignerSecretProvider, falling back to use random secrets.
2019-10-14 14:53:11,208 [main] WARN  http.HttpRequestLog (HttpRequestLog.java:getRequestLog(97)) - Jetty request log can only be enabled using Log4j
2019-10-14 14:53:11,210 [main] INFO  http.HttpServer2 (HttpServer2.java:addGlobalFilter(975)) - Added global filter 'safety' (class=org.apache.hadoop.http.HttpServer2$QuotingInputFilter)
2019-10-14 14:53:11,211 [main] INFO  http.HttpServer2 (HttpServer2.java:addFilter(948)) - Added filter static_user_filter (class=org.apache.hadoop.http.lib.StaticUserWebFilter$StaticUserFilter) to context scm
2019-10-14 14:53:11,211 [main] INFO  http.HttpServer2 (HttpServer2.java:addFilter(958)) - Added filter static_user_filter (class=org.apache.hadoop.http.lib.StaticUserWebFilter$StaticUserFilter) to context static
2019-10-14 14:53:11,212 [main] INFO  http.HttpServer2 (HttpServer2.java:addFilter(958)) - Added filter static_user_filter (class=org.apache.hadoop.http.lib.StaticUserWebFilter$StaticUserFilter) to context logs
2019-10-14 14:53:11,214 [main] INFO  server.StorageContainerManager (StorageContainerManager.java:start(772)) - StorageContainerLocationProtocol RPC server is listening at /0.0.0.0:34518
2019-10-14 14:53:11,217 [main] WARN  impl.MetricsConfig (MetricsConfig.java:loadFirst(134)) - Cannot locate configuration: tried hadoop-metrics2-storagecontainermanager.properties,hadoop-metrics2.properties
2019-10-14 14:53:11,218 [main] INFO  impl.MetricsSystemImpl (MetricsSystemImpl.java:startTimer(374)) - Scheduled Metric snapshot period at 10 second(s).
2019-10-14 14:53:11,219 [main] INFO  impl.MetricsSystemImpl (MetricsSystemImpl.java:start(191)) - StorageContainerManager metrics system started
2019-10-14 14:53:11,603 [main] WARN  impl.MetricsSystemImpl (MetricsSystemImpl.java:register(276)) - Sink prometheus already exists!
2019-10-14 14:53:11,905 [main] INFO  server.SCMClientProtocolServer (SCMClientProtocolServer.java:start(159)) - RPC server for Client  is listening at /0.0.0.0:34518
2019-10-14 14:53:11,906 [IPC Server Responder] INFO  ipc.Server (Server.java:run(1314)) - IPC Server Responder: starting
2019-10-14 14:53:11,909 [IPC Server listener on 34518] INFO  ipc.Server (Server.java:run(1153)) - IPC Server listener on 34518: starting
2019-10-14 14:53:11,921 [main] INFO  server.StorageContainerManager (StorageContainerManager.java:start(782)) - ScmBlockLocationProtocol RPC server is listening at /0.0.0.0:41889
2019-10-14 14:53:11,921 [main] INFO  server.SCMBlockProtocolServer (SCMBlockProtocolServer.java:start(146)) - RPC server for Block Protocol is listening at /0.0.0.0:41889
2019-10-14 14:53:11,921 [IPC Server Responder] INFO  ipc.Server (Server.java:run(1314)) - IPC Server Responder: starting
2019-10-14 14:53:11,921 [IPC Server listener on 41889] INFO  ipc.Server (Server.java:run(1153)) - IPC Server listener on 41889: starting
2019-10-14 14:53:11,928 [main] INFO  server.StorageContainerManager (StorageContainerManager.java:start(786)) - ScmDatanodeProtocl RPC server is listening at /0.0.0.0:35489
2019-10-14 14:53:11,928 [main] INFO  server.SCMDatanodeProtocolServer (SCMDatanodeProtocolServer.java:start(169)) - RPC server for DataNodes is listening at /0.0.0.0:35489
2019-10-14 14:53:11,928 [IPC Server Responder] INFO  ipc.Server (Server.java:run(1314)) - IPC Server Responder: starting
2019-10-14 14:53:11,931 [IPC Server listener on 35489] INFO  ipc.Server (Server.java:run(1153)) - IPC Server listener on 35489: starting
2019-10-14 14:53:11,935 [main] INFO  http.HttpServer2 (HttpServer2.java:bindListener(1191)) - Jetty bound to port 43532
2019-10-14 14:53:11,935 [main] INFO  server.Server (Server.java:doStart(351)) - jetty-9.3.25.v20180904, build timestamp: 2018-09-04T21:11:46Z, git hash: 3ce520221d0240229c862b122d2b06c12a625732
2019-10-14 14:53:11,937 [main] INFO  handler.ContextHandler (ContextHandler.java:doStart(781)) - Started o.e.j.s.ServletContextHandler@57151b3a{/logs,file:///workdir/hadoop-ozone/integration-test/target/log,AVAILABLE}
2019-10-14 14:53:11,938 [main] INFO  handler.ContextHandler (ContextHandler.java:doStart(781)) - Started o.e.j.s.ServletContextHandler@2dff7085{/static,file:///workdir/hadoop-ozone/integration-test/target/test-classes/webapps/static,AVAILABLE}
2019-10-14 14:53:11,941 [main] INFO  handler.ContextHandler (ContextHandler.java:doStart(781)) - Started o.e.j.w.WebAppContext@240f350a{/,file:///workdir/hadoop-ozone/integration-test/target/test-classes/webapps/scm/,AVAILABLE}{/scm}
2019-10-14 14:53:11,942 [main] INFO  server.AbstractConnector (AbstractConnector.java:doStart(278)) - Started ServerConnector@706f6d26{HTTP/1.1,[http/1.1]}{0.0.0.0:43532}
2019-10-14 14:53:11,944 [main] INFO  server.Server (Server.java:doStart(419)) - Started @199347ms
2019-10-14 14:53:11,945 [main] WARN  impl.MetricsSystemImpl (MetricsSystemImpl.java:register(276)) - Sink prometheus already exists!
2019-10-14 14:53:11,945 [main] INFO  server.BaseHttpServer (BaseHttpServer.java:updateConnectorAddress(215)) - HTTP server of SCM is listening at http://0.0.0.0:43532
2019-10-14 14:53:11,946 [main] WARN  server.ServerUtils (ServerUtils.java:getDBPath(222)) - ozone.om.db.dirs is not configured. We recommend adding this setting. Falling back to ozone.metadata.dirs instead.
2019-10-14 14:53:11,946 [org.apache.hadoop.util.JvmPauseMonitor$Monitor@6af65f29] INFO  util.JvmPauseMonitor (JvmPauseMonitor.java:run(188)) - Starting JVM pause monitor
2019-10-14 14:53:11,974 [main] INFO  ha.OMHANodeDetails (OMHANodeDetails.java:loadOMHAConfig(190)) - Configuration either no ozone.om.address set. Falling back to the default OM address /127.0.0.1:0
2019-10-14 14:53:11,974 [main] INFO  ha.OMHANodeDetails (OMHANodeDetails.java:getOMNodeDetails(220)) - OM Service ID is not set. Setting it to the default ID: omServiceIdDefault
2019-10-14 14:53:11,975 [main] WARN  server.ServerUtils (ServerUtils.java:getDBPath(222)) - ozone.om.db.dirs is not configured. We recommend adding this setting. Falling back to ozone.metadata.dirs instead.
2019-10-14 14:53:11,975 [main] WARN  server.ServerUtils (ServerUtils.java:getDBPath(222)) - ozone.om.db.dirs is not configured. We recommend adding this setting. Falling back to ozone.metadata.dirs instead.
2019-10-14 14:53:11,991 [main] WARN  server.ServerUtils (ServerUtils.java:getDBPath(222)) - ozone.om.db.dirs is not configured. We recommend adding this setting. Falling back to ozone.metadata.dirs instead.
2019-10-14 14:53:11,991 [main] INFO  db.DBStoreBuilder (DBStoreBuilder.java:addTable(117)) - using custom profile for table: userTable
2019-10-14 14:53:11,991 [main] INFO  db.DBStoreBuilder (DBStoreBuilder.java:processTables(168)) - Using default column profile:DBProfile.DISK for Table:userTable
2019-10-14 14:53:11,992 [main] INFO  db.DBStoreBuilder (DBStoreBuilder.java:addTable(117)) - using custom profile for table: volumeTable
2019-10-14 14:53:11,992 [main] INFO  db.DBStoreBuilder (DBStoreBuilder.java:processTables(168)) - Using default column profile:DBProfile.DISK for Table:volumeTable
2019-10-14 14:53:11,992 [main] INFO  db.DBStoreBuilder (DBStoreBuilder.java:addTable(117)) - using custom profile for table: bucketTable
2019-10-14 14:53:11,992 [main] INFO  db.DBStoreBuilder (DBStoreBuilder.java:processTables(168)) - Using default column profile:DBProfile.DISK for Table:bucketTable
2019-10-14 14:53:11,992 [main] INFO  db.DBStoreBuilder (DBStoreBuilder.java:addTable(117)) - using custom profile for table: keyTable
2019-10-14 14:53:11,993 [main] INFO  db.DBStoreBuilder (DBStoreBuilder.java:processTables(168)) - Using default column profile:DBProfile.DISK for Table:keyTable
2019-10-14 14:53:11,993 [main] INFO  db.DBStoreBuilder (DBStoreBuilder.java:addTable(117)) - using custom profile for table: deletedTable
2019-10-14 14:53:11,993 [main] INFO  db.DBStoreBuilder (DBStoreBuilder.java:processTables(168)) - Using default column profile:DBProfile.DISK for Table:deletedTable
2019-10-14 14:53:11,993 [main] INFO  db.DBStoreBuilder (DBStoreBuilder.java:addTable(117)) - using custom profile for table: openKeyTable
2019-10-14 14:53:11,993 [main] INFO  db.DBStoreBuilder (DBStoreBuilder.java:processTables(168)) - Using default column profile:DBProfile.DISK for Table:openKeyTable
2019-10-14 14:53:11,994 [main] INFO  db.DBStoreBuilder (DBStoreBuilder.java:addTable(117)) - using custom profile for table: s3Table
2019-10-14 14:53:11,994 [main] INFO  db.DBStoreBuilder (DBStoreBuilder.java:processTables(168)) - Using default column profile:DBProfile.DISK for Table:s3Table
2019-10-14 14:53:11,994 [main] INFO  db.DBStoreBuilder (DBStoreBuilder.java:addTable(117)) - using custom profile for table: multipartInfoTable
2019-10-14 14:53:11,994 [main] INFO  db.DBStoreBuilder (DBStoreBuilder.java:processTables(168)) - Using default column profile:DBProfile.DISK for Table:multipartInfoTable
2019-10-14 14:53:11,994 [main] INFO  db.DBStoreBuilder (DBStoreBuilder.java:addTable(117)) - using custom profile for table: dTokenTable
2019-10-14 14:53:11,995 [main] INFO  db.DBStoreBuilder (DBStoreBuilder.java:processTables(168)) - Using default column profile:DBProfile.DISK for Table:dTokenTable
2019-10-14 14:53:11,995 [main] INFO  db.DBStoreBuilder (DBStoreBuilder.java:addTable(117)) - using custom profile for table: s3SecretTable
2019-10-14 14:53:11,995 [main] INFO  db.DBStoreBuilder (DBStoreBuilder.java:processTables(168)) - Using default column profile:DBProfile.DISK for Table:s3SecretTable
2019-10-14 14:53:11,995 [main] INFO  db.DBStoreBuilder (DBStoreBuilder.java:addTable(117)) - using custom profile for table: prefixTable
2019-10-14 14:53:11,995 [main] INFO  db.DBStoreBuilder (DBStoreBuilder.java:processTables(168)) - Using default column profile:DBProfile.DISK for Table:prefixTable
2019-10-14 14:53:11,996 [main] INFO  db.DBStoreBuilder (DBStoreBuilder.java:addTable(117)) - using custom profile for table: default
2019-10-14 14:53:11,996 [main] INFO  db.DBStoreBuilder (DBStoreBuilder.java:processTables(174)) - Using default column profile:DBProfile.DISK for Table:default
2019-10-14 14:53:11,996 [main] INFO  db.DBStoreBuilder (DBStoreBuilder.java:getDbProfile(205)) - Using default options. DBProfile.DISK
2019-10-14 14:53:12,511 [main] INFO  ipc.CallQueueManager (CallQueueManager.java:<init>(84)) - Using callQueue: class java.util.concurrent.LinkedBlockingQueue, queueCapacity: 2000, scheduler: class org.apache.hadoop.ipc.DefaultRpcScheduler, ipcBackoff: false.
2019-10-14 14:53:12,512 [Socket Reader #1 for port 37310] INFO  ipc.Server (Server.java:run(1074)) - Starting Socket Reader #1 for port 37310
2019-10-14 14:53:12,528 [main] INFO  om.OzoneManager (OzoneManager.java:start(1071)) - OzoneManager RPC server is listening at localhost/127.0.0.1:37310
2019-10-14 14:53:12,528 [main] INFO  impl.MetricsSystemImpl (MetricsSystemImpl.java:init(158)) - OzoneManager metrics system started (again)
2019-10-14 14:53:12,530 [IPC Server Responder] INFO  ipc.Server (Server.java:run(1314)) - IPC Server Responder: starting
2019-10-14 14:53:12,535 [IPC Server listener on 37310] INFO  ipc.Server (Server.java:run(1153)) - IPC Server listener on 37310: starting
2019-10-14 14:53:12,543 [main] INFO  hdfs.DFSUtil (DFSUtil.java:httpServerTemplateForNNAndJN(1641)) - Starting Web-server for ozoneManager at: http://0.0.0.0:0
2019-10-14 14:53:12,545 [main] INFO  server.AuthenticationFilter (AuthenticationFilter.java:constructSecretProvider(240)) - Unable to initialize FileSignerSecretProvider, falling back to use random secrets.
2019-10-14 14:53:12,545 [main] WARN  http.HttpRequestLog (HttpRequestLog.java:getRequestLog(97)) - Jetty request log can only be enabled using Log4j
2019-10-14 14:53:12,547 [main] INFO  http.HttpServer2 (HttpServer2.java:addGlobalFilter(975)) - Added global filter 'safety' (class=org.apache.hadoop.http.HttpServer2$QuotingInputFilter)
2019-10-14 14:53:12,547 [main] INFO  http.HttpServer2 (HttpServer2.java:addFilter(948)) - Added filter static_user_filter (class=org.apache.hadoop.http.lib.StaticUserWebFilter$StaticUserFilter) to context ozoneManager
2019-10-14 14:53:12,547 [main] INFO  http.HttpServer2 (HttpServer2.java:addFilter(958)) - Added filter static_user_filter (class=org.apache.hadoop.http.lib.StaticUserWebFilter$StaticUserFilter) to context logs
2019-10-14 14:53:12,548 [main] INFO  http.HttpServer2 (HttpServer2.java:addFilter(958)) - Added filter static_user_filter (class=org.apache.hadoop.http.lib.StaticUserWebFilter$StaticUserFilter) to context static
2019-10-14 14:53:12,548 [main] INFO  http.HttpServer2 (HttpServer2.java:bindListener(1191)) - Jetty bound to port 35709
2019-10-14 14:53:12,548 [main] INFO  server.Server (Server.java:doStart(351)) - jetty-9.3.25.v20180904, build timestamp: 2018-09-04T21:11:46Z, git hash: 3ce520221d0240229c862b122d2b06c12a625732
2019-10-14 14:53:12,550 [main] INFO  handler.ContextHandler (ContextHandler.java:doStart(781)) - Started o.e.j.s.ServletContextHandler@153d6d74{/logs,file:///workdir/hadoop-ozone/integration-test/target/log,AVAILABLE}
2019-10-14 14:53:12,551 [main] INFO  handler.ContextHandler (ContextHandler.java:doStart(781)) - Started o.e.j.s.ServletContextHandler@299b9851{/static,file:///workdir/hadoop-ozone/integration-test/target/test-classes/webapps/static,AVAILABLE}
2019-10-14 14:53:12,554 [main] INFO  handler.ContextHandler (ContextHandler.java:doStart(781)) - Started o.e.j.w.WebAppContext@281b2dfd{/,file:///workdir/hadoop-ozone/integration-test/target/test-classes/webapps/ozoneManager/,AVAILABLE}{/ozoneManager}
2019-10-14 14:53:12,555 [main] INFO  server.AbstractConnector (AbstractConnector.java:doStart(278)) - Started ServerConnector@492be039{HTTP/1.1,[http/1.1]}{0.0.0.0:35709}
2019-10-14 14:53:12,558 [main] INFO  server.Server (Server.java:doStart(419)) - Started @199960ms
2019-10-14 14:53:12,558 [main] WARN  impl.MetricsSystemImpl (MetricsSystemImpl.java:register(276)) - Sink prometheus already exists!
2019-10-14 14:53:12,559 [main] INFO  server.BaseHttpServer (BaseHttpServer.java:updateConnectorAddress(215)) - HTTP server of OZONEMANAGER is listening at http://0.0.0.0:35709
2019-10-14 14:53:12,574 [main] INFO  impl.MetricsSystemImpl (MetricsSystemImpl.java:init(158)) - HddsDatanode metrics system started (again)
2019-10-14 14:53:12,593 [main] INFO  ozone.HddsDatanodeService (HddsDatanodeService.java:start(184)) - HddsDatanodeService host:pr-hdds-2302-x69hs-1458597746 ip:192.168.157.234
2019-10-14 14:53:12,604 [main] INFO  volume.HddsVolume (HddsVolume.java:<init>(176)) - Creating Volume: /workdir/hadoop-ozone/integration-test/target/test-dir/MiniOzoneClusterImpl-6edfac56-16c0-4f4f-8fb1-01b101fde067/datanode-0/data/containers/hdds of  storage type : DISK and capacity : 1482555576320
2019-10-14 14:53:12,605 [main] INFO  volume.VolumeSet (VolumeSet.java:initializeVolumeSet(170)) - Added Volume : /workdir/hadoop-ozone/integration-test/target/test-dir/MiniOzoneClusterImpl-6edfac56-16c0-4f4f-8fb1-01b101fde067/datanode-0/data/containers/hdds to VolumeSet
2019-10-14 14:53:12,605 [main] INFO  volume.ThrottledAsyncChecker (ThrottledAsyncChecker.java:schedule(141)) - Scheduling a check for org.apache.hadoop.ozone.container.common.volume.HddsVolume@372f0a99
2019-10-14 14:53:12,606 [main] INFO  volume.HddsVolumeChecker (HddsVolumeChecker.java:checkAllVolumes(204)) - Scheduled health check for volume org.apache.hadoop.ozone.container.common.volume.HddsVolume@372f0a99
2019-10-14 14:53:12,621 [main] INFO  impl.RaftServerProxy (ConfUtils.java:logGet(43)) - raft.rpc.type = GRPC (default)
2019-10-14 14:53:12,621 [main] INFO  grpc.GrpcFactory (GrpcFactory.java:checkPooledByteBufAllocatorUseCacheForAllThreads(45)) - PERFORMANCE WARNING: useCacheForAllThreads is true that may cause Netty to create a lot garbage objects and, as a result, trigger GC.
	It is recommended to disable useCacheForAllThreads by setting -Dorg.apache.ratis.thirdparty.io.netty.allocator.useCacheForAllThreads=false in command line.
2019-10-14 14:53:12,621 [main] INFO  grpc.GrpcConfigKeys$Server (ConfUtils.java:logGet(43)) - raft.grpc.server.port = 0 (default)
2019-10-14 14:53:12,621 [main] INFO  server.GrpcService (ConfUtils.java:logGet(43)) - raft.grpc.message.size.max = 33570816 (custom)
2019-10-14 14:53:12,621 [main] INFO  server.RaftServerConfigKeys (ConfUtils.java:logGet(43)) - raft.server.log.appender.buffer.byte-limit = 33554432 (custom)
2019-10-14 14:53:12,622 [main] INFO  server.GrpcService (ConfUtils.java:logGet(43)) - raft.grpc.flow.control.window = 1MB (=1048576) (default)
2019-10-14 14:53:12,622 [main] INFO  server.RaftServerConfigKeys (ConfUtils.java:logGet(43)) - raft.server.rpc.request.timeout = 3000ms (default)
2019-10-14 14:53:12,622 [main] INFO  server.RaftServerConfigKeys (ConfUtils.java:logGet(43)) - raft.server.storage.dir = [/workdir/hadoop-ozone/integration-test/target/test-dir/MiniOzoneClusterImpl-6edfac56-16c0-4f4f-8fb1-01b101fde067/datanode-0/data/ratis] (custom)
2019-10-14 14:53:12,624 [main] INFO  hdfs.DFSUtil (DFSUtil.java:httpServerTemplateForNNAndJN(1641)) - Starting Web-server for hddsDatanode at: http://0.0.0.0:0
2019-10-14 14:53:12,625 [main] INFO  server.AuthenticationFilter (AuthenticationFilter.java:constructSecretProvider(240)) - Unable to initialize FileSignerSecretProvider, falling back to use random secrets.
2019-10-14 14:53:12,625 [main] WARN  http.HttpRequestLog (HttpRequestLog.java:getRequestLog(97)) - Jetty request log can only be enabled using Log4j
2019-10-14 14:53:12,626 [main] INFO  http.HttpServer2 (HttpServer2.java:addGlobalFilter(975)) - Added global filter 'safety' (class=org.apache.hadoop.http.HttpServer2$QuotingInputFilter)
2019-10-14 14:53:12,627 [main] INFO  http.HttpServer2 (HttpServer2.java:addFilter(948)) - Added filter static_user_filter (class=org.apache.hadoop.http.lib.StaticUserWebFilter$StaticUserFilter) to context hddsDatanode
2019-10-14 14:53:12,627 [main] INFO  http.HttpServer2 (HttpServer2.java:addFilter(958)) - Added filter static_user_filter (class=org.apache.hadoop.http.lib.StaticUserWebFilter$StaticUserFilter) to context logs
2019-10-14 14:53:12,627 [main] INFO  http.HttpServer2 (HttpServer2.java:addFilter(958)) - Added filter static_user_filter (class=org.apache.hadoop.http.lib.StaticUserWebFilter$StaticUserFilter) to context static
2019-10-14 14:53:12,628 [main] INFO  http.HttpServer2 (HttpServer2.java:bindListener(1191)) - Jetty bound to port 44639
2019-10-14 14:53:12,628 [main] INFO  server.Server (Server.java:doStart(351)) - jetty-9.3.25.v20180904, build timestamp: 2018-09-04T21:11:46Z, git hash: 3ce520221d0240229c862b122d2b06c12a625732
2019-10-14 14:53:12,630 [main] INFO  handler.ContextHandler (ContextHandler.java:doStart(781)) - Started o.e.j.s.ServletContextHandler@6da54910{/logs,file:///workdir/hadoop-ozone/integration-test/target/log,AVAILABLE}
2019-10-14 14:53:12,630 [main] INFO  handler.ContextHandler (ContextHandler.java:doStart(781)) - Started o.e.j.s.ServletContextHandler@24134cbc{/static,jar:file:/home/user/.m2/repository/org/apache/hadoop/hadoop-hdds-container-service/0.5.0-SNAPSHOT/hadoop-hdds-container-service-0.5.0-SNAPSHOT.jar!/webapps/static,AVAILABLE}
2019-10-14 14:53:12,658 [main] INFO  handler.ContextHandler (ContextHandler.java:doStart(781)) - Started o.e.j.w.WebAppContext@5fef0c19{/,file:///tmp/jetty-0.0.0.0-44639-hddsDatanode-_-any-4305864307179857759.dir/webapp/,AVAILABLE}{/hddsDatanode}
2019-10-14 14:53:12,659 [main] INFO  server.AbstractConnector (AbstractConnector.java:doStart(278)) - Started ServerConnector@2e6d76ba{HTTP/1.1,[http/1.1]}{0.0.0.0:44639}
2019-10-14 14:53:12,662 [main] INFO  server.Server (Server.java:doStart(419)) - Started @200064ms
2019-10-14 14:53:12,662 [main] WARN  impl.MetricsSystemImpl (MetricsSystemImpl.java:register(276)) - Sink prometheus already exists!
2019-10-14 14:53:12,663 [main] INFO  server.BaseHttpServer (BaseHttpServer.java:updateConnectorAddress(215)) - HTTP server of HDDSDATANODE is listening at http://0.0.0.0:44639
2019-10-14 14:53:12,663 [main] INFO  impl.MetricsSystemImpl (MetricsSystemImpl.java:init(158)) - HddsDatanode metrics system started (again)
2019-10-14 14:53:12,682 [org.apache.hadoop.util.JvmPauseMonitor$Monitor@23c2e678] INFO  util.JvmPauseMonitor (JvmPauseMonitor.java:run(188)) - Starting JVM pause monitor
2019-10-14 14:53:12,683 [main] INFO  ozone.HddsDatanodeService (HddsDatanodeService.java:start(184)) - HddsDatanodeService host:pr-hdds-2302-x69hs-1458597746 ip:192.168.157.234
2019-10-14 14:53:12,684 [Datanode State Machine Thread - 0] INFO  datanode.InitDatanodeState (InitDatanodeState.java:persistContainerDatanodeDetails(140)) - DatanodeDetails is persisted to /workdir/hadoop-ozone/integration-test/target/test-dir/MiniOzoneClusterImpl-6edfac56-16c0-4f4f-8fb1-01b101fde067/datanode-0/meta/datanode.id
2019-10-14 14:53:12,693 [main] INFO  volume.HddsVolume (HddsVolume.java:<init>(176)) - Creating Volume: /workdir/hadoop-ozone/integration-test/target/test-dir/MiniOzoneClusterImpl-6edfac56-16c0-4f4f-8fb1-01b101fde067/datanode-1/data/containers/hdds of  storage type : DISK and capacity : 1482555576320
2019-10-14 14:53:12,693 [main] INFO  volume.VolumeSet (VolumeSet.java:initializeVolumeSet(170)) - Added Volume : /workdir/hadoop-ozone/integration-test/target/test-dir/MiniOzoneClusterImpl-6edfac56-16c0-4f4f-8fb1-01b101fde067/datanode-1/data/containers/hdds to VolumeSet
2019-10-14 14:53:12,693 [main] INFO  volume.ThrottledAsyncChecker (ThrottledAsyncChecker.java:schedule(141)) - Scheduling a check for org.apache.hadoop.ozone.container.common.volume.HddsVolume@50598a1a
2019-10-14 14:53:12,694 [main] INFO  volume.HddsVolumeChecker (HddsVolumeChecker.java:checkAllVolumes(204)) - Scheduled health check for volume org.apache.hadoop.ozone.container.common.volume.HddsVolume@50598a1a
2019-10-14 14:53:12,714 [main] INFO  impl.RaftServerProxy (ConfUtils.java:logGet(43)) - raft.rpc.type = GRPC (default)
2019-10-14 14:53:12,714 [main] INFO  grpc.GrpcFactory (GrpcFactory.java:checkPooledByteBufAllocatorUseCacheForAllThreads(45)) - PERFORMANCE WARNING: useCacheForAllThreads is true that may cause Netty to create a lot garbage objects and, as a result, trigger GC.
	It is recommended to disable useCacheForAllThreads by setting -Dorg.apache.ratis.thirdparty.io.netty.allocator.useCacheForAllThreads=false in command line.
2019-10-14 14:53:12,714 [main] INFO  grpc.GrpcConfigKeys$Server (ConfUtils.java:logGet(43)) - raft.grpc.server.port = 0 (default)
2019-10-14 14:53:12,714 [main] INFO  server.GrpcService (ConfUtils.java:logGet(43)) - raft.grpc.message.size.max = 33570816 (custom)
2019-10-14 14:53:12,714 [main] INFO  server.RaftServerConfigKeys (ConfUtils.java:logGet(43)) - raft.server.log.appender.buffer.byte-limit = 33554432 (custom)
2019-10-14 14:53:12,715 [main] INFO  server.GrpcService (ConfUtils.java:logGet(43)) - raft.grpc.flow.control.window = 1MB (=1048576) (default)
2019-10-14 14:53:12,715 [main] INFO  server.RaftServerConfigKeys (ConfUtils.java:logGet(43)) - raft.server.rpc.request.timeout = 3000ms (default)
2019-10-14 14:53:12,715 [main] INFO  server.RaftServerConfigKeys (ConfUtils.java:logGet(43)) - raft.server.storage.dir = [/workdir/hadoop-ozone/integration-test/target/test-dir/MiniOzoneClusterImpl-6edfac56-16c0-4f4f-8fb1-01b101fde067/datanode-1/data/ratis] (custom)
2019-10-14 14:53:12,716 [main] INFO  hdfs.DFSUtil (DFSUtil.java:httpServerTemplateForNNAndJN(1641)) - Starting Web-server for hddsDatanode at: http://0.0.0.0:0
2019-10-14 14:53:12,717 [main] INFO  server.AuthenticationFilter (AuthenticationFilter.java:constructSecretProvider(240)) - Unable to initialize FileSignerSecretProvider, falling back to use random secrets.
2019-10-14 14:53:12,718 [main] WARN  http.HttpRequestLog (HttpRequestLog.java:getRequestLog(97)) - Jetty request log can only be enabled using Log4j
2019-10-14 14:53:12,719 [main] INFO  http.HttpServer2 (HttpServer2.java:addGlobalFilter(975)) - Added global filter 'safety' (class=org.apache.hadoop.http.HttpServer2$QuotingInputFilter)
2019-10-14 14:53:12,719 [main] INFO  http.HttpServer2 (HttpServer2.java:addFilter(948)) - Added filter static_user_filter (class=org.apache.hadoop.http.lib.StaticUserWebFilter$StaticUserFilter) to context hddsDatanode
2019-10-14 14:53:12,720 [main] INFO  http.HttpServer2 (HttpServer2.java:addFilter(958)) - Added filter static_user_filter (class=org.apache.hadoop.http.lib.StaticUserWebFilter$StaticUserFilter) to context logs
2019-10-14 14:53:12,720 [main] INFO  http.HttpServer2 (HttpServer2.java:addFilter(958)) - Added filter static_user_filter (class=org.apache.hadoop.http.lib.StaticUserWebFilter$StaticUserFilter) to context static
2019-10-14 14:53:12,720 [main] INFO  http.HttpServer2 (HttpServer2.java:bindListener(1191)) - Jetty bound to port 40703
2019-10-14 14:53:12,720 [main] INFO  server.Server (Server.java:doStart(351)) - jetty-9.3.25.v20180904, build timestamp: 2018-09-04T21:11:46Z, git hash: 3ce520221d0240229c862b122d2b06c12a625732
2019-10-14 14:53:12,722 [main] INFO  handler.ContextHandler (ContextHandler.java:doStart(781)) - Started o.e.j.s.ServletContextHandler@8b13d91{/logs,file:///workdir/hadoop-ozone/integration-test/target/log,AVAILABLE}
2019-10-14 14:53:12,723 [main] INFO  handler.ContextHandler (ContextHandler.java:doStart(781)) - Started o.e.j.s.ServletContextHandler@2589d787{/static,jar:file:/home/user/.m2/repository/org/apache/hadoop/hadoop-hdds-container-service/0.5.0-SNAPSHOT/hadoop-hdds-container-service-0.5.0-SNAPSHOT.jar!/webapps/static,AVAILABLE}
2019-10-14 14:53:12,751 [main] INFO  handler.ContextHandler (ContextHandler.java:doStart(781)) - Started o.e.j.w.WebAppContext@6cbb7a7d{/,file:///tmp/jetty-0.0.0.0-40703-hddsDatanode-_-any-8166479167879876491.dir/webapp/,AVAILABLE}{/hddsDatanode}
2019-10-14 14:53:12,751 [main] INFO  server.AbstractConnector (AbstractConnector.java:doStart(278)) - Started ServerConnector@cdb3c85{HTTP/1.1,[http/1.1]}{0.0.0.0:40703}
2019-10-14 14:53:12,755 [main] INFO  server.Server (Server.java:doStart(419)) - Started @200157ms
2019-10-14 14:53:12,755 [main] WARN  impl.MetricsSystemImpl (MetricsSystemImpl.java:register(276)) - Sink prometheus already exists!
2019-10-14 14:53:12,756 [main] INFO  server.BaseHttpServer (BaseHttpServer.java:updateConnectorAddress(215)) - HTTP server of HDDSDATANODE is listening at http://0.0.0.0:40703
2019-10-14 14:53:12,756 [main] INFO  impl.MetricsSystemImpl (MetricsSystemImpl.java:init(158)) - HddsDatanode metrics system started (again)
2019-10-14 14:53:12,776 [org.apache.hadoop.util.JvmPauseMonitor$Monitor@bbb178b] INFO  util.JvmPauseMonitor (JvmPauseMonitor.java:run(188)) - Starting JVM pause monitor
2019-10-14 14:53:12,778 [main] INFO  ozone.HddsDatanodeService (HddsDatanodeService.java:start(184)) - HddsDatanodeService host:pr-hdds-2302-x69hs-1458597746 ip:192.168.157.234
2019-10-14 14:53:12,778 [Datanode State Machine Thread - 0] INFO  datanode.InitDatanodeState (InitDatanodeState.java:persistContainerDatanodeDetails(140)) - DatanodeDetails is persisted to /workdir/hadoop-ozone/integration-test/target/test-dir/MiniOzoneClusterImpl-6edfac56-16c0-4f4f-8fb1-01b101fde067/datanode-1/meta/datanode.id
2019-10-14 14:53:12,788 [main] INFO  volume.HddsVolume (HddsVolume.java:<init>(176)) - Creating Volume: /workdir/hadoop-ozone/integration-test/target/test-dir/MiniOzoneClusterImpl-6edfac56-16c0-4f4f-8fb1-01b101fde067/datanode-2/data/containers/hdds of  storage type : DISK and capacity : 1482555576320
2019-10-14 14:53:12,788 [main] INFO  volume.VolumeSet (VolumeSet.java:initializeVolumeSet(170)) - Added Volume : /workdir/hadoop-ozone/integration-test/target/test-dir/MiniOzoneClusterImpl-6edfac56-16c0-4f4f-8fb1-01b101fde067/datanode-2/data/containers/hdds to VolumeSet
2019-10-14 14:53:12,788 [main] INFO  volume.ThrottledAsyncChecker (ThrottledAsyncChecker.java:schedule(141)) - Scheduling a check for org.apache.hadoop.ozone.container.common.volume.HddsVolume@34279b8a
2019-10-14 14:53:12,789 [main] INFO  volume.HddsVolumeChecker (HddsVolumeChecker.java:checkAllVolumes(204)) - Scheduled health check for volume org.apache.hadoop.ozone.container.common.volume.HddsVolume@34279b8a
2019-10-14 14:53:12,807 [main] INFO  impl.RaftServerProxy (ConfUtils.java:logGet(43)) - raft.rpc.type = GRPC (default)
2019-10-14 14:53:12,807 [main] INFO  grpc.GrpcFactory (GrpcFactory.java:checkPooledByteBufAllocatorUseCacheForAllThreads(45)) - PERFORMANCE WARNING: useCacheForAllThreads is true that may cause Netty to create a lot garbage objects and, as a result, trigger GC.
	It is recommended to disable useCacheForAllThreads by setting -Dorg.apache.ratis.thirdparty.io.netty.allocator.useCacheForAllThreads=false in command line.
2019-10-14 14:53:12,807 [main] INFO  grpc.GrpcConfigKeys$Server (ConfUtils.java:logGet(43)) - raft.grpc.server.port = 0 (default)
2019-10-14 14:53:12,807 [main] INFO  server.GrpcService (ConfUtils.java:logGet(43)) - raft.grpc.message.size.max = 33570816 (custom)
2019-10-14 14:53:12,807 [main] INFO  server.RaftServerConfigKeys (ConfUtils.java:logGet(43)) - raft.server.log.appender.buffer.byte-limit = 33554432 (custom)
2019-10-14 14:53:12,808 [main] INFO  server.GrpcService (ConfUtils.java:logGet(43)) - raft.grpc.flow.control.window = 1MB (=1048576) (default)
2019-10-14 14:53:12,808 [main] INFO  server.RaftServerConfigKeys (ConfUtils.java:logGet(43)) - raft.server.rpc.request.timeout = 3000ms (default)
2019-10-14 14:53:12,808 [main] INFO  server.RaftServerConfigKeys (ConfUtils.java:logGet(43)) - raft.server.storage.dir = [/workdir/hadoop-ozone/integration-test/target/test-dir/MiniOzoneClusterImpl-6edfac56-16c0-4f4f-8fb1-01b101fde067/datanode-2/data/ratis] (custom)
2019-10-14 14:53:12,809 [main] INFO  hdfs.DFSUtil (DFSUtil.java:httpServerTemplateForNNAndJN(1641)) - Starting Web-server for hddsDatanode at: http://0.0.0.0:0
2019-10-14 14:53:12,811 [main] INFO  server.AuthenticationFilter (AuthenticationFilter.java:constructSecretProvider(240)) - Unable to initialize FileSignerSecretProvider, falling back to use random secrets.
2019-10-14 14:53:12,811 [main] WARN  http.HttpRequestLog (HttpRequestLog.java:getRequestLog(97)) - Jetty request log can only be enabled using Log4j
2019-10-14 14:53:12,813 [main] INFO  http.HttpServer2 (HttpServer2.java:addGlobalFilter(975)) - Added global filter 'safety' (class=org.apache.hadoop.http.HttpServer2$QuotingInputFilter)
2019-10-14 14:53:12,813 [main] INFO  http.HttpServer2 (HttpServer2.java:addFilter(948)) - Added filter static_user_filter (class=org.apache.hadoop.http.lib.StaticUserWebFilter$StaticUserFilter) to context hddsDatanode
2019-10-14 14:53:12,813 [main] INFO  http.HttpServer2 (HttpServer2.java:addFilter(958)) - Added filter static_user_filter (class=org.apache.hadoop.http.lib.StaticUserWebFilter$StaticUserFilter) to context static
2019-10-14 14:53:12,813 [main] INFO  http.HttpServer2 (HttpServer2.java:addFilter(958)) - Added filter static_user_filter (class=org.apache.hadoop.http.lib.StaticUserWebFilter$StaticUserFilter) to context logs
2019-10-14 14:53:12,814 [main] INFO  http.HttpServer2 (HttpServer2.java:bindListener(1191)) - Jetty bound to port 42079
2019-10-14 14:53:12,814 [main] INFO  server.Server (Server.java:doStart(351)) - jetty-9.3.25.v20180904, build timestamp: 2018-09-04T21:11:46Z, git hash: 3ce520221d0240229c862b122d2b06c12a625732
2019-10-14 14:53:12,816 [main] INFO  handler.ContextHandler (ContextHandler.java:doStart(781)) - Started o.e.j.s.ServletContextHandler@69a40b3c{/logs,file:///workdir/hadoop-ozone/integration-test/target/log,AVAILABLE}
2019-10-14 14:53:12,817 [main] INFO  handler.ContextHandler (ContextHandler.java:doStart(781)) - Started o.e.j.s.ServletContextHandler@6629643d{/static,jar:file:/home/user/.m2/repository/org/apache/hadoop/hadoop-hdds-container-service/0.5.0-SNAPSHOT/hadoop-hdds-container-service-0.5.0-SNAPSHOT.jar!/webapps/static,AVAILABLE}
2019-10-14 14:53:12,845 [main] INFO  handler.ContextHandler (ContextHandler.java:doStart(781)) - Started o.e.j.w.WebAppContext@2725ca05{/,file:///tmp/jetty-0.0.0.0-42079-hddsDatanode-_-any-7471208768663160291.dir/webapp/,AVAILABLE}{/hddsDatanode}
2019-10-14 14:53:12,846 [main] INFO  server.AbstractConnector (AbstractConnector.java:doStart(278)) - Started ServerConnector@7b9088f2{HTTP/1.1,[http/1.1]}{0.0.0.0:42079}
2019-10-14 14:53:12,849 [main] INFO  server.Server (Server.java:doStart(419)) - Started @200251ms
2019-10-14 14:53:12,849 [main] WARN  impl.MetricsSystemImpl (MetricsSystemImpl.java:register(276)) - Sink prometheus already exists!
2019-10-14 14:53:12,850 [main] INFO  server.BaseHttpServer (BaseHttpServer.java:updateConnectorAddress(215)) - HTTP server of HDDSDATANODE is listening at http://0.0.0.0:42079
2019-10-14 14:53:12,850 [main] INFO  impl.MetricsSystemImpl (MetricsSystemImpl.java:init(158)) - HddsDatanode metrics system started (again)
2019-10-14 14:53:12,871 [org.apache.hadoop.util.JvmPauseMonitor$Monitor@2b6f415a] INFO  util.JvmPauseMonitor (JvmPauseMonitor.java:run(188)) - Starting JVM pause monitor
2019-10-14 14:53:12,872 [Datanode State Machine Thread - 0] INFO  datanode.InitDatanodeState (InitDatanodeState.java:persistContainerDatanodeDetails(140)) - DatanodeDetails is persisted to /workdir/hadoop-ozone/integration-test/target/test-dir/MiniOzoneClusterImpl-6edfac56-16c0-4f4f-8fb1-01b101fde067/datanode-2/meta/datanode.id
2019-10-14 14:53:12,873 [main] INFO  ozone.HddsDatanodeService (HddsDatanodeService.java:start(184)) - HddsDatanodeService host:pr-hdds-2302-x69hs-1458597746 ip:192.168.157.234
2019-10-14 14:53:12,882 [main] INFO  volume.HddsVolume (HddsVolume.java:<init>(176)) - Creating Volume: /workdir/hadoop-ozone/integration-test/target/test-dir/MiniOzoneClusterImpl-6edfac56-16c0-4f4f-8fb1-01b101fde067/datanode-3/data/containers/hdds of  storage type : DISK and capacity : 1482555576320
2019-10-14 14:53:12,882 [main] INFO  volume.VolumeSet (VolumeSet.java:initializeVolumeSet(170)) - Added Volume : /workdir/hadoop-ozone/integration-test/target/test-dir/MiniOzoneClusterImpl-6edfac56-16c0-4f4f-8fb1-01b101fde067/datanode-3/data/containers/hdds to VolumeSet
2019-10-14 14:53:12,882 [main] INFO  volume.ThrottledAsyncChecker (ThrottledAsyncChecker.java:schedule(141)) - Scheduling a check for org.apache.hadoop.ozone.container.common.volume.HddsVolume@6ac45c0c
2019-10-14 14:53:12,883 [main] INFO  volume.HddsVolumeChecker (HddsVolumeChecker.java:checkAllVolumes(204)) - Scheduled health check for volume org.apache.hadoop.ozone.container.common.volume.HddsVolume@6ac45c0c
2019-10-14 14:53:12,900 [main] INFO  impl.RaftServerProxy (ConfUtils.java:logGet(43)) - raft.rpc.type = GRPC (default)
2019-10-14 14:53:12,900 [main] INFO  grpc.GrpcFactory (GrpcFactory.java:checkPooledByteBufAllocatorUseCacheForAllThreads(45)) - PERFORMANCE WARNING: useCacheForAllThreads is true that may cause Netty to create a lot garbage objects and, as a result, trigger GC.
	It is recommended to disable useCacheForAllThreads by setting -Dorg.apache.ratis.thirdparty.io.netty.allocator.useCacheForAllThreads=false in command line.
2019-10-14 14:53:12,901 [main] INFO  grpc.GrpcConfigKeys$Server (ConfUtils.java:logGet(43)) - raft.grpc.server.port = 0 (default)
2019-10-14 14:53:12,901 [main] INFO  server.GrpcService (ConfUtils.java:logGet(43)) - raft.grpc.message.size.max = 33570816 (custom)
2019-10-14 14:53:12,901 [main] INFO  server.RaftServerConfigKeys (ConfUtils.java:logGet(43)) - raft.server.log.appender.buffer.byte-limit = 33554432 (custom)
2019-10-14 14:53:12,901 [main] INFO  server.GrpcService (ConfUtils.java:logGet(43)) - raft.grpc.flow.control.window = 1MB (=1048576) (default)
2019-10-14 14:53:12,901 [main] INFO  server.RaftServerConfigKeys (ConfUtils.java:logGet(43)) - raft.server.rpc.request.timeout = 3000ms (default)
2019-10-14 14:53:12,902 [main] INFO  server.RaftServerConfigKeys (ConfUtils.java:logGet(43)) - raft.server.storage.dir = [/workdir/hadoop-ozone/integration-test/target/test-dir/MiniOzoneClusterImpl-6edfac56-16c0-4f4f-8fb1-01b101fde067/datanode-3/data/ratis] (custom)
2019-10-14 14:53:12,903 [main] INFO  hdfs.DFSUtil (DFSUtil.java:httpServerTemplateForNNAndJN(1641)) - Starting Web-server for hddsDatanode at: http://0.0.0.0:0
2019-10-14 14:53:12,904 [main] INFO  server.AuthenticationFilter (AuthenticationFilter.java:constructSecretProvider(240)) - Unable to initialize FileSignerSecretProvider, falling back to use random secrets.
2019-10-14 14:53:12,905 [main] WARN  http.HttpRequestLog (HttpRequestLog.java:getRequestLog(97)) - Jetty request log can only be enabled using Log4j
2019-10-14 14:53:12,906 [main] INFO  http.HttpServer2 (HttpServer2.java:addGlobalFilter(975)) - Added global filter 'safety' (class=org.apache.hadoop.http.HttpServer2$QuotingInputFilter)
2019-10-14 14:53:12,907 [main] INFO  http.HttpServer2 (HttpServer2.java:addFilter(948)) - Added filter static_user_filter (class=org.apache.hadoop.http.lib.StaticUserWebFilter$StaticUserFilter) to context hddsDatanode
2019-10-14 14:53:12,907 [main] INFO  http.HttpServer2 (HttpServer2.java:addFilter(958)) - Added filter static_user_filter (class=org.apache.hadoop.http.lib.StaticUserWebFilter$StaticUserFilter) to context logs
2019-10-14 14:53:12,907 [main] INFO  http.HttpServer2 (HttpServer2.java:addFilter(958)) - Added filter static_user_filter (class=org.apache.hadoop.http.lib.StaticUserWebFilter$StaticUserFilter) to context static
2019-10-14 14:53:12,908 [main] INFO  http.HttpServer2 (HttpServer2.java:bindListener(1191)) - Jetty bound to port 44175
2019-10-14 14:53:12,908 [main] INFO  server.Server (Server.java:doStart(351)) - jetty-9.3.25.v20180904, build timestamp: 2018-09-04T21:11:46Z, git hash: 3ce520221d0240229c862b122d2b06c12a625732
2019-10-14 14:53:12,910 [main] INFO  handler.ContextHandler (ContextHandler.java:doStart(781)) - Started o.e.j.s.ServletContextHandler@7d59e968{/logs,file:///workdir/hadoop-ozone/integration-test/target/log,AVAILABLE}
2019-10-14 14:53:12,910 [main] INFO  handler.ContextHandler (ContextHandler.java:doStart(781)) - Started o.e.j.s.ServletContextHandler@581c9bb7{/static,jar:file:/home/user/.m2/repository/org/apache/hadoop/hadoop-hdds-container-service/0.5.0-SNAPSHOT/hadoop-hdds-container-service-0.5.0-SNAPSHOT.jar!/webapps/static,AVAILABLE}
2019-10-14 14:53:12,939 [main] INFO  handler.ContextHandler (ContextHandler.java:doStart(781)) - Started o.e.j.w.WebAppContext@28b8f98a{/,file:///tmp/jetty-0.0.0.0-44175-hddsDatanode-_-any-1097134346927721712.dir/webapp/,AVAILABLE}{/hddsDatanode}
2019-10-14 14:53:12,939 [main] INFO  server.AbstractConnector (AbstractConnector.java:doStart(278)) - Started ServerConnector@3b4ef59f{HTTP/1.1,[http/1.1]}{0.0.0.0:44175}
2019-10-14 14:53:12,943 [main] INFO  server.Server (Server.java:doStart(419)) - Started @200345ms
2019-10-14 14:53:12,943 [main] WARN  impl.MetricsSystemImpl (MetricsSystemImpl.java:register(276)) - Sink prometheus already exists!
2019-10-14 14:53:12,944 [main] INFO  server.BaseHttpServer (BaseHttpServer.java:updateConnectorAddress(215)) - HTTP server of HDDSDATANODE is listening at http://0.0.0.0:44175
2019-10-14 14:53:12,944 [main] INFO  impl.MetricsSystemImpl (MetricsSystemImpl.java:init(158)) - HddsDatanode metrics system started (again)
2019-10-14 14:53:12,965 [org.apache.hadoop.util.JvmPauseMonitor$Monitor@30e066ec] INFO  util.JvmPauseMonitor (JvmPauseMonitor.java:run(188)) - Starting JVM pause monitor
2019-10-14 14:53:12,966 [Datanode State Machine Thread - 0] INFO  datanode.InitDatanodeState (InitDatanodeState.java:persistContainerDatanodeDetails(140)) - DatanodeDetails is persisted to /workdir/hadoop-ozone/integration-test/target/test-dir/MiniOzoneClusterImpl-6edfac56-16c0-4f4f-8fb1-01b101fde067/datanode-3/meta/datanode.id
2019-10-14 14:53:12,966 [main] INFO  ozone.HddsDatanodeService (HddsDatanodeService.java:start(184)) - HddsDatanodeService host:pr-hdds-2302-x69hs-1458597746 ip:192.168.157.234
2019-10-14 14:53:12,976 [main] INFO  volume.HddsVolume (HddsVolume.java:<init>(176)) - Creating Volume: /workdir/hadoop-ozone/integration-test/target/test-dir/MiniOzoneClusterImpl-6edfac56-16c0-4f4f-8fb1-01b101fde067/datanode-4/data/containers/hdds of  storage type : DISK and capacity : 1482555576320
2019-10-14 14:53:12,977 [main] INFO  volume.VolumeSet (VolumeSet.java:initializeVolumeSet(170)) - Added Volume : /workdir/hadoop-ozone/integration-test/target/test-dir/MiniOzoneClusterImpl-6edfac56-16c0-4f4f-8fb1-01b101fde067/datanode-4/data/containers/hdds to VolumeSet
2019-10-14 14:53:12,977 [main] INFO  volume.ThrottledAsyncChecker (ThrottledAsyncChecker.java:schedule(141)) - Scheduling a check for org.apache.hadoop.ozone.container.common.volume.HddsVolume@5eb87338
2019-10-14 14:53:12,977 [main] INFO  volume.HddsVolumeChecker (HddsVolumeChecker.java:checkAllVolumes(204)) - Scheduled health check for volume org.apache.hadoop.ozone.container.common.volume.HddsVolume@5eb87338
2019-10-14 14:53:12,993 [main] INFO  impl.RaftServerProxy (ConfUtils.java:logGet(43)) - raft.rpc.type = GRPC (default)
2019-10-14 14:53:12,993 [main] INFO  grpc.GrpcFactory (GrpcFactory.java:checkPooledByteBufAllocatorUseCacheForAllThreads(45)) - PERFORMANCE WARNING: useCacheForAllThreads is true that may cause Netty to create a lot garbage objects and, as a result, trigger GC.
	It is recommended to disable useCacheForAllThreads by setting -Dorg.apache.ratis.thirdparty.io.netty.allocator.useCacheForAllThreads=false in command line.
2019-10-14 14:53:12,993 [main] INFO  grpc.GrpcConfigKeys$Server (ConfUtils.java:logGet(43)) - raft.grpc.server.port = 0 (default)
2019-10-14 14:53:12,993 [main] INFO  server.GrpcService (ConfUtils.java:logGet(43)) - raft.grpc.message.size.max = 33570816 (custom)
2019-10-14 14:53:12,993 [main] INFO  server.RaftServerConfigKeys (ConfUtils.java:logGet(43)) - raft.server.log.appender.buffer.byte-limit = 33554432 (custom)
2019-10-14 14:53:12,994 [main] INFO  server.GrpcService (ConfUtils.java:logGet(43)) - raft.grpc.flow.control.window = 1MB (=1048576) (default)
2019-10-14 14:53:12,994 [main] INFO  server.RaftServerConfigKeys (ConfUtils.java:logGet(43)) - raft.server.rpc.request.timeout = 3000ms (default)
2019-10-14 14:53:12,994 [main] INFO  server.RaftServerConfigKeys (ConfUtils.java:logGet(43)) - raft.server.storage.dir = [/workdir/hadoop-ozone/integration-test/target/test-dir/MiniOzoneClusterImpl-6edfac56-16c0-4f4f-8fb1-01b101fde067/datanode-4/data/ratis] (custom)
2019-10-14 14:53:12,995 [main] INFO  hdfs.DFSUtil (DFSUtil.java:httpServerTemplateForNNAndJN(1641)) - Starting Web-server for hddsDatanode at: http://0.0.0.0:0
2019-10-14 14:53:12,997 [main] INFO  server.AuthenticationFilter (AuthenticationFilter.java:constructSecretProvider(240)) - Unable to initialize FileSignerSecretProvider, falling back to use random secrets.
2019-10-14 14:53:12,997 [main] WARN  http.HttpRequestLog (HttpRequestLog.java:getRequestLog(97)) - Jetty request log can only be enabled using Log4j
2019-10-14 14:53:12,999 [main] INFO  http.HttpServer2 (HttpServer2.java:addGlobalFilter(975)) - Added global filter 'safety' (class=org.apache.hadoop.http.HttpServer2$QuotingInputFilter)
2019-10-14 14:53:12,999 [main] INFO  http.HttpServer2 (HttpServer2.java:addFilter(948)) - Added filter static_user_filter (class=org.apache.hadoop.http.lib.StaticUserWebFilter$StaticUserFilter) to context hddsDatanode
2019-10-14 14:53:12,999 [main] INFO  http.HttpServer2 (HttpServer2.java:addFilter(958)) - Added filter static_user_filter (class=org.apache.hadoop.http.lib.StaticUserWebFilter$StaticUserFilter) to context static
2019-10-14 14:53:13,000 [main] INFO  http.HttpServer2 (HttpServer2.java:addFilter(958)) - Added filter static_user_filter (class=org.apache.hadoop.http.lib.StaticUserWebFilter$StaticUserFilter) to context logs
2019-10-14 14:53:13,000 [main] INFO  http.HttpServer2 (HttpServer2.java:bindListener(1191)) - Jetty bound to port 37514
2019-10-14 14:53:13,000 [main] INFO  server.Server (Server.java:doStart(351)) - jetty-9.3.25.v20180904, build timestamp: 2018-09-04T21:11:46Z, git hash: 3ce520221d0240229c862b122d2b06c12a625732
2019-10-14 14:53:13,002 [main] INFO  handler.ContextHandler (ContextHandler.java:doStart(781)) - Started o.e.j.s.ServletContextHandler@5b8853{/logs,file:///workdir/hadoop-ozone/integration-test/target/log,AVAILABLE}
2019-10-14 14:53:13,002 [main] INFO  handler.ContextHandler (ContextHandler.java:doStart(781)) - Started o.e.j.s.ServletContextHandler@5d1bdd4a{/static,jar:file:/home/user/.m2/repository/org/apache/hadoop/hadoop-hdds-container-service/0.5.0-SNAPSHOT/hadoop-hdds-container-service-0.5.0-SNAPSHOT.jar!/webapps/static,AVAILABLE}
2019-10-14 14:53:13,033 [main] INFO  handler.ContextHandler (ContextHandler.java:doStart(781)) - Started o.e.j.w.WebAppContext@7a606260{/,file:///tmp/jetty-0.0.0.0-37514-hddsDatanode-_-any-4206870108191429891.dir/webapp/,AVAILABLE}{/hddsDatanode}
2019-10-14 14:53:13,033 [main] INFO  server.AbstractConnector (AbstractConnector.java:doStart(278)) - Started ServerConnector@5dbab232{HTTP/1.1,[http/1.1]}{0.0.0.0:37514}
2019-10-14 14:53:13,043 [main] INFO  server.Server (Server.java:doStart(419)) - Started @200445ms
2019-10-14 14:53:13,043 [main] WARN  impl.MetricsSystemImpl (MetricsSystemImpl.java:register(276)) - Sink prometheus already exists!
2019-10-14 14:53:13,044 [main] INFO  server.BaseHttpServer (BaseHttpServer.java:updateConnectorAddress(215)) - HTTP server of HDDSDATANODE is listening at http://0.0.0.0:37514
2019-10-14 14:53:13,044 [main] INFO  impl.MetricsSystemImpl (MetricsSystemImpl.java:init(158)) - HddsDatanode metrics system started (again)
2019-10-14 14:53:13,046 [org.apache.hadoop.util.JvmPauseMonitor$Monitor@6bf9784c] INFO  util.JvmPauseMonitor (JvmPauseMonitor.java:run(188)) - Starting JVM pause monitor
2019-10-14 14:53:13,069 [Datanode State Machine Thread - 0] INFO  datanode.InitDatanodeState (InitDatanodeState.java:persistContainerDatanodeDetails(140)) - DatanodeDetails is persisted to /workdir/hadoop-ozone/integration-test/target/test-dir/MiniOzoneClusterImpl-6edfac56-16c0-4f4f-8fb1-01b101fde067/datanode-4/meta/datanode.id
2019-10-14 14:53:13,069 [main] INFO  ozone.HddsDatanodeService (HddsDatanodeService.java:start(184)) - HddsDatanodeService host:pr-hdds-2302-x69hs-1458597746 ip:192.168.157.234
2019-10-14 14:53:13,080 [main] INFO  volume.HddsVolume (HddsVolume.java:<init>(176)) - Creating Volume: /workdir/hadoop-ozone/integration-test/target/test-dir/MiniOzoneClusterImpl-6edfac56-16c0-4f4f-8fb1-01b101fde067/datanode-5/data/containers/hdds of  storage type : DISK and capacity : 1482555576320
2019-10-14 14:53:13,080 [main] INFO  volume.VolumeSet (VolumeSet.java:initializeVolumeSet(170)) - Added Volume : /workdir/hadoop-ozone/integration-test/target/test-dir/MiniOzoneClusterImpl-6edfac56-16c0-4f4f-8fb1-01b101fde067/datanode-5/data/containers/hdds to VolumeSet
2019-10-14 14:53:13,081 [main] INFO  volume.ThrottledAsyncChecker (ThrottledAsyncChecker.java:schedule(141)) - Scheduling a check for org.apache.hadoop.ozone.container.common.volume.HddsVolume@511da44f
2019-10-14 14:53:13,081 [main] INFO  volume.HddsVolumeChecker (HddsVolumeChecker.java:checkAllVolumes(204)) - Scheduled health check for volume org.apache.hadoop.ozone.container.common.volume.HddsVolume@511da44f
2019-10-14 14:53:13,098 [main] INFO  impl.RaftServerProxy (ConfUtils.java:logGet(43)) - raft.rpc.type = GRPC (default)
2019-10-14 14:53:13,098 [main] INFO  grpc.GrpcFactory (GrpcFactory.java:checkPooledByteBufAllocatorUseCacheForAllThreads(45)) - PERFORMANCE WARNING: useCacheForAllThreads is true that may cause Netty to create a lot garbage objects and, as a result, trigger GC.
	It is recommended to disable useCacheForAllThreads by setting -Dorg.apache.ratis.thirdparty.io.netty.allocator.useCacheForAllThreads=false in command line.
2019-10-14 14:53:13,098 [main] INFO  grpc.GrpcConfigKeys$Server (ConfUtils.java:logGet(43)) - raft.grpc.server.port = 0 (default)
2019-10-14 14:53:13,099 [main] INFO  server.GrpcService (ConfUtils.java:logGet(43)) - raft.grpc.message.size.max = 33570816 (custom)
2019-10-14 14:53:13,099 [main] INFO  server.RaftServerConfigKeys (ConfUtils.java:logGet(43)) - raft.server.log.appender.buffer.byte-limit = 33554432 (custom)
2019-10-14 14:53:13,099 [main] INFO  server.GrpcService (ConfUtils.java:logGet(43)) - raft.grpc.flow.control.window = 1MB (=1048576) (default)
2019-10-14 14:53:13,099 [main] INFO  server.RaftServerConfigKeys (ConfUtils.java:logGet(43)) - raft.server.rpc.request.timeout = 3000ms (default)
2019-10-14 14:53:13,100 [main] INFO  server.RaftServerConfigKeys (ConfUtils.java:logGet(43)) - raft.server.storage.dir = [/workdir/hadoop-ozone/integration-test/target/test-dir/MiniOzoneClusterImpl-6edfac56-16c0-4f4f-8fb1-01b101fde067/datanode-5/data/ratis] (custom)
2019-10-14 14:53:13,101 [main] INFO  hdfs.DFSUtil (DFSUtil.java:httpServerTemplateForNNAndJN(1641)) - Starting Web-server for hddsDatanode at: http://0.0.0.0:0
2019-10-14 14:53:13,102 [main] INFO  server.AuthenticationFilter (AuthenticationFilter.java:constructSecretProvider(240)) - Unable to initialize FileSignerSecretProvider, falling back to use random secrets.
2019-10-14 14:53:13,103 [main] WARN  http.HttpRequestLog (HttpRequestLog.java:getRequestLog(97)) - Jetty request log can only be enabled using Log4j
2019-10-14 14:53:13,104 [main] INFO  http.HttpServer2 (HttpServer2.java:addGlobalFilter(975)) - Added global filter 'safety' (class=org.apache.hadoop.http.HttpServer2$QuotingInputFilter)
2019-10-14 14:53:13,105 [main] INFO  http.HttpServer2 (HttpServer2.java:addFilter(948)) - Added filter static_user_filter (class=org.apache.hadoop.http.lib.StaticUserWebFilter$StaticUserFilter) to context hddsDatanode
2019-10-14 14:53:13,105 [main] INFO  http.HttpServer2 (HttpServer2.java:addFilter(958)) - Added filter static_user_filter (class=org.apache.hadoop.http.lib.StaticUserWebFilter$StaticUserFilter) to context logs
2019-10-14 14:53:13,105 [main] INFO  http.HttpServer2 (HttpServer2.java:addFilter(958)) - Added filter static_user_filter (class=org.apache.hadoop.http.lib.StaticUserWebFilter$StaticUserFilter) to context static
2019-10-14 14:53:13,106 [main] INFO  http.HttpServer2 (HttpServer2.java:bindListener(1191)) - Jetty bound to port 38881
2019-10-14 14:53:13,106 [main] INFO  server.Server (Server.java:doStart(351)) - jetty-9.3.25.v20180904, build timestamp: 2018-09-04T21:11:46Z, git hash: 3ce520221d0240229c862b122d2b06c12a625732
2019-10-14 14:53:13,108 [main] INFO  handler.ContextHandler (ContextHandler.java:doStart(781)) - Started o.e.j.s.ServletContextHandler@36478bce{/logs,file:///workdir/hadoop-ozone/integration-test/target/log,AVAILABLE}
2019-10-14 14:53:13,108 [main] INFO  handler.ContextHandler (ContextHandler.java:doStart(781)) - Started o.e.j.s.ServletContextHandler@75793f17{/static,jar:file:/home/user/.m2/repository/org/apache/hadoop/hadoop-hdds-container-service/0.5.0-SNAPSHOT/hadoop-hdds-container-service-0.5.0-SNAPSHOT.jar!/webapps/static,AVAILABLE}
2019-10-14 14:53:13,137 [main] INFO  handler.ContextHandler (ContextHandler.java:doStart(781)) - Started o.e.j.w.WebAppContext@430df350{/,file:///tmp/jetty-0.0.0.0-38881-hddsDatanode-_-any-3129438314480318688.dir/webapp/,AVAILABLE}{/hddsDatanode}
2019-10-14 14:53:13,137 [main] INFO  server.AbstractConnector (AbstractConnector.java:doStart(278)) - Started ServerConnector@1373e3ee{HTTP/1.1,[http/1.1]}{0.0.0.0:38881}
2019-10-14 14:53:13,141 [main] INFO  server.Server (Server.java:doStart(419)) - Started @200543ms
2019-10-14 14:53:13,141 [main] WARN  impl.MetricsSystemImpl (MetricsSystemImpl.java:register(276)) - Sink prometheus already exists!
2019-10-14 14:53:13,142 [main] INFO  server.BaseHttpServer (BaseHttpServer.java:updateConnectorAddress(215)) - HTTP server of HDDSDATANODE is listening at http://0.0.0.0:38881
2019-10-14 14:53:13,142 [main] INFO  impl.MetricsSystemImpl (MetricsSystemImpl.java:init(158)) - HddsDatanode metrics system started (again)
2019-10-14 14:53:13,163 [org.apache.hadoop.util.JvmPauseMonitor$Monitor@2f9b194e] INFO  util.JvmPauseMonitor (JvmPauseMonitor.java:run(188)) - Starting JVM pause monitor
2019-10-14 14:53:13,166 [Datanode State Machine Thread - 0] INFO  datanode.InitDatanodeState (InitDatanodeState.java:persistContainerDatanodeDetails(140)) - DatanodeDetails is persisted to /workdir/hadoop-ozone/integration-test/target/test-dir/MiniOzoneClusterImpl-6edfac56-16c0-4f4f-8fb1-01b101fde067/datanode-5/meta/datanode.id
2019-10-14 14:53:13,167 [main] INFO  ozone.HddsDatanodeService (HddsDatanodeService.java:start(184)) - HddsDatanodeService host:pr-hdds-2302-x69hs-1458597746 ip:192.168.157.234
2019-10-14 14:53:13,177 [main] INFO  volume.HddsVolume (HddsVolume.java:<init>(176)) - Creating Volume: /workdir/hadoop-ozone/integration-test/target/test-dir/MiniOzoneClusterImpl-6edfac56-16c0-4f4f-8fb1-01b101fde067/datanode-6/data/containers/hdds of  storage type : DISK and capacity : 1482555576320
2019-10-14 14:53:13,177 [main] INFO  volume.VolumeSet (VolumeSet.java:initializeVolumeSet(170)) - Added Volume : /workdir/hadoop-ozone/integration-test/target/test-dir/MiniOzoneClusterImpl-6edfac56-16c0-4f4f-8fb1-01b101fde067/datanode-6/data/containers/hdds to VolumeSet
2019-10-14 14:53:13,177 [main] INFO  volume.ThrottledAsyncChecker (ThrottledAsyncChecker.java:schedule(141)) - Scheduling a check for org.apache.hadoop.ozone.container.common.volume.HddsVolume@55296b50
2019-10-14 14:53:13,178 [main] INFO  volume.HddsVolumeChecker (HddsVolumeChecker.java:checkAllVolumes(204)) - Scheduled health check for volume org.apache.hadoop.ozone.container.common.volume.HddsVolume@55296b50
2019-10-14 14:53:13,195 [main] INFO  impl.RaftServerProxy (ConfUtils.java:logGet(43)) - raft.rpc.type = GRPC (default)
2019-10-14 14:53:13,195 [main] INFO  grpc.GrpcFactory (GrpcFactory.java:checkPooledByteBufAllocatorUseCacheForAllThreads(45)) - PERFORMANCE WARNING: useCacheForAllThreads is true that may cause Netty to create a lot garbage objects and, as a result, trigger GC.
	It is recommended to disable useCacheForAllThreads by setting -Dorg.apache.ratis.thirdparty.io.netty.allocator.useCacheForAllThreads=false in command line.
2019-10-14 14:53:13,196 [main] INFO  grpc.GrpcConfigKeys$Server (ConfUtils.java:logGet(43)) - raft.grpc.server.port = 0 (default)
2019-10-14 14:53:13,196 [main] INFO  server.GrpcService (ConfUtils.java:logGet(43)) - raft.grpc.message.size.max = 33570816 (custom)
2019-10-14 14:53:13,196 [main] INFO  server.RaftServerConfigKeys (ConfUtils.java:logGet(43)) - raft.server.log.appender.buffer.byte-limit = 33554432 (custom)
2019-10-14 14:53:13,196 [main] INFO  server.GrpcService (ConfUtils.java:logGet(43)) - raft.grpc.flow.control.window = 1MB (=1048576) (default)
2019-10-14 14:53:13,196 [main] INFO  server.RaftServerConfigKeys (ConfUtils.java:logGet(43)) - raft.server.rpc.request.timeout = 3000ms (default)
2019-10-14 14:53:13,197 [main] INFO  server.RaftServerConfigKeys (ConfUtils.java:logGet(43)) - raft.server.storage.dir = [/workdir/hadoop-ozone/integration-test/target/test-dir/MiniOzoneClusterImpl-6edfac56-16c0-4f4f-8fb1-01b101fde067/datanode-6/data/ratis] (custom)
2019-10-14 14:53:13,198 [main] INFO  hdfs.DFSUtil (DFSUtil.java:httpServerTemplateForNNAndJN(1641)) - Starting Web-server for hddsDatanode at: http://0.0.0.0:0
2019-10-14 14:53:13,199 [main] INFO  server.AuthenticationFilter (AuthenticationFilter.java:constructSecretProvider(240)) - Unable to initialize FileSignerSecretProvider, falling back to use random secrets.
2019-10-14 14:53:13,199 [main] WARN  http.HttpRequestLog (HttpRequestLog.java:getRequestLog(97)) - Jetty request log can only be enabled using Log4j
2019-10-14 14:53:13,201 [main] INFO  http.HttpServer2 (HttpServer2.java:addGlobalFilter(975)) - Added global filter 'safety' (class=org.apache.hadoop.http.HttpServer2$QuotingInputFilter)
2019-10-14 14:53:13,201 [main] INFO  http.HttpServer2 (HttpServer2.java:addFilter(948)) - Added filter static_user_filter (class=org.apache.hadoop.http.lib.StaticUserWebFilter$StaticUserFilter) to context hddsDatanode
2019-10-14 14:53:13,202 [main] INFO  http.HttpServer2 (HttpServer2.java:addFilter(958)) - Added filter static_user_filter (class=org.apache.hadoop.http.lib.StaticUserWebFilter$StaticUserFilter) to context logs
2019-10-14 14:53:13,202 [main] INFO  http.HttpServer2 (HttpServer2.java:addFilter(958)) - Added filter static_user_filter (class=org.apache.hadoop.http.lib.StaticUserWebFilter$StaticUserFilter) to context static
2019-10-14 14:53:13,206 [main] INFO  http.HttpServer2 (HttpServer2.java:bindListener(1191)) - Jetty bound to port 38367
2019-10-14 14:53:13,206 [main] INFO  server.Server (Server.java:doStart(351)) - jetty-9.3.25.v20180904, build timestamp: 2018-09-04T21:11:46Z, git hash: 3ce520221d0240229c862b122d2b06c12a625732
2019-10-14 14:53:13,207 [main] INFO  handler.ContextHandler (ContextHandler.java:doStart(781)) - Started o.e.j.s.ServletContextHandler@7f4a1cac{/logs,file:///workdir/hadoop-ozone/integration-test/target/log,AVAILABLE}
2019-10-14 14:53:13,208 [main] INFO  handler.ContextHandler (ContextHandler.java:doStart(781)) - Started o.e.j.s.ServletContextHandler@c568f91{/static,jar:file:/home/user/.m2/repository/org/apache/hadoop/hadoop-hdds-container-service/0.5.0-SNAPSHOT/hadoop-hdds-container-service-0.5.0-SNAPSHOT.jar!/webapps/static,AVAILABLE}
2019-10-14 14:53:13,236 [main] INFO  handler.ContextHandler (ContextHandler.java:doStart(781)) - Started o.e.j.w.WebAppContext@3e53c4ad{/,file:///tmp/jetty-0.0.0.0-38367-hddsDatanode-_-any-2040483875668068980.dir/webapp/,AVAILABLE}{/hddsDatanode}
2019-10-14 14:53:13,237 [main] INFO  server.AbstractConnector (AbstractConnector.java:doStart(278)) - Started ServerConnector@33eb0d4{HTTP/1.1,[http/1.1]}{0.0.0.0:38367}
2019-10-14 14:53:13,240 [main] INFO  server.Server (Server.java:doStart(419)) - Started @200642ms
2019-10-14 14:53:13,240 [main] WARN  impl.MetricsSystemImpl (MetricsSystemImpl.java:register(276)) - Sink prometheus already exists!
2019-10-14 14:53:13,241 [main] INFO  server.BaseHttpServer (BaseHttpServer.java:updateConnectorAddress(215)) - HTTP server of HDDSDATANODE is listening at http://0.0.0.0:38367
2019-10-14 14:53:13,241 [main] INFO  ozone.MiniOzoneClusterImpl (MiniOzoneClusterImpl.java:lambda$waitForClusterToBeReady$0(147)) - Waiting for cluster to be ready. Got 0 of 7 DN Heartbeats.
2019-10-14 14:53:13,243 [org.apache.hadoop.util.JvmPauseMonitor$Monitor@54954a71] INFO  util.JvmPauseMonitor (JvmPauseMonitor.java:run(188)) - Starting JVM pause monitor
2019-10-14 14:53:13,244 [Datanode State Machine Thread - 0] INFO  datanode.InitDatanodeState (InitDatanodeState.java:persistContainerDatanodeDetails(140)) - DatanodeDetails is persisted to /workdir/hadoop-ozone/integration-test/target/test-dir/MiniOzoneClusterImpl-6edfac56-16c0-4f4f-8fb1-01b101fde067/datanode-6/meta/datanode.id
2019-10-14 14:53:13,373 [grpc-default-executor-4] WARN  server.GrpcLogAppender (LogUtils.java:warn(134)) - c6492fef-5352-4ee4-a298-3337cbd3b3a1@group-D21656EABB7E->25f80a8f-1a6f-414e-a49c-3d3c61aacfaa-AppendLogResponseHandler: Failed appendEntries: org.apache.ratis.thirdparty.io.grpc.StatusRuntimeException: UNAVAILABLE: io exception
2019-10-14 14:53:13,373 [grpc-default-executor-0] WARN  server.GrpcLogAppender (LogUtils.java:warn(134)) - c6492fef-5352-4ee4-a298-3337cbd3b3a1@group-D21656EABB7E->197a08cb-7e32-46b6-9731-300bf29c37bf-AppendLogResponseHandler: Failed appendEntries: org.apache.ratis.thirdparty.io.grpc.StatusRuntimeException: UNAVAILABLE: io exception
2019-10-14 14:53:13,374 [grpc-default-executor-4] INFO  impl.FollowerInfo (FollowerInfo.java:lambda$new$0(51)) - c6492fef-5352-4ee4-a298-3337cbd3b3a1@group-D21656EABB7E->25f80a8f-1a6f-414e-a49c-3d3c61aacfaa: nextIndex: updateUnconditionally 0 -> 0
2019-10-14 14:53:13,374 [grpc-default-executor-0] INFO  impl.FollowerInfo (FollowerInfo.java:lambda$new$0(51)) - c6492fef-5352-4ee4-a298-3337cbd3b3a1@group-D21656EABB7E->197a08cb-7e32-46b6-9731-300bf29c37bf: nextIndex: updateUnconditionally 0 -> 0
2019-10-14 14:53:13,584 [Thread-2312] INFO  client.GrpcClientProtocolService (GrpcClientProtocolService.java:lambda$processClientRequest$0(278)) - Failed RaftClientRequest:client-C2B53465881A->c6492fef-5352-4ee4-a298-3337cbd3b3a1@group-D21656EABB7E, cid=68, seq=0, Watch-MAJORITY_COMMITTED(38), Message:<EMPTY>, reply=RaftClientReply:client-C2B53465881A->c6492fef-5352-4ee4-a298-3337cbd3b3a1@group-D21656EABB7E, cid=68, FAILED org.apache.ratis.protocol.NotReplicatedException: Request with call Id 68 and log index 38 is not yet replicated to MAJORITY_COMMITTED, logIndex=38, commits[c6492fef-5352-4ee4-a298-3337cbd3b3a1:c2, 25f80a8f-1a6f-414e-a49c-3d3c61aacfaa:c2, 197a08cb-7e32-46b6-9731-300bf29c37bf:c2]
2019-10-14 14:53:13,584 [Thread-2313] INFO  client.GrpcClientProtocolService (GrpcClientProtocolService.java:lambda$processClientRequest$0(278)) - Failed RaftClientRequest:client-C2B53465881A->c6492fef-5352-4ee4-a298-3337cbd3b3a1@group-D21656EABB7E, cid=67, seq=0, Watch-ALL_COMMITTED(38), Message:<EMPTY>, reply=RaftClientReply:client-C2B53465881A->c6492fef-5352-4ee4-a298-3337cbd3b3a1@group-D21656EABB7E, cid=67, FAILED org.apache.ratis.protocol.NotReplicatedException: Request with call Id 67 and log index 38 is not yet replicated to ALL_COMMITTED, logIndex=38, commits[c6492fef-5352-4ee4-a298-3337cbd3b3a1:c2, 25f80a8f-1a6f-414e-a49c-3d3c61aacfaa:c2, 197a08cb-7e32-46b6-9731-300bf29c37bf:c2]
2019-10-14 14:53:14,241 [main] INFO  ozone.MiniOzoneClusterImpl (MiniOzoneClusterImpl.java:lambda$waitForClusterToBeReady$0(147)) - Waiting for cluster to be ready. Got 0 of 7 DN Heartbeats.
2019-10-14 14:53:14,752 [Datanode State Machine Thread - 0] INFO  ozoneimpl.OzoneContainer (OzoneContainer.java:start(213)) - Attempting to start container services.
2019-10-14 14:53:14,753 [Datanode State Machine Thread - 0] INFO  ozoneimpl.OzoneContainer (OzoneContainer.java:startContainerScrub(177)) - Background container scanner has been disabled.
2019-10-14 14:53:14,753 [Datanode State Machine Thread - 0] INFO  ratis.XceiverServerRatis (XceiverServerRatis.java:start(418)) - Starting XceiverServerRatis 23092ddc-1411-47f8-aab1-b577f5063db3 at port 0
2019-10-14 14:53:14,759 [Datanode State Machine Thread - 0] INFO  impl.RaftServerProxy (RaftServerProxy.java:lambda$start$3(299)) - 23092ddc-1411-47f8-aab1-b577f5063db3: start RPC server
2019-10-14 14:53:14,761 [Datanode State Machine Thread - 0] INFO  server.GrpcService (GrpcService.java:startImpl(158)) - 23092ddc-1411-47f8-aab1-b577f5063db3: GrpcService started, listening on 0.0.0.0/0.0.0.0:44805
2019-10-14 14:53:14,761 [Datanode State Machine Thread - 0] INFO  ratis.XceiverServerRatis (XceiverServerRatis.java:start(428)) - XceiverServerRatis 23092ddc-1411-47f8-aab1-b577f5063db3 is started using port 44805
2019-10-14 14:53:14,762 [Datanode State Machine Thread - 0] INFO  server.XceiverServerGrpc (XceiverServerGrpc.java:start(149)) - XceiverServerGrpc 23092ddc-1411-47f8-aab1-b577f5063db3 is started using port 38540
2019-10-14 14:53:14,796 [Datanode State Machine Thread - 0] INFO  ozoneimpl.OzoneContainer (OzoneContainer.java:start(213)) - Attempting to start container services.
2019-10-14 14:53:14,796 [Datanode State Machine Thread - 0] INFO  ozoneimpl.OzoneContainer (OzoneContainer.java:startContainerScrub(177)) - Background container scanner has been disabled.
2019-10-14 14:53:14,797 [Datanode State Machine Thread - 0] INFO  ratis.XceiverServerRatis (XceiverServerRatis.java:start(418)) - Starting XceiverServerRatis da1a0aa5-dc43-4a9c-99fb-ffaf5071ca0c at port 0
2019-10-14 14:53:14,803 [Datanode State Machine Thread - 0] INFO  impl.RaftServerProxy (RaftServerProxy.java:lambda$start$3(299)) - da1a0aa5-dc43-4a9c-99fb-ffaf5071ca0c: start RPC server
2019-10-14 14:53:14,804 [Datanode State Machine Thread - 0] INFO  server.GrpcService (GrpcService.java:startImpl(158)) - da1a0aa5-dc43-4a9c-99fb-ffaf5071ca0c: GrpcService started, listening on 0.0.0.0/0.0.0.0:37860
2019-10-14 14:53:14,804 [Datanode State Machine Thread - 0] INFO  ratis.XceiverServerRatis (XceiverServerRatis.java:start(428)) - XceiverServerRatis da1a0aa5-dc43-4a9c-99fb-ffaf5071ca0c is started using port 37860
2019-10-14 14:53:14,805 [Datanode State Machine Thread - 0] INFO  server.XceiverServerGrpc (XceiverServerGrpc.java:start(149)) - XceiverServerGrpc da1a0aa5-dc43-4a9c-99fb-ffaf5071ca0c is started using port 46743
2019-10-14 14:53:14,885 [Datanode State Machine Thread - 0] INFO  ozoneimpl.OzoneContainer (OzoneContainer.java:start(213)) - Attempting to start container services.
2019-10-14 14:53:14,885 [Datanode State Machine Thread - 0] INFO  ozoneimpl.OzoneContainer (OzoneContainer.java:startContainerScrub(177)) - Background container scanner has been disabled.
2019-10-14 14:53:14,885 [Datanode State Machine Thread - 0] INFO  ratis.XceiverServerRatis (XceiverServerRatis.java:start(418)) - Starting XceiverServerRatis 60d30bb1-7629-4dfa-99ed-756c1a7d77a0 at port 0
2019-10-14 14:53:14,891 [Datanode State Machine Thread - 0] INFO  impl.RaftServerProxy (RaftServerProxy.java:lambda$start$3(299)) - 60d30bb1-7629-4dfa-99ed-756c1a7d77a0: start RPC server
2019-10-14 14:53:14,892 [Datanode State Machine Thread - 0] INFO  server.GrpcService (GrpcService.java:startImpl(158)) - 60d30bb1-7629-4dfa-99ed-756c1a7d77a0: GrpcService started, listening on 0.0.0.0/0.0.0.0:46768
2019-10-14 14:53:14,892 [Datanode State Machine Thread - 0] INFO  ratis.XceiverServerRatis (XceiverServerRatis.java:start(428)) - XceiverServerRatis 60d30bb1-7629-4dfa-99ed-756c1a7d77a0 is started using port 46768
2019-10-14 14:53:14,896 [Datanode State Machine Thread - 0] INFO  server.XceiverServerGrpc (XceiverServerGrpc.java:start(149)) - XceiverServerGrpc 60d30bb1-7629-4dfa-99ed-756c1a7d77a0 is started using port 34998
2019-10-14 14:53:14,978 [Datanode State Machine Thread - 0] INFO  ozoneimpl.OzoneContainer (OzoneContainer.java:start(213)) - Attempting to start container services.
2019-10-14 14:53:14,979 [Datanode State Machine Thread - 0] INFO  ozoneimpl.OzoneContainer (OzoneContainer.java:startContainerScrub(177)) - Background container scanner has been disabled.
2019-10-14 14:53:14,979 [Datanode State Machine Thread - 0] INFO  ratis.XceiverServerRatis (XceiverServerRatis.java:start(418)) - Starting XceiverServerRatis a900a92b-655d-4b38-b2a7-005a0160de6c at port 0
2019-10-14 14:53:14,985 [Datanode State Machine Thread - 0] INFO  impl.RaftServerProxy (RaftServerProxy.java:lambda$start$3(299)) - a900a92b-655d-4b38-b2a7-005a0160de6c: start RPC server
2019-10-14 14:53:14,986 [Datanode State Machine Thread - 0] INFO  server.GrpcService (GrpcService.java:startImpl(158)) - a900a92b-655d-4b38-b2a7-005a0160de6c: GrpcService started, listening on 0.0.0.0/0.0.0.0:42664
2019-10-14 14:53:14,986 [Datanode State Machine Thread - 0] INFO  ratis.XceiverServerRatis (XceiverServerRatis.java:start(428)) - XceiverServerRatis a900a92b-655d-4b38-b2a7-005a0160de6c is started using port 42664
2019-10-14 14:53:14,987 [Datanode State Machine Thread - 0] INFO  server.XceiverServerGrpc (XceiverServerGrpc.java:start(149)) - XceiverServerGrpc a900a92b-655d-4b38-b2a7-005a0160de6c is started using port 33357
2019-10-14 14:53:15,073 [Datanode State Machine Thread - 0] INFO  ozoneimpl.OzoneContainer (OzoneContainer.java:start(213)) - Attempting to start container services.
2019-10-14 14:53:15,074 [Datanode State Machine Thread - 0] INFO  ozoneimpl.OzoneContainer (OzoneContainer.java:startContainerScrub(177)) - Background container scanner has been disabled.
2019-10-14 14:53:15,074 [Datanode State Machine Thread - 0] INFO  ratis.XceiverServerRatis (XceiverServerRatis.java:start(418)) - Starting XceiverServerRatis 3c3ff023-6cae-4d72-ad6d-ca140069573b at port 0
2019-10-14 14:53:15,082 [Datanode State Machine Thread - 0] INFO  impl.RaftServerProxy (RaftServerProxy.java:lambda$start$3(299)) - 3c3ff023-6cae-4d72-ad6d-ca140069573b: start RPC server
2019-10-14 14:53:15,083 [Datanode State Machine Thread - 0] INFO  server.GrpcService (GrpcService.java:startImpl(158)) - 3c3ff023-6cae-4d72-ad6d-ca140069573b: GrpcService started, listening on 0.0.0.0/0.0.0.0:37150
2019-10-14 14:53:15,083 [Datanode State Machine Thread - 0] INFO  ratis.XceiverServerRatis (XceiverServerRatis.java:start(428)) - XceiverServerRatis 3c3ff023-6cae-4d72-ad6d-ca140069573b is started using port 37150
2019-10-14 14:53:15,083 [Datanode State Machine Thread - 0] INFO  server.XceiverServerGrpc (XceiverServerGrpc.java:start(149)) - XceiverServerGrpc 3c3ff023-6cae-4d72-ad6d-ca140069573b is started using port 38455
2019-10-14 14:53:15,186 [Datanode State Machine Thread - 0] INFO  ozoneimpl.OzoneContainer (OzoneContainer.java:start(213)) - Attempting to start container services.
2019-10-14 14:53:15,186 [Datanode State Machine Thread - 0] INFO  ozoneimpl.OzoneContainer (OzoneContainer.java:startContainerScrub(177)) - Background container scanner has been disabled.
2019-10-14 14:53:15,186 [Datanode State Machine Thread - 0] INFO  ratis.XceiverServerRatis (XceiverServerRatis.java:start(418)) - Starting XceiverServerRatis c8b9c215-7301-42c6-a232-c0dcd2013ad2 at port 0
2019-10-14 14:53:15,193 [Datanode State Machine Thread - 0] INFO  impl.RaftServerProxy (RaftServerProxy.java:lambda$start$3(299)) - c8b9c215-7301-42c6-a232-c0dcd2013ad2: start RPC server
2019-10-14 14:53:15,198 [Datanode State Machine Thread - 0] INFO  server.GrpcService (GrpcService.java:startImpl(158)) - c8b9c215-7301-42c6-a232-c0dcd2013ad2: GrpcService started, listening on 0.0.0.0/0.0.0.0:44167
2019-10-14 14:53:15,198 [Datanode State Machine Thread - 0] INFO  ratis.XceiverServerRatis (XceiverServerRatis.java:start(428)) - XceiverServerRatis c8b9c215-7301-42c6-a232-c0dcd2013ad2 is started using port 44167
2019-10-14 14:53:15,199 [Datanode State Machine Thread - 0] INFO  server.XceiverServerGrpc (XceiverServerGrpc.java:start(149)) - XceiverServerGrpc c8b9c215-7301-42c6-a232-c0dcd2013ad2 is started using port 37219
2019-10-14 14:53:15,242 [main] INFO  ozone.MiniOzoneClusterImpl (MiniOzoneClusterImpl.java:lambda$waitForClusterToBeReady$0(147)) - Waiting for cluster to be ready. Got 0 of 7 DN Heartbeats.
2019-10-14 14:53:15,256 [Datanode State Machine Thread - 0] INFO  ozoneimpl.OzoneContainer (OzoneContainer.java:start(213)) - Attempting to start container services.
2019-10-14 14:53:15,256 [Datanode State Machine Thread - 0] INFO  ozoneimpl.OzoneContainer (OzoneContainer.java:startContainerScrub(177)) - Background container scanner has been disabled.
2019-10-14 14:53:15,256 [Datanode State Machine Thread - 0] INFO  ratis.XceiverServerRatis (XceiverServerRatis.java:start(418)) - Starting XceiverServerRatis adf952f2-ffd5-42c1-84f9-254169865cc3 at port 0
2019-10-14 14:53:15,263 [Datanode State Machine Thread - 0] INFO  impl.RaftServerProxy (RaftServerProxy.java:lambda$start$3(299)) - adf952f2-ffd5-42c1-84f9-254169865cc3: start RPC server
2019-10-14 14:53:15,263 [Datanode State Machine Thread - 0] INFO  server.GrpcService (GrpcService.java:startImpl(158)) - adf952f2-ffd5-42c1-84f9-254169865cc3: GrpcService started, listening on 0.0.0.0/0.0.0.0:37621
2019-10-14 14:53:15,263 [Datanode State Machine Thread - 0] INFO  ratis.XceiverServerRatis (XceiverServerRatis.java:start(428)) - XceiverServerRatis adf952f2-ffd5-42c1-84f9-254169865cc3 is started using port 37621
2019-10-14 14:53:15,264 [Datanode State Machine Thread - 0] INFO  server.XceiverServerGrpc (XceiverServerGrpc.java:start(149)) - XceiverServerGrpc adf952f2-ffd5-42c1-84f9-254169865cc3 is started using port 42810
2019-10-14 14:53:15,875 [grpc-default-executor-0] WARN  server.GrpcLogAppender (LogUtils.java:warn(134)) - c6492fef-5352-4ee4-a298-3337cbd3b3a1@group-D21656EABB7E->197a08cb-7e32-46b6-9731-300bf29c37bf-AppendLogResponseHandler: Failed appendEntries: org.apache.ratis.thirdparty.io.grpc.StatusRuntimeException: UNAVAILABLE: io exception
2019-10-14 14:53:15,875 [grpc-default-executor-4] WARN  server.GrpcLogAppender (LogUtils.java:warn(134)) - c6492fef-5352-4ee4-a298-3337cbd3b3a1@group-D21656EABB7E->25f80a8f-1a6f-414e-a49c-3d3c61aacfaa-AppendLogResponseHandler: Failed appendEntries: org.apache.ratis.thirdparty.io.grpc.StatusRuntimeException: UNAVAILABLE: io exception
2019-10-14 14:53:15,876 [grpc-default-executor-0] INFO  impl.FollowerInfo (FollowerInfo.java:lambda$new$0(51)) - c6492fef-5352-4ee4-a298-3337cbd3b3a1@group-D21656EABB7E->197a08cb-7e32-46b6-9731-300bf29c37bf: nextIndex: updateUnconditionally 0 -> 0
2019-10-14 14:53:15,876 [grpc-default-executor-4] INFO  impl.FollowerInfo (FollowerInfo.java:lambda$new$0(51)) - c6492fef-5352-4ee4-a298-3337cbd3b3a1@group-D21656EABB7E->25f80a8f-1a6f-414e-a49c-3d3c61aacfaa: nextIndex: updateUnconditionally 0 -> 0
2019-10-14 14:53:16,243 [main] INFO  ozone.MiniOzoneClusterImpl (MiniOzoneClusterImpl.java:lambda$waitForClusterToBeReady$0(147)) - Waiting for cluster to be ready. Got 0 of 7 DN Heartbeats.
2019-10-14 14:53:16,689 [IPC Server handler 0 on 35489] INFO  net.NetworkTopology (NetworkTopologyImpl.java:add(111)) - Added a new node: /default-rack/23092ddc-1411-47f8-aab1-b577f5063db3
2019-10-14 14:53:16,693 [IPC Server handler 0 on 35489] INFO  node.SCMNodeManager (SCMNodeManager.java:register(268)) - Registered Data node : 23092ddc-1411-47f8-aab1-b577f5063db3{ip: 192.168.157.234, host: pr-hdds-2302-x69hs-1458597746, networkLocation: /default-rack, certSerialId: null}
2019-10-14 14:53:16,694 [EventQueue-NodeRegistrationContainerReportForDataNodeSafeModeRule] INFO  safemode.SCMSafeModeManager (DataNodeSafeModeRule.java:process(71)) - SCM in safe mode. 1 DataNodes registered, 1 required.
2019-10-14 14:53:16,699 [EventQueue-NodeRegistrationContainerReportForContainerSafeModeRule] INFO  safemode.SCMSafeModeManager (SCMSafeModeManager.java:validateSafeModeExitRules(177)) - ScmSafeModeManager, all rules are successfully validated
2019-10-14 14:53:16,699 [EventQueue-NodeRegistrationContainerReportForContainerSafeModeRule] INFO  safemode.SCMSafeModeManager (SCMSafeModeManager.java:exitSafeMode(193)) - SCM exiting safe mode.
2019-10-14 14:53:16,709 [grpc-default-executor-4] INFO  impl.RaftServerProxy (RaftServerProxy.java:addNew(89)) - 23092ddc-1411-47f8-aab1-b577f5063db3: addNew group-4F62A76584E9:[23092ddc-1411-47f8-aab1-b577f5063db3:192.168.157.234:44805] returns group-4F62A76584E9:java.util.concurrent.CompletableFuture@23cd8423[Not completed]
2019-10-14 14:53:16,712 [pool-383-thread-1] INFO  impl.RaftServerImpl (RaftServerImpl.java:<init>(95)) - 23092ddc-1411-47f8-aab1-b577f5063db3: new RaftServerImpl for group-4F62A76584E9:[23092ddc-1411-47f8-aab1-b577f5063db3:192.168.157.234:44805] with ContainerStateMachine:uninitialized
2019-10-14 14:53:16,712 [pool-383-thread-1] INFO  server.RaftServerConfigKeys (ConfUtils.java:logGet(43)) - raft.server.rpc.timeout.min = 5s (custom)
2019-10-14 14:53:16,712 [pool-383-thread-1] INFO  server.RaftServerConfigKeys (ConfUtils.java:logGet(43)) - raft.server.rpc.timeout.max = 5200ms (custom)
2019-10-14 14:53:16,712 [pool-383-thread-1] INFO  server.RaftServerConfigKeys (ConfUtils.java:logGet(43)) - raft.server.rpcslowness.timeout = 120s (custom)
2019-10-14 14:53:16,712 [pool-383-thread-1] INFO  server.RaftServerConfigKeys (ConfUtils.java:logGet(43)) - raft.server.sleep.deviation.threshold = 300 (default)
2019-10-14 14:53:16,713 [pool-383-thread-1] INFO  server.RaftServerConfigKeys (ConfUtils.java:logGet(43)) - raft.server.log.appender.install.snapshot.enabled = false (custom)
2019-10-14 14:53:16,713 [pool-383-thread-1] INFO  impl.RaftServerImpl (ServerState.java:<init>(103)) - 23092ddc-1411-47f8-aab1-b577f5063db3@group-4F62A76584E9: ConfigurationManager, init=-1: [23092ddc-1411-47f8-aab1-b577f5063db3:192.168.157.234:44805], old=null, confs=<EMPTY_MAP>
2019-10-14 14:53:16,713 [pool-383-thread-1] INFO  server.RaftServerConfigKeys (ConfUtils.java:logGet(43)) - raft.server.storage.dir = [/workdir/hadoop-ozone/integration-test/target/test-dir/MiniOzoneClusterImpl-6edfac56-16c0-4f4f-8fb1-01b101fde067/datanode-0/data/ratis] (custom)
2019-10-14 14:53:16,714 [pool-383-thread-1] INFO  server.RaftServerConfigKeys (ConfUtils.java:logGet(43)) - raft.server.log.corruption.policy = EXCEPTION (default)
2019-10-14 14:53:16,714 [pool-383-thread-1] INFO  storage.RaftStorageDirectory (RaftStorageDirectory.java:analyzeStorage(246)) - The storage directory /workdir/hadoop-ozone/integration-test/target/test-dir/MiniOzoneClusterImpl-6edfac56-16c0-4f4f-8fb1-01b101fde067/datanode-0/data/ratis/ffc15048-1374-4599-86aa-4f62a76584e9 does not exist. Creating ...
2019-10-14 14:53:16,727 [pool-383-thread-1] INFO  storage.RaftStorageDirectory (RaftStorageDirectory.java:tryLock(328)) - Lock on /workdir/hadoop-ozone/integration-test/target/test-dir/MiniOzoneClusterImpl-6edfac56-16c0-4f4f-8fb1-01b101fde067/datanode-0/data/ratis/ffc15048-1374-4599-86aa-4f62a76584e9/in_use.lock acquired by nodename 4617@pr-hdds-2302-x69hs-1458597746
2019-10-14 14:53:16,742 [pool-383-thread-1] INFO  storage.RaftStorage (RaftStorage.java:format(84)) - Storage directory /workdir/hadoop-ozone/integration-test/target/test-dir/MiniOzoneClusterImpl-6edfac56-16c0-4f4f-8fb1-01b101fde067/datanode-0/data/ratis/ffc15048-1374-4599-86aa-4f62a76584e9 has been successfully formatted.
2019-10-14 14:53:16,742 [pool-383-thread-1] INFO  ratis.ContainerStateMachine (ContainerStateMachine.java:loadSnapshot(231)) - group-4F62A76584E9: The snapshot info is null. Setting the last applied indexto:(t:0, i:~)
2019-10-14 14:53:16,742 [pool-383-thread-1] INFO  server.RaftServerConfigKeys (ConfUtils.java:logGet(43)) - raft.server.notification.no-leader.timeout = 120s (custom)
2019-10-14 14:53:16,743 [pool-383-thread-1] INFO  server.RaftServerConfigKeys (ConfUtils.java:logGet(43)) - raft.server.log.use.memory = false (default)
2019-10-14 14:53:16,743 [pool-383-thread-1] INFO  server.RaftServerConfigKeys (ConfUtils.java:logGet(43)) - raft.server.log.purge.gap = 1000000 (custom)
2019-10-14 14:53:16,743 [pool-383-thread-1] INFO  server.RaftServerConfigKeys (ConfUtils.java:logGet(43)) - raft.server.log.appender.buffer.byte-limit = 33554432 (custom)
2019-10-14 14:53:16,743 [pool-383-thread-1] INFO  server.RaftServerConfigKeys (ConfUtils.java:logGet(43)) - raft.server.log.segment.size.max = 1048576 (custom)
2019-10-14 14:53:16,745 [pool-383-thread-1] INFO  server.RaftServerConfigKeys (ConfUtils.java:logGet(43)) - raft.server.log.segment.cache.num.max = 2 (custom)
2019-10-14 14:53:16,745 [pool-383-thread-1] INFO  segmented.SegmentedRaftLogWorker (SegmentedRaftLogWorker.java:<init>(173)) - new 23092ddc-1411-47f8-aab1-b577f5063db3@group-4F62A76584E9-SegmentedRaftLogWorker for RaftStorage:Storage Directory /workdir/hadoop-ozone/integration-test/target/test-dir/MiniOzoneClusterImpl-6edfac56-16c0-4f4f-8fb1-01b101fde067/datanode-0/data/ratis/ffc15048-1374-4599-86aa-4f62a76584e9
2019-10-14 14:53:16,746 [pool-383-thread-1] INFO  server.RaftServerConfigKeys (ConfUtils.java:logGet(43)) - raft.server.log.queue.byte-limit = 2147483647 (custom)
2019-10-14 14:53:16,746 [pool-383-thread-1] INFO  server.RaftServerConfigKeys (ConfUtils.java:logGet(43)) - raft.server.log.queue.element-limit = 1024 (custom)
2019-10-14 14:53:16,746 [pool-383-thread-1] INFO  server.RaftServerConfigKeys (ConfUtils.java:logGet(43)) - raft.server.log.segment.size.max = 1048576 (custom)
2019-10-14 14:53:16,746 [pool-383-thread-1] INFO  server.RaftServerConfigKeys (ConfUtils.java:logGet(43)) - raft.server.log.preallocated.size = 16384 (custom)
2019-10-14 14:53:16,746 [pool-383-thread-1] INFO  server.RaftServerConfigKeys (ConfUtils.java:logGet(43)) - raft.server.log.write.buffer.size = 33554432 (custom)
2019-10-14 14:53:16,746 [pool-383-thread-1] INFO  server.RaftServerConfigKeys (ConfUtils.java:logGet(43)) - raft.server.log.force.sync.num = 128 (default)
2019-10-14 14:53:16,746 [pool-383-thread-1] INFO  server.RaftServerConfigKeys (ConfUtils.java:logGet(43)) - raft.server.log.statemachine.data.sync = true (default)
2019-10-14 14:53:16,747 [pool-383-thread-1] INFO  server.RaftServerConfigKeys (ConfUtils.java:logGet(43)) - raft.server.log.statemachine.data.sync.timeout = 10s (default)
2019-10-14 14:53:16,747 [pool-383-thread-1] INFO  server.RaftServerConfigKeys (ConfUtils.java:logGet(43)) - raft.server.log.statemachine.data.sync.timeout.retry = -1 (default)
2019-10-14 14:53:16,747 [pool-383-thread-1] INFO  server.RaftServerConfigKeys (ConfUtils.java:logGet(43)) - raft.server.log.statemachine.data.caching.enabled = true (custom)
2019-10-14 14:53:16,748 [pool-383-thread-1] INFO  segmented.SegmentedRaftLogWorker (SegmentedRaftLogWorker.java:lambda$new$0(128)) - 23092ddc-1411-47f8-aab1-b577f5063db3@group-4F62A76584E9-SegmentedRaftLogWorker: flushIndex: setUnconditionally 0 -> -1
2019-10-14 14:53:16,748 [pool-383-thread-1] INFO  server.RaftServerConfigKeys (ConfUtils.java:logGet(43)) - raft.server.snapshot.auto.trigger.enabled = true (custom)
2019-10-14 14:53:16,748 [pool-383-thread-1] INFO  server.RaftServerConfigKeys (ConfUtils.java:logGet(43)) - raft.server.snapshot.auto.trigger.threshold = 10000 (custom)
2019-10-14 14:53:16,748 [pool-383-thread-1] INFO  server.RaftServerConfigKeys (ConfUtils.java:logGet(43)) - raft.server.snapshot.retention.file.num = 5 (custom)
2019-10-14 14:53:16,749 [pool-383-thread-1] INFO  server.RaftServerConfigKeys (ConfUtils.java:logGet(43)) - raft.server.retrycache.expirytime = 600000ms (custom)
2019-10-14 14:53:16,751 [pool-383-thread-1] INFO  impl.RaftServerImpl (RaftServerImpl.java:start(181)) - 23092ddc-1411-47f8-aab1-b577f5063db3@group-4F62A76584E9: start as a follower, conf=-1: [23092ddc-1411-47f8-aab1-b577f5063db3:192.168.157.234:44805], old=null
2019-10-14 14:53:16,751 [pool-383-thread-1] INFO  impl.RaftServerImpl (RaftServerImpl.java:setRole(170)) - 23092ddc-1411-47f8-aab1-b577f5063db3@group-4F62A76584E9: changes role from      null to FOLLOWER at term 0 for startAsFollower
2019-10-14 14:53:16,751 [pool-383-thread-1] INFO  impl.RoleInfo (RoleInfo.java:updateAndGet(143)) - 23092ddc-1411-47f8-aab1-b577f5063db3: start FollowerState
2019-10-14 14:53:16,752 [pool-383-thread-1] INFO  util.JmxRegister (JmxRegister.java:tryRegister(44)) - Successfully registered JMX Bean with object name Ratis:service=RaftServer,group=group-4F62A76584E9,id=23092ddc-1411-47f8-aab1-b577f5063db3
2019-10-14 14:53:16,759 [RatisPipelineUtilsThread] INFO  pipeline.PipelineStateManager (PipelineStateManager.java:addPipeline(56)) - Created pipeline Pipeline[ Id: ffc15048-1374-4599-86aa-4f62a76584e9, Nodes: 23092ddc-1411-47f8-aab1-b577f5063db3{ip: 192.168.157.234, host: pr-hdds-2302-x69hs-1458597746, networkLocation: /default-rack, certSerialId: null}, Type:RATIS, Factor:ONE, State:OPEN]
2019-10-14 14:53:16,777 [IPC Server handler 10 on 35489] INFO  net.NetworkTopology (NetworkTopologyImpl.java:add(111)) - Added a new node: /default-rack/da1a0aa5-dc43-4a9c-99fb-ffaf5071ca0c
2019-10-14 14:53:16,777 [IPC Server handler 10 on 35489] INFO  node.SCMNodeManager (SCMNodeManager.java:register(268)) - Registered Data node : da1a0aa5-dc43-4a9c-99fb-ffaf5071ca0c{ip: 192.168.157.234, host: pr-hdds-2302-x69hs-1458597746, networkLocation: /default-rack, certSerialId: null}
2019-10-14 14:53:16,787 [grpc-default-executor-4] INFO  impl.RaftServerProxy (RaftServerProxy.java:addNew(89)) - da1a0aa5-dc43-4a9c-99fb-ffaf5071ca0c: addNew group-21F17C6318F9:[da1a0aa5-dc43-4a9c-99fb-ffaf5071ca0c:192.168.157.234:37860] returns group-21F17C6318F9:java.util.concurrent.CompletableFuture@363081e9[Not completed]
2019-10-14 14:53:16,788 [pool-393-thread-1] INFO  impl.RaftServerImpl (RaftServerImpl.java:<init>(95)) - da1a0aa5-dc43-4a9c-99fb-ffaf5071ca0c: new RaftServerImpl for group-21F17C6318F9:[da1a0aa5-dc43-4a9c-99fb-ffaf5071ca0c:192.168.157.234:37860] with ContainerStateMachine:uninitialized
2019-10-14 14:53:16,789 [pool-393-thread-1] INFO  server.RaftServerConfigKeys (ConfUtils.java:logGet(43)) - raft.server.rpc.timeout.min = 5s (custom)
2019-10-14 14:53:16,789 [pool-393-thread-1] INFO  server.RaftServerConfigKeys (ConfUtils.java:logGet(43)) - raft.server.rpc.timeout.max = 5200ms (custom)
2019-10-14 14:53:16,789 [pool-393-thread-1] INFO  server.RaftServerConfigKeys (ConfUtils.java:logGet(43)) - raft.server.rpcslowness.timeout = 120s (custom)
2019-10-14 14:53:16,789 [pool-393-thread-1] INFO  server.RaftServerConfigKeys (ConfUtils.java:logGet(43)) - raft.server.sleep.deviation.threshold = 300 (default)
2019-10-14 14:53:16,789 [pool-393-thread-1] INFO  server.RaftServerConfigKeys (ConfUtils.java:logGet(43)) - raft.server.log.appender.install.snapshot.enabled = false (custom)
2019-10-14 14:53:16,789 [pool-393-thread-1] INFO  impl.RaftServerImpl (ServerState.java:<init>(103)) - da1a0aa5-dc43-4a9c-99fb-ffaf5071ca0c@group-21F17C6318F9: ConfigurationManager, init=-1: [da1a0aa5-dc43-4a9c-99fb-ffaf5071ca0c:192.168.157.234:37860], old=null, confs=<EMPTY_MAP>
2019-10-14 14:53:16,789 [pool-393-thread-1] INFO  server.RaftServerConfigKeys (ConfUtils.java:logGet(43)) - raft.server.storage.dir = [/workdir/hadoop-ozone/integration-test/target/test-dir/MiniOzoneClusterImpl-6edfac56-16c0-4f4f-8fb1-01b101fde067/datanode-1/data/ratis] (custom)
2019-10-14 14:53:16,790 [pool-393-thread-1] INFO  server.RaftServerConfigKeys (ConfUtils.java:logGet(43)) - raft.server.log.corruption.policy = EXCEPTION (default)
2019-10-14 14:53:16,790 [pool-393-thread-1] INFO  storage.RaftStorageDirectory (RaftStorageDirectory.java:analyzeStorage(246)) - The storage directory /workdir/hadoop-ozone/integration-test/target/test-dir/MiniOzoneClusterImpl-6edfac56-16c0-4f4f-8fb1-01b101fde067/datanode-1/data/ratis/a989a296-8064-40f1-baa4-21f17c6318f9 does not exist. Creating ...
2019-10-14 14:53:16,803 [pool-393-thread-1] INFO  storage.RaftStorageDirectory (RaftStorageDirectory.java:tryLock(328)) - Lock on /workdir/hadoop-ozone/integration-test/target/test-dir/MiniOzoneClusterImpl-6edfac56-16c0-4f4f-8fb1-01b101fde067/datanode-1/data/ratis/a989a296-8064-40f1-baa4-21f17c6318f9/in_use.lock acquired by nodename 4617@pr-hdds-2302-x69hs-1458597746
2019-10-14 14:53:16,816 [pool-393-thread-1] INFO  storage.RaftStorage (RaftStorage.java:format(84)) - Storage directory /workdir/hadoop-ozone/integration-test/target/test-dir/MiniOzoneClusterImpl-6edfac56-16c0-4f4f-8fb1-01b101fde067/datanode-1/data/ratis/a989a296-8064-40f1-baa4-21f17c6318f9 has been successfully formatted.
2019-10-14 14:53:16,816 [pool-393-thread-1] INFO  ratis.ContainerStateMachine (ContainerStateMachine.java:loadSnapshot(231)) - group-21F17C6318F9: The snapshot info is null. Setting the last applied indexto:(t:0, i:~)
2019-10-14 14:53:16,816 [pool-393-thread-1] INFO  server.RaftServerConfigKeys (ConfUtils.java:logGet(43)) - raft.server.notification.no-leader.timeout = 120s (custom)
2019-10-14 14:53:16,816 [pool-393-thread-1] INFO  server.RaftServerConfigKeys (ConfUtils.java:logGet(43)) - raft.server.log.use.memory = false (default)
2019-10-14 14:53:16,816 [pool-393-thread-1] INFO  server.RaftServerConfigKeys (ConfUtils.java:logGet(43)) - raft.server.log.purge.gap = 1000000 (custom)
2019-10-14 14:53:16,816 [pool-393-thread-1] INFO  server.RaftServerConfigKeys (ConfUtils.java:logGet(43)) - raft.server.log.appender.buffer.byte-limit = 33554432 (custom)
2019-10-14 14:53:16,816 [pool-393-thread-1] INFO  server.RaftServerConfigKeys (ConfUtils.java:logGet(43)) - raft.server.log.segment.size.max = 1048576 (custom)
2019-10-14 14:53:16,818 [pool-393-thread-1] INFO  server.RaftServerConfigKeys (ConfUtils.java:logGet(43)) - raft.server.log.segment.cache.num.max = 2 (custom)
2019-10-14 14:53:16,818 [pool-393-thread-1] INFO  segmented.SegmentedRaftLogWorker (SegmentedRaftLogWorker.java:<init>(173)) - new da1a0aa5-dc43-4a9c-99fb-ffaf5071ca0c@group-21F17C6318F9-SegmentedRaftLogWorker for RaftStorage:Storage Directory /workdir/hadoop-ozone/integration-test/target/test-dir/MiniOzoneClusterImpl-6edfac56-16c0-4f4f-8fb1-01b101fde067/datanode-1/data/ratis/a989a296-8064-40f1-baa4-21f17c6318f9
2019-10-14 14:53:16,818 [pool-393-thread-1] INFO  server.RaftServerConfigKeys (ConfUtils.java:logGet(43)) - raft.server.log.queue.byte-limit = 2147483647 (custom)
2019-10-14 14:53:16,818 [pool-393-thread-1] INFO  server.RaftServerConfigKeys (ConfUtils.java:logGet(43)) - raft.server.log.queue.element-limit = 1024 (custom)
2019-10-14 14:53:16,818 [pool-393-thread-1] INFO  server.RaftServerConfigKeys (ConfUtils.java:logGet(43)) - raft.server.log.segment.size.max = 1048576 (custom)
2019-10-14 14:53:16,818 [pool-393-thread-1] INFO  server.RaftServerConfigKeys (ConfUtils.java:logGet(43)) - raft.server.log.preallocated.size = 16384 (custom)
2019-10-14 14:53:16,818 [pool-393-thread-1] INFO  server.RaftServerConfigKeys (ConfUtils.java:logGet(43)) - raft.server.log.write.buffer.size = 33554432 (custom)
2019-10-14 14:53:16,818 [pool-393-thread-1] INFO  server.RaftServerConfigKeys (ConfUtils.java:logGet(43)) - raft.server.log.force.sync.num = 128 (default)
2019-10-14 14:53:16,819 [pool-393-thread-1] INFO  server.RaftServerConfigKeys (ConfUtils.java:logGet(43)) - raft.server.log.statemachine.data.sync = true (default)
2019-10-14 14:53:16,819 [pool-393-thread-1] INFO  server.RaftServerConfigKeys (ConfUtils.java:logGet(43)) - raft.server.log.statemachine.data.sync.timeout = 10s (default)
2019-10-14 14:53:16,819 [pool-393-thread-1] INFO  server.RaftServerConfigKeys (ConfUtils.java:logGet(43)) - raft.server.log.statemachine.data.sync.timeout.retry = -1 (default)
2019-10-14 14:53:16,819 [pool-393-thread-1] INFO  server.RaftServerConfigKeys (ConfUtils.java:logGet(43)) - raft.server.log.statemachine.data.caching.enabled = true (custom)
2019-10-14 14:53:16,819 [pool-393-thread-1] INFO  segmented.SegmentedRaftLogWorker (SegmentedRaftLogWorker.java:lambda$new$0(128)) - da1a0aa5-dc43-4a9c-99fb-ffaf5071ca0c@group-21F17C6318F9-SegmentedRaftLogWorker: flushIndex: setUnconditionally 0 -> -1
2019-10-14 14:53:16,820 [pool-393-thread-1] INFO  server.RaftServerConfigKeys (ConfUtils.java:logGet(43)) - raft.server.snapshot.auto.trigger.enabled = true (custom)
2019-10-14 14:53:16,820 [pool-393-thread-1] INFO  server.RaftServerConfigKeys (ConfUtils.java:logGet(43)) - raft.server.snapshot.auto.trigger.threshold = 10000 (custom)
2019-10-14 14:53:16,820 [pool-393-thread-1] INFO  server.RaftServerConfigKeys (ConfUtils.java:logGet(43)) - raft.server.snapshot.retention.file.num = 5 (custom)
2019-10-14 14:53:16,820 [pool-393-thread-1] INFO  server.RaftServerConfigKeys (ConfUtils.java:logGet(43)) - raft.server.retrycache.expirytime = 600000ms (custom)
2019-10-14 14:53:16,821 [pool-393-thread-1] INFO  impl.RaftServerImpl (RaftServerImpl.java:start(181)) - da1a0aa5-dc43-4a9c-99fb-ffaf5071ca0c@group-21F17C6318F9: start as a follower, conf=-1: [da1a0aa5-dc43-4a9c-99fb-ffaf5071ca0c:192.168.157.234:37860], old=null
2019-10-14 14:53:16,821 [pool-393-thread-1] INFO  impl.RaftServerImpl (RaftServerImpl.java:setRole(170)) - da1a0aa5-dc43-4a9c-99fb-ffaf5071ca0c@group-21F17C6318F9: changes role from      null to FOLLOWER at term 0 for startAsFollower
2019-10-14 14:53:16,821 [pool-393-thread-1] INFO  impl.RoleInfo (RoleInfo.java:updateAndGet(143)) - da1a0aa5-dc43-4a9c-99fb-ffaf5071ca0c: start FollowerState
2019-10-14 14:53:16,822 [pool-393-thread-1] INFO  util.JmxRegister (JmxRegister.java:tryRegister(44)) - Successfully registered JMX Bean with object name Ratis:service=RaftServer,group=group-21F17C6318F9,id=da1a0aa5-dc43-4a9c-99fb-ffaf5071ca0c
2019-10-14 14:53:16,825 [RatisPipelineUtilsThread] INFO  pipeline.PipelineStateManager (PipelineStateManager.java:addPipeline(56)) - Created pipeline Pipeline[ Id: a989a296-8064-40f1-baa4-21f17c6318f9, Nodes: da1a0aa5-dc43-4a9c-99fb-ffaf5071ca0c{ip: 192.168.157.234, host: pr-hdds-2302-x69hs-1458597746, networkLocation: /default-rack, certSerialId: null}, Type:RATIS, Factor:ONE, State:OPEN]
2019-10-14 14:53:16,871 [IPC Server handler 2 on 35489] INFO  net.NetworkTopology (NetworkTopologyImpl.java:add(111)) - Added a new node: /default-rack/60d30bb1-7629-4dfa-99ed-756c1a7d77a0
2019-10-14 14:53:16,871 [IPC Server handler 2 on 35489] INFO  node.SCMNodeManager (SCMNodeManager.java:register(268)) - Registered Data node : 60d30bb1-7629-4dfa-99ed-756c1a7d77a0{ip: 192.168.157.234, host: pr-hdds-2302-x69hs-1458597746, networkLocation: /default-rack, certSerialId: null}
2019-10-14 14:53:16,900 [grpc-default-executor-4] INFO  impl.RaftServerProxy (RaftServerProxy.java:addNew(89)) - 60d30bb1-7629-4dfa-99ed-756c1a7d77a0: addNew group-E530492F8BCF:[60d30bb1-7629-4dfa-99ed-756c1a7d77a0:192.168.157.234:46768] returns group-E530492F8BCF:java.util.concurrent.CompletableFuture@378c7eed[Not completed]
2019-10-14 14:53:16,902 [pool-403-thread-1] INFO  impl.RaftServerImpl (RaftServerImpl.java:<init>(95)) - 60d30bb1-7629-4dfa-99ed-756c1a7d77a0: new RaftServerImpl for group-E530492F8BCF:[60d30bb1-7629-4dfa-99ed-756c1a7d77a0:192.168.157.234:46768] with ContainerStateMachine:uninitialized
2019-10-14 14:53:16,902 [pool-403-thread-1] INFO  server.RaftServerConfigKeys (ConfUtils.java:logGet(43)) - raft.server.rpc.timeout.min = 5s (custom)
2019-10-14 14:53:16,902 [pool-403-thread-1] INFO  server.RaftServerConfigKeys (ConfUtils.java:logGet(43)) - raft.server.rpc.timeout.max = 5200ms (custom)
2019-10-14 14:53:16,902 [pool-403-thread-1] INFO  server.RaftServerConfigKeys (ConfUtils.java:logGet(43)) - raft.server.rpcslowness.timeout = 120s (custom)
2019-10-14 14:53:16,902 [pool-403-thread-1] INFO  server.RaftServerConfigKeys (ConfUtils.java:logGet(43)) - raft.server.sleep.deviation.threshold = 300 (default)
2019-10-14 14:53:16,903 [pool-403-thread-1] INFO  server.RaftServerConfigKeys (ConfUtils.java:logGet(43)) - raft.server.log.appender.install.snapshot.enabled = false (custom)
2019-10-14 14:53:16,903 [pool-403-thread-1] INFO  impl.RaftServerImpl (ServerState.java:<init>(103)) - 60d30bb1-7629-4dfa-99ed-756c1a7d77a0@group-E530492F8BCF: ConfigurationManager, init=-1: [60d30bb1-7629-4dfa-99ed-756c1a7d77a0:192.168.157.234:46768], old=null, confs=<EMPTY_MAP>
2019-10-14 14:53:16,903 [pool-403-thread-1] INFO  server.RaftServerConfigKeys (ConfUtils.java:logGet(43)) - raft.server.storage.dir = [/workdir/hadoop-ozone/integration-test/target/test-dir/MiniOzoneClusterImpl-6edfac56-16c0-4f4f-8fb1-01b101fde067/datanode-2/data/ratis] (custom)
2019-10-14 14:53:16,903 [pool-403-thread-1] INFO  server.RaftServerConfigKeys (ConfUtils.java:logGet(43)) - raft.server.log.corruption.policy = EXCEPTION (default)
2019-10-14 14:53:16,903 [pool-403-thread-1] INFO  storage.RaftStorageDirectory (RaftStorageDirectory.java:analyzeStorage(246)) - The storage directory /workdir/hadoop-ozone/integration-test/target/test-dir/MiniOzoneClusterImpl-6edfac56-16c0-4f4f-8fb1-01b101fde067/datanode-2/data/ratis/7ebdfe76-a1e6-4c1e-9041-e530492f8bcf does not exist. Creating ...
2019-10-14 14:53:16,916 [pool-403-thread-1] INFO  storage.RaftStorageDirectory (RaftStorageDirectory.java:tryLock(328)) - Lock on /workdir/hadoop-ozone/integration-test/target/test-dir/MiniOzoneClusterImpl-6edfac56-16c0-4f4f-8fb1-01b101fde067/datanode-2/data/ratis/7ebdfe76-a1e6-4c1e-9041-e530492f8bcf/in_use.lock acquired by nodename 4617@pr-hdds-2302-x69hs-1458597746
2019-10-14 14:53:16,928 [pool-403-thread-1] INFO  storage.RaftStorage (RaftStorage.java:format(84)) - Storage directory /workdir/hadoop-ozone/integration-test/target/test-dir/MiniOzoneClusterImpl-6edfac56-16c0-4f4f-8fb1-01b101fde067/datanode-2/data/ratis/7ebdfe76-a1e6-4c1e-9041-e530492f8bcf has been successfully formatted.
2019-10-14 14:53:16,928 [pool-403-thread-1] INFO  ratis.ContainerStateMachine (ContainerStateMachine.java:loadSnapshot(231)) - group-E530492F8BCF: The snapshot info is null. Setting the last applied indexto:(t:0, i:~)
2019-10-14 14:53:16,928 [pool-403-thread-1] INFO  server.RaftServerConfigKeys (ConfUtils.java:logGet(43)) - raft.server.notification.no-leader.timeout = 120s (custom)
2019-10-14 14:53:16,928 [pool-403-thread-1] INFO  server.RaftServerConfigKeys (ConfUtils.java:logGet(43)) - raft.server.log.use.memory = false (default)
2019-10-14 14:53:16,929 [pool-403-thread-1] INFO  server.RaftServerConfigKeys (ConfUtils.java:logGet(43)) - raft.server.log.purge.gap = 1000000 (custom)
2019-10-14 14:53:16,929 [pool-403-thread-1] INFO  server.RaftServerConfigKeys (ConfUtils.java:logGet(43)) - raft.server.log.appender.buffer.byte-limit = 33554432 (custom)
2019-10-14 14:53:16,929 [pool-403-thread-1] INFO  server.RaftServerConfigKeys (ConfUtils.java:logGet(43)) - raft.server.log.segment.size.max = 1048576 (custom)
2019-10-14 14:53:16,930 [pool-403-thread-1] INFO  server.RaftServerConfigKeys (ConfUtils.java:logGet(43)) - raft.server.log.segment.cache.num.max = 2 (custom)
2019-10-14 14:53:16,930 [pool-403-thread-1] INFO  segmented.SegmentedRaftLogWorker (SegmentedRaftLogWorker.java:<init>(173)) - new 60d30bb1-7629-4dfa-99ed-756c1a7d77a0@group-E530492F8BCF-SegmentedRaftLogWorker for RaftStorage:Storage Directory /workdir/hadoop-ozone/integration-test/target/test-dir/MiniOzoneClusterImpl-6edfac56-16c0-4f4f-8fb1-01b101fde067/datanode-2/data/ratis/7ebdfe76-a1e6-4c1e-9041-e530492f8bcf
2019-10-14 14:53:16,930 [pool-403-thread-1] INFO  server.RaftServerConfigKeys (ConfUtils.java:logGet(43)) - raft.server.log.queue.byte-limit = 2147483647 (custom)
2019-10-14 14:53:16,930 [pool-403-thread-1] INFO  server.RaftServerConfigKeys (ConfUtils.java:logGet(43)) - raft.server.log.queue.element-limit = 1024 (custom)
2019-10-14 14:53:16,930 [pool-403-thread-1] INFO  server.RaftServerConfigKeys (ConfUtils.java:logGet(43)) - raft.server.log.segment.size.max = 1048576 (custom)
2019-10-14 14:53:16,931 [pool-403-thread-1] INFO  server.RaftServerConfigKeys (ConfUtils.java:logGet(43)) - raft.server.log.preallocated.size = 16384 (custom)
2019-10-14 14:53:16,931 [pool-403-thread-1] INFO  server.RaftServerConfigKeys (ConfUtils.java:logGet(43)) - raft.server.log.write.buffer.size = 33554432 (custom)
2019-10-14 14:53:16,931 [pool-403-thread-1] INFO  server.RaftServerConfigKeys (ConfUtils.java:logGet(43)) - raft.server.log.force.sync.num = 128 (default)
2019-10-14 14:53:16,931 [pool-403-thread-1] INFO  server.RaftServerConfigKeys (ConfUtils.java:logGet(43)) - raft.server.log.statemachine.data.sync = true (default)
2019-10-14 14:53:16,931 [pool-403-thread-1] INFO  server.RaftServerConfigKeys (ConfUtils.java:logGet(43)) - raft.server.log.statemachine.data.sync.timeout = 10s (default)
2019-10-14 14:53:16,931 [pool-403-thread-1] INFO  server.RaftServerConfigKeys (ConfUtils.java:logGet(43)) - raft.server.log.statemachine.data.sync.timeout.retry = -1 (default)
2019-10-14 14:53:16,931 [pool-403-thread-1] INFO  server.RaftServerConfigKeys (ConfUtils.java:logGet(43)) - raft.server.log.statemachine.data.caching.enabled = true (custom)
2019-10-14 14:53:16,932 [pool-403-thread-1] INFO  segmented.SegmentedRaftLogWorker (SegmentedRaftLogWorker.java:lambda$new$0(128)) - 60d30bb1-7629-4dfa-99ed-756c1a7d77a0@group-E530492F8BCF-SegmentedRaftLogWorker: flushIndex: setUnconditionally 0 -> -1
2019-10-14 14:53:16,932 [pool-403-thread-1] INFO  server.RaftServerConfigKeys (ConfUtils.java:logGet(43)) - raft.server.snapshot.auto.trigger.enabled = true (custom)
2019-10-14 14:53:16,932 [pool-403-thread-1] INFO  server.RaftServerConfigKeys (ConfUtils.java:logGet(43)) - raft.server.snapshot.auto.trigger.threshold = 10000 (custom)
2019-10-14 14:53:16,932 [pool-403-thread-1] INFO  server.RaftServerConfigKeys (ConfUtils.java:logGet(43)) - raft.server.snapshot.retention.file.num = 5 (custom)
2019-10-14 14:53:16,932 [pool-403-thread-1] INFO  server.RaftServerConfigKeys (ConfUtils.java:logGet(43)) - raft.server.retrycache.expirytime = 600000ms (custom)
2019-10-14 14:53:16,933 [pool-403-thread-1] INFO  impl.RaftServerImpl (RaftServerImpl.java:start(181)) - 60d30bb1-7629-4dfa-99ed-756c1a7d77a0@group-E530492F8BCF: start as a follower, conf=-1: [60d30bb1-7629-4dfa-99ed-756c1a7d77a0:192.168.157.234:46768], old=null
2019-10-14 14:53:16,933 [pool-403-thread-1] INFO  impl.RaftServerImpl (RaftServerImpl.java:setRole(170)) - 60d30bb1-7629-4dfa-99ed-756c1a7d77a0@group-E530492F8BCF: changes role from      null to FOLLOWER at term 0 for startAsFollower
2019-10-14 14:53:16,934 [pool-403-thread-1] INFO  impl.RoleInfo (RoleInfo.java:updateAndGet(143)) - 60d30bb1-7629-4dfa-99ed-756c1a7d77a0: start FollowerState
2019-10-14 14:53:16,934 [pool-403-thread-1] INFO  util.JmxRegister (JmxRegister.java:tryRegister(44)) - Successfully registered JMX Bean with object name Ratis:service=RaftServer,group=group-E530492F8BCF,id=60d30bb1-7629-4dfa-99ed-756c1a7d77a0
2019-10-14 14:53:16,938 [RatisPipelineUtilsThread] INFO  pipeline.PipelineStateManager (PipelineStateManager.java:addPipeline(56)) - Created pipeline Pipeline[ Id: 7ebdfe76-a1e6-4c1e-9041-e530492f8bcf, Nodes: 60d30bb1-7629-4dfa-99ed-756c1a7d77a0{ip: 192.168.157.234, host: pr-hdds-2302-x69hs-1458597746, networkLocation: /default-rack, certSerialId: null}, Type:RATIS, Factor:ONE, State:OPEN]
2019-10-14 14:53:16,956 [grpc-default-executor-0] INFO  impl.RaftServerProxy (RaftServerProxy.java:addNew(89)) - 60d30bb1-7629-4dfa-99ed-756c1a7d77a0: addNew group-4E554C71D71E:[23092ddc-1411-47f8-aab1-b577f5063db3:192.168.157.234:44805, 60d30bb1-7629-4dfa-99ed-756c1a7d77a0:192.168.157.234:46768, da1a0aa5-dc43-4a9c-99fb-ffaf5071ca0c:192.168.157.234:37860] returns group-4E554C71D71E:java.util.concurrent.CompletableFuture@209bee7d[Not completed]
2019-10-14 14:53:16,957 [grpc-default-executor-0] INFO  impl.RaftServerProxy (RaftServerProxy.java:addNew(89)) - 23092ddc-1411-47f8-aab1-b577f5063db3: addNew group-4E554C71D71E:[23092ddc-1411-47f8-aab1-b577f5063db3:192.168.157.234:44805, 60d30bb1-7629-4dfa-99ed-756c1a7d77a0:192.168.157.234:46768, da1a0aa5-dc43-4a9c-99fb-ffaf5071ca0c:192.168.157.234:37860] returns group-4E554C71D71E:java.util.concurrent.CompletableFuture@3bea0ec3[Not completed]
2019-10-14 14:53:16,957 [grpc-default-executor-0] INFO  impl.RaftServerProxy (RaftServerProxy.java:addNew(89)) - da1a0aa5-dc43-4a9c-99fb-ffaf5071ca0c: addNew group-4E554C71D71E:[23092ddc-1411-47f8-aab1-b577f5063db3:192.168.157.234:44805, 60d30bb1-7629-4dfa-99ed-756c1a7d77a0:192.168.157.234:46768, da1a0aa5-dc43-4a9c-99fb-ffaf5071ca0c:192.168.157.234:37860] returns group-4E554C71D71E:java.util.concurrent.CompletableFuture@2579022[Not completed]
2019-10-14 14:53:16,958 [pool-403-thread-1] INFO  impl.RaftServerImpl (RaftServerImpl.java:<init>(95)) - 60d30bb1-7629-4dfa-99ed-756c1a7d77a0: new RaftServerImpl for group-4E554C71D71E:[23092ddc-1411-47f8-aab1-b577f5063db3:192.168.157.234:44805, 60d30bb1-7629-4dfa-99ed-756c1a7d77a0:192.168.157.234:46768, da1a0aa5-dc43-4a9c-99fb-ffaf5071ca0c:192.168.157.234:37860] with ContainerStateMachine:uninitialized
2019-10-14 14:53:16,958 [pool-403-thread-1] INFO  server.RaftServerConfigKeys (ConfUtils.java:logGet(43)) - raft.server.rpc.timeout.min = 5s (custom)
2019-10-14 14:53:16,958 [pool-403-thread-1] INFO  server.RaftServerConfigKeys (ConfUtils.java:logGet(43)) - raft.server.rpc.timeout.max = 5200ms (custom)
2019-10-14 14:53:16,958 [pool-403-thread-1] INFO  server.RaftServerConfigKeys (ConfUtils.java:logGet(43)) - raft.server.rpcslowness.timeout = 120s (custom)
2019-10-14 14:53:16,958 [pool-403-thread-1] INFO  server.RaftServerConfigKeys (ConfUtils.java:logGet(43)) - raft.server.sleep.deviation.threshold = 300 (default)
2019-10-14 14:53:16,959 [pool-403-thread-1] INFO  server.RaftServerConfigKeys (ConfUtils.java:logGet(43)) - raft.server.log.appender.install.snapshot.enabled = false (custom)
2019-10-14 14:53:16,959 [pool-383-thread-1] INFO  impl.RaftServerImpl (RaftServerImpl.java:<init>(95)) - 23092ddc-1411-47f8-aab1-b577f5063db3: new RaftServerImpl for group-4E554C71D71E:[23092ddc-1411-47f8-aab1-b577f5063db3:192.168.157.234:44805, 60d30bb1-7629-4dfa-99ed-756c1a7d77a0:192.168.157.234:46768, da1a0aa5-dc43-4a9c-99fb-ffaf5071ca0c:192.168.157.234:37860] with ContainerStateMachine:uninitialized
2019-10-14 14:53:16,959 [pool-393-thread-1] INFO  impl.RaftServerImpl (RaftServerImpl.java:<init>(95)) - da1a0aa5-dc43-4a9c-99fb-ffaf5071ca0c: new RaftServerImpl for group-4E554C71D71E:[23092ddc-1411-47f8-aab1-b577f5063db3:192.168.157.234:44805, 60d30bb1-7629-4dfa-99ed-756c1a7d77a0:192.168.157.234:46768, da1a0aa5-dc43-4a9c-99fb-ffaf5071ca0c:192.168.157.234:37860] with ContainerStateMachine:uninitialized
2019-10-14 14:53:16,959 [pool-403-thread-1] INFO  impl.RaftServerImpl (ServerState.java:<init>(103)) - 60d30bb1-7629-4dfa-99ed-756c1a7d77a0@group-4E554C71D71E: ConfigurationManager, init=-1: [23092ddc-1411-47f8-aab1-b577f5063db3:192.168.157.234:44805, 60d30bb1-7629-4dfa-99ed-756c1a7d77a0:192.168.157.234:46768, da1a0aa5-dc43-4a9c-99fb-ffaf5071ca0c:192.168.157.234:37860], old=null, confs=<EMPTY_MAP>
2019-10-14 14:53:16,959 [pool-393-thread-1] INFO  server.RaftServerConfigKeys (ConfUtils.java:logGet(43)) - raft.server.rpc.timeout.min = 5s (custom)
2019-10-14 14:53:16,959 [pool-383-thread-1] INFO  server.RaftServerConfigKeys (ConfUtils.java:logGet(43)) - raft.server.rpc.timeout.min = 5s (custom)
2019-10-14 14:53:16,959 [pool-403-thread-1] INFO  server.RaftServerConfigKeys (ConfUtils.java:logGet(43)) - raft.server.storage.dir = [/workdir/hadoop-ozone/integration-test/target/test-dir/MiniOzoneClusterImpl-6edfac56-16c0-4f4f-8fb1-01b101fde067/datanode-2/data/ratis] (custom)
2019-10-14 14:53:16,959 [pool-393-thread-1] INFO  server.RaftServerConfigKeys (ConfUtils.java:logGet(43)) - raft.server.rpc.timeout.max = 5200ms (custom)
2019-10-14 14:53:16,959 [pool-383-thread-1] INFO  server.RaftServerConfigKeys (ConfUtils.java:logGet(43)) - raft.server.rpc.timeout.max = 5200ms (custom)
2019-10-14 14:53:16,960 [pool-403-thread-1] INFO  server.RaftServerConfigKeys (ConfUtils.java:logGet(43)) - raft.server.log.corruption.policy = EXCEPTION (default)
2019-10-14 14:53:16,960 [pool-393-thread-1] INFO  server.RaftServerConfigKeys (ConfUtils.java:logGet(43)) - raft.server.rpcslowness.timeout = 120s (custom)
2019-10-14 14:53:16,960 [pool-383-thread-1] INFO  server.RaftServerConfigKeys (ConfUtils.java:logGet(43)) - raft.server.rpcslowness.timeout = 120s (custom)
2019-10-14 14:53:16,960 [pool-403-thread-1] INFO  storage.RaftStorageDirectory (RaftStorageDirectory.java:analyzeStorage(246)) - The storage directory /workdir/hadoop-ozone/integration-test/target/test-dir/MiniOzoneClusterImpl-6edfac56-16c0-4f4f-8fb1-01b101fde067/datanode-2/data/ratis/d9bfdcaf-6a18-4db7-82af-4e554c71d71e does not exist. Creating ...
2019-10-14 14:53:16,960 [pool-393-thread-1] INFO  server.RaftServerConfigKeys (ConfUtils.java:logGet(43)) - raft.server.sleep.deviation.threshold = 300 (default)
2019-10-14 14:53:16,960 [pool-383-thread-1] INFO  server.RaftServerConfigKeys (ConfUtils.java:logGet(43)) - raft.server.sleep.deviation.threshold = 300 (default)
2019-10-14 14:53:16,960 [pool-393-thread-1] INFO  server.RaftServerConfigKeys (ConfUtils.java:logGet(43)) - raft.server.log.appender.install.snapshot.enabled = false (custom)
2019-10-14 14:53:16,960 [pool-383-thread-1] INFO  server.RaftServerConfigKeys (ConfUtils.java:logGet(43)) - raft.server.log.appender.install.snapshot.enabled = false (custom)
2019-10-14 14:53:16,960 [pool-393-thread-1] INFO  impl.RaftServerImpl (ServerState.java:<init>(103)) - da1a0aa5-dc43-4a9c-99fb-ffaf5071ca0c@group-4E554C71D71E: ConfigurationManager, init=-1: [23092ddc-1411-47f8-aab1-b577f5063db3:192.168.157.234:44805, 60d30bb1-7629-4dfa-99ed-756c1a7d77a0:192.168.157.234:46768, da1a0aa5-dc43-4a9c-99fb-ffaf5071ca0c:192.168.157.234:37860], old=null, confs=<EMPTY_MAP>
2019-10-14 14:53:16,961 [pool-383-thread-1] INFO  impl.RaftServerImpl (ServerState.java:<init>(103)) - 23092ddc-1411-47f8-aab1-b577f5063db3@group-4E554C71D71E: ConfigurationManager, init=-1: [23092ddc-1411-47f8-aab1-b577f5063db3:192.168.157.234:44805, 60d30bb1-7629-4dfa-99ed-756c1a7d77a0:192.168.157.234:46768, da1a0aa5-dc43-4a9c-99fb-ffaf5071ca0c:192.168.157.234:37860], old=null, confs=<EMPTY_MAP>
2019-10-14 14:53:16,961 [pool-393-thread-1] INFO  server.RaftServerConfigKeys (ConfUtils.java:logGet(43)) - raft.server.storage.dir = [/workdir/hadoop-ozone/integration-test/target/test-dir/MiniOzoneClusterImpl-6edfac56-16c0-4f4f-8fb1-01b101fde067/datanode-1/data/ratis] (custom)
2019-10-14 14:53:16,961 [pool-383-thread-1] INFO  server.RaftServerConfigKeys (ConfUtils.java:logGet(43)) - raft.server.storage.dir = [/workdir/hadoop-ozone/integration-test/target/test-dir/MiniOzoneClusterImpl-6edfac56-16c0-4f4f-8fb1-01b101fde067/datanode-0/data/ratis] (custom)
2019-10-14 14:53:16,961 [pool-393-thread-1] INFO  server.RaftServerConfigKeys (ConfUtils.java:logGet(43)) - raft.server.log.corruption.policy = EXCEPTION (default)
2019-10-14 14:53:16,961 [pool-393-thread-1] INFO  storage.RaftStorageDirectory (RaftStorageDirectory.java:analyzeStorage(246)) - The storage directory /workdir/hadoop-ozone/integration-test/target/test-dir/MiniOzoneClusterImpl-6edfac56-16c0-4f4f-8fb1-01b101fde067/datanode-1/data/ratis/d9bfdcaf-6a18-4db7-82af-4e554c71d71e does not exist. Creating ...
2019-10-14 14:53:16,961 [pool-383-thread-1] INFO  server.RaftServerConfigKeys (ConfUtils.java:logGet(43)) - raft.server.log.corruption.policy = EXCEPTION (default)
2019-10-14 14:53:16,962 [pool-383-thread-1] INFO  storage.RaftStorageDirectory (RaftStorageDirectory.java:analyzeStorage(246)) - The storage directory /workdir/hadoop-ozone/integration-test/target/test-dir/MiniOzoneClusterImpl-6edfac56-16c0-4f4f-8fb1-01b101fde067/datanode-0/data/ratis/d9bfdcaf-6a18-4db7-82af-4e554c71d71e does not exist. Creating ...
2019-10-14 14:53:16,978 [pool-403-thread-1] INFO  storage.RaftStorageDirectory (RaftStorageDirectory.java:tryLock(328)) - Lock on /workdir/hadoop-ozone/integration-test/target/test-dir/MiniOzoneClusterImpl-6edfac56-16c0-4f4f-8fb1-01b101fde067/datanode-2/data/ratis/d9bfdcaf-6a18-4db7-82af-4e554c71d71e/in_use.lock acquired by nodename 4617@pr-hdds-2302-x69hs-1458597746
2019-10-14 14:53:16,978 [pool-383-thread-1] INFO  storage.RaftStorageDirectory (RaftStorageDirectory.java:tryLock(328)) - Lock on /workdir/hadoop-ozone/integration-test/target/test-dir/MiniOzoneClusterImpl-6edfac56-16c0-4f4f-8fb1-01b101fde067/datanode-0/data/ratis/d9bfdcaf-6a18-4db7-82af-4e554c71d71e/in_use.lock acquired by nodename 4617@pr-hdds-2302-x69hs-1458597746
2019-10-14 14:53:16,978 [pool-393-thread-1] INFO  storage.RaftStorageDirectory (RaftStorageDirectory.java:tryLock(328)) - Lock on /workdir/hadoop-ozone/integration-test/target/test-dir/MiniOzoneClusterImpl-6edfac56-16c0-4f4f-8fb1-01b101fde067/datanode-1/data/ratis/d9bfdcaf-6a18-4db7-82af-4e554c71d71e/in_use.lock acquired by nodename 4617@pr-hdds-2302-x69hs-1458597746
2019-10-14 14:53:16,979 [IPC Server handler 1 on 35489] INFO  net.NetworkTopology (NetworkTopologyImpl.java:add(111)) - Added a new node: /default-rack/a900a92b-655d-4b38-b2a7-005a0160de6c
2019-10-14 14:53:16,979 [IPC Server handler 1 on 35489] INFO  node.SCMNodeManager (SCMNodeManager.java:register(268)) - Registered Data node : a900a92b-655d-4b38-b2a7-005a0160de6c{ip: 192.168.157.234, host: pr-hdds-2302-x69hs-1458597746, networkLocation: /default-rack, certSerialId: null}
2019-10-14 14:53:16,992 [pool-403-thread-1] INFO  storage.RaftStorage (RaftStorage.java:format(84)) - Storage directory /workdir/hadoop-ozone/integration-test/target/test-dir/MiniOzoneClusterImpl-6edfac56-16c0-4f4f-8fb1-01b101fde067/datanode-2/data/ratis/d9bfdcaf-6a18-4db7-82af-4e554c71d71e has been successfully formatted.
2019-10-14 14:53:16,992 [pool-383-thread-1] INFO  storage.RaftStorage (RaftStorage.java:format(84)) - Storage directory /workdir/hadoop-ozone/integration-test/target/test-dir/MiniOzoneClusterImpl-6edfac56-16c0-4f4f-8fb1-01b101fde067/datanode-0/data/ratis/d9bfdcaf-6a18-4db7-82af-4e554c71d71e has been successfully formatted.
2019-10-14 14:53:16,992 [pool-393-thread-1] INFO  storage.RaftStorage (RaftStorage.java:format(84)) - Storage directory /workdir/hadoop-ozone/integration-test/target/test-dir/MiniOzoneClusterImpl-6edfac56-16c0-4f4f-8fb1-01b101fde067/datanode-1/data/ratis/d9bfdcaf-6a18-4db7-82af-4e554c71d71e has been successfully formatted.
2019-10-14 14:53:16,992 [pool-403-thread-1] INFO  ratis.ContainerStateMachine (ContainerStateMachine.java:loadSnapshot(231)) - group-4E554C71D71E: The snapshot info is null. Setting the last applied indexto:(t:0, i:~)
2019-10-14 14:53:16,993 [pool-393-thread-1] INFO  ratis.ContainerStateMachine (ContainerStateMachine.java:loadSnapshot(231)) - group-4E554C71D71E: The snapshot info is null. Setting the last applied indexto:(t:0, i:~)
2019-10-14 14:53:16,993 [pool-383-thread-1] INFO  ratis.ContainerStateMachine (ContainerStateMachine.java:loadSnapshot(231)) - group-4E554C71D71E: The snapshot info is null. Setting the last applied indexto:(t:0, i:~)
2019-10-14 14:53:16,993 [pool-393-thread-1] INFO  server.RaftServerConfigKeys (ConfUtils.java:logGet(43)) - raft.server.notification.no-leader.timeout = 120s (custom)
2019-10-14 14:53:16,993 [pool-403-thread-1] INFO  server.RaftServerConfigKeys (ConfUtils.java:logGet(43)) - raft.server.notification.no-leader.timeout = 120s (custom)
2019-10-14 14:53:16,993 [pool-393-thread-1] INFO  server.RaftServerConfigKeys (ConfUtils.java:logGet(43)) - raft.server.log.use.memory = false (default)
2019-10-14 14:53:16,993 [pool-383-thread-1] INFO  server.RaftServerConfigKeys (ConfUtils.java:logGet(43)) - raft.server.notification.no-leader.timeout = 120s (custom)
2019-10-14 14:53:16,993 [pool-393-thread-1] INFO  server.RaftServerConfigKeys (ConfUtils.java:logGet(43)) - raft.server.log.purge.gap = 1000000 (custom)
2019-10-14 14:53:16,993 [pool-403-thread-1] INFO  server.RaftServerConfigKeys (ConfUtils.java:logGet(43)) - raft.server.log.use.memory = false (default)
2019-10-14 14:53:16,994 [pool-393-thread-1] INFO  server.RaftServerConfigKeys (ConfUtils.java:logGet(43)) - raft.server.log.appender.buffer.byte-limit = 33554432 (custom)
2019-10-14 14:53:16,994 [pool-383-thread-1] INFO  server.RaftServerConfigKeys (ConfUtils.java:logGet(43)) - raft.server.log.use.memory = false (default)
2019-10-14 14:53:16,994 [pool-393-thread-1] INFO  server.RaftServerConfigKeys (ConfUtils.java:logGet(43)) - raft.server.log.segment.size.max = 1048576 (custom)
2019-10-14 14:53:16,994 [pool-403-thread-1] INFO  server.RaftServerConfigKeys (ConfUtils.java:logGet(43)) - raft.server.log.purge.gap = 1000000 (custom)
2019-10-14 14:53:16,994 [pool-393-thread-1] INFO  server.RaftServerConfigKeys (ConfUtils.java:logGet(43)) - raft.server.log.segment.cache.num.max = 2 (custom)
2019-10-14 14:53:16,994 [pool-383-thread-1] INFO  server.RaftServerConfigKeys (ConfUtils.java:logGet(43)) - raft.server.log.purge.gap = 1000000 (custom)
2019-10-14 14:53:16,994 [pool-393-thread-1] INFO  segmented.SegmentedRaftLogWorker (SegmentedRaftLogWorker.java:<init>(173)) - new da1a0aa5-dc43-4a9c-99fb-ffaf5071ca0c@group-4E554C71D71E-SegmentedRaftLogWorker for RaftStorage:Storage Directory /workdir/hadoop-ozone/integration-test/target/test-dir/MiniOzoneClusterImpl-6edfac56-16c0-4f4f-8fb1-01b101fde067/datanode-1/data/ratis/d9bfdcaf-6a18-4db7-82af-4e554c71d71e
2019-10-14 14:53:16,994 [pool-403-thread-1] INFO  server.RaftServerConfigKeys (ConfUtils.java:logGet(43)) - raft.server.log.appender.buffer.byte-limit = 33554432 (custom)
2019-10-14 14:53:16,995 [pool-393-thread-1] INFO  server.RaftServerConfigKeys (ConfUtils.java:logGet(43)) - raft.server.log.queue.byte-limit = 2147483647 (custom)
2019-10-14 14:53:16,995 [pool-383-thread-1] INFO  server.RaftServerConfigKeys (ConfUtils.java:logGet(43)) - raft.server.log.appender.buffer.byte-limit = 33554432 (custom)
2019-10-14 14:53:16,995 [pool-393-thread-1] INFO  server.RaftServerConfigKeys (ConfUtils.java:logGet(43)) - raft.server.log.queue.element-limit = 1024 (custom)
2019-10-14 14:53:16,995 [pool-403-thread-1] INFO  server.RaftServerConfigKeys (ConfUtils.java:logGet(43)) - raft.server.log.segment.size.max = 1048576 (custom)
2019-10-14 14:53:16,995 [pool-393-thread-1] INFO  server.RaftServerConfigKeys (ConfUtils.java:logGet(43)) - raft.server.log.segment.size.max = 1048576 (custom)
2019-10-14 14:53:16,995 [pool-383-thread-1] INFO  server.RaftServerConfigKeys (ConfUtils.java:logGet(43)) - raft.server.log.segment.size.max = 1048576 (custom)
2019-10-14 14:53:16,995 [pool-393-thread-1] INFO  server.RaftServerConfigKeys (ConfUtils.java:logGet(43)) - raft.server.log.preallocated.size = 16384 (custom)
2019-10-14 14:53:16,995 [pool-403-thread-1] INFO  server.RaftServerConfigKeys (ConfUtils.java:logGet(43)) - raft.server.log.segment.cache.num.max = 2 (custom)
2019-10-14 14:53:16,996 [pool-393-thread-1] INFO  server.RaftServerConfigKeys (ConfUtils.java:logGet(43)) - raft.server.log.write.buffer.size = 33554432 (custom)
2019-10-14 14:53:16,996 [pool-383-thread-1] INFO  server.RaftServerConfigKeys (ConfUtils.java:logGet(43)) - raft.server.log.segment.cache.num.max = 2 (custom)
2019-10-14 14:53:16,996 [pool-393-thread-1] INFO  server.RaftServerConfigKeys (ConfUtils.java:logGet(43)) - raft.server.log.force.sync.num = 128 (default)
2019-10-14 14:53:16,996 [pool-403-thread-1] INFO  segmented.SegmentedRaftLogWorker (SegmentedRaftLogWorker.java:<init>(173)) - new 60d30bb1-7629-4dfa-99ed-756c1a7d77a0@group-4E554C71D71E-SegmentedRaftLogWorker for RaftStorage:Storage Directory /workdir/hadoop-ozone/integration-test/target/test-dir/MiniOzoneClusterImpl-6edfac56-16c0-4f4f-8fb1-01b101fde067/datanode-2/data/ratis/d9bfdcaf-6a18-4db7-82af-4e554c71d71e
2019-10-14 14:53:16,996 [pool-393-thread-1] INFO  server.RaftServerConfigKeys (ConfUtils.java:logGet(43)) - raft.server.log.statemachine.data.sync = true (default)
2019-10-14 14:53:16,996 [pool-383-thread-1] INFO  segmented.SegmentedRaftLogWorker (SegmentedRaftLogWorker.java:<init>(173)) - new 23092ddc-1411-47f8-aab1-b577f5063db3@group-4E554C71D71E-SegmentedRaftLogWorker for RaftStorage:Storage Directory /workdir/hadoop-ozone/integration-test/target/test-dir/MiniOzoneClusterImpl-6edfac56-16c0-4f4f-8fb1-01b101fde067/datanode-0/data/ratis/d9bfdcaf-6a18-4db7-82af-4e554c71d71e
2019-10-14 14:53:16,996 [pool-393-thread-1] INFO  server.RaftServerConfigKeys (ConfUtils.java:logGet(43)) - raft.server.log.statemachine.data.sync.timeout = 10s (default)
2019-10-14 14:53:16,996 [pool-403-thread-1] INFO  server.RaftServerConfigKeys (ConfUtils.java:logGet(43)) - raft.server.log.queue.byte-limit = 2147483647 (custom)
2019-10-14 14:53:16,997 [pool-393-thread-1] INFO  server.RaftServerConfigKeys (ConfUtils.java:logGet(43)) - raft.server.log.statemachine.data.sync.timeout.retry = -1 (default)
2019-10-14 14:53:16,996 [pool-383-thread-1] INFO  server.RaftServerConfigKeys (ConfUtils.java:logGet(43)) - raft.server.log.queue.byte-limit = 2147483647 (custom)
2019-10-14 14:53:16,997 [pool-393-thread-1] INFO  server.RaftServerConfigKeys (ConfUtils.java:logGet(43)) - raft.server.log.statemachine.data.caching.enabled = true (custom)
2019-10-14 14:53:16,997 [pool-403-thread-1] INFO  server.RaftServerConfigKeys (ConfUtils.java:logGet(43)) - raft.server.log.queue.element-limit = 1024 (custom)
2019-10-14 14:53:16,997 [pool-393-thread-1] INFO  segmented.SegmentedRaftLogWorker (SegmentedRaftLogWorker.java:lambda$new$0(128)) - da1a0aa5-dc43-4a9c-99fb-ffaf5071ca0c@group-4E554C71D71E-SegmentedRaftLogWorker: flushIndex: setUnconditionally 0 -> -1
2019-10-14 14:53:16,997 [pool-383-thread-1] INFO  server.RaftServerConfigKeys (ConfUtils.java:logGet(43)) - raft.server.log.queue.element-limit = 1024 (custom)
2019-10-14 14:53:16,997 [pool-393-thread-1] INFO  server.RaftServerConfigKeys (ConfUtils.java:logGet(43)) - raft.server.snapshot.auto.trigger.enabled = true (custom)
2019-10-14 14:53:16,998 [pool-393-thread-1] INFO  server.RaftServerConfigKeys (ConfUtils.java:logGet(43)) - raft.server.snapshot.auto.trigger.threshold = 10000 (custom)
2019-10-14 14:53:16,997 [pool-403-thread-1] INFO  server.RaftServerConfigKeys (ConfUtils.java:logGet(43)) - raft.server.log.segment.size.max = 1048576 (custom)
2019-10-14 14:53:16,998 [pool-393-thread-1] INFO  server.RaftServerConfigKeys (ConfUtils.java:logGet(43)) - raft.server.snapshot.retention.file.num = 5 (custom)
2019-10-14 14:53:16,997 [pool-383-thread-1] INFO  server.RaftServerConfigKeys (ConfUtils.java:logGet(43)) - raft.server.log.segment.size.max = 1048576 (custom)
2019-10-14 14:53:16,998 [pool-393-thread-1] INFO  server.RaftServerConfigKeys (ConfUtils.java:logGet(43)) - raft.server.retrycache.expirytime = 600000ms (custom)
2019-10-14 14:53:16,998 [pool-403-thread-1] INFO  server.RaftServerConfigKeys (ConfUtils.java:logGet(43)) - raft.server.log.preallocated.size = 16384 (custom)
2019-10-14 14:53:16,998 [pool-383-thread-1] INFO  server.RaftServerConfigKeys (ConfUtils.java:logGet(43)) - raft.server.log.preallocated.size = 16384 (custom)
2019-10-14 14:53:16,998 [pool-403-thread-1] INFO  server.RaftServerConfigKeys (ConfUtils.java:logGet(43)) - raft.server.log.write.buffer.size = 33554432 (custom)
2019-10-14 14:53:16,998 [pool-383-thread-1] INFO  server.RaftServerConfigKeys (ConfUtils.java:logGet(43)) - raft.server.log.write.buffer.size = 33554432 (custom)
2019-10-14 14:53:16,999 [pool-403-thread-1] INFO  server.RaftServerConfigKeys (ConfUtils.java:logGet(43)) - raft.server.log.force.sync.num = 128 (default)
2019-10-14 14:53:16,999 [pool-383-thread-1] INFO  server.RaftServerConfigKeys (ConfUtils.java:logGet(43)) - raft.server.log.force.sync.num = 128 (default)
2019-10-14 14:53:16,999 [pool-393-thread-1] INFO  impl.RaftServerImpl (RaftServerImpl.java:start(181)) - da1a0aa5-dc43-4a9c-99fb-ffaf5071ca0c@group-4E554C71D71E: start as a follower, conf=-1: [23092ddc-1411-47f8-aab1-b577f5063db3:192.168.157.234:44805, 60d30bb1-7629-4dfa-99ed-756c1a7d77a0:192.168.157.234:46768, da1a0aa5-dc43-4a9c-99fb-ffaf5071ca0c:192.168.157.234:37860], old=null
2019-10-14 14:53:16,999 [pool-403-thread-1] INFO  server.RaftServerConfigKeys (ConfUtils.java:logGet(43)) - raft.server.log.statemachine.data.sync = true (default)
2019-10-14 14:53:16,999 [pool-393-thread-1] INFO  impl.RaftServerImpl (RaftServerImpl.java:setRole(170)) - da1a0aa5-dc43-4a9c-99fb-ffaf5071ca0c@group-4E554C71D71E: changes role from      null to FOLLOWER at term 0 for startAsFollower
2019-10-14 14:53:16,999 [pool-383-thread-1] INFO  server.RaftServerConfigKeys (ConfUtils.java:logGet(43)) - raft.server.log.statemachine.data.sync = true (default)
2019-10-14 14:53:16,999 [pool-393-thread-1] INFO  impl.RoleInfo (RoleInfo.java:updateAndGet(143)) - da1a0aa5-dc43-4a9c-99fb-ffaf5071ca0c: start FollowerState
2019-10-14 14:53:16,999 [pool-403-thread-1] INFO  server.RaftServerConfigKeys (ConfUtils.java:logGet(43)) - raft.server.log.statemachine.data.sync.timeout = 10s (default)
2019-10-14 14:53:17,000 [pool-383-thread-1] INFO  server.RaftServerConfigKeys (ConfUtils.java:logGet(43)) - raft.server.log.statemachine.data.sync.timeout = 10s (default)
2019-10-14 14:53:17,000 [pool-403-thread-1] INFO  server.RaftServerConfigKeys (ConfUtils.java:logGet(43)) - raft.server.log.statemachine.data.sync.timeout.retry = -1 (default)
2019-10-14 14:53:17,000 [pool-393-thread-1] INFO  util.JmxRegister (JmxRegister.java:tryRegister(44)) - Successfully registered JMX Bean with object name Ratis:service=RaftServer,group=group-4E554C71D71E,id=da1a0aa5-dc43-4a9c-99fb-ffaf5071ca0c
2019-10-14 14:53:17,000 [pool-403-thread-1] INFO  server.RaftServerConfigKeys (ConfUtils.java:logGet(43)) - raft.server.log.statemachine.data.caching.enabled = true (custom)
2019-10-14 14:53:17,000 [pool-383-thread-1] INFO  server.RaftServerConfigKeys (ConfUtils.java:logGet(43)) - raft.server.log.statemachine.data.sync.timeout.retry = -1 (default)
2019-10-14 14:53:17,001 [pool-403-thread-1] INFO  segmented.SegmentedRaftLogWorker (SegmentedRaftLogWorker.java:lambda$new$0(128)) - 60d30bb1-7629-4dfa-99ed-756c1a7d77a0@group-4E554C71D71E-SegmentedRaftLogWorker: flushIndex: setUnconditionally 0 -> -1
2019-10-14 14:53:17,001 [pool-383-thread-1] INFO  server.RaftServerConfigKeys (ConfUtils.java:logGet(43)) - raft.server.log.statemachine.data.caching.enabled = true (custom)
2019-10-14 14:53:17,001 [pool-403-thread-1] INFO  server.RaftServerConfigKeys (ConfUtils.java:logGet(43)) - raft.server.snapshot.auto.trigger.enabled = true (custom)
2019-10-14 14:53:17,001 [pool-383-thread-1] INFO  segmented.SegmentedRaftLogWorker (SegmentedRaftLogWorker.java:lambda$new$0(128)) - 23092ddc-1411-47f8-aab1-b577f5063db3@group-4E554C71D71E-SegmentedRaftLogWorker: flushIndex: setUnconditionally 0 -> -1
2019-10-14 14:53:17,001 [pool-403-thread-1] INFO  server.RaftServerConfigKeys (ConfUtils.java:logGet(43)) - raft.server.snapshot.auto.trigger.threshold = 10000 (custom)
2019-10-14 14:53:17,001 [pool-403-thread-1] INFO  server.RaftServerConfigKeys (ConfUtils.java:logGet(43)) - raft.server.snapshot.retention.file.num = 5 (custom)
2019-10-14 14:53:17,002 [pool-383-thread-1] INFO  server.RaftServerConfigKeys (ConfUtils.java:logGet(43)) - raft.server.snapshot.auto.trigger.enabled = true (custom)
2019-10-14 14:53:17,002 [pool-403-thread-1] INFO  server.RaftServerConfigKeys (ConfUtils.java:logGet(43)) - raft.server.retrycache.expirytime = 600000ms (custom)
2019-10-14 14:53:17,002 [pool-383-thread-1] INFO  server.RaftServerConfigKeys (ConfUtils.java:logGet(43)) - raft.server.snapshot.auto.trigger.threshold = 10000 (custom)
2019-10-14 14:53:17,002 [pool-383-thread-1] INFO  server.RaftServerConfigKeys (ConfUtils.java:logGet(43)) - raft.server.snapshot.retention.file.num = 5 (custom)
2019-10-14 14:53:17,002 [pool-383-thread-1] INFO  server.RaftServerConfigKeys (ConfUtils.java:logGet(43)) - raft.server.retrycache.expirytime = 600000ms (custom)
2019-10-14 14:53:17,004 [pool-403-thread-1] INFO  impl.RaftServerImpl (RaftServerImpl.java:start(181)) - 60d30bb1-7629-4dfa-99ed-756c1a7d77a0@group-4E554C71D71E: start as a follower, conf=-1: [23092ddc-1411-47f8-aab1-b577f5063db3:192.168.157.234:44805, 60d30bb1-7629-4dfa-99ed-756c1a7d77a0:192.168.157.234:46768, da1a0aa5-dc43-4a9c-99fb-ffaf5071ca0c:192.168.157.234:37860], old=null
2019-10-14 14:53:17,004 [pool-403-thread-1] INFO  impl.RaftServerImpl (RaftServerImpl.java:setRole(170)) - 60d30bb1-7629-4dfa-99ed-756c1a7d77a0@group-4E554C71D71E: changes role from      null to FOLLOWER at term 0 for startAsFollower
2019-10-14 14:53:17,005 [pool-403-thread-1] INFO  impl.RoleInfo (RoleInfo.java:updateAndGet(143)) - 60d30bb1-7629-4dfa-99ed-756c1a7d77a0: start FollowerState
2019-10-14 14:53:17,005 [pool-383-thread-1] INFO  impl.RaftServerImpl (RaftServerImpl.java:start(181)) - 23092ddc-1411-47f8-aab1-b577f5063db3@group-4E554C71D71E: start as a follower, conf=-1: [23092ddc-1411-47f8-aab1-b577f5063db3:192.168.157.234:44805, 60d30bb1-7629-4dfa-99ed-756c1a7d77a0:192.168.157.234:46768, da1a0aa5-dc43-4a9c-99fb-ffaf5071ca0c:192.168.157.234:37860], old=null
2019-10-14 14:53:17,005 [pool-383-thread-1] INFO  impl.RaftServerImpl (RaftServerImpl.java:setRole(170)) - 23092ddc-1411-47f8-aab1-b577f5063db3@group-4E554C71D71E: changes role from      null to FOLLOWER at term 0 for startAsFollower
2019-10-14 14:53:17,005 [pool-383-thread-1] INFO  impl.RoleInfo (RoleInfo.java:updateAndGet(143)) - 23092ddc-1411-47f8-aab1-b577f5063db3: start FollowerState
2019-10-14 14:53:17,005 [pool-403-thread-1] INFO  util.JmxRegister (JmxRegister.java:tryRegister(44)) - Successfully registered JMX Bean with object name Ratis:service=RaftServer,group=group-4E554C71D71E,id=60d30bb1-7629-4dfa-99ed-756c1a7d77a0
2019-10-14 14:53:17,006 [pool-383-thread-1] INFO  util.JmxRegister (JmxRegister.java:tryRegister(44)) - Successfully registered JMX Bean with object name Ratis:service=RaftServer,group=group-4E554C71D71E,id=23092ddc-1411-47f8-aab1-b577f5063db3
2019-10-14 14:53:17,012 [RatisPipelineUtilsThread] INFO  pipeline.PipelineStateManager (PipelineStateManager.java:addPipeline(56)) - Created pipeline Pipeline[ Id: d9bfdcaf-6a18-4db7-82af-4e554c71d71e, Nodes: da1a0aa5-dc43-4a9c-99fb-ffaf5071ca0c{ip: 192.168.157.234, host: pr-hdds-2302-x69hs-1458597746, networkLocation: /default-rack, certSerialId: null}60d30bb1-7629-4dfa-99ed-756c1a7d77a0{ip: 192.168.157.234, host: pr-hdds-2302-x69hs-1458597746, networkLocation: /default-rack, certSerialId: null}23092ddc-1411-47f8-aab1-b577f5063db3{ip: 192.168.157.234, host: pr-hdds-2302-x69hs-1458597746, networkLocation: /default-rack, certSerialId: null}, Type:RATIS, Factor:THREE, State:OPEN]
2019-10-14 14:53:17,047 [IPC Server handler 8 on 35489] INFO  net.NetworkTopology (NetworkTopologyImpl.java:add(111)) - Added a new node: /default-rack/3c3ff023-6cae-4d72-ad6d-ca140069573b
2019-10-14 14:53:17,047 [IPC Server handler 8 on 35489] INFO  node.SCMNodeManager (SCMNodeManager.java:register(268)) - Registered Data node : 3c3ff023-6cae-4d72-ad6d-ca140069573b{ip: 192.168.157.234, host: pr-hdds-2302-x69hs-1458597746, networkLocation: /default-rack, certSerialId: null}
2019-10-14 14:53:17,058 [grpc-default-executor-0] INFO  impl.RaftServerProxy (RaftServerProxy.java:addNew(89)) - 3c3ff023-6cae-4d72-ad6d-ca140069573b: addNew group-4D549EC43631:[3c3ff023-6cae-4d72-ad6d-ca140069573b:192.168.157.234:37150] returns group-4D549EC43631:java.util.concurrent.CompletableFuture@4ab51081[Not completed]
2019-10-14 14:53:17,061 [pool-423-thread-1] INFO  impl.RaftServerImpl (RaftServerImpl.java:<init>(95)) - 3c3ff023-6cae-4d72-ad6d-ca140069573b: new RaftServerImpl for group-4D549EC43631:[3c3ff023-6cae-4d72-ad6d-ca140069573b:192.168.157.234:37150] with ContainerStateMachine:uninitialized
2019-10-14 14:53:17,061 [pool-423-thread-1] INFO  server.RaftServerConfigKeys (ConfUtils.java:logGet(43)) - raft.server.rpc.timeout.min = 5s (custom)
2019-10-14 14:53:17,061 [pool-423-thread-1] INFO  server.RaftServerConfigKeys (ConfUtils.java:logGet(43)) - raft.server.rpc.timeout.max = 5200ms (custom)
2019-10-14 14:53:17,061 [pool-423-thread-1] INFO  server.RaftServerConfigKeys (ConfUtils.java:logGet(43)) - raft.server.rpcslowness.timeout = 120s (custom)
2019-10-14 14:53:17,062 [pool-423-thread-1] INFO  server.RaftServerConfigKeys (ConfUtils.java:logGet(43)) - raft.server.sleep.deviation.threshold = 300 (default)
2019-10-14 14:53:17,062 [pool-423-thread-1] INFO  server.RaftServerConfigKeys (ConfUtils.java:logGet(43)) - raft.server.log.appender.install.snapshot.enabled = false (custom)
2019-10-14 14:53:17,062 [pool-423-thread-1] INFO  impl.RaftServerImpl (ServerState.java:<init>(103)) - 3c3ff023-6cae-4d72-ad6d-ca140069573b@group-4D549EC43631: ConfigurationManager, init=-1: [3c3ff023-6cae-4d72-ad6d-ca140069573b:192.168.157.234:37150], old=null, confs=<EMPTY_MAP>
2019-10-14 14:53:17,062 [pool-423-thread-1] INFO  server.RaftServerConfigKeys (ConfUtils.java:logGet(43)) - raft.server.storage.dir = [/workdir/hadoop-ozone/integration-test/target/test-dir/MiniOzoneClusterImpl-6edfac56-16c0-4f4f-8fb1-01b101fde067/datanode-4/data/ratis] (custom)
2019-10-14 14:53:17,063 [pool-423-thread-1] INFO  server.RaftServerConfigKeys (ConfUtils.java:logGet(43)) - raft.server.log.corruption.policy = EXCEPTION (default)
2019-10-14 14:53:17,063 [pool-423-thread-1] INFO  storage.RaftStorageDirectory (RaftStorageDirectory.java:analyzeStorage(246)) - The storage directory /workdir/hadoop-ozone/integration-test/target/test-dir/MiniOzoneClusterImpl-6edfac56-16c0-4f4f-8fb1-01b101fde067/datanode-4/data/ratis/5f9c7247-ff85-4bc7-99eb-4d549ec43631 does not exist. Creating ...
2019-10-14 14:53:17,077 [pool-423-thread-1] INFO  storage.RaftStorageDirectory (RaftStorageDirectory.java:tryLock(328)) - Lock on /workdir/hadoop-ozone/integration-test/target/test-dir/MiniOzoneClusterImpl-6edfac56-16c0-4f4f-8fb1-01b101fde067/datanode-4/data/ratis/5f9c7247-ff85-4bc7-99eb-4d549ec43631/in_use.lock acquired by nodename 4617@pr-hdds-2302-x69hs-1458597746
2019-10-14 14:53:17,090 [pool-423-thread-1] INFO  storage.RaftStorage (RaftStorage.java:format(84)) - Storage directory /workdir/hadoop-ozone/integration-test/target/test-dir/MiniOzoneClusterImpl-6edfac56-16c0-4f4f-8fb1-01b101fde067/datanode-4/data/ratis/5f9c7247-ff85-4bc7-99eb-4d549ec43631 has been successfully formatted.
2019-10-14 14:53:17,091 [pool-423-thread-1] INFO  ratis.ContainerStateMachine (ContainerStateMachine.java:loadSnapshot(231)) - group-4D549EC43631: The snapshot info is null. Setting the last applied indexto:(t:0, i:~)
2019-10-14 14:53:17,091 [pool-423-thread-1] INFO  server.RaftServerConfigKeys (ConfUtils.java:logGet(43)) - raft.server.notification.no-leader.timeout = 120s (custom)
2019-10-14 14:53:17,091 [pool-423-thread-1] INFO  server.RaftServerConfigKeys (ConfUtils.java:logGet(43)) - raft.server.log.use.memory = false (default)
2019-10-14 14:53:17,091 [pool-423-thread-1] INFO  server.RaftServerConfigKeys (ConfUtils.java:logGet(43)) - raft.server.log.purge.gap = 1000000 (custom)
2019-10-14 14:53:17,091 [pool-423-thread-1] INFO  server.RaftServerConfigKeys (ConfUtils.java:logGet(43)) - raft.server.log.appender.buffer.byte-limit = 33554432 (custom)
2019-10-14 14:53:17,092 [pool-423-thread-1] INFO  server.RaftServerConfigKeys (ConfUtils.java:logGet(43)) - raft.server.log.segment.size.max = 1048576 (custom)
2019-10-14 14:53:17,094 [pool-423-thread-1] INFO  server.RaftServerConfigKeys (ConfUtils.java:logGet(43)) - raft.server.log.segment.cache.num.max = 2 (custom)
2019-10-14 14:53:17,095 [pool-423-thread-1] INFO  segmented.SegmentedRaftLogWorker (SegmentedRaftLogWorker.java:<init>(173)) - new 3c3ff023-6cae-4d72-ad6d-ca140069573b@group-4D549EC43631-SegmentedRaftLogWorker for RaftStorage:Storage Directory /workdir/hadoop-ozone/integration-test/target/test-dir/MiniOzoneClusterImpl-6edfac56-16c0-4f4f-8fb1-01b101fde067/datanode-4/data/ratis/5f9c7247-ff85-4bc7-99eb-4d549ec43631
2019-10-14 14:53:17,095 [pool-423-thread-1] INFO  server.RaftServerConfigKeys (ConfUtils.java:logGet(43)) - raft.server.log.queue.byte-limit = 2147483647 (custom)
2019-10-14 14:53:17,095 [pool-423-thread-1] INFO  server.RaftServerConfigKeys (ConfUtils.java:logGet(43)) - raft.server.log.queue.element-limit = 1024 (custom)
2019-10-14 14:53:17,095 [pool-423-thread-1] INFO  server.RaftServerConfigKeys (ConfUtils.java:logGet(43)) - raft.server.log.segment.size.max = 1048576 (custom)
2019-10-14 14:53:17,095 [pool-423-thread-1] INFO  server.RaftServerConfigKeys (ConfUtils.java:logGet(43)) - raft.server.log.preallocated.size = 16384 (custom)
2019-10-14 14:53:17,095 [pool-423-thread-1] INFO  server.RaftServerConfigKeys (ConfUtils.java:logGet(43)) - raft.server.log.write.buffer.size = 33554432 (custom)
2019-10-14 14:53:17,095 [pool-423-thread-1] INFO  server.RaftServerConfigKeys (ConfUtils.java:logGet(43)) - raft.server.log.force.sync.num = 128 (default)
2019-10-14 14:53:17,096 [pool-423-thread-1] INFO  server.RaftServerConfigKeys (ConfUtils.java:logGet(43)) - raft.server.log.statemachine.data.sync = true (default)
2019-10-14 14:53:17,096 [pool-423-thread-1] INFO  server.RaftServerConfigKeys (ConfUtils.java:logGet(43)) - raft.server.log.statemachine.data.sync.timeout = 10s (default)
2019-10-14 14:53:17,096 [pool-423-thread-1] INFO  server.RaftServerConfigKeys (ConfUtils.java:logGet(43)) - raft.server.log.statemachine.data.sync.timeout.retry = -1 (default)
2019-10-14 14:53:17,096 [pool-423-thread-1] INFO  server.RaftServerConfigKeys (ConfUtils.java:logGet(43)) - raft.server.log.statemachine.data.caching.enabled = true (custom)
2019-10-14 14:53:17,097 [pool-423-thread-1] INFO  segmented.SegmentedRaftLogWorker (SegmentedRaftLogWorker.java:lambda$new$0(128)) - 3c3ff023-6cae-4d72-ad6d-ca140069573b@group-4D549EC43631-SegmentedRaftLogWorker: flushIndex: setUnconditionally 0 -> -1
2019-10-14 14:53:17,097 [pool-423-thread-1] INFO  server.RaftServerConfigKeys (ConfUtils.java:logGet(43)) - raft.server.snapshot.auto.trigger.enabled = true (custom)
2019-10-14 14:53:17,097 [pool-423-thread-1] INFO  server.RaftServerConfigKeys (ConfUtils.java:logGet(43)) - raft.server.snapshot.auto.trigger.threshold = 10000 (custom)
2019-10-14 14:53:17,097 [pool-423-thread-1] INFO  server.RaftServerConfigKeys (ConfUtils.java:logGet(43)) - raft.server.snapshot.retention.file.num = 5 (custom)
2019-10-14 14:53:17,097 [pool-423-thread-1] INFO  server.RaftServerConfigKeys (ConfUtils.java:logGet(43)) - raft.server.retrycache.expirytime = 600000ms (custom)
2019-10-14 14:53:17,100 [pool-423-thread-1] INFO  impl.RaftServerImpl (RaftServerImpl.java:start(181)) - 3c3ff023-6cae-4d72-ad6d-ca140069573b@group-4D549EC43631: start as a follower, conf=-1: [3c3ff023-6cae-4d72-ad6d-ca140069573b:192.168.157.234:37150], old=null
2019-10-14 14:53:17,100 [pool-423-thread-1] INFO  impl.RaftServerImpl (RaftServerImpl.java:setRole(170)) - 3c3ff023-6cae-4d72-ad6d-ca140069573b@group-4D549EC43631: changes role from      null to FOLLOWER at term 0 for startAsFollower
2019-10-14 14:53:17,100 [pool-423-thread-1] INFO  impl.RoleInfo (RoleInfo.java:updateAndGet(143)) - 3c3ff023-6cae-4d72-ad6d-ca140069573b: start FollowerState
2019-10-14 14:53:17,100 [pool-423-thread-1] INFO  util.JmxRegister (JmxRegister.java:tryRegister(44)) - Successfully registered JMX Bean with object name Ratis:service=RaftServer,group=group-4D549EC43631,id=3c3ff023-6cae-4d72-ad6d-ca140069573b
2019-10-14 14:53:17,105 [RatisPipelineUtilsThread] INFO  pipeline.PipelineStateManager (PipelineStateManager.java:addPipeline(56)) - Created pipeline Pipeline[ Id: 5f9c7247-ff85-4bc7-99eb-4d549ec43631, Nodes: 3c3ff023-6cae-4d72-ad6d-ca140069573b{ip: 192.168.157.234, host: pr-hdds-2302-x69hs-1458597746, networkLocation: /default-rack, certSerialId: null}, Type:RATIS, Factor:ONE, State:OPEN]
2019-10-14 14:53:17,115 [grpc-default-executor-0] INFO  impl.RaftServerProxy (RaftServerProxy.java:addNew(89)) - a900a92b-655d-4b38-b2a7-005a0160de6c: addNew group-E434D752855D:[a900a92b-655d-4b38-b2a7-005a0160de6c:192.168.157.234:42664] returns group-E434D752855D:java.util.concurrent.CompletableFuture@34a71616[Not completed]
2019-10-14 14:53:17,116 [pool-413-thread-1] INFO  impl.RaftServerImpl (RaftServerImpl.java:<init>(95)) - a900a92b-655d-4b38-b2a7-005a0160de6c: new RaftServerImpl for group-E434D752855D:[a900a92b-655d-4b38-b2a7-005a0160de6c:192.168.157.234:42664] with ContainerStateMachine:uninitialized
2019-10-14 14:53:17,116 [pool-413-thread-1] INFO  server.RaftServerConfigKeys (ConfUtils.java:logGet(43)) - raft.server.rpc.timeout.min = 5s (custom)
2019-10-14 14:53:17,116 [pool-413-thread-1] INFO  server.RaftServerConfigKeys (ConfUtils.java:logGet(43)) - raft.server.rpc.timeout.max = 5200ms (custom)
2019-10-14 14:53:17,116 [pool-413-thread-1] INFO  server.RaftServerConfigKeys (ConfUtils.java:logGet(43)) - raft.server.rpcslowness.timeout = 120s (custom)
2019-10-14 14:53:17,116 [pool-413-thread-1] INFO  server.RaftServerConfigKeys (ConfUtils.java:logGet(43)) - raft.server.sleep.deviation.threshold = 300 (default)
2019-10-14 14:53:17,117 [pool-413-thread-1] INFO  server.RaftServerConfigKeys (ConfUtils.java:logGet(43)) - raft.server.log.appender.install.snapshot.enabled = false (custom)
2019-10-14 14:53:17,117 [pool-413-thread-1] INFO  impl.RaftServerImpl (ServerState.java:<init>(103)) - a900a92b-655d-4b38-b2a7-005a0160de6c@group-E434D752855D: ConfigurationManager, init=-1: [a900a92b-655d-4b38-b2a7-005a0160de6c:192.168.157.234:42664], old=null, confs=<EMPTY_MAP>
2019-10-14 14:53:17,117 [pool-413-thread-1] INFO  server.RaftServerConfigKeys (ConfUtils.java:logGet(43)) - raft.server.storage.dir = [/workdir/hadoop-ozone/integration-test/target/test-dir/MiniOzoneClusterImpl-6edfac56-16c0-4f4f-8fb1-01b101fde067/datanode-3/data/ratis] (custom)
2019-10-14 14:53:17,117 [pool-413-thread-1] INFO  server.RaftServerConfigKeys (ConfUtils.java:logGet(43)) - raft.server.log.corruption.policy = EXCEPTION (default)
2019-10-14 14:53:17,117 [pool-413-thread-1] INFO  storage.RaftStorageDirectory (RaftStorageDirectory.java:analyzeStorage(246)) - The storage directory /workdir/hadoop-ozone/integration-test/target/test-dir/MiniOzoneClusterImpl-6edfac56-16c0-4f4f-8fb1-01b101fde067/datanode-3/data/ratis/e705f022-e126-400b-bd1a-e434d752855d does not exist. Creating ...
2019-10-14 14:53:17,131 [pool-413-thread-1] INFO  storage.RaftStorageDirectory (RaftStorageDirectory.java:tryLock(328)) - Lock on /workdir/hadoop-ozone/integration-test/target/test-dir/MiniOzoneClusterImpl-6edfac56-16c0-4f4f-8fb1-01b101fde067/datanode-3/data/ratis/e705f022-e126-400b-bd1a-e434d752855d/in_use.lock acquired by nodename 4617@pr-hdds-2302-x69hs-1458597746
2019-10-14 14:53:17,144 [pool-413-thread-1] INFO  storage.RaftStorage (RaftStorage.java:format(84)) - Storage directory /workdir/hadoop-ozone/integration-test/target/test-dir/MiniOzoneClusterImpl-6edfac56-16c0-4f4f-8fb1-01b101fde067/datanode-3/data/ratis/e705f022-e126-400b-bd1a-e434d752855d has been successfully formatted.
2019-10-14 14:53:17,144 [pool-413-thread-1] INFO  ratis.ContainerStateMachine (ContainerStateMachine.java:loadSnapshot(231)) - group-E434D752855D: The snapshot info is null. Setting the last applied indexto:(t:0, i:~)
2019-10-14 14:53:17,144 [pool-413-thread-1] INFO  server.RaftServerConfigKeys (ConfUtils.java:logGet(43)) - raft.server.notification.no-leader.timeout = 120s (custom)
2019-10-14 14:53:17,144 [pool-413-thread-1] INFO  server.RaftServerConfigKeys (ConfUtils.java:logGet(43)) - raft.server.log.use.memory = false (default)
2019-10-14 14:53:17,145 [pool-413-thread-1] INFO  server.RaftServerConfigKeys (ConfUtils.java:logGet(43)) - raft.server.log.purge.gap = 1000000 (custom)
2019-10-14 14:53:17,145 [pool-413-thread-1] INFO  server.RaftServerConfigKeys (ConfUtils.java:logGet(43)) - raft.server.log.appender.buffer.byte-limit = 33554432 (custom)
2019-10-14 14:53:17,145 [pool-413-thread-1] INFO  server.RaftServerConfigKeys (ConfUtils.java:logGet(43)) - raft.server.log.segment.size.max = 1048576 (custom)
2019-10-14 14:53:17,146 [pool-413-thread-1] INFO  server.RaftServerConfigKeys (ConfUtils.java:logGet(43)) - raft.server.log.segment.cache.num.max = 2 (custom)
2019-10-14 14:53:17,147 [pool-413-thread-1] INFO  segmented.SegmentedRaftLogWorker (SegmentedRaftLogWorker.java:<init>(173)) - new a900a92b-655d-4b38-b2a7-005a0160de6c@group-E434D752855D-SegmentedRaftLogWorker for RaftStorage:Storage Directory /workdir/hadoop-ozone/integration-test/target/test-dir/MiniOzoneClusterImpl-6edfac56-16c0-4f4f-8fb1-01b101fde067/datanode-3/data/ratis/e705f022-e126-400b-bd1a-e434d752855d
2019-10-14 14:53:17,147 [pool-413-thread-1] INFO  server.RaftServerConfigKeys (ConfUtils.java:logGet(43)) - raft.server.log.queue.byte-limit = 2147483647 (custom)
2019-10-14 14:53:17,147 [pool-413-thread-1] INFO  server.RaftServerConfigKeys (ConfUtils.java:logGet(43)) - raft.server.log.queue.element-limit = 1024 (custom)
2019-10-14 14:53:17,147 [pool-413-thread-1] INFO  server.RaftServerConfigKeys (ConfUtils.java:logGet(43)) - raft.server.log.segment.size.max = 1048576 (custom)
2019-10-14 14:53:17,147 [pool-413-thread-1] INFO  server.RaftServerConfigKeys (ConfUtils.java:logGet(43)) - raft.server.log.preallocated.size = 16384 (custom)
2019-10-14 14:53:17,147 [pool-413-thread-1] INFO  server.RaftServerConfigKeys (ConfUtils.java:logGet(43)) - raft.server.log.write.buffer.size = 33554432 (custom)
2019-10-14 14:53:17,147 [pool-413-thread-1] INFO  server.RaftServerConfigKeys (ConfUtils.java:logGet(43)) - raft.server.log.force.sync.num = 128 (default)
2019-10-14 14:53:17,147 [pool-413-thread-1] INFO  server.RaftServerConfigKeys (ConfUtils.java:logGet(43)) - raft.server.log.statemachine.data.sync = true (default)
2019-10-14 14:53:17,148 [pool-413-thread-1] INFO  server.RaftServerConfigKeys (ConfUtils.java:logGet(43)) - raft.server.log.statemachine.data.sync.timeout = 10s (default)
2019-10-14 14:53:17,148 [pool-413-thread-1] INFO  server.RaftServerConfigKeys (ConfUtils.java:logGet(43)) - raft.server.log.statemachine.data.sync.timeout.retry = -1 (default)
2019-10-14 14:53:17,148 [pool-413-thread-1] INFO  server.RaftServerConfigKeys (ConfUtils.java:logGet(43)) - raft.server.log.statemachine.data.caching.enabled = true (custom)
2019-10-14 14:53:17,148 [pool-413-thread-1] INFO  segmented.SegmentedRaftLogWorker (SegmentedRaftLogWorker.java:lambda$new$0(128)) - a900a92b-655d-4b38-b2a7-005a0160de6c@group-E434D752855D-SegmentedRaftLogWorker: flushIndex: setUnconditionally 0 -> -1
2019-10-14 14:53:17,149 [pool-413-thread-1] INFO  server.RaftServerConfigKeys (ConfUtils.java:logGet(43)) - raft.server.snapshot.auto.trigger.enabled = true (custom)
2019-10-14 14:53:17,149 [pool-413-thread-1] INFO  server.RaftServerConfigKeys (ConfUtils.java:logGet(43)) - raft.server.snapshot.auto.trigger.threshold = 10000 (custom)
2019-10-14 14:53:17,149 [pool-413-thread-1] INFO  server.RaftServerConfigKeys (ConfUtils.java:logGet(43)) - raft.server.snapshot.retention.file.num = 5 (custom)
2019-10-14 14:53:17,149 [pool-413-thread-1] INFO  server.RaftServerConfigKeys (ConfUtils.java:logGet(43)) - raft.server.retrycache.expirytime = 600000ms (custom)
2019-10-14 14:53:17,151 [pool-413-thread-1] INFO  impl.RaftServerImpl (RaftServerImpl.java:start(181)) - a900a92b-655d-4b38-b2a7-005a0160de6c@group-E434D752855D: start as a follower, conf=-1: [a900a92b-655d-4b38-b2a7-005a0160de6c:192.168.157.234:42664], old=null
2019-10-14 14:53:17,151 [pool-413-thread-1] INFO  impl.RaftServerImpl (RaftServerImpl.java:setRole(170)) - a900a92b-655d-4b38-b2a7-005a0160de6c@group-E434D752855D: changes role from      null to FOLLOWER at term 0 for startAsFollower
2019-10-14 14:53:17,151 [pool-413-thread-1] INFO  impl.RoleInfo (RoleInfo.java:updateAndGet(143)) - a900a92b-655d-4b38-b2a7-005a0160de6c: start FollowerState
2019-10-14 14:53:17,151 [pool-413-thread-1] INFO  util.JmxRegister (JmxRegister.java:tryRegister(44)) - Successfully registered JMX Bean with object name Ratis:service=RaftServer,group=group-E434D752855D,id=a900a92b-655d-4b38-b2a7-005a0160de6c
2019-10-14 14:53:17,155 [RatisPipelineUtilsThread] INFO  pipeline.PipelineStateManager (PipelineStateManager.java:addPipeline(56)) - Created pipeline Pipeline[ Id: e705f022-e126-400b-bd1a-e434d752855d, Nodes: a900a92b-655d-4b38-b2a7-005a0160de6c{ip: 192.168.157.234, host: pr-hdds-2302-x69hs-1458597746, networkLocation: /default-rack, certSerialId: null}, Type:RATIS, Factor:ONE, State:OPEN]
2019-10-14 14:53:17,165 [IPC Server handler 9 on 35489] INFO  net.NetworkTopology (NetworkTopologyImpl.java:add(111)) - Added a new node: /default-rack/c8b9c215-7301-42c6-a232-c0dcd2013ad2
2019-10-14 14:53:17,165 [IPC Server handler 9 on 35489] INFO  node.SCMNodeManager (SCMNodeManager.java:register(268)) - Registered Data node : c8b9c215-7301-42c6-a232-c0dcd2013ad2{ip: 192.168.157.234, host: pr-hdds-2302-x69hs-1458597746, networkLocation: /default-rack, certSerialId: null}
2019-10-14 14:53:17,173 [grpc-default-executor-0] INFO  impl.RaftServerProxy (RaftServerProxy.java:addNew(89)) - c8b9c215-7301-42c6-a232-c0dcd2013ad2: addNew group-CF1E94495CB5:[c8b9c215-7301-42c6-a232-c0dcd2013ad2:192.168.157.234:44167] returns group-CF1E94495CB5:java.util.concurrent.CompletableFuture@533d4837[Not completed]
2019-10-14 14:53:17,174 [pool-433-thread-1] INFO  impl.RaftServerImpl (RaftServerImpl.java:<init>(95)) - c8b9c215-7301-42c6-a232-c0dcd2013ad2: new RaftServerImpl for group-CF1E94495CB5:[c8b9c215-7301-42c6-a232-c0dcd2013ad2:192.168.157.234:44167] with ContainerStateMachine:uninitialized
2019-10-14 14:53:17,174 [pool-433-thread-1] INFO  server.RaftServerConfigKeys (ConfUtils.java:logGet(43)) - raft.server.rpc.timeout.min = 5s (custom)
2019-10-14 14:53:17,174 [pool-433-thread-1] INFO  server.RaftServerConfigKeys (ConfUtils.java:logGet(43)) - raft.server.rpc.timeout.max = 5200ms (custom)
2019-10-14 14:53:17,174 [pool-433-thread-1] INFO  server.RaftServerConfigKeys (ConfUtils.java:logGet(43)) - raft.server.rpcslowness.timeout = 120s (custom)
2019-10-14 14:53:17,174 [pool-433-thread-1] INFO  server.RaftServerConfigKeys (ConfUtils.java:logGet(43)) - raft.server.sleep.deviation.threshold = 300 (default)
2019-10-14 14:53:17,174 [pool-433-thread-1] INFO  server.RaftServerConfigKeys (ConfUtils.java:logGet(43)) - raft.server.log.appender.install.snapshot.enabled = false (custom)
2019-10-14 14:53:17,174 [pool-433-thread-1] INFO  impl.RaftServerImpl (ServerState.java:<init>(103)) - c8b9c215-7301-42c6-a232-c0dcd2013ad2@group-CF1E94495CB5: ConfigurationManager, init=-1: [c8b9c215-7301-42c6-a232-c0dcd2013ad2:192.168.157.234:44167], old=null, confs=<EMPTY_MAP>
2019-10-14 14:53:17,174 [pool-433-thread-1] INFO  server.RaftServerConfigKeys (ConfUtils.java:logGet(43)) - raft.server.storage.dir = [/workdir/hadoop-ozone/integration-test/target/test-dir/MiniOzoneClusterImpl-6edfac56-16c0-4f4f-8fb1-01b101fde067/datanode-5/data/ratis] (custom)
2019-10-14 14:53:17,175 [pool-433-thread-1] INFO  server.RaftServerConfigKeys (ConfUtils.java:logGet(43)) - raft.server.log.corruption.policy = EXCEPTION (default)
2019-10-14 14:53:17,175 [pool-433-thread-1] INFO  storage.RaftStorageDirectory (RaftStorageDirectory.java:analyzeStorage(246)) - The storage directory /workdir/hadoop-ozone/integration-test/target/test-dir/MiniOzoneClusterImpl-6edfac56-16c0-4f4f-8fb1-01b101fde067/datanode-5/data/ratis/e3819693-13a5-4161-a552-cf1e94495cb5 does not exist. Creating ...
2019-10-14 14:53:17,187 [pool-433-thread-1] INFO  storage.RaftStorageDirectory (RaftStorageDirectory.java:tryLock(328)) - Lock on /workdir/hadoop-ozone/integration-test/target/test-dir/MiniOzoneClusterImpl-6edfac56-16c0-4f4f-8fb1-01b101fde067/datanode-5/data/ratis/e3819693-13a5-4161-a552-cf1e94495cb5/in_use.lock acquired by nodename 4617@pr-hdds-2302-x69hs-1458597746
2019-10-14 14:53:17,200 [pool-433-thread-1] INFO  storage.RaftStorage (RaftStorage.java:format(84)) - Storage directory /workdir/hadoop-ozone/integration-test/target/test-dir/MiniOzoneClusterImpl-6edfac56-16c0-4f4f-8fb1-01b101fde067/datanode-5/data/ratis/e3819693-13a5-4161-a552-cf1e94495cb5 has been successfully formatted.
2019-10-14 14:53:17,200 [pool-433-thread-1] INFO  ratis.ContainerStateMachine (ContainerStateMachine.java:loadSnapshot(231)) - group-CF1E94495CB5: The snapshot info is null. Setting the last applied indexto:(t:0, i:~)
2019-10-14 14:53:17,200 [pool-433-thread-1] INFO  server.RaftServerConfigKeys (ConfUtils.java:logGet(43)) - raft.server.notification.no-leader.timeout = 120s (custom)
2019-10-14 14:53:17,200 [pool-433-thread-1] INFO  server.RaftServerConfigKeys (ConfUtils.java:logGet(43)) - raft.server.log.use.memory = false (default)
2019-10-14 14:53:17,200 [pool-433-thread-1] INFO  server.RaftServerConfigKeys (ConfUtils.java:logGet(43)) - raft.server.log.purge.gap = 1000000 (custom)
2019-10-14 14:53:17,200 [pool-433-thread-1] INFO  server.RaftServerConfigKeys (ConfUtils.java:logGet(43)) - raft.server.log.appender.buffer.byte-limit = 33554432 (custom)
2019-10-14 14:53:17,200 [pool-433-thread-1] INFO  server.RaftServerConfigKeys (ConfUtils.java:logGet(43)) - raft.server.log.segment.size.max = 1048576 (custom)
2019-10-14 14:53:17,202 [pool-433-thread-1] INFO  server.RaftServerConfigKeys (ConfUtils.java:logGet(43)) - raft.server.log.segment.cache.num.max = 2 (custom)
2019-10-14 14:53:17,202 [pool-433-thread-1] INFO  segmented.SegmentedRaftLogWorker (SegmentedRaftLogWorker.java:<init>(173)) - new c8b9c215-7301-42c6-a232-c0dcd2013ad2@group-CF1E94495CB5-SegmentedRaftLogWorker for RaftStorage:Storage Directory /workdir/hadoop-ozone/integration-test/target/test-dir/MiniOzoneClusterImpl-6edfac56-16c0-4f4f-8fb1-01b101fde067/datanode-5/data/ratis/e3819693-13a5-4161-a552-cf1e94495cb5
2019-10-14 14:53:17,202 [pool-433-thread-1] INFO  server.RaftServerConfigKeys (ConfUtils.java:logGet(43)) - raft.server.log.queue.byte-limit = 2147483647 (custom)
2019-10-14 14:53:17,202 [pool-433-thread-1] INFO  server.RaftServerConfigKeys (ConfUtils.java:logGet(43)) - raft.server.log.queue.element-limit = 1024 (custom)
2019-10-14 14:53:17,202 [pool-433-thread-1] INFO  server.RaftServerConfigKeys (ConfUtils.java:logGet(43)) - raft.server.log.segment.size.max = 1048576 (custom)
2019-10-14 14:53:17,202 [pool-433-thread-1] INFO  server.RaftServerConfigKeys (ConfUtils.java:logGet(43)) - raft.server.log.preallocated.size = 16384 (custom)
2019-10-14 14:53:17,202 [pool-433-thread-1] INFO  server.RaftServerConfigKeys (ConfUtils.java:logGet(43)) - raft.server.log.write.buffer.size = 33554432 (custom)
2019-10-14 14:53:17,203 [pool-433-thread-1] INFO  server.RaftServerConfigKeys (ConfUtils.java:logGet(43)) - raft.server.log.force.sync.num = 128 (default)
2019-10-14 14:53:17,203 [pool-433-thread-1] INFO  server.RaftServerConfigKeys (ConfUtils.java:logGet(43)) - raft.server.log.statemachine.data.sync = true (default)
2019-10-14 14:53:17,203 [pool-433-thread-1] INFO  server.RaftServerConfigKeys (ConfUtils.java:logGet(43)) - raft.server.log.statemachine.data.sync.timeout = 10s (default)
2019-10-14 14:53:17,203 [pool-433-thread-1] INFO  server.RaftServerConfigKeys (ConfUtils.java:logGet(43)) - raft.server.log.statemachine.data.sync.timeout.retry = -1 (default)
2019-10-14 14:53:17,203 [pool-433-thread-1] INFO  server.RaftServerConfigKeys (ConfUtils.java:logGet(43)) - raft.server.log.statemachine.data.caching.enabled = true (custom)
2019-10-14 14:53:17,203 [pool-433-thread-1] INFO  segmented.SegmentedRaftLogWorker (SegmentedRaftLogWorker.java:lambda$new$0(128)) - c8b9c215-7301-42c6-a232-c0dcd2013ad2@group-CF1E94495CB5-SegmentedRaftLogWorker: flushIndex: setUnconditionally 0 -> -1
2019-10-14 14:53:17,204 [pool-433-thread-1] INFO  server.RaftServerConfigKeys (ConfUtils.java:logGet(43)) - raft.server.snapshot.auto.trigger.enabled = true (custom)
2019-10-14 14:53:17,204 [pool-433-thread-1] INFO  server.RaftServerConfigKeys (ConfUtils.java:logGet(43)) - raft.server.snapshot.auto.trigger.threshold = 10000 (custom)
2019-10-14 14:53:17,204 [pool-433-thread-1] INFO  server.RaftServerConfigKeys (ConfUtils.java:logGet(43)) - raft.server.snapshot.retention.file.num = 5 (custom)
2019-10-14 14:53:17,204 [pool-433-thread-1] INFO  server.RaftServerConfigKeys (ConfUtils.java:logGet(43)) - raft.server.retrycache.expirytime = 600000ms (custom)
2019-10-14 14:53:17,205 [pool-433-thread-1] INFO  impl.RaftServerImpl (RaftServerImpl.java:start(181)) - c8b9c215-7301-42c6-a232-c0dcd2013ad2@group-CF1E94495CB5: start as a follower, conf=-1: [c8b9c215-7301-42c6-a232-c0dcd2013ad2:192.168.157.234:44167], old=null
2019-10-14 14:53:17,205 [pool-433-thread-1] INFO  impl.RaftServerImpl (RaftServerImpl.java:setRole(170)) - c8b9c215-7301-42c6-a232-c0dcd2013ad2@group-CF1E94495CB5: changes role from      null to FOLLOWER at term 0 for startAsFollower
2019-10-14 14:53:17,205 [pool-433-thread-1] INFO  impl.RoleInfo (RoleInfo.java:updateAndGet(143)) - c8b9c215-7301-42c6-a232-c0dcd2013ad2: start FollowerState
2019-10-14 14:53:17,206 [pool-433-thread-1] INFO  util.JmxRegister (JmxRegister.java:tryRegister(44)) - Successfully registered JMX Bean with object name Ratis:service=RaftServer,group=group-CF1E94495CB5,id=c8b9c215-7301-42c6-a232-c0dcd2013ad2
2019-10-14 14:53:17,210 [RatisPipelineUtilsThread] INFO  pipeline.PipelineStateManager (PipelineStateManager.java:addPipeline(56)) - Created pipeline Pipeline[ Id: e3819693-13a5-4161-a552-cf1e94495cb5, Nodes: c8b9c215-7301-42c6-a232-c0dcd2013ad2{ip: 192.168.157.234, host: pr-hdds-2302-x69hs-1458597746, networkLocation: /default-rack, certSerialId: null}, Type:RATIS, Factor:ONE, State:OPEN]
2019-10-14 14:53:17,232 [grpc-default-executor-11] INFO  impl.RaftServerProxy (RaftServerProxy.java:addNew(89)) - 3c3ff023-6cae-4d72-ad6d-ca140069573b: addNew group-10B1ECEE6B59:[c8b9c215-7301-42c6-a232-c0dcd2013ad2:192.168.157.234:44167, a900a92b-655d-4b38-b2a7-005a0160de6c:192.168.157.234:42664, 3c3ff023-6cae-4d72-ad6d-ca140069573b:192.168.157.234:37150] returns group-10B1ECEE6B59:java.util.concurrent.CompletableFuture@47070776[Not completed]
2019-10-14 14:53:17,232 [grpc-default-executor-0] INFO  impl.RaftServerProxy (RaftServerProxy.java:addNew(89)) - a900a92b-655d-4b38-b2a7-005a0160de6c: addNew group-10B1ECEE6B59:[c8b9c215-7301-42c6-a232-c0dcd2013ad2:192.168.157.234:44167, a900a92b-655d-4b38-b2a7-005a0160de6c:192.168.157.234:42664, 3c3ff023-6cae-4d72-ad6d-ca140069573b:192.168.157.234:37150] returns group-10B1ECEE6B59:java.util.concurrent.CompletableFuture@28ed25fe[Not completed]
2019-10-14 14:53:17,233 [grpc-default-executor-11] INFO  impl.RaftServerProxy (RaftServerProxy.java:addNew(89)) - c8b9c215-7301-42c6-a232-c0dcd2013ad2: addNew group-10B1ECEE6B59:[c8b9c215-7301-42c6-a232-c0dcd2013ad2:192.168.157.234:44167, a900a92b-655d-4b38-b2a7-005a0160de6c:192.168.157.234:42664, 3c3ff023-6cae-4d72-ad6d-ca140069573b:192.168.157.234:37150] returns group-10B1ECEE6B59:java.util.concurrent.CompletableFuture@31f330dd[Not completed]
2019-10-14 14:53:17,233 [pool-413-thread-1] INFO  impl.RaftServerImpl (RaftServerImpl.java:<init>(95)) - a900a92b-655d-4b38-b2a7-005a0160de6c: new RaftServerImpl for group-10B1ECEE6B59:[c8b9c215-7301-42c6-a232-c0dcd2013ad2:192.168.157.234:44167, a900a92b-655d-4b38-b2a7-005a0160de6c:192.168.157.234:42664, 3c3ff023-6cae-4d72-ad6d-ca140069573b:192.168.157.234:37150] with ContainerStateMachine:uninitialized
2019-10-14 14:53:17,234 [pool-413-thread-1] INFO  server.RaftServerConfigKeys (ConfUtils.java:logGet(43)) - raft.server.rpc.timeout.min = 5s (custom)
2019-10-14 14:53:17,234 [pool-413-thread-1] INFO  server.RaftServerConfigKeys (ConfUtils.java:logGet(43)) - raft.server.rpc.timeout.max = 5200ms (custom)
2019-10-14 14:53:17,234 [pool-413-thread-1] INFO  server.RaftServerConfigKeys (ConfUtils.java:logGet(43)) - raft.server.rpcslowness.timeout = 120s (custom)
2019-10-14 14:53:17,234 [pool-413-thread-1] INFO  server.RaftServerConfigKeys (ConfUtils.java:logGet(43)) - raft.server.sleep.deviation.threshold = 300 (default)
2019-10-14 14:53:17,234 [pool-413-thread-1] INFO  server.RaftServerConfigKeys (ConfUtils.java:logGet(43)) - raft.server.log.appender.install.snapshot.enabled = false (custom)
2019-10-14 14:53:17,234 [pool-413-thread-1] INFO  impl.RaftServerImpl (ServerState.java:<init>(103)) - a900a92b-655d-4b38-b2a7-005a0160de6c@group-10B1ECEE6B59: ConfigurationManager, init=-1: [c8b9c215-7301-42c6-a232-c0dcd2013ad2:192.168.157.234:44167, a900a92b-655d-4b38-b2a7-005a0160de6c:192.168.157.234:42664, 3c3ff023-6cae-4d72-ad6d-ca140069573b:192.168.157.234:37150], old=null, confs=<EMPTY_MAP>
2019-10-14 14:53:17,234 [pool-413-thread-1] INFO  server.RaftServerConfigKeys (ConfUtils.java:logGet(43)) - raft.server.storage.dir = [/workdir/hadoop-ozone/integration-test/target/test-dir/MiniOzoneClusterImpl-6edfac56-16c0-4f4f-8fb1-01b101fde067/datanode-3/data/ratis] (custom)
2019-10-14 14:53:17,235 [pool-423-thread-1] INFO  impl.RaftServerImpl (RaftServerImpl.java:<init>(95)) - 3c3ff023-6cae-4d72-ad6d-ca140069573b: new RaftServerImpl for group-10B1ECEE6B59:[c8b9c215-7301-42c6-a232-c0dcd2013ad2:192.168.157.234:44167, a900a92b-655d-4b38-b2a7-005a0160de6c:192.168.157.234:42664, 3c3ff023-6cae-4d72-ad6d-ca140069573b:192.168.157.234:37150] with ContainerStateMachine:uninitialized
2019-10-14 14:53:17,235 [pool-413-thread-1] INFO  server.RaftServerConfigKeys (ConfUtils.java:logGet(43)) - raft.server.log.corruption.policy = EXCEPTION (default)
2019-10-14 14:53:17,235 [pool-423-thread-1] INFO  server.RaftServerConfigKeys (ConfUtils.java:logGet(43)) - raft.server.rpc.timeout.min = 5s (custom)
2019-10-14 14:53:17,235 [pool-413-thread-1] INFO  storage.RaftStorageDirectory (RaftStorageDirectory.java:analyzeStorage(246)) - The storage directory /workdir/hadoop-ozone/integration-test/target/test-dir/MiniOzoneClusterImpl-6edfac56-16c0-4f4f-8fb1-01b101fde067/datanode-3/data/ratis/f0f60754-5cec-4971-b033-10b1ecee6b59 does not exist. Creating ...
2019-10-14 14:53:17,235 [pool-423-thread-1] INFO  server.RaftServerConfigKeys (ConfUtils.java:logGet(43)) - raft.server.rpc.timeout.max = 5200ms (custom)
2019-10-14 14:53:17,235 [pool-423-thread-1] INFO  server.RaftServerConfigKeys (ConfUtils.java:logGet(43)) - raft.server.rpcslowness.timeout = 120s (custom)
2019-10-14 14:53:17,236 [pool-423-thread-1] INFO  server.RaftServerConfigKeys (ConfUtils.java:logGet(43)) - raft.server.sleep.deviation.threshold = 300 (default)
2019-10-14 14:53:17,236 [pool-423-thread-1] INFO  server.RaftServerConfigKeys (ConfUtils.java:logGet(43)) - raft.server.log.appender.install.snapshot.enabled = false (custom)
2019-10-14 14:53:17,236 [pool-433-thread-1] INFO  impl.RaftServerImpl (RaftServerImpl.java:<init>(95)) - c8b9c215-7301-42c6-a232-c0dcd2013ad2: new RaftServerImpl for group-10B1ECEE6B59:[c8b9c215-7301-42c6-a232-c0dcd2013ad2:192.168.157.234:44167, a900a92b-655d-4b38-b2a7-005a0160de6c:192.168.157.234:42664, 3c3ff023-6cae-4d72-ad6d-ca140069573b:192.168.157.234:37150] with ContainerStateMachine:uninitialized
2019-10-14 14:53:17,236 [pool-423-thread-1] INFO  impl.RaftServerImpl (ServerState.java:<init>(103)) - 3c3ff023-6cae-4d72-ad6d-ca140069573b@group-10B1ECEE6B59: ConfigurationManager, init=-1: [c8b9c215-7301-42c6-a232-c0dcd2013ad2:192.168.157.234:44167, a900a92b-655d-4b38-b2a7-005a0160de6c:192.168.157.234:42664, 3c3ff023-6cae-4d72-ad6d-ca140069573b:192.168.157.234:37150], old=null, confs=<EMPTY_MAP>
2019-10-14 14:53:17,236 [pool-433-thread-1] INFO  server.RaftServerConfigKeys (ConfUtils.java:logGet(43)) - raft.server.rpc.timeout.min = 5s (custom)
2019-10-14 14:53:17,236 [pool-423-thread-1] INFO  server.RaftServerConfigKeys (ConfUtils.java:logGet(43)) - raft.server.storage.dir = [/workdir/hadoop-ozone/integration-test/target/test-dir/MiniOzoneClusterImpl-6edfac56-16c0-4f4f-8fb1-01b101fde067/datanode-4/data/ratis] (custom)
2019-10-14 14:53:17,236 [pool-433-thread-1] INFO  server.RaftServerConfigKeys (ConfUtils.java:logGet(43)) - raft.server.rpc.timeout.max = 5200ms (custom)
2019-10-14 14:53:17,237 [pool-433-thread-1] INFO  server.RaftServerConfigKeys (ConfUtils.java:logGet(43)) - raft.server.rpcslowness.timeout = 120s (custom)
2019-10-14 14:53:17,237 [pool-423-thread-1] INFO  server.RaftServerConfigKeys (ConfUtils.java:logGet(43)) - raft.server.log.corruption.policy = EXCEPTION (default)
2019-10-14 14:53:17,237 [pool-433-thread-1] INFO  server.RaftServerConfigKeys (ConfUtils.java:logGet(43)) - raft.server.sleep.deviation.threshold = 300 (default)
2019-10-14 14:53:17,237 [pool-433-thread-1] INFO  server.RaftServerConfigKeys (ConfUtils.java:logGet(43)) - raft.server.log.appender.install.snapshot.enabled = false (custom)
2019-10-14 14:53:17,237 [pool-423-thread-1] INFO  storage.RaftStorageDirectory (RaftStorageDirectory.java:analyzeStorage(246)) - The storage directory /workdir/hadoop-ozone/integration-test/target/test-dir/MiniOzoneClusterImpl-6edfac56-16c0-4f4f-8fb1-01b101fde067/datanode-4/data/ratis/f0f60754-5cec-4971-b033-10b1ecee6b59 does not exist. Creating ...
2019-10-14 14:53:17,237 [pool-433-thread-1] INFO  impl.RaftServerImpl (ServerState.java:<init>(103)) - c8b9c215-7301-42c6-a232-c0dcd2013ad2@group-10B1ECEE6B59: ConfigurationManager, init=-1: [c8b9c215-7301-42c6-a232-c0dcd2013ad2:192.168.157.234:44167, a900a92b-655d-4b38-b2a7-005a0160de6c:192.168.157.234:42664, 3c3ff023-6cae-4d72-ad6d-ca140069573b:192.168.157.234:37150], old=null, confs=<EMPTY_MAP>
2019-10-14 14:53:17,238 [pool-433-thread-1] INFO  server.RaftServerConfigKeys (ConfUtils.java:logGet(43)) - raft.server.storage.dir = [/workdir/hadoop-ozone/integration-test/target/test-dir/MiniOzoneClusterImpl-6edfac56-16c0-4f4f-8fb1-01b101fde067/datanode-5/data/ratis] (custom)
2019-10-14 14:53:17,238 [pool-433-thread-1] INFO  server.RaftServerConfigKeys (ConfUtils.java:logGet(43)) - raft.server.log.corruption.policy = EXCEPTION (default)
2019-10-14 14:53:17,238 [pool-433-thread-1] INFO  storage.RaftStorageDirectory (RaftStorageDirectory.java:analyzeStorage(246)) - The storage directory /workdir/hadoop-ozone/integration-test/target/test-dir/MiniOzoneClusterImpl-6edfac56-16c0-4f4f-8fb1-01b101fde067/datanode-5/data/ratis/f0f60754-5cec-4971-b033-10b1ecee6b59 does not exist. Creating ...
2019-10-14 14:53:17,243 [main] INFO  ozone.MiniOzoneClusterImpl (MiniOzoneClusterImpl.java:lambda$waitForClusterToBeReady$0(147)) - Waiting for cluster to be ready. Got 6 of 7 DN Heartbeats.
2019-10-14 14:53:17,244 [IPC Server handler 0 on 35489] INFO  net.NetworkTopology (NetworkTopologyImpl.java:add(111)) - Added a new node: /default-rack/adf952f2-ffd5-42c1-84f9-254169865cc3
2019-10-14 14:53:17,244 [IPC Server handler 0 on 35489] INFO  node.SCMNodeManager (SCMNodeManager.java:register(268)) - Registered Data node : adf952f2-ffd5-42c1-84f9-254169865cc3{ip: 192.168.157.234, host: pr-hdds-2302-x69hs-1458597746, networkLocation: /default-rack, certSerialId: null}
2019-10-14 14:53:17,249 [pool-413-thread-1] INFO  storage.RaftStorageDirectory (RaftStorageDirectory.java:tryLock(328)) - Lock on /workdir/hadoop-ozone/integration-test/target/test-dir/MiniOzoneClusterImpl-6edfac56-16c0-4f4f-8fb1-01b101fde067/datanode-3/data/ratis/f0f60754-5cec-4971-b033-10b1ecee6b59/in_use.lock acquired by nodename 4617@pr-hdds-2302-x69hs-1458597746
2019-10-14 14:53:17,249 [pool-423-thread-1] INFO  storage.RaftStorageDirectory (RaftStorageDirectory.java:tryLock(328)) - Lock on /workdir/hadoop-ozone/integration-test/target/test-dir/MiniOzoneClusterImpl-6edfac56-16c0-4f4f-8fb1-01b101fde067/datanode-4/data/ratis/f0f60754-5cec-4971-b033-10b1ecee6b59/in_use.lock acquired by nodename 4617@pr-hdds-2302-x69hs-1458597746
2019-10-14 14:53:17,249 [pool-433-thread-1] INFO  storage.RaftStorageDirectory (RaftStorageDirectory.java:tryLock(328)) - Lock on /workdir/hadoop-ozone/integration-test/target/test-dir/MiniOzoneClusterImpl-6edfac56-16c0-4f4f-8fb1-01b101fde067/datanode-5/data/ratis/f0f60754-5cec-4971-b033-10b1ecee6b59/in_use.lock acquired by nodename 4617@pr-hdds-2302-x69hs-1458597746
2019-10-14 14:53:17,274 [pool-423-thread-1] INFO  storage.RaftStorage (RaftStorage.java:format(84)) - Storage directory /workdir/hadoop-ozone/integration-test/target/test-dir/MiniOzoneClusterImpl-6edfac56-16c0-4f4f-8fb1-01b101fde067/datanode-4/data/ratis/f0f60754-5cec-4971-b033-10b1ecee6b59 has been successfully formatted.
2019-10-14 14:53:17,274 [pool-433-thread-1] INFO  storage.RaftStorage (RaftStorage.java:format(84)) - Storage directory /workdir/hadoop-ozone/integration-test/target/test-dir/MiniOzoneClusterImpl-6edfac56-16c0-4f4f-8fb1-01b101fde067/datanode-5/data/ratis/f0f60754-5cec-4971-b033-10b1ecee6b59 has been successfully formatted.
2019-10-14 14:53:17,274 [pool-413-thread-1] INFO  storage.RaftStorage (RaftStorage.java:format(84)) - Storage directory /workdir/hadoop-ozone/integration-test/target/test-dir/MiniOzoneClusterImpl-6edfac56-16c0-4f4f-8fb1-01b101fde067/datanode-3/data/ratis/f0f60754-5cec-4971-b033-10b1ecee6b59 has been successfully formatted.
2019-10-14 14:53:17,274 [pool-433-thread-1] INFO  ratis.ContainerStateMachine (ContainerStateMachine.java:loadSnapshot(231)) - group-10B1ECEE6B59: The snapshot info is null. Setting the last applied indexto:(t:0, i:~)
2019-10-14 14:53:17,274 [pool-413-thread-1] INFO  ratis.ContainerStateMachine (ContainerStateMachine.java:loadSnapshot(231)) - group-10B1ECEE6B59: The snapshot info is null. Setting the last applied indexto:(t:0, i:~)
2019-10-14 14:53:17,274 [pool-433-thread-1] INFO  server.RaftServerConfigKeys (ConfUtils.java:logGet(43)) - raft.server.notification.no-leader.timeout = 120s (custom)
2019-10-14 14:53:17,274 [pool-413-thread-1] INFO  server.RaftServerConfigKeys (ConfUtils.java:logGet(43)) - raft.server.notification.no-leader.timeout = 120s (custom)
2019-10-14 14:53:17,274 [pool-433-thread-1] INFO  server.RaftServerConfigKeys (ConfUtils.java:logGet(43)) - raft.server.log.use.memory = false (default)
2019-10-14 14:53:17,275 [pool-423-thread-1] INFO  ratis.ContainerStateMachine (ContainerStateMachine.java:loadSnapshot(231)) - group-10B1ECEE6B59: The snapshot info is null. Setting the last applied indexto:(t:0, i:~)
2019-10-14 14:53:17,275 [pool-413-thread-1] INFO  server.RaftServerConfigKeys (ConfUtils.java:logGet(43)) - raft.server.log.use.memory = false (default)
2019-10-14 14:53:17,275 [pool-423-thread-1] INFO  server.RaftServerConfigKeys (ConfUtils.java:logGet(43)) - raft.server.notification.no-leader.timeout = 120s (custom)
2019-10-14 14:53:17,275 [pool-433-thread-1] INFO  server.RaftServerConfigKeys (ConfUtils.java:logGet(43)) - raft.server.log.purge.gap = 1000000 (custom)
2019-10-14 14:53:17,275 [pool-423-thread-1] INFO  server.RaftServerConfigKeys (ConfUtils.java:logGet(43)) - raft.server.log.use.memory = false (default)
2019-10-14 14:53:17,275 [pool-413-thread-1] INFO  server.RaftServerConfigKeys (ConfUtils.java:logGet(43)) - raft.server.log.purge.gap = 1000000 (custom)
2019-10-14 14:53:17,275 [pool-423-thread-1] INFO  server.RaftServerConfigKeys (ConfUtils.java:logGet(43)) - raft.server.log.purge.gap = 1000000 (custom)
2019-10-14 14:53:17,275 [pool-433-thread-1] INFO  server.RaftServerConfigKeys (ConfUtils.java:logGet(43)) - raft.server.log.appender.buffer.byte-limit = 33554432 (custom)
2019-10-14 14:53:17,275 [pool-423-thread-1] INFO  server.RaftServerConfigKeys (ConfUtils.java:logGet(43)) - raft.server.log.appender.buffer.byte-limit = 33554432 (custom)
2019-10-14 14:53:17,275 [pool-413-thread-1] INFO  server.RaftServerConfigKeys (ConfUtils.java:logGet(43)) - raft.server.log.appender.buffer.byte-limit = 33554432 (custom)
2019-10-14 14:53:17,276 [pool-423-thread-1] INFO  server.RaftServerConfigKeys (ConfUtils.java:logGet(43)) - raft.server.log.segment.size.max = 1048576 (custom)
2019-10-14 14:53:17,276 [pool-433-thread-1] INFO  server.RaftServerConfigKeys (ConfUtils.java:logGet(43)) - raft.server.log.segment.size.max = 1048576 (custom)
2019-10-14 14:53:17,276 [pool-423-thread-1] INFO  server.RaftServerConfigKeys (ConfUtils.java:logGet(43)) - raft.server.log.segment.cache.num.max = 2 (custom)
2019-10-14 14:53:17,276 [pool-413-thread-1] INFO  server.RaftServerConfigKeys (ConfUtils.java:logGet(43)) - raft.server.log.segment.size.max = 1048576 (custom)
2019-10-14 14:53:17,276 [pool-423-thread-1] INFO  segmented.SegmentedRaftLogWorker (SegmentedRaftLogWorker.java:<init>(173)) - new 3c3ff023-6cae-4d72-ad6d-ca140069573b@group-10B1ECEE6B59-SegmentedRaftLogWorker for RaftStorage:Storage Directory /workdir/hadoop-ozone/integration-test/target/test-dir/MiniOzoneClusterImpl-6edfac56-16c0-4f4f-8fb1-01b101fde067/datanode-4/data/ratis/f0f60754-5cec-4971-b033-10b1ecee6b59
2019-10-14 14:53:17,276 [pool-433-thread-1] INFO  server.RaftServerConfigKeys (ConfUtils.java:logGet(43)) - raft.server.log.segment.cache.num.max = 2 (custom)
2019-10-14 14:53:17,277 [pool-423-thread-1] INFO  server.RaftServerConfigKeys (ConfUtils.java:logGet(43)) - raft.server.log.queue.byte-limit = 2147483647 (custom)
2019-10-14 14:53:17,277 [pool-413-thread-1] INFO  server.RaftServerConfigKeys (ConfUtils.java:logGet(43)) - raft.server.log.segment.cache.num.max = 2 (custom)
2019-10-14 14:53:17,277 [pool-423-thread-1] INFO  server.RaftServerConfigKeys (ConfUtils.java:logGet(43)) - raft.server.log.queue.element-limit = 1024 (custom)
2019-10-14 14:53:17,277 [pool-433-thread-1] INFO  segmented.SegmentedRaftLogWorker (SegmentedRaftLogWorker.java:<init>(173)) - new c8b9c215-7301-42c6-a232-c0dcd2013ad2@group-10B1ECEE6B59-SegmentedRaftLogWorker for RaftStorage:Storage Directory /workdir/hadoop-ozone/integration-test/target/test-dir/MiniOzoneClusterImpl-6edfac56-16c0-4f4f-8fb1-01b101fde067/datanode-5/data/ratis/f0f60754-5cec-4971-b033-10b1ecee6b59
2019-10-14 14:53:17,277 [pool-423-thread-1] INFO  server.RaftServerConfigKeys (ConfUtils.java:logGet(43)) - raft.server.log.segment.size.max = 1048576 (custom)
2019-10-14 14:53:17,277 [pool-413-thread-1] INFO  segmented.SegmentedRaftLogWorker (SegmentedRaftLogWorker.java:<init>(173)) - new a900a92b-655d-4b38-b2a7-005a0160de6c@group-10B1ECEE6B59-SegmentedRaftLogWorker for RaftStorage:Storage Directory /workdir/hadoop-ozone/integration-test/target/test-dir/MiniOzoneClusterImpl-6edfac56-16c0-4f4f-8fb1-01b101fde067/datanode-3/data/ratis/f0f60754-5cec-4971-b033-10b1ecee6b59
2019-10-14 14:53:17,278 [pool-423-thread-1] INFO  server.RaftServerConfigKeys (ConfUtils.java:logGet(43)) - raft.server.log.preallocated.size = 16384 (custom)
2019-10-14 14:53:17,277 [pool-433-thread-1] INFO  server.RaftServerConfigKeys (ConfUtils.java:logGet(43)) - raft.server.log.queue.byte-limit = 2147483647 (custom)
2019-10-14 14:53:17,278 [pool-423-thread-1] INFO  server.RaftServerConfigKeys (ConfUtils.java:logGet(43)) - raft.server.log.write.buffer.size = 33554432 (custom)
2019-10-14 14:53:17,278 [pool-413-thread-1] INFO  server.RaftServerConfigKeys (ConfUtils.java:logGet(43)) - raft.server.log.queue.byte-limit = 2147483647 (custom)
2019-10-14 14:53:17,278 [pool-423-thread-1] INFO  server.RaftServerConfigKeys (ConfUtils.java:logGet(43)) - raft.server.log.force.sync.num = 128 (default)
2019-10-14 14:53:17,278 [pool-433-thread-1] INFO  server.RaftServerConfigKeys (ConfUtils.java:logGet(43)) - raft.server.log.queue.element-limit = 1024 (custom)
2019-10-14 14:53:17,278 [pool-423-thread-1] INFO  server.RaftServerConfigKeys (ConfUtils.java:logGet(43)) - raft.server.log.statemachine.data.sync = true (default)
2019-10-14 14:53:17,278 [pool-413-thread-1] INFO  server.RaftServerConfigKeys (ConfUtils.java:logGet(43)) - raft.server.log.queue.element-limit = 1024 (custom)
2019-10-14 14:53:17,278 [pool-423-thread-1] INFO  server.RaftServerConfigKeys (ConfUtils.java:logGet(43)) - raft.server.log.statemachine.data.sync.timeout = 10s (default)
2019-10-14 14:53:17,278 [pool-433-thread-1] INFO  server.RaftServerConfigKeys (ConfUtils.java:logGet(43)) - raft.server.log.segment.size.max = 1048576 (custom)
2019-10-14 14:53:17,279 [pool-423-thread-1] INFO  server.RaftServerConfigKeys (ConfUtils.java:logGet(43)) - raft.server.log.statemachine.data.sync.timeout.retry = -1 (default)
2019-10-14 14:53:17,279 [pool-413-thread-1] INFO  server.RaftServerConfigKeys (ConfUtils.java:logGet(43)) - raft.server.log.segment.size.max = 1048576 (custom)
2019-10-14 14:53:17,279 [pool-423-thread-1] INFO  server.RaftServerConfigKeys (ConfUtils.java:logGet(43)) - raft.server.log.statemachine.data.caching.enabled = true (custom)
2019-10-14 14:53:17,279 [pool-433-thread-1] INFO  server.RaftServerConfigKeys (ConfUtils.java:logGet(43)) - raft.server.log.preallocated.size = 16384 (custom)
2019-10-14 14:53:17,279 [pool-413-thread-1] INFO  server.RaftServerConfigKeys (ConfUtils.java:logGet(43)) - raft.server.log.preallocated.size = 16384 (custom)
2019-10-14 14:53:17,279 [pool-423-thread-1] INFO  segmented.SegmentedRaftLogWorker (SegmentedRaftLogWorker.java:lambda$new$0(128)) - 3c3ff023-6cae-4d72-ad6d-ca140069573b@group-10B1ECEE6B59-SegmentedRaftLogWorker: flushIndex: setUnconditionally 0 -> -1
2019-10-14 14:53:17,279 [pool-433-thread-1] INFO  server.RaftServerConfigKeys (ConfUtils.java:logGet(43)) - raft.server.log.write.buffer.size = 33554432 (custom)
2019-10-14 14:53:17,279 [pool-413-thread-1] INFO  server.RaftServerConfigKeys (ConfUtils.java:logGet(43)) - raft.server.log.write.buffer.size = 33554432 (custom)
2019-10-14 14:53:17,280 [pool-423-thread-1] INFO  server.RaftServerConfigKeys (ConfUtils.java:logGet(43)) - raft.server.snapshot.auto.trigger.enabled = true (custom)
2019-10-14 14:53:17,280 [pool-433-thread-1] INFO  server.RaftServerConfigKeys (ConfUtils.java:logGet(43)) - raft.server.log.force.sync.num = 128 (default)
2019-10-14 14:53:17,280 [pool-423-thread-1] INFO  server.RaftServerConfigKeys (ConfUtils.java:logGet(43)) - raft.server.snapshot.auto.trigger.threshold = 10000 (custom)
2019-10-14 14:53:17,280 [pool-413-thread-1] INFO  server.RaftServerConfigKeys (ConfUtils.java:logGet(43)) - raft.server.log.force.sync.num = 128 (default)
2019-10-14 14:53:17,280 [pool-423-thread-1] INFO  server.RaftServerConfigKeys (ConfUtils.java:logGet(43)) - raft.server.snapshot.retention.file.num = 5 (custom)
2019-10-14 14:53:17,280 [pool-433-thread-1] INFO  server.RaftServerConfigKeys (ConfUtils.java:logGet(43)) - raft.server.log.statemachine.data.sync = true (default)
2019-10-14 14:53:17,280 [pool-423-thread-1] INFO  server.RaftServerConfigKeys (ConfUtils.java:logGet(43)) - raft.server.retrycache.expirytime = 600000ms (custom)
2019-10-14 14:53:17,280 [pool-413-thread-1] INFO  server.RaftServerConfigKeys (ConfUtils.java:logGet(43)) - raft.server.log.statemachine.data.sync = true (default)
2019-10-14 14:53:17,280 [pool-433-thread-1] INFO  server.RaftServerConfigKeys (ConfUtils.java:logGet(43)) - raft.server.log.statemachine.data.sync.timeout = 10s (default)
2019-10-14 14:53:17,281 [pool-413-thread-1] INFO  server.RaftServerConfigKeys (ConfUtils.java:logGet(43)) - raft.server.log.statemachine.data.sync.timeout = 10s (default)
2019-10-14 14:53:17,281 [pool-433-thread-1] INFO  server.RaftServerConfigKeys (ConfUtils.java:logGet(43)) - raft.server.log.statemachine.data.sync.timeout.retry = -1 (default)
2019-10-14 14:53:17,281 [pool-413-thread-1] INFO  server.RaftServerConfigKeys (ConfUtils.java:logGet(43)) - raft.server.log.statemachine.data.sync.timeout.retry = -1 (default)
2019-10-14 14:53:17,281 [pool-433-thread-1] INFO  server.RaftServerConfigKeys (ConfUtils.java:logGet(43)) - raft.server.log.statemachine.data.caching.enabled = true (custom)
2019-10-14 14:53:17,281 [pool-413-thread-1] INFO  server.RaftServerConfigKeys (ConfUtils.java:logGet(43)) - raft.server.log.statemachine.data.caching.enabled = true (custom)
2019-10-14 14:53:17,281 [pool-433-thread-1] INFO  segmented.SegmentedRaftLogWorker (SegmentedRaftLogWorker.java:lambda$new$0(128)) - c8b9c215-7301-42c6-a232-c0dcd2013ad2@group-10B1ECEE6B59-SegmentedRaftLogWorker: flushIndex: setUnconditionally 0 -> -1
2019-10-14 14:53:17,281 [pool-413-thread-1] INFO  segmented.SegmentedRaftLogWorker (SegmentedRaftLogWorker.java:lambda$new$0(128)) - a900a92b-655d-4b38-b2a7-005a0160de6c@group-10B1ECEE6B59-SegmentedRaftLogWorker: flushIndex: setUnconditionally 0 -> -1
2019-10-14 14:53:17,282 [pool-433-thread-1] INFO  server.RaftServerConfigKeys (ConfUtils.java:logGet(43)) - raft.server.snapshot.auto.trigger.enabled = true (custom)
2019-10-14 14:53:17,282 [pool-413-thread-1] INFO  server.RaftServerConfigKeys (ConfUtils.java:logGet(43)) - raft.server.snapshot.auto.trigger.enabled = true (custom)
2019-10-14 14:53:17,282 [pool-433-thread-1] INFO  server.RaftServerConfigKeys (ConfUtils.java:logGet(43)) - raft.server.snapshot.auto.trigger.threshold = 10000 (custom)
2019-10-14 14:53:17,282 [pool-413-thread-1] INFO  server.RaftServerConfigKeys (ConfUtils.java:logGet(43)) - raft.server.snapshot.auto.trigger.threshold = 10000 (custom)
2019-10-14 14:53:17,282 [pool-433-thread-1] INFO  server.RaftServerConfigKeys (ConfUtils.java:logGet(43)) - raft.server.snapshot.retention.file.num = 5 (custom)
2019-10-14 14:53:17,282 [pool-423-thread-1] INFO  impl.RaftServerImpl (RaftServerImpl.java:start(181)) - 3c3ff023-6cae-4d72-ad6d-ca140069573b@group-10B1ECEE6B59: start as a follower, conf=-1: [c8b9c215-7301-42c6-a232-c0dcd2013ad2:192.168.157.234:44167, a900a92b-655d-4b38-b2a7-005a0160de6c:192.168.157.234:42664, 3c3ff023-6cae-4d72-ad6d-ca140069573b:192.168.157.234:37150], old=null
2019-10-14 14:53:17,282 [pool-413-thread-1] INFO  server.RaftServerConfigKeys (ConfUtils.java:logGet(43)) - raft.server.snapshot.retention.file.num = 5 (custom)
2019-10-14 14:53:17,282 [pool-423-thread-1] INFO  impl.RaftServerImpl (RaftServerImpl.java:setRole(170)) - 3c3ff023-6cae-4d72-ad6d-ca140069573b@group-10B1ECEE6B59: changes role from      null to FOLLOWER at term 0 for startAsFollower
2019-10-14 14:53:17,282 [pool-433-thread-1] INFO  server.RaftServerConfigKeys (ConfUtils.java:logGet(43)) - raft.server.retrycache.expirytime = 600000ms (custom)
2019-10-14 14:53:17,283 [pool-423-thread-1] INFO  impl.RoleInfo (RoleInfo.java:updateAndGet(143)) - 3c3ff023-6cae-4d72-ad6d-ca140069573b: start FollowerState
2019-10-14 14:53:17,283 [pool-413-thread-1] INFO  server.RaftServerConfigKeys (ConfUtils.java:logGet(43)) - raft.server.retrycache.expirytime = 600000ms (custom)
2019-10-14 14:53:17,283 [pool-423-thread-1] INFO  util.JmxRegister (JmxRegister.java:tryRegister(44)) - Successfully registered JMX Bean with object name Ratis:service=RaftServer,group=group-10B1ECEE6B59,id=3c3ff023-6cae-4d72-ad6d-ca140069573b
2019-10-14 14:53:17,287 [pool-433-thread-1] INFO  impl.RaftServerImpl (RaftServerImpl.java:start(181)) - c8b9c215-7301-42c6-a232-c0dcd2013ad2@group-10B1ECEE6B59: start as a follower, conf=-1: [c8b9c215-7301-42c6-a232-c0dcd2013ad2:192.168.157.234:44167, a900a92b-655d-4b38-b2a7-005a0160de6c:192.168.157.234:42664, 3c3ff023-6cae-4d72-ad6d-ca140069573b:192.168.157.234:37150], old=null
2019-10-14 14:53:17,287 [pool-433-thread-1] INFO  impl.RaftServerImpl (RaftServerImpl.java:setRole(170)) - c8b9c215-7301-42c6-a232-c0dcd2013ad2@group-10B1ECEE6B59: changes role from      null to FOLLOWER at term 0 for startAsFollower
2019-10-14 14:53:17,287 [pool-413-thread-1] INFO  impl.RaftServerImpl (RaftServerImpl.java:start(181)) - a900a92b-655d-4b38-b2a7-005a0160de6c@group-10B1ECEE6B59: start as a follower, conf=-1: [c8b9c215-7301-42c6-a232-c0dcd2013ad2:192.168.157.234:44167, a900a92b-655d-4b38-b2a7-005a0160de6c:192.168.157.234:42664, 3c3ff023-6cae-4d72-ad6d-ca140069573b:192.168.157.234:37150], old=null
2019-10-14 14:53:17,287 [pool-433-thread-1] INFO  impl.RoleInfo (RoleInfo.java:updateAndGet(143)) - c8b9c215-7301-42c6-a232-c0dcd2013ad2: start FollowerState
2019-10-14 14:53:17,287 [pool-413-thread-1] INFO  impl.RaftServerImpl (RaftServerImpl.java:setRole(170)) - a900a92b-655d-4b38-b2a7-005a0160de6c@group-10B1ECEE6B59: changes role from      null to FOLLOWER at term 0 for startAsFollower
2019-10-14 14:53:17,287 [pool-433-thread-1] INFO  util.JmxRegister (JmxRegister.java:tryRegister(44)) - Successfully registered JMX Bean with object name Ratis:service=RaftServer,group=group-10B1ECEE6B59,id=c8b9c215-7301-42c6-a232-c0dcd2013ad2
2019-10-14 14:53:17,287 [pool-413-thread-1] INFO  impl.RoleInfo (RoleInfo.java:updateAndGet(143)) - a900a92b-655d-4b38-b2a7-005a0160de6c: start FollowerState
2019-10-14 14:53:17,288 [pool-413-thread-1] INFO  util.JmxRegister (JmxRegister.java:tryRegister(44)) - Successfully registered JMX Bean with object name Ratis:service=RaftServer,group=group-10B1ECEE6B59,id=a900a92b-655d-4b38-b2a7-005a0160de6c
2019-10-14 14:53:17,292 [RatisPipelineUtilsThread] INFO  pipeline.PipelineStateManager (PipelineStateManager.java:addPipeline(56)) - Created pipeline Pipeline[ Id: f0f60754-5cec-4971-b033-10b1ecee6b59, Nodes: c8b9c215-7301-42c6-a232-c0dcd2013ad2{ip: 192.168.157.234, host: pr-hdds-2302-x69hs-1458597746, networkLocation: /default-rack, certSerialId: null}3c3ff023-6cae-4d72-ad6d-ca140069573b{ip: 192.168.157.234, host: pr-hdds-2302-x69hs-1458597746, networkLocation: /default-rack, certSerialId: null}a900a92b-655d-4b38-b2a7-005a0160de6c{ip: 192.168.157.234, host: pr-hdds-2302-x69hs-1458597746, networkLocation: /default-rack, certSerialId: null}, Type:RATIS, Factor:THREE, State:OPEN]
2019-10-14 14:53:18,243 [main] INFO  ozone.MiniOzoneClusterImpl (MiniOzoneClusterImpl.java:lambda$waitForClusterToBeReady$0(147)) - Cluster is ready. Got 7 of 7 DN Heartbeats.
2019-10-14 14:53:18,291 [main] INFO  rpc.RpcClient (RpcClient.java:createVolume(272)) - Creating Volume: watchforcommithandlingtest, with jenkins1000 as owner.
2019-10-14 14:53:18,295 [IPC Server handler 0 on 37310] INFO  volume.OMVolumeCreateRequest (OMVolumeCreateRequest.java:validateAndUpdateCache(193)) - created volume:watchforcommithandlingtest for user:jenkins1000
2019-10-14 14:53:18,312 [main] INFO  rpc.RpcClient (RpcClient.java:createBucket(411)) - Creating Bucket: watchforcommithandlingtest/watchforcommithandlingtest, with Versioning false and Storage Type set to DISK and Encryption set to false 
2019-10-14 14:53:18,318 [main] INFO  ozone.MiniOzoneClusterImpl (MiniOzoneClusterImpl.java:getStorageContainerLocationClient(234)) - Creating StorageContainerLocationProtocol RPC client with address /0.0.0.0:34518
2019-10-14 14:53:18,375 [grpc-default-executor-7] WARN  server.GrpcLogAppender (LogUtils.java:warn(134)) - c6492fef-5352-4ee4-a298-3337cbd3b3a1@group-D21656EABB7E->25f80a8f-1a6f-414e-a49c-3d3c61aacfaa-AppendLogResponseHandler: Failed appendEntries: org.apache.ratis.thirdparty.io.grpc.StatusRuntimeException: UNAVAILABLE: io exception
2019-10-14 14:53:18,375 [grpc-default-executor-12] WARN  server.GrpcLogAppender (LogUtils.java:warn(134)) - c6492fef-5352-4ee4-a298-3337cbd3b3a1@group-D21656EABB7E->197a08cb-7e32-46b6-9731-300bf29c37bf-AppendLogResponseHandler: Failed appendEntries: org.apache.ratis.thirdparty.io.grpc.StatusRuntimeException: UNAVAILABLE: io exception
2019-10-14 14:53:18,375 [grpc-default-executor-7] INFO  impl.FollowerInfo (FollowerInfo.java:lambda$new$0(51)) - c6492fef-5352-4ee4-a298-3337cbd3b3a1@group-D21656EABB7E->25f80a8f-1a6f-414e-a49c-3d3c61aacfaa: nextIndex: updateUnconditionally 0 -> 0
2019-10-14 14:53:18,375 [grpc-default-executor-12] INFO  impl.FollowerInfo (FollowerInfo.java:lambda$new$0(51)) - c6492fef-5352-4ee4-a298-3337cbd3b3a1@group-D21656EABB7E->197a08cb-7e32-46b6-9731-300bf29c37bf: nextIndex: updateUnconditionally 0 -> 0
2019-10-14 14:53:19,700 [Thread-2340] INFO  container.ReplicationManager (ReplicationManager.java:start(162)) - Starting Replication Monitor Thread.
2019-10-14 14:53:19,707 [ReplicationMonitor] INFO  container.ReplicationManager (ReplicationManager.java:run(225)) - Replication Monitor Thread took 0 milliseconds for processing 1 containers.
2019-10-14 14:53:20,876 [grpc-default-executor-7] WARN  server.GrpcLogAppender (LogUtils.java:warn(134)) - c6492fef-5352-4ee4-a298-3337cbd3b3a1@group-D21656EABB7E->25f80a8f-1a6f-414e-a49c-3d3c61aacfaa-AppendLogResponseHandler: Failed appendEntries: org.apache.ratis.thirdparty.io.grpc.StatusRuntimeException: UNAVAILABLE: io exception
2019-10-14 14:53:20,876 [grpc-default-executor-12] WARN  server.GrpcLogAppender (LogUtils.java:warn(134)) - c6492fef-5352-4ee4-a298-3337cbd3b3a1@group-D21656EABB7E->197a08cb-7e32-46b6-9731-300bf29c37bf-AppendLogResponseHandler: Failed appendEntries: org.apache.ratis.thirdparty.io.grpc.StatusRuntimeException: UNAVAILABLE: io exception
2019-10-14 14:53:20,877 [grpc-default-executor-7] INFO  impl.FollowerInfo (FollowerInfo.java:lambda$new$0(51)) - c6492fef-5352-4ee4-a298-3337cbd3b3a1@group-D21656EABB7E->25f80a8f-1a6f-414e-a49c-3d3c61aacfaa: nextIndex: updateUnconditionally 0 -> 0
2019-10-14 14:53:20,877 [grpc-default-executor-12] INFO  impl.FollowerInfo (FollowerInfo.java:lambda$new$0(51)) - c6492fef-5352-4ee4-a298-3337cbd3b3a1@group-D21656EABB7E->197a08cb-7e32-46b6-9731-300bf29c37bf: nextIndex: updateUnconditionally 0 -> 0
2019-10-14 14:53:21,930 [Thread-2342] INFO  impl.FollowerState (FollowerState.java:run(108)) - 23092ddc-1411-47f8-aab1-b577f5063db3@group-4F62A76584E9-FollowerState: change to CANDIDATE, lastRpcTime:5179ms, electionTimeout:5178ms
2019-10-14 14:53:21,931 [Thread-2342] INFO  impl.RoleInfo (RoleInfo.java:shutdownFollowerState(121)) - 23092ddc-1411-47f8-aab1-b577f5063db3: shutdown FollowerState
2019-10-14 14:53:21,931 [Thread-2342] INFO  impl.RaftServerImpl (RaftServerImpl.java:setRole(170)) - 23092ddc-1411-47f8-aab1-b577f5063db3@group-4F62A76584E9: changes role from  FOLLOWER to CANDIDATE at term 0 for changeToCandidate
2019-10-14 14:53:21,931 [Thread-2342] INFO  impl.RoleInfo (RoleInfo.java:updateAndGet(143)) - 23092ddc-1411-47f8-aab1-b577f5063db3: start LeaderElection
2019-10-14 14:53:21,947 [Thread-2345] INFO  impl.FollowerState (FollowerState.java:run(108)) - da1a0aa5-dc43-4a9c-99fb-ffaf5071ca0c@group-21F17C6318F9-FollowerState: change to CANDIDATE, lastRpcTime:5125ms, electionTimeout:5125ms
2019-10-14 14:53:21,947 [Thread-2345] INFO  impl.RoleInfo (RoleInfo.java:shutdownFollowerState(121)) - da1a0aa5-dc43-4a9c-99fb-ffaf5071ca0c: shutdown FollowerState
2019-10-14 14:53:21,947 [Thread-2345] INFO  impl.RaftServerImpl (RaftServerImpl.java:setRole(170)) - da1a0aa5-dc43-4a9c-99fb-ffaf5071ca0c@group-21F17C6318F9: changes role from  FOLLOWER to CANDIDATE at term 0 for changeToCandidate
2019-10-14 14:53:21,947 [Thread-2345] INFO  impl.RoleInfo (RoleInfo.java:updateAndGet(143)) - da1a0aa5-dc43-4a9c-99fb-ffaf5071ca0c: start LeaderElection
2019-10-14 14:53:21,959 [23092ddc-1411-47f8-aab1-b577f5063db3@group-4F62A76584E9-LeaderElection84] INFO  impl.LeaderElection (LeaderElection.java:askForVotes(178)) - 23092ddc-1411-47f8-aab1-b577f5063db3@group-4F62A76584E9-LeaderElection84: begin an election at term 1 for -1: [23092ddc-1411-47f8-aab1-b577f5063db3:192.168.157.234:44805], old=null
2019-10-14 14:53:21,960 [23092ddc-1411-47f8-aab1-b577f5063db3@group-4F62A76584E9-LeaderElection84] INFO  impl.RoleInfo (RoleInfo.java:shutdownLeaderElection(134)) - 23092ddc-1411-47f8-aab1-b577f5063db3: shutdown LeaderElection
2019-10-14 14:53:21,960 [23092ddc-1411-47f8-aab1-b577f5063db3@group-4F62A76584E9-LeaderElection84] INFO  impl.RaftServerImpl (RaftServerImpl.java:setRole(170)) - 23092ddc-1411-47f8-aab1-b577f5063db3@group-4F62A76584E9: changes role from CANDIDATE to LEADER at term 1 for changeToLeader
2019-10-14 14:53:21,960 [23092ddc-1411-47f8-aab1-b577f5063db3@group-4F62A76584E9-LeaderElection84] INFO  impl.RaftServerImpl (ServerState.java:setLeader(255)) - 23092ddc-1411-47f8-aab1-b577f5063db3@group-4F62A76584E9: change Leader from null to 23092ddc-1411-47f8-aab1-b577f5063db3 at term 1 for becomeLeader, leader elected after 5217ms
2019-10-14 14:53:21,960 [23092ddc-1411-47f8-aab1-b577f5063db3@group-4F62A76584E9-LeaderElection84] INFO  server.RaftServerConfigKeys (ConfUtils.java:logGet(43)) - raft.server.staging.catchup.gap = 1000 (default)
2019-10-14 14:53:21,961 [23092ddc-1411-47f8-aab1-b577f5063db3@group-4F62A76584E9-LeaderElection84] INFO  server.RaftServerConfigKeys (ConfUtils.java:logGet(43)) - raft.server.rpc.sleep.time = 25ms (default)
2019-10-14 14:53:21,961 [23092ddc-1411-47f8-aab1-b577f5063db3@group-4F62A76584E9-LeaderElection84] INFO  server.RaftServerConfigKeys (ConfUtils.java:logGet(43)) - raft.server.write.element-limit = 4096 (default)
2019-10-14 14:53:21,961 [23092ddc-1411-47f8-aab1-b577f5063db3@group-4F62A76584E9-LeaderElection84] INFO  server.RaftServerConfigKeys (ConfUtils.java:logGet(43)) - raft.server.watch.timeout = 10s (default)
2019-10-14 14:53:21,961 [23092ddc-1411-47f8-aab1-b577f5063db3@group-4F62A76584E9-LeaderElection84] INFO  server.RaftServerConfigKeys (ConfUtils.java:logGet(43)) - raft.server.watch.timeout.denomination = 1s (default)
2019-10-14 14:53:21,961 [23092ddc-1411-47f8-aab1-b577f5063db3@group-4F62A76584E9-LeaderElection84] INFO  server.RaftServerConfigKeys (ConfUtils.java:logGet(43)) - raft.server.watch.element-limit = 65536 (default)
2019-10-14 14:53:21,963 [da1a0aa5-dc43-4a9c-99fb-ffaf5071ca0c@group-21F17C6318F9-LeaderElection85] INFO  impl.LeaderElection (LeaderElection.java:askForVotes(178)) - da1a0aa5-dc43-4a9c-99fb-ffaf5071ca0c@group-21F17C6318F9-LeaderElection85: begin an election at term 1 for -1: [da1a0aa5-dc43-4a9c-99fb-ffaf5071ca0c:192.168.157.234:37860], old=null
2019-10-14 14:53:21,963 [da1a0aa5-dc43-4a9c-99fb-ffaf5071ca0c@group-21F17C6318F9-LeaderElection85] INFO  impl.RoleInfo (RoleInfo.java:shutdownLeaderElection(134)) - da1a0aa5-dc43-4a9c-99fb-ffaf5071ca0c: shutdown LeaderElection
2019-10-14 14:53:21,964 [da1a0aa5-dc43-4a9c-99fb-ffaf5071ca0c@group-21F17C6318F9-LeaderElection85] INFO  impl.RaftServerImpl (RaftServerImpl.java:setRole(170)) - da1a0aa5-dc43-4a9c-99fb-ffaf5071ca0c@group-21F17C6318F9: changes role from CANDIDATE to LEADER at term 1 for changeToLeader
2019-10-14 14:53:21,964 [da1a0aa5-dc43-4a9c-99fb-ffaf5071ca0c@group-21F17C6318F9-LeaderElection85] INFO  impl.RaftServerImpl (ServerState.java:setLeader(255)) - da1a0aa5-dc43-4a9c-99fb-ffaf5071ca0c@group-21F17C6318F9: change Leader from null to da1a0aa5-dc43-4a9c-99fb-ffaf5071ca0c at term 1 for becomeLeader, leader elected after 5147ms
2019-10-14 14:53:21,964 [23092ddc-1411-47f8-aab1-b577f5063db3@group-4F62A76584E9-LeaderElection84] INFO  impl.RoleInfo (RoleInfo.java:updateAndGet(143)) - 23092ddc-1411-47f8-aab1-b577f5063db3: start LeaderState
2019-10-14 14:53:21,964 [da1a0aa5-dc43-4a9c-99fb-ffaf5071ca0c@group-21F17C6318F9-LeaderElection85] INFO  server.RaftServerConfigKeys (ConfUtils.java:logGet(43)) - raft.server.staging.catchup.gap = 1000 (default)
2019-10-14 14:53:21,964 [da1a0aa5-dc43-4a9c-99fb-ffaf5071ca0c@group-21F17C6318F9-LeaderElection85] INFO  server.RaftServerConfigKeys (ConfUtils.java:logGet(43)) - raft.server.rpc.sleep.time = 25ms (default)
2019-10-14 14:53:21,964 [23092ddc-1411-47f8-aab1-b577f5063db3@group-4F62A76584E9-LeaderElection84] INFO  segmented.SegmentedRaftLogWorker (SegmentedRaftLogWorker.java:startLogSegment(385)) - 23092ddc-1411-47f8-aab1-b577f5063db3@group-4F62A76584E9-SegmentedRaftLogWorker: Starting segment from index:0
2019-10-14 14:53:21,965 [da1a0aa5-dc43-4a9c-99fb-ffaf5071ca0c@group-21F17C6318F9-LeaderElection85] INFO  server.RaftServerConfigKeys (ConfUtils.java:logGet(43)) - raft.server.write.element-limit = 4096 (default)
2019-10-14 14:53:21,965 [da1a0aa5-dc43-4a9c-99fb-ffaf5071ca0c@group-21F17C6318F9-LeaderElection85] INFO  server.RaftServerConfigKeys (ConfUtils.java:logGet(43)) - raft.server.watch.timeout = 10s (default)
2019-10-14 14:53:21,965 [da1a0aa5-dc43-4a9c-99fb-ffaf5071ca0c@group-21F17C6318F9-LeaderElection85] INFO  server.RaftServerConfigKeys (ConfUtils.java:logGet(43)) - raft.server.watch.timeout.denomination = 1s (default)
2019-10-14 14:53:21,965 [23092ddc-1411-47f8-aab1-b577f5063db3@group-4F62A76584E9-LeaderElection84] INFO  impl.RaftServerImpl (ServerState.java:setRaftConf(356)) - 23092ddc-1411-47f8-aab1-b577f5063db3@group-4F62A76584E9: set configuration 0: [23092ddc-1411-47f8-aab1-b577f5063db3:192.168.157.234:44805], old=null at 0
2019-10-14 14:53:21,966 [da1a0aa5-dc43-4a9c-99fb-ffaf5071ca0c@group-21F17C6318F9-LeaderElection85] INFO  server.RaftServerConfigKeys (ConfUtils.java:logGet(43)) - raft.server.watch.element-limit = 65536 (default)
2019-10-14 14:53:21,968 [da1a0aa5-dc43-4a9c-99fb-ffaf5071ca0c@group-21F17C6318F9-LeaderElection85] INFO  impl.RoleInfo (RoleInfo.java:updateAndGet(143)) - da1a0aa5-dc43-4a9c-99fb-ffaf5071ca0c: start LeaderState
2019-10-14 14:53:21,968 [da1a0aa5-dc43-4a9c-99fb-ffaf5071ca0c@group-21F17C6318F9-LeaderElection85] INFO  segmented.SegmentedRaftLogWorker (SegmentedRaftLogWorker.java:startLogSegment(385)) - da1a0aa5-dc43-4a9c-99fb-ffaf5071ca0c@group-21F17C6318F9-SegmentedRaftLogWorker: Starting segment from index:0
2019-10-14 14:53:21,969 [da1a0aa5-dc43-4a9c-99fb-ffaf5071ca0c@group-21F17C6318F9-LeaderElection85] INFO  impl.RaftServerImpl (ServerState.java:setRaftConf(356)) - da1a0aa5-dc43-4a9c-99fb-ffaf5071ca0c@group-21F17C6318F9: set configuration 0: [da1a0aa5-dc43-4a9c-99fb-ffaf5071ca0c:192.168.157.234:37860], old=null at 0
2019-10-14 14:53:21,983 [Thread-2348] INFO  impl.FollowerState (FollowerState.java:run(108)) - 60d30bb1-7629-4dfa-99ed-756c1a7d77a0@group-E530492F8BCF-FollowerState: change to CANDIDATE, lastRpcTime:5049ms, electionTimeout:5049ms
2019-10-14 14:53:21,983 [Thread-2348] INFO  impl.RoleInfo (RoleInfo.java:shutdownFollowerState(121)) - 60d30bb1-7629-4dfa-99ed-756c1a7d77a0: shutdown FollowerState
2019-10-14 14:53:21,983 [Thread-2348] INFO  impl.RaftServerImpl (RaftServerImpl.java:setRole(170)) - 60d30bb1-7629-4dfa-99ed-756c1a7d77a0@group-E530492F8BCF: changes role from  FOLLOWER to CANDIDATE at term 0 for changeToCandidate
2019-10-14 14:53:21,983 [Thread-2348] INFO  impl.RoleInfo (RoleInfo.java:updateAndGet(143)) - 60d30bb1-7629-4dfa-99ed-756c1a7d77a0: start LeaderElection
2019-10-14 14:53:22,020 [23092ddc-1411-47f8-aab1-b577f5063db3@group-4F62A76584E9-SegmentedRaftLogWorker] INFO  segmented.SegmentedRaftLogWorker (SegmentedRaftLogWorker.java:execute(574)) - 23092ddc-1411-47f8-aab1-b577f5063db3@group-4F62A76584E9-SegmentedRaftLogWorker: created new log segment /workdir/hadoop-ozone/integration-test/target/test-dir/MiniOzoneClusterImpl-6edfac56-16c0-4f4f-8fb1-01b101fde067/datanode-0/data/ratis/ffc15048-1374-4599-86aa-4f62a76584e9/current/log_inprogress_0
2019-10-14 14:53:22,020 [60d30bb1-7629-4dfa-99ed-756c1a7d77a0@group-E530492F8BCF-LeaderElection86] INFO  impl.LeaderElection (LeaderElection.java:askForVotes(178)) - 60d30bb1-7629-4dfa-99ed-756c1a7d77a0@group-E530492F8BCF-LeaderElection86: begin an election at term 1 for -1: [60d30bb1-7629-4dfa-99ed-756c1a7d77a0:192.168.157.234:46768], old=null
2019-10-14 14:53:22,020 [da1a0aa5-dc43-4a9c-99fb-ffaf5071ca0c@group-21F17C6318F9-SegmentedRaftLogWorker] INFO  segmented.SegmentedRaftLogWorker (SegmentedRaftLogWorker.java:execute(574)) - da1a0aa5-dc43-4a9c-99fb-ffaf5071ca0c@group-21F17C6318F9-SegmentedRaftLogWorker: created new log segment /workdir/hadoop-ozone/integration-test/target/test-dir/MiniOzoneClusterImpl-6edfac56-16c0-4f4f-8fb1-01b101fde067/datanode-1/data/ratis/a989a296-8064-40f1-baa4-21f17c6318f9/current/log_inprogress_0
2019-10-14 14:53:22,020 [60d30bb1-7629-4dfa-99ed-756c1a7d77a0@group-E530492F8BCF-LeaderElection86] INFO  impl.RoleInfo (RoleInfo.java:shutdownLeaderElection(134)) - 60d30bb1-7629-4dfa-99ed-756c1a7d77a0: shutdown LeaderElection
2019-10-14 14:53:22,021 [60d30bb1-7629-4dfa-99ed-756c1a7d77a0@group-E530492F8BCF-LeaderElection86] INFO  impl.RaftServerImpl (RaftServerImpl.java:setRole(170)) - 60d30bb1-7629-4dfa-99ed-756c1a7d77a0@group-E530492F8BCF: changes role from CANDIDATE to LEADER at term 1 for changeToLeader
2019-10-14 14:53:22,021 [60d30bb1-7629-4dfa-99ed-756c1a7d77a0@group-E530492F8BCF-LeaderElection86] INFO  impl.RaftServerImpl (ServerState.java:setLeader(255)) - 60d30bb1-7629-4dfa-99ed-756c1a7d77a0@group-E530492F8BCF: change Leader from null to 60d30bb1-7629-4dfa-99ed-756c1a7d77a0 at term 1 for becomeLeader, leader elected after 5092ms
2019-10-14 14:53:22,021 [60d30bb1-7629-4dfa-99ed-756c1a7d77a0@group-E530492F8BCF-LeaderElection86] INFO  server.RaftServerConfigKeys (ConfUtils.java:logGet(43)) - raft.server.staging.catchup.gap = 1000 (default)
2019-10-14 14:53:22,021 [60d30bb1-7629-4dfa-99ed-756c1a7d77a0@group-E530492F8BCF-LeaderElection86] INFO  server.RaftServerConfigKeys (ConfUtils.java:logGet(43)) - raft.server.rpc.sleep.time = 25ms (default)
2019-10-14 14:53:22,021 [60d30bb1-7629-4dfa-99ed-756c1a7d77a0@group-E530492F8BCF-LeaderElection86] INFO  server.RaftServerConfigKeys (ConfUtils.java:logGet(43)) - raft.server.write.element-limit = 4096 (default)
2019-10-14 14:53:22,022 [60d30bb1-7629-4dfa-99ed-756c1a7d77a0@group-E530492F8BCF-LeaderElection86] INFO  server.RaftServerConfigKeys (ConfUtils.java:logGet(43)) - raft.server.watch.timeout = 10s (default)
2019-10-14 14:53:22,022 [60d30bb1-7629-4dfa-99ed-756c1a7d77a0@group-E530492F8BCF-LeaderElection86] INFO  server.RaftServerConfigKeys (ConfUtils.java:logGet(43)) - raft.server.watch.timeout.denomination = 1s (default)
2019-10-14 14:53:22,022 [60d30bb1-7629-4dfa-99ed-756c1a7d77a0@group-E530492F8BCF-LeaderElection86] INFO  server.RaftServerConfigKeys (ConfUtils.java:logGet(43)) - raft.server.watch.element-limit = 65536 (default)
2019-10-14 14:53:22,024 [60d30bb1-7629-4dfa-99ed-756c1a7d77a0@group-E530492F8BCF-LeaderElection86] INFO  impl.RoleInfo (RoleInfo.java:updateAndGet(143)) - 60d30bb1-7629-4dfa-99ed-756c1a7d77a0: start LeaderState
2019-10-14 14:53:22,024 [60d30bb1-7629-4dfa-99ed-756c1a7d77a0@group-E530492F8BCF-LeaderElection86] INFO  segmented.SegmentedRaftLogWorker (SegmentedRaftLogWorker.java:startLogSegment(385)) - 60d30bb1-7629-4dfa-99ed-756c1a7d77a0@group-E530492F8BCF-SegmentedRaftLogWorker: Starting segment from index:0
2019-10-14 14:53:22,024 [60d30bb1-7629-4dfa-99ed-756c1a7d77a0@group-E530492F8BCF-LeaderElection86] INFO  impl.RaftServerImpl (ServerState.java:setRaftConf(356)) - 60d30bb1-7629-4dfa-99ed-756c1a7d77a0@group-E530492F8BCF: set configuration 0: [60d30bb1-7629-4dfa-99ed-756c1a7d77a0:192.168.157.234:46768], old=null at 0
2019-10-14 14:53:22,042 [Thread-2351] INFO  impl.FollowerState (FollowerState.java:run(108)) - da1a0aa5-dc43-4a9c-99fb-ffaf5071ca0c@group-4E554C71D71E-FollowerState: change to CANDIDATE, lastRpcTime:5042ms, electionTimeout:5042ms
2019-10-14 14:53:22,042 [Thread-2351] INFO  impl.RoleInfo (RoleInfo.java:shutdownFollowerState(121)) - da1a0aa5-dc43-4a9c-99fb-ffaf5071ca0c: shutdown FollowerState
2019-10-14 14:53:22,042 [Thread-2351] INFO  impl.RaftServerImpl (RaftServerImpl.java:setRole(170)) - da1a0aa5-dc43-4a9c-99fb-ffaf5071ca0c@group-4E554C71D71E: changes role from  FOLLOWER to CANDIDATE at term 0 for changeToCandidate
2019-10-14 14:53:22,042 [Thread-2351] INFO  impl.RoleInfo (RoleInfo.java:updateAndGet(143)) - da1a0aa5-dc43-4a9c-99fb-ffaf5071ca0c: start LeaderElection
2019-10-14 14:53:22,067 [60d30bb1-7629-4dfa-99ed-756c1a7d77a0@group-E530492F8BCF-SegmentedRaftLogWorker] INFO  segmented.SegmentedRaftLogWorker (SegmentedRaftLogWorker.java:execute(574)) - 60d30bb1-7629-4dfa-99ed-756c1a7d77a0@group-E530492F8BCF-SegmentedRaftLogWorker: created new log segment /workdir/hadoop-ozone/integration-test/target/test-dir/MiniOzoneClusterImpl-6edfac56-16c0-4f4f-8fb1-01b101fde067/datanode-2/data/ratis/7ebdfe76-a1e6-4c1e-9041-e530492f8bcf/current/log_inprogress_0
2019-10-14 14:53:22,073 [da1a0aa5-dc43-4a9c-99fb-ffaf5071ca0c@group-4E554C71D71E-LeaderElection87] INFO  impl.LeaderElection (LeaderElection.java:askForVotes(178)) - da1a0aa5-dc43-4a9c-99fb-ffaf5071ca0c@group-4E554C71D71E-LeaderElection87: begin an election at term 1 for -1: [23092ddc-1411-47f8-aab1-b577f5063db3:192.168.157.234:44805, 60d30bb1-7629-4dfa-99ed-756c1a7d77a0:192.168.157.234:46768, da1a0aa5-dc43-4a9c-99fb-ffaf5071ca0c:192.168.157.234:37860], old=null
2019-10-14 14:53:22,082 [grpc-default-executor-12] INFO  impl.RaftServerImpl (RaftServerImpl.java:setRole(170)) - 23092ddc-1411-47f8-aab1-b577f5063db3@group-4E554C71D71E: changes role from  FOLLOWER to FOLLOWER at term 1 for recognizeCandidate:da1a0aa5-dc43-4a9c-99fb-ffaf5071ca0c
2019-10-14 14:53:22,082 [grpc-default-executor-7] INFO  impl.RaftServerImpl (RaftServerImpl.java:setRole(170)) - 60d30bb1-7629-4dfa-99ed-756c1a7d77a0@group-4E554C71D71E: changes role from  FOLLOWER to FOLLOWER at term 1 for recognizeCandidate:da1a0aa5-dc43-4a9c-99fb-ffaf5071ca0c
2019-10-14 14:53:22,082 [grpc-default-executor-12] INFO  impl.RoleInfo (RoleInfo.java:shutdownFollowerState(121)) - 23092ddc-1411-47f8-aab1-b577f5063db3: shutdown FollowerState
2019-10-14 14:53:22,082 [grpc-default-executor-7] INFO  impl.RoleInfo (RoleInfo.java:shutdownFollowerState(121)) - 60d30bb1-7629-4dfa-99ed-756c1a7d77a0: shutdown FollowerState
2019-10-14 14:53:22,082 [Thread-2356] INFO  impl.FollowerState (FollowerState.java:run(117)) - 23092ddc-1411-47f8-aab1-b577f5063db3@group-4E554C71D71E-FollowerState was interrupted: java.lang.InterruptedException: sleep interrupted
2019-10-14 14:53:22,082 [grpc-default-executor-12] INFO  impl.RoleInfo (RoleInfo.java:updateAndGet(143)) - 23092ddc-1411-47f8-aab1-b577f5063db3: start FollowerState
2019-10-14 14:53:22,083 [Thread-2355] INFO  impl.FollowerState (FollowerState.java:run(117)) - 60d30bb1-7629-4dfa-99ed-756c1a7d77a0@group-4E554C71D71E-FollowerState was interrupted: java.lang.InterruptedException: sleep interrupted
2019-10-14 14:53:22,083 [grpc-default-executor-7] INFO  impl.RoleInfo (RoleInfo.java:updateAndGet(143)) - 60d30bb1-7629-4dfa-99ed-756c1a7d77a0: start FollowerState
2019-10-14 14:53:22,097 [da1a0aa5-dc43-4a9c-99fb-ffaf5071ca0c@group-4E554C71D71E-LeaderElection87] INFO  impl.LeaderElection (LeaderElection.java:logAndReturn(56)) - da1a0aa5-dc43-4a9c-99fb-ffaf5071ca0c@group-4E554C71D71E-LeaderElection87: Election PASSED; received 1 response(s) [da1a0aa5-dc43-4a9c-99fb-ffaf5071ca0c<-23092ddc-1411-47f8-aab1-b577f5063db3#0:OK-t1] and 0 exception(s); da1a0aa5-dc43-4a9c-99fb-ffaf5071ca0c@group-4E554C71D71E:t1, leader=null, voted=da1a0aa5-dc43-4a9c-99fb-ffaf5071ca0c, raftlog=da1a0aa5-dc43-4a9c-99fb-ffaf5071ca0c@group-4E554C71D71E-SegmentedRaftLog:OPENED:c-1,f-1,i0, conf=-1: [23092ddc-1411-47f8-aab1-b577f5063db3:192.168.157.234:44805, 60d30bb1-7629-4dfa-99ed-756c1a7d77a0:192.168.157.234:46768, da1a0aa5-dc43-4a9c-99fb-ffaf5071ca0c:192.168.157.234:37860], old=null
2019-10-14 14:53:22,097 [da1a0aa5-dc43-4a9c-99fb-ffaf5071ca0c@group-4E554C71D71E-LeaderElection87] INFO  impl.RoleInfo (RoleInfo.java:shutdownLeaderElection(134)) - da1a0aa5-dc43-4a9c-99fb-ffaf5071ca0c: shutdown LeaderElection
2019-10-14 14:53:22,098 [da1a0aa5-dc43-4a9c-99fb-ffaf5071ca0c@group-4E554C71D71E-LeaderElection87] INFO  impl.RaftServerImpl (RaftServerImpl.java:setRole(170)) - da1a0aa5-dc43-4a9c-99fb-ffaf5071ca0c@group-4E554C71D71E: changes role from CANDIDATE to LEADER at term 1 for changeToLeader
2019-10-14 14:53:22,098 [da1a0aa5-dc43-4a9c-99fb-ffaf5071ca0c@group-4E554C71D71E-LeaderElection87] INFO  impl.RaftServerImpl (ServerState.java:setLeader(255)) - da1a0aa5-dc43-4a9c-99fb-ffaf5071ca0c@group-4E554C71D71E: change Leader from null to da1a0aa5-dc43-4a9c-99fb-ffaf5071ca0c at term 1 for becomeLeader, leader elected after 5104ms
2019-10-14 14:53:22,098 [da1a0aa5-dc43-4a9c-99fb-ffaf5071ca0c@group-4E554C71D71E-LeaderElection87] INFO  server.RaftServerConfigKeys (ConfUtils.java:logGet(43)) - raft.server.staging.catchup.gap = 1000 (default)
2019-10-14 14:53:22,098 [da1a0aa5-dc43-4a9c-99fb-ffaf5071ca0c@group-4E554C71D71E-LeaderElection87] INFO  server.RaftServerConfigKeys (ConfUtils.java:logGet(43)) - raft.server.rpc.sleep.time = 25ms (default)
2019-10-14 14:53:22,098 [da1a0aa5-dc43-4a9c-99fb-ffaf5071ca0c@group-4E554C71D71E-LeaderElection87] INFO  server.RaftServerConfigKeys (ConfUtils.java:logGet(43)) - raft.server.write.element-limit = 4096 (default)
2019-10-14 14:53:22,098 [da1a0aa5-dc43-4a9c-99fb-ffaf5071ca0c@group-4E554C71D71E-LeaderElection87] INFO  server.RaftServerConfigKeys (ConfUtils.java:logGet(43)) - raft.server.watch.timeout = 10s (default)
2019-10-14 14:53:22,098 [da1a0aa5-dc43-4a9c-99fb-ffaf5071ca0c@group-4E554C71D71E-LeaderElection87] INFO  server.RaftServerConfigKeys (ConfUtils.java:logGet(43)) - raft.server.watch.timeout.denomination = 1s (default)
2019-10-14 14:53:22,099 [da1a0aa5-dc43-4a9c-99fb-ffaf5071ca0c@group-4E554C71D71E-LeaderElection87] INFO  server.RaftServerConfigKeys (ConfUtils.java:logGet(43)) - raft.server.watch.element-limit = 65536 (default)
2019-10-14 14:53:22,100 [da1a0aa5-dc43-4a9c-99fb-ffaf5071ca0c@group-4E554C71D71E-LeaderElection87] INFO  server.RaftServerConfigKeys (ConfUtils.java:logGet(43)) - raft.server.log.appender.snapshot.chunk.size.max = 16MB (=16777216) (default)
2019-10-14 14:53:22,101 [da1a0aa5-dc43-4a9c-99fb-ffaf5071ca0c@group-4E554C71D71E-LeaderElection87] INFO  server.RaftServerConfigKeys (ConfUtils.java:logGet(43)) - raft.server.log.appender.buffer.byte-limit = 33554432 (custom)
2019-10-14 14:53:22,101 [da1a0aa5-dc43-4a9c-99fb-ffaf5071ca0c@group-4E554C71D71E-LeaderElection87] INFO  server.RaftServerConfigKeys (ConfUtils.java:logGet(43)) - raft.server.log.appender.buffer.element-limit = 1 (custom)
2019-10-14 14:53:22,101 [da1a0aa5-dc43-4a9c-99fb-ffaf5071ca0c@group-4E554C71D71E-LeaderElection87] INFO  grpc.GrpcConfigKeys$Server (ConfUtils.java:logGet(43)) - raft.grpc.server.leader.outstanding.appends.max = 128 (default)
2019-10-14 14:53:22,101 [da1a0aa5-dc43-4a9c-99fb-ffaf5071ca0c@group-4E554C71D71E-LeaderElection87] INFO  server.RaftServerConfigKeys (ConfUtils.java:logGet(43)) - raft.server.rpc.request.timeout = 3000ms (default)
2019-10-14 14:53:22,101 [da1a0aa5-dc43-4a9c-99fb-ffaf5071ca0c@group-4E554C71D71E-LeaderElection87] INFO  server.RaftServerConfigKeys (ConfUtils.java:logGet(43)) - raft.server.log.appender.install.snapshot.enabled = false (custom)
2019-10-14 14:53:22,102 [da1a0aa5-dc43-4a9c-99fb-ffaf5071ca0c@group-4E554C71D71E-LeaderElection87] INFO  server.RaftServerConfigKeys (ConfUtils.java:logGet(43)) - raft.server.log.appender.snapshot.chunk.size.max = 16MB (=16777216) (default)
2019-10-14 14:53:22,102 [da1a0aa5-dc43-4a9c-99fb-ffaf5071ca0c@group-4E554C71D71E-LeaderElection87] INFO  server.RaftServerConfigKeys (ConfUtils.java:logGet(43)) - raft.server.log.appender.buffer.byte-limit = 33554432 (custom)
2019-10-14 14:53:22,102 [da1a0aa5-dc43-4a9c-99fb-ffaf5071ca0c@group-4E554C71D71E-LeaderElection87] INFO  server.RaftServerConfigKeys (ConfUtils.java:logGet(43)) - raft.server.log.appender.buffer.element-limit = 1 (custom)
2019-10-14 14:53:22,102 [da1a0aa5-dc43-4a9c-99fb-ffaf5071ca0c@group-4E554C71D71E-LeaderElection87] INFO  grpc.GrpcConfigKeys$Server (ConfUtils.java:logGet(43)) - raft.grpc.server.leader.outstanding.appends.max = 128 (default)
2019-10-14 14:53:22,102 [da1a0aa5-dc43-4a9c-99fb-ffaf5071ca0c@group-4E554C71D71E-LeaderElection87] INFO  server.RaftServerConfigKeys (ConfUtils.java:logGet(43)) - raft.server.rpc.request.timeout = 3000ms (default)
2019-10-14 14:53:22,102 [da1a0aa5-dc43-4a9c-99fb-ffaf5071ca0c@group-4E554C71D71E-LeaderElection87] INFO  server.RaftServerConfigKeys (ConfUtils.java:logGet(43)) - raft.server.log.appender.install.snapshot.enabled = false (custom)
2019-10-14 14:53:22,103 [da1a0aa5-dc43-4a9c-99fb-ffaf5071ca0c@group-4E554C71D71E-LeaderElection87] INFO  impl.RoleInfo (RoleInfo.java:updateAndGet(143)) - da1a0aa5-dc43-4a9c-99fb-ffaf5071ca0c: start LeaderState
2019-10-14 14:53:22,103 [da1a0aa5-dc43-4a9c-99fb-ffaf5071ca0c@group-4E554C71D71E-LeaderElection87] INFO  segmented.SegmentedRaftLogWorker (SegmentedRaftLogWorker.java:startLogSegment(385)) - da1a0aa5-dc43-4a9c-99fb-ffaf5071ca0c@group-4E554C71D71E-SegmentedRaftLogWorker: Starting segment from index:0
2019-10-14 14:53:22,104 [da1a0aa5-dc43-4a9c-99fb-ffaf5071ca0c@group-4E554C71D71E-LeaderElection87] INFO  impl.RaftServerImpl (ServerState.java:setRaftConf(356)) - da1a0aa5-dc43-4a9c-99fb-ffaf5071ca0c@group-4E554C71D71E: set configuration 0: [23092ddc-1411-47f8-aab1-b577f5063db3:192.168.157.234:44805, 60d30bb1-7629-4dfa-99ed-756c1a7d77a0:192.168.157.234:46768, da1a0aa5-dc43-4a9c-99fb-ffaf5071ca0c:192.168.157.234:37860], old=null at 0
2019-10-14 14:53:22,135 [grpc-default-executor-7] INFO  impl.RaftServerImpl (ServerState.java:setLeader(255)) - 23092ddc-1411-47f8-aab1-b577f5063db3@group-4E554C71D71E: change Leader from null to da1a0aa5-dc43-4a9c-99fb-ffaf5071ca0c at term 1 for appendEntries, leader elected after 5141ms
2019-10-14 14:53:22,168 [da1a0aa5-dc43-4a9c-99fb-ffaf5071ca0c@group-4E554C71D71E-SegmentedRaftLogWorker] INFO  segmented.SegmentedRaftLogWorker (SegmentedRaftLogWorker.java:execute(574)) - da1a0aa5-dc43-4a9c-99fb-ffaf5071ca0c@group-4E554C71D71E-SegmentedRaftLogWorker: created new log segment /workdir/hadoop-ozone/integration-test/target/test-dir/MiniOzoneClusterImpl-6edfac56-16c0-4f4f-8fb1-01b101fde067/datanode-1/data/ratis/d9bfdcaf-6a18-4db7-82af-4e554c71d71e/current/log_inprogress_0
2019-10-14 14:53:22,169 [grpc-default-executor-7] INFO  impl.RaftServerImpl (ServerState.java:setLeader(255)) - 60d30bb1-7629-4dfa-99ed-756c1a7d77a0@group-4E554C71D71E: change Leader from null to da1a0aa5-dc43-4a9c-99fb-ffaf5071ca0c at term 1 for appendEntries, leader elected after 5143ms
2019-10-14 14:53:22,178 [grpc-default-executor-12] INFO  impl.RaftServerImpl (ServerState.java:setRaftConf(356)) - 23092ddc-1411-47f8-aab1-b577f5063db3@group-4E554C71D71E: set configuration 0: [23092ddc-1411-47f8-aab1-b577f5063db3:192.168.157.234:44805, 60d30bb1-7629-4dfa-99ed-756c1a7d77a0:192.168.157.234:46768, da1a0aa5-dc43-4a9c-99fb-ffaf5071ca0c:192.168.157.234:37860], old=null at 0
2019-10-14 14:53:22,178 [grpc-default-executor-7] INFO  impl.RaftServerImpl (ServerState.java:setRaftConf(356)) - 60d30bb1-7629-4dfa-99ed-756c1a7d77a0@group-4E554C71D71E: set configuration 0: [23092ddc-1411-47f8-aab1-b577f5063db3:192.168.157.234:44805, 60d30bb1-7629-4dfa-99ed-756c1a7d77a0:192.168.157.234:46768, da1a0aa5-dc43-4a9c-99fb-ffaf5071ca0c:192.168.157.234:37860], old=null at 0
2019-10-14 14:53:22,178 [grpc-default-executor-12] INFO  segmented.SegmentedRaftLogWorker (SegmentedRaftLogWorker.java:startLogSegment(385)) - 23092ddc-1411-47f8-aab1-b577f5063db3@group-4E554C71D71E-SegmentedRaftLogWorker: Starting segment from index:0
2019-10-14 14:53:22,178 [grpc-default-executor-7] INFO  segmented.SegmentedRaftLogWorker (SegmentedRaftLogWorker.java:startLogSegment(385)) - 60d30bb1-7629-4dfa-99ed-756c1a7d77a0@group-4E554C71D71E-SegmentedRaftLogWorker: Starting segment from index:0
2019-10-14 14:53:22,215 [23092ddc-1411-47f8-aab1-b577f5063db3@group-4E554C71D71E-SegmentedRaftLogWorker] INFO  segmented.SegmentedRaftLogWorker (SegmentedRaftLogWorker.java:execute(574)) - 23092ddc-1411-47f8-aab1-b577f5063db3@group-4E554C71D71E-SegmentedRaftLogWorker: created new log segment /workdir/hadoop-ozone/integration-test/target/test-dir/MiniOzoneClusterImpl-6edfac56-16c0-4f4f-8fb1-01b101fde067/datanode-0/data/ratis/d9bfdcaf-6a18-4db7-82af-4e554c71d71e/current/log_inprogress_0
2019-10-14 14:53:22,240 [60d30bb1-7629-4dfa-99ed-756c1a7d77a0@group-4E554C71D71E-SegmentedRaftLogWorker] INFO  segmented.SegmentedRaftLogWorker (SegmentedRaftLogWorker.java:execute(574)) - 60d30bb1-7629-4dfa-99ed-756c1a7d77a0@group-4E554C71D71E-SegmentedRaftLogWorker: created new log segment /workdir/hadoop-ozone/integration-test/target/test-dir/MiniOzoneClusterImpl-6edfac56-16c0-4f4f-8fb1-01b101fde067/datanode-2/data/ratis/d9bfdcaf-6a18-4db7-82af-4e554c71d71e/current/log_inprogress_0
2019-10-14 14:53:22,257 [Thread-2360] INFO  impl.FollowerState (FollowerState.java:run(108)) - 3c3ff023-6cae-4d72-ad6d-ca140069573b@group-4D549EC43631-FollowerState: change to CANDIDATE, lastRpcTime:5156ms, electionTimeout:5156ms
2019-10-14 14:53:22,257 [Thread-2360] INFO  impl.RoleInfo (RoleInfo.java:shutdownFollowerState(121)) - 3c3ff023-6cae-4d72-ad6d-ca140069573b: shutdown FollowerState
2019-10-14 14:53:22,257 [Thread-2360] INFO  impl.RaftServerImpl (RaftServerImpl.java:setRole(170)) - 3c3ff023-6cae-4d72-ad6d-ca140069573b@group-4D549EC43631: changes role from  FOLLOWER to CANDIDATE at term 0 for changeToCandidate
2019-10-14 14:53:22,257 [Thread-2360] INFO  impl.RoleInfo (RoleInfo.java:updateAndGet(143)) - 3c3ff023-6cae-4d72-ad6d-ca140069573b: start LeaderElection
2019-10-14 14:53:22,272 [Thread-2363] INFO  impl.FollowerState (FollowerState.java:run(108)) - a900a92b-655d-4b38-b2a7-005a0160de6c@group-E434D752855D-FollowerState: change to CANDIDATE, lastRpcTime:5121ms, electionTimeout:5119ms
2019-10-14 14:53:22,272 [Thread-2363] INFO  impl.RoleInfo (RoleInfo.java:shutdownFollowerState(121)) - a900a92b-655d-4b38-b2a7-005a0160de6c: shutdown FollowerState
2019-10-14 14:53:22,272 [Thread-2363] INFO  impl.RaftServerImpl (RaftServerImpl.java:setRole(170)) - a900a92b-655d-4b38-b2a7-005a0160de6c@group-E434D752855D: changes role from  FOLLOWER to CANDIDATE at term 0 for changeToCandidate
2019-10-14 14:53:22,273 [Thread-2363] INFO  impl.RoleInfo (RoleInfo.java:updateAndGet(143)) - a900a92b-655d-4b38-b2a7-005a0160de6c: start LeaderElection
2019-10-14 14:53:22,284 [Thread-2366] INFO  impl.FollowerState (FollowerState.java:run(108)) - c8b9c215-7301-42c6-a232-c0dcd2013ad2@group-CF1E94495CB5-FollowerState: change to CANDIDATE, lastRpcTime:5078ms, electionTimeout:5077ms
2019-10-14 14:53:22,284 [Thread-2366] INFO  impl.RoleInfo (RoleInfo.java:shutdownFollowerState(121)) - c8b9c215-7301-42c6-a232-c0dcd2013ad2: shutdown FollowerState
2019-10-14 14:53:22,284 [Thread-2366] INFO  impl.RaftServerImpl (RaftServerImpl.java:setRole(170)) - c8b9c215-7301-42c6-a232-c0dcd2013ad2@group-CF1E94495CB5: changes role from  FOLLOWER to CANDIDATE at term 0 for changeToCandidate
2019-10-14 14:53:22,284 [Thread-2366] INFO  impl.RoleInfo (RoleInfo.java:updateAndGet(143)) - c8b9c215-7301-42c6-a232-c0dcd2013ad2: start LeaderElection
2019-10-14 14:53:22,288 [a900a92b-655d-4b38-b2a7-005a0160de6c@group-E434D752855D-LeaderElection89] INFO  impl.LeaderElection (LeaderElection.java:askForVotes(178)) - a900a92b-655d-4b38-b2a7-005a0160de6c@group-E434D752855D-LeaderElection89: begin an election at term 1 for -1: [a900a92b-655d-4b38-b2a7-005a0160de6c:192.168.157.234:42664], old=null
2019-10-14 14:53:22,288 [a900a92b-655d-4b38-b2a7-005a0160de6c@group-E434D752855D-LeaderElection89] INFO  impl.RoleInfo (RoleInfo.java:shutdownLeaderElection(134)) - a900a92b-655d-4b38-b2a7-005a0160de6c: shutdown LeaderElection
2019-10-14 14:53:22,288 [a900a92b-655d-4b38-b2a7-005a0160de6c@group-E434D752855D-LeaderElection89] INFO  impl.RaftServerImpl (RaftServerImpl.java:setRole(170)) - a900a92b-655d-4b38-b2a7-005a0160de6c@group-E434D752855D: changes role from CANDIDATE to LEADER at term 1 for changeToLeader
2019-10-14 14:53:22,295 [a900a92b-655d-4b38-b2a7-005a0160de6c@group-E434D752855D-LeaderElection89] INFO  impl.RaftServerImpl (ServerState.java:setLeader(255)) - a900a92b-655d-4b38-b2a7-005a0160de6c@group-E434D752855D: change Leader from null to a900a92b-655d-4b38-b2a7-005a0160de6c at term 1 for becomeLeader, leader elected after 5150ms
2019-10-14 14:53:22,295 [3c3ff023-6cae-4d72-ad6d-ca140069573b@group-4D549EC43631-LeaderElection88] INFO  impl.LeaderElection (LeaderElection.java:askForVotes(178)) - 3c3ff023-6cae-4d72-ad6d-ca140069573b@group-4D549EC43631-LeaderElection88: begin an election at term 1 for -1: [3c3ff023-6cae-4d72-ad6d-ca140069573b:192.168.157.234:37150], old=null
2019-10-14 14:53:22,295 [a900a92b-655d-4b38-b2a7-005a0160de6c@group-E434D752855D-LeaderElection89] INFO  server.RaftServerConfigKeys (ConfUtils.java:logGet(43)) - raft.server.staging.catchup.gap = 1000 (default)
2019-10-14 14:53:22,295 [3c3ff023-6cae-4d72-ad6d-ca140069573b@group-4D549EC43631-LeaderElection88] INFO  impl.RoleInfo (RoleInfo.java:shutdownLeaderElection(134)) - 3c3ff023-6cae-4d72-ad6d-ca140069573b: shutdown LeaderElection
2019-10-14 14:53:22,295 [a900a92b-655d-4b38-b2a7-005a0160de6c@group-E434D752855D-LeaderElection89] INFO  server.RaftServerConfigKeys (ConfUtils.java:logGet(43)) - raft.server.rpc.sleep.time = 25ms (default)
2019-10-14 14:53:22,295 [3c3ff023-6cae-4d72-ad6d-ca140069573b@group-4D549EC43631-LeaderElection88] INFO  impl.RaftServerImpl (RaftServerImpl.java:setRole(170)) - 3c3ff023-6cae-4d72-ad6d-ca140069573b@group-4D549EC43631: changes role from CANDIDATE to LEADER at term 1 for changeToLeader
2019-10-14 14:53:22,295 [a900a92b-655d-4b38-b2a7-005a0160de6c@group-E434D752855D-LeaderElection89] INFO  server.RaftServerConfigKeys (ConfUtils.java:logGet(43)) - raft.server.write.element-limit = 4096 (default)
2019-10-14 14:53:22,296 [3c3ff023-6cae-4d72-ad6d-ca140069573b@group-4D549EC43631-LeaderElection88] INFO  impl.RaftServerImpl (ServerState.java:setLeader(255)) - 3c3ff023-6cae-4d72-ad6d-ca140069573b@group-4D549EC43631: change Leader from null to 3c3ff023-6cae-4d72-ad6d-ca140069573b at term 1 for becomeLeader, leader elected after 5204ms
2019-10-14 14:53:22,296 [a900a92b-655d-4b38-b2a7-005a0160de6c@group-E434D752855D-LeaderElection89] INFO  server.RaftServerConfigKeys (ConfUtils.java:logGet(43)) - raft.server.watch.timeout = 10s (default)
2019-10-14 14:53:22,296 [3c3ff023-6cae-4d72-ad6d-ca140069573b@group-4D549EC43631-LeaderElection88] INFO  server.RaftServerConfigKeys (ConfUtils.java:logGet(43)) - raft.server.staging.catchup.gap = 1000 (default)
2019-10-14 14:53:22,296 [a900a92b-655d-4b38-b2a7-005a0160de6c@group-E434D752855D-LeaderElection89] INFO  server.RaftServerConfigKeys (ConfUtils.java:logGet(43)) - raft.server.watch.timeout.denomination = 1s (default)
2019-10-14 14:53:22,296 [3c3ff023-6cae-4d72-ad6d-ca140069573b@group-4D549EC43631-LeaderElection88] INFO  server.RaftServerConfigKeys (ConfUtils.java:logGet(43)) - raft.server.rpc.sleep.time = 25ms (default)
2019-10-14 14:53:22,296 [a900a92b-655d-4b38-b2a7-005a0160de6c@group-E434D752855D-LeaderElection89] INFO  server.RaftServerConfigKeys (ConfUtils.java:logGet(43)) - raft.server.watch.element-limit = 65536 (default)
2019-10-14 14:53:22,296 [3c3ff023-6cae-4d72-ad6d-ca140069573b@group-4D549EC43631-LeaderElection88] INFO  server.RaftServerConfigKeys (ConfUtils.java:logGet(43)) - raft.server.write.element-limit = 4096 (default)
2019-10-14 14:53:22,296 [3c3ff023-6cae-4d72-ad6d-ca140069573b@group-4D549EC43631-LeaderElection88] INFO  server.RaftServerConfigKeys (ConfUtils.java:logGet(43)) - raft.server.watch.timeout = 10s (default)
2019-10-14 14:53:22,297 [3c3ff023-6cae-4d72-ad6d-ca140069573b@group-4D549EC43631-LeaderElection88] INFO  server.RaftServerConfigKeys (ConfUtils.java:logGet(43)) - raft.server.watch.timeout.denomination = 1s (default)
2019-10-14 14:53:22,297 [3c3ff023-6cae-4d72-ad6d-ca140069573b@group-4D549EC43631-LeaderElection88] INFO  server.RaftServerConfigKeys (ConfUtils.java:logGet(43)) - raft.server.watch.element-limit = 65536 (default)
2019-10-14 14:53:22,298 [a900a92b-655d-4b38-b2a7-005a0160de6c@group-E434D752855D-LeaderElection89] INFO  impl.RoleInfo (RoleInfo.java:updateAndGet(143)) - a900a92b-655d-4b38-b2a7-005a0160de6c: start LeaderState
2019-10-14 14:53:22,298 [a900a92b-655d-4b38-b2a7-005a0160de6c@group-E434D752855D-LeaderElection89] INFO  segmented.SegmentedRaftLogWorker (SegmentedRaftLogWorker.java:startLogSegment(385)) - a900a92b-655d-4b38-b2a7-005a0160de6c@group-E434D752855D-SegmentedRaftLogWorker: Starting segment from index:0
2019-10-14 14:53:22,298 [a900a92b-655d-4b38-b2a7-005a0160de6c@group-E434D752855D-LeaderElection89] INFO  impl.RaftServerImpl (ServerState.java:setRaftConf(356)) - a900a92b-655d-4b38-b2a7-005a0160de6c@group-E434D752855D: set configuration 0: [a900a92b-655d-4b38-b2a7-005a0160de6c:192.168.157.234:42664], old=null at 0
2019-10-14 14:53:22,299 [3c3ff023-6cae-4d72-ad6d-ca140069573b@group-4D549EC43631-LeaderElection88] INFO  impl.RoleInfo (RoleInfo.java:updateAndGet(143)) - 3c3ff023-6cae-4d72-ad6d-ca140069573b: start LeaderState
2019-10-14 14:53:22,300 [3c3ff023-6cae-4d72-ad6d-ca140069573b@group-4D549EC43631-LeaderElection88] INFO  segmented.SegmentedRaftLogWorker (SegmentedRaftLogWorker.java:startLogSegment(385)) - 3c3ff023-6cae-4d72-ad6d-ca140069573b@group-4D549EC43631-SegmentedRaftLogWorker: Starting segment from index:0
2019-10-14 14:53:22,300 [3c3ff023-6cae-4d72-ad6d-ca140069573b@group-4D549EC43631-LeaderElection88] INFO  impl.RaftServerImpl (ServerState.java:setRaftConf(356)) - 3c3ff023-6cae-4d72-ad6d-ca140069573b@group-4D549EC43631: set configuration 0: [3c3ff023-6cae-4d72-ad6d-ca140069573b:192.168.157.234:37150], old=null at 0
2019-10-14 14:53:22,306 [Thread-2373] INFO  impl.FollowerState (FollowerState.java:run(108)) - a900a92b-655d-4b38-b2a7-005a0160de6c@group-10B1ECEE6B59-FollowerState: change to CANDIDATE, lastRpcTime:5018ms, electionTimeout:5018ms
2019-10-14 14:53:22,306 [Thread-2373] INFO  impl.RoleInfo (RoleInfo.java:shutdownFollowerState(121)) - a900a92b-655d-4b38-b2a7-005a0160de6c: shutdown FollowerState
2019-10-14 14:53:22,307 [Thread-2373] INFO  impl.RaftServerImpl (RaftServerImpl.java:setRole(170)) - a900a92b-655d-4b38-b2a7-005a0160de6c@group-10B1ECEE6B59: changes role from  FOLLOWER to CANDIDATE at term 0 for changeToCandidate
2019-10-14 14:53:22,307 [Thread-2373] INFO  impl.RoleInfo (RoleInfo.java:updateAndGet(143)) - a900a92b-655d-4b38-b2a7-005a0160de6c: start LeaderElection
2019-10-14 14:53:22,346 [c8b9c215-7301-42c6-a232-c0dcd2013ad2@group-CF1E94495CB5-LeaderElection90] INFO  impl.LeaderElection (LeaderElection.java:askForVotes(178)) - c8b9c215-7301-42c6-a232-c0dcd2013ad2@group-CF1E94495CB5-LeaderElection90: begin an election at term 1 for -1: [c8b9c215-7301-42c6-a232-c0dcd2013ad2:192.168.157.234:44167], old=null
2019-10-14 14:53:22,346 [c8b9c215-7301-42c6-a232-c0dcd2013ad2@group-CF1E94495CB5-LeaderElection90] INFO  impl.RoleInfo (RoleInfo.java:shutdownLeaderElection(134)) - c8b9c215-7301-42c6-a232-c0dcd2013ad2: shutdown LeaderElection
2019-10-14 14:53:22,347 [c8b9c215-7301-42c6-a232-c0dcd2013ad2@group-CF1E94495CB5-LeaderElection90] INFO  impl.RaftServerImpl (RaftServerImpl.java:setRole(170)) - c8b9c215-7301-42c6-a232-c0dcd2013ad2@group-CF1E94495CB5: changes role from CANDIDATE to LEADER at term 1 for changeToLeader
2019-10-14 14:53:22,347 [c8b9c215-7301-42c6-a232-c0dcd2013ad2@group-CF1E94495CB5-LeaderElection90] INFO  impl.RaftServerImpl (ServerState.java:setLeader(255)) - c8b9c215-7301-42c6-a232-c0dcd2013ad2@group-CF1E94495CB5: change Leader from null to c8b9c215-7301-42c6-a232-c0dcd2013ad2 at term 1 for becomeLeader, leader elected after 5146ms
2019-10-14 14:53:22,347 [c8b9c215-7301-42c6-a232-c0dcd2013ad2@group-CF1E94495CB5-LeaderElection90] INFO  server.RaftServerConfigKeys (ConfUtils.java:logGet(43)) - raft.server.staging.catchup.gap = 1000 (default)
2019-10-14 14:53:22,347 [c8b9c215-7301-42c6-a232-c0dcd2013ad2@group-CF1E94495CB5-LeaderElection90] INFO  server.RaftServerConfigKeys (ConfUtils.java:logGet(43)) - raft.server.rpc.sleep.time = 25ms (default)
2019-10-14 14:53:22,347 [c8b9c215-7301-42c6-a232-c0dcd2013ad2@group-CF1E94495CB5-LeaderElection90] INFO  server.RaftServerConfigKeys (ConfUtils.java:logGet(43)) - raft.server.write.element-limit = 4096 (default)
2019-10-14 14:53:22,348 [c8b9c215-7301-42c6-a232-c0dcd2013ad2@group-CF1E94495CB5-LeaderElection90] INFO  server.RaftServerConfigKeys (ConfUtils.java:logGet(43)) - raft.server.watch.timeout = 10s (default)
2019-10-14 14:53:22,348 [c8b9c215-7301-42c6-a232-c0dcd2013ad2@group-CF1E94495CB5-LeaderElection90] INFO  server.RaftServerConfigKeys (ConfUtils.java:logGet(43)) - raft.server.watch.timeout.denomination = 1s (default)
2019-10-14 14:53:22,348 [c8b9c215-7301-42c6-a232-c0dcd2013ad2@group-CF1E94495CB5-LeaderElection90] INFO  server.RaftServerConfigKeys (ConfUtils.java:logGet(43)) - raft.server.watch.element-limit = 65536 (default)
2019-10-14 14:53:22,350 [c8b9c215-7301-42c6-a232-c0dcd2013ad2@group-CF1E94495CB5-LeaderElection90] INFO  impl.RoleInfo (RoleInfo.java:updateAndGet(143)) - c8b9c215-7301-42c6-a232-c0dcd2013ad2: start LeaderState
2019-10-14 14:53:22,350 [c8b9c215-7301-42c6-a232-c0dcd2013ad2@group-CF1E94495CB5-LeaderElection90] INFO  segmented.SegmentedRaftLogWorker (SegmentedRaftLogWorker.java:startLogSegment(385)) - c8b9c215-7301-42c6-a232-c0dcd2013ad2@group-CF1E94495CB5-SegmentedRaftLogWorker: Starting segment from index:0
2019-10-14 14:53:22,351 [a900a92b-655d-4b38-b2a7-005a0160de6c@group-E434D752855D-SegmentedRaftLogWorker] INFO  segmented.SegmentedRaftLogWorker (SegmentedRaftLogWorker.java:execute(574)) - a900a92b-655d-4b38-b2a7-005a0160de6c@group-E434D752855D-SegmentedRaftLogWorker: created new log segment /workdir/hadoop-ozone/integration-test/target/test-dir/MiniOzoneClusterImpl-6edfac56-16c0-4f4f-8fb1-01b101fde067/datanode-3/data/ratis/e705f022-e126-400b-bd1a-e434d752855d/current/log_inprogress_0
2019-10-14 14:53:22,351 [a900a92b-655d-4b38-b2a7-005a0160de6c@group-10B1ECEE6B59-LeaderElection91] INFO  impl.LeaderElection (LeaderElection.java:askForVotes(178)) - a900a92b-655d-4b38-b2a7-005a0160de6c@group-10B1ECEE6B59-LeaderElection91: begin an election at term 1 for -1: [c8b9c215-7301-42c6-a232-c0dcd2013ad2:192.168.157.234:44167, a900a92b-655d-4b38-b2a7-005a0160de6c:192.168.157.234:42664, 3c3ff023-6cae-4d72-ad6d-ca140069573b:192.168.157.234:37150], old=null
2019-10-14 14:53:22,351 [c8b9c215-7301-42c6-a232-c0dcd2013ad2@group-CF1E94495CB5-LeaderElection90] INFO  impl.RaftServerImpl (ServerState.java:setRaftConf(356)) - c8b9c215-7301-42c6-a232-c0dcd2013ad2@group-CF1E94495CB5: set configuration 0: [c8b9c215-7301-42c6-a232-c0dcd2013ad2:192.168.157.234:44167], old=null at 0
2019-10-14 14:53:22,351 [3c3ff023-6cae-4d72-ad6d-ca140069573b@group-4D549EC43631-SegmentedRaftLogWorker] INFO  segmented.SegmentedRaftLogWorker (SegmentedRaftLogWorker.java:execute(574)) - 3c3ff023-6cae-4d72-ad6d-ca140069573b@group-4D549EC43631-SegmentedRaftLogWorker: created new log segment /workdir/hadoop-ozone/integration-test/target/test-dir/MiniOzoneClusterImpl-6edfac56-16c0-4f4f-8fb1-01b101fde067/datanode-4/data/ratis/5f9c7247-ff85-4bc7-99eb-4d549ec43631/current/log_inprogress_0
2019-10-14 14:53:22,380 [Thread-2371] INFO  impl.FollowerState (FollowerState.java:run(108)) - 3c3ff023-6cae-4d72-ad6d-ca140069573b@group-10B1ECEE6B59-FollowerState: change to CANDIDATE, lastRpcTime:5096ms, electionTimeout:5073ms
2019-10-14 14:53:22,380 [Thread-2371] INFO  impl.RoleInfo (RoleInfo.java:shutdownFollowerState(121)) - 3c3ff023-6cae-4d72-ad6d-ca140069573b: shutdown FollowerState
2019-10-14 14:53:22,380 [Thread-2371] INFO  impl.RaftServerImpl (RaftServerImpl.java:setRole(170)) - 3c3ff023-6cae-4d72-ad6d-ca140069573b@group-10B1ECEE6B59: changes role from  FOLLOWER to CANDIDATE at term 0 for changeToCandidate
2019-10-14 14:53:22,380 [Thread-2371] INFO  impl.RoleInfo (RoleInfo.java:updateAndGet(143)) - 3c3ff023-6cae-4d72-ad6d-ca140069573b: start LeaderElection
2019-10-14 14:53:22,391 [c8b9c215-7301-42c6-a232-c0dcd2013ad2@group-CF1E94495CB5-SegmentedRaftLogWorker] INFO  segmented.SegmentedRaftLogWorker (SegmentedRaftLogWorker.java:execute(574)) - c8b9c215-7301-42c6-a232-c0dcd2013ad2@group-CF1E94495CB5-SegmentedRaftLogWorker: created new log segment /workdir/hadoop-ozone/integration-test/target/test-dir/MiniOzoneClusterImpl-6edfac56-16c0-4f4f-8fb1-01b101fde067/datanode-5/data/ratis/e3819693-13a5-4161-a552-cf1e94495cb5/current/log_inprogress_0
2019-10-14 14:53:22,397 [grpc-default-executor-12] INFO  impl.RaftServerImpl (RaftServerImpl.java:setRole(170)) - c8b9c215-7301-42c6-a232-c0dcd2013ad2@group-10B1ECEE6B59: changes role from  FOLLOWER to FOLLOWER at term 1 for recognizeCandidate:a900a92b-655d-4b38-b2a7-005a0160de6c
2019-10-14 14:53:22,397 [grpc-default-executor-12] INFO  impl.RoleInfo (RoleInfo.java:shutdownFollowerState(121)) - c8b9c215-7301-42c6-a232-c0dcd2013ad2: shutdown FollowerState
2019-10-14 14:53:22,397 [grpc-default-executor-12] INFO  impl.RoleInfo (RoleInfo.java:updateAndGet(143)) - c8b9c215-7301-42c6-a232-c0dcd2013ad2: start FollowerState
2019-10-14 14:53:22,397 [Thread-2372] INFO  impl.FollowerState (FollowerState.java:run(117)) - c8b9c215-7301-42c6-a232-c0dcd2013ad2@group-10B1ECEE6B59-FollowerState was interrupted: java.lang.InterruptedException: sleep interrupted
2019-10-14 14:53:22,404 [3c3ff023-6cae-4d72-ad6d-ca140069573b@group-10B1ECEE6B59-LeaderElection92] INFO  impl.LeaderElection (LeaderElection.java:askForVotes(178)) - 3c3ff023-6cae-4d72-ad6d-ca140069573b@group-10B1ECEE6B59-LeaderElection92: begin an election at term 1 for -1: [c8b9c215-7301-42c6-a232-c0dcd2013ad2:192.168.157.234:44167, a900a92b-655d-4b38-b2a7-005a0160de6c:192.168.157.234:42664, 3c3ff023-6cae-4d72-ad6d-ca140069573b:192.168.157.234:37150], old=null
2019-10-14 14:53:22,405 [a900a92b-655d-4b38-b2a7-005a0160de6c@group-10B1ECEE6B59-LeaderElection91] INFO  impl.LeaderElection (LeaderElection.java:logAndReturn(56)) - a900a92b-655d-4b38-b2a7-005a0160de6c@group-10B1ECEE6B59-LeaderElection91: Election PASSED; received 1 response(s) [a900a92b-655d-4b38-b2a7-005a0160de6c<-c8b9c215-7301-42c6-a232-c0dcd2013ad2#0:OK-t1] and 0 exception(s); a900a92b-655d-4b38-b2a7-005a0160de6c@group-10B1ECEE6B59:t1, leader=null, voted=a900a92b-655d-4b38-b2a7-005a0160de6c, raftlog=a900a92b-655d-4b38-b2a7-005a0160de6c@group-10B1ECEE6B59-SegmentedRaftLog:OPENED:c-1,f-1,i0, conf=-1: [c8b9c215-7301-42c6-a232-c0dcd2013ad2:192.168.157.234:44167, a900a92b-655d-4b38-b2a7-005a0160de6c:192.168.157.234:42664, 3c3ff023-6cae-4d72-ad6d-ca140069573b:192.168.157.234:37150], old=null
2019-10-14 14:53:22,406 [a900a92b-655d-4b38-b2a7-005a0160de6c@group-10B1ECEE6B59-LeaderElection91] INFO  impl.RoleInfo (RoleInfo.java:shutdownLeaderElection(134)) - a900a92b-655d-4b38-b2a7-005a0160de6c: shutdown LeaderElection
2019-10-14 14:53:22,406 [a900a92b-655d-4b38-b2a7-005a0160de6c@group-10B1ECEE6B59-LeaderElection91] INFO  impl.RaftServerImpl (RaftServerImpl.java:setRole(170)) - a900a92b-655d-4b38-b2a7-005a0160de6c@group-10B1ECEE6B59: changes role from CANDIDATE to LEADER at term 1 for changeToLeader
2019-10-14 14:53:22,406 [a900a92b-655d-4b38-b2a7-005a0160de6c@group-10B1ECEE6B59-LeaderElection91] INFO  impl.RaftServerImpl (ServerState.java:setLeader(255)) - a900a92b-655d-4b38-b2a7-005a0160de6c@group-10B1ECEE6B59: change Leader from null to a900a92b-655d-4b38-b2a7-005a0160de6c at term 1 for becomeLeader, leader elected after 5131ms
2019-10-14 14:53:22,406 [a900a92b-655d-4b38-b2a7-005a0160de6c@group-10B1ECEE6B59-LeaderElection91] INFO  server.RaftServerConfigKeys (ConfUtils.java:logGet(43)) - raft.server.staging.catchup.gap = 1000 (default)
2019-10-14 14:53:22,406 [a900a92b-655d-4b38-b2a7-005a0160de6c@group-10B1ECEE6B59-LeaderElection91] INFO  server.RaftServerConfigKeys (ConfUtils.java:logGet(43)) - raft.server.rpc.sleep.time = 25ms (default)
2019-10-14 14:53:22,406 [a900a92b-655d-4b38-b2a7-005a0160de6c@group-10B1ECEE6B59-LeaderElection91] INFO  server.RaftServerConfigKeys (ConfUtils.java:logGet(43)) - raft.server.write.element-limit = 4096 (default)
2019-10-14 14:53:22,407 [a900a92b-655d-4b38-b2a7-005a0160de6c@group-10B1ECEE6B59-LeaderElection91] INFO  server.RaftServerConfigKeys (ConfUtils.java:logGet(43)) - raft.server.watch.timeout = 10s (default)
2019-10-14 14:53:22,407 [a900a92b-655d-4b38-b2a7-005a0160de6c@group-10B1ECEE6B59-LeaderElection91] INFO  server.RaftServerConfigKeys (ConfUtils.java:logGet(43)) - raft.server.watch.timeout.denomination = 1s (default)
2019-10-14 14:53:22,407 [a900a92b-655d-4b38-b2a7-005a0160de6c@group-10B1ECEE6B59-LeaderElection91] INFO  server.RaftServerConfigKeys (ConfUtils.java:logGet(43)) - raft.server.watch.element-limit = 65536 (default)
2019-10-14 14:53:22,415 [a900a92b-655d-4b38-b2a7-005a0160de6c@group-10B1ECEE6B59-LeaderElection91] INFO  server.RaftServerConfigKeys (ConfUtils.java:logGet(43)) - raft.server.log.appender.snapshot.chunk.size.max = 16MB (=16777216) (default)
2019-10-14 14:53:22,415 [a900a92b-655d-4b38-b2a7-005a0160de6c@group-10B1ECEE6B59-LeaderElection91] INFO  server.RaftServerConfigKeys (ConfUtils.java:logGet(43)) - raft.server.log.appender.buffer.byte-limit = 33554432 (custom)
2019-10-14 14:53:22,415 [a900a92b-655d-4b38-b2a7-005a0160de6c@group-10B1ECEE6B59-LeaderElection91] INFO  server.RaftServerConfigKeys (ConfUtils.java:logGet(43)) - raft.server.log.appender.buffer.element-limit = 1 (custom)
2019-10-14 14:53:22,416 [a900a92b-655d-4b38-b2a7-005a0160de6c@group-10B1ECEE6B59-LeaderElection91] INFO  grpc.GrpcConfigKeys$Server (ConfUtils.java:logGet(43)) - raft.grpc.server.leader.outstanding.appends.max = 128 (default)
2019-10-14 14:53:22,416 [a900a92b-655d-4b38-b2a7-005a0160de6c@group-10B1ECEE6B59-LeaderElection91] INFO  server.RaftServerConfigKeys (ConfUtils.java:logGet(43)) - raft.server.rpc.request.timeout = 3000ms (default)
2019-10-14 14:53:22,416 [a900a92b-655d-4b38-b2a7-005a0160de6c@group-10B1ECEE6B59-LeaderElection91] INFO  server.RaftServerConfigKeys (ConfUtils.java:logGet(43)) - raft.server.log.appender.install.snapshot.enabled = false (custom)
2019-10-14 14:53:22,419 [a900a92b-655d-4b38-b2a7-005a0160de6c@group-10B1ECEE6B59-LeaderElection91] INFO  server.RaftServerConfigKeys (ConfUtils.java:logGet(43)) - raft.server.log.appender.snapshot.chunk.size.max = 16MB (=16777216) (default)
2019-10-14 14:53:22,419 [a900a92b-655d-4b38-b2a7-005a0160de6c@group-10B1ECEE6B59-LeaderElection91] INFO  server.RaftServerConfigKeys (ConfUtils.java:logGet(43)) - raft.server.log.appender.buffer.byte-limit = 33554432 (custom)
2019-10-14 14:53:22,420 [a900a92b-655d-4b38-b2a7-005a0160de6c@group-10B1ECEE6B59-LeaderElection91] INFO  server.RaftServerConfigKeys (ConfUtils.java:logGet(43)) - raft.server.log.appender.buffer.element-limit = 1 (custom)
2019-10-14 14:53:22,420 [a900a92b-655d-4b38-b2a7-005a0160de6c@group-10B1ECEE6B59-LeaderElection91] INFO  grpc.GrpcConfigKeys$Server (ConfUtils.java:logGet(43)) - raft.grpc.server.leader.outstanding.appends.max = 128 (default)
2019-10-14 14:53:22,420 [a900a92b-655d-4b38-b2a7-005a0160de6c@group-10B1ECEE6B59-LeaderElection91] INFO  server.RaftServerConfigKeys (ConfUtils.java:logGet(43)) - raft.server.rpc.request.timeout = 3000ms (default)
2019-10-14 14:53:22,420 [a900a92b-655d-4b38-b2a7-005a0160de6c@group-10B1ECEE6B59-LeaderElection91] INFO  server.RaftServerConfigKeys (ConfUtils.java:logGet(43)) - raft.server.log.appender.install.snapshot.enabled = false (custom)
2019-10-14 14:53:22,420 [a900a92b-655d-4b38-b2a7-005a0160de6c@group-10B1ECEE6B59-LeaderElection91] INFO  impl.RoleInfo (RoleInfo.java:updateAndGet(143)) - a900a92b-655d-4b38-b2a7-005a0160de6c: start LeaderState
2019-10-14 14:53:22,420 [a900a92b-655d-4b38-b2a7-005a0160de6c@group-10B1ECEE6B59-LeaderElection91] INFO  segmented.SegmentedRaftLogWorker (SegmentedRaftLogWorker.java:startLogSegment(385)) - a900a92b-655d-4b38-b2a7-005a0160de6c@group-10B1ECEE6B59-SegmentedRaftLogWorker: Starting segment from index:0
2019-10-14 14:53:22,421 [a900a92b-655d-4b38-b2a7-005a0160de6c@group-10B1ECEE6B59-LeaderElection91] INFO  impl.RaftServerImpl (ServerState.java:setRaftConf(356)) - a900a92b-655d-4b38-b2a7-005a0160de6c@group-10B1ECEE6B59: set configuration 0: [c8b9c215-7301-42c6-a232-c0dcd2013ad2:192.168.157.234:44167, a900a92b-655d-4b38-b2a7-005a0160de6c:192.168.157.234:42664, 3c3ff023-6cae-4d72-ad6d-ca140069573b:192.168.157.234:37150], old=null at 0
2019-10-14 14:53:22,421 [grpc-default-executor-7] INFO  impl.RaftServerImpl (RaftServerImpl.java:requestVote(754)) - a900a92b-655d-4b38-b2a7-005a0160de6c@group-10B1ECEE6B59-   LEADER: Withhold vote from candidate 3c3ff023-6cae-4d72-ad6d-ca140069573b with term 1. State: leader=a900a92b-655d-4b38-b2a7-005a0160de6c, term=1, lastRpcElapsed=null
2019-10-14 14:53:22,422 [grpc-default-executor-0] INFO  impl.RaftServerImpl (ServerState.java:setLeader(255)) - c8b9c215-7301-42c6-a232-c0dcd2013ad2@group-10B1ECEE6B59: change Leader from null to a900a92b-655d-4b38-b2a7-005a0160de6c at term 1 for appendEntries, leader elected after 5147ms
2019-10-14 14:53:22,423 [grpc-default-executor-7] INFO  impl.RaftServerImpl (RaftServerImpl.java:setRole(170)) - 3c3ff023-6cae-4d72-ad6d-ca140069573b@group-10B1ECEE6B59: changes role from CANDIDATE to FOLLOWER at term 1 for appendEntries
2019-10-14 14:53:22,423 [grpc-default-executor-7] INFO  impl.RoleInfo (RoleInfo.java:shutdownLeaderElection(134)) - 3c3ff023-6cae-4d72-ad6d-ca140069573b: shutdown LeaderElection
2019-10-14 14:53:22,423 [3c3ff023-6cae-4d72-ad6d-ca140069573b@group-10B1ECEE6B59-LeaderElection92] INFO  impl.LeaderElection (LeaderElection.java:logAndReturn(56)) - 3c3ff023-6cae-4d72-ad6d-ca140069573b@group-10B1ECEE6B59-LeaderElection92: Election REJECTED; received 2 response(s) [3c3ff023-6cae-4d72-ad6d-ca140069573b<-c8b9c215-7301-42c6-a232-c0dcd2013ad2#0:FAIL-t1, 3c3ff023-6cae-4d72-ad6d-ca140069573b<-a900a92b-655d-4b38-b2a7-005a0160de6c#0:FAIL-t1] and 0 exception(s); 3c3ff023-6cae-4d72-ad6d-ca140069573b@group-10B1ECEE6B59:t1, leader=null, voted=3c3ff023-6cae-4d72-ad6d-ca140069573b, raftlog=3c3ff023-6cae-4d72-ad6d-ca140069573b@group-10B1ECEE6B59-SegmentedRaftLog:OPENED:c-1,f-1,i0, conf=-1: [c8b9c215-7301-42c6-a232-c0dcd2013ad2:192.168.157.234:44167, a900a92b-655d-4b38-b2a7-005a0160de6c:192.168.157.234:42664, 3c3ff023-6cae-4d72-ad6d-ca140069573b:192.168.157.234:37150], old=null
2019-10-14 14:53:22,423 [grpc-default-executor-7] INFO  impl.RoleInfo (RoleInfo.java:updateAndGet(143)) - 3c3ff023-6cae-4d72-ad6d-ca140069573b: start FollowerState
2019-10-14 14:53:22,424 [grpc-default-executor-7] INFO  impl.RaftServerImpl (ServerState.java:setLeader(255)) - 3c3ff023-6cae-4d72-ad6d-ca140069573b@group-10B1ECEE6B59: change Leader from null to a900a92b-655d-4b38-b2a7-005a0160de6c at term 1 for appendEntries, leader elected after 5149ms
2019-10-14 14:53:22,424 [grpc-default-executor-12] INFO  impl.RaftServerImpl (ServerState.java:setRaftConf(356)) - c8b9c215-7301-42c6-a232-c0dcd2013ad2@group-10B1ECEE6B59: set configuration 0: [c8b9c215-7301-42c6-a232-c0dcd2013ad2:192.168.157.234:44167, a900a92b-655d-4b38-b2a7-005a0160de6c:192.168.157.234:42664, 3c3ff023-6cae-4d72-ad6d-ca140069573b:192.168.157.234:37150], old=null at 0
2019-10-14 14:53:22,425 [grpc-default-executor-12] INFO  segmented.SegmentedRaftLogWorker (SegmentedRaftLogWorker.java:startLogSegment(385)) - c8b9c215-7301-42c6-a232-c0dcd2013ad2@group-10B1ECEE6B59-SegmentedRaftLogWorker: Starting segment from index:0
2019-10-14 14:53:22,426 [grpc-default-executor-12] INFO  impl.RaftServerImpl (ServerState.java:setRaftConf(356)) - 3c3ff023-6cae-4d72-ad6d-ca140069573b@group-10B1ECEE6B59: set configuration 0: [c8b9c215-7301-42c6-a232-c0dcd2013ad2:192.168.157.234:44167, a900a92b-655d-4b38-b2a7-005a0160de6c:192.168.157.234:42664, 3c3ff023-6cae-4d72-ad6d-ca140069573b:192.168.157.234:37150], old=null at 0
2019-10-14 14:53:22,426 [grpc-default-executor-12] INFO  segmented.SegmentedRaftLogWorker (SegmentedRaftLogWorker.java:startLogSegment(385)) - 3c3ff023-6cae-4d72-ad6d-ca140069573b@group-10B1ECEE6B59-SegmentedRaftLogWorker: Starting segment from index:0
2019-10-14 14:53:22,454 [a900a92b-655d-4b38-b2a7-005a0160de6c@group-10B1ECEE6B59-SegmentedRaftLogWorker] INFO  segmented.SegmentedRaftLogWorker (SegmentedRaftLogWorker.java:execute(574)) - a900a92b-655d-4b38-b2a7-005a0160de6c@group-10B1ECEE6B59-SegmentedRaftLogWorker: created new log segment /workdir/hadoop-ozone/integration-test/target/test-dir/MiniOzoneClusterImpl-6edfac56-16c0-4f4f-8fb1-01b101fde067/datanode-3/data/ratis/f0f60754-5cec-4971-b033-10b1ecee6b59/current/log_inprogress_0
2019-10-14 14:53:22,470 [3c3ff023-6cae-4d72-ad6d-ca140069573b@group-10B1ECEE6B59-SegmentedRaftLogWorker] INFO  segmented.SegmentedRaftLogWorker (SegmentedRaftLogWorker.java:execute(574)) - 3c3ff023-6cae-4d72-ad6d-ca140069573b@group-10B1ECEE6B59-SegmentedRaftLogWorker: created new log segment /workdir/hadoop-ozone/integration-test/target/test-dir/MiniOzoneClusterImpl-6edfac56-16c0-4f4f-8fb1-01b101fde067/datanode-4/data/ratis/f0f60754-5cec-4971-b033-10b1ecee6b59/current/log_inprogress_0
2019-10-14 14:53:22,470 [c8b9c215-7301-42c6-a232-c0dcd2013ad2@group-10B1ECEE6B59-SegmentedRaftLogWorker] INFO  segmented.SegmentedRaftLogWorker (SegmentedRaftLogWorker.java:execute(574)) - c8b9c215-7301-42c6-a232-c0dcd2013ad2@group-10B1ECEE6B59-SegmentedRaftLogWorker: created new log segment /workdir/hadoop-ozone/integration-test/target/test-dir/MiniOzoneClusterImpl-6edfac56-16c0-4f4f-8fb1-01b101fde067/datanode-5/data/ratis/f0f60754-5cec-4971-b033-10b1ecee6b59/current/log_inprogress_0
2019-10-14 14:53:22,601 [Thread-2453] INFO  client.GrpcClientProtocolService (GrpcClientProtocolService.java:lambda$processClientRequest$0(278)) - Failed RaftClientRequest:client-C2B53465881A->c6492fef-5352-4ee4-a298-3337cbd3b3a1@group-D21656EABB7E, cid=68, seq=0, Watch-MAJORITY_COMMITTED(38), Message:<EMPTY>, reply=RaftClientReply:client-C2B53465881A->c6492fef-5352-4ee4-a298-3337cbd3b3a1@group-D21656EABB7E, cid=68, FAILED org.apache.ratis.protocol.NotReplicatedException: Request with call Id 68 and log index 38 is not yet replicated to MAJORITY_COMMITTED, logIndex=38, commits[c6492fef-5352-4ee4-a298-3337cbd3b3a1:c2, 25f80a8f-1a6f-414e-a49c-3d3c61aacfaa:c2, 197a08cb-7e32-46b6-9731-300bf29c37bf:c2]
2019-10-14 14:53:22,601 [Thread-2454] INFO  client.GrpcClientProtocolService (GrpcClientProtocolService.java:lambda$processClientRequest$0(278)) - Failed RaftClientRequest:client-C2B53465881A->c6492fef-5352-4ee4-a298-3337cbd3b3a1@group-D21656EABB7E, cid=67, seq=0, Watch-ALL_COMMITTED(38), Message:<EMPTY>, reply=RaftClientReply:client-C2B53465881A->c6492fef-5352-4ee4-a298-3337cbd3b3a1@group-D21656EABB7E, cid=67, FAILED org.apache.ratis.protocol.NotReplicatedException: Request with call Id 67 and log index 38 is not yet replicated to ALL_COMMITTED, logIndex=38, commits[c6492fef-5352-4ee4-a298-3337cbd3b3a1:c2, 25f80a8f-1a6f-414e-a49c-3d3c61aacfaa:c2, 197a08cb-7e32-46b6-9731-300bf29c37bf:c2]
2019-10-14 14:53:23,376 [grpc-default-executor-0] WARN  server.GrpcLogAppender (LogUtils.java:warn(134)) - c6492fef-5352-4ee4-a298-3337cbd3b3a1@group-D21656EABB7E->25f80a8f-1a6f-414e-a49c-3d3c61aacfaa-AppendLogResponseHandler: Failed appendEntries: org.apache.ratis.thirdparty.io.grpc.StatusRuntimeException: UNAVAILABLE: io exception
2019-10-14 14:53:23,376 [grpc-default-executor-12] WARN  server.GrpcLogAppender (LogUtils.java:warn(134)) - c6492fef-5352-4ee4-a298-3337cbd3b3a1@group-D21656EABB7E->197a08cb-7e32-46b6-9731-300bf29c37bf-AppendLogResponseHandler: Failed appendEntries: org.apache.ratis.thirdparty.io.grpc.StatusRuntimeException: UNAVAILABLE: io exception
2019-10-14 14:53:23,377 [grpc-default-executor-0] INFO  impl.FollowerInfo (FollowerInfo.java:lambda$new$0(51)) - c6492fef-5352-4ee4-a298-3337cbd3b3a1@group-D21656EABB7E->25f80a8f-1a6f-414e-a49c-3d3c61aacfaa: nextIndex: updateUnconditionally 0 -> 0
2019-10-14 14:53:23,377 [grpc-default-executor-12] INFO  impl.FollowerInfo (FollowerInfo.java:lambda$new$0(51)) - c6492fef-5352-4ee4-a298-3337cbd3b3a1@group-D21656EABB7E->197a08cb-7e32-46b6-9731-300bf29c37bf: nextIndex: updateUnconditionally 0 -> 0
2019-10-14 14:53:25,882 [grpc-default-executor-0] WARN  server.GrpcLogAppender (LogUtils.java:warn(134)) - c6492fef-5352-4ee4-a298-3337cbd3b3a1@group-D21656EABB7E->197a08cb-7e32-46b6-9731-300bf29c37bf-AppendLogResponseHandler: Failed appendEntries: org.apache.ratis.thirdparty.io.grpc.StatusRuntimeException: UNAVAILABLE: io exception
2019-10-14 14:53:25,882 [grpc-default-executor-7] WARN  server.GrpcLogAppender (LogUtils.java:warn(134)) - c6492fef-5352-4ee4-a298-3337cbd3b3a1@group-D21656EABB7E->25f80a8f-1a6f-414e-a49c-3d3c61aacfaa-AppendLogResponseHandler: Failed appendEntries: org.apache.ratis.thirdparty.io.grpc.StatusRuntimeException: UNAVAILABLE: io exception
2019-10-14 14:53:25,884 [grpc-default-executor-7] INFO  impl.FollowerInfo (FollowerInfo.java:lambda$new$0(51)) - c6492fef-5352-4ee4-a298-3337cbd3b3a1@group-D21656EABB7E->25f80a8f-1a6f-414e-a49c-3d3c61aacfaa: nextIndex: updateUnconditionally 0 -> 0
2019-10-14 14:53:25,884 [grpc-default-executor-0] INFO  impl.FollowerInfo (FollowerInfo.java:lambda$new$0(51)) - c6492fef-5352-4ee4-a298-3337cbd3b3a1@group-D21656EABB7E->197a08cb-7e32-46b6-9731-300bf29c37bf: nextIndex: updateUnconditionally 0 -> 0
2019-10-14 14:53:27,575 [Datanode State Machine Thread - 0] INFO  statemachine.DatanodeStateMachine (DatanodeStateMachine.java:lambda$startDaemon$0(350)) - Ozone container server started.
2019-10-14 14:53:27,576 [main] INFO  ozoneimpl.OzoneContainer (OzoneContainer.java:stop(227)) - Attempting to stop container services.
2019-10-14 14:53:27,577 [main] INFO  impl.RaftServerProxy (RaftServerProxy.java:lambda$close$4(314)) - da1a0aa5-dc43-4a9c-99fb-ffaf5071ca0c: close
2019-10-14 14:53:27,577 [main] INFO  impl.RaftServerImpl (RaftServerImpl.java:lambda$shutdown$3(247)) - da1a0aa5-dc43-4a9c-99fb-ffaf5071ca0c@group-21F17C6318F9: shutdown
2019-10-14 14:53:27,578 [ForkJoinPool.commonPool-worker-0] INFO  impl.RaftServerImpl (RaftServerImpl.java:lambda$shutdown$3(247)) - da1a0aa5-dc43-4a9c-99fb-ffaf5071ca0c@group-4E554C71D71E: shutdown
2019-10-14 14:53:27,578 [main] INFO  util.JmxRegister (JmxRegister.java:unregister(73)) - Successfully un-registered JMX Bean with object name Ratis:service=RaftServer,group=group-21F17C6318F9,id=da1a0aa5-dc43-4a9c-99fb-ffaf5071ca0c
2019-10-14 14:53:27,578 [ForkJoinPool.commonPool-worker-0] INFO  util.JmxRegister (JmxRegister.java:unregister(73)) - Successfully un-registered JMX Bean with object name Ratis:service=RaftServer,group=group-4E554C71D71E,id=da1a0aa5-dc43-4a9c-99fb-ffaf5071ca0c
2019-10-14 14:53:27,578 [main] INFO  impl.RoleInfo (RoleInfo.java:shutdownLeaderState(104)) - da1a0aa5-dc43-4a9c-99fb-ffaf5071ca0c: shutdown LeaderState
2019-10-14 14:53:27,578 [ForkJoinPool.commonPool-worker-0] INFO  impl.RoleInfo (RoleInfo.java:shutdownLeaderState(104)) - da1a0aa5-dc43-4a9c-99fb-ffaf5071ca0c: shutdown LeaderState
2019-10-14 14:53:27,579 [main] INFO  impl.PendingRequests (PendingRequests.java:sendNotLeaderResponses(202)) - da1a0aa5-dc43-4a9c-99fb-ffaf5071ca0c@group-21F17C6318F9-PendingRequests: sendNotLeaderResponses
2019-10-14 14:53:27,587 [org.apache.ratis.server.impl.LogAppender$AppenderDaemon$$Lambda$569/622612080@d6105d6] WARN  server.GrpcLogAppender (GrpcLogAppender.java:mayWait(143)) - da1a0aa5-dc43-4a9c-99fb-ffaf5071ca0c@group-4E554C71D71E->60d30bb1-7629-4dfa-99ed-756c1a7d77a0-GrpcLogAppender: Wait interrupted by java.lang.InterruptedException
2019-10-14 14:53:27,587 [ForkJoinPool.commonPool-worker-0] INFO  impl.PendingRequests (PendingRequests.java:sendNotLeaderResponses(202)) - da1a0aa5-dc43-4a9c-99fb-ffaf5071ca0c@group-4E554C71D71E-PendingRequests: sendNotLeaderResponses
2019-10-14 14:53:27,588 [main] INFO  impl.StateMachineUpdater (StateMachineUpdater.java:stopAndJoin(136)) - da1a0aa5-dc43-4a9c-99fb-ffaf5071ca0c@group-21F17C6318F9-StateMachineUpdater: set stopIndex = 0
2019-10-14 14:53:27,588 [org.apache.ratis.server.impl.LogAppender$AppenderDaemon$$Lambda$569/622612080@6b2af64] WARN  server.GrpcLogAppender (GrpcLogAppender.java:mayWait(143)) - da1a0aa5-dc43-4a9c-99fb-ffaf5071ca0c@group-4E554C71D71E->23092ddc-1411-47f8-aab1-b577f5063db3-GrpcLogAppender: Wait interrupted by java.lang.InterruptedException
2019-10-14 14:53:27,607 [grpc-default-executor-0] INFO  server.GrpcServerProtocolService (GrpcServerProtocolService.java:onCompleted(113)) - 60d30bb1-7629-4dfa-99ed-756c1a7d77a0: Completed APPEND_ENTRIES, lastRequest: da1a0aa5-dc43-4a9c-99fb-ffaf5071ca0c->60d30bb1-7629-4dfa-99ed-756c1a7d77a0#5-t1, previous=(t:1, i:2), leaderCommit=2, initializing? false, entries: <empty>
2019-10-14 14:53:27,607 [main] INFO  impl.RaftServerImpl (ServerState.java:close(387)) - da1a0aa5-dc43-4a9c-99fb-ffaf5071ca0c@group-21F17C6318F9: closes. applyIndex: 0
2019-10-14 14:53:27,606 [da1a0aa5-dc43-4a9c-99fb-ffaf5071ca0c@group-4E554C71D71E-StateMachineUpdater] INFO  ratis.ContainerStateMachine (ContainerStateMachine.java:takeSnapshot(294)) - group-4E554C71D71E: Taking a snapshot at:(t:1, i:2) file /workdir/hadoop-ozone/integration-test/target/test-dir/MiniOzoneClusterImpl-6edfac56-16c0-4f4f-8fb1-01b101fde067/datanode-1/data/ratis/d9bfdcaf-6a18-4db7-82af-4e554c71d71e/sm/snapshot.1_2
2019-10-14 14:53:27,606 [ForkJoinPool.commonPool-worker-0] INFO  impl.StateMachineUpdater (StateMachineUpdater.java:stopAndJoin(136)) - da1a0aa5-dc43-4a9c-99fb-ffaf5071ca0c@group-4E554C71D71E-StateMachineUpdater: set stopIndex = 2
2019-10-14 14:53:27,608 [da1a0aa5-dc43-4a9c-99fb-ffaf5071ca0c@group-21F17C6318F9-SegmentedRaftLogWorker] INFO  segmented.SegmentedRaftLogWorker (SegmentedRaftLogWorker.java:run(316)) - da1a0aa5-dc43-4a9c-99fb-ffaf5071ca0c@group-21F17C6318F9-SegmentedRaftLogWorker was interrupted, exiting. There are 0 tasks remaining in the queue.
2019-10-14 14:53:27,608 [grpc-default-executor-7] INFO  server.GrpcLogAppender (GrpcLogAppender.java:onCompleted(293)) - da1a0aa5-dc43-4a9c-99fb-ffaf5071ca0c@group-4E554C71D71E->60d30bb1-7629-4dfa-99ed-756c1a7d77a0-AppendLogResponseHandler: follower responses appendEntries COMPLETED
2019-10-14 14:53:27,608 [grpc-default-executor-0] INFO  server.GrpcServerProtocolService (GrpcServerProtocolService.java:onCompleted(113)) - 23092ddc-1411-47f8-aab1-b577f5063db3: Completed APPEND_ENTRIES, lastRequest: da1a0aa5-dc43-4a9c-99fb-ffaf5071ca0c->23092ddc-1411-47f8-aab1-b577f5063db3#5-t1, previous=(t:1, i:2), leaderCommit=2, initializing? false, entries: <empty>
2019-10-14 14:53:27,613 [grpc-default-executor-0] INFO  server.GrpcLogAppender (GrpcLogAppender.java:onCompleted(293)) - da1a0aa5-dc43-4a9c-99fb-ffaf5071ca0c@group-4E554C71D71E->23092ddc-1411-47f8-aab1-b577f5063db3-AppendLogResponseHandler: follower responses appendEntries COMPLETED
2019-10-14 14:53:27,614 [grpc-default-executor-7] INFO  impl.FollowerInfo (FollowerInfo.java:lambda$new$0(51)) - da1a0aa5-dc43-4a9c-99fb-ffaf5071ca0c@group-4E554C71D71E->60d30bb1-7629-4dfa-99ed-756c1a7d77a0: nextIndex: updateUnconditionally 3 -> 2
2019-10-14 14:53:27,614 [grpc-default-executor-0] INFO  impl.FollowerInfo (FollowerInfo.java:lambda$new$0(51)) - da1a0aa5-dc43-4a9c-99fb-ffaf5071ca0c@group-4E554C71D71E->23092ddc-1411-47f8-aab1-b577f5063db3: nextIndex: updateUnconditionally 3 -> 2
2019-10-14 14:53:27,620 [main] INFO  segmented.SegmentedRaftLogWorker (SegmentedRaftLogWorker.java:close(224)) - da1a0aa5-dc43-4a9c-99fb-ffaf5071ca0c@group-21F17C6318F9-SegmentedRaftLogWorker close()
2019-10-14 14:53:27,631 [da1a0aa5-dc43-4a9c-99fb-ffaf5071ca0c@group-4E554C71D71E-StateMachineUpdater] INFO  ratis.ContainerStateMachine (ContainerStateMachine.java:takeSnapshot(305)) - group-4E554C71D71E: Finished taking a snapshot at:(t:1, i:2) file:/workdir/hadoop-ozone/integration-test/target/test-dir/MiniOzoneClusterImpl-6edfac56-16c0-4f4f-8fb1-01b101fde067/datanode-1/data/ratis/d9bfdcaf-6a18-4db7-82af-4e554c71d71e/sm/snapshot.1_2 time:24
2019-10-14 14:53:27,631 [da1a0aa5-dc43-4a9c-99fb-ffaf5071ca0c@group-4E554C71D71E-StateMachineUpdater] INFO  impl.StateMachineUpdater (StateMachineUpdater.java:takeSnapshot(269)) - da1a0aa5-dc43-4a9c-99fb-ffaf5071ca0c@group-4E554C71D71E-StateMachineUpdater: Took a snapshot at index 2
2019-10-14 14:53:27,631 [da1a0aa5-dc43-4a9c-99fb-ffaf5071ca0c@group-4E554C71D71E-StateMachineUpdater] INFO  impl.StateMachineUpdater (StateMachineUpdater.java:lambda$new$0(84)) - da1a0aa5-dc43-4a9c-99fb-ffaf5071ca0c@group-4E554C71D71E-StateMachineUpdater: snapshotIndex: updateIncreasingly -1 -> 2
2019-10-14 14:53:27,632 [ForkJoinPool.commonPool-worker-0] INFO  impl.RaftServerImpl (ServerState.java:close(387)) - da1a0aa5-dc43-4a9c-99fb-ffaf5071ca0c@group-4E554C71D71E: closes. applyIndex: 2
2019-10-14 14:53:27,632 [da1a0aa5-dc43-4a9c-99fb-ffaf5071ca0c@group-4E554C71D71E-SegmentedRaftLogWorker] INFO  segmented.SegmentedRaftLogWorker (SegmentedRaftLogWorker.java:run(316)) - da1a0aa5-dc43-4a9c-99fb-ffaf5071ca0c@group-4E554C71D71E-SegmentedRaftLogWorker was interrupted, exiting. There are 0 tasks remaining in the queue.
2019-10-14 14:53:27,636 [ForkJoinPool.commonPool-worker-0] INFO  segmented.SegmentedRaftLogWorker (SegmentedRaftLogWorker.java:close(224)) - da1a0aa5-dc43-4a9c-99fb-ffaf5071ca0c@group-4E554C71D71E-SegmentedRaftLogWorker close()
2019-10-14 14:53:27,644 [main] INFO  server.GrpcService (GrpcService.java:closeImpl(164)) - da1a0aa5-dc43-4a9c-99fb-ffaf5071ca0c: shutdown server with port 37860 now
2019-10-14 14:53:27,644 [main] INFO  server.GrpcService (GrpcService.java:closeImpl(172)) - da1a0aa5-dc43-4a9c-99fb-ffaf5071ca0c: shutdown server with port 37860 successfully
2019-10-14 14:53:27,650 [refreshUsed-/workdir/hadoop-ozone/integration-test/target/test-dir/MiniOzoneClusterImpl-6edfac56-16c0-4f4f-8fb1-01b101fde067/datanode-1/data/containers] WARN  fs.CachingGetSpaceUsed (CachingGetSpaceUsed.java:run(183)) - Thread Interrupted waiting to refresh disk information: sleep interrupted
2019-10-14 14:53:27,672 [main] INFO  utils.BackgroundService (BackgroundService.java:shutdown(151)) - Shutting down service BlockDeletingService
2019-10-14 14:53:27,683 [main] INFO  statemachine.DatanodeStateMachine (DatanodeStateMachine.java:stopDaemon(395)) - Ozone container server stopped.
2019-10-14 14:53:27,685 [main] INFO  handler.ContextHandler (ContextHandler.java:doStop(910)) - Stopped o.e.j.w.WebAppContext@6cbb7a7d{/,null,UNAVAILABLE}{/hddsDatanode}
2019-10-14 14:53:27,686 [main] INFO  server.AbstractConnector (AbstractConnector.java:doStop(318)) - Stopped ServerConnector@cdb3c85{HTTP/1.1,[http/1.1]}{0.0.0.0:0}
2019-10-14 14:53:27,686 [main] INFO  handler.ContextHandler (ContextHandler.java:doStop(910)) - Stopped o.e.j.s.ServletContextHandler@2589d787{/static,jar:file:/home/user/.m2/repository/org/apache/hadoop/hadoop-hdds-container-service/0.5.0-SNAPSHOT/hadoop-hdds-container-service-0.5.0-SNAPSHOT.jar!/webapps/static,UNAVAILABLE}
2019-10-14 14:53:27,686 [main] INFO  handler.ContextHandler (ContextHandler.java:doStop(910)) - Stopped o.e.j.s.ServletContextHandler@8b13d91{/logs,file:///workdir/hadoop-ozone/integration-test/target/log,UNAVAILABLE}
2019-10-14 14:53:27,745 [EventQueue-StaleNodeForStaleNodeHandler] INFO  node.StaleNodeHandler (StaleNodeHandler.java:onMessage(58)) - Datanode 25f80a8f-1a6f-414e-a49c-3d3c61aacfaa{ip: 192.168.157.234, host: pr-hdds-2302-x69hs-1458597746, networkLocation: /default-rack, certSerialId: null} moved to stale state. Finalizing its pipelines [PipelineID=b786ecaf-ff3a-4680-900c-92c006e5e6cb, PipelineID=2225e6a0-3609-4d1c-94a0-d21656eabb7e]
2019-10-14 14:53:27,745 [EventQueue-StaleNodeForStaleNodeHandler] INFO  pipeline.SCMPipelineManager (SCMPipelineManager.java:finalizeAndDestroyPipeline(315)) - destroying pipeline:Pipeline[ Id: b786ecaf-ff3a-4680-900c-92c006e5e6cb, Nodes: 25f80a8f-1a6f-414e-a49c-3d3c61aacfaa{ip: 192.168.157.234, host: pr-hdds-2302-x69hs-1458597746, networkLocation: /default-rack, certSerialId: null}, Type:RATIS, Factor:ONE, State:OPEN]
2019-10-14 14:53:27,745 [EventQueue-StaleNodeForStaleNodeHandler] INFO  pipeline.PipelineStateManager (PipelineStateManager.java:finalizePipeline(123)) - Pipeline Pipeline[ Id: b786ecaf-ff3a-4680-900c-92c006e5e6cb, Nodes: 25f80a8f-1a6f-414e-a49c-3d3c61aacfaa{ip: 192.168.157.234, host: pr-hdds-2302-x69hs-1458597746, networkLocation: /default-rack, certSerialId: null}, Type:RATIS, Factor:ONE, State:CLOSED] moved to CLOSED state
2019-10-14 14:53:27,746 [EventQueue-StaleNodeForStaleNodeHandler] INFO  pipeline.SCMPipelineManager (SCMPipelineManager.java:finalizeAndDestroyPipeline(315)) - destroying pipeline:Pipeline[ Id: 2225e6a0-3609-4d1c-94a0-d21656eabb7e, Nodes: 25f80a8f-1a6f-414e-a49c-3d3c61aacfaa{ip: 192.168.157.234, host: pr-hdds-2302-x69hs-1458597746, networkLocation: /default-rack, certSerialId: null}197a08cb-7e32-46b6-9731-300bf29c37bf{ip: 192.168.157.234, host: pr-hdds-2302-x69hs-1458597746, networkLocation: /default-rack, certSerialId: null}c6492fef-5352-4ee4-a298-3337cbd3b3a1{ip: 192.168.157.234, host: pr-hdds-2302-x69hs-1458597746, networkLocation: /default-rack, certSerialId: null}, Type:RATIS, Factor:THREE, State:OPEN]
2019-10-14 14:53:27,746 [EventQueue-StaleNodeForStaleNodeHandler] INFO  pipeline.PipelineStateManager (PipelineStateManager.java:finalizePipeline(123)) - Pipeline Pipeline[ Id: 2225e6a0-3609-4d1c-94a0-d21656eabb7e, Nodes: 25f80a8f-1a6f-414e-a49c-3d3c61aacfaa{ip: 192.168.157.234, host: pr-hdds-2302-x69hs-1458597746, networkLocation: /default-rack, certSerialId: null}197a08cb-7e32-46b6-9731-300bf29c37bf{ip: 192.168.157.234, host: pr-hdds-2302-x69hs-1458597746, networkLocation: /default-rack, certSerialId: null}c6492fef-5352-4ee4-a298-3337cbd3b3a1{ip: 192.168.157.234, host: pr-hdds-2302-x69hs-1458597746, networkLocation: /default-rack, certSerialId: null}, Type:RATIS, Factor:THREE, State:CLOSED] moved to CLOSED state
2019-10-14 14:53:27,746 [EventQueue-CloseContainerForCloseContainerEventHandler] INFO  container.CloseContainerEventHandler (CloseContainerEventHandler.java:onMessage(61)) - Close container Event triggered for container : #1
2019-10-14 14:53:28,380 [grpc-default-executor-0] WARN  server.GrpcLogAppender (LogUtils.java:warn(134)) - c6492fef-5352-4ee4-a298-3337cbd3b3a1@group-D21656EABB7E->25f80a8f-1a6f-414e-a49c-3d3c61aacfaa-AppendLogResponseHandler: Failed appendEntries: org.apache.ratis.thirdparty.io.grpc.StatusRuntimeException: UNAVAILABLE: io exception
2019-10-14 14:53:28,380 [grpc-default-executor-11] WARN  server.GrpcLogAppender (LogUtils.java:warn(134)) - c6492fef-5352-4ee4-a298-3337cbd3b3a1@group-D21656EABB7E->197a08cb-7e32-46b6-9731-300bf29c37bf-AppendLogResponseHandler: Failed appendEntries: org.apache.ratis.thirdparty.io.grpc.StatusRuntimeException: UNAVAILABLE: io exception
2019-10-14 14:53:28,381 [grpc-default-executor-0] INFO  impl.FollowerInfo (FollowerInfo.java:lambda$new$0(51)) - c6492fef-5352-4ee4-a298-3337cbd3b3a1@group-D21656EABB7E->25f80a8f-1a6f-414e-a49c-3d3c61aacfaa: nextIndex: updateUnconditionally 0 -> 0
2019-10-14 14:53:28,381 [grpc-default-executor-11] INFO  impl.FollowerInfo (FollowerInfo.java:lambda$new$0(51)) - c6492fef-5352-4ee4-a298-3337cbd3b3a1@group-D21656EABB7E->197a08cb-7e32-46b6-9731-300bf29c37bf: nextIndex: updateUnconditionally 0 -> 0
2019-10-14 14:53:30,463 [grpc-default-executor-11] WARN  server.GrpcLogAppender (LogUtils.java:warn(134)) - c6492fef-5352-4ee4-a298-3337cbd3b3a1@group-D21656EABB7E->25f80a8f-1a6f-414e-a49c-3d3c61aacfaa-AppendLogResponseHandler: Failed appendEntries: org.apache.ratis.thirdparty.io.grpc.StatusRuntimeException: UNAVAILABLE: io exception
2019-10-14 14:53:30,463 [grpc-default-executor-0] WARN  server.GrpcLogAppender (LogUtils.java:warn(134)) - c6492fef-5352-4ee4-a298-3337cbd3b3a1@group-D21656EABB7E->197a08cb-7e32-46b6-9731-300bf29c37bf-AppendLogResponseHandler: Failed appendEntries: org.apache.ratis.thirdparty.io.grpc.StatusRuntimeException: UNAVAILABLE: io exception
2019-10-14 14:53:30,463 [grpc-default-executor-11] INFO  impl.FollowerInfo (FollowerInfo.java:lambda$new$0(51)) - c6492fef-5352-4ee4-a298-3337cbd3b3a1@group-D21656EABB7E->25f80a8f-1a6f-414e-a49c-3d3c61aacfaa: nextIndex: updateUnconditionally 1 -> 0
2019-10-14 14:53:30,463 [grpc-default-executor-0] INFO  impl.FollowerInfo (FollowerInfo.java:lambda$new$0(51)) - c6492fef-5352-4ee4-a298-3337cbd3b3a1@group-D21656EABB7E->197a08cb-7e32-46b6-9731-300bf29c37bf: nextIndex: updateUnconditionally 1 -> 0
2019-10-14 14:53:32,963 [grpc-default-executor-12] WARN  server.GrpcLogAppender (LogUtils.java:warn(134)) - c6492fef-5352-4ee4-a298-3337cbd3b3a1@group-D21656EABB7E->197a08cb-7e32-46b6-9731-300bf29c37bf-AppendLogResponseHandler: Failed appendEntries: org.apache.ratis.thirdparty.io.grpc.StatusRuntimeException: UNAVAILABLE: io exception
2019-10-14 14:53:32,963 [grpc-default-executor-6] WARN  server.GrpcLogAppender (LogUtils.java:warn(134)) - c6492fef-5352-4ee4-a298-3337cbd3b3a1@group-D21656EABB7E->25f80a8f-1a6f-414e-a49c-3d3c61aacfaa-AppendLogResponseHandler: Failed appendEntries: org.apache.ratis.thirdparty.io.grpc.StatusRuntimeException: UNAVAILABLE: io exception
2019-10-14 14:53:32,964 [grpc-default-executor-12] INFO  impl.FollowerInfo (FollowerInfo.java:lambda$new$0(51)) - c6492fef-5352-4ee4-a298-3337cbd3b3a1@group-D21656EABB7E->197a08cb-7e32-46b6-9731-300bf29c37bf: nextIndex: updateUnconditionally 0 -> 0
2019-10-14 14:53:32,964 [grpc-default-executor-6] INFO  impl.FollowerInfo (FollowerInfo.java:lambda$new$0(51)) - c6492fef-5352-4ee4-a298-3337cbd3b3a1@group-D21656EABB7E->25f80a8f-1a6f-414e-a49c-3d3c61aacfaa: nextIndex: updateUnconditionally 0 -> 0
2019-10-14 14:53:33,454 [EventQueue-StaleNodeForStaleNodeHandler] INFO  node.StaleNodeHandler (StaleNodeHandler.java:onMessage(58)) - Datanode 197a08cb-7e32-46b6-9731-300bf29c37bf{ip: 192.168.157.234, host: pr-hdds-2302-x69hs-1458597746, networkLocation: /default-rack, certSerialId: null} moved to stale state. Finalizing its pipelines [PipelineID=2225e6a0-3609-4d1c-94a0-d21656eabb7e, PipelineID=8ed29247-4398-4037-9301-5d52f8f7d5c1]
2019-10-14 14:53:33,454 [EventQueue-StaleNodeForStaleNodeHandler] INFO  pipeline.SCMPipelineManager (SCMPipelineManager.java:finalizeAndDestroyPipeline(315)) - destroying pipeline:Pipeline[ Id: 2225e6a0-3609-4d1c-94a0-d21656eabb7e, Nodes: 25f80a8f-1a6f-414e-a49c-3d3c61aacfaa{ip: 192.168.157.234, host: pr-hdds-2302-x69hs-1458597746, networkLocation: /default-rack, certSerialId: null}197a08cb-7e32-46b6-9731-300bf29c37bf{ip: 192.168.157.234, host: pr-hdds-2302-x69hs-1458597746, networkLocation: /default-rack, certSerialId: null}c6492fef-5352-4ee4-a298-3337cbd3b3a1{ip: 192.168.157.234, host: pr-hdds-2302-x69hs-1458597746, networkLocation: /default-rack, certSerialId: null}, Type:RATIS, Factor:THREE, State:CLOSED]
2019-10-14 14:53:33,455 [EventQueue-StaleNodeForStaleNodeHandler] INFO  pipeline.SCMPipelineManager (SCMPipelineManager.java:finalizeAndDestroyPipeline(315)) - destroying pipeline:Pipeline[ Id: 8ed29247-4398-4037-9301-5d52f8f7d5c1, Nodes: 197a08cb-7e32-46b6-9731-300bf29c37bf{ip: 192.168.157.234, host: pr-hdds-2302-x69hs-1458597746, networkLocation: /default-rack, certSerialId: null}, Type:RATIS, Factor:ONE, State:OPEN]
2019-10-14 14:53:33,455 [EventQueue-StaleNodeForStaleNodeHandler] INFO  pipeline.PipelineStateManager (PipelineStateManager.java:finalizePipeline(123)) - Pipeline Pipeline[ Id: 8ed29247-4398-4037-9301-5d52f8f7d5c1, Nodes: 197a08cb-7e32-46b6-9731-300bf29c37bf{ip: 192.168.157.234, host: pr-hdds-2302-x69hs-1458597746, networkLocation: /default-rack, certSerialId: null}, Type:RATIS, Factor:ONE, State:CLOSED] moved to CLOSED state
2019-10-14 14:53:35,464 [grpc-default-executor-0] WARN  server.GrpcLogAppender (LogUtils.java:warn(134)) - c6492fef-5352-4ee4-a298-3337cbd3b3a1@group-D21656EABB7E->197a08cb-7e32-46b6-9731-300bf29c37bf-AppendLogResponseHandler: Failed appendEntries: org.apache.ratis.thirdparty.io.grpc.StatusRuntimeException: UNAVAILABLE: io exception
2019-10-14 14:53:35,464 [grpc-default-executor-11] WARN  server.GrpcLogAppender (LogUtils.java:warn(134)) - c6492fef-5352-4ee4-a298-3337cbd3b3a1@group-D21656EABB7E->25f80a8f-1a6f-414e-a49c-3d3c61aacfaa-AppendLogResponseHandler: Failed appendEntries: org.apache.ratis.thirdparty.io.grpc.StatusRuntimeException: UNAVAILABLE: io exception
2019-10-14 14:53:35,465 [grpc-default-executor-0] INFO  impl.FollowerInfo (FollowerInfo.java:lambda$new$0(51)) - c6492fef-5352-4ee4-a298-3337cbd3b3a1@group-D21656EABB7E->197a08cb-7e32-46b6-9731-300bf29c37bf: nextIndex: updateUnconditionally 0 -> 0
2019-10-14 14:53:35,465 [grpc-default-executor-11] INFO  impl.FollowerInfo (FollowerInfo.java:lambda$new$0(51)) - c6492fef-5352-4ee4-a298-3337cbd3b3a1@group-D21656EABB7E->25f80a8f-1a6f-414e-a49c-3d3c61aacfaa: nextIndex: updateUnconditionally 0 -> 0
2019-10-14 14:53:37,324 [Thread-2408] INFO  impl.FollowerState (FollowerState.java:run(108)) - 60d30bb1-7629-4dfa-99ed-756c1a7d77a0@group-4E554C71D71E-FollowerState: change to CANDIDATE, lastRpcTime:9859ms, electionTimeout:5119ms
2019-10-14 14:53:37,324 [Thread-2408] INFO  impl.RoleInfo (RoleInfo.java:shutdownFollowerState(121)) - 60d30bb1-7629-4dfa-99ed-756c1a7d77a0: shutdown FollowerState
2019-10-14 14:53:37,325 [Thread-2408] INFO  impl.RaftServerImpl (RaftServerImpl.java:setRole(170)) - 60d30bb1-7629-4dfa-99ed-756c1a7d77a0@group-4E554C71D71E: changes role from  FOLLOWER to CANDIDATE at term 1 for changeToCandidate
2019-10-14 14:53:37,325 [Thread-2408] INFO  impl.RoleInfo (RoleInfo.java:updateAndGet(143)) - 60d30bb1-7629-4dfa-99ed-756c1a7d77a0: start LeaderElection
2019-10-14 14:53:37,331 [60d30bb1-7629-4dfa-99ed-756c1a7d77a0@group-4E554C71D71E-LeaderElection93] INFO  impl.RaftServerImpl (ServerState.java:setLeader(255)) - 60d30bb1-7629-4dfa-99ed-756c1a7d77a0@group-4E554C71D71E: change Leader from da1a0aa5-dc43-4a9c-99fb-ffaf5071ca0c to null at term 1 for initElection
2019-10-14 14:53:37,357 [60d30bb1-7629-4dfa-99ed-756c1a7d77a0@group-4E554C71D71E-LeaderElection93] INFO  impl.LeaderElection (LeaderElection.java:askForVotes(178)) - 60d30bb1-7629-4dfa-99ed-756c1a7d77a0@group-4E554C71D71E-LeaderElection93: begin an election at term 2 for 0: [23092ddc-1411-47f8-aab1-b577f5063db3:192.168.157.234:44805, 60d30bb1-7629-4dfa-99ed-756c1a7d77a0:192.168.157.234:46768, da1a0aa5-dc43-4a9c-99fb-ffaf5071ca0c:192.168.157.234:37860], old=null
2019-10-14 14:53:37,361 [60d30bb1-7629-4dfa-99ed-756c1a7d77a0@group-4E554C71D71E-LeaderElection93] INFO  impl.LeaderElection (LogUtils.java:infoOrTrace(149)) - 60d30bb1-7629-4dfa-99ed-756c1a7d77a0@group-4E554C71D71E-LeaderElection93 got exception when requesting votes: {}
java.util.concurrent.ExecutionException: org.apache.ratis.thirdparty.io.grpc.StatusRuntimeException: UNAVAILABLE: io exception
	at java.util.concurrent.FutureTask.report(FutureTask.java:122)
	at java.util.concurrent.FutureTask.get(FutureTask.java:192)
	at org.apache.ratis.server.impl.LeaderElection.waitForResults(LeaderElection.java:259)
	at org.apache.ratis.server.impl.LeaderElection.askForVotes(LeaderElection.java:197)
	at org.apache.ratis.server.impl.LeaderElection.run(LeaderElection.java:133)
	at java.lang.Thread.run(Thread.java:748)
Caused by: org.apache.ratis.thirdparty.io.grpc.StatusRuntimeException: UNAVAILABLE: io exception
	at org.apache.ratis.thirdparty.io.grpc.stub.ClientCalls.toStatusRuntimeException(ClientCalls.java:233)
	at org.apache.ratis.thirdparty.io.grpc.stub.ClientCalls.getUnchecked(ClientCalls.java:214)
	at org.apache.ratis.thirdparty.io.grpc.stub.ClientCalls.blockingUnaryCall(ClientCalls.java:139)
	at org.apache.ratis.proto.grpc.RaftServerProtocolServiceGrpc$RaftServerProtocolServiceBlockingStub.requestVote(RaftServerProtocolServiceGrpc.java:265)
	at org.apache.ratis.grpc.server.GrpcServerProtocolClient.requestVote(GrpcServerProtocolClient.java:99)
	at org.apache.ratis.grpc.server.GrpcService.requestVote(GrpcService.java:204)
	at org.apache.ratis.server.impl.LeaderElection.lambda$submitRequests$1(LeaderElection.java:234)
	at java.util.concurrent.FutureTask.run(FutureTask.java:266)
	at java.util.concurrent.Executors$RunnableAdapter.call(Executors.java:511)
	at java.util.concurrent.FutureTask.run(FutureTask.java:266)
	at java.util.concurrent.ThreadPoolExecutor.runWorker(ThreadPoolExecutor.java:1149)
	at java.util.concurrent.ThreadPoolExecutor$Worker.run(ThreadPoolExecutor.java:624)
	... 1 more
Caused by: org.apache.ratis.thirdparty.io.netty.channel.AbstractChannel$AnnotatedConnectException: Connection refused: /192.168.157.234:37860
	at sun.nio.ch.SocketChannelImpl.checkConnect(Native Method)
	at sun.nio.ch.SocketChannelImpl.finishConnect(SocketChannelImpl.java:717)
	at org.apache.ratis.thirdparty.io.netty.channel.socket.nio.NioSocketChannel.doFinishConnect(NioSocketChannel.java:327)
	at org.apache.ratis.thirdparty.io.netty.channel.nio.AbstractNioChannel$AbstractNioUnsafe.finishConnect(AbstractNioChannel.java:340)
	at org.apache.ratis.thirdparty.io.netty.channel.nio.NioEventLoop.processSelectedKey(NioEventLoop.java:632)
	at org.apache.ratis.thirdparty.io.netty.channel.nio.NioEventLoop.processSelectedKeysOptimized(NioEventLoop.java:579)
	at org.apache.ratis.thirdparty.io.netty.channel.nio.NioEventLoop.processSelectedKeys(NioEventLoop.java:496)
	at org.apache.ratis.thirdparty.io.netty.channel.nio.NioEventLoop.run(NioEventLoop.java:458)
	at org.apache.ratis.thirdparty.io.netty.util.concurrent.SingleThreadEventExecutor$5.run(SingleThreadEventExecutor.java:897)
	at org.apache.ratis.thirdparty.io.netty.util.concurrent.FastThreadLocalRunnable.run(FastThreadLocalRunnable.java:30)
	... 1 more
Caused by: java.net.ConnectException: Connection refused
	... 11 more
2019-10-14 14:53:37,363 [grpc-default-executor-11] INFO  impl.RaftServerImpl (ServerState.java:setLeader(255)) - 23092ddc-1411-47f8-aab1-b577f5063db3@group-4E554C71D71E: change Leader from da1a0aa5-dc43-4a9c-99fb-ffaf5071ca0c to null at term 2 for updateCurrentTerm
2019-10-14 14:53:37,364 [grpc-default-executor-11] INFO  impl.RaftServerImpl (RaftServerImpl.java:setRole(170)) - 23092ddc-1411-47f8-aab1-b577f5063db3@group-4E554C71D71E: changes role from  FOLLOWER to FOLLOWER at term 2 for recognizeCandidate:60d30bb1-7629-4dfa-99ed-756c1a7d77a0
2019-10-14 14:53:37,364 [grpc-default-executor-11] INFO  impl.RoleInfo (RoleInfo.java:shutdownFollowerState(121)) - 23092ddc-1411-47f8-aab1-b577f5063db3: shutdown FollowerState
2019-10-14 14:53:37,364 [grpc-default-executor-11] INFO  impl.RoleInfo (RoleInfo.java:updateAndGet(143)) - 23092ddc-1411-47f8-aab1-b577f5063db3: start FollowerState
2019-10-14 14:53:37,364 [Thread-2407] INFO  impl.FollowerState (FollowerState.java:run(117)) - 23092ddc-1411-47f8-aab1-b577f5063db3@group-4E554C71D71E-FollowerState was interrupted: java.lang.InterruptedException: sleep interrupted
2019-10-14 14:53:37,384 [60d30bb1-7629-4dfa-99ed-756c1a7d77a0@group-4E554C71D71E-LeaderElection93] INFO  impl.LeaderElection (LeaderElection.java:logAndReturn(56)) - 60d30bb1-7629-4dfa-99ed-756c1a7d77a0@group-4E554C71D71E-LeaderElection93: Election PASSED; received 1 response(s) [60d30bb1-7629-4dfa-99ed-756c1a7d77a0<-23092ddc-1411-47f8-aab1-b577f5063db3#0:OK-t2] and 1 exception(s); 60d30bb1-7629-4dfa-99ed-756c1a7d77a0@group-4E554C71D71E:t2, leader=null, voted=60d30bb1-7629-4dfa-99ed-756c1a7d77a0, raftlog=60d30bb1-7629-4dfa-99ed-756c1a7d77a0@group-4E554C71D71E-SegmentedRaftLog:OPENED:c2,f2,i2, conf=0: [23092ddc-1411-47f8-aab1-b577f5063db3:192.168.157.234:44805, 60d30bb1-7629-4dfa-99ed-756c1a7d77a0:192.168.157.234:46768, da1a0aa5-dc43-4a9c-99fb-ffaf5071ca0c:192.168.157.234:37860], old=null
2019-10-14 14:53:37,384 [60d30bb1-7629-4dfa-99ed-756c1a7d77a0@group-4E554C71D71E-LeaderElection93] INFO  impl.LeaderElection (LogUtils.java:infoOrTrace(149)) -   Exception 0: {}
java.util.concurrent.ExecutionException: org.apache.ratis.thirdparty.io.grpc.StatusRuntimeException: UNAVAILABLE: io exception
	at java.util.concurrent.FutureTask.report(FutureTask.java:122)
	at java.util.concurrent.FutureTask.get(FutureTask.java:192)
	at org.apache.ratis.server.impl.LeaderElection.waitForResults(LeaderElection.java:259)
	at org.apache.ratis.server.impl.LeaderElection.askForVotes(LeaderElection.java:197)
	at org.apache.ratis.server.impl.LeaderElection.run(LeaderElection.java:133)
	at java.lang.Thread.run(Thread.java:748)
Caused by: org.apache.ratis.thirdparty.io.grpc.StatusRuntimeException: UNAVAILABLE: io exception
	at org.apache.ratis.thirdparty.io.grpc.stub.ClientCalls.toStatusRuntimeException(ClientCalls.java:233)
	at org.apache.ratis.thirdparty.io.grpc.stub.ClientCalls.getUnchecked(ClientCalls.java:214)
	at org.apache.ratis.thirdparty.io.grpc.stub.ClientCalls.blockingUnaryCall(ClientCalls.java:139)
	at org.apache.ratis.proto.grpc.RaftServerProtocolServiceGrpc$RaftServerProtocolServiceBlockingStub.requestVote(RaftServerProtocolServiceGrpc.java:265)
	at org.apache.ratis.grpc.server.GrpcServerProtocolClient.requestVote(GrpcServerProtocolClient.java:99)
	at org.apache.ratis.grpc.server.GrpcService.requestVote(GrpcService.java:204)
	at org.apache.ratis.server.impl.LeaderElection.lambda$submitRequests$1(LeaderElection.java:234)
	at java.util.concurrent.FutureTask.run(FutureTask.java:266)
	at java.util.concurrent.Executors$RunnableAdapter.call(Executors.java:511)
	at java.util.concurrent.FutureTask.run(FutureTask.java:266)
	at java.util.concurrent.ThreadPoolExecutor.runWorker(ThreadPoolExecutor.java:1149)
	at java.util.concurrent.ThreadPoolExecutor$Worker.run(ThreadPoolExecutor.java:624)
	... 1 more
Caused by: org.apache.ratis.thirdparty.io.netty.channel.AbstractChannel$AnnotatedConnectException: Connection refused: /192.168.157.234:37860
	at sun.nio.ch.SocketChannelImpl.checkConnect(Native Method)
	at sun.nio.ch.SocketChannelImpl.finishConnect(SocketChannelImpl.java:717)
	at org.apache.ratis.thirdparty.io.netty.channel.socket.nio.NioSocketChannel.doFinishConnect(NioSocketChannel.java:327)
	at org.apache.ratis.thirdparty.io.netty.channel.nio.AbstractNioChannel$AbstractNioUnsafe.finishConnect(AbstractNioChannel.java:340)
	at org.apache.ratis.thirdparty.io.netty.channel.nio.NioEventLoop.processSelectedKey(NioEventLoop.java:632)
	at org.apache.ratis.thirdparty.io.netty.channel.nio.NioEventLoop.processSelectedKeysOptimized(NioEventLoop.java:579)
	at org.apache.ratis.thirdparty.io.netty.channel.nio.NioEventLoop.processSelectedKeys(NioEventLoop.java:496)
	at org.apache.ratis.thirdparty.io.netty.channel.nio.NioEventLoop.run(NioEventLoop.java:458)
	at org.apache.ratis.thirdparty.io.netty.util.concurrent.SingleThreadEventExecutor$5.run(SingleThreadEventExecutor.java:897)
	at org.apache.ratis.thirdparty.io.netty.util.concurrent.FastThreadLocalRunnable.run(FastThreadLocalRunnable.java:30)
	... 1 more
Caused by: java.net.ConnectException: Connection refused
	... 11 more
2019-10-14 14:53:37,385 [60d30bb1-7629-4dfa-99ed-756c1a7d77a0@group-4E554C71D71E-LeaderElection93] INFO  impl.RoleInfo (RoleInfo.java:shutdownLeaderElection(134)) - 60d30bb1-7629-4dfa-99ed-756c1a7d77a0: shutdown LeaderElection
2019-10-14 14:53:37,385 [60d30bb1-7629-4dfa-99ed-756c1a7d77a0@group-4E554C71D71E-LeaderElection93] INFO  impl.RaftServerImpl (RaftServerImpl.java:setRole(170)) - 60d30bb1-7629-4dfa-99ed-756c1a7d77a0@group-4E554C71D71E: changes role from CANDIDATE to LEADER at term 2 for changeToLeader
2019-10-14 14:53:37,385 [60d30bb1-7629-4dfa-99ed-756c1a7d77a0@group-4E554C71D71E-LeaderElection93] INFO  impl.RaftServerImpl (ServerState.java:setLeader(255)) - 60d30bb1-7629-4dfa-99ed-756c1a7d77a0@group-4E554C71D71E: change Leader from null to 60d30bb1-7629-4dfa-99ed-756c1a7d77a0 at term 2 for becomeLeader, leader elected after 53ms
2019-10-14 14:53:37,385 [60d30bb1-7629-4dfa-99ed-756c1a7d77a0@group-4E554C71D71E-LeaderElection93] INFO  server.RaftServerConfigKeys (ConfUtils.java:logGet(43)) - raft.server.staging.catchup.gap = 1000 (default)
2019-10-14 14:53:37,385 [60d30bb1-7629-4dfa-99ed-756c1a7d77a0@group-4E554C71D71E-LeaderElection93] INFO  server.RaftServerConfigKeys (ConfUtils.java:logGet(43)) - raft.server.rpc.sleep.time = 25ms (default)
2019-10-14 14:53:37,386 [60d30bb1-7629-4dfa-99ed-756c1a7d77a0@group-4E554C71D71E-LeaderElection93] INFO  server.RaftServerConfigKeys (ConfUtils.java:logGet(43)) - raft.server.write.element-limit = 4096 (default)
2019-10-14 14:53:37,386 [60d30bb1-7629-4dfa-99ed-756c1a7d77a0@group-4E554C71D71E-LeaderElection93] INFO  server.RaftServerConfigKeys (ConfUtils.java:logGet(43)) - raft.server.watch.timeout = 10s (default)
2019-10-14 14:53:37,386 [60d30bb1-7629-4dfa-99ed-756c1a7d77a0@group-4E554C71D71E-LeaderElection93] INFO  server.RaftServerConfigKeys (ConfUtils.java:logGet(43)) - raft.server.watch.timeout.denomination = 1s (default)
2019-10-14 14:53:37,386 [60d30bb1-7629-4dfa-99ed-756c1a7d77a0@group-4E554C71D71E-LeaderElection93] INFO  server.RaftServerConfigKeys (ConfUtils.java:logGet(43)) - raft.server.watch.element-limit = 65536 (default)
2019-10-14 14:53:37,389 [60d30bb1-7629-4dfa-99ed-756c1a7d77a0@group-4E554C71D71E-LeaderElection93] INFO  server.RaftServerConfigKeys (ConfUtils.java:logGet(43)) - raft.server.log.appender.snapshot.chunk.size.max = 16MB (=16777216) (default)
2019-10-14 14:53:37,389 [60d30bb1-7629-4dfa-99ed-756c1a7d77a0@group-4E554C71D71E-LeaderElection93] INFO  server.RaftServerConfigKeys (ConfUtils.java:logGet(43)) - raft.server.log.appender.buffer.byte-limit = 33554432 (custom)
2019-10-14 14:53:37,389 [60d30bb1-7629-4dfa-99ed-756c1a7d77a0@group-4E554C71D71E-LeaderElection93] INFO  server.RaftServerConfigKeys (ConfUtils.java:logGet(43)) - raft.server.log.appender.buffer.element-limit = 1 (custom)
2019-10-14 14:53:37,390 [60d30bb1-7629-4dfa-99ed-756c1a7d77a0@group-4E554C71D71E-LeaderElection93] INFO  grpc.GrpcConfigKeys$Server (ConfUtils.java:logGet(43)) - raft.grpc.server.leader.outstanding.appends.max = 128 (default)
2019-10-14 14:53:37,390 [60d30bb1-7629-4dfa-99ed-756c1a7d77a0@group-4E554C71D71E-LeaderElection93] INFO  server.RaftServerConfigKeys (ConfUtils.java:logGet(43)) - raft.server.rpc.request.timeout = 3000ms (default)
2019-10-14 14:53:37,390 [60d30bb1-7629-4dfa-99ed-756c1a7d77a0@group-4E554C71D71E-LeaderElection93] INFO  server.RaftServerConfigKeys (ConfUtils.java:logGet(43)) - raft.server.log.appender.install.snapshot.enabled = false (custom)
2019-10-14 14:53:37,390 [60d30bb1-7629-4dfa-99ed-756c1a7d77a0@group-4E554C71D71E-LeaderElection93] INFO  server.RaftServerConfigKeys (ConfUtils.java:logGet(43)) - raft.server.log.appender.snapshot.chunk.size.max = 16MB (=16777216) (default)
2019-10-14 14:53:37,390 [60d30bb1-7629-4dfa-99ed-756c1a7d77a0@group-4E554C71D71E-LeaderElection93] INFO  server.RaftServerConfigKeys (ConfUtils.java:logGet(43)) - raft.server.log.appender.buffer.byte-limit = 33554432 (custom)
2019-10-14 14:53:37,391 [60d30bb1-7629-4dfa-99ed-756c1a7d77a0@group-4E554C71D71E-LeaderElection93] INFO  server.RaftServerConfigKeys (ConfUtils.java:logGet(43)) - raft.server.log.appender.buffer.element-limit = 1 (custom)
2019-10-14 14:53:37,391 [60d30bb1-7629-4dfa-99ed-756c1a7d77a0@group-4E554C71D71E-LeaderElection93] INFO  grpc.GrpcConfigKeys$Server (ConfUtils.java:logGet(43)) - raft.grpc.server.leader.outstanding.appends.max = 128 (default)
2019-10-14 14:53:37,391 [60d30bb1-7629-4dfa-99ed-756c1a7d77a0@group-4E554C71D71E-LeaderElection93] INFO  server.RaftServerConfigKeys (ConfUtils.java:logGet(43)) - raft.server.rpc.request.timeout = 3000ms (default)
2019-10-14 14:53:37,391 [60d30bb1-7629-4dfa-99ed-756c1a7d77a0@group-4E554C71D71E-LeaderElection93] INFO  server.RaftServerConfigKeys (ConfUtils.java:logGet(43)) - raft.server.log.appender.install.snapshot.enabled = false (custom)
2019-10-14 14:53:37,391 [60d30bb1-7629-4dfa-99ed-756c1a7d77a0@group-4E554C71D71E-LeaderElection93] INFO  impl.RoleInfo (RoleInfo.java:updateAndGet(143)) - 60d30bb1-7629-4dfa-99ed-756c1a7d77a0: start LeaderState
2019-10-14 14:53:37,392 [60d30bb1-7629-4dfa-99ed-756c1a7d77a0@group-4E554C71D71E-LeaderElection93] INFO  segmented.SegmentedRaftLogWorker (SegmentedRaftLogWorker.java:rollLogSegment(390)) - 60d30bb1-7629-4dfa-99ed-756c1a7d77a0@group-4E554C71D71E-SegmentedRaftLogWorker: Rolling segment log-0_2 to index:2
2019-10-14 14:53:37,393 [60d30bb1-7629-4dfa-99ed-756c1a7d77a0@group-4E554C71D71E-LeaderElection93] INFO  impl.RaftServerImpl (ServerState.java:setRaftConf(356)) - 60d30bb1-7629-4dfa-99ed-756c1a7d77a0@group-4E554C71D71E: set configuration 3: [23092ddc-1411-47f8-aab1-b577f5063db3:192.168.157.234:44805, 60d30bb1-7629-4dfa-99ed-756c1a7d77a0:192.168.157.234:46768, da1a0aa5-dc43-4a9c-99fb-ffaf5071ca0c:192.168.157.234:37860], old=null at 3
2019-10-14 14:53:37,393 [60d30bb1-7629-4dfa-99ed-756c1a7d77a0@group-4E554C71D71E-SegmentedRaftLogWorker] INFO  segmented.SegmentedRaftLogWorker (SegmentedRaftLogWorker.java:execute(531)) - 60d30bb1-7629-4dfa-99ed-756c1a7d77a0@group-4E554C71D71E-SegmentedRaftLogWorker: Rolled log segment from /workdir/hadoop-ozone/integration-test/target/test-dir/MiniOzoneClusterImpl-6edfac56-16c0-4f4f-8fb1-01b101fde067/datanode-2/data/ratis/d9bfdcaf-6a18-4db7-82af-4e554c71d71e/current/log_inprogress_0 to /workdir/hadoop-ozone/integration-test/target/test-dir/MiniOzoneClusterImpl-6edfac56-16c0-4f4f-8fb1-01b101fde067/datanode-2/data/ratis/d9bfdcaf-6a18-4db7-82af-4e554c71d71e/current/log_0-2
2019-10-14 14:53:37,393 [grpc-default-executor-11] WARN  server.GrpcLogAppender (LogUtils.java:warn(134)) - 60d30bb1-7629-4dfa-99ed-756c1a7d77a0@group-4E554C71D71E->da1a0aa5-dc43-4a9c-99fb-ffaf5071ca0c-AppendLogResponseHandler: Failed appendEntries: org.apache.ratis.thirdparty.io.grpc.StatusRuntimeException: UNAVAILABLE: io exception
2019-10-14 14:53:37,398 [grpc-default-executor-11] INFO  impl.FollowerInfo (FollowerInfo.java:lambda$new$0(51)) - 60d30bb1-7629-4dfa-99ed-756c1a7d77a0@group-4E554C71D71E->da1a0aa5-dc43-4a9c-99fb-ffaf5071ca0c: nextIndex: updateUnconditionally 3 -> 1
2019-10-14 14:53:37,399 [grpc-default-executor-11] INFO  impl.RaftServerImpl (ServerState.java:setLeader(255)) - 23092ddc-1411-47f8-aab1-b577f5063db3@group-4E554C71D71E: change Leader from null to 60d30bb1-7629-4dfa-99ed-756c1a7d77a0 at term 2 for appendEntries, leader elected after 35ms
2019-10-14 14:53:37,402 [grpc-default-executor-11] INFO  impl.RaftServerImpl (ServerState.java:setRaftConf(356)) - 23092ddc-1411-47f8-aab1-b577f5063db3@group-4E554C71D71E: set configuration 3: [23092ddc-1411-47f8-aab1-b577f5063db3:192.168.157.234:44805, 60d30bb1-7629-4dfa-99ed-756c1a7d77a0:192.168.157.234:46768, da1a0aa5-dc43-4a9c-99fb-ffaf5071ca0c:192.168.157.234:37860], old=null at 3
2019-10-14 14:53:37,402 [grpc-default-executor-11] INFO  segmented.SegmentedRaftLogWorker (SegmentedRaftLogWorker.java:rollLogSegment(390)) - 23092ddc-1411-47f8-aab1-b577f5063db3@group-4E554C71D71E-SegmentedRaftLogWorker: Rolling segment log-0_2 to index:2
2019-10-14 14:53:37,403 [23092ddc-1411-47f8-aab1-b577f5063db3@group-4E554C71D71E-SegmentedRaftLogWorker] INFO  segmented.SegmentedRaftLogWorker (SegmentedRaftLogWorker.java:execute(531)) - 23092ddc-1411-47f8-aab1-b577f5063db3@group-4E554C71D71E-SegmentedRaftLogWorker: Rolled log segment from /workdir/hadoop-ozone/integration-test/target/test-dir/MiniOzoneClusterImpl-6edfac56-16c0-4f4f-8fb1-01b101fde067/datanode-0/data/ratis/d9bfdcaf-6a18-4db7-82af-4e554c71d71e/current/log_inprogress_0 to /workdir/hadoop-ozone/integration-test/target/test-dir/MiniOzoneClusterImpl-6edfac56-16c0-4f4f-8fb1-01b101fde067/datanode-0/data/ratis/d9bfdcaf-6a18-4db7-82af-4e554c71d71e/current/log_0-2
2019-10-14 14:53:37,450 [60d30bb1-7629-4dfa-99ed-756c1a7d77a0@group-4E554C71D71E-SegmentedRaftLogWorker] INFO  segmented.SegmentedRaftLogWorker (SegmentedRaftLogWorker.java:execute(574)) - 60d30bb1-7629-4dfa-99ed-756c1a7d77a0@group-4E554C71D71E-SegmentedRaftLogWorker: created new log segment /workdir/hadoop-ozone/integration-test/target/test-dir/MiniOzoneClusterImpl-6edfac56-16c0-4f4f-8fb1-01b101fde067/datanode-2/data/ratis/d9bfdcaf-6a18-4db7-82af-4e554c71d71e/current/log_inprogress_3
2019-10-14 14:53:37,453 [23092ddc-1411-47f8-aab1-b577f5063db3@group-4E554C71D71E-SegmentedRaftLogWorker] INFO  segmented.SegmentedRaftLogWorker (SegmentedRaftLogWorker.java:execute(574)) - 23092ddc-1411-47f8-aab1-b577f5063db3@group-4E554C71D71E-SegmentedRaftLogWorker: created new log segment /workdir/hadoop-ozone/integration-test/target/test-dir/MiniOzoneClusterImpl-6edfac56-16c0-4f4f-8fb1-01b101fde067/datanode-0/data/ratis/d9bfdcaf-6a18-4db7-82af-4e554c71d71e/current/log_inprogress_3
2019-10-14 14:53:37,474 [grpc-default-executor-12] WARN  server.GrpcLogAppender (LogUtils.java:warn(134)) - 60d30bb1-7629-4dfa-99ed-756c1a7d77a0@group-4E554C71D71E->da1a0aa5-dc43-4a9c-99fb-ffaf5071ca0c-AppendLogResponseHandler: Failed appendEntries: org.apache.ratis.thirdparty.io.grpc.StatusRuntimeException: UNAVAILABLE: io exception
2019-10-14 14:53:37,474 [grpc-default-executor-12] INFO  impl.FollowerInfo (FollowerInfo.java:lambda$new$0(51)) - 60d30bb1-7629-4dfa-99ed-756c1a7d77a0@group-4E554C71D71E->da1a0aa5-dc43-4a9c-99fb-ffaf5071ca0c: nextIndex: updateUnconditionally 2 -> 1
2019-10-14 14:53:37,497 [grpc-default-executor-11] WARN  server.GrpcLogAppender (LogUtils.java:warn(134)) - 60d30bb1-7629-4dfa-99ed-756c1a7d77a0@group-4E554C71D71E->da1a0aa5-dc43-4a9c-99fb-ffaf5071ca0c-AppendLogResponseHandler: Failed appendEntries: org.apache.ratis.thirdparty.io.grpc.StatusRuntimeException: UNAVAILABLE: io exception
2019-10-14 14:53:37,497 [grpc-default-executor-11] INFO  impl.FollowerInfo (FollowerInfo.java:lambda$new$0(51)) - 60d30bb1-7629-4dfa-99ed-756c1a7d77a0@group-4E554C71D71E->da1a0aa5-dc43-4a9c-99fb-ffaf5071ca0c: nextIndex: updateUnconditionally 2 -> 1
2019-10-14 14:53:37,931 [grpc-default-executor-12] WARN  server.GrpcLogAppender (LogUtils.java:warn(134)) - 60d30bb1-7629-4dfa-99ed-756c1a7d77a0@group-4E554C71D71E->da1a0aa5-dc43-4a9c-99fb-ffaf5071ca0c-AppendLogResponseHandler: Failed appendEntries: org.apache.ratis.thirdparty.io.grpc.StatusRuntimeException: UNAVAILABLE: io exception
2019-10-14 14:53:37,931 [grpc-default-executor-12] INFO  impl.FollowerInfo (FollowerInfo.java:lambda$new$0(51)) - 60d30bb1-7629-4dfa-99ed-756c1a7d77a0@group-4E554C71D71E->da1a0aa5-dc43-4a9c-99fb-ffaf5071ca0c: nextIndex: updateUnconditionally 2 -> 1
2019-10-14 14:53:37,944 [grpc-default-executor-12] WARN  server.GrpcLogAppender (LogUtils.java:warn(134)) - 60d30bb1-7629-4dfa-99ed-756c1a7d77a0@group-4E554C71D71E->da1a0aa5-dc43-4a9c-99fb-ffaf5071ca0c-AppendLogResponseHandler: Failed appendEntries: org.apache.ratis.thirdparty.io.grpc.StatusRuntimeException: UNAVAILABLE: io exception
2019-10-14 14:53:37,944 [grpc-default-executor-12] INFO  impl.FollowerInfo (FollowerInfo.java:lambda$new$0(51)) - 60d30bb1-7629-4dfa-99ed-756c1a7d77a0@group-4E554C71D71E->da1a0aa5-dc43-4a9c-99fb-ffaf5071ca0c: nextIndex: updateUnconditionally 2 -> 1
2019-10-14 14:53:37,957 [grpc-default-executor-12] WARN  server.GrpcLogAppender (LogUtils.java:warn(134)) - 60d30bb1-7629-4dfa-99ed-756c1a7d77a0@group-4E554C71D71E->da1a0aa5-dc43-4a9c-99fb-ffaf5071ca0c-AppendLogResponseHandler: Failed appendEntries: org.apache.ratis.thirdparty.io.grpc.StatusRuntimeException: UNAVAILABLE: io exception
2019-10-14 14:53:37,957 [EventQueue-IncrementalContainerReportForIncrementalContainerReportHandler] WARN  container.IncrementalContainerReportHandler (AbstractContainerReportHandler.java:updateContainerState(145)) - Container #1 is in OPEN state, but the datanode 60d30bb1-7629-4dfa-99ed-756c1a7d77a0{ip: 192.168.157.234, host: pr-hdds-2302-x69hs-1458597746, networkLocation: /default-rack, certSerialId: null} reports an CLOSING replica.
2019-10-14 14:53:37,957 [grpc-default-executor-12] INFO  impl.FollowerInfo (FollowerInfo.java:lambda$new$0(51)) - 60d30bb1-7629-4dfa-99ed-756c1a7d77a0@group-4E554C71D71E->da1a0aa5-dc43-4a9c-99fb-ffaf5071ca0c: nextIndex: updateUnconditionally 2 -> 1
2019-10-14 14:53:37,964 [grpc-default-executor-0] WARN  server.GrpcLogAppender (LogUtils.java:warn(134)) - c6492fef-5352-4ee4-a298-3337cbd3b3a1@group-D21656EABB7E->25f80a8f-1a6f-414e-a49c-3d3c61aacfaa-AppendLogResponseHandler: Failed appendEntries: org.apache.ratis.thirdparty.io.grpc.StatusRuntimeException: UNAVAILABLE: io exception
2019-10-14 14:53:37,964 [grpc-default-executor-11] WARN  server.GrpcLogAppender (LogUtils.java:warn(134)) - c6492fef-5352-4ee4-a298-3337cbd3b3a1@group-D21656EABB7E->197a08cb-7e32-46b6-9731-300bf29c37bf-AppendLogResponseHandler: Failed appendEntries: org.apache.ratis.thirdparty.io.grpc.StatusRuntimeException: UNAVAILABLE: io exception
2019-10-14 14:53:37,964 [grpc-default-executor-0] INFO  impl.FollowerInfo (FollowerInfo.java:lambda$new$0(51)) - c6492fef-5352-4ee4-a298-3337cbd3b3a1@group-D21656EABB7E->25f80a8f-1a6f-414e-a49c-3d3c61aacfaa: nextIndex: updateUnconditionally 0 -> 0
2019-10-14 14:53:37,965 [grpc-default-executor-11] INFO  impl.FollowerInfo (FollowerInfo.java:lambda$new$0(51)) - c6492fef-5352-4ee4-a298-3337cbd3b3a1@group-D21656EABB7E->197a08cb-7e32-46b6-9731-300bf29c37bf: nextIndex: updateUnconditionally 0 -> 0
2019-10-14 14:53:37,985 [EventQueue-IncrementalContainerReportForIncrementalContainerReportHandler] WARN  container.IncrementalContainerReportHandler (AbstractContainerReportHandler.java:updateContainerState(145)) - Container #1 is in OPEN state, but the datanode 23092ddc-1411-47f8-aab1-b577f5063db3{ip: 192.168.157.234, host: pr-hdds-2302-x69hs-1458597746, networkLocation: /default-rack, certSerialId: null} reports an CLOSING replica.
2019-10-14 14:53:38,030 [RatisApplyTransactionExecutor 1] INFO  interfaces.Container (KeyValueContainer.java:flushAndSyncDB(386)) - Container 1 is synced with bcsId 0.
2019-10-14 14:53:38,076 [RatisApplyTransactionExecutor 1] INFO  interfaces.Container (KeyValueContainer.java:flushAndSyncDB(386)) - Container 1 is synced with bcsId 0.
2019-10-14 14:53:38,088 [RatisApplyTransactionExecutor 1] INFO  interfaces.Container (KeyValueContainer.java:flushAndSyncDB(386)) - Container 1 is synced with bcsId 0.
2019-10-14 14:53:38,088 [RatisApplyTransactionExecutor 1] INFO  interfaces.Container (KeyValueContainer.java:flushAndSyncDB(386)) - Container 1 is synced with bcsId 0.
2019-10-14 14:53:38,102 [RatisApplyTransactionExecutor 1] INFO  interfaces.Container (KeyValueContainer.java:close(335)) - Container 1 is closed with bcsId 0.
2019-10-14 14:53:38,102 [RatisApplyTransactionExecutor 1] INFO  interfaces.Container (KeyValueContainer.java:close(335)) - Container 1 is closed with bcsId 0.
2019-10-14 14:53:38,129 [EventQueue-IncrementalContainerReportForIncrementalContainerReportHandler] WARN  container.IncrementalContainerReportHandler (AbstractContainerReportHandler.java:updateContainerState(145)) - Container #1 is in OPEN state, but the datanode 23092ddc-1411-47f8-aab1-b577f5063db3{ip: 192.168.157.234, host: pr-hdds-2302-x69hs-1458597746, networkLocation: /default-rack, certSerialId: null} reports an CLOSED replica.
2019-10-14 14:53:38,130 [EventQueue-IncrementalContainerReportForIncrementalContainerReportHandler] WARN  container.IncrementalContainerReportHandler (AbstractContainerReportHandler.java:updateContainerState(145)) - Container #1 is in OPEN state, but the datanode 60d30bb1-7629-4dfa-99ed-756c1a7d77a0{ip: 192.168.157.234, host: pr-hdds-2302-x69hs-1458597746, networkLocation: /default-rack, certSerialId: null} reports an CLOSED replica.
2019-10-14 14:53:40,464 [grpc-default-executor-11] WARN  server.GrpcLogAppender (LogUtils.java:warn(134)) - 60d30bb1-7629-4dfa-99ed-756c1a7d77a0@group-4E554C71D71E->da1a0aa5-dc43-4a9c-99fb-ffaf5071ca0c-AppendLogResponseHandler: Failed appendEntries: org.apache.ratis.thirdparty.io.grpc.StatusRuntimeException: UNAVAILABLE: io exception
2019-10-14 14:53:40,465 [grpc-default-executor-11] INFO  impl.FollowerInfo (FollowerInfo.java:lambda$new$0(51)) - 60d30bb1-7629-4dfa-99ed-756c1a7d77a0@group-4E554C71D71E->da1a0aa5-dc43-4a9c-99fb-ffaf5071ca0c: nextIndex: updateUnconditionally 1 -> 0
2019-10-14 14:53:40,465 [grpc-default-executor-6] WARN  server.GrpcLogAppender (LogUtils.java:warn(134)) - c6492fef-5352-4ee4-a298-3337cbd3b3a1@group-D21656EABB7E->197a08cb-7e32-46b6-9731-300bf29c37bf-AppendLogResponseHandler: Failed appendEntries: org.apache.ratis.thirdparty.io.grpc.StatusRuntimeException: UNAVAILABLE: io exception
2019-10-14 14:53:40,465 [grpc-default-executor-7] WARN  server.GrpcLogAppender (LogUtils.java:warn(134)) - c6492fef-5352-4ee4-a298-3337cbd3b3a1@group-D21656EABB7E->25f80a8f-1a6f-414e-a49c-3d3c61aacfaa-AppendLogResponseHandler: Failed appendEntries: org.apache.ratis.thirdparty.io.grpc.StatusRuntimeException: UNAVAILABLE: io exception
2019-10-14 14:53:40,466 [grpc-default-executor-6] INFO  impl.FollowerInfo (FollowerInfo.java:lambda$new$0(51)) - c6492fef-5352-4ee4-a298-3337cbd3b3a1@group-D21656EABB7E->197a08cb-7e32-46b6-9731-300bf29c37bf: nextIndex: updateUnconditionally 0 -> 0
2019-10-14 14:53:40,466 [grpc-default-executor-7] INFO  impl.FollowerInfo (FollowerInfo.java:lambda$new$0(51)) - c6492fef-5352-4ee4-a298-3337cbd3b3a1@group-D21656EABB7E->25f80a8f-1a6f-414e-a49c-3d3c61aacfaa: nextIndex: updateUnconditionally 0 -> 0
2019-10-14 14:53:41,138 [main] WARN  scm.XceiverClientRatis (XceiverClientRatis.java:watchForCommit(277)) - 3 way commit failed on pipeline Pipeline[ Id: d9bfdcaf-6a18-4db7-82af-4e554c71d71e, Nodes: da1a0aa5-dc43-4a9c-99fb-ffaf5071ca0c{ip: 192.168.157.234, host: pr-hdds-2302-x69hs-1458597746, networkLocation: /default-rack, certSerialId: null}60d30bb1-7629-4dfa-99ed-756c1a7d77a0{ip: 192.168.157.234, host: pr-hdds-2302-x69hs-1458597746, networkLocation: /default-rack, certSerialId: null}23092ddc-1411-47f8-aab1-b577f5063db3{ip: 192.168.157.234, host: pr-hdds-2302-x69hs-1458597746, networkLocation: /default-rack, certSerialId: null}, Type:RATIS, Factor:THREE, State:OPEN]
java.util.concurrent.TimeoutException
	at java.util.concurrent.CompletableFuture.timedGet(CompletableFuture.java:1771)
	at java.util.concurrent.CompletableFuture.get(CompletableFuture.java:1915)
	at org.apache.hadoop.hdds.scm.XceiverClientRatis.watchForCommit(XceiverClientRatis.java:274)
	at org.apache.hadoop.ozone.client.rpc.TestWatchForCommit.test2WayCommitForTimeoutException(TestWatchForCommit.java:391)
	at sun.reflect.NativeMethodAccessorImpl.invoke0(Native Method)
	at sun.reflect.NativeMethodAccessorImpl.invoke(NativeMethodAccessorImpl.java:62)
	at sun.reflect.DelegatingMethodAccessorImpl.invoke(DelegatingMethodAccessorImpl.java:43)
	at java.lang.reflect.Method.invoke(Method.java:498)
	at org.junit.runners.model.FrameworkMethod$1.runReflectiveCall(FrameworkMethod.java:47)
	at org.junit.internal.runners.model.ReflectiveCallable.run(ReflectiveCallable.java:12)
	at org.junit.runners.model.FrameworkMethod.invokeExplosively(FrameworkMethod.java:44)
	at org.junit.internal.runners.statements.InvokeMethod.evaluate(InvokeMethod.java:17)
	at org.junit.runners.ParentRunner.runLeaf(ParentRunner.java:271)
	at org.junit.runners.BlockJUnit4ClassRunner.runChild(BlockJUnit4ClassRunner.java:70)
	at org.junit.runners.BlockJUnit4ClassRunner.runChild(BlockJUnit4ClassRunner.java:50)
	at org.junit.runners.ParentRunner$3.run(ParentRunner.java:238)
	at org.junit.runners.ParentRunner$1.schedule(ParentRunner.java:63)
	at org.junit.runners.ParentRunner.runChildren(ParentRunner.java:236)
	at org.junit.runners.ParentRunner.access$000(ParentRunner.java:53)
	at org.junit.runners.ParentRunner$2.evaluate(ParentRunner.java:229)
	at org.junit.runners.ParentRunner.run(ParentRunner.java:309)
	at org.apache.maven.surefire.junit4.JUnit4Provider.execute(JUnit4Provider.java:365)
	at org.apache.maven.surefire.junit4.JUnit4Provider.executeWithRerun(JUnit4Provider.java:273)
	at org.apache.maven.surefire.junit4.JUnit4Provider.executeTestSet(JUnit4Provider.java:238)
	at org.apache.maven.surefire.junit4.JUnit4Provider.invoke(JUnit4Provider.java:159)
	at org.apache.maven.surefire.booter.ForkedBooter.invokeProviderInSameClassLoader(ForkedBooter.java:384)
	at org.apache.maven.surefire.booter.ForkedBooter.runSuitesInProcess(ForkedBooter.java:345)
	at org.apache.maven.surefire.booter.ForkedBooter.execute(ForkedBooter.java:126)
	at org.apache.maven.surefire.booter.ForkedBooter.main(ForkedBooter.java:418)
2019-10-14 14:53:42,961 [grpc-default-executor-7] WARN  server.GrpcLogAppender (LogUtils.java:warn(134)) - 60d30bb1-7629-4dfa-99ed-756c1a7d77a0@group-4E554C71D71E->da1a0aa5-dc43-4a9c-99fb-ffaf5071ca0c-AppendLogResponseHandler: Failed appendEntries: org.apache.ratis.thirdparty.io.grpc.StatusRuntimeException: UNAVAILABLE: io exception
2019-10-14 14:53:42,962 [grpc-default-executor-7] INFO  impl.FollowerInfo (FollowerInfo.java:lambda$new$0(51)) - 60d30bb1-7629-4dfa-99ed-756c1a7d77a0@group-4E554C71D71E->da1a0aa5-dc43-4a9c-99fb-ffaf5071ca0c: nextIndex: updateUnconditionally 0 -> 0
2019-10-14 14:53:42,965 [grpc-default-executor-6] WARN  server.GrpcLogAppender (LogUtils.java:warn(134)) - c6492fef-5352-4ee4-a298-3337cbd3b3a1@group-D21656EABB7E->197a08cb-7e32-46b6-9731-300bf29c37bf-AppendLogResponseHandler: Failed appendEntries: org.apache.ratis.thirdparty.io.grpc.StatusRuntimeException: UNAVAILABLE: io exception
2019-10-14 14:53:42,966 [grpc-default-executor-12] WARN  server.GrpcLogAppender (LogUtils.java:warn(134)) - c6492fef-5352-4ee4-a298-3337cbd3b3a1@group-D21656EABB7E->25f80a8f-1a6f-414e-a49c-3d3c61aacfaa-AppendLogResponseHandler: Failed appendEntries: org.apache.ratis.thirdparty.io.grpc.StatusRuntimeException: UNAVAILABLE: io exception
2019-10-14 14:53:42,966 [grpc-default-executor-6] INFO  impl.FollowerInfo (FollowerInfo.java:lambda$new$0(51)) - c6492fef-5352-4ee4-a298-3337cbd3b3a1@group-D21656EABB7E->197a08cb-7e32-46b6-9731-300bf29c37bf: nextIndex: updateUnconditionally 0 -> 0
2019-10-14 14:53:42,966 [grpc-default-executor-12] INFO  impl.FollowerInfo (FollowerInfo.java:lambda$new$0(51)) - c6492fef-5352-4ee4-a298-3337cbd3b3a1@group-D21656EABB7E->25f80a8f-1a6f-414e-a49c-3d3c61aacfaa: nextIndex: updateUnconditionally 0 -> 0
]]></system-out>
  </testcase>
</testsuite>