<?xml version="1.0" encoding="UTF-8"?>
<testsuite xmlns:xsi="http://www.w3.org/2001/XMLSchema-instance" xsi:noNamespaceSchemaLocation="https://maven.apache.org/surefire/maven-surefire-plugin/xsd/surefire-test-report.xsd" name="org.apache.hadoop.ozone.client.rpc.TestBlockOutputStreamWithFailures" time="754.325" tests="8" errors="0" skipped="0" failures="1">
  <properties>
    <property name="awt.toolkit" value="sun.awt.X11.XToolkit"/>
    <property name="file.encoding.pkg" value="sun.io"/>
    <property name="java.specification.version" value="1.8"/>
    <property name="sun.cpu.isalist" value=""/>
    <property name="sun.jnu.encoding" value="UTF-8"/>
    <property name="java.class.path" value="/workdir/hadoop-ozone/integration-test/target/test-classes:/workdir/hadoop-ozone/integration-test/target/classes:/home/user/.m2/repository/org/apache/hadoop/hadoop-ozone-common/0.5.0-SNAPSHOT/hadoop-ozone-common-0.5.0-SNAPSHOT.jar:/home/user/.m2/repository/org/apache/commons/commons-compress/1.4.1/commons-compress-1.4.1.jar:/home/user/.m2/repository/org/tukaani/xz/1.0/xz-1.0.jar:/home/user/.m2/repository/org/apache/hadoop/hadoop-common/3.2.0/hadoop-common-3.2.0.jar:/home/user/.m2/repository/org/apache/hadoop/hadoop-hdfs/3.2.0/hadoop-hdfs-3.2.0.jar:/home/user/.m2/repository/org/apache/hadoop/hadoop-hdfs-client/3.2.0/hadoop-hdfs-client-3.2.0.jar:/home/user/.m2/repository/com/fasterxml/jackson/core/jackson-annotations/2.9.9/jackson-annotations-2.9.9.jar:/home/user/.m2/repository/org/apache/hadoop/hadoop-hdds-common/0.5.0-SNAPSHOT/hadoop-hdds-common-0.5.0-SNAPSHOT.jar:/home/user/.m2/repository/javax/annotation/javax.annotation-api/1.2/javax.annotation-api-1.2.jar:/home/user/.m2/repository/org/apache/ratis/ratis-server/0.5.0-201fc85-SNAPSHOT/ratis-server-0.5.0-201fc85-SNAPSHOT.jar:/home/user/.m2/repository/org/apache/ratis/ratis-thirdparty-misc/0.2.0/ratis-thirdparty-misc-0.2.0.jar:/home/user/.m2/repository/org/apache/ratis/ratis-proto/0.5.0-201fc85-SNAPSHOT/ratis-proto-0.5.0-201fc85-SNAPSHOT.jar:/home/user/.m2/repository/org/apache/ratis/ratis-common/0.5.0-201fc85-SNAPSHOT/ratis-common-0.5.0-201fc85-SNAPSHOT.jar:/home/user/.m2/repository/org/apache/ratis/ratis-client/0.5.0-201fc85-SNAPSHOT/ratis-client-0.5.0-201fc85-SNAPSHOT.jar:/home/user/.m2/repository/org/apache/ratis/ratis-metrics/0.5.0-201fc85-SNAPSHOT/ratis-metrics-0.5.0-201fc85-SNAPSHOT.jar:/home/user/.m2/repository/com/github/joshelser/dropwizard-metrics-hadoop-metrics2-reporter/0.1.2/dropwizard-metrics-hadoop-metrics2-reporter-0.1.2.jar:/home/user/.m2/repository/io/dropwizard/metrics/metrics-jvm/3.2.5/metrics-jvm-3.2.5.jar:/home/user/.m2/repository/io/dropwizard/metrics/metrics-ganglia/3.2.5/metrics-ganglia-3.2.5.jar:/home/user/.m2/repository/info/ganglia/gmetric4j/gmetric4j/1.0.7/gmetric4j-1.0.7.jar:/home/user/.m2/repository/org/apache/ratis/ratis-netty/0.5.0-201fc85-SNAPSHOT/ratis-netty-0.5.0-201fc85-SNAPSHOT.jar:/home/user/.m2/repository/org/apache/ratis/ratis-grpc/0.5.0-201fc85-SNAPSHOT/ratis-grpc-0.5.0-201fc85-SNAPSHOT.jar:/home/user/.m2/repository/org/rocksdb/rocksdbjni/6.0.1/rocksdbjni-6.0.1.jar:/home/user/.m2/repository/org/apache/logging/log4j/log4j-api/2.11.0/log4j-api-2.11.0.jar:/home/user/.m2/repository/org/apache/logging/log4j/log4j-core/2.11.0/log4j-core-2.11.0.jar:/home/user/.m2/repository/com/lmax/disruptor/3.4.2/disruptor-3.4.2.jar:/home/user/.m2/repository/org/apache/commons/commons-pool2/2.6.0/commons-pool2-2.6.0.jar:/home/user/.m2/repository/org/bouncycastle/bcpkix-jdk15on/1.60/bcpkix-jdk15on-1.60.jar:/home/user/.m2/repository/commons-validator/commons-validator/1.6/commons-validator-1.6.jar:/home/user/.m2/repository/commons-digester/commons-digester/1.8.1/commons-digester-1.8.1.jar:/home/user/.m2/repository/io/jaegertracing/jaeger-client/0.34.0/jaeger-client-0.34.0.jar:/home/user/.m2/repository/io/jaegertracing/jaeger-thrift/0.34.0/jaeger-thrift-0.34.0.jar:/home/user/.m2/repository/org/apache/thrift/libthrift/0.12.0/libthrift-0.12.0.jar:/home/user/.m2/repository/com/squareup/okhttp3/okhttp/3.9.0/okhttp-3.9.0.jar:/home/user/.m2/repository/com/squareup/okio/okio/1.13.0/okio-1.13.0.jar:/home/user/.m2/repository/io/jaegertracing/jaeger-core/0.34.0/jaeger-core-0.34.0.jar:/home/user/.m2/repository/io/jaegertracing/jaeger-tracerresolver/0.34.0/jaeger-tracerresolver-0.34.0.jar:/home/user/.m2/repository/io/opentracing/contrib/opentracing-tracerresolver/0.1.5/opentracing-tracerresolver-0.1.5.jar:/home/user/.m2/repository/io/opentracing/opentracing-util/0.31.0/opentracing-util-0.31.0.jar:/home/user/.m2/repository/io/opentracing/opentracing-api/0.31.0/opentracing-api-0.31.0.jar:/home/user/.m2/repository/io/opentracing/opentracing-noop/0.31.0/opentracing-noop-0.31.0.jar:/home/user/.m2/repository/org/apache/hadoop/hadoop-hdds-server-framework/0.5.0-SNAPSHOT/hadoop-hdds-server-framework-0.5.0-SNAPSHOT.jar:/home/user/.m2/repository/org/apache/hadoop/hadoop-hdds-container-service/0.5.0-SNAPSHOT/hadoop-hdds-container-service-0.5.0-SNAPSHOT.jar:/home/user/.m2/repository/org/apache/hadoop/hadoop-hdds-client/0.5.0-SNAPSHOT/hadoop-hdds-client-0.5.0-SNAPSHOT.jar:/home/user/.m2/repository/org/apache/hadoop/hadoop-hdds-tools/0.5.0-SNAPSHOT/hadoop-hdds-tools-0.5.0-SNAPSHOT.jar:/home/user/.m2/repository/org/apache/hadoop/hadoop-hdds-server-scm/0.5.0-SNAPSHOT/hadoop-hdds-server-scm-0.5.0-SNAPSHOT.jar:/home/user/.m2/repository/org/apache/hadoop/hadoop-hdds-docs/0.5.0-SNAPSHOT/hadoop-hdds-docs-0.5.0-SNAPSHOT.jar:/home/user/.m2/repository/io/dropwizard/metrics/metrics-core/3.2.4/metrics-core-3.2.4.jar:/home/user/.m2/repository/org/hamcrest/hamcrest-all/1.3/hamcrest-all-1.3.jar:/home/user/.m2/repository/org/bouncycastle/bcprov-jdk15on/1.60/bcprov-jdk15on-1.60.jar:/home/user/.m2/repository/info/picocli/picocli/3.9.6/picocli-3.9.6.jar:/home/user/.m2/repository/com/google/protobuf/protobuf-java/2.5.0/protobuf-java-2.5.0.jar:/home/user/.m2/repository/com/google/guava/guava/11.0.2/guava-11.0.2.jar:/home/user/.m2/repository/org/apache/hadoop/hadoop-ozone-ozone-manager/0.5.0-SNAPSHOT/hadoop-ozone-ozone-manager-0.5.0-SNAPSHOT.jar:/home/user/.m2/repository/org/apache/hadoop/hadoop-minikdc/3.2.0/hadoop-minikdc-3.2.0.jar:/home/user/.m2/repository/commons-io/commons-io/2.5/commons-io-2.5.jar:/home/user/.m2/repository/org/apache/kerby/kerb-simplekdc/1.0.1/kerb-simplekdc-1.0.1.jar:/home/user/.m2/repository/org/apache/kerby/kerb-client/1.0.1/kerb-client-1.0.1.jar:/home/user/.m2/repository/org/apache/kerby/kerby-config/1.0.1/kerby-config-1.0.1.jar:/home/user/.m2/repository/org/apache/kerby/kerb-core/1.0.1/kerb-core-1.0.1.jar:/home/user/.m2/repository/org/apache/kerby/kerby-pkix/1.0.1/kerby-pkix-1.0.1.jar:/home/user/.m2/repository/org/apache/kerby/kerby-asn1/1.0.1/kerby-asn1-1.0.1.jar:/home/user/.m2/repository/org/apache/kerby/kerby-util/1.0.1/kerby-util-1.0.1.jar:/home/user/.m2/repository/org/apache/kerby/kerb-common/1.0.1/kerb-common-1.0.1.jar:/home/user/.m2/repository/org/apache/kerby/kerb-crypto/1.0.1/kerb-crypto-1.0.1.jar:/home/user/.m2/repository/org/apache/kerby/kerb-util/1.0.1/kerb-util-1.0.1.jar:/home/user/.m2/repository/org/apache/kerby/token-provider/1.0.1/token-provider-1.0.1.jar:/home/user/.m2/repository/org/apache/kerby/kerb-admin/1.0.1/kerb-admin-1.0.1.jar:/home/user/.m2/repository/org/apache/kerby/kerb-server/1.0.1/kerb-server-1.0.1.jar:/home/user/.m2/repository/org/apache/kerby/kerb-identity/1.0.1/kerb-identity-1.0.1.jar:/home/user/.m2/repository/org/apache/kerby/kerby-xdr/1.0.1/kerby-xdr-1.0.1.jar:/home/user/.m2/repository/org/slf4j/slf4j-log4j12/1.7.25/slf4j-log4j12-1.7.25.jar:/home/user/.m2/repository/org/apache/hadoop/hadoop-ozone-s3gateway/0.5.0-SNAPSHOT/hadoop-ozone-s3gateway-0.5.0-SNAPSHOT.jar:/home/user/.m2/repository/org/jboss/weld/servlet/weld-servlet/2.4.7.Final/weld-servlet-2.4.7.Final.jar:/home/user/.m2/repository/org/glassfish/jersey/containers/jersey-container-servlet-core/2.27/jersey-container-servlet-core-2.27.jar:/home/user/.m2/repository/org/glassfish/hk2/external/javax.inject/2.5.0-b42/javax.inject-2.5.0-b42.jar:/home/user/.m2/repository/org/glassfish/jersey/core/jersey-common/2.27/jersey-common-2.27.jar:/home/user/.m2/repository/org/glassfish/hk2/osgi-resource-locator/1.0.1/osgi-resource-locator-1.0.1.jar:/home/user/.m2/repository/javax/ws/rs/javax.ws.rs-api/2.1/javax.ws.rs-api-2.1.jar:/home/user/.m2/repository/org/glassfish/jersey/ext/cdi/jersey-cdi1x/2.27/jersey-cdi1x-2.27.jar:/home/user/.m2/repository/org/glassfish/jersey/inject/jersey-hk2/2.27/jersey-hk2-2.27.jar:/home/user/.m2/repository/org/glassfish/hk2/hk2-locator/2.5.0-b42/hk2-locator-2.5.0-b42.jar:/home/user/.m2/repository/org/javassist/javassist/3.22.0-CR2/javassist-3.22.0-CR2.jar:/home/user/.m2/repository/org/glassfish/hk2/hk2-api/2.5.0/hk2-api-2.5.0.jar:/home/user/.m2/repository/org/glassfish/hk2/external/jakarta.inject/2.5.0/jakarta.inject-2.5.0.jar:/home/user/.m2/repository/org/glassfish/hk2/hk2-utils/2.5.0/hk2-utils-2.5.0.jar:/home/user/.m2/repository/jakarta/annotation/jakarta.annotation-api/1.3.4/jakarta.annotation-api-1.3.4.jar:/home/user/.m2/repository/org/glassfish/hk2/external/aopalliance-repackaged/2.5.0/aopalliance-repackaged-2.5.0.jar:/home/user/.m2/repository/com/fasterxml/jackson/dataformat/jackson-dataformat-xml/2.9.0/jackson-dataformat-xml-2.9.0.jar:/home/user/.m2/repository/com/fasterxml/jackson/core/jackson-core/2.9.9/jackson-core-2.9.9.jar:/home/user/.m2/repository/com/fasterxml/jackson/module/jackson-module-jaxb-annotations/2.9.9/jackson-module-jaxb-annotations-2.9.9.jar:/home/user/.m2/repository/javax/enterprise/cdi-api/1.2/cdi-api-1.2.jar:/home/user/.m2/repository/javax/el/javax.el-api/3.0.0/javax.el-api-3.0.0.jar:/home/user/.m2/repository/javax/interceptor/javax.interceptor-api/1.2/javax.interceptor-api-1.2.jar:/home/user/.m2/repository/javax/inject/javax.inject/1/javax.inject-1.jar:/home/user/.m2/repository/com/sun/xml/bind/jaxb-impl/2.3.0.1/jaxb-impl-2.3.0.1.jar:/home/user/.m2/repository/com/sun/xml/bind/jaxb-core/2.3.0.1/jaxb-core-2.3.0.1.jar:/home/user/.m2/repository/javax/xml/bind/jaxb-api/2.3.0/jaxb-api-2.3.0.jar:/home/user/.m2/repository/javax/activation/activation/1.1.1/activation-1.1.1.jar:/home/user/.m2/repository/org/apache/hadoop/hadoop-ozone-csi/0.5.0-SNAPSHOT/hadoop-ozone-csi-0.5.0-SNAPSHOT.jar:/home/user/.m2/repository/com/google/protobuf/protobuf-java-util/3.5.1/protobuf-java-util-3.5.1.jar:/home/user/.m2/repository/org/apache/hadoop/hadoop-hdds-config/0.5.0-SNAPSHOT/hadoop-hdds-config-0.5.0-SNAPSHOT.jar:/home/user/.m2/repository/io/grpc/grpc-netty/1.17.1/grpc-netty-1.17.1.jar:/home/user/.m2/repository/io/grpc/grpc-core/1.17.1/grpc-core-1.17.1.jar:/home/user/.m2/repository/io/grpc/grpc-context/1.17.1/grpc-context-1.17.1.jar:/home/user/.m2/repository/com/google/errorprone/error_prone_annotations/2.2.0/error_prone_annotations-2.2.0.jar:/home/user/.m2/repository/org/codehaus/mojo/animal-sniffer-annotations/1.17/animal-sniffer-annotations-1.17.jar:/home/user/.m2/repository/io/opencensus/opencensus-api/0.17.0/opencensus-api-0.17.0.jar:/home/user/.m2/repository/io/opencensus/opencensus-contrib-grpc-metrics/0.17.0/opencensus-contrib-grpc-metrics-0.17.0.jar:/home/user/.m2/repository/io/netty/netty-codec-http2/4.1.30.Final/netty-codec-http2-4.1.30.Final.jar:/home/user/.m2/repository/io/netty/netty-codec-http/4.1.30.Final/netty-codec-http-4.1.30.Final.jar:/home/user/.m2/repository/io/netty/netty-codec/4.1.30.Final/netty-codec-4.1.30.Final.jar:/home/user/.m2/repository/io/netty/netty-handler/4.1.30.Final/netty-handler-4.1.30.Final.jar:/home/user/.m2/repository/io/netty/netty-handler-proxy/4.1.30.Final/netty-handler-proxy-4.1.30.Final.jar:/home/user/.m2/repository/io/netty/netty-codec-socks/4.1.30.Final/netty-codec-socks-4.1.30.Final.jar:/home/user/.m2/repository/io/netty/netty-transport-native-epoll/4.1.30.Final/netty-transport-native-epoll-4.1.30.Final.jar:/home/user/.m2/repository/io/netty/netty-common/4.1.30.Final/netty-common-4.1.30.Final.jar:/home/user/.m2/repository/io/netty/netty-buffer/4.1.30.Final/netty-buffer-4.1.30.Final.jar:/home/user/.m2/repository/io/netty/netty-transport/4.1.30.Final/netty-transport-4.1.30.Final.jar:/home/user/.m2/repository/io/netty/netty-resolver/4.1.30.Final/netty-resolver-4.1.30.Final.jar:/home/user/.m2/repository/io/netty/netty-transport-native-unix-common/4.1.30.Final/netty-transport-native-unix-common-4.1.30.Final.jar:/home/user/.m2/repository/io/grpc/grpc-protobuf/1.17.1/grpc-protobuf-1.17.1.jar:/home/user/.m2/repository/com/google/api/grpc/proto-google-common-protos/1.0.0/proto-google-common-protos-1.0.0.jar:/home/user/.m2/repository/io/grpc/grpc-protobuf-lite/1.17.1/grpc-protobuf-lite-1.17.1.jar:/home/user/.m2/repository/io/grpc/grpc-stub/1.17.1/grpc-stub-1.17.1.jar:/home/user/.m2/repository/org/apache/hadoop/hadoop-ozone-recon/0.5.0-SNAPSHOT/hadoop-ozone-recon-0.5.0-SNAPSHOT.jar:/home/user/.m2/repository/org/apache/hadoop/hadoop-ozone-reconcodegen/0.5.0-SNAPSHOT/hadoop-ozone-reconcodegen-0.5.0-SNAPSHOT.jar:/home/user/.m2/repository/com/google/inject/extensions/guice-multibindings/4.0/guice-multibindings-4.0.jar:/home/user/.m2/repository/com/google/inject/guice/4.0/guice-4.0.jar:/home/user/.m2/repository/aopalliance/aopalliance/1.0/aopalliance-1.0.jar:/home/user/.m2/repository/com/google/inject/extensions/guice-servlet/4.0/guice-servlet-4.0.jar:/home/user/.m2/repository/org/glassfish/jersey/containers/jersey-container-servlet/2.27/jersey-container-servlet-2.27.jar:/home/user/.m2/repository/org/glassfish/hk2/guice-bridge/2.5.0/guice-bridge-2.5.0.jar:/home/user/.m2/repository/org/glassfish/jersey/core/jersey-server/2.27/jersey-server-2.27.jar:/home/user/.m2/repository/org/glassfish/jersey/core/jersey-client/2.27/jersey-client-2.27.jar:/home/user/.m2/repository/org/glassfish/jersey/media/jersey-media-jaxb/2.27/jersey-media-jaxb-2.27.jar:/home/user/.m2/repository/javax/validation/validation-api/1.1.0.Final/validation-api-1.1.0.Final.jar:/home/user/.m2/repository/org/glassfish/jersey/media/jersey-media-json-jackson/2.27/jersey-media-json-jackson-2.27.jar:/home/user/.m2/repository/org/glassfish/jersey/ext/jersey-entity-filtering/2.27/jersey-entity-filtering-2.27.jar:/home/user/.m2/repository/com/google/inject/extensions/guice-assistedinject/4.0/guice-assistedinject-4.0.jar:/home/user/.m2/repository/org/jooq/jooq/3.11.10/jooq-3.11.10.jar:/home/user/.m2/repository/org/jooq/jooq-meta/3.11.10/jooq-meta-3.11.10.jar:/home/user/.m2/repository/org/jooq/jooq-codegen/3.11.10/jooq-codegen-3.11.10.jar:/home/user/.m2/repository/com/jolbox/bonecp/0.8.0.RELEASE/bonecp-0.8.0.RELEASE.jar:/home/user/.m2/repository/org/xerial/sqlite-jdbc/3.25.2/sqlite-jdbc-3.25.2.jar:/home/user/.m2/repository/org/springframework/spring-jdbc/5.1.3.RELEASE/spring-jdbc-5.1.3.RELEASE.jar:/home/user/.m2/repository/org/springframework/spring-beans/5.1.3.RELEASE/spring-beans-5.1.3.RELEASE.jar:/home/user/.m2/repository/org/springframework/spring-core/5.1.3.RELEASE/spring-core-5.1.3.RELEASE.jar:/home/user/.m2/repository/org/springframework/spring-jcl/5.1.3.RELEASE/spring-jcl-5.1.3.RELEASE.jar:/home/user/.m2/repository/org/springframework/spring-tx/5.1.3.RELEASE/spring-tx-5.1.3.RELEASE.jar:/home/user/.m2/repository/org/apache/hadoop/hadoop-ozone-client/0.5.0-SNAPSHOT/hadoop-ozone-client-0.5.0-SNAPSHOT.jar:/home/user/.m2/repository/commons-lang/commons-lang/2.6/commons-lang-2.6.jar:/home/user/.m2/repository/org/apache/hadoop/hadoop-ozone-ozone-manager/0.5.0-SNAPSHOT/hadoop-ozone-ozone-manager-0.5.0-SNAPSHOT-tests.jar:/home/user/.m2/repository/junit/junit/4.11/junit-4.11.jar:/home/user/.m2/repository/org/hamcrest/hamcrest-core/1.3/hamcrest-core-1.3.jar:/home/user/.m2/repository/org/openjdk/jmh/jmh-core/1.19/jmh-core-1.19.jar:/home/user/.m2/repository/net/sf/jopt-simple/jopt-simple/4.6/jopt-simple-4.6.jar:/home/user/.m2/repository/org/apache/commons/commons-math3/3.1.1/commons-math3-3.1.1.jar:/home/user/.m2/repository/org/openjdk/jmh/jmh-generator-annprocess/1.19/jmh-generator-annprocess-1.19.jar:/home/user/.m2/repository/org/mockito/mockito-all/1.8.5/mockito-all-1.8.5.jar:/home/user/.m2/repository/org/apache/hadoop/hadoop-kms/3.2.0/hadoop-kms-3.2.0.jar:/home/user/.m2/repository/org/apache/hadoop/hadoop-auth/3.2.0/hadoop-auth-3.2.0.jar:/home/user/.m2/repository/com/nimbusds/nimbus-jose-jwt/4.41.1/nimbus-jose-jwt-4.41.1.jar:/home/user/.m2/repository/com/github/stephenc/jcip/jcip-annotations/1.0-1/jcip-annotations-1.0-1.jar:/home/user/.m2/repository/net/minidev/json-smart/2.3/json-smart-2.3.jar:/home/user/.m2/repository/net/minidev/accessors-smart/1.2/accessors-smart-1.2.jar:/home/user/.m2/repository/org/ow2/asm/asm/5.0.4/asm-5.0.4.jar:/home/user/.m2/repository/org/apache/curator/curator-framework/2.12.0/curator-framework-2.12.0.jar:/home/user/.m2/repository/com/sun/jersey/jersey-core/1.19/jersey-core-1.19.jar:/home/user/.m2/repository/javax/ws/rs/jsr311-api/1.1.1/jsr311-api-1.1.1.jar:/home/user/.m2/repository/com/sun/jersey/jersey-server/1.19/jersey-server-1.19.jar:/home/user/.m2/repository/javax/servlet/javax.servlet-api/3.1.0/javax.servlet-api-3.1.0.jar:/home/user/.m2/repository/org/eclipse/jetty/jetty-server/9.3.25.v20180904/jetty-server-9.3.25.v20180904.jar:/home/user/.m2/repository/org/eclipse/jetty/jetty-http/9.3.25.v20180904/jetty-http-9.3.25.v20180904.jar:/home/user/.m2/repository/org/eclipse/jetty/jetty-io/9.3.25.v20180904/jetty-io-9.3.25.v20180904.jar:/home/user/.m2/repository/org/eclipse/jetty/jetty-webapp/9.3.25.v20180904/jetty-webapp-9.3.25.v20180904.jar:/home/user/.m2/repository/org/eclipse/jetty/jetty-xml/9.3.25.v20180904/jetty-xml-9.3.25.v20180904.jar:/home/user/.m2/repository/log4j/log4j/1.2.17/log4j-1.2.17.jar:/home/user/.m2/repository/org/slf4j/slf4j-api/1.7.25/slf4j-api-1.7.25.jar:/home/user/.m2/repository/org/slf4j/jul-to-slf4j/1.7.25/jul-to-slf4j-1.7.25.jar:/home/user/.m2/repository/org/eclipse/jetty/jetty-util/9.3.25.v20180904/jetty-util-9.3.25.v20180904.jar:/home/user/.m2/repository/com/fasterxml/jackson/core/jackson-databind/2.9.9/jackson-databind-2.9.9.jar:/home/user/.m2/repository/org/apache/hadoop/hadoop-kms/3.2.0/hadoop-kms-3.2.0-tests.jar:/home/user/.m2/repository/org/apache/hadoop/hadoop-hdds-server-scm/0.5.0-SNAPSHOT/hadoop-hdds-server-scm-0.5.0-SNAPSHOT-tests.jar:/home/user/.m2/repository/org/apache/hadoop/hadoop-hdds-container-service/0.5.0-SNAPSHOT/hadoop-hdds-container-service-0.5.0-SNAPSHOT-tests.jar:/home/user/.m2/repository/org/yaml/snakeyaml/1.16/snakeyaml-1.16.jar:/home/user/.m2/repository/org/apache/hadoop/hadoop-common/3.2.0/hadoop-common-3.2.0-tests.jar:/home/user/.m2/repository/org/apache/hadoop/hadoop-annotations/3.2.0/hadoop-annotations-3.2.0.jar:/usr/lib/jvm/java-1.8-openjdk/jre/../lib/tools.jar:/home/user/.m2/repository/commons-cli/commons-cli/1.2/commons-cli-1.2.jar:/home/user/.m2/repository/org/apache/httpcomponents/httpclient/4.5.2/httpclient-4.5.2.jar:/home/user/.m2/repository/org/apache/httpcomponents/httpcore/4.4.4/httpcore-4.4.4.jar:/home/user/.m2/repository/commons-codec/commons-codec/1.11/commons-codec-1.11.jar:/home/user/.m2/repository/commons-net/commons-net/3.6/commons-net-3.6.jar:/home/user/.m2/repository/commons-collections/commons-collections/3.2.2/commons-collections-3.2.2.jar:/home/user/.m2/repository/org/eclipse/jetty/jetty-servlet/9.3.25.v20180904/jetty-servlet-9.3.25.v20180904.jar:/home/user/.m2/repository/org/eclipse/jetty/jetty-security/9.3.25.v20180904/jetty-security-9.3.25.v20180904.jar:/home/user/.m2/repository/javax/servlet/jsp/jsp-api/2.1/jsp-api-2.1.jar:/home/user/.m2/repository/com/sun/jersey/jersey-servlet/1.19/jersey-servlet-1.19.jar:/home/user/.m2/repository/com/sun/jersey/jersey-json/1.19/jersey-json-1.19.jar:/home/user/.m2/repository/org/codehaus/jettison/jettison/1.1/jettison-1.1.jar:/home/user/.m2/repository/org/codehaus/jackson/jackson-core-asl/1.9.13/jackson-core-asl-1.9.13.jar:/home/user/.m2/repository/org/codehaus/jackson/jackson-mapper-asl/1.9.13/jackson-mapper-asl-1.9.13.jar:/home/user/.m2/repository/org/codehaus/jackson/jackson-jaxrs/1.9.13/jackson-jaxrs-1.9.13.jar:/home/user/.m2/repository/org/codehaus/jackson/jackson-xc/1.9.13/jackson-xc-1.9.13.jar:/home/user/.m2/repository/commons-logging/commons-logging/1.1.3/commons-logging-1.1.3.jar:/home/user/.m2/repository/commons-beanutils/commons-beanutils/1.9.4/commons-beanutils-1.9.4.jar:/home/user/.m2/repository/org/apache/commons/commons-configuration2/2.1.1/commons-configuration2-2.1.1.jar:/home/user/.m2/repository/org/apache/commons/commons-lang3/3.7/commons-lang3-3.7.jar:/home/user/.m2/repository/org/apache/commons/commons-text/1.4/commons-text-1.4.jar:/home/user/.m2/repository/org/apache/avro/avro/1.7.7/avro-1.7.7.jar:/home/user/.m2/repository/com/thoughtworks/paranamer/paranamer/2.3/paranamer-2.3.jar:/home/user/.m2/repository/org/xerial/snappy/snappy-java/1.0.5/snappy-java-1.0.5.jar:/home/user/.m2/repository/com/google/re2j/re2j/1.1/re2j-1.1.jar:/home/user/.m2/repository/com/google/code/gson/gson/2.2.4/gson-2.2.4.jar:/home/user/.m2/repository/com/jcraft/jsch/0.1.54/jsch-0.1.54.jar:/home/user/.m2/repository/org/apache/curator/curator-client/2.12.0/curator-client-2.12.0.jar:/home/user/.m2/repository/org/apache/curator/curator-recipes/2.12.0/curator-recipes-2.12.0.jar:/home/user/.m2/repository/com/google/code/findbugs/jsr305/3.0.0/jsr305-3.0.0.jar:/home/user/.m2/repository/org/apache/htrace/htrace-core4/4.1.0-incubating/htrace-core4-4.1.0-incubating.jar:/home/user/.m2/repository/org/apache/zookeeper/zookeeper/3.4.13/zookeeper-3.4.13.jar:/home/user/.m2/repository/jline/jline/0.9.94/jline-0.9.94.jar:/home/user/.m2/repository/org/apache/yetus/audience-annotations/0.5.0/audience-annotations-0.5.0.jar:/home/user/.m2/repository/org/codehaus/woodstox/stax2-api/3.1.4/stax2-api-3.1.4.jar:/home/user/.m2/repository/com/fasterxml/woodstox/woodstox-core/5.0.3/woodstox-core-5.0.3.jar:/home/user/.m2/repository/dnsjava/dnsjava/2.1.7/dnsjava-2.1.7.jar:/home/user/.m2/repository/org/apache/hadoop/hadoop-hdfs/3.2.0/hadoop-hdfs-3.2.0-tests.jar:/home/user/.m2/repository/org/eclipse/jetty/jetty-util-ajax/9.3.25.v20180904/jetty-util-ajax-9.3.25.v20180904.jar:/home/user/.m2/repository/commons-daemon/commons-daemon/1.0.13/commons-daemon-1.0.13.jar:/home/user/.m2/repository/io/netty/netty/3.10.5.Final/netty-3.10.5.Final.jar:/home/user/.m2/repository/io/netty/netty-all/4.0.52.Final/netty-all-4.0.52.Final.jar:/home/user/.m2/repository/org/fusesource/leveldbjni/leveldbjni-all/1.8/leveldbjni-all-1.8.jar:"/>
    <property name="java.vm.vendor" value="IcedTea"/>
    <property name="sun.arch.data.model" value="64"/>
    <property name="test.build.dir" value="/workdir/hadoop-ozone/integration-test/target/test-dir"/>
    <property name="test.cache.data" value=""/>
    <property name="java.vendor.url" value="https://icedtea.classpath.org"/>
    <property name="user.timezone" value=""/>
    <property name="java.vm.specification.version" value="1.8"/>
    <property name="os.name" value="Linux"/>
    <property name="test.build.data" value="/workdir/hadoop-ozone/integration-test/target/test-dir"/>
    <property name="user.country" value="US"/>
    <property name="sun.java.launcher" value="SUN_STANDARD"/>
    <property name="sun.boot.library.path" value="/usr/lib/jvm/java-1.8-openjdk/jre/lib/amd64"/>
    <property name="sun.java.command" value="/workdir/hadoop-ozone/integration-test/target/surefire/surefirebooter5961813079944636676.jar /workdir/hadoop-ozone/integration-test/target/surefire 2019-10-14T14-04-39_978-jvmRun1 surefire2200575462692174241tmp surefire_327460485976746625699tmp"/>
    <property name="test" value="!TestMiniChaosOzoneCluster"/>
    <property name="surefire.test.class.path" value="/workdir/hadoop-ozone/integration-test/target/test-classes:/workdir/hadoop-ozone/integration-test/target/classes:/home/user/.m2/repository/org/apache/hadoop/hadoop-ozone-common/0.5.0-SNAPSHOT/hadoop-ozone-common-0.5.0-SNAPSHOT.jar:/home/user/.m2/repository/org/apache/commons/commons-compress/1.4.1/commons-compress-1.4.1.jar:/home/user/.m2/repository/org/tukaani/xz/1.0/xz-1.0.jar:/home/user/.m2/repository/org/apache/hadoop/hadoop-common/3.2.0/hadoop-common-3.2.0.jar:/home/user/.m2/repository/org/apache/hadoop/hadoop-hdfs/3.2.0/hadoop-hdfs-3.2.0.jar:/home/user/.m2/repository/org/apache/hadoop/hadoop-hdfs-client/3.2.0/hadoop-hdfs-client-3.2.0.jar:/home/user/.m2/repository/com/fasterxml/jackson/core/jackson-annotations/2.9.9/jackson-annotations-2.9.9.jar:/home/user/.m2/repository/org/apache/hadoop/hadoop-hdds-common/0.5.0-SNAPSHOT/hadoop-hdds-common-0.5.0-SNAPSHOT.jar:/home/user/.m2/repository/javax/annotation/javax.annotation-api/1.2/javax.annotation-api-1.2.jar:/home/user/.m2/repository/org/apache/ratis/ratis-server/0.5.0-201fc85-SNAPSHOT/ratis-server-0.5.0-201fc85-SNAPSHOT.jar:/home/user/.m2/repository/org/apache/ratis/ratis-thirdparty-misc/0.2.0/ratis-thirdparty-misc-0.2.0.jar:/home/user/.m2/repository/org/apache/ratis/ratis-proto/0.5.0-201fc85-SNAPSHOT/ratis-proto-0.5.0-201fc85-SNAPSHOT.jar:/home/user/.m2/repository/org/apache/ratis/ratis-common/0.5.0-201fc85-SNAPSHOT/ratis-common-0.5.0-201fc85-SNAPSHOT.jar:/home/user/.m2/repository/org/apache/ratis/ratis-client/0.5.0-201fc85-SNAPSHOT/ratis-client-0.5.0-201fc85-SNAPSHOT.jar:/home/user/.m2/repository/org/apache/ratis/ratis-metrics/0.5.0-201fc85-SNAPSHOT/ratis-metrics-0.5.0-201fc85-SNAPSHOT.jar:/home/user/.m2/repository/com/github/joshelser/dropwizard-metrics-hadoop-metrics2-reporter/0.1.2/dropwizard-metrics-hadoop-metrics2-reporter-0.1.2.jar:/home/user/.m2/repository/io/dropwizard/metrics/metrics-jvm/3.2.5/metrics-jvm-3.2.5.jar:/home/user/.m2/repository/io/dropwizard/metrics/metrics-ganglia/3.2.5/metrics-ganglia-3.2.5.jar:/home/user/.m2/repository/info/ganglia/gmetric4j/gmetric4j/1.0.7/gmetric4j-1.0.7.jar:/home/user/.m2/repository/org/apache/ratis/ratis-netty/0.5.0-201fc85-SNAPSHOT/ratis-netty-0.5.0-201fc85-SNAPSHOT.jar:/home/user/.m2/repository/org/apache/ratis/ratis-grpc/0.5.0-201fc85-SNAPSHOT/ratis-grpc-0.5.0-201fc85-SNAPSHOT.jar:/home/user/.m2/repository/org/rocksdb/rocksdbjni/6.0.1/rocksdbjni-6.0.1.jar:/home/user/.m2/repository/org/apache/logging/log4j/log4j-api/2.11.0/log4j-api-2.11.0.jar:/home/user/.m2/repository/org/apache/logging/log4j/log4j-core/2.11.0/log4j-core-2.11.0.jar:/home/user/.m2/repository/com/lmax/disruptor/3.4.2/disruptor-3.4.2.jar:/home/user/.m2/repository/org/apache/commons/commons-pool2/2.6.0/commons-pool2-2.6.0.jar:/home/user/.m2/repository/org/bouncycastle/bcpkix-jdk15on/1.60/bcpkix-jdk15on-1.60.jar:/home/user/.m2/repository/commons-validator/commons-validator/1.6/commons-validator-1.6.jar:/home/user/.m2/repository/commons-digester/commons-digester/1.8.1/commons-digester-1.8.1.jar:/home/user/.m2/repository/io/jaegertracing/jaeger-client/0.34.0/jaeger-client-0.34.0.jar:/home/user/.m2/repository/io/jaegertracing/jaeger-thrift/0.34.0/jaeger-thrift-0.34.0.jar:/home/user/.m2/repository/org/apache/thrift/libthrift/0.12.0/libthrift-0.12.0.jar:/home/user/.m2/repository/com/squareup/okhttp3/okhttp/3.9.0/okhttp-3.9.0.jar:/home/user/.m2/repository/com/squareup/okio/okio/1.13.0/okio-1.13.0.jar:/home/user/.m2/repository/io/jaegertracing/jaeger-core/0.34.0/jaeger-core-0.34.0.jar:/home/user/.m2/repository/io/jaegertracing/jaeger-tracerresolver/0.34.0/jaeger-tracerresolver-0.34.0.jar:/home/user/.m2/repository/io/opentracing/contrib/opentracing-tracerresolver/0.1.5/opentracing-tracerresolver-0.1.5.jar:/home/user/.m2/repository/io/opentracing/opentracing-util/0.31.0/opentracing-util-0.31.0.jar:/home/user/.m2/repository/io/opentracing/opentracing-api/0.31.0/opentracing-api-0.31.0.jar:/home/user/.m2/repository/io/opentracing/opentracing-noop/0.31.0/opentracing-noop-0.31.0.jar:/home/user/.m2/repository/org/apache/hadoop/hadoop-hdds-server-framework/0.5.0-SNAPSHOT/hadoop-hdds-server-framework-0.5.0-SNAPSHOT.jar:/home/user/.m2/repository/org/apache/hadoop/hadoop-hdds-container-service/0.5.0-SNAPSHOT/hadoop-hdds-container-service-0.5.0-SNAPSHOT.jar:/home/user/.m2/repository/org/apache/hadoop/hadoop-hdds-client/0.5.0-SNAPSHOT/hadoop-hdds-client-0.5.0-SNAPSHOT.jar:/home/user/.m2/repository/org/apache/hadoop/hadoop-hdds-tools/0.5.0-SNAPSHOT/hadoop-hdds-tools-0.5.0-SNAPSHOT.jar:/home/user/.m2/repository/org/apache/hadoop/hadoop-hdds-server-scm/0.5.0-SNAPSHOT/hadoop-hdds-server-scm-0.5.0-SNAPSHOT.jar:/home/user/.m2/repository/org/apache/hadoop/hadoop-hdds-docs/0.5.0-SNAPSHOT/hadoop-hdds-docs-0.5.0-SNAPSHOT.jar:/home/user/.m2/repository/io/dropwizard/metrics/metrics-core/3.2.4/metrics-core-3.2.4.jar:/home/user/.m2/repository/org/hamcrest/hamcrest-all/1.3/hamcrest-all-1.3.jar:/home/user/.m2/repository/org/bouncycastle/bcprov-jdk15on/1.60/bcprov-jdk15on-1.60.jar:/home/user/.m2/repository/info/picocli/picocli/3.9.6/picocli-3.9.6.jar:/home/user/.m2/repository/com/google/protobuf/protobuf-java/2.5.0/protobuf-java-2.5.0.jar:/home/user/.m2/repository/com/google/guava/guava/11.0.2/guava-11.0.2.jar:/home/user/.m2/repository/org/apache/hadoop/hadoop-ozone-ozone-manager/0.5.0-SNAPSHOT/hadoop-ozone-ozone-manager-0.5.0-SNAPSHOT.jar:/home/user/.m2/repository/org/apache/hadoop/hadoop-minikdc/3.2.0/hadoop-minikdc-3.2.0.jar:/home/user/.m2/repository/commons-io/commons-io/2.5/commons-io-2.5.jar:/home/user/.m2/repository/org/apache/kerby/kerb-simplekdc/1.0.1/kerb-simplekdc-1.0.1.jar:/home/user/.m2/repository/org/apache/kerby/kerb-client/1.0.1/kerb-client-1.0.1.jar:/home/user/.m2/repository/org/apache/kerby/kerby-config/1.0.1/kerby-config-1.0.1.jar:/home/user/.m2/repository/org/apache/kerby/kerb-core/1.0.1/kerb-core-1.0.1.jar:/home/user/.m2/repository/org/apache/kerby/kerby-pkix/1.0.1/kerby-pkix-1.0.1.jar:/home/user/.m2/repository/org/apache/kerby/kerby-asn1/1.0.1/kerby-asn1-1.0.1.jar:/home/user/.m2/repository/org/apache/kerby/kerby-util/1.0.1/kerby-util-1.0.1.jar:/home/user/.m2/repository/org/apache/kerby/kerb-common/1.0.1/kerb-common-1.0.1.jar:/home/user/.m2/repository/org/apache/kerby/kerb-crypto/1.0.1/kerb-crypto-1.0.1.jar:/home/user/.m2/repository/org/apache/kerby/kerb-util/1.0.1/kerb-util-1.0.1.jar:/home/user/.m2/repository/org/apache/kerby/token-provider/1.0.1/token-provider-1.0.1.jar:/home/user/.m2/repository/org/apache/kerby/kerb-admin/1.0.1/kerb-admin-1.0.1.jar:/home/user/.m2/repository/org/apache/kerby/kerb-server/1.0.1/kerb-server-1.0.1.jar:/home/user/.m2/repository/org/apache/kerby/kerb-identity/1.0.1/kerb-identity-1.0.1.jar:/home/user/.m2/repository/org/apache/kerby/kerby-xdr/1.0.1/kerby-xdr-1.0.1.jar:/home/user/.m2/repository/org/slf4j/slf4j-log4j12/1.7.25/slf4j-log4j12-1.7.25.jar:/home/user/.m2/repository/org/apache/hadoop/hadoop-ozone-s3gateway/0.5.0-SNAPSHOT/hadoop-ozone-s3gateway-0.5.0-SNAPSHOT.jar:/home/user/.m2/repository/org/jboss/weld/servlet/weld-servlet/2.4.7.Final/weld-servlet-2.4.7.Final.jar:/home/user/.m2/repository/org/glassfish/jersey/containers/jersey-container-servlet-core/2.27/jersey-container-servlet-core-2.27.jar:/home/user/.m2/repository/org/glassfish/hk2/external/javax.inject/2.5.0-b42/javax.inject-2.5.0-b42.jar:/home/user/.m2/repository/org/glassfish/jersey/core/jersey-common/2.27/jersey-common-2.27.jar:/home/user/.m2/repository/org/glassfish/hk2/osgi-resource-locator/1.0.1/osgi-resource-locator-1.0.1.jar:/home/user/.m2/repository/javax/ws/rs/javax.ws.rs-api/2.1/javax.ws.rs-api-2.1.jar:/home/user/.m2/repository/org/glassfish/jersey/ext/cdi/jersey-cdi1x/2.27/jersey-cdi1x-2.27.jar:/home/user/.m2/repository/org/glassfish/jersey/inject/jersey-hk2/2.27/jersey-hk2-2.27.jar:/home/user/.m2/repository/org/glassfish/hk2/hk2-locator/2.5.0-b42/hk2-locator-2.5.0-b42.jar:/home/user/.m2/repository/org/javassist/javassist/3.22.0-CR2/javassist-3.22.0-CR2.jar:/home/user/.m2/repository/org/glassfish/hk2/hk2-api/2.5.0/hk2-api-2.5.0.jar:/home/user/.m2/repository/org/glassfish/hk2/external/jakarta.inject/2.5.0/jakarta.inject-2.5.0.jar:/home/user/.m2/repository/org/glassfish/hk2/hk2-utils/2.5.0/hk2-utils-2.5.0.jar:/home/user/.m2/repository/jakarta/annotation/jakarta.annotation-api/1.3.4/jakarta.annotation-api-1.3.4.jar:/home/user/.m2/repository/org/glassfish/hk2/external/aopalliance-repackaged/2.5.0/aopalliance-repackaged-2.5.0.jar:/home/user/.m2/repository/com/fasterxml/jackson/dataformat/jackson-dataformat-xml/2.9.0/jackson-dataformat-xml-2.9.0.jar:/home/user/.m2/repository/com/fasterxml/jackson/core/jackson-core/2.9.9/jackson-core-2.9.9.jar:/home/user/.m2/repository/com/fasterxml/jackson/module/jackson-module-jaxb-annotations/2.9.9/jackson-module-jaxb-annotations-2.9.9.jar:/home/user/.m2/repository/javax/enterprise/cdi-api/1.2/cdi-api-1.2.jar:/home/user/.m2/repository/javax/el/javax.el-api/3.0.0/javax.el-api-3.0.0.jar:/home/user/.m2/repository/javax/interceptor/javax.interceptor-api/1.2/javax.interceptor-api-1.2.jar:/home/user/.m2/repository/javax/inject/javax.inject/1/javax.inject-1.jar:/home/user/.m2/repository/com/sun/xml/bind/jaxb-impl/2.3.0.1/jaxb-impl-2.3.0.1.jar:/home/user/.m2/repository/com/sun/xml/bind/jaxb-core/2.3.0.1/jaxb-core-2.3.0.1.jar:/home/user/.m2/repository/javax/xml/bind/jaxb-api/2.3.0/jaxb-api-2.3.0.jar:/home/user/.m2/repository/javax/activation/activation/1.1.1/activation-1.1.1.jar:/home/user/.m2/repository/org/apache/hadoop/hadoop-ozone-csi/0.5.0-SNAPSHOT/hadoop-ozone-csi-0.5.0-SNAPSHOT.jar:/home/user/.m2/repository/com/google/protobuf/protobuf-java-util/3.5.1/protobuf-java-util-3.5.1.jar:/home/user/.m2/repository/org/apache/hadoop/hadoop-hdds-config/0.5.0-SNAPSHOT/hadoop-hdds-config-0.5.0-SNAPSHOT.jar:/home/user/.m2/repository/io/grpc/grpc-netty/1.17.1/grpc-netty-1.17.1.jar:/home/user/.m2/repository/io/grpc/grpc-core/1.17.1/grpc-core-1.17.1.jar:/home/user/.m2/repository/io/grpc/grpc-context/1.17.1/grpc-context-1.17.1.jar:/home/user/.m2/repository/com/google/errorprone/error_prone_annotations/2.2.0/error_prone_annotations-2.2.0.jar:/home/user/.m2/repository/org/codehaus/mojo/animal-sniffer-annotations/1.17/animal-sniffer-annotations-1.17.jar:/home/user/.m2/repository/io/opencensus/opencensus-api/0.17.0/opencensus-api-0.17.0.jar:/home/user/.m2/repository/io/opencensus/opencensus-contrib-grpc-metrics/0.17.0/opencensus-contrib-grpc-metrics-0.17.0.jar:/home/user/.m2/repository/io/netty/netty-codec-http2/4.1.30.Final/netty-codec-http2-4.1.30.Final.jar:/home/user/.m2/repository/io/netty/netty-codec-http/4.1.30.Final/netty-codec-http-4.1.30.Final.jar:/home/user/.m2/repository/io/netty/netty-codec/4.1.30.Final/netty-codec-4.1.30.Final.jar:/home/user/.m2/repository/io/netty/netty-handler/4.1.30.Final/netty-handler-4.1.30.Final.jar:/home/user/.m2/repository/io/netty/netty-handler-proxy/4.1.30.Final/netty-handler-proxy-4.1.30.Final.jar:/home/user/.m2/repository/io/netty/netty-codec-socks/4.1.30.Final/netty-codec-socks-4.1.30.Final.jar:/home/user/.m2/repository/io/netty/netty-transport-native-epoll/4.1.30.Final/netty-transport-native-epoll-4.1.30.Final.jar:/home/user/.m2/repository/io/netty/netty-common/4.1.30.Final/netty-common-4.1.30.Final.jar:/home/user/.m2/repository/io/netty/netty-buffer/4.1.30.Final/netty-buffer-4.1.30.Final.jar:/home/user/.m2/repository/io/netty/netty-transport/4.1.30.Final/netty-transport-4.1.30.Final.jar:/home/user/.m2/repository/io/netty/netty-resolver/4.1.30.Final/netty-resolver-4.1.30.Final.jar:/home/user/.m2/repository/io/netty/netty-transport-native-unix-common/4.1.30.Final/netty-transport-native-unix-common-4.1.30.Final.jar:/home/user/.m2/repository/io/grpc/grpc-protobuf/1.17.1/grpc-protobuf-1.17.1.jar:/home/user/.m2/repository/com/google/api/grpc/proto-google-common-protos/1.0.0/proto-google-common-protos-1.0.0.jar:/home/user/.m2/repository/io/grpc/grpc-protobuf-lite/1.17.1/grpc-protobuf-lite-1.17.1.jar:/home/user/.m2/repository/io/grpc/grpc-stub/1.17.1/grpc-stub-1.17.1.jar:/home/user/.m2/repository/org/apache/hadoop/hadoop-ozone-recon/0.5.0-SNAPSHOT/hadoop-ozone-recon-0.5.0-SNAPSHOT.jar:/home/user/.m2/repository/org/apache/hadoop/hadoop-ozone-reconcodegen/0.5.0-SNAPSHOT/hadoop-ozone-reconcodegen-0.5.0-SNAPSHOT.jar:/home/user/.m2/repository/com/google/inject/extensions/guice-multibindings/4.0/guice-multibindings-4.0.jar:/home/user/.m2/repository/com/google/inject/guice/4.0/guice-4.0.jar:/home/user/.m2/repository/aopalliance/aopalliance/1.0/aopalliance-1.0.jar:/home/user/.m2/repository/com/google/inject/extensions/guice-servlet/4.0/guice-servlet-4.0.jar:/home/user/.m2/repository/org/glassfish/jersey/containers/jersey-container-servlet/2.27/jersey-container-servlet-2.27.jar:/home/user/.m2/repository/org/glassfish/hk2/guice-bridge/2.5.0/guice-bridge-2.5.0.jar:/home/user/.m2/repository/org/glassfish/jersey/core/jersey-server/2.27/jersey-server-2.27.jar:/home/user/.m2/repository/org/glassfish/jersey/core/jersey-client/2.27/jersey-client-2.27.jar:/home/user/.m2/repository/org/glassfish/jersey/media/jersey-media-jaxb/2.27/jersey-media-jaxb-2.27.jar:/home/user/.m2/repository/javax/validation/validation-api/1.1.0.Final/validation-api-1.1.0.Final.jar:/home/user/.m2/repository/org/glassfish/jersey/media/jersey-media-json-jackson/2.27/jersey-media-json-jackson-2.27.jar:/home/user/.m2/repository/org/glassfish/jersey/ext/jersey-entity-filtering/2.27/jersey-entity-filtering-2.27.jar:/home/user/.m2/repository/com/google/inject/extensions/guice-assistedinject/4.0/guice-assistedinject-4.0.jar:/home/user/.m2/repository/org/jooq/jooq/3.11.10/jooq-3.11.10.jar:/home/user/.m2/repository/org/jooq/jooq-meta/3.11.10/jooq-meta-3.11.10.jar:/home/user/.m2/repository/org/jooq/jooq-codegen/3.11.10/jooq-codegen-3.11.10.jar:/home/user/.m2/repository/com/jolbox/bonecp/0.8.0.RELEASE/bonecp-0.8.0.RELEASE.jar:/home/user/.m2/repository/org/xerial/sqlite-jdbc/3.25.2/sqlite-jdbc-3.25.2.jar:/home/user/.m2/repository/org/springframework/spring-jdbc/5.1.3.RELEASE/spring-jdbc-5.1.3.RELEASE.jar:/home/user/.m2/repository/org/springframework/spring-beans/5.1.3.RELEASE/spring-beans-5.1.3.RELEASE.jar:/home/user/.m2/repository/org/springframework/spring-core/5.1.3.RELEASE/spring-core-5.1.3.RELEASE.jar:/home/user/.m2/repository/org/springframework/spring-jcl/5.1.3.RELEASE/spring-jcl-5.1.3.RELEASE.jar:/home/user/.m2/repository/org/springframework/spring-tx/5.1.3.RELEASE/spring-tx-5.1.3.RELEASE.jar:/home/user/.m2/repository/org/apache/hadoop/hadoop-ozone-client/0.5.0-SNAPSHOT/hadoop-ozone-client-0.5.0-SNAPSHOT.jar:/home/user/.m2/repository/commons-lang/commons-lang/2.6/commons-lang-2.6.jar:/home/user/.m2/repository/org/apache/hadoop/hadoop-ozone-ozone-manager/0.5.0-SNAPSHOT/hadoop-ozone-ozone-manager-0.5.0-SNAPSHOT-tests.jar:/home/user/.m2/repository/junit/junit/4.11/junit-4.11.jar:/home/user/.m2/repository/org/hamcrest/hamcrest-core/1.3/hamcrest-core-1.3.jar:/home/user/.m2/repository/org/openjdk/jmh/jmh-core/1.19/jmh-core-1.19.jar:/home/user/.m2/repository/net/sf/jopt-simple/jopt-simple/4.6/jopt-simple-4.6.jar:/home/user/.m2/repository/org/apache/commons/commons-math3/3.1.1/commons-math3-3.1.1.jar:/home/user/.m2/repository/org/openjdk/jmh/jmh-generator-annprocess/1.19/jmh-generator-annprocess-1.19.jar:/home/user/.m2/repository/org/mockito/mockito-all/1.8.5/mockito-all-1.8.5.jar:/home/user/.m2/repository/org/apache/hadoop/hadoop-kms/3.2.0/hadoop-kms-3.2.0.jar:/home/user/.m2/repository/org/apache/hadoop/hadoop-auth/3.2.0/hadoop-auth-3.2.0.jar:/home/user/.m2/repository/com/nimbusds/nimbus-jose-jwt/4.41.1/nimbus-jose-jwt-4.41.1.jar:/home/user/.m2/repository/com/github/stephenc/jcip/jcip-annotations/1.0-1/jcip-annotations-1.0-1.jar:/home/user/.m2/repository/net/minidev/json-smart/2.3/json-smart-2.3.jar:/home/user/.m2/repository/net/minidev/accessors-smart/1.2/accessors-smart-1.2.jar:/home/user/.m2/repository/org/ow2/asm/asm/5.0.4/asm-5.0.4.jar:/home/user/.m2/repository/org/apache/curator/curator-framework/2.12.0/curator-framework-2.12.0.jar:/home/user/.m2/repository/com/sun/jersey/jersey-core/1.19/jersey-core-1.19.jar:/home/user/.m2/repository/javax/ws/rs/jsr311-api/1.1.1/jsr311-api-1.1.1.jar:/home/user/.m2/repository/com/sun/jersey/jersey-server/1.19/jersey-server-1.19.jar:/home/user/.m2/repository/javax/servlet/javax.servlet-api/3.1.0/javax.servlet-api-3.1.0.jar:/home/user/.m2/repository/org/eclipse/jetty/jetty-server/9.3.25.v20180904/jetty-server-9.3.25.v20180904.jar:/home/user/.m2/repository/org/eclipse/jetty/jetty-http/9.3.25.v20180904/jetty-http-9.3.25.v20180904.jar:/home/user/.m2/repository/org/eclipse/jetty/jetty-io/9.3.25.v20180904/jetty-io-9.3.25.v20180904.jar:/home/user/.m2/repository/org/eclipse/jetty/jetty-webapp/9.3.25.v20180904/jetty-webapp-9.3.25.v20180904.jar:/home/user/.m2/repository/org/eclipse/jetty/jetty-xml/9.3.25.v20180904/jetty-xml-9.3.25.v20180904.jar:/home/user/.m2/repository/log4j/log4j/1.2.17/log4j-1.2.17.jar:/home/user/.m2/repository/org/slf4j/slf4j-api/1.7.25/slf4j-api-1.7.25.jar:/home/user/.m2/repository/org/slf4j/jul-to-slf4j/1.7.25/jul-to-slf4j-1.7.25.jar:/home/user/.m2/repository/org/eclipse/jetty/jetty-util/9.3.25.v20180904/jetty-util-9.3.25.v20180904.jar:/home/user/.m2/repository/com/fasterxml/jackson/core/jackson-databind/2.9.9/jackson-databind-2.9.9.jar:/home/user/.m2/repository/org/apache/hadoop/hadoop-kms/3.2.0/hadoop-kms-3.2.0-tests.jar:/home/user/.m2/repository/org/apache/hadoop/hadoop-hdds-server-scm/0.5.0-SNAPSHOT/hadoop-hdds-server-scm-0.5.0-SNAPSHOT-tests.jar:/home/user/.m2/repository/org/apache/hadoop/hadoop-hdds-container-service/0.5.0-SNAPSHOT/hadoop-hdds-container-service-0.5.0-SNAPSHOT-tests.jar:/home/user/.m2/repository/org/yaml/snakeyaml/1.16/snakeyaml-1.16.jar:/home/user/.m2/repository/org/apache/hadoop/hadoop-common/3.2.0/hadoop-common-3.2.0-tests.jar:/home/user/.m2/repository/org/apache/hadoop/hadoop-annotations/3.2.0/hadoop-annotations-3.2.0.jar:/usr/lib/jvm/java-1.8-openjdk/jre/../lib/tools.jar:/home/user/.m2/repository/commons-cli/commons-cli/1.2/commons-cli-1.2.jar:/home/user/.m2/repository/org/apache/httpcomponents/httpclient/4.5.2/httpclient-4.5.2.jar:/home/user/.m2/repository/org/apache/httpcomponents/httpcore/4.4.4/httpcore-4.4.4.jar:/home/user/.m2/repository/commons-codec/commons-codec/1.11/commons-codec-1.11.jar:/home/user/.m2/repository/commons-net/commons-net/3.6/commons-net-3.6.jar:/home/user/.m2/repository/commons-collections/commons-collections/3.2.2/commons-collections-3.2.2.jar:/home/user/.m2/repository/org/eclipse/jetty/jetty-servlet/9.3.25.v20180904/jetty-servlet-9.3.25.v20180904.jar:/home/user/.m2/repository/org/eclipse/jetty/jetty-security/9.3.25.v20180904/jetty-security-9.3.25.v20180904.jar:/home/user/.m2/repository/javax/servlet/jsp/jsp-api/2.1/jsp-api-2.1.jar:/home/user/.m2/repository/com/sun/jersey/jersey-servlet/1.19/jersey-servlet-1.19.jar:/home/user/.m2/repository/com/sun/jersey/jersey-json/1.19/jersey-json-1.19.jar:/home/user/.m2/repository/org/codehaus/jettison/jettison/1.1/jettison-1.1.jar:/home/user/.m2/repository/org/codehaus/jackson/jackson-core-asl/1.9.13/jackson-core-asl-1.9.13.jar:/home/user/.m2/repository/org/codehaus/jackson/jackson-mapper-asl/1.9.13/jackson-mapper-asl-1.9.13.jar:/home/user/.m2/repository/org/codehaus/jackson/jackson-jaxrs/1.9.13/jackson-jaxrs-1.9.13.jar:/home/user/.m2/repository/org/codehaus/jackson/jackson-xc/1.9.13/jackson-xc-1.9.13.jar:/home/user/.m2/repository/commons-logging/commons-logging/1.1.3/commons-logging-1.1.3.jar:/home/user/.m2/repository/commons-beanutils/commons-beanutils/1.9.4/commons-beanutils-1.9.4.jar:/home/user/.m2/repository/org/apache/commons/commons-configuration2/2.1.1/commons-configuration2-2.1.1.jar:/home/user/.m2/repository/org/apache/commons/commons-lang3/3.7/commons-lang3-3.7.jar:/home/user/.m2/repository/org/apache/commons/commons-text/1.4/commons-text-1.4.jar:/home/user/.m2/repository/org/apache/avro/avro/1.7.7/avro-1.7.7.jar:/home/user/.m2/repository/com/thoughtworks/paranamer/paranamer/2.3/paranamer-2.3.jar:/home/user/.m2/repository/org/xerial/snappy/snappy-java/1.0.5/snappy-java-1.0.5.jar:/home/user/.m2/repository/com/google/re2j/re2j/1.1/re2j-1.1.jar:/home/user/.m2/repository/com/google/code/gson/gson/2.2.4/gson-2.2.4.jar:/home/user/.m2/repository/com/jcraft/jsch/0.1.54/jsch-0.1.54.jar:/home/user/.m2/repository/org/apache/curator/curator-client/2.12.0/curator-client-2.12.0.jar:/home/user/.m2/repository/org/apache/curator/curator-recipes/2.12.0/curator-recipes-2.12.0.jar:/home/user/.m2/repository/com/google/code/findbugs/jsr305/3.0.0/jsr305-3.0.0.jar:/home/user/.m2/repository/org/apache/htrace/htrace-core4/4.1.0-incubating/htrace-core4-4.1.0-incubating.jar:/home/user/.m2/repository/org/apache/zookeeper/zookeeper/3.4.13/zookeeper-3.4.13.jar:/home/user/.m2/repository/jline/jline/0.9.94/jline-0.9.94.jar:/home/user/.m2/repository/org/apache/yetus/audience-annotations/0.5.0/audience-annotations-0.5.0.jar:/home/user/.m2/repository/org/codehaus/woodstox/stax2-api/3.1.4/stax2-api-3.1.4.jar:/home/user/.m2/repository/com/fasterxml/woodstox/woodstox-core/5.0.3/woodstox-core-5.0.3.jar:/home/user/.m2/repository/dnsjava/dnsjava/2.1.7/dnsjava-2.1.7.jar:/home/user/.m2/repository/org/apache/hadoop/hadoop-hdfs/3.2.0/hadoop-hdfs-3.2.0-tests.jar:/home/user/.m2/repository/org/eclipse/jetty/jetty-util-ajax/9.3.25.v20180904/jetty-util-ajax-9.3.25.v20180904.jar:/home/user/.m2/repository/commons-daemon/commons-daemon/1.0.13/commons-daemon-1.0.13.jar:/home/user/.m2/repository/io/netty/netty/3.10.5.Final/netty-3.10.5.Final.jar:/home/user/.m2/repository/io/netty/netty-all/4.0.52.Final/netty-all-4.0.52.Final.jar:/home/user/.m2/repository/org/fusesource/leveldbjni/leveldbjni-all/1.8/leveldbjni-all-1.8.jar:"/>
    <property name="sun.cpu.endian" value="little"/>
    <property name="user.home" value="/home/user"/>
    <property name="user.language" value="en"/>
    <property name="java.specification.vendor" value="Oracle Corporation"/>
    <property name="java.home" value="/usr/lib/jvm/java-1.8-openjdk/jre"/>
    <property name="surefire.excludesFile" value="/tools/ozone-bad-unit-tests"/>
    <property name="java.security.krb5.conf" value="/workdir/hadoop-ozone/integration-test/target/test-classes/krb5.conf"/>
    <property name="basedir" value="/workdir/hadoop-ozone/integration-test"/>
    <property name="file.separator" value="/"/>
    <property name="line.separator" value="&#10;"/>
    <property name="java.vm.specification.vendor" value="Oracle Corporation"/>
    <property name="java.specification.name" value="Java Platform API Specification"/>
    <property name="java.awt.graphicsenv" value="sun.awt.X11GraphicsEnvironment"/>
    <property name="surefire.real.class.path" value="/workdir/hadoop-ozone/integration-test/target/surefire/surefirebooter5961813079944636676.jar"/>
    <property name="hadoop.log.dir" value="/workdir/hadoop-ozone/integration-test/target/log"/>
    <property name="sun.boot.class.path" value="/usr/lib/jvm/java-1.8-openjdk/jre/lib/resources.jar:/usr/lib/jvm/java-1.8-openjdk/jre/lib/rt.jar:/usr/lib/jvm/java-1.8-openjdk/jre/lib/sunrsasign.jar:/usr/lib/jvm/java-1.8-openjdk/jre/lib/jsse.jar:/usr/lib/jvm/java-1.8-openjdk/jre/lib/jce.jar:/usr/lib/jvm/java-1.8-openjdk/jre/lib/charsets.jar:/usr/lib/jvm/java-1.8-openjdk/jre/lib/jfr.jar:/usr/lib/jvm/java-1.8-openjdk/jre/classes"/>
    <property name="sun.management.compiler" value="HotSpot 64-Bit Tiered Compilers"/>
    <property name="java.runtime.version" value="1.8.0_212-b04"/>
    <property name="java.net.preferIPv4Stack" value="true"/>
    <property name="user.name" value="jenkins1000"/>
    <property name="path.separator" value=":"/>
    <property name="java.security.egd" value="file:///dev/urandom"/>
    <property name="os.version" value="3.10.0-957.12.2.el7.x86_64"/>
    <property name="java.endorsed.dirs" value="/usr/lib/jvm/java-1.8-openjdk/jre/lib/endorsed"/>
    <property name="java.runtime.name" value="OpenJDK Runtime Environment"/>
    <property name="file.encoding" value="UTF-8"/>
    <property name="java.vm.name" value="OpenJDK 64-Bit Server VM"/>
    <property name="test.build.webapps" value=""/>
    <property name="localRepository" value="/home/user/.m2/repository"/>
    <property name="java.vendor.url.bug" value="https://icedtea.classpath.org/bugzilla"/>
    <property name="java.io.tmpdir" value="/tmp"/>
    <property name="require.test.libhadoop" value=""/>
    <property name="java.version" value="1.8.0_212"/>
    <property name="user.dir" value="/workdir/hadoop-ozone/integration-test"/>
    <property name="os.arch" value="amd64"/>
    <property name="java.vm.specification.name" value="Java Virtual Machine Specification"/>
    <property name="test.build.classes" value="/workdir/hadoop-ozone/integration-test/target/test-classes"/>
    <property name="java.awt.printerjob" value="sun.print.PSPrinterJob"/>
    <property name="sun.os.patch.level" value="unknown"/>
    <property name="hadoop.tmp.dir" value="/workdir/hadoop-ozone/integration-test/target/tmp"/>
    <property name="java.library.path" value="/usr/lib/jvm/java-1.8-openjdk/jre/lib/amd64/server:/usr/lib/jvm/java-1.8-openjdk/jre/lib/amd64:/usr/lib/jvm/java-1.8-openjdk/jre/../lib/amd64:/workdir/hadoop-ozone/integration-test/target/native/target/usr/local/lib:/workdir/hadoop-ozone/integration-test/../../hadoop-common-project/hadoop-common/target/native/target/usr/local/lib:/usr/java/packages/lib/amd64:/usr/lib64:/lib64:/lib:/usr/lib"/>
    <property name="java.vm.info" value="mixed mode"/>
    <property name="java.vendor" value="IcedTea"/>
    <property name="java.vm.version" value="25.212-b04"/>
    <property name="java.ext.dirs" value="/usr/lib/jvm/java-1.8-openjdk/jre/lib/ext:/usr/java/packages/lib/ext"/>
    <property name="sun.io.unicode.encoding" value="UnicodeLittle"/>
    <property name="java.class.version" value="52.0"/>
  </properties>
  <testcase name="test2DatanodesFailure" classname="org.apache.hadoop.ozone.client.rpc.TestBlockOutputStreamWithFailures" time="104.551"/>
  <testcase name="testDatanodeFailureWithPreAllocation" classname="org.apache.hadoop.ozone.client.rpc.TestBlockOutputStreamWithFailures" time="235.677"/>
  <testcase name="testDatanodeFailureWithSingleNodeRatis" classname="org.apache.hadoop.ozone.client.rpc.TestBlockOutputStreamWithFailures" time="223.821"/>
  <testcase name="testWatchForCommitWithSingleNodeRatis" classname="org.apache.hadoop.ozone.client.rpc.TestBlockOutputStreamWithFailures" time="36.32"/>
  <testcase name="testWatchForCommitDatanodeFailure" classname="org.apache.hadoop.ozone.client.rpc.TestBlockOutputStreamWithFailures" time="49.59">
    <failure message="expected:&lt;2&gt; but was:&lt;3&gt;" type="java.lang.AssertionError"><![CDATA[java.lang.AssertionError: expected:<2> but was:<3>
	at org.junit.Assert.fail(Assert.java:88)
	at org.junit.Assert.failNotEquals(Assert.java:743)
	at org.junit.Assert.assertEquals(Assert.java:118)
	at org.junit.Assert.assertEquals(Assert.java:555)
	at org.junit.Assert.assertEquals(Assert.java:542)
	at org.apache.hadoop.ozone.client.rpc.TestBlockOutputStreamWithFailures.testWatchForCommitDatanodeFailure(TestBlockOutputStreamWithFailures.java:366)
	at sun.reflect.NativeMethodAccessorImpl.invoke0(Native Method)
	at sun.reflect.NativeMethodAccessorImpl.invoke(NativeMethodAccessorImpl.java:62)
	at sun.reflect.DelegatingMethodAccessorImpl.invoke(DelegatingMethodAccessorImpl.java:43)
	at java.lang.reflect.Method.invoke(Method.java:498)
	at org.junit.runners.model.FrameworkMethod$1.runReflectiveCall(FrameworkMethod.java:47)
	at org.junit.internal.runners.model.ReflectiveCallable.run(ReflectiveCallable.java:12)
	at org.junit.runners.model.FrameworkMethod.invokeExplosively(FrameworkMethod.java:44)
	at org.junit.internal.runners.statements.InvokeMethod.evaluate(InvokeMethod.java:17)
	at org.junit.internal.runners.statements.RunBefores.evaluate(RunBefores.java:26)
	at org.junit.internal.runners.statements.RunAfters.evaluate(RunAfters.java:27)
	at org.junit.runners.ParentRunner.runLeaf(ParentRunner.java:271)
	at org.junit.runners.BlockJUnit4ClassRunner.runChild(BlockJUnit4ClassRunner.java:70)
	at org.junit.runners.BlockJUnit4ClassRunner.runChild(BlockJUnit4ClassRunner.java:50)
	at org.junit.runners.ParentRunner$3.run(ParentRunner.java:238)
	at org.junit.runners.ParentRunner$1.schedule(ParentRunner.java:63)
	at org.junit.runners.ParentRunner.runChildren(ParentRunner.java:236)
	at org.junit.runners.ParentRunner.access$000(ParentRunner.java:53)
	at org.junit.runners.ParentRunner$2.evaluate(ParentRunner.java:229)
	at org.junit.runners.ParentRunner.run(ParentRunner.java:309)
	at org.apache.maven.surefire.junit4.JUnit4Provider.execute(JUnit4Provider.java:365)
	at org.apache.maven.surefire.junit4.JUnit4Provider.executeWithRerun(JUnit4Provider.java:273)
	at org.apache.maven.surefire.junit4.JUnit4Provider.executeTestSet(JUnit4Provider.java:238)
	at org.apache.maven.surefire.junit4.JUnit4Provider.invoke(JUnit4Provider.java:159)
	at org.apache.maven.surefire.booter.ForkedBooter.invokeProviderInSameClassLoader(ForkedBooter.java:384)
	at org.apache.maven.surefire.booter.ForkedBooter.runSuitesInProcess(ForkedBooter.java:345)
	at org.apache.maven.surefire.booter.ForkedBooter.execute(ForkedBooter.java:126)
	at org.apache.maven.surefire.booter.ForkedBooter.main(ForkedBooter.java:418)
]]></failure>
    <system-out><![CDATA[2019-10-14 14:37:36,236 [main] WARN  server.ServerUtils (ServerUtils.java:getScmDbDir(145)) - ozone.scm.db.dirs is not configured. We recommend adding this setting. Falling back to ozone.metadata.dirs instead.
2019-10-14 14:37:36,252 [main] WARN  server.ServerUtils (ServerUtils.java:getScmDbDir(145)) - ozone.scm.db.dirs is not configured. We recommend adding this setting. Falling back to ozone.metadata.dirs instead.
2019-10-14 14:37:36,253 [main] WARN  server.ServerUtils (ServerUtils.java:getScmDbDir(145)) - ozone.scm.db.dirs is not configured. We recommend adding this setting. Falling back to ozone.metadata.dirs instead.
2019-10-14 14:37:36,253 [main] INFO  db.DBStoreBuilder (DBStoreBuilder.java:addTable(117)) - using custom profile for table: deletedBlocks
2019-10-14 14:37:36,253 [main] INFO  db.DBStoreBuilder (DBStoreBuilder.java:processTables(168)) - Using default column profile:DBProfile.DISK for Table:deletedBlocks
2019-10-14 14:37:36,254 [main] INFO  db.DBStoreBuilder (DBStoreBuilder.java:addTable(117)) - using custom profile for table: validCerts
2019-10-14 14:37:36,254 [main] INFO  db.DBStoreBuilder (DBStoreBuilder.java:processTables(168)) - Using default column profile:DBProfile.DISK for Table:validCerts
2019-10-14 14:37:36,254 [main] INFO  db.DBStoreBuilder (DBStoreBuilder.java:addTable(117)) - using custom profile for table: revokedCerts
2019-10-14 14:37:36,255 [main] INFO  db.DBStoreBuilder (DBStoreBuilder.java:processTables(168)) - Using default column profile:DBProfile.DISK for Table:revokedCerts
2019-10-14 14:37:36,255 [main] INFO  db.DBStoreBuilder (DBStoreBuilder.java:addTable(117)) - using custom profile for table: default
2019-10-14 14:37:36,255 [main] INFO  db.DBStoreBuilder (DBStoreBuilder.java:processTables(174)) - Using default column profile:DBProfile.DISK for Table:default
2019-10-14 14:37:36,255 [main] INFO  db.DBStoreBuilder (DBStoreBuilder.java:getDbProfile(205)) - Using default options. DBProfile.DISK
2019-10-14 14:37:36,412 [main] INFO  net.NodeSchemaLoader (NodeSchemaLoader.java:loadSchemaFromFile(125)) - Loading file from sun.misc.CompoundEnumeration@2f2e4bde
2019-10-14 14:37:36,412 [main] INFO  net.NodeSchemaLoader (NodeSchemaLoader.java:loadSchema(171)) - Loading network topology layer schema file
2019-10-14 14:37:36,417 [main] INFO  node.SCMNodeManager (SCMNodeManager.java:<init>(116)) - Entering startup safe mode.
2019-10-14 14:37:36,418 [main] INFO  algorithms.ContainerPlacementPolicyFactory (ContainerPlacementPolicyFactory.java:getPolicy(57)) - Create container placement policy of type org.apache.hadoop.hdds.scm.container.placement.algorithms.SCMContainerPlacementRandom
2019-10-14 14:37:36,418 [main] WARN  server.ServerUtils (ServerUtils.java:getScmDbDir(145)) - ozone.scm.db.dirs is not configured. We recommend adding this setting. Falling back to ozone.metadata.dirs instead.
2019-10-14 14:37:36,470 [main] INFO  pipeline.SCMPipelineManager (SCMPipelineManager.java:initializePipelineState(132)) - No pipeline exists in current db
2019-10-14 14:37:36,471 [main] WARN  server.ServerUtils (ServerUtils.java:getScmDbDir(145)) - ozone.scm.db.dirs is not configured. We recommend adding this setting. Falling back to ozone.metadata.dirs instead.
2019-10-14 14:37:36,505 [main] WARN  events.EventQueue (EventQueue.java:fireEvent(183)) - No event handler registered for event TypedEvent{payloadType=SafeModeStatus, name='SafeModeStatus'}
2019-10-14 14:37:36,506 [main] INFO  ipc.CallQueueManager (CallQueueManager.java:<init>(84)) - Using callQueue: class java.util.concurrent.LinkedBlockingQueue, queueCapacity: 2000, scheduler: class org.apache.hadoop.ipc.DefaultRpcScheduler, ipcBackoff: false.
2019-10-14 14:37:36,507 [Socket Reader #1 for port 45488] INFO  ipc.Server (Server.java:run(1074)) - Starting Socket Reader #1 for port 45488
2019-10-14 14:37:36,510 [main] INFO  ipc.CallQueueManager (CallQueueManager.java:<init>(84)) - Using callQueue: class java.util.concurrent.LinkedBlockingQueue, queueCapacity: 2000, scheduler: class org.apache.hadoop.ipc.DefaultRpcScheduler, ipcBackoff: false.
2019-10-14 14:37:36,510 [Socket Reader #1 for port 33553] INFO  ipc.Server (Server.java:run(1074)) - Starting Socket Reader #1 for port 33553
2019-10-14 14:37:36,512 [main] INFO  ipc.CallQueueManager (CallQueueManager.java:<init>(84)) - Using callQueue: class java.util.concurrent.LinkedBlockingQueue, queueCapacity: 2000, scheduler: class org.apache.hadoop.ipc.DefaultRpcScheduler, ipcBackoff: false.
2019-10-14 14:37:36,513 [Socket Reader #1 for port 41931] INFO  ipc.Server (Server.java:run(1074)) - Starting Socket Reader #1 for port 41931
2019-10-14 14:37:36,515 [main] INFO  hdfs.DFSUtil (DFSUtil.java:httpServerTemplateForNNAndJN(1641)) - Starting Web-server for scm at: http://0.0.0.0:0
2019-10-14 14:37:36,517 [main] INFO  server.AuthenticationFilter (AuthenticationFilter.java:constructSecretProvider(240)) - Unable to initialize FileSignerSecretProvider, falling back to use random secrets.
2019-10-14 14:37:36,518 [main] WARN  http.HttpRequestLog (HttpRequestLog.java:getRequestLog(97)) - Jetty request log can only be enabled using Log4j
2019-10-14 14:37:36,519 [main] INFO  http.HttpServer2 (HttpServer2.java:addGlobalFilter(975)) - Added global filter 'safety' (class=org.apache.hadoop.http.HttpServer2$QuotingInputFilter)
2019-10-14 14:37:36,520 [main] INFO  http.HttpServer2 (HttpServer2.java:addFilter(948)) - Added filter static_user_filter (class=org.apache.hadoop.http.lib.StaticUserWebFilter$StaticUserFilter) to context scm
2019-10-14 14:37:36,520 [main] INFO  http.HttpServer2 (HttpServer2.java:addFilter(958)) - Added filter static_user_filter (class=org.apache.hadoop.http.lib.StaticUserWebFilter$StaticUserFilter) to context static
2019-10-14 14:37:36,520 [main] INFO  http.HttpServer2 (HttpServer2.java:addFilter(958)) - Added filter static_user_filter (class=org.apache.hadoop.http.lib.StaticUserWebFilter$StaticUserFilter) to context logs
2019-10-14 14:37:36,522 [main] INFO  server.StorageContainerManager (StorageContainerManager.java:start(772)) - StorageContainerLocationProtocol RPC server is listening at /0.0.0.0:41931
2019-10-14 14:37:36,524 [main] WARN  impl.MetricsConfig (MetricsConfig.java:loadFirst(134)) - Cannot locate configuration: tried hadoop-metrics2-storagecontainermanager.properties,hadoop-metrics2.properties
2019-10-14 14:37:36,525 [main] INFO  impl.MetricsSystemImpl (MetricsSystemImpl.java:startTimer(374)) - Scheduled Metric snapshot period at 10 second(s).
2019-10-14 14:37:36,525 [main] INFO  impl.MetricsSystemImpl (MetricsSystemImpl.java:start(191)) - StorageContainerManager metrics system started
2019-10-14 14:37:36,651 [main] WARN  impl.MetricsSystemImpl (MetricsSystemImpl.java:register(276)) - Sink prometheus already exists!
2019-10-14 14:37:36,727 [main] INFO  server.SCMClientProtocolServer (SCMClientProtocolServer.java:start(159)) - RPC server for Client  is listening at /0.0.0.0:41931
2019-10-14 14:37:36,728 [IPC Server Responder] INFO  ipc.Server (Server.java:run(1314)) - IPC Server Responder: starting
2019-10-14 14:37:36,728 [IPC Server listener on 41931] INFO  ipc.Server (Server.java:run(1153)) - IPC Server listener on 41931: starting
2019-10-14 14:37:36,733 [main] INFO  server.StorageContainerManager (StorageContainerManager.java:start(782)) - ScmBlockLocationProtocol RPC server is listening at /0.0.0.0:33553
2019-10-14 14:37:36,733 [main] INFO  server.SCMBlockProtocolServer (SCMBlockProtocolServer.java:start(146)) - RPC server for Block Protocol is listening at /0.0.0.0:33553
2019-10-14 14:37:36,733 [IPC Server Responder] INFO  ipc.Server (Server.java:run(1314)) - IPC Server Responder: starting
2019-10-14 14:37:36,734 [IPC Server listener on 33553] INFO  ipc.Server (Server.java:run(1153)) - IPC Server listener on 33553: starting
2019-10-14 14:37:36,738 [main] INFO  server.StorageContainerManager (StorageContainerManager.java:start(786)) - ScmDatanodeProtocl RPC server is listening at /0.0.0.0:45488
2019-10-14 14:37:36,738 [main] INFO  server.SCMDatanodeProtocolServer (SCMDatanodeProtocolServer.java:start(169)) - RPC server for DataNodes is listening at /0.0.0.0:45488
2019-10-14 14:37:36,739 [IPC Server Responder] INFO  ipc.Server (Server.java:run(1314)) - IPC Server Responder: starting
2019-10-14 14:37:36,739 [IPC Server listener on 45488] INFO  ipc.Server (Server.java:run(1153)) - IPC Server listener on 45488: starting
2019-10-14 14:37:36,743 [main] INFO  http.HttpServer2 (HttpServer2.java:bindListener(1191)) - Jetty bound to port 33306
2019-10-14 14:37:36,743 [main] INFO  server.Server (Server.java:doStart(351)) - jetty-9.3.25.v20180904, build timestamp: 2018-09-04T21:11:46Z, git hash: 3ce520221d0240229c862b122d2b06c12a625732
2019-10-14 14:37:36,745 [main] INFO  handler.ContextHandler (ContextHandler.java:doStart(781)) - Started o.e.j.s.ServletContextHandler@2dbfa972{/logs,file:///workdir/hadoop-ozone/integration-test/target/log,AVAILABLE}
2019-10-14 14:37:36,746 [main] INFO  handler.ContextHandler (ContextHandler.java:doStart(781)) - Started o.e.j.s.ServletContextHandler@41aebbb4{/static,file:///workdir/hadoop-ozone/integration-test/target/test-classes/webapps/static,AVAILABLE}
2019-10-14 14:37:36,749 [main] INFO  handler.ContextHandler (ContextHandler.java:doStart(781)) - Started o.e.j.w.WebAppContext@4f3356c0{/,file:///workdir/hadoop-ozone/integration-test/target/test-classes/webapps/scm/,AVAILABLE}{/scm}
2019-10-14 14:37:36,749 [main] INFO  server.AbstractConnector (AbstractConnector.java:doStart(278)) - Started ServerConnector@586cc15d{HTTP/1.1,[http/1.1]}{0.0.0.0:33306}
2019-10-14 14:37:36,752 [main] INFO  server.Server (Server.java:doStart(419)) - Started @601513ms
2019-10-14 14:37:36,752 [main] WARN  impl.MetricsSystemImpl (MetricsSystemImpl.java:register(276)) - Sink prometheus already exists!
2019-10-14 14:37:36,752 [main] INFO  server.BaseHttpServer (BaseHttpServer.java:updateConnectorAddress(215)) - HTTP server of SCM is listening at http://0.0.0.0:33306
2019-10-14 14:37:36,753 [main] WARN  server.ServerUtils (ServerUtils.java:getDBPath(222)) - ozone.om.db.dirs is not configured. We recommend adding this setting. Falling back to ozone.metadata.dirs instead.
2019-10-14 14:37:36,754 [org.apache.hadoop.util.JvmPauseMonitor$Monitor@4584304] INFO  util.JvmPauseMonitor (JvmPauseMonitor.java:run(188)) - Starting JVM pause monitor
2019-10-14 14:37:36,767 [main] INFO  ha.OMHANodeDetails (OMHANodeDetails.java:loadOMHAConfig(190)) - Configuration either no ozone.om.address set. Falling back to the default OM address /127.0.0.1:0
2019-10-14 14:37:36,767 [main] INFO  ha.OMHANodeDetails (OMHANodeDetails.java:getOMNodeDetails(220)) - OM Service ID is not set. Setting it to the default ID: omServiceIdDefault
2019-10-14 14:37:36,767 [main] WARN  server.ServerUtils (ServerUtils.java:getDBPath(222)) - ozone.om.db.dirs is not configured. We recommend adding this setting. Falling back to ozone.metadata.dirs instead.
2019-10-14 14:37:36,768 [main] WARN  server.ServerUtils (ServerUtils.java:getDBPath(222)) - ozone.om.db.dirs is not configured. We recommend adding this setting. Falling back to ozone.metadata.dirs instead.
2019-10-14 14:37:36,774 [main] WARN  server.ServerUtils (ServerUtils.java:getDBPath(222)) - ozone.om.db.dirs is not configured. We recommend adding this setting. Falling back to ozone.metadata.dirs instead.
2019-10-14 14:37:36,774 [main] INFO  db.DBStoreBuilder (DBStoreBuilder.java:addTable(117)) - using custom profile for table: userTable
2019-10-14 14:37:36,775 [main] INFO  db.DBStoreBuilder (DBStoreBuilder.java:processTables(168)) - Using default column profile:DBProfile.DISK for Table:userTable
2019-10-14 14:37:36,775 [main] INFO  db.DBStoreBuilder (DBStoreBuilder.java:addTable(117)) - using custom profile for table: volumeTable
2019-10-14 14:37:36,775 [main] INFO  db.DBStoreBuilder (DBStoreBuilder.java:processTables(168)) - Using default column profile:DBProfile.DISK for Table:volumeTable
2019-10-14 14:37:36,775 [main] INFO  db.DBStoreBuilder (DBStoreBuilder.java:addTable(117)) - using custom profile for table: bucketTable
2019-10-14 14:37:36,775 [main] INFO  db.DBStoreBuilder (DBStoreBuilder.java:processTables(168)) - Using default column profile:DBProfile.DISK for Table:bucketTable
2019-10-14 14:37:36,775 [main] INFO  db.DBStoreBuilder (DBStoreBuilder.java:addTable(117)) - using custom profile for table: keyTable
2019-10-14 14:37:36,776 [main] INFO  db.DBStoreBuilder (DBStoreBuilder.java:processTables(168)) - Using default column profile:DBProfile.DISK for Table:keyTable
2019-10-14 14:37:36,776 [main] INFO  db.DBStoreBuilder (DBStoreBuilder.java:addTable(117)) - using custom profile for table: deletedTable
2019-10-14 14:37:36,776 [main] INFO  db.DBStoreBuilder (DBStoreBuilder.java:processTables(168)) - Using default column profile:DBProfile.DISK for Table:deletedTable
2019-10-14 14:37:36,776 [main] INFO  db.DBStoreBuilder (DBStoreBuilder.java:addTable(117)) - using custom profile for table: openKeyTable
2019-10-14 14:37:36,776 [main] INFO  db.DBStoreBuilder (DBStoreBuilder.java:processTables(168)) - Using default column profile:DBProfile.DISK for Table:openKeyTable
2019-10-14 14:37:36,776 [main] INFO  db.DBStoreBuilder (DBStoreBuilder.java:addTable(117)) - using custom profile for table: s3Table
2019-10-14 14:37:36,777 [main] INFO  db.DBStoreBuilder (DBStoreBuilder.java:processTables(168)) - Using default column profile:DBProfile.DISK for Table:s3Table
2019-10-14 14:37:36,777 [main] INFO  db.DBStoreBuilder (DBStoreBuilder.java:addTable(117)) - using custom profile for table: multipartInfoTable
2019-10-14 14:37:36,777 [main] INFO  db.DBStoreBuilder (DBStoreBuilder.java:processTables(168)) - Using default column profile:DBProfile.DISK for Table:multipartInfoTable
2019-10-14 14:37:36,777 [main] INFO  db.DBStoreBuilder (DBStoreBuilder.java:addTable(117)) - using custom profile for table: dTokenTable
2019-10-14 14:37:36,777 [main] INFO  db.DBStoreBuilder (DBStoreBuilder.java:processTables(168)) - Using default column profile:DBProfile.DISK for Table:dTokenTable
2019-10-14 14:37:36,777 [main] INFO  db.DBStoreBuilder (DBStoreBuilder.java:addTable(117)) - using custom profile for table: s3SecretTable
2019-10-14 14:37:36,778 [main] INFO  db.DBStoreBuilder (DBStoreBuilder.java:processTables(168)) - Using default column profile:DBProfile.DISK for Table:s3SecretTable
2019-10-14 14:37:36,778 [main] INFO  db.DBStoreBuilder (DBStoreBuilder.java:addTable(117)) - using custom profile for table: prefixTable
2019-10-14 14:37:36,778 [main] INFO  db.DBStoreBuilder (DBStoreBuilder.java:processTables(168)) - Using default column profile:DBProfile.DISK for Table:prefixTable
2019-10-14 14:37:36,778 [main] INFO  db.DBStoreBuilder (DBStoreBuilder.java:addTable(117)) - using custom profile for table: default
2019-10-14 14:37:36,778 [main] INFO  db.DBStoreBuilder (DBStoreBuilder.java:processTables(174)) - Using default column profile:DBProfile.DISK for Table:default
2019-10-14 14:37:36,778 [main] INFO  db.DBStoreBuilder (DBStoreBuilder.java:getDbProfile(205)) - Using default options. DBProfile.DISK
2019-10-14 14:37:37,217 [main] INFO  ipc.CallQueueManager (CallQueueManager.java:<init>(84)) - Using callQueue: class java.util.concurrent.LinkedBlockingQueue, queueCapacity: 2000, scheduler: class org.apache.hadoop.ipc.DefaultRpcScheduler, ipcBackoff: false.
2019-10-14 14:37:37,218 [Socket Reader #1 for port 41371] INFO  ipc.Server (Server.java:run(1074)) - Starting Socket Reader #1 for port 41371
2019-10-14 14:37:37,232 [main] INFO  om.OzoneManager (OzoneManager.java:start(1071)) - OzoneManager RPC server is listening at localhost/127.0.0.1:41371
2019-10-14 14:37:37,232 [main] INFO  impl.MetricsSystemImpl (MetricsSystemImpl.java:init(158)) - OzoneManager metrics system started (again)
2019-10-14 14:37:37,233 [IPC Server Responder] INFO  ipc.Server (Server.java:run(1314)) - IPC Server Responder: starting
2019-10-14 14:37:37,234 [IPC Server listener on 41371] INFO  ipc.Server (Server.java:run(1153)) - IPC Server listener on 41371: starting
2019-10-14 14:37:37,241 [main] INFO  hdfs.DFSUtil (DFSUtil.java:httpServerTemplateForNNAndJN(1641)) - Starting Web-server for ozoneManager at: http://0.0.0.0:0
2019-10-14 14:37:37,243 [main] INFO  server.AuthenticationFilter (AuthenticationFilter.java:constructSecretProvider(240)) - Unable to initialize FileSignerSecretProvider, falling back to use random secrets.
2019-10-14 14:37:37,244 [main] WARN  http.HttpRequestLog (HttpRequestLog.java:getRequestLog(97)) - Jetty request log can only be enabled using Log4j
2019-10-14 14:37:37,246 [main] INFO  http.HttpServer2 (HttpServer2.java:addGlobalFilter(975)) - Added global filter 'safety' (class=org.apache.hadoop.http.HttpServer2$QuotingInputFilter)
2019-10-14 14:37:37,247 [main] INFO  http.HttpServer2 (HttpServer2.java:addFilter(948)) - Added filter static_user_filter (class=org.apache.hadoop.http.lib.StaticUserWebFilter$StaticUserFilter) to context ozoneManager
2019-10-14 14:37:37,247 [main] INFO  http.HttpServer2 (HttpServer2.java:addFilter(958)) - Added filter static_user_filter (class=org.apache.hadoop.http.lib.StaticUserWebFilter$StaticUserFilter) to context logs
2019-10-14 14:37:37,247 [main] INFO  http.HttpServer2 (HttpServer2.java:addFilter(958)) - Added filter static_user_filter (class=org.apache.hadoop.http.lib.StaticUserWebFilter$StaticUserFilter) to context static
2019-10-14 14:37:37,248 [main] INFO  http.HttpServer2 (HttpServer2.java:bindListener(1191)) - Jetty bound to port 34903
2019-10-14 14:37:37,248 [main] INFO  server.Server (Server.java:doStart(351)) - jetty-9.3.25.v20180904, build timestamp: 2018-09-04T21:11:46Z, git hash: 3ce520221d0240229c862b122d2b06c12a625732
2019-10-14 14:37:37,250 [main] INFO  handler.ContextHandler (ContextHandler.java:doStart(781)) - Started o.e.j.s.ServletContextHandler@7a606260{/logs,file:///workdir/hadoop-ozone/integration-test/target/log,AVAILABLE}
2019-10-14 14:37:37,251 [main] INFO  handler.ContextHandler (ContextHandler.java:doStart(781)) - Started o.e.j.s.ServletContextHandler@5939e24{/static,file:///workdir/hadoop-ozone/integration-test/target/test-classes/webapps/static,AVAILABLE}
2019-10-14 14:37:37,256 [main] INFO  handler.ContextHandler (ContextHandler.java:doStart(781)) - Started o.e.j.w.WebAppContext@44dfdd58{/,file:///workdir/hadoop-ozone/integration-test/target/test-classes/webapps/ozoneManager/,AVAILABLE}{/ozoneManager}
2019-10-14 14:37:37,257 [main] INFO  server.AbstractConnector (AbstractConnector.java:doStart(278)) - Started ServerConnector@58d4238e{HTTP/1.1,[http/1.1]}{0.0.0.0:34903}
2019-10-14 14:37:37,258 [main] INFO  server.Server (Server.java:doStart(419)) - Started @602019ms
2019-10-14 14:37:37,258 [main] WARN  impl.MetricsSystemImpl (MetricsSystemImpl.java:register(276)) - Sink prometheus already exists!
2019-10-14 14:37:37,259 [main] INFO  server.BaseHttpServer (BaseHttpServer.java:updateConnectorAddress(215)) - HTTP server of OZONEMANAGER is listening at http://0.0.0.0:34903
2019-10-14 14:37:37,277 [main] INFO  impl.MetricsSystemImpl (MetricsSystemImpl.java:init(158)) - HddsDatanode metrics system started (again)
2019-10-14 14:37:37,282 [main] INFO  ozone.HddsDatanodeService (HddsDatanodeService.java:start(184)) - HddsDatanodeService host:pr-hdds-2302-x69hs-1458597746 ip:192.168.157.234
2019-10-14 14:37:37,288 [main] INFO  volume.HddsVolume (HddsVolume.java:<init>(176)) - Creating Volume: /workdir/hadoop-ozone/integration-test/target/test-dir/MiniOzoneClusterImpl-14a7b98e-e39a-4234-b5fd-28b5658d784a/datanode-0/data/containers/hdds of  storage type : DISK and capacity : 1482555576320
2019-10-14 14:37:37,288 [main] INFO  volume.VolumeSet (VolumeSet.java:initializeVolumeSet(170)) - Added Volume : /workdir/hadoop-ozone/integration-test/target/test-dir/MiniOzoneClusterImpl-14a7b98e-e39a-4234-b5fd-28b5658d784a/datanode-0/data/containers/hdds to VolumeSet
2019-10-14 14:37:37,289 [main] INFO  volume.ThrottledAsyncChecker (ThrottledAsyncChecker.java:schedule(141)) - Scheduling a check for org.apache.hadoop.ozone.container.common.volume.HddsVolume@3a788fe0
2019-10-14 14:37:37,289 [main] INFO  volume.HddsVolumeChecker (HddsVolumeChecker.java:checkAllVolumes(204)) - Scheduled health check for volume org.apache.hadoop.ozone.container.common.volume.HddsVolume@3a788fe0
2019-10-14 14:37:37,306 [main] INFO  impl.RaftServerProxy (ConfUtils.java:logGet(43)) - raft.rpc.type = GRPC (default)
2019-10-14 14:37:37,306 [main] INFO  grpc.GrpcFactory (GrpcFactory.java:checkPooledByteBufAllocatorUseCacheForAllThreads(45)) - PERFORMANCE WARNING: useCacheForAllThreads is true that may cause Netty to create a lot garbage objects and, as a result, trigger GC.
	It is recommended to disable useCacheForAllThreads by setting -Dorg.apache.ratis.thirdparty.io.netty.allocator.useCacheForAllThreads=false in command line.
2019-10-14 14:37:37,306 [main] INFO  grpc.GrpcConfigKeys$Server (ConfUtils.java:logGet(43)) - raft.grpc.server.port = 0 (default)
2019-10-14 14:37:37,307 [main] INFO  server.GrpcService (ConfUtils.java:logGet(43)) - raft.grpc.message.size.max = 33570816 (custom)
2019-10-14 14:37:37,307 [main] INFO  server.RaftServerConfigKeys (ConfUtils.java:logGet(43)) - raft.server.log.appender.buffer.byte-limit = 33554432 (custom)
2019-10-14 14:37:37,307 [main] INFO  server.GrpcService (ConfUtils.java:logGet(43)) - raft.grpc.flow.control.window = 1MB (=1048576) (default)
2019-10-14 14:37:37,307 [main] INFO  server.RaftServerConfigKeys (ConfUtils.java:logGet(43)) - raft.server.rpc.request.timeout = 3000ms (default)
2019-10-14 14:37:37,308 [main] INFO  server.RaftServerConfigKeys (ConfUtils.java:logGet(43)) - raft.server.storage.dir = [/workdir/hadoop-ozone/integration-test/target/test-dir/MiniOzoneClusterImpl-14a7b98e-e39a-4234-b5fd-28b5658d784a/datanode-0/data/ratis] (custom)
2019-10-14 14:37:37,309 [main] INFO  hdfs.DFSUtil (DFSUtil.java:httpServerTemplateForNNAndJN(1641)) - Starting Web-server for hddsDatanode at: http://0.0.0.0:0
2019-10-14 14:37:37,311 [main] INFO  server.AuthenticationFilter (AuthenticationFilter.java:constructSecretProvider(240)) - Unable to initialize FileSignerSecretProvider, falling back to use random secrets.
2019-10-14 14:37:37,311 [main] WARN  http.HttpRequestLog (HttpRequestLog.java:getRequestLog(97)) - Jetty request log can only be enabled using Log4j
2019-10-14 14:37:37,313 [main] INFO  http.HttpServer2 (HttpServer2.java:addGlobalFilter(975)) - Added global filter 'safety' (class=org.apache.hadoop.http.HttpServer2$QuotingInputFilter)
2019-10-14 14:37:37,313 [main] INFO  http.HttpServer2 (HttpServer2.java:addFilter(948)) - Added filter static_user_filter (class=org.apache.hadoop.http.lib.StaticUserWebFilter$StaticUserFilter) to context hddsDatanode
2019-10-14 14:37:37,313 [main] INFO  http.HttpServer2 (HttpServer2.java:addFilter(958)) - Added filter static_user_filter (class=org.apache.hadoop.http.lib.StaticUserWebFilter$StaticUserFilter) to context static
2019-10-14 14:37:37,314 [main] INFO  http.HttpServer2 (HttpServer2.java:addFilter(958)) - Added filter static_user_filter (class=org.apache.hadoop.http.lib.StaticUserWebFilter$StaticUserFilter) to context logs
2019-10-14 14:37:37,314 [main] INFO  http.HttpServer2 (HttpServer2.java:bindListener(1191)) - Jetty bound to port 43025
2019-10-14 14:37:37,314 [main] INFO  server.Server (Server.java:doStart(351)) - jetty-9.3.25.v20180904, build timestamp: 2018-09-04T21:11:46Z, git hash: 3ce520221d0240229c862b122d2b06c12a625732
2019-10-14 14:37:37,316 [main] INFO  handler.ContextHandler (ContextHandler.java:doStart(781)) - Started o.e.j.s.ServletContextHandler@29c53c4f{/logs,file:///workdir/hadoop-ozone/integration-test/target/log,AVAILABLE}
2019-10-14 14:37:37,316 [main] INFO  handler.ContextHandler (ContextHandler.java:doStart(781)) - Started o.e.j.s.ServletContextHandler@2ee4706d{/static,jar:file:/home/user/.m2/repository/org/apache/hadoop/hadoop-hdds-container-service/0.5.0-SNAPSHOT/hadoop-hdds-container-service-0.5.0-SNAPSHOT.jar!/webapps/static,AVAILABLE}
2019-10-14 14:37:37,358 [main] INFO  handler.ContextHandler (ContextHandler.java:doStart(781)) - Started o.e.j.w.WebAppContext@11810917{/,file:///tmp/jetty-0.0.0.0-43025-hddsDatanode-_-any-5474065353672945748.dir/webapp/,AVAILABLE}{/hddsDatanode}
2019-10-14 14:37:37,359 [main] INFO  server.AbstractConnector (AbstractConnector.java:doStart(278)) - Started ServerConnector@13278a41{HTTP/1.1,[http/1.1]}{0.0.0.0:43025}
2019-10-14 14:37:37,360 [main] INFO  server.Server (Server.java:doStart(419)) - Started @602121ms
2019-10-14 14:37:37,360 [main] WARN  impl.MetricsSystemImpl (MetricsSystemImpl.java:register(276)) - Sink prometheus already exists!
2019-10-14 14:37:37,361 [main] INFO  server.BaseHttpServer (BaseHttpServer.java:updateConnectorAddress(215)) - HTTP server of HDDSDATANODE is listening at http://0.0.0.0:43025
2019-10-14 14:37:37,361 [main] INFO  impl.MetricsSystemImpl (MetricsSystemImpl.java:init(158)) - HddsDatanode metrics system started (again)
2019-10-14 14:37:37,367 [org.apache.hadoop.util.JvmPauseMonitor$Monitor@5247125b] INFO  util.JvmPauseMonitor (JvmPauseMonitor.java:run(188)) - Starting JVM pause monitor
2019-10-14 14:37:37,368 [main] INFO  ozone.HddsDatanodeService (HddsDatanodeService.java:start(184)) - HddsDatanodeService host:pr-hdds-2302-x69hs-1458597746 ip:192.168.157.234
2019-10-14 14:37:37,369 [Datanode State Machine Thread - 0] INFO  datanode.InitDatanodeState (InitDatanodeState.java:persistContainerDatanodeDetails(140)) - DatanodeDetails is persisted to /workdir/hadoop-ozone/integration-test/target/test-dir/MiniOzoneClusterImpl-14a7b98e-e39a-4234-b5fd-28b5658d784a/datanode-0/meta/datanode.id
2019-10-14 14:37:37,375 [main] INFO  volume.HddsVolume (HddsVolume.java:<init>(176)) - Creating Volume: /workdir/hadoop-ozone/integration-test/target/test-dir/MiniOzoneClusterImpl-14a7b98e-e39a-4234-b5fd-28b5658d784a/datanode-1/data/containers/hdds of  storage type : DISK and capacity : 1482555576320
2019-10-14 14:37:37,375 [main] INFO  volume.VolumeSet (VolumeSet.java:initializeVolumeSet(170)) - Added Volume : /workdir/hadoop-ozone/integration-test/target/test-dir/MiniOzoneClusterImpl-14a7b98e-e39a-4234-b5fd-28b5658d784a/datanode-1/data/containers/hdds to VolumeSet
2019-10-14 14:37:37,375 [main] INFO  volume.ThrottledAsyncChecker (ThrottledAsyncChecker.java:schedule(141)) - Scheduling a check for org.apache.hadoop.ozone.container.common.volume.HddsVolume@33324c05
2019-10-14 14:37:37,376 [main] INFO  volume.HddsVolumeChecker (HddsVolumeChecker.java:checkAllVolumes(204)) - Scheduled health check for volume org.apache.hadoop.ozone.container.common.volume.HddsVolume@33324c05
2019-10-14 14:37:37,389 [main] INFO  impl.RaftServerProxy (ConfUtils.java:logGet(43)) - raft.rpc.type = GRPC (default)
2019-10-14 14:37:37,389 [main] INFO  grpc.GrpcFactory (GrpcFactory.java:checkPooledByteBufAllocatorUseCacheForAllThreads(45)) - PERFORMANCE WARNING: useCacheForAllThreads is true that may cause Netty to create a lot garbage objects and, as a result, trigger GC.
	It is recommended to disable useCacheForAllThreads by setting -Dorg.apache.ratis.thirdparty.io.netty.allocator.useCacheForAllThreads=false in command line.
2019-10-14 14:37:37,390 [main] INFO  grpc.GrpcConfigKeys$Server (ConfUtils.java:logGet(43)) - raft.grpc.server.port = 0 (default)
2019-10-14 14:37:37,390 [main] INFO  server.GrpcService (ConfUtils.java:logGet(43)) - raft.grpc.message.size.max = 33570816 (custom)
2019-10-14 14:37:37,390 [main] INFO  server.RaftServerConfigKeys (ConfUtils.java:logGet(43)) - raft.server.log.appender.buffer.byte-limit = 33554432 (custom)
2019-10-14 14:37:37,390 [main] INFO  server.GrpcService (ConfUtils.java:logGet(43)) - raft.grpc.flow.control.window = 1MB (=1048576) (default)
2019-10-14 14:37:37,391 [main] INFO  server.RaftServerConfigKeys (ConfUtils.java:logGet(43)) - raft.server.rpc.request.timeout = 3000ms (default)
2019-10-14 14:37:37,391 [main] INFO  server.RaftServerConfigKeys (ConfUtils.java:logGet(43)) - raft.server.storage.dir = [/workdir/hadoop-ozone/integration-test/target/test-dir/MiniOzoneClusterImpl-14a7b98e-e39a-4234-b5fd-28b5658d784a/datanode-1/data/ratis] (custom)
2019-10-14 14:37:37,392 [main] INFO  hdfs.DFSUtil (DFSUtil.java:httpServerTemplateForNNAndJN(1641)) - Starting Web-server for hddsDatanode at: http://0.0.0.0:0
2019-10-14 14:37:37,393 [main] INFO  server.AuthenticationFilter (AuthenticationFilter.java:constructSecretProvider(240)) - Unable to initialize FileSignerSecretProvider, falling back to use random secrets.
2019-10-14 14:37:37,394 [main] WARN  http.HttpRequestLog (HttpRequestLog.java:getRequestLog(97)) - Jetty request log can only be enabled using Log4j
2019-10-14 14:37:37,395 [main] INFO  http.HttpServer2 (HttpServer2.java:addGlobalFilter(975)) - Added global filter 'safety' (class=org.apache.hadoop.http.HttpServer2$QuotingInputFilter)
2019-10-14 14:37:37,395 [main] INFO  http.HttpServer2 (HttpServer2.java:addFilter(948)) - Added filter static_user_filter (class=org.apache.hadoop.http.lib.StaticUserWebFilter$StaticUserFilter) to context hddsDatanode
2019-10-14 14:37:37,395 [main] INFO  http.HttpServer2 (HttpServer2.java:addFilter(958)) - Added filter static_user_filter (class=org.apache.hadoop.http.lib.StaticUserWebFilter$StaticUserFilter) to context logs
2019-10-14 14:37:37,396 [main] INFO  http.HttpServer2 (HttpServer2.java:addFilter(958)) - Added filter static_user_filter (class=org.apache.hadoop.http.lib.StaticUserWebFilter$StaticUserFilter) to context static
2019-10-14 14:37:37,396 [main] INFO  http.HttpServer2 (HttpServer2.java:bindListener(1191)) - Jetty bound to port 36954
2019-10-14 14:37:37,396 [main] INFO  server.Server (Server.java:doStart(351)) - jetty-9.3.25.v20180904, build timestamp: 2018-09-04T21:11:46Z, git hash: 3ce520221d0240229c862b122d2b06c12a625732
2019-10-14 14:37:37,398 [main] INFO  handler.ContextHandler (ContextHandler.java:doStart(781)) - Started o.e.j.s.ServletContextHandler@7741ae1b{/logs,file:///workdir/hadoop-ozone/integration-test/target/log,AVAILABLE}
2019-10-14 14:37:37,398 [main] INFO  handler.ContextHandler (ContextHandler.java:doStart(781)) - Started o.e.j.s.ServletContextHandler@545d2560{/static,jar:file:/home/user/.m2/repository/org/apache/hadoop/hadoop-hdds-container-service/0.5.0-SNAPSHOT/hadoop-hdds-container-service-0.5.0-SNAPSHOT.jar!/webapps/static,AVAILABLE}
2019-10-14 14:37:37,427 [main] INFO  handler.ContextHandler (ContextHandler.java:doStart(781)) - Started o.e.j.w.WebAppContext@5763a655{/,file:///tmp/jetty-0.0.0.0-36954-hddsDatanode-_-any-1069335511516942645.dir/webapp/,AVAILABLE}{/hddsDatanode}
2019-10-14 14:37:37,427 [main] INFO  server.AbstractConnector (AbstractConnector.java:doStart(278)) - Started ServerConnector@40c8067{HTTP/1.1,[http/1.1]}{0.0.0.0:36954}
2019-10-14 14:37:37,427 [main] INFO  server.Server (Server.java:doStart(419)) - Started @602189ms
2019-10-14 14:37:37,428 [main] WARN  impl.MetricsSystemImpl (MetricsSystemImpl.java:register(276)) - Sink prometheus already exists!
2019-10-14 14:37:37,429 [main] INFO  server.BaseHttpServer (BaseHttpServer.java:updateConnectorAddress(215)) - HTTP server of HDDSDATANODE is listening at http://0.0.0.0:36954
2019-10-14 14:37:37,429 [main] INFO  impl.MetricsSystemImpl (MetricsSystemImpl.java:init(158)) - HddsDatanode metrics system started (again)
2019-10-14 14:37:37,433 [org.apache.hadoop.util.JvmPauseMonitor$Monitor@69288d9f] INFO  util.JvmPauseMonitor (JvmPauseMonitor.java:run(188)) - Starting JVM pause monitor
2019-10-14 14:37:37,434 [main] INFO  ozone.HddsDatanodeService (HddsDatanodeService.java:start(184)) - HddsDatanodeService host:pr-hdds-2302-x69hs-1458597746 ip:192.168.157.234
2019-10-14 14:37:37,435 [Datanode State Machine Thread - 0] INFO  datanode.InitDatanodeState (InitDatanodeState.java:persistContainerDatanodeDetails(140)) - DatanodeDetails is persisted to /workdir/hadoop-ozone/integration-test/target/test-dir/MiniOzoneClusterImpl-14a7b98e-e39a-4234-b5fd-28b5658d784a/datanode-1/meta/datanode.id
2019-10-14 14:37:37,440 [main] INFO  volume.HddsVolume (HddsVolume.java:<init>(176)) - Creating Volume: /workdir/hadoop-ozone/integration-test/target/test-dir/MiniOzoneClusterImpl-14a7b98e-e39a-4234-b5fd-28b5658d784a/datanode-2/data/containers/hdds of  storage type : DISK and capacity : 1482555576320
2019-10-14 14:37:37,440 [main] INFO  volume.VolumeSet (VolumeSet.java:initializeVolumeSet(170)) - Added Volume : /workdir/hadoop-ozone/integration-test/target/test-dir/MiniOzoneClusterImpl-14a7b98e-e39a-4234-b5fd-28b5658d784a/datanode-2/data/containers/hdds to VolumeSet
2019-10-14 14:37:37,440 [main] INFO  volume.ThrottledAsyncChecker (ThrottledAsyncChecker.java:schedule(141)) - Scheduling a check for org.apache.hadoop.ozone.container.common.volume.HddsVolume@20256a0b
2019-10-14 14:37:37,441 [main] INFO  volume.HddsVolumeChecker (HddsVolumeChecker.java:checkAllVolumes(204)) - Scheduled health check for volume org.apache.hadoop.ozone.container.common.volume.HddsVolume@20256a0b
2019-10-14 14:37:37,452 [main] INFO  impl.RaftServerProxy (ConfUtils.java:logGet(43)) - raft.rpc.type = GRPC (default)
2019-10-14 14:37:37,453 [main] INFO  grpc.GrpcFactory (GrpcFactory.java:checkPooledByteBufAllocatorUseCacheForAllThreads(45)) - PERFORMANCE WARNING: useCacheForAllThreads is true that may cause Netty to create a lot garbage objects and, as a result, trigger GC.
	It is recommended to disable useCacheForAllThreads by setting -Dorg.apache.ratis.thirdparty.io.netty.allocator.useCacheForAllThreads=false in command line.
2019-10-14 14:37:37,453 [main] INFO  grpc.GrpcConfigKeys$Server (ConfUtils.java:logGet(43)) - raft.grpc.server.port = 0 (default)
2019-10-14 14:37:37,453 [main] INFO  server.GrpcService (ConfUtils.java:logGet(43)) - raft.grpc.message.size.max = 33570816 (custom)
2019-10-14 14:37:37,453 [main] INFO  server.RaftServerConfigKeys (ConfUtils.java:logGet(43)) - raft.server.log.appender.buffer.byte-limit = 33554432 (custom)
2019-10-14 14:37:37,453 [main] INFO  server.GrpcService (ConfUtils.java:logGet(43)) - raft.grpc.flow.control.window = 1MB (=1048576) (default)
2019-10-14 14:37:37,453 [main] INFO  server.RaftServerConfigKeys (ConfUtils.java:logGet(43)) - raft.server.rpc.request.timeout = 3000ms (default)
2019-10-14 14:37:37,454 [main] INFO  server.RaftServerConfigKeys (ConfUtils.java:logGet(43)) - raft.server.storage.dir = [/workdir/hadoop-ozone/integration-test/target/test-dir/MiniOzoneClusterImpl-14a7b98e-e39a-4234-b5fd-28b5658d784a/datanode-2/data/ratis] (custom)
2019-10-14 14:37:37,455 [main] INFO  hdfs.DFSUtil (DFSUtil.java:httpServerTemplateForNNAndJN(1641)) - Starting Web-server for hddsDatanode at: http://0.0.0.0:0
2019-10-14 14:37:37,456 [main] INFO  server.AuthenticationFilter (AuthenticationFilter.java:constructSecretProvider(240)) - Unable to initialize FileSignerSecretProvider, falling back to use random secrets.
2019-10-14 14:37:37,456 [main] WARN  http.HttpRequestLog (HttpRequestLog.java:getRequestLog(97)) - Jetty request log can only be enabled using Log4j
2019-10-14 14:37:37,458 [main] INFO  http.HttpServer2 (HttpServer2.java:addGlobalFilter(975)) - Added global filter 'safety' (class=org.apache.hadoop.http.HttpServer2$QuotingInputFilter)
2019-10-14 14:37:37,458 [main] INFO  http.HttpServer2 (HttpServer2.java:addFilter(948)) - Added filter static_user_filter (class=org.apache.hadoop.http.lib.StaticUserWebFilter$StaticUserFilter) to context hddsDatanode
2019-10-14 14:37:37,458 [main] INFO  http.HttpServer2 (HttpServer2.java:addFilter(958)) - Added filter static_user_filter (class=org.apache.hadoop.http.lib.StaticUserWebFilter$StaticUserFilter) to context logs
2019-10-14 14:37:37,458 [main] INFO  http.HttpServer2 (HttpServer2.java:addFilter(958)) - Added filter static_user_filter (class=org.apache.hadoop.http.lib.StaticUserWebFilter$StaticUserFilter) to context static
2019-10-14 14:37:37,459 [main] INFO  http.HttpServer2 (HttpServer2.java:bindListener(1191)) - Jetty bound to port 35211
2019-10-14 14:37:37,459 [main] INFO  server.Server (Server.java:doStart(351)) - jetty-9.3.25.v20180904, build timestamp: 2018-09-04T21:11:46Z, git hash: 3ce520221d0240229c862b122d2b06c12a625732
2019-10-14 14:37:37,460 [main] INFO  handler.ContextHandler (ContextHandler.java:doStart(781)) - Started o.e.j.s.ServletContextHandler@79ca7bea{/logs,file:///workdir/hadoop-ozone/integration-test/target/log,AVAILABLE}
2019-10-14 14:37:37,461 [main] INFO  handler.ContextHandler (ContextHandler.java:doStart(781)) - Started o.e.j.s.ServletContextHandler@4bc9ca97{/static,jar:file:/home/user/.m2/repository/org/apache/hadoop/hadoop-hdds-container-service/0.5.0-SNAPSHOT/hadoop-hdds-container-service-0.5.0-SNAPSHOT.jar!/webapps/static,AVAILABLE}
2019-10-14 14:37:37,489 [main] INFO  handler.ContextHandler (ContextHandler.java:doStart(781)) - Started o.e.j.w.WebAppContext@788e3702{/,file:///tmp/jetty-0.0.0.0-35211-hddsDatanode-_-any-1046422340285945627.dir/webapp/,AVAILABLE}{/hddsDatanode}
2019-10-14 14:37:37,489 [main] INFO  server.AbstractConnector (AbstractConnector.java:doStart(278)) - Started ServerConnector@d25e878{HTTP/1.1,[http/1.1]}{0.0.0.0:35211}
2019-10-14 14:37:37,490 [main] INFO  server.Server (Server.java:doStart(419)) - Started @602252ms
2019-10-14 14:37:37,490 [main] WARN  impl.MetricsSystemImpl (MetricsSystemImpl.java:register(276)) - Sink prometheus already exists!
2019-10-14 14:37:37,491 [main] INFO  server.BaseHttpServer (BaseHttpServer.java:updateConnectorAddress(215)) - HTTP server of HDDSDATANODE is listening at http://0.0.0.0:35211
2019-10-14 14:37:37,491 [main] INFO  impl.MetricsSystemImpl (MetricsSystemImpl.java:init(158)) - HddsDatanode metrics system started (again)
2019-10-14 14:37:37,496 [org.apache.hadoop.util.JvmPauseMonitor$Monitor@aa338bd] INFO  util.JvmPauseMonitor (JvmPauseMonitor.java:run(188)) - Starting JVM pause monitor
2019-10-14 14:37:37,496 [main] INFO  ozone.HddsDatanodeService (HddsDatanodeService.java:start(184)) - HddsDatanodeService host:pr-hdds-2302-x69hs-1458597746 ip:192.168.157.234
2019-10-14 14:37:37,497 [Datanode State Machine Thread - 0] INFO  datanode.InitDatanodeState (InitDatanodeState.java:persistContainerDatanodeDetails(140)) - DatanodeDetails is persisted to /workdir/hadoop-ozone/integration-test/target/test-dir/MiniOzoneClusterImpl-14a7b98e-e39a-4234-b5fd-28b5658d784a/datanode-2/meta/datanode.id
2019-10-14 14:37:37,501 [main] INFO  volume.HddsVolume (HddsVolume.java:<init>(176)) - Creating Volume: /workdir/hadoop-ozone/integration-test/target/test-dir/MiniOzoneClusterImpl-14a7b98e-e39a-4234-b5fd-28b5658d784a/datanode-3/data/containers/hdds of  storage type : DISK and capacity : 1482555576320
2019-10-14 14:37:37,502 [main] INFO  volume.VolumeSet (VolumeSet.java:initializeVolumeSet(170)) - Added Volume : /workdir/hadoop-ozone/integration-test/target/test-dir/MiniOzoneClusterImpl-14a7b98e-e39a-4234-b5fd-28b5658d784a/datanode-3/data/containers/hdds to VolumeSet
2019-10-14 14:37:37,502 [main] INFO  volume.ThrottledAsyncChecker (ThrottledAsyncChecker.java:schedule(141)) - Scheduling a check for org.apache.hadoop.ozone.container.common.volume.HddsVolume@2aee0704
2019-10-14 14:37:37,502 [main] INFO  volume.HddsVolumeChecker (HddsVolumeChecker.java:checkAllVolumes(204)) - Scheduled health check for volume org.apache.hadoop.ozone.container.common.volume.HddsVolume@2aee0704
2019-10-14 14:37:37,515 [main] INFO  impl.RaftServerProxy (ConfUtils.java:logGet(43)) - raft.rpc.type = GRPC (default)
2019-10-14 14:37:37,515 [main] INFO  grpc.GrpcFactory (GrpcFactory.java:checkPooledByteBufAllocatorUseCacheForAllThreads(45)) - PERFORMANCE WARNING: useCacheForAllThreads is true that may cause Netty to create a lot garbage objects and, as a result, trigger GC.
	It is recommended to disable useCacheForAllThreads by setting -Dorg.apache.ratis.thirdparty.io.netty.allocator.useCacheForAllThreads=false in command line.
2019-10-14 14:37:37,515 [main] INFO  grpc.GrpcConfigKeys$Server (ConfUtils.java:logGet(43)) - raft.grpc.server.port = 0 (default)
2019-10-14 14:37:37,516 [main] INFO  server.GrpcService (ConfUtils.java:logGet(43)) - raft.grpc.message.size.max = 33570816 (custom)
2019-10-14 14:37:37,516 [main] INFO  server.RaftServerConfigKeys (ConfUtils.java:logGet(43)) - raft.server.log.appender.buffer.byte-limit = 33554432 (custom)
2019-10-14 14:37:37,516 [main] INFO  server.GrpcService (ConfUtils.java:logGet(43)) - raft.grpc.flow.control.window = 1MB (=1048576) (default)
2019-10-14 14:37:37,516 [main] INFO  server.RaftServerConfigKeys (ConfUtils.java:logGet(43)) - raft.server.rpc.request.timeout = 3000ms (default)
2019-10-14 14:37:37,516 [main] INFO  server.RaftServerConfigKeys (ConfUtils.java:logGet(43)) - raft.server.storage.dir = [/workdir/hadoop-ozone/integration-test/target/test-dir/MiniOzoneClusterImpl-14a7b98e-e39a-4234-b5fd-28b5658d784a/datanode-3/data/ratis] (custom)
2019-10-14 14:37:37,518 [main] INFO  hdfs.DFSUtil (DFSUtil.java:httpServerTemplateForNNAndJN(1641)) - Starting Web-server for hddsDatanode at: http://0.0.0.0:0
2019-10-14 14:37:37,519 [main] INFO  server.AuthenticationFilter (AuthenticationFilter.java:constructSecretProvider(240)) - Unable to initialize FileSignerSecretProvider, falling back to use random secrets.
2019-10-14 14:37:37,519 [main] WARN  http.HttpRequestLog (HttpRequestLog.java:getRequestLog(97)) - Jetty request log can only be enabled using Log4j
2019-10-14 14:37:37,520 [main] INFO  http.HttpServer2 (HttpServer2.java:addGlobalFilter(975)) - Added global filter 'safety' (class=org.apache.hadoop.http.HttpServer2$QuotingInputFilter)
2019-10-14 14:37:37,520 [main] INFO  http.HttpServer2 (HttpServer2.java:addFilter(948)) - Added filter static_user_filter (class=org.apache.hadoop.http.lib.StaticUserWebFilter$StaticUserFilter) to context hddsDatanode
2019-10-14 14:37:37,521 [main] INFO  http.HttpServer2 (HttpServer2.java:addFilter(958)) - Added filter static_user_filter (class=org.apache.hadoop.http.lib.StaticUserWebFilter$StaticUserFilter) to context static
2019-10-14 14:37:37,521 [main] INFO  http.HttpServer2 (HttpServer2.java:addFilter(958)) - Added filter static_user_filter (class=org.apache.hadoop.http.lib.StaticUserWebFilter$StaticUserFilter) to context logs
2019-10-14 14:37:37,521 [main] INFO  http.HttpServer2 (HttpServer2.java:bindListener(1191)) - Jetty bound to port 33352
2019-10-14 14:37:37,521 [main] INFO  server.Server (Server.java:doStart(351)) - jetty-9.3.25.v20180904, build timestamp: 2018-09-04T21:11:46Z, git hash: 3ce520221d0240229c862b122d2b06c12a625732
2019-10-14 14:37:37,523 [main] INFO  handler.ContextHandler (ContextHandler.java:doStart(781)) - Started o.e.j.s.ServletContextHandler@482f7af0{/logs,file:///workdir/hadoop-ozone/integration-test/target/log,AVAILABLE}
2019-10-14 14:37:37,523 [main] INFO  handler.ContextHandler (ContextHandler.java:doStart(781)) - Started o.e.j.s.ServletContextHandler@251a90ce{/static,jar:file:/home/user/.m2/repository/org/apache/hadoop/hadoop-hdds-container-service/0.5.0-SNAPSHOT/hadoop-hdds-container-service-0.5.0-SNAPSHOT.jar!/webapps/static,AVAILABLE}
2019-10-14 14:37:37,551 [main] INFO  handler.ContextHandler (ContextHandler.java:doStart(781)) - Started o.e.j.w.WebAppContext@16e1219f{/,file:///tmp/jetty-0.0.0.0-33352-hddsDatanode-_-any-6450150578506708401.dir/webapp/,AVAILABLE}{/hddsDatanode}
2019-10-14 14:37:37,551 [main] INFO  server.AbstractConnector (AbstractConnector.java:doStart(278)) - Started ServerConnector@13f40d71{HTTP/1.1,[http/1.1]}{0.0.0.0:33352}
2019-10-14 14:37:37,552 [main] INFO  server.Server (Server.java:doStart(419)) - Started @602313ms
2019-10-14 14:37:37,553 [main] WARN  impl.MetricsSystemImpl (MetricsSystemImpl.java:register(276)) - Sink prometheus already exists!
2019-10-14 14:37:37,553 [main] INFO  server.BaseHttpServer (BaseHttpServer.java:updateConnectorAddress(215)) - HTTP server of HDDSDATANODE is listening at http://0.0.0.0:33352
2019-10-14 14:37:37,554 [main] INFO  impl.MetricsSystemImpl (MetricsSystemImpl.java:init(158)) - HddsDatanode metrics system started (again)
2019-10-14 14:37:37,559 [org.apache.hadoop.util.JvmPauseMonitor$Monitor@135f9ce5] INFO  util.JvmPauseMonitor (JvmPauseMonitor.java:run(188)) - Starting JVM pause monitor
2019-10-14 14:37:37,559 [main] INFO  ozone.HddsDatanodeService (HddsDatanodeService.java:start(184)) - HddsDatanodeService host:pr-hdds-2302-x69hs-1458597746 ip:192.168.157.234
2019-10-14 14:37:37,560 [Datanode State Machine Thread - 0] INFO  datanode.InitDatanodeState (InitDatanodeState.java:persistContainerDatanodeDetails(140)) - DatanodeDetails is persisted to /workdir/hadoop-ozone/integration-test/target/test-dir/MiniOzoneClusterImpl-14a7b98e-e39a-4234-b5fd-28b5658d784a/datanode-3/meta/datanode.id
2019-10-14 14:37:37,565 [main] INFO  volume.HddsVolume (HddsVolume.java:<init>(176)) - Creating Volume: /workdir/hadoop-ozone/integration-test/target/test-dir/MiniOzoneClusterImpl-14a7b98e-e39a-4234-b5fd-28b5658d784a/datanode-4/data/containers/hdds of  storage type : DISK and capacity : 1482555576320
2019-10-14 14:37:37,565 [main] INFO  volume.VolumeSet (VolumeSet.java:initializeVolumeSet(170)) - Added Volume : /workdir/hadoop-ozone/integration-test/target/test-dir/MiniOzoneClusterImpl-14a7b98e-e39a-4234-b5fd-28b5658d784a/datanode-4/data/containers/hdds to VolumeSet
2019-10-14 14:37:37,565 [main] INFO  volume.ThrottledAsyncChecker (ThrottledAsyncChecker.java:schedule(141)) - Scheduling a check for org.apache.hadoop.ozone.container.common.volume.HddsVolume@77324a58
2019-10-14 14:37:37,566 [main] INFO  volume.HddsVolumeChecker (HddsVolumeChecker.java:checkAllVolumes(204)) - Scheduled health check for volume org.apache.hadoop.ozone.container.common.volume.HddsVolume@77324a58
2019-10-14 14:37:37,578 [main] INFO  impl.RaftServerProxy (ConfUtils.java:logGet(43)) - raft.rpc.type = GRPC (default)
2019-10-14 14:37:37,578 [main] INFO  grpc.GrpcFactory (GrpcFactory.java:checkPooledByteBufAllocatorUseCacheForAllThreads(45)) - PERFORMANCE WARNING: useCacheForAllThreads is true that may cause Netty to create a lot garbage objects and, as a result, trigger GC.
	It is recommended to disable useCacheForAllThreads by setting -Dorg.apache.ratis.thirdparty.io.netty.allocator.useCacheForAllThreads=false in command line.
2019-10-14 14:37:37,578 [main] INFO  grpc.GrpcConfigKeys$Server (ConfUtils.java:logGet(43)) - raft.grpc.server.port = 0 (default)
2019-10-14 14:37:37,578 [main] INFO  server.GrpcService (ConfUtils.java:logGet(43)) - raft.grpc.message.size.max = 33570816 (custom)
2019-10-14 14:37:37,578 [main] INFO  server.RaftServerConfigKeys (ConfUtils.java:logGet(43)) - raft.server.log.appender.buffer.byte-limit = 33554432 (custom)
2019-10-14 14:37:37,578 [main] INFO  server.GrpcService (ConfUtils.java:logGet(43)) - raft.grpc.flow.control.window = 1MB (=1048576) (default)
2019-10-14 14:37:37,579 [main] INFO  server.RaftServerConfigKeys (ConfUtils.java:logGet(43)) - raft.server.rpc.request.timeout = 3000ms (default)
2019-10-14 14:37:37,579 [main] INFO  server.RaftServerConfigKeys (ConfUtils.java:logGet(43)) - raft.server.storage.dir = [/workdir/hadoop-ozone/integration-test/target/test-dir/MiniOzoneClusterImpl-14a7b98e-e39a-4234-b5fd-28b5658d784a/datanode-4/data/ratis] (custom)
2019-10-14 14:37:37,580 [main] INFO  hdfs.DFSUtil (DFSUtil.java:httpServerTemplateForNNAndJN(1641)) - Starting Web-server for hddsDatanode at: http://0.0.0.0:0
2019-10-14 14:37:37,581 [main] INFO  server.AuthenticationFilter (AuthenticationFilter.java:constructSecretProvider(240)) - Unable to initialize FileSignerSecretProvider, falling back to use random secrets.
2019-10-14 14:37:37,581 [main] WARN  http.HttpRequestLog (HttpRequestLog.java:getRequestLog(97)) - Jetty request log can only be enabled using Log4j
2019-10-14 14:37:37,583 [main] INFO  http.HttpServer2 (HttpServer2.java:addGlobalFilter(975)) - Added global filter 'safety' (class=org.apache.hadoop.http.HttpServer2$QuotingInputFilter)
2019-10-14 14:37:37,583 [main] INFO  http.HttpServer2 (HttpServer2.java:addFilter(948)) - Added filter static_user_filter (class=org.apache.hadoop.http.lib.StaticUserWebFilter$StaticUserFilter) to context hddsDatanode
2019-10-14 14:37:37,583 [main] INFO  http.HttpServer2 (HttpServer2.java:addFilter(958)) - Added filter static_user_filter (class=org.apache.hadoop.http.lib.StaticUserWebFilter$StaticUserFilter) to context logs
2019-10-14 14:37:37,583 [main] INFO  http.HttpServer2 (HttpServer2.java:addFilter(958)) - Added filter static_user_filter (class=org.apache.hadoop.http.lib.StaticUserWebFilter$StaticUserFilter) to context static
2019-10-14 14:37:37,584 [main] INFO  http.HttpServer2 (HttpServer2.java:bindListener(1191)) - Jetty bound to port 37264
2019-10-14 14:37:37,584 [main] INFO  server.Server (Server.java:doStart(351)) - jetty-9.3.25.v20180904, build timestamp: 2018-09-04T21:11:46Z, git hash: 3ce520221d0240229c862b122d2b06c12a625732
2019-10-14 14:37:37,585 [main] INFO  handler.ContextHandler (ContextHandler.java:doStart(781)) - Started o.e.j.s.ServletContextHandler@39449465{/logs,file:///workdir/hadoop-ozone/integration-test/target/log,AVAILABLE}
2019-10-14 14:37:37,586 [main] INFO  handler.ContextHandler (ContextHandler.java:doStart(781)) - Started o.e.j.s.ServletContextHandler@16f7f59f{/static,jar:file:/home/user/.m2/repository/org/apache/hadoop/hadoop-hdds-container-service/0.5.0-SNAPSHOT/hadoop-hdds-container-service-0.5.0-SNAPSHOT.jar!/webapps/static,AVAILABLE}
2019-10-14 14:37:37,613 [main] INFO  handler.ContextHandler (ContextHandler.java:doStart(781)) - Started o.e.j.w.WebAppContext@9785903{/,file:///tmp/jetty-0.0.0.0-37264-hddsDatanode-_-any-8728964365547546239.dir/webapp/,AVAILABLE}{/hddsDatanode}
2019-10-14 14:37:37,614 [main] INFO  server.AbstractConnector (AbstractConnector.java:doStart(278)) - Started ServerConnector@34009349{HTTP/1.1,[http/1.1]}{0.0.0.0:37264}
2019-10-14 14:37:37,614 [main] INFO  server.Server (Server.java:doStart(419)) - Started @602375ms
2019-10-14 14:37:37,615 [main] WARN  impl.MetricsSystemImpl (MetricsSystemImpl.java:register(276)) - Sink prometheus already exists!
2019-10-14 14:37:37,615 [main] INFO  server.BaseHttpServer (BaseHttpServer.java:updateConnectorAddress(215)) - HTTP server of HDDSDATANODE is listening at http://0.0.0.0:37264
2019-10-14 14:37:37,616 [main] INFO  impl.MetricsSystemImpl (MetricsSystemImpl.java:init(158)) - HddsDatanode metrics system started (again)
2019-10-14 14:37:37,621 [org.apache.hadoop.util.JvmPauseMonitor$Monitor@60ef5c0b] INFO  util.JvmPauseMonitor (JvmPauseMonitor.java:run(188)) - Starting JVM pause monitor
2019-10-14 14:37:37,621 [main] INFO  ozone.HddsDatanodeService (HddsDatanodeService.java:start(184)) - HddsDatanodeService host:pr-hdds-2302-x69hs-1458597746 ip:192.168.157.234
2019-10-14 14:37:37,622 [Datanode State Machine Thread - 0] INFO  datanode.InitDatanodeState (InitDatanodeState.java:persistContainerDatanodeDetails(140)) - DatanodeDetails is persisted to /workdir/hadoop-ozone/integration-test/target/test-dir/MiniOzoneClusterImpl-14a7b98e-e39a-4234-b5fd-28b5658d784a/datanode-4/meta/datanode.id
2019-10-14 14:37:37,627 [main] INFO  volume.HddsVolume (HddsVolume.java:<init>(176)) - Creating Volume: /workdir/hadoop-ozone/integration-test/target/test-dir/MiniOzoneClusterImpl-14a7b98e-e39a-4234-b5fd-28b5658d784a/datanode-5/data/containers/hdds of  storage type : DISK and capacity : 1482555576320
2019-10-14 14:37:37,627 [main] INFO  volume.VolumeSet (VolumeSet.java:initializeVolumeSet(170)) - Added Volume : /workdir/hadoop-ozone/integration-test/target/test-dir/MiniOzoneClusterImpl-14a7b98e-e39a-4234-b5fd-28b5658d784a/datanode-5/data/containers/hdds to VolumeSet
2019-10-14 14:37:37,627 [main] INFO  volume.ThrottledAsyncChecker (ThrottledAsyncChecker.java:schedule(141)) - Scheduling a check for org.apache.hadoop.ozone.container.common.volume.HddsVolume@781654f8
2019-10-14 14:37:37,628 [main] INFO  volume.HddsVolumeChecker (HddsVolumeChecker.java:checkAllVolumes(204)) - Scheduled health check for volume org.apache.hadoop.ozone.container.common.volume.HddsVolume@781654f8
2019-10-14 14:37:37,640 [main] INFO  impl.RaftServerProxy (ConfUtils.java:logGet(43)) - raft.rpc.type = GRPC (default)
2019-10-14 14:37:37,640 [main] INFO  grpc.GrpcFactory (GrpcFactory.java:checkPooledByteBufAllocatorUseCacheForAllThreads(45)) - PERFORMANCE WARNING: useCacheForAllThreads is true that may cause Netty to create a lot garbage objects and, as a result, trigger GC.
	It is recommended to disable useCacheForAllThreads by setting -Dorg.apache.ratis.thirdparty.io.netty.allocator.useCacheForAllThreads=false in command line.
2019-10-14 14:37:37,640 [main] INFO  grpc.GrpcConfigKeys$Server (ConfUtils.java:logGet(43)) - raft.grpc.server.port = 0 (default)
2019-10-14 14:37:37,640 [main] INFO  server.GrpcService (ConfUtils.java:logGet(43)) - raft.grpc.message.size.max = 33570816 (custom)
2019-10-14 14:37:37,641 [main] INFO  server.RaftServerConfigKeys (ConfUtils.java:logGet(43)) - raft.server.log.appender.buffer.byte-limit = 33554432 (custom)
2019-10-14 14:37:37,641 [main] INFO  server.GrpcService (ConfUtils.java:logGet(43)) - raft.grpc.flow.control.window = 1MB (=1048576) (default)
2019-10-14 14:37:37,641 [main] INFO  server.RaftServerConfigKeys (ConfUtils.java:logGet(43)) - raft.server.rpc.request.timeout = 3000ms (default)
2019-10-14 14:37:37,641 [main] INFO  server.RaftServerConfigKeys (ConfUtils.java:logGet(43)) - raft.server.storage.dir = [/workdir/hadoop-ozone/integration-test/target/test-dir/MiniOzoneClusterImpl-14a7b98e-e39a-4234-b5fd-28b5658d784a/datanode-5/data/ratis] (custom)
2019-10-14 14:37:37,642 [main] INFO  hdfs.DFSUtil (DFSUtil.java:httpServerTemplateForNNAndJN(1641)) - Starting Web-server for hddsDatanode at: http://0.0.0.0:0
2019-10-14 14:37:37,643 [main] INFO  server.AuthenticationFilter (AuthenticationFilter.java:constructSecretProvider(240)) - Unable to initialize FileSignerSecretProvider, falling back to use random secrets.
2019-10-14 14:37:37,644 [main] WARN  http.HttpRequestLog (HttpRequestLog.java:getRequestLog(97)) - Jetty request log can only be enabled using Log4j
2019-10-14 14:37:37,645 [main] INFO  http.HttpServer2 (HttpServer2.java:addGlobalFilter(975)) - Added global filter 'safety' (class=org.apache.hadoop.http.HttpServer2$QuotingInputFilter)
2019-10-14 14:37:37,645 [main] INFO  http.HttpServer2 (HttpServer2.java:addFilter(948)) - Added filter static_user_filter (class=org.apache.hadoop.http.lib.StaticUserWebFilter$StaticUserFilter) to context hddsDatanode
2019-10-14 14:37:37,645 [main] INFO  http.HttpServer2 (HttpServer2.java:addFilter(958)) - Added filter static_user_filter (class=org.apache.hadoop.http.lib.StaticUserWebFilter$StaticUserFilter) to context static
2019-10-14 14:37:37,645 [main] INFO  http.HttpServer2 (HttpServer2.java:addFilter(958)) - Added filter static_user_filter (class=org.apache.hadoop.http.lib.StaticUserWebFilter$StaticUserFilter) to context logs
2019-10-14 14:37:37,646 [main] INFO  http.HttpServer2 (HttpServer2.java:bindListener(1191)) - Jetty bound to port 33837
2019-10-14 14:37:37,646 [main] INFO  server.Server (Server.java:doStart(351)) - jetty-9.3.25.v20180904, build timestamp: 2018-09-04T21:11:46Z, git hash: 3ce520221d0240229c862b122d2b06c12a625732
2019-10-14 14:37:37,648 [main] INFO  handler.ContextHandler (ContextHandler.java:doStart(781)) - Started o.e.j.s.ServletContextHandler@5b066c33{/logs,file:///workdir/hadoop-ozone/integration-test/target/log,AVAILABLE}
2019-10-14 14:37:37,648 [main] INFO  handler.ContextHandler (ContextHandler.java:doStart(781)) - Started o.e.j.s.ServletContextHandler@47fb7ec9{/static,jar:file:/home/user/.m2/repository/org/apache/hadoop/hadoop-hdds-container-service/0.5.0-SNAPSHOT/hadoop-hdds-container-service-0.5.0-SNAPSHOT.jar!/webapps/static,AVAILABLE}
2019-10-14 14:37:37,700 [main] INFO  handler.ContextHandler (ContextHandler.java:doStart(781)) - Started o.e.j.w.WebAppContext@7a3f08b6{/,file:///tmp/jetty-0.0.0.0-33837-hddsDatanode-_-any-4526495132331721908.dir/webapp/,AVAILABLE}{/hddsDatanode}
2019-10-14 14:37:37,700 [main] INFO  server.AbstractConnector (AbstractConnector.java:doStart(278)) - Started ServerConnector@1be52861{HTTP/1.1,[http/1.1]}{0.0.0.0:33837}
2019-10-14 14:37:37,702 [main] INFO  server.Server (Server.java:doStart(419)) - Started @602463ms
2019-10-14 14:37:37,702 [main] WARN  impl.MetricsSystemImpl (MetricsSystemImpl.java:register(276)) - Sink prometheus already exists!
2019-10-14 14:37:37,703 [main] INFO  server.BaseHttpServer (BaseHttpServer.java:updateConnectorAddress(215)) - HTTP server of HDDSDATANODE is listening at http://0.0.0.0:33837
2019-10-14 14:37:37,703 [main] INFO  impl.MetricsSystemImpl (MetricsSystemImpl.java:init(158)) - HddsDatanode metrics system started (again)
2019-10-14 14:37:37,712 [org.apache.hadoop.util.JvmPauseMonitor$Monitor@4d3f5d9] INFO  util.JvmPauseMonitor (JvmPauseMonitor.java:run(188)) - Starting JVM pause monitor
2019-10-14 14:37:37,713 [Datanode State Machine Thread - 0] INFO  datanode.InitDatanodeState (InitDatanodeState.java:persistContainerDatanodeDetails(140)) - DatanodeDetails is persisted to /workdir/hadoop-ozone/integration-test/target/test-dir/MiniOzoneClusterImpl-14a7b98e-e39a-4234-b5fd-28b5658d784a/datanode-5/meta/datanode.id
2019-10-14 14:37:37,713 [main] INFO  ozone.HddsDatanodeService (HddsDatanodeService.java:start(184)) - HddsDatanodeService host:pr-hdds-2302-x69hs-1458597746 ip:192.168.157.234
2019-10-14 14:37:37,718 [main] INFO  volume.HddsVolume (HddsVolume.java:<init>(176)) - Creating Volume: /workdir/hadoop-ozone/integration-test/target/test-dir/MiniOzoneClusterImpl-14a7b98e-e39a-4234-b5fd-28b5658d784a/datanode-6/data/containers/hdds of  storage type : DISK and capacity : 1482555576320
2019-10-14 14:37:37,719 [main] INFO  volume.VolumeSet (VolumeSet.java:initializeVolumeSet(170)) - Added Volume : /workdir/hadoop-ozone/integration-test/target/test-dir/MiniOzoneClusterImpl-14a7b98e-e39a-4234-b5fd-28b5658d784a/datanode-6/data/containers/hdds to VolumeSet
2019-10-14 14:37:37,719 [main] INFO  volume.ThrottledAsyncChecker (ThrottledAsyncChecker.java:schedule(141)) - Scheduling a check for org.apache.hadoop.ozone.container.common.volume.HddsVolume@6b2aafbc
2019-10-14 14:37:37,720 [main] INFO  volume.HddsVolumeChecker (HddsVolumeChecker.java:checkAllVolumes(204)) - Scheduled health check for volume org.apache.hadoop.ozone.container.common.volume.HddsVolume@6b2aafbc
2019-10-14 14:37:37,734 [main] INFO  impl.RaftServerProxy (ConfUtils.java:logGet(43)) - raft.rpc.type = GRPC (default)
2019-10-14 14:37:37,735 [main] INFO  grpc.GrpcFactory (GrpcFactory.java:checkPooledByteBufAllocatorUseCacheForAllThreads(45)) - PERFORMANCE WARNING: useCacheForAllThreads is true that may cause Netty to create a lot garbage objects and, as a result, trigger GC.
	It is recommended to disable useCacheForAllThreads by setting -Dorg.apache.ratis.thirdparty.io.netty.allocator.useCacheForAllThreads=false in command line.
2019-10-14 14:37:37,735 [main] INFO  grpc.GrpcConfigKeys$Server (ConfUtils.java:logGet(43)) - raft.grpc.server.port = 0 (default)
2019-10-14 14:37:37,735 [main] INFO  server.GrpcService (ConfUtils.java:logGet(43)) - raft.grpc.message.size.max = 33570816 (custom)
2019-10-14 14:37:37,735 [main] INFO  server.RaftServerConfigKeys (ConfUtils.java:logGet(43)) - raft.server.log.appender.buffer.byte-limit = 33554432 (custom)
2019-10-14 14:37:37,736 [main] INFO  server.GrpcService (ConfUtils.java:logGet(43)) - raft.grpc.flow.control.window = 1MB (=1048576) (default)
2019-10-14 14:37:37,736 [main] INFO  server.RaftServerConfigKeys (ConfUtils.java:logGet(43)) - raft.server.rpc.request.timeout = 3000ms (default)
2019-10-14 14:37:37,736 [main] INFO  server.RaftServerConfigKeys (ConfUtils.java:logGet(43)) - raft.server.storage.dir = [/workdir/hadoop-ozone/integration-test/target/test-dir/MiniOzoneClusterImpl-14a7b98e-e39a-4234-b5fd-28b5658d784a/datanode-6/data/ratis] (custom)
2019-10-14 14:37:37,737 [main] INFO  hdfs.DFSUtil (DFSUtil.java:httpServerTemplateForNNAndJN(1641)) - Starting Web-server for hddsDatanode at: http://0.0.0.0:0
2019-10-14 14:37:37,739 [main] INFO  server.AuthenticationFilter (AuthenticationFilter.java:constructSecretProvider(240)) - Unable to initialize FileSignerSecretProvider, falling back to use random secrets.
2019-10-14 14:37:37,739 [main] WARN  http.HttpRequestLog (HttpRequestLog.java:getRequestLog(97)) - Jetty request log can only be enabled using Log4j
2019-10-14 14:37:37,740 [main] INFO  http.HttpServer2 (HttpServer2.java:addGlobalFilter(975)) - Added global filter 'safety' (class=org.apache.hadoop.http.HttpServer2$QuotingInputFilter)
2019-10-14 14:37:37,741 [main] INFO  http.HttpServer2 (HttpServer2.java:addFilter(948)) - Added filter static_user_filter (class=org.apache.hadoop.http.lib.StaticUserWebFilter$StaticUserFilter) to context hddsDatanode
2019-10-14 14:37:37,741 [main] INFO  http.HttpServer2 (HttpServer2.java:addFilter(958)) - Added filter static_user_filter (class=org.apache.hadoop.http.lib.StaticUserWebFilter$StaticUserFilter) to context static
2019-10-14 14:37:37,741 [main] INFO  http.HttpServer2 (HttpServer2.java:addFilter(958)) - Added filter static_user_filter (class=org.apache.hadoop.http.lib.StaticUserWebFilter$StaticUserFilter) to context logs
2019-10-14 14:37:37,742 [main] INFO  http.HttpServer2 (HttpServer2.java:bindListener(1191)) - Jetty bound to port 42599
2019-10-14 14:37:37,742 [main] INFO  server.Server (Server.java:doStart(351)) - jetty-9.3.25.v20180904, build timestamp: 2018-09-04T21:11:46Z, git hash: 3ce520221d0240229c862b122d2b06c12a625732
2019-10-14 14:37:37,743 [main] INFO  handler.ContextHandler (ContextHandler.java:doStart(781)) - Started o.e.j.s.ServletContextHandler@cf01c2e{/logs,file:///workdir/hadoop-ozone/integration-test/target/log,AVAILABLE}
2019-10-14 14:37:37,744 [main] INFO  handler.ContextHandler (ContextHandler.java:doStart(781)) - Started o.e.j.s.ServletContextHandler@1eb9bf60{/static,jar:file:/home/user/.m2/repository/org/apache/hadoop/hadoop-hdds-container-service/0.5.0-SNAPSHOT/hadoop-hdds-container-service-0.5.0-SNAPSHOT.jar!/webapps/static,AVAILABLE}
2019-10-14 14:37:37,773 [main] INFO  handler.ContextHandler (ContextHandler.java:doStart(781)) - Started o.e.j.w.WebAppContext@6744707b{/,file:///tmp/jetty-0.0.0.0-42599-hddsDatanode-_-any-1393195179638954880.dir/webapp/,AVAILABLE}{/hddsDatanode}
2019-10-14 14:37:37,773 [main] INFO  server.AbstractConnector (AbstractConnector.java:doStart(278)) - Started ServerConnector@4b28a7bf{HTTP/1.1,[http/1.1]}{0.0.0.0:42599}
2019-10-14 14:37:37,773 [main] INFO  server.Server (Server.java:doStart(419)) - Started @602535ms
2019-10-14 14:37:37,778 [main] WARN  impl.MetricsSystemImpl (MetricsSystemImpl.java:register(276)) - Sink prometheus already exists!
2019-10-14 14:37:37,778 [main] INFO  server.BaseHttpServer (BaseHttpServer.java:updateConnectorAddress(215)) - HTTP server of HDDSDATANODE is listening at http://0.0.0.0:42599
2019-10-14 14:37:37,779 [main] INFO  ozone.MiniOzoneClusterImpl (MiniOzoneClusterImpl.java:lambda$waitForClusterToBeReady$0(147)) - Waiting for cluster to be ready. Got 0 of 7 DN Heartbeats.
2019-10-14 14:37:37,780 [org.apache.hadoop.util.JvmPauseMonitor$Monitor@b052887] INFO  util.JvmPauseMonitor (JvmPauseMonitor.java:run(188)) - Starting JVM pause monitor
2019-10-14 14:37:37,781 [Datanode State Machine Thread - 0] INFO  datanode.InitDatanodeState (InitDatanodeState.java:persistContainerDatanodeDetails(140)) - DatanodeDetails is persisted to /workdir/hadoop-ozone/integration-test/target/test-dir/MiniOzoneClusterImpl-14a7b98e-e39a-4234-b5fd-28b5658d784a/datanode-6/meta/datanode.id
2019-10-14 14:37:38,779 [main] INFO  ozone.MiniOzoneClusterImpl (MiniOzoneClusterImpl.java:lambda$waitForClusterToBeReady$0(147)) - Waiting for cluster to be ready. Got 0 of 7 DN Heartbeats.
2019-10-14 14:37:39,393 [Datanode State Machine Thread - 0] INFO  ozoneimpl.OzoneContainer (OzoneContainer.java:start(213)) - Attempting to start container services.
2019-10-14 14:37:39,394 [Datanode State Machine Thread - 0] INFO  ozoneimpl.OzoneContainer (OzoneContainer.java:startContainerScrub(177)) - Background container scanner has been disabled.
2019-10-14 14:37:39,394 [Datanode State Machine Thread - 0] INFO  ratis.XceiverServerRatis (XceiverServerRatis.java:start(418)) - Starting XceiverServerRatis 888dcfc4-2dcf-4813-9860-ae74be64d77f at port 0
2019-10-14 14:37:39,400 [Datanode State Machine Thread - 0] INFO  impl.RaftServerProxy (RaftServerProxy.java:lambda$start$3(299)) - 888dcfc4-2dcf-4813-9860-ae74be64d77f: start RPC server
2019-10-14 14:37:39,408 [Datanode State Machine Thread - 0] INFO  server.GrpcService (GrpcService.java:startImpl(158)) - 888dcfc4-2dcf-4813-9860-ae74be64d77f: GrpcService started, listening on 0.0.0.0/0.0.0.0:39187
2019-10-14 14:37:39,408 [Datanode State Machine Thread - 0] INFO  ratis.XceiverServerRatis (XceiverServerRatis.java:start(428)) - XceiverServerRatis 888dcfc4-2dcf-4813-9860-ae74be64d77f is started using port 39187
2019-10-14 14:37:39,410 [Datanode State Machine Thread - 0] INFO  server.XceiverServerGrpc (XceiverServerGrpc.java:start(149)) - XceiverServerGrpc 888dcfc4-2dcf-4813-9860-ae74be64d77f is started using port 39510
2019-10-14 14:37:39,450 [Datanode State Machine Thread - 0] INFO  ozoneimpl.OzoneContainer (OzoneContainer.java:start(213)) - Attempting to start container services.
2019-10-14 14:37:39,450 [Datanode State Machine Thread - 0] INFO  ozoneimpl.OzoneContainer (OzoneContainer.java:startContainerScrub(177)) - Background container scanner has been disabled.
2019-10-14 14:37:39,450 [Datanode State Machine Thread - 0] INFO  ratis.XceiverServerRatis (XceiverServerRatis.java:start(418)) - Starting XceiverServerRatis 596d0b68-a203-4961-8858-8f0f1271466f at port 0
2019-10-14 14:37:39,457 [Datanode State Machine Thread - 0] INFO  impl.RaftServerProxy (RaftServerProxy.java:lambda$start$3(299)) - 596d0b68-a203-4961-8858-8f0f1271466f: start RPC server
2019-10-14 14:37:39,458 [Datanode State Machine Thread - 0] INFO  server.GrpcService (GrpcService.java:startImpl(158)) - 596d0b68-a203-4961-8858-8f0f1271466f: GrpcService started, listening on 0.0.0.0/0.0.0.0:43087
2019-10-14 14:37:39,458 [Datanode State Machine Thread - 0] INFO  ratis.XceiverServerRatis (XceiverServerRatis.java:start(428)) - XceiverServerRatis 596d0b68-a203-4961-8858-8f0f1271466f is started using port 43087
2019-10-14 14:37:39,460 [Datanode State Machine Thread - 0] INFO  server.XceiverServerGrpc (XceiverServerGrpc.java:start(149)) - XceiverServerGrpc 596d0b68-a203-4961-8858-8f0f1271466f is started using port 40890
2019-10-14 14:37:39,511 [Datanode State Machine Thread - 0] INFO  ozoneimpl.OzoneContainer (OzoneContainer.java:start(213)) - Attempting to start container services.
2019-10-14 14:37:39,511 [Datanode State Machine Thread - 0] INFO  ozoneimpl.OzoneContainer (OzoneContainer.java:startContainerScrub(177)) - Background container scanner has been disabled.
2019-10-14 14:37:39,511 [Datanode State Machine Thread - 0] INFO  ratis.XceiverServerRatis (XceiverServerRatis.java:start(418)) - Starting XceiverServerRatis b36740b2-8a0d-4d73-b3c2-1334d0c0d750 at port 0
2019-10-14 14:37:39,517 [Datanode State Machine Thread - 0] INFO  impl.RaftServerProxy (RaftServerProxy.java:lambda$start$3(299)) - b36740b2-8a0d-4d73-b3c2-1334d0c0d750: start RPC server
2019-10-14 14:37:39,520 [Datanode State Machine Thread - 0] INFO  server.GrpcService (GrpcService.java:startImpl(158)) - b36740b2-8a0d-4d73-b3c2-1334d0c0d750: GrpcService started, listening on 0.0.0.0/0.0.0.0:46321
2019-10-14 14:37:39,520 [Datanode State Machine Thread - 0] INFO  ratis.XceiverServerRatis (XceiverServerRatis.java:start(428)) - XceiverServerRatis b36740b2-8a0d-4d73-b3c2-1334d0c0d750 is started using port 46321
2019-10-14 14:37:39,520 [Datanode State Machine Thread - 0] INFO  server.XceiverServerGrpc (XceiverServerGrpc.java:start(149)) - XceiverServerGrpc b36740b2-8a0d-4d73-b3c2-1334d0c0d750 is started using port 33765
2019-10-14 14:37:39,574 [Datanode State Machine Thread - 0] INFO  ozoneimpl.OzoneContainer (OzoneContainer.java:start(213)) - Attempting to start container services.
2019-10-14 14:37:39,574 [Datanode State Machine Thread - 0] INFO  ozoneimpl.OzoneContainer (OzoneContainer.java:startContainerScrub(177)) - Background container scanner has been disabled.
2019-10-14 14:37:39,574 [Datanode State Machine Thread - 0] INFO  ratis.XceiverServerRatis (XceiverServerRatis.java:start(418)) - Starting XceiverServerRatis 1d50c7e2-07ef-46f5-8799-c9884e2b0ea2 at port 0
2019-10-14 14:37:39,581 [Datanode State Machine Thread - 0] INFO  impl.RaftServerProxy (RaftServerProxy.java:lambda$start$3(299)) - 1d50c7e2-07ef-46f5-8799-c9884e2b0ea2: start RPC server
2019-10-14 14:37:39,582 [Datanode State Machine Thread - 0] INFO  server.GrpcService (GrpcService.java:startImpl(158)) - 1d50c7e2-07ef-46f5-8799-c9884e2b0ea2: GrpcService started, listening on 0.0.0.0/0.0.0.0:44061
2019-10-14 14:37:39,582 [Datanode State Machine Thread - 0] INFO  ratis.XceiverServerRatis (XceiverServerRatis.java:start(428)) - XceiverServerRatis 1d50c7e2-07ef-46f5-8799-c9884e2b0ea2 is started using port 44061
2019-10-14 14:37:39,582 [Datanode State Machine Thread - 0] INFO  server.XceiverServerGrpc (XceiverServerGrpc.java:start(149)) - XceiverServerGrpc 1d50c7e2-07ef-46f5-8799-c9884e2b0ea2 is started using port 40996
2019-10-14 14:37:39,635 [Datanode State Machine Thread - 0] INFO  ozoneimpl.OzoneContainer (OzoneContainer.java:start(213)) - Attempting to start container services.
2019-10-14 14:37:39,635 [Datanode State Machine Thread - 0] INFO  ozoneimpl.OzoneContainer (OzoneContainer.java:startContainerScrub(177)) - Background container scanner has been disabled.
2019-10-14 14:37:39,635 [Datanode State Machine Thread - 0] INFO  ratis.XceiverServerRatis (XceiverServerRatis.java:start(418)) - Starting XceiverServerRatis 9fb3a90b-6363-46e5-8016-cecbb128012f at port 0
2019-10-14 14:37:39,641 [Datanode State Machine Thread - 0] INFO  impl.RaftServerProxy (RaftServerProxy.java:lambda$start$3(299)) - 9fb3a90b-6363-46e5-8016-cecbb128012f: start RPC server
2019-10-14 14:37:39,644 [Datanode State Machine Thread - 0] INFO  server.GrpcService (GrpcService.java:startImpl(158)) - 9fb3a90b-6363-46e5-8016-cecbb128012f: GrpcService started, listening on 0.0.0.0/0.0.0.0:40696
2019-10-14 14:37:39,644 [Datanode State Machine Thread - 0] INFO  ratis.XceiverServerRatis (XceiverServerRatis.java:start(428)) - XceiverServerRatis 9fb3a90b-6363-46e5-8016-cecbb128012f is started using port 40696
2019-10-14 14:37:39,646 [Datanode State Machine Thread - 0] INFO  server.XceiverServerGrpc (XceiverServerGrpc.java:start(149)) - XceiverServerGrpc 9fb3a90b-6363-46e5-8016-cecbb128012f is started using port 44884
2019-10-14 14:37:39,719 [Datanode State Machine Thread - 0] INFO  ozoneimpl.OzoneContainer (OzoneContainer.java:start(213)) - Attempting to start container services.
2019-10-14 14:37:39,720 [Datanode State Machine Thread - 0] INFO  ozoneimpl.OzoneContainer (OzoneContainer.java:startContainerScrub(177)) - Background container scanner has been disabled.
2019-10-14 14:37:39,720 [Datanode State Machine Thread - 0] INFO  ratis.XceiverServerRatis (XceiverServerRatis.java:start(418)) - Starting XceiverServerRatis 2a3837c4-e4ae-4808-9c0c-c0b157469c32 at port 0
2019-10-14 14:37:39,725 [Datanode State Machine Thread - 0] INFO  impl.RaftServerProxy (RaftServerProxy.java:lambda$start$3(299)) - 2a3837c4-e4ae-4808-9c0c-c0b157469c32: start RPC server
2019-10-14 14:37:39,726 [Datanode State Machine Thread - 0] INFO  server.GrpcService (GrpcService.java:startImpl(158)) - 2a3837c4-e4ae-4808-9c0c-c0b157469c32: GrpcService started, listening on 0.0.0.0/0.0.0.0:45056
2019-10-14 14:37:39,726 [Datanode State Machine Thread - 0] INFO  ratis.XceiverServerRatis (XceiverServerRatis.java:start(428)) - XceiverServerRatis 2a3837c4-e4ae-4808-9c0c-c0b157469c32 is started using port 45056
2019-10-14 14:37:39,729 [Datanode State Machine Thread - 0] INFO  server.XceiverServerGrpc (XceiverServerGrpc.java:start(149)) - XceiverServerGrpc 2a3837c4-e4ae-4808-9c0c-c0b157469c32 is started using port 44217
2019-10-14 14:37:39,780 [main] INFO  ozone.MiniOzoneClusterImpl (MiniOzoneClusterImpl.java:lambda$waitForClusterToBeReady$0(147)) - Waiting for cluster to be ready. Got 0 of 7 DN Heartbeats.
2019-10-14 14:37:39,793 [Datanode State Machine Thread - 0] INFO  ozoneimpl.OzoneContainer (OzoneContainer.java:start(213)) - Attempting to start container services.
2019-10-14 14:37:39,794 [Datanode State Machine Thread - 0] INFO  ozoneimpl.OzoneContainer (OzoneContainer.java:startContainerScrub(177)) - Background container scanner has been disabled.
2019-10-14 14:37:39,794 [Datanode State Machine Thread - 0] INFO  ratis.XceiverServerRatis (XceiverServerRatis.java:start(418)) - Starting XceiverServerRatis 6b47e83d-afb7-49f6-8e11-7b7741dec319 at port 0
2019-10-14 14:37:39,799 [Datanode State Machine Thread - 0] INFO  impl.RaftServerProxy (RaftServerProxy.java:lambda$start$3(299)) - 6b47e83d-afb7-49f6-8e11-7b7741dec319: start RPC server
2019-10-14 14:37:39,799 [Datanode State Machine Thread - 0] INFO  server.GrpcService (GrpcService.java:startImpl(158)) - 6b47e83d-afb7-49f6-8e11-7b7741dec319: GrpcService started, listening on 0.0.0.0/0.0.0.0:41528
2019-10-14 14:37:39,799 [Datanode State Machine Thread - 0] INFO  ratis.XceiverServerRatis (XceiverServerRatis.java:start(428)) - XceiverServerRatis 6b47e83d-afb7-49f6-8e11-7b7741dec319 is started using port 41528
2019-10-14 14:37:39,800 [Datanode State Machine Thread - 0] INFO  server.XceiverServerGrpc (XceiverServerGrpc.java:start(149)) - XceiverServerGrpc 6b47e83d-afb7-49f6-8e11-7b7741dec319 is started using port 41237
2019-10-14 14:37:40,781 [main] INFO  ozone.MiniOzoneClusterImpl (MiniOzoneClusterImpl.java:lambda$waitForClusterToBeReady$0(147)) - Waiting for cluster to be ready. Got 0 of 7 DN Heartbeats.
2019-10-14 14:37:41,373 [IPC Server handler 2 on 45488] INFO  net.NetworkTopology (NetworkTopologyImpl.java:add(111)) - Added a new node: /default-rack/888dcfc4-2dcf-4813-9860-ae74be64d77f
2019-10-14 14:37:41,376 [IPC Server handler 2 on 45488] INFO  node.SCMNodeManager (SCMNodeManager.java:register(268)) - Registered Data node : 888dcfc4-2dcf-4813-9860-ae74be64d77f{ip: 192.168.157.234, host: pr-hdds-2302-x69hs-1458597746, networkLocation: /default-rack, certSerialId: null}
2019-10-14 14:37:41,378 [EventQueue-NodeRegistrationContainerReportForDataNodeSafeModeRule] INFO  safemode.SCMSafeModeManager (DataNodeSafeModeRule.java:process(71)) - SCM in safe mode. 1 DataNodes registered, 1 required.
2019-10-14 14:37:41,380 [EventQueue-NodeRegistrationContainerReportForDataNodeSafeModeRule] INFO  safemode.SCMSafeModeManager (SCMSafeModeManager.java:validateSafeModeExitRules(177)) - ScmSafeModeManager, all rules are successfully validated
2019-10-14 14:37:41,380 [EventQueue-NodeRegistrationContainerReportForDataNodeSafeModeRule] INFO  safemode.SCMSafeModeManager (SCMSafeModeManager.java:exitSafeMode(193)) - SCM exiting safe mode.
2019-10-14 14:37:41,390 [grpc-default-executor-2] INFO  impl.RaftServerProxy (RaftServerProxy.java:addNew(89)) - 888dcfc4-2dcf-4813-9860-ae74be64d77f: addNew group-7715962C79E0:[888dcfc4-2dcf-4813-9860-ae74be64d77f:192.168.157.234:39187] returns group-7715962C79E0:java.util.concurrent.CompletableFuture@4715bcde[Not completed]
2019-10-14 14:37:41,392 [pool-409-thread-1] INFO  impl.RaftServerImpl (RaftServerImpl.java:<init>(95)) - 888dcfc4-2dcf-4813-9860-ae74be64d77f: new RaftServerImpl for group-7715962C79E0:[888dcfc4-2dcf-4813-9860-ae74be64d77f:192.168.157.234:39187] with ContainerStateMachine:uninitialized
2019-10-14 14:37:41,392 [pool-409-thread-1] INFO  server.RaftServerConfigKeys (ConfUtils.java:logGet(43)) - raft.server.rpc.timeout.min = 5s (custom)
2019-10-14 14:37:41,392 [pool-409-thread-1] INFO  server.RaftServerConfigKeys (ConfUtils.java:logGet(43)) - raft.server.rpc.timeout.max = 5200ms (custom)
2019-10-14 14:37:41,392 [pool-409-thread-1] INFO  server.RaftServerConfigKeys (ConfUtils.java:logGet(43)) - raft.server.rpcslowness.timeout = 120s (custom)
2019-10-14 14:37:41,393 [pool-409-thread-1] INFO  server.RaftServerConfigKeys (ConfUtils.java:logGet(43)) - raft.server.sleep.deviation.threshold = 300 (default)
2019-10-14 14:37:41,393 [pool-409-thread-1] INFO  server.RaftServerConfigKeys (ConfUtils.java:logGet(43)) - raft.server.log.appender.install.snapshot.enabled = false (custom)
2019-10-14 14:37:41,393 [pool-409-thread-1] INFO  impl.RaftServerImpl (ServerState.java:<init>(103)) - 888dcfc4-2dcf-4813-9860-ae74be64d77f@group-7715962C79E0: ConfigurationManager, init=-1: [888dcfc4-2dcf-4813-9860-ae74be64d77f:192.168.157.234:39187], old=null, confs=<EMPTY_MAP>
2019-10-14 14:37:41,393 [pool-409-thread-1] INFO  server.RaftServerConfigKeys (ConfUtils.java:logGet(43)) - raft.server.storage.dir = [/workdir/hadoop-ozone/integration-test/target/test-dir/MiniOzoneClusterImpl-14a7b98e-e39a-4234-b5fd-28b5658d784a/datanode-0/data/ratis] (custom)
2019-10-14 14:37:41,394 [pool-409-thread-1] INFO  server.RaftServerConfigKeys (ConfUtils.java:logGet(43)) - raft.server.log.corruption.policy = EXCEPTION (default)
2019-10-14 14:37:41,394 [pool-409-thread-1] INFO  storage.RaftStorageDirectory (RaftStorageDirectory.java:analyzeStorage(246)) - The storage directory /workdir/hadoop-ozone/integration-test/target/test-dir/MiniOzoneClusterImpl-14a7b98e-e39a-4234-b5fd-28b5658d784a/datanode-0/data/ratis/49fa552e-14cd-4479-b9f6-7715962c79e0 does not exist. Creating ...
2019-10-14 14:37:41,407 [pool-409-thread-1] INFO  storage.RaftStorageDirectory (RaftStorageDirectory.java:tryLock(328)) - Lock on /workdir/hadoop-ozone/integration-test/target/test-dir/MiniOzoneClusterImpl-14a7b98e-e39a-4234-b5fd-28b5658d784a/datanode-0/data/ratis/49fa552e-14cd-4479-b9f6-7715962c79e0/in_use.lock acquired by nodename 7620@pr-hdds-2302-x69hs-1458597746
2019-10-14 14:37:41,421 [pool-409-thread-1] INFO  storage.RaftStorage (RaftStorage.java:format(84)) - Storage directory /workdir/hadoop-ozone/integration-test/target/test-dir/MiniOzoneClusterImpl-14a7b98e-e39a-4234-b5fd-28b5658d784a/datanode-0/data/ratis/49fa552e-14cd-4479-b9f6-7715962c79e0 has been successfully formatted.
2019-10-14 14:37:41,421 [pool-409-thread-1] INFO  ratis.ContainerStateMachine (ContainerStateMachine.java:loadSnapshot(231)) - group-7715962C79E0: The snapshot info is null. Setting the last applied indexto:(t:0, i:~)
2019-10-14 14:37:41,422 [pool-409-thread-1] INFO  server.RaftServerConfigKeys (ConfUtils.java:logGet(43)) - raft.server.notification.no-leader.timeout = 120s (custom)
2019-10-14 14:37:41,422 [pool-409-thread-1] INFO  server.RaftServerConfigKeys (ConfUtils.java:logGet(43)) - raft.server.log.use.memory = false (default)
2019-10-14 14:37:41,422 [pool-409-thread-1] INFO  server.RaftServerConfigKeys (ConfUtils.java:logGet(43)) - raft.server.log.purge.gap = 1000000 (custom)
2019-10-14 14:37:41,422 [pool-409-thread-1] INFO  server.RaftServerConfigKeys (ConfUtils.java:logGet(43)) - raft.server.log.appender.buffer.byte-limit = 33554432 (custom)
2019-10-14 14:37:41,422 [pool-409-thread-1] INFO  server.RaftServerConfigKeys (ConfUtils.java:logGet(43)) - raft.server.log.segment.size.max = 1048576 (custom)
2019-10-14 14:37:41,425 [pool-409-thread-1] INFO  server.RaftServerConfigKeys (ConfUtils.java:logGet(43)) - raft.server.log.segment.cache.num.max = 2 (custom)
2019-10-14 14:37:41,425 [pool-409-thread-1] INFO  segmented.SegmentedRaftLogWorker (SegmentedRaftLogWorker.java:<init>(173)) - new 888dcfc4-2dcf-4813-9860-ae74be64d77f@group-7715962C79E0-SegmentedRaftLogWorker for RaftStorage:Storage Directory /workdir/hadoop-ozone/integration-test/target/test-dir/MiniOzoneClusterImpl-14a7b98e-e39a-4234-b5fd-28b5658d784a/datanode-0/data/ratis/49fa552e-14cd-4479-b9f6-7715962c79e0
2019-10-14 14:37:41,425 [pool-409-thread-1] INFO  server.RaftServerConfigKeys (ConfUtils.java:logGet(43)) - raft.server.log.queue.byte-limit = 2147483647 (custom)
2019-10-14 14:37:41,425 [pool-409-thread-1] INFO  server.RaftServerConfigKeys (ConfUtils.java:logGet(43)) - raft.server.log.queue.element-limit = 1024 (custom)
2019-10-14 14:37:41,425 [pool-409-thread-1] INFO  server.RaftServerConfigKeys (ConfUtils.java:logGet(43)) - raft.server.log.segment.size.max = 1048576 (custom)
2019-10-14 14:37:41,426 [pool-409-thread-1] INFO  server.RaftServerConfigKeys (ConfUtils.java:logGet(43)) - raft.server.log.preallocated.size = 16384 (custom)
2019-10-14 14:37:41,426 [pool-409-thread-1] INFO  server.RaftServerConfigKeys (ConfUtils.java:logGet(43)) - raft.server.log.write.buffer.size = 33554432 (custom)
2019-10-14 14:37:41,426 [pool-409-thread-1] INFO  server.RaftServerConfigKeys (ConfUtils.java:logGet(43)) - raft.server.log.force.sync.num = 128 (default)
2019-10-14 14:37:41,426 [pool-409-thread-1] INFO  server.RaftServerConfigKeys (ConfUtils.java:logGet(43)) - raft.server.log.statemachine.data.sync = true (default)
2019-10-14 14:37:41,426 [pool-409-thread-1] INFO  server.RaftServerConfigKeys (ConfUtils.java:logGet(43)) - raft.server.log.statemachine.data.sync.timeout = 10s (default)
2019-10-14 14:37:41,426 [pool-409-thread-1] INFO  server.RaftServerConfigKeys (ConfUtils.java:logGet(43)) - raft.server.log.statemachine.data.sync.timeout.retry = -1 (default)
2019-10-14 14:37:41,427 [pool-409-thread-1] INFO  server.RaftServerConfigKeys (ConfUtils.java:logGet(43)) - raft.server.log.statemachine.data.caching.enabled = true (custom)
2019-10-14 14:37:41,427 [pool-409-thread-1] INFO  segmented.SegmentedRaftLogWorker (SegmentedRaftLogWorker.java:lambda$new$0(128)) - 888dcfc4-2dcf-4813-9860-ae74be64d77f@group-7715962C79E0-SegmentedRaftLogWorker: flushIndex: setUnconditionally 0 -> -1
2019-10-14 14:37:41,428 [pool-409-thread-1] INFO  server.RaftServerConfigKeys (ConfUtils.java:logGet(43)) - raft.server.snapshot.auto.trigger.enabled = true (custom)
2019-10-14 14:37:41,428 [pool-409-thread-1] INFO  server.RaftServerConfigKeys (ConfUtils.java:logGet(43)) - raft.server.snapshot.auto.trigger.threshold = 10000 (custom)
2019-10-14 14:37:41,428 [pool-409-thread-1] INFO  server.RaftServerConfigKeys (ConfUtils.java:logGet(43)) - raft.server.snapshot.retention.file.num = 5 (custom)
2019-10-14 14:37:41,428 [pool-409-thread-1] INFO  server.RaftServerConfigKeys (ConfUtils.java:logGet(43)) - raft.server.retrycache.expirytime = 600000ms (custom)
2019-10-14 14:37:41,430 [pool-409-thread-1] INFO  impl.RaftServerImpl (RaftServerImpl.java:start(181)) - 888dcfc4-2dcf-4813-9860-ae74be64d77f@group-7715962C79E0: start as a follower, conf=-1: [888dcfc4-2dcf-4813-9860-ae74be64d77f:192.168.157.234:39187], old=null
2019-10-14 14:37:41,430 [pool-409-thread-1] INFO  impl.RaftServerImpl (RaftServerImpl.java:setRole(170)) - 888dcfc4-2dcf-4813-9860-ae74be64d77f@group-7715962C79E0: changes role from      null to FOLLOWER at term 0 for startAsFollower
2019-10-14 14:37:41,430 [pool-409-thread-1] INFO  impl.RoleInfo (RoleInfo.java:updateAndGet(143)) - 888dcfc4-2dcf-4813-9860-ae74be64d77f: start FollowerState
2019-10-14 14:37:41,431 [pool-409-thread-1] INFO  util.JmxRegister (JmxRegister.java:tryRegister(44)) - Successfully registered JMX Bean with object name Ratis:service=RaftServer,group=group-7715962C79E0,id=888dcfc4-2dcf-4813-9860-ae74be64d77f
2019-10-14 14:37:41,435 [IPC Server handler 1 on 45488] INFO  net.NetworkTopology (NetworkTopologyImpl.java:add(111)) - Added a new node: /default-rack/596d0b68-a203-4961-8858-8f0f1271466f
2019-10-14 14:37:41,435 [IPC Server handler 1 on 45488] INFO  node.SCMNodeManager (SCMNodeManager.java:register(268)) - Registered Data node : 596d0b68-a203-4961-8858-8f0f1271466f{ip: 192.168.157.234, host: pr-hdds-2302-x69hs-1458597746, networkLocation: /default-rack, certSerialId: null}
2019-10-14 14:37:41,436 [RatisPipelineUtilsThread] INFO  pipeline.PipelineStateManager (PipelineStateManager.java:addPipeline(56)) - Created pipeline Pipeline[ Id: 49fa552e-14cd-4479-b9f6-7715962c79e0, Nodes: 888dcfc4-2dcf-4813-9860-ae74be64d77f{ip: 192.168.157.234, host: pr-hdds-2302-x69hs-1458597746, networkLocation: /default-rack, certSerialId: null}, Type:RATIS, Factor:ONE, State:OPEN]
2019-10-14 14:37:41,443 [grpc-default-executor-2] INFO  impl.RaftServerProxy (RaftServerProxy.java:addNew(89)) - 596d0b68-a203-4961-8858-8f0f1271466f: addNew group-70ED4CD9807C:[596d0b68-a203-4961-8858-8f0f1271466f:192.168.157.234:43087] returns group-70ED4CD9807C:java.util.concurrent.CompletableFuture@50b1f6db[Not completed]
2019-10-14 14:37:41,444 [pool-419-thread-1] INFO  impl.RaftServerImpl (RaftServerImpl.java:<init>(95)) - 596d0b68-a203-4961-8858-8f0f1271466f: new RaftServerImpl for group-70ED4CD9807C:[596d0b68-a203-4961-8858-8f0f1271466f:192.168.157.234:43087] with ContainerStateMachine:uninitialized
2019-10-14 14:37:41,444 [pool-419-thread-1] INFO  server.RaftServerConfigKeys (ConfUtils.java:logGet(43)) - raft.server.rpc.timeout.min = 5s (custom)
2019-10-14 14:37:41,444 [pool-419-thread-1] INFO  server.RaftServerConfigKeys (ConfUtils.java:logGet(43)) - raft.server.rpc.timeout.max = 5200ms (custom)
2019-10-14 14:37:41,445 [pool-419-thread-1] INFO  server.RaftServerConfigKeys (ConfUtils.java:logGet(43)) - raft.server.rpcslowness.timeout = 120s (custom)
2019-10-14 14:37:41,445 [pool-419-thread-1] INFO  server.RaftServerConfigKeys (ConfUtils.java:logGet(43)) - raft.server.sleep.deviation.threshold = 300 (default)
2019-10-14 14:37:41,445 [pool-419-thread-1] INFO  server.RaftServerConfigKeys (ConfUtils.java:logGet(43)) - raft.server.log.appender.install.snapshot.enabled = false (custom)
2019-10-14 14:37:41,445 [pool-419-thread-1] INFO  impl.RaftServerImpl (ServerState.java:<init>(103)) - 596d0b68-a203-4961-8858-8f0f1271466f@group-70ED4CD9807C: ConfigurationManager, init=-1: [596d0b68-a203-4961-8858-8f0f1271466f:192.168.157.234:43087], old=null, confs=<EMPTY_MAP>
2019-10-14 14:37:41,445 [pool-419-thread-1] INFO  server.RaftServerConfigKeys (ConfUtils.java:logGet(43)) - raft.server.storage.dir = [/workdir/hadoop-ozone/integration-test/target/test-dir/MiniOzoneClusterImpl-14a7b98e-e39a-4234-b5fd-28b5658d784a/datanode-1/data/ratis] (custom)
2019-10-14 14:37:41,445 [pool-419-thread-1] INFO  server.RaftServerConfigKeys (ConfUtils.java:logGet(43)) - raft.server.log.corruption.policy = EXCEPTION (default)
2019-10-14 14:37:41,446 [pool-419-thread-1] INFO  storage.RaftStorageDirectory (RaftStorageDirectory.java:analyzeStorage(246)) - The storage directory /workdir/hadoop-ozone/integration-test/target/test-dir/MiniOzoneClusterImpl-14a7b98e-e39a-4234-b5fd-28b5658d784a/datanode-1/data/ratis/74e59e29-9b16-4219-a9f1-70ed4cd9807c does not exist. Creating ...
2019-10-14 14:37:41,459 [pool-419-thread-1] INFO  storage.RaftStorageDirectory (RaftStorageDirectory.java:tryLock(328)) - Lock on /workdir/hadoop-ozone/integration-test/target/test-dir/MiniOzoneClusterImpl-14a7b98e-e39a-4234-b5fd-28b5658d784a/datanode-1/data/ratis/74e59e29-9b16-4219-a9f1-70ed4cd9807c/in_use.lock acquired by nodename 7620@pr-hdds-2302-x69hs-1458597746
2019-10-14 14:37:41,472 [pool-419-thread-1] INFO  storage.RaftStorage (RaftStorage.java:format(84)) - Storage directory /workdir/hadoop-ozone/integration-test/target/test-dir/MiniOzoneClusterImpl-14a7b98e-e39a-4234-b5fd-28b5658d784a/datanode-1/data/ratis/74e59e29-9b16-4219-a9f1-70ed4cd9807c has been successfully formatted.
2019-10-14 14:37:41,473 [pool-419-thread-1] INFO  ratis.ContainerStateMachine (ContainerStateMachine.java:loadSnapshot(231)) - group-70ED4CD9807C: The snapshot info is null. Setting the last applied indexto:(t:0, i:~)
2019-10-14 14:37:41,473 [pool-419-thread-1] INFO  server.RaftServerConfigKeys (ConfUtils.java:logGet(43)) - raft.server.notification.no-leader.timeout = 120s (custom)
2019-10-14 14:37:41,473 [pool-419-thread-1] INFO  server.RaftServerConfigKeys (ConfUtils.java:logGet(43)) - raft.server.log.use.memory = false (default)
2019-10-14 14:37:41,473 [pool-419-thread-1] INFO  server.RaftServerConfigKeys (ConfUtils.java:logGet(43)) - raft.server.log.purge.gap = 1000000 (custom)
2019-10-14 14:37:41,473 [pool-419-thread-1] INFO  server.RaftServerConfigKeys (ConfUtils.java:logGet(43)) - raft.server.log.appender.buffer.byte-limit = 33554432 (custom)
2019-10-14 14:37:41,473 [pool-419-thread-1] INFO  server.RaftServerConfigKeys (ConfUtils.java:logGet(43)) - raft.server.log.segment.size.max = 1048576 (custom)
2019-10-14 14:37:41,475 [pool-419-thread-1] INFO  server.RaftServerConfigKeys (ConfUtils.java:logGet(43)) - raft.server.log.segment.cache.num.max = 2 (custom)
2019-10-14 14:37:41,475 [pool-419-thread-1] INFO  segmented.SegmentedRaftLogWorker (SegmentedRaftLogWorker.java:<init>(173)) - new 596d0b68-a203-4961-8858-8f0f1271466f@group-70ED4CD9807C-SegmentedRaftLogWorker for RaftStorage:Storage Directory /workdir/hadoop-ozone/integration-test/target/test-dir/MiniOzoneClusterImpl-14a7b98e-e39a-4234-b5fd-28b5658d784a/datanode-1/data/ratis/74e59e29-9b16-4219-a9f1-70ed4cd9807c
2019-10-14 14:37:41,475 [pool-419-thread-1] INFO  server.RaftServerConfigKeys (ConfUtils.java:logGet(43)) - raft.server.log.queue.byte-limit = 2147483647 (custom)
2019-10-14 14:37:41,475 [pool-419-thread-1] INFO  server.RaftServerConfigKeys (ConfUtils.java:logGet(43)) - raft.server.log.queue.element-limit = 1024 (custom)
2019-10-14 14:37:41,475 [pool-419-thread-1] INFO  server.RaftServerConfigKeys (ConfUtils.java:logGet(43)) - raft.server.log.segment.size.max = 1048576 (custom)
2019-10-14 14:37:41,475 [pool-419-thread-1] INFO  server.RaftServerConfigKeys (ConfUtils.java:logGet(43)) - raft.server.log.preallocated.size = 16384 (custom)
2019-10-14 14:37:41,475 [pool-419-thread-1] INFO  server.RaftServerConfigKeys (ConfUtils.java:logGet(43)) - raft.server.log.write.buffer.size = 33554432 (custom)
2019-10-14 14:37:41,476 [pool-419-thread-1] INFO  server.RaftServerConfigKeys (ConfUtils.java:logGet(43)) - raft.server.log.force.sync.num = 128 (default)
2019-10-14 14:37:41,476 [pool-419-thread-1] INFO  server.RaftServerConfigKeys (ConfUtils.java:logGet(43)) - raft.server.log.statemachine.data.sync = true (default)
2019-10-14 14:37:41,476 [pool-419-thread-1] INFO  server.RaftServerConfigKeys (ConfUtils.java:logGet(43)) - raft.server.log.statemachine.data.sync.timeout = 10s (default)
2019-10-14 14:37:41,476 [pool-419-thread-1] INFO  server.RaftServerConfigKeys (ConfUtils.java:logGet(43)) - raft.server.log.statemachine.data.sync.timeout.retry = -1 (default)
2019-10-14 14:37:41,476 [pool-419-thread-1] INFO  server.RaftServerConfigKeys (ConfUtils.java:logGet(43)) - raft.server.log.statemachine.data.caching.enabled = true (custom)
2019-10-14 14:37:41,476 [pool-419-thread-1] INFO  segmented.SegmentedRaftLogWorker (SegmentedRaftLogWorker.java:lambda$new$0(128)) - 596d0b68-a203-4961-8858-8f0f1271466f@group-70ED4CD9807C-SegmentedRaftLogWorker: flushIndex: setUnconditionally 0 -> -1
2019-10-14 14:37:41,477 [pool-419-thread-1] INFO  server.RaftServerConfigKeys (ConfUtils.java:logGet(43)) - raft.server.snapshot.auto.trigger.enabled = true (custom)
2019-10-14 14:37:41,477 [pool-419-thread-1] INFO  server.RaftServerConfigKeys (ConfUtils.java:logGet(43)) - raft.server.snapshot.auto.trigger.threshold = 10000 (custom)
2019-10-14 14:37:41,477 [pool-419-thread-1] INFO  server.RaftServerConfigKeys (ConfUtils.java:logGet(43)) - raft.server.snapshot.retention.file.num = 5 (custom)
2019-10-14 14:37:41,477 [pool-419-thread-1] INFO  server.RaftServerConfigKeys (ConfUtils.java:logGet(43)) - raft.server.retrycache.expirytime = 600000ms (custom)
2019-10-14 14:37:41,479 [pool-419-thread-1] INFO  impl.RaftServerImpl (RaftServerImpl.java:start(181)) - 596d0b68-a203-4961-8858-8f0f1271466f@group-70ED4CD9807C: start as a follower, conf=-1: [596d0b68-a203-4961-8858-8f0f1271466f:192.168.157.234:43087], old=null
2019-10-14 14:37:41,479 [pool-419-thread-1] INFO  impl.RaftServerImpl (RaftServerImpl.java:setRole(170)) - 596d0b68-a203-4961-8858-8f0f1271466f@group-70ED4CD9807C: changes role from      null to FOLLOWER at term 0 for startAsFollower
2019-10-14 14:37:41,479 [pool-419-thread-1] INFO  impl.RoleInfo (RoleInfo.java:updateAndGet(143)) - 596d0b68-a203-4961-8858-8f0f1271466f: start FollowerState
2019-10-14 14:37:41,479 [pool-419-thread-1] INFO  util.JmxRegister (JmxRegister.java:tryRegister(44)) - Successfully registered JMX Bean with object name Ratis:service=RaftServer,group=group-70ED4CD9807C,id=596d0b68-a203-4961-8858-8f0f1271466f
2019-10-14 14:37:41,483 [RatisPipelineUtilsThread] INFO  pipeline.PipelineStateManager (PipelineStateManager.java:addPipeline(56)) - Created pipeline Pipeline[ Id: 74e59e29-9b16-4219-a9f1-70ed4cd9807c, Nodes: 596d0b68-a203-4961-8858-8f0f1271466f{ip: 192.168.157.234, host: pr-hdds-2302-x69hs-1458597746, networkLocation: /default-rack, certSerialId: null}, Type:RATIS, Factor:ONE, State:OPEN]
2019-10-14 14:37:41,498 [IPC Server handler 3 on 45488] INFO  net.NetworkTopology (NetworkTopologyImpl.java:add(111)) - Added a new node: /default-rack/b36740b2-8a0d-4d73-b3c2-1334d0c0d750
2019-10-14 14:37:41,498 [IPC Server handler 3 on 45488] INFO  node.SCMNodeManager (SCMNodeManager.java:register(268)) - Registered Data node : b36740b2-8a0d-4d73-b3c2-1334d0c0d750{ip: 192.168.157.234, host: pr-hdds-2302-x69hs-1458597746, networkLocation: /default-rack, certSerialId: null}
2019-10-14 14:37:41,507 [grpc-default-executor-2] INFO  impl.RaftServerProxy (RaftServerProxy.java:addNew(89)) - b36740b2-8a0d-4d73-b3c2-1334d0c0d750: addNew group-54CF1CF14AC8:[b36740b2-8a0d-4d73-b3c2-1334d0c0d750:192.168.157.234:46321] returns group-54CF1CF14AC8:java.util.concurrent.CompletableFuture@10303f29[Not completed]
2019-10-14 14:37:41,509 [pool-429-thread-1] INFO  impl.RaftServerImpl (RaftServerImpl.java:<init>(95)) - b36740b2-8a0d-4d73-b3c2-1334d0c0d750: new RaftServerImpl for group-54CF1CF14AC8:[b36740b2-8a0d-4d73-b3c2-1334d0c0d750:192.168.157.234:46321] with ContainerStateMachine:uninitialized
2019-10-14 14:37:41,509 [pool-429-thread-1] INFO  server.RaftServerConfigKeys (ConfUtils.java:logGet(43)) - raft.server.rpc.timeout.min = 5s (custom)
2019-10-14 14:37:41,509 [pool-429-thread-1] INFO  server.RaftServerConfigKeys (ConfUtils.java:logGet(43)) - raft.server.rpc.timeout.max = 5200ms (custom)
2019-10-14 14:37:41,509 [pool-429-thread-1] INFO  server.RaftServerConfigKeys (ConfUtils.java:logGet(43)) - raft.server.rpcslowness.timeout = 120s (custom)
2019-10-14 14:37:41,509 [pool-429-thread-1] INFO  server.RaftServerConfigKeys (ConfUtils.java:logGet(43)) - raft.server.sleep.deviation.threshold = 300 (default)
2019-10-14 14:37:41,509 [pool-429-thread-1] INFO  server.RaftServerConfigKeys (ConfUtils.java:logGet(43)) - raft.server.log.appender.install.snapshot.enabled = false (custom)
2019-10-14 14:37:41,509 [pool-429-thread-1] INFO  impl.RaftServerImpl (ServerState.java:<init>(103)) - b36740b2-8a0d-4d73-b3c2-1334d0c0d750@group-54CF1CF14AC8: ConfigurationManager, init=-1: [b36740b2-8a0d-4d73-b3c2-1334d0c0d750:192.168.157.234:46321], old=null, confs=<EMPTY_MAP>
2019-10-14 14:37:41,510 [pool-429-thread-1] INFO  server.RaftServerConfigKeys (ConfUtils.java:logGet(43)) - raft.server.storage.dir = [/workdir/hadoop-ozone/integration-test/target/test-dir/MiniOzoneClusterImpl-14a7b98e-e39a-4234-b5fd-28b5658d784a/datanode-2/data/ratis] (custom)
2019-10-14 14:37:41,510 [pool-429-thread-1] INFO  server.RaftServerConfigKeys (ConfUtils.java:logGet(43)) - raft.server.log.corruption.policy = EXCEPTION (default)
2019-10-14 14:37:41,510 [pool-429-thread-1] INFO  storage.RaftStorageDirectory (RaftStorageDirectory.java:analyzeStorage(246)) - The storage directory /workdir/hadoop-ozone/integration-test/target/test-dir/MiniOzoneClusterImpl-14a7b98e-e39a-4234-b5fd-28b5658d784a/datanode-2/data/ratis/e89ee4e7-7701-42f7-9b91-54cf1cf14ac8 does not exist. Creating ...
2019-10-14 14:37:41,523 [pool-429-thread-1] INFO  storage.RaftStorageDirectory (RaftStorageDirectory.java:tryLock(328)) - Lock on /workdir/hadoop-ozone/integration-test/target/test-dir/MiniOzoneClusterImpl-14a7b98e-e39a-4234-b5fd-28b5658d784a/datanode-2/data/ratis/e89ee4e7-7701-42f7-9b91-54cf1cf14ac8/in_use.lock acquired by nodename 7620@pr-hdds-2302-x69hs-1458597746
2019-10-14 14:37:41,536 [pool-429-thread-1] INFO  storage.RaftStorage (RaftStorage.java:format(84)) - Storage directory /workdir/hadoop-ozone/integration-test/target/test-dir/MiniOzoneClusterImpl-14a7b98e-e39a-4234-b5fd-28b5658d784a/datanode-2/data/ratis/e89ee4e7-7701-42f7-9b91-54cf1cf14ac8 has been successfully formatted.
2019-10-14 14:37:41,536 [pool-429-thread-1] INFO  ratis.ContainerStateMachine (ContainerStateMachine.java:loadSnapshot(231)) - group-54CF1CF14AC8: The snapshot info is null. Setting the last applied indexto:(t:0, i:~)
2019-10-14 14:37:41,536 [pool-429-thread-1] INFO  server.RaftServerConfigKeys (ConfUtils.java:logGet(43)) - raft.server.notification.no-leader.timeout = 120s (custom)
2019-10-14 14:37:41,536 [pool-429-thread-1] INFO  server.RaftServerConfigKeys (ConfUtils.java:logGet(43)) - raft.server.log.use.memory = false (default)
2019-10-14 14:37:41,536 [pool-429-thread-1] INFO  server.RaftServerConfigKeys (ConfUtils.java:logGet(43)) - raft.server.log.purge.gap = 1000000 (custom)
2019-10-14 14:37:41,537 [pool-429-thread-1] INFO  server.RaftServerConfigKeys (ConfUtils.java:logGet(43)) - raft.server.log.appender.buffer.byte-limit = 33554432 (custom)
2019-10-14 14:37:41,537 [pool-429-thread-1] INFO  server.RaftServerConfigKeys (ConfUtils.java:logGet(43)) - raft.server.log.segment.size.max = 1048576 (custom)
2019-10-14 14:37:41,538 [pool-429-thread-1] INFO  server.RaftServerConfigKeys (ConfUtils.java:logGet(43)) - raft.server.log.segment.cache.num.max = 2 (custom)
2019-10-14 14:37:41,538 [pool-429-thread-1] INFO  segmented.SegmentedRaftLogWorker (SegmentedRaftLogWorker.java:<init>(173)) - new b36740b2-8a0d-4d73-b3c2-1334d0c0d750@group-54CF1CF14AC8-SegmentedRaftLogWorker for RaftStorage:Storage Directory /workdir/hadoop-ozone/integration-test/target/test-dir/MiniOzoneClusterImpl-14a7b98e-e39a-4234-b5fd-28b5658d784a/datanode-2/data/ratis/e89ee4e7-7701-42f7-9b91-54cf1cf14ac8
2019-10-14 14:37:41,538 [pool-429-thread-1] INFO  server.RaftServerConfigKeys (ConfUtils.java:logGet(43)) - raft.server.log.queue.byte-limit = 2147483647 (custom)
2019-10-14 14:37:41,538 [pool-429-thread-1] INFO  server.RaftServerConfigKeys (ConfUtils.java:logGet(43)) - raft.server.log.queue.element-limit = 1024 (custom)
2019-10-14 14:37:41,539 [pool-429-thread-1] INFO  server.RaftServerConfigKeys (ConfUtils.java:logGet(43)) - raft.server.log.segment.size.max = 1048576 (custom)
2019-10-14 14:37:41,539 [pool-429-thread-1] INFO  server.RaftServerConfigKeys (ConfUtils.java:logGet(43)) - raft.server.log.preallocated.size = 16384 (custom)
2019-10-14 14:37:41,539 [pool-429-thread-1] INFO  server.RaftServerConfigKeys (ConfUtils.java:logGet(43)) - raft.server.log.write.buffer.size = 33554432 (custom)
2019-10-14 14:37:41,539 [pool-429-thread-1] INFO  server.RaftServerConfigKeys (ConfUtils.java:logGet(43)) - raft.server.log.force.sync.num = 128 (default)
2019-10-14 14:37:41,539 [pool-429-thread-1] INFO  server.RaftServerConfigKeys (ConfUtils.java:logGet(43)) - raft.server.log.statemachine.data.sync = true (default)
2019-10-14 14:37:41,539 [pool-429-thread-1] INFO  server.RaftServerConfigKeys (ConfUtils.java:logGet(43)) - raft.server.log.statemachine.data.sync.timeout = 10s (default)
2019-10-14 14:37:41,539 [pool-429-thread-1] INFO  server.RaftServerConfigKeys (ConfUtils.java:logGet(43)) - raft.server.log.statemachine.data.sync.timeout.retry = -1 (default)
2019-10-14 14:37:41,539 [pool-429-thread-1] INFO  server.RaftServerConfigKeys (ConfUtils.java:logGet(43)) - raft.server.log.statemachine.data.caching.enabled = true (custom)
2019-10-14 14:37:41,540 [pool-429-thread-1] INFO  segmented.SegmentedRaftLogWorker (SegmentedRaftLogWorker.java:lambda$new$0(128)) - b36740b2-8a0d-4d73-b3c2-1334d0c0d750@group-54CF1CF14AC8-SegmentedRaftLogWorker: flushIndex: setUnconditionally 0 -> -1
2019-10-14 14:37:41,540 [pool-429-thread-1] INFO  server.RaftServerConfigKeys (ConfUtils.java:logGet(43)) - raft.server.snapshot.auto.trigger.enabled = true (custom)
2019-10-14 14:37:41,540 [pool-429-thread-1] INFO  server.RaftServerConfigKeys (ConfUtils.java:logGet(43)) - raft.server.snapshot.auto.trigger.threshold = 10000 (custom)
2019-10-14 14:37:41,540 [pool-429-thread-1] INFO  server.RaftServerConfigKeys (ConfUtils.java:logGet(43)) - raft.server.snapshot.retention.file.num = 5 (custom)
2019-10-14 14:37:41,540 [pool-429-thread-1] INFO  server.RaftServerConfigKeys (ConfUtils.java:logGet(43)) - raft.server.retrycache.expirytime = 600000ms (custom)
2019-10-14 14:37:41,542 [pool-429-thread-1] INFO  impl.RaftServerImpl (RaftServerImpl.java:start(181)) - b36740b2-8a0d-4d73-b3c2-1334d0c0d750@group-54CF1CF14AC8: start as a follower, conf=-1: [b36740b2-8a0d-4d73-b3c2-1334d0c0d750:192.168.157.234:46321], old=null
2019-10-14 14:37:41,542 [pool-429-thread-1] INFO  impl.RaftServerImpl (RaftServerImpl.java:setRole(170)) - b36740b2-8a0d-4d73-b3c2-1334d0c0d750@group-54CF1CF14AC8: changes role from      null to FOLLOWER at term 0 for startAsFollower
2019-10-14 14:37:41,542 [pool-429-thread-1] INFO  impl.RoleInfo (RoleInfo.java:updateAndGet(143)) - b36740b2-8a0d-4d73-b3c2-1334d0c0d750: start FollowerState
2019-10-14 14:37:41,542 [pool-429-thread-1] INFO  util.JmxRegister (JmxRegister.java:tryRegister(44)) - Successfully registered JMX Bean with object name Ratis:service=RaftServer,group=group-54CF1CF14AC8,id=b36740b2-8a0d-4d73-b3c2-1334d0c0d750
2019-10-14 14:37:41,546 [RatisPipelineUtilsThread] INFO  pipeline.PipelineStateManager (PipelineStateManager.java:addPipeline(56)) - Created pipeline Pipeline[ Id: e89ee4e7-7701-42f7-9b91-54cf1cf14ac8, Nodes: b36740b2-8a0d-4d73-b3c2-1334d0c0d750{ip: 192.168.157.234, host: pr-hdds-2302-x69hs-1458597746, networkLocation: /default-rack, certSerialId: null}, Type:RATIS, Factor:ONE, State:OPEN]
2019-10-14 14:37:41,556 [grpc-default-executor-11] INFO  impl.RaftServerProxy (RaftServerProxy.java:addNew(89)) - 596d0b68-a203-4961-8858-8f0f1271466f: addNew group-A9E961950CAF:[596d0b68-a203-4961-8858-8f0f1271466f:192.168.157.234:43087, 888dcfc4-2dcf-4813-9860-ae74be64d77f:192.168.157.234:39187, b36740b2-8a0d-4d73-b3c2-1334d0c0d750:192.168.157.234:46321] returns group-A9E961950CAF:java.util.concurrent.CompletableFuture@149bb1ba[Not completed]
2019-10-14 14:37:41,556 [grpc-default-executor-2] INFO  impl.RaftServerProxy (RaftServerProxy.java:addNew(89)) - b36740b2-8a0d-4d73-b3c2-1334d0c0d750: addNew group-A9E961950CAF:[596d0b68-a203-4961-8858-8f0f1271466f:192.168.157.234:43087, 888dcfc4-2dcf-4813-9860-ae74be64d77f:192.168.157.234:39187, b36740b2-8a0d-4d73-b3c2-1334d0c0d750:192.168.157.234:46321] returns group-A9E961950CAF:java.util.concurrent.CompletableFuture@372204c3[Not completed]
2019-10-14 14:37:41,556 [grpc-default-executor-6] INFO  impl.RaftServerProxy (RaftServerProxy.java:addNew(89)) - 888dcfc4-2dcf-4813-9860-ae74be64d77f: addNew group-A9E961950CAF:[596d0b68-a203-4961-8858-8f0f1271466f:192.168.157.234:43087, 888dcfc4-2dcf-4813-9860-ae74be64d77f:192.168.157.234:39187, b36740b2-8a0d-4d73-b3c2-1334d0c0d750:192.168.157.234:46321] returns group-A9E961950CAF:java.util.concurrent.CompletableFuture@59c2de53[Not completed]
2019-10-14 14:37:41,557 [pool-419-thread-1] INFO  impl.RaftServerImpl (RaftServerImpl.java:<init>(95)) - 596d0b68-a203-4961-8858-8f0f1271466f: new RaftServerImpl for group-A9E961950CAF:[596d0b68-a203-4961-8858-8f0f1271466f:192.168.157.234:43087, 888dcfc4-2dcf-4813-9860-ae74be64d77f:192.168.157.234:39187, b36740b2-8a0d-4d73-b3c2-1334d0c0d750:192.168.157.234:46321] with ContainerStateMachine:uninitialized
2019-10-14 14:37:41,557 [pool-419-thread-1] INFO  server.RaftServerConfigKeys (ConfUtils.java:logGet(43)) - raft.server.rpc.timeout.min = 5s (custom)
2019-10-14 14:37:41,557 [pool-419-thread-1] INFO  server.RaftServerConfigKeys (ConfUtils.java:logGet(43)) - raft.server.rpc.timeout.max = 5200ms (custom)
2019-10-14 14:37:41,557 [pool-419-thread-1] INFO  server.RaftServerConfigKeys (ConfUtils.java:logGet(43)) - raft.server.rpcslowness.timeout = 120s (custom)
2019-10-14 14:37:41,557 [pool-419-thread-1] INFO  server.RaftServerConfigKeys (ConfUtils.java:logGet(43)) - raft.server.sleep.deviation.threshold = 300 (default)
2019-10-14 14:37:41,557 [pool-419-thread-1] INFO  server.RaftServerConfigKeys (ConfUtils.java:logGet(43)) - raft.server.log.appender.install.snapshot.enabled = false (custom)
2019-10-14 14:37:41,558 [pool-409-thread-1] INFO  impl.RaftServerImpl (RaftServerImpl.java:<init>(95)) - 888dcfc4-2dcf-4813-9860-ae74be64d77f: new RaftServerImpl for group-A9E961950CAF:[596d0b68-a203-4961-8858-8f0f1271466f:192.168.157.234:43087, 888dcfc4-2dcf-4813-9860-ae74be64d77f:192.168.157.234:39187, b36740b2-8a0d-4d73-b3c2-1334d0c0d750:192.168.157.234:46321] with ContainerStateMachine:uninitialized
2019-10-14 14:37:41,558 [pool-419-thread-1] INFO  impl.RaftServerImpl (ServerState.java:<init>(103)) - 596d0b68-a203-4961-8858-8f0f1271466f@group-A9E961950CAF: ConfigurationManager, init=-1: [596d0b68-a203-4961-8858-8f0f1271466f:192.168.157.234:43087, 888dcfc4-2dcf-4813-9860-ae74be64d77f:192.168.157.234:39187, b36740b2-8a0d-4d73-b3c2-1334d0c0d750:192.168.157.234:46321], old=null, confs=<EMPTY_MAP>
2019-10-14 14:37:41,558 [pool-409-thread-1] INFO  server.RaftServerConfigKeys (ConfUtils.java:logGet(43)) - raft.server.rpc.timeout.min = 5s (custom)
2019-10-14 14:37:41,558 [pool-419-thread-1] INFO  server.RaftServerConfigKeys (ConfUtils.java:logGet(43)) - raft.server.storage.dir = [/workdir/hadoop-ozone/integration-test/target/test-dir/MiniOzoneClusterImpl-14a7b98e-e39a-4234-b5fd-28b5658d784a/datanode-1/data/ratis] (custom)
2019-10-14 14:37:41,558 [pool-409-thread-1] INFO  server.RaftServerConfigKeys (ConfUtils.java:logGet(43)) - raft.server.rpc.timeout.max = 5200ms (custom)
2019-10-14 14:37:41,558 [pool-419-thread-1] INFO  server.RaftServerConfigKeys (ConfUtils.java:logGet(43)) - raft.server.log.corruption.policy = EXCEPTION (default)
2019-10-14 14:37:41,558 [pool-429-thread-1] INFO  impl.RaftServerImpl (RaftServerImpl.java:<init>(95)) - b36740b2-8a0d-4d73-b3c2-1334d0c0d750: new RaftServerImpl for group-A9E961950CAF:[596d0b68-a203-4961-8858-8f0f1271466f:192.168.157.234:43087, 888dcfc4-2dcf-4813-9860-ae74be64d77f:192.168.157.234:39187, b36740b2-8a0d-4d73-b3c2-1334d0c0d750:192.168.157.234:46321] with ContainerStateMachine:uninitialized
2019-10-14 14:37:41,558 [pool-419-thread-1] INFO  storage.RaftStorageDirectory (RaftStorageDirectory.java:analyzeStorage(246)) - The storage directory /workdir/hadoop-ozone/integration-test/target/test-dir/MiniOzoneClusterImpl-14a7b98e-e39a-4234-b5fd-28b5658d784a/datanode-1/data/ratis/48615daa-b4b1-4a97-9418-a9e961950caf does not exist. Creating ...
2019-10-14 14:37:41,558 [pool-409-thread-1] INFO  server.RaftServerConfigKeys (ConfUtils.java:logGet(43)) - raft.server.rpcslowness.timeout = 120s (custom)
2019-10-14 14:37:41,558 [pool-429-thread-1] INFO  server.RaftServerConfigKeys (ConfUtils.java:logGet(43)) - raft.server.rpc.timeout.min = 5s (custom)
2019-10-14 14:37:41,559 [pool-409-thread-1] INFO  server.RaftServerConfigKeys (ConfUtils.java:logGet(43)) - raft.server.sleep.deviation.threshold = 300 (default)
2019-10-14 14:37:41,559 [pool-429-thread-1] INFO  server.RaftServerConfigKeys (ConfUtils.java:logGet(43)) - raft.server.rpc.timeout.max = 5200ms (custom)
2019-10-14 14:37:41,559 [pool-409-thread-1] INFO  server.RaftServerConfigKeys (ConfUtils.java:logGet(43)) - raft.server.log.appender.install.snapshot.enabled = false (custom)
2019-10-14 14:37:41,559 [pool-429-thread-1] INFO  server.RaftServerConfigKeys (ConfUtils.java:logGet(43)) - raft.server.rpcslowness.timeout = 120s (custom)
2019-10-14 14:37:41,559 [pool-409-thread-1] INFO  impl.RaftServerImpl (ServerState.java:<init>(103)) - 888dcfc4-2dcf-4813-9860-ae74be64d77f@group-A9E961950CAF: ConfigurationManager, init=-1: [596d0b68-a203-4961-8858-8f0f1271466f:192.168.157.234:43087, 888dcfc4-2dcf-4813-9860-ae74be64d77f:192.168.157.234:39187, b36740b2-8a0d-4d73-b3c2-1334d0c0d750:192.168.157.234:46321], old=null, confs=<EMPTY_MAP>
2019-10-14 14:37:41,559 [pool-429-thread-1] INFO  server.RaftServerConfigKeys (ConfUtils.java:logGet(43)) - raft.server.sleep.deviation.threshold = 300 (default)
2019-10-14 14:37:41,560 [pool-409-thread-1] INFO  server.RaftServerConfigKeys (ConfUtils.java:logGet(43)) - raft.server.storage.dir = [/workdir/hadoop-ozone/integration-test/target/test-dir/MiniOzoneClusterImpl-14a7b98e-e39a-4234-b5fd-28b5658d784a/datanode-0/data/ratis] (custom)
2019-10-14 14:37:41,560 [pool-429-thread-1] INFO  server.RaftServerConfigKeys (ConfUtils.java:logGet(43)) - raft.server.log.appender.install.snapshot.enabled = false (custom)
2019-10-14 14:37:41,560 [IPC Server handler 4 on 45488] INFO  net.NetworkTopology (NetworkTopologyImpl.java:add(111)) - Added a new node: /default-rack/1d50c7e2-07ef-46f5-8799-c9884e2b0ea2
2019-10-14 14:37:41,560 [pool-429-thread-1] INFO  impl.RaftServerImpl (ServerState.java:<init>(103)) - b36740b2-8a0d-4d73-b3c2-1334d0c0d750@group-A9E961950CAF: ConfigurationManager, init=-1: [596d0b68-a203-4961-8858-8f0f1271466f:192.168.157.234:43087, 888dcfc4-2dcf-4813-9860-ae74be64d77f:192.168.157.234:39187, b36740b2-8a0d-4d73-b3c2-1334d0c0d750:192.168.157.234:46321], old=null, confs=<EMPTY_MAP>
2019-10-14 14:37:41,560 [pool-409-thread-1] INFO  server.RaftServerConfigKeys (ConfUtils.java:logGet(43)) - raft.server.log.corruption.policy = EXCEPTION (default)
2019-10-14 14:37:41,560 [pool-429-thread-1] INFO  server.RaftServerConfigKeys (ConfUtils.java:logGet(43)) - raft.server.storage.dir = [/workdir/hadoop-ozone/integration-test/target/test-dir/MiniOzoneClusterImpl-14a7b98e-e39a-4234-b5fd-28b5658d784a/datanode-2/data/ratis] (custom)
2019-10-14 14:37:41,560 [IPC Server handler 4 on 45488] INFO  node.SCMNodeManager (SCMNodeManager.java:register(268)) - Registered Data node : 1d50c7e2-07ef-46f5-8799-c9884e2b0ea2{ip: 192.168.157.234, host: pr-hdds-2302-x69hs-1458597746, networkLocation: /default-rack, certSerialId: null}
2019-10-14 14:37:41,561 [pool-429-thread-1] INFO  server.RaftServerConfigKeys (ConfUtils.java:logGet(43)) - raft.server.log.corruption.policy = EXCEPTION (default)
2019-10-14 14:37:41,560 [pool-409-thread-1] INFO  storage.RaftStorageDirectory (RaftStorageDirectory.java:analyzeStorage(246)) - The storage directory /workdir/hadoop-ozone/integration-test/target/test-dir/MiniOzoneClusterImpl-14a7b98e-e39a-4234-b5fd-28b5658d784a/datanode-0/data/ratis/48615daa-b4b1-4a97-9418-a9e961950caf does not exist. Creating ...
2019-10-14 14:37:41,561 [pool-429-thread-1] INFO  storage.RaftStorageDirectory (RaftStorageDirectory.java:analyzeStorage(246)) - The storage directory /workdir/hadoop-ozone/integration-test/target/test-dir/MiniOzoneClusterImpl-14a7b98e-e39a-4234-b5fd-28b5658d784a/datanode-2/data/ratis/48615daa-b4b1-4a97-9418-a9e961950caf does not exist. Creating ...
2019-10-14 14:37:41,572 [pool-429-thread-1] INFO  storage.RaftStorageDirectory (RaftStorageDirectory.java:tryLock(328)) - Lock on /workdir/hadoop-ozone/integration-test/target/test-dir/MiniOzoneClusterImpl-14a7b98e-e39a-4234-b5fd-28b5658d784a/datanode-2/data/ratis/48615daa-b4b1-4a97-9418-a9e961950caf/in_use.lock acquired by nodename 7620@pr-hdds-2302-x69hs-1458597746
2019-10-14 14:37:41,572 [pool-409-thread-1] INFO  storage.RaftStorageDirectory (RaftStorageDirectory.java:tryLock(328)) - Lock on /workdir/hadoop-ozone/integration-test/target/test-dir/MiniOzoneClusterImpl-14a7b98e-e39a-4234-b5fd-28b5658d784a/datanode-0/data/ratis/48615daa-b4b1-4a97-9418-a9e961950caf/in_use.lock acquired by nodename 7620@pr-hdds-2302-x69hs-1458597746
2019-10-14 14:37:41,572 [pool-419-thread-1] INFO  storage.RaftStorageDirectory (RaftStorageDirectory.java:tryLock(328)) - Lock on /workdir/hadoop-ozone/integration-test/target/test-dir/MiniOzoneClusterImpl-14a7b98e-e39a-4234-b5fd-28b5658d784a/datanode-1/data/ratis/48615daa-b4b1-4a97-9418-a9e961950caf/in_use.lock acquired by nodename 7620@pr-hdds-2302-x69hs-1458597746
2019-10-14 14:37:41,586 [pool-409-thread-1] INFO  storage.RaftStorage (RaftStorage.java:format(84)) - Storage directory /workdir/hadoop-ozone/integration-test/target/test-dir/MiniOzoneClusterImpl-14a7b98e-e39a-4234-b5fd-28b5658d784a/datanode-0/data/ratis/48615daa-b4b1-4a97-9418-a9e961950caf has been successfully formatted.
2019-10-14 14:37:41,586 [pool-419-thread-1] INFO  storage.RaftStorage (RaftStorage.java:format(84)) - Storage directory /workdir/hadoop-ozone/integration-test/target/test-dir/MiniOzoneClusterImpl-14a7b98e-e39a-4234-b5fd-28b5658d784a/datanode-1/data/ratis/48615daa-b4b1-4a97-9418-a9e961950caf has been successfully formatted.
2019-10-14 14:37:41,586 [pool-429-thread-1] INFO  storage.RaftStorage (RaftStorage.java:format(84)) - Storage directory /workdir/hadoop-ozone/integration-test/target/test-dir/MiniOzoneClusterImpl-14a7b98e-e39a-4234-b5fd-28b5658d784a/datanode-2/data/ratis/48615daa-b4b1-4a97-9418-a9e961950caf has been successfully formatted.
2019-10-14 14:37:41,586 [pool-419-thread-1] INFO  ratis.ContainerStateMachine (ContainerStateMachine.java:loadSnapshot(231)) - group-A9E961950CAF: The snapshot info is null. Setting the last applied indexto:(t:0, i:~)
2019-10-14 14:37:41,587 [pool-429-thread-1] INFO  ratis.ContainerStateMachine (ContainerStateMachine.java:loadSnapshot(231)) - group-A9E961950CAF: The snapshot info is null. Setting the last applied indexto:(t:0, i:~)
2019-10-14 14:37:41,586 [pool-409-thread-1] INFO  ratis.ContainerStateMachine (ContainerStateMachine.java:loadSnapshot(231)) - group-A9E961950CAF: The snapshot info is null. Setting the last applied indexto:(t:0, i:~)
2019-10-14 14:37:41,587 [pool-429-thread-1] INFO  server.RaftServerConfigKeys (ConfUtils.java:logGet(43)) - raft.server.notification.no-leader.timeout = 120s (custom)
2019-10-14 14:37:41,587 [pool-419-thread-1] INFO  server.RaftServerConfigKeys (ConfUtils.java:logGet(43)) - raft.server.notification.no-leader.timeout = 120s (custom)
2019-10-14 14:37:41,587 [pool-429-thread-1] INFO  server.RaftServerConfigKeys (ConfUtils.java:logGet(43)) - raft.server.log.use.memory = false (default)
2019-10-14 14:37:41,587 [pool-409-thread-1] INFO  server.RaftServerConfigKeys (ConfUtils.java:logGet(43)) - raft.server.notification.no-leader.timeout = 120s (custom)
2019-10-14 14:37:41,587 [pool-429-thread-1] INFO  server.RaftServerConfigKeys (ConfUtils.java:logGet(43)) - raft.server.log.purge.gap = 1000000 (custom)
2019-10-14 14:37:41,587 [pool-419-thread-1] INFO  server.RaftServerConfigKeys (ConfUtils.java:logGet(43)) - raft.server.log.use.memory = false (default)
2019-10-14 14:37:41,587 [pool-429-thread-1] INFO  server.RaftServerConfigKeys (ConfUtils.java:logGet(43)) - raft.server.log.appender.buffer.byte-limit = 33554432 (custom)
2019-10-14 14:37:41,587 [pool-409-thread-1] INFO  server.RaftServerConfigKeys (ConfUtils.java:logGet(43)) - raft.server.log.use.memory = false (default)
2019-10-14 14:37:41,588 [pool-429-thread-1] INFO  server.RaftServerConfigKeys (ConfUtils.java:logGet(43)) - raft.server.log.segment.size.max = 1048576 (custom)
2019-10-14 14:37:41,588 [pool-419-thread-1] INFO  server.RaftServerConfigKeys (ConfUtils.java:logGet(43)) - raft.server.log.purge.gap = 1000000 (custom)
2019-10-14 14:37:41,588 [pool-429-thread-1] INFO  server.RaftServerConfigKeys (ConfUtils.java:logGet(43)) - raft.server.log.segment.cache.num.max = 2 (custom)
2019-10-14 14:37:41,588 [pool-409-thread-1] INFO  server.RaftServerConfigKeys (ConfUtils.java:logGet(43)) - raft.server.log.purge.gap = 1000000 (custom)
2019-10-14 14:37:41,588 [pool-429-thread-1] INFO  segmented.SegmentedRaftLogWorker (SegmentedRaftLogWorker.java:<init>(173)) - new b36740b2-8a0d-4d73-b3c2-1334d0c0d750@group-A9E961950CAF-SegmentedRaftLogWorker for RaftStorage:Storage Directory /workdir/hadoop-ozone/integration-test/target/test-dir/MiniOzoneClusterImpl-14a7b98e-e39a-4234-b5fd-28b5658d784a/datanode-2/data/ratis/48615daa-b4b1-4a97-9418-a9e961950caf
2019-10-14 14:37:41,588 [pool-429-thread-1] INFO  server.RaftServerConfigKeys (ConfUtils.java:logGet(43)) - raft.server.log.queue.byte-limit = 2147483647 (custom)
2019-10-14 14:37:41,588 [pool-419-thread-1] INFO  server.RaftServerConfigKeys (ConfUtils.java:logGet(43)) - raft.server.log.appender.buffer.byte-limit = 33554432 (custom)
2019-10-14 14:37:41,589 [pool-429-thread-1] INFO  server.RaftServerConfigKeys (ConfUtils.java:logGet(43)) - raft.server.log.queue.element-limit = 1024 (custom)
2019-10-14 14:37:41,588 [pool-409-thread-1] INFO  server.RaftServerConfigKeys (ConfUtils.java:logGet(43)) - raft.server.log.appender.buffer.byte-limit = 33554432 (custom)
2019-10-14 14:37:41,589 [pool-429-thread-1] INFO  server.RaftServerConfigKeys (ConfUtils.java:logGet(43)) - raft.server.log.segment.size.max = 1048576 (custom)
2019-10-14 14:37:41,589 [pool-419-thread-1] INFO  server.RaftServerConfigKeys (ConfUtils.java:logGet(43)) - raft.server.log.segment.size.max = 1048576 (custom)
2019-10-14 14:37:41,589 [pool-429-thread-1] INFO  server.RaftServerConfigKeys (ConfUtils.java:logGet(43)) - raft.server.log.preallocated.size = 16384 (custom)
2019-10-14 14:37:41,589 [pool-409-thread-1] INFO  server.RaftServerConfigKeys (ConfUtils.java:logGet(43)) - raft.server.log.segment.size.max = 1048576 (custom)
2019-10-14 14:37:41,589 [pool-429-thread-1] INFO  server.RaftServerConfigKeys (ConfUtils.java:logGet(43)) - raft.server.log.write.buffer.size = 33554432 (custom)
2019-10-14 14:37:41,590 [pool-429-thread-1] INFO  server.RaftServerConfigKeys (ConfUtils.java:logGet(43)) - raft.server.log.force.sync.num = 128 (default)
2019-10-14 14:37:41,589 [pool-419-thread-1] INFO  server.RaftServerConfigKeys (ConfUtils.java:logGet(43)) - raft.server.log.segment.cache.num.max = 2 (custom)
2019-10-14 14:37:41,590 [pool-429-thread-1] INFO  server.RaftServerConfigKeys (ConfUtils.java:logGet(43)) - raft.server.log.statemachine.data.sync = true (default)
2019-10-14 14:37:41,589 [pool-409-thread-1] INFO  server.RaftServerConfigKeys (ConfUtils.java:logGet(43)) - raft.server.log.segment.cache.num.max = 2 (custom)
2019-10-14 14:37:41,590 [pool-429-thread-1] INFO  server.RaftServerConfigKeys (ConfUtils.java:logGet(43)) - raft.server.log.statemachine.data.sync.timeout = 10s (default)
2019-10-14 14:37:41,590 [pool-429-thread-1] INFO  server.RaftServerConfigKeys (ConfUtils.java:logGet(43)) - raft.server.log.statemachine.data.sync.timeout.retry = -1 (default)
2019-10-14 14:37:41,590 [pool-419-thread-1] INFO  segmented.SegmentedRaftLogWorker (SegmentedRaftLogWorker.java:<init>(173)) - new 596d0b68-a203-4961-8858-8f0f1271466f@group-A9E961950CAF-SegmentedRaftLogWorker for RaftStorage:Storage Directory /workdir/hadoop-ozone/integration-test/target/test-dir/MiniOzoneClusterImpl-14a7b98e-e39a-4234-b5fd-28b5658d784a/datanode-1/data/ratis/48615daa-b4b1-4a97-9418-a9e961950caf
2019-10-14 14:37:41,590 [pool-429-thread-1] INFO  server.RaftServerConfigKeys (ConfUtils.java:logGet(43)) - raft.server.log.statemachine.data.caching.enabled = true (custom)
2019-10-14 14:37:41,590 [pool-409-thread-1] INFO  segmented.SegmentedRaftLogWorker (SegmentedRaftLogWorker.java:<init>(173)) - new 888dcfc4-2dcf-4813-9860-ae74be64d77f@group-A9E961950CAF-SegmentedRaftLogWorker for RaftStorage:Storage Directory /workdir/hadoop-ozone/integration-test/target/test-dir/MiniOzoneClusterImpl-14a7b98e-e39a-4234-b5fd-28b5658d784a/datanode-0/data/ratis/48615daa-b4b1-4a97-9418-a9e961950caf
2019-10-14 14:37:41,590 [pool-419-thread-1] INFO  server.RaftServerConfigKeys (ConfUtils.java:logGet(43)) - raft.server.log.queue.byte-limit = 2147483647 (custom)
2019-10-14 14:37:41,591 [pool-429-thread-1] INFO  segmented.SegmentedRaftLogWorker (SegmentedRaftLogWorker.java:lambda$new$0(128)) - b36740b2-8a0d-4d73-b3c2-1334d0c0d750@group-A9E961950CAF-SegmentedRaftLogWorker: flushIndex: setUnconditionally 0 -> -1
2019-10-14 14:37:41,591 [pool-409-thread-1] INFO  server.RaftServerConfigKeys (ConfUtils.java:logGet(43)) - raft.server.log.queue.byte-limit = 2147483647 (custom)
2019-10-14 14:37:41,591 [pool-419-thread-1] INFO  server.RaftServerConfigKeys (ConfUtils.java:logGet(43)) - raft.server.log.queue.element-limit = 1024 (custom)
2019-10-14 14:37:41,591 [pool-429-thread-1] INFO  server.RaftServerConfigKeys (ConfUtils.java:logGet(43)) - raft.server.snapshot.auto.trigger.enabled = true (custom)
2019-10-14 14:37:41,591 [pool-409-thread-1] INFO  server.RaftServerConfigKeys (ConfUtils.java:logGet(43)) - raft.server.log.queue.element-limit = 1024 (custom)
2019-10-14 14:37:41,591 [pool-429-thread-1] INFO  server.RaftServerConfigKeys (ConfUtils.java:logGet(43)) - raft.server.snapshot.auto.trigger.threshold = 10000 (custom)
2019-10-14 14:37:41,591 [pool-419-thread-1] INFO  server.RaftServerConfigKeys (ConfUtils.java:logGet(43)) - raft.server.log.segment.size.max = 1048576 (custom)
2019-10-14 14:37:41,591 [pool-429-thread-1] INFO  server.RaftServerConfigKeys (ConfUtils.java:logGet(43)) - raft.server.snapshot.retention.file.num = 5 (custom)
2019-10-14 14:37:41,591 [pool-409-thread-1] INFO  server.RaftServerConfigKeys (ConfUtils.java:logGet(43)) - raft.server.log.segment.size.max = 1048576 (custom)
2019-10-14 14:37:41,592 [pool-429-thread-1] INFO  server.RaftServerConfigKeys (ConfUtils.java:logGet(43)) - raft.server.retrycache.expirytime = 600000ms (custom)
2019-10-14 14:37:41,592 [pool-419-thread-1] INFO  server.RaftServerConfigKeys (ConfUtils.java:logGet(43)) - raft.server.log.preallocated.size = 16384 (custom)
2019-10-14 14:37:41,592 [pool-409-thread-1] INFO  server.RaftServerConfigKeys (ConfUtils.java:logGet(43)) - raft.server.log.preallocated.size = 16384 (custom)
2019-10-14 14:37:41,592 [pool-419-thread-1] INFO  server.RaftServerConfigKeys (ConfUtils.java:logGet(43)) - raft.server.log.write.buffer.size = 33554432 (custom)
2019-10-14 14:37:41,592 [pool-409-thread-1] INFO  server.RaftServerConfigKeys (ConfUtils.java:logGet(43)) - raft.server.log.write.buffer.size = 33554432 (custom)
2019-10-14 14:37:41,592 [pool-419-thread-1] INFO  server.RaftServerConfigKeys (ConfUtils.java:logGet(43)) - raft.server.log.force.sync.num = 128 (default)
2019-10-14 14:37:41,592 [pool-409-thread-1] INFO  server.RaftServerConfigKeys (ConfUtils.java:logGet(43)) - raft.server.log.force.sync.num = 128 (default)
2019-10-14 14:37:41,592 [pool-419-thread-1] INFO  server.RaftServerConfigKeys (ConfUtils.java:logGet(43)) - raft.server.log.statemachine.data.sync = true (default)
2019-10-14 14:37:41,593 [pool-409-thread-1] INFO  server.RaftServerConfigKeys (ConfUtils.java:logGet(43)) - raft.server.log.statemachine.data.sync = true (default)
2019-10-14 14:37:41,593 [pool-419-thread-1] INFO  server.RaftServerConfigKeys (ConfUtils.java:logGet(43)) - raft.server.log.statemachine.data.sync.timeout = 10s (default)
2019-10-14 14:37:41,593 [pool-409-thread-1] INFO  server.RaftServerConfigKeys (ConfUtils.java:logGet(43)) - raft.server.log.statemachine.data.sync.timeout = 10s (default)
2019-10-14 14:37:41,593 [pool-419-thread-1] INFO  server.RaftServerConfigKeys (ConfUtils.java:logGet(43)) - raft.server.log.statemachine.data.sync.timeout.retry = -1 (default)
2019-10-14 14:37:41,593 [pool-409-thread-1] INFO  server.RaftServerConfigKeys (ConfUtils.java:logGet(43)) - raft.server.log.statemachine.data.sync.timeout.retry = -1 (default)
2019-10-14 14:37:41,593 [pool-419-thread-1] INFO  server.RaftServerConfigKeys (ConfUtils.java:logGet(43)) - raft.server.log.statemachine.data.caching.enabled = true (custom)
2019-10-14 14:37:41,593 [pool-409-thread-1] INFO  server.RaftServerConfigKeys (ConfUtils.java:logGet(43)) - raft.server.log.statemachine.data.caching.enabled = true (custom)
2019-10-14 14:37:41,593 [pool-419-thread-1] INFO  segmented.SegmentedRaftLogWorker (SegmentedRaftLogWorker.java:lambda$new$0(128)) - 596d0b68-a203-4961-8858-8f0f1271466f@group-A9E961950CAF-SegmentedRaftLogWorker: flushIndex: setUnconditionally 0 -> -1
2019-10-14 14:37:41,593 [pool-409-thread-1] INFO  segmented.SegmentedRaftLogWorker (SegmentedRaftLogWorker.java:lambda$new$0(128)) - 888dcfc4-2dcf-4813-9860-ae74be64d77f@group-A9E961950CAF-SegmentedRaftLogWorker: flushIndex: setUnconditionally 0 -> -1
2019-10-14 14:37:41,594 [pool-419-thread-1] INFO  server.RaftServerConfigKeys (ConfUtils.java:logGet(43)) - raft.server.snapshot.auto.trigger.enabled = true (custom)
2019-10-14 14:37:41,594 [pool-409-thread-1] INFO  server.RaftServerConfigKeys (ConfUtils.java:logGet(43)) - raft.server.snapshot.auto.trigger.enabled = true (custom)
2019-10-14 14:37:41,594 [pool-419-thread-1] INFO  server.RaftServerConfigKeys (ConfUtils.java:logGet(43)) - raft.server.snapshot.auto.trigger.threshold = 10000 (custom)
2019-10-14 14:37:41,594 [pool-429-thread-1] INFO  impl.RaftServerImpl (RaftServerImpl.java:start(181)) - b36740b2-8a0d-4d73-b3c2-1334d0c0d750@group-A9E961950CAF: start as a follower, conf=-1: [596d0b68-a203-4961-8858-8f0f1271466f:192.168.157.234:43087, 888dcfc4-2dcf-4813-9860-ae74be64d77f:192.168.157.234:39187, b36740b2-8a0d-4d73-b3c2-1334d0c0d750:192.168.157.234:46321], old=null
2019-10-14 14:37:41,594 [pool-419-thread-1] INFO  server.RaftServerConfigKeys (ConfUtils.java:logGet(43)) - raft.server.snapshot.retention.file.num = 5 (custom)
2019-10-14 14:37:41,594 [pool-409-thread-1] INFO  server.RaftServerConfigKeys (ConfUtils.java:logGet(43)) - raft.server.snapshot.auto.trigger.threshold = 10000 (custom)
2019-10-14 14:37:41,594 [pool-419-thread-1] INFO  server.RaftServerConfigKeys (ConfUtils.java:logGet(43)) - raft.server.retrycache.expirytime = 600000ms (custom)
2019-10-14 14:37:41,594 [pool-429-thread-1] INFO  impl.RaftServerImpl (RaftServerImpl.java:setRole(170)) - b36740b2-8a0d-4d73-b3c2-1334d0c0d750@group-A9E961950CAF: changes role from      null to FOLLOWER at term 0 for startAsFollower
2019-10-14 14:37:41,594 [pool-409-thread-1] INFO  server.RaftServerConfigKeys (ConfUtils.java:logGet(43)) - raft.server.snapshot.retention.file.num = 5 (custom)
2019-10-14 14:37:41,594 [pool-429-thread-1] INFO  impl.RoleInfo (RoleInfo.java:updateAndGet(143)) - b36740b2-8a0d-4d73-b3c2-1334d0c0d750: start FollowerState
2019-10-14 14:37:41,595 [pool-409-thread-1] INFO  server.RaftServerConfigKeys (ConfUtils.java:logGet(43)) - raft.server.retrycache.expirytime = 600000ms (custom)
2019-10-14 14:37:41,595 [pool-429-thread-1] INFO  util.JmxRegister (JmxRegister.java:tryRegister(44)) - Successfully registered JMX Bean with object name Ratis:service=RaftServer,group=group-A9E961950CAF,id=b36740b2-8a0d-4d73-b3c2-1334d0c0d750
2019-10-14 14:37:41,596 [pool-419-thread-1] INFO  impl.RaftServerImpl (RaftServerImpl.java:start(181)) - 596d0b68-a203-4961-8858-8f0f1271466f@group-A9E961950CAF: start as a follower, conf=-1: [596d0b68-a203-4961-8858-8f0f1271466f:192.168.157.234:43087, 888dcfc4-2dcf-4813-9860-ae74be64d77f:192.168.157.234:39187, b36740b2-8a0d-4d73-b3c2-1334d0c0d750:192.168.157.234:46321], old=null
2019-10-14 14:37:41,596 [pool-419-thread-1] INFO  impl.RaftServerImpl (RaftServerImpl.java:setRole(170)) - 596d0b68-a203-4961-8858-8f0f1271466f@group-A9E961950CAF: changes role from      null to FOLLOWER at term 0 for startAsFollower
2019-10-14 14:37:41,597 [pool-419-thread-1] INFO  impl.RoleInfo (RoleInfo.java:updateAndGet(143)) - 596d0b68-a203-4961-8858-8f0f1271466f: start FollowerState
2019-10-14 14:37:41,597 [pool-409-thread-1] INFO  impl.RaftServerImpl (RaftServerImpl.java:start(181)) - 888dcfc4-2dcf-4813-9860-ae74be64d77f@group-A9E961950CAF: start as a follower, conf=-1: [596d0b68-a203-4961-8858-8f0f1271466f:192.168.157.234:43087, 888dcfc4-2dcf-4813-9860-ae74be64d77f:192.168.157.234:39187, b36740b2-8a0d-4d73-b3c2-1334d0c0d750:192.168.157.234:46321], old=null
2019-10-14 14:37:41,597 [pool-409-thread-1] INFO  impl.RaftServerImpl (RaftServerImpl.java:setRole(170)) - 888dcfc4-2dcf-4813-9860-ae74be64d77f@group-A9E961950CAF: changes role from      null to FOLLOWER at term 0 for startAsFollower
2019-10-14 14:37:41,608 [pool-419-thread-1] INFO  util.JmxRegister (JmxRegister.java:tryRegister(44)) - Successfully registered JMX Bean with object name Ratis:service=RaftServer,group=group-A9E961950CAF,id=596d0b68-a203-4961-8858-8f0f1271466f
2019-10-14 14:37:41,609 [pool-409-thread-1] INFO  impl.RoleInfo (RoleInfo.java:updateAndGet(143)) - 888dcfc4-2dcf-4813-9860-ae74be64d77f: start FollowerState
2019-10-14 14:37:41,609 [pool-409-thread-1] INFO  util.JmxRegister (JmxRegister.java:tryRegister(44)) - Successfully registered JMX Bean with object name Ratis:service=RaftServer,group=group-A9E961950CAF,id=888dcfc4-2dcf-4813-9860-ae74be64d77f
2019-10-14 14:37:41,622 [IPC Server handler 5 on 45488] INFO  net.NetworkTopology (NetworkTopologyImpl.java:add(111)) - Added a new node: /default-rack/9fb3a90b-6363-46e5-8016-cecbb128012f
2019-10-14 14:37:41,622 [IPC Server handler 5 on 45488] INFO  node.SCMNodeManager (SCMNodeManager.java:register(268)) - Registered Data node : 9fb3a90b-6363-46e5-8016-cecbb128012f{ip: 192.168.157.234, host: pr-hdds-2302-x69hs-1458597746, networkLocation: /default-rack, certSerialId: null}
2019-10-14 14:37:41,622 [RatisPipelineUtilsThread] INFO  pipeline.PipelineStateManager (PipelineStateManager.java:addPipeline(56)) - Created pipeline Pipeline[ Id: 48615daa-b4b1-4a97-9418-a9e961950caf, Nodes: 888dcfc4-2dcf-4813-9860-ae74be64d77f{ip: 192.168.157.234, host: pr-hdds-2302-x69hs-1458597746, networkLocation: /default-rack, certSerialId: null}b36740b2-8a0d-4d73-b3c2-1334d0c0d750{ip: 192.168.157.234, host: pr-hdds-2302-x69hs-1458597746, networkLocation: /default-rack, certSerialId: null}596d0b68-a203-4961-8858-8f0f1271466f{ip: 192.168.157.234, host: pr-hdds-2302-x69hs-1458597746, networkLocation: /default-rack, certSerialId: null}, Type:RATIS, Factor:THREE, State:OPEN]
2019-10-14 14:37:41,713 [IPC Server handler 6 on 45488] INFO  net.NetworkTopology (NetworkTopologyImpl.java:add(111)) - Added a new node: /default-rack/2a3837c4-e4ae-4808-9c0c-c0b157469c32
2019-10-14 14:37:41,713 [IPC Server handler 6 on 45488] INFO  node.SCMNodeManager (SCMNodeManager.java:register(268)) - Registered Data node : 2a3837c4-e4ae-4808-9c0c-c0b157469c32{ip: 192.168.157.234, host: pr-hdds-2302-x69hs-1458597746, networkLocation: /default-rack, certSerialId: null}
2019-10-14 14:37:41,719 [grpc-default-executor-6] INFO  impl.RaftServerProxy (RaftServerProxy.java:addNew(89)) - 1d50c7e2-07ef-46f5-8799-c9884e2b0ea2: addNew group-020445A1ED67:[1d50c7e2-07ef-46f5-8799-c9884e2b0ea2:192.168.157.234:44061] returns group-020445A1ED67:java.util.concurrent.CompletableFuture@1571374f[Not completed]
2019-10-14 14:37:41,724 [pool-439-thread-1] INFO  impl.RaftServerImpl (RaftServerImpl.java:<init>(95)) - 1d50c7e2-07ef-46f5-8799-c9884e2b0ea2: new RaftServerImpl for group-020445A1ED67:[1d50c7e2-07ef-46f5-8799-c9884e2b0ea2:192.168.157.234:44061] with ContainerStateMachine:uninitialized
2019-10-14 14:37:41,724 [pool-439-thread-1] INFO  server.RaftServerConfigKeys (ConfUtils.java:logGet(43)) - raft.server.rpc.timeout.min = 5s (custom)
2019-10-14 14:37:41,724 [pool-439-thread-1] INFO  server.RaftServerConfigKeys (ConfUtils.java:logGet(43)) - raft.server.rpc.timeout.max = 5200ms (custom)
2019-10-14 14:37:41,724 [pool-439-thread-1] INFO  server.RaftServerConfigKeys (ConfUtils.java:logGet(43)) - raft.server.rpcslowness.timeout = 120s (custom)
2019-10-14 14:37:41,724 [pool-439-thread-1] INFO  server.RaftServerConfigKeys (ConfUtils.java:logGet(43)) - raft.server.sleep.deviation.threshold = 300 (default)
2019-10-14 14:37:41,724 [pool-439-thread-1] INFO  server.RaftServerConfigKeys (ConfUtils.java:logGet(43)) - raft.server.log.appender.install.snapshot.enabled = false (custom)
2019-10-14 14:37:41,724 [pool-439-thread-1] INFO  impl.RaftServerImpl (ServerState.java:<init>(103)) - 1d50c7e2-07ef-46f5-8799-c9884e2b0ea2@group-020445A1ED67: ConfigurationManager, init=-1: [1d50c7e2-07ef-46f5-8799-c9884e2b0ea2:192.168.157.234:44061], old=null, confs=<EMPTY_MAP>
2019-10-14 14:37:41,724 [pool-439-thread-1] INFO  server.RaftServerConfigKeys (ConfUtils.java:logGet(43)) - raft.server.storage.dir = [/workdir/hadoop-ozone/integration-test/target/test-dir/MiniOzoneClusterImpl-14a7b98e-e39a-4234-b5fd-28b5658d784a/datanode-3/data/ratis] (custom)
2019-10-14 14:37:41,725 [pool-439-thread-1] INFO  server.RaftServerConfigKeys (ConfUtils.java:logGet(43)) - raft.server.log.corruption.policy = EXCEPTION (default)
2019-10-14 14:37:41,725 [pool-439-thread-1] INFO  storage.RaftStorageDirectory (RaftStorageDirectory.java:analyzeStorage(246)) - The storage directory /workdir/hadoop-ozone/integration-test/target/test-dir/MiniOzoneClusterImpl-14a7b98e-e39a-4234-b5fd-28b5658d784a/datanode-3/data/ratis/d234c74e-facd-4df7-8b93-020445a1ed67 does not exist. Creating ...
2019-10-14 14:37:41,738 [pool-439-thread-1] INFO  storage.RaftStorageDirectory (RaftStorageDirectory.java:tryLock(328)) - Lock on /workdir/hadoop-ozone/integration-test/target/test-dir/MiniOzoneClusterImpl-14a7b98e-e39a-4234-b5fd-28b5658d784a/datanode-3/data/ratis/d234c74e-facd-4df7-8b93-020445a1ed67/in_use.lock acquired by nodename 7620@pr-hdds-2302-x69hs-1458597746
2019-10-14 14:37:41,751 [pool-439-thread-1] INFO  storage.RaftStorage (RaftStorage.java:format(84)) - Storage directory /workdir/hadoop-ozone/integration-test/target/test-dir/MiniOzoneClusterImpl-14a7b98e-e39a-4234-b5fd-28b5658d784a/datanode-3/data/ratis/d234c74e-facd-4df7-8b93-020445a1ed67 has been successfully formatted.
2019-10-14 14:37:41,752 [pool-439-thread-1] INFO  ratis.ContainerStateMachine (ContainerStateMachine.java:loadSnapshot(231)) - group-020445A1ED67: The snapshot info is null. Setting the last applied indexto:(t:0, i:~)
2019-10-14 14:37:41,752 [pool-439-thread-1] INFO  server.RaftServerConfigKeys (ConfUtils.java:logGet(43)) - raft.server.notification.no-leader.timeout = 120s (custom)
2019-10-14 14:37:41,752 [pool-439-thread-1] INFO  server.RaftServerConfigKeys (ConfUtils.java:logGet(43)) - raft.server.log.use.memory = false (default)
2019-10-14 14:37:41,752 [pool-439-thread-1] INFO  server.RaftServerConfigKeys (ConfUtils.java:logGet(43)) - raft.server.log.purge.gap = 1000000 (custom)
2019-10-14 14:37:41,752 [pool-439-thread-1] INFO  server.RaftServerConfigKeys (ConfUtils.java:logGet(43)) - raft.server.log.appender.buffer.byte-limit = 33554432 (custom)
2019-10-14 14:37:41,752 [pool-439-thread-1] INFO  server.RaftServerConfigKeys (ConfUtils.java:logGet(43)) - raft.server.log.segment.size.max = 1048576 (custom)
2019-10-14 14:37:41,754 [pool-439-thread-1] INFO  server.RaftServerConfigKeys (ConfUtils.java:logGet(43)) - raft.server.log.segment.cache.num.max = 2 (custom)
2019-10-14 14:37:41,754 [pool-439-thread-1] INFO  segmented.SegmentedRaftLogWorker (SegmentedRaftLogWorker.java:<init>(173)) - new 1d50c7e2-07ef-46f5-8799-c9884e2b0ea2@group-020445A1ED67-SegmentedRaftLogWorker for RaftStorage:Storage Directory /workdir/hadoop-ozone/integration-test/target/test-dir/MiniOzoneClusterImpl-14a7b98e-e39a-4234-b5fd-28b5658d784a/datanode-3/data/ratis/d234c74e-facd-4df7-8b93-020445a1ed67
2019-10-14 14:37:41,754 [pool-439-thread-1] INFO  server.RaftServerConfigKeys (ConfUtils.java:logGet(43)) - raft.server.log.queue.byte-limit = 2147483647 (custom)
2019-10-14 14:37:41,755 [pool-439-thread-1] INFO  server.RaftServerConfigKeys (ConfUtils.java:logGet(43)) - raft.server.log.queue.element-limit = 1024 (custom)
2019-10-14 14:37:41,755 [pool-439-thread-1] INFO  server.RaftServerConfigKeys (ConfUtils.java:logGet(43)) - raft.server.log.segment.size.max = 1048576 (custom)
2019-10-14 14:37:41,755 [pool-439-thread-1] INFO  server.RaftServerConfigKeys (ConfUtils.java:logGet(43)) - raft.server.log.preallocated.size = 16384 (custom)
2019-10-14 14:37:41,755 [pool-439-thread-1] INFO  server.RaftServerConfigKeys (ConfUtils.java:logGet(43)) - raft.server.log.write.buffer.size = 33554432 (custom)
2019-10-14 14:37:41,755 [pool-439-thread-1] INFO  server.RaftServerConfigKeys (ConfUtils.java:logGet(43)) - raft.server.log.force.sync.num = 128 (default)
2019-10-14 14:37:41,755 [pool-439-thread-1] INFO  server.RaftServerConfigKeys (ConfUtils.java:logGet(43)) - raft.server.log.statemachine.data.sync = true (default)
2019-10-14 14:37:41,755 [pool-439-thread-1] INFO  server.RaftServerConfigKeys (ConfUtils.java:logGet(43)) - raft.server.log.statemachine.data.sync.timeout = 10s (default)
2019-10-14 14:37:41,755 [pool-439-thread-1] INFO  server.RaftServerConfigKeys (ConfUtils.java:logGet(43)) - raft.server.log.statemachine.data.sync.timeout.retry = -1 (default)
2019-10-14 14:37:41,756 [pool-439-thread-1] INFO  server.RaftServerConfigKeys (ConfUtils.java:logGet(43)) - raft.server.log.statemachine.data.caching.enabled = true (custom)
2019-10-14 14:37:41,756 [pool-439-thread-1] INFO  segmented.SegmentedRaftLogWorker (SegmentedRaftLogWorker.java:lambda$new$0(128)) - 1d50c7e2-07ef-46f5-8799-c9884e2b0ea2@group-020445A1ED67-SegmentedRaftLogWorker: flushIndex: setUnconditionally 0 -> -1
2019-10-14 14:37:41,756 [pool-439-thread-1] INFO  server.RaftServerConfigKeys (ConfUtils.java:logGet(43)) - raft.server.snapshot.auto.trigger.enabled = true (custom)
2019-10-14 14:37:41,756 [pool-439-thread-1] INFO  server.RaftServerConfigKeys (ConfUtils.java:logGet(43)) - raft.server.snapshot.auto.trigger.threshold = 10000 (custom)
2019-10-14 14:37:41,756 [pool-439-thread-1] INFO  server.RaftServerConfigKeys (ConfUtils.java:logGet(43)) - raft.server.snapshot.retention.file.num = 5 (custom)
2019-10-14 14:37:41,757 [pool-439-thread-1] INFO  server.RaftServerConfigKeys (ConfUtils.java:logGet(43)) - raft.server.retrycache.expirytime = 600000ms (custom)
2019-10-14 14:37:41,758 [pool-439-thread-1] INFO  impl.RaftServerImpl (RaftServerImpl.java:start(181)) - 1d50c7e2-07ef-46f5-8799-c9884e2b0ea2@group-020445A1ED67: start as a follower, conf=-1: [1d50c7e2-07ef-46f5-8799-c9884e2b0ea2:192.168.157.234:44061], old=null
2019-10-14 14:37:41,758 [pool-439-thread-1] INFO  impl.RaftServerImpl (RaftServerImpl.java:setRole(170)) - 1d50c7e2-07ef-46f5-8799-c9884e2b0ea2@group-020445A1ED67: changes role from      null to FOLLOWER at term 0 for startAsFollower
2019-10-14 14:37:41,758 [pool-439-thread-1] INFO  impl.RoleInfo (RoleInfo.java:updateAndGet(143)) - 1d50c7e2-07ef-46f5-8799-c9884e2b0ea2: start FollowerState
2019-10-14 14:37:41,759 [pool-439-thread-1] INFO  util.JmxRegister (JmxRegister.java:tryRegister(44)) - Successfully registered JMX Bean with object name Ratis:service=RaftServer,group=group-020445A1ED67,id=1d50c7e2-07ef-46f5-8799-c9884e2b0ea2
2019-10-14 14:37:41,763 [RatisPipelineUtilsThread] INFO  pipeline.PipelineStateManager (PipelineStateManager.java:addPipeline(56)) - Created pipeline Pipeline[ Id: d234c74e-facd-4df7-8b93-020445a1ed67, Nodes: 1d50c7e2-07ef-46f5-8799-c9884e2b0ea2{ip: 192.168.157.234, host: pr-hdds-2302-x69hs-1458597746, networkLocation: /default-rack, certSerialId: null}, Type:RATIS, Factor:ONE, State:OPEN]
2019-10-14 14:37:41,771 [grpc-default-executor-6] INFO  impl.RaftServerProxy (RaftServerProxy.java:addNew(89)) - 2a3837c4-e4ae-4808-9c0c-c0b157469c32: addNew group-EC17BB64BF44:[2a3837c4-e4ae-4808-9c0c-c0b157469c32:192.168.157.234:45056] returns group-EC17BB64BF44:java.util.concurrent.CompletableFuture@37c6f7c1[Not completed]
2019-10-14 14:37:41,773 [pool-459-thread-1] INFO  impl.RaftServerImpl (RaftServerImpl.java:<init>(95)) - 2a3837c4-e4ae-4808-9c0c-c0b157469c32: new RaftServerImpl for group-EC17BB64BF44:[2a3837c4-e4ae-4808-9c0c-c0b157469c32:192.168.157.234:45056] with ContainerStateMachine:uninitialized
2019-10-14 14:37:41,773 [pool-459-thread-1] INFO  server.RaftServerConfigKeys (ConfUtils.java:logGet(43)) - raft.server.rpc.timeout.min = 5s (custom)
2019-10-14 14:37:41,773 [pool-459-thread-1] INFO  server.RaftServerConfigKeys (ConfUtils.java:logGet(43)) - raft.server.rpc.timeout.max = 5200ms (custom)
2019-10-14 14:37:41,773 [pool-459-thread-1] INFO  server.RaftServerConfigKeys (ConfUtils.java:logGet(43)) - raft.server.rpcslowness.timeout = 120s (custom)
2019-10-14 14:37:41,773 [pool-459-thread-1] INFO  server.RaftServerConfigKeys (ConfUtils.java:logGet(43)) - raft.server.sleep.deviation.threshold = 300 (default)
2019-10-14 14:37:41,773 [pool-459-thread-1] INFO  server.RaftServerConfigKeys (ConfUtils.java:logGet(43)) - raft.server.log.appender.install.snapshot.enabled = false (custom)
2019-10-14 14:37:41,773 [pool-459-thread-1] INFO  impl.RaftServerImpl (ServerState.java:<init>(103)) - 2a3837c4-e4ae-4808-9c0c-c0b157469c32@group-EC17BB64BF44: ConfigurationManager, init=-1: [2a3837c4-e4ae-4808-9c0c-c0b157469c32:192.168.157.234:45056], old=null, confs=<EMPTY_MAP>
2019-10-14 14:37:41,774 [pool-459-thread-1] INFO  server.RaftServerConfigKeys (ConfUtils.java:logGet(43)) - raft.server.storage.dir = [/workdir/hadoop-ozone/integration-test/target/test-dir/MiniOzoneClusterImpl-14a7b98e-e39a-4234-b5fd-28b5658d784a/datanode-5/data/ratis] (custom)
2019-10-14 14:37:41,774 [pool-459-thread-1] INFO  server.RaftServerConfigKeys (ConfUtils.java:logGet(43)) - raft.server.log.corruption.policy = EXCEPTION (default)
2019-10-14 14:37:41,774 [pool-459-thread-1] INFO  storage.RaftStorageDirectory (RaftStorageDirectory.java:analyzeStorage(246)) - The storage directory /workdir/hadoop-ozone/integration-test/target/test-dir/MiniOzoneClusterImpl-14a7b98e-e39a-4234-b5fd-28b5658d784a/datanode-5/data/ratis/5836099b-b6a3-4f36-ae6d-ec17bb64bf44 does not exist. Creating ...
2019-10-14 14:37:41,780 [IPC Server handler 0 on 45488] INFO  net.NetworkTopology (NetworkTopologyImpl.java:add(111)) - Added a new node: /default-rack/6b47e83d-afb7-49f6-8e11-7b7741dec319
2019-10-14 14:37:41,780 [IPC Server handler 0 on 45488] INFO  node.SCMNodeManager (SCMNodeManager.java:register(268)) - Registered Data node : 6b47e83d-afb7-49f6-8e11-7b7741dec319{ip: 192.168.157.234, host: pr-hdds-2302-x69hs-1458597746, networkLocation: /default-rack, certSerialId: null}
2019-10-14 14:37:41,781 [main] INFO  ozone.MiniOzoneClusterImpl (MiniOzoneClusterImpl.java:lambda$waitForClusterToBeReady$0(147)) - Cluster is ready. Got 7 of 7 DN Heartbeats.
2019-10-14 14:37:41,787 [pool-459-thread-1] INFO  storage.RaftStorageDirectory (RaftStorageDirectory.java:tryLock(328)) - Lock on /workdir/hadoop-ozone/integration-test/target/test-dir/MiniOzoneClusterImpl-14a7b98e-e39a-4234-b5fd-28b5658d784a/datanode-5/data/ratis/5836099b-b6a3-4f36-ae6d-ec17bb64bf44/in_use.lock acquired by nodename 7620@pr-hdds-2302-x69hs-1458597746
2019-10-14 14:37:41,809 [pool-459-thread-1] INFO  storage.RaftStorage (RaftStorage.java:format(84)) - Storage directory /workdir/hadoop-ozone/integration-test/target/test-dir/MiniOzoneClusterImpl-14a7b98e-e39a-4234-b5fd-28b5658d784a/datanode-5/data/ratis/5836099b-b6a3-4f36-ae6d-ec17bb64bf44 has been successfully formatted.
2019-10-14 14:37:41,809 [pool-459-thread-1] INFO  ratis.ContainerStateMachine (ContainerStateMachine.java:loadSnapshot(231)) - group-EC17BB64BF44: The snapshot info is null. Setting the last applied indexto:(t:0, i:~)
2019-10-14 14:37:41,809 [pool-459-thread-1] INFO  server.RaftServerConfigKeys (ConfUtils.java:logGet(43)) - raft.server.notification.no-leader.timeout = 120s (custom)
2019-10-14 14:37:41,809 [pool-459-thread-1] INFO  server.RaftServerConfigKeys (ConfUtils.java:logGet(43)) - raft.server.log.use.memory = false (default)
2019-10-14 14:37:41,809 [pool-459-thread-1] INFO  server.RaftServerConfigKeys (ConfUtils.java:logGet(43)) - raft.server.log.purge.gap = 1000000 (custom)
2019-10-14 14:37:41,809 [pool-459-thread-1] INFO  server.RaftServerConfigKeys (ConfUtils.java:logGet(43)) - raft.server.log.appender.buffer.byte-limit = 33554432 (custom)
2019-10-14 14:37:41,809 [pool-459-thread-1] INFO  server.RaftServerConfigKeys (ConfUtils.java:logGet(43)) - raft.server.log.segment.size.max = 1048576 (custom)
2019-10-14 14:37:41,811 [pool-459-thread-1] INFO  server.RaftServerConfigKeys (ConfUtils.java:logGet(43)) - raft.server.log.segment.cache.num.max = 2 (custom)
2019-10-14 14:37:41,811 [pool-459-thread-1] INFO  segmented.SegmentedRaftLogWorker (SegmentedRaftLogWorker.java:<init>(173)) - new 2a3837c4-e4ae-4808-9c0c-c0b157469c32@group-EC17BB64BF44-SegmentedRaftLogWorker for RaftStorage:Storage Directory /workdir/hadoop-ozone/integration-test/target/test-dir/MiniOzoneClusterImpl-14a7b98e-e39a-4234-b5fd-28b5658d784a/datanode-5/data/ratis/5836099b-b6a3-4f36-ae6d-ec17bb64bf44
2019-10-14 14:37:41,811 [pool-459-thread-1] INFO  server.RaftServerConfigKeys (ConfUtils.java:logGet(43)) - raft.server.log.queue.byte-limit = 2147483647 (custom)
2019-10-14 14:37:41,811 [pool-459-thread-1] INFO  server.RaftServerConfigKeys (ConfUtils.java:logGet(43)) - raft.server.log.queue.element-limit = 1024 (custom)
2019-10-14 14:37:41,811 [pool-459-thread-1] INFO  server.RaftServerConfigKeys (ConfUtils.java:logGet(43)) - raft.server.log.segment.size.max = 1048576 (custom)
2019-10-14 14:37:41,811 [pool-459-thread-1] INFO  server.RaftServerConfigKeys (ConfUtils.java:logGet(43)) - raft.server.log.preallocated.size = 16384 (custom)
2019-10-14 14:37:41,811 [pool-459-thread-1] INFO  server.RaftServerConfigKeys (ConfUtils.java:logGet(43)) - raft.server.log.write.buffer.size = 33554432 (custom)
2019-10-14 14:37:41,811 [pool-459-thread-1] INFO  server.RaftServerConfigKeys (ConfUtils.java:logGet(43)) - raft.server.log.force.sync.num = 128 (default)
2019-10-14 14:37:41,811 [pool-459-thread-1] INFO  server.RaftServerConfigKeys (ConfUtils.java:logGet(43)) - raft.server.log.statemachine.data.sync = true (default)
2019-10-14 14:37:41,811 [pool-459-thread-1] INFO  server.RaftServerConfigKeys (ConfUtils.java:logGet(43)) - raft.server.log.statemachine.data.sync.timeout = 10s (default)
2019-10-14 14:37:41,812 [pool-459-thread-1] INFO  server.RaftServerConfigKeys (ConfUtils.java:logGet(43)) - raft.server.log.statemachine.data.sync.timeout.retry = -1 (default)
2019-10-14 14:37:41,814 [pool-459-thread-1] INFO  server.RaftServerConfigKeys (ConfUtils.java:logGet(43)) - raft.server.log.statemachine.data.caching.enabled = true (custom)
2019-10-14 14:37:41,814 [pool-459-thread-1] INFO  segmented.SegmentedRaftLogWorker (SegmentedRaftLogWorker.java:lambda$new$0(128)) - 2a3837c4-e4ae-4808-9c0c-c0b157469c32@group-EC17BB64BF44-SegmentedRaftLogWorker: flushIndex: setUnconditionally 0 -> -1
2019-10-14 14:37:41,815 [pool-459-thread-1] INFO  server.RaftServerConfigKeys (ConfUtils.java:logGet(43)) - raft.server.snapshot.auto.trigger.enabled = true (custom)
2019-10-14 14:37:41,815 [pool-459-thread-1] INFO  server.RaftServerConfigKeys (ConfUtils.java:logGet(43)) - raft.server.snapshot.auto.trigger.threshold = 10000 (custom)
2019-10-14 14:37:41,815 [pool-459-thread-1] INFO  server.RaftServerConfigKeys (ConfUtils.java:logGet(43)) - raft.server.snapshot.retention.file.num = 5 (custom)
2019-10-14 14:37:41,815 [pool-459-thread-1] INFO  server.RaftServerConfigKeys (ConfUtils.java:logGet(43)) - raft.server.retrycache.expirytime = 600000ms (custom)
2019-10-14 14:37:41,816 [main] INFO  rpc.RpcClient (RpcClient.java:createVolume(272)) - Creating Volume: testblockoutputstream, with jenkins1000 as owner.
2019-10-14 14:37:41,816 [pool-459-thread-1] INFO  impl.RaftServerImpl (RaftServerImpl.java:start(181)) - 2a3837c4-e4ae-4808-9c0c-c0b157469c32@group-EC17BB64BF44: start as a follower, conf=-1: [2a3837c4-e4ae-4808-9c0c-c0b157469c32:192.168.157.234:45056], old=null
2019-10-14 14:37:41,816 [pool-459-thread-1] INFO  impl.RaftServerImpl (RaftServerImpl.java:setRole(170)) - 2a3837c4-e4ae-4808-9c0c-c0b157469c32@group-EC17BB64BF44: changes role from      null to FOLLOWER at term 0 for startAsFollower
2019-10-14 14:37:41,816 [pool-459-thread-1] INFO  impl.RoleInfo (RoleInfo.java:updateAndGet(143)) - 2a3837c4-e4ae-4808-9c0c-c0b157469c32: start FollowerState
2019-10-14 14:37:41,817 [pool-459-thread-1] INFO  util.JmxRegister (JmxRegister.java:tryRegister(44)) - Successfully registered JMX Bean with object name Ratis:service=RaftServer,group=group-EC17BB64BF44,id=2a3837c4-e4ae-4808-9c0c-c0b157469c32
2019-10-14 14:37:41,819 [IPC Server handler 2 on 41371] INFO  volume.OMVolumeCreateRequest (OMVolumeCreateRequest.java:validateAndUpdateCache(193)) - created volume:testblockoutputstream for user:jenkins1000
2019-10-14 14:37:41,820 [RatisPipelineUtilsThread] INFO  pipeline.PipelineStateManager (PipelineStateManager.java:addPipeline(56)) - Created pipeline Pipeline[ Id: 5836099b-b6a3-4f36-ae6d-ec17bb64bf44, Nodes: 2a3837c4-e4ae-4808-9c0c-c0b157469c32{ip: 192.168.157.234, host: pr-hdds-2302-x69hs-1458597746, networkLocation: /default-rack, certSerialId: null}, Type:RATIS, Factor:ONE, State:OPEN]
2019-10-14 14:37:41,835 [main] INFO  rpc.RpcClient (RpcClient.java:createBucket(411)) - Creating Bucket: testblockoutputstream/testblockoutputstream, with Versioning false and Storage Type set to DISK and Encryption set to false 
2019-10-14 14:37:41,838 [grpc-default-executor-6] INFO  impl.RaftServerProxy (RaftServerProxy.java:addNew(89)) - 9fb3a90b-6363-46e5-8016-cecbb128012f: addNew group-E71C5A4FA3D2:[9fb3a90b-6363-46e5-8016-cecbb128012f:192.168.157.234:40696] returns group-E71C5A4FA3D2:java.util.concurrent.CompletableFuture@46ebbc4e[Not completed]
2019-10-14 14:37:41,842 [pool-449-thread-1] INFO  impl.RaftServerImpl (RaftServerImpl.java:<init>(95)) - 9fb3a90b-6363-46e5-8016-cecbb128012f: new RaftServerImpl for group-E71C5A4FA3D2:[9fb3a90b-6363-46e5-8016-cecbb128012f:192.168.157.234:40696] with ContainerStateMachine:uninitialized
2019-10-14 14:37:41,842 [pool-449-thread-1] INFO  server.RaftServerConfigKeys (ConfUtils.java:logGet(43)) - raft.server.rpc.timeout.min = 5s (custom)
2019-10-14 14:37:41,842 [pool-449-thread-1] INFO  server.RaftServerConfigKeys (ConfUtils.java:logGet(43)) - raft.server.rpc.timeout.max = 5200ms (custom)
2019-10-14 14:37:41,842 [pool-449-thread-1] INFO  server.RaftServerConfigKeys (ConfUtils.java:logGet(43)) - raft.server.rpcslowness.timeout = 120s (custom)
2019-10-14 14:37:41,842 [pool-449-thread-1] INFO  server.RaftServerConfigKeys (ConfUtils.java:logGet(43)) - raft.server.sleep.deviation.threshold = 300 (default)
2019-10-14 14:37:41,842 [pool-449-thread-1] INFO  server.RaftServerConfigKeys (ConfUtils.java:logGet(43)) - raft.server.log.appender.install.snapshot.enabled = false (custom)
2019-10-14 14:37:41,842 [pool-449-thread-1] INFO  impl.RaftServerImpl (ServerState.java:<init>(103)) - 9fb3a90b-6363-46e5-8016-cecbb128012f@group-E71C5A4FA3D2: ConfigurationManager, init=-1: [9fb3a90b-6363-46e5-8016-cecbb128012f:192.168.157.234:40696], old=null, confs=<EMPTY_MAP>
2019-10-14 14:37:41,842 [pool-449-thread-1] INFO  server.RaftServerConfigKeys (ConfUtils.java:logGet(43)) - raft.server.storage.dir = [/workdir/hadoop-ozone/integration-test/target/test-dir/MiniOzoneClusterImpl-14a7b98e-e39a-4234-b5fd-28b5658d784a/datanode-4/data/ratis] (custom)
2019-10-14 14:37:41,842 [pool-449-thread-1] INFO  server.RaftServerConfigKeys (ConfUtils.java:logGet(43)) - raft.server.log.corruption.policy = EXCEPTION (default)
2019-10-14 14:37:41,843 [pool-449-thread-1] INFO  storage.RaftStorageDirectory (RaftStorageDirectory.java:analyzeStorage(246)) - The storage directory /workdir/hadoop-ozone/integration-test/target/test-dir/MiniOzoneClusterImpl-14a7b98e-e39a-4234-b5fd-28b5658d784a/datanode-4/data/ratis/05cbb179-f86a-4542-be43-e71c5a4fa3d2 does not exist. Creating ...
2019-10-14 14:37:41,856 [pool-449-thread-1] INFO  storage.RaftStorageDirectory (RaftStorageDirectory.java:tryLock(328)) - Lock on /workdir/hadoop-ozone/integration-test/target/test-dir/MiniOzoneClusterImpl-14a7b98e-e39a-4234-b5fd-28b5658d784a/datanode-4/data/ratis/05cbb179-f86a-4542-be43-e71c5a4fa3d2/in_use.lock acquired by nodename 7620@pr-hdds-2302-x69hs-1458597746
2019-10-14 14:37:41,870 [pool-449-thread-1] INFO  storage.RaftStorage (RaftStorage.java:format(84)) - Storage directory /workdir/hadoop-ozone/integration-test/target/test-dir/MiniOzoneClusterImpl-14a7b98e-e39a-4234-b5fd-28b5658d784a/datanode-4/data/ratis/05cbb179-f86a-4542-be43-e71c5a4fa3d2 has been successfully formatted.
2019-10-14 14:37:41,870 [pool-449-thread-1] INFO  ratis.ContainerStateMachine (ContainerStateMachine.java:loadSnapshot(231)) - group-E71C5A4FA3D2: The snapshot info is null. Setting the last applied indexto:(t:0, i:~)
2019-10-14 14:37:41,870 [pool-449-thread-1] INFO  server.RaftServerConfigKeys (ConfUtils.java:logGet(43)) - raft.server.notification.no-leader.timeout = 120s (custom)
2019-10-14 14:37:41,870 [pool-449-thread-1] INFO  server.RaftServerConfigKeys (ConfUtils.java:logGet(43)) - raft.server.log.use.memory = false (default)
2019-10-14 14:37:41,870 [pool-449-thread-1] INFO  server.RaftServerConfigKeys (ConfUtils.java:logGet(43)) - raft.server.log.purge.gap = 1000000 (custom)
2019-10-14 14:37:41,870 [pool-449-thread-1] INFO  server.RaftServerConfigKeys (ConfUtils.java:logGet(43)) - raft.server.log.appender.buffer.byte-limit = 33554432 (custom)
2019-10-14 14:37:41,871 [pool-449-thread-1] INFO  server.RaftServerConfigKeys (ConfUtils.java:logGet(43)) - raft.server.log.segment.size.max = 1048576 (custom)
2019-10-14 14:37:41,872 [pool-449-thread-1] INFO  server.RaftServerConfigKeys (ConfUtils.java:logGet(43)) - raft.server.log.segment.cache.num.max = 2 (custom)
2019-10-14 14:37:41,872 [pool-449-thread-1] INFO  segmented.SegmentedRaftLogWorker (SegmentedRaftLogWorker.java:<init>(173)) - new 9fb3a90b-6363-46e5-8016-cecbb128012f@group-E71C5A4FA3D2-SegmentedRaftLogWorker for RaftStorage:Storage Directory /workdir/hadoop-ozone/integration-test/target/test-dir/MiniOzoneClusterImpl-14a7b98e-e39a-4234-b5fd-28b5658d784a/datanode-4/data/ratis/05cbb179-f86a-4542-be43-e71c5a4fa3d2
2019-10-14 14:37:41,872 [pool-449-thread-1] INFO  server.RaftServerConfigKeys (ConfUtils.java:logGet(43)) - raft.server.log.queue.byte-limit = 2147483647 (custom)
2019-10-14 14:37:41,872 [pool-449-thread-1] INFO  server.RaftServerConfigKeys (ConfUtils.java:logGet(43)) - raft.server.log.queue.element-limit = 1024 (custom)
2019-10-14 14:37:41,873 [pool-449-thread-1] INFO  server.RaftServerConfigKeys (ConfUtils.java:logGet(43)) - raft.server.log.segment.size.max = 1048576 (custom)
2019-10-14 14:37:41,873 [pool-449-thread-1] INFO  server.RaftServerConfigKeys (ConfUtils.java:logGet(43)) - raft.server.log.preallocated.size = 16384 (custom)
2019-10-14 14:37:41,873 [pool-449-thread-1] INFO  server.RaftServerConfigKeys (ConfUtils.java:logGet(43)) - raft.server.log.write.buffer.size = 33554432 (custom)
2019-10-14 14:37:41,873 [pool-449-thread-1] INFO  server.RaftServerConfigKeys (ConfUtils.java:logGet(43)) - raft.server.log.force.sync.num = 128 (default)
2019-10-14 14:37:41,873 [pool-449-thread-1] INFO  server.RaftServerConfigKeys (ConfUtils.java:logGet(43)) - raft.server.log.statemachine.data.sync = true (default)
2019-10-14 14:37:41,873 [pool-449-thread-1] INFO  server.RaftServerConfigKeys (ConfUtils.java:logGet(43)) - raft.server.log.statemachine.data.sync.timeout = 10s (default)
2019-10-14 14:37:41,873 [pool-449-thread-1] INFO  server.RaftServerConfigKeys (ConfUtils.java:logGet(43)) - raft.server.log.statemachine.data.sync.timeout.retry = -1 (default)
2019-10-14 14:37:41,874 [pool-449-thread-1] INFO  server.RaftServerConfigKeys (ConfUtils.java:logGet(43)) - raft.server.log.statemachine.data.caching.enabled = true (custom)
2019-10-14 14:37:41,874 [pool-449-thread-1] INFO  segmented.SegmentedRaftLogWorker (SegmentedRaftLogWorker.java:lambda$new$0(128)) - 9fb3a90b-6363-46e5-8016-cecbb128012f@group-E71C5A4FA3D2-SegmentedRaftLogWorker: flushIndex: setUnconditionally 0 -> -1
2019-10-14 14:37:41,874 [pool-449-thread-1] INFO  server.RaftServerConfigKeys (ConfUtils.java:logGet(43)) - raft.server.snapshot.auto.trigger.enabled = true (custom)
2019-10-14 14:37:41,874 [pool-449-thread-1] INFO  server.RaftServerConfigKeys (ConfUtils.java:logGet(43)) - raft.server.snapshot.auto.trigger.threshold = 10000 (custom)
2019-10-14 14:37:41,874 [pool-449-thread-1] INFO  server.RaftServerConfigKeys (ConfUtils.java:logGet(43)) - raft.server.snapshot.retention.file.num = 5 (custom)
2019-10-14 14:37:41,875 [pool-449-thread-1] INFO  server.RaftServerConfigKeys (ConfUtils.java:logGet(43)) - raft.server.retrycache.expirytime = 600000ms (custom)
2019-10-14 14:37:41,876 [pool-449-thread-1] INFO  impl.RaftServerImpl (RaftServerImpl.java:start(181)) - 9fb3a90b-6363-46e5-8016-cecbb128012f@group-E71C5A4FA3D2: start as a follower, conf=-1: [9fb3a90b-6363-46e5-8016-cecbb128012f:192.168.157.234:40696], old=null
2019-10-14 14:37:41,876 [pool-449-thread-1] INFO  impl.RaftServerImpl (RaftServerImpl.java:setRole(170)) - 9fb3a90b-6363-46e5-8016-cecbb128012f@group-E71C5A4FA3D2: changes role from      null to FOLLOWER at term 0 for startAsFollower
2019-10-14 14:37:41,876 [pool-449-thread-1] INFO  impl.RoleInfo (RoleInfo.java:updateAndGet(143)) - 9fb3a90b-6363-46e5-8016-cecbb128012f: start FollowerState
2019-10-14 14:37:41,877 [pool-449-thread-1] INFO  util.JmxRegister (JmxRegister.java:tryRegister(44)) - Successfully registered JMX Bean with object name Ratis:service=RaftServer,group=group-E71C5A4FA3D2,id=9fb3a90b-6363-46e5-8016-cecbb128012f
2019-10-14 14:37:41,880 [RatisPipelineUtilsThread] INFO  pipeline.PipelineStateManager (PipelineStateManager.java:addPipeline(56)) - Created pipeline Pipeline[ Id: 05cbb179-f86a-4542-be43-e71c5a4fa3d2, Nodes: 9fb3a90b-6363-46e5-8016-cecbb128012f{ip: 192.168.157.234, host: pr-hdds-2302-x69hs-1458597746, networkLocation: /default-rack, certSerialId: null}, Type:RATIS, Factor:ONE, State:OPEN]
2019-10-14 14:37:41,886 [grpc-default-executor-6] INFO  impl.RaftServerProxy (RaftServerProxy.java:addNew(89)) - 6b47e83d-afb7-49f6-8e11-7b7741dec319: addNew group-C1DED7282892:[6b47e83d-afb7-49f6-8e11-7b7741dec319:192.168.157.234:41528] returns group-C1DED7282892:java.util.concurrent.CompletableFuture@25f27a84[Not completed]
2019-10-14 14:37:41,888 [pool-469-thread-1] INFO  impl.RaftServerImpl (RaftServerImpl.java:<init>(95)) - 6b47e83d-afb7-49f6-8e11-7b7741dec319: new RaftServerImpl for group-C1DED7282892:[6b47e83d-afb7-49f6-8e11-7b7741dec319:192.168.157.234:41528] with ContainerStateMachine:uninitialized
2019-10-14 14:37:41,888 [pool-469-thread-1] INFO  server.RaftServerConfigKeys (ConfUtils.java:logGet(43)) - raft.server.rpc.timeout.min = 5s (custom)
2019-10-14 14:37:41,888 [pool-469-thread-1] INFO  server.RaftServerConfigKeys (ConfUtils.java:logGet(43)) - raft.server.rpc.timeout.max = 5200ms (custom)
2019-10-14 14:37:41,888 [pool-469-thread-1] INFO  server.RaftServerConfigKeys (ConfUtils.java:logGet(43)) - raft.server.rpcslowness.timeout = 120s (custom)
2019-10-14 14:37:41,888 [pool-469-thread-1] INFO  server.RaftServerConfigKeys (ConfUtils.java:logGet(43)) - raft.server.sleep.deviation.threshold = 300 (default)
2019-10-14 14:37:41,888 [pool-469-thread-1] INFO  server.RaftServerConfigKeys (ConfUtils.java:logGet(43)) - raft.server.log.appender.install.snapshot.enabled = false (custom)
2019-10-14 14:37:41,888 [pool-469-thread-1] INFO  impl.RaftServerImpl (ServerState.java:<init>(103)) - 6b47e83d-afb7-49f6-8e11-7b7741dec319@group-C1DED7282892: ConfigurationManager, init=-1: [6b47e83d-afb7-49f6-8e11-7b7741dec319:192.168.157.234:41528], old=null, confs=<EMPTY_MAP>
2019-10-14 14:37:41,888 [pool-469-thread-1] INFO  server.RaftServerConfigKeys (ConfUtils.java:logGet(43)) - raft.server.storage.dir = [/workdir/hadoop-ozone/integration-test/target/test-dir/MiniOzoneClusterImpl-14a7b98e-e39a-4234-b5fd-28b5658d784a/datanode-6/data/ratis] (custom)
2019-10-14 14:37:41,888 [pool-469-thread-1] INFO  server.RaftServerConfigKeys (ConfUtils.java:logGet(43)) - raft.server.log.corruption.policy = EXCEPTION (default)
2019-10-14 14:37:41,889 [pool-469-thread-1] INFO  storage.RaftStorageDirectory (RaftStorageDirectory.java:analyzeStorage(246)) - The storage directory /workdir/hadoop-ozone/integration-test/target/test-dir/MiniOzoneClusterImpl-14a7b98e-e39a-4234-b5fd-28b5658d784a/datanode-6/data/ratis/53ba2664-ca4b-479a-949d-c1ded7282892 does not exist. Creating ...
2019-10-14 14:37:41,902 [pool-469-thread-1] INFO  storage.RaftStorageDirectory (RaftStorageDirectory.java:tryLock(328)) - Lock on /workdir/hadoop-ozone/integration-test/target/test-dir/MiniOzoneClusterImpl-14a7b98e-e39a-4234-b5fd-28b5658d784a/datanode-6/data/ratis/53ba2664-ca4b-479a-949d-c1ded7282892/in_use.lock acquired by nodename 7620@pr-hdds-2302-x69hs-1458597746
2019-10-14 14:37:41,914 [pool-469-thread-1] INFO  storage.RaftStorage (RaftStorage.java:format(84)) - Storage directory /workdir/hadoop-ozone/integration-test/target/test-dir/MiniOzoneClusterImpl-14a7b98e-e39a-4234-b5fd-28b5658d784a/datanode-6/data/ratis/53ba2664-ca4b-479a-949d-c1ded7282892 has been successfully formatted.
2019-10-14 14:37:41,914 [pool-469-thread-1] INFO  ratis.ContainerStateMachine (ContainerStateMachine.java:loadSnapshot(231)) - group-C1DED7282892: The snapshot info is null. Setting the last applied indexto:(t:0, i:~)
2019-10-14 14:37:41,914 [pool-469-thread-1] INFO  server.RaftServerConfigKeys (ConfUtils.java:logGet(43)) - raft.server.notification.no-leader.timeout = 120s (custom)
2019-10-14 14:37:41,915 [pool-469-thread-1] INFO  server.RaftServerConfigKeys (ConfUtils.java:logGet(43)) - raft.server.log.use.memory = false (default)
2019-10-14 14:37:41,915 [pool-469-thread-1] INFO  server.RaftServerConfigKeys (ConfUtils.java:logGet(43)) - raft.server.log.purge.gap = 1000000 (custom)
2019-10-14 14:37:41,915 [pool-469-thread-1] INFO  server.RaftServerConfigKeys (ConfUtils.java:logGet(43)) - raft.server.log.appender.buffer.byte-limit = 33554432 (custom)
2019-10-14 14:37:41,915 [pool-469-thread-1] INFO  server.RaftServerConfigKeys (ConfUtils.java:logGet(43)) - raft.server.log.segment.size.max = 1048576 (custom)
2019-10-14 14:37:41,916 [pool-469-thread-1] INFO  server.RaftServerConfigKeys (ConfUtils.java:logGet(43)) - raft.server.log.segment.cache.num.max = 2 (custom)
2019-10-14 14:37:41,916 [pool-469-thread-1] INFO  segmented.SegmentedRaftLogWorker (SegmentedRaftLogWorker.java:<init>(173)) - new 6b47e83d-afb7-49f6-8e11-7b7741dec319@group-C1DED7282892-SegmentedRaftLogWorker for RaftStorage:Storage Directory /workdir/hadoop-ozone/integration-test/target/test-dir/MiniOzoneClusterImpl-14a7b98e-e39a-4234-b5fd-28b5658d784a/datanode-6/data/ratis/53ba2664-ca4b-479a-949d-c1ded7282892
2019-10-14 14:37:41,916 [pool-469-thread-1] INFO  server.RaftServerConfigKeys (ConfUtils.java:logGet(43)) - raft.server.log.queue.byte-limit = 2147483647 (custom)
2019-10-14 14:37:41,916 [pool-469-thread-1] INFO  server.RaftServerConfigKeys (ConfUtils.java:logGet(43)) - raft.server.log.queue.element-limit = 1024 (custom)
2019-10-14 14:37:41,916 [pool-469-thread-1] INFO  server.RaftServerConfigKeys (ConfUtils.java:logGet(43)) - raft.server.log.segment.size.max = 1048576 (custom)
2019-10-14 14:37:41,916 [pool-469-thread-1] INFO  server.RaftServerConfigKeys (ConfUtils.java:logGet(43)) - raft.server.log.preallocated.size = 16384 (custom)
2019-10-14 14:37:41,917 [pool-469-thread-1] INFO  server.RaftServerConfigKeys (ConfUtils.java:logGet(43)) - raft.server.log.write.buffer.size = 33554432 (custom)
2019-10-14 14:37:41,917 [pool-469-thread-1] INFO  server.RaftServerConfigKeys (ConfUtils.java:logGet(43)) - raft.server.log.force.sync.num = 128 (default)
2019-10-14 14:37:41,917 [pool-469-thread-1] INFO  server.RaftServerConfigKeys (ConfUtils.java:logGet(43)) - raft.server.log.statemachine.data.sync = true (default)
2019-10-14 14:37:41,917 [pool-469-thread-1] INFO  server.RaftServerConfigKeys (ConfUtils.java:logGet(43)) - raft.server.log.statemachine.data.sync.timeout = 10s (default)
2019-10-14 14:37:41,917 [pool-469-thread-1] INFO  server.RaftServerConfigKeys (ConfUtils.java:logGet(43)) - raft.server.log.statemachine.data.sync.timeout.retry = -1 (default)
2019-10-14 14:37:41,917 [pool-469-thread-1] INFO  server.RaftServerConfigKeys (ConfUtils.java:logGet(43)) - raft.server.log.statemachine.data.caching.enabled = true (custom)
2019-10-14 14:37:41,917 [pool-469-thread-1] INFO  segmented.SegmentedRaftLogWorker (SegmentedRaftLogWorker.java:lambda$new$0(128)) - 6b47e83d-afb7-49f6-8e11-7b7741dec319@group-C1DED7282892-SegmentedRaftLogWorker: flushIndex: setUnconditionally 0 -> -1
2019-10-14 14:37:41,918 [pool-469-thread-1] INFO  server.RaftServerConfigKeys (ConfUtils.java:logGet(43)) - raft.server.snapshot.auto.trigger.enabled = true (custom)
2019-10-14 14:37:41,918 [pool-469-thread-1] INFO  server.RaftServerConfigKeys (ConfUtils.java:logGet(43)) - raft.server.snapshot.auto.trigger.threshold = 10000 (custom)
2019-10-14 14:37:41,918 [pool-469-thread-1] INFO  server.RaftServerConfigKeys (ConfUtils.java:logGet(43)) - raft.server.snapshot.retention.file.num = 5 (custom)
2019-10-14 14:37:41,918 [pool-469-thread-1] INFO  server.RaftServerConfigKeys (ConfUtils.java:logGet(43)) - raft.server.retrycache.expirytime = 600000ms (custom)
2019-10-14 14:37:41,919 [pool-469-thread-1] INFO  impl.RaftServerImpl (RaftServerImpl.java:start(181)) - 6b47e83d-afb7-49f6-8e11-7b7741dec319@group-C1DED7282892: start as a follower, conf=-1: [6b47e83d-afb7-49f6-8e11-7b7741dec319:192.168.157.234:41528], old=null
2019-10-14 14:37:41,919 [pool-469-thread-1] INFO  impl.RaftServerImpl (RaftServerImpl.java:setRole(170)) - 6b47e83d-afb7-49f6-8e11-7b7741dec319@group-C1DED7282892: changes role from      null to FOLLOWER at term 0 for startAsFollower
2019-10-14 14:37:41,919 [pool-469-thread-1] INFO  impl.RoleInfo (RoleInfo.java:updateAndGet(143)) - 6b47e83d-afb7-49f6-8e11-7b7741dec319: start FollowerState
2019-10-14 14:37:41,919 [pool-469-thread-1] INFO  util.JmxRegister (JmxRegister.java:tryRegister(44)) - Successfully registered JMX Bean with object name Ratis:service=RaftServer,group=group-C1DED7282892,id=6b47e83d-afb7-49f6-8e11-7b7741dec319
2019-10-14 14:37:41,923 [RatisPipelineUtilsThread] INFO  pipeline.PipelineStateManager (PipelineStateManager.java:addPipeline(56)) - Created pipeline Pipeline[ Id: 53ba2664-ca4b-479a-949d-c1ded7282892, Nodes: 6b47e83d-afb7-49f6-8e11-7b7741dec319{ip: 192.168.157.234, host: pr-hdds-2302-x69hs-1458597746, networkLocation: /default-rack, certSerialId: null}, Type:RATIS, Factor:ONE, State:OPEN]
2019-10-14 14:37:41,936 [grpc-default-executor-2] INFO  impl.RaftServerProxy (RaftServerProxy.java:addNew(89)) - 2a3837c4-e4ae-4808-9c0c-c0b157469c32: addNew group-D73941D5C942:[9fb3a90b-6363-46e5-8016-cecbb128012f:192.168.157.234:40696, 2a3837c4-e4ae-4808-9c0c-c0b157469c32:192.168.157.234:45056, 1d50c7e2-07ef-46f5-8799-c9884e2b0ea2:192.168.157.234:44061] returns group-D73941D5C942:java.util.concurrent.CompletableFuture@279716eb[Not completed]
2019-10-14 14:37:41,936 [grpc-default-executor-11] INFO  impl.RaftServerProxy (RaftServerProxy.java:addNew(89)) - 9fb3a90b-6363-46e5-8016-cecbb128012f: addNew group-D73941D5C942:[9fb3a90b-6363-46e5-8016-cecbb128012f:192.168.157.234:40696, 2a3837c4-e4ae-4808-9c0c-c0b157469c32:192.168.157.234:45056, 1d50c7e2-07ef-46f5-8799-c9884e2b0ea2:192.168.157.234:44061] returns group-D73941D5C942:java.util.concurrent.CompletableFuture@b30d6b4[Not completed]
2019-10-14 14:37:41,936 [grpc-default-executor-6] INFO  impl.RaftServerProxy (RaftServerProxy.java:addNew(89)) - 1d50c7e2-07ef-46f5-8799-c9884e2b0ea2: addNew group-D73941D5C942:[9fb3a90b-6363-46e5-8016-cecbb128012f:192.168.157.234:40696, 2a3837c4-e4ae-4808-9c0c-c0b157469c32:192.168.157.234:45056, 1d50c7e2-07ef-46f5-8799-c9884e2b0ea2:192.168.157.234:44061] returns group-D73941D5C942:java.util.concurrent.CompletableFuture@61b16992[Not completed]
2019-10-14 14:37:41,937 [pool-459-thread-1] INFO  impl.RaftServerImpl (RaftServerImpl.java:<init>(95)) - 2a3837c4-e4ae-4808-9c0c-c0b157469c32: new RaftServerImpl for group-D73941D5C942:[9fb3a90b-6363-46e5-8016-cecbb128012f:192.168.157.234:40696, 2a3837c4-e4ae-4808-9c0c-c0b157469c32:192.168.157.234:45056, 1d50c7e2-07ef-46f5-8799-c9884e2b0ea2:192.168.157.234:44061] with ContainerStateMachine:uninitialized
2019-10-14 14:37:41,937 [pool-459-thread-1] INFO  server.RaftServerConfigKeys (ConfUtils.java:logGet(43)) - raft.server.rpc.timeout.min = 5s (custom)
2019-10-14 14:37:41,937 [pool-459-thread-1] INFO  server.RaftServerConfigKeys (ConfUtils.java:logGet(43)) - raft.server.rpc.timeout.max = 5200ms (custom)
2019-10-14 14:37:41,938 [pool-459-thread-1] INFO  server.RaftServerConfigKeys (ConfUtils.java:logGet(43)) - raft.server.rpcslowness.timeout = 120s (custom)
2019-10-14 14:37:41,938 [pool-439-thread-1] INFO  impl.RaftServerImpl (RaftServerImpl.java:<init>(95)) - 1d50c7e2-07ef-46f5-8799-c9884e2b0ea2: new RaftServerImpl for group-D73941D5C942:[9fb3a90b-6363-46e5-8016-cecbb128012f:192.168.157.234:40696, 2a3837c4-e4ae-4808-9c0c-c0b157469c32:192.168.157.234:45056, 1d50c7e2-07ef-46f5-8799-c9884e2b0ea2:192.168.157.234:44061] with ContainerStateMachine:uninitialized
2019-10-14 14:37:41,938 [pool-459-thread-1] INFO  server.RaftServerConfigKeys (ConfUtils.java:logGet(43)) - raft.server.sleep.deviation.threshold = 300 (default)
2019-10-14 14:37:41,938 [pool-439-thread-1] INFO  server.RaftServerConfigKeys (ConfUtils.java:logGet(43)) - raft.server.rpc.timeout.min = 5s (custom)
2019-10-14 14:37:41,938 [pool-459-thread-1] INFO  server.RaftServerConfigKeys (ConfUtils.java:logGet(43)) - raft.server.log.appender.install.snapshot.enabled = false (custom)
2019-10-14 14:37:41,938 [pool-439-thread-1] INFO  server.RaftServerConfigKeys (ConfUtils.java:logGet(43)) - raft.server.rpc.timeout.max = 5200ms (custom)
2019-10-14 14:37:41,938 [pool-459-thread-1] INFO  impl.RaftServerImpl (ServerState.java:<init>(103)) - 2a3837c4-e4ae-4808-9c0c-c0b157469c32@group-D73941D5C942: ConfigurationManager, init=-1: [9fb3a90b-6363-46e5-8016-cecbb128012f:192.168.157.234:40696, 2a3837c4-e4ae-4808-9c0c-c0b157469c32:192.168.157.234:45056, 1d50c7e2-07ef-46f5-8799-c9884e2b0ea2:192.168.157.234:44061], old=null, confs=<EMPTY_MAP>
2019-10-14 14:37:41,938 [pool-449-thread-1] INFO  impl.RaftServerImpl (RaftServerImpl.java:<init>(95)) - 9fb3a90b-6363-46e5-8016-cecbb128012f: new RaftServerImpl for group-D73941D5C942:[9fb3a90b-6363-46e5-8016-cecbb128012f:192.168.157.234:40696, 2a3837c4-e4ae-4808-9c0c-c0b157469c32:192.168.157.234:45056, 1d50c7e2-07ef-46f5-8799-c9884e2b0ea2:192.168.157.234:44061] with ContainerStateMachine:uninitialized
2019-10-14 14:37:41,939 [pool-459-thread-1] INFO  server.RaftServerConfigKeys (ConfUtils.java:logGet(43)) - raft.server.storage.dir = [/workdir/hadoop-ozone/integration-test/target/test-dir/MiniOzoneClusterImpl-14a7b98e-e39a-4234-b5fd-28b5658d784a/datanode-5/data/ratis] (custom)
2019-10-14 14:37:41,938 [pool-439-thread-1] INFO  server.RaftServerConfigKeys (ConfUtils.java:logGet(43)) - raft.server.rpcslowness.timeout = 120s (custom)
2019-10-14 14:37:41,939 [pool-459-thread-1] INFO  server.RaftServerConfigKeys (ConfUtils.java:logGet(43)) - raft.server.log.corruption.policy = EXCEPTION (default)
2019-10-14 14:37:41,939 [pool-439-thread-1] INFO  server.RaftServerConfigKeys (ConfUtils.java:logGet(43)) - raft.server.sleep.deviation.threshold = 300 (default)
2019-10-14 14:37:41,939 [pool-439-thread-1] INFO  server.RaftServerConfigKeys (ConfUtils.java:logGet(43)) - raft.server.log.appender.install.snapshot.enabled = false (custom)
2019-10-14 14:37:41,939 [pool-449-thread-1] INFO  server.RaftServerConfigKeys (ConfUtils.java:logGet(43)) - raft.server.rpc.timeout.min = 5s (custom)
2019-10-14 14:37:41,939 [pool-439-thread-1] INFO  impl.RaftServerImpl (ServerState.java:<init>(103)) - 1d50c7e2-07ef-46f5-8799-c9884e2b0ea2@group-D73941D5C942: ConfigurationManager, init=-1: [9fb3a90b-6363-46e5-8016-cecbb128012f:192.168.157.234:40696, 2a3837c4-e4ae-4808-9c0c-c0b157469c32:192.168.157.234:45056, 1d50c7e2-07ef-46f5-8799-c9884e2b0ea2:192.168.157.234:44061], old=null, confs=<EMPTY_MAP>
2019-10-14 14:37:41,939 [pool-459-thread-1] INFO  storage.RaftStorageDirectory (RaftStorageDirectory.java:analyzeStorage(246)) - The storage directory /workdir/hadoop-ozone/integration-test/target/test-dir/MiniOzoneClusterImpl-14a7b98e-e39a-4234-b5fd-28b5658d784a/datanode-5/data/ratis/a570a0d1-8d7d-4dfb-83a5-d73941d5c942 does not exist. Creating ...
2019-10-14 14:37:41,940 [pool-449-thread-1] INFO  server.RaftServerConfigKeys (ConfUtils.java:logGet(43)) - raft.server.rpc.timeout.max = 5200ms (custom)
2019-10-14 14:37:41,940 [pool-439-thread-1] INFO  server.RaftServerConfigKeys (ConfUtils.java:logGet(43)) - raft.server.storage.dir = [/workdir/hadoop-ozone/integration-test/target/test-dir/MiniOzoneClusterImpl-14a7b98e-e39a-4234-b5fd-28b5658d784a/datanode-3/data/ratis] (custom)
2019-10-14 14:37:41,940 [pool-449-thread-1] INFO  server.RaftServerConfigKeys (ConfUtils.java:logGet(43)) - raft.server.rpcslowness.timeout = 120s (custom)
2019-10-14 14:37:41,940 [pool-449-thread-1] INFO  server.RaftServerConfigKeys (ConfUtils.java:logGet(43)) - raft.server.sleep.deviation.threshold = 300 (default)
2019-10-14 14:37:41,940 [pool-439-thread-1] INFO  server.RaftServerConfigKeys (ConfUtils.java:logGet(43)) - raft.server.log.corruption.policy = EXCEPTION (default)
2019-10-14 14:37:41,940 [pool-449-thread-1] INFO  server.RaftServerConfigKeys (ConfUtils.java:logGet(43)) - raft.server.log.appender.install.snapshot.enabled = false (custom)
2019-10-14 14:37:41,941 [pool-439-thread-1] INFO  storage.RaftStorageDirectory (RaftStorageDirectory.java:analyzeStorage(246)) - The storage directory /workdir/hadoop-ozone/integration-test/target/test-dir/MiniOzoneClusterImpl-14a7b98e-e39a-4234-b5fd-28b5658d784a/datanode-3/data/ratis/a570a0d1-8d7d-4dfb-83a5-d73941d5c942 does not exist. Creating ...
2019-10-14 14:37:41,941 [pool-449-thread-1] INFO  impl.RaftServerImpl (ServerState.java:<init>(103)) - 9fb3a90b-6363-46e5-8016-cecbb128012f@group-D73941D5C942: ConfigurationManager, init=-1: [9fb3a90b-6363-46e5-8016-cecbb128012f:192.168.157.234:40696, 2a3837c4-e4ae-4808-9c0c-c0b157469c32:192.168.157.234:45056, 1d50c7e2-07ef-46f5-8799-c9884e2b0ea2:192.168.157.234:44061], old=null, confs=<EMPTY_MAP>
2019-10-14 14:37:41,941 [pool-449-thread-1] INFO  server.RaftServerConfigKeys (ConfUtils.java:logGet(43)) - raft.server.storage.dir = [/workdir/hadoop-ozone/integration-test/target/test-dir/MiniOzoneClusterImpl-14a7b98e-e39a-4234-b5fd-28b5658d784a/datanode-4/data/ratis] (custom)
2019-10-14 14:37:41,941 [pool-449-thread-1] INFO  server.RaftServerConfigKeys (ConfUtils.java:logGet(43)) - raft.server.log.corruption.policy = EXCEPTION (default)
2019-10-14 14:37:41,941 [pool-449-thread-1] INFO  storage.RaftStorageDirectory (RaftStorageDirectory.java:analyzeStorage(246)) - The storage directory /workdir/hadoop-ozone/integration-test/target/test-dir/MiniOzoneClusterImpl-14a7b98e-e39a-4234-b5fd-28b5658d784a/datanode-4/data/ratis/a570a0d1-8d7d-4dfb-83a5-d73941d5c942 does not exist. Creating ...
2019-10-14 14:37:41,953 [pool-459-thread-1] INFO  storage.RaftStorageDirectory (RaftStorageDirectory.java:tryLock(328)) - Lock on /workdir/hadoop-ozone/integration-test/target/test-dir/MiniOzoneClusterImpl-14a7b98e-e39a-4234-b5fd-28b5658d784a/datanode-5/data/ratis/a570a0d1-8d7d-4dfb-83a5-d73941d5c942/in_use.lock acquired by nodename 7620@pr-hdds-2302-x69hs-1458597746
2019-10-14 14:37:41,953 [pool-449-thread-1] INFO  storage.RaftStorageDirectory (RaftStorageDirectory.java:tryLock(328)) - Lock on /workdir/hadoop-ozone/integration-test/target/test-dir/MiniOzoneClusterImpl-14a7b98e-e39a-4234-b5fd-28b5658d784a/datanode-4/data/ratis/a570a0d1-8d7d-4dfb-83a5-d73941d5c942/in_use.lock acquired by nodename 7620@pr-hdds-2302-x69hs-1458597746
2019-10-14 14:37:41,953 [pool-439-thread-1] INFO  storage.RaftStorageDirectory (RaftStorageDirectory.java:tryLock(328)) - Lock on /workdir/hadoop-ozone/integration-test/target/test-dir/MiniOzoneClusterImpl-14a7b98e-e39a-4234-b5fd-28b5658d784a/datanode-3/data/ratis/a570a0d1-8d7d-4dfb-83a5-d73941d5c942/in_use.lock acquired by nodename 7620@pr-hdds-2302-x69hs-1458597746
2019-10-14 14:37:41,981 [pool-459-thread-1] INFO  storage.RaftStorage (RaftStorage.java:format(84)) - Storage directory /workdir/hadoop-ozone/integration-test/target/test-dir/MiniOzoneClusterImpl-14a7b98e-e39a-4234-b5fd-28b5658d784a/datanode-5/data/ratis/a570a0d1-8d7d-4dfb-83a5-d73941d5c942 has been successfully formatted.
2019-10-14 14:37:41,981 [pool-439-thread-1] INFO  storage.RaftStorage (RaftStorage.java:format(84)) - Storage directory /workdir/hadoop-ozone/integration-test/target/test-dir/MiniOzoneClusterImpl-14a7b98e-e39a-4234-b5fd-28b5658d784a/datanode-3/data/ratis/a570a0d1-8d7d-4dfb-83a5-d73941d5c942 has been successfully formatted.
2019-10-14 14:37:41,981 [pool-449-thread-1] INFO  storage.RaftStorage (RaftStorage.java:format(84)) - Storage directory /workdir/hadoop-ozone/integration-test/target/test-dir/MiniOzoneClusterImpl-14a7b98e-e39a-4234-b5fd-28b5658d784a/datanode-4/data/ratis/a570a0d1-8d7d-4dfb-83a5-d73941d5c942 has been successfully formatted.
2019-10-14 14:37:41,981 [pool-459-thread-1] INFO  ratis.ContainerStateMachine (ContainerStateMachine.java:loadSnapshot(231)) - group-D73941D5C942: The snapshot info is null. Setting the last applied indexto:(t:0, i:~)
2019-10-14 14:37:41,981 [pool-449-thread-1] INFO  ratis.ContainerStateMachine (ContainerStateMachine.java:loadSnapshot(231)) - group-D73941D5C942: The snapshot info is null. Setting the last applied indexto:(t:0, i:~)
2019-10-14 14:37:41,981 [pool-439-thread-1] INFO  ratis.ContainerStateMachine (ContainerStateMachine.java:loadSnapshot(231)) - group-D73941D5C942: The snapshot info is null. Setting the last applied indexto:(t:0, i:~)
2019-10-14 14:37:41,981 [pool-449-thread-1] INFO  server.RaftServerConfigKeys (ConfUtils.java:logGet(43)) - raft.server.notification.no-leader.timeout = 120s (custom)
2019-10-14 14:37:41,981 [pool-459-thread-1] INFO  server.RaftServerConfigKeys (ConfUtils.java:logGet(43)) - raft.server.notification.no-leader.timeout = 120s (custom)
2019-10-14 14:37:41,982 [pool-449-thread-1] INFO  server.RaftServerConfigKeys (ConfUtils.java:logGet(43)) - raft.server.log.use.memory = false (default)
2019-10-14 14:37:41,982 [pool-439-thread-1] INFO  server.RaftServerConfigKeys (ConfUtils.java:logGet(43)) - raft.server.notification.no-leader.timeout = 120s (custom)
2019-10-14 14:37:41,982 [pool-449-thread-1] INFO  server.RaftServerConfigKeys (ConfUtils.java:logGet(43)) - raft.server.log.purge.gap = 1000000 (custom)
2019-10-14 14:37:41,982 [pool-459-thread-1] INFO  server.RaftServerConfigKeys (ConfUtils.java:logGet(43)) - raft.server.log.use.memory = false (default)
2019-10-14 14:37:41,982 [pool-449-thread-1] INFO  server.RaftServerConfigKeys (ConfUtils.java:logGet(43)) - raft.server.log.appender.buffer.byte-limit = 33554432 (custom)
2019-10-14 14:37:41,982 [pool-439-thread-1] INFO  server.RaftServerConfigKeys (ConfUtils.java:logGet(43)) - raft.server.log.use.memory = false (default)
2019-10-14 14:37:41,983 [pool-449-thread-1] INFO  server.RaftServerConfigKeys (ConfUtils.java:logGet(43)) - raft.server.log.segment.size.max = 1048576 (custom)
2019-10-14 14:37:41,982 [pool-459-thread-1] INFO  server.RaftServerConfigKeys (ConfUtils.java:logGet(43)) - raft.server.log.purge.gap = 1000000 (custom)
2019-10-14 14:37:41,983 [pool-449-thread-1] INFO  server.RaftServerConfigKeys (ConfUtils.java:logGet(43)) - raft.server.log.segment.cache.num.max = 2 (custom)
2019-10-14 14:37:41,983 [pool-439-thread-1] INFO  server.RaftServerConfigKeys (ConfUtils.java:logGet(43)) - raft.server.log.purge.gap = 1000000 (custom)
2019-10-14 14:37:41,983 [pool-449-thread-1] INFO  segmented.SegmentedRaftLogWorker (SegmentedRaftLogWorker.java:<init>(173)) - new 9fb3a90b-6363-46e5-8016-cecbb128012f@group-D73941D5C942-SegmentedRaftLogWorker for RaftStorage:Storage Directory /workdir/hadoop-ozone/integration-test/target/test-dir/MiniOzoneClusterImpl-14a7b98e-e39a-4234-b5fd-28b5658d784a/datanode-4/data/ratis/a570a0d1-8d7d-4dfb-83a5-d73941d5c942
2019-10-14 14:37:41,983 [pool-459-thread-1] INFO  server.RaftServerConfigKeys (ConfUtils.java:logGet(43)) - raft.server.log.appender.buffer.byte-limit = 33554432 (custom)
2019-10-14 14:37:41,983 [pool-449-thread-1] INFO  server.RaftServerConfigKeys (ConfUtils.java:logGet(43)) - raft.server.log.queue.byte-limit = 2147483647 (custom)
2019-10-14 14:37:41,984 [pool-449-thread-1] INFO  server.RaftServerConfigKeys (ConfUtils.java:logGet(43)) - raft.server.log.queue.element-limit = 1024 (custom)
2019-10-14 14:37:41,983 [pool-439-thread-1] INFO  server.RaftServerConfigKeys (ConfUtils.java:logGet(43)) - raft.server.log.appender.buffer.byte-limit = 33554432 (custom)
2019-10-14 14:37:41,984 [pool-449-thread-1] INFO  server.RaftServerConfigKeys (ConfUtils.java:logGet(43)) - raft.server.log.segment.size.max = 1048576 (custom)
2019-10-14 14:37:41,984 [pool-449-thread-1] INFO  server.RaftServerConfigKeys (ConfUtils.java:logGet(43)) - raft.server.log.preallocated.size = 16384 (custom)
2019-10-14 14:37:41,984 [pool-459-thread-1] INFO  server.RaftServerConfigKeys (ConfUtils.java:logGet(43)) - raft.server.log.segment.size.max = 1048576 (custom)
2019-10-14 14:37:41,984 [pool-449-thread-1] INFO  server.RaftServerConfigKeys (ConfUtils.java:logGet(43)) - raft.server.log.write.buffer.size = 33554432 (custom)
2019-10-14 14:37:41,984 [pool-439-thread-1] INFO  server.RaftServerConfigKeys (ConfUtils.java:logGet(43)) - raft.server.log.segment.size.max = 1048576 (custom)
2019-10-14 14:37:41,985 [pool-449-thread-1] INFO  server.RaftServerConfigKeys (ConfUtils.java:logGet(43)) - raft.server.log.force.sync.num = 128 (default)
2019-10-14 14:37:41,984 [pool-459-thread-1] INFO  server.RaftServerConfigKeys (ConfUtils.java:logGet(43)) - raft.server.log.segment.cache.num.max = 2 (custom)
2019-10-14 14:37:41,985 [pool-449-thread-1] INFO  server.RaftServerConfigKeys (ConfUtils.java:logGet(43)) - raft.server.log.statemachine.data.sync = true (default)
2019-10-14 14:37:41,985 [pool-449-thread-1] INFO  server.RaftServerConfigKeys (ConfUtils.java:logGet(43)) - raft.server.log.statemachine.data.sync.timeout = 10s (default)
2019-10-14 14:37:41,985 [pool-439-thread-1] INFO  server.RaftServerConfigKeys (ConfUtils.java:logGet(43)) - raft.server.log.segment.cache.num.max = 2 (custom)
2019-10-14 14:37:41,985 [pool-449-thread-1] INFO  server.RaftServerConfigKeys (ConfUtils.java:logGet(43)) - raft.server.log.statemachine.data.sync.timeout.retry = -1 (default)
2019-10-14 14:37:41,985 [pool-459-thread-1] INFO  segmented.SegmentedRaftLogWorker (SegmentedRaftLogWorker.java:<init>(173)) - new 2a3837c4-e4ae-4808-9c0c-c0b157469c32@group-D73941D5C942-SegmentedRaftLogWorker for RaftStorage:Storage Directory /workdir/hadoop-ozone/integration-test/target/test-dir/MiniOzoneClusterImpl-14a7b98e-e39a-4234-b5fd-28b5658d784a/datanode-5/data/ratis/a570a0d1-8d7d-4dfb-83a5-d73941d5c942
2019-10-14 14:37:41,986 [pool-449-thread-1] INFO  server.RaftServerConfigKeys (ConfUtils.java:logGet(43)) - raft.server.log.statemachine.data.caching.enabled = true (custom)
2019-10-14 14:37:41,986 [pool-439-thread-1] INFO  segmented.SegmentedRaftLogWorker (SegmentedRaftLogWorker.java:<init>(173)) - new 1d50c7e2-07ef-46f5-8799-c9884e2b0ea2@group-D73941D5C942-SegmentedRaftLogWorker for RaftStorage:Storage Directory /workdir/hadoop-ozone/integration-test/target/test-dir/MiniOzoneClusterImpl-14a7b98e-e39a-4234-b5fd-28b5658d784a/datanode-3/data/ratis/a570a0d1-8d7d-4dfb-83a5-d73941d5c942
2019-10-14 14:37:41,986 [pool-459-thread-1] INFO  server.RaftServerConfigKeys (ConfUtils.java:logGet(43)) - raft.server.log.queue.byte-limit = 2147483647 (custom)
2019-10-14 14:37:41,986 [pool-449-thread-1] INFO  segmented.SegmentedRaftLogWorker (SegmentedRaftLogWorker.java:lambda$new$0(128)) - 9fb3a90b-6363-46e5-8016-cecbb128012f@group-D73941D5C942-SegmentedRaftLogWorker: flushIndex: setUnconditionally 0 -> -1
2019-10-14 14:37:41,986 [pool-439-thread-1] INFO  server.RaftServerConfigKeys (ConfUtils.java:logGet(43)) - raft.server.log.queue.byte-limit = 2147483647 (custom)
2019-10-14 14:37:41,986 [pool-459-thread-1] INFO  server.RaftServerConfigKeys (ConfUtils.java:logGet(43)) - raft.server.log.queue.element-limit = 1024 (custom)
2019-10-14 14:37:41,987 [pool-449-thread-1] INFO  server.RaftServerConfigKeys (ConfUtils.java:logGet(43)) - raft.server.snapshot.auto.trigger.enabled = true (custom)
2019-10-14 14:37:41,987 [pool-439-thread-1] INFO  server.RaftServerConfigKeys (ConfUtils.java:logGet(43)) - raft.server.log.queue.element-limit = 1024 (custom)
2019-10-14 14:37:41,987 [pool-449-thread-1] INFO  server.RaftServerConfigKeys (ConfUtils.java:logGet(43)) - raft.server.snapshot.auto.trigger.threshold = 10000 (custom)
2019-10-14 14:37:41,987 [pool-449-thread-1] INFO  server.RaftServerConfigKeys (ConfUtils.java:logGet(43)) - raft.server.snapshot.retention.file.num = 5 (custom)
2019-10-14 14:37:41,987 [pool-459-thread-1] INFO  server.RaftServerConfigKeys (ConfUtils.java:logGet(43)) - raft.server.log.segment.size.max = 1048576 (custom)
2019-10-14 14:37:41,987 [pool-449-thread-1] INFO  server.RaftServerConfigKeys (ConfUtils.java:logGet(43)) - raft.server.retrycache.expirytime = 600000ms (custom)
2019-10-14 14:37:41,987 [pool-439-thread-1] INFO  server.RaftServerConfigKeys (ConfUtils.java:logGet(43)) - raft.server.log.segment.size.max = 1048576 (custom)
2019-10-14 14:37:41,987 [pool-459-thread-1] INFO  server.RaftServerConfigKeys (ConfUtils.java:logGet(43)) - raft.server.log.preallocated.size = 16384 (custom)
2019-10-14 14:37:41,988 [pool-439-thread-1] INFO  server.RaftServerConfigKeys (ConfUtils.java:logGet(43)) - raft.server.log.preallocated.size = 16384 (custom)
2019-10-14 14:37:41,988 [pool-459-thread-1] INFO  server.RaftServerConfigKeys (ConfUtils.java:logGet(43)) - raft.server.log.write.buffer.size = 33554432 (custom)
2019-10-14 14:37:41,988 [pool-439-thread-1] INFO  server.RaftServerConfigKeys (ConfUtils.java:logGet(43)) - raft.server.log.write.buffer.size = 33554432 (custom)
2019-10-14 14:37:41,988 [pool-459-thread-1] INFO  server.RaftServerConfigKeys (ConfUtils.java:logGet(43)) - raft.server.log.force.sync.num = 128 (default)
2019-10-14 14:37:41,988 [pool-439-thread-1] INFO  server.RaftServerConfigKeys (ConfUtils.java:logGet(43)) - raft.server.log.force.sync.num = 128 (default)
2019-10-14 14:37:41,988 [pool-459-thread-1] INFO  server.RaftServerConfigKeys (ConfUtils.java:logGet(43)) - raft.server.log.statemachine.data.sync = true (default)
2019-10-14 14:37:41,989 [pool-439-thread-1] INFO  server.RaftServerConfigKeys (ConfUtils.java:logGet(43)) - raft.server.log.statemachine.data.sync = true (default)
2019-10-14 14:37:41,989 [pool-459-thread-1] INFO  server.RaftServerConfigKeys (ConfUtils.java:logGet(43)) - raft.server.log.statemachine.data.sync.timeout = 10s (default)
2019-10-14 14:37:41,989 [pool-439-thread-1] INFO  server.RaftServerConfigKeys (ConfUtils.java:logGet(43)) - raft.server.log.statemachine.data.sync.timeout = 10s (default)
2019-10-14 14:37:41,989 [pool-459-thread-1] INFO  server.RaftServerConfigKeys (ConfUtils.java:logGet(43)) - raft.server.log.statemachine.data.sync.timeout.retry = -1 (default)
2019-10-14 14:37:41,989 [pool-439-thread-1] INFO  server.RaftServerConfigKeys (ConfUtils.java:logGet(43)) - raft.server.log.statemachine.data.sync.timeout.retry = -1 (default)
2019-10-14 14:37:41,989 [pool-449-thread-1] INFO  impl.RaftServerImpl (RaftServerImpl.java:start(181)) - 9fb3a90b-6363-46e5-8016-cecbb128012f@group-D73941D5C942: start as a follower, conf=-1: [9fb3a90b-6363-46e5-8016-cecbb128012f:192.168.157.234:40696, 2a3837c4-e4ae-4808-9c0c-c0b157469c32:192.168.157.234:45056, 1d50c7e2-07ef-46f5-8799-c9884e2b0ea2:192.168.157.234:44061], old=null
2019-10-14 14:37:41,990 [pool-439-thread-1] INFO  server.RaftServerConfigKeys (ConfUtils.java:logGet(43)) - raft.server.log.statemachine.data.caching.enabled = true (custom)
2019-10-14 14:37:41,989 [pool-459-thread-1] INFO  server.RaftServerConfigKeys (ConfUtils.java:logGet(43)) - raft.server.log.statemachine.data.caching.enabled = true (custom)
2019-10-14 14:37:41,990 [pool-439-thread-1] INFO  segmented.SegmentedRaftLogWorker (SegmentedRaftLogWorker.java:lambda$new$0(128)) - 1d50c7e2-07ef-46f5-8799-c9884e2b0ea2@group-D73941D5C942-SegmentedRaftLogWorker: flushIndex: setUnconditionally 0 -> -1
2019-10-14 14:37:41,990 [pool-449-thread-1] INFO  impl.RaftServerImpl (RaftServerImpl.java:setRole(170)) - 9fb3a90b-6363-46e5-8016-cecbb128012f@group-D73941D5C942: changes role from      null to FOLLOWER at term 0 for startAsFollower
2019-10-14 14:37:41,990 [pool-459-thread-1] INFO  segmented.SegmentedRaftLogWorker (SegmentedRaftLogWorker.java:lambda$new$0(128)) - 2a3837c4-e4ae-4808-9c0c-c0b157469c32@group-D73941D5C942-SegmentedRaftLogWorker: flushIndex: setUnconditionally 0 -> -1
2019-10-14 14:37:41,990 [pool-439-thread-1] INFO  server.RaftServerConfigKeys (ConfUtils.java:logGet(43)) - raft.server.snapshot.auto.trigger.enabled = true (custom)
2019-10-14 14:37:41,990 [pool-449-thread-1] INFO  impl.RoleInfo (RoleInfo.java:updateAndGet(143)) - 9fb3a90b-6363-46e5-8016-cecbb128012f: start FollowerState
2019-10-14 14:37:41,991 [pool-459-thread-1] INFO  server.RaftServerConfigKeys (ConfUtils.java:logGet(43)) - raft.server.snapshot.auto.trigger.enabled = true (custom)
2019-10-14 14:37:41,991 [pool-439-thread-1] INFO  server.RaftServerConfigKeys (ConfUtils.java:logGet(43)) - raft.server.snapshot.auto.trigger.threshold = 10000 (custom)
2019-10-14 14:37:41,991 [pool-449-thread-1] INFO  util.JmxRegister (JmxRegister.java:tryRegister(44)) - Successfully registered JMX Bean with object name Ratis:service=RaftServer,group=group-D73941D5C942,id=9fb3a90b-6363-46e5-8016-cecbb128012f
2019-10-14 14:37:41,991 [pool-459-thread-1] INFO  server.RaftServerConfigKeys (ConfUtils.java:logGet(43)) - raft.server.snapshot.auto.trigger.threshold = 10000 (custom)
2019-10-14 14:37:41,991 [pool-439-thread-1] INFO  server.RaftServerConfigKeys (ConfUtils.java:logGet(43)) - raft.server.snapshot.retention.file.num = 5 (custom)
2019-10-14 14:37:41,991 [pool-459-thread-1] INFO  server.RaftServerConfigKeys (ConfUtils.java:logGet(43)) - raft.server.snapshot.retention.file.num = 5 (custom)
2019-10-14 14:37:41,992 [pool-439-thread-1] INFO  server.RaftServerConfigKeys (ConfUtils.java:logGet(43)) - raft.server.retrycache.expirytime = 600000ms (custom)
2019-10-14 14:37:41,992 [pool-459-thread-1] INFO  server.RaftServerConfigKeys (ConfUtils.java:logGet(43)) - raft.server.retrycache.expirytime = 600000ms (custom)
2019-10-14 14:37:41,995 [pool-439-thread-1] INFO  impl.RaftServerImpl (RaftServerImpl.java:start(181)) - 1d50c7e2-07ef-46f5-8799-c9884e2b0ea2@group-D73941D5C942: start as a follower, conf=-1: [9fb3a90b-6363-46e5-8016-cecbb128012f:192.168.157.234:40696, 2a3837c4-e4ae-4808-9c0c-c0b157469c32:192.168.157.234:45056, 1d50c7e2-07ef-46f5-8799-c9884e2b0ea2:192.168.157.234:44061], old=null
2019-10-14 14:37:41,995 [pool-459-thread-1] INFO  impl.RaftServerImpl (RaftServerImpl.java:start(181)) - 2a3837c4-e4ae-4808-9c0c-c0b157469c32@group-D73941D5C942: start as a follower, conf=-1: [9fb3a90b-6363-46e5-8016-cecbb128012f:192.168.157.234:40696, 2a3837c4-e4ae-4808-9c0c-c0b157469c32:192.168.157.234:45056, 1d50c7e2-07ef-46f5-8799-c9884e2b0ea2:192.168.157.234:44061], old=null
2019-10-14 14:37:41,996 [pool-439-thread-1] INFO  impl.RaftServerImpl (RaftServerImpl.java:setRole(170)) - 1d50c7e2-07ef-46f5-8799-c9884e2b0ea2@group-D73941D5C942: changes role from      null to FOLLOWER at term 0 for startAsFollower
2019-10-14 14:37:41,996 [pool-459-thread-1] INFO  impl.RaftServerImpl (RaftServerImpl.java:setRole(170)) - 2a3837c4-e4ae-4808-9c0c-c0b157469c32@group-D73941D5C942: changes role from      null to FOLLOWER at term 0 for startAsFollower
2019-10-14 14:37:41,996 [pool-439-thread-1] INFO  impl.RoleInfo (RoleInfo.java:updateAndGet(143)) - 1d50c7e2-07ef-46f5-8799-c9884e2b0ea2: start FollowerState
2019-10-14 14:37:41,996 [pool-459-thread-1] INFO  impl.RoleInfo (RoleInfo.java:updateAndGet(143)) - 2a3837c4-e4ae-4808-9c0c-c0b157469c32: start FollowerState
2019-10-14 14:37:41,996 [pool-439-thread-1] INFO  util.JmxRegister (JmxRegister.java:tryRegister(44)) - Successfully registered JMX Bean with object name Ratis:service=RaftServer,group=group-D73941D5C942,id=1d50c7e2-07ef-46f5-8799-c9884e2b0ea2
2019-10-14 14:37:41,996 [pool-459-thread-1] INFO  util.JmxRegister (JmxRegister.java:tryRegister(44)) - Successfully registered JMX Bean with object name Ratis:service=RaftServer,group=group-D73941D5C942,id=2a3837c4-e4ae-4808-9c0c-c0b157469c32
2019-10-14 14:37:42,002 [RatisPipelineUtilsThread] INFO  pipeline.PipelineStateManager (PipelineStateManager.java:addPipeline(56)) - Created pipeline Pipeline[ Id: a570a0d1-8d7d-4dfb-83a5-d73941d5c942, Nodes: 1d50c7e2-07ef-46f5-8799-c9884e2b0ea2{ip: 192.168.157.234, host: pr-hdds-2302-x69hs-1458597746, networkLocation: /default-rack, certSerialId: null}2a3837c4-e4ae-4808-9c0c-c0b157469c32{ip: 192.168.157.234, host: pr-hdds-2302-x69hs-1458597746, networkLocation: /default-rack, certSerialId: null}9fb3a90b-6363-46e5-8016-cecbb128012f{ip: 192.168.157.234, host: pr-hdds-2302-x69hs-1458597746, networkLocation: /default-rack, certSerialId: null}, Type:RATIS, Factor:THREE, State:OPEN]
2019-10-14 14:37:44,382 [Thread-3113] INFO  container.ReplicationManager (ReplicationManager.java:start(162)) - Starting Replication Monitor Thread.
2019-10-14 14:37:44,387 [ReplicationMonitor] INFO  container.ReplicationManager (ReplicationManager.java:run(225)) - Replication Monitor Thread took 0 milliseconds for processing 1 containers.
2019-10-14 14:37:46,453 [Thread-3115] INFO  impl.FollowerState (FollowerState.java:run(108)) - 888dcfc4-2dcf-4813-9860-ae74be64d77f@group-7715962C79E0-FollowerState: change to CANDIDATE, lastRpcTime:5022ms, electionTimeout:5022ms
2019-10-14 14:37:46,453 [Thread-3115] INFO  impl.RoleInfo (RoleInfo.java:shutdownFollowerState(121)) - 888dcfc4-2dcf-4813-9860-ae74be64d77f: shutdown FollowerState
2019-10-14 14:37:46,453 [Thread-3115] INFO  impl.RaftServerImpl (RaftServerImpl.java:setRole(170)) - 888dcfc4-2dcf-4813-9860-ae74be64d77f@group-7715962C79E0: changes role from  FOLLOWER to CANDIDATE at term 0 for changeToCandidate
2019-10-14 14:37:46,454 [Thread-3115] INFO  impl.RoleInfo (RoleInfo.java:updateAndGet(143)) - 888dcfc4-2dcf-4813-9860-ae74be64d77f: start LeaderElection
2019-10-14 14:37:46,474 [888dcfc4-2dcf-4813-9860-ae74be64d77f@group-7715962C79E0-LeaderElection79] INFO  impl.LeaderElection (LeaderElection.java:askForVotes(178)) - 888dcfc4-2dcf-4813-9860-ae74be64d77f@group-7715962C79E0-LeaderElection79: begin an election at term 1 for -1: [888dcfc4-2dcf-4813-9860-ae74be64d77f:192.168.157.234:39187], old=null
2019-10-14 14:37:46,474 [888dcfc4-2dcf-4813-9860-ae74be64d77f@group-7715962C79E0-LeaderElection79] INFO  impl.RoleInfo (RoleInfo.java:shutdownLeaderElection(134)) - 888dcfc4-2dcf-4813-9860-ae74be64d77f: shutdown LeaderElection
2019-10-14 14:37:46,474 [888dcfc4-2dcf-4813-9860-ae74be64d77f@group-7715962C79E0-LeaderElection79] INFO  impl.RaftServerImpl (RaftServerImpl.java:setRole(170)) - 888dcfc4-2dcf-4813-9860-ae74be64d77f@group-7715962C79E0: changes role from CANDIDATE to LEADER at term 1 for changeToLeader
2019-10-14 14:37:46,475 [888dcfc4-2dcf-4813-9860-ae74be64d77f@group-7715962C79E0-LeaderElection79] INFO  impl.RaftServerImpl (ServerState.java:setLeader(255)) - 888dcfc4-2dcf-4813-9860-ae74be64d77f@group-7715962C79E0: change Leader from null to 888dcfc4-2dcf-4813-9860-ae74be64d77f at term 1 for becomeLeader, leader elected after 5052ms
2019-10-14 14:37:46,475 [888dcfc4-2dcf-4813-9860-ae74be64d77f@group-7715962C79E0-LeaderElection79] INFO  server.RaftServerConfigKeys (ConfUtils.java:logGet(43)) - raft.server.staging.catchup.gap = 1000 (default)
2019-10-14 14:37:46,475 [888dcfc4-2dcf-4813-9860-ae74be64d77f@group-7715962C79E0-LeaderElection79] INFO  server.RaftServerConfigKeys (ConfUtils.java:logGet(43)) - raft.server.rpc.sleep.time = 25ms (default)
2019-10-14 14:37:46,475 [888dcfc4-2dcf-4813-9860-ae74be64d77f@group-7715962C79E0-LeaderElection79] INFO  server.RaftServerConfigKeys (ConfUtils.java:logGet(43)) - raft.server.write.element-limit = 4096 (default)
2019-10-14 14:37:46,476 [888dcfc4-2dcf-4813-9860-ae74be64d77f@group-7715962C79E0-LeaderElection79] INFO  server.RaftServerConfigKeys (ConfUtils.java:logGet(43)) - raft.server.watch.timeout = 10s (default)
2019-10-14 14:37:46,476 [888dcfc4-2dcf-4813-9860-ae74be64d77f@group-7715962C79E0-LeaderElection79] INFO  server.RaftServerConfigKeys (ConfUtils.java:logGet(43)) - raft.server.watch.timeout.denomination = 1s (default)
2019-10-14 14:37:46,476 [888dcfc4-2dcf-4813-9860-ae74be64d77f@group-7715962C79E0-LeaderElection79] INFO  server.RaftServerConfigKeys (ConfUtils.java:logGet(43)) - raft.server.watch.element-limit = 65536 (default)
2019-10-14 14:37:46,478 [888dcfc4-2dcf-4813-9860-ae74be64d77f@group-7715962C79E0-LeaderElection79] INFO  impl.RoleInfo (RoleInfo.java:updateAndGet(143)) - 888dcfc4-2dcf-4813-9860-ae74be64d77f: start LeaderState
2019-10-14 14:37:46,478 [888dcfc4-2dcf-4813-9860-ae74be64d77f@group-7715962C79E0-LeaderElection79] INFO  segmented.SegmentedRaftLogWorker (SegmentedRaftLogWorker.java:startLogSegment(385)) - 888dcfc4-2dcf-4813-9860-ae74be64d77f@group-7715962C79E0-SegmentedRaftLogWorker: Starting segment from index:0
2019-10-14 14:37:46,479 [888dcfc4-2dcf-4813-9860-ae74be64d77f@group-7715962C79E0-LeaderElection79] INFO  impl.RaftServerImpl (ServerState.java:setRaftConf(356)) - 888dcfc4-2dcf-4813-9860-ae74be64d77f@group-7715962C79E0: set configuration 0: [888dcfc4-2dcf-4813-9860-ae74be64d77f:192.168.157.234:39187], old=null at 0
2019-10-14 14:37:46,515 [888dcfc4-2dcf-4813-9860-ae74be64d77f@group-7715962C79E0-SegmentedRaftLogWorker] INFO  segmented.SegmentedRaftLogWorker (SegmentedRaftLogWorker.java:execute(574)) - 888dcfc4-2dcf-4813-9860-ae74be64d77f@group-7715962C79E0-SegmentedRaftLogWorker: created new log segment /workdir/hadoop-ozone/integration-test/target/test-dir/MiniOzoneClusterImpl-14a7b98e-e39a-4234-b5fd-28b5658d784a/datanode-0/data/ratis/49fa552e-14cd-4479-b9f6-7715962c79e0/current/log_inprogress_0
2019-10-14 14:37:46,535 [Thread-3118] INFO  impl.FollowerState (FollowerState.java:run(108)) - 596d0b68-a203-4961-8858-8f0f1271466f@group-70ED4CD9807C-FollowerState: change to CANDIDATE, lastRpcTime:5055ms, electionTimeout:5055ms
2019-10-14 14:37:46,535 [Thread-3118] INFO  impl.RoleInfo (RoleInfo.java:shutdownFollowerState(121)) - 596d0b68-a203-4961-8858-8f0f1271466f: shutdown FollowerState
2019-10-14 14:37:46,535 [Thread-3118] INFO  impl.RaftServerImpl (RaftServerImpl.java:setRole(170)) - 596d0b68-a203-4961-8858-8f0f1271466f@group-70ED4CD9807C: changes role from  FOLLOWER to CANDIDATE at term 0 for changeToCandidate
2019-10-14 14:37:46,535 [Thread-3118] INFO  impl.RoleInfo (RoleInfo.java:updateAndGet(143)) - 596d0b68-a203-4961-8858-8f0f1271466f: start LeaderElection
2019-10-14 14:37:46,542 [596d0b68-a203-4961-8858-8f0f1271466f@group-70ED4CD9807C-LeaderElection80] INFO  impl.LeaderElection (LeaderElection.java:askForVotes(178)) - 596d0b68-a203-4961-8858-8f0f1271466f@group-70ED4CD9807C-LeaderElection80: begin an election at term 1 for -1: [596d0b68-a203-4961-8858-8f0f1271466f:192.168.157.234:43087], old=null
2019-10-14 14:37:46,542 [596d0b68-a203-4961-8858-8f0f1271466f@group-70ED4CD9807C-LeaderElection80] INFO  impl.RoleInfo (RoleInfo.java:shutdownLeaderElection(134)) - 596d0b68-a203-4961-8858-8f0f1271466f: shutdown LeaderElection
2019-10-14 14:37:46,542 [596d0b68-a203-4961-8858-8f0f1271466f@group-70ED4CD9807C-LeaderElection80] INFO  impl.RaftServerImpl (RaftServerImpl.java:setRole(170)) - 596d0b68-a203-4961-8858-8f0f1271466f@group-70ED4CD9807C: changes role from CANDIDATE to LEADER at term 1 for changeToLeader
2019-10-14 14:37:46,542 [596d0b68-a203-4961-8858-8f0f1271466f@group-70ED4CD9807C-LeaderElection80] INFO  impl.RaftServerImpl (ServerState.java:setLeader(255)) - 596d0b68-a203-4961-8858-8f0f1271466f@group-70ED4CD9807C: change Leader from null to 596d0b68-a203-4961-8858-8f0f1271466f at term 1 for becomeLeader, leader elected after 5069ms
2019-10-14 14:37:46,543 [596d0b68-a203-4961-8858-8f0f1271466f@group-70ED4CD9807C-LeaderElection80] INFO  server.RaftServerConfigKeys (ConfUtils.java:logGet(43)) - raft.server.staging.catchup.gap = 1000 (default)
2019-10-14 14:37:46,543 [596d0b68-a203-4961-8858-8f0f1271466f@group-70ED4CD9807C-LeaderElection80] INFO  server.RaftServerConfigKeys (ConfUtils.java:logGet(43)) - raft.server.rpc.sleep.time = 25ms (default)
2019-10-14 14:37:46,543 [596d0b68-a203-4961-8858-8f0f1271466f@group-70ED4CD9807C-LeaderElection80] INFO  server.RaftServerConfigKeys (ConfUtils.java:logGet(43)) - raft.server.write.element-limit = 4096 (default)
2019-10-14 14:37:46,543 [596d0b68-a203-4961-8858-8f0f1271466f@group-70ED4CD9807C-LeaderElection80] INFO  server.RaftServerConfigKeys (ConfUtils.java:logGet(43)) - raft.server.watch.timeout = 10s (default)
2019-10-14 14:37:46,543 [596d0b68-a203-4961-8858-8f0f1271466f@group-70ED4CD9807C-LeaderElection80] INFO  server.RaftServerConfigKeys (ConfUtils.java:logGet(43)) - raft.server.watch.timeout.denomination = 1s (default)
2019-10-14 14:37:46,543 [596d0b68-a203-4961-8858-8f0f1271466f@group-70ED4CD9807C-LeaderElection80] INFO  server.RaftServerConfigKeys (ConfUtils.java:logGet(43)) - raft.server.watch.element-limit = 65536 (default)
2019-10-14 14:37:46,546 [596d0b68-a203-4961-8858-8f0f1271466f@group-70ED4CD9807C-LeaderElection80] INFO  impl.RoleInfo (RoleInfo.java:updateAndGet(143)) - 596d0b68-a203-4961-8858-8f0f1271466f: start LeaderState
2019-10-14 14:37:46,547 [596d0b68-a203-4961-8858-8f0f1271466f@group-70ED4CD9807C-LeaderElection80] INFO  segmented.SegmentedRaftLogWorker (SegmentedRaftLogWorker.java:startLogSegment(385)) - 596d0b68-a203-4961-8858-8f0f1271466f@group-70ED4CD9807C-SegmentedRaftLogWorker: Starting segment from index:0
2019-10-14 14:37:46,547 [596d0b68-a203-4961-8858-8f0f1271466f@group-70ED4CD9807C-LeaderElection80] INFO  impl.RaftServerImpl (ServerState.java:setRaftConf(356)) - 596d0b68-a203-4961-8858-8f0f1271466f@group-70ED4CD9807C: set configuration 0: [596d0b68-a203-4961-8858-8f0f1271466f:192.168.157.234:43087], old=null at 0
2019-10-14 14:37:46,595 [596d0b68-a203-4961-8858-8f0f1271466f@group-70ED4CD9807C-SegmentedRaftLogWorker] INFO  segmented.SegmentedRaftLogWorker (SegmentedRaftLogWorker.java:execute(574)) - 596d0b68-a203-4961-8858-8f0f1271466f@group-70ED4CD9807C-SegmentedRaftLogWorker: created new log segment /workdir/hadoop-ozone/integration-test/target/test-dir/MiniOzoneClusterImpl-14a7b98e-e39a-4234-b5fd-28b5658d784a/datanode-1/data/ratis/74e59e29-9b16-4219-a9f1-70ed4cd9807c/current/log_inprogress_0
2019-10-14 14:37:46,660 [Thread-3127] INFO  impl.FollowerState (FollowerState.java:run(108)) - 596d0b68-a203-4961-8858-8f0f1271466f@group-A9E961950CAF-FollowerState: change to CANDIDATE, lastRpcTime:5063ms, electionTimeout:5051ms
2019-10-14 14:37:46,660 [Thread-3127] INFO  impl.RoleInfo (RoleInfo.java:shutdownFollowerState(121)) - 596d0b68-a203-4961-8858-8f0f1271466f: shutdown FollowerState
2019-10-14 14:37:46,660 [Thread-3127] INFO  impl.RaftServerImpl (RaftServerImpl.java:setRole(170)) - 596d0b68-a203-4961-8858-8f0f1271466f@group-A9E961950CAF: changes role from  FOLLOWER to CANDIDATE at term 0 for changeToCandidate
2019-10-14 14:37:46,660 [Thread-3127] INFO  impl.RoleInfo (RoleInfo.java:updateAndGet(143)) - 596d0b68-a203-4961-8858-8f0f1271466f: start LeaderElection
2019-10-14 14:37:46,680 [596d0b68-a203-4961-8858-8f0f1271466f@group-A9E961950CAF-LeaderElection81] INFO  impl.LeaderElection (LeaderElection.java:askForVotes(178)) - 596d0b68-a203-4961-8858-8f0f1271466f@group-A9E961950CAF-LeaderElection81: begin an election at term 1 for -1: [596d0b68-a203-4961-8858-8f0f1271466f:192.168.157.234:43087, 888dcfc4-2dcf-4813-9860-ae74be64d77f:192.168.157.234:39187, b36740b2-8a0d-4d73-b3c2-1334d0c0d750:192.168.157.234:46321], old=null
2019-10-14 14:37:46,683 [grpc-default-executor-11] INFO  impl.RaftServerImpl (RaftServerImpl.java:setRole(170)) - b36740b2-8a0d-4d73-b3c2-1334d0c0d750@group-A9E961950CAF: changes role from  FOLLOWER to FOLLOWER at term 1 for recognizeCandidate:596d0b68-a203-4961-8858-8f0f1271466f
2019-10-14 14:37:46,683 [grpc-default-executor-6] INFO  impl.RaftServerImpl (RaftServerImpl.java:setRole(170)) - 888dcfc4-2dcf-4813-9860-ae74be64d77f@group-A9E961950CAF: changes role from  FOLLOWER to FOLLOWER at term 1 for recognizeCandidate:596d0b68-a203-4961-8858-8f0f1271466f
2019-10-14 14:37:46,684 [grpc-default-executor-11] INFO  impl.RoleInfo (RoleInfo.java:shutdownFollowerState(121)) - b36740b2-8a0d-4d73-b3c2-1334d0c0d750: shutdown FollowerState
2019-10-14 14:37:46,684 [grpc-default-executor-6] INFO  impl.RoleInfo (RoleInfo.java:shutdownFollowerState(121)) - 888dcfc4-2dcf-4813-9860-ae74be64d77f: shutdown FollowerState
2019-10-14 14:37:46,684 [grpc-default-executor-11] INFO  impl.RoleInfo (RoleInfo.java:updateAndGet(143)) - b36740b2-8a0d-4d73-b3c2-1334d0c0d750: start FollowerState
2019-10-14 14:37:46,684 [Thread-3125] INFO  impl.FollowerState (FollowerState.java:run(117)) - b36740b2-8a0d-4d73-b3c2-1334d0c0d750@group-A9E961950CAF-FollowerState was interrupted: java.lang.InterruptedException: sleep interrupted
2019-10-14 14:37:46,684 [Thread-3128] INFO  impl.FollowerState (FollowerState.java:run(117)) - 888dcfc4-2dcf-4813-9860-ae74be64d77f@group-A9E961950CAF-FollowerState was interrupted: java.lang.InterruptedException: sleep interrupted
2019-10-14 14:37:46,684 [grpc-default-executor-6] INFO  impl.RoleInfo (RoleInfo.java:updateAndGet(143)) - 888dcfc4-2dcf-4813-9860-ae74be64d77f: start FollowerState
2019-10-14 14:37:46,696 [596d0b68-a203-4961-8858-8f0f1271466f@group-A9E961950CAF-LeaderElection81] INFO  impl.LeaderElection (LeaderElection.java:logAndReturn(56)) - 596d0b68-a203-4961-8858-8f0f1271466f@group-A9E961950CAF-LeaderElection81: Election PASSED; received 1 response(s) [596d0b68-a203-4961-8858-8f0f1271466f<-888dcfc4-2dcf-4813-9860-ae74be64d77f#0:OK-t1] and 0 exception(s); 596d0b68-a203-4961-8858-8f0f1271466f@group-A9E961950CAF:t1, leader=null, voted=596d0b68-a203-4961-8858-8f0f1271466f, raftlog=596d0b68-a203-4961-8858-8f0f1271466f@group-A9E961950CAF-SegmentedRaftLog:OPENED:c-1,f-1,i0, conf=-1: [596d0b68-a203-4961-8858-8f0f1271466f:192.168.157.234:43087, 888dcfc4-2dcf-4813-9860-ae74be64d77f:192.168.157.234:39187, b36740b2-8a0d-4d73-b3c2-1334d0c0d750:192.168.157.234:46321], old=null
2019-10-14 14:37:46,696 [596d0b68-a203-4961-8858-8f0f1271466f@group-A9E961950CAF-LeaderElection81] INFO  impl.RoleInfo (RoleInfo.java:shutdownLeaderElection(134)) - 596d0b68-a203-4961-8858-8f0f1271466f: shutdown LeaderElection
2019-10-14 14:37:46,696 [596d0b68-a203-4961-8858-8f0f1271466f@group-A9E961950CAF-LeaderElection81] INFO  impl.RaftServerImpl (RaftServerImpl.java:setRole(170)) - 596d0b68-a203-4961-8858-8f0f1271466f@group-A9E961950CAF: changes role from CANDIDATE to LEADER at term 1 for changeToLeader
2019-10-14 14:37:46,696 [596d0b68-a203-4961-8858-8f0f1271466f@group-A9E961950CAF-LeaderElection81] INFO  impl.RaftServerImpl (ServerState.java:setLeader(255)) - 596d0b68-a203-4961-8858-8f0f1271466f@group-A9E961950CAF: change Leader from null to 596d0b68-a203-4961-8858-8f0f1271466f at term 1 for becomeLeader, leader elected after 5109ms
2019-10-14 14:37:46,697 [596d0b68-a203-4961-8858-8f0f1271466f@group-A9E961950CAF-LeaderElection81] INFO  server.RaftServerConfigKeys (ConfUtils.java:logGet(43)) - raft.server.staging.catchup.gap = 1000 (default)
2019-10-14 14:37:46,697 [596d0b68-a203-4961-8858-8f0f1271466f@group-A9E961950CAF-LeaderElection81] INFO  server.RaftServerConfigKeys (ConfUtils.java:logGet(43)) - raft.server.rpc.sleep.time = 25ms (default)
2019-10-14 14:37:46,697 [596d0b68-a203-4961-8858-8f0f1271466f@group-A9E961950CAF-LeaderElection81] INFO  server.RaftServerConfigKeys (ConfUtils.java:logGet(43)) - raft.server.write.element-limit = 4096 (default)
2019-10-14 14:37:46,697 [596d0b68-a203-4961-8858-8f0f1271466f@group-A9E961950CAF-LeaderElection81] INFO  server.RaftServerConfigKeys (ConfUtils.java:logGet(43)) - raft.server.watch.timeout = 10s (default)
2019-10-14 14:37:46,697 [596d0b68-a203-4961-8858-8f0f1271466f@group-A9E961950CAF-LeaderElection81] INFO  server.RaftServerConfigKeys (ConfUtils.java:logGet(43)) - raft.server.watch.timeout.denomination = 1s (default)
2019-10-14 14:37:46,697 [596d0b68-a203-4961-8858-8f0f1271466f@group-A9E961950CAF-LeaderElection81] INFO  server.RaftServerConfigKeys (ConfUtils.java:logGet(43)) - raft.server.watch.element-limit = 65536 (default)
2019-10-14 14:37:46,699 [596d0b68-a203-4961-8858-8f0f1271466f@group-A9E961950CAF-LeaderElection81] INFO  server.RaftServerConfigKeys (ConfUtils.java:logGet(43)) - raft.server.log.appender.snapshot.chunk.size.max = 16MB (=16777216) (default)
2019-10-14 14:37:46,699 [596d0b68-a203-4961-8858-8f0f1271466f@group-A9E961950CAF-LeaderElection81] INFO  server.RaftServerConfigKeys (ConfUtils.java:logGet(43)) - raft.server.log.appender.buffer.byte-limit = 33554432 (custom)
2019-10-14 14:37:46,700 [596d0b68-a203-4961-8858-8f0f1271466f@group-A9E961950CAF-LeaderElection81] INFO  server.RaftServerConfigKeys (ConfUtils.java:logGet(43)) - raft.server.log.appender.buffer.element-limit = 1 (custom)
2019-10-14 14:37:46,700 [596d0b68-a203-4961-8858-8f0f1271466f@group-A9E961950CAF-LeaderElection81] INFO  grpc.GrpcConfigKeys$Server (ConfUtils.java:logGet(43)) - raft.grpc.server.leader.outstanding.appends.max = 128 (default)
2019-10-14 14:37:46,700 [596d0b68-a203-4961-8858-8f0f1271466f@group-A9E961950CAF-LeaderElection81] INFO  server.RaftServerConfigKeys (ConfUtils.java:logGet(43)) - raft.server.rpc.request.timeout = 3000ms (default)
2019-10-14 14:37:46,700 [596d0b68-a203-4961-8858-8f0f1271466f@group-A9E961950CAF-LeaderElection81] INFO  server.RaftServerConfigKeys (ConfUtils.java:logGet(43)) - raft.server.log.appender.install.snapshot.enabled = false (custom)
2019-10-14 14:37:46,700 [596d0b68-a203-4961-8858-8f0f1271466f@group-A9E961950CAF-LeaderElection81] INFO  server.RaftServerConfigKeys (ConfUtils.java:logGet(43)) - raft.server.log.appender.snapshot.chunk.size.max = 16MB (=16777216) (default)
2019-10-14 14:37:46,701 [596d0b68-a203-4961-8858-8f0f1271466f@group-A9E961950CAF-LeaderElection81] INFO  server.RaftServerConfigKeys (ConfUtils.java:logGet(43)) - raft.server.log.appender.buffer.byte-limit = 33554432 (custom)
2019-10-14 14:37:46,701 [596d0b68-a203-4961-8858-8f0f1271466f@group-A9E961950CAF-LeaderElection81] INFO  server.RaftServerConfigKeys (ConfUtils.java:logGet(43)) - raft.server.log.appender.buffer.element-limit = 1 (custom)
2019-10-14 14:37:46,701 [596d0b68-a203-4961-8858-8f0f1271466f@group-A9E961950CAF-LeaderElection81] INFO  grpc.GrpcConfigKeys$Server (ConfUtils.java:logGet(43)) - raft.grpc.server.leader.outstanding.appends.max = 128 (default)
2019-10-14 14:37:46,701 [596d0b68-a203-4961-8858-8f0f1271466f@group-A9E961950CAF-LeaderElection81] INFO  server.RaftServerConfigKeys (ConfUtils.java:logGet(43)) - raft.server.rpc.request.timeout = 3000ms (default)
2019-10-14 14:37:46,701 [596d0b68-a203-4961-8858-8f0f1271466f@group-A9E961950CAF-LeaderElection81] INFO  server.RaftServerConfigKeys (ConfUtils.java:logGet(43)) - raft.server.log.appender.install.snapshot.enabled = false (custom)
2019-10-14 14:37:46,702 [596d0b68-a203-4961-8858-8f0f1271466f@group-A9E961950CAF-LeaderElection81] INFO  impl.RoleInfo (RoleInfo.java:updateAndGet(143)) - 596d0b68-a203-4961-8858-8f0f1271466f: start LeaderState
2019-10-14 14:37:46,702 [596d0b68-a203-4961-8858-8f0f1271466f@group-A9E961950CAF-LeaderElection81] INFO  segmented.SegmentedRaftLogWorker (SegmentedRaftLogWorker.java:startLogSegment(385)) - 596d0b68-a203-4961-8858-8f0f1271466f@group-A9E961950CAF-SegmentedRaftLogWorker: Starting segment from index:0
2019-10-14 14:37:46,703 [596d0b68-a203-4961-8858-8f0f1271466f@group-A9E961950CAF-LeaderElection81] INFO  impl.RaftServerImpl (ServerState.java:setRaftConf(356)) - 596d0b68-a203-4961-8858-8f0f1271466f@group-A9E961950CAF: set configuration 0: [596d0b68-a203-4961-8858-8f0f1271466f:192.168.157.234:43087, 888dcfc4-2dcf-4813-9860-ae74be64d77f:192.168.157.234:39187, b36740b2-8a0d-4d73-b3c2-1334d0c0d750:192.168.157.234:46321], old=null at 0
2019-10-14 14:37:46,742 [grpc-default-executor-6] INFO  impl.RaftServerImpl (ServerState.java:setLeader(255)) - b36740b2-8a0d-4d73-b3c2-1334d0c0d750@group-A9E961950CAF: change Leader from null to 596d0b68-a203-4961-8858-8f0f1271466f at term 1 for appendEntries, leader elected after 5152ms
2019-10-14 14:37:46,742 [grpc-default-executor-11] INFO  impl.RaftServerImpl (ServerState.java:setLeader(255)) - 888dcfc4-2dcf-4813-9860-ae74be64d77f@group-A9E961950CAF: change Leader from null to 596d0b68-a203-4961-8858-8f0f1271466f at term 1 for appendEntries, leader elected after 5152ms
2019-10-14 14:37:46,744 [Thread-3121] INFO  impl.FollowerState (FollowerState.java:run(108)) - b36740b2-8a0d-4d73-b3c2-1334d0c0d750@group-54CF1CF14AC8-FollowerState: change to CANDIDATE, lastRpcTime:5201ms, electionTimeout:5195ms
2019-10-14 14:37:46,744 [Thread-3121] INFO  impl.RoleInfo (RoleInfo.java:shutdownFollowerState(121)) - b36740b2-8a0d-4d73-b3c2-1334d0c0d750: shutdown FollowerState
2019-10-14 14:37:46,745 [Thread-3121] INFO  impl.RaftServerImpl (RaftServerImpl.java:setRole(170)) - b36740b2-8a0d-4d73-b3c2-1334d0c0d750@group-54CF1CF14AC8: changes role from  FOLLOWER to CANDIDATE at term 0 for changeToCandidate
2019-10-14 14:37:46,745 [Thread-3121] INFO  impl.RoleInfo (RoleInfo.java:updateAndGet(143)) - b36740b2-8a0d-4d73-b3c2-1334d0c0d750: start LeaderElection
2019-10-14 14:37:46,747 [596d0b68-a203-4961-8858-8f0f1271466f@group-A9E961950CAF-SegmentedRaftLogWorker] INFO  segmented.SegmentedRaftLogWorker (SegmentedRaftLogWorker.java:execute(574)) - 596d0b68-a203-4961-8858-8f0f1271466f@group-A9E961950CAF-SegmentedRaftLogWorker: created new log segment /workdir/hadoop-ozone/integration-test/target/test-dir/MiniOzoneClusterImpl-14a7b98e-e39a-4234-b5fd-28b5658d784a/datanode-1/data/ratis/48615daa-b4b1-4a97-9418-a9e961950caf/current/log_inprogress_0
2019-10-14 14:37:46,751 [grpc-default-executor-6] INFO  impl.RaftServerImpl (ServerState.java:setRaftConf(356)) - b36740b2-8a0d-4d73-b3c2-1334d0c0d750@group-A9E961950CAF: set configuration 0: [596d0b68-a203-4961-8858-8f0f1271466f:192.168.157.234:43087, 888dcfc4-2dcf-4813-9860-ae74be64d77f:192.168.157.234:39187, b36740b2-8a0d-4d73-b3c2-1334d0c0d750:192.168.157.234:46321], old=null at 0
2019-10-14 14:37:46,751 [grpc-default-executor-11] INFO  impl.RaftServerImpl (ServerState.java:setRaftConf(356)) - 888dcfc4-2dcf-4813-9860-ae74be64d77f@group-A9E961950CAF: set configuration 0: [596d0b68-a203-4961-8858-8f0f1271466f:192.168.157.234:43087, 888dcfc4-2dcf-4813-9860-ae74be64d77f:192.168.157.234:39187, b36740b2-8a0d-4d73-b3c2-1334d0c0d750:192.168.157.234:46321], old=null at 0
2019-10-14 14:37:46,751 [grpc-default-executor-6] INFO  segmented.SegmentedRaftLogWorker (SegmentedRaftLogWorker.java:startLogSegment(385)) - b36740b2-8a0d-4d73-b3c2-1334d0c0d750@group-A9E961950CAF-SegmentedRaftLogWorker: Starting segment from index:0
2019-10-14 14:37:46,752 [grpc-default-executor-11] INFO  segmented.SegmentedRaftLogWorker (SegmentedRaftLogWorker.java:startLogSegment(385)) - 888dcfc4-2dcf-4813-9860-ae74be64d77f@group-A9E961950CAF-SegmentedRaftLogWorker: Starting segment from index:0
2019-10-14 14:37:46,768 [b36740b2-8a0d-4d73-b3c2-1334d0c0d750@group-54CF1CF14AC8-LeaderElection82] INFO  impl.LeaderElection (LeaderElection.java:askForVotes(178)) - b36740b2-8a0d-4d73-b3c2-1334d0c0d750@group-54CF1CF14AC8-LeaderElection82: begin an election at term 1 for -1: [b36740b2-8a0d-4d73-b3c2-1334d0c0d750:192.168.157.234:46321], old=null
2019-10-14 14:37:46,768 [b36740b2-8a0d-4d73-b3c2-1334d0c0d750@group-54CF1CF14AC8-LeaderElection82] INFO  impl.RoleInfo (RoleInfo.java:shutdownLeaderElection(134)) - b36740b2-8a0d-4d73-b3c2-1334d0c0d750: shutdown LeaderElection
2019-10-14 14:37:46,768 [b36740b2-8a0d-4d73-b3c2-1334d0c0d750@group-54CF1CF14AC8-LeaderElection82] INFO  impl.RaftServerImpl (RaftServerImpl.java:setRole(170)) - b36740b2-8a0d-4d73-b3c2-1334d0c0d750@group-54CF1CF14AC8: changes role from CANDIDATE to LEADER at term 1 for changeToLeader
2019-10-14 14:37:46,768 [b36740b2-8a0d-4d73-b3c2-1334d0c0d750@group-54CF1CF14AC8-LeaderElection82] INFO  impl.RaftServerImpl (ServerState.java:setLeader(255)) - b36740b2-8a0d-4d73-b3c2-1334d0c0d750@group-54CF1CF14AC8: change Leader from null to b36740b2-8a0d-4d73-b3c2-1334d0c0d750 at term 1 for becomeLeader, leader elected after 5232ms
2019-10-14 14:37:46,768 [b36740b2-8a0d-4d73-b3c2-1334d0c0d750@group-54CF1CF14AC8-LeaderElection82] INFO  server.RaftServerConfigKeys (ConfUtils.java:logGet(43)) - raft.server.staging.catchup.gap = 1000 (default)
2019-10-14 14:37:46,768 [b36740b2-8a0d-4d73-b3c2-1334d0c0d750@group-54CF1CF14AC8-LeaderElection82] INFO  server.RaftServerConfigKeys (ConfUtils.java:logGet(43)) - raft.server.rpc.sleep.time = 25ms (default)
2019-10-14 14:37:46,768 [b36740b2-8a0d-4d73-b3c2-1334d0c0d750@group-54CF1CF14AC8-LeaderElection82] INFO  server.RaftServerConfigKeys (ConfUtils.java:logGet(43)) - raft.server.write.element-limit = 4096 (default)
2019-10-14 14:37:46,769 [b36740b2-8a0d-4d73-b3c2-1334d0c0d750@group-54CF1CF14AC8-LeaderElection82] INFO  server.RaftServerConfigKeys (ConfUtils.java:logGet(43)) - raft.server.watch.timeout = 10s (default)
2019-10-14 14:37:46,769 [b36740b2-8a0d-4d73-b3c2-1334d0c0d750@group-54CF1CF14AC8-LeaderElection82] INFO  server.RaftServerConfigKeys (ConfUtils.java:logGet(43)) - raft.server.watch.timeout.denomination = 1s (default)
2019-10-14 14:37:46,769 [b36740b2-8a0d-4d73-b3c2-1334d0c0d750@group-54CF1CF14AC8-LeaderElection82] INFO  server.RaftServerConfigKeys (ConfUtils.java:logGet(43)) - raft.server.watch.element-limit = 65536 (default)
2019-10-14 14:37:46,770 [b36740b2-8a0d-4d73-b3c2-1334d0c0d750@group-54CF1CF14AC8-LeaderElection82] INFO  impl.RoleInfo (RoleInfo.java:updateAndGet(143)) - b36740b2-8a0d-4d73-b3c2-1334d0c0d750: start LeaderState
2019-10-14 14:37:46,770 [b36740b2-8a0d-4d73-b3c2-1334d0c0d750@group-54CF1CF14AC8-LeaderElection82] INFO  segmented.SegmentedRaftLogWorker (SegmentedRaftLogWorker.java:startLogSegment(385)) - b36740b2-8a0d-4d73-b3c2-1334d0c0d750@group-54CF1CF14AC8-SegmentedRaftLogWorker: Starting segment from index:0
2019-10-14 14:37:46,771 [b36740b2-8a0d-4d73-b3c2-1334d0c0d750@group-54CF1CF14AC8-LeaderElection82] INFO  impl.RaftServerImpl (ServerState.java:setRaftConf(356)) - b36740b2-8a0d-4d73-b3c2-1334d0c0d750@group-54CF1CF14AC8: set configuration 0: [b36740b2-8a0d-4d73-b3c2-1334d0c0d750:192.168.157.234:46321], old=null at 0
2019-10-14 14:37:46,818 [b36740b2-8a0d-4d73-b3c2-1334d0c0d750@group-A9E961950CAF-SegmentedRaftLogWorker] INFO  segmented.SegmentedRaftLogWorker (SegmentedRaftLogWorker.java:execute(574)) - b36740b2-8a0d-4d73-b3c2-1334d0c0d750@group-A9E961950CAF-SegmentedRaftLogWorker: created new log segment /workdir/hadoop-ozone/integration-test/target/test-dir/MiniOzoneClusterImpl-14a7b98e-e39a-4234-b5fd-28b5658d784a/datanode-2/data/ratis/48615daa-b4b1-4a97-9418-a9e961950caf/current/log_inprogress_0
2019-10-14 14:37:46,818 [888dcfc4-2dcf-4813-9860-ae74be64d77f@group-A9E961950CAF-SegmentedRaftLogWorker] INFO  segmented.SegmentedRaftLogWorker (SegmentedRaftLogWorker.java:execute(574)) - 888dcfc4-2dcf-4813-9860-ae74be64d77f@group-A9E961950CAF-SegmentedRaftLogWorker: created new log segment /workdir/hadoop-ozone/integration-test/target/test-dir/MiniOzoneClusterImpl-14a7b98e-e39a-4234-b5fd-28b5658d784a/datanode-0/data/ratis/48615daa-b4b1-4a97-9418-a9e961950caf/current/log_inprogress_0
2019-10-14 14:37:46,818 [b36740b2-8a0d-4d73-b3c2-1334d0c0d750@group-54CF1CF14AC8-SegmentedRaftLogWorker] INFO  segmented.SegmentedRaftLogWorker (SegmentedRaftLogWorker.java:execute(574)) - b36740b2-8a0d-4d73-b3c2-1334d0c0d750@group-54CF1CF14AC8-SegmentedRaftLogWorker: created new log segment /workdir/hadoop-ozone/integration-test/target/test-dir/MiniOzoneClusterImpl-14a7b98e-e39a-4234-b5fd-28b5658d784a/datanode-2/data/ratis/e89ee4e7-7701-42f7-9b91-54cf1cf14ac8/current/log_inprogress_0
2019-10-14 14:37:46,869 [Thread-3133] INFO  impl.FollowerState (FollowerState.java:run(108)) - 1d50c7e2-07ef-46f5-8799-c9884e2b0ea2@group-020445A1ED67-FollowerState: change to CANDIDATE, lastRpcTime:5110ms, electionTimeout:5110ms
2019-10-14 14:37:46,869 [Thread-3133] INFO  impl.RoleInfo (RoleInfo.java:shutdownFollowerState(121)) - 1d50c7e2-07ef-46f5-8799-c9884e2b0ea2: shutdown FollowerState
2019-10-14 14:37:46,869 [Thread-3133] INFO  impl.RaftServerImpl (RaftServerImpl.java:setRole(170)) - 1d50c7e2-07ef-46f5-8799-c9884e2b0ea2@group-020445A1ED67: changes role from  FOLLOWER to CANDIDATE at term 0 for changeToCandidate
2019-10-14 14:37:46,869 [Thread-3133] INFO  impl.RoleInfo (RoleInfo.java:updateAndGet(143)) - 1d50c7e2-07ef-46f5-8799-c9884e2b0ea2: start LeaderElection
2019-10-14 14:37:46,902 [1d50c7e2-07ef-46f5-8799-c9884e2b0ea2@group-020445A1ED67-LeaderElection83] INFO  impl.LeaderElection (LeaderElection.java:askForVotes(178)) - 1d50c7e2-07ef-46f5-8799-c9884e2b0ea2@group-020445A1ED67-LeaderElection83: begin an election at term 1 for -1: [1d50c7e2-07ef-46f5-8799-c9884e2b0ea2:192.168.157.234:44061], old=null
2019-10-14 14:37:46,903 [1d50c7e2-07ef-46f5-8799-c9884e2b0ea2@group-020445A1ED67-LeaderElection83] INFO  impl.RoleInfo (RoleInfo.java:shutdownLeaderElection(134)) - 1d50c7e2-07ef-46f5-8799-c9884e2b0ea2: shutdown LeaderElection
2019-10-14 14:37:46,903 [1d50c7e2-07ef-46f5-8799-c9884e2b0ea2@group-020445A1ED67-LeaderElection83] INFO  impl.RaftServerImpl (RaftServerImpl.java:setRole(170)) - 1d50c7e2-07ef-46f5-8799-c9884e2b0ea2@group-020445A1ED67: changes role from CANDIDATE to LEADER at term 1 for changeToLeader
2019-10-14 14:37:46,903 [1d50c7e2-07ef-46f5-8799-c9884e2b0ea2@group-020445A1ED67-LeaderElection83] INFO  impl.RaftServerImpl (ServerState.java:setLeader(255)) - 1d50c7e2-07ef-46f5-8799-c9884e2b0ea2@group-020445A1ED67: change Leader from null to 1d50c7e2-07ef-46f5-8799-c9884e2b0ea2 at term 1 for becomeLeader, leader elected after 5151ms
2019-10-14 14:37:46,903 [1d50c7e2-07ef-46f5-8799-c9884e2b0ea2@group-020445A1ED67-LeaderElection83] INFO  server.RaftServerConfigKeys (ConfUtils.java:logGet(43)) - raft.server.staging.catchup.gap = 1000 (default)
2019-10-14 14:37:46,903 [1d50c7e2-07ef-46f5-8799-c9884e2b0ea2@group-020445A1ED67-LeaderElection83] INFO  server.RaftServerConfigKeys (ConfUtils.java:logGet(43)) - raft.server.rpc.sleep.time = 25ms (default)
2019-10-14 14:37:46,904 [1d50c7e2-07ef-46f5-8799-c9884e2b0ea2@group-020445A1ED67-LeaderElection83] INFO  server.RaftServerConfigKeys (ConfUtils.java:logGet(43)) - raft.server.write.element-limit = 4096 (default)
2019-10-14 14:37:46,904 [1d50c7e2-07ef-46f5-8799-c9884e2b0ea2@group-020445A1ED67-LeaderElection83] INFO  server.RaftServerConfigKeys (ConfUtils.java:logGet(43)) - raft.server.watch.timeout = 10s (default)
2019-10-14 14:37:46,904 [1d50c7e2-07ef-46f5-8799-c9884e2b0ea2@group-020445A1ED67-LeaderElection83] INFO  server.RaftServerConfigKeys (ConfUtils.java:logGet(43)) - raft.server.watch.timeout.denomination = 1s (default)
2019-10-14 14:37:46,904 [1d50c7e2-07ef-46f5-8799-c9884e2b0ea2@group-020445A1ED67-LeaderElection83] INFO  server.RaftServerConfigKeys (ConfUtils.java:logGet(43)) - raft.server.watch.element-limit = 65536 (default)
2019-10-14 14:37:46,905 [Thread-3138] INFO  impl.FollowerState (FollowerState.java:run(108)) - 2a3837c4-e4ae-4808-9c0c-c0b157469c32@group-EC17BB64BF44-FollowerState: change to CANDIDATE, lastRpcTime:5088ms, electionTimeout:5088ms
2019-10-14 14:37:46,905 [Thread-3138] INFO  impl.RoleInfo (RoleInfo.java:shutdownFollowerState(121)) - 2a3837c4-e4ae-4808-9c0c-c0b157469c32: shutdown FollowerState
2019-10-14 14:37:46,905 [Thread-3138] INFO  impl.RaftServerImpl (RaftServerImpl.java:setRole(170)) - 2a3837c4-e4ae-4808-9c0c-c0b157469c32@group-EC17BB64BF44: changes role from  FOLLOWER to CANDIDATE at term 0 for changeToCandidate
2019-10-14 14:37:46,905 [Thread-3138] INFO  impl.RoleInfo (RoleInfo.java:updateAndGet(143)) - 2a3837c4-e4ae-4808-9c0c-c0b157469c32: start LeaderElection
2019-10-14 14:37:46,910 [1d50c7e2-07ef-46f5-8799-c9884e2b0ea2@group-020445A1ED67-LeaderElection83] INFO  impl.RoleInfo (RoleInfo.java:updateAndGet(143)) - 1d50c7e2-07ef-46f5-8799-c9884e2b0ea2: start LeaderState
2019-10-14 14:37:46,910 [1d50c7e2-07ef-46f5-8799-c9884e2b0ea2@group-020445A1ED67-LeaderElection83] INFO  segmented.SegmentedRaftLogWorker (SegmentedRaftLogWorker.java:startLogSegment(385)) - 1d50c7e2-07ef-46f5-8799-c9884e2b0ea2@group-020445A1ED67-SegmentedRaftLogWorker: Starting segment from index:0
2019-10-14 14:37:46,910 [1d50c7e2-07ef-46f5-8799-c9884e2b0ea2@group-020445A1ED67-LeaderElection83] INFO  impl.RaftServerImpl (ServerState.java:setRaftConf(356)) - 1d50c7e2-07ef-46f5-8799-c9884e2b0ea2@group-020445A1ED67: set configuration 0: [1d50c7e2-07ef-46f5-8799-c9884e2b0ea2:192.168.157.234:44061], old=null at 0
2019-10-14 14:37:46,951 [2a3837c4-e4ae-4808-9c0c-c0b157469c32@group-EC17BB64BF44-LeaderElection84] INFO  impl.LeaderElection (LeaderElection.java:askForVotes(178)) - 2a3837c4-e4ae-4808-9c0c-c0b157469c32@group-EC17BB64BF44-LeaderElection84: begin an election at term 1 for -1: [2a3837c4-e4ae-4808-9c0c-c0b157469c32:192.168.157.234:45056], old=null
2019-10-14 14:37:46,951 [2a3837c4-e4ae-4808-9c0c-c0b157469c32@group-EC17BB64BF44-LeaderElection84] INFO  impl.RoleInfo (RoleInfo.java:shutdownLeaderElection(134)) - 2a3837c4-e4ae-4808-9c0c-c0b157469c32: shutdown LeaderElection
2019-10-14 14:37:46,951 [2a3837c4-e4ae-4808-9c0c-c0b157469c32@group-EC17BB64BF44-LeaderElection84] INFO  impl.RaftServerImpl (RaftServerImpl.java:setRole(170)) - 2a3837c4-e4ae-4808-9c0c-c0b157469c32@group-EC17BB64BF44: changes role from CANDIDATE to LEADER at term 1 for changeToLeader
2019-10-14 14:37:46,951 [2a3837c4-e4ae-4808-9c0c-c0b157469c32@group-EC17BB64BF44-LeaderElection84] INFO  impl.RaftServerImpl (ServerState.java:setLeader(255)) - 2a3837c4-e4ae-4808-9c0c-c0b157469c32@group-EC17BB64BF44: change Leader from null to 2a3837c4-e4ae-4808-9c0c-c0b157469c32 at term 1 for becomeLeader, leader elected after 5142ms
2019-10-14 14:37:46,952 [2a3837c4-e4ae-4808-9c0c-c0b157469c32@group-EC17BB64BF44-LeaderElection84] INFO  server.RaftServerConfigKeys (ConfUtils.java:logGet(43)) - raft.server.staging.catchup.gap = 1000 (default)
2019-10-14 14:37:46,952 [2a3837c4-e4ae-4808-9c0c-c0b157469c32@group-EC17BB64BF44-LeaderElection84] INFO  server.RaftServerConfigKeys (ConfUtils.java:logGet(43)) - raft.server.rpc.sleep.time = 25ms (default)
2019-10-14 14:37:46,952 [2a3837c4-e4ae-4808-9c0c-c0b157469c32@group-EC17BB64BF44-LeaderElection84] INFO  server.RaftServerConfigKeys (ConfUtils.java:logGet(43)) - raft.server.write.element-limit = 4096 (default)
2019-10-14 14:37:46,952 [2a3837c4-e4ae-4808-9c0c-c0b157469c32@group-EC17BB64BF44-LeaderElection84] INFO  server.RaftServerConfigKeys (ConfUtils.java:logGet(43)) - raft.server.watch.timeout = 10s (default)
2019-10-14 14:37:46,952 [2a3837c4-e4ae-4808-9c0c-c0b157469c32@group-EC17BB64BF44-LeaderElection84] INFO  server.RaftServerConfigKeys (ConfUtils.java:logGet(43)) - raft.server.watch.timeout.denomination = 1s (default)
2019-10-14 14:37:46,952 [2a3837c4-e4ae-4808-9c0c-c0b157469c32@group-EC17BB64BF44-LeaderElection84] INFO  server.RaftServerConfigKeys (ConfUtils.java:logGet(43)) - raft.server.watch.element-limit = 65536 (default)
2019-10-14 14:37:46,955 [2a3837c4-e4ae-4808-9c0c-c0b157469c32@group-EC17BB64BF44-LeaderElection84] INFO  impl.RoleInfo (RoleInfo.java:updateAndGet(143)) - 2a3837c4-e4ae-4808-9c0c-c0b157469c32: start LeaderState
2019-10-14 14:37:46,955 [2a3837c4-e4ae-4808-9c0c-c0b157469c32@group-EC17BB64BF44-LeaderElection84] INFO  segmented.SegmentedRaftLogWorker (SegmentedRaftLogWorker.java:startLogSegment(385)) - 2a3837c4-e4ae-4808-9c0c-c0b157469c32@group-EC17BB64BF44-SegmentedRaftLogWorker: Starting segment from index:0
2019-10-14 14:37:46,956 [2a3837c4-e4ae-4808-9c0c-c0b157469c32@group-EC17BB64BF44-LeaderElection84] INFO  impl.RaftServerImpl (ServerState.java:setRaftConf(356)) - 2a3837c4-e4ae-4808-9c0c-c0b157469c32@group-EC17BB64BF44: set configuration 0: [2a3837c4-e4ae-4808-9c0c-c0b157469c32:192.168.157.234:45056], old=null at 0
2019-10-14 14:37:46,993 [Thread-3141] INFO  impl.FollowerState (FollowerState.java:run(108)) - 9fb3a90b-6363-46e5-8016-cecbb128012f@group-E71C5A4FA3D2-FollowerState: change to CANDIDATE, lastRpcTime:5116ms, electionTimeout:5108ms
2019-10-14 14:37:46,993 [Thread-3141] INFO  impl.RoleInfo (RoleInfo.java:shutdownFollowerState(121)) - 9fb3a90b-6363-46e5-8016-cecbb128012f: shutdown FollowerState
2019-10-14 14:37:46,993 [1d50c7e2-07ef-46f5-8799-c9884e2b0ea2@group-020445A1ED67-SegmentedRaftLogWorker] INFO  segmented.SegmentedRaftLogWorker (SegmentedRaftLogWorker.java:execute(574)) - 1d50c7e2-07ef-46f5-8799-c9884e2b0ea2@group-020445A1ED67-SegmentedRaftLogWorker: created new log segment /workdir/hadoop-ozone/integration-test/target/test-dir/MiniOzoneClusterImpl-14a7b98e-e39a-4234-b5fd-28b5658d784a/datanode-3/data/ratis/d234c74e-facd-4df7-8b93-020445a1ed67/current/log_inprogress_0
2019-10-14 14:37:46,993 [Thread-3141] INFO  impl.RaftServerImpl (RaftServerImpl.java:setRole(170)) - 9fb3a90b-6363-46e5-8016-cecbb128012f@group-E71C5A4FA3D2: changes role from  FOLLOWER to CANDIDATE at term 0 for changeToCandidate
2019-10-14 14:37:46,994 [Thread-3141] INFO  impl.RoleInfo (RoleInfo.java:updateAndGet(143)) - 9fb3a90b-6363-46e5-8016-cecbb128012f: start LeaderElection
2019-10-14 14:37:47,019 [2a3837c4-e4ae-4808-9c0c-c0b157469c32@group-EC17BB64BF44-SegmentedRaftLogWorker] INFO  segmented.SegmentedRaftLogWorker (SegmentedRaftLogWorker.java:execute(574)) - 2a3837c4-e4ae-4808-9c0c-c0b157469c32@group-EC17BB64BF44-SegmentedRaftLogWorker: created new log segment /workdir/hadoop-ozone/integration-test/target/test-dir/MiniOzoneClusterImpl-14a7b98e-e39a-4234-b5fd-28b5658d784a/datanode-5/data/ratis/5836099b-b6a3-4f36-ae6d-ec17bb64bf44/current/log_inprogress_0
2019-10-14 14:37:47,019 [9fb3a90b-6363-46e5-8016-cecbb128012f@group-E71C5A4FA3D2-LeaderElection85] INFO  impl.LeaderElection (LeaderElection.java:askForVotes(178)) - 9fb3a90b-6363-46e5-8016-cecbb128012f@group-E71C5A4FA3D2-LeaderElection85: begin an election at term 1 for -1: [9fb3a90b-6363-46e5-8016-cecbb128012f:192.168.157.234:40696], old=null
2019-10-14 14:37:47,019 [9fb3a90b-6363-46e5-8016-cecbb128012f@group-E71C5A4FA3D2-LeaderElection85] INFO  impl.RoleInfo (RoleInfo.java:shutdownLeaderElection(134)) - 9fb3a90b-6363-46e5-8016-cecbb128012f: shutdown LeaderElection
2019-10-14 14:37:47,019 [9fb3a90b-6363-46e5-8016-cecbb128012f@group-E71C5A4FA3D2-LeaderElection85] INFO  impl.RaftServerImpl (RaftServerImpl.java:setRole(170)) - 9fb3a90b-6363-46e5-8016-cecbb128012f@group-E71C5A4FA3D2: changes role from CANDIDATE to LEADER at term 1 for changeToLeader
2019-10-14 14:37:47,019 [9fb3a90b-6363-46e5-8016-cecbb128012f@group-E71C5A4FA3D2-LeaderElection85] INFO  impl.RaftServerImpl (ServerState.java:setLeader(255)) - 9fb3a90b-6363-46e5-8016-cecbb128012f@group-E71C5A4FA3D2: change Leader from null to 9fb3a90b-6363-46e5-8016-cecbb128012f at term 1 for becomeLeader, leader elected after 5149ms
2019-10-14 14:37:47,019 [9fb3a90b-6363-46e5-8016-cecbb128012f@group-E71C5A4FA3D2-LeaderElection85] INFO  server.RaftServerConfigKeys (ConfUtils.java:logGet(43)) - raft.server.staging.catchup.gap = 1000 (default)
2019-10-14 14:37:47,020 [9fb3a90b-6363-46e5-8016-cecbb128012f@group-E71C5A4FA3D2-LeaderElection85] INFO  server.RaftServerConfigKeys (ConfUtils.java:logGet(43)) - raft.server.rpc.sleep.time = 25ms (default)
2019-10-14 14:37:47,020 [9fb3a90b-6363-46e5-8016-cecbb128012f@group-E71C5A4FA3D2-LeaderElection85] INFO  server.RaftServerConfigKeys (ConfUtils.java:logGet(43)) - raft.server.write.element-limit = 4096 (default)
2019-10-14 14:37:47,020 [9fb3a90b-6363-46e5-8016-cecbb128012f@group-E71C5A4FA3D2-LeaderElection85] INFO  server.RaftServerConfigKeys (ConfUtils.java:logGet(43)) - raft.server.watch.timeout = 10s (default)
2019-10-14 14:37:47,020 [9fb3a90b-6363-46e5-8016-cecbb128012f@group-E71C5A4FA3D2-LeaderElection85] INFO  server.RaftServerConfigKeys (ConfUtils.java:logGet(43)) - raft.server.watch.timeout.denomination = 1s (default)
2019-10-14 14:37:47,020 [9fb3a90b-6363-46e5-8016-cecbb128012f@group-E71C5A4FA3D2-LeaderElection85] INFO  server.RaftServerConfigKeys (ConfUtils.java:logGet(43)) - raft.server.watch.element-limit = 65536 (default)
2019-10-14 14:37:47,022 [9fb3a90b-6363-46e5-8016-cecbb128012f@group-E71C5A4FA3D2-LeaderElection85] INFO  impl.RoleInfo (RoleInfo.java:updateAndGet(143)) - 9fb3a90b-6363-46e5-8016-cecbb128012f: start LeaderState
2019-10-14 14:37:47,022 [9fb3a90b-6363-46e5-8016-cecbb128012f@group-E71C5A4FA3D2-LeaderElection85] INFO  segmented.SegmentedRaftLogWorker (SegmentedRaftLogWorker.java:startLogSegment(385)) - 9fb3a90b-6363-46e5-8016-cecbb128012f@group-E71C5A4FA3D2-SegmentedRaftLogWorker: Starting segment from index:0
2019-10-14 14:37:47,023 [9fb3a90b-6363-46e5-8016-cecbb128012f@group-E71C5A4FA3D2-LeaderElection85] INFO  impl.RaftServerImpl (ServerState.java:setRaftConf(356)) - 9fb3a90b-6363-46e5-8016-cecbb128012f@group-E71C5A4FA3D2: set configuration 0: [9fb3a90b-6363-46e5-8016-cecbb128012f:192.168.157.234:40696], old=null at 0
2019-10-14 14:37:47,066 [Thread-3152] INFO  impl.FollowerState (FollowerState.java:run(108)) - 2a3837c4-e4ae-4808-9c0c-c0b157469c32@group-D73941D5C942-FollowerState: change to CANDIDATE, lastRpcTime:5070ms, electionTimeout:5068ms
2019-10-14 14:37:47,067 [Thread-3152] INFO  impl.RoleInfo (RoleInfo.java:shutdownFollowerState(121)) - 2a3837c4-e4ae-4808-9c0c-c0b157469c32: shutdown FollowerState
2019-10-14 14:37:47,067 [Thread-3144] INFO  impl.FollowerState (FollowerState.java:run(108)) - 6b47e83d-afb7-49f6-8e11-7b7741dec319@group-C1DED7282892-FollowerState: change to CANDIDATE, lastRpcTime:5147ms, electionTimeout:5118ms
2019-10-14 14:37:47,067 [Thread-3152] INFO  impl.RaftServerImpl (RaftServerImpl.java:setRole(170)) - 2a3837c4-e4ae-4808-9c0c-c0b157469c32@group-D73941D5C942: changes role from  FOLLOWER to CANDIDATE at term 0 for changeToCandidate
2019-10-14 14:37:47,067 [Thread-3151] INFO  impl.FollowerState (FollowerState.java:run(108)) - 1d50c7e2-07ef-46f5-8799-c9884e2b0ea2@group-D73941D5C942-FollowerState: change to CANDIDATE, lastRpcTime:5070ms, electionTimeout:5040ms
2019-10-14 14:37:47,067 [Thread-3152] INFO  impl.RoleInfo (RoleInfo.java:updateAndGet(143)) - 2a3837c4-e4ae-4808-9c0c-c0b157469c32: start LeaderElection
2019-10-14 14:37:47,067 [Thread-3144] INFO  impl.RoleInfo (RoleInfo.java:shutdownFollowerState(121)) - 6b47e83d-afb7-49f6-8e11-7b7741dec319: shutdown FollowerState
2019-10-14 14:37:47,067 [Thread-3151] INFO  impl.RoleInfo (RoleInfo.java:shutdownFollowerState(121)) - 1d50c7e2-07ef-46f5-8799-c9884e2b0ea2: shutdown FollowerState
2019-10-14 14:37:47,067 [Thread-3144] INFO  impl.RaftServerImpl (RaftServerImpl.java:setRole(170)) - 6b47e83d-afb7-49f6-8e11-7b7741dec319@group-C1DED7282892: changes role from  FOLLOWER to CANDIDATE at term 0 for changeToCandidate
2019-10-14 14:37:47,077 [Thread-3144] INFO  impl.RoleInfo (RoleInfo.java:updateAndGet(143)) - 6b47e83d-afb7-49f6-8e11-7b7741dec319: start LeaderElection
2019-10-14 14:37:47,077 [Thread-3151] INFO  impl.RaftServerImpl (RaftServerImpl.java:setRole(170)) - 1d50c7e2-07ef-46f5-8799-c9884e2b0ea2@group-D73941D5C942: changes role from  FOLLOWER to CANDIDATE at term 0 for changeToCandidate
2019-10-14 14:37:47,077 [Thread-3151] INFO  impl.RoleInfo (RoleInfo.java:updateAndGet(143)) - 1d50c7e2-07ef-46f5-8799-c9884e2b0ea2: start LeaderElection
2019-10-14 14:37:47,080 [9fb3a90b-6363-46e5-8016-cecbb128012f@group-E71C5A4FA3D2-SegmentedRaftLogWorker] INFO  segmented.SegmentedRaftLogWorker (SegmentedRaftLogWorker.java:execute(574)) - 9fb3a90b-6363-46e5-8016-cecbb128012f@group-E71C5A4FA3D2-SegmentedRaftLogWorker: created new log segment /workdir/hadoop-ozone/integration-test/target/test-dir/MiniOzoneClusterImpl-14a7b98e-e39a-4234-b5fd-28b5658d784a/datanode-4/data/ratis/05cbb179-f86a-4542-be43-e71c5a4fa3d2/current/log_inprogress_0
2019-10-14 14:37:47,100 [6b47e83d-afb7-49f6-8e11-7b7741dec319@group-C1DED7282892-LeaderElection87] INFO  impl.LeaderElection (LeaderElection.java:askForVotes(178)) - 6b47e83d-afb7-49f6-8e11-7b7741dec319@group-C1DED7282892-LeaderElection87: begin an election at term 1 for -1: [6b47e83d-afb7-49f6-8e11-7b7741dec319:192.168.157.234:41528], old=null
2019-10-14 14:37:47,100 [1d50c7e2-07ef-46f5-8799-c9884e2b0ea2@group-D73941D5C942-LeaderElection88] INFO  impl.LeaderElection (LeaderElection.java:askForVotes(178)) - 1d50c7e2-07ef-46f5-8799-c9884e2b0ea2@group-D73941D5C942-LeaderElection88: begin an election at term 1 for -1: [9fb3a90b-6363-46e5-8016-cecbb128012f:192.168.157.234:40696, 2a3837c4-e4ae-4808-9c0c-c0b157469c32:192.168.157.234:45056, 1d50c7e2-07ef-46f5-8799-c9884e2b0ea2:192.168.157.234:44061], old=null
2019-10-14 14:37:47,100 [2a3837c4-e4ae-4808-9c0c-c0b157469c32@group-D73941D5C942-LeaderElection86] INFO  impl.LeaderElection (LeaderElection.java:askForVotes(178)) - 2a3837c4-e4ae-4808-9c0c-c0b157469c32@group-D73941D5C942-LeaderElection86: begin an election at term 1 for -1: [9fb3a90b-6363-46e5-8016-cecbb128012f:192.168.157.234:40696, 2a3837c4-e4ae-4808-9c0c-c0b157469c32:192.168.157.234:45056, 1d50c7e2-07ef-46f5-8799-c9884e2b0ea2:192.168.157.234:44061], old=null
2019-10-14 14:37:47,100 [6b47e83d-afb7-49f6-8e11-7b7741dec319@group-C1DED7282892-LeaderElection87] INFO  impl.RoleInfo (RoleInfo.java:shutdownLeaderElection(134)) - 6b47e83d-afb7-49f6-8e11-7b7741dec319: shutdown LeaderElection
2019-10-14 14:37:47,100 [6b47e83d-afb7-49f6-8e11-7b7741dec319@group-C1DED7282892-LeaderElection87] INFO  impl.RaftServerImpl (RaftServerImpl.java:setRole(170)) - 6b47e83d-afb7-49f6-8e11-7b7741dec319@group-C1DED7282892: changes role from CANDIDATE to LEADER at term 1 for changeToLeader
2019-10-14 14:37:47,101 [6b47e83d-afb7-49f6-8e11-7b7741dec319@group-C1DED7282892-LeaderElection87] INFO  impl.RaftServerImpl (ServerState.java:setLeader(255)) - 6b47e83d-afb7-49f6-8e11-7b7741dec319@group-C1DED7282892: change Leader from null to 6b47e83d-afb7-49f6-8e11-7b7741dec319 at term 1 for becomeLeader, leader elected after 5186ms
2019-10-14 14:37:47,101 [6b47e83d-afb7-49f6-8e11-7b7741dec319@group-C1DED7282892-LeaderElection87] INFO  server.RaftServerConfigKeys (ConfUtils.java:logGet(43)) - raft.server.staging.catchup.gap = 1000 (default)
2019-10-14 14:37:47,101 [6b47e83d-afb7-49f6-8e11-7b7741dec319@group-C1DED7282892-LeaderElection87] INFO  server.RaftServerConfigKeys (ConfUtils.java:logGet(43)) - raft.server.rpc.sleep.time = 25ms (default)
2019-10-14 14:37:47,101 [6b47e83d-afb7-49f6-8e11-7b7741dec319@group-C1DED7282892-LeaderElection87] INFO  server.RaftServerConfigKeys (ConfUtils.java:logGet(43)) - raft.server.write.element-limit = 4096 (default)
2019-10-14 14:37:47,101 [6b47e83d-afb7-49f6-8e11-7b7741dec319@group-C1DED7282892-LeaderElection87] INFO  server.RaftServerConfigKeys (ConfUtils.java:logGet(43)) - raft.server.watch.timeout = 10s (default)
2019-10-14 14:37:47,102 [6b47e83d-afb7-49f6-8e11-7b7741dec319@group-C1DED7282892-LeaderElection87] INFO  server.RaftServerConfigKeys (ConfUtils.java:logGet(43)) - raft.server.watch.timeout.denomination = 1s (default)
2019-10-14 14:37:47,102 [6b47e83d-afb7-49f6-8e11-7b7741dec319@group-C1DED7282892-LeaderElection87] INFO  server.RaftServerConfigKeys (ConfUtils.java:logGet(43)) - raft.server.watch.element-limit = 65536 (default)
2019-10-14 14:37:47,103 [6b47e83d-afb7-49f6-8e11-7b7741dec319@group-C1DED7282892-LeaderElection87] INFO  impl.RoleInfo (RoleInfo.java:updateAndGet(143)) - 6b47e83d-afb7-49f6-8e11-7b7741dec319: start LeaderState
2019-10-14 14:37:47,104 [6b47e83d-afb7-49f6-8e11-7b7741dec319@group-C1DED7282892-LeaderElection87] INFO  segmented.SegmentedRaftLogWorker (SegmentedRaftLogWorker.java:startLogSegment(385)) - 6b47e83d-afb7-49f6-8e11-7b7741dec319@group-C1DED7282892-SegmentedRaftLogWorker: Starting segment from index:0
2019-10-14 14:37:47,104 [6b47e83d-afb7-49f6-8e11-7b7741dec319@group-C1DED7282892-LeaderElection87] INFO  impl.RaftServerImpl (ServerState.java:setRaftConf(356)) - 6b47e83d-afb7-49f6-8e11-7b7741dec319@group-C1DED7282892: set configuration 0: [6b47e83d-afb7-49f6-8e11-7b7741dec319:192.168.157.234:41528], old=null at 0
2019-10-14 14:37:47,137 [Thread-3147] INFO  impl.FollowerState (FollowerState.java:run(108)) - 9fb3a90b-6363-46e5-8016-cecbb128012f@group-D73941D5C942-FollowerState: change to CANDIDATE, lastRpcTime:5146ms, electionTimeout:5131ms
2019-10-14 14:37:47,137 [Thread-3147] INFO  impl.RoleInfo (RoleInfo.java:shutdownFollowerState(121)) - 9fb3a90b-6363-46e5-8016-cecbb128012f: shutdown FollowerState
2019-10-14 14:37:47,137 [Thread-3147] INFO  impl.RaftServerImpl (RaftServerImpl.java:setRole(170)) - 9fb3a90b-6363-46e5-8016-cecbb128012f@group-D73941D5C942: changes role from  FOLLOWER to CANDIDATE at term 0 for changeToCandidate
2019-10-14 14:37:47,137 [Thread-3147] INFO  impl.RoleInfo (RoleInfo.java:updateAndGet(143)) - 9fb3a90b-6363-46e5-8016-cecbb128012f: start LeaderElection
2019-10-14 14:37:47,149 [6b47e83d-afb7-49f6-8e11-7b7741dec319@group-C1DED7282892-SegmentedRaftLogWorker] INFO  segmented.SegmentedRaftLogWorker (SegmentedRaftLogWorker.java:execute(574)) - 6b47e83d-afb7-49f6-8e11-7b7741dec319@group-C1DED7282892-SegmentedRaftLogWorker: created new log segment /workdir/hadoop-ozone/integration-test/target/test-dir/MiniOzoneClusterImpl-14a7b98e-e39a-4234-b5fd-28b5658d784a/datanode-6/data/ratis/53ba2664-ca4b-479a-949d-c1ded7282892/current/log_inprogress_0
2019-10-14 14:37:47,155 [9fb3a90b-6363-46e5-8016-cecbb128012f@group-D73941D5C942-LeaderElection89] INFO  impl.LeaderElection (LeaderElection.java:askForVotes(178)) - 9fb3a90b-6363-46e5-8016-cecbb128012f@group-D73941D5C942-LeaderElection89: begin an election at term 1 for -1: [9fb3a90b-6363-46e5-8016-cecbb128012f:192.168.157.234:40696, 2a3837c4-e4ae-4808-9c0c-c0b157469c32:192.168.157.234:45056, 1d50c7e2-07ef-46f5-8799-c9884e2b0ea2:192.168.157.234:44061], old=null
2019-10-14 14:37:47,156 [2a3837c4-e4ae-4808-9c0c-c0b157469c32@group-D73941D5C942-LeaderElection86] INFO  impl.LeaderElection (LeaderElection.java:logAndReturn(56)) - 2a3837c4-e4ae-4808-9c0c-c0b157469c32@group-D73941D5C942-LeaderElection86: Election REJECTED; received 2 response(s) [2a3837c4-e4ae-4808-9c0c-c0b157469c32<-9fb3a90b-6363-46e5-8016-cecbb128012f#0:FAIL-t1, 2a3837c4-e4ae-4808-9c0c-c0b157469c32<-1d50c7e2-07ef-46f5-8799-c9884e2b0ea2#0:FAIL-t1] and 0 exception(s); 2a3837c4-e4ae-4808-9c0c-c0b157469c32@group-D73941D5C942:t1, leader=null, voted=2a3837c4-e4ae-4808-9c0c-c0b157469c32, raftlog=2a3837c4-e4ae-4808-9c0c-c0b157469c32@group-D73941D5C942-SegmentedRaftLog:OPENED:c-1,f-1,i0, conf=-1: [9fb3a90b-6363-46e5-8016-cecbb128012f:192.168.157.234:40696, 2a3837c4-e4ae-4808-9c0c-c0b157469c32:192.168.157.234:45056, 1d50c7e2-07ef-46f5-8799-c9884e2b0ea2:192.168.157.234:44061], old=null
2019-10-14 14:37:47,156 [1d50c7e2-07ef-46f5-8799-c9884e2b0ea2@group-D73941D5C942-LeaderElection88] INFO  impl.LeaderElection (LeaderElection.java:logAndReturn(56)) - 1d50c7e2-07ef-46f5-8799-c9884e2b0ea2@group-D73941D5C942-LeaderElection88: Election REJECTED; received 2 response(s) [1d50c7e2-07ef-46f5-8799-c9884e2b0ea2<-9fb3a90b-6363-46e5-8016-cecbb128012f#0:FAIL-t1, 1d50c7e2-07ef-46f5-8799-c9884e2b0ea2<-2a3837c4-e4ae-4808-9c0c-c0b157469c32#0:FAIL-t1] and 0 exception(s); 1d50c7e2-07ef-46f5-8799-c9884e2b0ea2@group-D73941D5C942:t1, leader=null, voted=1d50c7e2-07ef-46f5-8799-c9884e2b0ea2, raftlog=1d50c7e2-07ef-46f5-8799-c9884e2b0ea2@group-D73941D5C942-SegmentedRaftLog:OPENED:c-1,f-1,i0, conf=-1: [9fb3a90b-6363-46e5-8016-cecbb128012f:192.168.157.234:40696, 2a3837c4-e4ae-4808-9c0c-c0b157469c32:192.168.157.234:45056, 1d50c7e2-07ef-46f5-8799-c9884e2b0ea2:192.168.157.234:44061], old=null
2019-10-14 14:37:47,156 [2a3837c4-e4ae-4808-9c0c-c0b157469c32@group-D73941D5C942-LeaderElection86] INFO  impl.RaftServerImpl (RaftServerImpl.java:setRole(170)) - 2a3837c4-e4ae-4808-9c0c-c0b157469c32@group-D73941D5C942: changes role from CANDIDATE to FOLLOWER at term 1 for DISCOVERED_A_NEW_TERM
2019-10-14 14:37:47,160 [1d50c7e2-07ef-46f5-8799-c9884e2b0ea2@group-D73941D5C942-LeaderElection88] INFO  impl.RaftServerImpl (RaftServerImpl.java:setRole(170)) - 1d50c7e2-07ef-46f5-8799-c9884e2b0ea2@group-D73941D5C942: changes role from CANDIDATE to FOLLOWER at term 1 for DISCOVERED_A_NEW_TERM
2019-10-14 14:37:47,166 [1d50c7e2-07ef-46f5-8799-c9884e2b0ea2@group-D73941D5C942-LeaderElection88] INFO  impl.RoleInfo (RoleInfo.java:shutdownLeaderElection(134)) - 1d50c7e2-07ef-46f5-8799-c9884e2b0ea2: shutdown LeaderElection
2019-10-14 14:37:47,163 [2a3837c4-e4ae-4808-9c0c-c0b157469c32@group-D73941D5C942-LeaderElection86] INFO  impl.RoleInfo (RoleInfo.java:shutdownLeaderElection(134)) - 2a3837c4-e4ae-4808-9c0c-c0b157469c32: shutdown LeaderElection
2019-10-14 14:37:47,167 [1d50c7e2-07ef-46f5-8799-c9884e2b0ea2@group-D73941D5C942-LeaderElection88] INFO  impl.RoleInfo (RoleInfo.java:updateAndGet(143)) - 1d50c7e2-07ef-46f5-8799-c9884e2b0ea2: start FollowerState
2019-10-14 14:37:47,167 [2a3837c4-e4ae-4808-9c0c-c0b157469c32@group-D73941D5C942-LeaderElection86] INFO  impl.RoleInfo (RoleInfo.java:updateAndGet(143)) - 2a3837c4-e4ae-4808-9c0c-c0b157469c32: start FollowerState
2019-10-14 14:37:47,170 [9fb3a90b-6363-46e5-8016-cecbb128012f@group-D73941D5C942-LeaderElection89] INFO  impl.LeaderElection (LeaderElection.java:logAndReturn(56)) - 9fb3a90b-6363-46e5-8016-cecbb128012f@group-D73941D5C942-LeaderElection89: Election REJECTED; received 2 response(s) [9fb3a90b-6363-46e5-8016-cecbb128012f<-2a3837c4-e4ae-4808-9c0c-c0b157469c32#0:FAIL-t1, 9fb3a90b-6363-46e5-8016-cecbb128012f<-1d50c7e2-07ef-46f5-8799-c9884e2b0ea2#0:FAIL-t1] and 0 exception(s); 9fb3a90b-6363-46e5-8016-cecbb128012f@group-D73941D5C942:t1, leader=null, voted=9fb3a90b-6363-46e5-8016-cecbb128012f, raftlog=9fb3a90b-6363-46e5-8016-cecbb128012f@group-D73941D5C942-SegmentedRaftLog:OPENED:c-1,f-1,i0, conf=-1: [9fb3a90b-6363-46e5-8016-cecbb128012f:192.168.157.234:40696, 2a3837c4-e4ae-4808-9c0c-c0b157469c32:192.168.157.234:45056, 1d50c7e2-07ef-46f5-8799-c9884e2b0ea2:192.168.157.234:44061], old=null
2019-10-14 14:37:47,170 [9fb3a90b-6363-46e5-8016-cecbb128012f@group-D73941D5C942-LeaderElection89] INFO  impl.RaftServerImpl (RaftServerImpl.java:setRole(170)) - 9fb3a90b-6363-46e5-8016-cecbb128012f@group-D73941D5C942: changes role from CANDIDATE to FOLLOWER at term 1 for DISCOVERED_A_NEW_TERM
2019-10-14 14:37:47,170 [9fb3a90b-6363-46e5-8016-cecbb128012f@group-D73941D5C942-LeaderElection89] INFO  impl.RoleInfo (RoleInfo.java:shutdownLeaderElection(134)) - 9fb3a90b-6363-46e5-8016-cecbb128012f: shutdown LeaderElection
2019-10-14 14:37:47,170 [9fb3a90b-6363-46e5-8016-cecbb128012f@group-D73941D5C942-LeaderElection89] INFO  impl.RoleInfo (RoleInfo.java:updateAndGet(143)) - 9fb3a90b-6363-46e5-8016-cecbb128012f: start FollowerState
2019-10-14 14:37:52,209 [Thread-3206] INFO  impl.FollowerState (FollowerState.java:run(108)) - 1d50c7e2-07ef-46f5-8799-c9884e2b0ea2@group-D73941D5C942-FollowerState: change to CANDIDATE, lastRpcTime:5042ms, electionTimeout:5042ms
2019-10-14 14:37:52,213 [Thread-3206] INFO  impl.RoleInfo (RoleInfo.java:shutdownFollowerState(121)) - 1d50c7e2-07ef-46f5-8799-c9884e2b0ea2: shutdown FollowerState
2019-10-14 14:37:52,213 [Thread-3206] INFO  impl.RaftServerImpl (RaftServerImpl.java:setRole(170)) - 1d50c7e2-07ef-46f5-8799-c9884e2b0ea2@group-D73941D5C942: changes role from  FOLLOWER to CANDIDATE at term 1 for changeToCandidate
2019-10-14 14:37:52,214 [Thread-3206] INFO  impl.RoleInfo (RoleInfo.java:updateAndGet(143)) - 1d50c7e2-07ef-46f5-8799-c9884e2b0ea2: start LeaderElection
2019-10-14 14:37:52,231 [1d50c7e2-07ef-46f5-8799-c9884e2b0ea2@group-D73941D5C942-LeaderElection90] INFO  impl.LeaderElection (LeaderElection.java:askForVotes(178)) - 1d50c7e2-07ef-46f5-8799-c9884e2b0ea2@group-D73941D5C942-LeaderElection90: begin an election at term 2 for -1: [9fb3a90b-6363-46e5-8016-cecbb128012f:192.168.157.234:40696, 2a3837c4-e4ae-4808-9c0c-c0b157469c32:192.168.157.234:45056, 1d50c7e2-07ef-46f5-8799-c9884e2b0ea2:192.168.157.234:44061], old=null
2019-10-14 14:37:52,234 [grpc-default-executor-2] INFO  impl.RaftServerImpl (RaftServerImpl.java:setRole(170)) - 2a3837c4-e4ae-4808-9c0c-c0b157469c32@group-D73941D5C942: changes role from  FOLLOWER to FOLLOWER at term 2 for recognizeCandidate:1d50c7e2-07ef-46f5-8799-c9884e2b0ea2
2019-10-14 14:37:52,234 [grpc-default-executor-2] INFO  impl.RoleInfo (RoleInfo.java:shutdownFollowerState(121)) - 2a3837c4-e4ae-4808-9c0c-c0b157469c32: shutdown FollowerState
2019-10-14 14:37:52,234 [grpc-default-executor-6] INFO  impl.RaftServerImpl (RaftServerImpl.java:setRole(170)) - 9fb3a90b-6363-46e5-8016-cecbb128012f@group-D73941D5C942: changes role from  FOLLOWER to FOLLOWER at term 2 for recognizeCandidate:1d50c7e2-07ef-46f5-8799-c9884e2b0ea2
2019-10-14 14:37:52,235 [Thread-3207] INFO  impl.FollowerState (FollowerState.java:run(117)) - 2a3837c4-e4ae-4808-9c0c-c0b157469c32@group-D73941D5C942-FollowerState was interrupted: java.lang.InterruptedException: sleep interrupted
2019-10-14 14:37:52,234 [grpc-default-executor-2] INFO  impl.RoleInfo (RoleInfo.java:updateAndGet(143)) - 2a3837c4-e4ae-4808-9c0c-c0b157469c32: start FollowerState
2019-10-14 14:37:52,235 [grpc-default-executor-6] INFO  impl.RoleInfo (RoleInfo.java:shutdownFollowerState(121)) - 9fb3a90b-6363-46e5-8016-cecbb128012f: shutdown FollowerState
2019-10-14 14:37:52,240 [grpc-default-executor-6] INFO  impl.RoleInfo (RoleInfo.java:updateAndGet(143)) - 9fb3a90b-6363-46e5-8016-cecbb128012f: start FollowerState
2019-10-14 14:37:52,240 [Thread-3208] INFO  impl.FollowerState (FollowerState.java:run(117)) - 9fb3a90b-6363-46e5-8016-cecbb128012f@group-D73941D5C942-FollowerState was interrupted: java.lang.InterruptedException: sleep interrupted
2019-10-14 14:37:52,254 [1d50c7e2-07ef-46f5-8799-c9884e2b0ea2@group-D73941D5C942-LeaderElection90] INFO  impl.LeaderElection (LeaderElection.java:logAndReturn(56)) - 1d50c7e2-07ef-46f5-8799-c9884e2b0ea2@group-D73941D5C942-LeaderElection90: Election PASSED; received 1 response(s) [1d50c7e2-07ef-46f5-8799-c9884e2b0ea2<-2a3837c4-e4ae-4808-9c0c-c0b157469c32#0:OK-t2] and 0 exception(s); 1d50c7e2-07ef-46f5-8799-c9884e2b0ea2@group-D73941D5C942:t2, leader=null, voted=1d50c7e2-07ef-46f5-8799-c9884e2b0ea2, raftlog=1d50c7e2-07ef-46f5-8799-c9884e2b0ea2@group-D73941D5C942-SegmentedRaftLog:OPENED:c-1,f-1,i0, conf=-1: [9fb3a90b-6363-46e5-8016-cecbb128012f:192.168.157.234:40696, 2a3837c4-e4ae-4808-9c0c-c0b157469c32:192.168.157.234:45056, 1d50c7e2-07ef-46f5-8799-c9884e2b0ea2:192.168.157.234:44061], old=null
2019-10-14 14:37:52,255 [1d50c7e2-07ef-46f5-8799-c9884e2b0ea2@group-D73941D5C942-LeaderElection90] INFO  impl.RoleInfo (RoleInfo.java:shutdownLeaderElection(134)) - 1d50c7e2-07ef-46f5-8799-c9884e2b0ea2: shutdown LeaderElection
2019-10-14 14:37:52,255 [1d50c7e2-07ef-46f5-8799-c9884e2b0ea2@group-D73941D5C942-LeaderElection90] INFO  impl.RaftServerImpl (RaftServerImpl.java:setRole(170)) - 1d50c7e2-07ef-46f5-8799-c9884e2b0ea2@group-D73941D5C942: changes role from CANDIDATE to LEADER at term 2 for changeToLeader
2019-10-14 14:37:52,255 [1d50c7e2-07ef-46f5-8799-c9884e2b0ea2@group-D73941D5C942-LeaderElection90] INFO  impl.RaftServerImpl (ServerState.java:setLeader(255)) - 1d50c7e2-07ef-46f5-8799-c9884e2b0ea2@group-D73941D5C942: change Leader from null to 1d50c7e2-07ef-46f5-8799-c9884e2b0ea2 at term 2 for becomeLeader, leader elected after 10273ms
2019-10-14 14:37:52,255 [1d50c7e2-07ef-46f5-8799-c9884e2b0ea2@group-D73941D5C942-LeaderElection90] INFO  server.RaftServerConfigKeys (ConfUtils.java:logGet(43)) - raft.server.staging.catchup.gap = 1000 (default)
2019-10-14 14:37:52,255 [1d50c7e2-07ef-46f5-8799-c9884e2b0ea2@group-D73941D5C942-LeaderElection90] INFO  server.RaftServerConfigKeys (ConfUtils.java:logGet(43)) - raft.server.rpc.sleep.time = 25ms (default)
2019-10-14 14:37:52,256 [1d50c7e2-07ef-46f5-8799-c9884e2b0ea2@group-D73941D5C942-LeaderElection90] INFO  server.RaftServerConfigKeys (ConfUtils.java:logGet(43)) - raft.server.write.element-limit = 4096 (default)
2019-10-14 14:37:52,256 [1d50c7e2-07ef-46f5-8799-c9884e2b0ea2@group-D73941D5C942-LeaderElection90] INFO  server.RaftServerConfigKeys (ConfUtils.java:logGet(43)) - raft.server.watch.timeout = 10s (default)
2019-10-14 14:37:52,256 [1d50c7e2-07ef-46f5-8799-c9884e2b0ea2@group-D73941D5C942-LeaderElection90] INFO  server.RaftServerConfigKeys (ConfUtils.java:logGet(43)) - raft.server.watch.timeout.denomination = 1s (default)
2019-10-14 14:37:52,256 [1d50c7e2-07ef-46f5-8799-c9884e2b0ea2@group-D73941D5C942-LeaderElection90] INFO  server.RaftServerConfigKeys (ConfUtils.java:logGet(43)) - raft.server.watch.element-limit = 65536 (default)
2019-10-14 14:37:52,259 [1d50c7e2-07ef-46f5-8799-c9884e2b0ea2@group-D73941D5C942-LeaderElection90] INFO  server.RaftServerConfigKeys (ConfUtils.java:logGet(43)) - raft.server.log.appender.snapshot.chunk.size.max = 16MB (=16777216) (default)
2019-10-14 14:37:52,259 [1d50c7e2-07ef-46f5-8799-c9884e2b0ea2@group-D73941D5C942-LeaderElection90] INFO  server.RaftServerConfigKeys (ConfUtils.java:logGet(43)) - raft.server.log.appender.buffer.byte-limit = 33554432 (custom)
2019-10-14 14:37:52,259 [1d50c7e2-07ef-46f5-8799-c9884e2b0ea2@group-D73941D5C942-LeaderElection90] INFO  server.RaftServerConfigKeys (ConfUtils.java:logGet(43)) - raft.server.log.appender.buffer.element-limit = 1 (custom)
2019-10-14 14:37:52,260 [1d50c7e2-07ef-46f5-8799-c9884e2b0ea2@group-D73941D5C942-LeaderElection90] INFO  grpc.GrpcConfigKeys$Server (ConfUtils.java:logGet(43)) - raft.grpc.server.leader.outstanding.appends.max = 128 (default)
2019-10-14 14:37:52,260 [1d50c7e2-07ef-46f5-8799-c9884e2b0ea2@group-D73941D5C942-LeaderElection90] INFO  server.RaftServerConfigKeys (ConfUtils.java:logGet(43)) - raft.server.rpc.request.timeout = 3000ms (default)
2019-10-14 14:37:52,260 [1d50c7e2-07ef-46f5-8799-c9884e2b0ea2@group-D73941D5C942-LeaderElection90] INFO  server.RaftServerConfigKeys (ConfUtils.java:logGet(43)) - raft.server.log.appender.install.snapshot.enabled = false (custom)
2019-10-14 14:37:52,260 [1d50c7e2-07ef-46f5-8799-c9884e2b0ea2@group-D73941D5C942-LeaderElection90] INFO  server.RaftServerConfigKeys (ConfUtils.java:logGet(43)) - raft.server.log.appender.snapshot.chunk.size.max = 16MB (=16777216) (default)
2019-10-14 14:37:52,261 [1d50c7e2-07ef-46f5-8799-c9884e2b0ea2@group-D73941D5C942-LeaderElection90] INFO  server.RaftServerConfigKeys (ConfUtils.java:logGet(43)) - raft.server.log.appender.buffer.byte-limit = 33554432 (custom)
2019-10-14 14:37:52,261 [1d50c7e2-07ef-46f5-8799-c9884e2b0ea2@group-D73941D5C942-LeaderElection90] INFO  server.RaftServerConfigKeys (ConfUtils.java:logGet(43)) - raft.server.log.appender.buffer.element-limit = 1 (custom)
2019-10-14 14:37:52,261 [1d50c7e2-07ef-46f5-8799-c9884e2b0ea2@group-D73941D5C942-LeaderElection90] INFO  grpc.GrpcConfigKeys$Server (ConfUtils.java:logGet(43)) - raft.grpc.server.leader.outstanding.appends.max = 128 (default)
2019-10-14 14:37:52,261 [1d50c7e2-07ef-46f5-8799-c9884e2b0ea2@group-D73941D5C942-LeaderElection90] INFO  server.RaftServerConfigKeys (ConfUtils.java:logGet(43)) - raft.server.rpc.request.timeout = 3000ms (default)
2019-10-14 14:37:52,261 [1d50c7e2-07ef-46f5-8799-c9884e2b0ea2@group-D73941D5C942-LeaderElection90] INFO  server.RaftServerConfigKeys (ConfUtils.java:logGet(43)) - raft.server.log.appender.install.snapshot.enabled = false (custom)
2019-10-14 14:37:52,262 [1d50c7e2-07ef-46f5-8799-c9884e2b0ea2@group-D73941D5C942-LeaderElection90] INFO  impl.RoleInfo (RoleInfo.java:updateAndGet(143)) - 1d50c7e2-07ef-46f5-8799-c9884e2b0ea2: start LeaderState
2019-10-14 14:37:52,262 [1d50c7e2-07ef-46f5-8799-c9884e2b0ea2@group-D73941D5C942-LeaderElection90] INFO  segmented.SegmentedRaftLogWorker (SegmentedRaftLogWorker.java:startLogSegment(385)) - 1d50c7e2-07ef-46f5-8799-c9884e2b0ea2@group-D73941D5C942-SegmentedRaftLogWorker: Starting segment from index:0
2019-10-14 14:37:52,263 [1d50c7e2-07ef-46f5-8799-c9884e2b0ea2@group-D73941D5C942-LeaderElection90] INFO  impl.RaftServerImpl (ServerState.java:setRaftConf(356)) - 1d50c7e2-07ef-46f5-8799-c9884e2b0ea2@group-D73941D5C942: set configuration 0: [9fb3a90b-6363-46e5-8016-cecbb128012f:192.168.157.234:40696, 2a3837c4-e4ae-4808-9c0c-c0b157469c32:192.168.157.234:45056, 1d50c7e2-07ef-46f5-8799-c9884e2b0ea2:192.168.157.234:44061], old=null at 0
2019-10-14 14:37:52,264 [grpc-default-executor-2] INFO  impl.RaftServerImpl (ServerState.java:setLeader(255)) - 9fb3a90b-6363-46e5-8016-cecbb128012f@group-D73941D5C942: change Leader from null to 1d50c7e2-07ef-46f5-8799-c9884e2b0ea2 at term 2 for appendEntries, leader elected after 10282ms
2019-10-14 14:37:52,299 [grpc-default-executor-6] INFO  impl.RaftServerImpl (ServerState.java:setLeader(255)) - 2a3837c4-e4ae-4808-9c0c-c0b157469c32@group-D73941D5C942: change Leader from null to 1d50c7e2-07ef-46f5-8799-c9884e2b0ea2 at term 2 for appendEntries, leader elected after 10317ms
2019-10-14 14:37:52,301 [grpc-default-executor-6] INFO  impl.RaftServerImpl (ServerState.java:setRaftConf(356)) - 9fb3a90b-6363-46e5-8016-cecbb128012f@group-D73941D5C942: set configuration 0: [9fb3a90b-6363-46e5-8016-cecbb128012f:192.168.157.234:40696, 2a3837c4-e4ae-4808-9c0c-c0b157469c32:192.168.157.234:45056, 1d50c7e2-07ef-46f5-8799-c9884e2b0ea2:192.168.157.234:44061], old=null at 0
2019-10-14 14:37:52,301 [grpc-default-executor-2] INFO  impl.RaftServerImpl (ServerState.java:setRaftConf(356)) - 2a3837c4-e4ae-4808-9c0c-c0b157469c32@group-D73941D5C942: set configuration 0: [9fb3a90b-6363-46e5-8016-cecbb128012f:192.168.157.234:40696, 2a3837c4-e4ae-4808-9c0c-c0b157469c32:192.168.157.234:45056, 1d50c7e2-07ef-46f5-8799-c9884e2b0ea2:192.168.157.234:44061], old=null at 0
2019-10-14 14:37:52,301 [grpc-default-executor-6] INFO  segmented.SegmentedRaftLogWorker (SegmentedRaftLogWorker.java:startLogSegment(385)) - 9fb3a90b-6363-46e5-8016-cecbb128012f@group-D73941D5C942-SegmentedRaftLogWorker: Starting segment from index:0
2019-10-14 14:37:52,301 [grpc-default-executor-2] INFO  segmented.SegmentedRaftLogWorker (SegmentedRaftLogWorker.java:startLogSegment(385)) - 2a3837c4-e4ae-4808-9c0c-c0b157469c32@group-D73941D5C942-SegmentedRaftLogWorker: Starting segment from index:0
2019-10-14 14:37:52,311 [1d50c7e2-07ef-46f5-8799-c9884e2b0ea2@group-D73941D5C942-SegmentedRaftLogWorker] INFO  segmented.SegmentedRaftLogWorker (SegmentedRaftLogWorker.java:execute(574)) - 1d50c7e2-07ef-46f5-8799-c9884e2b0ea2@group-D73941D5C942-SegmentedRaftLogWorker: created new log segment /workdir/hadoop-ozone/integration-test/target/test-dir/MiniOzoneClusterImpl-14a7b98e-e39a-4234-b5fd-28b5658d784a/datanode-3/data/ratis/a570a0d1-8d7d-4dfb-83a5-d73941d5c942/current/log_inprogress_0
2019-10-14 14:37:52,342 [2a3837c4-e4ae-4808-9c0c-c0b157469c32@group-D73941D5C942-SegmentedRaftLogWorker] INFO  segmented.SegmentedRaftLogWorker (SegmentedRaftLogWorker.java:execute(574)) - 2a3837c4-e4ae-4808-9c0c-c0b157469c32@group-D73941D5C942-SegmentedRaftLogWorker: created new log segment /workdir/hadoop-ozone/integration-test/target/test-dir/MiniOzoneClusterImpl-14a7b98e-e39a-4234-b5fd-28b5658d784a/datanode-5/data/ratis/a570a0d1-8d7d-4dfb-83a5-d73941d5c942/current/log_inprogress_0
2019-10-14 14:37:52,342 [9fb3a90b-6363-46e5-8016-cecbb128012f@group-D73941D5C942-SegmentedRaftLogWorker] INFO  segmented.SegmentedRaftLogWorker (SegmentedRaftLogWorker.java:execute(574)) - 9fb3a90b-6363-46e5-8016-cecbb128012f@group-D73941D5C942-SegmentedRaftLogWorker: created new log segment /workdir/hadoop-ozone/integration-test/target/test-dir/MiniOzoneClusterImpl-14a7b98e-e39a-4234-b5fd-28b5658d784a/datanode-4/data/ratis/a570a0d1-8d7d-4dfb-83a5-d73941d5c942/current/log_inprogress_0
2019-10-14 14:37:54,377 [Datanode State Machine Thread - 0] INFO  statemachine.DatanodeStateMachine (DatanodeStateMachine.java:lambda$startDaemon$0(350)) - Ozone container server started.
2019-10-14 14:37:58,408 [EventQueue-StaleNodeForStaleNodeHandler] INFO  node.StaleNodeHandler (StaleNodeHandler.java:onMessage(58)) - Datanode 1d50c7e2-07ef-46f5-8799-c9884e2b0ea2{ip: 192.168.157.234, host: pr-hdds-2302-x69hs-1458597746, networkLocation: /default-rack, certSerialId: null} moved to stale state. Finalizing its pipelines [PipelineID=d234c74e-facd-4df7-8b93-020445a1ed67, PipelineID=a570a0d1-8d7d-4dfb-83a5-d73941d5c942]
2019-10-14 14:37:58,409 [EventQueue-StaleNodeForStaleNodeHandler] INFO  pipeline.SCMPipelineManager (SCMPipelineManager.java:finalizeAndDestroyPipeline(315)) - destroying pipeline:Pipeline[ Id: d234c74e-facd-4df7-8b93-020445a1ed67, Nodes: 1d50c7e2-07ef-46f5-8799-c9884e2b0ea2{ip: 192.168.157.234, host: pr-hdds-2302-x69hs-1458597746, networkLocation: /default-rack, certSerialId: null}, Type:RATIS, Factor:ONE, State:OPEN]
2019-10-14 14:37:58,409 [EventQueue-StaleNodeForStaleNodeHandler] INFO  pipeline.PipelineStateManager (PipelineStateManager.java:finalizePipeline(123)) - Pipeline Pipeline[ Id: d234c74e-facd-4df7-8b93-020445a1ed67, Nodes: 1d50c7e2-07ef-46f5-8799-c9884e2b0ea2{ip: 192.168.157.234, host: pr-hdds-2302-x69hs-1458597746, networkLocation: /default-rack, certSerialId: null}, Type:RATIS, Factor:ONE, State:CLOSED] moved to CLOSED state
2019-10-14 14:37:58,410 [EventQueue-StaleNodeForStaleNodeHandler] INFO  pipeline.SCMPipelineManager (SCMPipelineManager.java:finalizeAndDestroyPipeline(315)) - destroying pipeline:Pipeline[ Id: a570a0d1-8d7d-4dfb-83a5-d73941d5c942, Nodes: 1d50c7e2-07ef-46f5-8799-c9884e2b0ea2{ip: 192.168.157.234, host: pr-hdds-2302-x69hs-1458597746, networkLocation: /default-rack, certSerialId: null}2a3837c4-e4ae-4808-9c0c-c0b157469c32{ip: 192.168.157.234, host: pr-hdds-2302-x69hs-1458597746, networkLocation: /default-rack, certSerialId: null}9fb3a90b-6363-46e5-8016-cecbb128012f{ip: 192.168.157.234, host: pr-hdds-2302-x69hs-1458597746, networkLocation: /default-rack, certSerialId: null}, Type:RATIS, Factor:THREE, State:OPEN]
2019-10-14 14:37:58,411 [EventQueue-StaleNodeForStaleNodeHandler] INFO  pipeline.PipelineStateManager (PipelineStateManager.java:finalizePipeline(123)) - Pipeline Pipeline[ Id: a570a0d1-8d7d-4dfb-83a5-d73941d5c942, Nodes: 1d50c7e2-07ef-46f5-8799-c9884e2b0ea2{ip: 192.168.157.234, host: pr-hdds-2302-x69hs-1458597746, networkLocation: /default-rack, certSerialId: null}2a3837c4-e4ae-4808-9c0c-c0b157469c32{ip: 192.168.157.234, host: pr-hdds-2302-x69hs-1458597746, networkLocation: /default-rack, certSerialId: null}9fb3a90b-6363-46e5-8016-cecbb128012f{ip: 192.168.157.234, host: pr-hdds-2302-x69hs-1458597746, networkLocation: /default-rack, certSerialId: null}, Type:RATIS, Factor:THREE, State:CLOSED] moved to CLOSED state
2019-10-14 14:37:58,411 [EventQueue-CloseContainerForCloseContainerEventHandler] INFO  container.CloseContainerEventHandler (CloseContainerEventHandler.java:onMessage(61)) - Close container Event triggered for container : #1
2019-10-14 14:37:58,569 [main] INFO  ozoneimpl.OzoneContainer (OzoneContainer.java:stop(227)) - Attempting to stop container services.
2019-10-14 14:37:58,574 [main] INFO  impl.RaftServerProxy (RaftServerProxy.java:lambda$close$4(314)) - 1d50c7e2-07ef-46f5-8799-c9884e2b0ea2: close
2019-10-14 14:37:58,575 [main] INFO  impl.RaftServerImpl (RaftServerImpl.java:lambda$shutdown$3(247)) - 1d50c7e2-07ef-46f5-8799-c9884e2b0ea2@group-020445A1ED67: shutdown
2019-10-14 14:37:58,575 [ForkJoinPool.commonPool-worker-0] INFO  impl.RaftServerImpl (RaftServerImpl.java:lambda$shutdown$3(247)) - 1d50c7e2-07ef-46f5-8799-c9884e2b0ea2@group-D73941D5C942: shutdown
2019-10-14 14:37:58,575 [main] INFO  util.JmxRegister (JmxRegister.java:unregister(73)) - Successfully un-registered JMX Bean with object name Ratis:service=RaftServer,group=group-020445A1ED67,id=1d50c7e2-07ef-46f5-8799-c9884e2b0ea2
2019-10-14 14:37:58,575 [ForkJoinPool.commonPool-worker-0] INFO  util.JmxRegister (JmxRegister.java:unregister(73)) - Successfully un-registered JMX Bean with object name Ratis:service=RaftServer,group=group-D73941D5C942,id=1d50c7e2-07ef-46f5-8799-c9884e2b0ea2
2019-10-14 14:37:58,576 [main] INFO  impl.RoleInfo (RoleInfo.java:shutdownLeaderState(104)) - 1d50c7e2-07ef-46f5-8799-c9884e2b0ea2: shutdown LeaderState
2019-10-14 14:37:58,576 [ForkJoinPool.commonPool-worker-0] INFO  impl.RoleInfo (RoleInfo.java:shutdownLeaderState(104)) - 1d50c7e2-07ef-46f5-8799-c9884e2b0ea2: shutdown LeaderState
2019-10-14 14:37:58,576 [main] INFO  impl.PendingRequests (PendingRequests.java:sendNotLeaderResponses(202)) - 1d50c7e2-07ef-46f5-8799-c9884e2b0ea2@group-020445A1ED67-PendingRequests: sendNotLeaderResponses
2019-10-14 14:37:58,583 [org.apache.ratis.server.impl.LogAppender$AppenderDaemon$$Lambda$544/488524568@217b173f] WARN  server.GrpcLogAppender (GrpcLogAppender.java:mayWait(143)) - 1d50c7e2-07ef-46f5-8799-c9884e2b0ea2@group-D73941D5C942->2a3837c4-e4ae-4808-9c0c-c0b157469c32-GrpcLogAppender: Wait interrupted by java.lang.InterruptedException
2019-10-14 14:37:58,583 [org.apache.ratis.server.impl.LogAppender$AppenderDaemon$$Lambda$544/488524568@3f5729b7] WARN  server.GrpcLogAppender (GrpcLogAppender.java:mayWait(143)) - 1d50c7e2-07ef-46f5-8799-c9884e2b0ea2@group-D73941D5C942->9fb3a90b-6363-46e5-8016-cecbb128012f-GrpcLogAppender: Wait interrupted by java.lang.InterruptedException
2019-10-14 14:37:58,582 [ForkJoinPool.commonPool-worker-0] INFO  impl.PendingRequests (PendingRequests.java:sendNotLeaderResponses(202)) - 1d50c7e2-07ef-46f5-8799-c9884e2b0ea2@group-D73941D5C942-PendingRequests: sendNotLeaderResponses
2019-10-14 14:37:58,583 [main] INFO  impl.StateMachineUpdater (StateMachineUpdater.java:stopAndJoin(136)) - 1d50c7e2-07ef-46f5-8799-c9884e2b0ea2@group-020445A1ED67-StateMachineUpdater: set stopIndex = 0
2019-10-14 14:37:58,584 [main] INFO  impl.RaftServerImpl (ServerState.java:close(387)) - 1d50c7e2-07ef-46f5-8799-c9884e2b0ea2@group-020445A1ED67: closes. applyIndex: 0
2019-10-14 14:37:58,589 [grpc-default-executor-6] INFO  server.GrpcServerProtocolService (GrpcServerProtocolService.java:onCompleted(113)) - 2a3837c4-e4ae-4808-9c0c-c0b157469c32: Completed APPEND_ENTRIES, lastRequest: 1d50c7e2-07ef-46f5-8799-c9884e2b0ea2->2a3837c4-e4ae-4808-9c0c-c0b157469c32#19-t2, previous=(t:2, i:16), leaderCommit=16, initializing? false, entries: <empty>
2019-10-14 14:37:58,589 [grpc-default-executor-11] INFO  server.GrpcServerProtocolService (GrpcServerProtocolService.java:onCompleted(113)) - 9fb3a90b-6363-46e5-8016-cecbb128012f: Completed APPEND_ENTRIES, lastRequest: 1d50c7e2-07ef-46f5-8799-c9884e2b0ea2->9fb3a90b-6363-46e5-8016-cecbb128012f#19-t2, previous=(t:2, i:16), leaderCommit=16, initializing? false, entries: <empty>
2019-10-14 14:37:58,590 [1d50c7e2-07ef-46f5-8799-c9884e2b0ea2@group-020445A1ED67-SegmentedRaftLogWorker] INFO  segmented.SegmentedRaftLogWorker (SegmentedRaftLogWorker.java:run(316)) - 1d50c7e2-07ef-46f5-8799-c9884e2b0ea2@group-020445A1ED67-SegmentedRaftLogWorker was interrupted, exiting. There are 0 tasks remaining in the queue.
2019-10-14 14:37:58,593 [ForkJoinPool.commonPool-worker-0] INFO  impl.StateMachineUpdater (StateMachineUpdater.java:stopAndJoin(136)) - 1d50c7e2-07ef-46f5-8799-c9884e2b0ea2@group-D73941D5C942-StateMachineUpdater: set stopIndex = 16
2019-10-14 14:37:58,593 [1d50c7e2-07ef-46f5-8799-c9884e2b0ea2@group-D73941D5C942-StateMachineUpdater] INFO  ratis.ContainerStateMachine (ContainerStateMachine.java:takeSnapshot(294)) - group-D73941D5C942: Taking a snapshot at:(t:2, i:14) file /workdir/hadoop-ozone/integration-test/target/test-dir/MiniOzoneClusterImpl-14a7b98e-e39a-4234-b5fd-28b5658d784a/datanode-3/data/ratis/a570a0d1-8d7d-4dfb-83a5-d73941d5c942/sm/snapshot.2_14
2019-10-14 14:37:58,593 [grpc-default-executor-11] INFO  server.GrpcLogAppender (GrpcLogAppender.java:onCompleted(293)) - 1d50c7e2-07ef-46f5-8799-c9884e2b0ea2@group-D73941D5C942->2a3837c4-e4ae-4808-9c0c-c0b157469c32-AppendLogResponseHandler: follower responses appendEntries COMPLETED
2019-10-14 14:37:58,593 [grpc-default-executor-6] INFO  server.GrpcLogAppender (GrpcLogAppender.java:onCompleted(293)) - 1d50c7e2-07ef-46f5-8799-c9884e2b0ea2@group-D73941D5C942->9fb3a90b-6363-46e5-8016-cecbb128012f-AppendLogResponseHandler: follower responses appendEntries COMPLETED
2019-10-14 14:37:58,595 [grpc-default-executor-11] INFO  impl.FollowerInfo (FollowerInfo.java:lambda$new$0(51)) - 1d50c7e2-07ef-46f5-8799-c9884e2b0ea2@group-D73941D5C942->2a3837c4-e4ae-4808-9c0c-c0b157469c32: nextIndex: updateUnconditionally 17 -> 16
2019-10-14 14:37:58,595 [grpc-default-executor-6] INFO  impl.FollowerInfo (FollowerInfo.java:lambda$new$0(51)) - 1d50c7e2-07ef-46f5-8799-c9884e2b0ea2@group-D73941D5C942->9fb3a90b-6363-46e5-8016-cecbb128012f: nextIndex: updateUnconditionally 17 -> 16
2019-10-14 14:37:58,604 [main] INFO  segmented.SegmentedRaftLogWorker (SegmentedRaftLogWorker.java:close(224)) - 1d50c7e2-07ef-46f5-8799-c9884e2b0ea2@group-020445A1ED67-SegmentedRaftLogWorker close()
2019-10-14 14:37:58,608 [1d50c7e2-07ef-46f5-8799-c9884e2b0ea2@group-D73941D5C942-StateMachineUpdater] INFO  ratis.ContainerStateMachine (ContainerStateMachine.java:takeSnapshot(305)) - group-D73941D5C942: Finished taking a snapshot at:(t:2, i:14) file:/workdir/hadoop-ozone/integration-test/target/test-dir/MiniOzoneClusterImpl-14a7b98e-e39a-4234-b5fd-28b5658d784a/datanode-3/data/ratis/a570a0d1-8d7d-4dfb-83a5-d73941d5c942/sm/snapshot.2_14 time:14
2019-10-14 14:37:58,611 [1d50c7e2-07ef-46f5-8799-c9884e2b0ea2@group-D73941D5C942-StateMachineUpdater] INFO  impl.StateMachineUpdater (StateMachineUpdater.java:takeSnapshot(269)) - 1d50c7e2-07ef-46f5-8799-c9884e2b0ea2@group-D73941D5C942-StateMachineUpdater: Took a snapshot at index 14
2019-10-14 14:37:58,611 [1d50c7e2-07ef-46f5-8799-c9884e2b0ea2@group-D73941D5C942-StateMachineUpdater] INFO  impl.StateMachineUpdater (StateMachineUpdater.java:lambda$new$0(84)) - 1d50c7e2-07ef-46f5-8799-c9884e2b0ea2@group-D73941D5C942-StateMachineUpdater: snapshotIndex: updateIncreasingly -1 -> 14
2019-10-14 14:37:58,611 [1d50c7e2-07ef-46f5-8799-c9884e2b0ea2@group-D73941D5C942-StateMachineUpdater] INFO  ratis.ContainerStateMachine (ContainerStateMachine.java:takeSnapshot(294)) - group-D73941D5C942: Taking a snapshot at:(t:2, i:14) file /workdir/hadoop-ozone/integration-test/target/test-dir/MiniOzoneClusterImpl-14a7b98e-e39a-4234-b5fd-28b5658d784a/datanode-3/data/ratis/a570a0d1-8d7d-4dfb-83a5-d73941d5c942/sm/snapshot.2_14
2019-10-14 14:37:58,623 [1d50c7e2-07ef-46f5-8799-c9884e2b0ea2@group-D73941D5C942-StateMachineUpdater] INFO  ratis.ContainerStateMachine (ContainerStateMachine.java:takeSnapshot(305)) - group-D73941D5C942: Finished taking a snapshot at:(t:2, i:14) file:/workdir/hadoop-ozone/integration-test/target/test-dir/MiniOzoneClusterImpl-14a7b98e-e39a-4234-b5fd-28b5658d784a/datanode-3/data/ratis/a570a0d1-8d7d-4dfb-83a5-d73941d5c942/sm/snapshot.2_14 time:12
2019-10-14 14:37:58,623 [1d50c7e2-07ef-46f5-8799-c9884e2b0ea2@group-D73941D5C942-StateMachineUpdater] INFO  impl.StateMachineUpdater (StateMachineUpdater.java:takeSnapshot(269)) - 1d50c7e2-07ef-46f5-8799-c9884e2b0ea2@group-D73941D5C942-StateMachineUpdater: Took a snapshot at index 14
2019-10-14 14:37:58,623 [1d50c7e2-07ef-46f5-8799-c9884e2b0ea2@group-D73941D5C942-StateMachineUpdater] INFO  impl.StateMachineUpdater (StateMachineUpdater.java:lambda$new$0(84)) - 1d50c7e2-07ef-46f5-8799-c9884e2b0ea2@group-D73941D5C942-StateMachineUpdater: snapshotIndex: updateIncreasingly 14 -> 14
2019-10-14 14:37:58,623 [ForkJoinPool.commonPool-worker-0] INFO  impl.RaftServerImpl (ServerState.java:close(387)) - 1d50c7e2-07ef-46f5-8799-c9884e2b0ea2@group-D73941D5C942: closes. applyIndex: 16
2019-10-14 14:37:58,624 [1d50c7e2-07ef-46f5-8799-c9884e2b0ea2@group-D73941D5C942-SegmentedRaftLogWorker] INFO  segmented.SegmentedRaftLogWorker (SegmentedRaftLogWorker.java:run(316)) - 1d50c7e2-07ef-46f5-8799-c9884e2b0ea2@group-D73941D5C942-SegmentedRaftLogWorker was interrupted, exiting. There are 0 tasks remaining in the queue.
2019-10-14 14:37:58,627 [ForkJoinPool.commonPool-worker-0] INFO  segmented.SegmentedRaftLogWorker (SegmentedRaftLogWorker.java:close(224)) - 1d50c7e2-07ef-46f5-8799-c9884e2b0ea2@group-D73941D5C942-SegmentedRaftLogWorker close()
2019-10-14 14:37:58,632 [main] INFO  server.GrpcService (GrpcService.java:closeImpl(164)) - 1d50c7e2-07ef-46f5-8799-c9884e2b0ea2: shutdown server with port 44061 now
2019-10-14 14:37:58,633 [grpc-default-executor-11] WARN  client.GrpcClientProtocolService (LogUtils.java:warn(134)) - 5-UnorderedRequestStreamObserver5: onError: org.apache.ratis.thirdparty.io.grpc.StatusRuntimeException: CANCELLED: cancelled before receiving half close
2019-10-14 14:37:58,633 [main] INFO  server.GrpcService (GrpcService.java:closeImpl(172)) - 1d50c7e2-07ef-46f5-8799-c9884e2b0ea2: shutdown server with port 44061 successfully
2019-10-14 14:37:58,639 [refreshUsed-/workdir/hadoop-ozone/integration-test/target/test-dir/MiniOzoneClusterImpl-14a7b98e-e39a-4234-b5fd-28b5658d784a/datanode-3/data/containers] WARN  fs.CachingGetSpaceUsed (CachingGetSpaceUsed.java:run(183)) - Thread Interrupted waiting to refresh disk information: sleep interrupted
2019-10-14 14:37:58,658 [main] INFO  utils.BackgroundService (BackgroundService.java:shutdown(151)) - Shutting down service BlockDeletingService
2019-10-14 14:37:58,665 [main] INFO  statemachine.DatanodeStateMachine (DatanodeStateMachine.java:stopDaemon(395)) - Ozone container server stopped.
2019-10-14 14:37:58,666 [main] INFO  handler.ContextHandler (ContextHandler.java:doStop(910)) - Stopped o.e.j.w.WebAppContext@16e1219f{/,null,UNAVAILABLE}{/hddsDatanode}
2019-10-14 14:37:58,667 [main] INFO  server.AbstractConnector (AbstractConnector.java:doStop(318)) - Stopped ServerConnector@13f40d71{HTTP/1.1,[http/1.1]}{0.0.0.0:0}
2019-10-14 14:37:58,668 [main] INFO  handler.ContextHandler (ContextHandler.java:doStop(910)) - Stopped o.e.j.s.ServletContextHandler@251a90ce{/static,jar:file:/home/user/.m2/repository/org/apache/hadoop/hadoop-hdds-container-service/0.5.0-SNAPSHOT/hadoop-hdds-container-service-0.5.0-SNAPSHOT.jar!/webapps/static,UNAVAILABLE}
2019-10-14 14:37:58,668 [main] INFO  handler.ContextHandler (ContextHandler.java:doStop(910)) - Stopped o.e.j.s.ServletContextHandler@482f7af0{/logs,file:///workdir/hadoop-ozone/integration-test/target/log,UNAVAILABLE}
2019-10-14 14:38:07,669 [Thread-3225] INFO  impl.FollowerState (FollowerState.java:run(108)) - 2a3837c4-e4ae-4808-9c0c-c0b157469c32@group-D73941D5C942-FollowerState: change to CANDIDATE, lastRpcTime:9100ms, electionTimeout:5195ms
2019-10-14 14:38:07,669 [Thread-3225] INFO  impl.RoleInfo (RoleInfo.java:shutdownFollowerState(121)) - 2a3837c4-e4ae-4808-9c0c-c0b157469c32: shutdown FollowerState
2019-10-14 14:38:07,670 [Thread-3225] INFO  impl.RaftServerImpl (RaftServerImpl.java:setRole(170)) - 2a3837c4-e4ae-4808-9c0c-c0b157469c32@group-D73941D5C942: changes role from  FOLLOWER to CANDIDATE at term 2 for changeToCandidate
2019-10-14 14:38:07,670 [Thread-3225] INFO  impl.RoleInfo (RoleInfo.java:updateAndGet(143)) - 2a3837c4-e4ae-4808-9c0c-c0b157469c32: start LeaderElection
2019-10-14 14:38:07,674 [2a3837c4-e4ae-4808-9c0c-c0b157469c32@group-D73941D5C942-LeaderElection91] INFO  impl.RaftServerImpl (ServerState.java:setLeader(255)) - 2a3837c4-e4ae-4808-9c0c-c0b157469c32@group-D73941D5C942: change Leader from 1d50c7e2-07ef-46f5-8799-c9884e2b0ea2 to null at term 2 for initElection
2019-10-14 14:38:07,689 [2a3837c4-e4ae-4808-9c0c-c0b157469c32@group-D73941D5C942-LeaderElection91] INFO  impl.LeaderElection (LeaderElection.java:askForVotes(178)) - 2a3837c4-e4ae-4808-9c0c-c0b157469c32@group-D73941D5C942-LeaderElection91: begin an election at term 3 for 0: [9fb3a90b-6363-46e5-8016-cecbb128012f:192.168.157.234:40696, 2a3837c4-e4ae-4808-9c0c-c0b157469c32:192.168.157.234:45056, 1d50c7e2-07ef-46f5-8799-c9884e2b0ea2:192.168.157.234:44061], old=null
2019-10-14 14:38:07,691 [2a3837c4-e4ae-4808-9c0c-c0b157469c32@group-D73941D5C942-LeaderElection91] INFO  impl.LeaderElection (LogUtils.java:infoOrTrace(149)) - 2a3837c4-e4ae-4808-9c0c-c0b157469c32@group-D73941D5C942-LeaderElection91 got exception when requesting votes: {}
java.util.concurrent.ExecutionException: org.apache.ratis.thirdparty.io.grpc.StatusRuntimeException: UNAVAILABLE: io exception
	at java.util.concurrent.FutureTask.report(FutureTask.java:122)
	at java.util.concurrent.FutureTask.get(FutureTask.java:192)
	at org.apache.ratis.server.impl.LeaderElection.waitForResults(LeaderElection.java:259)
	at org.apache.ratis.server.impl.LeaderElection.askForVotes(LeaderElection.java:197)
	at org.apache.ratis.server.impl.LeaderElection.run(LeaderElection.java:133)
	at java.lang.Thread.run(Thread.java:748)
Caused by: org.apache.ratis.thirdparty.io.grpc.StatusRuntimeException: UNAVAILABLE: io exception
	at org.apache.ratis.thirdparty.io.grpc.stub.ClientCalls.toStatusRuntimeException(ClientCalls.java:233)
	at org.apache.ratis.thirdparty.io.grpc.stub.ClientCalls.getUnchecked(ClientCalls.java:214)
	at org.apache.ratis.thirdparty.io.grpc.stub.ClientCalls.blockingUnaryCall(ClientCalls.java:139)
	at org.apache.ratis.proto.grpc.RaftServerProtocolServiceGrpc$RaftServerProtocolServiceBlockingStub.requestVote(RaftServerProtocolServiceGrpc.java:265)
	at org.apache.ratis.grpc.server.GrpcServerProtocolClient.requestVote(GrpcServerProtocolClient.java:99)
	at org.apache.ratis.grpc.server.GrpcService.requestVote(GrpcService.java:204)
	at org.apache.ratis.server.impl.LeaderElection.lambda$submitRequests$1(LeaderElection.java:234)
	at java.util.concurrent.FutureTask.run(FutureTask.java:266)
	at java.util.concurrent.Executors$RunnableAdapter.call(Executors.java:511)
	at java.util.concurrent.FutureTask.run(FutureTask.java:266)
	at java.util.concurrent.ThreadPoolExecutor.runWorker(ThreadPoolExecutor.java:1149)
	at java.util.concurrent.ThreadPoolExecutor$Worker.run(ThreadPoolExecutor.java:624)
	... 1 more
Caused by: org.apache.ratis.thirdparty.io.netty.channel.AbstractChannel$AnnotatedConnectException: Connection refused: /192.168.157.234:44061
	at sun.nio.ch.SocketChannelImpl.checkConnect(Native Method)
	at sun.nio.ch.SocketChannelImpl.finishConnect(SocketChannelImpl.java:717)
	at org.apache.ratis.thirdparty.io.netty.channel.socket.nio.NioSocketChannel.doFinishConnect(NioSocketChannel.java:327)
	at org.apache.ratis.thirdparty.io.netty.channel.nio.AbstractNioChannel$AbstractNioUnsafe.finishConnect(AbstractNioChannel.java:340)
	at org.apache.ratis.thirdparty.io.netty.channel.nio.NioEventLoop.processSelectedKey(NioEventLoop.java:632)
	at org.apache.ratis.thirdparty.io.netty.channel.nio.NioEventLoop.processSelectedKeysOptimized(NioEventLoop.java:579)
	at org.apache.ratis.thirdparty.io.netty.channel.nio.NioEventLoop.processSelectedKeys(NioEventLoop.java:496)
	at org.apache.ratis.thirdparty.io.netty.channel.nio.NioEventLoop.run(NioEventLoop.java:458)
	at org.apache.ratis.thirdparty.io.netty.util.concurrent.SingleThreadEventExecutor$5.run(SingleThreadEventExecutor.java:897)
	at org.apache.ratis.thirdparty.io.netty.util.concurrent.FastThreadLocalRunnable.run(FastThreadLocalRunnable.java:30)
	... 1 more
Caused by: java.net.ConnectException: Connection refused
	... 11 more
2019-10-14 14:38:07,692 [grpc-default-executor-6] INFO  impl.RaftServerImpl (ServerState.java:setLeader(255)) - 9fb3a90b-6363-46e5-8016-cecbb128012f@group-D73941D5C942: change Leader from 1d50c7e2-07ef-46f5-8799-c9884e2b0ea2 to null at term 3 for updateCurrentTerm
2019-10-14 14:38:07,696 [grpc-default-executor-6] INFO  impl.RaftServerImpl (RaftServerImpl.java:setRole(170)) - 9fb3a90b-6363-46e5-8016-cecbb128012f@group-D73941D5C942: changes role from  FOLLOWER to FOLLOWER at term 3 for recognizeCandidate:2a3837c4-e4ae-4808-9c0c-c0b157469c32
2019-10-14 14:38:07,696 [grpc-default-executor-6] INFO  impl.RoleInfo (RoleInfo.java:shutdownFollowerState(121)) - 9fb3a90b-6363-46e5-8016-cecbb128012f: shutdown FollowerState
2019-10-14 14:38:07,696 [grpc-default-executor-6] INFO  impl.RoleInfo (RoleInfo.java:updateAndGet(143)) - 9fb3a90b-6363-46e5-8016-cecbb128012f: start FollowerState
2019-10-14 14:38:07,697 [Thread-3227] INFO  impl.FollowerState (FollowerState.java:run(117)) - 9fb3a90b-6363-46e5-8016-cecbb128012f@group-D73941D5C942-FollowerState was interrupted: java.lang.InterruptedException: sleep interrupted
2019-10-14 14:38:07,705 [2a3837c4-e4ae-4808-9c0c-c0b157469c32@group-D73941D5C942-LeaderElection91] INFO  impl.LeaderElection (LeaderElection.java:logAndReturn(56)) - 2a3837c4-e4ae-4808-9c0c-c0b157469c32@group-D73941D5C942-LeaderElection91: Election PASSED; received 1 response(s) [2a3837c4-e4ae-4808-9c0c-c0b157469c32<-9fb3a90b-6363-46e5-8016-cecbb128012f#0:OK-t3] and 1 exception(s); 2a3837c4-e4ae-4808-9c0c-c0b157469c32@group-D73941D5C942:t3, leader=null, voted=2a3837c4-e4ae-4808-9c0c-c0b157469c32, raftlog=2a3837c4-e4ae-4808-9c0c-c0b157469c32@group-D73941D5C942-SegmentedRaftLog:OPENED:c16,f16,i16, conf=0: [9fb3a90b-6363-46e5-8016-cecbb128012f:192.168.157.234:40696, 2a3837c4-e4ae-4808-9c0c-c0b157469c32:192.168.157.234:45056, 1d50c7e2-07ef-46f5-8799-c9884e2b0ea2:192.168.157.234:44061], old=null
2019-10-14 14:38:07,705 [2a3837c4-e4ae-4808-9c0c-c0b157469c32@group-D73941D5C942-LeaderElection91] INFO  impl.LeaderElection (LogUtils.java:infoOrTrace(149)) -   Exception 0: {}
java.util.concurrent.ExecutionException: org.apache.ratis.thirdparty.io.grpc.StatusRuntimeException: UNAVAILABLE: io exception
	at java.util.concurrent.FutureTask.report(FutureTask.java:122)
	at java.util.concurrent.FutureTask.get(FutureTask.java:192)
	at org.apache.ratis.server.impl.LeaderElection.waitForResults(LeaderElection.java:259)
	at org.apache.ratis.server.impl.LeaderElection.askForVotes(LeaderElection.java:197)
	at org.apache.ratis.server.impl.LeaderElection.run(LeaderElection.java:133)
	at java.lang.Thread.run(Thread.java:748)
Caused by: org.apache.ratis.thirdparty.io.grpc.StatusRuntimeException: UNAVAILABLE: io exception
	at org.apache.ratis.thirdparty.io.grpc.stub.ClientCalls.toStatusRuntimeException(ClientCalls.java:233)
	at org.apache.ratis.thirdparty.io.grpc.stub.ClientCalls.getUnchecked(ClientCalls.java:214)
	at org.apache.ratis.thirdparty.io.grpc.stub.ClientCalls.blockingUnaryCall(ClientCalls.java:139)
	at org.apache.ratis.proto.grpc.RaftServerProtocolServiceGrpc$RaftServerProtocolServiceBlockingStub.requestVote(RaftServerProtocolServiceGrpc.java:265)
	at org.apache.ratis.grpc.server.GrpcServerProtocolClient.requestVote(GrpcServerProtocolClient.java:99)
	at org.apache.ratis.grpc.server.GrpcService.requestVote(GrpcService.java:204)
	at org.apache.ratis.server.impl.LeaderElection.lambda$submitRequests$1(LeaderElection.java:234)
	at java.util.concurrent.FutureTask.run(FutureTask.java:266)
	at java.util.concurrent.Executors$RunnableAdapter.call(Executors.java:511)
	at java.util.concurrent.FutureTask.run(FutureTask.java:266)
	at java.util.concurrent.ThreadPoolExecutor.runWorker(ThreadPoolExecutor.java:1149)
	at java.util.concurrent.ThreadPoolExecutor$Worker.run(ThreadPoolExecutor.java:624)
	... 1 more
Caused by: org.apache.ratis.thirdparty.io.netty.channel.AbstractChannel$AnnotatedConnectException: Connection refused: /192.168.157.234:44061
	at sun.nio.ch.SocketChannelImpl.checkConnect(Native Method)
	at sun.nio.ch.SocketChannelImpl.finishConnect(SocketChannelImpl.java:717)
	at org.apache.ratis.thirdparty.io.netty.channel.socket.nio.NioSocketChannel.doFinishConnect(NioSocketChannel.java:327)
	at org.apache.ratis.thirdparty.io.netty.channel.nio.AbstractNioChannel$AbstractNioUnsafe.finishConnect(AbstractNioChannel.java:340)
	at org.apache.ratis.thirdparty.io.netty.channel.nio.NioEventLoop.processSelectedKey(NioEventLoop.java:632)
	at org.apache.ratis.thirdparty.io.netty.channel.nio.NioEventLoop.processSelectedKeysOptimized(NioEventLoop.java:579)
	at org.apache.ratis.thirdparty.io.netty.channel.nio.NioEventLoop.processSelectedKeys(NioEventLoop.java:496)
	at org.apache.ratis.thirdparty.io.netty.channel.nio.NioEventLoop.run(NioEventLoop.java:458)
	at org.apache.ratis.thirdparty.io.netty.util.concurrent.SingleThreadEventExecutor$5.run(SingleThreadEventExecutor.java:897)
	at org.apache.ratis.thirdparty.io.netty.util.concurrent.FastThreadLocalRunnable.run(FastThreadLocalRunnable.java:30)
	... 1 more
Caused by: java.net.ConnectException: Connection refused
	... 11 more
2019-10-14 14:38:07,705 [2a3837c4-e4ae-4808-9c0c-c0b157469c32@group-D73941D5C942-LeaderElection91] INFO  impl.RoleInfo (RoleInfo.java:shutdownLeaderElection(134)) - 2a3837c4-e4ae-4808-9c0c-c0b157469c32: shutdown LeaderElection
2019-10-14 14:38:07,706 [2a3837c4-e4ae-4808-9c0c-c0b157469c32@group-D73941D5C942-LeaderElection91] INFO  impl.RaftServerImpl (RaftServerImpl.java:setRole(170)) - 2a3837c4-e4ae-4808-9c0c-c0b157469c32@group-D73941D5C942: changes role from CANDIDATE to LEADER at term 3 for changeToLeader
2019-10-14 14:38:07,706 [2a3837c4-e4ae-4808-9c0c-c0b157469c32@group-D73941D5C942-LeaderElection91] INFO  impl.RaftServerImpl (ServerState.java:setLeader(255)) - 2a3837c4-e4ae-4808-9c0c-c0b157469c32@group-D73941D5C942: change Leader from null to 2a3837c4-e4ae-4808-9c0c-c0b157469c32 at term 3 for becomeLeader, leader elected after 31ms
2019-10-14 14:38:07,706 [2a3837c4-e4ae-4808-9c0c-c0b157469c32@group-D73941D5C942-LeaderElection91] INFO  server.RaftServerConfigKeys (ConfUtils.java:logGet(43)) - raft.server.staging.catchup.gap = 1000 (default)
2019-10-14 14:38:07,706 [2a3837c4-e4ae-4808-9c0c-c0b157469c32@group-D73941D5C942-LeaderElection91] INFO  server.RaftServerConfigKeys (ConfUtils.java:logGet(43)) - raft.server.rpc.sleep.time = 25ms (default)
2019-10-14 14:38:07,706 [2a3837c4-e4ae-4808-9c0c-c0b157469c32@group-D73941D5C942-LeaderElection91] INFO  server.RaftServerConfigKeys (ConfUtils.java:logGet(43)) - raft.server.write.element-limit = 4096 (default)
2019-10-14 14:38:07,707 [2a3837c4-e4ae-4808-9c0c-c0b157469c32@group-D73941D5C942-LeaderElection91] INFO  server.RaftServerConfigKeys (ConfUtils.java:logGet(43)) - raft.server.watch.timeout = 10s (default)
2019-10-14 14:38:07,707 [2a3837c4-e4ae-4808-9c0c-c0b157469c32@group-D73941D5C942-LeaderElection91] INFO  server.RaftServerConfigKeys (ConfUtils.java:logGet(43)) - raft.server.watch.timeout.denomination = 1s (default)
2019-10-14 14:38:07,707 [2a3837c4-e4ae-4808-9c0c-c0b157469c32@group-D73941D5C942-LeaderElection91] INFO  server.RaftServerConfigKeys (ConfUtils.java:logGet(43)) - raft.server.watch.element-limit = 65536 (default)
2019-10-14 14:38:07,710 [2a3837c4-e4ae-4808-9c0c-c0b157469c32@group-D73941D5C942-LeaderElection91] INFO  server.RaftServerConfigKeys (ConfUtils.java:logGet(43)) - raft.server.log.appender.snapshot.chunk.size.max = 16MB (=16777216) (default)
2019-10-14 14:38:07,711 [2a3837c4-e4ae-4808-9c0c-c0b157469c32@group-D73941D5C942-LeaderElection91] INFO  server.RaftServerConfigKeys (ConfUtils.java:logGet(43)) - raft.server.log.appender.buffer.byte-limit = 33554432 (custom)
2019-10-14 14:38:07,711 [2a3837c4-e4ae-4808-9c0c-c0b157469c32@group-D73941D5C942-LeaderElection91] INFO  server.RaftServerConfigKeys (ConfUtils.java:logGet(43)) - raft.server.log.appender.buffer.element-limit = 1 (custom)
2019-10-14 14:38:07,711 [2a3837c4-e4ae-4808-9c0c-c0b157469c32@group-D73941D5C942-LeaderElection91] INFO  grpc.GrpcConfigKeys$Server (ConfUtils.java:logGet(43)) - raft.grpc.server.leader.outstanding.appends.max = 128 (default)
2019-10-14 14:38:07,711 [2a3837c4-e4ae-4808-9c0c-c0b157469c32@group-D73941D5C942-LeaderElection91] INFO  server.RaftServerConfigKeys (ConfUtils.java:logGet(43)) - raft.server.rpc.request.timeout = 3000ms (default)
2019-10-14 14:38:07,712 [2a3837c4-e4ae-4808-9c0c-c0b157469c32@group-D73941D5C942-LeaderElection91] INFO  server.RaftServerConfigKeys (ConfUtils.java:logGet(43)) - raft.server.log.appender.install.snapshot.enabled = false (custom)
2019-10-14 14:38:07,712 [2a3837c4-e4ae-4808-9c0c-c0b157469c32@group-D73941D5C942-LeaderElection91] INFO  server.RaftServerConfigKeys (ConfUtils.java:logGet(43)) - raft.server.log.appender.snapshot.chunk.size.max = 16MB (=16777216) (default)
2019-10-14 14:38:07,712 [2a3837c4-e4ae-4808-9c0c-c0b157469c32@group-D73941D5C942-LeaderElection91] INFO  server.RaftServerConfigKeys (ConfUtils.java:logGet(43)) - raft.server.log.appender.buffer.byte-limit = 33554432 (custom)
2019-10-14 14:38:07,712 [2a3837c4-e4ae-4808-9c0c-c0b157469c32@group-D73941D5C942-LeaderElection91] INFO  server.RaftServerConfigKeys (ConfUtils.java:logGet(43)) - raft.server.log.appender.buffer.element-limit = 1 (custom)
2019-10-14 14:38:07,712 [2a3837c4-e4ae-4808-9c0c-c0b157469c32@group-D73941D5C942-LeaderElection91] INFO  grpc.GrpcConfigKeys$Server (ConfUtils.java:logGet(43)) - raft.grpc.server.leader.outstanding.appends.max = 128 (default)
2019-10-14 14:38:07,713 [2a3837c4-e4ae-4808-9c0c-c0b157469c32@group-D73941D5C942-LeaderElection91] INFO  server.RaftServerConfigKeys (ConfUtils.java:logGet(43)) - raft.server.rpc.request.timeout = 3000ms (default)
2019-10-14 14:38:07,713 [2a3837c4-e4ae-4808-9c0c-c0b157469c32@group-D73941D5C942-LeaderElection91] INFO  server.RaftServerConfigKeys (ConfUtils.java:logGet(43)) - raft.server.log.appender.install.snapshot.enabled = false (custom)
2019-10-14 14:38:07,713 [2a3837c4-e4ae-4808-9c0c-c0b157469c32@group-D73941D5C942-LeaderElection91] INFO  impl.RoleInfo (RoleInfo.java:updateAndGet(143)) - 2a3837c4-e4ae-4808-9c0c-c0b157469c32: start LeaderState
2019-10-14 14:38:07,713 [2a3837c4-e4ae-4808-9c0c-c0b157469c32@group-D73941D5C942-LeaderElection91] INFO  segmented.SegmentedRaftLogWorker (SegmentedRaftLogWorker.java:rollLogSegment(390)) - 2a3837c4-e4ae-4808-9c0c-c0b157469c32@group-D73941D5C942-SegmentedRaftLogWorker: Rolling segment log-0_16 to index:16
2019-10-14 14:38:07,715 [2a3837c4-e4ae-4808-9c0c-c0b157469c32@group-D73941D5C942-LeaderElection91] INFO  impl.RaftServerImpl (ServerState.java:setRaftConf(356)) - 2a3837c4-e4ae-4808-9c0c-c0b157469c32@group-D73941D5C942: set configuration 17: [9fb3a90b-6363-46e5-8016-cecbb128012f:192.168.157.234:40696, 2a3837c4-e4ae-4808-9c0c-c0b157469c32:192.168.157.234:45056, 1d50c7e2-07ef-46f5-8799-c9884e2b0ea2:192.168.157.234:44061], old=null at 17
2019-10-14 14:38:07,715 [2a3837c4-e4ae-4808-9c0c-c0b157469c32@group-D73941D5C942-SegmentedRaftLogWorker] INFO  segmented.SegmentedRaftLogWorker (SegmentedRaftLogWorker.java:execute(531)) - 2a3837c4-e4ae-4808-9c0c-c0b157469c32@group-D73941D5C942-SegmentedRaftLogWorker: Rolled log segment from /workdir/hadoop-ozone/integration-test/target/test-dir/MiniOzoneClusterImpl-14a7b98e-e39a-4234-b5fd-28b5658d784a/datanode-5/data/ratis/a570a0d1-8d7d-4dfb-83a5-d73941d5c942/current/log_inprogress_0 to /workdir/hadoop-ozone/integration-test/target/test-dir/MiniOzoneClusterImpl-14a7b98e-e39a-4234-b5fd-28b5658d784a/datanode-5/data/ratis/a570a0d1-8d7d-4dfb-83a5-d73941d5c942/current/log_0-16
2019-10-14 14:38:07,718 [grpc-default-executor-6] WARN  server.GrpcLogAppender (LogUtils.java:warn(134)) - 2a3837c4-e4ae-4808-9c0c-c0b157469c32@group-D73941D5C942->1d50c7e2-07ef-46f5-8799-c9884e2b0ea2-AppendLogResponseHandler: Failed appendEntries: org.apache.ratis.thirdparty.io.grpc.StatusRuntimeException: UNAVAILABLE: io exception
2019-10-14 14:38:07,719 [grpc-default-executor-6] INFO  impl.FollowerInfo (FollowerInfo.java:lambda$new$0(51)) - 2a3837c4-e4ae-4808-9c0c-c0b157469c32@group-D73941D5C942->1d50c7e2-07ef-46f5-8799-c9884e2b0ea2: nextIndex: updateUnconditionally 17 -> 1
2019-10-14 14:38:07,719 [grpc-default-executor-12] INFO  impl.RaftServerImpl (ServerState.java:setLeader(255)) - 9fb3a90b-6363-46e5-8016-cecbb128012f@group-D73941D5C942: change Leader from null to 2a3837c4-e4ae-4808-9c0c-c0b157469c32 at term 3 for appendEntries, leader elected after 26ms
2019-10-14 14:38:07,779 [grpc-default-executor-12] INFO  impl.RaftServerImpl (ServerState.java:setRaftConf(356)) - 9fb3a90b-6363-46e5-8016-cecbb128012f@group-D73941D5C942: set configuration 17: [9fb3a90b-6363-46e5-8016-cecbb128012f:192.168.157.234:40696, 2a3837c4-e4ae-4808-9c0c-c0b157469c32:192.168.157.234:45056, 1d50c7e2-07ef-46f5-8799-c9884e2b0ea2:192.168.157.234:44061], old=null at 17
2019-10-14 14:38:07,779 [grpc-default-executor-12] INFO  segmented.SegmentedRaftLogWorker (SegmentedRaftLogWorker.java:rollLogSegment(390)) - 9fb3a90b-6363-46e5-8016-cecbb128012f@group-D73941D5C942-SegmentedRaftLogWorker: Rolling segment log-0_16 to index:16
2019-10-14 14:38:07,780 [9fb3a90b-6363-46e5-8016-cecbb128012f@group-D73941D5C942-SegmentedRaftLogWorker] INFO  segmented.SegmentedRaftLogWorker (SegmentedRaftLogWorker.java:execute(531)) - 9fb3a90b-6363-46e5-8016-cecbb128012f@group-D73941D5C942-SegmentedRaftLogWorker: Rolled log segment from /workdir/hadoop-ozone/integration-test/target/test-dir/MiniOzoneClusterImpl-14a7b98e-e39a-4234-b5fd-28b5658d784a/datanode-4/data/ratis/a570a0d1-8d7d-4dfb-83a5-d73941d5c942/current/log_inprogress_0 to /workdir/hadoop-ozone/integration-test/target/test-dir/MiniOzoneClusterImpl-14a7b98e-e39a-4234-b5fd-28b5658d784a/datanode-4/data/ratis/a570a0d1-8d7d-4dfb-83a5-d73941d5c942/current/log_0-16
2019-10-14 14:38:07,784 [2a3837c4-e4ae-4808-9c0c-c0b157469c32@group-D73941D5C942-SegmentedRaftLogWorker] INFO  segmented.SegmentedRaftLogWorker (SegmentedRaftLogWorker.java:execute(574)) - 2a3837c4-e4ae-4808-9c0c-c0b157469c32@group-D73941D5C942-SegmentedRaftLogWorker: created new log segment /workdir/hadoop-ozone/integration-test/target/test-dir/MiniOzoneClusterImpl-14a7b98e-e39a-4234-b5fd-28b5658d784a/datanode-5/data/ratis/a570a0d1-8d7d-4dfb-83a5-d73941d5c942/current/log_inprogress_17
2019-10-14 14:38:07,841 [9fb3a90b-6363-46e5-8016-cecbb128012f@group-D73941D5C942-SegmentedRaftLogWorker] INFO  segmented.SegmentedRaftLogWorker (SegmentedRaftLogWorker.java:execute(574)) - 9fb3a90b-6363-46e5-8016-cecbb128012f@group-D73941D5C942-SegmentedRaftLogWorker: created new log segment /workdir/hadoop-ozone/integration-test/target/test-dir/MiniOzoneClusterImpl-14a7b98e-e39a-4234-b5fd-28b5658d784a/datanode-4/data/ratis/a570a0d1-8d7d-4dfb-83a5-d73941d5c942/current/log_inprogress_17
2019-10-14 14:38:07,860 [grpc-default-executor-2] WARN  server.GrpcLogAppender (LogUtils.java:warn(134)) - 2a3837c4-e4ae-4808-9c0c-c0b157469c32@group-D73941D5C942->1d50c7e2-07ef-46f5-8799-c9884e2b0ea2-AppendLogResponseHandler: Failed appendEntries: org.apache.ratis.thirdparty.io.grpc.StatusRuntimeException: UNAVAILABLE: io exception
2019-10-14 14:38:07,860 [grpc-default-executor-2] INFO  impl.FollowerInfo (FollowerInfo.java:lambda$new$0(51)) - 2a3837c4-e4ae-4808-9c0c-c0b157469c32@group-D73941D5C942->1d50c7e2-07ef-46f5-8799-c9884e2b0ea2: nextIndex: updateUnconditionally 2 -> 1
2019-10-14 14:38:07,874 [grpc-default-executor-12] WARN  server.GrpcLogAppender (LogUtils.java:warn(134)) - 2a3837c4-e4ae-4808-9c0c-c0b157469c32@group-D73941D5C942->1d50c7e2-07ef-46f5-8799-c9884e2b0ea2-AppendLogResponseHandler: Failed appendEntries: org.apache.ratis.thirdparty.io.grpc.StatusRuntimeException: UNAVAILABLE: io exception
2019-10-14 14:38:07,874 [grpc-default-executor-12] INFO  impl.FollowerInfo (FollowerInfo.java:lambda$new$0(51)) - 2a3837c4-e4ae-4808-9c0c-c0b157469c32@group-D73941D5C942->1d50c7e2-07ef-46f5-8799-c9884e2b0ea2: nextIndex: updateUnconditionally 2 -> 1
14:38:09.872 [grpc-default-executor-2] ERROR DNAudit - user=null | ip=null | op=WRITE_CHUNK {blockData=conID: 1 locID: 102961241261408269 bcsId: 14} | ret=FAILURE
org.apache.hadoop.hdds.scm.container.common.helpers.ContainerNotOpenException: Container 1 in CLOSING state
	at org.apache.hadoop.ozone.container.common.impl.HddsDispatcher.validateContainerCommand(HddsDispatcher.java:436) ~[hadoop-hdds-container-service-0.5.0-SNAPSHOT.jar:?]
	at org.apache.hadoop.ozone.container.common.transport.server.ratis.ContainerStateMachine.startTransaction(ContainerStateMachine.java:320) ~[hadoop-hdds-container-service-0.5.0-SNAPSHOT.jar:?]
	at org.apache.ratis.server.impl.RaftServerImpl.submitClientRequestAsync(RaftServerImpl.java:569) ~[ratis-server-0.5.0-201fc85-SNAPSHOT.jar:0.5.0-201fc85-SNAPSHOT]
	at org.apache.ratis.server.impl.RaftServerProxy.lambda$submitClientRequestAsync$7(RaftServerProxy.java:333) ~[ratis-server-0.5.0-201fc85-SNAPSHOT.jar:0.5.0-201fc85-SNAPSHOT]
	at org.apache.ratis.server.impl.RaftServerProxy.lambda$null$5(RaftServerProxy.java:328) ~[ratis-server-0.5.0-201fc85-SNAPSHOT.jar:0.5.0-201fc85-SNAPSHOT]
	at org.apache.ratis.util.JavaUtils.callAsUnchecked(JavaUtils.java:109) ~[ratis-common-0.5.0-201fc85-SNAPSHOT.jar:0.5.0-201fc85-SNAPSHOT]
	at org.apache.ratis.server.impl.RaftServerProxy.lambda$submitRequest$6(RaftServerProxy.java:328) ~[ratis-server-0.5.0-201fc85-SNAPSHOT.jar:0.5.0-201fc85-SNAPSHOT]
	at java.util.concurrent.CompletableFuture.uniComposeStage(CompletableFuture.java:981) ~[?:1.8.0_212]
	at java.util.concurrent.CompletableFuture.thenCompose(CompletableFuture.java:2124) ~[?:1.8.0_212]
	at org.apache.ratis.server.impl.RaftServerProxy.submitRequest(RaftServerProxy.java:327) ~[ratis-server-0.5.0-201fc85-SNAPSHOT.jar:0.5.0-201fc85-SNAPSHOT]
	at org.apache.ratis.server.impl.RaftServerProxy.submitClientRequestAsync(RaftServerProxy.java:333) ~[ratis-server-0.5.0-201fc85-SNAPSHOT.jar:0.5.0-201fc85-SNAPSHOT]
	at org.apache.ratis.grpc.client.GrpcClientProtocolService$RequestStreamObserver.processClientRequest(GrpcClientProtocolService.java:220) ~[ratis-grpc-0.5.0-201fc85-SNAPSHOT.jar:0.5.0-201fc85-SNAPSHOT]
	at org.apache.ratis.grpc.client.GrpcClientProtocolService$OrderedRequestStreamObserver.processClientRequest(GrpcClientProtocolService.java:326) ~[ratis-grpc-0.5.0-201fc85-SNAPSHOT.jar:0.5.0-201fc85-SNAPSHOT]
	at org.apache.ratis.util.SlidingWindow$Server.processRequestsFromHead(SlidingWindow.java:429) [ratis-common-0.5.0-201fc85-SNAPSHOT.jar:0.5.0-201fc85-SNAPSHOT]
	at org.apache.ratis.util.SlidingWindow$Server.receivedRequest(SlidingWindow.java:421) [ratis-common-0.5.0-201fc85-SNAPSHOT.jar:0.5.0-201fc85-SNAPSHOT]
	at org.apache.ratis.grpc.client.GrpcClientProtocolService$OrderedRequestStreamObserver.processClientRequest(GrpcClientProtocolService.java:345) [ratis-grpc-0.5.0-201fc85-SNAPSHOT.jar:0.5.0-201fc85-SNAPSHOT]
	at org.apache.ratis.grpc.client.GrpcClientProtocolService$RequestStreamObserver.onNext(GrpcClientProtocolService.java:240) [ratis-grpc-0.5.0-201fc85-SNAPSHOT.jar:0.5.0-201fc85-SNAPSHOT]
	at org.apache.ratis.grpc.client.GrpcClientProtocolService$RequestStreamObserver.onNext(GrpcClientProtocolService.java:168) [ratis-grpc-0.5.0-201fc85-SNAPSHOT.jar:0.5.0-201fc85-SNAPSHOT]
	at org.apache.ratis.thirdparty.io.grpc.stub.ServerCalls$StreamingServerCallHandler$StreamingServerCallListener.onMessage(ServerCalls.java:248) [ratis-thirdparty-misc-0.2.0.jar:0.2.0]
	at org.apache.ratis.thirdparty.io.grpc.internal.ServerCallImpl$ServerStreamListenerImpl.messagesAvailable(ServerCallImpl.java:263) [ratis-thirdparty-misc-0.2.0.jar:0.2.0]
	at org.apache.ratis.thirdparty.io.grpc.internal.ServerImpl$JumpToApplicationThreadServerStreamListener$1MessagesAvailable.runInContext(ServerImpl.java:686) [ratis-thirdparty-misc-0.2.0.jar:0.2.0]
	at org.apache.ratis.thirdparty.io.grpc.internal.ContextRunnable.run(ContextRunnable.java:37) [ratis-thirdparty-misc-0.2.0.jar:0.2.0]
	at org.apache.ratis.thirdparty.io.grpc.internal.SerializingExecutor.run(SerializingExecutor.java:123) [ratis-thirdparty-misc-0.2.0.jar:0.2.0]
	at java.util.concurrent.ThreadPoolExecutor.runWorker(ThreadPoolExecutor.java:1149) [?:1.8.0_212]
	at java.util.concurrent.ThreadPoolExecutor$Worker.run(ThreadPoolExecutor.java:624) [?:1.8.0_212]
	at java.lang.Thread.run(Thread.java:748) [?:1.8.0_212]
14:38:09.881 [grpc-default-executor-12] ERROR DNAudit - user=null | ip=null | op=WRITE_CHUNK {blockData=conID: 1 locID: 102961241261408269 bcsId: 14} | ret=FAILURE
org.apache.hadoop.hdds.scm.container.common.helpers.ContainerNotOpenException: Container 1 in CLOSING state
	at org.apache.hadoop.ozone.container.common.impl.HddsDispatcher.validateContainerCommand(HddsDispatcher.java:436) ~[hadoop-hdds-container-service-0.5.0-SNAPSHOT.jar:?]
	at org.apache.hadoop.ozone.container.common.transport.server.ratis.ContainerStateMachine.startTransaction(ContainerStateMachine.java:320) ~[hadoop-hdds-container-service-0.5.0-SNAPSHOT.jar:?]
	at org.apache.ratis.server.impl.RaftServerImpl.submitClientRequestAsync(RaftServerImpl.java:569) ~[ratis-server-0.5.0-201fc85-SNAPSHOT.jar:0.5.0-201fc85-SNAPSHOT]
	at org.apache.ratis.server.impl.RaftServerProxy.lambda$submitClientRequestAsync$7(RaftServerProxy.java:333) ~[ratis-server-0.5.0-201fc85-SNAPSHOT.jar:0.5.0-201fc85-SNAPSHOT]
	at org.apache.ratis.server.impl.RaftServerProxy.lambda$null$5(RaftServerProxy.java:328) ~[ratis-server-0.5.0-201fc85-SNAPSHOT.jar:0.5.0-201fc85-SNAPSHOT]
	at org.apache.ratis.util.JavaUtils.callAsUnchecked(JavaUtils.java:109) ~[ratis-common-0.5.0-201fc85-SNAPSHOT.jar:0.5.0-201fc85-SNAPSHOT]
	at org.apache.ratis.server.impl.RaftServerProxy.lambda$submitRequest$6(RaftServerProxy.java:328) ~[ratis-server-0.5.0-201fc85-SNAPSHOT.jar:0.5.0-201fc85-SNAPSHOT]
	at java.util.concurrent.CompletableFuture.uniComposeStage(CompletableFuture.java:981) ~[?:1.8.0_212]
	at java.util.concurrent.CompletableFuture.thenCompose(CompletableFuture.java:2124) ~[?:1.8.0_212]
	at org.apache.ratis.server.impl.RaftServerProxy.submitRequest(RaftServerProxy.java:327) ~[ratis-server-0.5.0-201fc85-SNAPSHOT.jar:0.5.0-201fc85-SNAPSHOT]
	at org.apache.ratis.server.impl.RaftServerProxy.submitClientRequestAsync(RaftServerProxy.java:333) ~[ratis-server-0.5.0-201fc85-SNAPSHOT.jar:0.5.0-201fc85-SNAPSHOT]
	at org.apache.ratis.grpc.client.GrpcClientProtocolService$RequestStreamObserver.processClientRequest(GrpcClientProtocolService.java:220) ~[ratis-grpc-0.5.0-201fc85-SNAPSHOT.jar:0.5.0-201fc85-SNAPSHOT]
	at org.apache.ratis.grpc.client.GrpcClientProtocolService$OrderedRequestStreamObserver.processClientRequest(GrpcClientProtocolService.java:326) ~[ratis-grpc-0.5.0-201fc85-SNAPSHOT.jar:0.5.0-201fc85-SNAPSHOT]
	at org.apache.ratis.util.SlidingWindow$Server.processRequestsFromHead(SlidingWindow.java:429) [ratis-common-0.5.0-201fc85-SNAPSHOT.jar:0.5.0-201fc85-SNAPSHOT]
	at org.apache.ratis.util.SlidingWindow$Server.receivedRequest(SlidingWindow.java:421) [ratis-common-0.5.0-201fc85-SNAPSHOT.jar:0.5.0-201fc85-SNAPSHOT]
	at org.apache.ratis.grpc.client.GrpcClientProtocolService$OrderedRequestStreamObserver.processClientRequest(GrpcClientProtocolService.java:345) [ratis-grpc-0.5.0-201fc85-SNAPSHOT.jar:0.5.0-201fc85-SNAPSHOT]
	at org.apache.ratis.grpc.client.GrpcClientProtocolService$RequestStreamObserver.onNext(GrpcClientProtocolService.java:240) [ratis-grpc-0.5.0-201fc85-SNAPSHOT.jar:0.5.0-201fc85-SNAPSHOT]
	at org.apache.ratis.grpc.client.GrpcClientProtocolService$RequestStreamObserver.onNext(GrpcClientProtocolService.java:168) [ratis-grpc-0.5.0-201fc85-SNAPSHOT.jar:0.5.0-201fc85-SNAPSHOT]
	at org.apache.ratis.thirdparty.io.grpc.stub.ServerCalls$StreamingServerCallHandler$StreamingServerCallListener.onMessage(ServerCalls.java:248) [ratis-thirdparty-misc-0.2.0.jar:0.2.0]
	at org.apache.ratis.thirdparty.io.grpc.internal.ServerCallImpl$ServerStreamListenerImpl.messagesAvailable(ServerCallImpl.java:263) [ratis-thirdparty-misc-0.2.0.jar:0.2.0]
	at org.apache.ratis.thirdparty.io.grpc.internal.ServerImpl$JumpToApplicationThreadServerStreamListener$1MessagesAvailable.runInContext(ServerImpl.java:686) [ratis-thirdparty-misc-0.2.0.jar:0.2.0]
	at org.apache.ratis.thirdparty.io.grpc.internal.ContextRunnable.run(ContextRunnable.java:37) [ratis-thirdparty-misc-0.2.0.jar:0.2.0]
	at org.apache.ratis.thirdparty.io.grpc.internal.SerializingExecutor.run(SerializingExecutor.java:123) [ratis-thirdparty-misc-0.2.0.jar:0.2.0]
	at java.util.concurrent.ThreadPoolExecutor.runWorker(ThreadPoolExecutor.java:1149) [?:1.8.0_212]
	at java.util.concurrent.ThreadPoolExecutor$Worker.run(ThreadPoolExecutor.java:624) [?:1.8.0_212]
	at java.lang.Thread.run(Thread.java:748) [?:1.8.0_212]
14:38:09.882 [grpc-default-executor-12] ERROR DNAudit - user=null | ip=null | op=PUT_BLOCK {blockData=[blockId=conID: 1 locID: 102961241261408269 bcsId: 0,size=650]} | ret=FAILURE
org.apache.hadoop.hdds.scm.container.common.helpers.ContainerNotOpenException: Container 1 in CLOSING state
	at org.apache.hadoop.ozone.container.common.impl.HddsDispatcher.validateContainerCommand(HddsDispatcher.java:436) ~[hadoop-hdds-container-service-0.5.0-SNAPSHOT.jar:?]
	at org.apache.hadoop.ozone.container.common.transport.server.ratis.ContainerStateMachine.startTransaction(ContainerStateMachine.java:320) ~[hadoop-hdds-container-service-0.5.0-SNAPSHOT.jar:?]
	at org.apache.ratis.server.impl.RaftServerImpl.submitClientRequestAsync(RaftServerImpl.java:569) ~[ratis-server-0.5.0-201fc85-SNAPSHOT.jar:0.5.0-201fc85-SNAPSHOT]
	at org.apache.ratis.server.impl.RaftServerProxy.lambda$submitClientRequestAsync$7(RaftServerProxy.java:333) ~[ratis-server-0.5.0-201fc85-SNAPSHOT.jar:0.5.0-201fc85-SNAPSHOT]
	at org.apache.ratis.server.impl.RaftServerProxy.lambda$null$5(RaftServerProxy.java:328) ~[ratis-server-0.5.0-201fc85-SNAPSHOT.jar:0.5.0-201fc85-SNAPSHOT]
	at org.apache.ratis.util.JavaUtils.callAsUnchecked(JavaUtils.java:109) ~[ratis-common-0.5.0-201fc85-SNAPSHOT.jar:0.5.0-201fc85-SNAPSHOT]
	at org.apache.ratis.server.impl.RaftServerProxy.lambda$submitRequest$6(RaftServerProxy.java:328) ~[ratis-server-0.5.0-201fc85-SNAPSHOT.jar:0.5.0-201fc85-SNAPSHOT]
	at java.util.concurrent.CompletableFuture.uniComposeStage(CompletableFuture.java:981) ~[?:1.8.0_212]
	at java.util.concurrent.CompletableFuture.thenCompose(CompletableFuture.java:2124) ~[?:1.8.0_212]
	at org.apache.ratis.server.impl.RaftServerProxy.submitRequest(RaftServerProxy.java:327) ~[ratis-server-0.5.0-201fc85-SNAPSHOT.jar:0.5.0-201fc85-SNAPSHOT]
	at org.apache.ratis.server.impl.RaftServerProxy.submitClientRequestAsync(RaftServerProxy.java:333) ~[ratis-server-0.5.0-201fc85-SNAPSHOT.jar:0.5.0-201fc85-SNAPSHOT]
	at org.apache.ratis.grpc.client.GrpcClientProtocolService$RequestStreamObserver.processClientRequest(GrpcClientProtocolService.java:220) ~[ratis-grpc-0.5.0-201fc85-SNAPSHOT.jar:0.5.0-201fc85-SNAPSHOT]
	at org.apache.ratis.grpc.client.GrpcClientProtocolService$OrderedRequestStreamObserver.processClientRequest(GrpcClientProtocolService.java:326) ~[ratis-grpc-0.5.0-201fc85-SNAPSHOT.jar:0.5.0-201fc85-SNAPSHOT]
	at org.apache.ratis.util.SlidingWindow$Server.processRequestsFromHead(SlidingWindow.java:429) [ratis-common-0.5.0-201fc85-SNAPSHOT.jar:0.5.0-201fc85-SNAPSHOT]
	at org.apache.ratis.util.SlidingWindow$Server.receivedRequest(SlidingWindow.java:421) [ratis-common-0.5.0-201fc85-SNAPSHOT.jar:0.5.0-201fc85-SNAPSHOT]
	at org.apache.ratis.grpc.client.GrpcClientProtocolService$OrderedRequestStreamObserver.processClientRequest(GrpcClientProtocolService.java:345) [ratis-grpc-0.5.0-201fc85-SNAPSHOT.jar:0.5.0-201fc85-SNAPSHOT]
	at org.apache.ratis.grpc.client.GrpcClientProtocolService$RequestStreamObserver.onNext(GrpcClientProtocolService.java:240) [ratis-grpc-0.5.0-201fc85-SNAPSHOT.jar:0.5.0-201fc85-SNAPSHOT]
	at org.apache.ratis.grpc.client.GrpcClientProtocolService$RequestStreamObserver.onNext(GrpcClientProtocolService.java:168) [ratis-grpc-0.5.0-201fc85-SNAPSHOT.jar:0.5.0-201fc85-SNAPSHOT]
	at org.apache.ratis.thirdparty.io.grpc.stub.ServerCalls$StreamingServerCallHandler$StreamingServerCallListener.onMessage(ServerCalls.java:248) [ratis-thirdparty-misc-0.2.0.jar:0.2.0]
	at org.apache.ratis.thirdparty.io.grpc.internal.ServerCallImpl$ServerStreamListenerImpl.messagesAvailable(ServerCallImpl.java:263) [ratis-thirdparty-misc-0.2.0.jar:0.2.0]
	at org.apache.ratis.thirdparty.io.grpc.internal.ServerImpl$JumpToApplicationThreadServerStreamListener$1MessagesAvailable.runInContext(ServerImpl.java:686) [ratis-thirdparty-misc-0.2.0.jar:0.2.0]
	at org.apache.ratis.thirdparty.io.grpc.internal.ContextRunnable.run(ContextRunnable.java:37) [ratis-thirdparty-misc-0.2.0.jar:0.2.0]
	at org.apache.ratis.thirdparty.io.grpc.internal.SerializingExecutor.run(SerializingExecutor.java:123) [ratis-thirdparty-misc-0.2.0.jar:0.2.0]
	at java.util.concurrent.ThreadPoolExecutor.runWorker(ThreadPoolExecutor.java:1149) [?:1.8.0_212]
	at java.util.concurrent.ThreadPoolExecutor$Worker.run(ThreadPoolExecutor.java:624) [?:1.8.0_212]
	at java.lang.Thread.run(Thread.java:748) [?:1.8.0_212]
14:38:09.897 [grpc-default-executor-12] ERROR DNAudit - user=null | ip=null | op=WRITE_CHUNK {blockData=conID: 1 locID: 102961241261408269 bcsId: 14} | ret=FAILURE
org.apache.hadoop.hdds.scm.container.common.helpers.ContainerNotOpenException: Container 1 in CLOSING state
	at org.apache.hadoop.ozone.container.common.impl.HddsDispatcher.validateContainerCommand(HddsDispatcher.java:436) ~[hadoop-hdds-container-service-0.5.0-SNAPSHOT.jar:?]
	at org.apache.hadoop.ozone.container.common.transport.server.ratis.ContainerStateMachine.startTransaction(ContainerStateMachine.java:320) ~[hadoop-hdds-container-service-0.5.0-SNAPSHOT.jar:?]
	at org.apache.ratis.server.impl.RaftServerImpl.submitClientRequestAsync(RaftServerImpl.java:569) ~[ratis-server-0.5.0-201fc85-SNAPSHOT.jar:0.5.0-201fc85-SNAPSHOT]
	at org.apache.ratis.server.impl.RaftServerProxy.lambda$submitClientRequestAsync$7(RaftServerProxy.java:333) ~[ratis-server-0.5.0-201fc85-SNAPSHOT.jar:0.5.0-201fc85-SNAPSHOT]
	at org.apache.ratis.server.impl.RaftServerProxy.lambda$null$5(RaftServerProxy.java:328) ~[ratis-server-0.5.0-201fc85-SNAPSHOT.jar:0.5.0-201fc85-SNAPSHOT]
	at org.apache.ratis.util.JavaUtils.callAsUnchecked(JavaUtils.java:109) ~[ratis-common-0.5.0-201fc85-SNAPSHOT.jar:0.5.0-201fc85-SNAPSHOT]
	at org.apache.ratis.server.impl.RaftServerProxy.lambda$submitRequest$6(RaftServerProxy.java:328) ~[ratis-server-0.5.0-201fc85-SNAPSHOT.jar:0.5.0-201fc85-SNAPSHOT]
	at java.util.concurrent.CompletableFuture.uniComposeStage(CompletableFuture.java:981) ~[?:1.8.0_212]
	at java.util.concurrent.CompletableFuture.thenCompose(CompletableFuture.java:2124) ~[?:1.8.0_212]
	at org.apache.ratis.server.impl.RaftServerProxy.submitRequest(RaftServerProxy.java:327) ~[ratis-server-0.5.0-201fc85-SNAPSHOT.jar:0.5.0-201fc85-SNAPSHOT]
	at org.apache.ratis.server.impl.RaftServerProxy.submitClientRequestAsync(RaftServerProxy.java:333) ~[ratis-server-0.5.0-201fc85-SNAPSHOT.jar:0.5.0-201fc85-SNAPSHOT]
	at org.apache.ratis.grpc.client.GrpcClientProtocolService$RequestStreamObserver.processClientRequest(GrpcClientProtocolService.java:220) ~[ratis-grpc-0.5.0-201fc85-SNAPSHOT.jar:0.5.0-201fc85-SNAPSHOT]
	at org.apache.ratis.grpc.client.GrpcClientProtocolService$OrderedRequestStreamObserver.processClientRequest(GrpcClientProtocolService.java:326) ~[ratis-grpc-0.5.0-201fc85-SNAPSHOT.jar:0.5.0-201fc85-SNAPSHOT]
	at org.apache.ratis.util.SlidingWindow$Server.processRequestsFromHead(SlidingWindow.java:429) [ratis-common-0.5.0-201fc85-SNAPSHOT.jar:0.5.0-201fc85-SNAPSHOT]
	at org.apache.ratis.util.SlidingWindow$Server.receivedRequest(SlidingWindow.java:421) [ratis-common-0.5.0-201fc85-SNAPSHOT.jar:0.5.0-201fc85-SNAPSHOT]
	at org.apache.ratis.grpc.client.GrpcClientProtocolService$OrderedRequestStreamObserver.processClientRequest(GrpcClientProtocolService.java:345) [ratis-grpc-0.5.0-201fc85-SNAPSHOT.jar:0.5.0-201fc85-SNAPSHOT]
	at org.apache.ratis.grpc.client.GrpcClientProtocolService$RequestStreamObserver.onNext(GrpcClientProtocolService.java:240) [ratis-grpc-0.5.0-201fc85-SNAPSHOT.jar:0.5.0-201fc85-SNAPSHOT]
	at org.apache.ratis.grpc.client.GrpcClientProtocolService$RequestStreamObserver.onNext(GrpcClientProtocolService.java:168) [ratis-grpc-0.5.0-201fc85-SNAPSHOT.jar:0.5.0-201fc85-SNAPSHOT]
	at org.apache.ratis.thirdparty.io.grpc.stub.ServerCalls$StreamingServerCallHandler$StreamingServerCallListener.onMessage(ServerCalls.java:248) [ratis-thirdparty-misc-0.2.0.jar:0.2.0]
	at org.apache.ratis.thirdparty.io.grpc.internal.ServerCallImpl$ServerStreamListenerImpl.messagesAvailable(ServerCallImpl.java:263) [ratis-thirdparty-misc-0.2.0.jar:0.2.0]
	at org.apache.ratis.thirdparty.io.grpc.internal.ServerImpl$JumpToApplicationThreadServerStreamListener$1MessagesAvailable.runInContext(ServerImpl.java:686) [ratis-thirdparty-misc-0.2.0.jar:0.2.0]
	at org.apache.ratis.thirdparty.io.grpc.internal.ContextRunnable.run(ContextRunnable.java:37) [ratis-thirdparty-misc-0.2.0.jar:0.2.0]
	at org.apache.ratis.thirdparty.io.grpc.internal.SerializingExecutor.run(SerializingExecutor.java:123) [ratis-thirdparty-misc-0.2.0.jar:0.2.0]
	at java.util.concurrent.ThreadPoolExecutor.runWorker(ThreadPoolExecutor.java:1149) [?:1.8.0_212]
	at java.util.concurrent.ThreadPoolExecutor$Worker.run(ThreadPoolExecutor.java:624) [?:1.8.0_212]
	at java.lang.Thread.run(Thread.java:748) [?:1.8.0_212]
14:38:09.901 [grpc-default-executor-12] ERROR DNAudit - user=null | ip=null | op=WRITE_CHUNK {blockData=conID: 1 locID: 102961241261408269 bcsId: 14} | ret=FAILURE
org.apache.hadoop.hdds.scm.container.common.helpers.ContainerNotOpenException: Container 1 in CLOSING state
	at org.apache.hadoop.ozone.container.common.impl.HddsDispatcher.validateContainerCommand(HddsDispatcher.java:436) ~[hadoop-hdds-container-service-0.5.0-SNAPSHOT.jar:?]
	at org.apache.hadoop.ozone.container.common.transport.server.ratis.ContainerStateMachine.startTransaction(ContainerStateMachine.java:320) ~[hadoop-hdds-container-service-0.5.0-SNAPSHOT.jar:?]
	at org.apache.ratis.server.impl.RaftServerImpl.submitClientRequestAsync(RaftServerImpl.java:569) ~[ratis-server-0.5.0-201fc85-SNAPSHOT.jar:0.5.0-201fc85-SNAPSHOT]
	at org.apache.ratis.server.impl.RaftServerProxy.lambda$submitClientRequestAsync$7(RaftServerProxy.java:333) ~[ratis-server-0.5.0-201fc85-SNAPSHOT.jar:0.5.0-201fc85-SNAPSHOT]
	at org.apache.ratis.server.impl.RaftServerProxy.lambda$null$5(RaftServerProxy.java:328) ~[ratis-server-0.5.0-201fc85-SNAPSHOT.jar:0.5.0-201fc85-SNAPSHOT]
	at org.apache.ratis.util.JavaUtils.callAsUnchecked(JavaUtils.java:109) ~[ratis-common-0.5.0-201fc85-SNAPSHOT.jar:0.5.0-201fc85-SNAPSHOT]
	at org.apache.ratis.server.impl.RaftServerProxy.lambda$submitRequest$6(RaftServerProxy.java:328) ~[ratis-server-0.5.0-201fc85-SNAPSHOT.jar:0.5.0-201fc85-SNAPSHOT]
	at java.util.concurrent.CompletableFuture.uniComposeStage(CompletableFuture.java:981) ~[?:1.8.0_212]
	at java.util.concurrent.CompletableFuture.thenCompose(CompletableFuture.java:2124) ~[?:1.8.0_212]
	at org.apache.ratis.server.impl.RaftServerProxy.submitRequest(RaftServerProxy.java:327) ~[ratis-server-0.5.0-201fc85-SNAPSHOT.jar:0.5.0-201fc85-SNAPSHOT]
	at org.apache.ratis.server.impl.RaftServerProxy.submitClientRequestAsync(RaftServerProxy.java:333) ~[ratis-server-0.5.0-201fc85-SNAPSHOT.jar:0.5.0-201fc85-SNAPSHOT]
	at org.apache.ratis.grpc.client.GrpcClientProtocolService$RequestStreamObserver.processClientRequest(GrpcClientProtocolService.java:220) ~[ratis-grpc-0.5.0-201fc85-SNAPSHOT.jar:0.5.0-201fc85-SNAPSHOT]
	at org.apache.ratis.grpc.client.GrpcClientProtocolService$OrderedRequestStreamObserver.processClientRequest(GrpcClientProtocolService.java:326) ~[ratis-grpc-0.5.0-201fc85-SNAPSHOT.jar:0.5.0-201fc85-SNAPSHOT]
	at org.apache.ratis.util.SlidingWindow$Server.processRequestsFromHead(SlidingWindow.java:429) [ratis-common-0.5.0-201fc85-SNAPSHOT.jar:0.5.0-201fc85-SNAPSHOT]
	at org.apache.ratis.util.SlidingWindow$Server.receivedRequest(SlidingWindow.java:421) [ratis-common-0.5.0-201fc85-SNAPSHOT.jar:0.5.0-201fc85-SNAPSHOT]
	at org.apache.ratis.grpc.client.GrpcClientProtocolService$OrderedRequestStreamObserver.processClientRequest(GrpcClientProtocolService.java:345) [ratis-grpc-0.5.0-201fc85-SNAPSHOT.jar:0.5.0-201fc85-SNAPSHOT]
	at org.apache.ratis.grpc.client.GrpcClientProtocolService$RequestStreamObserver.onNext(GrpcClientProtocolService.java:240) [ratis-grpc-0.5.0-201fc85-SNAPSHOT.jar:0.5.0-201fc85-SNAPSHOT]
	at org.apache.ratis.grpc.client.GrpcClientProtocolService$RequestStreamObserver.onNext(GrpcClientProtocolService.java:168) [ratis-grpc-0.5.0-201fc85-SNAPSHOT.jar:0.5.0-201fc85-SNAPSHOT]
	at org.apache.ratis.thirdparty.io.grpc.stub.ServerCalls$StreamingServerCallHandler$StreamingServerCallListener.onMessage(ServerCalls.java:248) [ratis-thirdparty-misc-0.2.0.jar:0.2.0]
	at org.apache.ratis.thirdparty.io.grpc.internal.ServerCallImpl$ServerStreamListenerImpl.messagesAvailable(ServerCallImpl.java:263) [ratis-thirdparty-misc-0.2.0.jar:0.2.0]
	at org.apache.ratis.thirdparty.io.grpc.internal.ServerImpl$JumpToApplicationThreadServerStreamListener$1MessagesAvailable.runInContext(ServerImpl.java:686) [ratis-thirdparty-misc-0.2.0.jar:0.2.0]
	at org.apache.ratis.thirdparty.io.grpc.internal.ContextRunnable.run(ContextRunnable.java:37) [ratis-thirdparty-misc-0.2.0.jar:0.2.0]
	at org.apache.ratis.thirdparty.io.grpc.internal.SerializingExecutor.run(SerializingExecutor.java:123) [ratis-thirdparty-misc-0.2.0.jar:0.2.0]
	at java.util.concurrent.ThreadPoolExecutor.runWorker(ThreadPoolExecutor.java:1149) [?:1.8.0_212]
	at java.util.concurrent.ThreadPoolExecutor$Worker.run(ThreadPoolExecutor.java:624) [?:1.8.0_212]
	at java.lang.Thread.run(Thread.java:748) [?:1.8.0_212]
14:38:09.902 [grpc-default-executor-12] ERROR DNAudit - user=null | ip=null | op=PUT_BLOCK {blockData=[blockId=conID: 1 locID: 102961241261408269 bcsId: 0,size=800]} | ret=FAILURE
org.apache.hadoop.hdds.scm.container.common.helpers.ContainerNotOpenException: Container 1 in CLOSING state
	at org.apache.hadoop.ozone.container.common.impl.HddsDispatcher.validateContainerCommand(HddsDispatcher.java:436) ~[hadoop-hdds-container-service-0.5.0-SNAPSHOT.jar:?]
	at org.apache.hadoop.ozone.container.common.transport.server.ratis.ContainerStateMachine.startTransaction(ContainerStateMachine.java:320) ~[hadoop-hdds-container-service-0.5.0-SNAPSHOT.jar:?]
	at org.apache.ratis.server.impl.RaftServerImpl.submitClientRequestAsync(RaftServerImpl.java:569) ~[ratis-server-0.5.0-201fc85-SNAPSHOT.jar:0.5.0-201fc85-SNAPSHOT]
	at org.apache.ratis.server.impl.RaftServerProxy.lambda$submitClientRequestAsync$7(RaftServerProxy.java:333) ~[ratis-server-0.5.0-201fc85-SNAPSHOT.jar:0.5.0-201fc85-SNAPSHOT]
	at org.apache.ratis.server.impl.RaftServerProxy.lambda$null$5(RaftServerProxy.java:328) ~[ratis-server-0.5.0-201fc85-SNAPSHOT.jar:0.5.0-201fc85-SNAPSHOT]
	at org.apache.ratis.util.JavaUtils.callAsUnchecked(JavaUtils.java:109) ~[ratis-common-0.5.0-201fc85-SNAPSHOT.jar:0.5.0-201fc85-SNAPSHOT]
	at org.apache.ratis.server.impl.RaftServerProxy.lambda$submitRequest$6(RaftServerProxy.java:328) ~[ratis-server-0.5.0-201fc85-SNAPSHOT.jar:0.5.0-201fc85-SNAPSHOT]
	at java.util.concurrent.CompletableFuture.uniComposeStage(CompletableFuture.java:981) ~[?:1.8.0_212]
	at java.util.concurrent.CompletableFuture.thenCompose(CompletableFuture.java:2124) ~[?:1.8.0_212]
	at org.apache.ratis.server.impl.RaftServerProxy.submitRequest(RaftServerProxy.java:327) ~[ratis-server-0.5.0-201fc85-SNAPSHOT.jar:0.5.0-201fc85-SNAPSHOT]
	at org.apache.ratis.server.impl.RaftServerProxy.submitClientRequestAsync(RaftServerProxy.java:333) ~[ratis-server-0.5.0-201fc85-SNAPSHOT.jar:0.5.0-201fc85-SNAPSHOT]
	at org.apache.ratis.grpc.client.GrpcClientProtocolService$RequestStreamObserver.processClientRequest(GrpcClientProtocolService.java:220) ~[ratis-grpc-0.5.0-201fc85-SNAPSHOT.jar:0.5.0-201fc85-SNAPSHOT]
	at org.apache.ratis.grpc.client.GrpcClientProtocolService$OrderedRequestStreamObserver.processClientRequest(GrpcClientProtocolService.java:326) ~[ratis-grpc-0.5.0-201fc85-SNAPSHOT.jar:0.5.0-201fc85-SNAPSHOT]
	at org.apache.ratis.util.SlidingWindow$Server.processRequestsFromHead(SlidingWindow.java:429) [ratis-common-0.5.0-201fc85-SNAPSHOT.jar:0.5.0-201fc85-SNAPSHOT]
	at org.apache.ratis.util.SlidingWindow$Server.receivedRequest(SlidingWindow.java:421) [ratis-common-0.5.0-201fc85-SNAPSHOT.jar:0.5.0-201fc85-SNAPSHOT]
	at org.apache.ratis.grpc.client.GrpcClientProtocolService$OrderedRequestStreamObserver.processClientRequest(GrpcClientProtocolService.java:345) [ratis-grpc-0.5.0-201fc85-SNAPSHOT.jar:0.5.0-201fc85-SNAPSHOT]
	at org.apache.ratis.grpc.client.GrpcClientProtocolService$RequestStreamObserver.onNext(GrpcClientProtocolService.java:240) [ratis-grpc-0.5.0-201fc85-SNAPSHOT.jar:0.5.0-201fc85-SNAPSHOT]
	at org.apache.ratis.grpc.client.GrpcClientProtocolService$RequestStreamObserver.onNext(GrpcClientProtocolService.java:168) [ratis-grpc-0.5.0-201fc85-SNAPSHOT.jar:0.5.0-201fc85-SNAPSHOT]
	at org.apache.ratis.thirdparty.io.grpc.stub.ServerCalls$StreamingServerCallHandler$StreamingServerCallListener.onMessage(ServerCalls.java:248) [ratis-thirdparty-misc-0.2.0.jar:0.2.0]
	at org.apache.ratis.thirdparty.io.grpc.internal.ServerCallImpl$ServerStreamListenerImpl.messagesAvailable(ServerCallImpl.java:263) [ratis-thirdparty-misc-0.2.0.jar:0.2.0]
	at org.apache.ratis.thirdparty.io.grpc.internal.ServerImpl$JumpToApplicationThreadServerStreamListener$1MessagesAvailable.runInContext(ServerImpl.java:686) [ratis-thirdparty-misc-0.2.0.jar:0.2.0]
	at org.apache.ratis.thirdparty.io.grpc.internal.ContextRunnable.run(ContextRunnable.java:37) [ratis-thirdparty-misc-0.2.0.jar:0.2.0]
	at org.apache.ratis.thirdparty.io.grpc.internal.SerializingExecutor.run(SerializingExecutor.java:123) [ratis-thirdparty-misc-0.2.0.jar:0.2.0]
	at java.util.concurrent.ThreadPoolExecutor.runWorker(ThreadPoolExecutor.java:1149) [?:1.8.0_212]
	at java.util.concurrent.ThreadPoolExecutor$Worker.run(ThreadPoolExecutor.java:624) [?:1.8.0_212]
	at java.lang.Thread.run(Thread.java:748) [?:1.8.0_212]
2019-10-14 14:38:10,304 [main] INFO  ozone.MiniOzoneClusterImpl (MiniOzoneClusterImpl.java:shutdown(314)) - Shutting down the Mini Ozone Cluster
2019-10-14 14:38:10,305 [main] INFO  ozone.MiniOzoneClusterImpl (MiniOzoneClusterImpl.java:stop(330)) - Stopping the Mini Ozone Cluster
2019-10-14 14:38:10,305 [main] INFO  ozone.MiniOzoneClusterImpl (MiniOzoneClusterImpl.java:stopOM(400)) - Stopping the OzoneManager
2019-10-14 14:38:10,305 [main] INFO  ipc.Server (Server.java:stop(3082)) - Stopping server on 41371
2019-10-14 14:38:10,324 [IPC Server listener on 41371] INFO  ipc.Server (Server.java:run(1185)) - Stopping IPC Server listener on 41371
2019-10-14 14:38:10,327 [IPC Server Responder] INFO  ipc.Server (Server.java:run(1319)) - Stopping IPC Server Responder
2019-10-14 14:38:10,326 [main] INFO  ratis.OzoneManagerDoubleBuffer (OzoneManagerDoubleBuffer.java:stop(250)) - Stopping OMDoubleBuffer flush thread
2019-10-14 14:38:10,337 [OMDoubleBufferFlushThread] INFO  ratis.OzoneManagerDoubleBuffer (OzoneManagerDoubleBuffer.java:flushTransactions(193)) - OMDoubleBuffer flush thread OMDoubleBufferFlushThread is interrupted and will exit. OMDoubleBufferFlushThread
2019-10-14 14:38:10,351 [main] INFO  utils.BackgroundService (BackgroundService.java:shutdown(151)) - Shutting down service KeyDeletingService
2019-10-14 14:38:10,354 [main] INFO  handler.ContextHandler (ContextHandler.java:doStop(910)) - Stopped o.e.j.w.WebAppContext@44dfdd58{/,null,UNAVAILABLE}{/ozoneManager}
2019-10-14 14:38:10,356 [main] INFO  server.AbstractConnector (AbstractConnector.java:doStop(318)) - Stopped ServerConnector@58d4238e{HTTP/1.1,[http/1.1]}{0.0.0.0:0}
2019-10-14 14:38:10,356 [main] INFO  handler.ContextHandler (ContextHandler.java:doStop(910)) - Stopped o.e.j.s.ServletContextHandler@5939e24{/static,file:///workdir/hadoop-ozone/integration-test/target/test-classes/webapps/static,UNAVAILABLE}
2019-10-14 14:38:10,356 [main] INFO  handler.ContextHandler (ContextHandler.java:doStop(910)) - Stopped o.e.j.s.ServletContextHandler@7a606260{/logs,file:///workdir/hadoop-ozone/integration-test/target/log,UNAVAILABLE}
2019-10-14 14:38:10,359 [main] INFO  ozone.MiniOzoneClusterImpl (MiniOzoneClusterImpl.java:stopDatanodes(377)) - Stopping the HddsDatanodes
2019-10-14 14:38:10,376 [grpc-default-executor-12] WARN  server.GrpcLogAppender (LogUtils.java:warn(134)) - 2a3837c4-e4ae-4808-9c0c-c0b157469c32@group-D73941D5C942->1d50c7e2-07ef-46f5-8799-c9884e2b0ea2-AppendLogResponseHandler: Failed appendEntries: org.apache.ratis.thirdparty.io.grpc.StatusRuntimeException: UNAVAILABLE: io exception
2019-10-14 14:38:10,376 [grpc-default-executor-12] INFO  impl.FollowerInfo (FollowerInfo.java:lambda$new$0(51)) - 2a3837c4-e4ae-4808-9c0c-c0b157469c32@group-D73941D5C942->1d50c7e2-07ef-46f5-8799-c9884e2b0ea2: nextIndex: updateUnconditionally 1 -> 0
2019-10-14 14:38:10,398 [Datanode State Machine Thread - 0] INFO  statemachine.DatanodeStateMachine (DatanodeStateMachine.java:lambda$startDaemon$0(350)) - Ozone container server started.
2019-10-14 14:38:11,072 [Datanode State Machine Thread - 0] INFO  statemachine.DatanodeStateMachine (DatanodeStateMachine.java:lambda$startDaemon$0(350)) - Ozone container server started.
2019-10-14 14:38:12,880 [grpc-default-executor-0] WARN  server.GrpcLogAppender (LogUtils.java:warn(134)) - 2a3837c4-e4ae-4808-9c0c-c0b157469c32@group-D73941D5C942->1d50c7e2-07ef-46f5-8799-c9884e2b0ea2-AppendLogResponseHandler: Failed appendEntries: org.apache.ratis.thirdparty.io.grpc.StatusRuntimeException: UNAVAILABLE: io exception
2019-10-14 14:38:12,882 [grpc-default-executor-0] INFO  impl.FollowerInfo (FollowerInfo.java:lambda$new$0(51)) - 2a3837c4-e4ae-4808-9c0c-c0b157469c32@group-D73941D5C942->1d50c7e2-07ef-46f5-8799-c9884e2b0ea2: nextIndex: updateUnconditionally 0 -> 0
2019-10-14 14:38:14,486 [EventQueue-StaleNodeForStaleNodeHandler] INFO  node.StaleNodeHandler (StaleNodeHandler.java:onMessage(58)) - Datanode 9fb3a90b-6363-46e5-8016-cecbb128012f{ip: 192.168.157.234, host: pr-hdds-2302-x69hs-1458597746, networkLocation: /default-rack, certSerialId: null} moved to stale state. Finalizing its pipelines [PipelineID=05cbb179-f86a-4542-be43-e71c5a4fa3d2, PipelineID=a570a0d1-8d7d-4dfb-83a5-d73941d5c942]
2019-10-14 14:38:14,488 [EventQueue-StaleNodeForStaleNodeHandler] INFO  pipeline.SCMPipelineManager (SCMPipelineManager.java:finalizeAndDestroyPipeline(315)) - destroying pipeline:Pipeline[ Id: 05cbb179-f86a-4542-be43-e71c5a4fa3d2, Nodes: 9fb3a90b-6363-46e5-8016-cecbb128012f{ip: 192.168.157.234, host: pr-hdds-2302-x69hs-1458597746, networkLocation: /default-rack, certSerialId: null}, Type:RATIS, Factor:ONE, State:OPEN]
2019-10-14 14:38:14,488 [EventQueue-StaleNodeForStaleNodeHandler] INFO  pipeline.PipelineStateManager (PipelineStateManager.java:finalizePipeline(123)) - Pipeline Pipeline[ Id: 05cbb179-f86a-4542-be43-e71c5a4fa3d2, Nodes: 9fb3a90b-6363-46e5-8016-cecbb128012f{ip: 192.168.157.234, host: pr-hdds-2302-x69hs-1458597746, networkLocation: /default-rack, certSerialId: null}, Type:RATIS, Factor:ONE, State:CLOSED] moved to CLOSED state
2019-10-14 14:38:14,489 [EventQueue-StaleNodeForStaleNodeHandler] INFO  pipeline.SCMPipelineManager (SCMPipelineManager.java:finalizeAndDestroyPipeline(315)) - destroying pipeline:Pipeline[ Id: a570a0d1-8d7d-4dfb-83a5-d73941d5c942, Nodes: 1d50c7e2-07ef-46f5-8799-c9884e2b0ea2{ip: 192.168.157.234, host: pr-hdds-2302-x69hs-1458597746, networkLocation: /default-rack, certSerialId: null}2a3837c4-e4ae-4808-9c0c-c0b157469c32{ip: 192.168.157.234, host: pr-hdds-2302-x69hs-1458597746, networkLocation: /default-rack, certSerialId: null}9fb3a90b-6363-46e5-8016-cecbb128012f{ip: 192.168.157.234, host: pr-hdds-2302-x69hs-1458597746, networkLocation: /default-rack, certSerialId: null}, Type:RATIS, Factor:THREE, State:CLOSED]
2019-10-14 14:38:15,088 [EventQueue-StaleNodeForStaleNodeHandler] INFO  node.StaleNodeHandler (StaleNodeHandler.java:onMessage(58)) - Datanode 596d0b68-a203-4961-8858-8f0f1271466f{ip: 192.168.157.234, host: pr-hdds-2302-x69hs-1458597746, networkLocation: /default-rack, certSerialId: null} moved to stale state. Finalizing its pipelines [PipelineID=48615daa-b4b1-4a97-9418-a9e961950caf, PipelineID=74e59e29-9b16-4219-a9f1-70ed4cd9807c]
2019-10-14 14:38:15,089 [EventQueue-StaleNodeForStaleNodeHandler] INFO  pipeline.SCMPipelineManager (SCMPipelineManager.java:finalizeAndDestroyPipeline(315)) - destroying pipeline:Pipeline[ Id: 48615daa-b4b1-4a97-9418-a9e961950caf, Nodes: 888dcfc4-2dcf-4813-9860-ae74be64d77f{ip: 192.168.157.234, host: pr-hdds-2302-x69hs-1458597746, networkLocation: /default-rack, certSerialId: null}b36740b2-8a0d-4d73-b3c2-1334d0c0d750{ip: 192.168.157.234, host: pr-hdds-2302-x69hs-1458597746, networkLocation: /default-rack, certSerialId: null}596d0b68-a203-4961-8858-8f0f1271466f{ip: 192.168.157.234, host: pr-hdds-2302-x69hs-1458597746, networkLocation: /default-rack, certSerialId: null}, Type:RATIS, Factor:THREE, State:OPEN]
2019-10-14 14:38:15,089 [EventQueue-StaleNodeForStaleNodeHandler] INFO  pipeline.PipelineStateManager (PipelineStateManager.java:finalizePipeline(123)) - Pipeline Pipeline[ Id: 48615daa-b4b1-4a97-9418-a9e961950caf, Nodes: 888dcfc4-2dcf-4813-9860-ae74be64d77f{ip: 192.168.157.234, host: pr-hdds-2302-x69hs-1458597746, networkLocation: /default-rack, certSerialId: null}b36740b2-8a0d-4d73-b3c2-1334d0c0d750{ip: 192.168.157.234, host: pr-hdds-2302-x69hs-1458597746, networkLocation: /default-rack, certSerialId: null}596d0b68-a203-4961-8858-8f0f1271466f{ip: 192.168.157.234, host: pr-hdds-2302-x69hs-1458597746, networkLocation: /default-rack, certSerialId: null}, Type:RATIS, Factor:THREE, State:CLOSED] moved to CLOSED state
2019-10-14 14:38:15,090 [EventQueue-CloseContainerForCloseContainerEventHandler] INFO  container.CloseContainerEventHandler (CloseContainerEventHandler.java:onMessage(61)) - Close container Event triggered for container : #2
2019-10-14 14:38:15,100 [EventQueue-StaleNodeForStaleNodeHandler] INFO  pipeline.SCMPipelineManager (SCMPipelineManager.java:finalizeAndDestroyPipeline(315)) - destroying pipeline:Pipeline[ Id: 74e59e29-9b16-4219-a9f1-70ed4cd9807c, Nodes: 596d0b68-a203-4961-8858-8f0f1271466f{ip: 192.168.157.234, host: pr-hdds-2302-x69hs-1458597746, networkLocation: /default-rack, certSerialId: null}, Type:RATIS, Factor:ONE, State:OPEN]
2019-10-14 14:38:15,102 [EventQueue-StaleNodeForStaleNodeHandler] INFO  pipeline.PipelineStateManager (PipelineStateManager.java:finalizePipeline(123)) - Pipeline Pipeline[ Id: 74e59e29-9b16-4219-a9f1-70ed4cd9807c, Nodes: 596d0b68-a203-4961-8858-8f0f1271466f{ip: 192.168.157.234, host: pr-hdds-2302-x69hs-1458597746, networkLocation: /default-rack, certSerialId: null}, Type:RATIS, Factor:ONE, State:CLOSED] moved to CLOSED state
2019-10-14 14:38:15,361 [main] INFO  ozoneimpl.OzoneContainer (OzoneContainer.java:stop(227)) - Attempting to stop container services.
2019-10-14 14:38:15,361 [ForkJoinPool.commonPool-worker-1] INFO  ozoneimpl.OzoneContainer (OzoneContainer.java:stop(227)) - Attempting to stop container services.
2019-10-14 14:38:15,363 [main] INFO  impl.RaftServerProxy (RaftServerProxy.java:lambda$close$4(314)) - 9fb3a90b-6363-46e5-8016-cecbb128012f: close
2019-10-14 14:38:15,363 [ForkJoinPool.commonPool-worker-1] INFO  impl.RaftServerProxy (RaftServerProxy.java:lambda$close$4(314)) - 596d0b68-a203-4961-8858-8f0f1271466f: close
2019-10-14 14:38:15,363 [main] INFO  impl.RaftServerImpl (RaftServerImpl.java:lambda$shutdown$3(247)) - 9fb3a90b-6363-46e5-8016-cecbb128012f@group-E71C5A4FA3D2: shutdown
2019-10-14 14:38:15,363 [ForkJoinPool.commonPool-worker-1] INFO  impl.RaftServerImpl (RaftServerImpl.java:lambda$shutdown$3(247)) - 596d0b68-a203-4961-8858-8f0f1271466f@group-A9E961950CAF: shutdown
2019-10-14 14:38:15,363 [main] INFO  util.JmxRegister (JmxRegister.java:unregister(73)) - Successfully un-registered JMX Bean with object name Ratis:service=RaftServer,group=group-E71C5A4FA3D2,id=9fb3a90b-6363-46e5-8016-cecbb128012f
2019-10-14 14:38:15,364 [ForkJoinPool.commonPool-worker-1] INFO  util.JmxRegister (JmxRegister.java:unregister(73)) - Successfully un-registered JMX Bean with object name Ratis:service=RaftServer,group=group-A9E961950CAF,id=596d0b68-a203-4961-8858-8f0f1271466f
2019-10-14 14:38:15,364 [main] INFO  impl.RoleInfo (RoleInfo.java:shutdownLeaderState(104)) - 9fb3a90b-6363-46e5-8016-cecbb128012f: shutdown LeaderState
2019-10-14 14:38:15,364 [ForkJoinPool.commonPool-worker-1] INFO  impl.RoleInfo (RoleInfo.java:shutdownLeaderState(104)) - 596d0b68-a203-4961-8858-8f0f1271466f: shutdown LeaderState
2019-10-14 14:38:15,364 [main] INFO  impl.PendingRequests (PendingRequests.java:sendNotLeaderResponses(202)) - 9fb3a90b-6363-46e5-8016-cecbb128012f@group-E71C5A4FA3D2-PendingRequests: sendNotLeaderResponses
2019-10-14 14:38:15,371 [org.apache.ratis.server.impl.LogAppender$AppenderDaemon$$Lambda$544/488524568@230b7ace] WARN  server.GrpcLogAppender (GrpcLogAppender.java:mayWait(143)) - 596d0b68-a203-4961-8858-8f0f1271466f@group-A9E961950CAF->888dcfc4-2dcf-4813-9860-ae74be64d77f-GrpcLogAppender: Wait interrupted by java.lang.InterruptedException
2019-10-14 14:38:15,370 [ForkJoinPool.commonPool-worker-1] INFO  impl.PendingRequests (PendingRequests.java:sendNotLeaderResponses(202)) - 596d0b68-a203-4961-8858-8f0f1271466f@group-A9E961950CAF-PendingRequests: sendNotLeaderResponses
2019-10-14 14:38:15,370 [org.apache.ratis.server.impl.LogAppender$AppenderDaemon$$Lambda$544/488524568@43025cff] WARN  server.GrpcLogAppender (GrpcLogAppender.java:mayWait(143)) - 596d0b68-a203-4961-8858-8f0f1271466f@group-A9E961950CAF->b36740b2-8a0d-4d73-b3c2-1334d0c0d750-GrpcLogAppender: Wait interrupted by java.lang.InterruptedException
2019-10-14 14:38:15,371 [main] INFO  impl.StateMachineUpdater (StateMachineUpdater.java:stopAndJoin(136)) - 9fb3a90b-6363-46e5-8016-cecbb128012f@group-E71C5A4FA3D2-StateMachineUpdater: set stopIndex = 0
2019-10-14 14:38:15,374 [ForkJoinPool.commonPool-worker-1] INFO  impl.StateMachineUpdater (StateMachineUpdater.java:stopAndJoin(136)) - 596d0b68-a203-4961-8858-8f0f1271466f@group-A9E961950CAF-StateMachineUpdater: set stopIndex = 16
2019-10-14 14:38:15,375 [596d0b68-a203-4961-8858-8f0f1271466f@group-A9E961950CAF-StateMachineUpdater] INFO  ratis.ContainerStateMachine (ContainerStateMachine.java:takeSnapshot(294)) - group-A9E961950CAF: Taking a snapshot at:(t:1, i:14) file /workdir/hadoop-ozone/integration-test/target/test-dir/MiniOzoneClusterImpl-14a7b98e-e39a-4234-b5fd-28b5658d784a/datanode-1/data/ratis/48615daa-b4b1-4a97-9418-a9e961950caf/sm/snapshot.1_14
2019-10-14 14:38:15,375 [grpc-default-executor-6] INFO  server.GrpcServerProtocolService (GrpcServerProtocolService.java:onCompleted(113)) - 888dcfc4-2dcf-4813-9860-ae74be64d77f: Completed APPEND_ENTRIES, lastRequest: 596d0b68-a203-4961-8858-8f0f1271466f->888dcfc4-2dcf-4813-9860-ae74be64d77f#28-t1, previous=(t:1, i:16), leaderCommit=16, initializing? false, entries: <empty>
2019-10-14 14:38:15,375 [grpc-default-executor-0] INFO  server.GrpcServerProtocolService (GrpcServerProtocolService.java:onCompleted(113)) - b36740b2-8a0d-4d73-b3c2-1334d0c0d750: Completed APPEND_ENTRIES, lastRequest: 596d0b68-a203-4961-8858-8f0f1271466f->b36740b2-8a0d-4d73-b3c2-1334d0c0d750#28-t1, previous=(t:1, i:16), leaderCommit=16, initializing? false, entries: <empty>
2019-10-14 14:38:15,375 [main] INFO  impl.RaftServerImpl (ServerState.java:close(387)) - 9fb3a90b-6363-46e5-8016-cecbb128012f@group-E71C5A4FA3D2: closes. applyIndex: 0
2019-10-14 14:38:15,375 [grpc-default-executor-0] INFO  server.GrpcLogAppender (GrpcLogAppender.java:onCompleted(293)) - 596d0b68-a203-4961-8858-8f0f1271466f@group-A9E961950CAF->b36740b2-8a0d-4d73-b3c2-1334d0c0d750-AppendLogResponseHandler: follower responses appendEntries COMPLETED
2019-10-14 14:38:15,375 [9fb3a90b-6363-46e5-8016-cecbb128012f@group-E71C5A4FA3D2-SegmentedRaftLogWorker] INFO  segmented.SegmentedRaftLogWorker (SegmentedRaftLogWorker.java:run(316)) - 9fb3a90b-6363-46e5-8016-cecbb128012f@group-E71C5A4FA3D2-SegmentedRaftLogWorker was interrupted, exiting. There are 0 tasks remaining in the queue.
2019-10-14 14:38:15,376 [grpc-default-executor-12] INFO  server.GrpcLogAppender (GrpcLogAppender.java:onCompleted(293)) - 596d0b68-a203-4961-8858-8f0f1271466f@group-A9E961950CAF->888dcfc4-2dcf-4813-9860-ae74be64d77f-AppendLogResponseHandler: follower responses appendEntries COMPLETED
2019-10-14 14:38:15,379 [grpc-default-executor-0] INFO  impl.FollowerInfo (FollowerInfo.java:lambda$new$0(51)) - 596d0b68-a203-4961-8858-8f0f1271466f@group-A9E961950CAF->b36740b2-8a0d-4d73-b3c2-1334d0c0d750: nextIndex: updateUnconditionally 17 -> 16
2019-10-14 14:38:15,380 [grpc-default-executor-12] INFO  impl.FollowerInfo (FollowerInfo.java:lambda$new$0(51)) - 596d0b68-a203-4961-8858-8f0f1271466f@group-A9E961950CAF->888dcfc4-2dcf-4813-9860-ae74be64d77f: nextIndex: updateUnconditionally 17 -> 16
2019-10-14 14:38:15,382 [grpc-default-executor-12] WARN  server.GrpcLogAppender (LogUtils.java:warn(134)) - 2a3837c4-e4ae-4808-9c0c-c0b157469c32@group-D73941D5C942->1d50c7e2-07ef-46f5-8799-c9884e2b0ea2-AppendLogResponseHandler: Failed appendEntries: org.apache.ratis.thirdparty.io.grpc.StatusRuntimeException: UNAVAILABLE: io exception
2019-10-14 14:38:15,382 [grpc-default-executor-12] INFO  impl.FollowerInfo (FollowerInfo.java:lambda$new$0(51)) - 2a3837c4-e4ae-4808-9c0c-c0b157469c32@group-D73941D5C942->1d50c7e2-07ef-46f5-8799-c9884e2b0ea2: nextIndex: updateUnconditionally 0 -> 0
2019-10-14 14:38:15,387 [main] INFO  segmented.SegmentedRaftLogWorker (SegmentedRaftLogWorker.java:close(224)) - 9fb3a90b-6363-46e5-8016-cecbb128012f@group-E71C5A4FA3D2-SegmentedRaftLogWorker close()
2019-10-14 14:38:15,390 [main] INFO  impl.RaftServerImpl (RaftServerImpl.java:lambda$shutdown$3(247)) - 9fb3a90b-6363-46e5-8016-cecbb128012f@group-D73941D5C942: shutdown
2019-10-14 14:38:15,390 [main] INFO  util.JmxRegister (JmxRegister.java:unregister(73)) - Successfully un-registered JMX Bean with object name Ratis:service=RaftServer,group=group-D73941D5C942,id=9fb3a90b-6363-46e5-8016-cecbb128012f
2019-10-14 14:38:15,390 [596d0b68-a203-4961-8858-8f0f1271466f@group-A9E961950CAF-StateMachineUpdater] INFO  ratis.ContainerStateMachine (ContainerStateMachine.java:takeSnapshot(305)) - group-A9E961950CAF: Finished taking a snapshot at:(t:1, i:14) file:/workdir/hadoop-ozone/integration-test/target/test-dir/MiniOzoneClusterImpl-14a7b98e-e39a-4234-b5fd-28b5658d784a/datanode-1/data/ratis/48615daa-b4b1-4a97-9418-a9e961950caf/sm/snapshot.1_14 time:16
2019-10-14 14:38:15,391 [main] INFO  impl.RoleInfo (RoleInfo.java:shutdownFollowerState(121)) - 9fb3a90b-6363-46e5-8016-cecbb128012f: shutdown FollowerState
2019-10-14 14:38:15,391 [596d0b68-a203-4961-8858-8f0f1271466f@group-A9E961950CAF-StateMachineUpdater] INFO  impl.StateMachineUpdater (StateMachineUpdater.java:takeSnapshot(269)) - 596d0b68-a203-4961-8858-8f0f1271466f@group-A9E961950CAF-StateMachineUpdater: Took a snapshot at index 14
2019-10-14 14:38:15,391 [main] INFO  impl.StateMachineUpdater (StateMachineUpdater.java:stopAndJoin(136)) - 9fb3a90b-6363-46e5-8016-cecbb128012f@group-D73941D5C942-StateMachineUpdater: set stopIndex = 18
2019-10-14 14:38:15,391 [Thread-3333] INFO  impl.FollowerState (FollowerState.java:run(117)) - 9fb3a90b-6363-46e5-8016-cecbb128012f@group-D73941D5C942-FollowerState was interrupted: java.lang.InterruptedException: sleep interrupted
2019-10-14 14:38:15,391 [9fb3a90b-6363-46e5-8016-cecbb128012f@group-D73941D5C942-StateMachineUpdater] INFO  ratis.ContainerStateMachine (ContainerStateMachine.java:takeSnapshot(294)) - group-D73941D5C942: Taking a snapshot at:(t:2, i:14) file /workdir/hadoop-ozone/integration-test/target/test-dir/MiniOzoneClusterImpl-14a7b98e-e39a-4234-b5fd-28b5658d784a/datanode-4/data/ratis/a570a0d1-8d7d-4dfb-83a5-d73941d5c942/sm/snapshot.2_14
2019-10-14 14:38:15,391 [596d0b68-a203-4961-8858-8f0f1271466f@group-A9E961950CAF-StateMachineUpdater] INFO  impl.StateMachineUpdater (StateMachineUpdater.java:lambda$new$0(84)) - 596d0b68-a203-4961-8858-8f0f1271466f@group-A9E961950CAF-StateMachineUpdater: snapshotIndex: updateIncreasingly -1 -> 14
2019-10-14 14:38:15,393 [596d0b68-a203-4961-8858-8f0f1271466f@group-A9E961950CAF-StateMachineUpdater] INFO  ratis.ContainerStateMachine (ContainerStateMachine.java:takeSnapshot(294)) - group-A9E961950CAF: Taking a snapshot at:(t:1, i:14) file /workdir/hadoop-ozone/integration-test/target/test-dir/MiniOzoneClusterImpl-14a7b98e-e39a-4234-b5fd-28b5658d784a/datanode-1/data/ratis/48615daa-b4b1-4a97-9418-a9e961950caf/sm/snapshot.1_14
2019-10-14 14:38:15,406 [596d0b68-a203-4961-8858-8f0f1271466f@group-A9E961950CAF-StateMachineUpdater] INFO  ratis.ContainerStateMachine (ContainerStateMachine.java:takeSnapshot(305)) - group-A9E961950CAF: Finished taking a snapshot at:(t:1, i:14) file:/workdir/hadoop-ozone/integration-test/target/test-dir/MiniOzoneClusterImpl-14a7b98e-e39a-4234-b5fd-28b5658d784a/datanode-1/data/ratis/48615daa-b4b1-4a97-9418-a9e961950caf/sm/snapshot.1_14 time:12
2019-10-14 14:38:15,406 [9fb3a90b-6363-46e5-8016-cecbb128012f@group-D73941D5C942-StateMachineUpdater] INFO  ratis.ContainerStateMachine (ContainerStateMachine.java:takeSnapshot(305)) - group-D73941D5C942: Finished taking a snapshot at:(t:2, i:14) file:/workdir/hadoop-ozone/integration-test/target/test-dir/MiniOzoneClusterImpl-14a7b98e-e39a-4234-b5fd-28b5658d784a/datanode-4/data/ratis/a570a0d1-8d7d-4dfb-83a5-d73941d5c942/sm/snapshot.2_14 time:14
2019-10-14 14:38:15,406 [596d0b68-a203-4961-8858-8f0f1271466f@group-A9E961950CAF-StateMachineUpdater] INFO  impl.StateMachineUpdater (StateMachineUpdater.java:takeSnapshot(269)) - 596d0b68-a203-4961-8858-8f0f1271466f@group-A9E961950CAF-StateMachineUpdater: Took a snapshot at index 14
2019-10-14 14:38:15,406 [596d0b68-a203-4961-8858-8f0f1271466f@group-A9E961950CAF-StateMachineUpdater] INFO  impl.StateMachineUpdater (StateMachineUpdater.java:lambda$new$0(84)) - 596d0b68-a203-4961-8858-8f0f1271466f@group-A9E961950CAF-StateMachineUpdater: snapshotIndex: updateIncreasingly 14 -> 14
2019-10-14 14:38:15,406 [9fb3a90b-6363-46e5-8016-cecbb128012f@group-D73941D5C942-StateMachineUpdater] INFO  impl.StateMachineUpdater (StateMachineUpdater.java:takeSnapshot(269)) - 9fb3a90b-6363-46e5-8016-cecbb128012f@group-D73941D5C942-StateMachineUpdater: Took a snapshot at index 14
2019-10-14 14:38:15,406 [9fb3a90b-6363-46e5-8016-cecbb128012f@group-D73941D5C942-StateMachineUpdater] INFO  impl.StateMachineUpdater (StateMachineUpdater.java:lambda$new$0(84)) - 9fb3a90b-6363-46e5-8016-cecbb128012f@group-D73941D5C942-StateMachineUpdater: snapshotIndex: updateIncreasingly -1 -> 14
2019-10-14 14:38:15,406 [ForkJoinPool.commonPool-worker-1] INFO  impl.RaftServerImpl (ServerState.java:close(387)) - 596d0b68-a203-4961-8858-8f0f1271466f@group-A9E961950CAF: closes. applyIndex: 16
2019-10-14 14:38:15,407 [9fb3a90b-6363-46e5-8016-cecbb128012f@group-D73941D5C942-StateMachineUpdater] INFO  ratis.ContainerStateMachine (ContainerStateMachine.java:takeSnapshot(294)) - group-D73941D5C942: Taking a snapshot at:(t:2, i:14) file /workdir/hadoop-ozone/integration-test/target/test-dir/MiniOzoneClusterImpl-14a7b98e-e39a-4234-b5fd-28b5658d784a/datanode-4/data/ratis/a570a0d1-8d7d-4dfb-83a5-d73941d5c942/sm/snapshot.2_14
2019-10-14 14:38:15,407 [596d0b68-a203-4961-8858-8f0f1271466f@group-A9E961950CAF-SegmentedRaftLogWorker] INFO  segmented.SegmentedRaftLogWorker (SegmentedRaftLogWorker.java:run(316)) - 596d0b68-a203-4961-8858-8f0f1271466f@group-A9E961950CAF-SegmentedRaftLogWorker was interrupted, exiting. There are 0 tasks remaining in the queue.
2019-10-14 14:38:15,409 [ForkJoinPool.commonPool-worker-1] INFO  segmented.SegmentedRaftLogWorker (SegmentedRaftLogWorker.java:close(224)) - 596d0b68-a203-4961-8858-8f0f1271466f@group-A9E961950CAF-SegmentedRaftLogWorker close()
2019-10-14 14:38:15,414 [ForkJoinPool.commonPool-worker-1] INFO  impl.RaftServerImpl (RaftServerImpl.java:lambda$shutdown$3(247)) - 596d0b68-a203-4961-8858-8f0f1271466f@group-70ED4CD9807C: shutdown
2019-10-14 14:38:15,414 [ForkJoinPool.commonPool-worker-1] INFO  util.JmxRegister (JmxRegister.java:unregister(73)) - Successfully un-registered JMX Bean with object name Ratis:service=RaftServer,group=group-70ED4CD9807C,id=596d0b68-a203-4961-8858-8f0f1271466f
2019-10-14 14:38:15,414 [ForkJoinPool.commonPool-worker-1] INFO  impl.RoleInfo (RoleInfo.java:shutdownLeaderState(104)) - 596d0b68-a203-4961-8858-8f0f1271466f: shutdown LeaderState
2019-10-14 14:38:15,415 [ForkJoinPool.commonPool-worker-1] INFO  impl.PendingRequests (PendingRequests.java:sendNotLeaderResponses(202)) - 596d0b68-a203-4961-8858-8f0f1271466f@group-70ED4CD9807C-PendingRequests: sendNotLeaderResponses
2019-10-14 14:38:15,415 [ForkJoinPool.commonPool-worker-1] INFO  impl.StateMachineUpdater (StateMachineUpdater.java:stopAndJoin(136)) - 596d0b68-a203-4961-8858-8f0f1271466f@group-70ED4CD9807C-StateMachineUpdater: set stopIndex = 0
2019-10-14 14:38:15,415 [ForkJoinPool.commonPool-worker-1] INFO  impl.RaftServerImpl (ServerState.java:close(387)) - 596d0b68-a203-4961-8858-8f0f1271466f@group-70ED4CD9807C: closes. applyIndex: 0
2019-10-14 14:38:15,415 [596d0b68-a203-4961-8858-8f0f1271466f@group-70ED4CD9807C-SegmentedRaftLogWorker] INFO  segmented.SegmentedRaftLogWorker (SegmentedRaftLogWorker.java:run(316)) - 596d0b68-a203-4961-8858-8f0f1271466f@group-70ED4CD9807C-SegmentedRaftLogWorker was interrupted, exiting. There are 0 tasks remaining in the queue.
2019-10-14 14:38:15,418 [ForkJoinPool.commonPool-worker-1] INFO  segmented.SegmentedRaftLogWorker (SegmentedRaftLogWorker.java:close(224)) - 596d0b68-a203-4961-8858-8f0f1271466f@group-70ED4CD9807C-SegmentedRaftLogWorker close()
2019-10-14 14:38:15,423 [ForkJoinPool.commonPool-worker-1] INFO  server.GrpcService (GrpcService.java:closeImpl(164)) - 596d0b68-a203-4961-8858-8f0f1271466f: shutdown server with port 43087 now
2019-10-14 14:38:15,423 [9fb3a90b-6363-46e5-8016-cecbb128012f@group-D73941D5C942-StateMachineUpdater] INFO  ratis.ContainerStateMachine (ContainerStateMachine.java:takeSnapshot(305)) - group-D73941D5C942: Finished taking a snapshot at:(t:2, i:14) file:/workdir/hadoop-ozone/integration-test/target/test-dir/MiniOzoneClusterImpl-14a7b98e-e39a-4234-b5fd-28b5658d784a/datanode-4/data/ratis/a570a0d1-8d7d-4dfb-83a5-d73941d5c942/sm/snapshot.2_14 time:17
2019-10-14 14:38:15,424 [9fb3a90b-6363-46e5-8016-cecbb128012f@group-D73941D5C942-StateMachineUpdater] INFO  impl.StateMachineUpdater (StateMachineUpdater.java:takeSnapshot(269)) - 9fb3a90b-6363-46e5-8016-cecbb128012f@group-D73941D5C942-StateMachineUpdater: Took a snapshot at index 14
2019-10-14 14:38:15,424 [9fb3a90b-6363-46e5-8016-cecbb128012f@group-D73941D5C942-StateMachineUpdater] INFO  impl.StateMachineUpdater (StateMachineUpdater.java:lambda$new$0(84)) - 9fb3a90b-6363-46e5-8016-cecbb128012f@group-D73941D5C942-StateMachineUpdater: snapshotIndex: updateIncreasingly 14 -> 14
2019-10-14 14:38:15,424 [main] INFO  impl.RaftServerImpl (ServerState.java:close(387)) - 9fb3a90b-6363-46e5-8016-cecbb128012f@group-D73941D5C942: closes. applyIndex: 18
2019-10-14 14:38:15,424 [ForkJoinPool.commonPool-worker-1] INFO  server.GrpcService (GrpcService.java:closeImpl(172)) - 596d0b68-a203-4961-8858-8f0f1271466f: shutdown server with port 43087 successfully
2019-10-14 14:38:15,424 [grpc-default-executor-0] WARN  client.GrpcClientProtocolService (LogUtils.java:warn(134)) - 1-UnorderedRequestStreamObserver1: onError: org.apache.ratis.thirdparty.io.grpc.StatusRuntimeException: CANCELLED: cancelled before receiving half close
2019-10-14 14:38:15,424 [9fb3a90b-6363-46e5-8016-cecbb128012f@group-D73941D5C942-SegmentedRaftLogWorker] INFO  segmented.SegmentedRaftLogWorker (SegmentedRaftLogWorker.java:run(316)) - 9fb3a90b-6363-46e5-8016-cecbb128012f@group-D73941D5C942-SegmentedRaftLogWorker was interrupted, exiting. There are 0 tasks remaining in the queue.
2019-10-14 14:38:15,427 [main] INFO  segmented.SegmentedRaftLogWorker (SegmentedRaftLogWorker.java:close(224)) - 9fb3a90b-6363-46e5-8016-cecbb128012f@group-D73941D5C942-SegmentedRaftLogWorker close()
2019-10-14 14:38:15,432 [main] INFO  server.GrpcService (GrpcService.java:closeImpl(164)) - 9fb3a90b-6363-46e5-8016-cecbb128012f: shutdown server with port 40696 now
2019-10-14 14:38:15,432 [refreshUsed-/workdir/hadoop-ozone/integration-test/target/test-dir/MiniOzoneClusterImpl-14a7b98e-e39a-4234-b5fd-28b5658d784a/datanode-1/data/containers] WARN  fs.CachingGetSpaceUsed (CachingGetSpaceUsed.java:run(183)) - Thread Interrupted waiting to refresh disk information: sleep interrupted
2019-10-14 14:38:15,433 [main] INFO  server.GrpcService (GrpcService.java:closeImpl(172)) - 9fb3a90b-6363-46e5-8016-cecbb128012f: shutdown server with port 40696 successfully
2019-10-14 14:38:15,433 [grpc-default-executor-12] WARN  server.GrpcServerProtocolService (LogUtils.java:warn(134)) - 9fb3a90b-6363-46e5-8016-cecbb128012f: installSnapshot onError, lastRequest: 2a3837c4-e4ae-4808-9c0c-c0b157469c32->9fb3a90b-6363-46e5-8016-cecbb128012f#5-t3, previous=(t:3, i:18), leaderCommit=18, initializing? false, entries: <empty>: org.apache.ratis.thirdparty.io.grpc.StatusRuntimeException: CANCELLED: cancelled before receiving half close
2019-10-14 14:38:15,433 [grpc-default-executor-0] WARN  server.GrpcLogAppender (LogUtils.java:warn(134)) - 2a3837c4-e4ae-4808-9c0c-c0b157469c32@group-D73941D5C942->9fb3a90b-6363-46e5-8016-cecbb128012f-AppendLogResponseHandler: Failed appendEntries: org.apache.ratis.thirdparty.io.grpc.StatusRuntimeException: CANCELLED: HTTP/2 error code: CANCEL
Received Rst Stream
2019-10-14 14:38:15,434 [grpc-default-executor-0] INFO  impl.FollowerInfo (FollowerInfo.java:lambda$new$0(51)) - 2a3837c4-e4ae-4808-9c0c-c0b157469c32@group-D73941D5C942->9fb3a90b-6363-46e5-8016-cecbb128012f: nextIndex: updateUnconditionally 19 -> 18
2019-10-14 14:38:15,438 [refreshUsed-/workdir/hadoop-ozone/integration-test/target/test-dir/MiniOzoneClusterImpl-14a7b98e-e39a-4234-b5fd-28b5658d784a/datanode-4/data/containers] WARN  fs.CachingGetSpaceUsed (CachingGetSpaceUsed.java:run(183)) - Thread Interrupted waiting to refresh disk information: sleep interrupted
2019-10-14 14:38:15,452 [ForkJoinPool.commonPool-worker-1] INFO  utils.BackgroundService (BackgroundService.java:shutdown(151)) - Shutting down service BlockDeletingService
2019-10-14 14:38:15,458 [ForkJoinPool.commonPool-worker-1] INFO  statemachine.DatanodeStateMachine (DatanodeStateMachine.java:stopDaemon(395)) - Ozone container server stopped.
2019-10-14 14:38:15,465 [ForkJoinPool.commonPool-worker-1] INFO  handler.ContextHandler (ContextHandler.java:doStop(910)) - Stopped o.e.j.w.WebAppContext@5763a655{/,null,UNAVAILABLE}{/hddsDatanode}
2019-10-14 14:38:15,465 [ForkJoinPool.commonPool-worker-1] INFO  server.AbstractConnector (AbstractConnector.java:doStop(318)) - Stopped ServerConnector@40c8067{HTTP/1.1,[http/1.1]}{0.0.0.0:0}
2019-10-14 14:38:15,467 [ForkJoinPool.commonPool-worker-1] INFO  handler.ContextHandler (ContextHandler.java:doStop(910)) - Stopped o.e.j.s.ServletContextHandler@545d2560{/static,jar:file:/home/user/.m2/repository/org/apache/hadoop/hadoop-hdds-container-service/0.5.0-SNAPSHOT/hadoop-hdds-container-service-0.5.0-SNAPSHOT.jar!/webapps/static,UNAVAILABLE}
2019-10-14 14:38:15,469 [ForkJoinPool.commonPool-worker-1] INFO  handler.ContextHandler (ContextHandler.java:doStop(910)) - Stopped o.e.j.s.ServletContextHandler@7741ae1b{/logs,file:///workdir/hadoop-ozone/integration-test/target/log,UNAVAILABLE}
2019-10-14 14:38:15,474 [main] INFO  utils.BackgroundService (BackgroundService.java:shutdown(151)) - Shutting down service BlockDeletingService
2019-10-14 14:38:15,479 [main] INFO  statemachine.DatanodeStateMachine (DatanodeStateMachine.java:stopDaemon(395)) - Ozone container server stopped.
2019-10-14 14:38:15,480 [main] INFO  handler.ContextHandler (ContextHandler.java:doStop(910)) - Stopped o.e.j.w.WebAppContext@9785903{/,null,UNAVAILABLE}{/hddsDatanode}
2019-10-14 14:38:15,481 [main] INFO  server.AbstractConnector (AbstractConnector.java:doStop(318)) - Stopped ServerConnector@34009349{HTTP/1.1,[http/1.1]}{0.0.0.0:0}
2019-10-14 14:38:15,482 [main] INFO  handler.ContextHandler (ContextHandler.java:doStop(910)) - Stopped o.e.j.s.ServletContextHandler@16f7f59f{/static,jar:file:/home/user/.m2/repository/org/apache/hadoop/hadoop-hdds-container-service/0.5.0-SNAPSHOT/hadoop-hdds-container-service-0.5.0-SNAPSHOT.jar!/webapps/static,UNAVAILABLE}
2019-10-14 14:38:15,482 [main] INFO  handler.ContextHandler (ContextHandler.java:doStop(910)) - Stopped o.e.j.s.ServletContextHandler@39449465{/logs,file:///workdir/hadoop-ozone/integration-test/target/log,UNAVAILABLE}
2019-10-14 14:38:15,831 [Datanode State Machine Thread - 0] INFO  statemachine.DatanodeStateMachine (DatanodeStateMachine.java:lambda$startDaemon$0(350)) - Ozone container server started.
2019-10-14 14:38:16,087 [Datanode State Machine Thread - 0] INFO  statemachine.DatanodeStateMachine (DatanodeStateMachine.java:lambda$startDaemon$0(350)) - Ozone container server started.
2019-10-14 14:38:17,884 [grpc-default-executor-12] WARN  server.GrpcLogAppender (LogUtils.java:warn(134)) - 2a3837c4-e4ae-4808-9c0c-c0b157469c32@group-D73941D5C942->9fb3a90b-6363-46e5-8016-cecbb128012f-AppendLogResponseHandler: Failed appendEntries: org.apache.ratis.thirdparty.io.grpc.StatusRuntimeException: UNAVAILABLE: io exception
2019-10-14 14:38:17,884 [grpc-default-executor-0] WARN  server.GrpcLogAppender (LogUtils.java:warn(134)) - 2a3837c4-e4ae-4808-9c0c-c0b157469c32@group-D73941D5C942->1d50c7e2-07ef-46f5-8799-c9884e2b0ea2-AppendLogResponseHandler: Failed appendEntries: org.apache.ratis.thirdparty.io.grpc.StatusRuntimeException: UNAVAILABLE: io exception
2019-10-14 14:38:17,886 [grpc-default-executor-12] INFO  impl.FollowerInfo (FollowerInfo.java:lambda$new$0(51)) - 2a3837c4-e4ae-4808-9c0c-c0b157469c32@group-D73941D5C942->9fb3a90b-6363-46e5-8016-cecbb128012f: nextIndex: updateUnconditionally 18 -> 17
2019-10-14 14:38:17,886 [grpc-default-executor-0] INFO  impl.FollowerInfo (FollowerInfo.java:lambda$new$0(51)) - 2a3837c4-e4ae-4808-9c0c-c0b157469c32@group-D73941D5C942->1d50c7e2-07ef-46f5-8799-c9884e2b0ea2: nextIndex: updateUnconditionally 0 -> 0
2019-10-14 14:38:19,897 [EventQueue-StaleNodeForStaleNodeHandler] INFO  node.StaleNodeHandler (StaleNodeHandler.java:onMessage(58)) - Datanode 6b47e83d-afb7-49f6-8e11-7b7741dec319{ip: 192.168.157.234, host: pr-hdds-2302-x69hs-1458597746, networkLocation: /default-rack, certSerialId: null} moved to stale state. Finalizing its pipelines [PipelineID=53ba2664-ca4b-479a-949d-c1ded7282892]
2019-10-14 14:38:19,898 [EventQueue-StaleNodeForStaleNodeHandler] INFO  pipeline.SCMPipelineManager (SCMPipelineManager.java:finalizeAndDestroyPipeline(315)) - destroying pipeline:Pipeline[ Id: 53ba2664-ca4b-479a-949d-c1ded7282892, Nodes: 6b47e83d-afb7-49f6-8e11-7b7741dec319{ip: 192.168.157.234, host: pr-hdds-2302-x69hs-1458597746, networkLocation: /default-rack, certSerialId: null}, Type:RATIS, Factor:ONE, State:OPEN]
2019-10-14 14:38:19,899 [EventQueue-StaleNodeForStaleNodeHandler] INFO  pipeline.PipelineStateManager (PipelineStateManager.java:finalizePipeline(123)) - Pipeline Pipeline[ Id: 53ba2664-ca4b-479a-949d-c1ded7282892, Nodes: 6b47e83d-afb7-49f6-8e11-7b7741dec319{ip: 192.168.157.234, host: pr-hdds-2302-x69hs-1458597746, networkLocation: /default-rack, certSerialId: null}, Type:RATIS, Factor:ONE, State:CLOSED] moved to CLOSED state
2019-10-14 14:38:20,097 [EventQueue-StaleNodeForStaleNodeHandler] INFO  node.StaleNodeHandler (StaleNodeHandler.java:onMessage(58)) - Datanode b36740b2-8a0d-4d73-b3c2-1334d0c0d750{ip: 192.168.157.234, host: pr-hdds-2302-x69hs-1458597746, networkLocation: /default-rack, certSerialId: null} moved to stale state. Finalizing its pipelines [PipelineID=48615daa-b4b1-4a97-9418-a9e961950caf, PipelineID=e89ee4e7-7701-42f7-9b91-54cf1cf14ac8]
2019-10-14 14:38:20,098 [EventQueue-StaleNodeForStaleNodeHandler] INFO  pipeline.SCMPipelineManager (SCMPipelineManager.java:finalizeAndDestroyPipeline(315)) - destroying pipeline:Pipeline[ Id: 48615daa-b4b1-4a97-9418-a9e961950caf, Nodes: 888dcfc4-2dcf-4813-9860-ae74be64d77f{ip: 192.168.157.234, host: pr-hdds-2302-x69hs-1458597746, networkLocation: /default-rack, certSerialId: null}b36740b2-8a0d-4d73-b3c2-1334d0c0d750{ip: 192.168.157.234, host: pr-hdds-2302-x69hs-1458597746, networkLocation: /default-rack, certSerialId: null}596d0b68-a203-4961-8858-8f0f1271466f{ip: 192.168.157.234, host: pr-hdds-2302-x69hs-1458597746, networkLocation: /default-rack, certSerialId: null}, Type:RATIS, Factor:THREE, State:CLOSED]
2019-10-14 14:38:20,098 [EventQueue-StaleNodeForStaleNodeHandler] INFO  pipeline.SCMPipelineManager (SCMPipelineManager.java:finalizeAndDestroyPipeline(315)) - destroying pipeline:Pipeline[ Id: e89ee4e7-7701-42f7-9b91-54cf1cf14ac8, Nodes: b36740b2-8a0d-4d73-b3c2-1334d0c0d750{ip: 192.168.157.234, host: pr-hdds-2302-x69hs-1458597746, networkLocation: /default-rack, certSerialId: null}, Type:RATIS, Factor:ONE, State:OPEN]
2019-10-14 14:38:20,098 [EventQueue-StaleNodeForStaleNodeHandler] INFO  pipeline.PipelineStateManager (PipelineStateManager.java:finalizePipeline(123)) - Pipeline Pipeline[ Id: e89ee4e7-7701-42f7-9b91-54cf1cf14ac8, Nodes: b36740b2-8a0d-4d73-b3c2-1334d0c0d750{ip: 192.168.157.234, host: pr-hdds-2302-x69hs-1458597746, networkLocation: /default-rack, certSerialId: null}, Type:RATIS, Factor:ONE, State:CLOSED] moved to CLOSED state
2019-10-14 14:38:20,389 [grpc-default-executor-12] WARN  server.GrpcLogAppender (LogUtils.java:warn(134)) - 2a3837c4-e4ae-4808-9c0c-c0b157469c32@group-D73941D5C942->9fb3a90b-6363-46e5-8016-cecbb128012f-AppendLogResponseHandler: Failed appendEntries: org.apache.ratis.thirdparty.io.grpc.StatusRuntimeException: UNAVAILABLE: io exception
2019-10-14 14:38:20,389 [grpc-default-executor-0] WARN  server.GrpcLogAppender (LogUtils.java:warn(134)) - 2a3837c4-e4ae-4808-9c0c-c0b157469c32@group-D73941D5C942->1d50c7e2-07ef-46f5-8799-c9884e2b0ea2-AppendLogResponseHandler: Failed appendEntries: org.apache.ratis.thirdparty.io.grpc.StatusRuntimeException: UNAVAILABLE: io exception
2019-10-14 14:38:20,397 [grpc-default-executor-0] INFO  impl.FollowerInfo (FollowerInfo.java:lambda$new$0(51)) - 2a3837c4-e4ae-4808-9c0c-c0b157469c32@group-D73941D5C942->1d50c7e2-07ef-46f5-8799-c9884e2b0ea2: nextIndex: updateUnconditionally 0 -> 0
2019-10-14 14:38:20,397 [grpc-default-executor-12] INFO  impl.FollowerInfo (FollowerInfo.java:lambda$new$0(51)) - 2a3837c4-e4ae-4808-9c0c-c0b157469c32@group-D73941D5C942->9fb3a90b-6363-46e5-8016-cecbb128012f: nextIndex: updateUnconditionally 17 -> 16
2019-10-14 14:38:20,472 [ForkJoinPool.commonPool-worker-1] INFO  ozoneimpl.OzoneContainer (OzoneContainer.java:stop(227)) - Attempting to stop container services.
2019-10-14 14:38:20,473 [ForkJoinPool.commonPool-worker-1] INFO  impl.RaftServerProxy (RaftServerProxy.java:lambda$close$4(314)) - b36740b2-8a0d-4d73-b3c2-1334d0c0d750: close
2019-10-14 14:38:20,474 [ForkJoinPool.commonPool-worker-1] INFO  impl.RaftServerImpl (RaftServerImpl.java:lambda$shutdown$3(247)) - b36740b2-8a0d-4d73-b3c2-1334d0c0d750@group-A9E961950CAF: shutdown
2019-10-14 14:38:20,474 [ForkJoinPool.commonPool-worker-1] INFO  util.JmxRegister (JmxRegister.java:unregister(73)) - Successfully un-registered JMX Bean with object name Ratis:service=RaftServer,group=group-A9E961950CAF,id=b36740b2-8a0d-4d73-b3c2-1334d0c0d750
2019-10-14 14:38:20,475 [ForkJoinPool.commonPool-worker-1] INFO  impl.RoleInfo (RoleInfo.java:shutdownFollowerState(121)) - b36740b2-8a0d-4d73-b3c2-1334d0c0d750: shutdown FollowerState
2019-10-14 14:38:20,475 [ForkJoinPool.commonPool-worker-1] INFO  impl.StateMachineUpdater (StateMachineUpdater.java:stopAndJoin(136)) - b36740b2-8a0d-4d73-b3c2-1334d0c0d750@group-A9E961950CAF-StateMachineUpdater: set stopIndex = 16
2019-10-14 14:38:20,475 [Thread-3174] INFO  impl.FollowerState (FollowerState.java:run(117)) - b36740b2-8a0d-4d73-b3c2-1334d0c0d750@group-A9E961950CAF-FollowerState was interrupted: java.lang.InterruptedException: sleep interrupted
2019-10-14 14:38:20,475 [b36740b2-8a0d-4d73-b3c2-1334d0c0d750@group-A9E961950CAF-StateMachineUpdater] INFO  ratis.ContainerStateMachine (ContainerStateMachine.java:takeSnapshot(294)) - group-A9E961950CAF: Taking a snapshot at:(t:1, i:14) file /workdir/hadoop-ozone/integration-test/target/test-dir/MiniOzoneClusterImpl-14a7b98e-e39a-4234-b5fd-28b5658d784a/datanode-2/data/ratis/48615daa-b4b1-4a97-9418-a9e961950caf/sm/snapshot.1_14
2019-10-14 14:38:20,491 [main] INFO  ozoneimpl.OzoneContainer (OzoneContainer.java:stop(227)) - Attempting to stop container services.
2019-10-14 14:38:20,492 [main] INFO  impl.RaftServerProxy (RaftServerProxy.java:lambda$close$4(314)) - 6b47e83d-afb7-49f6-8e11-7b7741dec319: close
2019-10-14 14:38:20,492 [main] INFO  impl.RaftServerImpl (RaftServerImpl.java:lambda$shutdown$3(247)) - 6b47e83d-afb7-49f6-8e11-7b7741dec319@group-C1DED7282892: shutdown
2019-10-14 14:38:20,492 [main] INFO  util.JmxRegister (JmxRegister.java:unregister(73)) - Successfully un-registered JMX Bean with object name Ratis:service=RaftServer,group=group-C1DED7282892,id=6b47e83d-afb7-49f6-8e11-7b7741dec319
2019-10-14 14:38:20,493 [main] INFO  impl.RoleInfo (RoleInfo.java:shutdownLeaderState(104)) - 6b47e83d-afb7-49f6-8e11-7b7741dec319: shutdown LeaderState
2019-10-14 14:38:20,493 [main] INFO  impl.PendingRequests (PendingRequests.java:sendNotLeaderResponses(202)) - 6b47e83d-afb7-49f6-8e11-7b7741dec319@group-C1DED7282892-PendingRequests: sendNotLeaderResponses
2019-10-14 14:38:20,494 [main] INFO  impl.StateMachineUpdater (StateMachineUpdater.java:stopAndJoin(136)) - 6b47e83d-afb7-49f6-8e11-7b7741dec319@group-C1DED7282892-StateMachineUpdater: set stopIndex = 0
2019-10-14 14:38:20,494 [main] INFO  impl.RaftServerImpl (ServerState.java:close(387)) - 6b47e83d-afb7-49f6-8e11-7b7741dec319@group-C1DED7282892: closes. applyIndex: 0
2019-10-14 14:38:20,495 [6b47e83d-afb7-49f6-8e11-7b7741dec319@group-C1DED7282892-SegmentedRaftLogWorker] INFO  segmented.SegmentedRaftLogWorker (SegmentedRaftLogWorker.java:run(316)) - 6b47e83d-afb7-49f6-8e11-7b7741dec319@group-C1DED7282892-SegmentedRaftLogWorker was interrupted, exiting. There are 0 tasks remaining in the queue.
2019-10-14 14:38:20,497 [main] INFO  segmented.SegmentedRaftLogWorker (SegmentedRaftLogWorker.java:close(224)) - 6b47e83d-afb7-49f6-8e11-7b7741dec319@group-C1DED7282892-SegmentedRaftLogWorker close()
2019-10-14 14:38:20,500 [main] INFO  server.GrpcService (GrpcService.java:closeImpl(164)) - 6b47e83d-afb7-49f6-8e11-7b7741dec319: shutdown server with port 41528 now
2019-10-14 14:38:20,502 [main] INFO  server.GrpcService (GrpcService.java:closeImpl(172)) - 6b47e83d-afb7-49f6-8e11-7b7741dec319: shutdown server with port 41528 successfully
2019-10-14 14:38:20,505 [refreshUsed-/workdir/hadoop-ozone/integration-test/target/test-dir/MiniOzoneClusterImpl-14a7b98e-e39a-4234-b5fd-28b5658d784a/datanode-6/data/containers] WARN  fs.CachingGetSpaceUsed (CachingGetSpaceUsed.java:run(183)) - Thread Interrupted waiting to refresh disk information: sleep interrupted
2019-10-14 14:38:20,505 [b36740b2-8a0d-4d73-b3c2-1334d0c0d750@group-A9E961950CAF-StateMachineUpdater] INFO  ratis.ContainerStateMachine (ContainerStateMachine.java:takeSnapshot(305)) - group-A9E961950CAF: Finished taking a snapshot at:(t:1, i:14) file:/workdir/hadoop-ozone/integration-test/target/test-dir/MiniOzoneClusterImpl-14a7b98e-e39a-4234-b5fd-28b5658d784a/datanode-2/data/ratis/48615daa-b4b1-4a97-9418-a9e961950caf/sm/snapshot.1_14 time:30
2019-10-14 14:38:20,508 [b36740b2-8a0d-4d73-b3c2-1334d0c0d750@group-A9E961950CAF-StateMachineUpdater] INFO  impl.StateMachineUpdater (StateMachineUpdater.java:takeSnapshot(269)) - b36740b2-8a0d-4d73-b3c2-1334d0c0d750@group-A9E961950CAF-StateMachineUpdater: Took a snapshot at index 14
2019-10-14 14:38:20,508 [b36740b2-8a0d-4d73-b3c2-1334d0c0d750@group-A9E961950CAF-StateMachineUpdater] INFO  impl.StateMachineUpdater (StateMachineUpdater.java:lambda$new$0(84)) - b36740b2-8a0d-4d73-b3c2-1334d0c0d750@group-A9E961950CAF-StateMachineUpdater: snapshotIndex: updateIncreasingly -1 -> 14
2019-10-14 14:38:20,509 [b36740b2-8a0d-4d73-b3c2-1334d0c0d750@group-A9E961950CAF-StateMachineUpdater] INFO  ratis.ContainerStateMachine (ContainerStateMachine.java:takeSnapshot(294)) - group-A9E961950CAF: Taking a snapshot at:(t:1, i:14) file /workdir/hadoop-ozone/integration-test/target/test-dir/MiniOzoneClusterImpl-14a7b98e-e39a-4234-b5fd-28b5658d784a/datanode-2/data/ratis/48615daa-b4b1-4a97-9418-a9e961950caf/sm/snapshot.1_14
2019-10-14 14:38:20,518 [main] INFO  utils.BackgroundService (BackgroundService.java:shutdown(151)) - Shutting down service BlockDeletingService
2019-10-14 14:38:20,522 [b36740b2-8a0d-4d73-b3c2-1334d0c0d750@group-A9E961950CAF-StateMachineUpdater] INFO  ratis.ContainerStateMachine (ContainerStateMachine.java:takeSnapshot(305)) - group-A9E961950CAF: Finished taking a snapshot at:(t:1, i:14) file:/workdir/hadoop-ozone/integration-test/target/test-dir/MiniOzoneClusterImpl-14a7b98e-e39a-4234-b5fd-28b5658d784a/datanode-2/data/ratis/48615daa-b4b1-4a97-9418-a9e961950caf/sm/snapshot.1_14 time:13
2019-10-14 14:38:20,522 [b36740b2-8a0d-4d73-b3c2-1334d0c0d750@group-A9E961950CAF-StateMachineUpdater] INFO  impl.StateMachineUpdater (StateMachineUpdater.java:takeSnapshot(269)) - b36740b2-8a0d-4d73-b3c2-1334d0c0d750@group-A9E961950CAF-StateMachineUpdater: Took a snapshot at index 14
2019-10-14 14:38:20,524 [main] INFO  statemachine.DatanodeStateMachine (DatanodeStateMachine.java:stopDaemon(395)) - Ozone container server stopped.
2019-10-14 14:38:20,524 [b36740b2-8a0d-4d73-b3c2-1334d0c0d750@group-A9E961950CAF-StateMachineUpdater] INFO  impl.StateMachineUpdater (StateMachineUpdater.java:lambda$new$0(84)) - b36740b2-8a0d-4d73-b3c2-1334d0c0d750@group-A9E961950CAF-StateMachineUpdater: snapshotIndex: updateIncreasingly 14 -> 14
2019-10-14 14:38:20,525 [ForkJoinPool.commonPool-worker-1] INFO  impl.RaftServerImpl (ServerState.java:close(387)) - b36740b2-8a0d-4d73-b3c2-1334d0c0d750@group-A9E961950CAF: closes. applyIndex: 16
2019-10-14 14:38:20,525 [b36740b2-8a0d-4d73-b3c2-1334d0c0d750@group-A9E961950CAF-SegmentedRaftLogWorker] INFO  segmented.SegmentedRaftLogWorker (SegmentedRaftLogWorker.java:run(316)) - b36740b2-8a0d-4d73-b3c2-1334d0c0d750@group-A9E961950CAF-SegmentedRaftLogWorker was interrupted, exiting. There are 0 tasks remaining in the queue.
2019-10-14 14:38:20,528 [ForkJoinPool.commonPool-worker-1] INFO  segmented.SegmentedRaftLogWorker (SegmentedRaftLogWorker.java:close(224)) - b36740b2-8a0d-4d73-b3c2-1334d0c0d750@group-A9E961950CAF-SegmentedRaftLogWorker close()
2019-10-14 14:38:20,536 [ForkJoinPool.commonPool-worker-1] INFO  impl.RaftServerImpl (RaftServerImpl.java:lambda$shutdown$3(247)) - b36740b2-8a0d-4d73-b3c2-1334d0c0d750@group-54CF1CF14AC8: shutdown
2019-10-14 14:38:20,536 [ForkJoinPool.commonPool-worker-1] INFO  util.JmxRegister (JmxRegister.java:unregister(73)) - Successfully un-registered JMX Bean with object name Ratis:service=RaftServer,group=group-54CF1CF14AC8,id=b36740b2-8a0d-4d73-b3c2-1334d0c0d750
2019-10-14 14:38:20,537 [ForkJoinPool.commonPool-worker-1] INFO  impl.RoleInfo (RoleInfo.java:shutdownLeaderState(104)) - b36740b2-8a0d-4d73-b3c2-1334d0c0d750: shutdown LeaderState
2019-10-14 14:38:20,537 [ForkJoinPool.commonPool-worker-1] INFO  impl.PendingRequests (PendingRequests.java:sendNotLeaderResponses(202)) - b36740b2-8a0d-4d73-b3c2-1334d0c0d750@group-54CF1CF14AC8-PendingRequests: sendNotLeaderResponses
2019-10-14 14:38:20,537 [ForkJoinPool.commonPool-worker-1] INFO  impl.StateMachineUpdater (StateMachineUpdater.java:stopAndJoin(136)) - b36740b2-8a0d-4d73-b3c2-1334d0c0d750@group-54CF1CF14AC8-StateMachineUpdater: set stopIndex = 0
2019-10-14 14:38:20,538 [main] INFO  handler.ContextHandler (ContextHandler.java:doStop(910)) - Stopped o.e.j.w.WebAppContext@6744707b{/,null,UNAVAILABLE}{/hddsDatanode}
2019-10-14 14:38:20,538 [ForkJoinPool.commonPool-worker-1] INFO  impl.RaftServerImpl (ServerState.java:close(387)) - b36740b2-8a0d-4d73-b3c2-1334d0c0d750@group-54CF1CF14AC8: closes. applyIndex: 0
2019-10-14 14:38:20,539 [b36740b2-8a0d-4d73-b3c2-1334d0c0d750@group-54CF1CF14AC8-SegmentedRaftLogWorker] INFO  segmented.SegmentedRaftLogWorker (SegmentedRaftLogWorker.java:run(316)) - b36740b2-8a0d-4d73-b3c2-1334d0c0d750@group-54CF1CF14AC8-SegmentedRaftLogWorker was interrupted, exiting. There are 0 tasks remaining in the queue.
2019-10-14 14:38:20,541 [ForkJoinPool.commonPool-worker-1] INFO  segmented.SegmentedRaftLogWorker (SegmentedRaftLogWorker.java:close(224)) - b36740b2-8a0d-4d73-b3c2-1334d0c0d750@group-54CF1CF14AC8-SegmentedRaftLogWorker close()
2019-10-14 14:38:20,544 [ForkJoinPool.commonPool-worker-1] INFO  server.GrpcService (GrpcService.java:closeImpl(164)) - b36740b2-8a0d-4d73-b3c2-1334d0c0d750: shutdown server with port 46321 now
2019-10-14 14:38:20,545 [main] INFO  server.AbstractConnector (AbstractConnector.java:doStop(318)) - Stopped ServerConnector@4b28a7bf{HTTP/1.1,[http/1.1]}{0.0.0.0:0}
2019-10-14 14:38:20,546 [ForkJoinPool.commonPool-worker-1] INFO  server.GrpcService (GrpcService.java:closeImpl(172)) - b36740b2-8a0d-4d73-b3c2-1334d0c0d750: shutdown server with port 46321 successfully
2019-10-14 14:38:20,547 [main] INFO  handler.ContextHandler (ContextHandler.java:doStop(910)) - Stopped o.e.j.s.ServletContextHandler@1eb9bf60{/static,jar:file:/home/user/.m2/repository/org/apache/hadoop/hadoop-hdds-container-service/0.5.0-SNAPSHOT/hadoop-hdds-container-service-0.5.0-SNAPSHOT.jar!/webapps/static,UNAVAILABLE}
2019-10-14 14:38:20,547 [main] INFO  handler.ContextHandler (ContextHandler.java:doStop(910)) - Stopped o.e.j.s.ServletContextHandler@cf01c2e{/logs,file:///workdir/hadoop-ozone/integration-test/target/log,UNAVAILABLE}
2019-10-14 14:38:20,551 [refreshUsed-/workdir/hadoop-ozone/integration-test/target/test-dir/MiniOzoneClusterImpl-14a7b98e-e39a-4234-b5fd-28b5658d784a/datanode-2/data/containers] WARN  fs.CachingGetSpaceUsed (CachingGetSpaceUsed.java:run(183)) - Thread Interrupted waiting to refresh disk information: sleep interrupted
2019-10-14 14:38:20,573 [ForkJoinPool.commonPool-worker-1] INFO  utils.BackgroundService (BackgroundService.java:shutdown(151)) - Shutting down service BlockDeletingService
2019-10-14 14:38:20,579 [ForkJoinPool.commonPool-worker-1] INFO  statemachine.DatanodeStateMachine (DatanodeStateMachine.java:stopDaemon(395)) - Ozone container server stopped.
2019-10-14 14:38:20,585 [ForkJoinPool.commonPool-worker-1] INFO  handler.ContextHandler (ContextHandler.java:doStop(910)) - Stopped o.e.j.w.WebAppContext@788e3702{/,null,UNAVAILABLE}{/hddsDatanode}
2019-10-14 14:38:20,585 [ForkJoinPool.commonPool-worker-1] INFO  server.AbstractConnector (AbstractConnector.java:doStop(318)) - Stopped ServerConnector@d25e878{HTTP/1.1,[http/1.1]}{0.0.0.0:0}
2019-10-14 14:38:20,587 [ForkJoinPool.commonPool-worker-1] INFO  handler.ContextHandler (ContextHandler.java:doStop(910)) - Stopped o.e.j.s.ServletContextHandler@4bc9ca97{/static,jar:file:/home/user/.m2/repository/org/apache/hadoop/hadoop-hdds-container-service/0.5.0-SNAPSHOT/hadoop-hdds-container-service-0.5.0-SNAPSHOT.jar!/webapps/static,UNAVAILABLE}
2019-10-14 14:38:20,589 [ForkJoinPool.commonPool-worker-1] INFO  handler.ContextHandler (ContextHandler.java:doStop(910)) - Stopped o.e.j.s.ServletContextHandler@79ca7bea{/logs,file:///workdir/hadoop-ozone/integration-test/target/log,UNAVAILABLE}
2019-10-14 14:38:21,094 [Datanode State Machine Thread - 0] INFO  statemachine.DatanodeStateMachine (DatanodeStateMachine.java:lambda$startDaemon$0(350)) - Ozone container server started.
2019-10-14 14:38:21,398 [Datanode State Machine Thread - 0] INFO  statemachine.DatanodeStateMachine (DatanodeStateMachine.java:lambda$startDaemon$0(350)) - Ozone container server started.
2019-10-14 14:38:22,534 [Thread-3175] INFO  impl.FollowerState (FollowerState.java:run(108)) - 888dcfc4-2dcf-4813-9860-ae74be64d77f@group-A9E961950CAF-FollowerState: change to CANDIDATE, lastRpcTime:7222ms, electionTimeout:5156ms
2019-10-14 14:38:22,535 [Thread-3175] INFO  impl.RoleInfo (RoleInfo.java:shutdownFollowerState(121)) - 888dcfc4-2dcf-4813-9860-ae74be64d77f: shutdown FollowerState
2019-10-14 14:38:22,535 [Thread-3175] INFO  impl.RaftServerImpl (RaftServerImpl.java:setRole(170)) - 888dcfc4-2dcf-4813-9860-ae74be64d77f@group-A9E961950CAF: changes role from  FOLLOWER to CANDIDATE at term 1 for changeToCandidate
2019-10-14 14:38:22,535 [Thread-3175] INFO  impl.RoleInfo (RoleInfo.java:updateAndGet(143)) - 888dcfc4-2dcf-4813-9860-ae74be64d77f: start LeaderElection
2019-10-14 14:38:22,536 [888dcfc4-2dcf-4813-9860-ae74be64d77f@group-A9E961950CAF-LeaderElection92] INFO  impl.RaftServerImpl (ServerState.java:setLeader(255)) - 888dcfc4-2dcf-4813-9860-ae74be64d77f@group-A9E961950CAF: change Leader from 596d0b68-a203-4961-8858-8f0f1271466f to null at term 1 for initElection
2019-10-14 14:38:22,550 [888dcfc4-2dcf-4813-9860-ae74be64d77f@group-A9E961950CAF-LeaderElection92] INFO  impl.LeaderElection (LeaderElection.java:askForVotes(178)) - 888dcfc4-2dcf-4813-9860-ae74be64d77f@group-A9E961950CAF-LeaderElection92: begin an election at term 2 for 0: [596d0b68-a203-4961-8858-8f0f1271466f:192.168.157.234:43087, 888dcfc4-2dcf-4813-9860-ae74be64d77f:192.168.157.234:39187, b36740b2-8a0d-4d73-b3c2-1334d0c0d750:192.168.157.234:46321], old=null
2019-10-14 14:38:22,554 [888dcfc4-2dcf-4813-9860-ae74be64d77f@group-A9E961950CAF-LeaderElection92] INFO  impl.LeaderElection (LogUtils.java:infoOrTrace(149)) - 888dcfc4-2dcf-4813-9860-ae74be64d77f@group-A9E961950CAF-LeaderElection92 got exception when requesting votes: {}
java.util.concurrent.ExecutionException: org.apache.ratis.thirdparty.io.grpc.StatusRuntimeException: UNAVAILABLE: io exception
	at java.util.concurrent.FutureTask.report(FutureTask.java:122)
	at java.util.concurrent.FutureTask.get(FutureTask.java:192)
	at org.apache.ratis.server.impl.LeaderElection.waitForResults(LeaderElection.java:259)
	at org.apache.ratis.server.impl.LeaderElection.askForVotes(LeaderElection.java:197)
	at org.apache.ratis.server.impl.LeaderElection.run(LeaderElection.java:133)
	at java.lang.Thread.run(Thread.java:748)
Caused by: org.apache.ratis.thirdparty.io.grpc.StatusRuntimeException: UNAVAILABLE: io exception
	at org.apache.ratis.thirdparty.io.grpc.stub.ClientCalls.toStatusRuntimeException(ClientCalls.java:233)
	at org.apache.ratis.thirdparty.io.grpc.stub.ClientCalls.getUnchecked(ClientCalls.java:214)
	at org.apache.ratis.thirdparty.io.grpc.stub.ClientCalls.blockingUnaryCall(ClientCalls.java:139)
	at org.apache.ratis.proto.grpc.RaftServerProtocolServiceGrpc$RaftServerProtocolServiceBlockingStub.requestVote(RaftServerProtocolServiceGrpc.java:265)
	at org.apache.ratis.grpc.server.GrpcServerProtocolClient.requestVote(GrpcServerProtocolClient.java:99)
	at org.apache.ratis.grpc.server.GrpcService.requestVote(GrpcService.java:204)
	at org.apache.ratis.server.impl.LeaderElection.lambda$submitRequests$1(LeaderElection.java:234)
	at java.util.concurrent.FutureTask.run(FutureTask.java:266)
	at java.util.concurrent.Executors$RunnableAdapter.call(Executors.java:511)
	at java.util.concurrent.FutureTask.run(FutureTask.java:266)
	at java.util.concurrent.ThreadPoolExecutor.runWorker(ThreadPoolExecutor.java:1149)
	at java.util.concurrent.ThreadPoolExecutor$Worker.run(ThreadPoolExecutor.java:624)
	... 1 more
Caused by: org.apache.ratis.thirdparty.io.netty.channel.AbstractChannel$AnnotatedConnectException: Connection refused: /192.168.157.234:43087
	at sun.nio.ch.SocketChannelImpl.checkConnect(Native Method)
	at sun.nio.ch.SocketChannelImpl.finishConnect(SocketChannelImpl.java:717)
	at org.apache.ratis.thirdparty.io.netty.channel.socket.nio.NioSocketChannel.doFinishConnect(NioSocketChannel.java:327)
	at org.apache.ratis.thirdparty.io.netty.channel.nio.AbstractNioChannel$AbstractNioUnsafe.finishConnect(AbstractNioChannel.java:340)
	at org.apache.ratis.thirdparty.io.netty.channel.nio.NioEventLoop.processSelectedKey(NioEventLoop.java:632)
	at org.apache.ratis.thirdparty.io.netty.channel.nio.NioEventLoop.processSelectedKeysOptimized(NioEventLoop.java:579)
	at org.apache.ratis.thirdparty.io.netty.channel.nio.NioEventLoop.processSelectedKeys(NioEventLoop.java:496)
	at org.apache.ratis.thirdparty.io.netty.channel.nio.NioEventLoop.run(NioEventLoop.java:458)
	at org.apache.ratis.thirdparty.io.netty.util.concurrent.SingleThreadEventExecutor$5.run(SingleThreadEventExecutor.java:897)
	at org.apache.ratis.thirdparty.io.netty.util.concurrent.FastThreadLocalRunnable.run(FastThreadLocalRunnable.java:30)
	... 1 more
Caused by: java.net.ConnectException: Connection refused
	... 11 more
2019-10-14 14:38:22,556 [888dcfc4-2dcf-4813-9860-ae74be64d77f@group-A9E961950CAF-LeaderElection92] INFO  impl.LeaderElection (LogUtils.java:infoOrTrace(149)) - 888dcfc4-2dcf-4813-9860-ae74be64d77f@group-A9E961950CAF-LeaderElection92 got exception when requesting votes: {}
java.util.concurrent.ExecutionException: org.apache.ratis.thirdparty.io.grpc.StatusRuntimeException: UNAVAILABLE: io exception
	at java.util.concurrent.FutureTask.report(FutureTask.java:122)
	at java.util.concurrent.FutureTask.get(FutureTask.java:192)
	at org.apache.ratis.server.impl.LeaderElection.waitForResults(LeaderElection.java:259)
	at org.apache.ratis.server.impl.LeaderElection.askForVotes(LeaderElection.java:197)
	at org.apache.ratis.server.impl.LeaderElection.run(LeaderElection.java:133)
	at java.lang.Thread.run(Thread.java:748)
Caused by: org.apache.ratis.thirdparty.io.grpc.StatusRuntimeException: UNAVAILABLE: io exception
	at org.apache.ratis.thirdparty.io.grpc.stub.ClientCalls.toStatusRuntimeException(ClientCalls.java:233)
	at org.apache.ratis.thirdparty.io.grpc.stub.ClientCalls.getUnchecked(ClientCalls.java:214)
	at org.apache.ratis.thirdparty.io.grpc.stub.ClientCalls.blockingUnaryCall(ClientCalls.java:139)
	at org.apache.ratis.proto.grpc.RaftServerProtocolServiceGrpc$RaftServerProtocolServiceBlockingStub.requestVote(RaftServerProtocolServiceGrpc.java:265)
	at org.apache.ratis.grpc.server.GrpcServerProtocolClient.requestVote(GrpcServerProtocolClient.java:99)
	at org.apache.ratis.grpc.server.GrpcService.requestVote(GrpcService.java:204)
	at org.apache.ratis.server.impl.LeaderElection.lambda$submitRequests$1(LeaderElection.java:234)
	at java.util.concurrent.FutureTask.run(FutureTask.java:266)
	at java.util.concurrent.Executors$RunnableAdapter.call(Executors.java:511)
	at java.util.concurrent.FutureTask.run(FutureTask.java:266)
	at java.util.concurrent.ThreadPoolExecutor.runWorker(ThreadPoolExecutor.java:1149)
	at java.util.concurrent.ThreadPoolExecutor$Worker.run(ThreadPoolExecutor.java:624)
	... 1 more
Caused by: org.apache.ratis.thirdparty.io.netty.channel.AbstractChannel$AnnotatedConnectException: Connection refused: /192.168.157.234:46321
	at sun.nio.ch.SocketChannelImpl.checkConnect(Native Method)
	at sun.nio.ch.SocketChannelImpl.finishConnect(SocketChannelImpl.java:717)
	at org.apache.ratis.thirdparty.io.netty.channel.socket.nio.NioSocketChannel.doFinishConnect(NioSocketChannel.java:327)
	at org.apache.ratis.thirdparty.io.netty.channel.nio.AbstractNioChannel$AbstractNioUnsafe.finishConnect(AbstractNioChannel.java:340)
	at org.apache.ratis.thirdparty.io.netty.channel.nio.NioEventLoop.processSelectedKey(NioEventLoop.java:632)
	at org.apache.ratis.thirdparty.io.netty.channel.nio.NioEventLoop.processSelectedKeysOptimized(NioEventLoop.java:579)
	at org.apache.ratis.thirdparty.io.netty.channel.nio.NioEventLoop.processSelectedKeys(NioEventLoop.java:496)
	at org.apache.ratis.thirdparty.io.netty.channel.nio.NioEventLoop.run(NioEventLoop.java:458)
	at org.apache.ratis.thirdparty.io.netty.util.concurrent.SingleThreadEventExecutor$5.run(SingleThreadEventExecutor.java:897)
	at org.apache.ratis.thirdparty.io.netty.util.concurrent.FastThreadLocalRunnable.run(FastThreadLocalRunnable.java:30)
	... 1 more
Caused by: java.net.ConnectException: Connection refused
	... 11 more
2019-10-14 14:38:22,558 [888dcfc4-2dcf-4813-9860-ae74be64d77f@group-A9E961950CAF-LeaderElection92] INFO  impl.LeaderElection (LeaderElection.java:logAndReturn(56)) - 888dcfc4-2dcf-4813-9860-ae74be64d77f@group-A9E961950CAF-LeaderElection92: Election REJECTED; received 0 response(s) [] and 2 exception(s); 888dcfc4-2dcf-4813-9860-ae74be64d77f@group-A9E961950CAF:t2, leader=null, voted=888dcfc4-2dcf-4813-9860-ae74be64d77f, raftlog=888dcfc4-2dcf-4813-9860-ae74be64d77f@group-A9E961950CAF-SegmentedRaftLog:OPENED:c16,f16,i16, conf=0: [596d0b68-a203-4961-8858-8f0f1271466f:192.168.157.234:43087, 888dcfc4-2dcf-4813-9860-ae74be64d77f:192.168.157.234:39187, b36740b2-8a0d-4d73-b3c2-1334d0c0d750:192.168.157.234:46321], old=null
2019-10-14 14:38:22,558 [888dcfc4-2dcf-4813-9860-ae74be64d77f@group-A9E961950CAF-LeaderElection92] INFO  impl.LeaderElection (LogUtils.java:infoOrTrace(149)) -   Exception 0: {}
java.util.concurrent.ExecutionException: org.apache.ratis.thirdparty.io.grpc.StatusRuntimeException: UNAVAILABLE: io exception
	at java.util.concurrent.FutureTask.report(FutureTask.java:122)
	at java.util.concurrent.FutureTask.get(FutureTask.java:192)
	at org.apache.ratis.server.impl.LeaderElection.waitForResults(LeaderElection.java:259)
	at org.apache.ratis.server.impl.LeaderElection.askForVotes(LeaderElection.java:197)
	at org.apache.ratis.server.impl.LeaderElection.run(LeaderElection.java:133)
	at java.lang.Thread.run(Thread.java:748)
Caused by: org.apache.ratis.thirdparty.io.grpc.StatusRuntimeException: UNAVAILABLE: io exception
	at org.apache.ratis.thirdparty.io.grpc.stub.ClientCalls.toStatusRuntimeException(ClientCalls.java:233)
	at org.apache.ratis.thirdparty.io.grpc.stub.ClientCalls.getUnchecked(ClientCalls.java:214)
	at org.apache.ratis.thirdparty.io.grpc.stub.ClientCalls.blockingUnaryCall(ClientCalls.java:139)
	at org.apache.ratis.proto.grpc.RaftServerProtocolServiceGrpc$RaftServerProtocolServiceBlockingStub.requestVote(RaftServerProtocolServiceGrpc.java:265)
	at org.apache.ratis.grpc.server.GrpcServerProtocolClient.requestVote(GrpcServerProtocolClient.java:99)
	at org.apache.ratis.grpc.server.GrpcService.requestVote(GrpcService.java:204)
	at org.apache.ratis.server.impl.LeaderElection.lambda$submitRequests$1(LeaderElection.java:234)
	at java.util.concurrent.FutureTask.run(FutureTask.java:266)
	at java.util.concurrent.Executors$RunnableAdapter.call(Executors.java:511)
	at java.util.concurrent.FutureTask.run(FutureTask.java:266)
	at java.util.concurrent.ThreadPoolExecutor.runWorker(ThreadPoolExecutor.java:1149)
	at java.util.concurrent.ThreadPoolExecutor$Worker.run(ThreadPoolExecutor.java:624)
	... 1 more
Caused by: org.apache.ratis.thirdparty.io.netty.channel.AbstractChannel$AnnotatedConnectException: Connection refused: /192.168.157.234:43087
	at sun.nio.ch.SocketChannelImpl.checkConnect(Native Method)
	at sun.nio.ch.SocketChannelImpl.finishConnect(SocketChannelImpl.java:717)
	at org.apache.ratis.thirdparty.io.netty.channel.socket.nio.NioSocketChannel.doFinishConnect(NioSocketChannel.java:327)
	at org.apache.ratis.thirdparty.io.netty.channel.nio.AbstractNioChannel$AbstractNioUnsafe.finishConnect(AbstractNioChannel.java:340)
	at org.apache.ratis.thirdparty.io.netty.channel.nio.NioEventLoop.processSelectedKey(NioEventLoop.java:632)
	at org.apache.ratis.thirdparty.io.netty.channel.nio.NioEventLoop.processSelectedKeysOptimized(NioEventLoop.java:579)
	at org.apache.ratis.thirdparty.io.netty.channel.nio.NioEventLoop.processSelectedKeys(NioEventLoop.java:496)
	at org.apache.ratis.thirdparty.io.netty.channel.nio.NioEventLoop.run(NioEventLoop.java:458)
	at org.apache.ratis.thirdparty.io.netty.util.concurrent.SingleThreadEventExecutor$5.run(SingleThreadEventExecutor.java:897)
	at org.apache.ratis.thirdparty.io.netty.util.concurrent.FastThreadLocalRunnable.run(FastThreadLocalRunnable.java:30)
	... 1 more
Caused by: java.net.ConnectException: Connection refused
	... 11 more
2019-10-14 14:38:22,558 [888dcfc4-2dcf-4813-9860-ae74be64d77f@group-A9E961950CAF-LeaderElection92] INFO  impl.LeaderElection (LogUtils.java:infoOrTrace(149)) -   Exception 1: {}
java.util.concurrent.ExecutionException: org.apache.ratis.thirdparty.io.grpc.StatusRuntimeException: UNAVAILABLE: io exception
	at java.util.concurrent.FutureTask.report(FutureTask.java:122)
	at java.util.concurrent.FutureTask.get(FutureTask.java:192)
	at org.apache.ratis.server.impl.LeaderElection.waitForResults(LeaderElection.java:259)
	at org.apache.ratis.server.impl.LeaderElection.askForVotes(LeaderElection.java:197)
	at org.apache.ratis.server.impl.LeaderElection.run(LeaderElection.java:133)
	at java.lang.Thread.run(Thread.java:748)
Caused by: org.apache.ratis.thirdparty.io.grpc.StatusRuntimeException: UNAVAILABLE: io exception
	at org.apache.ratis.thirdparty.io.grpc.stub.ClientCalls.toStatusRuntimeException(ClientCalls.java:233)
	at org.apache.ratis.thirdparty.io.grpc.stub.ClientCalls.getUnchecked(ClientCalls.java:214)
	at org.apache.ratis.thirdparty.io.grpc.stub.ClientCalls.blockingUnaryCall(ClientCalls.java:139)
	at org.apache.ratis.proto.grpc.RaftServerProtocolServiceGrpc$RaftServerProtocolServiceBlockingStub.requestVote(RaftServerProtocolServiceGrpc.java:265)
	at org.apache.ratis.grpc.server.GrpcServerProtocolClient.requestVote(GrpcServerProtocolClient.java:99)
	at org.apache.ratis.grpc.server.GrpcService.requestVote(GrpcService.java:204)
	at org.apache.ratis.server.impl.LeaderElection.lambda$submitRequests$1(LeaderElection.java:234)
	at java.util.concurrent.FutureTask.run(FutureTask.java:266)
	at java.util.concurrent.Executors$RunnableAdapter.call(Executors.java:511)
	at java.util.concurrent.FutureTask.run(FutureTask.java:266)
	at java.util.concurrent.ThreadPoolExecutor.runWorker(ThreadPoolExecutor.java:1149)
	at java.util.concurrent.ThreadPoolExecutor$Worker.run(ThreadPoolExecutor.java:624)
	... 1 more
Caused by: org.apache.ratis.thirdparty.io.netty.channel.AbstractChannel$AnnotatedConnectException: Connection refused: /192.168.157.234:46321
	at sun.nio.ch.SocketChannelImpl.checkConnect(Native Method)
	at sun.nio.ch.SocketChannelImpl.finishConnect(SocketChannelImpl.java:717)
	at org.apache.ratis.thirdparty.io.netty.channel.socket.nio.NioSocketChannel.doFinishConnect(NioSocketChannel.java:327)
	at org.apache.ratis.thirdparty.io.netty.channel.nio.AbstractNioChannel$AbstractNioUnsafe.finishConnect(AbstractNioChannel.java:340)
	at org.apache.ratis.thirdparty.io.netty.channel.nio.NioEventLoop.processSelectedKey(NioEventLoop.java:632)
	at org.apache.ratis.thirdparty.io.netty.channel.nio.NioEventLoop.processSelectedKeysOptimized(NioEventLoop.java:579)
	at org.apache.ratis.thirdparty.io.netty.channel.nio.NioEventLoop.processSelectedKeys(NioEventLoop.java:496)
	at org.apache.ratis.thirdparty.io.netty.channel.nio.NioEventLoop.run(NioEventLoop.java:458)
	at org.apache.ratis.thirdparty.io.netty.util.concurrent.SingleThreadEventExecutor$5.run(SingleThreadEventExecutor.java:897)
	at org.apache.ratis.thirdparty.io.netty.util.concurrent.FastThreadLocalRunnable.run(FastThreadLocalRunnable.java:30)
	... 1 more
Caused by: java.net.ConnectException: Connection refused
	... 11 more
2019-10-14 14:38:22,559 [888dcfc4-2dcf-4813-9860-ae74be64d77f@group-A9E961950CAF-LeaderElection92] INFO  impl.RaftServerImpl (RaftServerImpl.java:setRole(170)) - 888dcfc4-2dcf-4813-9860-ae74be64d77f@group-A9E961950CAF: changes role from CANDIDATE to FOLLOWER at term 2 for DISCOVERED_A_NEW_TERM
2019-10-14 14:38:22,559 [888dcfc4-2dcf-4813-9860-ae74be64d77f@group-A9E961950CAF-LeaderElection92] INFO  impl.RoleInfo (RoleInfo.java:shutdownLeaderElection(134)) - 888dcfc4-2dcf-4813-9860-ae74be64d77f: shutdown LeaderElection
2019-10-14 14:38:22,559 [888dcfc4-2dcf-4813-9860-ae74be64d77f@group-A9E961950CAF-LeaderElection92] INFO  impl.RoleInfo (RoleInfo.java:updateAndGet(143)) - 888dcfc4-2dcf-4813-9860-ae74be64d77f: start FollowerState
2019-10-14 14:38:22,887 [grpc-default-executor-11] WARN  server.GrpcLogAppender (LogUtils.java:warn(134)) - 2a3837c4-e4ae-4808-9c0c-c0b157469c32@group-D73941D5C942->1d50c7e2-07ef-46f5-8799-c9884e2b0ea2-AppendLogResponseHandler: Failed appendEntries: org.apache.ratis.thirdparty.io.grpc.StatusRuntimeException: UNAVAILABLE: io exception
2019-10-14 14:38:22,890 [grpc-default-executor-13] WARN  server.GrpcLogAppender (LogUtils.java:warn(134)) - 2a3837c4-e4ae-4808-9c0c-c0b157469c32@group-D73941D5C942->9fb3a90b-6363-46e5-8016-cecbb128012f-AppendLogResponseHandler: Failed appendEntries: org.apache.ratis.thirdparty.io.grpc.StatusRuntimeException: UNAVAILABLE: io exception
2019-10-14 14:38:22,890 [grpc-default-executor-11] INFO  impl.FollowerInfo (FollowerInfo.java:lambda$new$0(51)) - 2a3837c4-e4ae-4808-9c0c-c0b157469c32@group-D73941D5C942->1d50c7e2-07ef-46f5-8799-c9884e2b0ea2: nextIndex: updateUnconditionally 0 -> 0
2019-10-14 14:38:22,890 [grpc-default-executor-13] INFO  impl.FollowerInfo (FollowerInfo.java:lambda$new$0(51)) - 2a3837c4-e4ae-4808-9c0c-c0b157469c32@group-D73941D5C942->9fb3a90b-6363-46e5-8016-cecbb128012f: nextIndex: updateUnconditionally 16 -> 15
2019-10-14 14:38:25,106 [EventQueue-StaleNodeForStaleNodeHandler] INFO  node.StaleNodeHandler (StaleNodeHandler.java:onMessage(58)) - Datanode 888dcfc4-2dcf-4813-9860-ae74be64d77f{ip: 192.168.157.234, host: pr-hdds-2302-x69hs-1458597746, networkLocation: /default-rack, certSerialId: null} moved to stale state. Finalizing its pipelines [PipelineID=48615daa-b4b1-4a97-9418-a9e961950caf, PipelineID=49fa552e-14cd-4479-b9f6-7715962c79e0]
2019-10-14 14:38:25,107 [EventQueue-StaleNodeForStaleNodeHandler] INFO  pipeline.SCMPipelineManager (SCMPipelineManager.java:finalizeAndDestroyPipeline(315)) - destroying pipeline:Pipeline[ Id: 48615daa-b4b1-4a97-9418-a9e961950caf, Nodes: 888dcfc4-2dcf-4813-9860-ae74be64d77f{ip: 192.168.157.234, host: pr-hdds-2302-x69hs-1458597746, networkLocation: /default-rack, certSerialId: null}b36740b2-8a0d-4d73-b3c2-1334d0c0d750{ip: 192.168.157.234, host: pr-hdds-2302-x69hs-1458597746, networkLocation: /default-rack, certSerialId: null}596d0b68-a203-4961-8858-8f0f1271466f{ip: 192.168.157.234, host: pr-hdds-2302-x69hs-1458597746, networkLocation: /default-rack, certSerialId: null}, Type:RATIS, Factor:THREE, State:CLOSED]
2019-10-14 14:38:25,108 [EventQueue-StaleNodeForStaleNodeHandler] INFO  pipeline.SCMPipelineManager (SCMPipelineManager.java:finalizeAndDestroyPipeline(315)) - destroying pipeline:Pipeline[ Id: 49fa552e-14cd-4479-b9f6-7715962c79e0, Nodes: 888dcfc4-2dcf-4813-9860-ae74be64d77f{ip: 192.168.157.234, host: pr-hdds-2302-x69hs-1458597746, networkLocation: /default-rack, certSerialId: null}, Type:RATIS, Factor:ONE, State:OPEN]
2019-10-14 14:38:25,108 [EventQueue-StaleNodeForStaleNodeHandler] INFO  pipeline.PipelineStateManager (PipelineStateManager.java:finalizePipeline(123)) - Pipeline Pipeline[ Id: 49fa552e-14cd-4479-b9f6-7715962c79e0, Nodes: 888dcfc4-2dcf-4813-9860-ae74be64d77f{ip: 192.168.157.234, host: pr-hdds-2302-x69hs-1458597746, networkLocation: /default-rack, certSerialId: null}, Type:RATIS, Factor:ONE, State:CLOSED] moved to CLOSED state
2019-10-14 14:38:25,389 [grpc-default-executor-11] WARN  server.GrpcLogAppender (LogUtils.java:warn(134)) - 2a3837c4-e4ae-4808-9c0c-c0b157469c32@group-D73941D5C942->9fb3a90b-6363-46e5-8016-cecbb128012f-AppendLogResponseHandler: Failed appendEntries: org.apache.ratis.thirdparty.io.grpc.StatusRuntimeException: UNAVAILABLE: io exception
2019-10-14 14:38:25,389 [grpc-default-executor-13] WARN  server.GrpcLogAppender (LogUtils.java:warn(134)) - 2a3837c4-e4ae-4808-9c0c-c0b157469c32@group-D73941D5C942->1d50c7e2-07ef-46f5-8799-c9884e2b0ea2-AppendLogResponseHandler: Failed appendEntries: org.apache.ratis.thirdparty.io.grpc.StatusRuntimeException: UNAVAILABLE: io exception
2019-10-14 14:38:25,395 [grpc-default-executor-11] INFO  impl.FollowerInfo (FollowerInfo.java:lambda$new$0(51)) - 2a3837c4-e4ae-4808-9c0c-c0b157469c32@group-D73941D5C942->9fb3a90b-6363-46e5-8016-cecbb128012f: nextIndex: updateUnconditionally 15 -> 14
2019-10-14 14:38:25,395 [grpc-default-executor-13] INFO  impl.FollowerInfo (FollowerInfo.java:lambda$new$0(51)) - 2a3837c4-e4ae-4808-9c0c-c0b157469c32@group-D73941D5C942->1d50c7e2-07ef-46f5-8799-c9884e2b0ea2: nextIndex: updateUnconditionally 0 -> 0
2019-10-14 14:38:25,406 [EventQueue-StaleNodeForStaleNodeHandler] INFO  node.StaleNodeHandler (StaleNodeHandler.java:onMessage(58)) - Datanode 2a3837c4-e4ae-4808-9c0c-c0b157469c32{ip: 192.168.157.234, host: pr-hdds-2302-x69hs-1458597746, networkLocation: /default-rack, certSerialId: null} moved to stale state. Finalizing its pipelines [PipelineID=5836099b-b6a3-4f36-ae6d-ec17bb64bf44, PipelineID=a570a0d1-8d7d-4dfb-83a5-d73941d5c942]
2019-10-14 14:38:25,406 [EventQueue-StaleNodeForStaleNodeHandler] INFO  pipeline.SCMPipelineManager (SCMPipelineManager.java:finalizeAndDestroyPipeline(315)) - destroying pipeline:Pipeline[ Id: 5836099b-b6a3-4f36-ae6d-ec17bb64bf44, Nodes: 2a3837c4-e4ae-4808-9c0c-c0b157469c32{ip: 192.168.157.234, host: pr-hdds-2302-x69hs-1458597746, networkLocation: /default-rack, certSerialId: null}, Type:RATIS, Factor:ONE, State:OPEN]
2019-10-14 14:38:25,406 [EventQueue-StaleNodeForStaleNodeHandler] INFO  pipeline.PipelineStateManager (PipelineStateManager.java:finalizePipeline(123)) - Pipeline Pipeline[ Id: 5836099b-b6a3-4f36-ae6d-ec17bb64bf44, Nodes: 2a3837c4-e4ae-4808-9c0c-c0b157469c32{ip: 192.168.157.234, host: pr-hdds-2302-x69hs-1458597746, networkLocation: /default-rack, certSerialId: null}, Type:RATIS, Factor:ONE, State:CLOSED] moved to CLOSED state
2019-10-14 14:38:25,407 [EventQueue-StaleNodeForStaleNodeHandler] INFO  pipeline.SCMPipelineManager (SCMPipelineManager.java:finalizeAndDestroyPipeline(315)) - destroying pipeline:Pipeline[ Id: a570a0d1-8d7d-4dfb-83a5-d73941d5c942, Nodes: 1d50c7e2-07ef-46f5-8799-c9884e2b0ea2{ip: 192.168.157.234, host: pr-hdds-2302-x69hs-1458597746, networkLocation: /default-rack, certSerialId: null}2a3837c4-e4ae-4808-9c0c-c0b157469c32{ip: 192.168.157.234, host: pr-hdds-2302-x69hs-1458597746, networkLocation: /default-rack, certSerialId: null}9fb3a90b-6363-46e5-8016-cecbb128012f{ip: 192.168.157.234, host: pr-hdds-2302-x69hs-1458597746, networkLocation: /default-rack, certSerialId: null}, Type:RATIS, Factor:THREE, State:CLOSED]
2019-10-14 14:38:25,553 [main] INFO  ozoneimpl.OzoneContainer (OzoneContainer.java:stop(227)) - Attempting to stop container services.
2019-10-14 14:38:25,554 [main] INFO  impl.RaftServerProxy (RaftServerProxy.java:lambda$close$4(314)) - 2a3837c4-e4ae-4808-9c0c-c0b157469c32: close
2019-10-14 14:38:25,555 [main] INFO  impl.RaftServerImpl (RaftServerImpl.java:lambda$shutdown$3(247)) - 2a3837c4-e4ae-4808-9c0c-c0b157469c32@group-EC17BB64BF44: shutdown
2019-10-14 14:38:25,555 [main] INFO  util.JmxRegister (JmxRegister.java:unregister(73)) - Successfully un-registered JMX Bean with object name Ratis:service=RaftServer,group=group-EC17BB64BF44,id=2a3837c4-e4ae-4808-9c0c-c0b157469c32
2019-10-14 14:38:25,556 [main] INFO  impl.RoleInfo (RoleInfo.java:shutdownLeaderState(104)) - 2a3837c4-e4ae-4808-9c0c-c0b157469c32: shutdown LeaderState
2019-10-14 14:38:25,556 [main] INFO  impl.PendingRequests (PendingRequests.java:sendNotLeaderResponses(202)) - 2a3837c4-e4ae-4808-9c0c-c0b157469c32@group-EC17BB64BF44-PendingRequests: sendNotLeaderResponses
2019-10-14 14:38:25,557 [main] INFO  impl.StateMachineUpdater (StateMachineUpdater.java:stopAndJoin(136)) - 2a3837c4-e4ae-4808-9c0c-c0b157469c32@group-EC17BB64BF44-StateMachineUpdater: set stopIndex = 0
2019-10-14 14:38:25,558 [main] INFO  impl.RaftServerImpl (ServerState.java:close(387)) - 2a3837c4-e4ae-4808-9c0c-c0b157469c32@group-EC17BB64BF44: closes. applyIndex: 0
2019-10-14 14:38:25,558 [2a3837c4-e4ae-4808-9c0c-c0b157469c32@group-EC17BB64BF44-SegmentedRaftLogWorker] INFO  segmented.SegmentedRaftLogWorker (SegmentedRaftLogWorker.java:run(316)) - 2a3837c4-e4ae-4808-9c0c-c0b157469c32@group-EC17BB64BF44-SegmentedRaftLogWorker was interrupted, exiting. There are 0 tasks remaining in the queue.
2019-10-14 14:38:25,563 [main] INFO  segmented.SegmentedRaftLogWorker (SegmentedRaftLogWorker.java:close(224)) - 2a3837c4-e4ae-4808-9c0c-c0b157469c32@group-EC17BB64BF44-SegmentedRaftLogWorker close()
2019-10-14 14:38:25,565 [main] INFO  impl.RaftServerImpl (RaftServerImpl.java:lambda$shutdown$3(247)) - 2a3837c4-e4ae-4808-9c0c-c0b157469c32@group-D73941D5C942: shutdown
2019-10-14 14:38:25,566 [main] INFO  util.JmxRegister (JmxRegister.java:unregister(73)) - Successfully un-registered JMX Bean with object name Ratis:service=RaftServer,group=group-D73941D5C942,id=2a3837c4-e4ae-4808-9c0c-c0b157469c32
2019-10-14 14:38:25,566 [main] INFO  impl.RoleInfo (RoleInfo.java:shutdownLeaderState(104)) - 2a3837c4-e4ae-4808-9c0c-c0b157469c32: shutdown LeaderState
2019-10-14 14:38:25,570 [main] INFO  impl.PendingRequests (PendingRequests.java:sendNotLeaderResponses(202)) - 2a3837c4-e4ae-4808-9c0c-c0b157469c32@group-D73941D5C942-PendingRequests: sendNotLeaderResponses
2019-10-14 14:38:25,570 [org.apache.ratis.server.impl.LogAppender$AppenderDaemon$$Lambda$544/488524568@19d12aa3] WARN  server.GrpcLogAppender (GrpcLogAppender.java:mayWait(143)) - 2a3837c4-e4ae-4808-9c0c-c0b157469c32@group-D73941D5C942->9fb3a90b-6363-46e5-8016-cecbb128012f-GrpcLogAppender: Wait interrupted by java.lang.InterruptedException
2019-10-14 14:38:25,570 [org.apache.ratis.server.impl.LogAppender$AppenderDaemon$$Lambda$544/488524568@7eaf654c] WARN  server.GrpcLogAppender (GrpcLogAppender.java:mayWait(143)) - 2a3837c4-e4ae-4808-9c0c-c0b157469c32@group-D73941D5C942->1d50c7e2-07ef-46f5-8799-c9884e2b0ea2-GrpcLogAppender: Wait interrupted by java.lang.InterruptedException
2019-10-14 14:38:25,571 [main] INFO  impl.StateMachineUpdater (StateMachineUpdater.java:stopAndJoin(136)) - 2a3837c4-e4ae-4808-9c0c-c0b157469c32@group-D73941D5C942-StateMachineUpdater: set stopIndex = 18
2019-10-14 14:38:25,572 [2a3837c4-e4ae-4808-9c0c-c0b157469c32@group-D73941D5C942-StateMachineUpdater] INFO  ratis.ContainerStateMachine (ContainerStateMachine.java:takeSnapshot(294)) - group-D73941D5C942: Taking a snapshot at:(t:2, i:14) file /workdir/hadoop-ozone/integration-test/target/test-dir/MiniOzoneClusterImpl-14a7b98e-e39a-4234-b5fd-28b5658d784a/datanode-5/data/ratis/a570a0d1-8d7d-4dfb-83a5-d73941d5c942/sm/snapshot.2_14
2019-10-14 14:38:25,585 [2a3837c4-e4ae-4808-9c0c-c0b157469c32@group-D73941D5C942-StateMachineUpdater] INFO  ratis.ContainerStateMachine (ContainerStateMachine.java:takeSnapshot(305)) - group-D73941D5C942: Finished taking a snapshot at:(t:2, i:14) file:/workdir/hadoop-ozone/integration-test/target/test-dir/MiniOzoneClusterImpl-14a7b98e-e39a-4234-b5fd-28b5658d784a/datanode-5/data/ratis/a570a0d1-8d7d-4dfb-83a5-d73941d5c942/sm/snapshot.2_14 time:14
2019-10-14 14:38:25,586 [2a3837c4-e4ae-4808-9c0c-c0b157469c32@group-D73941D5C942-StateMachineUpdater] INFO  impl.StateMachineUpdater (StateMachineUpdater.java:takeSnapshot(269)) - 2a3837c4-e4ae-4808-9c0c-c0b157469c32@group-D73941D5C942-StateMachineUpdater: Took a snapshot at index 14
2019-10-14 14:38:25,586 [2a3837c4-e4ae-4808-9c0c-c0b157469c32@group-D73941D5C942-StateMachineUpdater] INFO  impl.StateMachineUpdater (StateMachineUpdater.java:lambda$new$0(84)) - 2a3837c4-e4ae-4808-9c0c-c0b157469c32@group-D73941D5C942-StateMachineUpdater: snapshotIndex: updateIncreasingly -1 -> 14
2019-10-14 14:38:25,586 [2a3837c4-e4ae-4808-9c0c-c0b157469c32@group-D73941D5C942-StateMachineUpdater] INFO  ratis.ContainerStateMachine (ContainerStateMachine.java:takeSnapshot(294)) - group-D73941D5C942: Taking a snapshot at:(t:2, i:14) file /workdir/hadoop-ozone/integration-test/target/test-dir/MiniOzoneClusterImpl-14a7b98e-e39a-4234-b5fd-28b5658d784a/datanode-5/data/ratis/a570a0d1-8d7d-4dfb-83a5-d73941d5c942/sm/snapshot.2_14
2019-10-14 14:38:25,591 [ForkJoinPool.commonPool-worker-1] INFO  ozoneimpl.OzoneContainer (OzoneContainer.java:stop(227)) - Attempting to stop container services.
2019-10-14 14:38:25,591 [ForkJoinPool.commonPool-worker-1] INFO  impl.RaftServerProxy (RaftServerProxy.java:lambda$close$4(314)) - 888dcfc4-2dcf-4813-9860-ae74be64d77f: close
2019-10-14 14:38:25,592 [ForkJoinPool.commonPool-worker-1] INFO  impl.RaftServerImpl (RaftServerImpl.java:lambda$shutdown$3(247)) - 888dcfc4-2dcf-4813-9860-ae74be64d77f@group-A9E961950CAF: shutdown
2019-10-14 14:38:25,592 [ForkJoinPool.commonPool-worker-1] INFO  util.JmxRegister (JmxRegister.java:unregister(73)) - Successfully un-registered JMX Bean with object name Ratis:service=RaftServer,group=group-A9E961950CAF,id=888dcfc4-2dcf-4813-9860-ae74be64d77f
2019-10-14 14:38:25,592 [ForkJoinPool.commonPool-worker-1] INFO  impl.RoleInfo (RoleInfo.java:shutdownFollowerState(121)) - 888dcfc4-2dcf-4813-9860-ae74be64d77f: shutdown FollowerState
2019-10-14 14:38:25,592 [ForkJoinPool.commonPool-worker-1] INFO  impl.StateMachineUpdater (StateMachineUpdater.java:stopAndJoin(136)) - 888dcfc4-2dcf-4813-9860-ae74be64d77f@group-A9E961950CAF-StateMachineUpdater: set stopIndex = 16
2019-10-14 14:38:25,593 [Thread-3419] INFO  impl.FollowerState (FollowerState.java:run(117)) - 888dcfc4-2dcf-4813-9860-ae74be64d77f@group-A9E961950CAF-FollowerState was interrupted: java.lang.InterruptedException: sleep interrupted
2019-10-14 14:38:25,593 [888dcfc4-2dcf-4813-9860-ae74be64d77f@group-A9E961950CAF-StateMachineUpdater] INFO  ratis.ContainerStateMachine (ContainerStateMachine.java:takeSnapshot(294)) - group-A9E961950CAF: Taking a snapshot at:(t:1, i:14) file /workdir/hadoop-ozone/integration-test/target/test-dir/MiniOzoneClusterImpl-14a7b98e-e39a-4234-b5fd-28b5658d784a/datanode-0/data/ratis/48615daa-b4b1-4a97-9418-a9e961950caf/sm/snapshot.1_14
2019-10-14 14:38:25,600 [888dcfc4-2dcf-4813-9860-ae74be64d77f@group-A9E961950CAF-StateMachineUpdater] INFO  ratis.ContainerStateMachine (ContainerStateMachine.java:takeSnapshot(305)) - group-A9E961950CAF: Finished taking a snapshot at:(t:1, i:14) file:/workdir/hadoop-ozone/integration-test/target/test-dir/MiniOzoneClusterImpl-14a7b98e-e39a-4234-b5fd-28b5658d784a/datanode-0/data/ratis/48615daa-b4b1-4a97-9418-a9e961950caf/sm/snapshot.1_14 time:7
2019-10-14 14:38:25,600 [2a3837c4-e4ae-4808-9c0c-c0b157469c32@group-D73941D5C942-StateMachineUpdater] INFO  ratis.ContainerStateMachine (ContainerStateMachine.java:takeSnapshot(305)) - group-D73941D5C942: Finished taking a snapshot at:(t:2, i:14) file:/workdir/hadoop-ozone/integration-test/target/test-dir/MiniOzoneClusterImpl-14a7b98e-e39a-4234-b5fd-28b5658d784a/datanode-5/data/ratis/a570a0d1-8d7d-4dfb-83a5-d73941d5c942/sm/snapshot.2_14 time:13
2019-10-14 14:38:25,600 [888dcfc4-2dcf-4813-9860-ae74be64d77f@group-A9E961950CAF-StateMachineUpdater] INFO  impl.StateMachineUpdater (StateMachineUpdater.java:takeSnapshot(269)) - 888dcfc4-2dcf-4813-9860-ae74be64d77f@group-A9E961950CAF-StateMachineUpdater: Took a snapshot at index 14
2019-10-14 14:38:25,600 [888dcfc4-2dcf-4813-9860-ae74be64d77f@group-A9E961950CAF-StateMachineUpdater] INFO  impl.StateMachineUpdater (StateMachineUpdater.java:lambda$new$0(84)) - 888dcfc4-2dcf-4813-9860-ae74be64d77f@group-A9E961950CAF-StateMachineUpdater: snapshotIndex: updateIncreasingly -1 -> 14
2019-10-14 14:38:25,600 [2a3837c4-e4ae-4808-9c0c-c0b157469c32@group-D73941D5C942-StateMachineUpdater] INFO  impl.StateMachineUpdater (StateMachineUpdater.java:takeSnapshot(269)) - 2a3837c4-e4ae-4808-9c0c-c0b157469c32@group-D73941D5C942-StateMachineUpdater: Took a snapshot at index 14
2019-10-14 14:38:25,601 [2a3837c4-e4ae-4808-9c0c-c0b157469c32@group-D73941D5C942-StateMachineUpdater] INFO  impl.StateMachineUpdater (StateMachineUpdater.java:lambda$new$0(84)) - 2a3837c4-e4ae-4808-9c0c-c0b157469c32@group-D73941D5C942-StateMachineUpdater: snapshotIndex: updateIncreasingly 14 -> 14
2019-10-14 14:38:25,601 [888dcfc4-2dcf-4813-9860-ae74be64d77f@group-A9E961950CAF-StateMachineUpdater] INFO  ratis.ContainerStateMachine (ContainerStateMachine.java:takeSnapshot(294)) - group-A9E961950CAF: Taking a snapshot at:(t:1, i:14) file /workdir/hadoop-ozone/integration-test/target/test-dir/MiniOzoneClusterImpl-14a7b98e-e39a-4234-b5fd-28b5658d784a/datanode-0/data/ratis/48615daa-b4b1-4a97-9418-a9e961950caf/sm/snapshot.1_14
2019-10-14 14:38:25,601 [main] INFO  impl.RaftServerImpl (ServerState.java:close(387)) - 2a3837c4-e4ae-4808-9c0c-c0b157469c32@group-D73941D5C942: closes. applyIndex: 18
2019-10-14 14:38:25,602 [2a3837c4-e4ae-4808-9c0c-c0b157469c32@group-D73941D5C942-SegmentedRaftLogWorker] INFO  segmented.SegmentedRaftLogWorker (SegmentedRaftLogWorker.java:run(316)) - 2a3837c4-e4ae-4808-9c0c-c0b157469c32@group-D73941D5C942-SegmentedRaftLogWorker was interrupted, exiting. There are 0 tasks remaining in the queue.
2019-10-14 14:38:25,604 [main] INFO  segmented.SegmentedRaftLogWorker (SegmentedRaftLogWorker.java:close(224)) - 2a3837c4-e4ae-4808-9c0c-c0b157469c32@group-D73941D5C942-SegmentedRaftLogWorker close()
2019-10-14 14:38:25,606 [main] INFO  server.GrpcService (GrpcService.java:closeImpl(164)) - 2a3837c4-e4ae-4808-9c0c-c0b157469c32: shutdown server with port 45056 now
2019-10-14 14:38:25,607 [main] INFO  server.GrpcService (GrpcService.java:closeImpl(172)) - 2a3837c4-e4ae-4808-9c0c-c0b157469c32: shutdown server with port 45056 successfully
2019-10-14 14:38:25,611 [refreshUsed-/workdir/hadoop-ozone/integration-test/target/test-dir/MiniOzoneClusterImpl-14a7b98e-e39a-4234-b5fd-28b5658d784a/datanode-5/data/containers] WARN  fs.CachingGetSpaceUsed (CachingGetSpaceUsed.java:run(183)) - Thread Interrupted waiting to refresh disk information: sleep interrupted
2019-10-14 14:38:25,614 [888dcfc4-2dcf-4813-9860-ae74be64d77f@group-A9E961950CAF-StateMachineUpdater] INFO  ratis.ContainerStateMachine (ContainerStateMachine.java:takeSnapshot(305)) - group-A9E961950CAF: Finished taking a snapshot at:(t:1, i:14) file:/workdir/hadoop-ozone/integration-test/target/test-dir/MiniOzoneClusterImpl-14a7b98e-e39a-4234-b5fd-28b5658d784a/datanode-0/data/ratis/48615daa-b4b1-4a97-9418-a9e961950caf/sm/snapshot.1_14 time:13
2019-10-14 14:38:25,614 [888dcfc4-2dcf-4813-9860-ae74be64d77f@group-A9E961950CAF-StateMachineUpdater] INFO  impl.StateMachineUpdater (StateMachineUpdater.java:takeSnapshot(269)) - 888dcfc4-2dcf-4813-9860-ae74be64d77f@group-A9E961950CAF-StateMachineUpdater: Took a snapshot at index 14
2019-10-14 14:38:25,614 [888dcfc4-2dcf-4813-9860-ae74be64d77f@group-A9E961950CAF-StateMachineUpdater] INFO  impl.StateMachineUpdater (StateMachineUpdater.java:lambda$new$0(84)) - 888dcfc4-2dcf-4813-9860-ae74be64d77f@group-A9E961950CAF-StateMachineUpdater: snapshotIndex: updateIncreasingly 14 -> 14
2019-10-14 14:38:25,615 [ForkJoinPool.commonPool-worker-1] INFO  impl.RaftServerImpl (ServerState.java:close(387)) - 888dcfc4-2dcf-4813-9860-ae74be64d77f@group-A9E961950CAF: closes. applyIndex: 16
2019-10-14 14:38:25,615 [888dcfc4-2dcf-4813-9860-ae74be64d77f@group-A9E961950CAF-SegmentedRaftLogWorker] INFO  segmented.SegmentedRaftLogWorker (SegmentedRaftLogWorker.java:run(316)) - 888dcfc4-2dcf-4813-9860-ae74be64d77f@group-A9E961950CAF-SegmentedRaftLogWorker was interrupted, exiting. There are 0 tasks remaining in the queue.
2019-10-14 14:38:25,617 [ForkJoinPool.commonPool-worker-1] INFO  segmented.SegmentedRaftLogWorker (SegmentedRaftLogWorker.java:close(224)) - 888dcfc4-2dcf-4813-9860-ae74be64d77f@group-A9E961950CAF-SegmentedRaftLogWorker close()
2019-10-14 14:38:25,628 [ForkJoinPool.commonPool-worker-1] INFO  impl.RaftServerImpl (RaftServerImpl.java:lambda$shutdown$3(247)) - 888dcfc4-2dcf-4813-9860-ae74be64d77f@group-7715962C79E0: shutdown
2019-10-14 14:38:25,628 [ForkJoinPool.commonPool-worker-1] INFO  util.JmxRegister (JmxRegister.java:unregister(73)) - Successfully un-registered JMX Bean with object name Ratis:service=RaftServer,group=group-7715962C79E0,id=888dcfc4-2dcf-4813-9860-ae74be64d77f
2019-10-14 14:38:25,628 [ForkJoinPool.commonPool-worker-1] INFO  impl.RoleInfo (RoleInfo.java:shutdownLeaderState(104)) - 888dcfc4-2dcf-4813-9860-ae74be64d77f: shutdown LeaderState
2019-10-14 14:38:25,629 [ForkJoinPool.commonPool-worker-1] INFO  impl.PendingRequests (PendingRequests.java:sendNotLeaderResponses(202)) - 888dcfc4-2dcf-4813-9860-ae74be64d77f@group-7715962C79E0-PendingRequests: sendNotLeaderResponses
2019-10-14 14:38:25,629 [ForkJoinPool.commonPool-worker-1] INFO  impl.StateMachineUpdater (StateMachineUpdater.java:stopAndJoin(136)) - 888dcfc4-2dcf-4813-9860-ae74be64d77f@group-7715962C79E0-StateMachineUpdater: set stopIndex = 0
2019-10-14 14:38:25,629 [ForkJoinPool.commonPool-worker-1] INFO  impl.RaftServerImpl (ServerState.java:close(387)) - 888dcfc4-2dcf-4813-9860-ae74be64d77f@group-7715962C79E0: closes. applyIndex: 0
2019-10-14 14:38:25,630 [888dcfc4-2dcf-4813-9860-ae74be64d77f@group-7715962C79E0-SegmentedRaftLogWorker] INFO  segmented.SegmentedRaftLogWorker (SegmentedRaftLogWorker.java:run(316)) - 888dcfc4-2dcf-4813-9860-ae74be64d77f@group-7715962C79E0-SegmentedRaftLogWorker was interrupted, exiting. There are 0 tasks remaining in the queue.
2019-10-14 14:38:25,630 [ForkJoinPool.commonPool-worker-1] INFO  segmented.SegmentedRaftLogWorker (SegmentedRaftLogWorker.java:close(224)) - 888dcfc4-2dcf-4813-9860-ae74be64d77f@group-7715962C79E0-SegmentedRaftLogWorker close()
2019-10-14 14:38:25,630 [ForkJoinPool.commonPool-worker-1] INFO  server.GrpcService (GrpcService.java:closeImpl(164)) - 888dcfc4-2dcf-4813-9860-ae74be64d77f: shutdown server with port 39187 now
2019-10-14 14:38:25,631 [ForkJoinPool.commonPool-worker-1] INFO  server.GrpcService (GrpcService.java:closeImpl(172)) - 888dcfc4-2dcf-4813-9860-ae74be64d77f: shutdown server with port 39187 successfully
2019-10-14 14:38:25,633 [refreshUsed-/workdir/hadoop-ozone/integration-test/target/test-dir/MiniOzoneClusterImpl-14a7b98e-e39a-4234-b5fd-28b5658d784a/datanode-0/data/containers] WARN  fs.CachingGetSpaceUsed (CachingGetSpaceUsed.java:run(183)) - Thread Interrupted waiting to refresh disk information: sleep interrupted
2019-10-14 14:38:25,653 [ForkJoinPool.commonPool-worker-1] INFO  utils.BackgroundService (BackgroundService.java:shutdown(151)) - Shutting down service BlockDeletingService
2019-10-14 14:38:25,657 [main] INFO  utils.BackgroundService (BackgroundService.java:shutdown(151)) - Shutting down service BlockDeletingService
2019-10-14 14:38:25,658 [ForkJoinPool.commonPool-worker-1] INFO  statemachine.DatanodeStateMachine (DatanodeStateMachine.java:stopDaemon(395)) - Ozone container server stopped.
2019-10-14 14:38:25,665 [main] INFO  statemachine.DatanodeStateMachine (DatanodeStateMachine.java:stopDaemon(395)) - Ozone container server stopped.
2019-10-14 14:38:25,669 [ForkJoinPool.commonPool-worker-1] INFO  handler.ContextHandler (ContextHandler.java:doStop(910)) - Stopped o.e.j.w.WebAppContext@11810917{/,null,UNAVAILABLE}{/hddsDatanode}
2019-10-14 14:38:25,669 [main] INFO  handler.ContextHandler (ContextHandler.java:doStop(910)) - Stopped o.e.j.w.WebAppContext@7a3f08b6{/,null,UNAVAILABLE}{/hddsDatanode}
2019-10-14 14:38:25,670 [main] INFO  server.AbstractConnector (AbstractConnector.java:doStop(318)) - Stopped ServerConnector@1be52861{HTTP/1.1,[http/1.1]}{0.0.0.0:0}
2019-10-14 14:38:25,670 [ForkJoinPool.commonPool-worker-1] INFO  server.AbstractConnector (AbstractConnector.java:doStop(318)) - Stopped ServerConnector@13278a41{HTTP/1.1,[http/1.1]}{0.0.0.0:0}
2019-10-14 14:38:25,671 [main] INFO  handler.ContextHandler (ContextHandler.java:doStop(910)) - Stopped o.e.j.s.ServletContextHandler@47fb7ec9{/static,jar:file:/home/user/.m2/repository/org/apache/hadoop/hadoop-hdds-container-service/0.5.0-SNAPSHOT/hadoop-hdds-container-service-0.5.0-SNAPSHOT.jar!/webapps/static,UNAVAILABLE}
2019-10-14 14:38:25,672 [ForkJoinPool.commonPool-worker-1] INFO  handler.ContextHandler (ContextHandler.java:doStop(910)) - Stopped o.e.j.s.ServletContextHandler@2ee4706d{/static,jar:file:/home/user/.m2/repository/org/apache/hadoop/hadoop-hdds-container-service/0.5.0-SNAPSHOT/hadoop-hdds-container-service-0.5.0-SNAPSHOT.jar!/webapps/static,UNAVAILABLE}
2019-10-14 14:38:25,673 [main] INFO  handler.ContextHandler (ContextHandler.java:doStop(910)) - Stopped o.e.j.s.ServletContextHandler@5b066c33{/logs,file:///workdir/hadoop-ozone/integration-test/target/log,UNAVAILABLE}
2019-10-14 14:38:25,674 [ForkJoinPool.commonPool-worker-1] INFO  handler.ContextHandler (ContextHandler.java:doStop(910)) - Stopped o.e.j.s.ServletContextHandler@29c53c4f{/logs,file:///workdir/hadoop-ozone/integration-test/target/log,UNAVAILABLE}
2019-10-14 14:38:25,676 [main] INFO  ozone.MiniOzoneClusterImpl (MiniOzoneClusterImpl.java:stopSCM(392)) - Stopping the StorageContainerManager
2019-10-14 14:38:25,676 [main] INFO  server.StorageContainerManager (StorageContainerManager.java:stop(810)) - Stopping Replication Manager Service.
2019-10-14 14:38:25,677 [main] INFO  container.ReplicationManager (ReplicationManager.java:stop(203)) - Stopping Replication Monitor Thread.
2019-10-14 14:38:25,677 [main] INFO  server.StorageContainerManager (StorageContainerManager.java:stop(817)) - Stopping Lease Manager of the command watchers
2019-10-14 14:38:25,677 [main] INFO  server.StorageContainerManager (StorageContainerManager.java:stop(824)) - Stopping datanode service RPC server
2019-10-14 14:38:25,678 [main] INFO  server.SCMDatanodeProtocolServer (SCMDatanodeProtocolServer.java:stop(346)) - Stopping the RPC server for DataNodes
2019-10-14 14:38:25,678 [main] INFO  ipc.Server (Server.java:stop(3082)) - Stopping server on 45488
2019-10-14 14:38:25,681 [IPC Server listener on 45488] INFO  ipc.Server (Server.java:run(1185)) - Stopping IPC Server listener on 45488
2019-10-14 14:38:25,682 [IPC Server Responder] INFO  ipc.Server (Server.java:run(1319)) - Stopping IPC Server Responder
2019-10-14 14:38:25,706 [SCM Heartbeat Processing Thread - 0] WARN  node.NodeStateManager (NodeStateManager.java:scheduleNextHealthCheck(646)) - Current Thread is interrupted, shutting down HB processing thread for Node Manager.
2019-10-14 14:38:25,706 [main] INFO  server.StorageContainerManager (StorageContainerManager.java:stop(832)) - Stopping block service RPC server
2019-10-14 14:38:25,707 [main] INFO  server.SCMBlockProtocolServer (SCMBlockProtocolServer.java:stop(155)) - Stopping the RPC server for Block Protocol
2019-10-14 14:38:25,707 [main] INFO  ipc.Server (Server.java:stop(3082)) - Stopping server on 33553
2019-10-14 14:38:25,709 [IPC Server listener on 33553] INFO  ipc.Server (Server.java:run(1185)) - Stopping IPC Server listener on 33553
2019-10-14 14:38:25,709 [main] INFO  server.StorageContainerManager (StorageContainerManager.java:stop(839)) - Stopping the StorageContainerLocationProtocol RPC server
2019-10-14 14:38:25,712 [IPC Server Responder] INFO  ipc.Server (Server.java:run(1319)) - Stopping IPC Server Responder
2019-10-14 14:38:25,712 [main] INFO  server.SCMClientProtocolServer (SCMClientProtocolServer.java:stop(168)) - Stopping the RPC server for Client Protocol
2019-10-14 14:38:25,712 [main] INFO  ipc.Server (Server.java:stop(3082)) - Stopping server on 41931
2019-10-14 14:38:25,715 [IPC Server listener on 41931] INFO  ipc.Server (Server.java:run(1185)) - Stopping IPC Server listener on 41931
2019-10-14 14:38:25,715 [main] INFO  server.StorageContainerManager (StorageContainerManager.java:stop(846)) - Stopping Storage Container Manager HTTP server.
2019-10-14 14:38:25,716 [IPC Server Responder] INFO  ipc.Server (Server.java:run(1319)) - Stopping IPC Server Responder
2019-10-14 14:38:25,718 [main] INFO  handler.ContextHandler (ContextHandler.java:doStop(910)) - Stopped o.e.j.w.WebAppContext@4f3356c0{/,null,UNAVAILABLE}{/scm}
2019-10-14 14:38:25,718 [main] INFO  server.AbstractConnector (AbstractConnector.java:doStop(318)) - Stopped ServerConnector@586cc15d{HTTP/1.1,[http/1.1]}{0.0.0.0:0}
2019-10-14 14:38:25,719 [main] INFO  handler.ContextHandler (ContextHandler.java:doStop(910)) - Stopped o.e.j.s.ServletContextHandler@41aebbb4{/static,file:///workdir/hadoop-ozone/integration-test/target/test-classes/webapps/static,UNAVAILABLE}
2019-10-14 14:38:25,719 [main] INFO  handler.ContextHandler (ContextHandler.java:doStop(910)) - Stopped o.e.j.s.ServletContextHandler@2dbfa972{/logs,file:///workdir/hadoop-ozone/integration-test/target/log,UNAVAILABLE}
2019-10-14 14:38:25,720 [main] INFO  server.StorageContainerManager (StorageContainerManager.java:stop(857)) - Stopping Block Manager Service.
2019-10-14 14:38:25,721 [main] INFO  utils.BackgroundService (BackgroundService.java:shutdown(151)) - Shutting down service SCMBlockDeletingService
2019-10-14 14:38:25,721 [main] INFO  utils.BackgroundService (BackgroundService.java:shutdown(151)) - Shutting down service SCMBlockDeletingService
2019-10-14 14:38:25,721 [main] INFO  server.StorageContainerManager (StorageContainerManager.java:stop(879)) - Stopping SCM Event Queue.
2019-10-14 14:38:25,727 [main] INFO  impl.MetricsSystemImpl (MetricsSystemImpl.java:stop(210)) - Stopping HddsDatanode metrics system...
2019-10-14 14:38:25,762 [main] INFO  impl.MetricsSystemImpl (MetricsSystemImpl.java:stop(216)) - HddsDatanode metrics system stopped.
]]></system-out>
    <system-err><![CDATA[Oct 14, 2019 2:38:15 PM org.apache.ratis.thirdparty.io.grpc.internal.SerializingExecutor run
SEVERE: Exception while executing runnable org.apache.ratis.thirdparty.io.grpc.internal.ServerImpl$JumpToApplicationThreadServerStreamListener$1Closed@4af34029
org.apache.ratis.thirdparty.io.grpc.StatusRuntimeException: CANCELLED: call already cancelled
	at org.apache.ratis.thirdparty.io.grpc.Status.asRuntimeException(Status.java:517)
	at org.apache.ratis.thirdparty.io.grpc.stub.ServerCalls$ServerCallStreamObserverImpl.onCompleted(ServerCalls.java:356)
	at org.apache.ratis.grpc.server.GrpcServerProtocolService$ServerRequestStreamObserver.onError(GrpcServerProtocolService.java:121)
	at org.apache.ratis.thirdparty.io.grpc.stub.ServerCalls$StreamingServerCallHandler$StreamingServerCallListener.onCancel(ServerCalls.java:269)
	at org.apache.ratis.thirdparty.io.grpc.internal.ServerCallImpl$ServerStreamListenerImpl.closed(ServerCallImpl.java:293)
	at org.apache.ratis.thirdparty.io.grpc.internal.ServerImpl$JumpToApplicationThreadServerStreamListener$1Closed.runInContext(ServerImpl.java:741)
	at org.apache.ratis.thirdparty.io.grpc.internal.ContextRunnable.run(ContextRunnable.java:37)
	at org.apache.ratis.thirdparty.io.grpc.internal.SerializingExecutor.run(SerializingExecutor.java:123)
	at java.util.concurrent.ThreadPoolExecutor.runWorker(ThreadPoolExecutor.java:1149)
	at java.util.concurrent.ThreadPoolExecutor$Worker.run(ThreadPoolExecutor.java:624)
	at java.lang.Thread.run(Thread.java:748)

]]></system-err>
  </testcase>
  <testcase name="testFailureWithPrimeSizedData" classname="org.apache.hadoop.ozone.client.rpc.TestBlockOutputStreamWithFailures" time="35.314"/>
  <testcase name="testWatchForCommitWithCloseContainerException" classname="org.apache.hadoop.ozone.client.rpc.TestBlockOutputStreamWithFailures" time="33.641"/>
  <testcase name="testExceptionDuringClose" classname="org.apache.hadoop.ozone.client.rpc.TestBlockOutputStreamWithFailures" time="35.163"/>
</testsuite>