<?xml version="1.0" encoding="UTF-8"?>
<testsuite xmlns:xsi="http://www.w3.org/2001/XMLSchema-instance" xsi:noNamespaceSchemaLocation="https://maven.apache.org/surefire/maven-surefire-plugin/xsd/surefire-test-report.xsd" name="org.apache.hadoop.ozone.client.rpc.TestWatchForCommit" time="227.465" tests="5" errors="1" skipped="0" failures="0">
  <properties>
    <property name="awt.toolkit" value="sun.awt.X11.XToolkit"/>
    <property name="file.encoding.pkg" value="sun.io"/>
    <property name="java.specification.version" value="1.8"/>
    <property name="sun.cpu.isalist" value=""/>
    <property name="sun.jnu.encoding" value="UTF-8"/>
    <property name="java.class.path" value="/workdir/hadoop-ozone/integration-test/target/test-classes:/workdir/hadoop-ozone/integration-test/target/classes:/home/user/.m2/repository/org/apache/hadoop/hadoop-ozone-common/0.5.0-SNAPSHOT/hadoop-ozone-common-0.5.0-SNAPSHOT.jar:/home/user/.m2/repository/org/apache/commons/commons-compress/1.4.1/commons-compress-1.4.1.jar:/home/user/.m2/repository/org/tukaani/xz/1.0/xz-1.0.jar:/home/user/.m2/repository/org/apache/hadoop/hadoop-common/3.2.0/hadoop-common-3.2.0.jar:/home/user/.m2/repository/org/apache/hadoop/hadoop-hdfs/3.2.0/hadoop-hdfs-3.2.0.jar:/home/user/.m2/repository/org/apache/hadoop/hadoop-hdfs-client/3.2.0/hadoop-hdfs-client-3.2.0.jar:/home/user/.m2/repository/com/fasterxml/jackson/core/jackson-annotations/2.9.9/jackson-annotations-2.9.9.jar:/home/user/.m2/repository/org/apache/hadoop/hadoop-hdds-common/0.5.0-SNAPSHOT/hadoop-hdds-common-0.5.0-SNAPSHOT.jar:/home/user/.m2/repository/javax/annotation/javax.annotation-api/1.2/javax.annotation-api-1.2.jar:/home/user/.m2/repository/org/apache/ratis/ratis-server/0.5.0-201fc85-SNAPSHOT/ratis-server-0.5.0-201fc85-SNAPSHOT.jar:/home/user/.m2/repository/org/apache/ratis/ratis-thirdparty-misc/0.2.0/ratis-thirdparty-misc-0.2.0.jar:/home/user/.m2/repository/org/apache/ratis/ratis-proto/0.5.0-201fc85-SNAPSHOT/ratis-proto-0.5.0-201fc85-SNAPSHOT.jar:/home/user/.m2/repository/org/apache/ratis/ratis-common/0.5.0-201fc85-SNAPSHOT/ratis-common-0.5.0-201fc85-SNAPSHOT.jar:/home/user/.m2/repository/org/apache/ratis/ratis-client/0.5.0-201fc85-SNAPSHOT/ratis-client-0.5.0-201fc85-SNAPSHOT.jar:/home/user/.m2/repository/org/apache/ratis/ratis-metrics/0.5.0-201fc85-SNAPSHOT/ratis-metrics-0.5.0-201fc85-SNAPSHOT.jar:/home/user/.m2/repository/com/github/joshelser/dropwizard-metrics-hadoop-metrics2-reporter/0.1.2/dropwizard-metrics-hadoop-metrics2-reporter-0.1.2.jar:/home/user/.m2/repository/io/dropwizard/metrics/metrics-jvm/3.2.5/metrics-jvm-3.2.5.jar:/home/user/.m2/repository/io/dropwizard/metrics/metrics-ganglia/3.2.5/metrics-ganglia-3.2.5.jar:/home/user/.m2/repository/info/ganglia/gmetric4j/gmetric4j/1.0.7/gmetric4j-1.0.7.jar:/home/user/.m2/repository/org/apache/ratis/ratis-netty/0.5.0-201fc85-SNAPSHOT/ratis-netty-0.5.0-201fc85-SNAPSHOT.jar:/home/user/.m2/repository/org/apache/ratis/ratis-grpc/0.5.0-201fc85-SNAPSHOT/ratis-grpc-0.5.0-201fc85-SNAPSHOT.jar:/home/user/.m2/repository/org/rocksdb/rocksdbjni/6.0.1/rocksdbjni-6.0.1.jar:/home/user/.m2/repository/org/apache/logging/log4j/log4j-api/2.11.0/log4j-api-2.11.0.jar:/home/user/.m2/repository/org/apache/logging/log4j/log4j-core/2.11.0/log4j-core-2.11.0.jar:/home/user/.m2/repository/com/lmax/disruptor/3.4.2/disruptor-3.4.2.jar:/home/user/.m2/repository/org/apache/commons/commons-pool2/2.6.0/commons-pool2-2.6.0.jar:/home/user/.m2/repository/org/bouncycastle/bcpkix-jdk15on/1.60/bcpkix-jdk15on-1.60.jar:/home/user/.m2/repository/commons-validator/commons-validator/1.6/commons-validator-1.6.jar:/home/user/.m2/repository/commons-digester/commons-digester/1.8.1/commons-digester-1.8.1.jar:/home/user/.m2/repository/io/jaegertracing/jaeger-client/0.34.0/jaeger-client-0.34.0.jar:/home/user/.m2/repository/io/jaegertracing/jaeger-thrift/0.34.0/jaeger-thrift-0.34.0.jar:/home/user/.m2/repository/org/apache/thrift/libthrift/0.12.0/libthrift-0.12.0.jar:/home/user/.m2/repository/com/squareup/okhttp3/okhttp/3.9.0/okhttp-3.9.0.jar:/home/user/.m2/repository/com/squareup/okio/okio/1.13.0/okio-1.13.0.jar:/home/user/.m2/repository/io/jaegertracing/jaeger-core/0.34.0/jaeger-core-0.34.0.jar:/home/user/.m2/repository/io/jaegertracing/jaeger-tracerresolver/0.34.0/jaeger-tracerresolver-0.34.0.jar:/home/user/.m2/repository/io/opentracing/contrib/opentracing-tracerresolver/0.1.5/opentracing-tracerresolver-0.1.5.jar:/home/user/.m2/repository/io/opentracing/opentracing-util/0.31.0/opentracing-util-0.31.0.jar:/home/user/.m2/repository/io/opentracing/opentracing-api/0.31.0/opentracing-api-0.31.0.jar:/home/user/.m2/repository/io/opentracing/opentracing-noop/0.31.0/opentracing-noop-0.31.0.jar:/home/user/.m2/repository/org/apache/hadoop/hadoop-hdds-server-framework/0.5.0-SNAPSHOT/hadoop-hdds-server-framework-0.5.0-SNAPSHOT.jar:/home/user/.m2/repository/org/apache/hadoop/hadoop-hdds-container-service/0.5.0-SNAPSHOT/hadoop-hdds-container-service-0.5.0-SNAPSHOT.jar:/home/user/.m2/repository/org/apache/hadoop/hadoop-hdds-client/0.5.0-SNAPSHOT/hadoop-hdds-client-0.5.0-SNAPSHOT.jar:/home/user/.m2/repository/org/apache/hadoop/hadoop-hdds-tools/0.5.0-SNAPSHOT/hadoop-hdds-tools-0.5.0-SNAPSHOT.jar:/home/user/.m2/repository/org/apache/hadoop/hadoop-hdds-server-scm/0.5.0-SNAPSHOT/hadoop-hdds-server-scm-0.5.0-SNAPSHOT.jar:/home/user/.m2/repository/org/apache/hadoop/hadoop-hdds-docs/0.5.0-SNAPSHOT/hadoop-hdds-docs-0.5.0-SNAPSHOT.jar:/home/user/.m2/repository/io/dropwizard/metrics/metrics-core/3.2.4/metrics-core-3.2.4.jar:/home/user/.m2/repository/org/hamcrest/hamcrest-all/1.3/hamcrest-all-1.3.jar:/home/user/.m2/repository/org/bouncycastle/bcprov-jdk15on/1.60/bcprov-jdk15on-1.60.jar:/home/user/.m2/repository/info/picocli/picocli/3.9.6/picocli-3.9.6.jar:/home/user/.m2/repository/com/google/protobuf/protobuf-java/2.5.0/protobuf-java-2.5.0.jar:/home/user/.m2/repository/com/google/guava/guava/11.0.2/guava-11.0.2.jar:/home/user/.m2/repository/org/apache/hadoop/hadoop-ozone-ozone-manager/0.5.0-SNAPSHOT/hadoop-ozone-ozone-manager-0.5.0-SNAPSHOT.jar:/home/user/.m2/repository/org/apache/hadoop/hadoop-minikdc/3.2.0/hadoop-minikdc-3.2.0.jar:/home/user/.m2/repository/commons-io/commons-io/2.5/commons-io-2.5.jar:/home/user/.m2/repository/org/apache/kerby/kerb-simplekdc/1.0.1/kerb-simplekdc-1.0.1.jar:/home/user/.m2/repository/org/apache/kerby/kerb-client/1.0.1/kerb-client-1.0.1.jar:/home/user/.m2/repository/org/apache/kerby/kerby-config/1.0.1/kerby-config-1.0.1.jar:/home/user/.m2/repository/org/apache/kerby/kerb-core/1.0.1/kerb-core-1.0.1.jar:/home/user/.m2/repository/org/apache/kerby/kerby-pkix/1.0.1/kerby-pkix-1.0.1.jar:/home/user/.m2/repository/org/apache/kerby/kerby-asn1/1.0.1/kerby-asn1-1.0.1.jar:/home/user/.m2/repository/org/apache/kerby/kerby-util/1.0.1/kerby-util-1.0.1.jar:/home/user/.m2/repository/org/apache/kerby/kerb-common/1.0.1/kerb-common-1.0.1.jar:/home/user/.m2/repository/org/apache/kerby/kerb-crypto/1.0.1/kerb-crypto-1.0.1.jar:/home/user/.m2/repository/org/apache/kerby/kerb-util/1.0.1/kerb-util-1.0.1.jar:/home/user/.m2/repository/org/apache/kerby/token-provider/1.0.1/token-provider-1.0.1.jar:/home/user/.m2/repository/org/apache/kerby/kerb-admin/1.0.1/kerb-admin-1.0.1.jar:/home/user/.m2/repository/org/apache/kerby/kerb-server/1.0.1/kerb-server-1.0.1.jar:/home/user/.m2/repository/org/apache/kerby/kerb-identity/1.0.1/kerb-identity-1.0.1.jar:/home/user/.m2/repository/org/apache/kerby/kerby-xdr/1.0.1/kerby-xdr-1.0.1.jar:/home/user/.m2/repository/org/slf4j/slf4j-log4j12/1.7.25/slf4j-log4j12-1.7.25.jar:/home/user/.m2/repository/org/apache/hadoop/hadoop-ozone-s3gateway/0.5.0-SNAPSHOT/hadoop-ozone-s3gateway-0.5.0-SNAPSHOT.jar:/home/user/.m2/repository/org/jboss/weld/servlet/weld-servlet/2.4.7.Final/weld-servlet-2.4.7.Final.jar:/home/user/.m2/repository/org/glassfish/jersey/containers/jersey-container-servlet-core/2.27/jersey-container-servlet-core-2.27.jar:/home/user/.m2/repository/org/glassfish/hk2/external/javax.inject/2.5.0-b42/javax.inject-2.5.0-b42.jar:/home/user/.m2/repository/org/glassfish/jersey/core/jersey-common/2.27/jersey-common-2.27.jar:/home/user/.m2/repository/org/glassfish/hk2/osgi-resource-locator/1.0.1/osgi-resource-locator-1.0.1.jar:/home/user/.m2/repository/javax/ws/rs/javax.ws.rs-api/2.1/javax.ws.rs-api-2.1.jar:/home/user/.m2/repository/org/glassfish/jersey/ext/cdi/jersey-cdi1x/2.27/jersey-cdi1x-2.27.jar:/home/user/.m2/repository/org/glassfish/jersey/inject/jersey-hk2/2.27/jersey-hk2-2.27.jar:/home/user/.m2/repository/org/glassfish/hk2/hk2-locator/2.5.0-b42/hk2-locator-2.5.0-b42.jar:/home/user/.m2/repository/org/javassist/javassist/3.22.0-CR2/javassist-3.22.0-CR2.jar:/home/user/.m2/repository/org/glassfish/hk2/hk2-api/2.5.0/hk2-api-2.5.0.jar:/home/user/.m2/repository/org/glassfish/hk2/external/jakarta.inject/2.5.0/jakarta.inject-2.5.0.jar:/home/user/.m2/repository/org/glassfish/hk2/hk2-utils/2.5.0/hk2-utils-2.5.0.jar:/home/user/.m2/repository/jakarta/annotation/jakarta.annotation-api/1.3.4/jakarta.annotation-api-1.3.4.jar:/home/user/.m2/repository/org/glassfish/hk2/external/aopalliance-repackaged/2.5.0/aopalliance-repackaged-2.5.0.jar:/home/user/.m2/repository/com/fasterxml/jackson/dataformat/jackson-dataformat-xml/2.9.0/jackson-dataformat-xml-2.9.0.jar:/home/user/.m2/repository/com/fasterxml/jackson/core/jackson-core/2.9.9/jackson-core-2.9.9.jar:/home/user/.m2/repository/com/fasterxml/jackson/module/jackson-module-jaxb-annotations/2.9.9/jackson-module-jaxb-annotations-2.9.9.jar:/home/user/.m2/repository/javax/enterprise/cdi-api/1.2/cdi-api-1.2.jar:/home/user/.m2/repository/javax/el/javax.el-api/3.0.0/javax.el-api-3.0.0.jar:/home/user/.m2/repository/javax/interceptor/javax.interceptor-api/1.2/javax.interceptor-api-1.2.jar:/home/user/.m2/repository/javax/inject/javax.inject/1/javax.inject-1.jar:/home/user/.m2/repository/com/sun/xml/bind/jaxb-impl/2.3.0.1/jaxb-impl-2.3.0.1.jar:/home/user/.m2/repository/com/sun/xml/bind/jaxb-core/2.3.0.1/jaxb-core-2.3.0.1.jar:/home/user/.m2/repository/javax/xml/bind/jaxb-api/2.3.0/jaxb-api-2.3.0.jar:/home/user/.m2/repository/javax/activation/activation/1.1.1/activation-1.1.1.jar:/home/user/.m2/repository/org/apache/hadoop/hadoop-ozone-csi/0.5.0-SNAPSHOT/hadoop-ozone-csi-0.5.0-SNAPSHOT.jar:/home/user/.m2/repository/com/google/protobuf/protobuf-java-util/3.5.1/protobuf-java-util-3.5.1.jar:/home/user/.m2/repository/org/apache/hadoop/hadoop-hdds-config/0.5.0-SNAPSHOT/hadoop-hdds-config-0.5.0-SNAPSHOT.jar:/home/user/.m2/repository/io/grpc/grpc-netty/1.17.1/grpc-netty-1.17.1.jar:/home/user/.m2/repository/io/grpc/grpc-core/1.17.1/grpc-core-1.17.1.jar:/home/user/.m2/repository/io/grpc/grpc-context/1.17.1/grpc-context-1.17.1.jar:/home/user/.m2/repository/com/google/errorprone/error_prone_annotations/2.2.0/error_prone_annotations-2.2.0.jar:/home/user/.m2/repository/org/codehaus/mojo/animal-sniffer-annotations/1.17/animal-sniffer-annotations-1.17.jar:/home/user/.m2/repository/io/opencensus/opencensus-api/0.17.0/opencensus-api-0.17.0.jar:/home/user/.m2/repository/io/opencensus/opencensus-contrib-grpc-metrics/0.17.0/opencensus-contrib-grpc-metrics-0.17.0.jar:/home/user/.m2/repository/io/netty/netty-codec-http2/4.1.30.Final/netty-codec-http2-4.1.30.Final.jar:/home/user/.m2/repository/io/netty/netty-codec-http/4.1.30.Final/netty-codec-http-4.1.30.Final.jar:/home/user/.m2/repository/io/netty/netty-codec/4.1.30.Final/netty-codec-4.1.30.Final.jar:/home/user/.m2/repository/io/netty/netty-handler/4.1.30.Final/netty-handler-4.1.30.Final.jar:/home/user/.m2/repository/io/netty/netty-handler-proxy/4.1.30.Final/netty-handler-proxy-4.1.30.Final.jar:/home/user/.m2/repository/io/netty/netty-codec-socks/4.1.30.Final/netty-codec-socks-4.1.30.Final.jar:/home/user/.m2/repository/io/netty/netty-transport-native-epoll/4.1.30.Final/netty-transport-native-epoll-4.1.30.Final.jar:/home/user/.m2/repository/io/netty/netty-common/4.1.30.Final/netty-common-4.1.30.Final.jar:/home/user/.m2/repository/io/netty/netty-buffer/4.1.30.Final/netty-buffer-4.1.30.Final.jar:/home/user/.m2/repository/io/netty/netty-transport/4.1.30.Final/netty-transport-4.1.30.Final.jar:/home/user/.m2/repository/io/netty/netty-resolver/4.1.30.Final/netty-resolver-4.1.30.Final.jar:/home/user/.m2/repository/io/netty/netty-transport-native-unix-common/4.1.30.Final/netty-transport-native-unix-common-4.1.30.Final.jar:/home/user/.m2/repository/io/grpc/grpc-protobuf/1.17.1/grpc-protobuf-1.17.1.jar:/home/user/.m2/repository/com/google/api/grpc/proto-google-common-protos/1.0.0/proto-google-common-protos-1.0.0.jar:/home/user/.m2/repository/io/grpc/grpc-protobuf-lite/1.17.1/grpc-protobuf-lite-1.17.1.jar:/home/user/.m2/repository/io/grpc/grpc-stub/1.17.1/grpc-stub-1.17.1.jar:/home/user/.m2/repository/org/apache/hadoop/hadoop-ozone-recon/0.5.0-SNAPSHOT/hadoop-ozone-recon-0.5.0-SNAPSHOT.jar:/home/user/.m2/repository/org/apache/hadoop/hadoop-ozone-reconcodegen/0.5.0-SNAPSHOT/hadoop-ozone-reconcodegen-0.5.0-SNAPSHOT.jar:/home/user/.m2/repository/com/google/inject/extensions/guice-multibindings/4.0/guice-multibindings-4.0.jar:/home/user/.m2/repository/com/google/inject/guice/4.0/guice-4.0.jar:/home/user/.m2/repository/aopalliance/aopalliance/1.0/aopalliance-1.0.jar:/home/user/.m2/repository/com/google/inject/extensions/guice-servlet/4.0/guice-servlet-4.0.jar:/home/user/.m2/repository/org/glassfish/jersey/containers/jersey-container-servlet/2.27/jersey-container-servlet-2.27.jar:/home/user/.m2/repository/org/glassfish/hk2/guice-bridge/2.5.0/guice-bridge-2.5.0.jar:/home/user/.m2/repository/org/glassfish/jersey/core/jersey-server/2.27/jersey-server-2.27.jar:/home/user/.m2/repository/org/glassfish/jersey/core/jersey-client/2.27/jersey-client-2.27.jar:/home/user/.m2/repository/org/glassfish/jersey/media/jersey-media-jaxb/2.27/jersey-media-jaxb-2.27.jar:/home/user/.m2/repository/javax/validation/validation-api/1.1.0.Final/validation-api-1.1.0.Final.jar:/home/user/.m2/repository/org/glassfish/jersey/media/jersey-media-json-jackson/2.27/jersey-media-json-jackson-2.27.jar:/home/user/.m2/repository/org/glassfish/jersey/ext/jersey-entity-filtering/2.27/jersey-entity-filtering-2.27.jar:/home/user/.m2/repository/com/google/inject/extensions/guice-assistedinject/4.0/guice-assistedinject-4.0.jar:/home/user/.m2/repository/org/jooq/jooq/3.11.10/jooq-3.11.10.jar:/home/user/.m2/repository/org/jooq/jooq-meta/3.11.10/jooq-meta-3.11.10.jar:/home/user/.m2/repository/org/jooq/jooq-codegen/3.11.10/jooq-codegen-3.11.10.jar:/home/user/.m2/repository/com/jolbox/bonecp/0.8.0.RELEASE/bonecp-0.8.0.RELEASE.jar:/home/user/.m2/repository/org/xerial/sqlite-jdbc/3.25.2/sqlite-jdbc-3.25.2.jar:/home/user/.m2/repository/org/springframework/spring-jdbc/5.1.3.RELEASE/spring-jdbc-5.1.3.RELEASE.jar:/home/user/.m2/repository/org/springframework/spring-beans/5.1.3.RELEASE/spring-beans-5.1.3.RELEASE.jar:/home/user/.m2/repository/org/springframework/spring-core/5.1.3.RELEASE/spring-core-5.1.3.RELEASE.jar:/home/user/.m2/repository/org/springframework/spring-jcl/5.1.3.RELEASE/spring-jcl-5.1.3.RELEASE.jar:/home/user/.m2/repository/org/springframework/spring-tx/5.1.3.RELEASE/spring-tx-5.1.3.RELEASE.jar:/home/user/.m2/repository/org/apache/hadoop/hadoop-ozone-client/0.5.0-SNAPSHOT/hadoop-ozone-client-0.5.0-SNAPSHOT.jar:/home/user/.m2/repository/commons-lang/commons-lang/2.6/commons-lang-2.6.jar:/home/user/.m2/repository/org/apache/hadoop/hadoop-ozone-ozone-manager/0.5.0-SNAPSHOT/hadoop-ozone-ozone-manager-0.5.0-SNAPSHOT-tests.jar:/home/user/.m2/repository/junit/junit/4.11/junit-4.11.jar:/home/user/.m2/repository/org/hamcrest/hamcrest-core/1.3/hamcrest-core-1.3.jar:/home/user/.m2/repository/org/openjdk/jmh/jmh-core/1.19/jmh-core-1.19.jar:/home/user/.m2/repository/net/sf/jopt-simple/jopt-simple/4.6/jopt-simple-4.6.jar:/home/user/.m2/repository/org/apache/commons/commons-math3/3.1.1/commons-math3-3.1.1.jar:/home/user/.m2/repository/org/openjdk/jmh/jmh-generator-annprocess/1.19/jmh-generator-annprocess-1.19.jar:/home/user/.m2/repository/org/mockito/mockito-all/1.8.5/mockito-all-1.8.5.jar:/home/user/.m2/repository/org/apache/hadoop/hadoop-kms/3.2.0/hadoop-kms-3.2.0.jar:/home/user/.m2/repository/org/apache/hadoop/hadoop-auth/3.2.0/hadoop-auth-3.2.0.jar:/home/user/.m2/repository/com/nimbusds/nimbus-jose-jwt/4.41.1/nimbus-jose-jwt-4.41.1.jar:/home/user/.m2/repository/com/github/stephenc/jcip/jcip-annotations/1.0-1/jcip-annotations-1.0-1.jar:/home/user/.m2/repository/net/minidev/json-smart/2.3/json-smart-2.3.jar:/home/user/.m2/repository/net/minidev/accessors-smart/1.2/accessors-smart-1.2.jar:/home/user/.m2/repository/org/ow2/asm/asm/5.0.4/asm-5.0.4.jar:/home/user/.m2/repository/org/apache/curator/curator-framework/2.12.0/curator-framework-2.12.0.jar:/home/user/.m2/repository/com/sun/jersey/jersey-core/1.19/jersey-core-1.19.jar:/home/user/.m2/repository/javax/ws/rs/jsr311-api/1.1.1/jsr311-api-1.1.1.jar:/home/user/.m2/repository/com/sun/jersey/jersey-server/1.19/jersey-server-1.19.jar:/home/user/.m2/repository/javax/servlet/javax.servlet-api/3.1.0/javax.servlet-api-3.1.0.jar:/home/user/.m2/repository/org/eclipse/jetty/jetty-server/9.3.25.v20180904/jetty-server-9.3.25.v20180904.jar:/home/user/.m2/repository/org/eclipse/jetty/jetty-http/9.3.25.v20180904/jetty-http-9.3.25.v20180904.jar:/home/user/.m2/repository/org/eclipse/jetty/jetty-io/9.3.25.v20180904/jetty-io-9.3.25.v20180904.jar:/home/user/.m2/repository/org/eclipse/jetty/jetty-webapp/9.3.25.v20180904/jetty-webapp-9.3.25.v20180904.jar:/home/user/.m2/repository/org/eclipse/jetty/jetty-xml/9.3.25.v20180904/jetty-xml-9.3.25.v20180904.jar:/home/user/.m2/repository/log4j/log4j/1.2.17/log4j-1.2.17.jar:/home/user/.m2/repository/org/slf4j/slf4j-api/1.7.25/slf4j-api-1.7.25.jar:/home/user/.m2/repository/org/slf4j/jul-to-slf4j/1.7.25/jul-to-slf4j-1.7.25.jar:/home/user/.m2/repository/org/eclipse/jetty/jetty-util/9.3.25.v20180904/jetty-util-9.3.25.v20180904.jar:/home/user/.m2/repository/com/fasterxml/jackson/core/jackson-databind/2.9.9/jackson-databind-2.9.9.jar:/home/user/.m2/repository/org/apache/hadoop/hadoop-kms/3.2.0/hadoop-kms-3.2.0-tests.jar:/home/user/.m2/repository/org/apache/hadoop/hadoop-hdds-server-scm/0.5.0-SNAPSHOT/hadoop-hdds-server-scm-0.5.0-SNAPSHOT-tests.jar:/home/user/.m2/repository/org/apache/hadoop/hadoop-hdds-container-service/0.5.0-SNAPSHOT/hadoop-hdds-container-service-0.5.0-SNAPSHOT-tests.jar:/home/user/.m2/repository/org/yaml/snakeyaml/1.16/snakeyaml-1.16.jar:/home/user/.m2/repository/org/apache/hadoop/hadoop-common/3.2.0/hadoop-common-3.2.0-tests.jar:/home/user/.m2/repository/org/apache/hadoop/hadoop-annotations/3.2.0/hadoop-annotations-3.2.0.jar:/usr/lib/jvm/java-1.8-openjdk/jre/../lib/tools.jar:/home/user/.m2/repository/commons-cli/commons-cli/1.2/commons-cli-1.2.jar:/home/user/.m2/repository/org/apache/httpcomponents/httpclient/4.5.2/httpclient-4.5.2.jar:/home/user/.m2/repository/org/apache/httpcomponents/httpcore/4.4.4/httpcore-4.4.4.jar:/home/user/.m2/repository/commons-codec/commons-codec/1.11/commons-codec-1.11.jar:/home/user/.m2/repository/commons-net/commons-net/3.6/commons-net-3.6.jar:/home/user/.m2/repository/commons-collections/commons-collections/3.2.2/commons-collections-3.2.2.jar:/home/user/.m2/repository/org/eclipse/jetty/jetty-servlet/9.3.25.v20180904/jetty-servlet-9.3.25.v20180904.jar:/home/user/.m2/repository/org/eclipse/jetty/jetty-security/9.3.25.v20180904/jetty-security-9.3.25.v20180904.jar:/home/user/.m2/repository/javax/servlet/jsp/jsp-api/2.1/jsp-api-2.1.jar:/home/user/.m2/repository/com/sun/jersey/jersey-servlet/1.19/jersey-servlet-1.19.jar:/home/user/.m2/repository/com/sun/jersey/jersey-json/1.19/jersey-json-1.19.jar:/home/user/.m2/repository/org/codehaus/jettison/jettison/1.1/jettison-1.1.jar:/home/user/.m2/repository/org/codehaus/jackson/jackson-core-asl/1.9.13/jackson-core-asl-1.9.13.jar:/home/user/.m2/repository/org/codehaus/jackson/jackson-mapper-asl/1.9.13/jackson-mapper-asl-1.9.13.jar:/home/user/.m2/repository/org/codehaus/jackson/jackson-jaxrs/1.9.13/jackson-jaxrs-1.9.13.jar:/home/user/.m2/repository/org/codehaus/jackson/jackson-xc/1.9.13/jackson-xc-1.9.13.jar:/home/user/.m2/repository/commons-logging/commons-logging/1.1.3/commons-logging-1.1.3.jar:/home/user/.m2/repository/commons-beanutils/commons-beanutils/1.9.4/commons-beanutils-1.9.4.jar:/home/user/.m2/repository/org/apache/commons/commons-configuration2/2.1.1/commons-configuration2-2.1.1.jar:/home/user/.m2/repository/org/apache/commons/commons-lang3/3.7/commons-lang3-3.7.jar:/home/user/.m2/repository/org/apache/commons/commons-text/1.4/commons-text-1.4.jar:/home/user/.m2/repository/org/apache/avro/avro/1.7.7/avro-1.7.7.jar:/home/user/.m2/repository/com/thoughtworks/paranamer/paranamer/2.3/paranamer-2.3.jar:/home/user/.m2/repository/org/xerial/snappy/snappy-java/1.0.5/snappy-java-1.0.5.jar:/home/user/.m2/repository/com/google/re2j/re2j/1.1/re2j-1.1.jar:/home/user/.m2/repository/com/google/code/gson/gson/2.2.4/gson-2.2.4.jar:/home/user/.m2/repository/com/jcraft/jsch/0.1.54/jsch-0.1.54.jar:/home/user/.m2/repository/org/apache/curator/curator-client/2.12.0/curator-client-2.12.0.jar:/home/user/.m2/repository/org/apache/curator/curator-recipes/2.12.0/curator-recipes-2.12.0.jar:/home/user/.m2/repository/com/google/code/findbugs/jsr305/3.0.0/jsr305-3.0.0.jar:/home/user/.m2/repository/org/apache/htrace/htrace-core4/4.1.0-incubating/htrace-core4-4.1.0-incubating.jar:/home/user/.m2/repository/org/apache/zookeeper/zookeeper/3.4.13/zookeeper-3.4.13.jar:/home/user/.m2/repository/jline/jline/0.9.94/jline-0.9.94.jar:/home/user/.m2/repository/org/apache/yetus/audience-annotations/0.5.0/audience-annotations-0.5.0.jar:/home/user/.m2/repository/org/codehaus/woodstox/stax2-api/3.1.4/stax2-api-3.1.4.jar:/home/user/.m2/repository/com/fasterxml/woodstox/woodstox-core/5.0.3/woodstox-core-5.0.3.jar:/home/user/.m2/repository/dnsjava/dnsjava/2.1.7/dnsjava-2.1.7.jar:/home/user/.m2/repository/org/apache/hadoop/hadoop-hdfs/3.2.0/hadoop-hdfs-3.2.0-tests.jar:/home/user/.m2/repository/org/eclipse/jetty/jetty-util-ajax/9.3.25.v20180904/jetty-util-ajax-9.3.25.v20180904.jar:/home/user/.m2/repository/commons-daemon/commons-daemon/1.0.13/commons-daemon-1.0.13.jar:/home/user/.m2/repository/io/netty/netty/3.10.5.Final/netty-3.10.5.Final.jar:/home/user/.m2/repository/io/netty/netty-all/4.0.52.Final/netty-all-4.0.52.Final.jar:/home/user/.m2/repository/org/fusesource/leveldbjni/leveldbjni-all/1.8/leveldbjni-all-1.8.jar:"/>
    <property name="java.vm.vendor" value="IcedTea"/>
    <property name="sun.arch.data.model" value="64"/>
    <property name="test.build.dir" value="/workdir/hadoop-ozone/integration-test/target/test-dir"/>
    <property name="test.cache.data" value=""/>
    <property name="java.vendor.url" value="https://icedtea.classpath.org"/>
    <property name="user.timezone" value=""/>
    <property name="java.vm.specification.version" value="1.8"/>
    <property name="os.name" value="Linux"/>
    <property name="test.build.data" value="/workdir/hadoop-ozone/integration-test/target/test-dir"/>
    <property name="user.country" value="US"/>
    <property name="sun.java.launcher" value="SUN_STANDARD"/>
    <property name="sun.boot.library.path" value="/usr/lib/jvm/java-1.8-openjdk/jre/lib/amd64"/>
    <property name="sun.java.command" value="/workdir/hadoop-ozone/integration-test/target/surefire/surefirebooter2108545241357817118.jar /workdir/hadoop-ozone/integration-test/target/surefire 2019-10-02T05-41-45_105-jvmRun1 surefire7439631247938523109tmp surefire_755720011173903559603tmp"/>
    <property name="test" value="!TestMiniChaosOzoneCluster"/>
    <property name="surefire.test.class.path" value="/workdir/hadoop-ozone/integration-test/target/test-classes:/workdir/hadoop-ozone/integration-test/target/classes:/home/user/.m2/repository/org/apache/hadoop/hadoop-ozone-common/0.5.0-SNAPSHOT/hadoop-ozone-common-0.5.0-SNAPSHOT.jar:/home/user/.m2/repository/org/apache/commons/commons-compress/1.4.1/commons-compress-1.4.1.jar:/home/user/.m2/repository/org/tukaani/xz/1.0/xz-1.0.jar:/home/user/.m2/repository/org/apache/hadoop/hadoop-common/3.2.0/hadoop-common-3.2.0.jar:/home/user/.m2/repository/org/apache/hadoop/hadoop-hdfs/3.2.0/hadoop-hdfs-3.2.0.jar:/home/user/.m2/repository/org/apache/hadoop/hadoop-hdfs-client/3.2.0/hadoop-hdfs-client-3.2.0.jar:/home/user/.m2/repository/com/fasterxml/jackson/core/jackson-annotations/2.9.9/jackson-annotations-2.9.9.jar:/home/user/.m2/repository/org/apache/hadoop/hadoop-hdds-common/0.5.0-SNAPSHOT/hadoop-hdds-common-0.5.0-SNAPSHOT.jar:/home/user/.m2/repository/javax/annotation/javax.annotation-api/1.2/javax.annotation-api-1.2.jar:/home/user/.m2/repository/org/apache/ratis/ratis-server/0.5.0-201fc85-SNAPSHOT/ratis-server-0.5.0-201fc85-SNAPSHOT.jar:/home/user/.m2/repository/org/apache/ratis/ratis-thirdparty-misc/0.2.0/ratis-thirdparty-misc-0.2.0.jar:/home/user/.m2/repository/org/apache/ratis/ratis-proto/0.5.0-201fc85-SNAPSHOT/ratis-proto-0.5.0-201fc85-SNAPSHOT.jar:/home/user/.m2/repository/org/apache/ratis/ratis-common/0.5.0-201fc85-SNAPSHOT/ratis-common-0.5.0-201fc85-SNAPSHOT.jar:/home/user/.m2/repository/org/apache/ratis/ratis-client/0.5.0-201fc85-SNAPSHOT/ratis-client-0.5.0-201fc85-SNAPSHOT.jar:/home/user/.m2/repository/org/apache/ratis/ratis-metrics/0.5.0-201fc85-SNAPSHOT/ratis-metrics-0.5.0-201fc85-SNAPSHOT.jar:/home/user/.m2/repository/com/github/joshelser/dropwizard-metrics-hadoop-metrics2-reporter/0.1.2/dropwizard-metrics-hadoop-metrics2-reporter-0.1.2.jar:/home/user/.m2/repository/io/dropwizard/metrics/metrics-jvm/3.2.5/metrics-jvm-3.2.5.jar:/home/user/.m2/repository/io/dropwizard/metrics/metrics-ganglia/3.2.5/metrics-ganglia-3.2.5.jar:/home/user/.m2/repository/info/ganglia/gmetric4j/gmetric4j/1.0.7/gmetric4j-1.0.7.jar:/home/user/.m2/repository/org/apache/ratis/ratis-netty/0.5.0-201fc85-SNAPSHOT/ratis-netty-0.5.0-201fc85-SNAPSHOT.jar:/home/user/.m2/repository/org/apache/ratis/ratis-grpc/0.5.0-201fc85-SNAPSHOT/ratis-grpc-0.5.0-201fc85-SNAPSHOT.jar:/home/user/.m2/repository/org/rocksdb/rocksdbjni/6.0.1/rocksdbjni-6.0.1.jar:/home/user/.m2/repository/org/apache/logging/log4j/log4j-api/2.11.0/log4j-api-2.11.0.jar:/home/user/.m2/repository/org/apache/logging/log4j/log4j-core/2.11.0/log4j-core-2.11.0.jar:/home/user/.m2/repository/com/lmax/disruptor/3.4.2/disruptor-3.4.2.jar:/home/user/.m2/repository/org/apache/commons/commons-pool2/2.6.0/commons-pool2-2.6.0.jar:/home/user/.m2/repository/org/bouncycastle/bcpkix-jdk15on/1.60/bcpkix-jdk15on-1.60.jar:/home/user/.m2/repository/commons-validator/commons-validator/1.6/commons-validator-1.6.jar:/home/user/.m2/repository/commons-digester/commons-digester/1.8.1/commons-digester-1.8.1.jar:/home/user/.m2/repository/io/jaegertracing/jaeger-client/0.34.0/jaeger-client-0.34.0.jar:/home/user/.m2/repository/io/jaegertracing/jaeger-thrift/0.34.0/jaeger-thrift-0.34.0.jar:/home/user/.m2/repository/org/apache/thrift/libthrift/0.12.0/libthrift-0.12.0.jar:/home/user/.m2/repository/com/squareup/okhttp3/okhttp/3.9.0/okhttp-3.9.0.jar:/home/user/.m2/repository/com/squareup/okio/okio/1.13.0/okio-1.13.0.jar:/home/user/.m2/repository/io/jaegertracing/jaeger-core/0.34.0/jaeger-core-0.34.0.jar:/home/user/.m2/repository/io/jaegertracing/jaeger-tracerresolver/0.34.0/jaeger-tracerresolver-0.34.0.jar:/home/user/.m2/repository/io/opentracing/contrib/opentracing-tracerresolver/0.1.5/opentracing-tracerresolver-0.1.5.jar:/home/user/.m2/repository/io/opentracing/opentracing-util/0.31.0/opentracing-util-0.31.0.jar:/home/user/.m2/repository/io/opentracing/opentracing-api/0.31.0/opentracing-api-0.31.0.jar:/home/user/.m2/repository/io/opentracing/opentracing-noop/0.31.0/opentracing-noop-0.31.0.jar:/home/user/.m2/repository/org/apache/hadoop/hadoop-hdds-server-framework/0.5.0-SNAPSHOT/hadoop-hdds-server-framework-0.5.0-SNAPSHOT.jar:/home/user/.m2/repository/org/apache/hadoop/hadoop-hdds-container-service/0.5.0-SNAPSHOT/hadoop-hdds-container-service-0.5.0-SNAPSHOT.jar:/home/user/.m2/repository/org/apache/hadoop/hadoop-hdds-client/0.5.0-SNAPSHOT/hadoop-hdds-client-0.5.0-SNAPSHOT.jar:/home/user/.m2/repository/org/apache/hadoop/hadoop-hdds-tools/0.5.0-SNAPSHOT/hadoop-hdds-tools-0.5.0-SNAPSHOT.jar:/home/user/.m2/repository/org/apache/hadoop/hadoop-hdds-server-scm/0.5.0-SNAPSHOT/hadoop-hdds-server-scm-0.5.0-SNAPSHOT.jar:/home/user/.m2/repository/org/apache/hadoop/hadoop-hdds-docs/0.5.0-SNAPSHOT/hadoop-hdds-docs-0.5.0-SNAPSHOT.jar:/home/user/.m2/repository/io/dropwizard/metrics/metrics-core/3.2.4/metrics-core-3.2.4.jar:/home/user/.m2/repository/org/hamcrest/hamcrest-all/1.3/hamcrest-all-1.3.jar:/home/user/.m2/repository/org/bouncycastle/bcprov-jdk15on/1.60/bcprov-jdk15on-1.60.jar:/home/user/.m2/repository/info/picocli/picocli/3.9.6/picocli-3.9.6.jar:/home/user/.m2/repository/com/google/protobuf/protobuf-java/2.5.0/protobuf-java-2.5.0.jar:/home/user/.m2/repository/com/google/guava/guava/11.0.2/guava-11.0.2.jar:/home/user/.m2/repository/org/apache/hadoop/hadoop-ozone-ozone-manager/0.5.0-SNAPSHOT/hadoop-ozone-ozone-manager-0.5.0-SNAPSHOT.jar:/home/user/.m2/repository/org/apache/hadoop/hadoop-minikdc/3.2.0/hadoop-minikdc-3.2.0.jar:/home/user/.m2/repository/commons-io/commons-io/2.5/commons-io-2.5.jar:/home/user/.m2/repository/org/apache/kerby/kerb-simplekdc/1.0.1/kerb-simplekdc-1.0.1.jar:/home/user/.m2/repository/org/apache/kerby/kerb-client/1.0.1/kerb-client-1.0.1.jar:/home/user/.m2/repository/org/apache/kerby/kerby-config/1.0.1/kerby-config-1.0.1.jar:/home/user/.m2/repository/org/apache/kerby/kerb-core/1.0.1/kerb-core-1.0.1.jar:/home/user/.m2/repository/org/apache/kerby/kerby-pkix/1.0.1/kerby-pkix-1.0.1.jar:/home/user/.m2/repository/org/apache/kerby/kerby-asn1/1.0.1/kerby-asn1-1.0.1.jar:/home/user/.m2/repository/org/apache/kerby/kerby-util/1.0.1/kerby-util-1.0.1.jar:/home/user/.m2/repository/org/apache/kerby/kerb-common/1.0.1/kerb-common-1.0.1.jar:/home/user/.m2/repository/org/apache/kerby/kerb-crypto/1.0.1/kerb-crypto-1.0.1.jar:/home/user/.m2/repository/org/apache/kerby/kerb-util/1.0.1/kerb-util-1.0.1.jar:/home/user/.m2/repository/org/apache/kerby/token-provider/1.0.1/token-provider-1.0.1.jar:/home/user/.m2/repository/org/apache/kerby/kerb-admin/1.0.1/kerb-admin-1.0.1.jar:/home/user/.m2/repository/org/apache/kerby/kerb-server/1.0.1/kerb-server-1.0.1.jar:/home/user/.m2/repository/org/apache/kerby/kerb-identity/1.0.1/kerb-identity-1.0.1.jar:/home/user/.m2/repository/org/apache/kerby/kerby-xdr/1.0.1/kerby-xdr-1.0.1.jar:/home/user/.m2/repository/org/slf4j/slf4j-log4j12/1.7.25/slf4j-log4j12-1.7.25.jar:/home/user/.m2/repository/org/apache/hadoop/hadoop-ozone-s3gateway/0.5.0-SNAPSHOT/hadoop-ozone-s3gateway-0.5.0-SNAPSHOT.jar:/home/user/.m2/repository/org/jboss/weld/servlet/weld-servlet/2.4.7.Final/weld-servlet-2.4.7.Final.jar:/home/user/.m2/repository/org/glassfish/jersey/containers/jersey-container-servlet-core/2.27/jersey-container-servlet-core-2.27.jar:/home/user/.m2/repository/org/glassfish/hk2/external/javax.inject/2.5.0-b42/javax.inject-2.5.0-b42.jar:/home/user/.m2/repository/org/glassfish/jersey/core/jersey-common/2.27/jersey-common-2.27.jar:/home/user/.m2/repository/org/glassfish/hk2/osgi-resource-locator/1.0.1/osgi-resource-locator-1.0.1.jar:/home/user/.m2/repository/javax/ws/rs/javax.ws.rs-api/2.1/javax.ws.rs-api-2.1.jar:/home/user/.m2/repository/org/glassfish/jersey/ext/cdi/jersey-cdi1x/2.27/jersey-cdi1x-2.27.jar:/home/user/.m2/repository/org/glassfish/jersey/inject/jersey-hk2/2.27/jersey-hk2-2.27.jar:/home/user/.m2/repository/org/glassfish/hk2/hk2-locator/2.5.0-b42/hk2-locator-2.5.0-b42.jar:/home/user/.m2/repository/org/javassist/javassist/3.22.0-CR2/javassist-3.22.0-CR2.jar:/home/user/.m2/repository/org/glassfish/hk2/hk2-api/2.5.0/hk2-api-2.5.0.jar:/home/user/.m2/repository/org/glassfish/hk2/external/jakarta.inject/2.5.0/jakarta.inject-2.5.0.jar:/home/user/.m2/repository/org/glassfish/hk2/hk2-utils/2.5.0/hk2-utils-2.5.0.jar:/home/user/.m2/repository/jakarta/annotation/jakarta.annotation-api/1.3.4/jakarta.annotation-api-1.3.4.jar:/home/user/.m2/repository/org/glassfish/hk2/external/aopalliance-repackaged/2.5.0/aopalliance-repackaged-2.5.0.jar:/home/user/.m2/repository/com/fasterxml/jackson/dataformat/jackson-dataformat-xml/2.9.0/jackson-dataformat-xml-2.9.0.jar:/home/user/.m2/repository/com/fasterxml/jackson/core/jackson-core/2.9.9/jackson-core-2.9.9.jar:/home/user/.m2/repository/com/fasterxml/jackson/module/jackson-module-jaxb-annotations/2.9.9/jackson-module-jaxb-annotations-2.9.9.jar:/home/user/.m2/repository/javax/enterprise/cdi-api/1.2/cdi-api-1.2.jar:/home/user/.m2/repository/javax/el/javax.el-api/3.0.0/javax.el-api-3.0.0.jar:/home/user/.m2/repository/javax/interceptor/javax.interceptor-api/1.2/javax.interceptor-api-1.2.jar:/home/user/.m2/repository/javax/inject/javax.inject/1/javax.inject-1.jar:/home/user/.m2/repository/com/sun/xml/bind/jaxb-impl/2.3.0.1/jaxb-impl-2.3.0.1.jar:/home/user/.m2/repository/com/sun/xml/bind/jaxb-core/2.3.0.1/jaxb-core-2.3.0.1.jar:/home/user/.m2/repository/javax/xml/bind/jaxb-api/2.3.0/jaxb-api-2.3.0.jar:/home/user/.m2/repository/javax/activation/activation/1.1.1/activation-1.1.1.jar:/home/user/.m2/repository/org/apache/hadoop/hadoop-ozone-csi/0.5.0-SNAPSHOT/hadoop-ozone-csi-0.5.0-SNAPSHOT.jar:/home/user/.m2/repository/com/google/protobuf/protobuf-java-util/3.5.1/protobuf-java-util-3.5.1.jar:/home/user/.m2/repository/org/apache/hadoop/hadoop-hdds-config/0.5.0-SNAPSHOT/hadoop-hdds-config-0.5.0-SNAPSHOT.jar:/home/user/.m2/repository/io/grpc/grpc-netty/1.17.1/grpc-netty-1.17.1.jar:/home/user/.m2/repository/io/grpc/grpc-core/1.17.1/grpc-core-1.17.1.jar:/home/user/.m2/repository/io/grpc/grpc-context/1.17.1/grpc-context-1.17.1.jar:/home/user/.m2/repository/com/google/errorprone/error_prone_annotations/2.2.0/error_prone_annotations-2.2.0.jar:/home/user/.m2/repository/org/codehaus/mojo/animal-sniffer-annotations/1.17/animal-sniffer-annotations-1.17.jar:/home/user/.m2/repository/io/opencensus/opencensus-api/0.17.0/opencensus-api-0.17.0.jar:/home/user/.m2/repository/io/opencensus/opencensus-contrib-grpc-metrics/0.17.0/opencensus-contrib-grpc-metrics-0.17.0.jar:/home/user/.m2/repository/io/netty/netty-codec-http2/4.1.30.Final/netty-codec-http2-4.1.30.Final.jar:/home/user/.m2/repository/io/netty/netty-codec-http/4.1.30.Final/netty-codec-http-4.1.30.Final.jar:/home/user/.m2/repository/io/netty/netty-codec/4.1.30.Final/netty-codec-4.1.30.Final.jar:/home/user/.m2/repository/io/netty/netty-handler/4.1.30.Final/netty-handler-4.1.30.Final.jar:/home/user/.m2/repository/io/netty/netty-handler-proxy/4.1.30.Final/netty-handler-proxy-4.1.30.Final.jar:/home/user/.m2/repository/io/netty/netty-codec-socks/4.1.30.Final/netty-codec-socks-4.1.30.Final.jar:/home/user/.m2/repository/io/netty/netty-transport-native-epoll/4.1.30.Final/netty-transport-native-epoll-4.1.30.Final.jar:/home/user/.m2/repository/io/netty/netty-common/4.1.30.Final/netty-common-4.1.30.Final.jar:/home/user/.m2/repository/io/netty/netty-buffer/4.1.30.Final/netty-buffer-4.1.30.Final.jar:/home/user/.m2/repository/io/netty/netty-transport/4.1.30.Final/netty-transport-4.1.30.Final.jar:/home/user/.m2/repository/io/netty/netty-resolver/4.1.30.Final/netty-resolver-4.1.30.Final.jar:/home/user/.m2/repository/io/netty/netty-transport-native-unix-common/4.1.30.Final/netty-transport-native-unix-common-4.1.30.Final.jar:/home/user/.m2/repository/io/grpc/grpc-protobuf/1.17.1/grpc-protobuf-1.17.1.jar:/home/user/.m2/repository/com/google/api/grpc/proto-google-common-protos/1.0.0/proto-google-common-protos-1.0.0.jar:/home/user/.m2/repository/io/grpc/grpc-protobuf-lite/1.17.1/grpc-protobuf-lite-1.17.1.jar:/home/user/.m2/repository/io/grpc/grpc-stub/1.17.1/grpc-stub-1.17.1.jar:/home/user/.m2/repository/org/apache/hadoop/hadoop-ozone-recon/0.5.0-SNAPSHOT/hadoop-ozone-recon-0.5.0-SNAPSHOT.jar:/home/user/.m2/repository/org/apache/hadoop/hadoop-ozone-reconcodegen/0.5.0-SNAPSHOT/hadoop-ozone-reconcodegen-0.5.0-SNAPSHOT.jar:/home/user/.m2/repository/com/google/inject/extensions/guice-multibindings/4.0/guice-multibindings-4.0.jar:/home/user/.m2/repository/com/google/inject/guice/4.0/guice-4.0.jar:/home/user/.m2/repository/aopalliance/aopalliance/1.0/aopalliance-1.0.jar:/home/user/.m2/repository/com/google/inject/extensions/guice-servlet/4.0/guice-servlet-4.0.jar:/home/user/.m2/repository/org/glassfish/jersey/containers/jersey-container-servlet/2.27/jersey-container-servlet-2.27.jar:/home/user/.m2/repository/org/glassfish/hk2/guice-bridge/2.5.0/guice-bridge-2.5.0.jar:/home/user/.m2/repository/org/glassfish/jersey/core/jersey-server/2.27/jersey-server-2.27.jar:/home/user/.m2/repository/org/glassfish/jersey/core/jersey-client/2.27/jersey-client-2.27.jar:/home/user/.m2/repository/org/glassfish/jersey/media/jersey-media-jaxb/2.27/jersey-media-jaxb-2.27.jar:/home/user/.m2/repository/javax/validation/validation-api/1.1.0.Final/validation-api-1.1.0.Final.jar:/home/user/.m2/repository/org/glassfish/jersey/media/jersey-media-json-jackson/2.27/jersey-media-json-jackson-2.27.jar:/home/user/.m2/repository/org/glassfish/jersey/ext/jersey-entity-filtering/2.27/jersey-entity-filtering-2.27.jar:/home/user/.m2/repository/com/google/inject/extensions/guice-assistedinject/4.0/guice-assistedinject-4.0.jar:/home/user/.m2/repository/org/jooq/jooq/3.11.10/jooq-3.11.10.jar:/home/user/.m2/repository/org/jooq/jooq-meta/3.11.10/jooq-meta-3.11.10.jar:/home/user/.m2/repository/org/jooq/jooq-codegen/3.11.10/jooq-codegen-3.11.10.jar:/home/user/.m2/repository/com/jolbox/bonecp/0.8.0.RELEASE/bonecp-0.8.0.RELEASE.jar:/home/user/.m2/repository/org/xerial/sqlite-jdbc/3.25.2/sqlite-jdbc-3.25.2.jar:/home/user/.m2/repository/org/springframework/spring-jdbc/5.1.3.RELEASE/spring-jdbc-5.1.3.RELEASE.jar:/home/user/.m2/repository/org/springframework/spring-beans/5.1.3.RELEASE/spring-beans-5.1.3.RELEASE.jar:/home/user/.m2/repository/org/springframework/spring-core/5.1.3.RELEASE/spring-core-5.1.3.RELEASE.jar:/home/user/.m2/repository/org/springframework/spring-jcl/5.1.3.RELEASE/spring-jcl-5.1.3.RELEASE.jar:/home/user/.m2/repository/org/springframework/spring-tx/5.1.3.RELEASE/spring-tx-5.1.3.RELEASE.jar:/home/user/.m2/repository/org/apache/hadoop/hadoop-ozone-client/0.5.0-SNAPSHOT/hadoop-ozone-client-0.5.0-SNAPSHOT.jar:/home/user/.m2/repository/commons-lang/commons-lang/2.6/commons-lang-2.6.jar:/home/user/.m2/repository/org/apache/hadoop/hadoop-ozone-ozone-manager/0.5.0-SNAPSHOT/hadoop-ozone-ozone-manager-0.5.0-SNAPSHOT-tests.jar:/home/user/.m2/repository/junit/junit/4.11/junit-4.11.jar:/home/user/.m2/repository/org/hamcrest/hamcrest-core/1.3/hamcrest-core-1.3.jar:/home/user/.m2/repository/org/openjdk/jmh/jmh-core/1.19/jmh-core-1.19.jar:/home/user/.m2/repository/net/sf/jopt-simple/jopt-simple/4.6/jopt-simple-4.6.jar:/home/user/.m2/repository/org/apache/commons/commons-math3/3.1.1/commons-math3-3.1.1.jar:/home/user/.m2/repository/org/openjdk/jmh/jmh-generator-annprocess/1.19/jmh-generator-annprocess-1.19.jar:/home/user/.m2/repository/org/mockito/mockito-all/1.8.5/mockito-all-1.8.5.jar:/home/user/.m2/repository/org/apache/hadoop/hadoop-kms/3.2.0/hadoop-kms-3.2.0.jar:/home/user/.m2/repository/org/apache/hadoop/hadoop-auth/3.2.0/hadoop-auth-3.2.0.jar:/home/user/.m2/repository/com/nimbusds/nimbus-jose-jwt/4.41.1/nimbus-jose-jwt-4.41.1.jar:/home/user/.m2/repository/com/github/stephenc/jcip/jcip-annotations/1.0-1/jcip-annotations-1.0-1.jar:/home/user/.m2/repository/net/minidev/json-smart/2.3/json-smart-2.3.jar:/home/user/.m2/repository/net/minidev/accessors-smart/1.2/accessors-smart-1.2.jar:/home/user/.m2/repository/org/ow2/asm/asm/5.0.4/asm-5.0.4.jar:/home/user/.m2/repository/org/apache/curator/curator-framework/2.12.0/curator-framework-2.12.0.jar:/home/user/.m2/repository/com/sun/jersey/jersey-core/1.19/jersey-core-1.19.jar:/home/user/.m2/repository/javax/ws/rs/jsr311-api/1.1.1/jsr311-api-1.1.1.jar:/home/user/.m2/repository/com/sun/jersey/jersey-server/1.19/jersey-server-1.19.jar:/home/user/.m2/repository/javax/servlet/javax.servlet-api/3.1.0/javax.servlet-api-3.1.0.jar:/home/user/.m2/repository/org/eclipse/jetty/jetty-server/9.3.25.v20180904/jetty-server-9.3.25.v20180904.jar:/home/user/.m2/repository/org/eclipse/jetty/jetty-http/9.3.25.v20180904/jetty-http-9.3.25.v20180904.jar:/home/user/.m2/repository/org/eclipse/jetty/jetty-io/9.3.25.v20180904/jetty-io-9.3.25.v20180904.jar:/home/user/.m2/repository/org/eclipse/jetty/jetty-webapp/9.3.25.v20180904/jetty-webapp-9.3.25.v20180904.jar:/home/user/.m2/repository/org/eclipse/jetty/jetty-xml/9.3.25.v20180904/jetty-xml-9.3.25.v20180904.jar:/home/user/.m2/repository/log4j/log4j/1.2.17/log4j-1.2.17.jar:/home/user/.m2/repository/org/slf4j/slf4j-api/1.7.25/slf4j-api-1.7.25.jar:/home/user/.m2/repository/org/slf4j/jul-to-slf4j/1.7.25/jul-to-slf4j-1.7.25.jar:/home/user/.m2/repository/org/eclipse/jetty/jetty-util/9.3.25.v20180904/jetty-util-9.3.25.v20180904.jar:/home/user/.m2/repository/com/fasterxml/jackson/core/jackson-databind/2.9.9/jackson-databind-2.9.9.jar:/home/user/.m2/repository/org/apache/hadoop/hadoop-kms/3.2.0/hadoop-kms-3.2.0-tests.jar:/home/user/.m2/repository/org/apache/hadoop/hadoop-hdds-server-scm/0.5.0-SNAPSHOT/hadoop-hdds-server-scm-0.5.0-SNAPSHOT-tests.jar:/home/user/.m2/repository/org/apache/hadoop/hadoop-hdds-container-service/0.5.0-SNAPSHOT/hadoop-hdds-container-service-0.5.0-SNAPSHOT-tests.jar:/home/user/.m2/repository/org/yaml/snakeyaml/1.16/snakeyaml-1.16.jar:/home/user/.m2/repository/org/apache/hadoop/hadoop-common/3.2.0/hadoop-common-3.2.0-tests.jar:/home/user/.m2/repository/org/apache/hadoop/hadoop-annotations/3.2.0/hadoop-annotations-3.2.0.jar:/usr/lib/jvm/java-1.8-openjdk/jre/../lib/tools.jar:/home/user/.m2/repository/commons-cli/commons-cli/1.2/commons-cli-1.2.jar:/home/user/.m2/repository/org/apache/httpcomponents/httpclient/4.5.2/httpclient-4.5.2.jar:/home/user/.m2/repository/org/apache/httpcomponents/httpcore/4.4.4/httpcore-4.4.4.jar:/home/user/.m2/repository/commons-codec/commons-codec/1.11/commons-codec-1.11.jar:/home/user/.m2/repository/commons-net/commons-net/3.6/commons-net-3.6.jar:/home/user/.m2/repository/commons-collections/commons-collections/3.2.2/commons-collections-3.2.2.jar:/home/user/.m2/repository/org/eclipse/jetty/jetty-servlet/9.3.25.v20180904/jetty-servlet-9.3.25.v20180904.jar:/home/user/.m2/repository/org/eclipse/jetty/jetty-security/9.3.25.v20180904/jetty-security-9.3.25.v20180904.jar:/home/user/.m2/repository/javax/servlet/jsp/jsp-api/2.1/jsp-api-2.1.jar:/home/user/.m2/repository/com/sun/jersey/jersey-servlet/1.19/jersey-servlet-1.19.jar:/home/user/.m2/repository/com/sun/jersey/jersey-json/1.19/jersey-json-1.19.jar:/home/user/.m2/repository/org/codehaus/jettison/jettison/1.1/jettison-1.1.jar:/home/user/.m2/repository/org/codehaus/jackson/jackson-core-asl/1.9.13/jackson-core-asl-1.9.13.jar:/home/user/.m2/repository/org/codehaus/jackson/jackson-mapper-asl/1.9.13/jackson-mapper-asl-1.9.13.jar:/home/user/.m2/repository/org/codehaus/jackson/jackson-jaxrs/1.9.13/jackson-jaxrs-1.9.13.jar:/home/user/.m2/repository/org/codehaus/jackson/jackson-xc/1.9.13/jackson-xc-1.9.13.jar:/home/user/.m2/repository/commons-logging/commons-logging/1.1.3/commons-logging-1.1.3.jar:/home/user/.m2/repository/commons-beanutils/commons-beanutils/1.9.4/commons-beanutils-1.9.4.jar:/home/user/.m2/repository/org/apache/commons/commons-configuration2/2.1.1/commons-configuration2-2.1.1.jar:/home/user/.m2/repository/org/apache/commons/commons-lang3/3.7/commons-lang3-3.7.jar:/home/user/.m2/repository/org/apache/commons/commons-text/1.4/commons-text-1.4.jar:/home/user/.m2/repository/org/apache/avro/avro/1.7.7/avro-1.7.7.jar:/home/user/.m2/repository/com/thoughtworks/paranamer/paranamer/2.3/paranamer-2.3.jar:/home/user/.m2/repository/org/xerial/snappy/snappy-java/1.0.5/snappy-java-1.0.5.jar:/home/user/.m2/repository/com/google/re2j/re2j/1.1/re2j-1.1.jar:/home/user/.m2/repository/com/google/code/gson/gson/2.2.4/gson-2.2.4.jar:/home/user/.m2/repository/com/jcraft/jsch/0.1.54/jsch-0.1.54.jar:/home/user/.m2/repository/org/apache/curator/curator-client/2.12.0/curator-client-2.12.0.jar:/home/user/.m2/repository/org/apache/curator/curator-recipes/2.12.0/curator-recipes-2.12.0.jar:/home/user/.m2/repository/com/google/code/findbugs/jsr305/3.0.0/jsr305-3.0.0.jar:/home/user/.m2/repository/org/apache/htrace/htrace-core4/4.1.0-incubating/htrace-core4-4.1.0-incubating.jar:/home/user/.m2/repository/org/apache/zookeeper/zookeeper/3.4.13/zookeeper-3.4.13.jar:/home/user/.m2/repository/jline/jline/0.9.94/jline-0.9.94.jar:/home/user/.m2/repository/org/apache/yetus/audience-annotations/0.5.0/audience-annotations-0.5.0.jar:/home/user/.m2/repository/org/codehaus/woodstox/stax2-api/3.1.4/stax2-api-3.1.4.jar:/home/user/.m2/repository/com/fasterxml/woodstox/woodstox-core/5.0.3/woodstox-core-5.0.3.jar:/home/user/.m2/repository/dnsjava/dnsjava/2.1.7/dnsjava-2.1.7.jar:/home/user/.m2/repository/org/apache/hadoop/hadoop-hdfs/3.2.0/hadoop-hdfs-3.2.0-tests.jar:/home/user/.m2/repository/org/eclipse/jetty/jetty-util-ajax/9.3.25.v20180904/jetty-util-ajax-9.3.25.v20180904.jar:/home/user/.m2/repository/commons-daemon/commons-daemon/1.0.13/commons-daemon-1.0.13.jar:/home/user/.m2/repository/io/netty/netty/3.10.5.Final/netty-3.10.5.Final.jar:/home/user/.m2/repository/io/netty/netty-all/4.0.52.Final/netty-all-4.0.52.Final.jar:/home/user/.m2/repository/org/fusesource/leveldbjni/leveldbjni-all/1.8/leveldbjni-all-1.8.jar:"/>
    <property name="sun.cpu.endian" value="little"/>
    <property name="user.home" value="/home/user"/>
    <property name="user.language" value="en"/>
    <property name="java.specification.vendor" value="Oracle Corporation"/>
    <property name="java.home" value="/usr/lib/jvm/java-1.8-openjdk/jre"/>
    <property name="java.security.krb5.conf" value="/workdir/hadoop-ozone/integration-test/target/test-classes/krb5.conf"/>
    <property name="basedir" value="/workdir/hadoop-ozone/integration-test"/>
    <property name="file.separator" value="/"/>
    <property name="line.separator" value="&#10;"/>
    <property name="java.vm.specification.vendor" value="Oracle Corporation"/>
    <property name="java.specification.name" value="Java Platform API Specification"/>
    <property name="java.awt.graphicsenv" value="sun.awt.X11GraphicsEnvironment"/>
    <property name="surefire.real.class.path" value="/workdir/hadoop-ozone/integration-test/target/surefire/surefirebooter2108545241357817118.jar"/>
    <property name="hadoop.log.dir" value="/workdir/hadoop-ozone/integration-test/target/log"/>
    <property name="sun.boot.class.path" value="/usr/lib/jvm/java-1.8-openjdk/jre/lib/resources.jar:/usr/lib/jvm/java-1.8-openjdk/jre/lib/rt.jar:/usr/lib/jvm/java-1.8-openjdk/jre/lib/sunrsasign.jar:/usr/lib/jvm/java-1.8-openjdk/jre/lib/jsse.jar:/usr/lib/jvm/java-1.8-openjdk/jre/lib/jce.jar:/usr/lib/jvm/java-1.8-openjdk/jre/lib/charsets.jar:/usr/lib/jvm/java-1.8-openjdk/jre/lib/jfr.jar:/usr/lib/jvm/java-1.8-openjdk/jre/classes"/>
    <property name="sun.management.compiler" value="HotSpot 64-Bit Tiered Compilers"/>
    <property name="java.runtime.version" value="1.8.0_212-b04"/>
    <property name="java.net.preferIPv4Stack" value="true"/>
    <property name="user.name" value="jenkins1000"/>
    <property name="path.separator" value=":"/>
    <property name="java.security.egd" value="file:///dev/urandom"/>
    <property name="os.version" value="3.10.0-957.12.2.el7.x86_64"/>
    <property name="java.endorsed.dirs" value="/usr/lib/jvm/java-1.8-openjdk/jre/lib/endorsed"/>
    <property name="java.runtime.name" value="OpenJDK Runtime Environment"/>
    <property name="file.encoding" value="UTF-8"/>
    <property name="java.vm.name" value="OpenJDK 64-Bit Server VM"/>
    <property name="test.build.webapps" value=""/>
    <property name="localRepository" value="/home/user/.m2/repository"/>
    <property name="java.vendor.url.bug" value="https://icedtea.classpath.org/bugzilla"/>
    <property name="java.io.tmpdir" value="/tmp"/>
    <property name="require.test.libhadoop" value=""/>
    <property name="java.version" value="1.8.0_212"/>
    <property name="user.dir" value="/workdir/hadoop-ozone/integration-test"/>
    <property name="os.arch" value="amd64"/>
    <property name="java.vm.specification.name" value="Java Virtual Machine Specification"/>
    <property name="test.build.classes" value="/workdir/hadoop-ozone/integration-test/target/test-classes"/>
    <property name="java.awt.printerjob" value="sun.print.PSPrinterJob"/>
    <property name="sun.os.patch.level" value="unknown"/>
    <property name="hadoop.tmp.dir" value="/workdir/hadoop-ozone/integration-test/target/tmp"/>
    <property name="java.library.path" value="/usr/lib/jvm/java-1.8-openjdk/jre/lib/amd64/server:/usr/lib/jvm/java-1.8-openjdk/jre/lib/amd64:/usr/lib/jvm/java-1.8-openjdk/jre/../lib/amd64:/workdir/hadoop-ozone/integration-test/target/native/target/usr/local/lib:/workdir/hadoop-ozone/integration-test/../../hadoop-common-project/hadoop-common/target/native/target/usr/local/lib:/usr/java/packages/lib/amd64:/usr/lib64:/lib64:/lib:/usr/lib"/>
    <property name="java.vm.info" value="mixed mode"/>
    <property name="java.vendor" value="IcedTea"/>
    <property name="java.vm.version" value="25.212-b04"/>
    <property name="java.ext.dirs" value="/usr/lib/jvm/java-1.8-openjdk/jre/lib/ext:/usr/java/packages/lib/ext"/>
    <property name="sun.io.unicode.encoding" value="UnicodeLittle"/>
    <property name="java.class.version" value="52.0"/>
  </properties>
  <testcase name="testWatchForCommitWithKeyWrite" classname="org.apache.hadoop.ozone.client.rpc.TestWatchForCommit" time="58.053"/>
  <testcase name="testWatchForCommitWithSmallerTimeoutValue" classname="org.apache.hadoop.ozone.client.rpc.TestWatchForCommit" time="43.806"/>
  <testcase name="testWatchForCommitForRetryfailure" classname="org.apache.hadoop.ozone.client.rpc.TestWatchForCommit" time="69.937"/>
  <testcase name="testWatchForCommitForGroupMismatchException" classname="org.apache.hadoop.ozone.client.rpc.TestWatchForCommit" time="32.384"/>
  <testcase name="test2WayCommitForTimeoutException" classname="org.apache.hadoop.ozone.client.rpc.TestWatchForCommit" time="23.206">
    <error type="java.util.concurrent.TimeoutException">java.util.concurrent.TimeoutException
	at java.util.concurrent.CompletableFuture.timedGet(CompletableFuture.java:1771)
	at java.util.concurrent.CompletableFuture.get(CompletableFuture.java:1915)
	at org.apache.hadoop.hdds.scm.XceiverClientRatis.watchForCommit(XceiverClientRatis.java:298)
	at org.apache.hadoop.ozone.client.rpc.TestWatchForCommit.test2WayCommitForTimeoutException(TestWatchForCommit.java:391)
	at sun.reflect.NativeMethodAccessorImpl.invoke0(Native Method)
	at sun.reflect.NativeMethodAccessorImpl.invoke(NativeMethodAccessorImpl.java:62)
	at sun.reflect.DelegatingMethodAccessorImpl.invoke(DelegatingMethodAccessorImpl.java:43)
	at java.lang.reflect.Method.invoke(Method.java:498)
	at org.junit.runners.model.FrameworkMethod$1.runReflectiveCall(FrameworkMethod.java:47)
	at org.junit.internal.runners.model.ReflectiveCallable.run(ReflectiveCallable.java:12)
	at org.junit.runners.model.FrameworkMethod.invokeExplosively(FrameworkMethod.java:44)
	at org.junit.internal.runners.statements.InvokeMethod.evaluate(InvokeMethod.java:17)
	at org.junit.runners.ParentRunner.runLeaf(ParentRunner.java:271)
	at org.junit.runners.BlockJUnit4ClassRunner.runChild(BlockJUnit4ClassRunner.java:70)
	at org.junit.runners.BlockJUnit4ClassRunner.runChild(BlockJUnit4ClassRunner.java:50)
	at org.junit.runners.ParentRunner$3.run(ParentRunner.java:238)
	at org.junit.runners.ParentRunner$1.schedule(ParentRunner.java:63)
	at org.junit.runners.ParentRunner.runChildren(ParentRunner.java:236)
	at org.junit.runners.ParentRunner.access$000(ParentRunner.java:53)
	at org.junit.runners.ParentRunner$2.evaluate(ParentRunner.java:229)
	at org.junit.runners.ParentRunner.run(ParentRunner.java:309)
	at org.apache.maven.surefire.junit4.JUnit4Provider.execute(JUnit4Provider.java:365)
	at org.apache.maven.surefire.junit4.JUnit4Provider.executeWithRerun(JUnit4Provider.java:273)
	at org.apache.maven.surefire.junit4.JUnit4Provider.executeTestSet(JUnit4Provider.java:238)
	at org.apache.maven.surefire.junit4.JUnit4Provider.invoke(JUnit4Provider.java:159)
	at org.apache.maven.surefire.booter.ForkedBooter.invokeProviderInSameClassLoader(ForkedBooter.java:384)
	at org.apache.maven.surefire.booter.ForkedBooter.runSuitesInProcess(ForkedBooter.java:345)
	at org.apache.maven.surefire.booter.ForkedBooter.execute(ForkedBooter.java:126)
	at org.apache.maven.surefire.booter.ForkedBooter.main(ForkedBooter.java:418)
</error>
    <system-out><![CDATA[2019-10-02 06:57:33,578 [main] WARN  server.ServerUtils (ServerUtils.java:getScmDbDir(145)) - ozone.scm.db.dirs is not configured. We recommend adding this setting. Falling back to ozone.metadata.dirs instead.
2019-10-02 06:57:33,606 [main] WARN  server.ServerUtils (ServerUtils.java:getScmDbDir(145)) - ozone.scm.db.dirs is not configured. We recommend adding this setting. Falling back to ozone.metadata.dirs instead.
2019-10-02 06:57:33,606 [main] WARN  server.ServerUtils (ServerUtils.java:getScmDbDir(145)) - ozone.scm.db.dirs is not configured. We recommend adding this setting. Falling back to ozone.metadata.dirs instead.
2019-10-02 06:57:33,606 [main] INFO  db.DBStoreBuilder (DBStoreBuilder.java:addTable(110)) - using custom profile for table: deletedBlocks
2019-10-02 06:57:33,607 [main] INFO  db.DBStoreBuilder (DBStoreBuilder.java:processTables(161)) - Using default column profile:DBProfile.DISK for Table:deletedBlocks
2019-10-02 06:57:33,607 [main] INFO  db.DBStoreBuilder (DBStoreBuilder.java:addTable(110)) - using custom profile for table: validCerts
2019-10-02 06:57:33,607 [main] INFO  db.DBStoreBuilder (DBStoreBuilder.java:processTables(161)) - Using default column profile:DBProfile.DISK for Table:validCerts
2019-10-02 06:57:33,607 [main] INFO  db.DBStoreBuilder (DBStoreBuilder.java:addTable(110)) - using custom profile for table: revokedCerts
2019-10-02 06:57:33,607 [main] INFO  db.DBStoreBuilder (DBStoreBuilder.java:processTables(161)) - Using default column profile:DBProfile.DISK for Table:revokedCerts
2019-10-02 06:57:33,607 [main] INFO  db.DBStoreBuilder (DBStoreBuilder.java:addTable(110)) - using custom profile for table: default
2019-10-02 06:57:33,608 [main] INFO  db.DBStoreBuilder (DBStoreBuilder.java:processTables(167)) - Using default column profile:DBProfile.DISK for Table:default
2019-10-02 06:57:33,608 [main] INFO  db.DBStoreBuilder (DBStoreBuilder.java:getDbProfile(198)) - Using default options. DBProfile.DISK
2019-10-02 06:57:33,814 [main] INFO  net.NodeSchemaLoader (NodeSchemaLoader.java:loadSchemaFromFile(125)) - Loading file from sun.misc.CompoundEnumeration@626b639e
2019-10-02 06:57:33,814 [main] INFO  net.NodeSchemaLoader (NodeSchemaLoader.java:loadSchema(171)) - Loading network topology layer schema file
2019-10-02 06:57:33,819 [main] WARN  server.ServerUtils (ServerUtils.java:sanitizeUserArgs(70)) - ozone.scm.stale.node.interval value = 300000 is larger than max = 100000 based on the key value of ozone.scm.heartbeat.thread.interval, reset to the max value 100000.
2019-10-02 06:57:33,819 [main] WARN  server.ServerUtils (ServerUtils.java:sanitizeUserArgs(70)) - ozone.scm.stale.node.interval value = 300000 is larger than max = 100000 based on the key value of ozone.scm.heartbeat.thread.interval, reset to the max value 100000.
2019-10-02 06:57:33,820 [main] INFO  node.SCMNodeManager (SCMNodeManager.java:<init>(114)) - Entering startup safe mode.
2019-10-02 06:57:33,821 [main] INFO  algorithms.ContainerPlacementPolicyFactory (ContainerPlacementPolicyFactory.java:getPolicy(57)) - Create container placement policy of type org.apache.hadoop.hdds.scm.container.placement.algorithms.SCMContainerPlacementRandom
2019-10-02 06:57:33,822 [main] WARN  server.ServerUtils (ServerUtils.java:getScmDbDir(145)) - ozone.scm.db.dirs is not configured. We recommend adding this setting. Falling back to ozone.metadata.dirs instead.
2019-10-02 06:57:33,919 [main] INFO  pipeline.SCMPipelineManager (SCMPipelineManager.java:initializePipelineState(132)) - No pipeline exists in current db
2019-10-02 06:57:33,920 [main] WARN  server.ServerUtils (ServerUtils.java:getScmDbDir(145)) - ozone.scm.db.dirs is not configured. We recommend adding this setting. Falling back to ozone.metadata.dirs instead.
2019-10-02 06:57:33,997 [main] WARN  events.EventQueue (EventQueue.java:fireEvent(183)) - No event handler registered for event TypedEvent{payloadType=SafeModeStatus, name='SafeModeStatus'}
2019-10-02 06:57:33,998 [main] INFO  ipc.CallQueueManager (CallQueueManager.java:<init>(84)) - Using callQueue: class java.util.concurrent.LinkedBlockingQueue, queueCapacity: 2000, scheduler: class org.apache.hadoop.ipc.DefaultRpcScheduler, ipcBackoff: false.
2019-10-02 06:57:33,999 [Socket Reader #1 for port 37736] INFO  ipc.Server (Server.java:run(1074)) - Starting Socket Reader #1 for port 37736
2019-10-02 06:57:34,000 [main] INFO  ipc.CallQueueManager (CallQueueManager.java:<init>(84)) - Using callQueue: class java.util.concurrent.LinkedBlockingQueue, queueCapacity: 2000, scheduler: class org.apache.hadoop.ipc.DefaultRpcScheduler, ipcBackoff: false.
2019-10-02 06:57:34,001 [Socket Reader #1 for port 42472] INFO  ipc.Server (Server.java:run(1074)) - Starting Socket Reader #1 for port 42472
2019-10-02 06:57:34,002 [main] INFO  ipc.CallQueueManager (CallQueueManager.java:<init>(84)) - Using callQueue: class java.util.concurrent.LinkedBlockingQueue, queueCapacity: 2000, scheduler: class org.apache.hadoop.ipc.DefaultRpcScheduler, ipcBackoff: false.
2019-10-02 06:57:34,003 [Socket Reader #1 for port 35937] INFO  ipc.Server (Server.java:run(1074)) - Starting Socket Reader #1 for port 35937
2019-10-02 06:57:34,005 [main] INFO  hdfs.DFSUtil (DFSUtil.java:httpServerTemplateForNNAndJN(1641)) - Starting Web-server for scm at: http://0.0.0.0:0
2019-10-02 06:57:34,007 [main] INFO  server.AuthenticationFilter (AuthenticationFilter.java:constructSecretProvider(240)) - Unable to initialize FileSignerSecretProvider, falling back to use random secrets.
2019-10-02 06:57:34,008 [main] WARN  http.HttpRequestLog (HttpRequestLog.java:getRequestLog(97)) - Jetty request log can only be enabled using Log4j
2019-10-02 06:57:34,010 [main] INFO  http.HttpServer2 (HttpServer2.java:addGlobalFilter(975)) - Added global filter 'safety' (class=org.apache.hadoop.http.HttpServer2$QuotingInputFilter)
2019-10-02 06:57:34,010 [main] INFO  http.HttpServer2 (HttpServer2.java:addFilter(948)) - Added filter static_user_filter (class=org.apache.hadoop.http.lib.StaticUserWebFilter$StaticUserFilter) to context scm
2019-10-02 06:57:34,010 [main] INFO  http.HttpServer2 (HttpServer2.java:addFilter(958)) - Added filter static_user_filter (class=org.apache.hadoop.http.lib.StaticUserWebFilter$StaticUserFilter) to context static
2019-10-02 06:57:34,011 [main] INFO  http.HttpServer2 (HttpServer2.java:addFilter(958)) - Added filter static_user_filter (class=org.apache.hadoop.http.lib.StaticUserWebFilter$StaticUserFilter) to context logs
2019-10-02 06:57:34,013 [main] INFO  server.StorageContainerManager (StorageContainerManager.java:start(770)) - StorageContainerLocationProtocol RPC server is listening at /0.0.0.0:35937
2019-10-02 06:57:34,015 [main] WARN  impl.MetricsConfig (MetricsConfig.java:loadFirst(134)) - Cannot locate configuration: tried hadoop-metrics2-storagecontainermanager.properties,hadoop-metrics2.properties
2019-10-02 06:57:34,016 [main] INFO  impl.MetricsSystemImpl (MetricsSystemImpl.java:startTimer(374)) - Scheduled Metric snapshot period at 10 second(s).
2019-10-02 06:57:34,016 [main] INFO  impl.MetricsSystemImpl (MetricsSystemImpl.java:start(191)) - StorageContainerManager metrics system started
2019-10-02 06:57:34,100 [main] WARN  impl.MetricsSystemImpl (MetricsSystemImpl.java:register(276)) - Sink prometheus already exists!
2019-10-02 06:57:34,178 [main] INFO  server.SCMClientProtocolServer (SCMClientProtocolServer.java:start(150)) - RPC server for Client  is listening at /0.0.0.0:35937
2019-10-02 06:57:34,178 [IPC Server Responder] INFO  ipc.Server (Server.java:run(1314)) - IPC Server Responder: starting
2019-10-02 06:57:34,178 [IPC Server listener on 35937] INFO  ipc.Server (Server.java:run(1153)) - IPC Server listener on 35937: starting
2019-10-02 06:57:34,185 [main] INFO  server.StorageContainerManager (StorageContainerManager.java:start(780)) - ScmBlockLocationProtocol RPC server is listening at /0.0.0.0:42472
2019-10-02 06:57:34,186 [main] INFO  server.SCMBlockProtocolServer (SCMBlockProtocolServer.java:start(146)) - RPC server for Block Protocol is listening at /0.0.0.0:42472
2019-10-02 06:57:34,186 [IPC Server Responder] INFO  ipc.Server (Server.java:run(1314)) - IPC Server Responder: starting
2019-10-02 06:57:34,186 [IPC Server listener on 42472] INFO  ipc.Server (Server.java:run(1153)) - IPC Server listener on 42472: starting
2019-10-02 06:57:34,189 [main] INFO  server.StorageContainerManager (StorageContainerManager.java:start(784)) - ScmDatanodeProtocl RPC server is listening at /0.0.0.0:37736
2019-10-02 06:57:34,189 [main] INFO  server.SCMDatanodeProtocolServer (SCMDatanodeProtocolServer.java:start(191)) - RPC server for DataNodes is listening at /0.0.0.0:37736
2019-10-02 06:57:34,189 [IPC Server Responder] INFO  ipc.Server (Server.java:run(1314)) - IPC Server Responder: starting
2019-10-02 06:57:34,189 [IPC Server listener on 37736] INFO  ipc.Server (Server.java:run(1153)) - IPC Server listener on 37736: starting
2019-10-02 06:57:34,192 [main] INFO  http.HttpServer2 (HttpServer2.java:bindListener(1191)) - Jetty bound to port 44822
2019-10-02 06:57:34,192 [main] INFO  server.Server (Server.java:doStart(351)) - jetty-9.3.25.v20180904, build timestamp: 2018-09-04T21:11:46Z, git hash: 3ce520221d0240229c862b122d2b06c12a625732
2019-10-02 06:57:34,194 [main] INFO  handler.ContextHandler (ContextHandler.java:doStart(781)) - Started o.e.j.s.ServletContextHandler@4a642e4b{/logs,file:///workdir/hadoop-ozone/integration-test/target/log,AVAILABLE}
2019-10-02 06:57:34,195 [main] INFO  handler.ContextHandler (ContextHandler.java:doStart(781)) - Started o.e.j.s.ServletContextHandler@3b4086c1{/static,file:///workdir/hadoop-ozone/integration-test/target/test-classes/webapps/static,AVAILABLE}
2019-10-02 06:57:34,199 [main] INFO  handler.ContextHandler (ContextHandler.java:doStart(781)) - Started o.e.j.w.WebAppContext@391515c7{/,file:///workdir/hadoop-ozone/integration-test/target/test-classes/webapps/scm/,AVAILABLE}{/scm}
2019-10-02 06:57:34,199 [main] INFO  server.AbstractConnector (AbstractConnector.java:doStart(278)) - Started ServerConnector@5b0dbfb{HTTP/1.1,[http/1.1]}{0.0.0.0:44822}
2019-10-02 06:57:34,200 [main] INFO  server.Server (Server.java:doStart(419)) - Started @205253ms
2019-10-02 06:57:34,201 [main] WARN  impl.MetricsSystemImpl (MetricsSystemImpl.java:register(276)) - Sink prometheus already exists!
2019-10-02 06:57:34,201 [main] INFO  server.BaseHttpServer (BaseHttpServer.java:updateConnectorAddress(215)) - HTTP server of SCM is listening at http://0.0.0.0:44822
2019-10-02 06:57:34,202 [main] WARN  server.ServerUtils (ServerUtils.java:getDBPath(222)) - ozone.om.db.dirs is not configured. We recommend adding this setting. Falling back to ozone.metadata.dirs instead.
2019-10-02 06:57:34,203 [org.apache.hadoop.util.JvmPauseMonitor$Monitor@797fcf9] INFO  util.JvmPauseMonitor (JvmPauseMonitor.java:run(188)) - Starting JVM pause monitor
2019-10-02 06:57:34,216 [main] WARN  server.ServerUtils (ServerUtils.java:getDBPath(222)) - ozone.om.db.dirs is not configured. We recommend adding this setting. Falling back to ozone.metadata.dirs instead.
2019-10-02 06:57:34,216 [main] WARN  server.ServerUtils (ServerUtils.java:getDBPath(222)) - ozone.om.db.dirs is not configured. We recommend adding this setting. Falling back to ozone.metadata.dirs instead.
2019-10-02 06:57:34,216 [main] INFO  om.OzoneManager (OzoneManager.java:setOMNodeDetails(652)) - OM Service ID is not set. Setting it to the default ID: omServiceIdDefault
2019-10-02 06:57:34,216 [main] INFO  om.OzoneManager (OzoneManager.java:setOMNodeDetails(658)) - OM Node ID is not set. Setting it to the OmStorage's OmID: 2fdab90a-6da4-4070-9ec4-797aa9d0723b
2019-10-02 06:57:34,217 [main] INFO  om.OzoneManager (OzoneManager.java:loadOMHAConfigs(609)) - Found matching OM address with OMServiceId: null, OMNodeId: null, RPC Address: localhost:0 and Ratis port: 9872
2019-10-02 06:57:34,223 [main] WARN  server.ServerUtils (ServerUtils.java:getDBPath(222)) - ozone.om.db.dirs is not configured. We recommend adding this setting. Falling back to ozone.metadata.dirs instead.
2019-10-02 06:57:34,224 [main] INFO  db.DBStoreBuilder (DBStoreBuilder.java:addTable(110)) - using custom profile for table: userTable
2019-10-02 06:57:34,224 [main] INFO  db.DBStoreBuilder (DBStoreBuilder.java:processTables(161)) - Using default column profile:DBProfile.DISK for Table:userTable
2019-10-02 06:57:34,224 [main] INFO  db.DBStoreBuilder (DBStoreBuilder.java:addTable(110)) - using custom profile for table: volumeTable
2019-10-02 06:57:34,224 [main] INFO  db.DBStoreBuilder (DBStoreBuilder.java:processTables(161)) - Using default column profile:DBProfile.DISK for Table:volumeTable
2019-10-02 06:57:34,224 [main] INFO  db.DBStoreBuilder (DBStoreBuilder.java:addTable(110)) - using custom profile for table: bucketTable
2019-10-02 06:57:34,225 [main] INFO  db.DBStoreBuilder (DBStoreBuilder.java:processTables(161)) - Using default column profile:DBProfile.DISK for Table:bucketTable
2019-10-02 06:57:34,225 [main] INFO  db.DBStoreBuilder (DBStoreBuilder.java:addTable(110)) - using custom profile for table: keyTable
2019-10-02 06:57:34,225 [main] INFO  db.DBStoreBuilder (DBStoreBuilder.java:processTables(161)) - Using default column profile:DBProfile.DISK for Table:keyTable
2019-10-02 06:57:34,225 [main] INFO  db.DBStoreBuilder (DBStoreBuilder.java:addTable(110)) - using custom profile for table: deletedTable
2019-10-02 06:57:34,225 [main] INFO  db.DBStoreBuilder (DBStoreBuilder.java:processTables(161)) - Using default column profile:DBProfile.DISK for Table:deletedTable
2019-10-02 06:57:34,226 [main] INFO  db.DBStoreBuilder (DBStoreBuilder.java:addTable(110)) - using custom profile for table: openKeyTable
2019-10-02 06:57:34,226 [main] INFO  db.DBStoreBuilder (DBStoreBuilder.java:processTables(161)) - Using default column profile:DBProfile.DISK for Table:openKeyTable
2019-10-02 06:57:34,226 [main] INFO  db.DBStoreBuilder (DBStoreBuilder.java:addTable(110)) - using custom profile for table: s3Table
2019-10-02 06:57:34,226 [main] INFO  db.DBStoreBuilder (DBStoreBuilder.java:processTables(161)) - Using default column profile:DBProfile.DISK for Table:s3Table
2019-10-02 06:57:34,226 [main] INFO  db.DBStoreBuilder (DBStoreBuilder.java:addTable(110)) - using custom profile for table: multipartInfoTable
2019-10-02 06:57:34,227 [main] INFO  db.DBStoreBuilder (DBStoreBuilder.java:processTables(161)) - Using default column profile:DBProfile.DISK for Table:multipartInfoTable
2019-10-02 06:57:34,227 [main] INFO  db.DBStoreBuilder (DBStoreBuilder.java:addTable(110)) - using custom profile for table: dTokenTable
2019-10-02 06:57:34,227 [main] INFO  db.DBStoreBuilder (DBStoreBuilder.java:processTables(161)) - Using default column profile:DBProfile.DISK for Table:dTokenTable
2019-10-02 06:57:34,227 [main] INFO  db.DBStoreBuilder (DBStoreBuilder.java:addTable(110)) - using custom profile for table: s3SecretTable
2019-10-02 06:57:34,227 [main] INFO  db.DBStoreBuilder (DBStoreBuilder.java:processTables(161)) - Using default column profile:DBProfile.DISK for Table:s3SecretTable
2019-10-02 06:57:34,228 [main] INFO  db.DBStoreBuilder (DBStoreBuilder.java:addTable(110)) - using custom profile for table: prefixTable
2019-10-02 06:57:34,228 [main] INFO  db.DBStoreBuilder (DBStoreBuilder.java:processTables(161)) - Using default column profile:DBProfile.DISK for Table:prefixTable
2019-10-02 06:57:34,228 [main] INFO  db.DBStoreBuilder (DBStoreBuilder.java:addTable(110)) - using custom profile for table: default
2019-10-02 06:57:34,228 [main] INFO  db.DBStoreBuilder (DBStoreBuilder.java:processTables(167)) - Using default column profile:DBProfile.DISK for Table:default
2019-10-02 06:57:34,228 [main] INFO  db.DBStoreBuilder (DBStoreBuilder.java:getDbProfile(198)) - Using default options. DBProfile.DISK
2019-10-02 06:57:34,763 [main] INFO  ipc.CallQueueManager (CallQueueManager.java:<init>(84)) - Using callQueue: class java.util.concurrent.LinkedBlockingQueue, queueCapacity: 2000, scheduler: class org.apache.hadoop.ipc.DefaultRpcScheduler, ipcBackoff: false.
2019-10-02 06:57:34,770 [Socket Reader #1 for port 45436] INFO  ipc.Server (Server.java:run(1074)) - Starting Socket Reader #1 for port 45436
2019-10-02 06:57:34,789 [main] INFO  om.OzoneManager (OzoneManager.java:start(1243)) - OzoneManager RPC server is listening at localhost/127.0.0.1:45436
2019-10-02 06:57:34,790 [main] INFO  impl.MetricsSystemImpl (MetricsSystemImpl.java:init(158)) - OzoneManager metrics system started (again)
2019-10-02 06:57:34,794 [IPC Server Responder] INFO  ipc.Server (Server.java:run(1314)) - IPC Server Responder: starting
2019-10-02 06:57:34,801 [IPC Server listener on 45436] INFO  ipc.Server (Server.java:run(1153)) - IPC Server listener on 45436: starting
2019-10-02 06:57:34,809 [main] INFO  hdfs.DFSUtil (DFSUtil.java:httpServerTemplateForNNAndJN(1641)) - Starting Web-server for ozoneManager at: http://0.0.0.0:0
2019-10-02 06:57:34,810 [main] INFO  server.AuthenticationFilter (AuthenticationFilter.java:constructSecretProvider(240)) - Unable to initialize FileSignerSecretProvider, falling back to use random secrets.
2019-10-02 06:57:34,811 [main] WARN  http.HttpRequestLog (HttpRequestLog.java:getRequestLog(97)) - Jetty request log can only be enabled using Log4j
2019-10-02 06:57:34,813 [main] INFO  http.HttpServer2 (HttpServer2.java:addGlobalFilter(975)) - Added global filter 'safety' (class=org.apache.hadoop.http.HttpServer2$QuotingInputFilter)
2019-10-02 06:57:34,813 [main] INFO  http.HttpServer2 (HttpServer2.java:addFilter(948)) - Added filter static_user_filter (class=org.apache.hadoop.http.lib.StaticUserWebFilter$StaticUserFilter) to context ozoneManager
2019-10-02 06:57:34,814 [main] INFO  http.HttpServer2 (HttpServer2.java:addFilter(958)) - Added filter static_user_filter (class=org.apache.hadoop.http.lib.StaticUserWebFilter$StaticUserFilter) to context static
2019-10-02 06:57:34,814 [main] INFO  http.HttpServer2 (HttpServer2.java:addFilter(958)) - Added filter static_user_filter (class=org.apache.hadoop.http.lib.StaticUserWebFilter$StaticUserFilter) to context logs
2019-10-02 06:57:34,815 [main] INFO  http.HttpServer2 (HttpServer2.java:bindListener(1191)) - Jetty bound to port 46611
2019-10-02 06:57:34,815 [main] INFO  server.Server (Server.java:doStart(351)) - jetty-9.3.25.v20180904, build timestamp: 2018-09-04T21:11:46Z, git hash: 3ce520221d0240229c862b122d2b06c12a625732
2019-10-02 06:57:34,818 [main] INFO  handler.ContextHandler (ContextHandler.java:doStart(781)) - Started o.e.j.s.ServletContextHandler@3af10d0b{/logs,file:///workdir/hadoop-ozone/integration-test/target/log,AVAILABLE}
2019-10-02 06:57:34,819 [main] INFO  handler.ContextHandler (ContextHandler.java:doStart(781)) - Started o.e.j.s.ServletContextHandler@3c7b137a{/static,file:///workdir/hadoop-ozone/integration-test/target/test-classes/webapps/static,AVAILABLE}
2019-10-02 06:57:34,822 [main] INFO  handler.ContextHandler (ContextHandler.java:doStart(781)) - Started o.e.j.w.WebAppContext@1eca3ea7{/,file:///workdir/hadoop-ozone/integration-test/target/test-classes/webapps/ozoneManager/,AVAILABLE}{/ozoneManager}
2019-10-02 06:57:34,823 [main] INFO  server.AbstractConnector (AbstractConnector.java:doStart(278)) - Started ServerConnector@24fba488{HTTP/1.1,[http/1.1]}{0.0.0.0:46611}
2019-10-02 06:57:34,823 [main] INFO  server.Server (Server.java:doStart(419)) - Started @205876ms
2019-10-02 06:57:34,823 [main] WARN  impl.MetricsSystemImpl (MetricsSystemImpl.java:register(276)) - Sink prometheus already exists!
2019-10-02 06:57:34,848 [main] INFO  server.BaseHttpServer (BaseHttpServer.java:updateConnectorAddress(215)) - HTTP server of OZONEMANAGER is listening at http://0.0.0.0:46611
2019-10-02 06:57:34,867 [main] INFO  impl.MetricsSystemImpl (MetricsSystemImpl.java:init(158)) - HddsDatanode metrics system started (again)
2019-10-02 06:57:34,871 [main] INFO  ozone.HddsDatanodeService (HddsDatanodeService.java:start(184)) - HddsDatanodeService host:pr-hdds-2226-secures3-8x5vf-3889971208 ip:192.168.151.120
2019-10-02 06:57:34,887 [main] INFO  volume.HddsVolume (HddsVolume.java:<init>(176)) - Creating Volume: /workdir/hadoop-ozone/integration-test/target/test-dir/MiniOzoneClusterImpl-114c4bac-0767-4583-9a80-7f277782f6bb/datanode-0/data/containers/hdds of  storage type : DISK and capacity : 1482555576320
2019-10-02 06:57:34,888 [main] INFO  volume.VolumeSet (VolumeSet.java:initializeVolumeSet(170)) - Added Volume : /workdir/hadoop-ozone/integration-test/target/test-dir/MiniOzoneClusterImpl-114c4bac-0767-4583-9a80-7f277782f6bb/datanode-0/data/containers/hdds to VolumeSet
2019-10-02 06:57:34,888 [main] INFO  volume.ThrottledAsyncChecker (ThrottledAsyncChecker.java:schedule(139)) - Scheduling a check for org.apache.hadoop.ozone.container.common.volume.HddsVolume@30f28b5
2019-10-02 06:57:34,889 [main] INFO  volume.HddsVolumeChecker (HddsVolumeChecker.java:checkAllVolumes(202)) - Scheduled health check for volume org.apache.hadoop.ozone.container.common.volume.HddsVolume@30f28b5
2019-10-02 06:57:34,911 [main] INFO  impl.RaftServerProxy (ConfUtils.java:logGet(43)) - raft.rpc.type = GRPC (default)
2019-10-02 06:57:34,911 [main] INFO  grpc.GrpcFactory (GrpcFactory.java:checkPooledByteBufAllocatorUseCacheForAllThreads(45)) - PERFORMANCE WARNING: useCacheForAllThreads is true that may cause Netty to create a lot garbage objects and, as a result, trigger GC.
	It is recommended to disable useCacheForAllThreads by setting -Dorg.apache.ratis.thirdparty.io.netty.allocator.useCacheForAllThreads=false in command line.
2019-10-02 06:57:34,912 [main] INFO  grpc.GrpcConfigKeys$Server (ConfUtils.java:logGet(43)) - raft.grpc.server.port = 0 (default)
2019-10-02 06:57:34,912 [main] INFO  server.GrpcService (ConfUtils.java:logGet(43)) - raft.grpc.message.size.max = 33570816 (custom)
2019-10-02 06:57:34,912 [main] INFO  server.RaftServerConfigKeys (ConfUtils.java:logGet(43)) - raft.server.log.appender.buffer.byte-limit = 33554432 (custom)
2019-10-02 06:57:34,913 [main] INFO  server.GrpcService (ConfUtils.java:logGet(43)) - raft.grpc.flow.control.window = 1MB (=1048576) (default)
2019-10-02 06:57:34,913 [main] INFO  server.RaftServerConfigKeys (ConfUtils.java:logGet(43)) - raft.server.rpc.request.timeout = 3000ms (default)
2019-10-02 06:57:34,914 [main] INFO  server.RaftServerConfigKeys (ConfUtils.java:logGet(43)) - raft.server.storage.dir = [/workdir/hadoop-ozone/integration-test/target/test-dir/MiniOzoneClusterImpl-114c4bac-0767-4583-9a80-7f277782f6bb/datanode-0/data/ratis] (custom)
2019-10-02 06:57:34,915 [main] INFO  hdfs.DFSUtil (DFSUtil.java:httpServerTemplateForNNAndJN(1641)) - Starting Web-server for hddsDatanode at: http://0.0.0.0:0
2019-10-02 06:57:34,917 [main] INFO  server.AuthenticationFilter (AuthenticationFilter.java:constructSecretProvider(240)) - Unable to initialize FileSignerSecretProvider, falling back to use random secrets.
2019-10-02 06:57:34,917 [main] WARN  http.HttpRequestLog (HttpRequestLog.java:getRequestLog(97)) - Jetty request log can only be enabled using Log4j
2019-10-02 06:57:34,919 [main] INFO  http.HttpServer2 (HttpServer2.java:addGlobalFilter(975)) - Added global filter 'safety' (class=org.apache.hadoop.http.HttpServer2$QuotingInputFilter)
2019-10-02 06:57:34,920 [main] INFO  http.HttpServer2 (HttpServer2.java:addFilter(948)) - Added filter static_user_filter (class=org.apache.hadoop.http.lib.StaticUserWebFilter$StaticUserFilter) to context hddsDatanode
2019-10-02 06:57:34,920 [main] INFO  http.HttpServer2 (HttpServer2.java:addFilter(958)) - Added filter static_user_filter (class=org.apache.hadoop.http.lib.StaticUserWebFilter$StaticUserFilter) to context logs
2019-10-02 06:57:34,920 [main] INFO  http.HttpServer2 (HttpServer2.java:addFilter(958)) - Added filter static_user_filter (class=org.apache.hadoop.http.lib.StaticUserWebFilter$StaticUserFilter) to context static
2019-10-02 06:57:34,921 [main] INFO  http.HttpServer2 (HttpServer2.java:bindListener(1191)) - Jetty bound to port 45178
2019-10-02 06:57:34,921 [main] INFO  server.Server (Server.java:doStart(351)) - jetty-9.3.25.v20180904, build timestamp: 2018-09-04T21:11:46Z, git hash: 3ce520221d0240229c862b122d2b06c12a625732
2019-10-02 06:57:34,923 [main] INFO  handler.ContextHandler (ContextHandler.java:doStart(781)) - Started o.e.j.s.ServletContextHandler@4f114b{/logs,file:///workdir/hadoop-ozone/integration-test/target/log,AVAILABLE}
2019-10-02 06:57:34,923 [main] INFO  handler.ContextHandler (ContextHandler.java:doStart(781)) - Started o.e.j.s.ServletContextHandler@3fde2209{/static,jar:file:/home/user/.m2/repository/org/apache/hadoop/hadoop-hdds-container-service/0.5.0-SNAPSHOT/hadoop-hdds-container-service-0.5.0-SNAPSHOT.jar!/webapps/static,AVAILABLE}
2019-10-02 06:57:34,962 [main] INFO  handler.ContextHandler (ContextHandler.java:doStart(781)) - Started o.e.j.w.WebAppContext@15605d83{/,file:///tmp/jetty-0.0.0.0-45178-hddsDatanode-_-any-6446424809923846924.dir/webapp/,AVAILABLE}{/hddsDatanode}
2019-10-02 06:57:34,962 [main] INFO  server.AbstractConnector (AbstractConnector.java:doStart(278)) - Started ServerConnector@1fb2eec{HTTP/1.1,[http/1.1]}{0.0.0.0:45178}
2019-10-02 06:57:34,962 [main] INFO  server.Server (Server.java:doStart(419)) - Started @206015ms
2019-10-02 06:57:34,963 [main] WARN  impl.MetricsSystemImpl (MetricsSystemImpl.java:register(276)) - Sink prometheus already exists!
2019-10-02 06:57:34,966 [main] INFO  server.BaseHttpServer (BaseHttpServer.java:updateConnectorAddress(215)) - HTTP server of HDDSDATANODE is listening at http://0.0.0.0:45178
2019-10-02 06:57:34,967 [main] INFO  impl.MetricsSystemImpl (MetricsSystemImpl.java:init(158)) - HddsDatanode metrics system started (again)
2019-10-02 06:57:34,970 [org.apache.hadoop.util.JvmPauseMonitor$Monitor@17a46002] INFO  util.JvmPauseMonitor (JvmPauseMonitor.java:run(188)) - Starting JVM pause monitor
2019-10-02 06:57:34,972 [Datanode State Machine Thread - 0] INFO  datanode.InitDatanodeState (InitDatanodeState.java:persistContainerDatanodeDetails(140)) - DatanodeDetails is persisted to /workdir/hadoop-ozone/integration-test/target/test-dir/MiniOzoneClusterImpl-114c4bac-0767-4583-9a80-7f277782f6bb/datanode-0/meta/datanode.id
2019-10-02 06:57:34,980 [main] INFO  ozone.HddsDatanodeService (HddsDatanodeService.java:start(184)) - HddsDatanodeService host:pr-hdds-2226-secures3-8x5vf-3889971208 ip:192.168.151.120
2019-10-02 06:57:34,989 [main] INFO  volume.HddsVolume (HddsVolume.java:<init>(176)) - Creating Volume: /workdir/hadoop-ozone/integration-test/target/test-dir/MiniOzoneClusterImpl-114c4bac-0767-4583-9a80-7f277782f6bb/datanode-1/data/containers/hdds of  storage type : DISK and capacity : 1482555576320
2019-10-02 06:57:34,990 [main] INFO  volume.VolumeSet (VolumeSet.java:initializeVolumeSet(170)) - Added Volume : /workdir/hadoop-ozone/integration-test/target/test-dir/MiniOzoneClusterImpl-114c4bac-0767-4583-9a80-7f277782f6bb/datanode-1/data/containers/hdds to VolumeSet
2019-10-02 06:57:34,990 [main] INFO  volume.ThrottledAsyncChecker (ThrottledAsyncChecker.java:schedule(139)) - Scheduling a check for org.apache.hadoop.ozone.container.common.volume.HddsVolume@5d194314
2019-10-02 06:57:34,991 [main] INFO  volume.HddsVolumeChecker (HddsVolumeChecker.java:checkAllVolumes(202)) - Scheduled health check for volume org.apache.hadoop.ozone.container.common.volume.HddsVolume@5d194314
2019-10-02 06:57:35,009 [main] INFO  impl.RaftServerProxy (ConfUtils.java:logGet(43)) - raft.rpc.type = GRPC (default)
2019-10-02 06:57:35,009 [main] INFO  grpc.GrpcFactory (GrpcFactory.java:checkPooledByteBufAllocatorUseCacheForAllThreads(45)) - PERFORMANCE WARNING: useCacheForAllThreads is true that may cause Netty to create a lot garbage objects and, as a result, trigger GC.
	It is recommended to disable useCacheForAllThreads by setting -Dorg.apache.ratis.thirdparty.io.netty.allocator.useCacheForAllThreads=false in command line.
2019-10-02 06:57:35,009 [main] INFO  grpc.GrpcConfigKeys$Server (ConfUtils.java:logGet(43)) - raft.grpc.server.port = 0 (default)
2019-10-02 06:57:35,010 [main] INFO  server.GrpcService (ConfUtils.java:logGet(43)) - raft.grpc.message.size.max = 33570816 (custom)
2019-10-02 06:57:35,010 [main] INFO  server.RaftServerConfigKeys (ConfUtils.java:logGet(43)) - raft.server.log.appender.buffer.byte-limit = 33554432 (custom)
2019-10-02 06:57:35,010 [main] INFO  server.GrpcService (ConfUtils.java:logGet(43)) - raft.grpc.flow.control.window = 1MB (=1048576) (default)
2019-10-02 06:57:35,010 [main] INFO  server.RaftServerConfigKeys (ConfUtils.java:logGet(43)) - raft.server.rpc.request.timeout = 3000ms (default)
2019-10-02 06:57:35,011 [main] INFO  server.RaftServerConfigKeys (ConfUtils.java:logGet(43)) - raft.server.storage.dir = [/workdir/hadoop-ozone/integration-test/target/test-dir/MiniOzoneClusterImpl-114c4bac-0767-4583-9a80-7f277782f6bb/datanode-1/data/ratis] (custom)
2019-10-02 06:57:35,013 [main] INFO  hdfs.DFSUtil (DFSUtil.java:httpServerTemplateForNNAndJN(1641)) - Starting Web-server for hddsDatanode at: http://0.0.0.0:0
2019-10-02 06:57:35,014 [main] INFO  server.AuthenticationFilter (AuthenticationFilter.java:constructSecretProvider(240)) - Unable to initialize FileSignerSecretProvider, falling back to use random secrets.
2019-10-02 06:57:35,015 [main] WARN  http.HttpRequestLog (HttpRequestLog.java:getRequestLog(97)) - Jetty request log can only be enabled using Log4j
2019-10-02 06:57:35,016 [main] INFO  http.HttpServer2 (HttpServer2.java:addGlobalFilter(975)) - Added global filter 'safety' (class=org.apache.hadoop.http.HttpServer2$QuotingInputFilter)
2019-10-02 06:57:35,017 [main] INFO  http.HttpServer2 (HttpServer2.java:addFilter(948)) - Added filter static_user_filter (class=org.apache.hadoop.http.lib.StaticUserWebFilter$StaticUserFilter) to context hddsDatanode
2019-10-02 06:57:35,017 [main] INFO  http.HttpServer2 (HttpServer2.java:addFilter(958)) - Added filter static_user_filter (class=org.apache.hadoop.http.lib.StaticUserWebFilter$StaticUserFilter) to context logs
2019-10-02 06:57:35,017 [main] INFO  http.HttpServer2 (HttpServer2.java:addFilter(958)) - Added filter static_user_filter (class=org.apache.hadoop.http.lib.StaticUserWebFilter$StaticUserFilter) to context static
2019-10-02 06:57:35,018 [main] INFO  http.HttpServer2 (HttpServer2.java:bindListener(1191)) - Jetty bound to port 42540
2019-10-02 06:57:35,018 [main] INFO  server.Server (Server.java:doStart(351)) - jetty-9.3.25.v20180904, build timestamp: 2018-09-04T21:11:46Z, git hash: 3ce520221d0240229c862b122d2b06c12a625732
2019-10-02 06:57:35,026 [main] INFO  handler.ContextHandler (ContextHandler.java:doStart(781)) - Started o.e.j.s.ServletContextHandler@256bb5be{/logs,file:///workdir/hadoop-ozone/integration-test/target/log,AVAILABLE}
2019-10-02 06:57:35,026 [main] INFO  handler.ContextHandler (ContextHandler.java:doStart(781)) - Started o.e.j.s.ServletContextHandler@2e6d76ba{/static,jar:file:/home/user/.m2/repository/org/apache/hadoop/hadoop-hdds-container-service/0.5.0-SNAPSHOT/hadoop-hdds-container-service-0.5.0-SNAPSHOT.jar!/webapps/static,AVAILABLE}
2019-10-02 06:57:35,058 [main] INFO  handler.ContextHandler (ContextHandler.java:doStart(781)) - Started o.e.j.w.WebAppContext@6380e9e9{/,file:///tmp/jetty-0.0.0.0-42540-hddsDatanode-_-any-8939763608883679088.dir/webapp/,AVAILABLE}{/hddsDatanode}
2019-10-02 06:57:35,058 [main] INFO  server.AbstractConnector (AbstractConnector.java:doStart(278)) - Started ServerConnector@350da119{HTTP/1.1,[http/1.1]}{0.0.0.0:42540}
2019-10-02 06:57:35,060 [main] INFO  server.Server (Server.java:doStart(419)) - Started @206112ms
2019-10-02 06:57:35,060 [main] WARN  impl.MetricsSystemImpl (MetricsSystemImpl.java:register(276)) - Sink prometheus already exists!
2019-10-02 06:57:35,061 [main] INFO  server.BaseHttpServer (BaseHttpServer.java:updateConnectorAddress(215)) - HTTP server of HDDSDATANODE is listening at http://0.0.0.0:42540
2019-10-02 06:57:35,061 [main] INFO  impl.MetricsSystemImpl (MetricsSystemImpl.java:init(158)) - HddsDatanode metrics system started (again)
2019-10-02 06:57:35,068 [main] INFO  ozone.HddsDatanodeService (HddsDatanodeService.java:start(184)) - HddsDatanodeService host:pr-hdds-2226-secures3-8x5vf-3889971208 ip:192.168.151.120
2019-10-02 06:57:35,070 [Datanode State Machine Thread - 0] INFO  datanode.InitDatanodeState (InitDatanodeState.java:persistContainerDatanodeDetails(140)) - DatanodeDetails is persisted to /workdir/hadoop-ozone/integration-test/target/test-dir/MiniOzoneClusterImpl-114c4bac-0767-4583-9a80-7f277782f6bb/datanode-1/meta/datanode.id
2019-10-02 06:57:35,071 [org.apache.hadoop.util.JvmPauseMonitor$Monitor@784efd81] INFO  util.JvmPauseMonitor (JvmPauseMonitor.java:run(188)) - Starting JVM pause monitor
2019-10-02 06:57:35,077 [main] INFO  volume.HddsVolume (HddsVolume.java:<init>(176)) - Creating Volume: /workdir/hadoop-ozone/integration-test/target/test-dir/MiniOzoneClusterImpl-114c4bac-0767-4583-9a80-7f277782f6bb/datanode-2/data/containers/hdds of  storage type : DISK and capacity : 1482555576320
2019-10-02 06:57:35,078 [main] INFO  volume.VolumeSet (VolumeSet.java:initializeVolumeSet(170)) - Added Volume : /workdir/hadoop-ozone/integration-test/target/test-dir/MiniOzoneClusterImpl-114c4bac-0767-4583-9a80-7f277782f6bb/datanode-2/data/containers/hdds to VolumeSet
2019-10-02 06:57:35,078 [main] INFO  volume.ThrottledAsyncChecker (ThrottledAsyncChecker.java:schedule(139)) - Scheduling a check for org.apache.hadoop.ozone.container.common.volume.HddsVolume@16cb9989
2019-10-02 06:57:35,091 [main] INFO  volume.HddsVolumeChecker (HddsVolumeChecker.java:checkAllVolumes(202)) - Scheduled health check for volume org.apache.hadoop.ozone.container.common.volume.HddsVolume@16cb9989
2019-10-02 06:57:35,111 [main] INFO  impl.RaftServerProxy (ConfUtils.java:logGet(43)) - raft.rpc.type = GRPC (default)
2019-10-02 06:57:35,112 [main] INFO  grpc.GrpcFactory (GrpcFactory.java:checkPooledByteBufAllocatorUseCacheForAllThreads(45)) - PERFORMANCE WARNING: useCacheForAllThreads is true that may cause Netty to create a lot garbage objects and, as a result, trigger GC.
	It is recommended to disable useCacheForAllThreads by setting -Dorg.apache.ratis.thirdparty.io.netty.allocator.useCacheForAllThreads=false in command line.
2019-10-02 06:57:35,112 [main] INFO  grpc.GrpcConfigKeys$Server (ConfUtils.java:logGet(43)) - raft.grpc.server.port = 0 (default)
2019-10-02 06:57:35,112 [main] INFO  server.GrpcService (ConfUtils.java:logGet(43)) - raft.grpc.message.size.max = 33570816 (custom)
2019-10-02 06:57:35,113 [main] INFO  server.RaftServerConfigKeys (ConfUtils.java:logGet(43)) - raft.server.log.appender.buffer.byte-limit = 33554432 (custom)
2019-10-02 06:57:35,113 [main] INFO  server.GrpcService (ConfUtils.java:logGet(43)) - raft.grpc.flow.control.window = 1MB (=1048576) (default)
2019-10-02 06:57:35,113 [main] INFO  server.RaftServerConfigKeys (ConfUtils.java:logGet(43)) - raft.server.rpc.request.timeout = 3000ms (default)
2019-10-02 06:57:35,114 [main] INFO  server.RaftServerConfigKeys (ConfUtils.java:logGet(43)) - raft.server.storage.dir = [/workdir/hadoop-ozone/integration-test/target/test-dir/MiniOzoneClusterImpl-114c4bac-0767-4583-9a80-7f277782f6bb/datanode-2/data/ratis] (custom)
2019-10-02 06:57:35,115 [main] INFO  hdfs.DFSUtil (DFSUtil.java:httpServerTemplateForNNAndJN(1641)) - Starting Web-server for hddsDatanode at: http://0.0.0.0:0
2019-10-02 06:57:35,117 [main] INFO  server.AuthenticationFilter (AuthenticationFilter.java:constructSecretProvider(240)) - Unable to initialize FileSignerSecretProvider, falling back to use random secrets.
2019-10-02 06:57:35,117 [main] WARN  http.HttpRequestLog (HttpRequestLog.java:getRequestLog(97)) - Jetty request log can only be enabled using Log4j
2019-10-02 06:57:35,119 [main] INFO  http.HttpServer2 (HttpServer2.java:addGlobalFilter(975)) - Added global filter 'safety' (class=org.apache.hadoop.http.HttpServer2$QuotingInputFilter)
2019-10-02 06:57:35,119 [main] INFO  http.HttpServer2 (HttpServer2.java:addFilter(948)) - Added filter static_user_filter (class=org.apache.hadoop.http.lib.StaticUserWebFilter$StaticUserFilter) to context hddsDatanode
2019-10-02 06:57:35,120 [main] INFO  http.HttpServer2 (HttpServer2.java:addFilter(958)) - Added filter static_user_filter (class=org.apache.hadoop.http.lib.StaticUserWebFilter$StaticUserFilter) to context logs
2019-10-02 06:57:35,120 [main] INFO  http.HttpServer2 (HttpServer2.java:addFilter(958)) - Added filter static_user_filter (class=org.apache.hadoop.http.lib.StaticUserWebFilter$StaticUserFilter) to context static
2019-10-02 06:57:35,121 [main] INFO  http.HttpServer2 (HttpServer2.java:bindListener(1191)) - Jetty bound to port 43952
2019-10-02 06:57:35,121 [main] INFO  server.Server (Server.java:doStart(351)) - jetty-9.3.25.v20180904, build timestamp: 2018-09-04T21:11:46Z, git hash: 3ce520221d0240229c862b122d2b06c12a625732
2019-10-02 06:57:35,129 [main] INFO  handler.ContextHandler (ContextHandler.java:doStart(781)) - Started o.e.j.s.ServletContextHandler@20349058{/logs,file:///workdir/hadoop-ozone/integration-test/target/log,AVAILABLE}
2019-10-02 06:57:35,129 [main] INFO  handler.ContextHandler (ContextHandler.java:doStart(781)) - Started o.e.j.s.ServletContextHandler@cdb3c85{/static,jar:file:/home/user/.m2/repository/org/apache/hadoop/hadoop-hdds-container-service/0.5.0-SNAPSHOT/hadoop-hdds-container-service-0.5.0-SNAPSHOT.jar!/webapps/static,AVAILABLE}
2019-10-02 06:57:35,161 [main] INFO  handler.ContextHandler (ContextHandler.java:doStart(781)) - Started o.e.j.w.WebAppContext@6d7ad0f5{/,file:///tmp/jetty-0.0.0.0-43952-hddsDatanode-_-any-7409668927882449374.dir/webapp/,AVAILABLE}{/hddsDatanode}
2019-10-02 06:57:35,167 [main] INFO  server.AbstractConnector (AbstractConnector.java:doStart(278)) - Started ServerConnector@30abf79c{HTTP/1.1,[http/1.1]}{0.0.0.0:43952}
2019-10-02 06:57:35,168 [main] INFO  server.Server (Server.java:doStart(419)) - Started @206220ms
2019-10-02 06:57:35,168 [main] WARN  impl.MetricsSystemImpl (MetricsSystemImpl.java:register(276)) - Sink prometheus already exists!
2019-10-02 06:57:35,169 [main] INFO  server.BaseHttpServer (BaseHttpServer.java:updateConnectorAddress(215)) - HTTP server of HDDSDATANODE is listening at http://0.0.0.0:43952
2019-10-02 06:57:35,169 [main] INFO  impl.MetricsSystemImpl (MetricsSystemImpl.java:init(158)) - HddsDatanode metrics system started (again)
2019-10-02 06:57:35,176 [org.apache.hadoop.util.JvmPauseMonitor$Monitor@96c7d9e] INFO  util.JvmPauseMonitor (JvmPauseMonitor.java:run(188)) - Starting JVM pause monitor
2019-10-02 06:57:35,178 [Datanode State Machine Thread - 0] INFO  datanode.InitDatanodeState (InitDatanodeState.java:persistContainerDatanodeDetails(140)) - DatanodeDetails is persisted to /workdir/hadoop-ozone/integration-test/target/test-dir/MiniOzoneClusterImpl-114c4bac-0767-4583-9a80-7f277782f6bb/datanode-2/meta/datanode.id
2019-10-02 06:57:35,179 [main] INFO  ozone.HddsDatanodeService (HddsDatanodeService.java:start(184)) - HddsDatanodeService host:pr-hdds-2226-secures3-8x5vf-3889971208 ip:192.168.151.120
2019-10-02 06:57:35,196 [main] INFO  volume.HddsVolume (HddsVolume.java:<init>(176)) - Creating Volume: /workdir/hadoop-ozone/integration-test/target/test-dir/MiniOzoneClusterImpl-114c4bac-0767-4583-9a80-7f277782f6bb/datanode-3/data/containers/hdds of  storage type : DISK and capacity : 1482555576320
2019-10-02 06:57:35,197 [main] INFO  volume.VolumeSet (VolumeSet.java:initializeVolumeSet(170)) - Added Volume : /workdir/hadoop-ozone/integration-test/target/test-dir/MiniOzoneClusterImpl-114c4bac-0767-4583-9a80-7f277782f6bb/datanode-3/data/containers/hdds to VolumeSet
2019-10-02 06:57:35,197 [main] INFO  volume.ThrottledAsyncChecker (ThrottledAsyncChecker.java:schedule(139)) - Scheduling a check for org.apache.hadoop.ozone.container.common.volume.HddsVolume@6314df3c
2019-10-02 06:57:35,208 [main] INFO  volume.HddsVolumeChecker (HddsVolumeChecker.java:checkAllVolumes(202)) - Scheduled health check for volume org.apache.hadoop.ozone.container.common.volume.HddsVolume@6314df3c
2019-10-02 06:57:35,225 [main] INFO  impl.RaftServerProxy (ConfUtils.java:logGet(43)) - raft.rpc.type = GRPC (default)
2019-10-02 06:57:35,226 [main] INFO  grpc.GrpcFactory (GrpcFactory.java:checkPooledByteBufAllocatorUseCacheForAllThreads(45)) - PERFORMANCE WARNING: useCacheForAllThreads is true that may cause Netty to create a lot garbage objects and, as a result, trigger GC.
	It is recommended to disable useCacheForAllThreads by setting -Dorg.apache.ratis.thirdparty.io.netty.allocator.useCacheForAllThreads=false in command line.
2019-10-02 06:57:35,226 [main] INFO  grpc.GrpcConfigKeys$Server (ConfUtils.java:logGet(43)) - raft.grpc.server.port = 0 (default)
2019-10-02 06:57:35,227 [main] INFO  server.GrpcService (ConfUtils.java:logGet(43)) - raft.grpc.message.size.max = 33570816 (custom)
2019-10-02 06:57:35,227 [main] INFO  server.RaftServerConfigKeys (ConfUtils.java:logGet(43)) - raft.server.log.appender.buffer.byte-limit = 33554432 (custom)
2019-10-02 06:57:35,227 [main] INFO  server.GrpcService (ConfUtils.java:logGet(43)) - raft.grpc.flow.control.window = 1MB (=1048576) (default)
2019-10-02 06:57:35,227 [main] INFO  server.RaftServerConfigKeys (ConfUtils.java:logGet(43)) - raft.server.rpc.request.timeout = 3000ms (default)
2019-10-02 06:57:35,228 [main] INFO  server.RaftServerConfigKeys (ConfUtils.java:logGet(43)) - raft.server.storage.dir = [/workdir/hadoop-ozone/integration-test/target/test-dir/MiniOzoneClusterImpl-114c4bac-0767-4583-9a80-7f277782f6bb/datanode-3/data/ratis] (custom)
2019-10-02 06:57:35,229 [main] INFO  hdfs.DFSUtil (DFSUtil.java:httpServerTemplateForNNAndJN(1641)) - Starting Web-server for hddsDatanode at: http://0.0.0.0:0
2019-10-02 06:57:35,231 [main] INFO  server.AuthenticationFilter (AuthenticationFilter.java:constructSecretProvider(240)) - Unable to initialize FileSignerSecretProvider, falling back to use random secrets.
2019-10-02 06:57:35,231 [main] WARN  http.HttpRequestLog (HttpRequestLog.java:getRequestLog(97)) - Jetty request log can only be enabled using Log4j
2019-10-02 06:57:35,233 [main] INFO  http.HttpServer2 (HttpServer2.java:addGlobalFilter(975)) - Added global filter 'safety' (class=org.apache.hadoop.http.HttpServer2$QuotingInputFilter)
2019-10-02 06:57:35,233 [main] INFO  http.HttpServer2 (HttpServer2.java:addFilter(948)) - Added filter static_user_filter (class=org.apache.hadoop.http.lib.StaticUserWebFilter$StaticUserFilter) to context hddsDatanode
2019-10-02 06:57:35,233 [main] INFO  http.HttpServer2 (HttpServer2.java:addFilter(958)) - Added filter static_user_filter (class=org.apache.hadoop.http.lib.StaticUserWebFilter$StaticUserFilter) to context static
2019-10-02 06:57:35,234 [main] INFO  http.HttpServer2 (HttpServer2.java:addFilter(958)) - Added filter static_user_filter (class=org.apache.hadoop.http.lib.StaticUserWebFilter$StaticUserFilter) to context logs
2019-10-02 06:57:35,234 [main] INFO  http.HttpServer2 (HttpServer2.java:bindListener(1191)) - Jetty bound to port 37591
2019-10-02 06:57:35,234 [main] INFO  server.Server (Server.java:doStart(351)) - jetty-9.3.25.v20180904, build timestamp: 2018-09-04T21:11:46Z, git hash: 3ce520221d0240229c862b122d2b06c12a625732
2019-10-02 06:57:35,236 [main] INFO  handler.ContextHandler (ContextHandler.java:doStart(781)) - Started o.e.j.s.ServletContextHandler@3f6cce7f{/logs,file:///workdir/hadoop-ozone/integration-test/target/log,AVAILABLE}
2019-10-02 06:57:35,237 [main] INFO  handler.ContextHandler (ContextHandler.java:doStart(781)) - Started o.e.j.s.ServletContextHandler@7b9088f2{/static,jar:file:/home/user/.m2/repository/org/apache/hadoop/hadoop-hdds-container-service/0.5.0-SNAPSHOT/hadoop-hdds-container-service-0.5.0-SNAPSHOT.jar!/webapps/static,AVAILABLE}
2019-10-02 06:57:35,271 [main] INFO  handler.ContextHandler (ContextHandler.java:doStart(781)) - Started o.e.j.w.WebAppContext@130cfc47{/,file:///tmp/jetty-0.0.0.0-37591-hddsDatanode-_-any-5867986142290643928.dir/webapp/,AVAILABLE}{/hddsDatanode}
2019-10-02 06:57:35,271 [main] INFO  server.AbstractConnector (AbstractConnector.java:doStart(278)) - Started ServerConnector@4eeab3e{HTTP/1.1,[http/1.1]}{0.0.0.0:37591}
2019-10-02 06:57:35,273 [main] INFO  server.Server (Server.java:doStart(419)) - Started @206325ms
2019-10-02 06:57:35,273 [main] WARN  impl.MetricsSystemImpl (MetricsSystemImpl.java:register(276)) - Sink prometheus already exists!
2019-10-02 06:57:35,274 [main] INFO  server.BaseHttpServer (BaseHttpServer.java:updateConnectorAddress(215)) - HTTP server of HDDSDATANODE is listening at http://0.0.0.0:37591
2019-10-02 06:57:35,274 [main] INFO  impl.MetricsSystemImpl (MetricsSystemImpl.java:init(158)) - HddsDatanode metrics system started (again)
2019-10-02 06:57:35,278 [org.apache.hadoop.util.JvmPauseMonitor$Monitor@5e6dfad1] INFO  util.JvmPauseMonitor (JvmPauseMonitor.java:run(188)) - Starting JVM pause monitor
2019-10-02 06:57:35,279 [Datanode State Machine Thread - 0] INFO  datanode.InitDatanodeState (InitDatanodeState.java:persistContainerDatanodeDetails(140)) - DatanodeDetails is persisted to /workdir/hadoop-ozone/integration-test/target/test-dir/MiniOzoneClusterImpl-114c4bac-0767-4583-9a80-7f277782f6bb/datanode-3/meta/datanode.id
2019-10-02 06:57:35,280 [main] INFO  ozone.HddsDatanodeService (HddsDatanodeService.java:start(184)) - HddsDatanodeService host:pr-hdds-2226-secures3-8x5vf-3889971208 ip:192.168.151.120
2019-10-02 06:57:35,285 [main] INFO  volume.HddsVolume (HddsVolume.java:<init>(176)) - Creating Volume: /workdir/hadoop-ozone/integration-test/target/test-dir/MiniOzoneClusterImpl-114c4bac-0767-4583-9a80-7f277782f6bb/datanode-4/data/containers/hdds of  storage type : DISK and capacity : 1482555576320
2019-10-02 06:57:35,286 [main] INFO  volume.VolumeSet (VolumeSet.java:initializeVolumeSet(170)) - Added Volume : /workdir/hadoop-ozone/integration-test/target/test-dir/MiniOzoneClusterImpl-114c4bac-0767-4583-9a80-7f277782f6bb/datanode-4/data/containers/hdds to VolumeSet
2019-10-02 06:57:35,286 [main] INFO  volume.ThrottledAsyncChecker (ThrottledAsyncChecker.java:schedule(139)) - Scheduling a check for org.apache.hadoop.ozone.container.common.volume.HddsVolume@7e3d2ebd
2019-10-02 06:57:35,286 [main] INFO  volume.HddsVolumeChecker (HddsVolumeChecker.java:checkAllVolumes(202)) - Scheduled health check for volume org.apache.hadoop.ozone.container.common.volume.HddsVolume@7e3d2ebd
2019-10-02 06:57:35,302 [main] INFO  impl.RaftServerProxy (ConfUtils.java:logGet(43)) - raft.rpc.type = GRPC (default)
2019-10-02 06:57:35,302 [main] INFO  grpc.GrpcFactory (GrpcFactory.java:checkPooledByteBufAllocatorUseCacheForAllThreads(45)) - PERFORMANCE WARNING: useCacheForAllThreads is true that may cause Netty to create a lot garbage objects and, as a result, trigger GC.
	It is recommended to disable useCacheForAllThreads by setting -Dorg.apache.ratis.thirdparty.io.netty.allocator.useCacheForAllThreads=false in command line.
2019-10-02 06:57:35,302 [main] INFO  grpc.GrpcConfigKeys$Server (ConfUtils.java:logGet(43)) - raft.grpc.server.port = 0 (default)
2019-10-02 06:57:35,302 [main] INFO  server.GrpcService (ConfUtils.java:logGet(43)) - raft.grpc.message.size.max = 33570816 (custom)
2019-10-02 06:57:35,303 [main] INFO  server.RaftServerConfigKeys (ConfUtils.java:logGet(43)) - raft.server.log.appender.buffer.byte-limit = 33554432 (custom)
2019-10-02 06:57:35,303 [main] INFO  server.GrpcService (ConfUtils.java:logGet(43)) - raft.grpc.flow.control.window = 1MB (=1048576) (default)
2019-10-02 06:57:35,303 [main] INFO  server.RaftServerConfigKeys (ConfUtils.java:logGet(43)) - raft.server.rpc.request.timeout = 3000ms (default)
2019-10-02 06:57:35,304 [main] INFO  server.RaftServerConfigKeys (ConfUtils.java:logGet(43)) - raft.server.storage.dir = [/workdir/hadoop-ozone/integration-test/target/test-dir/MiniOzoneClusterImpl-114c4bac-0767-4583-9a80-7f277782f6bb/datanode-4/data/ratis] (custom)
2019-10-02 06:57:35,305 [main] INFO  hdfs.DFSUtil (DFSUtil.java:httpServerTemplateForNNAndJN(1641)) - Starting Web-server for hddsDatanode at: http://0.0.0.0:0
2019-10-02 06:57:35,307 [main] INFO  server.AuthenticationFilter (AuthenticationFilter.java:constructSecretProvider(240)) - Unable to initialize FileSignerSecretProvider, falling back to use random secrets.
2019-10-02 06:57:35,307 [main] WARN  http.HttpRequestLog (HttpRequestLog.java:getRequestLog(97)) - Jetty request log can only be enabled using Log4j
2019-10-02 06:57:35,309 [main] INFO  http.HttpServer2 (HttpServer2.java:addGlobalFilter(975)) - Added global filter 'safety' (class=org.apache.hadoop.http.HttpServer2$QuotingInputFilter)
2019-10-02 06:57:35,309 [main] INFO  http.HttpServer2 (HttpServer2.java:addFilter(948)) - Added filter static_user_filter (class=org.apache.hadoop.http.lib.StaticUserWebFilter$StaticUserFilter) to context hddsDatanode
2019-10-02 06:57:35,310 [main] INFO  http.HttpServer2 (HttpServer2.java:addFilter(958)) - Added filter static_user_filter (class=org.apache.hadoop.http.lib.StaticUserWebFilter$StaticUserFilter) to context static
2019-10-02 06:57:35,310 [main] INFO  http.HttpServer2 (HttpServer2.java:addFilter(958)) - Added filter static_user_filter (class=org.apache.hadoop.http.lib.StaticUserWebFilter$StaticUserFilter) to context logs
2019-10-02 06:57:35,310 [main] INFO  http.HttpServer2 (HttpServer2.java:bindListener(1191)) - Jetty bound to port 34591
2019-10-02 06:57:35,311 [main] INFO  server.Server (Server.java:doStart(351)) - jetty-9.3.25.v20180904, build timestamp: 2018-09-04T21:11:46Z, git hash: 3ce520221d0240229c862b122d2b06c12a625732
2019-10-02 06:57:35,312 [main] INFO  handler.ContextHandler (ContextHandler.java:doStart(781)) - Started o.e.j.s.ServletContextHandler@5ec9eefa{/logs,file:///workdir/hadoop-ozone/integration-test/target/log,AVAILABLE}
2019-10-02 06:57:35,313 [main] INFO  handler.ContextHandler (ContextHandler.java:doStart(781)) - Started o.e.j.s.ServletContextHandler@3b4ef59f{/static,jar:file:/home/user/.m2/repository/org/apache/hadoop/hadoop-hdds-container-service/0.5.0-SNAPSHOT/hadoop-hdds-container-service-0.5.0-SNAPSHOT.jar!/webapps/static,AVAILABLE}
2019-10-02 06:57:35,348 [main] INFO  handler.ContextHandler (ContextHandler.java:doStart(781)) - Started o.e.j.w.WebAppContext@4f664bee{/,file:///tmp/jetty-0.0.0.0-34591-hddsDatanode-_-any-4940420527564231400.dir/webapp/,AVAILABLE}{/hddsDatanode}
2019-10-02 06:57:35,348 [main] INFO  server.AbstractConnector (AbstractConnector.java:doStart(278)) - Started ServerConnector@76563ae7{HTTP/1.1,[http/1.1]}{0.0.0.0:34591}
2019-10-02 06:57:35,350 [main] INFO  server.Server (Server.java:doStart(419)) - Started @206403ms
2019-10-02 06:57:35,350 [main] WARN  impl.MetricsSystemImpl (MetricsSystemImpl.java:register(276)) - Sink prometheus already exists!
2019-10-02 06:57:35,351 [main] INFO  server.BaseHttpServer (BaseHttpServer.java:updateConnectorAddress(215)) - HTTP server of HDDSDATANODE is listening at http://0.0.0.0:34591
2019-10-02 06:57:35,351 [main] INFO  impl.MetricsSystemImpl (MetricsSystemImpl.java:init(158)) - HddsDatanode metrics system started (again)
2019-10-02 06:57:35,356 [org.apache.hadoop.util.JvmPauseMonitor$Monitor@15f65c2b] INFO  util.JvmPauseMonitor (JvmPauseMonitor.java:run(188)) - Starting JVM pause monitor
2019-10-02 06:57:35,357 [main] INFO  ozone.HddsDatanodeService (HddsDatanodeService.java:start(184)) - HddsDatanodeService host:pr-hdds-2226-secures3-8x5vf-3889971208 ip:192.168.151.120
2019-10-02 06:57:35,357 [Datanode State Machine Thread - 0] INFO  datanode.InitDatanodeState (InitDatanodeState.java:persistContainerDatanodeDetails(140)) - DatanodeDetails is persisted to /workdir/hadoop-ozone/integration-test/target/test-dir/MiniOzoneClusterImpl-114c4bac-0767-4583-9a80-7f277782f6bb/datanode-4/meta/datanode.id
2019-10-02 06:57:35,363 [main] INFO  volume.HddsVolume (HddsVolume.java:<init>(176)) - Creating Volume: /workdir/hadoop-ozone/integration-test/target/test-dir/MiniOzoneClusterImpl-114c4bac-0767-4583-9a80-7f277782f6bb/datanode-5/data/containers/hdds of  storage type : DISK and capacity : 1482555576320
2019-10-02 06:57:35,363 [main] INFO  volume.VolumeSet (VolumeSet.java:initializeVolumeSet(170)) - Added Volume : /workdir/hadoop-ozone/integration-test/target/test-dir/MiniOzoneClusterImpl-114c4bac-0767-4583-9a80-7f277782f6bb/datanode-5/data/containers/hdds to VolumeSet
2019-10-02 06:57:35,363 [main] INFO  volume.ThrottledAsyncChecker (ThrottledAsyncChecker.java:schedule(139)) - Scheduling a check for org.apache.hadoop.ozone.container.common.volume.HddsVolume@682e422c
2019-10-02 06:57:35,364 [main] INFO  volume.HddsVolumeChecker (HddsVolumeChecker.java:checkAllVolumes(202)) - Scheduled health check for volume org.apache.hadoop.ozone.container.common.volume.HddsVolume@682e422c
2019-10-02 06:57:35,379 [main] INFO  impl.RaftServerProxy (ConfUtils.java:logGet(43)) - raft.rpc.type = GRPC (default)
2019-10-02 06:57:35,379 [main] INFO  grpc.GrpcFactory (GrpcFactory.java:checkPooledByteBufAllocatorUseCacheForAllThreads(45)) - PERFORMANCE WARNING: useCacheForAllThreads is true that may cause Netty to create a lot garbage objects and, as a result, trigger GC.
	It is recommended to disable useCacheForAllThreads by setting -Dorg.apache.ratis.thirdparty.io.netty.allocator.useCacheForAllThreads=false in command line.
2019-10-02 06:57:35,379 [main] INFO  grpc.GrpcConfigKeys$Server (ConfUtils.java:logGet(43)) - raft.grpc.server.port = 0 (default)
2019-10-02 06:57:35,380 [main] INFO  server.GrpcService (ConfUtils.java:logGet(43)) - raft.grpc.message.size.max = 33570816 (custom)
2019-10-02 06:57:35,380 [main] INFO  server.RaftServerConfigKeys (ConfUtils.java:logGet(43)) - raft.server.log.appender.buffer.byte-limit = 33554432 (custom)
2019-10-02 06:57:35,380 [main] INFO  server.GrpcService (ConfUtils.java:logGet(43)) - raft.grpc.flow.control.window = 1MB (=1048576) (default)
2019-10-02 06:57:35,380 [main] INFO  server.RaftServerConfigKeys (ConfUtils.java:logGet(43)) - raft.server.rpc.request.timeout = 3000ms (default)
2019-10-02 06:57:35,381 [main] INFO  server.RaftServerConfigKeys (ConfUtils.java:logGet(43)) - raft.server.storage.dir = [/workdir/hadoop-ozone/integration-test/target/test-dir/MiniOzoneClusterImpl-114c4bac-0767-4583-9a80-7f277782f6bb/datanode-5/data/ratis] (custom)
2019-10-02 06:57:35,382 [main] INFO  hdfs.DFSUtil (DFSUtil.java:httpServerTemplateForNNAndJN(1641)) - Starting Web-server for hddsDatanode at: http://0.0.0.0:0
2019-10-02 06:57:35,384 [main] INFO  server.AuthenticationFilter (AuthenticationFilter.java:constructSecretProvider(240)) - Unable to initialize FileSignerSecretProvider, falling back to use random secrets.
2019-10-02 06:57:35,384 [main] WARN  http.HttpRequestLog (HttpRequestLog.java:getRequestLog(97)) - Jetty request log can only be enabled using Log4j
2019-10-02 06:57:35,386 [main] INFO  http.HttpServer2 (HttpServer2.java:addGlobalFilter(975)) - Added global filter 'safety' (class=org.apache.hadoop.http.HttpServer2$QuotingInputFilter)
2019-10-02 06:57:35,386 [main] INFO  http.HttpServer2 (HttpServer2.java:addFilter(948)) - Added filter static_user_filter (class=org.apache.hadoop.http.lib.StaticUserWebFilter$StaticUserFilter) to context hddsDatanode
2019-10-02 06:57:35,386 [main] INFO  http.HttpServer2 (HttpServer2.java:addFilter(958)) - Added filter static_user_filter (class=org.apache.hadoop.http.lib.StaticUserWebFilter$StaticUserFilter) to context static
2019-10-02 06:57:35,387 [main] INFO  http.HttpServer2 (HttpServer2.java:addFilter(958)) - Added filter static_user_filter (class=org.apache.hadoop.http.lib.StaticUserWebFilter$StaticUserFilter) to context logs
2019-10-02 06:57:35,387 [main] INFO  http.HttpServer2 (HttpServer2.java:bindListener(1191)) - Jetty bound to port 46489
2019-10-02 06:57:35,387 [main] INFO  server.Server (Server.java:doStart(351)) - jetty-9.3.25.v20180904, build timestamp: 2018-09-04T21:11:46Z, git hash: 3ce520221d0240229c862b122d2b06c12a625732
2019-10-02 06:57:35,389 [main] INFO  handler.ContextHandler (ContextHandler.java:doStart(781)) - Started o.e.j.s.ServletContextHandler@3dec3f87{/logs,file:///workdir/hadoop-ozone/integration-test/target/log,AVAILABLE}
2019-10-02 06:57:35,389 [main] INFO  handler.ContextHandler (ContextHandler.java:doStart(781)) - Started o.e.j.s.ServletContextHandler@5dbab232{/static,jar:file:/home/user/.m2/repository/org/apache/hadoop/hadoop-hdds-container-service/0.5.0-SNAPSHOT/hadoop-hdds-container-service-0.5.0-SNAPSHOT.jar!/webapps/static,AVAILABLE}
2019-10-02 06:57:35,424 [main] INFO  handler.ContextHandler (ContextHandler.java:doStart(781)) - Started o.e.j.w.WebAppContext@681e913c{/,file:///tmp/jetty-0.0.0.0-46489-hddsDatanode-_-any-6319798099937042371.dir/webapp/,AVAILABLE}{/hddsDatanode}
2019-10-02 06:57:35,424 [main] INFO  server.AbstractConnector (AbstractConnector.java:doStart(278)) - Started ServerConnector@29d070c7{HTTP/1.1,[http/1.1]}{0.0.0.0:46489}
2019-10-02 06:57:35,426 [main] INFO  server.Server (Server.java:doStart(419)) - Started @206479ms
2019-10-02 06:57:35,426 [main] WARN  impl.MetricsSystemImpl (MetricsSystemImpl.java:register(276)) - Sink prometheus already exists!
2019-10-02 06:57:35,427 [main] INFO  server.BaseHttpServer (BaseHttpServer.java:updateConnectorAddress(215)) - HTTP server of HDDSDATANODE is listening at http://0.0.0.0:46489
2019-10-02 06:57:35,428 [main] INFO  impl.MetricsSystemImpl (MetricsSystemImpl.java:init(158)) - HddsDatanode metrics system started (again)
2019-10-02 06:57:35,432 [org.apache.hadoop.util.JvmPauseMonitor$Monitor@4d842776] INFO  util.JvmPauseMonitor (JvmPauseMonitor.java:run(188)) - Starting JVM pause monitor
2019-10-02 06:57:35,433 [Datanode State Machine Thread - 0] INFO  datanode.InitDatanodeState (InitDatanodeState.java:persistContainerDatanodeDetails(140)) - DatanodeDetails is persisted to /workdir/hadoop-ozone/integration-test/target/test-dir/MiniOzoneClusterImpl-114c4bac-0767-4583-9a80-7f277782f6bb/datanode-5/meta/datanode.id
2019-10-02 06:57:35,433 [main] INFO  ozone.HddsDatanodeService (HddsDatanodeService.java:start(184)) - HddsDatanodeService host:pr-hdds-2226-secures3-8x5vf-3889971208 ip:192.168.151.120
2019-10-02 06:57:35,440 [main] INFO  volume.HddsVolume (HddsVolume.java:<init>(176)) - Creating Volume: /workdir/hadoop-ozone/integration-test/target/test-dir/MiniOzoneClusterImpl-114c4bac-0767-4583-9a80-7f277782f6bb/datanode-6/data/containers/hdds of  storage type : DISK and capacity : 1482555576320
2019-10-02 06:57:35,440 [main] INFO  volume.VolumeSet (VolumeSet.java:initializeVolumeSet(170)) - Added Volume : /workdir/hadoop-ozone/integration-test/target/test-dir/MiniOzoneClusterImpl-114c4bac-0767-4583-9a80-7f277782f6bb/datanode-6/data/containers/hdds to VolumeSet
2019-10-02 06:57:35,440 [main] INFO  volume.ThrottledAsyncChecker (ThrottledAsyncChecker.java:schedule(139)) - Scheduling a check for org.apache.hadoop.ozone.container.common.volume.HddsVolume@6c4ce583
2019-10-02 06:57:35,441 [main] INFO  volume.HddsVolumeChecker (HddsVolumeChecker.java:checkAllVolumes(202)) - Scheduled health check for volume org.apache.hadoop.ozone.container.common.volume.HddsVolume@6c4ce583
2019-10-02 06:57:35,458 [main] INFO  impl.RaftServerProxy (ConfUtils.java:logGet(43)) - raft.rpc.type = GRPC (default)
2019-10-02 06:57:35,458 [main] INFO  grpc.GrpcFactory (GrpcFactory.java:checkPooledByteBufAllocatorUseCacheForAllThreads(45)) - PERFORMANCE WARNING: useCacheForAllThreads is true that may cause Netty to create a lot garbage objects and, as a result, trigger GC.
	It is recommended to disable useCacheForAllThreads by setting -Dorg.apache.ratis.thirdparty.io.netty.allocator.useCacheForAllThreads=false in command line.
2019-10-02 06:57:35,458 [main] INFO  grpc.GrpcConfigKeys$Server (ConfUtils.java:logGet(43)) - raft.grpc.server.port = 0 (default)
2019-10-02 06:57:35,459 [main] INFO  server.GrpcService (ConfUtils.java:logGet(43)) - raft.grpc.message.size.max = 33570816 (custom)
2019-10-02 06:57:35,459 [main] INFO  server.RaftServerConfigKeys (ConfUtils.java:logGet(43)) - raft.server.log.appender.buffer.byte-limit = 33554432 (custom)
2019-10-02 06:57:35,459 [main] INFO  server.GrpcService (ConfUtils.java:logGet(43)) - raft.grpc.flow.control.window = 1MB (=1048576) (default)
2019-10-02 06:57:35,459 [main] INFO  server.RaftServerConfigKeys (ConfUtils.java:logGet(43)) - raft.server.rpc.request.timeout = 3000ms (default)
2019-10-02 06:57:35,460 [main] INFO  server.RaftServerConfigKeys (ConfUtils.java:logGet(43)) - raft.server.storage.dir = [/workdir/hadoop-ozone/integration-test/target/test-dir/MiniOzoneClusterImpl-114c4bac-0767-4583-9a80-7f277782f6bb/datanode-6/data/ratis] (custom)
2019-10-02 06:57:35,462 [main] INFO  hdfs.DFSUtil (DFSUtil.java:httpServerTemplateForNNAndJN(1641)) - Starting Web-server for hddsDatanode at: http://0.0.0.0:0
2019-10-02 06:57:35,463 [main] INFO  server.AuthenticationFilter (AuthenticationFilter.java:constructSecretProvider(240)) - Unable to initialize FileSignerSecretProvider, falling back to use random secrets.
2019-10-02 06:57:35,463 [main] WARN  http.HttpRequestLog (HttpRequestLog.java:getRequestLog(97)) - Jetty request log can only be enabled using Log4j
2019-10-02 06:57:35,465 [main] INFO  http.HttpServer2 (HttpServer2.java:addGlobalFilter(975)) - Added global filter 'safety' (class=org.apache.hadoop.http.HttpServer2$QuotingInputFilter)
2019-10-02 06:57:35,465 [main] INFO  http.HttpServer2 (HttpServer2.java:addFilter(948)) - Added filter static_user_filter (class=org.apache.hadoop.http.lib.StaticUserWebFilter$StaticUserFilter) to context hddsDatanode
2019-10-02 06:57:35,465 [main] INFO  http.HttpServer2 (HttpServer2.java:addFilter(958)) - Added filter static_user_filter (class=org.apache.hadoop.http.lib.StaticUserWebFilter$StaticUserFilter) to context logs
2019-10-02 06:57:35,465 [main] INFO  http.HttpServer2 (HttpServer2.java:addFilter(958)) - Added filter static_user_filter (class=org.apache.hadoop.http.lib.StaticUserWebFilter$StaticUserFilter) to context static
2019-10-02 06:57:35,468 [main] INFO  http.HttpServer2 (HttpServer2.java:bindListener(1191)) - Jetty bound to port 38472
2019-10-02 06:57:35,468 [main] INFO  server.Server (Server.java:doStart(351)) - jetty-9.3.25.v20180904, build timestamp: 2018-09-04T21:11:46Z, git hash: 3ce520221d0240229c862b122d2b06c12a625732
2019-10-02 06:57:35,469 [main] INFO  handler.ContextHandler (ContextHandler.java:doStart(781)) - Started o.e.j.s.ServletContextHandler@3a788fe0{/logs,file:///workdir/hadoop-ozone/integration-test/target/log,AVAILABLE}
2019-10-02 06:57:35,469 [main] INFO  handler.ContextHandler (ContextHandler.java:doStart(781)) - Started o.e.j.s.ServletContextHandler@1373e3ee{/static,jar:file:/home/user/.m2/repository/org/apache/hadoop/hadoop-hdds-container-service/0.5.0-SNAPSHOT/hadoop-hdds-container-service-0.5.0-SNAPSHOT.jar!/webapps/static,AVAILABLE}
2019-10-02 06:57:35,500 [main] INFO  handler.ContextHandler (ContextHandler.java:doStart(781)) - Started o.e.j.w.WebAppContext@51e8d066{/,file:///tmp/jetty-0.0.0.0-38472-hddsDatanode-_-any-8800199494320506857.dir/webapp/,AVAILABLE}{/hddsDatanode}
2019-10-02 06:57:35,500 [main] INFO  server.AbstractConnector (AbstractConnector.java:doStart(278)) - Started ServerConnector@5333f08f{HTTP/1.1,[http/1.1]}{0.0.0.0:38472}
2019-10-02 06:57:35,502 [main] INFO  server.Server (Server.java:doStart(419)) - Started @206555ms
2019-10-02 06:57:35,502 [main] WARN  impl.MetricsSystemImpl (MetricsSystemImpl.java:register(276)) - Sink prometheus already exists!
2019-10-02 06:57:35,503 [main] INFO  server.BaseHttpServer (BaseHttpServer.java:updateConnectorAddress(215)) - HTTP server of HDDSDATANODE is listening at http://0.0.0.0:38472
2019-10-02 06:57:35,504 [main] INFO  ozone.MiniOzoneClusterImpl (MiniOzoneClusterImpl.java:lambda$waitForClusterToBeReady$0(147)) - Waiting for cluster to be ready. Got 0 of 7 DN Heartbeats.
2019-10-02 06:57:35,504 [org.apache.hadoop.util.JvmPauseMonitor$Monitor@44002c02] INFO  util.JvmPauseMonitor (JvmPauseMonitor.java:run(188)) - Starting JVM pause monitor
2019-10-02 06:57:35,505 [Datanode State Machine Thread - 0] INFO  datanode.InitDatanodeState (InitDatanodeState.java:persistContainerDatanodeDetails(140)) - DatanodeDetails is persisted to /workdir/hadoop-ozone/integration-test/target/test-dir/MiniOzoneClusterImpl-114c4bac-0767-4583-9a80-7f277782f6bb/datanode-6/meta/datanode.id
2019-10-02 06:57:36,504 [main] INFO  ozone.MiniOzoneClusterImpl (MiniOzoneClusterImpl.java:lambda$waitForClusterToBeReady$0(147)) - Waiting for cluster to be ready. Got 0 of 7 DN Heartbeats.
2019-10-02 06:57:37,029 [Datanode State Machine Thread - 0] INFO  ozoneimpl.OzoneContainer (OzoneContainer.java:start(217)) - Attempting to start container services.
2019-10-02 06:57:37,029 [Datanode State Machine Thread - 0] INFO  ozoneimpl.OzoneContainer (OzoneContainer.java:startContainerScrub(179)) - Background container scanner has been disabled.
2019-10-02 06:57:37,029 [Datanode State Machine Thread - 0] INFO  ratis.XceiverServerRatis (XceiverServerRatis.java:start(417)) - Starting XceiverServerRatis 691dac14-9c1e-4afc-a420-60831cbc8106 at port 0
2019-10-02 06:57:37,035 [Datanode State Machine Thread - 0] INFO  impl.RaftServerProxy (RaftServerProxy.java:lambda$start$3(299)) - 691dac14-9c1e-4afc-a420-60831cbc8106: start RPC server
2019-10-02 06:57:37,038 [Datanode State Machine Thread - 0] INFO  server.GrpcService (GrpcService.java:startImpl(158)) - 691dac14-9c1e-4afc-a420-60831cbc8106: GrpcService started, listening on 0.0.0.0/0.0.0.0:45956
2019-10-02 06:57:37,038 [Datanode State Machine Thread - 0] INFO  ratis.XceiverServerRatis (XceiverServerRatis.java:start(427)) - XceiverServerRatis 691dac14-9c1e-4afc-a420-60831cbc8106 is started using port 45956
2019-10-02 06:57:37,043 [Datanode State Machine Thread - 0] INFO  server.XceiverServerGrpc (XceiverServerGrpc.java:start(149)) - XceiverServerGrpc 691dac14-9c1e-4afc-a420-60831cbc8106 is started using port 46278
2019-10-02 06:57:37,087 [Datanode State Machine Thread - 0] INFO  ozoneimpl.OzoneContainer (OzoneContainer.java:start(217)) - Attempting to start container services.
2019-10-02 06:57:37,087 [Datanode State Machine Thread - 0] INFO  ozoneimpl.OzoneContainer (OzoneContainer.java:startContainerScrub(179)) - Background container scanner has been disabled.
2019-10-02 06:57:37,087 [Datanode State Machine Thread - 0] INFO  ratis.XceiverServerRatis (XceiverServerRatis.java:start(417)) - Starting XceiverServerRatis 75c431c6-2255-4813-a832-321b7fe043d1 at port 0
2019-10-02 06:57:37,157 [Datanode State Machine Thread - 0] INFO  impl.RaftServerProxy (RaftServerProxy.java:lambda$start$3(299)) - 75c431c6-2255-4813-a832-321b7fe043d1: start RPC server
2019-10-02 06:57:37,158 [Datanode State Machine Thread - 0] INFO  server.GrpcService (GrpcService.java:startImpl(158)) - 75c431c6-2255-4813-a832-321b7fe043d1: GrpcService started, listening on 0.0.0.0/0.0.0.0:46143
2019-10-02 06:57:37,158 [Datanode State Machine Thread - 0] INFO  ratis.XceiverServerRatis (XceiverServerRatis.java:start(427)) - XceiverServerRatis 75c431c6-2255-4813-a832-321b7fe043d1 is started using port 46143
2019-10-02 06:57:37,161 [Datanode State Machine Thread - 0] INFO  server.XceiverServerGrpc (XceiverServerGrpc.java:start(149)) - XceiverServerGrpc 75c431c6-2255-4813-a832-321b7fe043d1 is started using port 40417
2019-10-02 06:57:37,191 [Datanode State Machine Thread - 0] INFO  ozoneimpl.OzoneContainer (OzoneContainer.java:start(217)) - Attempting to start container services.
2019-10-02 06:57:37,191 [Datanode State Machine Thread - 0] INFO  ozoneimpl.OzoneContainer (OzoneContainer.java:startContainerScrub(179)) - Background container scanner has been disabled.
2019-10-02 06:57:37,192 [Datanode State Machine Thread - 0] INFO  ratis.XceiverServerRatis (XceiverServerRatis.java:start(417)) - Starting XceiverServerRatis 5370fe99-4325-4ea8-ac56-56f9f1355838 at port 0
2019-10-02 06:57:37,319 [Datanode State Machine Thread - 0] INFO  impl.RaftServerProxy (RaftServerProxy.java:lambda$start$3(299)) - 5370fe99-4325-4ea8-ac56-56f9f1355838: start RPC server
2019-10-02 06:57:37,320 [Datanode State Machine Thread - 0] INFO  server.GrpcService (GrpcService.java:startImpl(158)) - 5370fe99-4325-4ea8-ac56-56f9f1355838: GrpcService started, listening on 0.0.0.0/0.0.0.0:43514
2019-10-02 06:57:37,321 [Datanode State Machine Thread - 0] INFO  ratis.XceiverServerRatis (XceiverServerRatis.java:start(427)) - XceiverServerRatis 5370fe99-4325-4ea8-ac56-56f9f1355838 is started using port 43514
2019-10-02 06:57:37,321 [Datanode State Machine Thread - 0] INFO  server.XceiverServerGrpc (XceiverServerGrpc.java:start(149)) - XceiverServerGrpc 5370fe99-4325-4ea8-ac56-56f9f1355838 is started using port 37032
2019-10-02 06:57:37,324 [Datanode State Machine Thread - 0] INFO  ozoneimpl.OzoneContainer (OzoneContainer.java:start(217)) - Attempting to start container services.
2019-10-02 06:57:37,324 [Datanode State Machine Thread - 0] INFO  ozoneimpl.OzoneContainer (OzoneContainer.java:startContainerScrub(179)) - Background container scanner has been disabled.
2019-10-02 06:57:37,324 [Datanode State Machine Thread - 0] INFO  ratis.XceiverServerRatis (XceiverServerRatis.java:start(417)) - Starting XceiverServerRatis 3981eb36-c5ec-4917-896d-bb2af3f40476 at port 0
2019-10-02 06:57:37,384 [Datanode State Machine Thread - 0] INFO  ozoneimpl.OzoneContainer (OzoneContainer.java:start(217)) - Attempting to start container services.
2019-10-02 06:57:37,385 [Datanode State Machine Thread - 0] INFO  ozoneimpl.OzoneContainer (OzoneContainer.java:startContainerScrub(179)) - Background container scanner has been disabled.
2019-10-02 06:57:37,385 [Datanode State Machine Thread - 0] INFO  ratis.XceiverServerRatis (XceiverServerRatis.java:start(417)) - Starting XceiverServerRatis c1a77776-d685-4580-b612-a6b6b0cb1b67 at port 0
2019-10-02 06:57:37,396 [Datanode State Machine Thread - 0] INFO  impl.RaftServerProxy (RaftServerProxy.java:lambda$start$3(299)) - 3981eb36-c5ec-4917-896d-bb2af3f40476: start RPC server
2019-10-02 06:57:37,397 [Datanode State Machine Thread - 0] INFO  server.GrpcService (GrpcService.java:startImpl(158)) - 3981eb36-c5ec-4917-896d-bb2af3f40476: GrpcService started, listening on 0.0.0.0/0.0.0.0:45086
2019-10-02 06:57:37,397 [Datanode State Machine Thread - 0] INFO  ratis.XceiverServerRatis (XceiverServerRatis.java:start(427)) - XceiverServerRatis 3981eb36-c5ec-4917-896d-bb2af3f40476 is started using port 45086
2019-10-02 06:57:37,400 [Datanode State Machine Thread - 0] INFO  server.XceiverServerGrpc (XceiverServerGrpc.java:start(149)) - XceiverServerGrpc 3981eb36-c5ec-4917-896d-bb2af3f40476 is started using port 40021
2019-10-02 06:57:37,404 [Datanode State Machine Thread - 0] INFO  impl.RaftServerProxy (RaftServerProxy.java:lambda$start$3(299)) - c1a77776-d685-4580-b612-a6b6b0cb1b67: start RPC server
2019-10-02 06:57:37,408 [Datanode State Machine Thread - 0] INFO  server.GrpcService (GrpcService.java:startImpl(158)) - c1a77776-d685-4580-b612-a6b6b0cb1b67: GrpcService started, listening on 0.0.0.0/0.0.0.0:34250
2019-10-02 06:57:37,408 [Datanode State Machine Thread - 0] INFO  ratis.XceiverServerRatis (XceiverServerRatis.java:start(427)) - XceiverServerRatis c1a77776-d685-4580-b612-a6b6b0cb1b67 is started using port 34250
2019-10-02 06:57:37,408 [Datanode State Machine Thread - 0] INFO  server.XceiverServerGrpc (XceiverServerGrpc.java:start(149)) - XceiverServerGrpc c1a77776-d685-4580-b612-a6b6b0cb1b67 is started using port 45584
2019-10-02 06:57:37,446 [Datanode State Machine Thread - 0] INFO  ozoneimpl.OzoneContainer (OzoneContainer.java:start(217)) - Attempting to start container services.
2019-10-02 06:57:37,446 [Datanode State Machine Thread - 0] INFO  ozoneimpl.OzoneContainer (OzoneContainer.java:startContainerScrub(179)) - Background container scanner has been disabled.
2019-10-02 06:57:37,447 [Datanode State Machine Thread - 0] INFO  ratis.XceiverServerRatis (XceiverServerRatis.java:start(417)) - Starting XceiverServerRatis 21f5d1c6-2777-47f5-89cb-52ebd6bc2dd1 at port 0
2019-10-02 06:57:37,451 [Datanode State Machine Thread - 0] INFO  impl.RaftServerProxy (RaftServerProxy.java:lambda$start$3(299)) - 21f5d1c6-2777-47f5-89cb-52ebd6bc2dd1: start RPC server
2019-10-02 06:57:37,452 [Datanode State Machine Thread - 0] INFO  server.GrpcService (GrpcService.java:startImpl(158)) - 21f5d1c6-2777-47f5-89cb-52ebd6bc2dd1: GrpcService started, listening on 0.0.0.0/0.0.0.0:46707
2019-10-02 06:57:37,452 [Datanode State Machine Thread - 0] INFO  ratis.XceiverServerRatis (XceiverServerRatis.java:start(427)) - XceiverServerRatis 21f5d1c6-2777-47f5-89cb-52ebd6bc2dd1 is started using port 46707
2019-10-02 06:57:37,456 [Datanode State Machine Thread - 0] INFO  server.XceiverServerGrpc (XceiverServerGrpc.java:start(149)) - XceiverServerGrpc 21f5d1c6-2777-47f5-89cb-52ebd6bc2dd1 is started using port 43336
2019-10-02 06:57:37,507 [main] INFO  ozone.MiniOzoneClusterImpl (MiniOzoneClusterImpl.java:lambda$waitForClusterToBeReady$0(147)) - Waiting for cluster to be ready. Got 0 of 7 DN Heartbeats.
2019-10-02 06:57:37,529 [Datanode State Machine Thread - 0] INFO  ozoneimpl.OzoneContainer (OzoneContainer.java:start(217)) - Attempting to start container services.
2019-10-02 06:57:37,530 [Datanode State Machine Thread - 0] INFO  ozoneimpl.OzoneContainer (OzoneContainer.java:startContainerScrub(179)) - Background container scanner has been disabled.
2019-10-02 06:57:37,530 [Datanode State Machine Thread - 0] INFO  ratis.XceiverServerRatis (XceiverServerRatis.java:start(417)) - Starting XceiverServerRatis 56af948b-10c2-4e9d-9b51-152604f99203 at port 0
2019-10-02 06:57:37,604 [Datanode State Machine Thread - 0] INFO  impl.RaftServerProxy (RaftServerProxy.java:lambda$start$3(299)) - 56af948b-10c2-4e9d-9b51-152604f99203: start RPC server
2019-10-02 06:57:37,606 [Datanode State Machine Thread - 0] INFO  server.GrpcService (GrpcService.java:startImpl(158)) - 56af948b-10c2-4e9d-9b51-152604f99203: GrpcService started, listening on 0.0.0.0/0.0.0.0:46407
2019-10-02 06:57:37,606 [Datanode State Machine Thread - 0] INFO  ratis.XceiverServerRatis (XceiverServerRatis.java:start(427)) - XceiverServerRatis 56af948b-10c2-4e9d-9b51-152604f99203 is started using port 46407
2019-10-02 06:57:37,607 [Datanode State Machine Thread - 0] INFO  server.XceiverServerGrpc (XceiverServerGrpc.java:start(149)) - XceiverServerGrpc 56af948b-10c2-4e9d-9b51-152604f99203 is started using port 37764
2019-10-02 06:57:38,507 [main] INFO  ozone.MiniOzoneClusterImpl (MiniOzoneClusterImpl.java:lambda$waitForClusterToBeReady$0(147)) - Waiting for cluster to be ready. Got 0 of 7 DN Heartbeats.
2019-10-02 06:57:38,995 [IPC Server handler 8 on 37736] INFO  net.NetworkTopology (NetworkTopologyImpl.java:add(111)) - Added a new node: /default-rack/691dac14-9c1e-4afc-a420-60831cbc8106
2019-10-02 06:57:38,996 [IPC Server handler 8 on 37736] INFO  node.SCMNodeManager (SCMNodeManager.java:register(266)) - Registered Data node : 691dac14-9c1e-4afc-a420-60831cbc8106{ip: 192.168.151.120, host: pr-hdds-2226-secures3-8x5vf-3889971208, networkLocation: /default-rack, certSerialId: null}
2019-10-02 06:57:38,996 [EventQueue-NodeRegistrationContainerReportForDataNodeSafeModeRule] INFO  safemode.SCMSafeModeManager (DataNodeSafeModeRule.java:process(71)) - SCM in safe mode. 1 DataNodes registered, 1 required.
2019-10-02 06:57:39,000 [EventQueue-NodeRegistrationContainerReportForDataNodeSafeModeRule] INFO  safemode.SCMSafeModeManager (SCMSafeModeManager.java:validateSafeModeExitRules(177)) - ScmSafeModeManager, all rules are successfully validated
2019-10-02 06:57:39,000 [EventQueue-NodeRegistrationContainerReportForDataNodeSafeModeRule] INFO  safemode.SCMSafeModeManager (SCMSafeModeManager.java:exitSafeMode(193)) - SCM exiting safe mode.
2019-10-02 06:57:39,006 [grpc-default-executor-7] INFO  impl.RaftServerProxy (RaftServerProxy.java:addNew(89)) - 691dac14-9c1e-4afc-a420-60831cbc8106: addNew group-E206AAFAF74C:[691dac14-9c1e-4afc-a420-60831cbc8106:192.168.151.120:45956] returns group-E206AAFAF74C:java.util.concurrent.CompletableFuture@11e18a01[Not completed]
2019-10-02 06:57:39,007 [pool-383-thread-1] INFO  impl.RaftServerImpl (RaftServerImpl.java:<init>(95)) - 691dac14-9c1e-4afc-a420-60831cbc8106: new RaftServerImpl for group-E206AAFAF74C:[691dac14-9c1e-4afc-a420-60831cbc8106:192.168.151.120:45956] with ContainerStateMachine:uninitialized
2019-10-02 06:57:39,008 [pool-383-thread-1] INFO  server.RaftServerConfigKeys (ConfUtils.java:logGet(43)) - raft.server.rpc.timeout.min = 5s (custom)
2019-10-02 06:57:39,008 [pool-383-thread-1] INFO  server.RaftServerConfigKeys (ConfUtils.java:logGet(43)) - raft.server.rpc.timeout.max = 5200ms (custom)
2019-10-02 06:57:39,008 [pool-383-thread-1] INFO  server.RaftServerConfigKeys (ConfUtils.java:logGet(43)) - raft.server.rpcslowness.timeout = 120s (custom)
2019-10-02 06:57:39,008 [pool-383-thread-1] INFO  server.RaftServerConfigKeys (ConfUtils.java:logGet(43)) - raft.server.sleep.deviation.threshold = 300 (default)
2019-10-02 06:57:39,008 [pool-383-thread-1] INFO  server.RaftServerConfigKeys (ConfUtils.java:logGet(43)) - raft.server.log.appender.install.snapshot.enabled = false (custom)
2019-10-02 06:57:39,008 [pool-383-thread-1] INFO  impl.RaftServerImpl (ServerState.java:<init>(103)) - 691dac14-9c1e-4afc-a420-60831cbc8106@group-E206AAFAF74C: ConfigurationManager, init=-1: [691dac14-9c1e-4afc-a420-60831cbc8106:192.168.151.120:45956], old=null, confs=<EMPTY_MAP>
2019-10-02 06:57:39,008 [pool-383-thread-1] INFO  server.RaftServerConfigKeys (ConfUtils.java:logGet(43)) - raft.server.storage.dir = [/workdir/hadoop-ozone/integration-test/target/test-dir/MiniOzoneClusterImpl-114c4bac-0767-4583-9a80-7f277782f6bb/datanode-0/data/ratis] (custom)
2019-10-02 06:57:39,008 [pool-383-thread-1] INFO  server.RaftServerConfigKeys (ConfUtils.java:logGet(43)) - raft.server.log.corruption.policy = EXCEPTION (default)
2019-10-02 06:57:39,008 [pool-383-thread-1] INFO  storage.RaftStorageDirectory (RaftStorageDirectory.java:analyzeStorage(246)) - The storage directory /workdir/hadoop-ozone/integration-test/target/test-dir/MiniOzoneClusterImpl-114c4bac-0767-4583-9a80-7f277782f6bb/datanode-0/data/ratis/219752dd-1683-499b-b411-e206aafaf74c does not exist. Creating ...
2019-10-02 06:57:39,021 [pool-383-thread-1] INFO  storage.RaftStorageDirectory (RaftStorageDirectory.java:tryLock(328)) - Lock on /workdir/hadoop-ozone/integration-test/target/test-dir/MiniOzoneClusterImpl-114c4bac-0767-4583-9a80-7f277782f6bb/datanode-0/data/ratis/219752dd-1683-499b-b411-e206aafaf74c/in_use.lock acquired by nodename 26230@pr-hdds-2226-secures3-8x5vf-3889971208
2019-10-02 06:57:39,033 [pool-383-thread-1] INFO  storage.RaftStorage (RaftStorage.java:format(84)) - Storage directory /workdir/hadoop-ozone/integration-test/target/test-dir/MiniOzoneClusterImpl-114c4bac-0767-4583-9a80-7f277782f6bb/datanode-0/data/ratis/219752dd-1683-499b-b411-e206aafaf74c has been successfully formatted.
2019-10-02 06:57:39,034 [pool-383-thread-1] INFO  ratis.ContainerStateMachine (ContainerStateMachine.java:loadSnapshot(230)) - group-E206AAFAF74C: The snapshot info is null. Setting the last applied indexto:(t:0, i:~)
2019-10-02 06:57:39,034 [pool-383-thread-1] INFO  server.RaftServerConfigKeys (ConfUtils.java:logGet(43)) - raft.server.notification.no-leader.timeout = 120s (custom)
2019-10-02 06:57:39,034 [pool-383-thread-1] INFO  server.RaftServerConfigKeys (ConfUtils.java:logGet(43)) - raft.server.log.use.memory = false (default)
2019-10-02 06:57:39,034 [pool-383-thread-1] INFO  server.RaftServerConfigKeys (ConfUtils.java:logGet(43)) - raft.server.log.purge.gap = 1000000 (custom)
2019-10-02 06:57:39,034 [pool-383-thread-1] INFO  server.RaftServerConfigKeys (ConfUtils.java:logGet(43)) - raft.server.log.appender.buffer.byte-limit = 33554432 (custom)
2019-10-02 06:57:39,034 [pool-383-thread-1] INFO  server.RaftServerConfigKeys (ConfUtils.java:logGet(43)) - raft.server.log.segment.size.max = 1048576 (custom)
2019-10-02 06:57:39,035 [pool-383-thread-1] INFO  server.RaftServerConfigKeys (ConfUtils.java:logGet(43)) - raft.server.log.segment.cache.num.max = 2 (custom)
2019-10-02 06:57:39,036 [pool-383-thread-1] INFO  segmented.SegmentedRaftLogWorker (SegmentedRaftLogWorker.java:<init>(173)) - new 691dac14-9c1e-4afc-a420-60831cbc8106@group-E206AAFAF74C-SegmentedRaftLogWorker for RaftStorage:Storage Directory /workdir/hadoop-ozone/integration-test/target/test-dir/MiniOzoneClusterImpl-114c4bac-0767-4583-9a80-7f277782f6bb/datanode-0/data/ratis/219752dd-1683-499b-b411-e206aafaf74c
2019-10-02 06:57:39,036 [pool-383-thread-1] INFO  server.RaftServerConfigKeys (ConfUtils.java:logGet(43)) - raft.server.log.queue.byte-limit = 2147483647 (custom)
2019-10-02 06:57:39,036 [pool-383-thread-1] INFO  server.RaftServerConfigKeys (ConfUtils.java:logGet(43)) - raft.server.log.queue.element-limit = 1024 (custom)
2019-10-02 06:57:39,036 [pool-383-thread-1] INFO  server.RaftServerConfigKeys (ConfUtils.java:logGet(43)) - raft.server.log.segment.size.max = 1048576 (custom)
2019-10-02 06:57:39,036 [pool-383-thread-1] INFO  server.RaftServerConfigKeys (ConfUtils.java:logGet(43)) - raft.server.log.preallocated.size = 16384 (custom)
2019-10-02 06:57:39,036 [pool-383-thread-1] INFO  server.RaftServerConfigKeys (ConfUtils.java:logGet(43)) - raft.server.log.write.buffer.size = 33554432 (custom)
2019-10-02 06:57:39,036 [pool-383-thread-1] INFO  server.RaftServerConfigKeys (ConfUtils.java:logGet(43)) - raft.server.log.force.sync.num = 128 (default)
2019-10-02 06:57:39,036 [pool-383-thread-1] INFO  server.RaftServerConfigKeys (ConfUtils.java:logGet(43)) - raft.server.log.statemachine.data.sync = true (default)
2019-10-02 06:57:39,036 [pool-383-thread-1] INFO  server.RaftServerConfigKeys (ConfUtils.java:logGet(43)) - raft.server.log.statemachine.data.sync.timeout = 10s (default)
2019-10-02 06:57:39,036 [pool-383-thread-1] INFO  server.RaftServerConfigKeys (ConfUtils.java:logGet(43)) - raft.server.log.statemachine.data.sync.timeout.retry = -1 (default)
2019-10-02 06:57:39,037 [pool-383-thread-1] INFO  server.RaftServerConfigKeys (ConfUtils.java:logGet(43)) - raft.server.log.statemachine.data.caching.enabled = true (custom)
2019-10-02 06:57:39,037 [pool-383-thread-1] INFO  segmented.SegmentedRaftLogWorker (SegmentedRaftLogWorker.java:lambda$new$0(128)) - 691dac14-9c1e-4afc-a420-60831cbc8106@group-E206AAFAF74C-SegmentedRaftLogWorker: flushIndex: setUnconditionally 0 -> -1
2019-10-02 06:57:39,037 [pool-383-thread-1] INFO  server.RaftServerConfigKeys (ConfUtils.java:logGet(43)) - raft.server.snapshot.auto.trigger.enabled = true (custom)
2019-10-02 06:57:39,037 [pool-383-thread-1] INFO  server.RaftServerConfigKeys (ConfUtils.java:logGet(43)) - raft.server.snapshot.auto.trigger.threshold = 10000 (custom)
2019-10-02 06:57:39,037 [pool-383-thread-1] INFO  server.RaftServerConfigKeys (ConfUtils.java:logGet(43)) - raft.server.snapshot.retention.file.num = 5 (custom)
2019-10-02 06:57:39,037 [pool-383-thread-1] INFO  server.RaftServerConfigKeys (ConfUtils.java:logGet(43)) - raft.server.retrycache.expirytime = 600000ms (custom)
2019-10-02 06:57:39,039 [pool-383-thread-1] INFO  impl.RaftServerImpl (RaftServerImpl.java:start(181)) - 691dac14-9c1e-4afc-a420-60831cbc8106@group-E206AAFAF74C: start as a follower, conf=-1: [691dac14-9c1e-4afc-a420-60831cbc8106:192.168.151.120:45956], old=null
2019-10-02 06:57:39,039 [pool-383-thread-1] INFO  impl.RaftServerImpl (RaftServerImpl.java:setRole(170)) - 691dac14-9c1e-4afc-a420-60831cbc8106@group-E206AAFAF74C: changes role from      null to FOLLOWER at term 0 for startAsFollower
2019-10-02 06:57:39,039 [pool-383-thread-1] INFO  impl.RoleInfo (RoleInfo.java:updateAndGet(143)) - 691dac14-9c1e-4afc-a420-60831cbc8106: start FollowerState
2019-10-02 06:57:39,039 [pool-383-thread-1] INFO  util.JmxRegister (JmxRegister.java:tryRegister(44)) - Successfully registered JMX Bean with object name Ratis:service=RaftServer,group=group-E206AAFAF74C,id=691dac14-9c1e-4afc-a420-60831cbc8106
2019-10-02 06:57:39,060 [RatisPipelineUtilsThread] INFO  pipeline.PipelineStateManager (PipelineStateManager.java:addPipeline(56)) - Created pipeline Pipeline[ Id: 219752dd-1683-499b-b411-e206aafaf74c, Nodes: 691dac14-9c1e-4afc-a420-60831cbc8106{ip: 192.168.151.120, host: pr-hdds-2226-secures3-8x5vf-3889971208, networkLocation: /default-rack, certSerialId: null}, Type:RATIS, Factor:ONE, State:OPEN]
2019-10-02 06:57:39,071 [IPC Server handler 4 on 37736] INFO  net.NetworkTopology (NetworkTopologyImpl.java:add(111)) - Added a new node: /default-rack/75c431c6-2255-4813-a832-321b7fe043d1
2019-10-02 06:57:39,071 [IPC Server handler 4 on 37736] INFO  node.SCMNodeManager (SCMNodeManager.java:register(266)) - Registered Data node : 75c431c6-2255-4813-a832-321b7fe043d1{ip: 192.168.151.120, host: pr-hdds-2226-secures3-8x5vf-3889971208, networkLocation: /default-rack, certSerialId: null}
2019-10-02 06:57:39,077 [grpc-default-executor-7] INFO  impl.RaftServerProxy (RaftServerProxy.java:addNew(89)) - 75c431c6-2255-4813-a832-321b7fe043d1: addNew group-0C696285E8B3:[75c431c6-2255-4813-a832-321b7fe043d1:192.168.151.120:46143] returns group-0C696285E8B3:java.util.concurrent.CompletableFuture@6435c5b7[Not completed]
2019-10-02 06:57:39,078 [pool-393-thread-1] INFO  impl.RaftServerImpl (RaftServerImpl.java:<init>(95)) - 75c431c6-2255-4813-a832-321b7fe043d1: new RaftServerImpl for group-0C696285E8B3:[75c431c6-2255-4813-a832-321b7fe043d1:192.168.151.120:46143] with ContainerStateMachine:uninitialized
2019-10-02 06:57:39,078 [pool-393-thread-1] INFO  server.RaftServerConfigKeys (ConfUtils.java:logGet(43)) - raft.server.rpc.timeout.min = 5s (custom)
2019-10-02 06:57:39,078 [pool-393-thread-1] INFO  server.RaftServerConfigKeys (ConfUtils.java:logGet(43)) - raft.server.rpc.timeout.max = 5200ms (custom)
2019-10-02 06:57:39,078 [pool-393-thread-1] INFO  server.RaftServerConfigKeys (ConfUtils.java:logGet(43)) - raft.server.rpcslowness.timeout = 120s (custom)
2019-10-02 06:57:39,079 [pool-393-thread-1] INFO  server.RaftServerConfigKeys (ConfUtils.java:logGet(43)) - raft.server.sleep.deviation.threshold = 300 (default)
2019-10-02 06:57:39,079 [pool-393-thread-1] INFO  server.RaftServerConfigKeys (ConfUtils.java:logGet(43)) - raft.server.log.appender.install.snapshot.enabled = false (custom)
2019-10-02 06:57:39,079 [pool-393-thread-1] INFO  impl.RaftServerImpl (ServerState.java:<init>(103)) - 75c431c6-2255-4813-a832-321b7fe043d1@group-0C696285E8B3: ConfigurationManager, init=-1: [75c431c6-2255-4813-a832-321b7fe043d1:192.168.151.120:46143], old=null, confs=<EMPTY_MAP>
2019-10-02 06:57:39,079 [pool-393-thread-1] INFO  server.RaftServerConfigKeys (ConfUtils.java:logGet(43)) - raft.server.storage.dir = [/workdir/hadoop-ozone/integration-test/target/test-dir/MiniOzoneClusterImpl-114c4bac-0767-4583-9a80-7f277782f6bb/datanode-1/data/ratis] (custom)
2019-10-02 06:57:39,079 [pool-393-thread-1] INFO  server.RaftServerConfigKeys (ConfUtils.java:logGet(43)) - raft.server.log.corruption.policy = EXCEPTION (default)
2019-10-02 06:57:39,079 [pool-393-thread-1] INFO  storage.RaftStorageDirectory (RaftStorageDirectory.java:analyzeStorage(246)) - The storage directory /workdir/hadoop-ozone/integration-test/target/test-dir/MiniOzoneClusterImpl-114c4bac-0767-4583-9a80-7f277782f6bb/datanode-1/data/ratis/113529a2-bc37-4a2b-a10e-0c696285e8b3 does not exist. Creating ...
2019-10-02 06:57:39,094 [pool-393-thread-1] INFO  storage.RaftStorageDirectory (RaftStorageDirectory.java:tryLock(328)) - Lock on /workdir/hadoop-ozone/integration-test/target/test-dir/MiniOzoneClusterImpl-114c4bac-0767-4583-9a80-7f277782f6bb/datanode-1/data/ratis/113529a2-bc37-4a2b-a10e-0c696285e8b3/in_use.lock acquired by nodename 26230@pr-hdds-2226-secures3-8x5vf-3889971208
2019-10-02 06:57:39,107 [pool-393-thread-1] INFO  storage.RaftStorage (RaftStorage.java:format(84)) - Storage directory /workdir/hadoop-ozone/integration-test/target/test-dir/MiniOzoneClusterImpl-114c4bac-0767-4583-9a80-7f277782f6bb/datanode-1/data/ratis/113529a2-bc37-4a2b-a10e-0c696285e8b3 has been successfully formatted.
2019-10-02 06:57:39,107 [pool-393-thread-1] INFO  ratis.ContainerStateMachine (ContainerStateMachine.java:loadSnapshot(230)) - group-0C696285E8B3: The snapshot info is null. Setting the last applied indexto:(t:0, i:~)
2019-10-02 06:57:39,107 [pool-393-thread-1] INFO  server.RaftServerConfigKeys (ConfUtils.java:logGet(43)) - raft.server.notification.no-leader.timeout = 120s (custom)
2019-10-02 06:57:39,107 [pool-393-thread-1] INFO  server.RaftServerConfigKeys (ConfUtils.java:logGet(43)) - raft.server.log.use.memory = false (default)
2019-10-02 06:57:39,108 [pool-393-thread-1] INFO  server.RaftServerConfigKeys (ConfUtils.java:logGet(43)) - raft.server.log.purge.gap = 1000000 (custom)
2019-10-02 06:57:39,108 [pool-393-thread-1] INFO  server.RaftServerConfigKeys (ConfUtils.java:logGet(43)) - raft.server.log.appender.buffer.byte-limit = 33554432 (custom)
2019-10-02 06:57:39,108 [pool-393-thread-1] INFO  server.RaftServerConfigKeys (ConfUtils.java:logGet(43)) - raft.server.log.segment.size.max = 1048576 (custom)
2019-10-02 06:57:39,110 [pool-393-thread-1] INFO  server.RaftServerConfigKeys (ConfUtils.java:logGet(43)) - raft.server.log.segment.cache.num.max = 2 (custom)
2019-10-02 06:57:39,110 [pool-393-thread-1] INFO  segmented.SegmentedRaftLogWorker (SegmentedRaftLogWorker.java:<init>(173)) - new 75c431c6-2255-4813-a832-321b7fe043d1@group-0C696285E8B3-SegmentedRaftLogWorker for RaftStorage:Storage Directory /workdir/hadoop-ozone/integration-test/target/test-dir/MiniOzoneClusterImpl-114c4bac-0767-4583-9a80-7f277782f6bb/datanode-1/data/ratis/113529a2-bc37-4a2b-a10e-0c696285e8b3
2019-10-02 06:57:39,110 [pool-393-thread-1] INFO  server.RaftServerConfigKeys (ConfUtils.java:logGet(43)) - raft.server.log.queue.byte-limit = 2147483647 (custom)
2019-10-02 06:57:39,110 [pool-393-thread-1] INFO  server.RaftServerConfigKeys (ConfUtils.java:logGet(43)) - raft.server.log.queue.element-limit = 1024 (custom)
2019-10-02 06:57:39,110 [pool-393-thread-1] INFO  server.RaftServerConfigKeys (ConfUtils.java:logGet(43)) - raft.server.log.segment.size.max = 1048576 (custom)
2019-10-02 06:57:39,110 [pool-393-thread-1] INFO  server.RaftServerConfigKeys (ConfUtils.java:logGet(43)) - raft.server.log.preallocated.size = 16384 (custom)
2019-10-02 06:57:39,110 [pool-393-thread-1] INFO  server.RaftServerConfigKeys (ConfUtils.java:logGet(43)) - raft.server.log.write.buffer.size = 33554432 (custom)
2019-10-02 06:57:39,110 [pool-393-thread-1] INFO  server.RaftServerConfigKeys (ConfUtils.java:logGet(43)) - raft.server.log.force.sync.num = 128 (default)
2019-10-02 06:57:39,110 [pool-393-thread-1] INFO  server.RaftServerConfigKeys (ConfUtils.java:logGet(43)) - raft.server.log.statemachine.data.sync = true (default)
2019-10-02 06:57:39,111 [pool-393-thread-1] INFO  server.RaftServerConfigKeys (ConfUtils.java:logGet(43)) - raft.server.log.statemachine.data.sync.timeout = 10s (default)
2019-10-02 06:57:39,111 [pool-393-thread-1] INFO  server.RaftServerConfigKeys (ConfUtils.java:logGet(43)) - raft.server.log.statemachine.data.sync.timeout.retry = -1 (default)
2019-10-02 06:57:39,111 [pool-393-thread-1] INFO  server.RaftServerConfigKeys (ConfUtils.java:logGet(43)) - raft.server.log.statemachine.data.caching.enabled = true (custom)
2019-10-02 06:57:39,111 [pool-393-thread-1] INFO  segmented.SegmentedRaftLogWorker (SegmentedRaftLogWorker.java:lambda$new$0(128)) - 75c431c6-2255-4813-a832-321b7fe043d1@group-0C696285E8B3-SegmentedRaftLogWorker: flushIndex: setUnconditionally 0 -> -1
2019-10-02 06:57:39,112 [pool-393-thread-1] INFO  server.RaftServerConfigKeys (ConfUtils.java:logGet(43)) - raft.server.snapshot.auto.trigger.enabled = true (custom)
2019-10-02 06:57:39,112 [pool-393-thread-1] INFO  server.RaftServerConfigKeys (ConfUtils.java:logGet(43)) - raft.server.snapshot.auto.trigger.threshold = 10000 (custom)
2019-10-02 06:57:39,112 [pool-393-thread-1] INFO  server.RaftServerConfigKeys (ConfUtils.java:logGet(43)) - raft.server.snapshot.retention.file.num = 5 (custom)
2019-10-02 06:57:39,112 [pool-393-thread-1] INFO  server.RaftServerConfigKeys (ConfUtils.java:logGet(43)) - raft.server.retrycache.expirytime = 600000ms (custom)
2019-10-02 06:57:39,114 [pool-393-thread-1] INFO  impl.RaftServerImpl (RaftServerImpl.java:start(181)) - 75c431c6-2255-4813-a832-321b7fe043d1@group-0C696285E8B3: start as a follower, conf=-1: [75c431c6-2255-4813-a832-321b7fe043d1:192.168.151.120:46143], old=null
2019-10-02 06:57:39,114 [pool-393-thread-1] INFO  impl.RaftServerImpl (RaftServerImpl.java:setRole(170)) - 75c431c6-2255-4813-a832-321b7fe043d1@group-0C696285E8B3: changes role from      null to FOLLOWER at term 0 for startAsFollower
2019-10-02 06:57:39,114 [pool-393-thread-1] INFO  impl.RoleInfo (RoleInfo.java:updateAndGet(143)) - 75c431c6-2255-4813-a832-321b7fe043d1: start FollowerState
2019-10-02 06:57:39,114 [pool-393-thread-1] INFO  util.JmxRegister (JmxRegister.java:tryRegister(44)) - Successfully registered JMX Bean with object name Ratis:service=RaftServer,group=group-0C696285E8B3,id=75c431c6-2255-4813-a832-321b7fe043d1
2019-10-02 06:57:39,120 [RatisPipelineUtilsThread] INFO  pipeline.PipelineStateManager (PipelineStateManager.java:addPipeline(56)) - Created pipeline Pipeline[ Id: 113529a2-bc37-4a2b-a10e-0c696285e8b3, Nodes: 75c431c6-2255-4813-a832-321b7fe043d1{ip: 192.168.151.120, host: pr-hdds-2226-secures3-8x5vf-3889971208, networkLocation: /default-rack, certSerialId: null}, Type:RATIS, Factor:ONE, State:OPEN]
2019-10-02 06:57:39,177 [IPC Server handler 10 on 37736] INFO  net.NetworkTopology (NetworkTopologyImpl.java:add(111)) - Added a new node: /default-rack/5370fe99-4325-4ea8-ac56-56f9f1355838
2019-10-02 06:57:39,178 [IPC Server handler 10 on 37736] INFO  node.SCMNodeManager (SCMNodeManager.java:register(266)) - Registered Data node : 5370fe99-4325-4ea8-ac56-56f9f1355838{ip: 192.168.151.120, host: pr-hdds-2226-secures3-8x5vf-3889971208, networkLocation: /default-rack, certSerialId: null}
2019-10-02 06:57:39,189 [grpc-default-executor-7] INFO  impl.RaftServerProxy (RaftServerProxy.java:addNew(89)) - 5370fe99-4325-4ea8-ac56-56f9f1355838: addNew group-A6C318378E66:[5370fe99-4325-4ea8-ac56-56f9f1355838:192.168.151.120:43514] returns group-A6C318378E66:java.util.concurrent.CompletableFuture@4de2bf6c[Not completed]
2019-10-02 06:57:39,190 [pool-403-thread-1] INFO  impl.RaftServerImpl (RaftServerImpl.java:<init>(95)) - 5370fe99-4325-4ea8-ac56-56f9f1355838: new RaftServerImpl for group-A6C318378E66:[5370fe99-4325-4ea8-ac56-56f9f1355838:192.168.151.120:43514] with ContainerStateMachine:uninitialized
2019-10-02 06:57:39,190 [pool-403-thread-1] INFO  server.RaftServerConfigKeys (ConfUtils.java:logGet(43)) - raft.server.rpc.timeout.min = 5s (custom)
2019-10-02 06:57:39,190 [pool-403-thread-1] INFO  server.RaftServerConfigKeys (ConfUtils.java:logGet(43)) - raft.server.rpc.timeout.max = 5200ms (custom)
2019-10-02 06:57:39,190 [pool-403-thread-1] INFO  server.RaftServerConfigKeys (ConfUtils.java:logGet(43)) - raft.server.rpcslowness.timeout = 120s (custom)
2019-10-02 06:57:39,190 [pool-403-thread-1] INFO  server.RaftServerConfigKeys (ConfUtils.java:logGet(43)) - raft.server.sleep.deviation.threshold = 300 (default)
2019-10-02 06:57:39,191 [pool-403-thread-1] INFO  server.RaftServerConfigKeys (ConfUtils.java:logGet(43)) - raft.server.log.appender.install.snapshot.enabled = false (custom)
2019-10-02 06:57:39,191 [pool-403-thread-1] INFO  impl.RaftServerImpl (ServerState.java:<init>(103)) - 5370fe99-4325-4ea8-ac56-56f9f1355838@group-A6C318378E66: ConfigurationManager, init=-1: [5370fe99-4325-4ea8-ac56-56f9f1355838:192.168.151.120:43514], old=null, confs=<EMPTY_MAP>
2019-10-02 06:57:39,192 [pool-403-thread-1] INFO  server.RaftServerConfigKeys (ConfUtils.java:logGet(43)) - raft.server.storage.dir = [/workdir/hadoop-ozone/integration-test/target/test-dir/MiniOzoneClusterImpl-114c4bac-0767-4583-9a80-7f277782f6bb/datanode-2/data/ratis] (custom)
2019-10-02 06:57:39,192 [pool-403-thread-1] INFO  server.RaftServerConfigKeys (ConfUtils.java:logGet(43)) - raft.server.log.corruption.policy = EXCEPTION (default)
2019-10-02 06:57:39,192 [pool-403-thread-1] INFO  storage.RaftStorageDirectory (RaftStorageDirectory.java:analyzeStorage(246)) - The storage directory /workdir/hadoop-ozone/integration-test/target/test-dir/MiniOzoneClusterImpl-114c4bac-0767-4583-9a80-7f277782f6bb/datanode-2/data/ratis/5e9e508f-8c35-46e5-bccf-a6c318378e66 does not exist. Creating ...
2019-10-02 06:57:39,205 [pool-403-thread-1] INFO  storage.RaftStorageDirectory (RaftStorageDirectory.java:tryLock(328)) - Lock on /workdir/hadoop-ozone/integration-test/target/test-dir/MiniOzoneClusterImpl-114c4bac-0767-4583-9a80-7f277782f6bb/datanode-2/data/ratis/5e9e508f-8c35-46e5-bccf-a6c318378e66/in_use.lock acquired by nodename 26230@pr-hdds-2226-secures3-8x5vf-3889971208
2019-10-02 06:57:39,220 [pool-403-thread-1] INFO  storage.RaftStorage (RaftStorage.java:format(84)) - Storage directory /workdir/hadoop-ozone/integration-test/target/test-dir/MiniOzoneClusterImpl-114c4bac-0767-4583-9a80-7f277782f6bb/datanode-2/data/ratis/5e9e508f-8c35-46e5-bccf-a6c318378e66 has been successfully formatted.
2019-10-02 06:57:39,220 [pool-403-thread-1] INFO  ratis.ContainerStateMachine (ContainerStateMachine.java:loadSnapshot(230)) - group-A6C318378E66: The snapshot info is null. Setting the last applied indexto:(t:0, i:~)
2019-10-02 06:57:39,220 [pool-403-thread-1] INFO  server.RaftServerConfigKeys (ConfUtils.java:logGet(43)) - raft.server.notification.no-leader.timeout = 120s (custom)
2019-10-02 06:57:39,220 [pool-403-thread-1] INFO  server.RaftServerConfigKeys (ConfUtils.java:logGet(43)) - raft.server.log.use.memory = false (default)
2019-10-02 06:57:39,221 [pool-403-thread-1] INFO  server.RaftServerConfigKeys (ConfUtils.java:logGet(43)) - raft.server.log.purge.gap = 1000000 (custom)
2019-10-02 06:57:39,221 [pool-403-thread-1] INFO  server.RaftServerConfigKeys (ConfUtils.java:logGet(43)) - raft.server.log.appender.buffer.byte-limit = 33554432 (custom)
2019-10-02 06:57:39,221 [pool-403-thread-1] INFO  server.RaftServerConfigKeys (ConfUtils.java:logGet(43)) - raft.server.log.segment.size.max = 1048576 (custom)
2019-10-02 06:57:39,225 [pool-403-thread-1] INFO  server.RaftServerConfigKeys (ConfUtils.java:logGet(43)) - raft.server.log.segment.cache.num.max = 2 (custom)
2019-10-02 06:57:39,225 [pool-403-thread-1] INFO  segmented.SegmentedRaftLogWorker (SegmentedRaftLogWorker.java:<init>(173)) - new 5370fe99-4325-4ea8-ac56-56f9f1355838@group-A6C318378E66-SegmentedRaftLogWorker for RaftStorage:Storage Directory /workdir/hadoop-ozone/integration-test/target/test-dir/MiniOzoneClusterImpl-114c4bac-0767-4583-9a80-7f277782f6bb/datanode-2/data/ratis/5e9e508f-8c35-46e5-bccf-a6c318378e66
2019-10-02 06:57:39,225 [pool-403-thread-1] INFO  server.RaftServerConfigKeys (ConfUtils.java:logGet(43)) - raft.server.log.queue.byte-limit = 2147483647 (custom)
2019-10-02 06:57:39,225 [pool-403-thread-1] INFO  server.RaftServerConfigKeys (ConfUtils.java:logGet(43)) - raft.server.log.queue.element-limit = 1024 (custom)
2019-10-02 06:57:39,225 [pool-403-thread-1] INFO  server.RaftServerConfigKeys (ConfUtils.java:logGet(43)) - raft.server.log.segment.size.max = 1048576 (custom)
2019-10-02 06:57:39,226 [pool-403-thread-1] INFO  server.RaftServerConfigKeys (ConfUtils.java:logGet(43)) - raft.server.log.preallocated.size = 16384 (custom)
2019-10-02 06:57:39,226 [pool-403-thread-1] INFO  server.RaftServerConfigKeys (ConfUtils.java:logGet(43)) - raft.server.log.write.buffer.size = 33554432 (custom)
2019-10-02 06:57:39,226 [pool-403-thread-1] INFO  server.RaftServerConfigKeys (ConfUtils.java:logGet(43)) - raft.server.log.force.sync.num = 128 (default)
2019-10-02 06:57:39,226 [pool-403-thread-1] INFO  server.RaftServerConfigKeys (ConfUtils.java:logGet(43)) - raft.server.log.statemachine.data.sync = true (default)
2019-10-02 06:57:39,226 [pool-403-thread-1] INFO  server.RaftServerConfigKeys (ConfUtils.java:logGet(43)) - raft.server.log.statemachine.data.sync.timeout = 10s (default)
2019-10-02 06:57:39,226 [pool-403-thread-1] INFO  server.RaftServerConfigKeys (ConfUtils.java:logGet(43)) - raft.server.log.statemachine.data.sync.timeout.retry = -1 (default)
2019-10-02 06:57:39,227 [pool-403-thread-1] INFO  server.RaftServerConfigKeys (ConfUtils.java:logGet(43)) - raft.server.log.statemachine.data.caching.enabled = true (custom)
2019-10-02 06:57:39,227 [pool-403-thread-1] INFO  segmented.SegmentedRaftLogWorker (SegmentedRaftLogWorker.java:lambda$new$0(128)) - 5370fe99-4325-4ea8-ac56-56f9f1355838@group-A6C318378E66-SegmentedRaftLogWorker: flushIndex: setUnconditionally 0 -> -1
2019-10-02 06:57:39,232 [pool-403-thread-1] INFO  server.RaftServerConfigKeys (ConfUtils.java:logGet(43)) - raft.server.snapshot.auto.trigger.enabled = true (custom)
2019-10-02 06:57:39,232 [pool-403-thread-1] INFO  server.RaftServerConfigKeys (ConfUtils.java:logGet(43)) - raft.server.snapshot.auto.trigger.threshold = 10000 (custom)
2019-10-02 06:57:39,232 [pool-403-thread-1] INFO  server.RaftServerConfigKeys (ConfUtils.java:logGet(43)) - raft.server.snapshot.retention.file.num = 5 (custom)
2019-10-02 06:57:39,232 [pool-403-thread-1] INFO  server.RaftServerConfigKeys (ConfUtils.java:logGet(43)) - raft.server.retrycache.expirytime = 600000ms (custom)
2019-10-02 06:57:39,237 [pool-403-thread-1] INFO  impl.RaftServerImpl (RaftServerImpl.java:start(181)) - 5370fe99-4325-4ea8-ac56-56f9f1355838@group-A6C318378E66: start as a follower, conf=-1: [5370fe99-4325-4ea8-ac56-56f9f1355838:192.168.151.120:43514], old=null
2019-10-02 06:57:39,237 [pool-403-thread-1] INFO  impl.RaftServerImpl (RaftServerImpl.java:setRole(170)) - 5370fe99-4325-4ea8-ac56-56f9f1355838@group-A6C318378E66: changes role from      null to FOLLOWER at term 0 for startAsFollower
2019-10-02 06:57:39,237 [pool-403-thread-1] INFO  impl.RoleInfo (RoleInfo.java:updateAndGet(143)) - 5370fe99-4325-4ea8-ac56-56f9f1355838: start FollowerState
2019-10-02 06:57:39,239 [pool-403-thread-1] INFO  util.JmxRegister (JmxRegister.java:tryRegister(44)) - Successfully registered JMX Bean with object name Ratis:service=RaftServer,group=group-A6C318378E66,id=5370fe99-4325-4ea8-ac56-56f9f1355838
2019-10-02 06:57:39,257 [RatisPipelineUtilsThread] INFO  pipeline.PipelineStateManager (PipelineStateManager.java:addPipeline(56)) - Created pipeline Pipeline[ Id: 5e9e508f-8c35-46e5-bccf-a6c318378e66, Nodes: 5370fe99-4325-4ea8-ac56-56f9f1355838{ip: 192.168.151.120, host: pr-hdds-2226-secures3-8x5vf-3889971208, networkLocation: /default-rack, certSerialId: null}, Type:RATIS, Factor:ONE, State:OPEN]
2019-10-02 06:57:39,279 [grpc-default-executor-7] INFO  impl.RaftServerProxy (RaftServerProxy.java:addNew(89)) - 5370fe99-4325-4ea8-ac56-56f9f1355838: addNew group-9453F3C754D7:[75c431c6-2255-4813-a832-321b7fe043d1:192.168.151.120:46143, 5370fe99-4325-4ea8-ac56-56f9f1355838:192.168.151.120:43514, 691dac14-9c1e-4afc-a420-60831cbc8106:192.168.151.120:45956] returns group-9453F3C754D7:java.util.concurrent.CompletableFuture@27d02f1e[Not completed]
2019-10-02 06:57:39,284 [IPC Server handler 0 on 37736] INFO  net.NetworkTopology (NetworkTopologyImpl.java:add(111)) - Added a new node: /default-rack/3981eb36-c5ec-4917-896d-bb2af3f40476
2019-10-02 06:57:39,284 [IPC Server handler 0 on 37736] INFO  node.SCMNodeManager (SCMNodeManager.java:register(266)) - Registered Data node : 3981eb36-c5ec-4917-896d-bb2af3f40476{ip: 192.168.151.120, host: pr-hdds-2226-secures3-8x5vf-3889971208, networkLocation: /default-rack, certSerialId: null}
2019-10-02 06:57:39,284 [pool-403-thread-1] INFO  impl.RaftServerImpl (RaftServerImpl.java:<init>(95)) - 5370fe99-4325-4ea8-ac56-56f9f1355838: new RaftServerImpl for group-9453F3C754D7:[75c431c6-2255-4813-a832-321b7fe043d1:192.168.151.120:46143, 5370fe99-4325-4ea8-ac56-56f9f1355838:192.168.151.120:43514, 691dac14-9c1e-4afc-a420-60831cbc8106:192.168.151.120:45956] with ContainerStateMachine:uninitialized
2019-10-02 06:57:39,285 [pool-403-thread-1] INFO  server.RaftServerConfigKeys (ConfUtils.java:logGet(43)) - raft.server.rpc.timeout.min = 5s (custom)
2019-10-02 06:57:39,285 [pool-403-thread-1] INFO  server.RaftServerConfigKeys (ConfUtils.java:logGet(43)) - raft.server.rpc.timeout.max = 5200ms (custom)
2019-10-02 06:57:39,285 [grpc-default-executor-7] INFO  impl.RaftServerProxy (RaftServerProxy.java:addNew(89)) - 75c431c6-2255-4813-a832-321b7fe043d1: addNew group-9453F3C754D7:[75c431c6-2255-4813-a832-321b7fe043d1:192.168.151.120:46143, 5370fe99-4325-4ea8-ac56-56f9f1355838:192.168.151.120:43514, 691dac14-9c1e-4afc-a420-60831cbc8106:192.168.151.120:45956] returns group-9453F3C754D7:java.util.concurrent.CompletableFuture@267990fd[Not completed]
2019-10-02 06:57:39,285 [pool-403-thread-1] INFO  server.RaftServerConfigKeys (ConfUtils.java:logGet(43)) - raft.server.rpcslowness.timeout = 120s (custom)
2019-10-02 06:57:39,285 [pool-403-thread-1] INFO  server.RaftServerConfigKeys (ConfUtils.java:logGet(43)) - raft.server.sleep.deviation.threshold = 300 (default)
2019-10-02 06:57:39,285 [pool-403-thread-1] INFO  server.RaftServerConfigKeys (ConfUtils.java:logGet(43)) - raft.server.log.appender.install.snapshot.enabled = false (custom)
2019-10-02 06:57:39,285 [pool-403-thread-1] INFO  impl.RaftServerImpl (ServerState.java:<init>(103)) - 5370fe99-4325-4ea8-ac56-56f9f1355838@group-9453F3C754D7: ConfigurationManager, init=-1: [75c431c6-2255-4813-a832-321b7fe043d1:192.168.151.120:46143, 5370fe99-4325-4ea8-ac56-56f9f1355838:192.168.151.120:43514, 691dac14-9c1e-4afc-a420-60831cbc8106:192.168.151.120:45956], old=null, confs=<EMPTY_MAP>
2019-10-02 06:57:39,285 [pool-403-thread-1] INFO  server.RaftServerConfigKeys (ConfUtils.java:logGet(43)) - raft.server.storage.dir = [/workdir/hadoop-ozone/integration-test/target/test-dir/MiniOzoneClusterImpl-114c4bac-0767-4583-9a80-7f277782f6bb/datanode-2/data/ratis] (custom)
2019-10-02 06:57:39,286 [pool-403-thread-1] INFO  server.RaftServerConfigKeys (ConfUtils.java:logGet(43)) - raft.server.log.corruption.policy = EXCEPTION (default)
2019-10-02 06:57:39,286 [pool-403-thread-1] INFO  storage.RaftStorageDirectory (RaftStorageDirectory.java:analyzeStorage(246)) - The storage directory /workdir/hadoop-ozone/integration-test/target/test-dir/MiniOzoneClusterImpl-114c4bac-0767-4583-9a80-7f277782f6bb/datanode-2/data/ratis/2507c0c0-c9a0-4b6b-a646-9453f3c754d7 does not exist. Creating ...
2019-10-02 06:57:39,287 [pool-393-thread-1] INFO  impl.RaftServerImpl (RaftServerImpl.java:<init>(95)) - 75c431c6-2255-4813-a832-321b7fe043d1: new RaftServerImpl for group-9453F3C754D7:[75c431c6-2255-4813-a832-321b7fe043d1:192.168.151.120:46143, 5370fe99-4325-4ea8-ac56-56f9f1355838:192.168.151.120:43514, 691dac14-9c1e-4afc-a420-60831cbc8106:192.168.151.120:45956] with ContainerStateMachine:uninitialized
2019-10-02 06:57:39,288 [pool-393-thread-1] INFO  server.RaftServerConfigKeys (ConfUtils.java:logGet(43)) - raft.server.rpc.timeout.min = 5s (custom)
2019-10-02 06:57:39,288 [grpc-default-executor-3] INFO  impl.RaftServerProxy (RaftServerProxy.java:addNew(89)) - 691dac14-9c1e-4afc-a420-60831cbc8106: addNew group-9453F3C754D7:[75c431c6-2255-4813-a832-321b7fe043d1:192.168.151.120:46143, 5370fe99-4325-4ea8-ac56-56f9f1355838:192.168.151.120:43514, 691dac14-9c1e-4afc-a420-60831cbc8106:192.168.151.120:45956] returns group-9453F3C754D7:java.util.concurrent.CompletableFuture@2ce4beb6[Not completed]
2019-10-02 06:57:39,288 [pool-393-thread-1] INFO  server.RaftServerConfigKeys (ConfUtils.java:logGet(43)) - raft.server.rpc.timeout.max = 5200ms (custom)
2019-10-02 06:57:39,289 [pool-393-thread-1] INFO  server.RaftServerConfigKeys (ConfUtils.java:logGet(43)) - raft.server.rpcslowness.timeout = 120s (custom)
2019-10-02 06:57:39,289 [pool-393-thread-1] INFO  server.RaftServerConfigKeys (ConfUtils.java:logGet(43)) - raft.server.sleep.deviation.threshold = 300 (default)
2019-10-02 06:57:39,289 [pool-393-thread-1] INFO  server.RaftServerConfigKeys (ConfUtils.java:logGet(43)) - raft.server.log.appender.install.snapshot.enabled = false (custom)
2019-10-02 06:57:39,289 [pool-393-thread-1] INFO  impl.RaftServerImpl (ServerState.java:<init>(103)) - 75c431c6-2255-4813-a832-321b7fe043d1@group-9453F3C754D7: ConfigurationManager, init=-1: [75c431c6-2255-4813-a832-321b7fe043d1:192.168.151.120:46143, 5370fe99-4325-4ea8-ac56-56f9f1355838:192.168.151.120:43514, 691dac14-9c1e-4afc-a420-60831cbc8106:192.168.151.120:45956], old=null, confs=<EMPTY_MAP>
2019-10-02 06:57:39,289 [pool-393-thread-1] INFO  server.RaftServerConfigKeys (ConfUtils.java:logGet(43)) - raft.server.storage.dir = [/workdir/hadoop-ozone/integration-test/target/test-dir/MiniOzoneClusterImpl-114c4bac-0767-4583-9a80-7f277782f6bb/datanode-1/data/ratis] (custom)
2019-10-02 06:57:39,290 [pool-393-thread-1] INFO  server.RaftServerConfigKeys (ConfUtils.java:logGet(43)) - raft.server.log.corruption.policy = EXCEPTION (default)
2019-10-02 06:57:39,290 [pool-393-thread-1] INFO  storage.RaftStorageDirectory (RaftStorageDirectory.java:analyzeStorage(246)) - The storage directory /workdir/hadoop-ozone/integration-test/target/test-dir/MiniOzoneClusterImpl-114c4bac-0767-4583-9a80-7f277782f6bb/datanode-1/data/ratis/2507c0c0-c9a0-4b6b-a646-9453f3c754d7 does not exist. Creating ...
2019-10-02 06:57:39,289 [pool-383-thread-1] INFO  impl.RaftServerImpl (RaftServerImpl.java:<init>(95)) - 691dac14-9c1e-4afc-a420-60831cbc8106: new RaftServerImpl for group-9453F3C754D7:[75c431c6-2255-4813-a832-321b7fe043d1:192.168.151.120:46143, 5370fe99-4325-4ea8-ac56-56f9f1355838:192.168.151.120:43514, 691dac14-9c1e-4afc-a420-60831cbc8106:192.168.151.120:45956] with ContainerStateMachine:uninitialized
2019-10-02 06:57:39,293 [pool-383-thread-1] INFO  server.RaftServerConfigKeys (ConfUtils.java:logGet(43)) - raft.server.rpc.timeout.min = 5s (custom)
2019-10-02 06:57:39,293 [pool-383-thread-1] INFO  server.RaftServerConfigKeys (ConfUtils.java:logGet(43)) - raft.server.rpc.timeout.max = 5200ms (custom)
2019-10-02 06:57:39,293 [pool-383-thread-1] INFO  server.RaftServerConfigKeys (ConfUtils.java:logGet(43)) - raft.server.rpcslowness.timeout = 120s (custom)
2019-10-02 06:57:39,293 [pool-383-thread-1] INFO  server.RaftServerConfigKeys (ConfUtils.java:logGet(43)) - raft.server.sleep.deviation.threshold = 300 (default)
2019-10-02 06:57:39,293 [pool-383-thread-1] INFO  server.RaftServerConfigKeys (ConfUtils.java:logGet(43)) - raft.server.log.appender.install.snapshot.enabled = false (custom)
2019-10-02 06:57:39,293 [pool-383-thread-1] INFO  impl.RaftServerImpl (ServerState.java:<init>(103)) - 691dac14-9c1e-4afc-a420-60831cbc8106@group-9453F3C754D7: ConfigurationManager, init=-1: [75c431c6-2255-4813-a832-321b7fe043d1:192.168.151.120:46143, 5370fe99-4325-4ea8-ac56-56f9f1355838:192.168.151.120:43514, 691dac14-9c1e-4afc-a420-60831cbc8106:192.168.151.120:45956], old=null, confs=<EMPTY_MAP>
2019-10-02 06:57:39,293 [pool-383-thread-1] INFO  server.RaftServerConfigKeys (ConfUtils.java:logGet(43)) - raft.server.storage.dir = [/workdir/hadoop-ozone/integration-test/target/test-dir/MiniOzoneClusterImpl-114c4bac-0767-4583-9a80-7f277782f6bb/datanode-0/data/ratis] (custom)
2019-10-02 06:57:39,294 [pool-383-thread-1] INFO  server.RaftServerConfigKeys (ConfUtils.java:logGet(43)) - raft.server.log.corruption.policy = EXCEPTION (default)
2019-10-02 06:57:39,294 [pool-383-thread-1] INFO  storage.RaftStorageDirectory (RaftStorageDirectory.java:analyzeStorage(246)) - The storage directory /workdir/hadoop-ozone/integration-test/target/test-dir/MiniOzoneClusterImpl-114c4bac-0767-4583-9a80-7f277782f6bb/datanode-0/data/ratis/2507c0c0-c9a0-4b6b-a646-9453f3c754d7 does not exist. Creating ...
2019-10-02 06:57:39,313 [pool-383-thread-1] INFO  storage.RaftStorageDirectory (RaftStorageDirectory.java:tryLock(328)) - Lock on /workdir/hadoop-ozone/integration-test/target/test-dir/MiniOzoneClusterImpl-114c4bac-0767-4583-9a80-7f277782f6bb/datanode-0/data/ratis/2507c0c0-c9a0-4b6b-a646-9453f3c754d7/in_use.lock acquired by nodename 26230@pr-hdds-2226-secures3-8x5vf-3889971208
2019-10-02 06:57:39,313 [pool-393-thread-1] INFO  storage.RaftStorageDirectory (RaftStorageDirectory.java:tryLock(328)) - Lock on /workdir/hadoop-ozone/integration-test/target/test-dir/MiniOzoneClusterImpl-114c4bac-0767-4583-9a80-7f277782f6bb/datanode-1/data/ratis/2507c0c0-c9a0-4b6b-a646-9453f3c754d7/in_use.lock acquired by nodename 26230@pr-hdds-2226-secures3-8x5vf-3889971208
2019-10-02 06:57:39,313 [pool-403-thread-1] INFO  storage.RaftStorageDirectory (RaftStorageDirectory.java:tryLock(328)) - Lock on /workdir/hadoop-ozone/integration-test/target/test-dir/MiniOzoneClusterImpl-114c4bac-0767-4583-9a80-7f277782f6bb/datanode-2/data/ratis/2507c0c0-c9a0-4b6b-a646-9453f3c754d7/in_use.lock acquired by nodename 26230@pr-hdds-2226-secures3-8x5vf-3889971208
2019-10-02 06:57:39,331 [pool-403-thread-1] INFO  storage.RaftStorage (RaftStorage.java:format(84)) - Storage directory /workdir/hadoop-ozone/integration-test/target/test-dir/MiniOzoneClusterImpl-114c4bac-0767-4583-9a80-7f277782f6bb/datanode-2/data/ratis/2507c0c0-c9a0-4b6b-a646-9453f3c754d7 has been successfully formatted.
2019-10-02 06:57:39,332 [pool-403-thread-1] INFO  ratis.ContainerStateMachine (ContainerStateMachine.java:loadSnapshot(230)) - group-9453F3C754D7: The snapshot info is null. Setting the last applied indexto:(t:0, i:~)
2019-10-02 06:57:39,332 [pool-383-thread-1] INFO  storage.RaftStorage (RaftStorage.java:format(84)) - Storage directory /workdir/hadoop-ozone/integration-test/target/test-dir/MiniOzoneClusterImpl-114c4bac-0767-4583-9a80-7f277782f6bb/datanode-0/data/ratis/2507c0c0-c9a0-4b6b-a646-9453f3c754d7 has been successfully formatted.
2019-10-02 06:57:39,332 [pool-393-thread-1] INFO  storage.RaftStorage (RaftStorage.java:format(84)) - Storage directory /workdir/hadoop-ozone/integration-test/target/test-dir/MiniOzoneClusterImpl-114c4bac-0767-4583-9a80-7f277782f6bb/datanode-1/data/ratis/2507c0c0-c9a0-4b6b-a646-9453f3c754d7 has been successfully formatted.
2019-10-02 06:57:39,332 [pool-403-thread-1] INFO  server.RaftServerConfigKeys (ConfUtils.java:logGet(43)) - raft.server.notification.no-leader.timeout = 120s (custom)
2019-10-02 06:57:39,332 [pool-393-thread-1] INFO  ratis.ContainerStateMachine (ContainerStateMachine.java:loadSnapshot(230)) - group-9453F3C754D7: The snapshot info is null. Setting the last applied indexto:(t:0, i:~)
2019-10-02 06:57:39,332 [pool-383-thread-1] INFO  ratis.ContainerStateMachine (ContainerStateMachine.java:loadSnapshot(230)) - group-9453F3C754D7: The snapshot info is null. Setting the last applied indexto:(t:0, i:~)
2019-10-02 06:57:39,332 [pool-393-thread-1] INFO  server.RaftServerConfigKeys (ConfUtils.java:logGet(43)) - raft.server.notification.no-leader.timeout = 120s (custom)
2019-10-02 06:57:39,333 [pool-393-thread-1] INFO  server.RaftServerConfigKeys (ConfUtils.java:logGet(43)) - raft.server.log.use.memory = false (default)
2019-10-02 06:57:39,333 [pool-393-thread-1] INFO  server.RaftServerConfigKeys (ConfUtils.java:logGet(43)) - raft.server.log.purge.gap = 1000000 (custom)
2019-10-02 06:57:39,332 [pool-403-thread-1] INFO  server.RaftServerConfigKeys (ConfUtils.java:logGet(43)) - raft.server.log.use.memory = false (default)
2019-10-02 06:57:39,333 [pool-393-thread-1] INFO  server.RaftServerConfigKeys (ConfUtils.java:logGet(43)) - raft.server.log.appender.buffer.byte-limit = 33554432 (custom)
2019-10-02 06:57:39,333 [pool-383-thread-1] INFO  server.RaftServerConfigKeys (ConfUtils.java:logGet(43)) - raft.server.notification.no-leader.timeout = 120s (custom)
2019-10-02 06:57:39,333 [pool-393-thread-1] INFO  server.RaftServerConfigKeys (ConfUtils.java:logGet(43)) - raft.server.log.segment.size.max = 1048576 (custom)
2019-10-02 06:57:39,333 [pool-403-thread-1] INFO  server.RaftServerConfigKeys (ConfUtils.java:logGet(43)) - raft.server.log.purge.gap = 1000000 (custom)
2019-10-02 06:57:39,334 [pool-393-thread-1] INFO  server.RaftServerConfigKeys (ConfUtils.java:logGet(43)) - raft.server.log.segment.cache.num.max = 2 (custom)
2019-10-02 06:57:39,333 [pool-383-thread-1] INFO  server.RaftServerConfigKeys (ConfUtils.java:logGet(43)) - raft.server.log.use.memory = false (default)
2019-10-02 06:57:39,334 [pool-393-thread-1] INFO  segmented.SegmentedRaftLogWorker (SegmentedRaftLogWorker.java:<init>(173)) - new 75c431c6-2255-4813-a832-321b7fe043d1@group-9453F3C754D7-SegmentedRaftLogWorker for RaftStorage:Storage Directory /workdir/hadoop-ozone/integration-test/target/test-dir/MiniOzoneClusterImpl-114c4bac-0767-4583-9a80-7f277782f6bb/datanode-1/data/ratis/2507c0c0-c9a0-4b6b-a646-9453f3c754d7
2019-10-02 06:57:39,334 [pool-403-thread-1] INFO  server.RaftServerConfigKeys (ConfUtils.java:logGet(43)) - raft.server.log.appender.buffer.byte-limit = 33554432 (custom)
2019-10-02 06:57:39,334 [pool-393-thread-1] INFO  server.RaftServerConfigKeys (ConfUtils.java:logGet(43)) - raft.server.log.queue.byte-limit = 2147483647 (custom)
2019-10-02 06:57:39,334 [pool-383-thread-1] INFO  server.RaftServerConfigKeys (ConfUtils.java:logGet(43)) - raft.server.log.purge.gap = 1000000 (custom)
2019-10-02 06:57:39,334 [pool-383-thread-1] INFO  server.RaftServerConfigKeys (ConfUtils.java:logGet(43)) - raft.server.log.appender.buffer.byte-limit = 33554432 (custom)
2019-10-02 06:57:39,334 [pool-393-thread-1] INFO  server.RaftServerConfigKeys (ConfUtils.java:logGet(43)) - raft.server.log.queue.element-limit = 1024 (custom)
2019-10-02 06:57:39,334 [pool-403-thread-1] INFO  server.RaftServerConfigKeys (ConfUtils.java:logGet(43)) - raft.server.log.segment.size.max = 1048576 (custom)
2019-10-02 06:57:39,335 [pool-393-thread-1] INFO  server.RaftServerConfigKeys (ConfUtils.java:logGet(43)) - raft.server.log.segment.size.max = 1048576 (custom)
2019-10-02 06:57:39,335 [pool-393-thread-1] INFO  server.RaftServerConfigKeys (ConfUtils.java:logGet(43)) - raft.server.log.preallocated.size = 16384 (custom)
2019-10-02 06:57:39,335 [pool-393-thread-1] INFO  server.RaftServerConfigKeys (ConfUtils.java:logGet(43)) - raft.server.log.write.buffer.size = 33554432 (custom)
2019-10-02 06:57:39,335 [pool-393-thread-1] INFO  server.RaftServerConfigKeys (ConfUtils.java:logGet(43)) - raft.server.log.force.sync.num = 128 (default)
2019-10-02 06:57:39,335 [pool-393-thread-1] INFO  server.RaftServerConfigKeys (ConfUtils.java:logGet(43)) - raft.server.log.statemachine.data.sync = true (default)
2019-10-02 06:57:39,335 [pool-383-thread-1] INFO  server.RaftServerConfigKeys (ConfUtils.java:logGet(43)) - raft.server.log.segment.size.max = 1048576 (custom)
2019-10-02 06:57:39,335 [pool-393-thread-1] INFO  server.RaftServerConfigKeys (ConfUtils.java:logGet(43)) - raft.server.log.statemachine.data.sync.timeout = 10s (default)
2019-10-02 06:57:39,335 [pool-403-thread-1] INFO  server.RaftServerConfigKeys (ConfUtils.java:logGet(43)) - raft.server.log.segment.cache.num.max = 2 (custom)
2019-10-02 06:57:39,336 [pool-393-thread-1] INFO  server.RaftServerConfigKeys (ConfUtils.java:logGet(43)) - raft.server.log.statemachine.data.sync.timeout.retry = -1 (default)
2019-10-02 06:57:39,336 [pool-393-thread-1] INFO  server.RaftServerConfigKeys (ConfUtils.java:logGet(43)) - raft.server.log.statemachine.data.caching.enabled = true (custom)
2019-10-02 06:57:39,336 [pool-393-thread-1] INFO  segmented.SegmentedRaftLogWorker (SegmentedRaftLogWorker.java:lambda$new$0(128)) - 75c431c6-2255-4813-a832-321b7fe043d1@group-9453F3C754D7-SegmentedRaftLogWorker: flushIndex: setUnconditionally 0 -> -1
2019-10-02 06:57:39,336 [pool-383-thread-1] INFO  server.RaftServerConfigKeys (ConfUtils.java:logGet(43)) - raft.server.log.segment.cache.num.max = 2 (custom)
2019-10-02 06:57:39,337 [pool-383-thread-1] INFO  segmented.SegmentedRaftLogWorker (SegmentedRaftLogWorker.java:<init>(173)) - new 691dac14-9c1e-4afc-a420-60831cbc8106@group-9453F3C754D7-SegmentedRaftLogWorker for RaftStorage:Storage Directory /workdir/hadoop-ozone/integration-test/target/test-dir/MiniOzoneClusterImpl-114c4bac-0767-4583-9a80-7f277782f6bb/datanode-0/data/ratis/2507c0c0-c9a0-4b6b-a646-9453f3c754d7
2019-10-02 06:57:39,337 [pool-383-thread-1] INFO  server.RaftServerConfigKeys (ConfUtils.java:logGet(43)) - raft.server.log.queue.byte-limit = 2147483647 (custom)
2019-10-02 06:57:39,337 [pool-383-thread-1] INFO  server.RaftServerConfigKeys (ConfUtils.java:logGet(43)) - raft.server.log.queue.element-limit = 1024 (custom)
2019-10-02 06:57:39,337 [pool-383-thread-1] INFO  server.RaftServerConfigKeys (ConfUtils.java:logGet(43)) - raft.server.log.segment.size.max = 1048576 (custom)
2019-10-02 06:57:39,337 [pool-383-thread-1] INFO  server.RaftServerConfigKeys (ConfUtils.java:logGet(43)) - raft.server.log.preallocated.size = 16384 (custom)
2019-10-02 06:57:39,337 [pool-383-thread-1] INFO  server.RaftServerConfigKeys (ConfUtils.java:logGet(43)) - raft.server.log.write.buffer.size = 33554432 (custom)
2019-10-02 06:57:39,337 [pool-383-thread-1] INFO  server.RaftServerConfigKeys (ConfUtils.java:logGet(43)) - raft.server.log.force.sync.num = 128 (default)
2019-10-02 06:57:39,338 [pool-383-thread-1] INFO  server.RaftServerConfigKeys (ConfUtils.java:logGet(43)) - raft.server.log.statemachine.data.sync = true (default)
2019-10-02 06:57:39,336 [pool-403-thread-1] INFO  segmented.SegmentedRaftLogWorker (SegmentedRaftLogWorker.java:<init>(173)) - new 5370fe99-4325-4ea8-ac56-56f9f1355838@group-9453F3C754D7-SegmentedRaftLogWorker for RaftStorage:Storage Directory /workdir/hadoop-ozone/integration-test/target/test-dir/MiniOzoneClusterImpl-114c4bac-0767-4583-9a80-7f277782f6bb/datanode-2/data/ratis/2507c0c0-c9a0-4b6b-a646-9453f3c754d7
2019-10-02 06:57:39,338 [pool-403-thread-1] INFO  server.RaftServerConfigKeys (ConfUtils.java:logGet(43)) - raft.server.log.queue.byte-limit = 2147483647 (custom)
2019-10-02 06:57:39,339 [pool-403-thread-1] INFO  server.RaftServerConfigKeys (ConfUtils.java:logGet(43)) - raft.server.log.queue.element-limit = 1024 (custom)
2019-10-02 06:57:39,339 [pool-403-thread-1] INFO  server.RaftServerConfigKeys (ConfUtils.java:logGet(43)) - raft.server.log.segment.size.max = 1048576 (custom)
2019-10-02 06:57:39,339 [pool-403-thread-1] INFO  server.RaftServerConfigKeys (ConfUtils.java:logGet(43)) - raft.server.log.preallocated.size = 16384 (custom)
2019-10-02 06:57:39,339 [pool-403-thread-1] INFO  server.RaftServerConfigKeys (ConfUtils.java:logGet(43)) - raft.server.log.write.buffer.size = 33554432 (custom)
2019-10-02 06:57:39,339 [pool-403-thread-1] INFO  server.RaftServerConfigKeys (ConfUtils.java:logGet(43)) - raft.server.log.force.sync.num = 128 (default)
2019-10-02 06:57:39,339 [pool-403-thread-1] INFO  server.RaftServerConfigKeys (ConfUtils.java:logGet(43)) - raft.server.log.statemachine.data.sync = true (default)
2019-10-02 06:57:39,339 [pool-403-thread-1] INFO  server.RaftServerConfigKeys (ConfUtils.java:logGet(43)) - raft.server.log.statemachine.data.sync.timeout = 10s (default)
2019-10-02 06:57:39,337 [pool-393-thread-1] INFO  server.RaftServerConfigKeys (ConfUtils.java:logGet(43)) - raft.server.snapshot.auto.trigger.enabled = true (custom)
2019-10-02 06:57:39,340 [pool-383-thread-1] INFO  server.RaftServerConfigKeys (ConfUtils.java:logGet(43)) - raft.server.log.statemachine.data.sync.timeout = 10s (default)
2019-10-02 06:57:39,340 [pool-383-thread-1] INFO  server.RaftServerConfigKeys (ConfUtils.java:logGet(43)) - raft.server.log.statemachine.data.sync.timeout.retry = -1 (default)
2019-10-02 06:57:39,340 [pool-383-thread-1] INFO  server.RaftServerConfigKeys (ConfUtils.java:logGet(43)) - raft.server.log.statemachine.data.caching.enabled = true (custom)
2019-10-02 06:57:39,340 [pool-383-thread-1] INFO  segmented.SegmentedRaftLogWorker (SegmentedRaftLogWorker.java:lambda$new$0(128)) - 691dac14-9c1e-4afc-a420-60831cbc8106@group-9453F3C754D7-SegmentedRaftLogWorker: flushIndex: setUnconditionally 0 -> -1
2019-10-02 06:57:39,339 [pool-403-thread-1] INFO  server.RaftServerConfigKeys (ConfUtils.java:logGet(43)) - raft.server.log.statemachine.data.sync.timeout.retry = -1 (default)
2019-10-02 06:57:39,340 [pool-383-thread-1] INFO  server.RaftServerConfigKeys (ConfUtils.java:logGet(43)) - raft.server.snapshot.auto.trigger.enabled = true (custom)
2019-10-02 06:57:39,340 [pool-393-thread-1] INFO  server.RaftServerConfigKeys (ConfUtils.java:logGet(43)) - raft.server.snapshot.auto.trigger.threshold = 10000 (custom)
2019-10-02 06:57:39,341 [pool-383-thread-1] INFO  server.RaftServerConfigKeys (ConfUtils.java:logGet(43)) - raft.server.snapshot.auto.trigger.threshold = 10000 (custom)
2019-10-02 06:57:39,341 [pool-383-thread-1] INFO  server.RaftServerConfigKeys (ConfUtils.java:logGet(43)) - raft.server.snapshot.retention.file.num = 5 (custom)
2019-10-02 06:57:39,341 [pool-383-thread-1] INFO  server.RaftServerConfigKeys (ConfUtils.java:logGet(43)) - raft.server.retrycache.expirytime = 600000ms (custom)
2019-10-02 06:57:39,340 [pool-403-thread-1] INFO  server.RaftServerConfigKeys (ConfUtils.java:logGet(43)) - raft.server.log.statemachine.data.caching.enabled = true (custom)
2019-10-02 06:57:39,341 [pool-393-thread-1] INFO  server.RaftServerConfigKeys (ConfUtils.java:logGet(43)) - raft.server.snapshot.retention.file.num = 5 (custom)
2019-10-02 06:57:39,341 [pool-403-thread-1] INFO  segmented.SegmentedRaftLogWorker (SegmentedRaftLogWorker.java:lambda$new$0(128)) - 5370fe99-4325-4ea8-ac56-56f9f1355838@group-9453F3C754D7-SegmentedRaftLogWorker: flushIndex: setUnconditionally 0 -> -1
2019-10-02 06:57:39,341 [pool-393-thread-1] INFO  server.RaftServerConfigKeys (ConfUtils.java:logGet(43)) - raft.server.retrycache.expirytime = 600000ms (custom)
2019-10-02 06:57:39,342 [pool-403-thread-1] INFO  server.RaftServerConfigKeys (ConfUtils.java:logGet(43)) - raft.server.snapshot.auto.trigger.enabled = true (custom)
2019-10-02 06:57:39,342 [pool-403-thread-1] INFO  server.RaftServerConfigKeys (ConfUtils.java:logGet(43)) - raft.server.snapshot.auto.trigger.threshold = 10000 (custom)
2019-10-02 06:57:39,342 [pool-403-thread-1] INFO  server.RaftServerConfigKeys (ConfUtils.java:logGet(43)) - raft.server.snapshot.retention.file.num = 5 (custom)
2019-10-02 06:57:39,343 [pool-403-thread-1] INFO  server.RaftServerConfigKeys (ConfUtils.java:logGet(43)) - raft.server.retrycache.expirytime = 600000ms (custom)
2019-10-02 06:57:39,347 [pool-393-thread-1] INFO  impl.RaftServerImpl (RaftServerImpl.java:start(181)) - 75c431c6-2255-4813-a832-321b7fe043d1@group-9453F3C754D7: start as a follower, conf=-1: [75c431c6-2255-4813-a832-321b7fe043d1:192.168.151.120:46143, 5370fe99-4325-4ea8-ac56-56f9f1355838:192.168.151.120:43514, 691dac14-9c1e-4afc-a420-60831cbc8106:192.168.151.120:45956], old=null
2019-10-02 06:57:39,347 [pool-393-thread-1] INFO  impl.RaftServerImpl (RaftServerImpl.java:setRole(170)) - 75c431c6-2255-4813-a832-321b7fe043d1@group-9453F3C754D7: changes role from      null to FOLLOWER at term 0 for startAsFollower
2019-10-02 06:57:39,348 [pool-393-thread-1] INFO  impl.RoleInfo (RoleInfo.java:updateAndGet(143)) - 75c431c6-2255-4813-a832-321b7fe043d1: start FollowerState
2019-10-02 06:57:39,348 [pool-383-thread-1] INFO  impl.RaftServerImpl (RaftServerImpl.java:start(181)) - 691dac14-9c1e-4afc-a420-60831cbc8106@group-9453F3C754D7: start as a follower, conf=-1: [75c431c6-2255-4813-a832-321b7fe043d1:192.168.151.120:46143, 5370fe99-4325-4ea8-ac56-56f9f1355838:192.168.151.120:43514, 691dac14-9c1e-4afc-a420-60831cbc8106:192.168.151.120:45956], old=null
2019-10-02 06:57:39,348 [pool-383-thread-1] INFO  impl.RaftServerImpl (RaftServerImpl.java:setRole(170)) - 691dac14-9c1e-4afc-a420-60831cbc8106@group-9453F3C754D7: changes role from      null to FOLLOWER at term 0 for startAsFollower
2019-10-02 06:57:39,348 [pool-393-thread-1] INFO  util.JmxRegister (JmxRegister.java:tryRegister(44)) - Successfully registered JMX Bean with object name Ratis:service=RaftServer,group=group-9453F3C754D7,id=75c431c6-2255-4813-a832-321b7fe043d1
2019-10-02 06:57:39,348 [pool-403-thread-1] INFO  impl.RaftServerImpl (RaftServerImpl.java:start(181)) - 5370fe99-4325-4ea8-ac56-56f9f1355838@group-9453F3C754D7: start as a follower, conf=-1: [75c431c6-2255-4813-a832-321b7fe043d1:192.168.151.120:46143, 5370fe99-4325-4ea8-ac56-56f9f1355838:192.168.151.120:43514, 691dac14-9c1e-4afc-a420-60831cbc8106:192.168.151.120:45956], old=null
2019-10-02 06:57:39,348 [pool-403-thread-1] INFO  impl.RaftServerImpl (RaftServerImpl.java:setRole(170)) - 5370fe99-4325-4ea8-ac56-56f9f1355838@group-9453F3C754D7: changes role from      null to FOLLOWER at term 0 for startAsFollower
2019-10-02 06:57:39,348 [pool-383-thread-1] INFO  impl.RoleInfo (RoleInfo.java:updateAndGet(143)) - 691dac14-9c1e-4afc-a420-60831cbc8106: start FollowerState
2019-10-02 06:57:39,348 [pool-403-thread-1] INFO  impl.RoleInfo (RoleInfo.java:updateAndGet(143)) - 5370fe99-4325-4ea8-ac56-56f9f1355838: start FollowerState
2019-10-02 06:57:39,349 [pool-383-thread-1] INFO  util.JmxRegister (JmxRegister.java:tryRegister(44)) - Successfully registered JMX Bean with object name Ratis:service=RaftServer,group=group-9453F3C754D7,id=691dac14-9c1e-4afc-a420-60831cbc8106
2019-10-02 06:57:39,349 [pool-403-thread-1] INFO  util.JmxRegister (JmxRegister.java:tryRegister(44)) - Successfully registered JMX Bean with object name Ratis:service=RaftServer,group=group-9453F3C754D7,id=5370fe99-4325-4ea8-ac56-56f9f1355838
2019-10-02 06:57:39,358 [IPC Server handler 2 on 37736] INFO  net.NetworkTopology (NetworkTopologyImpl.java:add(111)) - Added a new node: /default-rack/c1a77776-d685-4580-b612-a6b6b0cb1b67
2019-10-02 06:57:39,358 [IPC Server handler 2 on 37736] INFO  node.SCMNodeManager (SCMNodeManager.java:register(266)) - Registered Data node : c1a77776-d685-4580-b612-a6b6b0cb1b67{ip: 192.168.151.120, host: pr-hdds-2226-secures3-8x5vf-3889971208, networkLocation: /default-rack, certSerialId: null}
2019-10-02 06:57:39,380 [RatisPipelineUtilsThread] INFO  pipeline.PipelineStateManager (PipelineStateManager.java:addPipeline(56)) - Created pipeline Pipeline[ Id: 2507c0c0-c9a0-4b6b-a646-9453f3c754d7, Nodes: 691dac14-9c1e-4afc-a420-60831cbc8106{ip: 192.168.151.120, host: pr-hdds-2226-secures3-8x5vf-3889971208, networkLocation: /default-rack, certSerialId: null}5370fe99-4325-4ea8-ac56-56f9f1355838{ip: 192.168.151.120, host: pr-hdds-2226-secures3-8x5vf-3889971208, networkLocation: /default-rack, certSerialId: null}75c431c6-2255-4813-a832-321b7fe043d1{ip: 192.168.151.120, host: pr-hdds-2226-secures3-8x5vf-3889971208, networkLocation: /default-rack, certSerialId: null}, Type:RATIS, Factor:THREE, State:OPEN]
2019-10-02 06:57:39,433 [IPC Server handler 3 on 37736] INFO  net.NetworkTopology (NetworkTopologyImpl.java:add(111)) - Added a new node: /default-rack/21f5d1c6-2777-47f5-89cb-52ebd6bc2dd1
2019-10-02 06:57:39,433 [IPC Server handler 3 on 37736] INFO  node.SCMNodeManager (SCMNodeManager.java:register(266)) - Registered Data node : 21f5d1c6-2777-47f5-89cb-52ebd6bc2dd1{ip: 192.168.151.120, host: pr-hdds-2226-secures3-8x5vf-3889971208, networkLocation: /default-rack, certSerialId: null}
2019-10-02 06:57:39,442 [grpc-default-executor-3] INFO  impl.RaftServerProxy (RaftServerProxy.java:addNew(89)) - 3981eb36-c5ec-4917-896d-bb2af3f40476: addNew group-FBD81A9C0FF8:[3981eb36-c5ec-4917-896d-bb2af3f40476:192.168.151.120:45086] returns group-FBD81A9C0FF8:java.util.concurrent.CompletableFuture@113290b3[Not completed]
2019-10-02 06:57:39,447 [pool-413-thread-1] INFO  impl.RaftServerImpl (RaftServerImpl.java:<init>(95)) - 3981eb36-c5ec-4917-896d-bb2af3f40476: new RaftServerImpl for group-FBD81A9C0FF8:[3981eb36-c5ec-4917-896d-bb2af3f40476:192.168.151.120:45086] with ContainerStateMachine:uninitialized
2019-10-02 06:57:39,448 [pool-413-thread-1] INFO  server.RaftServerConfigKeys (ConfUtils.java:logGet(43)) - raft.server.rpc.timeout.min = 5s (custom)
2019-10-02 06:57:39,448 [pool-413-thread-1] INFO  server.RaftServerConfigKeys (ConfUtils.java:logGet(43)) - raft.server.rpc.timeout.max = 5200ms (custom)
2019-10-02 06:57:39,448 [pool-413-thread-1] INFO  server.RaftServerConfigKeys (ConfUtils.java:logGet(43)) - raft.server.rpcslowness.timeout = 120s (custom)
2019-10-02 06:57:39,448 [pool-413-thread-1] INFO  server.RaftServerConfigKeys (ConfUtils.java:logGet(43)) - raft.server.sleep.deviation.threshold = 300 (default)
2019-10-02 06:57:39,448 [pool-413-thread-1] INFO  server.RaftServerConfigKeys (ConfUtils.java:logGet(43)) - raft.server.log.appender.install.snapshot.enabled = false (custom)
2019-10-02 06:57:39,448 [pool-413-thread-1] INFO  impl.RaftServerImpl (ServerState.java:<init>(103)) - 3981eb36-c5ec-4917-896d-bb2af3f40476@group-FBD81A9C0FF8: ConfigurationManager, init=-1: [3981eb36-c5ec-4917-896d-bb2af3f40476:192.168.151.120:45086], old=null, confs=<EMPTY_MAP>
2019-10-02 06:57:39,449 [pool-413-thread-1] INFO  server.RaftServerConfigKeys (ConfUtils.java:logGet(43)) - raft.server.storage.dir = [/workdir/hadoop-ozone/integration-test/target/test-dir/MiniOzoneClusterImpl-114c4bac-0767-4583-9a80-7f277782f6bb/datanode-3/data/ratis] (custom)
2019-10-02 06:57:39,449 [pool-413-thread-1] INFO  server.RaftServerConfigKeys (ConfUtils.java:logGet(43)) - raft.server.log.corruption.policy = EXCEPTION (default)
2019-10-02 06:57:39,449 [pool-413-thread-1] INFO  storage.RaftStorageDirectory (RaftStorageDirectory.java:analyzeStorage(246)) - The storage directory /workdir/hadoop-ozone/integration-test/target/test-dir/MiniOzoneClusterImpl-114c4bac-0767-4583-9a80-7f277782f6bb/datanode-3/data/ratis/bbe03666-42ef-4ee4-9bdc-fbd81a9c0ff8 does not exist. Creating ...
2019-10-02 06:57:39,462 [pool-413-thread-1] INFO  storage.RaftStorageDirectory (RaftStorageDirectory.java:tryLock(328)) - Lock on /workdir/hadoop-ozone/integration-test/target/test-dir/MiniOzoneClusterImpl-114c4bac-0767-4583-9a80-7f277782f6bb/datanode-3/data/ratis/bbe03666-42ef-4ee4-9bdc-fbd81a9c0ff8/in_use.lock acquired by nodename 26230@pr-hdds-2226-secures3-8x5vf-3889971208
2019-10-02 06:57:39,475 [pool-413-thread-1] INFO  storage.RaftStorage (RaftStorage.java:format(84)) - Storage directory /workdir/hadoop-ozone/integration-test/target/test-dir/MiniOzoneClusterImpl-114c4bac-0767-4583-9a80-7f277782f6bb/datanode-3/data/ratis/bbe03666-42ef-4ee4-9bdc-fbd81a9c0ff8 has been successfully formatted.
2019-10-02 06:57:39,475 [pool-413-thread-1] INFO  ratis.ContainerStateMachine (ContainerStateMachine.java:loadSnapshot(230)) - group-FBD81A9C0FF8: The snapshot info is null. Setting the last applied indexto:(t:0, i:~)
2019-10-02 06:57:39,476 [pool-413-thread-1] INFO  server.RaftServerConfigKeys (ConfUtils.java:logGet(43)) - raft.server.notification.no-leader.timeout = 120s (custom)
2019-10-02 06:57:39,476 [pool-413-thread-1] INFO  server.RaftServerConfigKeys (ConfUtils.java:logGet(43)) - raft.server.log.use.memory = false (default)
2019-10-02 06:57:39,476 [pool-413-thread-1] INFO  server.RaftServerConfigKeys (ConfUtils.java:logGet(43)) - raft.server.log.purge.gap = 1000000 (custom)
2019-10-02 06:57:39,476 [pool-413-thread-1] INFO  server.RaftServerConfigKeys (ConfUtils.java:logGet(43)) - raft.server.log.appender.buffer.byte-limit = 33554432 (custom)
2019-10-02 06:57:39,476 [pool-413-thread-1] INFO  server.RaftServerConfigKeys (ConfUtils.java:logGet(43)) - raft.server.log.segment.size.max = 1048576 (custom)
2019-10-02 06:57:39,479 [pool-413-thread-1] INFO  server.RaftServerConfigKeys (ConfUtils.java:logGet(43)) - raft.server.log.segment.cache.num.max = 2 (custom)
2019-10-02 06:57:39,479 [pool-413-thread-1] INFO  segmented.SegmentedRaftLogWorker (SegmentedRaftLogWorker.java:<init>(173)) - new 3981eb36-c5ec-4917-896d-bb2af3f40476@group-FBD81A9C0FF8-SegmentedRaftLogWorker for RaftStorage:Storage Directory /workdir/hadoop-ozone/integration-test/target/test-dir/MiniOzoneClusterImpl-114c4bac-0767-4583-9a80-7f277782f6bb/datanode-3/data/ratis/bbe03666-42ef-4ee4-9bdc-fbd81a9c0ff8
2019-10-02 06:57:39,479 [pool-413-thread-1] INFO  server.RaftServerConfigKeys (ConfUtils.java:logGet(43)) - raft.server.log.queue.byte-limit = 2147483647 (custom)
2019-10-02 06:57:39,479 [pool-413-thread-1] INFO  server.RaftServerConfigKeys (ConfUtils.java:logGet(43)) - raft.server.log.queue.element-limit = 1024 (custom)
2019-10-02 06:57:39,479 [pool-413-thread-1] INFO  server.RaftServerConfigKeys (ConfUtils.java:logGet(43)) - raft.server.log.segment.size.max = 1048576 (custom)
2019-10-02 06:57:39,480 [pool-413-thread-1] INFO  server.RaftServerConfigKeys (ConfUtils.java:logGet(43)) - raft.server.log.preallocated.size = 16384 (custom)
2019-10-02 06:57:39,480 [pool-413-thread-1] INFO  server.RaftServerConfigKeys (ConfUtils.java:logGet(43)) - raft.server.log.write.buffer.size = 33554432 (custom)
2019-10-02 06:57:39,480 [pool-413-thread-1] INFO  server.RaftServerConfigKeys (ConfUtils.java:logGet(43)) - raft.server.log.force.sync.num = 128 (default)
2019-10-02 06:57:39,480 [pool-413-thread-1] INFO  server.RaftServerConfigKeys (ConfUtils.java:logGet(43)) - raft.server.log.statemachine.data.sync = true (default)
2019-10-02 06:57:39,480 [pool-413-thread-1] INFO  server.RaftServerConfigKeys (ConfUtils.java:logGet(43)) - raft.server.log.statemachine.data.sync.timeout = 10s (default)
2019-10-02 06:57:39,480 [pool-413-thread-1] INFO  server.RaftServerConfigKeys (ConfUtils.java:logGet(43)) - raft.server.log.statemachine.data.sync.timeout.retry = -1 (default)
2019-10-02 06:57:39,481 [pool-413-thread-1] INFO  server.RaftServerConfigKeys (ConfUtils.java:logGet(43)) - raft.server.log.statemachine.data.caching.enabled = true (custom)
2019-10-02 06:57:39,481 [pool-413-thread-1] INFO  segmented.SegmentedRaftLogWorker (SegmentedRaftLogWorker.java:lambda$new$0(128)) - 3981eb36-c5ec-4917-896d-bb2af3f40476@group-FBD81A9C0FF8-SegmentedRaftLogWorker: flushIndex: setUnconditionally 0 -> -1
2019-10-02 06:57:39,483 [pool-413-thread-1] INFO  server.RaftServerConfigKeys (ConfUtils.java:logGet(43)) - raft.server.snapshot.auto.trigger.enabled = true (custom)
2019-10-02 06:57:39,483 [pool-413-thread-1] INFO  server.RaftServerConfigKeys (ConfUtils.java:logGet(43)) - raft.server.snapshot.auto.trigger.threshold = 10000 (custom)
2019-10-02 06:57:39,483 [pool-413-thread-1] INFO  server.RaftServerConfigKeys (ConfUtils.java:logGet(43)) - raft.server.snapshot.retention.file.num = 5 (custom)
2019-10-02 06:57:39,483 [pool-413-thread-1] INFO  server.RaftServerConfigKeys (ConfUtils.java:logGet(43)) - raft.server.retrycache.expirytime = 600000ms (custom)
2019-10-02 06:57:39,485 [pool-413-thread-1] INFO  impl.RaftServerImpl (RaftServerImpl.java:start(181)) - 3981eb36-c5ec-4917-896d-bb2af3f40476@group-FBD81A9C0FF8: start as a follower, conf=-1: [3981eb36-c5ec-4917-896d-bb2af3f40476:192.168.151.120:45086], old=null
2019-10-02 06:57:39,485 [pool-413-thread-1] INFO  impl.RaftServerImpl (RaftServerImpl.java:setRole(170)) - 3981eb36-c5ec-4917-896d-bb2af3f40476@group-FBD81A9C0FF8: changes role from      null to FOLLOWER at term 0 for startAsFollower
2019-10-02 06:57:39,485 [pool-413-thread-1] INFO  impl.RoleInfo (RoleInfo.java:updateAndGet(143)) - 3981eb36-c5ec-4917-896d-bb2af3f40476: start FollowerState
2019-10-02 06:57:39,486 [pool-413-thread-1] INFO  util.JmxRegister (JmxRegister.java:tryRegister(44)) - Successfully registered JMX Bean with object name Ratis:service=RaftServer,group=group-FBD81A9C0FF8,id=3981eb36-c5ec-4917-896d-bb2af3f40476
2019-10-02 06:57:39,501 [RatisPipelineUtilsThread] INFO  pipeline.PipelineStateManager (PipelineStateManager.java:addPipeline(56)) - Created pipeline Pipeline[ Id: bbe03666-42ef-4ee4-9bdc-fbd81a9c0ff8, Nodes: 3981eb36-c5ec-4917-896d-bb2af3f40476{ip: 192.168.151.120, host: pr-hdds-2226-secures3-8x5vf-3889971208, networkLocation: /default-rack, certSerialId: null}, Type:RATIS, Factor:ONE, State:OPEN]
2019-10-02 06:57:39,506 [IPC Server handler 6 on 37736] INFO  net.NetworkTopology (NetworkTopologyImpl.java:add(111)) - Added a new node: /default-rack/56af948b-10c2-4e9d-9b51-152604f99203
2019-10-02 06:57:39,507 [IPC Server handler 6 on 37736] INFO  node.SCMNodeManager (SCMNodeManager.java:register(266)) - Registered Data node : 56af948b-10c2-4e9d-9b51-152604f99203{ip: 192.168.151.120, host: pr-hdds-2226-secures3-8x5vf-3889971208, networkLocation: /default-rack, certSerialId: null}
2019-10-02 06:57:39,508 [main] INFO  ozone.MiniOzoneClusterImpl (MiniOzoneClusterImpl.java:lambda$waitForClusterToBeReady$0(147)) - Cluster is ready. Got 7 of 7 DN Heartbeats.
2019-10-02 06:57:39,512 [grpc-default-executor-3] INFO  impl.RaftServerProxy (RaftServerProxy.java:addNew(89)) - c1a77776-d685-4580-b612-a6b6b0cb1b67: addNew group-226431664D08:[c1a77776-d685-4580-b612-a6b6b0cb1b67:192.168.151.120:34250] returns group-226431664D08:java.util.concurrent.CompletableFuture@6e6cc8fa[Not completed]
2019-10-02 06:57:39,513 [pool-423-thread-1] INFO  impl.RaftServerImpl (RaftServerImpl.java:<init>(95)) - c1a77776-d685-4580-b612-a6b6b0cb1b67: new RaftServerImpl for group-226431664D08:[c1a77776-d685-4580-b612-a6b6b0cb1b67:192.168.151.120:34250] with ContainerStateMachine:uninitialized
2019-10-02 06:57:39,513 [pool-423-thread-1] INFO  server.RaftServerConfigKeys (ConfUtils.java:logGet(43)) - raft.server.rpc.timeout.min = 5s (custom)
2019-10-02 06:57:39,513 [pool-423-thread-1] INFO  server.RaftServerConfigKeys (ConfUtils.java:logGet(43)) - raft.server.rpc.timeout.max = 5200ms (custom)
2019-10-02 06:57:39,513 [pool-423-thread-1] INFO  server.RaftServerConfigKeys (ConfUtils.java:logGet(43)) - raft.server.rpcslowness.timeout = 120s (custom)
2019-10-02 06:57:39,513 [pool-423-thread-1] INFO  server.RaftServerConfigKeys (ConfUtils.java:logGet(43)) - raft.server.sleep.deviation.threshold = 300 (default)
2019-10-02 06:57:39,513 [pool-423-thread-1] INFO  server.RaftServerConfigKeys (ConfUtils.java:logGet(43)) - raft.server.log.appender.install.snapshot.enabled = false (custom)
2019-10-02 06:57:39,513 [pool-423-thread-1] INFO  impl.RaftServerImpl (ServerState.java:<init>(103)) - c1a77776-d685-4580-b612-a6b6b0cb1b67@group-226431664D08: ConfigurationManager, init=-1: [c1a77776-d685-4580-b612-a6b6b0cb1b67:192.168.151.120:34250], old=null, confs=<EMPTY_MAP>
2019-10-02 06:57:39,513 [pool-423-thread-1] INFO  server.RaftServerConfigKeys (ConfUtils.java:logGet(43)) - raft.server.storage.dir = [/workdir/hadoop-ozone/integration-test/target/test-dir/MiniOzoneClusterImpl-114c4bac-0767-4583-9a80-7f277782f6bb/datanode-4/data/ratis] (custom)
2019-10-02 06:57:39,514 [pool-423-thread-1] INFO  server.RaftServerConfigKeys (ConfUtils.java:logGet(43)) - raft.server.log.corruption.policy = EXCEPTION (default)
2019-10-02 06:57:39,514 [pool-423-thread-1] INFO  storage.RaftStorageDirectory (RaftStorageDirectory.java:analyzeStorage(246)) - The storage directory /workdir/hadoop-ozone/integration-test/target/test-dir/MiniOzoneClusterImpl-114c4bac-0767-4583-9a80-7f277782f6bb/datanode-4/data/ratis/8d194bd4-b4b8-43ed-9c3a-226431664d08 does not exist. Creating ...
2019-10-02 06:57:39,527 [pool-423-thread-1] INFO  storage.RaftStorageDirectory (RaftStorageDirectory.java:tryLock(328)) - Lock on /workdir/hadoop-ozone/integration-test/target/test-dir/MiniOzoneClusterImpl-114c4bac-0767-4583-9a80-7f277782f6bb/datanode-4/data/ratis/8d194bd4-b4b8-43ed-9c3a-226431664d08/in_use.lock acquired by nodename 26230@pr-hdds-2226-secures3-8x5vf-3889971208
2019-10-02 06:57:39,545 [pool-423-thread-1] INFO  storage.RaftStorage (RaftStorage.java:format(84)) - Storage directory /workdir/hadoop-ozone/integration-test/target/test-dir/MiniOzoneClusterImpl-114c4bac-0767-4583-9a80-7f277782f6bb/datanode-4/data/ratis/8d194bd4-b4b8-43ed-9c3a-226431664d08 has been successfully formatted.
2019-10-02 06:57:39,546 [pool-423-thread-1] INFO  ratis.ContainerStateMachine (ContainerStateMachine.java:loadSnapshot(230)) - group-226431664D08: The snapshot info is null. Setting the last applied indexto:(t:0, i:~)
2019-10-02 06:57:39,546 [pool-423-thread-1] INFO  server.RaftServerConfigKeys (ConfUtils.java:logGet(43)) - raft.server.notification.no-leader.timeout = 120s (custom)
2019-10-02 06:57:39,546 [pool-423-thread-1] INFO  server.RaftServerConfigKeys (ConfUtils.java:logGet(43)) - raft.server.log.use.memory = false (default)
2019-10-02 06:57:39,546 [pool-423-thread-1] INFO  server.RaftServerConfigKeys (ConfUtils.java:logGet(43)) - raft.server.log.purge.gap = 1000000 (custom)
2019-10-02 06:57:39,546 [pool-423-thread-1] INFO  server.RaftServerConfigKeys (ConfUtils.java:logGet(43)) - raft.server.log.appender.buffer.byte-limit = 33554432 (custom)
2019-10-02 06:57:39,546 [pool-423-thread-1] INFO  server.RaftServerConfigKeys (ConfUtils.java:logGet(43)) - raft.server.log.segment.size.max = 1048576 (custom)
2019-10-02 06:57:39,558 [pool-423-thread-1] INFO  server.RaftServerConfigKeys (ConfUtils.java:logGet(43)) - raft.server.log.segment.cache.num.max = 2 (custom)
2019-10-02 06:57:39,558 [pool-423-thread-1] INFO  segmented.SegmentedRaftLogWorker (SegmentedRaftLogWorker.java:<init>(173)) - new c1a77776-d685-4580-b612-a6b6b0cb1b67@group-226431664D08-SegmentedRaftLogWorker for RaftStorage:Storage Directory /workdir/hadoop-ozone/integration-test/target/test-dir/MiniOzoneClusterImpl-114c4bac-0767-4583-9a80-7f277782f6bb/datanode-4/data/ratis/8d194bd4-b4b8-43ed-9c3a-226431664d08
2019-10-02 06:57:39,558 [pool-423-thread-1] INFO  server.RaftServerConfigKeys (ConfUtils.java:logGet(43)) - raft.server.log.queue.byte-limit = 2147483647 (custom)
2019-10-02 06:57:39,558 [pool-423-thread-1] INFO  server.RaftServerConfigKeys (ConfUtils.java:logGet(43)) - raft.server.log.queue.element-limit = 1024 (custom)
2019-10-02 06:57:39,558 [pool-423-thread-1] INFO  server.RaftServerConfigKeys (ConfUtils.java:logGet(43)) - raft.server.log.segment.size.max = 1048576 (custom)
2019-10-02 06:57:39,559 [pool-423-thread-1] INFO  server.RaftServerConfigKeys (ConfUtils.java:logGet(43)) - raft.server.log.preallocated.size = 16384 (custom)
2019-10-02 06:57:39,559 [pool-423-thread-1] INFO  server.RaftServerConfigKeys (ConfUtils.java:logGet(43)) - raft.server.log.write.buffer.size = 33554432 (custom)
2019-10-02 06:57:39,559 [pool-423-thread-1] INFO  server.RaftServerConfigKeys (ConfUtils.java:logGet(43)) - raft.server.log.force.sync.num = 128 (default)
2019-10-02 06:57:39,559 [pool-423-thread-1] INFO  server.RaftServerConfigKeys (ConfUtils.java:logGet(43)) - raft.server.log.statemachine.data.sync = true (default)
2019-10-02 06:57:39,559 [pool-423-thread-1] INFO  server.RaftServerConfigKeys (ConfUtils.java:logGet(43)) - raft.server.log.statemachine.data.sync.timeout = 10s (default)
2019-10-02 06:57:39,559 [pool-423-thread-1] INFO  server.RaftServerConfigKeys (ConfUtils.java:logGet(43)) - raft.server.log.statemachine.data.sync.timeout.retry = -1 (default)
2019-10-02 06:57:39,566 [pool-423-thread-1] INFO  server.RaftServerConfigKeys (ConfUtils.java:logGet(43)) - raft.server.log.statemachine.data.caching.enabled = true (custom)
2019-10-02 06:57:39,571 [pool-423-thread-1] INFO  segmented.SegmentedRaftLogWorker (SegmentedRaftLogWorker.java:lambda$new$0(128)) - c1a77776-d685-4580-b612-a6b6b0cb1b67@group-226431664D08-SegmentedRaftLogWorker: flushIndex: setUnconditionally 0 -> -1
2019-10-02 06:57:39,573 [pool-423-thread-1] INFO  server.RaftServerConfigKeys (ConfUtils.java:logGet(43)) - raft.server.snapshot.auto.trigger.enabled = true (custom)
2019-10-02 06:57:39,573 [pool-423-thread-1] INFO  server.RaftServerConfigKeys (ConfUtils.java:logGet(43)) - raft.server.snapshot.auto.trigger.threshold = 10000 (custom)
2019-10-02 06:57:39,573 [pool-423-thread-1] INFO  server.RaftServerConfigKeys (ConfUtils.java:logGet(43)) - raft.server.snapshot.retention.file.num = 5 (custom)
2019-10-02 06:57:39,573 [pool-423-thread-1] INFO  server.RaftServerConfigKeys (ConfUtils.java:logGet(43)) - raft.server.retrycache.expirytime = 600000ms (custom)
2019-10-02 06:57:39,582 [main] INFO  rpc.RpcClient (RpcClient.java:createVolume(276)) - Creating Volume: watchforcommithandlingtest, with jenkins1000 as owner.
2019-10-02 06:57:39,584 [pool-423-thread-1] INFO  impl.RaftServerImpl (RaftServerImpl.java:start(181)) - c1a77776-d685-4580-b612-a6b6b0cb1b67@group-226431664D08: start as a follower, conf=-1: [c1a77776-d685-4580-b612-a6b6b0cb1b67:192.168.151.120:34250], old=null
2019-10-02 06:57:39,585 [pool-423-thread-1] INFO  impl.RaftServerImpl (RaftServerImpl.java:setRole(170)) - c1a77776-d685-4580-b612-a6b6b0cb1b67@group-226431664D08: changes role from      null to FOLLOWER at term 0 for startAsFollower
2019-10-02 06:57:39,585 [pool-423-thread-1] INFO  impl.RoleInfo (RoleInfo.java:updateAndGet(143)) - c1a77776-d685-4580-b612-a6b6b0cb1b67: start FollowerState
2019-10-02 06:57:39,585 [pool-423-thread-1] INFO  util.JmxRegister (JmxRegister.java:tryRegister(44)) - Successfully registered JMX Bean with object name Ratis:service=RaftServer,group=group-226431664D08,id=c1a77776-d685-4580-b612-a6b6b0cb1b67
2019-10-02 06:57:39,587 [IPC Server handler 3 on 45436] INFO  volume.OMVolumeCreateRequest (OMVolumeCreateRequest.java:validateAndUpdateCache(194)) - created volume:watchforcommithandlingtest for user:jenkins1000
2019-10-02 06:57:39,610 [main] INFO  rpc.RpcClient (RpcClient.java:createBucket(415)) - Creating Bucket: watchforcommithandlingtest/watchforcommithandlingtest, with Versioning false and Storage Type set to DISK and Encryption set to false 
2019-10-02 06:57:39,611 [RatisPipelineUtilsThread] INFO  pipeline.PipelineStateManager (PipelineStateManager.java:addPipeline(56)) - Created pipeline Pipeline[ Id: 8d194bd4-b4b8-43ed-9c3a-226431664d08, Nodes: c1a77776-d685-4580-b612-a6b6b0cb1b67{ip: 192.168.151.120, host: pr-hdds-2226-secures3-8x5vf-3889971208, networkLocation: /default-rack, certSerialId: null}, Type:RATIS, Factor:ONE, State:OPEN]
2019-10-02 06:57:39,619 [main] INFO  ozone.MiniOzoneClusterImpl (MiniOzoneClusterImpl.java:getStorageContainerLocationClient(234)) - Creating StorageContainerLocationProtocol RPC client with address /0.0.0.0:35937
2019-10-02 06:57:39,623 [grpc-default-executor-3] INFO  impl.RaftServerProxy (RaftServerProxy.java:addNew(89)) - 56af948b-10c2-4e9d-9b51-152604f99203: addNew group-A0F15D526909:[56af948b-10c2-4e9d-9b51-152604f99203:192.168.151.120:46407] returns group-A0F15D526909:java.util.concurrent.CompletableFuture@172135c5[Not completed]
2019-10-02 06:57:39,624 [pool-443-thread-1] INFO  impl.RaftServerImpl (RaftServerImpl.java:<init>(95)) - 56af948b-10c2-4e9d-9b51-152604f99203: new RaftServerImpl for group-A0F15D526909:[56af948b-10c2-4e9d-9b51-152604f99203:192.168.151.120:46407] with ContainerStateMachine:uninitialized
2019-10-02 06:57:39,624 [pool-443-thread-1] INFO  server.RaftServerConfigKeys (ConfUtils.java:logGet(43)) - raft.server.rpc.timeout.min = 5s (custom)
2019-10-02 06:57:39,624 [pool-443-thread-1] INFO  server.RaftServerConfigKeys (ConfUtils.java:logGet(43)) - raft.server.rpc.timeout.max = 5200ms (custom)
2019-10-02 06:57:39,624 [pool-443-thread-1] INFO  server.RaftServerConfigKeys (ConfUtils.java:logGet(43)) - raft.server.rpcslowness.timeout = 120s (custom)
2019-10-02 06:57:39,624 [pool-443-thread-1] INFO  server.RaftServerConfigKeys (ConfUtils.java:logGet(43)) - raft.server.sleep.deviation.threshold = 300 (default)
2019-10-02 06:57:39,624 [pool-443-thread-1] INFO  server.RaftServerConfigKeys (ConfUtils.java:logGet(43)) - raft.server.log.appender.install.snapshot.enabled = false (custom)
2019-10-02 06:57:39,625 [pool-443-thread-1] INFO  impl.RaftServerImpl (ServerState.java:<init>(103)) - 56af948b-10c2-4e9d-9b51-152604f99203@group-A0F15D526909: ConfigurationManager, init=-1: [56af948b-10c2-4e9d-9b51-152604f99203:192.168.151.120:46407], old=null, confs=<EMPTY_MAP>
2019-10-02 06:57:39,625 [pool-443-thread-1] INFO  server.RaftServerConfigKeys (ConfUtils.java:logGet(43)) - raft.server.storage.dir = [/workdir/hadoop-ozone/integration-test/target/test-dir/MiniOzoneClusterImpl-114c4bac-0767-4583-9a80-7f277782f6bb/datanode-6/data/ratis] (custom)
2019-10-02 06:57:39,625 [pool-443-thread-1] INFO  server.RaftServerConfigKeys (ConfUtils.java:logGet(43)) - raft.server.log.corruption.policy = EXCEPTION (default)
2019-10-02 06:57:39,625 [pool-443-thread-1] INFO  storage.RaftStorageDirectory (RaftStorageDirectory.java:analyzeStorage(246)) - The storage directory /workdir/hadoop-ozone/integration-test/target/test-dir/MiniOzoneClusterImpl-114c4bac-0767-4583-9a80-7f277782f6bb/datanode-6/data/ratis/4abc98c9-4d7a-4695-acb3-a0f15d526909 does not exist. Creating ...
2019-10-02 06:57:39,638 [pool-443-thread-1] INFO  storage.RaftStorageDirectory (RaftStorageDirectory.java:tryLock(328)) - Lock on /workdir/hadoop-ozone/integration-test/target/test-dir/MiniOzoneClusterImpl-114c4bac-0767-4583-9a80-7f277782f6bb/datanode-6/data/ratis/4abc98c9-4d7a-4695-acb3-a0f15d526909/in_use.lock acquired by nodename 26230@pr-hdds-2226-secures3-8x5vf-3889971208
2019-10-02 06:57:39,652 [pool-443-thread-1] INFO  storage.RaftStorage (RaftStorage.java:format(84)) - Storage directory /workdir/hadoop-ozone/integration-test/target/test-dir/MiniOzoneClusterImpl-114c4bac-0767-4583-9a80-7f277782f6bb/datanode-6/data/ratis/4abc98c9-4d7a-4695-acb3-a0f15d526909 has been successfully formatted.
2019-10-02 06:57:39,653 [pool-443-thread-1] INFO  ratis.ContainerStateMachine (ContainerStateMachine.java:loadSnapshot(230)) - group-A0F15D526909: The snapshot info is null. Setting the last applied indexto:(t:0, i:~)
2019-10-02 06:57:39,653 [pool-443-thread-1] INFO  server.RaftServerConfigKeys (ConfUtils.java:logGet(43)) - raft.server.notification.no-leader.timeout = 120s (custom)
2019-10-02 06:57:39,653 [pool-443-thread-1] INFO  server.RaftServerConfigKeys (ConfUtils.java:logGet(43)) - raft.server.log.use.memory = false (default)
2019-10-02 06:57:39,653 [pool-443-thread-1] INFO  server.RaftServerConfigKeys (ConfUtils.java:logGet(43)) - raft.server.log.purge.gap = 1000000 (custom)
2019-10-02 06:57:39,653 [pool-443-thread-1] INFO  server.RaftServerConfigKeys (ConfUtils.java:logGet(43)) - raft.server.log.appender.buffer.byte-limit = 33554432 (custom)
2019-10-02 06:57:39,653 [pool-443-thread-1] INFO  server.RaftServerConfigKeys (ConfUtils.java:logGet(43)) - raft.server.log.segment.size.max = 1048576 (custom)
2019-10-02 06:57:39,655 [pool-443-thread-1] INFO  server.RaftServerConfigKeys (ConfUtils.java:logGet(43)) - raft.server.log.segment.cache.num.max = 2 (custom)
2019-10-02 06:57:39,655 [pool-443-thread-1] INFO  segmented.SegmentedRaftLogWorker (SegmentedRaftLogWorker.java:<init>(173)) - new 56af948b-10c2-4e9d-9b51-152604f99203@group-A0F15D526909-SegmentedRaftLogWorker for RaftStorage:Storage Directory /workdir/hadoop-ozone/integration-test/target/test-dir/MiniOzoneClusterImpl-114c4bac-0767-4583-9a80-7f277782f6bb/datanode-6/data/ratis/4abc98c9-4d7a-4695-acb3-a0f15d526909
2019-10-02 06:57:39,655 [pool-443-thread-1] INFO  server.RaftServerConfigKeys (ConfUtils.java:logGet(43)) - raft.server.log.queue.byte-limit = 2147483647 (custom)
2019-10-02 06:57:39,655 [pool-443-thread-1] INFO  server.RaftServerConfigKeys (ConfUtils.java:logGet(43)) - raft.server.log.queue.element-limit = 1024 (custom)
2019-10-02 06:57:39,656 [pool-443-thread-1] INFO  server.RaftServerConfigKeys (ConfUtils.java:logGet(43)) - raft.server.log.segment.size.max = 1048576 (custom)
2019-10-02 06:57:39,656 [pool-443-thread-1] INFO  server.RaftServerConfigKeys (ConfUtils.java:logGet(43)) - raft.server.log.preallocated.size = 16384 (custom)
2019-10-02 06:57:39,656 [pool-443-thread-1] INFO  server.RaftServerConfigKeys (ConfUtils.java:logGet(43)) - raft.server.log.write.buffer.size = 33554432 (custom)
2019-10-02 06:57:39,656 [pool-443-thread-1] INFO  server.RaftServerConfigKeys (ConfUtils.java:logGet(43)) - raft.server.log.force.sync.num = 128 (default)
2019-10-02 06:57:39,656 [pool-443-thread-1] INFO  server.RaftServerConfigKeys (ConfUtils.java:logGet(43)) - raft.server.log.statemachine.data.sync = true (default)
2019-10-02 06:57:39,656 [pool-443-thread-1] INFO  server.RaftServerConfigKeys (ConfUtils.java:logGet(43)) - raft.server.log.statemachine.data.sync.timeout = 10s (default)
2019-10-02 06:57:39,656 [pool-443-thread-1] INFO  server.RaftServerConfigKeys (ConfUtils.java:logGet(43)) - raft.server.log.statemachine.data.sync.timeout.retry = -1 (default)
2019-10-02 06:57:39,657 [pool-443-thread-1] INFO  server.RaftServerConfigKeys (ConfUtils.java:logGet(43)) - raft.server.log.statemachine.data.caching.enabled = true (custom)
2019-10-02 06:57:39,657 [pool-443-thread-1] INFO  segmented.SegmentedRaftLogWorker (SegmentedRaftLogWorker.java:lambda$new$0(128)) - 56af948b-10c2-4e9d-9b51-152604f99203@group-A0F15D526909-SegmentedRaftLogWorker: flushIndex: setUnconditionally 0 -> -1
2019-10-02 06:57:39,657 [pool-443-thread-1] INFO  server.RaftServerConfigKeys (ConfUtils.java:logGet(43)) - raft.server.snapshot.auto.trigger.enabled = true (custom)
2019-10-02 06:57:39,657 [pool-443-thread-1] INFO  server.RaftServerConfigKeys (ConfUtils.java:logGet(43)) - raft.server.snapshot.auto.trigger.threshold = 10000 (custom)
2019-10-02 06:57:39,657 [pool-443-thread-1] INFO  server.RaftServerConfigKeys (ConfUtils.java:logGet(43)) - raft.server.snapshot.retention.file.num = 5 (custom)
2019-10-02 06:57:39,658 [pool-443-thread-1] INFO  server.RaftServerConfigKeys (ConfUtils.java:logGet(43)) - raft.server.retrycache.expirytime = 600000ms (custom)
2019-10-02 06:57:39,659 [pool-443-thread-1] INFO  impl.RaftServerImpl (RaftServerImpl.java:start(181)) - 56af948b-10c2-4e9d-9b51-152604f99203@group-A0F15D526909: start as a follower, conf=-1: [56af948b-10c2-4e9d-9b51-152604f99203:192.168.151.120:46407], old=null
2019-10-02 06:57:39,659 [pool-443-thread-1] INFO  impl.RaftServerImpl (RaftServerImpl.java:setRole(170)) - 56af948b-10c2-4e9d-9b51-152604f99203@group-A0F15D526909: changes role from      null to FOLLOWER at term 0 for startAsFollower
2019-10-02 06:57:39,659 [pool-443-thread-1] INFO  impl.RoleInfo (RoleInfo.java:updateAndGet(143)) - 56af948b-10c2-4e9d-9b51-152604f99203: start FollowerState
2019-10-02 06:57:39,660 [pool-443-thread-1] INFO  util.JmxRegister (JmxRegister.java:tryRegister(44)) - Successfully registered JMX Bean with object name Ratis:service=RaftServer,group=group-A0F15D526909,id=56af948b-10c2-4e9d-9b51-152604f99203
2019-10-02 06:57:39,667 [RatisPipelineUtilsThread] INFO  pipeline.PipelineStateManager (PipelineStateManager.java:addPipeline(56)) - Created pipeline Pipeline[ Id: 4abc98c9-4d7a-4695-acb3-a0f15d526909, Nodes: 56af948b-10c2-4e9d-9b51-152604f99203{ip: 192.168.151.120, host: pr-hdds-2226-secures3-8x5vf-3889971208, networkLocation: /default-rack, certSerialId: null}, Type:RATIS, Factor:ONE, State:OPEN]
2019-10-02 06:57:39,676 [grpc-default-executor-3] INFO  impl.RaftServerProxy (RaftServerProxy.java:addNew(89)) - 21f5d1c6-2777-47f5-89cb-52ebd6bc2dd1: addNew group-4E076F7E1EFE:[21f5d1c6-2777-47f5-89cb-52ebd6bc2dd1:192.168.151.120:46707] returns group-4E076F7E1EFE:java.util.concurrent.CompletableFuture@2a65f651[Not completed]
2019-10-02 06:57:39,677 [pool-433-thread-1] INFO  impl.RaftServerImpl (RaftServerImpl.java:<init>(95)) - 21f5d1c6-2777-47f5-89cb-52ebd6bc2dd1: new RaftServerImpl for group-4E076F7E1EFE:[21f5d1c6-2777-47f5-89cb-52ebd6bc2dd1:192.168.151.120:46707] with ContainerStateMachine:uninitialized
2019-10-02 06:57:39,677 [pool-433-thread-1] INFO  server.RaftServerConfigKeys (ConfUtils.java:logGet(43)) - raft.server.rpc.timeout.min = 5s (custom)
2019-10-02 06:57:39,677 [pool-433-thread-1] INFO  server.RaftServerConfigKeys (ConfUtils.java:logGet(43)) - raft.server.rpc.timeout.max = 5200ms (custom)
2019-10-02 06:57:39,677 [pool-433-thread-1] INFO  server.RaftServerConfigKeys (ConfUtils.java:logGet(43)) - raft.server.rpcslowness.timeout = 120s (custom)
2019-10-02 06:57:39,677 [pool-433-thread-1] INFO  server.RaftServerConfigKeys (ConfUtils.java:logGet(43)) - raft.server.sleep.deviation.threshold = 300 (default)
2019-10-02 06:57:39,677 [pool-433-thread-1] INFO  server.RaftServerConfigKeys (ConfUtils.java:logGet(43)) - raft.server.log.appender.install.snapshot.enabled = false (custom)
2019-10-02 06:57:39,677 [pool-433-thread-1] INFO  impl.RaftServerImpl (ServerState.java:<init>(103)) - 21f5d1c6-2777-47f5-89cb-52ebd6bc2dd1@group-4E076F7E1EFE: ConfigurationManager, init=-1: [21f5d1c6-2777-47f5-89cb-52ebd6bc2dd1:192.168.151.120:46707], old=null, confs=<EMPTY_MAP>
2019-10-02 06:57:39,677 [pool-433-thread-1] INFO  server.RaftServerConfigKeys (ConfUtils.java:logGet(43)) - raft.server.storage.dir = [/workdir/hadoop-ozone/integration-test/target/test-dir/MiniOzoneClusterImpl-114c4bac-0767-4583-9a80-7f277782f6bb/datanode-5/data/ratis] (custom)
2019-10-02 06:57:39,678 [pool-433-thread-1] INFO  server.RaftServerConfigKeys (ConfUtils.java:logGet(43)) - raft.server.log.corruption.policy = EXCEPTION (default)
2019-10-02 06:57:39,678 [pool-433-thread-1] INFO  storage.RaftStorageDirectory (RaftStorageDirectory.java:analyzeStorage(246)) - The storage directory /workdir/hadoop-ozone/integration-test/target/test-dir/MiniOzoneClusterImpl-114c4bac-0767-4583-9a80-7f277782f6bb/datanode-5/data/ratis/8ee4420a-2882-494a-ac12-4e076f7e1efe does not exist. Creating ...
2019-10-02 06:57:39,692 [pool-433-thread-1] INFO  storage.RaftStorageDirectory (RaftStorageDirectory.java:tryLock(328)) - Lock on /workdir/hadoop-ozone/integration-test/target/test-dir/MiniOzoneClusterImpl-114c4bac-0767-4583-9a80-7f277782f6bb/datanode-5/data/ratis/8ee4420a-2882-494a-ac12-4e076f7e1efe/in_use.lock acquired by nodename 26230@pr-hdds-2226-secures3-8x5vf-3889971208
2019-10-02 06:57:39,707 [pool-433-thread-1] INFO  storage.RaftStorage (RaftStorage.java:format(84)) - Storage directory /workdir/hadoop-ozone/integration-test/target/test-dir/MiniOzoneClusterImpl-114c4bac-0767-4583-9a80-7f277782f6bb/datanode-5/data/ratis/8ee4420a-2882-494a-ac12-4e076f7e1efe has been successfully formatted.
2019-10-02 06:57:39,708 [pool-433-thread-1] INFO  ratis.ContainerStateMachine (ContainerStateMachine.java:loadSnapshot(230)) - group-4E076F7E1EFE: The snapshot info is null. Setting the last applied indexto:(t:0, i:~)
2019-10-02 06:57:39,708 [pool-433-thread-1] INFO  server.RaftServerConfigKeys (ConfUtils.java:logGet(43)) - raft.server.notification.no-leader.timeout = 120s (custom)
2019-10-02 06:57:39,708 [pool-433-thread-1] INFO  server.RaftServerConfigKeys (ConfUtils.java:logGet(43)) - raft.server.log.use.memory = false (default)
2019-10-02 06:57:39,708 [pool-433-thread-1] INFO  server.RaftServerConfigKeys (ConfUtils.java:logGet(43)) - raft.server.log.purge.gap = 1000000 (custom)
2019-10-02 06:57:39,708 [pool-433-thread-1] INFO  server.RaftServerConfigKeys (ConfUtils.java:logGet(43)) - raft.server.log.appender.buffer.byte-limit = 33554432 (custom)
2019-10-02 06:57:39,708 [pool-433-thread-1] INFO  server.RaftServerConfigKeys (ConfUtils.java:logGet(43)) - raft.server.log.segment.size.max = 1048576 (custom)
2019-10-02 06:57:39,710 [pool-433-thread-1] INFO  server.RaftServerConfigKeys (ConfUtils.java:logGet(43)) - raft.server.log.segment.cache.num.max = 2 (custom)
2019-10-02 06:57:39,710 [pool-433-thread-1] INFO  segmented.SegmentedRaftLogWorker (SegmentedRaftLogWorker.java:<init>(173)) - new 21f5d1c6-2777-47f5-89cb-52ebd6bc2dd1@group-4E076F7E1EFE-SegmentedRaftLogWorker for RaftStorage:Storage Directory /workdir/hadoop-ozone/integration-test/target/test-dir/MiniOzoneClusterImpl-114c4bac-0767-4583-9a80-7f277782f6bb/datanode-5/data/ratis/8ee4420a-2882-494a-ac12-4e076f7e1efe
2019-10-02 06:57:39,710 [pool-433-thread-1] INFO  server.RaftServerConfigKeys (ConfUtils.java:logGet(43)) - raft.server.log.queue.byte-limit = 2147483647 (custom)
2019-10-02 06:57:39,711 [pool-433-thread-1] INFO  server.RaftServerConfigKeys (ConfUtils.java:logGet(43)) - raft.server.log.queue.element-limit = 1024 (custom)
2019-10-02 06:57:39,711 [pool-433-thread-1] INFO  server.RaftServerConfigKeys (ConfUtils.java:logGet(43)) - raft.server.log.segment.size.max = 1048576 (custom)
2019-10-02 06:57:39,711 [pool-433-thread-1] INFO  server.RaftServerConfigKeys (ConfUtils.java:logGet(43)) - raft.server.log.preallocated.size = 16384 (custom)
2019-10-02 06:57:39,711 [pool-433-thread-1] INFO  server.RaftServerConfigKeys (ConfUtils.java:logGet(43)) - raft.server.log.write.buffer.size = 33554432 (custom)
2019-10-02 06:57:39,711 [pool-433-thread-1] INFO  server.RaftServerConfigKeys (ConfUtils.java:logGet(43)) - raft.server.log.force.sync.num = 128 (default)
2019-10-02 06:57:39,711 [pool-433-thread-1] INFO  server.RaftServerConfigKeys (ConfUtils.java:logGet(43)) - raft.server.log.statemachine.data.sync = true (default)
2019-10-02 06:57:39,711 [pool-433-thread-1] INFO  server.RaftServerConfigKeys (ConfUtils.java:logGet(43)) - raft.server.log.statemachine.data.sync.timeout = 10s (default)
2019-10-02 06:57:39,712 [pool-433-thread-1] INFO  server.RaftServerConfigKeys (ConfUtils.java:logGet(43)) - raft.server.log.statemachine.data.sync.timeout.retry = -1 (default)
2019-10-02 06:57:39,712 [pool-433-thread-1] INFO  server.RaftServerConfigKeys (ConfUtils.java:logGet(43)) - raft.server.log.statemachine.data.caching.enabled = true (custom)
2019-10-02 06:57:39,712 [pool-433-thread-1] INFO  segmented.SegmentedRaftLogWorker (SegmentedRaftLogWorker.java:lambda$new$0(128)) - 21f5d1c6-2777-47f5-89cb-52ebd6bc2dd1@group-4E076F7E1EFE-SegmentedRaftLogWorker: flushIndex: setUnconditionally 0 -> -1
2019-10-02 06:57:39,713 [pool-433-thread-1] INFO  server.RaftServerConfigKeys (ConfUtils.java:logGet(43)) - raft.server.snapshot.auto.trigger.enabled = true (custom)
2019-10-02 06:57:39,713 [pool-433-thread-1] INFO  server.RaftServerConfigKeys (ConfUtils.java:logGet(43)) - raft.server.snapshot.auto.trigger.threshold = 10000 (custom)
2019-10-02 06:57:39,713 [pool-433-thread-1] INFO  server.RaftServerConfigKeys (ConfUtils.java:logGet(43)) - raft.server.snapshot.retention.file.num = 5 (custom)
2019-10-02 06:57:39,713 [pool-433-thread-1] INFO  server.RaftServerConfigKeys (ConfUtils.java:logGet(43)) - raft.server.retrycache.expirytime = 600000ms (custom)
2019-10-02 06:57:39,714 [pool-433-thread-1] INFO  impl.RaftServerImpl (RaftServerImpl.java:start(181)) - 21f5d1c6-2777-47f5-89cb-52ebd6bc2dd1@group-4E076F7E1EFE: start as a follower, conf=-1: [21f5d1c6-2777-47f5-89cb-52ebd6bc2dd1:192.168.151.120:46707], old=null
2019-10-02 06:57:39,715 [pool-433-thread-1] INFO  impl.RaftServerImpl (RaftServerImpl.java:setRole(170)) - 21f5d1c6-2777-47f5-89cb-52ebd6bc2dd1@group-4E076F7E1EFE: changes role from      null to FOLLOWER at term 0 for startAsFollower
2019-10-02 06:57:39,715 [pool-433-thread-1] INFO  impl.RoleInfo (RoleInfo.java:updateAndGet(143)) - 21f5d1c6-2777-47f5-89cb-52ebd6bc2dd1: start FollowerState
2019-10-02 06:57:39,715 [pool-433-thread-1] INFO  util.JmxRegister (JmxRegister.java:tryRegister(44)) - Successfully registered JMX Bean with object name Ratis:service=RaftServer,group=group-4E076F7E1EFE,id=21f5d1c6-2777-47f5-89cb-52ebd6bc2dd1
2019-10-02 06:57:39,723 [RatisPipelineUtilsThread] INFO  pipeline.PipelineStateManager (PipelineStateManager.java:addPipeline(56)) - Created pipeline Pipeline[ Id: 8ee4420a-2882-494a-ac12-4e076f7e1efe, Nodes: 21f5d1c6-2777-47f5-89cb-52ebd6bc2dd1{ip: 192.168.151.120, host: pr-hdds-2226-secures3-8x5vf-3889971208, networkLocation: /default-rack, certSerialId: null}, Type:RATIS, Factor:ONE, State:OPEN]
2019-10-02 06:57:39,746 [grpc-default-executor-7] INFO  impl.RaftServerProxy (RaftServerProxy.java:addNew(89)) - 56af948b-10c2-4e9d-9b51-152604f99203: addNew group-080F256CFF7A:[56af948b-10c2-4e9d-9b51-152604f99203:192.168.151.120:46407, 3981eb36-c5ec-4917-896d-bb2af3f40476:192.168.151.120:45086, c1a77776-d685-4580-b612-a6b6b0cb1b67:192.168.151.120:34250] returns group-080F256CFF7A:java.util.concurrent.CompletableFuture@342b078d[Not completed]
2019-10-02 06:57:39,746 [grpc-default-executor-0] INFO  impl.RaftServerProxy (RaftServerProxy.java:addNew(89)) - c1a77776-d685-4580-b612-a6b6b0cb1b67: addNew group-080F256CFF7A:[56af948b-10c2-4e9d-9b51-152604f99203:192.168.151.120:46407, 3981eb36-c5ec-4917-896d-bb2af3f40476:192.168.151.120:45086, c1a77776-d685-4580-b612-a6b6b0cb1b67:192.168.151.120:34250] returns group-080F256CFF7A:java.util.concurrent.CompletableFuture@2b0db35[Not completed]
2019-10-02 06:57:39,747 [pool-423-thread-1] INFO  impl.RaftServerImpl (RaftServerImpl.java:<init>(95)) - c1a77776-d685-4580-b612-a6b6b0cb1b67: new RaftServerImpl for group-080F256CFF7A:[56af948b-10c2-4e9d-9b51-152604f99203:192.168.151.120:46407, 3981eb36-c5ec-4917-896d-bb2af3f40476:192.168.151.120:45086, c1a77776-d685-4580-b612-a6b6b0cb1b67:192.168.151.120:34250] with ContainerStateMachine:uninitialized
2019-10-02 06:57:39,747 [pool-423-thread-1] INFO  server.RaftServerConfigKeys (ConfUtils.java:logGet(43)) - raft.server.rpc.timeout.min = 5s (custom)
2019-10-02 06:57:39,747 [pool-423-thread-1] INFO  server.RaftServerConfigKeys (ConfUtils.java:logGet(43)) - raft.server.rpc.timeout.max = 5200ms (custom)
2019-10-02 06:57:39,747 [grpc-default-executor-0] INFO  impl.RaftServerProxy (RaftServerProxy.java:addNew(89)) - 3981eb36-c5ec-4917-896d-bb2af3f40476: addNew group-080F256CFF7A:[56af948b-10c2-4e9d-9b51-152604f99203:192.168.151.120:46407, 3981eb36-c5ec-4917-896d-bb2af3f40476:192.168.151.120:45086, c1a77776-d685-4580-b612-a6b6b0cb1b67:192.168.151.120:34250] returns group-080F256CFF7A:java.util.concurrent.CompletableFuture@7c22373d[Not completed]
2019-10-02 06:57:39,747 [pool-423-thread-1] INFO  server.RaftServerConfigKeys (ConfUtils.java:logGet(43)) - raft.server.rpcslowness.timeout = 120s (custom)
2019-10-02 06:57:39,748 [pool-423-thread-1] INFO  server.RaftServerConfigKeys (ConfUtils.java:logGet(43)) - raft.server.sleep.deviation.threshold = 300 (default)
2019-10-02 06:57:39,748 [pool-423-thread-1] INFO  server.RaftServerConfigKeys (ConfUtils.java:logGet(43)) - raft.server.log.appender.install.snapshot.enabled = false (custom)
2019-10-02 06:57:39,748 [pool-443-thread-1] INFO  impl.RaftServerImpl (RaftServerImpl.java:<init>(95)) - 56af948b-10c2-4e9d-9b51-152604f99203: new RaftServerImpl for group-080F256CFF7A:[56af948b-10c2-4e9d-9b51-152604f99203:192.168.151.120:46407, 3981eb36-c5ec-4917-896d-bb2af3f40476:192.168.151.120:45086, c1a77776-d685-4580-b612-a6b6b0cb1b67:192.168.151.120:34250] with ContainerStateMachine:uninitialized
2019-10-02 06:57:39,748 [pool-423-thread-1] INFO  impl.RaftServerImpl (ServerState.java:<init>(103)) - c1a77776-d685-4580-b612-a6b6b0cb1b67@group-080F256CFF7A: ConfigurationManager, init=-1: [56af948b-10c2-4e9d-9b51-152604f99203:192.168.151.120:46407, 3981eb36-c5ec-4917-896d-bb2af3f40476:192.168.151.120:45086, c1a77776-d685-4580-b612-a6b6b0cb1b67:192.168.151.120:34250], old=null, confs=<EMPTY_MAP>
2019-10-02 06:57:39,748 [pool-443-thread-1] INFO  server.RaftServerConfigKeys (ConfUtils.java:logGet(43)) - raft.server.rpc.timeout.min = 5s (custom)
2019-10-02 06:57:39,748 [pool-423-thread-1] INFO  server.RaftServerConfigKeys (ConfUtils.java:logGet(43)) - raft.server.storage.dir = [/workdir/hadoop-ozone/integration-test/target/test-dir/MiniOzoneClusterImpl-114c4bac-0767-4583-9a80-7f277782f6bb/datanode-4/data/ratis] (custom)
2019-10-02 06:57:39,748 [pool-413-thread-1] INFO  impl.RaftServerImpl (RaftServerImpl.java:<init>(95)) - 3981eb36-c5ec-4917-896d-bb2af3f40476: new RaftServerImpl for group-080F256CFF7A:[56af948b-10c2-4e9d-9b51-152604f99203:192.168.151.120:46407, 3981eb36-c5ec-4917-896d-bb2af3f40476:192.168.151.120:45086, c1a77776-d685-4580-b612-a6b6b0cb1b67:192.168.151.120:34250] with ContainerStateMachine:uninitialized
2019-10-02 06:57:39,748 [pool-443-thread-1] INFO  server.RaftServerConfigKeys (ConfUtils.java:logGet(43)) - raft.server.rpc.timeout.max = 5200ms (custom)
2019-10-02 06:57:39,748 [pool-423-thread-1] INFO  server.RaftServerConfigKeys (ConfUtils.java:logGet(43)) - raft.server.log.corruption.policy = EXCEPTION (default)
2019-10-02 06:57:39,748 [pool-413-thread-1] INFO  server.RaftServerConfigKeys (ConfUtils.java:logGet(43)) - raft.server.rpc.timeout.min = 5s (custom)
2019-10-02 06:57:39,749 [pool-423-thread-1] INFO  storage.RaftStorageDirectory (RaftStorageDirectory.java:analyzeStorage(246)) - The storage directory /workdir/hadoop-ozone/integration-test/target/test-dir/MiniOzoneClusterImpl-114c4bac-0767-4583-9a80-7f277782f6bb/datanode-4/data/ratis/9a21de30-cfaf-4a26-a8fb-080f256cff7a does not exist. Creating ...
2019-10-02 06:57:39,749 [pool-443-thread-1] INFO  server.RaftServerConfigKeys (ConfUtils.java:logGet(43)) - raft.server.rpcslowness.timeout = 120s (custom)
2019-10-02 06:57:39,749 [pool-413-thread-1] INFO  server.RaftServerConfigKeys (ConfUtils.java:logGet(43)) - raft.server.rpc.timeout.max = 5200ms (custom)
2019-10-02 06:57:39,749 [pool-443-thread-1] INFO  server.RaftServerConfigKeys (ConfUtils.java:logGet(43)) - raft.server.sleep.deviation.threshold = 300 (default)
2019-10-02 06:57:39,749 [pool-413-thread-1] INFO  server.RaftServerConfigKeys (ConfUtils.java:logGet(43)) - raft.server.rpcslowness.timeout = 120s (custom)
2019-10-02 06:57:39,749 [pool-443-thread-1] INFO  server.RaftServerConfigKeys (ConfUtils.java:logGet(43)) - raft.server.log.appender.install.snapshot.enabled = false (custom)
2019-10-02 06:57:39,749 [pool-413-thread-1] INFO  server.RaftServerConfigKeys (ConfUtils.java:logGet(43)) - raft.server.sleep.deviation.threshold = 300 (default)
2019-10-02 06:57:39,749 [pool-443-thread-1] INFO  impl.RaftServerImpl (ServerState.java:<init>(103)) - 56af948b-10c2-4e9d-9b51-152604f99203@group-080F256CFF7A: ConfigurationManager, init=-1: [56af948b-10c2-4e9d-9b51-152604f99203:192.168.151.120:46407, 3981eb36-c5ec-4917-896d-bb2af3f40476:192.168.151.120:45086, c1a77776-d685-4580-b612-a6b6b0cb1b67:192.168.151.120:34250], old=null, confs=<EMPTY_MAP>
2019-10-02 06:57:39,750 [pool-413-thread-1] INFO  server.RaftServerConfigKeys (ConfUtils.java:logGet(43)) - raft.server.log.appender.install.snapshot.enabled = false (custom)
2019-10-02 06:57:39,750 [pool-443-thread-1] INFO  server.RaftServerConfigKeys (ConfUtils.java:logGet(43)) - raft.server.storage.dir = [/workdir/hadoop-ozone/integration-test/target/test-dir/MiniOzoneClusterImpl-114c4bac-0767-4583-9a80-7f277782f6bb/datanode-6/data/ratis] (custom)
2019-10-02 06:57:39,750 [pool-413-thread-1] INFO  impl.RaftServerImpl (ServerState.java:<init>(103)) - 3981eb36-c5ec-4917-896d-bb2af3f40476@group-080F256CFF7A: ConfigurationManager, init=-1: [56af948b-10c2-4e9d-9b51-152604f99203:192.168.151.120:46407, 3981eb36-c5ec-4917-896d-bb2af3f40476:192.168.151.120:45086, c1a77776-d685-4580-b612-a6b6b0cb1b67:192.168.151.120:34250], old=null, confs=<EMPTY_MAP>
2019-10-02 06:57:39,750 [pool-443-thread-1] INFO  server.RaftServerConfigKeys (ConfUtils.java:logGet(43)) - raft.server.log.corruption.policy = EXCEPTION (default)
2019-10-02 06:57:39,750 [pool-413-thread-1] INFO  server.RaftServerConfigKeys (ConfUtils.java:logGet(43)) - raft.server.storage.dir = [/workdir/hadoop-ozone/integration-test/target/test-dir/MiniOzoneClusterImpl-114c4bac-0767-4583-9a80-7f277782f6bb/datanode-3/data/ratis] (custom)
2019-10-02 06:57:39,750 [pool-443-thread-1] INFO  storage.RaftStorageDirectory (RaftStorageDirectory.java:analyzeStorage(246)) - The storage directory /workdir/hadoop-ozone/integration-test/target/test-dir/MiniOzoneClusterImpl-114c4bac-0767-4583-9a80-7f277782f6bb/datanode-6/data/ratis/9a21de30-cfaf-4a26-a8fb-080f256cff7a does not exist. Creating ...
2019-10-02 06:57:39,750 [pool-413-thread-1] INFO  server.RaftServerConfigKeys (ConfUtils.java:logGet(43)) - raft.server.log.corruption.policy = EXCEPTION (default)
2019-10-02 06:57:39,750 [pool-413-thread-1] INFO  storage.RaftStorageDirectory (RaftStorageDirectory.java:analyzeStorage(246)) - The storage directory /workdir/hadoop-ozone/integration-test/target/test-dir/MiniOzoneClusterImpl-114c4bac-0767-4583-9a80-7f277782f6bb/datanode-3/data/ratis/9a21de30-cfaf-4a26-a8fb-080f256cff7a does not exist. Creating ...
2019-10-02 06:57:39,774 [pool-443-thread-1] INFO  storage.RaftStorageDirectory (RaftStorageDirectory.java:tryLock(328)) - Lock on /workdir/hadoop-ozone/integration-test/target/test-dir/MiniOzoneClusterImpl-114c4bac-0767-4583-9a80-7f277782f6bb/datanode-6/data/ratis/9a21de30-cfaf-4a26-a8fb-080f256cff7a/in_use.lock acquired by nodename 26230@pr-hdds-2226-secures3-8x5vf-3889971208
2019-10-02 06:57:39,774 [pool-413-thread-1] INFO  storage.RaftStorageDirectory (RaftStorageDirectory.java:tryLock(328)) - Lock on /workdir/hadoop-ozone/integration-test/target/test-dir/MiniOzoneClusterImpl-114c4bac-0767-4583-9a80-7f277782f6bb/datanode-3/data/ratis/9a21de30-cfaf-4a26-a8fb-080f256cff7a/in_use.lock acquired by nodename 26230@pr-hdds-2226-secures3-8x5vf-3889971208
2019-10-02 06:57:39,774 [pool-423-thread-1] INFO  storage.RaftStorageDirectory (RaftStorageDirectory.java:tryLock(328)) - Lock on /workdir/hadoop-ozone/integration-test/target/test-dir/MiniOzoneClusterImpl-114c4bac-0767-4583-9a80-7f277782f6bb/datanode-4/data/ratis/9a21de30-cfaf-4a26-a8fb-080f256cff7a/in_use.lock acquired by nodename 26230@pr-hdds-2226-secures3-8x5vf-3889971208
2019-10-02 06:57:39,800 [pool-443-thread-1] INFO  storage.RaftStorage (RaftStorage.java:format(84)) - Storage directory /workdir/hadoop-ozone/integration-test/target/test-dir/MiniOzoneClusterImpl-114c4bac-0767-4583-9a80-7f277782f6bb/datanode-6/data/ratis/9a21de30-cfaf-4a26-a8fb-080f256cff7a has been successfully formatted.
2019-10-02 06:57:39,800 [pool-413-thread-1] INFO  storage.RaftStorage (RaftStorage.java:format(84)) - Storage directory /workdir/hadoop-ozone/integration-test/target/test-dir/MiniOzoneClusterImpl-114c4bac-0767-4583-9a80-7f277782f6bb/datanode-3/data/ratis/9a21de30-cfaf-4a26-a8fb-080f256cff7a has been successfully formatted.
2019-10-02 06:57:39,800 [pool-423-thread-1] INFO  storage.RaftStorage (RaftStorage.java:format(84)) - Storage directory /workdir/hadoop-ozone/integration-test/target/test-dir/MiniOzoneClusterImpl-114c4bac-0767-4583-9a80-7f277782f6bb/datanode-4/data/ratis/9a21de30-cfaf-4a26-a8fb-080f256cff7a has been successfully formatted.
2019-10-02 06:57:39,801 [pool-423-thread-1] INFO  ratis.ContainerStateMachine (ContainerStateMachine.java:loadSnapshot(230)) - group-080F256CFF7A: The snapshot info is null. Setting the last applied indexto:(t:0, i:~)
2019-10-02 06:57:39,801 [pool-423-thread-1] INFO  server.RaftServerConfigKeys (ConfUtils.java:logGet(43)) - raft.server.notification.no-leader.timeout = 120s (custom)
2019-10-02 06:57:39,801 [pool-413-thread-1] INFO  ratis.ContainerStateMachine (ContainerStateMachine.java:loadSnapshot(230)) - group-080F256CFF7A: The snapshot info is null. Setting the last applied indexto:(t:0, i:~)
2019-10-02 06:57:39,800 [pool-443-thread-1] INFO  ratis.ContainerStateMachine (ContainerStateMachine.java:loadSnapshot(230)) - group-080F256CFF7A: The snapshot info is null. Setting the last applied indexto:(t:0, i:~)
2019-10-02 06:57:39,801 [pool-413-thread-1] INFO  server.RaftServerConfigKeys (ConfUtils.java:logGet(43)) - raft.server.notification.no-leader.timeout = 120s (custom)
2019-10-02 06:57:39,801 [pool-413-thread-1] INFO  server.RaftServerConfigKeys (ConfUtils.java:logGet(43)) - raft.server.log.use.memory = false (default)
2019-10-02 06:57:39,801 [pool-423-thread-1] INFO  server.RaftServerConfigKeys (ConfUtils.java:logGet(43)) - raft.server.log.use.memory = false (default)
2019-10-02 06:57:39,801 [pool-413-thread-1] INFO  server.RaftServerConfigKeys (ConfUtils.java:logGet(43)) - raft.server.log.purge.gap = 1000000 (custom)
2019-10-02 06:57:39,801 [pool-443-thread-1] INFO  server.RaftServerConfigKeys (ConfUtils.java:logGet(43)) - raft.server.notification.no-leader.timeout = 120s (custom)
2019-10-02 06:57:39,802 [pool-413-thread-1] INFO  server.RaftServerConfigKeys (ConfUtils.java:logGet(43)) - raft.server.log.appender.buffer.byte-limit = 33554432 (custom)
2019-10-02 06:57:39,802 [pool-413-thread-1] INFO  server.RaftServerConfigKeys (ConfUtils.java:logGet(43)) - raft.server.log.segment.size.max = 1048576 (custom)
2019-10-02 06:57:39,802 [pool-413-thread-1] INFO  server.RaftServerConfigKeys (ConfUtils.java:logGet(43)) - raft.server.log.segment.cache.num.max = 2 (custom)
2019-10-02 06:57:39,802 [pool-413-thread-1] INFO  segmented.SegmentedRaftLogWorker (SegmentedRaftLogWorker.java:<init>(173)) - new 3981eb36-c5ec-4917-896d-bb2af3f40476@group-080F256CFF7A-SegmentedRaftLogWorker for RaftStorage:Storage Directory /workdir/hadoop-ozone/integration-test/target/test-dir/MiniOzoneClusterImpl-114c4bac-0767-4583-9a80-7f277782f6bb/datanode-3/data/ratis/9a21de30-cfaf-4a26-a8fb-080f256cff7a
2019-10-02 06:57:39,802 [pool-413-thread-1] INFO  server.RaftServerConfigKeys (ConfUtils.java:logGet(43)) - raft.server.log.queue.byte-limit = 2147483647 (custom)
2019-10-02 06:57:39,802 [pool-413-thread-1] INFO  server.RaftServerConfigKeys (ConfUtils.java:logGet(43)) - raft.server.log.queue.element-limit = 1024 (custom)
2019-10-02 06:57:39,802 [pool-413-thread-1] INFO  server.RaftServerConfigKeys (ConfUtils.java:logGet(43)) - raft.server.log.segment.size.max = 1048576 (custom)
2019-10-02 06:57:39,802 [pool-413-thread-1] INFO  server.RaftServerConfigKeys (ConfUtils.java:logGet(43)) - raft.server.log.preallocated.size = 16384 (custom)
2019-10-02 06:57:39,802 [pool-413-thread-1] INFO  server.RaftServerConfigKeys (ConfUtils.java:logGet(43)) - raft.server.log.write.buffer.size = 33554432 (custom)
2019-10-02 06:57:39,803 [pool-413-thread-1] INFO  server.RaftServerConfigKeys (ConfUtils.java:logGet(43)) - raft.server.log.force.sync.num = 128 (default)
2019-10-02 06:57:39,803 [pool-413-thread-1] INFO  server.RaftServerConfigKeys (ConfUtils.java:logGet(43)) - raft.server.log.statemachine.data.sync = true (default)
2019-10-02 06:57:39,803 [pool-413-thread-1] INFO  server.RaftServerConfigKeys (ConfUtils.java:logGet(43)) - raft.server.log.statemachine.data.sync.timeout = 10s (default)
2019-10-02 06:57:39,803 [pool-413-thread-1] INFO  server.RaftServerConfigKeys (ConfUtils.java:logGet(43)) - raft.server.log.statemachine.data.sync.timeout.retry = -1 (default)
2019-10-02 06:57:39,803 [pool-413-thread-1] INFO  server.RaftServerConfigKeys (ConfUtils.java:logGet(43)) - raft.server.log.statemachine.data.caching.enabled = true (custom)
2019-10-02 06:57:39,803 [pool-413-thread-1] INFO  segmented.SegmentedRaftLogWorker (SegmentedRaftLogWorker.java:lambda$new$0(128)) - 3981eb36-c5ec-4917-896d-bb2af3f40476@group-080F256CFF7A-SegmentedRaftLogWorker: flushIndex: setUnconditionally 0 -> -1
2019-10-02 06:57:39,801 [pool-423-thread-1] INFO  server.RaftServerConfigKeys (ConfUtils.java:logGet(43)) - raft.server.log.purge.gap = 1000000 (custom)
2019-10-02 06:57:39,804 [pool-423-thread-1] INFO  server.RaftServerConfigKeys (ConfUtils.java:logGet(43)) - raft.server.log.appender.buffer.byte-limit = 33554432 (custom)
2019-10-02 06:57:39,804 [pool-423-thread-1] INFO  server.RaftServerConfigKeys (ConfUtils.java:logGet(43)) - raft.server.log.segment.size.max = 1048576 (custom)
2019-10-02 06:57:39,804 [pool-413-thread-1] INFO  server.RaftServerConfigKeys (ConfUtils.java:logGet(43)) - raft.server.snapshot.auto.trigger.enabled = true (custom)
2019-10-02 06:57:39,804 [pool-413-thread-1] INFO  server.RaftServerConfigKeys (ConfUtils.java:logGet(43)) - raft.server.snapshot.auto.trigger.threshold = 10000 (custom)
2019-10-02 06:57:39,804 [pool-413-thread-1] INFO  server.RaftServerConfigKeys (ConfUtils.java:logGet(43)) - raft.server.snapshot.retention.file.num = 5 (custom)
2019-10-02 06:57:39,804 [pool-413-thread-1] INFO  server.RaftServerConfigKeys (ConfUtils.java:logGet(43)) - raft.server.retrycache.expirytime = 600000ms (custom)
2019-10-02 06:57:39,804 [pool-443-thread-1] INFO  server.RaftServerConfigKeys (ConfUtils.java:logGet(43)) - raft.server.log.use.memory = false (default)
2019-10-02 06:57:39,805 [pool-443-thread-1] INFO  server.RaftServerConfigKeys (ConfUtils.java:logGet(43)) - raft.server.log.purge.gap = 1000000 (custom)
2019-10-02 06:57:39,805 [pool-443-thread-1] INFO  server.RaftServerConfigKeys (ConfUtils.java:logGet(43)) - raft.server.log.appender.buffer.byte-limit = 33554432 (custom)
2019-10-02 06:57:39,805 [pool-443-thread-1] INFO  server.RaftServerConfigKeys (ConfUtils.java:logGet(43)) - raft.server.log.segment.size.max = 1048576 (custom)
2019-10-02 06:57:39,805 [pool-443-thread-1] INFO  server.RaftServerConfigKeys (ConfUtils.java:logGet(43)) - raft.server.log.segment.cache.num.max = 2 (custom)
2019-10-02 06:57:39,806 [pool-443-thread-1] INFO  segmented.SegmentedRaftLogWorker (SegmentedRaftLogWorker.java:<init>(173)) - new 56af948b-10c2-4e9d-9b51-152604f99203@group-080F256CFF7A-SegmentedRaftLogWorker for RaftStorage:Storage Directory /workdir/hadoop-ozone/integration-test/target/test-dir/MiniOzoneClusterImpl-114c4bac-0767-4583-9a80-7f277782f6bb/datanode-6/data/ratis/9a21de30-cfaf-4a26-a8fb-080f256cff7a
2019-10-02 06:57:39,804 [pool-423-thread-1] INFO  server.RaftServerConfigKeys (ConfUtils.java:logGet(43)) - raft.server.log.segment.cache.num.max = 2 (custom)
2019-10-02 06:57:39,806 [pool-413-thread-1] INFO  impl.RaftServerImpl (RaftServerImpl.java:start(181)) - 3981eb36-c5ec-4917-896d-bb2af3f40476@group-080F256CFF7A: start as a follower, conf=-1: [56af948b-10c2-4e9d-9b51-152604f99203:192.168.151.120:46407, 3981eb36-c5ec-4917-896d-bb2af3f40476:192.168.151.120:45086, c1a77776-d685-4580-b612-a6b6b0cb1b67:192.168.151.120:34250], old=null
2019-10-02 06:57:39,806 [pool-443-thread-1] INFO  server.RaftServerConfigKeys (ConfUtils.java:logGet(43)) - raft.server.log.queue.byte-limit = 2147483647 (custom)
2019-10-02 06:57:39,806 [pool-443-thread-1] INFO  server.RaftServerConfigKeys (ConfUtils.java:logGet(43)) - raft.server.log.queue.element-limit = 1024 (custom)
2019-10-02 06:57:39,806 [pool-413-thread-1] INFO  impl.RaftServerImpl (RaftServerImpl.java:setRole(170)) - 3981eb36-c5ec-4917-896d-bb2af3f40476@group-080F256CFF7A: changes role from      null to FOLLOWER at term 0 for startAsFollower
2019-10-02 06:57:39,806 [pool-413-thread-1] INFO  impl.RoleInfo (RoleInfo.java:updateAndGet(143)) - 3981eb36-c5ec-4917-896d-bb2af3f40476: start FollowerState
2019-10-02 06:57:39,806 [pool-423-thread-1] INFO  segmented.SegmentedRaftLogWorker (SegmentedRaftLogWorker.java:<init>(173)) - new c1a77776-d685-4580-b612-a6b6b0cb1b67@group-080F256CFF7A-SegmentedRaftLogWorker for RaftStorage:Storage Directory /workdir/hadoop-ozone/integration-test/target/test-dir/MiniOzoneClusterImpl-114c4bac-0767-4583-9a80-7f277782f6bb/datanode-4/data/ratis/9a21de30-cfaf-4a26-a8fb-080f256cff7a
2019-10-02 06:57:39,807 [pool-423-thread-1] INFO  server.RaftServerConfigKeys (ConfUtils.java:logGet(43)) - raft.server.log.queue.byte-limit = 2147483647 (custom)
2019-10-02 06:57:39,806 [pool-443-thread-1] INFO  server.RaftServerConfigKeys (ConfUtils.java:logGet(43)) - raft.server.log.segment.size.max = 1048576 (custom)
2019-10-02 06:57:39,807 [pool-423-thread-1] INFO  server.RaftServerConfigKeys (ConfUtils.java:logGet(43)) - raft.server.log.queue.element-limit = 1024 (custom)
2019-10-02 06:57:39,807 [pool-413-thread-1] INFO  util.JmxRegister (JmxRegister.java:tryRegister(44)) - Successfully registered JMX Bean with object name Ratis:service=RaftServer,group=group-080F256CFF7A,id=3981eb36-c5ec-4917-896d-bb2af3f40476
2019-10-02 06:57:39,807 [pool-423-thread-1] INFO  server.RaftServerConfigKeys (ConfUtils.java:logGet(43)) - raft.server.log.segment.size.max = 1048576 (custom)
2019-10-02 06:57:39,807 [pool-423-thread-1] INFO  server.RaftServerConfigKeys (ConfUtils.java:logGet(43)) - raft.server.log.preallocated.size = 16384 (custom)
2019-10-02 06:57:39,808 [pool-423-thread-1] INFO  server.RaftServerConfigKeys (ConfUtils.java:logGet(43)) - raft.server.log.write.buffer.size = 33554432 (custom)
2019-10-02 06:57:39,808 [pool-423-thread-1] INFO  server.RaftServerConfigKeys (ConfUtils.java:logGet(43)) - raft.server.log.force.sync.num = 128 (default)
2019-10-02 06:57:39,808 [pool-423-thread-1] INFO  server.RaftServerConfigKeys (ConfUtils.java:logGet(43)) - raft.server.log.statemachine.data.sync = true (default)
2019-10-02 06:57:39,808 [pool-423-thread-1] INFO  server.RaftServerConfigKeys (ConfUtils.java:logGet(43)) - raft.server.log.statemachine.data.sync.timeout = 10s (default)
2019-10-02 06:57:39,808 [pool-423-thread-1] INFO  server.RaftServerConfigKeys (ConfUtils.java:logGet(43)) - raft.server.log.statemachine.data.sync.timeout.retry = -1 (default)
2019-10-02 06:57:39,808 [pool-423-thread-1] INFO  server.RaftServerConfigKeys (ConfUtils.java:logGet(43)) - raft.server.log.statemachine.data.caching.enabled = true (custom)
2019-10-02 06:57:39,809 [pool-423-thread-1] INFO  segmented.SegmentedRaftLogWorker (SegmentedRaftLogWorker.java:lambda$new$0(128)) - c1a77776-d685-4580-b612-a6b6b0cb1b67@group-080F256CFF7A-SegmentedRaftLogWorker: flushIndex: setUnconditionally 0 -> -1
2019-10-02 06:57:39,807 [pool-443-thread-1] INFO  server.RaftServerConfigKeys (ConfUtils.java:logGet(43)) - raft.server.log.preallocated.size = 16384 (custom)
2019-10-02 06:57:39,809 [pool-423-thread-1] INFO  server.RaftServerConfigKeys (ConfUtils.java:logGet(43)) - raft.server.snapshot.auto.trigger.enabled = true (custom)
2019-10-02 06:57:39,809 [pool-423-thread-1] INFO  server.RaftServerConfigKeys (ConfUtils.java:logGet(43)) - raft.server.snapshot.auto.trigger.threshold = 10000 (custom)
2019-10-02 06:57:39,810 [pool-423-thread-1] INFO  server.RaftServerConfigKeys (ConfUtils.java:logGet(43)) - raft.server.snapshot.retention.file.num = 5 (custom)
2019-10-02 06:57:39,810 [pool-423-thread-1] INFO  server.RaftServerConfigKeys (ConfUtils.java:logGet(43)) - raft.server.retrycache.expirytime = 600000ms (custom)
2019-10-02 06:57:39,809 [pool-443-thread-1] INFO  server.RaftServerConfigKeys (ConfUtils.java:logGet(43)) - raft.server.log.write.buffer.size = 33554432 (custom)
2019-10-02 06:57:39,811 [pool-443-thread-1] INFO  server.RaftServerConfigKeys (ConfUtils.java:logGet(43)) - raft.server.log.force.sync.num = 128 (default)
2019-10-02 06:57:39,811 [pool-443-thread-1] INFO  server.RaftServerConfigKeys (ConfUtils.java:logGet(43)) - raft.server.log.statemachine.data.sync = true (default)
2019-10-02 06:57:39,811 [pool-443-thread-1] INFO  server.RaftServerConfigKeys (ConfUtils.java:logGet(43)) - raft.server.log.statemachine.data.sync.timeout = 10s (default)
2019-10-02 06:57:39,812 [pool-443-thread-1] INFO  server.RaftServerConfigKeys (ConfUtils.java:logGet(43)) - raft.server.log.statemachine.data.sync.timeout.retry = -1 (default)
2019-10-02 06:57:39,812 [pool-443-thread-1] INFO  server.RaftServerConfigKeys (ConfUtils.java:logGet(43)) - raft.server.log.statemachine.data.caching.enabled = true (custom)
2019-10-02 06:57:39,812 [pool-423-thread-1] INFO  impl.RaftServerImpl (RaftServerImpl.java:start(181)) - c1a77776-d685-4580-b612-a6b6b0cb1b67@group-080F256CFF7A: start as a follower, conf=-1: [56af948b-10c2-4e9d-9b51-152604f99203:192.168.151.120:46407, 3981eb36-c5ec-4917-896d-bb2af3f40476:192.168.151.120:45086, c1a77776-d685-4580-b612-a6b6b0cb1b67:192.168.151.120:34250], old=null
2019-10-02 06:57:39,817 [pool-423-thread-1] INFO  impl.RaftServerImpl (RaftServerImpl.java:setRole(170)) - c1a77776-d685-4580-b612-a6b6b0cb1b67@group-080F256CFF7A: changes role from      null to FOLLOWER at term 0 for startAsFollower
2019-10-02 06:57:39,817 [pool-423-thread-1] INFO  impl.RoleInfo (RoleInfo.java:updateAndGet(143)) - c1a77776-d685-4580-b612-a6b6b0cb1b67: start FollowerState
2019-10-02 06:57:39,818 [pool-423-thread-1] INFO  util.JmxRegister (JmxRegister.java:tryRegister(44)) - Successfully registered JMX Bean with object name Ratis:service=RaftServer,group=group-080F256CFF7A,id=c1a77776-d685-4580-b612-a6b6b0cb1b67
2019-10-02 06:57:39,818 [pool-443-thread-1] INFO  segmented.SegmentedRaftLogWorker (SegmentedRaftLogWorker.java:lambda$new$0(128)) - 56af948b-10c2-4e9d-9b51-152604f99203@group-080F256CFF7A-SegmentedRaftLogWorker: flushIndex: setUnconditionally 0 -> -1
2019-10-02 06:57:39,818 [pool-443-thread-1] INFO  server.RaftServerConfigKeys (ConfUtils.java:logGet(43)) - raft.server.snapshot.auto.trigger.enabled = true (custom)
2019-10-02 06:57:39,818 [pool-443-thread-1] INFO  server.RaftServerConfigKeys (ConfUtils.java:logGet(43)) - raft.server.snapshot.auto.trigger.threshold = 10000 (custom)
2019-10-02 06:57:39,819 [pool-443-thread-1] INFO  server.RaftServerConfigKeys (ConfUtils.java:logGet(43)) - raft.server.snapshot.retention.file.num = 5 (custom)
2019-10-02 06:57:39,819 [pool-443-thread-1] INFO  server.RaftServerConfigKeys (ConfUtils.java:logGet(43)) - raft.server.retrycache.expirytime = 600000ms (custom)
2019-10-02 06:57:39,821 [pool-443-thread-1] INFO  impl.RaftServerImpl (RaftServerImpl.java:start(181)) - 56af948b-10c2-4e9d-9b51-152604f99203@group-080F256CFF7A: start as a follower, conf=-1: [56af948b-10c2-4e9d-9b51-152604f99203:192.168.151.120:46407, 3981eb36-c5ec-4917-896d-bb2af3f40476:192.168.151.120:45086, c1a77776-d685-4580-b612-a6b6b0cb1b67:192.168.151.120:34250], old=null
2019-10-02 06:57:39,821 [pool-443-thread-1] INFO  impl.RaftServerImpl (RaftServerImpl.java:setRole(170)) - 56af948b-10c2-4e9d-9b51-152604f99203@group-080F256CFF7A: changes role from      null to FOLLOWER at term 0 for startAsFollower
2019-10-02 06:57:39,824 [pool-443-thread-1] INFO  impl.RoleInfo (RoleInfo.java:updateAndGet(143)) - 56af948b-10c2-4e9d-9b51-152604f99203: start FollowerState
2019-10-02 06:57:39,824 [pool-443-thread-1] INFO  util.JmxRegister (JmxRegister.java:tryRegister(44)) - Successfully registered JMX Bean with object name Ratis:service=RaftServer,group=group-080F256CFF7A,id=56af948b-10c2-4e9d-9b51-152604f99203
2019-10-02 06:57:39,834 [RatisPipelineUtilsThread] INFO  pipeline.PipelineStateManager (PipelineStateManager.java:addPipeline(56)) - Created pipeline Pipeline[ Id: 9a21de30-cfaf-4a26-a8fb-080f256cff7a, Nodes: 56af948b-10c2-4e9d-9b51-152604f99203{ip: 192.168.151.120, host: pr-hdds-2226-secures3-8x5vf-3889971208, networkLocation: /default-rack, certSerialId: null}3981eb36-c5ec-4917-896d-bb2af3f40476{ip: 192.168.151.120, host: pr-hdds-2226-secures3-8x5vf-3889971208, networkLocation: /default-rack, certSerialId: null}c1a77776-d685-4580-b612-a6b6b0cb1b67{ip: 192.168.151.120, host: pr-hdds-2226-secures3-8x5vf-3889971208, networkLocation: /default-rack, certSerialId: null}, Type:RATIS, Factor:THREE, State:OPEN]
2019-10-02 06:57:42,002 [Thread-2323] INFO  container.ReplicationManager (ReplicationManager.java:start(162)) - Starting Replication Monitor Thread.
2019-10-02 06:57:42,008 [ReplicationMonitor] INFO  container.ReplicationManager (ReplicationManager.java:run(225)) - Replication Monitor Thread took 0 milliseconds for processing 1 containers.
2019-10-02 06:57:44,198 [Thread-2325] INFO  impl.FollowerState (FollowerState.java:run(108)) - 691dac14-9c1e-4afc-a420-60831cbc8106@group-E206AAFAF74C-FollowerState: change to CANDIDATE, lastRpcTime:5159ms, electionTimeout:5158ms
2019-10-02 06:57:44,198 [Thread-2325] INFO  impl.RoleInfo (RoleInfo.java:shutdownFollowerState(121)) - 691dac14-9c1e-4afc-a420-60831cbc8106: shutdown FollowerState
2019-10-02 06:57:44,199 [Thread-2325] INFO  impl.RaftServerImpl (RaftServerImpl.java:setRole(170)) - 691dac14-9c1e-4afc-a420-60831cbc8106@group-E206AAFAF74C: changes role from  FOLLOWER to CANDIDATE at term 0 for changeToCandidate
2019-10-02 06:57:44,199 [Thread-2325] INFO  impl.RoleInfo (RoleInfo.java:updateAndGet(143)) - 691dac14-9c1e-4afc-a420-60831cbc8106: start LeaderElection
2019-10-02 06:57:44,223 [Thread-2328] INFO  impl.FollowerState (FollowerState.java:run(108)) - 75c431c6-2255-4813-a832-321b7fe043d1@group-0C696285E8B3-FollowerState: change to CANDIDATE, lastRpcTime:5108ms, electionTimeout:5108ms
2019-10-02 06:57:44,223 [Thread-2328] INFO  impl.RoleInfo (RoleInfo.java:shutdownFollowerState(121)) - 75c431c6-2255-4813-a832-321b7fe043d1: shutdown FollowerState
2019-10-02 06:57:44,223 [Thread-2328] INFO  impl.RaftServerImpl (RaftServerImpl.java:setRole(170)) - 75c431c6-2255-4813-a832-321b7fe043d1@group-0C696285E8B3: changes role from  FOLLOWER to CANDIDATE at term 0 for changeToCandidate
2019-10-02 06:57:44,223 [Thread-2328] INFO  impl.RoleInfo (RoleInfo.java:updateAndGet(143)) - 75c431c6-2255-4813-a832-321b7fe043d1: start LeaderElection
2019-10-02 06:57:44,237 [691dac14-9c1e-4afc-a420-60831cbc8106@group-E206AAFAF74C-LeaderElection83] INFO  impl.LeaderElection (LeaderElection.java:askForVotes(178)) - 691dac14-9c1e-4afc-a420-60831cbc8106@group-E206AAFAF74C-LeaderElection83: begin an election at term 1 for -1: [691dac14-9c1e-4afc-a420-60831cbc8106:192.168.151.120:45956], old=null
2019-10-02 06:57:44,237 [691dac14-9c1e-4afc-a420-60831cbc8106@group-E206AAFAF74C-LeaderElection83] INFO  impl.RoleInfo (RoleInfo.java:shutdownLeaderElection(134)) - 691dac14-9c1e-4afc-a420-60831cbc8106: shutdown LeaderElection
2019-10-02 06:57:44,237 [691dac14-9c1e-4afc-a420-60831cbc8106@group-E206AAFAF74C-LeaderElection83] INFO  impl.RaftServerImpl (RaftServerImpl.java:setRole(170)) - 691dac14-9c1e-4afc-a420-60831cbc8106@group-E206AAFAF74C: changes role from CANDIDATE to LEADER at term 1 for changeToLeader
2019-10-02 06:57:44,237 [691dac14-9c1e-4afc-a420-60831cbc8106@group-E206AAFAF74C-LeaderElection83] INFO  impl.RaftServerImpl (ServerState.java:setLeader(255)) - 691dac14-9c1e-4afc-a420-60831cbc8106@group-E206AAFAF74C: change Leader from null to 691dac14-9c1e-4afc-a420-60831cbc8106 at term 1 for becomeLeader, leader elected after 5203ms
2019-10-02 06:57:44,237 [691dac14-9c1e-4afc-a420-60831cbc8106@group-E206AAFAF74C-LeaderElection83] INFO  server.RaftServerConfigKeys (ConfUtils.java:logGet(43)) - raft.server.staging.catchup.gap = 1000 (default)
2019-10-02 06:57:44,237 [691dac14-9c1e-4afc-a420-60831cbc8106@group-E206AAFAF74C-LeaderElection83] INFO  server.RaftServerConfigKeys (ConfUtils.java:logGet(43)) - raft.server.rpc.sleep.time = 25ms (default)
2019-10-02 06:57:44,238 [691dac14-9c1e-4afc-a420-60831cbc8106@group-E206AAFAF74C-LeaderElection83] INFO  server.RaftServerConfigKeys (ConfUtils.java:logGet(43)) - raft.server.write.element-limit = 4096 (default)
2019-10-02 06:57:44,238 [691dac14-9c1e-4afc-a420-60831cbc8106@group-E206AAFAF74C-LeaderElection83] INFO  server.RaftServerConfigKeys (ConfUtils.java:logGet(43)) - raft.server.watch.timeout = 10s (default)
2019-10-02 06:57:44,238 [691dac14-9c1e-4afc-a420-60831cbc8106@group-E206AAFAF74C-LeaderElection83] INFO  server.RaftServerConfigKeys (ConfUtils.java:logGet(43)) - raft.server.watch.timeout.denomination = 1s (default)
2019-10-02 06:57:44,238 [691dac14-9c1e-4afc-a420-60831cbc8106@group-E206AAFAF74C-LeaderElection83] INFO  server.RaftServerConfigKeys (ConfUtils.java:logGet(43)) - raft.server.watch.element-limit = 65536 (default)
2019-10-02 06:57:44,240 [691dac14-9c1e-4afc-a420-60831cbc8106@group-E206AAFAF74C-LeaderElection83] INFO  impl.RoleInfo (RoleInfo.java:updateAndGet(143)) - 691dac14-9c1e-4afc-a420-60831cbc8106: start LeaderState
2019-10-02 06:57:44,240 [691dac14-9c1e-4afc-a420-60831cbc8106@group-E206AAFAF74C-LeaderElection83] INFO  segmented.SegmentedRaftLogWorker (SegmentedRaftLogWorker.java:startLogSegment(385)) - 691dac14-9c1e-4afc-a420-60831cbc8106@group-E206AAFAF74C-SegmentedRaftLogWorker: Starting segment from index:0
2019-10-02 06:57:44,241 [691dac14-9c1e-4afc-a420-60831cbc8106@group-E206AAFAF74C-LeaderElection83] INFO  impl.RaftServerImpl (ServerState.java:setRaftConf(356)) - 691dac14-9c1e-4afc-a420-60831cbc8106@group-E206AAFAF74C: set configuration 0: [691dac14-9c1e-4afc-a420-60831cbc8106:192.168.151.120:45956], old=null at 0
2019-10-02 06:57:44,264 [75c431c6-2255-4813-a832-321b7fe043d1@group-0C696285E8B3-LeaderElection84] INFO  impl.LeaderElection (LeaderElection.java:askForVotes(178)) - 75c431c6-2255-4813-a832-321b7fe043d1@group-0C696285E8B3-LeaderElection84: begin an election at term 1 for -1: [75c431c6-2255-4813-a832-321b7fe043d1:192.168.151.120:46143], old=null
2019-10-02 06:57:44,265 [75c431c6-2255-4813-a832-321b7fe043d1@group-0C696285E8B3-LeaderElection84] INFO  impl.RoleInfo (RoleInfo.java:shutdownLeaderElection(134)) - 75c431c6-2255-4813-a832-321b7fe043d1: shutdown LeaderElection
2019-10-02 06:57:44,265 [75c431c6-2255-4813-a832-321b7fe043d1@group-0C696285E8B3-LeaderElection84] INFO  impl.RaftServerImpl (RaftServerImpl.java:setRole(170)) - 75c431c6-2255-4813-a832-321b7fe043d1@group-0C696285E8B3: changes role from CANDIDATE to LEADER at term 1 for changeToLeader
2019-10-02 06:57:44,265 [75c431c6-2255-4813-a832-321b7fe043d1@group-0C696285E8B3-LeaderElection84] INFO  impl.RaftServerImpl (ServerState.java:setLeader(255)) - 75c431c6-2255-4813-a832-321b7fe043d1@group-0C696285E8B3: change Leader from null to 75c431c6-2255-4813-a832-321b7fe043d1 at term 1 for becomeLeader, leader elected after 5157ms
2019-10-02 06:57:44,265 [75c431c6-2255-4813-a832-321b7fe043d1@group-0C696285E8B3-LeaderElection84] INFO  server.RaftServerConfigKeys (ConfUtils.java:logGet(43)) - raft.server.staging.catchup.gap = 1000 (default)
2019-10-02 06:57:44,265 [75c431c6-2255-4813-a832-321b7fe043d1@group-0C696285E8B3-LeaderElection84] INFO  server.RaftServerConfigKeys (ConfUtils.java:logGet(43)) - raft.server.rpc.sleep.time = 25ms (default)
2019-10-02 06:57:44,266 [75c431c6-2255-4813-a832-321b7fe043d1@group-0C696285E8B3-LeaderElection84] INFO  server.RaftServerConfigKeys (ConfUtils.java:logGet(43)) - raft.server.write.element-limit = 4096 (default)
2019-10-02 06:57:44,266 [75c431c6-2255-4813-a832-321b7fe043d1@group-0C696285E8B3-LeaderElection84] INFO  server.RaftServerConfigKeys (ConfUtils.java:logGet(43)) - raft.server.watch.timeout = 10s (default)
2019-10-02 06:57:44,266 [75c431c6-2255-4813-a832-321b7fe043d1@group-0C696285E8B3-LeaderElection84] INFO  server.RaftServerConfigKeys (ConfUtils.java:logGet(43)) - raft.server.watch.timeout.denomination = 1s (default)
2019-10-02 06:57:44,266 [75c431c6-2255-4813-a832-321b7fe043d1@group-0C696285E8B3-LeaderElection84] INFO  server.RaftServerConfigKeys (ConfUtils.java:logGet(43)) - raft.server.watch.element-limit = 65536 (default)
2019-10-02 06:57:44,273 [75c431c6-2255-4813-a832-321b7fe043d1@group-0C696285E8B3-LeaderElection84] INFO  impl.RoleInfo (RoleInfo.java:updateAndGet(143)) - 75c431c6-2255-4813-a832-321b7fe043d1: start LeaderState
2019-10-02 06:57:44,273 [75c431c6-2255-4813-a832-321b7fe043d1@group-0C696285E8B3-LeaderElection84] INFO  segmented.SegmentedRaftLogWorker (SegmentedRaftLogWorker.java:startLogSegment(385)) - 75c431c6-2255-4813-a832-321b7fe043d1@group-0C696285E8B3-SegmentedRaftLogWorker: Starting segment from index:0
2019-10-02 06:57:44,276 [75c431c6-2255-4813-a832-321b7fe043d1@group-0C696285E8B3-LeaderElection84] INFO  impl.RaftServerImpl (ServerState.java:setRaftConf(356)) - 75c431c6-2255-4813-a832-321b7fe043d1@group-0C696285E8B3: set configuration 0: [75c431c6-2255-4813-a832-321b7fe043d1:192.168.151.120:46143], old=null at 0
2019-10-02 06:57:44,311 [691dac14-9c1e-4afc-a420-60831cbc8106@group-E206AAFAF74C-SegmentedRaftLogWorker] INFO  segmented.SegmentedRaftLogWorker (SegmentedRaftLogWorker.java:execute(574)) - 691dac14-9c1e-4afc-a420-60831cbc8106@group-E206AAFAF74C-SegmentedRaftLogWorker: created new log segment /workdir/hadoop-ozone/integration-test/target/test-dir/MiniOzoneClusterImpl-114c4bac-0767-4583-9a80-7f277782f6bb/datanode-0/data/ratis/219752dd-1683-499b-b411-e206aafaf74c/current/log_inprogress_0
2019-10-02 06:57:44,337 [75c431c6-2255-4813-a832-321b7fe043d1@group-0C696285E8B3-SegmentedRaftLogWorker] INFO  segmented.SegmentedRaftLogWorker (SegmentedRaftLogWorker.java:execute(574)) - 75c431c6-2255-4813-a832-321b7fe043d1@group-0C696285E8B3-SegmentedRaftLogWorker: created new log segment /workdir/hadoop-ozone/integration-test/target/test-dir/MiniOzoneClusterImpl-114c4bac-0767-4583-9a80-7f277782f6bb/datanode-1/data/ratis/113529a2-bc37-4a2b-a10e-0c696285e8b3/current/log_inprogress_0
2019-10-02 06:57:44,358 [Thread-2336] INFO  impl.FollowerState (FollowerState.java:run(108)) - 75c431c6-2255-4813-a832-321b7fe043d1@group-9453F3C754D7-FollowerState: change to CANDIDATE, lastRpcTime:5010ms, electionTimeout:5010ms
2019-10-02 06:57:44,358 [Thread-2336] INFO  impl.RoleInfo (RoleInfo.java:shutdownFollowerState(121)) - 75c431c6-2255-4813-a832-321b7fe043d1: shutdown FollowerState
2019-10-02 06:57:44,358 [Thread-2336] INFO  impl.RaftServerImpl (RaftServerImpl.java:setRole(170)) - 75c431c6-2255-4813-a832-321b7fe043d1@group-9453F3C754D7: changes role from  FOLLOWER to CANDIDATE at term 0 for changeToCandidate
2019-10-02 06:57:44,358 [Thread-2336] INFO  impl.RoleInfo (RoleInfo.java:updateAndGet(143)) - 75c431c6-2255-4813-a832-321b7fe043d1: start LeaderElection
2019-10-02 06:57:44,377 [75c431c6-2255-4813-a832-321b7fe043d1@group-9453F3C754D7-LeaderElection85] INFO  impl.LeaderElection (LeaderElection.java:askForVotes(178)) - 75c431c6-2255-4813-a832-321b7fe043d1@group-9453F3C754D7-LeaderElection85: begin an election at term 1 for -1: [75c431c6-2255-4813-a832-321b7fe043d1:192.168.151.120:46143, 5370fe99-4325-4ea8-ac56-56f9f1355838:192.168.151.120:43514, 691dac14-9c1e-4afc-a420-60831cbc8106:192.168.151.120:45956], old=null
2019-10-02 06:57:44,398 [Thread-2338] INFO  impl.FollowerState (FollowerState.java:run(108)) - 5370fe99-4325-4ea8-ac56-56f9f1355838@group-9453F3C754D7-FollowerState: change to CANDIDATE, lastRpcTime:5049ms, electionTimeout:5049ms
2019-10-02 06:57:44,398 [Thread-2338] INFO  impl.RoleInfo (RoleInfo.java:shutdownFollowerState(121)) - 5370fe99-4325-4ea8-ac56-56f9f1355838: shutdown FollowerState
2019-10-02 06:57:44,398 [Thread-2338] INFO  impl.RaftServerImpl (RaftServerImpl.java:setRole(170)) - 5370fe99-4325-4ea8-ac56-56f9f1355838@group-9453F3C754D7: changes role from  FOLLOWER to CANDIDATE at term 0 for changeToCandidate
2019-10-02 06:57:44,398 [Thread-2338] INFO  impl.RoleInfo (RoleInfo.java:updateAndGet(143)) - 5370fe99-4325-4ea8-ac56-56f9f1355838: start LeaderElection
2019-10-02 06:57:44,403 [grpc-default-executor-0] INFO  impl.RaftServerImpl (RaftServerImpl.java:setRole(170)) - 691dac14-9c1e-4afc-a420-60831cbc8106@group-9453F3C754D7: changes role from  FOLLOWER to FOLLOWER at term 1 for recognizeCandidate:75c431c6-2255-4813-a832-321b7fe043d1
2019-10-02 06:57:44,403 [grpc-default-executor-0] INFO  impl.RoleInfo (RoleInfo.java:shutdownFollowerState(121)) - 691dac14-9c1e-4afc-a420-60831cbc8106: shutdown FollowerState
2019-10-02 06:57:44,403 [grpc-default-executor-0] INFO  impl.RoleInfo (RoleInfo.java:updateAndGet(143)) - 691dac14-9c1e-4afc-a420-60831cbc8106: start FollowerState
2019-10-02 06:57:44,404 [Thread-2337] INFO  impl.FollowerState (FollowerState.java:run(117)) - 691dac14-9c1e-4afc-a420-60831cbc8106@group-9453F3C754D7-FollowerState was interrupted: java.lang.InterruptedException: sleep interrupted
2019-10-02 06:57:44,418 [5370fe99-4325-4ea8-ac56-56f9f1355838@group-9453F3C754D7-LeaderElection86] INFO  impl.LeaderElection (LeaderElection.java:askForVotes(178)) - 5370fe99-4325-4ea8-ac56-56f9f1355838@group-9453F3C754D7-LeaderElection86: begin an election at term 1 for -1: [75c431c6-2255-4813-a832-321b7fe043d1:192.168.151.120:46143, 5370fe99-4325-4ea8-ac56-56f9f1355838:192.168.151.120:43514, 691dac14-9c1e-4afc-a420-60831cbc8106:192.168.151.120:45956], old=null
2019-10-02 06:57:44,429 [75c431c6-2255-4813-a832-321b7fe043d1@group-9453F3C754D7-LeaderElection85] INFO  impl.LeaderElection (LeaderElection.java:logAndReturn(56)) - 75c431c6-2255-4813-a832-321b7fe043d1@group-9453F3C754D7-LeaderElection85: Election PASSED; received 2 response(s) [75c431c6-2255-4813-a832-321b7fe043d1<-5370fe99-4325-4ea8-ac56-56f9f1355838#0:FAIL-t1, 75c431c6-2255-4813-a832-321b7fe043d1<-691dac14-9c1e-4afc-a420-60831cbc8106#0:OK-t1] and 0 exception(s); 75c431c6-2255-4813-a832-321b7fe043d1@group-9453F3C754D7:t1, leader=null, voted=75c431c6-2255-4813-a832-321b7fe043d1, raftlog=75c431c6-2255-4813-a832-321b7fe043d1@group-9453F3C754D7-SegmentedRaftLog:OPENED:c-1,f-1,i0, conf=-1: [75c431c6-2255-4813-a832-321b7fe043d1:192.168.151.120:46143, 5370fe99-4325-4ea8-ac56-56f9f1355838:192.168.151.120:43514, 691dac14-9c1e-4afc-a420-60831cbc8106:192.168.151.120:45956], old=null
2019-10-02 06:57:44,429 [75c431c6-2255-4813-a832-321b7fe043d1@group-9453F3C754D7-LeaderElection85] INFO  impl.RoleInfo (RoleInfo.java:shutdownLeaderElection(134)) - 75c431c6-2255-4813-a832-321b7fe043d1: shutdown LeaderElection
2019-10-02 06:57:44,429 [75c431c6-2255-4813-a832-321b7fe043d1@group-9453F3C754D7-LeaderElection85] INFO  impl.RaftServerImpl (RaftServerImpl.java:setRole(170)) - 75c431c6-2255-4813-a832-321b7fe043d1@group-9453F3C754D7: changes role from CANDIDATE to LEADER at term 1 for changeToLeader
2019-10-02 06:57:44,430 [75c431c6-2255-4813-a832-321b7fe043d1@group-9453F3C754D7-LeaderElection85] INFO  impl.RaftServerImpl (ServerState.java:setLeader(255)) - 75c431c6-2255-4813-a832-321b7fe043d1@group-9453F3C754D7: change Leader from null to 75c431c6-2255-4813-a832-321b7fe043d1 at term 1 for becomeLeader, leader elected after 5097ms
2019-10-02 06:57:44,430 [75c431c6-2255-4813-a832-321b7fe043d1@group-9453F3C754D7-LeaderElection85] INFO  server.RaftServerConfigKeys (ConfUtils.java:logGet(43)) - raft.server.staging.catchup.gap = 1000 (default)
2019-10-02 06:57:44,430 [75c431c6-2255-4813-a832-321b7fe043d1@group-9453F3C754D7-LeaderElection85] INFO  server.RaftServerConfigKeys (ConfUtils.java:logGet(43)) - raft.server.rpc.sleep.time = 25ms (default)
2019-10-02 06:57:44,430 [75c431c6-2255-4813-a832-321b7fe043d1@group-9453F3C754D7-LeaderElection85] INFO  server.RaftServerConfigKeys (ConfUtils.java:logGet(43)) - raft.server.write.element-limit = 4096 (default)
2019-10-02 06:57:44,430 [75c431c6-2255-4813-a832-321b7fe043d1@group-9453F3C754D7-LeaderElection85] INFO  server.RaftServerConfigKeys (ConfUtils.java:logGet(43)) - raft.server.watch.timeout = 10s (default)
2019-10-02 06:57:44,430 [75c431c6-2255-4813-a832-321b7fe043d1@group-9453F3C754D7-LeaderElection85] INFO  server.RaftServerConfigKeys (ConfUtils.java:logGet(43)) - raft.server.watch.timeout.denomination = 1s (default)
2019-10-02 06:57:44,430 [75c431c6-2255-4813-a832-321b7fe043d1@group-9453F3C754D7-LeaderElection85] INFO  server.RaftServerConfigKeys (ConfUtils.java:logGet(43)) - raft.server.watch.element-limit = 65536 (default)
2019-10-02 06:57:44,436 [Thread-2331] INFO  impl.FollowerState (FollowerState.java:run(108)) - 5370fe99-4325-4ea8-ac56-56f9f1355838@group-A6C318378E66-FollowerState: change to CANDIDATE, lastRpcTime:5198ms, electionTimeout:5193ms
2019-10-02 06:57:44,442 [Thread-2331] INFO  impl.RoleInfo (RoleInfo.java:shutdownFollowerState(121)) - 5370fe99-4325-4ea8-ac56-56f9f1355838: shutdown FollowerState
2019-10-02 06:57:44,442 [Thread-2331] INFO  impl.RaftServerImpl (RaftServerImpl.java:setRole(170)) - 5370fe99-4325-4ea8-ac56-56f9f1355838@group-A6C318378E66: changes role from  FOLLOWER to CANDIDATE at term 0 for changeToCandidate
2019-10-02 06:57:44,442 [Thread-2331] INFO  impl.RoleInfo (RoleInfo.java:updateAndGet(143)) - 5370fe99-4325-4ea8-ac56-56f9f1355838: start LeaderElection
2019-10-02 06:57:44,457 [75c431c6-2255-4813-a832-321b7fe043d1@group-9453F3C754D7-LeaderElection85] INFO  server.RaftServerConfigKeys (ConfUtils.java:logGet(43)) - raft.server.log.appender.snapshot.chunk.size.max = 16MB (=16777216) (default)
2019-10-02 06:57:44,457 [75c431c6-2255-4813-a832-321b7fe043d1@group-9453F3C754D7-LeaderElection85] INFO  server.RaftServerConfigKeys (ConfUtils.java:logGet(43)) - raft.server.log.appender.buffer.byte-limit = 33554432 (custom)
2019-10-02 06:57:44,457 [75c431c6-2255-4813-a832-321b7fe043d1@group-9453F3C754D7-LeaderElection85] INFO  server.RaftServerConfigKeys (ConfUtils.java:logGet(43)) - raft.server.log.appender.buffer.element-limit = 1 (custom)
2019-10-02 06:57:44,458 [75c431c6-2255-4813-a832-321b7fe043d1@group-9453F3C754D7-LeaderElection85] INFO  grpc.GrpcConfigKeys$Server (ConfUtils.java:logGet(43)) - raft.grpc.server.leader.outstanding.appends.max = 128 (default)
2019-10-02 06:57:44,458 [75c431c6-2255-4813-a832-321b7fe043d1@group-9453F3C754D7-LeaderElection85] INFO  server.RaftServerConfigKeys (ConfUtils.java:logGet(43)) - raft.server.rpc.request.timeout = 3000ms (default)
2019-10-02 06:57:44,458 [75c431c6-2255-4813-a832-321b7fe043d1@group-9453F3C754D7-LeaderElection85] INFO  server.RaftServerConfigKeys (ConfUtils.java:logGet(43)) - raft.server.log.appender.install.snapshot.enabled = false (custom)
2019-10-02 06:57:44,458 [75c431c6-2255-4813-a832-321b7fe043d1@group-9453F3C754D7-LeaderElection85] INFO  server.RaftServerConfigKeys (ConfUtils.java:logGet(43)) - raft.server.log.appender.snapshot.chunk.size.max = 16MB (=16777216) (default)
2019-10-02 06:57:44,459 [75c431c6-2255-4813-a832-321b7fe043d1@group-9453F3C754D7-LeaderElection85] INFO  server.RaftServerConfigKeys (ConfUtils.java:logGet(43)) - raft.server.log.appender.buffer.byte-limit = 33554432 (custom)
2019-10-02 06:57:44,459 [75c431c6-2255-4813-a832-321b7fe043d1@group-9453F3C754D7-LeaderElection85] INFO  server.RaftServerConfigKeys (ConfUtils.java:logGet(43)) - raft.server.log.appender.buffer.element-limit = 1 (custom)
2019-10-02 06:57:44,459 [75c431c6-2255-4813-a832-321b7fe043d1@group-9453F3C754D7-LeaderElection85] INFO  grpc.GrpcConfigKeys$Server (ConfUtils.java:logGet(43)) - raft.grpc.server.leader.outstanding.appends.max = 128 (default)
2019-10-02 06:57:44,459 [75c431c6-2255-4813-a832-321b7fe043d1@group-9453F3C754D7-LeaderElection85] INFO  server.RaftServerConfigKeys (ConfUtils.java:logGet(43)) - raft.server.rpc.request.timeout = 3000ms (default)
2019-10-02 06:57:44,459 [75c431c6-2255-4813-a832-321b7fe043d1@group-9453F3C754D7-LeaderElection85] INFO  server.RaftServerConfigKeys (ConfUtils.java:logGet(43)) - raft.server.log.appender.install.snapshot.enabled = false (custom)
2019-10-02 06:57:44,460 [75c431c6-2255-4813-a832-321b7fe043d1@group-9453F3C754D7-LeaderElection85] INFO  impl.RoleInfo (RoleInfo.java:updateAndGet(143)) - 75c431c6-2255-4813-a832-321b7fe043d1: start LeaderState
2019-10-02 06:57:44,460 [75c431c6-2255-4813-a832-321b7fe043d1@group-9453F3C754D7-LeaderElection85] INFO  segmented.SegmentedRaftLogWorker (SegmentedRaftLogWorker.java:startLogSegment(385)) - 75c431c6-2255-4813-a832-321b7fe043d1@group-9453F3C754D7-SegmentedRaftLogWorker: Starting segment from index:0
2019-10-02 06:57:44,468 [75c431c6-2255-4813-a832-321b7fe043d1@group-9453F3C754D7-LeaderElection85] INFO  impl.RaftServerImpl (ServerState.java:setRaftConf(356)) - 75c431c6-2255-4813-a832-321b7fe043d1@group-9453F3C754D7: set configuration 0: [75c431c6-2255-4813-a832-321b7fe043d1:192.168.151.120:46143, 5370fe99-4325-4ea8-ac56-56f9f1355838:192.168.151.120:43514, 691dac14-9c1e-4afc-a420-60831cbc8106:192.168.151.120:45956], old=null at 0
2019-10-02 06:57:44,477 [grpc-default-executor-3] INFO  impl.RaftServerImpl (ServerState.java:setLeader(255)) - 691dac14-9c1e-4afc-a420-60831cbc8106@group-9453F3C754D7: change Leader from null to 75c431c6-2255-4813-a832-321b7fe043d1 at term 1 for appendEntries, leader elected after 5144ms
2019-10-02 06:57:44,479 [grpc-default-executor-7] INFO  impl.RaftServerImpl (RaftServerImpl.java:setRole(170)) - 5370fe99-4325-4ea8-ac56-56f9f1355838@group-9453F3C754D7: changes role from CANDIDATE to FOLLOWER at term 1 for appendEntries
2019-10-02 06:57:44,479 [grpc-default-executor-6] INFO  impl.RaftServerImpl (RaftServerImpl.java:requestVote(754)) - 75c431c6-2255-4813-a832-321b7fe043d1@group-9453F3C754D7-   LEADER: Withhold vote from candidate 5370fe99-4325-4ea8-ac56-56f9f1355838 with term 1. State: leader=75c431c6-2255-4813-a832-321b7fe043d1, term=1, lastRpcElapsed=null
2019-10-02 06:57:44,479 [grpc-default-executor-0] INFO  impl.RaftServerImpl (RaftServerImpl.java:requestVote(754)) - 691dac14-9c1e-4afc-a420-60831cbc8106@group-9453F3C754D7- FOLLOWER: Withhold vote from candidate 5370fe99-4325-4ea8-ac56-56f9f1355838 with term 1. State: leader=75c431c6-2255-4813-a832-321b7fe043d1, term=1, lastRpcElapsed=1ms
2019-10-02 06:57:44,479 [grpc-default-executor-7] INFO  impl.RoleInfo (RoleInfo.java:shutdownLeaderElection(134)) - 5370fe99-4325-4ea8-ac56-56f9f1355838: shutdown LeaderElection
2019-10-02 06:57:44,531 [grpc-default-executor-7] INFO  impl.RoleInfo (RoleInfo.java:updateAndGet(143)) - 5370fe99-4325-4ea8-ac56-56f9f1355838: start FollowerState
2019-10-02 06:57:44,533 [grpc-default-executor-7] INFO  impl.RaftServerImpl (ServerState.java:setLeader(255)) - 5370fe99-4325-4ea8-ac56-56f9f1355838@group-9453F3C754D7: change Leader from null to 75c431c6-2255-4813-a832-321b7fe043d1 at term 1 for appendEntries, leader elected after 5200ms
2019-10-02 06:57:44,531 [5370fe99-4325-4ea8-ac56-56f9f1355838@group-A6C318378E66-LeaderElection87] INFO  impl.LeaderElection (LeaderElection.java:askForVotes(178)) - 5370fe99-4325-4ea8-ac56-56f9f1355838@group-A6C318378E66-LeaderElection87: begin an election at term 1 for -1: [5370fe99-4325-4ea8-ac56-56f9f1355838:192.168.151.120:43514], old=null
2019-10-02 06:57:44,535 [5370fe99-4325-4ea8-ac56-56f9f1355838@group-A6C318378E66-LeaderElection87] INFO  impl.RoleInfo (RoleInfo.java:shutdownLeaderElection(134)) - 5370fe99-4325-4ea8-ac56-56f9f1355838: shutdown LeaderElection
2019-10-02 06:57:44,535 [5370fe99-4325-4ea8-ac56-56f9f1355838@group-A6C318378E66-LeaderElection87] INFO  impl.RaftServerImpl (RaftServerImpl.java:setRole(170)) - 5370fe99-4325-4ea8-ac56-56f9f1355838@group-A6C318378E66: changes role from CANDIDATE to LEADER at term 1 for changeToLeader
2019-10-02 06:57:44,535 [5370fe99-4325-4ea8-ac56-56f9f1355838@group-A6C318378E66-LeaderElection87] INFO  impl.RaftServerImpl (ServerState.java:setLeader(255)) - 5370fe99-4325-4ea8-ac56-56f9f1355838@group-A6C318378E66: change Leader from null to 5370fe99-4325-4ea8-ac56-56f9f1355838 at term 1 for becomeLeader, leader elected after 5314ms
2019-10-02 06:57:44,535 [5370fe99-4325-4ea8-ac56-56f9f1355838@group-A6C318378E66-LeaderElection87] INFO  server.RaftServerConfigKeys (ConfUtils.java:logGet(43)) - raft.server.staging.catchup.gap = 1000 (default)
2019-10-02 06:57:44,535 [5370fe99-4325-4ea8-ac56-56f9f1355838@group-A6C318378E66-LeaderElection87] INFO  server.RaftServerConfigKeys (ConfUtils.java:logGet(43)) - raft.server.rpc.sleep.time = 25ms (default)
2019-10-02 06:57:44,535 [5370fe99-4325-4ea8-ac56-56f9f1355838@group-A6C318378E66-LeaderElection87] INFO  server.RaftServerConfigKeys (ConfUtils.java:logGet(43)) - raft.server.write.element-limit = 4096 (default)
2019-10-02 06:57:44,536 [5370fe99-4325-4ea8-ac56-56f9f1355838@group-A6C318378E66-LeaderElection87] INFO  server.RaftServerConfigKeys (ConfUtils.java:logGet(43)) - raft.server.watch.timeout = 10s (default)
2019-10-02 06:57:44,536 [grpc-default-executor-7] INFO  impl.RaftServerImpl (ServerState.java:setRaftConf(356)) - 5370fe99-4325-4ea8-ac56-56f9f1355838@group-9453F3C754D7: set configuration 0: [75c431c6-2255-4813-a832-321b7fe043d1:192.168.151.120:46143, 5370fe99-4325-4ea8-ac56-56f9f1355838:192.168.151.120:43514, 691dac14-9c1e-4afc-a420-60831cbc8106:192.168.151.120:45956], old=null at 0
2019-10-02 06:57:44,536 [grpc-default-executor-7] INFO  segmented.SegmentedRaftLogWorker (SegmentedRaftLogWorker.java:startLogSegment(385)) - 5370fe99-4325-4ea8-ac56-56f9f1355838@group-9453F3C754D7-SegmentedRaftLogWorker: Starting segment from index:0
2019-10-02 06:57:44,536 [5370fe99-4325-4ea8-ac56-56f9f1355838@group-A6C318378E66-LeaderElection87] INFO  server.RaftServerConfigKeys (ConfUtils.java:logGet(43)) - raft.server.watch.timeout.denomination = 1s (default)
2019-10-02 06:57:44,538 [5370fe99-4325-4ea8-ac56-56f9f1355838@group-9453F3C754D7-LeaderElection86] INFO  impl.LeaderElection (LeaderElection.java:logAndReturn(56)) - 5370fe99-4325-4ea8-ac56-56f9f1355838@group-9453F3C754D7-LeaderElection86: Election REJECTED; received 1 response(s) [5370fe99-4325-4ea8-ac56-56f9f1355838<-75c431c6-2255-4813-a832-321b7fe043d1#0:FAIL-t1] and 0 exception(s); 5370fe99-4325-4ea8-ac56-56f9f1355838@group-9453F3C754D7:t1, leader=75c431c6-2255-4813-a832-321b7fe043d1, voted=5370fe99-4325-4ea8-ac56-56f9f1355838, raftlog=5370fe99-4325-4ea8-ac56-56f9f1355838@group-9453F3C754D7-SegmentedRaftLog:OPENED:c-1,f-1,i0, conf=0: [75c431c6-2255-4813-a832-321b7fe043d1:192.168.151.120:46143, 5370fe99-4325-4ea8-ac56-56f9f1355838:192.168.151.120:43514, 691dac14-9c1e-4afc-a420-60831cbc8106:192.168.151.120:45956], old=null
2019-10-02 06:57:44,539 [5370fe99-4325-4ea8-ac56-56f9f1355838@group-A6C318378E66-LeaderElection87] INFO  server.RaftServerConfigKeys (ConfUtils.java:logGet(43)) - raft.server.watch.element-limit = 65536 (default)
2019-10-02 06:57:44,542 [75c431c6-2255-4813-a832-321b7fe043d1@group-9453F3C754D7-SegmentedRaftLogWorker] INFO  segmented.SegmentedRaftLogWorker (SegmentedRaftLogWorker.java:execute(574)) - 75c431c6-2255-4813-a832-321b7fe043d1@group-9453F3C754D7-SegmentedRaftLogWorker: created new log segment /workdir/hadoop-ozone/integration-test/target/test-dir/MiniOzoneClusterImpl-114c4bac-0767-4583-9a80-7f277782f6bb/datanode-1/data/ratis/2507c0c0-c9a0-4b6b-a646-9453f3c754d7/current/log_inprogress_0
2019-10-02 06:57:44,585 [grpc-default-executor-7] INFO  impl.RaftServerImpl (ServerState.java:setRaftConf(356)) - 691dac14-9c1e-4afc-a420-60831cbc8106@group-9453F3C754D7: set configuration 0: [75c431c6-2255-4813-a832-321b7fe043d1:192.168.151.120:46143, 5370fe99-4325-4ea8-ac56-56f9f1355838:192.168.151.120:43514, 691dac14-9c1e-4afc-a420-60831cbc8106:192.168.151.120:45956], old=null at 0
2019-10-02 06:57:44,585 [grpc-default-executor-7] INFO  segmented.SegmentedRaftLogWorker (SegmentedRaftLogWorker.java:startLogSegment(385)) - 691dac14-9c1e-4afc-a420-60831cbc8106@group-9453F3C754D7-SegmentedRaftLogWorker: Starting segment from index:0
2019-10-02 06:57:44,586 [5370fe99-4325-4ea8-ac56-56f9f1355838@group-9453F3C754D7-SegmentedRaftLogWorker] INFO  segmented.SegmentedRaftLogWorker (SegmentedRaftLogWorker.java:execute(574)) - 5370fe99-4325-4ea8-ac56-56f9f1355838@group-9453F3C754D7-SegmentedRaftLogWorker: created new log segment /workdir/hadoop-ozone/integration-test/target/test-dir/MiniOzoneClusterImpl-114c4bac-0767-4583-9a80-7f277782f6bb/datanode-2/data/ratis/2507c0c0-c9a0-4b6b-a646-9453f3c754d7/current/log_inprogress_0
2019-10-02 06:57:44,586 [5370fe99-4325-4ea8-ac56-56f9f1355838@group-A6C318378E66-LeaderElection87] INFO  impl.RoleInfo (RoleInfo.java:updateAndGet(143)) - 5370fe99-4325-4ea8-ac56-56f9f1355838: start LeaderState
2019-10-02 06:57:44,587 [5370fe99-4325-4ea8-ac56-56f9f1355838@group-A6C318378E66-LeaderElection87] INFO  segmented.SegmentedRaftLogWorker (SegmentedRaftLogWorker.java:startLogSegment(385)) - 5370fe99-4325-4ea8-ac56-56f9f1355838@group-A6C318378E66-SegmentedRaftLogWorker: Starting segment from index:0
2019-10-02 06:57:44,588 [5370fe99-4325-4ea8-ac56-56f9f1355838@group-A6C318378E66-LeaderElection87] INFO  impl.RaftServerImpl (ServerState.java:setRaftConf(356)) - 5370fe99-4325-4ea8-ac56-56f9f1355838@group-A6C318378E66: set configuration 0: [5370fe99-4325-4ea8-ac56-56f9f1355838:192.168.151.120:43514], old=null at 0
2019-10-02 06:57:44,595 [Thread-2343] INFO  impl.FollowerState (FollowerState.java:run(108)) - 3981eb36-c5ec-4917-896d-bb2af3f40476@group-FBD81A9C0FF8-FollowerState: change to CANDIDATE, lastRpcTime:5109ms, electionTimeout:5109ms
2019-10-02 06:57:44,595 [Thread-2343] INFO  impl.RoleInfo (RoleInfo.java:shutdownFollowerState(121)) - 3981eb36-c5ec-4917-896d-bb2af3f40476: shutdown FollowerState
2019-10-02 06:57:44,595 [Thread-2343] INFO  impl.RaftServerImpl (RaftServerImpl.java:setRole(170)) - 3981eb36-c5ec-4917-896d-bb2af3f40476@group-FBD81A9C0FF8: changes role from  FOLLOWER to CANDIDATE at term 0 for changeToCandidate
2019-10-02 06:57:44,595 [Thread-2343] INFO  impl.RoleInfo (RoleInfo.java:updateAndGet(143)) - 3981eb36-c5ec-4917-896d-bb2af3f40476: start LeaderElection
2019-10-02 06:57:44,633 [Thread-2348] INFO  impl.FollowerState (FollowerState.java:run(108)) - c1a77776-d685-4580-b612-a6b6b0cb1b67@group-226431664D08-FollowerState: change to CANDIDATE, lastRpcTime:5048ms, electionTimeout:5048ms
2019-10-02 06:57:44,634 [Thread-2348] INFO  impl.RoleInfo (RoleInfo.java:shutdownFollowerState(121)) - c1a77776-d685-4580-b612-a6b6b0cb1b67: shutdown FollowerState
2019-10-02 06:57:44,634 [Thread-2348] INFO  impl.RaftServerImpl (RaftServerImpl.java:setRole(170)) - c1a77776-d685-4580-b612-a6b6b0cb1b67@group-226431664D08: changes role from  FOLLOWER to CANDIDATE at term 0 for changeToCandidate
2019-10-02 06:57:44,634 [Thread-2348] INFO  impl.RoleInfo (RoleInfo.java:updateAndGet(143)) - c1a77776-d685-4580-b612-a6b6b0cb1b67: start LeaderElection
2019-10-02 06:57:44,643 [691dac14-9c1e-4afc-a420-60831cbc8106@group-9453F3C754D7-SegmentedRaftLogWorker] INFO  segmented.SegmentedRaftLogWorker (SegmentedRaftLogWorker.java:execute(574)) - 691dac14-9c1e-4afc-a420-60831cbc8106@group-9453F3C754D7-SegmentedRaftLogWorker: created new log segment /workdir/hadoop-ozone/integration-test/target/test-dir/MiniOzoneClusterImpl-114c4bac-0767-4583-9a80-7f277782f6bb/datanode-0/data/ratis/2507c0c0-c9a0-4b6b-a646-9453f3c754d7/current/log_inprogress_0
2019-10-02 06:57:44,643 [5370fe99-4325-4ea8-ac56-56f9f1355838@group-A6C318378E66-SegmentedRaftLogWorker] INFO  segmented.SegmentedRaftLogWorker (SegmentedRaftLogWorker.java:execute(574)) - 5370fe99-4325-4ea8-ac56-56f9f1355838@group-A6C318378E66-SegmentedRaftLogWorker: created new log segment /workdir/hadoop-ozone/integration-test/target/test-dir/MiniOzoneClusterImpl-114c4bac-0767-4583-9a80-7f277782f6bb/datanode-2/data/ratis/5e9e508f-8c35-46e5-bccf-a6c318378e66/current/log_inprogress_0
2019-10-02 06:57:44,644 [3981eb36-c5ec-4917-896d-bb2af3f40476@group-FBD81A9C0FF8-LeaderElection88] INFO  impl.LeaderElection (LeaderElection.java:askForVotes(178)) - 3981eb36-c5ec-4917-896d-bb2af3f40476@group-FBD81A9C0FF8-LeaderElection88: begin an election at term 1 for -1: [3981eb36-c5ec-4917-896d-bb2af3f40476:192.168.151.120:45086], old=null
2019-10-02 06:57:44,644 [3981eb36-c5ec-4917-896d-bb2af3f40476@group-FBD81A9C0FF8-LeaderElection88] INFO  impl.RoleInfo (RoleInfo.java:shutdownLeaderElection(134)) - 3981eb36-c5ec-4917-896d-bb2af3f40476: shutdown LeaderElection
2019-10-02 06:57:44,644 [3981eb36-c5ec-4917-896d-bb2af3f40476@group-FBD81A9C0FF8-LeaderElection88] INFO  impl.RaftServerImpl (RaftServerImpl.java:setRole(170)) - 3981eb36-c5ec-4917-896d-bb2af3f40476@group-FBD81A9C0FF8: changes role from CANDIDATE to LEADER at term 1 for changeToLeader
2019-10-02 06:57:44,644 [3981eb36-c5ec-4917-896d-bb2af3f40476@group-FBD81A9C0FF8-LeaderElection88] INFO  impl.RaftServerImpl (ServerState.java:setLeader(255)) - 3981eb36-c5ec-4917-896d-bb2af3f40476@group-FBD81A9C0FF8: change Leader from null to 3981eb36-c5ec-4917-896d-bb2af3f40476 at term 1 for becomeLeader, leader elected after 5168ms
2019-10-02 06:57:44,644 [3981eb36-c5ec-4917-896d-bb2af3f40476@group-FBD81A9C0FF8-LeaderElection88] INFO  server.RaftServerConfigKeys (ConfUtils.java:logGet(43)) - raft.server.staging.catchup.gap = 1000 (default)
2019-10-02 06:57:44,644 [3981eb36-c5ec-4917-896d-bb2af3f40476@group-FBD81A9C0FF8-LeaderElection88] INFO  server.RaftServerConfigKeys (ConfUtils.java:logGet(43)) - raft.server.rpc.sleep.time = 25ms (default)
2019-10-02 06:57:44,644 [3981eb36-c5ec-4917-896d-bb2af3f40476@group-FBD81A9C0FF8-LeaderElection88] INFO  server.RaftServerConfigKeys (ConfUtils.java:logGet(43)) - raft.server.write.element-limit = 4096 (default)
2019-10-02 06:57:44,645 [3981eb36-c5ec-4917-896d-bb2af3f40476@group-FBD81A9C0FF8-LeaderElection88] INFO  server.RaftServerConfigKeys (ConfUtils.java:logGet(43)) - raft.server.watch.timeout = 10s (default)
2019-10-02 06:57:44,645 [3981eb36-c5ec-4917-896d-bb2af3f40476@group-FBD81A9C0FF8-LeaderElection88] INFO  server.RaftServerConfigKeys (ConfUtils.java:logGet(43)) - raft.server.watch.timeout.denomination = 1s (default)
2019-10-02 06:57:44,645 [3981eb36-c5ec-4917-896d-bb2af3f40476@group-FBD81A9C0FF8-LeaderElection88] INFO  server.RaftServerConfigKeys (ConfUtils.java:logGet(43)) - raft.server.watch.element-limit = 65536 (default)
2019-10-02 06:57:44,646 [3981eb36-c5ec-4917-896d-bb2af3f40476@group-FBD81A9C0FF8-LeaderElection88] INFO  impl.RoleInfo (RoleInfo.java:updateAndGet(143)) - 3981eb36-c5ec-4917-896d-bb2af3f40476: start LeaderState
2019-10-02 06:57:44,646 [3981eb36-c5ec-4917-896d-bb2af3f40476@group-FBD81A9C0FF8-LeaderElection88] INFO  segmented.SegmentedRaftLogWorker (SegmentedRaftLogWorker.java:startLogSegment(385)) - 3981eb36-c5ec-4917-896d-bb2af3f40476@group-FBD81A9C0FF8-SegmentedRaftLogWorker: Starting segment from index:0
2019-10-02 06:57:44,647 [3981eb36-c5ec-4917-896d-bb2af3f40476@group-FBD81A9C0FF8-LeaderElection88] INFO  impl.RaftServerImpl (ServerState.java:setRaftConf(356)) - 3981eb36-c5ec-4917-896d-bb2af3f40476@group-FBD81A9C0FF8: set configuration 0: [3981eb36-c5ec-4917-896d-bb2af3f40476:192.168.151.120:45086], old=null at 0
2019-10-02 06:57:44,667 [c1a77776-d685-4580-b612-a6b6b0cb1b67@group-226431664D08-LeaderElection89] INFO  impl.LeaderElection (LeaderElection.java:askForVotes(178)) - c1a77776-d685-4580-b612-a6b6b0cb1b67@group-226431664D08-LeaderElection89: begin an election at term 1 for -1: [c1a77776-d685-4580-b612-a6b6b0cb1b67:192.168.151.120:34250], old=null
2019-10-02 06:57:44,667 [c1a77776-d685-4580-b612-a6b6b0cb1b67@group-226431664D08-LeaderElection89] INFO  impl.RoleInfo (RoleInfo.java:shutdownLeaderElection(134)) - c1a77776-d685-4580-b612-a6b6b0cb1b67: shutdown LeaderElection
2019-10-02 06:57:44,667 [c1a77776-d685-4580-b612-a6b6b0cb1b67@group-226431664D08-LeaderElection89] INFO  impl.RaftServerImpl (RaftServerImpl.java:setRole(170)) - c1a77776-d685-4580-b612-a6b6b0cb1b67@group-226431664D08: changes role from CANDIDATE to LEADER at term 1 for changeToLeader
2019-10-02 06:57:44,667 [c1a77776-d685-4580-b612-a6b6b0cb1b67@group-226431664D08-LeaderElection89] INFO  impl.RaftServerImpl (ServerState.java:setLeader(255)) - c1a77776-d685-4580-b612-a6b6b0cb1b67@group-226431664D08: change Leader from null to c1a77776-d685-4580-b612-a6b6b0cb1b67 at term 1 for becomeLeader, leader elected after 5121ms
2019-10-02 06:57:44,668 [c1a77776-d685-4580-b612-a6b6b0cb1b67@group-226431664D08-LeaderElection89] INFO  server.RaftServerConfigKeys (ConfUtils.java:logGet(43)) - raft.server.staging.catchup.gap = 1000 (default)
2019-10-02 06:57:44,668 [c1a77776-d685-4580-b612-a6b6b0cb1b67@group-226431664D08-LeaderElection89] INFO  server.RaftServerConfigKeys (ConfUtils.java:logGet(43)) - raft.server.rpc.sleep.time = 25ms (default)
2019-10-02 06:57:44,668 [c1a77776-d685-4580-b612-a6b6b0cb1b67@group-226431664D08-LeaderElection89] INFO  server.RaftServerConfigKeys (ConfUtils.java:logGet(43)) - raft.server.write.element-limit = 4096 (default)
2019-10-02 06:57:44,668 [c1a77776-d685-4580-b612-a6b6b0cb1b67@group-226431664D08-LeaderElection89] INFO  server.RaftServerConfigKeys (ConfUtils.java:logGet(43)) - raft.server.watch.timeout = 10s (default)
2019-10-02 06:57:44,668 [c1a77776-d685-4580-b612-a6b6b0cb1b67@group-226431664D08-LeaderElection89] INFO  server.RaftServerConfigKeys (ConfUtils.java:logGet(43)) - raft.server.watch.timeout.denomination = 1s (default)
2019-10-02 06:57:44,668 [c1a77776-d685-4580-b612-a6b6b0cb1b67@group-226431664D08-LeaderElection89] INFO  server.RaftServerConfigKeys (ConfUtils.java:logGet(43)) - raft.server.watch.element-limit = 65536 (default)
2019-10-02 06:57:44,671 [c1a77776-d685-4580-b612-a6b6b0cb1b67@group-226431664D08-LeaderElection89] INFO  impl.RoleInfo (RoleInfo.java:updateAndGet(143)) - c1a77776-d685-4580-b612-a6b6b0cb1b67: start LeaderState
2019-10-02 06:57:44,671 [c1a77776-d685-4580-b612-a6b6b0cb1b67@group-226431664D08-LeaderElection89] INFO  segmented.SegmentedRaftLogWorker (SegmentedRaftLogWorker.java:startLogSegment(385)) - c1a77776-d685-4580-b612-a6b6b0cb1b67@group-226431664D08-SegmentedRaftLogWorker: Starting segment from index:0
2019-10-02 06:57:44,672 [c1a77776-d685-4580-b612-a6b6b0cb1b67@group-226431664D08-LeaderElection89] INFO  impl.RaftServerImpl (ServerState.java:setRaftConf(356)) - c1a77776-d685-4580-b612-a6b6b0cb1b67@group-226431664D08: set configuration 0: [c1a77776-d685-4580-b612-a6b6b0cb1b67:192.168.151.120:34250], old=null at 0
2019-10-02 06:57:44,696 [3981eb36-c5ec-4917-896d-bb2af3f40476@group-FBD81A9C0FF8-SegmentedRaftLogWorker] INFO  segmented.SegmentedRaftLogWorker (SegmentedRaftLogWorker.java:execute(574)) - 3981eb36-c5ec-4917-896d-bb2af3f40476@group-FBD81A9C0FF8-SegmentedRaftLogWorker: created new log segment /workdir/hadoop-ozone/integration-test/target/test-dir/MiniOzoneClusterImpl-114c4bac-0767-4583-9a80-7f277782f6bb/datanode-3/data/ratis/bbe03666-42ef-4ee4-9bdc-fbd81a9c0ff8/current/log_inprogress_0
2019-10-02 06:57:44,709 [c1a77776-d685-4580-b612-a6b6b0cb1b67@group-226431664D08-SegmentedRaftLogWorker] INFO  segmented.SegmentedRaftLogWorker (SegmentedRaftLogWorker.java:execute(574)) - c1a77776-d685-4580-b612-a6b6b0cb1b67@group-226431664D08-SegmentedRaftLogWorker: created new log segment /workdir/hadoop-ozone/integration-test/target/test-dir/MiniOzoneClusterImpl-114c4bac-0767-4583-9a80-7f277782f6bb/datanode-4/data/ratis/8d194bd4-b4b8-43ed-9c3a-226431664d08/current/log_inprogress_0
2019-10-02 06:57:44,825 [Thread-2354] INFO  impl.FollowerState (FollowerState.java:run(108)) - 21f5d1c6-2777-47f5-89cb-52ebd6bc2dd1@group-4E076F7E1EFE-FollowerState: change to CANDIDATE, lastRpcTime:5110ms, electionTimeout:5110ms
2019-10-02 06:57:44,825 [Thread-2354] INFO  impl.RoleInfo (RoleInfo.java:shutdownFollowerState(121)) - 21f5d1c6-2777-47f5-89cb-52ebd6bc2dd1: shutdown FollowerState
2019-10-02 06:57:44,826 [Thread-2354] INFO  impl.RaftServerImpl (RaftServerImpl.java:setRole(170)) - 21f5d1c6-2777-47f5-89cb-52ebd6bc2dd1@group-4E076F7E1EFE: changes role from  FOLLOWER to CANDIDATE at term 0 for changeToCandidate
2019-10-02 06:57:44,826 [Thread-2354] INFO  impl.RoleInfo (RoleInfo.java:updateAndGet(143)) - 21f5d1c6-2777-47f5-89cb-52ebd6bc2dd1: start LeaderElection
2019-10-02 06:57:44,845 [Thread-2351] INFO  impl.FollowerState (FollowerState.java:run(108)) - 56af948b-10c2-4e9d-9b51-152604f99203@group-A0F15D526909-FollowerState: change to CANDIDATE, lastRpcTime:5185ms, electionTimeout:5185ms
2019-10-02 06:57:44,845 [Thread-2351] INFO  impl.RoleInfo (RoleInfo.java:shutdownFollowerState(121)) - 56af948b-10c2-4e9d-9b51-152604f99203: shutdown FollowerState
2019-10-02 06:57:44,845 [Thread-2351] INFO  impl.RaftServerImpl (RaftServerImpl.java:setRole(170)) - 56af948b-10c2-4e9d-9b51-152604f99203@group-A0F15D526909: changes role from  FOLLOWER to CANDIDATE at term 0 for changeToCandidate
2019-10-02 06:57:44,845 [Thread-2351] INFO  impl.RoleInfo (RoleInfo.java:updateAndGet(143)) - 56af948b-10c2-4e9d-9b51-152604f99203: start LeaderElection
2019-10-02 06:57:44,861 [21f5d1c6-2777-47f5-89cb-52ebd6bc2dd1@group-4E076F7E1EFE-LeaderElection90] INFO  impl.LeaderElection (LeaderElection.java:askForVotes(178)) - 21f5d1c6-2777-47f5-89cb-52ebd6bc2dd1@group-4E076F7E1EFE-LeaderElection90: begin an election at term 1 for -1: [21f5d1c6-2777-47f5-89cb-52ebd6bc2dd1:192.168.151.120:46707], old=null
2019-10-02 06:57:44,861 [21f5d1c6-2777-47f5-89cb-52ebd6bc2dd1@group-4E076F7E1EFE-LeaderElection90] INFO  impl.RoleInfo (RoleInfo.java:shutdownLeaderElection(134)) - 21f5d1c6-2777-47f5-89cb-52ebd6bc2dd1: shutdown LeaderElection
2019-10-02 06:57:44,861 [21f5d1c6-2777-47f5-89cb-52ebd6bc2dd1@group-4E076F7E1EFE-LeaderElection90] INFO  impl.RaftServerImpl (RaftServerImpl.java:setRole(170)) - 21f5d1c6-2777-47f5-89cb-52ebd6bc2dd1@group-4E076F7E1EFE: changes role from CANDIDATE to LEADER at term 1 for changeToLeader
2019-10-02 06:57:44,862 [21f5d1c6-2777-47f5-89cb-52ebd6bc2dd1@group-4E076F7E1EFE-LeaderElection90] INFO  impl.RaftServerImpl (ServerState.java:setLeader(255)) - 21f5d1c6-2777-47f5-89cb-52ebd6bc2dd1@group-4E076F7E1EFE: change Leader from null to 21f5d1c6-2777-47f5-89cb-52ebd6bc2dd1 at term 1 for becomeLeader, leader elected after 5153ms
2019-10-02 06:57:44,862 [21f5d1c6-2777-47f5-89cb-52ebd6bc2dd1@group-4E076F7E1EFE-LeaderElection90] INFO  server.RaftServerConfigKeys (ConfUtils.java:logGet(43)) - raft.server.staging.catchup.gap = 1000 (default)
2019-10-02 06:57:44,862 [21f5d1c6-2777-47f5-89cb-52ebd6bc2dd1@group-4E076F7E1EFE-LeaderElection90] INFO  server.RaftServerConfigKeys (ConfUtils.java:logGet(43)) - raft.server.rpc.sleep.time = 25ms (default)
2019-10-02 06:57:44,862 [21f5d1c6-2777-47f5-89cb-52ebd6bc2dd1@group-4E076F7E1EFE-LeaderElection90] INFO  server.RaftServerConfigKeys (ConfUtils.java:logGet(43)) - raft.server.write.element-limit = 4096 (default)
2019-10-02 06:57:44,862 [21f5d1c6-2777-47f5-89cb-52ebd6bc2dd1@group-4E076F7E1EFE-LeaderElection90] INFO  server.RaftServerConfigKeys (ConfUtils.java:logGet(43)) - raft.server.watch.timeout = 10s (default)
2019-10-02 06:57:44,862 [21f5d1c6-2777-47f5-89cb-52ebd6bc2dd1@group-4E076F7E1EFE-LeaderElection90] INFO  server.RaftServerConfigKeys (ConfUtils.java:logGet(43)) - raft.server.watch.timeout.denomination = 1s (default)
2019-10-02 06:57:44,863 [21f5d1c6-2777-47f5-89cb-52ebd6bc2dd1@group-4E076F7E1EFE-LeaderElection90] INFO  server.RaftServerConfigKeys (ConfUtils.java:logGet(43)) - raft.server.watch.element-limit = 65536 (default)
2019-10-02 06:57:44,865 [21f5d1c6-2777-47f5-89cb-52ebd6bc2dd1@group-4E076F7E1EFE-LeaderElection90] INFO  impl.RoleInfo (RoleInfo.java:updateAndGet(143)) - 21f5d1c6-2777-47f5-89cb-52ebd6bc2dd1: start LeaderState
2019-10-02 06:57:44,865 [21f5d1c6-2777-47f5-89cb-52ebd6bc2dd1@group-4E076F7E1EFE-LeaderElection90] INFO  segmented.SegmentedRaftLogWorker (SegmentedRaftLogWorker.java:startLogSegment(385)) - 21f5d1c6-2777-47f5-89cb-52ebd6bc2dd1@group-4E076F7E1EFE-SegmentedRaftLogWorker: Starting segment from index:0
2019-10-02 06:57:44,866 [21f5d1c6-2777-47f5-89cb-52ebd6bc2dd1@group-4E076F7E1EFE-LeaderElection90] INFO  impl.RaftServerImpl (ServerState.java:setRaftConf(356)) - 21f5d1c6-2777-47f5-89cb-52ebd6bc2dd1@group-4E076F7E1EFE: set configuration 0: [21f5d1c6-2777-47f5-89cb-52ebd6bc2dd1:192.168.151.120:46707], old=null at 0
2019-10-02 06:57:44,873 [56af948b-10c2-4e9d-9b51-152604f99203@group-A0F15D526909-LeaderElection91] INFO  impl.LeaderElection (LeaderElection.java:askForVotes(178)) - 56af948b-10c2-4e9d-9b51-152604f99203@group-A0F15D526909-LeaderElection91: begin an election at term 1 for -1: [56af948b-10c2-4e9d-9b51-152604f99203:192.168.151.120:46407], old=null
2019-10-02 06:57:44,874 [56af948b-10c2-4e9d-9b51-152604f99203@group-A0F15D526909-LeaderElection91] INFO  impl.RoleInfo (RoleInfo.java:shutdownLeaderElection(134)) - 56af948b-10c2-4e9d-9b51-152604f99203: shutdown LeaderElection
2019-10-02 06:57:44,874 [56af948b-10c2-4e9d-9b51-152604f99203@group-A0F15D526909-LeaderElection91] INFO  impl.RaftServerImpl (RaftServerImpl.java:setRole(170)) - 56af948b-10c2-4e9d-9b51-152604f99203@group-A0F15D526909: changes role from CANDIDATE to LEADER at term 1 for changeToLeader
2019-10-02 06:57:44,874 [56af948b-10c2-4e9d-9b51-152604f99203@group-A0F15D526909-LeaderElection91] INFO  impl.RaftServerImpl (ServerState.java:setLeader(255)) - 56af948b-10c2-4e9d-9b51-152604f99203@group-A0F15D526909: change Leader from null to 56af948b-10c2-4e9d-9b51-152604f99203 at term 1 for becomeLeader, leader elected after 5221ms
2019-10-02 06:57:44,874 [56af948b-10c2-4e9d-9b51-152604f99203@group-A0F15D526909-LeaderElection91] INFO  server.RaftServerConfigKeys (ConfUtils.java:logGet(43)) - raft.server.staging.catchup.gap = 1000 (default)
2019-10-02 06:57:44,874 [56af948b-10c2-4e9d-9b51-152604f99203@group-A0F15D526909-LeaderElection91] INFO  server.RaftServerConfigKeys (ConfUtils.java:logGet(43)) - raft.server.rpc.sleep.time = 25ms (default)
2019-10-02 06:57:44,875 [56af948b-10c2-4e9d-9b51-152604f99203@group-A0F15D526909-LeaderElection91] INFO  server.RaftServerConfigKeys (ConfUtils.java:logGet(43)) - raft.server.write.element-limit = 4096 (default)
2019-10-02 06:57:44,875 [56af948b-10c2-4e9d-9b51-152604f99203@group-A0F15D526909-LeaderElection91] INFO  server.RaftServerConfigKeys (ConfUtils.java:logGet(43)) - raft.server.watch.timeout = 10s (default)
2019-10-02 06:57:44,875 [56af948b-10c2-4e9d-9b51-152604f99203@group-A0F15D526909-LeaderElection91] INFO  server.RaftServerConfigKeys (ConfUtils.java:logGet(43)) - raft.server.watch.timeout.denomination = 1s (default)
2019-10-02 06:57:44,875 [56af948b-10c2-4e9d-9b51-152604f99203@group-A0F15D526909-LeaderElection91] INFO  server.RaftServerConfigKeys (ConfUtils.java:logGet(43)) - raft.server.watch.element-limit = 65536 (default)
2019-10-02 06:57:44,882 [56af948b-10c2-4e9d-9b51-152604f99203@group-A0F15D526909-LeaderElection91] INFO  impl.RoleInfo (RoleInfo.java:updateAndGet(143)) - 56af948b-10c2-4e9d-9b51-152604f99203: start LeaderState
2019-10-02 06:57:44,882 [56af948b-10c2-4e9d-9b51-152604f99203@group-A0F15D526909-LeaderElection91] INFO  segmented.SegmentedRaftLogWorker (SegmentedRaftLogWorker.java:startLogSegment(385)) - 56af948b-10c2-4e9d-9b51-152604f99203@group-A0F15D526909-SegmentedRaftLogWorker: Starting segment from index:0
2019-10-02 06:57:44,884 [56af948b-10c2-4e9d-9b51-152604f99203@group-A0F15D526909-LeaderElection91] INFO  impl.RaftServerImpl (ServerState.java:setRaftConf(356)) - 56af948b-10c2-4e9d-9b51-152604f99203@group-A0F15D526909: set configuration 0: [56af948b-10c2-4e9d-9b51-152604f99203:192.168.151.120:46407], old=null at 0
2019-10-02 06:57:44,932 [56af948b-10c2-4e9d-9b51-152604f99203@group-A0F15D526909-SegmentedRaftLogWorker] INFO  segmented.SegmentedRaftLogWorker (SegmentedRaftLogWorker.java:execute(574)) - 56af948b-10c2-4e9d-9b51-152604f99203@group-A0F15D526909-SegmentedRaftLogWorker: created new log segment /workdir/hadoop-ozone/integration-test/target/test-dir/MiniOzoneClusterImpl-114c4bac-0767-4583-9a80-7f277782f6bb/datanode-6/data/ratis/4abc98c9-4d7a-4695-acb3-a0f15d526909/current/log_inprogress_0
2019-10-02 06:57:44,932 [21f5d1c6-2777-47f5-89cb-52ebd6bc2dd1@group-4E076F7E1EFE-SegmentedRaftLogWorker] INFO  segmented.SegmentedRaftLogWorker (SegmentedRaftLogWorker.java:execute(574)) - 21f5d1c6-2777-47f5-89cb-52ebd6bc2dd1@group-4E076F7E1EFE-SegmentedRaftLogWorker: created new log segment /workdir/hadoop-ozone/integration-test/target/test-dir/MiniOzoneClusterImpl-114c4bac-0767-4583-9a80-7f277782f6bb/datanode-5/data/ratis/8ee4420a-2882-494a-ac12-4e076f7e1efe/current/log_inprogress_0
2019-10-02 06:57:44,964 [Thread-2363] INFO  impl.FollowerState (FollowerState.java:run(108)) - 56af948b-10c2-4e9d-9b51-152604f99203@group-080F256CFF7A-FollowerState: change to CANDIDATE, lastRpcTime:5140ms, electionTimeout:5140ms
2019-10-02 06:57:44,964 [Thread-2363] INFO  impl.RoleInfo (RoleInfo.java:shutdownFollowerState(121)) - 56af948b-10c2-4e9d-9b51-152604f99203: shutdown FollowerState
2019-10-02 06:57:44,964 [Thread-2363] INFO  impl.RaftServerImpl (RaftServerImpl.java:setRole(170)) - 56af948b-10c2-4e9d-9b51-152604f99203@group-080F256CFF7A: changes role from  FOLLOWER to CANDIDATE at term 0 for changeToCandidate
2019-10-02 06:57:44,964 [Thread-2363] INFO  impl.RoleInfo (RoleInfo.java:updateAndGet(143)) - 56af948b-10c2-4e9d-9b51-152604f99203: start LeaderElection
2019-10-02 06:57:44,969 [Thread-2357] INFO  impl.FollowerState (FollowerState.java:run(108)) - 3981eb36-c5ec-4917-896d-bb2af3f40476@group-080F256CFF7A-FollowerState: change to CANDIDATE, lastRpcTime:5162ms, electionTimeout:5162ms
2019-10-02 06:57:44,970 [Thread-2357] INFO  impl.RoleInfo (RoleInfo.java:shutdownFollowerState(121)) - 3981eb36-c5ec-4917-896d-bb2af3f40476: shutdown FollowerState
2019-10-02 06:57:44,970 [Thread-2357] INFO  impl.RaftServerImpl (RaftServerImpl.java:setRole(170)) - 3981eb36-c5ec-4917-896d-bb2af3f40476@group-080F256CFF7A: changes role from  FOLLOWER to CANDIDATE at term 0 for changeToCandidate
2019-10-02 06:57:44,989 [Thread-2360] INFO  impl.FollowerState (FollowerState.java:run(108)) - c1a77776-d685-4580-b612-a6b6b0cb1b67@group-080F256CFF7A-FollowerState: change to CANDIDATE, lastRpcTime:5171ms, electionTimeout:5170ms
2019-10-02 06:57:44,989 [Thread-2360] INFO  impl.RoleInfo (RoleInfo.java:shutdownFollowerState(121)) - c1a77776-d685-4580-b612-a6b6b0cb1b67: shutdown FollowerState
2019-10-02 06:57:44,989 [Thread-2360] INFO  impl.RaftServerImpl (RaftServerImpl.java:setRole(170)) - c1a77776-d685-4580-b612-a6b6b0cb1b67@group-080F256CFF7A: changes role from  FOLLOWER to CANDIDATE at term 0 for changeToCandidate
2019-10-02 06:57:45,115 [Thread-2360] INFO  impl.RoleInfo (RoleInfo.java:updateAndGet(143)) - c1a77776-d685-4580-b612-a6b6b0cb1b67: start LeaderElection
2019-10-02 06:57:45,121 [Thread-2357] INFO  impl.RoleInfo (RoleInfo.java:updateAndGet(143)) - 3981eb36-c5ec-4917-896d-bb2af3f40476: start LeaderElection
2019-10-02 06:57:45,141 [56af948b-10c2-4e9d-9b51-152604f99203@group-080F256CFF7A-LeaderElection92] INFO  impl.LeaderElection (LeaderElection.java:askForVotes(178)) - 56af948b-10c2-4e9d-9b51-152604f99203@group-080F256CFF7A-LeaderElection92: begin an election at term 1 for -1: [56af948b-10c2-4e9d-9b51-152604f99203:192.168.151.120:46407, 3981eb36-c5ec-4917-896d-bb2af3f40476:192.168.151.120:45086, c1a77776-d685-4580-b612-a6b6b0cb1b67:192.168.151.120:34250], old=null
2019-10-02 06:57:45,174 [3981eb36-c5ec-4917-896d-bb2af3f40476@group-080F256CFF7A-LeaderElection93] INFO  impl.LeaderElection (LeaderElection.java:askForVotes(178)) - 3981eb36-c5ec-4917-896d-bb2af3f40476@group-080F256CFF7A-LeaderElection93: begin an election at term 1 for -1: [56af948b-10c2-4e9d-9b51-152604f99203:192.168.151.120:46407, 3981eb36-c5ec-4917-896d-bb2af3f40476:192.168.151.120:45086, c1a77776-d685-4580-b612-a6b6b0cb1b67:192.168.151.120:34250], old=null
2019-10-02 06:57:45,175 [c1a77776-d685-4580-b612-a6b6b0cb1b67@group-080F256CFF7A-LeaderElection94] INFO  impl.LeaderElection (LeaderElection.java:askForVotes(178)) - c1a77776-d685-4580-b612-a6b6b0cb1b67@group-080F256CFF7A-LeaderElection94: begin an election at term 1 for -1: [56af948b-10c2-4e9d-9b51-152604f99203:192.168.151.120:46407, 3981eb36-c5ec-4917-896d-bb2af3f40476:192.168.151.120:45086, c1a77776-d685-4580-b612-a6b6b0cb1b67:192.168.151.120:34250], old=null
2019-10-02 06:57:45,179 [56af948b-10c2-4e9d-9b51-152604f99203@group-080F256CFF7A-LeaderElection92] INFO  impl.LeaderElection (LeaderElection.java:logAndReturn(56)) - 56af948b-10c2-4e9d-9b51-152604f99203@group-080F256CFF7A-LeaderElection92: Election REJECTED; received 2 response(s) [56af948b-10c2-4e9d-9b51-152604f99203<-3981eb36-c5ec-4917-896d-bb2af3f40476#0:FAIL-t1, 56af948b-10c2-4e9d-9b51-152604f99203<-c1a77776-d685-4580-b612-a6b6b0cb1b67#0:FAIL-t1] and 0 exception(s); 56af948b-10c2-4e9d-9b51-152604f99203@group-080F256CFF7A:t1, leader=null, voted=56af948b-10c2-4e9d-9b51-152604f99203, raftlog=56af948b-10c2-4e9d-9b51-152604f99203@group-080F256CFF7A-SegmentedRaftLog:OPENED:c-1,f-1,i0, conf=-1: [56af948b-10c2-4e9d-9b51-152604f99203:192.168.151.120:46407, 3981eb36-c5ec-4917-896d-bb2af3f40476:192.168.151.120:45086, c1a77776-d685-4580-b612-a6b6b0cb1b67:192.168.151.120:34250], old=null
2019-10-02 06:57:45,190 [56af948b-10c2-4e9d-9b51-152604f99203@group-080F256CFF7A-LeaderElection92] INFO  impl.RaftServerImpl (RaftServerImpl.java:setRole(170)) - 56af948b-10c2-4e9d-9b51-152604f99203@group-080F256CFF7A: changes role from CANDIDATE to FOLLOWER at term 1 for DISCOVERED_A_NEW_TERM
2019-10-02 06:57:45,191 [56af948b-10c2-4e9d-9b51-152604f99203@group-080F256CFF7A-LeaderElection92] INFO  impl.RoleInfo (RoleInfo.java:shutdownLeaderElection(134)) - 56af948b-10c2-4e9d-9b51-152604f99203: shutdown LeaderElection
2019-10-02 06:57:45,191 [56af948b-10c2-4e9d-9b51-152604f99203@group-080F256CFF7A-LeaderElection92] INFO  impl.RoleInfo (RoleInfo.java:updateAndGet(143)) - 56af948b-10c2-4e9d-9b51-152604f99203: start FollowerState
2019-10-02 06:57:45,212 [3981eb36-c5ec-4917-896d-bb2af3f40476@group-080F256CFF7A-LeaderElection93] INFO  impl.LeaderElection (LeaderElection.java:logAndReturn(56)) - 3981eb36-c5ec-4917-896d-bb2af3f40476@group-080F256CFF7A-LeaderElection93: Election REJECTED; received 2 response(s) [3981eb36-c5ec-4917-896d-bb2af3f40476<-56af948b-10c2-4e9d-9b51-152604f99203#0:FAIL-t1, 3981eb36-c5ec-4917-896d-bb2af3f40476<-c1a77776-d685-4580-b612-a6b6b0cb1b67#0:FAIL-t1] and 0 exception(s); 3981eb36-c5ec-4917-896d-bb2af3f40476@group-080F256CFF7A:t1, leader=null, voted=3981eb36-c5ec-4917-896d-bb2af3f40476, raftlog=3981eb36-c5ec-4917-896d-bb2af3f40476@group-080F256CFF7A-SegmentedRaftLog:OPENED:c-1,f-1,i0, conf=-1: [56af948b-10c2-4e9d-9b51-152604f99203:192.168.151.120:46407, 3981eb36-c5ec-4917-896d-bb2af3f40476:192.168.151.120:45086, c1a77776-d685-4580-b612-a6b6b0cb1b67:192.168.151.120:34250], old=null
2019-10-02 06:57:45,216 [3981eb36-c5ec-4917-896d-bb2af3f40476@group-080F256CFF7A-LeaderElection93] INFO  impl.RaftServerImpl (RaftServerImpl.java:setRole(170)) - 3981eb36-c5ec-4917-896d-bb2af3f40476@group-080F256CFF7A: changes role from CANDIDATE to FOLLOWER at term 1 for DISCOVERED_A_NEW_TERM
2019-10-02 06:57:45,216 [3981eb36-c5ec-4917-896d-bb2af3f40476@group-080F256CFF7A-LeaderElection93] INFO  impl.RoleInfo (RoleInfo.java:shutdownLeaderElection(134)) - 3981eb36-c5ec-4917-896d-bb2af3f40476: shutdown LeaderElection
2019-10-02 06:57:45,216 [3981eb36-c5ec-4917-896d-bb2af3f40476@group-080F256CFF7A-LeaderElection93] INFO  impl.RoleInfo (RoleInfo.java:updateAndGet(143)) - 3981eb36-c5ec-4917-896d-bb2af3f40476: start FollowerState
2019-10-02 06:57:45,220 [c1a77776-d685-4580-b612-a6b6b0cb1b67@group-080F256CFF7A-LeaderElection94] INFO  impl.LeaderElection (LeaderElection.java:logAndReturn(56)) - c1a77776-d685-4580-b612-a6b6b0cb1b67@group-080F256CFF7A-LeaderElection94: Election REJECTED; received 2 response(s) [c1a77776-d685-4580-b612-a6b6b0cb1b67<-56af948b-10c2-4e9d-9b51-152604f99203#0:FAIL-t1, c1a77776-d685-4580-b612-a6b6b0cb1b67<-3981eb36-c5ec-4917-896d-bb2af3f40476#0:FAIL-t1] and 0 exception(s); c1a77776-d685-4580-b612-a6b6b0cb1b67@group-080F256CFF7A:t1, leader=null, voted=c1a77776-d685-4580-b612-a6b6b0cb1b67, raftlog=c1a77776-d685-4580-b612-a6b6b0cb1b67@group-080F256CFF7A-SegmentedRaftLog:OPENED:c-1,f-1,i0, conf=-1: [56af948b-10c2-4e9d-9b51-152604f99203:192.168.151.120:46407, 3981eb36-c5ec-4917-896d-bb2af3f40476:192.168.151.120:45086, c1a77776-d685-4580-b612-a6b6b0cb1b67:192.168.151.120:34250], old=null
2019-10-02 06:57:45,227 [c1a77776-d685-4580-b612-a6b6b0cb1b67@group-080F256CFF7A-LeaderElection94] INFO  impl.RaftServerImpl (RaftServerImpl.java:setRole(170)) - c1a77776-d685-4580-b612-a6b6b0cb1b67@group-080F256CFF7A: changes role from CANDIDATE to FOLLOWER at term 1 for DISCOVERED_A_NEW_TERM
2019-10-02 06:57:45,227 [c1a77776-d685-4580-b612-a6b6b0cb1b67@group-080F256CFF7A-LeaderElection94] INFO  impl.RoleInfo (RoleInfo.java:shutdownLeaderElection(134)) - c1a77776-d685-4580-b612-a6b6b0cb1b67: shutdown LeaderElection
2019-10-02 06:57:45,227 [c1a77776-d685-4580-b612-a6b6b0cb1b67@group-080F256CFF7A-LeaderElection94] INFO  impl.RoleInfo (RoleInfo.java:updateAndGet(143)) - c1a77776-d685-4580-b612-a6b6b0cb1b67: start FollowerState
2019-10-02 06:57:46,373 [Datanode State Machine Thread - 0] INFO  statemachine.DatanodeStateMachine (DatanodeStateMachine.java:lambda$startDaemon$0(350)) - Ozone container server started.
2019-10-02 06:57:50,293 [Thread-2426] INFO  impl.FollowerState (FollowerState.java:run(108)) - 3981eb36-c5ec-4917-896d-bb2af3f40476@group-080F256CFF7A-FollowerState: change to CANDIDATE, lastRpcTime:5076ms, electionTimeout:5076ms
2019-10-02 06:57:50,293 [Thread-2426] INFO  impl.RoleInfo (RoleInfo.java:shutdownFollowerState(121)) - 3981eb36-c5ec-4917-896d-bb2af3f40476: shutdown FollowerState
2019-10-02 06:57:50,293 [Thread-2426] INFO  impl.RaftServerImpl (RaftServerImpl.java:setRole(170)) - 3981eb36-c5ec-4917-896d-bb2af3f40476@group-080F256CFF7A: changes role from  FOLLOWER to CANDIDATE at term 1 for changeToCandidate
2019-10-02 06:57:50,293 [Thread-2426] INFO  impl.RoleInfo (RoleInfo.java:updateAndGet(143)) - 3981eb36-c5ec-4917-896d-bb2af3f40476: start LeaderElection
2019-10-02 06:57:50,308 [3981eb36-c5ec-4917-896d-bb2af3f40476@group-080F256CFF7A-LeaderElection95] INFO  impl.LeaderElection (LeaderElection.java:askForVotes(178)) - 3981eb36-c5ec-4917-896d-bb2af3f40476@group-080F256CFF7A-LeaderElection95: begin an election at term 2 for -1: [56af948b-10c2-4e9d-9b51-152604f99203:192.168.151.120:46407, 3981eb36-c5ec-4917-896d-bb2af3f40476:192.168.151.120:45086, c1a77776-d685-4580-b612-a6b6b0cb1b67:192.168.151.120:34250], old=null
2019-10-02 06:57:50,318 [grpc-default-executor-7] INFO  impl.RaftServerImpl (RaftServerImpl.java:setRole(170)) - 56af948b-10c2-4e9d-9b51-152604f99203@group-080F256CFF7A: changes role from  FOLLOWER to FOLLOWER at term 2 for recognizeCandidate:3981eb36-c5ec-4917-896d-bb2af3f40476
2019-10-02 06:57:50,318 [grpc-default-executor-7] INFO  impl.RoleInfo (RoleInfo.java:shutdownFollowerState(121)) - 56af948b-10c2-4e9d-9b51-152604f99203: shutdown FollowerState
2019-10-02 06:57:50,318 [grpc-default-executor-7] INFO  impl.RoleInfo (RoleInfo.java:updateAndGet(143)) - 56af948b-10c2-4e9d-9b51-152604f99203: start FollowerState
2019-10-02 06:57:50,318 [grpc-default-executor-6] INFO  impl.RaftServerImpl (RaftServerImpl.java:setRole(170)) - c1a77776-d685-4580-b612-a6b6b0cb1b67@group-080F256CFF7A: changes role from  FOLLOWER to FOLLOWER at term 2 for recognizeCandidate:3981eb36-c5ec-4917-896d-bb2af3f40476
2019-10-02 06:57:50,318 [grpc-default-executor-6] INFO  impl.RoleInfo (RoleInfo.java:shutdownFollowerState(121)) - c1a77776-d685-4580-b612-a6b6b0cb1b67: shutdown FollowerState
2019-10-02 06:57:50,319 [grpc-default-executor-6] INFO  impl.RoleInfo (RoleInfo.java:updateAndGet(143)) - c1a77776-d685-4580-b612-a6b6b0cb1b67: start FollowerState
2019-10-02 06:57:50,319 [Thread-2429] INFO  impl.FollowerState (FollowerState.java:run(117)) - c1a77776-d685-4580-b612-a6b6b0cb1b67@group-080F256CFF7A-FollowerState was interrupted: java.lang.InterruptedException: sleep interrupted
2019-10-02 06:57:50,324 [Thread-2423] INFO  impl.FollowerState (FollowerState.java:run(117)) - 56af948b-10c2-4e9d-9b51-152604f99203@group-080F256CFF7A-FollowerState was interrupted: java.lang.InterruptedException: sleep interrupted
2019-10-02 06:57:50,346 [3981eb36-c5ec-4917-896d-bb2af3f40476@group-080F256CFF7A-LeaderElection95] INFO  impl.LeaderElection (LeaderElection.java:logAndReturn(56)) - 3981eb36-c5ec-4917-896d-bb2af3f40476@group-080F256CFF7A-LeaderElection95: Election PASSED; received 1 response(s) [3981eb36-c5ec-4917-896d-bb2af3f40476<-56af948b-10c2-4e9d-9b51-152604f99203#0:OK-t2] and 0 exception(s); 3981eb36-c5ec-4917-896d-bb2af3f40476@group-080F256CFF7A:t2, leader=null, voted=3981eb36-c5ec-4917-896d-bb2af3f40476, raftlog=3981eb36-c5ec-4917-896d-bb2af3f40476@group-080F256CFF7A-SegmentedRaftLog:OPENED:c-1,f-1,i0, conf=-1: [56af948b-10c2-4e9d-9b51-152604f99203:192.168.151.120:46407, 3981eb36-c5ec-4917-896d-bb2af3f40476:192.168.151.120:45086, c1a77776-d685-4580-b612-a6b6b0cb1b67:192.168.151.120:34250], old=null
2019-10-02 06:57:50,346 [3981eb36-c5ec-4917-896d-bb2af3f40476@group-080F256CFF7A-LeaderElection95] INFO  impl.RoleInfo (RoleInfo.java:shutdownLeaderElection(134)) - 3981eb36-c5ec-4917-896d-bb2af3f40476: shutdown LeaderElection
2019-10-02 06:57:50,346 [3981eb36-c5ec-4917-896d-bb2af3f40476@group-080F256CFF7A-LeaderElection95] INFO  impl.RaftServerImpl (RaftServerImpl.java:setRole(170)) - 3981eb36-c5ec-4917-896d-bb2af3f40476@group-080F256CFF7A: changes role from CANDIDATE to LEADER at term 2 for changeToLeader
2019-10-02 06:57:50,346 [3981eb36-c5ec-4917-896d-bb2af3f40476@group-080F256CFF7A-LeaderElection95] INFO  impl.RaftServerImpl (ServerState.java:setLeader(255)) - 3981eb36-c5ec-4917-896d-bb2af3f40476@group-080F256CFF7A: change Leader from null to 3981eb36-c5ec-4917-896d-bb2af3f40476 at term 2 for becomeLeader, leader elected after 10545ms
2019-10-02 06:57:50,346 [3981eb36-c5ec-4917-896d-bb2af3f40476@group-080F256CFF7A-LeaderElection95] INFO  server.RaftServerConfigKeys (ConfUtils.java:logGet(43)) - raft.server.staging.catchup.gap = 1000 (default)
2019-10-02 06:57:50,346 [3981eb36-c5ec-4917-896d-bb2af3f40476@group-080F256CFF7A-LeaderElection95] INFO  server.RaftServerConfigKeys (ConfUtils.java:logGet(43)) - raft.server.rpc.sleep.time = 25ms (default)
2019-10-02 06:57:50,347 [3981eb36-c5ec-4917-896d-bb2af3f40476@group-080F256CFF7A-LeaderElection95] INFO  server.RaftServerConfigKeys (ConfUtils.java:logGet(43)) - raft.server.write.element-limit = 4096 (default)
2019-10-02 06:57:50,347 [3981eb36-c5ec-4917-896d-bb2af3f40476@group-080F256CFF7A-LeaderElection95] INFO  server.RaftServerConfigKeys (ConfUtils.java:logGet(43)) - raft.server.watch.timeout = 10s (default)
2019-10-02 06:57:50,347 [3981eb36-c5ec-4917-896d-bb2af3f40476@group-080F256CFF7A-LeaderElection95] INFO  server.RaftServerConfigKeys (ConfUtils.java:logGet(43)) - raft.server.watch.timeout.denomination = 1s (default)
2019-10-02 06:57:50,347 [3981eb36-c5ec-4917-896d-bb2af3f40476@group-080F256CFF7A-LeaderElection95] INFO  server.RaftServerConfigKeys (ConfUtils.java:logGet(43)) - raft.server.watch.element-limit = 65536 (default)
2019-10-02 06:57:50,349 [3981eb36-c5ec-4917-896d-bb2af3f40476@group-080F256CFF7A-LeaderElection95] INFO  server.RaftServerConfigKeys (ConfUtils.java:logGet(43)) - raft.server.log.appender.snapshot.chunk.size.max = 16MB (=16777216) (default)
2019-10-02 06:57:50,349 [3981eb36-c5ec-4917-896d-bb2af3f40476@group-080F256CFF7A-LeaderElection95] INFO  server.RaftServerConfigKeys (ConfUtils.java:logGet(43)) - raft.server.log.appender.buffer.byte-limit = 33554432 (custom)
2019-10-02 06:57:50,349 [3981eb36-c5ec-4917-896d-bb2af3f40476@group-080F256CFF7A-LeaderElection95] INFO  server.RaftServerConfigKeys (ConfUtils.java:logGet(43)) - raft.server.log.appender.buffer.element-limit = 1 (custom)
2019-10-02 06:57:50,349 [3981eb36-c5ec-4917-896d-bb2af3f40476@group-080F256CFF7A-LeaderElection95] INFO  grpc.GrpcConfigKeys$Server (ConfUtils.java:logGet(43)) - raft.grpc.server.leader.outstanding.appends.max = 128 (default)
2019-10-02 06:57:50,350 [3981eb36-c5ec-4917-896d-bb2af3f40476@group-080F256CFF7A-LeaderElection95] INFO  server.RaftServerConfigKeys (ConfUtils.java:logGet(43)) - raft.server.rpc.request.timeout = 3000ms (default)
2019-10-02 06:57:50,350 [3981eb36-c5ec-4917-896d-bb2af3f40476@group-080F256CFF7A-LeaderElection95] INFO  server.RaftServerConfigKeys (ConfUtils.java:logGet(43)) - raft.server.log.appender.install.snapshot.enabled = false (custom)
2019-10-02 06:57:50,350 [3981eb36-c5ec-4917-896d-bb2af3f40476@group-080F256CFF7A-LeaderElection95] INFO  server.RaftServerConfigKeys (ConfUtils.java:logGet(43)) - raft.server.log.appender.snapshot.chunk.size.max = 16MB (=16777216) (default)
2019-10-02 06:57:50,350 [3981eb36-c5ec-4917-896d-bb2af3f40476@group-080F256CFF7A-LeaderElection95] INFO  server.RaftServerConfigKeys (ConfUtils.java:logGet(43)) - raft.server.log.appender.buffer.byte-limit = 33554432 (custom)
2019-10-02 06:57:50,350 [3981eb36-c5ec-4917-896d-bb2af3f40476@group-080F256CFF7A-LeaderElection95] INFO  server.RaftServerConfigKeys (ConfUtils.java:logGet(43)) - raft.server.log.appender.buffer.element-limit = 1 (custom)
2019-10-02 06:57:50,351 [3981eb36-c5ec-4917-896d-bb2af3f40476@group-080F256CFF7A-LeaderElection95] INFO  grpc.GrpcConfigKeys$Server (ConfUtils.java:logGet(43)) - raft.grpc.server.leader.outstanding.appends.max = 128 (default)
2019-10-02 06:57:50,351 [3981eb36-c5ec-4917-896d-bb2af3f40476@group-080F256CFF7A-LeaderElection95] INFO  server.RaftServerConfigKeys (ConfUtils.java:logGet(43)) - raft.server.rpc.request.timeout = 3000ms (default)
2019-10-02 06:57:50,351 [3981eb36-c5ec-4917-896d-bb2af3f40476@group-080F256CFF7A-LeaderElection95] INFO  server.RaftServerConfigKeys (ConfUtils.java:logGet(43)) - raft.server.log.appender.install.snapshot.enabled = false (custom)
2019-10-02 06:57:50,351 [3981eb36-c5ec-4917-896d-bb2af3f40476@group-080F256CFF7A-LeaderElection95] INFO  impl.RoleInfo (RoleInfo.java:updateAndGet(143)) - 3981eb36-c5ec-4917-896d-bb2af3f40476: start LeaderState
2019-10-02 06:57:50,351 [3981eb36-c5ec-4917-896d-bb2af3f40476@group-080F256CFF7A-LeaderElection95] INFO  segmented.SegmentedRaftLogWorker (SegmentedRaftLogWorker.java:startLogSegment(385)) - 3981eb36-c5ec-4917-896d-bb2af3f40476@group-080F256CFF7A-SegmentedRaftLogWorker: Starting segment from index:0
2019-10-02 06:57:50,353 [3981eb36-c5ec-4917-896d-bb2af3f40476@group-080F256CFF7A-LeaderElection95] INFO  impl.RaftServerImpl (ServerState.java:setRaftConf(356)) - 3981eb36-c5ec-4917-896d-bb2af3f40476@group-080F256CFF7A: set configuration 0: [56af948b-10c2-4e9d-9b51-152604f99203:192.168.151.120:46407, 3981eb36-c5ec-4917-896d-bb2af3f40476:192.168.151.120:45086, c1a77776-d685-4580-b612-a6b6b0cb1b67:192.168.151.120:34250], old=null at 0
2019-10-02 06:57:50,355 [grpc-default-executor-7] INFO  impl.RaftServerImpl (ServerState.java:setLeader(255)) - 56af948b-10c2-4e9d-9b51-152604f99203@group-080F256CFF7A: change Leader from null to 3981eb36-c5ec-4917-896d-bb2af3f40476 at term 2 for appendEntries, leader elected after 10554ms
2019-10-02 06:57:50,381 [main] INFO  ozoneimpl.OzoneContainer (OzoneContainer.java:stop(231)) - Attempting to stop container services.
2019-10-02 06:57:50,384 [main] INFO  impl.RaftServerProxy (RaftServerProxy.java:lambda$close$4(314)) - 691dac14-9c1e-4afc-a420-60831cbc8106: close
2019-10-02 06:57:50,385 [grpc-default-executor-7] INFO  impl.RaftServerImpl (ServerState.java:setLeader(255)) - c1a77776-d685-4580-b612-a6b6b0cb1b67@group-080F256CFF7A: change Leader from null to 3981eb36-c5ec-4917-896d-bb2af3f40476 at term 2 for appendEntries, leader elected after 10584ms
2019-10-02 06:57:50,395 [main] INFO  impl.RaftServerImpl (RaftServerImpl.java:lambda$shutdown$3(247)) - 691dac14-9c1e-4afc-a420-60831cbc8106@group-E206AAFAF74C: shutdown
2019-10-02 06:57:50,395 [main] INFO  util.JmxRegister (JmxRegister.java:unregister(73)) - Successfully un-registered JMX Bean with object name Ratis:service=RaftServer,group=group-E206AAFAF74C,id=691dac14-9c1e-4afc-a420-60831cbc8106
2019-10-02 06:57:50,395 [grpc-default-executor-6] INFO  impl.RaftServerImpl (ServerState.java:setRaftConf(356)) - 56af948b-10c2-4e9d-9b51-152604f99203@group-080F256CFF7A: set configuration 0: [56af948b-10c2-4e9d-9b51-152604f99203:192.168.151.120:46407, 3981eb36-c5ec-4917-896d-bb2af3f40476:192.168.151.120:45086, c1a77776-d685-4580-b612-a6b6b0cb1b67:192.168.151.120:34250], old=null at 0
2019-10-02 06:57:50,396 [grpc-default-executor-7] INFO  impl.RaftServerImpl (ServerState.java:setRaftConf(356)) - c1a77776-d685-4580-b612-a6b6b0cb1b67@group-080F256CFF7A: set configuration 0: [56af948b-10c2-4e9d-9b51-152604f99203:192.168.151.120:46407, 3981eb36-c5ec-4917-896d-bb2af3f40476:192.168.151.120:45086, c1a77776-d685-4580-b612-a6b6b0cb1b67:192.168.151.120:34250], old=null at 0
2019-10-02 06:57:50,396 [main] INFO  impl.RoleInfo (RoleInfo.java:shutdownLeaderState(104)) - 691dac14-9c1e-4afc-a420-60831cbc8106: shutdown LeaderState
2019-10-02 06:57:50,396 [grpc-default-executor-7] INFO  segmented.SegmentedRaftLogWorker (SegmentedRaftLogWorker.java:startLogSegment(385)) - c1a77776-d685-4580-b612-a6b6b0cb1b67@group-080F256CFF7A-SegmentedRaftLogWorker: Starting segment from index:0
2019-10-02 06:57:50,396 [ForkJoinPool.commonPool-worker-0] INFO  impl.RaftServerImpl (RaftServerImpl.java:lambda$shutdown$3(247)) - 691dac14-9c1e-4afc-a420-60831cbc8106@group-9453F3C754D7: shutdown
2019-10-02 06:57:50,396 [grpc-default-executor-6] INFO  segmented.SegmentedRaftLogWorker (SegmentedRaftLogWorker.java:startLogSegment(385)) - 56af948b-10c2-4e9d-9b51-152604f99203@group-080F256CFF7A-SegmentedRaftLogWorker: Starting segment from index:0
2019-10-02 06:57:50,397 [ForkJoinPool.commonPool-worker-0] INFO  util.JmxRegister (JmxRegister.java:unregister(73)) - Successfully un-registered JMX Bean with object name Ratis:service=RaftServer,group=group-9453F3C754D7,id=691dac14-9c1e-4afc-a420-60831cbc8106
2019-10-02 06:57:50,397 [ForkJoinPool.commonPool-worker-0] INFO  impl.RoleInfo (RoleInfo.java:shutdownFollowerState(121)) - 691dac14-9c1e-4afc-a420-60831cbc8106: shutdown FollowerState
2019-10-02 06:57:50,398 [ForkJoinPool.commonPool-worker-0] INFO  impl.StateMachineUpdater (StateMachineUpdater.java:stopAndJoin(136)) - 691dac14-9c1e-4afc-a420-60831cbc8106@group-9453F3C754D7-StateMachineUpdater: set stopIndex = 2
2019-10-02 06:57:50,397 [main] INFO  impl.PendingRequests (PendingRequests.java:sendNotLeaderResponses(202)) - 691dac14-9c1e-4afc-a420-60831cbc8106@group-E206AAFAF74C-PendingRequests: sendNotLeaderResponses
2019-10-02 06:57:50,399 [main] INFO  impl.StateMachineUpdater (StateMachineUpdater.java:stopAndJoin(136)) - 691dac14-9c1e-4afc-a420-60831cbc8106@group-E206AAFAF74C-StateMachineUpdater: set stopIndex = 0
2019-10-02 06:57:50,398 [Thread-2385] INFO  impl.FollowerState (FollowerState.java:run(117)) - 691dac14-9c1e-4afc-a420-60831cbc8106@group-9453F3C754D7-FollowerState was interrupted: java.lang.InterruptedException: sleep interrupted
2019-10-02 06:57:50,400 [main] INFO  impl.RaftServerImpl (ServerState.java:close(387)) - 691dac14-9c1e-4afc-a420-60831cbc8106@group-E206AAFAF74C: closes. applyIndex: 0
2019-10-02 06:57:50,402 [691dac14-9c1e-4afc-a420-60831cbc8106@group-E206AAFAF74C-SegmentedRaftLogWorker] INFO  segmented.SegmentedRaftLogWorker (SegmentedRaftLogWorker.java:run(316)) - 691dac14-9c1e-4afc-a420-60831cbc8106@group-E206AAFAF74C-SegmentedRaftLogWorker was interrupted, exiting. There are 0 tasks remaining in the queue.
2019-10-02 06:57:50,400 [691dac14-9c1e-4afc-a420-60831cbc8106@group-9453F3C754D7-StateMachineUpdater] INFO  ratis.ContainerStateMachine (ContainerStateMachine.java:takeSnapshot(289)) - group-9453F3C754D7: Taking a snapshot at:(t:1, i:1) file /workdir/hadoop-ozone/integration-test/target/test-dir/MiniOzoneClusterImpl-114c4bac-0767-4583-9a80-7f277782f6bb/datanode-0/data/ratis/2507c0c0-c9a0-4b6b-a646-9453f3c754d7/sm/snapshot.1_1
2019-10-02 06:57:50,407 [3981eb36-c5ec-4917-896d-bb2af3f40476@group-080F256CFF7A-SegmentedRaftLogWorker] INFO  segmented.SegmentedRaftLogWorker (SegmentedRaftLogWorker.java:execute(574)) - 3981eb36-c5ec-4917-896d-bb2af3f40476@group-080F256CFF7A-SegmentedRaftLogWorker: created new log segment /workdir/hadoop-ozone/integration-test/target/test-dir/MiniOzoneClusterImpl-114c4bac-0767-4583-9a80-7f277782f6bb/datanode-3/data/ratis/9a21de30-cfaf-4a26-a8fb-080f256cff7a/current/log_inprogress_0
2019-10-02 06:57:50,407 [main] INFO  segmented.SegmentedRaftLogWorker (SegmentedRaftLogWorker.java:close(224)) - 691dac14-9c1e-4afc-a420-60831cbc8106@group-E206AAFAF74C-SegmentedRaftLogWorker close()
2019-10-02 06:57:50,438 [691dac14-9c1e-4afc-a420-60831cbc8106@group-9453F3C754D7-StateMachineUpdater] INFO  ratis.ContainerStateMachine (ContainerStateMachine.java:takeSnapshot(300)) - group-9453F3C754D7: Finished taking a snapshot at:(t:1, i:1) file:/workdir/hadoop-ozone/integration-test/target/test-dir/MiniOzoneClusterImpl-114c4bac-0767-4583-9a80-7f277782f6bb/datanode-0/data/ratis/2507c0c0-c9a0-4b6b-a646-9453f3c754d7/sm/snapshot.1_1 time:38
2019-10-02 06:57:50,438 [691dac14-9c1e-4afc-a420-60831cbc8106@group-9453F3C754D7-StateMachineUpdater] INFO  impl.StateMachineUpdater (StateMachineUpdater.java:takeSnapshot(269)) - 691dac14-9c1e-4afc-a420-60831cbc8106@group-9453F3C754D7-StateMachineUpdater: Took a snapshot at index 1
2019-10-02 06:57:50,438 [691dac14-9c1e-4afc-a420-60831cbc8106@group-9453F3C754D7-StateMachineUpdater] INFO  impl.StateMachineUpdater (StateMachineUpdater.java:lambda$new$0(84)) - 691dac14-9c1e-4afc-a420-60831cbc8106@group-9453F3C754D7-StateMachineUpdater: snapshotIndex: updateIncreasingly -1 -> 1
2019-10-02 06:57:50,438 [691dac14-9c1e-4afc-a420-60831cbc8106@group-9453F3C754D7-StateMachineUpdater] INFO  ratis.ContainerStateMachine (ContainerStateMachine.java:takeSnapshot(289)) - group-9453F3C754D7: Taking a snapshot at:(t:1, i:1) file /workdir/hadoop-ozone/integration-test/target/test-dir/MiniOzoneClusterImpl-114c4bac-0767-4583-9a80-7f277782f6bb/datanode-0/data/ratis/2507c0c0-c9a0-4b6b-a646-9453f3c754d7/sm/snapshot.1_1
2019-10-02 06:57:50,462 [56af948b-10c2-4e9d-9b51-152604f99203@group-080F256CFF7A-SegmentedRaftLogWorker] INFO  segmented.SegmentedRaftLogWorker (SegmentedRaftLogWorker.java:execute(574)) - 56af948b-10c2-4e9d-9b51-152604f99203@group-080F256CFF7A-SegmentedRaftLogWorker: created new log segment /workdir/hadoop-ozone/integration-test/target/test-dir/MiniOzoneClusterImpl-114c4bac-0767-4583-9a80-7f277782f6bb/datanode-6/data/ratis/9a21de30-cfaf-4a26-a8fb-080f256cff7a/current/log_inprogress_0
2019-10-02 06:57:50,462 [c1a77776-d685-4580-b612-a6b6b0cb1b67@group-080F256CFF7A-SegmentedRaftLogWorker] INFO  segmented.SegmentedRaftLogWorker (SegmentedRaftLogWorker.java:execute(574)) - c1a77776-d685-4580-b612-a6b6b0cb1b67@group-080F256CFF7A-SegmentedRaftLogWorker: created new log segment /workdir/hadoop-ozone/integration-test/target/test-dir/MiniOzoneClusterImpl-114c4bac-0767-4583-9a80-7f277782f6bb/datanode-4/data/ratis/9a21de30-cfaf-4a26-a8fb-080f256cff7a/current/log_inprogress_0
2019-10-02 06:57:50,462 [691dac14-9c1e-4afc-a420-60831cbc8106@group-9453F3C754D7-StateMachineUpdater] INFO  ratis.ContainerStateMachine (ContainerStateMachine.java:takeSnapshot(300)) - group-9453F3C754D7: Finished taking a snapshot at:(t:1, i:1) file:/workdir/hadoop-ozone/integration-test/target/test-dir/MiniOzoneClusterImpl-114c4bac-0767-4583-9a80-7f277782f6bb/datanode-0/data/ratis/2507c0c0-c9a0-4b6b-a646-9453f3c754d7/sm/snapshot.1_1 time:24
2019-10-02 06:57:50,463 [691dac14-9c1e-4afc-a420-60831cbc8106@group-9453F3C754D7-StateMachineUpdater] INFO  impl.StateMachineUpdater (StateMachineUpdater.java:takeSnapshot(269)) - 691dac14-9c1e-4afc-a420-60831cbc8106@group-9453F3C754D7-StateMachineUpdater: Took a snapshot at index 1
2019-10-02 06:57:50,463 [691dac14-9c1e-4afc-a420-60831cbc8106@group-9453F3C754D7-StateMachineUpdater] INFO  impl.StateMachineUpdater (StateMachineUpdater.java:lambda$new$0(84)) - 691dac14-9c1e-4afc-a420-60831cbc8106@group-9453F3C754D7-StateMachineUpdater: snapshotIndex: updateIncreasingly 1 -> 1
2019-10-02 06:57:50,463 [ForkJoinPool.commonPool-worker-0] INFO  impl.RaftServerImpl (ServerState.java:close(387)) - 691dac14-9c1e-4afc-a420-60831cbc8106@group-9453F3C754D7: closes. applyIndex: 2
2019-10-02 06:57:50,464 [691dac14-9c1e-4afc-a420-60831cbc8106@group-9453F3C754D7-SegmentedRaftLogWorker] INFO  segmented.SegmentedRaftLogWorker (SegmentedRaftLogWorker.java:run(316)) - 691dac14-9c1e-4afc-a420-60831cbc8106@group-9453F3C754D7-SegmentedRaftLogWorker was interrupted, exiting. There are 0 tasks remaining in the queue.
2019-10-02 06:57:50,467 [ForkJoinPool.commonPool-worker-0] INFO  segmented.SegmentedRaftLogWorker (SegmentedRaftLogWorker.java:close(224)) - 691dac14-9c1e-4afc-a420-60831cbc8106@group-9453F3C754D7-SegmentedRaftLogWorker close()
2019-10-02 06:57:50,475 [main] INFO  server.GrpcService (GrpcService.java:closeImpl(164)) - 691dac14-9c1e-4afc-a420-60831cbc8106: shutdown server with port 45956 now
2019-10-02 06:57:50,476 [grpc-default-executor-7] WARN  server.GrpcServerProtocolService (LogUtils.java:warn(134)) - 691dac14-9c1e-4afc-a420-60831cbc8106: installSnapshot onError, lastRequest: 75c431c6-2255-4813-a832-321b7fe043d1->691dac14-9c1e-4afc-a420-60831cbc8106#5-t1, previous=(t:1, i:2), leaderCommit=2, initializing? false, entries: <empty>: org.apache.ratis.thirdparty.io.grpc.StatusRuntimeException: CANCELLED: cancelled before receiving half close
2019-10-02 06:57:50,477 [main] INFO  server.GrpcService (GrpcService.java:closeImpl(172)) - 691dac14-9c1e-4afc-a420-60831cbc8106: shutdown server with port 45956 successfully
2019-10-02 06:57:50,477 [grpc-default-executor-0] WARN  server.GrpcLogAppender (LogUtils.java:warn(134)) - 75c431c6-2255-4813-a832-321b7fe043d1@group-9453F3C754D7->691dac14-9c1e-4afc-a420-60831cbc8106-AppendLogResponseHandler: Failed appendEntries: org.apache.ratis.thirdparty.io.grpc.StatusRuntimeException: CANCELLED: HTTP/2 error code: CANCEL
Received Rst Stream
2019-10-02 06:57:50,478 [grpc-default-executor-0] INFO  impl.FollowerInfo (FollowerInfo.java:lambda$new$0(51)) - 75c431c6-2255-4813-a832-321b7fe043d1@group-9453F3C754D7->691dac14-9c1e-4afc-a420-60831cbc8106: nextIndex: updateUnconditionally 3 -> 2
2019-10-02 06:57:50,479 [refreshUsed-/workdir/hadoop-ozone/integration-test/target/test-dir/MiniOzoneClusterImpl-114c4bac-0767-4583-9a80-7f277782f6bb/datanode-0/data/containers] WARN  fs.CachingGetSpaceUsed (CachingGetSpaceUsed.java:run(183)) - Thread Interrupted waiting to refresh disk information: sleep interrupted
2019-10-02 06:57:50,521 [main] INFO  utils.BackgroundService (BackgroundService.java:shutdown(148)) - Shutting down service BlockDeletingService
2019-10-02 06:57:50,532 [main] INFO  statemachine.DatanodeStateMachine (DatanodeStateMachine.java:stopDaemon(395)) - Ozone container server stopped.
2019-10-02 06:57:50,533 [main] INFO  handler.ContextHandler (ContextHandler.java:doStop(910)) - Stopped o.e.j.w.WebAppContext@15605d83{/,null,UNAVAILABLE}{/hddsDatanode}
2019-10-02 06:57:50,534 [main] INFO  server.AbstractConnector (AbstractConnector.java:doStop(318)) - Stopped ServerConnector@1fb2eec{HTTP/1.1,[http/1.1]}{0.0.0.0:0}
2019-10-02 06:57:50,534 [main] INFO  handler.ContextHandler (ContextHandler.java:doStop(910)) - Stopped o.e.j.s.ServletContextHandler@3fde2209{/static,jar:file:/home/user/.m2/repository/org/apache/hadoop/hadoop-hdds-container-service/0.5.0-SNAPSHOT/hadoop-hdds-container-service-0.5.0-SNAPSHOT.jar!/webapps/static,UNAVAILABLE}
2019-10-02 06:57:50,535 [main] INFO  handler.ContextHandler (ContextHandler.java:doStop(910)) - Stopped o.e.j.s.ServletContextHandler@4f114b{/logs,file:///workdir/hadoop-ozone/integration-test/target/log,UNAVAILABLE}
2019-10-02 06:57:50,547 [grpc-default-executor-3] WARN  server.GrpcLogAppender (LogUtils.java:warn(134)) - 75c431c6-2255-4813-a832-321b7fe043d1@group-9453F3C754D7->691dac14-9c1e-4afc-a420-60831cbc8106-AppendLogResponseHandler: Failed appendEntries: org.apache.ratis.thirdparty.io.grpc.StatusRuntimeException: UNAVAILABLE: io exception
2019-10-02 06:57:50,548 [grpc-default-executor-3] INFO  impl.FollowerInfo (FollowerInfo.java:lambda$new$0(51)) - 75c431c6-2255-4813-a832-321b7fe043d1@group-9453F3C754D7->691dac14-9c1e-4afc-a420-60831cbc8106: nextIndex: updateUnconditionally 3 -> 2
2019-10-02 06:57:50,565 [grpc-default-executor-5] WARN  server.GrpcLogAppender (LogUtils.java:warn(134)) - 75c431c6-2255-4813-a832-321b7fe043d1@group-9453F3C754D7->691dac14-9c1e-4afc-a420-60831cbc8106-AppendLogResponseHandler: Failed appendEntries: org.apache.ratis.thirdparty.io.grpc.StatusRuntimeException: UNAVAILABLE: io exception
2019-10-02 06:57:50,566 [grpc-default-executor-5] INFO  impl.FollowerInfo (FollowerInfo.java:lambda$new$0(51)) - 75c431c6-2255-4813-a832-321b7fe043d1@group-9453F3C754D7->691dac14-9c1e-4afc-a420-60831cbc8106: nextIndex: updateUnconditionally 3 -> 2
2019-10-02 06:57:50,584 [EventQueue-IncrementalContainerReportForIncrementalContainerReportHandler] WARN  container.IncrementalContainerReportHandler (AbstractContainerReportHandler.java:updateContainerState(143)) - Container #1 is in OPEN state, but the datanode 75c431c6-2255-4813-a832-321b7fe043d1{ip: 192.168.151.120, host: pr-hdds-2226-secures3-8x5vf-3889971208, networkLocation: /default-rack, certSerialId: null} reports an CLOSING replica.
2019-10-02 06:57:50,590 [grpc-default-executor-3] WARN  server.GrpcLogAppender (LogUtils.java:warn(134)) - 75c431c6-2255-4813-a832-321b7fe043d1@group-9453F3C754D7->691dac14-9c1e-4afc-a420-60831cbc8106-AppendLogResponseHandler: Failed appendEntries: org.apache.ratis.thirdparty.io.grpc.StatusRuntimeException: UNAVAILABLE: io exception
2019-10-02 06:57:50,590 [grpc-default-executor-3] INFO  impl.FollowerInfo (FollowerInfo.java:lambda$new$0(51)) - 75c431c6-2255-4813-a832-321b7fe043d1@group-9453F3C754D7->691dac14-9c1e-4afc-a420-60831cbc8106: nextIndex: updateUnconditionally 3 -> 2
2019-10-02 06:57:50,604 [EventQueue-IncrementalContainerReportForIncrementalContainerReportHandler] WARN  container.IncrementalContainerReportHandler (AbstractContainerReportHandler.java:updateContainerState(143)) - Container #1 is in OPEN state, but the datanode 5370fe99-4325-4ea8-ac56-56f9f1355838{ip: 192.168.151.120, host: pr-hdds-2226-secures3-8x5vf-3889971208, networkLocation: /default-rack, certSerialId: null} reports an CLOSING replica.
2019-10-02 06:57:50,652 [RatisApplyTransactionExecutor 1] INFO  interfaces.Container (KeyValueContainer.java:flushAndSyncDB(386)) - Container 1 is synced with bcsId 0.
2019-10-02 06:57:50,697 [RatisApplyTransactionExecutor 1] INFO  interfaces.Container (KeyValueContainer.java:flushAndSyncDB(386)) - Container 1 is synced with bcsId 0.
2019-10-02 06:57:50,712 [RatisApplyTransactionExecutor 1] INFO  interfaces.Container (KeyValueContainer.java:close(335)) - Container 1 is closed with bcsId 0.
2019-10-02 06:57:50,712 [RatisApplyTransactionExecutor 1] INFO  interfaces.Container (KeyValueContainer.java:flushAndSyncDB(386)) - Container 1 is synced with bcsId 0.
2019-10-02 06:57:50,727 [RatisApplyTransactionExecutor 1] INFO  interfaces.Container (KeyValueContainer.java:flushAndSyncDB(386)) - Container 1 is synced with bcsId 0.
2019-10-02 06:57:50,740 [EventQueue-IncrementalContainerReportForIncrementalContainerReportHandler] WARN  container.IncrementalContainerReportHandler (AbstractContainerReportHandler.java:updateContainerState(143)) - Container #1 is in OPEN state, but the datanode 75c431c6-2255-4813-a832-321b7fe043d1{ip: 192.168.151.120, host: pr-hdds-2226-secures3-8x5vf-3889971208, networkLocation: /default-rack, certSerialId: null} reports an CLOSED replica.
2019-10-02 06:57:50,753 [RatisApplyTransactionExecutor 1] INFO  interfaces.Container (KeyValueContainer.java:close(335)) - Container 1 is closed with bcsId 0.
2019-10-02 06:57:50,778 [EventQueue-IncrementalContainerReportForIncrementalContainerReportHandler] WARN  container.IncrementalContainerReportHandler (AbstractContainerReportHandler.java:updateContainerState(143)) - Container #1 is in OPEN state, but the datanode 5370fe99-4325-4ea8-ac56-56f9f1355838{ip: 192.168.151.120, host: pr-hdds-2226-secures3-8x5vf-3889971208, networkLocation: /default-rack, certSerialId: null} reports an CLOSED replica.
2019-10-02 06:57:53,087 [grpc-default-executor-0] WARN  server.GrpcLogAppender (LogUtils.java:warn(134)) - 75c431c6-2255-4813-a832-321b7fe043d1@group-9453F3C754D7->691dac14-9c1e-4afc-a420-60831cbc8106-AppendLogResponseHandler: Failed appendEntries: org.apache.ratis.thirdparty.io.grpc.StatusRuntimeException: UNAVAILABLE: io exception
2019-10-02 06:57:53,087 [grpc-default-executor-0] INFO  impl.FollowerInfo (FollowerInfo.java:lambda$new$0(51)) - 75c431c6-2255-4813-a832-321b7fe043d1@group-9453F3C754D7->691dac14-9c1e-4afc-a420-60831cbc8106: nextIndex: updateUnconditionally 2 -> 1
2019-10-02 06:57:53,753 [main] WARN  scm.XceiverClientRatis (XceiverClientRatis.java:watchForCommit(292)) - 3 way commit failed on pipeline Pipeline[ Id: 2507c0c0-c9a0-4b6b-a646-9453f3c754d7, Nodes: 691dac14-9c1e-4afc-a420-60831cbc8106{ip: 192.168.151.120, host: pr-hdds-2226-secures3-8x5vf-3889971208, networkLocation: /default-rack, certSerialId: null}5370fe99-4325-4ea8-ac56-56f9f1355838{ip: 192.168.151.120, host: pr-hdds-2226-secures3-8x5vf-3889971208, networkLocation: /default-rack, certSerialId: null}75c431c6-2255-4813-a832-321b7fe043d1{ip: 192.168.151.120, host: pr-hdds-2226-secures3-8x5vf-3889971208, networkLocation: /default-rack, certSerialId: null}, Type:RATIS, Factor:THREE, State:OPEN]
java.util.concurrent.TimeoutException
	at java.util.concurrent.CompletableFuture.timedGet(CompletableFuture.java:1771)
	at java.util.concurrent.CompletableFuture.get(CompletableFuture.java:1915)
	at org.apache.hadoop.hdds.scm.XceiverClientRatis.watchForCommit(XceiverClientRatis.java:289)
	at org.apache.hadoop.ozone.client.rpc.TestWatchForCommit.test2WayCommitForTimeoutException(TestWatchForCommit.java:391)
	at sun.reflect.NativeMethodAccessorImpl.invoke0(Native Method)
	at sun.reflect.NativeMethodAccessorImpl.invoke(NativeMethodAccessorImpl.java:62)
	at sun.reflect.DelegatingMethodAccessorImpl.invoke(DelegatingMethodAccessorImpl.java:43)
	at java.lang.reflect.Method.invoke(Method.java:498)
	at org.junit.runners.model.FrameworkMethod$1.runReflectiveCall(FrameworkMethod.java:47)
	at org.junit.internal.runners.model.ReflectiveCallable.run(ReflectiveCallable.java:12)
	at org.junit.runners.model.FrameworkMethod.invokeExplosively(FrameworkMethod.java:44)
	at org.junit.internal.runners.statements.InvokeMethod.evaluate(InvokeMethod.java:17)
	at org.junit.runners.ParentRunner.runLeaf(ParentRunner.java:271)
	at org.junit.runners.BlockJUnit4ClassRunner.runChild(BlockJUnit4ClassRunner.java:70)
	at org.junit.runners.BlockJUnit4ClassRunner.runChild(BlockJUnit4ClassRunner.java:50)
	at org.junit.runners.ParentRunner$3.run(ParentRunner.java:238)
	at org.junit.runners.ParentRunner$1.schedule(ParentRunner.java:63)
	at org.junit.runners.ParentRunner.runChildren(ParentRunner.java:236)
	at org.junit.runners.ParentRunner.access$000(ParentRunner.java:53)
	at org.junit.runners.ParentRunner$2.evaluate(ParentRunner.java:229)
	at org.junit.runners.ParentRunner.run(ParentRunner.java:309)
	at org.apache.maven.surefire.junit4.JUnit4Provider.execute(JUnit4Provider.java:365)
	at org.apache.maven.surefire.junit4.JUnit4Provider.executeWithRerun(JUnit4Provider.java:273)
	at org.apache.maven.surefire.junit4.JUnit4Provider.executeTestSet(JUnit4Provider.java:238)
	at org.apache.maven.surefire.junit4.JUnit4Provider.invoke(JUnit4Provider.java:159)
	at org.apache.maven.surefire.booter.ForkedBooter.invokeProviderInSameClassLoader(ForkedBooter.java:384)
	at org.apache.maven.surefire.booter.ForkedBooter.runSuitesInProcess(ForkedBooter.java:345)
	at org.apache.maven.surefire.booter.ForkedBooter.execute(ForkedBooter.java:126)
	at org.apache.maven.surefire.booter.ForkedBooter.main(ForkedBooter.java:418)
2019-10-02 06:57:53,763 [Thread-2459] INFO  client.GrpcClientProtocolService (GrpcClientProtocolService.java:lambda$processClientRequest$0(278)) - Failed RaftClientRequest:client-949CC82591EA->5370fe99-4325-4ea8-ac56-56f9f1355838@group-9453F3C754D7, cid=106, seq=0, Watch-MAJORITY_COMMITTED(3), Message:<EMPTY>, reply=RaftClientReply:client-949CC82591EA->5370fe99-4325-4ea8-ac56-56f9f1355838@group-9453F3C754D7, cid=106, FAILED org.apache.ratis.protocol.NotLeaderException: Server 5370fe99-4325-4ea8-ac56-56f9f1355838@group-9453F3C754D7 is not the leader 75c431c6-2255-4813-a832-321b7fe043d1:192.168.151.120:46143, logIndex=0, commits[5370fe99-4325-4ea8-ac56-56f9f1355838:c4, 75c431c6-2255-4813-a832-321b7fe043d1:c4, 691dac14-9c1e-4afc-a420-60831cbc8106:c2]
2019-10-02 06:57:55,589 [grpc-default-executor-0] WARN  server.GrpcLogAppender (LogUtils.java:warn(134)) - 75c431c6-2255-4813-a832-321b7fe043d1@group-9453F3C754D7->691dac14-9c1e-4afc-a420-60831cbc8106-AppendLogResponseHandler: Failed appendEntries: org.apache.ratis.thirdparty.io.grpc.StatusRuntimeException: UNAVAILABLE: io exception
2019-10-02 06:57:55,593 [grpc-default-executor-0] INFO  impl.FollowerInfo (FollowerInfo.java:lambda$new$0(51)) - 75c431c6-2255-4813-a832-321b7fe043d1@group-9453F3C754D7->691dac14-9c1e-4afc-a420-60831cbc8106: nextIndex: updateUnconditionally 1 -> 0
]]></system-out>
    <system-err><![CDATA[Oct 02, 2019 6:57:50 AM org.apache.ratis.thirdparty.io.grpc.internal.SerializingExecutor run
SEVERE: Exception while executing runnable org.apache.ratis.thirdparty.io.grpc.internal.ServerImpl$JumpToApplicationThreadServerStreamListener$1Closed@5364dccf
org.apache.ratis.thirdparty.io.grpc.StatusRuntimeException: CANCELLED: call already cancelled
	at org.apache.ratis.thirdparty.io.grpc.Status.asRuntimeException(Status.java:517)
	at org.apache.ratis.thirdparty.io.grpc.stub.ServerCalls$ServerCallStreamObserverImpl.onCompleted(ServerCalls.java:356)
	at org.apache.ratis.grpc.server.GrpcServerProtocolService$ServerRequestStreamObserver.onError(GrpcServerProtocolService.java:121)
	at org.apache.ratis.thirdparty.io.grpc.stub.ServerCalls$StreamingServerCallHandler$StreamingServerCallListener.onCancel(ServerCalls.java:269)
	at org.apache.ratis.thirdparty.io.grpc.internal.ServerCallImpl$ServerStreamListenerImpl.closed(ServerCallImpl.java:293)
	at org.apache.ratis.thirdparty.io.grpc.internal.ServerImpl$JumpToApplicationThreadServerStreamListener$1Closed.runInContext(ServerImpl.java:741)
	at org.apache.ratis.thirdparty.io.grpc.internal.ContextRunnable.run(ContextRunnable.java:37)
	at org.apache.ratis.thirdparty.io.grpc.internal.SerializingExecutor.run(SerializingExecutor.java:123)
	at java.util.concurrent.ThreadPoolExecutor.runWorker(ThreadPoolExecutor.java:1149)
	at java.util.concurrent.ThreadPoolExecutor$Worker.run(ThreadPoolExecutor.java:624)
	at java.lang.Thread.run(Thread.java:748)

]]></system-err>
  </testcase>
</testsuite>