<?xml version="1.0" encoding="UTF-8"?>
<testsuite xmlns:xsi="http://www.w3.org/2001/XMLSchema-instance" xsi:noNamespaceSchemaLocation="https://maven.apache.org/surefire/maven-surefire-plugin/xsd/surefire-test-report.xsd" name="org.apache.hadoop.ozone.client.rpc.TestDeleteWithSlowFollower" time="132.456" tests="1" errors="0" skipped="0" failures="1">
  <properties>
    <property name="awt.toolkit" value="sun.awt.X11.XToolkit"/>
    <property name="file.encoding.pkg" value="sun.io"/>
    <property name="java.specification.version" value="1.8"/>
    <property name="sun.cpu.isalist" value=""/>
    <property name="sun.jnu.encoding" value="ANSI_X3.4-1968"/>
    <property name="java.class.path" value="/workdir/hadoop-ozone/integration-test/target/test-classes:/workdir/hadoop-ozone/integration-test/target/classes:/home/user/.m2/repository/org/apache/hadoop/hadoop-ozone-common/0.5.0-SNAPSHOT/hadoop-ozone-common-0.5.0-SNAPSHOT.jar:/home/user/.m2/repository/org/apache/commons/commons-compress/1.4.1/commons-compress-1.4.1.jar:/home/user/.m2/repository/org/tukaani/xz/1.0/xz-1.0.jar:/home/user/.m2/repository/org/apache/hadoop/hadoop-common/3.2.0/hadoop-common-3.2.0.jar:/home/user/.m2/repository/org/apache/hadoop/hadoop-hdfs/3.2.0/hadoop-hdfs-3.2.0.jar:/home/user/.m2/repository/org/apache/hadoop/hadoop-hdfs-client/3.2.0/hadoop-hdfs-client-3.2.0.jar:/home/user/.m2/repository/com/fasterxml/jackson/core/jackson-annotations/2.9.9/jackson-annotations-2.9.9.jar:/home/user/.m2/repository/org/apache/hadoop/hadoop-hdds-common/0.5.0-SNAPSHOT/hadoop-hdds-common-0.5.0-SNAPSHOT.jar:/home/user/.m2/repository/javax/annotation/javax.annotation-api/1.2/javax.annotation-api-1.2.jar:/home/user/.m2/repository/org/apache/ratis/ratis-server/0.5.0-3f446aa-SNAPSHOT/ratis-server-0.5.0-3f446aa-SNAPSHOT.jar:/home/user/.m2/repository/org/apache/ratis/ratis-thirdparty-misc/0.2.0/ratis-thirdparty-misc-0.2.0.jar:/home/user/.m2/repository/org/apache/ratis/ratis-proto/0.5.0-3f446aa-SNAPSHOT/ratis-proto-0.5.0-3f446aa-SNAPSHOT.jar:/home/user/.m2/repository/org/apache/ratis/ratis-common/0.5.0-3f446aa-SNAPSHOT/ratis-common-0.5.0-3f446aa-SNAPSHOT.jar:/home/user/.m2/repository/org/apache/ratis/ratis-client/0.5.0-3f446aa-SNAPSHOT/ratis-client-0.5.0-3f446aa-SNAPSHOT.jar:/home/user/.m2/repository/org/apache/ratis/ratis-metrics/0.5.0-3f446aa-SNAPSHOT/ratis-metrics-0.5.0-3f446aa-SNAPSHOT.jar:/home/user/.m2/repository/com/github/joshelser/dropwizard-metrics-hadoop-metrics2-reporter/0.1.2/dropwizard-metrics-hadoop-metrics2-reporter-0.1.2.jar:/home/user/.m2/repository/io/dropwizard/metrics/metrics-jvm/3.2.5/metrics-jvm-3.2.5.jar:/home/user/.m2/repository/io/dropwizard/metrics/metrics-ganglia/3.2.5/metrics-ganglia-3.2.5.jar:/home/user/.m2/repository/info/ganglia/gmetric4j/gmetric4j/1.0.7/gmetric4j-1.0.7.jar:/home/user/.m2/repository/org/apache/ratis/ratis-netty/0.5.0-3f446aa-SNAPSHOT/ratis-netty-0.5.0-3f446aa-SNAPSHOT.jar:/home/user/.m2/repository/org/apache/ratis/ratis-grpc/0.5.0-3f446aa-SNAPSHOT/ratis-grpc-0.5.0-3f446aa-SNAPSHOT.jar:/home/user/.m2/repository/org/rocksdb/rocksdbjni/6.0.1/rocksdbjni-6.0.1.jar:/home/user/.m2/repository/org/apache/logging/log4j/log4j-api/2.11.0/log4j-api-2.11.0.jar:/home/user/.m2/repository/org/apache/logging/log4j/log4j-core/2.11.0/log4j-core-2.11.0.jar:/home/user/.m2/repository/com/lmax/disruptor/3.4.2/disruptor-3.4.2.jar:/home/user/.m2/repository/org/apache/commons/commons-pool2/2.6.0/commons-pool2-2.6.0.jar:/home/user/.m2/repository/org/bouncycastle/bcpkix-jdk15on/1.60/bcpkix-jdk15on-1.60.jar:/home/user/.m2/repository/commons-validator/commons-validator/1.6/commons-validator-1.6.jar:/home/user/.m2/repository/commons-digester/commons-digester/1.8.1/commons-digester-1.8.1.jar:/home/user/.m2/repository/io/jaegertracing/jaeger-client/0.34.0/jaeger-client-0.34.0.jar:/home/user/.m2/repository/io/jaegertracing/jaeger-thrift/0.34.0/jaeger-thrift-0.34.0.jar:/home/user/.m2/repository/org/apache/thrift/libthrift/0.12.0/libthrift-0.12.0.jar:/home/user/.m2/repository/com/squareup/okhttp3/okhttp/3.9.0/okhttp-3.9.0.jar:/home/user/.m2/repository/com/squareup/okio/okio/1.13.0/okio-1.13.0.jar:/home/user/.m2/repository/io/jaegertracing/jaeger-core/0.34.0/jaeger-core-0.34.0.jar:/home/user/.m2/repository/io/jaegertracing/jaeger-tracerresolver/0.34.0/jaeger-tracerresolver-0.34.0.jar:/home/user/.m2/repository/io/opentracing/contrib/opentracing-tracerresolver/0.1.5/opentracing-tracerresolver-0.1.5.jar:/home/user/.m2/repository/io/opentracing/opentracing-util/0.31.0/opentracing-util-0.31.0.jar:/home/user/.m2/repository/io/opentracing/opentracing-api/0.31.0/opentracing-api-0.31.0.jar:/home/user/.m2/repository/io/opentracing/opentracing-noop/0.31.0/opentracing-noop-0.31.0.jar:/home/user/.m2/repository/org/apache/hadoop/hadoop-hdds-server-framework/0.5.0-SNAPSHOT/hadoop-hdds-server-framework-0.5.0-SNAPSHOT.jar:/home/user/.m2/repository/org/apache/hadoop/hadoop-hdds-container-service/0.5.0-SNAPSHOT/hadoop-hdds-container-service-0.5.0-SNAPSHOT.jar:/home/user/.m2/repository/org/apache/hadoop/hadoop-hdds-client/0.5.0-SNAPSHOT/hadoop-hdds-client-0.5.0-SNAPSHOT.jar:/home/user/.m2/repository/org/apache/hadoop/hadoop-hdds-tools/0.5.0-SNAPSHOT/hadoop-hdds-tools-0.5.0-SNAPSHOT.jar:/home/user/.m2/repository/org/apache/hadoop/hadoop-hdds-server-scm/0.5.0-SNAPSHOT/hadoop-hdds-server-scm-0.5.0-SNAPSHOT.jar:/home/user/.m2/repository/org/apache/hadoop/hadoop-hdds-docs/0.5.0-SNAPSHOT/hadoop-hdds-docs-0.5.0-SNAPSHOT.jar:/home/user/.m2/repository/io/dropwizard/metrics/metrics-core/3.2.4/metrics-core-3.2.4.jar:/home/user/.m2/repository/org/hamcrest/hamcrest-all/1.3/hamcrest-all-1.3.jar:/home/user/.m2/repository/org/bouncycastle/bcprov-jdk15on/1.60/bcprov-jdk15on-1.60.jar:/home/user/.m2/repository/info/picocli/picocli/3.9.6/picocli-3.9.6.jar:/home/user/.m2/repository/com/google/protobuf/protobuf-java/2.5.0/protobuf-java-2.5.0.jar:/home/user/.m2/repository/com/google/guava/guava/11.0.2/guava-11.0.2.jar:/home/user/.m2/repository/org/apache/hadoop/hadoop-ozone-ozone-manager/0.5.0-SNAPSHOT/hadoop-ozone-ozone-manager-0.5.0-SNAPSHOT.jar:/home/user/.m2/repository/org/apache/hadoop/hadoop-minikdc/3.2.0/hadoop-minikdc-3.2.0.jar:/home/user/.m2/repository/commons-io/commons-io/2.5/commons-io-2.5.jar:/home/user/.m2/repository/org/apache/kerby/kerb-simplekdc/1.0.1/kerb-simplekdc-1.0.1.jar:/home/user/.m2/repository/org/apache/kerby/kerb-client/1.0.1/kerb-client-1.0.1.jar:/home/user/.m2/repository/org/apache/kerby/kerby-config/1.0.1/kerby-config-1.0.1.jar:/home/user/.m2/repository/org/apache/kerby/kerb-core/1.0.1/kerb-core-1.0.1.jar:/home/user/.m2/repository/org/apache/kerby/kerby-pkix/1.0.1/kerby-pkix-1.0.1.jar:/home/user/.m2/repository/org/apache/kerby/kerby-asn1/1.0.1/kerby-asn1-1.0.1.jar:/home/user/.m2/repository/org/apache/kerby/kerby-util/1.0.1/kerby-util-1.0.1.jar:/home/user/.m2/repository/org/apache/kerby/kerb-common/1.0.1/kerb-common-1.0.1.jar:/home/user/.m2/repository/org/apache/kerby/kerb-crypto/1.0.1/kerb-crypto-1.0.1.jar:/home/user/.m2/repository/org/apache/kerby/kerb-util/1.0.1/kerb-util-1.0.1.jar:/home/user/.m2/repository/org/apache/kerby/token-provider/1.0.1/token-provider-1.0.1.jar:/home/user/.m2/repository/org/apache/kerby/kerb-admin/1.0.1/kerb-admin-1.0.1.jar:/home/user/.m2/repository/org/apache/kerby/kerb-server/1.0.1/kerb-server-1.0.1.jar:/home/user/.m2/repository/org/apache/kerby/kerb-identity/1.0.1/kerb-identity-1.0.1.jar:/home/user/.m2/repository/org/apache/kerby/kerby-xdr/1.0.1/kerby-xdr-1.0.1.jar:/home/user/.m2/repository/org/slf4j/slf4j-log4j12/1.7.25/slf4j-log4j12-1.7.25.jar:/home/user/.m2/repository/org/apache/hadoop/hadoop-ozone-s3gateway/0.5.0-SNAPSHOT/hadoop-ozone-s3gateway-0.5.0-SNAPSHOT.jar:/home/user/.m2/repository/org/jboss/weld/servlet/weld-servlet/2.4.7.Final/weld-servlet-2.4.7.Final.jar:/home/user/.m2/repository/org/glassfish/jersey/containers/jersey-container-servlet-core/2.27/jersey-container-servlet-core-2.27.jar:/home/user/.m2/repository/org/glassfish/hk2/external/javax.inject/2.5.0-b42/javax.inject-2.5.0-b42.jar:/home/user/.m2/repository/org/glassfish/jersey/core/jersey-common/2.27/jersey-common-2.27.jar:/home/user/.m2/repository/org/glassfish/hk2/osgi-resource-locator/1.0.1/osgi-resource-locator-1.0.1.jar:/home/user/.m2/repository/javax/ws/rs/javax.ws.rs-api/2.1/javax.ws.rs-api-2.1.jar:/home/user/.m2/repository/org/glassfish/jersey/ext/cdi/jersey-cdi1x/2.27/jersey-cdi1x-2.27.jar:/home/user/.m2/repository/org/glassfish/jersey/inject/jersey-hk2/2.27/jersey-hk2-2.27.jar:/home/user/.m2/repository/org/glassfish/hk2/hk2-locator/2.5.0-b42/hk2-locator-2.5.0-b42.jar:/home/user/.m2/repository/org/javassist/javassist/3.22.0-CR2/javassist-3.22.0-CR2.jar:/home/user/.m2/repository/org/glassfish/hk2/hk2-api/2.5.0/hk2-api-2.5.0.jar:/home/user/.m2/repository/org/glassfish/hk2/external/jakarta.inject/2.5.0/jakarta.inject-2.5.0.jar:/home/user/.m2/repository/org/glassfish/hk2/hk2-utils/2.5.0/hk2-utils-2.5.0.jar:/home/user/.m2/repository/jakarta/annotation/jakarta.annotation-api/1.3.4/jakarta.annotation-api-1.3.4.jar:/home/user/.m2/repository/org/glassfish/hk2/external/aopalliance-repackaged/2.5.0/aopalliance-repackaged-2.5.0.jar:/home/user/.m2/repository/com/fasterxml/jackson/dataformat/jackson-dataformat-xml/2.9.0/jackson-dataformat-xml-2.9.0.jar:/home/user/.m2/repository/com/fasterxml/jackson/core/jackson-core/2.9.9/jackson-core-2.9.9.jar:/home/user/.m2/repository/com/fasterxml/jackson/module/jackson-module-jaxb-annotations/2.9.9/jackson-module-jaxb-annotations-2.9.9.jar:/home/user/.m2/repository/javax/enterprise/cdi-api/1.2/cdi-api-1.2.jar:/home/user/.m2/repository/javax/el/javax.el-api/3.0.0/javax.el-api-3.0.0.jar:/home/user/.m2/repository/javax/interceptor/javax.interceptor-api/1.2/javax.interceptor-api-1.2.jar:/home/user/.m2/repository/javax/inject/javax.inject/1/javax.inject-1.jar:/home/user/.m2/repository/com/sun/xml/bind/jaxb-impl/2.3.0.1/jaxb-impl-2.3.0.1.jar:/home/user/.m2/repository/com/sun/xml/bind/jaxb-core/2.3.0.1/jaxb-core-2.3.0.1.jar:/home/user/.m2/repository/javax/xml/bind/jaxb-api/2.3.0/jaxb-api-2.3.0.jar:/home/user/.m2/repository/javax/activation/activation/1.1.1/activation-1.1.1.jar:/home/user/.m2/repository/org/apache/hadoop/hadoop-ozone-csi/0.5.0-SNAPSHOT/hadoop-ozone-csi-0.5.0-SNAPSHOT.jar:/home/user/.m2/repository/com/google/protobuf/protobuf-java-util/3.5.1/protobuf-java-util-3.5.1.jar:/home/user/.m2/repository/org/apache/hadoop/hadoop-hdds-config/0.5.0-SNAPSHOT/hadoop-hdds-config-0.5.0-SNAPSHOT.jar:/home/user/.m2/repository/io/grpc/grpc-netty/1.17.1/grpc-netty-1.17.1.jar:/home/user/.m2/repository/io/grpc/grpc-core/1.17.1/grpc-core-1.17.1.jar:/home/user/.m2/repository/io/grpc/grpc-context/1.17.1/grpc-context-1.17.1.jar:/home/user/.m2/repository/com/google/errorprone/error_prone_annotations/2.2.0/error_prone_annotations-2.2.0.jar:/home/user/.m2/repository/org/codehaus/mojo/animal-sniffer-annotations/1.17/animal-sniffer-annotations-1.17.jar:/home/user/.m2/repository/io/opencensus/opencensus-api/0.17.0/opencensus-api-0.17.0.jar:/home/user/.m2/repository/io/opencensus/opencensus-contrib-grpc-metrics/0.17.0/opencensus-contrib-grpc-metrics-0.17.0.jar:/home/user/.m2/repository/io/netty/netty-codec-http2/4.1.30.Final/netty-codec-http2-4.1.30.Final.jar:/home/user/.m2/repository/io/netty/netty-codec-http/4.1.30.Final/netty-codec-http-4.1.30.Final.jar:/home/user/.m2/repository/io/netty/netty-codec/4.1.30.Final/netty-codec-4.1.30.Final.jar:/home/user/.m2/repository/io/netty/netty-handler/4.1.30.Final/netty-handler-4.1.30.Final.jar:/home/user/.m2/repository/io/netty/netty-handler-proxy/4.1.30.Final/netty-handler-proxy-4.1.30.Final.jar:/home/user/.m2/repository/io/netty/netty-codec-socks/4.1.30.Final/netty-codec-socks-4.1.30.Final.jar:/home/user/.m2/repository/io/netty/netty-transport-native-epoll/4.1.30.Final/netty-transport-native-epoll-4.1.30.Final.jar:/home/user/.m2/repository/io/netty/netty-common/4.1.30.Final/netty-common-4.1.30.Final.jar:/home/user/.m2/repository/io/netty/netty-buffer/4.1.30.Final/netty-buffer-4.1.30.Final.jar:/home/user/.m2/repository/io/netty/netty-transport/4.1.30.Final/netty-transport-4.1.30.Final.jar:/home/user/.m2/repository/io/netty/netty-resolver/4.1.30.Final/netty-resolver-4.1.30.Final.jar:/home/user/.m2/repository/io/netty/netty-transport-native-unix-common/4.1.30.Final/netty-transport-native-unix-common-4.1.30.Final.jar:/home/user/.m2/repository/io/grpc/grpc-protobuf/1.17.1/grpc-protobuf-1.17.1.jar:/home/user/.m2/repository/com/google/api/grpc/proto-google-common-protos/1.0.0/proto-google-common-protos-1.0.0.jar:/home/user/.m2/repository/io/grpc/grpc-protobuf-lite/1.17.1/grpc-protobuf-lite-1.17.1.jar:/home/user/.m2/repository/io/grpc/grpc-stub/1.17.1/grpc-stub-1.17.1.jar:/home/user/.m2/repository/org/apache/hadoop/hadoop-ozone-recon/0.5.0-SNAPSHOT/hadoop-ozone-recon-0.5.0-SNAPSHOT.jar:/home/user/.m2/repository/org/apache/hadoop/hadoop-ozone-reconcodegen/0.5.0-SNAPSHOT/hadoop-ozone-reconcodegen-0.5.0-SNAPSHOT.jar:/home/user/.m2/repository/com/google/inject/extensions/guice-multibindings/4.0/guice-multibindings-4.0.jar:/home/user/.m2/repository/com/google/inject/guice/4.0/guice-4.0.jar:/home/user/.m2/repository/aopalliance/aopalliance/1.0/aopalliance-1.0.jar:/home/user/.m2/repository/com/google/inject/extensions/guice-servlet/4.0/guice-servlet-4.0.jar:/home/user/.m2/repository/org/glassfish/jersey/containers/jersey-container-servlet/2.27/jersey-container-servlet-2.27.jar:/home/user/.m2/repository/org/glassfish/hk2/guice-bridge/2.5.0/guice-bridge-2.5.0.jar:/home/user/.m2/repository/org/glassfish/jersey/core/jersey-server/2.27/jersey-server-2.27.jar:/home/user/.m2/repository/org/glassfish/jersey/core/jersey-client/2.27/jersey-client-2.27.jar:/home/user/.m2/repository/org/glassfish/jersey/media/jersey-media-jaxb/2.27/jersey-media-jaxb-2.27.jar:/home/user/.m2/repository/javax/validation/validation-api/1.1.0.Final/validation-api-1.1.0.Final.jar:/home/user/.m2/repository/org/glassfish/jersey/media/jersey-media-json-jackson/2.27/jersey-media-json-jackson-2.27.jar:/home/user/.m2/repository/org/glassfish/jersey/ext/jersey-entity-filtering/2.27/jersey-entity-filtering-2.27.jar:/home/user/.m2/repository/com/google/inject/extensions/guice-assistedinject/4.0/guice-assistedinject-4.0.jar:/home/user/.m2/repository/org/jooq/jooq/3.11.10/jooq-3.11.10.jar:/home/user/.m2/repository/org/jooq/jooq-meta/3.11.10/jooq-meta-3.11.10.jar:/home/user/.m2/repository/org/jooq/jooq-codegen/3.11.10/jooq-codegen-3.11.10.jar:/home/user/.m2/repository/com/jolbox/bonecp/0.8.0.RELEASE/bonecp-0.8.0.RELEASE.jar:/home/user/.m2/repository/org/xerial/sqlite-jdbc/3.25.2/sqlite-jdbc-3.25.2.jar:/home/user/.m2/repository/org/springframework/spring-jdbc/5.1.3.RELEASE/spring-jdbc-5.1.3.RELEASE.jar:/home/user/.m2/repository/org/springframework/spring-beans/5.1.3.RELEASE/spring-beans-5.1.3.RELEASE.jar:/home/user/.m2/repository/org/springframework/spring-core/5.1.3.RELEASE/spring-core-5.1.3.RELEASE.jar:/home/user/.m2/repository/org/springframework/spring-jcl/5.1.3.RELEASE/spring-jcl-5.1.3.RELEASE.jar:/home/user/.m2/repository/org/springframework/spring-tx/5.1.3.RELEASE/spring-tx-5.1.3.RELEASE.jar:/home/user/.m2/repository/org/apache/hadoop/hadoop-ozone-client/0.5.0-SNAPSHOT/hadoop-ozone-client-0.5.0-SNAPSHOT.jar:/home/user/.m2/repository/commons-lang/commons-lang/2.6/commons-lang-2.6.jar:/home/user/.m2/repository/org/apache/hadoop/hadoop-ozone-ozone-manager/0.5.0-SNAPSHOT/hadoop-ozone-ozone-manager-0.5.0-SNAPSHOT-tests.jar:/home/user/.m2/repository/junit/junit/4.11/junit-4.11.jar:/home/user/.m2/repository/org/hamcrest/hamcrest-core/1.3/hamcrest-core-1.3.jar:/home/user/.m2/repository/org/openjdk/jmh/jmh-core/1.19/jmh-core-1.19.jar:/home/user/.m2/repository/net/sf/jopt-simple/jopt-simple/4.6/jopt-simple-4.6.jar:/home/user/.m2/repository/org/apache/commons/commons-math3/3.1.1/commons-math3-3.1.1.jar:/home/user/.m2/repository/org/openjdk/jmh/jmh-generator-annprocess/1.19/jmh-generator-annprocess-1.19.jar:/home/user/.m2/repository/org/mockito/mockito-all/1.8.5/mockito-all-1.8.5.jar:/home/user/.m2/repository/org/apache/hadoop/hadoop-kms/3.2.0/hadoop-kms-3.2.0.jar:/home/user/.m2/repository/org/apache/hadoop/hadoop-auth/3.2.0/hadoop-auth-3.2.0.jar:/home/user/.m2/repository/com/nimbusds/nimbus-jose-jwt/4.41.1/nimbus-jose-jwt-4.41.1.jar:/home/user/.m2/repository/com/github/stephenc/jcip/jcip-annotations/1.0-1/jcip-annotations-1.0-1.jar:/home/user/.m2/repository/net/minidev/json-smart/2.3/json-smart-2.3.jar:/home/user/.m2/repository/net/minidev/accessors-smart/1.2/accessors-smart-1.2.jar:/home/user/.m2/repository/org/ow2/asm/asm/5.0.4/asm-5.0.4.jar:/home/user/.m2/repository/org/apache/curator/curator-framework/2.12.0/curator-framework-2.12.0.jar:/home/user/.m2/repository/com/sun/jersey/jersey-core/1.19/jersey-core-1.19.jar:/home/user/.m2/repository/javax/ws/rs/jsr311-api/1.1.1/jsr311-api-1.1.1.jar:/home/user/.m2/repository/com/sun/jersey/jersey-server/1.19/jersey-server-1.19.jar:/home/user/.m2/repository/javax/servlet/javax.servlet-api/3.1.0/javax.servlet-api-3.1.0.jar:/home/user/.m2/repository/org/eclipse/jetty/jetty-server/9.3.25.v20180904/jetty-server-9.3.25.v20180904.jar:/home/user/.m2/repository/org/eclipse/jetty/jetty-http/9.3.25.v20180904/jetty-http-9.3.25.v20180904.jar:/home/user/.m2/repository/org/eclipse/jetty/jetty-io/9.3.25.v20180904/jetty-io-9.3.25.v20180904.jar:/home/user/.m2/repository/org/eclipse/jetty/jetty-webapp/9.3.25.v20180904/jetty-webapp-9.3.25.v20180904.jar:/home/user/.m2/repository/org/eclipse/jetty/jetty-xml/9.3.25.v20180904/jetty-xml-9.3.25.v20180904.jar:/home/user/.m2/repository/log4j/log4j/1.2.17/log4j-1.2.17.jar:/home/user/.m2/repository/org/slf4j/slf4j-api/1.7.25/slf4j-api-1.7.25.jar:/home/user/.m2/repository/org/slf4j/jul-to-slf4j/1.7.25/jul-to-slf4j-1.7.25.jar:/home/user/.m2/repository/org/eclipse/jetty/jetty-util/9.3.25.v20180904/jetty-util-9.3.25.v20180904.jar:/home/user/.m2/repository/com/fasterxml/jackson/core/jackson-databind/2.9.9/jackson-databind-2.9.9.jar:/home/user/.m2/repository/org/apache/hadoop/hadoop-kms/3.2.0/hadoop-kms-3.2.0-tests.jar:/home/user/.m2/repository/org/apache/hadoop/hadoop-hdds-server-scm/0.5.0-SNAPSHOT/hadoop-hdds-server-scm-0.5.0-SNAPSHOT-tests.jar:/home/user/.m2/repository/org/apache/hadoop/hadoop-hdds-container-service/0.5.0-SNAPSHOT/hadoop-hdds-container-service-0.5.0-SNAPSHOT-tests.jar:/home/user/.m2/repository/org/yaml/snakeyaml/1.16/snakeyaml-1.16.jar:/home/user/.m2/repository/org/apache/hadoop/hadoop-common/3.2.0/hadoop-common-3.2.0-tests.jar:/home/user/.m2/repository/org/apache/hadoop/hadoop-annotations/3.2.0/hadoop-annotations-3.2.0.jar:/usr/lib/jvm/java-1.8.0-openjdk-1.8.0.222.b10-1.el7_7.x86_64/jre/../lib/tools.jar:/home/user/.m2/repository/commons-cli/commons-cli/1.2/commons-cli-1.2.jar:/home/user/.m2/repository/org/apache/httpcomponents/httpclient/4.5.2/httpclient-4.5.2.jar:/home/user/.m2/repository/org/apache/httpcomponents/httpcore/4.4.4/httpcore-4.4.4.jar:/home/user/.m2/repository/commons-codec/commons-codec/1.11/commons-codec-1.11.jar:/home/user/.m2/repository/commons-net/commons-net/3.6/commons-net-3.6.jar:/home/user/.m2/repository/commons-collections/commons-collections/3.2.2/commons-collections-3.2.2.jar:/home/user/.m2/repository/org/eclipse/jetty/jetty-servlet/9.3.25.v20180904/jetty-servlet-9.3.25.v20180904.jar:/home/user/.m2/repository/org/eclipse/jetty/jetty-security/9.3.25.v20180904/jetty-security-9.3.25.v20180904.jar:/home/user/.m2/repository/javax/servlet/jsp/jsp-api/2.1/jsp-api-2.1.jar:/home/user/.m2/repository/com/sun/jersey/jersey-servlet/1.19/jersey-servlet-1.19.jar:/home/user/.m2/repository/com/sun/jersey/jersey-json/1.19/jersey-json-1.19.jar:/home/user/.m2/repository/org/codehaus/jettison/jettison/1.1/jettison-1.1.jar:/home/user/.m2/repository/org/codehaus/jackson/jackson-core-asl/1.9.13/jackson-core-asl-1.9.13.jar:/home/user/.m2/repository/org/codehaus/jackson/jackson-mapper-asl/1.9.13/jackson-mapper-asl-1.9.13.jar:/home/user/.m2/repository/org/codehaus/jackson/jackson-jaxrs/1.9.13/jackson-jaxrs-1.9.13.jar:/home/user/.m2/repository/org/codehaus/jackson/jackson-xc/1.9.13/jackson-xc-1.9.13.jar:/home/user/.m2/repository/commons-logging/commons-logging/1.1.3/commons-logging-1.1.3.jar:/home/user/.m2/repository/commons-beanutils/commons-beanutils/1.9.4/commons-beanutils-1.9.4.jar:/home/user/.m2/repository/org/apache/commons/commons-configuration2/2.1.1/commons-configuration2-2.1.1.jar:/home/user/.m2/repository/org/apache/commons/commons-lang3/3.7/commons-lang3-3.7.jar:/home/user/.m2/repository/org/apache/commons/commons-text/1.4/commons-text-1.4.jar:/home/user/.m2/repository/org/apache/avro/avro/1.7.7/avro-1.7.7.jar:/home/user/.m2/repository/com/thoughtworks/paranamer/paranamer/2.3/paranamer-2.3.jar:/home/user/.m2/repository/org/xerial/snappy/snappy-java/1.0.5/snappy-java-1.0.5.jar:/home/user/.m2/repository/com/google/re2j/re2j/1.1/re2j-1.1.jar:/home/user/.m2/repository/com/google/code/gson/gson/2.2.4/gson-2.2.4.jar:/home/user/.m2/repository/com/jcraft/jsch/0.1.54/jsch-0.1.54.jar:/home/user/.m2/repository/org/apache/curator/curator-client/2.12.0/curator-client-2.12.0.jar:/home/user/.m2/repository/org/apache/curator/curator-recipes/2.12.0/curator-recipes-2.12.0.jar:/home/user/.m2/repository/com/google/code/findbugs/jsr305/3.0.0/jsr305-3.0.0.jar:/home/user/.m2/repository/org/apache/htrace/htrace-core4/4.1.0-incubating/htrace-core4-4.1.0-incubating.jar:/home/user/.m2/repository/org/apache/zookeeper/zookeeper/3.4.13/zookeeper-3.4.13.jar:/home/user/.m2/repository/jline/jline/0.9.94/jline-0.9.94.jar:/home/user/.m2/repository/org/apache/yetus/audience-annotations/0.5.0/audience-annotations-0.5.0.jar:/home/user/.m2/repository/org/codehaus/woodstox/stax2-api/3.1.4/stax2-api-3.1.4.jar:/home/user/.m2/repository/com/fasterxml/woodstox/woodstox-core/5.0.3/woodstox-core-5.0.3.jar:/home/user/.m2/repository/dnsjava/dnsjava/2.1.7/dnsjava-2.1.7.jar:/home/user/.m2/repository/org/apache/hadoop/hadoop-hdfs/3.2.0/hadoop-hdfs-3.2.0-tests.jar:/home/user/.m2/repository/org/eclipse/jetty/jetty-util-ajax/9.3.25.v20180904/jetty-util-ajax-9.3.25.v20180904.jar:/home/user/.m2/repository/commons-daemon/commons-daemon/1.0.13/commons-daemon-1.0.13.jar:/home/user/.m2/repository/io/netty/netty/3.10.5.Final/netty-3.10.5.Final.jar:/home/user/.m2/repository/io/netty/netty-all/4.0.52.Final/netty-all-4.0.52.Final.jar:/home/user/.m2/repository/org/fusesource/leveldbjni/leveldbjni-all/1.8/leveldbjni-all-1.8.jar:"/>
    <property name="java.vm.vendor" value="Oracle Corporation"/>
    <property name="sun.arch.data.model" value="64"/>
    <property name="test.build.dir" value="/workdir/hadoop-ozone/integration-test/target/test-dir"/>
    <property name="test.cache.data" value=""/>
    <property name="java.vendor.url" value="http://java.oracle.com/"/>
    <property name="user.timezone" value=""/>
    <property name="java.vm.specification.version" value="1.8"/>
    <property name="os.name" value="Linux"/>
    <property name="test.build.data" value="/workdir/hadoop-ozone/integration-test/target/test-dir"/>
    <property name="user.country" value="US"/>
    <property name="sun.java.launcher" value="SUN_STANDARD"/>
    <property name="sun.boot.library.path" value="/usr/lib/jvm/java-1.8.0-openjdk-1.8.0.222.b10-1.el7_7.x86_64/jre/lib/amd64"/>
    <property name="sun.java.command" value="/workdir/hadoop-ozone/integration-test/target/surefire/surefirebooter8170005839770217266.jar /workdir/hadoop-ozone/integration-test/target/surefire 2019-10-15T20-57-55_663-jvmRun1 surefire9027468474168636058tmp surefire_424652373913664419809tmp"/>
    <property name="surefire.test.class.path" value="/workdir/hadoop-ozone/integration-test/target/test-classes:/workdir/hadoop-ozone/integration-test/target/classes:/home/user/.m2/repository/org/apache/hadoop/hadoop-ozone-common/0.5.0-SNAPSHOT/hadoop-ozone-common-0.5.0-SNAPSHOT.jar:/home/user/.m2/repository/org/apache/commons/commons-compress/1.4.1/commons-compress-1.4.1.jar:/home/user/.m2/repository/org/tukaani/xz/1.0/xz-1.0.jar:/home/user/.m2/repository/org/apache/hadoop/hadoop-common/3.2.0/hadoop-common-3.2.0.jar:/home/user/.m2/repository/org/apache/hadoop/hadoop-hdfs/3.2.0/hadoop-hdfs-3.2.0.jar:/home/user/.m2/repository/org/apache/hadoop/hadoop-hdfs-client/3.2.0/hadoop-hdfs-client-3.2.0.jar:/home/user/.m2/repository/com/fasterxml/jackson/core/jackson-annotations/2.9.9/jackson-annotations-2.9.9.jar:/home/user/.m2/repository/org/apache/hadoop/hadoop-hdds-common/0.5.0-SNAPSHOT/hadoop-hdds-common-0.5.0-SNAPSHOT.jar:/home/user/.m2/repository/javax/annotation/javax.annotation-api/1.2/javax.annotation-api-1.2.jar:/home/user/.m2/repository/org/apache/ratis/ratis-server/0.5.0-3f446aa-SNAPSHOT/ratis-server-0.5.0-3f446aa-SNAPSHOT.jar:/home/user/.m2/repository/org/apache/ratis/ratis-thirdparty-misc/0.2.0/ratis-thirdparty-misc-0.2.0.jar:/home/user/.m2/repository/org/apache/ratis/ratis-proto/0.5.0-3f446aa-SNAPSHOT/ratis-proto-0.5.0-3f446aa-SNAPSHOT.jar:/home/user/.m2/repository/org/apache/ratis/ratis-common/0.5.0-3f446aa-SNAPSHOT/ratis-common-0.5.0-3f446aa-SNAPSHOT.jar:/home/user/.m2/repository/org/apache/ratis/ratis-client/0.5.0-3f446aa-SNAPSHOT/ratis-client-0.5.0-3f446aa-SNAPSHOT.jar:/home/user/.m2/repository/org/apache/ratis/ratis-metrics/0.5.0-3f446aa-SNAPSHOT/ratis-metrics-0.5.0-3f446aa-SNAPSHOT.jar:/home/user/.m2/repository/com/github/joshelser/dropwizard-metrics-hadoop-metrics2-reporter/0.1.2/dropwizard-metrics-hadoop-metrics2-reporter-0.1.2.jar:/home/user/.m2/repository/io/dropwizard/metrics/metrics-jvm/3.2.5/metrics-jvm-3.2.5.jar:/home/user/.m2/repository/io/dropwizard/metrics/metrics-ganglia/3.2.5/metrics-ganglia-3.2.5.jar:/home/user/.m2/repository/info/ganglia/gmetric4j/gmetric4j/1.0.7/gmetric4j-1.0.7.jar:/home/user/.m2/repository/org/apache/ratis/ratis-netty/0.5.0-3f446aa-SNAPSHOT/ratis-netty-0.5.0-3f446aa-SNAPSHOT.jar:/home/user/.m2/repository/org/apache/ratis/ratis-grpc/0.5.0-3f446aa-SNAPSHOT/ratis-grpc-0.5.0-3f446aa-SNAPSHOT.jar:/home/user/.m2/repository/org/rocksdb/rocksdbjni/6.0.1/rocksdbjni-6.0.1.jar:/home/user/.m2/repository/org/apache/logging/log4j/log4j-api/2.11.0/log4j-api-2.11.0.jar:/home/user/.m2/repository/org/apache/logging/log4j/log4j-core/2.11.0/log4j-core-2.11.0.jar:/home/user/.m2/repository/com/lmax/disruptor/3.4.2/disruptor-3.4.2.jar:/home/user/.m2/repository/org/apache/commons/commons-pool2/2.6.0/commons-pool2-2.6.0.jar:/home/user/.m2/repository/org/bouncycastle/bcpkix-jdk15on/1.60/bcpkix-jdk15on-1.60.jar:/home/user/.m2/repository/commons-validator/commons-validator/1.6/commons-validator-1.6.jar:/home/user/.m2/repository/commons-digester/commons-digester/1.8.1/commons-digester-1.8.1.jar:/home/user/.m2/repository/io/jaegertracing/jaeger-client/0.34.0/jaeger-client-0.34.0.jar:/home/user/.m2/repository/io/jaegertracing/jaeger-thrift/0.34.0/jaeger-thrift-0.34.0.jar:/home/user/.m2/repository/org/apache/thrift/libthrift/0.12.0/libthrift-0.12.0.jar:/home/user/.m2/repository/com/squareup/okhttp3/okhttp/3.9.0/okhttp-3.9.0.jar:/home/user/.m2/repository/com/squareup/okio/okio/1.13.0/okio-1.13.0.jar:/home/user/.m2/repository/io/jaegertracing/jaeger-core/0.34.0/jaeger-core-0.34.0.jar:/home/user/.m2/repository/io/jaegertracing/jaeger-tracerresolver/0.34.0/jaeger-tracerresolver-0.34.0.jar:/home/user/.m2/repository/io/opentracing/contrib/opentracing-tracerresolver/0.1.5/opentracing-tracerresolver-0.1.5.jar:/home/user/.m2/repository/io/opentracing/opentracing-util/0.31.0/opentracing-util-0.31.0.jar:/home/user/.m2/repository/io/opentracing/opentracing-api/0.31.0/opentracing-api-0.31.0.jar:/home/user/.m2/repository/io/opentracing/opentracing-noop/0.31.0/opentracing-noop-0.31.0.jar:/home/user/.m2/repository/org/apache/hadoop/hadoop-hdds-server-framework/0.5.0-SNAPSHOT/hadoop-hdds-server-framework-0.5.0-SNAPSHOT.jar:/home/user/.m2/repository/org/apache/hadoop/hadoop-hdds-container-service/0.5.0-SNAPSHOT/hadoop-hdds-container-service-0.5.0-SNAPSHOT.jar:/home/user/.m2/repository/org/apache/hadoop/hadoop-hdds-client/0.5.0-SNAPSHOT/hadoop-hdds-client-0.5.0-SNAPSHOT.jar:/home/user/.m2/repository/org/apache/hadoop/hadoop-hdds-tools/0.5.0-SNAPSHOT/hadoop-hdds-tools-0.5.0-SNAPSHOT.jar:/home/user/.m2/repository/org/apache/hadoop/hadoop-hdds-server-scm/0.5.0-SNAPSHOT/hadoop-hdds-server-scm-0.5.0-SNAPSHOT.jar:/home/user/.m2/repository/org/apache/hadoop/hadoop-hdds-docs/0.5.0-SNAPSHOT/hadoop-hdds-docs-0.5.0-SNAPSHOT.jar:/home/user/.m2/repository/io/dropwizard/metrics/metrics-core/3.2.4/metrics-core-3.2.4.jar:/home/user/.m2/repository/org/hamcrest/hamcrest-all/1.3/hamcrest-all-1.3.jar:/home/user/.m2/repository/org/bouncycastle/bcprov-jdk15on/1.60/bcprov-jdk15on-1.60.jar:/home/user/.m2/repository/info/picocli/picocli/3.9.6/picocli-3.9.6.jar:/home/user/.m2/repository/com/google/protobuf/protobuf-java/2.5.0/protobuf-java-2.5.0.jar:/home/user/.m2/repository/com/google/guava/guava/11.0.2/guava-11.0.2.jar:/home/user/.m2/repository/org/apache/hadoop/hadoop-ozone-ozone-manager/0.5.0-SNAPSHOT/hadoop-ozone-ozone-manager-0.5.0-SNAPSHOT.jar:/home/user/.m2/repository/org/apache/hadoop/hadoop-minikdc/3.2.0/hadoop-minikdc-3.2.0.jar:/home/user/.m2/repository/commons-io/commons-io/2.5/commons-io-2.5.jar:/home/user/.m2/repository/org/apache/kerby/kerb-simplekdc/1.0.1/kerb-simplekdc-1.0.1.jar:/home/user/.m2/repository/org/apache/kerby/kerb-client/1.0.1/kerb-client-1.0.1.jar:/home/user/.m2/repository/org/apache/kerby/kerby-config/1.0.1/kerby-config-1.0.1.jar:/home/user/.m2/repository/org/apache/kerby/kerb-core/1.0.1/kerb-core-1.0.1.jar:/home/user/.m2/repository/org/apache/kerby/kerby-pkix/1.0.1/kerby-pkix-1.0.1.jar:/home/user/.m2/repository/org/apache/kerby/kerby-asn1/1.0.1/kerby-asn1-1.0.1.jar:/home/user/.m2/repository/org/apache/kerby/kerby-util/1.0.1/kerby-util-1.0.1.jar:/home/user/.m2/repository/org/apache/kerby/kerb-common/1.0.1/kerb-common-1.0.1.jar:/home/user/.m2/repository/org/apache/kerby/kerb-crypto/1.0.1/kerb-crypto-1.0.1.jar:/home/user/.m2/repository/org/apache/kerby/kerb-util/1.0.1/kerb-util-1.0.1.jar:/home/user/.m2/repository/org/apache/kerby/token-provider/1.0.1/token-provider-1.0.1.jar:/home/user/.m2/repository/org/apache/kerby/kerb-admin/1.0.1/kerb-admin-1.0.1.jar:/home/user/.m2/repository/org/apache/kerby/kerb-server/1.0.1/kerb-server-1.0.1.jar:/home/user/.m2/repository/org/apache/kerby/kerb-identity/1.0.1/kerb-identity-1.0.1.jar:/home/user/.m2/repository/org/apache/kerby/kerby-xdr/1.0.1/kerby-xdr-1.0.1.jar:/home/user/.m2/repository/org/slf4j/slf4j-log4j12/1.7.25/slf4j-log4j12-1.7.25.jar:/home/user/.m2/repository/org/apache/hadoop/hadoop-ozone-s3gateway/0.5.0-SNAPSHOT/hadoop-ozone-s3gateway-0.5.0-SNAPSHOT.jar:/home/user/.m2/repository/org/jboss/weld/servlet/weld-servlet/2.4.7.Final/weld-servlet-2.4.7.Final.jar:/home/user/.m2/repository/org/glassfish/jersey/containers/jersey-container-servlet-core/2.27/jersey-container-servlet-core-2.27.jar:/home/user/.m2/repository/org/glassfish/hk2/external/javax.inject/2.5.0-b42/javax.inject-2.5.0-b42.jar:/home/user/.m2/repository/org/glassfish/jersey/core/jersey-common/2.27/jersey-common-2.27.jar:/home/user/.m2/repository/org/glassfish/hk2/osgi-resource-locator/1.0.1/osgi-resource-locator-1.0.1.jar:/home/user/.m2/repository/javax/ws/rs/javax.ws.rs-api/2.1/javax.ws.rs-api-2.1.jar:/home/user/.m2/repository/org/glassfish/jersey/ext/cdi/jersey-cdi1x/2.27/jersey-cdi1x-2.27.jar:/home/user/.m2/repository/org/glassfish/jersey/inject/jersey-hk2/2.27/jersey-hk2-2.27.jar:/home/user/.m2/repository/org/glassfish/hk2/hk2-locator/2.5.0-b42/hk2-locator-2.5.0-b42.jar:/home/user/.m2/repository/org/javassist/javassist/3.22.0-CR2/javassist-3.22.0-CR2.jar:/home/user/.m2/repository/org/glassfish/hk2/hk2-api/2.5.0/hk2-api-2.5.0.jar:/home/user/.m2/repository/org/glassfish/hk2/external/jakarta.inject/2.5.0/jakarta.inject-2.5.0.jar:/home/user/.m2/repository/org/glassfish/hk2/hk2-utils/2.5.0/hk2-utils-2.5.0.jar:/home/user/.m2/repository/jakarta/annotation/jakarta.annotation-api/1.3.4/jakarta.annotation-api-1.3.4.jar:/home/user/.m2/repository/org/glassfish/hk2/external/aopalliance-repackaged/2.5.0/aopalliance-repackaged-2.5.0.jar:/home/user/.m2/repository/com/fasterxml/jackson/dataformat/jackson-dataformat-xml/2.9.0/jackson-dataformat-xml-2.9.0.jar:/home/user/.m2/repository/com/fasterxml/jackson/core/jackson-core/2.9.9/jackson-core-2.9.9.jar:/home/user/.m2/repository/com/fasterxml/jackson/module/jackson-module-jaxb-annotations/2.9.9/jackson-module-jaxb-annotations-2.9.9.jar:/home/user/.m2/repository/javax/enterprise/cdi-api/1.2/cdi-api-1.2.jar:/home/user/.m2/repository/javax/el/javax.el-api/3.0.0/javax.el-api-3.0.0.jar:/home/user/.m2/repository/javax/interceptor/javax.interceptor-api/1.2/javax.interceptor-api-1.2.jar:/home/user/.m2/repository/javax/inject/javax.inject/1/javax.inject-1.jar:/home/user/.m2/repository/com/sun/xml/bind/jaxb-impl/2.3.0.1/jaxb-impl-2.3.0.1.jar:/home/user/.m2/repository/com/sun/xml/bind/jaxb-core/2.3.0.1/jaxb-core-2.3.0.1.jar:/home/user/.m2/repository/javax/xml/bind/jaxb-api/2.3.0/jaxb-api-2.3.0.jar:/home/user/.m2/repository/javax/activation/activation/1.1.1/activation-1.1.1.jar:/home/user/.m2/repository/org/apache/hadoop/hadoop-ozone-csi/0.5.0-SNAPSHOT/hadoop-ozone-csi-0.5.0-SNAPSHOT.jar:/home/user/.m2/repository/com/google/protobuf/protobuf-java-util/3.5.1/protobuf-java-util-3.5.1.jar:/home/user/.m2/repository/org/apache/hadoop/hadoop-hdds-config/0.5.0-SNAPSHOT/hadoop-hdds-config-0.5.0-SNAPSHOT.jar:/home/user/.m2/repository/io/grpc/grpc-netty/1.17.1/grpc-netty-1.17.1.jar:/home/user/.m2/repository/io/grpc/grpc-core/1.17.1/grpc-core-1.17.1.jar:/home/user/.m2/repository/io/grpc/grpc-context/1.17.1/grpc-context-1.17.1.jar:/home/user/.m2/repository/com/google/errorprone/error_prone_annotations/2.2.0/error_prone_annotations-2.2.0.jar:/home/user/.m2/repository/org/codehaus/mojo/animal-sniffer-annotations/1.17/animal-sniffer-annotations-1.17.jar:/home/user/.m2/repository/io/opencensus/opencensus-api/0.17.0/opencensus-api-0.17.0.jar:/home/user/.m2/repository/io/opencensus/opencensus-contrib-grpc-metrics/0.17.0/opencensus-contrib-grpc-metrics-0.17.0.jar:/home/user/.m2/repository/io/netty/netty-codec-http2/4.1.30.Final/netty-codec-http2-4.1.30.Final.jar:/home/user/.m2/repository/io/netty/netty-codec-http/4.1.30.Final/netty-codec-http-4.1.30.Final.jar:/home/user/.m2/repository/io/netty/netty-codec/4.1.30.Final/netty-codec-4.1.30.Final.jar:/home/user/.m2/repository/io/netty/netty-handler/4.1.30.Final/netty-handler-4.1.30.Final.jar:/home/user/.m2/repository/io/netty/netty-handler-proxy/4.1.30.Final/netty-handler-proxy-4.1.30.Final.jar:/home/user/.m2/repository/io/netty/netty-codec-socks/4.1.30.Final/netty-codec-socks-4.1.30.Final.jar:/home/user/.m2/repository/io/netty/netty-transport-native-epoll/4.1.30.Final/netty-transport-native-epoll-4.1.30.Final.jar:/home/user/.m2/repository/io/netty/netty-common/4.1.30.Final/netty-common-4.1.30.Final.jar:/home/user/.m2/repository/io/netty/netty-buffer/4.1.30.Final/netty-buffer-4.1.30.Final.jar:/home/user/.m2/repository/io/netty/netty-transport/4.1.30.Final/netty-transport-4.1.30.Final.jar:/home/user/.m2/repository/io/netty/netty-resolver/4.1.30.Final/netty-resolver-4.1.30.Final.jar:/home/user/.m2/repository/io/netty/netty-transport-native-unix-common/4.1.30.Final/netty-transport-native-unix-common-4.1.30.Final.jar:/home/user/.m2/repository/io/grpc/grpc-protobuf/1.17.1/grpc-protobuf-1.17.1.jar:/home/user/.m2/repository/com/google/api/grpc/proto-google-common-protos/1.0.0/proto-google-common-protos-1.0.0.jar:/home/user/.m2/repository/io/grpc/grpc-protobuf-lite/1.17.1/grpc-protobuf-lite-1.17.1.jar:/home/user/.m2/repository/io/grpc/grpc-stub/1.17.1/grpc-stub-1.17.1.jar:/home/user/.m2/repository/org/apache/hadoop/hadoop-ozone-recon/0.5.0-SNAPSHOT/hadoop-ozone-recon-0.5.0-SNAPSHOT.jar:/home/user/.m2/repository/org/apache/hadoop/hadoop-ozone-reconcodegen/0.5.0-SNAPSHOT/hadoop-ozone-reconcodegen-0.5.0-SNAPSHOT.jar:/home/user/.m2/repository/com/google/inject/extensions/guice-multibindings/4.0/guice-multibindings-4.0.jar:/home/user/.m2/repository/com/google/inject/guice/4.0/guice-4.0.jar:/home/user/.m2/repository/aopalliance/aopalliance/1.0/aopalliance-1.0.jar:/home/user/.m2/repository/com/google/inject/extensions/guice-servlet/4.0/guice-servlet-4.0.jar:/home/user/.m2/repository/org/glassfish/jersey/containers/jersey-container-servlet/2.27/jersey-container-servlet-2.27.jar:/home/user/.m2/repository/org/glassfish/hk2/guice-bridge/2.5.0/guice-bridge-2.5.0.jar:/home/user/.m2/repository/org/glassfish/jersey/core/jersey-server/2.27/jersey-server-2.27.jar:/home/user/.m2/repository/org/glassfish/jersey/core/jersey-client/2.27/jersey-client-2.27.jar:/home/user/.m2/repository/org/glassfish/jersey/media/jersey-media-jaxb/2.27/jersey-media-jaxb-2.27.jar:/home/user/.m2/repository/javax/validation/validation-api/1.1.0.Final/validation-api-1.1.0.Final.jar:/home/user/.m2/repository/org/glassfish/jersey/media/jersey-media-json-jackson/2.27/jersey-media-json-jackson-2.27.jar:/home/user/.m2/repository/org/glassfish/jersey/ext/jersey-entity-filtering/2.27/jersey-entity-filtering-2.27.jar:/home/user/.m2/repository/com/google/inject/extensions/guice-assistedinject/4.0/guice-assistedinject-4.0.jar:/home/user/.m2/repository/org/jooq/jooq/3.11.10/jooq-3.11.10.jar:/home/user/.m2/repository/org/jooq/jooq-meta/3.11.10/jooq-meta-3.11.10.jar:/home/user/.m2/repository/org/jooq/jooq-codegen/3.11.10/jooq-codegen-3.11.10.jar:/home/user/.m2/repository/com/jolbox/bonecp/0.8.0.RELEASE/bonecp-0.8.0.RELEASE.jar:/home/user/.m2/repository/org/xerial/sqlite-jdbc/3.25.2/sqlite-jdbc-3.25.2.jar:/home/user/.m2/repository/org/springframework/spring-jdbc/5.1.3.RELEASE/spring-jdbc-5.1.3.RELEASE.jar:/home/user/.m2/repository/org/springframework/spring-beans/5.1.3.RELEASE/spring-beans-5.1.3.RELEASE.jar:/home/user/.m2/repository/org/springframework/spring-core/5.1.3.RELEASE/spring-core-5.1.3.RELEASE.jar:/home/user/.m2/repository/org/springframework/spring-jcl/5.1.3.RELEASE/spring-jcl-5.1.3.RELEASE.jar:/home/user/.m2/repository/org/springframework/spring-tx/5.1.3.RELEASE/spring-tx-5.1.3.RELEASE.jar:/home/user/.m2/repository/org/apache/hadoop/hadoop-ozone-client/0.5.0-SNAPSHOT/hadoop-ozone-client-0.5.0-SNAPSHOT.jar:/home/user/.m2/repository/commons-lang/commons-lang/2.6/commons-lang-2.6.jar:/home/user/.m2/repository/org/apache/hadoop/hadoop-ozone-ozone-manager/0.5.0-SNAPSHOT/hadoop-ozone-ozone-manager-0.5.0-SNAPSHOT-tests.jar:/home/user/.m2/repository/junit/junit/4.11/junit-4.11.jar:/home/user/.m2/repository/org/hamcrest/hamcrest-core/1.3/hamcrest-core-1.3.jar:/home/user/.m2/repository/org/openjdk/jmh/jmh-core/1.19/jmh-core-1.19.jar:/home/user/.m2/repository/net/sf/jopt-simple/jopt-simple/4.6/jopt-simple-4.6.jar:/home/user/.m2/repository/org/apache/commons/commons-math3/3.1.1/commons-math3-3.1.1.jar:/home/user/.m2/repository/org/openjdk/jmh/jmh-generator-annprocess/1.19/jmh-generator-annprocess-1.19.jar:/home/user/.m2/repository/org/mockito/mockito-all/1.8.5/mockito-all-1.8.5.jar:/home/user/.m2/repository/org/apache/hadoop/hadoop-kms/3.2.0/hadoop-kms-3.2.0.jar:/home/user/.m2/repository/org/apache/hadoop/hadoop-auth/3.2.0/hadoop-auth-3.2.0.jar:/home/user/.m2/repository/com/nimbusds/nimbus-jose-jwt/4.41.1/nimbus-jose-jwt-4.41.1.jar:/home/user/.m2/repository/com/github/stephenc/jcip/jcip-annotations/1.0-1/jcip-annotations-1.0-1.jar:/home/user/.m2/repository/net/minidev/json-smart/2.3/json-smart-2.3.jar:/home/user/.m2/repository/net/minidev/accessors-smart/1.2/accessors-smart-1.2.jar:/home/user/.m2/repository/org/ow2/asm/asm/5.0.4/asm-5.0.4.jar:/home/user/.m2/repository/org/apache/curator/curator-framework/2.12.0/curator-framework-2.12.0.jar:/home/user/.m2/repository/com/sun/jersey/jersey-core/1.19/jersey-core-1.19.jar:/home/user/.m2/repository/javax/ws/rs/jsr311-api/1.1.1/jsr311-api-1.1.1.jar:/home/user/.m2/repository/com/sun/jersey/jersey-server/1.19/jersey-server-1.19.jar:/home/user/.m2/repository/javax/servlet/javax.servlet-api/3.1.0/javax.servlet-api-3.1.0.jar:/home/user/.m2/repository/org/eclipse/jetty/jetty-server/9.3.25.v20180904/jetty-server-9.3.25.v20180904.jar:/home/user/.m2/repository/org/eclipse/jetty/jetty-http/9.3.25.v20180904/jetty-http-9.3.25.v20180904.jar:/home/user/.m2/repository/org/eclipse/jetty/jetty-io/9.3.25.v20180904/jetty-io-9.3.25.v20180904.jar:/home/user/.m2/repository/org/eclipse/jetty/jetty-webapp/9.3.25.v20180904/jetty-webapp-9.3.25.v20180904.jar:/home/user/.m2/repository/org/eclipse/jetty/jetty-xml/9.3.25.v20180904/jetty-xml-9.3.25.v20180904.jar:/home/user/.m2/repository/log4j/log4j/1.2.17/log4j-1.2.17.jar:/home/user/.m2/repository/org/slf4j/slf4j-api/1.7.25/slf4j-api-1.7.25.jar:/home/user/.m2/repository/org/slf4j/jul-to-slf4j/1.7.25/jul-to-slf4j-1.7.25.jar:/home/user/.m2/repository/org/eclipse/jetty/jetty-util/9.3.25.v20180904/jetty-util-9.3.25.v20180904.jar:/home/user/.m2/repository/com/fasterxml/jackson/core/jackson-databind/2.9.9/jackson-databind-2.9.9.jar:/home/user/.m2/repository/org/apache/hadoop/hadoop-kms/3.2.0/hadoop-kms-3.2.0-tests.jar:/home/user/.m2/repository/org/apache/hadoop/hadoop-hdds-server-scm/0.5.0-SNAPSHOT/hadoop-hdds-server-scm-0.5.0-SNAPSHOT-tests.jar:/home/user/.m2/repository/org/apache/hadoop/hadoop-hdds-container-service/0.5.0-SNAPSHOT/hadoop-hdds-container-service-0.5.0-SNAPSHOT-tests.jar:/home/user/.m2/repository/org/yaml/snakeyaml/1.16/snakeyaml-1.16.jar:/home/user/.m2/repository/org/apache/hadoop/hadoop-common/3.2.0/hadoop-common-3.2.0-tests.jar:/home/user/.m2/repository/org/apache/hadoop/hadoop-annotations/3.2.0/hadoop-annotations-3.2.0.jar:/usr/lib/jvm/java-1.8.0-openjdk-1.8.0.222.b10-1.el7_7.x86_64/jre/../lib/tools.jar:/home/user/.m2/repository/commons-cli/commons-cli/1.2/commons-cli-1.2.jar:/home/user/.m2/repository/org/apache/httpcomponents/httpclient/4.5.2/httpclient-4.5.2.jar:/home/user/.m2/repository/org/apache/httpcomponents/httpcore/4.4.4/httpcore-4.4.4.jar:/home/user/.m2/repository/commons-codec/commons-codec/1.11/commons-codec-1.11.jar:/home/user/.m2/repository/commons-net/commons-net/3.6/commons-net-3.6.jar:/home/user/.m2/repository/commons-collections/commons-collections/3.2.2/commons-collections-3.2.2.jar:/home/user/.m2/repository/org/eclipse/jetty/jetty-servlet/9.3.25.v20180904/jetty-servlet-9.3.25.v20180904.jar:/home/user/.m2/repository/org/eclipse/jetty/jetty-security/9.3.25.v20180904/jetty-security-9.3.25.v20180904.jar:/home/user/.m2/repository/javax/servlet/jsp/jsp-api/2.1/jsp-api-2.1.jar:/home/user/.m2/repository/com/sun/jersey/jersey-servlet/1.19/jersey-servlet-1.19.jar:/home/user/.m2/repository/com/sun/jersey/jersey-json/1.19/jersey-json-1.19.jar:/home/user/.m2/repository/org/codehaus/jettison/jettison/1.1/jettison-1.1.jar:/home/user/.m2/repository/org/codehaus/jackson/jackson-core-asl/1.9.13/jackson-core-asl-1.9.13.jar:/home/user/.m2/repository/org/codehaus/jackson/jackson-mapper-asl/1.9.13/jackson-mapper-asl-1.9.13.jar:/home/user/.m2/repository/org/codehaus/jackson/jackson-jaxrs/1.9.13/jackson-jaxrs-1.9.13.jar:/home/user/.m2/repository/org/codehaus/jackson/jackson-xc/1.9.13/jackson-xc-1.9.13.jar:/home/user/.m2/repository/commons-logging/commons-logging/1.1.3/commons-logging-1.1.3.jar:/home/user/.m2/repository/commons-beanutils/commons-beanutils/1.9.4/commons-beanutils-1.9.4.jar:/home/user/.m2/repository/org/apache/commons/commons-configuration2/2.1.1/commons-configuration2-2.1.1.jar:/home/user/.m2/repository/org/apache/commons/commons-lang3/3.7/commons-lang3-3.7.jar:/home/user/.m2/repository/org/apache/commons/commons-text/1.4/commons-text-1.4.jar:/home/user/.m2/repository/org/apache/avro/avro/1.7.7/avro-1.7.7.jar:/home/user/.m2/repository/com/thoughtworks/paranamer/paranamer/2.3/paranamer-2.3.jar:/home/user/.m2/repository/org/xerial/snappy/snappy-java/1.0.5/snappy-java-1.0.5.jar:/home/user/.m2/repository/com/google/re2j/re2j/1.1/re2j-1.1.jar:/home/user/.m2/repository/com/google/code/gson/gson/2.2.4/gson-2.2.4.jar:/home/user/.m2/repository/com/jcraft/jsch/0.1.54/jsch-0.1.54.jar:/home/user/.m2/repository/org/apache/curator/curator-client/2.12.0/curator-client-2.12.0.jar:/home/user/.m2/repository/org/apache/curator/curator-recipes/2.12.0/curator-recipes-2.12.0.jar:/home/user/.m2/repository/com/google/code/findbugs/jsr305/3.0.0/jsr305-3.0.0.jar:/home/user/.m2/repository/org/apache/htrace/htrace-core4/4.1.0-incubating/htrace-core4-4.1.0-incubating.jar:/home/user/.m2/repository/org/apache/zookeeper/zookeeper/3.4.13/zookeeper-3.4.13.jar:/home/user/.m2/repository/jline/jline/0.9.94/jline-0.9.94.jar:/home/user/.m2/repository/org/apache/yetus/audience-annotations/0.5.0/audience-annotations-0.5.0.jar:/home/user/.m2/repository/org/codehaus/woodstox/stax2-api/3.1.4/stax2-api-3.1.4.jar:/home/user/.m2/repository/com/fasterxml/woodstox/woodstox-core/5.0.3/woodstox-core-5.0.3.jar:/home/user/.m2/repository/dnsjava/dnsjava/2.1.7/dnsjava-2.1.7.jar:/home/user/.m2/repository/org/apache/hadoop/hadoop-hdfs/3.2.0/hadoop-hdfs-3.2.0-tests.jar:/home/user/.m2/repository/org/eclipse/jetty/jetty-util-ajax/9.3.25.v20180904/jetty-util-ajax-9.3.25.v20180904.jar:/home/user/.m2/repository/commons-daemon/commons-daemon/1.0.13/commons-daemon-1.0.13.jar:/home/user/.m2/repository/io/netty/netty/3.10.5.Final/netty-3.10.5.Final.jar:/home/user/.m2/repository/io/netty/netty-all/4.0.52.Final/netty-all-4.0.52.Final.jar:/home/user/.m2/repository/org/fusesource/leveldbjni/leveldbjni-all/1.8/leveldbjni-all-1.8.jar:"/>
    <property name="sun.cpu.endian" value="little"/>
    <property name="user.home" value="/home/user"/>
    <property name="user.language" value="en"/>
    <property name="java.specification.vendor" value="Oracle Corporation"/>
    <property name="java.home" value="/usr/lib/jvm/java-1.8.0-openjdk-1.8.0.222.b10-1.el7_7.x86_64/jre"/>
    <property name="surefire.excludesFile" value="/tools/ozone-bad-unit-tests"/>
    <property name="java.security.krb5.conf" value="/workdir/hadoop-ozone/integration-test/target/test-classes/krb5.conf"/>
    <property name="basedir" value="/workdir/hadoop-ozone/integration-test"/>
    <property name="file.separator" value="/"/>
    <property name="line.separator" value="&#10;"/>
    <property name="java.vm.specification.vendor" value="Oracle Corporation"/>
    <property name="java.specification.name" value="Java Platform API Specification"/>
    <property name="java.awt.graphicsenv" value="sun.awt.X11GraphicsEnvironment"/>
    <property name="surefire.real.class.path" value="/workdir/hadoop-ozone/integration-test/target/surefire/surefirebooter8170005839770217266.jar"/>
    <property name="hadoop.log.dir" value="/workdir/hadoop-ozone/integration-test/target/log"/>
    <property name="sun.boot.class.path" value="/usr/lib/jvm/java-1.8.0-openjdk-1.8.0.222.b10-1.el7_7.x86_64/jre/lib/resources.jar:/usr/lib/jvm/java-1.8.0-openjdk-1.8.0.222.b10-1.el7_7.x86_64/jre/lib/rt.jar:/usr/lib/jvm/java-1.8.0-openjdk-1.8.0.222.b10-1.el7_7.x86_64/jre/lib/sunrsasign.jar:/usr/lib/jvm/java-1.8.0-openjdk-1.8.0.222.b10-1.el7_7.x86_64/jre/lib/jsse.jar:/usr/lib/jvm/java-1.8.0-openjdk-1.8.0.222.b10-1.el7_7.x86_64/jre/lib/jce.jar:/usr/lib/jvm/java-1.8.0-openjdk-1.8.0.222.b10-1.el7_7.x86_64/jre/lib/charsets.jar:/usr/lib/jvm/java-1.8.0-openjdk-1.8.0.222.b10-1.el7_7.x86_64/jre/lib/jfr.jar:/usr/lib/jvm/java-1.8.0-openjdk-1.8.0.222.b10-1.el7_7.x86_64/jre/classes"/>
    <property name="sun.management.compiler" value="HotSpot 64-Bit Tiered Compilers"/>
    <property name="java.runtime.version" value="1.8.0_222-b10"/>
    <property name="java.net.preferIPv4Stack" value="true"/>
    <property name="user.name" value="jenkins1000"/>
    <property name="path.separator" value=":"/>
    <property name="java.security.egd" value="file:///dev/urandom"/>
    <property name="os.version" value="3.10.0-957.12.2.el7.x86_64"/>
    <property name="java.endorsed.dirs" value="/usr/lib/jvm/java-1.8.0-openjdk-1.8.0.222.b10-1.el7_7.x86_64/jre/lib/endorsed"/>
    <property name="java.runtime.name" value="OpenJDK Runtime Environment"/>
    <property name="file.encoding" value="ANSI_X3.4-1968"/>
    <property name="java.vm.name" value="OpenJDK 64-Bit Server VM"/>
    <property name="test.build.webapps" value=""/>
    <property name="localRepository" value="/home/user/.m2/repository"/>
    <property name="java.vendor.url.bug" value="http://bugreport.sun.com/bugreport/"/>
    <property name="java.io.tmpdir" value="/tmp"/>
    <property name="require.test.libhadoop" value=""/>
    <property name="java.version" value="1.8.0_222"/>
    <property name="user.dir" value="/workdir/hadoop-ozone/integration-test"/>
    <property name="os.arch" value="amd64"/>
    <property name="java.vm.specification.name" value="Java Virtual Machine Specification"/>
    <property name="test.build.classes" value="/workdir/hadoop-ozone/integration-test/target/test-classes"/>
    <property name="java.awt.printerjob" value="sun.print.PSPrinterJob"/>
    <property name="sun.os.patch.level" value="unknown"/>
    <property name="hadoop.tmp.dir" value="/workdir/hadoop-ozone/integration-test/target/tmp"/>
    <property name="java.library.path" value="/usr/lib:/workdir/hadoop-ozone/integration-test/target/native/target/usr/local/lib:/workdir/hadoop-ozone/integration-test/../../hadoop-common-project/hadoop-common/target/native/target/usr/local/lib:/usr/java/packages/lib/amd64:/usr/lib64:/lib64:/lib:/usr/lib"/>
    <property name="java.vm.info" value="mixed mode"/>
    <property name="java.vendor" value="Oracle Corporation"/>
    <property name="java.vm.version" value="25.222-b10"/>
    <property name="java.ext.dirs" value="/usr/lib/jvm/java-1.8.0-openjdk-1.8.0.222.b10-1.el7_7.x86_64/jre/lib/ext:/usr/java/packages/lib/ext"/>
    <property name="sun.io.unicode.encoding" value="UnicodeLittle"/>
    <property name="java.class.version" value="52.0"/>
  </properties>
  <testcase name="testDeleteKeyWithSlowFollower" classname="org.apache.hadoop.ozone.client.rpc.TestDeleteWithSlowFollower" time="111.201">
    <failure type="java.lang.AssertionError">java.lang.AssertionError
	at org.junit.Assert.fail(Assert.java:86)
	at org.junit.Assert.assertTrue(Assert.java:41)
	at org.junit.Assert.assertTrue(Assert.java:52)
	at org.apache.hadoop.ozone.client.rpc.TestDeleteWithSlowFollower.testDeleteKeyWithSlowFollower(TestDeleteWithSlowFollower.java:265)
	at sun.reflect.NativeMethodAccessorImpl.invoke0(Native Method)
	at sun.reflect.NativeMethodAccessorImpl.invoke(NativeMethodAccessorImpl.java:62)
	at sun.reflect.DelegatingMethodAccessorImpl.invoke(DelegatingMethodAccessorImpl.java:43)
	at java.lang.reflect.Method.invoke(Method.java:498)
	at org.junit.runners.model.FrameworkMethod$1.runReflectiveCall(FrameworkMethod.java:47)
	at org.junit.internal.runners.model.ReflectiveCallable.run(ReflectiveCallable.java:12)
	at org.junit.runners.model.FrameworkMethod.invokeExplosively(FrameworkMethod.java:44)
	at org.junit.internal.runners.statements.InvokeMethod.evaluate(InvokeMethod.java:17)
	at org.junit.runners.ParentRunner.runLeaf(ParentRunner.java:271)
	at org.junit.runners.BlockJUnit4ClassRunner.runChild(BlockJUnit4ClassRunner.java:70)
	at org.junit.runners.BlockJUnit4ClassRunner.runChild(BlockJUnit4ClassRunner.java:50)
	at org.junit.runners.ParentRunner$3.run(ParentRunner.java:238)
	at org.junit.runners.ParentRunner$1.schedule(ParentRunner.java:63)
	at org.junit.runners.ParentRunner.runChildren(ParentRunner.java:236)
	at org.junit.runners.ParentRunner.access$000(ParentRunner.java:53)
	at org.junit.runners.ParentRunner$2.evaluate(ParentRunner.java:229)
	at org.junit.internal.runners.statements.RunBefores.evaluate(RunBefores.java:26)
	at org.junit.internal.runners.statements.RunAfters.evaluate(RunAfters.java:27)
	at org.junit.runners.ParentRunner.run(ParentRunner.java:309)
	at org.apache.maven.surefire.junit4.JUnit4Provider.execute(JUnit4Provider.java:365)
	at org.apache.maven.surefire.junit4.JUnit4Provider.executeWithRerun(JUnit4Provider.java:273)
	at org.apache.maven.surefire.junit4.JUnit4Provider.executeTestSet(JUnit4Provider.java:238)
	at org.apache.maven.surefire.junit4.JUnit4Provider.invoke(JUnit4Provider.java:159)
	at org.apache.maven.surefire.booter.ForkedBooter.invokeProviderInSameClassLoader(ForkedBooter.java:384)
	at org.apache.maven.surefire.booter.ForkedBooter.runSuitesInProcess(ForkedBooter.java:345)
	at org.apache.maven.surefire.booter.ForkedBooter.execute(ForkedBooter.java:126)
	at org.apache.maven.surefire.booter.ForkedBooter.main(ForkedBooter.java:418)
</failure>
    <system-out><![CDATA[2019-10-15 21:42:32,998 [main] WARN  server.ServerUtils (ServerUtils.java:getScmDbDir(145)) - ozone.scm.db.dirs is not configured. We recommend adding this setting. Falling back to ozone.metadata.dirs instead.
2019-10-15 21:42:33,099 [main] WARN  server.ServerUtils (ServerUtils.java:getScmDbDir(145)) - ozone.scm.db.dirs is not configured. We recommend adding this setting. Falling back to ozone.metadata.dirs instead.
2019-10-15 21:42:33,101 [main] WARN  server.ServerUtils (ServerUtils.java:getScmDbDir(145)) - ozone.scm.db.dirs is not configured. We recommend adding this setting. Falling back to ozone.metadata.dirs instead.
2019-10-15 21:42:33,127 [main] INFO  util.log (Log.java:initialized(192)) - Logging initialized @818ms
2019-10-15 21:42:33,221 [main] INFO  db.DBStoreBuilder (DBStoreBuilder.java:addTable(117)) - using custom profile for table: deletedBlocks
2019-10-15 21:42:33,221 [main] INFO  db.DBStoreBuilder (DBStoreBuilder.java:processTables(168)) - Using default column profile:DBProfile.DISK for Table:deletedBlocks
2019-10-15 21:42:33,222 [main] INFO  db.DBStoreBuilder (DBStoreBuilder.java:addTable(117)) - using custom profile for table: validCerts
2019-10-15 21:42:33,222 [main] INFO  db.DBStoreBuilder (DBStoreBuilder.java:processTables(168)) - Using default column profile:DBProfile.DISK for Table:validCerts
2019-10-15 21:42:33,222 [main] INFO  db.DBStoreBuilder (DBStoreBuilder.java:addTable(117)) - using custom profile for table: revokedCerts
2019-10-15 21:42:33,223 [main] INFO  db.DBStoreBuilder (DBStoreBuilder.java:processTables(168)) - Using default column profile:DBProfile.DISK for Table:revokedCerts
2019-10-15 21:42:33,234 [main] INFO  db.DBStoreBuilder (DBStoreBuilder.java:addTable(117)) - using custom profile for table: default
2019-10-15 21:42:33,234 [main] INFO  db.DBStoreBuilder (DBStoreBuilder.java:processTables(174)) - Using default column profile:DBProfile.DISK for Table:default
2019-10-15 21:42:33,235 [main] INFO  db.DBStoreBuilder (DBStoreBuilder.java:getDbProfile(205)) - Using default options. DBProfile.DISK
2019-10-15 21:42:33,467 [main] INFO  net.NodeSchemaLoader (NodeSchemaLoader.java:loadSchemaFromFile(125)) - Loading file from sun.misc.CompoundEnumeration@74235045
2019-10-15 21:42:33,470 [main] INFO  net.NodeSchemaLoader (NodeSchemaLoader.java:loadSchema(171)) - Loading network topology layer schema file
2019-10-15 21:42:33,556 [main] WARN  server.ServerUtils (ServerUtils.java:sanitizeUserArgs(70)) - ozone.scm.stale.node.interval value = 1000000 is larger than max = 100000 based on the key value of ozone.scm.heartbeat.thread.interval, reset to the max value 100000.
2019-10-15 21:42:33,558 [main] WARN  server.ServerUtils (ServerUtils.java:sanitizeUserArgs(70)) - ozone.scm.stale.node.interval value = 1000000 is larger than max = 100000 based on the key value of ozone.scm.heartbeat.thread.interval, reset to the max value 100000.
2019-10-15 21:42:33,561 [main] INFO  node.SCMNodeManager (SCMNodeManager.java:<init>(116)) - Entering startup safe mode.
2019-10-15 21:42:33,626 [main] INFO  algorithms.ContainerPlacementPolicyFactory (ContainerPlacementPolicyFactory.java:getPolicy(57)) - Create container placement policy of type org.apache.hadoop.hdds.scm.container.placement.algorithms.SCMContainerPlacementRandom
2019-10-15 21:42:33,639 [main] WARN  server.ServerUtils (ServerUtils.java:getScmDbDir(145)) - ozone.scm.db.dirs is not configured. We recommend adding this setting. Falling back to ozone.metadata.dirs instead.
2019-10-15 21:42:33,697 [main] INFO  pipeline.SCMPipelineManager (SCMPipelineManager.java:initializePipelineState(132)) - No pipeline exists in current db
2019-10-15 21:42:33,700 [main] WARN  server.ServerUtils (ServerUtils.java:getScmDbDir(145)) - ozone.scm.db.dirs is not configured. We recommend adding this setting. Falling back to ozone.metadata.dirs instead.
2019-10-15 21:42:33,810 [main] WARN  events.EventQueue (EventQueue.java:fireEvent(183)) - No event handler registered for event TypedEvent{payloadType=SafeModeStatus, name='SafeModeStatus'}
2019-10-15 21:42:34,200 [main] INFO  ipc.CallQueueManager (CallQueueManager.java:<init>(84)) - Using callQueue: class java.util.concurrent.LinkedBlockingQueue, queueCapacity: 2000, scheduler: class org.apache.hadoop.ipc.DefaultRpcScheduler, ipcBackoff: false.
2019-10-15 21:42:34,335 [Socket Reader #1 for port 37131] INFO  ipc.Server (Server.java:run(1074)) - Starting Socket Reader #1 for port 37131
2019-10-15 21:42:34,375 [main] INFO  ipc.CallQueueManager (CallQueueManager.java:<init>(84)) - Using callQueue: class java.util.concurrent.LinkedBlockingQueue, queueCapacity: 2000, scheduler: class org.apache.hadoop.ipc.DefaultRpcScheduler, ipcBackoff: false.
2019-10-15 21:42:34,376 [Socket Reader #1 for port 35422] INFO  ipc.Server (Server.java:run(1074)) - Starting Socket Reader #1 for port 35422
2019-10-15 21:42:34,386 [main] INFO  ipc.CallQueueManager (CallQueueManager.java:<init>(84)) - Using callQueue: class java.util.concurrent.LinkedBlockingQueue, queueCapacity: 2000, scheduler: class org.apache.hadoop.ipc.DefaultRpcScheduler, ipcBackoff: false.
2019-10-15 21:42:34,388 [Socket Reader #1 for port 37326] INFO  ipc.Server (Server.java:run(1074)) - Starting Socket Reader #1 for port 37326
2019-10-15 21:42:34,414 [main] INFO  hdfs.DFSUtil (DFSUtil.java:httpServerTemplateForNNAndJN(1641)) - Starting Web-server for scm at: http://0.0.0.0:0
2019-10-15 21:42:34,594 [main] INFO  server.AuthenticationFilter (AuthenticationFilter.java:constructSecretProvider(240)) - Unable to initialize FileSignerSecretProvider, falling back to use random secrets.
2019-10-15 21:42:34,602 [main] WARN  http.HttpRequestLog (HttpRequestLog.java:getRequestLog(97)) - Jetty request log can only be enabled using Log4j
2019-10-15 21:42:34,610 [main] INFO  http.HttpServer2 (HttpServer2.java:addGlobalFilter(975)) - Added global filter 'safety' (class=org.apache.hadoop.http.HttpServer2$QuotingInputFilter)
2019-10-15 21:42:34,613 [main] INFO  http.HttpServer2 (HttpServer2.java:addFilter(948)) - Added filter static_user_filter (class=org.apache.hadoop.http.lib.StaticUserWebFilter$StaticUserFilter) to context scm
2019-10-15 21:42:34,613 [main] INFO  http.HttpServer2 (HttpServer2.java:addFilter(958)) - Added filter static_user_filter (class=org.apache.hadoop.http.lib.StaticUserWebFilter$StaticUserFilter) to context logs
2019-10-15 21:42:34,613 [main] INFO  http.HttpServer2 (HttpServer2.java:addFilter(958)) - Added filter static_user_filter (class=org.apache.hadoop.http.lib.StaticUserWebFilter$StaticUserFilter) to context static
2019-10-15 21:42:34,642 [main] INFO  server.StorageContainerManager (StorageContainerManager.java:start(772)) - StorageContainerLocationProtocol RPC server is listening at /0.0.0.0:37326
2019-10-15 21:42:34,706 [main] WARN  impl.MetricsConfig (MetricsConfig.java:loadFirst(134)) - Cannot locate configuration: tried hadoop-metrics2-storagecontainermanager.properties,hadoop-metrics2.properties
2019-10-15 21:42:34,719 [main] INFO  impl.MetricsSystemImpl (MetricsSystemImpl.java:startTimer(374)) - Scheduled Metric snapshot period at 10 second(s).
2019-10-15 21:42:34,719 [main] INFO  impl.MetricsSystemImpl (MetricsSystemImpl.java:start(191)) - StorageContainerManager metrics system started
2019-10-15 21:42:34,993 [main] INFO  server.SCMClientProtocolServer (SCMClientProtocolServer.java:start(159)) - RPC server for Client  is listening at /0.0.0.0:37326
2019-10-15 21:42:34,994 [IPC Server listener on 37326] INFO  ipc.Server (Server.java:run(1153)) - IPC Server listener on 37326: starting
2019-10-15 21:42:34,994 [IPC Server Responder] INFO  ipc.Server (Server.java:run(1314)) - IPC Server Responder: starting
2019-10-15 21:42:34,997 [main] INFO  server.StorageContainerManager (StorageContainerManager.java:start(782)) - ScmBlockLocationProtocol RPC server is listening at /0.0.0.0:35422
2019-10-15 21:42:34,998 [main] INFO  server.SCMBlockProtocolServer (SCMBlockProtocolServer.java:start(146)) - RPC server for Block Protocol is listening at /0.0.0.0:35422
2019-10-15 21:42:34,998 [IPC Server Responder] INFO  ipc.Server (Server.java:run(1314)) - IPC Server Responder: starting
2019-10-15 21:42:34,998 [IPC Server listener on 35422] INFO  ipc.Server (Server.java:run(1153)) - IPC Server listener on 35422: starting
2019-10-15 21:42:35,000 [main] INFO  server.StorageContainerManager (StorageContainerManager.java:start(786)) - ScmDatanodeProtocl RPC server is listening at /0.0.0.0:37131
2019-10-15 21:42:35,000 [main] INFO  server.SCMDatanodeProtocolServer (SCMDatanodeProtocolServer.java:start(169)) - RPC server for DataNodes is listening at /0.0.0.0:37131
2019-10-15 21:42:35,001 [IPC Server listener on 37131] INFO  ipc.Server (Server.java:run(1153)) - IPC Server listener on 37131: starting
2019-10-15 21:42:35,001 [IPC Server Responder] INFO  ipc.Server (Server.java:run(1314)) - IPC Server Responder: starting
2019-10-15 21:42:35,005 [main] INFO  http.HttpServer2 (HttpServer2.java:bindListener(1191)) - Jetty bound to port 38308
2019-10-15 21:42:35,007 [main] INFO  server.Server (Server.java:doStart(351)) - jetty-9.3.25.v20180904, build timestamp: 2018-09-04T21:11:46Z, git hash: 3ce520221d0240229c862b122d2b06c12a625732
2019-10-15 21:42:35,044 [main] INFO  handler.ContextHandler (ContextHandler.java:doStart(781)) - Started o.e.j.s.ServletContextHandler@42f8285e{/logs,file:///workdir/hadoop-ozone/integration-test/target/log,AVAILABLE}
2019-10-15 21:42:35,044 [main] INFO  handler.ContextHandler (ContextHandler.java:doStart(781)) - Started o.e.j.s.ServletContextHandler@3724af13{/static,file:///workdir/hadoop-ozone/integration-test/target/test-classes/webapps/static,AVAILABLE}
2019-10-15 21:42:35,076 [main] INFO  handler.ContextHandler (ContextHandler.java:doStart(781)) - Started o.e.j.w.WebAppContext@24a1c17f{/,file:///workdir/hadoop-ozone/integration-test/target/test-classes/webapps/scm/,AVAILABLE}{/scm}
2019-10-15 21:42:35,082 [main] INFO  server.AbstractConnector (AbstractConnector.java:doStart(278)) - Started ServerConnector@4d63b624{HTTP/1.1,[http/1.1]}{0.0.0.0:38308}
2019-10-15 21:42:35,082 [main] INFO  server.Server (Server.java:doStart(419)) - Started @2774ms
2019-10-15 21:42:35,084 [main] INFO  impl.MetricsSinkAdapter (MetricsSinkAdapter.java:start(204)) - Sink prometheus started
2019-10-15 21:42:35,084 [main] INFO  impl.MetricsSystemImpl (MetricsSystemImpl.java:registerSink(301)) - Registered sink prometheus
2019-10-15 21:42:35,086 [main] INFO  server.BaseHttpServer (BaseHttpServer.java:updateConnectorAddress(215)) - HTTP server of SCM is listening at http://0.0.0.0:38308
2019-10-15 21:42:35,091 [org.apache.hadoop.util.JvmPauseMonitor$Monitor@4b629f13] INFO  util.JvmPauseMonitor (JvmPauseMonitor.java:run(188)) - Starting JVM pause monitor
2019-10-15 21:42:35,093 [main] WARN  server.ServerUtils (ServerUtils.java:getDBPath(222)) - ozone.om.db.dirs is not configured. We recommend adding this setting. Falling back to ozone.metadata.dirs instead.
2019-10-15 21:42:35,200 [main] INFO  ha.OMHANodeDetails (OMHANodeDetails.java:loadOMHAConfig(190)) - Configuration either no ozone.om.address set. Falling back to the default OM address /127.0.0.1:0
2019-10-15 21:42:35,200 [main] INFO  ha.OMHANodeDetails (OMHANodeDetails.java:getOMNodeDetails(220)) - OM Service ID is not set. Setting it to the default ID: omServiceIdDefault
2019-10-15 21:42:35,202 [main] WARN  server.ServerUtils (ServerUtils.java:getDBPath(222)) - ozone.om.db.dirs is not configured. We recommend adding this setting. Falling back to ozone.metadata.dirs instead.
2019-10-15 21:42:35,203 [main] WARN  server.ServerUtils (ServerUtils.java:getDBPath(222)) - ozone.om.db.dirs is not configured. We recommend adding this setting. Falling back to ozone.metadata.dirs instead.
2019-10-15 21:42:35,795 [main] WARN  server.ServerUtils (ServerUtils.java:getDBPath(222)) - ozone.om.db.dirs is not configured. We recommend adding this setting. Falling back to ozone.metadata.dirs instead.
2019-10-15 21:42:35,801 [main] INFO  db.DBStoreBuilder (DBStoreBuilder.java:addTable(117)) - using custom profile for table: userTable
2019-10-15 21:42:35,801 [main] INFO  db.DBStoreBuilder (DBStoreBuilder.java:processTables(168)) - Using default column profile:DBProfile.DISK for Table:userTable
2019-10-15 21:42:35,802 [main] INFO  db.DBStoreBuilder (DBStoreBuilder.java:addTable(117)) - using custom profile for table: volumeTable
2019-10-15 21:42:35,802 [main] INFO  db.DBStoreBuilder (DBStoreBuilder.java:processTables(168)) - Using default column profile:DBProfile.DISK for Table:volumeTable
2019-10-15 21:42:35,802 [main] INFO  db.DBStoreBuilder (DBStoreBuilder.java:addTable(117)) - using custom profile for table: bucketTable
2019-10-15 21:42:35,802 [main] INFO  db.DBStoreBuilder (DBStoreBuilder.java:processTables(168)) - Using default column profile:DBProfile.DISK for Table:bucketTable
2019-10-15 21:42:35,802 [main] INFO  db.DBStoreBuilder (DBStoreBuilder.java:addTable(117)) - using custom profile for table: keyTable
2019-10-15 21:42:35,802 [main] INFO  db.DBStoreBuilder (DBStoreBuilder.java:processTables(168)) - Using default column profile:DBProfile.DISK for Table:keyTable
2019-10-15 21:42:35,803 [main] INFO  db.DBStoreBuilder (DBStoreBuilder.java:addTable(117)) - using custom profile for table: deletedTable
2019-10-15 21:42:35,803 [main] INFO  db.DBStoreBuilder (DBStoreBuilder.java:processTables(168)) - Using default column profile:DBProfile.DISK for Table:deletedTable
2019-10-15 21:42:35,803 [main] INFO  db.DBStoreBuilder (DBStoreBuilder.java:addTable(117)) - using custom profile for table: openKeyTable
2019-10-15 21:42:35,803 [main] INFO  db.DBStoreBuilder (DBStoreBuilder.java:processTables(168)) - Using default column profile:DBProfile.DISK for Table:openKeyTable
2019-10-15 21:42:35,803 [main] INFO  db.DBStoreBuilder (DBStoreBuilder.java:addTable(117)) - using custom profile for table: s3Table
2019-10-15 21:42:35,804 [main] INFO  db.DBStoreBuilder (DBStoreBuilder.java:processTables(168)) - Using default column profile:DBProfile.DISK for Table:s3Table
2019-10-15 21:42:35,804 [main] INFO  db.DBStoreBuilder (DBStoreBuilder.java:addTable(117)) - using custom profile for table: multipartInfoTable
2019-10-15 21:42:35,804 [main] INFO  db.DBStoreBuilder (DBStoreBuilder.java:processTables(168)) - Using default column profile:DBProfile.DISK for Table:multipartInfoTable
2019-10-15 21:42:35,804 [main] INFO  db.DBStoreBuilder (DBStoreBuilder.java:addTable(117)) - using custom profile for table: dTokenTable
2019-10-15 21:42:35,804 [main] INFO  db.DBStoreBuilder (DBStoreBuilder.java:processTables(168)) - Using default column profile:DBProfile.DISK for Table:dTokenTable
2019-10-15 21:42:35,804 [main] INFO  db.DBStoreBuilder (DBStoreBuilder.java:addTable(117)) - using custom profile for table: s3SecretTable
2019-10-15 21:42:35,805 [main] INFO  db.DBStoreBuilder (DBStoreBuilder.java:processTables(168)) - Using default column profile:DBProfile.DISK for Table:s3SecretTable
2019-10-15 21:42:35,805 [main] INFO  db.DBStoreBuilder (DBStoreBuilder.java:addTable(117)) - using custom profile for table: prefixTable
2019-10-15 21:42:35,805 [main] INFO  db.DBStoreBuilder (DBStoreBuilder.java:processTables(168)) - Using default column profile:DBProfile.DISK for Table:prefixTable
2019-10-15 21:42:35,805 [main] INFO  db.DBStoreBuilder (DBStoreBuilder.java:addTable(117)) - using custom profile for table: default
2019-10-15 21:42:35,805 [main] INFO  db.DBStoreBuilder (DBStoreBuilder.java:processTables(174)) - Using default column profile:DBProfile.DISK for Table:default
2019-10-15 21:42:35,805 [main] INFO  db.DBStoreBuilder (DBStoreBuilder.java:getDbProfile(205)) - Using default options. DBProfile.DISK
2019-10-15 21:42:36,089 [main] INFO  ipc.CallQueueManager (CallQueueManager.java:<init>(84)) - Using callQueue: class java.util.concurrent.LinkedBlockingQueue, queueCapacity: 2000, scheduler: class org.apache.hadoop.ipc.DefaultRpcScheduler, ipcBackoff: false.
2019-10-15 21:42:36,090 [Socket Reader #1 for port 32959] INFO  ipc.Server (Server.java:run(1074)) - Starting Socket Reader #1 for port 32959
2019-10-15 21:42:36,113 [main] INFO  om.OzoneManager (OzoneManager.java:start(1074)) - OzoneManager RPC server is listening at localhost/127.0.0.1:32959
2019-10-15 21:42:36,113 [main] INFO  impl.MetricsSystemImpl (MetricsSystemImpl.java:init(158)) - OzoneManager metrics system started (again)
2019-10-15 21:42:36,121 [IPC Server Responder] INFO  ipc.Server (Server.java:run(1314)) - IPC Server Responder: starting
2019-10-15 21:42:36,121 [IPC Server listener on 32959] INFO  ipc.Server (Server.java:run(1153)) - IPC Server listener on 32959: starting
2019-10-15 21:42:36,127 [main] INFO  hdfs.DFSUtil (DFSUtil.java:httpServerTemplateForNNAndJN(1641)) - Starting Web-server for ozoneManager at: http://0.0.0.0:0
2019-10-15 21:42:36,129 [main] INFO  server.AuthenticationFilter (AuthenticationFilter.java:constructSecretProvider(240)) - Unable to initialize FileSignerSecretProvider, falling back to use random secrets.
2019-10-15 21:42:36,130 [main] WARN  http.HttpRequestLog (HttpRequestLog.java:getRequestLog(97)) - Jetty request log can only be enabled using Log4j
2019-10-15 21:42:36,133 [main] INFO  http.HttpServer2 (HttpServer2.java:addGlobalFilter(975)) - Added global filter 'safety' (class=org.apache.hadoop.http.HttpServer2$QuotingInputFilter)
2019-10-15 21:42:36,135 [main] INFO  http.HttpServer2 (HttpServer2.java:addFilter(948)) - Added filter static_user_filter (class=org.apache.hadoop.http.lib.StaticUserWebFilter$StaticUserFilter) to context ozoneManager
2019-10-15 21:42:36,135 [main] INFO  http.HttpServer2 (HttpServer2.java:addFilter(958)) - Added filter static_user_filter (class=org.apache.hadoop.http.lib.StaticUserWebFilter$StaticUserFilter) to context static
2019-10-15 21:42:36,135 [main] INFO  http.HttpServer2 (HttpServer2.java:addFilter(958)) - Added filter static_user_filter (class=org.apache.hadoop.http.lib.StaticUserWebFilter$StaticUserFilter) to context logs
2019-10-15 21:42:36,139 [main] INFO  http.HttpServer2 (HttpServer2.java:bindListener(1191)) - Jetty bound to port 42104
2019-10-15 21:42:36,139 [main] INFO  server.Server (Server.java:doStart(351)) - jetty-9.3.25.v20180904, build timestamp: 2018-09-04T21:11:46Z, git hash: 3ce520221d0240229c862b122d2b06c12a625732
2019-10-15 21:42:36,142 [main] INFO  handler.ContextHandler (ContextHandler.java:doStart(781)) - Started o.e.j.s.ServletContextHandler@aa10649{/logs,file:///workdir/hadoop-ozone/integration-test/target/log,AVAILABLE}
2019-10-15 21:42:36,143 [main] INFO  handler.ContextHandler (ContextHandler.java:doStart(781)) - Started o.e.j.s.ServletContextHandler@37095ded{/static,file:///workdir/hadoop-ozone/integration-test/target/test-classes/webapps/static,AVAILABLE}
2019-10-15 21:42:36,150 [main] INFO  handler.ContextHandler (ContextHandler.java:doStart(781)) - Started o.e.j.w.WebAppContext@75b3673{/,file:///workdir/hadoop-ozone/integration-test/target/test-classes/webapps/ozoneManager/,AVAILABLE}{/ozoneManager}
2019-10-15 21:42:36,151 [main] INFO  server.AbstractConnector (AbstractConnector.java:doStart(278)) - Started ServerConnector@1bcb79c2{HTTP/1.1,[http/1.1]}{0.0.0.0:42104}
2019-10-15 21:42:36,151 [main] INFO  server.Server (Server.java:doStart(419)) - Started @3843ms
2019-10-15 21:42:36,152 [main] WARN  impl.MetricsSystemImpl (MetricsSystemImpl.java:register(276)) - Sink prometheus already exists!
2019-10-15 21:42:36,153 [main] INFO  server.BaseHttpServer (BaseHttpServer.java:updateConnectorAddress(215)) - HTTP server of OZONEMANAGER is listening at http://0.0.0.0:42104
2019-10-15 21:42:36,483 [main] INFO  impl.MetricsSystemImpl (MetricsSystemImpl.java:init(158)) - HddsDatanode metrics system started (again)
2019-10-15 21:42:36,535 [main] INFO  ozone.HddsDatanodeService (HddsDatanodeService.java:start(184)) - HddsDatanodeService host:pr-hdds-2254-trunk-wbvmw-1235415744 ip:192.168.34.60
2019-10-15 21:42:36,568 [main] INFO  volume.HddsVolume (HddsVolume.java:<init>(176)) - Creating Volume: /workdir/hadoop-ozone/integration-test/target/test-dir/MiniOzoneClusterImpl-06fd8024-f1f0-4e91-aaba-ceaeb81d3c97/datanode-0/data/containers/hdds of  storage type : DISK and capacity : 1482555576320
2019-10-15 21:42:36,569 [main] INFO  volume.VolumeSet (VolumeSet.java:initializeVolumeSet(170)) - Added Volume : /workdir/hadoop-ozone/integration-test/target/test-dir/MiniOzoneClusterImpl-06fd8024-f1f0-4e91-aaba-ceaeb81d3c97/datanode-0/data/containers/hdds to VolumeSet
2019-10-15 21:42:36,572 [main] INFO  volume.ThrottledAsyncChecker (ThrottledAsyncChecker.java:schedule(141)) - Scheduling a check for /workdir/hadoop-ozone/integration-test/target/test-dir/MiniOzoneClusterImpl-06fd8024-f1f0-4e91-aaba-ceaeb81d3c97/datanode-0/data/containers/hdds
2019-10-15 21:42:36,593 [main] INFO  volume.HddsVolumeChecker (HddsVolumeChecker.java:checkAllVolumes(204)) - Scheduled health check for volume /workdir/hadoop-ozone/integration-test/target/test-dir/MiniOzoneClusterImpl-06fd8024-f1f0-4e91-aaba-ceaeb81d3c97/datanode-0/data/containers/hdds
2019-10-15 21:42:36,723 [main] INFO  impl.RaftServerProxy (ConfUtils.java:logGet(43)) - raft.rpc.type = GRPC (default)
2019-10-15 21:42:36,784 [main] INFO  grpc.GrpcFactory (GrpcFactory.java:checkPooledByteBufAllocatorUseCacheForAllThreads(45)) - PERFORMANCE WARNING: useCacheForAllThreads is true that may cause Netty to create a lot garbage objects and, as a result, trigger GC.
	It is recommended to disable useCacheForAllThreads by setting -Dorg.apache.ratis.thirdparty.io.netty.allocator.useCacheForAllThreads=false in command line.
2019-10-15 21:42:36,789 [main] INFO  grpc.GrpcConfigKeys$Server (ConfUtils.java:logGet(43)) - raft.grpc.server.port = 0 (default)
2019-10-15 21:42:36,790 [main] INFO  server.GrpcService (ConfUtils.java:logGet(43)) - raft.grpc.message.size.max = 33570816 (custom)
2019-10-15 21:42:36,791 [main] INFO  server.RaftServerConfigKeys (ConfUtils.java:logGet(43)) - raft.server.log.appender.buffer.byte-limit = 33554432 (custom)
2019-10-15 21:42:36,792 [main] INFO  server.GrpcService (ConfUtils.java:logGet(43)) - raft.grpc.flow.control.window = 1MB (=1048576) (default)
2019-10-15 21:42:36,792 [main] INFO  server.RaftServerConfigKeys (ConfUtils.java:logGet(43)) - raft.server.rpc.request.timeout = 3000ms (default)
2019-10-15 21:42:36,940 [main] INFO  server.RaftServerConfigKeys (ConfUtils.java:logGet(43)) - raft.server.storage.dir = [/workdir/hadoop-ozone/integration-test/target/test-dir/MiniOzoneClusterImpl-06fd8024-f1f0-4e91-aaba-ceaeb81d3c97/datanode-0/data/ratis] (custom)
2019-10-15 21:42:37,003 [main] INFO  hdfs.DFSUtil (DFSUtil.java:httpServerTemplateForNNAndJN(1641)) - Starting Web-server for hddsDatanode at: http://0.0.0.0:0
2019-10-15 21:42:37,006 [main] INFO  server.AuthenticationFilter (AuthenticationFilter.java:constructSecretProvider(240)) - Unable to initialize FileSignerSecretProvider, falling back to use random secrets.
2019-10-15 21:42:37,008 [main] WARN  http.HttpRequestLog (HttpRequestLog.java:getRequestLog(97)) - Jetty request log can only be enabled using Log4j
2019-10-15 21:42:37,010 [main] INFO  http.HttpServer2 (HttpServer2.java:addGlobalFilter(975)) - Added global filter 'safety' (class=org.apache.hadoop.http.HttpServer2$QuotingInputFilter)
2019-10-15 21:42:37,011 [main] INFO  http.HttpServer2 (HttpServer2.java:addFilter(948)) - Added filter static_user_filter (class=org.apache.hadoop.http.lib.StaticUserWebFilter$StaticUserFilter) to context hddsDatanode
2019-10-15 21:42:37,012 [main] INFO  http.HttpServer2 (HttpServer2.java:addFilter(958)) - Added filter static_user_filter (class=org.apache.hadoop.http.lib.StaticUserWebFilter$StaticUserFilter) to context logs
2019-10-15 21:42:37,012 [main] INFO  http.HttpServer2 (HttpServer2.java:addFilter(958)) - Added filter static_user_filter (class=org.apache.hadoop.http.lib.StaticUserWebFilter$StaticUserFilter) to context static
2019-10-15 21:42:37,014 [main] INFO  http.HttpServer2 (HttpServer2.java:bindListener(1191)) - Jetty bound to port 41818
2019-10-15 21:42:37,014 [main] INFO  server.Server (Server.java:doStart(351)) - jetty-9.3.25.v20180904, build timestamp: 2018-09-04T21:11:46Z, git hash: 3ce520221d0240229c862b122d2b06c12a625732
2019-10-15 21:42:37,017 [main] INFO  handler.ContextHandler (ContextHandler.java:doStart(781)) - Started o.e.j.s.ServletContextHandler@60cf62ad{/logs,file:///workdir/hadoop-ozone/integration-test/target/log,AVAILABLE}
2019-10-15 21:42:37,018 [main] INFO  handler.ContextHandler (ContextHandler.java:doStart(781)) - Started o.e.j.s.ServletContextHandler@1ac4ccad{/static,jar:file:/home/user/.m2/repository/org/apache/hadoop/hadoop-hdds-container-service/0.5.0-SNAPSHOT/hadoop-hdds-container-service-0.5.0-SNAPSHOT.jar!/webapps/static,AVAILABLE}
2019-10-15 21:42:37,065 [main] INFO  handler.ContextHandler (ContextHandler.java:doStart(781)) - Started o.e.j.w.WebAppContext@de8039f{/,file:///tmp/jetty-0.0.0.0-41818-hddsDatanode-_-any-7882495209743689340.dir/webapp/,AVAILABLE}{/hddsDatanode}
2019-10-15 21:42:37,066 [main] INFO  server.AbstractConnector (AbstractConnector.java:doStart(278)) - Started ServerConnector@1deceb67{HTTP/1.1,[http/1.1]}{0.0.0.0:41818}
2019-10-15 21:42:37,067 [main] INFO  server.Server (Server.java:doStart(419)) - Started @4759ms
2019-10-15 21:42:37,068 [main] WARN  impl.MetricsSystemImpl (MetricsSystemImpl.java:register(276)) - Sink prometheus already exists!
2019-10-15 21:42:37,069 [main] INFO  server.BaseHttpServer (BaseHttpServer.java:updateConnectorAddress(215)) - HTTP server of HDDSDATANODE is listening at http://0.0.0.0:41818
2019-10-15 21:42:37,071 [main] INFO  impl.MetricsSystemImpl (MetricsSystemImpl.java:init(158)) - HddsDatanode metrics system started (again)
2019-10-15 21:42:37,074 [main] INFO  ozone.HddsDatanodeService (HddsDatanodeService.java:start(184)) - HddsDatanodeService host:pr-hdds-2254-trunk-wbvmw-1235415744 ip:192.168.34.60
2019-10-15 21:42:37,077 [org.apache.hadoop.util.JvmPauseMonitor$Monitor@847b778] INFO  util.JvmPauseMonitor (JvmPauseMonitor.java:run(188)) - Starting JVM pause monitor
2019-10-15 21:42:37,086 [main] INFO  volume.HddsVolume (HddsVolume.java:<init>(176)) - Creating Volume: /workdir/hadoop-ozone/integration-test/target/test-dir/MiniOzoneClusterImpl-06fd8024-f1f0-4e91-aaba-ceaeb81d3c97/datanode-1/data/containers/hdds of  storage type : DISK and capacity : 1482555576320
2019-10-15 21:42:37,087 [main] INFO  volume.VolumeSet (VolumeSet.java:initializeVolumeSet(170)) - Added Volume : /workdir/hadoop-ozone/integration-test/target/test-dir/MiniOzoneClusterImpl-06fd8024-f1f0-4e91-aaba-ceaeb81d3c97/datanode-1/data/containers/hdds to VolumeSet
2019-10-15 21:42:37,087 [main] INFO  volume.ThrottledAsyncChecker (ThrottledAsyncChecker.java:schedule(141)) - Scheduling a check for /workdir/hadoop-ozone/integration-test/target/test-dir/MiniOzoneClusterImpl-06fd8024-f1f0-4e91-aaba-ceaeb81d3c97/datanode-1/data/containers/hdds
2019-10-15 21:42:37,088 [main] INFO  volume.HddsVolumeChecker (HddsVolumeChecker.java:checkAllVolumes(204)) - Scheduled health check for volume /workdir/hadoop-ozone/integration-test/target/test-dir/MiniOzoneClusterImpl-06fd8024-f1f0-4e91-aaba-ceaeb81d3c97/datanode-1/data/containers/hdds
2019-10-15 21:42:37,106 [main] INFO  impl.RaftServerProxy (ConfUtils.java:logGet(43)) - raft.rpc.type = GRPC (default)
2019-10-15 21:42:37,106 [main] INFO  grpc.GrpcFactory (GrpcFactory.java:checkPooledByteBufAllocatorUseCacheForAllThreads(45)) - PERFORMANCE WARNING: useCacheForAllThreads is true that may cause Netty to create a lot garbage objects and, as a result, trigger GC.
	It is recommended to disable useCacheForAllThreads by setting -Dorg.apache.ratis.thirdparty.io.netty.allocator.useCacheForAllThreads=false in command line.
2019-10-15 21:42:37,107 [main] INFO  grpc.GrpcConfigKeys$Server (ConfUtils.java:logGet(43)) - raft.grpc.server.port = 0 (default)
2019-10-15 21:42:37,107 [main] INFO  server.GrpcService (ConfUtils.java:logGet(43)) - raft.grpc.message.size.max = 33570816 (custom)
2019-10-15 21:42:37,107 [main] INFO  server.RaftServerConfigKeys (ConfUtils.java:logGet(43)) - raft.server.log.appender.buffer.byte-limit = 33554432 (custom)
2019-10-15 21:42:37,107 [main] INFO  server.GrpcService (ConfUtils.java:logGet(43)) - raft.grpc.flow.control.window = 1MB (=1048576) (default)
2019-10-15 21:42:37,108 [main] INFO  server.RaftServerConfigKeys (ConfUtils.java:logGet(43)) - raft.server.rpc.request.timeout = 3000ms (default)
2019-10-15 21:42:37,108 [main] INFO  server.RaftServerConfigKeys (ConfUtils.java:logGet(43)) - raft.server.storage.dir = [/workdir/hadoop-ozone/integration-test/target/test-dir/MiniOzoneClusterImpl-06fd8024-f1f0-4e91-aaba-ceaeb81d3c97/datanode-1/data/ratis] (custom)
2019-10-15 21:42:37,110 [main] INFO  hdfs.DFSUtil (DFSUtil.java:httpServerTemplateForNNAndJN(1641)) - Starting Web-server for hddsDatanode at: http://0.0.0.0:0
2019-10-15 21:42:37,113 [main] INFO  server.AuthenticationFilter (AuthenticationFilter.java:constructSecretProvider(240)) - Unable to initialize FileSignerSecretProvider, falling back to use random secrets.
2019-10-15 21:42:37,114 [main] WARN  http.HttpRequestLog (HttpRequestLog.java:getRequestLog(97)) - Jetty request log can only be enabled using Log4j
2019-10-15 21:42:37,118 [main] INFO  http.HttpServer2 (HttpServer2.java:addGlobalFilter(975)) - Added global filter 'safety' (class=org.apache.hadoop.http.HttpServer2$QuotingInputFilter)
2019-10-15 21:42:37,119 [main] INFO  http.HttpServer2 (HttpServer2.java:addFilter(948)) - Added filter static_user_filter (class=org.apache.hadoop.http.lib.StaticUserWebFilter$StaticUserFilter) to context hddsDatanode
2019-10-15 21:42:37,119 [main] INFO  http.HttpServer2 (HttpServer2.java:addFilter(958)) - Added filter static_user_filter (class=org.apache.hadoop.http.lib.StaticUserWebFilter$StaticUserFilter) to context logs
2019-10-15 21:42:37,119 [main] INFO  http.HttpServer2 (HttpServer2.java:addFilter(958)) - Added filter static_user_filter (class=org.apache.hadoop.http.lib.StaticUserWebFilter$StaticUserFilter) to context static
2019-10-15 21:42:37,121 [main] INFO  http.HttpServer2 (HttpServer2.java:bindListener(1191)) - Jetty bound to port 34860
2019-10-15 21:42:37,121 [main] INFO  server.Server (Server.java:doStart(351)) - jetty-9.3.25.v20180904, build timestamp: 2018-09-04T21:11:46Z, git hash: 3ce520221d0240229c862b122d2b06c12a625732
2019-10-15 21:42:37,124 [main] INFO  handler.ContextHandler (ContextHandler.java:doStart(781)) - Started o.e.j.s.ServletContextHandler@5e65afb6{/logs,file:///workdir/hadoop-ozone/integration-test/target/log,AVAILABLE}
2019-10-15 21:42:37,125 [main] INFO  handler.ContextHandler (ContextHandler.java:doStart(781)) - Started o.e.j.s.ServletContextHandler@8851ce1{/static,jar:file:/home/user/.m2/repository/org/apache/hadoop/hadoop-hdds-container-service/0.5.0-SNAPSHOT/hadoop-hdds-container-service-0.5.0-SNAPSHOT.jar!/webapps/static,AVAILABLE}
2019-10-15 21:42:37,169 [main] INFO  handler.ContextHandler (ContextHandler.java:doStart(781)) - Started o.e.j.w.WebAppContext@7a0ef219{/,file:///tmp/jetty-0.0.0.0-34860-hddsDatanode-_-any-1813437137541531951.dir/webapp/,AVAILABLE}{/hddsDatanode}
2019-10-15 21:42:37,170 [main] INFO  server.AbstractConnector (AbstractConnector.java:doStart(278)) - Started ServerConnector@1b1f5012{HTTP/1.1,[http/1.1]}{0.0.0.0:34860}
2019-10-15 21:42:37,171 [main] INFO  server.Server (Server.java:doStart(419)) - Started @4862ms
2019-10-15 21:42:37,172 [main] WARN  impl.MetricsSystemImpl (MetricsSystemImpl.java:register(276)) - Sink prometheus already exists!
2019-10-15 21:42:37,173 [main] INFO  server.BaseHttpServer (BaseHttpServer.java:updateConnectorAddress(215)) - HTTP server of HDDSDATANODE is listening at http://0.0.0.0:34860
2019-10-15 21:42:37,174 [main] INFO  impl.MetricsSystemImpl (MetricsSystemImpl.java:init(158)) - HddsDatanode metrics system started (again)
2019-10-15 21:42:37,177 [org.apache.hadoop.util.JvmPauseMonitor$Monitor@6477c558] INFO  util.JvmPauseMonitor (JvmPauseMonitor.java:run(188)) - Starting JVM pause monitor
2019-10-15 21:42:37,177 [main] INFO  ozone.HddsDatanodeService (HddsDatanodeService.java:start(184)) - HddsDatanodeService host:pr-hdds-2254-trunk-wbvmw-1235415744 ip:192.168.34.60
2019-10-15 21:42:37,187 [main] INFO  volume.HddsVolume (HddsVolume.java:<init>(176)) - Creating Volume: /workdir/hadoop-ozone/integration-test/target/test-dir/MiniOzoneClusterImpl-06fd8024-f1f0-4e91-aaba-ceaeb81d3c97/datanode-2/data/containers/hdds of  storage type : DISK and capacity : 1482555576320
2019-10-15 21:42:37,188 [main] INFO  volume.VolumeSet (VolumeSet.java:initializeVolumeSet(170)) - Added Volume : /workdir/hadoop-ozone/integration-test/target/test-dir/MiniOzoneClusterImpl-06fd8024-f1f0-4e91-aaba-ceaeb81d3c97/datanode-2/data/containers/hdds to VolumeSet
2019-10-15 21:42:37,188 [main] INFO  volume.ThrottledAsyncChecker (ThrottledAsyncChecker.java:schedule(141)) - Scheduling a check for /workdir/hadoop-ozone/integration-test/target/test-dir/MiniOzoneClusterImpl-06fd8024-f1f0-4e91-aaba-ceaeb81d3c97/datanode-2/data/containers/hdds
2019-10-15 21:42:37,189 [main] INFO  volume.HddsVolumeChecker (HddsVolumeChecker.java:checkAllVolumes(204)) - Scheduled health check for volume /workdir/hadoop-ozone/integration-test/target/test-dir/MiniOzoneClusterImpl-06fd8024-f1f0-4e91-aaba-ceaeb81d3c97/datanode-2/data/containers/hdds
2019-10-15 21:42:37,208 [Datanode State Machine Thread - 0] INFO  datanode.InitDatanodeState (InitDatanodeState.java:persistContainerDatanodeDetails(140)) - DatanodeDetails is persisted to /workdir/hadoop-ozone/integration-test/target/test-dir/MiniOzoneClusterImpl-06fd8024-f1f0-4e91-aaba-ceaeb81d3c97/datanode-0/meta/datanode.id
2019-10-15 21:42:37,212 [main] INFO  impl.RaftServerProxy (ConfUtils.java:logGet(43)) - raft.rpc.type = GRPC (default)
2019-10-15 21:42:37,212 [main] INFO  grpc.GrpcFactory (GrpcFactory.java:checkPooledByteBufAllocatorUseCacheForAllThreads(45)) - PERFORMANCE WARNING: useCacheForAllThreads is true that may cause Netty to create a lot garbage objects and, as a result, trigger GC.
	It is recommended to disable useCacheForAllThreads by setting -Dorg.apache.ratis.thirdparty.io.netty.allocator.useCacheForAllThreads=false in command line.
2019-10-15 21:42:37,212 [Datanode State Machine Thread - 0] INFO  datanode.InitDatanodeState (InitDatanodeState.java:persistContainerDatanodeDetails(140)) - DatanodeDetails is persisted to /workdir/hadoop-ozone/integration-test/target/test-dir/MiniOzoneClusterImpl-06fd8024-f1f0-4e91-aaba-ceaeb81d3c97/datanode-1/meta/datanode.id
2019-10-15 21:42:37,213 [main] INFO  grpc.GrpcConfigKeys$Server (ConfUtils.java:logGet(43)) - raft.grpc.server.port = 0 (default)
2019-10-15 21:42:37,213 [main] INFO  server.GrpcService (ConfUtils.java:logGet(43)) - raft.grpc.message.size.max = 33570816 (custom)
2019-10-15 21:42:37,214 [main] INFO  server.RaftServerConfigKeys (ConfUtils.java:logGet(43)) - raft.server.log.appender.buffer.byte-limit = 33554432 (custom)
2019-10-15 21:42:37,214 [main] INFO  server.GrpcService (ConfUtils.java:logGet(43)) - raft.grpc.flow.control.window = 1MB (=1048576) (default)
2019-10-15 21:42:37,214 [main] INFO  server.RaftServerConfigKeys (ConfUtils.java:logGet(43)) - raft.server.rpc.request.timeout = 3000ms (default)
2019-10-15 21:42:37,215 [main] INFO  server.RaftServerConfigKeys (ConfUtils.java:logGet(43)) - raft.server.storage.dir = [/workdir/hadoop-ozone/integration-test/target/test-dir/MiniOzoneClusterImpl-06fd8024-f1f0-4e91-aaba-ceaeb81d3c97/datanode-2/data/ratis] (custom)
2019-10-15 21:42:37,218 [main] INFO  hdfs.DFSUtil (DFSUtil.java:httpServerTemplateForNNAndJN(1641)) - Starting Web-server for hddsDatanode at: http://0.0.0.0:0
2019-10-15 21:42:37,220 [main] INFO  server.AuthenticationFilter (AuthenticationFilter.java:constructSecretProvider(240)) - Unable to initialize FileSignerSecretProvider, falling back to use random secrets.
2019-10-15 21:42:37,220 [main] WARN  http.HttpRequestLog (HttpRequestLog.java:getRequestLog(97)) - Jetty request log can only be enabled using Log4j
2019-10-15 21:42:37,222 [main] INFO  http.HttpServer2 (HttpServer2.java:addGlobalFilter(975)) - Added global filter 'safety' (class=org.apache.hadoop.http.HttpServer2$QuotingInputFilter)
2019-10-15 21:42:37,223 [main] INFO  http.HttpServer2 (HttpServer2.java:addFilter(948)) - Added filter static_user_filter (class=org.apache.hadoop.http.lib.StaticUserWebFilter$StaticUserFilter) to context hddsDatanode
2019-10-15 21:42:37,224 [main] INFO  http.HttpServer2 (HttpServer2.java:addFilter(958)) - Added filter static_user_filter (class=org.apache.hadoop.http.lib.StaticUserWebFilter$StaticUserFilter) to context logs
2019-10-15 21:42:37,224 [main] INFO  http.HttpServer2 (HttpServer2.java:addFilter(958)) - Added filter static_user_filter (class=org.apache.hadoop.http.lib.StaticUserWebFilter$StaticUserFilter) to context static
2019-10-15 21:42:37,225 [main] INFO  http.HttpServer2 (HttpServer2.java:bindListener(1191)) - Jetty bound to port 40540
2019-10-15 21:42:37,225 [main] INFO  server.Server (Server.java:doStart(351)) - jetty-9.3.25.v20180904, build timestamp: 2018-09-04T21:11:46Z, git hash: 3ce520221d0240229c862b122d2b06c12a625732
2019-10-15 21:42:37,229 [main] INFO  handler.ContextHandler (ContextHandler.java:doStart(781)) - Started o.e.j.s.ServletContextHandler@5fa23c{/logs,file:///workdir/hadoop-ozone/integration-test/target/log,AVAILABLE}
2019-10-15 21:42:37,230 [main] INFO  handler.ContextHandler (ContextHandler.java:doStart(781)) - Started o.e.j.s.ServletContextHandler@433348bc{/static,jar:file:/home/user/.m2/repository/org/apache/hadoop/hadoop-hdds-container-service/0.5.0-SNAPSHOT/hadoop-hdds-container-service-0.5.0-SNAPSHOT.jar!/webapps/static,AVAILABLE}
2019-10-15 21:42:37,269 [main] INFO  handler.ContextHandler (ContextHandler.java:doStart(781)) - Started o.e.j.w.WebAppContext@43e9089{/,file:///tmp/jetty-0.0.0.0-40540-hddsDatanode-_-any-2868659215580916114.dir/webapp/,AVAILABLE}{/hddsDatanode}
2019-10-15 21:42:37,270 [main] INFO  server.AbstractConnector (AbstractConnector.java:doStart(278)) - Started ServerConnector@3c5dbdf8{HTTP/1.1,[http/1.1]}{0.0.0.0:40540}
2019-10-15 21:42:37,270 [main] INFO  server.Server (Server.java:doStart(419)) - Started @4962ms
2019-10-15 21:42:37,270 [main] WARN  impl.MetricsSystemImpl (MetricsSystemImpl.java:register(276)) - Sink prometheus already exists!
2019-10-15 21:42:37,273 [main] INFO  server.BaseHttpServer (BaseHttpServer.java:updateConnectorAddress(215)) - HTTP server of HDDSDATANODE is listening at http://0.0.0.0:40540
2019-10-15 21:42:37,275 [main] INFO  ozone.MiniOzoneClusterImpl (MiniOzoneClusterImpl.java:lambda$waitForClusterToBeReady$0(147)) - Waiting for cluster to be ready. Got 0 of 3 DN Heartbeats.
2019-10-15 21:42:37,277 [org.apache.hadoop.util.JvmPauseMonitor$Monitor@2d5c3b47] INFO  util.JvmPauseMonitor (JvmPauseMonitor.java:run(188)) - Starting JVM pause monitor
2019-10-15 21:42:37,280 [Datanode State Machine Thread - 0] INFO  datanode.InitDatanodeState (InitDatanodeState.java:persistContainerDatanodeDetails(140)) - DatanodeDetails is persisted to /workdir/hadoop-ozone/integration-test/target/test-dir/MiniOzoneClusterImpl-06fd8024-f1f0-4e91-aaba-ceaeb81d3c97/datanode-2/meta/datanode.id
2019-10-15 21:42:38,276 [main] INFO  ozone.MiniOzoneClusterImpl (MiniOzoneClusterImpl.java:lambda$waitForClusterToBeReady$0(147)) - Waiting for cluster to be ready. Got 0 of 3 DN Heartbeats.
2019-10-15 21:42:39,172 [Datanode State Machine Thread - 0] INFO  ozoneimpl.OzoneContainer (OzoneContainer.java:start(213)) - Attempting to start container services.
2019-10-15 21:42:39,175 [Datanode State Machine Thread - 0] INFO  ozoneimpl.OzoneContainer (OzoneContainer.java:startContainerScrub(177)) - Background container scanner has been disabled.
2019-10-15 21:42:39,175 [Datanode State Machine Thread - 0] INFO  ratis.XceiverServerRatis (XceiverServerRatis.java:start(418)) - Starting XceiverServerRatis f0d7c07d-0c9c-43c9-b90d-f56b2a8a0f48 at port 0
2019-10-15 21:42:39,197 [Datanode State Machine Thread - 0] INFO  ozoneimpl.OzoneContainer (OzoneContainer.java:start(213)) - Attempting to start container services.
2019-10-15 21:42:39,204 [Datanode State Machine Thread - 0] INFO  ozoneimpl.OzoneContainer (OzoneContainer.java:startContainerScrub(177)) - Background container scanner has been disabled.
2019-10-15 21:42:39,204 [Datanode State Machine Thread - 0] INFO  ratis.XceiverServerRatis (XceiverServerRatis.java:start(418)) - Starting XceiverServerRatis 11421ab1-19cb-4764-b505-ce794efeb49e at port 0
2019-10-15 21:42:39,207 [Datanode State Machine Thread - 0] INFO  impl.RaftServerProxy (RaftServerProxy.java:lambda$start$3(299)) - f0d7c07d-0c9c-43c9-b90d-f56b2a8a0f48: start RPC server
2019-10-15 21:42:39,220 [Datanode State Machine Thread - 0] INFO  impl.RaftServerProxy (RaftServerProxy.java:lambda$start$3(299)) - 11421ab1-19cb-4764-b505-ce794efeb49e: start RPC server
2019-10-15 21:42:39,276 [main] INFO  ozone.MiniOzoneClusterImpl (MiniOzoneClusterImpl.java:lambda$waitForClusterToBeReady$0(147)) - Waiting for cluster to be ready. Got 0 of 3 DN Heartbeats.
2019-10-15 21:42:39,294 [Datanode State Machine Thread - 0] INFO  ozoneimpl.OzoneContainer (OzoneContainer.java:start(213)) - Attempting to start container services.
2019-10-15 21:42:39,296 [Datanode State Machine Thread - 0] INFO  ozoneimpl.OzoneContainer (OzoneContainer.java:startContainerScrub(177)) - Background container scanner has been disabled.
2019-10-15 21:42:39,296 [Datanode State Machine Thread - 0] INFO  ratis.XceiverServerRatis (XceiverServerRatis.java:start(418)) - Starting XceiverServerRatis 2e9fa5e4-44d4-40da-9b1b-fd170634e70a at port 0
2019-10-15 21:42:39,307 [Datanode State Machine Thread - 0] INFO  impl.RaftServerProxy (RaftServerProxy.java:lambda$start$3(299)) - 2e9fa5e4-44d4-40da-9b1b-fd170634e70a: start RPC server
2019-10-15 21:42:39,363 [Datanode State Machine Thread - 0] INFO  server.GrpcService (GrpcService.java:startImpl(158)) - 11421ab1-19cb-4764-b505-ce794efeb49e: GrpcService started, listening on 0.0.0.0/0.0.0.0:42577
2019-10-15 21:42:39,363 [Datanode State Machine Thread - 0] INFO  server.GrpcService (GrpcService.java:startImpl(158)) - f0d7c07d-0c9c-43c9-b90d-f56b2a8a0f48: GrpcService started, listening on 0.0.0.0/0.0.0.0:40619
2019-10-15 21:42:39,363 [Datanode State Machine Thread - 0] INFO  server.GrpcService (GrpcService.java:startImpl(158)) - 2e9fa5e4-44d4-40da-9b1b-fd170634e70a: GrpcService started, listening on 0.0.0.0/0.0.0.0:33194
2019-10-15 21:42:39,364 [Datanode State Machine Thread - 0] INFO  ratis.XceiverServerRatis (XceiverServerRatis.java:start(428)) - XceiverServerRatis f0d7c07d-0c9c-43c9-b90d-f56b2a8a0f48 is started using port 40619
2019-10-15 21:42:39,364 [Datanode State Machine Thread - 0] INFO  ratis.XceiverServerRatis (XceiverServerRatis.java:start(428)) - XceiverServerRatis 11421ab1-19cb-4764-b505-ce794efeb49e is started using port 42577
2019-10-15 21:42:39,364 [Datanode State Machine Thread - 0] INFO  ratis.XceiverServerRatis (XceiverServerRatis.java:start(428)) - XceiverServerRatis 2e9fa5e4-44d4-40da-9b1b-fd170634e70a is started using port 33194
2019-10-15 21:42:39,369 [Datanode State Machine Thread - 0] INFO  server.XceiverServerGrpc (XceiverServerGrpc.java:start(149)) - XceiverServerGrpc 11421ab1-19cb-4764-b505-ce794efeb49e is started using port 38959
2019-10-15 21:42:39,369 [Datanode State Machine Thread - 0] INFO  server.XceiverServerGrpc (XceiverServerGrpc.java:start(149)) - XceiverServerGrpc f0d7c07d-0c9c-43c9-b90d-f56b2a8a0f48 is started using port 39098
2019-10-15 21:42:39,369 [Datanode State Machine Thread - 0] INFO  server.XceiverServerGrpc (XceiverServerGrpc.java:start(149)) - XceiverServerGrpc 2e9fa5e4-44d4-40da-9b1b-fd170634e70a is started using port 34665
2019-10-15 21:42:40,277 [main] INFO  ozone.MiniOzoneClusterImpl (MiniOzoneClusterImpl.java:lambda$waitForClusterToBeReady$0(147)) - Waiting for cluster to be ready. Got 0 of 3 DN Heartbeats.
2019-10-15 21:42:41,117 [IPC Server handler 0 on 37131] INFO  net.NetworkTopology (NetworkTopologyImpl.java:add(111)) - Added a new node: /default-rack/f0d7c07d-0c9c-43c9-b90d-f56b2a8a0f48
2019-10-15 21:42:41,117 [IPC Server handler 0 on 37131] INFO  node.SCMNodeManager (SCMNodeManager.java:register(268)) - Registered Data node : f0d7c07d-0c9c-43c9-b90d-f56b2a8a0f48{ip: 192.168.34.60, host: pr-hdds-2254-trunk-wbvmw-1235415744, networkLocation: /default-rack, certSerialId: null}
2019-10-15 21:42:41,121 [EventQueue-NodeRegistrationContainerReportForDataNodeSafeModeRule] INFO  safemode.SCMSafeModeManager (DataNodeSafeModeRule.java:process(71)) - SCM in safe mode. 1 DataNodes registered, 1 required.
2019-10-15 21:42:41,122 [EventQueue-NodeRegistrationContainerReportForDataNodeSafeModeRule] INFO  safemode.SCMSafeModeManager (SCMSafeModeManager.java:validateSafeModeExitRules(177)) - ScmSafeModeManager, all rules are successfully validated
2019-10-15 21:42:41,122 [EventQueue-NodeRegistrationContainerReportForDataNodeSafeModeRule] INFO  safemode.SCMSafeModeManager (SCMSafeModeManager.java:exitSafeMode(193)) - SCM exiting safe mode.
2019-10-15 21:42:41,181 [IPC Server handler 2 on 37131] INFO  net.NetworkTopology (NetworkTopologyImpl.java:add(111)) - Added a new node: /default-rack/11421ab1-19cb-4764-b505-ce794efeb49e
2019-10-15 21:42:41,181 [IPC Server handler 2 on 37131] INFO  node.SCMNodeManager (SCMNodeManager.java:register(268)) - Registered Data node : 11421ab1-19cb-4764-b505-ce794efeb49e{ip: 192.168.34.60, host: pr-hdds-2254-trunk-wbvmw-1235415744, networkLocation: /default-rack, certSerialId: null}
2019-10-15 21:42:41,277 [main] INFO  ozone.MiniOzoneClusterImpl (MiniOzoneClusterImpl.java:lambda$waitForClusterToBeReady$0(147)) - Waiting for cluster to be ready. Got 2 of 3 DN Heartbeats.
2019-10-15 21:42:41,281 [IPC Server handler 4 on 37131] INFO  net.NetworkTopology (NetworkTopologyImpl.java:add(111)) - Added a new node: /default-rack/2e9fa5e4-44d4-40da-9b1b-fd170634e70a
2019-10-15 21:42:41,282 [IPC Server handler 4 on 37131] INFO  node.SCMNodeManager (SCMNodeManager.java:register(268)) - Registered Data node : 2e9fa5e4-44d4-40da-9b1b-fd170634e70a{ip: 192.168.34.60, host: pr-hdds-2254-trunk-wbvmw-1235415744, networkLocation: /default-rack, certSerialId: null}
2019-10-15 21:42:41,599 [grpc-default-executor-0] INFO  impl.RaftServerProxy (RaftServerProxy.java:addNew(89)) - f0d7c07d-0c9c-43c9-b90d-f56b2a8a0f48: addNew group-CE8A05FD7CA1:[f0d7c07d-0c9c-43c9-b90d-f56b2a8a0f48:192.168.34.60:40619] returns group-CE8A05FD7CA1:java.util.concurrent.CompletableFuture@3e26736a[Not completed]
2019-10-15 21:42:41,613 [pool-27-thread-1] INFO  impl.RaftServerImpl (RaftServerImpl.java:<init>(104)) - f0d7c07d-0c9c-43c9-b90d-f56b2a8a0f48: new RaftServerImpl for group-CE8A05FD7CA1:[f0d7c07d-0c9c-43c9-b90d-f56b2a8a0f48:192.168.34.60:40619] with ContainerStateMachine:uninitialized
2019-10-15 21:42:41,615 [pool-27-thread-1] INFO  server.RaftServerConfigKeys (ConfUtils.java:logGet(43)) - raft.server.rpc.timeout.min = 5s (custom)
2019-10-15 21:42:41,616 [pool-27-thread-1] INFO  server.RaftServerConfigKeys (ConfUtils.java:logGet(43)) - raft.server.rpc.timeout.max = 5200ms (custom)
2019-10-15 21:42:41,617 [pool-27-thread-1] INFO  server.RaftServerConfigKeys (ConfUtils.java:logGet(43)) - raft.server.rpcslowness.timeout = 1000s (custom)
2019-10-15 21:42:41,617 [pool-27-thread-1] INFO  server.RaftServerConfigKeys (ConfUtils.java:logGet(43)) - raft.server.sleep.deviation.threshold = 300 (default)
2019-10-15 21:42:41,618 [pool-27-thread-1] INFO  server.RaftServerConfigKeys (ConfUtils.java:logGet(43)) - raft.server.log.appender.install.snapshot.enabled = false (custom)
2019-10-15 21:42:41,627 [pool-27-thread-1] INFO  impl.RaftServerImpl (ServerState.java:<init>(103)) - f0d7c07d-0c9c-43c9-b90d-f56b2a8a0f48@group-CE8A05FD7CA1: ConfigurationManager, init=-1: [f0d7c07d-0c9c-43c9-b90d-f56b2a8a0f48:192.168.34.60:40619], old=null, confs=<EMPTY_MAP>
2019-10-15 21:42:41,627 [pool-27-thread-1] INFO  server.RaftServerConfigKeys (ConfUtils.java:logGet(43)) - raft.server.storage.dir = [/workdir/hadoop-ozone/integration-test/target/test-dir/MiniOzoneClusterImpl-06fd8024-f1f0-4e91-aaba-ceaeb81d3c97/datanode-0/data/ratis] (custom)
2019-10-15 21:42:41,634 [pool-27-thread-1] INFO  server.RaftServerConfigKeys (ConfUtils.java:logGet(43)) - raft.server.log.corruption.policy = EXCEPTION (default)
2019-10-15 21:42:41,635 [pool-27-thread-1] INFO  storage.RaftStorageDirectory (RaftStorageDirectory.java:analyzeStorage(246)) - The storage directory /workdir/hadoop-ozone/integration-test/target/test-dir/MiniOzoneClusterImpl-06fd8024-f1f0-4e91-aaba-ceaeb81d3c97/datanode-0/data/ratis/2fe2928e-3a48-4b6b-8331-ce8a05fd7ca1 does not exist. Creating ...
2019-10-15 21:42:41,659 [pool-27-thread-1] INFO  storage.RaftStorageDirectory (RaftStorageDirectory.java:tryLock(328)) - Lock on /workdir/hadoop-ozone/integration-test/target/test-dir/MiniOzoneClusterImpl-06fd8024-f1f0-4e91-aaba-ceaeb81d3c97/datanode-0/data/ratis/2fe2928e-3a48-4b6b-8331-ce8a05fd7ca1/in_use.lock acquired by nodename 16930@pr-hdds-2254-trunk-wbvmw-1235415744
2019-10-15 21:42:41,664 [pool-27-thread-1] INFO  storage.RaftStorage (RaftStorage.java:format(84)) - Storage directory /workdir/hadoop-ozone/integration-test/target/test-dir/MiniOzoneClusterImpl-06fd8024-f1f0-4e91-aaba-ceaeb81d3c97/datanode-0/data/ratis/2fe2928e-3a48-4b6b-8331-ce8a05fd7ca1 has been successfully formatted.
2019-10-15 21:42:41,666 [pool-27-thread-1] INFO  ratis.ContainerStateMachine (ContainerStateMachine.java:loadSnapshot(231)) - group-CE8A05FD7CA1: The snapshot info is null. Setting the last applied indexto:(t:0, i:~)
2019-10-15 21:42:41,666 [pool-27-thread-1] INFO  server.RaftServerConfigKeys (ConfUtils.java:logGet(43)) - raft.server.notification.no-leader.timeout = 1000s (custom)
2019-10-15 21:42:41,668 [pool-27-thread-1] INFO  server.RaftServerConfigKeys (ConfUtils.java:logGet(43)) - raft.server.log.use.memory = false (default)
2019-10-15 21:42:41,672 [pool-27-thread-1] INFO  server.RaftServerConfigKeys (ConfUtils.java:logGet(43)) - raft.server.log.purge.gap = 1000000 (custom)
2019-10-15 21:42:41,672 [pool-27-thread-1] INFO  server.RaftServerConfigKeys (ConfUtils.java:logGet(43)) - raft.server.log.appender.buffer.byte-limit = 33554432 (custom)
2019-10-15 21:42:41,674 [pool-27-thread-1] INFO  server.RaftServerConfigKeys (ConfUtils.java:logGet(43)) - raft.server.log.segment.size.max = 1048576 (custom)
2019-10-15 21:42:41,676 [pool-27-thread-1] INFO  impl.MetricsSystemImpl (MetricsSystemImpl.java:init(158)) - ratis metrics system started (again)
2019-10-15 21:42:41,679 [pool-27-thread-1] INFO  metrics.MetricRegistries (MetricRegistriesLoader.java:load(64)) - Loaded MetricRegistries class org.apache.ratis.metrics.impl.MetricRegistriesImpl
2019-10-15 21:42:41,725 [pool-27-thread-1] INFO  server.RaftServerConfigKeys (ConfUtils.java:logGet(43)) - raft.server.log.segment.cache.num.max = 2 (custom)
2019-10-15 21:42:41,731 [pool-27-thread-1] INFO  segmented.SegmentedRaftLogWorker (SegmentedRaftLogWorker.java:<init>(173)) - new f0d7c07d-0c9c-43c9-b90d-f56b2a8a0f48@group-CE8A05FD7CA1-SegmentedRaftLogWorker for RaftStorage:Storage Directory /workdir/hadoop-ozone/integration-test/target/test-dir/MiniOzoneClusterImpl-06fd8024-f1f0-4e91-aaba-ceaeb81d3c97/datanode-0/data/ratis/2fe2928e-3a48-4b6b-8331-ce8a05fd7ca1
2019-10-15 21:42:41,731 [pool-27-thread-1] INFO  server.RaftServerConfigKeys (ConfUtils.java:logGet(43)) - raft.server.log.queue.byte-limit = 2147483647 (custom)
2019-10-15 21:42:41,732 [pool-27-thread-1] INFO  server.RaftServerConfigKeys (ConfUtils.java:logGet(43)) - raft.server.log.queue.element-limit = 1024 (custom)
2019-10-15 21:42:41,734 [pool-27-thread-1] INFO  server.RaftServerConfigKeys (ConfUtils.java:logGet(43)) - raft.server.log.segment.size.max = 1048576 (custom)
2019-10-15 21:42:41,734 [pool-27-thread-1] INFO  server.RaftServerConfigKeys (ConfUtils.java:logGet(43)) - raft.server.log.preallocated.size = 16384 (custom)
2019-10-15 21:42:41,734 [pool-27-thread-1] INFO  server.RaftServerConfigKeys (ConfUtils.java:logGet(43)) - raft.server.log.write.buffer.size = 33554432 (custom)
2019-10-15 21:42:41,735 [pool-27-thread-1] INFO  server.RaftServerConfigKeys (ConfUtils.java:logGet(43)) - raft.server.log.force.sync.num = 128 (default)
2019-10-15 21:42:41,736 [pool-27-thread-1] INFO  server.RaftServerConfigKeys (ConfUtils.java:logGet(43)) - raft.server.log.statemachine.data.sync = true (default)
2019-10-15 21:42:41,736 [pool-27-thread-1] INFO  server.RaftServerConfigKeys (ConfUtils.java:logGet(43)) - raft.server.log.statemachine.data.sync.timeout = 10s (default)
2019-10-15 21:42:41,736 [pool-27-thread-1] INFO  server.RaftServerConfigKeys (ConfUtils.java:logGet(43)) - raft.server.log.statemachine.data.sync.timeout.retry = -1 (default)
2019-10-15 21:42:41,747 [pool-27-thread-1] INFO  server.RaftServerConfigKeys (ConfUtils.java:logGet(43)) - raft.server.log.statemachine.data.caching.enabled = true (custom)
2019-10-15 21:42:41,753 [pool-27-thread-1] INFO  segmented.SegmentedRaftLogWorker (SegmentedRaftLogWorker.java:lambda$new$0(128)) - f0d7c07d-0c9c-43c9-b90d-f56b2a8a0f48@group-CE8A05FD7CA1-SegmentedRaftLogWorker: flushIndex: setUnconditionally 0 -> -1
2019-10-15 21:42:41,757 [pool-27-thread-1] INFO  server.RaftServerConfigKeys (ConfUtils.java:logGet(43)) - raft.server.snapshot.auto.trigger.enabled = true (custom)
2019-10-15 21:42:41,758 [pool-27-thread-1] INFO  server.RaftServerConfigKeys (ConfUtils.java:logGet(43)) - raft.server.snapshot.auto.trigger.threshold = 10000 (custom)
2019-10-15 21:42:41,758 [pool-27-thread-1] INFO  server.RaftServerConfigKeys (ConfUtils.java:logGet(43)) - raft.server.snapshot.retention.file.num = 5 (custom)
2019-10-15 21:42:41,759 [pool-27-thread-1] INFO  server.RaftServerConfigKeys (ConfUtils.java:logGet(43)) - raft.server.retrycache.expirytime = 600000ms (custom)
2019-10-15 21:42:41,787 [pool-27-thread-1] INFO  impl.RaftServerImpl (RaftServerImpl.java:start(195)) - f0d7c07d-0c9c-43c9-b90d-f56b2a8a0f48@group-CE8A05FD7CA1: start as a follower, conf=-1: [f0d7c07d-0c9c-43c9-b90d-f56b2a8a0f48:192.168.34.60:40619], old=null
2019-10-15 21:42:41,788 [pool-27-thread-1] INFO  impl.RaftServerImpl (RaftServerImpl.java:setRole(184)) - f0d7c07d-0c9c-43c9-b90d-f56b2a8a0f48@group-CE8A05FD7CA1: changes role from      null to FOLLOWER at term 0 for startAsFollower
2019-10-15 21:42:41,789 [pool-27-thread-1] INFO  impl.RoleInfo (RoleInfo.java:updateAndGet(143)) - f0d7c07d-0c9c-43c9-b90d-f56b2a8a0f48: start FollowerState
2019-10-15 21:42:41,791 [pool-27-thread-1] INFO  util.JmxRegister (JmxRegister.java:tryRegister(44)) - Successfully registered JMX Bean with object name Ratis:service=RaftServer,group=group-CE8A05FD7CA1,id=f0d7c07d-0c9c-43c9-b90d-f56b2a8a0f48
2019-10-15 21:42:41,866 [RatisPipelineUtilsThread] INFO  pipeline.PipelineStateManager (PipelineStateManager.java:addPipeline(56)) - Created pipeline Pipeline[ Id: 2fe2928e-3a48-4b6b-8331-ce8a05fd7ca1, Nodes: f0d7c07d-0c9c-43c9-b90d-f56b2a8a0f48{ip: 192.168.34.60, host: pr-hdds-2254-trunk-wbvmw-1235415744, networkLocation: /default-rack, certSerialId: null}, Type:RATIS, Factor:ONE, State:OPEN]
2019-10-15 21:42:41,886 [grpc-default-executor-0] INFO  impl.RaftServerProxy (RaftServerProxy.java:addNew(89)) - 11421ab1-19cb-4764-b505-ce794efeb49e: addNew group-0F061A95F252:[11421ab1-19cb-4764-b505-ce794efeb49e:192.168.34.60:42577] returns group-0F061A95F252:java.util.concurrent.CompletableFuture@568fcf32[Not completed]
2019-10-15 21:42:41,910 [pool-37-thread-1] INFO  impl.RaftServerImpl (RaftServerImpl.java:<init>(104)) - 11421ab1-19cb-4764-b505-ce794efeb49e: new RaftServerImpl for group-0F061A95F252:[11421ab1-19cb-4764-b505-ce794efeb49e:192.168.34.60:42577] with ContainerStateMachine:uninitialized
2019-10-15 21:42:41,912 [pool-37-thread-1] INFO  server.RaftServerConfigKeys (ConfUtils.java:logGet(43)) - raft.server.rpc.timeout.min = 5s (custom)
2019-10-15 21:42:41,912 [pool-37-thread-1] INFO  server.RaftServerConfigKeys (ConfUtils.java:logGet(43)) - raft.server.rpc.timeout.max = 5200ms (custom)
2019-10-15 21:42:41,912 [pool-37-thread-1] INFO  server.RaftServerConfigKeys (ConfUtils.java:logGet(43)) - raft.server.rpcslowness.timeout = 1000s (custom)
2019-10-15 21:42:41,913 [pool-37-thread-1] INFO  server.RaftServerConfigKeys (ConfUtils.java:logGet(43)) - raft.server.sleep.deviation.threshold = 300 (default)
2019-10-15 21:42:41,913 [pool-37-thread-1] INFO  server.RaftServerConfigKeys (ConfUtils.java:logGet(43)) - raft.server.log.appender.install.snapshot.enabled = false (custom)
2019-10-15 21:42:41,913 [pool-37-thread-1] INFO  impl.RaftServerImpl (ServerState.java:<init>(103)) - 11421ab1-19cb-4764-b505-ce794efeb49e@group-0F061A95F252: ConfigurationManager, init=-1: [11421ab1-19cb-4764-b505-ce794efeb49e:192.168.34.60:42577], old=null, confs=<EMPTY_MAP>
2019-10-15 21:42:41,913 [pool-37-thread-1] INFO  server.RaftServerConfigKeys (ConfUtils.java:logGet(43)) - raft.server.storage.dir = [/workdir/hadoop-ozone/integration-test/target/test-dir/MiniOzoneClusterImpl-06fd8024-f1f0-4e91-aaba-ceaeb81d3c97/datanode-1/data/ratis] (custom)
2019-10-15 21:42:41,914 [pool-37-thread-1] INFO  server.RaftServerConfigKeys (ConfUtils.java:logGet(43)) - raft.server.log.corruption.policy = EXCEPTION (default)
2019-10-15 21:42:41,914 [pool-37-thread-1] INFO  storage.RaftStorageDirectory (RaftStorageDirectory.java:analyzeStorage(246)) - The storage directory /workdir/hadoop-ozone/integration-test/target/test-dir/MiniOzoneClusterImpl-06fd8024-f1f0-4e91-aaba-ceaeb81d3c97/datanode-1/data/ratis/bcfb9450-03c6-447e-b656-0f061a95f252 does not exist. Creating ...
2019-10-15 21:42:41,927 [pool-37-thread-1] INFO  storage.RaftStorageDirectory (RaftStorageDirectory.java:tryLock(328)) - Lock on /workdir/hadoop-ozone/integration-test/target/test-dir/MiniOzoneClusterImpl-06fd8024-f1f0-4e91-aaba-ceaeb81d3c97/datanode-1/data/ratis/bcfb9450-03c6-447e-b656-0f061a95f252/in_use.lock acquired by nodename 16930@pr-hdds-2254-trunk-wbvmw-1235415744
2019-10-15 21:42:41,927 [Thread-186] INFO  impl.FollowerState (FollowerState.java:run(108)) - f0d7c07d-0c9c-43c9-b90d-f56b2a8a0f48@group-CE8A05FD7CA1-FollowerState: change to CANDIDATE, lastRpcTime:139ms, electionTimeout:138ms
2019-10-15 21:42:41,931 [Thread-186] INFO  impl.RoleInfo (RoleInfo.java:shutdownFollowerState(121)) - f0d7c07d-0c9c-43c9-b90d-f56b2a8a0f48: shutdown FollowerState
2019-10-15 21:42:41,932 [Thread-186] INFO  impl.RaftServerImpl (RaftServerImpl.java:setRole(184)) - f0d7c07d-0c9c-43c9-b90d-f56b2a8a0f48@group-CE8A05FD7CA1: changes role from  FOLLOWER to CANDIDATE at term 0 for changeToCandidate
2019-10-15 21:42:41,937 [Thread-186] INFO  impl.RoleInfo (RoleInfo.java:updateAndGet(143)) - f0d7c07d-0c9c-43c9-b90d-f56b2a8a0f48: start LeaderElection
2019-10-15 21:42:41,950 [pool-37-thread-1] INFO  storage.RaftStorage (RaftStorage.java:format(84)) - Storage directory /workdir/hadoop-ozone/integration-test/target/test-dir/MiniOzoneClusterImpl-06fd8024-f1f0-4e91-aaba-ceaeb81d3c97/datanode-1/data/ratis/bcfb9450-03c6-447e-b656-0f061a95f252 has been successfully formatted.
2019-10-15 21:42:41,950 [f0d7c07d-0c9c-43c9-b90d-f56b2a8a0f48@group-CE8A05FD7CA1-LeaderElection1] INFO  impl.LeaderElection (LeaderElection.java:askForVotes(178)) - f0d7c07d-0c9c-43c9-b90d-f56b2a8a0f48@group-CE8A05FD7CA1-LeaderElection1: begin an election at term 1 for -1: [f0d7c07d-0c9c-43c9-b90d-f56b2a8a0f48:192.168.34.60:40619], old=null
2019-10-15 21:42:41,951 [pool-37-thread-1] INFO  ratis.ContainerStateMachine (ContainerStateMachine.java:loadSnapshot(231)) - group-0F061A95F252: The snapshot info is null. Setting the last applied indexto:(t:0, i:~)
2019-10-15 21:42:41,952 [pool-37-thread-1] INFO  server.RaftServerConfigKeys (ConfUtils.java:logGet(43)) - raft.server.notification.no-leader.timeout = 1000s (custom)
2019-10-15 21:42:41,952 [pool-37-thread-1] INFO  server.RaftServerConfigKeys (ConfUtils.java:logGet(43)) - raft.server.log.use.memory = false (default)
2019-10-15 21:42:41,952 [pool-37-thread-1] INFO  server.RaftServerConfigKeys (ConfUtils.java:logGet(43)) - raft.server.log.purge.gap = 1000000 (custom)
2019-10-15 21:42:41,952 [pool-37-thread-1] INFO  server.RaftServerConfigKeys (ConfUtils.java:logGet(43)) - raft.server.log.appender.buffer.byte-limit = 33554432 (custom)
2019-10-15 21:42:41,953 [pool-37-thread-1] INFO  server.RaftServerConfigKeys (ConfUtils.java:logGet(43)) - raft.server.log.segment.size.max = 1048576 (custom)
2019-10-15 21:42:41,953 [f0d7c07d-0c9c-43c9-b90d-f56b2a8a0f48@group-CE8A05FD7CA1-LeaderElection1] INFO  impl.RoleInfo (RoleInfo.java:shutdownLeaderElection(134)) - f0d7c07d-0c9c-43c9-b90d-f56b2a8a0f48: shutdown LeaderElection
2019-10-15 21:42:41,954 [f0d7c07d-0c9c-43c9-b90d-f56b2a8a0f48@group-CE8A05FD7CA1-LeaderElection1] INFO  impl.RaftServerImpl (RaftServerImpl.java:setRole(184)) - f0d7c07d-0c9c-43c9-b90d-f56b2a8a0f48@group-CE8A05FD7CA1: changes role from CANDIDATE to LEADER at term 1 for changeToLeader
2019-10-15 21:42:41,954 [f0d7c07d-0c9c-43c9-b90d-f56b2a8a0f48@group-CE8A05FD7CA1-LeaderElection1] INFO  impl.RaftServerImpl (ServerState.java:setLeader(256)) - f0d7c07d-0c9c-43c9-b90d-f56b2a8a0f48@group-CE8A05FD7CA1: change Leader from null to f0d7c07d-0c9c-43c9-b90d-f56b2a8a0f48 at term 1 for becomeLeader, leader elected after 287ms
2019-10-15 21:42:41,957 [pool-37-thread-1] INFO  server.RaftServerConfigKeys (ConfUtils.java:logGet(43)) - raft.server.log.segment.cache.num.max = 2 (custom)
2019-10-15 21:42:41,957 [pool-37-thread-1] INFO  segmented.SegmentedRaftLogWorker (SegmentedRaftLogWorker.java:<init>(173)) - new 11421ab1-19cb-4764-b505-ce794efeb49e@group-0F061A95F252-SegmentedRaftLogWorker for RaftStorage:Storage Directory /workdir/hadoop-ozone/integration-test/target/test-dir/MiniOzoneClusterImpl-06fd8024-f1f0-4e91-aaba-ceaeb81d3c97/datanode-1/data/ratis/bcfb9450-03c6-447e-b656-0f061a95f252
2019-10-15 21:42:41,959 [pool-37-thread-1] INFO  server.RaftServerConfigKeys (ConfUtils.java:logGet(43)) - raft.server.log.queue.byte-limit = 2147483647 (custom)
2019-10-15 21:42:41,959 [pool-37-thread-1] INFO  server.RaftServerConfigKeys (ConfUtils.java:logGet(43)) - raft.server.log.queue.element-limit = 1024 (custom)
2019-10-15 21:42:41,959 [pool-37-thread-1] INFO  server.RaftServerConfigKeys (ConfUtils.java:logGet(43)) - raft.server.log.segment.size.max = 1048576 (custom)
2019-10-15 21:42:41,959 [pool-37-thread-1] INFO  server.RaftServerConfigKeys (ConfUtils.java:logGet(43)) - raft.server.log.preallocated.size = 16384 (custom)
2019-10-15 21:42:41,960 [pool-37-thread-1] INFO  server.RaftServerConfigKeys (ConfUtils.java:logGet(43)) - raft.server.log.write.buffer.size = 33554432 (custom)
2019-10-15 21:42:41,960 [pool-37-thread-1] INFO  server.RaftServerConfigKeys (ConfUtils.java:logGet(43)) - raft.server.log.force.sync.num = 128 (default)
2019-10-15 21:42:41,960 [pool-37-thread-1] INFO  server.RaftServerConfigKeys (ConfUtils.java:logGet(43)) - raft.server.log.statemachine.data.sync = true (default)
2019-10-15 21:42:41,960 [pool-37-thread-1] INFO  server.RaftServerConfigKeys (ConfUtils.java:logGet(43)) - raft.server.log.statemachine.data.sync.timeout = 10s (default)
2019-10-15 21:42:41,960 [pool-37-thread-1] INFO  server.RaftServerConfigKeys (ConfUtils.java:logGet(43)) - raft.server.log.statemachine.data.sync.timeout.retry = -1 (default)
2019-10-15 21:42:41,961 [f0d7c07d-0c9c-43c9-b90d-f56b2a8a0f48@group-CE8A05FD7CA1-LeaderElection1] INFO  server.RaftServerConfigKeys (ConfUtils.java:logGet(43)) - raft.server.staging.catchup.gap = 1000 (default)
2019-10-15 21:42:41,961 [pool-37-thread-1] INFO  server.RaftServerConfigKeys (ConfUtils.java:logGet(43)) - raft.server.log.statemachine.data.caching.enabled = true (custom)
2019-10-15 21:42:41,961 [f0d7c07d-0c9c-43c9-b90d-f56b2a8a0f48@group-CE8A05FD7CA1-LeaderElection1] INFO  server.RaftServerConfigKeys (ConfUtils.java:logGet(43)) - raft.server.rpc.sleep.time = 25ms (default)
2019-10-15 21:42:41,961 [pool-37-thread-1] INFO  segmented.SegmentedRaftLogWorker (SegmentedRaftLogWorker.java:lambda$new$0(128)) - 11421ab1-19cb-4764-b505-ce794efeb49e@group-0F061A95F252-SegmentedRaftLogWorker: flushIndex: setUnconditionally 0 -> -1
2019-10-15 21:42:41,962 [pool-37-thread-1] INFO  server.RaftServerConfigKeys (ConfUtils.java:logGet(43)) - raft.server.snapshot.auto.trigger.enabled = true (custom)
2019-10-15 21:42:41,962 [pool-37-thread-1] INFO  server.RaftServerConfigKeys (ConfUtils.java:logGet(43)) - raft.server.snapshot.auto.trigger.threshold = 10000 (custom)
2019-10-15 21:42:41,962 [pool-37-thread-1] INFO  server.RaftServerConfigKeys (ConfUtils.java:logGet(43)) - raft.server.snapshot.retention.file.num = 5 (custom)
2019-10-15 21:42:41,963 [pool-37-thread-1] INFO  server.RaftServerConfigKeys (ConfUtils.java:logGet(43)) - raft.server.retrycache.expirytime = 600000ms (custom)
2019-10-15 21:42:41,966 [f0d7c07d-0c9c-43c9-b90d-f56b2a8a0f48@group-CE8A05FD7CA1-LeaderElection1] INFO  server.RaftServerConfigKeys (ConfUtils.java:logGet(43)) - raft.server.write.element-limit = 4096 (default)
2019-10-15 21:42:41,969 [f0d7c07d-0c9c-43c9-b90d-f56b2a8a0f48@group-CE8A05FD7CA1-LeaderElection1] INFO  server.RaftServerConfigKeys (ConfUtils.java:logGet(43)) - raft.server.watch.timeout = 10s (default)
2019-10-15 21:42:41,969 [f0d7c07d-0c9c-43c9-b90d-f56b2a8a0f48@group-CE8A05FD7CA1-LeaderElection1] INFO  server.RaftServerConfigKeys (ConfUtils.java:logGet(43)) - raft.server.watch.timeout.denomination = 1s (default)
2019-10-15 21:42:41,970 [f0d7c07d-0c9c-43c9-b90d-f56b2a8a0f48@group-CE8A05FD7CA1-LeaderElection1] INFO  server.RaftServerConfigKeys (ConfUtils.java:logGet(43)) - raft.server.watch.element-limit = 65536 (default)
2019-10-15 21:42:41,970 [pool-37-thread-1] INFO  impl.RaftServerImpl (RaftServerImpl.java:start(195)) - 11421ab1-19cb-4764-b505-ce794efeb49e@group-0F061A95F252: start as a follower, conf=-1: [11421ab1-19cb-4764-b505-ce794efeb49e:192.168.34.60:42577], old=null
2019-10-15 21:42:41,971 [pool-37-thread-1] INFO  impl.RaftServerImpl (RaftServerImpl.java:setRole(184)) - 11421ab1-19cb-4764-b505-ce794efeb49e@group-0F061A95F252: changes role from      null to FOLLOWER at term 0 for startAsFollower
2019-10-15 21:42:41,971 [pool-37-thread-1] INFO  impl.RoleInfo (RoleInfo.java:updateAndGet(143)) - 11421ab1-19cb-4764-b505-ce794efeb49e: start FollowerState
2019-10-15 21:42:41,971 [pool-37-thread-1] INFO  util.JmxRegister (JmxRegister.java:tryRegister(44)) - Successfully registered JMX Bean with object name Ratis:service=RaftServer,group=group-0F061A95F252,id=11421ab1-19cb-4764-b505-ce794efeb49e
2019-10-15 21:42:42,005 [Thread-191] INFO  impl.FollowerState (FollowerState.java:run(108)) - 11421ab1-19cb-4764-b505-ce794efeb49e@group-0F061A95F252-FollowerState: change to CANDIDATE, lastRpcTime:28ms, electionTimeout:19ms
2019-10-15 21:42:42,006 [Thread-191] INFO  impl.RoleInfo (RoleInfo.java:shutdownFollowerState(121)) - 11421ab1-19cb-4764-b505-ce794efeb49e: shutdown FollowerState
2019-10-15 21:42:42,007 [Thread-191] INFO  impl.RaftServerImpl (RaftServerImpl.java:setRole(184)) - 11421ab1-19cb-4764-b505-ce794efeb49e@group-0F061A95F252: changes role from  FOLLOWER to CANDIDATE at term 0 for changeToCandidate
2019-10-15 21:42:42,007 [Thread-191] INFO  impl.RoleInfo (RoleInfo.java:updateAndGet(143)) - 11421ab1-19cb-4764-b505-ce794efeb49e: start LeaderElection
2019-10-15 21:42:42,018 [RatisPipelineUtilsThread] INFO  pipeline.PipelineStateManager (PipelineStateManager.java:addPipeline(56)) - Created pipeline Pipeline[ Id: bcfb9450-03c6-447e-b656-0f061a95f252, Nodes: 11421ab1-19cb-4764-b505-ce794efeb49e{ip: 192.168.34.60, host: pr-hdds-2254-trunk-wbvmw-1235415744, networkLocation: /default-rack, certSerialId: null}, Type:RATIS, Factor:ONE, State:OPEN]
2019-10-15 21:42:42,025 [f0d7c07d-0c9c-43c9-b90d-f56b2a8a0f48@group-CE8A05FD7CA1-LeaderElection1] INFO  impl.RoleInfo (RoleInfo.java:updateAndGet(143)) - f0d7c07d-0c9c-43c9-b90d-f56b2a8a0f48: start LeaderState
2019-10-15 21:42:42,027 [11421ab1-19cb-4764-b505-ce794efeb49e@group-0F061A95F252-LeaderElection2] INFO  impl.LeaderElection (LeaderElection.java:askForVotes(178)) - 11421ab1-19cb-4764-b505-ce794efeb49e@group-0F061A95F252-LeaderElection2: begin an election at term 1 for -1: [11421ab1-19cb-4764-b505-ce794efeb49e:192.168.34.60:42577], old=null
2019-10-15 21:42:42,027 [11421ab1-19cb-4764-b505-ce794efeb49e@group-0F061A95F252-LeaderElection2] INFO  impl.RoleInfo (RoleInfo.java:shutdownLeaderElection(134)) - 11421ab1-19cb-4764-b505-ce794efeb49e: shutdown LeaderElection
2019-10-15 21:42:42,028 [11421ab1-19cb-4764-b505-ce794efeb49e@group-0F061A95F252-LeaderElection2] INFO  impl.RaftServerImpl (RaftServerImpl.java:setRole(184)) - 11421ab1-19cb-4764-b505-ce794efeb49e@group-0F061A95F252: changes role from CANDIDATE to LEADER at term 1 for changeToLeader
2019-10-15 21:42:42,028 [11421ab1-19cb-4764-b505-ce794efeb49e@group-0F061A95F252-LeaderElection2] INFO  impl.RaftServerImpl (ServerState.java:setLeader(256)) - 11421ab1-19cb-4764-b505-ce794efeb49e@group-0F061A95F252: change Leader from null to 11421ab1-19cb-4764-b505-ce794efeb49e at term 1 for becomeLeader, leader elected after 76ms
2019-10-15 21:42:42,028 [11421ab1-19cb-4764-b505-ce794efeb49e@group-0F061A95F252-LeaderElection2] INFO  server.RaftServerConfigKeys (ConfUtils.java:logGet(43)) - raft.server.staging.catchup.gap = 1000 (default)
2019-10-15 21:42:42,028 [11421ab1-19cb-4764-b505-ce794efeb49e@group-0F061A95F252-LeaderElection2] INFO  server.RaftServerConfigKeys (ConfUtils.java:logGet(43)) - raft.server.rpc.sleep.time = 25ms (default)
2019-10-15 21:42:42,029 [11421ab1-19cb-4764-b505-ce794efeb49e@group-0F061A95F252-LeaderElection2] INFO  server.RaftServerConfigKeys (ConfUtils.java:logGet(43)) - raft.server.write.element-limit = 4096 (default)
2019-10-15 21:42:42,029 [11421ab1-19cb-4764-b505-ce794efeb49e@group-0F061A95F252-LeaderElection2] INFO  server.RaftServerConfigKeys (ConfUtils.java:logGet(43)) - raft.server.watch.timeout = 10s (default)
2019-10-15 21:42:42,029 [11421ab1-19cb-4764-b505-ce794efeb49e@group-0F061A95F252-LeaderElection2] INFO  server.RaftServerConfigKeys (ConfUtils.java:logGet(43)) - raft.server.watch.timeout.denomination = 1s (default)
2019-10-15 21:42:42,030 [11421ab1-19cb-4764-b505-ce794efeb49e@group-0F061A95F252-LeaderElection2] INFO  server.RaftServerConfigKeys (ConfUtils.java:logGet(43)) - raft.server.watch.element-limit = 65536 (default)
2019-10-15 21:42:42,040 [grpc-default-executor-0] INFO  impl.RaftServerProxy (RaftServerProxy.java:addNew(89)) - 2e9fa5e4-44d4-40da-9b1b-fd170634e70a: addNew group-69CF5BDEF1F3:[2e9fa5e4-44d4-40da-9b1b-fd170634e70a:192.168.34.60:33194] returns group-69CF5BDEF1F3:java.util.concurrent.CompletableFuture@7ad907db[Not completed]
2019-10-15 21:42:42,042 [11421ab1-19cb-4764-b505-ce794efeb49e@group-0F061A95F252-LeaderElection2] INFO  impl.RoleInfo (RoleInfo.java:updateAndGet(143)) - 11421ab1-19cb-4764-b505-ce794efeb49e: start LeaderState
2019-10-15 21:42:42,042 [pool-47-thread-1] INFO  impl.RaftServerImpl (RaftServerImpl.java:<init>(104)) - 2e9fa5e4-44d4-40da-9b1b-fd170634e70a: new RaftServerImpl for group-69CF5BDEF1F3:[2e9fa5e4-44d4-40da-9b1b-fd170634e70a:192.168.34.60:33194] with ContainerStateMachine:uninitialized
2019-10-15 21:42:42,044 [pool-47-thread-1] INFO  server.RaftServerConfigKeys (ConfUtils.java:logGet(43)) - raft.server.rpc.timeout.min = 5s (custom)
2019-10-15 21:42:42,044 [pool-47-thread-1] INFO  server.RaftServerConfigKeys (ConfUtils.java:logGet(43)) - raft.server.rpc.timeout.max = 5200ms (custom)
2019-10-15 21:42:42,044 [pool-47-thread-1] INFO  server.RaftServerConfigKeys (ConfUtils.java:logGet(43)) - raft.server.rpcslowness.timeout = 1000s (custom)
2019-10-15 21:42:42,045 [pool-47-thread-1] INFO  server.RaftServerConfigKeys (ConfUtils.java:logGet(43)) - raft.server.sleep.deviation.threshold = 300 (default)
2019-10-15 21:42:42,045 [pool-47-thread-1] INFO  server.RaftServerConfigKeys (ConfUtils.java:logGet(43)) - raft.server.log.appender.install.snapshot.enabled = false (custom)
2019-10-15 21:42:42,045 [pool-47-thread-1] INFO  impl.RaftServerImpl (ServerState.java:<init>(103)) - 2e9fa5e4-44d4-40da-9b1b-fd170634e70a@group-69CF5BDEF1F3: ConfigurationManager, init=-1: [2e9fa5e4-44d4-40da-9b1b-fd170634e70a:192.168.34.60:33194], old=null, confs=<EMPTY_MAP>
2019-10-15 21:42:42,045 [pool-47-thread-1] INFO  server.RaftServerConfigKeys (ConfUtils.java:logGet(43)) - raft.server.storage.dir = [/workdir/hadoop-ozone/integration-test/target/test-dir/MiniOzoneClusterImpl-06fd8024-f1f0-4e91-aaba-ceaeb81d3c97/datanode-2/data/ratis] (custom)
2019-10-15 21:42:42,046 [pool-47-thread-1] INFO  server.RaftServerConfigKeys (ConfUtils.java:logGet(43)) - raft.server.log.corruption.policy = EXCEPTION (default)
2019-10-15 21:42:42,046 [pool-47-thread-1] INFO  storage.RaftStorageDirectory (RaftStorageDirectory.java:analyzeStorage(246)) - The storage directory /workdir/hadoop-ozone/integration-test/target/test-dir/MiniOzoneClusterImpl-06fd8024-f1f0-4e91-aaba-ceaeb81d3c97/datanode-2/data/ratis/680db324-aa0d-44e6-9159-69cf5bdef1f3 does not exist. Creating ...
2019-10-15 21:42:42,056 [11421ab1-19cb-4764-b505-ce794efeb49e@group-0F061A95F252-LeaderElection2] INFO  segmented.SegmentedRaftLogWorker (SegmentedRaftLogWorker.java:startLogSegment(385)) - 11421ab1-19cb-4764-b505-ce794efeb49e@group-0F061A95F252-SegmentedRaftLogWorker: Starting segment from index:0
2019-10-15 21:42:42,056 [f0d7c07d-0c9c-43c9-b90d-f56b2a8a0f48@group-CE8A05FD7CA1-LeaderElection1] INFO  segmented.SegmentedRaftLogWorker (SegmentedRaftLogWorker.java:startLogSegment(385)) - f0d7c07d-0c9c-43c9-b90d-f56b2a8a0f48@group-CE8A05FD7CA1-SegmentedRaftLogWorker: Starting segment from index:0
2019-10-15 21:42:42,060 [pool-47-thread-1] INFO  storage.RaftStorageDirectory (RaftStorageDirectory.java:tryLock(328)) - Lock on /workdir/hadoop-ozone/integration-test/target/test-dir/MiniOzoneClusterImpl-06fd8024-f1f0-4e91-aaba-ceaeb81d3c97/datanode-2/data/ratis/680db324-aa0d-44e6-9159-69cf5bdef1f3/in_use.lock acquired by nodename 16930@pr-hdds-2254-trunk-wbvmw-1235415744
2019-10-15 21:42:42,068 [f0d7c07d-0c9c-43c9-b90d-f56b2a8a0f48@group-CE8A05FD7CA1-LeaderElection1] INFO  impl.RaftServerImpl (ServerState.java:setRaftConf(357)) - f0d7c07d-0c9c-43c9-b90d-f56b2a8a0f48@group-CE8A05FD7CA1: set configuration 0: [f0d7c07d-0c9c-43c9-b90d-f56b2a8a0f48:192.168.34.60:40619], old=null at 0
2019-10-15 21:42:42,068 [11421ab1-19cb-4764-b505-ce794efeb49e@group-0F061A95F252-LeaderElection2] INFO  impl.RaftServerImpl (ServerState.java:setRaftConf(357)) - 11421ab1-19cb-4764-b505-ce794efeb49e@group-0F061A95F252: set configuration 0: [11421ab1-19cb-4764-b505-ce794efeb49e:192.168.34.60:42577], old=null at 0
2019-10-15 21:42:42,073 [pool-47-thread-1] INFO  storage.RaftStorage (RaftStorage.java:format(84)) - Storage directory /workdir/hadoop-ozone/integration-test/target/test-dir/MiniOzoneClusterImpl-06fd8024-f1f0-4e91-aaba-ceaeb81d3c97/datanode-2/data/ratis/680db324-aa0d-44e6-9159-69cf5bdef1f3 has been successfully formatted.
2019-10-15 21:42:42,073 [pool-47-thread-1] INFO  ratis.ContainerStateMachine (ContainerStateMachine.java:loadSnapshot(231)) - group-69CF5BDEF1F3: The snapshot info is null. Setting the last applied indexto:(t:0, i:~)
2019-10-15 21:42:42,074 [pool-47-thread-1] INFO  server.RaftServerConfigKeys (ConfUtils.java:logGet(43)) - raft.server.notification.no-leader.timeout = 1000s (custom)
2019-10-15 21:42:42,074 [pool-47-thread-1] INFO  server.RaftServerConfigKeys (ConfUtils.java:logGet(43)) - raft.server.log.use.memory = false (default)
2019-10-15 21:42:42,074 [pool-47-thread-1] INFO  server.RaftServerConfigKeys (ConfUtils.java:logGet(43)) - raft.server.log.purge.gap = 1000000 (custom)
2019-10-15 21:42:42,074 [pool-47-thread-1] INFO  server.RaftServerConfigKeys (ConfUtils.java:logGet(43)) - raft.server.log.appender.buffer.byte-limit = 33554432 (custom)
2019-10-15 21:42:42,074 [pool-47-thread-1] INFO  server.RaftServerConfigKeys (ConfUtils.java:logGet(43)) - raft.server.log.segment.size.max = 1048576 (custom)
2019-10-15 21:42:42,078 [pool-47-thread-1] INFO  server.RaftServerConfigKeys (ConfUtils.java:logGet(43)) - raft.server.log.segment.cache.num.max = 2 (custom)
2019-10-15 21:42:42,078 [pool-47-thread-1] INFO  segmented.SegmentedRaftLogWorker (SegmentedRaftLogWorker.java:<init>(173)) - new 2e9fa5e4-44d4-40da-9b1b-fd170634e70a@group-69CF5BDEF1F3-SegmentedRaftLogWorker for RaftStorage:Storage Directory /workdir/hadoop-ozone/integration-test/target/test-dir/MiniOzoneClusterImpl-06fd8024-f1f0-4e91-aaba-ceaeb81d3c97/datanode-2/data/ratis/680db324-aa0d-44e6-9159-69cf5bdef1f3
2019-10-15 21:42:42,078 [pool-47-thread-1] INFO  server.RaftServerConfigKeys (ConfUtils.java:logGet(43)) - raft.server.log.queue.byte-limit = 2147483647 (custom)
2019-10-15 21:42:42,078 [pool-47-thread-1] INFO  server.RaftServerConfigKeys (ConfUtils.java:logGet(43)) - raft.server.log.queue.element-limit = 1024 (custom)
2019-10-15 21:42:42,078 [pool-47-thread-1] INFO  server.RaftServerConfigKeys (ConfUtils.java:logGet(43)) - raft.server.log.segment.size.max = 1048576 (custom)
2019-10-15 21:42:42,078 [pool-47-thread-1] INFO  server.RaftServerConfigKeys (ConfUtils.java:logGet(43)) - raft.server.log.preallocated.size = 16384 (custom)
2019-10-15 21:42:42,079 [pool-47-thread-1] INFO  server.RaftServerConfigKeys (ConfUtils.java:logGet(43)) - raft.server.log.write.buffer.size = 33554432 (custom)
2019-10-15 21:42:42,079 [pool-47-thread-1] INFO  server.RaftServerConfigKeys (ConfUtils.java:logGet(43)) - raft.server.log.force.sync.num = 128 (default)
2019-10-15 21:42:42,079 [pool-47-thread-1] INFO  server.RaftServerConfigKeys (ConfUtils.java:logGet(43)) - raft.server.log.statemachine.data.sync = true (default)
2019-10-15 21:42:42,079 [pool-47-thread-1] INFO  server.RaftServerConfigKeys (ConfUtils.java:logGet(43)) - raft.server.log.statemachine.data.sync.timeout = 10s (default)
2019-10-15 21:42:42,079 [pool-47-thread-1] INFO  server.RaftServerConfigKeys (ConfUtils.java:logGet(43)) - raft.server.log.statemachine.data.sync.timeout.retry = -1 (default)
2019-10-15 21:42:42,080 [pool-47-thread-1] INFO  server.RaftServerConfigKeys (ConfUtils.java:logGet(43)) - raft.server.log.statemachine.data.caching.enabled = true (custom)
2019-10-15 21:42:42,080 [pool-47-thread-1] INFO  segmented.SegmentedRaftLogWorker (SegmentedRaftLogWorker.java:lambda$new$0(128)) - 2e9fa5e4-44d4-40da-9b1b-fd170634e70a@group-69CF5BDEF1F3-SegmentedRaftLogWorker: flushIndex: setUnconditionally 0 -> -1
2019-10-15 21:42:42,080 [pool-47-thread-1] INFO  server.RaftServerConfigKeys (ConfUtils.java:logGet(43)) - raft.server.snapshot.auto.trigger.enabled = true (custom)
2019-10-15 21:42:42,081 [pool-47-thread-1] INFO  server.RaftServerConfigKeys (ConfUtils.java:logGet(43)) - raft.server.snapshot.auto.trigger.threshold = 10000 (custom)
2019-10-15 21:42:42,081 [pool-47-thread-1] INFO  server.RaftServerConfigKeys (ConfUtils.java:logGet(43)) - raft.server.snapshot.retention.file.num = 5 (custom)
2019-10-15 21:42:42,081 [pool-47-thread-1] INFO  server.RaftServerConfigKeys (ConfUtils.java:logGet(43)) - raft.server.retrycache.expirytime = 600000ms (custom)
2019-10-15 21:42:42,087 [pool-47-thread-1] INFO  impl.RaftServerImpl (RaftServerImpl.java:start(195)) - 2e9fa5e4-44d4-40da-9b1b-fd170634e70a@group-69CF5BDEF1F3: start as a follower, conf=-1: [2e9fa5e4-44d4-40da-9b1b-fd170634e70a:192.168.34.60:33194], old=null
2019-10-15 21:42:42,087 [pool-47-thread-1] INFO  impl.RaftServerImpl (RaftServerImpl.java:setRole(184)) - 2e9fa5e4-44d4-40da-9b1b-fd170634e70a@group-69CF5BDEF1F3: changes role from      null to FOLLOWER at term 0 for startAsFollower
2019-10-15 21:42:42,087 [pool-47-thread-1] INFO  impl.RoleInfo (RoleInfo.java:updateAndGet(143)) - 2e9fa5e4-44d4-40da-9b1b-fd170634e70a: start FollowerState
2019-10-15 21:42:42,088 [pool-47-thread-1] INFO  util.JmxRegister (JmxRegister.java:tryRegister(44)) - Successfully registered JMX Bean with object name Ratis:service=RaftServer,group=group-69CF5BDEF1F3,id=2e9fa5e4-44d4-40da-9b1b-fd170634e70a
2019-10-15 21:42:42,100 [RatisPipelineUtilsThread] INFO  pipeline.PipelineStateManager (PipelineStateManager.java:addPipeline(56)) - Created pipeline Pipeline[ Id: 680db324-aa0d-44e6-9159-69cf5bdef1f3, Nodes: 2e9fa5e4-44d4-40da-9b1b-fd170634e70a{ip: 192.168.34.60, host: pr-hdds-2254-trunk-wbvmw-1235415744, networkLocation: /default-rack, certSerialId: null}, Type:RATIS, Factor:ONE, State:OPEN]
2019-10-15 21:42:42,130 [grpc-default-executor-2] INFO  impl.RaftServerProxy (RaftServerProxy.java:addNew(89)) - 11421ab1-19cb-4764-b505-ce794efeb49e: addNew group-39CA588449F8:[2e9fa5e4-44d4-40da-9b1b-fd170634e70a:192.168.34.60:33194, 11421ab1-19cb-4764-b505-ce794efeb49e:192.168.34.60:42577, f0d7c07d-0c9c-43c9-b90d-f56b2a8a0f48:192.168.34.60:40619] returns group-39CA588449F8:java.util.concurrent.CompletableFuture@3f184ec9[Not completed]
2019-10-15 21:42:42,130 [grpc-default-executor-1] INFO  impl.RaftServerProxy (RaftServerProxy.java:addNew(89)) - 2e9fa5e4-44d4-40da-9b1b-fd170634e70a: addNew group-39CA588449F8:[2e9fa5e4-44d4-40da-9b1b-fd170634e70a:192.168.34.60:33194, 11421ab1-19cb-4764-b505-ce794efeb49e:192.168.34.60:42577, f0d7c07d-0c9c-43c9-b90d-f56b2a8a0f48:192.168.34.60:40619] returns group-39CA588449F8:java.util.concurrent.CompletableFuture@2a66d1c4[Not completed]
2019-10-15 21:42:42,132 [grpc-default-executor-2] INFO  impl.RaftServerProxy (RaftServerProxy.java:addNew(89)) - f0d7c07d-0c9c-43c9-b90d-f56b2a8a0f48: addNew group-39CA588449F8:[2e9fa5e4-44d4-40da-9b1b-fd170634e70a:192.168.34.60:33194, 11421ab1-19cb-4764-b505-ce794efeb49e:192.168.34.60:42577, f0d7c07d-0c9c-43c9-b90d-f56b2a8a0f48:192.168.34.60:40619] returns group-39CA588449F8:java.util.concurrent.CompletableFuture@7e2544f2[Not completed]
2019-10-15 21:42:42,133 [pool-37-thread-1] INFO  impl.RaftServerImpl (RaftServerImpl.java:<init>(104)) - 11421ab1-19cb-4764-b505-ce794efeb49e: new RaftServerImpl for group-39CA588449F8:[2e9fa5e4-44d4-40da-9b1b-fd170634e70a:192.168.34.60:33194, 11421ab1-19cb-4764-b505-ce794efeb49e:192.168.34.60:42577, f0d7c07d-0c9c-43c9-b90d-f56b2a8a0f48:192.168.34.60:40619] with ContainerStateMachine:uninitialized
2019-10-15 21:42:42,133 [pool-37-thread-1] INFO  server.RaftServerConfigKeys (ConfUtils.java:logGet(43)) - raft.server.rpc.timeout.min = 5s (custom)
2019-10-15 21:42:42,134 [pool-37-thread-1] INFO  server.RaftServerConfigKeys (ConfUtils.java:logGet(43)) - raft.server.rpc.timeout.max = 5200ms (custom)
2019-10-15 21:42:42,134 [pool-37-thread-1] INFO  server.RaftServerConfigKeys (ConfUtils.java:logGet(43)) - raft.server.rpcslowness.timeout = 1000s (custom)
2019-10-15 21:42:42,134 [pool-27-thread-1] INFO  impl.RaftServerImpl (RaftServerImpl.java:<init>(104)) - f0d7c07d-0c9c-43c9-b90d-f56b2a8a0f48: new RaftServerImpl for group-39CA588449F8:[2e9fa5e4-44d4-40da-9b1b-fd170634e70a:192.168.34.60:33194, 11421ab1-19cb-4764-b505-ce794efeb49e:192.168.34.60:42577, f0d7c07d-0c9c-43c9-b90d-f56b2a8a0f48:192.168.34.60:40619] with ContainerStateMachine:uninitialized
2019-10-15 21:42:42,134 [pool-37-thread-1] INFO  server.RaftServerConfigKeys (ConfUtils.java:logGet(43)) - raft.server.sleep.deviation.threshold = 300 (default)
2019-10-15 21:42:42,134 [pool-27-thread-1] INFO  server.RaftServerConfigKeys (ConfUtils.java:logGet(43)) - raft.server.rpc.timeout.min = 5s (custom)
2019-10-15 21:42:42,134 [pool-37-thread-1] INFO  server.RaftServerConfigKeys (ConfUtils.java:logGet(43)) - raft.server.log.appender.install.snapshot.enabled = false (custom)
2019-10-15 21:42:42,135 [pool-27-thread-1] INFO  server.RaftServerConfigKeys (ConfUtils.java:logGet(43)) - raft.server.rpc.timeout.max = 5200ms (custom)
2019-10-15 21:42:42,135 [pool-37-thread-1] INFO  impl.RaftServerImpl (ServerState.java:<init>(103)) - 11421ab1-19cb-4764-b505-ce794efeb49e@group-39CA588449F8: ConfigurationManager, init=-1: [2e9fa5e4-44d4-40da-9b1b-fd170634e70a:192.168.34.60:33194, 11421ab1-19cb-4764-b505-ce794efeb49e:192.168.34.60:42577, f0d7c07d-0c9c-43c9-b90d-f56b2a8a0f48:192.168.34.60:40619], old=null, confs=<EMPTY_MAP>
2019-10-15 21:42:42,135 [pool-27-thread-1] INFO  server.RaftServerConfigKeys (ConfUtils.java:logGet(43)) - raft.server.rpcslowness.timeout = 1000s (custom)
2019-10-15 21:42:42,135 [pool-37-thread-1] INFO  server.RaftServerConfigKeys (ConfUtils.java:logGet(43)) - raft.server.storage.dir = [/workdir/hadoop-ozone/integration-test/target/test-dir/MiniOzoneClusterImpl-06fd8024-f1f0-4e91-aaba-ceaeb81d3c97/datanode-1/data/ratis] (custom)
2019-10-15 21:42:42,135 [pool-27-thread-1] INFO  server.RaftServerConfigKeys (ConfUtils.java:logGet(43)) - raft.server.sleep.deviation.threshold = 300 (default)
2019-10-15 21:42:42,135 [pool-47-thread-1] INFO  impl.RaftServerImpl (RaftServerImpl.java:<init>(104)) - 2e9fa5e4-44d4-40da-9b1b-fd170634e70a: new RaftServerImpl for group-39CA588449F8:[2e9fa5e4-44d4-40da-9b1b-fd170634e70a:192.168.34.60:33194, 11421ab1-19cb-4764-b505-ce794efeb49e:192.168.34.60:42577, f0d7c07d-0c9c-43c9-b90d-f56b2a8a0f48:192.168.34.60:40619] with ContainerStateMachine:uninitialized
2019-10-15 21:42:42,135 [pool-27-thread-1] INFO  server.RaftServerConfigKeys (ConfUtils.java:logGet(43)) - raft.server.log.appender.install.snapshot.enabled = false (custom)
2019-10-15 21:42:42,135 [pool-47-thread-1] INFO  server.RaftServerConfigKeys (ConfUtils.java:logGet(43)) - raft.server.rpc.timeout.min = 5s (custom)
2019-10-15 21:42:42,135 [pool-37-thread-1] INFO  server.RaftServerConfigKeys (ConfUtils.java:logGet(43)) - raft.server.log.corruption.policy = EXCEPTION (default)
2019-10-15 21:42:42,136 [pool-47-thread-1] INFO  server.RaftServerConfigKeys (ConfUtils.java:logGet(43)) - raft.server.rpc.timeout.max = 5200ms (custom)
2019-10-15 21:42:42,136 [pool-37-thread-1] INFO  storage.RaftStorageDirectory (RaftStorageDirectory.java:analyzeStorage(246)) - The storage directory /workdir/hadoop-ozone/integration-test/target/test-dir/MiniOzoneClusterImpl-06fd8024-f1f0-4e91-aaba-ceaeb81d3c97/datanode-1/data/ratis/a3e553f0-b812-4dfc-8692-39ca588449f8 does not exist. Creating ...
2019-10-15 21:42:42,136 [pool-27-thread-1] INFO  impl.RaftServerImpl (ServerState.java:<init>(103)) - f0d7c07d-0c9c-43c9-b90d-f56b2a8a0f48@group-39CA588449F8: ConfigurationManager, init=-1: [2e9fa5e4-44d4-40da-9b1b-fd170634e70a:192.168.34.60:33194, 11421ab1-19cb-4764-b505-ce794efeb49e:192.168.34.60:42577, f0d7c07d-0c9c-43c9-b90d-f56b2a8a0f48:192.168.34.60:40619], old=null, confs=<EMPTY_MAP>
2019-10-15 21:42:42,136 [pool-47-thread-1] INFO  server.RaftServerConfigKeys (ConfUtils.java:logGet(43)) - raft.server.rpcslowness.timeout = 1000s (custom)
2019-10-15 21:42:42,136 [pool-27-thread-1] INFO  server.RaftServerConfigKeys (ConfUtils.java:logGet(43)) - raft.server.storage.dir = [/workdir/hadoop-ozone/integration-test/target/test-dir/MiniOzoneClusterImpl-06fd8024-f1f0-4e91-aaba-ceaeb81d3c97/datanode-0/data/ratis] (custom)
2019-10-15 21:42:42,136 [pool-47-thread-1] INFO  server.RaftServerConfigKeys (ConfUtils.java:logGet(43)) - raft.server.sleep.deviation.threshold = 300 (default)
2019-10-15 21:42:42,137 [pool-27-thread-1] INFO  server.RaftServerConfigKeys (ConfUtils.java:logGet(43)) - raft.server.log.corruption.policy = EXCEPTION (default)
2019-10-15 21:42:42,137 [pool-47-thread-1] INFO  server.RaftServerConfigKeys (ConfUtils.java:logGet(43)) - raft.server.log.appender.install.snapshot.enabled = false (custom)
2019-10-15 21:42:42,137 [pool-27-thread-1] INFO  storage.RaftStorageDirectory (RaftStorageDirectory.java:analyzeStorage(246)) - The storage directory /workdir/hadoop-ozone/integration-test/target/test-dir/MiniOzoneClusterImpl-06fd8024-f1f0-4e91-aaba-ceaeb81d3c97/datanode-0/data/ratis/a3e553f0-b812-4dfc-8692-39ca588449f8 does not exist. Creating ...
2019-10-15 21:42:42,137 [pool-47-thread-1] INFO  impl.RaftServerImpl (ServerState.java:<init>(103)) - 2e9fa5e4-44d4-40da-9b1b-fd170634e70a@group-39CA588449F8: ConfigurationManager, init=-1: [2e9fa5e4-44d4-40da-9b1b-fd170634e70a:192.168.34.60:33194, 11421ab1-19cb-4764-b505-ce794efeb49e:192.168.34.60:42577, f0d7c07d-0c9c-43c9-b90d-f56b2a8a0f48:192.168.34.60:40619], old=null, confs=<EMPTY_MAP>
2019-10-15 21:42:42,137 [pool-47-thread-1] INFO  server.RaftServerConfigKeys (ConfUtils.java:logGet(43)) - raft.server.storage.dir = [/workdir/hadoop-ozone/integration-test/target/test-dir/MiniOzoneClusterImpl-06fd8024-f1f0-4e91-aaba-ceaeb81d3c97/datanode-2/data/ratis] (custom)
2019-10-15 21:42:42,138 [pool-47-thread-1] INFO  server.RaftServerConfigKeys (ConfUtils.java:logGet(43)) - raft.server.log.corruption.policy = EXCEPTION (default)
2019-10-15 21:42:42,138 [pool-47-thread-1] INFO  storage.RaftStorageDirectory (RaftStorageDirectory.java:analyzeStorage(246)) - The storage directory /workdir/hadoop-ozone/integration-test/target/test-dir/MiniOzoneClusterImpl-06fd8024-f1f0-4e91-aaba-ceaeb81d3c97/datanode-2/data/ratis/a3e553f0-b812-4dfc-8692-39ca588449f8 does not exist. Creating ...
2019-10-15 21:42:42,149 [pool-47-thread-1] INFO  storage.RaftStorageDirectory (RaftStorageDirectory.java:tryLock(328)) - Lock on /workdir/hadoop-ozone/integration-test/target/test-dir/MiniOzoneClusterImpl-06fd8024-f1f0-4e91-aaba-ceaeb81d3c97/datanode-2/data/ratis/a3e553f0-b812-4dfc-8692-39ca588449f8/in_use.lock acquired by nodename 16930@pr-hdds-2254-trunk-wbvmw-1235415744
2019-10-15 21:42:42,149 [pool-27-thread-1] INFO  storage.RaftStorageDirectory (RaftStorageDirectory.java:tryLock(328)) - Lock on /workdir/hadoop-ozone/integration-test/target/test-dir/MiniOzoneClusterImpl-06fd8024-f1f0-4e91-aaba-ceaeb81d3c97/datanode-0/data/ratis/a3e553f0-b812-4dfc-8692-39ca588449f8/in_use.lock acquired by nodename 16930@pr-hdds-2254-trunk-wbvmw-1235415744
2019-10-15 21:42:42,149 [pool-37-thread-1] INFO  storage.RaftStorageDirectory (RaftStorageDirectory.java:tryLock(328)) - Lock on /workdir/hadoop-ozone/integration-test/target/test-dir/MiniOzoneClusterImpl-06fd8024-f1f0-4e91-aaba-ceaeb81d3c97/datanode-1/data/ratis/a3e553f0-b812-4dfc-8692-39ca588449f8/in_use.lock acquired by nodename 16930@pr-hdds-2254-trunk-wbvmw-1235415744
2019-10-15 21:42:42,152 [Thread-196] INFO  impl.FollowerState (FollowerState.java:run(108)) - 2e9fa5e4-44d4-40da-9b1b-fd170634e70a@group-69CF5BDEF1F3-FollowerState: change to CANDIDATE, lastRpcTime:64ms, electionTimeout:64ms
2019-10-15 21:42:42,152 [Thread-196] INFO  impl.RoleInfo (RoleInfo.java:shutdownFollowerState(121)) - 2e9fa5e4-44d4-40da-9b1b-fd170634e70a: shutdown FollowerState
2019-10-15 21:42:42,152 [Thread-196] INFO  impl.RaftServerImpl (RaftServerImpl.java:setRole(184)) - 2e9fa5e4-44d4-40da-9b1b-fd170634e70a@group-69CF5BDEF1F3: changes role from  FOLLOWER to CANDIDATE at term 0 for changeToCandidate
2019-10-15 21:42:42,153 [Thread-196] INFO  impl.RoleInfo (RoleInfo.java:updateAndGet(143)) - 2e9fa5e4-44d4-40da-9b1b-fd170634e70a: start LeaderElection
2019-10-15 21:42:42,163 [pool-37-thread-1] INFO  storage.RaftStorage (RaftStorage.java:format(84)) - Storage directory /workdir/hadoop-ozone/integration-test/target/test-dir/MiniOzoneClusterImpl-06fd8024-f1f0-4e91-aaba-ceaeb81d3c97/datanode-1/data/ratis/a3e553f0-b812-4dfc-8692-39ca588449f8 has been successfully formatted.
2019-10-15 21:42:42,163 [2e9fa5e4-44d4-40da-9b1b-fd170634e70a@group-69CF5BDEF1F3-LeaderElection3] INFO  impl.LeaderElection (LeaderElection.java:askForVotes(178)) - 2e9fa5e4-44d4-40da-9b1b-fd170634e70a@group-69CF5BDEF1F3-LeaderElection3: begin an election at term 1 for -1: [2e9fa5e4-44d4-40da-9b1b-fd170634e70a:192.168.34.60:33194], old=null
2019-10-15 21:42:42,163 [pool-27-thread-1] INFO  storage.RaftStorage (RaftStorage.java:format(84)) - Storage directory /workdir/hadoop-ozone/integration-test/target/test-dir/MiniOzoneClusterImpl-06fd8024-f1f0-4e91-aaba-ceaeb81d3c97/datanode-0/data/ratis/a3e553f0-b812-4dfc-8692-39ca588449f8 has been successfully formatted.
2019-10-15 21:42:42,163 [pool-47-thread-1] INFO  storage.RaftStorage (RaftStorage.java:format(84)) - Storage directory /workdir/hadoop-ozone/integration-test/target/test-dir/MiniOzoneClusterImpl-06fd8024-f1f0-4e91-aaba-ceaeb81d3c97/datanode-2/data/ratis/a3e553f0-b812-4dfc-8692-39ca588449f8 has been successfully formatted.
2019-10-15 21:42:42,163 [pool-27-thread-1] INFO  ratis.ContainerStateMachine (ContainerStateMachine.java:loadSnapshot(231)) - group-39CA588449F8: The snapshot info is null. Setting the last applied indexto:(t:0, i:~)
2019-10-15 21:42:42,163 [2e9fa5e4-44d4-40da-9b1b-fd170634e70a@group-69CF5BDEF1F3-LeaderElection3] INFO  impl.RoleInfo (RoleInfo.java:shutdownLeaderElection(134)) - 2e9fa5e4-44d4-40da-9b1b-fd170634e70a: shutdown LeaderElection
2019-10-15 21:42:42,163 [pool-37-thread-1] INFO  ratis.ContainerStateMachine (ContainerStateMachine.java:loadSnapshot(231)) - group-39CA588449F8: The snapshot info is null. Setting the last applied indexto:(t:0, i:~)
2019-10-15 21:42:42,164 [2e9fa5e4-44d4-40da-9b1b-fd170634e70a@group-69CF5BDEF1F3-LeaderElection3] INFO  impl.RaftServerImpl (RaftServerImpl.java:setRole(184)) - 2e9fa5e4-44d4-40da-9b1b-fd170634e70a@group-69CF5BDEF1F3: changes role from CANDIDATE to LEADER at term 1 for changeToLeader
2019-10-15 21:42:42,164 [pool-27-thread-1] INFO  server.RaftServerConfigKeys (ConfUtils.java:logGet(43)) - raft.server.notification.no-leader.timeout = 1000s (custom)
2019-10-15 21:42:42,164 [pool-47-thread-1] INFO  ratis.ContainerStateMachine (ContainerStateMachine.java:loadSnapshot(231)) - group-39CA588449F8: The snapshot info is null. Setting the last applied indexto:(t:0, i:~)
2019-10-15 21:42:42,164 [pool-27-thread-1] INFO  server.RaftServerConfigKeys (ConfUtils.java:logGet(43)) - raft.server.log.use.memory = false (default)
2019-10-15 21:42:42,164 [2e9fa5e4-44d4-40da-9b1b-fd170634e70a@group-69CF5BDEF1F3-LeaderElection3] INFO  impl.RaftServerImpl (ServerState.java:setLeader(256)) - 2e9fa5e4-44d4-40da-9b1b-fd170634e70a@group-69CF5BDEF1F3: change Leader from null to 2e9fa5e4-44d4-40da-9b1b-fd170634e70a at term 1 for becomeLeader, leader elected after 90ms
2019-10-15 21:42:42,164 [pool-37-thread-1] INFO  server.RaftServerConfigKeys (ConfUtils.java:logGet(43)) - raft.server.notification.no-leader.timeout = 1000s (custom)
2019-10-15 21:42:42,165 [2e9fa5e4-44d4-40da-9b1b-fd170634e70a@group-69CF5BDEF1F3-LeaderElection3] INFO  server.RaftServerConfigKeys (ConfUtils.java:logGet(43)) - raft.server.staging.catchup.gap = 1000 (default)
2019-10-15 21:42:42,165 [pool-27-thread-1] INFO  server.RaftServerConfigKeys (ConfUtils.java:logGet(43)) - raft.server.log.purge.gap = 1000000 (custom)
2019-10-15 21:42:42,164 [pool-47-thread-1] INFO  server.RaftServerConfigKeys (ConfUtils.java:logGet(43)) - raft.server.notification.no-leader.timeout = 1000s (custom)
2019-10-15 21:42:42,165 [pool-27-thread-1] INFO  server.RaftServerConfigKeys (ConfUtils.java:logGet(43)) - raft.server.log.appender.buffer.byte-limit = 33554432 (custom)
2019-10-15 21:42:42,165 [2e9fa5e4-44d4-40da-9b1b-fd170634e70a@group-69CF5BDEF1F3-LeaderElection3] INFO  server.RaftServerConfigKeys (ConfUtils.java:logGet(43)) - raft.server.rpc.sleep.time = 25ms (default)
2019-10-15 21:42:42,165 [pool-37-thread-1] INFO  server.RaftServerConfigKeys (ConfUtils.java:logGet(43)) - raft.server.log.use.memory = false (default)
2019-10-15 21:42:42,166 [pool-27-thread-1] INFO  server.RaftServerConfigKeys (ConfUtils.java:logGet(43)) - raft.server.log.segment.size.max = 1048576 (custom)
2019-10-15 21:42:42,165 [pool-47-thread-1] INFO  server.RaftServerConfigKeys (ConfUtils.java:logGet(43)) - raft.server.log.use.memory = false (default)
2019-10-15 21:42:42,166 [pool-27-thread-1] INFO  server.RaftServerConfigKeys (ConfUtils.java:logGet(43)) - raft.server.log.segment.cache.num.max = 2 (custom)
2019-10-15 21:42:42,166 [2e9fa5e4-44d4-40da-9b1b-fd170634e70a@group-69CF5BDEF1F3-LeaderElection3] INFO  server.RaftServerConfigKeys (ConfUtils.java:logGet(43)) - raft.server.write.element-limit = 4096 (default)
2019-10-15 21:42:42,166 [pool-37-thread-1] INFO  server.RaftServerConfigKeys (ConfUtils.java:logGet(43)) - raft.server.log.purge.gap = 1000000 (custom)
2019-10-15 21:42:42,167 [2e9fa5e4-44d4-40da-9b1b-fd170634e70a@group-69CF5BDEF1F3-LeaderElection3] INFO  server.RaftServerConfigKeys (ConfUtils.java:logGet(43)) - raft.server.watch.timeout = 10s (default)
2019-10-15 21:42:42,166 [pool-27-thread-1] INFO  segmented.SegmentedRaftLogWorker (SegmentedRaftLogWorker.java:<init>(173)) - new f0d7c07d-0c9c-43c9-b90d-f56b2a8a0f48@group-39CA588449F8-SegmentedRaftLogWorker for RaftStorage:Storage Directory /workdir/hadoop-ozone/integration-test/target/test-dir/MiniOzoneClusterImpl-06fd8024-f1f0-4e91-aaba-ceaeb81d3c97/datanode-0/data/ratis/a3e553f0-b812-4dfc-8692-39ca588449f8
2019-10-15 21:42:42,166 [pool-47-thread-1] INFO  server.RaftServerConfigKeys (ConfUtils.java:logGet(43)) - raft.server.log.purge.gap = 1000000 (custom)
2019-10-15 21:42:42,167 [pool-27-thread-1] INFO  server.RaftServerConfigKeys (ConfUtils.java:logGet(43)) - raft.server.log.queue.byte-limit = 2147483647 (custom)
2019-10-15 21:42:42,167 [2e9fa5e4-44d4-40da-9b1b-fd170634e70a@group-69CF5BDEF1F3-LeaderElection3] INFO  server.RaftServerConfigKeys (ConfUtils.java:logGet(43)) - raft.server.watch.timeout.denomination = 1s (default)
2019-10-15 21:42:42,167 [pool-37-thread-1] INFO  server.RaftServerConfigKeys (ConfUtils.java:logGet(43)) - raft.server.log.appender.buffer.byte-limit = 33554432 (custom)
2019-10-15 21:42:42,168 [2e9fa5e4-44d4-40da-9b1b-fd170634e70a@group-69CF5BDEF1F3-LeaderElection3] INFO  server.RaftServerConfigKeys (ConfUtils.java:logGet(43)) - raft.server.watch.element-limit = 65536 (default)
2019-10-15 21:42:42,168 [pool-27-thread-1] INFO  server.RaftServerConfigKeys (ConfUtils.java:logGet(43)) - raft.server.log.queue.element-limit = 1024 (custom)
2019-10-15 21:42:42,167 [pool-47-thread-1] INFO  server.RaftServerConfigKeys (ConfUtils.java:logGet(43)) - raft.server.log.appender.buffer.byte-limit = 33554432 (custom)
2019-10-15 21:42:42,168 [pool-27-thread-1] INFO  server.RaftServerConfigKeys (ConfUtils.java:logGet(43)) - raft.server.log.segment.size.max = 1048576 (custom)
2019-10-15 21:42:42,168 [pool-37-thread-1] INFO  server.RaftServerConfigKeys (ConfUtils.java:logGet(43)) - raft.server.log.segment.size.max = 1048576 (custom)
2019-10-15 21:42:42,169 [pool-27-thread-1] INFO  server.RaftServerConfigKeys (ConfUtils.java:logGet(43)) - raft.server.log.preallocated.size = 16384 (custom)
2019-10-15 21:42:42,168 [pool-47-thread-1] INFO  server.RaftServerConfigKeys (ConfUtils.java:logGet(43)) - raft.server.log.segment.size.max = 1048576 (custom)
2019-10-15 21:42:42,169 [pool-27-thread-1] INFO  server.RaftServerConfigKeys (ConfUtils.java:logGet(43)) - raft.server.log.write.buffer.size = 33554432 (custom)
2019-10-15 21:42:42,169 [pool-37-thread-1] INFO  server.RaftServerConfigKeys (ConfUtils.java:logGet(43)) - raft.server.log.segment.cache.num.max = 2 (custom)
2019-10-15 21:42:42,169 [pool-27-thread-1] INFO  server.RaftServerConfigKeys (ConfUtils.java:logGet(43)) - raft.server.log.force.sync.num = 128 (default)
2019-10-15 21:42:42,169 [pool-47-thread-1] INFO  server.RaftServerConfigKeys (ConfUtils.java:logGet(43)) - raft.server.log.segment.cache.num.max = 2 (custom)
2019-10-15 21:42:42,169 [pool-27-thread-1] INFO  server.RaftServerConfigKeys (ConfUtils.java:logGet(43)) - raft.server.log.statemachine.data.sync = true (default)
2019-10-15 21:42:42,169 [pool-37-thread-1] INFO  segmented.SegmentedRaftLogWorker (SegmentedRaftLogWorker.java:<init>(173)) - new 11421ab1-19cb-4764-b505-ce794efeb49e@group-39CA588449F8-SegmentedRaftLogWorker for RaftStorage:Storage Directory /workdir/hadoop-ozone/integration-test/target/test-dir/MiniOzoneClusterImpl-06fd8024-f1f0-4e91-aaba-ceaeb81d3c97/datanode-1/data/ratis/a3e553f0-b812-4dfc-8692-39ca588449f8
2019-10-15 21:42:42,170 [pool-27-thread-1] INFO  server.RaftServerConfigKeys (ConfUtils.java:logGet(43)) - raft.server.log.statemachine.data.sync.timeout = 10s (default)
2019-10-15 21:42:42,170 [pool-47-thread-1] INFO  segmented.SegmentedRaftLogWorker (SegmentedRaftLogWorker.java:<init>(173)) - new 2e9fa5e4-44d4-40da-9b1b-fd170634e70a@group-39CA588449F8-SegmentedRaftLogWorker for RaftStorage:Storage Directory /workdir/hadoop-ozone/integration-test/target/test-dir/MiniOzoneClusterImpl-06fd8024-f1f0-4e91-aaba-ceaeb81d3c97/datanode-2/data/ratis/a3e553f0-b812-4dfc-8692-39ca588449f8
2019-10-15 21:42:42,170 [pool-27-thread-1] INFO  server.RaftServerConfigKeys (ConfUtils.java:logGet(43)) - raft.server.log.statemachine.data.sync.timeout.retry = -1 (default)
2019-10-15 21:42:42,170 [pool-37-thread-1] INFO  server.RaftServerConfigKeys (ConfUtils.java:logGet(43)) - raft.server.log.queue.byte-limit = 2147483647 (custom)
2019-10-15 21:42:42,170 [pool-27-thread-1] INFO  server.RaftServerConfigKeys (ConfUtils.java:logGet(43)) - raft.server.log.statemachine.data.caching.enabled = true (custom)
2019-10-15 21:42:42,170 [pool-47-thread-1] INFO  server.RaftServerConfigKeys (ConfUtils.java:logGet(43)) - raft.server.log.queue.byte-limit = 2147483647 (custom)
2019-10-15 21:42:42,171 [pool-37-thread-1] INFO  server.RaftServerConfigKeys (ConfUtils.java:logGet(43)) - raft.server.log.queue.element-limit = 1024 (custom)
2019-10-15 21:42:42,171 [2e9fa5e4-44d4-40da-9b1b-fd170634e70a@group-69CF5BDEF1F3-LeaderElection3] INFO  impl.RoleInfo (RoleInfo.java:updateAndGet(143)) - 2e9fa5e4-44d4-40da-9b1b-fd170634e70a: start LeaderState
2019-10-15 21:42:42,171 [pool-47-thread-1] INFO  server.RaftServerConfigKeys (ConfUtils.java:logGet(43)) - raft.server.log.queue.element-limit = 1024 (custom)
2019-10-15 21:42:42,171 [pool-37-thread-1] INFO  server.RaftServerConfigKeys (ConfUtils.java:logGet(43)) - raft.server.log.segment.size.max = 1048576 (custom)
2019-10-15 21:42:42,171 [pool-27-thread-1] INFO  segmented.SegmentedRaftLogWorker (SegmentedRaftLogWorker.java:lambda$new$0(128)) - f0d7c07d-0c9c-43c9-b90d-f56b2a8a0f48@group-39CA588449F8-SegmentedRaftLogWorker: flushIndex: setUnconditionally 0 -> -1
2019-10-15 21:42:42,171 [2e9fa5e4-44d4-40da-9b1b-fd170634e70a@group-69CF5BDEF1F3-LeaderElection3] INFO  segmented.SegmentedRaftLogWorker (SegmentedRaftLogWorker.java:startLogSegment(385)) - 2e9fa5e4-44d4-40da-9b1b-fd170634e70a@group-69CF5BDEF1F3-SegmentedRaftLogWorker: Starting segment from index:0
2019-10-15 21:42:42,171 [pool-37-thread-1] INFO  server.RaftServerConfigKeys (ConfUtils.java:logGet(43)) - raft.server.log.preallocated.size = 16384 (custom)
2019-10-15 21:42:42,171 [pool-47-thread-1] INFO  server.RaftServerConfigKeys (ConfUtils.java:logGet(43)) - raft.server.log.segment.size.max = 1048576 (custom)
2019-10-15 21:42:42,172 [pool-37-thread-1] INFO  server.RaftServerConfigKeys (ConfUtils.java:logGet(43)) - raft.server.log.write.buffer.size = 33554432 (custom)
2019-10-15 21:42:42,172 [pool-27-thread-1] INFO  server.RaftServerConfigKeys (ConfUtils.java:logGet(43)) - raft.server.snapshot.auto.trigger.enabled = true (custom)
2019-10-15 21:42:42,172 [2e9fa5e4-44d4-40da-9b1b-fd170634e70a@group-69CF5BDEF1F3-LeaderElection3] INFO  impl.RaftServerImpl (ServerState.java:setRaftConf(357)) - 2e9fa5e4-44d4-40da-9b1b-fd170634e70a@group-69CF5BDEF1F3: set configuration 0: [2e9fa5e4-44d4-40da-9b1b-fd170634e70a:192.168.34.60:33194], old=null at 0
2019-10-15 21:42:42,172 [pool-37-thread-1] INFO  server.RaftServerConfigKeys (ConfUtils.java:logGet(43)) - raft.server.log.force.sync.num = 128 (default)
2019-10-15 21:42:42,172 [pool-47-thread-1] INFO  server.RaftServerConfigKeys (ConfUtils.java:logGet(43)) - raft.server.log.preallocated.size = 16384 (custom)
2019-10-15 21:42:42,173 [pool-37-thread-1] INFO  server.RaftServerConfigKeys (ConfUtils.java:logGet(43)) - raft.server.log.statemachine.data.sync = true (default)
2019-10-15 21:42:42,172 [pool-27-thread-1] INFO  server.RaftServerConfigKeys (ConfUtils.java:logGet(43)) - raft.server.snapshot.auto.trigger.threshold = 10000 (custom)
2019-10-15 21:42:42,173 [pool-37-thread-1] INFO  server.RaftServerConfigKeys (ConfUtils.java:logGet(43)) - raft.server.log.statemachine.data.sync.timeout = 10s (default)
2019-10-15 21:42:42,173 [pool-47-thread-1] INFO  server.RaftServerConfigKeys (ConfUtils.java:logGet(43)) - raft.server.log.write.buffer.size = 33554432 (custom)
2019-10-15 21:42:42,174 [pool-37-thread-1] INFO  server.RaftServerConfigKeys (ConfUtils.java:logGet(43)) - raft.server.log.statemachine.data.sync.timeout.retry = -1 (default)
2019-10-15 21:42:42,174 [pool-27-thread-1] INFO  server.RaftServerConfigKeys (ConfUtils.java:logGet(43)) - raft.server.snapshot.retention.file.num = 5 (custom)
2019-10-15 21:42:42,174 [pool-47-thread-1] INFO  server.RaftServerConfigKeys (ConfUtils.java:logGet(43)) - raft.server.log.force.sync.num = 128 (default)
2019-10-15 21:42:42,174 [pool-37-thread-1] INFO  server.RaftServerConfigKeys (ConfUtils.java:logGet(43)) - raft.server.log.statemachine.data.caching.enabled = true (custom)
2019-10-15 21:42:42,174 [pool-47-thread-1] INFO  server.RaftServerConfigKeys (ConfUtils.java:logGet(43)) - raft.server.log.statemachine.data.sync = true (default)
2019-10-15 21:42:42,174 [pool-27-thread-1] INFO  server.RaftServerConfigKeys (ConfUtils.java:logGet(43)) - raft.server.retrycache.expirytime = 600000ms (custom)
2019-10-15 21:42:42,175 [pool-47-thread-1] INFO  server.RaftServerConfigKeys (ConfUtils.java:logGet(43)) - raft.server.log.statemachine.data.sync.timeout = 10s (default)
2019-10-15 21:42:42,175 [pool-37-thread-1] INFO  segmented.SegmentedRaftLogWorker (SegmentedRaftLogWorker.java:lambda$new$0(128)) - 11421ab1-19cb-4764-b505-ce794efeb49e@group-39CA588449F8-SegmentedRaftLogWorker: flushIndex: setUnconditionally 0 -> -1
2019-10-15 21:42:42,175 [pool-47-thread-1] INFO  server.RaftServerConfigKeys (ConfUtils.java:logGet(43)) - raft.server.log.statemachine.data.sync.timeout.retry = -1 (default)
2019-10-15 21:42:42,175 [pool-37-thread-1] INFO  server.RaftServerConfigKeys (ConfUtils.java:logGet(43)) - raft.server.snapshot.auto.trigger.enabled = true (custom)
2019-10-15 21:42:42,175 [pool-47-thread-1] INFO  server.RaftServerConfigKeys (ConfUtils.java:logGet(43)) - raft.server.log.statemachine.data.caching.enabled = true (custom)
2019-10-15 21:42:42,175 [pool-37-thread-1] INFO  server.RaftServerConfigKeys (ConfUtils.java:logGet(43)) - raft.server.snapshot.auto.trigger.threshold = 10000 (custom)
2019-10-15 21:42:42,176 [pool-47-thread-1] INFO  segmented.SegmentedRaftLogWorker (SegmentedRaftLogWorker.java:lambda$new$0(128)) - 2e9fa5e4-44d4-40da-9b1b-fd170634e70a@group-39CA588449F8-SegmentedRaftLogWorker: flushIndex: setUnconditionally 0 -> -1
2019-10-15 21:42:42,176 [pool-37-thread-1] INFO  server.RaftServerConfigKeys (ConfUtils.java:logGet(43)) - raft.server.snapshot.retention.file.num = 5 (custom)
2019-10-15 21:42:42,176 [pool-47-thread-1] INFO  server.RaftServerConfigKeys (ConfUtils.java:logGet(43)) - raft.server.snapshot.auto.trigger.enabled = true (custom)
2019-10-15 21:42:42,176 [pool-37-thread-1] INFO  server.RaftServerConfigKeys (ConfUtils.java:logGet(43)) - raft.server.retrycache.expirytime = 600000ms (custom)
2019-10-15 21:42:42,176 [pool-47-thread-1] INFO  server.RaftServerConfigKeys (ConfUtils.java:logGet(43)) - raft.server.snapshot.auto.trigger.threshold = 10000 (custom)
2019-10-15 21:42:42,176 [pool-47-thread-1] INFO  server.RaftServerConfigKeys (ConfUtils.java:logGet(43)) - raft.server.snapshot.retention.file.num = 5 (custom)
2019-10-15 21:42:42,177 [pool-47-thread-1] INFO  server.RaftServerConfigKeys (ConfUtils.java:logGet(43)) - raft.server.retrycache.expirytime = 600000ms (custom)
2019-10-15 21:42:42,178 [pool-27-thread-1] INFO  impl.RaftServerImpl (RaftServerImpl.java:start(195)) - f0d7c07d-0c9c-43c9-b90d-f56b2a8a0f48@group-39CA588449F8: start as a follower, conf=-1: [2e9fa5e4-44d4-40da-9b1b-fd170634e70a:192.168.34.60:33194, 11421ab1-19cb-4764-b505-ce794efeb49e:192.168.34.60:42577, f0d7c07d-0c9c-43c9-b90d-f56b2a8a0f48:192.168.34.60:40619], old=null
2019-10-15 21:42:42,178 [pool-27-thread-1] INFO  impl.RaftServerImpl (RaftServerImpl.java:setRole(184)) - f0d7c07d-0c9c-43c9-b90d-f56b2a8a0f48@group-39CA588449F8: changes role from      null to FOLLOWER at term 0 for startAsFollower
2019-10-15 21:42:42,178 [pool-27-thread-1] INFO  impl.RoleInfo (RoleInfo.java:updateAndGet(143)) - f0d7c07d-0c9c-43c9-b90d-f56b2a8a0f48: start FollowerState
2019-10-15 21:42:42,179 [pool-27-thread-1] INFO  util.JmxRegister (JmxRegister.java:tryRegister(44)) - Successfully registered JMX Bean with object name Ratis:service=RaftServer,group=group-39CA588449F8,id=f0d7c07d-0c9c-43c9-b90d-f56b2a8a0f48
2019-10-15 21:42:42,179 [pool-37-thread-1] INFO  impl.RaftServerImpl (RaftServerImpl.java:start(195)) - 11421ab1-19cb-4764-b505-ce794efeb49e@group-39CA588449F8: start as a follower, conf=-1: [2e9fa5e4-44d4-40da-9b1b-fd170634e70a:192.168.34.60:33194, 11421ab1-19cb-4764-b505-ce794efeb49e:192.168.34.60:42577, f0d7c07d-0c9c-43c9-b90d-f56b2a8a0f48:192.168.34.60:40619], old=null
2019-10-15 21:42:42,179 [pool-47-thread-1] INFO  impl.RaftServerImpl (RaftServerImpl.java:start(195)) - 2e9fa5e4-44d4-40da-9b1b-fd170634e70a@group-39CA588449F8: start as a follower, conf=-1: [2e9fa5e4-44d4-40da-9b1b-fd170634e70a:192.168.34.60:33194, 11421ab1-19cb-4764-b505-ce794efeb49e:192.168.34.60:42577, f0d7c07d-0c9c-43c9-b90d-f56b2a8a0f48:192.168.34.60:40619], old=null
2019-10-15 21:42:42,180 [pool-37-thread-1] INFO  impl.RaftServerImpl (RaftServerImpl.java:setRole(184)) - 11421ab1-19cb-4764-b505-ce794efeb49e@group-39CA588449F8: changes role from      null to FOLLOWER at term 0 for startAsFollower
2019-10-15 21:42:42,180 [pool-47-thread-1] INFO  impl.RaftServerImpl (RaftServerImpl.java:setRole(184)) - 2e9fa5e4-44d4-40da-9b1b-fd170634e70a@group-39CA588449F8: changes role from      null to FOLLOWER at term 0 for startAsFollower
2019-10-15 21:42:42,180 [pool-37-thread-1] INFO  impl.RoleInfo (RoleInfo.java:updateAndGet(143)) - 11421ab1-19cb-4764-b505-ce794efeb49e: start FollowerState
2019-10-15 21:42:42,180 [pool-47-thread-1] INFO  impl.RoleInfo (RoleInfo.java:updateAndGet(143)) - 2e9fa5e4-44d4-40da-9b1b-fd170634e70a: start FollowerState
2019-10-15 21:42:42,180 [pool-37-thread-1] INFO  util.JmxRegister (JmxRegister.java:tryRegister(44)) - Successfully registered JMX Bean with object name Ratis:service=RaftServer,group=group-39CA588449F8,id=11421ab1-19cb-4764-b505-ce794efeb49e
2019-10-15 21:42:42,180 [pool-47-thread-1] INFO  util.JmxRegister (JmxRegister.java:tryRegister(44)) - Successfully registered JMX Bean with object name Ratis:service=RaftServer,group=group-39CA588449F8,id=2e9fa5e4-44d4-40da-9b1b-fd170634e70a
2019-10-15 21:42:42,203 [RatisPipelineUtilsThread] INFO  pipeline.PipelineStateManager (PipelineStateManager.java:addPipeline(56)) - Created pipeline Pipeline[ Id: a3e553f0-b812-4dfc-8692-39ca588449f8, Nodes: 11421ab1-19cb-4764-b505-ce794efeb49e{ip: 192.168.34.60, host: pr-hdds-2254-trunk-wbvmw-1235415744, networkLocation: /default-rack, certSerialId: null}2e9fa5e4-44d4-40da-9b1b-fd170634e70a{ip: 192.168.34.60, host: pr-hdds-2254-trunk-wbvmw-1235415744, networkLocation: /default-rack, certSerialId: null}f0d7c07d-0c9c-43c9-b90d-f56b2a8a0f48{ip: 192.168.34.60, host: pr-hdds-2254-trunk-wbvmw-1235415744, networkLocation: /default-rack, certSerialId: null}, Type:RATIS, Factor:THREE, State:OPEN]
2019-10-15 21:42:42,208 [Thread-203] INFO  impl.FollowerState (FollowerState.java:run(108)) - f0d7c07d-0c9c-43c9-b90d-f56b2a8a0f48@group-39CA588449F8-FollowerState: change to CANDIDATE, lastRpcTime:29ms, electionTimeout:29ms
2019-10-15 21:42:42,208 [Thread-203] INFO  impl.RoleInfo (RoleInfo.java:shutdownFollowerState(121)) - f0d7c07d-0c9c-43c9-b90d-f56b2a8a0f48: shutdown FollowerState
2019-10-15 21:42:42,208 [Thread-203] INFO  impl.RaftServerImpl (RaftServerImpl.java:setRole(184)) - f0d7c07d-0c9c-43c9-b90d-f56b2a8a0f48@group-39CA588449F8: changes role from  FOLLOWER to CANDIDATE at term 0 for changeToCandidate
2019-10-15 21:42:42,208 [Thread-203] INFO  impl.RoleInfo (RoleInfo.java:updateAndGet(143)) - f0d7c07d-0c9c-43c9-b90d-f56b2a8a0f48: start LeaderElection
2019-10-15 21:42:42,222 [f0d7c07d-0c9c-43c9-b90d-f56b2a8a0f48@group-39CA588449F8-LeaderElection4] INFO  impl.LeaderElection (LeaderElection.java:askForVotes(178)) - f0d7c07d-0c9c-43c9-b90d-f56b2a8a0f48@group-39CA588449F8-LeaderElection4: begin an election at term 1 for -1: [2e9fa5e4-44d4-40da-9b1b-fd170634e70a:192.168.34.60:33194, 11421ab1-19cb-4764-b505-ce794efeb49e:192.168.34.60:42577, f0d7c07d-0c9c-43c9-b90d-f56b2a8a0f48:192.168.34.60:40619], old=null
2019-10-15 21:42:42,254 [grpc-default-executor-2] INFO  impl.RaftServerImpl (RaftServerImpl.java:setRole(184)) - 11421ab1-19cb-4764-b505-ce794efeb49e@group-39CA588449F8: changes role from  FOLLOWER to FOLLOWER at term 1 for recognizeCandidate:f0d7c07d-0c9c-43c9-b90d-f56b2a8a0f48
2019-10-15 21:42:42,254 [grpc-default-executor-1] INFO  impl.RaftServerImpl (RaftServerImpl.java:setRole(184)) - 2e9fa5e4-44d4-40da-9b1b-fd170634e70a@group-39CA588449F8: changes role from  FOLLOWER to FOLLOWER at term 1 for recognizeCandidate:f0d7c07d-0c9c-43c9-b90d-f56b2a8a0f48
2019-10-15 21:42:42,254 [grpc-default-executor-2] INFO  impl.RoleInfo (RoleInfo.java:shutdownFollowerState(121)) - 11421ab1-19cb-4764-b505-ce794efeb49e: shutdown FollowerState
2019-10-15 21:42:42,255 [grpc-default-executor-1] INFO  impl.RoleInfo (RoleInfo.java:shutdownFollowerState(121)) - 2e9fa5e4-44d4-40da-9b1b-fd170634e70a: shutdown FollowerState
2019-10-15 21:42:42,255 [Thread-204] INFO  impl.FollowerState (FollowerState.java:run(117)) - 11421ab1-19cb-4764-b505-ce794efeb49e@group-39CA588449F8-FollowerState was interrupted: java.lang.InterruptedException: sleep interrupted
2019-10-15 21:42:42,255 [Thread-205] INFO  impl.FollowerState (FollowerState.java:run(117)) - 2e9fa5e4-44d4-40da-9b1b-fd170634e70a@group-39CA588449F8-FollowerState was interrupted: java.lang.InterruptedException: sleep interrupted
2019-10-15 21:42:42,255 [grpc-default-executor-2] INFO  impl.RoleInfo (RoleInfo.java:updateAndGet(143)) - 11421ab1-19cb-4764-b505-ce794efeb49e: start FollowerState
2019-10-15 21:42:42,255 [grpc-default-executor-1] INFO  impl.RoleInfo (RoleInfo.java:updateAndGet(143)) - 2e9fa5e4-44d4-40da-9b1b-fd170634e70a: start FollowerState
2019-10-15 21:42:42,272 [f0d7c07d-0c9c-43c9-b90d-f56b2a8a0f48@group-39CA588449F8-LeaderElection4] INFO  impl.LeaderElection (LeaderElection.java:logAndReturn(56)) - f0d7c07d-0c9c-43c9-b90d-f56b2a8a0f48@group-39CA588449F8-LeaderElection4: Election TIMEOUT; received 0 response(s) [] and 0 exception(s); f0d7c07d-0c9c-43c9-b90d-f56b2a8a0f48@group-39CA588449F8:t1, leader=null, voted=f0d7c07d-0c9c-43c9-b90d-f56b2a8a0f48, raftlog=f0d7c07d-0c9c-43c9-b90d-f56b2a8a0f48@group-39CA588449F8-SegmentedRaftLog:OPENED:c-1,f-1,i0, conf=-1: [2e9fa5e4-44d4-40da-9b1b-fd170634e70a:192.168.34.60:33194, 11421ab1-19cb-4764-b505-ce794efeb49e:192.168.34.60:42577, f0d7c07d-0c9c-43c9-b90d-f56b2a8a0f48:192.168.34.60:40619], old=null
2019-10-15 21:42:42,276 [f0d7c07d-0c9c-43c9-b90d-f56b2a8a0f48@group-39CA588449F8-LeaderElection4] INFO  impl.LeaderElection (LeaderElection.java:askForVotes(178)) - f0d7c07d-0c9c-43c9-b90d-f56b2a8a0f48@group-39CA588449F8-LeaderElection4: begin an election at term 2 for -1: [2e9fa5e4-44d4-40da-9b1b-fd170634e70a:192.168.34.60:33194, 11421ab1-19cb-4764-b505-ce794efeb49e:192.168.34.60:42577, f0d7c07d-0c9c-43c9-b90d-f56b2a8a0f48:192.168.34.60:40619], old=null
2019-10-15 21:42:42,322 [main] INFO  ozone.MiniOzoneClusterImpl (MiniOzoneClusterImpl.java:lambda$waitForClusterToBeReady$0(147)) - Cluster is ready. Got 3 of 3 DN Heartbeats.
2019-10-15 21:42:42,323 [Thread-212] INFO  impl.FollowerState (FollowerState.java:run(108)) - 11421ab1-19cb-4764-b505-ce794efeb49e@group-39CA588449F8-FollowerState: change to CANDIDATE, lastRpcTime:68ms, electionTimeout:58ms
2019-10-15 21:42:42,325 [Thread-212] INFO  impl.RoleInfo (RoleInfo.java:shutdownFollowerState(121)) - 11421ab1-19cb-4764-b505-ce794efeb49e: shutdown FollowerState
2019-10-15 21:42:42,328 [Thread-212] INFO  impl.RaftServerImpl (RaftServerImpl.java:setRole(184)) - 11421ab1-19cb-4764-b505-ce794efeb49e@group-39CA588449F8: changes role from  FOLLOWER to CANDIDATE at term 1 for changeToCandidate
2019-10-15 21:42:42,329 [Thread-212] INFO  impl.RoleInfo (RoleInfo.java:updateAndGet(143)) - 11421ab1-19cb-4764-b505-ce794efeb49e: start LeaderElection
2019-10-15 21:42:42,335 [grpc-default-executor-2] INFO  impl.RaftServerImpl (RaftServerImpl.java:setRole(184)) - 2e9fa5e4-44d4-40da-9b1b-fd170634e70a@group-39CA588449F8: changes role from  FOLLOWER to FOLLOWER at term 2 for recognizeCandidate:f0d7c07d-0c9c-43c9-b90d-f56b2a8a0f48
2019-10-15 21:42:42,335 [grpc-default-executor-2] INFO  impl.RoleInfo (RoleInfo.java:shutdownFollowerState(121)) - 2e9fa5e4-44d4-40da-9b1b-fd170634e70a: shutdown FollowerState
2019-10-15 21:42:42,335 [Thread-213] INFO  impl.FollowerState (FollowerState.java:run(117)) - 2e9fa5e4-44d4-40da-9b1b-fd170634e70a@group-39CA588449F8-FollowerState was interrupted: java.lang.InterruptedException: sleep interrupted
2019-10-15 21:42:42,335 [grpc-default-executor-2] INFO  impl.RoleInfo (RoleInfo.java:updateAndGet(143)) - 2e9fa5e4-44d4-40da-9b1b-fd170634e70a: start FollowerState
2019-10-15 21:42:42,341 [f0d7c07d-0c9c-43c9-b90d-f56b2a8a0f48@group-CE8A05FD7CA1-SegmentedRaftLogWorker] INFO  segmented.SegmentedRaftLogWorker (SegmentedRaftLogWorker.java:execute(576)) - f0d7c07d-0c9c-43c9-b90d-f56b2a8a0f48@group-CE8A05FD7CA1-SegmentedRaftLogWorker: created new log segment /workdir/hadoop-ozone/integration-test/target/test-dir/MiniOzoneClusterImpl-06fd8024-f1f0-4e91-aaba-ceaeb81d3c97/datanode-0/data/ratis/2fe2928e-3a48-4b6b-8331-ce8a05fd7ca1/current/log_inprogress_0
2019-10-15 21:42:42,341 [11421ab1-19cb-4764-b505-ce794efeb49e@group-0F061A95F252-SegmentedRaftLogWorker] INFO  segmented.SegmentedRaftLogWorker (SegmentedRaftLogWorker.java:execute(576)) - 11421ab1-19cb-4764-b505-ce794efeb49e@group-0F061A95F252-SegmentedRaftLogWorker: created new log segment /workdir/hadoop-ozone/integration-test/target/test-dir/MiniOzoneClusterImpl-06fd8024-f1f0-4e91-aaba-ceaeb81d3c97/datanode-1/data/ratis/bcfb9450-03c6-447e-b656-0f061a95f252/current/log_inprogress_0
2019-10-15 21:42:42,341 [2e9fa5e4-44d4-40da-9b1b-fd170634e70a@group-69CF5BDEF1F3-SegmentedRaftLogWorker] INFO  segmented.SegmentedRaftLogWorker (SegmentedRaftLogWorker.java:execute(576)) - 2e9fa5e4-44d4-40da-9b1b-fd170634e70a@group-69CF5BDEF1F3-SegmentedRaftLogWorker: created new log segment /workdir/hadoop-ozone/integration-test/target/test-dir/MiniOzoneClusterImpl-06fd8024-f1f0-4e91-aaba-ceaeb81d3c97/datanode-2/data/ratis/680db324-aa0d-44e6-9159-69cf5bdef1f3/current/log_inprogress_0
2019-10-15 21:42:42,342 [11421ab1-19cb-4764-b505-ce794efeb49e@group-39CA588449F8-LeaderElection5] INFO  impl.LeaderElection (LeaderElection.java:askForVotes(178)) - 11421ab1-19cb-4764-b505-ce794efeb49e@group-39CA588449F8-LeaderElection5: begin an election at term 2 for -1: [2e9fa5e4-44d4-40da-9b1b-fd170634e70a:192.168.34.60:33194, 11421ab1-19cb-4764-b505-ce794efeb49e:192.168.34.60:42577, f0d7c07d-0c9c-43c9-b90d-f56b2a8a0f48:192.168.34.60:40619], old=null
2019-10-15 21:42:42,345 [f0d7c07d-0c9c-43c9-b90d-f56b2a8a0f48@group-39CA588449F8-LeaderElection4] INFO  impl.LeaderElection (LeaderElection.java:logAndReturn(56)) - f0d7c07d-0c9c-43c9-b90d-f56b2a8a0f48@group-39CA588449F8-LeaderElection4: Election TIMEOUT; received 0 response(s) [] and 0 exception(s); f0d7c07d-0c9c-43c9-b90d-f56b2a8a0f48@group-39CA588449F8:t2, leader=null, voted=f0d7c07d-0c9c-43c9-b90d-f56b2a8a0f48, raftlog=f0d7c07d-0c9c-43c9-b90d-f56b2a8a0f48@group-39CA588449F8-SegmentedRaftLog:OPENED:c-1,f-1,i0, conf=-1: [2e9fa5e4-44d4-40da-9b1b-fd170634e70a:192.168.34.60:33194, 11421ab1-19cb-4764-b505-ce794efeb49e:192.168.34.60:42577, f0d7c07d-0c9c-43c9-b90d-f56b2a8a0f48:192.168.34.60:40619], old=null
2019-10-15 21:42:42,360 [f0d7c07d-0c9c-43c9-b90d-f56b2a8a0f48@group-39CA588449F8-LeaderElection4] INFO  impl.LeaderElection (LeaderElection.java:askForVotes(178)) - f0d7c07d-0c9c-43c9-b90d-f56b2a8a0f48@group-39CA588449F8-LeaderElection4: begin an election at term 3 for -1: [2e9fa5e4-44d4-40da-9b1b-fd170634e70a:192.168.34.60:33194, 11421ab1-19cb-4764-b505-ce794efeb49e:192.168.34.60:42577, f0d7c07d-0c9c-43c9-b90d-f56b2a8a0f48:192.168.34.60:40619], old=null
2019-10-15 21:42:42,368 [grpc-default-executor-0] INFO  impl.RaftServerImpl (RaftServerImpl.java:setRole(184)) - 11421ab1-19cb-4764-b505-ce794efeb49e@group-39CA588449F8: changes role from CANDIDATE to FOLLOWER at term 3 for recognizeCandidate:f0d7c07d-0c9c-43c9-b90d-f56b2a8a0f48
2019-10-15 21:42:42,370 [grpc-default-executor-0] INFO  impl.RoleInfo (RoleInfo.java:shutdownLeaderElection(134)) - 11421ab1-19cb-4764-b505-ce794efeb49e: shutdown LeaderElection
2019-10-15 21:42:42,371 [grpc-default-executor-0] INFO  impl.RoleInfo (RoleInfo.java:updateAndGet(143)) - 11421ab1-19cb-4764-b505-ce794efeb49e: start FollowerState
2019-10-15 21:42:42,371 [grpc-default-executor-3] INFO  impl.RaftServerImpl (RaftServerImpl.java:setRole(184)) - 2e9fa5e4-44d4-40da-9b1b-fd170634e70a@group-39CA588449F8: changes role from  FOLLOWER to FOLLOWER at term 3 for recognizeCandidate:f0d7c07d-0c9c-43c9-b90d-f56b2a8a0f48
2019-10-15 21:42:42,371 [grpc-default-executor-3] INFO  impl.RoleInfo (RoleInfo.java:shutdownFollowerState(121)) - 2e9fa5e4-44d4-40da-9b1b-fd170634e70a: shutdown FollowerState
2019-10-15 21:42:42,372 [grpc-default-executor-3] INFO  impl.RoleInfo (RoleInfo.java:updateAndGet(143)) - 2e9fa5e4-44d4-40da-9b1b-fd170634e70a: start FollowerState
2019-10-15 21:42:42,372 [Thread-217] INFO  impl.FollowerState (FollowerState.java:run(117)) - 2e9fa5e4-44d4-40da-9b1b-fd170634e70a@group-39CA588449F8-FollowerState was interrupted: java.lang.InterruptedException: sleep interrupted
2019-10-15 21:42:42,376 [11421ab1-19cb-4764-b505-ce794efeb49e@group-39CA588449F8-LeaderElection5] INFO  impl.LeaderElection (LeaderElection.java:logAndReturn(56)) - 11421ab1-19cb-4764-b505-ce794efeb49e@group-39CA588449F8-LeaderElection5: Election DISCOVERED_A_NEW_TERM; received 1 response(s) [11421ab1-19cb-4764-b505-ce794efeb49e<-f0d7c07d-0c9c-43c9-b90d-f56b2a8a0f48#0:FAIL-t3] and 0 exception(s); 11421ab1-19cb-4764-b505-ce794efeb49e@group-39CA588449F8:t3, leader=null, voted=null, raftlog=11421ab1-19cb-4764-b505-ce794efeb49e@group-39CA588449F8-SegmentedRaftLog:OPENED:c-1,f-1,i0, conf=-1: [2e9fa5e4-44d4-40da-9b1b-fd170634e70a:192.168.34.60:33194, 11421ab1-19cb-4764-b505-ce794efeb49e:192.168.34.60:42577, f0d7c07d-0c9c-43c9-b90d-f56b2a8a0f48:192.168.34.60:40619], old=null
2019-10-15 21:42:42,389 [Thread-222] INFO  impl.FollowerState (FollowerState.java:run(108)) - 11421ab1-19cb-4764-b505-ce794efeb49e@group-39CA588449F8-FollowerState: change to CANDIDATE, lastRpcTime:18ms, electionTimeout:17ms
2019-10-15 21:42:42,389 [Thread-222] INFO  impl.RoleInfo (RoleInfo.java:shutdownFollowerState(121)) - 11421ab1-19cb-4764-b505-ce794efeb49e: shutdown FollowerState
2019-10-15 21:42:42,389 [Thread-222] INFO  impl.RaftServerImpl (RaftServerImpl.java:setRole(184)) - 11421ab1-19cb-4764-b505-ce794efeb49e@group-39CA588449F8: changes role from  FOLLOWER to CANDIDATE at term 3 for changeToCandidate
2019-10-15 21:42:42,391 [Thread-222] INFO  impl.RoleInfo (RoleInfo.java:updateAndGet(143)) - 11421ab1-19cb-4764-b505-ce794efeb49e: start LeaderElection
2019-10-15 21:42:42,395 [f0d7c07d-0c9c-43c9-b90d-f56b2a8a0f48@group-39CA588449F8-LeaderElection4] INFO  impl.LeaderElection (LeaderElection.java:logAndReturn(56)) - f0d7c07d-0c9c-43c9-b90d-f56b2a8a0f48@group-39CA588449F8-LeaderElection4: Election PASSED; received 2 response(s) [f0d7c07d-0c9c-43c9-b90d-f56b2a8a0f48<-2e9fa5e4-44d4-40da-9b1b-fd170634e70a#0:OK-t3, f0d7c07d-0c9c-43c9-b90d-f56b2a8a0f48<-11421ab1-19cb-4764-b505-ce794efeb49e#0:FAIL-t3] and 0 exception(s); f0d7c07d-0c9c-43c9-b90d-f56b2a8a0f48@group-39CA588449F8:t3, leader=null, voted=f0d7c07d-0c9c-43c9-b90d-f56b2a8a0f48, raftlog=f0d7c07d-0c9c-43c9-b90d-f56b2a8a0f48@group-39CA588449F8-SegmentedRaftLog:OPENED:c-1,f-1,i0, conf=-1: [2e9fa5e4-44d4-40da-9b1b-fd170634e70a:192.168.34.60:33194, 11421ab1-19cb-4764-b505-ce794efeb49e:192.168.34.60:42577, f0d7c07d-0c9c-43c9-b90d-f56b2a8a0f48:192.168.34.60:40619], old=null
2019-10-15 21:42:42,396 [f0d7c07d-0c9c-43c9-b90d-f56b2a8a0f48@group-39CA588449F8-LeaderElection4] INFO  impl.RoleInfo (RoleInfo.java:shutdownLeaderElection(134)) - f0d7c07d-0c9c-43c9-b90d-f56b2a8a0f48: shutdown LeaderElection
2019-10-15 21:42:42,397 [f0d7c07d-0c9c-43c9-b90d-f56b2a8a0f48@group-39CA588449F8-LeaderElection4] INFO  impl.RaftServerImpl (RaftServerImpl.java:setRole(184)) - f0d7c07d-0c9c-43c9-b90d-f56b2a8a0f48@group-39CA588449F8: changes role from CANDIDATE to LEADER at term 3 for changeToLeader
2019-10-15 21:42:42,397 [f0d7c07d-0c9c-43c9-b90d-f56b2a8a0f48@group-39CA588449F8-LeaderElection4] INFO  impl.RaftServerImpl (ServerState.java:setLeader(256)) - f0d7c07d-0c9c-43c9-b90d-f56b2a8a0f48@group-39CA588449F8: change Leader from null to f0d7c07d-0c9c-43c9-b90d-f56b2a8a0f48 at term 3 for becomeLeader, leader elected after 233ms
2019-10-15 21:42:42,397 [f0d7c07d-0c9c-43c9-b90d-f56b2a8a0f48@group-39CA588449F8-LeaderElection4] INFO  server.RaftServerConfigKeys (ConfUtils.java:logGet(43)) - raft.server.staging.catchup.gap = 1000 (default)
2019-10-15 21:42:42,397 [f0d7c07d-0c9c-43c9-b90d-f56b2a8a0f48@group-39CA588449F8-LeaderElection4] INFO  server.RaftServerConfigKeys (ConfUtils.java:logGet(43)) - raft.server.rpc.sleep.time = 25ms (default)
2019-10-15 21:42:42,398 [f0d7c07d-0c9c-43c9-b90d-f56b2a8a0f48@group-39CA588449F8-LeaderElection4] INFO  server.RaftServerConfigKeys (ConfUtils.java:logGet(43)) - raft.server.write.element-limit = 4096 (default)
2019-10-15 21:42:42,398 [f0d7c07d-0c9c-43c9-b90d-f56b2a8a0f48@group-39CA588449F8-LeaderElection4] INFO  server.RaftServerConfigKeys (ConfUtils.java:logGet(43)) - raft.server.watch.timeout = 10s (default)
2019-10-15 21:42:42,398 [f0d7c07d-0c9c-43c9-b90d-f56b2a8a0f48@group-39CA588449F8-LeaderElection4] INFO  server.RaftServerConfigKeys (ConfUtils.java:logGet(43)) - raft.server.watch.timeout.denomination = 1s (default)
2019-10-15 21:42:42,398 [f0d7c07d-0c9c-43c9-b90d-f56b2a8a0f48@group-39CA588449F8-LeaderElection4] INFO  server.RaftServerConfigKeys (ConfUtils.java:logGet(43)) - raft.server.watch.element-limit = 65536 (default)
2019-10-15 21:42:42,403 [f0d7c07d-0c9c-43c9-b90d-f56b2a8a0f48@group-39CA588449F8-LeaderElection4] INFO  server.RaftServerConfigKeys (ConfUtils.java:logGet(43)) - raft.server.log.appender.snapshot.chunk.size.max = 16MB (=16777216) (default)
2019-10-15 21:42:42,404 [f0d7c07d-0c9c-43c9-b90d-f56b2a8a0f48@group-39CA588449F8-LeaderElection4] INFO  server.RaftServerConfigKeys (ConfUtils.java:logGet(43)) - raft.server.log.appender.buffer.byte-limit = 33554432 (custom)
2019-10-15 21:42:42,404 [f0d7c07d-0c9c-43c9-b90d-f56b2a8a0f48@group-39CA588449F8-LeaderElection4] INFO  server.RaftServerConfigKeys (ConfUtils.java:logGet(43)) - raft.server.log.appender.buffer.element-limit = 1 (custom)
2019-10-15 21:42:42,406 [11421ab1-19cb-4764-b505-ce794efeb49e@group-39CA588449F8-LeaderElection6] INFO  impl.LeaderElection (LeaderElection.java:askForVotes(178)) - 11421ab1-19cb-4764-b505-ce794efeb49e@group-39CA588449F8-LeaderElection6: begin an election at term 4 for -1: [2e9fa5e4-44d4-40da-9b1b-fd170634e70a:192.168.34.60:33194, 11421ab1-19cb-4764-b505-ce794efeb49e:192.168.34.60:42577, f0d7c07d-0c9c-43c9-b90d-f56b2a8a0f48:192.168.34.60:40619], old=null
2019-10-15 21:42:42,408 [f0d7c07d-0c9c-43c9-b90d-f56b2a8a0f48@group-39CA588449F8-LeaderElection4] INFO  grpc.GrpcConfigKeys$Server (ConfUtils.java:logGet(43)) - raft.grpc.server.leader.outstanding.appends.max = 128 (default)
2019-10-15 21:42:42,411 [f0d7c07d-0c9c-43c9-b90d-f56b2a8a0f48@group-39CA588449F8-LeaderElection4] INFO  server.RaftServerConfigKeys (ConfUtils.java:logGet(43)) - raft.server.rpc.request.timeout = 3000ms (default)
2019-10-15 21:42:42,411 [f0d7c07d-0c9c-43c9-b90d-f56b2a8a0f48@group-39CA588449F8-LeaderElection4] INFO  server.RaftServerConfigKeys (ConfUtils.java:logGet(43)) - raft.server.log.appender.install.snapshot.enabled = false (custom)
2019-10-15 21:42:42,415 [grpc-default-executor-0] INFO  impl.RaftServerImpl (RaftServerImpl.java:setRole(184)) - 2e9fa5e4-44d4-40da-9b1b-fd170634e70a@group-39CA588449F8: changes role from  FOLLOWER to FOLLOWER at term 4 for recognizeCandidate:11421ab1-19cb-4764-b505-ce794efeb49e
2019-10-15 21:42:42,416 [grpc-default-executor-0] INFO  impl.RoleInfo (RoleInfo.java:shutdownFollowerState(121)) - 2e9fa5e4-44d4-40da-9b1b-fd170634e70a: shutdown FollowerState
2019-10-15 21:42:42,416 [Thread-223] INFO  impl.FollowerState (FollowerState.java:run(117)) - 2e9fa5e4-44d4-40da-9b1b-fd170634e70a@group-39CA588449F8-FollowerState was interrupted: java.lang.InterruptedException: sleep interrupted
2019-10-15 21:42:42,416 [grpc-default-executor-0] INFO  impl.RoleInfo (RoleInfo.java:updateAndGet(143)) - 2e9fa5e4-44d4-40da-9b1b-fd170634e70a: start FollowerState
2019-10-15 21:42:42,418 [f0d7c07d-0c9c-43c9-b90d-f56b2a8a0f48@group-39CA588449F8-LeaderElection4] INFO  server.RaftServerConfigKeys (ConfUtils.java:logGet(43)) - raft.server.log.appender.snapshot.chunk.size.max = 16MB (=16777216) (default)
2019-10-15 21:42:42,418 [f0d7c07d-0c9c-43c9-b90d-f56b2a8a0f48@group-39CA588449F8-LeaderElection4] INFO  server.RaftServerConfigKeys (ConfUtils.java:logGet(43)) - raft.server.log.appender.buffer.byte-limit = 33554432 (custom)
2019-10-15 21:42:42,418 [f0d7c07d-0c9c-43c9-b90d-f56b2a8a0f48@group-39CA588449F8-LeaderElection4] INFO  server.RaftServerConfigKeys (ConfUtils.java:logGet(43)) - raft.server.log.appender.buffer.element-limit = 1 (custom)
2019-10-15 21:42:42,418 [f0d7c07d-0c9c-43c9-b90d-f56b2a8a0f48@group-39CA588449F8-LeaderElection4] INFO  grpc.GrpcConfigKeys$Server (ConfUtils.java:logGet(43)) - raft.grpc.server.leader.outstanding.appends.max = 128 (default)
2019-10-15 21:42:42,418 [f0d7c07d-0c9c-43c9-b90d-f56b2a8a0f48@group-39CA588449F8-LeaderElection4] INFO  server.RaftServerConfigKeys (ConfUtils.java:logGet(43)) - raft.server.rpc.request.timeout = 3000ms (default)
2019-10-15 21:42:42,418 [f0d7c07d-0c9c-43c9-b90d-f56b2a8a0f48@group-39CA588449F8-LeaderElection4] INFO  server.RaftServerConfigKeys (ConfUtils.java:logGet(43)) - raft.server.log.appender.install.snapshot.enabled = false (custom)
2019-10-15 21:42:42,423 [f0d7c07d-0c9c-43c9-b90d-f56b2a8a0f48@group-39CA588449F8-LeaderElection4] INFO  impl.RoleInfo (RoleInfo.java:updateAndGet(143)) - f0d7c07d-0c9c-43c9-b90d-f56b2a8a0f48: start LeaderState
2019-10-15 21:42:42,424 [f0d7c07d-0c9c-43c9-b90d-f56b2a8a0f48@group-39CA588449F8-LeaderElection4] INFO  segmented.SegmentedRaftLogWorker (SegmentedRaftLogWorker.java:startLogSegment(385)) - f0d7c07d-0c9c-43c9-b90d-f56b2a8a0f48@group-39CA588449F8-SegmentedRaftLogWorker: Starting segment from index:0
2019-10-15 21:42:42,425 [f0d7c07d-0c9c-43c9-b90d-f56b2a8a0f48@group-39CA588449F8-LeaderElection4] INFO  impl.RaftServerImpl (ServerState.java:setRaftConf(357)) - f0d7c07d-0c9c-43c9-b90d-f56b2a8a0f48@group-39CA588449F8: set configuration 0: [2e9fa5e4-44d4-40da-9b1b-fd170634e70a:192.168.34.60:33194, 11421ab1-19cb-4764-b505-ce794efeb49e:192.168.34.60:42577, f0d7c07d-0c9c-43c9-b90d-f56b2a8a0f48:192.168.34.60:40619], old=null at 0
2019-10-15 21:42:42,462 [grpc-default-executor-3] INFO  impl.RaftServerImpl (ServerState.java:setLeader(256)) - f0d7c07d-0c9c-43c9-b90d-f56b2a8a0f48@group-39CA588449F8: change Leader from f0d7c07d-0c9c-43c9-b90d-f56b2a8a0f48 to null at term 4 for updateCurrentTerm
2019-10-15 21:42:42,462 [grpc-default-executor-3] INFO  impl.RaftServerImpl (RaftServerImpl.java:setRole(184)) - f0d7c07d-0c9c-43c9-b90d-f56b2a8a0f48@group-39CA588449F8: changes role from    LEADER to FOLLOWER at term 4 for recognizeCandidate:11421ab1-19cb-4764-b505-ce794efeb49e
2019-10-15 21:42:42,462 [grpc-default-executor-3] INFO  impl.RoleInfo (RoleInfo.java:shutdownLeaderState(104)) - f0d7c07d-0c9c-43c9-b90d-f56b2a8a0f48: shutdown LeaderState
2019-10-15 21:42:42,466 [grpc-default-executor-3] INFO  impl.PendingRequests (PendingRequests.java:sendNotLeaderResponses(202)) - f0d7c07d-0c9c-43c9-b90d-f56b2a8a0f48@group-39CA588449F8-PendingRequests: sendNotLeaderResponses
2019-10-15 21:42:42,468 [11421ab1-19cb-4764-b505-ce794efeb49e@group-39CA588449F8-LeaderElection6] INFO  impl.LeaderElection (LeaderElection.java:logAndReturn(56)) - 11421ab1-19cb-4764-b505-ce794efeb49e@group-39CA588449F8-LeaderElection6: Election PASSED; received 1 response(s) [11421ab1-19cb-4764-b505-ce794efeb49e<-2e9fa5e4-44d4-40da-9b1b-fd170634e70a#0:OK-t4] and 0 exception(s); 11421ab1-19cb-4764-b505-ce794efeb49e@group-39CA588449F8:t4, leader=null, voted=11421ab1-19cb-4764-b505-ce794efeb49e, raftlog=11421ab1-19cb-4764-b505-ce794efeb49e@group-39CA588449F8-SegmentedRaftLog:OPENED:c-1,f-1,i0, conf=-1: [2e9fa5e4-44d4-40da-9b1b-fd170634e70a:192.168.34.60:33194, 11421ab1-19cb-4764-b505-ce794efeb49e:192.168.34.60:42577, f0d7c07d-0c9c-43c9-b90d-f56b2a8a0f48:192.168.34.60:40619], old=null
2019-10-15 21:42:42,469 [11421ab1-19cb-4764-b505-ce794efeb49e@group-39CA588449F8-LeaderElection6] INFO  impl.RoleInfo (RoleInfo.java:shutdownLeaderElection(134)) - 11421ab1-19cb-4764-b505-ce794efeb49e: shutdown LeaderElection
2019-10-15 21:42:42,470 [11421ab1-19cb-4764-b505-ce794efeb49e@group-39CA588449F8-LeaderElection6] INFO  impl.RaftServerImpl (RaftServerImpl.java:setRole(184)) - 11421ab1-19cb-4764-b505-ce794efeb49e@group-39CA588449F8: changes role from CANDIDATE to LEADER at term 4 for changeToLeader
2019-10-15 21:42:42,470 [11421ab1-19cb-4764-b505-ce794efeb49e@group-39CA588449F8-LeaderElection6] INFO  impl.RaftServerImpl (ServerState.java:setLeader(256)) - 11421ab1-19cb-4764-b505-ce794efeb49e@group-39CA588449F8: change Leader from null to 11421ab1-19cb-4764-b505-ce794efeb49e at term 4 for becomeLeader, leader elected after 306ms
2019-10-15 21:42:42,471 [11421ab1-19cb-4764-b505-ce794efeb49e@group-39CA588449F8-LeaderElection6] INFO  server.RaftServerConfigKeys (ConfUtils.java:logGet(43)) - raft.server.staging.catchup.gap = 1000 (default)
2019-10-15 21:42:42,471 [11421ab1-19cb-4764-b505-ce794efeb49e@group-39CA588449F8-LeaderElection6] INFO  server.RaftServerConfigKeys (ConfUtils.java:logGet(43)) - raft.server.rpc.sleep.time = 25ms (default)
2019-10-15 21:42:42,471 [grpc-default-executor-3] INFO  impl.RoleInfo (RoleInfo.java:updateAndGet(143)) - f0d7c07d-0c9c-43c9-b90d-f56b2a8a0f48: start FollowerState
2019-10-15 21:42:42,471 [11421ab1-19cb-4764-b505-ce794efeb49e@group-39CA588449F8-LeaderElection6] INFO  server.RaftServerConfigKeys (ConfUtils.java:logGet(43)) - raft.server.write.element-limit = 4096 (default)
2019-10-15 21:42:42,472 [11421ab1-19cb-4764-b505-ce794efeb49e@group-39CA588449F8-LeaderElection6] INFO  server.RaftServerConfigKeys (ConfUtils.java:logGet(43)) - raft.server.watch.timeout = 10s (default)
2019-10-15 21:42:42,472 [11421ab1-19cb-4764-b505-ce794efeb49e@group-39CA588449F8-LeaderElection6] INFO  server.RaftServerConfigKeys (ConfUtils.java:logGet(43)) - raft.server.watch.timeout.denomination = 1s (default)
2019-10-15 21:42:42,472 [11421ab1-19cb-4764-b505-ce794efeb49e@group-39CA588449F8-LeaderElection6] INFO  server.RaftServerConfigKeys (ConfUtils.java:logGet(43)) - raft.server.watch.element-limit = 65536 (default)
2019-10-15 21:42:42,475 [f0d7c07d-0c9c-43c9-b90d-f56b2a8a0f48@group-39CA588449F8-SegmentedRaftLogWorker] INFO  segmented.SegmentedRaftLogWorker (SegmentedRaftLogWorker.java:execute(576)) - f0d7c07d-0c9c-43c9-b90d-f56b2a8a0f48@group-39CA588449F8-SegmentedRaftLogWorker: created new log segment /workdir/hadoop-ozone/integration-test/target/test-dir/MiniOzoneClusterImpl-06fd8024-f1f0-4e91-aaba-ceaeb81d3c97/datanode-0/data/ratis/a3e553f0-b812-4dfc-8692-39ca588449f8/current/log_inprogress_0
2019-10-15 21:42:42,475 [11421ab1-19cb-4764-b505-ce794efeb49e@group-39CA588449F8-LeaderElection6] INFO  server.RaftServerConfigKeys (ConfUtils.java:logGet(43)) - raft.server.log.appender.snapshot.chunk.size.max = 16MB (=16777216) (default)
2019-10-15 21:42:42,475 [11421ab1-19cb-4764-b505-ce794efeb49e@group-39CA588449F8-LeaderElection6] INFO  server.RaftServerConfigKeys (ConfUtils.java:logGet(43)) - raft.server.log.appender.buffer.byte-limit = 33554432 (custom)
2019-10-15 21:42:42,475 [11421ab1-19cb-4764-b505-ce794efeb49e@group-39CA588449F8-LeaderElection6] INFO  server.RaftServerConfigKeys (ConfUtils.java:logGet(43)) - raft.server.log.appender.buffer.element-limit = 1 (custom)
2019-10-15 21:42:42,476 [11421ab1-19cb-4764-b505-ce794efeb49e@group-39CA588449F8-LeaderElection6] INFO  grpc.GrpcConfigKeys$Server (ConfUtils.java:logGet(43)) - raft.grpc.server.leader.outstanding.appends.max = 128 (default)
2019-10-15 21:42:42,476 [11421ab1-19cb-4764-b505-ce794efeb49e@group-39CA588449F8-LeaderElection6] INFO  server.RaftServerConfigKeys (ConfUtils.java:logGet(43)) - raft.server.rpc.request.timeout = 3000ms (default)
2019-10-15 21:42:42,477 [11421ab1-19cb-4764-b505-ce794efeb49e@group-39CA588449F8-LeaderElection6] INFO  server.RaftServerConfigKeys (ConfUtils.java:logGet(43)) - raft.server.log.appender.install.snapshot.enabled = false (custom)
2019-10-15 21:42:42,477 [org.apache.ratis.server.impl.LogAppender$AppenderDaemon$$Lambda$453/123519814@21b3af8c] WARN  server.GrpcLogAppender (GrpcLogAppender.java:mayWait(149)) - f0d7c07d-0c9c-43c9-b90d-f56b2a8a0f48@group-39CA588449F8->2e9fa5e4-44d4-40da-9b1b-fd170634e70a-GrpcLogAppender: Wait interrupted by java.lang.InterruptedException
2019-10-15 21:42:42,478 [org.apache.ratis.server.impl.LogAppender$AppenderDaemon$$Lambda$453/123519814@645382ec] WARN  server.GrpcLogAppender (GrpcLogAppender.java:mayWait(149)) - f0d7c07d-0c9c-43c9-b90d-f56b2a8a0f48@group-39CA588449F8->11421ab1-19cb-4764-b505-ce794efeb49e-GrpcLogAppender: Wait interrupted by java.lang.InterruptedException
2019-10-15 21:42:42,482 [11421ab1-19cb-4764-b505-ce794efeb49e@group-39CA588449F8-LeaderElection6] INFO  server.RaftServerConfigKeys (ConfUtils.java:logGet(43)) - raft.server.log.appender.snapshot.chunk.size.max = 16MB (=16777216) (default)
2019-10-15 21:42:42,483 [11421ab1-19cb-4764-b505-ce794efeb49e@group-39CA588449F8-LeaderElection6] INFO  server.RaftServerConfigKeys (ConfUtils.java:logGet(43)) - raft.server.log.appender.buffer.byte-limit = 33554432 (custom)
2019-10-15 21:42:42,483 [11421ab1-19cb-4764-b505-ce794efeb49e@group-39CA588449F8-LeaderElection6] INFO  server.RaftServerConfigKeys (ConfUtils.java:logGet(43)) - raft.server.log.appender.buffer.element-limit = 1 (custom)
2019-10-15 21:42:42,483 [11421ab1-19cb-4764-b505-ce794efeb49e@group-39CA588449F8-LeaderElection6] INFO  grpc.GrpcConfigKeys$Server (ConfUtils.java:logGet(43)) - raft.grpc.server.leader.outstanding.appends.max = 128 (default)
2019-10-15 21:42:42,484 [11421ab1-19cb-4764-b505-ce794efeb49e@group-39CA588449F8-LeaderElection6] INFO  server.RaftServerConfigKeys (ConfUtils.java:logGet(43)) - raft.server.rpc.request.timeout = 3000ms (default)
2019-10-15 21:42:42,484 [11421ab1-19cb-4764-b505-ce794efeb49e@group-39CA588449F8-LeaderElection6] INFO  server.RaftServerConfigKeys (ConfUtils.java:logGet(43)) - raft.server.log.appender.install.snapshot.enabled = false (custom)
2019-10-15 21:42:42,485 [11421ab1-19cb-4764-b505-ce794efeb49e@group-39CA588449F8-LeaderElection6] INFO  impl.RoleInfo (RoleInfo.java:updateAndGet(143)) - 11421ab1-19cb-4764-b505-ce794efeb49e: start LeaderState
2019-10-15 21:42:42,486 [11421ab1-19cb-4764-b505-ce794efeb49e@group-39CA588449F8-LeaderElection6] INFO  segmented.SegmentedRaftLogWorker (SegmentedRaftLogWorker.java:startLogSegment(385)) - 11421ab1-19cb-4764-b505-ce794efeb49e@group-39CA588449F8-SegmentedRaftLogWorker: Starting segment from index:0
2019-10-15 21:42:42,486 [grpc-default-executor-0] INFO  server.GrpcServerProtocolService (GrpcServerProtocolService.java:onCompleted(113)) - 2e9fa5e4-44d4-40da-9b1b-fd170634e70a: Completed APPEND_ENTRIES, lastRequest: null
2019-10-15 21:42:42,521 [11421ab1-19cb-4764-b505-ce794efeb49e@group-39CA588449F8-LeaderElection6] INFO  impl.RaftServerImpl (ServerState.java:setRaftConf(357)) - 11421ab1-19cb-4764-b505-ce794efeb49e@group-39CA588449F8: set configuration 0: [2e9fa5e4-44d4-40da-9b1b-fd170634e70a:192.168.34.60:33194, 11421ab1-19cb-4764-b505-ce794efeb49e:192.168.34.60:42577, f0d7c07d-0c9c-43c9-b90d-f56b2a8a0f48:192.168.34.60:40619], old=null at 0
2019-10-15 21:42:42,486 [grpc-default-executor-3] INFO  server.GrpcServerProtocolService (GrpcServerProtocolService.java:onCompleted(113)) - 11421ab1-19cb-4764-b505-ce794efeb49e: Completed APPEND_ENTRIES, lastRequest: null
2019-10-15 21:42:42,524 [grpc-default-executor-0] INFO  server.GrpcLogAppender (GrpcLogAppender.java:onCompleted(308)) - f0d7c07d-0c9c-43c9-b90d-f56b2a8a0f48@group-39CA588449F8->2e9fa5e4-44d4-40da-9b1b-fd170634e70a-AppendLogResponseHandler: follower responses appendEntries COMPLETED
2019-10-15 21:42:42,524 [grpc-default-executor-3] INFO  server.GrpcLogAppender (GrpcLogAppender.java:onCompleted(308)) - f0d7c07d-0c9c-43c9-b90d-f56b2a8a0f48@group-39CA588449F8->11421ab1-19cb-4764-b505-ce794efeb49e-AppendLogResponseHandler: follower responses appendEntries COMPLETED
2019-10-15 21:42:42,529 [grpc-default-executor-0] INFO  impl.FollowerInfo (FollowerInfo.java:lambda$new$0(51)) - f0d7c07d-0c9c-43c9-b90d-f56b2a8a0f48@group-39CA588449F8->2e9fa5e4-44d4-40da-9b1b-fd170634e70a: nextIndex: updateUnconditionally 0 -> 0
2019-10-15 21:42:42,533 [11421ab1-19cb-4764-b505-ce794efeb49e@group-39CA588449F8-SegmentedRaftLogWorker] INFO  segmented.SegmentedRaftLogWorker (SegmentedRaftLogWorker.java:execute(576)) - 11421ab1-19cb-4764-b505-ce794efeb49e@group-39CA588449F8-SegmentedRaftLogWorker: created new log segment /workdir/hadoop-ozone/integration-test/target/test-dir/MiniOzoneClusterImpl-06fd8024-f1f0-4e91-aaba-ceaeb81d3c97/datanode-1/data/ratis/a3e553f0-b812-4dfc-8692-39ca588449f8/current/log_inprogress_0
2019-10-15 21:42:42,534 [grpc-default-executor-3] INFO  impl.FollowerInfo (FollowerInfo.java:lambda$new$0(51)) - f0d7c07d-0c9c-43c9-b90d-f56b2a8a0f48@group-39CA588449F8->11421ab1-19cb-4764-b505-ce794efeb49e: nextIndex: updateUnconditionally 0 -> 0
2019-10-15 21:42:42,541 [grpc-default-executor-0] INFO  impl.RaftServerImpl (ServerState.java:setLeader(256)) - f0d7c07d-0c9c-43c9-b90d-f56b2a8a0f48@group-39CA588449F8: change Leader from null to 11421ab1-19cb-4764-b505-ce794efeb49e at term 4 for appendEntries, leader elected after 78ms
2019-10-15 21:42:42,541 [grpc-default-executor-2] INFO  impl.RaftServerImpl (ServerState.java:setLeader(256)) - 2e9fa5e4-44d4-40da-9b1b-fd170634e70a@group-39CA588449F8: change Leader from null to 11421ab1-19cb-4764-b505-ce794efeb49e at term 4 for appendEntries, leader elected after 376ms
2019-10-15 21:42:42,570 [grpc-default-executor-0] INFO  impl.RaftServerImpl (ServerState.java:setRaftConf(357)) - 2e9fa5e4-44d4-40da-9b1b-fd170634e70a@group-39CA588449F8: set configuration 0: [2e9fa5e4-44d4-40da-9b1b-fd170634e70a:192.168.34.60:33194, 11421ab1-19cb-4764-b505-ce794efeb49e:192.168.34.60:42577, f0d7c07d-0c9c-43c9-b90d-f56b2a8a0f48:192.168.34.60:40619], old=null at 0
2019-10-15 21:42:42,570 [grpc-default-executor-2] INFO  impl.RaftServerImpl (ServerState.java:setRaftConf(357)) - f0d7c07d-0c9c-43c9-b90d-f56b2a8a0f48@group-39CA588449F8: set configuration 0: [2e9fa5e4-44d4-40da-9b1b-fd170634e70a:192.168.34.60:33194, 11421ab1-19cb-4764-b505-ce794efeb49e:192.168.34.60:42577, f0d7c07d-0c9c-43c9-b90d-f56b2a8a0f48:192.168.34.60:40619], old=null at 0
2019-10-15 21:42:42,570 [grpc-default-executor-0] INFO  segmented.SegmentedRaftLogWorker (SegmentedRaftLogWorker.java:startLogSegment(385)) - 2e9fa5e4-44d4-40da-9b1b-fd170634e70a@group-39CA588449F8-SegmentedRaftLogWorker: Starting segment from index:0
2019-10-15 21:42:42,573 [grpc-default-executor-2] INFO  segmented.SegmentedRaftLogWorker (SegmentedRaftLogWorker.java:truncate(401)) - f0d7c07d-0c9c-43c9-b90d-f56b2a8a0f48@group-39CA588449F8-SegmentedRaftLogWorker: Truncating segments toTruncate: null
  toDelete: [(0, 0) isOpen? true, length=0, newEndIndex=-1], start index 0
2019-10-15 21:42:42,574 [grpc-default-executor-2] INFO  segmented.SegmentedRaftLogWorker (SegmentedRaftLogWorker.java:startLogSegment(385)) - f0d7c07d-0c9c-43c9-b90d-f56b2a8a0f48@group-39CA588449F8-SegmentedRaftLogWorker: Starting segment from index:0
2019-10-15 21:42:42,610 [f0d7c07d-0c9c-43c9-b90d-f56b2a8a0f48@group-39CA588449F8-SegmentedRaftLogWorker] INFO  segmented.SegmentedRaftLogWorker (SegmentedRaftLogWorker.java:execute(640)) - f0d7c07d-0c9c-43c9-b90d-f56b2a8a0f48@group-39CA588449F8-SegmentedRaftLogWorker: Deleted log file /workdir/hadoop-ozone/integration-test/target/test-dir/MiniOzoneClusterImpl-06fd8024-f1f0-4e91-aaba-ceaeb81d3c97/datanode-0/data/ratis/a3e553f0-b812-4dfc-8692-39ca588449f8/current/log_inprogress_0
2019-10-15 21:42:42,610 [f0d7c07d-0c9c-43c9-b90d-f56b2a8a0f48@group-39CA588449F8-SegmentedRaftLogWorker] INFO  segmented.SegmentedRaftLogWorker (SegmentedRaftLogWorker.java:lambda$new$0(128)) - f0d7c07d-0c9c-43c9-b90d-f56b2a8a0f48@group-39CA588449F8-SegmentedRaftLogWorker: flushIndex: setUnconditionally 0 -> -1
2019-10-15 21:42:42,619 [2e9fa5e4-44d4-40da-9b1b-fd170634e70a@group-39CA588449F8-SegmentedRaftLogWorker] INFO  segmented.SegmentedRaftLogWorker (SegmentedRaftLogWorker.java:execute(576)) - 2e9fa5e4-44d4-40da-9b1b-fd170634e70a@group-39CA588449F8-SegmentedRaftLogWorker: created new log segment /workdir/hadoop-ozone/integration-test/target/test-dir/MiniOzoneClusterImpl-06fd8024-f1f0-4e91-aaba-ceaeb81d3c97/datanode-2/data/ratis/a3e553f0-b812-4dfc-8692-39ca588449f8/current/log_inprogress_0
2019-10-15 21:42:42,663 [f0d7c07d-0c9c-43c9-b90d-f56b2a8a0f48@group-39CA588449F8-SegmentedRaftLogWorker] INFO  segmented.SegmentedRaftLogWorker (SegmentedRaftLogWorker.java:execute(576)) - f0d7c07d-0c9c-43c9-b90d-f56b2a8a0f48@group-39CA588449F8-SegmentedRaftLogWorker: created new log segment /workdir/hadoop-ozone/integration-test/target/test-dir/MiniOzoneClusterImpl-06fd8024-f1f0-4e91-aaba-ceaeb81d3c97/datanode-0/data/ratis/a3e553f0-b812-4dfc-8692-39ca588449f8/current/log_inprogress_0
2019-10-15 21:42:43,430 [main] INFO  rpc.RpcClient (RpcClient.java:createVolume(272)) - Creating Volume: testcontainerstatemachinefailures, with jenkins1000 as owner.
2019-10-15 21:42:43,537 [IPC Server handler 18 on 32959] INFO  volume.OMVolumeCreateRequest (OMVolumeCreateRequest.java:validateAndUpdateCache(193)) - created volume:testcontainerstatemachinefailures for user:jenkins1000
2019-10-15 21:42:43,567 [main] INFO  rpc.RpcClient (RpcClient.java:createBucket(411)) - Creating Bucket: testcontainerstatemachinefailures/testcontainerstatemachinefailures, with Versioning false and Storage Type set to DISK and Encryption set to false 
2019-10-15 21:42:43,746 [main] INFO  impl.MetricsSystemImpl (MetricsSystemImpl.java:init(158)) - XceiverClientMetrics metrics system started (again)
2019-10-15 21:42:44,126 [Thread-181] INFO  container.ReplicationManager (ReplicationManager.java:start(162)) - Starting Replication Monitor Thread.
2019-10-15 21:42:44,130 [ReplicationMonitor] INFO  container.ReplicationManager (ReplicationManager.java:run(225)) - Replication Monitor Thread took 0 milliseconds for processing 1 containers.
2019-10-15 21:42:44,186 [Datanode State Machine Thread - 0] INFO  statemachine.DatanodeStateMachine (DatanodeStateMachine.java:lambda$startDaemon$0(350)) - Ozone container server started.
2019-10-15 21:42:49,145 [main] INFO  ozoneimpl.OzoneContainer (OzoneContainer.java:stop(227)) - Attempting to stop container services.
2019-10-15 21:42:49,147 [main] INFO  impl.RaftServerProxy (RaftServerProxy.java:lambda$close$4(314)) - 2e9fa5e4-44d4-40da-9b1b-fd170634e70a: close
2019-10-15 21:42:49,148 [main] INFO  impl.RaftServerImpl (RaftServerImpl.java:lambda$shutdown$3(261)) - 2e9fa5e4-44d4-40da-9b1b-fd170634e70a@group-69CF5BDEF1F3: shutdown
2019-10-15 21:42:49,149 [main] INFO  util.JmxRegister (JmxRegister.java:unregister(73)) - Successfully un-registered JMX Bean with object name Ratis:service=RaftServer,group=group-69CF5BDEF1F3,id=2e9fa5e4-44d4-40da-9b1b-fd170634e70a
2019-10-15 21:42:49,149 [main] INFO  impl.RoleInfo (RoleInfo.java:shutdownLeaderState(104)) - 2e9fa5e4-44d4-40da-9b1b-fd170634e70a: shutdown LeaderState
2019-10-15 21:42:49,150 [main] INFO  impl.PendingRequests (PendingRequests.java:sendNotLeaderResponses(202)) - 2e9fa5e4-44d4-40da-9b1b-fd170634e70a@group-69CF5BDEF1F3-PendingRequests: sendNotLeaderResponses
2019-10-15 21:42:49,151 [main] INFO  impl.StateMachineUpdater (StateMachineUpdater.java:stopAndJoin(136)) - 2e9fa5e4-44d4-40da-9b1b-fd170634e70a@group-69CF5BDEF1F3-StateMachineUpdater: set stopIndex = 0
2019-10-15 21:42:49,153 [main] INFO  impl.RaftServerImpl (ServerState.java:close(388)) - 2e9fa5e4-44d4-40da-9b1b-fd170634e70a@group-69CF5BDEF1F3: closes. applyIndex: 0
2019-10-15 21:42:49,154 [2e9fa5e4-44d4-40da-9b1b-fd170634e70a@group-69CF5BDEF1F3-SegmentedRaftLogWorker] INFO  segmented.SegmentedRaftLogWorker (SegmentedRaftLogWorker.java:run(316)) - 2e9fa5e4-44d4-40da-9b1b-fd170634e70a@group-69CF5BDEF1F3-SegmentedRaftLogWorker was interrupted, exiting. There are 0 tasks remaining in the queue.
2019-10-15 21:42:49,155 [main] INFO  segmented.SegmentedRaftLogWorker (SegmentedRaftLogWorker.java:close(224)) - 2e9fa5e4-44d4-40da-9b1b-fd170634e70a@group-69CF5BDEF1F3-SegmentedRaftLogWorker close()
2019-10-15 21:42:49,158 [main] INFO  impl.RaftServerImpl (RaftServerImpl.java:lambda$shutdown$3(261)) - 2e9fa5e4-44d4-40da-9b1b-fd170634e70a@group-39CA588449F8: shutdown
2019-10-15 21:42:49,158 [main] INFO  util.JmxRegister (JmxRegister.java:unregister(73)) - Successfully un-registered JMX Bean with object name Ratis:service=RaftServer,group=group-39CA588449F8,id=2e9fa5e4-44d4-40da-9b1b-fd170634e70a
2019-10-15 21:42:49,159 [main] INFO  impl.RoleInfo (RoleInfo.java:shutdownFollowerState(121)) - 2e9fa5e4-44d4-40da-9b1b-fd170634e70a: shutdown FollowerState
2019-10-15 21:42:49,159 [main] INFO  impl.StateMachineUpdater (StateMachineUpdater.java:stopAndJoin(136)) - 2e9fa5e4-44d4-40da-9b1b-fd170634e70a@group-39CA588449F8-StateMachineUpdater: set stopIndex = 4
2019-10-15 21:42:49,159 [2e9fa5e4-44d4-40da-9b1b-fd170634e70a@group-39CA588449F8-StateMachineUpdater] INFO  ratis.ContainerStateMachine (ContainerStateMachine.java:takeSnapshot(294)) - group-39CA588449F8: Taking a snapshot at:(t:4, i:3) file /workdir/hadoop-ozone/integration-test/target/test-dir/MiniOzoneClusterImpl-06fd8024-f1f0-4e91-aaba-ceaeb81d3c97/datanode-2/data/ratis/a3e553f0-b812-4dfc-8692-39ca588449f8/sm/snapshot.4_3
2019-10-15 21:42:49,159 [Thread-232] INFO  impl.FollowerState (FollowerState.java:run(117)) - 2e9fa5e4-44d4-40da-9b1b-fd170634e70a@group-39CA588449F8-FollowerState was interrupted: java.lang.InterruptedException: sleep interrupted
2019-10-15 21:42:49,273 [2e9fa5e4-44d4-40da-9b1b-fd170634e70a@group-39CA588449F8-StateMachineUpdater] INFO  ratis.ContainerStateMachine (ContainerStateMachine.java:takeSnapshot(305)) - group-39CA588449F8: Finished taking a snapshot at:(t:4, i:3) file:/workdir/hadoop-ozone/integration-test/target/test-dir/MiniOzoneClusterImpl-06fd8024-f1f0-4e91-aaba-ceaeb81d3c97/datanode-2/data/ratis/a3e553f0-b812-4dfc-8692-39ca588449f8/sm/snapshot.4_3 time:115
2019-10-15 21:42:49,274 [2e9fa5e4-44d4-40da-9b1b-fd170634e70a@group-39CA588449F8-StateMachineUpdater] INFO  impl.StateMachineUpdater (StateMachineUpdater.java:takeSnapshot(269)) - 2e9fa5e4-44d4-40da-9b1b-fd170634e70a@group-39CA588449F8-StateMachineUpdater: Took a snapshot at index 3
2019-10-15 21:42:49,276 [2e9fa5e4-44d4-40da-9b1b-fd170634e70a@group-39CA588449F8-StateMachineUpdater] INFO  impl.StateMachineUpdater (StateMachineUpdater.java:lambda$new$0(84)) - 2e9fa5e4-44d4-40da-9b1b-fd170634e70a@group-39CA588449F8-StateMachineUpdater: snapshotIndex: updateIncreasingly -1 -> 3
2019-10-15 21:42:49,278 [2e9fa5e4-44d4-40da-9b1b-fd170634e70a@group-39CA588449F8-StateMachineUpdater] INFO  ratis.ContainerStateMachine (ContainerStateMachine.java:takeSnapshot(294)) - group-39CA588449F8: Taking a snapshot at:(t:4, i:3) file /workdir/hadoop-ozone/integration-test/target/test-dir/MiniOzoneClusterImpl-06fd8024-f1f0-4e91-aaba-ceaeb81d3c97/datanode-2/data/ratis/a3e553f0-b812-4dfc-8692-39ca588449f8/sm/snapshot.4_3
2019-10-15 21:42:49,291 [2e9fa5e4-44d4-40da-9b1b-fd170634e70a@group-39CA588449F8-StateMachineUpdater] INFO  ratis.ContainerStateMachine (ContainerStateMachine.java:takeSnapshot(305)) - group-39CA588449F8: Finished taking a snapshot at:(t:4, i:3) file:/workdir/hadoop-ozone/integration-test/target/test-dir/MiniOzoneClusterImpl-06fd8024-f1f0-4e91-aaba-ceaeb81d3c97/datanode-2/data/ratis/a3e553f0-b812-4dfc-8692-39ca588449f8/sm/snapshot.4_3 time:12
2019-10-15 21:42:49,291 [2e9fa5e4-44d4-40da-9b1b-fd170634e70a@group-39CA588449F8-StateMachineUpdater] INFO  impl.StateMachineUpdater (StateMachineUpdater.java:takeSnapshot(269)) - 2e9fa5e4-44d4-40da-9b1b-fd170634e70a@group-39CA588449F8-StateMachineUpdater: Took a snapshot at index 3
2019-10-15 21:42:49,291 [2e9fa5e4-44d4-40da-9b1b-fd170634e70a@group-39CA588449F8-StateMachineUpdater] INFO  impl.StateMachineUpdater (StateMachineUpdater.java:lambda$new$0(84)) - 2e9fa5e4-44d4-40da-9b1b-fd170634e70a@group-39CA588449F8-StateMachineUpdater: snapshotIndex: updateIncreasingly 3 -> 3
2019-10-15 21:42:49,291 [main] INFO  impl.RaftServerImpl (ServerState.java:close(388)) - 2e9fa5e4-44d4-40da-9b1b-fd170634e70a@group-39CA588449F8: closes. applyIndex: 4
2019-10-15 21:42:49,292 [2e9fa5e4-44d4-40da-9b1b-fd170634e70a@group-39CA588449F8-SegmentedRaftLogWorker] INFO  segmented.SegmentedRaftLogWorker (SegmentedRaftLogWorker.java:run(316)) - 2e9fa5e4-44d4-40da-9b1b-fd170634e70a@group-39CA588449F8-SegmentedRaftLogWorker was interrupted, exiting. There are 0 tasks remaining in the queue.
2019-10-15 21:42:49,293 [main] INFO  segmented.SegmentedRaftLogWorker (SegmentedRaftLogWorker.java:close(224)) - 2e9fa5e4-44d4-40da-9b1b-fd170634e70a@group-39CA588449F8-SegmentedRaftLogWorker close()
2019-10-15 21:42:49,296 [main] INFO  server.GrpcService (GrpcService.java:closeImpl(164)) - 2e9fa5e4-44d4-40da-9b1b-fd170634e70a: shutdown server with port 33194 now
2019-10-15 21:42:49,303 [grpc-default-executor-2] WARN  server.GrpcServerProtocolService (LogUtils.java:warn(134)) - 2e9fa5e4-44d4-40da-9b1b-fd170634e70a: installSnapshot onError, lastRequest: 11421ab1-19cb-4764-b505-ce794efeb49e->2e9fa5e4-44d4-40da-9b1b-fd170634e70a#7-t4, previous=(t:4, i:4), leaderCommit=4, initializing? false, entries: <empty>: org.apache.ratis.thirdparty.io.grpc.StatusRuntimeException: CANCELLED: cancelled before receiving half close
2019-10-15 21:42:49,304 [main] INFO  server.GrpcService (GrpcService.java:closeImpl(172)) - 2e9fa5e4-44d4-40da-9b1b-fd170634e70a: shutdown server with port 33194 successfully
2019-10-15 21:42:49,306 [grpc-default-executor-3] WARN  server.GrpcLogAppender (LogUtils.java:warn(134)) - 11421ab1-19cb-4764-b505-ce794efeb49e@group-39CA588449F8->2e9fa5e4-44d4-40da-9b1b-fd170634e70a-AppendLogResponseHandler: Failed appendEntries: org.apache.ratis.thirdparty.io.grpc.StatusRuntimeException: CANCELLED: HTTP/2 error code: CANCEL
Received Rst Stream
2019-10-15 21:42:49,312 [refreshUsed-/workdir/hadoop-ozone/integration-test/target/test-dir/MiniOzoneClusterImpl-06fd8024-f1f0-4e91-aaba-ceaeb81d3c97/datanode-2/data/containers] WARN  fs.CachingGetSpaceUsed (CachingGetSpaceUsed.java:run(183)) - Thread Interrupted waiting to refresh disk information: sleep interrupted
2019-10-15 21:42:49,332 [main] INFO  utils.BackgroundService (BackgroundService.java:shutdown(151)) - Shutting down service BlockDeletingService
2019-10-15 21:42:49,337 [main] INFO  statemachine.DatanodeStateMachine (DatanodeStateMachine.java:stopDaemon(395)) - Ozone container server stopped.
2019-10-15 21:42:49,352 [main] INFO  handler.ContextHandler (ContextHandler.java:doStop(910)) - Stopped o.e.j.w.WebAppContext@43e9089{/,null,UNAVAILABLE}{/hddsDatanode}
2019-10-15 21:42:49,358 [main] INFO  server.AbstractConnector (AbstractConnector.java:doStop(318)) - Stopped ServerConnector@3c5dbdf8{HTTP/1.1,[http/1.1]}{0.0.0.0:0}
2019-10-15 21:42:49,359 [main] INFO  handler.ContextHandler (ContextHandler.java:doStop(910)) - Stopped o.e.j.s.ServletContextHandler@433348bc{/static,jar:file:/home/user/.m2/repository/org/apache/hadoop/hadoop-hdds-container-service/0.5.0-SNAPSHOT/hadoop-hdds-container-service-0.5.0-SNAPSHOT.jar!/webapps/static,UNAVAILABLE}
2019-10-15 21:42:49,359 [main] INFO  handler.ContextHandler (ContextHandler.java:doStop(910)) - Stopped o.e.j.s.ServletContextHandler@5fa23c{/logs,file:///workdir/hadoop-ozone/integration-test/target/log,UNAVAILABLE}
2019-10-15 21:42:52,368 [java.util.concurrent.ThreadPoolExecutor$Worker@18284111[State = -1, empty queue]] WARN  server.GrpcLogAppender (GrpcLogAppender.java:timeoutAppendRequest(209)) - 11421ab1-19cb-4764-b505-ce794efeb49e@group-39CA588449F8->2e9fa5e4-44d4-40da-9b1b-fd170634e70a-GrpcLogAppender: appendEntries Timeout, request=11421ab1-19cb-4764-b505-ce794efeb49e->2e9fa5e4-44d4-40da-9b1b-fd170634e70a#8-t4, previous=(t:4, i:4), leaderCommit=4, initializing? false, entries: size=1, first=(t:4, i:5), STATEMACHINELOGENTRY, client-D0B527BDC3D7, cid=8
2019-10-15 21:42:52,368 [java.util.concurrent.ThreadPoolExecutor$Worker@18284111[State = -1, empty queue]] WARN  server.GrpcLogAppender (GrpcLogAppender.java:timeoutAppendRequest(209)) - 11421ab1-19cb-4764-b505-ce794efeb49e@group-39CA588449F8->2e9fa5e4-44d4-40da-9b1b-fd170634e70a-GrpcLogAppender: appendEntries Timeout, request=11421ab1-19cb-4764-b505-ce794efeb49e->2e9fa5e4-44d4-40da-9b1b-fd170634e70a#9-t4, previous=(t:4, i:5), leaderCommit=4, initializing? false, entries: size=1, first=(t:4, i:6), STATEMACHINELOGENTRY, client-D0B527BDC3D7, cid=9
2019-10-15 21:42:52,381 [java.util.concurrent.ThreadPoolExecutor$Worker@18284111[State = -1, empty queue]] WARN  server.GrpcLogAppender (GrpcLogAppender.java:timeoutAppendRequest(209)) - 11421ab1-19cb-4764-b505-ce794efeb49e@group-39CA588449F8->2e9fa5e4-44d4-40da-9b1b-fd170634e70a-GrpcLogAppender: appendEntries Timeout, request=11421ab1-19cb-4764-b505-ce794efeb49e->2e9fa5e4-44d4-40da-9b1b-fd170634e70a#10-t4, previous=(t:4, i:6), leaderCommit=5, initializing? false, entries: size=1, first=(t:4, i:7), METADATAENTRY(c5)
2019-10-15 21:42:52,382 [java.util.concurrent.ThreadPoolExecutor$Worker@18284111[State = -1, empty queue]] WARN  server.GrpcLogAppender (GrpcLogAppender.java:timeoutAppendRequest(209)) - 11421ab1-19cb-4764-b505-ce794efeb49e@group-39CA588449F8->2e9fa5e4-44d4-40da-9b1b-fd170634e70a-GrpcLogAppender: appendEntries Timeout, request=11421ab1-19cb-4764-b505-ce794efeb49e->2e9fa5e4-44d4-40da-9b1b-fd170634e70a#11-t4, previous=(t:4, i:7), leaderCommit=6, initializing? false, entries: size=1, first=(t:4, i:8), METADATAENTRY(c6)
2019-10-15 21:42:54,885 [java.util.concurrent.ThreadPoolExecutor$Worker@18284111[State = -1, empty queue]] WARN  server.GrpcLogAppender (GrpcLogAppender.java:timeoutAppendRequest(209)) - 11421ab1-19cb-4764-b505-ce794efeb49e@group-39CA588449F8->2e9fa5e4-44d4-40da-9b1b-fd170634e70a-GrpcLogAppender: appendEntries Timeout, request=11421ab1-19cb-4764-b505-ce794efeb49e->2e9fa5e4-44d4-40da-9b1b-fd170634e70a#12-t4, previous=(t:4, i:8), leaderCommit=8, initializing? false, entries: <empty>
2019-10-15 21:42:57,386 [java.util.concurrent.ThreadPoolExecutor$Worker@18284111[State = -1, empty queue]] WARN  server.GrpcLogAppender (GrpcLogAppender.java:timeoutAppendRequest(209)) - 11421ab1-19cb-4764-b505-ce794efeb49e@group-39CA588449F8->2e9fa5e4-44d4-40da-9b1b-fd170634e70a-GrpcLogAppender: appendEntries Timeout, request=11421ab1-19cb-4764-b505-ce794efeb49e->2e9fa5e4-44d4-40da-9b1b-fd170634e70a#13-t4, previous=(t:4, i:8), leaderCommit=8, initializing? false, entries: <empty>
2019-10-15 21:42:59,760 [Thread-298] INFO  client.GrpcClientProtocolService (GrpcClientProtocolService.java:lambda$processClientRequest$0(278)) - Failed RaftClientRequest:client-D0B527BDC3D7->11421ab1-19cb-4764-b505-ce794efeb49e@group-39CA588449F8, cid=10, seq=0, Watch-ALL_COMMITTED(6), Message:<EMPTY>, reply=RaftClientReply:client-D0B527BDC3D7->11421ab1-19cb-4764-b505-ce794efeb49e@group-39CA588449F8, cid=10, FAILED org.apache.ratis.protocol.NotReplicatedException: Request with call Id 10 and log index 6 is not yet replicated to ALL_COMMITTED, logIndex=6, commits[11421ab1-19cb-4764-b505-ce794efeb49e:c8, 2e9fa5e4-44d4-40da-9b1b-fd170634e70a:c4, f0d7c07d-0c9c-43c9-b90d-f56b2a8a0f48:c8]
2019-10-15 21:42:59,887 [java.util.concurrent.ThreadPoolExecutor$Worker@18284111[State = -1, empty queue]] WARN  server.GrpcLogAppender (GrpcLogAppender.java:timeoutAppendRequest(209)) - 11421ab1-19cb-4764-b505-ce794efeb49e@group-39CA588449F8->2e9fa5e4-44d4-40da-9b1b-fd170634e70a-GrpcLogAppender: appendEntries Timeout, request=11421ab1-19cb-4764-b505-ce794efeb49e->2e9fa5e4-44d4-40da-9b1b-fd170634e70a#14-t4, previous=(t:4, i:8), leaderCommit=8, initializing? false, entries: <empty>
2019-10-15 21:43:02,388 [java.util.concurrent.ThreadPoolExecutor$Worker@18284111[State = -1, empty queue]] WARN  server.GrpcLogAppender (GrpcLogAppender.java:timeoutAppendRequest(209)) - 11421ab1-19cb-4764-b505-ce794efeb49e@group-39CA588449F8->2e9fa5e4-44d4-40da-9b1b-fd170634e70a-GrpcLogAppender: appendEntries Timeout, request=11421ab1-19cb-4764-b505-ce794efeb49e->2e9fa5e4-44d4-40da-9b1b-fd170634e70a#15-t4, previous=(t:4, i:8), leaderCommit=8, initializing? false, entries: <empty>
2019-10-15 21:43:04,893 [java.util.concurrent.ThreadPoolExecutor$Worker@18284111[State = -1, empty queue]] WARN  server.GrpcLogAppender (GrpcLogAppender.java:timeoutAppendRequest(209)) - 11421ab1-19cb-4764-b505-ce794efeb49e@group-39CA588449F8->2e9fa5e4-44d4-40da-9b1b-fd170634e70a-GrpcLogAppender: appendEntries Timeout, request=11421ab1-19cb-4764-b505-ce794efeb49e->2e9fa5e4-44d4-40da-9b1b-fd170634e70a#16-t4, previous=(t:4, i:8), leaderCommit=8, initializing? false, entries: <empty>
2019-10-15 21:43:07,394 [java.util.concurrent.ThreadPoolExecutor$Worker@18284111[State = -1, empty queue]] WARN  server.GrpcLogAppender (GrpcLogAppender.java:timeoutAppendRequest(209)) - 11421ab1-19cb-4764-b505-ce794efeb49e@group-39CA588449F8->2e9fa5e4-44d4-40da-9b1b-fd170634e70a-GrpcLogAppender: appendEntries Timeout, request=11421ab1-19cb-4764-b505-ce794efeb49e->2e9fa5e4-44d4-40da-9b1b-fd170634e70a#17-t4, previous=(t:4, i:8), leaderCommit=8, initializing? false, entries: <empty>
2019-10-15 21:43:09,455 [Thread-307] INFO  client.GrpcClientProtocolService (GrpcClientProtocolService.java:lambda$processClientRequest$0(278)) - Failed RaftClientRequest:client-D0B527BDC3D7->f0d7c07d-0c9c-43c9-b90d-f56b2a8a0f48@group-39CA588449F8, cid=10, seq=0, Watch-ALL_COMMITTED(6), Message:<EMPTY>, reply=RaftClientReply:client-D0B527BDC3D7->f0d7c07d-0c9c-43c9-b90d-f56b2a8a0f48@group-39CA588449F8, cid=10, FAILED org.apache.ratis.protocol.NotLeaderException: Server f0d7c07d-0c9c-43c9-b90d-f56b2a8a0f48@group-39CA588449F8 is not the leader 11421ab1-19cb-4764-b505-ce794efeb49e:192.168.34.60:42577, logIndex=0, commits[f0d7c07d-0c9c-43c9-b90d-f56b2a8a0f48:c8, 2e9fa5e4-44d4-40da-9b1b-fd170634e70a:c4, 11421ab1-19cb-4764-b505-ce794efeb49e:c8]
2019-10-15 21:43:09,756 [Thread-310] INFO  client.GrpcClientProtocolService (GrpcClientProtocolService.java:lambda$processClientRequest$0(278)) - Failed RaftClientRequest:client-D0B527BDC3D7->11421ab1-19cb-4764-b505-ce794efeb49e@group-39CA588449F8, cid=10, seq=0, Watch-ALL_COMMITTED(6), Message:<EMPTY>, reply=RaftClientReply:client-D0B527BDC3D7->11421ab1-19cb-4764-b505-ce794efeb49e@group-39CA588449F8, cid=10, FAILED org.apache.ratis.protocol.NotReplicatedException: Request with call Id 10 and log index 6 is not yet replicated to ALL_COMMITTED, logIndex=6, commits[11421ab1-19cb-4764-b505-ce794efeb49e:c8, 2e9fa5e4-44d4-40da-9b1b-fd170634e70a:c4, f0d7c07d-0c9c-43c9-b90d-f56b2a8a0f48:c8]
2019-10-15 21:43:09,895 [java.util.concurrent.ThreadPoolExecutor$Worker@18284111[State = -1, empty queue]] WARN  server.GrpcLogAppender (GrpcLogAppender.java:timeoutAppendRequest(209)) - 11421ab1-19cb-4764-b505-ce794efeb49e@group-39CA588449F8->2e9fa5e4-44d4-40da-9b1b-fd170634e70a-GrpcLogAppender: appendEntries Timeout, request=11421ab1-19cb-4764-b505-ce794efeb49e->2e9fa5e4-44d4-40da-9b1b-fd170634e70a#18-t4, previous=(t:4, i:8), leaderCommit=8, initializing? false, entries: <empty>
2019-10-15 21:43:12,396 [java.util.concurrent.ThreadPoolExecutor$Worker@18284111[State = -1, empty queue]] WARN  server.GrpcLogAppender (GrpcLogAppender.java:timeoutAppendRequest(209)) - 11421ab1-19cb-4764-b505-ce794efeb49e@group-39CA588449F8->2e9fa5e4-44d4-40da-9b1b-fd170634e70a-GrpcLogAppender: appendEntries Timeout, request=11421ab1-19cb-4764-b505-ce794efeb49e->2e9fa5e4-44d4-40da-9b1b-fd170634e70a#19-t4, previous=(t:4, i:8), leaderCommit=8, initializing? false, entries: <empty>
2019-10-15 21:43:14,897 [java.util.concurrent.ThreadPoolExecutor$Worker@18284111[State = -1, empty queue]] WARN  server.GrpcLogAppender (GrpcLogAppender.java:timeoutAppendRequest(209)) - 11421ab1-19cb-4764-b505-ce794efeb49e@group-39CA588449F8->2e9fa5e4-44d4-40da-9b1b-fd170634e70a-GrpcLogAppender: appendEntries Timeout, request=11421ab1-19cb-4764-b505-ce794efeb49e->2e9fa5e4-44d4-40da-9b1b-fd170634e70a#20-t4, previous=(t:4, i:8), leaderCommit=8, initializing? false, entries: <empty>
2019-10-15 21:43:17,402 [java.util.concurrent.ThreadPoolExecutor$Worker@18284111[State = -1, empty queue]] WARN  server.GrpcLogAppender (GrpcLogAppender.java:timeoutAppendRequest(209)) - 11421ab1-19cb-4764-b505-ce794efeb49e@group-39CA588449F8->2e9fa5e4-44d4-40da-9b1b-fd170634e70a-GrpcLogAppender: appendEntries Timeout, request=11421ab1-19cb-4764-b505-ce794efeb49e->2e9fa5e4-44d4-40da-9b1b-fd170634e70a#21-t4, previous=(t:4, i:8), leaderCommit=8, initializing? false, entries: <empty>
2019-10-15 21:43:18,499 [Thread-316] INFO  client.GrpcClientProtocolService (GrpcClientProtocolService.java:lambda$processClientRequest$0(278)) - Failed RaftClientRequest:client-D0B527BDC3D7->f0d7c07d-0c9c-43c9-b90d-f56b2a8a0f48@group-39CA588449F8, cid=10, seq=0, Watch-ALL_COMMITTED(6), Message:<EMPTY>, reply=RaftClientReply:client-D0B527BDC3D7->f0d7c07d-0c9c-43c9-b90d-f56b2a8a0f48@group-39CA588449F8, cid=10, FAILED org.apache.ratis.protocol.NotLeaderException: Server f0d7c07d-0c9c-43c9-b90d-f56b2a8a0f48@group-39CA588449F8 is not the leader 11421ab1-19cb-4764-b505-ce794efeb49e:192.168.34.60:42577, logIndex=0, commits[f0d7c07d-0c9c-43c9-b90d-f56b2a8a0f48:c8, 2e9fa5e4-44d4-40da-9b1b-fd170634e70a:c4, 11421ab1-19cb-4764-b505-ce794efeb49e:c8]
2019-10-15 21:43:19,403 [main] WARN  scm.XceiverClientRatis (XceiverClientRatis.java:watchForCommit(277)) - 3 way commit failed on pipeline Pipeline[ Id: a3e553f0-b812-4dfc-8692-39ca588449f8, Nodes: 11421ab1-19cb-4764-b505-ce794efeb49e{ip: 192.168.34.60, host: pr-hdds-2254-trunk-wbvmw-1235415744, networkLocation: /default-rack, certSerialId: null}2e9fa5e4-44d4-40da-9b1b-fd170634e70a{ip: 192.168.34.60, host: pr-hdds-2254-trunk-wbvmw-1235415744, networkLocation: /default-rack, certSerialId: null}f0d7c07d-0c9c-43c9-b90d-f56b2a8a0f48{ip: 192.168.34.60, host: pr-hdds-2254-trunk-wbvmw-1235415744, networkLocation: /default-rack, certSerialId: null}, Type:RATIS, Factor:THREE, State:OPEN]
java.util.concurrent.TimeoutException
	at java.util.concurrent.CompletableFuture.timedGet(CompletableFuture.java:1771)
	at java.util.concurrent.CompletableFuture.get(CompletableFuture.java:1915)
	at org.apache.hadoop.hdds.scm.XceiverClientRatis.watchForCommit(XceiverClientRatis.java:274)
	at org.apache.hadoop.hdds.scm.storage.CommitWatcher.watchForCommit(CommitWatcher.java:198)
	at org.apache.hadoop.hdds.scm.storage.CommitWatcher.watchOnLastIndex(CommitWatcher.java:161)
	at org.apache.hadoop.hdds.scm.storage.BlockOutputStream.watchForCommit(BlockOutputStream.java:346)
	at org.apache.hadoop.hdds.scm.storage.BlockOutputStream.handleFlush(BlockOutputStream.java:482)
	at org.apache.hadoop.hdds.scm.storage.BlockOutputStream.close(BlockOutputStream.java:496)
	at org.apache.hadoop.ozone.client.io.BlockOutputStreamEntry.close(BlockOutputStreamEntry.java:143)
	at org.apache.hadoop.ozone.client.io.KeyOutputStream.handleFlushOrClose(KeyOutputStream.java:435)
	at org.apache.hadoop.ozone.client.io.KeyOutputStream.close(KeyOutputStream.java:473)
	at org.apache.hadoop.ozone.client.io.OzoneOutputStream.close(OzoneOutputStream.java:60)
	at org.apache.hadoop.ozone.client.rpc.TestDeleteWithSlowFollower.testDeleteKeyWithSlowFollower(TestDeleteWithSlowFollower.java:193)
	at sun.reflect.NativeMethodAccessorImpl.invoke0(Native Method)
	at sun.reflect.NativeMethodAccessorImpl.invoke(NativeMethodAccessorImpl.java:62)
	at sun.reflect.DelegatingMethodAccessorImpl.invoke(DelegatingMethodAccessorImpl.java:43)
	at java.lang.reflect.Method.invoke(Method.java:498)
	at org.junit.runners.model.FrameworkMethod$1.runReflectiveCall(FrameworkMethod.java:47)
	at org.junit.internal.runners.model.ReflectiveCallable.run(ReflectiveCallable.java:12)
	at org.junit.runners.model.FrameworkMethod.invokeExplosively(FrameworkMethod.java:44)
	at org.junit.internal.runners.statements.InvokeMethod.evaluate(InvokeMethod.java:17)
	at org.junit.runners.ParentRunner.runLeaf(ParentRunner.java:271)
	at org.junit.runners.BlockJUnit4ClassRunner.runChild(BlockJUnit4ClassRunner.java:70)
	at org.junit.runners.BlockJUnit4ClassRunner.runChild(BlockJUnit4ClassRunner.java:50)
	at org.junit.runners.ParentRunner$3.run(ParentRunner.java:238)
	at org.junit.runners.ParentRunner$1.schedule(ParentRunner.java:63)
	at org.junit.runners.ParentRunner.runChildren(ParentRunner.java:236)
	at org.junit.runners.ParentRunner.access$000(ParentRunner.java:53)
	at org.junit.runners.ParentRunner$2.evaluate(ParentRunner.java:229)
	at org.junit.internal.runners.statements.RunBefores.evaluate(RunBefores.java:26)
	at org.junit.internal.runners.statements.RunAfters.evaluate(RunAfters.java:27)
	at org.junit.runners.ParentRunner.run(ParentRunner.java:309)
	at org.apache.maven.surefire.junit4.JUnit4Provider.execute(JUnit4Provider.java:365)
	at org.apache.maven.surefire.junit4.JUnit4Provider.executeWithRerun(JUnit4Provider.java:273)
	at org.apache.maven.surefire.junit4.JUnit4Provider.executeTestSet(JUnit4Provider.java:238)
	at org.apache.maven.surefire.junit4.JUnit4Provider.invoke(JUnit4Provider.java:159)
	at org.apache.maven.surefire.booter.ForkedBooter.invokeProviderInSameClassLoader(ForkedBooter.java:384)
	at org.apache.maven.surefire.booter.ForkedBooter.runSuitesInProcess(ForkedBooter.java:345)
	at org.apache.maven.surefire.booter.ForkedBooter.execute(ForkedBooter.java:126)
	at org.apache.maven.surefire.booter.ForkedBooter.main(ForkedBooter.java:418)
2019-10-15 21:43:19,433 [main] INFO  scm.XceiverClientRatis (XceiverClientRatis.java:lambda$watchForCommit$5(295)) - Could not commit index 6 on pipeline Pipeline[ Id: a3e553f0-b812-4dfc-8692-39ca588449f8, Nodes: 11421ab1-19cb-4764-b505-ce794efeb49e{ip: 192.168.34.60, host: pr-hdds-2254-trunk-wbvmw-1235415744, networkLocation: /default-rack, certSerialId: null}2e9fa5e4-44d4-40da-9b1b-fd170634e70a{ip: 192.168.34.60, host: pr-hdds-2254-trunk-wbvmw-1235415744, networkLocation: /default-rack, certSerialId: null}f0d7c07d-0c9c-43c9-b90d-f56b2a8a0f48{ip: 192.168.34.60, host: pr-hdds-2254-trunk-wbvmw-1235415744, networkLocation: /default-rack, certSerialId: null}, Type:RATIS, Factor:THREE, State:OPEN] to all the nodes. Server 2e9fa5e4-44d4-40da-9b1b-fd170634e70a has failed. Committed by majority.
2019-10-15 21:43:19,434 [main] WARN  storage.BlockOutputStream (BlockOutputStream.java:watchForCommit(352)) - Failed to commit BlockId conID: 1 locID: 102968574847877120 bcsId: 6 on Pipeline[ Id: a3e553f0-b812-4dfc-8692-39ca588449f8, Nodes: 11421ab1-19cb-4764-b505-ce794efeb49e{ip: 192.168.34.60, host: pr-hdds-2254-trunk-wbvmw-1235415744, networkLocation: /default-rack, certSerialId: null}2e9fa5e4-44d4-40da-9b1b-fd170634e70a{ip: 192.168.34.60, host: pr-hdds-2254-trunk-wbvmw-1235415744, networkLocation: /default-rack, certSerialId: null}f0d7c07d-0c9c-43c9-b90d-f56b2a8a0f48{ip: 192.168.34.60, host: pr-hdds-2254-trunk-wbvmw-1235415744, networkLocation: /default-rack, certSerialId: null}, Type:RATIS, Factor:THREE, State:OPEN]. Failed nodes: [2e9fa5e4-44d4-40da-9b1b-fd170634e70a{ip: null, host: null, networkLocation: /default-rack, certSerialId: null}]
2019-10-15 21:43:19,511 [EventQueue-IncrementalContainerReportForIncrementalContainerReportHandler] WARN  container.IncrementalContainerReportHandler (AbstractContainerReportHandler.java:updateContainerState(145)) - Container #1 is in OPEN state, but the datanode 11421ab1-19cb-4764-b505-ce794efeb49e{ip: 192.168.34.60, host: pr-hdds-2254-trunk-wbvmw-1235415744, networkLocation: /default-rack, certSerialId: null} reports an CLOSING replica.
2019-10-15 21:43:19,521 [RatisApplyTransactionExecutor 1] INFO  interfaces.Container (KeyValueContainer.java:flushAndSyncDB(386)) - Container 1 is synced with bcsId 6.
2019-10-15 21:43:19,522 [RatisApplyTransactionExecutor 1] INFO  interfaces.Container (KeyValueContainer.java:flushAndSyncDB(386)) - Container 1 is synced with bcsId 6.
2019-10-15 21:43:19,527 [EventQueue-IncrementalContainerReportForIncrementalContainerReportHandler] WARN  container.IncrementalContainerReportHandler (AbstractContainerReportHandler.java:updateContainerState(145)) - Container #1 is in OPEN state, but the datanode f0d7c07d-0c9c-43c9-b90d-f56b2a8a0f48{ip: 192.168.34.60, host: pr-hdds-2254-trunk-wbvmw-1235415744, networkLocation: /default-rack, certSerialId: null} reports an CLOSING replica.
2019-10-15 21:43:19,527 [RatisApplyTransactionExecutor 1] INFO  interfaces.Container (KeyValueContainer.java:flushAndSyncDB(386)) - Container 1 is synced with bcsId 6.
2019-10-15 21:43:19,529 [RatisApplyTransactionExecutor 1] INFO  interfaces.Container (KeyValueContainer.java:flushAndSyncDB(386)) - Container 1 is synced with bcsId 6.
2019-10-15 21:43:19,530 [RatisApplyTransactionExecutor 1] INFO  interfaces.Container (KeyValueContainer.java:close(335)) - Container 1 is closed with bcsId 6.
2019-10-15 21:43:19,534 [EventQueue-IncrementalContainerReportForIncrementalContainerReportHandler] WARN  container.IncrementalContainerReportHandler (AbstractContainerReportHandler.java:updateContainerState(145)) - Container #1 is in OPEN state, but the datanode 11421ab1-19cb-4764-b505-ce794efeb49e{ip: 192.168.34.60, host: pr-hdds-2254-trunk-wbvmw-1235415744, networkLocation: /default-rack, certSerialId: null} reports an CLOSED replica.
2019-10-15 21:43:19,539 [RatisApplyTransactionExecutor 1] INFO  interfaces.Container (KeyValueContainer.java:close(335)) - Container 1 is closed with bcsId 6.
2019-10-15 21:43:19,541 [EventQueue-IncrementalContainerReportForIncrementalContainerReportHandler] WARN  container.IncrementalContainerReportHandler (AbstractContainerReportHandler.java:updateContainerState(145)) - Container #1 is in OPEN state, but the datanode f0d7c07d-0c9c-43c9-b90d-f56b2a8a0f48{ip: 192.168.34.60, host: pr-hdds-2254-trunk-wbvmw-1235415744, networkLocation: /default-rack, certSerialId: null} reports an CLOSED replica.
2019-10-15 21:43:19,741 [EventQueue-ContainerReportForContainerReportHandler] WARN  container.ContainerReportHandler (AbstractContainerReportHandler.java:updateContainerState(145)) - Container #1 is in OPEN state, but the datanode f0d7c07d-0c9c-43c9-b90d-f56b2a8a0f48{ip: 192.168.34.60, host: pr-hdds-2254-trunk-wbvmw-1235415744, networkLocation: /default-rack, certSerialId: null} reports an CLOSED replica.
2019-10-15 21:43:19,755 [Thread-327] INFO  client.GrpcClientProtocolService (GrpcClientProtocolService.java:lambda$processClientRequest$0(278)) - Failed RaftClientRequest:client-D0B527BDC3D7->11421ab1-19cb-4764-b505-ce794efeb49e@group-39CA588449F8, cid=10, seq=0, Watch-ALL_COMMITTED(6), Message:<EMPTY>, reply=RaftClientReply:client-D0B527BDC3D7->11421ab1-19cb-4764-b505-ce794efeb49e@group-39CA588449F8, cid=10, FAILED org.apache.ratis.protocol.NotReplicatedException: Request with call Id 10 and log index 6 is not yet replicated to ALL_COMMITTED, logIndex=6, commits[11421ab1-19cb-4764-b505-ce794efeb49e:c10, 2e9fa5e4-44d4-40da-9b1b-fd170634e70a:c4, f0d7c07d-0c9c-43c9-b90d-f56b2a8a0f48:c9]
2019-10-15 21:43:19,831 [EventQueue-ContainerReportForContainerReportHandler] WARN  container.ContainerReportHandler (AbstractContainerReportHandler.java:updateContainerState(145)) - Container #1 is in OPEN state, but the datanode 11421ab1-19cb-4764-b505-ce794efeb49e{ip: 192.168.34.60, host: pr-hdds-2254-trunk-wbvmw-1235415744, networkLocation: /default-rack, certSerialId: null} reports an CLOSED replica.
2019-10-15 21:43:19,903 [java.util.concurrent.ThreadPoolExecutor$Worker@18284111[State = -1, empty queue]] WARN  server.GrpcLogAppender (GrpcLogAppender.java:timeoutAppendRequest(209)) - 11421ab1-19cb-4764-b505-ce794efeb49e@group-39CA588449F8->2e9fa5e4-44d4-40da-9b1b-fd170634e70a-GrpcLogAppender: appendEntries Timeout, request=11421ab1-19cb-4764-b505-ce794efeb49e->2e9fa5e4-44d4-40da-9b1b-fd170634e70a#22-t4, previous=(t:4, i:8), leaderCommit=8, initializing? false, entries: <empty>
2019-10-15 21:43:20,032 [EventQueue-ContainerReportForContainerReportHandler] WARN  container.ContainerReportHandler (AbstractContainerReportHandler.java:updateContainerState(145)) - Container #1 is in OPEN state, but the datanode 11421ab1-19cb-4764-b505-ce794efeb49e{ip: 192.168.34.60, host: pr-hdds-2254-trunk-wbvmw-1235415744, networkLocation: /default-rack, certSerialId: null} reports an CLOSED replica.
2019-10-15 21:43:20,042 [EventQueue-ContainerReportForContainerReportHandler] WARN  container.ContainerReportHandler (AbstractContainerReportHandler.java:updateContainerState(145)) - Container #1 is in OPEN state, but the datanode f0d7c07d-0c9c-43c9-b90d-f56b2a8a0f48{ip: 192.168.34.60, host: pr-hdds-2254-trunk-wbvmw-1235415744, networkLocation: /default-rack, certSerialId: null} reports an CLOSED replica.
2019-10-15 21:43:20,242 [EventQueue-ContainerReportForContainerReportHandler] WARN  container.ContainerReportHandler (AbstractContainerReportHandler.java:updateContainerState(145)) - Container #1 is in OPEN state, but the datanode f0d7c07d-0c9c-43c9-b90d-f56b2a8a0f48{ip: 192.168.34.60, host: pr-hdds-2254-trunk-wbvmw-1235415744, networkLocation: /default-rack, certSerialId: null} reports an CLOSED replica.
2019-10-15 21:43:20,329 [IPC Server handler 0 on 35422] INFO  server.SCMBlockProtocolServer (SCMBlockProtocolServer.java:deleteKeyBlocks(212)) - SCM is informed by OM to delete 1 blocks
2019-10-15 21:43:20,329 [IPC Server handler 0 on 35422] INFO  block.BlockManagerImpl (BlockManagerImpl.java:deleteBlocks(285)) - Deleting blocks conID: 1 locID: 102968574847877120 bcsId: 0
2019-10-15 21:43:20,411 [BlockDeletingService#2] WARN  background.BlockDeletingService (BlockDeletingService.java:isDeletionAllowed(187)) - Close Container log Index 6 is not replicated across allthe servers in the pipeline a3e553f0-b812-4dfc-8692-39ca588449f8 as the min replicated index is 4. Deletion is not allowed in this container yet.
2019-10-15 21:43:20,412 [BlockDeletingService#2] WARN  background.BlockDeletingService (BlockDeletingService.java:isDeletionAllowed(187)) - Close Container log Index 6 is not replicated across allthe servers in the pipeline a3e553f0-b812-4dfc-8692-39ca588449f8 as the min replicated index is 4. Deletion is not allowed in this container yet.
2019-10-15 21:43:20,432 [EventQueue-ContainerReportForContainerReportHandler] WARN  container.ContainerReportHandler (AbstractContainerReportHandler.java:updateContainerState(145)) - Container #1 is in OPEN state, but the datanode 11421ab1-19cb-4764-b505-ce794efeb49e{ip: 192.168.34.60, host: pr-hdds-2254-trunk-wbvmw-1235415744, networkLocation: /default-rack, certSerialId: null} reports an CLOSED replica.
2019-10-15 21:43:20,542 [EventQueue-ContainerReportForContainerReportHandler] WARN  container.ContainerReportHandler (AbstractContainerReportHandler.java:updateContainerState(145)) - Container #1 is in OPEN state, but the datanode f0d7c07d-0c9c-43c9-b90d-f56b2a8a0f48{ip: 192.168.34.60, host: pr-hdds-2254-trunk-wbvmw-1235415744, networkLocation: /default-rack, certSerialId: null} reports an CLOSED replica.
2019-10-15 21:43:20,632 [EventQueue-ContainerReportForContainerReportHandler] WARN  container.ContainerReportHandler (AbstractContainerReportHandler.java:updateContainerState(145)) - Container #1 is in OPEN state, but the datanode 11421ab1-19cb-4764-b505-ce794efeb49e{ip: 192.168.34.60, host: pr-hdds-2254-trunk-wbvmw-1235415744, networkLocation: /default-rack, certSerialId: null} reports an CLOSED replica.
2019-10-15 21:43:20,932 [EventQueue-ContainerReportForContainerReportHandler] WARN  container.ContainerReportHandler (AbstractContainerReportHandler.java:updateContainerState(145)) - Container #1 is in OPEN state, but the datanode 11421ab1-19cb-4764-b505-ce794efeb49e{ip: 192.168.34.60, host: pr-hdds-2254-trunk-wbvmw-1235415744, networkLocation: /default-rack, certSerialId: null} reports an CLOSED replica.
2019-10-15 21:43:20,942 [EventQueue-ContainerReportForContainerReportHandler] WARN  container.ContainerReportHandler (AbstractContainerReportHandler.java:updateContainerState(145)) - Container #1 is in OPEN state, but the datanode f0d7c07d-0c9c-43c9-b90d-f56b2a8a0f48{ip: 192.168.34.60, host: pr-hdds-2254-trunk-wbvmw-1235415744, networkLocation: /default-rack, certSerialId: null} reports an CLOSED replica.
2019-10-15 21:43:21,242 [EventQueue-ContainerReportForContainerReportHandler] WARN  container.ContainerReportHandler (AbstractContainerReportHandler.java:updateContainerState(145)) - Container #1 is in OPEN state, but the datanode f0d7c07d-0c9c-43c9-b90d-f56b2a8a0f48{ip: 192.168.34.60, host: pr-hdds-2254-trunk-wbvmw-1235415744, networkLocation: /default-rack, certSerialId: null} reports an CLOSED replica.
2019-10-15 21:43:21,332 [EventQueue-ContainerReportForContainerReportHandler] WARN  container.ContainerReportHandler (AbstractContainerReportHandler.java:updateContainerState(145)) - Container #1 is in OPEN state, but the datanode 11421ab1-19cb-4764-b505-ce794efeb49e{ip: 192.168.34.60, host: pr-hdds-2254-trunk-wbvmw-1235415744, networkLocation: /default-rack, certSerialId: null} reports an CLOSED replica.
2019-10-15 21:43:21,412 [BlockDeletingService#2] WARN  background.BlockDeletingService (BlockDeletingService.java:isDeletionAllowed(187)) - Close Container log Index 6 is not replicated across allthe servers in the pipeline a3e553f0-b812-4dfc-8692-39ca588449f8 as the min replicated index is 4. Deletion is not allowed in this container yet.
2019-10-15 21:43:21,415 [BlockDeletingService#2] WARN  background.BlockDeletingService (BlockDeletingService.java:isDeletionAllowed(187)) - Close Container log Index 6 is not replicated across allthe servers in the pipeline a3e553f0-b812-4dfc-8692-39ca588449f8 as the min replicated index is 4. Deletion is not allowed in this container yet.
2019-10-15 21:43:21,542 [EventQueue-ContainerReportForContainerReportHandler] WARN  container.ContainerReportHandler (AbstractContainerReportHandler.java:updateContainerState(145)) - Container #1 is in OPEN state, but the datanode f0d7c07d-0c9c-43c9-b90d-f56b2a8a0f48{ip: 192.168.34.60, host: pr-hdds-2254-trunk-wbvmw-1235415744, networkLocation: /default-rack, certSerialId: null} reports an CLOSED replica.
2019-10-15 21:43:21,633 [EventQueue-ContainerReportForContainerReportHandler] WARN  container.ContainerReportHandler (AbstractContainerReportHandler.java:updateContainerState(145)) - Container #1 is in OPEN state, but the datanode 11421ab1-19cb-4764-b505-ce794efeb49e{ip: 192.168.34.60, host: pr-hdds-2254-trunk-wbvmw-1235415744, networkLocation: /default-rack, certSerialId: null} reports an CLOSED replica.
2019-10-15 21:43:21,743 [EventQueue-ContainerReportForContainerReportHandler] WARN  container.ContainerReportHandler (AbstractContainerReportHandler.java:updateContainerState(145)) - Container #1 is in OPEN state, but the datanode f0d7c07d-0c9c-43c9-b90d-f56b2a8a0f48{ip: 192.168.34.60, host: pr-hdds-2254-trunk-wbvmw-1235415744, networkLocation: /default-rack, certSerialId: null} reports an CLOSED replica.
2019-10-15 21:43:21,933 [EventQueue-ContainerReportForContainerReportHandler] WARN  container.ContainerReportHandler (AbstractContainerReportHandler.java:updateContainerState(145)) - Container #1 is in OPEN state, but the datanode 11421ab1-19cb-4764-b505-ce794efeb49e{ip: 192.168.34.60, host: pr-hdds-2254-trunk-wbvmw-1235415744, networkLocation: /default-rack, certSerialId: null} reports an CLOSED replica.
2019-10-15 21:43:22,043 [EventQueue-ContainerReportForContainerReportHandler] WARN  container.ContainerReportHandler (AbstractContainerReportHandler.java:updateContainerState(145)) - Container #1 is in OPEN state, but the datanode f0d7c07d-0c9c-43c9-b90d-f56b2a8a0f48{ip: 192.168.34.60, host: pr-hdds-2254-trunk-wbvmw-1235415744, networkLocation: /default-rack, certSerialId: null} reports an CLOSED replica.
2019-10-15 21:43:22,232 [EventQueue-ContainerReportForContainerReportHandler] WARN  container.ContainerReportHandler (AbstractContainerReportHandler.java:updateContainerState(145)) - Container #1 is in OPEN state, but the datanode 11421ab1-19cb-4764-b505-ce794efeb49e{ip: 192.168.34.60, host: pr-hdds-2254-trunk-wbvmw-1235415744, networkLocation: /default-rack, certSerialId: null} reports an CLOSED replica.
2019-10-15 21:43:22,343 [EventQueue-ContainerReportForContainerReportHandler] WARN  container.ContainerReportHandler (AbstractContainerReportHandler.java:updateContainerState(145)) - Container #1 is in OPEN state, but the datanode f0d7c07d-0c9c-43c9-b90d-f56b2a8a0f48{ip: 192.168.34.60, host: pr-hdds-2254-trunk-wbvmw-1235415744, networkLocation: /default-rack, certSerialId: null} reports an CLOSED replica.
2019-10-15 21:43:22,407 [java.util.concurrent.ThreadPoolExecutor$Worker@18284111[State = -1, empty queue]] WARN  server.GrpcLogAppender (GrpcLogAppender.java:timeoutAppendRequest(209)) - 11421ab1-19cb-4764-b505-ce794efeb49e@group-39CA588449F8->2e9fa5e4-44d4-40da-9b1b-fd170634e70a-GrpcLogAppender: appendEntries Timeout, request=11421ab1-19cb-4764-b505-ce794efeb49e->2e9fa5e4-44d4-40da-9b1b-fd170634e70a#23-t4, previous=(t:4, i:8), leaderCommit=8, initializing? false, entries: <empty>
2019-10-15 21:43:22,413 [BlockDeletingService#2] WARN  background.BlockDeletingService (BlockDeletingService.java:isDeletionAllowed(187)) - Close Container log Index 6 is not replicated across allthe servers in the pipeline a3e553f0-b812-4dfc-8692-39ca588449f8 as the min replicated index is 4. Deletion is not allowed in this container yet.
2019-10-15 21:43:22,417 [BlockDeletingService#2] WARN  background.BlockDeletingService (BlockDeletingService.java:isDeletionAllowed(187)) - Close Container log Index 6 is not replicated across allthe servers in the pipeline a3e553f0-b812-4dfc-8692-39ca588449f8 as the min replicated index is 4. Deletion is not allowed in this container yet.
2019-10-15 21:43:22,432 [EventQueue-ContainerReportForContainerReportHandler] WARN  container.ContainerReportHandler (AbstractContainerReportHandler.java:updateContainerState(145)) - Container #1 is in OPEN state, but the datanode 11421ab1-19cb-4764-b505-ce794efeb49e{ip: 192.168.34.60, host: pr-hdds-2254-trunk-wbvmw-1235415744, networkLocation: /default-rack, certSerialId: null} reports an CLOSED replica.
2019-10-15 21:43:22,481 [java.util.concurrent.ThreadPoolExecutor$Worker@18284111[State = -1, empty queue]] WARN  server.GrpcLogAppender (GrpcLogAppender.java:timeoutAppendRequest(209)) - 11421ab1-19cb-4764-b505-ce794efeb49e@group-39CA588449F8->2e9fa5e4-44d4-40da-9b1b-fd170634e70a-GrpcLogAppender: appendEntries Timeout, request=11421ab1-19cb-4764-b505-ce794efeb49e->2e9fa5e4-44d4-40da-9b1b-fd170634e70a#24-t4, previous=(t:4, i:8), leaderCommit=8, initializing? false, entries: size=1, first=(t:4, i:9), STATEMACHINELOGENTRY, client-432807069292, cid=12
2019-10-15 21:43:22,496 [java.util.concurrent.ThreadPoolExecutor$Worker@18284111[State = -1, empty queue]] WARN  server.GrpcLogAppender (GrpcLogAppender.java:timeoutAppendRequest(209)) - 11421ab1-19cb-4764-b505-ce794efeb49e@group-39CA588449F8->2e9fa5e4-44d4-40da-9b1b-fd170634e70a-GrpcLogAppender: appendEntries Timeout, request=11421ab1-19cb-4764-b505-ce794efeb49e->2e9fa5e4-44d4-40da-9b1b-fd170634e70a#25-t4, previous=(t:4, i:9), leaderCommit=9, initializing? false, entries: size=1, first=(t:4, i:10), METADATAENTRY(c9)
2019-10-15 21:43:22,633 [EventQueue-ContainerReportForContainerReportHandler] WARN  container.ContainerReportHandler (AbstractContainerReportHandler.java:updateContainerState(145)) - Container #1 is in OPEN state, but the datanode 11421ab1-19cb-4764-b505-ce794efeb49e{ip: 192.168.34.60, host: pr-hdds-2254-trunk-wbvmw-1235415744, networkLocation: /default-rack, certSerialId: null} reports an CLOSED replica.
2019-10-15 21:43:22,744 [EventQueue-ContainerReportForContainerReportHandler] WARN  container.ContainerReportHandler (AbstractContainerReportHandler.java:updateContainerState(145)) - Container #1 is in OPEN state, but the datanode f0d7c07d-0c9c-43c9-b90d-f56b2a8a0f48{ip: 192.168.34.60, host: pr-hdds-2254-trunk-wbvmw-1235415744, networkLocation: /default-rack, certSerialId: null} reports an CLOSED replica.
2019-10-15 21:43:22,944 [EventQueue-ContainerReportForContainerReportHandler] WARN  container.ContainerReportHandler (AbstractContainerReportHandler.java:updateContainerState(145)) - Container #1 is in OPEN state, but the datanode f0d7c07d-0c9c-43c9-b90d-f56b2a8a0f48{ip: 192.168.34.60, host: pr-hdds-2254-trunk-wbvmw-1235415744, networkLocation: /default-rack, certSerialId: null} reports an CLOSED replica.
2019-10-15 21:43:23,033 [EventQueue-ContainerReportForContainerReportHandler] WARN  container.ContainerReportHandler (AbstractContainerReportHandler.java:updateContainerState(145)) - Container #1 is in OPEN state, but the datanode 11421ab1-19cb-4764-b505-ce794efeb49e{ip: 192.168.34.60, host: pr-hdds-2254-trunk-wbvmw-1235415744, networkLocation: /default-rack, certSerialId: null} reports an CLOSED replica.
2019-10-15 21:43:23,344 [EventQueue-ContainerReportForContainerReportHandler] WARN  container.ContainerReportHandler (AbstractContainerReportHandler.java:updateContainerState(145)) - Container #1 is in OPEN state, but the datanode f0d7c07d-0c9c-43c9-b90d-f56b2a8a0f48{ip: 192.168.34.60, host: pr-hdds-2254-trunk-wbvmw-1235415744, networkLocation: /default-rack, certSerialId: null} reports an CLOSED replica.
2019-10-15 21:43:23,415 [BlockDeletingService#2] WARN  background.BlockDeletingService (BlockDeletingService.java:isDeletionAllowed(187)) - Close Container log Index 6 is not replicated across allthe servers in the pipeline a3e553f0-b812-4dfc-8692-39ca588449f8 as the min replicated index is 4. Deletion is not allowed in this container yet.
2019-10-15 21:43:23,418 [BlockDeletingService#2] WARN  background.BlockDeletingService (BlockDeletingService.java:isDeletionAllowed(187)) - Close Container log Index 6 is not replicated across allthe servers in the pipeline a3e553f0-b812-4dfc-8692-39ca588449f8 as the min replicated index is 4. Deletion is not allowed in this container yet.
2019-10-15 21:43:23,432 [EventQueue-ContainerReportForContainerReportHandler] WARN  container.ContainerReportHandler (AbstractContainerReportHandler.java:updateContainerState(145)) - Container #1 is in OPEN state, but the datanode 11421ab1-19cb-4764-b505-ce794efeb49e{ip: 192.168.34.60, host: pr-hdds-2254-trunk-wbvmw-1235415744, networkLocation: /default-rack, certSerialId: null} reports an CLOSED replica.
2019-10-15 21:43:23,633 [EventQueue-ContainerReportForContainerReportHandler] WARN  container.ContainerReportHandler (AbstractContainerReportHandler.java:updateContainerState(145)) - Container #1 is in OPEN state, but the datanode 11421ab1-19cb-4764-b505-ce794efeb49e{ip: 192.168.34.60, host: pr-hdds-2254-trunk-wbvmw-1235415744, networkLocation: /default-rack, certSerialId: null} reports an CLOSED replica.
2019-10-15 21:43:23,644 [EventQueue-ContainerReportForContainerReportHandler] WARN  container.ContainerReportHandler (AbstractContainerReportHandler.java:updateContainerState(145)) - Container #1 is in OPEN state, but the datanode f0d7c07d-0c9c-43c9-b90d-f56b2a8a0f48{ip: 192.168.34.60, host: pr-hdds-2254-trunk-wbvmw-1235415744, networkLocation: /default-rack, certSerialId: null} reports an CLOSED replica.
2019-10-15 21:43:23,833 [EventQueue-ContainerReportForContainerReportHandler] WARN  container.ContainerReportHandler (AbstractContainerReportHandler.java:updateContainerState(145)) - Container #1 is in OPEN state, but the datanode 11421ab1-19cb-4764-b505-ce794efeb49e{ip: 192.168.34.60, host: pr-hdds-2254-trunk-wbvmw-1235415744, networkLocation: /default-rack, certSerialId: null} reports an CLOSED replica.
2019-10-15 21:43:23,945 [EventQueue-ContainerReportForContainerReportHandler] WARN  container.ContainerReportHandler (AbstractContainerReportHandler.java:updateContainerState(145)) - Container #1 is in OPEN state, but the datanode f0d7c07d-0c9c-43c9-b90d-f56b2a8a0f48{ip: 192.168.34.60, host: pr-hdds-2254-trunk-wbvmw-1235415744, networkLocation: /default-rack, certSerialId: null} reports an CLOSED replica.
2019-10-15 21:43:24,133 [EventQueue-ContainerReportForContainerReportHandler] WARN  container.ContainerReportHandler (AbstractContainerReportHandler.java:updateContainerState(145)) - Container #1 is in OPEN state, but the datanode 11421ab1-19cb-4764-b505-ce794efeb49e{ip: 192.168.34.60, host: pr-hdds-2254-trunk-wbvmw-1235415744, networkLocation: /default-rack, certSerialId: null} reports an CLOSED replica.
2019-10-15 21:43:24,333 [EventQueue-ContainerReportForContainerReportHandler] WARN  container.ContainerReportHandler (AbstractContainerReportHandler.java:updateContainerState(145)) - Container #1 is in OPEN state, but the datanode 11421ab1-19cb-4764-b505-ce794efeb49e{ip: 192.168.34.60, host: pr-hdds-2254-trunk-wbvmw-1235415744, networkLocation: /default-rack, certSerialId: null} reports an CLOSED replica.
2019-10-15 21:43:24,344 [EventQueue-ContainerReportForContainerReportHandler] WARN  container.ContainerReportHandler (AbstractContainerReportHandler.java:updateContainerState(145)) - Container #1 is in OPEN state, but the datanode f0d7c07d-0c9c-43c9-b90d-f56b2a8a0f48{ip: 192.168.34.60, host: pr-hdds-2254-trunk-wbvmw-1235415744, networkLocation: /default-rack, certSerialId: null} reports an CLOSED replica.
2019-10-15 21:43:24,419 [BlockDeletingService#2] WARN  background.BlockDeletingService (BlockDeletingService.java:isDeletionAllowed(187)) - Close Container log Index 6 is not replicated across allthe servers in the pipeline a3e553f0-b812-4dfc-8692-39ca588449f8 as the min replicated index is 4. Deletion is not allowed in this container yet.
2019-10-15 21:43:24,420 [BlockDeletingService#2] WARN  background.BlockDeletingService (BlockDeletingService.java:isDeletionAllowed(187)) - Close Container log Index 6 is not replicated across allthe servers in the pipeline a3e553f0-b812-4dfc-8692-39ca588449f8 as the min replicated index is 4. Deletion is not allowed in this container yet.
2019-10-15 21:43:24,633 [EventQueue-ContainerReportForContainerReportHandler] WARN  container.ContainerReportHandler (AbstractContainerReportHandler.java:updateContainerState(145)) - Container #1 is in OPEN state, but the datanode 11421ab1-19cb-4764-b505-ce794efeb49e{ip: 192.168.34.60, host: pr-hdds-2254-trunk-wbvmw-1235415744, networkLocation: /default-rack, certSerialId: null} reports an CLOSED replica.
2019-10-15 21:43:24,645 [EventQueue-ContainerReportForContainerReportHandler] WARN  container.ContainerReportHandler (AbstractContainerReportHandler.java:updateContainerState(145)) - Container #1 is in OPEN state, but the datanode f0d7c07d-0c9c-43c9-b90d-f56b2a8a0f48{ip: 192.168.34.60, host: pr-hdds-2254-trunk-wbvmw-1235415744, networkLocation: /default-rack, certSerialId: null} reports an CLOSED replica.
2019-10-15 21:43:24,833 [EventQueue-ContainerReportForContainerReportHandler] WARN  container.ContainerReportHandler (AbstractContainerReportHandler.java:updateContainerState(145)) - Container #1 is in OPEN state, but the datanode 11421ab1-19cb-4764-b505-ce794efeb49e{ip: 192.168.34.60, host: pr-hdds-2254-trunk-wbvmw-1235415744, networkLocation: /default-rack, certSerialId: null} reports an CLOSED replica.
2019-10-15 21:43:24,844 [EventQueue-ContainerReportForContainerReportHandler] WARN  container.ContainerReportHandler (AbstractContainerReportHandler.java:updateContainerState(145)) - Container #1 is in OPEN state, but the datanode f0d7c07d-0c9c-43c9-b90d-f56b2a8a0f48{ip: 192.168.34.60, host: pr-hdds-2254-trunk-wbvmw-1235415744, networkLocation: /default-rack, certSerialId: null} reports an CLOSED replica.
2019-10-15 21:43:24,997 [java.util.concurrent.ThreadPoolExecutor$Worker@18284111[State = -1, empty queue]] WARN  server.GrpcLogAppender (GrpcLogAppender.java:timeoutAppendRequest(209)) - 11421ab1-19cb-4764-b505-ce794efeb49e@group-39CA588449F8->2e9fa5e4-44d4-40da-9b1b-fd170634e70a-GrpcLogAppender: appendEntries Timeout, request=11421ab1-19cb-4764-b505-ce794efeb49e->2e9fa5e4-44d4-40da-9b1b-fd170634e70a#26-t4, previous=(t:4, i:10), leaderCommit=10, initializing? false, entries: <empty>
2019-10-15 21:43:25,133 [EventQueue-ContainerReportForContainerReportHandler] WARN  container.ContainerReportHandler (AbstractContainerReportHandler.java:updateContainerState(145)) - Container #1 is in OPEN state, but the datanode 11421ab1-19cb-4764-b505-ce794efeb49e{ip: 192.168.34.60, host: pr-hdds-2254-trunk-wbvmw-1235415744, networkLocation: /default-rack, certSerialId: null} reports an CLOSED replica.
2019-10-15 21:43:25,145 [EventQueue-ContainerReportForContainerReportHandler] WARN  container.ContainerReportHandler (AbstractContainerReportHandler.java:updateContainerState(145)) - Container #1 is in OPEN state, but the datanode f0d7c07d-0c9c-43c9-b90d-f56b2a8a0f48{ip: 192.168.34.60, host: pr-hdds-2254-trunk-wbvmw-1235415744, networkLocation: /default-rack, certSerialId: null} reports an CLOSED replica.
2019-10-15 21:43:25,334 [EventQueue-ContainerReportForContainerReportHandler] WARN  container.ContainerReportHandler (AbstractContainerReportHandler.java:updateContainerState(145)) - Container #1 is in OPEN state, but the datanode 11421ab1-19cb-4764-b505-ce794efeb49e{ip: 192.168.34.60, host: pr-hdds-2254-trunk-wbvmw-1235415744, networkLocation: /default-rack, certSerialId: null} reports an CLOSED replica.
2019-10-15 21:43:25,345 [EventQueue-ContainerReportForContainerReportHandler] WARN  container.ContainerReportHandler (AbstractContainerReportHandler.java:updateContainerState(145)) - Container #1 is in OPEN state, but the datanode f0d7c07d-0c9c-43c9-b90d-f56b2a8a0f48{ip: 192.168.34.60, host: pr-hdds-2254-trunk-wbvmw-1235415744, networkLocation: /default-rack, certSerialId: null} reports an CLOSED replica.
2019-10-15 21:43:25,421 [BlockDeletingService#2] WARN  background.BlockDeletingService (BlockDeletingService.java:isDeletionAllowed(187)) - Close Container log Index 6 is not replicated across allthe servers in the pipeline a3e553f0-b812-4dfc-8692-39ca588449f8 as the min replicated index is 4. Deletion is not allowed in this container yet.
2019-10-15 21:43:25,421 [BlockDeletingService#2] WARN  background.BlockDeletingService (BlockDeletingService.java:isDeletionAllowed(187)) - Close Container log Index 6 is not replicated across allthe servers in the pipeline a3e553f0-b812-4dfc-8692-39ca588449f8 as the min replicated index is 4. Deletion is not allowed in this container yet.
2019-10-15 21:43:25,534 [EventQueue-ContainerReportForContainerReportHandler] WARN  container.ContainerReportHandler (AbstractContainerReportHandler.java:updateContainerState(145)) - Container #1 is in OPEN state, but the datanode 11421ab1-19cb-4764-b505-ce794efeb49e{ip: 192.168.34.60, host: pr-hdds-2254-trunk-wbvmw-1235415744, networkLocation: /default-rack, certSerialId: null} reports an CLOSED replica.
2019-10-15 21:43:25,746 [EventQueue-ContainerReportForContainerReportHandler] WARN  container.ContainerReportHandler (AbstractContainerReportHandler.java:updateContainerState(145)) - Container #1 is in OPEN state, but the datanode f0d7c07d-0c9c-43c9-b90d-f56b2a8a0f48{ip: 192.168.34.60, host: pr-hdds-2254-trunk-wbvmw-1235415744, networkLocation: /default-rack, certSerialId: null} reports an CLOSED replica.
2019-10-15 21:43:25,833 [EventQueue-ContainerReportForContainerReportHandler] WARN  container.ContainerReportHandler (AbstractContainerReportHandler.java:updateContainerState(145)) - Container #1 is in OPEN state, but the datanode 11421ab1-19cb-4764-b505-ce794efeb49e{ip: 192.168.34.60, host: pr-hdds-2254-trunk-wbvmw-1235415744, networkLocation: /default-rack, certSerialId: null} reports an CLOSED replica.
2019-10-15 21:43:26,046 [EventQueue-ContainerReportForContainerReportHandler] WARN  container.ContainerReportHandler (AbstractContainerReportHandler.java:updateContainerState(145)) - Container #1 is in OPEN state, but the datanode f0d7c07d-0c9c-43c9-b90d-f56b2a8a0f48{ip: 192.168.34.60, host: pr-hdds-2254-trunk-wbvmw-1235415744, networkLocation: /default-rack, certSerialId: null} reports an CLOSED replica.
2019-10-15 21:43:26,234 [EventQueue-ContainerReportForContainerReportHandler] WARN  container.ContainerReportHandler (AbstractContainerReportHandler.java:updateContainerState(145)) - Container #1 is in OPEN state, but the datanode 11421ab1-19cb-4764-b505-ce794efeb49e{ip: 192.168.34.60, host: pr-hdds-2254-trunk-wbvmw-1235415744, networkLocation: /default-rack, certSerialId: null} reports an CLOSED replica.
2019-10-15 21:43:26,247 [EventQueue-ContainerReportForContainerReportHandler] WARN  container.ContainerReportHandler (AbstractContainerReportHandler.java:updateContainerState(145)) - Container #1 is in OPEN state, but the datanode f0d7c07d-0c9c-43c9-b90d-f56b2a8a0f48{ip: 192.168.34.60, host: pr-hdds-2254-trunk-wbvmw-1235415744, networkLocation: /default-rack, certSerialId: null} reports an CLOSED replica.
2019-10-15 21:43:26,424 [BlockDeletingService#2] WARN  background.BlockDeletingService (BlockDeletingService.java:isDeletionAllowed(187)) - Close Container log Index 6 is not replicated across allthe servers in the pipeline a3e553f0-b812-4dfc-8692-39ca588449f8 as the min replicated index is 4. Deletion is not allowed in this container yet.
2019-10-15 21:43:26,424 [BlockDeletingService#2] WARN  background.BlockDeletingService (BlockDeletingService.java:isDeletionAllowed(187)) - Close Container log Index 6 is not replicated across allthe servers in the pipeline a3e553f0-b812-4dfc-8692-39ca588449f8 as the min replicated index is 4. Deletion is not allowed in this container yet.
2019-10-15 21:43:26,545 [EventQueue-ContainerReportForContainerReportHandler] WARN  container.ContainerReportHandler (AbstractContainerReportHandler.java:updateContainerState(145)) - Container #1 is in OPEN state, but the datanode f0d7c07d-0c9c-43c9-b90d-f56b2a8a0f48{ip: 192.168.34.60, host: pr-hdds-2254-trunk-wbvmw-1235415744, networkLocation: /default-rack, certSerialId: null} reports an CLOSED replica.
2019-10-15 21:43:26,636 [EventQueue-ContainerReportForContainerReportHandler] WARN  container.ContainerReportHandler (AbstractContainerReportHandler.java:updateContainerState(145)) - Container #1 is in OPEN state, but the datanode 11421ab1-19cb-4764-b505-ce794efeb49e{ip: 192.168.34.60, host: pr-hdds-2254-trunk-wbvmw-1235415744, networkLocation: /default-rack, certSerialId: null} reports an CLOSED replica.
2019-10-15 21:43:26,746 [EventQueue-ContainerReportForContainerReportHandler] WARN  container.ContainerReportHandler (AbstractContainerReportHandler.java:updateContainerState(145)) - Container #1 is in OPEN state, but the datanode f0d7c07d-0c9c-43c9-b90d-f56b2a8a0f48{ip: 192.168.34.60, host: pr-hdds-2254-trunk-wbvmw-1235415744, networkLocation: /default-rack, certSerialId: null} reports an CLOSED replica.
2019-10-15 21:43:26,940 [EventQueue-ContainerReportForContainerReportHandler] WARN  container.ContainerReportHandler (AbstractContainerReportHandler.java:updateContainerState(145)) - Container #1 is in OPEN state, but the datanode 11421ab1-19cb-4764-b505-ce794efeb49e{ip: 192.168.34.60, host: pr-hdds-2254-trunk-wbvmw-1235415744, networkLocation: /default-rack, certSerialId: null} reports an CLOSED replica.
2019-10-15 21:43:27,048 [EventQueue-ContainerReportForContainerReportHandler] WARN  container.ContainerReportHandler (AbstractContainerReportHandler.java:updateContainerState(145)) - Container #1 is in OPEN state, but the datanode f0d7c07d-0c9c-43c9-b90d-f56b2a8a0f48{ip: 192.168.34.60, host: pr-hdds-2254-trunk-wbvmw-1235415744, networkLocation: /default-rack, certSerialId: null} reports an CLOSED replica.
2019-10-15 21:43:27,235 [EventQueue-ContainerReportForContainerReportHandler] WARN  container.ContainerReportHandler (AbstractContainerReportHandler.java:updateContainerState(145)) - Container #1 is in OPEN state, but the datanode 11421ab1-19cb-4764-b505-ce794efeb49e{ip: 192.168.34.60, host: pr-hdds-2254-trunk-wbvmw-1235415744, networkLocation: /default-rack, certSerialId: null} reports an CLOSED replica.
2019-10-15 21:43:27,348 [EventQueue-ContainerReportForContainerReportHandler] WARN  container.ContainerReportHandler (AbstractContainerReportHandler.java:updateContainerState(145)) - Container #1 is in OPEN state, but the datanode f0d7c07d-0c9c-43c9-b90d-f56b2a8a0f48{ip: 192.168.34.60, host: pr-hdds-2254-trunk-wbvmw-1235415744, networkLocation: /default-rack, certSerialId: null} reports an CLOSED replica.
2019-10-15 21:43:27,427 [BlockDeletingService#2] WARN  background.BlockDeletingService (BlockDeletingService.java:isDeletionAllowed(187)) - Close Container log Index 6 is not replicated across allthe servers in the pipeline a3e553f0-b812-4dfc-8692-39ca588449f8 as the min replicated index is 4. Deletion is not allowed in this container yet.
2019-10-15 21:43:27,427 [BlockDeletingService#2] WARN  background.BlockDeletingService (BlockDeletingService.java:isDeletionAllowed(187)) - Close Container log Index 6 is not replicated across allthe servers in the pipeline a3e553f0-b812-4dfc-8692-39ca588449f8 as the min replicated index is 4. Deletion is not allowed in this container yet.
2019-10-15 21:43:27,436 [EventQueue-ContainerReportForContainerReportHandler] WARN  container.ContainerReportHandler (AbstractContainerReportHandler.java:updateContainerState(145)) - Container #1 is in OPEN state, but the datanode 11421ab1-19cb-4764-b505-ce794efeb49e{ip: 192.168.34.60, host: pr-hdds-2254-trunk-wbvmw-1235415744, networkLocation: /default-rack, certSerialId: null} reports an CLOSED replica.
2019-10-15 21:43:27,500 [java.util.concurrent.ThreadPoolExecutor$Worker@18284111[State = -1, empty queue]] WARN  server.GrpcLogAppender (GrpcLogAppender.java:timeoutAppendRequest(209)) - 11421ab1-19cb-4764-b505-ce794efeb49e@group-39CA588449F8->2e9fa5e4-44d4-40da-9b1b-fd170634e70a-GrpcLogAppender: appendEntries Timeout, request=11421ab1-19cb-4764-b505-ce794efeb49e->2e9fa5e4-44d4-40da-9b1b-fd170634e70a#27-t4, previous=(t:4, i:10), leaderCommit=10, initializing? false, entries: <empty>
2019-10-15 21:43:27,535 [Thread-350] INFO  client.GrpcClientProtocolService (GrpcClientProtocolService.java:lambda$processClientRequest$0(278)) - Failed RaftClientRequest:client-D0B527BDC3D7->f0d7c07d-0c9c-43c9-b90d-f56b2a8a0f48@group-39CA588449F8, cid=10, seq=0, Watch-ALL_COMMITTED(6), Message:<EMPTY>, reply=RaftClientReply:client-D0B527BDC3D7->f0d7c07d-0c9c-43c9-b90d-f56b2a8a0f48@group-39CA588449F8, cid=10, FAILED org.apache.ratis.protocol.NotLeaderException: Server f0d7c07d-0c9c-43c9-b90d-f56b2a8a0f48@group-39CA588449F8 is not the leader 11421ab1-19cb-4764-b505-ce794efeb49e:192.168.34.60:42577, logIndex=0, commits[f0d7c07d-0c9c-43c9-b90d-f56b2a8a0f48:c10, 2e9fa5e4-44d4-40da-9b1b-fd170634e70a:c4, 11421ab1-19cb-4764-b505-ce794efeb49e:c10]
2019-10-15 21:43:27,736 [EventQueue-ContainerReportForContainerReportHandler] WARN  container.ContainerReportHandler (AbstractContainerReportHandler.java:updateContainerState(145)) - Container #1 is in OPEN state, but the datanode 11421ab1-19cb-4764-b505-ce794efeb49e{ip: 192.168.34.60, host: pr-hdds-2254-trunk-wbvmw-1235415744, networkLocation: /default-rack, certSerialId: null} reports an CLOSED replica.
2019-10-15 21:43:27,747 [EventQueue-ContainerReportForContainerReportHandler] WARN  container.ContainerReportHandler (AbstractContainerReportHandler.java:updateContainerState(145)) - Container #1 is in OPEN state, but the datanode f0d7c07d-0c9c-43c9-b90d-f56b2a8a0f48{ip: 192.168.34.60, host: pr-hdds-2254-trunk-wbvmw-1235415744, networkLocation: /default-rack, certSerialId: null} reports an CLOSED replica.
2019-10-15 21:43:28,037 [EventQueue-ContainerReportForContainerReportHandler] WARN  container.ContainerReportHandler (AbstractContainerReportHandler.java:updateContainerState(145)) - Container #1 is in OPEN state, but the datanode 11421ab1-19cb-4764-b505-ce794efeb49e{ip: 192.168.34.60, host: pr-hdds-2254-trunk-wbvmw-1235415744, networkLocation: /default-rack, certSerialId: null} reports an CLOSED replica.
2019-10-15 21:43:28,148 [EventQueue-ContainerReportForContainerReportHandler] WARN  container.ContainerReportHandler (AbstractContainerReportHandler.java:updateContainerState(145)) - Container #1 is in OPEN state, but the datanode f0d7c07d-0c9c-43c9-b90d-f56b2a8a0f48{ip: 192.168.34.60, host: pr-hdds-2254-trunk-wbvmw-1235415744, networkLocation: /default-rack, certSerialId: null} reports an CLOSED replica.
2019-10-15 21:43:28,429 [BlockDeletingService#2] WARN  background.BlockDeletingService (BlockDeletingService.java:isDeletionAllowed(187)) - Close Container log Index 6 is not replicated across allthe servers in the pipeline a3e553f0-b812-4dfc-8692-39ca588449f8 as the min replicated index is 4. Deletion is not allowed in this container yet.
2019-10-15 21:43:28,429 [BlockDeletingService#2] WARN  background.BlockDeletingService (BlockDeletingService.java:isDeletionAllowed(187)) - Close Container log Index 6 is not replicated across allthe servers in the pipeline a3e553f0-b812-4dfc-8692-39ca588449f8 as the min replicated index is 4. Deletion is not allowed in this container yet.
2019-10-15 21:43:28,439 [EventQueue-ContainerReportForContainerReportHandler] WARN  container.ContainerReportHandler (AbstractContainerReportHandler.java:updateContainerState(145)) - Container #1 is in OPEN state, but the datanode 11421ab1-19cb-4764-b505-ce794efeb49e{ip: 192.168.34.60, host: pr-hdds-2254-trunk-wbvmw-1235415744, networkLocation: /default-rack, certSerialId: null} reports an CLOSED replica.
2019-10-15 21:43:28,449 [EventQueue-ContainerReportForContainerReportHandler] WARN  container.ContainerReportHandler (AbstractContainerReportHandler.java:updateContainerState(145)) - Container #1 is in OPEN state, but the datanode f0d7c07d-0c9c-43c9-b90d-f56b2a8a0f48{ip: 192.168.34.60, host: pr-hdds-2254-trunk-wbvmw-1235415744, networkLocation: /default-rack, certSerialId: null} reports an CLOSED replica.
2019-10-15 21:43:28,739 [EventQueue-ContainerReportForContainerReportHandler] WARN  container.ContainerReportHandler (AbstractContainerReportHandler.java:updateContainerState(145)) - Container #1 is in OPEN state, but the datanode 11421ab1-19cb-4764-b505-ce794efeb49e{ip: 192.168.34.60, host: pr-hdds-2254-trunk-wbvmw-1235415744, networkLocation: /default-rack, certSerialId: null} reports an CLOSED replica.
2019-10-15 21:43:28,756 [Thread-355] INFO  client.GrpcClientProtocolService (GrpcClientProtocolService.java:lambda$processClientRequest$0(278)) - Failed RaftClientRequest:client-D0B527BDC3D7->11421ab1-19cb-4764-b505-ce794efeb49e@group-39CA588449F8, cid=10, seq=0, Watch-ALL_COMMITTED(6), Message:<EMPTY>, reply=RaftClientReply:client-D0B527BDC3D7->11421ab1-19cb-4764-b505-ce794efeb49e@group-39CA588449F8, cid=10, FAILED org.apache.ratis.protocol.NotReplicatedException: Request with call Id 10 and log index 6 is not yet replicated to ALL_COMMITTED, logIndex=6, commits[11421ab1-19cb-4764-b505-ce794efeb49e:c10, 2e9fa5e4-44d4-40da-9b1b-fd170634e70a:c4, f0d7c07d-0c9c-43c9-b90d-f56b2a8a0f48:c10]
2019-10-15 21:43:28,850 [EventQueue-ContainerReportForContainerReportHandler] WARN  container.ContainerReportHandler (AbstractContainerReportHandler.java:updateContainerState(145)) - Container #1 is in OPEN state, but the datanode f0d7c07d-0c9c-43c9-b90d-f56b2a8a0f48{ip: 192.168.34.60, host: pr-hdds-2254-trunk-wbvmw-1235415744, networkLocation: /default-rack, certSerialId: null} reports an CLOSED replica.
2019-10-15 21:43:29,040 [EventQueue-ContainerReportForContainerReportHandler] WARN  container.ContainerReportHandler (AbstractContainerReportHandler.java:updateContainerState(145)) - Container #1 is in OPEN state, but the datanode 11421ab1-19cb-4764-b505-ce794efeb49e{ip: 192.168.34.60, host: pr-hdds-2254-trunk-wbvmw-1235415744, networkLocation: /default-rack, certSerialId: null} reports an CLOSED replica.
2019-10-15 21:43:29,050 [EventQueue-ContainerReportForContainerReportHandler] WARN  container.ContainerReportHandler (AbstractContainerReportHandler.java:updateContainerState(145)) - Container #1 is in OPEN state, but the datanode f0d7c07d-0c9c-43c9-b90d-f56b2a8a0f48{ip: 192.168.34.60, host: pr-hdds-2254-trunk-wbvmw-1235415744, networkLocation: /default-rack, certSerialId: null} reports an CLOSED replica.
2019-10-15 21:43:29,250 [EventQueue-ContainerReportForContainerReportHandler] WARN  container.ContainerReportHandler (AbstractContainerReportHandler.java:updateContainerState(145)) - Container #1 is in OPEN state, but the datanode f0d7c07d-0c9c-43c9-b90d-f56b2a8a0f48{ip: 192.168.34.60, host: pr-hdds-2254-trunk-wbvmw-1235415744, networkLocation: /default-rack, certSerialId: null} reports an CLOSED replica.
2019-10-15 21:43:29,341 [EventQueue-ContainerReportForContainerReportHandler] WARN  container.ContainerReportHandler (AbstractContainerReportHandler.java:updateContainerState(145)) - Container #1 is in OPEN state, but the datanode 11421ab1-19cb-4764-b505-ce794efeb49e{ip: 192.168.34.60, host: pr-hdds-2254-trunk-wbvmw-1235415744, networkLocation: /default-rack, certSerialId: null} reports an CLOSED replica.
2019-10-15 21:43:29,434 [BlockDeletingService#2] WARN  background.BlockDeletingService (BlockDeletingService.java:isDeletionAllowed(187)) - Close Container log Index 6 is not replicated across allthe servers in the pipeline a3e553f0-b812-4dfc-8692-39ca588449f8 as the min replicated index is 4. Deletion is not allowed in this container yet.
2019-10-15 21:43:29,434 [BlockDeletingService#2] WARN  background.BlockDeletingService (BlockDeletingService.java:isDeletionAllowed(187)) - Close Container log Index 6 is not replicated across allthe servers in the pipeline a3e553f0-b812-4dfc-8692-39ca588449f8 as the min replicated index is 4. Deletion is not allowed in this container yet.
2019-10-15 21:43:29,642 [EventQueue-ContainerReportForContainerReportHandler] WARN  container.ContainerReportHandler (AbstractContainerReportHandler.java:updateContainerState(145)) - Container #1 is in OPEN state, but the datanode 11421ab1-19cb-4764-b505-ce794efeb49e{ip: 192.168.34.60, host: pr-hdds-2254-trunk-wbvmw-1235415744, networkLocation: /default-rack, certSerialId: null} reports an CLOSED replica.
2019-10-15 21:43:29,651 [EventQueue-ContainerReportForContainerReportHandler] WARN  container.ContainerReportHandler (AbstractContainerReportHandler.java:updateContainerState(145)) - Container #1 is in OPEN state, but the datanode f0d7c07d-0c9c-43c9-b90d-f56b2a8a0f48{ip: 192.168.34.60, host: pr-hdds-2254-trunk-wbvmw-1235415744, networkLocation: /default-rack, certSerialId: null} reports an CLOSED replica.
2019-10-15 21:43:29,843 [EventQueue-ContainerReportForContainerReportHandler] WARN  container.ContainerReportHandler (AbstractContainerReportHandler.java:updateContainerState(145)) - Container #1 is in OPEN state, but the datanode 11421ab1-19cb-4764-b505-ce794efeb49e{ip: 192.168.34.60, host: pr-hdds-2254-trunk-wbvmw-1235415744, networkLocation: /default-rack, certSerialId: null} reports an CLOSED replica.
2019-10-15 21:43:30,003 [java.util.concurrent.ThreadPoolExecutor$Worker@18284111[State = -1, empty queue]] WARN  server.GrpcLogAppender (GrpcLogAppender.java:timeoutAppendRequest(209)) - 11421ab1-19cb-4764-b505-ce794efeb49e@group-39CA588449F8->2e9fa5e4-44d4-40da-9b1b-fd170634e70a-GrpcLogAppender: appendEntries Timeout, request=11421ab1-19cb-4764-b505-ce794efeb49e->2e9fa5e4-44d4-40da-9b1b-fd170634e70a#28-t4, previous=(t:4, i:10), leaderCommit=10, initializing? false, entries: <empty>
2019-10-15 21:43:30,042 [EventQueue-ContainerReportForContainerReportHandler] WARN  container.ContainerReportHandler (AbstractContainerReportHandler.java:updateContainerState(145)) - Container #1 is in OPEN state, but the datanode 11421ab1-19cb-4764-b505-ce794efeb49e{ip: 192.168.34.60, host: pr-hdds-2254-trunk-wbvmw-1235415744, networkLocation: /default-rack, certSerialId: null} reports an CLOSED replica.
2019-10-15 21:43:30,052 [EventQueue-ContainerReportForContainerReportHandler] WARN  container.ContainerReportHandler (AbstractContainerReportHandler.java:updateContainerState(145)) - Container #1 is in OPEN state, but the datanode f0d7c07d-0c9c-43c9-b90d-f56b2a8a0f48{ip: 192.168.34.60, host: pr-hdds-2254-trunk-wbvmw-1235415744, networkLocation: /default-rack, certSerialId: null} reports an CLOSED replica.
2019-10-15 21:43:30,252 [EventQueue-ContainerReportForContainerReportHandler] WARN  container.ContainerReportHandler (AbstractContainerReportHandler.java:updateContainerState(145)) - Container #1 is in OPEN state, but the datanode f0d7c07d-0c9c-43c9-b90d-f56b2a8a0f48{ip: 192.168.34.60, host: pr-hdds-2254-trunk-wbvmw-1235415744, networkLocation: /default-rack, certSerialId: null} reports an CLOSED replica.
2019-10-15 21:43:30,343 [EventQueue-ContainerReportForContainerReportHandler] WARN  container.ContainerReportHandler (AbstractContainerReportHandler.java:updateContainerState(145)) - Container #1 is in OPEN state, but the datanode 11421ab1-19cb-4764-b505-ce794efeb49e{ip: 192.168.34.60, host: pr-hdds-2254-trunk-wbvmw-1235415744, networkLocation: /default-rack, certSerialId: null} reports an CLOSED replica.
2019-10-15 21:43:30,440 [BlockDeletingService#2] WARN  background.BlockDeletingService (BlockDeletingService.java:isDeletionAllowed(187)) - Close Container log Index 6 is not replicated across allthe servers in the pipeline a3e553f0-b812-4dfc-8692-39ca588449f8 as the min replicated index is 4. Deletion is not allowed in this container yet.
2019-10-15 21:43:30,440 [BlockDeletingService#2] WARN  background.BlockDeletingService (BlockDeletingService.java:isDeletionAllowed(187)) - Close Container log Index 6 is not replicated across allthe servers in the pipeline a3e553f0-b812-4dfc-8692-39ca588449f8 as the min replicated index is 4. Deletion is not allowed in this container yet.
2019-10-15 21:43:30,542 [EventQueue-ContainerReportForContainerReportHandler] WARN  container.ContainerReportHandler (AbstractContainerReportHandler.java:updateContainerState(145)) - Container #1 is in OPEN state, but the datanode 11421ab1-19cb-4764-b505-ce794efeb49e{ip: 192.168.34.60, host: pr-hdds-2254-trunk-wbvmw-1235415744, networkLocation: /default-rack, certSerialId: null} reports an CLOSED replica.
2019-10-15 21:43:30,653 [EventQueue-ContainerReportForContainerReportHandler] WARN  container.ContainerReportHandler (AbstractContainerReportHandler.java:updateContainerState(145)) - Container #1 is in OPEN state, but the datanode f0d7c07d-0c9c-43c9-b90d-f56b2a8a0f48{ip: 192.168.34.60, host: pr-hdds-2254-trunk-wbvmw-1235415744, networkLocation: /default-rack, certSerialId: null} reports an CLOSED replica.
2019-10-15 21:43:30,743 [EventQueue-ContainerReportForContainerReportHandler] WARN  container.ContainerReportHandler (AbstractContainerReportHandler.java:updateContainerState(145)) - Container #1 is in OPEN state, but the datanode 11421ab1-19cb-4764-b505-ce794efeb49e{ip: 192.168.34.60, host: pr-hdds-2254-trunk-wbvmw-1235415744, networkLocation: /default-rack, certSerialId: null} reports an CLOSED replica.
2019-10-15 21:43:30,954 [EventQueue-ContainerReportForContainerReportHandler] WARN  container.ContainerReportHandler (AbstractContainerReportHandler.java:updateContainerState(145)) - Container #1 is in OPEN state, but the datanode f0d7c07d-0c9c-43c9-b90d-f56b2a8a0f48{ip: 192.168.34.60, host: pr-hdds-2254-trunk-wbvmw-1235415744, networkLocation: /default-rack, certSerialId: null} reports an CLOSED replica.
2019-10-15 21:43:31,043 [EventQueue-ContainerReportForContainerReportHandler] WARN  container.ContainerReportHandler (AbstractContainerReportHandler.java:updateContainerState(145)) - Container #1 is in OPEN state, but the datanode 11421ab1-19cb-4764-b505-ce794efeb49e{ip: 192.168.34.60, host: pr-hdds-2254-trunk-wbvmw-1235415744, networkLocation: /default-rack, certSerialId: null} reports an CLOSED replica.
2019-10-15 21:43:31,343 [EventQueue-ContainerReportForContainerReportHandler] WARN  container.ContainerReportHandler (AbstractContainerReportHandler.java:updateContainerState(145)) - Container #1 is in OPEN state, but the datanode 11421ab1-19cb-4764-b505-ce794efeb49e{ip: 192.168.34.60, host: pr-hdds-2254-trunk-wbvmw-1235415744, networkLocation: /default-rack, certSerialId: null} reports an CLOSED replica.
2019-10-15 21:43:31,353 [EventQueue-ContainerReportForContainerReportHandler] WARN  container.ContainerReportHandler (AbstractContainerReportHandler.java:updateContainerState(145)) - Container #1 is in OPEN state, but the datanode f0d7c07d-0c9c-43c9-b90d-f56b2a8a0f48{ip: 192.168.34.60, host: pr-hdds-2254-trunk-wbvmw-1235415744, networkLocation: /default-rack, certSerialId: null} reports an CLOSED replica.
2019-10-15 21:43:31,442 [BlockDeletingService#2] WARN  background.BlockDeletingService (BlockDeletingService.java:isDeletionAllowed(187)) - Close Container log Index 6 is not replicated across allthe servers in the pipeline a3e553f0-b812-4dfc-8692-39ca588449f8 as the min replicated index is 4. Deletion is not allowed in this container yet.
2019-10-15 21:43:31,442 [BlockDeletingService#2] WARN  background.BlockDeletingService (BlockDeletingService.java:isDeletionAllowed(187)) - Close Container log Index 6 is not replicated across allthe servers in the pipeline a3e553f0-b812-4dfc-8692-39ca588449f8 as the min replicated index is 4. Deletion is not allowed in this container yet.
2019-10-15 21:43:31,655 [EventQueue-ContainerReportForContainerReportHandler] WARN  container.ContainerReportHandler (AbstractContainerReportHandler.java:updateContainerState(145)) - Container #1 is in OPEN state, but the datanode f0d7c07d-0c9c-43c9-b90d-f56b2a8a0f48{ip: 192.168.34.60, host: pr-hdds-2254-trunk-wbvmw-1235415744, networkLocation: /default-rack, certSerialId: null} reports an CLOSED replica.
2019-10-15 21:43:31,746 [EventQueue-ContainerReportForContainerReportHandler] WARN  container.ContainerReportHandler (AbstractContainerReportHandler.java:updateContainerState(145)) - Container #1 is in OPEN state, but the datanode 11421ab1-19cb-4764-b505-ce794efeb49e{ip: 192.168.34.60, host: pr-hdds-2254-trunk-wbvmw-1235415744, networkLocation: /default-rack, certSerialId: null} reports an CLOSED replica.
2019-10-15 21:43:32,055 [EventQueue-ContainerReportForContainerReportHandler] WARN  container.ContainerReportHandler (AbstractContainerReportHandler.java:updateContainerState(145)) - Container #1 is in OPEN state, but the datanode f0d7c07d-0c9c-43c9-b90d-f56b2a8a0f48{ip: 192.168.34.60, host: pr-hdds-2254-trunk-wbvmw-1235415744, networkLocation: /default-rack, certSerialId: null} reports an CLOSED replica.
2019-10-15 21:43:32,146 [EventQueue-ContainerReportForContainerReportHandler] WARN  container.ContainerReportHandler (AbstractContainerReportHandler.java:updateContainerState(145)) - Container #1 is in OPEN state, but the datanode 11421ab1-19cb-4764-b505-ce794efeb49e{ip: 192.168.34.60, host: pr-hdds-2254-trunk-wbvmw-1235415744, networkLocation: /default-rack, certSerialId: null} reports an CLOSED replica.
2019-10-15 21:43:32,445 [BlockDeletingService#2] WARN  background.BlockDeletingService (BlockDeletingService.java:isDeletionAllowed(187)) - Close Container log Index 6 is not replicated across allthe servers in the pipeline a3e553f0-b812-4dfc-8692-39ca588449f8 as the min replicated index is 4. Deletion is not allowed in this container yet.
2019-10-15 21:43:32,445 [BlockDeletingService#2] WARN  background.BlockDeletingService (BlockDeletingService.java:isDeletionAllowed(187)) - Close Container log Index 6 is not replicated across allthe servers in the pipeline a3e553f0-b812-4dfc-8692-39ca588449f8 as the min replicated index is 4. Deletion is not allowed in this container yet.
2019-10-15 21:43:32,456 [EventQueue-ContainerReportForContainerReportHandler] WARN  container.ContainerReportHandler (AbstractContainerReportHandler.java:updateContainerState(145)) - Container #1 is in OPEN state, but the datanode f0d7c07d-0c9c-43c9-b90d-f56b2a8a0f48{ip: 192.168.34.60, host: pr-hdds-2254-trunk-wbvmw-1235415744, networkLocation: /default-rack, certSerialId: null} reports an CLOSED replica.
2019-10-15 21:43:32,504 [java.util.concurrent.ThreadPoolExecutor$Worker@18284111[State = -1, empty queue]] WARN  server.GrpcLogAppender (GrpcLogAppender.java:timeoutAppendRequest(209)) - 11421ab1-19cb-4764-b505-ce794efeb49e@group-39CA588449F8->2e9fa5e4-44d4-40da-9b1b-fd170634e70a-GrpcLogAppender: appendEntries Timeout, request=11421ab1-19cb-4764-b505-ce794efeb49e->2e9fa5e4-44d4-40da-9b1b-fd170634e70a#29-t4, previous=(t:4, i:10), leaderCommit=10, initializing? false, entries: <empty>
2019-10-15 21:43:32,547 [EventQueue-ContainerReportForContainerReportHandler] WARN  container.ContainerReportHandler (AbstractContainerReportHandler.java:updateContainerState(145)) - Container #1 is in OPEN state, but the datanode 11421ab1-19cb-4764-b505-ce794efeb49e{ip: 192.168.34.60, host: pr-hdds-2254-trunk-wbvmw-1235415744, networkLocation: /default-rack, certSerialId: null} reports an CLOSED replica.
2019-10-15 21:43:32,756 [EventQueue-ContainerReportForContainerReportHandler] WARN  container.ContainerReportHandler (AbstractContainerReportHandler.java:updateContainerState(145)) - Container #1 is in OPEN state, but the datanode f0d7c07d-0c9c-43c9-b90d-f56b2a8a0f48{ip: 192.168.34.60, host: pr-hdds-2254-trunk-wbvmw-1235415744, networkLocation: /default-rack, certSerialId: null} reports an CLOSED replica.
2019-10-15 21:43:32,848 [EventQueue-ContainerReportForContainerReportHandler] WARN  container.ContainerReportHandler (AbstractContainerReportHandler.java:updateContainerState(145)) - Container #1 is in OPEN state, but the datanode 11421ab1-19cb-4764-b505-ce794efeb49e{ip: 192.168.34.60, host: pr-hdds-2254-trunk-wbvmw-1235415744, networkLocation: /default-rack, certSerialId: null} reports an CLOSED replica.
2019-10-15 21:43:33,057 [EventQueue-ContainerReportForContainerReportHandler] WARN  container.ContainerReportHandler (AbstractContainerReportHandler.java:updateContainerState(145)) - Container #1 is in OPEN state, but the datanode f0d7c07d-0c9c-43c9-b90d-f56b2a8a0f48{ip: 192.168.34.60, host: pr-hdds-2254-trunk-wbvmw-1235415744, networkLocation: /default-rack, certSerialId: null} reports an CLOSED replica.
2019-10-15 21:43:33,250 [EventQueue-ContainerReportForContainerReportHandler] WARN  container.ContainerReportHandler (AbstractContainerReportHandler.java:updateContainerState(145)) - Container #1 is in OPEN state, but the datanode 11421ab1-19cb-4764-b505-ce794efeb49e{ip: 192.168.34.60, host: pr-hdds-2254-trunk-wbvmw-1235415744, networkLocation: /default-rack, certSerialId: null} reports an CLOSED replica.
2019-10-15 21:43:33,357 [EventQueue-ContainerReportForContainerReportHandler] WARN  container.ContainerReportHandler (AbstractContainerReportHandler.java:updateContainerState(145)) - Container #1 is in OPEN state, but the datanode f0d7c07d-0c9c-43c9-b90d-f56b2a8a0f48{ip: 192.168.34.60, host: pr-hdds-2254-trunk-wbvmw-1235415744, networkLocation: /default-rack, certSerialId: null} reports an CLOSED replica.
2019-10-15 21:43:33,448 [BlockDeletingService#2] WARN  background.BlockDeletingService (BlockDeletingService.java:isDeletionAllowed(187)) - Close Container log Index 6 is not replicated across allthe servers in the pipeline a3e553f0-b812-4dfc-8692-39ca588449f8 as the min replicated index is 4. Deletion is not allowed in this container yet.
2019-10-15 21:43:33,448 [BlockDeletingService#2] WARN  background.BlockDeletingService (BlockDeletingService.java:isDeletionAllowed(187)) - Close Container log Index 6 is not replicated across allthe servers in the pipeline a3e553f0-b812-4dfc-8692-39ca588449f8 as the min replicated index is 4. Deletion is not allowed in this container yet.
2019-10-15 21:43:33,550 [EventQueue-ContainerReportForContainerReportHandler] WARN  container.ContainerReportHandler (AbstractContainerReportHandler.java:updateContainerState(145)) - Container #1 is in OPEN state, but the datanode 11421ab1-19cb-4764-b505-ce794efeb49e{ip: 192.168.34.60, host: pr-hdds-2254-trunk-wbvmw-1235415744, networkLocation: /default-rack, certSerialId: null} reports an CLOSED replica.
2019-10-15 21:43:33,659 [EventQueue-ContainerReportForContainerReportHandler] WARN  container.ContainerReportHandler (AbstractContainerReportHandler.java:updateContainerState(145)) - Container #1 is in OPEN state, but the datanode f0d7c07d-0c9c-43c9-b90d-f56b2a8a0f48{ip: 192.168.34.60, host: pr-hdds-2254-trunk-wbvmw-1235415744, networkLocation: /default-rack, certSerialId: null} reports an CLOSED replica.
2019-10-15 21:43:33,850 [EventQueue-ContainerReportForContainerReportHandler] WARN  container.ContainerReportHandler (AbstractContainerReportHandler.java:updateContainerState(145)) - Container #1 is in OPEN state, but the datanode 11421ab1-19cb-4764-b505-ce794efeb49e{ip: 192.168.34.60, host: pr-hdds-2254-trunk-wbvmw-1235415744, networkLocation: /default-rack, certSerialId: null} reports an CLOSED replica.
2019-10-15 21:43:33,860 [EventQueue-ContainerReportForContainerReportHandler] WARN  container.ContainerReportHandler (AbstractContainerReportHandler.java:updateContainerState(145)) - Container #1 is in OPEN state, but the datanode f0d7c07d-0c9c-43c9-b90d-f56b2a8a0f48{ip: 192.168.34.60, host: pr-hdds-2254-trunk-wbvmw-1235415744, networkLocation: /default-rack, certSerialId: null} reports an CLOSED replica.
2019-10-15 21:43:34,149 [EventQueue-ContainerReportForContainerReportHandler] WARN  container.ContainerReportHandler (AbstractContainerReportHandler.java:updateContainerState(145)) - Container #1 is in OPEN state, but the datanode 11421ab1-19cb-4764-b505-ce794efeb49e{ip: 192.168.34.60, host: pr-hdds-2254-trunk-wbvmw-1235415744, networkLocation: /default-rack, certSerialId: null} reports an CLOSED replica.
2019-10-15 21:43:34,159 [EventQueue-ContainerReportForContainerReportHandler] WARN  container.ContainerReportHandler (AbstractContainerReportHandler.java:updateContainerState(145)) - Container #1 is in OPEN state, but the datanode f0d7c07d-0c9c-43c9-b90d-f56b2a8a0f48{ip: 192.168.34.60, host: pr-hdds-2254-trunk-wbvmw-1235415744, networkLocation: /default-rack, certSerialId: null} reports an CLOSED replica.
2019-10-15 21:43:34,450 [BlockDeletingService#2] WARN  background.BlockDeletingService (BlockDeletingService.java:isDeletionAllowed(187)) - Close Container log Index 6 is not replicated across allthe servers in the pipeline a3e553f0-b812-4dfc-8692-39ca588449f8 as the min replicated index is 4. Deletion is not allowed in this container yet.
2019-10-15 21:43:34,450 [BlockDeletingService#2] WARN  background.BlockDeletingService (BlockDeletingService.java:isDeletionAllowed(187)) - Close Container log Index 6 is not replicated across allthe servers in the pipeline a3e553f0-b812-4dfc-8692-39ca588449f8 as the min replicated index is 4. Deletion is not allowed in this container yet.
2019-10-15 21:43:34,549 [EventQueue-ContainerReportForContainerReportHandler] WARN  container.ContainerReportHandler (AbstractContainerReportHandler.java:updateContainerState(145)) - Container #1 is in OPEN state, but the datanode 11421ab1-19cb-4764-b505-ce794efeb49e{ip: 192.168.34.60, host: pr-hdds-2254-trunk-wbvmw-1235415744, networkLocation: /default-rack, certSerialId: null} reports an CLOSED replica.
2019-10-15 21:43:34,560 [EventQueue-ContainerReportForContainerReportHandler] WARN  container.ContainerReportHandler (AbstractContainerReportHandler.java:updateContainerState(145)) - Container #1 is in OPEN state, but the datanode f0d7c07d-0c9c-43c9-b90d-f56b2a8a0f48{ip: 192.168.34.60, host: pr-hdds-2254-trunk-wbvmw-1235415744, networkLocation: /default-rack, certSerialId: null} reports an CLOSED replica.
2019-10-15 21:43:34,760 [EventQueue-ContainerReportForContainerReportHandler] WARN  container.ContainerReportHandler (AbstractContainerReportHandler.java:updateContainerState(145)) - Container #1 is in OPEN state, but the datanode f0d7c07d-0c9c-43c9-b90d-f56b2a8a0f48{ip: 192.168.34.60, host: pr-hdds-2254-trunk-wbvmw-1235415744, networkLocation: /default-rack, certSerialId: null} reports an CLOSED replica.
2019-10-15 21:43:34,850 [EventQueue-ContainerReportForContainerReportHandler] WARN  container.ContainerReportHandler (AbstractContainerReportHandler.java:updateContainerState(145)) - Container #1 is in OPEN state, but the datanode 11421ab1-19cb-4764-b505-ce794efeb49e{ip: 192.168.34.60, host: pr-hdds-2254-trunk-wbvmw-1235415744, networkLocation: /default-rack, certSerialId: null} reports an CLOSED replica.
2019-10-15 21:43:34,960 [EventQueue-ContainerReportForContainerReportHandler] WARN  container.ContainerReportHandler (AbstractContainerReportHandler.java:updateContainerState(145)) - Container #1 is in OPEN state, but the datanode f0d7c07d-0c9c-43c9-b90d-f56b2a8a0f48{ip: 192.168.34.60, host: pr-hdds-2254-trunk-wbvmw-1235415744, networkLocation: /default-rack, certSerialId: null} reports an CLOSED replica.
2019-10-15 21:43:35,005 [java.util.concurrent.ThreadPoolExecutor$Worker@18284111[State = -1, empty queue]] WARN  server.GrpcLogAppender (GrpcLogAppender.java:timeoutAppendRequest(209)) - 11421ab1-19cb-4764-b505-ce794efeb49e@group-39CA588449F8->2e9fa5e4-44d4-40da-9b1b-fd170634e70a-GrpcLogAppender: appendEntries Timeout, request=11421ab1-19cb-4764-b505-ce794efeb49e->2e9fa5e4-44d4-40da-9b1b-fd170634e70a#30-t4, previous=(t:4, i:10), leaderCommit=10, initializing? false, entries: <empty>
2019-10-15 21:43:35,150 [EventQueue-ContainerReportForContainerReportHandler] WARN  container.ContainerReportHandler (AbstractContainerReportHandler.java:updateContainerState(145)) - Container #1 is in OPEN state, but the datanode 11421ab1-19cb-4764-b505-ce794efeb49e{ip: 192.168.34.60, host: pr-hdds-2254-trunk-wbvmw-1235415744, networkLocation: /default-rack, certSerialId: null} reports an CLOSED replica.
2019-10-15 21:43:35,260 [EventQueue-ContainerReportForContainerReportHandler] WARN  container.ContainerReportHandler (AbstractContainerReportHandler.java:updateContainerState(145)) - Container #1 is in OPEN state, but the datanode f0d7c07d-0c9c-43c9-b90d-f56b2a8a0f48{ip: 192.168.34.60, host: pr-hdds-2254-trunk-wbvmw-1235415744, networkLocation: /default-rack, certSerialId: null} reports an CLOSED replica.
2019-10-15 21:43:35,451 [BlockDeletingService#2] WARN  background.BlockDeletingService (BlockDeletingService.java:isDeletionAllowed(187)) - Close Container log Index 6 is not replicated across allthe servers in the pipeline a3e553f0-b812-4dfc-8692-39ca588449f8 as the min replicated index is 4. Deletion is not allowed in this container yet.
2019-10-15 21:43:35,451 [BlockDeletingService#2] WARN  background.BlockDeletingService (BlockDeletingService.java:isDeletionAllowed(187)) - Close Container log Index 6 is not replicated across allthe servers in the pipeline a3e553f0-b812-4dfc-8692-39ca588449f8 as the min replicated index is 4. Deletion is not allowed in this container yet.
2019-10-15 21:43:35,551 [EventQueue-ContainerReportForContainerReportHandler] WARN  container.ContainerReportHandler (AbstractContainerReportHandler.java:updateContainerState(145)) - Container #1 is in OPEN state, but the datanode 11421ab1-19cb-4764-b505-ce794efeb49e{ip: 192.168.34.60, host: pr-hdds-2254-trunk-wbvmw-1235415744, networkLocation: /default-rack, certSerialId: null} reports an CLOSED replica.
2019-10-15 21:43:35,561 [EventQueue-ContainerReportForContainerReportHandler] WARN  container.ContainerReportHandler (AbstractContainerReportHandler.java:updateContainerState(145)) - Container #1 is in OPEN state, but the datanode f0d7c07d-0c9c-43c9-b90d-f56b2a8a0f48{ip: 192.168.34.60, host: pr-hdds-2254-trunk-wbvmw-1235415744, networkLocation: /default-rack, certSerialId: null} reports an CLOSED replica.
2019-10-15 21:43:35,762 [EventQueue-ContainerReportForContainerReportHandler] WARN  container.ContainerReportHandler (AbstractContainerReportHandler.java:updateContainerState(145)) - Container #1 is in OPEN state, but the datanode f0d7c07d-0c9c-43c9-b90d-f56b2a8a0f48{ip: 192.168.34.60, host: pr-hdds-2254-trunk-wbvmw-1235415744, networkLocation: /default-rack, certSerialId: null} reports an CLOSED replica.
2019-10-15 21:43:35,851 [EventQueue-ContainerReportForContainerReportHandler] WARN  container.ContainerReportHandler (AbstractContainerReportHandler.java:updateContainerState(145)) - Container #1 is in OPEN state, but the datanode 11421ab1-19cb-4764-b505-ce794efeb49e{ip: 192.168.34.60, host: pr-hdds-2254-trunk-wbvmw-1235415744, networkLocation: /default-rack, certSerialId: null} reports an CLOSED replica.
2019-10-15 21:43:35,962 [EventQueue-ContainerReportForContainerReportHandler] WARN  container.ContainerReportHandler (AbstractContainerReportHandler.java:updateContainerState(145)) - Container #1 is in OPEN state, but the datanode f0d7c07d-0c9c-43c9-b90d-f56b2a8a0f48{ip: 192.168.34.60, host: pr-hdds-2254-trunk-wbvmw-1235415744, networkLocation: /default-rack, certSerialId: null} reports an CLOSED replica.
2019-10-15 21:43:36,152 [EventQueue-ContainerReportForContainerReportHandler] WARN  container.ContainerReportHandler (AbstractContainerReportHandler.java:updateContainerState(145)) - Container #1 is in OPEN state, but the datanode 11421ab1-19cb-4764-b505-ce794efeb49e{ip: 192.168.34.60, host: pr-hdds-2254-trunk-wbvmw-1235415744, networkLocation: /default-rack, certSerialId: null} reports an CLOSED replica.
2019-10-15 21:43:36,353 [EventQueue-ContainerReportForContainerReportHandler] WARN  container.ContainerReportHandler (AbstractContainerReportHandler.java:updateContainerState(145)) - Container #1 is in OPEN state, but the datanode 11421ab1-19cb-4764-b505-ce794efeb49e{ip: 192.168.34.60, host: pr-hdds-2254-trunk-wbvmw-1235415744, networkLocation: /default-rack, certSerialId: null} reports an CLOSED replica.
2019-10-15 21:43:36,362 [EventQueue-ContainerReportForContainerReportHandler] WARN  container.ContainerReportHandler (AbstractContainerReportHandler.java:updateContainerState(145)) - Container #1 is in OPEN state, but the datanode f0d7c07d-0c9c-43c9-b90d-f56b2a8a0f48{ip: 192.168.34.60, host: pr-hdds-2254-trunk-wbvmw-1235415744, networkLocation: /default-rack, certSerialId: null} reports an CLOSED replica.
2019-10-15 21:43:36,453 [BlockDeletingService#2] WARN  background.BlockDeletingService (BlockDeletingService.java:isDeletionAllowed(187)) - Close Container log Index 6 is not replicated across allthe servers in the pipeline a3e553f0-b812-4dfc-8692-39ca588449f8 as the min replicated index is 4. Deletion is not allowed in this container yet.
2019-10-15 21:43:36,453 [BlockDeletingService#2] WARN  background.BlockDeletingService (BlockDeletingService.java:isDeletionAllowed(187)) - Close Container log Index 6 is not replicated across allthe servers in the pipeline a3e553f0-b812-4dfc-8692-39ca588449f8 as the min replicated index is 4. Deletion is not allowed in this container yet.
2019-10-15 21:43:36,563 [EventQueue-ContainerReportForContainerReportHandler] WARN  container.ContainerReportHandler (AbstractContainerReportHandler.java:updateContainerState(145)) - Container #1 is in OPEN state, but the datanode f0d7c07d-0c9c-43c9-b90d-f56b2a8a0f48{ip: 192.168.34.60, host: pr-hdds-2254-trunk-wbvmw-1235415744, networkLocation: /default-rack, certSerialId: null} reports an CLOSED replica.
2019-10-15 21:43:36,567 [Thread-377] INFO  client.GrpcClientProtocolService (GrpcClientProtocolService.java:lambda$processClientRequest$0(278)) - Failed RaftClientRequest:client-D0B527BDC3D7->f0d7c07d-0c9c-43c9-b90d-f56b2a8a0f48@group-39CA588449F8, cid=10, seq=0, Watch-ALL_COMMITTED(6), Message:<EMPTY>, reply=RaftClientReply:client-D0B527BDC3D7->f0d7c07d-0c9c-43c9-b90d-f56b2a8a0f48@group-39CA588449F8, cid=10, FAILED org.apache.ratis.protocol.NotLeaderException: Server f0d7c07d-0c9c-43c9-b90d-f56b2a8a0f48@group-39CA588449F8 is not the leader 11421ab1-19cb-4764-b505-ce794efeb49e:192.168.34.60:42577, logIndex=0, commits[f0d7c07d-0c9c-43c9-b90d-f56b2a8a0f48:c10, 2e9fa5e4-44d4-40da-9b1b-fd170634e70a:c4, 11421ab1-19cb-4764-b505-ce794efeb49e:c10]
2019-10-15 21:43:36,654 [EventQueue-ContainerReportForContainerReportHandler] WARN  container.ContainerReportHandler (AbstractContainerReportHandler.java:updateContainerState(145)) - Container #1 is in OPEN state, but the datanode 11421ab1-19cb-4764-b505-ce794efeb49e{ip: 192.168.34.60, host: pr-hdds-2254-trunk-wbvmw-1235415744, networkLocation: /default-rack, certSerialId: null} reports an CLOSED replica.
2019-10-15 21:43:36,861 [EventQueue-ContainerReportForContainerReportHandler] WARN  container.ContainerReportHandler (AbstractContainerReportHandler.java:updateContainerState(145)) - Container #1 is in OPEN state, but the datanode f0d7c07d-0c9c-43c9-b90d-f56b2a8a0f48{ip: 192.168.34.60, host: pr-hdds-2254-trunk-wbvmw-1235415744, networkLocation: /default-rack, certSerialId: null} reports an CLOSED replica.
2019-10-15 21:43:36,956 [EventQueue-ContainerReportForContainerReportHandler] WARN  container.ContainerReportHandler (AbstractContainerReportHandler.java:updateContainerState(145)) - Container #1 is in OPEN state, but the datanode 11421ab1-19cb-4764-b505-ce794efeb49e{ip: 192.168.34.60, host: pr-hdds-2254-trunk-wbvmw-1235415744, networkLocation: /default-rack, certSerialId: null} reports an CLOSED replica.
2019-10-15 21:43:37,164 [EventQueue-ContainerReportForContainerReportHandler] WARN  container.ContainerReportHandler (AbstractContainerReportHandler.java:updateContainerState(145)) - Container #1 is in OPEN state, but the datanode f0d7c07d-0c9c-43c9-b90d-f56b2a8a0f48{ip: 192.168.34.60, host: pr-hdds-2254-trunk-wbvmw-1235415744, networkLocation: /default-rack, certSerialId: null} reports an CLOSED replica.
2019-10-15 21:43:37,257 [EventQueue-ContainerReportForContainerReportHandler] WARN  container.ContainerReportHandler (AbstractContainerReportHandler.java:updateContainerState(145)) - Container #1 is in OPEN state, but the datanode 11421ab1-19cb-4764-b505-ce794efeb49e{ip: 192.168.34.60, host: pr-hdds-2254-trunk-wbvmw-1235415744, networkLocation: /default-rack, certSerialId: null} reports an CLOSED replica.
2019-10-15 21:43:37,362 [EventQueue-ContainerReportForContainerReportHandler] WARN  container.ContainerReportHandler (AbstractContainerReportHandler.java:updateContainerState(145)) - Container #1 is in OPEN state, but the datanode f0d7c07d-0c9c-43c9-b90d-f56b2a8a0f48{ip: 192.168.34.60, host: pr-hdds-2254-trunk-wbvmw-1235415744, networkLocation: /default-rack, certSerialId: null} reports an CLOSED replica.
2019-10-15 21:43:37,455 [BlockDeletingService#2] WARN  background.BlockDeletingService (BlockDeletingService.java:isDeletionAllowed(187)) - Close Container log Index 6 is not replicated across allthe servers in the pipeline a3e553f0-b812-4dfc-8692-39ca588449f8 as the min replicated index is 4. Deletion is not allowed in this container yet.
2019-10-15 21:43:37,455 [BlockDeletingService#2] WARN  background.BlockDeletingService (BlockDeletingService.java:isDeletionAllowed(187)) - Close Container log Index 6 is not replicated across allthe servers in the pipeline a3e553f0-b812-4dfc-8692-39ca588449f8 as the min replicated index is 4. Deletion is not allowed in this container yet.
2019-10-15 21:43:37,506 [java.util.concurrent.ThreadPoolExecutor$Worker@18284111[State = -1, empty queue]] WARN  server.GrpcLogAppender (GrpcLogAppender.java:timeoutAppendRequest(209)) - 11421ab1-19cb-4764-b505-ce794efeb49e@group-39CA588449F8->2e9fa5e4-44d4-40da-9b1b-fd170634e70a-GrpcLogAppender: appendEntries Timeout, request=11421ab1-19cb-4764-b505-ce794efeb49e->2e9fa5e4-44d4-40da-9b1b-fd170634e70a#31-t4, previous=(t:4, i:10), leaderCommit=10, initializing? false, entries: <empty>
2019-10-15 21:43:37,558 [EventQueue-ContainerReportForContainerReportHandler] WARN  container.ContainerReportHandler (AbstractContainerReportHandler.java:updateContainerState(145)) - Container #1 is in OPEN state, but the datanode 11421ab1-19cb-4764-b505-ce794efeb49e{ip: 192.168.34.60, host: pr-hdds-2254-trunk-wbvmw-1235415744, networkLocation: /default-rack, certSerialId: null} reports an CLOSED replica.
2019-10-15 21:43:37,662 [EventQueue-ContainerReportForContainerReportHandler] WARN  container.ContainerReportHandler (AbstractContainerReportHandler.java:updateContainerState(145)) - Container #1 is in OPEN state, but the datanode f0d7c07d-0c9c-43c9-b90d-f56b2a8a0f48{ip: 192.168.34.60, host: pr-hdds-2254-trunk-wbvmw-1235415744, networkLocation: /default-rack, certSerialId: null} reports an CLOSED replica.
2019-10-15 21:43:37,755 [Thread-384] INFO  client.GrpcClientProtocolService (GrpcClientProtocolService.java:lambda$processClientRequest$0(278)) - Failed RaftClientRequest:client-D0B527BDC3D7->11421ab1-19cb-4764-b505-ce794efeb49e@group-39CA588449F8, cid=10, seq=0, Watch-ALL_COMMITTED(6), Message:<EMPTY>, reply=RaftClientReply:client-D0B527BDC3D7->11421ab1-19cb-4764-b505-ce794efeb49e@group-39CA588449F8, cid=10, FAILED org.apache.ratis.protocol.NotReplicatedException: Request with call Id 10 and log index 6 is not yet replicated to ALL_COMMITTED, logIndex=6, commits[11421ab1-19cb-4764-b505-ce794efeb49e:c10, 2e9fa5e4-44d4-40da-9b1b-fd170634e70a:c4, f0d7c07d-0c9c-43c9-b90d-f56b2a8a0f48:c10]
2019-10-15 21:43:37,958 [EventQueue-ContainerReportForContainerReportHandler] WARN  container.ContainerReportHandler (AbstractContainerReportHandler.java:updateContainerState(145)) - Container #1 is in OPEN state, but the datanode 11421ab1-19cb-4764-b505-ce794efeb49e{ip: 192.168.34.60, host: pr-hdds-2254-trunk-wbvmw-1235415744, networkLocation: /default-rack, certSerialId: null} reports an CLOSED replica.
2019-10-15 21:43:37,963 [EventQueue-ContainerReportForContainerReportHandler] WARN  container.ContainerReportHandler (AbstractContainerReportHandler.java:updateContainerState(145)) - Container #1 is in OPEN state, but the datanode f0d7c07d-0c9c-43c9-b90d-f56b2a8a0f48{ip: 192.168.34.60, host: pr-hdds-2254-trunk-wbvmw-1235415744, networkLocation: /default-rack, certSerialId: null} reports an CLOSED replica.
2019-10-15 21:43:38,158 [EventQueue-ContainerReportForContainerReportHandler] WARN  container.ContainerReportHandler (AbstractContainerReportHandler.java:updateContainerState(145)) - Container #1 is in OPEN state, but the datanode 11421ab1-19cb-4764-b505-ce794efeb49e{ip: 192.168.34.60, host: pr-hdds-2254-trunk-wbvmw-1235415744, networkLocation: /default-rack, certSerialId: null} reports an CLOSED replica.
2019-10-15 21:43:38,364 [EventQueue-ContainerReportForContainerReportHandler] WARN  container.ContainerReportHandler (AbstractContainerReportHandler.java:updateContainerState(145)) - Container #1 is in OPEN state, but the datanode f0d7c07d-0c9c-43c9-b90d-f56b2a8a0f48{ip: 192.168.34.60, host: pr-hdds-2254-trunk-wbvmw-1235415744, networkLocation: /default-rack, certSerialId: null} reports an CLOSED replica.
2019-10-15 21:43:38,458 [BlockDeletingService#2] WARN  background.BlockDeletingService (BlockDeletingService.java:isDeletionAllowed(187)) - Close Container log Index 6 is not replicated across allthe servers in the pipeline a3e553f0-b812-4dfc-8692-39ca588449f8 as the min replicated index is 4. Deletion is not allowed in this container yet.
2019-10-15 21:43:38,459 [BlockDeletingService#2] WARN  background.BlockDeletingService (BlockDeletingService.java:isDeletionAllowed(187)) - Close Container log Index 6 is not replicated across allthe servers in the pipeline a3e553f0-b812-4dfc-8692-39ca588449f8 as the min replicated index is 4. Deletion is not allowed in this container yet.
2019-10-15 21:43:38,460 [EventQueue-ContainerReportForContainerReportHandler] WARN  container.ContainerReportHandler (AbstractContainerReportHandler.java:updateContainerState(145)) - Container #1 is in OPEN state, but the datanode 11421ab1-19cb-4764-b505-ce794efeb49e{ip: 192.168.34.60, host: pr-hdds-2254-trunk-wbvmw-1235415744, networkLocation: /default-rack, certSerialId: null} reports an CLOSED replica.
2019-10-15 21:43:38,564 [EventQueue-ContainerReportForContainerReportHandler] WARN  container.ContainerReportHandler (AbstractContainerReportHandler.java:updateContainerState(145)) - Container #1 is in OPEN state, but the datanode f0d7c07d-0c9c-43c9-b90d-f56b2a8a0f48{ip: 192.168.34.60, host: pr-hdds-2254-trunk-wbvmw-1235415744, networkLocation: /default-rack, certSerialId: null} reports an CLOSED replica.
2019-10-15 21:43:38,764 [EventQueue-ContainerReportForContainerReportHandler] WARN  container.ContainerReportHandler (AbstractContainerReportHandler.java:updateContainerState(145)) - Container #1 is in OPEN state, but the datanode f0d7c07d-0c9c-43c9-b90d-f56b2a8a0f48{ip: 192.168.34.60, host: pr-hdds-2254-trunk-wbvmw-1235415744, networkLocation: /default-rack, certSerialId: null} reports an CLOSED replica.
2019-10-15 21:43:38,861 [EventQueue-ContainerReportForContainerReportHandler] WARN  container.ContainerReportHandler (AbstractContainerReportHandler.java:updateContainerState(145)) - Container #1 is in OPEN state, but the datanode 11421ab1-19cb-4764-b505-ce794efeb49e{ip: 192.168.34.60, host: pr-hdds-2254-trunk-wbvmw-1235415744, networkLocation: /default-rack, certSerialId: null} reports an CLOSED replica.
2019-10-15 21:43:38,964 [EventQueue-ContainerReportForContainerReportHandler] WARN  container.ContainerReportHandler (AbstractContainerReportHandler.java:updateContainerState(145)) - Container #1 is in OPEN state, but the datanode f0d7c07d-0c9c-43c9-b90d-f56b2a8a0f48{ip: 192.168.34.60, host: pr-hdds-2254-trunk-wbvmw-1235415744, networkLocation: /default-rack, certSerialId: null} reports an CLOSED replica.
2019-10-15 21:43:39,061 [EventQueue-ContainerReportForContainerReportHandler] WARN  container.ContainerReportHandler (AbstractContainerReportHandler.java:updateContainerState(145)) - Container #1 is in OPEN state, but the datanode 11421ab1-19cb-4764-b505-ce794efeb49e{ip: 192.168.34.60, host: pr-hdds-2254-trunk-wbvmw-1235415744, networkLocation: /default-rack, certSerialId: null} reports an CLOSED replica.
2019-10-15 21:43:39,362 [EventQueue-ContainerReportForContainerReportHandler] WARN  container.ContainerReportHandler (AbstractContainerReportHandler.java:updateContainerState(145)) - Container #1 is in OPEN state, but the datanode 11421ab1-19cb-4764-b505-ce794efeb49e{ip: 192.168.34.60, host: pr-hdds-2254-trunk-wbvmw-1235415744, networkLocation: /default-rack, certSerialId: null} reports an CLOSED replica.
2019-10-15 21:43:39,365 [EventQueue-ContainerReportForContainerReportHandler] WARN  container.ContainerReportHandler (AbstractContainerReportHandler.java:updateContainerState(145)) - Container #1 is in OPEN state, but the datanode f0d7c07d-0c9c-43c9-b90d-f56b2a8a0f48{ip: 192.168.34.60, host: pr-hdds-2254-trunk-wbvmw-1235415744, networkLocation: /default-rack, certSerialId: null} reports an CLOSED replica.
2019-10-15 21:43:39,464 [BlockDeletingService#2] WARN  background.BlockDeletingService (BlockDeletingService.java:isDeletionAllowed(187)) - Close Container log Index 6 is not replicated across allthe servers in the pipeline a3e553f0-b812-4dfc-8692-39ca588449f8 as the min replicated index is 4. Deletion is not allowed in this container yet.
2019-10-15 21:43:39,464 [BlockDeletingService#2] WARN  background.BlockDeletingService (BlockDeletingService.java:isDeletionAllowed(187)) - Close Container log Index 6 is not replicated across allthe servers in the pipeline a3e553f0-b812-4dfc-8692-39ca588449f8 as the min replicated index is 4. Deletion is not allowed in this container yet.
2019-10-15 21:43:39,663 [EventQueue-ContainerReportForContainerReportHandler] WARN  container.ContainerReportHandler (AbstractContainerReportHandler.java:updateContainerState(145)) - Container #1 is in OPEN state, but the datanode 11421ab1-19cb-4764-b505-ce794efeb49e{ip: 192.168.34.60, host: pr-hdds-2254-trunk-wbvmw-1235415744, networkLocation: /default-rack, certSerialId: null} reports an CLOSED replica.
2019-10-15 21:43:39,665 [EventQueue-ContainerReportForContainerReportHandler] WARN  container.ContainerReportHandler (AbstractContainerReportHandler.java:updateContainerState(145)) - Container #1 is in OPEN state, but the datanode f0d7c07d-0c9c-43c9-b90d-f56b2a8a0f48{ip: 192.168.34.60, host: pr-hdds-2254-trunk-wbvmw-1235415744, networkLocation: /default-rack, certSerialId: null} reports an CLOSED replica.
2019-10-15 21:43:39,964 [EventQueue-ContainerReportForContainerReportHandler] WARN  container.ContainerReportHandler (AbstractContainerReportHandler.java:updateContainerState(145)) - Container #1 is in OPEN state, but the datanode 11421ab1-19cb-4764-b505-ce794efeb49e{ip: 192.168.34.60, host: pr-hdds-2254-trunk-wbvmw-1235415744, networkLocation: /default-rack, certSerialId: null} reports an CLOSED replica.
2019-10-15 21:43:40,007 [java.util.concurrent.ThreadPoolExecutor$Worker@18284111[State = -1, empty queue]] WARN  server.GrpcLogAppender (GrpcLogAppender.java:timeoutAppendRequest(209)) - 11421ab1-19cb-4764-b505-ce794efeb49e@group-39CA588449F8->2e9fa5e4-44d4-40da-9b1b-fd170634e70a-GrpcLogAppender: appendEntries Timeout, request=11421ab1-19cb-4764-b505-ce794efeb49e->2e9fa5e4-44d4-40da-9b1b-fd170634e70a#32-t4, previous=(t:4, i:10), leaderCommit=10, initializing? false, entries: <empty>
2019-10-15 21:43:40,065 [EventQueue-ContainerReportForContainerReportHandler] WARN  container.ContainerReportHandler (AbstractContainerReportHandler.java:updateContainerState(145)) - Container #1 is in OPEN state, but the datanode f0d7c07d-0c9c-43c9-b90d-f56b2a8a0f48{ip: 192.168.34.60, host: pr-hdds-2254-trunk-wbvmw-1235415744, networkLocation: /default-rack, certSerialId: null} reports an CLOSED replica.
2019-10-15 21:43:40,163 [EventQueue-ContainerReportForContainerReportHandler] WARN  container.ContainerReportHandler (AbstractContainerReportHandler.java:updateContainerState(145)) - Container #1 is in OPEN state, but the datanode 11421ab1-19cb-4764-b505-ce794efeb49e{ip: 192.168.34.60, host: pr-hdds-2254-trunk-wbvmw-1235415744, networkLocation: /default-rack, certSerialId: null} reports an CLOSED replica.
2019-10-15 21:43:40,265 [EventQueue-ContainerReportForContainerReportHandler] WARN  container.ContainerReportHandler (AbstractContainerReportHandler.java:updateContainerState(145)) - Container #1 is in OPEN state, but the datanode f0d7c07d-0c9c-43c9-b90d-f56b2a8a0f48{ip: 192.168.34.60, host: pr-hdds-2254-trunk-wbvmw-1235415744, networkLocation: /default-rack, certSerialId: null} reports an CLOSED replica.
2019-10-15 21:43:40,463 [EventQueue-ContainerReportForContainerReportHandler] WARN  container.ContainerReportHandler (AbstractContainerReportHandler.java:updateContainerState(145)) - Container #1 is in OPEN state, but the datanode 11421ab1-19cb-4764-b505-ce794efeb49e{ip: 192.168.34.60, host: pr-hdds-2254-trunk-wbvmw-1235415744, networkLocation: /default-rack, certSerialId: null} reports an CLOSED replica.
2019-10-15 21:43:40,465 [EventQueue-ContainerReportForContainerReportHandler] WARN  container.ContainerReportHandler (AbstractContainerReportHandler.java:updateContainerState(145)) - Container #1 is in OPEN state, but the datanode f0d7c07d-0c9c-43c9-b90d-f56b2a8a0f48{ip: 192.168.34.60, host: pr-hdds-2254-trunk-wbvmw-1235415744, networkLocation: /default-rack, certSerialId: null} reports an CLOSED replica.
2019-10-15 21:43:40,467 [BlockDeletingService#2] WARN  background.BlockDeletingService (BlockDeletingService.java:isDeletionAllowed(187)) - Close Container log Index 6 is not replicated across allthe servers in the pipeline a3e553f0-b812-4dfc-8692-39ca588449f8 as the min replicated index is 4. Deletion is not allowed in this container yet.
2019-10-15 21:43:40,467 [BlockDeletingService#2] WARN  background.BlockDeletingService (BlockDeletingService.java:isDeletionAllowed(187)) - Close Container log Index 6 is not replicated across allthe servers in the pipeline a3e553f0-b812-4dfc-8692-39ca588449f8 as the min replicated index is 4. Deletion is not allowed in this container yet.
2019-10-15 21:43:40,666 [EventQueue-ContainerReportForContainerReportHandler] WARN  container.ContainerReportHandler (AbstractContainerReportHandler.java:updateContainerState(145)) - Container #1 is in OPEN state, but the datanode f0d7c07d-0c9c-43c9-b90d-f56b2a8a0f48{ip: 192.168.34.60, host: pr-hdds-2254-trunk-wbvmw-1235415744, networkLocation: /default-rack, certSerialId: null} reports an CLOSED replica.
2019-10-15 21:43:40,764 [EventQueue-ContainerReportForContainerReportHandler] WARN  container.ContainerReportHandler (AbstractContainerReportHandler.java:updateContainerState(145)) - Container #1 is in OPEN state, but the datanode 11421ab1-19cb-4764-b505-ce794efeb49e{ip: 192.168.34.60, host: pr-hdds-2254-trunk-wbvmw-1235415744, networkLocation: /default-rack, certSerialId: null} reports an CLOSED replica.
2019-10-15 21:43:41,064 [EventQueue-ContainerReportForContainerReportHandler] WARN  container.ContainerReportHandler (AbstractContainerReportHandler.java:updateContainerState(145)) - Container #1 is in OPEN state, but the datanode 11421ab1-19cb-4764-b505-ce794efeb49e{ip: 192.168.34.60, host: pr-hdds-2254-trunk-wbvmw-1235415744, networkLocation: /default-rack, certSerialId: null} reports an CLOSED replica.
2019-10-15 21:43:41,066 [EventQueue-ContainerReportForContainerReportHandler] WARN  container.ContainerReportHandler (AbstractContainerReportHandler.java:updateContainerState(145)) - Container #1 is in OPEN state, but the datanode f0d7c07d-0c9c-43c9-b90d-f56b2a8a0f48{ip: 192.168.34.60, host: pr-hdds-2254-trunk-wbvmw-1235415744, networkLocation: /default-rack, certSerialId: null} reports an CLOSED replica.
2019-10-15 21:43:41,364 [EventQueue-ContainerReportForContainerReportHandler] WARN  container.ContainerReportHandler (AbstractContainerReportHandler.java:updateContainerState(145)) - Container #1 is in OPEN state, but the datanode 11421ab1-19cb-4764-b505-ce794efeb49e{ip: 192.168.34.60, host: pr-hdds-2254-trunk-wbvmw-1235415744, networkLocation: /default-rack, certSerialId: null} reports an CLOSED replica.
2019-10-15 21:43:41,366 [EventQueue-ContainerReportForContainerReportHandler] WARN  container.ContainerReportHandler (AbstractContainerReportHandler.java:updateContainerState(145)) - Container #1 is in OPEN state, but the datanode f0d7c07d-0c9c-43c9-b90d-f56b2a8a0f48{ip: 192.168.34.60, host: pr-hdds-2254-trunk-wbvmw-1235415744, networkLocation: /default-rack, certSerialId: null} reports an CLOSED replica.
2019-10-15 21:43:41,469 [BlockDeletingService#2] WARN  background.BlockDeletingService (BlockDeletingService.java:isDeletionAllowed(187)) - Close Container log Index 6 is not replicated across allthe servers in the pipeline a3e553f0-b812-4dfc-8692-39ca588449f8 as the min replicated index is 4. Deletion is not allowed in this container yet.
2019-10-15 21:43:41,469 [BlockDeletingService#2] WARN  background.BlockDeletingService (BlockDeletingService.java:isDeletionAllowed(187)) - Close Container log Index 6 is not replicated across allthe servers in the pipeline a3e553f0-b812-4dfc-8692-39ca588449f8 as the min replicated index is 4. Deletion is not allowed in this container yet.
2019-10-15 21:43:41,664 [EventQueue-ContainerReportForContainerReportHandler] WARN  container.ContainerReportHandler (AbstractContainerReportHandler.java:updateContainerState(145)) - Container #1 is in OPEN state, but the datanode 11421ab1-19cb-4764-b505-ce794efeb49e{ip: 192.168.34.60, host: pr-hdds-2254-trunk-wbvmw-1235415744, networkLocation: /default-rack, certSerialId: null} reports an CLOSED replica.
2019-10-15 21:43:41,667 [EventQueue-ContainerReportForContainerReportHandler] WARN  container.ContainerReportHandler (AbstractContainerReportHandler.java:updateContainerState(145)) - Container #1 is in OPEN state, but the datanode f0d7c07d-0c9c-43c9-b90d-f56b2a8a0f48{ip: 192.168.34.60, host: pr-hdds-2254-trunk-wbvmw-1235415744, networkLocation: /default-rack, certSerialId: null} reports an CLOSED replica.
2019-10-15 21:43:41,967 [EventQueue-ContainerReportForContainerReportHandler] WARN  container.ContainerReportHandler (AbstractContainerReportHandler.java:updateContainerState(145)) - Container #1 is in OPEN state, but the datanode f0d7c07d-0c9c-43c9-b90d-f56b2a8a0f48{ip: 192.168.34.60, host: pr-hdds-2254-trunk-wbvmw-1235415744, networkLocation: /default-rack, certSerialId: null} reports an CLOSED replica.
2019-10-15 21:43:42,064 [EventQueue-ContainerReportForContainerReportHandler] WARN  container.ContainerReportHandler (AbstractContainerReportHandler.java:updateContainerState(145)) - Container #1 is in OPEN state, but the datanode 11421ab1-19cb-4764-b505-ce794efeb49e{ip: 192.168.34.60, host: pr-hdds-2254-trunk-wbvmw-1235415744, networkLocation: /default-rack, certSerialId: null} reports an CLOSED replica.
2019-10-15 21:43:42,268 [EventQueue-ContainerReportForContainerReportHandler] WARN  container.ContainerReportHandler (AbstractContainerReportHandler.java:updateContainerState(145)) - Container #1 is in OPEN state, but the datanode f0d7c07d-0c9c-43c9-b90d-f56b2a8a0f48{ip: 192.168.34.60, host: pr-hdds-2254-trunk-wbvmw-1235415744, networkLocation: /default-rack, certSerialId: null} reports an CLOSED replica.
2019-10-15 21:43:42,465 [EventQueue-ContainerReportForContainerReportHandler] WARN  container.ContainerReportHandler (AbstractContainerReportHandler.java:updateContainerState(145)) - Container #1 is in OPEN state, but the datanode 11421ab1-19cb-4764-b505-ce794efeb49e{ip: 192.168.34.60, host: pr-hdds-2254-trunk-wbvmw-1235415744, networkLocation: /default-rack, certSerialId: null} reports an CLOSED replica.
2019-10-15 21:43:42,472 [BlockDeletingService#2] WARN  background.BlockDeletingService (BlockDeletingService.java:isDeletionAllowed(187)) - Close Container log Index 6 is not replicated across allthe servers in the pipeline a3e553f0-b812-4dfc-8692-39ca588449f8 as the min replicated index is 4. Deletion is not allowed in this container yet.
2019-10-15 21:43:42,472 [BlockDeletingService#2] WARN  background.BlockDeletingService (BlockDeletingService.java:isDeletionAllowed(187)) - Close Container log Index 6 is not replicated across allthe servers in the pipeline a3e553f0-b812-4dfc-8692-39ca588449f8 as the min replicated index is 4. Deletion is not allowed in this container yet.
2019-10-15 21:43:42,509 [java.util.concurrent.ThreadPoolExecutor$Worker@18284111[State = -1, empty queue]] WARN  server.GrpcLogAppender (GrpcLogAppender.java:timeoutAppendRequest(209)) - 11421ab1-19cb-4764-b505-ce794efeb49e@group-39CA588449F8->2e9fa5e4-44d4-40da-9b1b-fd170634e70a-GrpcLogAppender: appendEntries Timeout, request=11421ab1-19cb-4764-b505-ce794efeb49e->2e9fa5e4-44d4-40da-9b1b-fd170634e70a#33-t4, previous=(t:4, i:10), leaderCommit=10, initializing? false, entries: <empty>
2019-10-15 21:43:42,568 [EventQueue-ContainerReportForContainerReportHandler] WARN  container.ContainerReportHandler (AbstractContainerReportHandler.java:updateContainerState(145)) - Container #1 is in OPEN state, but the datanode f0d7c07d-0c9c-43c9-b90d-f56b2a8a0f48{ip: 192.168.34.60, host: pr-hdds-2254-trunk-wbvmw-1235415744, networkLocation: /default-rack, certSerialId: null} reports an CLOSED replica.
2019-10-15 21:43:42,666 [EventQueue-ContainerReportForContainerReportHandler] WARN  container.ContainerReportHandler (AbstractContainerReportHandler.java:updateContainerState(145)) - Container #1 is in OPEN state, but the datanode 11421ab1-19cb-4764-b505-ce794efeb49e{ip: 192.168.34.60, host: pr-hdds-2254-trunk-wbvmw-1235415744, networkLocation: /default-rack, certSerialId: null} reports an CLOSED replica.
2019-10-15 21:43:42,869 [EventQueue-ContainerReportForContainerReportHandler] WARN  container.ContainerReportHandler (AbstractContainerReportHandler.java:updateContainerState(145)) - Container #1 is in OPEN state, but the datanode f0d7c07d-0c9c-43c9-b90d-f56b2a8a0f48{ip: 192.168.34.60, host: pr-hdds-2254-trunk-wbvmw-1235415744, networkLocation: /default-rack, certSerialId: null} reports an CLOSED replica.
2019-10-15 21:43:42,966 [EventQueue-ContainerReportForContainerReportHandler] WARN  container.ContainerReportHandler (AbstractContainerReportHandler.java:updateContainerState(145)) - Container #1 is in OPEN state, but the datanode 11421ab1-19cb-4764-b505-ce794efeb49e{ip: 192.168.34.60, host: pr-hdds-2254-trunk-wbvmw-1235415744, networkLocation: /default-rack, certSerialId: null} reports an CLOSED replica.
2019-10-15 21:43:43,170 [EventQueue-ContainerReportForContainerReportHandler] WARN  container.ContainerReportHandler (AbstractContainerReportHandler.java:updateContainerState(145)) - Container #1 is in OPEN state, but the datanode f0d7c07d-0c9c-43c9-b90d-f56b2a8a0f48{ip: 192.168.34.60, host: pr-hdds-2254-trunk-wbvmw-1235415744, networkLocation: /default-rack, certSerialId: null} reports an CLOSED replica.
2019-10-15 21:43:43,366 [EventQueue-ContainerReportForContainerReportHandler] WARN  container.ContainerReportHandler (AbstractContainerReportHandler.java:updateContainerState(145)) - Container #1 is in OPEN state, but the datanode 11421ab1-19cb-4764-b505-ce794efeb49e{ip: 192.168.34.60, host: pr-hdds-2254-trunk-wbvmw-1235415744, networkLocation: /default-rack, certSerialId: null} reports an CLOSED replica.
2019-10-15 21:43:43,475 [BlockDeletingService#2] WARN  background.BlockDeletingService (BlockDeletingService.java:isDeletionAllowed(187)) - Close Container log Index 6 is not replicated across allthe servers in the pipeline a3e553f0-b812-4dfc-8692-39ca588449f8 as the min replicated index is 4. Deletion is not allowed in this container yet.
2019-10-15 21:43:43,475 [BlockDeletingService#2] WARN  background.BlockDeletingService (BlockDeletingService.java:isDeletionAllowed(187)) - Close Container log Index 6 is not replicated across allthe servers in the pipeline a3e553f0-b812-4dfc-8692-39ca588449f8 as the min replicated index is 4. Deletion is not allowed in this container yet.
2019-10-15 21:43:43,570 [EventQueue-ContainerReportForContainerReportHandler] WARN  container.ContainerReportHandler (AbstractContainerReportHandler.java:updateContainerState(145)) - Container #1 is in OPEN state, but the datanode f0d7c07d-0c9c-43c9-b90d-f56b2a8a0f48{ip: 192.168.34.60, host: pr-hdds-2254-trunk-wbvmw-1235415744, networkLocation: /default-rack, certSerialId: null} reports an CLOSED replica.
2019-10-15 21:43:43,666 [EventQueue-ContainerReportForContainerReportHandler] WARN  container.ContainerReportHandler (AbstractContainerReportHandler.java:updateContainerState(145)) - Container #1 is in OPEN state, but the datanode 11421ab1-19cb-4764-b505-ce794efeb49e{ip: 192.168.34.60, host: pr-hdds-2254-trunk-wbvmw-1235415744, networkLocation: /default-rack, certSerialId: null} reports an CLOSED replica.
2019-10-15 21:43:43,969 [EventQueue-ContainerReportForContainerReportHandler] WARN  container.ContainerReportHandler (AbstractContainerReportHandler.java:updateContainerState(145)) - Container #1 is in OPEN state, but the datanode f0d7c07d-0c9c-43c9-b90d-f56b2a8a0f48{ip: 192.168.34.60, host: pr-hdds-2254-trunk-wbvmw-1235415744, networkLocation: /default-rack, certSerialId: null} reports an CLOSED replica.
2019-10-15 21:43:44,068 [EventQueue-ContainerReportForContainerReportHandler] WARN  container.ContainerReportHandler (AbstractContainerReportHandler.java:updateContainerState(145)) - Container #1 is in OPEN state, but the datanode 11421ab1-19cb-4764-b505-ce794efeb49e{ip: 192.168.34.60, host: pr-hdds-2254-trunk-wbvmw-1235415744, networkLocation: /default-rack, certSerialId: null} reports an CLOSED replica.
2019-10-15 21:43:44,270 [EventQueue-ContainerReportForContainerReportHandler] WARN  container.ContainerReportHandler (AbstractContainerReportHandler.java:updateContainerState(145)) - Container #1 is in OPEN state, but the datanode f0d7c07d-0c9c-43c9-b90d-f56b2a8a0f48{ip: 192.168.34.60, host: pr-hdds-2254-trunk-wbvmw-1235415744, networkLocation: /default-rack, certSerialId: null} reports an CLOSED replica.
2019-10-15 21:43:44,368 [EventQueue-ContainerReportForContainerReportHandler] WARN  container.ContainerReportHandler (AbstractContainerReportHandler.java:updateContainerState(145)) - Container #1 is in OPEN state, but the datanode 11421ab1-19cb-4764-b505-ce794efeb49e{ip: 192.168.34.60, host: pr-hdds-2254-trunk-wbvmw-1235415744, networkLocation: /default-rack, certSerialId: null} reports an CLOSED replica.
2019-10-15 21:43:44,472 [EventQueue-ContainerReportForContainerReportHandler] WARN  container.ContainerReportHandler (AbstractContainerReportHandler.java:updateContainerState(145)) - Container #1 is in OPEN state, but the datanode f0d7c07d-0c9c-43c9-b90d-f56b2a8a0f48{ip: 192.168.34.60, host: pr-hdds-2254-trunk-wbvmw-1235415744, networkLocation: /default-rack, certSerialId: null} reports an CLOSED replica.
2019-10-15 21:43:44,478 [BlockDeletingService#2] WARN  background.BlockDeletingService (BlockDeletingService.java:isDeletionAllowed(187)) - Close Container log Index 6 is not replicated across allthe servers in the pipeline a3e553f0-b812-4dfc-8692-39ca588449f8 as the min replicated index is 4. Deletion is not allowed in this container yet.
2019-10-15 21:43:44,478 [BlockDeletingService#2] WARN  background.BlockDeletingService (BlockDeletingService.java:isDeletionAllowed(187)) - Close Container log Index 6 is not replicated across allthe servers in the pipeline a3e553f0-b812-4dfc-8692-39ca588449f8 as the min replicated index is 4. Deletion is not allowed in this container yet.
2019-10-15 21:43:44,571 [EventQueue-ContainerReportForContainerReportHandler] WARN  container.ContainerReportHandler (AbstractContainerReportHandler.java:updateContainerState(145)) - Container #1 is in OPEN state, but the datanode 11421ab1-19cb-4764-b505-ce794efeb49e{ip: 192.168.34.60, host: pr-hdds-2254-trunk-wbvmw-1235415744, networkLocation: /default-rack, certSerialId: null} reports an CLOSED replica.
2019-10-15 21:43:44,873 [EventQueue-ContainerReportForContainerReportHandler] WARN  container.ContainerReportHandler (AbstractContainerReportHandler.java:updateContainerState(145)) - Container #1 is in OPEN state, but the datanode f0d7c07d-0c9c-43c9-b90d-f56b2a8a0f48{ip: 192.168.34.60, host: pr-hdds-2254-trunk-wbvmw-1235415744, networkLocation: /default-rack, certSerialId: null} reports an CLOSED replica.
2019-10-15 21:43:44,968 [EventQueue-ContainerReportForContainerReportHandler] WARN  container.ContainerReportHandler (AbstractContainerReportHandler.java:updateContainerState(145)) - Container #1 is in OPEN state, but the datanode 11421ab1-19cb-4764-b505-ce794efeb49e{ip: 192.168.34.60, host: pr-hdds-2254-trunk-wbvmw-1235415744, networkLocation: /default-rack, certSerialId: null} reports an CLOSED replica.
2019-10-15 21:43:45,012 [java.util.concurrent.ThreadPoolExecutor$Worker@18284111[State = -1, empty queue]] WARN  server.GrpcLogAppender (GrpcLogAppender.java:timeoutAppendRequest(209)) - 11421ab1-19cb-4764-b505-ce794efeb49e@group-39CA588449F8->2e9fa5e4-44d4-40da-9b1b-fd170634e70a-GrpcLogAppender: appendEntries Timeout, request=11421ab1-19cb-4764-b505-ce794efeb49e->2e9fa5e4-44d4-40da-9b1b-fd170634e70a#34-t4, previous=(t:4, i:10), leaderCommit=10, initializing? false, entries: <empty>
2019-10-15 21:43:45,169 [EventQueue-ContainerReportForContainerReportHandler] WARN  container.ContainerReportHandler (AbstractContainerReportHandler.java:updateContainerState(145)) - Container #1 is in OPEN state, but the datanode 11421ab1-19cb-4764-b505-ce794efeb49e{ip: 192.168.34.60, host: pr-hdds-2254-trunk-wbvmw-1235415744, networkLocation: /default-rack, certSerialId: null} reports an CLOSED replica.
2019-10-15 21:43:45,175 [EventQueue-ContainerReportForContainerReportHandler] WARN  container.ContainerReportHandler (AbstractContainerReportHandler.java:updateContainerState(145)) - Container #1 is in OPEN state, but the datanode f0d7c07d-0c9c-43c9-b90d-f56b2a8a0f48{ip: 192.168.34.60, host: pr-hdds-2254-trunk-wbvmw-1235415744, networkLocation: /default-rack, certSerialId: null} reports an CLOSED replica.
2019-10-15 21:43:45,469 [EventQueue-ContainerReportForContainerReportHandler] WARN  container.ContainerReportHandler (AbstractContainerReportHandler.java:updateContainerState(145)) - Container #1 is in OPEN state, but the datanode 11421ab1-19cb-4764-b505-ce794efeb49e{ip: 192.168.34.60, host: pr-hdds-2254-trunk-wbvmw-1235415744, networkLocation: /default-rack, certSerialId: null} reports an CLOSED replica.
2019-10-15 21:43:45,475 [EventQueue-ContainerReportForContainerReportHandler] WARN  container.ContainerReportHandler (AbstractContainerReportHandler.java:updateContainerState(145)) - Container #1 is in OPEN state, but the datanode f0d7c07d-0c9c-43c9-b90d-f56b2a8a0f48{ip: 192.168.34.60, host: pr-hdds-2254-trunk-wbvmw-1235415744, networkLocation: /default-rack, certSerialId: null} reports an CLOSED replica.
2019-10-15 21:43:45,480 [BlockDeletingService#2] WARN  background.BlockDeletingService (BlockDeletingService.java:isDeletionAllowed(187)) - Close Container log Index 6 is not replicated across allthe servers in the pipeline a3e553f0-b812-4dfc-8692-39ca588449f8 as the min replicated index is 4. Deletion is not allowed in this container yet.
2019-10-15 21:43:45,480 [BlockDeletingService#2] WARN  background.BlockDeletingService (BlockDeletingService.java:isDeletionAllowed(187)) - Close Container log Index 6 is not replicated across allthe servers in the pipeline a3e553f0-b812-4dfc-8692-39ca588449f8 as the min replicated index is 4. Deletion is not allowed in this container yet.
2019-10-15 21:43:45,869 [EventQueue-ContainerReportForContainerReportHandler] WARN  container.ContainerReportHandler (AbstractContainerReportHandler.java:updateContainerState(145)) - Container #1 is in OPEN state, but the datanode 11421ab1-19cb-4764-b505-ce794efeb49e{ip: 192.168.34.60, host: pr-hdds-2254-trunk-wbvmw-1235415744, networkLocation: /default-rack, certSerialId: null} reports an CLOSED replica.
2019-10-15 21:43:45,875 [EventQueue-ContainerReportForContainerReportHandler] WARN  container.ContainerReportHandler (AbstractContainerReportHandler.java:updateContainerState(145)) - Container #1 is in OPEN state, but the datanode f0d7c07d-0c9c-43c9-b90d-f56b2a8a0f48{ip: 192.168.34.60, host: pr-hdds-2254-trunk-wbvmw-1235415744, networkLocation: /default-rack, certSerialId: null} reports an CLOSED replica.
2019-10-15 21:43:46,069 [EventQueue-ContainerReportForContainerReportHandler] WARN  container.ContainerReportHandler (AbstractContainerReportHandler.java:updateContainerState(145)) - Container #1 is in OPEN state, but the datanode 11421ab1-19cb-4764-b505-ce794efeb49e{ip: 192.168.34.60, host: pr-hdds-2254-trunk-wbvmw-1235415744, networkLocation: /default-rack, certSerialId: null} reports an CLOSED replica.
2019-10-15 21:43:46,075 [EventQueue-ContainerReportForContainerReportHandler] WARN  container.ContainerReportHandler (AbstractContainerReportHandler.java:updateContainerState(145)) - Container #1 is in OPEN state, but the datanode f0d7c07d-0c9c-43c9-b90d-f56b2a8a0f48{ip: 192.168.34.60, host: pr-hdds-2254-trunk-wbvmw-1235415744, networkLocation: /default-rack, certSerialId: null} reports an CLOSED replica.
2019-10-15 21:43:46,269 [EventQueue-ContainerReportForContainerReportHandler] WARN  container.ContainerReportHandler (AbstractContainerReportHandler.java:updateContainerState(145)) - Container #1 is in OPEN state, but the datanode 11421ab1-19cb-4764-b505-ce794efeb49e{ip: 192.168.34.60, host: pr-hdds-2254-trunk-wbvmw-1235415744, networkLocation: /default-rack, certSerialId: null} reports an CLOSED replica.
2019-10-15 21:43:46,477 [EventQueue-ContainerReportForContainerReportHandler] WARN  container.ContainerReportHandler (AbstractContainerReportHandler.java:updateContainerState(145)) - Container #1 is in OPEN state, but the datanode f0d7c07d-0c9c-43c9-b90d-f56b2a8a0f48{ip: 192.168.34.60, host: pr-hdds-2254-trunk-wbvmw-1235415744, networkLocation: /default-rack, certSerialId: null} reports an CLOSED replica.
2019-10-15 21:43:46,481 [BlockDeletingService#2] WARN  background.BlockDeletingService (BlockDeletingService.java:isDeletionAllowed(187)) - Close Container log Index 6 is not replicated across allthe servers in the pipeline a3e553f0-b812-4dfc-8692-39ca588449f8 as the min replicated index is 4. Deletion is not allowed in this container yet.
2019-10-15 21:43:46,481 [BlockDeletingService#2] WARN  background.BlockDeletingService (BlockDeletingService.java:isDeletionAllowed(187)) - Close Container log Index 6 is not replicated across allthe servers in the pipeline a3e553f0-b812-4dfc-8692-39ca588449f8 as the min replicated index is 4. Deletion is not allowed in this container yet.
2019-10-15 21:43:46,669 [EventQueue-ContainerReportForContainerReportHandler] WARN  container.ContainerReportHandler (AbstractContainerReportHandler.java:updateContainerState(145)) - Container #1 is in OPEN state, but the datanode 11421ab1-19cb-4764-b505-ce794efeb49e{ip: 192.168.34.60, host: pr-hdds-2254-trunk-wbvmw-1235415744, networkLocation: /default-rack, certSerialId: null} reports an CLOSED replica.
2019-10-15 21:43:46,676 [EventQueue-ContainerReportForContainerReportHandler] WARN  container.ContainerReportHandler (AbstractContainerReportHandler.java:updateContainerState(145)) - Container #1 is in OPEN state, but the datanode f0d7c07d-0c9c-43c9-b90d-f56b2a8a0f48{ip: 192.168.34.60, host: pr-hdds-2254-trunk-wbvmw-1235415744, networkLocation: /default-rack, certSerialId: null} reports an CLOSED replica.
2019-10-15 21:43:46,755 [Thread-410] INFO  client.GrpcClientProtocolService (GrpcClientProtocolService.java:lambda$processClientRequest$0(278)) - Failed RaftClientRequest:client-D0B527BDC3D7->11421ab1-19cb-4764-b505-ce794efeb49e@group-39CA588449F8, cid=10, seq=0, Watch-ALL_COMMITTED(6), Message:<EMPTY>, reply=RaftClientReply:client-D0B527BDC3D7->11421ab1-19cb-4764-b505-ce794efeb49e@group-39CA588449F8, cid=10, FAILED org.apache.ratis.protocol.NotReplicatedException: Request with call Id 10 and log index 6 is not yet replicated to ALL_COMMITTED, logIndex=6, commits[11421ab1-19cb-4764-b505-ce794efeb49e:c10, 2e9fa5e4-44d4-40da-9b1b-fd170634e70a:c4, f0d7c07d-0c9c-43c9-b90d-f56b2a8a0f48:c10]
2019-10-15 21:43:46,976 [EventQueue-ContainerReportForContainerReportHandler] WARN  container.ContainerReportHandler (AbstractContainerReportHandler.java:updateContainerState(145)) - Container #1 is in OPEN state, but the datanode f0d7c07d-0c9c-43c9-b90d-f56b2a8a0f48{ip: 192.168.34.60, host: pr-hdds-2254-trunk-wbvmw-1235415744, networkLocation: /default-rack, certSerialId: null} reports an CLOSED replica.
2019-10-15 21:43:47,070 [EventQueue-ContainerReportForContainerReportHandler] WARN  container.ContainerReportHandler (AbstractContainerReportHandler.java:updateContainerState(145)) - Container #1 is in OPEN state, but the datanode 11421ab1-19cb-4764-b505-ce794efeb49e{ip: 192.168.34.60, host: pr-hdds-2254-trunk-wbvmw-1235415744, networkLocation: /default-rack, certSerialId: null} reports an CLOSED replica.
2019-10-15 21:43:47,177 [EventQueue-ContainerReportForContainerReportHandler] WARN  container.ContainerReportHandler (AbstractContainerReportHandler.java:updateContainerState(145)) - Container #1 is in OPEN state, but the datanode f0d7c07d-0c9c-43c9-b90d-f56b2a8a0f48{ip: 192.168.34.60, host: pr-hdds-2254-trunk-wbvmw-1235415744, networkLocation: /default-rack, certSerialId: null} reports an CLOSED replica.
2019-10-15 21:43:47,369 [EventQueue-ContainerReportForContainerReportHandler] WARN  container.ContainerReportHandler (AbstractContainerReportHandler.java:updateContainerState(145)) - Container #1 is in OPEN state, but the datanode 11421ab1-19cb-4764-b505-ce794efeb49e{ip: 192.168.34.60, host: pr-hdds-2254-trunk-wbvmw-1235415744, networkLocation: /default-rack, certSerialId: null} reports an CLOSED replica.
2019-10-15 21:43:47,476 [EventQueue-ContainerReportForContainerReportHandler] WARN  container.ContainerReportHandler (AbstractContainerReportHandler.java:updateContainerState(145)) - Container #1 is in OPEN state, but the datanode f0d7c07d-0c9c-43c9-b90d-f56b2a8a0f48{ip: 192.168.34.60, host: pr-hdds-2254-trunk-wbvmw-1235415744, networkLocation: /default-rack, certSerialId: null} reports an CLOSED replica.
2019-10-15 21:43:47,483 [BlockDeletingService#2] WARN  background.BlockDeletingService (BlockDeletingService.java:isDeletionAllowed(187)) - Close Container log Index 6 is not replicated across allthe servers in the pipeline a3e553f0-b812-4dfc-8692-39ca588449f8 as the min replicated index is 4. Deletion is not allowed in this container yet.
2019-10-15 21:43:47,485 [BlockDeletingService#2] WARN  background.BlockDeletingService (BlockDeletingService.java:isDeletionAllowed(187)) - Close Container log Index 6 is not replicated across allthe servers in the pipeline a3e553f0-b812-4dfc-8692-39ca588449f8 as the min replicated index is 4. Deletion is not allowed in this container yet.
2019-10-15 21:43:47,514 [java.util.concurrent.ThreadPoolExecutor$Worker@18284111[State = -1, empty queue]] WARN  server.GrpcLogAppender (GrpcLogAppender.java:timeoutAppendRequest(209)) - 11421ab1-19cb-4764-b505-ce794efeb49e@group-39CA588449F8->2e9fa5e4-44d4-40da-9b1b-fd170634e70a-GrpcLogAppender: appendEntries Timeout, request=11421ab1-19cb-4764-b505-ce794efeb49e->2e9fa5e4-44d4-40da-9b1b-fd170634e70a#35-t4, previous=(t:4, i:10), leaderCommit=10, initializing? false, entries: <empty>
2019-10-15 21:43:47,669 [EventQueue-ContainerReportForContainerReportHandler] WARN  container.ContainerReportHandler (AbstractContainerReportHandler.java:updateContainerState(145)) - Container #1 is in OPEN state, but the datanode 11421ab1-19cb-4764-b505-ce794efeb49e{ip: 192.168.34.60, host: pr-hdds-2254-trunk-wbvmw-1235415744, networkLocation: /default-rack, certSerialId: null} reports an CLOSED replica.
2019-10-15 21:43:47,776 [EventQueue-ContainerReportForContainerReportHandler] WARN  container.ContainerReportHandler (AbstractContainerReportHandler.java:updateContainerState(145)) - Container #1 is in OPEN state, but the datanode f0d7c07d-0c9c-43c9-b90d-f56b2a8a0f48{ip: 192.168.34.60, host: pr-hdds-2254-trunk-wbvmw-1235415744, networkLocation: /default-rack, certSerialId: null} reports an CLOSED replica.
2019-10-15 21:43:47,870 [EventQueue-ContainerReportForContainerReportHandler] WARN  container.ContainerReportHandler (AbstractContainerReportHandler.java:updateContainerState(145)) - Container #1 is in OPEN state, but the datanode 11421ab1-19cb-4764-b505-ce794efeb49e{ip: 192.168.34.60, host: pr-hdds-2254-trunk-wbvmw-1235415744, networkLocation: /default-rack, certSerialId: null} reports an CLOSED replica.
2019-10-15 21:43:47,976 [EventQueue-ContainerReportForContainerReportHandler] WARN  container.ContainerReportHandler (AbstractContainerReportHandler.java:updateContainerState(145)) - Container #1 is in OPEN state, but the datanode f0d7c07d-0c9c-43c9-b90d-f56b2a8a0f48{ip: 192.168.34.60, host: pr-hdds-2254-trunk-wbvmw-1235415744, networkLocation: /default-rack, certSerialId: null} reports an CLOSED replica.
2019-10-15 21:43:48,070 [EventQueue-ContainerReportForContainerReportHandler] WARN  container.ContainerReportHandler (AbstractContainerReportHandler.java:updateContainerState(145)) - Container #1 is in OPEN state, but the datanode 11421ab1-19cb-4764-b505-ce794efeb49e{ip: 192.168.34.60, host: pr-hdds-2254-trunk-wbvmw-1235415744, networkLocation: /default-rack, certSerialId: null} reports an CLOSED replica.
2019-10-15 21:43:48,370 [EventQueue-ContainerReportForContainerReportHandler] WARN  container.ContainerReportHandler (AbstractContainerReportHandler.java:updateContainerState(145)) - Container #1 is in OPEN state, but the datanode 11421ab1-19cb-4764-b505-ce794efeb49e{ip: 192.168.34.60, host: pr-hdds-2254-trunk-wbvmw-1235415744, networkLocation: /default-rack, certSerialId: null} reports an CLOSED replica.
2019-10-15 21:43:48,378 [EventQueue-ContainerReportForContainerReportHandler] WARN  container.ContainerReportHandler (AbstractContainerReportHandler.java:updateContainerState(145)) - Container #1 is in OPEN state, but the datanode f0d7c07d-0c9c-43c9-b90d-f56b2a8a0f48{ip: 192.168.34.60, host: pr-hdds-2254-trunk-wbvmw-1235415744, networkLocation: /default-rack, certSerialId: null} reports an CLOSED replica.
2019-10-15 21:43:48,489 [BlockDeletingService#2] WARN  background.BlockDeletingService (BlockDeletingService.java:isDeletionAllowed(187)) - Close Container log Index 6 is not replicated across allthe servers in the pipeline a3e553f0-b812-4dfc-8692-39ca588449f8 as the min replicated index is 4. Deletion is not allowed in this container yet.
2019-10-15 21:43:48,489 [BlockDeletingService#2] WARN  background.BlockDeletingService (BlockDeletingService.java:isDeletionAllowed(187)) - Close Container log Index 6 is not replicated across allthe servers in the pipeline a3e553f0-b812-4dfc-8692-39ca588449f8 as the min replicated index is 4. Deletion is not allowed in this container yet.
2019-10-15 21:43:48,671 [EventQueue-ContainerReportForContainerReportHandler] WARN  container.ContainerReportHandler (AbstractContainerReportHandler.java:updateContainerState(145)) - Container #1 is in OPEN state, but the datanode 11421ab1-19cb-4764-b505-ce794efeb49e{ip: 192.168.34.60, host: pr-hdds-2254-trunk-wbvmw-1235415744, networkLocation: /default-rack, certSerialId: null} reports an CLOSED replica.
2019-10-15 21:43:48,778 [EventQueue-ContainerReportForContainerReportHandler] WARN  container.ContainerReportHandler (AbstractContainerReportHandler.java:updateContainerState(145)) - Container #1 is in OPEN state, but the datanode f0d7c07d-0c9c-43c9-b90d-f56b2a8a0f48{ip: 192.168.34.60, host: pr-hdds-2254-trunk-wbvmw-1235415744, networkLocation: /default-rack, certSerialId: null} reports an CLOSED replica.
2019-10-15 21:43:49,072 [EventQueue-ContainerReportForContainerReportHandler] WARN  container.ContainerReportHandler (AbstractContainerReportHandler.java:updateContainerState(145)) - Container #1 is in OPEN state, but the datanode 11421ab1-19cb-4764-b505-ce794efeb49e{ip: 192.168.34.60, host: pr-hdds-2254-trunk-wbvmw-1235415744, networkLocation: /default-rack, certSerialId: null} reports an CLOSED replica.
2019-10-15 21:43:49,177 [EventQueue-ContainerReportForContainerReportHandler] WARN  container.ContainerReportHandler (AbstractContainerReportHandler.java:updateContainerState(145)) - Container #1 is in OPEN state, but the datanode f0d7c07d-0c9c-43c9-b90d-f56b2a8a0f48{ip: 192.168.34.60, host: pr-hdds-2254-trunk-wbvmw-1235415744, networkLocation: /default-rack, certSerialId: null} reports an CLOSED replica.
2019-10-15 21:43:49,372 [EventQueue-ContainerReportForContainerReportHandler] WARN  container.ContainerReportHandler (AbstractContainerReportHandler.java:updateContainerState(145)) - Container #1 is in OPEN state, but the datanode 11421ab1-19cb-4764-b505-ce794efeb49e{ip: 192.168.34.60, host: pr-hdds-2254-trunk-wbvmw-1235415744, networkLocation: /default-rack, certSerialId: null} reports an CLOSED replica.
2019-10-15 21:43:49,377 [EventQueue-ContainerReportForContainerReportHandler] WARN  container.ContainerReportHandler (AbstractContainerReportHandler.java:updateContainerState(145)) - Container #1 is in OPEN state, but the datanode f0d7c07d-0c9c-43c9-b90d-f56b2a8a0f48{ip: 192.168.34.60, host: pr-hdds-2254-trunk-wbvmw-1235415744, networkLocation: /default-rack, certSerialId: null} reports an CLOSED replica.
2019-10-15 21:43:49,492 [BlockDeletingService#2] WARN  background.BlockDeletingService (BlockDeletingService.java:isDeletionAllowed(187)) - Close Container log Index 6 is not replicated across allthe servers in the pipeline a3e553f0-b812-4dfc-8692-39ca588449f8 as the min replicated index is 4. Deletion is not allowed in this container yet.
2019-10-15 21:43:49,492 [BlockDeletingService#2] WARN  background.BlockDeletingService (BlockDeletingService.java:isDeletionAllowed(187)) - Close Container log Index 6 is not replicated across allthe servers in the pipeline a3e553f0-b812-4dfc-8692-39ca588449f8 as the min replicated index is 4. Deletion is not allowed in this container yet.
2019-10-15 21:43:49,673 [EventQueue-ContainerReportForContainerReportHandler] WARN  container.ContainerReportHandler (AbstractContainerReportHandler.java:updateContainerState(145)) - Container #1 is in OPEN state, but the datanode 11421ab1-19cb-4764-b505-ce794efeb49e{ip: 192.168.34.60, host: pr-hdds-2254-trunk-wbvmw-1235415744, networkLocation: /default-rack, certSerialId: null} reports an CLOSED replica.
2019-10-15 21:43:49,777 [EventQueue-ContainerReportForContainerReportHandler] WARN  container.ContainerReportHandler (AbstractContainerReportHandler.java:updateContainerState(145)) - Container #1 is in OPEN state, but the datanode f0d7c07d-0c9c-43c9-b90d-f56b2a8a0f48{ip: 192.168.34.60, host: pr-hdds-2254-trunk-wbvmw-1235415744, networkLocation: /default-rack, certSerialId: null} reports an CLOSED replica.
2019-10-15 21:43:49,975 [EventQueue-ContainerReportForContainerReportHandler] WARN  container.ContainerReportHandler (AbstractContainerReportHandler.java:updateContainerState(145)) - Container #1 is in OPEN state, but the datanode 11421ab1-19cb-4764-b505-ce794efeb49e{ip: 192.168.34.60, host: pr-hdds-2254-trunk-wbvmw-1235415744, networkLocation: /default-rack, certSerialId: null} reports an CLOSED replica.
2019-10-15 21:43:50,015 [java.util.concurrent.ThreadPoolExecutor$Worker@18284111[State = -1, empty queue]] WARN  server.GrpcLogAppender (GrpcLogAppender.java:timeoutAppendRequest(209)) - 11421ab1-19cb-4764-b505-ce794efeb49e@group-39CA588449F8->2e9fa5e4-44d4-40da-9b1b-fd170634e70a-GrpcLogAppender: appendEntries Timeout, request=11421ab1-19cb-4764-b505-ce794efeb49e->2e9fa5e4-44d4-40da-9b1b-fd170634e70a#36-t4, previous=(t:4, i:10), leaderCommit=10, initializing? false, entries: <empty>
2019-10-15 21:43:50,078 [EventQueue-ContainerReportForContainerReportHandler] WARN  container.ContainerReportHandler (AbstractContainerReportHandler.java:updateContainerState(145)) - Container #1 is in OPEN state, but the datanode f0d7c07d-0c9c-43c9-b90d-f56b2a8a0f48{ip: 192.168.34.60, host: pr-hdds-2254-trunk-wbvmw-1235415744, networkLocation: /default-rack, certSerialId: null} reports an CLOSED replica.
2019-10-15 21:43:50,276 [EventQueue-ContainerReportForContainerReportHandler] WARN  container.ContainerReportHandler (AbstractContainerReportHandler.java:updateContainerState(145)) - Container #1 is in OPEN state, but the datanode 11421ab1-19cb-4764-b505-ce794efeb49e{ip: 192.168.34.60, host: pr-hdds-2254-trunk-wbvmw-1235415744, networkLocation: /default-rack, certSerialId: null} reports an CLOSED replica.
2019-10-15 21:43:50,378 [EventQueue-ContainerReportForContainerReportHandler] WARN  container.ContainerReportHandler (AbstractContainerReportHandler.java:updateContainerState(145)) - Container #1 is in OPEN state, but the datanode f0d7c07d-0c9c-43c9-b90d-f56b2a8a0f48{ip: 192.168.34.60, host: pr-hdds-2254-trunk-wbvmw-1235415744, networkLocation: /default-rack, certSerialId: null} reports an CLOSED replica.
2019-10-15 21:43:50,494 [BlockDeletingService#2] WARN  background.BlockDeletingService (BlockDeletingService.java:isDeletionAllowed(187)) - Close Container log Index 6 is not replicated across allthe servers in the pipeline a3e553f0-b812-4dfc-8692-39ca588449f8 as the min replicated index is 4. Deletion is not allowed in this container yet.
2019-10-15 21:43:50,494 [BlockDeletingService#2] WARN  background.BlockDeletingService (BlockDeletingService.java:isDeletionAllowed(187)) - Close Container log Index 6 is not replicated across allthe servers in the pipeline a3e553f0-b812-4dfc-8692-39ca588449f8 as the min replicated index is 4. Deletion is not allowed in this container yet.
2019-10-15 21:43:50,678 [EventQueue-ContainerReportForContainerReportHandler] WARN  container.ContainerReportHandler (AbstractContainerReportHandler.java:updateContainerState(145)) - Container #1 is in OPEN state, but the datanode 11421ab1-19cb-4764-b505-ce794efeb49e{ip: 192.168.34.60, host: pr-hdds-2254-trunk-wbvmw-1235415744, networkLocation: /default-rack, certSerialId: null} reports an CLOSED replica.
2019-10-15 21:43:50,778 [EventQueue-ContainerReportForContainerReportHandler] WARN  container.ContainerReportHandler (AbstractContainerReportHandler.java:updateContainerState(145)) - Container #1 is in OPEN state, but the datanode f0d7c07d-0c9c-43c9-b90d-f56b2a8a0f48{ip: 192.168.34.60, host: pr-hdds-2254-trunk-wbvmw-1235415744, networkLocation: /default-rack, certSerialId: null} reports an CLOSED replica.
2019-10-15 21:43:50,879 [EventQueue-ContainerReportForContainerReportHandler] WARN  container.ContainerReportHandler (AbstractContainerReportHandler.java:updateContainerState(145)) - Container #1 is in OPEN state, but the datanode 11421ab1-19cb-4764-b505-ce794efeb49e{ip: 192.168.34.60, host: pr-hdds-2254-trunk-wbvmw-1235415744, networkLocation: /default-rack, certSerialId: null} reports an CLOSED replica.
2019-10-15 21:43:51,078 [EventQueue-ContainerReportForContainerReportHandler] WARN  container.ContainerReportHandler (AbstractContainerReportHandler.java:updateContainerState(145)) - Container #1 is in OPEN state, but the datanode f0d7c07d-0c9c-43c9-b90d-f56b2a8a0f48{ip: 192.168.34.60, host: pr-hdds-2254-trunk-wbvmw-1235415744, networkLocation: /default-rack, certSerialId: null} reports an CLOSED replica.
2019-10-15 21:43:51,279 [EventQueue-ContainerReportForContainerReportHandler] WARN  container.ContainerReportHandler (AbstractContainerReportHandler.java:updateContainerState(145)) - Container #1 is in OPEN state, but the datanode 11421ab1-19cb-4764-b505-ce794efeb49e{ip: 192.168.34.60, host: pr-hdds-2254-trunk-wbvmw-1235415744, networkLocation: /default-rack, certSerialId: null} reports an CLOSED replica.
2019-10-15 21:43:51,478 [EventQueue-ContainerReportForContainerReportHandler] WARN  container.ContainerReportHandler (AbstractContainerReportHandler.java:updateContainerState(145)) - Container #1 is in OPEN state, but the datanode f0d7c07d-0c9c-43c9-b90d-f56b2a8a0f48{ip: 192.168.34.60, host: pr-hdds-2254-trunk-wbvmw-1235415744, networkLocation: /default-rack, certSerialId: null} reports an CLOSED replica.
2019-10-15 21:43:51,496 [BlockDeletingService#2] WARN  background.BlockDeletingService (BlockDeletingService.java:isDeletionAllowed(187)) - Close Container log Index 6 is not replicated across allthe servers in the pipeline a3e553f0-b812-4dfc-8692-39ca588449f8 as the min replicated index is 4. Deletion is not allowed in this container yet.
2019-10-15 21:43:51,496 [BlockDeletingService#2] WARN  background.BlockDeletingService (BlockDeletingService.java:isDeletionAllowed(187)) - Close Container log Index 6 is not replicated across allthe servers in the pipeline a3e553f0-b812-4dfc-8692-39ca588449f8 as the min replicated index is 4. Deletion is not allowed in this container yet.
2019-10-15 21:43:51,679 [EventQueue-ContainerReportForContainerReportHandler] WARN  container.ContainerReportHandler (AbstractContainerReportHandler.java:updateContainerState(145)) - Container #1 is in OPEN state, but the datanode 11421ab1-19cb-4764-b505-ce794efeb49e{ip: 192.168.34.60, host: pr-hdds-2254-trunk-wbvmw-1235415744, networkLocation: /default-rack, certSerialId: null} reports an CLOSED replica.
2019-10-15 21:43:51,778 [EventQueue-ContainerReportForContainerReportHandler] WARN  container.ContainerReportHandler (AbstractContainerReportHandler.java:updateContainerState(145)) - Container #1 is in OPEN state, but the datanode f0d7c07d-0c9c-43c9-b90d-f56b2a8a0f48{ip: 192.168.34.60, host: pr-hdds-2254-trunk-wbvmw-1235415744, networkLocation: /default-rack, certSerialId: null} reports an CLOSED replica.
2019-10-15 21:43:51,979 [EventQueue-ContainerReportForContainerReportHandler] WARN  container.ContainerReportHandler (AbstractContainerReportHandler.java:updateContainerState(145)) - Container #1 is in OPEN state, but the datanode 11421ab1-19cb-4764-b505-ce794efeb49e{ip: 192.168.34.60, host: pr-hdds-2254-trunk-wbvmw-1235415744, networkLocation: /default-rack, certSerialId: null} reports an CLOSED replica.
2019-10-15 21:43:52,077 [EventQueue-ContainerReportForContainerReportHandler] WARN  container.ContainerReportHandler (AbstractContainerReportHandler.java:updateContainerState(145)) - Container #1 is in OPEN state, but the datanode f0d7c07d-0c9c-43c9-b90d-f56b2a8a0f48{ip: 192.168.34.60, host: pr-hdds-2254-trunk-wbvmw-1235415744, networkLocation: /default-rack, certSerialId: null} reports an CLOSED replica.
2019-10-15 21:43:52,377 [EventQueue-ContainerReportForContainerReportHandler] WARN  container.ContainerReportHandler (AbstractContainerReportHandler.java:updateContainerState(145)) - Container #1 is in OPEN state, but the datanode f0d7c07d-0c9c-43c9-b90d-f56b2a8a0f48{ip: 192.168.34.60, host: pr-hdds-2254-trunk-wbvmw-1235415744, networkLocation: /default-rack, certSerialId: null} reports an CLOSED replica.
2019-10-15 21:43:52,381 [EventQueue-ContainerReportForContainerReportHandler] WARN  container.ContainerReportHandler (AbstractContainerReportHandler.java:updateContainerState(145)) - Container #1 is in OPEN state, but the datanode 11421ab1-19cb-4764-b505-ce794efeb49e{ip: 192.168.34.60, host: pr-hdds-2254-trunk-wbvmw-1235415744, networkLocation: /default-rack, certSerialId: null} reports an CLOSED replica.
2019-10-15 21:43:52,499 [BlockDeletingService#2] WARN  background.BlockDeletingService (BlockDeletingService.java:isDeletionAllowed(187)) - Close Container log Index 6 is not replicated across allthe servers in the pipeline a3e553f0-b812-4dfc-8692-39ca588449f8 as the min replicated index is 4. Deletion is not allowed in this container yet.
2019-10-15 21:43:52,499 [BlockDeletingService#2] WARN  background.BlockDeletingService (BlockDeletingService.java:isDeletionAllowed(187)) - Close Container log Index 6 is not replicated across allthe servers in the pipeline a3e553f0-b812-4dfc-8692-39ca588449f8 as the min replicated index is 4. Deletion is not allowed in this container yet.
2019-10-15 21:43:52,517 [java.util.concurrent.ThreadPoolExecutor$Worker@18284111[State = -1, empty queue]] WARN  server.GrpcLogAppender (GrpcLogAppender.java:timeoutAppendRequest(209)) - 11421ab1-19cb-4764-b505-ce794efeb49e@group-39CA588449F8->2e9fa5e4-44d4-40da-9b1b-fd170634e70a-GrpcLogAppender: appendEntries Timeout, request=11421ab1-19cb-4764-b505-ce794efeb49e->2e9fa5e4-44d4-40da-9b1b-fd170634e70a#37-t4, previous=(t:4, i:10), leaderCommit=10, initializing? false, entries: <empty>
2019-10-15 21:43:52,680 [EventQueue-ContainerReportForContainerReportHandler] WARN  container.ContainerReportHandler (AbstractContainerReportHandler.java:updateContainerState(145)) - Container #1 is in OPEN state, but the datanode f0d7c07d-0c9c-43c9-b90d-f56b2a8a0f48{ip: 192.168.34.60, host: pr-hdds-2254-trunk-wbvmw-1235415744, networkLocation: /default-rack, certSerialId: null} reports an CLOSED replica.
2019-10-15 21:43:52,780 [EventQueue-ContainerReportForContainerReportHandler] WARN  container.ContainerReportHandler (AbstractContainerReportHandler.java:updateContainerState(145)) - Container #1 is in OPEN state, but the datanode 11421ab1-19cb-4764-b505-ce794efeb49e{ip: 192.168.34.60, host: pr-hdds-2254-trunk-wbvmw-1235415744, networkLocation: /default-rack, certSerialId: null} reports an CLOSED replica.
2019-10-15 21:43:52,977 [EventQueue-ContainerReportForContainerReportHandler] WARN  container.ContainerReportHandler (AbstractContainerReportHandler.java:updateContainerState(145)) - Container #1 is in OPEN state, but the datanode f0d7c07d-0c9c-43c9-b90d-f56b2a8a0f48{ip: 192.168.34.60, host: pr-hdds-2254-trunk-wbvmw-1235415744, networkLocation: /default-rack, certSerialId: null} reports an CLOSED replica.
2019-10-15 21:43:53,084 [EventQueue-ContainerReportForContainerReportHandler] WARN  container.ContainerReportHandler (AbstractContainerReportHandler.java:updateContainerState(145)) - Container #1 is in OPEN state, but the datanode 11421ab1-19cb-4764-b505-ce794efeb49e{ip: 192.168.34.60, host: pr-hdds-2254-trunk-wbvmw-1235415744, networkLocation: /default-rack, certSerialId: null} reports an CLOSED replica.
2019-10-15 21:43:53,377 [EventQueue-ContainerReportForContainerReportHandler] WARN  container.ContainerReportHandler (AbstractContainerReportHandler.java:updateContainerState(145)) - Container #1 is in OPEN state, but the datanode f0d7c07d-0c9c-43c9-b90d-f56b2a8a0f48{ip: 192.168.34.60, host: pr-hdds-2254-trunk-wbvmw-1235415744, networkLocation: /default-rack, certSerialId: null} reports an CLOSED replica.
2019-10-15 21:43:53,384 [EventQueue-ContainerReportForContainerReportHandler] WARN  container.ContainerReportHandler (AbstractContainerReportHandler.java:updateContainerState(145)) - Container #1 is in OPEN state, but the datanode 11421ab1-19cb-4764-b505-ce794efeb49e{ip: 192.168.34.60, host: pr-hdds-2254-trunk-wbvmw-1235415744, networkLocation: /default-rack, certSerialId: null} reports an CLOSED replica.
2019-10-15 21:43:53,501 [BlockDeletingService#2] WARN  background.BlockDeletingService (BlockDeletingService.java:isDeletionAllowed(187)) - Close Container log Index 6 is not replicated across allthe servers in the pipeline a3e553f0-b812-4dfc-8692-39ca588449f8 as the min replicated index is 4. Deletion is not allowed in this container yet.
2019-10-15 21:43:53,501 [BlockDeletingService#2] WARN  background.BlockDeletingService (BlockDeletingService.java:isDeletionAllowed(187)) - Close Container log Index 6 is not replicated across allthe servers in the pipeline a3e553f0-b812-4dfc-8692-39ca588449f8 as the min replicated index is 4. Deletion is not allowed in this container yet.
2019-10-15 21:43:53,678 [EventQueue-ContainerReportForContainerReportHandler] WARN  container.ContainerReportHandler (AbstractContainerReportHandler.java:updateContainerState(145)) - Container #1 is in OPEN state, but the datanode f0d7c07d-0c9c-43c9-b90d-f56b2a8a0f48{ip: 192.168.34.60, host: pr-hdds-2254-trunk-wbvmw-1235415744, networkLocation: /default-rack, certSerialId: null} reports an CLOSED replica.
2019-10-15 21:43:53,683 [EventQueue-ContainerReportForContainerReportHandler] WARN  container.ContainerReportHandler (AbstractContainerReportHandler.java:updateContainerState(145)) - Container #1 is in OPEN state, but the datanode 11421ab1-19cb-4764-b505-ce794efeb49e{ip: 192.168.34.60, host: pr-hdds-2254-trunk-wbvmw-1235415744, networkLocation: /default-rack, certSerialId: null} reports an CLOSED replica.
2019-10-15 21:43:53,978 [EventQueue-ContainerReportForContainerReportHandler] WARN  container.ContainerReportHandler (AbstractContainerReportHandler.java:updateContainerState(145)) - Container #1 is in OPEN state, but the datanode f0d7c07d-0c9c-43c9-b90d-f56b2a8a0f48{ip: 192.168.34.60, host: pr-hdds-2254-trunk-wbvmw-1235415744, networkLocation: /default-rack, certSerialId: null} reports an CLOSED replica.
2019-10-15 21:43:53,985 [EventQueue-ContainerReportForContainerReportHandler] WARN  container.ContainerReportHandler (AbstractContainerReportHandler.java:updateContainerState(145)) - Container #1 is in OPEN state, but the datanode 11421ab1-19cb-4764-b505-ce794efeb49e{ip: 192.168.34.60, host: pr-hdds-2254-trunk-wbvmw-1235415744, networkLocation: /default-rack, certSerialId: null} reports an CLOSED replica.
2019-10-15 21:43:54,377 [EventQueue-ContainerReportForContainerReportHandler] WARN  container.ContainerReportHandler (AbstractContainerReportHandler.java:updateContainerState(145)) - Container #1 is in OPEN state, but the datanode f0d7c07d-0c9c-43c9-b90d-f56b2a8a0f48{ip: 192.168.34.60, host: pr-hdds-2254-trunk-wbvmw-1235415744, networkLocation: /default-rack, certSerialId: null} reports an CLOSED replica.
2019-10-15 21:43:54,385 [EventQueue-ContainerReportForContainerReportHandler] WARN  container.ContainerReportHandler (AbstractContainerReportHandler.java:updateContainerState(145)) - Container #1 is in OPEN state, but the datanode 11421ab1-19cb-4764-b505-ce794efeb49e{ip: 192.168.34.60, host: pr-hdds-2254-trunk-wbvmw-1235415744, networkLocation: /default-rack, certSerialId: null} reports an CLOSED replica.
2019-10-15 21:43:54,504 [BlockDeletingService#2] WARN  background.BlockDeletingService (BlockDeletingService.java:isDeletionAllowed(187)) - Close Container log Index 6 is not replicated across allthe servers in the pipeline a3e553f0-b812-4dfc-8692-39ca588449f8 as the min replicated index is 4. Deletion is not allowed in this container yet.
2019-10-15 21:43:54,504 [BlockDeletingService#2] WARN  background.BlockDeletingService (BlockDeletingService.java:isDeletionAllowed(187)) - Close Container log Index 6 is not replicated across allthe servers in the pipeline a3e553f0-b812-4dfc-8692-39ca588449f8 as the min replicated index is 4. Deletion is not allowed in this container yet.
2019-10-15 21:43:54,677 [EventQueue-ContainerReportForContainerReportHandler] WARN  container.ContainerReportHandler (AbstractContainerReportHandler.java:updateContainerState(145)) - Container #1 is in OPEN state, but the datanode f0d7c07d-0c9c-43c9-b90d-f56b2a8a0f48{ip: 192.168.34.60, host: pr-hdds-2254-trunk-wbvmw-1235415744, networkLocation: /default-rack, certSerialId: null} reports an CLOSED replica.
2019-10-15 21:43:54,785 [EventQueue-ContainerReportForContainerReportHandler] WARN  container.ContainerReportHandler (AbstractContainerReportHandler.java:updateContainerState(145)) - Container #1 is in OPEN state, but the datanode 11421ab1-19cb-4764-b505-ce794efeb49e{ip: 192.168.34.60, host: pr-hdds-2254-trunk-wbvmw-1235415744, networkLocation: /default-rack, certSerialId: null} reports an CLOSED replica.
2019-10-15 21:43:55,018 [java.util.concurrent.ThreadPoolExecutor$Worker@18284111[State = -1, empty queue]] WARN  server.GrpcLogAppender (GrpcLogAppender.java:timeoutAppendRequest(209)) - 11421ab1-19cb-4764-b505-ce794efeb49e@group-39CA588449F8->2e9fa5e4-44d4-40da-9b1b-fd170634e70a-GrpcLogAppender: appendEntries Timeout, request=11421ab1-19cb-4764-b505-ce794efeb49e->2e9fa5e4-44d4-40da-9b1b-fd170634e70a#38-t4, previous=(t:4, i:10), leaderCommit=10, initializing? false, entries: <empty>
2019-10-15 21:43:55,078 [EventQueue-ContainerReportForContainerReportHandler] WARN  container.ContainerReportHandler (AbstractContainerReportHandler.java:updateContainerState(145)) - Container #1 is in OPEN state, but the datanode f0d7c07d-0c9c-43c9-b90d-f56b2a8a0f48{ip: 192.168.34.60, host: pr-hdds-2254-trunk-wbvmw-1235415744, networkLocation: /default-rack, certSerialId: null} reports an CLOSED replica.
2019-10-15 21:43:55,185 [EventQueue-ContainerReportForContainerReportHandler] WARN  container.ContainerReportHandler (AbstractContainerReportHandler.java:updateContainerState(145)) - Container #1 is in OPEN state, but the datanode 11421ab1-19cb-4764-b505-ce794efeb49e{ip: 192.168.34.60, host: pr-hdds-2254-trunk-wbvmw-1235415744, networkLocation: /default-rack, certSerialId: null} reports an CLOSED replica.
2019-10-15 21:43:55,378 [EventQueue-ContainerReportForContainerReportHandler] WARN  container.ContainerReportHandler (AbstractContainerReportHandler.java:updateContainerState(145)) - Container #1 is in OPEN state, but the datanode f0d7c07d-0c9c-43c9-b90d-f56b2a8a0f48{ip: 192.168.34.60, host: pr-hdds-2254-trunk-wbvmw-1235415744, networkLocation: /default-rack, certSerialId: null} reports an CLOSED replica.
2019-10-15 21:43:55,384 [EventQueue-ContainerReportForContainerReportHandler] WARN  container.ContainerReportHandler (AbstractContainerReportHandler.java:updateContainerState(145)) - Container #1 is in OPEN state, but the datanode 11421ab1-19cb-4764-b505-ce794efeb49e{ip: 192.168.34.60, host: pr-hdds-2254-trunk-wbvmw-1235415744, networkLocation: /default-rack, certSerialId: null} reports an CLOSED replica.
2019-10-15 21:43:55,506 [BlockDeletingService#2] WARN  background.BlockDeletingService (BlockDeletingService.java:isDeletionAllowed(187)) - Close Container log Index 6 is not replicated across allthe servers in the pipeline a3e553f0-b812-4dfc-8692-39ca588449f8 as the min replicated index is 4. Deletion is not allowed in this container yet.
2019-10-15 21:43:55,506 [BlockDeletingService#2] WARN  background.BlockDeletingService (BlockDeletingService.java:isDeletionAllowed(187)) - Close Container log Index 6 is not replicated across allthe servers in the pipeline a3e553f0-b812-4dfc-8692-39ca588449f8 as the min replicated index is 4. Deletion is not allowed in this container yet.
2019-10-15 21:43:55,630 [Thread-435] INFO  client.GrpcClientProtocolService (GrpcClientProtocolService.java:lambda$processClientRequest$0(278)) - Failed RaftClientRequest:client-D0B527BDC3D7->f0d7c07d-0c9c-43c9-b90d-f56b2a8a0f48@group-39CA588449F8, cid=10, seq=0, Watch-ALL_COMMITTED(6), Message:<EMPTY>, reply=RaftClientReply:client-D0B527BDC3D7->f0d7c07d-0c9c-43c9-b90d-f56b2a8a0f48@group-39CA588449F8, cid=10, FAILED org.apache.ratis.protocol.NotLeaderException: Server f0d7c07d-0c9c-43c9-b90d-f56b2a8a0f48@group-39CA588449F8 is not the leader 11421ab1-19cb-4764-b505-ce794efeb49e:192.168.34.60:42577, logIndex=0, commits[f0d7c07d-0c9c-43c9-b90d-f56b2a8a0f48:c10, 2e9fa5e4-44d4-40da-9b1b-fd170634e70a:c4, 11421ab1-19cb-4764-b505-ce794efeb49e:c10]
2019-10-15 21:43:55,778 [EventQueue-ContainerReportForContainerReportHandler] WARN  container.ContainerReportHandler (AbstractContainerReportHandler.java:updateContainerState(145)) - Container #1 is in OPEN state, but the datanode f0d7c07d-0c9c-43c9-b90d-f56b2a8a0f48{ip: 192.168.34.60, host: pr-hdds-2254-trunk-wbvmw-1235415744, networkLocation: /default-rack, certSerialId: null} reports an CLOSED replica.
2019-10-15 21:43:55,784 [EventQueue-ContainerReportForContainerReportHandler] WARN  container.ContainerReportHandler (AbstractContainerReportHandler.java:updateContainerState(145)) - Container #1 is in OPEN state, but the datanode 11421ab1-19cb-4764-b505-ce794efeb49e{ip: 192.168.34.60, host: pr-hdds-2254-trunk-wbvmw-1235415744, networkLocation: /default-rack, certSerialId: null} reports an CLOSED replica.
2019-10-15 21:43:56,085 [EventQueue-ContainerReportForContainerReportHandler] WARN  container.ContainerReportHandler (AbstractContainerReportHandler.java:updateContainerState(145)) - Container #1 is in OPEN state, but the datanode 11421ab1-19cb-4764-b505-ce794efeb49e{ip: 192.168.34.60, host: pr-hdds-2254-trunk-wbvmw-1235415744, networkLocation: /default-rack, certSerialId: null} reports an CLOSED replica.
2019-10-15 21:43:56,179 [EventQueue-ContainerReportForContainerReportHandler] WARN  container.ContainerReportHandler (AbstractContainerReportHandler.java:updateContainerState(145)) - Container #1 is in OPEN state, but the datanode f0d7c07d-0c9c-43c9-b90d-f56b2a8a0f48{ip: 192.168.34.60, host: pr-hdds-2254-trunk-wbvmw-1235415744, networkLocation: /default-rack, certSerialId: null} reports an CLOSED replica.
2019-10-15 21:43:56,379 [EventQueue-ContainerReportForContainerReportHandler] WARN  container.ContainerReportHandler (AbstractContainerReportHandler.java:updateContainerState(145)) - Container #1 is in OPEN state, but the datanode f0d7c07d-0c9c-43c9-b90d-f56b2a8a0f48{ip: 192.168.34.60, host: pr-hdds-2254-trunk-wbvmw-1235415744, networkLocation: /default-rack, certSerialId: null} reports an CLOSED replica.
2019-10-15 21:43:56,385 [EventQueue-ContainerReportForContainerReportHandler] WARN  container.ContainerReportHandler (AbstractContainerReportHandler.java:updateContainerState(145)) - Container #1 is in OPEN state, but the datanode 11421ab1-19cb-4764-b505-ce794efeb49e{ip: 192.168.34.60, host: pr-hdds-2254-trunk-wbvmw-1235415744, networkLocation: /default-rack, certSerialId: null} reports an CLOSED replica.
2019-10-15 21:43:56,509 [BlockDeletingService#2] WARN  background.BlockDeletingService (BlockDeletingService.java:isDeletionAllowed(187)) - Close Container log Index 6 is not replicated across allthe servers in the pipeline a3e553f0-b812-4dfc-8692-39ca588449f8 as the min replicated index is 4. Deletion is not allowed in this container yet.
2019-10-15 21:43:56,509 [BlockDeletingService#2] WARN  background.BlockDeletingService (BlockDeletingService.java:isDeletionAllowed(187)) - Close Container log Index 6 is not replicated across allthe servers in the pipeline a3e553f0-b812-4dfc-8692-39ca588449f8 as the min replicated index is 4. Deletion is not allowed in this container yet.
2019-10-15 21:43:56,685 [EventQueue-ContainerReportForContainerReportHandler] WARN  container.ContainerReportHandler (AbstractContainerReportHandler.java:updateContainerState(145)) - Container #1 is in OPEN state, but the datanode 11421ab1-19cb-4764-b505-ce794efeb49e{ip: 192.168.34.60, host: pr-hdds-2254-trunk-wbvmw-1235415744, networkLocation: /default-rack, certSerialId: null} reports an CLOSED replica.
2019-10-15 21:43:56,756 [Thread-440] INFO  client.GrpcClientProtocolService (GrpcClientProtocolService.java:lambda$processClientRequest$0(278)) - Failed RaftClientRequest:client-D0B527BDC3D7->11421ab1-19cb-4764-b505-ce794efeb49e@group-39CA588449F8, cid=10, seq=0, Watch-ALL_COMMITTED(6), Message:<EMPTY>, reply=RaftClientReply:client-D0B527BDC3D7->11421ab1-19cb-4764-b505-ce794efeb49e@group-39CA588449F8, cid=10, FAILED org.apache.ratis.protocol.NotReplicatedException: Request with call Id 10 and log index 6 is not yet replicated to ALL_COMMITTED, logIndex=6, commits[11421ab1-19cb-4764-b505-ce794efeb49e:c10, 2e9fa5e4-44d4-40da-9b1b-fd170634e70a:c4, f0d7c07d-0c9c-43c9-b90d-f56b2a8a0f48:c10]
2019-10-15 21:43:56,779 [EventQueue-ContainerReportForContainerReportHandler] WARN  container.ContainerReportHandler (AbstractContainerReportHandler.java:updateContainerState(145)) - Container #1 is in OPEN state, but the datanode f0d7c07d-0c9c-43c9-b90d-f56b2a8a0f48{ip: 192.168.34.60, host: pr-hdds-2254-trunk-wbvmw-1235415744, networkLocation: /default-rack, certSerialId: null} reports an CLOSED replica.
2019-10-15 21:43:57,084 [EventQueue-ContainerReportForContainerReportHandler] WARN  container.ContainerReportHandler (AbstractContainerReportHandler.java:updateContainerState(145)) - Container #1 is in OPEN state, but the datanode 11421ab1-19cb-4764-b505-ce794efeb49e{ip: 192.168.34.60, host: pr-hdds-2254-trunk-wbvmw-1235415744, networkLocation: /default-rack, certSerialId: null} reports an CLOSED replica.
2019-10-15 21:43:57,178 [EventQueue-ContainerReportForContainerReportHandler] WARN  container.ContainerReportHandler (AbstractContainerReportHandler.java:updateContainerState(145)) - Container #1 is in OPEN state, but the datanode f0d7c07d-0c9c-43c9-b90d-f56b2a8a0f48{ip: 192.168.34.60, host: pr-hdds-2254-trunk-wbvmw-1235415744, networkLocation: /default-rack, certSerialId: null} reports an CLOSED replica.
2019-10-15 21:43:57,484 [EventQueue-ContainerReportForContainerReportHandler] WARN  container.ContainerReportHandler (AbstractContainerReportHandler.java:updateContainerState(145)) - Container #1 is in OPEN state, but the datanode 11421ab1-19cb-4764-b505-ce794efeb49e{ip: 192.168.34.60, host: pr-hdds-2254-trunk-wbvmw-1235415744, networkLocation: /default-rack, certSerialId: null} reports an CLOSED replica.
2019-10-15 21:43:57,514 [BlockDeletingService#2] WARN  background.BlockDeletingService (BlockDeletingService.java:isDeletionAllowed(187)) - Close Container log Index 6 is not replicated across allthe servers in the pipeline a3e553f0-b812-4dfc-8692-39ca588449f8 as the min replicated index is 4. Deletion is not allowed in this container yet.
2019-10-15 21:43:57,514 [BlockDeletingService#2] WARN  background.BlockDeletingService (BlockDeletingService.java:isDeletionAllowed(187)) - Close Container log Index 6 is not replicated across allthe servers in the pipeline a3e553f0-b812-4dfc-8692-39ca588449f8 as the min replicated index is 4. Deletion is not allowed in this container yet.
2019-10-15 21:43:57,519 [java.util.concurrent.ThreadPoolExecutor$Worker@18284111[State = -1, empty queue]] WARN  server.GrpcLogAppender (GrpcLogAppender.java:timeoutAppendRequest(209)) - 11421ab1-19cb-4764-b505-ce794efeb49e@group-39CA588449F8->2e9fa5e4-44d4-40da-9b1b-fd170634e70a-GrpcLogAppender: appendEntries Timeout, request=11421ab1-19cb-4764-b505-ce794efeb49e->2e9fa5e4-44d4-40da-9b1b-fd170634e70a#39-t4, previous=(t:4, i:10), leaderCommit=10, initializing? false, entries: <empty>
2019-10-15 21:43:57,578 [EventQueue-ContainerReportForContainerReportHandler] WARN  container.ContainerReportHandler (AbstractContainerReportHandler.java:updateContainerState(145)) - Container #1 is in OPEN state, but the datanode f0d7c07d-0c9c-43c9-b90d-f56b2a8a0f48{ip: 192.168.34.60, host: pr-hdds-2254-trunk-wbvmw-1235415744, networkLocation: /default-rack, certSerialId: null} reports an CLOSED replica.
2019-10-15 21:43:57,779 [EventQueue-ContainerReportForContainerReportHandler] WARN  container.ContainerReportHandler (AbstractContainerReportHandler.java:updateContainerState(145)) - Container #1 is in OPEN state, but the datanode f0d7c07d-0c9c-43c9-b90d-f56b2a8a0f48{ip: 192.168.34.60, host: pr-hdds-2254-trunk-wbvmw-1235415744, networkLocation: /default-rack, certSerialId: null} reports an CLOSED replica.
2019-10-15 21:43:57,786 [EventQueue-ContainerReportForContainerReportHandler] WARN  container.ContainerReportHandler (AbstractContainerReportHandler.java:updateContainerState(145)) - Container #1 is in OPEN state, but the datanode 11421ab1-19cb-4764-b505-ce794efeb49e{ip: 192.168.34.60, host: pr-hdds-2254-trunk-wbvmw-1235415744, networkLocation: /default-rack, certSerialId: null} reports an CLOSED replica.
2019-10-15 21:43:58,079 [EventQueue-ContainerReportForContainerReportHandler] WARN  container.ContainerReportHandler (AbstractContainerReportHandler.java:updateContainerState(145)) - Container #1 is in OPEN state, but the datanode f0d7c07d-0c9c-43c9-b90d-f56b2a8a0f48{ip: 192.168.34.60, host: pr-hdds-2254-trunk-wbvmw-1235415744, networkLocation: /default-rack, certSerialId: null} reports an CLOSED replica.
2019-10-15 21:43:58,086 [EventQueue-ContainerReportForContainerReportHandler] WARN  container.ContainerReportHandler (AbstractContainerReportHandler.java:updateContainerState(145)) - Container #1 is in OPEN state, but the datanode 11421ab1-19cb-4764-b505-ce794efeb49e{ip: 192.168.34.60, host: pr-hdds-2254-trunk-wbvmw-1235415744, networkLocation: /default-rack, certSerialId: null} reports an CLOSED replica.
2019-10-15 21:43:58,285 [EventQueue-ContainerReportForContainerReportHandler] WARN  container.ContainerReportHandler (AbstractContainerReportHandler.java:updateContainerState(145)) - Container #1 is in OPEN state, but the datanode 11421ab1-19cb-4764-b505-ce794efeb49e{ip: 192.168.34.60, host: pr-hdds-2254-trunk-wbvmw-1235415744, networkLocation: /default-rack, certSerialId: null} reports an CLOSED replica.
2019-10-15 21:43:58,381 [EventQueue-ContainerReportForContainerReportHandler] WARN  container.ContainerReportHandler (AbstractContainerReportHandler.java:updateContainerState(145)) - Container #1 is in OPEN state, but the datanode f0d7c07d-0c9c-43c9-b90d-f56b2a8a0f48{ip: 192.168.34.60, host: pr-hdds-2254-trunk-wbvmw-1235415744, networkLocation: /default-rack, certSerialId: null} reports an CLOSED replica.
2019-10-15 21:43:58,485 [EventQueue-ContainerReportForContainerReportHandler] WARN  container.ContainerReportHandler (AbstractContainerReportHandler.java:updateContainerState(145)) - Container #1 is in OPEN state, but the datanode 11421ab1-19cb-4764-b505-ce794efeb49e{ip: 192.168.34.60, host: pr-hdds-2254-trunk-wbvmw-1235415744, networkLocation: /default-rack, certSerialId: null} reports an CLOSED replica.
2019-10-15 21:43:58,523 [BlockDeletingService#2] WARN  background.BlockDeletingService (BlockDeletingService.java:isDeletionAllowed(187)) - Close Container log Index 6 is not replicated across allthe servers in the pipeline a3e553f0-b812-4dfc-8692-39ca588449f8 as the min replicated index is 4. Deletion is not allowed in this container yet.
2019-10-15 21:43:58,523 [BlockDeletingService#2] WARN  background.BlockDeletingService (BlockDeletingService.java:isDeletionAllowed(187)) - Close Container log Index 6 is not replicated across allthe servers in the pipeline a3e553f0-b812-4dfc-8692-39ca588449f8 as the min replicated index is 4. Deletion is not allowed in this container yet.
2019-10-15 21:43:58,780 [EventQueue-ContainerReportForContainerReportHandler] WARN  container.ContainerReportHandler (AbstractContainerReportHandler.java:updateContainerState(145)) - Container #1 is in OPEN state, but the datanode f0d7c07d-0c9c-43c9-b90d-f56b2a8a0f48{ip: 192.168.34.60, host: pr-hdds-2254-trunk-wbvmw-1235415744, networkLocation: /default-rack, certSerialId: null} reports an CLOSED replica.
2019-10-15 21:43:58,885 [EventQueue-ContainerReportForContainerReportHandler] WARN  container.ContainerReportHandler (AbstractContainerReportHandler.java:updateContainerState(145)) - Container #1 is in OPEN state, but the datanode 11421ab1-19cb-4764-b505-ce794efeb49e{ip: 192.168.34.60, host: pr-hdds-2254-trunk-wbvmw-1235415744, networkLocation: /default-rack, certSerialId: null} reports an CLOSED replica.
2019-10-15 21:43:59,080 [EventQueue-ContainerReportForContainerReportHandler] WARN  container.ContainerReportHandler (AbstractContainerReportHandler.java:updateContainerState(145)) - Container #1 is in OPEN state, but the datanode f0d7c07d-0c9c-43c9-b90d-f56b2a8a0f48{ip: 192.168.34.60, host: pr-hdds-2254-trunk-wbvmw-1235415744, networkLocation: /default-rack, certSerialId: null} reports an CLOSED replica.
2019-10-15 21:43:59,085 [EventQueue-ContainerReportForContainerReportHandler] WARN  container.ContainerReportHandler (AbstractContainerReportHandler.java:updateContainerState(145)) - Container #1 is in OPEN state, but the datanode 11421ab1-19cb-4764-b505-ce794efeb49e{ip: 192.168.34.60, host: pr-hdds-2254-trunk-wbvmw-1235415744, networkLocation: /default-rack, certSerialId: null} reports an CLOSED replica.
2019-10-15 21:43:59,381 [EventQueue-ContainerReportForContainerReportHandler] WARN  container.ContainerReportHandler (AbstractContainerReportHandler.java:updateContainerState(145)) - Container #1 is in OPEN state, but the datanode f0d7c07d-0c9c-43c9-b90d-f56b2a8a0f48{ip: 192.168.34.60, host: pr-hdds-2254-trunk-wbvmw-1235415744, networkLocation: /default-rack, certSerialId: null} reports an CLOSED replica.
2019-10-15 21:43:59,489 [EventQueue-ContainerReportForContainerReportHandler] WARN  container.ContainerReportHandler (AbstractContainerReportHandler.java:updateContainerState(145)) - Container #1 is in OPEN state, but the datanode 11421ab1-19cb-4764-b505-ce794efeb49e{ip: 192.168.34.60, host: pr-hdds-2254-trunk-wbvmw-1235415744, networkLocation: /default-rack, certSerialId: null} reports an CLOSED replica.
2019-10-15 21:43:59,525 [BlockDeletingService#2] WARN  background.BlockDeletingService (BlockDeletingService.java:isDeletionAllowed(187)) - Close Container log Index 6 is not replicated across allthe servers in the pipeline a3e553f0-b812-4dfc-8692-39ca588449f8 as the min replicated index is 4. Deletion is not allowed in this container yet.
2019-10-15 21:43:59,525 [BlockDeletingService#2] WARN  background.BlockDeletingService (BlockDeletingService.java:isDeletionAllowed(187)) - Close Container log Index 6 is not replicated across allthe servers in the pipeline a3e553f0-b812-4dfc-8692-39ca588449f8 as the min replicated index is 4. Deletion is not allowed in this container yet.
2019-10-15 21:43:59,681 [EventQueue-ContainerReportForContainerReportHandler] WARN  container.ContainerReportHandler (AbstractContainerReportHandler.java:updateContainerState(145)) - Container #1 is in OPEN state, but the datanode f0d7c07d-0c9c-43c9-b90d-f56b2a8a0f48{ip: 192.168.34.60, host: pr-hdds-2254-trunk-wbvmw-1235415744, networkLocation: /default-rack, certSerialId: null} reports an CLOSED replica.
2019-10-15 21:43:59,891 [EventQueue-ContainerReportForContainerReportHandler] WARN  container.ContainerReportHandler (AbstractContainerReportHandler.java:updateContainerState(145)) - Container #1 is in OPEN state, but the datanode 11421ab1-19cb-4764-b505-ce794efeb49e{ip: 192.168.34.60, host: pr-hdds-2254-trunk-wbvmw-1235415744, networkLocation: /default-rack, certSerialId: null} reports an CLOSED replica.
2019-10-15 21:43:59,981 [EventQueue-ContainerReportForContainerReportHandler] WARN  container.ContainerReportHandler (AbstractContainerReportHandler.java:updateContainerState(145)) - Container #1 is in OPEN state, but the datanode f0d7c07d-0c9c-43c9-b90d-f56b2a8a0f48{ip: 192.168.34.60, host: pr-hdds-2254-trunk-wbvmw-1235415744, networkLocation: /default-rack, certSerialId: null} reports an CLOSED replica.
2019-10-15 21:44:00,021 [java.util.concurrent.ThreadPoolExecutor$Worker@18284111[State = -1, empty queue]] WARN  server.GrpcLogAppender (GrpcLogAppender.java:timeoutAppendRequest(209)) - 11421ab1-19cb-4764-b505-ce794efeb49e@group-39CA588449F8->2e9fa5e4-44d4-40da-9b1b-fd170634e70a-GrpcLogAppender: appendEntries Timeout, request=11421ab1-19cb-4764-b505-ce794efeb49e->2e9fa5e4-44d4-40da-9b1b-fd170634e70a#40-t4, previous=(t:4, i:10), leaderCommit=10, initializing? false, entries: <empty>
2019-10-15 21:44:00,091 [EventQueue-ContainerReportForContainerReportHandler] WARN  container.ContainerReportHandler (AbstractContainerReportHandler.java:updateContainerState(145)) - Container #1 is in OPEN state, but the datanode 11421ab1-19cb-4764-b505-ce794efeb49e{ip: 192.168.34.60, host: pr-hdds-2254-trunk-wbvmw-1235415744, networkLocation: /default-rack, certSerialId: null} reports an CLOSED replica.
2019-10-15 21:44:00,282 [EventQueue-ContainerReportForContainerReportHandler] WARN  container.ContainerReportHandler (AbstractContainerReportHandler.java:updateContainerState(145)) - Container #1 is in OPEN state, but the datanode f0d7c07d-0c9c-43c9-b90d-f56b2a8a0f48{ip: 192.168.34.60, host: pr-hdds-2254-trunk-wbvmw-1235415744, networkLocation: /default-rack, certSerialId: null} reports an CLOSED replica.
2019-10-15 21:44:00,292 [EventQueue-ContainerReportForContainerReportHandler] WARN  container.ContainerReportHandler (AbstractContainerReportHandler.java:updateContainerState(145)) - Container #1 is in OPEN state, but the datanode 11421ab1-19cb-4764-b505-ce794efeb49e{ip: 192.168.34.60, host: pr-hdds-2254-trunk-wbvmw-1235415744, networkLocation: /default-rack, certSerialId: null} reports an CLOSED replica.
2019-10-15 21:44:00,529 [BlockDeletingService#2] WARN  background.BlockDeletingService (BlockDeletingService.java:isDeletionAllowed(187)) - Close Container log Index 6 is not replicated across allthe servers in the pipeline a3e553f0-b812-4dfc-8692-39ca588449f8 as the min replicated index is 4. Deletion is not allowed in this container yet.
2019-10-15 21:44:00,529 [BlockDeletingService#2] WARN  background.BlockDeletingService (BlockDeletingService.java:isDeletionAllowed(187)) - Close Container log Index 6 is not replicated across allthe servers in the pipeline a3e553f0-b812-4dfc-8692-39ca588449f8 as the min replicated index is 4. Deletion is not allowed in this container yet.
2019-10-15 21:44:00,590 [EventQueue-ContainerReportForContainerReportHandler] WARN  container.ContainerReportHandler (AbstractContainerReportHandler.java:updateContainerState(145)) - Container #1 is in OPEN state, but the datanode 11421ab1-19cb-4764-b505-ce794efeb49e{ip: 192.168.34.60, host: pr-hdds-2254-trunk-wbvmw-1235415744, networkLocation: /default-rack, certSerialId: null} reports an CLOSED replica.
2019-10-15 21:44:00,681 [EventQueue-ContainerReportForContainerReportHandler] WARN  container.ContainerReportHandler (AbstractContainerReportHandler.java:updateContainerState(145)) - Container #1 is in OPEN state, but the datanode f0d7c07d-0c9c-43c9-b90d-f56b2a8a0f48{ip: 192.168.34.60, host: pr-hdds-2254-trunk-wbvmw-1235415744, networkLocation: /default-rack, certSerialId: null} reports an CLOSED replica.
2019-10-15 21:44:00,881 [EventQueue-ContainerReportForContainerReportHandler] WARN  container.ContainerReportHandler (AbstractContainerReportHandler.java:updateContainerState(145)) - Container #1 is in OPEN state, but the datanode f0d7c07d-0c9c-43c9-b90d-f56b2a8a0f48{ip: 192.168.34.60, host: pr-hdds-2254-trunk-wbvmw-1235415744, networkLocation: /default-rack, certSerialId: null} reports an CLOSED replica.
2019-10-15 21:44:00,990 [EventQueue-ContainerReportForContainerReportHandler] WARN  container.ContainerReportHandler (AbstractContainerReportHandler.java:updateContainerState(145)) - Container #1 is in OPEN state, but the datanode 11421ab1-19cb-4764-b505-ce794efeb49e{ip: 192.168.34.60, host: pr-hdds-2254-trunk-wbvmw-1235415744, networkLocation: /default-rack, certSerialId: null} reports an CLOSED replica.
2019-10-15 21:44:01,081 [EventQueue-ContainerReportForContainerReportHandler] WARN  container.ContainerReportHandler (AbstractContainerReportHandler.java:updateContainerState(145)) - Container #1 is in OPEN state, but the datanode f0d7c07d-0c9c-43c9-b90d-f56b2a8a0f48{ip: 192.168.34.60, host: pr-hdds-2254-trunk-wbvmw-1235415744, networkLocation: /default-rack, certSerialId: null} reports an CLOSED replica.
2019-10-15 21:44:01,192 [EventQueue-ContainerReportForContainerReportHandler] WARN  container.ContainerReportHandler (AbstractContainerReportHandler.java:updateContainerState(145)) - Container #1 is in OPEN state, but the datanode 11421ab1-19cb-4764-b505-ce794efeb49e{ip: 192.168.34.60, host: pr-hdds-2254-trunk-wbvmw-1235415744, networkLocation: /default-rack, certSerialId: null} reports an CLOSED replica.
2019-10-15 21:44:01,281 [EventQueue-ContainerReportForContainerReportHandler] WARN  container.ContainerReportHandler (AbstractContainerReportHandler.java:updateContainerState(145)) - Container #1 is in OPEN state, but the datanode f0d7c07d-0c9c-43c9-b90d-f56b2a8a0f48{ip: 192.168.34.60, host: pr-hdds-2254-trunk-wbvmw-1235415744, networkLocation: /default-rack, certSerialId: null} reports an CLOSED replica.
2019-10-15 21:44:01,491 [EventQueue-ContainerReportForContainerReportHandler] WARN  container.ContainerReportHandler (AbstractContainerReportHandler.java:updateContainerState(145)) - Container #1 is in OPEN state, but the datanode 11421ab1-19cb-4764-b505-ce794efeb49e{ip: 192.168.34.60, host: pr-hdds-2254-trunk-wbvmw-1235415744, networkLocation: /default-rack, certSerialId: null} reports an CLOSED replica.
2019-10-15 21:44:01,531 [BlockDeletingService#2] WARN  background.BlockDeletingService (BlockDeletingService.java:isDeletionAllowed(187)) - Close Container log Index 6 is not replicated across allthe servers in the pipeline a3e553f0-b812-4dfc-8692-39ca588449f8 as the min replicated index is 4. Deletion is not allowed in this container yet.
2019-10-15 21:44:01,531 [BlockDeletingService#2] WARN  background.BlockDeletingService (BlockDeletingService.java:isDeletionAllowed(187)) - Close Container log Index 6 is not replicated across allthe servers in the pipeline a3e553f0-b812-4dfc-8692-39ca588449f8 as the min replicated index is 4. Deletion is not allowed in this container yet.
2019-10-15 21:44:01,682 [EventQueue-ContainerReportForContainerReportHandler] WARN  container.ContainerReportHandler (AbstractContainerReportHandler.java:updateContainerState(145)) - Container #1 is in OPEN state, but the datanode f0d7c07d-0c9c-43c9-b90d-f56b2a8a0f48{ip: 192.168.34.60, host: pr-hdds-2254-trunk-wbvmw-1235415744, networkLocation: /default-rack, certSerialId: null} reports an CLOSED replica.
2019-10-15 21:44:01,891 [EventQueue-ContainerReportForContainerReportHandler] WARN  container.ContainerReportHandler (AbstractContainerReportHandler.java:updateContainerState(145)) - Container #1 is in OPEN state, but the datanode 11421ab1-19cb-4764-b505-ce794efeb49e{ip: 192.168.34.60, host: pr-hdds-2254-trunk-wbvmw-1235415744, networkLocation: /default-rack, certSerialId: null} reports an CLOSED replica.
2019-10-15 21:44:02,082 [EventQueue-ContainerReportForContainerReportHandler] WARN  container.ContainerReportHandler (AbstractContainerReportHandler.java:updateContainerState(145)) - Container #1 is in OPEN state, but the datanode f0d7c07d-0c9c-43c9-b90d-f56b2a8a0f48{ip: 192.168.34.60, host: pr-hdds-2254-trunk-wbvmw-1235415744, networkLocation: /default-rack, certSerialId: null} reports an CLOSED replica.
2019-10-15 21:44:02,194 [EventQueue-ContainerReportForContainerReportHandler] WARN  container.ContainerReportHandler (AbstractContainerReportHandler.java:updateContainerState(145)) - Container #1 is in OPEN state, but the datanode 11421ab1-19cb-4764-b505-ce794efeb49e{ip: 192.168.34.60, host: pr-hdds-2254-trunk-wbvmw-1235415744, networkLocation: /default-rack, certSerialId: null} reports an CLOSED replica.
2019-10-15 21:44:02,382 [EventQueue-ContainerReportForContainerReportHandler] WARN  container.ContainerReportHandler (AbstractContainerReportHandler.java:updateContainerState(145)) - Container #1 is in OPEN state, but the datanode f0d7c07d-0c9c-43c9-b90d-f56b2a8a0f48{ip: 192.168.34.60, host: pr-hdds-2254-trunk-wbvmw-1235415744, networkLocation: /default-rack, certSerialId: null} reports an CLOSED replica.
2019-10-15 21:44:02,493 [EventQueue-ContainerReportForContainerReportHandler] WARN  container.ContainerReportHandler (AbstractContainerReportHandler.java:updateContainerState(145)) - Container #1 is in OPEN state, but the datanode 11421ab1-19cb-4764-b505-ce794efeb49e{ip: 192.168.34.60, host: pr-hdds-2254-trunk-wbvmw-1235415744, networkLocation: /default-rack, certSerialId: null} reports an CLOSED replica.
2019-10-15 21:44:02,522 [java.util.concurrent.ThreadPoolExecutor$Worker@18284111[State = -1, empty queue]] WARN  server.GrpcLogAppender (GrpcLogAppender.java:timeoutAppendRequest(209)) - 11421ab1-19cb-4764-b505-ce794efeb49e@group-39CA588449F8->2e9fa5e4-44d4-40da-9b1b-fd170634e70a-GrpcLogAppender: appendEntries Timeout, request=11421ab1-19cb-4764-b505-ce794efeb49e->2e9fa5e4-44d4-40da-9b1b-fd170634e70a#41-t4, previous=(t:4, i:10), leaderCommit=10, initializing? false, entries: <empty>
2019-10-15 21:44:02,532 [BlockDeletingService#2] WARN  background.BlockDeletingService (BlockDeletingService.java:isDeletionAllowed(187)) - Close Container log Index 6 is not replicated across allthe servers in the pipeline a3e553f0-b812-4dfc-8692-39ca588449f8 as the min replicated index is 4. Deletion is not allowed in this container yet.
2019-10-15 21:44:02,532 [BlockDeletingService#2] WARN  background.BlockDeletingService (BlockDeletingService.java:isDeletionAllowed(187)) - Close Container log Index 6 is not replicated across allthe servers in the pipeline a3e553f0-b812-4dfc-8692-39ca588449f8 as the min replicated index is 4. Deletion is not allowed in this container yet.
2019-10-15 21:44:02,582 [EventQueue-ContainerReportForContainerReportHandler] WARN  container.ContainerReportHandler (AbstractContainerReportHandler.java:updateContainerState(145)) - Container #1 is in OPEN state, but the datanode f0d7c07d-0c9c-43c9-b90d-f56b2a8a0f48{ip: 192.168.34.60, host: pr-hdds-2254-trunk-wbvmw-1235415744, networkLocation: /default-rack, certSerialId: null} reports an CLOSED replica.
2019-10-15 21:44:02,782 [EventQueue-ContainerReportForContainerReportHandler] WARN  container.ContainerReportHandler (AbstractContainerReportHandler.java:updateContainerState(145)) - Container #1 is in OPEN state, but the datanode f0d7c07d-0c9c-43c9-b90d-f56b2a8a0f48{ip: 192.168.34.60, host: pr-hdds-2254-trunk-wbvmw-1235415744, networkLocation: /default-rack, certSerialId: null} reports an CLOSED replica.
2019-10-15 21:44:02,793 [EventQueue-ContainerReportForContainerReportHandler] WARN  container.ContainerReportHandler (AbstractContainerReportHandler.java:updateContainerState(145)) - Container #1 is in OPEN state, but the datanode 11421ab1-19cb-4764-b505-ce794efeb49e{ip: 192.168.34.60, host: pr-hdds-2254-trunk-wbvmw-1235415744, networkLocation: /default-rack, certSerialId: null} reports an CLOSED replica.
2019-10-15 21:44:03,182 [EventQueue-ContainerReportForContainerReportHandler] WARN  container.ContainerReportHandler (AbstractContainerReportHandler.java:updateContainerState(145)) - Container #1 is in OPEN state, but the datanode f0d7c07d-0c9c-43c9-b90d-f56b2a8a0f48{ip: 192.168.34.60, host: pr-hdds-2254-trunk-wbvmw-1235415744, networkLocation: /default-rack, certSerialId: null} reports an CLOSED replica.
2019-10-15 21:44:03,195 [EventQueue-ContainerReportForContainerReportHandler] WARN  container.ContainerReportHandler (AbstractContainerReportHandler.java:updateContainerState(145)) - Container #1 is in OPEN state, but the datanode 11421ab1-19cb-4764-b505-ce794efeb49e{ip: 192.168.34.60, host: pr-hdds-2254-trunk-wbvmw-1235415744, networkLocation: /default-rack, certSerialId: null} reports an CLOSED replica.
2019-10-15 21:44:03,484 [EventQueue-ContainerReportForContainerReportHandler] WARN  container.ContainerReportHandler (AbstractContainerReportHandler.java:updateContainerState(145)) - Container #1 is in OPEN state, but the datanode f0d7c07d-0c9c-43c9-b90d-f56b2a8a0f48{ip: 192.168.34.60, host: pr-hdds-2254-trunk-wbvmw-1235415744, networkLocation: /default-rack, certSerialId: null} reports an CLOSED replica.
2019-10-15 21:44:03,495 [EventQueue-ContainerReportForContainerReportHandler] WARN  container.ContainerReportHandler (AbstractContainerReportHandler.java:updateContainerState(145)) - Container #1 is in OPEN state, but the datanode 11421ab1-19cb-4764-b505-ce794efeb49e{ip: 192.168.34.60, host: pr-hdds-2254-trunk-wbvmw-1235415744, networkLocation: /default-rack, certSerialId: null} reports an CLOSED replica.
2019-10-15 21:44:03,534 [BlockDeletingService#2] WARN  background.BlockDeletingService (BlockDeletingService.java:isDeletionAllowed(187)) - Close Container log Index 6 is not replicated across allthe servers in the pipeline a3e553f0-b812-4dfc-8692-39ca588449f8 as the min replicated index is 4. Deletion is not allowed in this container yet.
2019-10-15 21:44:03,534 [BlockDeletingService#2] WARN  background.BlockDeletingService (BlockDeletingService.java:isDeletionAllowed(187)) - Close Container log Index 6 is not replicated across allthe servers in the pipeline a3e553f0-b812-4dfc-8692-39ca588449f8 as the min replicated index is 4. Deletion is not allowed in this container yet.
2019-10-15 21:44:03,783 [EventQueue-ContainerReportForContainerReportHandler] WARN  container.ContainerReportHandler (AbstractContainerReportHandler.java:updateContainerState(145)) - Container #1 is in OPEN state, but the datanode f0d7c07d-0c9c-43c9-b90d-f56b2a8a0f48{ip: 192.168.34.60, host: pr-hdds-2254-trunk-wbvmw-1235415744, networkLocation: /default-rack, certSerialId: null} reports an CLOSED replica.
2019-10-15 21:44:03,894 [EventQueue-ContainerReportForContainerReportHandler] WARN  container.ContainerReportHandler (AbstractContainerReportHandler.java:updateContainerState(145)) - Container #1 is in OPEN state, but the datanode 11421ab1-19cb-4764-b505-ce794efeb49e{ip: 192.168.34.60, host: pr-hdds-2254-trunk-wbvmw-1235415744, networkLocation: /default-rack, certSerialId: null} reports an CLOSED replica.
2019-10-15 21:44:04,084 [EventQueue-ContainerReportForContainerReportHandler] WARN  container.ContainerReportHandler (AbstractContainerReportHandler.java:updateContainerState(145)) - Container #1 is in OPEN state, but the datanode f0d7c07d-0c9c-43c9-b90d-f56b2a8a0f48{ip: 192.168.34.60, host: pr-hdds-2254-trunk-wbvmw-1235415744, networkLocation: /default-rack, certSerialId: null} reports an CLOSED replica.
2019-10-15 21:44:04,094 [EventQueue-ContainerReportForContainerReportHandler] WARN  container.ContainerReportHandler (AbstractContainerReportHandler.java:updateContainerState(145)) - Container #1 is in OPEN state, but the datanode 11421ab1-19cb-4764-b505-ce794efeb49e{ip: 192.168.34.60, host: pr-hdds-2254-trunk-wbvmw-1235415744, networkLocation: /default-rack, certSerialId: null} reports an CLOSED replica.
2019-10-15 21:44:04,383 [EventQueue-ContainerReportForContainerReportHandler] WARN  container.ContainerReportHandler (AbstractContainerReportHandler.java:updateContainerState(145)) - Container #1 is in OPEN state, but the datanode f0d7c07d-0c9c-43c9-b90d-f56b2a8a0f48{ip: 192.168.34.60, host: pr-hdds-2254-trunk-wbvmw-1235415744, networkLocation: /default-rack, certSerialId: null} reports an CLOSED replica.
2019-10-15 21:44:04,394 [EventQueue-ContainerReportForContainerReportHandler] WARN  container.ContainerReportHandler (AbstractContainerReportHandler.java:updateContainerState(145)) - Container #1 is in OPEN state, but the datanode 11421ab1-19cb-4764-b505-ce794efeb49e{ip: 192.168.34.60, host: pr-hdds-2254-trunk-wbvmw-1235415744, networkLocation: /default-rack, certSerialId: null} reports an CLOSED replica.
2019-10-15 21:44:04,536 [BlockDeletingService#2] WARN  background.BlockDeletingService (BlockDeletingService.java:isDeletionAllowed(187)) - Close Container log Index 6 is not replicated across allthe servers in the pipeline a3e553f0-b812-4dfc-8692-39ca588449f8 as the min replicated index is 4. Deletion is not allowed in this container yet.
2019-10-15 21:44:04,536 [BlockDeletingService#2] WARN  background.BlockDeletingService (BlockDeletingService.java:isDeletionAllowed(187)) - Close Container log Index 6 is not replicated across allthe servers in the pipeline a3e553f0-b812-4dfc-8692-39ca588449f8 as the min replicated index is 4. Deletion is not allowed in this container yet.
2019-10-15 21:44:04,595 [EventQueue-ContainerReportForContainerReportHandler] WARN  container.ContainerReportHandler (AbstractContainerReportHandler.java:updateContainerState(145)) - Container #1 is in OPEN state, but the datanode 11421ab1-19cb-4764-b505-ce794efeb49e{ip: 192.168.34.60, host: pr-hdds-2254-trunk-wbvmw-1235415744, networkLocation: /default-rack, certSerialId: null} reports an CLOSED replica.
2019-10-15 21:44:04,663 [Thread-463] INFO  client.GrpcClientProtocolService (GrpcClientProtocolService.java:lambda$processClientRequest$0(278)) - Failed RaftClientRequest:client-D0B527BDC3D7->f0d7c07d-0c9c-43c9-b90d-f56b2a8a0f48@group-39CA588449F8, cid=10, seq=0, Watch-ALL_COMMITTED(6), Message:<EMPTY>, reply=RaftClientReply:client-D0B527BDC3D7->f0d7c07d-0c9c-43c9-b90d-f56b2a8a0f48@group-39CA588449F8, cid=10, FAILED org.apache.ratis.protocol.NotLeaderException: Server f0d7c07d-0c9c-43c9-b90d-f56b2a8a0f48@group-39CA588449F8 is not the leader 11421ab1-19cb-4764-b505-ce794efeb49e:192.168.34.60:42577, logIndex=0, commits[f0d7c07d-0c9c-43c9-b90d-f56b2a8a0f48:c10, 2e9fa5e4-44d4-40da-9b1b-fd170634e70a:c4, 11421ab1-19cb-4764-b505-ce794efeb49e:c10]
2019-10-15 21:44:04,683 [EventQueue-ContainerReportForContainerReportHandler] WARN  container.ContainerReportHandler (AbstractContainerReportHandler.java:updateContainerState(145)) - Container #1 is in OPEN state, but the datanode f0d7c07d-0c9c-43c9-b90d-f56b2a8a0f48{ip: 192.168.34.60, host: pr-hdds-2254-trunk-wbvmw-1235415744, networkLocation: /default-rack, certSerialId: null} reports an CLOSED replica.
2019-10-15 21:44:04,896 [EventQueue-ContainerReportForContainerReportHandler] WARN  container.ContainerReportHandler (AbstractContainerReportHandler.java:updateContainerState(145)) - Container #1 is in OPEN state, but the datanode 11421ab1-19cb-4764-b505-ce794efeb49e{ip: 192.168.34.60, host: pr-hdds-2254-trunk-wbvmw-1235415744, networkLocation: /default-rack, certSerialId: null} reports an CLOSED replica.
2019-10-15 21:44:04,983 [EventQueue-ContainerReportForContainerReportHandler] WARN  container.ContainerReportHandler (AbstractContainerReportHandler.java:updateContainerState(145)) - Container #1 is in OPEN state, but the datanode f0d7c07d-0c9c-43c9-b90d-f56b2a8a0f48{ip: 192.168.34.60, host: pr-hdds-2254-trunk-wbvmw-1235415744, networkLocation: /default-rack, certSerialId: null} reports an CLOSED replica.
2019-10-15 21:44:05,023 [java.util.concurrent.ThreadPoolExecutor$Worker@18284111[State = -1, empty queue]] WARN  server.GrpcLogAppender (GrpcLogAppender.java:timeoutAppendRequest(209)) - 11421ab1-19cb-4764-b505-ce794efeb49e@group-39CA588449F8->2e9fa5e4-44d4-40da-9b1b-fd170634e70a-GrpcLogAppender: appendEntries Timeout, request=11421ab1-19cb-4764-b505-ce794efeb49e->2e9fa5e4-44d4-40da-9b1b-fd170634e70a#42-t4, previous=(t:4, i:10), leaderCommit=10, initializing? false, entries: <empty>
2019-10-15 21:44:05,197 [EventQueue-ContainerReportForContainerReportHandler] WARN  container.ContainerReportHandler (AbstractContainerReportHandler.java:updateContainerState(145)) - Container #1 is in OPEN state, but the datanode 11421ab1-19cb-4764-b505-ce794efeb49e{ip: 192.168.34.60, host: pr-hdds-2254-trunk-wbvmw-1235415744, networkLocation: /default-rack, certSerialId: null} reports an CLOSED replica.
2019-10-15 21:44:05,283 [EventQueue-ContainerReportForContainerReportHandler] WARN  container.ContainerReportHandler (AbstractContainerReportHandler.java:updateContainerState(145)) - Container #1 is in OPEN state, but the datanode f0d7c07d-0c9c-43c9-b90d-f56b2a8a0f48{ip: 192.168.34.60, host: pr-hdds-2254-trunk-wbvmw-1235415744, networkLocation: /default-rack, certSerialId: null} reports an CLOSED replica.
2019-10-15 21:44:05,537 [BlockDeletingService#2] WARN  background.BlockDeletingService (BlockDeletingService.java:isDeletionAllowed(187)) - Close Container log Index 6 is not replicated across allthe servers in the pipeline a3e553f0-b812-4dfc-8692-39ca588449f8 as the min replicated index is 4. Deletion is not allowed in this container yet.
2019-10-15 21:44:05,537 [BlockDeletingService#2] WARN  background.BlockDeletingService (BlockDeletingService.java:isDeletionAllowed(187)) - Close Container log Index 6 is not replicated across allthe servers in the pipeline a3e553f0-b812-4dfc-8692-39ca588449f8 as the min replicated index is 4. Deletion is not allowed in this container yet.
2019-10-15 21:44:05,584 [EventQueue-ContainerReportForContainerReportHandler] WARN  container.ContainerReportHandler (AbstractContainerReportHandler.java:updateContainerState(145)) - Container #1 is in OPEN state, but the datanode f0d7c07d-0c9c-43c9-b90d-f56b2a8a0f48{ip: 192.168.34.60, host: pr-hdds-2254-trunk-wbvmw-1235415744, networkLocation: /default-rack, certSerialId: null} reports an CLOSED replica.
2019-10-15 21:44:05,597 [EventQueue-ContainerReportForContainerReportHandler] WARN  container.ContainerReportHandler (AbstractContainerReportHandler.java:updateContainerState(145)) - Container #1 is in OPEN state, but the datanode 11421ab1-19cb-4764-b505-ce794efeb49e{ip: 192.168.34.60, host: pr-hdds-2254-trunk-wbvmw-1235415744, networkLocation: /default-rack, certSerialId: null} reports an CLOSED replica.
2019-10-15 21:44:05,755 [Thread-468] INFO  client.GrpcClientProtocolService (GrpcClientProtocolService.java:lambda$processClientRequest$0(278)) - Failed RaftClientRequest:client-D0B527BDC3D7->11421ab1-19cb-4764-b505-ce794efeb49e@group-39CA588449F8, cid=10, seq=0, Watch-ALL_COMMITTED(6), Message:<EMPTY>, reply=RaftClientReply:client-D0B527BDC3D7->11421ab1-19cb-4764-b505-ce794efeb49e@group-39CA588449F8, cid=10, FAILED org.apache.ratis.protocol.NotReplicatedException: Request with call Id 10 and log index 6 is not yet replicated to ALL_COMMITTED, logIndex=6, commits[11421ab1-19cb-4764-b505-ce794efeb49e:c10, 2e9fa5e4-44d4-40da-9b1b-fd170634e70a:c4, f0d7c07d-0c9c-43c9-b90d-f56b2a8a0f48:c10]
2019-10-15 21:44:05,797 [EventQueue-ContainerReportForContainerReportHandler] WARN  container.ContainerReportHandler (AbstractContainerReportHandler.java:updateContainerState(145)) - Container #1 is in OPEN state, but the datanode 11421ab1-19cb-4764-b505-ce794efeb49e{ip: 192.168.34.60, host: pr-hdds-2254-trunk-wbvmw-1235415744, networkLocation: /default-rack, certSerialId: null} reports an CLOSED replica.
2019-10-15 21:44:05,884 [EventQueue-ContainerReportForContainerReportHandler] WARN  container.ContainerReportHandler (AbstractContainerReportHandler.java:updateContainerState(145)) - Container #1 is in OPEN state, but the datanode f0d7c07d-0c9c-43c9-b90d-f56b2a8a0f48{ip: 192.168.34.60, host: pr-hdds-2254-trunk-wbvmw-1235415744, networkLocation: /default-rack, certSerialId: null} reports an CLOSED replica.
2019-10-15 21:44:06,097 [EventQueue-ContainerReportForContainerReportHandler] WARN  container.ContainerReportHandler (AbstractContainerReportHandler.java:updateContainerState(145)) - Container #1 is in OPEN state, but the datanode 11421ab1-19cb-4764-b505-ce794efeb49e{ip: 192.168.34.60, host: pr-hdds-2254-trunk-wbvmw-1235415744, networkLocation: /default-rack, certSerialId: null} reports an CLOSED replica.
2019-10-15 21:44:06,184 [EventQueue-ContainerReportForContainerReportHandler] WARN  container.ContainerReportHandler (AbstractContainerReportHandler.java:updateContainerState(145)) - Container #1 is in OPEN state, but the datanode f0d7c07d-0c9c-43c9-b90d-f56b2a8a0f48{ip: 192.168.34.60, host: pr-hdds-2254-trunk-wbvmw-1235415744, networkLocation: /default-rack, certSerialId: null} reports an CLOSED replica.
2019-10-15 21:44:06,484 [EventQueue-ContainerReportForContainerReportHandler] WARN  container.ContainerReportHandler (AbstractContainerReportHandler.java:updateContainerState(145)) - Container #1 is in OPEN state, but the datanode f0d7c07d-0c9c-43c9-b90d-f56b2a8a0f48{ip: 192.168.34.60, host: pr-hdds-2254-trunk-wbvmw-1235415744, networkLocation: /default-rack, certSerialId: null} reports an CLOSED replica.
2019-10-15 21:44:06,497 [EventQueue-ContainerReportForContainerReportHandler] WARN  container.ContainerReportHandler (AbstractContainerReportHandler.java:updateContainerState(145)) - Container #1 is in OPEN state, but the datanode 11421ab1-19cb-4764-b505-ce794efeb49e{ip: 192.168.34.60, host: pr-hdds-2254-trunk-wbvmw-1235415744, networkLocation: /default-rack, certSerialId: null} reports an CLOSED replica.
2019-10-15 21:44:06,539 [BlockDeletingService#2] WARN  background.BlockDeletingService (BlockDeletingService.java:isDeletionAllowed(187)) - Close Container log Index 6 is not replicated across allthe servers in the pipeline a3e553f0-b812-4dfc-8692-39ca588449f8 as the min replicated index is 4. Deletion is not allowed in this container yet.
2019-10-15 21:44:06,539 [BlockDeletingService#2] WARN  background.BlockDeletingService (BlockDeletingService.java:isDeletionAllowed(187)) - Close Container log Index 6 is not replicated across allthe servers in the pipeline a3e553f0-b812-4dfc-8692-39ca588449f8 as the min replicated index is 4. Deletion is not allowed in this container yet.
2019-10-15 21:44:06,696 [EventQueue-ContainerReportForContainerReportHandler] WARN  container.ContainerReportHandler (AbstractContainerReportHandler.java:updateContainerState(145)) - Container #1 is in OPEN state, but the datanode 11421ab1-19cb-4764-b505-ce794efeb49e{ip: 192.168.34.60, host: pr-hdds-2254-trunk-wbvmw-1235415744, networkLocation: /default-rack, certSerialId: null} reports an CLOSED replica.
2019-10-15 21:44:06,783 [EventQueue-ContainerReportForContainerReportHandler] WARN  container.ContainerReportHandler (AbstractContainerReportHandler.java:updateContainerState(145)) - Container #1 is in OPEN state, but the datanode f0d7c07d-0c9c-43c9-b90d-f56b2a8a0f48{ip: 192.168.34.60, host: pr-hdds-2254-trunk-wbvmw-1235415744, networkLocation: /default-rack, certSerialId: null} reports an CLOSED replica.
2019-10-15 21:44:06,896 [EventQueue-ContainerReportForContainerReportHandler] WARN  container.ContainerReportHandler (AbstractContainerReportHandler.java:updateContainerState(145)) - Container #1 is in OPEN state, but the datanode 11421ab1-19cb-4764-b505-ce794efeb49e{ip: 192.168.34.60, host: pr-hdds-2254-trunk-wbvmw-1235415744, networkLocation: /default-rack, certSerialId: null} reports an CLOSED replica.
2019-10-15 21:44:06,984 [EventQueue-ContainerReportForContainerReportHandler] WARN  container.ContainerReportHandler (AbstractContainerReportHandler.java:updateContainerState(145)) - Container #1 is in OPEN state, but the datanode f0d7c07d-0c9c-43c9-b90d-f56b2a8a0f48{ip: 192.168.34.60, host: pr-hdds-2254-trunk-wbvmw-1235415744, networkLocation: /default-rack, certSerialId: null} reports an CLOSED replica.
2019-10-15 21:44:07,197 [EventQueue-ContainerReportForContainerReportHandler] WARN  container.ContainerReportHandler (AbstractContainerReportHandler.java:updateContainerState(145)) - Container #1 is in OPEN state, but the datanode 11421ab1-19cb-4764-b505-ce794efeb49e{ip: 192.168.34.60, host: pr-hdds-2254-trunk-wbvmw-1235415744, networkLocation: /default-rack, certSerialId: null} reports an CLOSED replica.
2019-10-15 21:44:07,283 [EventQueue-ContainerReportForContainerReportHandler] WARN  container.ContainerReportHandler (AbstractContainerReportHandler.java:updateContainerState(145)) - Container #1 is in OPEN state, but the datanode f0d7c07d-0c9c-43c9-b90d-f56b2a8a0f48{ip: 192.168.34.60, host: pr-hdds-2254-trunk-wbvmw-1235415744, networkLocation: /default-rack, certSerialId: null} reports an CLOSED replica.
2019-10-15 21:44:07,483 [EventQueue-ContainerReportForContainerReportHandler] WARN  container.ContainerReportHandler (AbstractContainerReportHandler.java:updateContainerState(145)) - Container #1 is in OPEN state, but the datanode f0d7c07d-0c9c-43c9-b90d-f56b2a8a0f48{ip: 192.168.34.60, host: pr-hdds-2254-trunk-wbvmw-1235415744, networkLocation: /default-rack, certSerialId: null} reports an CLOSED replica.
2019-10-15 21:44:07,496 [EventQueue-ContainerReportForContainerReportHandler] WARN  container.ContainerReportHandler (AbstractContainerReportHandler.java:updateContainerState(145)) - Container #1 is in OPEN state, but the datanode 11421ab1-19cb-4764-b505-ce794efeb49e{ip: 192.168.34.60, host: pr-hdds-2254-trunk-wbvmw-1235415744, networkLocation: /default-rack, certSerialId: null} reports an CLOSED replica.
2019-10-15 21:44:07,524 [java.util.concurrent.ThreadPoolExecutor$Worker@18284111[State = -1, empty queue]] WARN  server.GrpcLogAppender (GrpcLogAppender.java:timeoutAppendRequest(209)) - 11421ab1-19cb-4764-b505-ce794efeb49e@group-39CA588449F8->2e9fa5e4-44d4-40da-9b1b-fd170634e70a-GrpcLogAppender: appendEntries Timeout, request=11421ab1-19cb-4764-b505-ce794efeb49e->2e9fa5e4-44d4-40da-9b1b-fd170634e70a#43-t4, previous=(t:4, i:10), leaderCommit=10, initializing? false, entries: <empty>
2019-10-15 21:44:07,542 [BlockDeletingService#2] WARN  background.BlockDeletingService (BlockDeletingService.java:isDeletionAllowed(187)) - Close Container log Index 6 is not replicated across allthe servers in the pipeline a3e553f0-b812-4dfc-8692-39ca588449f8 as the min replicated index is 4. Deletion is not allowed in this container yet.
2019-10-15 21:44:07,542 [BlockDeletingService#2] WARN  background.BlockDeletingService (BlockDeletingService.java:isDeletionAllowed(187)) - Close Container log Index 6 is not replicated across allthe servers in the pipeline a3e553f0-b812-4dfc-8692-39ca588449f8 as the min replicated index is 4. Deletion is not allowed in this container yet.
2019-10-15 21:44:07,783 [EventQueue-ContainerReportForContainerReportHandler] WARN  container.ContainerReportHandler (AbstractContainerReportHandler.java:updateContainerState(145)) - Container #1 is in OPEN state, but the datanode f0d7c07d-0c9c-43c9-b90d-f56b2a8a0f48{ip: 192.168.34.60, host: pr-hdds-2254-trunk-wbvmw-1235415744, networkLocation: /default-rack, certSerialId: null} reports an CLOSED replica.
2019-10-15 21:44:07,796 [EventQueue-ContainerReportForContainerReportHandler] WARN  container.ContainerReportHandler (AbstractContainerReportHandler.java:updateContainerState(145)) - Container #1 is in OPEN state, but the datanode 11421ab1-19cb-4764-b505-ce794efeb49e{ip: 192.168.34.60, host: pr-hdds-2254-trunk-wbvmw-1235415744, networkLocation: /default-rack, certSerialId: null} reports an CLOSED replica.
2019-10-15 21:44:07,984 [EventQueue-ContainerReportForContainerReportHandler] WARN  container.ContainerReportHandler (AbstractContainerReportHandler.java:updateContainerState(145)) - Container #1 is in OPEN state, but the datanode f0d7c07d-0c9c-43c9-b90d-f56b2a8a0f48{ip: 192.168.34.60, host: pr-hdds-2254-trunk-wbvmw-1235415744, networkLocation: /default-rack, certSerialId: null} reports an CLOSED replica.
2019-10-15 21:44:08,097 [EventQueue-ContainerReportForContainerReportHandler] WARN  container.ContainerReportHandler (AbstractContainerReportHandler.java:updateContainerState(145)) - Container #1 is in OPEN state, but the datanode 11421ab1-19cb-4764-b505-ce794efeb49e{ip: 192.168.34.60, host: pr-hdds-2254-trunk-wbvmw-1235415744, networkLocation: /default-rack, certSerialId: null} reports an CLOSED replica.
2019-10-15 21:44:08,186 [EventQueue-ContainerReportForContainerReportHandler] WARN  container.ContainerReportHandler (AbstractContainerReportHandler.java:updateContainerState(145)) - Container #1 is in OPEN state, but the datanode f0d7c07d-0c9c-43c9-b90d-f56b2a8a0f48{ip: 192.168.34.60, host: pr-hdds-2254-trunk-wbvmw-1235415744, networkLocation: /default-rack, certSerialId: null} reports an CLOSED replica.
2019-10-15 21:44:08,396 [EventQueue-ContainerReportForContainerReportHandler] WARN  container.ContainerReportHandler (AbstractContainerReportHandler.java:updateContainerState(145)) - Container #1 is in OPEN state, but the datanode 11421ab1-19cb-4764-b505-ce794efeb49e{ip: 192.168.34.60, host: pr-hdds-2254-trunk-wbvmw-1235415744, networkLocation: /default-rack, certSerialId: null} reports an CLOSED replica.
2019-10-15 21:44:08,486 [EventQueue-ContainerReportForContainerReportHandler] WARN  container.ContainerReportHandler (AbstractContainerReportHandler.java:updateContainerState(145)) - Container #1 is in OPEN state, but the datanode f0d7c07d-0c9c-43c9-b90d-f56b2a8a0f48{ip: 192.168.34.60, host: pr-hdds-2254-trunk-wbvmw-1235415744, networkLocation: /default-rack, certSerialId: null} reports an CLOSED replica.
2019-10-15 21:44:08,543 [BlockDeletingService#2] WARN  background.BlockDeletingService (BlockDeletingService.java:isDeletionAllowed(187)) - Close Container log Index 6 is not replicated across allthe servers in the pipeline a3e553f0-b812-4dfc-8692-39ca588449f8 as the min replicated index is 4. Deletion is not allowed in this container yet.
2019-10-15 21:44:08,543 [BlockDeletingService#2] WARN  background.BlockDeletingService (BlockDeletingService.java:isDeletionAllowed(187)) - Close Container log Index 6 is not replicated across allthe servers in the pipeline a3e553f0-b812-4dfc-8692-39ca588449f8 as the min replicated index is 4. Deletion is not allowed in this container yet.
2019-10-15 21:44:08,786 [EventQueue-ContainerReportForContainerReportHandler] WARN  container.ContainerReportHandler (AbstractContainerReportHandler.java:updateContainerState(145)) - Container #1 is in OPEN state, but the datanode f0d7c07d-0c9c-43c9-b90d-f56b2a8a0f48{ip: 192.168.34.60, host: pr-hdds-2254-trunk-wbvmw-1235415744, networkLocation: /default-rack, certSerialId: null} reports an CLOSED replica.
2019-10-15 21:44:08,798 [EventQueue-ContainerReportForContainerReportHandler] WARN  container.ContainerReportHandler (AbstractContainerReportHandler.java:updateContainerState(145)) - Container #1 is in OPEN state, but the datanode 11421ab1-19cb-4764-b505-ce794efeb49e{ip: 192.168.34.60, host: pr-hdds-2254-trunk-wbvmw-1235415744, networkLocation: /default-rack, certSerialId: null} reports an CLOSED replica.
2019-10-15 21:44:09,100 [EventQueue-ContainerReportForContainerReportHandler] WARN  container.ContainerReportHandler (AbstractContainerReportHandler.java:updateContainerState(145)) - Container #1 is in OPEN state, but the datanode 11421ab1-19cb-4764-b505-ce794efeb49e{ip: 192.168.34.60, host: pr-hdds-2254-trunk-wbvmw-1235415744, networkLocation: /default-rack, certSerialId: null} reports an CLOSED replica.
2019-10-15 21:44:09,187 [EventQueue-ContainerReportForContainerReportHandler] WARN  container.ContainerReportHandler (AbstractContainerReportHandler.java:updateContainerState(145)) - Container #1 is in OPEN state, but the datanode f0d7c07d-0c9c-43c9-b90d-f56b2a8a0f48{ip: 192.168.34.60, host: pr-hdds-2254-trunk-wbvmw-1235415744, networkLocation: /default-rack, certSerialId: null} reports an CLOSED replica.
2019-10-15 21:44:09,388 [EventQueue-ContainerReportForContainerReportHandler] WARN  container.ContainerReportHandler (AbstractContainerReportHandler.java:updateContainerState(145)) - Container #1 is in OPEN state, but the datanode f0d7c07d-0c9c-43c9-b90d-f56b2a8a0f48{ip: 192.168.34.60, host: pr-hdds-2254-trunk-wbvmw-1235415744, networkLocation: /default-rack, certSerialId: null} reports an CLOSED replica.
2019-10-15 21:44:09,400 [EventQueue-ContainerReportForContainerReportHandler] WARN  container.ContainerReportHandler (AbstractContainerReportHandler.java:updateContainerState(145)) - Container #1 is in OPEN state, but the datanode 11421ab1-19cb-4764-b505-ce794efeb49e{ip: 192.168.34.60, host: pr-hdds-2254-trunk-wbvmw-1235415744, networkLocation: /default-rack, certSerialId: null} reports an CLOSED replica.
2019-10-15 21:44:09,545 [BlockDeletingService#2] WARN  background.BlockDeletingService (BlockDeletingService.java:isDeletionAllowed(187)) - Close Container log Index 6 is not replicated across allthe servers in the pipeline a3e553f0-b812-4dfc-8692-39ca588449f8 as the min replicated index is 4. Deletion is not allowed in this container yet.
2019-10-15 21:44:09,545 [BlockDeletingService#2] WARN  background.BlockDeletingService (BlockDeletingService.java:isDeletionAllowed(187)) - Close Container log Index 6 is not replicated across allthe servers in the pipeline a3e553f0-b812-4dfc-8692-39ca588449f8 as the min replicated index is 4. Deletion is not allowed in this container yet.
2019-10-15 21:44:09,690 [EventQueue-ContainerReportForContainerReportHandler] WARN  container.ContainerReportHandler (AbstractContainerReportHandler.java:updateContainerState(145)) - Container #1 is in OPEN state, but the datanode f0d7c07d-0c9c-43c9-b90d-f56b2a8a0f48{ip: 192.168.34.60, host: pr-hdds-2254-trunk-wbvmw-1235415744, networkLocation: /default-rack, certSerialId: null} reports an CLOSED replica.
2019-10-15 21:44:09,699 [EventQueue-ContainerReportForContainerReportHandler] WARN  container.ContainerReportHandler (AbstractContainerReportHandler.java:updateContainerState(145)) - Container #1 is in OPEN state, but the datanode 11421ab1-19cb-4764-b505-ce794efeb49e{ip: 192.168.34.60, host: pr-hdds-2254-trunk-wbvmw-1235415744, networkLocation: /default-rack, certSerialId: null} reports an CLOSED replica.
2019-10-15 21:44:10,024 [java.util.concurrent.ThreadPoolExecutor$Worker@18284111[State = -1, empty queue]] WARN  server.GrpcLogAppender (GrpcLogAppender.java:timeoutAppendRequest(209)) - 11421ab1-19cb-4764-b505-ce794efeb49e@group-39CA588449F8->2e9fa5e4-44d4-40da-9b1b-fd170634e70a-GrpcLogAppender: appendEntries Timeout, request=11421ab1-19cb-4764-b505-ce794efeb49e->2e9fa5e4-44d4-40da-9b1b-fd170634e70a#44-t4, previous=(t:4, i:10), leaderCommit=10, initializing? false, entries: <empty>
2019-10-15 21:44:10,090 [EventQueue-ContainerReportForContainerReportHandler] WARN  container.ContainerReportHandler (AbstractContainerReportHandler.java:updateContainerState(145)) - Container #1 is in OPEN state, but the datanode f0d7c07d-0c9c-43c9-b90d-f56b2a8a0f48{ip: 192.168.34.60, host: pr-hdds-2254-trunk-wbvmw-1235415744, networkLocation: /default-rack, certSerialId: null} reports an CLOSED replica.
2019-10-15 21:44:10,101 [EventQueue-ContainerReportForContainerReportHandler] WARN  container.ContainerReportHandler (AbstractContainerReportHandler.java:updateContainerState(145)) - Container #1 is in OPEN state, but the datanode 11421ab1-19cb-4764-b505-ce794efeb49e{ip: 192.168.34.60, host: pr-hdds-2254-trunk-wbvmw-1235415744, networkLocation: /default-rack, certSerialId: null} reports an CLOSED replica.
2019-10-15 21:44:10,390 [EventQueue-ContainerReportForContainerReportHandler] WARN  container.ContainerReportHandler (AbstractContainerReportHandler.java:updateContainerState(145)) - Container #1 is in OPEN state, but the datanode f0d7c07d-0c9c-43c9-b90d-f56b2a8a0f48{ip: 192.168.34.60, host: pr-hdds-2254-trunk-wbvmw-1235415744, networkLocation: /default-rack, certSerialId: null} reports an CLOSED replica.
2019-10-15 21:44:10,501 [EventQueue-ContainerReportForContainerReportHandler] WARN  container.ContainerReportHandler (AbstractContainerReportHandler.java:updateContainerState(145)) - Container #1 is in OPEN state, but the datanode 11421ab1-19cb-4764-b505-ce794efeb49e{ip: 192.168.34.60, host: pr-hdds-2254-trunk-wbvmw-1235415744, networkLocation: /default-rack, certSerialId: null} reports an CLOSED replica.
2019-10-15 21:44:10,546 [BlockDeletingService#2] WARN  background.BlockDeletingService (BlockDeletingService.java:isDeletionAllowed(187)) - Close Container log Index 6 is not replicated across allthe servers in the pipeline a3e553f0-b812-4dfc-8692-39ca588449f8 as the min replicated index is 4. Deletion is not allowed in this container yet.
2019-10-15 21:44:10,547 [BlockDeletingService#2] WARN  background.BlockDeletingService (BlockDeletingService.java:isDeletionAllowed(187)) - Close Container log Index 6 is not replicated across allthe servers in the pipeline a3e553f0-b812-4dfc-8692-39ca588449f8 as the min replicated index is 4. Deletion is not allowed in this container yet.
2019-10-15 21:44:10,690 [EventQueue-ContainerReportForContainerReportHandler] WARN  container.ContainerReportHandler (AbstractContainerReportHandler.java:updateContainerState(145)) - Container #1 is in OPEN state, but the datanode f0d7c07d-0c9c-43c9-b90d-f56b2a8a0f48{ip: 192.168.34.60, host: pr-hdds-2254-trunk-wbvmw-1235415744, networkLocation: /default-rack, certSerialId: null} reports an CLOSED replica.
2019-10-15 21:44:10,801 [EventQueue-ContainerReportForContainerReportHandler] WARN  container.ContainerReportHandler (AbstractContainerReportHandler.java:updateContainerState(145)) - Container #1 is in OPEN state, but the datanode 11421ab1-19cb-4764-b505-ce794efeb49e{ip: 192.168.34.60, host: pr-hdds-2254-trunk-wbvmw-1235415744, networkLocation: /default-rack, certSerialId: null} reports an CLOSED replica.
2019-10-15 21:44:10,990 [EventQueue-ContainerReportForContainerReportHandler] WARN  container.ContainerReportHandler (AbstractContainerReportHandler.java:updateContainerState(145)) - Container #1 is in OPEN state, but the datanode f0d7c07d-0c9c-43c9-b90d-f56b2a8a0f48{ip: 192.168.34.60, host: pr-hdds-2254-trunk-wbvmw-1235415744, networkLocation: /default-rack, certSerialId: null} reports an CLOSED replica.
2019-10-15 21:44:11,100 [EventQueue-ContainerReportForContainerReportHandler] WARN  container.ContainerReportHandler (AbstractContainerReportHandler.java:updateContainerState(145)) - Container #1 is in OPEN state, but the datanode 11421ab1-19cb-4764-b505-ce794efeb49e{ip: 192.168.34.60, host: pr-hdds-2254-trunk-wbvmw-1235415744, networkLocation: /default-rack, certSerialId: null} reports an CLOSED replica.
2019-10-15 21:44:11,391 [EventQueue-ContainerReportForContainerReportHandler] WARN  container.ContainerReportHandler (AbstractContainerReportHandler.java:updateContainerState(145)) - Container #1 is in OPEN state, but the datanode f0d7c07d-0c9c-43c9-b90d-f56b2a8a0f48{ip: 192.168.34.60, host: pr-hdds-2254-trunk-wbvmw-1235415744, networkLocation: /default-rack, certSerialId: null} reports an CLOSED replica.
2019-10-15 21:44:11,400 [EventQueue-ContainerReportForContainerReportHandler] WARN  container.ContainerReportHandler (AbstractContainerReportHandler.java:updateContainerState(145)) - Container #1 is in OPEN state, but the datanode 11421ab1-19cb-4764-b505-ce794efeb49e{ip: 192.168.34.60, host: pr-hdds-2254-trunk-wbvmw-1235415744, networkLocation: /default-rack, certSerialId: null} reports an CLOSED replica.
2019-10-15 21:44:11,548 [BlockDeletingService#2] WARN  background.BlockDeletingService (BlockDeletingService.java:isDeletionAllowed(187)) - Close Container log Index 6 is not replicated across allthe servers in the pipeline a3e553f0-b812-4dfc-8692-39ca588449f8 as the min replicated index is 4. Deletion is not allowed in this container yet.
2019-10-15 21:44:11,548 [BlockDeletingService#2] WARN  background.BlockDeletingService (BlockDeletingService.java:isDeletionAllowed(187)) - Close Container log Index 6 is not replicated across allthe servers in the pipeline a3e553f0-b812-4dfc-8692-39ca588449f8 as the min replicated index is 4. Deletion is not allowed in this container yet.
2019-10-15 21:44:11,700 [EventQueue-ContainerReportForContainerReportHandler] WARN  container.ContainerReportHandler (AbstractContainerReportHandler.java:updateContainerState(145)) - Container #1 is in OPEN state, but the datanode 11421ab1-19cb-4764-b505-ce794efeb49e{ip: 192.168.34.60, host: pr-hdds-2254-trunk-wbvmw-1235415744, networkLocation: /default-rack, certSerialId: null} reports an CLOSED replica.
2019-10-15 21:44:11,790 [EventQueue-ContainerReportForContainerReportHandler] WARN  container.ContainerReportHandler (AbstractContainerReportHandler.java:updateContainerState(145)) - Container #1 is in OPEN state, but the datanode f0d7c07d-0c9c-43c9-b90d-f56b2a8a0f48{ip: 192.168.34.60, host: pr-hdds-2254-trunk-wbvmw-1235415744, networkLocation: /default-rack, certSerialId: null} reports an CLOSED replica.
2019-10-15 21:44:11,900 [EventQueue-ContainerReportForContainerReportHandler] WARN  container.ContainerReportHandler (AbstractContainerReportHandler.java:updateContainerState(145)) - Container #1 is in OPEN state, but the datanode 11421ab1-19cb-4764-b505-ce794efeb49e{ip: 192.168.34.60, host: pr-hdds-2254-trunk-wbvmw-1235415744, networkLocation: /default-rack, certSerialId: null} reports an CLOSED replica.
2019-10-15 21:44:11,990 [EventQueue-ContainerReportForContainerReportHandler] WARN  container.ContainerReportHandler (AbstractContainerReportHandler.java:updateContainerState(145)) - Container #1 is in OPEN state, but the datanode f0d7c07d-0c9c-43c9-b90d-f56b2a8a0f48{ip: 192.168.34.60, host: pr-hdds-2254-trunk-wbvmw-1235415744, networkLocation: /default-rack, certSerialId: null} reports an CLOSED replica.
2019-10-15 21:44:12,292 [EventQueue-ContainerReportForContainerReportHandler] WARN  container.ContainerReportHandler (AbstractContainerReportHandler.java:updateContainerState(145)) - Container #1 is in OPEN state, but the datanode f0d7c07d-0c9c-43c9-b90d-f56b2a8a0f48{ip: 192.168.34.60, host: pr-hdds-2254-trunk-wbvmw-1235415744, networkLocation: /default-rack, certSerialId: null} reports an CLOSED replica.
2019-10-15 21:44:12,300 [EventQueue-ContainerReportForContainerReportHandler] WARN  container.ContainerReportHandler (AbstractContainerReportHandler.java:updateContainerState(145)) - Container #1 is in OPEN state, but the datanode 11421ab1-19cb-4764-b505-ce794efeb49e{ip: 192.168.34.60, host: pr-hdds-2254-trunk-wbvmw-1235415744, networkLocation: /default-rack, certSerialId: null} reports an CLOSED replica.
2019-10-15 21:44:12,525 [java.util.concurrent.ThreadPoolExecutor$Worker@18284111[State = -1, empty queue]] WARN  server.GrpcLogAppender (GrpcLogAppender.java:timeoutAppendRequest(209)) - 11421ab1-19cb-4764-b505-ce794efeb49e@group-39CA588449F8->2e9fa5e4-44d4-40da-9b1b-fd170634e70a-GrpcLogAppender: appendEntries Timeout, request=11421ab1-19cb-4764-b505-ce794efeb49e->2e9fa5e4-44d4-40da-9b1b-fd170634e70a#45-t4, previous=(t:4, i:10), leaderCommit=10, initializing? false, entries: <empty>
2019-10-15 21:44:12,549 [BlockDeletingService#2] WARN  background.BlockDeletingService (BlockDeletingService.java:isDeletionAllowed(187)) - Close Container log Index 6 is not replicated across allthe servers in the pipeline a3e553f0-b812-4dfc-8692-39ca588449f8 as the min replicated index is 4. Deletion is not allowed in this container yet.
2019-10-15 21:44:12,550 [BlockDeletingService#2] WARN  background.BlockDeletingService (BlockDeletingService.java:isDeletionAllowed(187)) - Close Container log Index 6 is not replicated across allthe servers in the pipeline a3e553f0-b812-4dfc-8692-39ca588449f8 as the min replicated index is 4. Deletion is not allowed in this container yet.
2019-10-15 21:44:12,592 [EventQueue-ContainerReportForContainerReportHandler] WARN  container.ContainerReportHandler (AbstractContainerReportHandler.java:updateContainerState(145)) - Container #1 is in OPEN state, but the datanode f0d7c07d-0c9c-43c9-b90d-f56b2a8a0f48{ip: 192.168.34.60, host: pr-hdds-2254-trunk-wbvmw-1235415744, networkLocation: /default-rack, certSerialId: null} reports an CLOSED replica.
2019-10-15 21:44:12,600 [EventQueue-ContainerReportForContainerReportHandler] WARN  container.ContainerReportHandler (AbstractContainerReportHandler.java:updateContainerState(145)) - Container #1 is in OPEN state, but the datanode 11421ab1-19cb-4764-b505-ce794efeb49e{ip: 192.168.34.60, host: pr-hdds-2254-trunk-wbvmw-1235415744, networkLocation: /default-rack, certSerialId: null} reports an CLOSED replica.
2019-10-15 21:44:12,900 [EventQueue-ContainerReportForContainerReportHandler] WARN  container.ContainerReportHandler (AbstractContainerReportHandler.java:updateContainerState(145)) - Container #1 is in OPEN state, but the datanode 11421ab1-19cb-4764-b505-ce794efeb49e{ip: 192.168.34.60, host: pr-hdds-2254-trunk-wbvmw-1235415744, networkLocation: /default-rack, certSerialId: null} reports an CLOSED replica.
2019-10-15 21:44:12,991 [EventQueue-ContainerReportForContainerReportHandler] WARN  container.ContainerReportHandler (AbstractContainerReportHandler.java:updateContainerState(145)) - Container #1 is in OPEN state, but the datanode f0d7c07d-0c9c-43c9-b90d-f56b2a8a0f48{ip: 192.168.34.60, host: pr-hdds-2254-trunk-wbvmw-1235415744, networkLocation: /default-rack, certSerialId: null} reports an CLOSED replica.
2019-10-15 21:44:13,101 [EventQueue-ContainerReportForContainerReportHandler] WARN  container.ContainerReportHandler (AbstractContainerReportHandler.java:updateContainerState(145)) - Container #1 is in OPEN state, but the datanode 11421ab1-19cb-4764-b505-ce794efeb49e{ip: 192.168.34.60, host: pr-hdds-2254-trunk-wbvmw-1235415744, networkLocation: /default-rack, certSerialId: null} reports an CLOSED replica.
2019-10-15 21:44:13,392 [EventQueue-ContainerReportForContainerReportHandler] WARN  container.ContainerReportHandler (AbstractContainerReportHandler.java:updateContainerState(145)) - Container #1 is in OPEN state, but the datanode f0d7c07d-0c9c-43c9-b90d-f56b2a8a0f48{ip: 192.168.34.60, host: pr-hdds-2254-trunk-wbvmw-1235415744, networkLocation: /default-rack, certSerialId: null} reports an CLOSED replica.
2019-10-15 21:44:13,404 [EventQueue-ContainerReportForContainerReportHandler] WARN  container.ContainerReportHandler (AbstractContainerReportHandler.java:updateContainerState(145)) - Container #1 is in OPEN state, but the datanode 11421ab1-19cb-4764-b505-ce794efeb49e{ip: 192.168.34.60, host: pr-hdds-2254-trunk-wbvmw-1235415744, networkLocation: /default-rack, certSerialId: null} reports an CLOSED replica.
2019-10-15 21:44:13,551 [BlockDeletingService#2] WARN  background.BlockDeletingService (BlockDeletingService.java:isDeletionAllowed(187)) - Close Container log Index 6 is not replicated across allthe servers in the pipeline a3e553f0-b812-4dfc-8692-39ca588449f8 as the min replicated index is 4. Deletion is not allowed in this container yet.
2019-10-15 21:44:13,551 [BlockDeletingService#2] WARN  background.BlockDeletingService (BlockDeletingService.java:isDeletionAllowed(187)) - Close Container log Index 6 is not replicated across allthe servers in the pipeline a3e553f0-b812-4dfc-8692-39ca588449f8 as the min replicated index is 4. Deletion is not allowed in this container yet.
2019-10-15 21:44:13,697 [EventQueue-ContainerReportForContainerReportHandler] WARN  container.ContainerReportHandler (AbstractContainerReportHandler.java:updateContainerState(145)) - Container #1 is in OPEN state, but the datanode f0d7c07d-0c9c-43c9-b90d-f56b2a8a0f48{ip: 192.168.34.60, host: pr-hdds-2254-trunk-wbvmw-1235415744, networkLocation: /default-rack, certSerialId: null} reports an CLOSED replica.
2019-10-15 21:44:13,803 [EventQueue-ContainerReportForContainerReportHandler] WARN  container.ContainerReportHandler (AbstractContainerReportHandler.java:updateContainerState(145)) - Container #1 is in OPEN state, but the datanode 11421ab1-19cb-4764-b505-ce794efeb49e{ip: 192.168.34.60, host: pr-hdds-2254-trunk-wbvmw-1235415744, networkLocation: /default-rack, certSerialId: null} reports an CLOSED replica.
2019-10-15 21:44:13,995 [EventQueue-ContainerReportForContainerReportHandler] WARN  container.ContainerReportHandler (AbstractContainerReportHandler.java:updateContainerState(145)) - Container #1 is in OPEN state, but the datanode f0d7c07d-0c9c-43c9-b90d-f56b2a8a0f48{ip: 192.168.34.60, host: pr-hdds-2254-trunk-wbvmw-1235415744, networkLocation: /default-rack, certSerialId: null} reports an CLOSED replica.
2019-10-15 21:44:14,003 [EventQueue-ContainerReportForContainerReportHandler] WARN  container.ContainerReportHandler (AbstractContainerReportHandler.java:updateContainerState(145)) - Container #1 is in OPEN state, but the datanode 11421ab1-19cb-4764-b505-ce794efeb49e{ip: 192.168.34.60, host: pr-hdds-2254-trunk-wbvmw-1235415744, networkLocation: /default-rack, certSerialId: null} reports an CLOSED replica.
2019-10-15 21:44:14,195 [EventQueue-ContainerReportForContainerReportHandler] WARN  container.ContainerReportHandler (AbstractContainerReportHandler.java:updateContainerState(145)) - Container #1 is in OPEN state, but the datanode f0d7c07d-0c9c-43c9-b90d-f56b2a8a0f48{ip: 192.168.34.60, host: pr-hdds-2254-trunk-wbvmw-1235415744, networkLocation: /default-rack, certSerialId: null} reports an CLOSED replica.
2019-10-15 21:44:14,305 [EventQueue-ContainerReportForContainerReportHandler] WARN  container.ContainerReportHandler (AbstractContainerReportHandler.java:updateContainerState(145)) - Container #1 is in OPEN state, but the datanode 11421ab1-19cb-4764-b505-ce794efeb49e{ip: 192.168.34.60, host: pr-hdds-2254-trunk-wbvmw-1235415744, networkLocation: /default-rack, certSerialId: null} reports an CLOSED replica.
2019-10-15 21:44:14,494 [EventQueue-ContainerReportForContainerReportHandler] WARN  container.ContainerReportHandler (AbstractContainerReportHandler.java:updateContainerState(145)) - Container #1 is in OPEN state, but the datanode f0d7c07d-0c9c-43c9-b90d-f56b2a8a0f48{ip: 192.168.34.60, host: pr-hdds-2254-trunk-wbvmw-1235415744, networkLocation: /default-rack, certSerialId: null} reports an CLOSED replica.
2019-10-15 21:44:14,552 [BlockDeletingService#2] WARN  background.BlockDeletingService (BlockDeletingService.java:isDeletionAllowed(187)) - Close Container log Index 6 is not replicated across allthe servers in the pipeline a3e553f0-b812-4dfc-8692-39ca588449f8 as the min replicated index is 4. Deletion is not allowed in this container yet.
2019-10-15 21:44:14,553 [BlockDeletingService#2] WARN  background.BlockDeletingService (BlockDeletingService.java:isDeletionAllowed(187)) - Close Container log Index 6 is not replicated across allthe servers in the pipeline a3e553f0-b812-4dfc-8692-39ca588449f8 as the min replicated index is 4. Deletion is not allowed in this container yet.
2019-10-15 21:44:14,694 [EventQueue-ContainerReportForContainerReportHandler] WARN  container.ContainerReportHandler (AbstractContainerReportHandler.java:updateContainerState(145)) - Container #1 is in OPEN state, but the datanode f0d7c07d-0c9c-43c9-b90d-f56b2a8a0f48{ip: 192.168.34.60, host: pr-hdds-2254-trunk-wbvmw-1235415744, networkLocation: /default-rack, certSerialId: null} reports an CLOSED replica.
2019-10-15 21:44:14,705 [EventQueue-ContainerReportForContainerReportHandler] WARN  container.ContainerReportHandler (AbstractContainerReportHandler.java:updateContainerState(145)) - Container #1 is in OPEN state, but the datanode 11421ab1-19cb-4764-b505-ce794efeb49e{ip: 192.168.34.60, host: pr-hdds-2254-trunk-wbvmw-1235415744, networkLocation: /default-rack, certSerialId: null} reports an CLOSED replica.
2019-10-15 21:44:14,755 [Thread-495] INFO  client.GrpcClientProtocolService (GrpcClientProtocolService.java:lambda$processClientRequest$0(278)) - Failed RaftClientRequest:client-D0B527BDC3D7->11421ab1-19cb-4764-b505-ce794efeb49e@group-39CA588449F8, cid=10, seq=0, Watch-ALL_COMMITTED(6), Message:<EMPTY>, reply=RaftClientReply:client-D0B527BDC3D7->11421ab1-19cb-4764-b505-ce794efeb49e@group-39CA588449F8, cid=10, FAILED org.apache.ratis.protocol.NotReplicatedException: Request with call Id 10 and log index 6 is not yet replicated to ALL_COMMITTED, logIndex=6, commits[11421ab1-19cb-4764-b505-ce794efeb49e:c10, 2e9fa5e4-44d4-40da-9b1b-fd170634e70a:c4, f0d7c07d-0c9c-43c9-b90d-f56b2a8a0f48:c10]
2019-10-15 21:44:15,007 [EventQueue-ContainerReportForContainerReportHandler] WARN  container.ContainerReportHandler (AbstractContainerReportHandler.java:updateContainerState(145)) - Container #1 is in OPEN state, but the datanode 11421ab1-19cb-4764-b505-ce794efeb49e{ip: 192.168.34.60, host: pr-hdds-2254-trunk-wbvmw-1235415744, networkLocation: /default-rack, certSerialId: null} reports an CLOSED replica.
2019-10-15 21:44:15,026 [java.util.concurrent.ThreadPoolExecutor$Worker@18284111[State = -1, empty queue]] WARN  server.GrpcLogAppender (GrpcLogAppender.java:timeoutAppendRequest(209)) - 11421ab1-19cb-4764-b505-ce794efeb49e@group-39CA588449F8->2e9fa5e4-44d4-40da-9b1b-fd170634e70a-GrpcLogAppender: appendEntries Timeout, request=11421ab1-19cb-4764-b505-ce794efeb49e->2e9fa5e4-44d4-40da-9b1b-fd170634e70a#46-t4, previous=(t:4, i:10), leaderCommit=10, initializing? false, entries: <empty>
2019-10-15 21:44:15,095 [EventQueue-ContainerReportForContainerReportHandler] WARN  container.ContainerReportHandler (AbstractContainerReportHandler.java:updateContainerState(145)) - Container #1 is in OPEN state, but the datanode f0d7c07d-0c9c-43c9-b90d-f56b2a8a0f48{ip: 192.168.34.60, host: pr-hdds-2254-trunk-wbvmw-1235415744, networkLocation: /default-rack, certSerialId: null} reports an CLOSED replica.
2019-10-15 21:44:15,306 [EventQueue-ContainerReportForContainerReportHandler] WARN  container.ContainerReportHandler (AbstractContainerReportHandler.java:updateContainerState(145)) - Container #1 is in OPEN state, but the datanode 11421ab1-19cb-4764-b505-ce794efeb49e{ip: 192.168.34.60, host: pr-hdds-2254-trunk-wbvmw-1235415744, networkLocation: /default-rack, certSerialId: null} reports an CLOSED replica.
2019-10-15 21:44:15,496 [EventQueue-ContainerReportForContainerReportHandler] WARN  container.ContainerReportHandler (AbstractContainerReportHandler.java:updateContainerState(145)) - Container #1 is in OPEN state, but the datanode f0d7c07d-0c9c-43c9-b90d-f56b2a8a0f48{ip: 192.168.34.60, host: pr-hdds-2254-trunk-wbvmw-1235415744, networkLocation: /default-rack, certSerialId: null} reports an CLOSED replica.
2019-10-15 21:44:15,554 [BlockDeletingService#2] WARN  background.BlockDeletingService (BlockDeletingService.java:isDeletionAllowed(187)) - Close Container log Index 6 is not replicated across allthe servers in the pipeline a3e553f0-b812-4dfc-8692-39ca588449f8 as the min replicated index is 4. Deletion is not allowed in this container yet.
2019-10-15 21:44:15,554 [BlockDeletingService#2] WARN  background.BlockDeletingService (BlockDeletingService.java:isDeletionAllowed(187)) - Close Container log Index 6 is not replicated across allthe servers in the pipeline a3e553f0-b812-4dfc-8692-39ca588449f8 as the min replicated index is 4. Deletion is not allowed in this container yet.
2019-10-15 21:44:15,606 [EventQueue-ContainerReportForContainerReportHandler] WARN  container.ContainerReportHandler (AbstractContainerReportHandler.java:updateContainerState(145)) - Container #1 is in OPEN state, but the datanode 11421ab1-19cb-4764-b505-ce794efeb49e{ip: 192.168.34.60, host: pr-hdds-2254-trunk-wbvmw-1235415744, networkLocation: /default-rack, certSerialId: null} reports an CLOSED replica.
2019-10-15 21:44:15,695 [EventQueue-ContainerReportForContainerReportHandler] WARN  container.ContainerReportHandler (AbstractContainerReportHandler.java:updateContainerState(145)) - Container #1 is in OPEN state, but the datanode f0d7c07d-0c9c-43c9-b90d-f56b2a8a0f48{ip: 192.168.34.60, host: pr-hdds-2254-trunk-wbvmw-1235415744, networkLocation: /default-rack, certSerialId: null} reports an CLOSED replica.
2019-10-15 21:44:15,907 [EventQueue-ContainerReportForContainerReportHandler] WARN  container.ContainerReportHandler (AbstractContainerReportHandler.java:updateContainerState(145)) - Container #1 is in OPEN state, but the datanode 11421ab1-19cb-4764-b505-ce794efeb49e{ip: 192.168.34.60, host: pr-hdds-2254-trunk-wbvmw-1235415744, networkLocation: /default-rack, certSerialId: null} reports an CLOSED replica.
2019-10-15 21:44:16,095 [EventQueue-ContainerReportForContainerReportHandler] WARN  container.ContainerReportHandler (AbstractContainerReportHandler.java:updateContainerState(145)) - Container #1 is in OPEN state, but the datanode f0d7c07d-0c9c-43c9-b90d-f56b2a8a0f48{ip: 192.168.34.60, host: pr-hdds-2254-trunk-wbvmw-1235415744, networkLocation: /default-rack, certSerialId: null} reports an CLOSED replica.
2019-10-15 21:44:16,206 [EventQueue-ContainerReportForContainerReportHandler] WARN  container.ContainerReportHandler (AbstractContainerReportHandler.java:updateContainerState(145)) - Container #1 is in OPEN state, but the datanode 11421ab1-19cb-4764-b505-ce794efeb49e{ip: 192.168.34.60, host: pr-hdds-2254-trunk-wbvmw-1235415744, networkLocation: /default-rack, certSerialId: null} reports an CLOSED replica.
2019-10-15 21:44:16,395 [EventQueue-ContainerReportForContainerReportHandler] WARN  container.ContainerReportHandler (AbstractContainerReportHandler.java:updateContainerState(145)) - Container #1 is in OPEN state, but the datanode f0d7c07d-0c9c-43c9-b90d-f56b2a8a0f48{ip: 192.168.34.60, host: pr-hdds-2254-trunk-wbvmw-1235415744, networkLocation: /default-rack, certSerialId: null} reports an CLOSED replica.
2019-10-15 21:44:16,506 [EventQueue-ContainerReportForContainerReportHandler] WARN  container.ContainerReportHandler (AbstractContainerReportHandler.java:updateContainerState(145)) - Container #1 is in OPEN state, but the datanode 11421ab1-19cb-4764-b505-ce794efeb49e{ip: 192.168.34.60, host: pr-hdds-2254-trunk-wbvmw-1235415744, networkLocation: /default-rack, certSerialId: null} reports an CLOSED replica.
2019-10-15 21:44:16,556 [BlockDeletingService#2] WARN  background.BlockDeletingService (BlockDeletingService.java:isDeletionAllowed(187)) - Close Container log Index 6 is not replicated across allthe servers in the pipeline a3e553f0-b812-4dfc-8692-39ca588449f8 as the min replicated index is 4. Deletion is not allowed in this container yet.
2019-10-15 21:44:16,556 [BlockDeletingService#2] WARN  background.BlockDeletingService (BlockDeletingService.java:isDeletionAllowed(187)) - Close Container log Index 6 is not replicated across allthe servers in the pipeline a3e553f0-b812-4dfc-8692-39ca588449f8 as the min replicated index is 4. Deletion is not allowed in this container yet.
2019-10-15 21:44:16,707 [EventQueue-ContainerReportForContainerReportHandler] WARN  container.ContainerReportHandler (AbstractContainerReportHandler.java:updateContainerState(145)) - Container #1 is in OPEN state, but the datanode 11421ab1-19cb-4764-b505-ce794efeb49e{ip: 192.168.34.60, host: pr-hdds-2254-trunk-wbvmw-1235415744, networkLocation: /default-rack, certSerialId: null} reports an CLOSED replica.
2019-10-15 21:44:16,796 [EventQueue-ContainerReportForContainerReportHandler] WARN  container.ContainerReportHandler (AbstractContainerReportHandler.java:updateContainerState(145)) - Container #1 is in OPEN state, but the datanode f0d7c07d-0c9c-43c9-b90d-f56b2a8a0f48{ip: 192.168.34.60, host: pr-hdds-2254-trunk-wbvmw-1235415744, networkLocation: /default-rack, certSerialId: null} reports an CLOSED replica.
2019-10-15 21:44:17,007 [EventQueue-ContainerReportForContainerReportHandler] WARN  container.ContainerReportHandler (AbstractContainerReportHandler.java:updateContainerState(145)) - Container #1 is in OPEN state, but the datanode 11421ab1-19cb-4764-b505-ce794efeb49e{ip: 192.168.34.60, host: pr-hdds-2254-trunk-wbvmw-1235415744, networkLocation: /default-rack, certSerialId: null} reports an CLOSED replica.
2019-10-15 21:44:17,098 [EventQueue-ContainerReportForContainerReportHandler] WARN  container.ContainerReportHandler (AbstractContainerReportHandler.java:updateContainerState(145)) - Container #1 is in OPEN state, but the datanode f0d7c07d-0c9c-43c9-b90d-f56b2a8a0f48{ip: 192.168.34.60, host: pr-hdds-2254-trunk-wbvmw-1235415744, networkLocation: /default-rack, certSerialId: null} reports an CLOSED replica.
2019-10-15 21:44:17,207 [EventQueue-ContainerReportForContainerReportHandler] WARN  container.ContainerReportHandler (AbstractContainerReportHandler.java:updateContainerState(145)) - Container #1 is in OPEN state, but the datanode 11421ab1-19cb-4764-b505-ce794efeb49e{ip: 192.168.34.60, host: pr-hdds-2254-trunk-wbvmw-1235415744, networkLocation: /default-rack, certSerialId: null} reports an CLOSED replica.
2019-10-15 21:44:17,398 [EventQueue-ContainerReportForContainerReportHandler] WARN  container.ContainerReportHandler (AbstractContainerReportHandler.java:updateContainerState(145)) - Container #1 is in OPEN state, but the datanode f0d7c07d-0c9c-43c9-b90d-f56b2a8a0f48{ip: 192.168.34.60, host: pr-hdds-2254-trunk-wbvmw-1235415744, networkLocation: /default-rack, certSerialId: null} reports an CLOSED replica.
2019-10-15 21:44:17,527 [java.util.concurrent.ThreadPoolExecutor$Worker@18284111[State = -1, empty queue]] WARN  server.GrpcLogAppender (GrpcLogAppender.java:timeoutAppendRequest(209)) - 11421ab1-19cb-4764-b505-ce794efeb49e@group-39CA588449F8->2e9fa5e4-44d4-40da-9b1b-fd170634e70a-GrpcLogAppender: appendEntries Timeout, request=11421ab1-19cb-4764-b505-ce794efeb49e->2e9fa5e4-44d4-40da-9b1b-fd170634e70a#47-t4, previous=(t:4, i:10), leaderCommit=10, initializing? false, entries: <empty>
2019-10-15 21:44:17,559 [BlockDeletingService#2] WARN  background.BlockDeletingService (BlockDeletingService.java:isDeletionAllowed(187)) - Close Container log Index 6 is not replicated across allthe servers in the pipeline a3e553f0-b812-4dfc-8692-39ca588449f8 as the min replicated index is 4. Deletion is not allowed in this container yet.
2019-10-15 21:44:17,559 [BlockDeletingService#2] WARN  background.BlockDeletingService (BlockDeletingService.java:isDeletionAllowed(187)) - Close Container log Index 6 is not replicated across allthe servers in the pipeline a3e553f0-b812-4dfc-8692-39ca588449f8 as the min replicated index is 4. Deletion is not allowed in this container yet.
2019-10-15 21:44:17,607 [EventQueue-ContainerReportForContainerReportHandler] WARN  container.ContainerReportHandler (AbstractContainerReportHandler.java:updateContainerState(145)) - Container #1 is in OPEN state, but the datanode 11421ab1-19cb-4764-b505-ce794efeb49e{ip: 192.168.34.60, host: pr-hdds-2254-trunk-wbvmw-1235415744, networkLocation: /default-rack, certSerialId: null} reports an CLOSED replica.
2019-10-15 21:44:17,803 [EventQueue-ContainerReportForContainerReportHandler] WARN  container.ContainerReportHandler (AbstractContainerReportHandler.java:updateContainerState(145)) - Container #1 is in OPEN state, but the datanode f0d7c07d-0c9c-43c9-b90d-f56b2a8a0f48{ip: 192.168.34.60, host: pr-hdds-2254-trunk-wbvmw-1235415744, networkLocation: /default-rack, certSerialId: null} reports an CLOSED replica.
2019-10-15 21:44:17,906 [EventQueue-ContainerReportForContainerReportHandler] WARN  container.ContainerReportHandler (AbstractContainerReportHandler.java:updateContainerState(145)) - Container #1 is in OPEN state, but the datanode 11421ab1-19cb-4764-b505-ce794efeb49e{ip: 192.168.34.60, host: pr-hdds-2254-trunk-wbvmw-1235415744, networkLocation: /default-rack, certSerialId: null} reports an CLOSED replica.
2019-10-15 21:44:18,003 [EventQueue-ContainerReportForContainerReportHandler] WARN  container.ContainerReportHandler (AbstractContainerReportHandler.java:updateContainerState(145)) - Container #1 is in OPEN state, but the datanode f0d7c07d-0c9c-43c9-b90d-f56b2a8a0f48{ip: 192.168.34.60, host: pr-hdds-2254-trunk-wbvmw-1235415744, networkLocation: /default-rack, certSerialId: null} reports an CLOSED replica.
2019-10-15 21:44:18,106 [EventQueue-ContainerReportForContainerReportHandler] WARN  container.ContainerReportHandler (AbstractContainerReportHandler.java:updateContainerState(145)) - Container #1 is in OPEN state, but the datanode 11421ab1-19cb-4764-b505-ce794efeb49e{ip: 192.168.34.60, host: pr-hdds-2254-trunk-wbvmw-1235415744, networkLocation: /default-rack, certSerialId: null} reports an CLOSED replica.
2019-10-15 21:44:18,405 [EventQueue-ContainerReportForContainerReportHandler] WARN  container.ContainerReportHandler (AbstractContainerReportHandler.java:updateContainerState(145)) - Container #1 is in OPEN state, but the datanode f0d7c07d-0c9c-43c9-b90d-f56b2a8a0f48{ip: 192.168.34.60, host: pr-hdds-2254-trunk-wbvmw-1235415744, networkLocation: /default-rack, certSerialId: null} reports an CLOSED replica.
2019-10-15 21:44:18,406 [EventQueue-ContainerReportForContainerReportHandler] WARN  container.ContainerReportHandler (AbstractContainerReportHandler.java:updateContainerState(145)) - Container #1 is in OPEN state, but the datanode 11421ab1-19cb-4764-b505-ce794efeb49e{ip: 192.168.34.60, host: pr-hdds-2254-trunk-wbvmw-1235415744, networkLocation: /default-rack, certSerialId: null} reports an CLOSED replica.
2019-10-15 21:44:18,561 [BlockDeletingService#2] WARN  background.BlockDeletingService (BlockDeletingService.java:isDeletionAllowed(187)) - Close Container log Index 6 is not replicated across allthe servers in the pipeline a3e553f0-b812-4dfc-8692-39ca588449f8 as the min replicated index is 4. Deletion is not allowed in this container yet.
2019-10-15 21:44:18,561 [BlockDeletingService#2] WARN  background.BlockDeletingService (BlockDeletingService.java:isDeletionAllowed(187)) - Close Container log Index 6 is not replicated across allthe servers in the pipeline a3e553f0-b812-4dfc-8692-39ca588449f8 as the min replicated index is 4. Deletion is not allowed in this container yet.
2019-10-15 21:44:18,707 [EventQueue-ContainerReportForContainerReportHandler] WARN  container.ContainerReportHandler (AbstractContainerReportHandler.java:updateContainerState(145)) - Container #1 is in OPEN state, but the datanode f0d7c07d-0c9c-43c9-b90d-f56b2a8a0f48{ip: 192.168.34.60, host: pr-hdds-2254-trunk-wbvmw-1235415744, networkLocation: /default-rack, certSerialId: null} reports an CLOSED replica.
2019-10-15 21:44:18,708 [EventQueue-ContainerReportForContainerReportHandler] WARN  container.ContainerReportHandler (AbstractContainerReportHandler.java:updateContainerState(145)) - Container #1 is in OPEN state, but the datanode 11421ab1-19cb-4764-b505-ce794efeb49e{ip: 192.168.34.60, host: pr-hdds-2254-trunk-wbvmw-1235415744, networkLocation: /default-rack, certSerialId: null} reports an CLOSED replica.
2019-10-15 21:44:18,906 [EventQueue-ContainerReportForContainerReportHandler] WARN  container.ContainerReportHandler (AbstractContainerReportHandler.java:updateContainerState(145)) - Container #1 is in OPEN state, but the datanode f0d7c07d-0c9c-43c9-b90d-f56b2a8a0f48{ip: 192.168.34.60, host: pr-hdds-2254-trunk-wbvmw-1235415744, networkLocation: /default-rack, certSerialId: null} reports an CLOSED replica.
2019-10-15 21:44:19,008 [EventQueue-ContainerReportForContainerReportHandler] WARN  container.ContainerReportHandler (AbstractContainerReportHandler.java:updateContainerState(145)) - Container #1 is in OPEN state, but the datanode 11421ab1-19cb-4764-b505-ce794efeb49e{ip: 192.168.34.60, host: pr-hdds-2254-trunk-wbvmw-1235415744, networkLocation: /default-rack, certSerialId: null} reports an CLOSED replica.
2019-10-15 21:44:19,107 [EventQueue-ContainerReportForContainerReportHandler] WARN  container.ContainerReportHandler (AbstractContainerReportHandler.java:updateContainerState(145)) - Container #1 is in OPEN state, but the datanode f0d7c07d-0c9c-43c9-b90d-f56b2a8a0f48{ip: 192.168.34.60, host: pr-hdds-2254-trunk-wbvmw-1235415744, networkLocation: /default-rack, certSerialId: null} reports an CLOSED replica.
2019-10-15 21:44:19,308 [EventQueue-ContainerReportForContainerReportHandler] WARN  container.ContainerReportHandler (AbstractContainerReportHandler.java:updateContainerState(145)) - Container #1 is in OPEN state, but the datanode 11421ab1-19cb-4764-b505-ce794efeb49e{ip: 192.168.34.60, host: pr-hdds-2254-trunk-wbvmw-1235415744, networkLocation: /default-rack, certSerialId: null} reports an CLOSED replica.
2019-10-15 21:44:19,506 [EventQueue-ContainerReportForContainerReportHandler] WARN  container.ContainerReportHandler (AbstractContainerReportHandler.java:updateContainerState(145)) - Container #1 is in OPEN state, but the datanode f0d7c07d-0c9c-43c9-b90d-f56b2a8a0f48{ip: 192.168.34.60, host: pr-hdds-2254-trunk-wbvmw-1235415744, networkLocation: /default-rack, certSerialId: null} reports an CLOSED replica.
2019-10-15 21:44:19,563 [BlockDeletingService#2] WARN  background.BlockDeletingService (BlockDeletingService.java:isDeletionAllowed(187)) - Close Container log Index 6 is not replicated across allthe servers in the pipeline a3e553f0-b812-4dfc-8692-39ca588449f8 as the min replicated index is 4. Deletion is not allowed in this container yet.
2019-10-15 21:44:19,563 [BlockDeletingService#2] WARN  background.BlockDeletingService (BlockDeletingService.java:isDeletionAllowed(187)) - Close Container log Index 6 is not replicated across allthe servers in the pipeline a3e553f0-b812-4dfc-8692-39ca588449f8 as the min replicated index is 4. Deletion is not allowed in this container yet.
2019-10-15 21:44:19,708 [EventQueue-ContainerReportForContainerReportHandler] WARN  container.ContainerReportHandler (AbstractContainerReportHandler.java:updateContainerState(145)) - Container #1 is in OPEN state, but the datanode 11421ab1-19cb-4764-b505-ce794efeb49e{ip: 192.168.34.60, host: pr-hdds-2254-trunk-wbvmw-1235415744, networkLocation: /default-rack, certSerialId: null} reports an CLOSED replica.
2019-10-15 21:44:19,907 [EventQueue-ContainerReportForContainerReportHandler] WARN  container.ContainerReportHandler (AbstractContainerReportHandler.java:updateContainerState(145)) - Container #1 is in OPEN state, but the datanode f0d7c07d-0c9c-43c9-b90d-f56b2a8a0f48{ip: 192.168.34.60, host: pr-hdds-2254-trunk-wbvmw-1235415744, networkLocation: /default-rack, certSerialId: null} reports an CLOSED replica.
2019-10-15 21:44:20,028 [java.util.concurrent.ThreadPoolExecutor$Worker@18284111[State = -1, empty queue]] WARN  server.GrpcLogAppender (GrpcLogAppender.java:timeoutAppendRequest(209)) - 11421ab1-19cb-4764-b505-ce794efeb49e@group-39CA588449F8->2e9fa5e4-44d4-40da-9b1b-fd170634e70a-GrpcLogAppender: appendEntries Timeout, request=11421ab1-19cb-4764-b505-ce794efeb49e->2e9fa5e4-44d4-40da-9b1b-fd170634e70a#48-t4, previous=(t:4, i:10), leaderCommit=10, initializing? false, entries: <empty>
2019-10-15 21:44:20,109 [EventQueue-ContainerReportForContainerReportHandler] WARN  container.ContainerReportHandler (AbstractContainerReportHandler.java:updateContainerState(145)) - Container #1 is in OPEN state, but the datanode 11421ab1-19cb-4764-b505-ce794efeb49e{ip: 192.168.34.60, host: pr-hdds-2254-trunk-wbvmw-1235415744, networkLocation: /default-rack, certSerialId: null} reports an CLOSED replica.
2019-10-15 21:44:20,207 [EventQueue-ContainerReportForContainerReportHandler] WARN  container.ContainerReportHandler (AbstractContainerReportHandler.java:updateContainerState(145)) - Container #1 is in OPEN state, but the datanode f0d7c07d-0c9c-43c9-b90d-f56b2a8a0f48{ip: 192.168.34.60, host: pr-hdds-2254-trunk-wbvmw-1235415744, networkLocation: /default-rack, certSerialId: null} reports an CLOSED replica.
2019-10-15 21:44:20,408 [EventQueue-ContainerReportForContainerReportHandler] WARN  container.ContainerReportHandler (AbstractContainerReportHandler.java:updateContainerState(145)) - Container #1 is in OPEN state, but the datanode 11421ab1-19cb-4764-b505-ce794efeb49e{ip: 192.168.34.60, host: pr-hdds-2254-trunk-wbvmw-1235415744, networkLocation: /default-rack, certSerialId: null} reports an CLOSED replica.
2019-10-15 21:44:20,506 [EventQueue-ContainerReportForContainerReportHandler] WARN  container.ContainerReportHandler (AbstractContainerReportHandler.java:updateContainerState(145)) - Container #1 is in OPEN state, but the datanode f0d7c07d-0c9c-43c9-b90d-f56b2a8a0f48{ip: 192.168.34.60, host: pr-hdds-2254-trunk-wbvmw-1235415744, networkLocation: /default-rack, certSerialId: null} reports an CLOSED replica.
2019-10-15 21:44:20,565 [BlockDeletingService#2] WARN  background.BlockDeletingService (BlockDeletingService.java:isDeletionAllowed(187)) - Close Container log Index 6 is not replicated across allthe servers in the pipeline a3e553f0-b812-4dfc-8692-39ca588449f8 as the min replicated index is 4. Deletion is not allowed in this container yet.
2019-10-15 21:44:20,565 [BlockDeletingService#2] WARN  background.BlockDeletingService (BlockDeletingService.java:isDeletionAllowed(187)) - Close Container log Index 6 is not replicated across allthe servers in the pipeline a3e553f0-b812-4dfc-8692-39ca588449f8 as the min replicated index is 4. Deletion is not allowed in this container yet.
2019-10-15 21:44:20,708 [EventQueue-ContainerReportForContainerReportHandler] WARN  container.ContainerReportHandler (AbstractContainerReportHandler.java:updateContainerState(145)) - Container #1 is in OPEN state, but the datanode 11421ab1-19cb-4764-b505-ce794efeb49e{ip: 192.168.34.60, host: pr-hdds-2254-trunk-wbvmw-1235415744, networkLocation: /default-rack, certSerialId: null} reports an CLOSED replica.
2019-10-15 21:44:20,806 [EventQueue-ContainerReportForContainerReportHandler] WARN  container.ContainerReportHandler (AbstractContainerReportHandler.java:updateContainerState(145)) - Container #1 is in OPEN state, but the datanode f0d7c07d-0c9c-43c9-b90d-f56b2a8a0f48{ip: 192.168.34.60, host: pr-hdds-2254-trunk-wbvmw-1235415744, networkLocation: /default-rack, certSerialId: null} reports an CLOSED replica.
2019-10-15 21:44:21,008 [EventQueue-ContainerReportForContainerReportHandler] WARN  container.ContainerReportHandler (AbstractContainerReportHandler.java:updateContainerState(145)) - Container #1 is in OPEN state, but the datanode f0d7c07d-0c9c-43c9-b90d-f56b2a8a0f48{ip: 192.168.34.60, host: pr-hdds-2254-trunk-wbvmw-1235415744, networkLocation: /default-rack, certSerialId: null} reports an CLOSED replica.
2019-10-15 21:44:21,010 [EventQueue-ContainerReportForContainerReportHandler] WARN  container.ContainerReportHandler (AbstractContainerReportHandler.java:updateContainerState(145)) - Container #1 is in OPEN state, but the datanode 11421ab1-19cb-4764-b505-ce794efeb49e{ip: 192.168.34.60, host: pr-hdds-2254-trunk-wbvmw-1235415744, networkLocation: /default-rack, certSerialId: null} reports an CLOSED replica.
2019-10-15 21:44:21,309 [EventQueue-ContainerReportForContainerReportHandler] WARN  container.ContainerReportHandler (AbstractContainerReportHandler.java:updateContainerState(145)) - Container #1 is in OPEN state, but the datanode f0d7c07d-0c9c-43c9-b90d-f56b2a8a0f48{ip: 192.168.34.60, host: pr-hdds-2254-trunk-wbvmw-1235415744, networkLocation: /default-rack, certSerialId: null} reports an CLOSED replica.
2019-10-15 21:44:21,309 [EventQueue-ContainerReportForContainerReportHandler] WARN  container.ContainerReportHandler (AbstractContainerReportHandler.java:updateContainerState(145)) - Container #1 is in OPEN state, but the datanode 11421ab1-19cb-4764-b505-ce794efeb49e{ip: 192.168.34.60, host: pr-hdds-2254-trunk-wbvmw-1235415744, networkLocation: /default-rack, certSerialId: null} reports an CLOSED replica.
2019-10-15 21:44:21,567 [BlockDeletingService#2] WARN  background.BlockDeletingService (BlockDeletingService.java:isDeletionAllowed(187)) - Close Container log Index 6 is not replicated across allthe servers in the pipeline a3e553f0-b812-4dfc-8692-39ca588449f8 as the min replicated index is 4. Deletion is not allowed in this container yet.
2019-10-15 21:44:21,567 [BlockDeletingService#2] WARN  background.BlockDeletingService (BlockDeletingService.java:isDeletionAllowed(187)) - Close Container log Index 6 is not replicated across allthe servers in the pipeline a3e553f0-b812-4dfc-8692-39ca588449f8 as the min replicated index is 4. Deletion is not allowed in this container yet.
2019-10-15 21:44:21,610 [EventQueue-ContainerReportForContainerReportHandler] WARN  container.ContainerReportHandler (AbstractContainerReportHandler.java:updateContainerState(145)) - Container #1 is in OPEN state, but the datanode 11421ab1-19cb-4764-b505-ce794efeb49e{ip: 192.168.34.60, host: pr-hdds-2254-trunk-wbvmw-1235415744, networkLocation: /default-rack, certSerialId: null} reports an CLOSED replica.
2019-10-15 21:44:21,708 [EventQueue-ContainerReportForContainerReportHandler] WARN  container.ContainerReportHandler (AbstractContainerReportHandler.java:updateContainerState(145)) - Container #1 is in OPEN state, but the datanode f0d7c07d-0c9c-43c9-b90d-f56b2a8a0f48{ip: 192.168.34.60, host: pr-hdds-2254-trunk-wbvmw-1235415744, networkLocation: /default-rack, certSerialId: null} reports an CLOSED replica.
2019-10-15 21:44:22,009 [EventQueue-ContainerReportForContainerReportHandler] WARN  container.ContainerReportHandler (AbstractContainerReportHandler.java:updateContainerState(145)) - Container #1 is in OPEN state, but the datanode f0d7c07d-0c9c-43c9-b90d-f56b2a8a0f48{ip: 192.168.34.60, host: pr-hdds-2254-trunk-wbvmw-1235415744, networkLocation: /default-rack, certSerialId: null} reports an CLOSED replica.
2019-10-15 21:44:22,010 [EventQueue-ContainerReportForContainerReportHandler] WARN  container.ContainerReportHandler (AbstractContainerReportHandler.java:updateContainerState(145)) - Container #1 is in OPEN state, but the datanode 11421ab1-19cb-4764-b505-ce794efeb49e{ip: 192.168.34.60, host: pr-hdds-2254-trunk-wbvmw-1235415744, networkLocation: /default-rack, certSerialId: null} reports an CLOSED replica.
2019-10-15 21:44:22,210 [EventQueue-ContainerReportForContainerReportHandler] WARN  container.ContainerReportHandler (AbstractContainerReportHandler.java:updateContainerState(145)) - Container #1 is in OPEN state, but the datanode 11421ab1-19cb-4764-b505-ce794efeb49e{ip: 192.168.34.60, host: pr-hdds-2254-trunk-wbvmw-1235415744, networkLocation: /default-rack, certSerialId: null} reports an CLOSED replica.
2019-10-15 21:44:22,409 [EventQueue-ContainerReportForContainerReportHandler] WARN  container.ContainerReportHandler (AbstractContainerReportHandler.java:updateContainerState(145)) - Container #1 is in OPEN state, but the datanode f0d7c07d-0c9c-43c9-b90d-f56b2a8a0f48{ip: 192.168.34.60, host: pr-hdds-2254-trunk-wbvmw-1235415744, networkLocation: /default-rack, certSerialId: null} reports an CLOSED replica.
2019-10-15 21:44:22,529 [java.util.concurrent.ThreadPoolExecutor$Worker@18284111[State = -1, empty queue]] WARN  server.GrpcLogAppender (GrpcLogAppender.java:timeoutAppendRequest(209)) - 11421ab1-19cb-4764-b505-ce794efeb49e@group-39CA588449F8->2e9fa5e4-44d4-40da-9b1b-fd170634e70a-GrpcLogAppender: appendEntries Timeout, request=11421ab1-19cb-4764-b505-ce794efeb49e->2e9fa5e4-44d4-40da-9b1b-fd170634e70a#49-t4, previous=(t:4, i:10), leaderCommit=10, initializing? false, entries: <empty>
2019-10-15 21:44:22,570 [BlockDeletingService#2] WARN  background.BlockDeletingService (BlockDeletingService.java:isDeletionAllowed(187)) - Close Container log Index 6 is not replicated across allthe servers in the pipeline a3e553f0-b812-4dfc-8692-39ca588449f8 as the min replicated index is 4. Deletion is not allowed in this container yet.
2019-10-15 21:44:22,570 [BlockDeletingService#2] WARN  background.BlockDeletingService (BlockDeletingService.java:isDeletionAllowed(187)) - Close Container log Index 6 is not replicated across allthe servers in the pipeline a3e553f0-b812-4dfc-8692-39ca588449f8 as the min replicated index is 4. Deletion is not allowed in this container yet.
2019-10-15 21:44:22,610 [EventQueue-ContainerReportForContainerReportHandler] WARN  container.ContainerReportHandler (AbstractContainerReportHandler.java:updateContainerState(145)) - Container #1 is in OPEN state, but the datanode 11421ab1-19cb-4764-b505-ce794efeb49e{ip: 192.168.34.60, host: pr-hdds-2254-trunk-wbvmw-1235415744, networkLocation: /default-rack, certSerialId: null} reports an CLOSED replica.
2019-10-15 21:44:22,808 [EventQueue-ContainerReportForContainerReportHandler] WARN  container.ContainerReportHandler (AbstractContainerReportHandler.java:updateContainerState(145)) - Container #1 is in OPEN state, but the datanode f0d7c07d-0c9c-43c9-b90d-f56b2a8a0f48{ip: 192.168.34.60, host: pr-hdds-2254-trunk-wbvmw-1235415744, networkLocation: /default-rack, certSerialId: null} reports an CLOSED replica.
2019-10-15 21:44:22,911 [EventQueue-ContainerReportForContainerReportHandler] WARN  container.ContainerReportHandler (AbstractContainerReportHandler.java:updateContainerState(145)) - Container #1 is in OPEN state, but the datanode 11421ab1-19cb-4764-b505-ce794efeb49e{ip: 192.168.34.60, host: pr-hdds-2254-trunk-wbvmw-1235415744, networkLocation: /default-rack, certSerialId: null} reports an CLOSED replica.
2019-10-15 21:44:23,109 [EventQueue-ContainerReportForContainerReportHandler] WARN  container.ContainerReportHandler (AbstractContainerReportHandler.java:updateContainerState(145)) - Container #1 is in OPEN state, but the datanode f0d7c07d-0c9c-43c9-b90d-f56b2a8a0f48{ip: 192.168.34.60, host: pr-hdds-2254-trunk-wbvmw-1235415744, networkLocation: /default-rack, certSerialId: null} reports an CLOSED replica.
2019-10-15 21:44:23,212 [EventQueue-ContainerReportForContainerReportHandler] WARN  container.ContainerReportHandler (AbstractContainerReportHandler.java:updateContainerState(145)) - Container #1 is in OPEN state, but the datanode 11421ab1-19cb-4764-b505-ce794efeb49e{ip: 192.168.34.60, host: pr-hdds-2254-trunk-wbvmw-1235415744, networkLocation: /default-rack, certSerialId: null} reports an CLOSED replica.
2019-10-15 21:44:23,311 [EventQueue-ContainerReportForContainerReportHandler] WARN  container.ContainerReportHandler (AbstractContainerReportHandler.java:updateContainerState(145)) - Container #1 is in OPEN state, but the datanode f0d7c07d-0c9c-43c9-b90d-f56b2a8a0f48{ip: 192.168.34.60, host: pr-hdds-2254-trunk-wbvmw-1235415744, networkLocation: /default-rack, certSerialId: null} reports an CLOSED replica.
2019-10-15 21:44:23,512 [EventQueue-ContainerReportForContainerReportHandler] WARN  container.ContainerReportHandler (AbstractContainerReportHandler.java:updateContainerState(145)) - Container #1 is in OPEN state, but the datanode 11421ab1-19cb-4764-b505-ce794efeb49e{ip: 192.168.34.60, host: pr-hdds-2254-trunk-wbvmw-1235415744, networkLocation: /default-rack, certSerialId: null} reports an CLOSED replica.
2019-10-15 21:44:23,572 [BlockDeletingService#2] WARN  background.BlockDeletingService (BlockDeletingService.java:isDeletionAllowed(187)) - Close Container log Index 6 is not replicated across allthe servers in the pipeline a3e553f0-b812-4dfc-8692-39ca588449f8 as the min replicated index is 4. Deletion is not allowed in this container yet.
2019-10-15 21:44:23,572 [BlockDeletingService#2] WARN  background.BlockDeletingService (BlockDeletingService.java:isDeletionAllowed(187)) - Close Container log Index 6 is not replicated across allthe servers in the pipeline a3e553f0-b812-4dfc-8692-39ca588449f8 as the min replicated index is 4. Deletion is not allowed in this container yet.
2019-10-15 21:44:23,711 [EventQueue-ContainerReportForContainerReportHandler] WARN  container.ContainerReportHandler (AbstractContainerReportHandler.java:updateContainerState(145)) - Container #1 is in OPEN state, but the datanode f0d7c07d-0c9c-43c9-b90d-f56b2a8a0f48{ip: 192.168.34.60, host: pr-hdds-2254-trunk-wbvmw-1235415744, networkLocation: /default-rack, certSerialId: null} reports an CLOSED replica.
2019-10-15 21:44:23,813 [EventQueue-ContainerReportForContainerReportHandler] WARN  container.ContainerReportHandler (AbstractContainerReportHandler.java:updateContainerState(145)) - Container #1 is in OPEN state, but the datanode 11421ab1-19cb-4764-b505-ce794efeb49e{ip: 192.168.34.60, host: pr-hdds-2254-trunk-wbvmw-1235415744, networkLocation: /default-rack, certSerialId: null} reports an CLOSED replica.
2019-10-15 21:44:24,012 [EventQueue-ContainerReportForContainerReportHandler] WARN  container.ContainerReportHandler (AbstractContainerReportHandler.java:updateContainerState(145)) - Container #1 is in OPEN state, but the datanode f0d7c07d-0c9c-43c9-b90d-f56b2a8a0f48{ip: 192.168.34.60, host: pr-hdds-2254-trunk-wbvmw-1235415744, networkLocation: /default-rack, certSerialId: null} reports an CLOSED replica.
2019-10-15 21:44:24,112 [EventQueue-ContainerReportForContainerReportHandler] WARN  container.ContainerReportHandler (AbstractContainerReportHandler.java:updateContainerState(145)) - Container #1 is in OPEN state, but the datanode 11421ab1-19cb-4764-b505-ce794efeb49e{ip: 192.168.34.60, host: pr-hdds-2254-trunk-wbvmw-1235415744, networkLocation: /default-rack, certSerialId: null} reports an CLOSED replica.
2019-10-15 21:44:24,134 [EventQueue-StaleNodeForStaleNodeHandler] INFO  node.StaleNodeHandler (StaleNodeHandler.java:onMessage(58)) - Datanode 2e9fa5e4-44d4-40da-9b1b-fd170634e70a{ip: 192.168.34.60, host: pr-hdds-2254-trunk-wbvmw-1235415744, networkLocation: /default-rack, certSerialId: null} moved to stale state. Finalizing its pipelines [PipelineID=680db324-aa0d-44e6-9159-69cf5bdef1f3, PipelineID=a3e553f0-b812-4dfc-8692-39ca588449f8]
2019-10-15 21:44:24,135 [EventQueue-StaleNodeForStaleNodeHandler] INFO  pipeline.SCMPipelineManager (SCMPipelineManager.java:finalizeAndDestroyPipeline(315)) - destroying pipeline:Pipeline[ Id: 680db324-aa0d-44e6-9159-69cf5bdef1f3, Nodes: 2e9fa5e4-44d4-40da-9b1b-fd170634e70a{ip: 192.168.34.60, host: pr-hdds-2254-trunk-wbvmw-1235415744, networkLocation: /default-rack, certSerialId: null}, Type:RATIS, Factor:ONE, State:OPEN]
2019-10-15 21:44:24,137 [EventQueue-StaleNodeForStaleNodeHandler] INFO  pipeline.PipelineStateManager (PipelineStateManager.java:finalizePipeline(123)) - Pipeline Pipeline[ Id: 680db324-aa0d-44e6-9159-69cf5bdef1f3, Nodes: 2e9fa5e4-44d4-40da-9b1b-fd170634e70a{ip: 192.168.34.60, host: pr-hdds-2254-trunk-wbvmw-1235415744, networkLocation: /default-rack, certSerialId: null}, Type:RATIS, Factor:ONE, State:CLOSED] moved to CLOSED state
2019-10-15 21:44:24,139 [EventQueue-StaleNodeForStaleNodeHandler] INFO  pipeline.SCMPipelineManager (SCMPipelineManager.java:finalizeAndDestroyPipeline(315)) - destroying pipeline:Pipeline[ Id: a3e553f0-b812-4dfc-8692-39ca588449f8, Nodes: 11421ab1-19cb-4764-b505-ce794efeb49e{ip: 192.168.34.60, host: pr-hdds-2254-trunk-wbvmw-1235415744, networkLocation: /default-rack, certSerialId: null}2e9fa5e4-44d4-40da-9b1b-fd170634e70a{ip: 192.168.34.60, host: pr-hdds-2254-trunk-wbvmw-1235415744, networkLocation: /default-rack, certSerialId: null}f0d7c07d-0c9c-43c9-b90d-f56b2a8a0f48{ip: 192.168.34.60, host: pr-hdds-2254-trunk-wbvmw-1235415744, networkLocation: /default-rack, certSerialId: null}, Type:RATIS, Factor:THREE, State:OPEN]
2019-10-15 21:44:24,139 [EventQueue-StaleNodeForStaleNodeHandler] INFO  pipeline.PipelineStateManager (PipelineStateManager.java:finalizePipeline(123)) - Pipeline Pipeline[ Id: a3e553f0-b812-4dfc-8692-39ca588449f8, Nodes: 11421ab1-19cb-4764-b505-ce794efeb49e{ip: 192.168.34.60, host: pr-hdds-2254-trunk-wbvmw-1235415744, networkLocation: /default-rack, certSerialId: null}2e9fa5e4-44d4-40da-9b1b-fd170634e70a{ip: 192.168.34.60, host: pr-hdds-2254-trunk-wbvmw-1235415744, networkLocation: /default-rack, certSerialId: null}f0d7c07d-0c9c-43c9-b90d-f56b2a8a0f48{ip: 192.168.34.60, host: pr-hdds-2254-trunk-wbvmw-1235415744, networkLocation: /default-rack, certSerialId: null}, Type:RATIS, Factor:THREE, State:CLOSED] moved to CLOSED state
2019-10-15 21:44:24,140 [EventQueue-CloseContainerForCloseContainerEventHandler] INFO  container.CloseContainerEventHandler (CloseContainerEventHandler.java:onMessage(61)) - Close container Event triggered for container : #1
2019-10-15 21:44:24,212 [EventQueue-ContainerReportForContainerReportHandler] INFO  container.ContainerReportHandler (AbstractContainerReportHandler.java:updateContainerState(178)) - Moving container #1 to CLOSED state, datanode f0d7c07d-0c9c-43c9-b90d-f56b2a8a0f48{ip: 192.168.34.60, host: pr-hdds-2254-trunk-wbvmw-1235415744, networkLocation: /default-rack, certSerialId: null} reported CLOSED replica.
2019-10-15 21:44:24,358 [SCMBlockDeletingService#0] INFO  block.SCMBlockDeletingService (SCMBlockDeletingService.java:call(184)) - Totally added 3 delete blocks command for 3 datanodes, task elapsed time: 6ms
2019-10-15 21:44:24,513 [EventQueue-PendingDeleteStatusForPendingDeleteHandler] INFO  block.SCMBlockDeletingService (SCMBlockDeletingService.java:handlePendingDeletes(115)) - Block deletion txnID mismatch in datanode f0d7c07d-0c9c-43c9-b90d-f56b2a8a0f48 for containerID 1. Datanode delete txnID: 0, SCM txnID: 1
2019-10-15 21:44:24,515 [Command processor thread] INFO  commandhandler.DeleteBlocksCommandHandler (DeleteBlocksCommandHandler.java:handle(106)) - Start to delete container blocks, TXIDs=[1(0)], numOfContainers=1, numOfBlocks=1
2019-10-15 21:44:24,573 [BlockDeletingService#2] WARN  background.BlockDeletingService (BlockDeletingService.java:isDeletionAllowed(187)) - Close Container log Index 6 is not replicated across allthe servers in the pipeline a3e553f0-b812-4dfc-8692-39ca588449f8 as the min replicated index is 4. Deletion is not allowed in this container yet.
2019-10-15 21:44:24,573 [BlockDeletingService#2] WARN  background.BlockDeletingService (BlockDeletingService.java:isDeletionAllowed(187)) - Close Container log Index 6 is not replicated across allthe servers in the pipeline a3e553f0-b812-4dfc-8692-39ca588449f8 as the min replicated index is 4. Deletion is not allowed in this container yet.
2019-10-15 21:44:24,585 [main] INFO  impl.MetricsSystemImpl (MetricsSystemImpl.java:init(158)) - HddsDatanode metrics system started (again)
2019-10-15 21:44:24,633 [main] INFO  ozone.HddsDatanodeService (HddsDatanodeService.java:start(184)) - HddsDatanodeService host:pr-hdds-2254-trunk-wbvmw-1235415744 ip:192.168.34.60
2019-10-15 21:44:24,638 [main] INFO  volume.VolumeUsage (VolumeUsage.java:loadScmUsed(144)) - Cached ScmUsed found for /workdir/hadoop-ozone/integration-test/target/test-dir/MiniOzoneClusterImpl-06fd8024-f1f0-4e91-aaba-ceaeb81d3c97/datanode-2/data/containers : 4096 
2019-10-15 21:44:24,638 [main] INFO  volume.HddsVolume (HddsVolume.java:<init>(176)) - Creating Volume: /workdir/hadoop-ozone/integration-test/target/test-dir/MiniOzoneClusterImpl-06fd8024-f1f0-4e91-aaba-ceaeb81d3c97/datanode-2/data/containers/hdds of  storage type : DISK and capacity : 1482555576320
2019-10-15 21:44:24,639 [main] INFO  volume.VolumeSet (VolumeSet.java:initializeVolumeSet(170)) - Added Volume : /workdir/hadoop-ozone/integration-test/target/test-dir/MiniOzoneClusterImpl-06fd8024-f1f0-4e91-aaba-ceaeb81d3c97/datanode-2/data/containers/hdds to VolumeSet
2019-10-15 21:44:24,639 [main] INFO  volume.ThrottledAsyncChecker (ThrottledAsyncChecker.java:schedule(141)) - Scheduling a check for /workdir/hadoop-ozone/integration-test/target/test-dir/MiniOzoneClusterImpl-06fd8024-f1f0-4e91-aaba-ceaeb81d3c97/datanode-2/data/containers/hdds
2019-10-15 21:44:24,640 [main] INFO  volume.HddsVolumeChecker (HddsVolumeChecker.java:checkAllVolumes(204)) - Scheduled health check for volume /workdir/hadoop-ozone/integration-test/target/test-dir/MiniOzoneClusterImpl-06fd8024-f1f0-4e91-aaba-ceaeb81d3c97/datanode-2/data/containers/hdds
2019-10-15 21:44:24,688 [main] INFO  impl.RaftServerProxy (ConfUtils.java:logGet(43)) - raft.rpc.type = GRPC (default)
2019-10-15 21:44:24,689 [main] INFO  grpc.GrpcFactory (GrpcFactory.java:checkPooledByteBufAllocatorUseCacheForAllThreads(45)) - PERFORMANCE WARNING: useCacheForAllThreads is true that may cause Netty to create a lot garbage objects and, as a result, trigger GC.
	It is recommended to disable useCacheForAllThreads by setting -Dorg.apache.ratis.thirdparty.io.netty.allocator.useCacheForAllThreads=false in command line.
2019-10-15 21:44:24,689 [main] INFO  grpc.GrpcConfigKeys$Server (ConfUtils.java:logGet(43)) - raft.grpc.server.port = 33194 (custom)
2019-10-15 21:44:24,690 [main] INFO  server.GrpcService (ConfUtils.java:logGet(43)) - raft.grpc.message.size.max = 33570816 (custom)
2019-10-15 21:44:24,690 [main] INFO  server.RaftServerConfigKeys (ConfUtils.java:logGet(43)) - raft.server.log.appender.buffer.byte-limit = 33554432 (custom)
2019-10-15 21:44:24,690 [main] INFO  server.GrpcService (ConfUtils.java:logGet(43)) - raft.grpc.flow.control.window = 1MB (=1048576) (default)
2019-10-15 21:44:24,691 [main] INFO  server.RaftServerConfigKeys (ConfUtils.java:logGet(43)) - raft.server.rpc.request.timeout = 3000ms (default)
2019-10-15 21:44:24,692 [main] INFO  server.RaftServerConfigKeys (ConfUtils.java:logGet(43)) - raft.server.storage.dir = [/workdir/hadoop-ozone/integration-test/target/test-dir/MiniOzoneClusterImpl-06fd8024-f1f0-4e91-aaba-ceaeb81d3c97/datanode-2/data/ratis] (custom)
2019-10-15 21:44:24,692 [main] INFO  impl.RaftServerProxy (RaftServerProxy.java:lambda$null$0(191)) - 2e9fa5e4-44d4-40da-9b1b-fd170634e70a: found a subdirectory /workdir/hadoop-ozone/integration-test/target/test-dir/MiniOzoneClusterImpl-06fd8024-f1f0-4e91-aaba-ceaeb81d3c97/datanode-2/data/ratis/680db324-aa0d-44e6-9159-69cf5bdef1f3
2019-10-15 21:44:24,694 [main] INFO  impl.RaftServerProxy (RaftServerProxy.java:addNew(89)) - 2e9fa5e4-44d4-40da-9b1b-fd170634e70a: addNew group-69CF5BDEF1F3:[] returns group-69CF5BDEF1F3:java.util.concurrent.CompletableFuture@69f0b0f4[Not completed]
2019-10-15 21:44:24,694 [main] INFO  impl.RaftServerProxy (RaftServerProxy.java:lambda$null$0(191)) - 2e9fa5e4-44d4-40da-9b1b-fd170634e70a: found a subdirectory /workdir/hadoop-ozone/integration-test/target/test-dir/MiniOzoneClusterImpl-06fd8024-f1f0-4e91-aaba-ceaeb81d3c97/datanode-2/data/ratis/a3e553f0-b812-4dfc-8692-39ca588449f8
2019-10-15 21:44:24,695 [main] INFO  impl.RaftServerProxy (RaftServerProxy.java:addNew(89)) - 2e9fa5e4-44d4-40da-9b1b-fd170634e70a: addNew group-39CA588449F8:[] returns group-39CA588449F8:java.util.concurrent.CompletableFuture@66933239[Not completed]
2019-10-15 21:44:24,698 [pool-59-thread-1] INFO  impl.RaftServerImpl (RaftServerImpl.java:<init>(104)) - 2e9fa5e4-44d4-40da-9b1b-fd170634e70a: new RaftServerImpl for group-69CF5BDEF1F3:[] with ContainerStateMachine:uninitialized
2019-10-15 21:44:24,698 [main] INFO  hdfs.DFSUtil (DFSUtil.java:httpServerTemplateForNNAndJN(1641)) - Starting Web-server for hddsDatanode at: http://0.0.0.0:40540
2019-10-15 21:44:24,699 [pool-59-thread-1] INFO  server.RaftServerConfigKeys (ConfUtils.java:logGet(43)) - raft.server.rpc.timeout.min = 5s (custom)
2019-10-15 21:44:24,700 [pool-59-thread-1] INFO  server.RaftServerConfigKeys (ConfUtils.java:logGet(43)) - raft.server.rpc.timeout.max = 5200ms (custom)
2019-10-15 21:44:24,700 [pool-59-thread-1] INFO  server.RaftServerConfigKeys (ConfUtils.java:logGet(43)) - raft.server.rpcslowness.timeout = 1000s (custom)
2019-10-15 21:44:24,700 [pool-59-thread-1] INFO  server.RaftServerConfigKeys (ConfUtils.java:logGet(43)) - raft.server.sleep.deviation.threshold = 300 (default)
2019-10-15 21:44:24,700 [pool-59-thread-1] INFO  server.RaftServerConfigKeys (ConfUtils.java:logGet(43)) - raft.server.log.appender.install.snapshot.enabled = false (custom)
2019-10-15 21:44:24,700 [pool-59-thread-1] INFO  impl.RaftServerImpl (ServerState.java:<init>(103)) - 2e9fa5e4-44d4-40da-9b1b-fd170634e70a@group-69CF5BDEF1F3: ConfigurationManager, init=-1: [], old=null, confs=<EMPTY_MAP>
2019-10-15 21:44:24,700 [pool-59-thread-1] INFO  server.RaftServerConfigKeys (ConfUtils.java:logGet(43)) - raft.server.storage.dir = [/workdir/hadoop-ozone/integration-test/target/test-dir/MiniOzoneClusterImpl-06fd8024-f1f0-4e91-aaba-ceaeb81d3c97/datanode-2/data/ratis] (custom)
2019-10-15 21:44:24,701 [pool-59-thread-1] INFO  server.RaftServerConfigKeys (ConfUtils.java:logGet(43)) - raft.server.log.corruption.policy = EXCEPTION (default)
2019-10-15 21:44:24,703 [main] INFO  server.AuthenticationFilter (AuthenticationFilter.java:constructSecretProvider(240)) - Unable to initialize FileSignerSecretProvider, falling back to use random secrets.
2019-10-15 21:44:24,703 [main] WARN  http.HttpRequestLog (HttpRequestLog.java:getRequestLog(97)) - Jetty request log can only be enabled using Log4j
2019-10-15 21:44:24,706 [main] INFO  http.HttpServer2 (HttpServer2.java:addGlobalFilter(975)) - Added global filter 'safety' (class=org.apache.hadoop.http.HttpServer2$QuotingInputFilter)
2019-10-15 21:44:24,707 [main] INFO  http.HttpServer2 (HttpServer2.java:addFilter(948)) - Added filter static_user_filter (class=org.apache.hadoop.http.lib.StaticUserWebFilter$StaticUserFilter) to context hddsDatanode
2019-10-15 21:44:24,707 [main] INFO  http.HttpServer2 (HttpServer2.java:addFilter(958)) - Added filter static_user_filter (class=org.apache.hadoop.http.lib.StaticUserWebFilter$StaticUserFilter) to context logs
2019-10-15 21:44:24,708 [main] INFO  http.HttpServer2 (HttpServer2.java:addFilter(958)) - Added filter static_user_filter (class=org.apache.hadoop.http.lib.StaticUserWebFilter$StaticUserFilter) to context static
2019-10-15 21:44:24,710 [main] INFO  http.HttpServer2 (HttpServer2.java:bindListener(1191)) - Jetty bound to port 40540
2019-10-15 21:44:24,710 [main] INFO  server.Server (Server.java:doStart(351)) - jetty-9.3.25.v20180904, build timestamp: 2018-09-04T21:11:46Z, git hash: 3ce520221d0240229c862b122d2b06c12a625732
2019-10-15 21:44:24,713 [main] INFO  handler.ContextHandler (ContextHandler.java:doStart(781)) - Started o.e.j.s.ServletContextHandler@1d61a348{/logs,file:///workdir/hadoop-ozone/integration-test/target/log,AVAILABLE}
2019-10-15 21:44:24,714 [main] INFO  handler.ContextHandler (ContextHandler.java:doStart(781)) - Started o.e.j.s.ServletContextHandler@d2291de{/static,jar:file:/home/user/.m2/repository/org/apache/hadoop/hadoop-hdds-container-service/0.5.0-SNAPSHOT/hadoop-hdds-container-service-0.5.0-SNAPSHOT.jar!/webapps/static,AVAILABLE}
2019-10-15 21:44:24,715 [pool-59-thread-1] INFO  storage.RaftStorageDirectory (RaftStorageDirectory.java:tryLock(328)) - Lock on /workdir/hadoop-ozone/integration-test/target/test-dir/MiniOzoneClusterImpl-06fd8024-f1f0-4e91-aaba-ceaeb81d3c97/datanode-2/data/ratis/680db324-aa0d-44e6-9159-69cf5bdef1f3/in_use.lock acquired by nodename 16930@pr-hdds-2254-trunk-wbvmw-1235415744
2019-10-15 21:44:24,716 [pool-59-thread-1] INFO  ratis.ContainerStateMachine (ContainerStateMachine.java:loadSnapshot(231)) - group-69CF5BDEF1F3: The snapshot info is null. Setting the last applied indexto:(t:0, i:~)
2019-10-15 21:44:24,717 [pool-59-thread-1] INFO  server.RaftServerConfigKeys (ConfUtils.java:logGet(43)) - raft.server.notification.no-leader.timeout = 1000s (custom)
2019-10-15 21:44:24,717 [pool-59-thread-1] INFO  server.RaftServerConfigKeys (ConfUtils.java:logGet(43)) - raft.server.log.use.memory = false (default)
2019-10-15 21:44:24,717 [pool-59-thread-1] INFO  server.RaftServerConfigKeys (ConfUtils.java:logGet(43)) - raft.server.log.purge.gap = 1000000 (custom)
2019-10-15 21:44:24,717 [pool-59-thread-1] INFO  server.RaftServerConfigKeys (ConfUtils.java:logGet(43)) - raft.server.log.appender.buffer.byte-limit = 33554432 (custom)
2019-10-15 21:44:24,717 [pool-59-thread-1] INFO  server.RaftServerConfigKeys (ConfUtils.java:logGet(43)) - raft.server.log.segment.size.max = 1048576 (custom)
2019-10-15 21:44:24,718 [pool-59-thread-1] INFO  server.RaftServerConfigKeys (ConfUtils.java:logGet(43)) - raft.server.log.segment.cache.num.max = 2 (custom)
2019-10-15 21:44:24,718 [pool-59-thread-1] INFO  segmented.SegmentedRaftLogWorker (SegmentedRaftLogWorker.java:<init>(173)) - new 2e9fa5e4-44d4-40da-9b1b-fd170634e70a@group-69CF5BDEF1F3-SegmentedRaftLogWorker for RaftStorage:Storage Directory /workdir/hadoop-ozone/integration-test/target/test-dir/MiniOzoneClusterImpl-06fd8024-f1f0-4e91-aaba-ceaeb81d3c97/datanode-2/data/ratis/680db324-aa0d-44e6-9159-69cf5bdef1f3
2019-10-15 21:44:24,718 [pool-59-thread-1] INFO  server.RaftServerConfigKeys (ConfUtils.java:logGet(43)) - raft.server.log.queue.byte-limit = 2147483647 (custom)
2019-10-15 21:44:24,718 [pool-59-thread-1] INFO  server.RaftServerConfigKeys (ConfUtils.java:logGet(43)) - raft.server.log.queue.element-limit = 1024 (custom)
2019-10-15 21:44:24,718 [pool-59-thread-1] INFO  server.RaftServerConfigKeys (ConfUtils.java:logGet(43)) - raft.server.log.segment.size.max = 1048576 (custom)
2019-10-15 21:44:24,719 [pool-59-thread-1] INFO  server.RaftServerConfigKeys (ConfUtils.java:logGet(43)) - raft.server.log.preallocated.size = 16384 (custom)
2019-10-15 21:44:24,719 [pool-59-thread-1] INFO  server.RaftServerConfigKeys (ConfUtils.java:logGet(43)) - raft.server.log.write.buffer.size = 33554432 (custom)
2019-10-15 21:44:24,719 [pool-59-thread-1] INFO  server.RaftServerConfigKeys (ConfUtils.java:logGet(43)) - raft.server.log.force.sync.num = 128 (default)
2019-10-15 21:44:24,719 [pool-59-thread-1] INFO  server.RaftServerConfigKeys (ConfUtils.java:logGet(43)) - raft.server.log.statemachine.data.sync = true (default)
2019-10-15 21:44:24,719 [pool-59-thread-1] INFO  server.RaftServerConfigKeys (ConfUtils.java:logGet(43)) - raft.server.log.statemachine.data.sync.timeout = 10s (default)
2019-10-15 21:44:24,719 [pool-59-thread-1] INFO  server.RaftServerConfigKeys (ConfUtils.java:logGet(43)) - raft.server.log.statemachine.data.sync.timeout.retry = -1 (default)
2019-10-15 21:44:24,720 [pool-59-thread-1] INFO  server.RaftServerConfigKeys (ConfUtils.java:logGet(43)) - raft.server.log.statemachine.data.caching.enabled = true (custom)
2019-10-15 21:44:24,730 [pool-59-thread-1] INFO  impl.RaftServerImpl (ServerState.java:setRaftConf(357)) - 2e9fa5e4-44d4-40da-9b1b-fd170634e70a@group-69CF5BDEF1F3: set configuration 0: [2e9fa5e4-44d4-40da-9b1b-fd170634e70a:192.168.34.60:33194], old=null at 0
2019-10-15 21:44:24,731 [pool-59-thread-1] INFO  segmented.LogSegment (LogSegment.java:loadSegment(140)) - Successfully read 1 entries from segment file /workdir/hadoop-ozone/integration-test/target/test-dir/MiniOzoneClusterImpl-06fd8024-f1f0-4e91-aaba-ceaeb81d3c97/datanode-2/data/ratis/680db324-aa0d-44e6-9159-69cf5bdef1f3/current/log_inprogress_0
2019-10-15 21:44:24,731 [pool-59-thread-1] INFO  segmented.SegmentedRaftLogWorker (SegmentedRaftLogWorker.java:lambda$new$0(128)) - 2e9fa5e4-44d4-40da-9b1b-fd170634e70a@group-69CF5BDEF1F3-SegmentedRaftLogWorker: flushIndex: setUnconditionally 0 -> 0
2019-10-15 21:44:24,775 [pool-59-thread-1] INFO  server.RaftServerConfigKeys (ConfUtils.java:logGet(43)) - raft.server.snapshot.auto.trigger.enabled = true (custom)
2019-10-15 21:44:24,776 [pool-59-thread-1] INFO  server.RaftServerConfigKeys (ConfUtils.java:logGet(43)) - raft.server.snapshot.auto.trigger.threshold = 10000 (custom)
2019-10-15 21:44:24,776 [pool-59-thread-1] INFO  server.RaftServerConfigKeys (ConfUtils.java:logGet(43)) - raft.server.snapshot.retention.file.num = 5 (custom)
2019-10-15 21:44:24,776 [Thread-543] INFO  client.GrpcClientProtocolService (GrpcClientProtocolService.java:lambda$processClientRequest$0(278)) - Failed RaftClientRequest:client-D0B527BDC3D7->11421ab1-19cb-4764-b505-ce794efeb49e@group-39CA588449F8, cid=10, seq=0, Watch-ALL_COMMITTED(6), Message:<EMPTY>, reply=RaftClientReply:client-D0B527BDC3D7->11421ab1-19cb-4764-b505-ce794efeb49e@group-39CA588449F8, cid=10, FAILED org.apache.ratis.protocol.NotReplicatedException: Request with call Id 10 and log index 6 is not yet replicated to ALL_COMMITTED, logIndex=6, commits[11421ab1-19cb-4764-b505-ce794efeb49e:c10, 2e9fa5e4-44d4-40da-9b1b-fd170634e70a:c4, f0d7c07d-0c9c-43c9-b90d-f56b2a8a0f48:c10]
2019-10-15 21:44:24,776 [pool-59-thread-1] INFO  server.RaftServerConfigKeys (ConfUtils.java:logGet(43)) - raft.server.retrycache.expirytime = 600000ms (custom)
2019-10-15 21:44:24,779 [pool-59-thread-1] INFO  impl.RaftServerImpl (RaftServerImpl.java:<init>(104)) - 2e9fa5e4-44d4-40da-9b1b-fd170634e70a: new RaftServerImpl for group-39CA588449F8:[] with ContainerStateMachine:uninitialized
2019-10-15 21:44:24,779 [pool-59-thread-1] INFO  server.RaftServerConfigKeys (ConfUtils.java:logGet(43)) - raft.server.rpc.timeout.min = 5s (custom)
2019-10-15 21:44:24,779 [pool-59-thread-1] INFO  server.RaftServerConfigKeys (ConfUtils.java:logGet(43)) - raft.server.rpc.timeout.max = 5200ms (custom)
2019-10-15 21:44:24,779 [pool-59-thread-1] INFO  server.RaftServerConfigKeys (ConfUtils.java:logGet(43)) - raft.server.rpcslowness.timeout = 1000s (custom)
2019-10-15 21:44:24,780 [pool-59-thread-1] INFO  server.RaftServerConfigKeys (ConfUtils.java:logGet(43)) - raft.server.sleep.deviation.threshold = 300 (default)
2019-10-15 21:44:24,780 [pool-59-thread-1] INFO  server.RaftServerConfigKeys (ConfUtils.java:logGet(43)) - raft.server.log.appender.install.snapshot.enabled = false (custom)
2019-10-15 21:44:24,780 [pool-59-thread-1] INFO  impl.RaftServerImpl (ServerState.java:<init>(103)) - 2e9fa5e4-44d4-40da-9b1b-fd170634e70a@group-39CA588449F8: ConfigurationManager, init=-1: [], old=null, confs=<EMPTY_MAP>
2019-10-15 21:44:24,780 [pool-59-thread-1] INFO  server.RaftServerConfigKeys (ConfUtils.java:logGet(43)) - raft.server.storage.dir = [/workdir/hadoop-ozone/integration-test/target/test-dir/MiniOzoneClusterImpl-06fd8024-f1f0-4e91-aaba-ceaeb81d3c97/datanode-2/data/ratis] (custom)
2019-10-15 21:44:24,780 [pool-59-thread-1] INFO  server.RaftServerConfigKeys (ConfUtils.java:logGet(43)) - raft.server.log.corruption.policy = EXCEPTION (default)
2019-10-15 21:44:24,792 [pool-59-thread-1] INFO  storage.RaftStorageDirectory (RaftStorageDirectory.java:tryLock(328)) - Lock on /workdir/hadoop-ozone/integration-test/target/test-dir/MiniOzoneClusterImpl-06fd8024-f1f0-4e91-aaba-ceaeb81d3c97/datanode-2/data/ratis/a3e553f0-b812-4dfc-8692-39ca588449f8/in_use.lock acquired by nodename 16930@pr-hdds-2254-trunk-wbvmw-1235415744
2019-10-15 21:44:24,794 [pool-59-thread-1] INFO  ratis.ContainerStateMachine (ContainerStateMachine.java:loadSnapshot(240)) - group-39CA588449F8: Setting the last applied index to (t:4, i:3)
2019-10-15 21:44:24,798 [main] INFO  handler.ContextHandler (ContextHandler.java:doStart(781)) - Started o.e.j.w.WebAppContext@7d70638{/,file:///tmp/jetty-0.0.0.0-40540-hddsDatanode-_-any-4129087589554581616.dir/webapp/,AVAILABLE}{/hddsDatanode}
2019-10-15 21:44:24,799 [main] INFO  server.AbstractConnector (AbstractConnector.java:doStart(278)) - Started ServerConnector@732f6050{HTTP/1.1,[http/1.1]}{0.0.0.0:40540}
2019-10-15 21:44:24,800 [main] INFO  server.Server (Server.java:doStart(419)) - Started @112492ms
2019-10-15 21:44:24,800 [main] WARN  impl.MetricsSystemImpl (MetricsSystemImpl.java:register(276)) - Sink prometheus already exists!
2019-10-15 21:44:24,800 [pool-59-thread-1] INFO  impl.RaftServerImpl (ServerState.java:setRaftConf(357)) - 2e9fa5e4-44d4-40da-9b1b-fd170634e70a@group-39CA588449F8: set configuration 0: [2e9fa5e4-44d4-40da-9b1b-fd170634e70a:192.168.34.60:33194, 11421ab1-19cb-4764-b505-ce794efeb49e:192.168.34.60:42577, f0d7c07d-0c9c-43c9-b90d-f56b2a8a0f48:192.168.34.60:40619], old=null at 0
2019-10-15 21:44:24,801 [pool-59-thread-1] INFO  server.RaftServerConfigKeys (ConfUtils.java:logGet(43)) - raft.server.notification.no-leader.timeout = 1000s (custom)
2019-10-15 21:44:24,801 [pool-59-thread-1] INFO  server.RaftServerConfigKeys (ConfUtils.java:logGet(43)) - raft.server.log.use.memory = false (default)
2019-10-15 21:44:24,801 [pool-59-thread-1] INFO  server.RaftServerConfigKeys (ConfUtils.java:logGet(43)) - raft.server.log.purge.gap = 1000000 (custom)
2019-10-15 21:44:24,801 [pool-59-thread-1] INFO  server.RaftServerConfigKeys (ConfUtils.java:logGet(43)) - raft.server.log.appender.buffer.byte-limit = 33554432 (custom)
2019-10-15 21:44:24,801 [pool-59-thread-1] INFO  server.RaftServerConfigKeys (ConfUtils.java:logGet(43)) - raft.server.log.segment.size.max = 1048576 (custom)
2019-10-15 21:44:24,801 [pool-59-thread-1] INFO  server.RaftServerConfigKeys (ConfUtils.java:logGet(43)) - raft.server.log.segment.cache.num.max = 2 (custom)
2019-10-15 21:44:24,801 [main] INFO  server.BaseHttpServer (BaseHttpServer.java:updateConnectorAddress(215)) - HTTP server of HDDSDATANODE is listening at http://0.0.0.0:40540
2019-10-15 21:44:24,801 [pool-59-thread-1] INFO  segmented.SegmentedRaftLogWorker (SegmentedRaftLogWorker.java:<init>(173)) - new 2e9fa5e4-44d4-40da-9b1b-fd170634e70a@group-39CA588449F8-SegmentedRaftLogWorker for RaftStorage:Storage Directory /workdir/hadoop-ozone/integration-test/target/test-dir/MiniOzoneClusterImpl-06fd8024-f1f0-4e91-aaba-ceaeb81d3c97/datanode-2/data/ratis/a3e553f0-b812-4dfc-8692-39ca588449f8
2019-10-15 21:44:24,802 [pool-59-thread-1] INFO  server.RaftServerConfigKeys (ConfUtils.java:logGet(43)) - raft.server.log.queue.byte-limit = 2147483647 (custom)
2019-10-15 21:44:24,802 [pool-59-thread-1] INFO  server.RaftServerConfigKeys (ConfUtils.java:logGet(43)) - raft.server.log.queue.element-limit = 1024 (custom)
2019-10-15 21:44:24,802 [pool-59-thread-1] INFO  server.RaftServerConfigKeys (ConfUtils.java:logGet(43)) - raft.server.log.segment.size.max = 1048576 (custom)
2019-10-15 21:44:24,802 [pool-59-thread-1] INFO  server.RaftServerConfigKeys (ConfUtils.java:logGet(43)) - raft.server.log.preallocated.size = 16384 (custom)
2019-10-15 21:44:24,802 [pool-59-thread-1] INFO  server.RaftServerConfigKeys (ConfUtils.java:logGet(43)) - raft.server.log.write.buffer.size = 33554432 (custom)
2019-10-15 21:44:24,802 [pool-59-thread-1] INFO  server.RaftServerConfigKeys (ConfUtils.java:logGet(43)) - raft.server.log.force.sync.num = 128 (default)
2019-10-15 21:44:24,803 [pool-59-thread-1] INFO  server.RaftServerConfigKeys (ConfUtils.java:logGet(43)) - raft.server.log.statemachine.data.sync = true (default)
2019-10-15 21:44:24,803 [pool-59-thread-1] INFO  server.RaftServerConfigKeys (ConfUtils.java:logGet(43)) - raft.server.log.statemachine.data.sync.timeout = 10s (default)
2019-10-15 21:44:24,803 [pool-59-thread-1] INFO  server.RaftServerConfigKeys (ConfUtils.java:logGet(43)) - raft.server.log.statemachine.data.sync.timeout.retry = -1 (default)
2019-10-15 21:44:24,803 [pool-59-thread-1] INFO  server.RaftServerConfigKeys (ConfUtils.java:logGet(43)) - raft.server.log.statemachine.data.caching.enabled = true (custom)
2019-10-15 21:44:24,804 [org.apache.hadoop.util.JvmPauseMonitor$Monitor@279cb48e] INFO  util.JvmPauseMonitor (JvmPauseMonitor.java:run(188)) - Starting JVM pause monitor
2019-10-15 21:44:24,804 [pool-59-thread-1] INFO  impl.RaftServerImpl (ServerState.java:setRaftConf(357)) - 2e9fa5e4-44d4-40da-9b1b-fd170634e70a@group-39CA588449F8: set configuration 0: [2e9fa5e4-44d4-40da-9b1b-fd170634e70a:192.168.34.60:33194, 11421ab1-19cb-4764-b505-ce794efeb49e:192.168.34.60:42577, f0d7c07d-0c9c-43c9-b90d-f56b2a8a0f48:192.168.34.60:40619], old=null at 0
2019-10-15 21:44:24,805 [pool-59-thread-1] INFO  segmented.LogSegment (LogSegment.java:loadSegment(140)) - Successfully read 5 entries from segment file /workdir/hadoop-ozone/integration-test/target/test-dir/MiniOzoneClusterImpl-06fd8024-f1f0-4e91-aaba-ceaeb81d3c97/datanode-2/data/ratis/a3e553f0-b812-4dfc-8692-39ca588449f8/current/log_inprogress_0
2019-10-15 21:44:24,805 [pool-59-thread-1] INFO  segmented.SegmentedRaftLogWorker (SegmentedRaftLogWorker.java:lambda$new$0(128)) - 2e9fa5e4-44d4-40da-9b1b-fd170634e70a@group-39CA588449F8-SegmentedRaftLogWorker: flushIndex: setUnconditionally 0 -> 4
2019-10-15 21:44:24,812 [EventQueue-PendingDeleteStatusForPendingDeleteHandler] INFO  block.SCMBlockDeletingService (SCMBlockDeletingService.java:handlePendingDeletes(115)) - Block deletion txnID mismatch in datanode f0d7c07d-0c9c-43c9-b90d-f56b2a8a0f48 for containerID 1. Datanode delete txnID: 0, SCM txnID: 1
2019-10-15 21:44:24,831 [pool-59-thread-1] INFO  raftlog.RaftLog (RaftLog.java:lambda$new$0(61)) - 2e9fa5e4-44d4-40da-9b1b-fd170634e70a@group-39CA588449F8-SegmentedRaftLog: commitIndex: updateToMax old=3, new=3, updated? false
2019-10-15 21:44:24,831 [pool-59-thread-1] INFO  server.RaftServerConfigKeys (ConfUtils.java:logGet(43)) - raft.server.snapshot.auto.trigger.enabled = true (custom)
2019-10-15 21:44:24,832 [pool-59-thread-1] INFO  server.RaftServerConfigKeys (ConfUtils.java:logGet(43)) - raft.server.snapshot.auto.trigger.threshold = 10000 (custom)
2019-10-15 21:44:24,832 [pool-59-thread-1] INFO  server.RaftServerConfigKeys (ConfUtils.java:logGet(43)) - raft.server.snapshot.retention.file.num = 5 (custom)
2019-10-15 21:44:24,832 [pool-59-thread-1] INFO  server.RaftServerConfigKeys (ConfUtils.java:logGet(43)) - raft.server.retrycache.expirytime = 600000ms (custom)
2019-10-15 21:44:25,032 [java.util.concurrent.ThreadPoolExecutor$Worker@18284111[State = -1, empty queue]] WARN  server.GrpcLogAppender (GrpcLogAppender.java:timeoutAppendRequest(209)) - 11421ab1-19cb-4764-b505-ce794efeb49e@group-39CA588449F8->2e9fa5e4-44d4-40da-9b1b-fd170634e70a-GrpcLogAppender: appendEntries Timeout, request=11421ab1-19cb-4764-b505-ce794efeb49e->2e9fa5e4-44d4-40da-9b1b-fd170634e70a#50-t4, previous=(t:4, i:10), leaderCommit=10, initializing? false, entries: <empty>
2019-10-15 21:44:25,113 [EventQueue-PendingDeleteStatusForPendingDeleteHandler] INFO  block.SCMBlockDeletingService (SCMBlockDeletingService.java:handlePendingDeletes(115)) - Block deletion txnID mismatch in datanode f0d7c07d-0c9c-43c9-b90d-f56b2a8a0f48 for containerID 1. Datanode delete txnID: 0, SCM txnID: 1
2019-10-15 21:44:25,211 [Command processor thread] INFO  commandhandler.DeleteBlocksCommandHandler (DeleteBlocksCommandHandler.java:handle(106)) - Start to delete container blocks, TXIDs=[1(0)], numOfContainers=1, numOfBlocks=1
2019-10-15 21:44:25,360 [SCMBlockDeletingService#0] INFO  block.SCMBlockDeletingService (SCMBlockDeletingService.java:call(184)) - Totally added 2 delete blocks command for 2 datanodes, task elapsed time: 1ms
2019-10-15 21:44:25,361 [pool-7-thread-2] INFO  commands.RetriableDatanodeEventWatcher (RetriableDatanodeEventWatcher.java:onTimeout(47)) - RetriableDatanodeCommand type=deleteBlocksCommand with id=1571175864359 timed out. Retrying.
2019-10-15 21:44:25,362 [pool-7-thread-1] INFO  commands.RetriableDatanodeEventWatcher (RetriableDatanodeEventWatcher.java:onTimeout(47)) - RetriableDatanodeCommand type=deleteBlocksCommand with id=1571175864358 timed out. Retrying.
2019-10-15 21:44:25,575 [BlockDeletingService#2] WARN  background.BlockDeletingService (BlockDeletingService.java:isDeletionAllowed(187)) - Close Container log Index 6 is not replicated across allthe servers in the pipeline a3e553f0-b812-4dfc-8692-39ca588449f8 as the min replicated index is 4. Deletion is not allowed in this container yet.
2019-10-15 21:44:25,575 [BlockDeletingService#2] WARN  background.BlockDeletingService (BlockDeletingService.java:isDeletionAllowed(187)) - Close Container log Index 6 is not replicated across allthe servers in the pipeline a3e553f0-b812-4dfc-8692-39ca588449f8 as the min replicated index is 4. Deletion is not allowed in this container yet.
2019-10-15 21:44:26,313 [Command processor thread] INFO  commandhandler.DeleteBlocksCommandHandler (DeleteBlocksCommandHandler.java:handle(106)) - Start to delete container blocks, TXIDs=[1(2)], numOfContainers=1, numOfBlocks=1
2019-10-15 21:44:26,314 [Command processor thread] INFO  commandhandler.DeleteBlocksCommandHandler (DeleteBlocksCommandHandler.java:handle(106)) - Start to delete container blocks, TXIDs=[1(0)], numOfContainers=1, numOfBlocks=1
2019-10-15 21:44:26,360 [pool-7-thread-1] INFO  commands.RetriableDatanodeEventWatcher (RetriableDatanodeEventWatcher.java:onTimeout(47)) - RetriableDatanodeCommand type=deleteBlocksCommand with id=1571175864360 timed out. Retrying.
2019-10-15 21:44:26,361 [pool-7-thread-2] INFO  commands.RetriableDatanodeEventWatcher (RetriableDatanodeEventWatcher.java:onTimeout(47)) - RetriableDatanodeCommand type=deleteBlocksCommand with id=1571175864361 timed out. Retrying.
2019-10-15 21:44:26,361 [SCMBlockDeletingService#0] INFO  block.SCMBlockDeletingService (SCMBlockDeletingService.java:call(184)) - Totally added 1 delete blocks command for 1 datanodes, task elapsed time: 0ms
2019-10-15 21:44:26,362 [pool-7-thread-2] INFO  commands.RetriableDatanodeEventWatcher (RetriableDatanodeEventWatcher.java:onTimeout(47)) - RetriableDatanodeCommand type=deleteBlocksCommand with id=1571175864358 timed out. Retrying.
2019-10-15 21:44:26,419 [EventQueue-DeleteBlockStatusForEventWatcher$$Lambda$30/637241618] WARN  events.EventWatcher (EventWatcher.java:lambda$start$0(110)) - Completion event without active lease. Id=1571175864359
2019-10-15 21:44:26,577 [BlockDeletingService#2] WARN  background.BlockDeletingService (BlockDeletingService.java:isDeletionAllowed(187)) - Close Container log Index 6 is not replicated across allthe servers in the pipeline a3e553f0-b812-4dfc-8692-39ca588449f8 as the min replicated index is 4. Deletion is not allowed in this container yet.
2019-10-15 21:44:26,577 [BlockDeletingService#2] WARN  background.BlockDeletingService (BlockDeletingService.java:isDeletionAllowed(187)) - Close Container log Index 6 is not replicated across allthe servers in the pipeline a3e553f0-b812-4dfc-8692-39ca588449f8 as the min replicated index is 4. Deletion is not allowed in this container yet.
2019-10-15 21:44:26,806 [Datanode State Machine Thread - 0] INFO  ozoneimpl.OzoneContainer (OzoneContainer.java:start(213)) - Attempting to start container services.
2019-10-15 21:44:26,807 [Datanode State Machine Thread - 0] INFO  ozoneimpl.OzoneContainer (OzoneContainer.java:startContainerScrub(177)) - Background container scanner has been disabled.
2019-10-15 21:44:26,807 [Datanode State Machine Thread - 0] INFO  ratis.XceiverServerRatis (XceiverServerRatis.java:start(418)) - Starting XceiverServerRatis 2e9fa5e4-44d4-40da-9b1b-fd170634e70a at port 33194
2019-10-15 21:44:26,817 [Datanode State Machine Thread - 0] INFO  impl.RaftServerImpl (RaftServerImpl.java:start(195)) - 2e9fa5e4-44d4-40da-9b1b-fd170634e70a@group-39CA588449F8: start as a follower, conf=0: [2e9fa5e4-44d4-40da-9b1b-fd170634e70a:192.168.34.60:33194, 11421ab1-19cb-4764-b505-ce794efeb49e:192.168.34.60:42577, f0d7c07d-0c9c-43c9-b90d-f56b2a8a0f48:192.168.34.60:40619], old=null
2019-10-15 21:44:26,818 [ForkJoinPool.commonPool-worker-0] INFO  impl.RaftServerImpl (RaftServerImpl.java:start(195)) - 2e9fa5e4-44d4-40da-9b1b-fd170634e70a@group-69CF5BDEF1F3: start as a follower, conf=0: [2e9fa5e4-44d4-40da-9b1b-fd170634e70a:192.168.34.60:33194], old=null
2019-10-15 21:44:26,818 [Datanode State Machine Thread - 0] INFO  impl.RaftServerImpl (RaftServerImpl.java:setRole(184)) - 2e9fa5e4-44d4-40da-9b1b-fd170634e70a@group-39CA588449F8: changes role from      null to FOLLOWER at term 4 for startAsFollower
2019-10-15 21:44:26,818 [ForkJoinPool.commonPool-worker-0] INFO  impl.RaftServerImpl (RaftServerImpl.java:setRole(184)) - 2e9fa5e4-44d4-40da-9b1b-fd170634e70a@group-69CF5BDEF1F3: changes role from      null to FOLLOWER at term 1 for startAsFollower
2019-10-15 21:44:26,819 [Datanode State Machine Thread - 0] INFO  impl.RoleInfo (RoleInfo.java:updateAndGet(143)) - 2e9fa5e4-44d4-40da-9b1b-fd170634e70a: start FollowerState
2019-10-15 21:44:26,819 [ForkJoinPool.commonPool-worker-0] INFO  impl.RoleInfo (RoleInfo.java:updateAndGet(143)) - 2e9fa5e4-44d4-40da-9b1b-fd170634e70a: start FollowerState
2019-10-15 21:44:26,819 [Datanode State Machine Thread - 0] INFO  util.JmxRegister (JmxRegister.java:tryRegister(44)) - Successfully registered JMX Bean with object name Ratis:service=RaftServer,group=group-39CA588449F8,id=2e9fa5e4-44d4-40da-9b1b-fd170634e70a
2019-10-15 21:44:26,819 [ForkJoinPool.commonPool-worker-0] INFO  util.JmxRegister (JmxRegister.java:tryRegister(44)) - Successfully registered JMX Bean with object name Ratis:service=RaftServer,group=group-69CF5BDEF1F3,id=2e9fa5e4-44d4-40da-9b1b-fd170634e70a
2019-10-15 21:44:26,822 [Datanode State Machine Thread - 0] INFO  impl.RaftServerProxy (RaftServerProxy.java:lambda$start$3(299)) - 2e9fa5e4-44d4-40da-9b1b-fd170634e70a: start RPC server
2019-10-15 21:44:26,824 [Datanode State Machine Thread - 0] INFO  server.GrpcService (GrpcService.java:startImpl(158)) - 2e9fa5e4-44d4-40da-9b1b-fd170634e70a: GrpcService started, listening on 0.0.0.0/0.0.0.0:33194
2019-10-15 21:44:26,989 [Thread-552] INFO  impl.FollowerState (FollowerState.java:run(108)) - 2e9fa5e4-44d4-40da-9b1b-fd170634e70a@group-39CA588449F8-FollowerState: change to CANDIDATE, lastRpcTime:170ms, electionTimeout:170ms
2019-10-15 21:44:26,990 [Thread-552] INFO  impl.RoleInfo (RoleInfo.java:shutdownFollowerState(121)) - 2e9fa5e4-44d4-40da-9b1b-fd170634e70a: shutdown FollowerState
2019-10-15 21:44:26,990 [Thread-552] INFO  impl.RaftServerImpl (RaftServerImpl.java:setRole(184)) - 2e9fa5e4-44d4-40da-9b1b-fd170634e70a@group-39CA588449F8: changes role from  FOLLOWER to CANDIDATE at term 4 for changeToCandidate
2019-10-15 21:44:26,990 [Thread-552] INFO  impl.RoleInfo (RoleInfo.java:updateAndGet(143)) - 2e9fa5e4-44d4-40da-9b1b-fd170634e70a: start LeaderElection
2019-10-15 21:44:26,992 [Thread-553] INFO  impl.FollowerState (FollowerState.java:run(108)) - 2e9fa5e4-44d4-40da-9b1b-fd170634e70a@group-69CF5BDEF1F3-FollowerState: change to CANDIDATE, lastRpcTime:173ms, electionTimeout:172ms
2019-10-15 21:44:26,993 [Thread-553] INFO  impl.RoleInfo (RoleInfo.java:shutdownFollowerState(121)) - 2e9fa5e4-44d4-40da-9b1b-fd170634e70a: shutdown FollowerState
2019-10-15 21:44:26,993 [Thread-553] INFO  impl.RaftServerImpl (RaftServerImpl.java:setRole(184)) - 2e9fa5e4-44d4-40da-9b1b-fd170634e70a@group-69CF5BDEF1F3: changes role from  FOLLOWER to CANDIDATE at term 1 for changeToCandidate
2019-10-15 21:44:26,993 [Thread-553] INFO  impl.RoleInfo (RoleInfo.java:updateAndGet(143)) - 2e9fa5e4-44d4-40da-9b1b-fd170634e70a: start LeaderElection
2019-10-15 21:44:27,008 [2e9fa5e4-44d4-40da-9b1b-fd170634e70a@group-69CF5BDEF1F3-LeaderElection8] INFO  impl.LeaderElection (LeaderElection.java:askForVotes(178)) - 2e9fa5e4-44d4-40da-9b1b-fd170634e70a@group-69CF5BDEF1F3-LeaderElection8: begin an election at term 2 for 0: [2e9fa5e4-44d4-40da-9b1b-fd170634e70a:192.168.34.60:33194], old=null
2019-10-15 21:44:27,008 [2e9fa5e4-44d4-40da-9b1b-fd170634e70a@group-39CA588449F8-LeaderElection7] INFO  impl.LeaderElection (LeaderElection.java:askForVotes(178)) - 2e9fa5e4-44d4-40da-9b1b-fd170634e70a@group-39CA588449F8-LeaderElection7: begin an election at term 5 for 0: [2e9fa5e4-44d4-40da-9b1b-fd170634e70a:192.168.34.60:33194, 11421ab1-19cb-4764-b505-ce794efeb49e:192.168.34.60:42577, f0d7c07d-0c9c-43c9-b90d-f56b2a8a0f48:192.168.34.60:40619], old=null
2019-10-15 21:44:27,009 [2e9fa5e4-44d4-40da-9b1b-fd170634e70a@group-69CF5BDEF1F3-LeaderElection8] INFO  impl.RoleInfo (RoleInfo.java:shutdownLeaderElection(134)) - 2e9fa5e4-44d4-40da-9b1b-fd170634e70a: shutdown LeaderElection
2019-10-15 21:44:27,009 [2e9fa5e4-44d4-40da-9b1b-fd170634e70a@group-69CF5BDEF1F3-LeaderElection8] INFO  impl.RaftServerImpl (RaftServerImpl.java:setRole(184)) - 2e9fa5e4-44d4-40da-9b1b-fd170634e70a@group-69CF5BDEF1F3: changes role from CANDIDATE to LEADER at term 2 for changeToLeader
2019-10-15 21:44:27,009 [2e9fa5e4-44d4-40da-9b1b-fd170634e70a@group-69CF5BDEF1F3-LeaderElection8] INFO  impl.RaftServerImpl (ServerState.java:setLeader(256)) - 2e9fa5e4-44d4-40da-9b1b-fd170634e70a@group-69CF5BDEF1F3: change Leader from null to 2e9fa5e4-44d4-40da-9b1b-fd170634e70a at term 2 for becomeLeader, leader elected after 2292ms
2019-10-15 21:44:27,009 [2e9fa5e4-44d4-40da-9b1b-fd170634e70a@group-69CF5BDEF1F3-LeaderElection8] INFO  server.RaftServerConfigKeys (ConfUtils.java:logGet(43)) - raft.server.staging.catchup.gap = 1000 (default)
2019-10-15 21:44:27,009 [2e9fa5e4-44d4-40da-9b1b-fd170634e70a@group-69CF5BDEF1F3-LeaderElection8] INFO  server.RaftServerConfigKeys (ConfUtils.java:logGet(43)) - raft.server.rpc.sleep.time = 25ms (default)
2019-10-15 21:44:27,010 [2e9fa5e4-44d4-40da-9b1b-fd170634e70a@group-69CF5BDEF1F3-LeaderElection8] INFO  server.RaftServerConfigKeys (ConfUtils.java:logGet(43)) - raft.server.write.element-limit = 4096 (default)
2019-10-15 21:44:27,010 [2e9fa5e4-44d4-40da-9b1b-fd170634e70a@group-69CF5BDEF1F3-LeaderElection8] INFO  server.RaftServerConfigKeys (ConfUtils.java:logGet(43)) - raft.server.watch.timeout = 10s (default)
2019-10-15 21:44:27,010 [2e9fa5e4-44d4-40da-9b1b-fd170634e70a@group-69CF5BDEF1F3-LeaderElection8] INFO  server.RaftServerConfigKeys (ConfUtils.java:logGet(43)) - raft.server.watch.timeout.denomination = 1s (default)
2019-10-15 21:44:27,010 [2e9fa5e4-44d4-40da-9b1b-fd170634e70a@group-69CF5BDEF1F3-LeaderElection8] INFO  server.RaftServerConfigKeys (ConfUtils.java:logGet(43)) - raft.server.watch.element-limit = 65536 (default)
2019-10-15 21:44:27,010 [2e9fa5e4-44d4-40da-9b1b-fd170634e70a@group-69CF5BDEF1F3-LeaderElection8] INFO  impl.RoleInfo (RoleInfo.java:updateAndGet(143)) - 2e9fa5e4-44d4-40da-9b1b-fd170634e70a: start LeaderState
2019-10-15 21:44:27,012 [2e9fa5e4-44d4-40da-9b1b-fd170634e70a@group-69CF5BDEF1F3-LeaderElection8] INFO  segmented.SegmentedRaftLogWorker (SegmentedRaftLogWorker.java:rollLogSegment(390)) - 2e9fa5e4-44d4-40da-9b1b-fd170634e70a@group-69CF5BDEF1F3-SegmentedRaftLogWorker: Rolling segment log-0_0 to index:0
2019-10-15 21:44:27,017 [2e9fa5e4-44d4-40da-9b1b-fd170634e70a@group-69CF5BDEF1F3-LeaderElection8] INFO  impl.RaftServerImpl (ServerState.java:setRaftConf(357)) - 2e9fa5e4-44d4-40da-9b1b-fd170634e70a@group-69CF5BDEF1F3: set configuration 1: [2e9fa5e4-44d4-40da-9b1b-fd170634e70a:192.168.34.60:33194], old=null at 1
2019-10-15 21:44:27,024 [2e9fa5e4-44d4-40da-9b1b-fd170634e70a@group-69CF5BDEF1F3-SegmentedRaftLogWorker] INFO  segmented.SegmentedRaftLogWorker (SegmentedRaftLogWorker.java:execute(533)) - 2e9fa5e4-44d4-40da-9b1b-fd170634e70a@group-69CF5BDEF1F3-SegmentedRaftLogWorker: Rolled log segment from /workdir/hadoop-ozone/integration-test/target/test-dir/MiniOzoneClusterImpl-06fd8024-f1f0-4e91-aaba-ceaeb81d3c97/datanode-2/data/ratis/680db324-aa0d-44e6-9159-69cf5bdef1f3/current/log_inprogress_0 to /workdir/hadoop-ozone/integration-test/target/test-dir/MiniOzoneClusterImpl-06fd8024-f1f0-4e91-aaba-ceaeb81d3c97/datanode-2/data/ratis/680db324-aa0d-44e6-9159-69cf5bdef1f3/current/log_0-0
2019-10-15 21:44:27,059 [grpc-default-executor-4] INFO  impl.RaftServerImpl (ServerState.java:setLeader(256)) - 11421ab1-19cb-4764-b505-ce794efeb49e@group-39CA588449F8: change Leader from 11421ab1-19cb-4764-b505-ce794efeb49e to null at term 5 for updateCurrentTerm
2019-10-15 21:44:27,059 [grpc-default-executor-3] INFO  impl.RaftServerImpl (ServerState.java:setLeader(256)) - f0d7c07d-0c9c-43c9-b90d-f56b2a8a0f48@group-39CA588449F8: change Leader from 11421ab1-19cb-4764-b505-ce794efeb49e to null at term 5 for updateCurrentTerm
2019-10-15 21:44:27,059 [grpc-default-executor-4] INFO  impl.RaftServerImpl (RaftServerImpl.java:setRole(184)) - 11421ab1-19cb-4764-b505-ce794efeb49e@group-39CA588449F8: changes role from    LEADER to FOLLOWER at term 5 for recognizeCandidate:2e9fa5e4-44d4-40da-9b1b-fd170634e70a
2019-10-15 21:44:27,060 [grpc-default-executor-3] INFO  impl.RaftServerImpl (RaftServerImpl.java:setRole(184)) - f0d7c07d-0c9c-43c9-b90d-f56b2a8a0f48@group-39CA588449F8: changes role from  FOLLOWER to FOLLOWER at term 5 for recognizeCandidate:2e9fa5e4-44d4-40da-9b1b-fd170634e70a
2019-10-15 21:44:27,061 [grpc-default-executor-4] INFO  impl.RoleInfo (RoleInfo.java:shutdownLeaderState(104)) - 11421ab1-19cb-4764-b505-ce794efeb49e: shutdown LeaderState
2019-10-15 21:44:27,061 [grpc-default-executor-3] INFO  impl.RoleInfo (RoleInfo.java:shutdownFollowerState(121)) - f0d7c07d-0c9c-43c9-b90d-f56b2a8a0f48: shutdown FollowerState
2019-10-15 21:44:27,063 [grpc-default-executor-4] INFO  impl.PendingRequests (PendingRequests.java:sendNotLeaderResponses(202)) - 11421ab1-19cb-4764-b505-ce794efeb49e@group-39CA588449F8-PendingRequests: sendNotLeaderResponses
2019-10-15 21:44:27,063 [org.apache.ratis.server.impl.LogAppender$AppenderDaemon$$Lambda$453/123519814@188709b0] WARN  server.GrpcLogAppender (GrpcLogAppender.java:mayWait(149)) - 11421ab1-19cb-4764-b505-ce794efeb49e@group-39CA588449F8->2e9fa5e4-44d4-40da-9b1b-fd170634e70a-GrpcLogAppender: Wait interrupted by java.lang.InterruptedException
2019-10-15 21:44:27,063 [Thread-235] INFO  impl.FollowerState (FollowerState.java:run(117)) - f0d7c07d-0c9c-43c9-b90d-f56b2a8a0f48@group-39CA588449F8-FollowerState was interrupted: java.lang.InterruptedException: sleep interrupted
2019-10-15 21:44:27,063 [grpc-default-executor-3] INFO  impl.RoleInfo (RoleInfo.java:updateAndGet(143)) - f0d7c07d-0c9c-43c9-b90d-f56b2a8a0f48: start FollowerState
2019-10-15 21:44:27,063 [org.apache.ratis.server.impl.LogAppender$AppenderDaemon$$Lambda$453/123519814@29d5f13c] WARN  server.GrpcLogAppender (GrpcLogAppender.java:mayWait(149)) - 11421ab1-19cb-4764-b505-ce794efeb49e@group-39CA588449F8->f0d7c07d-0c9c-43c9-b90d-f56b2a8a0f48-GrpcLogAppender: Wait interrupted by java.lang.InterruptedException
2019-10-15 21:44:27,068 [Thread-562] INFO  client.GrpcClientProtocolService (GrpcClientProtocolService.java:lambda$processClientRequest$0(278)) - Failed RaftClientRequest:client-D0B527BDC3D7->11421ab1-19cb-4764-b505-ce794efeb49e@group-39CA588449F8, cid=10, seq=0, Watch-ALL_COMMITTED(6), Message:<EMPTY>, reply=RaftClientReply:client-D0B527BDC3D7->11421ab1-19cb-4764-b505-ce794efeb49e@group-39CA588449F8, cid=10, FAILED org.apache.ratis.protocol.NotLeaderException: Server 11421ab1-19cb-4764-b505-ce794efeb49e@group-39CA588449F8 is not the leader, logIndex=0, commits[11421ab1-19cb-4764-b505-ce794efeb49e:c10, 2e9fa5e4-44d4-40da-9b1b-fd170634e70a:c4, f0d7c07d-0c9c-43c9-b90d-f56b2a8a0f48:c10]
2019-10-15 21:44:27,069 [grpc-default-executor-4] INFO  impl.RoleInfo (RoleInfo.java:updateAndGet(143)) - 11421ab1-19cb-4764-b505-ce794efeb49e: start FollowerState
2019-10-15 21:44:27,070 [grpc-default-executor-2] INFO  server.GrpcServerProtocolService (GrpcServerProtocolService.java:onCompleted(113)) - f0d7c07d-0c9c-43c9-b90d-f56b2a8a0f48: Completed APPEND_ENTRIES, lastRequest: 11421ab1-19cb-4764-b505-ce794efeb49e->f0d7c07d-0c9c-43c9-b90d-f56b2a8a0f48#51-t4, previous=(t:4, i:10), leaderCommit=10, initializing? false, entries: <empty>
2019-10-15 21:44:27,072 [2e9fa5e4-44d4-40da-9b1b-fd170634e70a@group-69CF5BDEF1F3-SegmentedRaftLogWorker] INFO  segmented.SegmentedRaftLogWorker (SegmentedRaftLogWorker.java:execute(576)) - 2e9fa5e4-44d4-40da-9b1b-fd170634e70a@group-69CF5BDEF1F3-SegmentedRaftLogWorker: created new log segment /workdir/hadoop-ozone/integration-test/target/test-dir/MiniOzoneClusterImpl-06fd8024-f1f0-4e91-aaba-ceaeb81d3c97/datanode-2/data/ratis/680db324-aa0d-44e6-9159-69cf5bdef1f3/current/log_inprogress_1
2019-10-15 21:44:27,073 [grpc-default-executor-5] INFO  server.GrpcLogAppender (GrpcLogAppender.java:onCompleted(308)) - 11421ab1-19cb-4764-b505-ce794efeb49e@group-39CA588449F8->f0d7c07d-0c9c-43c9-b90d-f56b2a8a0f48-AppendLogResponseHandler: follower responses appendEntries COMPLETED
2019-10-15 21:44:27,076 [grpc-default-executor-5] INFO  impl.FollowerInfo (FollowerInfo.java:lambda$new$0(51)) - 11421ab1-19cb-4764-b505-ce794efeb49e@group-39CA588449F8->f0d7c07d-0c9c-43c9-b90d-f56b2a8a0f48: nextIndex: updateUnconditionally 11 -> 10
2019-10-15 21:44:27,088 [2e9fa5e4-44d4-40da-9b1b-fd170634e70a@group-39CA588449F8-LeaderElection7] INFO  impl.LeaderElection (LeaderElection.java:logAndReturn(56)) - 2e9fa5e4-44d4-40da-9b1b-fd170634e70a@group-39CA588449F8-LeaderElection7: Election REJECTED; received 2 response(s) [2e9fa5e4-44d4-40da-9b1b-fd170634e70a<-11421ab1-19cb-4764-b505-ce794efeb49e#0:FAIL-t5, 2e9fa5e4-44d4-40da-9b1b-fd170634e70a<-f0d7c07d-0c9c-43c9-b90d-f56b2a8a0f48#0:FAIL-t5] and 0 exception(s); 2e9fa5e4-44d4-40da-9b1b-fd170634e70a@group-39CA588449F8:t5, leader=null, voted=2e9fa5e4-44d4-40da-9b1b-fd170634e70a, raftlog=2e9fa5e4-44d4-40da-9b1b-fd170634e70a@group-39CA588449F8-SegmentedRaftLog:OPENED:c3,f4,i4, conf=0: [2e9fa5e4-44d4-40da-9b1b-fd170634e70a:192.168.34.60:33194, 11421ab1-19cb-4764-b505-ce794efeb49e:192.168.34.60:42577, f0d7c07d-0c9c-43c9-b90d-f56b2a8a0f48:192.168.34.60:40619], old=null
2019-10-15 21:44:27,088 [2e9fa5e4-44d4-40da-9b1b-fd170634e70a@group-39CA588449F8-LeaderElection7] INFO  impl.RaftServerImpl (RaftServerImpl.java:setRole(184)) - 2e9fa5e4-44d4-40da-9b1b-fd170634e70a@group-39CA588449F8: changes role from CANDIDATE to FOLLOWER at term 5 for DISCOVERED_A_NEW_TERM
2019-10-15 21:44:27,088 [2e9fa5e4-44d4-40da-9b1b-fd170634e70a@group-39CA588449F8-LeaderElection7] INFO  impl.RoleInfo (RoleInfo.java:shutdownLeaderElection(134)) - 2e9fa5e4-44d4-40da-9b1b-fd170634e70a: shutdown LeaderElection
2019-10-15 21:44:27,088 [2e9fa5e4-44d4-40da-9b1b-fd170634e70a@group-39CA588449F8-LeaderElection7] INFO  impl.RoleInfo (RoleInfo.java:updateAndGet(143)) - 2e9fa5e4-44d4-40da-9b1b-fd170634e70a: start FollowerState
2019-10-15 21:44:27,151 [Thread-565] INFO  impl.FollowerState (FollowerState.java:run(108)) - 2e9fa5e4-44d4-40da-9b1b-fd170634e70a@group-39CA588449F8-FollowerState: change to CANDIDATE, lastRpcTime:62ms, electionTimeout:62ms
2019-10-15 21:44:27,152 [Thread-565] INFO  impl.RoleInfo (RoleInfo.java:shutdownFollowerState(121)) - 2e9fa5e4-44d4-40da-9b1b-fd170634e70a: shutdown FollowerState
2019-10-15 21:44:27,152 [Thread-565] INFO  impl.RaftServerImpl (RaftServerImpl.java:setRole(184)) - 2e9fa5e4-44d4-40da-9b1b-fd170634e70a@group-39CA588449F8: changes role from  FOLLOWER to CANDIDATE at term 5 for changeToCandidate
2019-10-15 21:44:27,152 [Thread-565] INFO  impl.RoleInfo (RoleInfo.java:updateAndGet(143)) - 2e9fa5e4-44d4-40da-9b1b-fd170634e70a: start LeaderElection
2019-10-15 21:44:27,166 [2e9fa5e4-44d4-40da-9b1b-fd170634e70a@group-39CA588449F8-LeaderElection9] INFO  impl.LeaderElection (LeaderElection.java:askForVotes(178)) - 2e9fa5e4-44d4-40da-9b1b-fd170634e70a@group-39CA588449F8-LeaderElection9: begin an election at term 6 for 0: [2e9fa5e4-44d4-40da-9b1b-fd170634e70a:192.168.34.60:33194, 11421ab1-19cb-4764-b505-ce794efeb49e:192.168.34.60:42577, f0d7c07d-0c9c-43c9-b90d-f56b2a8a0f48:192.168.34.60:40619], old=null
2019-10-15 21:44:27,277 [2e9fa5e4-44d4-40da-9b1b-fd170634e70a@group-39CA588449F8-LeaderElection9] INFO  impl.LeaderElection (LeaderElection.java:logAndReturn(56)) - 2e9fa5e4-44d4-40da-9b1b-fd170634e70a@group-39CA588449F8-LeaderElection9: Election TIMEOUT; received 0 response(s) [] and 0 exception(s); 2e9fa5e4-44d4-40da-9b1b-fd170634e70a@group-39CA588449F8:t6, leader=null, voted=2e9fa5e4-44d4-40da-9b1b-fd170634e70a, raftlog=2e9fa5e4-44d4-40da-9b1b-fd170634e70a@group-39CA588449F8-SegmentedRaftLog:OPENED:c3,f4,i4, conf=0: [2e9fa5e4-44d4-40da-9b1b-fd170634e70a:192.168.34.60:33194, 11421ab1-19cb-4764-b505-ce794efeb49e:192.168.34.60:42577, f0d7c07d-0c9c-43c9-b90d-f56b2a8a0f48:192.168.34.60:40619], old=null
2019-10-15 21:44:27,292 [grpc-default-executor-4] INFO  impl.RaftServerImpl (RaftServerImpl.java:setRole(184)) - f0d7c07d-0c9c-43c9-b90d-f56b2a8a0f48@group-39CA588449F8: changes role from  FOLLOWER to FOLLOWER at term 6 for recognizeCandidate:2e9fa5e4-44d4-40da-9b1b-fd170634e70a
2019-10-15 21:44:27,292 [grpc-default-executor-4] INFO  impl.RoleInfo (RoleInfo.java:shutdownFollowerState(121)) - f0d7c07d-0c9c-43c9-b90d-f56b2a8a0f48: shutdown FollowerState
2019-10-15 21:44:27,292 [grpc-default-executor-5] INFO  impl.RaftServerImpl (RaftServerImpl.java:setRole(184)) - 11421ab1-19cb-4764-b505-ce794efeb49e@group-39CA588449F8: changes role from  FOLLOWER to FOLLOWER at term 6 for recognizeCandidate:2e9fa5e4-44d4-40da-9b1b-fd170634e70a
2019-10-15 21:44:27,297 [Thread-561] INFO  impl.FollowerState (FollowerState.java:run(117)) - f0d7c07d-0c9c-43c9-b90d-f56b2a8a0f48@group-39CA588449F8-FollowerState was interrupted: java.lang.InterruptedException: sleep interrupted
2019-10-15 21:44:27,297 [grpc-default-executor-4] INFO  impl.RoleInfo (RoleInfo.java:updateAndGet(143)) - f0d7c07d-0c9c-43c9-b90d-f56b2a8a0f48: start FollowerState
2019-10-15 21:44:27,297 [grpc-default-executor-5] INFO  impl.RoleInfo (RoleInfo.java:shutdownFollowerState(121)) - 11421ab1-19cb-4764-b505-ce794efeb49e: shutdown FollowerState
2019-10-15 21:44:27,301 [grpc-default-executor-5] INFO  impl.RoleInfo (RoleInfo.java:updateAndGet(143)) - 11421ab1-19cb-4764-b505-ce794efeb49e: start FollowerState
2019-10-15 21:44:27,301 [Thread-563] INFO  impl.FollowerState (FollowerState.java:run(117)) - 11421ab1-19cb-4764-b505-ce794efeb49e@group-39CA588449F8-FollowerState was interrupted: java.lang.InterruptedException: sleep interrupted
2019-10-15 21:44:27,317 [2e9fa5e4-44d4-40da-9b1b-fd170634e70a@group-39CA588449F8-LeaderElection9] INFO  impl.LeaderElection (LeaderElection.java:askForVotes(178)) - 2e9fa5e4-44d4-40da-9b1b-fd170634e70a@group-39CA588449F8-LeaderElection9: begin an election at term 7 for 0: [2e9fa5e4-44d4-40da-9b1b-fd170634e70a:192.168.34.60:33194, 11421ab1-19cb-4764-b505-ce794efeb49e:192.168.34.60:42577, f0d7c07d-0c9c-43c9-b90d-f56b2a8a0f48:192.168.34.60:40619], old=null
2019-10-15 21:44:27,318 [Command processor thread] INFO  commandhandler.DeleteBlocksCommandHandler (DeleteBlocksCommandHandler.java:handle(106)) - Start to delete container blocks, TXIDs=[1(2)], numOfContainers=1, numOfBlocks=1
2019-10-15 21:44:27,324 [grpc-default-executor-5] INFO  impl.RaftServerImpl (RaftServerImpl.java:setRole(184)) - 11421ab1-19cb-4764-b505-ce794efeb49e@group-39CA588449F8: changes role from  FOLLOWER to FOLLOWER at term 7 for recognizeCandidate:2e9fa5e4-44d4-40da-9b1b-fd170634e70a
2019-10-15 21:44:27,324 [grpc-default-executor-4] INFO  impl.RaftServerImpl (RaftServerImpl.java:setRole(184)) - f0d7c07d-0c9c-43c9-b90d-f56b2a8a0f48@group-39CA588449F8: changes role from  FOLLOWER to FOLLOWER at term 7 for recognizeCandidate:2e9fa5e4-44d4-40da-9b1b-fd170634e70a
2019-10-15 21:44:27,324 [grpc-default-executor-5] INFO  impl.RoleInfo (RoleInfo.java:shutdownFollowerState(121)) - 11421ab1-19cb-4764-b505-ce794efeb49e: shutdown FollowerState
2019-10-15 21:44:27,324 [grpc-default-executor-4] INFO  impl.RoleInfo (RoleInfo.java:shutdownFollowerState(121)) - f0d7c07d-0c9c-43c9-b90d-f56b2a8a0f48: shutdown FollowerState
2019-10-15 21:44:27,324 [Thread-570] INFO  impl.FollowerState (FollowerState.java:run(117)) - 11421ab1-19cb-4764-b505-ce794efeb49e@group-39CA588449F8-FollowerState was interrupted: java.lang.InterruptedException: sleep interrupted
2019-10-15 21:44:27,324 [Thread-569] INFO  impl.FollowerState (FollowerState.java:run(117)) - f0d7c07d-0c9c-43c9-b90d-f56b2a8a0f48@group-39CA588449F8-FollowerState was interrupted: java.lang.InterruptedException: sleep interrupted
2019-10-15 21:44:27,324 [grpc-default-executor-5] INFO  impl.RoleInfo (RoleInfo.java:updateAndGet(143)) - 11421ab1-19cb-4764-b505-ce794efeb49e: start FollowerState
2019-10-15 21:44:27,324 [grpc-default-executor-4] INFO  impl.RoleInfo (RoleInfo.java:updateAndGet(143)) - f0d7c07d-0c9c-43c9-b90d-f56b2a8a0f48: start FollowerState
2019-10-15 21:44:27,344 [2e9fa5e4-44d4-40da-9b1b-fd170634e70a@group-39CA588449F8-LeaderElection9] INFO  impl.LeaderElection (LeaderElection.java:logAndReturn(56)) - 2e9fa5e4-44d4-40da-9b1b-fd170634e70a@group-39CA588449F8-LeaderElection9: Election REJECTED; received 2 response(s) [2e9fa5e4-44d4-40da-9b1b-fd170634e70a<-11421ab1-19cb-4764-b505-ce794efeb49e#0:FAIL-t7, 2e9fa5e4-44d4-40da-9b1b-fd170634e70a<-f0d7c07d-0c9c-43c9-b90d-f56b2a8a0f48#0:FAIL-t7] and 0 exception(s); 2e9fa5e4-44d4-40da-9b1b-fd170634e70a@group-39CA588449F8:t7, leader=null, voted=2e9fa5e4-44d4-40da-9b1b-fd170634e70a, raftlog=2e9fa5e4-44d4-40da-9b1b-fd170634e70a@group-39CA588449F8-SegmentedRaftLog:OPENED:c3,f4,i4, conf=0: [2e9fa5e4-44d4-40da-9b1b-fd170634e70a:192.168.34.60:33194, 11421ab1-19cb-4764-b505-ce794efeb49e:192.168.34.60:42577, f0d7c07d-0c9c-43c9-b90d-f56b2a8a0f48:192.168.34.60:40619], old=null
2019-10-15 21:44:27,344 [2e9fa5e4-44d4-40da-9b1b-fd170634e70a@group-39CA588449F8-LeaderElection9] INFO  impl.RaftServerImpl (RaftServerImpl.java:setRole(184)) - 2e9fa5e4-44d4-40da-9b1b-fd170634e70a@group-39CA588449F8: changes role from CANDIDATE to FOLLOWER at term 7 for DISCOVERED_A_NEW_TERM
2019-10-15 21:44:27,345 [2e9fa5e4-44d4-40da-9b1b-fd170634e70a@group-39CA588449F8-LeaderElection9] INFO  impl.RoleInfo (RoleInfo.java:shutdownLeaderElection(134)) - 2e9fa5e4-44d4-40da-9b1b-fd170634e70a: shutdown LeaderElection
2019-10-15 21:44:27,345 [2e9fa5e4-44d4-40da-9b1b-fd170634e70a@group-39CA588449F8-LeaderElection9] INFO  impl.RoleInfo (RoleInfo.java:updateAndGet(143)) - 2e9fa5e4-44d4-40da-9b1b-fd170634e70a: start FollowerState
2019-10-15 21:44:27,361 [pool-7-thread-2] INFO  commands.RetriableDatanodeEventWatcher (RetriableDatanodeEventWatcher.java:onTimeout(47)) - RetriableDatanodeCommand type=deleteBlocksCommand with id=1571175864360 timed out. Retrying.
2019-10-15 21:44:27,362 [pool-7-thread-1] INFO  commands.RetriableDatanodeEventWatcher (RetriableDatanodeEventWatcher.java:onTimeout(47)) - RetriableDatanodeCommand type=deleteBlocksCommand with id=1571175864362 timed out. Retrying.
2019-10-15 21:44:27,362 [pool-7-thread-1] INFO  commands.RetriableDatanodeEventWatcher (RetriableDatanodeEventWatcher.java:onTimeout(47)) - RetriableDatanodeCommand type=deleteBlocksCommand with id=1571175864358 timed out. Retrying.
2019-10-15 21:44:27,362 [SCMBlockDeletingService#0] INFO  block.SCMBlockDeletingService (SCMBlockDeletingService.java:call(184)) - Totally added 1 delete blocks command for 1 datanodes, task elapsed time: 1ms
2019-10-15 21:44:27,532 [java.util.concurrent.ThreadPoolExecutor$Worker@18284111[State = -1, empty queue]] WARN  server.GrpcLogAppender (GrpcLogAppender.java:timeoutAppendRequest(209)) - 11421ab1-19cb-4764-b505-ce794efeb49e@group-39CA588449F8->2e9fa5e4-44d4-40da-9b1b-fd170634e70a-GrpcLogAppender: appendEntries Timeout, request=11421ab1-19cb-4764-b505-ce794efeb49e->2e9fa5e4-44d4-40da-9b1b-fd170634e70a#51-t4, previous=(t:4, i:10), leaderCommit=10, initializing? false, entries: <empty>
2019-10-15 21:44:27,535 [Thread-575] INFO  impl.FollowerState (FollowerState.java:run(108)) - 2e9fa5e4-44d4-40da-9b1b-fd170634e70a@group-39CA588449F8-FollowerState: change to CANDIDATE, lastRpcTime:190ms, electionTimeout:189ms
2019-10-15 21:44:27,536 [Thread-575] INFO  impl.RoleInfo (RoleInfo.java:shutdownFollowerState(121)) - 2e9fa5e4-44d4-40da-9b1b-fd170634e70a: shutdown FollowerState
2019-10-15 21:44:27,536 [Thread-575] INFO  impl.RaftServerImpl (RaftServerImpl.java:setRole(184)) - 2e9fa5e4-44d4-40da-9b1b-fd170634e70a@group-39CA588449F8: changes role from  FOLLOWER to CANDIDATE at term 7 for changeToCandidate
2019-10-15 21:44:27,536 [Thread-575] INFO  impl.RoleInfo (RoleInfo.java:updateAndGet(143)) - 2e9fa5e4-44d4-40da-9b1b-fd170634e70a: start LeaderElection
2019-10-15 21:44:27,551 [2e9fa5e4-44d4-40da-9b1b-fd170634e70a@group-39CA588449F8-LeaderElection10] INFO  impl.LeaderElection (LeaderElection.java:askForVotes(178)) - 2e9fa5e4-44d4-40da-9b1b-fd170634e70a@group-39CA588449F8-LeaderElection10: begin an election at term 8 for 0: [2e9fa5e4-44d4-40da-9b1b-fd170634e70a:192.168.34.60:33194, 11421ab1-19cb-4764-b505-ce794efeb49e:192.168.34.60:42577, f0d7c07d-0c9c-43c9-b90d-f56b2a8a0f48:192.168.34.60:40619], old=null
2019-10-15 21:44:27,555 [grpc-default-executor-4] INFO  impl.RaftServerImpl (RaftServerImpl.java:setRole(184)) - 11421ab1-19cb-4764-b505-ce794efeb49e@group-39CA588449F8: changes role from  FOLLOWER to FOLLOWER at term 8 for recognizeCandidate:2e9fa5e4-44d4-40da-9b1b-fd170634e70a
2019-10-15 21:44:27,555 [grpc-default-executor-5] INFO  impl.RaftServerImpl (RaftServerImpl.java:setRole(184)) - f0d7c07d-0c9c-43c9-b90d-f56b2a8a0f48@group-39CA588449F8: changes role from  FOLLOWER to FOLLOWER at term 8 for recognizeCandidate:2e9fa5e4-44d4-40da-9b1b-fd170634e70a
2019-10-15 21:44:27,555 [grpc-default-executor-4] INFO  impl.RoleInfo (RoleInfo.java:shutdownFollowerState(121)) - 11421ab1-19cb-4764-b505-ce794efeb49e: shutdown FollowerState
2019-10-15 21:44:27,556 [grpc-default-executor-5] INFO  impl.RoleInfo (RoleInfo.java:shutdownFollowerState(121)) - f0d7c07d-0c9c-43c9-b90d-f56b2a8a0f48: shutdown FollowerState
2019-10-15 21:44:27,556 [grpc-default-executor-4] INFO  impl.RoleInfo (RoleInfo.java:updateAndGet(143)) - 11421ab1-19cb-4764-b505-ce794efeb49e: start FollowerState
2019-10-15 21:44:27,556 [Thread-573] INFO  impl.FollowerState (FollowerState.java:run(117)) - 11421ab1-19cb-4764-b505-ce794efeb49e@group-39CA588449F8-FollowerState was interrupted: java.lang.InterruptedException: sleep interrupted
2019-10-15 21:44:27,556 [Thread-574] INFO  impl.FollowerState (FollowerState.java:run(117)) - f0d7c07d-0c9c-43c9-b90d-f56b2a8a0f48@group-39CA588449F8-FollowerState was interrupted: java.lang.InterruptedException: sleep interrupted
2019-10-15 21:44:27,556 [grpc-default-executor-5] INFO  impl.RoleInfo (RoleInfo.java:updateAndGet(143)) - f0d7c07d-0c9c-43c9-b90d-f56b2a8a0f48: start FollowerState
2019-10-15 21:44:27,567 [2e9fa5e4-44d4-40da-9b1b-fd170634e70a@group-39CA588449F8-LeaderElection10] INFO  impl.LeaderElection (LeaderElection.java:logAndReturn(56)) - 2e9fa5e4-44d4-40da-9b1b-fd170634e70a@group-39CA588449F8-LeaderElection10: Election REJECTED; received 2 response(s) [2e9fa5e4-44d4-40da-9b1b-fd170634e70a<-11421ab1-19cb-4764-b505-ce794efeb49e#0:FAIL-t8, 2e9fa5e4-44d4-40da-9b1b-fd170634e70a<-f0d7c07d-0c9c-43c9-b90d-f56b2a8a0f48#0:FAIL-t8] and 0 exception(s); 2e9fa5e4-44d4-40da-9b1b-fd170634e70a@group-39CA588449F8:t8, leader=null, voted=2e9fa5e4-44d4-40da-9b1b-fd170634e70a, raftlog=2e9fa5e4-44d4-40da-9b1b-fd170634e70a@group-39CA588449F8-SegmentedRaftLog:OPENED:c3,f4,i4, conf=0: [2e9fa5e4-44d4-40da-9b1b-fd170634e70a:192.168.34.60:33194, 11421ab1-19cb-4764-b505-ce794efeb49e:192.168.34.60:42577, f0d7c07d-0c9c-43c9-b90d-f56b2a8a0f48:192.168.34.60:40619], old=null
2019-10-15 21:44:27,567 [2e9fa5e4-44d4-40da-9b1b-fd170634e70a@group-39CA588449F8-LeaderElection10] INFO  impl.RaftServerImpl (RaftServerImpl.java:setRole(184)) - 2e9fa5e4-44d4-40da-9b1b-fd170634e70a@group-39CA588449F8: changes role from CANDIDATE to FOLLOWER at term 8 for DISCOVERED_A_NEW_TERM
2019-10-15 21:44:27,569 [2e9fa5e4-44d4-40da-9b1b-fd170634e70a@group-39CA588449F8-LeaderElection10] INFO  impl.RoleInfo (RoleInfo.java:shutdownLeaderElection(134)) - 2e9fa5e4-44d4-40da-9b1b-fd170634e70a: shutdown LeaderElection
2019-10-15 21:44:27,569 [2e9fa5e4-44d4-40da-9b1b-fd170634e70a@group-39CA588449F8-LeaderElection10] INFO  impl.RoleInfo (RoleInfo.java:updateAndGet(143)) - 2e9fa5e4-44d4-40da-9b1b-fd170634e70a: start FollowerState
2019-10-15 21:44:27,578 [BlockDeletingService#2] WARN  background.BlockDeletingService (BlockDeletingService.java:isDeletionAllowed(187)) - Close Container log Index 6 is not replicated across allthe servers in the pipeline a3e553f0-b812-4dfc-8692-39ca588449f8 as the min replicated index is 4. Deletion is not allowed in this container yet.
2019-10-15 21:44:27,580 [EventQueue-DeleteBlockStatusForEventWatcher$$Lambda$30/637241618] WARN  events.EventWatcher (EventWatcher.java:lambda$start$0(110)) - Completion event without active lease. Id=1571175864361
2019-10-15 21:44:27,578 [BlockDeletingService#2] WARN  background.BlockDeletingService (BlockDeletingService.java:isDeletionAllowed(187)) - Close Container log Index 6 is not replicated across allthe servers in the pipeline a3e553f0-b812-4dfc-8692-39ca588449f8 as the min replicated index is 4. Deletion is not allowed in this container yet.
2019-10-15 21:44:27,704 [Thread-581] INFO  impl.FollowerState (FollowerState.java:run(108)) - 2e9fa5e4-44d4-40da-9b1b-fd170634e70a@group-39CA588449F8-FollowerState: change to CANDIDATE, lastRpcTime:135ms, electionTimeout:134ms
2019-10-15 21:44:27,704 [Thread-581] INFO  impl.RoleInfo (RoleInfo.java:shutdownFollowerState(121)) - 2e9fa5e4-44d4-40da-9b1b-fd170634e70a: shutdown FollowerState
2019-10-15 21:44:27,704 [Thread-581] INFO  impl.RaftServerImpl (RaftServerImpl.java:setRole(184)) - 2e9fa5e4-44d4-40da-9b1b-fd170634e70a@group-39CA588449F8: changes role from  FOLLOWER to CANDIDATE at term 8 for changeToCandidate
2019-10-15 21:44:27,705 [Thread-581] INFO  impl.RoleInfo (RoleInfo.java:updateAndGet(143)) - 2e9fa5e4-44d4-40da-9b1b-fd170634e70a: start LeaderElection
2019-10-15 21:44:27,720 [2e9fa5e4-44d4-40da-9b1b-fd170634e70a@group-39CA588449F8-LeaderElection11] INFO  impl.LeaderElection (LeaderElection.java:askForVotes(178)) - 2e9fa5e4-44d4-40da-9b1b-fd170634e70a@group-39CA588449F8-LeaderElection11: begin an election at term 9 for 0: [2e9fa5e4-44d4-40da-9b1b-fd170634e70a:192.168.34.60:33194, 11421ab1-19cb-4764-b505-ce794efeb49e:192.168.34.60:42577, f0d7c07d-0c9c-43c9-b90d-f56b2a8a0f48:192.168.34.60:40619], old=null
2019-10-15 21:44:27,724 [grpc-default-executor-5] INFO  impl.RaftServerImpl (RaftServerImpl.java:setRole(184)) - f0d7c07d-0c9c-43c9-b90d-f56b2a8a0f48@group-39CA588449F8: changes role from  FOLLOWER to FOLLOWER at term 9 for recognizeCandidate:2e9fa5e4-44d4-40da-9b1b-fd170634e70a
2019-10-15 21:44:27,724 [grpc-default-executor-4] INFO  impl.RaftServerImpl (RaftServerImpl.java:setRole(184)) - 11421ab1-19cb-4764-b505-ce794efeb49e@group-39CA588449F8: changes role from  FOLLOWER to FOLLOWER at term 9 for recognizeCandidate:2e9fa5e4-44d4-40da-9b1b-fd170634e70a
2019-10-15 21:44:27,724 [grpc-default-executor-5] INFO  impl.RoleInfo (RoleInfo.java:shutdownFollowerState(121)) - f0d7c07d-0c9c-43c9-b90d-f56b2a8a0f48: shutdown FollowerState
2019-10-15 21:44:27,725 [grpc-default-executor-4] INFO  impl.RoleInfo (RoleInfo.java:shutdownFollowerState(121)) - 11421ab1-19cb-4764-b505-ce794efeb49e: shutdown FollowerState
2019-10-15 21:44:27,725 [grpc-default-executor-5] INFO  impl.RoleInfo (RoleInfo.java:updateAndGet(143)) - f0d7c07d-0c9c-43c9-b90d-f56b2a8a0f48: start FollowerState
2019-10-15 21:44:27,725 [Thread-580] INFO  impl.FollowerState (FollowerState.java:run(117)) - f0d7c07d-0c9c-43c9-b90d-f56b2a8a0f48@group-39CA588449F8-FollowerState was interrupted: java.lang.InterruptedException: sleep interrupted
2019-10-15 21:44:27,725 [Thread-579] INFO  impl.FollowerState (FollowerState.java:run(117)) - 11421ab1-19cb-4764-b505-ce794efeb49e@group-39CA588449F8-FollowerState was interrupted: java.lang.InterruptedException: sleep interrupted
2019-10-15 21:44:27,725 [grpc-default-executor-4] INFO  impl.RoleInfo (RoleInfo.java:updateAndGet(143)) - 11421ab1-19cb-4764-b505-ce794efeb49e: start FollowerState
2019-10-15 21:44:27,742 [2e9fa5e4-44d4-40da-9b1b-fd170634e70a@group-39CA588449F8-LeaderElection11] INFO  impl.LeaderElection (LeaderElection.java:logAndReturn(56)) - 2e9fa5e4-44d4-40da-9b1b-fd170634e70a@group-39CA588449F8-LeaderElection11: Election REJECTED; received 2 response(s) [2e9fa5e4-44d4-40da-9b1b-fd170634e70a<-11421ab1-19cb-4764-b505-ce794efeb49e#0:FAIL-t9, 2e9fa5e4-44d4-40da-9b1b-fd170634e70a<-f0d7c07d-0c9c-43c9-b90d-f56b2a8a0f48#0:FAIL-t9] and 0 exception(s); 2e9fa5e4-44d4-40da-9b1b-fd170634e70a@group-39CA588449F8:t9, leader=null, voted=2e9fa5e4-44d4-40da-9b1b-fd170634e70a, raftlog=2e9fa5e4-44d4-40da-9b1b-fd170634e70a@group-39CA588449F8-SegmentedRaftLog:OPENED:c3,f4,i4, conf=0: [2e9fa5e4-44d4-40da-9b1b-fd170634e70a:192.168.34.60:33194, 11421ab1-19cb-4764-b505-ce794efeb49e:192.168.34.60:42577, f0d7c07d-0c9c-43c9-b90d-f56b2a8a0f48:192.168.34.60:40619], old=null
2019-10-15 21:44:27,742 [2e9fa5e4-44d4-40da-9b1b-fd170634e70a@group-39CA588449F8-LeaderElection11] INFO  impl.RaftServerImpl (RaftServerImpl.java:setRole(184)) - 2e9fa5e4-44d4-40da-9b1b-fd170634e70a@group-39CA588449F8: changes role from CANDIDATE to FOLLOWER at term 9 for DISCOVERED_A_NEW_TERM
2019-10-15 21:44:27,743 [2e9fa5e4-44d4-40da-9b1b-fd170634e70a@group-39CA588449F8-LeaderElection11] INFO  impl.RoleInfo (RoleInfo.java:shutdownLeaderElection(134)) - 2e9fa5e4-44d4-40da-9b1b-fd170634e70a: shutdown LeaderElection
2019-10-15 21:44:27,744 [2e9fa5e4-44d4-40da-9b1b-fd170634e70a@group-39CA588449F8-LeaderElection11] INFO  impl.RoleInfo (RoleInfo.java:updateAndGet(143)) - 2e9fa5e4-44d4-40da-9b1b-fd170634e70a: start FollowerState
2019-10-15 21:44:27,821 [Thread-589] INFO  impl.FollowerState (FollowerState.java:run(108)) - 2e9fa5e4-44d4-40da-9b1b-fd170634e70a@group-39CA588449F8-FollowerState: change to CANDIDATE, lastRpcTime:77ms, electionTimeout:76ms
2019-10-15 21:44:27,822 [Thread-589] INFO  impl.RoleInfo (RoleInfo.java:shutdownFollowerState(121)) - 2e9fa5e4-44d4-40da-9b1b-fd170634e70a: shutdown FollowerState
2019-10-15 21:44:27,822 [Thread-589] INFO  impl.RaftServerImpl (RaftServerImpl.java:setRole(184)) - 2e9fa5e4-44d4-40da-9b1b-fd170634e70a@group-39CA588449F8: changes role from  FOLLOWER to CANDIDATE at term 9 for changeToCandidate
2019-10-15 21:44:27,822 [Thread-589] INFO  impl.RoleInfo (RoleInfo.java:updateAndGet(143)) - 2e9fa5e4-44d4-40da-9b1b-fd170634e70a: start LeaderElection
2019-10-15 21:44:27,837 [2e9fa5e4-44d4-40da-9b1b-fd170634e70a@group-39CA588449F8-LeaderElection12] INFO  impl.LeaderElection (LeaderElection.java:askForVotes(178)) - 2e9fa5e4-44d4-40da-9b1b-fd170634e70a@group-39CA588449F8-LeaderElection12: begin an election at term 10 for 0: [2e9fa5e4-44d4-40da-9b1b-fd170634e70a:192.168.34.60:33194, 11421ab1-19cb-4764-b505-ce794efeb49e:192.168.34.60:42577, f0d7c07d-0c9c-43c9-b90d-f56b2a8a0f48:192.168.34.60:40619], old=null
2019-10-15 21:44:27,841 [grpc-default-executor-4] INFO  impl.RaftServerImpl (RaftServerImpl.java:setRole(184)) - 11421ab1-19cb-4764-b505-ce794efeb49e@group-39CA588449F8: changes role from  FOLLOWER to FOLLOWER at term 10 for recognizeCandidate:2e9fa5e4-44d4-40da-9b1b-fd170634e70a
2019-10-15 21:44:27,841 [grpc-default-executor-5] INFO  impl.RaftServerImpl (RaftServerImpl.java:setRole(184)) - f0d7c07d-0c9c-43c9-b90d-f56b2a8a0f48@group-39CA588449F8: changes role from  FOLLOWER to FOLLOWER at term 10 for recognizeCandidate:2e9fa5e4-44d4-40da-9b1b-fd170634e70a
2019-10-15 21:44:27,842 [grpc-default-executor-4] INFO  impl.RoleInfo (RoleInfo.java:shutdownFollowerState(121)) - 11421ab1-19cb-4764-b505-ce794efeb49e: shutdown FollowerState
2019-10-15 21:44:27,842 [grpc-default-executor-5] INFO  impl.RoleInfo (RoleInfo.java:shutdownFollowerState(121)) - f0d7c07d-0c9c-43c9-b90d-f56b2a8a0f48: shutdown FollowerState
2019-10-15 21:44:27,842 [Thread-588] INFO  impl.FollowerState (FollowerState.java:run(117)) - 11421ab1-19cb-4764-b505-ce794efeb49e@group-39CA588449F8-FollowerState was interrupted: java.lang.InterruptedException: sleep interrupted
2019-10-15 21:44:27,842 [Thread-587] INFO  impl.FollowerState (FollowerState.java:run(117)) - f0d7c07d-0c9c-43c9-b90d-f56b2a8a0f48@group-39CA588449F8-FollowerState was interrupted: java.lang.InterruptedException: sleep interrupted
2019-10-15 21:44:27,842 [grpc-default-executor-4] INFO  impl.RoleInfo (RoleInfo.java:updateAndGet(143)) - 11421ab1-19cb-4764-b505-ce794efeb49e: start FollowerState
2019-10-15 21:44:27,842 [grpc-default-executor-5] INFO  impl.RoleInfo (RoleInfo.java:updateAndGet(143)) - f0d7c07d-0c9c-43c9-b90d-f56b2a8a0f48: start FollowerState
2019-10-15 21:44:27,854 [2e9fa5e4-44d4-40da-9b1b-fd170634e70a@group-39CA588449F8-LeaderElection12] INFO  impl.LeaderElection (LeaderElection.java:logAndReturn(56)) - 2e9fa5e4-44d4-40da-9b1b-fd170634e70a@group-39CA588449F8-LeaderElection12: Election REJECTED; received 2 response(s) [2e9fa5e4-44d4-40da-9b1b-fd170634e70a<-11421ab1-19cb-4764-b505-ce794efeb49e#0:FAIL-t10, 2e9fa5e4-44d4-40da-9b1b-fd170634e70a<-f0d7c07d-0c9c-43c9-b90d-f56b2a8a0f48#0:FAIL-t10] and 0 exception(s); 2e9fa5e4-44d4-40da-9b1b-fd170634e70a@group-39CA588449F8:t10, leader=null, voted=2e9fa5e4-44d4-40da-9b1b-fd170634e70a, raftlog=2e9fa5e4-44d4-40da-9b1b-fd170634e70a@group-39CA588449F8-SegmentedRaftLog:OPENED:c3,f4,i4, conf=0: [2e9fa5e4-44d4-40da-9b1b-fd170634e70a:192.168.34.60:33194, 11421ab1-19cb-4764-b505-ce794efeb49e:192.168.34.60:42577, f0d7c07d-0c9c-43c9-b90d-f56b2a8a0f48:192.168.34.60:40619], old=null
2019-10-15 21:44:27,855 [2e9fa5e4-44d4-40da-9b1b-fd170634e70a@group-39CA588449F8-LeaderElection12] INFO  impl.RaftServerImpl (RaftServerImpl.java:setRole(184)) - 2e9fa5e4-44d4-40da-9b1b-fd170634e70a@group-39CA588449F8: changes role from CANDIDATE to FOLLOWER at term 10 for DISCOVERED_A_NEW_TERM
2019-10-15 21:44:27,856 [2e9fa5e4-44d4-40da-9b1b-fd170634e70a@group-39CA588449F8-LeaderElection12] INFO  impl.RoleInfo (RoleInfo.java:shutdownLeaderElection(134)) - 2e9fa5e4-44d4-40da-9b1b-fd170634e70a: shutdown LeaderElection
2019-10-15 21:44:27,856 [2e9fa5e4-44d4-40da-9b1b-fd170634e70a@group-39CA588449F8-LeaderElection12] INFO  impl.RoleInfo (RoleInfo.java:updateAndGet(143)) - 2e9fa5e4-44d4-40da-9b1b-fd170634e70a: start FollowerState
2019-10-15 21:44:27,872 [Thread-596] INFO  impl.FollowerState (FollowerState.java:run(108)) - 2e9fa5e4-44d4-40da-9b1b-fd170634e70a@group-39CA588449F8-FollowerState: change to CANDIDATE, lastRpcTime:16ms, electionTimeout:15ms
2019-10-15 21:44:27,873 [Thread-596] INFO  impl.RoleInfo (RoleInfo.java:shutdownFollowerState(121)) - 2e9fa5e4-44d4-40da-9b1b-fd170634e70a: shutdown FollowerState
2019-10-15 21:44:27,873 [Thread-596] INFO  impl.RaftServerImpl (RaftServerImpl.java:setRole(184)) - 2e9fa5e4-44d4-40da-9b1b-fd170634e70a@group-39CA588449F8: changes role from  FOLLOWER to CANDIDATE at term 10 for changeToCandidate
2019-10-15 21:44:27,874 [Thread-596] INFO  impl.RoleInfo (RoleInfo.java:updateAndGet(143)) - 2e9fa5e4-44d4-40da-9b1b-fd170634e70a: start LeaderElection
2019-10-15 21:44:27,888 [2e9fa5e4-44d4-40da-9b1b-fd170634e70a@group-39CA588449F8-LeaderElection13] INFO  impl.LeaderElection (LeaderElection.java:askForVotes(178)) - 2e9fa5e4-44d4-40da-9b1b-fd170634e70a@group-39CA588449F8-LeaderElection13: begin an election at term 11 for 0: [2e9fa5e4-44d4-40da-9b1b-fd170634e70a:192.168.34.60:33194, 11421ab1-19cb-4764-b505-ce794efeb49e:192.168.34.60:42577, f0d7c07d-0c9c-43c9-b90d-f56b2a8a0f48:192.168.34.60:40619], old=null
2019-10-15 21:44:27,893 [grpc-default-executor-5] INFO  impl.RaftServerImpl (RaftServerImpl.java:setRole(184)) - 11421ab1-19cb-4764-b505-ce794efeb49e@group-39CA588449F8: changes role from  FOLLOWER to FOLLOWER at term 11 for recognizeCandidate:2e9fa5e4-44d4-40da-9b1b-fd170634e70a
2019-10-15 21:44:27,893 [grpc-default-executor-5] INFO  impl.RoleInfo (RoleInfo.java:shutdownFollowerState(121)) - 11421ab1-19cb-4764-b505-ce794efeb49e: shutdown FollowerState
2019-10-15 21:44:27,893 [grpc-default-executor-4] INFO  impl.RaftServerImpl (RaftServerImpl.java:setRole(184)) - f0d7c07d-0c9c-43c9-b90d-f56b2a8a0f48@group-39CA588449F8: changes role from  FOLLOWER to FOLLOWER at term 11 for recognizeCandidate:2e9fa5e4-44d4-40da-9b1b-fd170634e70a
2019-10-15 21:44:27,893 [Thread-594] INFO  impl.FollowerState (FollowerState.java:run(117)) - 11421ab1-19cb-4764-b505-ce794efeb49e@group-39CA588449F8-FollowerState was interrupted: java.lang.InterruptedException: sleep interrupted
2019-10-15 21:44:27,893 [grpc-default-executor-5] INFO  impl.RoleInfo (RoleInfo.java:updateAndGet(143)) - 11421ab1-19cb-4764-b505-ce794efeb49e: start FollowerState
2019-10-15 21:44:27,893 [grpc-default-executor-4] INFO  impl.RoleInfo (RoleInfo.java:shutdownFollowerState(121)) - f0d7c07d-0c9c-43c9-b90d-f56b2a8a0f48: shutdown FollowerState
2019-10-15 21:44:27,895 [grpc-default-executor-4] INFO  impl.RoleInfo (RoleInfo.java:updateAndGet(143)) - f0d7c07d-0c9c-43c9-b90d-f56b2a8a0f48: start FollowerState
2019-10-15 21:44:27,895 [Thread-595] INFO  impl.FollowerState (FollowerState.java:run(117)) - f0d7c07d-0c9c-43c9-b90d-f56b2a8a0f48@group-39CA588449F8-FollowerState was interrupted: java.lang.InterruptedException: sleep interrupted
2019-10-15 21:44:27,911 [2e9fa5e4-44d4-40da-9b1b-fd170634e70a@group-39CA588449F8-LeaderElection13] INFO  impl.LeaderElection (LeaderElection.java:logAndReturn(56)) - 2e9fa5e4-44d4-40da-9b1b-fd170634e70a@group-39CA588449F8-LeaderElection13: Election REJECTED; received 2 response(s) [2e9fa5e4-44d4-40da-9b1b-fd170634e70a<-11421ab1-19cb-4764-b505-ce794efeb49e#0:FAIL-t11, 2e9fa5e4-44d4-40da-9b1b-fd170634e70a<-f0d7c07d-0c9c-43c9-b90d-f56b2a8a0f48#0:FAIL-t11] and 0 exception(s); 2e9fa5e4-44d4-40da-9b1b-fd170634e70a@group-39CA588449F8:t11, leader=null, voted=2e9fa5e4-44d4-40da-9b1b-fd170634e70a, raftlog=2e9fa5e4-44d4-40da-9b1b-fd170634e70a@group-39CA588449F8-SegmentedRaftLog:OPENED:c3,f4,i4, conf=0: [2e9fa5e4-44d4-40da-9b1b-fd170634e70a:192.168.34.60:33194, 11421ab1-19cb-4764-b505-ce794efeb49e:192.168.34.60:42577, f0d7c07d-0c9c-43c9-b90d-f56b2a8a0f48:192.168.34.60:40619], old=null
2019-10-15 21:44:27,911 [2e9fa5e4-44d4-40da-9b1b-fd170634e70a@group-39CA588449F8-LeaderElection13] INFO  impl.RaftServerImpl (RaftServerImpl.java:setRole(184)) - 2e9fa5e4-44d4-40da-9b1b-fd170634e70a@group-39CA588449F8: changes role from CANDIDATE to FOLLOWER at term 11 for DISCOVERED_A_NEW_TERM
2019-10-15 21:44:27,912 [2e9fa5e4-44d4-40da-9b1b-fd170634e70a@group-39CA588449F8-LeaderElection13] INFO  impl.RoleInfo (RoleInfo.java:shutdownLeaderElection(134)) - 2e9fa5e4-44d4-40da-9b1b-fd170634e70a: shutdown LeaderElection
2019-10-15 21:44:27,913 [2e9fa5e4-44d4-40da-9b1b-fd170634e70a@group-39CA588449F8-LeaderElection13] INFO  impl.RoleInfo (RoleInfo.java:updateAndGet(143)) - 2e9fa5e4-44d4-40da-9b1b-fd170634e70a: start FollowerState
2019-10-15 21:44:27,968 [Thread-602] INFO  impl.FollowerState (FollowerState.java:run(108)) - 2e9fa5e4-44d4-40da-9b1b-fd170634e70a@group-39CA588449F8-FollowerState: change to CANDIDATE, lastRpcTime:55ms, electionTimeout:54ms
2019-10-15 21:44:27,969 [Thread-602] INFO  impl.RoleInfo (RoleInfo.java:shutdownFollowerState(121)) - 2e9fa5e4-44d4-40da-9b1b-fd170634e70a: shutdown FollowerState
2019-10-15 21:44:27,969 [Thread-602] INFO  impl.RaftServerImpl (RaftServerImpl.java:setRole(184)) - 2e9fa5e4-44d4-40da-9b1b-fd170634e70a@group-39CA588449F8: changes role from  FOLLOWER to CANDIDATE at term 11 for changeToCandidate
2019-10-15 21:44:27,969 [Thread-602] INFO  impl.RoleInfo (RoleInfo.java:updateAndGet(143)) - 2e9fa5e4-44d4-40da-9b1b-fd170634e70a: start LeaderElection
2019-10-15 21:44:27,984 [2e9fa5e4-44d4-40da-9b1b-fd170634e70a@group-39CA588449F8-LeaderElection14] INFO  impl.LeaderElection (LeaderElection.java:askForVotes(178)) - 2e9fa5e4-44d4-40da-9b1b-fd170634e70a@group-39CA588449F8-LeaderElection14: begin an election at term 12 for 0: [2e9fa5e4-44d4-40da-9b1b-fd170634e70a:192.168.34.60:33194, 11421ab1-19cb-4764-b505-ce794efeb49e:192.168.34.60:42577, f0d7c07d-0c9c-43c9-b90d-f56b2a8a0f48:192.168.34.60:40619], old=null
2019-10-15 21:44:27,991 [grpc-default-executor-5] INFO  impl.RaftServerImpl (RaftServerImpl.java:setRole(184)) - 11421ab1-19cb-4764-b505-ce794efeb49e@group-39CA588449F8: changes role from  FOLLOWER to FOLLOWER at term 12 for recognizeCandidate:2e9fa5e4-44d4-40da-9b1b-fd170634e70a
2019-10-15 21:44:27,991 [grpc-default-executor-4] INFO  impl.RaftServerImpl (RaftServerImpl.java:setRole(184)) - f0d7c07d-0c9c-43c9-b90d-f56b2a8a0f48@group-39CA588449F8: changes role from  FOLLOWER to FOLLOWER at term 12 for recognizeCandidate:2e9fa5e4-44d4-40da-9b1b-fd170634e70a
2019-10-15 21:44:27,991 [grpc-default-executor-5] INFO  impl.RoleInfo (RoleInfo.java:shutdownFollowerState(121)) - 11421ab1-19cb-4764-b505-ce794efeb49e: shutdown FollowerState
2019-10-15 21:44:27,991 [grpc-default-executor-4] INFO  impl.RoleInfo (RoleInfo.java:shutdownFollowerState(121)) - f0d7c07d-0c9c-43c9-b90d-f56b2a8a0f48: shutdown FollowerState
2019-10-15 21:44:27,991 [Thread-600] INFO  impl.FollowerState (FollowerState.java:run(117)) - 11421ab1-19cb-4764-b505-ce794efeb49e@group-39CA588449F8-FollowerState was interrupted: java.lang.InterruptedException: sleep interrupted
2019-10-15 21:44:27,991 [grpc-default-executor-5] INFO  impl.RoleInfo (RoleInfo.java:updateAndGet(143)) - 11421ab1-19cb-4764-b505-ce794efeb49e: start FollowerState
2019-10-15 21:44:27,992 [Thread-601] INFO  impl.FollowerState (FollowerState.java:run(117)) - f0d7c07d-0c9c-43c9-b90d-f56b2a8a0f48@group-39CA588449F8-FollowerState was interrupted: java.lang.InterruptedException: sleep interrupted
2019-10-15 21:44:27,992 [grpc-default-executor-4] INFO  impl.RoleInfo (RoleInfo.java:updateAndGet(143)) - f0d7c07d-0c9c-43c9-b90d-f56b2a8a0f48: start FollowerState
2019-10-15 21:44:28,009 [2e9fa5e4-44d4-40da-9b1b-fd170634e70a@group-39CA588449F8-LeaderElection14] INFO  impl.LeaderElection (LeaderElection.java:logAndReturn(56)) - 2e9fa5e4-44d4-40da-9b1b-fd170634e70a@group-39CA588449F8-LeaderElection14: Election REJECTED; received 2 response(s) [2e9fa5e4-44d4-40da-9b1b-fd170634e70a<-11421ab1-19cb-4764-b505-ce794efeb49e#0:FAIL-t12, 2e9fa5e4-44d4-40da-9b1b-fd170634e70a<-f0d7c07d-0c9c-43c9-b90d-f56b2a8a0f48#0:FAIL-t12] and 0 exception(s); 2e9fa5e4-44d4-40da-9b1b-fd170634e70a@group-39CA588449F8:t12, leader=null, voted=2e9fa5e4-44d4-40da-9b1b-fd170634e70a, raftlog=2e9fa5e4-44d4-40da-9b1b-fd170634e70a@group-39CA588449F8-SegmentedRaftLog:OPENED:c3,f4,i4, conf=0: [2e9fa5e4-44d4-40da-9b1b-fd170634e70a:192.168.34.60:33194, 11421ab1-19cb-4764-b505-ce794efeb49e:192.168.34.60:42577, f0d7c07d-0c9c-43c9-b90d-f56b2a8a0f48:192.168.34.60:40619], old=null
2019-10-15 21:44:28,009 [2e9fa5e4-44d4-40da-9b1b-fd170634e70a@group-39CA588449F8-LeaderElection14] INFO  impl.RaftServerImpl (RaftServerImpl.java:setRole(184)) - 2e9fa5e4-44d4-40da-9b1b-fd170634e70a@group-39CA588449F8: changes role from CANDIDATE to FOLLOWER at term 12 for DISCOVERED_A_NEW_TERM
2019-10-15 21:44:28,010 [2e9fa5e4-44d4-40da-9b1b-fd170634e70a@group-39CA588449F8-LeaderElection14] INFO  impl.RoleInfo (RoleInfo.java:shutdownLeaderElection(134)) - 2e9fa5e4-44d4-40da-9b1b-fd170634e70a: shutdown LeaderElection
2019-10-15 21:44:28,010 [2e9fa5e4-44d4-40da-9b1b-fd170634e70a@group-39CA588449F8-LeaderElection14] INFO  impl.RoleInfo (RoleInfo.java:updateAndGet(143)) - 2e9fa5e4-44d4-40da-9b1b-fd170634e70a: start FollowerState
2019-10-15 21:44:28,064 [Thread-608] INFO  impl.FollowerState (FollowerState.java:run(108)) - 2e9fa5e4-44d4-40da-9b1b-fd170634e70a@group-39CA588449F8-FollowerState: change to CANDIDATE, lastRpcTime:53ms, electionTimeout:50ms
2019-10-15 21:44:28,065 [Thread-608] INFO  impl.RoleInfo (RoleInfo.java:shutdownFollowerState(121)) - 2e9fa5e4-44d4-40da-9b1b-fd170634e70a: shutdown FollowerState
2019-10-15 21:44:28,065 [Thread-608] INFO  impl.RaftServerImpl (RaftServerImpl.java:setRole(184)) - 2e9fa5e4-44d4-40da-9b1b-fd170634e70a@group-39CA588449F8: changes role from  FOLLOWER to CANDIDATE at term 12 for changeToCandidate
2019-10-15 21:44:28,065 [Thread-608] INFO  impl.RoleInfo (RoleInfo.java:updateAndGet(143)) - 2e9fa5e4-44d4-40da-9b1b-fd170634e70a: start LeaderElection
2019-10-15 21:44:28,080 [2e9fa5e4-44d4-40da-9b1b-fd170634e70a@group-39CA588449F8-LeaderElection15] INFO  impl.LeaderElection (LeaderElection.java:askForVotes(178)) - 2e9fa5e4-44d4-40da-9b1b-fd170634e70a@group-39CA588449F8-LeaderElection15: begin an election at term 13 for 0: [2e9fa5e4-44d4-40da-9b1b-fd170634e70a:192.168.34.60:33194, 11421ab1-19cb-4764-b505-ce794efeb49e:192.168.34.60:42577, f0d7c07d-0c9c-43c9-b90d-f56b2a8a0f48:192.168.34.60:40619], old=null
2019-10-15 21:44:28,083 [grpc-default-executor-4] INFO  impl.RaftServerImpl (RaftServerImpl.java:setRole(184)) - 11421ab1-19cb-4764-b505-ce794efeb49e@group-39CA588449F8: changes role from  FOLLOWER to FOLLOWER at term 13 for recognizeCandidate:2e9fa5e4-44d4-40da-9b1b-fd170634e70a
2019-10-15 21:44:28,084 [grpc-default-executor-4] INFO  impl.RoleInfo (RoleInfo.java:shutdownFollowerState(121)) - 11421ab1-19cb-4764-b505-ce794efeb49e: shutdown FollowerState
2019-10-15 21:44:28,085 [grpc-default-executor-4] INFO  impl.RoleInfo (RoleInfo.java:updateAndGet(143)) - 11421ab1-19cb-4764-b505-ce794efeb49e: start FollowerState
2019-10-15 21:44:28,085 [Thread-606] INFO  impl.FollowerState (FollowerState.java:run(117)) - 11421ab1-19cb-4764-b505-ce794efeb49e@group-39CA588449F8-FollowerState was interrupted: java.lang.InterruptedException: sleep interrupted
2019-10-15 21:44:28,086 [grpc-default-executor-5] INFO  impl.RaftServerImpl (RaftServerImpl.java:setRole(184)) - f0d7c07d-0c9c-43c9-b90d-f56b2a8a0f48@group-39CA588449F8: changes role from  FOLLOWER to FOLLOWER at term 13 for recognizeCandidate:2e9fa5e4-44d4-40da-9b1b-fd170634e70a
2019-10-15 21:44:28,088 [grpc-default-executor-5] INFO  impl.RoleInfo (RoleInfo.java:shutdownFollowerState(121)) - f0d7c07d-0c9c-43c9-b90d-f56b2a8a0f48: shutdown FollowerState
2019-10-15 21:44:28,088 [grpc-default-executor-5] INFO  impl.RoleInfo (RoleInfo.java:updateAndGet(143)) - f0d7c07d-0c9c-43c9-b90d-f56b2a8a0f48: start FollowerState
2019-10-15 21:44:28,088 [Thread-607] INFO  impl.FollowerState (FollowerState.java:run(117)) - f0d7c07d-0c9c-43c9-b90d-f56b2a8a0f48@group-39CA588449F8-FollowerState was interrupted: java.lang.InterruptedException: sleep interrupted
2019-10-15 21:44:28,095 [Thread-615] INFO  client.GrpcClientProtocolService (GrpcClientProtocolService.java:lambda$processClientRequest$0(278)) - Failed RaftClientRequest:client-D0B527BDC3D7->f0d7c07d-0c9c-43c9-b90d-f56b2a8a0f48@group-39CA588449F8, cid=10, seq=0, Watch-ALL_COMMITTED(6), Message:<EMPTY>, reply=RaftClientReply:client-D0B527BDC3D7->f0d7c07d-0c9c-43c9-b90d-f56b2a8a0f48@group-39CA588449F8, cid=10, FAILED org.apache.ratis.protocol.NotLeaderException: Server f0d7c07d-0c9c-43c9-b90d-f56b2a8a0f48@group-39CA588449F8 is not the leader, logIndex=0, commits[f0d7c07d-0c9c-43c9-b90d-f56b2a8a0f48:c10, 2e9fa5e4-44d4-40da-9b1b-fd170634e70a:c4, 11421ab1-19cb-4764-b505-ce794efeb49e:c10]
2019-10-15 21:44:28,106 [2e9fa5e4-44d4-40da-9b1b-fd170634e70a@group-39CA588449F8-LeaderElection15] INFO  impl.LeaderElection (LeaderElection.java:logAndReturn(56)) - 2e9fa5e4-44d4-40da-9b1b-fd170634e70a@group-39CA588449F8-LeaderElection15: Election REJECTED; received 2 response(s) [2e9fa5e4-44d4-40da-9b1b-fd170634e70a<-11421ab1-19cb-4764-b505-ce794efeb49e#0:FAIL-t13, 2e9fa5e4-44d4-40da-9b1b-fd170634e70a<-f0d7c07d-0c9c-43c9-b90d-f56b2a8a0f48#0:FAIL-t13] and 0 exception(s); 2e9fa5e4-44d4-40da-9b1b-fd170634e70a@group-39CA588449F8:t13, leader=null, voted=2e9fa5e4-44d4-40da-9b1b-fd170634e70a, raftlog=2e9fa5e4-44d4-40da-9b1b-fd170634e70a@group-39CA588449F8-SegmentedRaftLog:OPENED:c3,f4,i4, conf=0: [2e9fa5e4-44d4-40da-9b1b-fd170634e70a:192.168.34.60:33194, 11421ab1-19cb-4764-b505-ce794efeb49e:192.168.34.60:42577, f0d7c07d-0c9c-43c9-b90d-f56b2a8a0f48:192.168.34.60:40619], old=null
2019-10-15 21:44:28,106 [2e9fa5e4-44d4-40da-9b1b-fd170634e70a@group-39CA588449F8-LeaderElection15] INFO  impl.RaftServerImpl (RaftServerImpl.java:setRole(184)) - 2e9fa5e4-44d4-40da-9b1b-fd170634e70a@group-39CA588449F8: changes role from CANDIDATE to FOLLOWER at term 13 for DISCOVERED_A_NEW_TERM
2019-10-15 21:44:28,106 [2e9fa5e4-44d4-40da-9b1b-fd170634e70a@group-39CA588449F8-LeaderElection15] INFO  impl.RoleInfo (RoleInfo.java:shutdownLeaderElection(134)) - 2e9fa5e4-44d4-40da-9b1b-fd170634e70a: shutdown LeaderElection
2019-10-15 21:44:28,106 [2e9fa5e4-44d4-40da-9b1b-fd170634e70a@group-39CA588449F8-LeaderElection15] INFO  impl.RoleInfo (RoleInfo.java:updateAndGet(143)) - 2e9fa5e4-44d4-40da-9b1b-fd170634e70a: start FollowerState
2019-10-15 21:44:28,236 [Thread-617] INFO  impl.FollowerState (FollowerState.java:run(108)) - 2e9fa5e4-44d4-40da-9b1b-fd170634e70a@group-39CA588449F8-FollowerState: change to CANDIDATE, lastRpcTime:129ms, electionTimeout:129ms
2019-10-15 21:44:28,240 [Thread-617] INFO  impl.RoleInfo (RoleInfo.java:shutdownFollowerState(121)) - 2e9fa5e4-44d4-40da-9b1b-fd170634e70a: shutdown FollowerState
2019-10-15 21:44:28,240 [Thread-617] INFO  impl.RaftServerImpl (RaftServerImpl.java:setRole(184)) - 2e9fa5e4-44d4-40da-9b1b-fd170634e70a@group-39CA588449F8: changes role from  FOLLOWER to CANDIDATE at term 13 for changeToCandidate
2019-10-15 21:44:28,240 [Thread-617] INFO  impl.RoleInfo (RoleInfo.java:updateAndGet(143)) - 2e9fa5e4-44d4-40da-9b1b-fd170634e70a: start LeaderElection
2019-10-15 21:44:28,257 [2e9fa5e4-44d4-40da-9b1b-fd170634e70a@group-39CA588449F8-LeaderElection16] INFO  impl.LeaderElection (LeaderElection.java:askForVotes(178)) - 2e9fa5e4-44d4-40da-9b1b-fd170634e70a@group-39CA588449F8-LeaderElection16: begin an election at term 14 for 0: [2e9fa5e4-44d4-40da-9b1b-fd170634e70a:192.168.34.60:33194, 11421ab1-19cb-4764-b505-ce794efeb49e:192.168.34.60:42577, f0d7c07d-0c9c-43c9-b90d-f56b2a8a0f48:192.168.34.60:40619], old=null
2019-10-15 21:44:28,265 [grpc-default-executor-5] INFO  impl.RaftServerImpl (RaftServerImpl.java:setRole(184)) - f0d7c07d-0c9c-43c9-b90d-f56b2a8a0f48@group-39CA588449F8: changes role from  FOLLOWER to FOLLOWER at term 14 for recognizeCandidate:2e9fa5e4-44d4-40da-9b1b-fd170634e70a
2019-10-15 21:44:28,265 [grpc-default-executor-5] INFO  impl.RoleInfo (RoleInfo.java:shutdownFollowerState(121)) - f0d7c07d-0c9c-43c9-b90d-f56b2a8a0f48: shutdown FollowerState
2019-10-15 21:44:28,265 [grpc-default-executor-4] INFO  impl.RaftServerImpl (RaftServerImpl.java:setRole(184)) - 11421ab1-19cb-4764-b505-ce794efeb49e@group-39CA588449F8: changes role from  FOLLOWER to FOLLOWER at term 14 for recognizeCandidate:2e9fa5e4-44d4-40da-9b1b-fd170634e70a
2019-10-15 21:44:28,265 [Thread-614] INFO  impl.FollowerState (FollowerState.java:run(117)) - f0d7c07d-0c9c-43c9-b90d-f56b2a8a0f48@group-39CA588449F8-FollowerState was interrupted: java.lang.InterruptedException: sleep interrupted
2019-10-15 21:44:28,265 [grpc-default-executor-5] INFO  impl.RoleInfo (RoleInfo.java:updateAndGet(143)) - f0d7c07d-0c9c-43c9-b90d-f56b2a8a0f48: start FollowerState
2019-10-15 21:44:28,265 [grpc-default-executor-4] INFO  impl.RoleInfo (RoleInfo.java:shutdownFollowerState(121)) - 11421ab1-19cb-4764-b505-ce794efeb49e: shutdown FollowerState
2019-10-15 21:44:28,272 [2e9fa5e4-44d4-40da-9b1b-fd170634e70a@group-39CA588449F8-LeaderElection16] INFO  impl.LeaderElection (LeaderElection.java:logAndReturn(56)) - 2e9fa5e4-44d4-40da-9b1b-fd170634e70a@group-39CA588449F8-LeaderElection16: Election TIMEOUT; received 0 response(s) [] and 0 exception(s); 2e9fa5e4-44d4-40da-9b1b-fd170634e70a@group-39CA588449F8:t14, leader=null, voted=2e9fa5e4-44d4-40da-9b1b-fd170634e70a, raftlog=2e9fa5e4-44d4-40da-9b1b-fd170634e70a@group-39CA588449F8-SegmentedRaftLog:OPENED:c3,f4,i4, conf=0: [2e9fa5e4-44d4-40da-9b1b-fd170634e70a:192.168.34.60:33194, 11421ab1-19cb-4764-b505-ce794efeb49e:192.168.34.60:42577, f0d7c07d-0c9c-43c9-b90d-f56b2a8a0f48:192.168.34.60:40619], old=null
2019-10-15 21:44:28,272 [Thread-612] INFO  impl.FollowerState (FollowerState.java:run(117)) - 11421ab1-19cb-4764-b505-ce794efeb49e@group-39CA588449F8-FollowerState was interrupted: java.lang.InterruptedException: sleep interrupted
2019-10-15 21:44:28,272 [grpc-default-executor-4] INFO  impl.RoleInfo (RoleInfo.java:updateAndGet(143)) - 11421ab1-19cb-4764-b505-ce794efeb49e: start FollowerState
2019-10-15 21:44:28,287 [2e9fa5e4-44d4-40da-9b1b-fd170634e70a@group-39CA588449F8-LeaderElection16] INFO  impl.LeaderElection (LeaderElection.java:askForVotes(178)) - 2e9fa5e4-44d4-40da-9b1b-fd170634e70a@group-39CA588449F8-LeaderElection16: begin an election at term 15 for 0: [2e9fa5e4-44d4-40da-9b1b-fd170634e70a:192.168.34.60:33194, 11421ab1-19cb-4764-b505-ce794efeb49e:192.168.34.60:42577, f0d7c07d-0c9c-43c9-b90d-f56b2a8a0f48:192.168.34.60:40619], old=null
2019-10-15 21:44:28,291 [grpc-default-executor-4] INFO  impl.RaftServerImpl (RaftServerImpl.java:setRole(184)) - f0d7c07d-0c9c-43c9-b90d-f56b2a8a0f48@group-39CA588449F8: changes role from  FOLLOWER to FOLLOWER at term 15 for recognizeCandidate:2e9fa5e4-44d4-40da-9b1b-fd170634e70a
2019-10-15 21:44:28,291 [grpc-default-executor-5] INFO  impl.RaftServerImpl (RaftServerImpl.java:setRole(184)) - 11421ab1-19cb-4764-b505-ce794efeb49e@group-39CA588449F8: changes role from  FOLLOWER to FOLLOWER at term 15 for recognizeCandidate:2e9fa5e4-44d4-40da-9b1b-fd170634e70a
2019-10-15 21:44:28,291 [grpc-default-executor-4] INFO  impl.RoleInfo (RoleInfo.java:shutdownFollowerState(121)) - f0d7c07d-0c9c-43c9-b90d-f56b2a8a0f48: shutdown FollowerState
2019-10-15 21:44:28,292 [grpc-default-executor-5] INFO  impl.RoleInfo (RoleInfo.java:shutdownFollowerState(121)) - 11421ab1-19cb-4764-b505-ce794efeb49e: shutdown FollowerState
2019-10-15 21:44:28,292 [Thread-621] INFO  impl.FollowerState (FollowerState.java:run(117)) - f0d7c07d-0c9c-43c9-b90d-f56b2a8a0f48@group-39CA588449F8-FollowerState was interrupted: java.lang.InterruptedException: sleep interrupted
2019-10-15 21:44:28,292 [Thread-622] INFO  impl.FollowerState (FollowerState.java:run(117)) - 11421ab1-19cb-4764-b505-ce794efeb49e@group-39CA588449F8-FollowerState was interrupted: java.lang.InterruptedException: sleep interrupted
2019-10-15 21:44:28,292 [grpc-default-executor-4] INFO  impl.RoleInfo (RoleInfo.java:updateAndGet(143)) - f0d7c07d-0c9c-43c9-b90d-f56b2a8a0f48: start FollowerState
2019-10-15 21:44:28,292 [grpc-default-executor-5] INFO  impl.RoleInfo (RoleInfo.java:updateAndGet(143)) - 11421ab1-19cb-4764-b505-ce794efeb49e: start FollowerState
2019-10-15 21:44:28,307 [2e9fa5e4-44d4-40da-9b1b-fd170634e70a@group-39CA588449F8-LeaderElection16] INFO  impl.LeaderElection (LeaderElection.java:logAndReturn(56)) - 2e9fa5e4-44d4-40da-9b1b-fd170634e70a@group-39CA588449F8-LeaderElection16: Election REJECTED; received 2 response(s) [2e9fa5e4-44d4-40da-9b1b-fd170634e70a<-11421ab1-19cb-4764-b505-ce794efeb49e#0:FAIL-t15, 2e9fa5e4-44d4-40da-9b1b-fd170634e70a<-f0d7c07d-0c9c-43c9-b90d-f56b2a8a0f48#0:FAIL-t15] and 0 exception(s); 2e9fa5e4-44d4-40da-9b1b-fd170634e70a@group-39CA588449F8:t15, leader=null, voted=2e9fa5e4-44d4-40da-9b1b-fd170634e70a, raftlog=2e9fa5e4-44d4-40da-9b1b-fd170634e70a@group-39CA588449F8-SegmentedRaftLog:OPENED:c3,f4,i4, conf=0: [2e9fa5e4-44d4-40da-9b1b-fd170634e70a:192.168.34.60:33194, 11421ab1-19cb-4764-b505-ce794efeb49e:192.168.34.60:42577, f0d7c07d-0c9c-43c9-b90d-f56b2a8a0f48:192.168.34.60:40619], old=null
2019-10-15 21:44:28,307 [2e9fa5e4-44d4-40da-9b1b-fd170634e70a@group-39CA588449F8-LeaderElection16] INFO  impl.RaftServerImpl (RaftServerImpl.java:setRole(184)) - 2e9fa5e4-44d4-40da-9b1b-fd170634e70a@group-39CA588449F8: changes role from CANDIDATE to FOLLOWER at term 15 for DISCOVERED_A_NEW_TERM
2019-10-15 21:44:28,307 [2e9fa5e4-44d4-40da-9b1b-fd170634e70a@group-39CA588449F8-LeaderElection16] INFO  impl.RoleInfo (RoleInfo.java:shutdownLeaderElection(134)) - 2e9fa5e4-44d4-40da-9b1b-fd170634e70a: shutdown LeaderElection
2019-10-15 21:44:28,308 [2e9fa5e4-44d4-40da-9b1b-fd170634e70a@group-39CA588449F8-LeaderElection16] INFO  impl.RoleInfo (RoleInfo.java:updateAndGet(143)) - 2e9fa5e4-44d4-40da-9b1b-fd170634e70a: start FollowerState
2019-10-15 21:44:28,362 [pool-7-thread-2] INFO  commands.RetriableDatanodeEventWatcher (RetriableDatanodeEventWatcher.java:onTimeout(47)) - RetriableDatanodeCommand type=deleteBlocksCommand with id=1571175864362 timed out. Retrying.
2019-10-15 21:44:28,363 [pool-7-thread-3] INFO  commands.RetriableDatanodeEventWatcher (RetriableDatanodeEventWatcher.java:onTimeout(47)) - RetriableDatanodeCommand type=deleteBlocksCommand with id=1571175864363 timed out. Retrying.
2019-10-15 21:44:28,363 [pool-7-thread-4] INFO  commands.RetriableDatanodeEventWatcher (RetriableDatanodeEventWatcher.java:onTimeout(47)) - RetriableDatanodeCommand type=deleteBlocksCommand with id=1571175864358 timed out. Retrying.
2019-10-15 21:44:28,364 [pool-7-thread-1] INFO  commands.RetriableDatanodeEventWatcher (RetriableDatanodeEventWatcher.java:onTimeout(47)) - RetriableDatanodeCommand type=deleteBlocksCommand with id=1571175864360 timed out. Retrying.
2019-10-15 21:44:28,364 [SCMBlockDeletingService#0] INFO  block.SCMBlockDeletingService (SCMBlockDeletingService.java:call(184)) - Totally added 1 delete blocks command for 1 datanodes, task elapsed time: 2ms
2019-10-15 21:44:28,497 [Thread-627] INFO  impl.FollowerState (FollowerState.java:run(108)) - 2e9fa5e4-44d4-40da-9b1b-fd170634e70a@group-39CA588449F8-FollowerState: change to CANDIDATE, lastRpcTime:189ms, electionTimeout:189ms
2019-10-15 21:44:28,497 [Thread-627] INFO  impl.RoleInfo (RoleInfo.java:shutdownFollowerState(121)) - 2e9fa5e4-44d4-40da-9b1b-fd170634e70a: shutdown FollowerState
2019-10-15 21:44:28,497 [Thread-627] INFO  impl.RaftServerImpl (RaftServerImpl.java:setRole(184)) - 2e9fa5e4-44d4-40da-9b1b-fd170634e70a@group-39CA588449F8: changes role from  FOLLOWER to CANDIDATE at term 15 for changeToCandidate
2019-10-15 21:44:28,498 [Thread-627] INFO  impl.RoleInfo (RoleInfo.java:updateAndGet(143)) - 2e9fa5e4-44d4-40da-9b1b-fd170634e70a: start LeaderElection
2019-10-15 21:44:28,512 [2e9fa5e4-44d4-40da-9b1b-fd170634e70a@group-39CA588449F8-LeaderElection17] INFO  impl.LeaderElection (LeaderElection.java:askForVotes(178)) - 2e9fa5e4-44d4-40da-9b1b-fd170634e70a@group-39CA588449F8-LeaderElection17: begin an election at term 16 for 0: [2e9fa5e4-44d4-40da-9b1b-fd170634e70a:192.168.34.60:33194, 11421ab1-19cb-4764-b505-ce794efeb49e:192.168.34.60:42577, f0d7c07d-0c9c-43c9-b90d-f56b2a8a0f48:192.168.34.60:40619], old=null
2019-10-15 21:44:28,516 [grpc-default-executor-4] INFO  impl.RaftServerImpl (RaftServerImpl.java:setRole(184)) - f0d7c07d-0c9c-43c9-b90d-f56b2a8a0f48@group-39CA588449F8: changes role from  FOLLOWER to FOLLOWER at term 16 for recognizeCandidate:2e9fa5e4-44d4-40da-9b1b-fd170634e70a
2019-10-15 21:44:28,516 [grpc-default-executor-5] INFO  impl.RaftServerImpl (RaftServerImpl.java:setRole(184)) - 11421ab1-19cb-4764-b505-ce794efeb49e@group-39CA588449F8: changes role from  FOLLOWER to FOLLOWER at term 16 for recognizeCandidate:2e9fa5e4-44d4-40da-9b1b-fd170634e70a
2019-10-15 21:44:28,517 [grpc-default-executor-4] INFO  impl.RoleInfo (RoleInfo.java:shutdownFollowerState(121)) - f0d7c07d-0c9c-43c9-b90d-f56b2a8a0f48: shutdown FollowerState
2019-10-15 21:44:28,517 [grpc-default-executor-5] INFO  impl.RoleInfo (RoleInfo.java:shutdownFollowerState(121)) - 11421ab1-19cb-4764-b505-ce794efeb49e: shutdown FollowerState
2019-10-15 21:44:28,517 [Thread-625] INFO  impl.FollowerState (FollowerState.java:run(117)) - f0d7c07d-0c9c-43c9-b90d-f56b2a8a0f48@group-39CA588449F8-FollowerState was interrupted: java.lang.InterruptedException: sleep interrupted
2019-10-15 21:44:28,517 [grpc-default-executor-4] INFO  impl.RoleInfo (RoleInfo.java:updateAndGet(143)) - f0d7c07d-0c9c-43c9-b90d-f56b2a8a0f48: start FollowerState
2019-10-15 21:44:28,517 [Thread-626] INFO  impl.FollowerState (FollowerState.java:run(117)) - 11421ab1-19cb-4764-b505-ce794efeb49e@group-39CA588449F8-FollowerState was interrupted: java.lang.InterruptedException: sleep interrupted
2019-10-15 21:44:28,517 [grpc-default-executor-5] INFO  impl.RoleInfo (RoleInfo.java:updateAndGet(143)) - 11421ab1-19cb-4764-b505-ce794efeb49e: start FollowerState
2019-10-15 21:44:28,532 [2e9fa5e4-44d4-40da-9b1b-fd170634e70a@group-39CA588449F8-LeaderElection17] INFO  impl.LeaderElection (LeaderElection.java:logAndReturn(56)) - 2e9fa5e4-44d4-40da-9b1b-fd170634e70a@group-39CA588449F8-LeaderElection17: Election REJECTED; received 2 response(s) [2e9fa5e4-44d4-40da-9b1b-fd170634e70a<-11421ab1-19cb-4764-b505-ce794efeb49e#0:FAIL-t16, 2e9fa5e4-44d4-40da-9b1b-fd170634e70a<-f0d7c07d-0c9c-43c9-b90d-f56b2a8a0f48#0:FAIL-t16] and 0 exception(s); 2e9fa5e4-44d4-40da-9b1b-fd170634e70a@group-39CA588449F8:t16, leader=null, voted=2e9fa5e4-44d4-40da-9b1b-fd170634e70a, raftlog=2e9fa5e4-44d4-40da-9b1b-fd170634e70a@group-39CA588449F8-SegmentedRaftLog:OPENED:c3,f4,i4, conf=0: [2e9fa5e4-44d4-40da-9b1b-fd170634e70a:192.168.34.60:33194, 11421ab1-19cb-4764-b505-ce794efeb49e:192.168.34.60:42577, f0d7c07d-0c9c-43c9-b90d-f56b2a8a0f48:192.168.34.60:40619], old=null
2019-10-15 21:44:28,533 [2e9fa5e4-44d4-40da-9b1b-fd170634e70a@group-39CA588449F8-LeaderElection17] INFO  impl.RaftServerImpl (RaftServerImpl.java:setRole(184)) - 2e9fa5e4-44d4-40da-9b1b-fd170634e70a@group-39CA588449F8: changes role from CANDIDATE to FOLLOWER at term 16 for DISCOVERED_A_NEW_TERM
2019-10-15 21:44:28,533 [2e9fa5e4-44d4-40da-9b1b-fd170634e70a@group-39CA588449F8-LeaderElection17] INFO  impl.RoleInfo (RoleInfo.java:shutdownLeaderElection(134)) - 2e9fa5e4-44d4-40da-9b1b-fd170634e70a: shutdown LeaderElection
2019-10-15 21:44:28,533 [2e9fa5e4-44d4-40da-9b1b-fd170634e70a@group-39CA588449F8-LeaderElection17] INFO  impl.RoleInfo (RoleInfo.java:updateAndGet(143)) - 2e9fa5e4-44d4-40da-9b1b-fd170634e70a: start FollowerState
2019-10-15 21:44:28,563 [Thread-633] INFO  impl.FollowerState (FollowerState.java:run(108)) - 2e9fa5e4-44d4-40da-9b1b-fd170634e70a@group-39CA588449F8-FollowerState: change to CANDIDATE, lastRpcTime:30ms, electionTimeout:30ms
2019-10-15 21:44:28,564 [Thread-633] INFO  impl.RoleInfo (RoleInfo.java:shutdownFollowerState(121)) - 2e9fa5e4-44d4-40da-9b1b-fd170634e70a: shutdown FollowerState
2019-10-15 21:44:28,565 [Thread-633] INFO  impl.RaftServerImpl (RaftServerImpl.java:setRole(184)) - 2e9fa5e4-44d4-40da-9b1b-fd170634e70a@group-39CA588449F8: changes role from  FOLLOWER to CANDIDATE at term 16 for changeToCandidate
2019-10-15 21:44:28,565 [Thread-633] INFO  impl.RoleInfo (RoleInfo.java:updateAndGet(143)) - 2e9fa5e4-44d4-40da-9b1b-fd170634e70a: start LeaderElection
2019-10-15 21:44:28,578 [2e9fa5e4-44d4-40da-9b1b-fd170634e70a@group-39CA588449F8-LeaderElection18] INFO  impl.LeaderElection (LeaderElection.java:askForVotes(178)) - 2e9fa5e4-44d4-40da-9b1b-fd170634e70a@group-39CA588449F8-LeaderElection18: begin an election at term 17 for 0: [2e9fa5e4-44d4-40da-9b1b-fd170634e70a:192.168.34.60:33194, 11421ab1-19cb-4764-b505-ce794efeb49e:192.168.34.60:42577, f0d7c07d-0c9c-43c9-b90d-f56b2a8a0f48:192.168.34.60:40619], old=null
2019-10-15 21:44:28,583 [grpc-default-executor-4] INFO  impl.RaftServerImpl (RaftServerImpl.java:setRole(184)) - 11421ab1-19cb-4764-b505-ce794efeb49e@group-39CA588449F8: changes role from  FOLLOWER to FOLLOWER at term 17 for recognizeCandidate:2e9fa5e4-44d4-40da-9b1b-fd170634e70a
2019-10-15 21:44:28,583 [BlockDeletingService#2] WARN  background.BlockDeletingService (BlockDeletingService.java:isDeletionAllowed(187)) - Close Container log Index 6 is not replicated across allthe servers in the pipeline a3e553f0-b812-4dfc-8692-39ca588449f8 as the min replicated index is 4. Deletion is not allowed in this container yet.
2019-10-15 21:44:28,584 [grpc-default-executor-4] INFO  impl.RoleInfo (RoleInfo.java:shutdownFollowerState(121)) - 11421ab1-19cb-4764-b505-ce794efeb49e: shutdown FollowerState
2019-10-15 21:44:28,583 [BlockDeletingService#2] WARN  background.BlockDeletingService (BlockDeletingService.java:isDeletionAllowed(187)) - Close Container log Index 6 is not replicated across allthe servers in the pipeline a3e553f0-b812-4dfc-8692-39ca588449f8 as the min replicated index is 4. Deletion is not allowed in this container yet.
2019-10-15 21:44:28,583 [grpc-default-executor-5] INFO  impl.RaftServerImpl (RaftServerImpl.java:setRole(184)) - f0d7c07d-0c9c-43c9-b90d-f56b2a8a0f48@group-39CA588449F8: changes role from  FOLLOWER to FOLLOWER at term 17 for recognizeCandidate:2e9fa5e4-44d4-40da-9b1b-fd170634e70a
2019-10-15 21:44:28,584 [Thread-632] INFO  impl.FollowerState (FollowerState.java:run(117)) - 11421ab1-19cb-4764-b505-ce794efeb49e@group-39CA588449F8-FollowerState was interrupted: java.lang.InterruptedException: sleep interrupted
2019-10-15 21:44:28,584 [grpc-default-executor-4] INFO  impl.RoleInfo (RoleInfo.java:updateAndGet(143)) - 11421ab1-19cb-4764-b505-ce794efeb49e: start FollowerState
2019-10-15 21:44:28,584 [grpc-default-executor-5] INFO  impl.RoleInfo (RoleInfo.java:shutdownFollowerState(121)) - f0d7c07d-0c9c-43c9-b90d-f56b2a8a0f48: shutdown FollowerState
2019-10-15 21:44:28,585 [grpc-default-executor-5] INFO  impl.RoleInfo (RoleInfo.java:updateAndGet(143)) - f0d7c07d-0c9c-43c9-b90d-f56b2a8a0f48: start FollowerState
2019-10-15 21:44:28,585 [Thread-631] INFO  impl.FollowerState (FollowerState.java:run(117)) - f0d7c07d-0c9c-43c9-b90d-f56b2a8a0f48@group-39CA588449F8-FollowerState was interrupted: java.lang.InterruptedException: sleep interrupted
2019-10-15 21:44:28,600 [2e9fa5e4-44d4-40da-9b1b-fd170634e70a@group-39CA588449F8-LeaderElection18] INFO  impl.LeaderElection (LeaderElection.java:logAndReturn(56)) - 2e9fa5e4-44d4-40da-9b1b-fd170634e70a@group-39CA588449F8-LeaderElection18: Election REJECTED; received 2 response(s) [2e9fa5e4-44d4-40da-9b1b-fd170634e70a<-11421ab1-19cb-4764-b505-ce794efeb49e#0:FAIL-t17, 2e9fa5e4-44d4-40da-9b1b-fd170634e70a<-f0d7c07d-0c9c-43c9-b90d-f56b2a8a0f48#0:FAIL-t17] and 0 exception(s); 2e9fa5e4-44d4-40da-9b1b-fd170634e70a@group-39CA588449F8:t17, leader=null, voted=2e9fa5e4-44d4-40da-9b1b-fd170634e70a, raftlog=2e9fa5e4-44d4-40da-9b1b-fd170634e70a@group-39CA588449F8-SegmentedRaftLog:OPENED:c3,f4,i4, conf=0: [2e9fa5e4-44d4-40da-9b1b-fd170634e70a:192.168.34.60:33194, 11421ab1-19cb-4764-b505-ce794efeb49e:192.168.34.60:42577, f0d7c07d-0c9c-43c9-b90d-f56b2a8a0f48:192.168.34.60:40619], old=null
2019-10-15 21:44:28,600 [2e9fa5e4-44d4-40da-9b1b-fd170634e70a@group-39CA588449F8-LeaderElection18] INFO  impl.RaftServerImpl (RaftServerImpl.java:setRole(184)) - 2e9fa5e4-44d4-40da-9b1b-fd170634e70a@group-39CA588449F8: changes role from CANDIDATE to FOLLOWER at term 17 for DISCOVERED_A_NEW_TERM
2019-10-15 21:44:28,600 [2e9fa5e4-44d4-40da-9b1b-fd170634e70a@group-39CA588449F8-LeaderElection18] INFO  impl.RoleInfo (RoleInfo.java:shutdownLeaderElection(134)) - 2e9fa5e4-44d4-40da-9b1b-fd170634e70a: shutdown LeaderElection
2019-10-15 21:44:28,601 [2e9fa5e4-44d4-40da-9b1b-fd170634e70a@group-39CA588449F8-LeaderElection18] INFO  impl.RoleInfo (RoleInfo.java:updateAndGet(143)) - 2e9fa5e4-44d4-40da-9b1b-fd170634e70a: start FollowerState
2019-10-15 21:44:28,736 [Thread-641] INFO  impl.FollowerState (FollowerState.java:run(108)) - 2e9fa5e4-44d4-40da-9b1b-fd170634e70a@group-39CA588449F8-FollowerState: change to CANDIDATE, lastRpcTime:135ms, electionTimeout:135ms
2019-10-15 21:44:28,737 [Thread-641] INFO  impl.RoleInfo (RoleInfo.java:shutdownFollowerState(121)) - 2e9fa5e4-44d4-40da-9b1b-fd170634e70a: shutdown FollowerState
2019-10-15 21:44:28,737 [Thread-641] INFO  impl.RaftServerImpl (RaftServerImpl.java:setRole(184)) - 2e9fa5e4-44d4-40da-9b1b-fd170634e70a@group-39CA588449F8: changes role from  FOLLOWER to CANDIDATE at term 17 for changeToCandidate
2019-10-15 21:44:28,737 [Thread-641] INFO  impl.RoleInfo (RoleInfo.java:updateAndGet(143)) - 2e9fa5e4-44d4-40da-9b1b-fd170634e70a: start LeaderElection
2019-10-15 21:44:28,751 [2e9fa5e4-44d4-40da-9b1b-fd170634e70a@group-39CA588449F8-LeaderElection19] INFO  impl.LeaderElection (LeaderElection.java:askForVotes(178)) - 2e9fa5e4-44d4-40da-9b1b-fd170634e70a@group-39CA588449F8-LeaderElection19: begin an election at term 18 for 0: [2e9fa5e4-44d4-40da-9b1b-fd170634e70a:192.168.34.60:33194, 11421ab1-19cb-4764-b505-ce794efeb49e:192.168.34.60:42577, f0d7c07d-0c9c-43c9-b90d-f56b2a8a0f48:192.168.34.60:40619], old=null
2019-10-15 21:44:28,755 [grpc-default-executor-5] INFO  impl.RaftServerImpl (RaftServerImpl.java:setRole(184)) - f0d7c07d-0c9c-43c9-b90d-f56b2a8a0f48@group-39CA588449F8: changes role from  FOLLOWER to FOLLOWER at term 18 for recognizeCandidate:2e9fa5e4-44d4-40da-9b1b-fd170634e70a
2019-10-15 21:44:28,756 [grpc-default-executor-5] INFO  impl.RoleInfo (RoleInfo.java:shutdownFollowerState(121)) - f0d7c07d-0c9c-43c9-b90d-f56b2a8a0f48: shutdown FollowerState
2019-10-15 21:44:28,756 [grpc-default-executor-5] INFO  impl.RoleInfo (RoleInfo.java:updateAndGet(143)) - f0d7c07d-0c9c-43c9-b90d-f56b2a8a0f48: start FollowerState
2019-10-15 21:44:28,756 [grpc-default-executor-4] INFO  impl.RaftServerImpl (RaftServerImpl.java:setRole(184)) - 11421ab1-19cb-4764-b505-ce794efeb49e@group-39CA588449F8: changes role from  FOLLOWER to FOLLOWER at term 18 for recognizeCandidate:2e9fa5e4-44d4-40da-9b1b-fd170634e70a
2019-10-15 21:44:28,756 [Thread-640] INFO  impl.FollowerState (FollowerState.java:run(117)) - f0d7c07d-0c9c-43c9-b90d-f56b2a8a0f48@group-39CA588449F8-FollowerState was interrupted: java.lang.InterruptedException: sleep interrupted
2019-10-15 21:44:28,757 [grpc-default-executor-4] INFO  impl.RoleInfo (RoleInfo.java:shutdownFollowerState(121)) - 11421ab1-19cb-4764-b505-ce794efeb49e: shutdown FollowerState
2019-10-15 21:44:28,757 [grpc-default-executor-4] INFO  impl.RoleInfo (RoleInfo.java:updateAndGet(143)) - 11421ab1-19cb-4764-b505-ce794efeb49e: start FollowerState
2019-10-15 21:44:28,757 [Thread-639] INFO  impl.FollowerState (FollowerState.java:run(117)) - 11421ab1-19cb-4764-b505-ce794efeb49e@group-39CA588449F8-FollowerState was interrupted: java.lang.InterruptedException: sleep interrupted
2019-10-15 21:44:28,772 [2e9fa5e4-44d4-40da-9b1b-fd170634e70a@group-39CA588449F8-LeaderElection19] INFO  impl.LeaderElection (LeaderElection.java:logAndReturn(56)) - 2e9fa5e4-44d4-40da-9b1b-fd170634e70a@group-39CA588449F8-LeaderElection19: Election REJECTED; received 2 response(s) [2e9fa5e4-44d4-40da-9b1b-fd170634e70a<-11421ab1-19cb-4764-b505-ce794efeb49e#0:FAIL-t18, 2e9fa5e4-44d4-40da-9b1b-fd170634e70a<-f0d7c07d-0c9c-43c9-b90d-f56b2a8a0f48#0:FAIL-t18] and 0 exception(s); 2e9fa5e4-44d4-40da-9b1b-fd170634e70a@group-39CA588449F8:t18, leader=null, voted=2e9fa5e4-44d4-40da-9b1b-fd170634e70a, raftlog=2e9fa5e4-44d4-40da-9b1b-fd170634e70a@group-39CA588449F8-SegmentedRaftLog:OPENED:c3,f4,i4, conf=0: [2e9fa5e4-44d4-40da-9b1b-fd170634e70a:192.168.34.60:33194, 11421ab1-19cb-4764-b505-ce794efeb49e:192.168.34.60:42577, f0d7c07d-0c9c-43c9-b90d-f56b2a8a0f48:192.168.34.60:40619], old=null
2019-10-15 21:44:28,772 [2e9fa5e4-44d4-40da-9b1b-fd170634e70a@group-39CA588449F8-LeaderElection19] INFO  impl.RaftServerImpl (RaftServerImpl.java:setRole(184)) - 2e9fa5e4-44d4-40da-9b1b-fd170634e70a@group-39CA588449F8: changes role from CANDIDATE to FOLLOWER at term 18 for DISCOVERED_A_NEW_TERM
2019-10-15 21:44:28,772 [2e9fa5e4-44d4-40da-9b1b-fd170634e70a@group-39CA588449F8-LeaderElection19] INFO  impl.RoleInfo (RoleInfo.java:shutdownLeaderElection(134)) - 2e9fa5e4-44d4-40da-9b1b-fd170634e70a: shutdown LeaderElection
2019-10-15 21:44:28,772 [2e9fa5e4-44d4-40da-9b1b-fd170634e70a@group-39CA588449F8-LeaderElection19] INFO  impl.RoleInfo (RoleInfo.java:updateAndGet(143)) - 2e9fa5e4-44d4-40da-9b1b-fd170634e70a: start FollowerState
2019-10-15 21:44:28,806 [EventQueue-PendingDeleteStatusForPendingDeleteHandler] INFO  block.SCMBlockDeletingService (SCMBlockDeletingService.java:handlePendingDeletes(115)) - Block deletion txnID mismatch in datanode 2e9fa5e4-44d4-40da-9b1b-fd170634e70a for containerID 1. Datanode delete txnID: 0, SCM txnID: 1
2019-10-15 21:44:28,881 [Thread-647] INFO  impl.FollowerState (FollowerState.java:run(108)) - 2e9fa5e4-44d4-40da-9b1b-fd170634e70a@group-39CA588449F8-FollowerState: change to CANDIDATE, lastRpcTime:108ms, electionTimeout:108ms
2019-10-15 21:44:28,882 [Thread-647] INFO  impl.RoleInfo (RoleInfo.java:shutdownFollowerState(121)) - 2e9fa5e4-44d4-40da-9b1b-fd170634e70a: shutdown FollowerState
2019-10-15 21:44:28,882 [Thread-647] INFO  impl.RaftServerImpl (RaftServerImpl.java:setRole(184)) - 2e9fa5e4-44d4-40da-9b1b-fd170634e70a@group-39CA588449F8: changes role from  FOLLOWER to CANDIDATE at term 18 for changeToCandidate
2019-10-15 21:44:28,882 [Thread-647] INFO  impl.RoleInfo (RoleInfo.java:updateAndGet(143)) - 2e9fa5e4-44d4-40da-9b1b-fd170634e70a: start LeaderElection
2019-10-15 21:44:28,895 [2e9fa5e4-44d4-40da-9b1b-fd170634e70a@group-39CA588449F8-LeaderElection20] INFO  impl.LeaderElection (LeaderElection.java:askForVotes(178)) - 2e9fa5e4-44d4-40da-9b1b-fd170634e70a@group-39CA588449F8-LeaderElection20: begin an election at term 19 for 0: [2e9fa5e4-44d4-40da-9b1b-fd170634e70a:192.168.34.60:33194, 11421ab1-19cb-4764-b505-ce794efeb49e:192.168.34.60:42577, f0d7c07d-0c9c-43c9-b90d-f56b2a8a0f48:192.168.34.60:40619], old=null
2019-10-15 21:44:28,900 [grpc-default-executor-4] INFO  impl.RaftServerImpl (RaftServerImpl.java:setRole(184)) - f0d7c07d-0c9c-43c9-b90d-f56b2a8a0f48@group-39CA588449F8: changes role from  FOLLOWER to FOLLOWER at term 19 for recognizeCandidate:2e9fa5e4-44d4-40da-9b1b-fd170634e70a
2019-10-15 21:44:28,900 [grpc-default-executor-5] INFO  impl.RaftServerImpl (RaftServerImpl.java:setRole(184)) - 11421ab1-19cb-4764-b505-ce794efeb49e@group-39CA588449F8: changes role from  FOLLOWER to FOLLOWER at term 19 for recognizeCandidate:2e9fa5e4-44d4-40da-9b1b-fd170634e70a
2019-10-15 21:44:28,901 [grpc-default-executor-4] INFO  impl.RoleInfo (RoleInfo.java:shutdownFollowerState(121)) - f0d7c07d-0c9c-43c9-b90d-f56b2a8a0f48: shutdown FollowerState
2019-10-15 21:44:28,901 [grpc-default-executor-5] INFO  impl.RoleInfo (RoleInfo.java:shutdownFollowerState(121)) - 11421ab1-19cb-4764-b505-ce794efeb49e: shutdown FollowerState
2019-10-15 21:44:28,901 [Thread-645] INFO  impl.FollowerState (FollowerState.java:run(117)) - f0d7c07d-0c9c-43c9-b90d-f56b2a8a0f48@group-39CA588449F8-FollowerState was interrupted: java.lang.InterruptedException: sleep interrupted
2019-10-15 21:44:28,901 [Thread-646] INFO  impl.FollowerState (FollowerState.java:run(117)) - 11421ab1-19cb-4764-b505-ce794efeb49e@group-39CA588449F8-FollowerState was interrupted: java.lang.InterruptedException: sleep interrupted
2019-10-15 21:44:28,901 [grpc-default-executor-4] INFO  impl.RoleInfo (RoleInfo.java:updateAndGet(143)) - f0d7c07d-0c9c-43c9-b90d-f56b2a8a0f48: start FollowerState
2019-10-15 21:44:28,901 [grpc-default-executor-5] INFO  impl.RoleInfo (RoleInfo.java:updateAndGet(143)) - 11421ab1-19cb-4764-b505-ce794efeb49e: start FollowerState
2019-10-15 21:44:28,920 [2e9fa5e4-44d4-40da-9b1b-fd170634e70a@group-39CA588449F8-LeaderElection20] INFO  impl.LeaderElection (LeaderElection.java:logAndReturn(56)) - 2e9fa5e4-44d4-40da-9b1b-fd170634e70a@group-39CA588449F8-LeaderElection20: Election REJECTED; received 2 response(s) [2e9fa5e4-44d4-40da-9b1b-fd170634e70a<-11421ab1-19cb-4764-b505-ce794efeb49e#0:FAIL-t19, 2e9fa5e4-44d4-40da-9b1b-fd170634e70a<-f0d7c07d-0c9c-43c9-b90d-f56b2a8a0f48#0:FAIL-t19] and 0 exception(s); 2e9fa5e4-44d4-40da-9b1b-fd170634e70a@group-39CA588449F8:t19, leader=null, voted=2e9fa5e4-44d4-40da-9b1b-fd170634e70a, raftlog=2e9fa5e4-44d4-40da-9b1b-fd170634e70a@group-39CA588449F8-SegmentedRaftLog:OPENED:c3,f4,i4, conf=0: [2e9fa5e4-44d4-40da-9b1b-fd170634e70a:192.168.34.60:33194, 11421ab1-19cb-4764-b505-ce794efeb49e:192.168.34.60:42577, f0d7c07d-0c9c-43c9-b90d-f56b2a8a0f48:192.168.34.60:40619], old=null
2019-10-15 21:44:28,920 [2e9fa5e4-44d4-40da-9b1b-fd170634e70a@group-39CA588449F8-LeaderElection20] INFO  impl.RaftServerImpl (RaftServerImpl.java:setRole(184)) - 2e9fa5e4-44d4-40da-9b1b-fd170634e70a@group-39CA588449F8: changes role from CANDIDATE to FOLLOWER at term 19 for DISCOVERED_A_NEW_TERM
2019-10-15 21:44:28,920 [2e9fa5e4-44d4-40da-9b1b-fd170634e70a@group-39CA588449F8-LeaderElection20] INFO  impl.RoleInfo (RoleInfo.java:shutdownLeaderElection(134)) - 2e9fa5e4-44d4-40da-9b1b-fd170634e70a: shutdown LeaderElection
2019-10-15 21:44:28,920 [2e9fa5e4-44d4-40da-9b1b-fd170634e70a@group-39CA588449F8-LeaderElection20] INFO  impl.RoleInfo (RoleInfo.java:updateAndGet(143)) - 2e9fa5e4-44d4-40da-9b1b-fd170634e70a: start FollowerState
2019-10-15 21:44:29,075 [Thread-654] INFO  impl.FollowerState (FollowerState.java:run(108)) - 2e9fa5e4-44d4-40da-9b1b-fd170634e70a@group-39CA588449F8-FollowerState: change to CANDIDATE, lastRpcTime:155ms, electionTimeout:155ms
2019-10-15 21:44:29,077 [Thread-654] INFO  impl.RoleInfo (RoleInfo.java:shutdownFollowerState(121)) - 2e9fa5e4-44d4-40da-9b1b-fd170634e70a: shutdown FollowerState
2019-10-15 21:44:29,077 [Thread-654] INFO  impl.RaftServerImpl (RaftServerImpl.java:setRole(184)) - 2e9fa5e4-44d4-40da-9b1b-fd170634e70a@group-39CA588449F8: changes role from  FOLLOWER to CANDIDATE at term 19 for changeToCandidate
2019-10-15 21:44:29,077 [Thread-654] INFO  impl.RoleInfo (RoleInfo.java:updateAndGet(143)) - 2e9fa5e4-44d4-40da-9b1b-fd170634e70a: start LeaderElection
2019-10-15 21:44:29,091 [2e9fa5e4-44d4-40da-9b1b-fd170634e70a@group-39CA588449F8-LeaderElection21] INFO  impl.LeaderElection (LeaderElection.java:askForVotes(178)) - 2e9fa5e4-44d4-40da-9b1b-fd170634e70a@group-39CA588449F8-LeaderElection21: begin an election at term 20 for 0: [2e9fa5e4-44d4-40da-9b1b-fd170634e70a:192.168.34.60:33194, 11421ab1-19cb-4764-b505-ce794efeb49e:192.168.34.60:42577, f0d7c07d-0c9c-43c9-b90d-f56b2a8a0f48:192.168.34.60:40619], old=null
2019-10-15 21:44:29,095 [grpc-default-executor-5] INFO  impl.RaftServerImpl (RaftServerImpl.java:setRole(184)) - 11421ab1-19cb-4764-b505-ce794efeb49e@group-39CA588449F8: changes role from  FOLLOWER to FOLLOWER at term 20 for recognizeCandidate:2e9fa5e4-44d4-40da-9b1b-fd170634e70a
2019-10-15 21:44:29,096 [grpc-default-executor-4] INFO  impl.RaftServerImpl (RaftServerImpl.java:setRole(184)) - f0d7c07d-0c9c-43c9-b90d-f56b2a8a0f48@group-39CA588449F8: changes role from  FOLLOWER to FOLLOWER at term 20 for recognizeCandidate:2e9fa5e4-44d4-40da-9b1b-fd170634e70a
2019-10-15 21:44:29,096 [grpc-default-executor-5] INFO  impl.RoleInfo (RoleInfo.java:shutdownFollowerState(121)) - 11421ab1-19cb-4764-b505-ce794efeb49e: shutdown FollowerState
2019-10-15 21:44:29,096 [grpc-default-executor-4] INFO  impl.RoleInfo (RoleInfo.java:shutdownFollowerState(121)) - f0d7c07d-0c9c-43c9-b90d-f56b2a8a0f48: shutdown FollowerState
2019-10-15 21:44:29,096 [Thread-653] INFO  impl.FollowerState (FollowerState.java:run(117)) - 11421ab1-19cb-4764-b505-ce794efeb49e@group-39CA588449F8-FollowerState was interrupted: java.lang.InterruptedException: sleep interrupted
2019-10-15 21:44:29,096 [grpc-default-executor-5] INFO  impl.RoleInfo (RoleInfo.java:updateAndGet(143)) - 11421ab1-19cb-4764-b505-ce794efeb49e: start FollowerState
2019-10-15 21:44:29,096 [Thread-652] INFO  impl.FollowerState (FollowerState.java:run(117)) - f0d7c07d-0c9c-43c9-b90d-f56b2a8a0f48@group-39CA588449F8-FollowerState was interrupted: java.lang.InterruptedException: sleep interrupted
2019-10-15 21:44:29,096 [grpc-default-executor-4] INFO  impl.RoleInfo (RoleInfo.java:updateAndGet(143)) - f0d7c07d-0c9c-43c9-b90d-f56b2a8a0f48: start FollowerState
2019-10-15 21:44:29,113 [2e9fa5e4-44d4-40da-9b1b-fd170634e70a@group-39CA588449F8-LeaderElection21] INFO  impl.LeaderElection (LeaderElection.java:logAndReturn(56)) - 2e9fa5e4-44d4-40da-9b1b-fd170634e70a@group-39CA588449F8-LeaderElection21: Election REJECTED; received 2 response(s) [2e9fa5e4-44d4-40da-9b1b-fd170634e70a<-11421ab1-19cb-4764-b505-ce794efeb49e#0:FAIL-t20, 2e9fa5e4-44d4-40da-9b1b-fd170634e70a<-f0d7c07d-0c9c-43c9-b90d-f56b2a8a0f48#0:FAIL-t20] and 0 exception(s); 2e9fa5e4-44d4-40da-9b1b-fd170634e70a@group-39CA588449F8:t20, leader=null, voted=2e9fa5e4-44d4-40da-9b1b-fd170634e70a, raftlog=2e9fa5e4-44d4-40da-9b1b-fd170634e70a@group-39CA588449F8-SegmentedRaftLog:OPENED:c3,f4,i4, conf=0: [2e9fa5e4-44d4-40da-9b1b-fd170634e70a:192.168.34.60:33194, 11421ab1-19cb-4764-b505-ce794efeb49e:192.168.34.60:42577, f0d7c07d-0c9c-43c9-b90d-f56b2a8a0f48:192.168.34.60:40619], old=null
2019-10-15 21:44:29,113 [2e9fa5e4-44d4-40da-9b1b-fd170634e70a@group-39CA588449F8-LeaderElection21] INFO  impl.RaftServerImpl (RaftServerImpl.java:setRole(184)) - 2e9fa5e4-44d4-40da-9b1b-fd170634e70a@group-39CA588449F8: changes role from CANDIDATE to FOLLOWER at term 20 for DISCOVERED_A_NEW_TERM
2019-10-15 21:44:29,113 [2e9fa5e4-44d4-40da-9b1b-fd170634e70a@group-39CA588449F8-LeaderElection21] INFO  impl.RoleInfo (RoleInfo.java:shutdownLeaderElection(134)) - 2e9fa5e4-44d4-40da-9b1b-fd170634e70a: shutdown LeaderElection
2019-10-15 21:44:29,113 [2e9fa5e4-44d4-40da-9b1b-fd170634e70a@group-39CA588449F8-LeaderElection21] INFO  impl.RoleInfo (RoleInfo.java:updateAndGet(143)) - 2e9fa5e4-44d4-40da-9b1b-fd170634e70a: start FollowerState
2019-10-15 21:44:29,114 [Thread-662] INFO  client.GrpcClientProtocolService (GrpcClientProtocolService.java:lambda$processClientRequest$0(278)) - Failed RaftClientRequest:client-D0B527BDC3D7->11421ab1-19cb-4764-b505-ce794efeb49e@group-39CA588449F8, cid=10, seq=0, Watch-ALL_COMMITTED(6), Message:<EMPTY>, reply=RaftClientReply:client-D0B527BDC3D7->11421ab1-19cb-4764-b505-ce794efeb49e@group-39CA588449F8, cid=10, FAILED org.apache.ratis.protocol.NotLeaderException: Server 11421ab1-19cb-4764-b505-ce794efeb49e@group-39CA588449F8 is not the leader, logIndex=0, commits[11421ab1-19cb-4764-b505-ce794efeb49e:c10, 2e9fa5e4-44d4-40da-9b1b-fd170634e70a:c4, f0d7c07d-0c9c-43c9-b90d-f56b2a8a0f48:c10]
2019-10-15 21:44:29,191 [Thread-661] INFO  impl.FollowerState (FollowerState.java:run(108)) - 2e9fa5e4-44d4-40da-9b1b-fd170634e70a@group-39CA588449F8-FollowerState: change to CANDIDATE, lastRpcTime:77ms, electionTimeout:77ms
2019-10-15 21:44:29,192 [Thread-661] INFO  impl.RoleInfo (RoleInfo.java:shutdownFollowerState(121)) - 2e9fa5e4-44d4-40da-9b1b-fd170634e70a: shutdown FollowerState
2019-10-15 21:44:29,192 [Thread-661] INFO  impl.RaftServerImpl (RaftServerImpl.java:setRole(184)) - 2e9fa5e4-44d4-40da-9b1b-fd170634e70a@group-39CA588449F8: changes role from  FOLLOWER to CANDIDATE at term 20 for changeToCandidate
2019-10-15 21:44:29,192 [Thread-661] INFO  impl.RoleInfo (RoleInfo.java:updateAndGet(143)) - 2e9fa5e4-44d4-40da-9b1b-fd170634e70a: start LeaderElection
2019-10-15 21:44:29,206 [2e9fa5e4-44d4-40da-9b1b-fd170634e70a@group-39CA588449F8-LeaderElection22] INFO  impl.LeaderElection (LeaderElection.java:askForVotes(178)) - 2e9fa5e4-44d4-40da-9b1b-fd170634e70a@group-39CA588449F8-LeaderElection22: begin an election at term 21 for 0: [2e9fa5e4-44d4-40da-9b1b-fd170634e70a:192.168.34.60:33194, 11421ab1-19cb-4764-b505-ce794efeb49e:192.168.34.60:42577, f0d7c07d-0c9c-43c9-b90d-f56b2a8a0f48:192.168.34.60:40619], old=null
2019-10-15 21:44:29,211 [grpc-default-executor-4] INFO  impl.RaftServerImpl (RaftServerImpl.java:setRole(184)) - 11421ab1-19cb-4764-b505-ce794efeb49e@group-39CA588449F8: changes role from  FOLLOWER to FOLLOWER at term 21 for recognizeCandidate:2e9fa5e4-44d4-40da-9b1b-fd170634e70a
2019-10-15 21:44:29,211 [grpc-default-executor-5] INFO  impl.RaftServerImpl (RaftServerImpl.java:setRole(184)) - f0d7c07d-0c9c-43c9-b90d-f56b2a8a0f48@group-39CA588449F8: changes role from  FOLLOWER to FOLLOWER at term 21 for recognizeCandidate:2e9fa5e4-44d4-40da-9b1b-fd170634e70a
2019-10-15 21:44:29,211 [grpc-default-executor-4] INFO  impl.RoleInfo (RoleInfo.java:shutdownFollowerState(121)) - 11421ab1-19cb-4764-b505-ce794efeb49e: shutdown FollowerState
2019-10-15 21:44:29,211 [grpc-default-executor-5] INFO  impl.RoleInfo (RoleInfo.java:shutdownFollowerState(121)) - f0d7c07d-0c9c-43c9-b90d-f56b2a8a0f48: shutdown FollowerState
2019-10-15 21:44:29,211 [Thread-658] INFO  impl.FollowerState (FollowerState.java:run(117)) - 11421ab1-19cb-4764-b505-ce794efeb49e@group-39CA588449F8-FollowerState was interrupted: java.lang.InterruptedException: sleep interrupted
2019-10-15 21:44:29,211 [grpc-default-executor-4] INFO  impl.RoleInfo (RoleInfo.java:updateAndGet(143)) - 11421ab1-19cb-4764-b505-ce794efeb49e: start FollowerState
2019-10-15 21:44:29,212 [Thread-659] INFO  impl.FollowerState (FollowerState.java:run(117)) - f0d7c07d-0c9c-43c9-b90d-f56b2a8a0f48@group-39CA588449F8-FollowerState was interrupted: java.lang.InterruptedException: sleep interrupted
2019-10-15 21:44:29,211 [grpc-default-executor-5] INFO  impl.RoleInfo (RoleInfo.java:updateAndGet(143)) - f0d7c07d-0c9c-43c9-b90d-f56b2a8a0f48: start FollowerState
2019-10-15 21:44:29,227 [2e9fa5e4-44d4-40da-9b1b-fd170634e70a@group-39CA588449F8-LeaderElection22] INFO  impl.LeaderElection (LeaderElection.java:logAndReturn(56)) - 2e9fa5e4-44d4-40da-9b1b-fd170634e70a@group-39CA588449F8-LeaderElection22: Election REJECTED; received 2 response(s) [2e9fa5e4-44d4-40da-9b1b-fd170634e70a<-11421ab1-19cb-4764-b505-ce794efeb49e#0:FAIL-t21, 2e9fa5e4-44d4-40da-9b1b-fd170634e70a<-f0d7c07d-0c9c-43c9-b90d-f56b2a8a0f48#0:FAIL-t21] and 0 exception(s); 2e9fa5e4-44d4-40da-9b1b-fd170634e70a@group-39CA588449F8:t21, leader=null, voted=2e9fa5e4-44d4-40da-9b1b-fd170634e70a, raftlog=2e9fa5e4-44d4-40da-9b1b-fd170634e70a@group-39CA588449F8-SegmentedRaftLog:OPENED:c3,f4,i4, conf=0: [2e9fa5e4-44d4-40da-9b1b-fd170634e70a:192.168.34.60:33194, 11421ab1-19cb-4764-b505-ce794efeb49e:192.168.34.60:42577, f0d7c07d-0c9c-43c9-b90d-f56b2a8a0f48:192.168.34.60:40619], old=null
2019-10-15 21:44:29,227 [2e9fa5e4-44d4-40da-9b1b-fd170634e70a@group-39CA588449F8-LeaderElection22] INFO  impl.RaftServerImpl (RaftServerImpl.java:setRole(184)) - 2e9fa5e4-44d4-40da-9b1b-fd170634e70a@group-39CA588449F8: changes role from CANDIDATE to FOLLOWER at term 21 for DISCOVERED_A_NEW_TERM
2019-10-15 21:44:29,228 [2e9fa5e4-44d4-40da-9b1b-fd170634e70a@group-39CA588449F8-LeaderElection22] INFO  impl.RoleInfo (RoleInfo.java:shutdownLeaderElection(134)) - 2e9fa5e4-44d4-40da-9b1b-fd170634e70a: shutdown LeaderElection
2019-10-15 21:44:29,228 [2e9fa5e4-44d4-40da-9b1b-fd170634e70a@group-39CA588449F8-LeaderElection22] INFO  impl.RoleInfo (RoleInfo.java:updateAndGet(143)) - 2e9fa5e4-44d4-40da-9b1b-fd170634e70a: start FollowerState
2019-10-15 21:44:29,364 [pool-7-thread-2] INFO  commands.RetriableDatanodeEventWatcher (RetriableDatanodeEventWatcher.java:onTimeout(47)) - RetriableDatanodeCommand type=deleteBlocksCommand with id=1571175864363 timed out. Retrying.
2019-10-15 21:44:29,366 [pool-7-thread-5] INFO  commands.RetriableDatanodeEventWatcher (RetriableDatanodeEventWatcher.java:onTimeout(47)) - RetriableDatanodeCommand type=deleteBlocksCommand with id=1571175864358 timed out. Retrying.
2019-10-15 21:44:29,366 [pool-7-thread-3] INFO  commands.RetriableDatanodeEventWatcher (RetriableDatanodeEventWatcher.java:onTimeout(47)) - RetriableDatanodeCommand type=deleteBlocksCommand with id=1571175864362 timed out. Retrying.
2019-10-15 21:44:29,366 [SCMBlockDeletingService#0] INFO  block.SCMBlockDeletingService (SCMBlockDeletingService.java:call(184)) - Totally added 1 delete blocks command for 1 datanodes, task elapsed time: 0ms
2019-10-15 21:44:29,366 [Thread-669] INFO  impl.FollowerState (FollowerState.java:run(108)) - 2e9fa5e4-44d4-40da-9b1b-fd170634e70a@group-39CA588449F8-FollowerState: change to CANDIDATE, lastRpcTime:138ms, electionTimeout:138ms
2019-10-15 21:44:29,366 [pool-7-thread-1] INFO  commands.RetriableDatanodeEventWatcher (RetriableDatanodeEventWatcher.java:onTimeout(47)) - RetriableDatanodeCommand type=deleteBlocksCommand with id=1571175864364 timed out. Retrying.
2019-10-15 21:44:29,366 [Thread-669] INFO  impl.RoleInfo (RoleInfo.java:shutdownFollowerState(121)) - 2e9fa5e4-44d4-40da-9b1b-fd170634e70a: shutdown FollowerState
2019-10-15 21:44:29,367 [pool-7-thread-4] INFO  commands.RetriableDatanodeEventWatcher (RetriableDatanodeEventWatcher.java:onTimeout(47)) - RetriableDatanodeCommand type=deleteBlocksCommand with id=1571175864360 timed out. Retrying.
2019-10-15 21:44:29,367 [Thread-669] INFO  impl.RaftServerImpl (RaftServerImpl.java:setRole(184)) - 2e9fa5e4-44d4-40da-9b1b-fd170634e70a@group-39CA588449F8: changes role from  FOLLOWER to CANDIDATE at term 21 for changeToCandidate
2019-10-15 21:44:29,367 [Thread-669] INFO  impl.RoleInfo (RoleInfo.java:updateAndGet(143)) - 2e9fa5e4-44d4-40da-9b1b-fd170634e70a: start LeaderElection
2019-10-15 21:44:29,381 [2e9fa5e4-44d4-40da-9b1b-fd170634e70a@group-39CA588449F8-LeaderElection23] INFO  impl.LeaderElection (LeaderElection.java:askForVotes(178)) - 2e9fa5e4-44d4-40da-9b1b-fd170634e70a@group-39CA588449F8-LeaderElection23: begin an election at term 22 for 0: [2e9fa5e4-44d4-40da-9b1b-fd170634e70a:192.168.34.60:33194, 11421ab1-19cb-4764-b505-ce794efeb49e:192.168.34.60:42577, f0d7c07d-0c9c-43c9-b90d-f56b2a8a0f48:192.168.34.60:40619], old=null
2019-10-15 21:44:29,388 [grpc-default-executor-5] INFO  impl.RaftServerImpl (RaftServerImpl.java:setRole(184)) - 11421ab1-19cb-4764-b505-ce794efeb49e@group-39CA588449F8: changes role from  FOLLOWER to FOLLOWER at term 22 for recognizeCandidate:2e9fa5e4-44d4-40da-9b1b-fd170634e70a
2019-10-15 21:44:29,388 [grpc-default-executor-4] INFO  impl.RaftServerImpl (RaftServerImpl.java:setRole(184)) - f0d7c07d-0c9c-43c9-b90d-f56b2a8a0f48@group-39CA588449F8: changes role from  FOLLOWER to FOLLOWER at term 22 for recognizeCandidate:2e9fa5e4-44d4-40da-9b1b-fd170634e70a
2019-10-15 21:44:29,388 [grpc-default-executor-5] INFO  impl.RoleInfo (RoleInfo.java:shutdownFollowerState(121)) - 11421ab1-19cb-4764-b505-ce794efeb49e: shutdown FollowerState
2019-10-15 21:44:29,388 [grpc-default-executor-4] INFO  impl.RoleInfo (RoleInfo.java:shutdownFollowerState(121)) - f0d7c07d-0c9c-43c9-b90d-f56b2a8a0f48: shutdown FollowerState
2019-10-15 21:44:29,388 [Thread-667] INFO  impl.FollowerState (FollowerState.java:run(117)) - 11421ab1-19cb-4764-b505-ce794efeb49e@group-39CA588449F8-FollowerState was interrupted: java.lang.InterruptedException: sleep interrupted
2019-10-15 21:44:29,388 [grpc-default-executor-5] INFO  impl.RoleInfo (RoleInfo.java:updateAndGet(143)) - 11421ab1-19cb-4764-b505-ce794efeb49e: start FollowerState
2019-10-15 21:44:29,388 [Thread-668] INFO  impl.FollowerState (FollowerState.java:run(117)) - f0d7c07d-0c9c-43c9-b90d-f56b2a8a0f48@group-39CA588449F8-FollowerState was interrupted: java.lang.InterruptedException: sleep interrupted
2019-10-15 21:44:29,388 [grpc-default-executor-4] INFO  impl.RoleInfo (RoleInfo.java:updateAndGet(143)) - f0d7c07d-0c9c-43c9-b90d-f56b2a8a0f48: start FollowerState
2019-10-15 21:44:29,403 [2e9fa5e4-44d4-40da-9b1b-fd170634e70a@group-39CA588449F8-LeaderElection23] INFO  impl.LeaderElection (LeaderElection.java:logAndReturn(56)) - 2e9fa5e4-44d4-40da-9b1b-fd170634e70a@group-39CA588449F8-LeaderElection23: Election REJECTED; received 2 response(s) [2e9fa5e4-44d4-40da-9b1b-fd170634e70a<-11421ab1-19cb-4764-b505-ce794efeb49e#0:FAIL-t22, 2e9fa5e4-44d4-40da-9b1b-fd170634e70a<-f0d7c07d-0c9c-43c9-b90d-f56b2a8a0f48#0:FAIL-t22] and 0 exception(s); 2e9fa5e4-44d4-40da-9b1b-fd170634e70a@group-39CA588449F8:t22, leader=null, voted=2e9fa5e4-44d4-40da-9b1b-fd170634e70a, raftlog=2e9fa5e4-44d4-40da-9b1b-fd170634e70a@group-39CA588449F8-SegmentedRaftLog:OPENED:c3,f4,i4, conf=0: [2e9fa5e4-44d4-40da-9b1b-fd170634e70a:192.168.34.60:33194, 11421ab1-19cb-4764-b505-ce794efeb49e:192.168.34.60:42577, f0d7c07d-0c9c-43c9-b90d-f56b2a8a0f48:192.168.34.60:40619], old=null
2019-10-15 21:44:29,404 [2e9fa5e4-44d4-40da-9b1b-fd170634e70a@group-39CA588449F8-LeaderElection23] INFO  impl.RaftServerImpl (RaftServerImpl.java:setRole(184)) - 2e9fa5e4-44d4-40da-9b1b-fd170634e70a@group-39CA588449F8: changes role from CANDIDATE to FOLLOWER at term 22 for DISCOVERED_A_NEW_TERM
2019-10-15 21:44:29,404 [2e9fa5e4-44d4-40da-9b1b-fd170634e70a@group-39CA588449F8-LeaderElection23] INFO  impl.RoleInfo (RoleInfo.java:shutdownLeaderElection(134)) - 2e9fa5e4-44d4-40da-9b1b-fd170634e70a: shutdown LeaderElection
2019-10-15 21:44:29,404 [2e9fa5e4-44d4-40da-9b1b-fd170634e70a@group-39CA588449F8-LeaderElection23] INFO  impl.RoleInfo (RoleInfo.java:updateAndGet(143)) - 2e9fa5e4-44d4-40da-9b1b-fd170634e70a: start FollowerState
2019-10-15 21:44:29,571 [Thread-675] INFO  impl.FollowerState (FollowerState.java:run(108)) - 2e9fa5e4-44d4-40da-9b1b-fd170634e70a@group-39CA588449F8-FollowerState: change to CANDIDATE, lastRpcTime:167ms, electionTimeout:167ms
2019-10-15 21:44:29,572 [Thread-675] INFO  impl.RoleInfo (RoleInfo.java:shutdownFollowerState(121)) - 2e9fa5e4-44d4-40da-9b1b-fd170634e70a: shutdown FollowerState
2019-10-15 21:44:29,573 [Thread-675] INFO  impl.RaftServerImpl (RaftServerImpl.java:setRole(184)) - 2e9fa5e4-44d4-40da-9b1b-fd170634e70a@group-39CA588449F8: changes role from  FOLLOWER to CANDIDATE at term 22 for changeToCandidate
2019-10-15 21:44:29,573 [Thread-675] INFO  impl.RoleInfo (RoleInfo.java:updateAndGet(143)) - 2e9fa5e4-44d4-40da-9b1b-fd170634e70a: start LeaderElection
2019-10-15 21:44:29,585 [BlockDeletingService#2] WARN  background.BlockDeletingService (BlockDeletingService.java:isDeletionAllowed(187)) - Close Container log Index 6 is not replicated across allthe servers in the pipeline a3e553f0-b812-4dfc-8692-39ca588449f8 as the min replicated index is 4. Deletion is not allowed in this container yet.
2019-10-15 21:44:29,585 [BlockDeletingService#2] WARN  background.BlockDeletingService (BlockDeletingService.java:isDeletionAllowed(187)) - Close Container log Index 6 is not replicated across allthe servers in the pipeline a3e553f0-b812-4dfc-8692-39ca588449f8 as the min replicated index is 4. Deletion is not allowed in this container yet.
2019-10-15 21:44:29,586 [2e9fa5e4-44d4-40da-9b1b-fd170634e70a@group-39CA588449F8-LeaderElection24] INFO  impl.LeaderElection (LeaderElection.java:askForVotes(178)) - 2e9fa5e4-44d4-40da-9b1b-fd170634e70a@group-39CA588449F8-LeaderElection24: begin an election at term 23 for 0: [2e9fa5e4-44d4-40da-9b1b-fd170634e70a:192.168.34.60:33194, 11421ab1-19cb-4764-b505-ce794efeb49e:192.168.34.60:42577, f0d7c07d-0c9c-43c9-b90d-f56b2a8a0f48:192.168.34.60:40619], old=null
2019-10-15 21:44:29,589 [grpc-default-executor-5] INFO  impl.RaftServerImpl (RaftServerImpl.java:setRole(184)) - 11421ab1-19cb-4764-b505-ce794efeb49e@group-39CA588449F8: changes role from  FOLLOWER to FOLLOWER at term 23 for recognizeCandidate:2e9fa5e4-44d4-40da-9b1b-fd170634e70a
2019-10-15 21:44:29,589 [grpc-default-executor-4] INFO  impl.RaftServerImpl (RaftServerImpl.java:setRole(184)) - f0d7c07d-0c9c-43c9-b90d-f56b2a8a0f48@group-39CA588449F8: changes role from  FOLLOWER to FOLLOWER at term 23 for recognizeCandidate:2e9fa5e4-44d4-40da-9b1b-fd170634e70a
2019-10-15 21:44:29,589 [grpc-default-executor-5] INFO  impl.RoleInfo (RoleInfo.java:shutdownFollowerState(121)) - 11421ab1-19cb-4764-b505-ce794efeb49e: shutdown FollowerState
2019-10-15 21:44:29,589 [grpc-default-executor-4] INFO  impl.RoleInfo (RoleInfo.java:shutdownFollowerState(121)) - f0d7c07d-0c9c-43c9-b90d-f56b2a8a0f48: shutdown FollowerState
2019-10-15 21:44:29,589 [Thread-673] INFO  impl.FollowerState (FollowerState.java:run(117)) - 11421ab1-19cb-4764-b505-ce794efeb49e@group-39CA588449F8-FollowerState was interrupted: java.lang.InterruptedException: sleep interrupted
2019-10-15 21:44:29,589 [grpc-default-executor-5] INFO  impl.RoleInfo (RoleInfo.java:updateAndGet(143)) - 11421ab1-19cb-4764-b505-ce794efeb49e: start FollowerState
2019-10-15 21:44:29,589 [Thread-674] INFO  impl.FollowerState (FollowerState.java:run(117)) - f0d7c07d-0c9c-43c9-b90d-f56b2a8a0f48@group-39CA588449F8-FollowerState was interrupted: java.lang.InterruptedException: sleep interrupted
2019-10-15 21:44:29,589 [grpc-default-executor-4] INFO  impl.RoleInfo (RoleInfo.java:updateAndGet(143)) - f0d7c07d-0c9c-43c9-b90d-f56b2a8a0f48: start FollowerState
2019-10-15 21:44:29,605 [2e9fa5e4-44d4-40da-9b1b-fd170634e70a@group-39CA588449F8-LeaderElection24] INFO  impl.LeaderElection (LeaderElection.java:logAndReturn(56)) - 2e9fa5e4-44d4-40da-9b1b-fd170634e70a@group-39CA588449F8-LeaderElection24: Election REJECTED; received 2 response(s) [2e9fa5e4-44d4-40da-9b1b-fd170634e70a<-11421ab1-19cb-4764-b505-ce794efeb49e#0:FAIL-t23, 2e9fa5e4-44d4-40da-9b1b-fd170634e70a<-f0d7c07d-0c9c-43c9-b90d-f56b2a8a0f48#0:FAIL-t23] and 0 exception(s); 2e9fa5e4-44d4-40da-9b1b-fd170634e70a@group-39CA588449F8:t23, leader=null, voted=2e9fa5e4-44d4-40da-9b1b-fd170634e70a, raftlog=2e9fa5e4-44d4-40da-9b1b-fd170634e70a@group-39CA588449F8-SegmentedRaftLog:OPENED:c3,f4,i4, conf=0: [2e9fa5e4-44d4-40da-9b1b-fd170634e70a:192.168.34.60:33194, 11421ab1-19cb-4764-b505-ce794efeb49e:192.168.34.60:42577, f0d7c07d-0c9c-43c9-b90d-f56b2a8a0f48:192.168.34.60:40619], old=null
2019-10-15 21:44:29,605 [2e9fa5e4-44d4-40da-9b1b-fd170634e70a@group-39CA588449F8-LeaderElection24] INFO  impl.RaftServerImpl (RaftServerImpl.java:setRole(184)) - 2e9fa5e4-44d4-40da-9b1b-fd170634e70a@group-39CA588449F8: changes role from CANDIDATE to FOLLOWER at term 23 for DISCOVERED_A_NEW_TERM
2019-10-15 21:44:29,605 [2e9fa5e4-44d4-40da-9b1b-fd170634e70a@group-39CA588449F8-LeaderElection24] INFO  impl.RoleInfo (RoleInfo.java:shutdownLeaderElection(134)) - 2e9fa5e4-44d4-40da-9b1b-fd170634e70a: shutdown LeaderElection
2019-10-15 21:44:29,605 [2e9fa5e4-44d4-40da-9b1b-fd170634e70a@group-39CA588449F8-LeaderElection24] INFO  impl.RoleInfo (RoleInfo.java:updateAndGet(143)) - 2e9fa5e4-44d4-40da-9b1b-fd170634e70a: start FollowerState
2019-10-15 21:44:29,777 [Thread-683] INFO  impl.FollowerState (FollowerState.java:run(108)) - 2e9fa5e4-44d4-40da-9b1b-fd170634e70a@group-39CA588449F8-FollowerState: change to CANDIDATE, lastRpcTime:171ms, electionTimeout:171ms
2019-10-15 21:44:29,778 [Thread-683] INFO  impl.RoleInfo (RoleInfo.java:shutdownFollowerState(121)) - 2e9fa5e4-44d4-40da-9b1b-fd170634e70a: shutdown FollowerState
2019-10-15 21:44:29,778 [Thread-683] INFO  impl.RaftServerImpl (RaftServerImpl.java:setRole(184)) - 2e9fa5e4-44d4-40da-9b1b-fd170634e70a@group-39CA588449F8: changes role from  FOLLOWER to CANDIDATE at term 23 for changeToCandidate
2019-10-15 21:44:29,778 [Thread-683] INFO  impl.RoleInfo (RoleInfo.java:updateAndGet(143)) - 2e9fa5e4-44d4-40da-9b1b-fd170634e70a: start LeaderElection
2019-10-15 21:44:29,792 [2e9fa5e4-44d4-40da-9b1b-fd170634e70a@group-39CA588449F8-LeaderElection25] INFO  impl.LeaderElection (LeaderElection.java:askForVotes(178)) - 2e9fa5e4-44d4-40da-9b1b-fd170634e70a@group-39CA588449F8-LeaderElection25: begin an election at term 24 for 0: [2e9fa5e4-44d4-40da-9b1b-fd170634e70a:192.168.34.60:33194, 11421ab1-19cb-4764-b505-ce794efeb49e:192.168.34.60:42577, f0d7c07d-0c9c-43c9-b90d-f56b2a8a0f48:192.168.34.60:40619], old=null
2019-10-15 21:44:29,795 [grpc-default-executor-5] INFO  impl.RaftServerImpl (RaftServerImpl.java:setRole(184)) - 11421ab1-19cb-4764-b505-ce794efeb49e@group-39CA588449F8: changes role from  FOLLOWER to FOLLOWER at term 24 for recognizeCandidate:2e9fa5e4-44d4-40da-9b1b-fd170634e70a
2019-10-15 21:44:29,795 [grpc-default-executor-5] INFO  impl.RoleInfo (RoleInfo.java:shutdownFollowerState(121)) - 11421ab1-19cb-4764-b505-ce794efeb49e: shutdown FollowerState
2019-10-15 21:44:29,795 [grpc-default-executor-4] INFO  impl.RaftServerImpl (RaftServerImpl.java:setRole(184)) - f0d7c07d-0c9c-43c9-b90d-f56b2a8a0f48@group-39CA588449F8: changes role from  FOLLOWER to FOLLOWER at term 24 for recognizeCandidate:2e9fa5e4-44d4-40da-9b1b-fd170634e70a
2019-10-15 21:44:29,795 [Thread-681] INFO  impl.FollowerState (FollowerState.java:run(117)) - 11421ab1-19cb-4764-b505-ce794efeb49e@group-39CA588449F8-FollowerState was interrupted: java.lang.InterruptedException: sleep interrupted
2019-10-15 21:44:29,795 [grpc-default-executor-5] INFO  impl.RoleInfo (RoleInfo.java:updateAndGet(143)) - 11421ab1-19cb-4764-b505-ce794efeb49e: start FollowerState
2019-10-15 21:44:29,795 [grpc-default-executor-4] INFO  impl.RoleInfo (RoleInfo.java:shutdownFollowerState(121)) - f0d7c07d-0c9c-43c9-b90d-f56b2a8a0f48: shutdown FollowerState
2019-10-15 21:44:29,796 [grpc-default-executor-4] INFO  impl.RoleInfo (RoleInfo.java:updateAndGet(143)) - f0d7c07d-0c9c-43c9-b90d-f56b2a8a0f48: start FollowerState
2019-10-15 21:44:29,796 [Thread-682] INFO  impl.FollowerState (FollowerState.java:run(117)) - f0d7c07d-0c9c-43c9-b90d-f56b2a8a0f48@group-39CA588449F8-FollowerState was interrupted: java.lang.InterruptedException: sleep interrupted
2019-10-15 21:44:29,811 [2e9fa5e4-44d4-40da-9b1b-fd170634e70a@group-39CA588449F8-LeaderElection25] INFO  impl.LeaderElection (LeaderElection.java:logAndReturn(56)) - 2e9fa5e4-44d4-40da-9b1b-fd170634e70a@group-39CA588449F8-LeaderElection25: Election REJECTED; received 2 response(s) [2e9fa5e4-44d4-40da-9b1b-fd170634e70a<-11421ab1-19cb-4764-b505-ce794efeb49e#0:FAIL-t24, 2e9fa5e4-44d4-40da-9b1b-fd170634e70a<-f0d7c07d-0c9c-43c9-b90d-f56b2a8a0f48#0:FAIL-t24] and 0 exception(s); 2e9fa5e4-44d4-40da-9b1b-fd170634e70a@group-39CA588449F8:t24, leader=null, voted=2e9fa5e4-44d4-40da-9b1b-fd170634e70a, raftlog=2e9fa5e4-44d4-40da-9b1b-fd170634e70a@group-39CA588449F8-SegmentedRaftLog:OPENED:c3,f4,i4, conf=0: [2e9fa5e4-44d4-40da-9b1b-fd170634e70a:192.168.34.60:33194, 11421ab1-19cb-4764-b505-ce794efeb49e:192.168.34.60:42577, f0d7c07d-0c9c-43c9-b90d-f56b2a8a0f48:192.168.34.60:40619], old=null
2019-10-15 21:44:29,811 [2e9fa5e4-44d4-40da-9b1b-fd170634e70a@group-39CA588449F8-LeaderElection25] INFO  impl.RaftServerImpl (RaftServerImpl.java:setRole(184)) - 2e9fa5e4-44d4-40da-9b1b-fd170634e70a@group-39CA588449F8: changes role from CANDIDATE to FOLLOWER at term 24 for DISCOVERED_A_NEW_TERM
2019-10-15 21:44:29,811 [2e9fa5e4-44d4-40da-9b1b-fd170634e70a@group-39CA588449F8-LeaderElection25] INFO  impl.RoleInfo (RoleInfo.java:shutdownLeaderElection(134)) - 2e9fa5e4-44d4-40da-9b1b-fd170634e70a: shutdown LeaderElection
2019-10-15 21:44:29,811 [2e9fa5e4-44d4-40da-9b1b-fd170634e70a@group-39CA588449F8-LeaderElection25] INFO  impl.RoleInfo (RoleInfo.java:updateAndGet(143)) - 2e9fa5e4-44d4-40da-9b1b-fd170634e70a: start FollowerState
2019-10-15 21:44:29,964 [Thread-689] INFO  impl.FollowerState (FollowerState.java:run(108)) - 2e9fa5e4-44d4-40da-9b1b-fd170634e70a@group-39CA588449F8-FollowerState: change to CANDIDATE, lastRpcTime:152ms, electionTimeout:152ms
2019-10-15 21:44:29,966 [Thread-689] INFO  impl.RoleInfo (RoleInfo.java:shutdownFollowerState(121)) - 2e9fa5e4-44d4-40da-9b1b-fd170634e70a: shutdown FollowerState
2019-10-15 21:44:29,966 [Thread-689] INFO  impl.RaftServerImpl (RaftServerImpl.java:setRole(184)) - 2e9fa5e4-44d4-40da-9b1b-fd170634e70a@group-39CA588449F8: changes role from  FOLLOWER to CANDIDATE at term 24 for changeToCandidate
2019-10-15 21:44:29,966 [Thread-689] INFO  impl.RoleInfo (RoleInfo.java:updateAndGet(143)) - 2e9fa5e4-44d4-40da-9b1b-fd170634e70a: start LeaderElection
2019-10-15 21:44:29,980 [2e9fa5e4-44d4-40da-9b1b-fd170634e70a@group-39CA588449F8-LeaderElection26] INFO  impl.LeaderElection (LeaderElection.java:askForVotes(178)) - 2e9fa5e4-44d4-40da-9b1b-fd170634e70a@group-39CA588449F8-LeaderElection26: begin an election at term 25 for 0: [2e9fa5e4-44d4-40da-9b1b-fd170634e70a:192.168.34.60:33194, 11421ab1-19cb-4764-b505-ce794efeb49e:192.168.34.60:42577, f0d7c07d-0c9c-43c9-b90d-f56b2a8a0f48:192.168.34.60:40619], old=null
2019-10-15 21:44:29,983 [grpc-default-executor-5] INFO  impl.RaftServerImpl (RaftServerImpl.java:setRole(184)) - 11421ab1-19cb-4764-b505-ce794efeb49e@group-39CA588449F8: changes role from  FOLLOWER to FOLLOWER at term 25 for recognizeCandidate:2e9fa5e4-44d4-40da-9b1b-fd170634e70a
2019-10-15 21:44:29,984 [grpc-default-executor-5] INFO  impl.RoleInfo (RoleInfo.java:shutdownFollowerState(121)) - 11421ab1-19cb-4764-b505-ce794efeb49e: shutdown FollowerState
2019-10-15 21:44:29,983 [grpc-default-executor-4] INFO  impl.RaftServerImpl (RaftServerImpl.java:setRole(184)) - f0d7c07d-0c9c-43c9-b90d-f56b2a8a0f48@group-39CA588449F8: changes role from  FOLLOWER to FOLLOWER at term 25 for recognizeCandidate:2e9fa5e4-44d4-40da-9b1b-fd170634e70a
2019-10-15 21:44:29,984 [Thread-687] INFO  impl.FollowerState (FollowerState.java:run(117)) - 11421ab1-19cb-4764-b505-ce794efeb49e@group-39CA588449F8-FollowerState was interrupted: java.lang.InterruptedException: sleep interrupted
2019-10-15 21:44:29,984 [grpc-default-executor-5] INFO  impl.RoleInfo (RoleInfo.java:updateAndGet(143)) - 11421ab1-19cb-4764-b505-ce794efeb49e: start FollowerState
2019-10-15 21:44:29,984 [grpc-default-executor-4] INFO  impl.RoleInfo (RoleInfo.java:shutdownFollowerState(121)) - f0d7c07d-0c9c-43c9-b90d-f56b2a8a0f48: shutdown FollowerState
2019-10-15 21:44:29,984 [grpc-default-executor-4] INFO  impl.RoleInfo (RoleInfo.java:updateAndGet(143)) - f0d7c07d-0c9c-43c9-b90d-f56b2a8a0f48: start FollowerState
2019-10-15 21:44:29,985 [Thread-688] INFO  impl.FollowerState (FollowerState.java:run(117)) - f0d7c07d-0c9c-43c9-b90d-f56b2a8a0f48@group-39CA588449F8-FollowerState was interrupted: java.lang.InterruptedException: sleep interrupted
2019-10-15 21:44:29,999 [2e9fa5e4-44d4-40da-9b1b-fd170634e70a@group-39CA588449F8-LeaderElection26] INFO  impl.LeaderElection (LeaderElection.java:logAndReturn(56)) - 2e9fa5e4-44d4-40da-9b1b-fd170634e70a@group-39CA588449F8-LeaderElection26: Election REJECTED; received 2 response(s) [2e9fa5e4-44d4-40da-9b1b-fd170634e70a<-11421ab1-19cb-4764-b505-ce794efeb49e#0:FAIL-t25, 2e9fa5e4-44d4-40da-9b1b-fd170634e70a<-f0d7c07d-0c9c-43c9-b90d-f56b2a8a0f48#0:FAIL-t25] and 0 exception(s); 2e9fa5e4-44d4-40da-9b1b-fd170634e70a@group-39CA588449F8:t25, leader=null, voted=2e9fa5e4-44d4-40da-9b1b-fd170634e70a, raftlog=2e9fa5e4-44d4-40da-9b1b-fd170634e70a@group-39CA588449F8-SegmentedRaftLog:OPENED:c3,f4,i4, conf=0: [2e9fa5e4-44d4-40da-9b1b-fd170634e70a:192.168.34.60:33194, 11421ab1-19cb-4764-b505-ce794efeb49e:192.168.34.60:42577, f0d7c07d-0c9c-43c9-b90d-f56b2a8a0f48:192.168.34.60:40619], old=null
2019-10-15 21:44:29,999 [2e9fa5e4-44d4-40da-9b1b-fd170634e70a@group-39CA588449F8-LeaderElection26] INFO  impl.RaftServerImpl (RaftServerImpl.java:setRole(184)) - 2e9fa5e4-44d4-40da-9b1b-fd170634e70a@group-39CA588449F8: changes role from CANDIDATE to FOLLOWER at term 25 for DISCOVERED_A_NEW_TERM
2019-10-15 21:44:30,000 [2e9fa5e4-44d4-40da-9b1b-fd170634e70a@group-39CA588449F8-LeaderElection26] INFO  impl.RoleInfo (RoleInfo.java:shutdownLeaderElection(134)) - 2e9fa5e4-44d4-40da-9b1b-fd170634e70a: shutdown LeaderElection
2019-10-15 21:44:30,000 [2e9fa5e4-44d4-40da-9b1b-fd170634e70a@group-39CA588449F8-LeaderElection26] INFO  impl.RoleInfo (RoleInfo.java:updateAndGet(143)) - 2e9fa5e4-44d4-40da-9b1b-fd170634e70a: start FollowerState
2019-10-15 21:44:30,013 [Thread-696] INFO  impl.FollowerState (FollowerState.java:run(108)) - 2e9fa5e4-44d4-40da-9b1b-fd170634e70a@group-39CA588449F8-FollowerState: change to CANDIDATE, lastRpcTime:13ms, electionTimeout:13ms
2019-10-15 21:44:30,014 [Thread-696] INFO  impl.RoleInfo (RoleInfo.java:shutdownFollowerState(121)) - 2e9fa5e4-44d4-40da-9b1b-fd170634e70a: shutdown FollowerState
2019-10-15 21:44:30,014 [Thread-696] INFO  impl.RaftServerImpl (RaftServerImpl.java:setRole(184)) - 2e9fa5e4-44d4-40da-9b1b-fd170634e70a@group-39CA588449F8: changes role from  FOLLOWER to CANDIDATE at term 25 for changeToCandidate
2019-10-15 21:44:30,014 [Thread-696] INFO  impl.RoleInfo (RoleInfo.java:updateAndGet(143)) - 2e9fa5e4-44d4-40da-9b1b-fd170634e70a: start LeaderElection
2019-10-15 21:44:30,029 [2e9fa5e4-44d4-40da-9b1b-fd170634e70a@group-39CA588449F8-LeaderElection27] INFO  impl.LeaderElection (LeaderElection.java:askForVotes(178)) - 2e9fa5e4-44d4-40da-9b1b-fd170634e70a@group-39CA588449F8-LeaderElection27: begin an election at term 26 for 0: [2e9fa5e4-44d4-40da-9b1b-fd170634e70a:192.168.34.60:33194, 11421ab1-19cb-4764-b505-ce794efeb49e:192.168.34.60:42577, f0d7c07d-0c9c-43c9-b90d-f56b2a8a0f48:192.168.34.60:40619], old=null
2019-10-15 21:44:30,031 [grpc-default-executor-4] INFO  impl.RaftServerImpl (RaftServerImpl.java:setRole(184)) - f0d7c07d-0c9c-43c9-b90d-f56b2a8a0f48@group-39CA588449F8: changes role from  FOLLOWER to FOLLOWER at term 26 for recognizeCandidate:2e9fa5e4-44d4-40da-9b1b-fd170634e70a
2019-10-15 21:44:30,031 [grpc-default-executor-5] INFO  impl.RaftServerImpl (RaftServerImpl.java:setRole(184)) - 11421ab1-19cb-4764-b505-ce794efeb49e@group-39CA588449F8: changes role from  FOLLOWER to FOLLOWER at term 26 for recognizeCandidate:2e9fa5e4-44d4-40da-9b1b-fd170634e70a
2019-10-15 21:44:30,032 [grpc-default-executor-4] INFO  impl.RoleInfo (RoleInfo.java:shutdownFollowerState(121)) - f0d7c07d-0c9c-43c9-b90d-f56b2a8a0f48: shutdown FollowerState
2019-10-15 21:44:30,032 [grpc-default-executor-5] INFO  impl.RoleInfo (RoleInfo.java:shutdownFollowerState(121)) - 11421ab1-19cb-4764-b505-ce794efeb49e: shutdown FollowerState
2019-10-15 21:44:30,032 [Thread-695] INFO  impl.FollowerState (FollowerState.java:run(117)) - f0d7c07d-0c9c-43c9-b90d-f56b2a8a0f48@group-39CA588449F8-FollowerState was interrupted: java.lang.InterruptedException: sleep interrupted
2019-10-15 21:44:30,032 [grpc-default-executor-4] INFO  impl.RoleInfo (RoleInfo.java:updateAndGet(143)) - f0d7c07d-0c9c-43c9-b90d-f56b2a8a0f48: start FollowerState
2019-10-15 21:44:30,032 [Thread-694] INFO  impl.FollowerState (FollowerState.java:run(117)) - 11421ab1-19cb-4764-b505-ce794efeb49e@group-39CA588449F8-FollowerState was interrupted: java.lang.InterruptedException: sleep interrupted
2019-10-15 21:44:30,032 [grpc-default-executor-5] INFO  impl.RoleInfo (RoleInfo.java:updateAndGet(143)) - 11421ab1-19cb-4764-b505-ce794efeb49e: start FollowerState
2019-10-15 21:44:30,048 [2e9fa5e4-44d4-40da-9b1b-fd170634e70a@group-39CA588449F8-LeaderElection27] INFO  impl.LeaderElection (LeaderElection.java:logAndReturn(56)) - 2e9fa5e4-44d4-40da-9b1b-fd170634e70a@group-39CA588449F8-LeaderElection27: Election REJECTED; received 2 response(s) [2e9fa5e4-44d4-40da-9b1b-fd170634e70a<-11421ab1-19cb-4764-b505-ce794efeb49e#0:FAIL-t26, 2e9fa5e4-44d4-40da-9b1b-fd170634e70a<-f0d7c07d-0c9c-43c9-b90d-f56b2a8a0f48#0:FAIL-t26] and 0 exception(s); 2e9fa5e4-44d4-40da-9b1b-fd170634e70a@group-39CA588449F8:t26, leader=null, voted=2e9fa5e4-44d4-40da-9b1b-fd170634e70a, raftlog=2e9fa5e4-44d4-40da-9b1b-fd170634e70a@group-39CA588449F8-SegmentedRaftLog:OPENED:c3,f4,i4, conf=0: [2e9fa5e4-44d4-40da-9b1b-fd170634e70a:192.168.34.60:33194, 11421ab1-19cb-4764-b505-ce794efeb49e:192.168.34.60:42577, f0d7c07d-0c9c-43c9-b90d-f56b2a8a0f48:192.168.34.60:40619], old=null
2019-10-15 21:44:30,049 [2e9fa5e4-44d4-40da-9b1b-fd170634e70a@group-39CA588449F8-LeaderElection27] INFO  impl.RaftServerImpl (RaftServerImpl.java:setRole(184)) - 2e9fa5e4-44d4-40da-9b1b-fd170634e70a@group-39CA588449F8: changes role from CANDIDATE to FOLLOWER at term 26 for DISCOVERED_A_NEW_TERM
2019-10-15 21:44:30,049 [2e9fa5e4-44d4-40da-9b1b-fd170634e70a@group-39CA588449F8-LeaderElection27] INFO  impl.RoleInfo (RoleInfo.java:shutdownLeaderElection(134)) - 2e9fa5e4-44d4-40da-9b1b-fd170634e70a: shutdown LeaderElection
2019-10-15 21:44:30,049 [2e9fa5e4-44d4-40da-9b1b-fd170634e70a@group-39CA588449F8-LeaderElection27] INFO  impl.RoleInfo (RoleInfo.java:updateAndGet(143)) - 2e9fa5e4-44d4-40da-9b1b-fd170634e70a: start FollowerState
2019-10-15 21:44:30,059 [java.util.concurrent.ThreadPoolExecutor$Worker@18284111[State = -1, empty queue]] WARN  server.GrpcLogAppender (GrpcLogAppender.java:timeoutAppendRequest(209)) - 11421ab1-19cb-4764-b505-ce794efeb49e@group-39CA588449F8->2e9fa5e4-44d4-40da-9b1b-fd170634e70a-GrpcLogAppender: appendEntries Timeout, request=11421ab1-19cb-4764-b505-ce794efeb49e->2e9fa5e4-44d4-40da-9b1b-fd170634e70a#52-t4, previous=(t:4, i:10), leaderCommit=10, initializing? false, entries: <empty>
2019-10-15 21:44:30,122 [Thread-702] INFO  impl.FollowerState (FollowerState.java:run(108)) - 2e9fa5e4-44d4-40da-9b1b-fd170634e70a@group-39CA588449F8-FollowerState: change to CANDIDATE, lastRpcTime:73ms, electionTimeout:73ms
2019-10-15 21:44:30,122 [Thread-702] INFO  impl.RoleInfo (RoleInfo.java:shutdownFollowerState(121)) - 2e9fa5e4-44d4-40da-9b1b-fd170634e70a: shutdown FollowerState
2019-10-15 21:44:30,123 [Thread-702] INFO  impl.RaftServerImpl (RaftServerImpl.java:setRole(184)) - 2e9fa5e4-44d4-40da-9b1b-fd170634e70a@group-39CA588449F8: changes role from  FOLLOWER to CANDIDATE at term 26 for changeToCandidate
2019-10-15 21:44:30,123 [Thread-702] INFO  impl.RoleInfo (RoleInfo.java:updateAndGet(143)) - 2e9fa5e4-44d4-40da-9b1b-fd170634e70a: start LeaderElection
2019-10-15 21:44:30,132 [Thread-705] INFO  client.GrpcClientProtocolService (GrpcClientProtocolService.java:lambda$processClientRequest$0(278)) - Failed RaftClientRequest:client-D0B527BDC3D7->f0d7c07d-0c9c-43c9-b90d-f56b2a8a0f48@group-39CA588449F8, cid=10, seq=0, Watch-ALL_COMMITTED(6), Message:<EMPTY>, reply=RaftClientReply:client-D0B527BDC3D7->f0d7c07d-0c9c-43c9-b90d-f56b2a8a0f48@group-39CA588449F8, cid=10, FAILED org.apache.ratis.protocol.NotLeaderException: Server f0d7c07d-0c9c-43c9-b90d-f56b2a8a0f48@group-39CA588449F8 is not the leader, logIndex=0, commits[f0d7c07d-0c9c-43c9-b90d-f56b2a8a0f48:c10, 2e9fa5e4-44d4-40da-9b1b-fd170634e70a:c4, 11421ab1-19cb-4764-b505-ce794efeb49e:c10]
2019-10-15 21:44:30,138 [2e9fa5e4-44d4-40da-9b1b-fd170634e70a@group-39CA588449F8-LeaderElection28] INFO  impl.LeaderElection (LeaderElection.java:askForVotes(178)) - 2e9fa5e4-44d4-40da-9b1b-fd170634e70a@group-39CA588449F8-LeaderElection28: begin an election at term 27 for 0: [2e9fa5e4-44d4-40da-9b1b-fd170634e70a:192.168.34.60:33194, 11421ab1-19cb-4764-b505-ce794efeb49e:192.168.34.60:42577, f0d7c07d-0c9c-43c9-b90d-f56b2a8a0f48:192.168.34.60:40619], old=null
2019-10-15 21:44:30,145 [grpc-default-executor-5] INFO  impl.RaftServerImpl (RaftServerImpl.java:setRole(184)) - 11421ab1-19cb-4764-b505-ce794efeb49e@group-39CA588449F8: changes role from  FOLLOWER to FOLLOWER at term 27 for recognizeCandidate:2e9fa5e4-44d4-40da-9b1b-fd170634e70a
2019-10-15 21:44:30,146 [grpc-default-executor-5] INFO  impl.RoleInfo (RoleInfo.java:shutdownFollowerState(121)) - 11421ab1-19cb-4764-b505-ce794efeb49e: shutdown FollowerState
2019-10-15 21:44:30,146 [grpc-default-executor-5] INFO  impl.RoleInfo (RoleInfo.java:updateAndGet(143)) - 11421ab1-19cb-4764-b505-ce794efeb49e: start FollowerState
2019-10-15 21:44:30,147 [Thread-701] INFO  impl.FollowerState (FollowerState.java:run(117)) - 11421ab1-19cb-4764-b505-ce794efeb49e@group-39CA588449F8-FollowerState was interrupted: java.lang.InterruptedException: sleep interrupted
2019-10-15 21:44:30,148 [grpc-default-executor-4] INFO  impl.RaftServerImpl (RaftServerImpl.java:setRole(184)) - f0d7c07d-0c9c-43c9-b90d-f56b2a8a0f48@group-39CA588449F8: changes role from  FOLLOWER to FOLLOWER at term 27 for recognizeCandidate:2e9fa5e4-44d4-40da-9b1b-fd170634e70a
2019-10-15 21:44:30,148 [grpc-default-executor-4] INFO  impl.RoleInfo (RoleInfo.java:shutdownFollowerState(121)) - f0d7c07d-0c9c-43c9-b90d-f56b2a8a0f48: shutdown FollowerState
2019-10-15 21:44:30,148 [grpc-default-executor-4] INFO  impl.RoleInfo (RoleInfo.java:updateAndGet(143)) - f0d7c07d-0c9c-43c9-b90d-f56b2a8a0f48: start FollowerState
2019-10-15 21:44:30,148 [Thread-700] INFO  impl.FollowerState (FollowerState.java:run(117)) - f0d7c07d-0c9c-43c9-b90d-f56b2a8a0f48@group-39CA588449F8-FollowerState was interrupted: java.lang.InterruptedException: sleep interrupted
2019-10-15 21:44:30,160 [2e9fa5e4-44d4-40da-9b1b-fd170634e70a@group-39CA588449F8-LeaderElection28] INFO  impl.LeaderElection (LeaderElection.java:logAndReturn(56)) - 2e9fa5e4-44d4-40da-9b1b-fd170634e70a@group-39CA588449F8-LeaderElection28: Election TIMEOUT; received 0 response(s) [] and 0 exception(s); 2e9fa5e4-44d4-40da-9b1b-fd170634e70a@group-39CA588449F8:t27, leader=null, voted=2e9fa5e4-44d4-40da-9b1b-fd170634e70a, raftlog=2e9fa5e4-44d4-40da-9b1b-fd170634e70a@group-39CA588449F8-SegmentedRaftLog:OPENED:c3,f4,i4, conf=0: [2e9fa5e4-44d4-40da-9b1b-fd170634e70a:192.168.34.60:33194, 11421ab1-19cb-4764-b505-ce794efeb49e:192.168.34.60:42577, f0d7c07d-0c9c-43c9-b90d-f56b2a8a0f48:192.168.34.60:40619], old=null
2019-10-15 21:44:30,174 [2e9fa5e4-44d4-40da-9b1b-fd170634e70a@group-39CA588449F8-LeaderElection28] INFO  impl.LeaderElection (LeaderElection.java:askForVotes(178)) - 2e9fa5e4-44d4-40da-9b1b-fd170634e70a@group-39CA588449F8-LeaderElection28: begin an election at term 28 for 0: [2e9fa5e4-44d4-40da-9b1b-fd170634e70a:192.168.34.60:33194, 11421ab1-19cb-4764-b505-ce794efeb49e:192.168.34.60:42577, f0d7c07d-0c9c-43c9-b90d-f56b2a8a0f48:192.168.34.60:40619], old=null
2019-10-15 21:44:30,177 [grpc-default-executor-4] INFO  impl.RaftServerImpl (RaftServerImpl.java:setRole(184)) - 11421ab1-19cb-4764-b505-ce794efeb49e@group-39CA588449F8: changes role from  FOLLOWER to FOLLOWER at term 28 for recognizeCandidate:2e9fa5e4-44d4-40da-9b1b-fd170634e70a
2019-10-15 21:44:30,178 [grpc-default-executor-4] INFO  impl.RoleInfo (RoleInfo.java:shutdownFollowerState(121)) - 11421ab1-19cb-4764-b505-ce794efeb49e: shutdown FollowerState
2019-10-15 21:44:30,178 [grpc-default-executor-4] INFO  impl.RoleInfo (RoleInfo.java:updateAndGet(143)) - 11421ab1-19cb-4764-b505-ce794efeb49e: start FollowerState
2019-10-15 21:44:30,178 [grpc-default-executor-5] INFO  impl.RaftServerImpl (RaftServerImpl.java:setRole(184)) - f0d7c07d-0c9c-43c9-b90d-f56b2a8a0f48@group-39CA588449F8: changes role from  FOLLOWER to FOLLOWER at term 28 for recognizeCandidate:2e9fa5e4-44d4-40da-9b1b-fd170634e70a
2019-10-15 21:44:30,178 [Thread-709] INFO  impl.FollowerState (FollowerState.java:run(117)) - 11421ab1-19cb-4764-b505-ce794efeb49e@group-39CA588449F8-FollowerState was interrupted: java.lang.InterruptedException: sleep interrupted
2019-10-15 21:44:30,179 [grpc-default-executor-5] INFO  impl.RoleInfo (RoleInfo.java:shutdownFollowerState(121)) - f0d7c07d-0c9c-43c9-b90d-f56b2a8a0f48: shutdown FollowerState
2019-10-15 21:44:30,179 [grpc-default-executor-5] INFO  impl.RoleInfo (RoleInfo.java:updateAndGet(143)) - f0d7c07d-0c9c-43c9-b90d-f56b2a8a0f48: start FollowerState
2019-10-15 21:44:30,179 [Thread-710] INFO  impl.FollowerState (FollowerState.java:run(117)) - f0d7c07d-0c9c-43c9-b90d-f56b2a8a0f48@group-39CA588449F8-FollowerState was interrupted: java.lang.InterruptedException: sleep interrupted
2019-10-15 21:44:30,193 [2e9fa5e4-44d4-40da-9b1b-fd170634e70a@group-39CA588449F8-LeaderElection28] INFO  impl.LeaderElection (LeaderElection.java:logAndReturn(56)) - 2e9fa5e4-44d4-40da-9b1b-fd170634e70a@group-39CA588449F8-LeaderElection28: Election REJECTED; received 2 response(s) [2e9fa5e4-44d4-40da-9b1b-fd170634e70a<-11421ab1-19cb-4764-b505-ce794efeb49e#0:FAIL-t28, 2e9fa5e4-44d4-40da-9b1b-fd170634e70a<-f0d7c07d-0c9c-43c9-b90d-f56b2a8a0f48#0:FAIL-t28] and 0 exception(s); 2e9fa5e4-44d4-40da-9b1b-fd170634e70a@group-39CA588449F8:t28, leader=null, voted=2e9fa5e4-44d4-40da-9b1b-fd170634e70a, raftlog=2e9fa5e4-44d4-40da-9b1b-fd170634e70a@group-39CA588449F8-SegmentedRaftLog:OPENED:c3,f4,i4, conf=0: [2e9fa5e4-44d4-40da-9b1b-fd170634e70a:192.168.34.60:33194, 11421ab1-19cb-4764-b505-ce794efeb49e:192.168.34.60:42577, f0d7c07d-0c9c-43c9-b90d-f56b2a8a0f48:192.168.34.60:40619], old=null
2019-10-15 21:44:30,194 [2e9fa5e4-44d4-40da-9b1b-fd170634e70a@group-39CA588449F8-LeaderElection28] INFO  impl.RaftServerImpl (RaftServerImpl.java:setRole(184)) - 2e9fa5e4-44d4-40da-9b1b-fd170634e70a@group-39CA588449F8: changes role from CANDIDATE to FOLLOWER at term 28 for DISCOVERED_A_NEW_TERM
2019-10-15 21:44:30,194 [2e9fa5e4-44d4-40da-9b1b-fd170634e70a@group-39CA588449F8-LeaderElection28] INFO  impl.RoleInfo (RoleInfo.java:shutdownLeaderElection(134)) - 2e9fa5e4-44d4-40da-9b1b-fd170634e70a: shutdown LeaderElection
2019-10-15 21:44:30,194 [2e9fa5e4-44d4-40da-9b1b-fd170634e70a@group-39CA588449F8-LeaderElection28] INFO  impl.RoleInfo (RoleInfo.java:updateAndGet(143)) - 2e9fa5e4-44d4-40da-9b1b-fd170634e70a: start FollowerState
2019-10-15 21:44:30,307 [Thread-715] INFO  impl.FollowerState (FollowerState.java:run(108)) - 2e9fa5e4-44d4-40da-9b1b-fd170634e70a@group-39CA588449F8-FollowerState: change to CANDIDATE, lastRpcTime:113ms, electionTimeout:113ms
2019-10-15 21:44:30,309 [Thread-715] INFO  impl.RoleInfo (RoleInfo.java:shutdownFollowerState(121)) - 2e9fa5e4-44d4-40da-9b1b-fd170634e70a: shutdown FollowerState
2019-10-15 21:44:30,309 [Thread-715] INFO  impl.RaftServerImpl (RaftServerImpl.java:setRole(184)) - 2e9fa5e4-44d4-40da-9b1b-fd170634e70a@group-39CA588449F8: changes role from  FOLLOWER to CANDIDATE at term 28 for changeToCandidate
2019-10-15 21:44:30,309 [Thread-715] INFO  impl.RoleInfo (RoleInfo.java:updateAndGet(143)) - 2e9fa5e4-44d4-40da-9b1b-fd170634e70a: start LeaderElection
2019-10-15 21:44:30,323 [2e9fa5e4-44d4-40da-9b1b-fd170634e70a@group-39CA588449F8-LeaderElection29] INFO  impl.LeaderElection (LeaderElection.java:askForVotes(178)) - 2e9fa5e4-44d4-40da-9b1b-fd170634e70a@group-39CA588449F8-LeaderElection29: begin an election at term 29 for 0: [2e9fa5e4-44d4-40da-9b1b-fd170634e70a:192.168.34.60:33194, 11421ab1-19cb-4764-b505-ce794efeb49e:192.168.34.60:42577, f0d7c07d-0c9c-43c9-b90d-f56b2a8a0f48:192.168.34.60:40619], old=null
2019-10-15 21:44:30,326 [grpc-default-executor-4] INFO  impl.RaftServerImpl (RaftServerImpl.java:setRole(184)) - f0d7c07d-0c9c-43c9-b90d-f56b2a8a0f48@group-39CA588449F8: changes role from  FOLLOWER to FOLLOWER at term 29 for recognizeCandidate:2e9fa5e4-44d4-40da-9b1b-fd170634e70a
2019-10-15 21:44:30,326 [grpc-default-executor-5] INFO  impl.RaftServerImpl (RaftServerImpl.java:setRole(184)) - 11421ab1-19cb-4764-b505-ce794efeb49e@group-39CA588449F8: changes role from  FOLLOWER to FOLLOWER at term 29 for recognizeCandidate:2e9fa5e4-44d4-40da-9b1b-fd170634e70a
2019-10-15 21:44:30,326 [grpc-default-executor-4] INFO  impl.RoleInfo (RoleInfo.java:shutdownFollowerState(121)) - f0d7c07d-0c9c-43c9-b90d-f56b2a8a0f48: shutdown FollowerState
2019-10-15 21:44:30,326 [grpc-default-executor-5] INFO  impl.RoleInfo (RoleInfo.java:shutdownFollowerState(121)) - 11421ab1-19cb-4764-b505-ce794efeb49e: shutdown FollowerState
2019-10-15 21:44:30,327 [Thread-714] INFO  impl.FollowerState (FollowerState.java:run(117)) - f0d7c07d-0c9c-43c9-b90d-f56b2a8a0f48@group-39CA588449F8-FollowerState was interrupted: java.lang.InterruptedException: sleep interrupted
2019-10-15 21:44:30,326 [grpc-default-executor-4] INFO  impl.RoleInfo (RoleInfo.java:updateAndGet(143)) - f0d7c07d-0c9c-43c9-b90d-f56b2a8a0f48: start FollowerState
2019-10-15 21:44:30,327 [Thread-713] INFO  impl.FollowerState (FollowerState.java:run(117)) - 11421ab1-19cb-4764-b505-ce794efeb49e@group-39CA588449F8-FollowerState was interrupted: java.lang.InterruptedException: sleep interrupted
2019-10-15 21:44:30,327 [grpc-default-executor-5] INFO  impl.RoleInfo (RoleInfo.java:updateAndGet(143)) - 11421ab1-19cb-4764-b505-ce794efeb49e: start FollowerState
2019-10-15 21:44:30,342 [2e9fa5e4-44d4-40da-9b1b-fd170634e70a@group-39CA588449F8-LeaderElection29] INFO  impl.LeaderElection (LeaderElection.java:logAndReturn(56)) - 2e9fa5e4-44d4-40da-9b1b-fd170634e70a@group-39CA588449F8-LeaderElection29: Election REJECTED; received 2 response(s) [2e9fa5e4-44d4-40da-9b1b-fd170634e70a<-11421ab1-19cb-4764-b505-ce794efeb49e#0:FAIL-t29, 2e9fa5e4-44d4-40da-9b1b-fd170634e70a<-f0d7c07d-0c9c-43c9-b90d-f56b2a8a0f48#0:FAIL-t29] and 0 exception(s); 2e9fa5e4-44d4-40da-9b1b-fd170634e70a@group-39CA588449F8:t29, leader=null, voted=2e9fa5e4-44d4-40da-9b1b-fd170634e70a, raftlog=2e9fa5e4-44d4-40da-9b1b-fd170634e70a@group-39CA588449F8-SegmentedRaftLog:OPENED:c3,f4,i4, conf=0: [2e9fa5e4-44d4-40da-9b1b-fd170634e70a:192.168.34.60:33194, 11421ab1-19cb-4764-b505-ce794efeb49e:192.168.34.60:42577, f0d7c07d-0c9c-43c9-b90d-f56b2a8a0f48:192.168.34.60:40619], old=null
2019-10-15 21:44:30,342 [2e9fa5e4-44d4-40da-9b1b-fd170634e70a@group-39CA588449F8-LeaderElection29] INFO  impl.RaftServerImpl (RaftServerImpl.java:setRole(184)) - 2e9fa5e4-44d4-40da-9b1b-fd170634e70a@group-39CA588449F8: changes role from CANDIDATE to FOLLOWER at term 29 for DISCOVERED_A_NEW_TERM
2019-10-15 21:44:30,342 [2e9fa5e4-44d4-40da-9b1b-fd170634e70a@group-39CA588449F8-LeaderElection29] INFO  impl.RoleInfo (RoleInfo.java:shutdownLeaderElection(134)) - 2e9fa5e4-44d4-40da-9b1b-fd170634e70a: shutdown LeaderElection
2019-10-15 21:44:30,343 [2e9fa5e4-44d4-40da-9b1b-fd170634e70a@group-39CA588449F8-LeaderElection29] INFO  impl.RoleInfo (RoleInfo.java:updateAndGet(143)) - 2e9fa5e4-44d4-40da-9b1b-fd170634e70a: start FollowerState
2019-10-15 21:44:30,366 [pool-7-thread-4] INFO  commands.RetriableDatanodeEventWatcher (RetriableDatanodeEventWatcher.java:onTimeout(47)) - RetriableDatanodeCommand type=deleteBlocksCommand with id=1571175864364 timed out. Retrying.
2019-10-15 21:44:30,368 [pool-7-thread-6] INFO  commands.RetriableDatanodeEventWatcher (RetriableDatanodeEventWatcher.java:onTimeout(47)) - RetriableDatanodeCommand type=deleteBlocksCommand with id=1571175864358 timed out. Retrying.
2019-10-15 21:44:30,368 [pool-7-thread-5] INFO  commands.RetriableDatanodeEventWatcher (RetriableDatanodeEventWatcher.java:onTimeout(47)) - RetriableDatanodeCommand type=deleteBlocksCommand with id=1571175864362 timed out. Retrying.
2019-10-15 21:44:30,368 [SCMBlockDeletingService#0] INFO  block.SCMBlockDeletingService (SCMBlockDeletingService.java:call(184)) - Totally added 1 delete blocks command for 1 datanodes, task elapsed time: 1ms
2019-10-15 21:44:30,368 [pool-7-thread-2] INFO  commands.RetriableDatanodeEventWatcher (RetriableDatanodeEventWatcher.java:onTimeout(47)) - RetriableDatanodeCommand type=deleteBlocksCommand with id=1571175864363 timed out. Retrying.
2019-10-15 21:44:30,369 [pool-7-thread-3] INFO  commands.RetriableDatanodeEventWatcher (RetriableDatanodeEventWatcher.java:onTimeout(47)) - RetriableDatanodeCommand type=deleteBlocksCommand with id=1571175864360 timed out. Retrying.
2019-10-15 21:44:30,369 [pool-7-thread-1] INFO  commands.RetriableDatanodeEventWatcher (RetriableDatanodeEventWatcher.java:onTimeout(47)) - RetriableDatanodeCommand type=deleteBlocksCommand with id=1571175864365 timed out. Retrying.
2019-10-15 21:44:30,463 [Thread-721] INFO  impl.FollowerState (FollowerState.java:run(108)) - 2e9fa5e4-44d4-40da-9b1b-fd170634e70a@group-39CA588449F8-FollowerState: change to CANDIDATE, lastRpcTime:120ms, electionTimeout:120ms
2019-10-15 21:44:30,463 [Thread-721] INFO  impl.RoleInfo (RoleInfo.java:shutdownFollowerState(121)) - 2e9fa5e4-44d4-40da-9b1b-fd170634e70a: shutdown FollowerState
2019-10-15 21:44:30,463 [Thread-721] INFO  impl.RaftServerImpl (RaftServerImpl.java:setRole(184)) - 2e9fa5e4-44d4-40da-9b1b-fd170634e70a@group-39CA588449F8: changes role from  FOLLOWER to CANDIDATE at term 29 for changeToCandidate
2019-10-15 21:44:30,464 [Thread-721] INFO  impl.RoleInfo (RoleInfo.java:updateAndGet(143)) - 2e9fa5e4-44d4-40da-9b1b-fd170634e70a: start LeaderElection
2019-10-15 21:44:30,477 [2e9fa5e4-44d4-40da-9b1b-fd170634e70a@group-39CA588449F8-LeaderElection30] INFO  impl.LeaderElection (LeaderElection.java:askForVotes(178)) - 2e9fa5e4-44d4-40da-9b1b-fd170634e70a@group-39CA588449F8-LeaderElection30: begin an election at term 30 for 0: [2e9fa5e4-44d4-40da-9b1b-fd170634e70a:192.168.34.60:33194, 11421ab1-19cb-4764-b505-ce794efeb49e:192.168.34.60:42577, f0d7c07d-0c9c-43c9-b90d-f56b2a8a0f48:192.168.34.60:40619], old=null
2019-10-15 21:44:30,480 [grpc-default-executor-5] INFO  impl.RaftServerImpl (RaftServerImpl.java:setRole(184)) - 11421ab1-19cb-4764-b505-ce794efeb49e@group-39CA588449F8: changes role from  FOLLOWER to FOLLOWER at term 30 for recognizeCandidate:2e9fa5e4-44d4-40da-9b1b-fd170634e70a
2019-10-15 21:44:30,480 [grpc-default-executor-4] INFO  impl.RaftServerImpl (RaftServerImpl.java:setRole(184)) - f0d7c07d-0c9c-43c9-b90d-f56b2a8a0f48@group-39CA588449F8: changes role from  FOLLOWER to FOLLOWER at term 30 for recognizeCandidate:2e9fa5e4-44d4-40da-9b1b-fd170634e70a
2019-10-15 21:44:30,480 [grpc-default-executor-5] INFO  impl.RoleInfo (RoleInfo.java:shutdownFollowerState(121)) - 11421ab1-19cb-4764-b505-ce794efeb49e: shutdown FollowerState
2019-10-15 21:44:30,480 [grpc-default-executor-4] INFO  impl.RoleInfo (RoleInfo.java:shutdownFollowerState(121)) - f0d7c07d-0c9c-43c9-b90d-f56b2a8a0f48: shutdown FollowerState
2019-10-15 21:44:30,480 [Thread-720] INFO  impl.FollowerState (FollowerState.java:run(117)) - 11421ab1-19cb-4764-b505-ce794efeb49e@group-39CA588449F8-FollowerState was interrupted: java.lang.InterruptedException: sleep interrupted
2019-10-15 21:44:30,480 [grpc-default-executor-5] INFO  impl.RoleInfo (RoleInfo.java:updateAndGet(143)) - 11421ab1-19cb-4764-b505-ce794efeb49e: start FollowerState
2019-10-15 21:44:30,480 [Thread-719] INFO  impl.FollowerState (FollowerState.java:run(117)) - f0d7c07d-0c9c-43c9-b90d-f56b2a8a0f48@group-39CA588449F8-FollowerState was interrupted: java.lang.InterruptedException: sleep interrupted
2019-10-15 21:44:30,480 [grpc-default-executor-4] INFO  impl.RoleInfo (RoleInfo.java:updateAndGet(143)) - f0d7c07d-0c9c-43c9-b90d-f56b2a8a0f48: start FollowerState
2019-10-15 21:44:30,492 [2e9fa5e4-44d4-40da-9b1b-fd170634e70a@group-39CA588449F8-LeaderElection30] INFO  impl.LeaderElection (LeaderElection.java:logAndReturn(56)) - 2e9fa5e4-44d4-40da-9b1b-fd170634e70a@group-39CA588449F8-LeaderElection30: Election TIMEOUT; received 0 response(s) [] and 0 exception(s); 2e9fa5e4-44d4-40da-9b1b-fd170634e70a@group-39CA588449F8:t30, leader=null, voted=2e9fa5e4-44d4-40da-9b1b-fd170634e70a, raftlog=2e9fa5e4-44d4-40da-9b1b-fd170634e70a@group-39CA588449F8-SegmentedRaftLog:OPENED:c3,f4,i4, conf=0: [2e9fa5e4-44d4-40da-9b1b-fd170634e70a:192.168.34.60:33194, 11421ab1-19cb-4764-b505-ce794efeb49e:192.168.34.60:42577, f0d7c07d-0c9c-43c9-b90d-f56b2a8a0f48:192.168.34.60:40619], old=null
2019-10-15 21:44:30,496 [2e9fa5e4-44d4-40da-9b1b-fd170634e70a@group-39CA588449F8-LeaderElection30] INFO  impl.LeaderElection (LeaderElection.java:askForVotes(178)) - 2e9fa5e4-44d4-40da-9b1b-fd170634e70a@group-39CA588449F8-LeaderElection30: begin an election at term 31 for 0: [2e9fa5e4-44d4-40da-9b1b-fd170634e70a:192.168.34.60:33194, 11421ab1-19cb-4764-b505-ce794efeb49e:192.168.34.60:42577, f0d7c07d-0c9c-43c9-b90d-f56b2a8a0f48:192.168.34.60:40619], old=null
2019-10-15 21:44:30,498 [grpc-default-executor-4] INFO  impl.RaftServerImpl (RaftServerImpl.java:setRole(184)) - 11421ab1-19cb-4764-b505-ce794efeb49e@group-39CA588449F8: changes role from  FOLLOWER to FOLLOWER at term 31 for recognizeCandidate:2e9fa5e4-44d4-40da-9b1b-fd170634e70a
2019-10-15 21:44:30,500 [grpc-default-executor-4] INFO  impl.RoleInfo (RoleInfo.java:shutdownFollowerState(121)) - 11421ab1-19cb-4764-b505-ce794efeb49e: shutdown FollowerState
2019-10-15 21:44:30,500 [grpc-default-executor-5] INFO  impl.RaftServerImpl (RaftServerImpl.java:setRole(184)) - f0d7c07d-0c9c-43c9-b90d-f56b2a8a0f48@group-39CA588449F8: changes role from  FOLLOWER to FOLLOWER at term 31 for recognizeCandidate:2e9fa5e4-44d4-40da-9b1b-fd170634e70a
2019-10-15 21:44:30,500 [Thread-725] INFO  impl.FollowerState (FollowerState.java:run(117)) - 11421ab1-19cb-4764-b505-ce794efeb49e@group-39CA588449F8-FollowerState was interrupted: java.lang.InterruptedException: sleep interrupted
2019-10-15 21:44:30,500 [grpc-default-executor-4] INFO  impl.RoleInfo (RoleInfo.java:updateAndGet(143)) - 11421ab1-19cb-4764-b505-ce794efeb49e: start FollowerState
2019-10-15 21:44:30,500 [grpc-default-executor-5] INFO  impl.RoleInfo (RoleInfo.java:shutdownFollowerState(121)) - f0d7c07d-0c9c-43c9-b90d-f56b2a8a0f48: shutdown FollowerState
2019-10-15 21:44:30,500 [grpc-default-executor-5] INFO  impl.RoleInfo (RoleInfo.java:updateAndGet(143)) - f0d7c07d-0c9c-43c9-b90d-f56b2a8a0f48: start FollowerState
2019-10-15 21:44:30,500 [Thread-726] INFO  impl.FollowerState (FollowerState.java:run(117)) - f0d7c07d-0c9c-43c9-b90d-f56b2a8a0f48@group-39CA588449F8-FollowerState was interrupted: java.lang.InterruptedException: sleep interrupted
2019-10-15 21:44:30,514 [2e9fa5e4-44d4-40da-9b1b-fd170634e70a@group-39CA588449F8-LeaderElection30] INFO  impl.LeaderElection (LeaderElection.java:logAndReturn(56)) - 2e9fa5e4-44d4-40da-9b1b-fd170634e70a@group-39CA588449F8-LeaderElection30: Election REJECTED; received 2 response(s) [2e9fa5e4-44d4-40da-9b1b-fd170634e70a<-11421ab1-19cb-4764-b505-ce794efeb49e#0:FAIL-t31, 2e9fa5e4-44d4-40da-9b1b-fd170634e70a<-f0d7c07d-0c9c-43c9-b90d-f56b2a8a0f48#0:FAIL-t31] and 0 exception(s); 2e9fa5e4-44d4-40da-9b1b-fd170634e70a@group-39CA588449F8:t31, leader=null, voted=2e9fa5e4-44d4-40da-9b1b-fd170634e70a, raftlog=2e9fa5e4-44d4-40da-9b1b-fd170634e70a@group-39CA588449F8-SegmentedRaftLog:OPENED:c3,f4,i4, conf=0: [2e9fa5e4-44d4-40da-9b1b-fd170634e70a:192.168.34.60:33194, 11421ab1-19cb-4764-b505-ce794efeb49e:192.168.34.60:42577, f0d7c07d-0c9c-43c9-b90d-f56b2a8a0f48:192.168.34.60:40619], old=null
2019-10-15 21:44:30,514 [2e9fa5e4-44d4-40da-9b1b-fd170634e70a@group-39CA588449F8-LeaderElection30] INFO  impl.RaftServerImpl (RaftServerImpl.java:setRole(184)) - 2e9fa5e4-44d4-40da-9b1b-fd170634e70a@group-39CA588449F8: changes role from CANDIDATE to FOLLOWER at term 31 for DISCOVERED_A_NEW_TERM
2019-10-15 21:44:30,514 [2e9fa5e4-44d4-40da-9b1b-fd170634e70a@group-39CA588449F8-LeaderElection30] INFO  impl.RoleInfo (RoleInfo.java:shutdownLeaderElection(134)) - 2e9fa5e4-44d4-40da-9b1b-fd170634e70a: shutdown LeaderElection
2019-10-15 21:44:30,514 [2e9fa5e4-44d4-40da-9b1b-fd170634e70a@group-39CA588449F8-LeaderElection30] INFO  impl.RoleInfo (RoleInfo.java:updateAndGet(143)) - 2e9fa5e4-44d4-40da-9b1b-fd170634e70a: start FollowerState
2019-10-15 21:44:30,586 [BlockDeletingService#2] WARN  background.BlockDeletingService (BlockDeletingService.java:isDeletionAllowed(187)) - Close Container log Index 6 is not replicated across allthe servers in the pipeline a3e553f0-b812-4dfc-8692-39ca588449f8 as the min replicated index is 4. Deletion is not allowed in this container yet.
2019-10-15 21:44:30,587 [BlockDeletingService#2] WARN  background.BlockDeletingService (BlockDeletingService.java:isDeletionAllowed(187)) - Close Container log Index 6 is not replicated across allthe servers in the pipeline a3e553f0-b812-4dfc-8692-39ca588449f8 as the min replicated index is 4. Deletion is not allowed in this container yet.
2019-10-15 21:44:30,697 [Thread-731] INFO  impl.FollowerState (FollowerState.java:run(108)) - 2e9fa5e4-44d4-40da-9b1b-fd170634e70a@group-39CA588449F8-FollowerState: change to CANDIDATE, lastRpcTime:182ms, electionTimeout:182ms
2019-10-15 21:44:30,697 [Thread-731] INFO  impl.RoleInfo (RoleInfo.java:shutdownFollowerState(121)) - 2e9fa5e4-44d4-40da-9b1b-fd170634e70a: shutdown FollowerState
2019-10-15 21:44:30,697 [Thread-731] INFO  impl.RaftServerImpl (RaftServerImpl.java:setRole(184)) - 2e9fa5e4-44d4-40da-9b1b-fd170634e70a@group-39CA588449F8: changes role from  FOLLOWER to CANDIDATE at term 31 for changeToCandidate
2019-10-15 21:44:30,697 [Thread-731] INFO  impl.RoleInfo (RoleInfo.java:updateAndGet(143)) - 2e9fa5e4-44d4-40da-9b1b-fd170634e70a: start LeaderElection
2019-10-15 21:44:30,711 [2e9fa5e4-44d4-40da-9b1b-fd170634e70a@group-39CA588449F8-LeaderElection31] INFO  impl.LeaderElection (LeaderElection.java:askForVotes(178)) - 2e9fa5e4-44d4-40da-9b1b-fd170634e70a@group-39CA588449F8-LeaderElection31: begin an election at term 32 for 0: [2e9fa5e4-44d4-40da-9b1b-fd170634e70a:192.168.34.60:33194, 11421ab1-19cb-4764-b505-ce794efeb49e:192.168.34.60:42577, f0d7c07d-0c9c-43c9-b90d-f56b2a8a0f48:192.168.34.60:40619], old=null
2019-10-15 21:44:30,714 [grpc-default-executor-5] INFO  impl.RaftServerImpl (RaftServerImpl.java:setRole(184)) - f0d7c07d-0c9c-43c9-b90d-f56b2a8a0f48@group-39CA588449F8: changes role from  FOLLOWER to FOLLOWER at term 32 for recognizeCandidate:2e9fa5e4-44d4-40da-9b1b-fd170634e70a
2019-10-15 21:44:30,714 [grpc-default-executor-5] INFO  impl.RoleInfo (RoleInfo.java:shutdownFollowerState(121)) - f0d7c07d-0c9c-43c9-b90d-f56b2a8a0f48: shutdown FollowerState
2019-10-15 21:44:30,714 [grpc-default-executor-4] INFO  impl.RaftServerImpl (RaftServerImpl.java:setRole(184)) - 11421ab1-19cb-4764-b505-ce794efeb49e@group-39CA588449F8: changes role from  FOLLOWER to FOLLOWER at term 32 for recognizeCandidate:2e9fa5e4-44d4-40da-9b1b-fd170634e70a
2019-10-15 21:44:30,714 [Thread-730] INFO  impl.FollowerState (FollowerState.java:run(117)) - f0d7c07d-0c9c-43c9-b90d-f56b2a8a0f48@group-39CA588449F8-FollowerState was interrupted: java.lang.InterruptedException: sleep interrupted
2019-10-15 21:44:30,714 [grpc-default-executor-5] INFO  impl.RoleInfo (RoleInfo.java:updateAndGet(143)) - f0d7c07d-0c9c-43c9-b90d-f56b2a8a0f48: start FollowerState
2019-10-15 21:44:30,714 [grpc-default-executor-4] INFO  impl.RoleInfo (RoleInfo.java:shutdownFollowerState(121)) - 11421ab1-19cb-4764-b505-ce794efeb49e: shutdown FollowerState
2019-10-15 21:44:30,715 [grpc-default-executor-4] INFO  impl.RoleInfo (RoleInfo.java:updateAndGet(143)) - 11421ab1-19cb-4764-b505-ce794efeb49e: start FollowerState
2019-10-15 21:44:30,715 [Thread-729] INFO  impl.FollowerState (FollowerState.java:run(117)) - 11421ab1-19cb-4764-b505-ce794efeb49e@group-39CA588449F8-FollowerState was interrupted: java.lang.InterruptedException: sleep interrupted
2019-10-15 21:44:30,730 [2e9fa5e4-44d4-40da-9b1b-fd170634e70a@group-39CA588449F8-LeaderElection31] INFO  impl.LeaderElection (LeaderElection.java:logAndReturn(56)) - 2e9fa5e4-44d4-40da-9b1b-fd170634e70a@group-39CA588449F8-LeaderElection31: Election REJECTED; received 2 response(s) [2e9fa5e4-44d4-40da-9b1b-fd170634e70a<-11421ab1-19cb-4764-b505-ce794efeb49e#0:FAIL-t32, 2e9fa5e4-44d4-40da-9b1b-fd170634e70a<-f0d7c07d-0c9c-43c9-b90d-f56b2a8a0f48#0:FAIL-t32] and 0 exception(s); 2e9fa5e4-44d4-40da-9b1b-fd170634e70a@group-39CA588449F8:t32, leader=null, voted=2e9fa5e4-44d4-40da-9b1b-fd170634e70a, raftlog=2e9fa5e4-44d4-40da-9b1b-fd170634e70a@group-39CA588449F8-SegmentedRaftLog:OPENED:c3,f4,i4, conf=0: [2e9fa5e4-44d4-40da-9b1b-fd170634e70a:192.168.34.60:33194, 11421ab1-19cb-4764-b505-ce794efeb49e:192.168.34.60:42577, f0d7c07d-0c9c-43c9-b90d-f56b2a8a0f48:192.168.34.60:40619], old=null
2019-10-15 21:44:30,730 [2e9fa5e4-44d4-40da-9b1b-fd170634e70a@group-39CA588449F8-LeaderElection31] INFO  impl.RaftServerImpl (RaftServerImpl.java:setRole(184)) - 2e9fa5e4-44d4-40da-9b1b-fd170634e70a@group-39CA588449F8: changes role from CANDIDATE to FOLLOWER at term 32 for DISCOVERED_A_NEW_TERM
2019-10-15 21:44:30,730 [2e9fa5e4-44d4-40da-9b1b-fd170634e70a@group-39CA588449F8-LeaderElection31] INFO  impl.RoleInfo (RoleInfo.java:shutdownLeaderElection(134)) - 2e9fa5e4-44d4-40da-9b1b-fd170634e70a: shutdown LeaderElection
2019-10-15 21:44:30,730 [2e9fa5e4-44d4-40da-9b1b-fd170634e70a@group-39CA588449F8-LeaderElection31] INFO  impl.RoleInfo (RoleInfo.java:updateAndGet(143)) - 2e9fa5e4-44d4-40da-9b1b-fd170634e70a: start FollowerState
2019-10-15 21:44:30,805 [EventQueue-PendingDeleteStatusForPendingDeleteHandler] INFO  block.SCMBlockDeletingService (SCMBlockDeletingService.java:handlePendingDeletes(115)) - Block deletion txnID mismatch in datanode 2e9fa5e4-44d4-40da-9b1b-fd170634e70a for containerID 1. Datanode delete txnID: 0, SCM txnID: 1
2019-10-15 21:44:30,859 [Thread-739] INFO  impl.FollowerState (FollowerState.java:run(108)) - 2e9fa5e4-44d4-40da-9b1b-fd170634e70a@group-39CA588449F8-FollowerState: change to CANDIDATE, lastRpcTime:128ms, electionTimeout:128ms
2019-10-15 21:44:30,859 [Thread-739] INFO  impl.RoleInfo (RoleInfo.java:shutdownFollowerState(121)) - 2e9fa5e4-44d4-40da-9b1b-fd170634e70a: shutdown FollowerState
2019-10-15 21:44:30,859 [Thread-739] INFO  impl.RaftServerImpl (RaftServerImpl.java:setRole(184)) - 2e9fa5e4-44d4-40da-9b1b-fd170634e70a@group-39CA588449F8: changes role from  FOLLOWER to CANDIDATE at term 32 for changeToCandidate
2019-10-15 21:44:30,859 [Thread-739] INFO  impl.RoleInfo (RoleInfo.java:updateAndGet(143)) - 2e9fa5e4-44d4-40da-9b1b-fd170634e70a: start LeaderElection
2019-10-15 21:44:30,873 [2e9fa5e4-44d4-40da-9b1b-fd170634e70a@group-39CA588449F8-LeaderElection32] INFO  impl.LeaderElection (LeaderElection.java:askForVotes(178)) - 2e9fa5e4-44d4-40da-9b1b-fd170634e70a@group-39CA588449F8-LeaderElection32: begin an election at term 33 for 0: [2e9fa5e4-44d4-40da-9b1b-fd170634e70a:192.168.34.60:33194, 11421ab1-19cb-4764-b505-ce794efeb49e:192.168.34.60:42577, f0d7c07d-0c9c-43c9-b90d-f56b2a8a0f48:192.168.34.60:40619], old=null
2019-10-15 21:44:30,876 [grpc-default-executor-5] INFO  impl.RaftServerImpl (RaftServerImpl.java:setRole(184)) - 11421ab1-19cb-4764-b505-ce794efeb49e@group-39CA588449F8: changes role from  FOLLOWER to FOLLOWER at term 33 for recognizeCandidate:2e9fa5e4-44d4-40da-9b1b-fd170634e70a
2019-10-15 21:44:30,876 [grpc-default-executor-5] INFO  impl.RoleInfo (RoleInfo.java:shutdownFollowerState(121)) - 11421ab1-19cb-4764-b505-ce794efeb49e: shutdown FollowerState
2019-10-15 21:44:30,876 [grpc-default-executor-4] INFO  impl.RaftServerImpl (RaftServerImpl.java:setRole(184)) - f0d7c07d-0c9c-43c9-b90d-f56b2a8a0f48@group-39CA588449F8: changes role from  FOLLOWER to FOLLOWER at term 33 for recognizeCandidate:2e9fa5e4-44d4-40da-9b1b-fd170634e70a
2019-10-15 21:44:30,876 [Thread-738] INFO  impl.FollowerState (FollowerState.java:run(117)) - 11421ab1-19cb-4764-b505-ce794efeb49e@group-39CA588449F8-FollowerState was interrupted: java.lang.InterruptedException: sleep interrupted
2019-10-15 21:44:30,876 [grpc-default-executor-5] INFO  impl.RoleInfo (RoleInfo.java:updateAndGet(143)) - 11421ab1-19cb-4764-b505-ce794efeb49e: start FollowerState
2019-10-15 21:44:30,876 [grpc-default-executor-4] INFO  impl.RoleInfo (RoleInfo.java:shutdownFollowerState(121)) - f0d7c07d-0c9c-43c9-b90d-f56b2a8a0f48: shutdown FollowerState
2019-10-15 21:44:30,877 [grpc-default-executor-4] INFO  impl.RoleInfo (RoleInfo.java:updateAndGet(143)) - f0d7c07d-0c9c-43c9-b90d-f56b2a8a0f48: start FollowerState
2019-10-15 21:44:30,877 [Thread-737] INFO  impl.FollowerState (FollowerState.java:run(117)) - f0d7c07d-0c9c-43c9-b90d-f56b2a8a0f48@group-39CA588449F8-FollowerState was interrupted: java.lang.InterruptedException: sleep interrupted
2019-10-15 21:44:30,895 [2e9fa5e4-44d4-40da-9b1b-fd170634e70a@group-39CA588449F8-LeaderElection32] INFO  impl.LeaderElection (LeaderElection.java:logAndReturn(56)) - 2e9fa5e4-44d4-40da-9b1b-fd170634e70a@group-39CA588449F8-LeaderElection32: Election REJECTED; received 2 response(s) [2e9fa5e4-44d4-40da-9b1b-fd170634e70a<-11421ab1-19cb-4764-b505-ce794efeb49e#0:FAIL-t33, 2e9fa5e4-44d4-40da-9b1b-fd170634e70a<-f0d7c07d-0c9c-43c9-b90d-f56b2a8a0f48#0:FAIL-t33] and 0 exception(s); 2e9fa5e4-44d4-40da-9b1b-fd170634e70a@group-39CA588449F8:t33, leader=null, voted=2e9fa5e4-44d4-40da-9b1b-fd170634e70a, raftlog=2e9fa5e4-44d4-40da-9b1b-fd170634e70a@group-39CA588449F8-SegmentedRaftLog:OPENED:c3,f4,i4, conf=0: [2e9fa5e4-44d4-40da-9b1b-fd170634e70a:192.168.34.60:33194, 11421ab1-19cb-4764-b505-ce794efeb49e:192.168.34.60:42577, f0d7c07d-0c9c-43c9-b90d-f56b2a8a0f48:192.168.34.60:40619], old=null
2019-10-15 21:44:30,895 [2e9fa5e4-44d4-40da-9b1b-fd170634e70a@group-39CA588449F8-LeaderElection32] INFO  impl.RaftServerImpl (RaftServerImpl.java:setRole(184)) - 2e9fa5e4-44d4-40da-9b1b-fd170634e70a@group-39CA588449F8: changes role from CANDIDATE to FOLLOWER at term 33 for DISCOVERED_A_NEW_TERM
2019-10-15 21:44:30,896 [2e9fa5e4-44d4-40da-9b1b-fd170634e70a@group-39CA588449F8-LeaderElection32] INFO  impl.RoleInfo (RoleInfo.java:shutdownLeaderElection(134)) - 2e9fa5e4-44d4-40da-9b1b-fd170634e70a: shutdown LeaderElection
2019-10-15 21:44:30,896 [2e9fa5e4-44d4-40da-9b1b-fd170634e70a@group-39CA588449F8-LeaderElection32] INFO  impl.RoleInfo (RoleInfo.java:updateAndGet(143)) - 2e9fa5e4-44d4-40da-9b1b-fd170634e70a: start FollowerState
2019-10-15 21:44:30,897 [grpc-default-executor-5] INFO  impl.RaftServerProxy (RaftServerProxy.java:addNew(89)) - 2e9fa5e4-44d4-40da-9b1b-fd170634e70a: addNew group-BEEEF5B3F175:[2e9fa5e4-44d4-40da-9b1b-fd170634e70a:192.168.34.60:33194] returns group-BEEEF5B3F175:java.util.concurrent.CompletableFuture@1b8f9cd2[Not completed]
2019-10-15 21:44:30,903 [pool-59-thread-1] INFO  impl.RaftServerImpl (RaftServerImpl.java:<init>(104)) - 2e9fa5e4-44d4-40da-9b1b-fd170634e70a: new RaftServerImpl for group-BEEEF5B3F175:[2e9fa5e4-44d4-40da-9b1b-fd170634e70a:192.168.34.60:33194] with ContainerStateMachine:uninitialized
2019-10-15 21:44:30,903 [pool-59-thread-1] INFO  server.RaftServerConfigKeys (ConfUtils.java:logGet(43)) - raft.server.rpc.timeout.min = 5s (custom)
2019-10-15 21:44:30,903 [pool-59-thread-1] INFO  server.RaftServerConfigKeys (ConfUtils.java:logGet(43)) - raft.server.rpc.timeout.max = 5200ms (custom)
2019-10-15 21:44:30,903 [pool-59-thread-1] INFO  server.RaftServerConfigKeys (ConfUtils.java:logGet(43)) - raft.server.rpcslowness.timeout = 1000s (custom)
2019-10-15 21:44:30,904 [pool-59-thread-1] INFO  server.RaftServerConfigKeys (ConfUtils.java:logGet(43)) - raft.server.sleep.deviation.threshold = 300 (default)
2019-10-15 21:44:30,904 [pool-59-thread-1] INFO  server.RaftServerConfigKeys (ConfUtils.java:logGet(43)) - raft.server.log.appender.install.snapshot.enabled = false (custom)
2019-10-15 21:44:30,904 [pool-59-thread-1] INFO  impl.RaftServerImpl (ServerState.java:<init>(103)) - 2e9fa5e4-44d4-40da-9b1b-fd170634e70a@group-BEEEF5B3F175: ConfigurationManager, init=-1: [2e9fa5e4-44d4-40da-9b1b-fd170634e70a:192.168.34.60:33194], old=null, confs=<EMPTY_MAP>
2019-10-15 21:44:30,904 [pool-59-thread-1] INFO  server.RaftServerConfigKeys (ConfUtils.java:logGet(43)) - raft.server.storage.dir = [/workdir/hadoop-ozone/integration-test/target/test-dir/MiniOzoneClusterImpl-06fd8024-f1f0-4e91-aaba-ceaeb81d3c97/datanode-2/data/ratis] (custom)
2019-10-15 21:44:30,904 [pool-59-thread-1] INFO  server.RaftServerConfigKeys (ConfUtils.java:logGet(43)) - raft.server.log.corruption.policy = EXCEPTION (default)
2019-10-15 21:44:30,905 [pool-59-thread-1] INFO  storage.RaftStorageDirectory (RaftStorageDirectory.java:analyzeStorage(246)) - The storage directory /workdir/hadoop-ozone/integration-test/target/test-dir/MiniOzoneClusterImpl-06fd8024-f1f0-4e91-aaba-ceaeb81d3c97/datanode-2/data/ratis/d1a59213-c016-4ddd-9067-beeef5b3f175 does not exist. Creating ...
2019-10-15 21:44:30,918 [pool-59-thread-1] INFO  storage.RaftStorageDirectory (RaftStorageDirectory.java:tryLock(328)) - Lock on /workdir/hadoop-ozone/integration-test/target/test-dir/MiniOzoneClusterImpl-06fd8024-f1f0-4e91-aaba-ceaeb81d3c97/datanode-2/data/ratis/d1a59213-c016-4ddd-9067-beeef5b3f175/in_use.lock acquired by nodename 16930@pr-hdds-2254-trunk-wbvmw-1235415744
2019-10-15 21:44:30,932 [pool-59-thread-1] INFO  storage.RaftStorage (RaftStorage.java:format(84)) - Storage directory /workdir/hadoop-ozone/integration-test/target/test-dir/MiniOzoneClusterImpl-06fd8024-f1f0-4e91-aaba-ceaeb81d3c97/datanode-2/data/ratis/d1a59213-c016-4ddd-9067-beeef5b3f175 has been successfully formatted.
2019-10-15 21:44:30,932 [pool-59-thread-1] INFO  ratis.ContainerStateMachine (ContainerStateMachine.java:loadSnapshot(231)) - group-BEEEF5B3F175: The snapshot info is null. Setting the last applied indexto:(t:0, i:~)
2019-10-15 21:44:30,932 [pool-59-thread-1] INFO  server.RaftServerConfigKeys (ConfUtils.java:logGet(43)) - raft.server.notification.no-leader.timeout = 1000s (custom)
2019-10-15 21:44:30,932 [pool-59-thread-1] INFO  server.RaftServerConfigKeys (ConfUtils.java:logGet(43)) - raft.server.log.use.memory = false (default)
2019-10-15 21:44:30,933 [pool-59-thread-1] INFO  server.RaftServerConfigKeys (ConfUtils.java:logGet(43)) - raft.server.log.purge.gap = 1000000 (custom)
2019-10-15 21:44:30,933 [pool-59-thread-1] INFO  server.RaftServerConfigKeys (ConfUtils.java:logGet(43)) - raft.server.log.appender.buffer.byte-limit = 33554432 (custom)
2019-10-15 21:44:30,933 [pool-59-thread-1] INFO  server.RaftServerConfigKeys (ConfUtils.java:logGet(43)) - raft.server.log.segment.size.max = 1048576 (custom)
2019-10-15 21:44:30,933 [pool-59-thread-1] INFO  server.RaftServerConfigKeys (ConfUtils.java:logGet(43)) - raft.server.log.segment.cache.num.max = 2 (custom)
2019-10-15 21:44:30,933 [pool-59-thread-1] INFO  segmented.SegmentedRaftLogWorker (SegmentedRaftLogWorker.java:<init>(173)) - new 2e9fa5e4-44d4-40da-9b1b-fd170634e70a@group-BEEEF5B3F175-SegmentedRaftLogWorker for RaftStorage:Storage Directory /workdir/hadoop-ozone/integration-test/target/test-dir/MiniOzoneClusterImpl-06fd8024-f1f0-4e91-aaba-ceaeb81d3c97/datanode-2/data/ratis/d1a59213-c016-4ddd-9067-beeef5b3f175
2019-10-15 21:44:30,933 [pool-59-thread-1] INFO  server.RaftServerConfigKeys (ConfUtils.java:logGet(43)) - raft.server.log.queue.byte-limit = 2147483647 (custom)
2019-10-15 21:44:30,934 [pool-59-thread-1] INFO  server.RaftServerConfigKeys (ConfUtils.java:logGet(43)) - raft.server.log.queue.element-limit = 1024 (custom)
2019-10-15 21:44:30,934 [pool-59-thread-1] INFO  server.RaftServerConfigKeys (ConfUtils.java:logGet(43)) - raft.server.log.segment.size.max = 1048576 (custom)
2019-10-15 21:44:30,934 [pool-59-thread-1] INFO  server.RaftServerConfigKeys (ConfUtils.java:logGet(43)) - raft.server.log.preallocated.size = 16384 (custom)
2019-10-15 21:44:30,934 [pool-59-thread-1] INFO  server.RaftServerConfigKeys (ConfUtils.java:logGet(43)) - raft.server.log.write.buffer.size = 33554432 (custom)
2019-10-15 21:44:30,934 [pool-59-thread-1] INFO  server.RaftServerConfigKeys (ConfUtils.java:logGet(43)) - raft.server.log.force.sync.num = 128 (default)
2019-10-15 21:44:30,934 [pool-59-thread-1] INFO  server.RaftServerConfigKeys (ConfUtils.java:logGet(43)) - raft.server.log.statemachine.data.sync = true (default)
2019-10-15 21:44:30,934 [pool-59-thread-1] INFO  server.RaftServerConfigKeys (ConfUtils.java:logGet(43)) - raft.server.log.statemachine.data.sync.timeout = 10s (default)
2019-10-15 21:44:30,934 [pool-59-thread-1] INFO  server.RaftServerConfigKeys (ConfUtils.java:logGet(43)) - raft.server.log.statemachine.data.sync.timeout.retry = -1 (default)
2019-10-15 21:44:30,935 [pool-59-thread-1] INFO  server.RaftServerConfigKeys (ConfUtils.java:logGet(43)) - raft.server.log.statemachine.data.caching.enabled = true (custom)
2019-10-15 21:44:30,935 [pool-59-thread-1] INFO  segmented.SegmentedRaftLogWorker (SegmentedRaftLogWorker.java:lambda$new$0(128)) - 2e9fa5e4-44d4-40da-9b1b-fd170634e70a@group-BEEEF5B3F175-SegmentedRaftLogWorker: flushIndex: setUnconditionally 0 -> -1
2019-10-15 21:44:30,935 [pool-59-thread-1] INFO  server.RaftServerConfigKeys (ConfUtils.java:logGet(43)) - raft.server.snapshot.auto.trigger.enabled = true (custom)
2019-10-15 21:44:30,936 [pool-59-thread-1] INFO  server.RaftServerConfigKeys (ConfUtils.java:logGet(43)) - raft.server.snapshot.auto.trigger.threshold = 10000 (custom)
2019-10-15 21:44:30,936 [pool-59-thread-1] INFO  server.RaftServerConfigKeys (ConfUtils.java:logGet(43)) - raft.server.snapshot.retention.file.num = 5 (custom)
2019-10-15 21:44:30,936 [pool-59-thread-1] INFO  server.RaftServerConfigKeys (ConfUtils.java:logGet(43)) - raft.server.retrycache.expirytime = 600000ms (custom)
2019-10-15 21:44:30,939 [pool-59-thread-1] INFO  impl.RaftServerImpl (RaftServerImpl.java:start(195)) - 2e9fa5e4-44d4-40da-9b1b-fd170634e70a@group-BEEEF5B3F175: start as a follower, conf=-1: [2e9fa5e4-44d4-40da-9b1b-fd170634e70a:192.168.34.60:33194], old=null
2019-10-15 21:44:30,939 [pool-59-thread-1] INFO  impl.RaftServerImpl (RaftServerImpl.java:setRole(184)) - 2e9fa5e4-44d4-40da-9b1b-fd170634e70a@group-BEEEF5B3F175: changes role from      null to FOLLOWER at term 0 for startAsFollower
2019-10-15 21:44:30,939 [pool-59-thread-1] INFO  impl.RoleInfo (RoleInfo.java:updateAndGet(143)) - 2e9fa5e4-44d4-40da-9b1b-fd170634e70a: start FollowerState
2019-10-15 21:44:30,940 [pool-59-thread-1] INFO  util.JmxRegister (JmxRegister.java:tryRegister(44)) - Successfully registered JMX Bean with object name Ratis:service=RaftServer,group=group-BEEEF5B3F175,id=2e9fa5e4-44d4-40da-9b1b-fd170634e70a
2019-10-15 21:44:30,947 [RatisPipelineUtilsThread] INFO  pipeline.PipelineStateManager (PipelineStateManager.java:addPipeline(56)) - Created pipeline Pipeline[ Id: d1a59213-c016-4ddd-9067-beeef5b3f175, Nodes: 2e9fa5e4-44d4-40da-9b1b-fd170634e70a{ip: 192.168.34.60, host: pr-hdds-2254-trunk-wbvmw-1235415744, networkLocation: /default-rack, certSerialId: null}, Type:RATIS, Factor:ONE, State:OPEN]
2019-10-15 21:44:30,967 [grpc-default-executor-3] INFO  impl.RaftServerProxy (RaftServerProxy.java:addNew(89)) - 2e9fa5e4-44d4-40da-9b1b-fd170634e70a: addNew group-14B0583E6FB5:[2e9fa5e4-44d4-40da-9b1b-fd170634e70a:192.168.34.60:33194, 11421ab1-19cb-4764-b505-ce794efeb49e:192.168.34.60:42577, f0d7c07d-0c9c-43c9-b90d-f56b2a8a0f48:192.168.34.60:40619] returns group-14B0583E6FB5:java.util.concurrent.CompletableFuture@4a3989cf[Not completed]
2019-10-15 21:44:30,968 [grpc-default-executor-4] INFO  impl.RaftServerProxy (RaftServerProxy.java:addNew(89)) - f0d7c07d-0c9c-43c9-b90d-f56b2a8a0f48: addNew group-14B0583E6FB5:[2e9fa5e4-44d4-40da-9b1b-fd170634e70a:192.168.34.60:33194, 11421ab1-19cb-4764-b505-ce794efeb49e:192.168.34.60:42577, f0d7c07d-0c9c-43c9-b90d-f56b2a8a0f48:192.168.34.60:40619] returns group-14B0583E6FB5:java.util.concurrent.CompletableFuture@4c4dc430[Not completed]
2019-10-15 21:44:30,968 [grpc-default-executor-5] INFO  impl.RaftServerProxy (RaftServerProxy.java:addNew(89)) - 11421ab1-19cb-4764-b505-ce794efeb49e: addNew group-14B0583E6FB5:[2e9fa5e4-44d4-40da-9b1b-fd170634e70a:192.168.34.60:33194, 11421ab1-19cb-4764-b505-ce794efeb49e:192.168.34.60:42577, f0d7c07d-0c9c-43c9-b90d-f56b2a8a0f48:192.168.34.60:40619] returns group-14B0583E6FB5:java.util.concurrent.CompletableFuture@5ab296e9[Not completed]
2019-10-15 21:44:30,969 [pool-59-thread-1] INFO  impl.RaftServerImpl (RaftServerImpl.java:<init>(104)) - 2e9fa5e4-44d4-40da-9b1b-fd170634e70a: new RaftServerImpl for group-14B0583E6FB5:[2e9fa5e4-44d4-40da-9b1b-fd170634e70a:192.168.34.60:33194, 11421ab1-19cb-4764-b505-ce794efeb49e:192.168.34.60:42577, f0d7c07d-0c9c-43c9-b90d-f56b2a8a0f48:192.168.34.60:40619] with ContainerStateMachine:uninitialized
2019-10-15 21:44:30,969 [pool-59-thread-1] INFO  server.RaftServerConfigKeys (ConfUtils.java:logGet(43)) - raft.server.rpc.timeout.min = 5s (custom)
2019-10-15 21:44:30,970 [pool-59-thread-1] INFO  server.RaftServerConfigKeys (ConfUtils.java:logGet(43)) - raft.server.rpc.timeout.max = 5200ms (custom)
2019-10-15 21:44:30,970 [pool-59-thread-1] INFO  server.RaftServerConfigKeys (ConfUtils.java:logGet(43)) - raft.server.rpcslowness.timeout = 1000s (custom)
2019-10-15 21:44:30,970 [pool-59-thread-1] INFO  server.RaftServerConfigKeys (ConfUtils.java:logGet(43)) - raft.server.sleep.deviation.threshold = 300 (default)
2019-10-15 21:44:30,970 [pool-59-thread-1] INFO  server.RaftServerConfigKeys (ConfUtils.java:logGet(43)) - raft.server.log.appender.install.snapshot.enabled = false (custom)
2019-10-15 21:44:30,970 [pool-59-thread-1] INFO  impl.RaftServerImpl (ServerState.java:<init>(103)) - 2e9fa5e4-44d4-40da-9b1b-fd170634e70a@group-14B0583E6FB5: ConfigurationManager, init=-1: [2e9fa5e4-44d4-40da-9b1b-fd170634e70a:192.168.34.60:33194, 11421ab1-19cb-4764-b505-ce794efeb49e:192.168.34.60:42577, f0d7c07d-0c9c-43c9-b90d-f56b2a8a0f48:192.168.34.60:40619], old=null, confs=<EMPTY_MAP>
2019-10-15 21:44:30,970 [pool-59-thread-1] INFO  server.RaftServerConfigKeys (ConfUtils.java:logGet(43)) - raft.server.storage.dir = [/workdir/hadoop-ozone/integration-test/target/test-dir/MiniOzoneClusterImpl-06fd8024-f1f0-4e91-aaba-ceaeb81d3c97/datanode-2/data/ratis] (custom)
2019-10-15 21:44:30,970 [pool-59-thread-1] INFO  server.RaftServerConfigKeys (ConfUtils.java:logGet(43)) - raft.server.log.corruption.policy = EXCEPTION (default)
2019-10-15 21:44:30,970 [pool-27-thread-1] INFO  impl.RaftServerImpl (RaftServerImpl.java:<init>(104)) - f0d7c07d-0c9c-43c9-b90d-f56b2a8a0f48: new RaftServerImpl for group-14B0583E6FB5:[2e9fa5e4-44d4-40da-9b1b-fd170634e70a:192.168.34.60:33194, 11421ab1-19cb-4764-b505-ce794efeb49e:192.168.34.60:42577, f0d7c07d-0c9c-43c9-b90d-f56b2a8a0f48:192.168.34.60:40619] with ContainerStateMachine:uninitialized
2019-10-15 21:44:30,971 [pool-59-thread-1] INFO  storage.RaftStorageDirectory (RaftStorageDirectory.java:analyzeStorage(246)) - The storage directory /workdir/hadoop-ozone/integration-test/target/test-dir/MiniOzoneClusterImpl-06fd8024-f1f0-4e91-aaba-ceaeb81d3c97/datanode-2/data/ratis/6a23d738-e3df-4768-82c0-14b0583e6fb5 does not exist. Creating ...
2019-10-15 21:44:30,971 [pool-27-thread-1] INFO  server.RaftServerConfigKeys (ConfUtils.java:logGet(43)) - raft.server.rpc.timeout.min = 5s (custom)
2019-10-15 21:44:30,971 [pool-27-thread-1] INFO  server.RaftServerConfigKeys (ConfUtils.java:logGet(43)) - raft.server.rpc.timeout.max = 5200ms (custom)
2019-10-15 21:44:30,971 [pool-27-thread-1] INFO  server.RaftServerConfigKeys (ConfUtils.java:logGet(43)) - raft.server.rpcslowness.timeout = 1000s (custom)
2019-10-15 21:44:30,971 [pool-27-thread-1] INFO  server.RaftServerConfigKeys (ConfUtils.java:logGet(43)) - raft.server.sleep.deviation.threshold = 300 (default)
2019-10-15 21:44:30,971 [pool-27-thread-1] INFO  server.RaftServerConfigKeys (ConfUtils.java:logGet(43)) - raft.server.log.appender.install.snapshot.enabled = false (custom)
2019-10-15 21:44:30,971 [pool-37-thread-1] INFO  impl.RaftServerImpl (RaftServerImpl.java:<init>(104)) - 11421ab1-19cb-4764-b505-ce794efeb49e: new RaftServerImpl for group-14B0583E6FB5:[2e9fa5e4-44d4-40da-9b1b-fd170634e70a:192.168.34.60:33194, 11421ab1-19cb-4764-b505-ce794efeb49e:192.168.34.60:42577, f0d7c07d-0c9c-43c9-b90d-f56b2a8a0f48:192.168.34.60:40619] with ContainerStateMachine:uninitialized
2019-10-15 21:44:30,971 [pool-27-thread-1] INFO  impl.RaftServerImpl (ServerState.java:<init>(103)) - f0d7c07d-0c9c-43c9-b90d-f56b2a8a0f48@group-14B0583E6FB5: ConfigurationManager, init=-1: [2e9fa5e4-44d4-40da-9b1b-fd170634e70a:192.168.34.60:33194, 11421ab1-19cb-4764-b505-ce794efeb49e:192.168.34.60:42577, f0d7c07d-0c9c-43c9-b90d-f56b2a8a0f48:192.168.34.60:40619], old=null, confs=<EMPTY_MAP>
2019-10-15 21:44:30,972 [pool-37-thread-1] INFO  server.RaftServerConfigKeys (ConfUtils.java:logGet(43)) - raft.server.rpc.timeout.min = 5s (custom)
2019-10-15 21:44:30,972 [pool-27-thread-1] INFO  server.RaftServerConfigKeys (ConfUtils.java:logGet(43)) - raft.server.storage.dir = [/workdir/hadoop-ozone/integration-test/target/test-dir/MiniOzoneClusterImpl-06fd8024-f1f0-4e91-aaba-ceaeb81d3c97/datanode-0/data/ratis] (custom)
2019-10-15 21:44:30,972 [pool-37-thread-1] INFO  server.RaftServerConfigKeys (ConfUtils.java:logGet(43)) - raft.server.rpc.timeout.max = 5200ms (custom)
2019-10-15 21:44:30,972 [pool-37-thread-1] INFO  server.RaftServerConfigKeys (ConfUtils.java:logGet(43)) - raft.server.rpcslowness.timeout = 1000s (custom)
2019-10-15 21:44:30,972 [pool-37-thread-1] INFO  server.RaftServerConfigKeys (ConfUtils.java:logGet(43)) - raft.server.sleep.deviation.threshold = 300 (default)
2019-10-15 21:44:30,972 [pool-27-thread-1] INFO  server.RaftServerConfigKeys (ConfUtils.java:logGet(43)) - raft.server.log.corruption.policy = EXCEPTION (default)
2019-10-15 21:44:30,972 [pool-37-thread-1] INFO  server.RaftServerConfigKeys (ConfUtils.java:logGet(43)) - raft.server.log.appender.install.snapshot.enabled = false (custom)
2019-10-15 21:44:30,972 [pool-37-thread-1] INFO  impl.RaftServerImpl (ServerState.java:<init>(103)) - 11421ab1-19cb-4764-b505-ce794efeb49e@group-14B0583E6FB5: ConfigurationManager, init=-1: [2e9fa5e4-44d4-40da-9b1b-fd170634e70a:192.168.34.60:33194, 11421ab1-19cb-4764-b505-ce794efeb49e:192.168.34.60:42577, f0d7c07d-0c9c-43c9-b90d-f56b2a8a0f48:192.168.34.60:40619], old=null, confs=<EMPTY_MAP>
2019-10-15 21:44:30,972 [pool-27-thread-1] INFO  storage.RaftStorageDirectory (RaftStorageDirectory.java:analyzeStorage(246)) - The storage directory /workdir/hadoop-ozone/integration-test/target/test-dir/MiniOzoneClusterImpl-06fd8024-f1f0-4e91-aaba-ceaeb81d3c97/datanode-0/data/ratis/6a23d738-e3df-4768-82c0-14b0583e6fb5 does not exist. Creating ...
2019-10-15 21:44:30,973 [pool-37-thread-1] INFO  server.RaftServerConfigKeys (ConfUtils.java:logGet(43)) - raft.server.storage.dir = [/workdir/hadoop-ozone/integration-test/target/test-dir/MiniOzoneClusterImpl-06fd8024-f1f0-4e91-aaba-ceaeb81d3c97/datanode-1/data/ratis] (custom)
2019-10-15 21:44:30,973 [pool-37-thread-1] INFO  server.RaftServerConfigKeys (ConfUtils.java:logGet(43)) - raft.server.log.corruption.policy = EXCEPTION (default)
2019-10-15 21:44:30,973 [pool-37-thread-1] INFO  storage.RaftStorageDirectory (RaftStorageDirectory.java:analyzeStorage(246)) - The storage directory /workdir/hadoop-ozone/integration-test/target/test-dir/MiniOzoneClusterImpl-06fd8024-f1f0-4e91-aaba-ceaeb81d3c97/datanode-1/data/ratis/6a23d738-e3df-4768-82c0-14b0583e6fb5 does not exist. Creating ...
2019-10-15 21:44:30,984 [pool-37-thread-1] INFO  storage.RaftStorageDirectory (RaftStorageDirectory.java:tryLock(328)) - Lock on /workdir/hadoop-ozone/integration-test/target/test-dir/MiniOzoneClusterImpl-06fd8024-f1f0-4e91-aaba-ceaeb81d3c97/datanode-1/data/ratis/6a23d738-e3df-4768-82c0-14b0583e6fb5/in_use.lock acquired by nodename 16930@pr-hdds-2254-trunk-wbvmw-1235415744
2019-10-15 21:44:30,984 [pool-59-thread-1] INFO  storage.RaftStorageDirectory (RaftStorageDirectory.java:tryLock(328)) - Lock on /workdir/hadoop-ozone/integration-test/target/test-dir/MiniOzoneClusterImpl-06fd8024-f1f0-4e91-aaba-ceaeb81d3c97/datanode-2/data/ratis/6a23d738-e3df-4768-82c0-14b0583e6fb5/in_use.lock acquired by nodename 16930@pr-hdds-2254-trunk-wbvmw-1235415744
2019-10-15 21:44:30,984 [pool-27-thread-1] INFO  storage.RaftStorageDirectory (RaftStorageDirectory.java:tryLock(328)) - Lock on /workdir/hadoop-ozone/integration-test/target/test-dir/MiniOzoneClusterImpl-06fd8024-f1f0-4e91-aaba-ceaeb81d3c97/datanode-0/data/ratis/6a23d738-e3df-4768-82c0-14b0583e6fb5/in_use.lock acquired by nodename 16930@pr-hdds-2254-trunk-wbvmw-1235415744
2019-10-15 21:44:30,997 [pool-27-thread-1] INFO  storage.RaftStorage (RaftStorage.java:format(84)) - Storage directory /workdir/hadoop-ozone/integration-test/target/test-dir/MiniOzoneClusterImpl-06fd8024-f1f0-4e91-aaba-ceaeb81d3c97/datanode-0/data/ratis/6a23d738-e3df-4768-82c0-14b0583e6fb5 has been successfully formatted.
2019-10-15 21:44:30,997 [pool-37-thread-1] INFO  storage.RaftStorage (RaftStorage.java:format(84)) - Storage directory /workdir/hadoop-ozone/integration-test/target/test-dir/MiniOzoneClusterImpl-06fd8024-f1f0-4e91-aaba-ceaeb81d3c97/datanode-1/data/ratis/6a23d738-e3df-4768-82c0-14b0583e6fb5 has been successfully formatted.
2019-10-15 21:44:30,997 [pool-59-thread-1] INFO  storage.RaftStorage (RaftStorage.java:format(84)) - Storage directory /workdir/hadoop-ozone/integration-test/target/test-dir/MiniOzoneClusterImpl-06fd8024-f1f0-4e91-aaba-ceaeb81d3c97/datanode-2/data/ratis/6a23d738-e3df-4768-82c0-14b0583e6fb5 has been successfully formatted.
2019-10-15 21:44:30,998 [pool-27-thread-1] INFO  ratis.ContainerStateMachine (ContainerStateMachine.java:loadSnapshot(231)) - group-14B0583E6FB5: The snapshot info is null. Setting the last applied indexto:(t:0, i:~)
2019-10-15 21:44:30,998 [pool-37-thread-1] INFO  ratis.ContainerStateMachine (ContainerStateMachine.java:loadSnapshot(231)) - group-14B0583E6FB5: The snapshot info is null. Setting the last applied indexto:(t:0, i:~)
2019-10-15 21:44:30,998 [pool-59-thread-1] INFO  ratis.ContainerStateMachine (ContainerStateMachine.java:loadSnapshot(231)) - group-14B0583E6FB5: The snapshot info is null. Setting the last applied indexto:(t:0, i:~)
2019-10-15 21:44:30,998 [pool-27-thread-1] INFO  server.RaftServerConfigKeys (ConfUtils.java:logGet(43)) - raft.server.notification.no-leader.timeout = 1000s (custom)
2019-10-15 21:44:30,998 [pool-59-thread-1] INFO  server.RaftServerConfigKeys (ConfUtils.java:logGet(43)) - raft.server.notification.no-leader.timeout = 1000s (custom)
2019-10-15 21:44:30,998 [pool-37-thread-1] INFO  server.RaftServerConfigKeys (ConfUtils.java:logGet(43)) - raft.server.notification.no-leader.timeout = 1000s (custom)
2019-10-15 21:44:30,999 [pool-59-thread-1] INFO  server.RaftServerConfigKeys (ConfUtils.java:logGet(43)) - raft.server.log.use.memory = false (default)
2019-10-15 21:44:30,998 [pool-27-thread-1] INFO  server.RaftServerConfigKeys (ConfUtils.java:logGet(43)) - raft.server.log.use.memory = false (default)
2019-10-15 21:44:30,999 [pool-59-thread-1] INFO  server.RaftServerConfigKeys (ConfUtils.java:logGet(43)) - raft.server.log.purge.gap = 1000000 (custom)
2019-10-15 21:44:30,999 [pool-37-thread-1] INFO  server.RaftServerConfigKeys (ConfUtils.java:logGet(43)) - raft.server.log.use.memory = false (default)
2019-10-15 21:44:30,999 [pool-59-thread-1] INFO  server.RaftServerConfigKeys (ConfUtils.java:logGet(43)) - raft.server.log.appender.buffer.byte-limit = 33554432 (custom)
2019-10-15 21:44:30,999 [pool-27-thread-1] INFO  server.RaftServerConfigKeys (ConfUtils.java:logGet(43)) - raft.server.log.purge.gap = 1000000 (custom)
2019-10-15 21:44:30,999 [pool-59-thread-1] INFO  server.RaftServerConfigKeys (ConfUtils.java:logGet(43)) - raft.server.log.segment.size.max = 1048576 (custom)
2019-10-15 21:44:30,999 [pool-37-thread-1] INFO  server.RaftServerConfigKeys (ConfUtils.java:logGet(43)) - raft.server.log.purge.gap = 1000000 (custom)
2019-10-15 21:44:31,000 [pool-59-thread-1] INFO  server.RaftServerConfigKeys (ConfUtils.java:logGet(43)) - raft.server.log.segment.cache.num.max = 2 (custom)
2019-10-15 21:44:30,999 [pool-27-thread-1] INFO  server.RaftServerConfigKeys (ConfUtils.java:logGet(43)) - raft.server.log.appender.buffer.byte-limit = 33554432 (custom)
2019-10-15 21:44:31,000 [pool-59-thread-1] INFO  segmented.SegmentedRaftLogWorker (SegmentedRaftLogWorker.java:<init>(173)) - new 2e9fa5e4-44d4-40da-9b1b-fd170634e70a@group-14B0583E6FB5-SegmentedRaftLogWorker for RaftStorage:Storage Directory /workdir/hadoop-ozone/integration-test/target/test-dir/MiniOzoneClusterImpl-06fd8024-f1f0-4e91-aaba-ceaeb81d3c97/datanode-2/data/ratis/6a23d738-e3df-4768-82c0-14b0583e6fb5
2019-10-15 21:44:31,000 [pool-37-thread-1] INFO  server.RaftServerConfigKeys (ConfUtils.java:logGet(43)) - raft.server.log.appender.buffer.byte-limit = 33554432 (custom)
2019-10-15 21:44:31,000 [pool-59-thread-1] INFO  server.RaftServerConfigKeys (ConfUtils.java:logGet(43)) - raft.server.log.queue.byte-limit = 2147483647 (custom)
2019-10-15 21:44:31,000 [pool-27-thread-1] INFO  server.RaftServerConfigKeys (ConfUtils.java:logGet(43)) - raft.server.log.segment.size.max = 1048576 (custom)
2019-10-15 21:44:31,000 [pool-59-thread-1] INFO  server.RaftServerConfigKeys (ConfUtils.java:logGet(43)) - raft.server.log.queue.element-limit = 1024 (custom)
2019-10-15 21:44:31,000 [pool-37-thread-1] INFO  server.RaftServerConfigKeys (ConfUtils.java:logGet(43)) - raft.server.log.segment.size.max = 1048576 (custom)
2019-10-15 21:44:31,001 [pool-59-thread-1] INFO  server.RaftServerConfigKeys (ConfUtils.java:logGet(43)) - raft.server.log.segment.size.max = 1048576 (custom)
2019-10-15 21:44:31,000 [pool-27-thread-1] INFO  server.RaftServerConfigKeys (ConfUtils.java:logGet(43)) - raft.server.log.segment.cache.num.max = 2 (custom)
2019-10-15 21:44:31,001 [pool-59-thread-1] INFO  server.RaftServerConfigKeys (ConfUtils.java:logGet(43)) - raft.server.log.preallocated.size = 16384 (custom)
2019-10-15 21:44:31,001 [pool-37-thread-1] INFO  server.RaftServerConfigKeys (ConfUtils.java:logGet(43)) - raft.server.log.segment.cache.num.max = 2 (custom)
2019-10-15 21:44:31,001 [pool-59-thread-1] INFO  server.RaftServerConfigKeys (ConfUtils.java:logGet(43)) - raft.server.log.write.buffer.size = 33554432 (custom)
2019-10-15 21:44:31,001 [pool-27-thread-1] INFO  segmented.SegmentedRaftLogWorker (SegmentedRaftLogWorker.java:<init>(173)) - new f0d7c07d-0c9c-43c9-b90d-f56b2a8a0f48@group-14B0583E6FB5-SegmentedRaftLogWorker for RaftStorage:Storage Directory /workdir/hadoop-ozone/integration-test/target/test-dir/MiniOzoneClusterImpl-06fd8024-f1f0-4e91-aaba-ceaeb81d3c97/datanode-0/data/ratis/6a23d738-e3df-4768-82c0-14b0583e6fb5
2019-10-15 21:44:31,001 [pool-59-thread-1] INFO  server.RaftServerConfigKeys (ConfUtils.java:logGet(43)) - raft.server.log.force.sync.num = 128 (default)
2019-10-15 21:44:31,001 [pool-37-thread-1] INFO  segmented.SegmentedRaftLogWorker (SegmentedRaftLogWorker.java:<init>(173)) - new 11421ab1-19cb-4764-b505-ce794efeb49e@group-14B0583E6FB5-SegmentedRaftLogWorker for RaftStorage:Storage Directory /workdir/hadoop-ozone/integration-test/target/test-dir/MiniOzoneClusterImpl-06fd8024-f1f0-4e91-aaba-ceaeb81d3c97/datanode-1/data/ratis/6a23d738-e3df-4768-82c0-14b0583e6fb5
2019-10-15 21:44:31,002 [pool-59-thread-1] INFO  server.RaftServerConfigKeys (ConfUtils.java:logGet(43)) - raft.server.log.statemachine.data.sync = true (default)
2019-10-15 21:44:31,001 [pool-27-thread-1] INFO  server.RaftServerConfigKeys (ConfUtils.java:logGet(43)) - raft.server.log.queue.byte-limit = 2147483647 (custom)
2019-10-15 21:44:31,002 [pool-59-thread-1] INFO  server.RaftServerConfigKeys (ConfUtils.java:logGet(43)) - raft.server.log.statemachine.data.sync.timeout = 10s (default)
2019-10-15 21:44:31,002 [pool-37-thread-1] INFO  server.RaftServerConfigKeys (ConfUtils.java:logGet(43)) - raft.server.log.queue.byte-limit = 2147483647 (custom)
2019-10-15 21:44:31,002 [pool-59-thread-1] INFO  server.RaftServerConfigKeys (ConfUtils.java:logGet(43)) - raft.server.log.statemachine.data.sync.timeout.retry = -1 (default)
2019-10-15 21:44:31,002 [pool-27-thread-1] INFO  server.RaftServerConfigKeys (ConfUtils.java:logGet(43)) - raft.server.log.queue.element-limit = 1024 (custom)
2019-10-15 21:44:31,002 [pool-59-thread-1] INFO  server.RaftServerConfigKeys (ConfUtils.java:logGet(43)) - raft.server.log.statemachine.data.caching.enabled = true (custom)
2019-10-15 21:44:31,002 [pool-37-thread-1] INFO  server.RaftServerConfigKeys (ConfUtils.java:logGet(43)) - raft.server.log.queue.element-limit = 1024 (custom)
2019-10-15 21:44:31,002 [pool-27-thread-1] INFO  server.RaftServerConfigKeys (ConfUtils.java:logGet(43)) - raft.server.log.segment.size.max = 1048576 (custom)
2019-10-15 21:44:31,003 [pool-37-thread-1] INFO  server.RaftServerConfigKeys (ConfUtils.java:logGet(43)) - raft.server.log.segment.size.max = 1048576 (custom)
2019-10-15 21:44:31,003 [pool-59-thread-1] INFO  segmented.SegmentedRaftLogWorker (SegmentedRaftLogWorker.java:lambda$new$0(128)) - 2e9fa5e4-44d4-40da-9b1b-fd170634e70a@group-14B0583E6FB5-SegmentedRaftLogWorker: flushIndex: setUnconditionally 0 -> -1
2019-10-15 21:44:31,003 [pool-27-thread-1] INFO  server.RaftServerConfigKeys (ConfUtils.java:logGet(43)) - raft.server.log.preallocated.size = 16384 (custom)
2019-10-15 21:44:31,003 [pool-37-thread-1] INFO  server.RaftServerConfigKeys (ConfUtils.java:logGet(43)) - raft.server.log.preallocated.size = 16384 (custom)
2019-10-15 21:44:31,003 [pool-59-thread-1] INFO  server.RaftServerConfigKeys (ConfUtils.java:logGet(43)) - raft.server.snapshot.auto.trigger.enabled = true (custom)
2019-10-15 21:44:31,003 [pool-27-thread-1] INFO  server.RaftServerConfigKeys (ConfUtils.java:logGet(43)) - raft.server.log.write.buffer.size = 33554432 (custom)
2019-10-15 21:44:31,003 [pool-59-thread-1] INFO  server.RaftServerConfigKeys (ConfUtils.java:logGet(43)) - raft.server.snapshot.auto.trigger.threshold = 10000 (custom)
2019-10-15 21:44:31,003 [pool-37-thread-1] INFO  server.RaftServerConfigKeys (ConfUtils.java:logGet(43)) - raft.server.log.write.buffer.size = 33554432 (custom)
2019-10-15 21:44:31,004 [pool-59-thread-1] INFO  server.RaftServerConfigKeys (ConfUtils.java:logGet(43)) - raft.server.snapshot.retention.file.num = 5 (custom)
2019-10-15 21:44:31,004 [pool-27-thread-1] INFO  server.RaftServerConfigKeys (ConfUtils.java:logGet(43)) - raft.server.log.force.sync.num = 128 (default)
2019-10-15 21:44:31,004 [pool-59-thread-1] INFO  server.RaftServerConfigKeys (ConfUtils.java:logGet(43)) - raft.server.retrycache.expirytime = 600000ms (custom)
2019-10-15 21:44:31,004 [pool-37-thread-1] INFO  server.RaftServerConfigKeys (ConfUtils.java:logGet(43)) - raft.server.log.force.sync.num = 128 (default)
2019-10-15 21:44:31,004 [pool-27-thread-1] INFO  server.RaftServerConfigKeys (ConfUtils.java:logGet(43)) - raft.server.log.statemachine.data.sync = true (default)
2019-10-15 21:44:31,004 [pool-37-thread-1] INFO  server.RaftServerConfigKeys (ConfUtils.java:logGet(43)) - raft.server.log.statemachine.data.sync = true (default)
2019-10-15 21:44:31,004 [pool-27-thread-1] INFO  server.RaftServerConfigKeys (ConfUtils.java:logGet(43)) - raft.server.log.statemachine.data.sync.timeout = 10s (default)
2019-10-15 21:44:31,004 [pool-37-thread-1] INFO  server.RaftServerConfigKeys (ConfUtils.java:logGet(43)) - raft.server.log.statemachine.data.sync.timeout = 10s (default)
2019-10-15 21:44:31,005 [pool-27-thread-1] INFO  server.RaftServerConfigKeys (ConfUtils.java:logGet(43)) - raft.server.log.statemachine.data.sync.timeout.retry = -1 (default)
2019-10-15 21:44:31,005 [pool-37-thread-1] INFO  server.RaftServerConfigKeys (ConfUtils.java:logGet(43)) - raft.server.log.statemachine.data.sync.timeout.retry = -1 (default)
2019-10-15 21:44:31,005 [pool-27-thread-1] INFO  server.RaftServerConfigKeys (ConfUtils.java:logGet(43)) - raft.server.log.statemachine.data.caching.enabled = true (custom)
2019-10-15 21:44:31,005 [pool-37-thread-1] INFO  server.RaftServerConfigKeys (ConfUtils.java:logGet(43)) - raft.server.log.statemachine.data.caching.enabled = true (custom)
2019-10-15 21:44:31,005 [pool-27-thread-1] INFO  segmented.SegmentedRaftLogWorker (SegmentedRaftLogWorker.java:lambda$new$0(128)) - f0d7c07d-0c9c-43c9-b90d-f56b2a8a0f48@group-14B0583E6FB5-SegmentedRaftLogWorker: flushIndex: setUnconditionally 0 -> -1
2019-10-15 21:44:31,005 [pool-37-thread-1] INFO  segmented.SegmentedRaftLogWorker (SegmentedRaftLogWorker.java:lambda$new$0(128)) - 11421ab1-19cb-4764-b505-ce794efeb49e@group-14B0583E6FB5-SegmentedRaftLogWorker: flushIndex: setUnconditionally 0 -> -1
2019-10-15 21:44:31,005 [pool-27-thread-1] INFO  server.RaftServerConfigKeys (ConfUtils.java:logGet(43)) - raft.server.snapshot.auto.trigger.enabled = true (custom)
2019-10-15 21:44:31,006 [pool-27-thread-1] INFO  server.RaftServerConfigKeys (ConfUtils.java:logGet(43)) - raft.server.snapshot.auto.trigger.threshold = 10000 (custom)
2019-10-15 21:44:31,006 [pool-27-thread-1] INFO  server.RaftServerConfigKeys (ConfUtils.java:logGet(43)) - raft.server.snapshot.retention.file.num = 5 (custom)
2019-10-15 21:44:31,006 [pool-37-thread-1] INFO  server.RaftServerConfigKeys (ConfUtils.java:logGet(43)) - raft.server.snapshot.auto.trigger.enabled = true (custom)
2019-10-15 21:44:31,006 [pool-27-thread-1] INFO  server.RaftServerConfigKeys (ConfUtils.java:logGet(43)) - raft.server.retrycache.expirytime = 600000ms (custom)
2019-10-15 21:44:31,006 [pool-37-thread-1] INFO  server.RaftServerConfigKeys (ConfUtils.java:logGet(43)) - raft.server.snapshot.auto.trigger.threshold = 10000 (custom)
2019-10-15 21:44:31,006 [pool-37-thread-1] INFO  server.RaftServerConfigKeys (ConfUtils.java:logGet(43)) - raft.server.snapshot.retention.file.num = 5 (custom)
2019-10-15 21:44:31,006 [pool-37-thread-1] INFO  server.RaftServerConfigKeys (ConfUtils.java:logGet(43)) - raft.server.retrycache.expirytime = 600000ms (custom)
2019-10-15 21:44:31,007 [pool-59-thread-1] INFO  impl.RaftServerImpl (RaftServerImpl.java:start(195)) - 2e9fa5e4-44d4-40da-9b1b-fd170634e70a@group-14B0583E6FB5: start as a follower, conf=-1: [2e9fa5e4-44d4-40da-9b1b-fd170634e70a:192.168.34.60:33194, 11421ab1-19cb-4764-b505-ce794efeb49e:192.168.34.60:42577, f0d7c07d-0c9c-43c9-b90d-f56b2a8a0f48:192.168.34.60:40619], old=null
2019-10-15 21:44:31,007 [pool-59-thread-1] INFO  impl.RaftServerImpl (RaftServerImpl.java:setRole(184)) - 2e9fa5e4-44d4-40da-9b1b-fd170634e70a@group-14B0583E6FB5: changes role from      null to FOLLOWER at term 0 for startAsFollower
2019-10-15 21:44:31,007 [pool-59-thread-1] INFO  impl.RoleInfo (RoleInfo.java:updateAndGet(143)) - 2e9fa5e4-44d4-40da-9b1b-fd170634e70a: start FollowerState
2019-10-15 21:44:31,008 [pool-59-thread-1] INFO  util.JmxRegister (JmxRegister.java:tryRegister(44)) - Successfully registered JMX Bean with object name Ratis:service=RaftServer,group=group-14B0583E6FB5,id=2e9fa5e4-44d4-40da-9b1b-fd170634e70a
2019-10-15 21:44:31,009 [pool-27-thread-1] INFO  impl.RaftServerImpl (RaftServerImpl.java:start(195)) - f0d7c07d-0c9c-43c9-b90d-f56b2a8a0f48@group-14B0583E6FB5: start as a follower, conf=-1: [2e9fa5e4-44d4-40da-9b1b-fd170634e70a:192.168.34.60:33194, 11421ab1-19cb-4764-b505-ce794efeb49e:192.168.34.60:42577, f0d7c07d-0c9c-43c9-b90d-f56b2a8a0f48:192.168.34.60:40619], old=null
2019-10-15 21:44:31,009 [pool-27-thread-1] INFO  impl.RaftServerImpl (RaftServerImpl.java:setRole(184)) - f0d7c07d-0c9c-43c9-b90d-f56b2a8a0f48@group-14B0583E6FB5: changes role from      null to FOLLOWER at term 0 for startAsFollower
2019-10-15 21:44:31,009 [pool-27-thread-1] INFO  impl.RoleInfo (RoleInfo.java:updateAndGet(143)) - f0d7c07d-0c9c-43c9-b90d-f56b2a8a0f48: start FollowerState
2019-10-15 21:44:31,010 [pool-37-thread-1] INFO  impl.RaftServerImpl (RaftServerImpl.java:start(195)) - 11421ab1-19cb-4764-b505-ce794efeb49e@group-14B0583E6FB5: start as a follower, conf=-1: [2e9fa5e4-44d4-40da-9b1b-fd170634e70a:192.168.34.60:33194, 11421ab1-19cb-4764-b505-ce794efeb49e:192.168.34.60:42577, f0d7c07d-0c9c-43c9-b90d-f56b2a8a0f48:192.168.34.60:40619], old=null
2019-10-15 21:44:31,010 [pool-37-thread-1] INFO  impl.RaftServerImpl (RaftServerImpl.java:setRole(184)) - 11421ab1-19cb-4764-b505-ce794efeb49e@group-14B0583E6FB5: changes role from      null to FOLLOWER at term 0 for startAsFollower
2019-10-15 21:44:31,010 [pool-27-thread-1] INFO  util.JmxRegister (JmxRegister.java:tryRegister(44)) - Successfully registered JMX Bean with object name Ratis:service=RaftServer,group=group-14B0583E6FB5,id=f0d7c07d-0c9c-43c9-b90d-f56b2a8a0f48
2019-10-15 21:44:31,010 [pool-37-thread-1] INFO  impl.RoleInfo (RoleInfo.java:updateAndGet(143)) - 11421ab1-19cb-4764-b505-ce794efeb49e: start FollowerState
2019-10-15 21:44:31,010 [pool-37-thread-1] INFO  util.JmxRegister (JmxRegister.java:tryRegister(44)) - Successfully registered JMX Bean with object name Ratis:service=RaftServer,group=group-14B0583E6FB5,id=11421ab1-19cb-4764-b505-ce794efeb49e
2019-10-15 21:44:31,019 [Thread-754] INFO  impl.FollowerState (FollowerState.java:run(108)) - 2e9fa5e4-44d4-40da-9b1b-fd170634e70a@group-14B0583E6FB5-FollowerState: change to CANDIDATE, lastRpcTime:11ms, electionTimeout:11ms
2019-10-15 21:44:31,019 [Thread-754] INFO  impl.RoleInfo (RoleInfo.java:shutdownFollowerState(121)) - 2e9fa5e4-44d4-40da-9b1b-fd170634e70a: shutdown FollowerState
2019-10-15 21:44:31,019 [Thread-754] INFO  impl.RaftServerImpl (RaftServerImpl.java:setRole(184)) - 2e9fa5e4-44d4-40da-9b1b-fd170634e70a@group-14B0583E6FB5: changes role from  FOLLOWER to CANDIDATE at term 0 for changeToCandidate
2019-10-15 21:44:31,019 [Thread-754] INFO  impl.RoleInfo (RoleInfo.java:updateAndGet(143)) - 2e9fa5e4-44d4-40da-9b1b-fd170634e70a: start LeaderElection
2019-10-15 21:44:31,020 [RatisPipelineUtilsThread] INFO  pipeline.PipelineStateManager (PipelineStateManager.java:addPipeline(56)) - Created pipeline Pipeline[ Id: 6a23d738-e3df-4768-82c0-14b0583e6fb5, Nodes: 11421ab1-19cb-4764-b505-ce794efeb49e{ip: 192.168.34.60, host: pr-hdds-2254-trunk-wbvmw-1235415744, networkLocation: /default-rack, certSerialId: null}2e9fa5e4-44d4-40da-9b1b-fd170634e70a{ip: 192.168.34.60, host: pr-hdds-2254-trunk-wbvmw-1235415744, networkLocation: /default-rack, certSerialId: null}f0d7c07d-0c9c-43c9-b90d-f56b2a8a0f48{ip: 192.168.34.60, host: pr-hdds-2254-trunk-wbvmw-1235415744, networkLocation: /default-rack, certSerialId: null}, Type:RATIS, Factor:THREE, State:OPEN]
2019-10-15 21:44:31,035 [2e9fa5e4-44d4-40da-9b1b-fd170634e70a@group-14B0583E6FB5-LeaderElection33] INFO  impl.LeaderElection (LeaderElection.java:askForVotes(178)) - 2e9fa5e4-44d4-40da-9b1b-fd170634e70a@group-14B0583E6FB5-LeaderElection33: begin an election at term 1 for -1: [2e9fa5e4-44d4-40da-9b1b-fd170634e70a:192.168.34.60:33194, 11421ab1-19cb-4764-b505-ce794efeb49e:192.168.34.60:42577, f0d7c07d-0c9c-43c9-b90d-f56b2a8a0f48:192.168.34.60:40619], old=null
2019-10-15 21:44:31,038 [grpc-default-executor-4] INFO  impl.RaftServerImpl (RaftServerImpl.java:setRole(184)) - 11421ab1-19cb-4764-b505-ce794efeb49e@group-14B0583E6FB5: changes role from  FOLLOWER to FOLLOWER at term 1 for recognizeCandidate:2e9fa5e4-44d4-40da-9b1b-fd170634e70a
2019-10-15 21:44:31,038 [grpc-default-executor-5] INFO  impl.RaftServerImpl (RaftServerImpl.java:setRole(184)) - f0d7c07d-0c9c-43c9-b90d-f56b2a8a0f48@group-14B0583E6FB5: changes role from  FOLLOWER to FOLLOWER at term 1 for recognizeCandidate:2e9fa5e4-44d4-40da-9b1b-fd170634e70a
2019-10-15 21:44:31,039 [grpc-default-executor-4] INFO  impl.RoleInfo (RoleInfo.java:shutdownFollowerState(121)) - 11421ab1-19cb-4764-b505-ce794efeb49e: shutdown FollowerState
2019-10-15 21:44:31,039 [grpc-default-executor-5] INFO  impl.RoleInfo (RoleInfo.java:shutdownFollowerState(121)) - f0d7c07d-0c9c-43c9-b90d-f56b2a8a0f48: shutdown FollowerState
2019-10-15 21:44:31,040 [grpc-default-executor-4] INFO  impl.RoleInfo (RoleInfo.java:updateAndGet(143)) - 11421ab1-19cb-4764-b505-ce794efeb49e: start FollowerState
2019-10-15 21:44:31,040 [Thread-756] INFO  impl.FollowerState (FollowerState.java:run(117)) - 11421ab1-19cb-4764-b505-ce794efeb49e@group-14B0583E6FB5-FollowerState was interrupted: java.lang.InterruptedException: sleep interrupted
2019-10-15 21:44:31,040 [grpc-default-executor-5] INFO  impl.RoleInfo (RoleInfo.java:updateAndGet(143)) - f0d7c07d-0c9c-43c9-b90d-f56b2a8a0f48: start FollowerState
2019-10-15 21:44:31,040 [Thread-755] INFO  impl.FollowerState (FollowerState.java:run(117)) - f0d7c07d-0c9c-43c9-b90d-f56b2a8a0f48@group-14B0583E6FB5-FollowerState was interrupted: java.lang.InterruptedException: sleep interrupted
2019-10-15 21:44:31,059 [2e9fa5e4-44d4-40da-9b1b-fd170634e70a@group-14B0583E6FB5-LeaderElection33] INFO  impl.LeaderElection (LeaderElection.java:logAndReturn(56)) - 2e9fa5e4-44d4-40da-9b1b-fd170634e70a@group-14B0583E6FB5-LeaderElection33: Election PASSED; received 1 response(s) [2e9fa5e4-44d4-40da-9b1b-fd170634e70a<-11421ab1-19cb-4764-b505-ce794efeb49e#0:OK-t1] and 0 exception(s); 2e9fa5e4-44d4-40da-9b1b-fd170634e70a@group-14B0583E6FB5:t1, leader=null, voted=2e9fa5e4-44d4-40da-9b1b-fd170634e70a, raftlog=2e9fa5e4-44d4-40da-9b1b-fd170634e70a@group-14B0583E6FB5-SegmentedRaftLog:OPENED:c-1,f-1,i0, conf=-1: [2e9fa5e4-44d4-40da-9b1b-fd170634e70a:192.168.34.60:33194, 11421ab1-19cb-4764-b505-ce794efeb49e:192.168.34.60:42577, f0d7c07d-0c9c-43c9-b90d-f56b2a8a0f48:192.168.34.60:40619], old=null
2019-10-15 21:44:31,060 [2e9fa5e4-44d4-40da-9b1b-fd170634e70a@group-14B0583E6FB5-LeaderElection33] INFO  impl.RoleInfo (RoleInfo.java:shutdownLeaderElection(134)) - 2e9fa5e4-44d4-40da-9b1b-fd170634e70a: shutdown LeaderElection
2019-10-15 21:44:31,060 [2e9fa5e4-44d4-40da-9b1b-fd170634e70a@group-14B0583E6FB5-LeaderElection33] INFO  impl.RaftServerImpl (RaftServerImpl.java:setRole(184)) - 2e9fa5e4-44d4-40da-9b1b-fd170634e70a@group-14B0583E6FB5: changes role from CANDIDATE to LEADER at term 1 for changeToLeader
2019-10-15 21:44:31,060 [2e9fa5e4-44d4-40da-9b1b-fd170634e70a@group-14B0583E6FB5-LeaderElection33] INFO  impl.RaftServerImpl (ServerState.java:setLeader(256)) - 2e9fa5e4-44d4-40da-9b1b-fd170634e70a@group-14B0583E6FB5: change Leader from null to 2e9fa5e4-44d4-40da-9b1b-fd170634e70a at term 1 for becomeLeader, leader elected after 61ms
2019-10-15 21:44:31,060 [2e9fa5e4-44d4-40da-9b1b-fd170634e70a@group-14B0583E6FB5-LeaderElection33] INFO  server.RaftServerConfigKeys (ConfUtils.java:logGet(43)) - raft.server.staging.catchup.gap = 1000 (default)
2019-10-15 21:44:31,060 [2e9fa5e4-44d4-40da-9b1b-fd170634e70a@group-14B0583E6FB5-LeaderElection33] INFO  server.RaftServerConfigKeys (ConfUtils.java:logGet(43)) - raft.server.rpc.sleep.time = 25ms (default)
2019-10-15 21:44:31,060 [2e9fa5e4-44d4-40da-9b1b-fd170634e70a@group-14B0583E6FB5-LeaderElection33] INFO  server.RaftServerConfigKeys (ConfUtils.java:logGet(43)) - raft.server.write.element-limit = 4096 (default)
2019-10-15 21:44:31,060 [2e9fa5e4-44d4-40da-9b1b-fd170634e70a@group-14B0583E6FB5-LeaderElection33] INFO  server.RaftServerConfigKeys (ConfUtils.java:logGet(43)) - raft.server.watch.timeout = 10s (default)
2019-10-15 21:44:31,061 [2e9fa5e4-44d4-40da-9b1b-fd170634e70a@group-14B0583E6FB5-LeaderElection33] INFO  server.RaftServerConfigKeys (ConfUtils.java:logGet(43)) - raft.server.watch.timeout.denomination = 1s (default)
2019-10-15 21:44:31,061 [2e9fa5e4-44d4-40da-9b1b-fd170634e70a@group-14B0583E6FB5-LeaderElection33] INFO  server.RaftServerConfigKeys (ConfUtils.java:logGet(43)) - raft.server.watch.element-limit = 65536 (default)
2019-10-15 21:44:31,063 [2e9fa5e4-44d4-40da-9b1b-fd170634e70a@group-14B0583E6FB5-LeaderElection33] INFO  server.RaftServerConfigKeys (ConfUtils.java:logGet(43)) - raft.server.log.appender.snapshot.chunk.size.max = 16MB (=16777216) (default)
2019-10-15 21:44:31,063 [2e9fa5e4-44d4-40da-9b1b-fd170634e70a@group-14B0583E6FB5-LeaderElection33] INFO  server.RaftServerConfigKeys (ConfUtils.java:logGet(43)) - raft.server.log.appender.buffer.byte-limit = 33554432 (custom)
2019-10-15 21:44:31,063 [2e9fa5e4-44d4-40da-9b1b-fd170634e70a@group-14B0583E6FB5-LeaderElection33] INFO  server.RaftServerConfigKeys (ConfUtils.java:logGet(43)) - raft.server.log.appender.buffer.element-limit = 1 (custom)
2019-10-15 21:44:31,064 [2e9fa5e4-44d4-40da-9b1b-fd170634e70a@group-14B0583E6FB5-LeaderElection33] INFO  grpc.GrpcConfigKeys$Server (ConfUtils.java:logGet(43)) - raft.grpc.server.leader.outstanding.appends.max = 128 (default)
2019-10-15 21:44:31,064 [2e9fa5e4-44d4-40da-9b1b-fd170634e70a@group-14B0583E6FB5-LeaderElection33] INFO  server.RaftServerConfigKeys (ConfUtils.java:logGet(43)) - raft.server.rpc.request.timeout = 3000ms (default)
2019-10-15 21:44:31,064 [2e9fa5e4-44d4-40da-9b1b-fd170634e70a@group-14B0583E6FB5-LeaderElection33] INFO  server.RaftServerConfigKeys (ConfUtils.java:logGet(43)) - raft.server.log.appender.install.snapshot.enabled = false (custom)
2019-10-15 21:44:31,066 [2e9fa5e4-44d4-40da-9b1b-fd170634e70a@group-14B0583E6FB5-LeaderElection33] INFO  server.RaftServerConfigKeys (ConfUtils.java:logGet(43)) - raft.server.log.appender.snapshot.chunk.size.max = 16MB (=16777216) (default)
2019-10-15 21:44:31,066 [2e9fa5e4-44d4-40da-9b1b-fd170634e70a@group-14B0583E6FB5-LeaderElection33] INFO  server.RaftServerConfigKeys (ConfUtils.java:logGet(43)) - raft.server.log.appender.buffer.byte-limit = 33554432 (custom)
2019-10-15 21:44:31,067 [2e9fa5e4-44d4-40da-9b1b-fd170634e70a@group-14B0583E6FB5-LeaderElection33] INFO  server.RaftServerConfigKeys (ConfUtils.java:logGet(43)) - raft.server.log.appender.buffer.element-limit = 1 (custom)
2019-10-15 21:44:31,067 [2e9fa5e4-44d4-40da-9b1b-fd170634e70a@group-14B0583E6FB5-LeaderElection33] INFO  grpc.GrpcConfigKeys$Server (ConfUtils.java:logGet(43)) - raft.grpc.server.leader.outstanding.appends.max = 128 (default)
2019-10-15 21:44:31,067 [2e9fa5e4-44d4-40da-9b1b-fd170634e70a@group-14B0583E6FB5-LeaderElection33] INFO  server.RaftServerConfigKeys (ConfUtils.java:logGet(43)) - raft.server.rpc.request.timeout = 3000ms (default)
2019-10-15 21:44:31,067 [2e9fa5e4-44d4-40da-9b1b-fd170634e70a@group-14B0583E6FB5-LeaderElection33] INFO  server.RaftServerConfigKeys (ConfUtils.java:logGet(43)) - raft.server.log.appender.install.snapshot.enabled = false (custom)
2019-10-15 21:44:31,070 [2e9fa5e4-44d4-40da-9b1b-fd170634e70a@group-14B0583E6FB5-LeaderElection33] INFO  impl.RoleInfo (RoleInfo.java:updateAndGet(143)) - 2e9fa5e4-44d4-40da-9b1b-fd170634e70a: start LeaderState
2019-10-15 21:44:31,070 [2e9fa5e4-44d4-40da-9b1b-fd170634e70a@group-14B0583E6FB5-LeaderElection33] INFO  segmented.SegmentedRaftLogWorker (SegmentedRaftLogWorker.java:startLogSegment(385)) - 2e9fa5e4-44d4-40da-9b1b-fd170634e70a@group-14B0583E6FB5-SegmentedRaftLogWorker: Starting segment from index:0
2019-10-15 21:44:31,071 [Thread-747] INFO  impl.FollowerState (FollowerState.java:run(108)) - 2e9fa5e4-44d4-40da-9b1b-fd170634e70a@group-39CA588449F8-FollowerState: change to CANDIDATE, lastRpcTime:174ms, electionTimeout:174ms
2019-10-15 21:44:31,106 [Thread-749] INFO  impl.FollowerState (FollowerState.java:run(108)) - 2e9fa5e4-44d4-40da-9b1b-fd170634e70a@group-BEEEF5B3F175-FollowerState: change to CANDIDATE, lastRpcTime:166ms, electionTimeout:156ms
2019-10-15 21:44:31,106 [Thread-747] INFO  impl.RoleInfo (RoleInfo.java:shutdownFollowerState(121)) - 2e9fa5e4-44d4-40da-9b1b-fd170634e70a: shutdown FollowerState
2019-10-15 21:44:31,106 [Thread-749] INFO  impl.RoleInfo (RoleInfo.java:shutdownFollowerState(121)) - 2e9fa5e4-44d4-40da-9b1b-fd170634e70a: shutdown FollowerState
2019-10-15 21:44:31,106 [2e9fa5e4-44d4-40da-9b1b-fd170634e70a@group-14B0583E6FB5-LeaderElection33] INFO  impl.RaftServerImpl (ServerState.java:setRaftConf(357)) - 2e9fa5e4-44d4-40da-9b1b-fd170634e70a@group-14B0583E6FB5: set configuration 0: [2e9fa5e4-44d4-40da-9b1b-fd170634e70a:192.168.34.60:33194, 11421ab1-19cb-4764-b505-ce794efeb49e:192.168.34.60:42577, f0d7c07d-0c9c-43c9-b90d-f56b2a8a0f48:192.168.34.60:40619], old=null at 0
2019-10-15 21:44:31,106 [Thread-747] INFO  impl.RaftServerImpl (RaftServerImpl.java:setRole(184)) - 2e9fa5e4-44d4-40da-9b1b-fd170634e70a@group-39CA588449F8: changes role from  FOLLOWER to CANDIDATE at term 33 for changeToCandidate
2019-10-15 21:44:31,106 [Thread-749] INFO  impl.RaftServerImpl (RaftServerImpl.java:setRole(184)) - 2e9fa5e4-44d4-40da-9b1b-fd170634e70a@group-BEEEF5B3F175: changes role from  FOLLOWER to CANDIDATE at term 0 for changeToCandidate
2019-10-15 21:44:31,107 [Thread-747] INFO  impl.RoleInfo (RoleInfo.java:updateAndGet(143)) - 2e9fa5e4-44d4-40da-9b1b-fd170634e70a: start LeaderElection
2019-10-15 21:44:31,107 [Thread-749] INFO  impl.RoleInfo (RoleInfo.java:updateAndGet(143)) - 2e9fa5e4-44d4-40da-9b1b-fd170634e70a: start LeaderElection
2019-10-15 21:44:31,111 [grpc-default-executor-5] INFO  impl.RaftServerImpl (ServerState.java:setLeader(256)) - f0d7c07d-0c9c-43c9-b90d-f56b2a8a0f48@group-14B0583E6FB5: change Leader from null to 2e9fa5e4-44d4-40da-9b1b-fd170634e70a at term 1 for appendEntries, leader elected after 112ms
2019-10-15 21:44:31,111 [grpc-default-executor-4] INFO  impl.RaftServerImpl (ServerState.java:setLeader(256)) - 11421ab1-19cb-4764-b505-ce794efeb49e@group-14B0583E6FB5: change Leader from null to 2e9fa5e4-44d4-40da-9b1b-fd170634e70a at term 1 for appendEntries, leader elected after 112ms
2019-10-15 21:44:31,116 [grpc-default-executor-5] INFO  impl.RaftServerImpl (ServerState.java:setRaftConf(357)) - 11421ab1-19cb-4764-b505-ce794efeb49e@group-14B0583E6FB5: set configuration 0: [2e9fa5e4-44d4-40da-9b1b-fd170634e70a:192.168.34.60:33194, 11421ab1-19cb-4764-b505-ce794efeb49e:192.168.34.60:42577, f0d7c07d-0c9c-43c9-b90d-f56b2a8a0f48:192.168.34.60:40619], old=null at 0
2019-10-15 21:44:31,116 [grpc-default-executor-4] INFO  impl.RaftServerImpl (ServerState.java:setRaftConf(357)) - f0d7c07d-0c9c-43c9-b90d-f56b2a8a0f48@group-14B0583E6FB5: set configuration 0: [2e9fa5e4-44d4-40da-9b1b-fd170634e70a:192.168.34.60:33194, 11421ab1-19cb-4764-b505-ce794efeb49e:192.168.34.60:42577, f0d7c07d-0c9c-43c9-b90d-f56b2a8a0f48:192.168.34.60:40619], old=null at 0
2019-10-15 21:44:31,117 [grpc-default-executor-5] INFO  segmented.SegmentedRaftLogWorker (SegmentedRaftLogWorker.java:startLogSegment(385)) - 11421ab1-19cb-4764-b505-ce794efeb49e@group-14B0583E6FB5-SegmentedRaftLogWorker: Starting segment from index:0
2019-10-15 21:44:31,117 [grpc-default-executor-4] INFO  segmented.SegmentedRaftLogWorker (SegmentedRaftLogWorker.java:startLogSegment(385)) - f0d7c07d-0c9c-43c9-b90d-f56b2a8a0f48@group-14B0583E6FB5-SegmentedRaftLogWorker: Starting segment from index:0
2019-10-15 21:44:31,119 [2e9fa5e4-44d4-40da-9b1b-fd170634e70a@group-14B0583E6FB5-SegmentedRaftLogWorker] INFO  segmented.SegmentedRaftLogWorker (SegmentedRaftLogWorker.java:execute(576)) - 2e9fa5e4-44d4-40da-9b1b-fd170634e70a@group-14B0583E6FB5-SegmentedRaftLogWorker: created new log segment /workdir/hadoop-ozone/integration-test/target/test-dir/MiniOzoneClusterImpl-06fd8024-f1f0-4e91-aaba-ceaeb81d3c97/datanode-2/data/ratis/6a23d738-e3df-4768-82c0-14b0583e6fb5/current/log_inprogress_0
2019-10-15 21:44:31,119 [2e9fa5e4-44d4-40da-9b1b-fd170634e70a@group-BEEEF5B3F175-LeaderElection35] INFO  impl.LeaderElection (LeaderElection.java:askForVotes(178)) - 2e9fa5e4-44d4-40da-9b1b-fd170634e70a@group-BEEEF5B3F175-LeaderElection35: begin an election at term 1 for -1: [2e9fa5e4-44d4-40da-9b1b-fd170634e70a:192.168.34.60:33194], old=null
2019-10-15 21:44:31,119 [2e9fa5e4-44d4-40da-9b1b-fd170634e70a@group-39CA588449F8-LeaderElection34] INFO  impl.LeaderElection (LeaderElection.java:askForVotes(178)) - 2e9fa5e4-44d4-40da-9b1b-fd170634e70a@group-39CA588449F8-LeaderElection34: begin an election at term 34 for 0: [2e9fa5e4-44d4-40da-9b1b-fd170634e70a:192.168.34.60:33194, 11421ab1-19cb-4764-b505-ce794efeb49e:192.168.34.60:42577, f0d7c07d-0c9c-43c9-b90d-f56b2a8a0f48:192.168.34.60:40619], old=null
2019-10-15 21:44:31,119 [2e9fa5e4-44d4-40da-9b1b-fd170634e70a@group-BEEEF5B3F175-LeaderElection35] INFO  impl.RoleInfo (RoleInfo.java:shutdownLeaderElection(134)) - 2e9fa5e4-44d4-40da-9b1b-fd170634e70a: shutdown LeaderElection
2019-10-15 21:44:31,120 [2e9fa5e4-44d4-40da-9b1b-fd170634e70a@group-BEEEF5B3F175-LeaderElection35] INFO  impl.RaftServerImpl (RaftServerImpl.java:setRole(184)) - 2e9fa5e4-44d4-40da-9b1b-fd170634e70a@group-BEEEF5B3F175: changes role from CANDIDATE to LEADER at term 1 for changeToLeader
2019-10-15 21:44:31,120 [2e9fa5e4-44d4-40da-9b1b-fd170634e70a@group-BEEEF5B3F175-LeaderElection35] INFO  impl.RaftServerImpl (ServerState.java:setLeader(256)) - 2e9fa5e4-44d4-40da-9b1b-fd170634e70a@group-BEEEF5B3F175: change Leader from null to 2e9fa5e4-44d4-40da-9b1b-fd170634e70a at term 1 for becomeLeader, leader elected after 187ms
2019-10-15 21:44:31,120 [2e9fa5e4-44d4-40da-9b1b-fd170634e70a@group-BEEEF5B3F175-LeaderElection35] INFO  server.RaftServerConfigKeys (ConfUtils.java:logGet(43)) - raft.server.staging.catchup.gap = 1000 (default)
2019-10-15 21:44:31,120 [2e9fa5e4-44d4-40da-9b1b-fd170634e70a@group-BEEEF5B3F175-LeaderElection35] INFO  server.RaftServerConfigKeys (ConfUtils.java:logGet(43)) - raft.server.rpc.sleep.time = 25ms (default)
2019-10-15 21:44:31,120 [2e9fa5e4-44d4-40da-9b1b-fd170634e70a@group-BEEEF5B3F175-LeaderElection35] INFO  server.RaftServerConfigKeys (ConfUtils.java:logGet(43)) - raft.server.write.element-limit = 4096 (default)
2019-10-15 21:44:31,120 [2e9fa5e4-44d4-40da-9b1b-fd170634e70a@group-BEEEF5B3F175-LeaderElection35] INFO  server.RaftServerConfigKeys (ConfUtils.java:logGet(43)) - raft.server.watch.timeout = 10s (default)
2019-10-15 21:44:31,121 [2e9fa5e4-44d4-40da-9b1b-fd170634e70a@group-BEEEF5B3F175-LeaderElection35] INFO  server.RaftServerConfigKeys (ConfUtils.java:logGet(43)) - raft.server.watch.timeout.denomination = 1s (default)
2019-10-15 21:44:31,121 [2e9fa5e4-44d4-40da-9b1b-fd170634e70a@group-BEEEF5B3F175-LeaderElection35] INFO  server.RaftServerConfigKeys (ConfUtils.java:logGet(43)) - raft.server.watch.element-limit = 65536 (default)
2019-10-15 21:44:31,122 [grpc-default-executor-4] INFO  impl.RaftServerImpl (RaftServerImpl.java:setRole(184)) - 11421ab1-19cb-4764-b505-ce794efeb49e@group-39CA588449F8: changes role from  FOLLOWER to FOLLOWER at term 34 for recognizeCandidate:2e9fa5e4-44d4-40da-9b1b-fd170634e70a
2019-10-15 21:44:31,122 [grpc-default-executor-5] INFO  impl.RaftServerImpl (RaftServerImpl.java:setRole(184)) - f0d7c07d-0c9c-43c9-b90d-f56b2a8a0f48@group-39CA588449F8: changes role from  FOLLOWER to FOLLOWER at term 34 for recognizeCandidate:2e9fa5e4-44d4-40da-9b1b-fd170634e70a
2019-10-15 21:44:31,122 [grpc-default-executor-4] INFO  impl.RoleInfo (RoleInfo.java:shutdownFollowerState(121)) - 11421ab1-19cb-4764-b505-ce794efeb49e: shutdown FollowerState
2019-10-15 21:44:31,122 [grpc-default-executor-5] INFO  impl.RoleInfo (RoleInfo.java:shutdownFollowerState(121)) - f0d7c07d-0c9c-43c9-b90d-f56b2a8a0f48: shutdown FollowerState
2019-10-15 21:44:31,122 [Thread-744] INFO  impl.FollowerState (FollowerState.java:run(117)) - 11421ab1-19cb-4764-b505-ce794efeb49e@group-39CA588449F8-FollowerState was interrupted: java.lang.InterruptedException: sleep interrupted
2019-10-15 21:44:31,122 [grpc-default-executor-4] INFO  impl.RoleInfo (RoleInfo.java:updateAndGet(143)) - 11421ab1-19cb-4764-b505-ce794efeb49e: start FollowerState
2019-10-15 21:44:31,123 [Thread-745] INFO  impl.FollowerState (FollowerState.java:run(117)) - f0d7c07d-0c9c-43c9-b90d-f56b2a8a0f48@group-39CA588449F8-FollowerState was interrupted: java.lang.InterruptedException: sleep interrupted
2019-10-15 21:44:31,122 [grpc-default-executor-5] INFO  impl.RoleInfo (RoleInfo.java:updateAndGet(143)) - f0d7c07d-0c9c-43c9-b90d-f56b2a8a0f48: start FollowerState
2019-10-15 21:44:31,124 [2e9fa5e4-44d4-40da-9b1b-fd170634e70a@group-BEEEF5B3F175-LeaderElection35] INFO  impl.RoleInfo (RoleInfo.java:updateAndGet(143)) - 2e9fa5e4-44d4-40da-9b1b-fd170634e70a: start LeaderState
2019-10-15 21:44:31,124 [2e9fa5e4-44d4-40da-9b1b-fd170634e70a@group-BEEEF5B3F175-LeaderElection35] INFO  segmented.SegmentedRaftLogWorker (SegmentedRaftLogWorker.java:startLogSegment(385)) - 2e9fa5e4-44d4-40da-9b1b-fd170634e70a@group-BEEEF5B3F175-SegmentedRaftLogWorker: Starting segment from index:0
2019-10-15 21:44:31,125 [2e9fa5e4-44d4-40da-9b1b-fd170634e70a@group-BEEEF5B3F175-LeaderElection35] INFO  impl.RaftServerImpl (ServerState.java:setRaftConf(357)) - 2e9fa5e4-44d4-40da-9b1b-fd170634e70a@group-BEEEF5B3F175: set configuration 0: [2e9fa5e4-44d4-40da-9b1b-fd170634e70a:192.168.34.60:33194], old=null at 0
2019-10-15 21:44:31,138 [2e9fa5e4-44d4-40da-9b1b-fd170634e70a@group-39CA588449F8-LeaderElection34] INFO  impl.LeaderElection (LeaderElection.java:logAndReturn(56)) - 2e9fa5e4-44d4-40da-9b1b-fd170634e70a@group-39CA588449F8-LeaderElection34: Election REJECTED; received 2 response(s) [2e9fa5e4-44d4-40da-9b1b-fd170634e70a<-11421ab1-19cb-4764-b505-ce794efeb49e#0:FAIL-t34, 2e9fa5e4-44d4-40da-9b1b-fd170634e70a<-f0d7c07d-0c9c-43c9-b90d-f56b2a8a0f48#0:FAIL-t34] and 0 exception(s); 2e9fa5e4-44d4-40da-9b1b-fd170634e70a@group-39CA588449F8:t34, leader=null, voted=2e9fa5e4-44d4-40da-9b1b-fd170634e70a, raftlog=2e9fa5e4-44d4-40da-9b1b-fd170634e70a@group-39CA588449F8-SegmentedRaftLog:OPENED:c3,f4,i4, conf=0: [2e9fa5e4-44d4-40da-9b1b-fd170634e70a:192.168.34.60:33194, 11421ab1-19cb-4764-b505-ce794efeb49e:192.168.34.60:42577, f0d7c07d-0c9c-43c9-b90d-f56b2a8a0f48:192.168.34.60:40619], old=null
2019-10-15 21:44:31,139 [2e9fa5e4-44d4-40da-9b1b-fd170634e70a@group-39CA588449F8-LeaderElection34] INFO  impl.RaftServerImpl (RaftServerImpl.java:setRole(184)) - 2e9fa5e4-44d4-40da-9b1b-fd170634e70a@group-39CA588449F8: changes role from CANDIDATE to FOLLOWER at term 34 for DISCOVERED_A_NEW_TERM
2019-10-15 21:44:31,139 [2e9fa5e4-44d4-40da-9b1b-fd170634e70a@group-39CA588449F8-LeaderElection34] INFO  impl.RoleInfo (RoleInfo.java:shutdownLeaderElection(134)) - 2e9fa5e4-44d4-40da-9b1b-fd170634e70a: shutdown LeaderElection
2019-10-15 21:44:31,139 [2e9fa5e4-44d4-40da-9b1b-fd170634e70a@group-39CA588449F8-LeaderElection34] INFO  impl.RoleInfo (RoleInfo.java:updateAndGet(143)) - 2e9fa5e4-44d4-40da-9b1b-fd170634e70a: start FollowerState
2019-10-15 21:44:31,167 [Thread-781] INFO  client.GrpcClientProtocolService (GrpcClientProtocolService.java:lambda$processClientRequest$0(278)) - Failed RaftClientRequest:client-D0B527BDC3D7->2e9fa5e4-44d4-40da-9b1b-fd170634e70a@group-39CA588449F8, cid=10, seq=0, Watch-ALL_COMMITTED(6), Message:<EMPTY>, reply=RaftClientReply:client-D0B527BDC3D7->2e9fa5e4-44d4-40da-9b1b-fd170634e70a@group-39CA588449F8, cid=10, FAILED org.apache.ratis.protocol.NotLeaderException: Server 2e9fa5e4-44d4-40da-9b1b-fd170634e70a@group-39CA588449F8 is not the leader, logIndex=0, commits[2e9fa5e4-44d4-40da-9b1b-fd170634e70a:c3]
2019-10-15 21:44:31,174 [11421ab1-19cb-4764-b505-ce794efeb49e@group-14B0583E6FB5-SegmentedRaftLogWorker] INFO  segmented.SegmentedRaftLogWorker (SegmentedRaftLogWorker.java:execute(576)) - 11421ab1-19cb-4764-b505-ce794efeb49e@group-14B0583E6FB5-SegmentedRaftLogWorker: created new log segment /workdir/hadoop-ozone/integration-test/target/test-dir/MiniOzoneClusterImpl-06fd8024-f1f0-4e91-aaba-ceaeb81d3c97/datanode-1/data/ratis/6a23d738-e3df-4768-82c0-14b0583e6fb5/current/log_inprogress_0
2019-10-15 21:44:31,174 [f0d7c07d-0c9c-43c9-b90d-f56b2a8a0f48@group-14B0583E6FB5-SegmentedRaftLogWorker] INFO  segmented.SegmentedRaftLogWorker (SegmentedRaftLogWorker.java:execute(576)) - f0d7c07d-0c9c-43c9-b90d-f56b2a8a0f48@group-14B0583E6FB5-SegmentedRaftLogWorker: created new log segment /workdir/hadoop-ozone/integration-test/target/test-dir/MiniOzoneClusterImpl-06fd8024-f1f0-4e91-aaba-ceaeb81d3c97/datanode-0/data/ratis/6a23d738-e3df-4768-82c0-14b0583e6fb5/current/log_inprogress_0
2019-10-15 21:44:31,174 [2e9fa5e4-44d4-40da-9b1b-fd170634e70a@group-BEEEF5B3F175-SegmentedRaftLogWorker] INFO  segmented.SegmentedRaftLogWorker (SegmentedRaftLogWorker.java:execute(576)) - 2e9fa5e4-44d4-40da-9b1b-fd170634e70a@group-BEEEF5B3F175-SegmentedRaftLogWorker: created new log segment /workdir/hadoop-ozone/integration-test/target/test-dir/MiniOzoneClusterImpl-06fd8024-f1f0-4e91-aaba-ceaeb81d3c97/datanode-2/data/ratis/d1a59213-c016-4ddd-9067-beeef5b3f175/current/log_inprogress_0
2019-10-15 21:44:31,207 [EventQueue-PendingDeleteStatusForPendingDeleteHandler] INFO  block.SCMBlockDeletingService (SCMBlockDeletingService.java:handlePendingDeletes(115)) - Block deletion txnID mismatch in datanode 2e9fa5e4-44d4-40da-9b1b-fd170634e70a for containerID 1. Datanode delete txnID: 0, SCM txnID: 1
2019-10-15 21:44:31,274 [Thread-779] INFO  impl.FollowerState (FollowerState.java:run(108)) - 2e9fa5e4-44d4-40da-9b1b-fd170634e70a@group-39CA588449F8-FollowerState: change to CANDIDATE, lastRpcTime:135ms, electionTimeout:135ms
2019-10-15 21:44:31,275 [Thread-779] INFO  impl.RoleInfo (RoleInfo.java:shutdownFollowerState(121)) - 2e9fa5e4-44d4-40da-9b1b-fd170634e70a: shutdown FollowerState
2019-10-15 21:44:31,275 [Thread-779] INFO  impl.RaftServerImpl (RaftServerImpl.java:setRole(184)) - 2e9fa5e4-44d4-40da-9b1b-fd170634e70a@group-39CA588449F8: changes role from  FOLLOWER to CANDIDATE at term 34 for changeToCandidate
2019-10-15 21:44:31,275 [Thread-779] INFO  impl.RoleInfo (RoleInfo.java:updateAndGet(143)) - 2e9fa5e4-44d4-40da-9b1b-fd170634e70a: start LeaderElection
2019-10-15 21:44:31,289 [2e9fa5e4-44d4-40da-9b1b-fd170634e70a@group-39CA588449F8-LeaderElection36] INFO  impl.LeaderElection (LeaderElection.java:askForVotes(178)) - 2e9fa5e4-44d4-40da-9b1b-fd170634e70a@group-39CA588449F8-LeaderElection36: begin an election at term 35 for 0: [2e9fa5e4-44d4-40da-9b1b-fd170634e70a:192.168.34.60:33194, 11421ab1-19cb-4764-b505-ce794efeb49e:192.168.34.60:42577, f0d7c07d-0c9c-43c9-b90d-f56b2a8a0f48:192.168.34.60:40619], old=null
2019-10-15 21:44:31,292 [grpc-default-executor-4] INFO  impl.RaftServerImpl (RaftServerImpl.java:setRole(184)) - 11421ab1-19cb-4764-b505-ce794efeb49e@group-39CA588449F8: changes role from  FOLLOWER to FOLLOWER at term 35 for recognizeCandidate:2e9fa5e4-44d4-40da-9b1b-fd170634e70a
2019-10-15 21:44:31,292 [grpc-default-executor-4] INFO  impl.RoleInfo (RoleInfo.java:shutdownFollowerState(121)) - 11421ab1-19cb-4764-b505-ce794efeb49e: shutdown FollowerState
2019-10-15 21:44:31,292 [grpc-default-executor-5] INFO  impl.RaftServerImpl (RaftServerImpl.java:setRole(184)) - f0d7c07d-0c9c-43c9-b90d-f56b2a8a0f48@group-39CA588449F8: changes role from  FOLLOWER to FOLLOWER at term 35 for recognizeCandidate:2e9fa5e4-44d4-40da-9b1b-fd170634e70a
2019-10-15 21:44:31,292 [Thread-777] INFO  impl.FollowerState (FollowerState.java:run(117)) - 11421ab1-19cb-4764-b505-ce794efeb49e@group-39CA588449F8-FollowerState was interrupted: java.lang.InterruptedException: sleep interrupted
2019-10-15 21:44:31,292 [grpc-default-executor-4] INFO  impl.RoleInfo (RoleInfo.java:updateAndGet(143)) - 11421ab1-19cb-4764-b505-ce794efeb49e: start FollowerState
2019-10-15 21:44:31,292 [grpc-default-executor-5] INFO  impl.RoleInfo (RoleInfo.java:shutdownFollowerState(121)) - f0d7c07d-0c9c-43c9-b90d-f56b2a8a0f48: shutdown FollowerState
2019-10-15 21:44:31,293 [grpc-default-executor-5] INFO  impl.RoleInfo (RoleInfo.java:updateAndGet(143)) - f0d7c07d-0c9c-43c9-b90d-f56b2a8a0f48: start FollowerState
2019-10-15 21:44:31,293 [Thread-778] INFO  impl.FollowerState (FollowerState.java:run(117)) - f0d7c07d-0c9c-43c9-b90d-f56b2a8a0f48@group-39CA588449F8-FollowerState was interrupted: java.lang.InterruptedException: sleep interrupted
2019-10-15 21:44:31,309 [2e9fa5e4-44d4-40da-9b1b-fd170634e70a@group-39CA588449F8-LeaderElection36] INFO  impl.LeaderElection (LeaderElection.java:logAndReturn(56)) - 2e9fa5e4-44d4-40da-9b1b-fd170634e70a@group-39CA588449F8-LeaderElection36: Election REJECTED; received 2 response(s) [2e9fa5e4-44d4-40da-9b1b-fd170634e70a<-11421ab1-19cb-4764-b505-ce794efeb49e#0:FAIL-t35, 2e9fa5e4-44d4-40da-9b1b-fd170634e70a<-f0d7c07d-0c9c-43c9-b90d-f56b2a8a0f48#0:FAIL-t35] and 0 exception(s); 2e9fa5e4-44d4-40da-9b1b-fd170634e70a@group-39CA588449F8:t35, leader=null, voted=2e9fa5e4-44d4-40da-9b1b-fd170634e70a, raftlog=2e9fa5e4-44d4-40da-9b1b-fd170634e70a@group-39CA588449F8-SegmentedRaftLog:OPENED:c3,f4,i4, conf=0: [2e9fa5e4-44d4-40da-9b1b-fd170634e70a:192.168.34.60:33194, 11421ab1-19cb-4764-b505-ce794efeb49e:192.168.34.60:42577, f0d7c07d-0c9c-43c9-b90d-f56b2a8a0f48:192.168.34.60:40619], old=null
2019-10-15 21:44:31,309 [2e9fa5e4-44d4-40da-9b1b-fd170634e70a@group-39CA588449F8-LeaderElection36] INFO  impl.RaftServerImpl (RaftServerImpl.java:setRole(184)) - 2e9fa5e4-44d4-40da-9b1b-fd170634e70a@group-39CA588449F8: changes role from CANDIDATE to FOLLOWER at term 35 for DISCOVERED_A_NEW_TERM
2019-10-15 21:44:31,310 [2e9fa5e4-44d4-40da-9b1b-fd170634e70a@group-39CA588449F8-LeaderElection36] INFO  impl.RoleInfo (RoleInfo.java:shutdownLeaderElection(134)) - 2e9fa5e4-44d4-40da-9b1b-fd170634e70a: shutdown LeaderElection
2019-10-15 21:44:31,310 [2e9fa5e4-44d4-40da-9b1b-fd170634e70a@group-39CA588449F8-LeaderElection36] INFO  impl.RoleInfo (RoleInfo.java:updateAndGet(143)) - 2e9fa5e4-44d4-40da-9b1b-fd170634e70a: start FollowerState
2019-10-15 21:44:31,368 [pool-7-thread-2] INFO  commands.RetriableDatanodeEventWatcher (RetriableDatanodeEventWatcher.java:onTimeout(47)) - RetriableDatanodeCommand type=deleteBlocksCommand with id=1571175864358 timed out. Retrying.
2019-10-15 21:44:31,368 [pool-7-thread-1] INFO  commands.RetriableDatanodeEventWatcher (RetriableDatanodeEventWatcher.java:onTimeout(47)) - RetriableDatanodeCommand type=deleteBlocksCommand with id=1571175864364 timed out. Retrying.
2019-10-15 21:44:31,368 [pool-7-thread-3] INFO  commands.RetriableDatanodeEventWatcher (RetriableDatanodeEventWatcher.java:onTimeout(47)) - RetriableDatanodeCommand type=deleteBlocksCommand with id=1571175864366 timed out. Retrying.
2019-10-15 21:44:31,369 [pool-7-thread-2] INFO  commands.RetriableDatanodeEventWatcher (RetriableDatanodeEventWatcher.java:onTimeout(47)) - RetriableDatanodeCommand type=deleteBlocksCommand with id=1571175864363 timed out. Retrying.
2019-10-15 21:44:31,369 [pool-7-thread-1] INFO  commands.RetriableDatanodeEventWatcher (RetriableDatanodeEventWatcher.java:onTimeout(47)) - RetriableDatanodeCommand type=deleteBlocksCommand with id=1571175864362 timed out. Retrying.
2019-10-15 21:44:31,369 [pool-7-thread-3] INFO  commands.RetriableDatanodeEventWatcher (RetriableDatanodeEventWatcher.java:onTimeout(47)) - RetriableDatanodeCommand type=deleteBlocksCommand with id=1571175864360 timed out. Retrying.
2019-10-15 21:44:31,369 [pool-7-thread-3] INFO  commands.RetriableDatanodeEventWatcher (RetriableDatanodeEventWatcher.java:onTimeout(47)) - RetriableDatanodeCommand type=deleteBlocksCommand with id=1571175864365 timed out. Retrying.
2019-10-15 21:44:31,369 [SCMBlockDeletingService#0] INFO  block.SCMBlockDeletingService (SCMBlockDeletingService.java:call(184)) - Totally added 1 delete blocks command for 1 datanodes, task elapsed time: 1ms
2019-10-15 21:44:31,382 [Thread-790] INFO  impl.FollowerState (FollowerState.java:run(108)) - 2e9fa5e4-44d4-40da-9b1b-fd170634e70a@group-39CA588449F8-FollowerState: change to CANDIDATE, lastRpcTime:72ms, electionTimeout:72ms
2019-10-15 21:44:31,382 [Thread-790] INFO  impl.RoleInfo (RoleInfo.java:shutdownFollowerState(121)) - 2e9fa5e4-44d4-40da-9b1b-fd170634e70a: shutdown FollowerState
2019-10-15 21:44:31,383 [Thread-790] INFO  impl.RaftServerImpl (RaftServerImpl.java:setRole(184)) - 2e9fa5e4-44d4-40da-9b1b-fd170634e70a@group-39CA588449F8: changes role from  FOLLOWER to CANDIDATE at term 35 for changeToCandidate
2019-10-15 21:44:31,383 [Thread-790] INFO  impl.RoleInfo (RoleInfo.java:updateAndGet(143)) - 2e9fa5e4-44d4-40da-9b1b-fd170634e70a: start LeaderElection
2019-10-15 21:44:31,396 [2e9fa5e4-44d4-40da-9b1b-fd170634e70a@group-39CA588449F8-LeaderElection37] INFO  impl.LeaderElection (LeaderElection.java:askForVotes(178)) - 2e9fa5e4-44d4-40da-9b1b-fd170634e70a@group-39CA588449F8-LeaderElection37: begin an election at term 36 for 0: [2e9fa5e4-44d4-40da-9b1b-fd170634e70a:192.168.34.60:33194, 11421ab1-19cb-4764-b505-ce794efeb49e:192.168.34.60:42577, f0d7c07d-0c9c-43c9-b90d-f56b2a8a0f48:192.168.34.60:40619], old=null
2019-10-15 21:44:31,399 [grpc-default-executor-4] INFO  impl.RaftServerImpl (RaftServerImpl.java:setRole(184)) - 11421ab1-19cb-4764-b505-ce794efeb49e@group-39CA588449F8: changes role from  FOLLOWER to FOLLOWER at term 36 for recognizeCandidate:2e9fa5e4-44d4-40da-9b1b-fd170634e70a
2019-10-15 21:44:31,399 [grpc-default-executor-5] INFO  impl.RaftServerImpl (RaftServerImpl.java:setRole(184)) - f0d7c07d-0c9c-43c9-b90d-f56b2a8a0f48@group-39CA588449F8: changes role from  FOLLOWER to FOLLOWER at term 36 for recognizeCandidate:2e9fa5e4-44d4-40da-9b1b-fd170634e70a
2019-10-15 21:44:31,399 [grpc-default-executor-4] INFO  impl.RoleInfo (RoleInfo.java:shutdownFollowerState(121)) - 11421ab1-19cb-4764-b505-ce794efeb49e: shutdown FollowerState
2019-10-15 21:44:31,399 [grpc-default-executor-5] INFO  impl.RoleInfo (RoleInfo.java:shutdownFollowerState(121)) - f0d7c07d-0c9c-43c9-b90d-f56b2a8a0f48: shutdown FollowerState
2019-10-15 21:44:31,400 [Thread-788] INFO  impl.FollowerState (FollowerState.java:run(117)) - 11421ab1-19cb-4764-b505-ce794efeb49e@group-39CA588449F8-FollowerState was interrupted: java.lang.InterruptedException: sleep interrupted
2019-10-15 21:44:31,400 [grpc-default-executor-4] INFO  impl.RoleInfo (RoleInfo.java:updateAndGet(143)) - 11421ab1-19cb-4764-b505-ce794efeb49e: start FollowerState
2019-10-15 21:44:31,400 [Thread-789] INFO  impl.FollowerState (FollowerState.java:run(117)) - f0d7c07d-0c9c-43c9-b90d-f56b2a8a0f48@group-39CA588449F8-FollowerState was interrupted: java.lang.InterruptedException: sleep interrupted
2019-10-15 21:44:31,400 [grpc-default-executor-5] INFO  impl.RoleInfo (RoleInfo.java:updateAndGet(143)) - f0d7c07d-0c9c-43c9-b90d-f56b2a8a0f48: start FollowerState
2019-10-15 21:44:31,415 [2e9fa5e4-44d4-40da-9b1b-fd170634e70a@group-39CA588449F8-LeaderElection37] INFO  impl.LeaderElection (LeaderElection.java:logAndReturn(56)) - 2e9fa5e4-44d4-40da-9b1b-fd170634e70a@group-39CA588449F8-LeaderElection37: Election REJECTED; received 2 response(s) [2e9fa5e4-44d4-40da-9b1b-fd170634e70a<-11421ab1-19cb-4764-b505-ce794efeb49e#0:FAIL-t36, 2e9fa5e4-44d4-40da-9b1b-fd170634e70a<-f0d7c07d-0c9c-43c9-b90d-f56b2a8a0f48#0:FAIL-t36] and 0 exception(s); 2e9fa5e4-44d4-40da-9b1b-fd170634e70a@group-39CA588449F8:t36, leader=null, voted=2e9fa5e4-44d4-40da-9b1b-fd170634e70a, raftlog=2e9fa5e4-44d4-40da-9b1b-fd170634e70a@group-39CA588449F8-SegmentedRaftLog:OPENED:c3,f4,i4, conf=0: [2e9fa5e4-44d4-40da-9b1b-fd170634e70a:192.168.34.60:33194, 11421ab1-19cb-4764-b505-ce794efeb49e:192.168.34.60:42577, f0d7c07d-0c9c-43c9-b90d-f56b2a8a0f48:192.168.34.60:40619], old=null
2019-10-15 21:44:31,415 [2e9fa5e4-44d4-40da-9b1b-fd170634e70a@group-39CA588449F8-LeaderElection37] INFO  impl.RaftServerImpl (RaftServerImpl.java:setRole(184)) - 2e9fa5e4-44d4-40da-9b1b-fd170634e70a@group-39CA588449F8: changes role from CANDIDATE to FOLLOWER at term 36 for DISCOVERED_A_NEW_TERM
2019-10-15 21:44:31,415 [2e9fa5e4-44d4-40da-9b1b-fd170634e70a@group-39CA588449F8-LeaderElection37] INFO  impl.RoleInfo (RoleInfo.java:shutdownLeaderElection(134)) - 2e9fa5e4-44d4-40da-9b1b-fd170634e70a: shutdown LeaderElection
2019-10-15 21:44:31,415 [2e9fa5e4-44d4-40da-9b1b-fd170634e70a@group-39CA588449F8-LeaderElection37] INFO  impl.RoleInfo (RoleInfo.java:updateAndGet(143)) - 2e9fa5e4-44d4-40da-9b1b-fd170634e70a: start FollowerState
2019-10-15 21:44:31,509 [EventQueue-PendingDeleteStatusForPendingDeleteHandler] INFO  block.SCMBlockDeletingService (SCMBlockDeletingService.java:handlePendingDeletes(115)) - Block deletion txnID mismatch in datanode 2e9fa5e4-44d4-40da-9b1b-fd170634e70a for containerID 1. Datanode delete txnID: 0, SCM txnID: 1
2019-10-15 21:44:31,538 [Thread-796] INFO  impl.FollowerState (FollowerState.java:run(108)) - 2e9fa5e4-44d4-40da-9b1b-fd170634e70a@group-39CA588449F8-FollowerState: change to CANDIDATE, lastRpcTime:122ms, electionTimeout:122ms
2019-10-15 21:44:31,538 [Thread-796] INFO  impl.RoleInfo (RoleInfo.java:shutdownFollowerState(121)) - 2e9fa5e4-44d4-40da-9b1b-fd170634e70a: shutdown FollowerState
2019-10-15 21:44:31,538 [Thread-796] INFO  impl.RaftServerImpl (RaftServerImpl.java:setRole(184)) - 2e9fa5e4-44d4-40da-9b1b-fd170634e70a@group-39CA588449F8: changes role from  FOLLOWER to CANDIDATE at term 36 for changeToCandidate
2019-10-15 21:44:31,538 [Thread-796] INFO  impl.RoleInfo (RoleInfo.java:updateAndGet(143)) - 2e9fa5e4-44d4-40da-9b1b-fd170634e70a: start LeaderElection
2019-10-15 21:44:31,552 [2e9fa5e4-44d4-40da-9b1b-fd170634e70a@group-39CA588449F8-LeaderElection38] INFO  impl.LeaderElection (LeaderElection.java:askForVotes(178)) - 2e9fa5e4-44d4-40da-9b1b-fd170634e70a@group-39CA588449F8-LeaderElection38: begin an election at term 37 for 0: [2e9fa5e4-44d4-40da-9b1b-fd170634e70a:192.168.34.60:33194, 11421ab1-19cb-4764-b505-ce794efeb49e:192.168.34.60:42577, f0d7c07d-0c9c-43c9-b90d-f56b2a8a0f48:192.168.34.60:40619], old=null
2019-10-15 21:44:31,554 [grpc-default-executor-4] INFO  impl.RaftServerImpl (RaftServerImpl.java:setRole(184)) - 11421ab1-19cb-4764-b505-ce794efeb49e@group-39CA588449F8: changes role from  FOLLOWER to FOLLOWER at term 37 for recognizeCandidate:2e9fa5e4-44d4-40da-9b1b-fd170634e70a
2019-10-15 21:44:31,554 [grpc-default-executor-5] INFO  impl.RaftServerImpl (RaftServerImpl.java:setRole(184)) - f0d7c07d-0c9c-43c9-b90d-f56b2a8a0f48@group-39CA588449F8: changes role from  FOLLOWER to FOLLOWER at term 37 for recognizeCandidate:2e9fa5e4-44d4-40da-9b1b-fd170634e70a
2019-10-15 21:44:31,554 [grpc-default-executor-4] INFO  impl.RoleInfo (RoleInfo.java:shutdownFollowerState(121)) - 11421ab1-19cb-4764-b505-ce794efeb49e: shutdown FollowerState
2019-10-15 21:44:31,555 [grpc-default-executor-5] INFO  impl.RoleInfo (RoleInfo.java:shutdownFollowerState(121)) - f0d7c07d-0c9c-43c9-b90d-f56b2a8a0f48: shutdown FollowerState
2019-10-15 21:44:31,555 [Thread-794] INFO  impl.FollowerState (FollowerState.java:run(117)) - 11421ab1-19cb-4764-b505-ce794efeb49e@group-39CA588449F8-FollowerState was interrupted: java.lang.InterruptedException: sleep interrupted
2019-10-15 21:44:31,555 [grpc-default-executor-4] INFO  impl.RoleInfo (RoleInfo.java:updateAndGet(143)) - 11421ab1-19cb-4764-b505-ce794efeb49e: start FollowerState
2019-10-15 21:44:31,555 [Thread-795] INFO  impl.FollowerState (FollowerState.java:run(117)) - f0d7c07d-0c9c-43c9-b90d-f56b2a8a0f48@group-39CA588449F8-FollowerState was interrupted: java.lang.InterruptedException: sleep interrupted
2019-10-15 21:44:31,555 [grpc-default-executor-5] INFO  impl.RoleInfo (RoleInfo.java:updateAndGet(143)) - f0d7c07d-0c9c-43c9-b90d-f56b2a8a0f48: start FollowerState
2019-10-15 21:44:31,570 [2e9fa5e4-44d4-40da-9b1b-fd170634e70a@group-39CA588449F8-LeaderElection38] INFO  impl.LeaderElection (LeaderElection.java:logAndReturn(56)) - 2e9fa5e4-44d4-40da-9b1b-fd170634e70a@group-39CA588449F8-LeaderElection38: Election REJECTED; received 2 response(s) [2e9fa5e4-44d4-40da-9b1b-fd170634e70a<-11421ab1-19cb-4764-b505-ce794efeb49e#0:FAIL-t37, 2e9fa5e4-44d4-40da-9b1b-fd170634e70a<-f0d7c07d-0c9c-43c9-b90d-f56b2a8a0f48#0:FAIL-t37] and 0 exception(s); 2e9fa5e4-44d4-40da-9b1b-fd170634e70a@group-39CA588449F8:t37, leader=null, voted=2e9fa5e4-44d4-40da-9b1b-fd170634e70a, raftlog=2e9fa5e4-44d4-40da-9b1b-fd170634e70a@group-39CA588449F8-SegmentedRaftLog:OPENED:c3,f4,i4, conf=0: [2e9fa5e4-44d4-40da-9b1b-fd170634e70a:192.168.34.60:33194, 11421ab1-19cb-4764-b505-ce794efeb49e:192.168.34.60:42577, f0d7c07d-0c9c-43c9-b90d-f56b2a8a0f48:192.168.34.60:40619], old=null
2019-10-15 21:44:31,570 [2e9fa5e4-44d4-40da-9b1b-fd170634e70a@group-39CA588449F8-LeaderElection38] INFO  impl.RaftServerImpl (RaftServerImpl.java:setRole(184)) - 2e9fa5e4-44d4-40da-9b1b-fd170634e70a@group-39CA588449F8: changes role from CANDIDATE to FOLLOWER at term 37 for DISCOVERED_A_NEW_TERM
2019-10-15 21:44:31,570 [2e9fa5e4-44d4-40da-9b1b-fd170634e70a@group-39CA588449F8-LeaderElection38] INFO  impl.RoleInfo (RoleInfo.java:shutdownLeaderElection(134)) - 2e9fa5e4-44d4-40da-9b1b-fd170634e70a: shutdown LeaderElection
2019-10-15 21:44:31,570 [2e9fa5e4-44d4-40da-9b1b-fd170634e70a@group-39CA588449F8-LeaderElection38] INFO  impl.RoleInfo (RoleInfo.java:updateAndGet(143)) - 2e9fa5e4-44d4-40da-9b1b-fd170634e70a: start FollowerState
2019-10-15 21:44:31,588 [BlockDeletingService#2] WARN  background.BlockDeletingService (BlockDeletingService.java:isDeletionAllowed(187)) - Close Container log Index 6 is not replicated across allthe servers in the pipeline a3e553f0-b812-4dfc-8692-39ca588449f8 as the min replicated index is 4. Deletion is not allowed in this container yet.
2019-10-15 21:44:31,589 [BlockDeletingService#2] WARN  background.BlockDeletingService (BlockDeletingService.java:isDeletionAllowed(187)) - Close Container log Index 6 is not replicated across allthe servers in the pipeline a3e553f0-b812-4dfc-8692-39ca588449f8 as the min replicated index is 4. Deletion is not allowed in this container yet.
2019-10-15 21:44:31,645 [Thread-802] INFO  impl.FollowerState (FollowerState.java:run(108)) - 2e9fa5e4-44d4-40da-9b1b-fd170634e70a@group-39CA588449F8-FollowerState: change to CANDIDATE, lastRpcTime:75ms, electionTimeout:75ms
2019-10-15 21:44:31,646 [Thread-802] INFO  impl.RoleInfo (RoleInfo.java:shutdownFollowerState(121)) - 2e9fa5e4-44d4-40da-9b1b-fd170634e70a: shutdown FollowerState
2019-10-15 21:44:31,646 [Thread-802] INFO  impl.RaftServerImpl (RaftServerImpl.java:setRole(184)) - 2e9fa5e4-44d4-40da-9b1b-fd170634e70a@group-39CA588449F8: changes role from  FOLLOWER to CANDIDATE at term 37 for changeToCandidate
2019-10-15 21:44:31,646 [Thread-802] INFO  impl.RoleInfo (RoleInfo.java:updateAndGet(143)) - 2e9fa5e4-44d4-40da-9b1b-fd170634e70a: start LeaderElection
2019-10-15 21:44:31,660 [2e9fa5e4-44d4-40da-9b1b-fd170634e70a@group-39CA588449F8-LeaderElection39] INFO  impl.LeaderElection (LeaderElection.java:askForVotes(178)) - 2e9fa5e4-44d4-40da-9b1b-fd170634e70a@group-39CA588449F8-LeaderElection39: begin an election at term 38 for 0: [2e9fa5e4-44d4-40da-9b1b-fd170634e70a:192.168.34.60:33194, 11421ab1-19cb-4764-b505-ce794efeb49e:192.168.34.60:42577, f0d7c07d-0c9c-43c9-b90d-f56b2a8a0f48:192.168.34.60:40619], old=null
2019-10-15 21:44:31,662 [grpc-default-executor-5] INFO  impl.RaftServerImpl (RaftServerImpl.java:setRole(184)) - 11421ab1-19cb-4764-b505-ce794efeb49e@group-39CA588449F8: changes role from  FOLLOWER to FOLLOWER at term 38 for recognizeCandidate:2e9fa5e4-44d4-40da-9b1b-fd170634e70a
2019-10-15 21:44:31,662 [grpc-default-executor-4] INFO  impl.RaftServerImpl (RaftServerImpl.java:setRole(184)) - f0d7c07d-0c9c-43c9-b90d-f56b2a8a0f48@group-39CA588449F8: changes role from  FOLLOWER to FOLLOWER at term 38 for recognizeCandidate:2e9fa5e4-44d4-40da-9b1b-fd170634e70a
2019-10-15 21:44:31,662 [grpc-default-executor-5] INFO  impl.RoleInfo (RoleInfo.java:shutdownFollowerState(121)) - 11421ab1-19cb-4764-b505-ce794efeb49e: shutdown FollowerState
2019-10-15 21:44:31,662 [grpc-default-executor-4] INFO  impl.RoleInfo (RoleInfo.java:shutdownFollowerState(121)) - f0d7c07d-0c9c-43c9-b90d-f56b2a8a0f48: shutdown FollowerState
2019-10-15 21:44:31,663 [Thread-800] INFO  impl.FollowerState (FollowerState.java:run(117)) - 11421ab1-19cb-4764-b505-ce794efeb49e@group-39CA588449F8-FollowerState was interrupted: java.lang.InterruptedException: sleep interrupted
2019-10-15 21:44:31,663 [grpc-default-executor-5] INFO  impl.RoleInfo (RoleInfo.java:updateAndGet(143)) - 11421ab1-19cb-4764-b505-ce794efeb49e: start FollowerState
2019-10-15 21:44:31,663 [Thread-801] INFO  impl.FollowerState (FollowerState.java:run(117)) - f0d7c07d-0c9c-43c9-b90d-f56b2a8a0f48@group-39CA588449F8-FollowerState was interrupted: java.lang.InterruptedException: sleep interrupted
2019-10-15 21:44:31,663 [grpc-default-executor-4] INFO  impl.RoleInfo (RoleInfo.java:updateAndGet(143)) - f0d7c07d-0c9c-43c9-b90d-f56b2a8a0f48: start FollowerState
2019-10-15 21:44:31,678 [2e9fa5e4-44d4-40da-9b1b-fd170634e70a@group-39CA588449F8-LeaderElection39] INFO  impl.LeaderElection (LeaderElection.java:logAndReturn(56)) - 2e9fa5e4-44d4-40da-9b1b-fd170634e70a@group-39CA588449F8-LeaderElection39: Election REJECTED; received 2 response(s) [2e9fa5e4-44d4-40da-9b1b-fd170634e70a<-11421ab1-19cb-4764-b505-ce794efeb49e#0:FAIL-t38, 2e9fa5e4-44d4-40da-9b1b-fd170634e70a<-f0d7c07d-0c9c-43c9-b90d-f56b2a8a0f48#0:FAIL-t38] and 0 exception(s); 2e9fa5e4-44d4-40da-9b1b-fd170634e70a@group-39CA588449F8:t38, leader=null, voted=2e9fa5e4-44d4-40da-9b1b-fd170634e70a, raftlog=2e9fa5e4-44d4-40da-9b1b-fd170634e70a@group-39CA588449F8-SegmentedRaftLog:OPENED:c3,f4,i4, conf=0: [2e9fa5e4-44d4-40da-9b1b-fd170634e70a:192.168.34.60:33194, 11421ab1-19cb-4764-b505-ce794efeb49e:192.168.34.60:42577, f0d7c07d-0c9c-43c9-b90d-f56b2a8a0f48:192.168.34.60:40619], old=null
2019-10-15 21:44:31,679 [2e9fa5e4-44d4-40da-9b1b-fd170634e70a@group-39CA588449F8-LeaderElection39] INFO  impl.RaftServerImpl (RaftServerImpl.java:setRole(184)) - 2e9fa5e4-44d4-40da-9b1b-fd170634e70a@group-39CA588449F8: changes role from CANDIDATE to FOLLOWER at term 38 for DISCOVERED_A_NEW_TERM
2019-10-15 21:44:31,679 [2e9fa5e4-44d4-40da-9b1b-fd170634e70a@group-39CA588449F8-LeaderElection39] INFO  impl.RoleInfo (RoleInfo.java:shutdownLeaderElection(134)) - 2e9fa5e4-44d4-40da-9b1b-fd170634e70a: shutdown LeaderElection
2019-10-15 21:44:31,679 [2e9fa5e4-44d4-40da-9b1b-fd170634e70a@group-39CA588449F8-LeaderElection39] INFO  impl.RoleInfo (RoleInfo.java:updateAndGet(143)) - 2e9fa5e4-44d4-40da-9b1b-fd170634e70a: start FollowerState
2019-10-15 21:44:31,785 [Thread-810] INFO  impl.FollowerState (FollowerState.java:run(108)) - 2e9fa5e4-44d4-40da-9b1b-fd170634e70a@group-39CA588449F8-FollowerState: change to CANDIDATE, lastRpcTime:106ms, electionTimeout:106ms
2019-10-15 21:44:31,786 [Thread-810] INFO  impl.RoleInfo (RoleInfo.java:shutdownFollowerState(121)) - 2e9fa5e4-44d4-40da-9b1b-fd170634e70a: shutdown FollowerState
2019-10-15 21:44:31,786 [Thread-810] INFO  impl.RaftServerImpl (RaftServerImpl.java:setRole(184)) - 2e9fa5e4-44d4-40da-9b1b-fd170634e70a@group-39CA588449F8: changes role from  FOLLOWER to CANDIDATE at term 38 for changeToCandidate
2019-10-15 21:44:31,786 [Thread-810] INFO  impl.RoleInfo (RoleInfo.java:updateAndGet(143)) - 2e9fa5e4-44d4-40da-9b1b-fd170634e70a: start LeaderElection
2019-10-15 21:44:31,799 [2e9fa5e4-44d4-40da-9b1b-fd170634e70a@group-39CA588449F8-LeaderElection40] INFO  impl.LeaderElection (LeaderElection.java:askForVotes(178)) - 2e9fa5e4-44d4-40da-9b1b-fd170634e70a@group-39CA588449F8-LeaderElection40: begin an election at term 39 for 0: [2e9fa5e4-44d4-40da-9b1b-fd170634e70a:192.168.34.60:33194, 11421ab1-19cb-4764-b505-ce794efeb49e:192.168.34.60:42577, f0d7c07d-0c9c-43c9-b90d-f56b2a8a0f48:192.168.34.60:40619], old=null
2019-10-15 21:44:31,802 [grpc-default-executor-5] INFO  impl.RaftServerImpl (RaftServerImpl.java:setRole(184)) - 11421ab1-19cb-4764-b505-ce794efeb49e@group-39CA588449F8: changes role from  FOLLOWER to FOLLOWER at term 39 for recognizeCandidate:2e9fa5e4-44d4-40da-9b1b-fd170634e70a
2019-10-15 21:44:31,802 [grpc-default-executor-4] INFO  impl.RaftServerImpl (RaftServerImpl.java:setRole(184)) - f0d7c07d-0c9c-43c9-b90d-f56b2a8a0f48@group-39CA588449F8: changes role from  FOLLOWER to FOLLOWER at term 39 for recognizeCandidate:2e9fa5e4-44d4-40da-9b1b-fd170634e70a
2019-10-15 21:44:31,802 [grpc-default-executor-5] INFO  impl.RoleInfo (RoleInfo.java:shutdownFollowerState(121)) - 11421ab1-19cb-4764-b505-ce794efeb49e: shutdown FollowerState
2019-10-15 21:44:31,802 [grpc-default-executor-4] INFO  impl.RoleInfo (RoleInfo.java:shutdownFollowerState(121)) - f0d7c07d-0c9c-43c9-b90d-f56b2a8a0f48: shutdown FollowerState
2019-10-15 21:44:31,802 [Thread-808] INFO  impl.FollowerState (FollowerState.java:run(117)) - 11421ab1-19cb-4764-b505-ce794efeb49e@group-39CA588449F8-FollowerState was interrupted: java.lang.InterruptedException: sleep interrupted
2019-10-15 21:44:31,802 [grpc-default-executor-5] INFO  impl.RoleInfo (RoleInfo.java:updateAndGet(143)) - 11421ab1-19cb-4764-b505-ce794efeb49e: start FollowerState
2019-10-15 21:44:31,803 [Thread-809] INFO  impl.FollowerState (FollowerState.java:run(117)) - f0d7c07d-0c9c-43c9-b90d-f56b2a8a0f48@group-39CA588449F8-FollowerState was interrupted: java.lang.InterruptedException: sleep interrupted
2019-10-15 21:44:31,802 [grpc-default-executor-4] INFO  impl.RoleInfo (RoleInfo.java:updateAndGet(143)) - f0d7c07d-0c9c-43c9-b90d-f56b2a8a0f48: start FollowerState
2019-10-15 21:44:31,839 [Command processor thread] INFO  commandhandler.DeleteBlocksCommandHandler (DeleteBlocksCommandHandler.java:handle(106)) - Start to delete container blocks, TXIDs=[1(0)], numOfContainers=1, numOfBlocks=1
2019-10-15 21:44:31,839 [2e9fa5e4-44d4-40da-9b1b-fd170634e70a@group-39CA588449F8-LeaderElection40] INFO  impl.LeaderElection (LeaderElection.java:logAndReturn(56)) - 2e9fa5e4-44d4-40da-9b1b-fd170634e70a@group-39CA588449F8-LeaderElection40: Election REJECTED; received 2 response(s) [2e9fa5e4-44d4-40da-9b1b-fd170634e70a<-11421ab1-19cb-4764-b505-ce794efeb49e#0:FAIL-t39, 2e9fa5e4-44d4-40da-9b1b-fd170634e70a<-f0d7c07d-0c9c-43c9-b90d-f56b2a8a0f48#0:FAIL-t39] and 0 exception(s); 2e9fa5e4-44d4-40da-9b1b-fd170634e70a@group-39CA588449F8:t39, leader=null, voted=2e9fa5e4-44d4-40da-9b1b-fd170634e70a, raftlog=2e9fa5e4-44d4-40da-9b1b-fd170634e70a@group-39CA588449F8-SegmentedRaftLog:OPENED:c3,f4,i4, conf=0: [2e9fa5e4-44d4-40da-9b1b-fd170634e70a:192.168.34.60:33194, 11421ab1-19cb-4764-b505-ce794efeb49e:192.168.34.60:42577, f0d7c07d-0c9c-43c9-b90d-f56b2a8a0f48:192.168.34.60:40619], old=null
2019-10-15 21:44:31,839 [2e9fa5e4-44d4-40da-9b1b-fd170634e70a@group-39CA588449F8-LeaderElection40] INFO  impl.RaftServerImpl (RaftServerImpl.java:setRole(184)) - 2e9fa5e4-44d4-40da-9b1b-fd170634e70a@group-39CA588449F8: changes role from CANDIDATE to FOLLOWER at term 39 for DISCOVERED_A_NEW_TERM
2019-10-15 21:44:31,840 [2e9fa5e4-44d4-40da-9b1b-fd170634e70a@group-39CA588449F8-LeaderElection40] INFO  impl.RoleInfo (RoleInfo.java:shutdownLeaderElection(134)) - 2e9fa5e4-44d4-40da-9b1b-fd170634e70a: shutdown LeaderElection
2019-10-15 21:44:31,840 [Command processor thread] INFO  commandhandler.DeleteBlocksCommandHandler (DeleteBlocksCommandHandler.java:handle(106)) - Start to delete container blocks, TXIDs=[1(2)], numOfContainers=1, numOfBlocks=1
2019-10-15 21:44:31,840 [2e9fa5e4-44d4-40da-9b1b-fd170634e70a@group-39CA588449F8-LeaderElection40] INFO  impl.RoleInfo (RoleInfo.java:updateAndGet(143)) - 2e9fa5e4-44d4-40da-9b1b-fd170634e70a: start FollowerState
2019-10-15 21:44:31,840 [Command processor thread] INFO  commandhandler.DeleteBlocksCommandHandler (DeleteBlocksCommandHandler.java:handle(106)) - Start to delete container blocks, TXIDs=[1(0)], numOfContainers=1, numOfBlocks=1
2019-10-15 21:44:31,840 [Command processor thread] INFO  commandhandler.DeleteBlocksCommandHandler (DeleteBlocksCommandHandler.java:handle(106)) - Start to delete container blocks, TXIDs=[1(4)], numOfContainers=1, numOfBlocks=1
2019-10-15 21:44:31,841 [Command processor thread] INFO  commandhandler.DeleteBlocksCommandHandler (DeleteBlocksCommandHandler.java:handle(106)) - Start to delete container blocks, TXIDs=[1(2)], numOfContainers=1, numOfBlocks=1
2019-10-15 21:44:31,841 [Command processor thread] INFO  commandhandler.DeleteBlocksCommandHandler (DeleteBlocksCommandHandler.java:handle(106)) - Start to delete container blocks, TXIDs=[1(0)], numOfContainers=1, numOfBlocks=1
2019-10-15 21:44:31,841 [Command processor thread] INFO  commandhandler.DeleteBlocksCommandHandler (DeleteBlocksCommandHandler.java:handle(106)) - Start to delete container blocks, TXIDs=[1(2)], numOfContainers=1, numOfBlocks=1
2019-10-15 21:44:31,841 [Command processor thread] INFO  commandhandler.DeleteBlocksCommandHandler (DeleteBlocksCommandHandler.java:handle(106)) - Start to delete container blocks, TXIDs=[1(5)], numOfContainers=1, numOfBlocks=1
2019-10-15 21:44:31,841 [Command processor thread] INFO  commandhandler.DeleteBlocksCommandHandler (DeleteBlocksCommandHandler.java:handle(106)) - Start to delete container blocks, TXIDs=[1(4)], numOfContainers=1, numOfBlocks=1
2019-10-15 21:44:31,842 [Command processor thread] INFO  commandhandler.DeleteBlocksCommandHandler (DeleteBlocksCommandHandler.java:handle(106)) - Start to delete container blocks, TXIDs=[1(0)], numOfContainers=1, numOfBlocks=1
2019-10-15 21:44:31,842 [Command processor thread] INFO  commandhandler.DeleteBlocksCommandHandler (DeleteBlocksCommandHandler.java:handle(106)) - Start to delete container blocks, TXIDs=[1(4)], numOfContainers=1, numOfBlocks=1
2019-10-15 21:44:31,842 [Command processor thread] INFO  commandhandler.DeleteBlocksCommandHandler (DeleteBlocksCommandHandler.java:handle(106)) - Start to delete container blocks, TXIDs=[1(5)], numOfContainers=1, numOfBlocks=1
2019-10-15 21:44:31,842 [Command processor thread] INFO  commandhandler.DeleteBlocksCommandHandler (DeleteBlocksCommandHandler.java:handle(106)) - Start to delete container blocks, TXIDs=[1(0)], numOfContainers=1, numOfBlocks=1
2019-10-15 21:44:31,843 [Command processor thread] INFO  commandhandler.DeleteBlocksCommandHandler (DeleteBlocksCommandHandler.java:handle(106)) - Start to delete container blocks, TXIDs=[1(5)], numOfContainers=1, numOfBlocks=1
2019-10-15 21:44:31,843 [Command processor thread] INFO  commandhandler.DeleteBlocksCommandHandler (DeleteBlocksCommandHandler.java:handle(106)) - Start to delete container blocks, TXIDs=[1(2)], numOfContainers=1, numOfBlocks=1
2019-10-15 21:44:31,843 [Command processor thread] INFO  commandhandler.DeleteBlocksCommandHandler (DeleteBlocksCommandHandler.java:handle(106)) - Start to delete container blocks, TXIDs=[1(5)], numOfContainers=1, numOfBlocks=1
2019-10-15 21:44:31,843 [Command processor thread] INFO  commandhandler.DeleteBlocksCommandHandler (DeleteBlocksCommandHandler.java:handle(106)) - Start to delete container blocks, TXIDs=[1(5)], numOfContainers=1, numOfBlocks=1
2019-10-15 21:44:31,844 [Command processor thread] INFO  commandhandler.DeleteBlocksCommandHandler (DeleteBlocksCommandHandler.java:handle(106)) - Start to delete container blocks, TXIDs=[1(0)], numOfContainers=1, numOfBlocks=1
2019-10-15 21:44:31,844 [Command processor thread] INFO  commandhandler.DeleteBlocksCommandHandler (DeleteBlocksCommandHandler.java:handle(106)) - Start to delete container blocks, TXIDs=[1(4)], numOfContainers=1, numOfBlocks=1
2019-10-15 21:44:31,844 [Command processor thread] INFO  commandhandler.DeleteBlocksCommandHandler (DeleteBlocksCommandHandler.java:handle(106)) - Start to delete container blocks, TXIDs=[1(5)], numOfContainers=1, numOfBlocks=1
2019-10-15 21:44:31,844 [Command processor thread] INFO  commandhandler.DeleteBlocksCommandHandler (DeleteBlocksCommandHandler.java:handle(106)) - Start to delete container blocks, TXIDs=[1(2)], numOfContainers=1, numOfBlocks=1
2019-10-15 21:44:31,845 [Command processor thread] INFO  commandhandler.DeleteBlocksCommandHandler (DeleteBlocksCommandHandler.java:handle(106)) - Start to delete container blocks, TXIDs=[1(5)], numOfContainers=1, numOfBlocks=1
2019-10-15 21:44:31,845 [Command processor thread] INFO  commandhandler.DeleteBlocksCommandHandler (DeleteBlocksCommandHandler.java:handle(106)) - Start to delete container blocks, TXIDs=[1(0)], numOfContainers=1, numOfBlocks=1
2019-10-15 21:44:31,845 [Command processor thread] INFO  commandhandler.DeleteBlocksCommandHandler (DeleteBlocksCommandHandler.java:handle(106)) - Start to delete container blocks, TXIDs=[1(5)], numOfContainers=1, numOfBlocks=1
2019-10-15 21:44:31,845 [Command processor thread] INFO  commandhandler.DeleteBlocksCommandHandler (DeleteBlocksCommandHandler.java:handle(106)) - Start to delete container blocks, TXIDs=[1(4)], numOfContainers=1, numOfBlocks=1
2019-10-15 21:44:31,846 [Command processor thread] INFO  commandhandler.DeleteBlocksCommandHandler (DeleteBlocksCommandHandler.java:handle(106)) - Start to delete container blocks, TXIDs=[1(5)], numOfContainers=1, numOfBlocks=1
2019-10-15 21:44:31,846 [Command processor thread] INFO  commandhandler.DeleteBlocksCommandHandler (DeleteBlocksCommandHandler.java:handle(106)) - Start to delete container blocks, TXIDs=[1(2)], numOfContainers=1, numOfBlocks=1
2019-10-15 21:44:31,846 [Command processor thread] INFO  commandhandler.DeleteBlocksCommandHandler (DeleteBlocksCommandHandler.java:handle(106)) - Start to delete container blocks, TXIDs=[1(5)], numOfContainers=1, numOfBlocks=1
2019-10-15 21:44:31,846 [Command processor thread] INFO  commandhandler.DeleteBlocksCommandHandler (DeleteBlocksCommandHandler.java:handle(106)) - Start to delete container blocks, TXIDs=[1(0)], numOfContainers=1, numOfBlocks=1
2019-10-15 21:44:31,847 [Command processor thread] INFO  commandhandler.DeleteBlocksCommandHandler (DeleteBlocksCommandHandler.java:handle(106)) - Start to delete container blocks, TXIDs=[1(5)], numOfContainers=1, numOfBlocks=1
2019-10-15 21:44:31,847 [Command processor thread] INFO  commandhandler.DeleteBlocksCommandHandler (DeleteBlocksCommandHandler.java:handle(106)) - Start to delete container blocks, TXIDs=[1(5)], numOfContainers=1, numOfBlocks=1
2019-10-15 21:44:31,847 [Command processor thread] INFO  commandhandler.DeleteBlocksCommandHandler (DeleteBlocksCommandHandler.java:handle(106)) - Start to delete container blocks, TXIDs=[1(5)], numOfContainers=1, numOfBlocks=1
2019-10-15 21:44:31,847 [Command processor thread] INFO  commandhandler.DeleteBlocksCommandHandler (DeleteBlocksCommandHandler.java:handle(106)) - Start to delete container blocks, TXIDs=[1(4)], numOfContainers=1, numOfBlocks=1
2019-10-15 21:44:31,847 [Command processor thread] INFO  commandhandler.DeleteBlocksCommandHandler (DeleteBlocksCommandHandler.java:handle(106)) - Start to delete container blocks, TXIDs=[1(33)], numOfContainers=1, numOfBlocks=1
2019-10-15 21:44:31,848 [Command processor thread] INFO  commandhandler.DeleteBlocksCommandHandler (DeleteBlocksCommandHandler.java:handle(106)) - Start to delete container blocks, TXIDs=[1(2)], numOfContainers=1, numOfBlocks=1
2019-10-15 21:44:31,848 [Command processor thread] INFO  commandhandler.DeleteBlocksCommandHandler (DeleteBlocksCommandHandler.java:handle(106)) - Start to delete container blocks, TXIDs=[1(5)], numOfContainers=1, numOfBlocks=1
2019-10-15 21:44:31,942 [EventQueue-DeleteBlockStatusForDeletedBlockLogImpl] WARN  block.DeletedBlockLogImpl (DeletedBlockLogImpl.java:commitTransactions(205)) - Transaction txId=1 commit by dnId=2e9fa5e4-44d4-40da-9b1b-fd170634e70a for containerID=#1 failed. Corresponding entry not found.
2019-10-15 21:44:31,942 [EventQueue-DeleteBlockStatusForDeletedBlockLogImpl] WARN  block.DeletedBlockLogImpl (DeletedBlockLogImpl.java:commitTransactions(205)) - Transaction txId=1 commit by dnId=2e9fa5e4-44d4-40da-9b1b-fd170634e70a for containerID=#1 failed. Corresponding entry not found.
2019-10-15 21:44:31,942 [EventQueue-DeleteBlockStatusForDeletedBlockLogImpl] WARN  block.DeletedBlockLogImpl (DeletedBlockLogImpl.java:commitTransactions(205)) - Transaction txId=1 commit by dnId=2e9fa5e4-44d4-40da-9b1b-fd170634e70a for containerID=#1 failed. Corresponding entry not found.
2019-10-15 21:44:31,942 [EventQueue-DeleteBlockStatusForDeletedBlockLogImpl] WARN  block.DeletedBlockLogImpl (DeletedBlockLogImpl.java:commitTransactions(205)) - Transaction txId=1 commit by dnId=2e9fa5e4-44d4-40da-9b1b-fd170634e70a for containerID=#1 failed. Corresponding entry not found.
2019-10-15 21:44:31,942 [EventQueue-DeleteBlockStatusForDeletedBlockLogImpl] WARN  block.DeletedBlockLogImpl (DeletedBlockLogImpl.java:commitTransactions(205)) - Transaction txId=1 commit by dnId=2e9fa5e4-44d4-40da-9b1b-fd170634e70a for containerID=#1 failed. Corresponding entry not found.
2019-10-15 21:44:31,943 [EventQueue-DeleteBlockStatusForDeletedBlockLogImpl] WARN  block.DeletedBlockLogImpl (DeletedBlockLogImpl.java:commitTransactions(205)) - Transaction txId=1 commit by dnId=2e9fa5e4-44d4-40da-9b1b-fd170634e70a for containerID=#1 failed. Corresponding entry not found.
2019-10-15 21:44:31,943 [EventQueue-DeleteBlockStatusForDeletedBlockLogImpl] WARN  block.DeletedBlockLogImpl (DeletedBlockLogImpl.java:commitTransactions(205)) - Transaction txId=1 commit by dnId=2e9fa5e4-44d4-40da-9b1b-fd170634e70a for containerID=#1 failed. Corresponding entry not found.
2019-10-15 21:44:31,960 [Thread-817] INFO  impl.FollowerState (FollowerState.java:run(108)) - 2e9fa5e4-44d4-40da-9b1b-fd170634e70a@group-39CA588449F8-FollowerState: change to CANDIDATE, lastRpcTime:120ms, electionTimeout:120ms
2019-10-15 21:44:31,961 [Thread-817] INFO  impl.RoleInfo (RoleInfo.java:shutdownFollowerState(121)) - 2e9fa5e4-44d4-40da-9b1b-fd170634e70a: shutdown FollowerState
2019-10-15 21:44:31,961 [Thread-817] INFO  impl.RaftServerImpl (RaftServerImpl.java:setRole(184)) - 2e9fa5e4-44d4-40da-9b1b-fd170634e70a@group-39CA588449F8: changes role from  FOLLOWER to CANDIDATE at term 39 for changeToCandidate
2019-10-15 21:44:31,961 [Thread-817] INFO  impl.RoleInfo (RoleInfo.java:updateAndGet(143)) - 2e9fa5e4-44d4-40da-9b1b-fd170634e70a: start LeaderElection
2019-10-15 21:44:31,975 [2e9fa5e4-44d4-40da-9b1b-fd170634e70a@group-39CA588449F8-LeaderElection41] INFO  impl.LeaderElection (LeaderElection.java:askForVotes(178)) - 2e9fa5e4-44d4-40da-9b1b-fd170634e70a@group-39CA588449F8-LeaderElection41: begin an election at term 40 for 0: [2e9fa5e4-44d4-40da-9b1b-fd170634e70a:192.168.34.60:33194, 11421ab1-19cb-4764-b505-ce794efeb49e:192.168.34.60:42577, f0d7c07d-0c9c-43c9-b90d-f56b2a8a0f48:192.168.34.60:40619], old=null
2019-10-15 21:44:31,977 [grpc-default-executor-4] INFO  impl.RaftServerImpl (RaftServerImpl.java:setRole(184)) - 11421ab1-19cb-4764-b505-ce794efeb49e@group-39CA588449F8: changes role from  FOLLOWER to FOLLOWER at term 40 for recognizeCandidate:2e9fa5e4-44d4-40da-9b1b-fd170634e70a
2019-10-15 21:44:31,977 [grpc-default-executor-4] INFO  impl.RoleInfo (RoleInfo.java:shutdownFollowerState(121)) - 11421ab1-19cb-4764-b505-ce794efeb49e: shutdown FollowerState
2019-10-15 21:44:31,977 [grpc-default-executor-4] INFO  impl.RoleInfo (RoleInfo.java:updateAndGet(143)) - 11421ab1-19cb-4764-b505-ce794efeb49e: start FollowerState
2019-10-15 21:44:31,978 [Thread-814] INFO  impl.FollowerState (FollowerState.java:run(117)) - 11421ab1-19cb-4764-b505-ce794efeb49e@group-39CA588449F8-FollowerState was interrupted: java.lang.InterruptedException: sleep interrupted
2019-10-15 21:44:31,978 [grpc-default-executor-5] INFO  impl.RaftServerImpl (RaftServerImpl.java:setRole(184)) - f0d7c07d-0c9c-43c9-b90d-f56b2a8a0f48@group-39CA588449F8: changes role from  FOLLOWER to FOLLOWER at term 40 for recognizeCandidate:2e9fa5e4-44d4-40da-9b1b-fd170634e70a
2019-10-15 21:44:31,978 [grpc-default-executor-5] INFO  impl.RoleInfo (RoleInfo.java:shutdownFollowerState(121)) - f0d7c07d-0c9c-43c9-b90d-f56b2a8a0f48: shutdown FollowerState
2019-10-15 21:44:31,978 [grpc-default-executor-5] INFO  impl.RoleInfo (RoleInfo.java:updateAndGet(143)) - f0d7c07d-0c9c-43c9-b90d-f56b2a8a0f48: start FollowerState
2019-10-15 21:44:31,978 [Thread-815] INFO  impl.FollowerState (FollowerState.java:run(117)) - f0d7c07d-0c9c-43c9-b90d-f56b2a8a0f48@group-39CA588449F8-FollowerState was interrupted: java.lang.InterruptedException: sleep interrupted
2019-10-15 21:44:31,993 [2e9fa5e4-44d4-40da-9b1b-fd170634e70a@group-39CA588449F8-LeaderElection41] INFO  impl.LeaderElection (LeaderElection.java:logAndReturn(56)) - 2e9fa5e4-44d4-40da-9b1b-fd170634e70a@group-39CA588449F8-LeaderElection41: Election REJECTED; received 2 response(s) [2e9fa5e4-44d4-40da-9b1b-fd170634e70a<-11421ab1-19cb-4764-b505-ce794efeb49e#0:FAIL-t40, 2e9fa5e4-44d4-40da-9b1b-fd170634e70a<-f0d7c07d-0c9c-43c9-b90d-f56b2a8a0f48#0:FAIL-t40] and 0 exception(s); 2e9fa5e4-44d4-40da-9b1b-fd170634e70a@group-39CA588449F8:t40, leader=null, voted=2e9fa5e4-44d4-40da-9b1b-fd170634e70a, raftlog=2e9fa5e4-44d4-40da-9b1b-fd170634e70a@group-39CA588449F8-SegmentedRaftLog:OPENED:c3,f4,i4, conf=0: [2e9fa5e4-44d4-40da-9b1b-fd170634e70a:192.168.34.60:33194, 11421ab1-19cb-4764-b505-ce794efeb49e:192.168.34.60:42577, f0d7c07d-0c9c-43c9-b90d-f56b2a8a0f48:192.168.34.60:40619], old=null
2019-10-15 21:44:31,993 [2e9fa5e4-44d4-40da-9b1b-fd170634e70a@group-39CA588449F8-LeaderElection41] INFO  impl.RaftServerImpl (RaftServerImpl.java:setRole(184)) - 2e9fa5e4-44d4-40da-9b1b-fd170634e70a@group-39CA588449F8: changes role from CANDIDATE to FOLLOWER at term 40 for DISCOVERED_A_NEW_TERM
2019-10-15 21:44:31,993 [2e9fa5e4-44d4-40da-9b1b-fd170634e70a@group-39CA588449F8-LeaderElection41] INFO  impl.RoleInfo (RoleInfo.java:shutdownLeaderElection(134)) - 2e9fa5e4-44d4-40da-9b1b-fd170634e70a: shutdown LeaderElection
2019-10-15 21:44:31,993 [2e9fa5e4-44d4-40da-9b1b-fd170634e70a@group-39CA588449F8-LeaderElection41] INFO  impl.RoleInfo (RoleInfo.java:updateAndGet(143)) - 2e9fa5e4-44d4-40da-9b1b-fd170634e70a: start FollowerState
2019-10-15 21:44:32,145 [Thread-823] INFO  impl.FollowerState (FollowerState.java:run(108)) - 2e9fa5e4-44d4-40da-9b1b-fd170634e70a@group-39CA588449F8-FollowerState: change to CANDIDATE, lastRpcTime:151ms, electionTimeout:151ms
2019-10-15 21:44:32,145 [Thread-823] INFO  impl.RoleInfo (RoleInfo.java:shutdownFollowerState(121)) - 2e9fa5e4-44d4-40da-9b1b-fd170634e70a: shutdown FollowerState
2019-10-15 21:44:32,145 [Thread-823] INFO  impl.RaftServerImpl (RaftServerImpl.java:setRole(184)) - 2e9fa5e4-44d4-40da-9b1b-fd170634e70a@group-39CA588449F8: changes role from  FOLLOWER to CANDIDATE at term 40 for changeToCandidate
2019-10-15 21:44:32,145 [Thread-823] INFO  impl.RoleInfo (RoleInfo.java:updateAndGet(143)) - 2e9fa5e4-44d4-40da-9b1b-fd170634e70a: start LeaderElection
2019-10-15 21:44:32,160 [2e9fa5e4-44d4-40da-9b1b-fd170634e70a@group-39CA588449F8-LeaderElection42] INFO  impl.LeaderElection (LeaderElection.java:askForVotes(178)) - 2e9fa5e4-44d4-40da-9b1b-fd170634e70a@group-39CA588449F8-LeaderElection42: begin an election at term 41 for 0: [2e9fa5e4-44d4-40da-9b1b-fd170634e70a:192.168.34.60:33194, 11421ab1-19cb-4764-b505-ce794efeb49e:192.168.34.60:42577, f0d7c07d-0c9c-43c9-b90d-f56b2a8a0f48:192.168.34.60:40619], old=null
2019-10-15 21:44:32,163 [grpc-default-executor-4] INFO  impl.RaftServerImpl (RaftServerImpl.java:setRole(184)) - 11421ab1-19cb-4764-b505-ce794efeb49e@group-39CA588449F8: changes role from  FOLLOWER to FOLLOWER at term 41 for recognizeCandidate:2e9fa5e4-44d4-40da-9b1b-fd170634e70a
2019-10-15 21:44:32,163 [grpc-default-executor-5] INFO  impl.RaftServerImpl (RaftServerImpl.java:setRole(184)) - f0d7c07d-0c9c-43c9-b90d-f56b2a8a0f48@group-39CA588449F8: changes role from  FOLLOWER to FOLLOWER at term 41 for recognizeCandidate:2e9fa5e4-44d4-40da-9b1b-fd170634e70a
2019-10-15 21:44:32,163 [grpc-default-executor-4] INFO  impl.RoleInfo (RoleInfo.java:shutdownFollowerState(121)) - 11421ab1-19cb-4764-b505-ce794efeb49e: shutdown FollowerState
2019-10-15 21:44:32,163 [grpc-default-executor-5] INFO  impl.RoleInfo (RoleInfo.java:shutdownFollowerState(121)) - f0d7c07d-0c9c-43c9-b90d-f56b2a8a0f48: shutdown FollowerState
2019-10-15 21:44:32,164 [Thread-821] INFO  impl.FollowerState (FollowerState.java:run(117)) - 11421ab1-19cb-4764-b505-ce794efeb49e@group-39CA588449F8-FollowerState was interrupted: java.lang.InterruptedException: sleep interrupted
2019-10-15 21:44:32,164 [grpc-default-executor-4] INFO  impl.RoleInfo (RoleInfo.java:updateAndGet(143)) - 11421ab1-19cb-4764-b505-ce794efeb49e: start FollowerState
2019-10-15 21:44:32,164 [Thread-822] INFO  impl.FollowerState (FollowerState.java:run(117)) - f0d7c07d-0c9c-43c9-b90d-f56b2a8a0f48@group-39CA588449F8-FollowerState was interrupted: java.lang.InterruptedException: sleep interrupted
2019-10-15 21:44:32,164 [grpc-default-executor-5] INFO  impl.RoleInfo (RoleInfo.java:updateAndGet(143)) - f0d7c07d-0c9c-43c9-b90d-f56b2a8a0f48: start FollowerState
2019-10-15 21:44:32,181 [2e9fa5e4-44d4-40da-9b1b-fd170634e70a@group-39CA588449F8-LeaderElection42] INFO  impl.LeaderElection (LeaderElection.java:logAndReturn(56)) - 2e9fa5e4-44d4-40da-9b1b-fd170634e70a@group-39CA588449F8-LeaderElection42: Election REJECTED; received 2 response(s) [2e9fa5e4-44d4-40da-9b1b-fd170634e70a<-11421ab1-19cb-4764-b505-ce794efeb49e#0:FAIL-t41, 2e9fa5e4-44d4-40da-9b1b-fd170634e70a<-f0d7c07d-0c9c-43c9-b90d-f56b2a8a0f48#0:FAIL-t41] and 0 exception(s); 2e9fa5e4-44d4-40da-9b1b-fd170634e70a@group-39CA588449F8:t41, leader=null, voted=2e9fa5e4-44d4-40da-9b1b-fd170634e70a, raftlog=2e9fa5e4-44d4-40da-9b1b-fd170634e70a@group-39CA588449F8-SegmentedRaftLog:OPENED:c3,f4,i4, conf=0: [2e9fa5e4-44d4-40da-9b1b-fd170634e70a:192.168.34.60:33194, 11421ab1-19cb-4764-b505-ce794efeb49e:192.168.34.60:42577, f0d7c07d-0c9c-43c9-b90d-f56b2a8a0f48:192.168.34.60:40619], old=null
2019-10-15 21:44:32,181 [2e9fa5e4-44d4-40da-9b1b-fd170634e70a@group-39CA588449F8-LeaderElection42] INFO  impl.RaftServerImpl (RaftServerImpl.java:setRole(184)) - 2e9fa5e4-44d4-40da-9b1b-fd170634e70a@group-39CA588449F8: changes role from CANDIDATE to FOLLOWER at term 41 for DISCOVERED_A_NEW_TERM
2019-10-15 21:44:32,182 [2e9fa5e4-44d4-40da-9b1b-fd170634e70a@group-39CA588449F8-LeaderElection42] INFO  impl.RoleInfo (RoleInfo.java:shutdownLeaderElection(134)) - 2e9fa5e4-44d4-40da-9b1b-fd170634e70a: shutdown LeaderElection
2019-10-15 21:44:32,183 [2e9fa5e4-44d4-40da-9b1b-fd170634e70a@group-39CA588449F8-LeaderElection42] INFO  impl.RoleInfo (RoleInfo.java:updateAndGet(143)) - 2e9fa5e4-44d4-40da-9b1b-fd170634e70a: start FollowerState
2019-10-15 21:44:32,185 [Thread-831] INFO  client.GrpcClientProtocolService (GrpcClientProtocolService.java:lambda$processClientRequest$0(278)) - Failed RaftClientRequest:client-D0B527BDC3D7->11421ab1-19cb-4764-b505-ce794efeb49e@group-39CA588449F8, cid=10, seq=0, Watch-ALL_COMMITTED(6), Message:<EMPTY>, reply=RaftClientReply:client-D0B527BDC3D7->11421ab1-19cb-4764-b505-ce794efeb49e@group-39CA588449F8, cid=10, FAILED org.apache.ratis.protocol.NotLeaderException: Server 11421ab1-19cb-4764-b505-ce794efeb49e@group-39CA588449F8 is not the leader, logIndex=0, commits[11421ab1-19cb-4764-b505-ce794efeb49e:c10, 2e9fa5e4-44d4-40da-9b1b-fd170634e70a:c4, f0d7c07d-0c9c-43c9-b90d-f56b2a8a0f48:c10]
2019-10-15 21:44:32,343 [Thread-830] INFO  impl.FollowerState (FollowerState.java:run(108)) - 2e9fa5e4-44d4-40da-9b1b-fd170634e70a@group-39CA588449F8-FollowerState: change to CANDIDATE, lastRpcTime:160ms, electionTimeout:160ms
2019-10-15 21:44:32,343 [Thread-830] INFO  impl.RoleInfo (RoleInfo.java:shutdownFollowerState(121)) - 2e9fa5e4-44d4-40da-9b1b-fd170634e70a: shutdown FollowerState
2019-10-15 21:44:32,343 [Thread-830] INFO  impl.RaftServerImpl (RaftServerImpl.java:setRole(184)) - 2e9fa5e4-44d4-40da-9b1b-fd170634e70a@group-39CA588449F8: changes role from  FOLLOWER to CANDIDATE at term 41 for changeToCandidate
2019-10-15 21:44:32,343 [Thread-830] INFO  impl.RoleInfo (RoleInfo.java:updateAndGet(143)) - 2e9fa5e4-44d4-40da-9b1b-fd170634e70a: start LeaderElection
2019-10-15 21:44:32,366 [2e9fa5e4-44d4-40da-9b1b-fd170634e70a@group-39CA588449F8-LeaderElection43] INFO  impl.LeaderElection (LeaderElection.java:askForVotes(178)) - 2e9fa5e4-44d4-40da-9b1b-fd170634e70a@group-39CA588449F8-LeaderElection43: begin an election at term 42 for 0: [2e9fa5e4-44d4-40da-9b1b-fd170634e70a:192.168.34.60:33194, 11421ab1-19cb-4764-b505-ce794efeb49e:192.168.34.60:42577, f0d7c07d-0c9c-43c9-b90d-f56b2a8a0f48:192.168.34.60:40619], old=null
2019-10-15 21:44:32,368 [grpc-default-executor-3] INFO  impl.RaftServerImpl (RaftServerImpl.java:setRole(184)) - 11421ab1-19cb-4764-b505-ce794efeb49e@group-39CA588449F8: changes role from  FOLLOWER to FOLLOWER at term 42 for recognizeCandidate:2e9fa5e4-44d4-40da-9b1b-fd170634e70a
2019-10-15 21:44:32,368 [grpc-default-executor-3] INFO  impl.RoleInfo (RoleInfo.java:shutdownFollowerState(121)) - 11421ab1-19cb-4764-b505-ce794efeb49e: shutdown FollowerState
2019-10-15 21:44:32,369 [grpc-default-executor-3] INFO  impl.RoleInfo (RoleInfo.java:updateAndGet(143)) - 11421ab1-19cb-4764-b505-ce794efeb49e: start FollowerState
2019-10-15 21:44:32,369 [Thread-827] INFO  impl.FollowerState (FollowerState.java:run(117)) - 11421ab1-19cb-4764-b505-ce794efeb49e@group-39CA588449F8-FollowerState was interrupted: java.lang.InterruptedException: sleep interrupted
2019-10-15 21:44:32,369 [grpc-default-executor-5] INFO  impl.RaftServerImpl (RaftServerImpl.java:setRole(184)) - f0d7c07d-0c9c-43c9-b90d-f56b2a8a0f48@group-39CA588449F8: changes role from  FOLLOWER to FOLLOWER at term 42 for recognizeCandidate:2e9fa5e4-44d4-40da-9b1b-fd170634e70a
2019-10-15 21:44:32,369 [grpc-default-executor-5] INFO  impl.RoleInfo (RoleInfo.java:shutdownFollowerState(121)) - f0d7c07d-0c9c-43c9-b90d-f56b2a8a0f48: shutdown FollowerState
2019-10-15 21:44:32,369 [grpc-default-executor-5] INFO  impl.RoleInfo (RoleInfo.java:updateAndGet(143)) - f0d7c07d-0c9c-43c9-b90d-f56b2a8a0f48: start FollowerState
2019-10-15 21:44:32,369 [Thread-828] INFO  impl.FollowerState (FollowerState.java:run(117)) - f0d7c07d-0c9c-43c9-b90d-f56b2a8a0f48@group-39CA588449F8-FollowerState was interrupted: java.lang.InterruptedException: sleep interrupted
2019-10-15 21:44:32,384 [2e9fa5e4-44d4-40da-9b1b-fd170634e70a@group-39CA588449F8-LeaderElection43] INFO  impl.LeaderElection (LeaderElection.java:logAndReturn(56)) - 2e9fa5e4-44d4-40da-9b1b-fd170634e70a@group-39CA588449F8-LeaderElection43: Election REJECTED; received 2 response(s) [2e9fa5e4-44d4-40da-9b1b-fd170634e70a<-11421ab1-19cb-4764-b505-ce794efeb49e#0:FAIL-t42, 2e9fa5e4-44d4-40da-9b1b-fd170634e70a<-f0d7c07d-0c9c-43c9-b90d-f56b2a8a0f48#0:FAIL-t42] and 0 exception(s); 2e9fa5e4-44d4-40da-9b1b-fd170634e70a@group-39CA588449F8:t42, leader=null, voted=2e9fa5e4-44d4-40da-9b1b-fd170634e70a, raftlog=2e9fa5e4-44d4-40da-9b1b-fd170634e70a@group-39CA588449F8-SegmentedRaftLog:OPENED:c3,f4,i4, conf=0: [2e9fa5e4-44d4-40da-9b1b-fd170634e70a:192.168.34.60:33194, 11421ab1-19cb-4764-b505-ce794efeb49e:192.168.34.60:42577, f0d7c07d-0c9c-43c9-b90d-f56b2a8a0f48:192.168.34.60:40619], old=null
2019-10-15 21:44:32,384 [2e9fa5e4-44d4-40da-9b1b-fd170634e70a@group-39CA588449F8-LeaderElection43] INFO  impl.RaftServerImpl (RaftServerImpl.java:setRole(184)) - 2e9fa5e4-44d4-40da-9b1b-fd170634e70a@group-39CA588449F8: changes role from CANDIDATE to FOLLOWER at term 42 for DISCOVERED_A_NEW_TERM
2019-10-15 21:44:32,384 [2e9fa5e4-44d4-40da-9b1b-fd170634e70a@group-39CA588449F8-LeaderElection43] INFO  impl.RoleInfo (RoleInfo.java:shutdownLeaderElection(134)) - 2e9fa5e4-44d4-40da-9b1b-fd170634e70a: shutdown LeaderElection
2019-10-15 21:44:32,384 [2e9fa5e4-44d4-40da-9b1b-fd170634e70a@group-39CA588449F8-LeaderElection43] INFO  impl.RoleInfo (RoleInfo.java:updateAndGet(143)) - 2e9fa5e4-44d4-40da-9b1b-fd170634e70a: start FollowerState
2019-10-15 21:44:32,387 [Thread-838] INFO  impl.FollowerState (FollowerState.java:run(108)) - 2e9fa5e4-44d4-40da-9b1b-fd170634e70a@group-39CA588449F8-FollowerState: change to CANDIDATE, lastRpcTime:2ms, electionTimeout:2ms
2019-10-15 21:44:32,387 [Thread-838] INFO  impl.RoleInfo (RoleInfo.java:shutdownFollowerState(121)) - 2e9fa5e4-44d4-40da-9b1b-fd170634e70a: shutdown FollowerState
2019-10-15 21:44:32,387 [Thread-838] INFO  impl.RaftServerImpl (RaftServerImpl.java:setRole(184)) - 2e9fa5e4-44d4-40da-9b1b-fd170634e70a@group-39CA588449F8: changes role from  FOLLOWER to CANDIDATE at term 42 for changeToCandidate
2019-10-15 21:44:32,387 [Thread-838] INFO  impl.RoleInfo (RoleInfo.java:updateAndGet(143)) - 2e9fa5e4-44d4-40da-9b1b-fd170634e70a: start LeaderElection
2019-10-15 21:44:32,401 [2e9fa5e4-44d4-40da-9b1b-fd170634e70a@group-39CA588449F8-LeaderElection44] INFO  impl.LeaderElection (LeaderElection.java:askForVotes(178)) - 2e9fa5e4-44d4-40da-9b1b-fd170634e70a@group-39CA588449F8-LeaderElection44: begin an election at term 43 for 0: [2e9fa5e4-44d4-40da-9b1b-fd170634e70a:192.168.34.60:33194, 11421ab1-19cb-4764-b505-ce794efeb49e:192.168.34.60:42577, f0d7c07d-0c9c-43c9-b90d-f56b2a8a0f48:192.168.34.60:40619], old=null
2019-10-15 21:44:32,403 [grpc-default-executor-3] INFO  impl.RaftServerImpl (RaftServerImpl.java:setRole(184)) - 11421ab1-19cb-4764-b505-ce794efeb49e@group-39CA588449F8: changes role from  FOLLOWER to FOLLOWER at term 43 for recognizeCandidate:2e9fa5e4-44d4-40da-9b1b-fd170634e70a
2019-10-15 21:44:32,403 [grpc-default-executor-3] INFO  impl.RoleInfo (RoleInfo.java:shutdownFollowerState(121)) - 11421ab1-19cb-4764-b505-ce794efeb49e: shutdown FollowerState
2019-10-15 21:44:32,403 [grpc-default-executor-5] INFO  impl.RaftServerImpl (RaftServerImpl.java:setRole(184)) - f0d7c07d-0c9c-43c9-b90d-f56b2a8a0f48@group-39CA588449F8: changes role from  FOLLOWER to FOLLOWER at term 43 for recognizeCandidate:2e9fa5e4-44d4-40da-9b1b-fd170634e70a
2019-10-15 21:44:32,403 [Thread-836] INFO  impl.FollowerState (FollowerState.java:run(117)) - 11421ab1-19cb-4764-b505-ce794efeb49e@group-39CA588449F8-FollowerState was interrupted: java.lang.InterruptedException: sleep interrupted
2019-10-15 21:44:32,403 [grpc-default-executor-3] INFO  impl.RoleInfo (RoleInfo.java:updateAndGet(143)) - 11421ab1-19cb-4764-b505-ce794efeb49e: start FollowerState
2019-10-15 21:44:32,404 [grpc-default-executor-5] INFO  impl.RoleInfo (RoleInfo.java:shutdownFollowerState(121)) - f0d7c07d-0c9c-43c9-b90d-f56b2a8a0f48: shutdown FollowerState
2019-10-15 21:44:32,404 [grpc-default-executor-5] INFO  impl.RoleInfo (RoleInfo.java:updateAndGet(143)) - f0d7c07d-0c9c-43c9-b90d-f56b2a8a0f48: start FollowerState
2019-10-15 21:44:32,404 [Thread-837] INFO  impl.FollowerState (FollowerState.java:run(117)) - f0d7c07d-0c9c-43c9-b90d-f56b2a8a0f48@group-39CA588449F8-FollowerState was interrupted: java.lang.InterruptedException: sleep interrupted
2019-10-15 21:44:32,419 [2e9fa5e4-44d4-40da-9b1b-fd170634e70a@group-39CA588449F8-LeaderElection44] INFO  impl.LeaderElection (LeaderElection.java:logAndReturn(56)) - 2e9fa5e4-44d4-40da-9b1b-fd170634e70a@group-39CA588449F8-LeaderElection44: Election REJECTED; received 2 response(s) [2e9fa5e4-44d4-40da-9b1b-fd170634e70a<-11421ab1-19cb-4764-b505-ce794efeb49e#0:FAIL-t43, 2e9fa5e4-44d4-40da-9b1b-fd170634e70a<-f0d7c07d-0c9c-43c9-b90d-f56b2a8a0f48#0:FAIL-t43] and 0 exception(s); 2e9fa5e4-44d4-40da-9b1b-fd170634e70a@group-39CA588449F8:t43, leader=null, voted=2e9fa5e4-44d4-40da-9b1b-fd170634e70a, raftlog=2e9fa5e4-44d4-40da-9b1b-fd170634e70a@group-39CA588449F8-SegmentedRaftLog:OPENED:c3,f4,i4, conf=0: [2e9fa5e4-44d4-40da-9b1b-fd170634e70a:192.168.34.60:33194, 11421ab1-19cb-4764-b505-ce794efeb49e:192.168.34.60:42577, f0d7c07d-0c9c-43c9-b90d-f56b2a8a0f48:192.168.34.60:40619], old=null
2019-10-15 21:44:32,419 [2e9fa5e4-44d4-40da-9b1b-fd170634e70a@group-39CA588449F8-LeaderElection44] INFO  impl.RaftServerImpl (RaftServerImpl.java:setRole(184)) - 2e9fa5e4-44d4-40da-9b1b-fd170634e70a@group-39CA588449F8: changes role from CANDIDATE to FOLLOWER at term 43 for DISCOVERED_A_NEW_TERM
2019-10-15 21:44:32,419 [2e9fa5e4-44d4-40da-9b1b-fd170634e70a@group-39CA588449F8-LeaderElection44] INFO  impl.RoleInfo (RoleInfo.java:shutdownLeaderElection(134)) - 2e9fa5e4-44d4-40da-9b1b-fd170634e70a: shutdown LeaderElection
2019-10-15 21:44:32,420 [2e9fa5e4-44d4-40da-9b1b-fd170634e70a@group-39CA588449F8-LeaderElection44] INFO  impl.RoleInfo (RoleInfo.java:updateAndGet(143)) - 2e9fa5e4-44d4-40da-9b1b-fd170634e70a: start FollowerState
2019-10-15 21:44:32,510 [Thread-844] INFO  impl.FollowerState (FollowerState.java:run(108)) - 2e9fa5e4-44d4-40da-9b1b-fd170634e70a@group-39CA588449F8-FollowerState: change to CANDIDATE, lastRpcTime:90ms, electionTimeout:90ms
2019-10-15 21:44:32,510 [Thread-844] INFO  impl.RoleInfo (RoleInfo.java:shutdownFollowerState(121)) - 2e9fa5e4-44d4-40da-9b1b-fd170634e70a: shutdown FollowerState
2019-10-15 21:44:32,510 [Thread-844] INFO  impl.RaftServerImpl (RaftServerImpl.java:setRole(184)) - 2e9fa5e4-44d4-40da-9b1b-fd170634e70a@group-39CA588449F8: changes role from  FOLLOWER to CANDIDATE at term 43 for changeToCandidate
2019-10-15 21:44:32,511 [Thread-844] INFO  impl.RoleInfo (RoleInfo.java:updateAndGet(143)) - 2e9fa5e4-44d4-40da-9b1b-fd170634e70a: start LeaderElection
2019-10-15 21:44:32,524 [2e9fa5e4-44d4-40da-9b1b-fd170634e70a@group-39CA588449F8-LeaderElection45] INFO  impl.LeaderElection (LeaderElection.java:askForVotes(178)) - 2e9fa5e4-44d4-40da-9b1b-fd170634e70a@group-39CA588449F8-LeaderElection45: begin an election at term 44 for 0: [2e9fa5e4-44d4-40da-9b1b-fd170634e70a:192.168.34.60:33194, 11421ab1-19cb-4764-b505-ce794efeb49e:192.168.34.60:42577, f0d7c07d-0c9c-43c9-b90d-f56b2a8a0f48:192.168.34.60:40619], old=null
2019-10-15 21:44:32,527 [grpc-default-executor-3] INFO  impl.RaftServerImpl (RaftServerImpl.java:setRole(184)) - 11421ab1-19cb-4764-b505-ce794efeb49e@group-39CA588449F8: changes role from  FOLLOWER to FOLLOWER at term 44 for recognizeCandidate:2e9fa5e4-44d4-40da-9b1b-fd170634e70a
2019-10-15 21:44:32,527 [grpc-default-executor-5] INFO  impl.RaftServerImpl (RaftServerImpl.java:setRole(184)) - f0d7c07d-0c9c-43c9-b90d-f56b2a8a0f48@group-39CA588449F8: changes role from  FOLLOWER to FOLLOWER at term 44 for recognizeCandidate:2e9fa5e4-44d4-40da-9b1b-fd170634e70a
2019-10-15 21:44:32,527 [grpc-default-executor-3] INFO  impl.RoleInfo (RoleInfo.java:shutdownFollowerState(121)) - 11421ab1-19cb-4764-b505-ce794efeb49e: shutdown FollowerState
2019-10-15 21:44:32,527 [grpc-default-executor-5] INFO  impl.RoleInfo (RoleInfo.java:shutdownFollowerState(121)) - f0d7c07d-0c9c-43c9-b90d-f56b2a8a0f48: shutdown FollowerState
2019-10-15 21:44:32,527 [Thread-842] INFO  impl.FollowerState (FollowerState.java:run(117)) - 11421ab1-19cb-4764-b505-ce794efeb49e@group-39CA588449F8-FollowerState was interrupted: java.lang.InterruptedException: sleep interrupted
2019-10-15 21:44:32,527 [Thread-843] INFO  impl.FollowerState (FollowerState.java:run(117)) - f0d7c07d-0c9c-43c9-b90d-f56b2a8a0f48@group-39CA588449F8-FollowerState was interrupted: java.lang.InterruptedException: sleep interrupted
2019-10-15 21:44:32,527 [grpc-default-executor-3] INFO  impl.RoleInfo (RoleInfo.java:updateAndGet(143)) - 11421ab1-19cb-4764-b505-ce794efeb49e: start FollowerState
2019-10-15 21:44:32,527 [grpc-default-executor-5] INFO  impl.RoleInfo (RoleInfo.java:updateAndGet(143)) - f0d7c07d-0c9c-43c9-b90d-f56b2a8a0f48: start FollowerState
2019-10-15 21:44:32,542 [2e9fa5e4-44d4-40da-9b1b-fd170634e70a@group-39CA588449F8-LeaderElection45] INFO  impl.LeaderElection (LeaderElection.java:logAndReturn(56)) - 2e9fa5e4-44d4-40da-9b1b-fd170634e70a@group-39CA588449F8-LeaderElection45: Election REJECTED; received 2 response(s) [2e9fa5e4-44d4-40da-9b1b-fd170634e70a<-11421ab1-19cb-4764-b505-ce794efeb49e#0:FAIL-t44, 2e9fa5e4-44d4-40da-9b1b-fd170634e70a<-f0d7c07d-0c9c-43c9-b90d-f56b2a8a0f48#0:FAIL-t44] and 0 exception(s); 2e9fa5e4-44d4-40da-9b1b-fd170634e70a@group-39CA588449F8:t44, leader=null, voted=2e9fa5e4-44d4-40da-9b1b-fd170634e70a, raftlog=2e9fa5e4-44d4-40da-9b1b-fd170634e70a@group-39CA588449F8-SegmentedRaftLog:OPENED:c3,f4,i4, conf=0: [2e9fa5e4-44d4-40da-9b1b-fd170634e70a:192.168.34.60:33194, 11421ab1-19cb-4764-b505-ce794efeb49e:192.168.34.60:42577, f0d7c07d-0c9c-43c9-b90d-f56b2a8a0f48:192.168.34.60:40619], old=null
2019-10-15 21:44:32,542 [2e9fa5e4-44d4-40da-9b1b-fd170634e70a@group-39CA588449F8-LeaderElection45] INFO  impl.RaftServerImpl (RaftServerImpl.java:setRole(184)) - 2e9fa5e4-44d4-40da-9b1b-fd170634e70a@group-39CA588449F8: changes role from CANDIDATE to FOLLOWER at term 44 for DISCOVERED_A_NEW_TERM
2019-10-15 21:44:32,543 [2e9fa5e4-44d4-40da-9b1b-fd170634e70a@group-39CA588449F8-LeaderElection45] INFO  impl.RoleInfo (RoleInfo.java:shutdownLeaderElection(134)) - 2e9fa5e4-44d4-40da-9b1b-fd170634e70a: shutdown LeaderElection
2019-10-15 21:44:32,543 [2e9fa5e4-44d4-40da-9b1b-fd170634e70a@group-39CA588449F8-LeaderElection45] INFO  impl.RoleInfo (RoleInfo.java:updateAndGet(143)) - 2e9fa5e4-44d4-40da-9b1b-fd170634e70a: start FollowerState
2019-10-15 21:44:32,579 [Thread-850] INFO  impl.FollowerState (FollowerState.java:run(108)) - 2e9fa5e4-44d4-40da-9b1b-fd170634e70a@group-39CA588449F8-FollowerState: change to CANDIDATE, lastRpcTime:36ms, electionTimeout:36ms
2019-10-15 21:44:32,579 [Thread-850] INFO  impl.RoleInfo (RoleInfo.java:shutdownFollowerState(121)) - 2e9fa5e4-44d4-40da-9b1b-fd170634e70a: shutdown FollowerState
2019-10-15 21:44:32,579 [Thread-850] INFO  impl.RaftServerImpl (RaftServerImpl.java:setRole(184)) - 2e9fa5e4-44d4-40da-9b1b-fd170634e70a@group-39CA588449F8: changes role from  FOLLOWER to CANDIDATE at term 44 for changeToCandidate
2019-10-15 21:44:32,580 [Thread-850] INFO  impl.RoleInfo (RoleInfo.java:updateAndGet(143)) - 2e9fa5e4-44d4-40da-9b1b-fd170634e70a: start LeaderElection
2019-10-15 21:44:32,590 [BlockDeletingService#2] WARN  background.BlockDeletingService (BlockDeletingService.java:isDeletionAllowed(187)) - Close Container log Index 6 is not replicated across allthe servers in the pipeline a3e553f0-b812-4dfc-8692-39ca588449f8 as the min replicated index is 4. Deletion is not allowed in this container yet.
2019-10-15 21:44:32,590 [BlockDeletingService#2] WARN  background.BlockDeletingService (BlockDeletingService.java:isDeletionAllowed(187)) - Close Container log Index 6 is not replicated across allthe servers in the pipeline a3e553f0-b812-4dfc-8692-39ca588449f8 as the min replicated index is 4. Deletion is not allowed in this container yet.
2019-10-15 21:44:32,594 [2e9fa5e4-44d4-40da-9b1b-fd170634e70a@group-39CA588449F8-LeaderElection46] INFO  impl.LeaderElection (LeaderElection.java:askForVotes(178)) - 2e9fa5e4-44d4-40da-9b1b-fd170634e70a@group-39CA588449F8-LeaderElection46: begin an election at term 45 for 0: [2e9fa5e4-44d4-40da-9b1b-fd170634e70a:192.168.34.60:33194, 11421ab1-19cb-4764-b505-ce794efeb49e:192.168.34.60:42577, f0d7c07d-0c9c-43c9-b90d-f56b2a8a0f48:192.168.34.60:40619], old=null
2019-10-15 21:44:32,596 [grpc-default-executor-3] INFO  impl.RaftServerImpl (RaftServerImpl.java:setRole(184)) - 11421ab1-19cb-4764-b505-ce794efeb49e@group-39CA588449F8: changes role from  FOLLOWER to FOLLOWER at term 45 for recognizeCandidate:2e9fa5e4-44d4-40da-9b1b-fd170634e70a
2019-10-15 21:44:32,596 [grpc-default-executor-3] INFO  impl.RoleInfo (RoleInfo.java:shutdownFollowerState(121)) - 11421ab1-19cb-4764-b505-ce794efeb49e: shutdown FollowerState
2019-10-15 21:44:32,596 [grpc-default-executor-5] INFO  impl.RaftServerImpl (RaftServerImpl.java:setRole(184)) - f0d7c07d-0c9c-43c9-b90d-f56b2a8a0f48@group-39CA588449F8: changes role from  FOLLOWER to FOLLOWER at term 45 for recognizeCandidate:2e9fa5e4-44d4-40da-9b1b-fd170634e70a
2019-10-15 21:44:32,596 [Thread-848] INFO  impl.FollowerState (FollowerState.java:run(117)) - 11421ab1-19cb-4764-b505-ce794efeb49e@group-39CA588449F8-FollowerState was interrupted: java.lang.InterruptedException: sleep interrupted
2019-10-15 21:44:32,596 [grpc-default-executor-3] INFO  impl.RoleInfo (RoleInfo.java:updateAndGet(143)) - 11421ab1-19cb-4764-b505-ce794efeb49e: start FollowerState
2019-10-15 21:44:32,596 [grpc-default-executor-5] INFO  impl.RoleInfo (RoleInfo.java:shutdownFollowerState(121)) - f0d7c07d-0c9c-43c9-b90d-f56b2a8a0f48: shutdown FollowerState
2019-10-15 21:44:32,597 [grpc-default-executor-5] INFO  impl.RoleInfo (RoleInfo.java:updateAndGet(143)) - f0d7c07d-0c9c-43c9-b90d-f56b2a8a0f48: start FollowerState
2019-10-15 21:44:32,597 [Thread-849] INFO  impl.FollowerState (FollowerState.java:run(117)) - f0d7c07d-0c9c-43c9-b90d-f56b2a8a0f48@group-39CA588449F8-FollowerState was interrupted: java.lang.InterruptedException: sleep interrupted
2019-10-15 21:44:32,603 [2e9fa5e4-44d4-40da-9b1b-fd170634e70a@group-39CA588449F8-LeaderElection46] INFO  impl.LeaderElection (LeaderElection.java:logAndReturn(56)) - 2e9fa5e4-44d4-40da-9b1b-fd170634e70a@group-39CA588449F8-LeaderElection46: Election TIMEOUT; received 0 response(s) [] and 0 exception(s); 2e9fa5e4-44d4-40da-9b1b-fd170634e70a@group-39CA588449F8:t45, leader=null, voted=2e9fa5e4-44d4-40da-9b1b-fd170634e70a, raftlog=2e9fa5e4-44d4-40da-9b1b-fd170634e70a@group-39CA588449F8-SegmentedRaftLog:OPENED:c3,f4,i4, conf=0: [2e9fa5e4-44d4-40da-9b1b-fd170634e70a:192.168.34.60:33194, 11421ab1-19cb-4764-b505-ce794efeb49e:192.168.34.60:42577, f0d7c07d-0c9c-43c9-b90d-f56b2a8a0f48:192.168.34.60:40619], old=null
2019-10-15 21:44:32,618 [2e9fa5e4-44d4-40da-9b1b-fd170634e70a@group-39CA588449F8-LeaderElection46] INFO  impl.LeaderElection (LeaderElection.java:askForVotes(178)) - 2e9fa5e4-44d4-40da-9b1b-fd170634e70a@group-39CA588449F8-LeaderElection46: begin an election at term 46 for 0: [2e9fa5e4-44d4-40da-9b1b-fd170634e70a:192.168.34.60:33194, 11421ab1-19cb-4764-b505-ce794efeb49e:192.168.34.60:42577, f0d7c07d-0c9c-43c9-b90d-f56b2a8a0f48:192.168.34.60:40619], old=null
2019-10-15 21:44:32,620 [grpc-default-executor-3] INFO  impl.RaftServerImpl (RaftServerImpl.java:setRole(184)) - 11421ab1-19cb-4764-b505-ce794efeb49e@group-39CA588449F8: changes role from  FOLLOWER to FOLLOWER at term 46 for recognizeCandidate:2e9fa5e4-44d4-40da-9b1b-fd170634e70a
2019-10-15 21:44:32,620 [grpc-default-executor-3] INFO  impl.RoleInfo (RoleInfo.java:shutdownFollowerState(121)) - 11421ab1-19cb-4764-b505-ce794efeb49e: shutdown FollowerState
2019-10-15 21:44:32,620 [grpc-default-executor-3] INFO  impl.RoleInfo (RoleInfo.java:updateAndGet(143)) - 11421ab1-19cb-4764-b505-ce794efeb49e: start FollowerState
2019-10-15 21:44:32,620 [Thread-856] INFO  impl.FollowerState (FollowerState.java:run(117)) - 11421ab1-19cb-4764-b505-ce794efeb49e@group-39CA588449F8-FollowerState was interrupted: java.lang.InterruptedException: sleep interrupted
2019-10-15 21:44:32,621 [grpc-default-executor-5] INFO  impl.RaftServerImpl (RaftServerImpl.java:setRole(184)) - f0d7c07d-0c9c-43c9-b90d-f56b2a8a0f48@group-39CA588449F8: changes role from  FOLLOWER to FOLLOWER at term 46 for recognizeCandidate:2e9fa5e4-44d4-40da-9b1b-fd170634e70a
2019-10-15 21:44:32,621 [grpc-default-executor-5] INFO  impl.RoleInfo (RoleInfo.java:shutdownFollowerState(121)) - f0d7c07d-0c9c-43c9-b90d-f56b2a8a0f48: shutdown FollowerState
2019-10-15 21:44:32,621 [grpc-default-executor-5] INFO  impl.RoleInfo (RoleInfo.java:updateAndGet(143)) - f0d7c07d-0c9c-43c9-b90d-f56b2a8a0f48: start FollowerState
2019-10-15 21:44:32,621 [Thread-857] INFO  impl.FollowerState (FollowerState.java:run(117)) - f0d7c07d-0c9c-43c9-b90d-f56b2a8a0f48@group-39CA588449F8-FollowerState was interrupted: java.lang.InterruptedException: sleep interrupted
2019-10-15 21:44:32,636 [2e9fa5e4-44d4-40da-9b1b-fd170634e70a@group-39CA588449F8-LeaderElection46] INFO  impl.LeaderElection (LeaderElection.java:logAndReturn(56)) - 2e9fa5e4-44d4-40da-9b1b-fd170634e70a@group-39CA588449F8-LeaderElection46: Election REJECTED; received 2 response(s) [2e9fa5e4-44d4-40da-9b1b-fd170634e70a<-11421ab1-19cb-4764-b505-ce794efeb49e#0:FAIL-t46, 2e9fa5e4-44d4-40da-9b1b-fd170634e70a<-f0d7c07d-0c9c-43c9-b90d-f56b2a8a0f48#0:FAIL-t46] and 0 exception(s); 2e9fa5e4-44d4-40da-9b1b-fd170634e70a@group-39CA588449F8:t46, leader=null, voted=2e9fa5e4-44d4-40da-9b1b-fd170634e70a, raftlog=2e9fa5e4-44d4-40da-9b1b-fd170634e70a@group-39CA588449F8-SegmentedRaftLog:OPENED:c3,f4,i4, conf=0: [2e9fa5e4-44d4-40da-9b1b-fd170634e70a:192.168.34.60:33194, 11421ab1-19cb-4764-b505-ce794efeb49e:192.168.34.60:42577, f0d7c07d-0c9c-43c9-b90d-f56b2a8a0f48:192.168.34.60:40619], old=null
2019-10-15 21:44:32,636 [2e9fa5e4-44d4-40da-9b1b-fd170634e70a@group-39CA588449F8-LeaderElection46] INFO  impl.RaftServerImpl (RaftServerImpl.java:setRole(184)) - 2e9fa5e4-44d4-40da-9b1b-fd170634e70a@group-39CA588449F8: changes role from CANDIDATE to FOLLOWER at term 46 for DISCOVERED_A_NEW_TERM
2019-10-15 21:44:32,636 [2e9fa5e4-44d4-40da-9b1b-fd170634e70a@group-39CA588449F8-LeaderElection46] INFO  impl.RoleInfo (RoleInfo.java:shutdownLeaderElection(134)) - 2e9fa5e4-44d4-40da-9b1b-fd170634e70a: shutdown LeaderElection
2019-10-15 21:44:32,636 [2e9fa5e4-44d4-40da-9b1b-fd170634e70a@group-39CA588449F8-LeaderElection46] INFO  impl.RoleInfo (RoleInfo.java:updateAndGet(143)) - 2e9fa5e4-44d4-40da-9b1b-fd170634e70a: start FollowerState
2019-10-15 21:44:32,808 [Thread-862] INFO  impl.FollowerState (FollowerState.java:run(108)) - 2e9fa5e4-44d4-40da-9b1b-fd170634e70a@group-39CA588449F8-FollowerState: change to CANDIDATE, lastRpcTime:171ms, electionTimeout:171ms
2019-10-15 21:44:32,808 [Thread-862] INFO  impl.RoleInfo (RoleInfo.java:shutdownFollowerState(121)) - 2e9fa5e4-44d4-40da-9b1b-fd170634e70a: shutdown FollowerState
2019-10-15 21:44:32,808 [Thread-862] INFO  impl.RaftServerImpl (RaftServerImpl.java:setRole(184)) - 2e9fa5e4-44d4-40da-9b1b-fd170634e70a@group-39CA588449F8: changes role from  FOLLOWER to CANDIDATE at term 46 for changeToCandidate
2019-10-15 21:44:32,808 [Thread-862] INFO  impl.RoleInfo (RoleInfo.java:updateAndGet(143)) - 2e9fa5e4-44d4-40da-9b1b-fd170634e70a: start LeaderElection
2019-10-15 21:44:32,822 [2e9fa5e4-44d4-40da-9b1b-fd170634e70a@group-39CA588449F8-LeaderElection47] INFO  impl.LeaderElection (LeaderElection.java:askForVotes(178)) - 2e9fa5e4-44d4-40da-9b1b-fd170634e70a@group-39CA588449F8-LeaderElection47: begin an election at term 47 for 0: [2e9fa5e4-44d4-40da-9b1b-fd170634e70a:192.168.34.60:33194, 11421ab1-19cb-4764-b505-ce794efeb49e:192.168.34.60:42577, f0d7c07d-0c9c-43c9-b90d-f56b2a8a0f48:192.168.34.60:40619], old=null
2019-10-15 21:44:32,825 [grpc-default-executor-3] INFO  impl.RaftServerImpl (RaftServerImpl.java:setRole(184)) - 11421ab1-19cb-4764-b505-ce794efeb49e@group-39CA588449F8: changes role from  FOLLOWER to FOLLOWER at term 47 for recognizeCandidate:2e9fa5e4-44d4-40da-9b1b-fd170634e70a
2019-10-15 21:44:32,825 [grpc-default-executor-3] INFO  impl.RoleInfo (RoleInfo.java:shutdownFollowerState(121)) - 11421ab1-19cb-4764-b505-ce794efeb49e: shutdown FollowerState
2019-10-15 21:44:32,826 [grpc-default-executor-3] INFO  impl.RoleInfo (RoleInfo.java:updateAndGet(143)) - 11421ab1-19cb-4764-b505-ce794efeb49e: start FollowerState
2019-10-15 21:44:32,826 [Thread-860] INFO  impl.FollowerState (FollowerState.java:run(117)) - 11421ab1-19cb-4764-b505-ce794efeb49e@group-39CA588449F8-FollowerState was interrupted: java.lang.InterruptedException: sleep interrupted
2019-10-15 21:44:32,826 [grpc-default-executor-5] INFO  impl.RaftServerImpl (RaftServerImpl.java:setRole(184)) - f0d7c07d-0c9c-43c9-b90d-f56b2a8a0f48@group-39CA588449F8: changes role from  FOLLOWER to FOLLOWER at term 47 for recognizeCandidate:2e9fa5e4-44d4-40da-9b1b-fd170634e70a
2019-10-15 21:44:32,826 [grpc-default-executor-5] INFO  impl.RoleInfo (RoleInfo.java:shutdownFollowerState(121)) - f0d7c07d-0c9c-43c9-b90d-f56b2a8a0f48: shutdown FollowerState
2019-10-15 21:44:32,826 [grpc-default-executor-5] INFO  impl.RoleInfo (RoleInfo.java:updateAndGet(143)) - f0d7c07d-0c9c-43c9-b90d-f56b2a8a0f48: start FollowerState
2019-10-15 21:44:32,826 [Thread-861] INFO  impl.FollowerState (FollowerState.java:run(117)) - f0d7c07d-0c9c-43c9-b90d-f56b2a8a0f48@group-39CA588449F8-FollowerState was interrupted: java.lang.InterruptedException: sleep interrupted
2019-10-15 21:44:32,831 [2e9fa5e4-44d4-40da-9b1b-fd170634e70a@group-39CA588449F8-LeaderElection47] INFO  impl.LeaderElection (LeaderElection.java:logAndReturn(56)) - 2e9fa5e4-44d4-40da-9b1b-fd170634e70a@group-39CA588449F8-LeaderElection47: Election TIMEOUT; received 0 response(s) [] and 0 exception(s); 2e9fa5e4-44d4-40da-9b1b-fd170634e70a@group-39CA588449F8:t47, leader=null, voted=2e9fa5e4-44d4-40da-9b1b-fd170634e70a, raftlog=2e9fa5e4-44d4-40da-9b1b-fd170634e70a@group-39CA588449F8-SegmentedRaftLog:OPENED:c3,f4,i4, conf=0: [2e9fa5e4-44d4-40da-9b1b-fd170634e70a:192.168.34.60:33194, 11421ab1-19cb-4764-b505-ce794efeb49e:192.168.34.60:42577, f0d7c07d-0c9c-43c9-b90d-f56b2a8a0f48:192.168.34.60:40619], old=null
2019-10-15 21:44:32,840 [2e9fa5e4-44d4-40da-9b1b-fd170634e70a@group-39CA588449F8-LeaderElection47] INFO  impl.LeaderElection (LeaderElection.java:askForVotes(178)) - 2e9fa5e4-44d4-40da-9b1b-fd170634e70a@group-39CA588449F8-LeaderElection47: begin an election at term 48 for 0: [2e9fa5e4-44d4-40da-9b1b-fd170634e70a:192.168.34.60:33194, 11421ab1-19cb-4764-b505-ce794efeb49e:192.168.34.60:42577, f0d7c07d-0c9c-43c9-b90d-f56b2a8a0f48:192.168.34.60:40619], old=null
2019-10-15 21:44:32,842 [grpc-default-executor-3] INFO  impl.RaftServerImpl (RaftServerImpl.java:setRole(184)) - 11421ab1-19cb-4764-b505-ce794efeb49e@group-39CA588449F8: changes role from  FOLLOWER to FOLLOWER at term 48 for recognizeCandidate:2e9fa5e4-44d4-40da-9b1b-fd170634e70a
2019-10-15 21:44:32,842 [grpc-default-executor-3] INFO  impl.RoleInfo (RoleInfo.java:shutdownFollowerState(121)) - 11421ab1-19cb-4764-b505-ce794efeb49e: shutdown FollowerState
2019-10-15 21:44:32,842 [grpc-default-executor-3] INFO  impl.RoleInfo (RoleInfo.java:updateAndGet(143)) - 11421ab1-19cb-4764-b505-ce794efeb49e: start FollowerState
2019-10-15 21:44:32,842 [Thread-866] INFO  impl.FollowerState (FollowerState.java:run(117)) - 11421ab1-19cb-4764-b505-ce794efeb49e@group-39CA588449F8-FollowerState was interrupted: java.lang.InterruptedException: sleep interrupted
2019-10-15 21:44:32,842 [grpc-default-executor-5] INFO  impl.RaftServerImpl (RaftServerImpl.java:setRole(184)) - f0d7c07d-0c9c-43c9-b90d-f56b2a8a0f48@group-39CA588449F8: changes role from  FOLLOWER to FOLLOWER at term 48 for recognizeCandidate:2e9fa5e4-44d4-40da-9b1b-fd170634e70a
2019-10-15 21:44:32,842 [grpc-default-executor-5] INFO  impl.RoleInfo (RoleInfo.java:shutdownFollowerState(121)) - f0d7c07d-0c9c-43c9-b90d-f56b2a8a0f48: shutdown FollowerState
2019-10-15 21:44:32,843 [grpc-default-executor-5] INFO  impl.RoleInfo (RoleInfo.java:updateAndGet(143)) - f0d7c07d-0c9c-43c9-b90d-f56b2a8a0f48: start FollowerState
2019-10-15 21:44:32,843 [Thread-867] INFO  impl.FollowerState (FollowerState.java:run(117)) - f0d7c07d-0c9c-43c9-b90d-f56b2a8a0f48@group-39CA588449F8-FollowerState was interrupted: java.lang.InterruptedException: sleep interrupted
2019-10-15 21:44:32,857 [2e9fa5e4-44d4-40da-9b1b-fd170634e70a@group-39CA588449F8-LeaderElection47] INFO  impl.LeaderElection (LeaderElection.java:logAndReturn(56)) - 2e9fa5e4-44d4-40da-9b1b-fd170634e70a@group-39CA588449F8-LeaderElection47: Election REJECTED; received 2 response(s) [2e9fa5e4-44d4-40da-9b1b-fd170634e70a<-11421ab1-19cb-4764-b505-ce794efeb49e#0:FAIL-t48, 2e9fa5e4-44d4-40da-9b1b-fd170634e70a<-f0d7c07d-0c9c-43c9-b90d-f56b2a8a0f48#0:FAIL-t48] and 0 exception(s); 2e9fa5e4-44d4-40da-9b1b-fd170634e70a@group-39CA588449F8:t48, leader=null, voted=2e9fa5e4-44d4-40da-9b1b-fd170634e70a, raftlog=2e9fa5e4-44d4-40da-9b1b-fd170634e70a@group-39CA588449F8-SegmentedRaftLog:OPENED:c3,f4,i4, conf=0: [2e9fa5e4-44d4-40da-9b1b-fd170634e70a:192.168.34.60:33194, 11421ab1-19cb-4764-b505-ce794efeb49e:192.168.34.60:42577, f0d7c07d-0c9c-43c9-b90d-f56b2a8a0f48:192.168.34.60:40619], old=null
2019-10-15 21:44:32,857 [2e9fa5e4-44d4-40da-9b1b-fd170634e70a@group-39CA588449F8-LeaderElection47] INFO  impl.RaftServerImpl (RaftServerImpl.java:setRole(184)) - 2e9fa5e4-44d4-40da-9b1b-fd170634e70a@group-39CA588449F8: changes role from CANDIDATE to FOLLOWER at term 48 for DISCOVERED_A_NEW_TERM
2019-10-15 21:44:32,857 [2e9fa5e4-44d4-40da-9b1b-fd170634e70a@group-39CA588449F8-LeaderElection47] INFO  impl.RoleInfo (RoleInfo.java:shutdownLeaderElection(134)) - 2e9fa5e4-44d4-40da-9b1b-fd170634e70a: shutdown LeaderElection
2019-10-15 21:44:32,857 [2e9fa5e4-44d4-40da-9b1b-fd170634e70a@group-39CA588449F8-LeaderElection47] INFO  impl.RoleInfo (RoleInfo.java:updateAndGet(143)) - 2e9fa5e4-44d4-40da-9b1b-fd170634e70a: start FollowerState
2019-10-15 21:44:32,904 [Thread-873] INFO  impl.FollowerState (FollowerState.java:run(108)) - 2e9fa5e4-44d4-40da-9b1b-fd170634e70a@group-39CA588449F8-FollowerState: change to CANDIDATE, lastRpcTime:47ms, electionTimeout:47ms
2019-10-15 21:44:32,905 [Thread-873] INFO  impl.RoleInfo (RoleInfo.java:shutdownFollowerState(121)) - 2e9fa5e4-44d4-40da-9b1b-fd170634e70a: shutdown FollowerState
2019-10-15 21:44:32,905 [Thread-873] INFO  impl.RaftServerImpl (RaftServerImpl.java:setRole(184)) - 2e9fa5e4-44d4-40da-9b1b-fd170634e70a@group-39CA588449F8: changes role from  FOLLOWER to CANDIDATE at term 48 for changeToCandidate
2019-10-15 21:44:32,905 [Thread-873] INFO  impl.RoleInfo (RoleInfo.java:updateAndGet(143)) - 2e9fa5e4-44d4-40da-9b1b-fd170634e70a: start LeaderElection
2019-10-15 21:44:32,920 [2e9fa5e4-44d4-40da-9b1b-fd170634e70a@group-39CA588449F8-LeaderElection48] INFO  impl.LeaderElection (LeaderElection.java:askForVotes(178)) - 2e9fa5e4-44d4-40da-9b1b-fd170634e70a@group-39CA588449F8-LeaderElection48: begin an election at term 49 for 0: [2e9fa5e4-44d4-40da-9b1b-fd170634e70a:192.168.34.60:33194, 11421ab1-19cb-4764-b505-ce794efeb49e:192.168.34.60:42577, f0d7c07d-0c9c-43c9-b90d-f56b2a8a0f48:192.168.34.60:40619], old=null
2019-10-15 21:44:32,923 [grpc-default-executor-5] INFO  impl.RaftServerImpl (RaftServerImpl.java:setRole(184)) - 11421ab1-19cb-4764-b505-ce794efeb49e@group-39CA588449F8: changes role from  FOLLOWER to FOLLOWER at term 49 for recognizeCandidate:2e9fa5e4-44d4-40da-9b1b-fd170634e70a
2019-10-15 21:44:32,923 [grpc-default-executor-5] INFO  impl.RoleInfo (RoleInfo.java:shutdownFollowerState(121)) - 11421ab1-19cb-4764-b505-ce794efeb49e: shutdown FollowerState
2019-10-15 21:44:32,923 [grpc-default-executor-5] INFO  impl.RoleInfo (RoleInfo.java:updateAndGet(143)) - 11421ab1-19cb-4764-b505-ce794efeb49e: start FollowerState
2019-10-15 21:44:32,923 [grpc-default-executor-3] INFO  impl.RaftServerImpl (RaftServerImpl.java:setRole(184)) - f0d7c07d-0c9c-43c9-b90d-f56b2a8a0f48@group-39CA588449F8: changes role from  FOLLOWER to FOLLOWER at term 49 for recognizeCandidate:2e9fa5e4-44d4-40da-9b1b-fd170634e70a
2019-10-15 21:44:32,923 [Thread-871] INFO  impl.FollowerState (FollowerState.java:run(117)) - 11421ab1-19cb-4764-b505-ce794efeb49e@group-39CA588449F8-FollowerState was interrupted: java.lang.InterruptedException: sleep interrupted
2019-10-15 21:44:32,923 [grpc-default-executor-3] INFO  impl.RoleInfo (RoleInfo.java:shutdownFollowerState(121)) - f0d7c07d-0c9c-43c9-b90d-f56b2a8a0f48: shutdown FollowerState
2019-10-15 21:44:32,924 [Thread-872] INFO  impl.FollowerState (FollowerState.java:run(117)) - f0d7c07d-0c9c-43c9-b90d-f56b2a8a0f48@group-39CA588449F8-FollowerState was interrupted: java.lang.InterruptedException: sleep interrupted
2019-10-15 21:44:32,924 [grpc-default-executor-3] INFO  impl.RoleInfo (RoleInfo.java:updateAndGet(143)) - f0d7c07d-0c9c-43c9-b90d-f56b2a8a0f48: start FollowerState
2019-10-15 21:44:32,938 [2e9fa5e4-44d4-40da-9b1b-fd170634e70a@group-39CA588449F8-LeaderElection48] INFO  impl.LeaderElection (LeaderElection.java:logAndReturn(56)) - 2e9fa5e4-44d4-40da-9b1b-fd170634e70a@group-39CA588449F8-LeaderElection48: Election REJECTED; received 2 response(s) [2e9fa5e4-44d4-40da-9b1b-fd170634e70a<-11421ab1-19cb-4764-b505-ce794efeb49e#0:FAIL-t49, 2e9fa5e4-44d4-40da-9b1b-fd170634e70a<-f0d7c07d-0c9c-43c9-b90d-f56b2a8a0f48#0:FAIL-t49] and 0 exception(s); 2e9fa5e4-44d4-40da-9b1b-fd170634e70a@group-39CA588449F8:t49, leader=null, voted=2e9fa5e4-44d4-40da-9b1b-fd170634e70a, raftlog=2e9fa5e4-44d4-40da-9b1b-fd170634e70a@group-39CA588449F8-SegmentedRaftLog:OPENED:c3,f4,i4, conf=0: [2e9fa5e4-44d4-40da-9b1b-fd170634e70a:192.168.34.60:33194, 11421ab1-19cb-4764-b505-ce794efeb49e:192.168.34.60:42577, f0d7c07d-0c9c-43c9-b90d-f56b2a8a0f48:192.168.34.60:40619], old=null
2019-10-15 21:44:32,938 [2e9fa5e4-44d4-40da-9b1b-fd170634e70a@group-39CA588449F8-LeaderElection48] INFO  impl.RaftServerImpl (RaftServerImpl.java:setRole(184)) - 2e9fa5e4-44d4-40da-9b1b-fd170634e70a@group-39CA588449F8: changes role from CANDIDATE to FOLLOWER at term 49 for DISCOVERED_A_NEW_TERM
2019-10-15 21:44:32,938 [2e9fa5e4-44d4-40da-9b1b-fd170634e70a@group-39CA588449F8-LeaderElection48] INFO  impl.RoleInfo (RoleInfo.java:shutdownLeaderElection(134)) - 2e9fa5e4-44d4-40da-9b1b-fd170634e70a: shutdown LeaderElection
2019-10-15 21:44:32,939 [2e9fa5e4-44d4-40da-9b1b-fd170634e70a@group-39CA588449F8-LeaderElection48] INFO  impl.RoleInfo (RoleInfo.java:updateAndGet(143)) - 2e9fa5e4-44d4-40da-9b1b-fd170634e70a: start FollowerState
2019-10-15 21:44:33,030 [Thread-879] INFO  impl.FollowerState (FollowerState.java:run(108)) - 2e9fa5e4-44d4-40da-9b1b-fd170634e70a@group-39CA588449F8-FollowerState: change to CANDIDATE, lastRpcTime:91ms, electionTimeout:91ms
2019-10-15 21:44:33,030 [Thread-879] INFO  impl.RoleInfo (RoleInfo.java:shutdownFollowerState(121)) - 2e9fa5e4-44d4-40da-9b1b-fd170634e70a: shutdown FollowerState
2019-10-15 21:44:33,030 [Thread-879] INFO  impl.RaftServerImpl (RaftServerImpl.java:setRole(184)) - 2e9fa5e4-44d4-40da-9b1b-fd170634e70a@group-39CA588449F8: changes role from  FOLLOWER to CANDIDATE at term 49 for changeToCandidate
2019-10-15 21:44:33,031 [Thread-879] INFO  impl.RoleInfo (RoleInfo.java:updateAndGet(143)) - 2e9fa5e4-44d4-40da-9b1b-fd170634e70a: start LeaderElection
2019-10-15 21:44:33,043 [2e9fa5e4-44d4-40da-9b1b-fd170634e70a@group-39CA588449F8-LeaderElection49] INFO  impl.LeaderElection (LeaderElection.java:askForVotes(178)) - 2e9fa5e4-44d4-40da-9b1b-fd170634e70a@group-39CA588449F8-LeaderElection49: begin an election at term 50 for 0: [2e9fa5e4-44d4-40da-9b1b-fd170634e70a:192.168.34.60:33194, 11421ab1-19cb-4764-b505-ce794efeb49e:192.168.34.60:42577, f0d7c07d-0c9c-43c9-b90d-f56b2a8a0f48:192.168.34.60:40619], old=null
2019-10-15 21:44:33,046 [grpc-default-executor-3] INFO  impl.RaftServerImpl (RaftServerImpl.java:setRole(184)) - f0d7c07d-0c9c-43c9-b90d-f56b2a8a0f48@group-39CA588449F8: changes role from  FOLLOWER to FOLLOWER at term 50 for recognizeCandidate:2e9fa5e4-44d4-40da-9b1b-fd170634e70a
2019-10-15 21:44:33,046 [grpc-default-executor-5] INFO  impl.RaftServerImpl (RaftServerImpl.java:setRole(184)) - 11421ab1-19cb-4764-b505-ce794efeb49e@group-39CA588449F8: changes role from  FOLLOWER to FOLLOWER at term 50 for recognizeCandidate:2e9fa5e4-44d4-40da-9b1b-fd170634e70a
2019-10-15 21:44:33,046 [grpc-default-executor-3] INFO  impl.RoleInfo (RoleInfo.java:shutdownFollowerState(121)) - f0d7c07d-0c9c-43c9-b90d-f56b2a8a0f48: shutdown FollowerState
2019-10-15 21:44:33,046 [grpc-default-executor-5] INFO  impl.RoleInfo (RoleInfo.java:shutdownFollowerState(121)) - 11421ab1-19cb-4764-b505-ce794efeb49e: shutdown FollowerState
2019-10-15 21:44:33,046 [Thread-878] INFO  impl.FollowerState (FollowerState.java:run(117)) - f0d7c07d-0c9c-43c9-b90d-f56b2a8a0f48@group-39CA588449F8-FollowerState was interrupted: java.lang.InterruptedException: sleep interrupted
2019-10-15 21:44:33,046 [Thread-877] INFO  impl.FollowerState (FollowerState.java:run(117)) - 11421ab1-19cb-4764-b505-ce794efeb49e@group-39CA588449F8-FollowerState was interrupted: java.lang.InterruptedException: sleep interrupted
2019-10-15 21:44:33,046 [grpc-default-executor-3] INFO  impl.RoleInfo (RoleInfo.java:updateAndGet(143)) - f0d7c07d-0c9c-43c9-b90d-f56b2a8a0f48: start FollowerState
2019-10-15 21:44:33,046 [grpc-default-executor-5] INFO  impl.RoleInfo (RoleInfo.java:updateAndGet(143)) - 11421ab1-19cb-4764-b505-ce794efeb49e: start FollowerState
2019-10-15 21:44:33,061 [2e9fa5e4-44d4-40da-9b1b-fd170634e70a@group-39CA588449F8-LeaderElection49] INFO  impl.LeaderElection (LeaderElection.java:logAndReturn(56)) - 2e9fa5e4-44d4-40da-9b1b-fd170634e70a@group-39CA588449F8-LeaderElection49: Election REJECTED; received 2 response(s) [2e9fa5e4-44d4-40da-9b1b-fd170634e70a<-11421ab1-19cb-4764-b505-ce794efeb49e#0:FAIL-t50, 2e9fa5e4-44d4-40da-9b1b-fd170634e70a<-f0d7c07d-0c9c-43c9-b90d-f56b2a8a0f48#0:FAIL-t50] and 0 exception(s); 2e9fa5e4-44d4-40da-9b1b-fd170634e70a@group-39CA588449F8:t50, leader=null, voted=2e9fa5e4-44d4-40da-9b1b-fd170634e70a, raftlog=2e9fa5e4-44d4-40da-9b1b-fd170634e70a@group-39CA588449F8-SegmentedRaftLog:OPENED:c3,f4,i4, conf=0: [2e9fa5e4-44d4-40da-9b1b-fd170634e70a:192.168.34.60:33194, 11421ab1-19cb-4764-b505-ce794efeb49e:192.168.34.60:42577, f0d7c07d-0c9c-43c9-b90d-f56b2a8a0f48:192.168.34.60:40619], old=null
2019-10-15 21:44:33,061 [2e9fa5e4-44d4-40da-9b1b-fd170634e70a@group-39CA588449F8-LeaderElection49] INFO  impl.RaftServerImpl (RaftServerImpl.java:setRole(184)) - 2e9fa5e4-44d4-40da-9b1b-fd170634e70a@group-39CA588449F8: changes role from CANDIDATE to FOLLOWER at term 50 for DISCOVERED_A_NEW_TERM
2019-10-15 21:44:33,061 [2e9fa5e4-44d4-40da-9b1b-fd170634e70a@group-39CA588449F8-LeaderElection49] INFO  impl.RoleInfo (RoleInfo.java:shutdownLeaderElection(134)) - 2e9fa5e4-44d4-40da-9b1b-fd170634e70a: shutdown LeaderElection
2019-10-15 21:44:33,061 [2e9fa5e4-44d4-40da-9b1b-fd170634e70a@group-39CA588449F8-LeaderElection49] INFO  impl.RoleInfo (RoleInfo.java:updateAndGet(143)) - 2e9fa5e4-44d4-40da-9b1b-fd170634e70a: start FollowerState
2019-10-15 21:44:33,084 [Thread-885] INFO  impl.FollowerState (FollowerState.java:run(108)) - 2e9fa5e4-44d4-40da-9b1b-fd170634e70a@group-39CA588449F8-FollowerState: change to CANDIDATE, lastRpcTime:22ms, electionTimeout:22ms
2019-10-15 21:44:33,084 [Thread-885] INFO  impl.RoleInfo (RoleInfo.java:shutdownFollowerState(121)) - 2e9fa5e4-44d4-40da-9b1b-fd170634e70a: shutdown FollowerState
2019-10-15 21:44:33,084 [Thread-885] INFO  impl.RaftServerImpl (RaftServerImpl.java:setRole(184)) - 2e9fa5e4-44d4-40da-9b1b-fd170634e70a@group-39CA588449F8: changes role from  FOLLOWER to CANDIDATE at term 50 for changeToCandidate
2019-10-15 21:44:33,084 [Thread-885] INFO  impl.RoleInfo (RoleInfo.java:updateAndGet(143)) - 2e9fa5e4-44d4-40da-9b1b-fd170634e70a: start LeaderElection
2019-10-15 21:44:33,098 [2e9fa5e4-44d4-40da-9b1b-fd170634e70a@group-39CA588449F8-LeaderElection50] INFO  impl.LeaderElection (LeaderElection.java:askForVotes(178)) - 2e9fa5e4-44d4-40da-9b1b-fd170634e70a@group-39CA588449F8-LeaderElection50: begin an election at term 51 for 0: [2e9fa5e4-44d4-40da-9b1b-fd170634e70a:192.168.34.60:33194, 11421ab1-19cb-4764-b505-ce794efeb49e:192.168.34.60:42577, f0d7c07d-0c9c-43c9-b90d-f56b2a8a0f48:192.168.34.60:40619], old=null
2019-10-15 21:44:33,099 [grpc-default-executor-5] INFO  impl.RaftServerImpl (RaftServerImpl.java:setRole(184)) - f0d7c07d-0c9c-43c9-b90d-f56b2a8a0f48@group-39CA588449F8: changes role from  FOLLOWER to FOLLOWER at term 51 for recognizeCandidate:2e9fa5e4-44d4-40da-9b1b-fd170634e70a
2019-10-15 21:44:33,100 [grpc-default-executor-5] INFO  impl.RoleInfo (RoleInfo.java:shutdownFollowerState(121)) - f0d7c07d-0c9c-43c9-b90d-f56b2a8a0f48: shutdown FollowerState
2019-10-15 21:44:33,100 [grpc-default-executor-5] INFO  impl.RoleInfo (RoleInfo.java:updateAndGet(143)) - f0d7c07d-0c9c-43c9-b90d-f56b2a8a0f48: start FollowerState
2019-10-15 21:44:33,100 [Thread-883] INFO  impl.FollowerState (FollowerState.java:run(117)) - f0d7c07d-0c9c-43c9-b90d-f56b2a8a0f48@group-39CA588449F8-FollowerState was interrupted: java.lang.InterruptedException: sleep interrupted
2019-10-15 21:44:33,100 [grpc-default-executor-3] INFO  impl.RaftServerImpl (RaftServerImpl.java:setRole(184)) - 11421ab1-19cb-4764-b505-ce794efeb49e@group-39CA588449F8: changes role from  FOLLOWER to FOLLOWER at term 51 for recognizeCandidate:2e9fa5e4-44d4-40da-9b1b-fd170634e70a
2019-10-15 21:44:33,100 [grpc-default-executor-3] INFO  impl.RoleInfo (RoleInfo.java:shutdownFollowerState(121)) - 11421ab1-19cb-4764-b505-ce794efeb49e: shutdown FollowerState
2019-10-15 21:44:33,100 [grpc-default-executor-3] INFO  impl.RoleInfo (RoleInfo.java:updateAndGet(143)) - 11421ab1-19cb-4764-b505-ce794efeb49e: start FollowerState
2019-10-15 21:44:33,100 [Thread-884] INFO  impl.FollowerState (FollowerState.java:run(117)) - 11421ab1-19cb-4764-b505-ce794efeb49e@group-39CA588449F8-FollowerState was interrupted: java.lang.InterruptedException: sleep interrupted
2019-10-15 21:44:33,114 [2e9fa5e4-44d4-40da-9b1b-fd170634e70a@group-39CA588449F8-LeaderElection50] INFO  impl.LeaderElection (LeaderElection.java:logAndReturn(56)) - 2e9fa5e4-44d4-40da-9b1b-fd170634e70a@group-39CA588449F8-LeaderElection50: Election REJECTED; received 2 response(s) [2e9fa5e4-44d4-40da-9b1b-fd170634e70a<-11421ab1-19cb-4764-b505-ce794efeb49e#0:FAIL-t51, 2e9fa5e4-44d4-40da-9b1b-fd170634e70a<-f0d7c07d-0c9c-43c9-b90d-f56b2a8a0f48#0:FAIL-t51] and 0 exception(s); 2e9fa5e4-44d4-40da-9b1b-fd170634e70a@group-39CA588449F8:t51, leader=null, voted=2e9fa5e4-44d4-40da-9b1b-fd170634e70a, raftlog=2e9fa5e4-44d4-40da-9b1b-fd170634e70a@group-39CA588449F8-SegmentedRaftLog:OPENED:c3,f4,i4, conf=0: [2e9fa5e4-44d4-40da-9b1b-fd170634e70a:192.168.34.60:33194, 11421ab1-19cb-4764-b505-ce794efeb49e:192.168.34.60:42577, f0d7c07d-0c9c-43c9-b90d-f56b2a8a0f48:192.168.34.60:40619], old=null
2019-10-15 21:44:33,115 [2e9fa5e4-44d4-40da-9b1b-fd170634e70a@group-39CA588449F8-LeaderElection50] INFO  impl.RaftServerImpl (RaftServerImpl.java:setRole(184)) - 2e9fa5e4-44d4-40da-9b1b-fd170634e70a@group-39CA588449F8: changes role from CANDIDATE to FOLLOWER at term 51 for DISCOVERED_A_NEW_TERM
2019-10-15 21:44:33,115 [2e9fa5e4-44d4-40da-9b1b-fd170634e70a@group-39CA588449F8-LeaderElection50] INFO  impl.RoleInfo (RoleInfo.java:shutdownLeaderElection(134)) - 2e9fa5e4-44d4-40da-9b1b-fd170634e70a: shutdown LeaderElection
2019-10-15 21:44:33,115 [2e9fa5e4-44d4-40da-9b1b-fd170634e70a@group-39CA588449F8-LeaderElection50] INFO  impl.RoleInfo (RoleInfo.java:updateAndGet(143)) - 2e9fa5e4-44d4-40da-9b1b-fd170634e70a: start FollowerState
2019-10-15 21:44:33,122 [Thread-891] INFO  impl.FollowerState (FollowerState.java:run(108)) - 2e9fa5e4-44d4-40da-9b1b-fd170634e70a@group-39CA588449F8-FollowerState: change to CANDIDATE, lastRpcTime:7ms, electionTimeout:7ms
2019-10-15 21:44:33,122 [Thread-891] INFO  impl.RoleInfo (RoleInfo.java:shutdownFollowerState(121)) - 2e9fa5e4-44d4-40da-9b1b-fd170634e70a: shutdown FollowerState
2019-10-15 21:44:33,122 [Thread-891] INFO  impl.RaftServerImpl (RaftServerImpl.java:setRole(184)) - 2e9fa5e4-44d4-40da-9b1b-fd170634e70a@group-39CA588449F8: changes role from  FOLLOWER to CANDIDATE at term 51 for changeToCandidate
2019-10-15 21:44:33,122 [Thread-891] INFO  impl.RoleInfo (RoleInfo.java:updateAndGet(143)) - 2e9fa5e4-44d4-40da-9b1b-fd170634e70a: start LeaderElection
2019-10-15 21:44:33,137 [2e9fa5e4-44d4-40da-9b1b-fd170634e70a@group-39CA588449F8-LeaderElection51] INFO  impl.LeaderElection (LeaderElection.java:askForVotes(178)) - 2e9fa5e4-44d4-40da-9b1b-fd170634e70a@group-39CA588449F8-LeaderElection51: begin an election at term 52 for 0: [2e9fa5e4-44d4-40da-9b1b-fd170634e70a:192.168.34.60:33194, 11421ab1-19cb-4764-b505-ce794efeb49e:192.168.34.60:42577, f0d7c07d-0c9c-43c9-b90d-f56b2a8a0f48:192.168.34.60:40619], old=null
2019-10-15 21:44:33,139 [grpc-default-executor-5] INFO  impl.RaftServerImpl (RaftServerImpl.java:setRole(184)) - f0d7c07d-0c9c-43c9-b90d-f56b2a8a0f48@group-39CA588449F8: changes role from  FOLLOWER to FOLLOWER at term 52 for recognizeCandidate:2e9fa5e4-44d4-40da-9b1b-fd170634e70a
2019-10-15 21:44:33,139 [grpc-default-executor-5] INFO  impl.RoleInfo (RoleInfo.java:shutdownFollowerState(121)) - f0d7c07d-0c9c-43c9-b90d-f56b2a8a0f48: shutdown FollowerState
2019-10-15 21:44:33,140 [grpc-default-executor-3] INFO  impl.RaftServerImpl (RaftServerImpl.java:setRole(184)) - 11421ab1-19cb-4764-b505-ce794efeb49e@group-39CA588449F8: changes role from  FOLLOWER to FOLLOWER at term 52 for recognizeCandidate:2e9fa5e4-44d4-40da-9b1b-fd170634e70a
2019-10-15 21:44:33,140 [Thread-889] INFO  impl.FollowerState (FollowerState.java:run(117)) - f0d7c07d-0c9c-43c9-b90d-f56b2a8a0f48@group-39CA588449F8-FollowerState was interrupted: java.lang.InterruptedException: sleep interrupted
2019-10-15 21:44:33,140 [grpc-default-executor-5] INFO  impl.RoleInfo (RoleInfo.java:updateAndGet(143)) - f0d7c07d-0c9c-43c9-b90d-f56b2a8a0f48: start FollowerState
2019-10-15 21:44:33,140 [grpc-default-executor-3] INFO  impl.RoleInfo (RoleInfo.java:shutdownFollowerState(121)) - 11421ab1-19cb-4764-b505-ce794efeb49e: shutdown FollowerState
2019-10-15 21:44:33,140 [grpc-default-executor-3] INFO  impl.RoleInfo (RoleInfo.java:updateAndGet(143)) - 11421ab1-19cb-4764-b505-ce794efeb49e: start FollowerState
2019-10-15 21:44:33,140 [Thread-890] INFO  impl.FollowerState (FollowerState.java:run(117)) - 11421ab1-19cb-4764-b505-ce794efeb49e@group-39CA588449F8-FollowerState was interrupted: java.lang.InterruptedException: sleep interrupted
2019-10-15 21:44:33,148 [2e9fa5e4-44d4-40da-9b1b-fd170634e70a@group-39CA588449F8-LeaderElection51] INFO  impl.LeaderElection (LeaderElection.java:logAndReturn(56)) - 2e9fa5e4-44d4-40da-9b1b-fd170634e70a@group-39CA588449F8-LeaderElection51: Election REJECTED; received 2 response(s) [2e9fa5e4-44d4-40da-9b1b-fd170634e70a<-11421ab1-19cb-4764-b505-ce794efeb49e#0:FAIL-t52, 2e9fa5e4-44d4-40da-9b1b-fd170634e70a<-f0d7c07d-0c9c-43c9-b90d-f56b2a8a0f48#0:FAIL-t52] and 0 exception(s); 2e9fa5e4-44d4-40da-9b1b-fd170634e70a@group-39CA588449F8:t52, leader=null, voted=2e9fa5e4-44d4-40da-9b1b-fd170634e70a, raftlog=2e9fa5e4-44d4-40da-9b1b-fd170634e70a@group-39CA588449F8-SegmentedRaftLog:OPENED:c3,f4,i4, conf=0: [2e9fa5e4-44d4-40da-9b1b-fd170634e70a:192.168.34.60:33194, 11421ab1-19cb-4764-b505-ce794efeb49e:192.168.34.60:42577, f0d7c07d-0c9c-43c9-b90d-f56b2a8a0f48:192.168.34.60:40619], old=null
2019-10-15 21:44:33,148 [2e9fa5e4-44d4-40da-9b1b-fd170634e70a@group-39CA588449F8-LeaderElection51] INFO  impl.RaftServerImpl (RaftServerImpl.java:setRole(184)) - 2e9fa5e4-44d4-40da-9b1b-fd170634e70a@group-39CA588449F8: changes role from CANDIDATE to FOLLOWER at term 52 for DISCOVERED_A_NEW_TERM
2019-10-15 21:44:33,148 [2e9fa5e4-44d4-40da-9b1b-fd170634e70a@group-39CA588449F8-LeaderElection51] INFO  impl.RoleInfo (RoleInfo.java:shutdownLeaderElection(134)) - 2e9fa5e4-44d4-40da-9b1b-fd170634e70a: shutdown LeaderElection
2019-10-15 21:44:33,148 [2e9fa5e4-44d4-40da-9b1b-fd170634e70a@group-39CA588449F8-LeaderElection51] INFO  impl.RoleInfo (RoleInfo.java:updateAndGet(143)) - 2e9fa5e4-44d4-40da-9b1b-fd170634e70a: start FollowerState
2019-10-15 21:44:33,205 [Thread-899] INFO  client.GrpcClientProtocolService (GrpcClientProtocolService.java:lambda$processClientRequest$0(278)) - Failed RaftClientRequest:client-D0B527BDC3D7->2e9fa5e4-44d4-40da-9b1b-fd170634e70a@group-39CA588449F8, cid=10, seq=0, Watch-ALL_COMMITTED(6), Message:<EMPTY>, reply=RaftClientReply:client-D0B527BDC3D7->2e9fa5e4-44d4-40da-9b1b-fd170634e70a@group-39CA588449F8, cid=10, FAILED org.apache.ratis.protocol.NotLeaderException: Server 2e9fa5e4-44d4-40da-9b1b-fd170634e70a@group-39CA588449F8 is not the leader, logIndex=0, commits[2e9fa5e4-44d4-40da-9b1b-fd170634e70a:c3]
2019-10-15 21:44:33,278 [Thread-897] INFO  impl.FollowerState (FollowerState.java:run(108)) - 2e9fa5e4-44d4-40da-9b1b-fd170634e70a@group-39CA588449F8-FollowerState: change to CANDIDATE, lastRpcTime:129ms, electionTimeout:129ms
2019-10-15 21:44:33,278 [Thread-897] INFO  impl.RoleInfo (RoleInfo.java:shutdownFollowerState(121)) - 2e9fa5e4-44d4-40da-9b1b-fd170634e70a: shutdown FollowerState
2019-10-15 21:44:33,278 [Thread-897] INFO  impl.RaftServerImpl (RaftServerImpl.java:setRole(184)) - 2e9fa5e4-44d4-40da-9b1b-fd170634e70a@group-39CA588449F8: changes role from  FOLLOWER to CANDIDATE at term 52 for changeToCandidate
2019-10-15 21:44:33,278 [Thread-897] INFO  impl.RoleInfo (RoleInfo.java:updateAndGet(143)) - 2e9fa5e4-44d4-40da-9b1b-fd170634e70a: start LeaderElection
2019-10-15 21:44:33,292 [2e9fa5e4-44d4-40da-9b1b-fd170634e70a@group-39CA588449F8-LeaderElection52] INFO  impl.LeaderElection (LeaderElection.java:askForVotes(178)) - 2e9fa5e4-44d4-40da-9b1b-fd170634e70a@group-39CA588449F8-LeaderElection52: begin an election at term 53 for 0: [2e9fa5e4-44d4-40da-9b1b-fd170634e70a:192.168.34.60:33194, 11421ab1-19cb-4764-b505-ce794efeb49e:192.168.34.60:42577, f0d7c07d-0c9c-43c9-b90d-f56b2a8a0f48:192.168.34.60:40619], old=null
2019-10-15 21:44:33,294 [grpc-default-executor-5] INFO  impl.RaftServerImpl (RaftServerImpl.java:setRole(184)) - f0d7c07d-0c9c-43c9-b90d-f56b2a8a0f48@group-39CA588449F8: changes role from  FOLLOWER to FOLLOWER at term 53 for recognizeCandidate:2e9fa5e4-44d4-40da-9b1b-fd170634e70a
2019-10-15 21:44:33,294 [grpc-default-executor-3] INFO  impl.RaftServerImpl (RaftServerImpl.java:setRole(184)) - 11421ab1-19cb-4764-b505-ce794efeb49e@group-39CA588449F8: changes role from  FOLLOWER to FOLLOWER at term 53 for recognizeCandidate:2e9fa5e4-44d4-40da-9b1b-fd170634e70a
2019-10-15 21:44:33,294 [grpc-default-executor-5] INFO  impl.RoleInfo (RoleInfo.java:shutdownFollowerState(121)) - f0d7c07d-0c9c-43c9-b90d-f56b2a8a0f48: shutdown FollowerState
2019-10-15 21:44:33,294 [grpc-default-executor-3] INFO  impl.RoleInfo (RoleInfo.java:shutdownFollowerState(121)) - 11421ab1-19cb-4764-b505-ce794efeb49e: shutdown FollowerState
2019-10-15 21:44:33,295 [Thread-895] INFO  impl.FollowerState (FollowerState.java:run(117)) - f0d7c07d-0c9c-43c9-b90d-f56b2a8a0f48@group-39CA588449F8-FollowerState was interrupted: java.lang.InterruptedException: sleep interrupted
2019-10-15 21:44:33,294 [grpc-default-executor-5] INFO  impl.RoleInfo (RoleInfo.java:updateAndGet(143)) - f0d7c07d-0c9c-43c9-b90d-f56b2a8a0f48: start FollowerState
2019-10-15 21:44:33,295 [Thread-896] INFO  impl.FollowerState (FollowerState.java:run(117)) - 11421ab1-19cb-4764-b505-ce794efeb49e@group-39CA588449F8-FollowerState was interrupted: java.lang.InterruptedException: sleep interrupted
2019-10-15 21:44:33,295 [grpc-default-executor-3] INFO  impl.RoleInfo (RoleInfo.java:updateAndGet(143)) - 11421ab1-19cb-4764-b505-ce794efeb49e: start FollowerState
2019-10-15 21:44:33,309 [2e9fa5e4-44d4-40da-9b1b-fd170634e70a@group-39CA588449F8-LeaderElection52] INFO  impl.LeaderElection (LeaderElection.java:logAndReturn(56)) - 2e9fa5e4-44d4-40da-9b1b-fd170634e70a@group-39CA588449F8-LeaderElection52: Election REJECTED; received 2 response(s) [2e9fa5e4-44d4-40da-9b1b-fd170634e70a<-11421ab1-19cb-4764-b505-ce794efeb49e#0:FAIL-t53, 2e9fa5e4-44d4-40da-9b1b-fd170634e70a<-f0d7c07d-0c9c-43c9-b90d-f56b2a8a0f48#0:FAIL-t53] and 0 exception(s); 2e9fa5e4-44d4-40da-9b1b-fd170634e70a@group-39CA588449F8:t53, leader=null, voted=2e9fa5e4-44d4-40da-9b1b-fd170634e70a, raftlog=2e9fa5e4-44d4-40da-9b1b-fd170634e70a@group-39CA588449F8-SegmentedRaftLog:OPENED:c3,f4,i4, conf=0: [2e9fa5e4-44d4-40da-9b1b-fd170634e70a:192.168.34.60:33194, 11421ab1-19cb-4764-b505-ce794efeb49e:192.168.34.60:42577, f0d7c07d-0c9c-43c9-b90d-f56b2a8a0f48:192.168.34.60:40619], old=null
2019-10-15 21:44:33,310 [2e9fa5e4-44d4-40da-9b1b-fd170634e70a@group-39CA588449F8-LeaderElection52] INFO  impl.RaftServerImpl (RaftServerImpl.java:setRole(184)) - 2e9fa5e4-44d4-40da-9b1b-fd170634e70a@group-39CA588449F8: changes role from CANDIDATE to FOLLOWER at term 53 for DISCOVERED_A_NEW_TERM
2019-10-15 21:44:33,310 [2e9fa5e4-44d4-40da-9b1b-fd170634e70a@group-39CA588449F8-LeaderElection52] INFO  impl.RoleInfo (RoleInfo.java:shutdownLeaderElection(134)) - 2e9fa5e4-44d4-40da-9b1b-fd170634e70a: shutdown LeaderElection
2019-10-15 21:44:33,310 [2e9fa5e4-44d4-40da-9b1b-fd170634e70a@group-39CA588449F8-LeaderElection52] INFO  impl.RoleInfo (RoleInfo.java:updateAndGet(143)) - 2e9fa5e4-44d4-40da-9b1b-fd170634e70a: start FollowerState
2019-10-15 21:44:33,350 [Thread-906] INFO  impl.FollowerState (FollowerState.java:run(108)) - 2e9fa5e4-44d4-40da-9b1b-fd170634e70a@group-39CA588449F8-FollowerState: change to CANDIDATE, lastRpcTime:40ms, electionTimeout:40ms
2019-10-15 21:44:33,350 [Thread-906] INFO  impl.RoleInfo (RoleInfo.java:shutdownFollowerState(121)) - 2e9fa5e4-44d4-40da-9b1b-fd170634e70a: shutdown FollowerState
2019-10-15 21:44:33,351 [Thread-906] INFO  impl.RaftServerImpl (RaftServerImpl.java:setRole(184)) - 2e9fa5e4-44d4-40da-9b1b-fd170634e70a@group-39CA588449F8: changes role from  FOLLOWER to CANDIDATE at term 53 for changeToCandidate
2019-10-15 21:44:33,351 [Thread-906] INFO  impl.RoleInfo (RoleInfo.java:updateAndGet(143)) - 2e9fa5e4-44d4-40da-9b1b-fd170634e70a: start LeaderElection
2019-10-15 21:44:33,365 [2e9fa5e4-44d4-40da-9b1b-fd170634e70a@group-39CA588449F8-LeaderElection53] INFO  impl.LeaderElection (LeaderElection.java:askForVotes(178)) - 2e9fa5e4-44d4-40da-9b1b-fd170634e70a@group-39CA588449F8-LeaderElection53: begin an election at term 54 for 0: [2e9fa5e4-44d4-40da-9b1b-fd170634e70a:192.168.34.60:33194, 11421ab1-19cb-4764-b505-ce794efeb49e:192.168.34.60:42577, f0d7c07d-0c9c-43c9-b90d-f56b2a8a0f48:192.168.34.60:40619], old=null
2019-10-15 21:44:33,367 [grpc-default-executor-5] INFO  impl.RaftServerImpl (RaftServerImpl.java:setRole(184)) - 11421ab1-19cb-4764-b505-ce794efeb49e@group-39CA588449F8: changes role from  FOLLOWER to FOLLOWER at term 54 for recognizeCandidate:2e9fa5e4-44d4-40da-9b1b-fd170634e70a
2019-10-15 21:44:33,368 [grpc-default-executor-5] INFO  impl.RoleInfo (RoleInfo.java:shutdownFollowerState(121)) - 11421ab1-19cb-4764-b505-ce794efeb49e: shutdown FollowerState
2019-10-15 21:44:33,368 [grpc-default-executor-5] INFO  impl.RoleInfo (RoleInfo.java:updateAndGet(143)) - 11421ab1-19cb-4764-b505-ce794efeb49e: start FollowerState
2019-10-15 21:44:33,368 [Thread-905] INFO  impl.FollowerState (FollowerState.java:run(117)) - 11421ab1-19cb-4764-b505-ce794efeb49e@group-39CA588449F8-FollowerState was interrupted: java.lang.InterruptedException: sleep interrupted
2019-10-15 21:44:33,368 [grpc-default-executor-3] INFO  impl.RaftServerImpl (RaftServerImpl.java:setRole(184)) - f0d7c07d-0c9c-43c9-b90d-f56b2a8a0f48@group-39CA588449F8: changes role from  FOLLOWER to FOLLOWER at term 54 for recognizeCandidate:2e9fa5e4-44d4-40da-9b1b-fd170634e70a
2019-10-15 21:44:33,368 [grpc-default-executor-3] INFO  impl.RoleInfo (RoleInfo.java:shutdownFollowerState(121)) - f0d7c07d-0c9c-43c9-b90d-f56b2a8a0f48: shutdown FollowerState
2019-10-15 21:44:33,369 [grpc-default-executor-3] INFO  impl.RoleInfo (RoleInfo.java:updateAndGet(143)) - f0d7c07d-0c9c-43c9-b90d-f56b2a8a0f48: start FollowerState
2019-10-15 21:44:33,369 [Thread-904] INFO  impl.FollowerState (FollowerState.java:run(117)) - f0d7c07d-0c9c-43c9-b90d-f56b2a8a0f48@group-39CA588449F8-FollowerState was interrupted: java.lang.InterruptedException: sleep interrupted
2019-10-15 21:44:33,385 [2e9fa5e4-44d4-40da-9b1b-fd170634e70a@group-39CA588449F8-LeaderElection53] INFO  impl.LeaderElection (LeaderElection.java:logAndReturn(56)) - 2e9fa5e4-44d4-40da-9b1b-fd170634e70a@group-39CA588449F8-LeaderElection53: Election REJECTED; received 2 response(s) [2e9fa5e4-44d4-40da-9b1b-fd170634e70a<-11421ab1-19cb-4764-b505-ce794efeb49e#0:FAIL-t54, 2e9fa5e4-44d4-40da-9b1b-fd170634e70a<-f0d7c07d-0c9c-43c9-b90d-f56b2a8a0f48#0:FAIL-t54] and 0 exception(s); 2e9fa5e4-44d4-40da-9b1b-fd170634e70a@group-39CA588449F8:t54, leader=null, voted=2e9fa5e4-44d4-40da-9b1b-fd170634e70a, raftlog=2e9fa5e4-44d4-40da-9b1b-fd170634e70a@group-39CA588449F8-SegmentedRaftLog:OPENED:c3,f4,i4, conf=0: [2e9fa5e4-44d4-40da-9b1b-fd170634e70a:192.168.34.60:33194, 11421ab1-19cb-4764-b505-ce794efeb49e:192.168.34.60:42577, f0d7c07d-0c9c-43c9-b90d-f56b2a8a0f48:192.168.34.60:40619], old=null
2019-10-15 21:44:33,386 [2e9fa5e4-44d4-40da-9b1b-fd170634e70a@group-39CA588449F8-LeaderElection53] INFO  impl.RaftServerImpl (RaftServerImpl.java:setRole(184)) - 2e9fa5e4-44d4-40da-9b1b-fd170634e70a@group-39CA588449F8: changes role from CANDIDATE to FOLLOWER at term 54 for DISCOVERED_A_NEW_TERM
2019-10-15 21:44:33,386 [2e9fa5e4-44d4-40da-9b1b-fd170634e70a@group-39CA588449F8-LeaderElection53] INFO  impl.RoleInfo (RoleInfo.java:shutdownLeaderElection(134)) - 2e9fa5e4-44d4-40da-9b1b-fd170634e70a: shutdown LeaderElection
2019-10-15 21:44:33,386 [2e9fa5e4-44d4-40da-9b1b-fd170634e70a@group-39CA588449F8-LeaderElection53] INFO  impl.RoleInfo (RoleInfo.java:updateAndGet(143)) - 2e9fa5e4-44d4-40da-9b1b-fd170634e70a: start FollowerState
2019-10-15 21:44:33,478 [Thread-912] INFO  impl.FollowerState (FollowerState.java:run(108)) - 2e9fa5e4-44d4-40da-9b1b-fd170634e70a@group-39CA588449F8-FollowerState: change to CANDIDATE, lastRpcTime:92ms, electionTimeout:92ms
2019-10-15 21:44:33,478 [Thread-912] INFO  impl.RoleInfo (RoleInfo.java:shutdownFollowerState(121)) - 2e9fa5e4-44d4-40da-9b1b-fd170634e70a: shutdown FollowerState
2019-10-15 21:44:33,479 [Thread-912] INFO  impl.RaftServerImpl (RaftServerImpl.java:setRole(184)) - 2e9fa5e4-44d4-40da-9b1b-fd170634e70a@group-39CA588449F8: changes role from  FOLLOWER to CANDIDATE at term 54 for changeToCandidate
2019-10-15 21:44:33,479 [Thread-912] INFO  impl.RoleInfo (RoleInfo.java:updateAndGet(143)) - 2e9fa5e4-44d4-40da-9b1b-fd170634e70a: start LeaderElection
2019-10-15 21:44:33,492 [2e9fa5e4-44d4-40da-9b1b-fd170634e70a@group-39CA588449F8-LeaderElection54] INFO  impl.LeaderElection (LeaderElection.java:askForVotes(178)) - 2e9fa5e4-44d4-40da-9b1b-fd170634e70a@group-39CA588449F8-LeaderElection54: begin an election at term 55 for 0: [2e9fa5e4-44d4-40da-9b1b-fd170634e70a:192.168.34.60:33194, 11421ab1-19cb-4764-b505-ce794efeb49e:192.168.34.60:42577, f0d7c07d-0c9c-43c9-b90d-f56b2a8a0f48:192.168.34.60:40619], old=null
2019-10-15 21:44:33,494 [grpc-default-executor-3] INFO  impl.RaftServerImpl (RaftServerImpl.java:setRole(184)) - 11421ab1-19cb-4764-b505-ce794efeb49e@group-39CA588449F8: changes role from  FOLLOWER to FOLLOWER at term 55 for recognizeCandidate:2e9fa5e4-44d4-40da-9b1b-fd170634e70a
2019-10-15 21:44:33,494 [grpc-default-executor-5] INFO  impl.RaftServerImpl (RaftServerImpl.java:setRole(184)) - f0d7c07d-0c9c-43c9-b90d-f56b2a8a0f48@group-39CA588449F8: changes role from  FOLLOWER to FOLLOWER at term 55 for recognizeCandidate:2e9fa5e4-44d4-40da-9b1b-fd170634e70a
2019-10-15 21:44:33,495 [grpc-default-executor-3] INFO  impl.RoleInfo (RoleInfo.java:shutdownFollowerState(121)) - 11421ab1-19cb-4764-b505-ce794efeb49e: shutdown FollowerState
2019-10-15 21:44:33,495 [grpc-default-executor-5] INFO  impl.RoleInfo (RoleInfo.java:shutdownFollowerState(121)) - f0d7c07d-0c9c-43c9-b90d-f56b2a8a0f48: shutdown FollowerState
2019-10-15 21:44:33,495 [Thread-910] INFO  impl.FollowerState (FollowerState.java:run(117)) - 11421ab1-19cb-4764-b505-ce794efeb49e@group-39CA588449F8-FollowerState was interrupted: java.lang.InterruptedException: sleep interrupted
2019-10-15 21:44:33,495 [grpc-default-executor-3] INFO  impl.RoleInfo (RoleInfo.java:updateAndGet(143)) - 11421ab1-19cb-4764-b505-ce794efeb49e: start FollowerState
2019-10-15 21:44:33,495 [grpc-default-executor-5] INFO  impl.RoleInfo (RoleInfo.java:updateAndGet(143)) - f0d7c07d-0c9c-43c9-b90d-f56b2a8a0f48: start FollowerState
2019-10-15 21:44:33,495 [Thread-911] INFO  impl.FollowerState (FollowerState.java:run(117)) - f0d7c07d-0c9c-43c9-b90d-f56b2a8a0f48@group-39CA588449F8-FollowerState was interrupted: java.lang.InterruptedException: sleep interrupted
2019-10-15 21:44:33,510 [2e9fa5e4-44d4-40da-9b1b-fd170634e70a@group-39CA588449F8-LeaderElection54] INFO  impl.LeaderElection (LeaderElection.java:logAndReturn(56)) - 2e9fa5e4-44d4-40da-9b1b-fd170634e70a@group-39CA588449F8-LeaderElection54: Election REJECTED; received 2 response(s) [2e9fa5e4-44d4-40da-9b1b-fd170634e70a<-11421ab1-19cb-4764-b505-ce794efeb49e#0:FAIL-t55, 2e9fa5e4-44d4-40da-9b1b-fd170634e70a<-f0d7c07d-0c9c-43c9-b90d-f56b2a8a0f48#0:FAIL-t55] and 0 exception(s); 2e9fa5e4-44d4-40da-9b1b-fd170634e70a@group-39CA588449F8:t55, leader=null, voted=2e9fa5e4-44d4-40da-9b1b-fd170634e70a, raftlog=2e9fa5e4-44d4-40da-9b1b-fd170634e70a@group-39CA588449F8-SegmentedRaftLog:OPENED:c3,f4,i4, conf=0: [2e9fa5e4-44d4-40da-9b1b-fd170634e70a:192.168.34.60:33194, 11421ab1-19cb-4764-b505-ce794efeb49e:192.168.34.60:42577, f0d7c07d-0c9c-43c9-b90d-f56b2a8a0f48:192.168.34.60:40619], old=null
2019-10-15 21:44:33,510 [2e9fa5e4-44d4-40da-9b1b-fd170634e70a@group-39CA588449F8-LeaderElection54] INFO  impl.RaftServerImpl (RaftServerImpl.java:setRole(184)) - 2e9fa5e4-44d4-40da-9b1b-fd170634e70a@group-39CA588449F8: changes role from CANDIDATE to FOLLOWER at term 55 for DISCOVERED_A_NEW_TERM
2019-10-15 21:44:33,510 [2e9fa5e4-44d4-40da-9b1b-fd170634e70a@group-39CA588449F8-LeaderElection54] INFO  impl.RoleInfo (RoleInfo.java:shutdownLeaderElection(134)) - 2e9fa5e4-44d4-40da-9b1b-fd170634e70a: shutdown LeaderElection
2019-10-15 21:44:33,511 [2e9fa5e4-44d4-40da-9b1b-fd170634e70a@group-39CA588449F8-LeaderElection54] INFO  impl.RoleInfo (RoleInfo.java:updateAndGet(143)) - 2e9fa5e4-44d4-40da-9b1b-fd170634e70a: start FollowerState
2019-10-15 21:44:33,587 [Thread-918] INFO  impl.FollowerState (FollowerState.java:run(108)) - 2e9fa5e4-44d4-40da-9b1b-fd170634e70a@group-39CA588449F8-FollowerState: change to CANDIDATE, lastRpcTime:76ms, electionTimeout:76ms
2019-10-15 21:44:33,587 [Thread-918] INFO  impl.RoleInfo (RoleInfo.java:shutdownFollowerState(121)) - 2e9fa5e4-44d4-40da-9b1b-fd170634e70a: shutdown FollowerState
2019-10-15 21:44:33,587 [Thread-918] INFO  impl.RaftServerImpl (RaftServerImpl.java:setRole(184)) - 2e9fa5e4-44d4-40da-9b1b-fd170634e70a@group-39CA588449F8: changes role from  FOLLOWER to CANDIDATE at term 55 for changeToCandidate
2019-10-15 21:44:33,587 [Thread-918] INFO  impl.RoleInfo (RoleInfo.java:updateAndGet(143)) - 2e9fa5e4-44d4-40da-9b1b-fd170634e70a: start LeaderElection
2019-10-15 21:44:33,591 [BlockDeletingService#2] WARN  background.BlockDeletingService (BlockDeletingService.java:isDeletionAllowed(187)) - Close Container log Index 6 is not replicated across allthe servers in the pipeline a3e553f0-b812-4dfc-8692-39ca588449f8 as the min replicated index is 4. Deletion is not allowed in this container yet.
2019-10-15 21:44:33,591 [BlockDeletingService#2] WARN  background.BlockDeletingService (BlockDeletingService.java:isDeletionAllowed(187)) - Close Container log Index 6 is not replicated across allthe servers in the pipeline a3e553f0-b812-4dfc-8692-39ca588449f8 as the min replicated index is 4. Deletion is not allowed in this container yet.
2019-10-15 21:44:33,601 [2e9fa5e4-44d4-40da-9b1b-fd170634e70a@group-39CA588449F8-LeaderElection55] INFO  impl.LeaderElection (LeaderElection.java:askForVotes(178)) - 2e9fa5e4-44d4-40da-9b1b-fd170634e70a@group-39CA588449F8-LeaderElection55: begin an election at term 56 for 0: [2e9fa5e4-44d4-40da-9b1b-fd170634e70a:192.168.34.60:33194, 11421ab1-19cb-4764-b505-ce794efeb49e:192.168.34.60:42577, f0d7c07d-0c9c-43c9-b90d-f56b2a8a0f48:192.168.34.60:40619], old=null
2019-10-15 21:44:33,603 [grpc-default-executor-5] INFO  impl.RaftServerImpl (RaftServerImpl.java:setRole(184)) - 11421ab1-19cb-4764-b505-ce794efeb49e@group-39CA588449F8: changes role from  FOLLOWER to FOLLOWER at term 56 for recognizeCandidate:2e9fa5e4-44d4-40da-9b1b-fd170634e70a
2019-10-15 21:44:33,603 [grpc-default-executor-3] INFO  impl.RaftServerImpl (RaftServerImpl.java:setRole(184)) - f0d7c07d-0c9c-43c9-b90d-f56b2a8a0f48@group-39CA588449F8: changes role from  FOLLOWER to FOLLOWER at term 56 for recognizeCandidate:2e9fa5e4-44d4-40da-9b1b-fd170634e70a
2019-10-15 21:44:33,604 [grpc-default-executor-5] INFO  impl.RoleInfo (RoleInfo.java:shutdownFollowerState(121)) - 11421ab1-19cb-4764-b505-ce794efeb49e: shutdown FollowerState
2019-10-15 21:44:33,604 [grpc-default-executor-3] INFO  impl.RoleInfo (RoleInfo.java:shutdownFollowerState(121)) - f0d7c07d-0c9c-43c9-b90d-f56b2a8a0f48: shutdown FollowerState
2019-10-15 21:44:33,604 [Thread-916] INFO  impl.FollowerState (FollowerState.java:run(117)) - 11421ab1-19cb-4764-b505-ce794efeb49e@group-39CA588449F8-FollowerState was interrupted: java.lang.InterruptedException: sleep interrupted
2019-10-15 21:44:33,604 [grpc-default-executor-5] INFO  impl.RoleInfo (RoleInfo.java:updateAndGet(143)) - 11421ab1-19cb-4764-b505-ce794efeb49e: start FollowerState
2019-10-15 21:44:33,604 [Thread-917] INFO  impl.FollowerState (FollowerState.java:run(117)) - f0d7c07d-0c9c-43c9-b90d-f56b2a8a0f48@group-39CA588449F8-FollowerState was interrupted: java.lang.InterruptedException: sleep interrupted
2019-10-15 21:44:33,604 [grpc-default-executor-3] INFO  impl.RoleInfo (RoleInfo.java:updateAndGet(143)) - f0d7c07d-0c9c-43c9-b90d-f56b2a8a0f48: start FollowerState
2019-10-15 21:44:33,617 [2e9fa5e4-44d4-40da-9b1b-fd170634e70a@group-39CA588449F8-LeaderElection55] INFO  impl.LeaderElection (LeaderElection.java:logAndReturn(56)) - 2e9fa5e4-44d4-40da-9b1b-fd170634e70a@group-39CA588449F8-LeaderElection55: Election TIMEOUT; received 0 response(s) [] and 0 exception(s); 2e9fa5e4-44d4-40da-9b1b-fd170634e70a@group-39CA588449F8:t56, leader=null, voted=2e9fa5e4-44d4-40da-9b1b-fd170634e70a, raftlog=2e9fa5e4-44d4-40da-9b1b-fd170634e70a@group-39CA588449F8-SegmentedRaftLog:OPENED:c3,f4,i4, conf=0: [2e9fa5e4-44d4-40da-9b1b-fd170634e70a:192.168.34.60:33194, 11421ab1-19cb-4764-b505-ce794efeb49e:192.168.34.60:42577, f0d7c07d-0c9c-43c9-b90d-f56b2a8a0f48:192.168.34.60:40619], old=null
2019-10-15 21:44:33,620 [2e9fa5e4-44d4-40da-9b1b-fd170634e70a@group-39CA588449F8-LeaderElection55] INFO  impl.LeaderElection (LeaderElection.java:askForVotes(178)) - 2e9fa5e4-44d4-40da-9b1b-fd170634e70a@group-39CA588449F8-LeaderElection55: begin an election at term 57 for 0: [2e9fa5e4-44d4-40da-9b1b-fd170634e70a:192.168.34.60:33194, 11421ab1-19cb-4764-b505-ce794efeb49e:192.168.34.60:42577, f0d7c07d-0c9c-43c9-b90d-f56b2a8a0f48:192.168.34.60:40619], old=null
2019-10-15 21:44:33,622 [grpc-default-executor-5] INFO  impl.RaftServerImpl (RaftServerImpl.java:setRole(184)) - 11421ab1-19cb-4764-b505-ce794efeb49e@group-39CA588449F8: changes role from  FOLLOWER to FOLLOWER at term 57 for recognizeCandidate:2e9fa5e4-44d4-40da-9b1b-fd170634e70a
2019-10-15 21:44:33,622 [grpc-default-executor-3] INFO  impl.RaftServerImpl (RaftServerImpl.java:setRole(184)) - f0d7c07d-0c9c-43c9-b90d-f56b2a8a0f48@group-39CA588449F8: changes role from  FOLLOWER to FOLLOWER at term 57 for recognizeCandidate:2e9fa5e4-44d4-40da-9b1b-fd170634e70a
2019-10-15 21:44:33,622 [grpc-default-executor-5] INFO  impl.RoleInfo (RoleInfo.java:shutdownFollowerState(121)) - 11421ab1-19cb-4764-b505-ce794efeb49e: shutdown FollowerState
2019-10-15 21:44:33,622 [grpc-default-executor-3] INFO  impl.RoleInfo (RoleInfo.java:shutdownFollowerState(121)) - f0d7c07d-0c9c-43c9-b90d-f56b2a8a0f48: shutdown FollowerState
2019-10-15 21:44:33,622 [Thread-924] INFO  impl.FollowerState (FollowerState.java:run(117)) - 11421ab1-19cb-4764-b505-ce794efeb49e@group-39CA588449F8-FollowerState was interrupted: java.lang.InterruptedException: sleep interrupted
2019-10-15 21:44:33,622 [grpc-default-executor-5] INFO  impl.RoleInfo (RoleInfo.java:updateAndGet(143)) - 11421ab1-19cb-4764-b505-ce794efeb49e: start FollowerState
2019-10-15 21:44:33,623 [Thread-925] INFO  impl.FollowerState (FollowerState.java:run(117)) - f0d7c07d-0c9c-43c9-b90d-f56b2a8a0f48@group-39CA588449F8-FollowerState was interrupted: java.lang.InterruptedException: sleep interrupted
2019-10-15 21:44:33,623 [grpc-default-executor-3] INFO  impl.RoleInfo (RoleInfo.java:updateAndGet(143)) - f0d7c07d-0c9c-43c9-b90d-f56b2a8a0f48: start FollowerState
2019-10-15 21:44:33,638 [2e9fa5e4-44d4-40da-9b1b-fd170634e70a@group-39CA588449F8-LeaderElection55] INFO  impl.LeaderElection (LeaderElection.java:logAndReturn(56)) - 2e9fa5e4-44d4-40da-9b1b-fd170634e70a@group-39CA588449F8-LeaderElection55: Election TIMEOUT; received 0 response(s) [] and 0 exception(s); 2e9fa5e4-44d4-40da-9b1b-fd170634e70a@group-39CA588449F8:t57, leader=null, voted=2e9fa5e4-44d4-40da-9b1b-fd170634e70a, raftlog=2e9fa5e4-44d4-40da-9b1b-fd170634e70a@group-39CA588449F8-SegmentedRaftLog:OPENED:c3,f4,i4, conf=0: [2e9fa5e4-44d4-40da-9b1b-fd170634e70a:192.168.34.60:33194, 11421ab1-19cb-4764-b505-ce794efeb49e:192.168.34.60:42577, f0d7c07d-0c9c-43c9-b90d-f56b2a8a0f48:192.168.34.60:40619], old=null
2019-10-15 21:44:33,643 [2e9fa5e4-44d4-40da-9b1b-fd170634e70a@group-39CA588449F8-LeaderElection55] INFO  impl.LeaderElection (LeaderElection.java:askForVotes(178)) - 2e9fa5e4-44d4-40da-9b1b-fd170634e70a@group-39CA588449F8-LeaderElection55: begin an election at term 58 for 0: [2e9fa5e4-44d4-40da-9b1b-fd170634e70a:192.168.34.60:33194, 11421ab1-19cb-4764-b505-ce794efeb49e:192.168.34.60:42577, f0d7c07d-0c9c-43c9-b90d-f56b2a8a0f48:192.168.34.60:40619], old=null
2019-10-15 21:44:33,645 [grpc-default-executor-5] INFO  impl.RaftServerImpl (RaftServerImpl.java:setRole(184)) - 11421ab1-19cb-4764-b505-ce794efeb49e@group-39CA588449F8: changes role from  FOLLOWER to FOLLOWER at term 58 for recognizeCandidate:2e9fa5e4-44d4-40da-9b1b-fd170634e70a
2019-10-15 21:44:33,645 [grpc-default-executor-3] INFO  impl.RaftServerImpl (RaftServerImpl.java:setRole(184)) - f0d7c07d-0c9c-43c9-b90d-f56b2a8a0f48@group-39CA588449F8: changes role from  FOLLOWER to FOLLOWER at term 58 for recognizeCandidate:2e9fa5e4-44d4-40da-9b1b-fd170634e70a
2019-10-15 21:44:33,645 [grpc-default-executor-5] INFO  impl.RoleInfo (RoleInfo.java:shutdownFollowerState(121)) - 11421ab1-19cb-4764-b505-ce794efeb49e: shutdown FollowerState
2019-10-15 21:44:33,646 [grpc-default-executor-3] INFO  impl.RoleInfo (RoleInfo.java:shutdownFollowerState(121)) - f0d7c07d-0c9c-43c9-b90d-f56b2a8a0f48: shutdown FollowerState
2019-10-15 21:44:33,646 [grpc-default-executor-5] INFO  impl.RoleInfo (RoleInfo.java:updateAndGet(143)) - 11421ab1-19cb-4764-b505-ce794efeb49e: start FollowerState
2019-10-15 21:44:33,646 [Thread-928] INFO  impl.FollowerState (FollowerState.java:run(117)) - 11421ab1-19cb-4764-b505-ce794efeb49e@group-39CA588449F8-FollowerState was interrupted: java.lang.InterruptedException: sleep interrupted
2019-10-15 21:44:33,646 [Thread-929] INFO  impl.FollowerState (FollowerState.java:run(117)) - f0d7c07d-0c9c-43c9-b90d-f56b2a8a0f48@group-39CA588449F8-FollowerState was interrupted: java.lang.InterruptedException: sleep interrupted
2019-10-15 21:44:33,646 [grpc-default-executor-3] INFO  impl.RoleInfo (RoleInfo.java:updateAndGet(143)) - f0d7c07d-0c9c-43c9-b90d-f56b2a8a0f48: start FollowerState
2019-10-15 21:44:33,661 [2e9fa5e4-44d4-40da-9b1b-fd170634e70a@group-39CA588449F8-LeaderElection55] INFO  impl.LeaderElection (LeaderElection.java:logAndReturn(56)) - 2e9fa5e4-44d4-40da-9b1b-fd170634e70a@group-39CA588449F8-LeaderElection55: Election REJECTED; received 2 response(s) [2e9fa5e4-44d4-40da-9b1b-fd170634e70a<-11421ab1-19cb-4764-b505-ce794efeb49e#0:FAIL-t58, 2e9fa5e4-44d4-40da-9b1b-fd170634e70a<-f0d7c07d-0c9c-43c9-b90d-f56b2a8a0f48#0:FAIL-t58] and 0 exception(s); 2e9fa5e4-44d4-40da-9b1b-fd170634e70a@group-39CA588449F8:t58, leader=null, voted=2e9fa5e4-44d4-40da-9b1b-fd170634e70a, raftlog=2e9fa5e4-44d4-40da-9b1b-fd170634e70a@group-39CA588449F8-SegmentedRaftLog:OPENED:c3,f4,i4, conf=0: [2e9fa5e4-44d4-40da-9b1b-fd170634e70a:192.168.34.60:33194, 11421ab1-19cb-4764-b505-ce794efeb49e:192.168.34.60:42577, f0d7c07d-0c9c-43c9-b90d-f56b2a8a0f48:192.168.34.60:40619], old=null
2019-10-15 21:44:33,661 [2e9fa5e4-44d4-40da-9b1b-fd170634e70a@group-39CA588449F8-LeaderElection55] INFO  impl.RaftServerImpl (RaftServerImpl.java:setRole(184)) - 2e9fa5e4-44d4-40da-9b1b-fd170634e70a@group-39CA588449F8: changes role from CANDIDATE to FOLLOWER at term 58 for DISCOVERED_A_NEW_TERM
2019-10-15 21:44:33,661 [2e9fa5e4-44d4-40da-9b1b-fd170634e70a@group-39CA588449F8-LeaderElection55] INFO  impl.RoleInfo (RoleInfo.java:shutdownLeaderElection(134)) - 2e9fa5e4-44d4-40da-9b1b-fd170634e70a: shutdown LeaderElection
2019-10-15 21:44:33,661 [2e9fa5e4-44d4-40da-9b1b-fd170634e70a@group-39CA588449F8-LeaderElection55] INFO  impl.RoleInfo (RoleInfo.java:updateAndGet(143)) - 2e9fa5e4-44d4-40da-9b1b-fd170634e70a: start FollowerState
2019-10-15 21:44:33,844 [Thread-934] INFO  impl.FollowerState (FollowerState.java:run(108)) - 2e9fa5e4-44d4-40da-9b1b-fd170634e70a@group-39CA588449F8-FollowerState: change to CANDIDATE, lastRpcTime:182ms, electionTimeout:182ms
2019-10-15 21:44:33,844 [Thread-934] INFO  impl.RoleInfo (RoleInfo.java:shutdownFollowerState(121)) - 2e9fa5e4-44d4-40da-9b1b-fd170634e70a: shutdown FollowerState
2019-10-15 21:44:33,844 [Thread-934] INFO  impl.RaftServerImpl (RaftServerImpl.java:setRole(184)) - 2e9fa5e4-44d4-40da-9b1b-fd170634e70a@group-39CA588449F8: changes role from  FOLLOWER to CANDIDATE at term 58 for changeToCandidate
2019-10-15 21:44:33,844 [Thread-934] INFO  impl.RoleInfo (RoleInfo.java:updateAndGet(143)) - 2e9fa5e4-44d4-40da-9b1b-fd170634e70a: start LeaderElection
2019-10-15 21:44:33,858 [2e9fa5e4-44d4-40da-9b1b-fd170634e70a@group-39CA588449F8-LeaderElection56] INFO  impl.LeaderElection (LeaderElection.java:askForVotes(178)) - 2e9fa5e4-44d4-40da-9b1b-fd170634e70a@group-39CA588449F8-LeaderElection56: begin an election at term 59 for 0: [2e9fa5e4-44d4-40da-9b1b-fd170634e70a:192.168.34.60:33194, 11421ab1-19cb-4764-b505-ce794efeb49e:192.168.34.60:42577, f0d7c07d-0c9c-43c9-b90d-f56b2a8a0f48:192.168.34.60:40619], old=null
2019-10-15 21:44:33,860 [grpc-default-executor-5] INFO  impl.RaftServerImpl (RaftServerImpl.java:setRole(184)) - 11421ab1-19cb-4764-b505-ce794efeb49e@group-39CA588449F8: changes role from  FOLLOWER to FOLLOWER at term 59 for recognizeCandidate:2e9fa5e4-44d4-40da-9b1b-fd170634e70a
2019-10-15 21:44:33,860 [grpc-default-executor-3] INFO  impl.RaftServerImpl (RaftServerImpl.java:setRole(184)) - f0d7c07d-0c9c-43c9-b90d-f56b2a8a0f48@group-39CA588449F8: changes role from  FOLLOWER to FOLLOWER at term 59 for recognizeCandidate:2e9fa5e4-44d4-40da-9b1b-fd170634e70a
2019-10-15 21:44:33,860 [grpc-default-executor-5] INFO  impl.RoleInfo (RoleInfo.java:shutdownFollowerState(121)) - 11421ab1-19cb-4764-b505-ce794efeb49e: shutdown FollowerState
2019-10-15 21:44:33,860 [grpc-default-executor-3] INFO  impl.RoleInfo (RoleInfo.java:shutdownFollowerState(121)) - f0d7c07d-0c9c-43c9-b90d-f56b2a8a0f48: shutdown FollowerState
2019-10-15 21:44:33,860 [Thread-932] INFO  impl.FollowerState (FollowerState.java:run(117)) - 11421ab1-19cb-4764-b505-ce794efeb49e@group-39CA588449F8-FollowerState was interrupted: java.lang.InterruptedException: sleep interrupted
2019-10-15 21:44:33,860 [grpc-default-executor-5] INFO  impl.RoleInfo (RoleInfo.java:updateAndGet(143)) - 11421ab1-19cb-4764-b505-ce794efeb49e: start FollowerState
2019-10-15 21:44:33,860 [Thread-933] INFO  impl.FollowerState (FollowerState.java:run(117)) - f0d7c07d-0c9c-43c9-b90d-f56b2a8a0f48@group-39CA588449F8-FollowerState was interrupted: java.lang.InterruptedException: sleep interrupted
2019-10-15 21:44:33,860 [grpc-default-executor-3] INFO  impl.RoleInfo (RoleInfo.java:updateAndGet(143)) - f0d7c07d-0c9c-43c9-b90d-f56b2a8a0f48: start FollowerState
2019-10-15 21:44:33,875 [2e9fa5e4-44d4-40da-9b1b-fd170634e70a@group-39CA588449F8-LeaderElection56] INFO  impl.LeaderElection (LeaderElection.java:logAndReturn(56)) - 2e9fa5e4-44d4-40da-9b1b-fd170634e70a@group-39CA588449F8-LeaderElection56: Election REJECTED; received 2 response(s) [2e9fa5e4-44d4-40da-9b1b-fd170634e70a<-11421ab1-19cb-4764-b505-ce794efeb49e#0:FAIL-t59, 2e9fa5e4-44d4-40da-9b1b-fd170634e70a<-f0d7c07d-0c9c-43c9-b90d-f56b2a8a0f48#0:FAIL-t59] and 0 exception(s); 2e9fa5e4-44d4-40da-9b1b-fd170634e70a@group-39CA588449F8:t59, leader=null, voted=2e9fa5e4-44d4-40da-9b1b-fd170634e70a, raftlog=2e9fa5e4-44d4-40da-9b1b-fd170634e70a@group-39CA588449F8-SegmentedRaftLog:OPENED:c3,f4,i4, conf=0: [2e9fa5e4-44d4-40da-9b1b-fd170634e70a:192.168.34.60:33194, 11421ab1-19cb-4764-b505-ce794efeb49e:192.168.34.60:42577, f0d7c07d-0c9c-43c9-b90d-f56b2a8a0f48:192.168.34.60:40619], old=null
2019-10-15 21:44:33,875 [2e9fa5e4-44d4-40da-9b1b-fd170634e70a@group-39CA588449F8-LeaderElection56] INFO  impl.RaftServerImpl (RaftServerImpl.java:setRole(184)) - 2e9fa5e4-44d4-40da-9b1b-fd170634e70a@group-39CA588449F8: changes role from CANDIDATE to FOLLOWER at term 59 for DISCOVERED_A_NEW_TERM
2019-10-15 21:44:33,875 [2e9fa5e4-44d4-40da-9b1b-fd170634e70a@group-39CA588449F8-LeaderElection56] INFO  impl.RoleInfo (RoleInfo.java:shutdownLeaderElection(134)) - 2e9fa5e4-44d4-40da-9b1b-fd170634e70a: shutdown LeaderElection
2019-10-15 21:44:33,875 [2e9fa5e4-44d4-40da-9b1b-fd170634e70a@group-39CA588449F8-LeaderElection56] INFO  impl.RoleInfo (RoleInfo.java:updateAndGet(143)) - 2e9fa5e4-44d4-40da-9b1b-fd170634e70a: start FollowerState
2019-10-15 21:44:34,032 [Thread-943] INFO  impl.FollowerState (FollowerState.java:run(108)) - 2e9fa5e4-44d4-40da-9b1b-fd170634e70a@group-39CA588449F8-FollowerState: change to CANDIDATE, lastRpcTime:156ms, electionTimeout:156ms
2019-10-15 21:44:34,032 [Thread-943] INFO  impl.RoleInfo (RoleInfo.java:shutdownFollowerState(121)) - 2e9fa5e4-44d4-40da-9b1b-fd170634e70a: shutdown FollowerState
2019-10-15 21:44:34,032 [Thread-943] INFO  impl.RaftServerImpl (RaftServerImpl.java:setRole(184)) - 2e9fa5e4-44d4-40da-9b1b-fd170634e70a@group-39CA588449F8: changes role from  FOLLOWER to CANDIDATE at term 59 for changeToCandidate
2019-10-15 21:44:34,032 [Thread-943] INFO  impl.RoleInfo (RoleInfo.java:updateAndGet(143)) - 2e9fa5e4-44d4-40da-9b1b-fd170634e70a: start LeaderElection
2019-10-15 21:44:34,046 [2e9fa5e4-44d4-40da-9b1b-fd170634e70a@group-39CA588449F8-LeaderElection57] INFO  impl.LeaderElection (LeaderElection.java:askForVotes(178)) - 2e9fa5e4-44d4-40da-9b1b-fd170634e70a@group-39CA588449F8-LeaderElection57: begin an election at term 60 for 0: [2e9fa5e4-44d4-40da-9b1b-fd170634e70a:192.168.34.60:33194, 11421ab1-19cb-4764-b505-ce794efeb49e:192.168.34.60:42577, f0d7c07d-0c9c-43c9-b90d-f56b2a8a0f48:192.168.34.60:40619], old=null
2019-10-15 21:44:34,049 [grpc-default-executor-5] INFO  impl.RaftServerImpl (RaftServerImpl.java:setRole(184)) - f0d7c07d-0c9c-43c9-b90d-f56b2a8a0f48@group-39CA588449F8: changes role from  FOLLOWER to FOLLOWER at term 60 for recognizeCandidate:2e9fa5e4-44d4-40da-9b1b-fd170634e70a
2019-10-15 21:44:34,049 [grpc-default-executor-3] INFO  impl.RaftServerImpl (RaftServerImpl.java:setRole(184)) - 11421ab1-19cb-4764-b505-ce794efeb49e@group-39CA588449F8: changes role from  FOLLOWER to FOLLOWER at term 60 for recognizeCandidate:2e9fa5e4-44d4-40da-9b1b-fd170634e70a
2019-10-15 21:44:34,049 [grpc-default-executor-5] INFO  impl.RoleInfo (RoleInfo.java:shutdownFollowerState(121)) - f0d7c07d-0c9c-43c9-b90d-f56b2a8a0f48: shutdown FollowerState
2019-10-15 21:44:34,049 [grpc-default-executor-3] INFO  impl.RoleInfo (RoleInfo.java:shutdownFollowerState(121)) - 11421ab1-19cb-4764-b505-ce794efeb49e: shutdown FollowerState
2019-10-15 21:44:34,050 [Thread-942] INFO  impl.FollowerState (FollowerState.java:run(117)) - f0d7c07d-0c9c-43c9-b90d-f56b2a8a0f48@group-39CA588449F8-FollowerState was interrupted: java.lang.InterruptedException: sleep interrupted
2019-10-15 21:44:34,049 [grpc-default-executor-5] INFO  impl.RoleInfo (RoleInfo.java:updateAndGet(143)) - f0d7c07d-0c9c-43c9-b90d-f56b2a8a0f48: start FollowerState
2019-10-15 21:44:34,050 [Thread-941] INFO  impl.FollowerState (FollowerState.java:run(117)) - 11421ab1-19cb-4764-b505-ce794efeb49e@group-39CA588449F8-FollowerState was interrupted: java.lang.InterruptedException: sleep interrupted
2019-10-15 21:44:34,050 [grpc-default-executor-3] INFO  impl.RoleInfo (RoleInfo.java:updateAndGet(143)) - 11421ab1-19cb-4764-b505-ce794efeb49e: start FollowerState
2019-10-15 21:44:34,064 [2e9fa5e4-44d4-40da-9b1b-fd170634e70a@group-39CA588449F8-LeaderElection57] INFO  impl.LeaderElection (LeaderElection.java:logAndReturn(56)) - 2e9fa5e4-44d4-40da-9b1b-fd170634e70a@group-39CA588449F8-LeaderElection57: Election REJECTED; received 2 response(s) [2e9fa5e4-44d4-40da-9b1b-fd170634e70a<-11421ab1-19cb-4764-b505-ce794efeb49e#0:FAIL-t60, 2e9fa5e4-44d4-40da-9b1b-fd170634e70a<-f0d7c07d-0c9c-43c9-b90d-f56b2a8a0f48#0:FAIL-t60] and 0 exception(s); 2e9fa5e4-44d4-40da-9b1b-fd170634e70a@group-39CA588449F8:t60, leader=null, voted=2e9fa5e4-44d4-40da-9b1b-fd170634e70a, raftlog=2e9fa5e4-44d4-40da-9b1b-fd170634e70a@group-39CA588449F8-SegmentedRaftLog:OPENED:c3,f4,i4, conf=0: [2e9fa5e4-44d4-40da-9b1b-fd170634e70a:192.168.34.60:33194, 11421ab1-19cb-4764-b505-ce794efeb49e:192.168.34.60:42577, f0d7c07d-0c9c-43c9-b90d-f56b2a8a0f48:192.168.34.60:40619], old=null
2019-10-15 21:44:34,064 [2e9fa5e4-44d4-40da-9b1b-fd170634e70a@group-39CA588449F8-LeaderElection57] INFO  impl.RaftServerImpl (RaftServerImpl.java:setRole(184)) - 2e9fa5e4-44d4-40da-9b1b-fd170634e70a@group-39CA588449F8: changes role from CANDIDATE to FOLLOWER at term 60 for DISCOVERED_A_NEW_TERM
2019-10-15 21:44:34,065 [2e9fa5e4-44d4-40da-9b1b-fd170634e70a@group-39CA588449F8-LeaderElection57] INFO  impl.RoleInfo (RoleInfo.java:shutdownLeaderElection(134)) - 2e9fa5e4-44d4-40da-9b1b-fd170634e70a: shutdown LeaderElection
2019-10-15 21:44:34,065 [2e9fa5e4-44d4-40da-9b1b-fd170634e70a@group-39CA588449F8-LeaderElection57] INFO  impl.RoleInfo (RoleInfo.java:updateAndGet(143)) - 2e9fa5e4-44d4-40da-9b1b-fd170634e70a: start FollowerState
2019-10-15 21:44:34,104 [Thread-949] INFO  impl.FollowerState (FollowerState.java:run(108)) - 2e9fa5e4-44d4-40da-9b1b-fd170634e70a@group-39CA588449F8-FollowerState: change to CANDIDATE, lastRpcTime:39ms, electionTimeout:39ms
2019-10-15 21:44:34,104 [Thread-949] INFO  impl.RoleInfo (RoleInfo.java:shutdownFollowerState(121)) - 2e9fa5e4-44d4-40da-9b1b-fd170634e70a: shutdown FollowerState
2019-10-15 21:44:34,104 [Thread-949] INFO  impl.RaftServerImpl (RaftServerImpl.java:setRole(184)) - 2e9fa5e4-44d4-40da-9b1b-fd170634e70a@group-39CA588449F8: changes role from  FOLLOWER to CANDIDATE at term 60 for changeToCandidate
2019-10-15 21:44:34,104 [Thread-949] INFO  impl.RoleInfo (RoleInfo.java:updateAndGet(143)) - 2e9fa5e4-44d4-40da-9b1b-fd170634e70a: start LeaderElection
2019-10-15 21:44:34,118 [2e9fa5e4-44d4-40da-9b1b-fd170634e70a@group-39CA588449F8-LeaderElection58] INFO  impl.LeaderElection (LeaderElection.java:askForVotes(178)) - 2e9fa5e4-44d4-40da-9b1b-fd170634e70a@group-39CA588449F8-LeaderElection58: begin an election at term 61 for 0: [2e9fa5e4-44d4-40da-9b1b-fd170634e70a:192.168.34.60:33194, 11421ab1-19cb-4764-b505-ce794efeb49e:192.168.34.60:42577, f0d7c07d-0c9c-43c9-b90d-f56b2a8a0f48:192.168.34.60:40619], old=null
2019-10-15 21:44:34,120 [grpc-default-executor-5] INFO  impl.RaftServerImpl (RaftServerImpl.java:setRole(184)) - 11421ab1-19cb-4764-b505-ce794efeb49e@group-39CA588449F8: changes role from  FOLLOWER to FOLLOWER at term 61 for recognizeCandidate:2e9fa5e4-44d4-40da-9b1b-fd170634e70a
2019-10-15 21:44:34,120 [grpc-default-executor-5] INFO  impl.RoleInfo (RoleInfo.java:shutdownFollowerState(121)) - 11421ab1-19cb-4764-b505-ce794efeb49e: shutdown FollowerState
2019-10-15 21:44:34,120 [grpc-default-executor-5] INFO  impl.RoleInfo (RoleInfo.java:updateAndGet(143)) - 11421ab1-19cb-4764-b505-ce794efeb49e: start FollowerState
2019-10-15 21:44:34,120 [Thread-948] INFO  impl.FollowerState (FollowerState.java:run(117)) - 11421ab1-19cb-4764-b505-ce794efeb49e@group-39CA588449F8-FollowerState was interrupted: java.lang.InterruptedException: sleep interrupted
2019-10-15 21:44:34,120 [grpc-default-executor-3] INFO  impl.RaftServerImpl (RaftServerImpl.java:setRole(184)) - f0d7c07d-0c9c-43c9-b90d-f56b2a8a0f48@group-39CA588449F8: changes role from  FOLLOWER to FOLLOWER at term 61 for recognizeCandidate:2e9fa5e4-44d4-40da-9b1b-fd170634e70a
2019-10-15 21:44:34,121 [grpc-default-executor-3] INFO  impl.RoleInfo (RoleInfo.java:shutdownFollowerState(121)) - f0d7c07d-0c9c-43c9-b90d-f56b2a8a0f48: shutdown FollowerState
2019-10-15 21:44:34,121 [grpc-default-executor-3] INFO  impl.RoleInfo (RoleInfo.java:updateAndGet(143)) - f0d7c07d-0c9c-43c9-b90d-f56b2a8a0f48: start FollowerState
2019-10-15 21:44:34,121 [Thread-947] INFO  impl.FollowerState (FollowerState.java:run(117)) - f0d7c07d-0c9c-43c9-b90d-f56b2a8a0f48@group-39CA588449F8-FollowerState was interrupted: java.lang.InterruptedException: sleep interrupted
2019-10-15 21:44:34,135 [2e9fa5e4-44d4-40da-9b1b-fd170634e70a@group-39CA588449F8-LeaderElection58] INFO  impl.LeaderElection (LeaderElection.java:logAndReturn(56)) - 2e9fa5e4-44d4-40da-9b1b-fd170634e70a@group-39CA588449F8-LeaderElection58: Election REJECTED; received 2 response(s) [2e9fa5e4-44d4-40da-9b1b-fd170634e70a<-11421ab1-19cb-4764-b505-ce794efeb49e#0:FAIL-t61, 2e9fa5e4-44d4-40da-9b1b-fd170634e70a<-f0d7c07d-0c9c-43c9-b90d-f56b2a8a0f48#0:FAIL-t61] and 0 exception(s); 2e9fa5e4-44d4-40da-9b1b-fd170634e70a@group-39CA588449F8:t61, leader=null, voted=2e9fa5e4-44d4-40da-9b1b-fd170634e70a, raftlog=2e9fa5e4-44d4-40da-9b1b-fd170634e70a@group-39CA588449F8-SegmentedRaftLog:OPENED:c3,f4,i4, conf=0: [2e9fa5e4-44d4-40da-9b1b-fd170634e70a:192.168.34.60:33194, 11421ab1-19cb-4764-b505-ce794efeb49e:192.168.34.60:42577, f0d7c07d-0c9c-43c9-b90d-f56b2a8a0f48:192.168.34.60:40619], old=null
2019-10-15 21:44:34,135 [2e9fa5e4-44d4-40da-9b1b-fd170634e70a@group-39CA588449F8-LeaderElection58] INFO  impl.RaftServerImpl (RaftServerImpl.java:setRole(184)) - 2e9fa5e4-44d4-40da-9b1b-fd170634e70a@group-39CA588449F8: changes role from CANDIDATE to FOLLOWER at term 61 for DISCOVERED_A_NEW_TERM
2019-10-15 21:44:34,135 [2e9fa5e4-44d4-40da-9b1b-fd170634e70a@group-39CA588449F8-LeaderElection58] INFO  impl.RoleInfo (RoleInfo.java:shutdownLeaderElection(134)) - 2e9fa5e4-44d4-40da-9b1b-fd170634e70a: shutdown LeaderElection
2019-10-15 21:44:34,135 [2e9fa5e4-44d4-40da-9b1b-fd170634e70a@group-39CA588449F8-LeaderElection58] INFO  impl.RoleInfo (RoleInfo.java:updateAndGet(143)) - 2e9fa5e4-44d4-40da-9b1b-fd170634e70a: start FollowerState
2019-10-15 21:44:34,172 [Thread-955] INFO  impl.FollowerState (FollowerState.java:run(108)) - 2e9fa5e4-44d4-40da-9b1b-fd170634e70a@group-39CA588449F8-FollowerState: change to CANDIDATE, lastRpcTime:36ms, electionTimeout:36ms
2019-10-15 21:44:34,172 [Thread-955] INFO  impl.RoleInfo (RoleInfo.java:shutdownFollowerState(121)) - 2e9fa5e4-44d4-40da-9b1b-fd170634e70a: shutdown FollowerState
2019-10-15 21:44:34,172 [Thread-955] INFO  impl.RaftServerImpl (RaftServerImpl.java:setRole(184)) - 2e9fa5e4-44d4-40da-9b1b-fd170634e70a@group-39CA588449F8: changes role from  FOLLOWER to CANDIDATE at term 61 for changeToCandidate
2019-10-15 21:44:34,172 [Thread-955] INFO  impl.RoleInfo (RoleInfo.java:updateAndGet(143)) - 2e9fa5e4-44d4-40da-9b1b-fd170634e70a: start LeaderElection
2019-10-15 21:44:34,186 [2e9fa5e4-44d4-40da-9b1b-fd170634e70a@group-39CA588449F8-LeaderElection59] INFO  impl.LeaderElection (LeaderElection.java:askForVotes(178)) - 2e9fa5e4-44d4-40da-9b1b-fd170634e70a@group-39CA588449F8-LeaderElection59: begin an election at term 62 for 0: [2e9fa5e4-44d4-40da-9b1b-fd170634e70a:192.168.34.60:33194, 11421ab1-19cb-4764-b505-ce794efeb49e:192.168.34.60:42577, f0d7c07d-0c9c-43c9-b90d-f56b2a8a0f48:192.168.34.60:40619], old=null
2019-10-15 21:44:34,188 [grpc-default-executor-3] INFO  impl.RaftServerImpl (RaftServerImpl.java:setRole(184)) - 11421ab1-19cb-4764-b505-ce794efeb49e@group-39CA588449F8: changes role from  FOLLOWER to FOLLOWER at term 62 for recognizeCandidate:2e9fa5e4-44d4-40da-9b1b-fd170634e70a
2019-10-15 21:44:34,188 [grpc-default-executor-3] INFO  impl.RoleInfo (RoleInfo.java:shutdownFollowerState(121)) - 11421ab1-19cb-4764-b505-ce794efeb49e: shutdown FollowerState
2019-10-15 21:44:34,189 [grpc-default-executor-3] INFO  impl.RoleInfo (RoleInfo.java:updateAndGet(143)) - 11421ab1-19cb-4764-b505-ce794efeb49e: start FollowerState
2019-10-15 21:44:34,189 [Thread-953] INFO  impl.FollowerState (FollowerState.java:run(117)) - 11421ab1-19cb-4764-b505-ce794efeb49e@group-39CA588449F8-FollowerState was interrupted: java.lang.InterruptedException: sleep interrupted
2019-10-15 21:44:34,189 [grpc-default-executor-5] INFO  impl.RaftServerImpl (RaftServerImpl.java:setRole(184)) - f0d7c07d-0c9c-43c9-b90d-f56b2a8a0f48@group-39CA588449F8: changes role from  FOLLOWER to FOLLOWER at term 62 for recognizeCandidate:2e9fa5e4-44d4-40da-9b1b-fd170634e70a
2019-10-15 21:44:34,189 [grpc-default-executor-5] INFO  impl.RoleInfo (RoleInfo.java:shutdownFollowerState(121)) - f0d7c07d-0c9c-43c9-b90d-f56b2a8a0f48: shutdown FollowerState
2019-10-15 21:44:34,189 [grpc-default-executor-5] INFO  impl.RoleInfo (RoleInfo.java:updateAndGet(143)) - f0d7c07d-0c9c-43c9-b90d-f56b2a8a0f48: start FollowerState
2019-10-15 21:44:34,189 [Thread-954] INFO  impl.FollowerState (FollowerState.java:run(117)) - f0d7c07d-0c9c-43c9-b90d-f56b2a8a0f48@group-39CA588449F8-FollowerState was interrupted: java.lang.InterruptedException: sleep interrupted
2019-10-15 21:44:34,204 [2e9fa5e4-44d4-40da-9b1b-fd170634e70a@group-39CA588449F8-LeaderElection59] INFO  impl.LeaderElection (LeaderElection.java:logAndReturn(56)) - 2e9fa5e4-44d4-40da-9b1b-fd170634e70a@group-39CA588449F8-LeaderElection59: Election REJECTED; received 2 response(s) [2e9fa5e4-44d4-40da-9b1b-fd170634e70a<-11421ab1-19cb-4764-b505-ce794efeb49e#0:FAIL-t62, 2e9fa5e4-44d4-40da-9b1b-fd170634e70a<-f0d7c07d-0c9c-43c9-b90d-f56b2a8a0f48#0:FAIL-t62] and 0 exception(s); 2e9fa5e4-44d4-40da-9b1b-fd170634e70a@group-39CA588449F8:t62, leader=null, voted=2e9fa5e4-44d4-40da-9b1b-fd170634e70a, raftlog=2e9fa5e4-44d4-40da-9b1b-fd170634e70a@group-39CA588449F8-SegmentedRaftLog:OPENED:c3,f4,i4, conf=0: [2e9fa5e4-44d4-40da-9b1b-fd170634e70a:192.168.34.60:33194, 11421ab1-19cb-4764-b505-ce794efeb49e:192.168.34.60:42577, f0d7c07d-0c9c-43c9-b90d-f56b2a8a0f48:192.168.34.60:40619], old=null
2019-10-15 21:44:34,204 [2e9fa5e4-44d4-40da-9b1b-fd170634e70a@group-39CA588449F8-LeaderElection59] INFO  impl.RaftServerImpl (RaftServerImpl.java:setRole(184)) - 2e9fa5e4-44d4-40da-9b1b-fd170634e70a@group-39CA588449F8: changes role from CANDIDATE to FOLLOWER at term 62 for DISCOVERED_A_NEW_TERM
2019-10-15 21:44:34,204 [2e9fa5e4-44d4-40da-9b1b-fd170634e70a@group-39CA588449F8-LeaderElection59] INFO  impl.RoleInfo (RoleInfo.java:shutdownLeaderElection(134)) - 2e9fa5e4-44d4-40da-9b1b-fd170634e70a: shutdown LeaderElection
2019-10-15 21:44:34,205 [2e9fa5e4-44d4-40da-9b1b-fd170634e70a@group-39CA588449F8-LeaderElection59] INFO  impl.RoleInfo (RoleInfo.java:updateAndGet(143)) - 2e9fa5e4-44d4-40da-9b1b-fd170634e70a: start FollowerState
2019-10-15 21:44:34,223 [Thread-963] INFO  client.GrpcClientProtocolService (GrpcClientProtocolService.java:lambda$processClientRequest$0(278)) - Failed RaftClientRequest:client-D0B527BDC3D7->f0d7c07d-0c9c-43c9-b90d-f56b2a8a0f48@group-39CA588449F8, cid=10, seq=0, Watch-ALL_COMMITTED(6), Message:<EMPTY>, reply=RaftClientReply:client-D0B527BDC3D7->f0d7c07d-0c9c-43c9-b90d-f56b2a8a0f48@group-39CA588449F8, cid=10, FAILED org.apache.ratis.protocol.NotLeaderException: Server f0d7c07d-0c9c-43c9-b90d-f56b2a8a0f48@group-39CA588449F8 is not the leader, logIndex=0, commits[f0d7c07d-0c9c-43c9-b90d-f56b2a8a0f48:c10, 2e9fa5e4-44d4-40da-9b1b-fd170634e70a:c4, 11421ab1-19cb-4764-b505-ce794efeb49e:c10]
2019-10-15 21:44:34,251 [Thread-961] INFO  impl.FollowerState (FollowerState.java:run(108)) - 2e9fa5e4-44d4-40da-9b1b-fd170634e70a@group-39CA588449F8-FollowerState: change to CANDIDATE, lastRpcTime:46ms, electionTimeout:46ms
2019-10-15 21:44:34,251 [Thread-961] INFO  impl.RoleInfo (RoleInfo.java:shutdownFollowerState(121)) - 2e9fa5e4-44d4-40da-9b1b-fd170634e70a: shutdown FollowerState
2019-10-15 21:44:34,251 [Thread-961] INFO  impl.RaftServerImpl (RaftServerImpl.java:setRole(184)) - 2e9fa5e4-44d4-40da-9b1b-fd170634e70a@group-39CA588449F8: changes role from  FOLLOWER to CANDIDATE at term 62 for changeToCandidate
2019-10-15 21:44:34,252 [Thread-961] INFO  impl.RoleInfo (RoleInfo.java:updateAndGet(143)) - 2e9fa5e4-44d4-40da-9b1b-fd170634e70a: start LeaderElection
2019-10-15 21:44:34,265 [2e9fa5e4-44d4-40da-9b1b-fd170634e70a@group-39CA588449F8-LeaderElection60] INFO  impl.LeaderElection (LeaderElection.java:askForVotes(178)) - 2e9fa5e4-44d4-40da-9b1b-fd170634e70a@group-39CA588449F8-LeaderElection60: begin an election at term 63 for 0: [2e9fa5e4-44d4-40da-9b1b-fd170634e70a:192.168.34.60:33194, 11421ab1-19cb-4764-b505-ce794efeb49e:192.168.34.60:42577, f0d7c07d-0c9c-43c9-b90d-f56b2a8a0f48:192.168.34.60:40619], old=null
2019-10-15 21:44:34,267 [grpc-default-executor-5] INFO  impl.RaftServerImpl (RaftServerImpl.java:setRole(184)) - 11421ab1-19cb-4764-b505-ce794efeb49e@group-39CA588449F8: changes role from  FOLLOWER to FOLLOWER at term 63 for recognizeCandidate:2e9fa5e4-44d4-40da-9b1b-fd170634e70a
2019-10-15 21:44:34,267 [grpc-default-executor-5] INFO  impl.RoleInfo (RoleInfo.java:shutdownFollowerState(121)) - 11421ab1-19cb-4764-b505-ce794efeb49e: shutdown FollowerState
2019-10-15 21:44:34,268 [grpc-default-executor-5] INFO  impl.RoleInfo (RoleInfo.java:updateAndGet(143)) - 11421ab1-19cb-4764-b505-ce794efeb49e: start FollowerState
2019-10-15 21:44:34,268 [Thread-959] INFO  impl.FollowerState (FollowerState.java:run(117)) - 11421ab1-19cb-4764-b505-ce794efeb49e@group-39CA588449F8-FollowerState was interrupted: java.lang.InterruptedException: sleep interrupted
2019-10-15 21:44:34,268 [grpc-default-executor-3] INFO  impl.RaftServerImpl (RaftServerImpl.java:setRole(184)) - f0d7c07d-0c9c-43c9-b90d-f56b2a8a0f48@group-39CA588449F8: changes role from  FOLLOWER to FOLLOWER at term 63 for recognizeCandidate:2e9fa5e4-44d4-40da-9b1b-fd170634e70a
2019-10-15 21:44:34,268 [grpc-default-executor-3] INFO  impl.RoleInfo (RoleInfo.java:shutdownFollowerState(121)) - f0d7c07d-0c9c-43c9-b90d-f56b2a8a0f48: shutdown FollowerState
2019-10-15 21:44:34,268 [grpc-default-executor-3] INFO  impl.RoleInfo (RoleInfo.java:updateAndGet(143)) - f0d7c07d-0c9c-43c9-b90d-f56b2a8a0f48: start FollowerState
2019-10-15 21:44:34,268 [Thread-960] INFO  impl.FollowerState (FollowerState.java:run(117)) - f0d7c07d-0c9c-43c9-b90d-f56b2a8a0f48@group-39CA588449F8-FollowerState was interrupted: java.lang.InterruptedException: sleep interrupted
2019-10-15 21:44:34,282 [2e9fa5e4-44d4-40da-9b1b-fd170634e70a@group-39CA588449F8-LeaderElection60] INFO  impl.LeaderElection (LeaderElection.java:logAndReturn(56)) - 2e9fa5e4-44d4-40da-9b1b-fd170634e70a@group-39CA588449F8-LeaderElection60: Election REJECTED; received 2 response(s) [2e9fa5e4-44d4-40da-9b1b-fd170634e70a<-11421ab1-19cb-4764-b505-ce794efeb49e#0:FAIL-t63, 2e9fa5e4-44d4-40da-9b1b-fd170634e70a<-f0d7c07d-0c9c-43c9-b90d-f56b2a8a0f48#0:FAIL-t63] and 0 exception(s); 2e9fa5e4-44d4-40da-9b1b-fd170634e70a@group-39CA588449F8:t63, leader=null, voted=2e9fa5e4-44d4-40da-9b1b-fd170634e70a, raftlog=2e9fa5e4-44d4-40da-9b1b-fd170634e70a@group-39CA588449F8-SegmentedRaftLog:OPENED:c3,f4,i4, conf=0: [2e9fa5e4-44d4-40da-9b1b-fd170634e70a:192.168.34.60:33194, 11421ab1-19cb-4764-b505-ce794efeb49e:192.168.34.60:42577, f0d7c07d-0c9c-43c9-b90d-f56b2a8a0f48:192.168.34.60:40619], old=null
2019-10-15 21:44:34,282 [2e9fa5e4-44d4-40da-9b1b-fd170634e70a@group-39CA588449F8-LeaderElection60] INFO  impl.RaftServerImpl (RaftServerImpl.java:setRole(184)) - 2e9fa5e4-44d4-40da-9b1b-fd170634e70a@group-39CA588449F8: changes role from CANDIDATE to FOLLOWER at term 63 for DISCOVERED_A_NEW_TERM
2019-10-15 21:44:34,283 [2e9fa5e4-44d4-40da-9b1b-fd170634e70a@group-39CA588449F8-LeaderElection60] INFO  impl.RoleInfo (RoleInfo.java:shutdownLeaderElection(134)) - 2e9fa5e4-44d4-40da-9b1b-fd170634e70a: shutdown LeaderElection
2019-10-15 21:44:34,283 [2e9fa5e4-44d4-40da-9b1b-fd170634e70a@group-39CA588449F8-LeaderElection60] INFO  impl.RoleInfo (RoleInfo.java:updateAndGet(143)) - 2e9fa5e4-44d4-40da-9b1b-fd170634e70a: start FollowerState
2019-10-15 21:44:34,364 [Thread-970] INFO  impl.FollowerState (FollowerState.java:run(108)) - 2e9fa5e4-44d4-40da-9b1b-fd170634e70a@group-39CA588449F8-FollowerState: change to CANDIDATE, lastRpcTime:81ms, electionTimeout:81ms
2019-10-15 21:44:34,364 [Thread-970] INFO  impl.RoleInfo (RoleInfo.java:shutdownFollowerState(121)) - 2e9fa5e4-44d4-40da-9b1b-fd170634e70a: shutdown FollowerState
2019-10-15 21:44:34,364 [Thread-970] INFO  impl.RaftServerImpl (RaftServerImpl.java:setRole(184)) - 2e9fa5e4-44d4-40da-9b1b-fd170634e70a@group-39CA588449F8: changes role from  FOLLOWER to CANDIDATE at term 63 for changeToCandidate
2019-10-15 21:44:34,365 [Thread-970] INFO  impl.RoleInfo (RoleInfo.java:updateAndGet(143)) - 2e9fa5e4-44d4-40da-9b1b-fd170634e70a: start LeaderElection
2019-10-15 21:44:34,378 [2e9fa5e4-44d4-40da-9b1b-fd170634e70a@group-39CA588449F8-LeaderElection61] INFO  impl.LeaderElection (LeaderElection.java:askForVotes(178)) - 2e9fa5e4-44d4-40da-9b1b-fd170634e70a@group-39CA588449F8-LeaderElection61: begin an election at term 64 for 0: [2e9fa5e4-44d4-40da-9b1b-fd170634e70a:192.168.34.60:33194, 11421ab1-19cb-4764-b505-ce794efeb49e:192.168.34.60:42577, f0d7c07d-0c9c-43c9-b90d-f56b2a8a0f48:192.168.34.60:40619], old=null
2019-10-15 21:44:34,381 [grpc-default-executor-3] INFO  impl.RaftServerImpl (RaftServerImpl.java:setRole(184)) - f0d7c07d-0c9c-43c9-b90d-f56b2a8a0f48@group-39CA588449F8: changes role from  FOLLOWER to FOLLOWER at term 64 for recognizeCandidate:2e9fa5e4-44d4-40da-9b1b-fd170634e70a
2019-10-15 21:44:34,381 [grpc-default-executor-5] INFO  impl.RaftServerImpl (RaftServerImpl.java:setRole(184)) - 11421ab1-19cb-4764-b505-ce794efeb49e@group-39CA588449F8: changes role from  FOLLOWER to FOLLOWER at term 64 for recognizeCandidate:2e9fa5e4-44d4-40da-9b1b-fd170634e70a
2019-10-15 21:44:34,381 [grpc-default-executor-3] INFO  impl.RoleInfo (RoleInfo.java:shutdownFollowerState(121)) - f0d7c07d-0c9c-43c9-b90d-f56b2a8a0f48: shutdown FollowerState
2019-10-15 21:44:34,382 [grpc-default-executor-5] INFO  impl.RoleInfo (RoleInfo.java:shutdownFollowerState(121)) - 11421ab1-19cb-4764-b505-ce794efeb49e: shutdown FollowerState
2019-10-15 21:44:34,382 [Thread-969] INFO  impl.FollowerState (FollowerState.java:run(117)) - f0d7c07d-0c9c-43c9-b90d-f56b2a8a0f48@group-39CA588449F8-FollowerState was interrupted: java.lang.InterruptedException: sleep interrupted
2019-10-15 21:44:34,382 [grpc-default-executor-3] INFO  impl.RoleInfo (RoleInfo.java:updateAndGet(143)) - f0d7c07d-0c9c-43c9-b90d-f56b2a8a0f48: start FollowerState
2019-10-15 21:44:34,382 [Thread-968] INFO  impl.FollowerState (FollowerState.java:run(117)) - 11421ab1-19cb-4764-b505-ce794efeb49e@group-39CA588449F8-FollowerState was interrupted: java.lang.InterruptedException: sleep interrupted
2019-10-15 21:44:34,382 [grpc-default-executor-5] INFO  impl.RoleInfo (RoleInfo.java:updateAndGet(143)) - 11421ab1-19cb-4764-b505-ce794efeb49e: start FollowerState
2019-10-15 21:44:34,397 [2e9fa5e4-44d4-40da-9b1b-fd170634e70a@group-39CA588449F8-LeaderElection61] INFO  impl.LeaderElection (LeaderElection.java:logAndReturn(56)) - 2e9fa5e4-44d4-40da-9b1b-fd170634e70a@group-39CA588449F8-LeaderElection61: Election REJECTED; received 2 response(s) [2e9fa5e4-44d4-40da-9b1b-fd170634e70a<-11421ab1-19cb-4764-b505-ce794efeb49e#0:FAIL-t64, 2e9fa5e4-44d4-40da-9b1b-fd170634e70a<-f0d7c07d-0c9c-43c9-b90d-f56b2a8a0f48#0:FAIL-t64] and 0 exception(s); 2e9fa5e4-44d4-40da-9b1b-fd170634e70a@group-39CA588449F8:t64, leader=null, voted=2e9fa5e4-44d4-40da-9b1b-fd170634e70a, raftlog=2e9fa5e4-44d4-40da-9b1b-fd170634e70a@group-39CA588449F8-SegmentedRaftLog:OPENED:c3,f4,i4, conf=0: [2e9fa5e4-44d4-40da-9b1b-fd170634e70a:192.168.34.60:33194, 11421ab1-19cb-4764-b505-ce794efeb49e:192.168.34.60:42577, f0d7c07d-0c9c-43c9-b90d-f56b2a8a0f48:192.168.34.60:40619], old=null
2019-10-15 21:44:34,397 [2e9fa5e4-44d4-40da-9b1b-fd170634e70a@group-39CA588449F8-LeaderElection61] INFO  impl.RaftServerImpl (RaftServerImpl.java:setRole(184)) - 2e9fa5e4-44d4-40da-9b1b-fd170634e70a@group-39CA588449F8: changes role from CANDIDATE to FOLLOWER at term 64 for DISCOVERED_A_NEW_TERM
2019-10-15 21:44:34,397 [2e9fa5e4-44d4-40da-9b1b-fd170634e70a@group-39CA588449F8-LeaderElection61] INFO  impl.RoleInfo (RoleInfo.java:shutdownLeaderElection(134)) - 2e9fa5e4-44d4-40da-9b1b-fd170634e70a: shutdown LeaderElection
2019-10-15 21:44:34,398 [2e9fa5e4-44d4-40da-9b1b-fd170634e70a@group-39CA588449F8-LeaderElection61] INFO  impl.RoleInfo (RoleInfo.java:updateAndGet(143)) - 2e9fa5e4-44d4-40da-9b1b-fd170634e70a: start FollowerState
2019-10-15 21:44:34,435 [Thread-976] INFO  impl.FollowerState (FollowerState.java:run(108)) - 2e9fa5e4-44d4-40da-9b1b-fd170634e70a@group-39CA588449F8-FollowerState: change to CANDIDATE, lastRpcTime:37ms, electionTimeout:37ms
2019-10-15 21:44:34,435 [Thread-976] INFO  impl.RoleInfo (RoleInfo.java:shutdownFollowerState(121)) - 2e9fa5e4-44d4-40da-9b1b-fd170634e70a: shutdown FollowerState
2019-10-15 21:44:34,435 [Thread-976] INFO  impl.RaftServerImpl (RaftServerImpl.java:setRole(184)) - 2e9fa5e4-44d4-40da-9b1b-fd170634e70a@group-39CA588449F8: changes role from  FOLLOWER to CANDIDATE at term 64 for changeToCandidate
2019-10-15 21:44:34,436 [Thread-976] INFO  impl.RoleInfo (RoleInfo.java:updateAndGet(143)) - 2e9fa5e4-44d4-40da-9b1b-fd170634e70a: start LeaderElection
2019-10-15 21:44:34,450 [2e9fa5e4-44d4-40da-9b1b-fd170634e70a@group-39CA588449F8-LeaderElection62] INFO  impl.LeaderElection (LeaderElection.java:askForVotes(178)) - 2e9fa5e4-44d4-40da-9b1b-fd170634e70a@group-39CA588449F8-LeaderElection62: begin an election at term 65 for 0: [2e9fa5e4-44d4-40da-9b1b-fd170634e70a:192.168.34.60:33194, 11421ab1-19cb-4764-b505-ce794efeb49e:192.168.34.60:42577, f0d7c07d-0c9c-43c9-b90d-f56b2a8a0f48:192.168.34.60:40619], old=null
2019-10-15 21:44:34,452 [grpc-default-executor-3] INFO  impl.RaftServerImpl (RaftServerImpl.java:setRole(184)) - f0d7c07d-0c9c-43c9-b90d-f56b2a8a0f48@group-39CA588449F8: changes role from  FOLLOWER to FOLLOWER at term 65 for recognizeCandidate:2e9fa5e4-44d4-40da-9b1b-fd170634e70a
2019-10-15 21:44:34,452 [grpc-default-executor-3] INFO  impl.RoleInfo (RoleInfo.java:shutdownFollowerState(121)) - f0d7c07d-0c9c-43c9-b90d-f56b2a8a0f48: shutdown FollowerState
2019-10-15 21:44:34,452 [grpc-default-executor-3] INFO  impl.RoleInfo (RoleInfo.java:updateAndGet(143)) - f0d7c07d-0c9c-43c9-b90d-f56b2a8a0f48: start FollowerState
2019-10-15 21:44:34,452 [Thread-974] INFO  impl.FollowerState (FollowerState.java:run(117)) - f0d7c07d-0c9c-43c9-b90d-f56b2a8a0f48@group-39CA588449F8-FollowerState was interrupted: java.lang.InterruptedException: sleep interrupted
2019-10-15 21:44:34,452 [grpc-default-executor-5] INFO  impl.RaftServerImpl (RaftServerImpl.java:setRole(184)) - 11421ab1-19cb-4764-b505-ce794efeb49e@group-39CA588449F8: changes role from  FOLLOWER to FOLLOWER at term 65 for recognizeCandidate:2e9fa5e4-44d4-40da-9b1b-fd170634e70a
2019-10-15 21:44:34,452 [grpc-default-executor-5] INFO  impl.RoleInfo (RoleInfo.java:shutdownFollowerState(121)) - 11421ab1-19cb-4764-b505-ce794efeb49e: shutdown FollowerState
2019-10-15 21:44:34,453 [grpc-default-executor-5] INFO  impl.RoleInfo (RoleInfo.java:updateAndGet(143)) - 11421ab1-19cb-4764-b505-ce794efeb49e: start FollowerState
2019-10-15 21:44:34,453 [Thread-975] INFO  impl.FollowerState (FollowerState.java:run(117)) - 11421ab1-19cb-4764-b505-ce794efeb49e@group-39CA588449F8-FollowerState was interrupted: java.lang.InterruptedException: sleep interrupted
2019-10-15 21:44:34,466 [2e9fa5e4-44d4-40da-9b1b-fd170634e70a@group-39CA588449F8-LeaderElection62] INFO  impl.LeaderElection (LeaderElection.java:logAndReturn(56)) - 2e9fa5e4-44d4-40da-9b1b-fd170634e70a@group-39CA588449F8-LeaderElection62: Election REJECTED; received 2 response(s) [2e9fa5e4-44d4-40da-9b1b-fd170634e70a<-11421ab1-19cb-4764-b505-ce794efeb49e#0:FAIL-t65, 2e9fa5e4-44d4-40da-9b1b-fd170634e70a<-f0d7c07d-0c9c-43c9-b90d-f56b2a8a0f48#0:FAIL-t65] and 0 exception(s); 2e9fa5e4-44d4-40da-9b1b-fd170634e70a@group-39CA588449F8:t65, leader=null, voted=2e9fa5e4-44d4-40da-9b1b-fd170634e70a, raftlog=2e9fa5e4-44d4-40da-9b1b-fd170634e70a@group-39CA588449F8-SegmentedRaftLog:OPENED:c3,f4,i4, conf=0: [2e9fa5e4-44d4-40da-9b1b-fd170634e70a:192.168.34.60:33194, 11421ab1-19cb-4764-b505-ce794efeb49e:192.168.34.60:42577, f0d7c07d-0c9c-43c9-b90d-f56b2a8a0f48:192.168.34.60:40619], old=null
2019-10-15 21:44:34,467 [2e9fa5e4-44d4-40da-9b1b-fd170634e70a@group-39CA588449F8-LeaderElection62] INFO  impl.RaftServerImpl (RaftServerImpl.java:setRole(184)) - 2e9fa5e4-44d4-40da-9b1b-fd170634e70a@group-39CA588449F8: changes role from CANDIDATE to FOLLOWER at term 65 for DISCOVERED_A_NEW_TERM
2019-10-15 21:44:34,467 [2e9fa5e4-44d4-40da-9b1b-fd170634e70a@group-39CA588449F8-LeaderElection62] INFO  impl.RoleInfo (RoleInfo.java:shutdownLeaderElection(134)) - 2e9fa5e4-44d4-40da-9b1b-fd170634e70a: shutdown LeaderElection
2019-10-15 21:44:34,467 [2e9fa5e4-44d4-40da-9b1b-fd170634e70a@group-39CA588449F8-LeaderElection62] INFO  impl.RoleInfo (RoleInfo.java:updateAndGet(143)) - 2e9fa5e4-44d4-40da-9b1b-fd170634e70a: start FollowerState
2019-10-15 21:44:34,585 [Thread-982] INFO  impl.FollowerState (FollowerState.java:run(108)) - 2e9fa5e4-44d4-40da-9b1b-fd170634e70a@group-39CA588449F8-FollowerState: change to CANDIDATE, lastRpcTime:118ms, electionTimeout:118ms
2019-10-15 21:44:34,586 [Thread-982] INFO  impl.RoleInfo (RoleInfo.java:shutdownFollowerState(121)) - 2e9fa5e4-44d4-40da-9b1b-fd170634e70a: shutdown FollowerState
2019-10-15 21:44:34,586 [Thread-982] INFO  impl.RaftServerImpl (RaftServerImpl.java:setRole(184)) - 2e9fa5e4-44d4-40da-9b1b-fd170634e70a@group-39CA588449F8: changes role from  FOLLOWER to CANDIDATE at term 65 for changeToCandidate
2019-10-15 21:44:34,586 [Thread-982] INFO  impl.RoleInfo (RoleInfo.java:updateAndGet(143)) - 2e9fa5e4-44d4-40da-9b1b-fd170634e70a: start LeaderElection
2019-10-15 21:44:34,592 [BlockDeletingService#2] WARN  background.BlockDeletingService (BlockDeletingService.java:isDeletionAllowed(187)) - Close Container log Index 6 is not replicated across allthe servers in the pipeline a3e553f0-b812-4dfc-8692-39ca588449f8 as the min replicated index is 4. Deletion is not allowed in this container yet.
2019-10-15 21:44:34,592 [BlockDeletingService#2] WARN  background.BlockDeletingService (BlockDeletingService.java:isDeletionAllowed(187)) - Close Container log Index 6 is not replicated across allthe servers in the pipeline a3e553f0-b812-4dfc-8692-39ca588449f8 as the min replicated index is 4. Deletion is not allowed in this container yet.
2019-10-15 21:44:34,600 [2e9fa5e4-44d4-40da-9b1b-fd170634e70a@group-39CA588449F8-LeaderElection63] INFO  impl.LeaderElection (LeaderElection.java:askForVotes(178)) - 2e9fa5e4-44d4-40da-9b1b-fd170634e70a@group-39CA588449F8-LeaderElection63: begin an election at term 66 for 0: [2e9fa5e4-44d4-40da-9b1b-fd170634e70a:192.168.34.60:33194, 11421ab1-19cb-4764-b505-ce794efeb49e:192.168.34.60:42577, f0d7c07d-0c9c-43c9-b90d-f56b2a8a0f48:192.168.34.60:40619], old=null
2019-10-15 21:44:34,602 [grpc-default-executor-5] INFO  impl.RaftServerImpl (RaftServerImpl.java:setRole(184)) - 11421ab1-19cb-4764-b505-ce794efeb49e@group-39CA588449F8: changes role from  FOLLOWER to FOLLOWER at term 66 for recognizeCandidate:2e9fa5e4-44d4-40da-9b1b-fd170634e70a
2019-10-15 21:44:34,603 [grpc-default-executor-5] INFO  impl.RoleInfo (RoleInfo.java:shutdownFollowerState(121)) - 11421ab1-19cb-4764-b505-ce794efeb49e: shutdown FollowerState
2019-10-15 21:44:34,603 [grpc-default-executor-5] INFO  impl.RoleInfo (RoleInfo.java:updateAndGet(143)) - 11421ab1-19cb-4764-b505-ce794efeb49e: start FollowerState
2019-10-15 21:44:34,603 [Thread-981] INFO  impl.FollowerState (FollowerState.java:run(117)) - 11421ab1-19cb-4764-b505-ce794efeb49e@group-39CA588449F8-FollowerState was interrupted: java.lang.InterruptedException: sleep interrupted
2019-10-15 21:44:34,603 [grpc-default-executor-3] INFO  impl.RaftServerImpl (RaftServerImpl.java:setRole(184)) - f0d7c07d-0c9c-43c9-b90d-f56b2a8a0f48@group-39CA588449F8: changes role from  FOLLOWER to FOLLOWER at term 66 for recognizeCandidate:2e9fa5e4-44d4-40da-9b1b-fd170634e70a
2019-10-15 21:44:34,603 [grpc-default-executor-3] INFO  impl.RoleInfo (RoleInfo.java:shutdownFollowerState(121)) - f0d7c07d-0c9c-43c9-b90d-f56b2a8a0f48: shutdown FollowerState
2019-10-15 21:44:34,603 [grpc-default-executor-3] INFO  impl.RoleInfo (RoleInfo.java:updateAndGet(143)) - f0d7c07d-0c9c-43c9-b90d-f56b2a8a0f48: start FollowerState
2019-10-15 21:44:34,603 [Thread-980] INFO  impl.FollowerState (FollowerState.java:run(117)) - f0d7c07d-0c9c-43c9-b90d-f56b2a8a0f48@group-39CA588449F8-FollowerState was interrupted: java.lang.InterruptedException: sleep interrupted
2019-10-15 21:44:34,618 [2e9fa5e4-44d4-40da-9b1b-fd170634e70a@group-39CA588449F8-LeaderElection63] INFO  impl.LeaderElection (LeaderElection.java:logAndReturn(56)) - 2e9fa5e4-44d4-40da-9b1b-fd170634e70a@group-39CA588449F8-LeaderElection63: Election TIMEOUT; received 0 response(s) [] and 0 exception(s); 2e9fa5e4-44d4-40da-9b1b-fd170634e70a@group-39CA588449F8:t66, leader=null, voted=2e9fa5e4-44d4-40da-9b1b-fd170634e70a, raftlog=2e9fa5e4-44d4-40da-9b1b-fd170634e70a@group-39CA588449F8-SegmentedRaftLog:OPENED:c3,f4,i4, conf=0: [2e9fa5e4-44d4-40da-9b1b-fd170634e70a:192.168.34.60:33194, 11421ab1-19cb-4764-b505-ce794efeb49e:192.168.34.60:42577, f0d7c07d-0c9c-43c9-b90d-f56b2a8a0f48:192.168.34.60:40619], old=null
2019-10-15 21:44:34,631 [2e9fa5e4-44d4-40da-9b1b-fd170634e70a@group-39CA588449F8-LeaderElection63] INFO  impl.LeaderElection (LeaderElection.java:askForVotes(178)) - 2e9fa5e4-44d4-40da-9b1b-fd170634e70a@group-39CA588449F8-LeaderElection63: begin an election at term 67 for 0: [2e9fa5e4-44d4-40da-9b1b-fd170634e70a:192.168.34.60:33194, 11421ab1-19cb-4764-b505-ce794efeb49e:192.168.34.60:42577, f0d7c07d-0c9c-43c9-b90d-f56b2a8a0f48:192.168.34.60:40619], old=null
2019-10-15 21:44:34,634 [grpc-default-executor-3] INFO  impl.RaftServerImpl (RaftServerImpl.java:setRole(184)) - 11421ab1-19cb-4764-b505-ce794efeb49e@group-39CA588449F8: changes role from  FOLLOWER to FOLLOWER at term 67 for recognizeCandidate:2e9fa5e4-44d4-40da-9b1b-fd170634e70a
2019-10-15 21:44:34,634 [grpc-default-executor-3] INFO  impl.RoleInfo (RoleInfo.java:shutdownFollowerState(121)) - 11421ab1-19cb-4764-b505-ce794efeb49e: shutdown FollowerState
2019-10-15 21:44:34,634 [grpc-default-executor-5] INFO  impl.RaftServerImpl (RaftServerImpl.java:setRole(184)) - f0d7c07d-0c9c-43c9-b90d-f56b2a8a0f48@group-39CA588449F8: changes role from  FOLLOWER to FOLLOWER at term 67 for recognizeCandidate:2e9fa5e4-44d4-40da-9b1b-fd170634e70a
2019-10-15 21:44:34,635 [Thread-988] INFO  impl.FollowerState (FollowerState.java:run(117)) - 11421ab1-19cb-4764-b505-ce794efeb49e@group-39CA588449F8-FollowerState was interrupted: java.lang.InterruptedException: sleep interrupted
2019-10-15 21:44:34,635 [grpc-default-executor-3] INFO  impl.RoleInfo (RoleInfo.java:updateAndGet(143)) - 11421ab1-19cb-4764-b505-ce794efeb49e: start FollowerState
2019-10-15 21:44:34,635 [grpc-default-executor-5] INFO  impl.RoleInfo (RoleInfo.java:shutdownFollowerState(121)) - f0d7c07d-0c9c-43c9-b90d-f56b2a8a0f48: shutdown FollowerState
2019-10-15 21:44:34,635 [grpc-default-executor-5] INFO  impl.RoleInfo (RoleInfo.java:updateAndGet(143)) - f0d7c07d-0c9c-43c9-b90d-f56b2a8a0f48: start FollowerState
2019-10-15 21:44:34,635 [Thread-989] INFO  impl.FollowerState (FollowerState.java:run(117)) - f0d7c07d-0c9c-43c9-b90d-f56b2a8a0f48@group-39CA588449F8-FollowerState was interrupted: java.lang.InterruptedException: sleep interrupted
2019-10-15 21:44:34,660 [2e9fa5e4-44d4-40da-9b1b-fd170634e70a@group-39CA588449F8-LeaderElection63] INFO  impl.LeaderElection (LeaderElection.java:logAndReturn(56)) - 2e9fa5e4-44d4-40da-9b1b-fd170634e70a@group-39CA588449F8-LeaderElection63: Election REJECTED; received 2 response(s) [2e9fa5e4-44d4-40da-9b1b-fd170634e70a<-11421ab1-19cb-4764-b505-ce794efeb49e#0:FAIL-t67, 2e9fa5e4-44d4-40da-9b1b-fd170634e70a<-f0d7c07d-0c9c-43c9-b90d-f56b2a8a0f48#0:FAIL-t67] and 0 exception(s); 2e9fa5e4-44d4-40da-9b1b-fd170634e70a@group-39CA588449F8:t67, leader=null, voted=2e9fa5e4-44d4-40da-9b1b-fd170634e70a, raftlog=2e9fa5e4-44d4-40da-9b1b-fd170634e70a@group-39CA588449F8-SegmentedRaftLog:OPENED:c3,f4,i4, conf=0: [2e9fa5e4-44d4-40da-9b1b-fd170634e70a:192.168.34.60:33194, 11421ab1-19cb-4764-b505-ce794efeb49e:192.168.34.60:42577, f0d7c07d-0c9c-43c9-b90d-f56b2a8a0f48:192.168.34.60:40619], old=null
2019-10-15 21:44:34,661 [2e9fa5e4-44d4-40da-9b1b-fd170634e70a@group-39CA588449F8-LeaderElection63] INFO  impl.RaftServerImpl (RaftServerImpl.java:setRole(184)) - 2e9fa5e4-44d4-40da-9b1b-fd170634e70a@group-39CA588449F8: changes role from CANDIDATE to FOLLOWER at term 67 for DISCOVERED_A_NEW_TERM
2019-10-15 21:44:34,661 [2e9fa5e4-44d4-40da-9b1b-fd170634e70a@group-39CA588449F8-LeaderElection63] INFO  impl.RoleInfo (RoleInfo.java:shutdownLeaderElection(134)) - 2e9fa5e4-44d4-40da-9b1b-fd170634e70a: shutdown LeaderElection
2019-10-15 21:44:34,661 [2e9fa5e4-44d4-40da-9b1b-fd170634e70a@group-39CA588449F8-LeaderElection63] INFO  impl.RoleInfo (RoleInfo.java:updateAndGet(143)) - 2e9fa5e4-44d4-40da-9b1b-fd170634e70a: start FollowerState
2019-10-15 21:44:34,768 [Thread-994] INFO  impl.FollowerState (FollowerState.java:run(108)) - 2e9fa5e4-44d4-40da-9b1b-fd170634e70a@group-39CA588449F8-FollowerState: change to CANDIDATE, lastRpcTime:105ms, electionTimeout:103ms
2019-10-15 21:44:34,780 [Thread-994] INFO  impl.RoleInfo (RoleInfo.java:shutdownFollowerState(121)) - 2e9fa5e4-44d4-40da-9b1b-fd170634e70a: shutdown FollowerState
2019-10-15 21:44:34,780 [Thread-994] INFO  impl.RaftServerImpl (RaftServerImpl.java:setRole(184)) - 2e9fa5e4-44d4-40da-9b1b-fd170634e70a@group-39CA588449F8: changes role from  FOLLOWER to CANDIDATE at term 67 for changeToCandidate
2019-10-15 21:44:34,781 [Thread-994] INFO  impl.RoleInfo (RoleInfo.java:updateAndGet(143)) - 2e9fa5e4-44d4-40da-9b1b-fd170634e70a: start LeaderElection
2019-10-15 21:44:34,795 [2e9fa5e4-44d4-40da-9b1b-fd170634e70a@group-39CA588449F8-LeaderElection64] INFO  impl.LeaderElection (LeaderElection.java:askForVotes(178)) - 2e9fa5e4-44d4-40da-9b1b-fd170634e70a@group-39CA588449F8-LeaderElection64: begin an election at term 68 for 0: [2e9fa5e4-44d4-40da-9b1b-fd170634e70a:192.168.34.60:33194, 11421ab1-19cb-4764-b505-ce794efeb49e:192.168.34.60:42577, f0d7c07d-0c9c-43c9-b90d-f56b2a8a0f48:192.168.34.60:40619], old=null
2019-10-15 21:44:34,798 [grpc-default-executor-3] INFO  impl.RaftServerImpl (RaftServerImpl.java:setRole(184)) - 11421ab1-19cb-4764-b505-ce794efeb49e@group-39CA588449F8: changes role from  FOLLOWER to FOLLOWER at term 68 for recognizeCandidate:2e9fa5e4-44d4-40da-9b1b-fd170634e70a
2019-10-15 21:44:34,798 [grpc-default-executor-3] INFO  impl.RoleInfo (RoleInfo.java:shutdownFollowerState(121)) - 11421ab1-19cb-4764-b505-ce794efeb49e: shutdown FollowerState
2019-10-15 21:44:34,798 [grpc-default-executor-5] INFO  impl.RaftServerImpl (RaftServerImpl.java:setRole(184)) - f0d7c07d-0c9c-43c9-b90d-f56b2a8a0f48@group-39CA588449F8: changes role from  FOLLOWER to FOLLOWER at term 68 for recognizeCandidate:2e9fa5e4-44d4-40da-9b1b-fd170634e70a
2019-10-15 21:44:34,798 [Thread-992] INFO  impl.FollowerState (FollowerState.java:run(117)) - 11421ab1-19cb-4764-b505-ce794efeb49e@group-39CA588449F8-FollowerState was interrupted: java.lang.InterruptedException: sleep interrupted
2019-10-15 21:44:34,798 [grpc-default-executor-3] INFO  impl.RoleInfo (RoleInfo.java:updateAndGet(143)) - 11421ab1-19cb-4764-b505-ce794efeb49e: start FollowerState
2019-10-15 21:44:34,799 [grpc-default-executor-5] INFO  impl.RoleInfo (RoleInfo.java:shutdownFollowerState(121)) - f0d7c07d-0c9c-43c9-b90d-f56b2a8a0f48: shutdown FollowerState
2019-10-15 21:44:34,799 [grpc-default-executor-5] INFO  impl.RoleInfo (RoleInfo.java:updateAndGet(143)) - f0d7c07d-0c9c-43c9-b90d-f56b2a8a0f48: start FollowerState
2019-10-15 21:44:34,799 [Thread-993] INFO  impl.FollowerState (FollowerState.java:run(117)) - f0d7c07d-0c9c-43c9-b90d-f56b2a8a0f48@group-39CA588449F8-FollowerState was interrupted: java.lang.InterruptedException: sleep interrupted
2019-10-15 21:44:34,804 [2e9fa5e4-44d4-40da-9b1b-fd170634e70a@group-39CA588449F8-LeaderElection64] INFO  impl.LeaderElection (LeaderElection.java:logAndReturn(56)) - 2e9fa5e4-44d4-40da-9b1b-fd170634e70a@group-39CA588449F8-LeaderElection64: Election REJECTED; received 2 response(s) [2e9fa5e4-44d4-40da-9b1b-fd170634e70a<-11421ab1-19cb-4764-b505-ce794efeb49e#0:FAIL-t68, 2e9fa5e4-44d4-40da-9b1b-fd170634e70a<-f0d7c07d-0c9c-43c9-b90d-f56b2a8a0f48#0:FAIL-t68] and 0 exception(s); 2e9fa5e4-44d4-40da-9b1b-fd170634e70a@group-39CA588449F8:t68, leader=null, voted=2e9fa5e4-44d4-40da-9b1b-fd170634e70a, raftlog=2e9fa5e4-44d4-40da-9b1b-fd170634e70a@group-39CA588449F8-SegmentedRaftLog:OPENED:c3,f4,i4, conf=0: [2e9fa5e4-44d4-40da-9b1b-fd170634e70a:192.168.34.60:33194, 11421ab1-19cb-4764-b505-ce794efeb49e:192.168.34.60:42577, f0d7c07d-0c9c-43c9-b90d-f56b2a8a0f48:192.168.34.60:40619], old=null
2019-10-15 21:44:34,804 [2e9fa5e4-44d4-40da-9b1b-fd170634e70a@group-39CA588449F8-LeaderElection64] INFO  impl.RaftServerImpl (RaftServerImpl.java:setRole(184)) - 2e9fa5e4-44d4-40da-9b1b-fd170634e70a@group-39CA588449F8: changes role from CANDIDATE to FOLLOWER at term 68 for DISCOVERED_A_NEW_TERM
2019-10-15 21:44:34,804 [2e9fa5e4-44d4-40da-9b1b-fd170634e70a@group-39CA588449F8-LeaderElection64] INFO  impl.RoleInfo (RoleInfo.java:shutdownLeaderElection(134)) - 2e9fa5e4-44d4-40da-9b1b-fd170634e70a: shutdown LeaderElection
2019-10-15 21:44:34,804 [2e9fa5e4-44d4-40da-9b1b-fd170634e70a@group-39CA588449F8-LeaderElection64] INFO  impl.RoleInfo (RoleInfo.java:updateAndGet(143)) - 2e9fa5e4-44d4-40da-9b1b-fd170634e70a: start FollowerState
]]></system-out>
    <system-err><![CDATA[ERROR StatusLogger No Log4j 2 configuration file found. Using default configuration (logging only errors to the console), or user programmatically provided configurations. Set system property 'log4j2.debug' to show Log4j 2 internal initialization logging. See https://logging.apache.org/log4j/2.x/manual/configuration.html for instructions on how to configure Log4j 2
Oct 15, 2019 9:42:49 PM org.apache.ratis.thirdparty.io.grpc.internal.SerializingExecutor run
SEVERE: Exception while executing runnable org.apache.ratis.thirdparty.io.grpc.internal.ServerImpl$JumpToApplicationThreadServerStreamListener$1Closed@5fe2a923
org.apache.ratis.thirdparty.io.grpc.StatusRuntimeException: CANCELLED: call already cancelled
	at org.apache.ratis.thirdparty.io.grpc.Status.asRuntimeException(Status.java:517)
	at org.apache.ratis.thirdparty.io.grpc.stub.ServerCalls$ServerCallStreamObserverImpl.onCompleted(ServerCalls.java:356)
	at org.apache.ratis.grpc.server.GrpcServerProtocolService$ServerRequestStreamObserver.onError(GrpcServerProtocolService.java:121)
	at org.apache.ratis.thirdparty.io.grpc.stub.ServerCalls$StreamingServerCallHandler$StreamingServerCallListener.onCancel(ServerCalls.java:269)
	at org.apache.ratis.thirdparty.io.grpc.internal.ServerCallImpl$ServerStreamListenerImpl.closed(ServerCallImpl.java:293)
	at org.apache.ratis.thirdparty.io.grpc.internal.ServerImpl$JumpToApplicationThreadServerStreamListener$1Closed.runInContext(ServerImpl.java:741)
	at org.apache.ratis.thirdparty.io.grpc.internal.ContextRunnable.run(ContextRunnable.java:37)
	at org.apache.ratis.thirdparty.io.grpc.internal.SerializingExecutor.run(SerializingExecutor.java:123)
	at java.util.concurrent.ThreadPoolExecutor.runWorker(ThreadPoolExecutor.java:1149)
	at java.util.concurrent.ThreadPoolExecutor$Worker.run(ThreadPoolExecutor.java:624)
	at java.lang.Thread.run(Thread.java:748)

Oct 15, 2019 9:42:49 PM org.apache.ratis.thirdparty.io.grpc.internal.SerializingExecutor run
SEVERE: Exception while executing runnable org.apache.ratis.thirdparty.io.grpc.internal.ClientCallImpl$ClientStreamListenerImpl$1StreamClosed@4320138
java.lang.NullPointerException
	at org.apache.ratis.grpc.server.GrpcLogAppender$AppendLogResponseHandler.onError(GrpcLogAppender.java:303)
	at org.apache.ratis.thirdparty.io.grpc.stub.ClientCalls$StreamObserverToCallListenerAdapter.onClose(ClientCalls.java:434)
	at org.apache.ratis.thirdparty.io.grpc.PartialForwardingClientCallListener.onClose(PartialForwardingClientCallListener.java:39)
	at org.apache.ratis.thirdparty.io.grpc.ForwardingClientCallListener.onClose(ForwardingClientCallListener.java:23)
	at org.apache.ratis.thirdparty.io.grpc.ForwardingClientCallListener$SimpleForwardingClientCallListener.onClose(ForwardingClientCallListener.java:40)
	at org.apache.ratis.thirdparty.io.grpc.internal.CensusStatsModule$StatsClientInterceptor$1$1.onClose(CensusStatsModule.java:678)
	at org.apache.ratis.thirdparty.io.grpc.PartialForwardingClientCallListener.onClose(PartialForwardingClientCallListener.java:39)
	at org.apache.ratis.thirdparty.io.grpc.ForwardingClientCallListener.onClose(ForwardingClientCallListener.java:23)
	at org.apache.ratis.thirdparty.io.grpc.ForwardingClientCallListener$SimpleForwardingClientCallListener.onClose(ForwardingClientCallListener.java:40)
	at org.apache.ratis.thirdparty.io.grpc.internal.CensusTracingModule$TracingClientInterceptor$1$1.onClose(CensusTracingModule.java:397)
	at org.apache.ratis.thirdparty.io.grpc.internal.ClientCallImpl.closeObserver(ClientCallImpl.java:459)
	at org.apache.ratis.thirdparty.io.grpc.internal.ClientCallImpl.access$300(ClientCallImpl.java:63)
	at org.apache.ratis.thirdparty.io.grpc.internal.ClientCallImpl$ClientStreamListenerImpl.close(ClientCallImpl.java:546)
	at org.apache.ratis.thirdparty.io.grpc.internal.ClientCallImpl$ClientStreamListenerImpl.access$600(ClientCallImpl.java:467)
	at org.apache.ratis.thirdparty.io.grpc.internal.ClientCallImpl$ClientStreamListenerImpl$1StreamClosed.runInContext(ClientCallImpl.java:584)
	at org.apache.ratis.thirdparty.io.grpc.internal.ContextRunnable.run(ContextRunnable.java:37)
	at org.apache.ratis.thirdparty.io.grpc.internal.SerializingExecutor.run(SerializingExecutor.java:123)
	at java.util.concurrent.ThreadPoolExecutor.runWorker(ThreadPoolExecutor.java:1149)
	at java.util.concurrent.ThreadPoolExecutor$Worker.run(ThreadPoolExecutor.java:624)
	at java.lang.Thread.run(Thread.java:748)

]]></system-err>
  </testcase>
</testsuite>