<?xml version="1.0" encoding="UTF-8"?>
<testsuite xmlns:xsi="http://www.w3.org/2001/XMLSchema-instance" xsi:noNamespaceSchemaLocation="https://maven.apache.org/surefire/maven-surefire-plugin/xsd/surefire-test-report.xsd" name="org.apache.hadoop.ozone.client.rpc.TestWatchForCommit" time="265.078" tests="5" errors="1" skipped="0" failures="0">
  <properties>
    <property name="awt.toolkit" value="sun.awt.X11.XToolkit"/>
    <property name="file.encoding.pkg" value="sun.io"/>
    <property name="java.specification.version" value="1.8"/>
    <property name="sun.cpu.isalist" value=""/>
    <property name="sun.jnu.encoding" value="UTF-8"/>
    <property name="java.class.path" value="/workdir/hadoop-ozone/integration-test/target/test-classes:/workdir/hadoop-ozone/integration-test/target/classes:/home/user/.m2/repository/org/apache/hadoop/hadoop-ozone-common/0.5.0-SNAPSHOT/hadoop-ozone-common-0.5.0-SNAPSHOT.jar:/home/user/.m2/repository/org/apache/commons/commons-compress/1.4.1/commons-compress-1.4.1.jar:/home/user/.m2/repository/org/tukaani/xz/1.0/xz-1.0.jar:/home/user/.m2/repository/org/apache/hadoop/hadoop-common/3.2.0/hadoop-common-3.2.0.jar:/home/user/.m2/repository/org/apache/hadoop/hadoop-hdfs/3.2.0/hadoop-hdfs-3.2.0.jar:/home/user/.m2/repository/org/apache/hadoop/hadoop-hdfs-client/3.2.0/hadoop-hdfs-client-3.2.0.jar:/home/user/.m2/repository/com/fasterxml/jackson/core/jackson-annotations/2.9.9/jackson-annotations-2.9.9.jar:/home/user/.m2/repository/org/apache/hadoop/hadoop-hdds-common/0.5.0-SNAPSHOT/hadoop-hdds-common-0.5.0-SNAPSHOT.jar:/home/user/.m2/repository/javax/annotation/javax.annotation-api/1.2/javax.annotation-api-1.2.jar:/home/user/.m2/repository/org/apache/ratis/ratis-server/0.5.0-201fc85-SNAPSHOT/ratis-server-0.5.0-201fc85-SNAPSHOT.jar:/home/user/.m2/repository/org/apache/ratis/ratis-thirdparty-misc/0.2.0/ratis-thirdparty-misc-0.2.0.jar:/home/user/.m2/repository/org/apache/ratis/ratis-proto/0.5.0-201fc85-SNAPSHOT/ratis-proto-0.5.0-201fc85-SNAPSHOT.jar:/home/user/.m2/repository/org/apache/ratis/ratis-common/0.5.0-201fc85-SNAPSHOT/ratis-common-0.5.0-201fc85-SNAPSHOT.jar:/home/user/.m2/repository/org/apache/ratis/ratis-client/0.5.0-201fc85-SNAPSHOT/ratis-client-0.5.0-201fc85-SNAPSHOT.jar:/home/user/.m2/repository/org/apache/ratis/ratis-metrics/0.5.0-201fc85-SNAPSHOT/ratis-metrics-0.5.0-201fc85-SNAPSHOT.jar:/home/user/.m2/repository/com/github/joshelser/dropwizard-metrics-hadoop-metrics2-reporter/0.1.2/dropwizard-metrics-hadoop-metrics2-reporter-0.1.2.jar:/home/user/.m2/repository/io/dropwizard/metrics/metrics-jvm/3.2.5/metrics-jvm-3.2.5.jar:/home/user/.m2/repository/io/dropwizard/metrics/metrics-ganglia/3.2.5/metrics-ganglia-3.2.5.jar:/home/user/.m2/repository/info/ganglia/gmetric4j/gmetric4j/1.0.7/gmetric4j-1.0.7.jar:/home/user/.m2/repository/org/apache/ratis/ratis-netty/0.5.0-201fc85-SNAPSHOT/ratis-netty-0.5.0-201fc85-SNAPSHOT.jar:/home/user/.m2/repository/org/apache/ratis/ratis-grpc/0.5.0-201fc85-SNAPSHOT/ratis-grpc-0.5.0-201fc85-SNAPSHOT.jar:/home/user/.m2/repository/org/rocksdb/rocksdbjni/6.0.1/rocksdbjni-6.0.1.jar:/home/user/.m2/repository/org/apache/logging/log4j/log4j-api/2.11.0/log4j-api-2.11.0.jar:/home/user/.m2/repository/org/apache/logging/log4j/log4j-core/2.11.0/log4j-core-2.11.0.jar:/home/user/.m2/repository/com/lmax/disruptor/3.4.2/disruptor-3.4.2.jar:/home/user/.m2/repository/org/apache/commons/commons-pool2/2.6.0/commons-pool2-2.6.0.jar:/home/user/.m2/repository/org/bouncycastle/bcpkix-jdk15on/1.60/bcpkix-jdk15on-1.60.jar:/home/user/.m2/repository/commons-validator/commons-validator/1.6/commons-validator-1.6.jar:/home/user/.m2/repository/commons-digester/commons-digester/1.8.1/commons-digester-1.8.1.jar:/home/user/.m2/repository/io/jaegertracing/jaeger-client/0.34.0/jaeger-client-0.34.0.jar:/home/user/.m2/repository/io/jaegertracing/jaeger-thrift/0.34.0/jaeger-thrift-0.34.0.jar:/home/user/.m2/repository/org/apache/thrift/libthrift/0.12.0/libthrift-0.12.0.jar:/home/user/.m2/repository/com/squareup/okhttp3/okhttp/3.9.0/okhttp-3.9.0.jar:/home/user/.m2/repository/com/squareup/okio/okio/1.13.0/okio-1.13.0.jar:/home/user/.m2/repository/io/jaegertracing/jaeger-core/0.34.0/jaeger-core-0.34.0.jar:/home/user/.m2/repository/io/jaegertracing/jaeger-tracerresolver/0.34.0/jaeger-tracerresolver-0.34.0.jar:/home/user/.m2/repository/io/opentracing/contrib/opentracing-tracerresolver/0.1.5/opentracing-tracerresolver-0.1.5.jar:/home/user/.m2/repository/io/opentracing/opentracing-util/0.31.0/opentracing-util-0.31.0.jar:/home/user/.m2/repository/io/opentracing/opentracing-api/0.31.0/opentracing-api-0.31.0.jar:/home/user/.m2/repository/io/opentracing/opentracing-noop/0.31.0/opentracing-noop-0.31.0.jar:/home/user/.m2/repository/org/apache/hadoop/hadoop-hdds-server-framework/0.5.0-SNAPSHOT/hadoop-hdds-server-framework-0.5.0-SNAPSHOT.jar:/home/user/.m2/repository/org/apache/hadoop/hadoop-hdds-container-service/0.5.0-SNAPSHOT/hadoop-hdds-container-service-0.5.0-SNAPSHOT.jar:/home/user/.m2/repository/org/apache/hadoop/hadoop-hdds-client/0.5.0-SNAPSHOT/hadoop-hdds-client-0.5.0-SNAPSHOT.jar:/home/user/.m2/repository/org/apache/hadoop/hadoop-hdds-tools/0.5.0-SNAPSHOT/hadoop-hdds-tools-0.5.0-SNAPSHOT.jar:/home/user/.m2/repository/org/apache/hadoop/hadoop-hdds-server-scm/0.5.0-SNAPSHOT/hadoop-hdds-server-scm-0.5.0-SNAPSHOT.jar:/home/user/.m2/repository/org/apache/hadoop/hadoop-hdds-docs/0.5.0-SNAPSHOT/hadoop-hdds-docs-0.5.0-SNAPSHOT.jar:/home/user/.m2/repository/io/dropwizard/metrics/metrics-core/3.2.4/metrics-core-3.2.4.jar:/home/user/.m2/repository/org/hamcrest/hamcrest-all/1.3/hamcrest-all-1.3.jar:/home/user/.m2/repository/org/bouncycastle/bcprov-jdk15on/1.60/bcprov-jdk15on-1.60.jar:/home/user/.m2/repository/info/picocli/picocli/3.9.6/picocli-3.9.6.jar:/home/user/.m2/repository/com/google/protobuf/protobuf-java/2.5.0/protobuf-java-2.5.0.jar:/home/user/.m2/repository/com/google/guava/guava/11.0.2/guava-11.0.2.jar:/home/user/.m2/repository/org/apache/hadoop/hadoop-ozone-ozone-manager/0.5.0-SNAPSHOT/hadoop-ozone-ozone-manager-0.5.0-SNAPSHOT.jar:/home/user/.m2/repository/org/apache/hadoop/hadoop-minikdc/3.2.0/hadoop-minikdc-3.2.0.jar:/home/user/.m2/repository/commons-io/commons-io/2.5/commons-io-2.5.jar:/home/user/.m2/repository/org/apache/kerby/kerb-simplekdc/1.0.1/kerb-simplekdc-1.0.1.jar:/home/user/.m2/repository/org/apache/kerby/kerb-client/1.0.1/kerb-client-1.0.1.jar:/home/user/.m2/repository/org/apache/kerby/kerby-config/1.0.1/kerby-config-1.0.1.jar:/home/user/.m2/repository/org/apache/kerby/kerb-core/1.0.1/kerb-core-1.0.1.jar:/home/user/.m2/repository/org/apache/kerby/kerby-pkix/1.0.1/kerby-pkix-1.0.1.jar:/home/user/.m2/repository/org/apache/kerby/kerby-asn1/1.0.1/kerby-asn1-1.0.1.jar:/home/user/.m2/repository/org/apache/kerby/kerby-util/1.0.1/kerby-util-1.0.1.jar:/home/user/.m2/repository/org/apache/kerby/kerb-common/1.0.1/kerb-common-1.0.1.jar:/home/user/.m2/repository/org/apache/kerby/kerb-crypto/1.0.1/kerb-crypto-1.0.1.jar:/home/user/.m2/repository/org/apache/kerby/kerb-util/1.0.1/kerb-util-1.0.1.jar:/home/user/.m2/repository/org/apache/kerby/token-provider/1.0.1/token-provider-1.0.1.jar:/home/user/.m2/repository/org/apache/kerby/kerb-admin/1.0.1/kerb-admin-1.0.1.jar:/home/user/.m2/repository/org/apache/kerby/kerb-server/1.0.1/kerb-server-1.0.1.jar:/home/user/.m2/repository/org/apache/kerby/kerb-identity/1.0.1/kerb-identity-1.0.1.jar:/home/user/.m2/repository/org/apache/kerby/kerby-xdr/1.0.1/kerby-xdr-1.0.1.jar:/home/user/.m2/repository/org/slf4j/slf4j-log4j12/1.7.25/slf4j-log4j12-1.7.25.jar:/home/user/.m2/repository/org/apache/hadoop/hadoop-ozone-s3gateway/0.5.0-SNAPSHOT/hadoop-ozone-s3gateway-0.5.0-SNAPSHOT.jar:/home/user/.m2/repository/org/jboss/weld/servlet/weld-servlet/2.4.7.Final/weld-servlet-2.4.7.Final.jar:/home/user/.m2/repository/org/glassfish/jersey/containers/jersey-container-servlet-core/2.27/jersey-container-servlet-core-2.27.jar:/home/user/.m2/repository/org/glassfish/hk2/external/javax.inject/2.5.0-b42/javax.inject-2.5.0-b42.jar:/home/user/.m2/repository/org/glassfish/jersey/core/jersey-common/2.27/jersey-common-2.27.jar:/home/user/.m2/repository/org/glassfish/hk2/osgi-resource-locator/1.0.1/osgi-resource-locator-1.0.1.jar:/home/user/.m2/repository/javax/ws/rs/javax.ws.rs-api/2.1/javax.ws.rs-api-2.1.jar:/home/user/.m2/repository/org/glassfish/jersey/ext/cdi/jersey-cdi1x/2.27/jersey-cdi1x-2.27.jar:/home/user/.m2/repository/org/glassfish/jersey/inject/jersey-hk2/2.27/jersey-hk2-2.27.jar:/home/user/.m2/repository/org/glassfish/hk2/hk2-locator/2.5.0-b42/hk2-locator-2.5.0-b42.jar:/home/user/.m2/repository/org/javassist/javassist/3.22.0-CR2/javassist-3.22.0-CR2.jar:/home/user/.m2/repository/org/glassfish/hk2/hk2-api/2.5.0/hk2-api-2.5.0.jar:/home/user/.m2/repository/org/glassfish/hk2/external/jakarta.inject/2.5.0/jakarta.inject-2.5.0.jar:/home/user/.m2/repository/org/glassfish/hk2/hk2-utils/2.5.0/hk2-utils-2.5.0.jar:/home/user/.m2/repository/jakarta/annotation/jakarta.annotation-api/1.3.4/jakarta.annotation-api-1.3.4.jar:/home/user/.m2/repository/org/glassfish/hk2/external/aopalliance-repackaged/2.5.0/aopalliance-repackaged-2.5.0.jar:/home/user/.m2/repository/com/fasterxml/jackson/dataformat/jackson-dataformat-xml/2.9.0/jackson-dataformat-xml-2.9.0.jar:/home/user/.m2/repository/com/fasterxml/jackson/core/jackson-core/2.9.9/jackson-core-2.9.9.jar:/home/user/.m2/repository/com/fasterxml/jackson/module/jackson-module-jaxb-annotations/2.9.9/jackson-module-jaxb-annotations-2.9.9.jar:/home/user/.m2/repository/javax/enterprise/cdi-api/1.2/cdi-api-1.2.jar:/home/user/.m2/repository/javax/el/javax.el-api/3.0.0/javax.el-api-3.0.0.jar:/home/user/.m2/repository/javax/interceptor/javax.interceptor-api/1.2/javax.interceptor-api-1.2.jar:/home/user/.m2/repository/javax/inject/javax.inject/1/javax.inject-1.jar:/home/user/.m2/repository/com/sun/xml/bind/jaxb-impl/2.3.0.1/jaxb-impl-2.3.0.1.jar:/home/user/.m2/repository/com/sun/xml/bind/jaxb-core/2.3.0.1/jaxb-core-2.3.0.1.jar:/home/user/.m2/repository/javax/xml/bind/jaxb-api/2.3.0/jaxb-api-2.3.0.jar:/home/user/.m2/repository/javax/activation/activation/1.1.1/activation-1.1.1.jar:/home/user/.m2/repository/org/apache/hadoop/hadoop-ozone-csi/0.5.0-SNAPSHOT/hadoop-ozone-csi-0.5.0-SNAPSHOT.jar:/home/user/.m2/repository/com/google/protobuf/protobuf-java-util/3.5.1/protobuf-java-util-3.5.1.jar:/home/user/.m2/repository/org/apache/hadoop/hadoop-hdds-config/0.5.0-SNAPSHOT/hadoop-hdds-config-0.5.0-SNAPSHOT.jar:/home/user/.m2/repository/io/grpc/grpc-netty/1.17.1/grpc-netty-1.17.1.jar:/home/user/.m2/repository/io/grpc/grpc-core/1.17.1/grpc-core-1.17.1.jar:/home/user/.m2/repository/io/grpc/grpc-context/1.17.1/grpc-context-1.17.1.jar:/home/user/.m2/repository/com/google/errorprone/error_prone_annotations/2.2.0/error_prone_annotations-2.2.0.jar:/home/user/.m2/repository/org/codehaus/mojo/animal-sniffer-annotations/1.17/animal-sniffer-annotations-1.17.jar:/home/user/.m2/repository/io/opencensus/opencensus-api/0.17.0/opencensus-api-0.17.0.jar:/home/user/.m2/repository/io/opencensus/opencensus-contrib-grpc-metrics/0.17.0/opencensus-contrib-grpc-metrics-0.17.0.jar:/home/user/.m2/repository/io/netty/netty-codec-http2/4.1.30.Final/netty-codec-http2-4.1.30.Final.jar:/home/user/.m2/repository/io/netty/netty-codec-http/4.1.30.Final/netty-codec-http-4.1.30.Final.jar:/home/user/.m2/repository/io/netty/netty-codec/4.1.30.Final/netty-codec-4.1.30.Final.jar:/home/user/.m2/repository/io/netty/netty-handler/4.1.30.Final/netty-handler-4.1.30.Final.jar:/home/user/.m2/repository/io/netty/netty-handler-proxy/4.1.30.Final/netty-handler-proxy-4.1.30.Final.jar:/home/user/.m2/repository/io/netty/netty-codec-socks/4.1.30.Final/netty-codec-socks-4.1.30.Final.jar:/home/user/.m2/repository/io/netty/netty-transport-native-epoll/4.1.30.Final/netty-transport-native-epoll-4.1.30.Final.jar:/home/user/.m2/repository/io/netty/netty-common/4.1.30.Final/netty-common-4.1.30.Final.jar:/home/user/.m2/repository/io/netty/netty-buffer/4.1.30.Final/netty-buffer-4.1.30.Final.jar:/home/user/.m2/repository/io/netty/netty-transport/4.1.30.Final/netty-transport-4.1.30.Final.jar:/home/user/.m2/repository/io/netty/netty-resolver/4.1.30.Final/netty-resolver-4.1.30.Final.jar:/home/user/.m2/repository/io/netty/netty-transport-native-unix-common/4.1.30.Final/netty-transport-native-unix-common-4.1.30.Final.jar:/home/user/.m2/repository/io/grpc/grpc-protobuf/1.17.1/grpc-protobuf-1.17.1.jar:/home/user/.m2/repository/com/google/api/grpc/proto-google-common-protos/1.0.0/proto-google-common-protos-1.0.0.jar:/home/user/.m2/repository/io/grpc/grpc-protobuf-lite/1.17.1/grpc-protobuf-lite-1.17.1.jar:/home/user/.m2/repository/io/grpc/grpc-stub/1.17.1/grpc-stub-1.17.1.jar:/home/user/.m2/repository/org/apache/hadoop/hadoop-ozone-recon/0.5.0-SNAPSHOT/hadoop-ozone-recon-0.5.0-SNAPSHOT.jar:/home/user/.m2/repository/org/apache/hadoop/hadoop-ozone-reconcodegen/0.5.0-SNAPSHOT/hadoop-ozone-reconcodegen-0.5.0-SNAPSHOT.jar:/home/user/.m2/repository/com/google/inject/extensions/guice-multibindings/4.0/guice-multibindings-4.0.jar:/home/user/.m2/repository/com/google/inject/guice/4.0/guice-4.0.jar:/home/user/.m2/repository/aopalliance/aopalliance/1.0/aopalliance-1.0.jar:/home/user/.m2/repository/com/google/inject/extensions/guice-servlet/4.0/guice-servlet-4.0.jar:/home/user/.m2/repository/org/glassfish/jersey/containers/jersey-container-servlet/2.27/jersey-container-servlet-2.27.jar:/home/user/.m2/repository/org/glassfish/hk2/guice-bridge/2.5.0/guice-bridge-2.5.0.jar:/home/user/.m2/repository/org/glassfish/jersey/core/jersey-server/2.27/jersey-server-2.27.jar:/home/user/.m2/repository/org/glassfish/jersey/core/jersey-client/2.27/jersey-client-2.27.jar:/home/user/.m2/repository/org/glassfish/jersey/media/jersey-media-jaxb/2.27/jersey-media-jaxb-2.27.jar:/home/user/.m2/repository/javax/validation/validation-api/1.1.0.Final/validation-api-1.1.0.Final.jar:/home/user/.m2/repository/org/glassfish/jersey/media/jersey-media-json-jackson/2.27/jersey-media-json-jackson-2.27.jar:/home/user/.m2/repository/org/glassfish/jersey/ext/jersey-entity-filtering/2.27/jersey-entity-filtering-2.27.jar:/home/user/.m2/repository/com/google/inject/extensions/guice-assistedinject/4.0/guice-assistedinject-4.0.jar:/home/user/.m2/repository/org/jooq/jooq/3.11.10/jooq-3.11.10.jar:/home/user/.m2/repository/org/jooq/jooq-meta/3.11.10/jooq-meta-3.11.10.jar:/home/user/.m2/repository/org/jooq/jooq-codegen/3.11.10/jooq-codegen-3.11.10.jar:/home/user/.m2/repository/com/jolbox/bonecp/0.8.0.RELEASE/bonecp-0.8.0.RELEASE.jar:/home/user/.m2/repository/org/xerial/sqlite-jdbc/3.25.2/sqlite-jdbc-3.25.2.jar:/home/user/.m2/repository/org/springframework/spring-jdbc/5.1.3.RELEASE/spring-jdbc-5.1.3.RELEASE.jar:/home/user/.m2/repository/org/springframework/spring-beans/5.1.3.RELEASE/spring-beans-5.1.3.RELEASE.jar:/home/user/.m2/repository/org/springframework/spring-core/5.1.3.RELEASE/spring-core-5.1.3.RELEASE.jar:/home/user/.m2/repository/org/springframework/spring-jcl/5.1.3.RELEASE/spring-jcl-5.1.3.RELEASE.jar:/home/user/.m2/repository/org/springframework/spring-tx/5.1.3.RELEASE/spring-tx-5.1.3.RELEASE.jar:/home/user/.m2/repository/org/apache/hadoop/hadoop-ozone-client/0.5.0-SNAPSHOT/hadoop-ozone-client-0.5.0-SNAPSHOT.jar:/home/user/.m2/repository/commons-lang/commons-lang/2.6/commons-lang-2.6.jar:/home/user/.m2/repository/org/apache/hadoop/hadoop-ozone-ozone-manager/0.5.0-SNAPSHOT/hadoop-ozone-ozone-manager-0.5.0-SNAPSHOT-tests.jar:/home/user/.m2/repository/junit/junit/4.11/junit-4.11.jar:/home/user/.m2/repository/org/hamcrest/hamcrest-core/1.3/hamcrest-core-1.3.jar:/home/user/.m2/repository/org/openjdk/jmh/jmh-core/1.19/jmh-core-1.19.jar:/home/user/.m2/repository/net/sf/jopt-simple/jopt-simple/4.6/jopt-simple-4.6.jar:/home/user/.m2/repository/org/apache/commons/commons-math3/3.1.1/commons-math3-3.1.1.jar:/home/user/.m2/repository/org/openjdk/jmh/jmh-generator-annprocess/1.19/jmh-generator-annprocess-1.19.jar:/home/user/.m2/repository/org/mockito/mockito-all/1.8.5/mockito-all-1.8.5.jar:/home/user/.m2/repository/org/apache/hadoop/hadoop-kms/3.2.0/hadoop-kms-3.2.0.jar:/home/user/.m2/repository/org/apache/hadoop/hadoop-auth/3.2.0/hadoop-auth-3.2.0.jar:/home/user/.m2/repository/com/nimbusds/nimbus-jose-jwt/4.41.1/nimbus-jose-jwt-4.41.1.jar:/home/user/.m2/repository/com/github/stephenc/jcip/jcip-annotations/1.0-1/jcip-annotations-1.0-1.jar:/home/user/.m2/repository/net/minidev/json-smart/2.3/json-smart-2.3.jar:/home/user/.m2/repository/net/minidev/accessors-smart/1.2/accessors-smart-1.2.jar:/home/user/.m2/repository/org/ow2/asm/asm/5.0.4/asm-5.0.4.jar:/home/user/.m2/repository/org/apache/curator/curator-framework/2.12.0/curator-framework-2.12.0.jar:/home/user/.m2/repository/com/sun/jersey/jersey-core/1.19/jersey-core-1.19.jar:/home/user/.m2/repository/javax/ws/rs/jsr311-api/1.1.1/jsr311-api-1.1.1.jar:/home/user/.m2/repository/com/sun/jersey/jersey-server/1.19/jersey-server-1.19.jar:/home/user/.m2/repository/javax/servlet/javax.servlet-api/3.1.0/javax.servlet-api-3.1.0.jar:/home/user/.m2/repository/org/eclipse/jetty/jetty-server/9.3.25.v20180904/jetty-server-9.3.25.v20180904.jar:/home/user/.m2/repository/org/eclipse/jetty/jetty-http/9.3.25.v20180904/jetty-http-9.3.25.v20180904.jar:/home/user/.m2/repository/org/eclipse/jetty/jetty-io/9.3.25.v20180904/jetty-io-9.3.25.v20180904.jar:/home/user/.m2/repository/org/eclipse/jetty/jetty-webapp/9.3.25.v20180904/jetty-webapp-9.3.25.v20180904.jar:/home/user/.m2/repository/org/eclipse/jetty/jetty-xml/9.3.25.v20180904/jetty-xml-9.3.25.v20180904.jar:/home/user/.m2/repository/log4j/log4j/1.2.17/log4j-1.2.17.jar:/home/user/.m2/repository/org/slf4j/slf4j-api/1.7.25/slf4j-api-1.7.25.jar:/home/user/.m2/repository/org/slf4j/jul-to-slf4j/1.7.25/jul-to-slf4j-1.7.25.jar:/home/user/.m2/repository/org/eclipse/jetty/jetty-util/9.3.25.v20180904/jetty-util-9.3.25.v20180904.jar:/home/user/.m2/repository/com/fasterxml/jackson/core/jackson-databind/2.9.9/jackson-databind-2.9.9.jar:/home/user/.m2/repository/org/apache/hadoop/hadoop-kms/3.2.0/hadoop-kms-3.2.0-tests.jar:/home/user/.m2/repository/org/apache/hadoop/hadoop-hdds-server-scm/0.5.0-SNAPSHOT/hadoop-hdds-server-scm-0.5.0-SNAPSHOT-tests.jar:/home/user/.m2/repository/org/apache/hadoop/hadoop-hdds-container-service/0.5.0-SNAPSHOT/hadoop-hdds-container-service-0.5.0-SNAPSHOT-tests.jar:/home/user/.m2/repository/org/yaml/snakeyaml/1.16/snakeyaml-1.16.jar:/home/user/.m2/repository/org/apache/hadoop/hadoop-common/3.2.0/hadoop-common-3.2.0-tests.jar:/home/user/.m2/repository/org/apache/hadoop/hadoop-annotations/3.2.0/hadoop-annotations-3.2.0.jar:/usr/lib/jvm/java-1.8-openjdk/jre/../lib/tools.jar:/home/user/.m2/repository/commons-cli/commons-cli/1.2/commons-cli-1.2.jar:/home/user/.m2/repository/org/apache/httpcomponents/httpclient/4.5.2/httpclient-4.5.2.jar:/home/user/.m2/repository/org/apache/httpcomponents/httpcore/4.4.4/httpcore-4.4.4.jar:/home/user/.m2/repository/commons-codec/commons-codec/1.11/commons-codec-1.11.jar:/home/user/.m2/repository/commons-net/commons-net/3.6/commons-net-3.6.jar:/home/user/.m2/repository/commons-collections/commons-collections/3.2.2/commons-collections-3.2.2.jar:/home/user/.m2/repository/org/eclipse/jetty/jetty-servlet/9.3.25.v20180904/jetty-servlet-9.3.25.v20180904.jar:/home/user/.m2/repository/org/eclipse/jetty/jetty-security/9.3.25.v20180904/jetty-security-9.3.25.v20180904.jar:/home/user/.m2/repository/javax/servlet/jsp/jsp-api/2.1/jsp-api-2.1.jar:/home/user/.m2/repository/com/sun/jersey/jersey-servlet/1.19/jersey-servlet-1.19.jar:/home/user/.m2/repository/com/sun/jersey/jersey-json/1.19/jersey-json-1.19.jar:/home/user/.m2/repository/org/codehaus/jettison/jettison/1.1/jettison-1.1.jar:/home/user/.m2/repository/org/codehaus/jackson/jackson-core-asl/1.9.13/jackson-core-asl-1.9.13.jar:/home/user/.m2/repository/org/codehaus/jackson/jackson-mapper-asl/1.9.13/jackson-mapper-asl-1.9.13.jar:/home/user/.m2/repository/org/codehaus/jackson/jackson-jaxrs/1.9.13/jackson-jaxrs-1.9.13.jar:/home/user/.m2/repository/org/codehaus/jackson/jackson-xc/1.9.13/jackson-xc-1.9.13.jar:/home/user/.m2/repository/commons-logging/commons-logging/1.1.3/commons-logging-1.1.3.jar:/home/user/.m2/repository/commons-beanutils/commons-beanutils/1.9.4/commons-beanutils-1.9.4.jar:/home/user/.m2/repository/org/apache/commons/commons-configuration2/2.1.1/commons-configuration2-2.1.1.jar:/home/user/.m2/repository/org/apache/commons/commons-lang3/3.7/commons-lang3-3.7.jar:/home/user/.m2/repository/org/apache/commons/commons-text/1.4/commons-text-1.4.jar:/home/user/.m2/repository/org/apache/avro/avro/1.7.7/avro-1.7.7.jar:/home/user/.m2/repository/com/thoughtworks/paranamer/paranamer/2.3/paranamer-2.3.jar:/home/user/.m2/repository/org/xerial/snappy/snappy-java/1.0.5/snappy-java-1.0.5.jar:/home/user/.m2/repository/com/google/re2j/re2j/1.1/re2j-1.1.jar:/home/user/.m2/repository/com/google/code/gson/gson/2.2.4/gson-2.2.4.jar:/home/user/.m2/repository/com/jcraft/jsch/0.1.54/jsch-0.1.54.jar:/home/user/.m2/repository/org/apache/curator/curator-client/2.12.0/curator-client-2.12.0.jar:/home/user/.m2/repository/org/apache/curator/curator-recipes/2.12.0/curator-recipes-2.12.0.jar:/home/user/.m2/repository/com/google/code/findbugs/jsr305/3.0.0/jsr305-3.0.0.jar:/home/user/.m2/repository/org/apache/htrace/htrace-core4/4.1.0-incubating/htrace-core4-4.1.0-incubating.jar:/home/user/.m2/repository/org/apache/zookeeper/zookeeper/3.4.13/zookeeper-3.4.13.jar:/home/user/.m2/repository/jline/jline/0.9.94/jline-0.9.94.jar:/home/user/.m2/repository/org/apache/yetus/audience-annotations/0.5.0/audience-annotations-0.5.0.jar:/home/user/.m2/repository/org/codehaus/woodstox/stax2-api/3.1.4/stax2-api-3.1.4.jar:/home/user/.m2/repository/com/fasterxml/woodstox/woodstox-core/5.0.3/woodstox-core-5.0.3.jar:/home/user/.m2/repository/dnsjava/dnsjava/2.1.7/dnsjava-2.1.7.jar:/home/user/.m2/repository/org/apache/hadoop/hadoop-hdfs/3.2.0/hadoop-hdfs-3.2.0-tests.jar:/home/user/.m2/repository/org/eclipse/jetty/jetty-util-ajax/9.3.25.v20180904/jetty-util-ajax-9.3.25.v20180904.jar:/home/user/.m2/repository/commons-daemon/commons-daemon/1.0.13/commons-daemon-1.0.13.jar:/home/user/.m2/repository/io/netty/netty/3.10.5.Final/netty-3.10.5.Final.jar:/home/user/.m2/repository/io/netty/netty-all/4.0.52.Final/netty-all-4.0.52.Final.jar:/home/user/.m2/repository/org/fusesource/leveldbjni/leveldbjni-all/1.8/leveldbjni-all-1.8.jar:"/>
    <property name="java.vm.vendor" value="IcedTea"/>
    <property name="sun.arch.data.model" value="64"/>
    <property name="test.build.dir" value="/workdir/hadoop-ozone/integration-test/target/test-dir"/>
    <property name="test.cache.data" value=""/>
    <property name="java.vendor.url" value="https://icedtea.classpath.org"/>
    <property name="user.timezone" value=""/>
    <property name="java.vm.specification.version" value="1.8"/>
    <property name="os.name" value="Linux"/>
    <property name="test.build.data" value="/workdir/hadoop-ozone/integration-test/target/test-dir"/>
    <property name="user.country" value="US"/>
    <property name="sun.java.launcher" value="SUN_STANDARD"/>
    <property name="sun.boot.library.path" value="/usr/lib/jvm/java-1.8-openjdk/jre/lib/amd64"/>
    <property name="sun.java.command" value="/workdir/hadoop-ozone/integration-test/target/surefire/surefirebooter6237343943297055125.jar /workdir/hadoop-ozone/integration-test/target/surefire 2019-10-02T22-31-49_911-jvmRun1 surefire1545880438266043386tmp surefire_611679226490196348082tmp"/>
    <property name="test" value="!TestMiniChaosOzoneCluster"/>
    <property name="surefire.test.class.path" value="/workdir/hadoop-ozone/integration-test/target/test-classes:/workdir/hadoop-ozone/integration-test/target/classes:/home/user/.m2/repository/org/apache/hadoop/hadoop-ozone-common/0.5.0-SNAPSHOT/hadoop-ozone-common-0.5.0-SNAPSHOT.jar:/home/user/.m2/repository/org/apache/commons/commons-compress/1.4.1/commons-compress-1.4.1.jar:/home/user/.m2/repository/org/tukaani/xz/1.0/xz-1.0.jar:/home/user/.m2/repository/org/apache/hadoop/hadoop-common/3.2.0/hadoop-common-3.2.0.jar:/home/user/.m2/repository/org/apache/hadoop/hadoop-hdfs/3.2.0/hadoop-hdfs-3.2.0.jar:/home/user/.m2/repository/org/apache/hadoop/hadoop-hdfs-client/3.2.0/hadoop-hdfs-client-3.2.0.jar:/home/user/.m2/repository/com/fasterxml/jackson/core/jackson-annotations/2.9.9/jackson-annotations-2.9.9.jar:/home/user/.m2/repository/org/apache/hadoop/hadoop-hdds-common/0.5.0-SNAPSHOT/hadoop-hdds-common-0.5.0-SNAPSHOT.jar:/home/user/.m2/repository/javax/annotation/javax.annotation-api/1.2/javax.annotation-api-1.2.jar:/home/user/.m2/repository/org/apache/ratis/ratis-server/0.5.0-201fc85-SNAPSHOT/ratis-server-0.5.0-201fc85-SNAPSHOT.jar:/home/user/.m2/repository/org/apache/ratis/ratis-thirdparty-misc/0.2.0/ratis-thirdparty-misc-0.2.0.jar:/home/user/.m2/repository/org/apache/ratis/ratis-proto/0.5.0-201fc85-SNAPSHOT/ratis-proto-0.5.0-201fc85-SNAPSHOT.jar:/home/user/.m2/repository/org/apache/ratis/ratis-common/0.5.0-201fc85-SNAPSHOT/ratis-common-0.5.0-201fc85-SNAPSHOT.jar:/home/user/.m2/repository/org/apache/ratis/ratis-client/0.5.0-201fc85-SNAPSHOT/ratis-client-0.5.0-201fc85-SNAPSHOT.jar:/home/user/.m2/repository/org/apache/ratis/ratis-metrics/0.5.0-201fc85-SNAPSHOT/ratis-metrics-0.5.0-201fc85-SNAPSHOT.jar:/home/user/.m2/repository/com/github/joshelser/dropwizard-metrics-hadoop-metrics2-reporter/0.1.2/dropwizard-metrics-hadoop-metrics2-reporter-0.1.2.jar:/home/user/.m2/repository/io/dropwizard/metrics/metrics-jvm/3.2.5/metrics-jvm-3.2.5.jar:/home/user/.m2/repository/io/dropwizard/metrics/metrics-ganglia/3.2.5/metrics-ganglia-3.2.5.jar:/home/user/.m2/repository/info/ganglia/gmetric4j/gmetric4j/1.0.7/gmetric4j-1.0.7.jar:/home/user/.m2/repository/org/apache/ratis/ratis-netty/0.5.0-201fc85-SNAPSHOT/ratis-netty-0.5.0-201fc85-SNAPSHOT.jar:/home/user/.m2/repository/org/apache/ratis/ratis-grpc/0.5.0-201fc85-SNAPSHOT/ratis-grpc-0.5.0-201fc85-SNAPSHOT.jar:/home/user/.m2/repository/org/rocksdb/rocksdbjni/6.0.1/rocksdbjni-6.0.1.jar:/home/user/.m2/repository/org/apache/logging/log4j/log4j-api/2.11.0/log4j-api-2.11.0.jar:/home/user/.m2/repository/org/apache/logging/log4j/log4j-core/2.11.0/log4j-core-2.11.0.jar:/home/user/.m2/repository/com/lmax/disruptor/3.4.2/disruptor-3.4.2.jar:/home/user/.m2/repository/org/apache/commons/commons-pool2/2.6.0/commons-pool2-2.6.0.jar:/home/user/.m2/repository/org/bouncycastle/bcpkix-jdk15on/1.60/bcpkix-jdk15on-1.60.jar:/home/user/.m2/repository/commons-validator/commons-validator/1.6/commons-validator-1.6.jar:/home/user/.m2/repository/commons-digester/commons-digester/1.8.1/commons-digester-1.8.1.jar:/home/user/.m2/repository/io/jaegertracing/jaeger-client/0.34.0/jaeger-client-0.34.0.jar:/home/user/.m2/repository/io/jaegertracing/jaeger-thrift/0.34.0/jaeger-thrift-0.34.0.jar:/home/user/.m2/repository/org/apache/thrift/libthrift/0.12.0/libthrift-0.12.0.jar:/home/user/.m2/repository/com/squareup/okhttp3/okhttp/3.9.0/okhttp-3.9.0.jar:/home/user/.m2/repository/com/squareup/okio/okio/1.13.0/okio-1.13.0.jar:/home/user/.m2/repository/io/jaegertracing/jaeger-core/0.34.0/jaeger-core-0.34.0.jar:/home/user/.m2/repository/io/jaegertracing/jaeger-tracerresolver/0.34.0/jaeger-tracerresolver-0.34.0.jar:/home/user/.m2/repository/io/opentracing/contrib/opentracing-tracerresolver/0.1.5/opentracing-tracerresolver-0.1.5.jar:/home/user/.m2/repository/io/opentracing/opentracing-util/0.31.0/opentracing-util-0.31.0.jar:/home/user/.m2/repository/io/opentracing/opentracing-api/0.31.0/opentracing-api-0.31.0.jar:/home/user/.m2/repository/io/opentracing/opentracing-noop/0.31.0/opentracing-noop-0.31.0.jar:/home/user/.m2/repository/org/apache/hadoop/hadoop-hdds-server-framework/0.5.0-SNAPSHOT/hadoop-hdds-server-framework-0.5.0-SNAPSHOT.jar:/home/user/.m2/repository/org/apache/hadoop/hadoop-hdds-container-service/0.5.0-SNAPSHOT/hadoop-hdds-container-service-0.5.0-SNAPSHOT.jar:/home/user/.m2/repository/org/apache/hadoop/hadoop-hdds-client/0.5.0-SNAPSHOT/hadoop-hdds-client-0.5.0-SNAPSHOT.jar:/home/user/.m2/repository/org/apache/hadoop/hadoop-hdds-tools/0.5.0-SNAPSHOT/hadoop-hdds-tools-0.5.0-SNAPSHOT.jar:/home/user/.m2/repository/org/apache/hadoop/hadoop-hdds-server-scm/0.5.0-SNAPSHOT/hadoop-hdds-server-scm-0.5.0-SNAPSHOT.jar:/home/user/.m2/repository/org/apache/hadoop/hadoop-hdds-docs/0.5.0-SNAPSHOT/hadoop-hdds-docs-0.5.0-SNAPSHOT.jar:/home/user/.m2/repository/io/dropwizard/metrics/metrics-core/3.2.4/metrics-core-3.2.4.jar:/home/user/.m2/repository/org/hamcrest/hamcrest-all/1.3/hamcrest-all-1.3.jar:/home/user/.m2/repository/org/bouncycastle/bcprov-jdk15on/1.60/bcprov-jdk15on-1.60.jar:/home/user/.m2/repository/info/picocli/picocli/3.9.6/picocli-3.9.6.jar:/home/user/.m2/repository/com/google/protobuf/protobuf-java/2.5.0/protobuf-java-2.5.0.jar:/home/user/.m2/repository/com/google/guava/guava/11.0.2/guava-11.0.2.jar:/home/user/.m2/repository/org/apache/hadoop/hadoop-ozone-ozone-manager/0.5.0-SNAPSHOT/hadoop-ozone-ozone-manager-0.5.0-SNAPSHOT.jar:/home/user/.m2/repository/org/apache/hadoop/hadoop-minikdc/3.2.0/hadoop-minikdc-3.2.0.jar:/home/user/.m2/repository/commons-io/commons-io/2.5/commons-io-2.5.jar:/home/user/.m2/repository/org/apache/kerby/kerb-simplekdc/1.0.1/kerb-simplekdc-1.0.1.jar:/home/user/.m2/repository/org/apache/kerby/kerb-client/1.0.1/kerb-client-1.0.1.jar:/home/user/.m2/repository/org/apache/kerby/kerby-config/1.0.1/kerby-config-1.0.1.jar:/home/user/.m2/repository/org/apache/kerby/kerb-core/1.0.1/kerb-core-1.0.1.jar:/home/user/.m2/repository/org/apache/kerby/kerby-pkix/1.0.1/kerby-pkix-1.0.1.jar:/home/user/.m2/repository/org/apache/kerby/kerby-asn1/1.0.1/kerby-asn1-1.0.1.jar:/home/user/.m2/repository/org/apache/kerby/kerby-util/1.0.1/kerby-util-1.0.1.jar:/home/user/.m2/repository/org/apache/kerby/kerb-common/1.0.1/kerb-common-1.0.1.jar:/home/user/.m2/repository/org/apache/kerby/kerb-crypto/1.0.1/kerb-crypto-1.0.1.jar:/home/user/.m2/repository/org/apache/kerby/kerb-util/1.0.1/kerb-util-1.0.1.jar:/home/user/.m2/repository/org/apache/kerby/token-provider/1.0.1/token-provider-1.0.1.jar:/home/user/.m2/repository/org/apache/kerby/kerb-admin/1.0.1/kerb-admin-1.0.1.jar:/home/user/.m2/repository/org/apache/kerby/kerb-server/1.0.1/kerb-server-1.0.1.jar:/home/user/.m2/repository/org/apache/kerby/kerb-identity/1.0.1/kerb-identity-1.0.1.jar:/home/user/.m2/repository/org/apache/kerby/kerby-xdr/1.0.1/kerby-xdr-1.0.1.jar:/home/user/.m2/repository/org/slf4j/slf4j-log4j12/1.7.25/slf4j-log4j12-1.7.25.jar:/home/user/.m2/repository/org/apache/hadoop/hadoop-ozone-s3gateway/0.5.0-SNAPSHOT/hadoop-ozone-s3gateway-0.5.0-SNAPSHOT.jar:/home/user/.m2/repository/org/jboss/weld/servlet/weld-servlet/2.4.7.Final/weld-servlet-2.4.7.Final.jar:/home/user/.m2/repository/org/glassfish/jersey/containers/jersey-container-servlet-core/2.27/jersey-container-servlet-core-2.27.jar:/home/user/.m2/repository/org/glassfish/hk2/external/javax.inject/2.5.0-b42/javax.inject-2.5.0-b42.jar:/home/user/.m2/repository/org/glassfish/jersey/core/jersey-common/2.27/jersey-common-2.27.jar:/home/user/.m2/repository/org/glassfish/hk2/osgi-resource-locator/1.0.1/osgi-resource-locator-1.0.1.jar:/home/user/.m2/repository/javax/ws/rs/javax.ws.rs-api/2.1/javax.ws.rs-api-2.1.jar:/home/user/.m2/repository/org/glassfish/jersey/ext/cdi/jersey-cdi1x/2.27/jersey-cdi1x-2.27.jar:/home/user/.m2/repository/org/glassfish/jersey/inject/jersey-hk2/2.27/jersey-hk2-2.27.jar:/home/user/.m2/repository/org/glassfish/hk2/hk2-locator/2.5.0-b42/hk2-locator-2.5.0-b42.jar:/home/user/.m2/repository/org/javassist/javassist/3.22.0-CR2/javassist-3.22.0-CR2.jar:/home/user/.m2/repository/org/glassfish/hk2/hk2-api/2.5.0/hk2-api-2.5.0.jar:/home/user/.m2/repository/org/glassfish/hk2/external/jakarta.inject/2.5.0/jakarta.inject-2.5.0.jar:/home/user/.m2/repository/org/glassfish/hk2/hk2-utils/2.5.0/hk2-utils-2.5.0.jar:/home/user/.m2/repository/jakarta/annotation/jakarta.annotation-api/1.3.4/jakarta.annotation-api-1.3.4.jar:/home/user/.m2/repository/org/glassfish/hk2/external/aopalliance-repackaged/2.5.0/aopalliance-repackaged-2.5.0.jar:/home/user/.m2/repository/com/fasterxml/jackson/dataformat/jackson-dataformat-xml/2.9.0/jackson-dataformat-xml-2.9.0.jar:/home/user/.m2/repository/com/fasterxml/jackson/core/jackson-core/2.9.9/jackson-core-2.9.9.jar:/home/user/.m2/repository/com/fasterxml/jackson/module/jackson-module-jaxb-annotations/2.9.9/jackson-module-jaxb-annotations-2.9.9.jar:/home/user/.m2/repository/javax/enterprise/cdi-api/1.2/cdi-api-1.2.jar:/home/user/.m2/repository/javax/el/javax.el-api/3.0.0/javax.el-api-3.0.0.jar:/home/user/.m2/repository/javax/interceptor/javax.interceptor-api/1.2/javax.interceptor-api-1.2.jar:/home/user/.m2/repository/javax/inject/javax.inject/1/javax.inject-1.jar:/home/user/.m2/repository/com/sun/xml/bind/jaxb-impl/2.3.0.1/jaxb-impl-2.3.0.1.jar:/home/user/.m2/repository/com/sun/xml/bind/jaxb-core/2.3.0.1/jaxb-core-2.3.0.1.jar:/home/user/.m2/repository/javax/xml/bind/jaxb-api/2.3.0/jaxb-api-2.3.0.jar:/home/user/.m2/repository/javax/activation/activation/1.1.1/activation-1.1.1.jar:/home/user/.m2/repository/org/apache/hadoop/hadoop-ozone-csi/0.5.0-SNAPSHOT/hadoop-ozone-csi-0.5.0-SNAPSHOT.jar:/home/user/.m2/repository/com/google/protobuf/protobuf-java-util/3.5.1/protobuf-java-util-3.5.1.jar:/home/user/.m2/repository/org/apache/hadoop/hadoop-hdds-config/0.5.0-SNAPSHOT/hadoop-hdds-config-0.5.0-SNAPSHOT.jar:/home/user/.m2/repository/io/grpc/grpc-netty/1.17.1/grpc-netty-1.17.1.jar:/home/user/.m2/repository/io/grpc/grpc-core/1.17.1/grpc-core-1.17.1.jar:/home/user/.m2/repository/io/grpc/grpc-context/1.17.1/grpc-context-1.17.1.jar:/home/user/.m2/repository/com/google/errorprone/error_prone_annotations/2.2.0/error_prone_annotations-2.2.0.jar:/home/user/.m2/repository/org/codehaus/mojo/animal-sniffer-annotations/1.17/animal-sniffer-annotations-1.17.jar:/home/user/.m2/repository/io/opencensus/opencensus-api/0.17.0/opencensus-api-0.17.0.jar:/home/user/.m2/repository/io/opencensus/opencensus-contrib-grpc-metrics/0.17.0/opencensus-contrib-grpc-metrics-0.17.0.jar:/home/user/.m2/repository/io/netty/netty-codec-http2/4.1.30.Final/netty-codec-http2-4.1.30.Final.jar:/home/user/.m2/repository/io/netty/netty-codec-http/4.1.30.Final/netty-codec-http-4.1.30.Final.jar:/home/user/.m2/repository/io/netty/netty-codec/4.1.30.Final/netty-codec-4.1.30.Final.jar:/home/user/.m2/repository/io/netty/netty-handler/4.1.30.Final/netty-handler-4.1.30.Final.jar:/home/user/.m2/repository/io/netty/netty-handler-proxy/4.1.30.Final/netty-handler-proxy-4.1.30.Final.jar:/home/user/.m2/repository/io/netty/netty-codec-socks/4.1.30.Final/netty-codec-socks-4.1.30.Final.jar:/home/user/.m2/repository/io/netty/netty-transport-native-epoll/4.1.30.Final/netty-transport-native-epoll-4.1.30.Final.jar:/home/user/.m2/repository/io/netty/netty-common/4.1.30.Final/netty-common-4.1.30.Final.jar:/home/user/.m2/repository/io/netty/netty-buffer/4.1.30.Final/netty-buffer-4.1.30.Final.jar:/home/user/.m2/repository/io/netty/netty-transport/4.1.30.Final/netty-transport-4.1.30.Final.jar:/home/user/.m2/repository/io/netty/netty-resolver/4.1.30.Final/netty-resolver-4.1.30.Final.jar:/home/user/.m2/repository/io/netty/netty-transport-native-unix-common/4.1.30.Final/netty-transport-native-unix-common-4.1.30.Final.jar:/home/user/.m2/repository/io/grpc/grpc-protobuf/1.17.1/grpc-protobuf-1.17.1.jar:/home/user/.m2/repository/com/google/api/grpc/proto-google-common-protos/1.0.0/proto-google-common-protos-1.0.0.jar:/home/user/.m2/repository/io/grpc/grpc-protobuf-lite/1.17.1/grpc-protobuf-lite-1.17.1.jar:/home/user/.m2/repository/io/grpc/grpc-stub/1.17.1/grpc-stub-1.17.1.jar:/home/user/.m2/repository/org/apache/hadoop/hadoop-ozone-recon/0.5.0-SNAPSHOT/hadoop-ozone-recon-0.5.0-SNAPSHOT.jar:/home/user/.m2/repository/org/apache/hadoop/hadoop-ozone-reconcodegen/0.5.0-SNAPSHOT/hadoop-ozone-reconcodegen-0.5.0-SNAPSHOT.jar:/home/user/.m2/repository/com/google/inject/extensions/guice-multibindings/4.0/guice-multibindings-4.0.jar:/home/user/.m2/repository/com/google/inject/guice/4.0/guice-4.0.jar:/home/user/.m2/repository/aopalliance/aopalliance/1.0/aopalliance-1.0.jar:/home/user/.m2/repository/com/google/inject/extensions/guice-servlet/4.0/guice-servlet-4.0.jar:/home/user/.m2/repository/org/glassfish/jersey/containers/jersey-container-servlet/2.27/jersey-container-servlet-2.27.jar:/home/user/.m2/repository/org/glassfish/hk2/guice-bridge/2.5.0/guice-bridge-2.5.0.jar:/home/user/.m2/repository/org/glassfish/jersey/core/jersey-server/2.27/jersey-server-2.27.jar:/home/user/.m2/repository/org/glassfish/jersey/core/jersey-client/2.27/jersey-client-2.27.jar:/home/user/.m2/repository/org/glassfish/jersey/media/jersey-media-jaxb/2.27/jersey-media-jaxb-2.27.jar:/home/user/.m2/repository/javax/validation/validation-api/1.1.0.Final/validation-api-1.1.0.Final.jar:/home/user/.m2/repository/org/glassfish/jersey/media/jersey-media-json-jackson/2.27/jersey-media-json-jackson-2.27.jar:/home/user/.m2/repository/org/glassfish/jersey/ext/jersey-entity-filtering/2.27/jersey-entity-filtering-2.27.jar:/home/user/.m2/repository/com/google/inject/extensions/guice-assistedinject/4.0/guice-assistedinject-4.0.jar:/home/user/.m2/repository/org/jooq/jooq/3.11.10/jooq-3.11.10.jar:/home/user/.m2/repository/org/jooq/jooq-meta/3.11.10/jooq-meta-3.11.10.jar:/home/user/.m2/repository/org/jooq/jooq-codegen/3.11.10/jooq-codegen-3.11.10.jar:/home/user/.m2/repository/com/jolbox/bonecp/0.8.0.RELEASE/bonecp-0.8.0.RELEASE.jar:/home/user/.m2/repository/org/xerial/sqlite-jdbc/3.25.2/sqlite-jdbc-3.25.2.jar:/home/user/.m2/repository/org/springframework/spring-jdbc/5.1.3.RELEASE/spring-jdbc-5.1.3.RELEASE.jar:/home/user/.m2/repository/org/springframework/spring-beans/5.1.3.RELEASE/spring-beans-5.1.3.RELEASE.jar:/home/user/.m2/repository/org/springframework/spring-core/5.1.3.RELEASE/spring-core-5.1.3.RELEASE.jar:/home/user/.m2/repository/org/springframework/spring-jcl/5.1.3.RELEASE/spring-jcl-5.1.3.RELEASE.jar:/home/user/.m2/repository/org/springframework/spring-tx/5.1.3.RELEASE/spring-tx-5.1.3.RELEASE.jar:/home/user/.m2/repository/org/apache/hadoop/hadoop-ozone-client/0.5.0-SNAPSHOT/hadoop-ozone-client-0.5.0-SNAPSHOT.jar:/home/user/.m2/repository/commons-lang/commons-lang/2.6/commons-lang-2.6.jar:/home/user/.m2/repository/org/apache/hadoop/hadoop-ozone-ozone-manager/0.5.0-SNAPSHOT/hadoop-ozone-ozone-manager-0.5.0-SNAPSHOT-tests.jar:/home/user/.m2/repository/junit/junit/4.11/junit-4.11.jar:/home/user/.m2/repository/org/hamcrest/hamcrest-core/1.3/hamcrest-core-1.3.jar:/home/user/.m2/repository/org/openjdk/jmh/jmh-core/1.19/jmh-core-1.19.jar:/home/user/.m2/repository/net/sf/jopt-simple/jopt-simple/4.6/jopt-simple-4.6.jar:/home/user/.m2/repository/org/apache/commons/commons-math3/3.1.1/commons-math3-3.1.1.jar:/home/user/.m2/repository/org/openjdk/jmh/jmh-generator-annprocess/1.19/jmh-generator-annprocess-1.19.jar:/home/user/.m2/repository/org/mockito/mockito-all/1.8.5/mockito-all-1.8.5.jar:/home/user/.m2/repository/org/apache/hadoop/hadoop-kms/3.2.0/hadoop-kms-3.2.0.jar:/home/user/.m2/repository/org/apache/hadoop/hadoop-auth/3.2.0/hadoop-auth-3.2.0.jar:/home/user/.m2/repository/com/nimbusds/nimbus-jose-jwt/4.41.1/nimbus-jose-jwt-4.41.1.jar:/home/user/.m2/repository/com/github/stephenc/jcip/jcip-annotations/1.0-1/jcip-annotations-1.0-1.jar:/home/user/.m2/repository/net/minidev/json-smart/2.3/json-smart-2.3.jar:/home/user/.m2/repository/net/minidev/accessors-smart/1.2/accessors-smart-1.2.jar:/home/user/.m2/repository/org/ow2/asm/asm/5.0.4/asm-5.0.4.jar:/home/user/.m2/repository/org/apache/curator/curator-framework/2.12.0/curator-framework-2.12.0.jar:/home/user/.m2/repository/com/sun/jersey/jersey-core/1.19/jersey-core-1.19.jar:/home/user/.m2/repository/javax/ws/rs/jsr311-api/1.1.1/jsr311-api-1.1.1.jar:/home/user/.m2/repository/com/sun/jersey/jersey-server/1.19/jersey-server-1.19.jar:/home/user/.m2/repository/javax/servlet/javax.servlet-api/3.1.0/javax.servlet-api-3.1.0.jar:/home/user/.m2/repository/org/eclipse/jetty/jetty-server/9.3.25.v20180904/jetty-server-9.3.25.v20180904.jar:/home/user/.m2/repository/org/eclipse/jetty/jetty-http/9.3.25.v20180904/jetty-http-9.3.25.v20180904.jar:/home/user/.m2/repository/org/eclipse/jetty/jetty-io/9.3.25.v20180904/jetty-io-9.3.25.v20180904.jar:/home/user/.m2/repository/org/eclipse/jetty/jetty-webapp/9.3.25.v20180904/jetty-webapp-9.3.25.v20180904.jar:/home/user/.m2/repository/org/eclipse/jetty/jetty-xml/9.3.25.v20180904/jetty-xml-9.3.25.v20180904.jar:/home/user/.m2/repository/log4j/log4j/1.2.17/log4j-1.2.17.jar:/home/user/.m2/repository/org/slf4j/slf4j-api/1.7.25/slf4j-api-1.7.25.jar:/home/user/.m2/repository/org/slf4j/jul-to-slf4j/1.7.25/jul-to-slf4j-1.7.25.jar:/home/user/.m2/repository/org/eclipse/jetty/jetty-util/9.3.25.v20180904/jetty-util-9.3.25.v20180904.jar:/home/user/.m2/repository/com/fasterxml/jackson/core/jackson-databind/2.9.9/jackson-databind-2.9.9.jar:/home/user/.m2/repository/org/apache/hadoop/hadoop-kms/3.2.0/hadoop-kms-3.2.0-tests.jar:/home/user/.m2/repository/org/apache/hadoop/hadoop-hdds-server-scm/0.5.0-SNAPSHOT/hadoop-hdds-server-scm-0.5.0-SNAPSHOT-tests.jar:/home/user/.m2/repository/org/apache/hadoop/hadoop-hdds-container-service/0.5.0-SNAPSHOT/hadoop-hdds-container-service-0.5.0-SNAPSHOT-tests.jar:/home/user/.m2/repository/org/yaml/snakeyaml/1.16/snakeyaml-1.16.jar:/home/user/.m2/repository/org/apache/hadoop/hadoop-common/3.2.0/hadoop-common-3.2.0-tests.jar:/home/user/.m2/repository/org/apache/hadoop/hadoop-annotations/3.2.0/hadoop-annotations-3.2.0.jar:/usr/lib/jvm/java-1.8-openjdk/jre/../lib/tools.jar:/home/user/.m2/repository/commons-cli/commons-cli/1.2/commons-cli-1.2.jar:/home/user/.m2/repository/org/apache/httpcomponents/httpclient/4.5.2/httpclient-4.5.2.jar:/home/user/.m2/repository/org/apache/httpcomponents/httpcore/4.4.4/httpcore-4.4.4.jar:/home/user/.m2/repository/commons-codec/commons-codec/1.11/commons-codec-1.11.jar:/home/user/.m2/repository/commons-net/commons-net/3.6/commons-net-3.6.jar:/home/user/.m2/repository/commons-collections/commons-collections/3.2.2/commons-collections-3.2.2.jar:/home/user/.m2/repository/org/eclipse/jetty/jetty-servlet/9.3.25.v20180904/jetty-servlet-9.3.25.v20180904.jar:/home/user/.m2/repository/org/eclipse/jetty/jetty-security/9.3.25.v20180904/jetty-security-9.3.25.v20180904.jar:/home/user/.m2/repository/javax/servlet/jsp/jsp-api/2.1/jsp-api-2.1.jar:/home/user/.m2/repository/com/sun/jersey/jersey-servlet/1.19/jersey-servlet-1.19.jar:/home/user/.m2/repository/com/sun/jersey/jersey-json/1.19/jersey-json-1.19.jar:/home/user/.m2/repository/org/codehaus/jettison/jettison/1.1/jettison-1.1.jar:/home/user/.m2/repository/org/codehaus/jackson/jackson-core-asl/1.9.13/jackson-core-asl-1.9.13.jar:/home/user/.m2/repository/org/codehaus/jackson/jackson-mapper-asl/1.9.13/jackson-mapper-asl-1.9.13.jar:/home/user/.m2/repository/org/codehaus/jackson/jackson-jaxrs/1.9.13/jackson-jaxrs-1.9.13.jar:/home/user/.m2/repository/org/codehaus/jackson/jackson-xc/1.9.13/jackson-xc-1.9.13.jar:/home/user/.m2/repository/commons-logging/commons-logging/1.1.3/commons-logging-1.1.3.jar:/home/user/.m2/repository/commons-beanutils/commons-beanutils/1.9.4/commons-beanutils-1.9.4.jar:/home/user/.m2/repository/org/apache/commons/commons-configuration2/2.1.1/commons-configuration2-2.1.1.jar:/home/user/.m2/repository/org/apache/commons/commons-lang3/3.7/commons-lang3-3.7.jar:/home/user/.m2/repository/org/apache/commons/commons-text/1.4/commons-text-1.4.jar:/home/user/.m2/repository/org/apache/avro/avro/1.7.7/avro-1.7.7.jar:/home/user/.m2/repository/com/thoughtworks/paranamer/paranamer/2.3/paranamer-2.3.jar:/home/user/.m2/repository/org/xerial/snappy/snappy-java/1.0.5/snappy-java-1.0.5.jar:/home/user/.m2/repository/com/google/re2j/re2j/1.1/re2j-1.1.jar:/home/user/.m2/repository/com/google/code/gson/gson/2.2.4/gson-2.2.4.jar:/home/user/.m2/repository/com/jcraft/jsch/0.1.54/jsch-0.1.54.jar:/home/user/.m2/repository/org/apache/curator/curator-client/2.12.0/curator-client-2.12.0.jar:/home/user/.m2/repository/org/apache/curator/curator-recipes/2.12.0/curator-recipes-2.12.0.jar:/home/user/.m2/repository/com/google/code/findbugs/jsr305/3.0.0/jsr305-3.0.0.jar:/home/user/.m2/repository/org/apache/htrace/htrace-core4/4.1.0-incubating/htrace-core4-4.1.0-incubating.jar:/home/user/.m2/repository/org/apache/zookeeper/zookeeper/3.4.13/zookeeper-3.4.13.jar:/home/user/.m2/repository/jline/jline/0.9.94/jline-0.9.94.jar:/home/user/.m2/repository/org/apache/yetus/audience-annotations/0.5.0/audience-annotations-0.5.0.jar:/home/user/.m2/repository/org/codehaus/woodstox/stax2-api/3.1.4/stax2-api-3.1.4.jar:/home/user/.m2/repository/com/fasterxml/woodstox/woodstox-core/5.0.3/woodstox-core-5.0.3.jar:/home/user/.m2/repository/dnsjava/dnsjava/2.1.7/dnsjava-2.1.7.jar:/home/user/.m2/repository/org/apache/hadoop/hadoop-hdfs/3.2.0/hadoop-hdfs-3.2.0-tests.jar:/home/user/.m2/repository/org/eclipse/jetty/jetty-util-ajax/9.3.25.v20180904/jetty-util-ajax-9.3.25.v20180904.jar:/home/user/.m2/repository/commons-daemon/commons-daemon/1.0.13/commons-daemon-1.0.13.jar:/home/user/.m2/repository/io/netty/netty/3.10.5.Final/netty-3.10.5.Final.jar:/home/user/.m2/repository/io/netty/netty-all/4.0.52.Final/netty-all-4.0.52.Final.jar:/home/user/.m2/repository/org/fusesource/leveldbjni/leveldbjni-all/1.8/leveldbjni-all-1.8.jar:"/>
    <property name="sun.cpu.endian" value="little"/>
    <property name="user.home" value="/home/user"/>
    <property name="user.language" value="en"/>
    <property name="java.specification.vendor" value="Oracle Corporation"/>
    <property name="java.home" value="/usr/lib/jvm/java-1.8-openjdk/jre"/>
    <property name="java.security.krb5.conf" value="/workdir/hadoop-ozone/integration-test/target/test-classes/krb5.conf"/>
    <property name="basedir" value="/workdir/hadoop-ozone/integration-test"/>
    <property name="file.separator" value="/"/>
    <property name="line.separator" value="&#10;"/>
    <property name="java.vm.specification.vendor" value="Oracle Corporation"/>
    <property name="java.specification.name" value="Java Platform API Specification"/>
    <property name="java.awt.graphicsenv" value="sun.awt.X11GraphicsEnvironment"/>
    <property name="surefire.real.class.path" value="/workdir/hadoop-ozone/integration-test/target/surefire/surefirebooter6237343943297055125.jar"/>
    <property name="hadoop.log.dir" value="/workdir/hadoop-ozone/integration-test/target/log"/>
    <property name="sun.boot.class.path" value="/usr/lib/jvm/java-1.8-openjdk/jre/lib/resources.jar:/usr/lib/jvm/java-1.8-openjdk/jre/lib/rt.jar:/usr/lib/jvm/java-1.8-openjdk/jre/lib/sunrsasign.jar:/usr/lib/jvm/java-1.8-openjdk/jre/lib/jsse.jar:/usr/lib/jvm/java-1.8-openjdk/jre/lib/jce.jar:/usr/lib/jvm/java-1.8-openjdk/jre/lib/charsets.jar:/usr/lib/jvm/java-1.8-openjdk/jre/lib/jfr.jar:/usr/lib/jvm/java-1.8-openjdk/jre/classes"/>
    <property name="sun.management.compiler" value="HotSpot 64-Bit Tiered Compilers"/>
    <property name="java.runtime.version" value="1.8.0_212-b04"/>
    <property name="java.net.preferIPv4Stack" value="true"/>
    <property name="user.name" value="jenkins1000"/>
    <property name="path.separator" value=":"/>
    <property name="java.security.egd" value="file:///dev/urandom"/>
    <property name="os.version" value="3.10.0-957.12.2.el7.x86_64"/>
    <property name="java.endorsed.dirs" value="/usr/lib/jvm/java-1.8-openjdk/jre/lib/endorsed"/>
    <property name="java.runtime.name" value="OpenJDK Runtime Environment"/>
    <property name="file.encoding" value="UTF-8"/>
    <property name="java.vm.name" value="OpenJDK 64-Bit Server VM"/>
    <property name="test.build.webapps" value=""/>
    <property name="localRepository" value="/home/user/.m2/repository"/>
    <property name="java.vendor.url.bug" value="https://icedtea.classpath.org/bugzilla"/>
    <property name="java.io.tmpdir" value="/tmp"/>
    <property name="require.test.libhadoop" value=""/>
    <property name="java.version" value="1.8.0_212"/>
    <property name="user.dir" value="/workdir/hadoop-ozone/integration-test"/>
    <property name="os.arch" value="amd64"/>
    <property name="java.vm.specification.name" value="Java Virtual Machine Specification"/>
    <property name="test.build.classes" value="/workdir/hadoop-ozone/integration-test/target/test-classes"/>
    <property name="java.awt.printerjob" value="sun.print.PSPrinterJob"/>
    <property name="sun.os.patch.level" value="unknown"/>
    <property name="hadoop.tmp.dir" value="/workdir/hadoop-ozone/integration-test/target/tmp"/>
    <property name="java.library.path" value="/usr/lib/jvm/java-1.8-openjdk/jre/lib/amd64/server:/usr/lib/jvm/java-1.8-openjdk/jre/lib/amd64:/usr/lib/jvm/java-1.8-openjdk/jre/../lib/amd64:/workdir/hadoop-ozone/integration-test/target/native/target/usr/local/lib:/workdir/hadoop-ozone/integration-test/../../hadoop-common-project/hadoop-common/target/native/target/usr/local/lib:/usr/java/packages/lib/amd64:/usr/lib64:/lib64:/lib:/usr/lib"/>
    <property name="java.vm.info" value="mixed mode"/>
    <property name="java.vendor" value="IcedTea"/>
    <property name="java.vm.version" value="25.212-b04"/>
    <property name="java.ext.dirs" value="/usr/lib/jvm/java-1.8-openjdk/jre/lib/ext:/usr/java/packages/lib/ext"/>
    <property name="sun.io.unicode.encoding" value="UnicodeLittle"/>
    <property name="java.class.version" value="52.0"/>
  </properties>
  <testcase name="testWatchForCommitWithKeyWrite" classname="org.apache.hadoop.ozone.client.rpc.TestWatchForCommit" time="78.938"/>
  <testcase name="testWatchForCommitWithSmallerTimeoutValue" classname="org.apache.hadoop.ozone.client.rpc.TestWatchForCommit" time="43.93"/>
  <testcase name="testWatchForCommitForRetryfailure" classname="org.apache.hadoop.ozone.client.rpc.TestWatchForCommit" time="75.96"/>
  <testcase name="testWatchForCommitForGroupMismatchException" classname="org.apache.hadoop.ozone.client.rpc.TestWatchForCommit" time="33.109"/>
  <testcase name="test2WayCommitForTimeoutException" classname="org.apache.hadoop.ozone.client.rpc.TestWatchForCommit" time="33.077">
    <error type="java.util.concurrent.TimeoutException">java.util.concurrent.TimeoutException
	at java.util.concurrent.CompletableFuture.timedGet(CompletableFuture.java:1771)
	at java.util.concurrent.CompletableFuture.get(CompletableFuture.java:1915)
	at org.apache.hadoop.hdds.scm.XceiverClientRatis.watchForCommit(XceiverClientRatis.java:298)
	at org.apache.hadoop.ozone.client.rpc.TestWatchForCommit.test2WayCommitForTimeoutException(TestWatchForCommit.java:391)
	at sun.reflect.NativeMethodAccessorImpl.invoke0(Native Method)
	at sun.reflect.NativeMethodAccessorImpl.invoke(NativeMethodAccessorImpl.java:62)
	at sun.reflect.DelegatingMethodAccessorImpl.invoke(DelegatingMethodAccessorImpl.java:43)
	at java.lang.reflect.Method.invoke(Method.java:498)
	at org.junit.runners.model.FrameworkMethod$1.runReflectiveCall(FrameworkMethod.java:47)
	at org.junit.internal.runners.model.ReflectiveCallable.run(ReflectiveCallable.java:12)
	at org.junit.runners.model.FrameworkMethod.invokeExplosively(FrameworkMethod.java:44)
	at org.junit.internal.runners.statements.InvokeMethod.evaluate(InvokeMethod.java:17)
	at org.junit.runners.ParentRunner.runLeaf(ParentRunner.java:271)
	at org.junit.runners.BlockJUnit4ClassRunner.runChild(BlockJUnit4ClassRunner.java:70)
	at org.junit.runners.BlockJUnit4ClassRunner.runChild(BlockJUnit4ClassRunner.java:50)
	at org.junit.runners.ParentRunner$3.run(ParentRunner.java:238)
	at org.junit.runners.ParentRunner$1.schedule(ParentRunner.java:63)
	at org.junit.runners.ParentRunner.runChildren(ParentRunner.java:236)
	at org.junit.runners.ParentRunner.access$000(ParentRunner.java:53)
	at org.junit.runners.ParentRunner$2.evaluate(ParentRunner.java:229)
	at org.junit.runners.ParentRunner.run(ParentRunner.java:309)
	at org.apache.maven.surefire.junit4.JUnit4Provider.execute(JUnit4Provider.java:365)
	at org.apache.maven.surefire.junit4.JUnit4Provider.executeWithRerun(JUnit4Provider.java:273)
	at org.apache.maven.surefire.junit4.JUnit4Provider.executeTestSet(JUnit4Provider.java:238)
	at org.apache.maven.surefire.junit4.JUnit4Provider.invoke(JUnit4Provider.java:159)
	at org.apache.maven.surefire.booter.ForkedBooter.invokeProviderInSameClassLoader(ForkedBooter.java:384)
	at org.apache.maven.surefire.booter.ForkedBooter.runSuitesInProcess(ForkedBooter.java:345)
	at org.apache.maven.surefire.booter.ForkedBooter.execute(ForkedBooter.java:126)
	at org.apache.maven.surefire.booter.ForkedBooter.main(ForkedBooter.java:418)
</error>
    <system-out><![CDATA[2019-10-02 23:36:01,437 [main] WARN  server.ServerUtils (ServerUtils.java:getScmDbDir(145)) - ozone.scm.db.dirs is not configured. We recommend adding this setting. Falling back to ozone.metadata.dirs instead.
2019-10-02 23:36:01,470 [main] WARN  server.ServerUtils (ServerUtils.java:getScmDbDir(145)) - ozone.scm.db.dirs is not configured. We recommend adding this setting. Falling back to ozone.metadata.dirs instead.
2019-10-02 23:36:01,470 [main] WARN  server.ServerUtils (ServerUtils.java:getScmDbDir(145)) - ozone.scm.db.dirs is not configured. We recommend adding this setting. Falling back to ozone.metadata.dirs instead.
2019-10-02 23:36:01,471 [main] INFO  db.DBStoreBuilder (DBStoreBuilder.java:addTable(110)) - using custom profile for table: deletedBlocks
2019-10-02 23:36:01,471 [main] INFO  db.DBStoreBuilder (DBStoreBuilder.java:processTables(161)) - Using default column profile:DBProfile.DISK for Table:deletedBlocks
2019-10-02 23:36:01,471 [main] INFO  db.DBStoreBuilder (DBStoreBuilder.java:addTable(110)) - using custom profile for table: validCerts
2019-10-02 23:36:01,471 [main] INFO  db.DBStoreBuilder (DBStoreBuilder.java:processTables(161)) - Using default column profile:DBProfile.DISK for Table:validCerts
2019-10-02 23:36:01,472 [main] INFO  db.DBStoreBuilder (DBStoreBuilder.java:addTable(110)) - using custom profile for table: revokedCerts
2019-10-02 23:36:01,472 [main] INFO  db.DBStoreBuilder (DBStoreBuilder.java:processTables(161)) - Using default column profile:DBProfile.DISK for Table:revokedCerts
2019-10-02 23:36:01,472 [main] INFO  db.DBStoreBuilder (DBStoreBuilder.java:addTable(110)) - using custom profile for table: default
2019-10-02 23:36:01,472 [main] INFO  db.DBStoreBuilder (DBStoreBuilder.java:processTables(167)) - Using default column profile:DBProfile.DISK for Table:default
2019-10-02 23:36:01,472 [main] INFO  db.DBStoreBuilder (DBStoreBuilder.java:getDbProfile(198)) - Using default options. DBProfile.DISK
2019-10-02 23:36:01,694 [main] INFO  net.NodeSchemaLoader (NodeSchemaLoader.java:loadSchemaFromFile(125)) - Loading file from sun.misc.CompoundEnumeration@339f3a55
2019-10-02 23:36:01,694 [main] INFO  net.NodeSchemaLoader (NodeSchemaLoader.java:loadSchema(171)) - Loading network topology layer schema file
2019-10-02 23:36:01,701 [main] WARN  server.ServerUtils (ServerUtils.java:sanitizeUserArgs(70)) - ozone.scm.stale.node.interval value = 300000 is larger than max = 100000 based on the key value of ozone.scm.heartbeat.thread.interval, reset to the max value 100000.
2019-10-02 23:36:01,701 [main] WARN  server.ServerUtils (ServerUtils.java:sanitizeUserArgs(70)) - ozone.scm.stale.node.interval value = 300000 is larger than max = 100000 based on the key value of ozone.scm.heartbeat.thread.interval, reset to the max value 100000.
2019-10-02 23:36:01,702 [main] INFO  node.SCMNodeManager (SCMNodeManager.java:<init>(114)) - Entering startup safe mode.
2019-10-02 23:36:01,703 [main] INFO  algorithms.ContainerPlacementPolicyFactory (ContainerPlacementPolicyFactory.java:getPolicy(57)) - Create container placement policy of type org.apache.hadoop.hdds.scm.container.placement.algorithms.SCMContainerPlacementRandom
2019-10-02 23:36:01,703 [main] WARN  server.ServerUtils (ServerUtils.java:getScmDbDir(145)) - ozone.scm.db.dirs is not configured. We recommend adding this setting. Falling back to ozone.metadata.dirs instead.
2019-10-02 23:36:01,816 [main] INFO  pipeline.SCMPipelineManager (SCMPipelineManager.java:initializePipelineState(132)) - No pipeline exists in current db
2019-10-02 23:36:01,816 [main] WARN  server.ServerUtils (ServerUtils.java:getScmDbDir(145)) - ozone.scm.db.dirs is not configured. We recommend adding this setting. Falling back to ozone.metadata.dirs instead.
2019-10-02 23:36:01,920 [main] WARN  events.EventQueue (EventQueue.java:fireEvent(183)) - No event handler registered for event TypedEvent{payloadType=SafeModeStatus, name='SafeModeStatus'}
2019-10-02 23:36:01,921 [main] INFO  ipc.CallQueueManager (CallQueueManager.java:<init>(84)) - Using callQueue: class java.util.concurrent.LinkedBlockingQueue, queueCapacity: 2000, scheduler: class org.apache.hadoop.ipc.DefaultRpcScheduler, ipcBackoff: false.
2019-10-02 23:36:01,923 [Socket Reader #1 for port 42280] INFO  ipc.Server (Server.java:run(1074)) - Starting Socket Reader #1 for port 42280
2019-10-02 23:36:01,925 [main] INFO  ipc.CallQueueManager (CallQueueManager.java:<init>(84)) - Using callQueue: class java.util.concurrent.LinkedBlockingQueue, queueCapacity: 2000, scheduler: class org.apache.hadoop.ipc.DefaultRpcScheduler, ipcBackoff: false.
2019-10-02 23:36:01,926 [Socket Reader #1 for port 41462] INFO  ipc.Server (Server.java:run(1074)) - Starting Socket Reader #1 for port 41462
2019-10-02 23:36:01,928 [main] INFO  ipc.CallQueueManager (CallQueueManager.java:<init>(84)) - Using callQueue: class java.util.concurrent.LinkedBlockingQueue, queueCapacity: 2000, scheduler: class org.apache.hadoop.ipc.DefaultRpcScheduler, ipcBackoff: false.
2019-10-02 23:36:01,928 [Socket Reader #1 for port 37517] INFO  ipc.Server (Server.java:run(1074)) - Starting Socket Reader #1 for port 37517
2019-10-02 23:36:01,931 [main] INFO  hdfs.DFSUtil (DFSUtil.java:httpServerTemplateForNNAndJN(1641)) - Starting Web-server for scm at: http://0.0.0.0:0
2019-10-02 23:36:01,933 [main] INFO  server.AuthenticationFilter (AuthenticationFilter.java:constructSecretProvider(240)) - Unable to initialize FileSignerSecretProvider, falling back to use random secrets.
2019-10-02 23:36:01,934 [main] WARN  http.HttpRequestLog (HttpRequestLog.java:getRequestLog(97)) - Jetty request log can only be enabled using Log4j
2019-10-02 23:36:01,937 [main] INFO  http.HttpServer2 (HttpServer2.java:addGlobalFilter(975)) - Added global filter 'safety' (class=org.apache.hadoop.http.HttpServer2$QuotingInputFilter)
2019-10-02 23:36:01,938 [main] INFO  http.HttpServer2 (HttpServer2.java:addFilter(948)) - Added filter static_user_filter (class=org.apache.hadoop.http.lib.StaticUserWebFilter$StaticUserFilter) to context scm
2019-10-02 23:36:01,938 [main] INFO  http.HttpServer2 (HttpServer2.java:addFilter(958)) - Added filter static_user_filter (class=org.apache.hadoop.http.lib.StaticUserWebFilter$StaticUserFilter) to context logs
2019-10-02 23:36:01,939 [main] INFO  http.HttpServer2 (HttpServer2.java:addFilter(958)) - Added filter static_user_filter (class=org.apache.hadoop.http.lib.StaticUserWebFilter$StaticUserFilter) to context static
2019-10-02 23:36:01,942 [main] INFO  server.StorageContainerManager (StorageContainerManager.java:start(770)) - StorageContainerLocationProtocol RPC server is listening at /0.0.0.0:37517
2019-10-02 23:36:01,945 [main] WARN  impl.MetricsConfig (MetricsConfig.java:loadFirst(134)) - Cannot locate configuration: tried hadoop-metrics2-storagecontainermanager.properties,hadoop-metrics2.properties
2019-10-02 23:36:01,946 [main] INFO  impl.MetricsSystemImpl (MetricsSystemImpl.java:startTimer(374)) - Scheduled Metric snapshot period at 10 second(s).
2019-10-02 23:36:01,946 [main] INFO  impl.MetricsSystemImpl (MetricsSystemImpl.java:start(191)) - StorageContainerManager metrics system started
2019-10-02 23:36:02,015 [main] WARN  impl.MetricsSystemImpl (MetricsSystemImpl.java:register(276)) - Sink prometheus already exists!
2019-10-02 23:36:02,107 [main] INFO  server.SCMClientProtocolServer (SCMClientProtocolServer.java:start(150)) - RPC server for Client  is listening at /0.0.0.0:37517
2019-10-02 23:36:02,107 [IPC Server Responder] INFO  ipc.Server (Server.java:run(1314)) - IPC Server Responder: starting
2019-10-02 23:36:02,108 [IPC Server listener on 37517] INFO  ipc.Server (Server.java:run(1153)) - IPC Server listener on 37517: starting
2019-10-02 23:36:02,112 [main] INFO  server.StorageContainerManager (StorageContainerManager.java:start(780)) - ScmBlockLocationProtocol RPC server is listening at /0.0.0.0:41462
2019-10-02 23:36:02,113 [main] INFO  server.SCMBlockProtocolServer (SCMBlockProtocolServer.java:start(146)) - RPC server for Block Protocol is listening at /0.0.0.0:41462
2019-10-02 23:36:02,113 [IPC Server Responder] INFO  ipc.Server (Server.java:run(1314)) - IPC Server Responder: starting
2019-10-02 23:36:02,113 [IPC Server listener on 41462] INFO  ipc.Server (Server.java:run(1153)) - IPC Server listener on 41462: starting
2019-10-02 23:36:02,118 [main] INFO  server.StorageContainerManager (StorageContainerManager.java:start(784)) - ScmDatanodeProtocl RPC server is listening at /0.0.0.0:42280
2019-10-02 23:36:02,118 [main] INFO  server.SCMDatanodeProtocolServer (SCMDatanodeProtocolServer.java:start(169)) - RPC server for DataNodes is listening at /0.0.0.0:42280
2019-10-02 23:36:02,118 [IPC Server Responder] INFO  ipc.Server (Server.java:run(1314)) - IPC Server Responder: starting
2019-10-02 23:36:02,118 [IPC Server listener on 42280] INFO  ipc.Server (Server.java:run(1153)) - IPC Server listener on 42280: starting
2019-10-02 23:36:02,123 [main] INFO  http.HttpServer2 (HttpServer2.java:bindListener(1191)) - Jetty bound to port 44467
2019-10-02 23:36:02,123 [main] INFO  server.Server (Server.java:doStart(351)) - jetty-9.3.25.v20180904, build timestamp: 2018-09-04T21:11:46Z, git hash: 3ce520221d0240229c862b122d2b06c12a625732
2019-10-02 23:36:02,125 [main] INFO  handler.ContextHandler (ContextHandler.java:doStart(781)) - Started o.e.j.s.ServletContextHandler@58687fb7{/logs,file:///workdir/hadoop-ozone/integration-test/target/log,AVAILABLE}
2019-10-02 23:36:02,125 [main] INFO  handler.ContextHandler (ContextHandler.java:doStart(781)) - Started o.e.j.s.ServletContextHandler@3a3b10f4{/static,file:///workdir/hadoop-ozone/integration-test/target/test-classes/webapps/static,AVAILABLE}
2019-10-02 23:36:02,129 [main] INFO  handler.ContextHandler (ContextHandler.java:doStart(781)) - Started o.e.j.w.WebAppContext@250d440{/,file:///workdir/hadoop-ozone/integration-test/target/test-classes/webapps/scm/,AVAILABLE}{/scm}
2019-10-02 23:36:02,129 [main] INFO  server.AbstractConnector (AbstractConnector.java:doStart(278)) - Started ServerConnector@76c86567{HTTP/1.1,[http/1.1]}{0.0.0.0:44467}
2019-10-02 23:36:02,130 [main] INFO  server.Server (Server.java:doStart(419)) - Started @233056ms
2019-10-02 23:36:02,131 [main] WARN  impl.MetricsSystemImpl (MetricsSystemImpl.java:register(276)) - Sink prometheus already exists!
2019-10-02 23:36:02,131 [main] INFO  server.BaseHttpServer (BaseHttpServer.java:updateConnectorAddress(215)) - HTTP server of SCM is listening at http://0.0.0.0:44467
2019-10-02 23:36:02,132 [main] WARN  server.ServerUtils (ServerUtils.java:getDBPath(222)) - ozone.om.db.dirs is not configured. We recommend adding this setting. Falling back to ozone.metadata.dirs instead.
2019-10-02 23:36:02,132 [org.apache.hadoop.util.JvmPauseMonitor$Monitor@5a4dda2] INFO  util.JvmPauseMonitor (JvmPauseMonitor.java:run(188)) - Starting JVM pause monitor
2019-10-02 23:36:02,156 [main] INFO  ha.OMHANodeDetails (OMHANodeDetails.java:loadOMHAConfig(190)) - Configuration either no ozone.om.address set. Falling back to the default OM address /127.0.0.1:0
2019-10-02 23:36:02,157 [main] INFO  ha.OMHANodeDetails (OMHANodeDetails.java:getOMNodeDetails(220)) - OM Service ID is not set. Setting it to the default ID: omServiceIdDefault
2019-10-02 23:36:02,157 [main] WARN  server.ServerUtils (ServerUtils.java:getDBPath(222)) - ozone.om.db.dirs is not configured. We recommend adding this setting. Falling back to ozone.metadata.dirs instead.
2019-10-02 23:36:02,158 [main] WARN  server.ServerUtils (ServerUtils.java:getDBPath(222)) - ozone.om.db.dirs is not configured. We recommend adding this setting. Falling back to ozone.metadata.dirs instead.
2019-10-02 23:36:02,166 [main] WARN  server.ServerUtils (ServerUtils.java:getDBPath(222)) - ozone.om.db.dirs is not configured. We recommend adding this setting. Falling back to ozone.metadata.dirs instead.
2019-10-02 23:36:02,166 [main] INFO  db.DBStoreBuilder (DBStoreBuilder.java:addTable(110)) - using custom profile for table: userTable
2019-10-02 23:36:02,166 [main] INFO  db.DBStoreBuilder (DBStoreBuilder.java:processTables(161)) - Using default column profile:DBProfile.DISK for Table:userTable
2019-10-02 23:36:02,167 [main] INFO  db.DBStoreBuilder (DBStoreBuilder.java:addTable(110)) - using custom profile for table: volumeTable
2019-10-02 23:36:02,167 [main] INFO  db.DBStoreBuilder (DBStoreBuilder.java:processTables(161)) - Using default column profile:DBProfile.DISK for Table:volumeTable
2019-10-02 23:36:02,167 [main] INFO  db.DBStoreBuilder (DBStoreBuilder.java:addTable(110)) - using custom profile for table: bucketTable
2019-10-02 23:36:02,167 [main] INFO  db.DBStoreBuilder (DBStoreBuilder.java:processTables(161)) - Using default column profile:DBProfile.DISK for Table:bucketTable
2019-10-02 23:36:02,168 [main] INFO  db.DBStoreBuilder (DBStoreBuilder.java:addTable(110)) - using custom profile for table: keyTable
2019-10-02 23:36:02,168 [main] INFO  db.DBStoreBuilder (DBStoreBuilder.java:processTables(161)) - Using default column profile:DBProfile.DISK for Table:keyTable
2019-10-02 23:36:02,168 [main] INFO  db.DBStoreBuilder (DBStoreBuilder.java:addTable(110)) - using custom profile for table: deletedTable
2019-10-02 23:36:02,168 [main] INFO  db.DBStoreBuilder (DBStoreBuilder.java:processTables(161)) - Using default column profile:DBProfile.DISK for Table:deletedTable
2019-10-02 23:36:02,168 [main] INFO  db.DBStoreBuilder (DBStoreBuilder.java:addTable(110)) - using custom profile for table: openKeyTable
2019-10-02 23:36:02,168 [main] INFO  db.DBStoreBuilder (DBStoreBuilder.java:processTables(161)) - Using default column profile:DBProfile.DISK for Table:openKeyTable
2019-10-02 23:36:02,169 [main] INFO  db.DBStoreBuilder (DBStoreBuilder.java:addTable(110)) - using custom profile for table: s3Table
2019-10-02 23:36:02,169 [main] INFO  db.DBStoreBuilder (DBStoreBuilder.java:processTables(161)) - Using default column profile:DBProfile.DISK for Table:s3Table
2019-10-02 23:36:02,169 [main] INFO  db.DBStoreBuilder (DBStoreBuilder.java:addTable(110)) - using custom profile for table: multipartInfoTable
2019-10-02 23:36:02,169 [main] INFO  db.DBStoreBuilder (DBStoreBuilder.java:processTables(161)) - Using default column profile:DBProfile.DISK for Table:multipartInfoTable
2019-10-02 23:36:02,169 [main] INFO  db.DBStoreBuilder (DBStoreBuilder.java:addTable(110)) - using custom profile for table: dTokenTable
2019-10-02 23:36:02,170 [main] INFO  db.DBStoreBuilder (DBStoreBuilder.java:processTables(161)) - Using default column profile:DBProfile.DISK for Table:dTokenTable
2019-10-02 23:36:02,170 [main] INFO  db.DBStoreBuilder (DBStoreBuilder.java:addTable(110)) - using custom profile for table: s3SecretTable
2019-10-02 23:36:02,170 [main] INFO  db.DBStoreBuilder (DBStoreBuilder.java:processTables(161)) - Using default column profile:DBProfile.DISK for Table:s3SecretTable
2019-10-02 23:36:02,170 [main] INFO  db.DBStoreBuilder (DBStoreBuilder.java:addTable(110)) - using custom profile for table: prefixTable
2019-10-02 23:36:02,170 [main] INFO  db.DBStoreBuilder (DBStoreBuilder.java:processTables(161)) - Using default column profile:DBProfile.DISK for Table:prefixTable
2019-10-02 23:36:02,171 [main] INFO  db.DBStoreBuilder (DBStoreBuilder.java:addTable(110)) - using custom profile for table: default
2019-10-02 23:36:02,171 [main] INFO  db.DBStoreBuilder (DBStoreBuilder.java:processTables(167)) - Using default column profile:DBProfile.DISK for Table:default
2019-10-02 23:36:02,171 [main] INFO  db.DBStoreBuilder (DBStoreBuilder.java:getDbProfile(198)) - Using default options. DBProfile.DISK
2019-10-02 23:36:02,895 [main] INFO  ipc.CallQueueManager (CallQueueManager.java:<init>(84)) - Using callQueue: class java.util.concurrent.LinkedBlockingQueue, queueCapacity: 2000, scheduler: class org.apache.hadoop.ipc.DefaultRpcScheduler, ipcBackoff: false.
2019-10-02 23:36:02,897 [Socket Reader #1 for port 45189] INFO  ipc.Server (Server.java:run(1074)) - Starting Socket Reader #1 for port 45189
2019-10-02 23:36:02,914 [main] INFO  om.OzoneManager (OzoneManager.java:start(1069)) - OzoneManager RPC server is listening at localhost/127.0.0.1:45189
2019-10-02 23:36:02,915 [main] INFO  impl.MetricsSystemImpl (MetricsSystemImpl.java:init(158)) - OzoneManager metrics system started (again)
2019-10-02 23:36:02,915 [IPC Server Responder] INFO  ipc.Server (Server.java:run(1314)) - IPC Server Responder: starting
2019-10-02 23:36:02,916 [IPC Server listener on 45189] INFO  ipc.Server (Server.java:run(1153)) - IPC Server listener on 45189: starting
2019-10-02 23:36:02,922 [main] INFO  hdfs.DFSUtil (DFSUtil.java:httpServerTemplateForNNAndJN(1641)) - Starting Web-server for ozoneManager at: http://0.0.0.0:0
2019-10-02 23:36:02,923 [main] INFO  server.AuthenticationFilter (AuthenticationFilter.java:constructSecretProvider(240)) - Unable to initialize FileSignerSecretProvider, falling back to use random secrets.
2019-10-02 23:36:02,924 [main] WARN  http.HttpRequestLog (HttpRequestLog.java:getRequestLog(97)) - Jetty request log can only be enabled using Log4j
2019-10-02 23:36:02,926 [main] INFO  http.HttpServer2 (HttpServer2.java:addGlobalFilter(975)) - Added global filter 'safety' (class=org.apache.hadoop.http.HttpServer2$QuotingInputFilter)
2019-10-02 23:36:02,926 [main] INFO  http.HttpServer2 (HttpServer2.java:addFilter(948)) - Added filter static_user_filter (class=org.apache.hadoop.http.lib.StaticUserWebFilter$StaticUserFilter) to context ozoneManager
2019-10-02 23:36:02,926 [main] INFO  http.HttpServer2 (HttpServer2.java:addFilter(958)) - Added filter static_user_filter (class=org.apache.hadoop.http.lib.StaticUserWebFilter$StaticUserFilter) to context static
2019-10-02 23:36:02,927 [main] INFO  http.HttpServer2 (HttpServer2.java:addFilter(958)) - Added filter static_user_filter (class=org.apache.hadoop.http.lib.StaticUserWebFilter$StaticUserFilter) to context logs
2019-10-02 23:36:02,927 [main] INFO  http.HttpServer2 (HttpServer2.java:bindListener(1191)) - Jetty bound to port 38505
2019-10-02 23:36:02,927 [main] INFO  server.Server (Server.java:doStart(351)) - jetty-9.3.25.v20180904, build timestamp: 2018-09-04T21:11:46Z, git hash: 3ce520221d0240229c862b122d2b06c12a625732
2019-10-02 23:36:02,929 [main] INFO  handler.ContextHandler (ContextHandler.java:doStart(781)) - Started o.e.j.s.ServletContextHandler@32ea16b7{/logs,file:///workdir/hadoop-ozone/integration-test/target/log,AVAILABLE}
2019-10-02 23:36:02,930 [main] INFO  handler.ContextHandler (ContextHandler.java:doStart(781)) - Started o.e.j.s.ServletContextHandler@58f254b1{/static,file:///workdir/hadoop-ozone/integration-test/target/test-classes/webapps/static,AVAILABLE}
2019-10-02 23:36:02,934 [main] INFO  handler.ContextHandler (ContextHandler.java:doStart(781)) - Started o.e.j.w.WebAppContext@41e9f86{/,file:///workdir/hadoop-ozone/integration-test/target/test-classes/webapps/ozoneManager/,AVAILABLE}{/ozoneManager}
2019-10-02 23:36:02,935 [main] INFO  server.AbstractConnector (AbstractConnector.java:doStart(278)) - Started ServerConnector@66f5b8fe{HTTP/1.1,[http/1.1]}{0.0.0.0:38505}
2019-10-02 23:36:02,936 [main] INFO  server.Server (Server.java:doStart(419)) - Started @233862ms
2019-10-02 23:36:02,936 [main] WARN  impl.MetricsSystemImpl (MetricsSystemImpl.java:register(276)) - Sink prometheus already exists!
2019-10-02 23:36:02,937 [main] INFO  server.BaseHttpServer (BaseHttpServer.java:updateConnectorAddress(215)) - HTTP server of OZONEMANAGER is listening at http://0.0.0.0:38505
2019-10-02 23:36:02,954 [main] INFO  impl.MetricsSystemImpl (MetricsSystemImpl.java:init(158)) - HddsDatanode metrics system started (again)
2019-10-02 23:36:02,958 [main] INFO  ozone.HddsDatanodeService (HddsDatanodeService.java:start(184)) - HddsDatanodeService host:pr-hdds-2228-s7bqq-3240520643 ip:192.168.30.26
2019-10-02 23:36:02,965 [main] INFO  volume.HddsVolume (HddsVolume.java:<init>(176)) - Creating Volume: /workdir/hadoop-ozone/integration-test/target/test-dir/MiniOzoneClusterImpl-f1f4c3ff-5d54-4c76-9e3b-ad485f195bfe/datanode-0/data/containers/hdds of  storage type : DISK and capacity : 1482555576320
2019-10-02 23:36:02,966 [main] INFO  volume.VolumeSet (VolumeSet.java:initializeVolumeSet(170)) - Added Volume : /workdir/hadoop-ozone/integration-test/target/test-dir/MiniOzoneClusterImpl-f1f4c3ff-5d54-4c76-9e3b-ad485f195bfe/datanode-0/data/containers/hdds to VolumeSet
2019-10-02 23:36:02,966 [main] INFO  volume.ThrottledAsyncChecker (ThrottledAsyncChecker.java:schedule(139)) - Scheduling a check for org.apache.hadoop.ozone.container.common.volume.HddsVolume@3a11c0eb
2019-10-02 23:36:02,967 [main] INFO  volume.HddsVolumeChecker (HddsVolumeChecker.java:checkAllVolumes(202)) - Scheduled health check for volume org.apache.hadoop.ozone.container.common.volume.HddsVolume@3a11c0eb
2019-10-02 23:36:02,983 [main] INFO  impl.RaftServerProxy (ConfUtils.java:logGet(43)) - raft.rpc.type = GRPC (default)
2019-10-02 23:36:02,984 [main] INFO  grpc.GrpcFactory (GrpcFactory.java:checkPooledByteBufAllocatorUseCacheForAllThreads(45)) - PERFORMANCE WARNING: useCacheForAllThreads is true that may cause Netty to create a lot garbage objects and, as a result, trigger GC.
	It is recommended to disable useCacheForAllThreads by setting -Dorg.apache.ratis.thirdparty.io.netty.allocator.useCacheForAllThreads=false in command line.
2019-10-02 23:36:02,984 [main] INFO  grpc.GrpcConfigKeys$Server (ConfUtils.java:logGet(43)) - raft.grpc.server.port = 0 (default)
2019-10-02 23:36:02,984 [main] INFO  server.GrpcService (ConfUtils.java:logGet(43)) - raft.grpc.message.size.max = 33570816 (custom)
2019-10-02 23:36:02,984 [main] INFO  server.RaftServerConfigKeys (ConfUtils.java:logGet(43)) - raft.server.log.appender.buffer.byte-limit = 33554432 (custom)
2019-10-02 23:36:02,985 [main] INFO  server.GrpcService (ConfUtils.java:logGet(43)) - raft.grpc.flow.control.window = 1MB (=1048576) (default)
2019-10-02 23:36:02,985 [main] INFO  server.RaftServerConfigKeys (ConfUtils.java:logGet(43)) - raft.server.rpc.request.timeout = 3000ms (default)
2019-10-02 23:36:02,985 [main] INFO  server.RaftServerConfigKeys (ConfUtils.java:logGet(43)) - raft.server.storage.dir = [/workdir/hadoop-ozone/integration-test/target/test-dir/MiniOzoneClusterImpl-f1f4c3ff-5d54-4c76-9e3b-ad485f195bfe/datanode-0/data/ratis] (custom)
2019-10-02 23:36:02,987 [main] INFO  hdfs.DFSUtil (DFSUtil.java:httpServerTemplateForNNAndJN(1641)) - Starting Web-server for hddsDatanode at: http://0.0.0.0:0
2019-10-02 23:36:02,988 [main] INFO  server.AuthenticationFilter (AuthenticationFilter.java:constructSecretProvider(240)) - Unable to initialize FileSignerSecretProvider, falling back to use random secrets.
2019-10-02 23:36:02,988 [main] WARN  http.HttpRequestLog (HttpRequestLog.java:getRequestLog(97)) - Jetty request log can only be enabled using Log4j
2019-10-02 23:36:02,990 [main] INFO  http.HttpServer2 (HttpServer2.java:addGlobalFilter(975)) - Added global filter 'safety' (class=org.apache.hadoop.http.HttpServer2$QuotingInputFilter)
2019-10-02 23:36:02,990 [main] INFO  http.HttpServer2 (HttpServer2.java:addFilter(948)) - Added filter static_user_filter (class=org.apache.hadoop.http.lib.StaticUserWebFilter$StaticUserFilter) to context hddsDatanode
2019-10-02 23:36:02,990 [main] INFO  http.HttpServer2 (HttpServer2.java:addFilter(958)) - Added filter static_user_filter (class=org.apache.hadoop.http.lib.StaticUserWebFilter$StaticUserFilter) to context static
2019-10-02 23:36:02,991 [main] INFO  http.HttpServer2 (HttpServer2.java:addFilter(958)) - Added filter static_user_filter (class=org.apache.hadoop.http.lib.StaticUserWebFilter$StaticUserFilter) to context logs
2019-10-02 23:36:02,991 [main] INFO  http.HttpServer2 (HttpServer2.java:bindListener(1191)) - Jetty bound to port 41728
2019-10-02 23:36:02,991 [main] INFO  server.Server (Server.java:doStart(351)) - jetty-9.3.25.v20180904, build timestamp: 2018-09-04T21:11:46Z, git hash: 3ce520221d0240229c862b122d2b06c12a625732
2019-10-02 23:36:02,993 [main] INFO  handler.ContextHandler (ContextHandler.java:doStart(781)) - Started o.e.j.s.ServletContextHandler@24fba488{/logs,file:///workdir/hadoop-ozone/integration-test/target/log,AVAILABLE}
2019-10-02 23:36:02,993 [main] INFO  handler.ContextHandler (ContextHandler.java:doStart(781)) - Started o.e.j.s.ServletContextHandler@5a4d4f9c{/static,jar:file:/home/user/.m2/repository/org/apache/hadoop/hadoop-hdds-container-service/0.5.0-SNAPSHOT/hadoop-hdds-container-service-0.5.0-SNAPSHOT.jar!/webapps/static,AVAILABLE}
2019-10-02 23:36:03,024 [main] INFO  handler.ContextHandler (ContextHandler.java:doStart(781)) - Started o.e.j.w.WebAppContext@7b18658a{/,file:///tmp/jetty-0.0.0.0-41728-hddsDatanode-_-any-8823316942228934097.dir/webapp/,AVAILABLE}{/hddsDatanode}
2019-10-02 23:36:03,024 [main] INFO  server.AbstractConnector (AbstractConnector.java:doStart(278)) - Started ServerConnector@30f28b5{HTTP/1.1,[http/1.1]}{0.0.0.0:41728}
2019-10-02 23:36:03,026 [main] INFO  server.Server (Server.java:doStart(419)) - Started @233950ms
2019-10-02 23:36:03,026 [main] WARN  impl.MetricsSystemImpl (MetricsSystemImpl.java:register(276)) - Sink prometheus already exists!
2019-10-02 23:36:03,026 [main] INFO  server.BaseHttpServer (BaseHttpServer.java:updateConnectorAddress(215)) - HTTP server of HDDSDATANODE is listening at http://0.0.0.0:41728
2019-10-02 23:36:03,027 [main] INFO  impl.MetricsSystemImpl (MetricsSystemImpl.java:init(158)) - HddsDatanode metrics system started (again)
2019-10-02 23:36:03,030 [org.apache.hadoop.util.JvmPauseMonitor$Monitor@1a7a6b58] INFO  util.JvmPauseMonitor (JvmPauseMonitor.java:run(188)) - Starting JVM pause monitor
2019-10-02 23:36:03,031 [main] INFO  ozone.HddsDatanodeService (HddsDatanodeService.java:start(184)) - HddsDatanodeService host:pr-hdds-2228-s7bqq-3240520643 ip:192.168.30.26
2019-10-02 23:36:03,033 [Datanode State Machine Thread - 0] INFO  datanode.InitDatanodeState (InitDatanodeState.java:persistContainerDatanodeDetails(140)) - DatanodeDetails is persisted to /workdir/hadoop-ozone/integration-test/target/test-dir/MiniOzoneClusterImpl-f1f4c3ff-5d54-4c76-9e3b-ad485f195bfe/datanode-0/meta/datanode.id
2019-10-02 23:36:03,037 [main] INFO  volume.HddsVolume (HddsVolume.java:<init>(176)) - Creating Volume: /workdir/hadoop-ozone/integration-test/target/test-dir/MiniOzoneClusterImpl-f1f4c3ff-5d54-4c76-9e3b-ad485f195bfe/datanode-1/data/containers/hdds of  storage type : DISK and capacity : 1482555576320
2019-10-02 23:36:03,038 [main] INFO  volume.VolumeSet (VolumeSet.java:initializeVolumeSet(170)) - Added Volume : /workdir/hadoop-ozone/integration-test/target/test-dir/MiniOzoneClusterImpl-f1f4c3ff-5d54-4c76-9e3b-ad485f195bfe/datanode-1/data/containers/hdds to VolumeSet
2019-10-02 23:36:03,038 [main] INFO  volume.ThrottledAsyncChecker (ThrottledAsyncChecker.java:schedule(139)) - Scheduling a check for org.apache.hadoop.ozone.container.common.volume.HddsVolume@391d1e33
2019-10-02 23:36:03,038 [main] INFO  volume.HddsVolumeChecker (HddsVolumeChecker.java:checkAllVolumes(202)) - Scheduled health check for volume org.apache.hadoop.ozone.container.common.volume.HddsVolume@391d1e33
2019-10-02 23:36:03,054 [main] INFO  impl.RaftServerProxy (ConfUtils.java:logGet(43)) - raft.rpc.type = GRPC (default)
2019-10-02 23:36:03,054 [main] INFO  grpc.GrpcFactory (GrpcFactory.java:checkPooledByteBufAllocatorUseCacheForAllThreads(45)) - PERFORMANCE WARNING: useCacheForAllThreads is true that may cause Netty to create a lot garbage objects and, as a result, trigger GC.
	It is recommended to disable useCacheForAllThreads by setting -Dorg.apache.ratis.thirdparty.io.netty.allocator.useCacheForAllThreads=false in command line.
2019-10-02 23:36:03,054 [main] INFO  grpc.GrpcConfigKeys$Server (ConfUtils.java:logGet(43)) - raft.grpc.server.port = 0 (default)
2019-10-02 23:36:03,054 [main] INFO  server.GrpcService (ConfUtils.java:logGet(43)) - raft.grpc.message.size.max = 33570816 (custom)
2019-10-02 23:36:03,055 [main] INFO  server.RaftServerConfigKeys (ConfUtils.java:logGet(43)) - raft.server.log.appender.buffer.byte-limit = 33554432 (custom)
2019-10-02 23:36:03,055 [main] INFO  server.GrpcService (ConfUtils.java:logGet(43)) - raft.grpc.flow.control.window = 1MB (=1048576) (default)
2019-10-02 23:36:03,055 [main] INFO  server.RaftServerConfigKeys (ConfUtils.java:logGet(43)) - raft.server.rpc.request.timeout = 3000ms (default)
2019-10-02 23:36:03,055 [main] INFO  server.RaftServerConfigKeys (ConfUtils.java:logGet(43)) - raft.server.storage.dir = [/workdir/hadoop-ozone/integration-test/target/test-dir/MiniOzoneClusterImpl-f1f4c3ff-5d54-4c76-9e3b-ad485f195bfe/datanode-1/data/ratis] (custom)
2019-10-02 23:36:03,057 [main] INFO  hdfs.DFSUtil (DFSUtil.java:httpServerTemplateForNNAndJN(1641)) - Starting Web-server for hddsDatanode at: http://0.0.0.0:0
2019-10-02 23:36:03,058 [main] INFO  server.AuthenticationFilter (AuthenticationFilter.java:constructSecretProvider(240)) - Unable to initialize FileSignerSecretProvider, falling back to use random secrets.
2019-10-02 23:36:03,058 [main] WARN  http.HttpRequestLog (HttpRequestLog.java:getRequestLog(97)) - Jetty request log can only be enabled using Log4j
2019-10-02 23:36:03,059 [main] INFO  http.HttpServer2 (HttpServer2.java:addGlobalFilter(975)) - Added global filter 'safety' (class=org.apache.hadoop.http.HttpServer2$QuotingInputFilter)
2019-10-02 23:36:03,060 [main] INFO  http.HttpServer2 (HttpServer2.java:addFilter(948)) - Added filter static_user_filter (class=org.apache.hadoop.http.lib.StaticUserWebFilter$StaticUserFilter) to context hddsDatanode
2019-10-02 23:36:03,060 [main] INFO  http.HttpServer2 (HttpServer2.java:addFilter(958)) - Added filter static_user_filter (class=org.apache.hadoop.http.lib.StaticUserWebFilter$StaticUserFilter) to context logs
2019-10-02 23:36:03,060 [main] INFO  http.HttpServer2 (HttpServer2.java:addFilter(958)) - Added filter static_user_filter (class=org.apache.hadoop.http.lib.StaticUserWebFilter$StaticUserFilter) to context static
2019-10-02 23:36:03,061 [main] INFO  http.HttpServer2 (HttpServer2.java:bindListener(1191)) - Jetty bound to port 37377
2019-10-02 23:36:03,061 [main] INFO  server.Server (Server.java:doStart(351)) - jetty-9.3.25.v20180904, build timestamp: 2018-09-04T21:11:46Z, git hash: 3ce520221d0240229c862b122d2b06c12a625732
2019-10-02 23:36:03,062 [main] INFO  handler.ContextHandler (ContextHandler.java:doStart(781)) - Started o.e.j.s.ServletContextHandler@48cd319d{/logs,file:///workdir/hadoop-ozone/integration-test/target/log,AVAILABLE}
2019-10-02 23:36:03,063 [main] INFO  handler.ContextHandler (ContextHandler.java:doStart(781)) - Started o.e.j.s.ServletContextHandler@4ef18604{/static,jar:file:/home/user/.m2/repository/org/apache/hadoop/hadoop-hdds-container-service/0.5.0-SNAPSHOT/hadoop-hdds-container-service-0.5.0-SNAPSHOT.jar!/webapps/static,AVAILABLE}
2019-10-02 23:36:03,095 [main] INFO  handler.ContextHandler (ContextHandler.java:doStart(781)) - Started o.e.j.w.WebAppContext@6b2fdffc{/,file:///tmp/jetty-0.0.0.0-37377-hddsDatanode-_-any-2141706033142059982.dir/webapp/,AVAILABLE}{/hddsDatanode}
2019-10-02 23:36:03,096 [main] INFO  server.AbstractConnector (AbstractConnector.java:doStart(278)) - Started ServerConnector@2ca3d826{HTTP/1.1,[http/1.1]}{0.0.0.0:37377}
2019-10-02 23:36:03,097 [main] INFO  server.Server (Server.java:doStart(419)) - Started @234021ms
2019-10-02 23:36:03,097 [main] WARN  impl.MetricsSystemImpl (MetricsSystemImpl.java:register(276)) - Sink prometheus already exists!
2019-10-02 23:36:03,098 [main] INFO  server.BaseHttpServer (BaseHttpServer.java:updateConnectorAddress(215)) - HTTP server of HDDSDATANODE is listening at http://0.0.0.0:37377
2019-10-02 23:36:03,098 [main] INFO  impl.MetricsSystemImpl (MetricsSystemImpl.java:init(158)) - HddsDatanode metrics system started (again)
2019-10-02 23:36:03,103 [org.apache.hadoop.util.JvmPauseMonitor$Monitor@5822d527] INFO  util.JvmPauseMonitor (JvmPauseMonitor.java:run(188)) - Starting JVM pause monitor
2019-10-02 23:36:03,103 [main] INFO  ozone.HddsDatanodeService (HddsDatanodeService.java:start(184)) - HddsDatanodeService host:pr-hdds-2228-s7bqq-3240520643 ip:192.168.30.26
2019-10-02 23:36:03,104 [Datanode State Machine Thread - 0] INFO  datanode.InitDatanodeState (InitDatanodeState.java:persistContainerDatanodeDetails(140)) - DatanodeDetails is persisted to /workdir/hadoop-ozone/integration-test/target/test-dir/MiniOzoneClusterImpl-f1f4c3ff-5d54-4c76-9e3b-ad485f195bfe/datanode-1/meta/datanode.id
2019-10-02 23:36:03,110 [main] INFO  volume.HddsVolume (HddsVolume.java:<init>(176)) - Creating Volume: /workdir/hadoop-ozone/integration-test/target/test-dir/MiniOzoneClusterImpl-f1f4c3ff-5d54-4c76-9e3b-ad485f195bfe/datanode-2/data/containers/hdds of  storage type : DISK and capacity : 1482555576320
2019-10-02 23:36:03,110 [main] INFO  volume.VolumeSet (VolumeSet.java:initializeVolumeSet(170)) - Added Volume : /workdir/hadoop-ozone/integration-test/target/test-dir/MiniOzoneClusterImpl-f1f4c3ff-5d54-4c76-9e3b-ad485f195bfe/datanode-2/data/containers/hdds to VolumeSet
2019-10-02 23:36:03,111 [main] INFO  volume.ThrottledAsyncChecker (ThrottledAsyncChecker.java:schedule(139)) - Scheduling a check for org.apache.hadoop.ozone.container.common.volume.HddsVolume@6d0e45a5
2019-10-02 23:36:03,111 [main] INFO  volume.HddsVolumeChecker (HddsVolumeChecker.java:checkAllVolumes(202)) - Scheduled health check for volume org.apache.hadoop.ozone.container.common.volume.HddsVolume@6d0e45a5
2019-10-02 23:36:03,126 [main] INFO  impl.RaftServerProxy (ConfUtils.java:logGet(43)) - raft.rpc.type = GRPC (default)
2019-10-02 23:36:03,126 [main] INFO  grpc.GrpcFactory (GrpcFactory.java:checkPooledByteBufAllocatorUseCacheForAllThreads(45)) - PERFORMANCE WARNING: useCacheForAllThreads is true that may cause Netty to create a lot garbage objects and, as a result, trigger GC.
	It is recommended to disable useCacheForAllThreads by setting -Dorg.apache.ratis.thirdparty.io.netty.allocator.useCacheForAllThreads=false in command line.
2019-10-02 23:36:03,126 [main] INFO  grpc.GrpcConfigKeys$Server (ConfUtils.java:logGet(43)) - raft.grpc.server.port = 0 (default)
2019-10-02 23:36:03,126 [main] INFO  server.GrpcService (ConfUtils.java:logGet(43)) - raft.grpc.message.size.max = 33570816 (custom)
2019-10-02 23:36:03,126 [main] INFO  server.RaftServerConfigKeys (ConfUtils.java:logGet(43)) - raft.server.log.appender.buffer.byte-limit = 33554432 (custom)
2019-10-02 23:36:03,127 [main] INFO  server.GrpcService (ConfUtils.java:logGet(43)) - raft.grpc.flow.control.window = 1MB (=1048576) (default)
2019-10-02 23:36:03,127 [main] INFO  server.RaftServerConfigKeys (ConfUtils.java:logGet(43)) - raft.server.rpc.request.timeout = 3000ms (default)
2019-10-02 23:36:03,127 [main] INFO  server.RaftServerConfigKeys (ConfUtils.java:logGet(43)) - raft.server.storage.dir = [/workdir/hadoop-ozone/integration-test/target/test-dir/MiniOzoneClusterImpl-f1f4c3ff-5d54-4c76-9e3b-ad485f195bfe/datanode-2/data/ratis] (custom)
2019-10-02 23:36:03,128 [main] INFO  hdfs.DFSUtil (DFSUtil.java:httpServerTemplateForNNAndJN(1641)) - Starting Web-server for hddsDatanode at: http://0.0.0.0:0
2019-10-02 23:36:03,130 [main] INFO  server.AuthenticationFilter (AuthenticationFilter.java:constructSecretProvider(240)) - Unable to initialize FileSignerSecretProvider, falling back to use random secrets.
2019-10-02 23:36:03,130 [main] WARN  http.HttpRequestLog (HttpRequestLog.java:getRequestLog(97)) - Jetty request log can only be enabled using Log4j
2019-10-02 23:36:03,131 [main] INFO  http.HttpServer2 (HttpServer2.java:addGlobalFilter(975)) - Added global filter 'safety' (class=org.apache.hadoop.http.HttpServer2$QuotingInputFilter)
2019-10-02 23:36:03,132 [main] INFO  http.HttpServer2 (HttpServer2.java:addFilter(948)) - Added filter static_user_filter (class=org.apache.hadoop.http.lib.StaticUserWebFilter$StaticUserFilter) to context hddsDatanode
2019-10-02 23:36:03,132 [main] INFO  http.HttpServer2 (HttpServer2.java:addFilter(958)) - Added filter static_user_filter (class=org.apache.hadoop.http.lib.StaticUserWebFilter$StaticUserFilter) to context logs
2019-10-02 23:36:03,132 [main] INFO  http.HttpServer2 (HttpServer2.java:addFilter(958)) - Added filter static_user_filter (class=org.apache.hadoop.http.lib.StaticUserWebFilter$StaticUserFilter) to context static
2019-10-02 23:36:03,133 [main] INFO  http.HttpServer2 (HttpServer2.java:bindListener(1191)) - Jetty bound to port 41262
2019-10-02 23:36:03,133 [main] INFO  server.Server (Server.java:doStart(351)) - jetty-9.3.25.v20180904, build timestamp: 2018-09-04T21:11:46Z, git hash: 3ce520221d0240229c862b122d2b06c12a625732
2019-10-02 23:36:03,134 [main] INFO  handler.ContextHandler (ContextHandler.java:doStart(781)) - Started o.e.j.s.ServletContextHandler@67b61834{/logs,file:///workdir/hadoop-ozone/integration-test/target/log,AVAILABLE}
2019-10-02 23:36:03,135 [main] INFO  handler.ContextHandler (ContextHandler.java:doStart(781)) - Started o.e.j.s.ServletContextHandler@50598a1a{/static,jar:file:/home/user/.m2/repository/org/apache/hadoop/hadoop-hdds-container-service/0.5.0-SNAPSHOT/hadoop-hdds-container-service-0.5.0-SNAPSHOT.jar!/webapps/static,AVAILABLE}
2019-10-02 23:36:03,167 [main] INFO  handler.ContextHandler (ContextHandler.java:doStart(781)) - Started o.e.j.w.WebAppContext@7c453c34{/,file:///tmp/jetty-0.0.0.0-41262-hddsDatanode-_-any-1747780081128089957.dir/webapp/,AVAILABLE}{/hddsDatanode}
2019-10-02 23:36:03,167 [main] INFO  server.AbstractConnector (AbstractConnector.java:doStart(278)) - Started ServerConnector@16cb9989{HTTP/1.1,[http/1.1]}{0.0.0.0:41262}
2019-10-02 23:36:03,169 [main] INFO  server.Server (Server.java:doStart(419)) - Started @234095ms
2019-10-02 23:36:03,169 [main] WARN  impl.MetricsSystemImpl (MetricsSystemImpl.java:register(276)) - Sink prometheus already exists!
2019-10-02 23:36:03,170 [main] INFO  server.BaseHttpServer (BaseHttpServer.java:updateConnectorAddress(215)) - HTTP server of HDDSDATANODE is listening at http://0.0.0.0:41262
2019-10-02 23:36:03,171 [main] INFO  impl.MetricsSystemImpl (MetricsSystemImpl.java:init(158)) - HddsDatanode metrics system started (again)
2019-10-02 23:36:03,175 [org.apache.hadoop.util.JvmPauseMonitor$Monitor@5a9ed862] INFO  util.JvmPauseMonitor (JvmPauseMonitor.java:run(188)) - Starting JVM pause monitor
2019-10-02 23:36:03,176 [main] INFO  ozone.HddsDatanodeService (HddsDatanodeService.java:start(184)) - HddsDatanodeService host:pr-hdds-2228-s7bqq-3240520643 ip:192.168.30.26
2019-10-02 23:36:03,176 [Datanode State Machine Thread - 0] INFO  datanode.InitDatanodeState (InitDatanodeState.java:persistContainerDatanodeDetails(140)) - DatanodeDetails is persisted to /workdir/hadoop-ozone/integration-test/target/test-dir/MiniOzoneClusterImpl-f1f4c3ff-5d54-4c76-9e3b-ad485f195bfe/datanode-2/meta/datanode.id
2019-10-02 23:36:03,183 [main] INFO  volume.HddsVolume (HddsVolume.java:<init>(176)) - Creating Volume: /workdir/hadoop-ozone/integration-test/target/test-dir/MiniOzoneClusterImpl-f1f4c3ff-5d54-4c76-9e3b-ad485f195bfe/datanode-3/data/containers/hdds of  storage type : DISK and capacity : 1482555576320
2019-10-02 23:36:03,183 [main] INFO  volume.VolumeSet (VolumeSet.java:initializeVolumeSet(170)) - Added Volume : /workdir/hadoop-ozone/integration-test/target/test-dir/MiniOzoneClusterImpl-f1f4c3ff-5d54-4c76-9e3b-ad485f195bfe/datanode-3/data/containers/hdds to VolumeSet
2019-10-02 23:36:03,183 [main] INFO  volume.ThrottledAsyncChecker (ThrottledAsyncChecker.java:schedule(139)) - Scheduling a check for org.apache.hadoop.ozone.container.common.volume.HddsVolume@14b4340c
2019-10-02 23:36:03,184 [main] INFO  volume.HddsVolumeChecker (HddsVolumeChecker.java:checkAllVolumes(202)) - Scheduled health check for volume org.apache.hadoop.ozone.container.common.volume.HddsVolume@14b4340c
2019-10-02 23:36:03,200 [main] INFO  impl.RaftServerProxy (ConfUtils.java:logGet(43)) - raft.rpc.type = GRPC (default)
2019-10-02 23:36:03,200 [main] INFO  grpc.GrpcFactory (GrpcFactory.java:checkPooledByteBufAllocatorUseCacheForAllThreads(45)) - PERFORMANCE WARNING: useCacheForAllThreads is true that may cause Netty to create a lot garbage objects and, as a result, trigger GC.
	It is recommended to disable useCacheForAllThreads by setting -Dorg.apache.ratis.thirdparty.io.netty.allocator.useCacheForAllThreads=false in command line.
2019-10-02 23:36:03,200 [main] INFO  grpc.GrpcConfigKeys$Server (ConfUtils.java:logGet(43)) - raft.grpc.server.port = 0 (default)
2019-10-02 23:36:03,200 [main] INFO  server.GrpcService (ConfUtils.java:logGet(43)) - raft.grpc.message.size.max = 33570816 (custom)
2019-10-02 23:36:03,200 [main] INFO  server.RaftServerConfigKeys (ConfUtils.java:logGet(43)) - raft.server.log.appender.buffer.byte-limit = 33554432 (custom)
2019-10-02 23:36:03,200 [main] INFO  server.GrpcService (ConfUtils.java:logGet(43)) - raft.grpc.flow.control.window = 1MB (=1048576) (default)
2019-10-02 23:36:03,201 [main] INFO  server.RaftServerConfigKeys (ConfUtils.java:logGet(43)) - raft.server.rpc.request.timeout = 3000ms (default)
2019-10-02 23:36:03,201 [main] INFO  server.RaftServerConfigKeys (ConfUtils.java:logGet(43)) - raft.server.storage.dir = [/workdir/hadoop-ozone/integration-test/target/test-dir/MiniOzoneClusterImpl-f1f4c3ff-5d54-4c76-9e3b-ad485f195bfe/datanode-3/data/ratis] (custom)
2019-10-02 23:36:03,202 [main] INFO  hdfs.DFSUtil (DFSUtil.java:httpServerTemplateForNNAndJN(1641)) - Starting Web-server for hddsDatanode at: http://0.0.0.0:0
2019-10-02 23:36:03,203 [main] INFO  server.AuthenticationFilter (AuthenticationFilter.java:constructSecretProvider(240)) - Unable to initialize FileSignerSecretProvider, falling back to use random secrets.
2019-10-02 23:36:03,204 [main] WARN  http.HttpRequestLog (HttpRequestLog.java:getRequestLog(97)) - Jetty request log can only be enabled using Log4j
2019-10-02 23:36:03,205 [main] INFO  http.HttpServer2 (HttpServer2.java:addGlobalFilter(975)) - Added global filter 'safety' (class=org.apache.hadoop.http.HttpServer2$QuotingInputFilter)
2019-10-02 23:36:03,206 [main] INFO  http.HttpServer2 (HttpServer2.java:addFilter(948)) - Added filter static_user_filter (class=org.apache.hadoop.http.lib.StaticUserWebFilter$StaticUserFilter) to context hddsDatanode
2019-10-02 23:36:03,206 [main] INFO  http.HttpServer2 (HttpServer2.java:addFilter(958)) - Added filter static_user_filter (class=org.apache.hadoop.http.lib.StaticUserWebFilter$StaticUserFilter) to context static
2019-10-02 23:36:03,206 [main] INFO  http.HttpServer2 (HttpServer2.java:addFilter(958)) - Added filter static_user_filter (class=org.apache.hadoop.http.lib.StaticUserWebFilter$StaticUserFilter) to context logs
2019-10-02 23:36:03,207 [main] INFO  http.HttpServer2 (HttpServer2.java:bindListener(1191)) - Jetty bound to port 38938
2019-10-02 23:36:03,207 [main] INFO  server.Server (Server.java:doStart(351)) - jetty-9.3.25.v20180904, build timestamp: 2018-09-04T21:11:46Z, git hash: 3ce520221d0240229c862b122d2b06c12a625732
2019-10-02 23:36:03,208 [main] INFO  handler.ContextHandler (ContextHandler.java:doStart(781)) - Started o.e.j.s.ServletContextHandler@74f280bd{/logs,file:///workdir/hadoop-ozone/integration-test/target/log,AVAILABLE}
2019-10-02 23:36:03,209 [main] INFO  handler.ContextHandler (ContextHandler.java:doStart(781)) - Started o.e.j.s.ServletContextHandler@34279b8a{/static,jar:file:/home/user/.m2/repository/org/apache/hadoop/hadoop-hdds-container-service/0.5.0-SNAPSHOT/hadoop-hdds-container-service-0.5.0-SNAPSHOT.jar!/webapps/static,AVAILABLE}
2019-10-02 23:36:03,240 [main] INFO  handler.ContextHandler (ContextHandler.java:doStart(781)) - Started o.e.j.w.WebAppContext@2dfa02c1{/,file:///tmp/jetty-0.0.0.0-38938-hddsDatanode-_-any-2217675131225386630.dir/webapp/,AVAILABLE}{/hddsDatanode}
2019-10-02 23:36:03,241 [main] INFO  server.AbstractConnector (AbstractConnector.java:doStart(278)) - Started ServerConnector@6314df3c{HTTP/1.1,[http/1.1]}{0.0.0.0:38938}
2019-10-02 23:36:03,243 [main] INFO  server.Server (Server.java:doStart(419)) - Started @234168ms
2019-10-02 23:36:03,243 [main] WARN  impl.MetricsSystemImpl (MetricsSystemImpl.java:register(276)) - Sink prometheus already exists!
2019-10-02 23:36:03,243 [main] INFO  server.BaseHttpServer (BaseHttpServer.java:updateConnectorAddress(215)) - HTTP server of HDDSDATANODE is listening at http://0.0.0.0:38938
2019-10-02 23:36:03,244 [main] INFO  impl.MetricsSystemImpl (MetricsSystemImpl.java:init(158)) - HddsDatanode metrics system started (again)
2019-10-02 23:36:03,248 [org.apache.hadoop.util.JvmPauseMonitor$Monitor@3d0fd595] INFO  util.JvmPauseMonitor (JvmPauseMonitor.java:run(188)) - Starting JVM pause monitor
2019-10-02 23:36:03,249 [main] INFO  ozone.HddsDatanodeService (HddsDatanodeService.java:start(184)) - HddsDatanodeService host:pr-hdds-2228-s7bqq-3240520643 ip:192.168.30.26
2019-10-02 23:36:03,250 [Datanode State Machine Thread - 0] INFO  datanode.InitDatanodeState (InitDatanodeState.java:persistContainerDatanodeDetails(140)) - DatanodeDetails is persisted to /workdir/hadoop-ozone/integration-test/target/test-dir/MiniOzoneClusterImpl-f1f4c3ff-5d54-4c76-9e3b-ad485f195bfe/datanode-3/meta/datanode.id
2019-10-02 23:36:03,255 [main] INFO  volume.HddsVolume (HddsVolume.java:<init>(176)) - Creating Volume: /workdir/hadoop-ozone/integration-test/target/test-dir/MiniOzoneClusterImpl-f1f4c3ff-5d54-4c76-9e3b-ad485f195bfe/datanode-4/data/containers/hdds of  storage type : DISK and capacity : 1482555576320
2019-10-02 23:36:03,255 [main] INFO  volume.VolumeSet (VolumeSet.java:initializeVolumeSet(170)) - Added Volume : /workdir/hadoop-ozone/integration-test/target/test-dir/MiniOzoneClusterImpl-f1f4c3ff-5d54-4c76-9e3b-ad485f195bfe/datanode-4/data/containers/hdds to VolumeSet
2019-10-02 23:36:03,256 [main] INFO  volume.ThrottledAsyncChecker (ThrottledAsyncChecker.java:schedule(139)) - Scheduling a check for org.apache.hadoop.ozone.container.common.volume.HddsVolume@70881123
2019-10-02 23:36:03,256 [main] INFO  volume.HddsVolumeChecker (HddsVolumeChecker.java:checkAllVolumes(202)) - Scheduled health check for volume org.apache.hadoop.ozone.container.common.volume.HddsVolume@70881123
2019-10-02 23:36:03,274 [main] INFO  impl.RaftServerProxy (ConfUtils.java:logGet(43)) - raft.rpc.type = GRPC (default)
2019-10-02 23:36:03,274 [main] INFO  grpc.GrpcFactory (GrpcFactory.java:checkPooledByteBufAllocatorUseCacheForAllThreads(45)) - PERFORMANCE WARNING: useCacheForAllThreads is true that may cause Netty to create a lot garbage objects and, as a result, trigger GC.
	It is recommended to disable useCacheForAllThreads by setting -Dorg.apache.ratis.thirdparty.io.netty.allocator.useCacheForAllThreads=false in command line.
2019-10-02 23:36:03,274 [main] INFO  grpc.GrpcConfigKeys$Server (ConfUtils.java:logGet(43)) - raft.grpc.server.port = 0 (default)
2019-10-02 23:36:03,274 [main] INFO  server.GrpcService (ConfUtils.java:logGet(43)) - raft.grpc.message.size.max = 33570816 (custom)
2019-10-02 23:36:03,275 [main] INFO  server.RaftServerConfigKeys (ConfUtils.java:logGet(43)) - raft.server.log.appender.buffer.byte-limit = 33554432 (custom)
2019-10-02 23:36:03,275 [main] INFO  server.GrpcService (ConfUtils.java:logGet(43)) - raft.grpc.flow.control.window = 1MB (=1048576) (default)
2019-10-02 23:36:03,275 [main] INFO  server.RaftServerConfigKeys (ConfUtils.java:logGet(43)) - raft.server.rpc.request.timeout = 3000ms (default)
2019-10-02 23:36:03,275 [main] INFO  server.RaftServerConfigKeys (ConfUtils.java:logGet(43)) - raft.server.storage.dir = [/workdir/hadoop-ozone/integration-test/target/test-dir/MiniOzoneClusterImpl-f1f4c3ff-5d54-4c76-9e3b-ad485f195bfe/datanode-4/data/ratis] (custom)
2019-10-02 23:36:03,276 [main] INFO  hdfs.DFSUtil (DFSUtil.java:httpServerTemplateForNNAndJN(1641)) - Starting Web-server for hddsDatanode at: http://0.0.0.0:0
2019-10-02 23:36:03,278 [main] INFO  server.AuthenticationFilter (AuthenticationFilter.java:constructSecretProvider(240)) - Unable to initialize FileSignerSecretProvider, falling back to use random secrets.
2019-10-02 23:36:03,278 [main] WARN  http.HttpRequestLog (HttpRequestLog.java:getRequestLog(97)) - Jetty request log can only be enabled using Log4j
2019-10-02 23:36:03,279 [main] INFO  http.HttpServer2 (HttpServer2.java:addGlobalFilter(975)) - Added global filter 'safety' (class=org.apache.hadoop.http.HttpServer2$QuotingInputFilter)
2019-10-02 23:36:03,280 [main] INFO  http.HttpServer2 (HttpServer2.java:addFilter(948)) - Added filter static_user_filter (class=org.apache.hadoop.http.lib.StaticUserWebFilter$StaticUserFilter) to context hddsDatanode
2019-10-02 23:36:03,280 [main] INFO  http.HttpServer2 (HttpServer2.java:addFilter(958)) - Added filter static_user_filter (class=org.apache.hadoop.http.lib.StaticUserWebFilter$StaticUserFilter) to context logs
2019-10-02 23:36:03,280 [main] INFO  http.HttpServer2 (HttpServer2.java:addFilter(958)) - Added filter static_user_filter (class=org.apache.hadoop.http.lib.StaticUserWebFilter$StaticUserFilter) to context static
2019-10-02 23:36:03,281 [main] INFO  http.HttpServer2 (HttpServer2.java:bindListener(1191)) - Jetty bound to port 33744
2019-10-02 23:36:03,281 [main] INFO  server.Server (Server.java:doStart(351)) - jetty-9.3.25.v20180904, build timestamp: 2018-09-04T21:11:46Z, git hash: 3ce520221d0240229c862b122d2b06c12a625732
2019-10-02 23:36:03,282 [main] INFO  handler.ContextHandler (ContextHandler.java:doStart(781)) - Started o.e.j.s.ServletContextHandler@6b1321b7{/logs,file:///workdir/hadoop-ozone/integration-test/target/log,AVAILABLE}
2019-10-02 23:36:03,283 [main] INFO  handler.ContextHandler (ContextHandler.java:doStart(781)) - Started o.e.j.s.ServletContextHandler@6ac45c0c{/static,jar:file:/home/user/.m2/repository/org/apache/hadoop/hadoop-hdds-container-service/0.5.0-SNAPSHOT/hadoop-hdds-container-service-0.5.0-SNAPSHOT.jar!/webapps/static,AVAILABLE}
2019-10-02 23:36:03,311 [main] INFO  handler.ContextHandler (ContextHandler.java:doStart(781)) - Started o.e.j.w.WebAppContext@1c5d3a37{/,file:///tmp/jetty-0.0.0.0-33744-hddsDatanode-_-any-8335334015252119451.dir/webapp/,AVAILABLE}{/hddsDatanode}
2019-10-02 23:36:03,312 [main] INFO  server.AbstractConnector (AbstractConnector.java:doStart(278)) - Started ServerConnector@7e3d2ebd{HTTP/1.1,[http/1.1]}{0.0.0.0:33744}
2019-10-02 23:36:03,313 [main] INFO  server.Server (Server.java:doStart(419)) - Started @234239ms
2019-10-02 23:36:03,313 [main] WARN  impl.MetricsSystemImpl (MetricsSystemImpl.java:register(276)) - Sink prometheus already exists!
2019-10-02 23:36:03,314 [main] INFO  server.BaseHttpServer (BaseHttpServer.java:updateConnectorAddress(215)) - HTTP server of HDDSDATANODE is listening at http://0.0.0.0:33744
2019-10-02 23:36:03,314 [main] INFO  impl.MetricsSystemImpl (MetricsSystemImpl.java:init(158)) - HddsDatanode metrics system started (again)
2019-10-02 23:36:03,319 [org.apache.hadoop.util.JvmPauseMonitor$Monitor@149d3949] INFO  util.JvmPauseMonitor (JvmPauseMonitor.java:run(188)) - Starting JVM pause monitor
2019-10-02 23:36:03,321 [Datanode State Machine Thread - 0] INFO  datanode.InitDatanodeState (InitDatanodeState.java:persistContainerDatanodeDetails(140)) - DatanodeDetails is persisted to /workdir/hadoop-ozone/integration-test/target/test-dir/MiniOzoneClusterImpl-f1f4c3ff-5d54-4c76-9e3b-ad485f195bfe/datanode-4/meta/datanode.id
2019-10-02 23:36:03,321 [main] INFO  ozone.HddsDatanodeService (HddsDatanodeService.java:start(184)) - HddsDatanodeService host:pr-hdds-2228-s7bqq-3240520643 ip:192.168.30.26
2019-10-02 23:36:03,327 [main] INFO  volume.HddsVolume (HddsVolume.java:<init>(176)) - Creating Volume: /workdir/hadoop-ozone/integration-test/target/test-dir/MiniOzoneClusterImpl-f1f4c3ff-5d54-4c76-9e3b-ad485f195bfe/datanode-5/data/containers/hdds of  storage type : DISK and capacity : 1482555576320
2019-10-02 23:36:03,327 [main] INFO  volume.VolumeSet (VolumeSet.java:initializeVolumeSet(170)) - Added Volume : /workdir/hadoop-ozone/integration-test/target/test-dir/MiniOzoneClusterImpl-f1f4c3ff-5d54-4c76-9e3b-ad485f195bfe/datanode-5/data/containers/hdds to VolumeSet
2019-10-02 23:36:03,328 [main] INFO  volume.ThrottledAsyncChecker (ThrottledAsyncChecker.java:schedule(139)) - Scheduling a check for org.apache.hadoop.ozone.container.common.volume.HddsVolume@231b35fb
2019-10-02 23:36:03,328 [main] INFO  volume.HddsVolumeChecker (HddsVolumeChecker.java:checkAllVolumes(202)) - Scheduled health check for volume org.apache.hadoop.ozone.container.common.volume.HddsVolume@231b35fb
2019-10-02 23:36:03,344 [main] INFO  impl.RaftServerProxy (ConfUtils.java:logGet(43)) - raft.rpc.type = GRPC (default)
2019-10-02 23:36:03,344 [main] INFO  grpc.GrpcFactory (GrpcFactory.java:checkPooledByteBufAllocatorUseCacheForAllThreads(45)) - PERFORMANCE WARNING: useCacheForAllThreads is true that may cause Netty to create a lot garbage objects and, as a result, trigger GC.
	It is recommended to disable useCacheForAllThreads by setting -Dorg.apache.ratis.thirdparty.io.netty.allocator.useCacheForAllThreads=false in command line.
2019-10-02 23:36:03,345 [main] INFO  grpc.GrpcConfigKeys$Server (ConfUtils.java:logGet(43)) - raft.grpc.server.port = 0 (default)
2019-10-02 23:36:03,345 [main] INFO  server.GrpcService (ConfUtils.java:logGet(43)) - raft.grpc.message.size.max = 33570816 (custom)
2019-10-02 23:36:03,345 [main] INFO  server.RaftServerConfigKeys (ConfUtils.java:logGet(43)) - raft.server.log.appender.buffer.byte-limit = 33554432 (custom)
2019-10-02 23:36:03,345 [main] INFO  server.GrpcService (ConfUtils.java:logGet(43)) - raft.grpc.flow.control.window = 1MB (=1048576) (default)
2019-10-02 23:36:03,345 [main] INFO  server.RaftServerConfigKeys (ConfUtils.java:logGet(43)) - raft.server.rpc.request.timeout = 3000ms (default)
2019-10-02 23:36:03,346 [main] INFO  server.RaftServerConfigKeys (ConfUtils.java:logGet(43)) - raft.server.storage.dir = [/workdir/hadoop-ozone/integration-test/target/test-dir/MiniOzoneClusterImpl-f1f4c3ff-5d54-4c76-9e3b-ad485f195bfe/datanode-5/data/ratis] (custom)
2019-10-02 23:36:03,347 [main] INFO  hdfs.DFSUtil (DFSUtil.java:httpServerTemplateForNNAndJN(1641)) - Starting Web-server for hddsDatanode at: http://0.0.0.0:0
2019-10-02 23:36:03,348 [main] INFO  server.AuthenticationFilter (AuthenticationFilter.java:constructSecretProvider(240)) - Unable to initialize FileSignerSecretProvider, falling back to use random secrets.
2019-10-02 23:36:03,348 [main] WARN  http.HttpRequestLog (HttpRequestLog.java:getRequestLog(97)) - Jetty request log can only be enabled using Log4j
2019-10-02 23:36:03,350 [main] INFO  http.HttpServer2 (HttpServer2.java:addGlobalFilter(975)) - Added global filter 'safety' (class=org.apache.hadoop.http.HttpServer2$QuotingInputFilter)
2019-10-02 23:36:03,350 [main] INFO  http.HttpServer2 (HttpServer2.java:addFilter(948)) - Added filter static_user_filter (class=org.apache.hadoop.http.lib.StaticUserWebFilter$StaticUserFilter) to context hddsDatanode
2019-10-02 23:36:03,350 [main] INFO  http.HttpServer2 (HttpServer2.java:addFilter(958)) - Added filter static_user_filter (class=org.apache.hadoop.http.lib.StaticUserWebFilter$StaticUserFilter) to context static
2019-10-02 23:36:03,350 [main] INFO  http.HttpServer2 (HttpServer2.java:addFilter(958)) - Added filter static_user_filter (class=org.apache.hadoop.http.lib.StaticUserWebFilter$StaticUserFilter) to context logs
2019-10-02 23:36:03,351 [main] INFO  http.HttpServer2 (HttpServer2.java:bindListener(1191)) - Jetty bound to port 41446
2019-10-02 23:36:03,351 [main] INFO  server.Server (Server.java:doStart(351)) - jetty-9.3.25.v20180904, build timestamp: 2018-09-04T21:11:46Z, git hash: 3ce520221d0240229c862b122d2b06c12a625732
2019-10-02 23:36:03,352 [main] INFO  handler.ContextHandler (ContextHandler.java:doStart(781)) - Started o.e.j.s.ServletContextHandler@b022551{/logs,file:///workdir/hadoop-ozone/integration-test/target/log,AVAILABLE}
2019-10-02 23:36:03,353 [main] INFO  handler.ContextHandler (ContextHandler.java:doStart(781)) - Started o.e.j.s.ServletContextHandler@5eb87338{/static,jar:file:/home/user/.m2/repository/org/apache/hadoop/hadoop-hdds-container-service/0.5.0-SNAPSHOT/hadoop-hdds-container-service-0.5.0-SNAPSHOT.jar!/webapps/static,AVAILABLE}
2019-10-02 23:36:03,377 [main] INFO  handler.ContextHandler (ContextHandler.java:doStart(781)) - Started o.e.j.w.WebAppContext@1df9186f{/,file:///tmp/jetty-0.0.0.0-41446-hddsDatanode-_-any-6779619794367681913.dir/webapp/,AVAILABLE}{/hddsDatanode}
2019-10-02 23:36:03,378 [main] INFO  server.AbstractConnector (AbstractConnector.java:doStart(278)) - Started ServerConnector@682e422c{HTTP/1.1,[http/1.1]}{0.0.0.0:41446}
2019-10-02 23:36:03,384 [main] INFO  server.Server (Server.java:doStart(419)) - Started @234310ms
2019-10-02 23:36:03,385 [main] WARN  impl.MetricsSystemImpl (MetricsSystemImpl.java:register(276)) - Sink prometheus already exists!
2019-10-02 23:36:03,386 [main] INFO  server.BaseHttpServer (BaseHttpServer.java:updateConnectorAddress(215)) - HTTP server of HDDSDATANODE is listening at http://0.0.0.0:41446
2019-10-02 23:36:03,386 [main] INFO  impl.MetricsSystemImpl (MetricsSystemImpl.java:init(158)) - HddsDatanode metrics system started (again)
2019-10-02 23:36:03,391 [org.apache.hadoop.util.JvmPauseMonitor$Monitor@7bc91044] INFO  util.JvmPauseMonitor (JvmPauseMonitor.java:run(188)) - Starting JVM pause monitor
2019-10-02 23:36:03,392 [Datanode State Machine Thread - 0] INFO  datanode.InitDatanodeState (InitDatanodeState.java:persistContainerDatanodeDetails(140)) - DatanodeDetails is persisted to /workdir/hadoop-ozone/integration-test/target/test-dir/MiniOzoneClusterImpl-f1f4c3ff-5d54-4c76-9e3b-ad485f195bfe/datanode-5/meta/datanode.id
2019-10-02 23:36:03,392 [main] INFO  ozone.HddsDatanodeService (HddsDatanodeService.java:start(184)) - HddsDatanodeService host:pr-hdds-2228-s7bqq-3240520643 ip:192.168.30.26
2019-10-02 23:36:03,398 [main] INFO  volume.HddsVolume (HddsVolume.java:<init>(176)) - Creating Volume: /workdir/hadoop-ozone/integration-test/target/test-dir/MiniOzoneClusterImpl-f1f4c3ff-5d54-4c76-9e3b-ad485f195bfe/datanode-6/data/containers/hdds of  storage type : DISK and capacity : 1482555576320
2019-10-02 23:36:03,398 [main] INFO  volume.VolumeSet (VolumeSet.java:initializeVolumeSet(170)) - Added Volume : /workdir/hadoop-ozone/integration-test/target/test-dir/MiniOzoneClusterImpl-f1f4c3ff-5d54-4c76-9e3b-ad485f195bfe/datanode-6/data/containers/hdds to VolumeSet
2019-10-02 23:36:03,398 [main] INFO  volume.ThrottledAsyncChecker (ThrottledAsyncChecker.java:schedule(139)) - Scheduling a check for org.apache.hadoop.ozone.container.common.volume.HddsVolume@93bf0e0
2019-10-02 23:36:03,398 [main] INFO  volume.HddsVolumeChecker (HddsVolumeChecker.java:checkAllVolumes(202)) - Scheduled health check for volume org.apache.hadoop.ozone.container.common.volume.HddsVolume@93bf0e0
2019-10-02 23:36:03,413 [main] INFO  impl.RaftServerProxy (ConfUtils.java:logGet(43)) - raft.rpc.type = GRPC (default)
2019-10-02 23:36:03,413 [main] INFO  grpc.GrpcFactory (GrpcFactory.java:checkPooledByteBufAllocatorUseCacheForAllThreads(45)) - PERFORMANCE WARNING: useCacheForAllThreads is true that may cause Netty to create a lot garbage objects and, as a result, trigger GC.
	It is recommended to disable useCacheForAllThreads by setting -Dorg.apache.ratis.thirdparty.io.netty.allocator.useCacheForAllThreads=false in command line.
2019-10-02 23:36:03,413 [main] INFO  grpc.GrpcConfigKeys$Server (ConfUtils.java:logGet(43)) - raft.grpc.server.port = 0 (default)
2019-10-02 23:36:03,413 [main] INFO  server.GrpcService (ConfUtils.java:logGet(43)) - raft.grpc.message.size.max = 33570816 (custom)
2019-10-02 23:36:03,413 [main] INFO  server.RaftServerConfigKeys (ConfUtils.java:logGet(43)) - raft.server.log.appender.buffer.byte-limit = 33554432 (custom)
2019-10-02 23:36:03,413 [main] INFO  server.GrpcService (ConfUtils.java:logGet(43)) - raft.grpc.flow.control.window = 1MB (=1048576) (default)
2019-10-02 23:36:03,414 [main] INFO  server.RaftServerConfigKeys (ConfUtils.java:logGet(43)) - raft.server.rpc.request.timeout = 3000ms (default)
2019-10-02 23:36:03,414 [main] INFO  server.RaftServerConfigKeys (ConfUtils.java:logGet(43)) - raft.server.storage.dir = [/workdir/hadoop-ozone/integration-test/target/test-dir/MiniOzoneClusterImpl-f1f4c3ff-5d54-4c76-9e3b-ad485f195bfe/datanode-6/data/ratis] (custom)
2019-10-02 23:36:03,415 [main] INFO  hdfs.DFSUtil (DFSUtil.java:httpServerTemplateForNNAndJN(1641)) - Starting Web-server for hddsDatanode at: http://0.0.0.0:0
2019-10-02 23:36:03,416 [main] INFO  server.AuthenticationFilter (AuthenticationFilter.java:constructSecretProvider(240)) - Unable to initialize FileSignerSecretProvider, falling back to use random secrets.
2019-10-02 23:36:03,416 [main] WARN  http.HttpRequestLog (HttpRequestLog.java:getRequestLog(97)) - Jetty request log can only be enabled using Log4j
2019-10-02 23:36:03,418 [main] INFO  http.HttpServer2 (HttpServer2.java:addGlobalFilter(975)) - Added global filter 'safety' (class=org.apache.hadoop.http.HttpServer2$QuotingInputFilter)
2019-10-02 23:36:03,418 [main] INFO  http.HttpServer2 (HttpServer2.java:addFilter(948)) - Added filter static_user_filter (class=org.apache.hadoop.http.lib.StaticUserWebFilter$StaticUserFilter) to context hddsDatanode
2019-10-02 23:36:03,418 [main] INFO  http.HttpServer2 (HttpServer2.java:addFilter(958)) - Added filter static_user_filter (class=org.apache.hadoop.http.lib.StaticUserWebFilter$StaticUserFilter) to context static
2019-10-02 23:36:03,418 [main] INFO  http.HttpServer2 (HttpServer2.java:addFilter(958)) - Added filter static_user_filter (class=org.apache.hadoop.http.lib.StaticUserWebFilter$StaticUserFilter) to context logs
2019-10-02 23:36:03,419 [main] INFO  http.HttpServer2 (HttpServer2.java:bindListener(1191)) - Jetty bound to port 35904
2019-10-02 23:36:03,419 [main] INFO  server.Server (Server.java:doStart(351)) - jetty-9.3.25.v20180904, build timestamp: 2018-09-04T21:11:46Z, git hash: 3ce520221d0240229c862b122d2b06c12a625732
2019-10-02 23:36:03,420 [main] INFO  handler.ContextHandler (ContextHandler.java:doStart(781)) - Started o.e.j.s.ServletContextHandler@5012c571{/logs,file:///workdir/hadoop-ozone/integration-test/target/log,AVAILABLE}
2019-10-02 23:36:03,421 [main] INFO  handler.ContextHandler (ContextHandler.java:doStart(781)) - Started o.e.j.s.ServletContextHandler@511da44f{/static,jar:file:/home/user/.m2/repository/org/apache/hadoop/hadoop-hdds-container-service/0.5.0-SNAPSHOT/hadoop-hdds-container-service-0.5.0-SNAPSHOT.jar!/webapps/static,AVAILABLE}
2019-10-02 23:36:03,446 [main] INFO  handler.ContextHandler (ContextHandler.java:doStart(781)) - Started o.e.j.w.WebAppContext@785ed99c{/,file:///tmp/jetty-0.0.0.0-35904-hddsDatanode-_-any-6795499581499307716.dir/webapp/,AVAILABLE}{/hddsDatanode}
2019-10-02 23:36:03,446 [main] INFO  server.AbstractConnector (AbstractConnector.java:doStart(278)) - Started ServerConnector@6c4ce583{HTTP/1.1,[http/1.1]}{0.0.0.0:35904}
2019-10-02 23:36:03,449 [main] INFO  server.Server (Server.java:doStart(419)) - Started @234374ms
2019-10-02 23:36:03,449 [main] WARN  impl.MetricsSystemImpl (MetricsSystemImpl.java:register(276)) - Sink prometheus already exists!
2019-10-02 23:36:03,450 [main] INFO  server.BaseHttpServer (BaseHttpServer.java:updateConnectorAddress(215)) - HTTP server of HDDSDATANODE is listening at http://0.0.0.0:35904
2019-10-02 23:36:03,450 [main] INFO  ozone.MiniOzoneClusterImpl (MiniOzoneClusterImpl.java:lambda$waitForClusterToBeReady$0(147)) - Waiting for cluster to be ready. Got 0 of 7 DN Heartbeats.
2019-10-02 23:36:03,451 [org.apache.hadoop.util.JvmPauseMonitor$Monitor@ed21afe] INFO  util.JvmPauseMonitor (JvmPauseMonitor.java:run(188)) - Starting JVM pause monitor
2019-10-02 23:36:03,452 [Datanode State Machine Thread - 0] INFO  datanode.InitDatanodeState (InitDatanodeState.java:persistContainerDatanodeDetails(140)) - DatanodeDetails is persisted to /workdir/hadoop-ozone/integration-test/target/test-dir/MiniOzoneClusterImpl-f1f4c3ff-5d54-4c76-9e3b-ad485f195bfe/datanode-6/meta/datanode.id
2019-10-02 23:36:04,450 [main] INFO  ozone.MiniOzoneClusterImpl (MiniOzoneClusterImpl.java:lambda$waitForClusterToBeReady$0(147)) - Waiting for cluster to be ready. Got 0 of 7 DN Heartbeats.
2019-10-02 23:36:05,080 [Datanode State Machine Thread - 0] INFO  ozoneimpl.OzoneContainer (OzoneContainer.java:start(217)) - Attempting to start container services.
2019-10-02 23:36:05,080 [Datanode State Machine Thread - 0] INFO  ozoneimpl.OzoneContainer (OzoneContainer.java:startContainerScrub(179)) - Background container scanner has been disabled.
2019-10-02 23:36:05,080 [Datanode State Machine Thread - 0] INFO  ratis.XceiverServerRatis (XceiverServerRatis.java:start(417)) - Starting XceiverServerRatis 534797e9-ab02-4a58-b371-3b8942cd38f9 at port 0
2019-10-02 23:36:05,087 [Datanode State Machine Thread - 0] INFO  impl.RaftServerProxy (RaftServerProxy.java:lambda$start$3(299)) - 534797e9-ab02-4a58-b371-3b8942cd38f9: start RPC server
2019-10-02 23:36:05,089 [Datanode State Machine Thread - 0] INFO  server.GrpcService (GrpcService.java:startImpl(158)) - 534797e9-ab02-4a58-b371-3b8942cd38f9: GrpcService started, listening on 0.0.0.0/0.0.0.0:34621
2019-10-02 23:36:05,089 [Datanode State Machine Thread - 0] INFO  ratis.XceiverServerRatis (XceiverServerRatis.java:start(427)) - XceiverServerRatis 534797e9-ab02-4a58-b371-3b8942cd38f9 is started using port 34621
2019-10-02 23:36:05,097 [Datanode State Machine Thread - 0] INFO  server.XceiverServerGrpc (XceiverServerGrpc.java:start(149)) - XceiverServerGrpc 534797e9-ab02-4a58-b371-3b8942cd38f9 is started using port 46814
2019-10-02 23:36:05,128 [Datanode State Machine Thread - 0] INFO  ozoneimpl.OzoneContainer (OzoneContainer.java:start(217)) - Attempting to start container services.
2019-10-02 23:36:05,128 [Datanode State Machine Thread - 0] INFO  ozoneimpl.OzoneContainer (OzoneContainer.java:startContainerScrub(179)) - Background container scanner has been disabled.
2019-10-02 23:36:05,128 [Datanode State Machine Thread - 0] INFO  ratis.XceiverServerRatis (XceiverServerRatis.java:start(417)) - Starting XceiverServerRatis 25c78bb2-c497-4746-8d85-3a9b94dd6081 at port 0
2019-10-02 23:36:05,134 [Datanode State Machine Thread - 0] INFO  impl.RaftServerProxy (RaftServerProxy.java:lambda$start$3(299)) - 25c78bb2-c497-4746-8d85-3a9b94dd6081: start RPC server
2019-10-02 23:36:05,134 [Datanode State Machine Thread - 0] INFO  server.GrpcService (GrpcService.java:startImpl(158)) - 25c78bb2-c497-4746-8d85-3a9b94dd6081: GrpcService started, listening on 0.0.0.0/0.0.0.0:38283
2019-10-02 23:36:05,134 [Datanode State Machine Thread - 0] INFO  ratis.XceiverServerRatis (XceiverServerRatis.java:start(427)) - XceiverServerRatis 25c78bb2-c497-4746-8d85-3a9b94dd6081 is started using port 38283
2019-10-02 23:36:05,135 [Datanode State Machine Thread - 0] INFO  server.XceiverServerGrpc (XceiverServerGrpc.java:start(149)) - XceiverServerGrpc 25c78bb2-c497-4746-8d85-3a9b94dd6081 is started using port 39020
2019-10-02 23:36:05,208 [Datanode State Machine Thread - 0] INFO  ozoneimpl.OzoneContainer (OzoneContainer.java:start(217)) - Attempting to start container services.
2019-10-02 23:36:05,208 [Datanode State Machine Thread - 0] INFO  ozoneimpl.OzoneContainer (OzoneContainer.java:startContainerScrub(179)) - Background container scanner has been disabled.
2019-10-02 23:36:05,208 [Datanode State Machine Thread - 0] INFO  ratis.XceiverServerRatis (XceiverServerRatis.java:start(417)) - Starting XceiverServerRatis ae6b9601-7d06-4402-b2a2-527cfd46627e at port 0
2019-10-02 23:36:05,215 [Datanode State Machine Thread - 0] INFO  impl.RaftServerProxy (RaftServerProxy.java:lambda$start$3(299)) - ae6b9601-7d06-4402-b2a2-527cfd46627e: start RPC server
2019-10-02 23:36:05,215 [Datanode State Machine Thread - 0] INFO  server.GrpcService (GrpcService.java:startImpl(158)) - ae6b9601-7d06-4402-b2a2-527cfd46627e: GrpcService started, listening on 0.0.0.0/0.0.0.0:38238
2019-10-02 23:36:05,215 [Datanode State Machine Thread - 0] INFO  ratis.XceiverServerRatis (XceiverServerRatis.java:start(427)) - XceiverServerRatis ae6b9601-7d06-4402-b2a2-527cfd46627e is started using port 38238
2019-10-02 23:36:05,216 [Datanode State Machine Thread - 0] INFO  server.XceiverServerGrpc (XceiverServerGrpc.java:start(149)) - XceiverServerGrpc ae6b9601-7d06-4402-b2a2-527cfd46627e is started using port 42314
2019-10-02 23:36:05,274 [Datanode State Machine Thread - 0] INFO  ozoneimpl.OzoneContainer (OzoneContainer.java:start(217)) - Attempting to start container services.
2019-10-02 23:36:05,275 [Datanode State Machine Thread - 0] INFO  ozoneimpl.OzoneContainer (OzoneContainer.java:startContainerScrub(179)) - Background container scanner has been disabled.
2019-10-02 23:36:05,275 [Datanode State Machine Thread - 0] INFO  ratis.XceiverServerRatis (XceiverServerRatis.java:start(417)) - Starting XceiverServerRatis 5e7b6db9-4669-4e59-809b-55e1d934ed4a at port 0
2019-10-02 23:36:05,282 [Datanode State Machine Thread - 0] INFO  impl.RaftServerProxy (RaftServerProxy.java:lambda$start$3(299)) - 5e7b6db9-4669-4e59-809b-55e1d934ed4a: start RPC server
2019-10-02 23:36:05,283 [Datanode State Machine Thread - 0] INFO  server.GrpcService (GrpcService.java:startImpl(158)) - 5e7b6db9-4669-4e59-809b-55e1d934ed4a: GrpcService started, listening on 0.0.0.0/0.0.0.0:40165
2019-10-02 23:36:05,283 [Datanode State Machine Thread - 0] INFO  ratis.XceiverServerRatis (XceiverServerRatis.java:start(427)) - XceiverServerRatis 5e7b6db9-4669-4e59-809b-55e1d934ed4a is started using port 40165
2019-10-02 23:36:05,284 [Datanode State Machine Thread - 0] INFO  server.XceiverServerGrpc (XceiverServerGrpc.java:start(149)) - XceiverServerGrpc 5e7b6db9-4669-4e59-809b-55e1d934ed4a is started using port 33206
2019-10-02 23:36:05,343 [Datanode State Machine Thread - 0] INFO  ozoneimpl.OzoneContainer (OzoneContainer.java:start(217)) - Attempting to start container services.
2019-10-02 23:36:05,344 [Datanode State Machine Thread - 0] INFO  ozoneimpl.OzoneContainer (OzoneContainer.java:startContainerScrub(179)) - Background container scanner has been disabled.
2019-10-02 23:36:05,344 [Datanode State Machine Thread - 0] INFO  ratis.XceiverServerRatis (XceiverServerRatis.java:start(417)) - Starting XceiverServerRatis 30b0be8c-71ff-4116-afb6-f748fb20f5ee at port 0
2019-10-02 23:36:05,355 [Datanode State Machine Thread - 0] INFO  impl.RaftServerProxy (RaftServerProxy.java:lambda$start$3(299)) - 30b0be8c-71ff-4116-afb6-f748fb20f5ee: start RPC server
2019-10-02 23:36:05,356 [Datanode State Machine Thread - 0] INFO  server.GrpcService (GrpcService.java:startImpl(158)) - 30b0be8c-71ff-4116-afb6-f748fb20f5ee: GrpcService started, listening on 0.0.0.0/0.0.0.0:33800
2019-10-02 23:36:05,356 [Datanode State Machine Thread - 0] INFO  ratis.XceiverServerRatis (XceiverServerRatis.java:start(427)) - XceiverServerRatis 30b0be8c-71ff-4116-afb6-f748fb20f5ee is started using port 33800
2019-10-02 23:36:05,365 [Datanode State Machine Thread - 0] INFO  server.XceiverServerGrpc (XceiverServerGrpc.java:start(149)) - XceiverServerGrpc 30b0be8c-71ff-4116-afb6-f748fb20f5ee is started using port 44875
2019-10-02 23:36:05,416 [Datanode State Machine Thread - 0] INFO  ozoneimpl.OzoneContainer (OzoneContainer.java:start(217)) - Attempting to start container services.
2019-10-02 23:36:05,416 [Datanode State Machine Thread - 0] INFO  ozoneimpl.OzoneContainer (OzoneContainer.java:startContainerScrub(179)) - Background container scanner has been disabled.
2019-10-02 23:36:05,417 [Datanode State Machine Thread - 0] INFO  ratis.XceiverServerRatis (XceiverServerRatis.java:start(417)) - Starting XceiverServerRatis 628122ac-3d25-4fe8-a384-95955f297fb8 at port 0
2019-10-02 23:36:05,426 [Datanode State Machine Thread - 0] INFO  impl.RaftServerProxy (RaftServerProxy.java:lambda$start$3(299)) - 628122ac-3d25-4fe8-a384-95955f297fb8: start RPC server
2019-10-02 23:36:05,427 [Datanode State Machine Thread - 0] INFO  server.GrpcService (GrpcService.java:startImpl(158)) - 628122ac-3d25-4fe8-a384-95955f297fb8: GrpcService started, listening on 0.0.0.0/0.0.0.0:43569
2019-10-02 23:36:05,427 [Datanode State Machine Thread - 0] INFO  ratis.XceiverServerRatis (XceiverServerRatis.java:start(427)) - XceiverServerRatis 628122ac-3d25-4fe8-a384-95955f297fb8 is started using port 43569
2019-10-02 23:36:05,427 [Datanode State Machine Thread - 0] INFO  server.XceiverServerGrpc (XceiverServerGrpc.java:start(149)) - XceiverServerGrpc 628122ac-3d25-4fe8-a384-95955f297fb8 is started using port 43662
2019-10-02 23:36:05,451 [main] INFO  ozone.MiniOzoneClusterImpl (MiniOzoneClusterImpl.java:lambda$waitForClusterToBeReady$0(147)) - Waiting for cluster to be ready. Got 0 of 7 DN Heartbeats.
2019-10-02 23:36:05,476 [Datanode State Machine Thread - 0] INFO  ozoneimpl.OzoneContainer (OzoneContainer.java:start(217)) - Attempting to start container services.
2019-10-02 23:36:05,476 [Datanode State Machine Thread - 0] INFO  ozoneimpl.OzoneContainer (OzoneContainer.java:startContainerScrub(179)) - Background container scanner has been disabled.
2019-10-02 23:36:05,477 [Datanode State Machine Thread - 0] INFO  ratis.XceiverServerRatis (XceiverServerRatis.java:start(417)) - Starting XceiverServerRatis b3544fb1-a4c5-4886-870a-95a1b06c173a at port 0
2019-10-02 23:36:05,483 [Datanode State Machine Thread - 0] INFO  impl.RaftServerProxy (RaftServerProxy.java:lambda$start$3(299)) - b3544fb1-a4c5-4886-870a-95a1b06c173a: start RPC server
2019-10-02 23:36:05,486 [Datanode State Machine Thread - 0] INFO  server.GrpcService (GrpcService.java:startImpl(158)) - b3544fb1-a4c5-4886-870a-95a1b06c173a: GrpcService started, listening on 0.0.0.0/0.0.0.0:45791
2019-10-02 23:36:05,486 [Datanode State Machine Thread - 0] INFO  ratis.XceiverServerRatis (XceiverServerRatis.java:start(427)) - XceiverServerRatis b3544fb1-a4c5-4886-870a-95a1b06c173a is started using port 45791
2019-10-02 23:36:05,486 [Datanode State Machine Thread - 0] INFO  server.XceiverServerGrpc (XceiverServerGrpc.java:start(149)) - XceiverServerGrpc b3544fb1-a4c5-4886-870a-95a1b06c173a is started using port 43668
2019-10-02 23:36:06,451 [main] INFO  ozone.MiniOzoneClusterImpl (MiniOzoneClusterImpl.java:lambda$waitForClusterToBeReady$0(147)) - Waiting for cluster to be ready. Got 0 of 7 DN Heartbeats.
2019-10-02 23:36:07,037 [IPC Server handler 19 on 42280] INFO  net.NetworkTopology (NetworkTopologyImpl.java:add(111)) - Added a new node: /default-rack/534797e9-ab02-4a58-b371-3b8942cd38f9
2019-10-02 23:36:07,041 [IPC Server handler 19 on 42280] INFO  node.SCMNodeManager (SCMNodeManager.java:register(266)) - Registered Data node : 534797e9-ab02-4a58-b371-3b8942cd38f9{ip: 192.168.30.26, host: pr-hdds-2228-s7bqq-3240520643, networkLocation: /default-rack, certSerialId: null}
2019-10-02 23:36:07,042 [EventQueue-NodeRegistrationContainerReportForDataNodeSafeModeRule] INFO  safemode.SCMSafeModeManager (DataNodeSafeModeRule.java:process(71)) - SCM in safe mode. 1 DataNodes registered, 1 required.
2019-10-02 23:36:07,045 [EventQueue-NodeRegistrationContainerReportForDataNodeSafeModeRule] INFO  safemode.SCMSafeModeManager (SCMSafeModeManager.java:validateSafeModeExitRules(177)) - ScmSafeModeManager, all rules are successfully validated
2019-10-02 23:36:07,045 [EventQueue-NodeRegistrationContainerReportForDataNodeSafeModeRule] INFO  safemode.SCMSafeModeManager (SCMSafeModeManager.java:exitSafeMode(193)) - SCM exiting safe mode.
2019-10-02 23:36:07,056 [grpc-default-executor-6] INFO  impl.RaftServerProxy (RaftServerProxy.java:addNew(89)) - 534797e9-ab02-4a58-b371-3b8942cd38f9: addNew group-E9023A891DE2:[534797e9-ab02-4a58-b371-3b8942cd38f9:192.168.30.26:34621] returns group-E9023A891DE2:java.util.concurrent.CompletableFuture@4230317a[Not completed]
2019-10-02 23:36:07,058 [pool-383-thread-1] INFO  impl.RaftServerImpl (RaftServerImpl.java:<init>(95)) - 534797e9-ab02-4a58-b371-3b8942cd38f9: new RaftServerImpl for group-E9023A891DE2:[534797e9-ab02-4a58-b371-3b8942cd38f9:192.168.30.26:34621] with ContainerStateMachine:uninitialized
2019-10-02 23:36:07,058 [pool-383-thread-1] INFO  server.RaftServerConfigKeys (ConfUtils.java:logGet(43)) - raft.server.rpc.timeout.min = 5s (custom)
2019-10-02 23:36:07,058 [pool-383-thread-1] INFO  server.RaftServerConfigKeys (ConfUtils.java:logGet(43)) - raft.server.rpc.timeout.max = 5200ms (custom)
2019-10-02 23:36:07,058 [pool-383-thread-1] INFO  server.RaftServerConfigKeys (ConfUtils.java:logGet(43)) - raft.server.rpcslowness.timeout = 120s (custom)
2019-10-02 23:36:07,058 [pool-383-thread-1] INFO  server.RaftServerConfigKeys (ConfUtils.java:logGet(43)) - raft.server.sleep.deviation.threshold = 300 (default)
2019-10-02 23:36:07,058 [pool-383-thread-1] INFO  server.RaftServerConfigKeys (ConfUtils.java:logGet(43)) - raft.server.log.appender.install.snapshot.enabled = false (custom)
2019-10-02 23:36:07,059 [pool-383-thread-1] INFO  impl.RaftServerImpl (ServerState.java:<init>(103)) - 534797e9-ab02-4a58-b371-3b8942cd38f9@group-E9023A891DE2: ConfigurationManager, init=-1: [534797e9-ab02-4a58-b371-3b8942cd38f9:192.168.30.26:34621], old=null, confs=<EMPTY_MAP>
2019-10-02 23:36:07,059 [pool-383-thread-1] INFO  server.RaftServerConfigKeys (ConfUtils.java:logGet(43)) - raft.server.storage.dir = [/workdir/hadoop-ozone/integration-test/target/test-dir/MiniOzoneClusterImpl-f1f4c3ff-5d54-4c76-9e3b-ad485f195bfe/datanode-0/data/ratis] (custom)
2019-10-02 23:36:07,059 [pool-383-thread-1] INFO  server.RaftServerConfigKeys (ConfUtils.java:logGet(43)) - raft.server.log.corruption.policy = EXCEPTION (default)
2019-10-02 23:36:07,059 [pool-383-thread-1] INFO  storage.RaftStorageDirectory (RaftStorageDirectory.java:analyzeStorage(246)) - The storage directory /workdir/hadoop-ozone/integration-test/target/test-dir/MiniOzoneClusterImpl-f1f4c3ff-5d54-4c76-9e3b-ad485f195bfe/datanode-0/data/ratis/3b1e3836-3898-4ce3-a57a-e9023a891de2 does not exist. Creating ...
2019-10-02 23:36:07,083 [pool-383-thread-1] INFO  storage.RaftStorageDirectory (RaftStorageDirectory.java:tryLock(328)) - Lock on /workdir/hadoop-ozone/integration-test/target/test-dir/MiniOzoneClusterImpl-f1f4c3ff-5d54-4c76-9e3b-ad485f195bfe/datanode-0/data/ratis/3b1e3836-3898-4ce3-a57a-e9023a891de2/in_use.lock acquired by nodename 31506@pr-hdds-2228-s7bqq-3240520643
2019-10-02 23:36:07,103 [IPC Server handler 18 on 42280] INFO  net.NetworkTopology (NetworkTopologyImpl.java:add(111)) - Added a new node: /default-rack/25c78bb2-c497-4746-8d85-3a9b94dd6081
2019-10-02 23:36:07,103 [IPC Server handler 18 on 42280] INFO  node.SCMNodeManager (SCMNodeManager.java:register(266)) - Registered Data node : 25c78bb2-c497-4746-8d85-3a9b94dd6081{ip: 192.168.30.26, host: pr-hdds-2228-s7bqq-3240520643, networkLocation: /default-rack, certSerialId: null}
2019-10-02 23:36:07,115 [pool-383-thread-1] INFO  storage.RaftStorage (RaftStorage.java:format(84)) - Storage directory /workdir/hadoop-ozone/integration-test/target/test-dir/MiniOzoneClusterImpl-f1f4c3ff-5d54-4c76-9e3b-ad485f195bfe/datanode-0/data/ratis/3b1e3836-3898-4ce3-a57a-e9023a891de2 has been successfully formatted.
2019-10-02 23:36:07,116 [pool-383-thread-1] INFO  ratis.ContainerStateMachine (ContainerStateMachine.java:loadSnapshot(230)) - group-E9023A891DE2: The snapshot info is null. Setting the last applied indexto:(t:0, i:~)
2019-10-02 23:36:07,116 [pool-383-thread-1] INFO  server.RaftServerConfigKeys (ConfUtils.java:logGet(43)) - raft.server.notification.no-leader.timeout = 120s (custom)
2019-10-02 23:36:07,116 [pool-383-thread-1] INFO  server.RaftServerConfigKeys (ConfUtils.java:logGet(43)) - raft.server.log.use.memory = false (default)
2019-10-02 23:36:07,116 [pool-383-thread-1] INFO  server.RaftServerConfigKeys (ConfUtils.java:logGet(43)) - raft.server.log.purge.gap = 1000000 (custom)
2019-10-02 23:36:07,116 [pool-383-thread-1] INFO  server.RaftServerConfigKeys (ConfUtils.java:logGet(43)) - raft.server.log.appender.buffer.byte-limit = 33554432 (custom)
2019-10-02 23:36:07,117 [pool-383-thread-1] INFO  server.RaftServerConfigKeys (ConfUtils.java:logGet(43)) - raft.server.log.segment.size.max = 1048576 (custom)
2019-10-02 23:36:07,119 [pool-383-thread-1] INFO  server.RaftServerConfigKeys (ConfUtils.java:logGet(43)) - raft.server.log.segment.cache.num.max = 2 (custom)
2019-10-02 23:36:07,120 [pool-383-thread-1] INFO  segmented.SegmentedRaftLogWorker (SegmentedRaftLogWorker.java:<init>(173)) - new 534797e9-ab02-4a58-b371-3b8942cd38f9@group-E9023A891DE2-SegmentedRaftLogWorker for RaftStorage:Storage Directory /workdir/hadoop-ozone/integration-test/target/test-dir/MiniOzoneClusterImpl-f1f4c3ff-5d54-4c76-9e3b-ad485f195bfe/datanode-0/data/ratis/3b1e3836-3898-4ce3-a57a-e9023a891de2
2019-10-02 23:36:07,120 [pool-383-thread-1] INFO  server.RaftServerConfigKeys (ConfUtils.java:logGet(43)) - raft.server.log.queue.byte-limit = 2147483647 (custom)
2019-10-02 23:36:07,120 [pool-383-thread-1] INFO  server.RaftServerConfigKeys (ConfUtils.java:logGet(43)) - raft.server.log.queue.element-limit = 1024 (custom)
2019-10-02 23:36:07,120 [pool-383-thread-1] INFO  server.RaftServerConfigKeys (ConfUtils.java:logGet(43)) - raft.server.log.segment.size.max = 1048576 (custom)
2019-10-02 23:36:07,120 [pool-383-thread-1] INFO  server.RaftServerConfigKeys (ConfUtils.java:logGet(43)) - raft.server.log.preallocated.size = 16384 (custom)
2019-10-02 23:36:07,120 [pool-383-thread-1] INFO  server.RaftServerConfigKeys (ConfUtils.java:logGet(43)) - raft.server.log.write.buffer.size = 33554432 (custom)
2019-10-02 23:36:07,121 [pool-383-thread-1] INFO  server.RaftServerConfigKeys (ConfUtils.java:logGet(43)) - raft.server.log.force.sync.num = 128 (default)
2019-10-02 23:36:07,121 [pool-383-thread-1] INFO  server.RaftServerConfigKeys (ConfUtils.java:logGet(43)) - raft.server.log.statemachine.data.sync = true (default)
2019-10-02 23:36:07,121 [pool-383-thread-1] INFO  server.RaftServerConfigKeys (ConfUtils.java:logGet(43)) - raft.server.log.statemachine.data.sync.timeout = 10s (default)
2019-10-02 23:36:07,121 [pool-383-thread-1] INFO  server.RaftServerConfigKeys (ConfUtils.java:logGet(43)) - raft.server.log.statemachine.data.sync.timeout.retry = -1 (default)
2019-10-02 23:36:07,121 [pool-383-thread-1] INFO  server.RaftServerConfigKeys (ConfUtils.java:logGet(43)) - raft.server.log.statemachine.data.caching.enabled = true (custom)
2019-10-02 23:36:07,122 [pool-383-thread-1] INFO  segmented.SegmentedRaftLogWorker (SegmentedRaftLogWorker.java:lambda$new$0(128)) - 534797e9-ab02-4a58-b371-3b8942cd38f9@group-E9023A891DE2-SegmentedRaftLogWorker: flushIndex: setUnconditionally 0 -> -1
2019-10-02 23:36:07,122 [pool-383-thread-1] INFO  server.RaftServerConfigKeys (ConfUtils.java:logGet(43)) - raft.server.snapshot.auto.trigger.enabled = true (custom)
2019-10-02 23:36:07,122 [pool-383-thread-1] INFO  server.RaftServerConfigKeys (ConfUtils.java:logGet(43)) - raft.server.snapshot.auto.trigger.threshold = 10000 (custom)
2019-10-02 23:36:07,122 [pool-383-thread-1] INFO  server.RaftServerConfigKeys (ConfUtils.java:logGet(43)) - raft.server.snapshot.retention.file.num = 5 (custom)
2019-10-02 23:36:07,123 [pool-383-thread-1] INFO  server.RaftServerConfigKeys (ConfUtils.java:logGet(43)) - raft.server.retrycache.expirytime = 600000ms (custom)
2019-10-02 23:36:07,125 [pool-383-thread-1] INFO  impl.RaftServerImpl (RaftServerImpl.java:start(181)) - 534797e9-ab02-4a58-b371-3b8942cd38f9@group-E9023A891DE2: start as a follower, conf=-1: [534797e9-ab02-4a58-b371-3b8942cd38f9:192.168.30.26:34621], old=null
2019-10-02 23:36:07,125 [pool-383-thread-1] INFO  impl.RaftServerImpl (RaftServerImpl.java:setRole(170)) - 534797e9-ab02-4a58-b371-3b8942cd38f9@group-E9023A891DE2: changes role from      null to FOLLOWER at term 0 for startAsFollower
2019-10-02 23:36:07,125 [pool-383-thread-1] INFO  impl.RoleInfo (RoleInfo.java:updateAndGet(143)) - 534797e9-ab02-4a58-b371-3b8942cd38f9: start FollowerState
2019-10-02 23:36:07,126 [pool-383-thread-1] INFO  util.JmxRegister (JmxRegister.java:tryRegister(44)) - Successfully registered JMX Bean with object name Ratis:service=RaftServer,group=group-E9023A891DE2,id=534797e9-ab02-4a58-b371-3b8942cd38f9
2019-10-02 23:36:07,130 [RatisPipelineUtilsThread] INFO  pipeline.PipelineStateManager (PipelineStateManager.java:addPipeline(56)) - Created pipeline Pipeline[ Id: 3b1e3836-3898-4ce3-a57a-e9023a891de2, Nodes: 534797e9-ab02-4a58-b371-3b8942cd38f9{ip: 192.168.30.26, host: pr-hdds-2228-s7bqq-3240520643, networkLocation: /default-rack, certSerialId: null}, Type:RATIS, Factor:ONE, State:OPEN]
2019-10-02 23:36:07,137 [grpc-default-executor-6] INFO  impl.RaftServerProxy (RaftServerProxy.java:addNew(89)) - 25c78bb2-c497-4746-8d85-3a9b94dd6081: addNew group-6E88B48DE942:[25c78bb2-c497-4746-8d85-3a9b94dd6081:192.168.30.26:38283] returns group-6E88B48DE942:java.util.concurrent.CompletableFuture@1a4cd2a2[Not completed]
2019-10-02 23:36:07,138 [pool-393-thread-1] INFO  impl.RaftServerImpl (RaftServerImpl.java:<init>(95)) - 25c78bb2-c497-4746-8d85-3a9b94dd6081: new RaftServerImpl for group-6E88B48DE942:[25c78bb2-c497-4746-8d85-3a9b94dd6081:192.168.30.26:38283] with ContainerStateMachine:uninitialized
2019-10-02 23:36:07,138 [pool-393-thread-1] INFO  server.RaftServerConfigKeys (ConfUtils.java:logGet(43)) - raft.server.rpc.timeout.min = 5s (custom)
2019-10-02 23:36:07,138 [pool-393-thread-1] INFO  server.RaftServerConfigKeys (ConfUtils.java:logGet(43)) - raft.server.rpc.timeout.max = 5200ms (custom)
2019-10-02 23:36:07,138 [pool-393-thread-1] INFO  server.RaftServerConfigKeys (ConfUtils.java:logGet(43)) - raft.server.rpcslowness.timeout = 120s (custom)
2019-10-02 23:36:07,139 [pool-393-thread-1] INFO  server.RaftServerConfigKeys (ConfUtils.java:logGet(43)) - raft.server.sleep.deviation.threshold = 300 (default)
2019-10-02 23:36:07,139 [pool-393-thread-1] INFO  server.RaftServerConfigKeys (ConfUtils.java:logGet(43)) - raft.server.log.appender.install.snapshot.enabled = false (custom)
2019-10-02 23:36:07,139 [pool-393-thread-1] INFO  impl.RaftServerImpl (ServerState.java:<init>(103)) - 25c78bb2-c497-4746-8d85-3a9b94dd6081@group-6E88B48DE942: ConfigurationManager, init=-1: [25c78bb2-c497-4746-8d85-3a9b94dd6081:192.168.30.26:38283], old=null, confs=<EMPTY_MAP>
2019-10-02 23:36:07,139 [pool-393-thread-1] INFO  server.RaftServerConfigKeys (ConfUtils.java:logGet(43)) - raft.server.storage.dir = [/workdir/hadoop-ozone/integration-test/target/test-dir/MiniOzoneClusterImpl-f1f4c3ff-5d54-4c76-9e3b-ad485f195bfe/datanode-1/data/ratis] (custom)
2019-10-02 23:36:07,139 [pool-393-thread-1] INFO  server.RaftServerConfigKeys (ConfUtils.java:logGet(43)) - raft.server.log.corruption.policy = EXCEPTION (default)
2019-10-02 23:36:07,139 [pool-393-thread-1] INFO  storage.RaftStorageDirectory (RaftStorageDirectory.java:analyzeStorage(246)) - The storage directory /workdir/hadoop-ozone/integration-test/target/test-dir/MiniOzoneClusterImpl-f1f4c3ff-5d54-4c76-9e3b-ad485f195bfe/datanode-1/data/ratis/98be27f0-da4d-4a72-ad39-6e88b48de942 does not exist. Creating ...
2019-10-02 23:36:07,162 [pool-393-thread-1] INFO  storage.RaftStorageDirectory (RaftStorageDirectory.java:tryLock(328)) - Lock on /workdir/hadoop-ozone/integration-test/target/test-dir/MiniOzoneClusterImpl-f1f4c3ff-5d54-4c76-9e3b-ad485f195bfe/datanode-1/data/ratis/98be27f0-da4d-4a72-ad39-6e88b48de942/in_use.lock acquired by nodename 31506@pr-hdds-2228-s7bqq-3240520643
2019-10-02 23:36:07,177 [IPC Server handler 1 on 42280] INFO  net.NetworkTopology (NetworkTopologyImpl.java:add(111)) - Added a new node: /default-rack/ae6b9601-7d06-4402-b2a2-527cfd46627e
2019-10-02 23:36:07,178 [IPC Server handler 1 on 42280] INFO  node.SCMNodeManager (SCMNodeManager.java:register(266)) - Registered Data node : ae6b9601-7d06-4402-b2a2-527cfd46627e{ip: 192.168.30.26, host: pr-hdds-2228-s7bqq-3240520643, networkLocation: /default-rack, certSerialId: null}
2019-10-02 23:36:07,186 [pool-393-thread-1] INFO  storage.RaftStorage (RaftStorage.java:format(84)) - Storage directory /workdir/hadoop-ozone/integration-test/target/test-dir/MiniOzoneClusterImpl-f1f4c3ff-5d54-4c76-9e3b-ad485f195bfe/datanode-1/data/ratis/98be27f0-da4d-4a72-ad39-6e88b48de942 has been successfully formatted.
2019-10-02 23:36:07,187 [pool-393-thread-1] INFO  ratis.ContainerStateMachine (ContainerStateMachine.java:loadSnapshot(230)) - group-6E88B48DE942: The snapshot info is null. Setting the last applied indexto:(t:0, i:~)
2019-10-02 23:36:07,187 [pool-393-thread-1] INFO  server.RaftServerConfigKeys (ConfUtils.java:logGet(43)) - raft.server.notification.no-leader.timeout = 120s (custom)
2019-10-02 23:36:07,187 [pool-393-thread-1] INFO  server.RaftServerConfigKeys (ConfUtils.java:logGet(43)) - raft.server.log.use.memory = false (default)
2019-10-02 23:36:07,187 [pool-393-thread-1] INFO  server.RaftServerConfigKeys (ConfUtils.java:logGet(43)) - raft.server.log.purge.gap = 1000000 (custom)
2019-10-02 23:36:07,187 [pool-393-thread-1] INFO  server.RaftServerConfigKeys (ConfUtils.java:logGet(43)) - raft.server.log.appender.buffer.byte-limit = 33554432 (custom)
2019-10-02 23:36:07,187 [pool-393-thread-1] INFO  server.RaftServerConfigKeys (ConfUtils.java:logGet(43)) - raft.server.log.segment.size.max = 1048576 (custom)
2019-10-02 23:36:07,189 [pool-393-thread-1] INFO  server.RaftServerConfigKeys (ConfUtils.java:logGet(43)) - raft.server.log.segment.cache.num.max = 2 (custom)
2019-10-02 23:36:07,189 [pool-393-thread-1] INFO  segmented.SegmentedRaftLogWorker (SegmentedRaftLogWorker.java:<init>(173)) - new 25c78bb2-c497-4746-8d85-3a9b94dd6081@group-6E88B48DE942-SegmentedRaftLogWorker for RaftStorage:Storage Directory /workdir/hadoop-ozone/integration-test/target/test-dir/MiniOzoneClusterImpl-f1f4c3ff-5d54-4c76-9e3b-ad485f195bfe/datanode-1/data/ratis/98be27f0-da4d-4a72-ad39-6e88b48de942
2019-10-02 23:36:07,189 [pool-393-thread-1] INFO  server.RaftServerConfigKeys (ConfUtils.java:logGet(43)) - raft.server.log.queue.byte-limit = 2147483647 (custom)
2019-10-02 23:36:07,189 [pool-393-thread-1] INFO  server.RaftServerConfigKeys (ConfUtils.java:logGet(43)) - raft.server.log.queue.element-limit = 1024 (custom)
2019-10-02 23:36:07,189 [pool-393-thread-1] INFO  server.RaftServerConfigKeys (ConfUtils.java:logGet(43)) - raft.server.log.segment.size.max = 1048576 (custom)
2019-10-02 23:36:07,189 [pool-393-thread-1] INFO  server.RaftServerConfigKeys (ConfUtils.java:logGet(43)) - raft.server.log.preallocated.size = 16384 (custom)
2019-10-02 23:36:07,189 [pool-393-thread-1] INFO  server.RaftServerConfigKeys (ConfUtils.java:logGet(43)) - raft.server.log.write.buffer.size = 33554432 (custom)
2019-10-02 23:36:07,189 [pool-393-thread-1] INFO  server.RaftServerConfigKeys (ConfUtils.java:logGet(43)) - raft.server.log.force.sync.num = 128 (default)
2019-10-02 23:36:07,190 [pool-393-thread-1] INFO  server.RaftServerConfigKeys (ConfUtils.java:logGet(43)) - raft.server.log.statemachine.data.sync = true (default)
2019-10-02 23:36:07,190 [pool-393-thread-1] INFO  server.RaftServerConfigKeys (ConfUtils.java:logGet(43)) - raft.server.log.statemachine.data.sync.timeout = 10s (default)
2019-10-02 23:36:07,190 [pool-393-thread-1] INFO  server.RaftServerConfigKeys (ConfUtils.java:logGet(43)) - raft.server.log.statemachine.data.sync.timeout.retry = -1 (default)
2019-10-02 23:36:07,190 [pool-393-thread-1] INFO  server.RaftServerConfigKeys (ConfUtils.java:logGet(43)) - raft.server.log.statemachine.data.caching.enabled = true (custom)
2019-10-02 23:36:07,190 [pool-393-thread-1] INFO  segmented.SegmentedRaftLogWorker (SegmentedRaftLogWorker.java:lambda$new$0(128)) - 25c78bb2-c497-4746-8d85-3a9b94dd6081@group-6E88B48DE942-SegmentedRaftLogWorker: flushIndex: setUnconditionally 0 -> -1
2019-10-02 23:36:07,191 [pool-393-thread-1] INFO  server.RaftServerConfigKeys (ConfUtils.java:logGet(43)) - raft.server.snapshot.auto.trigger.enabled = true (custom)
2019-10-02 23:36:07,191 [pool-393-thread-1] INFO  server.RaftServerConfigKeys (ConfUtils.java:logGet(43)) - raft.server.snapshot.auto.trigger.threshold = 10000 (custom)
2019-10-02 23:36:07,191 [pool-393-thread-1] INFO  server.RaftServerConfigKeys (ConfUtils.java:logGet(43)) - raft.server.snapshot.retention.file.num = 5 (custom)
2019-10-02 23:36:07,191 [pool-393-thread-1] INFO  server.RaftServerConfigKeys (ConfUtils.java:logGet(43)) - raft.server.retrycache.expirytime = 600000ms (custom)
2019-10-02 23:36:07,192 [pool-393-thread-1] INFO  impl.RaftServerImpl (RaftServerImpl.java:start(181)) - 25c78bb2-c497-4746-8d85-3a9b94dd6081@group-6E88B48DE942: start as a follower, conf=-1: [25c78bb2-c497-4746-8d85-3a9b94dd6081:192.168.30.26:38283], old=null
2019-10-02 23:36:07,193 [pool-393-thread-1] INFO  impl.RaftServerImpl (RaftServerImpl.java:setRole(170)) - 25c78bb2-c497-4746-8d85-3a9b94dd6081@group-6E88B48DE942: changes role from      null to FOLLOWER at term 0 for startAsFollower
2019-10-02 23:36:07,193 [pool-393-thread-1] INFO  impl.RoleInfo (RoleInfo.java:updateAndGet(143)) - 25c78bb2-c497-4746-8d85-3a9b94dd6081: start FollowerState
2019-10-02 23:36:07,193 [pool-393-thread-1] INFO  util.JmxRegister (JmxRegister.java:tryRegister(44)) - Successfully registered JMX Bean with object name Ratis:service=RaftServer,group=group-6E88B48DE942,id=25c78bb2-c497-4746-8d85-3a9b94dd6081
2019-10-02 23:36:07,196 [RatisPipelineUtilsThread] INFO  pipeline.PipelineStateManager (PipelineStateManager.java:addPipeline(56)) - Created pipeline Pipeline[ Id: 98be27f0-da4d-4a72-ad39-6e88b48de942, Nodes: 25c78bb2-c497-4746-8d85-3a9b94dd6081{ip: 192.168.30.26, host: pr-hdds-2228-s7bqq-3240520643, networkLocation: /default-rack, certSerialId: null}, Type:RATIS, Factor:ONE, State:OPEN]
2019-10-02 23:36:07,203 [grpc-default-executor-6] INFO  impl.RaftServerProxy (RaftServerProxy.java:addNew(89)) - ae6b9601-7d06-4402-b2a2-527cfd46627e: addNew group-761BFE21880B:[ae6b9601-7d06-4402-b2a2-527cfd46627e:192.168.30.26:38238] returns group-761BFE21880B:java.util.concurrent.CompletableFuture@bc106a3[Not completed]
2019-10-02 23:36:07,204 [pool-403-thread-1] INFO  impl.RaftServerImpl (RaftServerImpl.java:<init>(95)) - ae6b9601-7d06-4402-b2a2-527cfd46627e: new RaftServerImpl for group-761BFE21880B:[ae6b9601-7d06-4402-b2a2-527cfd46627e:192.168.30.26:38238] with ContainerStateMachine:uninitialized
2019-10-02 23:36:07,204 [pool-403-thread-1] INFO  server.RaftServerConfigKeys (ConfUtils.java:logGet(43)) - raft.server.rpc.timeout.min = 5s (custom)
2019-10-02 23:36:07,204 [pool-403-thread-1] INFO  server.RaftServerConfigKeys (ConfUtils.java:logGet(43)) - raft.server.rpc.timeout.max = 5200ms (custom)
2019-10-02 23:36:07,205 [pool-403-thread-1] INFO  server.RaftServerConfigKeys (ConfUtils.java:logGet(43)) - raft.server.rpcslowness.timeout = 120s (custom)
2019-10-02 23:36:07,205 [pool-403-thread-1] INFO  server.RaftServerConfigKeys (ConfUtils.java:logGet(43)) - raft.server.sleep.deviation.threshold = 300 (default)
2019-10-02 23:36:07,205 [pool-403-thread-1] INFO  server.RaftServerConfigKeys (ConfUtils.java:logGet(43)) - raft.server.log.appender.install.snapshot.enabled = false (custom)
2019-10-02 23:36:07,205 [pool-403-thread-1] INFO  impl.RaftServerImpl (ServerState.java:<init>(103)) - ae6b9601-7d06-4402-b2a2-527cfd46627e@group-761BFE21880B: ConfigurationManager, init=-1: [ae6b9601-7d06-4402-b2a2-527cfd46627e:192.168.30.26:38238], old=null, confs=<EMPTY_MAP>
2019-10-02 23:36:07,205 [pool-403-thread-1] INFO  server.RaftServerConfigKeys (ConfUtils.java:logGet(43)) - raft.server.storage.dir = [/workdir/hadoop-ozone/integration-test/target/test-dir/MiniOzoneClusterImpl-f1f4c3ff-5d54-4c76-9e3b-ad485f195bfe/datanode-2/data/ratis] (custom)
2019-10-02 23:36:07,205 [pool-403-thread-1] INFO  server.RaftServerConfigKeys (ConfUtils.java:logGet(43)) - raft.server.log.corruption.policy = EXCEPTION (default)
2019-10-02 23:36:07,205 [pool-403-thread-1] INFO  storage.RaftStorageDirectory (RaftStorageDirectory.java:analyzeStorage(246)) - The storage directory /workdir/hadoop-ozone/integration-test/target/test-dir/MiniOzoneClusterImpl-f1f4c3ff-5d54-4c76-9e3b-ad485f195bfe/datanode-2/data/ratis/7a462a97-0fcc-479e-82f8-761bfe21880b does not exist. Creating ...
2019-10-02 23:36:07,228 [pool-403-thread-1] INFO  storage.RaftStorageDirectory (RaftStorageDirectory.java:tryLock(328)) - Lock on /workdir/hadoop-ozone/integration-test/target/test-dir/MiniOzoneClusterImpl-f1f4c3ff-5d54-4c76-9e3b-ad485f195bfe/datanode-2/data/ratis/7a462a97-0fcc-479e-82f8-761bfe21880b/in_use.lock acquired by nodename 31506@pr-hdds-2228-s7bqq-3240520643
2019-10-02 23:36:07,249 [IPC Server handler 3 on 42280] INFO  net.NetworkTopology (NetworkTopologyImpl.java:add(111)) - Added a new node: /default-rack/5e7b6db9-4669-4e59-809b-55e1d934ed4a
2019-10-02 23:36:07,250 [IPC Server handler 3 on 42280] INFO  node.SCMNodeManager (SCMNodeManager.java:register(266)) - Registered Data node : 5e7b6db9-4669-4e59-809b-55e1d934ed4a{ip: 192.168.30.26, host: pr-hdds-2228-s7bqq-3240520643, networkLocation: /default-rack, certSerialId: null}
2019-10-02 23:36:07,251 [pool-403-thread-1] INFO  storage.RaftStorage (RaftStorage.java:format(84)) - Storage directory /workdir/hadoop-ozone/integration-test/target/test-dir/MiniOzoneClusterImpl-f1f4c3ff-5d54-4c76-9e3b-ad485f195bfe/datanode-2/data/ratis/7a462a97-0fcc-479e-82f8-761bfe21880b has been successfully formatted.
2019-10-02 23:36:07,251 [pool-403-thread-1] INFO  ratis.ContainerStateMachine (ContainerStateMachine.java:loadSnapshot(230)) - group-761BFE21880B: The snapshot info is null. Setting the last applied indexto:(t:0, i:~)
2019-10-02 23:36:07,251 [pool-403-thread-1] INFO  server.RaftServerConfigKeys (ConfUtils.java:logGet(43)) - raft.server.notification.no-leader.timeout = 120s (custom)
2019-10-02 23:36:07,251 [pool-403-thread-1] INFO  server.RaftServerConfigKeys (ConfUtils.java:logGet(43)) - raft.server.log.use.memory = false (default)
2019-10-02 23:36:07,252 [pool-403-thread-1] INFO  server.RaftServerConfigKeys (ConfUtils.java:logGet(43)) - raft.server.log.purge.gap = 1000000 (custom)
2019-10-02 23:36:07,252 [pool-403-thread-1] INFO  server.RaftServerConfigKeys (ConfUtils.java:logGet(43)) - raft.server.log.appender.buffer.byte-limit = 33554432 (custom)
2019-10-02 23:36:07,252 [pool-403-thread-1] INFO  server.RaftServerConfigKeys (ConfUtils.java:logGet(43)) - raft.server.log.segment.size.max = 1048576 (custom)
2019-10-02 23:36:07,253 [pool-403-thread-1] INFO  server.RaftServerConfigKeys (ConfUtils.java:logGet(43)) - raft.server.log.segment.cache.num.max = 2 (custom)
2019-10-02 23:36:07,253 [pool-403-thread-1] INFO  segmented.SegmentedRaftLogWorker (SegmentedRaftLogWorker.java:<init>(173)) - new ae6b9601-7d06-4402-b2a2-527cfd46627e@group-761BFE21880B-SegmentedRaftLogWorker for RaftStorage:Storage Directory /workdir/hadoop-ozone/integration-test/target/test-dir/MiniOzoneClusterImpl-f1f4c3ff-5d54-4c76-9e3b-ad485f195bfe/datanode-2/data/ratis/7a462a97-0fcc-479e-82f8-761bfe21880b
2019-10-02 23:36:07,253 [pool-403-thread-1] INFO  server.RaftServerConfigKeys (ConfUtils.java:logGet(43)) - raft.server.log.queue.byte-limit = 2147483647 (custom)
2019-10-02 23:36:07,253 [pool-403-thread-1] INFO  server.RaftServerConfigKeys (ConfUtils.java:logGet(43)) - raft.server.log.queue.element-limit = 1024 (custom)
2019-10-02 23:36:07,254 [pool-403-thread-1] INFO  server.RaftServerConfigKeys (ConfUtils.java:logGet(43)) - raft.server.log.segment.size.max = 1048576 (custom)
2019-10-02 23:36:07,254 [pool-403-thread-1] INFO  server.RaftServerConfigKeys (ConfUtils.java:logGet(43)) - raft.server.log.preallocated.size = 16384 (custom)
2019-10-02 23:36:07,254 [pool-403-thread-1] INFO  server.RaftServerConfigKeys (ConfUtils.java:logGet(43)) - raft.server.log.write.buffer.size = 33554432 (custom)
2019-10-02 23:36:07,254 [pool-403-thread-1] INFO  server.RaftServerConfigKeys (ConfUtils.java:logGet(43)) - raft.server.log.force.sync.num = 128 (default)
2019-10-02 23:36:07,254 [pool-403-thread-1] INFO  server.RaftServerConfigKeys (ConfUtils.java:logGet(43)) - raft.server.log.statemachine.data.sync = true (default)
2019-10-02 23:36:07,254 [pool-403-thread-1] INFO  server.RaftServerConfigKeys (ConfUtils.java:logGet(43)) - raft.server.log.statemachine.data.sync.timeout = 10s (default)
2019-10-02 23:36:07,254 [pool-403-thread-1] INFO  server.RaftServerConfigKeys (ConfUtils.java:logGet(43)) - raft.server.log.statemachine.data.sync.timeout.retry = -1 (default)
2019-10-02 23:36:07,254 [pool-403-thread-1] INFO  server.RaftServerConfigKeys (ConfUtils.java:logGet(43)) - raft.server.log.statemachine.data.caching.enabled = true (custom)
2019-10-02 23:36:07,255 [pool-403-thread-1] INFO  segmented.SegmentedRaftLogWorker (SegmentedRaftLogWorker.java:lambda$new$0(128)) - ae6b9601-7d06-4402-b2a2-527cfd46627e@group-761BFE21880B-SegmentedRaftLogWorker: flushIndex: setUnconditionally 0 -> -1
2019-10-02 23:36:07,255 [pool-403-thread-1] INFO  server.RaftServerConfigKeys (ConfUtils.java:logGet(43)) - raft.server.snapshot.auto.trigger.enabled = true (custom)
2019-10-02 23:36:07,255 [pool-403-thread-1] INFO  server.RaftServerConfigKeys (ConfUtils.java:logGet(43)) - raft.server.snapshot.auto.trigger.threshold = 10000 (custom)
2019-10-02 23:36:07,255 [pool-403-thread-1] INFO  server.RaftServerConfigKeys (ConfUtils.java:logGet(43)) - raft.server.snapshot.retention.file.num = 5 (custom)
2019-10-02 23:36:07,255 [pool-403-thread-1] INFO  server.RaftServerConfigKeys (ConfUtils.java:logGet(43)) - raft.server.retrycache.expirytime = 600000ms (custom)
2019-10-02 23:36:07,256 [pool-403-thread-1] INFO  impl.RaftServerImpl (RaftServerImpl.java:start(181)) - ae6b9601-7d06-4402-b2a2-527cfd46627e@group-761BFE21880B: start as a follower, conf=-1: [ae6b9601-7d06-4402-b2a2-527cfd46627e:192.168.30.26:38238], old=null
2019-10-02 23:36:07,257 [pool-403-thread-1] INFO  impl.RaftServerImpl (RaftServerImpl.java:setRole(170)) - ae6b9601-7d06-4402-b2a2-527cfd46627e@group-761BFE21880B: changes role from      null to FOLLOWER at term 0 for startAsFollower
2019-10-02 23:36:07,257 [pool-403-thread-1] INFO  impl.RoleInfo (RoleInfo.java:updateAndGet(143)) - ae6b9601-7d06-4402-b2a2-527cfd46627e: start FollowerState
2019-10-02 23:36:07,257 [pool-403-thread-1] INFO  util.JmxRegister (JmxRegister.java:tryRegister(44)) - Successfully registered JMX Bean with object name Ratis:service=RaftServer,group=group-761BFE21880B,id=ae6b9601-7d06-4402-b2a2-527cfd46627e
2019-10-02 23:36:07,260 [RatisPipelineUtilsThread] INFO  pipeline.PipelineStateManager (PipelineStateManager.java:addPipeline(56)) - Created pipeline Pipeline[ Id: 7a462a97-0fcc-479e-82f8-761bfe21880b, Nodes: ae6b9601-7d06-4402-b2a2-527cfd46627e{ip: 192.168.30.26, host: pr-hdds-2228-s7bqq-3240520643, networkLocation: /default-rack, certSerialId: null}, Type:RATIS, Factor:ONE, State:OPEN]
2019-10-02 23:36:07,268 [grpc-default-executor-6] INFO  impl.RaftServerProxy (RaftServerProxy.java:addNew(89)) - 5e7b6db9-4669-4e59-809b-55e1d934ed4a: addNew group-C77B79E19ED7:[5e7b6db9-4669-4e59-809b-55e1d934ed4a:192.168.30.26:40165] returns group-C77B79E19ED7:java.util.concurrent.CompletableFuture@23f740c5[Not completed]
2019-10-02 23:36:07,269 [pool-413-thread-1] INFO  impl.RaftServerImpl (RaftServerImpl.java:<init>(95)) - 5e7b6db9-4669-4e59-809b-55e1d934ed4a: new RaftServerImpl for group-C77B79E19ED7:[5e7b6db9-4669-4e59-809b-55e1d934ed4a:192.168.30.26:40165] with ContainerStateMachine:uninitialized
2019-10-02 23:36:07,269 [pool-413-thread-1] INFO  server.RaftServerConfigKeys (ConfUtils.java:logGet(43)) - raft.server.rpc.timeout.min = 5s (custom)
2019-10-02 23:36:07,270 [pool-413-thread-1] INFO  server.RaftServerConfigKeys (ConfUtils.java:logGet(43)) - raft.server.rpc.timeout.max = 5200ms (custom)
2019-10-02 23:36:07,270 [pool-413-thread-1] INFO  server.RaftServerConfigKeys (ConfUtils.java:logGet(43)) - raft.server.rpcslowness.timeout = 120s (custom)
2019-10-02 23:36:07,270 [pool-413-thread-1] INFO  server.RaftServerConfigKeys (ConfUtils.java:logGet(43)) - raft.server.sleep.deviation.threshold = 300 (default)
2019-10-02 23:36:07,270 [pool-413-thread-1] INFO  server.RaftServerConfigKeys (ConfUtils.java:logGet(43)) - raft.server.log.appender.install.snapshot.enabled = false (custom)
2019-10-02 23:36:07,270 [pool-413-thread-1] INFO  impl.RaftServerImpl (ServerState.java:<init>(103)) - 5e7b6db9-4669-4e59-809b-55e1d934ed4a@group-C77B79E19ED7: ConfigurationManager, init=-1: [5e7b6db9-4669-4e59-809b-55e1d934ed4a:192.168.30.26:40165], old=null, confs=<EMPTY_MAP>
2019-10-02 23:36:07,270 [pool-413-thread-1] INFO  server.RaftServerConfigKeys (ConfUtils.java:logGet(43)) - raft.server.storage.dir = [/workdir/hadoop-ozone/integration-test/target/test-dir/MiniOzoneClusterImpl-f1f4c3ff-5d54-4c76-9e3b-ad485f195bfe/datanode-3/data/ratis] (custom)
2019-10-02 23:36:07,271 [pool-413-thread-1] INFO  server.RaftServerConfigKeys (ConfUtils.java:logGet(43)) - raft.server.log.corruption.policy = EXCEPTION (default)
2019-10-02 23:36:07,271 [pool-413-thread-1] INFO  storage.RaftStorageDirectory (RaftStorageDirectory.java:analyzeStorage(246)) - The storage directory /workdir/hadoop-ozone/integration-test/target/test-dir/MiniOzoneClusterImpl-f1f4c3ff-5d54-4c76-9e3b-ad485f195bfe/datanode-3/data/ratis/b07c5e81-dc5c-489d-92c3-c77b79e19ed7 does not exist. Creating ...
2019-10-02 23:36:07,294 [pool-413-thread-1] INFO  storage.RaftStorageDirectory (RaftStorageDirectory.java:tryLock(328)) - Lock on /workdir/hadoop-ozone/integration-test/target/test-dir/MiniOzoneClusterImpl-f1f4c3ff-5d54-4c76-9e3b-ad485f195bfe/datanode-3/data/ratis/b07c5e81-dc5c-489d-92c3-c77b79e19ed7/in_use.lock acquired by nodename 31506@pr-hdds-2228-s7bqq-3240520643
2019-10-02 23:36:07,321 [IPC Server handler 2 on 42280] INFO  net.NetworkTopology (NetworkTopologyImpl.java:add(111)) - Added a new node: /default-rack/30b0be8c-71ff-4116-afb6-f748fb20f5ee
2019-10-02 23:36:07,321 [IPC Server handler 2 on 42280] INFO  node.SCMNodeManager (SCMNodeManager.java:register(266)) - Registered Data node : 30b0be8c-71ff-4116-afb6-f748fb20f5ee{ip: 192.168.30.26, host: pr-hdds-2228-s7bqq-3240520643, networkLocation: /default-rack, certSerialId: null}
2019-10-02 23:36:07,333 [pool-413-thread-1] INFO  storage.RaftStorage (RaftStorage.java:format(84)) - Storage directory /workdir/hadoop-ozone/integration-test/target/test-dir/MiniOzoneClusterImpl-f1f4c3ff-5d54-4c76-9e3b-ad485f195bfe/datanode-3/data/ratis/b07c5e81-dc5c-489d-92c3-c77b79e19ed7 has been successfully formatted.
2019-10-02 23:36:07,333 [pool-413-thread-1] INFO  ratis.ContainerStateMachine (ContainerStateMachine.java:loadSnapshot(230)) - group-C77B79E19ED7: The snapshot info is null. Setting the last applied indexto:(t:0, i:~)
2019-10-02 23:36:07,333 [pool-413-thread-1] INFO  server.RaftServerConfigKeys (ConfUtils.java:logGet(43)) - raft.server.notification.no-leader.timeout = 120s (custom)
2019-10-02 23:36:07,333 [pool-413-thread-1] INFO  server.RaftServerConfigKeys (ConfUtils.java:logGet(43)) - raft.server.log.use.memory = false (default)
2019-10-02 23:36:07,333 [pool-413-thread-1] INFO  server.RaftServerConfigKeys (ConfUtils.java:logGet(43)) - raft.server.log.purge.gap = 1000000 (custom)
2019-10-02 23:36:07,333 [pool-413-thread-1] INFO  server.RaftServerConfigKeys (ConfUtils.java:logGet(43)) - raft.server.log.appender.buffer.byte-limit = 33554432 (custom)
2019-10-02 23:36:07,334 [pool-413-thread-1] INFO  server.RaftServerConfigKeys (ConfUtils.java:logGet(43)) - raft.server.log.segment.size.max = 1048576 (custom)
2019-10-02 23:36:07,335 [pool-413-thread-1] INFO  server.RaftServerConfigKeys (ConfUtils.java:logGet(43)) - raft.server.log.segment.cache.num.max = 2 (custom)
2019-10-02 23:36:07,335 [pool-413-thread-1] INFO  segmented.SegmentedRaftLogWorker (SegmentedRaftLogWorker.java:<init>(173)) - new 5e7b6db9-4669-4e59-809b-55e1d934ed4a@group-C77B79E19ED7-SegmentedRaftLogWorker for RaftStorage:Storage Directory /workdir/hadoop-ozone/integration-test/target/test-dir/MiniOzoneClusterImpl-f1f4c3ff-5d54-4c76-9e3b-ad485f195bfe/datanode-3/data/ratis/b07c5e81-dc5c-489d-92c3-c77b79e19ed7
2019-10-02 23:36:07,335 [pool-413-thread-1] INFO  server.RaftServerConfigKeys (ConfUtils.java:logGet(43)) - raft.server.log.queue.byte-limit = 2147483647 (custom)
2019-10-02 23:36:07,335 [pool-413-thread-1] INFO  server.RaftServerConfigKeys (ConfUtils.java:logGet(43)) - raft.server.log.queue.element-limit = 1024 (custom)
2019-10-02 23:36:07,335 [pool-413-thread-1] INFO  server.RaftServerConfigKeys (ConfUtils.java:logGet(43)) - raft.server.log.segment.size.max = 1048576 (custom)
2019-10-02 23:36:07,336 [pool-413-thread-1] INFO  server.RaftServerConfigKeys (ConfUtils.java:logGet(43)) - raft.server.log.preallocated.size = 16384 (custom)
2019-10-02 23:36:07,336 [pool-413-thread-1] INFO  server.RaftServerConfigKeys (ConfUtils.java:logGet(43)) - raft.server.log.write.buffer.size = 33554432 (custom)
2019-10-02 23:36:07,336 [pool-413-thread-1] INFO  server.RaftServerConfigKeys (ConfUtils.java:logGet(43)) - raft.server.log.force.sync.num = 128 (default)
2019-10-02 23:36:07,336 [pool-413-thread-1] INFO  server.RaftServerConfigKeys (ConfUtils.java:logGet(43)) - raft.server.log.statemachine.data.sync = true (default)
2019-10-02 23:36:07,336 [pool-413-thread-1] INFO  server.RaftServerConfigKeys (ConfUtils.java:logGet(43)) - raft.server.log.statemachine.data.sync.timeout = 10s (default)
2019-10-02 23:36:07,336 [pool-413-thread-1] INFO  server.RaftServerConfigKeys (ConfUtils.java:logGet(43)) - raft.server.log.statemachine.data.sync.timeout.retry = -1 (default)
2019-10-02 23:36:07,336 [pool-413-thread-1] INFO  server.RaftServerConfigKeys (ConfUtils.java:logGet(43)) - raft.server.log.statemachine.data.caching.enabled = true (custom)
2019-10-02 23:36:07,337 [pool-413-thread-1] INFO  segmented.SegmentedRaftLogWorker (SegmentedRaftLogWorker.java:lambda$new$0(128)) - 5e7b6db9-4669-4e59-809b-55e1d934ed4a@group-C77B79E19ED7-SegmentedRaftLogWorker: flushIndex: setUnconditionally 0 -> -1
2019-10-02 23:36:07,337 [pool-413-thread-1] INFO  server.RaftServerConfigKeys (ConfUtils.java:logGet(43)) - raft.server.snapshot.auto.trigger.enabled = true (custom)
2019-10-02 23:36:07,337 [pool-413-thread-1] INFO  server.RaftServerConfigKeys (ConfUtils.java:logGet(43)) - raft.server.snapshot.auto.trigger.threshold = 10000 (custom)
2019-10-02 23:36:07,337 [pool-413-thread-1] INFO  server.RaftServerConfigKeys (ConfUtils.java:logGet(43)) - raft.server.snapshot.retention.file.num = 5 (custom)
2019-10-02 23:36:07,337 [pool-413-thread-1] INFO  server.RaftServerConfigKeys (ConfUtils.java:logGet(43)) - raft.server.retrycache.expirytime = 600000ms (custom)
2019-10-02 23:36:07,339 [pool-413-thread-1] INFO  impl.RaftServerImpl (RaftServerImpl.java:start(181)) - 5e7b6db9-4669-4e59-809b-55e1d934ed4a@group-C77B79E19ED7: start as a follower, conf=-1: [5e7b6db9-4669-4e59-809b-55e1d934ed4a:192.168.30.26:40165], old=null
2019-10-02 23:36:07,339 [pool-413-thread-1] INFO  impl.RaftServerImpl (RaftServerImpl.java:setRole(170)) - 5e7b6db9-4669-4e59-809b-55e1d934ed4a@group-C77B79E19ED7: changes role from      null to FOLLOWER at term 0 for startAsFollower
2019-10-02 23:36:07,339 [pool-413-thread-1] INFO  impl.RoleInfo (RoleInfo.java:updateAndGet(143)) - 5e7b6db9-4669-4e59-809b-55e1d934ed4a: start FollowerState
2019-10-02 23:36:07,339 [pool-413-thread-1] INFO  util.JmxRegister (JmxRegister.java:tryRegister(44)) - Successfully registered JMX Bean with object name Ratis:service=RaftServer,group=group-C77B79E19ED7,id=5e7b6db9-4669-4e59-809b-55e1d934ed4a
2019-10-02 23:36:07,343 [RatisPipelineUtilsThread] INFO  pipeline.PipelineStateManager (PipelineStateManager.java:addPipeline(56)) - Created pipeline Pipeline[ Id: b07c5e81-dc5c-489d-92c3-c77b79e19ed7, Nodes: 5e7b6db9-4669-4e59-809b-55e1d934ed4a{ip: 192.168.30.26, host: pr-hdds-2228-s7bqq-3240520643, networkLocation: /default-rack, certSerialId: null}, Type:RATIS, Factor:ONE, State:OPEN]
2019-10-02 23:36:07,356 [grpc-default-executor-6] INFO  impl.RaftServerProxy (RaftServerProxy.java:addNew(89)) - 30b0be8c-71ff-4116-afb6-f748fb20f5ee: addNew group-77990A82D15E:[30b0be8c-71ff-4116-afb6-f748fb20f5ee:192.168.30.26:33800] returns group-77990A82D15E:java.util.concurrent.CompletableFuture@4a2cb039[Not completed]
2019-10-02 23:36:07,358 [pool-423-thread-1] INFO  impl.RaftServerImpl (RaftServerImpl.java:<init>(95)) - 30b0be8c-71ff-4116-afb6-f748fb20f5ee: new RaftServerImpl for group-77990A82D15E:[30b0be8c-71ff-4116-afb6-f748fb20f5ee:192.168.30.26:33800] with ContainerStateMachine:uninitialized
2019-10-02 23:36:07,358 [pool-423-thread-1] INFO  server.RaftServerConfigKeys (ConfUtils.java:logGet(43)) - raft.server.rpc.timeout.min = 5s (custom)
2019-10-02 23:36:07,358 [pool-423-thread-1] INFO  server.RaftServerConfigKeys (ConfUtils.java:logGet(43)) - raft.server.rpc.timeout.max = 5200ms (custom)
2019-10-02 23:36:07,358 [pool-423-thread-1] INFO  server.RaftServerConfigKeys (ConfUtils.java:logGet(43)) - raft.server.rpcslowness.timeout = 120s (custom)
2019-10-02 23:36:07,359 [pool-423-thread-1] INFO  server.RaftServerConfigKeys (ConfUtils.java:logGet(43)) - raft.server.sleep.deviation.threshold = 300 (default)
2019-10-02 23:36:07,359 [pool-423-thread-1] INFO  server.RaftServerConfigKeys (ConfUtils.java:logGet(43)) - raft.server.log.appender.install.snapshot.enabled = false (custom)
2019-10-02 23:36:07,359 [pool-423-thread-1] INFO  impl.RaftServerImpl (ServerState.java:<init>(103)) - 30b0be8c-71ff-4116-afb6-f748fb20f5ee@group-77990A82D15E: ConfigurationManager, init=-1: [30b0be8c-71ff-4116-afb6-f748fb20f5ee:192.168.30.26:33800], old=null, confs=<EMPTY_MAP>
2019-10-02 23:36:07,359 [pool-423-thread-1] INFO  server.RaftServerConfigKeys (ConfUtils.java:logGet(43)) - raft.server.storage.dir = [/workdir/hadoop-ozone/integration-test/target/test-dir/MiniOzoneClusterImpl-f1f4c3ff-5d54-4c76-9e3b-ad485f195bfe/datanode-4/data/ratis] (custom)
2019-10-02 23:36:07,359 [pool-423-thread-1] INFO  server.RaftServerConfigKeys (ConfUtils.java:logGet(43)) - raft.server.log.corruption.policy = EXCEPTION (default)
2019-10-02 23:36:07,360 [pool-423-thread-1] INFO  storage.RaftStorageDirectory (RaftStorageDirectory.java:analyzeStorage(246)) - The storage directory /workdir/hadoop-ozone/integration-test/target/test-dir/MiniOzoneClusterImpl-f1f4c3ff-5d54-4c76-9e3b-ad485f195bfe/datanode-4/data/ratis/eff24048-03d7-43b6-ab0c-77990a82d15e does not exist. Creating ...
2019-10-02 23:36:07,383 [pool-423-thread-1] INFO  storage.RaftStorageDirectory (RaftStorageDirectory.java:tryLock(328)) - Lock on /workdir/hadoop-ozone/integration-test/target/test-dir/MiniOzoneClusterImpl-f1f4c3ff-5d54-4c76-9e3b-ad485f195bfe/datanode-4/data/ratis/eff24048-03d7-43b6-ab0c-77990a82d15e/in_use.lock acquired by nodename 31506@pr-hdds-2228-s7bqq-3240520643
2019-10-02 23:36:07,392 [IPC Server handler 5 on 42280] INFO  net.NetworkTopology (NetworkTopologyImpl.java:add(111)) - Added a new node: /default-rack/628122ac-3d25-4fe8-a384-95955f297fb8
2019-10-02 23:36:07,392 [IPC Server handler 5 on 42280] INFO  node.SCMNodeManager (SCMNodeManager.java:register(266)) - Registered Data node : 628122ac-3d25-4fe8-a384-95955f297fb8{ip: 192.168.30.26, host: pr-hdds-2228-s7bqq-3240520643, networkLocation: /default-rack, certSerialId: null}
2019-10-02 23:36:07,408 [pool-423-thread-1] INFO  storage.RaftStorage (RaftStorage.java:format(84)) - Storage directory /workdir/hadoop-ozone/integration-test/target/test-dir/MiniOzoneClusterImpl-f1f4c3ff-5d54-4c76-9e3b-ad485f195bfe/datanode-4/data/ratis/eff24048-03d7-43b6-ab0c-77990a82d15e has been successfully formatted.
2019-10-02 23:36:07,409 [pool-423-thread-1] INFO  ratis.ContainerStateMachine (ContainerStateMachine.java:loadSnapshot(230)) - group-77990A82D15E: The snapshot info is null. Setting the last applied indexto:(t:0, i:~)
2019-10-02 23:36:07,409 [pool-423-thread-1] INFO  server.RaftServerConfigKeys (ConfUtils.java:logGet(43)) - raft.server.notification.no-leader.timeout = 120s (custom)
2019-10-02 23:36:07,409 [pool-423-thread-1] INFO  server.RaftServerConfigKeys (ConfUtils.java:logGet(43)) - raft.server.log.use.memory = false (default)
2019-10-02 23:36:07,409 [pool-423-thread-1] INFO  server.RaftServerConfigKeys (ConfUtils.java:logGet(43)) - raft.server.log.purge.gap = 1000000 (custom)
2019-10-02 23:36:07,410 [pool-423-thread-1] INFO  server.RaftServerConfigKeys (ConfUtils.java:logGet(43)) - raft.server.log.appender.buffer.byte-limit = 33554432 (custom)
2019-10-02 23:36:07,410 [pool-423-thread-1] INFO  server.RaftServerConfigKeys (ConfUtils.java:logGet(43)) - raft.server.log.segment.size.max = 1048576 (custom)
2019-10-02 23:36:07,412 [pool-423-thread-1] INFO  server.RaftServerConfigKeys (ConfUtils.java:logGet(43)) - raft.server.log.segment.cache.num.max = 2 (custom)
2019-10-02 23:36:07,412 [pool-423-thread-1] INFO  segmented.SegmentedRaftLogWorker (SegmentedRaftLogWorker.java:<init>(173)) - new 30b0be8c-71ff-4116-afb6-f748fb20f5ee@group-77990A82D15E-SegmentedRaftLogWorker for RaftStorage:Storage Directory /workdir/hadoop-ozone/integration-test/target/test-dir/MiniOzoneClusterImpl-f1f4c3ff-5d54-4c76-9e3b-ad485f195bfe/datanode-4/data/ratis/eff24048-03d7-43b6-ab0c-77990a82d15e
2019-10-02 23:36:07,412 [pool-423-thread-1] INFO  server.RaftServerConfigKeys (ConfUtils.java:logGet(43)) - raft.server.log.queue.byte-limit = 2147483647 (custom)
2019-10-02 23:36:07,412 [pool-423-thread-1] INFO  server.RaftServerConfigKeys (ConfUtils.java:logGet(43)) - raft.server.log.queue.element-limit = 1024 (custom)
2019-10-02 23:36:07,413 [pool-423-thread-1] INFO  server.RaftServerConfigKeys (ConfUtils.java:logGet(43)) - raft.server.log.segment.size.max = 1048576 (custom)
2019-10-02 23:36:07,413 [pool-423-thread-1] INFO  server.RaftServerConfigKeys (ConfUtils.java:logGet(43)) - raft.server.log.preallocated.size = 16384 (custom)
2019-10-02 23:36:07,413 [pool-423-thread-1] INFO  server.RaftServerConfigKeys (ConfUtils.java:logGet(43)) - raft.server.log.write.buffer.size = 33554432 (custom)
2019-10-02 23:36:07,413 [pool-423-thread-1] INFO  server.RaftServerConfigKeys (ConfUtils.java:logGet(43)) - raft.server.log.force.sync.num = 128 (default)
2019-10-02 23:36:07,413 [pool-423-thread-1] INFO  server.RaftServerConfigKeys (ConfUtils.java:logGet(43)) - raft.server.log.statemachine.data.sync = true (default)
2019-10-02 23:36:07,413 [pool-423-thread-1] INFO  server.RaftServerConfigKeys (ConfUtils.java:logGet(43)) - raft.server.log.statemachine.data.sync.timeout = 10s (default)
2019-10-02 23:36:07,414 [pool-423-thread-1] INFO  server.RaftServerConfigKeys (ConfUtils.java:logGet(43)) - raft.server.log.statemachine.data.sync.timeout.retry = -1 (default)
2019-10-02 23:36:07,414 [pool-423-thread-1] INFO  server.RaftServerConfigKeys (ConfUtils.java:logGet(43)) - raft.server.log.statemachine.data.caching.enabled = true (custom)
2019-10-02 23:36:07,414 [pool-423-thread-1] INFO  segmented.SegmentedRaftLogWorker (SegmentedRaftLogWorker.java:lambda$new$0(128)) - 30b0be8c-71ff-4116-afb6-f748fb20f5ee@group-77990A82D15E-SegmentedRaftLogWorker: flushIndex: setUnconditionally 0 -> -1
2019-10-02 23:36:07,415 [pool-423-thread-1] INFO  server.RaftServerConfigKeys (ConfUtils.java:logGet(43)) - raft.server.snapshot.auto.trigger.enabled = true (custom)
2019-10-02 23:36:07,415 [pool-423-thread-1] INFO  server.RaftServerConfigKeys (ConfUtils.java:logGet(43)) - raft.server.snapshot.auto.trigger.threshold = 10000 (custom)
2019-10-02 23:36:07,415 [pool-423-thread-1] INFO  server.RaftServerConfigKeys (ConfUtils.java:logGet(43)) - raft.server.snapshot.retention.file.num = 5 (custom)
2019-10-02 23:36:07,415 [pool-423-thread-1] INFO  server.RaftServerConfigKeys (ConfUtils.java:logGet(43)) - raft.server.retrycache.expirytime = 600000ms (custom)
2019-10-02 23:36:07,417 [pool-423-thread-1] INFO  impl.RaftServerImpl (RaftServerImpl.java:start(181)) - 30b0be8c-71ff-4116-afb6-f748fb20f5ee@group-77990A82D15E: start as a follower, conf=-1: [30b0be8c-71ff-4116-afb6-f748fb20f5ee:192.168.30.26:33800], old=null
2019-10-02 23:36:07,417 [pool-423-thread-1] INFO  impl.RaftServerImpl (RaftServerImpl.java:setRole(170)) - 30b0be8c-71ff-4116-afb6-f748fb20f5ee@group-77990A82D15E: changes role from      null to FOLLOWER at term 0 for startAsFollower
2019-10-02 23:36:07,417 [pool-423-thread-1] INFO  impl.RoleInfo (RoleInfo.java:updateAndGet(143)) - 30b0be8c-71ff-4116-afb6-f748fb20f5ee: start FollowerState
2019-10-02 23:36:07,418 [pool-423-thread-1] INFO  util.JmxRegister (JmxRegister.java:tryRegister(44)) - Successfully registered JMX Bean with object name Ratis:service=RaftServer,group=group-77990A82D15E,id=30b0be8c-71ff-4116-afb6-f748fb20f5ee
2019-10-02 23:36:07,422 [RatisPipelineUtilsThread] INFO  pipeline.PipelineStateManager (PipelineStateManager.java:addPipeline(56)) - Created pipeline Pipeline[ Id: eff24048-03d7-43b6-ab0c-77990a82d15e, Nodes: 30b0be8c-71ff-4116-afb6-f748fb20f5ee{ip: 192.168.30.26, host: pr-hdds-2228-s7bqq-3240520643, networkLocation: /default-rack, certSerialId: null}, Type:RATIS, Factor:ONE, State:OPEN]
2019-10-02 23:36:07,429 [grpc-default-executor-6] INFO  impl.RaftServerProxy (RaftServerProxy.java:addNew(89)) - 628122ac-3d25-4fe8-a384-95955f297fb8: addNew group-EBEC82EF1497:[628122ac-3d25-4fe8-a384-95955f297fb8:192.168.30.26:43569] returns group-EBEC82EF1497:java.util.concurrent.CompletableFuture@32f8502d[Not completed]
2019-10-02 23:36:07,431 [pool-433-thread-1] INFO  impl.RaftServerImpl (RaftServerImpl.java:<init>(95)) - 628122ac-3d25-4fe8-a384-95955f297fb8: new RaftServerImpl for group-EBEC82EF1497:[628122ac-3d25-4fe8-a384-95955f297fb8:192.168.30.26:43569] with ContainerStateMachine:uninitialized
2019-10-02 23:36:07,431 [pool-433-thread-1] INFO  server.RaftServerConfigKeys (ConfUtils.java:logGet(43)) - raft.server.rpc.timeout.min = 5s (custom)
2019-10-02 23:36:07,431 [pool-433-thread-1] INFO  server.RaftServerConfigKeys (ConfUtils.java:logGet(43)) - raft.server.rpc.timeout.max = 5200ms (custom)
2019-10-02 23:36:07,431 [pool-433-thread-1] INFO  server.RaftServerConfigKeys (ConfUtils.java:logGet(43)) - raft.server.rpcslowness.timeout = 120s (custom)
2019-10-02 23:36:07,431 [pool-433-thread-1] INFO  server.RaftServerConfigKeys (ConfUtils.java:logGet(43)) - raft.server.sleep.deviation.threshold = 300 (default)
2019-10-02 23:36:07,431 [pool-433-thread-1] INFO  server.RaftServerConfigKeys (ConfUtils.java:logGet(43)) - raft.server.log.appender.install.snapshot.enabled = false (custom)
2019-10-02 23:36:07,431 [pool-433-thread-1] INFO  impl.RaftServerImpl (ServerState.java:<init>(103)) - 628122ac-3d25-4fe8-a384-95955f297fb8@group-EBEC82EF1497: ConfigurationManager, init=-1: [628122ac-3d25-4fe8-a384-95955f297fb8:192.168.30.26:43569], old=null, confs=<EMPTY_MAP>
2019-10-02 23:36:07,432 [pool-433-thread-1] INFO  server.RaftServerConfigKeys (ConfUtils.java:logGet(43)) - raft.server.storage.dir = [/workdir/hadoop-ozone/integration-test/target/test-dir/MiniOzoneClusterImpl-f1f4c3ff-5d54-4c76-9e3b-ad485f195bfe/datanode-5/data/ratis] (custom)
2019-10-02 23:36:07,432 [pool-433-thread-1] INFO  server.RaftServerConfigKeys (ConfUtils.java:logGet(43)) - raft.server.log.corruption.policy = EXCEPTION (default)
2019-10-02 23:36:07,432 [pool-433-thread-1] INFO  storage.RaftStorageDirectory (RaftStorageDirectory.java:analyzeStorage(246)) - The storage directory /workdir/hadoop-ozone/integration-test/target/test-dir/MiniOzoneClusterImpl-f1f4c3ff-5d54-4c76-9e3b-ad485f195bfe/datanode-5/data/ratis/7703ccb8-589c-469b-aab2-ebec82ef1497 does not exist. Creating ...
2019-10-02 23:36:07,452 [main] INFO  ozone.MiniOzoneClusterImpl (MiniOzoneClusterImpl.java:lambda$waitForClusterToBeReady$0(147)) - Waiting for cluster to be ready. Got 6 of 7 DN Heartbeats.
2019-10-02 23:36:07,453 [IPC Server handler 19 on 42280] INFO  net.NetworkTopology (NetworkTopologyImpl.java:add(111)) - Added a new node: /default-rack/b3544fb1-a4c5-4886-870a-95a1b06c173a
2019-10-02 23:36:07,453 [IPC Server handler 19 on 42280] INFO  node.SCMNodeManager (SCMNodeManager.java:register(266)) - Registered Data node : b3544fb1-a4c5-4886-870a-95a1b06c173a{ip: 192.168.30.26, host: pr-hdds-2228-s7bqq-3240520643, networkLocation: /default-rack, certSerialId: null}
2019-10-02 23:36:07,459 [pool-433-thread-1] INFO  storage.RaftStorageDirectory (RaftStorageDirectory.java:tryLock(328)) - Lock on /workdir/hadoop-ozone/integration-test/target/test-dir/MiniOzoneClusterImpl-f1f4c3ff-5d54-4c76-9e3b-ad485f195bfe/datanode-5/data/ratis/7703ccb8-589c-469b-aab2-ebec82ef1497/in_use.lock acquired by nodename 31506@pr-hdds-2228-s7bqq-3240520643
2019-10-02 23:36:07,484 [pool-433-thread-1] INFO  storage.RaftStorage (RaftStorage.java:format(84)) - Storage directory /workdir/hadoop-ozone/integration-test/target/test-dir/MiniOzoneClusterImpl-f1f4c3ff-5d54-4c76-9e3b-ad485f195bfe/datanode-5/data/ratis/7703ccb8-589c-469b-aab2-ebec82ef1497 has been successfully formatted.
2019-10-02 23:36:07,484 [pool-433-thread-1] INFO  ratis.ContainerStateMachine (ContainerStateMachine.java:loadSnapshot(230)) - group-EBEC82EF1497: The snapshot info is null. Setting the last applied indexto:(t:0, i:~)
2019-10-02 23:36:07,484 [pool-433-thread-1] INFO  server.RaftServerConfigKeys (ConfUtils.java:logGet(43)) - raft.server.notification.no-leader.timeout = 120s (custom)
2019-10-02 23:36:07,485 [pool-433-thread-1] INFO  server.RaftServerConfigKeys (ConfUtils.java:logGet(43)) - raft.server.log.use.memory = false (default)
2019-10-02 23:36:07,485 [pool-433-thread-1] INFO  server.RaftServerConfigKeys (ConfUtils.java:logGet(43)) - raft.server.log.purge.gap = 1000000 (custom)
2019-10-02 23:36:07,485 [pool-433-thread-1] INFO  server.RaftServerConfigKeys (ConfUtils.java:logGet(43)) - raft.server.log.appender.buffer.byte-limit = 33554432 (custom)
2019-10-02 23:36:07,485 [pool-433-thread-1] INFO  server.RaftServerConfigKeys (ConfUtils.java:logGet(43)) - raft.server.log.segment.size.max = 1048576 (custom)
2019-10-02 23:36:07,486 [pool-433-thread-1] INFO  server.RaftServerConfigKeys (ConfUtils.java:logGet(43)) - raft.server.log.segment.cache.num.max = 2 (custom)
2019-10-02 23:36:07,487 [pool-433-thread-1] INFO  segmented.SegmentedRaftLogWorker (SegmentedRaftLogWorker.java:<init>(173)) - new 628122ac-3d25-4fe8-a384-95955f297fb8@group-EBEC82EF1497-SegmentedRaftLogWorker for RaftStorage:Storage Directory /workdir/hadoop-ozone/integration-test/target/test-dir/MiniOzoneClusterImpl-f1f4c3ff-5d54-4c76-9e3b-ad485f195bfe/datanode-5/data/ratis/7703ccb8-589c-469b-aab2-ebec82ef1497
2019-10-02 23:36:07,487 [pool-433-thread-1] INFO  server.RaftServerConfigKeys (ConfUtils.java:logGet(43)) - raft.server.log.queue.byte-limit = 2147483647 (custom)
2019-10-02 23:36:07,487 [pool-433-thread-1] INFO  server.RaftServerConfigKeys (ConfUtils.java:logGet(43)) - raft.server.log.queue.element-limit = 1024 (custom)
2019-10-02 23:36:07,487 [pool-433-thread-1] INFO  server.RaftServerConfigKeys (ConfUtils.java:logGet(43)) - raft.server.log.segment.size.max = 1048576 (custom)
2019-10-02 23:36:07,487 [pool-433-thread-1] INFO  server.RaftServerConfigKeys (ConfUtils.java:logGet(43)) - raft.server.log.preallocated.size = 16384 (custom)
2019-10-02 23:36:07,487 [pool-433-thread-1] INFO  server.RaftServerConfigKeys (ConfUtils.java:logGet(43)) - raft.server.log.write.buffer.size = 33554432 (custom)
2019-10-02 23:36:07,487 [pool-433-thread-1] INFO  server.RaftServerConfigKeys (ConfUtils.java:logGet(43)) - raft.server.log.force.sync.num = 128 (default)
2019-10-02 23:36:07,487 [pool-433-thread-1] INFO  server.RaftServerConfigKeys (ConfUtils.java:logGet(43)) - raft.server.log.statemachine.data.sync = true (default)
2019-10-02 23:36:07,487 [pool-433-thread-1] INFO  server.RaftServerConfigKeys (ConfUtils.java:logGet(43)) - raft.server.log.statemachine.data.sync.timeout = 10s (default)
2019-10-02 23:36:07,488 [pool-433-thread-1] INFO  server.RaftServerConfigKeys (ConfUtils.java:logGet(43)) - raft.server.log.statemachine.data.sync.timeout.retry = -1 (default)
2019-10-02 23:36:07,488 [pool-433-thread-1] INFO  server.RaftServerConfigKeys (ConfUtils.java:logGet(43)) - raft.server.log.statemachine.data.caching.enabled = true (custom)
2019-10-02 23:36:07,488 [pool-433-thread-1] INFO  segmented.SegmentedRaftLogWorker (SegmentedRaftLogWorker.java:lambda$new$0(128)) - 628122ac-3d25-4fe8-a384-95955f297fb8@group-EBEC82EF1497-SegmentedRaftLogWorker: flushIndex: setUnconditionally 0 -> -1
2019-10-02 23:36:07,489 [pool-433-thread-1] INFO  server.RaftServerConfigKeys (ConfUtils.java:logGet(43)) - raft.server.snapshot.auto.trigger.enabled = true (custom)
2019-10-02 23:36:07,489 [pool-433-thread-1] INFO  server.RaftServerConfigKeys (ConfUtils.java:logGet(43)) - raft.server.snapshot.auto.trigger.threshold = 10000 (custom)
2019-10-02 23:36:07,489 [pool-433-thread-1] INFO  server.RaftServerConfigKeys (ConfUtils.java:logGet(43)) - raft.server.snapshot.retention.file.num = 5 (custom)
2019-10-02 23:36:07,489 [pool-433-thread-1] INFO  server.RaftServerConfigKeys (ConfUtils.java:logGet(43)) - raft.server.retrycache.expirytime = 600000ms (custom)
2019-10-02 23:36:07,490 [pool-433-thread-1] INFO  impl.RaftServerImpl (RaftServerImpl.java:start(181)) - 628122ac-3d25-4fe8-a384-95955f297fb8@group-EBEC82EF1497: start as a follower, conf=-1: [628122ac-3d25-4fe8-a384-95955f297fb8:192.168.30.26:43569], old=null
2019-10-02 23:36:07,490 [pool-433-thread-1] INFO  impl.RaftServerImpl (RaftServerImpl.java:setRole(170)) - 628122ac-3d25-4fe8-a384-95955f297fb8@group-EBEC82EF1497: changes role from      null to FOLLOWER at term 0 for startAsFollower
2019-10-02 23:36:07,491 [pool-433-thread-1] INFO  impl.RoleInfo (RoleInfo.java:updateAndGet(143)) - 628122ac-3d25-4fe8-a384-95955f297fb8: start FollowerState
2019-10-02 23:36:07,491 [pool-433-thread-1] INFO  util.JmxRegister (JmxRegister.java:tryRegister(44)) - Successfully registered JMX Bean with object name Ratis:service=RaftServer,group=group-EBEC82EF1497,id=628122ac-3d25-4fe8-a384-95955f297fb8
2019-10-02 23:36:07,494 [RatisPipelineUtilsThread] INFO  pipeline.PipelineStateManager (PipelineStateManager.java:addPipeline(56)) - Created pipeline Pipeline[ Id: 7703ccb8-589c-469b-aab2-ebec82ef1497, Nodes: 628122ac-3d25-4fe8-a384-95955f297fb8{ip: 192.168.30.26, host: pr-hdds-2228-s7bqq-3240520643, networkLocation: /default-rack, certSerialId: null}, Type:RATIS, Factor:ONE, State:OPEN]
2019-10-02 23:36:07,505 [grpc-default-executor-6] INFO  impl.RaftServerProxy (RaftServerProxy.java:addNew(89)) - b3544fb1-a4c5-4886-870a-95a1b06c173a: addNew group-E429B08EE5EA:[b3544fb1-a4c5-4886-870a-95a1b06c173a:192.168.30.26:45791] returns group-E429B08EE5EA:java.util.concurrent.CompletableFuture@13861b71[Not completed]
2019-10-02 23:36:07,506 [pool-443-thread-1] INFO  impl.RaftServerImpl (RaftServerImpl.java:<init>(95)) - b3544fb1-a4c5-4886-870a-95a1b06c173a: new RaftServerImpl for group-E429B08EE5EA:[b3544fb1-a4c5-4886-870a-95a1b06c173a:192.168.30.26:45791] with ContainerStateMachine:uninitialized
2019-10-02 23:36:07,506 [pool-443-thread-1] INFO  server.RaftServerConfigKeys (ConfUtils.java:logGet(43)) - raft.server.rpc.timeout.min = 5s (custom)
2019-10-02 23:36:07,506 [pool-443-thread-1] INFO  server.RaftServerConfigKeys (ConfUtils.java:logGet(43)) - raft.server.rpc.timeout.max = 5200ms (custom)
2019-10-02 23:36:07,506 [pool-443-thread-1] INFO  server.RaftServerConfigKeys (ConfUtils.java:logGet(43)) - raft.server.rpcslowness.timeout = 120s (custom)
2019-10-02 23:36:07,506 [pool-443-thread-1] INFO  server.RaftServerConfigKeys (ConfUtils.java:logGet(43)) - raft.server.sleep.deviation.threshold = 300 (default)
2019-10-02 23:36:07,506 [pool-443-thread-1] INFO  server.RaftServerConfigKeys (ConfUtils.java:logGet(43)) - raft.server.log.appender.install.snapshot.enabled = false (custom)
2019-10-02 23:36:07,507 [pool-443-thread-1] INFO  impl.RaftServerImpl (ServerState.java:<init>(103)) - b3544fb1-a4c5-4886-870a-95a1b06c173a@group-E429B08EE5EA: ConfigurationManager, init=-1: [b3544fb1-a4c5-4886-870a-95a1b06c173a:192.168.30.26:45791], old=null, confs=<EMPTY_MAP>
2019-10-02 23:36:07,507 [pool-443-thread-1] INFO  server.RaftServerConfigKeys (ConfUtils.java:logGet(43)) - raft.server.storage.dir = [/workdir/hadoop-ozone/integration-test/target/test-dir/MiniOzoneClusterImpl-f1f4c3ff-5d54-4c76-9e3b-ad485f195bfe/datanode-6/data/ratis] (custom)
2019-10-02 23:36:07,507 [pool-443-thread-1] INFO  server.RaftServerConfigKeys (ConfUtils.java:logGet(43)) - raft.server.log.corruption.policy = EXCEPTION (default)
2019-10-02 23:36:07,507 [pool-443-thread-1] INFO  storage.RaftStorageDirectory (RaftStorageDirectory.java:analyzeStorage(246)) - The storage directory /workdir/hadoop-ozone/integration-test/target/test-dir/MiniOzoneClusterImpl-f1f4c3ff-5d54-4c76-9e3b-ad485f195bfe/datanode-6/data/ratis/3e51dcec-4db2-4421-904d-e429b08ee5ea does not exist. Creating ...
2019-10-02 23:36:07,543 [pool-443-thread-1] INFO  storage.RaftStorageDirectory (RaftStorageDirectory.java:tryLock(328)) - Lock on /workdir/hadoop-ozone/integration-test/target/test-dir/MiniOzoneClusterImpl-f1f4c3ff-5d54-4c76-9e3b-ad485f195bfe/datanode-6/data/ratis/3e51dcec-4db2-4421-904d-e429b08ee5ea/in_use.lock acquired by nodename 31506@pr-hdds-2228-s7bqq-3240520643
2019-10-02 23:36:07,568 [pool-443-thread-1] INFO  storage.RaftStorage (RaftStorage.java:format(84)) - Storage directory /workdir/hadoop-ozone/integration-test/target/test-dir/MiniOzoneClusterImpl-f1f4c3ff-5d54-4c76-9e3b-ad485f195bfe/datanode-6/data/ratis/3e51dcec-4db2-4421-904d-e429b08ee5ea has been successfully formatted.
2019-10-02 23:36:07,568 [pool-443-thread-1] INFO  ratis.ContainerStateMachine (ContainerStateMachine.java:loadSnapshot(230)) - group-E429B08EE5EA: The snapshot info is null. Setting the last applied indexto:(t:0, i:~)
2019-10-02 23:36:07,569 [pool-443-thread-1] INFO  server.RaftServerConfigKeys (ConfUtils.java:logGet(43)) - raft.server.notification.no-leader.timeout = 120s (custom)
2019-10-02 23:36:07,569 [pool-443-thread-1] INFO  server.RaftServerConfigKeys (ConfUtils.java:logGet(43)) - raft.server.log.use.memory = false (default)
2019-10-02 23:36:07,569 [pool-443-thread-1] INFO  server.RaftServerConfigKeys (ConfUtils.java:logGet(43)) - raft.server.log.purge.gap = 1000000 (custom)
2019-10-02 23:36:07,569 [pool-443-thread-1] INFO  server.RaftServerConfigKeys (ConfUtils.java:logGet(43)) - raft.server.log.appender.buffer.byte-limit = 33554432 (custom)
2019-10-02 23:36:07,569 [pool-443-thread-1] INFO  server.RaftServerConfigKeys (ConfUtils.java:logGet(43)) - raft.server.log.segment.size.max = 1048576 (custom)
2019-10-02 23:36:07,570 [pool-443-thread-1] INFO  server.RaftServerConfigKeys (ConfUtils.java:logGet(43)) - raft.server.log.segment.cache.num.max = 2 (custom)
2019-10-02 23:36:07,570 [pool-443-thread-1] INFO  segmented.SegmentedRaftLogWorker (SegmentedRaftLogWorker.java:<init>(173)) - new b3544fb1-a4c5-4886-870a-95a1b06c173a@group-E429B08EE5EA-SegmentedRaftLogWorker for RaftStorage:Storage Directory /workdir/hadoop-ozone/integration-test/target/test-dir/MiniOzoneClusterImpl-f1f4c3ff-5d54-4c76-9e3b-ad485f195bfe/datanode-6/data/ratis/3e51dcec-4db2-4421-904d-e429b08ee5ea
2019-10-02 23:36:07,570 [pool-443-thread-1] INFO  server.RaftServerConfigKeys (ConfUtils.java:logGet(43)) - raft.server.log.queue.byte-limit = 2147483647 (custom)
2019-10-02 23:36:07,571 [pool-443-thread-1] INFO  server.RaftServerConfigKeys (ConfUtils.java:logGet(43)) - raft.server.log.queue.element-limit = 1024 (custom)
2019-10-02 23:36:07,571 [pool-443-thread-1] INFO  server.RaftServerConfigKeys (ConfUtils.java:logGet(43)) - raft.server.log.segment.size.max = 1048576 (custom)
2019-10-02 23:36:07,571 [pool-443-thread-1] INFO  server.RaftServerConfigKeys (ConfUtils.java:logGet(43)) - raft.server.log.preallocated.size = 16384 (custom)
2019-10-02 23:36:07,571 [pool-443-thread-1] INFO  server.RaftServerConfigKeys (ConfUtils.java:logGet(43)) - raft.server.log.write.buffer.size = 33554432 (custom)
2019-10-02 23:36:07,571 [pool-443-thread-1] INFO  server.RaftServerConfigKeys (ConfUtils.java:logGet(43)) - raft.server.log.force.sync.num = 128 (default)
2019-10-02 23:36:07,571 [pool-443-thread-1] INFO  server.RaftServerConfigKeys (ConfUtils.java:logGet(43)) - raft.server.log.statemachine.data.sync = true (default)
2019-10-02 23:36:07,571 [pool-443-thread-1] INFO  server.RaftServerConfigKeys (ConfUtils.java:logGet(43)) - raft.server.log.statemachine.data.sync.timeout = 10s (default)
2019-10-02 23:36:07,571 [pool-443-thread-1] INFO  server.RaftServerConfigKeys (ConfUtils.java:logGet(43)) - raft.server.log.statemachine.data.sync.timeout.retry = -1 (default)
2019-10-02 23:36:07,571 [pool-443-thread-1] INFO  server.RaftServerConfigKeys (ConfUtils.java:logGet(43)) - raft.server.log.statemachine.data.caching.enabled = true (custom)
2019-10-02 23:36:07,572 [pool-443-thread-1] INFO  segmented.SegmentedRaftLogWorker (SegmentedRaftLogWorker.java:lambda$new$0(128)) - b3544fb1-a4c5-4886-870a-95a1b06c173a@group-E429B08EE5EA-SegmentedRaftLogWorker: flushIndex: setUnconditionally 0 -> -1
2019-10-02 23:36:07,572 [pool-443-thread-1] INFO  server.RaftServerConfigKeys (ConfUtils.java:logGet(43)) - raft.server.snapshot.auto.trigger.enabled = true (custom)
2019-10-02 23:36:07,572 [pool-443-thread-1] INFO  server.RaftServerConfigKeys (ConfUtils.java:logGet(43)) - raft.server.snapshot.auto.trigger.threshold = 10000 (custom)
2019-10-02 23:36:07,572 [pool-443-thread-1] INFO  server.RaftServerConfigKeys (ConfUtils.java:logGet(43)) - raft.server.snapshot.retention.file.num = 5 (custom)
2019-10-02 23:36:07,572 [pool-443-thread-1] INFO  server.RaftServerConfigKeys (ConfUtils.java:logGet(43)) - raft.server.retrycache.expirytime = 600000ms (custom)
2019-10-02 23:36:07,573 [pool-443-thread-1] INFO  impl.RaftServerImpl (RaftServerImpl.java:start(181)) - b3544fb1-a4c5-4886-870a-95a1b06c173a@group-E429B08EE5EA: start as a follower, conf=-1: [b3544fb1-a4c5-4886-870a-95a1b06c173a:192.168.30.26:45791], old=null
2019-10-02 23:36:07,573 [pool-443-thread-1] INFO  impl.RaftServerImpl (RaftServerImpl.java:setRole(170)) - b3544fb1-a4c5-4886-870a-95a1b06c173a@group-E429B08EE5EA: changes role from      null to FOLLOWER at term 0 for startAsFollower
2019-10-02 23:36:07,574 [pool-443-thread-1] INFO  impl.RoleInfo (RoleInfo.java:updateAndGet(143)) - b3544fb1-a4c5-4886-870a-95a1b06c173a: start FollowerState
2019-10-02 23:36:07,574 [pool-443-thread-1] INFO  util.JmxRegister (JmxRegister.java:tryRegister(44)) - Successfully registered JMX Bean with object name Ratis:service=RaftServer,group=group-E429B08EE5EA,id=b3544fb1-a4c5-4886-870a-95a1b06c173a
2019-10-02 23:36:07,577 [RatisPipelineUtilsThread] INFO  pipeline.PipelineStateManager (PipelineStateManager.java:addPipeline(56)) - Created pipeline Pipeline[ Id: 3e51dcec-4db2-4421-904d-e429b08ee5ea, Nodes: b3544fb1-a4c5-4886-870a-95a1b06c173a{ip: 192.168.30.26, host: pr-hdds-2228-s7bqq-3240520643, networkLocation: /default-rack, certSerialId: null}, Type:RATIS, Factor:ONE, State:OPEN]
2019-10-02 23:36:07,593 [grpc-default-executor-4] INFO  impl.RaftServerProxy (RaftServerProxy.java:addNew(89)) - 30b0be8c-71ff-4116-afb6-f748fb20f5ee: addNew group-731D695FCCC7:[30b0be8c-71ff-4116-afb6-f748fb20f5ee:192.168.30.26:33800, 25c78bb2-c497-4746-8d85-3a9b94dd6081:192.168.30.26:38283, 628122ac-3d25-4fe8-a384-95955f297fb8:192.168.30.26:43569] returns group-731D695FCCC7:java.util.concurrent.CompletableFuture@237018e2[Not completed]
2019-10-02 23:36:07,593 [grpc-default-executor-6] INFO  impl.RaftServerProxy (RaftServerProxy.java:addNew(89)) - 25c78bb2-c497-4746-8d85-3a9b94dd6081: addNew group-731D695FCCC7:[30b0be8c-71ff-4116-afb6-f748fb20f5ee:192.168.30.26:33800, 25c78bb2-c497-4746-8d85-3a9b94dd6081:192.168.30.26:38283, 628122ac-3d25-4fe8-a384-95955f297fb8:192.168.30.26:43569] returns group-731D695FCCC7:java.util.concurrent.CompletableFuture@2a253c5d[Not completed]
2019-10-02 23:36:07,593 [grpc-default-executor-5] INFO  impl.RaftServerProxy (RaftServerProxy.java:addNew(89)) - 628122ac-3d25-4fe8-a384-95955f297fb8: addNew group-731D695FCCC7:[30b0be8c-71ff-4116-afb6-f748fb20f5ee:192.168.30.26:33800, 25c78bb2-c497-4746-8d85-3a9b94dd6081:192.168.30.26:38283, 628122ac-3d25-4fe8-a384-95955f297fb8:192.168.30.26:43569] returns group-731D695FCCC7:java.util.concurrent.CompletableFuture@2148a9e1[Not completed]
2019-10-02 23:36:07,595 [pool-423-thread-1] INFO  impl.RaftServerImpl (RaftServerImpl.java:<init>(95)) - 30b0be8c-71ff-4116-afb6-f748fb20f5ee: new RaftServerImpl for group-731D695FCCC7:[30b0be8c-71ff-4116-afb6-f748fb20f5ee:192.168.30.26:33800, 25c78bb2-c497-4746-8d85-3a9b94dd6081:192.168.30.26:38283, 628122ac-3d25-4fe8-a384-95955f297fb8:192.168.30.26:43569] with ContainerStateMachine:uninitialized
2019-10-02 23:36:07,595 [pool-423-thread-1] INFO  server.RaftServerConfigKeys (ConfUtils.java:logGet(43)) - raft.server.rpc.timeout.min = 5s (custom)
2019-10-02 23:36:07,595 [pool-423-thread-1] INFO  server.RaftServerConfigKeys (ConfUtils.java:logGet(43)) - raft.server.rpc.timeout.max = 5200ms (custom)
2019-10-02 23:36:07,595 [pool-423-thread-1] INFO  server.RaftServerConfigKeys (ConfUtils.java:logGet(43)) - raft.server.rpcslowness.timeout = 120s (custom)
2019-10-02 23:36:07,595 [pool-423-thread-1] INFO  server.RaftServerConfigKeys (ConfUtils.java:logGet(43)) - raft.server.sleep.deviation.threshold = 300 (default)
2019-10-02 23:36:07,595 [pool-423-thread-1] INFO  server.RaftServerConfigKeys (ConfUtils.java:logGet(43)) - raft.server.log.appender.install.snapshot.enabled = false (custom)
2019-10-02 23:36:07,595 [pool-393-thread-1] INFO  impl.RaftServerImpl (RaftServerImpl.java:<init>(95)) - 25c78bb2-c497-4746-8d85-3a9b94dd6081: new RaftServerImpl for group-731D695FCCC7:[30b0be8c-71ff-4116-afb6-f748fb20f5ee:192.168.30.26:33800, 25c78bb2-c497-4746-8d85-3a9b94dd6081:192.168.30.26:38283, 628122ac-3d25-4fe8-a384-95955f297fb8:192.168.30.26:43569] with ContainerStateMachine:uninitialized
2019-10-02 23:36:07,595 [pool-423-thread-1] INFO  impl.RaftServerImpl (ServerState.java:<init>(103)) - 30b0be8c-71ff-4116-afb6-f748fb20f5ee@group-731D695FCCC7: ConfigurationManager, init=-1: [30b0be8c-71ff-4116-afb6-f748fb20f5ee:192.168.30.26:33800, 25c78bb2-c497-4746-8d85-3a9b94dd6081:192.168.30.26:38283, 628122ac-3d25-4fe8-a384-95955f297fb8:192.168.30.26:43569], old=null, confs=<EMPTY_MAP>
2019-10-02 23:36:07,595 [pool-393-thread-1] INFO  server.RaftServerConfigKeys (ConfUtils.java:logGet(43)) - raft.server.rpc.timeout.min = 5s (custom)
2019-10-02 23:36:07,595 [pool-423-thread-1] INFO  server.RaftServerConfigKeys (ConfUtils.java:logGet(43)) - raft.server.storage.dir = [/workdir/hadoop-ozone/integration-test/target/test-dir/MiniOzoneClusterImpl-f1f4c3ff-5d54-4c76-9e3b-ad485f195bfe/datanode-4/data/ratis] (custom)
2019-10-02 23:36:07,595 [pool-393-thread-1] INFO  server.RaftServerConfigKeys (ConfUtils.java:logGet(43)) - raft.server.rpc.timeout.max = 5200ms (custom)
2019-10-02 23:36:07,596 [pool-433-thread-1] INFO  impl.RaftServerImpl (RaftServerImpl.java:<init>(95)) - 628122ac-3d25-4fe8-a384-95955f297fb8: new RaftServerImpl for group-731D695FCCC7:[30b0be8c-71ff-4116-afb6-f748fb20f5ee:192.168.30.26:33800, 25c78bb2-c497-4746-8d85-3a9b94dd6081:192.168.30.26:38283, 628122ac-3d25-4fe8-a384-95955f297fb8:192.168.30.26:43569] with ContainerStateMachine:uninitialized
2019-10-02 23:36:07,596 [pool-393-thread-1] INFO  server.RaftServerConfigKeys (ConfUtils.java:logGet(43)) - raft.server.rpcslowness.timeout = 120s (custom)
2019-10-02 23:36:07,596 [pool-423-thread-1] INFO  server.RaftServerConfigKeys (ConfUtils.java:logGet(43)) - raft.server.log.corruption.policy = EXCEPTION (default)
2019-10-02 23:36:07,596 [pool-393-thread-1] INFO  server.RaftServerConfigKeys (ConfUtils.java:logGet(43)) - raft.server.sleep.deviation.threshold = 300 (default)
2019-10-02 23:36:07,596 [pool-433-thread-1] INFO  server.RaftServerConfigKeys (ConfUtils.java:logGet(43)) - raft.server.rpc.timeout.min = 5s (custom)
2019-10-02 23:36:07,596 [pool-393-thread-1] INFO  server.RaftServerConfigKeys (ConfUtils.java:logGet(43)) - raft.server.log.appender.install.snapshot.enabled = false (custom)
2019-10-02 23:36:07,596 [pool-423-thread-1] INFO  storage.RaftStorageDirectory (RaftStorageDirectory.java:analyzeStorage(246)) - The storage directory /workdir/hadoop-ozone/integration-test/target/test-dir/MiniOzoneClusterImpl-f1f4c3ff-5d54-4c76-9e3b-ad485f195bfe/datanode-4/data/ratis/3ca14881-58df-4e6c-9896-731d695fccc7 does not exist. Creating ...
2019-10-02 23:36:07,596 [pool-393-thread-1] INFO  impl.RaftServerImpl (ServerState.java:<init>(103)) - 25c78bb2-c497-4746-8d85-3a9b94dd6081@group-731D695FCCC7: ConfigurationManager, init=-1: [30b0be8c-71ff-4116-afb6-f748fb20f5ee:192.168.30.26:33800, 25c78bb2-c497-4746-8d85-3a9b94dd6081:192.168.30.26:38283, 628122ac-3d25-4fe8-a384-95955f297fb8:192.168.30.26:43569], old=null, confs=<EMPTY_MAP>
2019-10-02 23:36:07,596 [pool-433-thread-1] INFO  server.RaftServerConfigKeys (ConfUtils.java:logGet(43)) - raft.server.rpc.timeout.max = 5200ms (custom)
2019-10-02 23:36:07,597 [pool-393-thread-1] INFO  server.RaftServerConfigKeys (ConfUtils.java:logGet(43)) - raft.server.storage.dir = [/workdir/hadoop-ozone/integration-test/target/test-dir/MiniOzoneClusterImpl-f1f4c3ff-5d54-4c76-9e3b-ad485f195bfe/datanode-1/data/ratis] (custom)
2019-10-02 23:36:07,597 [pool-433-thread-1] INFO  server.RaftServerConfigKeys (ConfUtils.java:logGet(43)) - raft.server.rpcslowness.timeout = 120s (custom)
2019-10-02 23:36:07,597 [pool-433-thread-1] INFO  server.RaftServerConfigKeys (ConfUtils.java:logGet(43)) - raft.server.sleep.deviation.threshold = 300 (default)
2019-10-02 23:36:07,597 [pool-393-thread-1] INFO  server.RaftServerConfigKeys (ConfUtils.java:logGet(43)) - raft.server.log.corruption.policy = EXCEPTION (default)
2019-10-02 23:36:07,597 [pool-433-thread-1] INFO  server.RaftServerConfigKeys (ConfUtils.java:logGet(43)) - raft.server.log.appender.install.snapshot.enabled = false (custom)
2019-10-02 23:36:07,597 [pool-393-thread-1] INFO  storage.RaftStorageDirectory (RaftStorageDirectory.java:analyzeStorage(246)) - The storage directory /workdir/hadoop-ozone/integration-test/target/test-dir/MiniOzoneClusterImpl-f1f4c3ff-5d54-4c76-9e3b-ad485f195bfe/datanode-1/data/ratis/3ca14881-58df-4e6c-9896-731d695fccc7 does not exist. Creating ...
2019-10-02 23:36:07,597 [pool-433-thread-1] INFO  impl.RaftServerImpl (ServerState.java:<init>(103)) - 628122ac-3d25-4fe8-a384-95955f297fb8@group-731D695FCCC7: ConfigurationManager, init=-1: [30b0be8c-71ff-4116-afb6-f748fb20f5ee:192.168.30.26:33800, 25c78bb2-c497-4746-8d85-3a9b94dd6081:192.168.30.26:38283, 628122ac-3d25-4fe8-a384-95955f297fb8:192.168.30.26:43569], old=null, confs=<EMPTY_MAP>
2019-10-02 23:36:07,598 [pool-433-thread-1] INFO  server.RaftServerConfigKeys (ConfUtils.java:logGet(43)) - raft.server.storage.dir = [/workdir/hadoop-ozone/integration-test/target/test-dir/MiniOzoneClusterImpl-f1f4c3ff-5d54-4c76-9e3b-ad485f195bfe/datanode-5/data/ratis] (custom)
2019-10-02 23:36:07,598 [pool-433-thread-1] INFO  server.RaftServerConfigKeys (ConfUtils.java:logGet(43)) - raft.server.log.corruption.policy = EXCEPTION (default)
2019-10-02 23:36:07,598 [pool-433-thread-1] INFO  storage.RaftStorageDirectory (RaftStorageDirectory.java:analyzeStorage(246)) - The storage directory /workdir/hadoop-ozone/integration-test/target/test-dir/MiniOzoneClusterImpl-f1f4c3ff-5d54-4c76-9e3b-ad485f195bfe/datanode-5/data/ratis/3ca14881-58df-4e6c-9896-731d695fccc7 does not exist. Creating ...
2019-10-02 23:36:07,619 [pool-393-thread-1] INFO  storage.RaftStorageDirectory (RaftStorageDirectory.java:tryLock(328)) - Lock on /workdir/hadoop-ozone/integration-test/target/test-dir/MiniOzoneClusterImpl-f1f4c3ff-5d54-4c76-9e3b-ad485f195bfe/datanode-1/data/ratis/3ca14881-58df-4e6c-9896-731d695fccc7/in_use.lock acquired by nodename 31506@pr-hdds-2228-s7bqq-3240520643
2019-10-02 23:36:07,619 [pool-433-thread-1] INFO  storage.RaftStorageDirectory (RaftStorageDirectory.java:tryLock(328)) - Lock on /workdir/hadoop-ozone/integration-test/target/test-dir/MiniOzoneClusterImpl-f1f4c3ff-5d54-4c76-9e3b-ad485f195bfe/datanode-5/data/ratis/3ca14881-58df-4e6c-9896-731d695fccc7/in_use.lock acquired by nodename 31506@pr-hdds-2228-s7bqq-3240520643
2019-10-02 23:36:07,619 [pool-423-thread-1] INFO  storage.RaftStorageDirectory (RaftStorageDirectory.java:tryLock(328)) - Lock on /workdir/hadoop-ozone/integration-test/target/test-dir/MiniOzoneClusterImpl-f1f4c3ff-5d54-4c76-9e3b-ad485f195bfe/datanode-4/data/ratis/3ca14881-58df-4e6c-9896-731d695fccc7/in_use.lock acquired by nodename 31506@pr-hdds-2228-s7bqq-3240520643
2019-10-02 23:36:07,645 [pool-423-thread-1] INFO  storage.RaftStorage (RaftStorage.java:format(84)) - Storage directory /workdir/hadoop-ozone/integration-test/target/test-dir/MiniOzoneClusterImpl-f1f4c3ff-5d54-4c76-9e3b-ad485f195bfe/datanode-4/data/ratis/3ca14881-58df-4e6c-9896-731d695fccc7 has been successfully formatted.
2019-10-02 23:36:07,645 [pool-393-thread-1] INFO  storage.RaftStorage (RaftStorage.java:format(84)) - Storage directory /workdir/hadoop-ozone/integration-test/target/test-dir/MiniOzoneClusterImpl-f1f4c3ff-5d54-4c76-9e3b-ad485f195bfe/datanode-1/data/ratis/3ca14881-58df-4e6c-9896-731d695fccc7 has been successfully formatted.
2019-10-02 23:36:07,645 [pool-423-thread-1] INFO  ratis.ContainerStateMachine (ContainerStateMachine.java:loadSnapshot(230)) - group-731D695FCCC7: The snapshot info is null. Setting the last applied indexto:(t:0, i:~)
2019-10-02 23:36:07,645 [pool-433-thread-1] INFO  storage.RaftStorage (RaftStorage.java:format(84)) - Storage directory /workdir/hadoop-ozone/integration-test/target/test-dir/MiniOzoneClusterImpl-f1f4c3ff-5d54-4c76-9e3b-ad485f195bfe/datanode-5/data/ratis/3ca14881-58df-4e6c-9896-731d695fccc7 has been successfully formatted.
2019-10-02 23:36:07,645 [pool-393-thread-1] INFO  ratis.ContainerStateMachine (ContainerStateMachine.java:loadSnapshot(230)) - group-731D695FCCC7: The snapshot info is null. Setting the last applied indexto:(t:0, i:~)
2019-10-02 23:36:07,645 [pool-423-thread-1] INFO  server.RaftServerConfigKeys (ConfUtils.java:logGet(43)) - raft.server.notification.no-leader.timeout = 120s (custom)
2019-10-02 23:36:07,645 [pool-393-thread-1] INFO  server.RaftServerConfigKeys (ConfUtils.java:logGet(43)) - raft.server.notification.no-leader.timeout = 120s (custom)
2019-10-02 23:36:07,645 [pool-433-thread-1] INFO  ratis.ContainerStateMachine (ContainerStateMachine.java:loadSnapshot(230)) - group-731D695FCCC7: The snapshot info is null. Setting the last applied indexto:(t:0, i:~)
2019-10-02 23:36:07,646 [pool-393-thread-1] INFO  server.RaftServerConfigKeys (ConfUtils.java:logGet(43)) - raft.server.log.use.memory = false (default)
2019-10-02 23:36:07,645 [pool-423-thread-1] INFO  server.RaftServerConfigKeys (ConfUtils.java:logGet(43)) - raft.server.log.use.memory = false (default)
2019-10-02 23:36:07,646 [pool-393-thread-1] INFO  server.RaftServerConfigKeys (ConfUtils.java:logGet(43)) - raft.server.log.purge.gap = 1000000 (custom)
2019-10-02 23:36:07,646 [pool-433-thread-1] INFO  server.RaftServerConfigKeys (ConfUtils.java:logGet(43)) - raft.server.notification.no-leader.timeout = 120s (custom)
2019-10-02 23:36:07,646 [pool-393-thread-1] INFO  server.RaftServerConfigKeys (ConfUtils.java:logGet(43)) - raft.server.log.appender.buffer.byte-limit = 33554432 (custom)
2019-10-02 23:36:07,646 [pool-423-thread-1] INFO  server.RaftServerConfigKeys (ConfUtils.java:logGet(43)) - raft.server.log.purge.gap = 1000000 (custom)
2019-10-02 23:36:07,647 [pool-393-thread-1] INFO  server.RaftServerConfigKeys (ConfUtils.java:logGet(43)) - raft.server.log.segment.size.max = 1048576 (custom)
2019-10-02 23:36:07,646 [pool-433-thread-1] INFO  server.RaftServerConfigKeys (ConfUtils.java:logGet(43)) - raft.server.log.use.memory = false (default)
2019-10-02 23:36:07,647 [pool-393-thread-1] INFO  server.RaftServerConfigKeys (ConfUtils.java:logGet(43)) - raft.server.log.segment.cache.num.max = 2 (custom)
2019-10-02 23:36:07,647 [pool-423-thread-1] INFO  server.RaftServerConfigKeys (ConfUtils.java:logGet(43)) - raft.server.log.appender.buffer.byte-limit = 33554432 (custom)
2019-10-02 23:36:07,647 [pool-393-thread-1] INFO  segmented.SegmentedRaftLogWorker (SegmentedRaftLogWorker.java:<init>(173)) - new 25c78bb2-c497-4746-8d85-3a9b94dd6081@group-731D695FCCC7-SegmentedRaftLogWorker for RaftStorage:Storage Directory /workdir/hadoop-ozone/integration-test/target/test-dir/MiniOzoneClusterImpl-f1f4c3ff-5d54-4c76-9e3b-ad485f195bfe/datanode-1/data/ratis/3ca14881-58df-4e6c-9896-731d695fccc7
2019-10-02 23:36:07,647 [pool-393-thread-1] INFO  server.RaftServerConfigKeys (ConfUtils.java:logGet(43)) - raft.server.log.queue.byte-limit = 2147483647 (custom)
2019-10-02 23:36:07,647 [pool-433-thread-1] INFO  server.RaftServerConfigKeys (ConfUtils.java:logGet(43)) - raft.server.log.purge.gap = 1000000 (custom)
2019-10-02 23:36:07,647 [pool-393-thread-1] INFO  server.RaftServerConfigKeys (ConfUtils.java:logGet(43)) - raft.server.log.queue.element-limit = 1024 (custom)
2019-10-02 23:36:07,647 [pool-423-thread-1] INFO  server.RaftServerConfigKeys (ConfUtils.java:logGet(43)) - raft.server.log.segment.size.max = 1048576 (custom)
2019-10-02 23:36:07,648 [pool-393-thread-1] INFO  server.RaftServerConfigKeys (ConfUtils.java:logGet(43)) - raft.server.log.segment.size.max = 1048576 (custom)
2019-10-02 23:36:07,648 [pool-433-thread-1] INFO  server.RaftServerConfigKeys (ConfUtils.java:logGet(43)) - raft.server.log.appender.buffer.byte-limit = 33554432 (custom)
2019-10-02 23:36:07,648 [pool-393-thread-1] INFO  server.RaftServerConfigKeys (ConfUtils.java:logGet(43)) - raft.server.log.preallocated.size = 16384 (custom)
2019-10-02 23:36:07,648 [pool-423-thread-1] INFO  server.RaftServerConfigKeys (ConfUtils.java:logGet(43)) - raft.server.log.segment.cache.num.max = 2 (custom)
2019-10-02 23:36:07,648 [pool-393-thread-1] INFO  server.RaftServerConfigKeys (ConfUtils.java:logGet(43)) - raft.server.log.write.buffer.size = 33554432 (custom)
2019-10-02 23:36:07,648 [pool-433-thread-1] INFO  server.RaftServerConfigKeys (ConfUtils.java:logGet(43)) - raft.server.log.segment.size.max = 1048576 (custom)
2019-10-02 23:36:07,649 [pool-393-thread-1] INFO  server.RaftServerConfigKeys (ConfUtils.java:logGet(43)) - raft.server.log.force.sync.num = 128 (default)
2019-10-02 23:36:07,648 [pool-423-thread-1] INFO  segmented.SegmentedRaftLogWorker (SegmentedRaftLogWorker.java:<init>(173)) - new 30b0be8c-71ff-4116-afb6-f748fb20f5ee@group-731D695FCCC7-SegmentedRaftLogWorker for RaftStorage:Storage Directory /workdir/hadoop-ozone/integration-test/target/test-dir/MiniOzoneClusterImpl-f1f4c3ff-5d54-4c76-9e3b-ad485f195bfe/datanode-4/data/ratis/3ca14881-58df-4e6c-9896-731d695fccc7
2019-10-02 23:36:07,649 [pool-393-thread-1] INFO  server.RaftServerConfigKeys (ConfUtils.java:logGet(43)) - raft.server.log.statemachine.data.sync = true (default)
2019-10-02 23:36:07,649 [pool-433-thread-1] INFO  server.RaftServerConfigKeys (ConfUtils.java:logGet(43)) - raft.server.log.segment.cache.num.max = 2 (custom)
2019-10-02 23:36:07,649 [pool-393-thread-1] INFO  server.RaftServerConfigKeys (ConfUtils.java:logGet(43)) - raft.server.log.statemachine.data.sync.timeout = 10s (default)
2019-10-02 23:36:07,649 [pool-423-thread-1] INFO  server.RaftServerConfigKeys (ConfUtils.java:logGet(43)) - raft.server.log.queue.byte-limit = 2147483647 (custom)
2019-10-02 23:36:07,649 [pool-393-thread-1] INFO  server.RaftServerConfigKeys (ConfUtils.java:logGet(43)) - raft.server.log.statemachine.data.sync.timeout.retry = -1 (default)
2019-10-02 23:36:07,649 [pool-433-thread-1] INFO  segmented.SegmentedRaftLogWorker (SegmentedRaftLogWorker.java:<init>(173)) - new 628122ac-3d25-4fe8-a384-95955f297fb8@group-731D695FCCC7-SegmentedRaftLogWorker for RaftStorage:Storage Directory /workdir/hadoop-ozone/integration-test/target/test-dir/MiniOzoneClusterImpl-f1f4c3ff-5d54-4c76-9e3b-ad485f195bfe/datanode-5/data/ratis/3ca14881-58df-4e6c-9896-731d695fccc7
2019-10-02 23:36:07,650 [pool-393-thread-1] INFO  server.RaftServerConfigKeys (ConfUtils.java:logGet(43)) - raft.server.log.statemachine.data.caching.enabled = true (custom)
2019-10-02 23:36:07,650 [pool-423-thread-1] INFO  server.RaftServerConfigKeys (ConfUtils.java:logGet(43)) - raft.server.log.queue.element-limit = 1024 (custom)
2019-10-02 23:36:07,650 [pool-433-thread-1] INFO  server.RaftServerConfigKeys (ConfUtils.java:logGet(43)) - raft.server.log.queue.byte-limit = 2147483647 (custom)
2019-10-02 23:36:07,650 [pool-393-thread-1] INFO  segmented.SegmentedRaftLogWorker (SegmentedRaftLogWorker.java:lambda$new$0(128)) - 25c78bb2-c497-4746-8d85-3a9b94dd6081@group-731D695FCCC7-SegmentedRaftLogWorker: flushIndex: setUnconditionally 0 -> -1
2019-10-02 23:36:07,650 [pool-423-thread-1] INFO  server.RaftServerConfigKeys (ConfUtils.java:logGet(43)) - raft.server.log.segment.size.max = 1048576 (custom)
2019-10-02 23:36:07,650 [pool-433-thread-1] INFO  server.RaftServerConfigKeys (ConfUtils.java:logGet(43)) - raft.server.log.queue.element-limit = 1024 (custom)
2019-10-02 23:36:07,651 [pool-393-thread-1] INFO  server.RaftServerConfigKeys (ConfUtils.java:logGet(43)) - raft.server.snapshot.auto.trigger.enabled = true (custom)
2019-10-02 23:36:07,651 [pool-423-thread-1] INFO  server.RaftServerConfigKeys (ConfUtils.java:logGet(43)) - raft.server.log.preallocated.size = 16384 (custom)
2019-10-02 23:36:07,651 [pool-393-thread-1] INFO  server.RaftServerConfigKeys (ConfUtils.java:logGet(43)) - raft.server.snapshot.auto.trigger.threshold = 10000 (custom)
2019-10-02 23:36:07,651 [pool-433-thread-1] INFO  server.RaftServerConfigKeys (ConfUtils.java:logGet(43)) - raft.server.log.segment.size.max = 1048576 (custom)
2019-10-02 23:36:07,651 [pool-393-thread-1] INFO  server.RaftServerConfigKeys (ConfUtils.java:logGet(43)) - raft.server.snapshot.retention.file.num = 5 (custom)
2019-10-02 23:36:07,651 [pool-423-thread-1] INFO  server.RaftServerConfigKeys (ConfUtils.java:logGet(43)) - raft.server.log.write.buffer.size = 33554432 (custom)
2019-10-02 23:36:07,651 [pool-393-thread-1] INFO  server.RaftServerConfigKeys (ConfUtils.java:logGet(43)) - raft.server.retrycache.expirytime = 600000ms (custom)
2019-10-02 23:36:07,651 [pool-433-thread-1] INFO  server.RaftServerConfigKeys (ConfUtils.java:logGet(43)) - raft.server.log.preallocated.size = 16384 (custom)
2019-10-02 23:36:07,651 [pool-423-thread-1] INFO  server.RaftServerConfigKeys (ConfUtils.java:logGet(43)) - raft.server.log.force.sync.num = 128 (default)
2019-10-02 23:36:07,652 [pool-433-thread-1] INFO  server.RaftServerConfigKeys (ConfUtils.java:logGet(43)) - raft.server.log.write.buffer.size = 33554432 (custom)
2019-10-02 23:36:07,652 [pool-423-thread-1] INFO  server.RaftServerConfigKeys (ConfUtils.java:logGet(43)) - raft.server.log.statemachine.data.sync = true (default)
2019-10-02 23:36:07,652 [pool-433-thread-1] INFO  server.RaftServerConfigKeys (ConfUtils.java:logGet(43)) - raft.server.log.force.sync.num = 128 (default)
2019-10-02 23:36:07,652 [pool-423-thread-1] INFO  server.RaftServerConfigKeys (ConfUtils.java:logGet(43)) - raft.server.log.statemachine.data.sync.timeout = 10s (default)
2019-10-02 23:36:07,652 [pool-433-thread-1] INFO  server.RaftServerConfigKeys (ConfUtils.java:logGet(43)) - raft.server.log.statemachine.data.sync = true (default)
2019-10-02 23:36:07,652 [pool-423-thread-1] INFO  server.RaftServerConfigKeys (ConfUtils.java:logGet(43)) - raft.server.log.statemachine.data.sync.timeout.retry = -1 (default)
2019-10-02 23:36:07,653 [pool-433-thread-1] INFO  server.RaftServerConfigKeys (ConfUtils.java:logGet(43)) - raft.server.log.statemachine.data.sync.timeout = 10s (default)
2019-10-02 23:36:07,653 [pool-423-thread-1] INFO  server.RaftServerConfigKeys (ConfUtils.java:logGet(43)) - raft.server.log.statemachine.data.caching.enabled = true (custom)
2019-10-02 23:36:07,653 [pool-433-thread-1] INFO  server.RaftServerConfigKeys (ConfUtils.java:logGet(43)) - raft.server.log.statemachine.data.sync.timeout.retry = -1 (default)
2019-10-02 23:36:07,653 [pool-423-thread-1] INFO  segmented.SegmentedRaftLogWorker (SegmentedRaftLogWorker.java:lambda$new$0(128)) - 30b0be8c-71ff-4116-afb6-f748fb20f5ee@group-731D695FCCC7-SegmentedRaftLogWorker: flushIndex: setUnconditionally 0 -> -1
2019-10-02 23:36:07,653 [pool-433-thread-1] INFO  server.RaftServerConfigKeys (ConfUtils.java:logGet(43)) - raft.server.log.statemachine.data.caching.enabled = true (custom)
2019-10-02 23:36:07,653 [pool-423-thread-1] INFO  server.RaftServerConfigKeys (ConfUtils.java:logGet(43)) - raft.server.snapshot.auto.trigger.enabled = true (custom)
2019-10-02 23:36:07,653 [pool-393-thread-1] INFO  impl.RaftServerImpl (RaftServerImpl.java:start(181)) - 25c78bb2-c497-4746-8d85-3a9b94dd6081@group-731D695FCCC7: start as a follower, conf=-1: [30b0be8c-71ff-4116-afb6-f748fb20f5ee:192.168.30.26:33800, 25c78bb2-c497-4746-8d85-3a9b94dd6081:192.168.30.26:38283, 628122ac-3d25-4fe8-a384-95955f297fb8:192.168.30.26:43569], old=null
2019-10-02 23:36:07,654 [pool-433-thread-1] INFO  segmented.SegmentedRaftLogWorker (SegmentedRaftLogWorker.java:lambda$new$0(128)) - 628122ac-3d25-4fe8-a384-95955f297fb8@group-731D695FCCC7-SegmentedRaftLogWorker: flushIndex: setUnconditionally 0 -> -1
2019-10-02 23:36:07,653 [pool-423-thread-1] INFO  server.RaftServerConfigKeys (ConfUtils.java:logGet(43)) - raft.server.snapshot.auto.trigger.threshold = 10000 (custom)
2019-10-02 23:36:07,654 [pool-393-thread-1] INFO  impl.RaftServerImpl (RaftServerImpl.java:setRole(170)) - 25c78bb2-c497-4746-8d85-3a9b94dd6081@group-731D695FCCC7: changes role from      null to FOLLOWER at term 0 for startAsFollower
2019-10-02 23:36:07,654 [pool-433-thread-1] INFO  server.RaftServerConfigKeys (ConfUtils.java:logGet(43)) - raft.server.snapshot.auto.trigger.enabled = true (custom)
2019-10-02 23:36:07,654 [pool-423-thread-1] INFO  server.RaftServerConfigKeys (ConfUtils.java:logGet(43)) - raft.server.snapshot.retention.file.num = 5 (custom)
2019-10-02 23:36:07,654 [pool-433-thread-1] INFO  server.RaftServerConfigKeys (ConfUtils.java:logGet(43)) - raft.server.snapshot.auto.trigger.threshold = 10000 (custom)
2019-10-02 23:36:07,654 [pool-393-thread-1] INFO  impl.RoleInfo (RoleInfo.java:updateAndGet(143)) - 25c78bb2-c497-4746-8d85-3a9b94dd6081: start FollowerState
2019-10-02 23:36:07,654 [pool-433-thread-1] INFO  server.RaftServerConfigKeys (ConfUtils.java:logGet(43)) - raft.server.snapshot.retention.file.num = 5 (custom)
2019-10-02 23:36:07,654 [pool-423-thread-1] INFO  server.RaftServerConfigKeys (ConfUtils.java:logGet(43)) - raft.server.retrycache.expirytime = 600000ms (custom)
2019-10-02 23:36:07,655 [pool-393-thread-1] INFO  util.JmxRegister (JmxRegister.java:tryRegister(44)) - Successfully registered JMX Bean with object name Ratis:service=RaftServer,group=group-731D695FCCC7,id=25c78bb2-c497-4746-8d85-3a9b94dd6081
2019-10-02 23:36:07,655 [pool-433-thread-1] INFO  server.RaftServerConfigKeys (ConfUtils.java:logGet(43)) - raft.server.retrycache.expirytime = 600000ms (custom)
2019-10-02 23:36:07,658 [pool-423-thread-1] INFO  impl.RaftServerImpl (RaftServerImpl.java:start(181)) - 30b0be8c-71ff-4116-afb6-f748fb20f5ee@group-731D695FCCC7: start as a follower, conf=-1: [30b0be8c-71ff-4116-afb6-f748fb20f5ee:192.168.30.26:33800, 25c78bb2-c497-4746-8d85-3a9b94dd6081:192.168.30.26:38283, 628122ac-3d25-4fe8-a384-95955f297fb8:192.168.30.26:43569], old=null
2019-10-02 23:36:07,658 [pool-423-thread-1] INFO  impl.RaftServerImpl (RaftServerImpl.java:setRole(170)) - 30b0be8c-71ff-4116-afb6-f748fb20f5ee@group-731D695FCCC7: changes role from      null to FOLLOWER at term 0 for startAsFollower
2019-10-02 23:36:07,658 [pool-423-thread-1] INFO  impl.RoleInfo (RoleInfo.java:updateAndGet(143)) - 30b0be8c-71ff-4116-afb6-f748fb20f5ee: start FollowerState
2019-10-02 23:36:07,658 [pool-423-thread-1] INFO  util.JmxRegister (JmxRegister.java:tryRegister(44)) - Successfully registered JMX Bean with object name Ratis:service=RaftServer,group=group-731D695FCCC7,id=30b0be8c-71ff-4116-afb6-f748fb20f5ee
2019-10-02 23:36:07,659 [pool-433-thread-1] INFO  impl.RaftServerImpl (RaftServerImpl.java:start(181)) - 628122ac-3d25-4fe8-a384-95955f297fb8@group-731D695FCCC7: start as a follower, conf=-1: [30b0be8c-71ff-4116-afb6-f748fb20f5ee:192.168.30.26:33800, 25c78bb2-c497-4746-8d85-3a9b94dd6081:192.168.30.26:38283, 628122ac-3d25-4fe8-a384-95955f297fb8:192.168.30.26:43569], old=null
2019-10-02 23:36:07,659 [pool-433-thread-1] INFO  impl.RaftServerImpl (RaftServerImpl.java:setRole(170)) - 628122ac-3d25-4fe8-a384-95955f297fb8@group-731D695FCCC7: changes role from      null to FOLLOWER at term 0 for startAsFollower
2019-10-02 23:36:07,659 [pool-433-thread-1] INFO  impl.RoleInfo (RoleInfo.java:updateAndGet(143)) - 628122ac-3d25-4fe8-a384-95955f297fb8: start FollowerState
2019-10-02 23:36:07,660 [pool-433-thread-1] INFO  util.JmxRegister (JmxRegister.java:tryRegister(44)) - Successfully registered JMX Bean with object name Ratis:service=RaftServer,group=group-731D695FCCC7,id=628122ac-3d25-4fe8-a384-95955f297fb8
2019-10-02 23:36:07,664 [RatisPipelineUtilsThread] INFO  pipeline.PipelineStateManager (PipelineStateManager.java:addPipeline(56)) - Created pipeline Pipeline[ Id: 3ca14881-58df-4e6c-9896-731d695fccc7, Nodes: 628122ac-3d25-4fe8-a384-95955f297fb8{ip: 192.168.30.26, host: pr-hdds-2228-s7bqq-3240520643, networkLocation: /default-rack, certSerialId: null}30b0be8c-71ff-4116-afb6-f748fb20f5ee{ip: 192.168.30.26, host: pr-hdds-2228-s7bqq-3240520643, networkLocation: /default-rack, certSerialId: null}25c78bb2-c497-4746-8d85-3a9b94dd6081{ip: 192.168.30.26, host: pr-hdds-2228-s7bqq-3240520643, networkLocation: /default-rack, certSerialId: null}, Type:RATIS, Factor:THREE, State:OPEN]
2019-10-02 23:36:07,677 [grpc-default-executor-4] INFO  impl.RaftServerProxy (RaftServerProxy.java:addNew(89)) - ae6b9601-7d06-4402-b2a2-527cfd46627e: addNew group-5E4B89EE2BF5:[534797e9-ab02-4a58-b371-3b8942cd38f9:192.168.30.26:34621, 5e7b6db9-4669-4e59-809b-55e1d934ed4a:192.168.30.26:40165, ae6b9601-7d06-4402-b2a2-527cfd46627e:192.168.30.26:38238] returns group-5E4B89EE2BF5:java.util.concurrent.CompletableFuture@6d279ba2[Not completed]
2019-10-02 23:36:07,677 [grpc-default-executor-5] INFO  impl.RaftServerProxy (RaftServerProxy.java:addNew(89)) - 5e7b6db9-4669-4e59-809b-55e1d934ed4a: addNew group-5E4B89EE2BF5:[534797e9-ab02-4a58-b371-3b8942cd38f9:192.168.30.26:34621, 5e7b6db9-4669-4e59-809b-55e1d934ed4a:192.168.30.26:40165, ae6b9601-7d06-4402-b2a2-527cfd46627e:192.168.30.26:38238] returns group-5E4B89EE2BF5:java.util.concurrent.CompletableFuture@70603e23[Not completed]
2019-10-02 23:36:07,680 [grpc-default-executor-6] INFO  impl.RaftServerProxy (RaftServerProxy.java:addNew(89)) - 534797e9-ab02-4a58-b371-3b8942cd38f9: addNew group-5E4B89EE2BF5:[534797e9-ab02-4a58-b371-3b8942cd38f9:192.168.30.26:34621, 5e7b6db9-4669-4e59-809b-55e1d934ed4a:192.168.30.26:40165, ae6b9601-7d06-4402-b2a2-527cfd46627e:192.168.30.26:38238] returns group-5E4B89EE2BF5:java.util.concurrent.CompletableFuture@35faba8c[Not completed]
2019-10-02 23:36:07,682 [pool-403-thread-1] INFO  impl.RaftServerImpl (RaftServerImpl.java:<init>(95)) - ae6b9601-7d06-4402-b2a2-527cfd46627e: new RaftServerImpl for group-5E4B89EE2BF5:[534797e9-ab02-4a58-b371-3b8942cd38f9:192.168.30.26:34621, 5e7b6db9-4669-4e59-809b-55e1d934ed4a:192.168.30.26:40165, ae6b9601-7d06-4402-b2a2-527cfd46627e:192.168.30.26:38238] with ContainerStateMachine:uninitialized
2019-10-02 23:36:07,682 [pool-403-thread-1] INFO  server.RaftServerConfigKeys (ConfUtils.java:logGet(43)) - raft.server.rpc.timeout.min = 5s (custom)
2019-10-02 23:36:07,682 [pool-403-thread-1] INFO  server.RaftServerConfigKeys (ConfUtils.java:logGet(43)) - raft.server.rpc.timeout.max = 5200ms (custom)
2019-10-02 23:36:07,682 [pool-403-thread-1] INFO  server.RaftServerConfigKeys (ConfUtils.java:logGet(43)) - raft.server.rpcslowness.timeout = 120s (custom)
2019-10-02 23:36:07,682 [pool-403-thread-1] INFO  server.RaftServerConfigKeys (ConfUtils.java:logGet(43)) - raft.server.sleep.deviation.threshold = 300 (default)
2019-10-02 23:36:07,682 [pool-403-thread-1] INFO  server.RaftServerConfigKeys (ConfUtils.java:logGet(43)) - raft.server.log.appender.install.snapshot.enabled = false (custom)
2019-10-02 23:36:07,682 [pool-403-thread-1] INFO  impl.RaftServerImpl (ServerState.java:<init>(103)) - ae6b9601-7d06-4402-b2a2-527cfd46627e@group-5E4B89EE2BF5: ConfigurationManager, init=-1: [534797e9-ab02-4a58-b371-3b8942cd38f9:192.168.30.26:34621, 5e7b6db9-4669-4e59-809b-55e1d934ed4a:192.168.30.26:40165, ae6b9601-7d06-4402-b2a2-527cfd46627e:192.168.30.26:38238], old=null, confs=<EMPTY_MAP>
2019-10-02 23:36:07,683 [pool-403-thread-1] INFO  server.RaftServerConfigKeys (ConfUtils.java:logGet(43)) - raft.server.storage.dir = [/workdir/hadoop-ozone/integration-test/target/test-dir/MiniOzoneClusterImpl-f1f4c3ff-5d54-4c76-9e3b-ad485f195bfe/datanode-2/data/ratis] (custom)
2019-10-02 23:36:07,683 [pool-413-thread-1] INFO  impl.RaftServerImpl (RaftServerImpl.java:<init>(95)) - 5e7b6db9-4669-4e59-809b-55e1d934ed4a: new RaftServerImpl for group-5E4B89EE2BF5:[534797e9-ab02-4a58-b371-3b8942cd38f9:192.168.30.26:34621, 5e7b6db9-4669-4e59-809b-55e1d934ed4a:192.168.30.26:40165, ae6b9601-7d06-4402-b2a2-527cfd46627e:192.168.30.26:38238] with ContainerStateMachine:uninitialized
2019-10-02 23:36:07,683 [pool-413-thread-1] INFO  server.RaftServerConfigKeys (ConfUtils.java:logGet(43)) - raft.server.rpc.timeout.min = 5s (custom)
2019-10-02 23:36:07,683 [pool-403-thread-1] INFO  server.RaftServerConfigKeys (ConfUtils.java:logGet(43)) - raft.server.log.corruption.policy = EXCEPTION (default)
2019-10-02 23:36:07,683 [pool-413-thread-1] INFO  server.RaftServerConfigKeys (ConfUtils.java:logGet(43)) - raft.server.rpc.timeout.max = 5200ms (custom)
2019-10-02 23:36:07,683 [pool-403-thread-1] INFO  storage.RaftStorageDirectory (RaftStorageDirectory.java:analyzeStorage(246)) - The storage directory /workdir/hadoop-ozone/integration-test/target/test-dir/MiniOzoneClusterImpl-f1f4c3ff-5d54-4c76-9e3b-ad485f195bfe/datanode-2/data/ratis/f06c00cc-d3f2-45a3-9187-5e4b89ee2bf5 does not exist. Creating ...
2019-10-02 23:36:07,683 [pool-413-thread-1] INFO  server.RaftServerConfigKeys (ConfUtils.java:logGet(43)) - raft.server.rpcslowness.timeout = 120s (custom)
2019-10-02 23:36:07,684 [pool-383-thread-1] INFO  impl.RaftServerImpl (RaftServerImpl.java:<init>(95)) - 534797e9-ab02-4a58-b371-3b8942cd38f9: new RaftServerImpl for group-5E4B89EE2BF5:[534797e9-ab02-4a58-b371-3b8942cd38f9:192.168.30.26:34621, 5e7b6db9-4669-4e59-809b-55e1d934ed4a:192.168.30.26:40165, ae6b9601-7d06-4402-b2a2-527cfd46627e:192.168.30.26:38238] with ContainerStateMachine:uninitialized
2019-10-02 23:36:07,684 [pool-413-thread-1] INFO  server.RaftServerConfigKeys (ConfUtils.java:logGet(43)) - raft.server.sleep.deviation.threshold = 300 (default)
2019-10-02 23:36:07,684 [pool-383-thread-1] INFO  server.RaftServerConfigKeys (ConfUtils.java:logGet(43)) - raft.server.rpc.timeout.min = 5s (custom)
2019-10-02 23:36:07,684 [pool-413-thread-1] INFO  server.RaftServerConfigKeys (ConfUtils.java:logGet(43)) - raft.server.log.appender.install.snapshot.enabled = false (custom)
2019-10-02 23:36:07,684 [pool-383-thread-1] INFO  server.RaftServerConfigKeys (ConfUtils.java:logGet(43)) - raft.server.rpc.timeout.max = 5200ms (custom)
2019-10-02 23:36:07,684 [pool-413-thread-1] INFO  impl.RaftServerImpl (ServerState.java:<init>(103)) - 5e7b6db9-4669-4e59-809b-55e1d934ed4a@group-5E4B89EE2BF5: ConfigurationManager, init=-1: [534797e9-ab02-4a58-b371-3b8942cd38f9:192.168.30.26:34621, 5e7b6db9-4669-4e59-809b-55e1d934ed4a:192.168.30.26:40165, ae6b9601-7d06-4402-b2a2-527cfd46627e:192.168.30.26:38238], old=null, confs=<EMPTY_MAP>
2019-10-02 23:36:07,685 [pool-383-thread-1] INFO  server.RaftServerConfigKeys (ConfUtils.java:logGet(43)) - raft.server.rpcslowness.timeout = 120s (custom)
2019-10-02 23:36:07,685 [pool-413-thread-1] INFO  server.RaftServerConfigKeys (ConfUtils.java:logGet(43)) - raft.server.storage.dir = [/workdir/hadoop-ozone/integration-test/target/test-dir/MiniOzoneClusterImpl-f1f4c3ff-5d54-4c76-9e3b-ad485f195bfe/datanode-3/data/ratis] (custom)
2019-10-02 23:36:07,685 [pool-383-thread-1] INFO  server.RaftServerConfigKeys (ConfUtils.java:logGet(43)) - raft.server.sleep.deviation.threshold = 300 (default)
2019-10-02 23:36:07,685 [pool-413-thread-1] INFO  server.RaftServerConfigKeys (ConfUtils.java:logGet(43)) - raft.server.log.corruption.policy = EXCEPTION (default)
2019-10-02 23:36:07,685 [pool-383-thread-1] INFO  server.RaftServerConfigKeys (ConfUtils.java:logGet(43)) - raft.server.log.appender.install.snapshot.enabled = false (custom)
2019-10-02 23:36:07,686 [pool-413-thread-1] INFO  storage.RaftStorageDirectory (RaftStorageDirectory.java:analyzeStorage(246)) - The storage directory /workdir/hadoop-ozone/integration-test/target/test-dir/MiniOzoneClusterImpl-f1f4c3ff-5d54-4c76-9e3b-ad485f195bfe/datanode-3/data/ratis/f06c00cc-d3f2-45a3-9187-5e4b89ee2bf5 does not exist. Creating ...
2019-10-02 23:36:07,686 [pool-383-thread-1] INFO  impl.RaftServerImpl (ServerState.java:<init>(103)) - 534797e9-ab02-4a58-b371-3b8942cd38f9@group-5E4B89EE2BF5: ConfigurationManager, init=-1: [534797e9-ab02-4a58-b371-3b8942cd38f9:192.168.30.26:34621, 5e7b6db9-4669-4e59-809b-55e1d934ed4a:192.168.30.26:40165, ae6b9601-7d06-4402-b2a2-527cfd46627e:192.168.30.26:38238], old=null, confs=<EMPTY_MAP>
2019-10-02 23:36:07,686 [pool-383-thread-1] INFO  server.RaftServerConfigKeys (ConfUtils.java:logGet(43)) - raft.server.storage.dir = [/workdir/hadoop-ozone/integration-test/target/test-dir/MiniOzoneClusterImpl-f1f4c3ff-5d54-4c76-9e3b-ad485f195bfe/datanode-0/data/ratis] (custom)
2019-10-02 23:36:07,686 [pool-383-thread-1] INFO  server.RaftServerConfigKeys (ConfUtils.java:logGet(43)) - raft.server.log.corruption.policy = EXCEPTION (default)
2019-10-02 23:36:07,686 [pool-383-thread-1] INFO  storage.RaftStorageDirectory (RaftStorageDirectory.java:analyzeStorage(246)) - The storage directory /workdir/hadoop-ozone/integration-test/target/test-dir/MiniOzoneClusterImpl-f1f4c3ff-5d54-4c76-9e3b-ad485f195bfe/datanode-0/data/ratis/f06c00cc-d3f2-45a3-9187-5e4b89ee2bf5 does not exist. Creating ...
2019-10-02 23:36:07,712 [pool-413-thread-1] INFO  storage.RaftStorageDirectory (RaftStorageDirectory.java:tryLock(328)) - Lock on /workdir/hadoop-ozone/integration-test/target/test-dir/MiniOzoneClusterImpl-f1f4c3ff-5d54-4c76-9e3b-ad485f195bfe/datanode-3/data/ratis/f06c00cc-d3f2-45a3-9187-5e4b89ee2bf5/in_use.lock acquired by nodename 31506@pr-hdds-2228-s7bqq-3240520643
2019-10-02 23:36:07,712 [pool-383-thread-1] INFO  storage.RaftStorageDirectory (RaftStorageDirectory.java:tryLock(328)) - Lock on /workdir/hadoop-ozone/integration-test/target/test-dir/MiniOzoneClusterImpl-f1f4c3ff-5d54-4c76-9e3b-ad485f195bfe/datanode-0/data/ratis/f06c00cc-d3f2-45a3-9187-5e4b89ee2bf5/in_use.lock acquired by nodename 31506@pr-hdds-2228-s7bqq-3240520643
2019-10-02 23:36:07,712 [pool-403-thread-1] INFO  storage.RaftStorageDirectory (RaftStorageDirectory.java:tryLock(328)) - Lock on /workdir/hadoop-ozone/integration-test/target/test-dir/MiniOzoneClusterImpl-f1f4c3ff-5d54-4c76-9e3b-ad485f195bfe/datanode-2/data/ratis/f06c00cc-d3f2-45a3-9187-5e4b89ee2bf5/in_use.lock acquired by nodename 31506@pr-hdds-2228-s7bqq-3240520643
2019-10-02 23:36:07,738 [pool-383-thread-1] INFO  storage.RaftStorage (RaftStorage.java:format(84)) - Storage directory /workdir/hadoop-ozone/integration-test/target/test-dir/MiniOzoneClusterImpl-f1f4c3ff-5d54-4c76-9e3b-ad485f195bfe/datanode-0/data/ratis/f06c00cc-d3f2-45a3-9187-5e4b89ee2bf5 has been successfully formatted.
2019-10-02 23:36:07,738 [pool-403-thread-1] INFO  storage.RaftStorage (RaftStorage.java:format(84)) - Storage directory /workdir/hadoop-ozone/integration-test/target/test-dir/MiniOzoneClusterImpl-f1f4c3ff-5d54-4c76-9e3b-ad485f195bfe/datanode-2/data/ratis/f06c00cc-d3f2-45a3-9187-5e4b89ee2bf5 has been successfully formatted.
2019-10-02 23:36:07,738 [pool-413-thread-1] INFO  storage.RaftStorage (RaftStorage.java:format(84)) - Storage directory /workdir/hadoop-ozone/integration-test/target/test-dir/MiniOzoneClusterImpl-f1f4c3ff-5d54-4c76-9e3b-ad485f195bfe/datanode-3/data/ratis/f06c00cc-d3f2-45a3-9187-5e4b89ee2bf5 has been successfully formatted.
2019-10-02 23:36:07,738 [pool-383-thread-1] INFO  ratis.ContainerStateMachine (ContainerStateMachine.java:loadSnapshot(230)) - group-5E4B89EE2BF5: The snapshot info is null. Setting the last applied indexto:(t:0, i:~)
2019-10-02 23:36:07,739 [pool-403-thread-1] INFO  ratis.ContainerStateMachine (ContainerStateMachine.java:loadSnapshot(230)) - group-5E4B89EE2BF5: The snapshot info is null. Setting the last applied indexto:(t:0, i:~)
2019-10-02 23:36:07,739 [pool-413-thread-1] INFO  ratis.ContainerStateMachine (ContainerStateMachine.java:loadSnapshot(230)) - group-5E4B89EE2BF5: The snapshot info is null. Setting the last applied indexto:(t:0, i:~)
2019-10-02 23:36:07,739 [pool-403-thread-1] INFO  server.RaftServerConfigKeys (ConfUtils.java:logGet(43)) - raft.server.notification.no-leader.timeout = 120s (custom)
2019-10-02 23:36:07,739 [pool-383-thread-1] INFO  server.RaftServerConfigKeys (ConfUtils.java:logGet(43)) - raft.server.notification.no-leader.timeout = 120s (custom)
2019-10-02 23:36:07,739 [pool-403-thread-1] INFO  server.RaftServerConfigKeys (ConfUtils.java:logGet(43)) - raft.server.log.use.memory = false (default)
2019-10-02 23:36:07,739 [pool-413-thread-1] INFO  server.RaftServerConfigKeys (ConfUtils.java:logGet(43)) - raft.server.notification.no-leader.timeout = 120s (custom)
2019-10-02 23:36:07,740 [pool-403-thread-1] INFO  server.RaftServerConfigKeys (ConfUtils.java:logGet(43)) - raft.server.log.purge.gap = 1000000 (custom)
2019-10-02 23:36:07,739 [pool-383-thread-1] INFO  server.RaftServerConfigKeys (ConfUtils.java:logGet(43)) - raft.server.log.use.memory = false (default)
2019-10-02 23:36:07,740 [pool-403-thread-1] INFO  server.RaftServerConfigKeys (ConfUtils.java:logGet(43)) - raft.server.log.appender.buffer.byte-limit = 33554432 (custom)
2019-10-02 23:36:07,740 [pool-413-thread-1] INFO  server.RaftServerConfigKeys (ConfUtils.java:logGet(43)) - raft.server.log.use.memory = false (default)
2019-10-02 23:36:07,740 [pool-403-thread-1] INFO  server.RaftServerConfigKeys (ConfUtils.java:logGet(43)) - raft.server.log.segment.size.max = 1048576 (custom)
2019-10-02 23:36:07,740 [pool-383-thread-1] INFO  server.RaftServerConfigKeys (ConfUtils.java:logGet(43)) - raft.server.log.purge.gap = 1000000 (custom)
2019-10-02 23:36:07,740 [pool-403-thread-1] INFO  server.RaftServerConfigKeys (ConfUtils.java:logGet(43)) - raft.server.log.segment.cache.num.max = 2 (custom)
2019-10-02 23:36:07,740 [pool-413-thread-1] INFO  server.RaftServerConfigKeys (ConfUtils.java:logGet(43)) - raft.server.log.purge.gap = 1000000 (custom)
2019-10-02 23:36:07,741 [pool-403-thread-1] INFO  segmented.SegmentedRaftLogWorker (SegmentedRaftLogWorker.java:<init>(173)) - new ae6b9601-7d06-4402-b2a2-527cfd46627e@group-5E4B89EE2BF5-SegmentedRaftLogWorker for RaftStorage:Storage Directory /workdir/hadoop-ozone/integration-test/target/test-dir/MiniOzoneClusterImpl-f1f4c3ff-5d54-4c76-9e3b-ad485f195bfe/datanode-2/data/ratis/f06c00cc-d3f2-45a3-9187-5e4b89ee2bf5
2019-10-02 23:36:07,741 [pool-403-thread-1] INFO  server.RaftServerConfigKeys (ConfUtils.java:logGet(43)) - raft.server.log.queue.byte-limit = 2147483647 (custom)
2019-10-02 23:36:07,740 [pool-383-thread-1] INFO  server.RaftServerConfigKeys (ConfUtils.java:logGet(43)) - raft.server.log.appender.buffer.byte-limit = 33554432 (custom)
2019-10-02 23:36:07,741 [pool-403-thread-1] INFO  server.RaftServerConfigKeys (ConfUtils.java:logGet(43)) - raft.server.log.queue.element-limit = 1024 (custom)
2019-10-02 23:36:07,741 [pool-413-thread-1] INFO  server.RaftServerConfigKeys (ConfUtils.java:logGet(43)) - raft.server.log.appender.buffer.byte-limit = 33554432 (custom)
2019-10-02 23:36:07,741 [pool-403-thread-1] INFO  server.RaftServerConfigKeys (ConfUtils.java:logGet(43)) - raft.server.log.segment.size.max = 1048576 (custom)
2019-10-02 23:36:07,741 [pool-383-thread-1] INFO  server.RaftServerConfigKeys (ConfUtils.java:logGet(43)) - raft.server.log.segment.size.max = 1048576 (custom)
2019-10-02 23:36:07,742 [pool-403-thread-1] INFO  server.RaftServerConfigKeys (ConfUtils.java:logGet(43)) - raft.server.log.preallocated.size = 16384 (custom)
2019-10-02 23:36:07,742 [pool-413-thread-1] INFO  server.RaftServerConfigKeys (ConfUtils.java:logGet(43)) - raft.server.log.segment.size.max = 1048576 (custom)
2019-10-02 23:36:07,742 [pool-403-thread-1] INFO  server.RaftServerConfigKeys (ConfUtils.java:logGet(43)) - raft.server.log.write.buffer.size = 33554432 (custom)
2019-10-02 23:36:07,742 [pool-383-thread-1] INFO  server.RaftServerConfigKeys (ConfUtils.java:logGet(43)) - raft.server.log.segment.cache.num.max = 2 (custom)
2019-10-02 23:36:07,742 [pool-403-thread-1] INFO  server.RaftServerConfigKeys (ConfUtils.java:logGet(43)) - raft.server.log.force.sync.num = 128 (default)
2019-10-02 23:36:07,742 [pool-413-thread-1] INFO  server.RaftServerConfigKeys (ConfUtils.java:logGet(43)) - raft.server.log.segment.cache.num.max = 2 (custom)
2019-10-02 23:36:07,743 [pool-403-thread-1] INFO  server.RaftServerConfigKeys (ConfUtils.java:logGet(43)) - raft.server.log.statemachine.data.sync = true (default)
2019-10-02 23:36:07,742 [pool-383-thread-1] INFO  segmented.SegmentedRaftLogWorker (SegmentedRaftLogWorker.java:<init>(173)) - new 534797e9-ab02-4a58-b371-3b8942cd38f9@group-5E4B89EE2BF5-SegmentedRaftLogWorker for RaftStorage:Storage Directory /workdir/hadoop-ozone/integration-test/target/test-dir/MiniOzoneClusterImpl-f1f4c3ff-5d54-4c76-9e3b-ad485f195bfe/datanode-0/data/ratis/f06c00cc-d3f2-45a3-9187-5e4b89ee2bf5
2019-10-02 23:36:07,743 [pool-403-thread-1] INFO  server.RaftServerConfigKeys (ConfUtils.java:logGet(43)) - raft.server.log.statemachine.data.sync.timeout = 10s (default)
2019-10-02 23:36:07,743 [pool-413-thread-1] INFO  segmented.SegmentedRaftLogWorker (SegmentedRaftLogWorker.java:<init>(173)) - new 5e7b6db9-4669-4e59-809b-55e1d934ed4a@group-5E4B89EE2BF5-SegmentedRaftLogWorker for RaftStorage:Storage Directory /workdir/hadoop-ozone/integration-test/target/test-dir/MiniOzoneClusterImpl-f1f4c3ff-5d54-4c76-9e3b-ad485f195bfe/datanode-3/data/ratis/f06c00cc-d3f2-45a3-9187-5e4b89ee2bf5
2019-10-02 23:36:07,743 [pool-403-thread-1] INFO  server.RaftServerConfigKeys (ConfUtils.java:logGet(43)) - raft.server.log.statemachine.data.sync.timeout.retry = -1 (default)
2019-10-02 23:36:07,743 [pool-383-thread-1] INFO  server.RaftServerConfigKeys (ConfUtils.java:logGet(43)) - raft.server.log.queue.byte-limit = 2147483647 (custom)
2019-10-02 23:36:07,744 [pool-403-thread-1] INFO  server.RaftServerConfigKeys (ConfUtils.java:logGet(43)) - raft.server.log.statemachine.data.caching.enabled = true (custom)
2019-10-02 23:36:07,743 [pool-413-thread-1] INFO  server.RaftServerConfigKeys (ConfUtils.java:logGet(43)) - raft.server.log.queue.byte-limit = 2147483647 (custom)
2019-10-02 23:36:07,744 [pool-383-thread-1] INFO  server.RaftServerConfigKeys (ConfUtils.java:logGet(43)) - raft.server.log.queue.element-limit = 1024 (custom)
2019-10-02 23:36:07,744 [pool-413-thread-1] INFO  server.RaftServerConfigKeys (ConfUtils.java:logGet(43)) - raft.server.log.queue.element-limit = 1024 (custom)
2019-10-02 23:36:07,744 [pool-403-thread-1] INFO  segmented.SegmentedRaftLogWorker (SegmentedRaftLogWorker.java:lambda$new$0(128)) - ae6b9601-7d06-4402-b2a2-527cfd46627e@group-5E4B89EE2BF5-SegmentedRaftLogWorker: flushIndex: setUnconditionally 0 -> -1
2019-10-02 23:36:07,744 [pool-383-thread-1] INFO  server.RaftServerConfigKeys (ConfUtils.java:logGet(43)) - raft.server.log.segment.size.max = 1048576 (custom)
2019-10-02 23:36:07,744 [pool-413-thread-1] INFO  server.RaftServerConfigKeys (ConfUtils.java:logGet(43)) - raft.server.log.segment.size.max = 1048576 (custom)
2019-10-02 23:36:07,745 [pool-403-thread-1] INFO  server.RaftServerConfigKeys (ConfUtils.java:logGet(43)) - raft.server.snapshot.auto.trigger.enabled = true (custom)
2019-10-02 23:36:07,744 [pool-383-thread-1] INFO  server.RaftServerConfigKeys (ConfUtils.java:logGet(43)) - raft.server.log.preallocated.size = 16384 (custom)
2019-10-02 23:36:07,745 [pool-403-thread-1] INFO  server.RaftServerConfigKeys (ConfUtils.java:logGet(43)) - raft.server.snapshot.auto.trigger.threshold = 10000 (custom)
2019-10-02 23:36:07,745 [pool-413-thread-1] INFO  server.RaftServerConfigKeys (ConfUtils.java:logGet(43)) - raft.server.log.preallocated.size = 16384 (custom)
2019-10-02 23:36:07,745 [pool-403-thread-1] INFO  server.RaftServerConfigKeys (ConfUtils.java:logGet(43)) - raft.server.snapshot.retention.file.num = 5 (custom)
2019-10-02 23:36:07,745 [pool-383-thread-1] INFO  server.RaftServerConfigKeys (ConfUtils.java:logGet(43)) - raft.server.log.write.buffer.size = 33554432 (custom)
2019-10-02 23:36:07,745 [pool-413-thread-1] INFO  server.RaftServerConfigKeys (ConfUtils.java:logGet(43)) - raft.server.log.write.buffer.size = 33554432 (custom)
2019-10-02 23:36:07,745 [pool-383-thread-1] INFO  server.RaftServerConfigKeys (ConfUtils.java:logGet(43)) - raft.server.log.force.sync.num = 128 (default)
2019-10-02 23:36:07,745 [pool-403-thread-1] INFO  server.RaftServerConfigKeys (ConfUtils.java:logGet(43)) - raft.server.retrycache.expirytime = 600000ms (custom)
2019-10-02 23:36:07,746 [pool-383-thread-1] INFO  server.RaftServerConfigKeys (ConfUtils.java:logGet(43)) - raft.server.log.statemachine.data.sync = true (default)
2019-10-02 23:36:07,746 [pool-383-thread-1] INFO  server.RaftServerConfigKeys (ConfUtils.java:logGet(43)) - raft.server.log.statemachine.data.sync.timeout = 10s (default)
2019-10-02 23:36:07,745 [pool-413-thread-1] INFO  server.RaftServerConfigKeys (ConfUtils.java:logGet(43)) - raft.server.log.force.sync.num = 128 (default)
2019-10-02 23:36:07,746 [pool-383-thread-1] INFO  server.RaftServerConfigKeys (ConfUtils.java:logGet(43)) - raft.server.log.statemachine.data.sync.timeout.retry = -1 (default)
2019-10-02 23:36:07,746 [pool-413-thread-1] INFO  server.RaftServerConfigKeys (ConfUtils.java:logGet(43)) - raft.server.log.statemachine.data.sync = true (default)
2019-10-02 23:36:07,746 [pool-383-thread-1] INFO  server.RaftServerConfigKeys (ConfUtils.java:logGet(43)) - raft.server.log.statemachine.data.caching.enabled = true (custom)
2019-10-02 23:36:07,746 [pool-413-thread-1] INFO  server.RaftServerConfigKeys (ConfUtils.java:logGet(43)) - raft.server.log.statemachine.data.sync.timeout = 10s (default)
2019-10-02 23:36:07,746 [pool-383-thread-1] INFO  segmented.SegmentedRaftLogWorker (SegmentedRaftLogWorker.java:lambda$new$0(128)) - 534797e9-ab02-4a58-b371-3b8942cd38f9@group-5E4B89EE2BF5-SegmentedRaftLogWorker: flushIndex: setUnconditionally 0 -> -1
2019-10-02 23:36:07,746 [pool-413-thread-1] INFO  server.RaftServerConfigKeys (ConfUtils.java:logGet(43)) - raft.server.log.statemachine.data.sync.timeout.retry = -1 (default)
2019-10-02 23:36:07,747 [pool-383-thread-1] INFO  server.RaftServerConfigKeys (ConfUtils.java:logGet(43)) - raft.server.snapshot.auto.trigger.enabled = true (custom)
2019-10-02 23:36:07,747 [pool-413-thread-1] INFO  server.RaftServerConfigKeys (ConfUtils.java:logGet(43)) - raft.server.log.statemachine.data.caching.enabled = true (custom)
2019-10-02 23:36:07,747 [pool-383-thread-1] INFO  server.RaftServerConfigKeys (ConfUtils.java:logGet(43)) - raft.server.snapshot.auto.trigger.threshold = 10000 (custom)
2019-10-02 23:36:07,747 [pool-383-thread-1] INFO  server.RaftServerConfigKeys (ConfUtils.java:logGet(43)) - raft.server.snapshot.retention.file.num = 5 (custom)
2019-10-02 23:36:07,747 [pool-413-thread-1] INFO  segmented.SegmentedRaftLogWorker (SegmentedRaftLogWorker.java:lambda$new$0(128)) - 5e7b6db9-4669-4e59-809b-55e1d934ed4a@group-5E4B89EE2BF5-SegmentedRaftLogWorker: flushIndex: setUnconditionally 0 -> -1
2019-10-02 23:36:07,747 [pool-383-thread-1] INFO  server.RaftServerConfigKeys (ConfUtils.java:logGet(43)) - raft.server.retrycache.expirytime = 600000ms (custom)
2019-10-02 23:36:07,747 [pool-413-thread-1] INFO  server.RaftServerConfigKeys (ConfUtils.java:logGet(43)) - raft.server.snapshot.auto.trigger.enabled = true (custom)
2019-10-02 23:36:07,747 [pool-413-thread-1] INFO  server.RaftServerConfigKeys (ConfUtils.java:logGet(43)) - raft.server.snapshot.auto.trigger.threshold = 10000 (custom)
2019-10-02 23:36:07,747 [pool-413-thread-1] INFO  server.RaftServerConfigKeys (ConfUtils.java:logGet(43)) - raft.server.snapshot.retention.file.num = 5 (custom)
2019-10-02 23:36:07,748 [pool-413-thread-1] INFO  server.RaftServerConfigKeys (ConfUtils.java:logGet(43)) - raft.server.retrycache.expirytime = 600000ms (custom)
2019-10-02 23:36:07,748 [pool-403-thread-1] INFO  impl.RaftServerImpl (RaftServerImpl.java:start(181)) - ae6b9601-7d06-4402-b2a2-527cfd46627e@group-5E4B89EE2BF5: start as a follower, conf=-1: [534797e9-ab02-4a58-b371-3b8942cd38f9:192.168.30.26:34621, 5e7b6db9-4669-4e59-809b-55e1d934ed4a:192.168.30.26:40165, ae6b9601-7d06-4402-b2a2-527cfd46627e:192.168.30.26:38238], old=null
2019-10-02 23:36:07,748 [pool-403-thread-1] INFO  impl.RaftServerImpl (RaftServerImpl.java:setRole(170)) - ae6b9601-7d06-4402-b2a2-527cfd46627e@group-5E4B89EE2BF5: changes role from      null to FOLLOWER at term 0 for startAsFollower
2019-10-02 23:36:07,749 [pool-403-thread-1] INFO  impl.RoleInfo (RoleInfo.java:updateAndGet(143)) - ae6b9601-7d06-4402-b2a2-527cfd46627e: start FollowerState
2019-10-02 23:36:07,749 [pool-403-thread-1] INFO  util.JmxRegister (JmxRegister.java:tryRegister(44)) - Successfully registered JMX Bean with object name Ratis:service=RaftServer,group=group-5E4B89EE2BF5,id=ae6b9601-7d06-4402-b2a2-527cfd46627e
2019-10-02 23:36:07,750 [pool-383-thread-1] INFO  impl.RaftServerImpl (RaftServerImpl.java:start(181)) - 534797e9-ab02-4a58-b371-3b8942cd38f9@group-5E4B89EE2BF5: start as a follower, conf=-1: [534797e9-ab02-4a58-b371-3b8942cd38f9:192.168.30.26:34621, 5e7b6db9-4669-4e59-809b-55e1d934ed4a:192.168.30.26:40165, ae6b9601-7d06-4402-b2a2-527cfd46627e:192.168.30.26:38238], old=null
2019-10-02 23:36:07,751 [pool-383-thread-1] INFO  impl.RaftServerImpl (RaftServerImpl.java:setRole(170)) - 534797e9-ab02-4a58-b371-3b8942cd38f9@group-5E4B89EE2BF5: changes role from      null to FOLLOWER at term 0 for startAsFollower
2019-10-02 23:36:07,751 [pool-383-thread-1] INFO  impl.RoleInfo (RoleInfo.java:updateAndGet(143)) - 534797e9-ab02-4a58-b371-3b8942cd38f9: start FollowerState
2019-10-02 23:36:07,751 [pool-413-thread-1] INFO  impl.RaftServerImpl (RaftServerImpl.java:start(181)) - 5e7b6db9-4669-4e59-809b-55e1d934ed4a@group-5E4B89EE2BF5: start as a follower, conf=-1: [534797e9-ab02-4a58-b371-3b8942cd38f9:192.168.30.26:34621, 5e7b6db9-4669-4e59-809b-55e1d934ed4a:192.168.30.26:40165, ae6b9601-7d06-4402-b2a2-527cfd46627e:192.168.30.26:38238], old=null
2019-10-02 23:36:07,751 [pool-413-thread-1] INFO  impl.RaftServerImpl (RaftServerImpl.java:setRole(170)) - 5e7b6db9-4669-4e59-809b-55e1d934ed4a@group-5E4B89EE2BF5: changes role from      null to FOLLOWER at term 0 for startAsFollower
2019-10-02 23:36:07,751 [pool-383-thread-1] INFO  util.JmxRegister (JmxRegister.java:tryRegister(44)) - Successfully registered JMX Bean with object name Ratis:service=RaftServer,group=group-5E4B89EE2BF5,id=534797e9-ab02-4a58-b371-3b8942cd38f9
2019-10-02 23:36:07,751 [pool-413-thread-1] INFO  impl.RoleInfo (RoleInfo.java:updateAndGet(143)) - 5e7b6db9-4669-4e59-809b-55e1d934ed4a: start FollowerState
2019-10-02 23:36:07,752 [pool-413-thread-1] INFO  util.JmxRegister (JmxRegister.java:tryRegister(44)) - Successfully registered JMX Bean with object name Ratis:service=RaftServer,group=group-5E4B89EE2BF5,id=5e7b6db9-4669-4e59-809b-55e1d934ed4a
2019-10-02 23:36:07,757 [RatisPipelineUtilsThread] INFO  pipeline.PipelineStateManager (PipelineStateManager.java:addPipeline(56)) - Created pipeline Pipeline[ Id: f06c00cc-d3f2-45a3-9187-5e4b89ee2bf5, Nodes: 5e7b6db9-4669-4e59-809b-55e1d934ed4a{ip: 192.168.30.26, host: pr-hdds-2228-s7bqq-3240520643, networkLocation: /default-rack, certSerialId: null}534797e9-ab02-4a58-b371-3b8942cd38f9{ip: 192.168.30.26, host: pr-hdds-2228-s7bqq-3240520643, networkLocation: /default-rack, certSerialId: null}ae6b9601-7d06-4402-b2a2-527cfd46627e{ip: 192.168.30.26, host: pr-hdds-2228-s7bqq-3240520643, networkLocation: /default-rack, certSerialId: null}, Type:RATIS, Factor:THREE, State:OPEN]
2019-10-02 23:36:08,452 [main] INFO  ozone.MiniOzoneClusterImpl (MiniOzoneClusterImpl.java:lambda$waitForClusterToBeReady$0(147)) - Cluster is ready. Got 7 of 7 DN Heartbeats.
2019-10-02 23:36:08,514 [main] INFO  rpc.RpcClient (RpcClient.java:createVolume(277)) - Creating Volume: watchforcommithandlingtest, with jenkins1000 as owner.
2019-10-02 23:36:08,518 [IPC Server handler 2 on 45189] INFO  volume.OMVolumeCreateRequest (OMVolumeCreateRequest.java:validateAndUpdateCache(193)) - created volume:watchforcommithandlingtest for user:jenkins1000
2019-10-02 23:36:08,535 [main] INFO  rpc.RpcClient (RpcClient.java:createBucket(416)) - Creating Bucket: watchforcommithandlingtest/watchforcommithandlingtest, with Versioning false and Storage Type set to DISK and Encryption set to false 
2019-10-02 23:36:08,540 [main] INFO  ozone.MiniOzoneClusterImpl (MiniOzoneClusterImpl.java:getStorageContainerLocationClient(234)) - Creating StorageContainerLocationProtocol RPC client with address /0.0.0.0:37517
2019-10-02 23:36:10,047 [Thread-2279] INFO  container.ReplicationManager (ReplicationManager.java:start(162)) - Starting Replication Monitor Thread.
2019-10-02 23:36:10,052 [ReplicationMonitor] INFO  container.ReplicationManager (ReplicationManager.java:run(225)) - Replication Monitor Thread took 0 milliseconds for processing 1 containers.
2019-10-02 23:36:12,232 [Thread-2284] INFO  impl.FollowerState (FollowerState.java:run(108)) - 25c78bb2-c497-4746-8d85-3a9b94dd6081@group-6E88B48DE942-FollowerState: change to CANDIDATE, lastRpcTime:5039ms, electionTimeout:5039ms
2019-10-02 23:36:12,232 [Thread-2284] INFO  impl.RoleInfo (RoleInfo.java:shutdownFollowerState(121)) - 25c78bb2-c497-4746-8d85-3a9b94dd6081: shutdown FollowerState
2019-10-02 23:36:12,233 [Thread-2284] INFO  impl.RaftServerImpl (RaftServerImpl.java:setRole(170)) - 25c78bb2-c497-4746-8d85-3a9b94dd6081@group-6E88B48DE942: changes role from  FOLLOWER to CANDIDATE at term 0 for changeToCandidate
2019-10-02 23:36:12,233 [Thread-2284] INFO  impl.RoleInfo (RoleInfo.java:updateAndGet(143)) - 25c78bb2-c497-4746-8d85-3a9b94dd6081: start LeaderElection
2019-10-02 23:36:12,243 [Thread-2281] INFO  impl.FollowerState (FollowerState.java:run(108)) - 534797e9-ab02-4a58-b371-3b8942cd38f9@group-E9023A891DE2-FollowerState: change to CANDIDATE, lastRpcTime:5117ms, electionTimeout:5115ms
2019-10-02 23:36:12,243 [Thread-2281] INFO  impl.RoleInfo (RoleInfo.java:shutdownFollowerState(121)) - 534797e9-ab02-4a58-b371-3b8942cd38f9: shutdown FollowerState
2019-10-02 23:36:12,243 [Thread-2281] INFO  impl.RaftServerImpl (RaftServerImpl.java:setRole(170)) - 534797e9-ab02-4a58-b371-3b8942cd38f9@group-E9023A891DE2: changes role from  FOLLOWER to CANDIDATE at term 0 for changeToCandidate
2019-10-02 23:36:12,243 [Thread-2281] INFO  impl.RoleInfo (RoleInfo.java:updateAndGet(143)) - 534797e9-ab02-4a58-b371-3b8942cd38f9: start LeaderElection
2019-10-02 23:36:12,274 [25c78bb2-c497-4746-8d85-3a9b94dd6081@group-6E88B48DE942-LeaderElection56] INFO  impl.LeaderElection (LeaderElection.java:askForVotes(178)) - 25c78bb2-c497-4746-8d85-3a9b94dd6081@group-6E88B48DE942-LeaderElection56: begin an election at term 1 for -1: [25c78bb2-c497-4746-8d85-3a9b94dd6081:192.168.30.26:38283], old=null
2019-10-02 23:36:12,275 [534797e9-ab02-4a58-b371-3b8942cd38f9@group-E9023A891DE2-LeaderElection57] INFO  impl.LeaderElection (LeaderElection.java:askForVotes(178)) - 534797e9-ab02-4a58-b371-3b8942cd38f9@group-E9023A891DE2-LeaderElection57: begin an election at term 1 for -1: [534797e9-ab02-4a58-b371-3b8942cd38f9:192.168.30.26:34621], old=null
2019-10-02 23:36:12,275 [25c78bb2-c497-4746-8d85-3a9b94dd6081@group-6E88B48DE942-LeaderElection56] INFO  impl.RoleInfo (RoleInfo.java:shutdownLeaderElection(134)) - 25c78bb2-c497-4746-8d85-3a9b94dd6081: shutdown LeaderElection
2019-10-02 23:36:12,275 [534797e9-ab02-4a58-b371-3b8942cd38f9@group-E9023A891DE2-LeaderElection57] INFO  impl.RoleInfo (RoleInfo.java:shutdownLeaderElection(134)) - 534797e9-ab02-4a58-b371-3b8942cd38f9: shutdown LeaderElection
2019-10-02 23:36:12,275 [25c78bb2-c497-4746-8d85-3a9b94dd6081@group-6E88B48DE942-LeaderElection56] INFO  impl.RaftServerImpl (RaftServerImpl.java:setRole(170)) - 25c78bb2-c497-4746-8d85-3a9b94dd6081@group-6E88B48DE942: changes role from CANDIDATE to LEADER at term 1 for changeToLeader
2019-10-02 23:36:12,275 [534797e9-ab02-4a58-b371-3b8942cd38f9@group-E9023A891DE2-LeaderElection57] INFO  impl.RaftServerImpl (RaftServerImpl.java:setRole(170)) - 534797e9-ab02-4a58-b371-3b8942cd38f9@group-E9023A891DE2: changes role from CANDIDATE to LEADER at term 1 for changeToLeader
2019-10-02 23:36:12,275 [25c78bb2-c497-4746-8d85-3a9b94dd6081@group-6E88B48DE942-LeaderElection56] INFO  impl.RaftServerImpl (ServerState.java:setLeader(255)) - 25c78bb2-c497-4746-8d85-3a9b94dd6081@group-6E88B48DE942: change Leader from null to 25c78bb2-c497-4746-8d85-3a9b94dd6081 at term 1 for becomeLeader, leader elected after 5088ms
2019-10-02 23:36:12,275 [534797e9-ab02-4a58-b371-3b8942cd38f9@group-E9023A891DE2-LeaderElection57] INFO  impl.RaftServerImpl (ServerState.java:setLeader(255)) - 534797e9-ab02-4a58-b371-3b8942cd38f9@group-E9023A891DE2: change Leader from null to 534797e9-ab02-4a58-b371-3b8942cd38f9 at term 1 for becomeLeader, leader elected after 5159ms
2019-10-02 23:36:12,276 [25c78bb2-c497-4746-8d85-3a9b94dd6081@group-6E88B48DE942-LeaderElection56] INFO  server.RaftServerConfigKeys (ConfUtils.java:logGet(43)) - raft.server.staging.catchup.gap = 1000 (default)
2019-10-02 23:36:12,276 [534797e9-ab02-4a58-b371-3b8942cd38f9@group-E9023A891DE2-LeaderElection57] INFO  server.RaftServerConfigKeys (ConfUtils.java:logGet(43)) - raft.server.staging.catchup.gap = 1000 (default)
2019-10-02 23:36:12,276 [25c78bb2-c497-4746-8d85-3a9b94dd6081@group-6E88B48DE942-LeaderElection56] INFO  server.RaftServerConfigKeys (ConfUtils.java:logGet(43)) - raft.server.rpc.sleep.time = 25ms (default)
2019-10-02 23:36:12,276 [534797e9-ab02-4a58-b371-3b8942cd38f9@group-E9023A891DE2-LeaderElection57] INFO  server.RaftServerConfigKeys (ConfUtils.java:logGet(43)) - raft.server.rpc.sleep.time = 25ms (default)
2019-10-02 23:36:12,276 [25c78bb2-c497-4746-8d85-3a9b94dd6081@group-6E88B48DE942-LeaderElection56] INFO  server.RaftServerConfigKeys (ConfUtils.java:logGet(43)) - raft.server.write.element-limit = 4096 (default)
2019-10-02 23:36:12,276 [534797e9-ab02-4a58-b371-3b8942cd38f9@group-E9023A891DE2-LeaderElection57] INFO  server.RaftServerConfigKeys (ConfUtils.java:logGet(43)) - raft.server.write.element-limit = 4096 (default)
2019-10-02 23:36:12,277 [25c78bb2-c497-4746-8d85-3a9b94dd6081@group-6E88B48DE942-LeaderElection56] INFO  server.RaftServerConfigKeys (ConfUtils.java:logGet(43)) - raft.server.watch.timeout = 10s (default)
2019-10-02 23:36:12,277 [534797e9-ab02-4a58-b371-3b8942cd38f9@group-E9023A891DE2-LeaderElection57] INFO  server.RaftServerConfigKeys (ConfUtils.java:logGet(43)) - raft.server.watch.timeout = 10s (default)
2019-10-02 23:36:12,277 [25c78bb2-c497-4746-8d85-3a9b94dd6081@group-6E88B48DE942-LeaderElection56] INFO  server.RaftServerConfigKeys (ConfUtils.java:logGet(43)) - raft.server.watch.timeout.denomination = 1s (default)
2019-10-02 23:36:12,277 [534797e9-ab02-4a58-b371-3b8942cd38f9@group-E9023A891DE2-LeaderElection57] INFO  server.RaftServerConfigKeys (ConfUtils.java:logGet(43)) - raft.server.watch.timeout.denomination = 1s (default)
2019-10-02 23:36:12,277 [25c78bb2-c497-4746-8d85-3a9b94dd6081@group-6E88B48DE942-LeaderElection56] INFO  server.RaftServerConfigKeys (ConfUtils.java:logGet(43)) - raft.server.watch.element-limit = 65536 (default)
2019-10-02 23:36:12,277 [534797e9-ab02-4a58-b371-3b8942cd38f9@group-E9023A891DE2-LeaderElection57] INFO  server.RaftServerConfigKeys (ConfUtils.java:logGet(43)) - raft.server.watch.element-limit = 65536 (default)
2019-10-02 23:36:12,281 [25c78bb2-c497-4746-8d85-3a9b94dd6081@group-6E88B48DE942-LeaderElection56] INFO  impl.RoleInfo (RoleInfo.java:updateAndGet(143)) - 25c78bb2-c497-4746-8d85-3a9b94dd6081: start LeaderState
2019-10-02 23:36:12,281 [534797e9-ab02-4a58-b371-3b8942cd38f9@group-E9023A891DE2-LeaderElection57] INFO  impl.RoleInfo (RoleInfo.java:updateAndGet(143)) - 534797e9-ab02-4a58-b371-3b8942cd38f9: start LeaderState
2019-10-02 23:36:12,281 [25c78bb2-c497-4746-8d85-3a9b94dd6081@group-6E88B48DE942-LeaderElection56] INFO  segmented.SegmentedRaftLogWorker (SegmentedRaftLogWorker.java:startLogSegment(385)) - 25c78bb2-c497-4746-8d85-3a9b94dd6081@group-6E88B48DE942-SegmentedRaftLogWorker: Starting segment from index:0
2019-10-02 23:36:12,281 [534797e9-ab02-4a58-b371-3b8942cd38f9@group-E9023A891DE2-LeaderElection57] INFO  segmented.SegmentedRaftLogWorker (SegmentedRaftLogWorker.java:startLogSegment(385)) - 534797e9-ab02-4a58-b371-3b8942cd38f9@group-E9023A891DE2-SegmentedRaftLogWorker: Starting segment from index:0
2019-10-02 23:36:12,282 [25c78bb2-c497-4746-8d85-3a9b94dd6081@group-6E88B48DE942-LeaderElection56] INFO  impl.RaftServerImpl (ServerState.java:setRaftConf(356)) - 25c78bb2-c497-4746-8d85-3a9b94dd6081@group-6E88B48DE942: set configuration 0: [25c78bb2-c497-4746-8d85-3a9b94dd6081:192.168.30.26:38283], old=null at 0
2019-10-02 23:36:12,282 [534797e9-ab02-4a58-b371-3b8942cd38f9@group-E9023A891DE2-LeaderElection57] INFO  impl.RaftServerImpl (ServerState.java:setRaftConf(356)) - 534797e9-ab02-4a58-b371-3b8942cd38f9@group-E9023A891DE2: set configuration 0: [534797e9-ab02-4a58-b371-3b8942cd38f9:192.168.30.26:34621], old=null at 0
2019-10-02 23:36:12,335 [534797e9-ab02-4a58-b371-3b8942cd38f9@group-E9023A891DE2-SegmentedRaftLogWorker] INFO  segmented.SegmentedRaftLogWorker (SegmentedRaftLogWorker.java:execute(574)) - 534797e9-ab02-4a58-b371-3b8942cd38f9@group-E9023A891DE2-SegmentedRaftLogWorker: created new log segment /workdir/hadoop-ozone/integration-test/target/test-dir/MiniOzoneClusterImpl-f1f4c3ff-5d54-4c76-9e3b-ad485f195bfe/datanode-0/data/ratis/3b1e3836-3898-4ce3-a57a-e9023a891de2/current/log_inprogress_0
2019-10-02 23:36:12,335 [25c78bb2-c497-4746-8d85-3a9b94dd6081@group-6E88B48DE942-SegmentedRaftLogWorker] INFO  segmented.SegmentedRaftLogWorker (SegmentedRaftLogWorker.java:execute(574)) - 25c78bb2-c497-4746-8d85-3a9b94dd6081@group-6E88B48DE942-SegmentedRaftLogWorker: created new log segment /workdir/hadoop-ozone/integration-test/target/test-dir/MiniOzoneClusterImpl-f1f4c3ff-5d54-4c76-9e3b-ad485f195bfe/datanode-1/data/ratis/98be27f0-da4d-4a72-ad39-6e88b48de942/current/log_inprogress_0
2019-10-02 23:36:12,385 [Thread-2287] INFO  impl.FollowerState (FollowerState.java:run(108)) - ae6b9601-7d06-4402-b2a2-527cfd46627e@group-761BFE21880B-FollowerState: change to CANDIDATE, lastRpcTime:5128ms, electionTimeout:5128ms
2019-10-02 23:36:12,385 [Thread-2287] INFO  impl.RoleInfo (RoleInfo.java:shutdownFollowerState(121)) - ae6b9601-7d06-4402-b2a2-527cfd46627e: shutdown FollowerState
2019-10-02 23:36:12,385 [Thread-2287] INFO  impl.RaftServerImpl (RaftServerImpl.java:setRole(170)) - ae6b9601-7d06-4402-b2a2-527cfd46627e@group-761BFE21880B: changes role from  FOLLOWER to CANDIDATE at term 0 for changeToCandidate
2019-10-02 23:36:12,385 [Thread-2287] INFO  impl.RoleInfo (RoleInfo.java:updateAndGet(143)) - ae6b9601-7d06-4402-b2a2-527cfd46627e: start LeaderElection
2019-10-02 23:36:12,418 [ae6b9601-7d06-4402-b2a2-527cfd46627e@group-761BFE21880B-LeaderElection58] INFO  impl.LeaderElection (LeaderElection.java:askForVotes(178)) - ae6b9601-7d06-4402-b2a2-527cfd46627e@group-761BFE21880B-LeaderElection58: begin an election at term 1 for -1: [ae6b9601-7d06-4402-b2a2-527cfd46627e:192.168.30.26:38238], old=null
2019-10-02 23:36:12,419 [ae6b9601-7d06-4402-b2a2-527cfd46627e@group-761BFE21880B-LeaderElection58] INFO  impl.RoleInfo (RoleInfo.java:shutdownLeaderElection(134)) - ae6b9601-7d06-4402-b2a2-527cfd46627e: shutdown LeaderElection
2019-10-02 23:36:12,419 [ae6b9601-7d06-4402-b2a2-527cfd46627e@group-761BFE21880B-LeaderElection58] INFO  impl.RaftServerImpl (RaftServerImpl.java:setRole(170)) - ae6b9601-7d06-4402-b2a2-527cfd46627e@group-761BFE21880B: changes role from CANDIDATE to LEADER at term 1 for changeToLeader
2019-10-02 23:36:12,419 [ae6b9601-7d06-4402-b2a2-527cfd46627e@group-761BFE21880B-LeaderElection58] INFO  impl.RaftServerImpl (ServerState.java:setLeader(255)) - ae6b9601-7d06-4402-b2a2-527cfd46627e@group-761BFE21880B: change Leader from null to ae6b9601-7d06-4402-b2a2-527cfd46627e at term 1 for becomeLeader, leader elected after 5167ms
2019-10-02 23:36:12,419 [ae6b9601-7d06-4402-b2a2-527cfd46627e@group-761BFE21880B-LeaderElection58] INFO  server.RaftServerConfigKeys (ConfUtils.java:logGet(43)) - raft.server.staging.catchup.gap = 1000 (default)
2019-10-02 23:36:12,419 [ae6b9601-7d06-4402-b2a2-527cfd46627e@group-761BFE21880B-LeaderElection58] INFO  server.RaftServerConfigKeys (ConfUtils.java:logGet(43)) - raft.server.rpc.sleep.time = 25ms (default)
2019-10-02 23:36:12,419 [ae6b9601-7d06-4402-b2a2-527cfd46627e@group-761BFE21880B-LeaderElection58] INFO  server.RaftServerConfigKeys (ConfUtils.java:logGet(43)) - raft.server.write.element-limit = 4096 (default)
2019-10-02 23:36:12,420 [ae6b9601-7d06-4402-b2a2-527cfd46627e@group-761BFE21880B-LeaderElection58] INFO  server.RaftServerConfigKeys (ConfUtils.java:logGet(43)) - raft.server.watch.timeout = 10s (default)
2019-10-02 23:36:12,420 [ae6b9601-7d06-4402-b2a2-527cfd46627e@group-761BFE21880B-LeaderElection58] INFO  server.RaftServerConfigKeys (ConfUtils.java:logGet(43)) - raft.server.watch.timeout.denomination = 1s (default)
2019-10-02 23:36:12,420 [ae6b9601-7d06-4402-b2a2-527cfd46627e@group-761BFE21880B-LeaderElection58] INFO  server.RaftServerConfigKeys (ConfUtils.java:logGet(43)) - raft.server.watch.element-limit = 65536 (default)
2019-10-02 23:36:12,421 [ae6b9601-7d06-4402-b2a2-527cfd46627e@group-761BFE21880B-LeaderElection58] INFO  impl.RoleInfo (RoleInfo.java:updateAndGet(143)) - ae6b9601-7d06-4402-b2a2-527cfd46627e: start LeaderState
2019-10-02 23:36:12,422 [ae6b9601-7d06-4402-b2a2-527cfd46627e@group-761BFE21880B-LeaderElection58] INFO  segmented.SegmentedRaftLogWorker (SegmentedRaftLogWorker.java:startLogSegment(385)) - ae6b9601-7d06-4402-b2a2-527cfd46627e@group-761BFE21880B-SegmentedRaftLogWorker: Starting segment from index:0
2019-10-02 23:36:12,422 [ae6b9601-7d06-4402-b2a2-527cfd46627e@group-761BFE21880B-LeaderElection58] INFO  impl.RaftServerImpl (ServerState.java:setRaftConf(356)) - ae6b9601-7d06-4402-b2a2-527cfd46627e@group-761BFE21880B: set configuration 0: [ae6b9601-7d06-4402-b2a2-527cfd46627e:192.168.30.26:38238], old=null at 0
2019-10-02 23:36:12,433 [Thread-2290] INFO  impl.FollowerState (FollowerState.java:run(108)) - 5e7b6db9-4669-4e59-809b-55e1d934ed4a@group-C77B79E19ED7-FollowerState: change to CANDIDATE, lastRpcTime:5094ms, electionTimeout:5094ms
2019-10-02 23:36:12,433 [Thread-2290] INFO  impl.RoleInfo (RoleInfo.java:shutdownFollowerState(121)) - 5e7b6db9-4669-4e59-809b-55e1d934ed4a: shutdown FollowerState
2019-10-02 23:36:12,434 [Thread-2290] INFO  impl.RaftServerImpl (RaftServerImpl.java:setRole(170)) - 5e7b6db9-4669-4e59-809b-55e1d934ed4a@group-C77B79E19ED7: changes role from  FOLLOWER to CANDIDATE at term 0 for changeToCandidate
2019-10-02 23:36:12,434 [Thread-2290] INFO  impl.RoleInfo (RoleInfo.java:updateAndGet(143)) - 5e7b6db9-4669-4e59-809b-55e1d934ed4a: start LeaderElection
2019-10-02 23:36:12,476 [ae6b9601-7d06-4402-b2a2-527cfd46627e@group-761BFE21880B-SegmentedRaftLogWorker] INFO  segmented.SegmentedRaftLogWorker (SegmentedRaftLogWorker.java:execute(574)) - ae6b9601-7d06-4402-b2a2-527cfd46627e@group-761BFE21880B-SegmentedRaftLogWorker: created new log segment /workdir/hadoop-ozone/integration-test/target/test-dir/MiniOzoneClusterImpl-f1f4c3ff-5d54-4c76-9e3b-ad485f195bfe/datanode-2/data/ratis/7a462a97-0fcc-479e-82f8-761bfe21880b/current/log_inprogress_0
2019-10-02 23:36:12,477 [5e7b6db9-4669-4e59-809b-55e1d934ed4a@group-C77B79E19ED7-LeaderElection59] INFO  impl.LeaderElection (LeaderElection.java:askForVotes(178)) - 5e7b6db9-4669-4e59-809b-55e1d934ed4a@group-C77B79E19ED7-LeaderElection59: begin an election at term 1 for -1: [5e7b6db9-4669-4e59-809b-55e1d934ed4a:192.168.30.26:40165], old=null
2019-10-02 23:36:12,477 [5e7b6db9-4669-4e59-809b-55e1d934ed4a@group-C77B79E19ED7-LeaderElection59] INFO  impl.RoleInfo (RoleInfo.java:shutdownLeaderElection(134)) - 5e7b6db9-4669-4e59-809b-55e1d934ed4a: shutdown LeaderElection
2019-10-02 23:36:12,477 [5e7b6db9-4669-4e59-809b-55e1d934ed4a@group-C77B79E19ED7-LeaderElection59] INFO  impl.RaftServerImpl (RaftServerImpl.java:setRole(170)) - 5e7b6db9-4669-4e59-809b-55e1d934ed4a@group-C77B79E19ED7: changes role from CANDIDATE to LEADER at term 1 for changeToLeader
2019-10-02 23:36:12,477 [5e7b6db9-4669-4e59-809b-55e1d934ed4a@group-C77B79E19ED7-LeaderElection59] INFO  impl.RaftServerImpl (ServerState.java:setLeader(255)) - 5e7b6db9-4669-4e59-809b-55e1d934ed4a@group-C77B79E19ED7: change Leader from null to 5e7b6db9-4669-4e59-809b-55e1d934ed4a at term 1 for becomeLeader, leader elected after 5143ms
2019-10-02 23:36:12,477 [5e7b6db9-4669-4e59-809b-55e1d934ed4a@group-C77B79E19ED7-LeaderElection59] INFO  server.RaftServerConfigKeys (ConfUtils.java:logGet(43)) - raft.server.staging.catchup.gap = 1000 (default)
2019-10-02 23:36:12,477 [5e7b6db9-4669-4e59-809b-55e1d934ed4a@group-C77B79E19ED7-LeaderElection59] INFO  server.RaftServerConfigKeys (ConfUtils.java:logGet(43)) - raft.server.rpc.sleep.time = 25ms (default)
2019-10-02 23:36:12,477 [5e7b6db9-4669-4e59-809b-55e1d934ed4a@group-C77B79E19ED7-LeaderElection59] INFO  server.RaftServerConfigKeys (ConfUtils.java:logGet(43)) - raft.server.write.element-limit = 4096 (default)
2019-10-02 23:36:12,477 [5e7b6db9-4669-4e59-809b-55e1d934ed4a@group-C77B79E19ED7-LeaderElection59] INFO  server.RaftServerConfigKeys (ConfUtils.java:logGet(43)) - raft.server.watch.timeout = 10s (default)
2019-10-02 23:36:12,478 [5e7b6db9-4669-4e59-809b-55e1d934ed4a@group-C77B79E19ED7-LeaderElection59] INFO  server.RaftServerConfigKeys (ConfUtils.java:logGet(43)) - raft.server.watch.timeout.denomination = 1s (default)
2019-10-02 23:36:12,478 [5e7b6db9-4669-4e59-809b-55e1d934ed4a@group-C77B79E19ED7-LeaderElection59] INFO  server.RaftServerConfigKeys (ConfUtils.java:logGet(43)) - raft.server.watch.element-limit = 65536 (default)
2019-10-02 23:36:12,479 [5e7b6db9-4669-4e59-809b-55e1d934ed4a@group-C77B79E19ED7-LeaderElection59] INFO  impl.RoleInfo (RoleInfo.java:updateAndGet(143)) - 5e7b6db9-4669-4e59-809b-55e1d934ed4a: start LeaderState
2019-10-02 23:36:12,480 [5e7b6db9-4669-4e59-809b-55e1d934ed4a@group-C77B79E19ED7-LeaderElection59] INFO  segmented.SegmentedRaftLogWorker (SegmentedRaftLogWorker.java:startLogSegment(385)) - 5e7b6db9-4669-4e59-809b-55e1d934ed4a@group-C77B79E19ED7-SegmentedRaftLogWorker: Starting segment from index:0
2019-10-02 23:36:12,480 [5e7b6db9-4669-4e59-809b-55e1d934ed4a@group-C77B79E19ED7-LeaderElection59] INFO  impl.RaftServerImpl (ServerState.java:setRaftConf(356)) - 5e7b6db9-4669-4e59-809b-55e1d934ed4a@group-C77B79E19ED7: set configuration 0: [5e7b6db9-4669-4e59-809b-55e1d934ed4a:192.168.30.26:40165], old=null at 0
2019-10-02 23:36:12,525 [5e7b6db9-4669-4e59-809b-55e1d934ed4a@group-C77B79E19ED7-SegmentedRaftLogWorker] INFO  segmented.SegmentedRaftLogWorker (SegmentedRaftLogWorker.java:execute(574)) - 5e7b6db9-4669-4e59-809b-55e1d934ed4a@group-C77B79E19ED7-SegmentedRaftLogWorker: created new log segment /workdir/hadoop-ozone/integration-test/target/test-dir/MiniOzoneClusterImpl-f1f4c3ff-5d54-4c76-9e3b-ad485f195bfe/datanode-3/data/ratis/b07c5e81-dc5c-489d-92c3-c77b79e19ed7/current/log_inprogress_0
2019-10-02 23:36:12,544 [Thread-2293] INFO  impl.FollowerState (FollowerState.java:run(108)) - 30b0be8c-71ff-4116-afb6-f748fb20f5ee@group-77990A82D15E-FollowerState: change to CANDIDATE, lastRpcTime:5126ms, electionTimeout:5126ms
2019-10-02 23:36:12,544 [Thread-2293] INFO  impl.RoleInfo (RoleInfo.java:shutdownFollowerState(121)) - 30b0be8c-71ff-4116-afb6-f748fb20f5ee: shutdown FollowerState
2019-10-02 23:36:12,544 [Thread-2293] INFO  impl.RaftServerImpl (RaftServerImpl.java:setRole(170)) - 30b0be8c-71ff-4116-afb6-f748fb20f5ee@group-77990A82D15E: changes role from  FOLLOWER to CANDIDATE at term 0 for changeToCandidate
2019-10-02 23:36:12,544 [Thread-2293] INFO  impl.RoleInfo (RoleInfo.java:updateAndGet(143)) - 30b0be8c-71ff-4116-afb6-f748fb20f5ee: start LeaderElection
2019-10-02 23:36:12,577 [30b0be8c-71ff-4116-afb6-f748fb20f5ee@group-77990A82D15E-LeaderElection60] INFO  impl.LeaderElection (LeaderElection.java:askForVotes(178)) - 30b0be8c-71ff-4116-afb6-f748fb20f5ee@group-77990A82D15E-LeaderElection60: begin an election at term 1 for -1: [30b0be8c-71ff-4116-afb6-f748fb20f5ee:192.168.30.26:33800], old=null
2019-10-02 23:36:12,577 [30b0be8c-71ff-4116-afb6-f748fb20f5ee@group-77990A82D15E-LeaderElection60] INFO  impl.RoleInfo (RoleInfo.java:shutdownLeaderElection(134)) - 30b0be8c-71ff-4116-afb6-f748fb20f5ee: shutdown LeaderElection
2019-10-02 23:36:12,577 [30b0be8c-71ff-4116-afb6-f748fb20f5ee@group-77990A82D15E-LeaderElection60] INFO  impl.RaftServerImpl (RaftServerImpl.java:setRole(170)) - 30b0be8c-71ff-4116-afb6-f748fb20f5ee@group-77990A82D15E: changes role from CANDIDATE to LEADER at term 1 for changeToLeader
2019-10-02 23:36:12,577 [30b0be8c-71ff-4116-afb6-f748fb20f5ee@group-77990A82D15E-LeaderElection60] INFO  impl.RaftServerImpl (ServerState.java:setLeader(255)) - 30b0be8c-71ff-4116-afb6-f748fb20f5ee@group-77990A82D15E: change Leader from null to 30b0be8c-71ff-4116-afb6-f748fb20f5ee at term 1 for becomeLeader, leader elected after 5168ms
2019-10-02 23:36:12,577 [30b0be8c-71ff-4116-afb6-f748fb20f5ee@group-77990A82D15E-LeaderElection60] INFO  server.RaftServerConfigKeys (ConfUtils.java:logGet(43)) - raft.server.staging.catchup.gap = 1000 (default)
2019-10-02 23:36:12,577 [30b0be8c-71ff-4116-afb6-f748fb20f5ee@group-77990A82D15E-LeaderElection60] INFO  server.RaftServerConfigKeys (ConfUtils.java:logGet(43)) - raft.server.rpc.sleep.time = 25ms (default)
2019-10-02 23:36:12,578 [30b0be8c-71ff-4116-afb6-f748fb20f5ee@group-77990A82D15E-LeaderElection60] INFO  server.RaftServerConfigKeys (ConfUtils.java:logGet(43)) - raft.server.write.element-limit = 4096 (default)
2019-10-02 23:36:12,578 [30b0be8c-71ff-4116-afb6-f748fb20f5ee@group-77990A82D15E-LeaderElection60] INFO  server.RaftServerConfigKeys (ConfUtils.java:logGet(43)) - raft.server.watch.timeout = 10s (default)
2019-10-02 23:36:12,578 [30b0be8c-71ff-4116-afb6-f748fb20f5ee@group-77990A82D15E-LeaderElection60] INFO  server.RaftServerConfigKeys (ConfUtils.java:logGet(43)) - raft.server.watch.timeout.denomination = 1s (default)
2019-10-02 23:36:12,578 [30b0be8c-71ff-4116-afb6-f748fb20f5ee@group-77990A82D15E-LeaderElection60] INFO  server.RaftServerConfigKeys (ConfUtils.java:logGet(43)) - raft.server.watch.element-limit = 65536 (default)
2019-10-02 23:36:12,580 [30b0be8c-71ff-4116-afb6-f748fb20f5ee@group-77990A82D15E-LeaderElection60] INFO  impl.RoleInfo (RoleInfo.java:updateAndGet(143)) - 30b0be8c-71ff-4116-afb6-f748fb20f5ee: start LeaderState
2019-10-02 23:36:12,580 [30b0be8c-71ff-4116-afb6-f748fb20f5ee@group-77990A82D15E-LeaderElection60] INFO  segmented.SegmentedRaftLogWorker (SegmentedRaftLogWorker.java:startLogSegment(385)) - 30b0be8c-71ff-4116-afb6-f748fb20f5ee@group-77990A82D15E-SegmentedRaftLogWorker: Starting segment from index:0
2019-10-02 23:36:12,580 [30b0be8c-71ff-4116-afb6-f748fb20f5ee@group-77990A82D15E-LeaderElection60] INFO  impl.RaftServerImpl (ServerState.java:setRaftConf(356)) - 30b0be8c-71ff-4116-afb6-f748fb20f5ee@group-77990A82D15E: set configuration 0: [30b0be8c-71ff-4116-afb6-f748fb20f5ee:192.168.30.26:33800], old=null at 0
2019-10-02 23:36:12,604 [Thread-2296] INFO  impl.FollowerState (FollowerState.java:run(108)) - 628122ac-3d25-4fe8-a384-95955f297fb8@group-EBEC82EF1497-FollowerState: change to CANDIDATE, lastRpcTime:5113ms, electionTimeout:5113ms
2019-10-02 23:36:12,604 [Thread-2296] INFO  impl.RoleInfo (RoleInfo.java:shutdownFollowerState(121)) - 628122ac-3d25-4fe8-a384-95955f297fb8: shutdown FollowerState
2019-10-02 23:36:12,604 [Thread-2296] INFO  impl.RaftServerImpl (RaftServerImpl.java:setRole(170)) - 628122ac-3d25-4fe8-a384-95955f297fb8@group-EBEC82EF1497: changes role from  FOLLOWER to CANDIDATE at term 0 for changeToCandidate
2019-10-02 23:36:12,605 [Thread-2296] INFO  impl.RoleInfo (RoleInfo.java:updateAndGet(143)) - 628122ac-3d25-4fe8-a384-95955f297fb8: start LeaderElection
2019-10-02 23:36:12,641 [30b0be8c-71ff-4116-afb6-f748fb20f5ee@group-77990A82D15E-SegmentedRaftLogWorker] INFO  segmented.SegmentedRaftLogWorker (SegmentedRaftLogWorker.java:execute(574)) - 30b0be8c-71ff-4116-afb6-f748fb20f5ee@group-77990A82D15E-SegmentedRaftLogWorker: created new log segment /workdir/hadoop-ozone/integration-test/target/test-dir/MiniOzoneClusterImpl-f1f4c3ff-5d54-4c76-9e3b-ad485f195bfe/datanode-4/data/ratis/eff24048-03d7-43b6-ab0c-77990a82d15e/current/log_inprogress_0
2019-10-02 23:36:12,641 [628122ac-3d25-4fe8-a384-95955f297fb8@group-EBEC82EF1497-LeaderElection61] INFO  impl.LeaderElection (LeaderElection.java:askForVotes(178)) - 628122ac-3d25-4fe8-a384-95955f297fb8@group-EBEC82EF1497-LeaderElection61: begin an election at term 1 for -1: [628122ac-3d25-4fe8-a384-95955f297fb8:192.168.30.26:43569], old=null
2019-10-02 23:36:12,642 [628122ac-3d25-4fe8-a384-95955f297fb8@group-EBEC82EF1497-LeaderElection61] INFO  impl.RoleInfo (RoleInfo.java:shutdownLeaderElection(134)) - 628122ac-3d25-4fe8-a384-95955f297fb8: shutdown LeaderElection
2019-10-02 23:36:12,642 [628122ac-3d25-4fe8-a384-95955f297fb8@group-EBEC82EF1497-LeaderElection61] INFO  impl.RaftServerImpl (RaftServerImpl.java:setRole(170)) - 628122ac-3d25-4fe8-a384-95955f297fb8@group-EBEC82EF1497: changes role from CANDIDATE to LEADER at term 1 for changeToLeader
2019-10-02 23:36:12,647 [628122ac-3d25-4fe8-a384-95955f297fb8@group-EBEC82EF1497-LeaderElection61] INFO  impl.RaftServerImpl (ServerState.java:setLeader(255)) - 628122ac-3d25-4fe8-a384-95955f297fb8@group-EBEC82EF1497: change Leader from null to 628122ac-3d25-4fe8-a384-95955f297fb8 at term 1 for becomeLeader, leader elected after 5162ms
2019-10-02 23:36:12,651 [628122ac-3d25-4fe8-a384-95955f297fb8@group-EBEC82EF1497-LeaderElection61] INFO  server.RaftServerConfigKeys (ConfUtils.java:logGet(43)) - raft.server.staging.catchup.gap = 1000 (default)
2019-10-02 23:36:12,651 [628122ac-3d25-4fe8-a384-95955f297fb8@group-EBEC82EF1497-LeaderElection61] INFO  server.RaftServerConfigKeys (ConfUtils.java:logGet(43)) - raft.server.rpc.sleep.time = 25ms (default)
2019-10-02 23:36:12,651 [628122ac-3d25-4fe8-a384-95955f297fb8@group-EBEC82EF1497-LeaderElection61] INFO  server.RaftServerConfigKeys (ConfUtils.java:logGet(43)) - raft.server.write.element-limit = 4096 (default)
2019-10-02 23:36:12,651 [628122ac-3d25-4fe8-a384-95955f297fb8@group-EBEC82EF1497-LeaderElection61] INFO  server.RaftServerConfigKeys (ConfUtils.java:logGet(43)) - raft.server.watch.timeout = 10s (default)
2019-10-02 23:36:12,651 [628122ac-3d25-4fe8-a384-95955f297fb8@group-EBEC82EF1497-LeaderElection61] INFO  server.RaftServerConfigKeys (ConfUtils.java:logGet(43)) - raft.server.watch.timeout.denomination = 1s (default)
2019-10-02 23:36:12,651 [628122ac-3d25-4fe8-a384-95955f297fb8@group-EBEC82EF1497-LeaderElection61] INFO  server.RaftServerConfigKeys (ConfUtils.java:logGet(43)) - raft.server.watch.element-limit = 65536 (default)
2019-10-02 23:36:12,653 [628122ac-3d25-4fe8-a384-95955f297fb8@group-EBEC82EF1497-LeaderElection61] INFO  impl.RoleInfo (RoleInfo.java:updateAndGet(143)) - 628122ac-3d25-4fe8-a384-95955f297fb8: start LeaderState
2019-10-02 23:36:12,654 [628122ac-3d25-4fe8-a384-95955f297fb8@group-EBEC82EF1497-LeaderElection61] INFO  segmented.SegmentedRaftLogWorker (SegmentedRaftLogWorker.java:startLogSegment(385)) - 628122ac-3d25-4fe8-a384-95955f297fb8@group-EBEC82EF1497-SegmentedRaftLogWorker: Starting segment from index:0
2019-10-02 23:36:12,654 [628122ac-3d25-4fe8-a384-95955f297fb8@group-EBEC82EF1497-LeaderElection61] INFO  impl.RaftServerImpl (ServerState.java:setRaftConf(356)) - 628122ac-3d25-4fe8-a384-95955f297fb8@group-EBEC82EF1497: set configuration 0: [628122ac-3d25-4fe8-a384-95955f297fb8:192.168.30.26:43569], old=null at 0
2019-10-02 23:36:12,664 [Thread-2299] INFO  impl.FollowerState (FollowerState.java:run(108)) - b3544fb1-a4c5-4886-870a-95a1b06c173a@group-E429B08EE5EA-FollowerState: change to CANDIDATE, lastRpcTime:5090ms, electionTimeout:5090ms
2019-10-02 23:36:12,664 [Thread-2299] INFO  impl.RoleInfo (RoleInfo.java:shutdownFollowerState(121)) - b3544fb1-a4c5-4886-870a-95a1b06c173a: shutdown FollowerState
2019-10-02 23:36:12,664 [Thread-2299] INFO  impl.RaftServerImpl (RaftServerImpl.java:setRole(170)) - b3544fb1-a4c5-4886-870a-95a1b06c173a@group-E429B08EE5EA: changes role from  FOLLOWER to CANDIDATE at term 0 for changeToCandidate
2019-10-02 23:36:12,664 [Thread-2299] INFO  impl.RoleInfo (RoleInfo.java:updateAndGet(143)) - b3544fb1-a4c5-4886-870a-95a1b06c173a: start LeaderElection
2019-10-02 23:36:12,689 [Thread-2307] INFO  impl.FollowerState (FollowerState.java:run(108)) - 628122ac-3d25-4fe8-a384-95955f297fb8@group-731D695FCCC7-FollowerState: change to CANDIDATE, lastRpcTime:5029ms, electionTimeout:5028ms
2019-10-02 23:36:12,689 [Thread-2307] INFO  impl.RoleInfo (RoleInfo.java:shutdownFollowerState(121)) - 628122ac-3d25-4fe8-a384-95955f297fb8: shutdown FollowerState
2019-10-02 23:36:12,689 [Thread-2307] INFO  impl.RaftServerImpl (RaftServerImpl.java:setRole(170)) - 628122ac-3d25-4fe8-a384-95955f297fb8@group-731D695FCCC7: changes role from  FOLLOWER to CANDIDATE at term 0 for changeToCandidate
2019-10-02 23:36:12,693 [Thread-2307] INFO  impl.RoleInfo (RoleInfo.java:updateAndGet(143)) - 628122ac-3d25-4fe8-a384-95955f297fb8: start LeaderElection
2019-10-02 23:36:12,705 [Thread-2302] INFO  impl.FollowerState (FollowerState.java:run(108)) - 25c78bb2-c497-4746-8d85-3a9b94dd6081@group-731D695FCCC7-FollowerState: change to CANDIDATE, lastRpcTime:5050ms, electionTimeout:5050ms
2019-10-02 23:36:12,705 [Thread-2302] INFO  impl.RoleInfo (RoleInfo.java:shutdownFollowerState(121)) - 25c78bb2-c497-4746-8d85-3a9b94dd6081: shutdown FollowerState
2019-10-02 23:36:12,705 [Thread-2302] INFO  impl.RaftServerImpl (RaftServerImpl.java:setRole(170)) - 25c78bb2-c497-4746-8d85-3a9b94dd6081@group-731D695FCCC7: changes role from  FOLLOWER to CANDIDATE at term 0 for changeToCandidate
2019-10-02 23:36:12,705 [Thread-2302] INFO  impl.RoleInfo (RoleInfo.java:updateAndGet(143)) - 25c78bb2-c497-4746-8d85-3a9b94dd6081: start LeaderElection
2019-10-02 23:36:12,717 [628122ac-3d25-4fe8-a384-95955f297fb8@group-EBEC82EF1497-SegmentedRaftLogWorker] INFO  segmented.SegmentedRaftLogWorker (SegmentedRaftLogWorker.java:execute(574)) - 628122ac-3d25-4fe8-a384-95955f297fb8@group-EBEC82EF1497-SegmentedRaftLogWorker: created new log segment /workdir/hadoop-ozone/integration-test/target/test-dir/MiniOzoneClusterImpl-f1f4c3ff-5d54-4c76-9e3b-ad485f195bfe/datanode-5/data/ratis/7703ccb8-589c-469b-aab2-ebec82ef1497/current/log_inprogress_0
2019-10-02 23:36:12,717 [628122ac-3d25-4fe8-a384-95955f297fb8@group-731D695FCCC7-LeaderElection63] INFO  impl.LeaderElection (LeaderElection.java:askForVotes(178)) - 628122ac-3d25-4fe8-a384-95955f297fb8@group-731D695FCCC7-LeaderElection63: begin an election at term 1 for -1: [30b0be8c-71ff-4116-afb6-f748fb20f5ee:192.168.30.26:33800, 25c78bb2-c497-4746-8d85-3a9b94dd6081:192.168.30.26:38283, 628122ac-3d25-4fe8-a384-95955f297fb8:192.168.30.26:43569], old=null
2019-10-02 23:36:12,717 [b3544fb1-a4c5-4886-870a-95a1b06c173a@group-E429B08EE5EA-LeaderElection62] INFO  impl.LeaderElection (LeaderElection.java:askForVotes(178)) - b3544fb1-a4c5-4886-870a-95a1b06c173a@group-E429B08EE5EA-LeaderElection62: begin an election at term 1 for -1: [b3544fb1-a4c5-4886-870a-95a1b06c173a:192.168.30.26:45791], old=null
2019-10-02 23:36:12,717 [b3544fb1-a4c5-4886-870a-95a1b06c173a@group-E429B08EE5EA-LeaderElection62] INFO  impl.RoleInfo (RoleInfo.java:shutdownLeaderElection(134)) - b3544fb1-a4c5-4886-870a-95a1b06c173a: shutdown LeaderElection
2019-10-02 23:36:12,717 [b3544fb1-a4c5-4886-870a-95a1b06c173a@group-E429B08EE5EA-LeaderElection62] INFO  impl.RaftServerImpl (RaftServerImpl.java:setRole(170)) - b3544fb1-a4c5-4886-870a-95a1b06c173a@group-E429B08EE5EA: changes role from CANDIDATE to LEADER at term 1 for changeToLeader
2019-10-02 23:36:12,717 [b3544fb1-a4c5-4886-870a-95a1b06c173a@group-E429B08EE5EA-LeaderElection62] INFO  impl.RaftServerImpl (ServerState.java:setLeader(255)) - b3544fb1-a4c5-4886-870a-95a1b06c173a@group-E429B08EE5EA: change Leader from null to b3544fb1-a4c5-4886-870a-95a1b06c173a at term 1 for becomeLeader, leader elected after 5148ms
2019-10-02 23:36:12,717 [b3544fb1-a4c5-4886-870a-95a1b06c173a@group-E429B08EE5EA-LeaderElection62] INFO  server.RaftServerConfigKeys (ConfUtils.java:logGet(43)) - raft.server.staging.catchup.gap = 1000 (default)
2019-10-02 23:36:12,718 [b3544fb1-a4c5-4886-870a-95a1b06c173a@group-E429B08EE5EA-LeaderElection62] INFO  server.RaftServerConfigKeys (ConfUtils.java:logGet(43)) - raft.server.rpc.sleep.time = 25ms (default)
2019-10-02 23:36:12,718 [b3544fb1-a4c5-4886-870a-95a1b06c173a@group-E429B08EE5EA-LeaderElection62] INFO  server.RaftServerConfigKeys (ConfUtils.java:logGet(43)) - raft.server.write.element-limit = 4096 (default)
2019-10-02 23:36:12,718 [b3544fb1-a4c5-4886-870a-95a1b06c173a@group-E429B08EE5EA-LeaderElection62] INFO  server.RaftServerConfigKeys (ConfUtils.java:logGet(43)) - raft.server.watch.timeout = 10s (default)
2019-10-02 23:36:12,718 [b3544fb1-a4c5-4886-870a-95a1b06c173a@group-E429B08EE5EA-LeaderElection62] INFO  server.RaftServerConfigKeys (ConfUtils.java:logGet(43)) - raft.server.watch.timeout.denomination = 1s (default)
2019-10-02 23:36:12,718 [b3544fb1-a4c5-4886-870a-95a1b06c173a@group-E429B08EE5EA-LeaderElection62] INFO  server.RaftServerConfigKeys (ConfUtils.java:logGet(43)) - raft.server.watch.element-limit = 65536 (default)
2019-10-02 23:36:12,720 [b3544fb1-a4c5-4886-870a-95a1b06c173a@group-E429B08EE5EA-LeaderElection62] INFO  impl.RoleInfo (RoleInfo.java:updateAndGet(143)) - b3544fb1-a4c5-4886-870a-95a1b06c173a: start LeaderState
2019-10-02 23:36:12,720 [b3544fb1-a4c5-4886-870a-95a1b06c173a@group-E429B08EE5EA-LeaderElection62] INFO  segmented.SegmentedRaftLogWorker (SegmentedRaftLogWorker.java:startLogSegment(385)) - b3544fb1-a4c5-4886-870a-95a1b06c173a@group-E429B08EE5EA-SegmentedRaftLogWorker: Starting segment from index:0
2019-10-02 23:36:12,721 [b3544fb1-a4c5-4886-870a-95a1b06c173a@group-E429B08EE5EA-LeaderElection62] INFO  impl.RaftServerImpl (ServerState.java:setRaftConf(356)) - b3544fb1-a4c5-4886-870a-95a1b06c173a@group-E429B08EE5EA: set configuration 0: [b3544fb1-a4c5-4886-870a-95a1b06c173a:192.168.30.26:45791], old=null at 0
2019-10-02 23:36:12,721 [grpc-default-executor-5] INFO  impl.RaftServerImpl (RaftServerImpl.java:setRole(170)) - 30b0be8c-71ff-4116-afb6-f748fb20f5ee@group-731D695FCCC7: changes role from  FOLLOWER to FOLLOWER at term 1 for recognizeCandidate:628122ac-3d25-4fe8-a384-95955f297fb8
2019-10-02 23:36:12,721 [grpc-default-executor-5] INFO  impl.RoleInfo (RoleInfo.java:shutdownFollowerState(121)) - 30b0be8c-71ff-4116-afb6-f748fb20f5ee: shutdown FollowerState
2019-10-02 23:36:12,721 [grpc-default-executor-5] INFO  impl.RoleInfo (RoleInfo.java:updateAndGet(143)) - 30b0be8c-71ff-4116-afb6-f748fb20f5ee: start FollowerState
2019-10-02 23:36:12,721 [Thread-2305] INFO  impl.FollowerState (FollowerState.java:run(117)) - 30b0be8c-71ff-4116-afb6-f748fb20f5ee@group-731D695FCCC7-FollowerState was interrupted: java.lang.InterruptedException: sleep interrupted
2019-10-02 23:36:12,734 [25c78bb2-c497-4746-8d85-3a9b94dd6081@group-731D695FCCC7-LeaderElection64] INFO  impl.LeaderElection (LeaderElection.java:askForVotes(178)) - 25c78bb2-c497-4746-8d85-3a9b94dd6081@group-731D695FCCC7-LeaderElection64: begin an election at term 1 for -1: [30b0be8c-71ff-4116-afb6-f748fb20f5ee:192.168.30.26:33800, 25c78bb2-c497-4746-8d85-3a9b94dd6081:192.168.30.26:38283, 628122ac-3d25-4fe8-a384-95955f297fb8:192.168.30.26:43569], old=null
2019-10-02 23:36:12,759 [628122ac-3d25-4fe8-a384-95955f297fb8@group-731D695FCCC7-LeaderElection63] INFO  impl.LeaderElection (LeaderElection.java:logAndReturn(56)) - 628122ac-3d25-4fe8-a384-95955f297fb8@group-731D695FCCC7-LeaderElection63: Election PASSED; received 2 response(s) [628122ac-3d25-4fe8-a384-95955f297fb8<-30b0be8c-71ff-4116-afb6-f748fb20f5ee#0:OK-t1, 628122ac-3d25-4fe8-a384-95955f297fb8<-25c78bb2-c497-4746-8d85-3a9b94dd6081#0:FAIL-t1] and 0 exception(s); 628122ac-3d25-4fe8-a384-95955f297fb8@group-731D695FCCC7:t1, leader=null, voted=628122ac-3d25-4fe8-a384-95955f297fb8, raftlog=628122ac-3d25-4fe8-a384-95955f297fb8@group-731D695FCCC7-SegmentedRaftLog:OPENED:c-1,f-1,i0, conf=-1: [30b0be8c-71ff-4116-afb6-f748fb20f5ee:192.168.30.26:33800, 25c78bb2-c497-4746-8d85-3a9b94dd6081:192.168.30.26:38283, 628122ac-3d25-4fe8-a384-95955f297fb8:192.168.30.26:43569], old=null
2019-10-02 23:36:12,760 [628122ac-3d25-4fe8-a384-95955f297fb8@group-731D695FCCC7-LeaderElection63] INFO  impl.RoleInfo (RoleInfo.java:shutdownLeaderElection(134)) - 628122ac-3d25-4fe8-a384-95955f297fb8: shutdown LeaderElection
2019-10-02 23:36:12,760 [25c78bb2-c497-4746-8d85-3a9b94dd6081@group-731D695FCCC7-LeaderElection64] INFO  impl.LeaderElection (LeaderElection.java:logAndReturn(56)) - 25c78bb2-c497-4746-8d85-3a9b94dd6081@group-731D695FCCC7-LeaderElection64: Election REJECTED; received 2 response(s) [25c78bb2-c497-4746-8d85-3a9b94dd6081<-30b0be8c-71ff-4116-afb6-f748fb20f5ee#0:FAIL-t1, 25c78bb2-c497-4746-8d85-3a9b94dd6081<-628122ac-3d25-4fe8-a384-95955f297fb8#0:FAIL-t1] and 0 exception(s); 25c78bb2-c497-4746-8d85-3a9b94dd6081@group-731D695FCCC7:t1, leader=null, voted=25c78bb2-c497-4746-8d85-3a9b94dd6081, raftlog=25c78bb2-c497-4746-8d85-3a9b94dd6081@group-731D695FCCC7-SegmentedRaftLog:OPENED:c-1,f-1,i0, conf=-1: [30b0be8c-71ff-4116-afb6-f748fb20f5ee:192.168.30.26:33800, 25c78bb2-c497-4746-8d85-3a9b94dd6081:192.168.30.26:38283, 628122ac-3d25-4fe8-a384-95955f297fb8:192.168.30.26:43569], old=null
2019-10-02 23:36:12,760 [628122ac-3d25-4fe8-a384-95955f297fb8@group-731D695FCCC7-LeaderElection63] INFO  impl.RaftServerImpl (RaftServerImpl.java:setRole(170)) - 628122ac-3d25-4fe8-a384-95955f297fb8@group-731D695FCCC7: changes role from CANDIDATE to LEADER at term 1 for changeToLeader
2019-10-02 23:36:12,760 [25c78bb2-c497-4746-8d85-3a9b94dd6081@group-731D695FCCC7-LeaderElection64] INFO  impl.RaftServerImpl (RaftServerImpl.java:setRole(170)) - 25c78bb2-c497-4746-8d85-3a9b94dd6081@group-731D695FCCC7: changes role from CANDIDATE to FOLLOWER at term 1 for DISCOVERED_A_NEW_TERM
2019-10-02 23:36:12,760 [628122ac-3d25-4fe8-a384-95955f297fb8@group-731D695FCCC7-LeaderElection63] INFO  impl.RaftServerImpl (ServerState.java:setLeader(255)) - 628122ac-3d25-4fe8-a384-95955f297fb8@group-731D695FCCC7: change Leader from null to 628122ac-3d25-4fe8-a384-95955f297fb8 at term 1 for becomeLeader, leader elected after 5114ms
2019-10-02 23:36:12,760 [25c78bb2-c497-4746-8d85-3a9b94dd6081@group-731D695FCCC7-LeaderElection64] INFO  impl.RoleInfo (RoleInfo.java:shutdownLeaderElection(134)) - 25c78bb2-c497-4746-8d85-3a9b94dd6081: shutdown LeaderElection
2019-10-02 23:36:12,760 [628122ac-3d25-4fe8-a384-95955f297fb8@group-731D695FCCC7-LeaderElection63] INFO  server.RaftServerConfigKeys (ConfUtils.java:logGet(43)) - raft.server.staging.catchup.gap = 1000 (default)
2019-10-02 23:36:12,760 [25c78bb2-c497-4746-8d85-3a9b94dd6081@group-731D695FCCC7-LeaderElection64] INFO  impl.RoleInfo (RoleInfo.java:updateAndGet(143)) - 25c78bb2-c497-4746-8d85-3a9b94dd6081: start FollowerState
2019-10-02 23:36:12,760 [628122ac-3d25-4fe8-a384-95955f297fb8@group-731D695FCCC7-LeaderElection63] INFO  server.RaftServerConfigKeys (ConfUtils.java:logGet(43)) - raft.server.rpc.sleep.time = 25ms (default)
2019-10-02 23:36:12,761 [628122ac-3d25-4fe8-a384-95955f297fb8@group-731D695FCCC7-LeaderElection63] INFO  server.RaftServerConfigKeys (ConfUtils.java:logGet(43)) - raft.server.write.element-limit = 4096 (default)
2019-10-02 23:36:12,761 [628122ac-3d25-4fe8-a384-95955f297fb8@group-731D695FCCC7-LeaderElection63] INFO  server.RaftServerConfigKeys (ConfUtils.java:logGet(43)) - raft.server.watch.timeout = 10s (default)
2019-10-02 23:36:12,761 [628122ac-3d25-4fe8-a384-95955f297fb8@group-731D695FCCC7-LeaderElection63] INFO  server.RaftServerConfigKeys (ConfUtils.java:logGet(43)) - raft.server.watch.timeout.denomination = 1s (default)
2019-10-02 23:36:12,761 [628122ac-3d25-4fe8-a384-95955f297fb8@group-731D695FCCC7-LeaderElection63] INFO  server.RaftServerConfigKeys (ConfUtils.java:logGet(43)) - raft.server.watch.element-limit = 65536 (default)
2019-10-02 23:36:12,762 [628122ac-3d25-4fe8-a384-95955f297fb8@group-731D695FCCC7-LeaderElection63] INFO  server.RaftServerConfigKeys (ConfUtils.java:logGet(43)) - raft.server.log.appender.snapshot.chunk.size.max = 16MB (=16777216) (default)
2019-10-02 23:36:12,762 [628122ac-3d25-4fe8-a384-95955f297fb8@group-731D695FCCC7-LeaderElection63] INFO  server.RaftServerConfigKeys (ConfUtils.java:logGet(43)) - raft.server.log.appender.buffer.byte-limit = 33554432 (custom)
2019-10-02 23:36:12,762 [628122ac-3d25-4fe8-a384-95955f297fb8@group-731D695FCCC7-LeaderElection63] INFO  server.RaftServerConfigKeys (ConfUtils.java:logGet(43)) - raft.server.log.appender.buffer.element-limit = 1 (custom)
2019-10-02 23:36:12,763 [628122ac-3d25-4fe8-a384-95955f297fb8@group-731D695FCCC7-LeaderElection63] INFO  grpc.GrpcConfigKeys$Server (ConfUtils.java:logGet(43)) - raft.grpc.server.leader.outstanding.appends.max = 128 (default)
2019-10-02 23:36:12,763 [628122ac-3d25-4fe8-a384-95955f297fb8@group-731D695FCCC7-LeaderElection63] INFO  server.RaftServerConfigKeys (ConfUtils.java:logGet(43)) - raft.server.rpc.request.timeout = 3000ms (default)
2019-10-02 23:36:12,763 [628122ac-3d25-4fe8-a384-95955f297fb8@group-731D695FCCC7-LeaderElection63] INFO  server.RaftServerConfigKeys (ConfUtils.java:logGet(43)) - raft.server.log.appender.install.snapshot.enabled = false (custom)
2019-10-02 23:36:12,763 [628122ac-3d25-4fe8-a384-95955f297fb8@group-731D695FCCC7-LeaderElection63] INFO  server.RaftServerConfigKeys (ConfUtils.java:logGet(43)) - raft.server.log.appender.snapshot.chunk.size.max = 16MB (=16777216) (default)
2019-10-02 23:36:12,763 [628122ac-3d25-4fe8-a384-95955f297fb8@group-731D695FCCC7-LeaderElection63] INFO  server.RaftServerConfigKeys (ConfUtils.java:logGet(43)) - raft.server.log.appender.buffer.byte-limit = 33554432 (custom)
2019-10-02 23:36:12,763 [628122ac-3d25-4fe8-a384-95955f297fb8@group-731D695FCCC7-LeaderElection63] INFO  server.RaftServerConfigKeys (ConfUtils.java:logGet(43)) - raft.server.log.appender.buffer.element-limit = 1 (custom)
2019-10-02 23:36:12,763 [628122ac-3d25-4fe8-a384-95955f297fb8@group-731D695FCCC7-LeaderElection63] INFO  grpc.GrpcConfigKeys$Server (ConfUtils.java:logGet(43)) - raft.grpc.server.leader.outstanding.appends.max = 128 (default)
2019-10-02 23:36:12,764 [628122ac-3d25-4fe8-a384-95955f297fb8@group-731D695FCCC7-LeaderElection63] INFO  server.RaftServerConfigKeys (ConfUtils.java:logGet(43)) - raft.server.rpc.request.timeout = 3000ms (default)
2019-10-02 23:36:12,764 [628122ac-3d25-4fe8-a384-95955f297fb8@group-731D695FCCC7-LeaderElection63] INFO  server.RaftServerConfigKeys (ConfUtils.java:logGet(43)) - raft.server.log.appender.install.snapshot.enabled = false (custom)
2019-10-02 23:36:12,764 [628122ac-3d25-4fe8-a384-95955f297fb8@group-731D695FCCC7-LeaderElection63] INFO  impl.RoleInfo (RoleInfo.java:updateAndGet(143)) - 628122ac-3d25-4fe8-a384-95955f297fb8: start LeaderState
2019-10-02 23:36:12,764 [628122ac-3d25-4fe8-a384-95955f297fb8@group-731D695FCCC7-LeaderElection63] INFO  segmented.SegmentedRaftLogWorker (SegmentedRaftLogWorker.java:startLogSegment(385)) - 628122ac-3d25-4fe8-a384-95955f297fb8@group-731D695FCCC7-SegmentedRaftLogWorker: Starting segment from index:0
2019-10-02 23:36:12,765 [628122ac-3d25-4fe8-a384-95955f297fb8@group-731D695FCCC7-LeaderElection63] INFO  impl.RaftServerImpl (ServerState.java:setRaftConf(356)) - 628122ac-3d25-4fe8-a384-95955f297fb8@group-731D695FCCC7: set configuration 0: [30b0be8c-71ff-4116-afb6-f748fb20f5ee:192.168.30.26:33800, 25c78bb2-c497-4746-8d85-3a9b94dd6081:192.168.30.26:38283, 628122ac-3d25-4fe8-a384-95955f297fb8:192.168.30.26:43569], old=null at 0
2019-10-02 23:36:12,766 [grpc-default-executor-5] INFO  impl.RaftServerImpl (ServerState.java:setLeader(255)) - 30b0be8c-71ff-4116-afb6-f748fb20f5ee@group-731D695FCCC7: change Leader from null to 628122ac-3d25-4fe8-a384-95955f297fb8 at term 1 for appendEntries, leader elected after 5120ms
2019-10-02 23:36:12,766 [grpc-default-executor-6] INFO  impl.RaftServerImpl (ServerState.java:setLeader(255)) - 25c78bb2-c497-4746-8d85-3a9b94dd6081@group-731D695FCCC7: change Leader from null to 628122ac-3d25-4fe8-a384-95955f297fb8 at term 1 for appendEntries, leader elected after 5120ms
2019-10-02 23:36:12,768 [grpc-default-executor-6] INFO  impl.RaftServerImpl (ServerState.java:setRaftConf(356)) - 30b0be8c-71ff-4116-afb6-f748fb20f5ee@group-731D695FCCC7: set configuration 0: [30b0be8c-71ff-4116-afb6-f748fb20f5ee:192.168.30.26:33800, 25c78bb2-c497-4746-8d85-3a9b94dd6081:192.168.30.26:38283, 628122ac-3d25-4fe8-a384-95955f297fb8:192.168.30.26:43569], old=null at 0
2019-10-02 23:36:12,768 [grpc-default-executor-5] INFO  impl.RaftServerImpl (ServerState.java:setRaftConf(356)) - 25c78bb2-c497-4746-8d85-3a9b94dd6081@group-731D695FCCC7: set configuration 0: [30b0be8c-71ff-4116-afb6-f748fb20f5ee:192.168.30.26:33800, 25c78bb2-c497-4746-8d85-3a9b94dd6081:192.168.30.26:38283, 628122ac-3d25-4fe8-a384-95955f297fb8:192.168.30.26:43569], old=null at 0
2019-10-02 23:36:12,768 [grpc-default-executor-6] INFO  segmented.SegmentedRaftLogWorker (SegmentedRaftLogWorker.java:startLogSegment(385)) - 30b0be8c-71ff-4116-afb6-f748fb20f5ee@group-731D695FCCC7-SegmentedRaftLogWorker: Starting segment from index:0
2019-10-02 23:36:12,768 [grpc-default-executor-5] INFO  segmented.SegmentedRaftLogWorker (SegmentedRaftLogWorker.java:startLogSegment(385)) - 25c78bb2-c497-4746-8d85-3a9b94dd6081@group-731D695FCCC7-SegmentedRaftLogWorker: Starting segment from index:0
2019-10-02 23:36:12,785 [b3544fb1-a4c5-4886-870a-95a1b06c173a@group-E429B08EE5EA-SegmentedRaftLogWorker] INFO  segmented.SegmentedRaftLogWorker (SegmentedRaftLogWorker.java:execute(574)) - b3544fb1-a4c5-4886-870a-95a1b06c173a@group-E429B08EE5EA-SegmentedRaftLogWorker: created new log segment /workdir/hadoop-ozone/integration-test/target/test-dir/MiniOzoneClusterImpl-f1f4c3ff-5d54-4c76-9e3b-ad485f195bfe/datanode-6/data/ratis/3e51dcec-4db2-4421-904d-e429b08ee5ea/current/log_inprogress_0
2019-10-02 23:36:12,819 [628122ac-3d25-4fe8-a384-95955f297fb8@group-731D695FCCC7-SegmentedRaftLogWorker] INFO  segmented.SegmentedRaftLogWorker (SegmentedRaftLogWorker.java:execute(574)) - 628122ac-3d25-4fe8-a384-95955f297fb8@group-731D695FCCC7-SegmentedRaftLogWorker: created new log segment /workdir/hadoop-ozone/integration-test/target/test-dir/MiniOzoneClusterImpl-f1f4c3ff-5d54-4c76-9e3b-ad485f195bfe/datanode-5/data/ratis/3ca14881-58df-4e6c-9896-731d695fccc7/current/log_inprogress_0
2019-10-02 23:36:12,819 [30b0be8c-71ff-4116-afb6-f748fb20f5ee@group-731D695FCCC7-SegmentedRaftLogWorker] INFO  segmented.SegmentedRaftLogWorker (SegmentedRaftLogWorker.java:execute(574)) - 30b0be8c-71ff-4116-afb6-f748fb20f5ee@group-731D695FCCC7-SegmentedRaftLogWorker: created new log segment /workdir/hadoop-ozone/integration-test/target/test-dir/MiniOzoneClusterImpl-f1f4c3ff-5d54-4c76-9e3b-ad485f195bfe/datanode-4/data/ratis/3ca14881-58df-4e6c-9896-731d695fccc7/current/log_inprogress_0
2019-10-02 23:36:12,819 [25c78bb2-c497-4746-8d85-3a9b94dd6081@group-731D695FCCC7-SegmentedRaftLogWorker] INFO  segmented.SegmentedRaftLogWorker (SegmentedRaftLogWorker.java:execute(574)) - 25c78bb2-c497-4746-8d85-3a9b94dd6081@group-731D695FCCC7-SegmentedRaftLogWorker: created new log segment /workdir/hadoop-ozone/integration-test/target/test-dir/MiniOzoneClusterImpl-f1f4c3ff-5d54-4c76-9e3b-ad485f195bfe/datanode-1/data/ratis/3ca14881-58df-4e6c-9896-731d695fccc7/current/log_inprogress_0
2019-10-02 23:36:12,883 [Thread-2315] INFO  impl.FollowerState (FollowerState.java:run(108)) - 5e7b6db9-4669-4e59-809b-55e1d934ed4a@group-5E4B89EE2BF5-FollowerState: change to CANDIDATE, lastRpcTime:5131ms, electionTimeout:5131ms
2019-10-02 23:36:12,883 [Thread-2315] INFO  impl.RoleInfo (RoleInfo.java:shutdownFollowerState(121)) - 5e7b6db9-4669-4e59-809b-55e1d934ed4a: shutdown FollowerState
2019-10-02 23:36:12,883 [Thread-2315] INFO  impl.RaftServerImpl (RaftServerImpl.java:setRole(170)) - 5e7b6db9-4669-4e59-809b-55e1d934ed4a@group-5E4B89EE2BF5: changes role from  FOLLOWER to CANDIDATE at term 0 for changeToCandidate
2019-10-02 23:36:12,883 [Thread-2315] INFO  impl.RoleInfo (RoleInfo.java:updateAndGet(143)) - 5e7b6db9-4669-4e59-809b-55e1d934ed4a: start LeaderElection
2019-10-02 23:36:12,892 [Thread-2313] INFO  impl.FollowerState (FollowerState.java:run(108)) - ae6b9601-7d06-4402-b2a2-527cfd46627e@group-5E4B89EE2BF5-FollowerState: change to CANDIDATE, lastRpcTime:5143ms, electionTimeout:5143ms
2019-10-02 23:36:12,892 [Thread-2313] INFO  impl.RoleInfo (RoleInfo.java:shutdownFollowerState(121)) - ae6b9601-7d06-4402-b2a2-527cfd46627e: shutdown FollowerState
2019-10-02 23:36:12,892 [Thread-2313] INFO  impl.RaftServerImpl (RaftServerImpl.java:setRole(170)) - ae6b9601-7d06-4402-b2a2-527cfd46627e@group-5E4B89EE2BF5: changes role from  FOLLOWER to CANDIDATE at term 0 for changeToCandidate
2019-10-02 23:36:12,893 [Thread-2313] INFO  impl.RoleInfo (RoleInfo.java:updateAndGet(143)) - ae6b9601-7d06-4402-b2a2-527cfd46627e: start LeaderElection
2019-10-02 23:36:12,905 [Thread-2314] INFO  impl.FollowerState (FollowerState.java:run(108)) - 534797e9-ab02-4a58-b371-3b8942cd38f9@group-5E4B89EE2BF5-FollowerState: change to CANDIDATE, lastRpcTime:5154ms, electionTimeout:5154ms
2019-10-02 23:36:12,905 [Thread-2314] INFO  impl.RoleInfo (RoleInfo.java:shutdownFollowerState(121)) - 534797e9-ab02-4a58-b371-3b8942cd38f9: shutdown FollowerState
2019-10-02 23:36:12,906 [Thread-2314] INFO  impl.RaftServerImpl (RaftServerImpl.java:setRole(170)) - 534797e9-ab02-4a58-b371-3b8942cd38f9@group-5E4B89EE2BF5: changes role from  FOLLOWER to CANDIDATE at term 0 for changeToCandidate
2019-10-02 23:36:12,906 [Thread-2314] INFO  impl.RoleInfo (RoleInfo.java:updateAndGet(143)) - 534797e9-ab02-4a58-b371-3b8942cd38f9: start LeaderElection
2019-10-02 23:36:12,919 [ae6b9601-7d06-4402-b2a2-527cfd46627e@group-5E4B89EE2BF5-LeaderElection66] INFO  impl.LeaderElection (LeaderElection.java:askForVotes(178)) - ae6b9601-7d06-4402-b2a2-527cfd46627e@group-5E4B89EE2BF5-LeaderElection66: begin an election at term 1 for -1: [534797e9-ab02-4a58-b371-3b8942cd38f9:192.168.30.26:34621, 5e7b6db9-4669-4e59-809b-55e1d934ed4a:192.168.30.26:40165, ae6b9601-7d06-4402-b2a2-527cfd46627e:192.168.30.26:38238], old=null
2019-10-02 23:36:12,919 [5e7b6db9-4669-4e59-809b-55e1d934ed4a@group-5E4B89EE2BF5-LeaderElection65] INFO  impl.LeaderElection (LeaderElection.java:askForVotes(178)) - 5e7b6db9-4669-4e59-809b-55e1d934ed4a@group-5E4B89EE2BF5-LeaderElection65: begin an election at term 1 for -1: [534797e9-ab02-4a58-b371-3b8942cd38f9:192.168.30.26:34621, 5e7b6db9-4669-4e59-809b-55e1d934ed4a:192.168.30.26:40165, ae6b9601-7d06-4402-b2a2-527cfd46627e:192.168.30.26:38238], old=null
2019-10-02 23:36:12,936 [534797e9-ab02-4a58-b371-3b8942cd38f9@group-5E4B89EE2BF5-LeaderElection67] INFO  impl.LeaderElection (LeaderElection.java:askForVotes(178)) - 534797e9-ab02-4a58-b371-3b8942cd38f9@group-5E4B89EE2BF5-LeaderElection67: begin an election at term 1 for -1: [534797e9-ab02-4a58-b371-3b8942cd38f9:192.168.30.26:34621, 5e7b6db9-4669-4e59-809b-55e1d934ed4a:192.168.30.26:40165, ae6b9601-7d06-4402-b2a2-527cfd46627e:192.168.30.26:38238], old=null
2019-10-02 23:36:12,937 [ae6b9601-7d06-4402-b2a2-527cfd46627e@group-5E4B89EE2BF5-LeaderElection66] INFO  impl.LeaderElection (LeaderElection.java:logAndReturn(56)) - ae6b9601-7d06-4402-b2a2-527cfd46627e@group-5E4B89EE2BF5-LeaderElection66: Election REJECTED; received 2 response(s) [ae6b9601-7d06-4402-b2a2-527cfd46627e<-534797e9-ab02-4a58-b371-3b8942cd38f9#0:FAIL-t1, ae6b9601-7d06-4402-b2a2-527cfd46627e<-5e7b6db9-4669-4e59-809b-55e1d934ed4a#0:FAIL-t1] and 0 exception(s); ae6b9601-7d06-4402-b2a2-527cfd46627e@group-5E4B89EE2BF5:t1, leader=null, voted=ae6b9601-7d06-4402-b2a2-527cfd46627e, raftlog=ae6b9601-7d06-4402-b2a2-527cfd46627e@group-5E4B89EE2BF5-SegmentedRaftLog:OPENED:c-1,f-1,i0, conf=-1: [534797e9-ab02-4a58-b371-3b8942cd38f9:192.168.30.26:34621, 5e7b6db9-4669-4e59-809b-55e1d934ed4a:192.168.30.26:40165, ae6b9601-7d06-4402-b2a2-527cfd46627e:192.168.30.26:38238], old=null
2019-10-02 23:36:12,937 [ae6b9601-7d06-4402-b2a2-527cfd46627e@group-5E4B89EE2BF5-LeaderElection66] INFO  impl.RaftServerImpl (RaftServerImpl.java:setRole(170)) - ae6b9601-7d06-4402-b2a2-527cfd46627e@group-5E4B89EE2BF5: changes role from CANDIDATE to FOLLOWER at term 1 for DISCOVERED_A_NEW_TERM
2019-10-02 23:36:12,938 [ae6b9601-7d06-4402-b2a2-527cfd46627e@group-5E4B89EE2BF5-LeaderElection66] INFO  impl.RoleInfo (RoleInfo.java:shutdownLeaderElection(134)) - ae6b9601-7d06-4402-b2a2-527cfd46627e: shutdown LeaderElection
2019-10-02 23:36:12,938 [5e7b6db9-4669-4e59-809b-55e1d934ed4a@group-5E4B89EE2BF5-LeaderElection65] INFO  impl.LeaderElection (LeaderElection.java:logAndReturn(56)) - 5e7b6db9-4669-4e59-809b-55e1d934ed4a@group-5E4B89EE2BF5-LeaderElection65: Election REJECTED; received 2 response(s) [5e7b6db9-4669-4e59-809b-55e1d934ed4a<-534797e9-ab02-4a58-b371-3b8942cd38f9#0:FAIL-t1, 5e7b6db9-4669-4e59-809b-55e1d934ed4a<-ae6b9601-7d06-4402-b2a2-527cfd46627e#0:FAIL-t1] and 0 exception(s); 5e7b6db9-4669-4e59-809b-55e1d934ed4a@group-5E4B89EE2BF5:t1, leader=null, voted=5e7b6db9-4669-4e59-809b-55e1d934ed4a, raftlog=5e7b6db9-4669-4e59-809b-55e1d934ed4a@group-5E4B89EE2BF5-SegmentedRaftLog:OPENED:c-1,f-1,i0, conf=-1: [534797e9-ab02-4a58-b371-3b8942cd38f9:192.168.30.26:34621, 5e7b6db9-4669-4e59-809b-55e1d934ed4a:192.168.30.26:40165, ae6b9601-7d06-4402-b2a2-527cfd46627e:192.168.30.26:38238], old=null
2019-10-02 23:36:12,938 [ae6b9601-7d06-4402-b2a2-527cfd46627e@group-5E4B89EE2BF5-LeaderElection66] INFO  impl.RoleInfo (RoleInfo.java:updateAndGet(143)) - ae6b9601-7d06-4402-b2a2-527cfd46627e: start FollowerState
2019-10-02 23:36:12,938 [5e7b6db9-4669-4e59-809b-55e1d934ed4a@group-5E4B89EE2BF5-LeaderElection65] INFO  impl.RaftServerImpl (RaftServerImpl.java:setRole(170)) - 5e7b6db9-4669-4e59-809b-55e1d934ed4a@group-5E4B89EE2BF5: changes role from CANDIDATE to FOLLOWER at term 1 for DISCOVERED_A_NEW_TERM
2019-10-02 23:36:12,938 [5e7b6db9-4669-4e59-809b-55e1d934ed4a@group-5E4B89EE2BF5-LeaderElection65] INFO  impl.RoleInfo (RoleInfo.java:shutdownLeaderElection(134)) - 5e7b6db9-4669-4e59-809b-55e1d934ed4a: shutdown LeaderElection
2019-10-02 23:36:12,939 [5e7b6db9-4669-4e59-809b-55e1d934ed4a@group-5E4B89EE2BF5-LeaderElection65] INFO  impl.RoleInfo (RoleInfo.java:updateAndGet(143)) - 5e7b6db9-4669-4e59-809b-55e1d934ed4a: start FollowerState
2019-10-02 23:36:12,941 [534797e9-ab02-4a58-b371-3b8942cd38f9@group-5E4B89EE2BF5-LeaderElection67] INFO  impl.LeaderElection (LeaderElection.java:logAndReturn(56)) - 534797e9-ab02-4a58-b371-3b8942cd38f9@group-5E4B89EE2BF5-LeaderElection67: Election REJECTED; received 2 response(s) [534797e9-ab02-4a58-b371-3b8942cd38f9<-5e7b6db9-4669-4e59-809b-55e1d934ed4a#0:FAIL-t1, 534797e9-ab02-4a58-b371-3b8942cd38f9<-ae6b9601-7d06-4402-b2a2-527cfd46627e#0:FAIL-t1] and 0 exception(s); 534797e9-ab02-4a58-b371-3b8942cd38f9@group-5E4B89EE2BF5:t1, leader=null, voted=534797e9-ab02-4a58-b371-3b8942cd38f9, raftlog=534797e9-ab02-4a58-b371-3b8942cd38f9@group-5E4B89EE2BF5-SegmentedRaftLog:OPENED:c-1,f-1,i0, conf=-1: [534797e9-ab02-4a58-b371-3b8942cd38f9:192.168.30.26:34621, 5e7b6db9-4669-4e59-809b-55e1d934ed4a:192.168.30.26:40165, ae6b9601-7d06-4402-b2a2-527cfd46627e:192.168.30.26:38238], old=null
2019-10-02 23:36:12,941 [534797e9-ab02-4a58-b371-3b8942cd38f9@group-5E4B89EE2BF5-LeaderElection67] INFO  impl.RaftServerImpl (RaftServerImpl.java:setRole(170)) - 534797e9-ab02-4a58-b371-3b8942cd38f9@group-5E4B89EE2BF5: changes role from CANDIDATE to FOLLOWER at term 1 for DISCOVERED_A_NEW_TERM
2019-10-02 23:36:12,941 [534797e9-ab02-4a58-b371-3b8942cd38f9@group-5E4B89EE2BF5-LeaderElection67] INFO  impl.RoleInfo (RoleInfo.java:shutdownLeaderElection(134)) - 534797e9-ab02-4a58-b371-3b8942cd38f9: shutdown LeaderElection
2019-10-02 23:36:12,941 [534797e9-ab02-4a58-b371-3b8942cd38f9@group-5E4B89EE2BF5-LeaderElection67] INFO  impl.RoleInfo (RoleInfo.java:updateAndGet(143)) - 534797e9-ab02-4a58-b371-3b8942cd38f9: start FollowerState
2019-10-02 23:36:14,835 [Datanode State Machine Thread - 0] INFO  statemachine.DatanodeStateMachine (DatanodeStateMachine.java:lambda$startDaemon$0(350)) - Ozone container server started.
2019-10-02 23:36:17,979 [Thread-2373] INFO  impl.FollowerState (FollowerState.java:run(108)) - ae6b9601-7d06-4402-b2a2-527cfd46627e@group-5E4B89EE2BF5-FollowerState: change to CANDIDATE, lastRpcTime:5040ms, electionTimeout:5040ms
2019-10-02 23:36:17,980 [Thread-2373] INFO  impl.RoleInfo (RoleInfo.java:shutdownFollowerState(121)) - ae6b9601-7d06-4402-b2a2-527cfd46627e: shutdown FollowerState
2019-10-02 23:36:17,980 [Thread-2373] INFO  impl.RaftServerImpl (RaftServerImpl.java:setRole(170)) - ae6b9601-7d06-4402-b2a2-527cfd46627e@group-5E4B89EE2BF5: changes role from  FOLLOWER to CANDIDATE at term 1 for changeToCandidate
2019-10-02 23:36:17,981 [Thread-2373] INFO  impl.RoleInfo (RoleInfo.java:updateAndGet(143)) - ae6b9601-7d06-4402-b2a2-527cfd46627e: start LeaderElection
2019-10-02 23:36:18,015 [Thread-2374] INFO  impl.FollowerState (FollowerState.java:run(108)) - 5e7b6db9-4669-4e59-809b-55e1d934ed4a@group-5E4B89EE2BF5-FollowerState: change to CANDIDATE, lastRpcTime:5076ms, electionTimeout:5076ms
2019-10-02 23:36:18,015 [Thread-2374] INFO  impl.RoleInfo (RoleInfo.java:shutdownFollowerState(121)) - 5e7b6db9-4669-4e59-809b-55e1d934ed4a: shutdown FollowerState
2019-10-02 23:36:18,016 [Thread-2374] INFO  impl.RaftServerImpl (RaftServerImpl.java:setRole(170)) - 5e7b6db9-4669-4e59-809b-55e1d934ed4a@group-5E4B89EE2BF5: changes role from  FOLLOWER to CANDIDATE at term 1 for changeToCandidate
2019-10-02 23:36:18,016 [Thread-2374] INFO  impl.RoleInfo (RoleInfo.java:updateAndGet(143)) - 5e7b6db9-4669-4e59-809b-55e1d934ed4a: start LeaderElection
2019-10-02 23:36:18,019 [ae6b9601-7d06-4402-b2a2-527cfd46627e@group-5E4B89EE2BF5-LeaderElection68] INFO  impl.LeaderElection (LeaderElection.java:askForVotes(178)) - ae6b9601-7d06-4402-b2a2-527cfd46627e@group-5E4B89EE2BF5-LeaderElection68: begin an election at term 2 for -1: [534797e9-ab02-4a58-b371-3b8942cd38f9:192.168.30.26:34621, 5e7b6db9-4669-4e59-809b-55e1d934ed4a:192.168.30.26:40165, ae6b9601-7d06-4402-b2a2-527cfd46627e:192.168.30.26:38238], old=null
2019-10-02 23:36:18,026 [grpc-default-executor-1] INFO  impl.RaftServerImpl (RaftServerImpl.java:setRole(170)) - 534797e9-ab02-4a58-b371-3b8942cd38f9@group-5E4B89EE2BF5: changes role from  FOLLOWER to FOLLOWER at term 2 for recognizeCandidate:ae6b9601-7d06-4402-b2a2-527cfd46627e
2019-10-02 23:36:18,027 [grpc-default-executor-1] INFO  impl.RoleInfo (RoleInfo.java:shutdownFollowerState(121)) - 534797e9-ab02-4a58-b371-3b8942cd38f9: shutdown FollowerState
2019-10-02 23:36:18,027 [grpc-default-executor-1] INFO  impl.RoleInfo (RoleInfo.java:updateAndGet(143)) - 534797e9-ab02-4a58-b371-3b8942cd38f9: start FollowerState
2019-10-02 23:36:18,027 [Thread-2375] INFO  impl.FollowerState (FollowerState.java:run(117)) - 534797e9-ab02-4a58-b371-3b8942cd38f9@group-5E4B89EE2BF5-FollowerState was interrupted: java.lang.InterruptedException: sleep interrupted
2019-10-02 23:36:18,043 [5e7b6db9-4669-4e59-809b-55e1d934ed4a@group-5E4B89EE2BF5-LeaderElection69] INFO  impl.LeaderElection (LeaderElection.java:askForVotes(178)) - 5e7b6db9-4669-4e59-809b-55e1d934ed4a@group-5E4B89EE2BF5-LeaderElection69: begin an election at term 2 for -1: [534797e9-ab02-4a58-b371-3b8942cd38f9:192.168.30.26:34621, 5e7b6db9-4669-4e59-809b-55e1d934ed4a:192.168.30.26:40165, ae6b9601-7d06-4402-b2a2-527cfd46627e:192.168.30.26:38238], old=null
2019-10-02 23:36:18,061 [ae6b9601-7d06-4402-b2a2-527cfd46627e@group-5E4B89EE2BF5-LeaderElection68] INFO  impl.LeaderElection (LeaderElection.java:logAndReturn(56)) - ae6b9601-7d06-4402-b2a2-527cfd46627e@group-5E4B89EE2BF5-LeaderElection68: Election PASSED; received 2 response(s) [ae6b9601-7d06-4402-b2a2-527cfd46627e<-534797e9-ab02-4a58-b371-3b8942cd38f9#0:OK-t2, ae6b9601-7d06-4402-b2a2-527cfd46627e<-5e7b6db9-4669-4e59-809b-55e1d934ed4a#0:FAIL-t2] and 0 exception(s); ae6b9601-7d06-4402-b2a2-527cfd46627e@group-5E4B89EE2BF5:t2, leader=null, voted=ae6b9601-7d06-4402-b2a2-527cfd46627e, raftlog=ae6b9601-7d06-4402-b2a2-527cfd46627e@group-5E4B89EE2BF5-SegmentedRaftLog:OPENED:c-1,f-1,i0, conf=-1: [534797e9-ab02-4a58-b371-3b8942cd38f9:192.168.30.26:34621, 5e7b6db9-4669-4e59-809b-55e1d934ed4a:192.168.30.26:40165, ae6b9601-7d06-4402-b2a2-527cfd46627e:192.168.30.26:38238], old=null
2019-10-02 23:36:18,061 [5e7b6db9-4669-4e59-809b-55e1d934ed4a@group-5E4B89EE2BF5-LeaderElection69] INFO  impl.LeaderElection (LeaderElection.java:logAndReturn(56)) - 5e7b6db9-4669-4e59-809b-55e1d934ed4a@group-5E4B89EE2BF5-LeaderElection69: Election REJECTED; received 2 response(s) [5e7b6db9-4669-4e59-809b-55e1d934ed4a<-534797e9-ab02-4a58-b371-3b8942cd38f9#0:FAIL-t2, 5e7b6db9-4669-4e59-809b-55e1d934ed4a<-ae6b9601-7d06-4402-b2a2-527cfd46627e#0:FAIL-t2] and 0 exception(s); 5e7b6db9-4669-4e59-809b-55e1d934ed4a@group-5E4B89EE2BF5:t2, leader=null, voted=5e7b6db9-4669-4e59-809b-55e1d934ed4a, raftlog=5e7b6db9-4669-4e59-809b-55e1d934ed4a@group-5E4B89EE2BF5-SegmentedRaftLog:OPENED:c-1,f-1,i0, conf=-1: [534797e9-ab02-4a58-b371-3b8942cd38f9:192.168.30.26:34621, 5e7b6db9-4669-4e59-809b-55e1d934ed4a:192.168.30.26:40165, ae6b9601-7d06-4402-b2a2-527cfd46627e:192.168.30.26:38238], old=null
2019-10-02 23:36:18,061 [ae6b9601-7d06-4402-b2a2-527cfd46627e@group-5E4B89EE2BF5-LeaderElection68] INFO  impl.RoleInfo (RoleInfo.java:shutdownLeaderElection(134)) - ae6b9601-7d06-4402-b2a2-527cfd46627e: shutdown LeaderElection
2019-10-02 23:36:18,062 [5e7b6db9-4669-4e59-809b-55e1d934ed4a@group-5E4B89EE2BF5-LeaderElection69] INFO  impl.RaftServerImpl (RaftServerImpl.java:setRole(170)) - 5e7b6db9-4669-4e59-809b-55e1d934ed4a@group-5E4B89EE2BF5: changes role from CANDIDATE to FOLLOWER at term 2 for DISCOVERED_A_NEW_TERM
2019-10-02 23:36:18,062 [ae6b9601-7d06-4402-b2a2-527cfd46627e@group-5E4B89EE2BF5-LeaderElection68] INFO  impl.RaftServerImpl (RaftServerImpl.java:setRole(170)) - ae6b9601-7d06-4402-b2a2-527cfd46627e@group-5E4B89EE2BF5: changes role from CANDIDATE to LEADER at term 2 for changeToLeader
2019-10-02 23:36:18,062 [5e7b6db9-4669-4e59-809b-55e1d934ed4a@group-5E4B89EE2BF5-LeaderElection69] INFO  impl.RoleInfo (RoleInfo.java:shutdownLeaderElection(134)) - 5e7b6db9-4669-4e59-809b-55e1d934ed4a: shutdown LeaderElection
2019-10-02 23:36:18,062 [ae6b9601-7d06-4402-b2a2-527cfd46627e@group-5E4B89EE2BF5-LeaderElection68] INFO  impl.RaftServerImpl (ServerState.java:setLeader(255)) - ae6b9601-7d06-4402-b2a2-527cfd46627e@group-5E4B89EE2BF5: change Leader from null to ae6b9601-7d06-4402-b2a2-527cfd46627e at term 2 for becomeLeader, leader elected after 10322ms
2019-10-02 23:36:18,062 [5e7b6db9-4669-4e59-809b-55e1d934ed4a@group-5E4B89EE2BF5-LeaderElection69] INFO  impl.RoleInfo (RoleInfo.java:updateAndGet(143)) - 5e7b6db9-4669-4e59-809b-55e1d934ed4a: start FollowerState
2019-10-02 23:36:18,062 [ae6b9601-7d06-4402-b2a2-527cfd46627e@group-5E4B89EE2BF5-LeaderElection68] INFO  server.RaftServerConfigKeys (ConfUtils.java:logGet(43)) - raft.server.staging.catchup.gap = 1000 (default)
2019-10-02 23:36:18,063 [ae6b9601-7d06-4402-b2a2-527cfd46627e@group-5E4B89EE2BF5-LeaderElection68] INFO  server.RaftServerConfigKeys (ConfUtils.java:logGet(43)) - raft.server.rpc.sleep.time = 25ms (default)
2019-10-02 23:36:18,063 [ae6b9601-7d06-4402-b2a2-527cfd46627e@group-5E4B89EE2BF5-LeaderElection68] INFO  server.RaftServerConfigKeys (ConfUtils.java:logGet(43)) - raft.server.write.element-limit = 4096 (default)
2019-10-02 23:36:18,063 [ae6b9601-7d06-4402-b2a2-527cfd46627e@group-5E4B89EE2BF5-LeaderElection68] INFO  server.RaftServerConfigKeys (ConfUtils.java:logGet(43)) - raft.server.watch.timeout = 10s (default)
2019-10-02 23:36:18,064 [ae6b9601-7d06-4402-b2a2-527cfd46627e@group-5E4B89EE2BF5-LeaderElection68] INFO  server.RaftServerConfigKeys (ConfUtils.java:logGet(43)) - raft.server.watch.timeout.denomination = 1s (default)
2019-10-02 23:36:18,064 [ae6b9601-7d06-4402-b2a2-527cfd46627e@group-5E4B89EE2BF5-LeaderElection68] INFO  server.RaftServerConfigKeys (ConfUtils.java:logGet(43)) - raft.server.watch.element-limit = 65536 (default)
2019-10-02 23:36:18,068 [ae6b9601-7d06-4402-b2a2-527cfd46627e@group-5E4B89EE2BF5-LeaderElection68] INFO  server.RaftServerConfigKeys (ConfUtils.java:logGet(43)) - raft.server.log.appender.snapshot.chunk.size.max = 16MB (=16777216) (default)
2019-10-02 23:36:18,068 [ae6b9601-7d06-4402-b2a2-527cfd46627e@group-5E4B89EE2BF5-LeaderElection68] INFO  server.RaftServerConfigKeys (ConfUtils.java:logGet(43)) - raft.server.log.appender.buffer.byte-limit = 33554432 (custom)
2019-10-02 23:36:18,069 [ae6b9601-7d06-4402-b2a2-527cfd46627e@group-5E4B89EE2BF5-LeaderElection68] INFO  server.RaftServerConfigKeys (ConfUtils.java:logGet(43)) - raft.server.log.appender.buffer.element-limit = 1 (custom)
2019-10-02 23:36:18,069 [ae6b9601-7d06-4402-b2a2-527cfd46627e@group-5E4B89EE2BF5-LeaderElection68] INFO  grpc.GrpcConfigKeys$Server (ConfUtils.java:logGet(43)) - raft.grpc.server.leader.outstanding.appends.max = 128 (default)
2019-10-02 23:36:18,069 [ae6b9601-7d06-4402-b2a2-527cfd46627e@group-5E4B89EE2BF5-LeaderElection68] INFO  server.RaftServerConfigKeys (ConfUtils.java:logGet(43)) - raft.server.rpc.request.timeout = 3000ms (default)
2019-10-02 23:36:18,069 [ae6b9601-7d06-4402-b2a2-527cfd46627e@group-5E4B89EE2BF5-LeaderElection68] INFO  server.RaftServerConfigKeys (ConfUtils.java:logGet(43)) - raft.server.log.appender.install.snapshot.enabled = false (custom)
2019-10-02 23:36:18,070 [ae6b9601-7d06-4402-b2a2-527cfd46627e@group-5E4B89EE2BF5-LeaderElection68] INFO  server.RaftServerConfigKeys (ConfUtils.java:logGet(43)) - raft.server.log.appender.snapshot.chunk.size.max = 16MB (=16777216) (default)
2019-10-02 23:36:18,070 [ae6b9601-7d06-4402-b2a2-527cfd46627e@group-5E4B89EE2BF5-LeaderElection68] INFO  server.RaftServerConfigKeys (ConfUtils.java:logGet(43)) - raft.server.log.appender.buffer.byte-limit = 33554432 (custom)
2019-10-02 23:36:18,070 [ae6b9601-7d06-4402-b2a2-527cfd46627e@group-5E4B89EE2BF5-LeaderElection68] INFO  server.RaftServerConfigKeys (ConfUtils.java:logGet(43)) - raft.server.log.appender.buffer.element-limit = 1 (custom)
2019-10-02 23:36:18,070 [ae6b9601-7d06-4402-b2a2-527cfd46627e@group-5E4B89EE2BF5-LeaderElection68] INFO  grpc.GrpcConfigKeys$Server (ConfUtils.java:logGet(43)) - raft.grpc.server.leader.outstanding.appends.max = 128 (default)
2019-10-02 23:36:18,070 [ae6b9601-7d06-4402-b2a2-527cfd46627e@group-5E4B89EE2BF5-LeaderElection68] INFO  server.RaftServerConfigKeys (ConfUtils.java:logGet(43)) - raft.server.rpc.request.timeout = 3000ms (default)
2019-10-02 23:36:18,071 [ae6b9601-7d06-4402-b2a2-527cfd46627e@group-5E4B89EE2BF5-LeaderElection68] INFO  server.RaftServerConfigKeys (ConfUtils.java:logGet(43)) - raft.server.log.appender.install.snapshot.enabled = false (custom)
2019-10-02 23:36:18,071 [ae6b9601-7d06-4402-b2a2-527cfd46627e@group-5E4B89EE2BF5-LeaderElection68] INFO  impl.RoleInfo (RoleInfo.java:updateAndGet(143)) - ae6b9601-7d06-4402-b2a2-527cfd46627e: start LeaderState
2019-10-02 23:36:18,072 [ae6b9601-7d06-4402-b2a2-527cfd46627e@group-5E4B89EE2BF5-LeaderElection68] INFO  segmented.SegmentedRaftLogWorker (SegmentedRaftLogWorker.java:startLogSegment(385)) - ae6b9601-7d06-4402-b2a2-527cfd46627e@group-5E4B89EE2BF5-SegmentedRaftLogWorker: Starting segment from index:0
2019-10-02 23:36:18,073 [ae6b9601-7d06-4402-b2a2-527cfd46627e@group-5E4B89EE2BF5-LeaderElection68] INFO  impl.RaftServerImpl (ServerState.java:setRaftConf(356)) - ae6b9601-7d06-4402-b2a2-527cfd46627e@group-5E4B89EE2BF5: set configuration 0: [534797e9-ab02-4a58-b371-3b8942cd38f9:192.168.30.26:34621, 5e7b6db9-4669-4e59-809b-55e1d934ed4a:192.168.30.26:40165, ae6b9601-7d06-4402-b2a2-527cfd46627e:192.168.30.26:38238], old=null at 0
2019-10-02 23:36:18,107 [grpc-default-executor-1] INFO  impl.RaftServerImpl (ServerState.java:setLeader(255)) - 5e7b6db9-4669-4e59-809b-55e1d934ed4a@group-5E4B89EE2BF5: change Leader from null to ae6b9601-7d06-4402-b2a2-527cfd46627e at term 2 for appendEntries, leader elected after 10368ms
2019-10-02 23:36:18,107 [grpc-default-executor-6] INFO  impl.RaftServerImpl (ServerState.java:setLeader(255)) - 534797e9-ab02-4a58-b371-3b8942cd38f9@group-5E4B89EE2BF5: change Leader from null to ae6b9601-7d06-4402-b2a2-527cfd46627e at term 2 for appendEntries, leader elected after 10368ms
2019-10-02 23:36:18,110 [grpc-default-executor-6] INFO  impl.RaftServerImpl (ServerState.java:setRaftConf(356)) - 534797e9-ab02-4a58-b371-3b8942cd38f9@group-5E4B89EE2BF5: set configuration 0: [534797e9-ab02-4a58-b371-3b8942cd38f9:192.168.30.26:34621, 5e7b6db9-4669-4e59-809b-55e1d934ed4a:192.168.30.26:40165, ae6b9601-7d06-4402-b2a2-527cfd46627e:192.168.30.26:38238], old=null at 0
2019-10-02 23:36:18,111 [grpc-default-executor-1] INFO  impl.RaftServerImpl (ServerState.java:setRaftConf(356)) - 5e7b6db9-4669-4e59-809b-55e1d934ed4a@group-5E4B89EE2BF5: set configuration 0: [534797e9-ab02-4a58-b371-3b8942cd38f9:192.168.30.26:34621, 5e7b6db9-4669-4e59-809b-55e1d934ed4a:192.168.30.26:40165, ae6b9601-7d06-4402-b2a2-527cfd46627e:192.168.30.26:38238], old=null at 0
2019-10-02 23:36:18,111 [grpc-default-executor-6] INFO  segmented.SegmentedRaftLogWorker (SegmentedRaftLogWorker.java:startLogSegment(385)) - 534797e9-ab02-4a58-b371-3b8942cd38f9@group-5E4B89EE2BF5-SegmentedRaftLogWorker: Starting segment from index:0
2019-10-02 23:36:18,111 [grpc-default-executor-1] INFO  segmented.SegmentedRaftLogWorker (SegmentedRaftLogWorker.java:startLogSegment(385)) - 5e7b6db9-4669-4e59-809b-55e1d934ed4a@group-5E4B89EE2BF5-SegmentedRaftLogWorker: Starting segment from index:0
2019-10-02 23:36:18,127 [ae6b9601-7d06-4402-b2a2-527cfd46627e@group-5E4B89EE2BF5-SegmentedRaftLogWorker] INFO  segmented.SegmentedRaftLogWorker (SegmentedRaftLogWorker.java:execute(574)) - ae6b9601-7d06-4402-b2a2-527cfd46627e@group-5E4B89EE2BF5-SegmentedRaftLogWorker: created new log segment /workdir/hadoop-ozone/integration-test/target/test-dir/MiniOzoneClusterImpl-f1f4c3ff-5d54-4c76-9e3b-ad485f195bfe/datanode-2/data/ratis/f06c00cc-d3f2-45a3-9187-5e4b89ee2bf5/current/log_inprogress_0
2019-10-02 23:36:18,169 [5e7b6db9-4669-4e59-809b-55e1d934ed4a@group-5E4B89EE2BF5-SegmentedRaftLogWorker] INFO  segmented.SegmentedRaftLogWorker (SegmentedRaftLogWorker.java:execute(574)) - 5e7b6db9-4669-4e59-809b-55e1d934ed4a@group-5E4B89EE2BF5-SegmentedRaftLogWorker: created new log segment /workdir/hadoop-ozone/integration-test/target/test-dir/MiniOzoneClusterImpl-f1f4c3ff-5d54-4c76-9e3b-ad485f195bfe/datanode-3/data/ratis/f06c00cc-d3f2-45a3-9187-5e4b89ee2bf5/current/log_inprogress_0
2019-10-02 23:36:18,169 [534797e9-ab02-4a58-b371-3b8942cd38f9@group-5E4B89EE2BF5-SegmentedRaftLogWorker] INFO  segmented.SegmentedRaftLogWorker (SegmentedRaftLogWorker.java:execute(574)) - 534797e9-ab02-4a58-b371-3b8942cd38f9@group-5E4B89EE2BF5-SegmentedRaftLogWorker: created new log segment /workdir/hadoop-ozone/integration-test/target/test-dir/MiniOzoneClusterImpl-f1f4c3ff-5d54-4c76-9e3b-ad485f195bfe/datanode-0/data/ratis/f06c00cc-d3f2-45a3-9187-5e4b89ee2bf5/current/log_inprogress_0
2019-10-02 23:36:18,840 [main] INFO  ozoneimpl.OzoneContainer (OzoneContainer.java:stop(231)) - Attempting to stop container services.
2019-10-02 23:36:18,841 [main] INFO  impl.RaftServerProxy (RaftServerProxy.java:lambda$close$4(314)) - 628122ac-3d25-4fe8-a384-95955f297fb8: close
2019-10-02 23:36:18,842 [main] INFO  impl.RaftServerImpl (RaftServerImpl.java:lambda$shutdown$3(247)) - 628122ac-3d25-4fe8-a384-95955f297fb8@group-731D695FCCC7: shutdown
2019-10-02 23:36:18,842 [ForkJoinPool.commonPool-worker-0] INFO  impl.RaftServerImpl (RaftServerImpl.java:lambda$shutdown$3(247)) - 628122ac-3d25-4fe8-a384-95955f297fb8@group-EBEC82EF1497: shutdown
2019-10-02 23:36:18,842 [main] INFO  util.JmxRegister (JmxRegister.java:unregister(73)) - Successfully un-registered JMX Bean with object name Ratis:service=RaftServer,group=group-731D695FCCC7,id=628122ac-3d25-4fe8-a384-95955f297fb8
2019-10-02 23:36:18,843 [ForkJoinPool.commonPool-worker-0] INFO  util.JmxRegister (JmxRegister.java:unregister(73)) - Successfully un-registered JMX Bean with object name Ratis:service=RaftServer,group=group-EBEC82EF1497,id=628122ac-3d25-4fe8-a384-95955f297fb8
2019-10-02 23:36:18,843 [main] INFO  impl.RoleInfo (RoleInfo.java:shutdownLeaderState(104)) - 628122ac-3d25-4fe8-a384-95955f297fb8: shutdown LeaderState
2019-10-02 23:36:18,843 [ForkJoinPool.commonPool-worker-0] INFO  impl.RoleInfo (RoleInfo.java:shutdownLeaderState(104)) - 628122ac-3d25-4fe8-a384-95955f297fb8: shutdown LeaderState
2019-10-02 23:36:18,850 [main] INFO  impl.PendingRequests (PendingRequests.java:sendNotLeaderResponses(202)) - 628122ac-3d25-4fe8-a384-95955f297fb8@group-731D695FCCC7-PendingRequests: sendNotLeaderResponses
2019-10-02 23:36:18,851 [ForkJoinPool.commonPool-worker-0] INFO  impl.PendingRequests (PendingRequests.java:sendNotLeaderResponses(202)) - 628122ac-3d25-4fe8-a384-95955f297fb8@group-EBEC82EF1497-PendingRequests: sendNotLeaderResponses
2019-10-02 23:36:18,851 [org.apache.ratis.server.impl.LogAppender$AppenderDaemon$$Lambda$442/1678664920@6208c005] WARN  server.GrpcLogAppender (GrpcLogAppender.java:mayWait(143)) - 628122ac-3d25-4fe8-a384-95955f297fb8@group-731D695FCCC7->30b0be8c-71ff-4116-afb6-f748fb20f5ee-GrpcLogAppender: Wait interrupted by java.lang.InterruptedException
2019-10-02 23:36:18,851 [org.apache.ratis.server.impl.LogAppender$AppenderDaemon$$Lambda$442/1678664920@5ec99015] WARN  server.GrpcLogAppender (GrpcLogAppender.java:mayWait(143)) - 628122ac-3d25-4fe8-a384-95955f297fb8@group-731D695FCCC7->25c78bb2-c497-4746-8d85-3a9b94dd6081-GrpcLogAppender: Wait interrupted by java.lang.InterruptedException
2019-10-02 23:36:18,864 [ForkJoinPool.commonPool-worker-0] INFO  impl.StateMachineUpdater (StateMachineUpdater.java:stopAndJoin(136)) - 628122ac-3d25-4fe8-a384-95955f297fb8@group-EBEC82EF1497-StateMachineUpdater: set stopIndex = 0
2019-10-02 23:36:18,864 [main] INFO  impl.StateMachineUpdater (StateMachineUpdater.java:stopAndJoin(136)) - 628122ac-3d25-4fe8-a384-95955f297fb8@group-731D695FCCC7-StateMachineUpdater: set stopIndex = 2
2019-10-02 23:36:18,867 [grpc-default-executor-4] INFO  server.GrpcServerProtocolService (GrpcServerProtocolService.java:onCompleted(113)) - 25c78bb2-c497-4746-8d85-3a9b94dd6081: Completed APPEND_ENTRIES, lastRequest: 628122ac-3d25-4fe8-a384-95955f297fb8->25c78bb2-c497-4746-8d85-3a9b94dd6081#5-t1, previous=(t:1, i:2), leaderCommit=2, initializing? false, entries: <empty>
2019-10-02 23:36:18,865 [grpc-default-executor-6] INFO  server.GrpcServerProtocolService (GrpcServerProtocolService.java:onCompleted(113)) - 30b0be8c-71ff-4116-afb6-f748fb20f5ee: Completed APPEND_ENTRIES, lastRequest: 628122ac-3d25-4fe8-a384-95955f297fb8->30b0be8c-71ff-4116-afb6-f748fb20f5ee#5-t1, previous=(t:1, i:2), leaderCommit=2, initializing? false, entries: <empty>
2019-10-02 23:36:18,864 [628122ac-3d25-4fe8-a384-95955f297fb8@group-731D695FCCC7-StateMachineUpdater] INFO  ratis.ContainerStateMachine (ContainerStateMachine.java:takeSnapshot(293)) - group-731D695FCCC7: Taking a snapshot at:(t:1, i:2) file /workdir/hadoop-ozone/integration-test/target/test-dir/MiniOzoneClusterImpl-f1f4c3ff-5d54-4c76-9e3b-ad485f195bfe/datanode-5/data/ratis/3ca14881-58df-4e6c-9896-731d695fccc7/sm/snapshot.1_2
2019-10-02 23:36:18,868 [grpc-default-executor-4] INFO  server.GrpcLogAppender (GrpcLogAppender.java:onCompleted(293)) - 628122ac-3d25-4fe8-a384-95955f297fb8@group-731D695FCCC7->25c78bb2-c497-4746-8d85-3a9b94dd6081-AppendLogResponseHandler: follower responses appendEntries COMPLETED
2019-10-02 23:36:18,868 [ForkJoinPool.commonPool-worker-0] INFO  impl.RaftServerImpl (ServerState.java:close(387)) - 628122ac-3d25-4fe8-a384-95955f297fb8@group-EBEC82EF1497: closes. applyIndex: 0
2019-10-02 23:36:18,868 [grpc-default-executor-6] INFO  server.GrpcLogAppender (GrpcLogAppender.java:onCompleted(293)) - 628122ac-3d25-4fe8-a384-95955f297fb8@group-731D695FCCC7->30b0be8c-71ff-4116-afb6-f748fb20f5ee-AppendLogResponseHandler: follower responses appendEntries COMPLETED
2019-10-02 23:36:18,869 [628122ac-3d25-4fe8-a384-95955f297fb8@group-EBEC82EF1497-SegmentedRaftLogWorker] INFO  segmented.SegmentedRaftLogWorker (SegmentedRaftLogWorker.java:run(316)) - 628122ac-3d25-4fe8-a384-95955f297fb8@group-EBEC82EF1497-SegmentedRaftLogWorker was interrupted, exiting. There are 0 tasks remaining in the queue.
2019-10-02 23:36:18,871 [ForkJoinPool.commonPool-worker-0] INFO  segmented.SegmentedRaftLogWorker (SegmentedRaftLogWorker.java:close(224)) - 628122ac-3d25-4fe8-a384-95955f297fb8@group-EBEC82EF1497-SegmentedRaftLogWorker close()
2019-10-02 23:36:18,876 [grpc-default-executor-4] INFO  impl.FollowerInfo (FollowerInfo.java:lambda$new$0(51)) - 628122ac-3d25-4fe8-a384-95955f297fb8@group-731D695FCCC7->25c78bb2-c497-4746-8d85-3a9b94dd6081: nextIndex: updateUnconditionally 3 -> 2
2019-10-02 23:36:18,876 [grpc-default-executor-6] INFO  impl.FollowerInfo (FollowerInfo.java:lambda$new$0(51)) - 628122ac-3d25-4fe8-a384-95955f297fb8@group-731D695FCCC7->30b0be8c-71ff-4116-afb6-f748fb20f5ee: nextIndex: updateUnconditionally 3 -> 2
2019-10-02 23:36:18,894 [628122ac-3d25-4fe8-a384-95955f297fb8@group-731D695FCCC7-StateMachineUpdater] INFO  ratis.ContainerStateMachine (ContainerStateMachine.java:takeSnapshot(304)) - group-731D695FCCC7: Finished taking a snapshot at:(t:1, i:2) file:/workdir/hadoop-ozone/integration-test/target/test-dir/MiniOzoneClusterImpl-f1f4c3ff-5d54-4c76-9e3b-ad485f195bfe/datanode-5/data/ratis/3ca14881-58df-4e6c-9896-731d695fccc7/sm/snapshot.1_2 time:30
2019-10-02 23:36:18,895 [628122ac-3d25-4fe8-a384-95955f297fb8@group-731D695FCCC7-StateMachineUpdater] INFO  impl.StateMachineUpdater (StateMachineUpdater.java:takeSnapshot(269)) - 628122ac-3d25-4fe8-a384-95955f297fb8@group-731D695FCCC7-StateMachineUpdater: Took a snapshot at index 2
2019-10-02 23:36:18,895 [628122ac-3d25-4fe8-a384-95955f297fb8@group-731D695FCCC7-StateMachineUpdater] INFO  impl.StateMachineUpdater (StateMachineUpdater.java:lambda$new$0(84)) - 628122ac-3d25-4fe8-a384-95955f297fb8@group-731D695FCCC7-StateMachineUpdater: snapshotIndex: updateIncreasingly -1 -> 2
2019-10-02 23:36:18,896 [main] INFO  impl.RaftServerImpl (ServerState.java:close(387)) - 628122ac-3d25-4fe8-a384-95955f297fb8@group-731D695FCCC7: closes. applyIndex: 2
2019-10-02 23:36:18,896 [628122ac-3d25-4fe8-a384-95955f297fb8@group-731D695FCCC7-SegmentedRaftLogWorker] INFO  segmented.SegmentedRaftLogWorker (SegmentedRaftLogWorker.java:run(316)) - 628122ac-3d25-4fe8-a384-95955f297fb8@group-731D695FCCC7-SegmentedRaftLogWorker was interrupted, exiting. There are 0 tasks remaining in the queue.
2019-10-02 23:36:18,899 [main] INFO  segmented.SegmentedRaftLogWorker (SegmentedRaftLogWorker.java:close(224)) - 628122ac-3d25-4fe8-a384-95955f297fb8@group-731D695FCCC7-SegmentedRaftLogWorker close()
2019-10-02 23:36:18,906 [main] INFO  server.GrpcService (GrpcService.java:closeImpl(164)) - 628122ac-3d25-4fe8-a384-95955f297fb8: shutdown server with port 43569 now
2019-10-02 23:36:18,907 [main] INFO  server.GrpcService (GrpcService.java:closeImpl(172)) - 628122ac-3d25-4fe8-a384-95955f297fb8: shutdown server with port 43569 successfully
2019-10-02 23:36:18,910 [refreshUsed-/workdir/hadoop-ozone/integration-test/target/test-dir/MiniOzoneClusterImpl-f1f4c3ff-5d54-4c76-9e3b-ad485f195bfe/datanode-5/data/containers] WARN  fs.CachingGetSpaceUsed (CachingGetSpaceUsed.java:run(183)) - Thread Interrupted waiting to refresh disk information: sleep interrupted
2019-10-02 23:36:18,932 [main] INFO  utils.BackgroundService (BackgroundService.java:shutdown(148)) - Shutting down service BlockDeletingService
2019-10-02 23:36:18,940 [main] INFO  statemachine.DatanodeStateMachine (DatanodeStateMachine.java:stopDaemon(395)) - Ozone container server stopped.
2019-10-02 23:36:18,941 [main] INFO  handler.ContextHandler (ContextHandler.java:doStop(910)) - Stopped o.e.j.w.WebAppContext@1df9186f{/,null,UNAVAILABLE}{/hddsDatanode}
2019-10-02 23:36:18,942 [main] INFO  server.AbstractConnector (AbstractConnector.java:doStop(318)) - Stopped ServerConnector@682e422c{HTTP/1.1,[http/1.1]}{0.0.0.0:0}
2019-10-02 23:36:18,942 [main] INFO  handler.ContextHandler (ContextHandler.java:doStop(910)) - Stopped o.e.j.s.ServletContextHandler@5eb87338{/static,jar:file:/home/user/.m2/repository/org/apache/hadoop/hadoop-hdds-container-service/0.5.0-SNAPSHOT/hadoop-hdds-container-service-0.5.0-SNAPSHOT.jar!/webapps/static,UNAVAILABLE}
2019-10-02 23:36:18,943 [main] INFO  handler.ContextHandler (ContextHandler.java:doStop(910)) - Stopped o.e.j.s.ServletContextHandler@b022551{/logs,file:///workdir/hadoop-ozone/integration-test/target/log,UNAVAILABLE}
2019-10-02 23:36:27,911 [Thread-2354] INFO  impl.FollowerState (FollowerState.java:run(108)) - 25c78bb2-c497-4746-8d85-3a9b94dd6081@group-731D695FCCC7-FollowerState: change to CANDIDATE, lastRpcTime:9204ms, electionTimeout:5073ms
2019-10-02 23:36:27,912 [Thread-2354] INFO  impl.RoleInfo (RoleInfo.java:shutdownFollowerState(121)) - 25c78bb2-c497-4746-8d85-3a9b94dd6081: shutdown FollowerState
2019-10-02 23:36:27,912 [Thread-2354] INFO  impl.RaftServerImpl (RaftServerImpl.java:setRole(170)) - 25c78bb2-c497-4746-8d85-3a9b94dd6081@group-731D695FCCC7: changes role from  FOLLOWER to CANDIDATE at term 1 for changeToCandidate
2019-10-02 23:36:27,912 [Thread-2354] INFO  impl.RoleInfo (RoleInfo.java:updateAndGet(143)) - 25c78bb2-c497-4746-8d85-3a9b94dd6081: start LeaderElection
2019-10-02 23:36:27,917 [25c78bb2-c497-4746-8d85-3a9b94dd6081@group-731D695FCCC7-LeaderElection70] INFO  impl.RaftServerImpl (ServerState.java:setLeader(255)) - 25c78bb2-c497-4746-8d85-3a9b94dd6081@group-731D695FCCC7: change Leader from 628122ac-3d25-4fe8-a384-95955f297fb8 to null at term 1 for initElection
2019-10-02 23:36:27,949 [25c78bb2-c497-4746-8d85-3a9b94dd6081@group-731D695FCCC7-LeaderElection70] INFO  impl.LeaderElection (LeaderElection.java:askForVotes(178)) - 25c78bb2-c497-4746-8d85-3a9b94dd6081@group-731D695FCCC7-LeaderElection70: begin an election at term 2 for 0: [30b0be8c-71ff-4116-afb6-f748fb20f5ee:192.168.30.26:33800, 25c78bb2-c497-4746-8d85-3a9b94dd6081:192.168.30.26:38283, 628122ac-3d25-4fe8-a384-95955f297fb8:192.168.30.26:43569], old=null
2019-10-02 23:36:27,952 [25c78bb2-c497-4746-8d85-3a9b94dd6081@group-731D695FCCC7-LeaderElection70] INFO  impl.LeaderElection (LogUtils.java:infoOrTrace(149)) - 25c78bb2-c497-4746-8d85-3a9b94dd6081@group-731D695FCCC7-LeaderElection70 got exception when requesting votes: {}
java.util.concurrent.ExecutionException: org.apache.ratis.thirdparty.io.grpc.StatusRuntimeException: UNAVAILABLE: io exception
	at java.util.concurrent.FutureTask.report(FutureTask.java:122)
	at java.util.concurrent.FutureTask.get(FutureTask.java:192)
	at org.apache.ratis.server.impl.LeaderElection.waitForResults(LeaderElection.java:259)
	at org.apache.ratis.server.impl.LeaderElection.askForVotes(LeaderElection.java:197)
	at org.apache.ratis.server.impl.LeaderElection.run(LeaderElection.java:133)
	at java.lang.Thread.run(Thread.java:748)
Caused by: org.apache.ratis.thirdparty.io.grpc.StatusRuntimeException: UNAVAILABLE: io exception
	at org.apache.ratis.thirdparty.io.grpc.stub.ClientCalls.toStatusRuntimeException(ClientCalls.java:233)
	at org.apache.ratis.thirdparty.io.grpc.stub.ClientCalls.getUnchecked(ClientCalls.java:214)
	at org.apache.ratis.thirdparty.io.grpc.stub.ClientCalls.blockingUnaryCall(ClientCalls.java:139)
	at org.apache.ratis.proto.grpc.RaftServerProtocolServiceGrpc$RaftServerProtocolServiceBlockingStub.requestVote(RaftServerProtocolServiceGrpc.java:265)
	at org.apache.ratis.grpc.server.GrpcServerProtocolClient.requestVote(GrpcServerProtocolClient.java:99)
	at org.apache.ratis.grpc.server.GrpcService.requestVote(GrpcService.java:204)
	at org.apache.ratis.server.impl.LeaderElection.lambda$submitRequests$1(LeaderElection.java:234)
	at java.util.concurrent.FutureTask.run(FutureTask.java:266)
	at java.util.concurrent.Executors$RunnableAdapter.call(Executors.java:511)
	at java.util.concurrent.FutureTask.run(FutureTask.java:266)
	at java.util.concurrent.ThreadPoolExecutor.runWorker(ThreadPoolExecutor.java:1149)
	at java.util.concurrent.ThreadPoolExecutor$Worker.run(ThreadPoolExecutor.java:624)
	... 1 more
Caused by: org.apache.ratis.thirdparty.io.netty.channel.AbstractChannel$AnnotatedConnectException: Connection refused: /192.168.30.26:43569
	at sun.nio.ch.SocketChannelImpl.checkConnect(Native Method)
	at sun.nio.ch.SocketChannelImpl.finishConnect(SocketChannelImpl.java:717)
	at org.apache.ratis.thirdparty.io.netty.channel.socket.nio.NioSocketChannel.doFinishConnect(NioSocketChannel.java:327)
	at org.apache.ratis.thirdparty.io.netty.channel.nio.AbstractNioChannel$AbstractNioUnsafe.finishConnect(AbstractNioChannel.java:340)
	at org.apache.ratis.thirdparty.io.netty.channel.nio.NioEventLoop.processSelectedKey(NioEventLoop.java:632)
	at org.apache.ratis.thirdparty.io.netty.channel.nio.NioEventLoop.processSelectedKeysOptimized(NioEventLoop.java:579)
	at org.apache.ratis.thirdparty.io.netty.channel.nio.NioEventLoop.processSelectedKeys(NioEventLoop.java:496)
	at org.apache.ratis.thirdparty.io.netty.channel.nio.NioEventLoop.run(NioEventLoop.java:458)
	at org.apache.ratis.thirdparty.io.netty.util.concurrent.SingleThreadEventExecutor$5.run(SingleThreadEventExecutor.java:897)
	at org.apache.ratis.thirdparty.io.netty.util.concurrent.FastThreadLocalRunnable.run(FastThreadLocalRunnable.java:30)
	... 1 more
Caused by: java.net.ConnectException: Connection refused
	... 11 more
2019-10-02 23:36:27,956 [grpc-default-executor-4] INFO  impl.RaftServerImpl (ServerState.java:setLeader(255)) - 30b0be8c-71ff-4116-afb6-f748fb20f5ee@group-731D695FCCC7: change Leader from 628122ac-3d25-4fe8-a384-95955f297fb8 to null at term 2 for updateCurrentTerm
2019-10-02 23:36:27,956 [grpc-default-executor-4] INFO  impl.RaftServerImpl (RaftServerImpl.java:setRole(170)) - 30b0be8c-71ff-4116-afb6-f748fb20f5ee@group-731D695FCCC7: changes role from  FOLLOWER to FOLLOWER at term 2 for recognizeCandidate:25c78bb2-c497-4746-8d85-3a9b94dd6081
2019-10-02 23:36:27,956 [grpc-default-executor-4] INFO  impl.RoleInfo (RoleInfo.java:shutdownFollowerState(121)) - 30b0be8c-71ff-4116-afb6-f748fb20f5ee: shutdown FollowerState
2019-10-02 23:36:27,957 [grpc-default-executor-4] INFO  impl.RoleInfo (RoleInfo.java:updateAndGet(143)) - 30b0be8c-71ff-4116-afb6-f748fb20f5ee: start FollowerState
2019-10-02 23:36:27,957 [Thread-2351] INFO  impl.FollowerState (FollowerState.java:run(117)) - 30b0be8c-71ff-4116-afb6-f748fb20f5ee@group-731D695FCCC7-FollowerState was interrupted: java.lang.InterruptedException: sleep interrupted
2019-10-02 23:36:27,975 [25c78bb2-c497-4746-8d85-3a9b94dd6081@group-731D695FCCC7-LeaderElection70] INFO  impl.LeaderElection (LeaderElection.java:logAndReturn(56)) - 25c78bb2-c497-4746-8d85-3a9b94dd6081@group-731D695FCCC7-LeaderElection70: Election PASSED; received 1 response(s) [25c78bb2-c497-4746-8d85-3a9b94dd6081<-30b0be8c-71ff-4116-afb6-f748fb20f5ee#0:OK-t2] and 1 exception(s); 25c78bb2-c497-4746-8d85-3a9b94dd6081@group-731D695FCCC7:t2, leader=null, voted=25c78bb2-c497-4746-8d85-3a9b94dd6081, raftlog=25c78bb2-c497-4746-8d85-3a9b94dd6081@group-731D695FCCC7-SegmentedRaftLog:OPENED:c2,f2,i2, conf=0: [30b0be8c-71ff-4116-afb6-f748fb20f5ee:192.168.30.26:33800, 25c78bb2-c497-4746-8d85-3a9b94dd6081:192.168.30.26:38283, 628122ac-3d25-4fe8-a384-95955f297fb8:192.168.30.26:43569], old=null
2019-10-02 23:36:27,975 [25c78bb2-c497-4746-8d85-3a9b94dd6081@group-731D695FCCC7-LeaderElection70] INFO  impl.LeaderElection (LogUtils.java:infoOrTrace(149)) -   Exception 0: {}
java.util.concurrent.ExecutionException: org.apache.ratis.thirdparty.io.grpc.StatusRuntimeException: UNAVAILABLE: io exception
	at java.util.concurrent.FutureTask.report(FutureTask.java:122)
	at java.util.concurrent.FutureTask.get(FutureTask.java:192)
	at org.apache.ratis.server.impl.LeaderElection.waitForResults(LeaderElection.java:259)
	at org.apache.ratis.server.impl.LeaderElection.askForVotes(LeaderElection.java:197)
	at org.apache.ratis.server.impl.LeaderElection.run(LeaderElection.java:133)
	at java.lang.Thread.run(Thread.java:748)
Caused by: org.apache.ratis.thirdparty.io.grpc.StatusRuntimeException: UNAVAILABLE: io exception
	at org.apache.ratis.thirdparty.io.grpc.stub.ClientCalls.toStatusRuntimeException(ClientCalls.java:233)
	at org.apache.ratis.thirdparty.io.grpc.stub.ClientCalls.getUnchecked(ClientCalls.java:214)
	at org.apache.ratis.thirdparty.io.grpc.stub.ClientCalls.blockingUnaryCall(ClientCalls.java:139)
	at org.apache.ratis.proto.grpc.RaftServerProtocolServiceGrpc$RaftServerProtocolServiceBlockingStub.requestVote(RaftServerProtocolServiceGrpc.java:265)
	at org.apache.ratis.grpc.server.GrpcServerProtocolClient.requestVote(GrpcServerProtocolClient.java:99)
	at org.apache.ratis.grpc.server.GrpcService.requestVote(GrpcService.java:204)
	at org.apache.ratis.server.impl.LeaderElection.lambda$submitRequests$1(LeaderElection.java:234)
	at java.util.concurrent.FutureTask.run(FutureTask.java:266)
	at java.util.concurrent.Executors$RunnableAdapter.call(Executors.java:511)
	at java.util.concurrent.FutureTask.run(FutureTask.java:266)
	at java.util.concurrent.ThreadPoolExecutor.runWorker(ThreadPoolExecutor.java:1149)
	at java.util.concurrent.ThreadPoolExecutor$Worker.run(ThreadPoolExecutor.java:624)
	... 1 more
Caused by: org.apache.ratis.thirdparty.io.netty.channel.AbstractChannel$AnnotatedConnectException: Connection refused: /192.168.30.26:43569
	at sun.nio.ch.SocketChannelImpl.checkConnect(Native Method)
	at sun.nio.ch.SocketChannelImpl.finishConnect(SocketChannelImpl.java:717)
	at org.apache.ratis.thirdparty.io.netty.channel.socket.nio.NioSocketChannel.doFinishConnect(NioSocketChannel.java:327)
	at org.apache.ratis.thirdparty.io.netty.channel.nio.AbstractNioChannel$AbstractNioUnsafe.finishConnect(AbstractNioChannel.java:340)
	at org.apache.ratis.thirdparty.io.netty.channel.nio.NioEventLoop.processSelectedKey(NioEventLoop.java:632)
	at org.apache.ratis.thirdparty.io.netty.channel.nio.NioEventLoop.processSelectedKeysOptimized(NioEventLoop.java:579)
	at org.apache.ratis.thirdparty.io.netty.channel.nio.NioEventLoop.processSelectedKeys(NioEventLoop.java:496)
	at org.apache.ratis.thirdparty.io.netty.channel.nio.NioEventLoop.run(NioEventLoop.java:458)
	at org.apache.ratis.thirdparty.io.netty.util.concurrent.SingleThreadEventExecutor$5.run(SingleThreadEventExecutor.java:897)
	at org.apache.ratis.thirdparty.io.netty.util.concurrent.FastThreadLocalRunnable.run(FastThreadLocalRunnable.java:30)
	... 1 more
Caused by: java.net.ConnectException: Connection refused
	... 11 more
2019-10-02 23:36:27,976 [25c78bb2-c497-4746-8d85-3a9b94dd6081@group-731D695FCCC7-LeaderElection70] INFO  impl.RoleInfo (RoleInfo.java:shutdownLeaderElection(134)) - 25c78bb2-c497-4746-8d85-3a9b94dd6081: shutdown LeaderElection
2019-10-02 23:36:27,976 [25c78bb2-c497-4746-8d85-3a9b94dd6081@group-731D695FCCC7-LeaderElection70] INFO  impl.RaftServerImpl (RaftServerImpl.java:setRole(170)) - 25c78bb2-c497-4746-8d85-3a9b94dd6081@group-731D695FCCC7: changes role from CANDIDATE to LEADER at term 2 for changeToLeader
2019-10-02 23:36:27,976 [25c78bb2-c497-4746-8d85-3a9b94dd6081@group-731D695FCCC7-LeaderElection70] INFO  impl.RaftServerImpl (ServerState.java:setLeader(255)) - 25c78bb2-c497-4746-8d85-3a9b94dd6081@group-731D695FCCC7: change Leader from null to 25c78bb2-c497-4746-8d85-3a9b94dd6081 at term 2 for becomeLeader, leader elected after 59ms
2019-10-02 23:36:27,976 [25c78bb2-c497-4746-8d85-3a9b94dd6081@group-731D695FCCC7-LeaderElection70] INFO  server.RaftServerConfigKeys (ConfUtils.java:logGet(43)) - raft.server.staging.catchup.gap = 1000 (default)
2019-10-02 23:36:27,977 [25c78bb2-c497-4746-8d85-3a9b94dd6081@group-731D695FCCC7-LeaderElection70] INFO  server.RaftServerConfigKeys (ConfUtils.java:logGet(43)) - raft.server.rpc.sleep.time = 25ms (default)
2019-10-02 23:36:27,977 [25c78bb2-c497-4746-8d85-3a9b94dd6081@group-731D695FCCC7-LeaderElection70] INFO  server.RaftServerConfigKeys (ConfUtils.java:logGet(43)) - raft.server.write.element-limit = 4096 (default)
2019-10-02 23:36:27,977 [25c78bb2-c497-4746-8d85-3a9b94dd6081@group-731D695FCCC7-LeaderElection70] INFO  server.RaftServerConfigKeys (ConfUtils.java:logGet(43)) - raft.server.watch.timeout = 10s (default)
2019-10-02 23:36:27,977 [25c78bb2-c497-4746-8d85-3a9b94dd6081@group-731D695FCCC7-LeaderElection70] INFO  server.RaftServerConfigKeys (ConfUtils.java:logGet(43)) - raft.server.watch.timeout.denomination = 1s (default)
2019-10-02 23:36:27,977 [25c78bb2-c497-4746-8d85-3a9b94dd6081@group-731D695FCCC7-LeaderElection70] INFO  server.RaftServerConfigKeys (ConfUtils.java:logGet(43)) - raft.server.watch.element-limit = 65536 (default)
2019-10-02 23:36:27,980 [25c78bb2-c497-4746-8d85-3a9b94dd6081@group-731D695FCCC7-LeaderElection70] INFO  server.RaftServerConfigKeys (ConfUtils.java:logGet(43)) - raft.server.log.appender.snapshot.chunk.size.max = 16MB (=16777216) (default)
2019-10-02 23:36:27,980 [25c78bb2-c497-4746-8d85-3a9b94dd6081@group-731D695FCCC7-LeaderElection70] INFO  server.RaftServerConfigKeys (ConfUtils.java:logGet(43)) - raft.server.log.appender.buffer.byte-limit = 33554432 (custom)
2019-10-02 23:36:27,981 [25c78bb2-c497-4746-8d85-3a9b94dd6081@group-731D695FCCC7-LeaderElection70] INFO  server.RaftServerConfigKeys (ConfUtils.java:logGet(43)) - raft.server.log.appender.buffer.element-limit = 1 (custom)
2019-10-02 23:36:27,981 [25c78bb2-c497-4746-8d85-3a9b94dd6081@group-731D695FCCC7-LeaderElection70] INFO  grpc.GrpcConfigKeys$Server (ConfUtils.java:logGet(43)) - raft.grpc.server.leader.outstanding.appends.max = 128 (default)
2019-10-02 23:36:27,981 [25c78bb2-c497-4746-8d85-3a9b94dd6081@group-731D695FCCC7-LeaderElection70] INFO  server.RaftServerConfigKeys (ConfUtils.java:logGet(43)) - raft.server.rpc.request.timeout = 3000ms (default)
2019-10-02 23:36:27,981 [25c78bb2-c497-4746-8d85-3a9b94dd6081@group-731D695FCCC7-LeaderElection70] INFO  server.RaftServerConfigKeys (ConfUtils.java:logGet(43)) - raft.server.log.appender.install.snapshot.enabled = false (custom)
2019-10-02 23:36:27,982 [25c78bb2-c497-4746-8d85-3a9b94dd6081@group-731D695FCCC7-LeaderElection70] INFO  server.RaftServerConfigKeys (ConfUtils.java:logGet(43)) - raft.server.log.appender.snapshot.chunk.size.max = 16MB (=16777216) (default)
2019-10-02 23:36:27,982 [25c78bb2-c497-4746-8d85-3a9b94dd6081@group-731D695FCCC7-LeaderElection70] INFO  server.RaftServerConfigKeys (ConfUtils.java:logGet(43)) - raft.server.log.appender.buffer.byte-limit = 33554432 (custom)
2019-10-02 23:36:27,982 [25c78bb2-c497-4746-8d85-3a9b94dd6081@group-731D695FCCC7-LeaderElection70] INFO  server.RaftServerConfigKeys (ConfUtils.java:logGet(43)) - raft.server.log.appender.buffer.element-limit = 1 (custom)
2019-10-02 23:36:27,982 [25c78bb2-c497-4746-8d85-3a9b94dd6081@group-731D695FCCC7-LeaderElection70] INFO  grpc.GrpcConfigKeys$Server (ConfUtils.java:logGet(43)) - raft.grpc.server.leader.outstanding.appends.max = 128 (default)
2019-10-02 23:36:27,982 [25c78bb2-c497-4746-8d85-3a9b94dd6081@group-731D695FCCC7-LeaderElection70] INFO  server.RaftServerConfigKeys (ConfUtils.java:logGet(43)) - raft.server.rpc.request.timeout = 3000ms (default)
2019-10-02 23:36:27,983 [25c78bb2-c497-4746-8d85-3a9b94dd6081@group-731D695FCCC7-LeaderElection70] INFO  server.RaftServerConfigKeys (ConfUtils.java:logGet(43)) - raft.server.log.appender.install.snapshot.enabled = false (custom)
2019-10-02 23:36:27,983 [25c78bb2-c497-4746-8d85-3a9b94dd6081@group-731D695FCCC7-LeaderElection70] INFO  impl.RoleInfo (RoleInfo.java:updateAndGet(143)) - 25c78bb2-c497-4746-8d85-3a9b94dd6081: start LeaderState
2019-10-02 23:36:27,983 [25c78bb2-c497-4746-8d85-3a9b94dd6081@group-731D695FCCC7-LeaderElection70] INFO  segmented.SegmentedRaftLogWorker (SegmentedRaftLogWorker.java:rollLogSegment(390)) - 25c78bb2-c497-4746-8d85-3a9b94dd6081@group-731D695FCCC7-SegmentedRaftLogWorker: Rolling segment log-0_2 to index:2
2019-10-02 23:36:27,984 [25c78bb2-c497-4746-8d85-3a9b94dd6081@group-731D695FCCC7-LeaderElection70] INFO  impl.RaftServerImpl (ServerState.java:setRaftConf(356)) - 25c78bb2-c497-4746-8d85-3a9b94dd6081@group-731D695FCCC7: set configuration 3: [30b0be8c-71ff-4116-afb6-f748fb20f5ee:192.168.30.26:33800, 25c78bb2-c497-4746-8d85-3a9b94dd6081:192.168.30.26:38283, 628122ac-3d25-4fe8-a384-95955f297fb8:192.168.30.26:43569], old=null at 3
2019-10-02 23:36:27,985 [25c78bb2-c497-4746-8d85-3a9b94dd6081@group-731D695FCCC7-SegmentedRaftLogWorker] INFO  segmented.SegmentedRaftLogWorker (SegmentedRaftLogWorker.java:execute(531)) - 25c78bb2-c497-4746-8d85-3a9b94dd6081@group-731D695FCCC7-SegmentedRaftLogWorker: Rolled log segment from /workdir/hadoop-ozone/integration-test/target/test-dir/MiniOzoneClusterImpl-f1f4c3ff-5d54-4c76-9e3b-ad485f195bfe/datanode-1/data/ratis/3ca14881-58df-4e6c-9896-731d695fccc7/current/log_inprogress_0 to /workdir/hadoop-ozone/integration-test/target/test-dir/MiniOzoneClusterImpl-f1f4c3ff-5d54-4c76-9e3b-ad485f195bfe/datanode-1/data/ratis/3ca14881-58df-4e6c-9896-731d695fccc7/current/log_0-2
2019-10-02 23:36:27,985 [grpc-default-executor-4] WARN  server.GrpcLogAppender (LogUtils.java:warn(134)) - 25c78bb2-c497-4746-8d85-3a9b94dd6081@group-731D695FCCC7->628122ac-3d25-4fe8-a384-95955f297fb8-AppendLogResponseHandler: Failed appendEntries: org.apache.ratis.thirdparty.io.grpc.StatusRuntimeException: UNAVAILABLE: io exception
2019-10-02 23:36:27,986 [grpc-default-executor-4] INFO  impl.FollowerInfo (FollowerInfo.java:lambda$new$0(51)) - 25c78bb2-c497-4746-8d85-3a9b94dd6081@group-731D695FCCC7->628122ac-3d25-4fe8-a384-95955f297fb8: nextIndex: updateUnconditionally 3 -> 1
2019-10-02 23:36:27,986 [grpc-default-executor-6] INFO  impl.RaftServerImpl (ServerState.java:setLeader(255)) - 30b0be8c-71ff-4116-afb6-f748fb20f5ee@group-731D695FCCC7: change Leader from null to 25c78bb2-c497-4746-8d85-3a9b94dd6081 at term 2 for appendEntries, leader elected after 30ms
2019-10-02 23:36:27,989 [grpc-default-executor-6] INFO  impl.RaftServerImpl (ServerState.java:setRaftConf(356)) - 30b0be8c-71ff-4116-afb6-f748fb20f5ee@group-731D695FCCC7: set configuration 3: [30b0be8c-71ff-4116-afb6-f748fb20f5ee:192.168.30.26:33800, 25c78bb2-c497-4746-8d85-3a9b94dd6081:192.168.30.26:38283, 628122ac-3d25-4fe8-a384-95955f297fb8:192.168.30.26:43569], old=null at 3
2019-10-02 23:36:27,989 [grpc-default-executor-6] INFO  segmented.SegmentedRaftLogWorker (SegmentedRaftLogWorker.java:rollLogSegment(390)) - 30b0be8c-71ff-4116-afb6-f748fb20f5ee@group-731D695FCCC7-SegmentedRaftLogWorker: Rolling segment log-0_2 to index:2
2019-10-02 23:36:27,990 [30b0be8c-71ff-4116-afb6-f748fb20f5ee@group-731D695FCCC7-SegmentedRaftLogWorker] INFO  segmented.SegmentedRaftLogWorker (SegmentedRaftLogWorker.java:execute(531)) - 30b0be8c-71ff-4116-afb6-f748fb20f5ee@group-731D695FCCC7-SegmentedRaftLogWorker: Rolled log segment from /workdir/hadoop-ozone/integration-test/target/test-dir/MiniOzoneClusterImpl-f1f4c3ff-5d54-4c76-9e3b-ad485f195bfe/datanode-4/data/ratis/3ca14881-58df-4e6c-9896-731d695fccc7/current/log_inprogress_0 to /workdir/hadoop-ozone/integration-test/target/test-dir/MiniOzoneClusterImpl-f1f4c3ff-5d54-4c76-9e3b-ad485f195bfe/datanode-4/data/ratis/3ca14881-58df-4e6c-9896-731d695fccc7/current/log_0-2
2019-10-02 23:36:28,043 [25c78bb2-c497-4746-8d85-3a9b94dd6081@group-731D695FCCC7-SegmentedRaftLogWorker] INFO  segmented.SegmentedRaftLogWorker (SegmentedRaftLogWorker.java:execute(574)) - 25c78bb2-c497-4746-8d85-3a9b94dd6081@group-731D695FCCC7-SegmentedRaftLogWorker: created new log segment /workdir/hadoop-ozone/integration-test/target/test-dir/MiniOzoneClusterImpl-f1f4c3ff-5d54-4c76-9e3b-ad485f195bfe/datanode-1/data/ratis/3ca14881-58df-4e6c-9896-731d695fccc7/current/log_inprogress_3
2019-10-02 23:36:28,043 [30b0be8c-71ff-4116-afb6-f748fb20f5ee@group-731D695FCCC7-SegmentedRaftLogWorker] INFO  segmented.SegmentedRaftLogWorker (SegmentedRaftLogWorker.java:execute(574)) - 30b0be8c-71ff-4116-afb6-f748fb20f5ee@group-731D695FCCC7-SegmentedRaftLogWorker: created new log segment /workdir/hadoop-ozone/integration-test/target/test-dir/MiniOzoneClusterImpl-f1f4c3ff-5d54-4c76-9e3b-ad485f195bfe/datanode-4/data/ratis/3ca14881-58df-4e6c-9896-731d695fccc7/current/log_inprogress_3
2019-10-02 23:36:28,051 [grpc-default-executor-1] WARN  server.GrpcLogAppender (LogUtils.java:warn(134)) - 25c78bb2-c497-4746-8d85-3a9b94dd6081@group-731D695FCCC7->628122ac-3d25-4fe8-a384-95955f297fb8-AppendLogResponseHandler: Failed appendEntries: org.apache.ratis.thirdparty.io.grpc.StatusRuntimeException: UNAVAILABLE: io exception
2019-10-02 23:36:28,052 [grpc-default-executor-1] INFO  impl.FollowerInfo (FollowerInfo.java:lambda$new$0(51)) - 25c78bb2-c497-4746-8d85-3a9b94dd6081@group-731D695FCCC7->628122ac-3d25-4fe8-a384-95955f297fb8: nextIndex: updateUnconditionally 2 -> 1
2019-10-02 23:36:28,056 [grpc-default-executor-4] WARN  server.GrpcLogAppender (LogUtils.java:warn(134)) - 25c78bb2-c497-4746-8d85-3a9b94dd6081@group-731D695FCCC7->628122ac-3d25-4fe8-a384-95955f297fb8-AppendLogResponseHandler: Failed appendEntries: org.apache.ratis.thirdparty.io.grpc.StatusRuntimeException: UNAVAILABLE: io exception
2019-10-02 23:36:28,057 [grpc-default-executor-4] INFO  impl.FollowerInfo (FollowerInfo.java:lambda$new$0(51)) - 25c78bb2-c497-4746-8d85-3a9b94dd6081@group-731D695FCCC7->628122ac-3d25-4fe8-a384-95955f297fb8: nextIndex: updateUnconditionally 2 -> 1
2019-10-02 23:36:28,199 [grpc-default-executor-6] WARN  server.GrpcLogAppender (LogUtils.java:warn(134)) - 25c78bb2-c497-4746-8d85-3a9b94dd6081@group-731D695FCCC7->628122ac-3d25-4fe8-a384-95955f297fb8-AppendLogResponseHandler: Failed appendEntries: org.apache.ratis.thirdparty.io.grpc.StatusRuntimeException: UNAVAILABLE: io exception
2019-10-02 23:36:28,200 [grpc-default-executor-6] INFO  impl.FollowerInfo (FollowerInfo.java:lambda$new$0(51)) - 25c78bb2-c497-4746-8d85-3a9b94dd6081@group-731D695FCCC7->628122ac-3d25-4fe8-a384-95955f297fb8: nextIndex: updateUnconditionally 2 -> 1
2019-10-02 23:36:28,211 [grpc-default-executor-4] WARN  server.GrpcLogAppender (LogUtils.java:warn(134)) - 25c78bb2-c497-4746-8d85-3a9b94dd6081@group-731D695FCCC7->628122ac-3d25-4fe8-a384-95955f297fb8-AppendLogResponseHandler: Failed appendEntries: org.apache.ratis.thirdparty.io.grpc.StatusRuntimeException: UNAVAILABLE: io exception
2019-10-02 23:36:28,212 [grpc-default-executor-4] INFO  impl.FollowerInfo (FollowerInfo.java:lambda$new$0(51)) - 25c78bb2-c497-4746-8d85-3a9b94dd6081@group-731D695FCCC7->628122ac-3d25-4fe8-a384-95955f297fb8: nextIndex: updateUnconditionally 2 -> 1
2019-10-02 23:36:28,236 [grpc-default-executor-1] WARN  server.GrpcLogAppender (LogUtils.java:warn(134)) - 25c78bb2-c497-4746-8d85-3a9b94dd6081@group-731D695FCCC7->628122ac-3d25-4fe8-a384-95955f297fb8-AppendLogResponseHandler: Failed appendEntries: org.apache.ratis.thirdparty.io.grpc.StatusRuntimeException: UNAVAILABLE: io exception
2019-10-02 23:36:28,236 [grpc-default-executor-1] INFO  impl.FollowerInfo (FollowerInfo.java:lambda$new$0(51)) - 25c78bb2-c497-4746-8d85-3a9b94dd6081@group-731D695FCCC7->628122ac-3d25-4fe8-a384-95955f297fb8: nextIndex: updateUnconditionally 2 -> 1
2019-10-02 23:36:28,247 [EventQueue-IncrementalContainerReportForIncrementalContainerReportHandler] WARN  container.IncrementalContainerReportHandler (AbstractContainerReportHandler.java:updateContainerState(143)) - Container #1 is in OPEN state, but the datanode 25c78bb2-c497-4746-8d85-3a9b94dd6081{ip: 192.168.30.26, host: pr-hdds-2228-s7bqq-3240520643, networkLocation: /default-rack, certSerialId: null} reports an CLOSING replica.
2019-10-02 23:36:28,267 [EventQueue-IncrementalContainerReportForIncrementalContainerReportHandler] WARN  container.IncrementalContainerReportHandler (AbstractContainerReportHandler.java:updateContainerState(143)) - Container #1 is in OPEN state, but the datanode 30b0be8c-71ff-4116-afb6-f748fb20f5ee{ip: 192.168.30.26, host: pr-hdds-2228-s7bqq-3240520643, networkLocation: /default-rack, certSerialId: null} reports an CLOSING replica.
2019-10-02 23:36:28,346 [RatisApplyTransactionExecutor 1] INFO  interfaces.Container (KeyValueContainer.java:flushAndSyncDB(386)) - Container 1 is synced with bcsId 0.
2019-10-02 23:36:28,420 [RatisApplyTransactionExecutor 1] INFO  interfaces.Container (KeyValueContainer.java:flushAndSyncDB(386)) - Container 1 is synced with bcsId 0.
2019-10-02 23:36:28,431 [RatisApplyTransactionExecutor 1] INFO  interfaces.Container (KeyValueContainer.java:flushAndSyncDB(386)) - Container 1 is synced with bcsId 0.
2019-10-02 23:36:28,431 [RatisApplyTransactionExecutor 1] INFO  interfaces.Container (KeyValueContainer.java:flushAndSyncDB(386)) - Container 1 is synced with bcsId 0.
2019-10-02 23:36:28,457 [RatisApplyTransactionExecutor 1] INFO  interfaces.Container (KeyValueContainer.java:close(335)) - Container 1 is closed with bcsId 0.
2019-10-02 23:36:28,457 [RatisApplyTransactionExecutor 1] INFO  interfaces.Container (KeyValueContainer.java:close(335)) - Container 1 is closed with bcsId 0.
2019-10-02 23:36:28,462 [EventQueue-IncrementalContainerReportForIncrementalContainerReportHandler] WARN  container.IncrementalContainerReportHandler (AbstractContainerReportHandler.java:updateContainerState(143)) - Container #1 is in OPEN state, but the datanode 30b0be8c-71ff-4116-afb6-f748fb20f5ee{ip: 192.168.30.26, host: pr-hdds-2228-s7bqq-3240520643, networkLocation: /default-rack, certSerialId: null} reports an CLOSED replica.
2019-10-02 23:36:28,462 [EventQueue-IncrementalContainerReportForIncrementalContainerReportHandler] WARN  container.IncrementalContainerReportHandler (AbstractContainerReportHandler.java:updateContainerState(143)) - Container #1 is in OPEN state, but the datanode 25c78bb2-c497-4746-8d85-3a9b94dd6081{ip: 192.168.30.26, host: pr-hdds-2228-s7bqq-3240520643, networkLocation: /default-rack, certSerialId: null} reports an CLOSED replica.
2019-10-02 23:36:30,739 [grpc-default-executor-4] WARN  server.GrpcLogAppender (LogUtils.java:warn(134)) - 25c78bb2-c497-4746-8d85-3a9b94dd6081@group-731D695FCCC7->628122ac-3d25-4fe8-a384-95955f297fb8-AppendLogResponseHandler: Failed appendEntries: org.apache.ratis.thirdparty.io.grpc.StatusRuntimeException: UNAVAILABLE: io exception
2019-10-02 23:36:30,740 [grpc-default-executor-4] INFO  impl.FollowerInfo (FollowerInfo.java:lambda$new$0(51)) - 25c78bb2-c497-4746-8d85-3a9b94dd6081@group-731D695FCCC7->628122ac-3d25-4fe8-a384-95955f297fb8: nextIndex: updateUnconditionally 1 -> 0
2019-10-02 23:36:31,464 [main] WARN  scm.XceiverClientRatis (XceiverClientRatis.java:watchForCommit(292)) - 3 way commit failed on pipeline Pipeline[ Id: 3ca14881-58df-4e6c-9896-731d695fccc7, Nodes: 628122ac-3d25-4fe8-a384-95955f297fb8{ip: 192.168.30.26, host: pr-hdds-2228-s7bqq-3240520643, networkLocation: /default-rack, certSerialId: null}30b0be8c-71ff-4116-afb6-f748fb20f5ee{ip: 192.168.30.26, host: pr-hdds-2228-s7bqq-3240520643, networkLocation: /default-rack, certSerialId: null}25c78bb2-c497-4746-8d85-3a9b94dd6081{ip: 192.168.30.26, host: pr-hdds-2228-s7bqq-3240520643, networkLocation: /default-rack, certSerialId: null}, Type:RATIS, Factor:THREE, State:OPEN]
java.util.concurrent.TimeoutException
	at java.util.concurrent.CompletableFuture.timedGet(CompletableFuture.java:1771)
	at java.util.concurrent.CompletableFuture.get(CompletableFuture.java:1915)
	at org.apache.hadoop.hdds.scm.XceiverClientRatis.watchForCommit(XceiverClientRatis.java:289)
	at org.apache.hadoop.ozone.client.rpc.TestWatchForCommit.test2WayCommitForTimeoutException(TestWatchForCommit.java:391)
	at sun.reflect.NativeMethodAccessorImpl.invoke0(Native Method)
	at sun.reflect.NativeMethodAccessorImpl.invoke(NativeMethodAccessorImpl.java:62)
	at sun.reflect.DelegatingMethodAccessorImpl.invoke(DelegatingMethodAccessorImpl.java:43)
	at java.lang.reflect.Method.invoke(Method.java:498)
	at org.junit.runners.model.FrameworkMethod$1.runReflectiveCall(FrameworkMethod.java:47)
	at org.junit.internal.runners.model.ReflectiveCallable.run(ReflectiveCallable.java:12)
	at org.junit.runners.model.FrameworkMethod.invokeExplosively(FrameworkMethod.java:44)
	at org.junit.internal.runners.statements.InvokeMethod.evaluate(InvokeMethod.java:17)
	at org.junit.runners.ParentRunner.runLeaf(ParentRunner.java:271)
	at org.junit.runners.BlockJUnit4ClassRunner.runChild(BlockJUnit4ClassRunner.java:70)
	at org.junit.runners.BlockJUnit4ClassRunner.runChild(BlockJUnit4ClassRunner.java:50)
	at org.junit.runners.ParentRunner$3.run(ParentRunner.java:238)
	at org.junit.runners.ParentRunner$1.schedule(ParentRunner.java:63)
	at org.junit.runners.ParentRunner.runChildren(ParentRunner.java:236)
	at org.junit.runners.ParentRunner.access$000(ParentRunner.java:53)
	at org.junit.runners.ParentRunner$2.evaluate(ParentRunner.java:229)
	at org.junit.runners.ParentRunner.run(ParentRunner.java:309)
	at org.apache.maven.surefire.junit4.JUnit4Provider.execute(JUnit4Provider.java:365)
	at org.apache.maven.surefire.junit4.JUnit4Provider.executeWithRerun(JUnit4Provider.java:273)
	at org.apache.maven.surefire.junit4.JUnit4Provider.executeTestSet(JUnit4Provider.java:238)
	at org.apache.maven.surefire.junit4.JUnit4Provider.invoke(JUnit4Provider.java:159)
	at org.apache.maven.surefire.booter.ForkedBooter.invokeProviderInSameClassLoader(ForkedBooter.java:384)
	at org.apache.maven.surefire.booter.ForkedBooter.runSuitesInProcess(ForkedBooter.java:345)
	at org.apache.maven.surefire.booter.ForkedBooter.execute(ForkedBooter.java:126)
	at org.apache.maven.surefire.booter.ForkedBooter.main(ForkedBooter.java:418)
2019-10-02 23:36:33,241 [grpc-default-executor-4] WARN  server.GrpcLogAppender (LogUtils.java:warn(134)) - 25c78bb2-c497-4746-8d85-3a9b94dd6081@group-731D695FCCC7->628122ac-3d25-4fe8-a384-95955f297fb8-AppendLogResponseHandler: Failed appendEntries: org.apache.ratis.thirdparty.io.grpc.StatusRuntimeException: UNAVAILABLE: io exception
2019-10-02 23:36:33,242 [grpc-default-executor-4] INFO  impl.FollowerInfo (FollowerInfo.java:lambda$new$0(51)) - 25c78bb2-c497-4746-8d85-3a9b94dd6081@group-731D695FCCC7->628122ac-3d25-4fe8-a384-95955f297fb8: nextIndex: updateUnconditionally 0 -> 0
]]></system-out>
  </testcase>
</testsuite>