<?xml version="1.0" encoding="UTF-8"?>
<testsuite xmlns:xsi="http://www.w3.org/2001/XMLSchema-instance" xsi:noNamespaceSchemaLocation="https://maven.apache.org/surefire/maven-surefire-plugin/xsd/surefire-test-report.xsd" name="org.apache.hadoop.ozone.client.rpc.TestWatchForCommit" time="223.915" tests="5" errors="1" skipped="0" failures="1">
  <properties>
    <property name="awt.toolkit" value="sun.awt.X11.XToolkit"/>
    <property name="file.encoding.pkg" value="sun.io"/>
    <property name="java.specification.version" value="1.8"/>
    <property name="sun.cpu.isalist" value=""/>
    <property name="sun.jnu.encoding" value="UTF-8"/>
    <property name="java.class.path" value="/workdir/hadoop-ozone/integration-test/target/test-classes:/workdir/hadoop-ozone/integration-test/target/classes:/home/user/.m2/repository/org/apache/hadoop/hadoop-ozone-common/0.5.0-SNAPSHOT/hadoop-ozone-common-0.5.0-SNAPSHOT.jar:/home/user/.m2/repository/org/apache/commons/commons-compress/1.4.1/commons-compress-1.4.1.jar:/home/user/.m2/repository/org/tukaani/xz/1.0/xz-1.0.jar:/home/user/.m2/repository/org/apache/hadoop/hadoop-common/3.2.0/hadoop-common-3.2.0.jar:/home/user/.m2/repository/org/apache/hadoop/hadoop-hdfs/3.2.0/hadoop-hdfs-3.2.0.jar:/home/user/.m2/repository/org/apache/hadoop/hadoop-hdfs-client/3.2.0/hadoop-hdfs-client-3.2.0.jar:/home/user/.m2/repository/com/fasterxml/jackson/core/jackson-annotations/2.9.9/jackson-annotations-2.9.9.jar:/home/user/.m2/repository/org/apache/hadoop/hadoop-hdds-common/0.5.0-SNAPSHOT/hadoop-hdds-common-0.5.0-SNAPSHOT.jar:/home/user/.m2/repository/javax/annotation/javax.annotation-api/1.2/javax.annotation-api-1.2.jar:/home/user/.m2/repository/org/apache/ratis/ratis-server/0.5.0-201fc85-SNAPSHOT/ratis-server-0.5.0-201fc85-SNAPSHOT.jar:/home/user/.m2/repository/org/apache/ratis/ratis-thirdparty-misc/0.2.0/ratis-thirdparty-misc-0.2.0.jar:/home/user/.m2/repository/org/apache/ratis/ratis-proto/0.5.0-201fc85-SNAPSHOT/ratis-proto-0.5.0-201fc85-SNAPSHOT.jar:/home/user/.m2/repository/org/apache/ratis/ratis-common/0.5.0-201fc85-SNAPSHOT/ratis-common-0.5.0-201fc85-SNAPSHOT.jar:/home/user/.m2/repository/org/apache/ratis/ratis-client/0.5.0-201fc85-SNAPSHOT/ratis-client-0.5.0-201fc85-SNAPSHOT.jar:/home/user/.m2/repository/org/apache/ratis/ratis-metrics/0.5.0-201fc85-SNAPSHOT/ratis-metrics-0.5.0-201fc85-SNAPSHOT.jar:/home/user/.m2/repository/com/github/joshelser/dropwizard-metrics-hadoop-metrics2-reporter/0.1.2/dropwizard-metrics-hadoop-metrics2-reporter-0.1.2.jar:/home/user/.m2/repository/io/dropwizard/metrics/metrics-jvm/3.2.5/metrics-jvm-3.2.5.jar:/home/user/.m2/repository/io/dropwizard/metrics/metrics-ganglia/3.2.5/metrics-ganglia-3.2.5.jar:/home/user/.m2/repository/info/ganglia/gmetric4j/gmetric4j/1.0.7/gmetric4j-1.0.7.jar:/home/user/.m2/repository/org/apache/ratis/ratis-netty/0.5.0-201fc85-SNAPSHOT/ratis-netty-0.5.0-201fc85-SNAPSHOT.jar:/home/user/.m2/repository/org/apache/ratis/ratis-grpc/0.5.0-201fc85-SNAPSHOT/ratis-grpc-0.5.0-201fc85-SNAPSHOT.jar:/home/user/.m2/repository/org/rocksdb/rocksdbjni/6.0.1/rocksdbjni-6.0.1.jar:/home/user/.m2/repository/org/apache/logging/log4j/log4j-api/2.11.0/log4j-api-2.11.0.jar:/home/user/.m2/repository/org/apache/logging/log4j/log4j-core/2.11.0/log4j-core-2.11.0.jar:/home/user/.m2/repository/com/lmax/disruptor/3.4.2/disruptor-3.4.2.jar:/home/user/.m2/repository/org/apache/commons/commons-pool2/2.6.0/commons-pool2-2.6.0.jar:/home/user/.m2/repository/org/bouncycastle/bcpkix-jdk15on/1.60/bcpkix-jdk15on-1.60.jar:/home/user/.m2/repository/commons-validator/commons-validator/1.6/commons-validator-1.6.jar:/home/user/.m2/repository/commons-digester/commons-digester/1.8.1/commons-digester-1.8.1.jar:/home/user/.m2/repository/io/jaegertracing/jaeger-client/0.34.0/jaeger-client-0.34.0.jar:/home/user/.m2/repository/io/jaegertracing/jaeger-thrift/0.34.0/jaeger-thrift-0.34.0.jar:/home/user/.m2/repository/org/apache/thrift/libthrift/0.12.0/libthrift-0.12.0.jar:/home/user/.m2/repository/com/squareup/okhttp3/okhttp/3.9.0/okhttp-3.9.0.jar:/home/user/.m2/repository/com/squareup/okio/okio/1.13.0/okio-1.13.0.jar:/home/user/.m2/repository/io/jaegertracing/jaeger-core/0.34.0/jaeger-core-0.34.0.jar:/home/user/.m2/repository/io/jaegertracing/jaeger-tracerresolver/0.34.0/jaeger-tracerresolver-0.34.0.jar:/home/user/.m2/repository/io/opentracing/contrib/opentracing-tracerresolver/0.1.5/opentracing-tracerresolver-0.1.5.jar:/home/user/.m2/repository/io/opentracing/opentracing-util/0.31.0/opentracing-util-0.31.0.jar:/home/user/.m2/repository/io/opentracing/opentracing-api/0.31.0/opentracing-api-0.31.0.jar:/home/user/.m2/repository/io/opentracing/opentracing-noop/0.31.0/opentracing-noop-0.31.0.jar:/home/user/.m2/repository/org/apache/hadoop/hadoop-hdds-server-framework/0.5.0-SNAPSHOT/hadoop-hdds-server-framework-0.5.0-SNAPSHOT.jar:/home/user/.m2/repository/org/apache/hadoop/hadoop-hdds-container-service/0.5.0-SNAPSHOT/hadoop-hdds-container-service-0.5.0-SNAPSHOT.jar:/home/user/.m2/repository/org/apache/hadoop/hadoop-hdds-client/0.5.0-SNAPSHOT/hadoop-hdds-client-0.5.0-SNAPSHOT.jar:/home/user/.m2/repository/org/apache/hadoop/hadoop-hdds-tools/0.5.0-SNAPSHOT/hadoop-hdds-tools-0.5.0-SNAPSHOT.jar:/home/user/.m2/repository/org/apache/hadoop/hadoop-hdds-server-scm/0.5.0-SNAPSHOT/hadoop-hdds-server-scm-0.5.0-SNAPSHOT.jar:/home/user/.m2/repository/org/apache/hadoop/hadoop-hdds-docs/0.5.0-SNAPSHOT/hadoop-hdds-docs-0.5.0-SNAPSHOT.jar:/home/user/.m2/repository/io/dropwizard/metrics/metrics-core/3.2.4/metrics-core-3.2.4.jar:/home/user/.m2/repository/org/hamcrest/hamcrest-all/1.3/hamcrest-all-1.3.jar:/home/user/.m2/repository/org/bouncycastle/bcprov-jdk15on/1.60/bcprov-jdk15on-1.60.jar:/home/user/.m2/repository/info/picocli/picocli/3.9.6/picocli-3.9.6.jar:/home/user/.m2/repository/com/google/protobuf/protobuf-java/2.5.0/protobuf-java-2.5.0.jar:/home/user/.m2/repository/com/google/guava/guava/11.0.2/guava-11.0.2.jar:/home/user/.m2/repository/org/apache/hadoop/hadoop-ozone-ozone-manager/0.5.0-SNAPSHOT/hadoop-ozone-ozone-manager-0.5.0-SNAPSHOT.jar:/home/user/.m2/repository/org/apache/hadoop/hadoop-minikdc/3.2.0/hadoop-minikdc-3.2.0.jar:/home/user/.m2/repository/commons-io/commons-io/2.5/commons-io-2.5.jar:/home/user/.m2/repository/org/apache/kerby/kerb-simplekdc/1.0.1/kerb-simplekdc-1.0.1.jar:/home/user/.m2/repository/org/apache/kerby/kerb-client/1.0.1/kerb-client-1.0.1.jar:/home/user/.m2/repository/org/apache/kerby/kerby-config/1.0.1/kerby-config-1.0.1.jar:/home/user/.m2/repository/org/apache/kerby/kerb-core/1.0.1/kerb-core-1.0.1.jar:/home/user/.m2/repository/org/apache/kerby/kerby-pkix/1.0.1/kerby-pkix-1.0.1.jar:/home/user/.m2/repository/org/apache/kerby/kerby-asn1/1.0.1/kerby-asn1-1.0.1.jar:/home/user/.m2/repository/org/apache/kerby/kerby-util/1.0.1/kerby-util-1.0.1.jar:/home/user/.m2/repository/org/apache/kerby/kerb-common/1.0.1/kerb-common-1.0.1.jar:/home/user/.m2/repository/org/apache/kerby/kerb-crypto/1.0.1/kerb-crypto-1.0.1.jar:/home/user/.m2/repository/org/apache/kerby/kerb-util/1.0.1/kerb-util-1.0.1.jar:/home/user/.m2/repository/org/apache/kerby/token-provider/1.0.1/token-provider-1.0.1.jar:/home/user/.m2/repository/org/apache/kerby/kerb-admin/1.0.1/kerb-admin-1.0.1.jar:/home/user/.m2/repository/org/apache/kerby/kerb-server/1.0.1/kerb-server-1.0.1.jar:/home/user/.m2/repository/org/apache/kerby/kerb-identity/1.0.1/kerb-identity-1.0.1.jar:/home/user/.m2/repository/org/apache/kerby/kerby-xdr/1.0.1/kerby-xdr-1.0.1.jar:/home/user/.m2/repository/org/slf4j/slf4j-log4j12/1.7.25/slf4j-log4j12-1.7.25.jar:/home/user/.m2/repository/org/apache/hadoop/hadoop-ozone-s3gateway/0.5.0-SNAPSHOT/hadoop-ozone-s3gateway-0.5.0-SNAPSHOT.jar:/home/user/.m2/repository/org/jboss/weld/servlet/weld-servlet/2.4.7.Final/weld-servlet-2.4.7.Final.jar:/home/user/.m2/repository/org/glassfish/jersey/containers/jersey-container-servlet-core/2.27/jersey-container-servlet-core-2.27.jar:/home/user/.m2/repository/org/glassfish/hk2/external/javax.inject/2.5.0-b42/javax.inject-2.5.0-b42.jar:/home/user/.m2/repository/org/glassfish/jersey/core/jersey-common/2.27/jersey-common-2.27.jar:/home/user/.m2/repository/org/glassfish/hk2/osgi-resource-locator/1.0.1/osgi-resource-locator-1.0.1.jar:/home/user/.m2/repository/javax/ws/rs/javax.ws.rs-api/2.1/javax.ws.rs-api-2.1.jar:/home/user/.m2/repository/org/glassfish/jersey/ext/cdi/jersey-cdi1x/2.27/jersey-cdi1x-2.27.jar:/home/user/.m2/repository/org/glassfish/jersey/inject/jersey-hk2/2.27/jersey-hk2-2.27.jar:/home/user/.m2/repository/org/glassfish/hk2/hk2-locator/2.5.0-b42/hk2-locator-2.5.0-b42.jar:/home/user/.m2/repository/org/javassist/javassist/3.22.0-CR2/javassist-3.22.0-CR2.jar:/home/user/.m2/repository/org/glassfish/hk2/hk2-api/2.5.0/hk2-api-2.5.0.jar:/home/user/.m2/repository/org/glassfish/hk2/external/jakarta.inject/2.5.0/jakarta.inject-2.5.0.jar:/home/user/.m2/repository/org/glassfish/hk2/hk2-utils/2.5.0/hk2-utils-2.5.0.jar:/home/user/.m2/repository/jakarta/annotation/jakarta.annotation-api/1.3.4/jakarta.annotation-api-1.3.4.jar:/home/user/.m2/repository/org/glassfish/hk2/external/aopalliance-repackaged/2.5.0/aopalliance-repackaged-2.5.0.jar:/home/user/.m2/repository/com/fasterxml/jackson/dataformat/jackson-dataformat-xml/2.9.0/jackson-dataformat-xml-2.9.0.jar:/home/user/.m2/repository/com/fasterxml/jackson/core/jackson-core/2.9.9/jackson-core-2.9.9.jar:/home/user/.m2/repository/com/fasterxml/jackson/module/jackson-module-jaxb-annotations/2.9.9/jackson-module-jaxb-annotations-2.9.9.jar:/home/user/.m2/repository/javax/enterprise/cdi-api/1.2/cdi-api-1.2.jar:/home/user/.m2/repository/javax/el/javax.el-api/3.0.0/javax.el-api-3.0.0.jar:/home/user/.m2/repository/javax/interceptor/javax.interceptor-api/1.2/javax.interceptor-api-1.2.jar:/home/user/.m2/repository/javax/inject/javax.inject/1/javax.inject-1.jar:/home/user/.m2/repository/com/sun/xml/bind/jaxb-impl/2.3.0.1/jaxb-impl-2.3.0.1.jar:/home/user/.m2/repository/com/sun/xml/bind/jaxb-core/2.3.0.1/jaxb-core-2.3.0.1.jar:/home/user/.m2/repository/javax/xml/bind/jaxb-api/2.3.0/jaxb-api-2.3.0.jar:/home/user/.m2/repository/javax/activation/activation/1.1.1/activation-1.1.1.jar:/home/user/.m2/repository/org/apache/hadoop/hadoop-ozone-csi/0.5.0-SNAPSHOT/hadoop-ozone-csi-0.5.0-SNAPSHOT.jar:/home/user/.m2/repository/com/google/protobuf/protobuf-java-util/3.5.1/protobuf-java-util-3.5.1.jar:/home/user/.m2/repository/org/apache/hadoop/hadoop-hdds-config/0.5.0-SNAPSHOT/hadoop-hdds-config-0.5.0-SNAPSHOT.jar:/home/user/.m2/repository/io/grpc/grpc-netty/1.17.1/grpc-netty-1.17.1.jar:/home/user/.m2/repository/io/grpc/grpc-core/1.17.1/grpc-core-1.17.1.jar:/home/user/.m2/repository/io/grpc/grpc-context/1.17.1/grpc-context-1.17.1.jar:/home/user/.m2/repository/com/google/errorprone/error_prone_annotations/2.2.0/error_prone_annotations-2.2.0.jar:/home/user/.m2/repository/org/codehaus/mojo/animal-sniffer-annotations/1.17/animal-sniffer-annotations-1.17.jar:/home/user/.m2/repository/io/opencensus/opencensus-api/0.17.0/opencensus-api-0.17.0.jar:/home/user/.m2/repository/io/opencensus/opencensus-contrib-grpc-metrics/0.17.0/opencensus-contrib-grpc-metrics-0.17.0.jar:/home/user/.m2/repository/io/netty/netty-codec-http2/4.1.30.Final/netty-codec-http2-4.1.30.Final.jar:/home/user/.m2/repository/io/netty/netty-codec-http/4.1.30.Final/netty-codec-http-4.1.30.Final.jar:/home/user/.m2/repository/io/netty/netty-codec/4.1.30.Final/netty-codec-4.1.30.Final.jar:/home/user/.m2/repository/io/netty/netty-handler/4.1.30.Final/netty-handler-4.1.30.Final.jar:/home/user/.m2/repository/io/netty/netty-handler-proxy/4.1.30.Final/netty-handler-proxy-4.1.30.Final.jar:/home/user/.m2/repository/io/netty/netty-codec-socks/4.1.30.Final/netty-codec-socks-4.1.30.Final.jar:/home/user/.m2/repository/io/netty/netty-transport-native-epoll/4.1.30.Final/netty-transport-native-epoll-4.1.30.Final.jar:/home/user/.m2/repository/io/netty/netty-common/4.1.30.Final/netty-common-4.1.30.Final.jar:/home/user/.m2/repository/io/netty/netty-buffer/4.1.30.Final/netty-buffer-4.1.30.Final.jar:/home/user/.m2/repository/io/netty/netty-transport/4.1.30.Final/netty-transport-4.1.30.Final.jar:/home/user/.m2/repository/io/netty/netty-resolver/4.1.30.Final/netty-resolver-4.1.30.Final.jar:/home/user/.m2/repository/io/netty/netty-transport-native-unix-common/4.1.30.Final/netty-transport-native-unix-common-4.1.30.Final.jar:/home/user/.m2/repository/io/grpc/grpc-protobuf/1.17.1/grpc-protobuf-1.17.1.jar:/home/user/.m2/repository/com/google/api/grpc/proto-google-common-protos/1.0.0/proto-google-common-protos-1.0.0.jar:/home/user/.m2/repository/io/grpc/grpc-protobuf-lite/1.17.1/grpc-protobuf-lite-1.17.1.jar:/home/user/.m2/repository/io/grpc/grpc-stub/1.17.1/grpc-stub-1.17.1.jar:/home/user/.m2/repository/org/apache/hadoop/hadoop-ozone-recon/0.5.0-SNAPSHOT/hadoop-ozone-recon-0.5.0-SNAPSHOT.jar:/home/user/.m2/repository/org/apache/hadoop/hadoop-ozone-reconcodegen/0.5.0-SNAPSHOT/hadoop-ozone-reconcodegen-0.5.0-SNAPSHOT.jar:/home/user/.m2/repository/com/google/inject/extensions/guice-multibindings/4.0/guice-multibindings-4.0.jar:/home/user/.m2/repository/com/google/inject/guice/4.0/guice-4.0.jar:/home/user/.m2/repository/aopalliance/aopalliance/1.0/aopalliance-1.0.jar:/home/user/.m2/repository/com/google/inject/extensions/guice-servlet/4.0/guice-servlet-4.0.jar:/home/user/.m2/repository/org/glassfish/jersey/containers/jersey-container-servlet/2.27/jersey-container-servlet-2.27.jar:/home/user/.m2/repository/org/glassfish/hk2/guice-bridge/2.5.0/guice-bridge-2.5.0.jar:/home/user/.m2/repository/org/glassfish/jersey/core/jersey-server/2.27/jersey-server-2.27.jar:/home/user/.m2/repository/org/glassfish/jersey/core/jersey-client/2.27/jersey-client-2.27.jar:/home/user/.m2/repository/org/glassfish/jersey/media/jersey-media-jaxb/2.27/jersey-media-jaxb-2.27.jar:/home/user/.m2/repository/javax/validation/validation-api/1.1.0.Final/validation-api-1.1.0.Final.jar:/home/user/.m2/repository/org/glassfish/jersey/media/jersey-media-json-jackson/2.27/jersey-media-json-jackson-2.27.jar:/home/user/.m2/repository/org/glassfish/jersey/ext/jersey-entity-filtering/2.27/jersey-entity-filtering-2.27.jar:/home/user/.m2/repository/com/google/inject/extensions/guice-assistedinject/4.0/guice-assistedinject-4.0.jar:/home/user/.m2/repository/org/jooq/jooq/3.11.10/jooq-3.11.10.jar:/home/user/.m2/repository/org/jooq/jooq-meta/3.11.10/jooq-meta-3.11.10.jar:/home/user/.m2/repository/org/jooq/jooq-codegen/3.11.10/jooq-codegen-3.11.10.jar:/home/user/.m2/repository/com/jolbox/bonecp/0.8.0.RELEASE/bonecp-0.8.0.RELEASE.jar:/home/user/.m2/repository/org/xerial/sqlite-jdbc/3.25.2/sqlite-jdbc-3.25.2.jar:/home/user/.m2/repository/org/springframework/spring-jdbc/5.1.3.RELEASE/spring-jdbc-5.1.3.RELEASE.jar:/home/user/.m2/repository/org/springframework/spring-beans/5.1.3.RELEASE/spring-beans-5.1.3.RELEASE.jar:/home/user/.m2/repository/org/springframework/spring-core/5.1.3.RELEASE/spring-core-5.1.3.RELEASE.jar:/home/user/.m2/repository/org/springframework/spring-jcl/5.1.3.RELEASE/spring-jcl-5.1.3.RELEASE.jar:/home/user/.m2/repository/org/springframework/spring-tx/5.1.3.RELEASE/spring-tx-5.1.3.RELEASE.jar:/home/user/.m2/repository/org/apache/hadoop/hadoop-ozone-client/0.5.0-SNAPSHOT/hadoop-ozone-client-0.5.0-SNAPSHOT.jar:/home/user/.m2/repository/commons-lang/commons-lang/2.6/commons-lang-2.6.jar:/home/user/.m2/repository/org/apache/hadoop/hadoop-ozone-ozone-manager/0.5.0-SNAPSHOT/hadoop-ozone-ozone-manager-0.5.0-SNAPSHOT-tests.jar:/home/user/.m2/repository/junit/junit/4.11/junit-4.11.jar:/home/user/.m2/repository/org/hamcrest/hamcrest-core/1.3/hamcrest-core-1.3.jar:/home/user/.m2/repository/org/openjdk/jmh/jmh-core/1.19/jmh-core-1.19.jar:/home/user/.m2/repository/net/sf/jopt-simple/jopt-simple/4.6/jopt-simple-4.6.jar:/home/user/.m2/repository/org/apache/commons/commons-math3/3.1.1/commons-math3-3.1.1.jar:/home/user/.m2/repository/org/openjdk/jmh/jmh-generator-annprocess/1.19/jmh-generator-annprocess-1.19.jar:/home/user/.m2/repository/org/mockito/mockito-all/1.8.5/mockito-all-1.8.5.jar:/home/user/.m2/repository/org/apache/hadoop/hadoop-kms/3.2.0/hadoop-kms-3.2.0.jar:/home/user/.m2/repository/org/apache/hadoop/hadoop-auth/3.2.0/hadoop-auth-3.2.0.jar:/home/user/.m2/repository/com/nimbusds/nimbus-jose-jwt/4.41.1/nimbus-jose-jwt-4.41.1.jar:/home/user/.m2/repository/com/github/stephenc/jcip/jcip-annotations/1.0-1/jcip-annotations-1.0-1.jar:/home/user/.m2/repository/net/minidev/json-smart/2.3/json-smart-2.3.jar:/home/user/.m2/repository/net/minidev/accessors-smart/1.2/accessors-smart-1.2.jar:/home/user/.m2/repository/org/ow2/asm/asm/5.0.4/asm-5.0.4.jar:/home/user/.m2/repository/org/apache/curator/curator-framework/2.12.0/curator-framework-2.12.0.jar:/home/user/.m2/repository/com/sun/jersey/jersey-core/1.19/jersey-core-1.19.jar:/home/user/.m2/repository/javax/ws/rs/jsr311-api/1.1.1/jsr311-api-1.1.1.jar:/home/user/.m2/repository/com/sun/jersey/jersey-server/1.19/jersey-server-1.19.jar:/home/user/.m2/repository/javax/servlet/javax.servlet-api/3.1.0/javax.servlet-api-3.1.0.jar:/home/user/.m2/repository/org/eclipse/jetty/jetty-server/9.3.25.v20180904/jetty-server-9.3.25.v20180904.jar:/home/user/.m2/repository/org/eclipse/jetty/jetty-http/9.3.25.v20180904/jetty-http-9.3.25.v20180904.jar:/home/user/.m2/repository/org/eclipse/jetty/jetty-io/9.3.25.v20180904/jetty-io-9.3.25.v20180904.jar:/home/user/.m2/repository/org/eclipse/jetty/jetty-webapp/9.3.25.v20180904/jetty-webapp-9.3.25.v20180904.jar:/home/user/.m2/repository/org/eclipse/jetty/jetty-xml/9.3.25.v20180904/jetty-xml-9.3.25.v20180904.jar:/home/user/.m2/repository/log4j/log4j/1.2.17/log4j-1.2.17.jar:/home/user/.m2/repository/org/slf4j/slf4j-api/1.7.25/slf4j-api-1.7.25.jar:/home/user/.m2/repository/org/slf4j/jul-to-slf4j/1.7.25/jul-to-slf4j-1.7.25.jar:/home/user/.m2/repository/org/eclipse/jetty/jetty-util/9.3.25.v20180904/jetty-util-9.3.25.v20180904.jar:/home/user/.m2/repository/com/fasterxml/jackson/core/jackson-databind/2.9.9/jackson-databind-2.9.9.jar:/home/user/.m2/repository/org/apache/hadoop/hadoop-kms/3.2.0/hadoop-kms-3.2.0-tests.jar:/home/user/.m2/repository/org/apache/hadoop/hadoop-hdds-server-scm/0.5.0-SNAPSHOT/hadoop-hdds-server-scm-0.5.0-SNAPSHOT-tests.jar:/home/user/.m2/repository/org/apache/hadoop/hadoop-hdds-container-service/0.5.0-SNAPSHOT/hadoop-hdds-container-service-0.5.0-SNAPSHOT-tests.jar:/home/user/.m2/repository/org/yaml/snakeyaml/1.16/snakeyaml-1.16.jar:/home/user/.m2/repository/org/apache/hadoop/hadoop-common/3.2.0/hadoop-common-3.2.0-tests.jar:/home/user/.m2/repository/org/apache/hadoop/hadoop-annotations/3.2.0/hadoop-annotations-3.2.0.jar:/usr/lib/jvm/java-1.8-openjdk/jre/../lib/tools.jar:/home/user/.m2/repository/commons-cli/commons-cli/1.2/commons-cli-1.2.jar:/home/user/.m2/repository/org/apache/httpcomponents/httpclient/4.5.2/httpclient-4.5.2.jar:/home/user/.m2/repository/org/apache/httpcomponents/httpcore/4.4.4/httpcore-4.4.4.jar:/home/user/.m2/repository/commons-codec/commons-codec/1.11/commons-codec-1.11.jar:/home/user/.m2/repository/commons-net/commons-net/3.6/commons-net-3.6.jar:/home/user/.m2/repository/commons-collections/commons-collections/3.2.2/commons-collections-3.2.2.jar:/home/user/.m2/repository/org/eclipse/jetty/jetty-servlet/9.3.25.v20180904/jetty-servlet-9.3.25.v20180904.jar:/home/user/.m2/repository/org/eclipse/jetty/jetty-security/9.3.25.v20180904/jetty-security-9.3.25.v20180904.jar:/home/user/.m2/repository/javax/servlet/jsp/jsp-api/2.1/jsp-api-2.1.jar:/home/user/.m2/repository/com/sun/jersey/jersey-servlet/1.19/jersey-servlet-1.19.jar:/home/user/.m2/repository/com/sun/jersey/jersey-json/1.19/jersey-json-1.19.jar:/home/user/.m2/repository/org/codehaus/jettison/jettison/1.1/jettison-1.1.jar:/home/user/.m2/repository/org/codehaus/jackson/jackson-core-asl/1.9.13/jackson-core-asl-1.9.13.jar:/home/user/.m2/repository/org/codehaus/jackson/jackson-mapper-asl/1.9.13/jackson-mapper-asl-1.9.13.jar:/home/user/.m2/repository/org/codehaus/jackson/jackson-jaxrs/1.9.13/jackson-jaxrs-1.9.13.jar:/home/user/.m2/repository/org/codehaus/jackson/jackson-xc/1.9.13/jackson-xc-1.9.13.jar:/home/user/.m2/repository/commons-logging/commons-logging/1.1.3/commons-logging-1.1.3.jar:/home/user/.m2/repository/commons-beanutils/commons-beanutils/1.9.4/commons-beanutils-1.9.4.jar:/home/user/.m2/repository/org/apache/commons/commons-configuration2/2.1.1/commons-configuration2-2.1.1.jar:/home/user/.m2/repository/org/apache/commons/commons-lang3/3.7/commons-lang3-3.7.jar:/home/user/.m2/repository/org/apache/commons/commons-text/1.4/commons-text-1.4.jar:/home/user/.m2/repository/org/apache/avro/avro/1.7.7/avro-1.7.7.jar:/home/user/.m2/repository/com/thoughtworks/paranamer/paranamer/2.3/paranamer-2.3.jar:/home/user/.m2/repository/org/xerial/snappy/snappy-java/1.0.5/snappy-java-1.0.5.jar:/home/user/.m2/repository/com/google/re2j/re2j/1.1/re2j-1.1.jar:/home/user/.m2/repository/com/google/code/gson/gson/2.2.4/gson-2.2.4.jar:/home/user/.m2/repository/com/jcraft/jsch/0.1.54/jsch-0.1.54.jar:/home/user/.m2/repository/org/apache/curator/curator-client/2.12.0/curator-client-2.12.0.jar:/home/user/.m2/repository/org/apache/curator/curator-recipes/2.12.0/curator-recipes-2.12.0.jar:/home/user/.m2/repository/com/google/code/findbugs/jsr305/3.0.0/jsr305-3.0.0.jar:/home/user/.m2/repository/org/apache/htrace/htrace-core4/4.1.0-incubating/htrace-core4-4.1.0-incubating.jar:/home/user/.m2/repository/org/apache/zookeeper/zookeeper/3.4.13/zookeeper-3.4.13.jar:/home/user/.m2/repository/jline/jline/0.9.94/jline-0.9.94.jar:/home/user/.m2/repository/org/apache/yetus/audience-annotations/0.5.0/audience-annotations-0.5.0.jar:/home/user/.m2/repository/org/codehaus/woodstox/stax2-api/3.1.4/stax2-api-3.1.4.jar:/home/user/.m2/repository/com/fasterxml/woodstox/woodstox-core/5.0.3/woodstox-core-5.0.3.jar:/home/user/.m2/repository/dnsjava/dnsjava/2.1.7/dnsjava-2.1.7.jar:/home/user/.m2/repository/org/apache/hadoop/hadoop-hdfs/3.2.0/hadoop-hdfs-3.2.0-tests.jar:/home/user/.m2/repository/org/eclipse/jetty/jetty-util-ajax/9.3.25.v20180904/jetty-util-ajax-9.3.25.v20180904.jar:/home/user/.m2/repository/commons-daemon/commons-daemon/1.0.13/commons-daemon-1.0.13.jar:/home/user/.m2/repository/io/netty/netty/3.10.5.Final/netty-3.10.5.Final.jar:/home/user/.m2/repository/io/netty/netty-all/4.0.52.Final/netty-all-4.0.52.Final.jar:/home/user/.m2/repository/org/fusesource/leveldbjni/leveldbjni-all/1.8/leveldbjni-all-1.8.jar:"/>
    <property name="java.vm.vendor" value="IcedTea"/>
    <property name="sun.arch.data.model" value="64"/>
    <property name="test.build.dir" value="/workdir/hadoop-ozone/integration-test/target/test-dir"/>
    <property name="test.cache.data" value=""/>
    <property name="java.vendor.url" value="https://icedtea.classpath.org"/>
    <property name="user.timezone" value=""/>
    <property name="java.vm.specification.version" value="1.8"/>
    <property name="os.name" value="Linux"/>
    <property name="test.build.data" value="/workdir/hadoop-ozone/integration-test/target/test-dir"/>
    <property name="user.country" value="US"/>
    <property name="sun.java.launcher" value="SUN_STANDARD"/>
    <property name="sun.boot.library.path" value="/usr/lib/jvm/java-1.8-openjdk/jre/lib/amd64"/>
    <property name="sun.java.command" value="/workdir/hadoop-ozone/integration-test/target/surefire/surefirebooter1982922418598954497.jar /workdir/hadoop-ozone/integration-test/target/surefire 2019-10-04T18-57-19_561-jvmRun1 surefire3738179247688744662tmp surefire_622842379083732341769tmp"/>
    <property name="test" value="!TestMiniChaosOzoneCluster"/>
    <property name="surefire.test.class.path" value="/workdir/hadoop-ozone/integration-test/target/test-classes:/workdir/hadoop-ozone/integration-test/target/classes:/home/user/.m2/repository/org/apache/hadoop/hadoop-ozone-common/0.5.0-SNAPSHOT/hadoop-ozone-common-0.5.0-SNAPSHOT.jar:/home/user/.m2/repository/org/apache/commons/commons-compress/1.4.1/commons-compress-1.4.1.jar:/home/user/.m2/repository/org/tukaani/xz/1.0/xz-1.0.jar:/home/user/.m2/repository/org/apache/hadoop/hadoop-common/3.2.0/hadoop-common-3.2.0.jar:/home/user/.m2/repository/org/apache/hadoop/hadoop-hdfs/3.2.0/hadoop-hdfs-3.2.0.jar:/home/user/.m2/repository/org/apache/hadoop/hadoop-hdfs-client/3.2.0/hadoop-hdfs-client-3.2.0.jar:/home/user/.m2/repository/com/fasterxml/jackson/core/jackson-annotations/2.9.9/jackson-annotations-2.9.9.jar:/home/user/.m2/repository/org/apache/hadoop/hadoop-hdds-common/0.5.0-SNAPSHOT/hadoop-hdds-common-0.5.0-SNAPSHOT.jar:/home/user/.m2/repository/javax/annotation/javax.annotation-api/1.2/javax.annotation-api-1.2.jar:/home/user/.m2/repository/org/apache/ratis/ratis-server/0.5.0-201fc85-SNAPSHOT/ratis-server-0.5.0-201fc85-SNAPSHOT.jar:/home/user/.m2/repository/org/apache/ratis/ratis-thirdparty-misc/0.2.0/ratis-thirdparty-misc-0.2.0.jar:/home/user/.m2/repository/org/apache/ratis/ratis-proto/0.5.0-201fc85-SNAPSHOT/ratis-proto-0.5.0-201fc85-SNAPSHOT.jar:/home/user/.m2/repository/org/apache/ratis/ratis-common/0.5.0-201fc85-SNAPSHOT/ratis-common-0.5.0-201fc85-SNAPSHOT.jar:/home/user/.m2/repository/org/apache/ratis/ratis-client/0.5.0-201fc85-SNAPSHOT/ratis-client-0.5.0-201fc85-SNAPSHOT.jar:/home/user/.m2/repository/org/apache/ratis/ratis-metrics/0.5.0-201fc85-SNAPSHOT/ratis-metrics-0.5.0-201fc85-SNAPSHOT.jar:/home/user/.m2/repository/com/github/joshelser/dropwizard-metrics-hadoop-metrics2-reporter/0.1.2/dropwizard-metrics-hadoop-metrics2-reporter-0.1.2.jar:/home/user/.m2/repository/io/dropwizard/metrics/metrics-jvm/3.2.5/metrics-jvm-3.2.5.jar:/home/user/.m2/repository/io/dropwizard/metrics/metrics-ganglia/3.2.5/metrics-ganglia-3.2.5.jar:/home/user/.m2/repository/info/ganglia/gmetric4j/gmetric4j/1.0.7/gmetric4j-1.0.7.jar:/home/user/.m2/repository/org/apache/ratis/ratis-netty/0.5.0-201fc85-SNAPSHOT/ratis-netty-0.5.0-201fc85-SNAPSHOT.jar:/home/user/.m2/repository/org/apache/ratis/ratis-grpc/0.5.0-201fc85-SNAPSHOT/ratis-grpc-0.5.0-201fc85-SNAPSHOT.jar:/home/user/.m2/repository/org/rocksdb/rocksdbjni/6.0.1/rocksdbjni-6.0.1.jar:/home/user/.m2/repository/org/apache/logging/log4j/log4j-api/2.11.0/log4j-api-2.11.0.jar:/home/user/.m2/repository/org/apache/logging/log4j/log4j-core/2.11.0/log4j-core-2.11.0.jar:/home/user/.m2/repository/com/lmax/disruptor/3.4.2/disruptor-3.4.2.jar:/home/user/.m2/repository/org/apache/commons/commons-pool2/2.6.0/commons-pool2-2.6.0.jar:/home/user/.m2/repository/org/bouncycastle/bcpkix-jdk15on/1.60/bcpkix-jdk15on-1.60.jar:/home/user/.m2/repository/commons-validator/commons-validator/1.6/commons-validator-1.6.jar:/home/user/.m2/repository/commons-digester/commons-digester/1.8.1/commons-digester-1.8.1.jar:/home/user/.m2/repository/io/jaegertracing/jaeger-client/0.34.0/jaeger-client-0.34.0.jar:/home/user/.m2/repository/io/jaegertracing/jaeger-thrift/0.34.0/jaeger-thrift-0.34.0.jar:/home/user/.m2/repository/org/apache/thrift/libthrift/0.12.0/libthrift-0.12.0.jar:/home/user/.m2/repository/com/squareup/okhttp3/okhttp/3.9.0/okhttp-3.9.0.jar:/home/user/.m2/repository/com/squareup/okio/okio/1.13.0/okio-1.13.0.jar:/home/user/.m2/repository/io/jaegertracing/jaeger-core/0.34.0/jaeger-core-0.34.0.jar:/home/user/.m2/repository/io/jaegertracing/jaeger-tracerresolver/0.34.0/jaeger-tracerresolver-0.34.0.jar:/home/user/.m2/repository/io/opentracing/contrib/opentracing-tracerresolver/0.1.5/opentracing-tracerresolver-0.1.5.jar:/home/user/.m2/repository/io/opentracing/opentracing-util/0.31.0/opentracing-util-0.31.0.jar:/home/user/.m2/repository/io/opentracing/opentracing-api/0.31.0/opentracing-api-0.31.0.jar:/home/user/.m2/repository/io/opentracing/opentracing-noop/0.31.0/opentracing-noop-0.31.0.jar:/home/user/.m2/repository/org/apache/hadoop/hadoop-hdds-server-framework/0.5.0-SNAPSHOT/hadoop-hdds-server-framework-0.5.0-SNAPSHOT.jar:/home/user/.m2/repository/org/apache/hadoop/hadoop-hdds-container-service/0.5.0-SNAPSHOT/hadoop-hdds-container-service-0.5.0-SNAPSHOT.jar:/home/user/.m2/repository/org/apache/hadoop/hadoop-hdds-client/0.5.0-SNAPSHOT/hadoop-hdds-client-0.5.0-SNAPSHOT.jar:/home/user/.m2/repository/org/apache/hadoop/hadoop-hdds-tools/0.5.0-SNAPSHOT/hadoop-hdds-tools-0.5.0-SNAPSHOT.jar:/home/user/.m2/repository/org/apache/hadoop/hadoop-hdds-server-scm/0.5.0-SNAPSHOT/hadoop-hdds-server-scm-0.5.0-SNAPSHOT.jar:/home/user/.m2/repository/org/apache/hadoop/hadoop-hdds-docs/0.5.0-SNAPSHOT/hadoop-hdds-docs-0.5.0-SNAPSHOT.jar:/home/user/.m2/repository/io/dropwizard/metrics/metrics-core/3.2.4/metrics-core-3.2.4.jar:/home/user/.m2/repository/org/hamcrest/hamcrest-all/1.3/hamcrest-all-1.3.jar:/home/user/.m2/repository/org/bouncycastle/bcprov-jdk15on/1.60/bcprov-jdk15on-1.60.jar:/home/user/.m2/repository/info/picocli/picocli/3.9.6/picocli-3.9.6.jar:/home/user/.m2/repository/com/google/protobuf/protobuf-java/2.5.0/protobuf-java-2.5.0.jar:/home/user/.m2/repository/com/google/guava/guava/11.0.2/guava-11.0.2.jar:/home/user/.m2/repository/org/apache/hadoop/hadoop-ozone-ozone-manager/0.5.0-SNAPSHOT/hadoop-ozone-ozone-manager-0.5.0-SNAPSHOT.jar:/home/user/.m2/repository/org/apache/hadoop/hadoop-minikdc/3.2.0/hadoop-minikdc-3.2.0.jar:/home/user/.m2/repository/commons-io/commons-io/2.5/commons-io-2.5.jar:/home/user/.m2/repository/org/apache/kerby/kerb-simplekdc/1.0.1/kerb-simplekdc-1.0.1.jar:/home/user/.m2/repository/org/apache/kerby/kerb-client/1.0.1/kerb-client-1.0.1.jar:/home/user/.m2/repository/org/apache/kerby/kerby-config/1.0.1/kerby-config-1.0.1.jar:/home/user/.m2/repository/org/apache/kerby/kerb-core/1.0.1/kerb-core-1.0.1.jar:/home/user/.m2/repository/org/apache/kerby/kerby-pkix/1.0.1/kerby-pkix-1.0.1.jar:/home/user/.m2/repository/org/apache/kerby/kerby-asn1/1.0.1/kerby-asn1-1.0.1.jar:/home/user/.m2/repository/org/apache/kerby/kerby-util/1.0.1/kerby-util-1.0.1.jar:/home/user/.m2/repository/org/apache/kerby/kerb-common/1.0.1/kerb-common-1.0.1.jar:/home/user/.m2/repository/org/apache/kerby/kerb-crypto/1.0.1/kerb-crypto-1.0.1.jar:/home/user/.m2/repository/org/apache/kerby/kerb-util/1.0.1/kerb-util-1.0.1.jar:/home/user/.m2/repository/org/apache/kerby/token-provider/1.0.1/token-provider-1.0.1.jar:/home/user/.m2/repository/org/apache/kerby/kerb-admin/1.0.1/kerb-admin-1.0.1.jar:/home/user/.m2/repository/org/apache/kerby/kerb-server/1.0.1/kerb-server-1.0.1.jar:/home/user/.m2/repository/org/apache/kerby/kerb-identity/1.0.1/kerb-identity-1.0.1.jar:/home/user/.m2/repository/org/apache/kerby/kerby-xdr/1.0.1/kerby-xdr-1.0.1.jar:/home/user/.m2/repository/org/slf4j/slf4j-log4j12/1.7.25/slf4j-log4j12-1.7.25.jar:/home/user/.m2/repository/org/apache/hadoop/hadoop-ozone-s3gateway/0.5.0-SNAPSHOT/hadoop-ozone-s3gateway-0.5.0-SNAPSHOT.jar:/home/user/.m2/repository/org/jboss/weld/servlet/weld-servlet/2.4.7.Final/weld-servlet-2.4.7.Final.jar:/home/user/.m2/repository/org/glassfish/jersey/containers/jersey-container-servlet-core/2.27/jersey-container-servlet-core-2.27.jar:/home/user/.m2/repository/org/glassfish/hk2/external/javax.inject/2.5.0-b42/javax.inject-2.5.0-b42.jar:/home/user/.m2/repository/org/glassfish/jersey/core/jersey-common/2.27/jersey-common-2.27.jar:/home/user/.m2/repository/org/glassfish/hk2/osgi-resource-locator/1.0.1/osgi-resource-locator-1.0.1.jar:/home/user/.m2/repository/javax/ws/rs/javax.ws.rs-api/2.1/javax.ws.rs-api-2.1.jar:/home/user/.m2/repository/org/glassfish/jersey/ext/cdi/jersey-cdi1x/2.27/jersey-cdi1x-2.27.jar:/home/user/.m2/repository/org/glassfish/jersey/inject/jersey-hk2/2.27/jersey-hk2-2.27.jar:/home/user/.m2/repository/org/glassfish/hk2/hk2-locator/2.5.0-b42/hk2-locator-2.5.0-b42.jar:/home/user/.m2/repository/org/javassist/javassist/3.22.0-CR2/javassist-3.22.0-CR2.jar:/home/user/.m2/repository/org/glassfish/hk2/hk2-api/2.5.0/hk2-api-2.5.0.jar:/home/user/.m2/repository/org/glassfish/hk2/external/jakarta.inject/2.5.0/jakarta.inject-2.5.0.jar:/home/user/.m2/repository/org/glassfish/hk2/hk2-utils/2.5.0/hk2-utils-2.5.0.jar:/home/user/.m2/repository/jakarta/annotation/jakarta.annotation-api/1.3.4/jakarta.annotation-api-1.3.4.jar:/home/user/.m2/repository/org/glassfish/hk2/external/aopalliance-repackaged/2.5.0/aopalliance-repackaged-2.5.0.jar:/home/user/.m2/repository/com/fasterxml/jackson/dataformat/jackson-dataformat-xml/2.9.0/jackson-dataformat-xml-2.9.0.jar:/home/user/.m2/repository/com/fasterxml/jackson/core/jackson-core/2.9.9/jackson-core-2.9.9.jar:/home/user/.m2/repository/com/fasterxml/jackson/module/jackson-module-jaxb-annotations/2.9.9/jackson-module-jaxb-annotations-2.9.9.jar:/home/user/.m2/repository/javax/enterprise/cdi-api/1.2/cdi-api-1.2.jar:/home/user/.m2/repository/javax/el/javax.el-api/3.0.0/javax.el-api-3.0.0.jar:/home/user/.m2/repository/javax/interceptor/javax.interceptor-api/1.2/javax.interceptor-api-1.2.jar:/home/user/.m2/repository/javax/inject/javax.inject/1/javax.inject-1.jar:/home/user/.m2/repository/com/sun/xml/bind/jaxb-impl/2.3.0.1/jaxb-impl-2.3.0.1.jar:/home/user/.m2/repository/com/sun/xml/bind/jaxb-core/2.3.0.1/jaxb-core-2.3.0.1.jar:/home/user/.m2/repository/javax/xml/bind/jaxb-api/2.3.0/jaxb-api-2.3.0.jar:/home/user/.m2/repository/javax/activation/activation/1.1.1/activation-1.1.1.jar:/home/user/.m2/repository/org/apache/hadoop/hadoop-ozone-csi/0.5.0-SNAPSHOT/hadoop-ozone-csi-0.5.0-SNAPSHOT.jar:/home/user/.m2/repository/com/google/protobuf/protobuf-java-util/3.5.1/protobuf-java-util-3.5.1.jar:/home/user/.m2/repository/org/apache/hadoop/hadoop-hdds-config/0.5.0-SNAPSHOT/hadoop-hdds-config-0.5.0-SNAPSHOT.jar:/home/user/.m2/repository/io/grpc/grpc-netty/1.17.1/grpc-netty-1.17.1.jar:/home/user/.m2/repository/io/grpc/grpc-core/1.17.1/grpc-core-1.17.1.jar:/home/user/.m2/repository/io/grpc/grpc-context/1.17.1/grpc-context-1.17.1.jar:/home/user/.m2/repository/com/google/errorprone/error_prone_annotations/2.2.0/error_prone_annotations-2.2.0.jar:/home/user/.m2/repository/org/codehaus/mojo/animal-sniffer-annotations/1.17/animal-sniffer-annotations-1.17.jar:/home/user/.m2/repository/io/opencensus/opencensus-api/0.17.0/opencensus-api-0.17.0.jar:/home/user/.m2/repository/io/opencensus/opencensus-contrib-grpc-metrics/0.17.0/opencensus-contrib-grpc-metrics-0.17.0.jar:/home/user/.m2/repository/io/netty/netty-codec-http2/4.1.30.Final/netty-codec-http2-4.1.30.Final.jar:/home/user/.m2/repository/io/netty/netty-codec-http/4.1.30.Final/netty-codec-http-4.1.30.Final.jar:/home/user/.m2/repository/io/netty/netty-codec/4.1.30.Final/netty-codec-4.1.30.Final.jar:/home/user/.m2/repository/io/netty/netty-handler/4.1.30.Final/netty-handler-4.1.30.Final.jar:/home/user/.m2/repository/io/netty/netty-handler-proxy/4.1.30.Final/netty-handler-proxy-4.1.30.Final.jar:/home/user/.m2/repository/io/netty/netty-codec-socks/4.1.30.Final/netty-codec-socks-4.1.30.Final.jar:/home/user/.m2/repository/io/netty/netty-transport-native-epoll/4.1.30.Final/netty-transport-native-epoll-4.1.30.Final.jar:/home/user/.m2/repository/io/netty/netty-common/4.1.30.Final/netty-common-4.1.30.Final.jar:/home/user/.m2/repository/io/netty/netty-buffer/4.1.30.Final/netty-buffer-4.1.30.Final.jar:/home/user/.m2/repository/io/netty/netty-transport/4.1.30.Final/netty-transport-4.1.30.Final.jar:/home/user/.m2/repository/io/netty/netty-resolver/4.1.30.Final/netty-resolver-4.1.30.Final.jar:/home/user/.m2/repository/io/netty/netty-transport-native-unix-common/4.1.30.Final/netty-transport-native-unix-common-4.1.30.Final.jar:/home/user/.m2/repository/io/grpc/grpc-protobuf/1.17.1/grpc-protobuf-1.17.1.jar:/home/user/.m2/repository/com/google/api/grpc/proto-google-common-protos/1.0.0/proto-google-common-protos-1.0.0.jar:/home/user/.m2/repository/io/grpc/grpc-protobuf-lite/1.17.1/grpc-protobuf-lite-1.17.1.jar:/home/user/.m2/repository/io/grpc/grpc-stub/1.17.1/grpc-stub-1.17.1.jar:/home/user/.m2/repository/org/apache/hadoop/hadoop-ozone-recon/0.5.0-SNAPSHOT/hadoop-ozone-recon-0.5.0-SNAPSHOT.jar:/home/user/.m2/repository/org/apache/hadoop/hadoop-ozone-reconcodegen/0.5.0-SNAPSHOT/hadoop-ozone-reconcodegen-0.5.0-SNAPSHOT.jar:/home/user/.m2/repository/com/google/inject/extensions/guice-multibindings/4.0/guice-multibindings-4.0.jar:/home/user/.m2/repository/com/google/inject/guice/4.0/guice-4.0.jar:/home/user/.m2/repository/aopalliance/aopalliance/1.0/aopalliance-1.0.jar:/home/user/.m2/repository/com/google/inject/extensions/guice-servlet/4.0/guice-servlet-4.0.jar:/home/user/.m2/repository/org/glassfish/jersey/containers/jersey-container-servlet/2.27/jersey-container-servlet-2.27.jar:/home/user/.m2/repository/org/glassfish/hk2/guice-bridge/2.5.0/guice-bridge-2.5.0.jar:/home/user/.m2/repository/org/glassfish/jersey/core/jersey-server/2.27/jersey-server-2.27.jar:/home/user/.m2/repository/org/glassfish/jersey/core/jersey-client/2.27/jersey-client-2.27.jar:/home/user/.m2/repository/org/glassfish/jersey/media/jersey-media-jaxb/2.27/jersey-media-jaxb-2.27.jar:/home/user/.m2/repository/javax/validation/validation-api/1.1.0.Final/validation-api-1.1.0.Final.jar:/home/user/.m2/repository/org/glassfish/jersey/media/jersey-media-json-jackson/2.27/jersey-media-json-jackson-2.27.jar:/home/user/.m2/repository/org/glassfish/jersey/ext/jersey-entity-filtering/2.27/jersey-entity-filtering-2.27.jar:/home/user/.m2/repository/com/google/inject/extensions/guice-assistedinject/4.0/guice-assistedinject-4.0.jar:/home/user/.m2/repository/org/jooq/jooq/3.11.10/jooq-3.11.10.jar:/home/user/.m2/repository/org/jooq/jooq-meta/3.11.10/jooq-meta-3.11.10.jar:/home/user/.m2/repository/org/jooq/jooq-codegen/3.11.10/jooq-codegen-3.11.10.jar:/home/user/.m2/repository/com/jolbox/bonecp/0.8.0.RELEASE/bonecp-0.8.0.RELEASE.jar:/home/user/.m2/repository/org/xerial/sqlite-jdbc/3.25.2/sqlite-jdbc-3.25.2.jar:/home/user/.m2/repository/org/springframework/spring-jdbc/5.1.3.RELEASE/spring-jdbc-5.1.3.RELEASE.jar:/home/user/.m2/repository/org/springframework/spring-beans/5.1.3.RELEASE/spring-beans-5.1.3.RELEASE.jar:/home/user/.m2/repository/org/springframework/spring-core/5.1.3.RELEASE/spring-core-5.1.3.RELEASE.jar:/home/user/.m2/repository/org/springframework/spring-jcl/5.1.3.RELEASE/spring-jcl-5.1.3.RELEASE.jar:/home/user/.m2/repository/org/springframework/spring-tx/5.1.3.RELEASE/spring-tx-5.1.3.RELEASE.jar:/home/user/.m2/repository/org/apache/hadoop/hadoop-ozone-client/0.5.0-SNAPSHOT/hadoop-ozone-client-0.5.0-SNAPSHOT.jar:/home/user/.m2/repository/commons-lang/commons-lang/2.6/commons-lang-2.6.jar:/home/user/.m2/repository/org/apache/hadoop/hadoop-ozone-ozone-manager/0.5.0-SNAPSHOT/hadoop-ozone-ozone-manager-0.5.0-SNAPSHOT-tests.jar:/home/user/.m2/repository/junit/junit/4.11/junit-4.11.jar:/home/user/.m2/repository/org/hamcrest/hamcrest-core/1.3/hamcrest-core-1.3.jar:/home/user/.m2/repository/org/openjdk/jmh/jmh-core/1.19/jmh-core-1.19.jar:/home/user/.m2/repository/net/sf/jopt-simple/jopt-simple/4.6/jopt-simple-4.6.jar:/home/user/.m2/repository/org/apache/commons/commons-math3/3.1.1/commons-math3-3.1.1.jar:/home/user/.m2/repository/org/openjdk/jmh/jmh-generator-annprocess/1.19/jmh-generator-annprocess-1.19.jar:/home/user/.m2/repository/org/mockito/mockito-all/1.8.5/mockito-all-1.8.5.jar:/home/user/.m2/repository/org/apache/hadoop/hadoop-kms/3.2.0/hadoop-kms-3.2.0.jar:/home/user/.m2/repository/org/apache/hadoop/hadoop-auth/3.2.0/hadoop-auth-3.2.0.jar:/home/user/.m2/repository/com/nimbusds/nimbus-jose-jwt/4.41.1/nimbus-jose-jwt-4.41.1.jar:/home/user/.m2/repository/com/github/stephenc/jcip/jcip-annotations/1.0-1/jcip-annotations-1.0-1.jar:/home/user/.m2/repository/net/minidev/json-smart/2.3/json-smart-2.3.jar:/home/user/.m2/repository/net/minidev/accessors-smart/1.2/accessors-smart-1.2.jar:/home/user/.m2/repository/org/ow2/asm/asm/5.0.4/asm-5.0.4.jar:/home/user/.m2/repository/org/apache/curator/curator-framework/2.12.0/curator-framework-2.12.0.jar:/home/user/.m2/repository/com/sun/jersey/jersey-core/1.19/jersey-core-1.19.jar:/home/user/.m2/repository/javax/ws/rs/jsr311-api/1.1.1/jsr311-api-1.1.1.jar:/home/user/.m2/repository/com/sun/jersey/jersey-server/1.19/jersey-server-1.19.jar:/home/user/.m2/repository/javax/servlet/javax.servlet-api/3.1.0/javax.servlet-api-3.1.0.jar:/home/user/.m2/repository/org/eclipse/jetty/jetty-server/9.3.25.v20180904/jetty-server-9.3.25.v20180904.jar:/home/user/.m2/repository/org/eclipse/jetty/jetty-http/9.3.25.v20180904/jetty-http-9.3.25.v20180904.jar:/home/user/.m2/repository/org/eclipse/jetty/jetty-io/9.3.25.v20180904/jetty-io-9.3.25.v20180904.jar:/home/user/.m2/repository/org/eclipse/jetty/jetty-webapp/9.3.25.v20180904/jetty-webapp-9.3.25.v20180904.jar:/home/user/.m2/repository/org/eclipse/jetty/jetty-xml/9.3.25.v20180904/jetty-xml-9.3.25.v20180904.jar:/home/user/.m2/repository/log4j/log4j/1.2.17/log4j-1.2.17.jar:/home/user/.m2/repository/org/slf4j/slf4j-api/1.7.25/slf4j-api-1.7.25.jar:/home/user/.m2/repository/org/slf4j/jul-to-slf4j/1.7.25/jul-to-slf4j-1.7.25.jar:/home/user/.m2/repository/org/eclipse/jetty/jetty-util/9.3.25.v20180904/jetty-util-9.3.25.v20180904.jar:/home/user/.m2/repository/com/fasterxml/jackson/core/jackson-databind/2.9.9/jackson-databind-2.9.9.jar:/home/user/.m2/repository/org/apache/hadoop/hadoop-kms/3.2.0/hadoop-kms-3.2.0-tests.jar:/home/user/.m2/repository/org/apache/hadoop/hadoop-hdds-server-scm/0.5.0-SNAPSHOT/hadoop-hdds-server-scm-0.5.0-SNAPSHOT-tests.jar:/home/user/.m2/repository/org/apache/hadoop/hadoop-hdds-container-service/0.5.0-SNAPSHOT/hadoop-hdds-container-service-0.5.0-SNAPSHOT-tests.jar:/home/user/.m2/repository/org/yaml/snakeyaml/1.16/snakeyaml-1.16.jar:/home/user/.m2/repository/org/apache/hadoop/hadoop-common/3.2.0/hadoop-common-3.2.0-tests.jar:/home/user/.m2/repository/org/apache/hadoop/hadoop-annotations/3.2.0/hadoop-annotations-3.2.0.jar:/usr/lib/jvm/java-1.8-openjdk/jre/../lib/tools.jar:/home/user/.m2/repository/commons-cli/commons-cli/1.2/commons-cli-1.2.jar:/home/user/.m2/repository/org/apache/httpcomponents/httpclient/4.5.2/httpclient-4.5.2.jar:/home/user/.m2/repository/org/apache/httpcomponents/httpcore/4.4.4/httpcore-4.4.4.jar:/home/user/.m2/repository/commons-codec/commons-codec/1.11/commons-codec-1.11.jar:/home/user/.m2/repository/commons-net/commons-net/3.6/commons-net-3.6.jar:/home/user/.m2/repository/commons-collections/commons-collections/3.2.2/commons-collections-3.2.2.jar:/home/user/.m2/repository/org/eclipse/jetty/jetty-servlet/9.3.25.v20180904/jetty-servlet-9.3.25.v20180904.jar:/home/user/.m2/repository/org/eclipse/jetty/jetty-security/9.3.25.v20180904/jetty-security-9.3.25.v20180904.jar:/home/user/.m2/repository/javax/servlet/jsp/jsp-api/2.1/jsp-api-2.1.jar:/home/user/.m2/repository/com/sun/jersey/jersey-servlet/1.19/jersey-servlet-1.19.jar:/home/user/.m2/repository/com/sun/jersey/jersey-json/1.19/jersey-json-1.19.jar:/home/user/.m2/repository/org/codehaus/jettison/jettison/1.1/jettison-1.1.jar:/home/user/.m2/repository/org/codehaus/jackson/jackson-core-asl/1.9.13/jackson-core-asl-1.9.13.jar:/home/user/.m2/repository/org/codehaus/jackson/jackson-mapper-asl/1.9.13/jackson-mapper-asl-1.9.13.jar:/home/user/.m2/repository/org/codehaus/jackson/jackson-jaxrs/1.9.13/jackson-jaxrs-1.9.13.jar:/home/user/.m2/repository/org/codehaus/jackson/jackson-xc/1.9.13/jackson-xc-1.9.13.jar:/home/user/.m2/repository/commons-logging/commons-logging/1.1.3/commons-logging-1.1.3.jar:/home/user/.m2/repository/commons-beanutils/commons-beanutils/1.9.4/commons-beanutils-1.9.4.jar:/home/user/.m2/repository/org/apache/commons/commons-configuration2/2.1.1/commons-configuration2-2.1.1.jar:/home/user/.m2/repository/org/apache/commons/commons-lang3/3.7/commons-lang3-3.7.jar:/home/user/.m2/repository/org/apache/commons/commons-text/1.4/commons-text-1.4.jar:/home/user/.m2/repository/org/apache/avro/avro/1.7.7/avro-1.7.7.jar:/home/user/.m2/repository/com/thoughtworks/paranamer/paranamer/2.3/paranamer-2.3.jar:/home/user/.m2/repository/org/xerial/snappy/snappy-java/1.0.5/snappy-java-1.0.5.jar:/home/user/.m2/repository/com/google/re2j/re2j/1.1/re2j-1.1.jar:/home/user/.m2/repository/com/google/code/gson/gson/2.2.4/gson-2.2.4.jar:/home/user/.m2/repository/com/jcraft/jsch/0.1.54/jsch-0.1.54.jar:/home/user/.m2/repository/org/apache/curator/curator-client/2.12.0/curator-client-2.12.0.jar:/home/user/.m2/repository/org/apache/curator/curator-recipes/2.12.0/curator-recipes-2.12.0.jar:/home/user/.m2/repository/com/google/code/findbugs/jsr305/3.0.0/jsr305-3.0.0.jar:/home/user/.m2/repository/org/apache/htrace/htrace-core4/4.1.0-incubating/htrace-core4-4.1.0-incubating.jar:/home/user/.m2/repository/org/apache/zookeeper/zookeeper/3.4.13/zookeeper-3.4.13.jar:/home/user/.m2/repository/jline/jline/0.9.94/jline-0.9.94.jar:/home/user/.m2/repository/org/apache/yetus/audience-annotations/0.5.0/audience-annotations-0.5.0.jar:/home/user/.m2/repository/org/codehaus/woodstox/stax2-api/3.1.4/stax2-api-3.1.4.jar:/home/user/.m2/repository/com/fasterxml/woodstox/woodstox-core/5.0.3/woodstox-core-5.0.3.jar:/home/user/.m2/repository/dnsjava/dnsjava/2.1.7/dnsjava-2.1.7.jar:/home/user/.m2/repository/org/apache/hadoop/hadoop-hdfs/3.2.0/hadoop-hdfs-3.2.0-tests.jar:/home/user/.m2/repository/org/eclipse/jetty/jetty-util-ajax/9.3.25.v20180904/jetty-util-ajax-9.3.25.v20180904.jar:/home/user/.m2/repository/commons-daemon/commons-daemon/1.0.13/commons-daemon-1.0.13.jar:/home/user/.m2/repository/io/netty/netty/3.10.5.Final/netty-3.10.5.Final.jar:/home/user/.m2/repository/io/netty/netty-all/4.0.52.Final/netty-all-4.0.52.Final.jar:/home/user/.m2/repository/org/fusesource/leveldbjni/leveldbjni-all/1.8/leveldbjni-all-1.8.jar:"/>
    <property name="sun.cpu.endian" value="little"/>
    <property name="user.home" value="/home/user"/>
    <property name="user.language" value="en"/>
    <property name="java.specification.vendor" value="Oracle Corporation"/>
    <property name="java.home" value="/usr/lib/jvm/java-1.8-openjdk/jre"/>
    <property name="java.security.krb5.conf" value="/workdir/hadoop-ozone/integration-test/target/test-classes/krb5.conf"/>
    <property name="basedir" value="/workdir/hadoop-ozone/integration-test"/>
    <property name="file.separator" value="/"/>
    <property name="line.separator" value="&#10;"/>
    <property name="java.vm.specification.vendor" value="Oracle Corporation"/>
    <property name="java.specification.name" value="Java Platform API Specification"/>
    <property name="java.awt.graphicsenv" value="sun.awt.X11GraphicsEnvironment"/>
    <property name="surefire.real.class.path" value="/workdir/hadoop-ozone/integration-test/target/surefire/surefirebooter1982922418598954497.jar"/>
    <property name="hadoop.log.dir" value="/workdir/hadoop-ozone/integration-test/target/log"/>
    <property name="sun.boot.class.path" value="/usr/lib/jvm/java-1.8-openjdk/jre/lib/resources.jar:/usr/lib/jvm/java-1.8-openjdk/jre/lib/rt.jar:/usr/lib/jvm/java-1.8-openjdk/jre/lib/sunrsasign.jar:/usr/lib/jvm/java-1.8-openjdk/jre/lib/jsse.jar:/usr/lib/jvm/java-1.8-openjdk/jre/lib/jce.jar:/usr/lib/jvm/java-1.8-openjdk/jre/lib/charsets.jar:/usr/lib/jvm/java-1.8-openjdk/jre/lib/jfr.jar:/usr/lib/jvm/java-1.8-openjdk/jre/classes"/>
    <property name="sun.management.compiler" value="HotSpot 64-Bit Tiered Compilers"/>
    <property name="java.runtime.version" value="1.8.0_212-b04"/>
    <property name="java.net.preferIPv4Stack" value="true"/>
    <property name="user.name" value="jenkins1000"/>
    <property name="path.separator" value=":"/>
    <property name="java.security.egd" value="file:///dev/urandom"/>
    <property name="os.version" value="3.10.0-957.12.2.el7.x86_64"/>
    <property name="java.endorsed.dirs" value="/usr/lib/jvm/java-1.8-openjdk/jre/lib/endorsed"/>
    <property name="java.runtime.name" value="OpenJDK Runtime Environment"/>
    <property name="file.encoding" value="UTF-8"/>
    <property name="java.vm.name" value="OpenJDK 64-Bit Server VM"/>
    <property name="test.build.webapps" value=""/>
    <property name="localRepository" value="/home/user/.m2/repository"/>
    <property name="java.vendor.url.bug" value="https://icedtea.classpath.org/bugzilla"/>
    <property name="java.io.tmpdir" value="/tmp"/>
    <property name="require.test.libhadoop" value=""/>
    <property name="java.version" value="1.8.0_212"/>
    <property name="user.dir" value="/workdir/hadoop-ozone/integration-test"/>
    <property name="os.arch" value="amd64"/>
    <property name="java.vm.specification.name" value="Java Virtual Machine Specification"/>
    <property name="test.build.classes" value="/workdir/hadoop-ozone/integration-test/target/test-classes"/>
    <property name="java.awt.printerjob" value="sun.print.PSPrinterJob"/>
    <property name="sun.os.patch.level" value="unknown"/>
    <property name="hadoop.tmp.dir" value="/workdir/hadoop-ozone/integration-test/target/tmp"/>
    <property name="java.library.path" value="/usr/lib/jvm/java-1.8-openjdk/jre/lib/amd64/server:/usr/lib/jvm/java-1.8-openjdk/jre/lib/amd64:/usr/lib/jvm/java-1.8-openjdk/jre/../lib/amd64:/workdir/hadoop-ozone/integration-test/target/native/target/usr/local/lib:/workdir/hadoop-ozone/integration-test/../../hadoop-common-project/hadoop-common/target/native/target/usr/local/lib:/usr/java/packages/lib/amd64:/usr/lib64:/lib64:/lib:/usr/lib"/>
    <property name="java.vm.info" value="mixed mode"/>
    <property name="java.vendor" value="IcedTea"/>
    <property name="java.vm.version" value="25.212-b04"/>
    <property name="java.ext.dirs" value="/usr/lib/jvm/java-1.8-openjdk/jre/lib/ext:/usr/java/packages/lib/ext"/>
    <property name="sun.io.unicode.encoding" value="UnicodeLittle"/>
    <property name="java.class.version" value="52.0"/>
  </properties>
  <testcase name="testWatchForCommitWithKeyWrite" classname="org.apache.hadoop.ozone.client.rpc.TestWatchForCommit" time="60.246"/>
  <testcase name="testWatchForCommitWithSmallerTimeoutValue" classname="org.apache.hadoop.ozone.client.rpc.TestWatchForCommit" time="43.967"/>
  <testcase name="testWatchForCommitForRetryfailure" classname="org.apache.hadoop.ozone.client.rpc.TestWatchForCommit" time="61.873">
    <failure type="java.lang.AssertionError">java.lang.AssertionError
	at org.junit.Assert.fail(Assert.java:86)
	at org.junit.Assert.assertTrue(Assert.java:41)
	at org.junit.Assert.assertTrue(Assert.java:52)
	at org.apache.hadoop.ozone.client.rpc.TestWatchForCommit.testWatchForCommitForRetryfailure(TestWatchForCommit.java:348)
	at sun.reflect.NativeMethodAccessorImpl.invoke0(Native Method)
	at sun.reflect.NativeMethodAccessorImpl.invoke(NativeMethodAccessorImpl.java:62)
	at sun.reflect.DelegatingMethodAccessorImpl.invoke(DelegatingMethodAccessorImpl.java:43)
	at java.lang.reflect.Method.invoke(Method.java:498)
	at org.junit.runners.model.FrameworkMethod$1.runReflectiveCall(FrameworkMethod.java:47)
	at org.junit.internal.runners.model.ReflectiveCallable.run(ReflectiveCallable.java:12)
	at org.junit.runners.model.FrameworkMethod.invokeExplosively(FrameworkMethod.java:44)
	at org.junit.internal.runners.statements.InvokeMethod.evaluate(InvokeMethod.java:17)
	at org.junit.runners.ParentRunner.runLeaf(ParentRunner.java:271)
	at org.junit.runners.BlockJUnit4ClassRunner.runChild(BlockJUnit4ClassRunner.java:70)
	at org.junit.runners.BlockJUnit4ClassRunner.runChild(BlockJUnit4ClassRunner.java:50)
	at org.junit.runners.ParentRunner$3.run(ParentRunner.java:238)
	at org.junit.runners.ParentRunner$1.schedule(ParentRunner.java:63)
	at org.junit.runners.ParentRunner.runChildren(ParentRunner.java:236)
	at org.junit.runners.ParentRunner.access$000(ParentRunner.java:53)
	at org.junit.runners.ParentRunner$2.evaluate(ParentRunner.java:229)
	at org.junit.runners.ParentRunner.run(ParentRunner.java:309)
	at org.apache.maven.surefire.junit4.JUnit4Provider.execute(JUnit4Provider.java:365)
	at org.apache.maven.surefire.junit4.JUnit4Provider.executeWithRerun(JUnit4Provider.java:273)
	at org.apache.maven.surefire.junit4.JUnit4Provider.executeTestSet(JUnit4Provider.java:238)
	at org.apache.maven.surefire.junit4.JUnit4Provider.invoke(JUnit4Provider.java:159)
	at org.apache.maven.surefire.booter.ForkedBooter.invokeProviderInSameClassLoader(ForkedBooter.java:384)
	at org.apache.maven.surefire.booter.ForkedBooter.runSuitesInProcess(ForkedBooter.java:345)
	at org.apache.maven.surefire.booter.ForkedBooter.execute(ForkedBooter.java:126)
	at org.apache.maven.surefire.booter.ForkedBooter.main(ForkedBooter.java:418)
</failure>
    <system-out><![CDATA[2019-10-04 20:09:11,239 [main] WARN  server.ServerUtils (ServerUtils.java:getScmDbDir(145)) - ozone.scm.db.dirs is not configured. We recommend adding this setting. Falling back to ozone.metadata.dirs instead.
2019-10-04 20:09:11,264 [main] WARN  server.ServerUtils (ServerUtils.java:getScmDbDir(145)) - ozone.scm.db.dirs is not configured. We recommend adding this setting. Falling back to ozone.metadata.dirs instead.
2019-10-04 20:09:11,265 [main] WARN  server.ServerUtils (ServerUtils.java:getScmDbDir(145)) - ozone.scm.db.dirs is not configured. We recommend adding this setting. Falling back to ozone.metadata.dirs instead.
2019-10-04 20:09:11,265 [main] INFO  db.DBStoreBuilder (DBStoreBuilder.java:addTable(117)) - using custom profile for table: deletedBlocks
2019-10-04 20:09:11,266 [main] INFO  db.DBStoreBuilder (DBStoreBuilder.java:processTables(168)) - Using default column profile:DBProfile.DISK for Table:deletedBlocks
2019-10-04 20:09:11,266 [main] INFO  db.DBStoreBuilder (DBStoreBuilder.java:addTable(117)) - using custom profile for table: validCerts
2019-10-04 20:09:11,266 [main] INFO  db.DBStoreBuilder (DBStoreBuilder.java:processTables(168)) - Using default column profile:DBProfile.DISK for Table:validCerts
2019-10-04 20:09:11,266 [main] INFO  db.DBStoreBuilder (DBStoreBuilder.java:addTable(117)) - using custom profile for table: revokedCerts
2019-10-04 20:09:11,266 [main] INFO  db.DBStoreBuilder (DBStoreBuilder.java:processTables(168)) - Using default column profile:DBProfile.DISK for Table:revokedCerts
2019-10-04 20:09:11,267 [main] INFO  db.DBStoreBuilder (DBStoreBuilder.java:addTable(117)) - using custom profile for table: default
2019-10-04 20:09:11,267 [main] INFO  db.DBStoreBuilder (DBStoreBuilder.java:processTables(174)) - Using default column profile:DBProfile.DISK for Table:default
2019-10-04 20:09:11,267 [main] INFO  db.DBStoreBuilder (DBStoreBuilder.java:getDbProfile(205)) - Using default options. DBProfile.DISK
2019-10-04 20:09:11,523 [main] INFO  net.NodeSchemaLoader (NodeSchemaLoader.java:loadSchemaFromFile(125)) - Loading file from sun.misc.CompoundEnumeration@27e2287c
2019-10-04 20:09:11,523 [main] INFO  net.NodeSchemaLoader (NodeSchemaLoader.java:loadSchema(171)) - Loading network topology layer schema file
2019-10-04 20:09:11,527 [main] WARN  server.ServerUtils (ServerUtils.java:sanitizeUserArgs(70)) - ozone.scm.stale.node.interval value = 300000 is larger than max = 100000 based on the key value of ozone.scm.heartbeat.thread.interval, reset to the max value 100000.
2019-10-04 20:09:11,527 [main] WARN  server.ServerUtils (ServerUtils.java:sanitizeUserArgs(70)) - ozone.scm.stale.node.interval value = 300000 is larger than max = 100000 based on the key value of ozone.scm.heartbeat.thread.interval, reset to the max value 100000.
2019-10-04 20:09:11,528 [main] INFO  node.SCMNodeManager (SCMNodeManager.java:<init>(116)) - Entering startup safe mode.
2019-10-04 20:09:11,529 [main] INFO  algorithms.ContainerPlacementPolicyFactory (ContainerPlacementPolicyFactory.java:getPolicy(57)) - Create container placement policy of type org.apache.hadoop.hdds.scm.container.placement.algorithms.SCMContainerPlacementRandom
2019-10-04 20:09:11,529 [main] WARN  server.ServerUtils (ServerUtils.java:getScmDbDir(145)) - ozone.scm.db.dirs is not configured. We recommend adding this setting. Falling back to ozone.metadata.dirs instead.
2019-10-04 20:09:11,645 [main] INFO  pipeline.SCMPipelineManager (SCMPipelineManager.java:initializePipelineState(132)) - No pipeline exists in current db
2019-10-04 20:09:11,646 [main] WARN  server.ServerUtils (ServerUtils.java:getScmDbDir(145)) - ozone.scm.db.dirs is not configured. We recommend adding this setting. Falling back to ozone.metadata.dirs instead.
2019-10-04 20:09:11,782 [main] WARN  events.EventQueue (EventQueue.java:fireEvent(183)) - No event handler registered for event TypedEvent{payloadType=SafeModeStatus, name='SafeModeStatus'}
2019-10-04 20:09:11,783 [main] INFO  ipc.CallQueueManager (CallQueueManager.java:<init>(84)) - Using callQueue: class java.util.concurrent.LinkedBlockingQueue, queueCapacity: 2000, scheduler: class org.apache.hadoop.ipc.DefaultRpcScheduler, ipcBackoff: false.
2019-10-04 20:09:11,784 [Socket Reader #1 for port 36262] INFO  ipc.Server (Server.java:run(1074)) - Starting Socket Reader #1 for port 36262
2019-10-04 20:09:11,787 [main] INFO  ipc.CallQueueManager (CallQueueManager.java:<init>(84)) - Using callQueue: class java.util.concurrent.LinkedBlockingQueue, queueCapacity: 2000, scheduler: class org.apache.hadoop.ipc.DefaultRpcScheduler, ipcBackoff: false.
2019-10-04 20:09:11,787 [Socket Reader #1 for port 46233] INFO  ipc.Server (Server.java:run(1074)) - Starting Socket Reader #1 for port 46233
2019-10-04 20:09:11,789 [main] INFO  ipc.CallQueueManager (CallQueueManager.java:<init>(84)) - Using callQueue: class java.util.concurrent.LinkedBlockingQueue, queueCapacity: 2000, scheduler: class org.apache.hadoop.ipc.DefaultRpcScheduler, ipcBackoff: false.
2019-10-04 20:09:11,790 [Socket Reader #1 for port 35563] INFO  ipc.Server (Server.java:run(1074)) - Starting Socket Reader #1 for port 35563
2019-10-04 20:09:11,793 [main] INFO  hdfs.DFSUtil (DFSUtil.java:httpServerTemplateForNNAndJN(1641)) - Starting Web-server for scm at: http://0.0.0.0:0
2019-10-04 20:09:11,796 [main] INFO  server.AuthenticationFilter (AuthenticationFilter.java:constructSecretProvider(240)) - Unable to initialize FileSignerSecretProvider, falling back to use random secrets.
2019-10-04 20:09:11,797 [main] WARN  http.HttpRequestLog (HttpRequestLog.java:getRequestLog(97)) - Jetty request log can only be enabled using Log4j
2019-10-04 20:09:11,799 [main] INFO  http.HttpServer2 (HttpServer2.java:addGlobalFilter(975)) - Added global filter 'safety' (class=org.apache.hadoop.http.HttpServer2$QuotingInputFilter)
2019-10-04 20:09:11,800 [main] INFO  http.HttpServer2 (HttpServer2.java:addFilter(948)) - Added filter static_user_filter (class=org.apache.hadoop.http.lib.StaticUserWebFilter$StaticUserFilter) to context scm
2019-10-04 20:09:11,800 [main] INFO  http.HttpServer2 (HttpServer2.java:addFilter(958)) - Added filter static_user_filter (class=org.apache.hadoop.http.lib.StaticUserWebFilter$StaticUserFilter) to context static
2019-10-04 20:09:11,800 [main] INFO  http.HttpServer2 (HttpServer2.java:addFilter(958)) - Added filter static_user_filter (class=org.apache.hadoop.http.lib.StaticUserWebFilter$StaticUserFilter) to context logs
2019-10-04 20:09:11,803 [main] INFO  server.StorageContainerManager (StorageContainerManager.java:start(770)) - StorageContainerLocationProtocol RPC server is listening at /0.0.0.0:35563
2019-10-04 20:09:11,806 [main] WARN  impl.MetricsConfig (MetricsConfig.java:loadFirst(134)) - Cannot locate configuration: tried hadoop-metrics2-storagecontainermanager.properties,hadoop-metrics2.properties
2019-10-04 20:09:11,807 [main] INFO  impl.MetricsSystemImpl (MetricsSystemImpl.java:startTimer(374)) - Scheduled Metric snapshot period at 10 second(s).
2019-10-04 20:09:11,807 [main] INFO  impl.MetricsSystemImpl (MetricsSystemImpl.java:start(191)) - StorageContainerManager metrics system started
2019-10-04 20:09:11,850 [main] INFO  lib.Interns (Interns.java:removeEldestEntry(50)) - Metrics intern cache overflow at 2011 for MetricsSystem={MetricsSystem=MetricsInfoImpl{name=MetricsSystem, description=MetricsSystem}, MetricsSystem record=MetricsInfoImpl{name=MetricsSystem, description=MetricsSystem record}}
2019-10-04 20:09:11,867 [main] WARN  impl.MetricsSystemImpl (MetricsSystemImpl.java:register(276)) - Sink prometheus already exists!
2019-10-04 20:09:11,931 [main] INFO  server.SCMClientProtocolServer (SCMClientProtocolServer.java:start(159)) - RPC server for Client  is listening at /0.0.0.0:35563
2019-10-04 20:09:11,932 [IPC Server Responder] INFO  ipc.Server (Server.java:run(1314)) - IPC Server Responder: starting
2019-10-04 20:09:11,932 [IPC Server listener on 35563] INFO  ipc.Server (Server.java:run(1153)) - IPC Server listener on 35563: starting
2019-10-04 20:09:11,936 [main] INFO  server.StorageContainerManager (StorageContainerManager.java:start(780)) - ScmBlockLocationProtocol RPC server is listening at /0.0.0.0:46233
2019-10-04 20:09:11,936 [main] INFO  server.SCMBlockProtocolServer (SCMBlockProtocolServer.java:start(146)) - RPC server for Block Protocol is listening at /0.0.0.0:46233
2019-10-04 20:09:11,936 [IPC Server Responder] INFO  ipc.Server (Server.java:run(1314)) - IPC Server Responder: starting
2019-10-04 20:09:11,937 [IPC Server listener on 46233] INFO  ipc.Server (Server.java:run(1153)) - IPC Server listener on 46233: starting
2019-10-04 20:09:11,940 [main] INFO  server.StorageContainerManager (StorageContainerManager.java:start(784)) - ScmDatanodeProtocl RPC server is listening at /0.0.0.0:36262
2019-10-04 20:09:11,941 [main] INFO  server.SCMDatanodeProtocolServer (SCMDatanodeProtocolServer.java:start(169)) - RPC server for DataNodes is listening at /0.0.0.0:36262
2019-10-04 20:09:11,941 [IPC Server Responder] INFO  ipc.Server (Server.java:run(1314)) - IPC Server Responder: starting
2019-10-04 20:09:11,942 [IPC Server listener on 36262] INFO  ipc.Server (Server.java:run(1153)) - IPC Server listener on 36262: starting
2019-10-04 20:09:11,945 [main] INFO  http.HttpServer2 (HttpServer2.java:bindListener(1191)) - Jetty bound to port 36123
2019-10-04 20:09:11,945 [main] INFO  server.Server (Server.java:doStart(351)) - jetty-9.3.25.v20180904, build timestamp: 2018-09-04T21:11:46Z, git hash: 3ce520221d0240229c862b122d2b06c12a625732
2019-10-04 20:09:11,947 [main] INFO  handler.ContextHandler (ContextHandler.java:doStart(781)) - Started o.e.j.s.ServletContextHandler@52226e57{/logs,file:///workdir/hadoop-ozone/integration-test/target/log,AVAILABLE}
2019-10-04 20:09:11,948 [main] INFO  handler.ContextHandler (ContextHandler.java:doStart(781)) - Started o.e.j.s.ServletContextHandler@5fcd1c5f{/static,file:///workdir/hadoop-ozone/integration-test/target/test-classes/webapps/static,AVAILABLE}
2019-10-04 20:09:11,953 [main] INFO  handler.ContextHandler (ContextHandler.java:doStart(781)) - Started o.e.j.w.WebAppContext@1084ac45{/,file:///workdir/hadoop-ozone/integration-test/target/test-classes/webapps/scm/,AVAILABLE}{/scm}
2019-10-04 20:09:11,954 [main] INFO  server.AbstractConnector (AbstractConnector.java:doStart(278)) - Started ServerConnector@566f1852{HTTP/1.1,[http/1.1]}{0.0.0.0:36123}
2019-10-04 20:09:11,955 [main] INFO  server.Server (Server.java:doStart(419)) - Started @105360ms
2019-10-04 20:09:11,955 [main] WARN  impl.MetricsSystemImpl (MetricsSystemImpl.java:register(276)) - Sink prometheus already exists!
2019-10-04 20:09:11,957 [main] INFO  server.BaseHttpServer (BaseHttpServer.java:updateConnectorAddress(215)) - HTTP server of SCM is listening at http://0.0.0.0:36123
2019-10-04 20:09:11,958 [main] WARN  server.ServerUtils (ServerUtils.java:getDBPath(222)) - ozone.om.db.dirs is not configured. We recommend adding this setting. Falling back to ozone.metadata.dirs instead.
2019-10-04 20:09:11,959 [org.apache.hadoop.util.JvmPauseMonitor$Monitor@2e4389ed] INFO  util.JvmPauseMonitor (JvmPauseMonitor.java:run(188)) - Starting JVM pause monitor
2019-10-04 20:09:11,990 [main] INFO  ha.OMHANodeDetails (OMHANodeDetails.java:loadOMHAConfig(190)) - Configuration either no ozone.om.address set. Falling back to the default OM address /127.0.0.1:0
2019-10-04 20:09:11,991 [main] INFO  ha.OMHANodeDetails (OMHANodeDetails.java:getOMNodeDetails(220)) - OM Service ID is not set. Setting it to the default ID: omServiceIdDefault
2019-10-04 20:09:11,991 [main] WARN  server.ServerUtils (ServerUtils.java:getDBPath(222)) - ozone.om.db.dirs is not configured. We recommend adding this setting. Falling back to ozone.metadata.dirs instead.
2019-10-04 20:09:11,991 [main] WARN  server.ServerUtils (ServerUtils.java:getDBPath(222)) - ozone.om.db.dirs is not configured. We recommend adding this setting. Falling back to ozone.metadata.dirs instead.
2019-10-04 20:09:12,002 [main] WARN  server.ServerUtils (ServerUtils.java:getDBPath(222)) - ozone.om.db.dirs is not configured. We recommend adding this setting. Falling back to ozone.metadata.dirs instead.
2019-10-04 20:09:12,003 [main] INFO  db.DBStoreBuilder (DBStoreBuilder.java:addTable(117)) - using custom profile for table: userTable
2019-10-04 20:09:12,003 [main] INFO  db.DBStoreBuilder (DBStoreBuilder.java:processTables(168)) - Using default column profile:DBProfile.DISK for Table:userTable
2019-10-04 20:09:12,004 [main] INFO  db.DBStoreBuilder (DBStoreBuilder.java:addTable(117)) - using custom profile for table: volumeTable
2019-10-04 20:09:12,004 [main] INFO  db.DBStoreBuilder (DBStoreBuilder.java:processTables(168)) - Using default column profile:DBProfile.DISK for Table:volumeTable
2019-10-04 20:09:12,004 [main] INFO  db.DBStoreBuilder (DBStoreBuilder.java:addTable(117)) - using custom profile for table: bucketTable
2019-10-04 20:09:12,004 [main] INFO  db.DBStoreBuilder (DBStoreBuilder.java:processTables(168)) - Using default column profile:DBProfile.DISK for Table:bucketTable
2019-10-04 20:09:12,004 [main] INFO  db.DBStoreBuilder (DBStoreBuilder.java:addTable(117)) - using custom profile for table: keyTable
2019-10-04 20:09:12,005 [main] INFO  db.DBStoreBuilder (DBStoreBuilder.java:processTables(168)) - Using default column profile:DBProfile.DISK for Table:keyTable
2019-10-04 20:09:12,005 [main] INFO  db.DBStoreBuilder (DBStoreBuilder.java:addTable(117)) - using custom profile for table: deletedTable
2019-10-04 20:09:12,005 [main] INFO  db.DBStoreBuilder (DBStoreBuilder.java:processTables(168)) - Using default column profile:DBProfile.DISK for Table:deletedTable
2019-10-04 20:09:12,005 [main] INFO  db.DBStoreBuilder (DBStoreBuilder.java:addTable(117)) - using custom profile for table: openKeyTable
2019-10-04 20:09:12,005 [main] INFO  db.DBStoreBuilder (DBStoreBuilder.java:processTables(168)) - Using default column profile:DBProfile.DISK for Table:openKeyTable
2019-10-04 20:09:12,006 [main] INFO  db.DBStoreBuilder (DBStoreBuilder.java:addTable(117)) - using custom profile for table: s3Table
2019-10-04 20:09:12,006 [main] INFO  db.DBStoreBuilder (DBStoreBuilder.java:processTables(168)) - Using default column profile:DBProfile.DISK for Table:s3Table
2019-10-04 20:09:12,006 [main] INFO  db.DBStoreBuilder (DBStoreBuilder.java:addTable(117)) - using custom profile for table: multipartInfoTable
2019-10-04 20:09:12,006 [main] INFO  db.DBStoreBuilder (DBStoreBuilder.java:processTables(168)) - Using default column profile:DBProfile.DISK for Table:multipartInfoTable
2019-10-04 20:09:12,006 [main] INFO  db.DBStoreBuilder (DBStoreBuilder.java:addTable(117)) - using custom profile for table: dTokenTable
2019-10-04 20:09:12,007 [main] INFO  db.DBStoreBuilder (DBStoreBuilder.java:processTables(168)) - Using default column profile:DBProfile.DISK for Table:dTokenTable
2019-10-04 20:09:12,007 [main] INFO  db.DBStoreBuilder (DBStoreBuilder.java:addTable(117)) - using custom profile for table: s3SecretTable
2019-10-04 20:09:12,007 [main] INFO  db.DBStoreBuilder (DBStoreBuilder.java:processTables(168)) - Using default column profile:DBProfile.DISK for Table:s3SecretTable
2019-10-04 20:09:12,007 [main] INFO  db.DBStoreBuilder (DBStoreBuilder.java:addTable(117)) - using custom profile for table: prefixTable
2019-10-04 20:09:12,007 [main] INFO  db.DBStoreBuilder (DBStoreBuilder.java:processTables(168)) - Using default column profile:DBProfile.DISK for Table:prefixTable
2019-10-04 20:09:12,008 [main] INFO  db.DBStoreBuilder (DBStoreBuilder.java:addTable(117)) - using custom profile for table: default
2019-10-04 20:09:12,008 [main] INFO  db.DBStoreBuilder (DBStoreBuilder.java:processTables(174)) - Using default column profile:DBProfile.DISK for Table:default
2019-10-04 20:09:12,008 [main] INFO  db.DBStoreBuilder (DBStoreBuilder.java:getDbProfile(205)) - Using default options. DBProfile.DISK
2019-10-04 20:09:12,723 [main] INFO  ipc.CallQueueManager (CallQueueManager.java:<init>(84)) - Using callQueue: class java.util.concurrent.LinkedBlockingQueue, queueCapacity: 2000, scheduler: class org.apache.hadoop.ipc.DefaultRpcScheduler, ipcBackoff: false.
2019-10-04 20:09:12,725 [Socket Reader #1 for port 38407] INFO  ipc.Server (Server.java:run(1074)) - Starting Socket Reader #1 for port 38407
2019-10-04 20:09:12,743 [main] INFO  om.OzoneManager (OzoneManager.java:start(1069)) - OzoneManager RPC server is listening at localhost/127.0.0.1:38407
2019-10-04 20:09:12,743 [main] INFO  impl.MetricsSystemImpl (MetricsSystemImpl.java:init(158)) - OzoneManager metrics system started (again)
2019-10-04 20:09:12,744 [IPC Server Responder] INFO  ipc.Server (Server.java:run(1314)) - IPC Server Responder: starting
2019-10-04 20:09:12,746 [IPC Server listener on 38407] INFO  ipc.Server (Server.java:run(1153)) - IPC Server listener on 38407: starting
2019-10-04 20:09:12,751 [main] INFO  hdfs.DFSUtil (DFSUtil.java:httpServerTemplateForNNAndJN(1641)) - Starting Web-server for ozoneManager at: http://0.0.0.0:0
2019-10-04 20:09:12,753 [main] INFO  server.AuthenticationFilter (AuthenticationFilter.java:constructSecretProvider(240)) - Unable to initialize FileSignerSecretProvider, falling back to use random secrets.
2019-10-04 20:09:12,753 [main] WARN  http.HttpRequestLog (HttpRequestLog.java:getRequestLog(97)) - Jetty request log can only be enabled using Log4j
2019-10-04 20:09:12,756 [main] INFO  http.HttpServer2 (HttpServer2.java:addGlobalFilter(975)) - Added global filter 'safety' (class=org.apache.hadoop.http.HttpServer2$QuotingInputFilter)
2019-10-04 20:09:12,757 [main] INFO  http.HttpServer2 (HttpServer2.java:addFilter(948)) - Added filter static_user_filter (class=org.apache.hadoop.http.lib.StaticUserWebFilter$StaticUserFilter) to context ozoneManager
2019-10-04 20:09:12,757 [main] INFO  http.HttpServer2 (HttpServer2.java:addFilter(958)) - Added filter static_user_filter (class=org.apache.hadoop.http.lib.StaticUserWebFilter$StaticUserFilter) to context static
2019-10-04 20:09:12,757 [main] INFO  http.HttpServer2 (HttpServer2.java:addFilter(958)) - Added filter static_user_filter (class=org.apache.hadoop.http.lib.StaticUserWebFilter$StaticUserFilter) to context logs
2019-10-04 20:09:12,758 [main] INFO  http.HttpServer2 (HttpServer2.java:bindListener(1191)) - Jetty bound to port 37252
2019-10-04 20:09:12,759 [main] INFO  server.Server (Server.java:doStart(351)) - jetty-9.3.25.v20180904, build timestamp: 2018-09-04T21:11:46Z, git hash: 3ce520221d0240229c862b122d2b06c12a625732
2019-10-04 20:09:12,761 [main] INFO  handler.ContextHandler (ContextHandler.java:doStart(781)) - Started o.e.j.s.ServletContextHandler@3becc950{/logs,file:///workdir/hadoop-ozone/integration-test/target/log,AVAILABLE}
2019-10-04 20:09:12,761 [main] INFO  handler.ContextHandler (ContextHandler.java:doStart(781)) - Started o.e.j.s.ServletContextHandler@79476a4e{/static,file:///workdir/hadoop-ozone/integration-test/target/test-classes/webapps/static,AVAILABLE}
2019-10-04 20:09:12,767 [main] INFO  handler.ContextHandler (ContextHandler.java:doStart(781)) - Started o.e.j.w.WebAppContext@7b25ab31{/,file:///workdir/hadoop-ozone/integration-test/target/test-classes/webapps/ozoneManager/,AVAILABLE}{/ozoneManager}
2019-10-04 20:09:12,767 [main] INFO  server.AbstractConnector (AbstractConnector.java:doStart(278)) - Started ServerConnector@2001e48c{HTTP/1.1,[http/1.1]}{0.0.0.0:37252}
2019-10-04 20:09:12,769 [main] INFO  server.Server (Server.java:doStart(419)) - Started @106174ms
2019-10-04 20:09:12,769 [main] WARN  impl.MetricsSystemImpl (MetricsSystemImpl.java:register(276)) - Sink prometheus already exists!
2019-10-04 20:09:12,770 [main] INFO  server.BaseHttpServer (BaseHttpServer.java:updateConnectorAddress(215)) - HTTP server of OZONEMANAGER is listening at http://0.0.0.0:37252
2019-10-04 20:09:12,785 [main] INFO  impl.MetricsSystemImpl (MetricsSystemImpl.java:init(158)) - HddsDatanode metrics system started (again)
2019-10-04 20:09:12,788 [main] INFO  ozone.HddsDatanodeService (HddsDatanodeService.java:start(184)) - HddsDatanodeService host:pr-hdds-2239-ctfdh-543981580 ip:192.168.30.33
2019-10-04 20:09:12,795 [main] INFO  volume.HddsVolume (HddsVolume.java:<init>(176)) - Creating Volume: /workdir/hadoop-ozone/integration-test/target/test-dir/MiniOzoneClusterImpl-3e0866ea-37f1-4ee5-98b1-1080ecf2132c/datanode-0/data/containers/hdds of  storage type : DISK and capacity : 1482555576320
2019-10-04 20:09:12,795 [main] INFO  volume.VolumeSet (VolumeSet.java:initializeVolumeSet(170)) - Added Volume : /workdir/hadoop-ozone/integration-test/target/test-dir/MiniOzoneClusterImpl-3e0866ea-37f1-4ee5-98b1-1080ecf2132c/datanode-0/data/containers/hdds to VolumeSet
2019-10-04 20:09:12,795 [main] INFO  volume.ThrottledAsyncChecker (ThrottledAsyncChecker.java:schedule(139)) - Scheduling a check for org.apache.hadoop.ozone.container.common.volume.HddsVolume@4bc59b27
2019-10-04 20:09:12,796 [main] INFO  volume.HddsVolumeChecker (HddsVolumeChecker.java:checkAllVolumes(202)) - Scheduled health check for volume org.apache.hadoop.ozone.container.common.volume.HddsVolume@4bc59b27
2019-10-04 20:09:12,809 [main] INFO  impl.RaftServerProxy (ConfUtils.java:logGet(43)) - raft.rpc.type = GRPC (default)
2019-10-04 20:09:12,809 [main] INFO  grpc.GrpcFactory (GrpcFactory.java:checkPooledByteBufAllocatorUseCacheForAllThreads(45)) - PERFORMANCE WARNING: useCacheForAllThreads is true that may cause Netty to create a lot garbage objects and, as a result, trigger GC.
	It is recommended to disable useCacheForAllThreads by setting -Dorg.apache.ratis.thirdparty.io.netty.allocator.useCacheForAllThreads=false in command line.
2019-10-04 20:09:12,810 [main] INFO  grpc.GrpcConfigKeys$Server (ConfUtils.java:logGet(43)) - raft.grpc.server.port = 0 (default)
2019-10-04 20:09:12,810 [main] INFO  server.GrpcService (ConfUtils.java:logGet(43)) - raft.grpc.message.size.max = 33570816 (custom)
2019-10-04 20:09:12,810 [main] INFO  server.RaftServerConfigKeys (ConfUtils.java:logGet(43)) - raft.server.log.appender.buffer.byte-limit = 33554432 (custom)
2019-10-04 20:09:12,810 [main] INFO  server.GrpcService (ConfUtils.java:logGet(43)) - raft.grpc.flow.control.window = 1MB (=1048576) (default)
2019-10-04 20:09:12,810 [main] INFO  server.RaftServerConfigKeys (ConfUtils.java:logGet(43)) - raft.server.rpc.request.timeout = 3000ms (default)
2019-10-04 20:09:12,811 [main] INFO  server.RaftServerConfigKeys (ConfUtils.java:logGet(43)) - raft.server.storage.dir = [/workdir/hadoop-ozone/integration-test/target/test-dir/MiniOzoneClusterImpl-3e0866ea-37f1-4ee5-98b1-1080ecf2132c/datanode-0/data/ratis] (custom)
2019-10-04 20:09:12,812 [main] INFO  hdfs.DFSUtil (DFSUtil.java:httpServerTemplateForNNAndJN(1641)) - Starting Web-server for hddsDatanode at: http://0.0.0.0:0
2019-10-04 20:09:12,816 [main] INFO  server.AuthenticationFilter (AuthenticationFilter.java:constructSecretProvider(240)) - Unable to initialize FileSignerSecretProvider, falling back to use random secrets.
2019-10-04 20:09:12,817 [main] WARN  http.HttpRequestLog (HttpRequestLog.java:getRequestLog(97)) - Jetty request log can only be enabled using Log4j
2019-10-04 20:09:12,818 [main] INFO  http.HttpServer2 (HttpServer2.java:addGlobalFilter(975)) - Added global filter 'safety' (class=org.apache.hadoop.http.HttpServer2$QuotingInputFilter)
2019-10-04 20:09:12,819 [main] INFO  http.HttpServer2 (HttpServer2.java:addFilter(948)) - Added filter static_user_filter (class=org.apache.hadoop.http.lib.StaticUserWebFilter$StaticUserFilter) to context hddsDatanode
2019-10-04 20:09:12,819 [main] INFO  http.HttpServer2 (HttpServer2.java:addFilter(958)) - Added filter static_user_filter (class=org.apache.hadoop.http.lib.StaticUserWebFilter$StaticUserFilter) to context logs
2019-10-04 20:09:12,819 [main] INFO  http.HttpServer2 (HttpServer2.java:addFilter(958)) - Added filter static_user_filter (class=org.apache.hadoop.http.lib.StaticUserWebFilter$StaticUserFilter) to context static
2019-10-04 20:09:12,820 [main] INFO  http.HttpServer2 (HttpServer2.java:bindListener(1191)) - Jetty bound to port 39782
2019-10-04 20:09:12,820 [main] INFO  server.Server (Server.java:doStart(351)) - jetty-9.3.25.v20180904, build timestamp: 2018-09-04T21:11:46Z, git hash: 3ce520221d0240229c862b122d2b06c12a625732
2019-10-04 20:09:12,822 [main] INFO  handler.ContextHandler (ContextHandler.java:doStart(781)) - Started o.e.j.s.ServletContextHandler@7d42542{/logs,file:///workdir/hadoop-ozone/integration-test/target/log,AVAILABLE}
2019-10-04 20:09:12,822 [main] INFO  handler.ContextHandler (ContextHandler.java:doStart(781)) - Started o.e.j.s.ServletContextHandler@1f87607c{/static,jar:file:/home/user/.m2/repository/org/apache/hadoop/hadoop-hdds-container-service/0.5.0-SNAPSHOT/hadoop-hdds-container-service-0.5.0-SNAPSHOT.jar!/webapps/static,AVAILABLE}
2019-10-04 20:09:12,853 [main] INFO  handler.ContextHandler (ContextHandler.java:doStart(781)) - Started o.e.j.w.WebAppContext@8aeab9e{/,file:///tmp/jetty-0.0.0.0-39782-hddsDatanode-_-any-8757545538293584057.dir/webapp/,AVAILABLE}{/hddsDatanode}
2019-10-04 20:09:12,854 [main] INFO  server.AbstractConnector (AbstractConnector.java:doStart(278)) - Started ServerConnector@2a2dc0a{HTTP/1.1,[http/1.1]}{0.0.0.0:39782}
2019-10-04 20:09:12,858 [main] INFO  server.Server (Server.java:doStart(419)) - Started @106264ms
2019-10-04 20:09:12,858 [main] WARN  impl.MetricsSystemImpl (MetricsSystemImpl.java:register(276)) - Sink prometheus already exists!
2019-10-04 20:09:12,859 [main] INFO  server.BaseHttpServer (BaseHttpServer.java:updateConnectorAddress(215)) - HTTP server of HDDSDATANODE is listening at http://0.0.0.0:39782
2019-10-04 20:09:12,859 [main] INFO  impl.MetricsSystemImpl (MetricsSystemImpl.java:init(158)) - HddsDatanode metrics system started (again)
2019-10-04 20:09:12,861 [org.apache.hadoop.util.JvmPauseMonitor$Monitor@2dda48ee] INFO  util.JvmPauseMonitor (JvmPauseMonitor.java:run(188)) - Starting JVM pause monitor
2019-10-04 20:09:12,862 [main] INFO  ozone.HddsDatanodeService (HddsDatanodeService.java:start(184)) - HddsDatanodeService host:pr-hdds-2239-ctfdh-543981580 ip:192.168.30.33
2019-10-04 20:09:12,864 [Datanode State Machine Thread - 0] INFO  datanode.InitDatanodeState (InitDatanodeState.java:persistContainerDatanodeDetails(140)) - DatanodeDetails is persisted to /workdir/hadoop-ozone/integration-test/target/test-dir/MiniOzoneClusterImpl-3e0866ea-37f1-4ee5-98b1-1080ecf2132c/datanode-0/meta/datanode.id
2019-10-04 20:09:12,870 [main] INFO  volume.HddsVolume (HddsVolume.java:<init>(176)) - Creating Volume: /workdir/hadoop-ozone/integration-test/target/test-dir/MiniOzoneClusterImpl-3e0866ea-37f1-4ee5-98b1-1080ecf2132c/datanode-1/data/containers/hdds of  storage type : DISK and capacity : 1482555576320
2019-10-04 20:09:12,870 [main] INFO  volume.VolumeSet (VolumeSet.java:initializeVolumeSet(170)) - Added Volume : /workdir/hadoop-ozone/integration-test/target/test-dir/MiniOzoneClusterImpl-3e0866ea-37f1-4ee5-98b1-1080ecf2132c/datanode-1/data/containers/hdds to VolumeSet
2019-10-04 20:09:12,870 [main] INFO  volume.ThrottledAsyncChecker (ThrottledAsyncChecker.java:schedule(139)) - Scheduling a check for org.apache.hadoop.ozone.container.common.volume.HddsVolume@4ac8768e
2019-10-04 20:09:12,870 [main] INFO  volume.HddsVolumeChecker (HddsVolumeChecker.java:checkAllVolumes(202)) - Scheduled health check for volume org.apache.hadoop.ozone.container.common.volume.HddsVolume@4ac8768e
2019-10-04 20:09:12,887 [main] INFO  impl.RaftServerProxy (ConfUtils.java:logGet(43)) - raft.rpc.type = GRPC (default)
2019-10-04 20:09:12,887 [main] INFO  grpc.GrpcFactory (GrpcFactory.java:checkPooledByteBufAllocatorUseCacheForAllThreads(45)) - PERFORMANCE WARNING: useCacheForAllThreads is true that may cause Netty to create a lot garbage objects and, as a result, trigger GC.
	It is recommended to disable useCacheForAllThreads by setting -Dorg.apache.ratis.thirdparty.io.netty.allocator.useCacheForAllThreads=false in command line.
2019-10-04 20:09:12,887 [main] INFO  grpc.GrpcConfigKeys$Server (ConfUtils.java:logGet(43)) - raft.grpc.server.port = 0 (default)
2019-10-04 20:09:12,887 [main] INFO  server.GrpcService (ConfUtils.java:logGet(43)) - raft.grpc.message.size.max = 33570816 (custom)
2019-10-04 20:09:12,887 [main] INFO  server.RaftServerConfigKeys (ConfUtils.java:logGet(43)) - raft.server.log.appender.buffer.byte-limit = 33554432 (custom)
2019-10-04 20:09:12,888 [main] INFO  server.GrpcService (ConfUtils.java:logGet(43)) - raft.grpc.flow.control.window = 1MB (=1048576) (default)
2019-10-04 20:09:12,888 [main] INFO  server.RaftServerConfigKeys (ConfUtils.java:logGet(43)) - raft.server.rpc.request.timeout = 3000ms (default)
2019-10-04 20:09:12,888 [main] INFO  server.RaftServerConfigKeys (ConfUtils.java:logGet(43)) - raft.server.storage.dir = [/workdir/hadoop-ozone/integration-test/target/test-dir/MiniOzoneClusterImpl-3e0866ea-37f1-4ee5-98b1-1080ecf2132c/datanode-1/data/ratis] (custom)
2019-10-04 20:09:12,890 [main] INFO  hdfs.DFSUtil (DFSUtil.java:httpServerTemplateForNNAndJN(1641)) - Starting Web-server for hddsDatanode at: http://0.0.0.0:0
2019-10-04 20:09:12,892 [main] INFO  server.AuthenticationFilter (AuthenticationFilter.java:constructSecretProvider(240)) - Unable to initialize FileSignerSecretProvider, falling back to use random secrets.
2019-10-04 20:09:12,892 [main] WARN  http.HttpRequestLog (HttpRequestLog.java:getRequestLog(97)) - Jetty request log can only be enabled using Log4j
2019-10-04 20:09:12,894 [main] INFO  http.HttpServer2 (HttpServer2.java:addGlobalFilter(975)) - Added global filter 'safety' (class=org.apache.hadoop.http.HttpServer2$QuotingInputFilter)
2019-10-04 20:09:12,894 [main] INFO  http.HttpServer2 (HttpServer2.java:addFilter(948)) - Added filter static_user_filter (class=org.apache.hadoop.http.lib.StaticUserWebFilter$StaticUserFilter) to context hddsDatanode
2019-10-04 20:09:12,894 [main] INFO  http.HttpServer2 (HttpServer2.java:addFilter(958)) - Added filter static_user_filter (class=org.apache.hadoop.http.lib.StaticUserWebFilter$StaticUserFilter) to context static
2019-10-04 20:09:12,894 [main] INFO  http.HttpServer2 (HttpServer2.java:addFilter(958)) - Added filter static_user_filter (class=org.apache.hadoop.http.lib.StaticUserWebFilter$StaticUserFilter) to context logs
2019-10-04 20:09:12,895 [main] INFO  http.HttpServer2 (HttpServer2.java:bindListener(1191)) - Jetty bound to port 45939
2019-10-04 20:09:12,895 [main] INFO  server.Server (Server.java:doStart(351)) - jetty-9.3.25.v20180904, build timestamp: 2018-09-04T21:11:46Z, git hash: 3ce520221d0240229c862b122d2b06c12a625732
2019-10-04 20:09:12,897 [main] INFO  handler.ContextHandler (ContextHandler.java:doStart(781)) - Started o.e.j.s.ServletContextHandler@65ef48f2{/logs,file:///workdir/hadoop-ozone/integration-test/target/log,AVAILABLE}
2019-10-04 20:09:12,897 [main] INFO  handler.ContextHandler (ContextHandler.java:doStart(781)) - Started o.e.j.s.ServletContextHandler@72543547{/static,jar:file:/home/user/.m2/repository/org/apache/hadoop/hadoop-hdds-container-service/0.5.0-SNAPSHOT/hadoop-hdds-container-service-0.5.0-SNAPSHOT.jar!/webapps/static,AVAILABLE}
2019-10-04 20:09:12,925 [main] INFO  handler.ContextHandler (ContextHandler.java:doStart(781)) - Started o.e.j.w.WebAppContext@6ecc02bb{/,file:///tmp/jetty-0.0.0.0-45939-hddsDatanode-_-any-8536821016214224117.dir/webapp/,AVAILABLE}{/hddsDatanode}
2019-10-04 20:09:12,926 [main] INFO  server.AbstractConnector (AbstractConnector.java:doStart(278)) - Started ServerConnector@31973858{HTTP/1.1,[http/1.1]}{0.0.0.0:45939}
2019-10-04 20:09:12,927 [main] INFO  server.Server (Server.java:doStart(419)) - Started @106333ms
2019-10-04 20:09:12,927 [main] WARN  impl.MetricsSystemImpl (MetricsSystemImpl.java:register(276)) - Sink prometheus already exists!
2019-10-04 20:09:12,928 [main] INFO  server.BaseHttpServer (BaseHttpServer.java:updateConnectorAddress(215)) - HTTP server of HDDSDATANODE is listening at http://0.0.0.0:45939
2019-10-04 20:09:12,928 [main] INFO  impl.MetricsSystemImpl (MetricsSystemImpl.java:init(158)) - HddsDatanode metrics system started (again)
2019-10-04 20:09:12,931 [org.apache.hadoop.util.JvmPauseMonitor$Monitor@768b734] INFO  util.JvmPauseMonitor (JvmPauseMonitor.java:run(188)) - Starting JVM pause monitor
2019-10-04 20:09:12,931 [main] INFO  ozone.HddsDatanodeService (HddsDatanodeService.java:start(184)) - HddsDatanodeService host:pr-hdds-2239-ctfdh-543981580 ip:192.168.30.33
2019-10-04 20:09:12,934 [Datanode State Machine Thread - 0] INFO  datanode.InitDatanodeState (InitDatanodeState.java:persistContainerDatanodeDetails(140)) - DatanodeDetails is persisted to /workdir/hadoop-ozone/integration-test/target/test-dir/MiniOzoneClusterImpl-3e0866ea-37f1-4ee5-98b1-1080ecf2132c/datanode-1/meta/datanode.id
2019-10-04 20:09:12,937 [main] INFO  volume.HddsVolume (HddsVolume.java:<init>(176)) - Creating Volume: /workdir/hadoop-ozone/integration-test/target/test-dir/MiniOzoneClusterImpl-3e0866ea-37f1-4ee5-98b1-1080ecf2132c/datanode-2/data/containers/hdds of  storage type : DISK and capacity : 1482555576320
2019-10-04 20:09:12,938 [main] INFO  volume.VolumeSet (VolumeSet.java:initializeVolumeSet(170)) - Added Volume : /workdir/hadoop-ozone/integration-test/target/test-dir/MiniOzoneClusterImpl-3e0866ea-37f1-4ee5-98b1-1080ecf2132c/datanode-2/data/containers/hdds to VolumeSet
2019-10-04 20:09:12,938 [main] INFO  volume.ThrottledAsyncChecker (ThrottledAsyncChecker.java:schedule(139)) - Scheduling a check for org.apache.hadoop.ozone.container.common.volume.HddsVolume@3b009e7b
2019-10-04 20:09:12,939 [main] INFO  volume.HddsVolumeChecker (HddsVolumeChecker.java:checkAllVolumes(202)) - Scheduled health check for volume org.apache.hadoop.ozone.container.common.volume.HddsVolume@3b009e7b
2019-10-04 20:09:12,957 [main] INFO  impl.RaftServerProxy (ConfUtils.java:logGet(43)) - raft.rpc.type = GRPC (default)
2019-10-04 20:09:12,958 [main] INFO  grpc.GrpcFactory (GrpcFactory.java:checkPooledByteBufAllocatorUseCacheForAllThreads(45)) - PERFORMANCE WARNING: useCacheForAllThreads is true that may cause Netty to create a lot garbage objects and, as a result, trigger GC.
	It is recommended to disable useCacheForAllThreads by setting -Dorg.apache.ratis.thirdparty.io.netty.allocator.useCacheForAllThreads=false in command line.
2019-10-04 20:09:12,958 [main] INFO  grpc.GrpcConfigKeys$Server (ConfUtils.java:logGet(43)) - raft.grpc.server.port = 0 (default)
2019-10-04 20:09:12,958 [main] INFO  server.GrpcService (ConfUtils.java:logGet(43)) - raft.grpc.message.size.max = 33570816 (custom)
2019-10-04 20:09:12,958 [main] INFO  server.RaftServerConfigKeys (ConfUtils.java:logGet(43)) - raft.server.log.appender.buffer.byte-limit = 33554432 (custom)
2019-10-04 20:09:12,959 [main] INFO  server.GrpcService (ConfUtils.java:logGet(43)) - raft.grpc.flow.control.window = 1MB (=1048576) (default)
2019-10-04 20:09:12,959 [main] INFO  server.RaftServerConfigKeys (ConfUtils.java:logGet(43)) - raft.server.rpc.request.timeout = 3000ms (default)
2019-10-04 20:09:12,960 [main] INFO  server.RaftServerConfigKeys (ConfUtils.java:logGet(43)) - raft.server.storage.dir = [/workdir/hadoop-ozone/integration-test/target/test-dir/MiniOzoneClusterImpl-3e0866ea-37f1-4ee5-98b1-1080ecf2132c/datanode-2/data/ratis] (custom)
2019-10-04 20:09:12,961 [main] INFO  hdfs.DFSUtil (DFSUtil.java:httpServerTemplateForNNAndJN(1641)) - Starting Web-server for hddsDatanode at: http://0.0.0.0:0
2019-10-04 20:09:12,962 [main] INFO  server.AuthenticationFilter (AuthenticationFilter.java:constructSecretProvider(240)) - Unable to initialize FileSignerSecretProvider, falling back to use random secrets.
2019-10-04 20:09:12,963 [main] WARN  http.HttpRequestLog (HttpRequestLog.java:getRequestLog(97)) - Jetty request log can only be enabled using Log4j
2019-10-04 20:09:12,965 [main] INFO  http.HttpServer2 (HttpServer2.java:addGlobalFilter(975)) - Added global filter 'safety' (class=org.apache.hadoop.http.HttpServer2$QuotingInputFilter)
2019-10-04 20:09:12,965 [main] INFO  http.HttpServer2 (HttpServer2.java:addFilter(948)) - Added filter static_user_filter (class=org.apache.hadoop.http.lib.StaticUserWebFilter$StaticUserFilter) to context hddsDatanode
2019-10-04 20:09:12,966 [main] INFO  http.HttpServer2 (HttpServer2.java:addFilter(958)) - Added filter static_user_filter (class=org.apache.hadoop.http.lib.StaticUserWebFilter$StaticUserFilter) to context logs
2019-10-04 20:09:12,966 [main] INFO  http.HttpServer2 (HttpServer2.java:addFilter(958)) - Added filter static_user_filter (class=org.apache.hadoop.http.lib.StaticUserWebFilter$StaticUserFilter) to context static
2019-10-04 20:09:12,967 [main] INFO  http.HttpServer2 (HttpServer2.java:bindListener(1191)) - Jetty bound to port 37285
2019-10-04 20:09:12,967 [main] INFO  server.Server (Server.java:doStart(351)) - jetty-9.3.25.v20180904, build timestamp: 2018-09-04T21:11:46Z, git hash: 3ce520221d0240229c862b122d2b06c12a625732
2019-10-04 20:09:12,969 [main] INFO  handler.ContextHandler (ContextHandler.java:doStart(781)) - Started o.e.j.s.ServletContextHandler@cfd1075{/logs,file:///workdir/hadoop-ozone/integration-test/target/log,AVAILABLE}
2019-10-04 20:09:12,969 [main] INFO  handler.ContextHandler (ContextHandler.java:doStart(781)) - Started o.e.j.s.ServletContextHandler@7741771e{/static,jar:file:/home/user/.m2/repository/org/apache/hadoop/hadoop-hdds-container-service/0.5.0-SNAPSHOT/hadoop-hdds-container-service-0.5.0-SNAPSHOT.jar!/webapps/static,AVAILABLE}
2019-10-04 20:09:13,018 [main] INFO  handler.ContextHandler (ContextHandler.java:doStart(781)) - Started o.e.j.w.WebAppContext@7fda2001{/,file:///tmp/jetty-0.0.0.0-37285-hddsDatanode-_-any-7776514643413432300.dir/webapp/,AVAILABLE}{/hddsDatanode}
2019-10-04 20:09:13,018 [main] INFO  server.AbstractConnector (AbstractConnector.java:doStart(278)) - Started ServerConnector@162c1dfb{HTTP/1.1,[http/1.1]}{0.0.0.0:37285}
2019-10-04 20:09:13,020 [main] INFO  server.Server (Server.java:doStart(419)) - Started @106425ms
2019-10-04 20:09:13,020 [main] WARN  impl.MetricsSystemImpl (MetricsSystemImpl.java:register(276)) - Sink prometheus already exists!
2019-10-04 20:09:13,021 [main] INFO  server.BaseHttpServer (BaseHttpServer.java:updateConnectorAddress(215)) - HTTP server of HDDSDATANODE is listening at http://0.0.0.0:37285
2019-10-04 20:09:13,021 [main] INFO  impl.MetricsSystemImpl (MetricsSystemImpl.java:init(158)) - HddsDatanode metrics system started (again)
2019-10-04 20:09:13,024 [org.apache.hadoop.util.JvmPauseMonitor$Monitor@4118544f] INFO  util.JvmPauseMonitor (JvmPauseMonitor.java:run(188)) - Starting JVM pause monitor
2019-10-04 20:09:13,025 [main] INFO  ozone.HddsDatanodeService (HddsDatanodeService.java:start(184)) - HddsDatanodeService host:pr-hdds-2239-ctfdh-543981580 ip:192.168.30.33
2019-10-04 20:09:13,026 [Datanode State Machine Thread - 0] INFO  datanode.InitDatanodeState (InitDatanodeState.java:persistContainerDatanodeDetails(140)) - DatanodeDetails is persisted to /workdir/hadoop-ozone/integration-test/target/test-dir/MiniOzoneClusterImpl-3e0866ea-37f1-4ee5-98b1-1080ecf2132c/datanode-2/meta/datanode.id
2019-10-04 20:09:13,033 [main] INFO  volume.HddsVolume (HddsVolume.java:<init>(176)) - Creating Volume: /workdir/hadoop-ozone/integration-test/target/test-dir/MiniOzoneClusterImpl-3e0866ea-37f1-4ee5-98b1-1080ecf2132c/datanode-3/data/containers/hdds of  storage type : DISK and capacity : 1482555576320
2019-10-04 20:09:13,033 [main] INFO  volume.VolumeSet (VolumeSet.java:initializeVolumeSet(170)) - Added Volume : /workdir/hadoop-ozone/integration-test/target/test-dir/MiniOzoneClusterImpl-3e0866ea-37f1-4ee5-98b1-1080ecf2132c/datanode-3/data/containers/hdds to VolumeSet
2019-10-04 20:09:13,033 [main] INFO  volume.ThrottledAsyncChecker (ThrottledAsyncChecker.java:schedule(139)) - Scheduling a check for org.apache.hadoop.ozone.container.common.volume.HddsVolume@52454457
2019-10-04 20:09:13,034 [main] INFO  volume.HddsVolumeChecker (HddsVolumeChecker.java:checkAllVolumes(202)) - Scheduled health check for volume org.apache.hadoop.ozone.container.common.volume.HddsVolume@52454457
2019-10-04 20:09:13,046 [main] INFO  impl.RaftServerProxy (ConfUtils.java:logGet(43)) - raft.rpc.type = GRPC (default)
2019-10-04 20:09:13,046 [main] INFO  grpc.GrpcFactory (GrpcFactory.java:checkPooledByteBufAllocatorUseCacheForAllThreads(45)) - PERFORMANCE WARNING: useCacheForAllThreads is true that may cause Netty to create a lot garbage objects and, as a result, trigger GC.
	It is recommended to disable useCacheForAllThreads by setting -Dorg.apache.ratis.thirdparty.io.netty.allocator.useCacheForAllThreads=false in command line.
2019-10-04 20:09:13,047 [main] INFO  grpc.GrpcConfigKeys$Server (ConfUtils.java:logGet(43)) - raft.grpc.server.port = 0 (default)
2019-10-04 20:09:13,047 [main] INFO  server.GrpcService (ConfUtils.java:logGet(43)) - raft.grpc.message.size.max = 33570816 (custom)
2019-10-04 20:09:13,047 [main] INFO  server.RaftServerConfigKeys (ConfUtils.java:logGet(43)) - raft.server.log.appender.buffer.byte-limit = 33554432 (custom)
2019-10-04 20:09:13,047 [main] INFO  server.GrpcService (ConfUtils.java:logGet(43)) - raft.grpc.flow.control.window = 1MB (=1048576) (default)
2019-10-04 20:09:13,047 [main] INFO  server.RaftServerConfigKeys (ConfUtils.java:logGet(43)) - raft.server.rpc.request.timeout = 3000ms (default)
2019-10-04 20:09:13,048 [main] INFO  server.RaftServerConfigKeys (ConfUtils.java:logGet(43)) - raft.server.storage.dir = [/workdir/hadoop-ozone/integration-test/target/test-dir/MiniOzoneClusterImpl-3e0866ea-37f1-4ee5-98b1-1080ecf2132c/datanode-3/data/ratis] (custom)
2019-10-04 20:09:13,049 [main] INFO  hdfs.DFSUtil (DFSUtil.java:httpServerTemplateForNNAndJN(1641)) - Starting Web-server for hddsDatanode at: http://0.0.0.0:0
2019-10-04 20:09:13,050 [main] INFO  server.AuthenticationFilter (AuthenticationFilter.java:constructSecretProvider(240)) - Unable to initialize FileSignerSecretProvider, falling back to use random secrets.
2019-10-04 20:09:13,051 [main] WARN  http.HttpRequestLog (HttpRequestLog.java:getRequestLog(97)) - Jetty request log can only be enabled using Log4j
2019-10-04 20:09:13,052 [main] INFO  http.HttpServer2 (HttpServer2.java:addGlobalFilter(975)) - Added global filter 'safety' (class=org.apache.hadoop.http.HttpServer2$QuotingInputFilter)
2019-10-04 20:09:13,053 [main] INFO  http.HttpServer2 (HttpServer2.java:addFilter(948)) - Added filter static_user_filter (class=org.apache.hadoop.http.lib.StaticUserWebFilter$StaticUserFilter) to context hddsDatanode
2019-10-04 20:09:13,053 [main] INFO  http.HttpServer2 (HttpServer2.java:addFilter(958)) - Added filter static_user_filter (class=org.apache.hadoop.http.lib.StaticUserWebFilter$StaticUserFilter) to context static
2019-10-04 20:09:13,053 [main] INFO  http.HttpServer2 (HttpServer2.java:addFilter(958)) - Added filter static_user_filter (class=org.apache.hadoop.http.lib.StaticUserWebFilter$StaticUserFilter) to context logs
2019-10-04 20:09:13,053 [main] INFO  http.HttpServer2 (HttpServer2.java:bindListener(1191)) - Jetty bound to port 35285
2019-10-04 20:09:13,054 [main] INFO  server.Server (Server.java:doStart(351)) - jetty-9.3.25.v20180904, build timestamp: 2018-09-04T21:11:46Z, git hash: 3ce520221d0240229c862b122d2b06c12a625732
2019-10-04 20:09:13,055 [main] INFO  handler.ContextHandler (ContextHandler.java:doStart(781)) - Started o.e.j.s.ServletContextHandler@5f8d9767{/logs,file:///workdir/hadoop-ozone/integration-test/target/log,AVAILABLE}
2019-10-04 20:09:13,056 [main] INFO  handler.ContextHandler (ContextHandler.java:doStart(781)) - Started o.e.j.s.ServletContextHandler@62b09715{/static,jar:file:/home/user/.m2/repository/org/apache/hadoop/hadoop-hdds-container-service/0.5.0-SNAPSHOT/hadoop-hdds-container-service-0.5.0-SNAPSHOT.jar!/webapps/static,AVAILABLE}
2019-10-04 20:09:13,105 [main] INFO  handler.ContextHandler (ContextHandler.java:doStart(781)) - Started o.e.j.w.WebAppContext@7a1b8a46{/,file:///tmp/jetty-0.0.0.0-35285-hddsDatanode-_-any-8389849399770886410.dir/webapp/,AVAILABLE}{/hddsDatanode}
2019-10-04 20:09:13,106 [main] INFO  server.AbstractConnector (AbstractConnector.java:doStart(278)) - Started ServerConnector@2921199d{HTTP/1.1,[http/1.1]}{0.0.0.0:35285}
2019-10-04 20:09:13,107 [main] INFO  server.Server (Server.java:doStart(419)) - Started @106513ms
2019-10-04 20:09:13,108 [main] WARN  impl.MetricsSystemImpl (MetricsSystemImpl.java:register(276)) - Sink prometheus already exists!
2019-10-04 20:09:13,108 [main] INFO  server.BaseHttpServer (BaseHttpServer.java:updateConnectorAddress(215)) - HTTP server of HDDSDATANODE is listening at http://0.0.0.0:35285
2019-10-04 20:09:13,109 [main] INFO  impl.MetricsSystemImpl (MetricsSystemImpl.java:init(158)) - HddsDatanode metrics system started (again)
2019-10-04 20:09:13,113 [org.apache.hadoop.util.JvmPauseMonitor$Monitor@47d5aebf] INFO  util.JvmPauseMonitor (JvmPauseMonitor.java:run(188)) - Starting JVM pause monitor
2019-10-04 20:09:13,114 [main] INFO  ozone.HddsDatanodeService (HddsDatanodeService.java:start(184)) - HddsDatanodeService host:pr-hdds-2239-ctfdh-543981580 ip:192.168.30.33
2019-10-04 20:09:13,114 [Datanode State Machine Thread - 0] INFO  datanode.InitDatanodeState (InitDatanodeState.java:persistContainerDatanodeDetails(140)) - DatanodeDetails is persisted to /workdir/hadoop-ozone/integration-test/target/test-dir/MiniOzoneClusterImpl-3e0866ea-37f1-4ee5-98b1-1080ecf2132c/datanode-3/meta/datanode.id
2019-10-04 20:09:13,125 [main] INFO  volume.HddsVolume (HddsVolume.java:<init>(176)) - Creating Volume: /workdir/hadoop-ozone/integration-test/target/test-dir/MiniOzoneClusterImpl-3e0866ea-37f1-4ee5-98b1-1080ecf2132c/datanode-4/data/containers/hdds of  storage type : DISK and capacity : 1482555576320
2019-10-04 20:09:13,125 [main] INFO  volume.VolumeSet (VolumeSet.java:initializeVolumeSet(170)) - Added Volume : /workdir/hadoop-ozone/integration-test/target/test-dir/MiniOzoneClusterImpl-3e0866ea-37f1-4ee5-98b1-1080ecf2132c/datanode-4/data/containers/hdds to VolumeSet
2019-10-04 20:09:13,125 [main] INFO  volume.ThrottledAsyncChecker (ThrottledAsyncChecker.java:schedule(139)) - Scheduling a check for org.apache.hadoop.ozone.container.common.volume.HddsVolume@64aeaf29
2019-10-04 20:09:13,126 [main] INFO  volume.HddsVolumeChecker (HddsVolumeChecker.java:checkAllVolumes(202)) - Scheduled health check for volume org.apache.hadoop.ozone.container.common.volume.HddsVolume@64aeaf29
2019-10-04 20:09:13,141 [main] INFO  impl.RaftServerProxy (ConfUtils.java:logGet(43)) - raft.rpc.type = GRPC (default)
2019-10-04 20:09:13,142 [main] INFO  grpc.GrpcFactory (GrpcFactory.java:checkPooledByteBufAllocatorUseCacheForAllThreads(45)) - PERFORMANCE WARNING: useCacheForAllThreads is true that may cause Netty to create a lot garbage objects and, as a result, trigger GC.
	It is recommended to disable useCacheForAllThreads by setting -Dorg.apache.ratis.thirdparty.io.netty.allocator.useCacheForAllThreads=false in command line.
2019-10-04 20:09:13,142 [main] INFO  grpc.GrpcConfigKeys$Server (ConfUtils.java:logGet(43)) - raft.grpc.server.port = 0 (default)
2019-10-04 20:09:13,142 [main] INFO  server.GrpcService (ConfUtils.java:logGet(43)) - raft.grpc.message.size.max = 33570816 (custom)
2019-10-04 20:09:13,142 [main] INFO  server.RaftServerConfigKeys (ConfUtils.java:logGet(43)) - raft.server.log.appender.buffer.byte-limit = 33554432 (custom)
2019-10-04 20:09:13,143 [main] INFO  server.GrpcService (ConfUtils.java:logGet(43)) - raft.grpc.flow.control.window = 1MB (=1048576) (default)
2019-10-04 20:09:13,143 [main] INFO  server.RaftServerConfigKeys (ConfUtils.java:logGet(43)) - raft.server.rpc.request.timeout = 3000ms (default)
2019-10-04 20:09:13,143 [main] INFO  server.RaftServerConfigKeys (ConfUtils.java:logGet(43)) - raft.server.storage.dir = [/workdir/hadoop-ozone/integration-test/target/test-dir/MiniOzoneClusterImpl-3e0866ea-37f1-4ee5-98b1-1080ecf2132c/datanode-4/data/ratis] (custom)
2019-10-04 20:09:13,145 [main] INFO  hdfs.DFSUtil (DFSUtil.java:httpServerTemplateForNNAndJN(1641)) - Starting Web-server for hddsDatanode at: http://0.0.0.0:0
2019-10-04 20:09:13,146 [main] INFO  server.AuthenticationFilter (AuthenticationFilter.java:constructSecretProvider(240)) - Unable to initialize FileSignerSecretProvider, falling back to use random secrets.
2019-10-04 20:09:13,147 [main] WARN  http.HttpRequestLog (HttpRequestLog.java:getRequestLog(97)) - Jetty request log can only be enabled using Log4j
2019-10-04 20:09:13,149 [main] INFO  http.HttpServer2 (HttpServer2.java:addGlobalFilter(975)) - Added global filter 'safety' (class=org.apache.hadoop.http.HttpServer2$QuotingInputFilter)
2019-10-04 20:09:13,150 [main] INFO  http.HttpServer2 (HttpServer2.java:addFilter(948)) - Added filter static_user_filter (class=org.apache.hadoop.http.lib.StaticUserWebFilter$StaticUserFilter) to context hddsDatanode
2019-10-04 20:09:13,150 [main] INFO  http.HttpServer2 (HttpServer2.java:addFilter(958)) - Added filter static_user_filter (class=org.apache.hadoop.http.lib.StaticUserWebFilter$StaticUserFilter) to context logs
2019-10-04 20:09:13,150 [main] INFO  http.HttpServer2 (HttpServer2.java:addFilter(958)) - Added filter static_user_filter (class=org.apache.hadoop.http.lib.StaticUserWebFilter$StaticUserFilter) to context static
2019-10-04 20:09:13,151 [main] INFO  http.HttpServer2 (HttpServer2.java:bindListener(1191)) - Jetty bound to port 34105
2019-10-04 20:09:13,151 [main] INFO  server.Server (Server.java:doStart(351)) - jetty-9.3.25.v20180904, build timestamp: 2018-09-04T21:11:46Z, git hash: 3ce520221d0240229c862b122d2b06c12a625732
2019-10-04 20:09:13,153 [main] INFO  handler.ContextHandler (ContextHandler.java:doStart(781)) - Started o.e.j.s.ServletContextHandler@15a3b42{/logs,file:///workdir/hadoop-ozone/integration-test/target/log,AVAILABLE}
2019-10-04 20:09:13,154 [main] INFO  handler.ContextHandler (ContextHandler.java:doStart(781)) - Started o.e.j.s.ServletContextHandler@17207f5b{/static,jar:file:/home/user/.m2/repository/org/apache/hadoop/hadoop-hdds-container-service/0.5.0-SNAPSHOT/hadoop-hdds-container-service-0.5.0-SNAPSHOT.jar!/webapps/static,AVAILABLE}
2019-10-04 20:09:13,189 [main] INFO  handler.ContextHandler (ContextHandler.java:doStart(781)) - Started o.e.j.w.WebAppContext@5d878b25{/,file:///tmp/jetty-0.0.0.0-34105-hddsDatanode-_-any-5408598370249628134.dir/webapp/,AVAILABLE}{/hddsDatanode}
2019-10-04 20:09:13,189 [main] INFO  server.AbstractConnector (AbstractConnector.java:doStart(278)) - Started ServerConnector@28279a49{HTTP/1.1,[http/1.1]}{0.0.0.0:34105}
2019-10-04 20:09:13,191 [main] INFO  server.Server (Server.java:doStart(419)) - Started @106597ms
2019-10-04 20:09:13,191 [main] WARN  impl.MetricsSystemImpl (MetricsSystemImpl.java:register(276)) - Sink prometheus already exists!
2019-10-04 20:09:13,192 [main] INFO  server.BaseHttpServer (BaseHttpServer.java:updateConnectorAddress(215)) - HTTP server of HDDSDATANODE is listening at http://0.0.0.0:34105
2019-10-04 20:09:13,192 [main] INFO  impl.MetricsSystemImpl (MetricsSystemImpl.java:init(158)) - HddsDatanode metrics system started (again)
2019-10-04 20:09:13,196 [org.apache.hadoop.util.JvmPauseMonitor$Monitor@1a3a37ef] INFO  util.JvmPauseMonitor (JvmPauseMonitor.java:run(188)) - Starting JVM pause monitor
2019-10-04 20:09:13,196 [main] INFO  ozone.HddsDatanodeService (HddsDatanodeService.java:start(184)) - HddsDatanodeService host:pr-hdds-2239-ctfdh-543981580 ip:192.168.30.33
2019-10-04 20:09:13,197 [Datanode State Machine Thread - 0] INFO  datanode.InitDatanodeState (InitDatanodeState.java:persistContainerDatanodeDetails(140)) - DatanodeDetails is persisted to /workdir/hadoop-ozone/integration-test/target/test-dir/MiniOzoneClusterImpl-3e0866ea-37f1-4ee5-98b1-1080ecf2132c/datanode-4/meta/datanode.id
2019-10-04 20:09:13,202 [main] INFO  volume.HddsVolume (HddsVolume.java:<init>(176)) - Creating Volume: /workdir/hadoop-ozone/integration-test/target/test-dir/MiniOzoneClusterImpl-3e0866ea-37f1-4ee5-98b1-1080ecf2132c/datanode-5/data/containers/hdds of  storage type : DISK and capacity : 1482555576320
2019-10-04 20:09:13,203 [main] INFO  volume.VolumeSet (VolumeSet.java:initializeVolumeSet(170)) - Added Volume : /workdir/hadoop-ozone/integration-test/target/test-dir/MiniOzoneClusterImpl-3e0866ea-37f1-4ee5-98b1-1080ecf2132c/datanode-5/data/containers/hdds to VolumeSet
2019-10-04 20:09:13,203 [main] INFO  volume.ThrottledAsyncChecker (ThrottledAsyncChecker.java:schedule(139)) - Scheduling a check for org.apache.hadoop.ozone.container.common.volume.HddsVolume@2b08772d
2019-10-04 20:09:13,203 [main] INFO  volume.HddsVolumeChecker (HddsVolumeChecker.java:checkAllVolumes(202)) - Scheduled health check for volume org.apache.hadoop.ozone.container.common.volume.HddsVolume@2b08772d
2019-10-04 20:09:13,220 [main] INFO  impl.RaftServerProxy (ConfUtils.java:logGet(43)) - raft.rpc.type = GRPC (default)
2019-10-04 20:09:13,220 [main] INFO  grpc.GrpcFactory (GrpcFactory.java:checkPooledByteBufAllocatorUseCacheForAllThreads(45)) - PERFORMANCE WARNING: useCacheForAllThreads is true that may cause Netty to create a lot garbage objects and, as a result, trigger GC.
	It is recommended to disable useCacheForAllThreads by setting -Dorg.apache.ratis.thirdparty.io.netty.allocator.useCacheForAllThreads=false in command line.
2019-10-04 20:09:13,220 [main] INFO  grpc.GrpcConfigKeys$Server (ConfUtils.java:logGet(43)) - raft.grpc.server.port = 0 (default)
2019-10-04 20:09:13,220 [main] INFO  server.GrpcService (ConfUtils.java:logGet(43)) - raft.grpc.message.size.max = 33570816 (custom)
2019-10-04 20:09:13,221 [main] INFO  server.RaftServerConfigKeys (ConfUtils.java:logGet(43)) - raft.server.log.appender.buffer.byte-limit = 33554432 (custom)
2019-10-04 20:09:13,221 [main] INFO  server.GrpcService (ConfUtils.java:logGet(43)) - raft.grpc.flow.control.window = 1MB (=1048576) (default)
2019-10-04 20:09:13,221 [main] INFO  server.RaftServerConfigKeys (ConfUtils.java:logGet(43)) - raft.server.rpc.request.timeout = 3000ms (default)
2019-10-04 20:09:13,222 [main] INFO  server.RaftServerConfigKeys (ConfUtils.java:logGet(43)) - raft.server.storage.dir = [/workdir/hadoop-ozone/integration-test/target/test-dir/MiniOzoneClusterImpl-3e0866ea-37f1-4ee5-98b1-1080ecf2132c/datanode-5/data/ratis] (custom)
2019-10-04 20:09:13,223 [main] INFO  hdfs.DFSUtil (DFSUtil.java:httpServerTemplateForNNAndJN(1641)) - Starting Web-server for hddsDatanode at: http://0.0.0.0:0
2019-10-04 20:09:13,225 [main] INFO  server.AuthenticationFilter (AuthenticationFilter.java:constructSecretProvider(240)) - Unable to initialize FileSignerSecretProvider, falling back to use random secrets.
2019-10-04 20:09:13,226 [main] WARN  http.HttpRequestLog (HttpRequestLog.java:getRequestLog(97)) - Jetty request log can only be enabled using Log4j
2019-10-04 20:09:13,229 [main] INFO  http.HttpServer2 (HttpServer2.java:addGlobalFilter(975)) - Added global filter 'safety' (class=org.apache.hadoop.http.HttpServer2$QuotingInputFilter)
2019-10-04 20:09:13,229 [main] INFO  http.HttpServer2 (HttpServer2.java:addFilter(948)) - Added filter static_user_filter (class=org.apache.hadoop.http.lib.StaticUserWebFilter$StaticUserFilter) to context hddsDatanode
2019-10-04 20:09:13,229 [main] INFO  http.HttpServer2 (HttpServer2.java:addFilter(958)) - Added filter static_user_filter (class=org.apache.hadoop.http.lib.StaticUserWebFilter$StaticUserFilter) to context static
2019-10-04 20:09:13,230 [main] INFO  http.HttpServer2 (HttpServer2.java:addFilter(958)) - Added filter static_user_filter (class=org.apache.hadoop.http.lib.StaticUserWebFilter$StaticUserFilter) to context logs
2019-10-04 20:09:13,230 [main] INFO  http.HttpServer2 (HttpServer2.java:bindListener(1191)) - Jetty bound to port 38631
2019-10-04 20:09:13,230 [main] INFO  server.Server (Server.java:doStart(351)) - jetty-9.3.25.v20180904, build timestamp: 2018-09-04T21:11:46Z, git hash: 3ce520221d0240229c862b122d2b06c12a625732
2019-10-04 20:09:13,232 [main] INFO  handler.ContextHandler (ContextHandler.java:doStart(781)) - Started o.e.j.s.ServletContextHandler@637791d{/logs,file:///workdir/hadoop-ozone/integration-test/target/log,AVAILABLE}
2019-10-04 20:09:13,233 [main] INFO  handler.ContextHandler (ContextHandler.java:doStart(781)) - Started o.e.j.s.ServletContextHandler@60f77af{/static,jar:file:/home/user/.m2/repository/org/apache/hadoop/hadoop-hdds-container-service/0.5.0-SNAPSHOT/hadoop-hdds-container-service-0.5.0-SNAPSHOT.jar!/webapps/static,AVAILABLE}
2019-10-04 20:09:13,262 [main] INFO  handler.ContextHandler (ContextHandler.java:doStart(781)) - Started o.e.j.w.WebAppContext@6b4125ed{/,file:///tmp/jetty-0.0.0.0-38631-hddsDatanode-_-any-7385835600178516520.dir/webapp/,AVAILABLE}{/hddsDatanode}
2019-10-04 20:09:13,265 [main] INFO  server.AbstractConnector (AbstractConnector.java:doStart(278)) - Started ServerConnector@78da899f{HTTP/1.1,[http/1.1]}{0.0.0.0:38631}
2019-10-04 20:09:13,265 [main] INFO  server.Server (Server.java:doStart(419)) - Started @106670ms
2019-10-04 20:09:13,265 [main] WARN  impl.MetricsSystemImpl (MetricsSystemImpl.java:register(276)) - Sink prometheus already exists!
2019-10-04 20:09:13,266 [main] INFO  server.BaseHttpServer (BaseHttpServer.java:updateConnectorAddress(215)) - HTTP server of HDDSDATANODE is listening at http://0.0.0.0:38631
2019-10-04 20:09:13,266 [main] INFO  impl.MetricsSystemImpl (MetricsSystemImpl.java:init(158)) - HddsDatanode metrics system started (again)
2019-10-04 20:09:13,268 [org.apache.hadoop.util.JvmPauseMonitor$Monitor@1ee1f87d] INFO  util.JvmPauseMonitor (JvmPauseMonitor.java:run(188)) - Starting JVM pause monitor
2019-10-04 20:09:13,272 [main] INFO  ozone.HddsDatanodeService (HddsDatanodeService.java:start(184)) - HddsDatanodeService host:pr-hdds-2239-ctfdh-543981580 ip:192.168.30.33
2019-10-04 20:09:13,272 [Datanode State Machine Thread - 0] INFO  datanode.InitDatanodeState (InitDatanodeState.java:persistContainerDatanodeDetails(140)) - DatanodeDetails is persisted to /workdir/hadoop-ozone/integration-test/target/test-dir/MiniOzoneClusterImpl-3e0866ea-37f1-4ee5-98b1-1080ecf2132c/datanode-5/meta/datanode.id
2019-10-04 20:09:13,278 [main] INFO  volume.HddsVolume (HddsVolume.java:<init>(176)) - Creating Volume: /workdir/hadoop-ozone/integration-test/target/test-dir/MiniOzoneClusterImpl-3e0866ea-37f1-4ee5-98b1-1080ecf2132c/datanode-6/data/containers/hdds of  storage type : DISK and capacity : 1482555576320
2019-10-04 20:09:13,279 [main] INFO  volume.VolumeSet (VolumeSet.java:initializeVolumeSet(170)) - Added Volume : /workdir/hadoop-ozone/integration-test/target/test-dir/MiniOzoneClusterImpl-3e0866ea-37f1-4ee5-98b1-1080ecf2132c/datanode-6/data/containers/hdds to VolumeSet
2019-10-04 20:09:13,279 [main] INFO  volume.ThrottledAsyncChecker (ThrottledAsyncChecker.java:schedule(139)) - Scheduling a check for org.apache.hadoop.ozone.container.common.volume.HddsVolume@cde8c6c
2019-10-04 20:09:13,280 [main] INFO  volume.HddsVolumeChecker (HddsVolumeChecker.java:checkAllVolumes(202)) - Scheduled health check for volume org.apache.hadoop.ozone.container.common.volume.HddsVolume@cde8c6c
2019-10-04 20:09:13,298 [main] INFO  impl.RaftServerProxy (ConfUtils.java:logGet(43)) - raft.rpc.type = GRPC (default)
2019-10-04 20:09:13,298 [main] INFO  grpc.GrpcFactory (GrpcFactory.java:checkPooledByteBufAllocatorUseCacheForAllThreads(45)) - PERFORMANCE WARNING: useCacheForAllThreads is true that may cause Netty to create a lot garbage objects and, as a result, trigger GC.
	It is recommended to disable useCacheForAllThreads by setting -Dorg.apache.ratis.thirdparty.io.netty.allocator.useCacheForAllThreads=false in command line.
2019-10-04 20:09:13,298 [main] INFO  grpc.GrpcConfigKeys$Server (ConfUtils.java:logGet(43)) - raft.grpc.server.port = 0 (default)
2019-10-04 20:09:13,299 [main] INFO  server.GrpcService (ConfUtils.java:logGet(43)) - raft.grpc.message.size.max = 33570816 (custom)
2019-10-04 20:09:13,299 [main] INFO  server.RaftServerConfigKeys (ConfUtils.java:logGet(43)) - raft.server.log.appender.buffer.byte-limit = 33554432 (custom)
2019-10-04 20:09:13,299 [main] INFO  server.GrpcService (ConfUtils.java:logGet(43)) - raft.grpc.flow.control.window = 1MB (=1048576) (default)
2019-10-04 20:09:13,299 [main] INFO  server.RaftServerConfigKeys (ConfUtils.java:logGet(43)) - raft.server.rpc.request.timeout = 3000ms (default)
2019-10-04 20:09:13,300 [main] INFO  server.RaftServerConfigKeys (ConfUtils.java:logGet(43)) - raft.server.storage.dir = [/workdir/hadoop-ozone/integration-test/target/test-dir/MiniOzoneClusterImpl-3e0866ea-37f1-4ee5-98b1-1080ecf2132c/datanode-6/data/ratis] (custom)
2019-10-04 20:09:13,301 [main] INFO  hdfs.DFSUtil (DFSUtil.java:httpServerTemplateForNNAndJN(1641)) - Starting Web-server for hddsDatanode at: http://0.0.0.0:0
2019-10-04 20:09:13,303 [main] INFO  server.AuthenticationFilter (AuthenticationFilter.java:constructSecretProvider(240)) - Unable to initialize FileSignerSecretProvider, falling back to use random secrets.
2019-10-04 20:09:13,304 [main] WARN  http.HttpRequestLog (HttpRequestLog.java:getRequestLog(97)) - Jetty request log can only be enabled using Log4j
2019-10-04 20:09:13,306 [main] INFO  http.HttpServer2 (HttpServer2.java:addGlobalFilter(975)) - Added global filter 'safety' (class=org.apache.hadoop.http.HttpServer2$QuotingInputFilter)
2019-10-04 20:09:13,306 [main] INFO  http.HttpServer2 (HttpServer2.java:addFilter(948)) - Added filter static_user_filter (class=org.apache.hadoop.http.lib.StaticUserWebFilter$StaticUserFilter) to context hddsDatanode
2019-10-04 20:09:13,307 [main] INFO  http.HttpServer2 (HttpServer2.java:addFilter(958)) - Added filter static_user_filter (class=org.apache.hadoop.http.lib.StaticUserWebFilter$StaticUserFilter) to context static
2019-10-04 20:09:13,307 [main] INFO  http.HttpServer2 (HttpServer2.java:addFilter(958)) - Added filter static_user_filter (class=org.apache.hadoop.http.lib.StaticUserWebFilter$StaticUserFilter) to context logs
2019-10-04 20:09:13,308 [main] INFO  http.HttpServer2 (HttpServer2.java:bindListener(1191)) - Jetty bound to port 32962
2019-10-04 20:09:13,308 [main] INFO  server.Server (Server.java:doStart(351)) - jetty-9.3.25.v20180904, build timestamp: 2018-09-04T21:11:46Z, git hash: 3ce520221d0240229c862b122d2b06c12a625732
2019-10-04 20:09:13,310 [main] INFO  handler.ContextHandler (ContextHandler.java:doStart(781)) - Started o.e.j.s.ServletContextHandler@581b1c08{/logs,file:///workdir/hadoop-ozone/integration-test/target/log,AVAILABLE}
2019-10-04 20:09:13,311 [main] INFO  handler.ContextHandler (ContextHandler.java:doStart(781)) - Started o.e.j.s.ServletContextHandler@78b7f805{/static,jar:file:/home/user/.m2/repository/org/apache/hadoop/hadoop-hdds-container-service/0.5.0-SNAPSHOT/hadoop-hdds-container-service-0.5.0-SNAPSHOT.jar!/webapps/static,AVAILABLE}
2019-10-04 20:09:13,352 [main] INFO  handler.ContextHandler (ContextHandler.java:doStart(781)) - Started o.e.j.w.WebAppContext@4f59a516{/,file:///tmp/jetty-0.0.0.0-32962-hddsDatanode-_-any-1721724103163990353.dir/webapp/,AVAILABLE}{/hddsDatanode}
2019-10-04 20:09:13,353 [main] INFO  server.AbstractConnector (AbstractConnector.java:doStart(278)) - Started ServerConnector@4e22368c{HTTP/1.1,[http/1.1]}{0.0.0.0:32962}
2019-10-04 20:09:13,355 [main] INFO  server.Server (Server.java:doStart(419)) - Started @106761ms
2019-10-04 20:09:13,356 [main] WARN  impl.MetricsSystemImpl (MetricsSystemImpl.java:register(276)) - Sink prometheus already exists!
2019-10-04 20:09:13,357 [main] INFO  server.BaseHttpServer (BaseHttpServer.java:updateConnectorAddress(215)) - HTTP server of HDDSDATANODE is listening at http://0.0.0.0:32962
2019-10-04 20:09:13,357 [main] INFO  ozone.MiniOzoneClusterImpl (MiniOzoneClusterImpl.java:lambda$waitForClusterToBeReady$0(147)) - Waiting for cluster to be ready. Got 0 of 7 DN Heartbeats.
2019-10-04 20:09:13,358 [org.apache.hadoop.util.JvmPauseMonitor$Monitor@69f34ab] INFO  util.JvmPauseMonitor (JvmPauseMonitor.java:run(188)) - Starting JVM pause monitor
2019-10-04 20:09:13,360 [Datanode State Machine Thread - 0] INFO  datanode.InitDatanodeState (InitDatanodeState.java:persistContainerDatanodeDetails(140)) - DatanodeDetails is persisted to /workdir/hadoop-ozone/integration-test/target/test-dir/MiniOzoneClusterImpl-3e0866ea-37f1-4ee5-98b1-1080ecf2132c/datanode-6/meta/datanode.id
2019-10-04 20:09:14,357 [main] INFO  ozone.MiniOzoneClusterImpl (MiniOzoneClusterImpl.java:lambda$waitForClusterToBeReady$0(147)) - Waiting for cluster to be ready. Got 0 of 7 DN Heartbeats.
2019-10-04 20:09:14,902 [Datanode State Machine Thread - 0] INFO  ozoneimpl.OzoneContainer (OzoneContainer.java:start(217)) - Attempting to start container services.
2019-10-04 20:09:14,902 [Datanode State Machine Thread - 0] INFO  ozoneimpl.OzoneContainer (OzoneContainer.java:startContainerScrub(179)) - Background container scanner has been disabled.
2019-10-04 20:09:14,902 [Datanode State Machine Thread - 0] INFO  ratis.XceiverServerRatis (XceiverServerRatis.java:start(417)) - Starting XceiverServerRatis e35642a6-94a5-4a62-8e65-3cae1ee4cc2c at port 0
2019-10-04 20:09:14,910 [Datanode State Machine Thread - 0] INFO  impl.RaftServerProxy (RaftServerProxy.java:lambda$start$3(299)) - e35642a6-94a5-4a62-8e65-3cae1ee4cc2c: start RPC server
2019-10-04 20:09:14,911 [Datanode State Machine Thread - 0] INFO  server.GrpcService (GrpcService.java:startImpl(158)) - e35642a6-94a5-4a62-8e65-3cae1ee4cc2c: GrpcService started, listening on 0.0.0.0/0.0.0.0:38365
2019-10-04 20:09:14,911 [Datanode State Machine Thread - 0] INFO  ratis.XceiverServerRatis (XceiverServerRatis.java:start(427)) - XceiverServerRatis e35642a6-94a5-4a62-8e65-3cae1ee4cc2c is started using port 38365
2019-10-04 20:09:14,912 [Datanode State Machine Thread - 0] INFO  server.XceiverServerGrpc (XceiverServerGrpc.java:start(149)) - XceiverServerGrpc e35642a6-94a5-4a62-8e65-3cae1ee4cc2c is started using port 33086
2019-10-04 20:09:14,958 [Datanode State Machine Thread - 0] INFO  ozoneimpl.OzoneContainer (OzoneContainer.java:start(217)) - Attempting to start container services.
2019-10-04 20:09:14,958 [Datanode State Machine Thread - 0] INFO  ozoneimpl.OzoneContainer (OzoneContainer.java:startContainerScrub(179)) - Background container scanner has been disabled.
2019-10-04 20:09:14,958 [Datanode State Machine Thread - 0] INFO  ratis.XceiverServerRatis (XceiverServerRatis.java:start(417)) - Starting XceiverServerRatis 35896a73-53a8-4e65-9327-fe2195b86350 at port 0
2019-10-04 20:09:14,965 [Datanode State Machine Thread - 0] INFO  impl.RaftServerProxy (RaftServerProxy.java:lambda$start$3(299)) - 35896a73-53a8-4e65-9327-fe2195b86350: start RPC server
2019-10-04 20:09:14,966 [Datanode State Machine Thread - 0] INFO  server.GrpcService (GrpcService.java:startImpl(158)) - 35896a73-53a8-4e65-9327-fe2195b86350: GrpcService started, listening on 0.0.0.0/0.0.0.0:40530
2019-10-04 20:09:14,966 [Datanode State Machine Thread - 0] INFO  ratis.XceiverServerRatis (XceiverServerRatis.java:start(427)) - XceiverServerRatis 35896a73-53a8-4e65-9327-fe2195b86350 is started using port 40530
2019-10-04 20:09:14,967 [Datanode State Machine Thread - 0] INFO  server.XceiverServerGrpc (XceiverServerGrpc.java:start(149)) - XceiverServerGrpc 35896a73-53a8-4e65-9327-fe2195b86350 is started using port 43511
2019-10-04 20:09:15,046 [Datanode State Machine Thread - 0] INFO  ozoneimpl.OzoneContainer (OzoneContainer.java:start(217)) - Attempting to start container services.
2019-10-04 20:09:15,048 [Datanode State Machine Thread - 0] INFO  ozoneimpl.OzoneContainer (OzoneContainer.java:startContainerScrub(179)) - Background container scanner has been disabled.
2019-10-04 20:09:15,049 [Datanode State Machine Thread - 0] INFO  ratis.XceiverServerRatis (XceiverServerRatis.java:start(417)) - Starting XceiverServerRatis f90ae9ec-d3b4-4df5-bc2a-3643578826ae at port 0
2019-10-04 20:09:15,055 [Datanode State Machine Thread - 0] INFO  impl.RaftServerProxy (RaftServerProxy.java:lambda$start$3(299)) - f90ae9ec-d3b4-4df5-bc2a-3643578826ae: start RPC server
2019-10-04 20:09:15,056 [Datanode State Machine Thread - 0] INFO  server.GrpcService (GrpcService.java:startImpl(158)) - f90ae9ec-d3b4-4df5-bc2a-3643578826ae: GrpcService started, listening on 0.0.0.0/0.0.0.0:42538
2019-10-04 20:09:15,056 [Datanode State Machine Thread - 0] INFO  ratis.XceiverServerRatis (XceiverServerRatis.java:start(427)) - XceiverServerRatis f90ae9ec-d3b4-4df5-bc2a-3643578826ae is started using port 42538
2019-10-04 20:09:15,056 [Datanode State Machine Thread - 0] INFO  server.XceiverServerGrpc (XceiverServerGrpc.java:start(149)) - XceiverServerGrpc f90ae9ec-d3b4-4df5-bc2a-3643578826ae is started using port 41109
2019-10-04 20:09:15,122 [Datanode State Machine Thread - 0] INFO  ozoneimpl.OzoneContainer (OzoneContainer.java:start(217)) - Attempting to start container services.
2019-10-04 20:09:15,122 [Datanode State Machine Thread - 0] INFO  ozoneimpl.OzoneContainer (OzoneContainer.java:startContainerScrub(179)) - Background container scanner has been disabled.
2019-10-04 20:09:15,122 [Datanode State Machine Thread - 0] INFO  ratis.XceiverServerRatis (XceiverServerRatis.java:start(417)) - Starting XceiverServerRatis 87b3241b-db91-4463-b9c2-5df63382e6f1 at port 0
2019-10-04 20:09:15,129 [Datanode State Machine Thread - 0] INFO  impl.RaftServerProxy (RaftServerProxy.java:lambda$start$3(299)) - 87b3241b-db91-4463-b9c2-5df63382e6f1: start RPC server
2019-10-04 20:09:15,130 [Datanode State Machine Thread - 0] INFO  server.GrpcService (GrpcService.java:startImpl(158)) - 87b3241b-db91-4463-b9c2-5df63382e6f1: GrpcService started, listening on 0.0.0.0/0.0.0.0:46530
2019-10-04 20:09:15,130 [Datanode State Machine Thread - 0] INFO  ratis.XceiverServerRatis (XceiverServerRatis.java:start(427)) - XceiverServerRatis 87b3241b-db91-4463-b9c2-5df63382e6f1 is started using port 46530
2019-10-04 20:09:15,132 [Datanode State Machine Thread - 0] INFO  server.XceiverServerGrpc (XceiverServerGrpc.java:start(149)) - XceiverServerGrpc 87b3241b-db91-4463-b9c2-5df63382e6f1 is started using port 39831
2019-10-04 20:09:15,211 [Datanode State Machine Thread - 0] INFO  ozoneimpl.OzoneContainer (OzoneContainer.java:start(217)) - Attempting to start container services.
2019-10-04 20:09:15,211 [Datanode State Machine Thread - 0] INFO  ozoneimpl.OzoneContainer (OzoneContainer.java:startContainerScrub(179)) - Background container scanner has been disabled.
2019-10-04 20:09:15,211 [Datanode State Machine Thread - 0] INFO  ratis.XceiverServerRatis (XceiverServerRatis.java:start(417)) - Starting XceiverServerRatis d07450a8-d601-4bdf-9380-0e39503cc500 at port 0
2019-10-04 20:09:15,217 [Datanode State Machine Thread - 0] INFO  impl.RaftServerProxy (RaftServerProxy.java:lambda$start$3(299)) - d07450a8-d601-4bdf-9380-0e39503cc500: start RPC server
2019-10-04 20:09:15,218 [Datanode State Machine Thread - 0] INFO  server.GrpcService (GrpcService.java:startImpl(158)) - d07450a8-d601-4bdf-9380-0e39503cc500: GrpcService started, listening on 0.0.0.0/0.0.0.0:46808
2019-10-04 20:09:15,218 [Datanode State Machine Thread - 0] INFO  ratis.XceiverServerRatis (XceiverServerRatis.java:start(427)) - XceiverServerRatis d07450a8-d601-4bdf-9380-0e39503cc500 is started using port 46808
2019-10-04 20:09:15,218 [Datanode State Machine Thread - 0] INFO  server.XceiverServerGrpc (XceiverServerGrpc.java:start(149)) - XceiverServerGrpc d07450a8-d601-4bdf-9380-0e39503cc500 is started using port 45635
2019-10-04 20:09:15,294 [Datanode State Machine Thread - 0] INFO  ozoneimpl.OzoneContainer (OzoneContainer.java:start(217)) - Attempting to start container services.
2019-10-04 20:09:15,294 [Datanode State Machine Thread - 0] INFO  ozoneimpl.OzoneContainer (OzoneContainer.java:startContainerScrub(179)) - Background container scanner has been disabled.
2019-10-04 20:09:15,294 [Datanode State Machine Thread - 0] INFO  ratis.XceiverServerRatis (XceiverServerRatis.java:start(417)) - Starting XceiverServerRatis 3b32de6e-1077-4f98-9df9-673b0518360a at port 0
2019-10-04 20:09:15,300 [Datanode State Machine Thread - 0] INFO  impl.RaftServerProxy (RaftServerProxy.java:lambda$start$3(299)) - 3b32de6e-1077-4f98-9df9-673b0518360a: start RPC server
2019-10-04 20:09:15,301 [Datanode State Machine Thread - 0] INFO  server.GrpcService (GrpcService.java:startImpl(158)) - 3b32de6e-1077-4f98-9df9-673b0518360a: GrpcService started, listening on 0.0.0.0/0.0.0.0:33394
2019-10-04 20:09:15,301 [Datanode State Machine Thread - 0] INFO  ratis.XceiverServerRatis (XceiverServerRatis.java:start(427)) - XceiverServerRatis 3b32de6e-1077-4f98-9df9-673b0518360a is started using port 33394
2019-10-04 20:09:15,304 [Datanode State Machine Thread - 0] INFO  server.XceiverServerGrpc (XceiverServerGrpc.java:start(149)) - XceiverServerGrpc 3b32de6e-1077-4f98-9df9-673b0518360a is started using port 42300
2019-10-04 20:09:15,358 [main] INFO  ozone.MiniOzoneClusterImpl (MiniOzoneClusterImpl.java:lambda$waitForClusterToBeReady$0(147)) - Waiting for cluster to be ready. Got 0 of 7 DN Heartbeats.
2019-10-04 20:09:15,382 [Datanode State Machine Thread - 0] INFO  ozoneimpl.OzoneContainer (OzoneContainer.java:start(217)) - Attempting to start container services.
2019-10-04 20:09:15,382 [Datanode State Machine Thread - 0] INFO  ozoneimpl.OzoneContainer (OzoneContainer.java:startContainerScrub(179)) - Background container scanner has been disabled.
2019-10-04 20:09:15,382 [Datanode State Machine Thread - 0] INFO  ratis.XceiverServerRatis (XceiverServerRatis.java:start(417)) - Starting XceiverServerRatis e9a8cedd-f5bd-449d-89d0-4c8f341d7f6f at port 0
2019-10-04 20:09:15,389 [Datanode State Machine Thread - 0] INFO  impl.RaftServerProxy (RaftServerProxy.java:lambda$start$3(299)) - e9a8cedd-f5bd-449d-89d0-4c8f341d7f6f: start RPC server
2019-10-04 20:09:15,390 [Datanode State Machine Thread - 0] INFO  server.GrpcService (GrpcService.java:startImpl(158)) - e9a8cedd-f5bd-449d-89d0-4c8f341d7f6f: GrpcService started, listening on 0.0.0.0/0.0.0.0:41512
2019-10-04 20:09:15,390 [Datanode State Machine Thread - 0] INFO  ratis.XceiverServerRatis (XceiverServerRatis.java:start(427)) - XceiverServerRatis e9a8cedd-f5bd-449d-89d0-4c8f341d7f6f is started using port 41512
2019-10-04 20:09:15,391 [Datanode State Machine Thread - 0] INFO  server.XceiverServerGrpc (XceiverServerGrpc.java:start(149)) - XceiverServerGrpc e9a8cedd-f5bd-449d-89d0-4c8f341d7f6f is started using port 37399
2019-10-04 20:09:16,359 [main] INFO  ozone.MiniOzoneClusterImpl (MiniOzoneClusterImpl.java:lambda$waitForClusterToBeReady$0(147)) - Waiting for cluster to be ready. Got 0 of 7 DN Heartbeats.
2019-10-04 20:09:16,876 [IPC Server handler 5 on 36262] INFO  net.NetworkTopology (NetworkTopologyImpl.java:add(111)) - Added a new node: /default-rack/e35642a6-94a5-4a62-8e65-3cae1ee4cc2c
2019-10-04 20:09:16,879 [IPC Server handler 5 on 36262] INFO  node.SCMNodeManager (SCMNodeManager.java:register(268)) - Registered Data node : e35642a6-94a5-4a62-8e65-3cae1ee4cc2c{ip: 192.168.30.33, host: pr-hdds-2239-ctfdh-543981580, networkLocation: /default-rack, certSerialId: null}
2019-10-04 20:09:16,880 [EventQueue-NodeRegistrationContainerReportForDataNodeSafeModeRule] INFO  safemode.SCMSafeModeManager (DataNodeSafeModeRule.java:process(71)) - SCM in safe mode. 1 DataNodes registered, 1 required.
2019-10-04 20:09:16,882 [EventQueue-NodeRegistrationContainerReportForDataNodeSafeModeRule] INFO  safemode.SCMSafeModeManager (SCMSafeModeManager.java:validateSafeModeExitRules(177)) - ScmSafeModeManager, all rules are successfully validated
2019-10-04 20:09:16,883 [EventQueue-NodeRegistrationContainerReportForDataNodeSafeModeRule] INFO  safemode.SCMSafeModeManager (SCMSafeModeManager.java:exitSafeMode(193)) - SCM exiting safe mode.
2019-10-04 20:09:16,897 [grpc-default-executor-2] INFO  impl.RaftServerProxy (RaftServerProxy.java:addNew(89)) - e35642a6-94a5-4a62-8e65-3cae1ee4cc2c: addNew group-D1B3B4671D43:[e35642a6-94a5-4a62-8e65-3cae1ee4cc2c:192.168.30.33:38365] returns group-D1B3B4671D43:java.util.concurrent.CompletableFuture@53dedd9f[Not completed]
2019-10-04 20:09:16,901 [pool-207-thread-1] INFO  impl.RaftServerImpl (RaftServerImpl.java:<init>(95)) - e35642a6-94a5-4a62-8e65-3cae1ee4cc2c: new RaftServerImpl for group-D1B3B4671D43:[e35642a6-94a5-4a62-8e65-3cae1ee4cc2c:192.168.30.33:38365] with ContainerStateMachine:uninitialized
2019-10-04 20:09:16,901 [pool-207-thread-1] INFO  server.RaftServerConfigKeys (ConfUtils.java:logGet(43)) - raft.server.rpc.timeout.min = 5s (custom)
2019-10-04 20:09:16,901 [pool-207-thread-1] INFO  server.RaftServerConfigKeys (ConfUtils.java:logGet(43)) - raft.server.rpc.timeout.max = 5200ms (custom)
2019-10-04 20:09:16,901 [pool-207-thread-1] INFO  server.RaftServerConfigKeys (ConfUtils.java:logGet(43)) - raft.server.rpcslowness.timeout = 120s (custom)
2019-10-04 20:09:16,902 [pool-207-thread-1] INFO  server.RaftServerConfigKeys (ConfUtils.java:logGet(43)) - raft.server.sleep.deviation.threshold = 300 (default)
2019-10-04 20:09:16,902 [pool-207-thread-1] INFO  server.RaftServerConfigKeys (ConfUtils.java:logGet(43)) - raft.server.log.appender.install.snapshot.enabled = false (custom)
2019-10-04 20:09:16,902 [pool-207-thread-1] INFO  impl.RaftServerImpl (ServerState.java:<init>(103)) - e35642a6-94a5-4a62-8e65-3cae1ee4cc2c@group-D1B3B4671D43: ConfigurationManager, init=-1: [e35642a6-94a5-4a62-8e65-3cae1ee4cc2c:192.168.30.33:38365], old=null, confs=<EMPTY_MAP>
2019-10-04 20:09:16,902 [pool-207-thread-1] INFO  server.RaftServerConfigKeys (ConfUtils.java:logGet(43)) - raft.server.storage.dir = [/workdir/hadoop-ozone/integration-test/target/test-dir/MiniOzoneClusterImpl-3e0866ea-37f1-4ee5-98b1-1080ecf2132c/datanode-0/data/ratis] (custom)
2019-10-04 20:09:16,903 [pool-207-thread-1] INFO  server.RaftServerConfigKeys (ConfUtils.java:logGet(43)) - raft.server.log.corruption.policy = EXCEPTION (default)
2019-10-04 20:09:16,903 [pool-207-thread-1] INFO  storage.RaftStorageDirectory (RaftStorageDirectory.java:analyzeStorage(246)) - The storage directory /workdir/hadoop-ozone/integration-test/target/test-dir/MiniOzoneClusterImpl-3e0866ea-37f1-4ee5-98b1-1080ecf2132c/datanode-0/data/ratis/68204808-5487-43b3-a09f-d1b3b4671d43 does not exist. Creating ...
2019-10-04 20:09:16,918 [pool-207-thread-1] INFO  storage.RaftStorageDirectory (RaftStorageDirectory.java:tryLock(328)) - Lock on /workdir/hadoop-ozone/integration-test/target/test-dir/MiniOzoneClusterImpl-3e0866ea-37f1-4ee5-98b1-1080ecf2132c/datanode-0/data/ratis/68204808-5487-43b3-a09f-d1b3b4671d43/in_use.lock acquired by nodename 12932@pr-hdds-2239-ctfdh-543981580
2019-10-04 20:09:16,932 [pool-207-thread-1] INFO  storage.RaftStorage (RaftStorage.java:format(84)) - Storage directory /workdir/hadoop-ozone/integration-test/target/test-dir/MiniOzoneClusterImpl-3e0866ea-37f1-4ee5-98b1-1080ecf2132c/datanode-0/data/ratis/68204808-5487-43b3-a09f-d1b3b4671d43 has been successfully formatted.
2019-10-04 20:09:16,932 [pool-207-thread-1] INFO  ratis.ContainerStateMachine (ContainerStateMachine.java:loadSnapshot(230)) - group-D1B3B4671D43: The snapshot info is null. Setting the last applied indexto:(t:0, i:~)
2019-10-04 20:09:16,932 [pool-207-thread-1] INFO  server.RaftServerConfigKeys (ConfUtils.java:logGet(43)) - raft.server.notification.no-leader.timeout = 120s (custom)
2019-10-04 20:09:16,932 [pool-207-thread-1] INFO  server.RaftServerConfigKeys (ConfUtils.java:logGet(43)) - raft.server.log.use.memory = false (default)
2019-10-04 20:09:16,933 [pool-207-thread-1] INFO  server.RaftServerConfigKeys (ConfUtils.java:logGet(43)) - raft.server.log.purge.gap = 1000000 (custom)
2019-10-04 20:09:16,933 [IPC Server handler 6 on 36262] INFO  net.NetworkTopology (NetworkTopologyImpl.java:add(111)) - Added a new node: /default-rack/35896a73-53a8-4e65-9327-fe2195b86350
2019-10-04 20:09:16,933 [pool-207-thread-1] INFO  server.RaftServerConfigKeys (ConfUtils.java:logGet(43)) - raft.server.log.appender.buffer.byte-limit = 33554432 (custom)
2019-10-04 20:09:16,933 [IPC Server handler 6 on 36262] INFO  node.SCMNodeManager (SCMNodeManager.java:register(268)) - Registered Data node : 35896a73-53a8-4e65-9327-fe2195b86350{ip: 192.168.30.33, host: pr-hdds-2239-ctfdh-543981580, networkLocation: /default-rack, certSerialId: null}
2019-10-04 20:09:16,933 [pool-207-thread-1] INFO  server.RaftServerConfigKeys (ConfUtils.java:logGet(43)) - raft.server.log.segment.size.max = 1048576 (custom)
2019-10-04 20:09:16,936 [pool-207-thread-1] INFO  server.RaftServerConfigKeys (ConfUtils.java:logGet(43)) - raft.server.log.segment.cache.num.max = 2 (custom)
2019-10-04 20:09:16,936 [pool-207-thread-1] INFO  segmented.SegmentedRaftLogWorker (SegmentedRaftLogWorker.java:<init>(173)) - new e35642a6-94a5-4a62-8e65-3cae1ee4cc2c@group-D1B3B4671D43-SegmentedRaftLogWorker for RaftStorage:Storage Directory /workdir/hadoop-ozone/integration-test/target/test-dir/MiniOzoneClusterImpl-3e0866ea-37f1-4ee5-98b1-1080ecf2132c/datanode-0/data/ratis/68204808-5487-43b3-a09f-d1b3b4671d43
2019-10-04 20:09:16,936 [pool-207-thread-1] INFO  server.RaftServerConfigKeys (ConfUtils.java:logGet(43)) - raft.server.log.queue.byte-limit = 2147483647 (custom)
2019-10-04 20:09:16,936 [pool-207-thread-1] INFO  server.RaftServerConfigKeys (ConfUtils.java:logGet(43)) - raft.server.log.queue.element-limit = 1024 (custom)
2019-10-04 20:09:16,936 [pool-207-thread-1] INFO  server.RaftServerConfigKeys (ConfUtils.java:logGet(43)) - raft.server.log.segment.size.max = 1048576 (custom)
2019-10-04 20:09:16,936 [pool-207-thread-1] INFO  server.RaftServerConfigKeys (ConfUtils.java:logGet(43)) - raft.server.log.preallocated.size = 16384 (custom)
2019-10-04 20:09:16,937 [pool-207-thread-1] INFO  server.RaftServerConfigKeys (ConfUtils.java:logGet(43)) - raft.server.log.write.buffer.size = 33554432 (custom)
2019-10-04 20:09:16,937 [pool-207-thread-1] INFO  server.RaftServerConfigKeys (ConfUtils.java:logGet(43)) - raft.server.log.force.sync.num = 128 (default)
2019-10-04 20:09:16,937 [pool-207-thread-1] INFO  server.RaftServerConfigKeys (ConfUtils.java:logGet(43)) - raft.server.log.statemachine.data.sync = true (default)
2019-10-04 20:09:16,937 [pool-207-thread-1] INFO  server.RaftServerConfigKeys (ConfUtils.java:logGet(43)) - raft.server.log.statemachine.data.sync.timeout = 10s (default)
2019-10-04 20:09:16,937 [pool-207-thread-1] INFO  server.RaftServerConfigKeys (ConfUtils.java:logGet(43)) - raft.server.log.statemachine.data.sync.timeout.retry = -1 (default)
2019-10-04 20:09:16,938 [pool-207-thread-1] INFO  server.RaftServerConfigKeys (ConfUtils.java:logGet(43)) - raft.server.log.statemachine.data.caching.enabled = true (custom)
2019-10-04 20:09:16,938 [pool-207-thread-1] INFO  segmented.SegmentedRaftLogWorker (SegmentedRaftLogWorker.java:lambda$new$0(128)) - e35642a6-94a5-4a62-8e65-3cae1ee4cc2c@group-D1B3B4671D43-SegmentedRaftLogWorker: flushIndex: setUnconditionally 0 -> -1
2019-10-04 20:09:16,938 [pool-207-thread-1] INFO  server.RaftServerConfigKeys (ConfUtils.java:logGet(43)) - raft.server.snapshot.auto.trigger.enabled = true (custom)
2019-10-04 20:09:16,939 [pool-207-thread-1] INFO  server.RaftServerConfigKeys (ConfUtils.java:logGet(43)) - raft.server.snapshot.auto.trigger.threshold = 10000 (custom)
2019-10-04 20:09:16,939 [pool-207-thread-1] INFO  server.RaftServerConfigKeys (ConfUtils.java:logGet(43)) - raft.server.snapshot.retention.file.num = 5 (custom)
2019-10-04 20:09:16,939 [pool-207-thread-1] INFO  server.RaftServerConfigKeys (ConfUtils.java:logGet(43)) - raft.server.retrycache.expirytime = 600000ms (custom)
2019-10-04 20:09:16,941 [pool-207-thread-1] INFO  impl.RaftServerImpl (RaftServerImpl.java:start(181)) - e35642a6-94a5-4a62-8e65-3cae1ee4cc2c@group-D1B3B4671D43: start as a follower, conf=-1: [e35642a6-94a5-4a62-8e65-3cae1ee4cc2c:192.168.30.33:38365], old=null
2019-10-04 20:09:16,941 [pool-207-thread-1] INFO  impl.RaftServerImpl (RaftServerImpl.java:setRole(170)) - e35642a6-94a5-4a62-8e65-3cae1ee4cc2c@group-D1B3B4671D43: changes role from      null to FOLLOWER at term 0 for startAsFollower
2019-10-04 20:09:16,941 [pool-207-thread-1] INFO  impl.RoleInfo (RoleInfo.java:updateAndGet(143)) - e35642a6-94a5-4a62-8e65-3cae1ee4cc2c: start FollowerState
2019-10-04 20:09:16,942 [pool-207-thread-1] INFO  util.JmxRegister (JmxRegister.java:tryRegister(44)) - Successfully registered JMX Bean with object name Ratis:service=RaftServer,group=group-D1B3B4671D43,id=e35642a6-94a5-4a62-8e65-3cae1ee4cc2c
2019-10-04 20:09:16,950 [RatisPipelineUtilsThread] INFO  pipeline.PipelineStateManager (PipelineStateManager.java:addPipeline(56)) - Created pipeline Pipeline[ Id: 68204808-5487-43b3-a09f-d1b3b4671d43, Nodes: e35642a6-94a5-4a62-8e65-3cae1ee4cc2c{ip: 192.168.30.33, host: pr-hdds-2239-ctfdh-543981580, networkLocation: /default-rack, certSerialId: null}, Type:RATIS, Factor:ONE, State:OPEN]
2019-10-04 20:09:16,969 [grpc-default-executor-2] INFO  impl.RaftServerProxy (RaftServerProxy.java:addNew(89)) - 35896a73-53a8-4e65-9327-fe2195b86350: addNew group-6AB49C77CDD9:[35896a73-53a8-4e65-9327-fe2195b86350:192.168.30.33:40530] returns group-6AB49C77CDD9:java.util.concurrent.CompletableFuture@2532e1cc[Not completed]
2019-10-04 20:09:16,970 [pool-217-thread-1] INFO  impl.RaftServerImpl (RaftServerImpl.java:<init>(95)) - 35896a73-53a8-4e65-9327-fe2195b86350: new RaftServerImpl for group-6AB49C77CDD9:[35896a73-53a8-4e65-9327-fe2195b86350:192.168.30.33:40530] with ContainerStateMachine:uninitialized
2019-10-04 20:09:16,970 [pool-217-thread-1] INFO  server.RaftServerConfigKeys (ConfUtils.java:logGet(43)) - raft.server.rpc.timeout.min = 5s (custom)
2019-10-04 20:09:16,970 [pool-217-thread-1] INFO  server.RaftServerConfigKeys (ConfUtils.java:logGet(43)) - raft.server.rpc.timeout.max = 5200ms (custom)
2019-10-04 20:09:16,970 [pool-217-thread-1] INFO  server.RaftServerConfigKeys (ConfUtils.java:logGet(43)) - raft.server.rpcslowness.timeout = 120s (custom)
2019-10-04 20:09:16,971 [pool-217-thread-1] INFO  server.RaftServerConfigKeys (ConfUtils.java:logGet(43)) - raft.server.sleep.deviation.threshold = 300 (default)
2019-10-04 20:09:16,971 [pool-217-thread-1] INFO  server.RaftServerConfigKeys (ConfUtils.java:logGet(43)) - raft.server.log.appender.install.snapshot.enabled = false (custom)
2019-10-04 20:09:16,971 [pool-217-thread-1] INFO  impl.RaftServerImpl (ServerState.java:<init>(103)) - 35896a73-53a8-4e65-9327-fe2195b86350@group-6AB49C77CDD9: ConfigurationManager, init=-1: [35896a73-53a8-4e65-9327-fe2195b86350:192.168.30.33:40530], old=null, confs=<EMPTY_MAP>
2019-10-04 20:09:16,971 [pool-217-thread-1] INFO  server.RaftServerConfigKeys (ConfUtils.java:logGet(43)) - raft.server.storage.dir = [/workdir/hadoop-ozone/integration-test/target/test-dir/MiniOzoneClusterImpl-3e0866ea-37f1-4ee5-98b1-1080ecf2132c/datanode-1/data/ratis] (custom)
2019-10-04 20:09:16,971 [pool-217-thread-1] INFO  server.RaftServerConfigKeys (ConfUtils.java:logGet(43)) - raft.server.log.corruption.policy = EXCEPTION (default)
2019-10-04 20:09:16,971 [pool-217-thread-1] INFO  storage.RaftStorageDirectory (RaftStorageDirectory.java:analyzeStorage(246)) - The storage directory /workdir/hadoop-ozone/integration-test/target/test-dir/MiniOzoneClusterImpl-3e0866ea-37f1-4ee5-98b1-1080ecf2132c/datanode-1/data/ratis/423b7a75-8731-4c32-ad3b-6ab49c77cdd9 does not exist. Creating ...
2019-10-04 20:09:16,988 [pool-217-thread-1] INFO  storage.RaftStorageDirectory (RaftStorageDirectory.java:tryLock(328)) - Lock on /workdir/hadoop-ozone/integration-test/target/test-dir/MiniOzoneClusterImpl-3e0866ea-37f1-4ee5-98b1-1080ecf2132c/datanode-1/data/ratis/423b7a75-8731-4c32-ad3b-6ab49c77cdd9/in_use.lock acquired by nodename 12932@pr-hdds-2239-ctfdh-543981580
2019-10-04 20:09:17,005 [pool-217-thread-1] INFO  storage.RaftStorage (RaftStorage.java:format(84)) - Storage directory /workdir/hadoop-ozone/integration-test/target/test-dir/MiniOzoneClusterImpl-3e0866ea-37f1-4ee5-98b1-1080ecf2132c/datanode-1/data/ratis/423b7a75-8731-4c32-ad3b-6ab49c77cdd9 has been successfully formatted.
2019-10-04 20:09:17,005 [pool-217-thread-1] INFO  ratis.ContainerStateMachine (ContainerStateMachine.java:loadSnapshot(230)) - group-6AB49C77CDD9: The snapshot info is null. Setting the last applied indexto:(t:0, i:~)
2019-10-04 20:09:17,005 [pool-217-thread-1] INFO  server.RaftServerConfigKeys (ConfUtils.java:logGet(43)) - raft.server.notification.no-leader.timeout = 120s (custom)
2019-10-04 20:09:17,006 [pool-217-thread-1] INFO  server.RaftServerConfigKeys (ConfUtils.java:logGet(43)) - raft.server.log.use.memory = false (default)
2019-10-04 20:09:17,006 [pool-217-thread-1] INFO  server.RaftServerConfigKeys (ConfUtils.java:logGet(43)) - raft.server.log.purge.gap = 1000000 (custom)
2019-10-04 20:09:17,006 [pool-217-thread-1] INFO  server.RaftServerConfigKeys (ConfUtils.java:logGet(43)) - raft.server.log.appender.buffer.byte-limit = 33554432 (custom)
2019-10-04 20:09:17,006 [pool-217-thread-1] INFO  server.RaftServerConfigKeys (ConfUtils.java:logGet(43)) - raft.server.log.segment.size.max = 1048576 (custom)
2019-10-04 20:09:17,008 [pool-217-thread-1] INFO  server.RaftServerConfigKeys (ConfUtils.java:logGet(43)) - raft.server.log.segment.cache.num.max = 2 (custom)
2019-10-04 20:09:17,008 [pool-217-thread-1] INFO  segmented.SegmentedRaftLogWorker (SegmentedRaftLogWorker.java:<init>(173)) - new 35896a73-53a8-4e65-9327-fe2195b86350@group-6AB49C77CDD9-SegmentedRaftLogWorker for RaftStorage:Storage Directory /workdir/hadoop-ozone/integration-test/target/test-dir/MiniOzoneClusterImpl-3e0866ea-37f1-4ee5-98b1-1080ecf2132c/datanode-1/data/ratis/423b7a75-8731-4c32-ad3b-6ab49c77cdd9
2019-10-04 20:09:17,008 [pool-217-thread-1] INFO  server.RaftServerConfigKeys (ConfUtils.java:logGet(43)) - raft.server.log.queue.byte-limit = 2147483647 (custom)
2019-10-04 20:09:17,008 [pool-217-thread-1] INFO  server.RaftServerConfigKeys (ConfUtils.java:logGet(43)) - raft.server.log.queue.element-limit = 1024 (custom)
2019-10-04 20:09:17,008 [pool-217-thread-1] INFO  server.RaftServerConfigKeys (ConfUtils.java:logGet(43)) - raft.server.log.segment.size.max = 1048576 (custom)
2019-10-04 20:09:17,008 [pool-217-thread-1] INFO  server.RaftServerConfigKeys (ConfUtils.java:logGet(43)) - raft.server.log.preallocated.size = 16384 (custom)
2019-10-04 20:09:17,008 [pool-217-thread-1] INFO  server.RaftServerConfigKeys (ConfUtils.java:logGet(43)) - raft.server.log.write.buffer.size = 33554432 (custom)
2019-10-04 20:09:17,008 [pool-217-thread-1] INFO  server.RaftServerConfigKeys (ConfUtils.java:logGet(43)) - raft.server.log.force.sync.num = 128 (default)
2019-10-04 20:09:17,009 [pool-217-thread-1] INFO  server.RaftServerConfigKeys (ConfUtils.java:logGet(43)) - raft.server.log.statemachine.data.sync = true (default)
2019-10-04 20:09:17,009 [pool-217-thread-1] INFO  server.RaftServerConfigKeys (ConfUtils.java:logGet(43)) - raft.server.log.statemachine.data.sync.timeout = 10s (default)
2019-10-04 20:09:17,009 [pool-217-thread-1] INFO  server.RaftServerConfigKeys (ConfUtils.java:logGet(43)) - raft.server.log.statemachine.data.sync.timeout.retry = -1 (default)
2019-10-04 20:09:17,009 [pool-217-thread-1] INFO  server.RaftServerConfigKeys (ConfUtils.java:logGet(43)) - raft.server.log.statemachine.data.caching.enabled = true (custom)
2019-10-04 20:09:17,010 [pool-217-thread-1] INFO  segmented.SegmentedRaftLogWorker (SegmentedRaftLogWorker.java:lambda$new$0(128)) - 35896a73-53a8-4e65-9327-fe2195b86350@group-6AB49C77CDD9-SegmentedRaftLogWorker: flushIndex: setUnconditionally 0 -> -1
2019-10-04 20:09:17,010 [pool-217-thread-1] INFO  server.RaftServerConfigKeys (ConfUtils.java:logGet(43)) - raft.server.snapshot.auto.trigger.enabled = true (custom)
2019-10-04 20:09:17,010 [pool-217-thread-1] INFO  server.RaftServerConfigKeys (ConfUtils.java:logGet(43)) - raft.server.snapshot.auto.trigger.threshold = 10000 (custom)
2019-10-04 20:09:17,010 [pool-217-thread-1] INFO  server.RaftServerConfigKeys (ConfUtils.java:logGet(43)) - raft.server.snapshot.retention.file.num = 5 (custom)
2019-10-04 20:09:17,010 [pool-217-thread-1] INFO  server.RaftServerConfigKeys (ConfUtils.java:logGet(43)) - raft.server.retrycache.expirytime = 600000ms (custom)
2019-10-04 20:09:17,012 [pool-217-thread-1] INFO  impl.RaftServerImpl (RaftServerImpl.java:start(181)) - 35896a73-53a8-4e65-9327-fe2195b86350@group-6AB49C77CDD9: start as a follower, conf=-1: [35896a73-53a8-4e65-9327-fe2195b86350:192.168.30.33:40530], old=null
2019-10-04 20:09:17,012 [pool-217-thread-1] INFO  impl.RaftServerImpl (RaftServerImpl.java:setRole(170)) - 35896a73-53a8-4e65-9327-fe2195b86350@group-6AB49C77CDD9: changes role from      null to FOLLOWER at term 0 for startAsFollower
2019-10-04 20:09:17,013 [pool-217-thread-1] INFO  impl.RoleInfo (RoleInfo.java:updateAndGet(143)) - 35896a73-53a8-4e65-9327-fe2195b86350: start FollowerState
2019-10-04 20:09:17,013 [pool-217-thread-1] INFO  util.JmxRegister (JmxRegister.java:tryRegister(44)) - Successfully registered JMX Bean with object name Ratis:service=RaftServer,group=group-6AB49C77CDD9,id=35896a73-53a8-4e65-9327-fe2195b86350
2019-10-04 20:09:17,019 [RatisPipelineUtilsThread] INFO  pipeline.PipelineStateManager (PipelineStateManager.java:addPipeline(56)) - Created pipeline Pipeline[ Id: 423b7a75-8731-4c32-ad3b-6ab49c77cdd9, Nodes: 35896a73-53a8-4e65-9327-fe2195b86350{ip: 192.168.30.33, host: pr-hdds-2239-ctfdh-543981580, networkLocation: /default-rack, certSerialId: null}, Type:RATIS, Factor:ONE, State:OPEN]
2019-10-04 20:09:17,028 [IPC Server handler 0 on 36262] INFO  net.NetworkTopology (NetworkTopologyImpl.java:add(111)) - Added a new node: /default-rack/f90ae9ec-d3b4-4df5-bc2a-3643578826ae
2019-10-04 20:09:17,028 [IPC Server handler 0 on 36262] INFO  node.SCMNodeManager (SCMNodeManager.java:register(268)) - Registered Data node : f90ae9ec-d3b4-4df5-bc2a-3643578826ae{ip: 192.168.30.33, host: pr-hdds-2239-ctfdh-543981580, networkLocation: /default-rack, certSerialId: null}
2019-10-04 20:09:17,034 [grpc-default-executor-2] INFO  impl.RaftServerProxy (RaftServerProxy.java:addNew(89)) - f90ae9ec-d3b4-4df5-bc2a-3643578826ae: addNew group-6560EB4A000E:[f90ae9ec-d3b4-4df5-bc2a-3643578826ae:192.168.30.33:42538] returns group-6560EB4A000E:java.util.concurrent.CompletableFuture@43018e55[Not completed]
2019-10-04 20:09:17,035 [pool-227-thread-1] INFO  impl.RaftServerImpl (RaftServerImpl.java:<init>(95)) - f90ae9ec-d3b4-4df5-bc2a-3643578826ae: new RaftServerImpl for group-6560EB4A000E:[f90ae9ec-d3b4-4df5-bc2a-3643578826ae:192.168.30.33:42538] with ContainerStateMachine:uninitialized
2019-10-04 20:09:17,035 [pool-227-thread-1] INFO  server.RaftServerConfigKeys (ConfUtils.java:logGet(43)) - raft.server.rpc.timeout.min = 5s (custom)
2019-10-04 20:09:17,035 [pool-227-thread-1] INFO  server.RaftServerConfigKeys (ConfUtils.java:logGet(43)) - raft.server.rpc.timeout.max = 5200ms (custom)
2019-10-04 20:09:17,035 [pool-227-thread-1] INFO  server.RaftServerConfigKeys (ConfUtils.java:logGet(43)) - raft.server.rpcslowness.timeout = 120s (custom)
2019-10-04 20:09:17,035 [pool-227-thread-1] INFO  server.RaftServerConfigKeys (ConfUtils.java:logGet(43)) - raft.server.sleep.deviation.threshold = 300 (default)
2019-10-04 20:09:17,035 [pool-227-thread-1] INFO  server.RaftServerConfigKeys (ConfUtils.java:logGet(43)) - raft.server.log.appender.install.snapshot.enabled = false (custom)
2019-10-04 20:09:17,035 [pool-227-thread-1] INFO  impl.RaftServerImpl (ServerState.java:<init>(103)) - f90ae9ec-d3b4-4df5-bc2a-3643578826ae@group-6560EB4A000E: ConfigurationManager, init=-1: [f90ae9ec-d3b4-4df5-bc2a-3643578826ae:192.168.30.33:42538], old=null, confs=<EMPTY_MAP>
2019-10-04 20:09:17,035 [pool-227-thread-1] INFO  server.RaftServerConfigKeys (ConfUtils.java:logGet(43)) - raft.server.storage.dir = [/workdir/hadoop-ozone/integration-test/target/test-dir/MiniOzoneClusterImpl-3e0866ea-37f1-4ee5-98b1-1080ecf2132c/datanode-2/data/ratis] (custom)
2019-10-04 20:09:17,036 [pool-227-thread-1] INFO  server.RaftServerConfigKeys (ConfUtils.java:logGet(43)) - raft.server.log.corruption.policy = EXCEPTION (default)
2019-10-04 20:09:17,036 [pool-227-thread-1] INFO  storage.RaftStorageDirectory (RaftStorageDirectory.java:analyzeStorage(246)) - The storage directory /workdir/hadoop-ozone/integration-test/target/test-dir/MiniOzoneClusterImpl-3e0866ea-37f1-4ee5-98b1-1080ecf2132c/datanode-2/data/ratis/22b882ad-8769-4853-860f-6560eb4a000e does not exist. Creating ...
2019-10-04 20:09:17,049 [pool-227-thread-1] INFO  storage.RaftStorageDirectory (RaftStorageDirectory.java:tryLock(328)) - Lock on /workdir/hadoop-ozone/integration-test/target/test-dir/MiniOzoneClusterImpl-3e0866ea-37f1-4ee5-98b1-1080ecf2132c/datanode-2/data/ratis/22b882ad-8769-4853-860f-6560eb4a000e/in_use.lock acquired by nodename 12932@pr-hdds-2239-ctfdh-543981580
2019-10-04 20:09:17,062 [pool-227-thread-1] INFO  storage.RaftStorage (RaftStorage.java:format(84)) - Storage directory /workdir/hadoop-ozone/integration-test/target/test-dir/MiniOzoneClusterImpl-3e0866ea-37f1-4ee5-98b1-1080ecf2132c/datanode-2/data/ratis/22b882ad-8769-4853-860f-6560eb4a000e has been successfully formatted.
2019-10-04 20:09:17,062 [pool-227-thread-1] INFO  ratis.ContainerStateMachine (ContainerStateMachine.java:loadSnapshot(230)) - group-6560EB4A000E: The snapshot info is null. Setting the last applied indexto:(t:0, i:~)
2019-10-04 20:09:17,062 [pool-227-thread-1] INFO  server.RaftServerConfigKeys (ConfUtils.java:logGet(43)) - raft.server.notification.no-leader.timeout = 120s (custom)
2019-10-04 20:09:17,062 [pool-227-thread-1] INFO  server.RaftServerConfigKeys (ConfUtils.java:logGet(43)) - raft.server.log.use.memory = false (default)
2019-10-04 20:09:17,062 [pool-227-thread-1] INFO  server.RaftServerConfigKeys (ConfUtils.java:logGet(43)) - raft.server.log.purge.gap = 1000000 (custom)
2019-10-04 20:09:17,063 [pool-227-thread-1] INFO  server.RaftServerConfigKeys (ConfUtils.java:logGet(43)) - raft.server.log.appender.buffer.byte-limit = 33554432 (custom)
2019-10-04 20:09:17,063 [pool-227-thread-1] INFO  server.RaftServerConfigKeys (ConfUtils.java:logGet(43)) - raft.server.log.segment.size.max = 1048576 (custom)
2019-10-04 20:09:17,064 [pool-227-thread-1] INFO  server.RaftServerConfigKeys (ConfUtils.java:logGet(43)) - raft.server.log.segment.cache.num.max = 2 (custom)
2019-10-04 20:09:17,064 [pool-227-thread-1] INFO  segmented.SegmentedRaftLogWorker (SegmentedRaftLogWorker.java:<init>(173)) - new f90ae9ec-d3b4-4df5-bc2a-3643578826ae@group-6560EB4A000E-SegmentedRaftLogWorker for RaftStorage:Storage Directory /workdir/hadoop-ozone/integration-test/target/test-dir/MiniOzoneClusterImpl-3e0866ea-37f1-4ee5-98b1-1080ecf2132c/datanode-2/data/ratis/22b882ad-8769-4853-860f-6560eb4a000e
2019-10-04 20:09:17,064 [pool-227-thread-1] INFO  server.RaftServerConfigKeys (ConfUtils.java:logGet(43)) - raft.server.log.queue.byte-limit = 2147483647 (custom)
2019-10-04 20:09:17,065 [pool-227-thread-1] INFO  server.RaftServerConfigKeys (ConfUtils.java:logGet(43)) - raft.server.log.queue.element-limit = 1024 (custom)
2019-10-04 20:09:17,065 [pool-227-thread-1] INFO  server.RaftServerConfigKeys (ConfUtils.java:logGet(43)) - raft.server.log.segment.size.max = 1048576 (custom)
2019-10-04 20:09:17,065 [pool-227-thread-1] INFO  server.RaftServerConfigKeys (ConfUtils.java:logGet(43)) - raft.server.log.preallocated.size = 16384 (custom)
2019-10-04 20:09:17,065 [pool-227-thread-1] INFO  server.RaftServerConfigKeys (ConfUtils.java:logGet(43)) - raft.server.log.write.buffer.size = 33554432 (custom)
2019-10-04 20:09:17,065 [pool-227-thread-1] INFO  server.RaftServerConfigKeys (ConfUtils.java:logGet(43)) - raft.server.log.force.sync.num = 128 (default)
2019-10-04 20:09:17,065 [pool-227-thread-1] INFO  server.RaftServerConfigKeys (ConfUtils.java:logGet(43)) - raft.server.log.statemachine.data.sync = true (default)
2019-10-04 20:09:17,065 [pool-227-thread-1] INFO  server.RaftServerConfigKeys (ConfUtils.java:logGet(43)) - raft.server.log.statemachine.data.sync.timeout = 10s (default)
2019-10-04 20:09:17,065 [pool-227-thread-1] INFO  server.RaftServerConfigKeys (ConfUtils.java:logGet(43)) - raft.server.log.statemachine.data.sync.timeout.retry = -1 (default)
2019-10-04 20:09:17,066 [pool-227-thread-1] INFO  server.RaftServerConfigKeys (ConfUtils.java:logGet(43)) - raft.server.log.statemachine.data.caching.enabled = true (custom)
2019-10-04 20:09:17,066 [pool-227-thread-1] INFO  segmented.SegmentedRaftLogWorker (SegmentedRaftLogWorker.java:lambda$new$0(128)) - f90ae9ec-d3b4-4df5-bc2a-3643578826ae@group-6560EB4A000E-SegmentedRaftLogWorker: flushIndex: setUnconditionally 0 -> -1
2019-10-04 20:09:17,066 [pool-227-thread-1] INFO  server.RaftServerConfigKeys (ConfUtils.java:logGet(43)) - raft.server.snapshot.auto.trigger.enabled = true (custom)
2019-10-04 20:09:17,066 [pool-227-thread-1] INFO  server.RaftServerConfigKeys (ConfUtils.java:logGet(43)) - raft.server.snapshot.auto.trigger.threshold = 10000 (custom)
2019-10-04 20:09:17,066 [pool-227-thread-1] INFO  server.RaftServerConfigKeys (ConfUtils.java:logGet(43)) - raft.server.snapshot.retention.file.num = 5 (custom)
2019-10-04 20:09:17,066 [pool-227-thread-1] INFO  server.RaftServerConfigKeys (ConfUtils.java:logGet(43)) - raft.server.retrycache.expirytime = 600000ms (custom)
2019-10-04 20:09:17,068 [pool-227-thread-1] INFO  impl.RaftServerImpl (RaftServerImpl.java:start(181)) - f90ae9ec-d3b4-4df5-bc2a-3643578826ae@group-6560EB4A000E: start as a follower, conf=-1: [f90ae9ec-d3b4-4df5-bc2a-3643578826ae:192.168.30.33:42538], old=null
2019-10-04 20:09:17,068 [pool-227-thread-1] INFO  impl.RaftServerImpl (RaftServerImpl.java:setRole(170)) - f90ae9ec-d3b4-4df5-bc2a-3643578826ae@group-6560EB4A000E: changes role from      null to FOLLOWER at term 0 for startAsFollower
2019-10-04 20:09:17,068 [pool-227-thread-1] INFO  impl.RoleInfo (RoleInfo.java:updateAndGet(143)) - f90ae9ec-d3b4-4df5-bc2a-3643578826ae: start FollowerState
2019-10-04 20:09:17,068 [pool-227-thread-1] INFO  util.JmxRegister (JmxRegister.java:tryRegister(44)) - Successfully registered JMX Bean with object name Ratis:service=RaftServer,group=group-6560EB4A000E,id=f90ae9ec-d3b4-4df5-bc2a-3643578826ae
2019-10-04 20:09:17,074 [RatisPipelineUtilsThread] INFO  pipeline.PipelineStateManager (PipelineStateManager.java:addPipeline(56)) - Created pipeline Pipeline[ Id: 22b882ad-8769-4853-860f-6560eb4a000e, Nodes: f90ae9ec-d3b4-4df5-bc2a-3643578826ae{ip: 192.168.30.33, host: pr-hdds-2239-ctfdh-543981580, networkLocation: /default-rack, certSerialId: null}, Type:RATIS, Factor:ONE, State:OPEN]
2019-10-04 20:09:17,087 [grpc-default-executor-5] INFO  impl.RaftServerProxy (RaftServerProxy.java:addNew(89)) - f90ae9ec-d3b4-4df5-bc2a-3643578826ae: addNew group-445DFB4D7286:[f90ae9ec-d3b4-4df5-bc2a-3643578826ae:192.168.30.33:42538, 35896a73-53a8-4e65-9327-fe2195b86350:192.168.30.33:40530, e35642a6-94a5-4a62-8e65-3cae1ee4cc2c:192.168.30.33:38365] returns group-445DFB4D7286:java.util.concurrent.CompletableFuture@6aae4ba7[Not completed]
2019-10-04 20:09:17,088 [grpc-default-executor-2] INFO  impl.RaftServerProxy (RaftServerProxy.java:addNew(89)) - e35642a6-94a5-4a62-8e65-3cae1ee4cc2c: addNew group-445DFB4D7286:[f90ae9ec-d3b4-4df5-bc2a-3643578826ae:192.168.30.33:42538, 35896a73-53a8-4e65-9327-fe2195b86350:192.168.30.33:40530, e35642a6-94a5-4a62-8e65-3cae1ee4cc2c:192.168.30.33:38365] returns group-445DFB4D7286:java.util.concurrent.CompletableFuture@5e9364eb[Not completed]
2019-10-04 20:09:17,088 [grpc-default-executor-5] INFO  impl.RaftServerProxy (RaftServerProxy.java:addNew(89)) - 35896a73-53a8-4e65-9327-fe2195b86350: addNew group-445DFB4D7286:[f90ae9ec-d3b4-4df5-bc2a-3643578826ae:192.168.30.33:42538, 35896a73-53a8-4e65-9327-fe2195b86350:192.168.30.33:40530, e35642a6-94a5-4a62-8e65-3cae1ee4cc2c:192.168.30.33:38365] returns group-445DFB4D7286:java.util.concurrent.CompletableFuture@576fe466[Not completed]
2019-10-04 20:09:17,089 [pool-227-thread-1] INFO  impl.RaftServerImpl (RaftServerImpl.java:<init>(95)) - f90ae9ec-d3b4-4df5-bc2a-3643578826ae: new RaftServerImpl for group-445DFB4D7286:[f90ae9ec-d3b4-4df5-bc2a-3643578826ae:192.168.30.33:42538, 35896a73-53a8-4e65-9327-fe2195b86350:192.168.30.33:40530, e35642a6-94a5-4a62-8e65-3cae1ee4cc2c:192.168.30.33:38365] with ContainerStateMachine:uninitialized
2019-10-04 20:09:17,089 [pool-227-thread-1] INFO  server.RaftServerConfigKeys (ConfUtils.java:logGet(43)) - raft.server.rpc.timeout.min = 5s (custom)
2019-10-04 20:09:17,089 [pool-227-thread-1] INFO  server.RaftServerConfigKeys (ConfUtils.java:logGet(43)) - raft.server.rpc.timeout.max = 5200ms (custom)
2019-10-04 20:09:17,089 [pool-217-thread-1] INFO  impl.RaftServerImpl (RaftServerImpl.java:<init>(95)) - 35896a73-53a8-4e65-9327-fe2195b86350: new RaftServerImpl for group-445DFB4D7286:[f90ae9ec-d3b4-4df5-bc2a-3643578826ae:192.168.30.33:42538, 35896a73-53a8-4e65-9327-fe2195b86350:192.168.30.33:40530, e35642a6-94a5-4a62-8e65-3cae1ee4cc2c:192.168.30.33:38365] with ContainerStateMachine:uninitialized
2019-10-04 20:09:17,089 [pool-227-thread-1] INFO  server.RaftServerConfigKeys (ConfUtils.java:logGet(43)) - raft.server.rpcslowness.timeout = 120s (custom)
2019-10-04 20:09:17,089 [pool-217-thread-1] INFO  server.RaftServerConfigKeys (ConfUtils.java:logGet(43)) - raft.server.rpc.timeout.min = 5s (custom)
2019-10-04 20:09:17,089 [pool-227-thread-1] INFO  server.RaftServerConfigKeys (ConfUtils.java:logGet(43)) - raft.server.sleep.deviation.threshold = 300 (default)
2019-10-04 20:09:17,089 [pool-217-thread-1] INFO  server.RaftServerConfigKeys (ConfUtils.java:logGet(43)) - raft.server.rpc.timeout.max = 5200ms (custom)
2019-10-04 20:09:17,090 [pool-227-thread-1] INFO  server.RaftServerConfigKeys (ConfUtils.java:logGet(43)) - raft.server.log.appender.install.snapshot.enabled = false (custom)
2019-10-04 20:09:17,090 [pool-207-thread-1] INFO  impl.RaftServerImpl (RaftServerImpl.java:<init>(95)) - e35642a6-94a5-4a62-8e65-3cae1ee4cc2c: new RaftServerImpl for group-445DFB4D7286:[f90ae9ec-d3b4-4df5-bc2a-3643578826ae:192.168.30.33:42538, 35896a73-53a8-4e65-9327-fe2195b86350:192.168.30.33:40530, e35642a6-94a5-4a62-8e65-3cae1ee4cc2c:192.168.30.33:38365] with ContainerStateMachine:uninitialized
2019-10-04 20:09:17,090 [pool-217-thread-1] INFO  server.RaftServerConfigKeys (ConfUtils.java:logGet(43)) - raft.server.rpcslowness.timeout = 120s (custom)
2019-10-04 20:09:17,090 [pool-207-thread-1] INFO  server.RaftServerConfigKeys (ConfUtils.java:logGet(43)) - raft.server.rpc.timeout.min = 5s (custom)
2019-10-04 20:09:17,090 [pool-227-thread-1] INFO  impl.RaftServerImpl (ServerState.java:<init>(103)) - f90ae9ec-d3b4-4df5-bc2a-3643578826ae@group-445DFB4D7286: ConfigurationManager, init=-1: [f90ae9ec-d3b4-4df5-bc2a-3643578826ae:192.168.30.33:42538, 35896a73-53a8-4e65-9327-fe2195b86350:192.168.30.33:40530, e35642a6-94a5-4a62-8e65-3cae1ee4cc2c:192.168.30.33:38365], old=null, confs=<EMPTY_MAP>
2019-10-04 20:09:17,090 [pool-207-thread-1] INFO  server.RaftServerConfigKeys (ConfUtils.java:logGet(43)) - raft.server.rpc.timeout.max = 5200ms (custom)
2019-10-04 20:09:17,090 [pool-217-thread-1] INFO  server.RaftServerConfigKeys (ConfUtils.java:logGet(43)) - raft.server.sleep.deviation.threshold = 300 (default)
2019-10-04 20:09:17,090 [pool-207-thread-1] INFO  server.RaftServerConfigKeys (ConfUtils.java:logGet(43)) - raft.server.rpcslowness.timeout = 120s (custom)
2019-10-04 20:09:17,090 [pool-227-thread-1] INFO  server.RaftServerConfigKeys (ConfUtils.java:logGet(43)) - raft.server.storage.dir = [/workdir/hadoop-ozone/integration-test/target/test-dir/MiniOzoneClusterImpl-3e0866ea-37f1-4ee5-98b1-1080ecf2132c/datanode-2/data/ratis] (custom)
2019-10-04 20:09:17,091 [pool-207-thread-1] INFO  server.RaftServerConfigKeys (ConfUtils.java:logGet(43)) - raft.server.sleep.deviation.threshold = 300 (default)
2019-10-04 20:09:17,091 [pool-217-thread-1] INFO  server.RaftServerConfigKeys (ConfUtils.java:logGet(43)) - raft.server.log.appender.install.snapshot.enabled = false (custom)
2019-10-04 20:09:17,091 [pool-227-thread-1] INFO  server.RaftServerConfigKeys (ConfUtils.java:logGet(43)) - raft.server.log.corruption.policy = EXCEPTION (default)
2019-10-04 20:09:17,091 [pool-207-thread-1] INFO  server.RaftServerConfigKeys (ConfUtils.java:logGet(43)) - raft.server.log.appender.install.snapshot.enabled = false (custom)
2019-10-04 20:09:17,091 [pool-227-thread-1] INFO  storage.RaftStorageDirectory (RaftStorageDirectory.java:analyzeStorage(246)) - The storage directory /workdir/hadoop-ozone/integration-test/target/test-dir/MiniOzoneClusterImpl-3e0866ea-37f1-4ee5-98b1-1080ecf2132c/datanode-2/data/ratis/114f494d-c253-47cb-bcc2-445dfb4d7286 does not exist. Creating ...
2019-10-04 20:09:17,091 [pool-207-thread-1] INFO  impl.RaftServerImpl (ServerState.java:<init>(103)) - e35642a6-94a5-4a62-8e65-3cae1ee4cc2c@group-445DFB4D7286: ConfigurationManager, init=-1: [f90ae9ec-d3b4-4df5-bc2a-3643578826ae:192.168.30.33:42538, 35896a73-53a8-4e65-9327-fe2195b86350:192.168.30.33:40530, e35642a6-94a5-4a62-8e65-3cae1ee4cc2c:192.168.30.33:38365], old=null, confs=<EMPTY_MAP>
2019-10-04 20:09:17,091 [pool-217-thread-1] INFO  impl.RaftServerImpl (ServerState.java:<init>(103)) - 35896a73-53a8-4e65-9327-fe2195b86350@group-445DFB4D7286: ConfigurationManager, init=-1: [f90ae9ec-d3b4-4df5-bc2a-3643578826ae:192.168.30.33:42538, 35896a73-53a8-4e65-9327-fe2195b86350:192.168.30.33:40530, e35642a6-94a5-4a62-8e65-3cae1ee4cc2c:192.168.30.33:38365], old=null, confs=<EMPTY_MAP>
2019-10-04 20:09:17,092 [pool-207-thread-1] INFO  server.RaftServerConfigKeys (ConfUtils.java:logGet(43)) - raft.server.storage.dir = [/workdir/hadoop-ozone/integration-test/target/test-dir/MiniOzoneClusterImpl-3e0866ea-37f1-4ee5-98b1-1080ecf2132c/datanode-0/data/ratis] (custom)
2019-10-04 20:09:17,092 [pool-217-thread-1] INFO  server.RaftServerConfigKeys (ConfUtils.java:logGet(43)) - raft.server.storage.dir = [/workdir/hadoop-ozone/integration-test/target/test-dir/MiniOzoneClusterImpl-3e0866ea-37f1-4ee5-98b1-1080ecf2132c/datanode-1/data/ratis] (custom)
2019-10-04 20:09:17,092 [pool-207-thread-1] INFO  server.RaftServerConfigKeys (ConfUtils.java:logGet(43)) - raft.server.log.corruption.policy = EXCEPTION (default)
2019-10-04 20:09:17,092 [pool-217-thread-1] INFO  server.RaftServerConfigKeys (ConfUtils.java:logGet(43)) - raft.server.log.corruption.policy = EXCEPTION (default)
2019-10-04 20:09:17,092 [pool-207-thread-1] INFO  storage.RaftStorageDirectory (RaftStorageDirectory.java:analyzeStorage(246)) - The storage directory /workdir/hadoop-ozone/integration-test/target/test-dir/MiniOzoneClusterImpl-3e0866ea-37f1-4ee5-98b1-1080ecf2132c/datanode-0/data/ratis/114f494d-c253-47cb-bcc2-445dfb4d7286 does not exist. Creating ...
2019-10-04 20:09:17,092 [pool-217-thread-1] INFO  storage.RaftStorageDirectory (RaftStorageDirectory.java:analyzeStorage(246)) - The storage directory /workdir/hadoop-ozone/integration-test/target/test-dir/MiniOzoneClusterImpl-3e0866ea-37f1-4ee5-98b1-1080ecf2132c/datanode-1/data/ratis/114f494d-c253-47cb-bcc2-445dfb4d7286 does not exist. Creating ...
2019-10-04 20:09:17,109 [pool-207-thread-1] INFO  storage.RaftStorageDirectory (RaftStorageDirectory.java:tryLock(328)) - Lock on /workdir/hadoop-ozone/integration-test/target/test-dir/MiniOzoneClusterImpl-3e0866ea-37f1-4ee5-98b1-1080ecf2132c/datanode-0/data/ratis/114f494d-c253-47cb-bcc2-445dfb4d7286/in_use.lock acquired by nodename 12932@pr-hdds-2239-ctfdh-543981580
2019-10-04 20:09:17,109 [pool-217-thread-1] INFO  storage.RaftStorageDirectory (RaftStorageDirectory.java:tryLock(328)) - Lock on /workdir/hadoop-ozone/integration-test/target/test-dir/MiniOzoneClusterImpl-3e0866ea-37f1-4ee5-98b1-1080ecf2132c/datanode-1/data/ratis/114f494d-c253-47cb-bcc2-445dfb4d7286/in_use.lock acquired by nodename 12932@pr-hdds-2239-ctfdh-543981580
2019-10-04 20:09:17,109 [pool-227-thread-1] INFO  storage.RaftStorageDirectory (RaftStorageDirectory.java:tryLock(328)) - Lock on /workdir/hadoop-ozone/integration-test/target/test-dir/MiniOzoneClusterImpl-3e0866ea-37f1-4ee5-98b1-1080ecf2132c/datanode-2/data/ratis/114f494d-c253-47cb-bcc2-445dfb4d7286/in_use.lock acquired by nodename 12932@pr-hdds-2239-ctfdh-543981580
2019-10-04 20:09:17,114 [IPC Server handler 2 on 36262] INFO  net.NetworkTopology (NetworkTopologyImpl.java:add(111)) - Added a new node: /default-rack/87b3241b-db91-4463-b9c2-5df63382e6f1
2019-10-04 20:09:17,114 [IPC Server handler 2 on 36262] INFO  node.SCMNodeManager (SCMNodeManager.java:register(268)) - Registered Data node : 87b3241b-db91-4463-b9c2-5df63382e6f1{ip: 192.168.30.33, host: pr-hdds-2239-ctfdh-543981580, networkLocation: /default-rack, certSerialId: null}
2019-10-04 20:09:17,146 [pool-217-thread-1] INFO  storage.RaftStorage (RaftStorage.java:format(84)) - Storage directory /workdir/hadoop-ozone/integration-test/target/test-dir/MiniOzoneClusterImpl-3e0866ea-37f1-4ee5-98b1-1080ecf2132c/datanode-1/data/ratis/114f494d-c253-47cb-bcc2-445dfb4d7286 has been successfully formatted.
2019-10-04 20:09:17,146 [pool-227-thread-1] INFO  storage.RaftStorage (RaftStorage.java:format(84)) - Storage directory /workdir/hadoop-ozone/integration-test/target/test-dir/MiniOzoneClusterImpl-3e0866ea-37f1-4ee5-98b1-1080ecf2132c/datanode-2/data/ratis/114f494d-c253-47cb-bcc2-445dfb4d7286 has been successfully formatted.
2019-10-04 20:09:17,146 [pool-207-thread-1] INFO  storage.RaftStorage (RaftStorage.java:format(84)) - Storage directory /workdir/hadoop-ozone/integration-test/target/test-dir/MiniOzoneClusterImpl-3e0866ea-37f1-4ee5-98b1-1080ecf2132c/datanode-0/data/ratis/114f494d-c253-47cb-bcc2-445dfb4d7286 has been successfully formatted.
2019-10-04 20:09:17,147 [pool-217-thread-1] INFO  ratis.ContainerStateMachine (ContainerStateMachine.java:loadSnapshot(230)) - group-445DFB4D7286: The snapshot info is null. Setting the last applied indexto:(t:0, i:~)
2019-10-04 20:09:17,147 [pool-227-thread-1] INFO  ratis.ContainerStateMachine (ContainerStateMachine.java:loadSnapshot(230)) - group-445DFB4D7286: The snapshot info is null. Setting the last applied indexto:(t:0, i:~)
2019-10-04 20:09:17,147 [pool-217-thread-1] INFO  server.RaftServerConfigKeys (ConfUtils.java:logGet(43)) - raft.server.notification.no-leader.timeout = 120s (custom)
2019-10-04 20:09:17,147 [pool-207-thread-1] INFO  ratis.ContainerStateMachine (ContainerStateMachine.java:loadSnapshot(230)) - group-445DFB4D7286: The snapshot info is null. Setting the last applied indexto:(t:0, i:~)
2019-10-04 20:09:17,147 [pool-217-thread-1] INFO  server.RaftServerConfigKeys (ConfUtils.java:logGet(43)) - raft.server.log.use.memory = false (default)
2019-10-04 20:09:17,147 [pool-227-thread-1] INFO  server.RaftServerConfigKeys (ConfUtils.java:logGet(43)) - raft.server.notification.no-leader.timeout = 120s (custom)
2019-10-04 20:09:17,147 [pool-217-thread-1] INFO  server.RaftServerConfigKeys (ConfUtils.java:logGet(43)) - raft.server.log.purge.gap = 1000000 (custom)
2019-10-04 20:09:17,147 [pool-207-thread-1] INFO  server.RaftServerConfigKeys (ConfUtils.java:logGet(43)) - raft.server.notification.no-leader.timeout = 120s (custom)
2019-10-04 20:09:17,148 [pool-217-thread-1] INFO  server.RaftServerConfigKeys (ConfUtils.java:logGet(43)) - raft.server.log.appender.buffer.byte-limit = 33554432 (custom)
2019-10-04 20:09:17,147 [pool-227-thread-1] INFO  server.RaftServerConfigKeys (ConfUtils.java:logGet(43)) - raft.server.log.use.memory = false (default)
2019-10-04 20:09:17,148 [pool-217-thread-1] INFO  server.RaftServerConfigKeys (ConfUtils.java:logGet(43)) - raft.server.log.segment.size.max = 1048576 (custom)
2019-10-04 20:09:17,148 [pool-207-thread-1] INFO  server.RaftServerConfigKeys (ConfUtils.java:logGet(43)) - raft.server.log.use.memory = false (default)
2019-10-04 20:09:17,148 [pool-217-thread-1] INFO  server.RaftServerConfigKeys (ConfUtils.java:logGet(43)) - raft.server.log.segment.cache.num.max = 2 (custom)
2019-10-04 20:09:17,148 [pool-227-thread-1] INFO  server.RaftServerConfigKeys (ConfUtils.java:logGet(43)) - raft.server.log.purge.gap = 1000000 (custom)
2019-10-04 20:09:17,148 [pool-217-thread-1] INFO  segmented.SegmentedRaftLogWorker (SegmentedRaftLogWorker.java:<init>(173)) - new 35896a73-53a8-4e65-9327-fe2195b86350@group-445DFB4D7286-SegmentedRaftLogWorker for RaftStorage:Storage Directory /workdir/hadoop-ozone/integration-test/target/test-dir/MiniOzoneClusterImpl-3e0866ea-37f1-4ee5-98b1-1080ecf2132c/datanode-1/data/ratis/114f494d-c253-47cb-bcc2-445dfb4d7286
2019-10-04 20:09:17,148 [pool-207-thread-1] INFO  server.RaftServerConfigKeys (ConfUtils.java:logGet(43)) - raft.server.log.purge.gap = 1000000 (custom)
2019-10-04 20:09:17,148 [pool-217-thread-1] INFO  server.RaftServerConfigKeys (ConfUtils.java:logGet(43)) - raft.server.log.queue.byte-limit = 2147483647 (custom)
2019-10-04 20:09:17,148 [pool-227-thread-1] INFO  server.RaftServerConfigKeys (ConfUtils.java:logGet(43)) - raft.server.log.appender.buffer.byte-limit = 33554432 (custom)
2019-10-04 20:09:17,149 [pool-217-thread-1] INFO  server.RaftServerConfigKeys (ConfUtils.java:logGet(43)) - raft.server.log.queue.element-limit = 1024 (custom)
2019-10-04 20:09:17,149 [pool-207-thread-1] INFO  server.RaftServerConfigKeys (ConfUtils.java:logGet(43)) - raft.server.log.appender.buffer.byte-limit = 33554432 (custom)
2019-10-04 20:09:17,149 [pool-217-thread-1] INFO  server.RaftServerConfigKeys (ConfUtils.java:logGet(43)) - raft.server.log.segment.size.max = 1048576 (custom)
2019-10-04 20:09:17,149 [pool-227-thread-1] INFO  server.RaftServerConfigKeys (ConfUtils.java:logGet(43)) - raft.server.log.segment.size.max = 1048576 (custom)
2019-10-04 20:09:17,149 [pool-217-thread-1] INFO  server.RaftServerConfigKeys (ConfUtils.java:logGet(43)) - raft.server.log.preallocated.size = 16384 (custom)
2019-10-04 20:09:17,149 [pool-207-thread-1] INFO  server.RaftServerConfigKeys (ConfUtils.java:logGet(43)) - raft.server.log.segment.size.max = 1048576 (custom)
2019-10-04 20:09:17,149 [pool-217-thread-1] INFO  server.RaftServerConfigKeys (ConfUtils.java:logGet(43)) - raft.server.log.write.buffer.size = 33554432 (custom)
2019-10-04 20:09:17,149 [pool-227-thread-1] INFO  server.RaftServerConfigKeys (ConfUtils.java:logGet(43)) - raft.server.log.segment.cache.num.max = 2 (custom)
2019-10-04 20:09:17,150 [pool-217-thread-1] INFO  server.RaftServerConfigKeys (ConfUtils.java:logGet(43)) - raft.server.log.force.sync.num = 128 (default)
2019-10-04 20:09:17,150 [pool-207-thread-1] INFO  server.RaftServerConfigKeys (ConfUtils.java:logGet(43)) - raft.server.log.segment.cache.num.max = 2 (custom)
2019-10-04 20:09:17,150 [pool-217-thread-1] INFO  server.RaftServerConfigKeys (ConfUtils.java:logGet(43)) - raft.server.log.statemachine.data.sync = true (default)
2019-10-04 20:09:17,150 [pool-227-thread-1] INFO  segmented.SegmentedRaftLogWorker (SegmentedRaftLogWorker.java:<init>(173)) - new f90ae9ec-d3b4-4df5-bc2a-3643578826ae@group-445DFB4D7286-SegmentedRaftLogWorker for RaftStorage:Storage Directory /workdir/hadoop-ozone/integration-test/target/test-dir/MiniOzoneClusterImpl-3e0866ea-37f1-4ee5-98b1-1080ecf2132c/datanode-2/data/ratis/114f494d-c253-47cb-bcc2-445dfb4d7286
2019-10-04 20:09:17,150 [pool-217-thread-1] INFO  server.RaftServerConfigKeys (ConfUtils.java:logGet(43)) - raft.server.log.statemachine.data.sync.timeout = 10s (default)
2019-10-04 20:09:17,150 [pool-207-thread-1] INFO  segmented.SegmentedRaftLogWorker (SegmentedRaftLogWorker.java:<init>(173)) - new e35642a6-94a5-4a62-8e65-3cae1ee4cc2c@group-445DFB4D7286-SegmentedRaftLogWorker for RaftStorage:Storage Directory /workdir/hadoop-ozone/integration-test/target/test-dir/MiniOzoneClusterImpl-3e0866ea-37f1-4ee5-98b1-1080ecf2132c/datanode-0/data/ratis/114f494d-c253-47cb-bcc2-445dfb4d7286
2019-10-04 20:09:17,150 [pool-217-thread-1] INFO  server.RaftServerConfigKeys (ConfUtils.java:logGet(43)) - raft.server.log.statemachine.data.sync.timeout.retry = -1 (default)
2019-10-04 20:09:17,150 [pool-227-thread-1] INFO  server.RaftServerConfigKeys (ConfUtils.java:logGet(43)) - raft.server.log.queue.byte-limit = 2147483647 (custom)
2019-10-04 20:09:17,151 [pool-217-thread-1] INFO  server.RaftServerConfigKeys (ConfUtils.java:logGet(43)) - raft.server.log.statemachine.data.caching.enabled = true (custom)
2019-10-04 20:09:17,150 [pool-207-thread-1] INFO  server.RaftServerConfigKeys (ConfUtils.java:logGet(43)) - raft.server.log.queue.byte-limit = 2147483647 (custom)
2019-10-04 20:09:17,151 [pool-227-thread-1] INFO  server.RaftServerConfigKeys (ConfUtils.java:logGet(43)) - raft.server.log.queue.element-limit = 1024 (custom)
2019-10-04 20:09:17,151 [pool-217-thread-1] INFO  segmented.SegmentedRaftLogWorker (SegmentedRaftLogWorker.java:lambda$new$0(128)) - 35896a73-53a8-4e65-9327-fe2195b86350@group-445DFB4D7286-SegmentedRaftLogWorker: flushIndex: setUnconditionally 0 -> -1
2019-10-04 20:09:17,151 [pool-207-thread-1] INFO  server.RaftServerConfigKeys (ConfUtils.java:logGet(43)) - raft.server.log.queue.element-limit = 1024 (custom)
2019-10-04 20:09:17,151 [pool-227-thread-1] INFO  server.RaftServerConfigKeys (ConfUtils.java:logGet(43)) - raft.server.log.segment.size.max = 1048576 (custom)
2019-10-04 20:09:17,151 [pool-207-thread-1] INFO  server.RaftServerConfigKeys (ConfUtils.java:logGet(43)) - raft.server.log.segment.size.max = 1048576 (custom)
2019-10-04 20:09:17,151 [pool-217-thread-1] INFO  server.RaftServerConfigKeys (ConfUtils.java:logGet(43)) - raft.server.snapshot.auto.trigger.enabled = true (custom)
2019-10-04 20:09:17,152 [pool-207-thread-1] INFO  server.RaftServerConfigKeys (ConfUtils.java:logGet(43)) - raft.server.log.preallocated.size = 16384 (custom)
2019-10-04 20:09:17,151 [pool-227-thread-1] INFO  server.RaftServerConfigKeys (ConfUtils.java:logGet(43)) - raft.server.log.preallocated.size = 16384 (custom)
2019-10-04 20:09:17,152 [pool-207-thread-1] INFO  server.RaftServerConfigKeys (ConfUtils.java:logGet(43)) - raft.server.log.write.buffer.size = 33554432 (custom)
2019-10-04 20:09:17,152 [pool-207-thread-1] INFO  server.RaftServerConfigKeys (ConfUtils.java:logGet(43)) - raft.server.log.force.sync.num = 128 (default)
2019-10-04 20:09:17,152 [pool-217-thread-1] INFO  server.RaftServerConfigKeys (ConfUtils.java:logGet(43)) - raft.server.snapshot.auto.trigger.threshold = 10000 (custom)
2019-10-04 20:09:17,152 [pool-207-thread-1] INFO  server.RaftServerConfigKeys (ConfUtils.java:logGet(43)) - raft.server.log.statemachine.data.sync = true (default)
2019-10-04 20:09:17,152 [pool-227-thread-1] INFO  server.RaftServerConfigKeys (ConfUtils.java:logGet(43)) - raft.server.log.write.buffer.size = 33554432 (custom)
2019-10-04 20:09:17,152 [pool-207-thread-1] INFO  server.RaftServerConfigKeys (ConfUtils.java:logGet(43)) - raft.server.log.statemachine.data.sync.timeout = 10s (default)
2019-10-04 20:09:17,152 [pool-217-thread-1] INFO  server.RaftServerConfigKeys (ConfUtils.java:logGet(43)) - raft.server.snapshot.retention.file.num = 5 (custom)
2019-10-04 20:09:17,153 [pool-207-thread-1] INFO  server.RaftServerConfigKeys (ConfUtils.java:logGet(43)) - raft.server.log.statemachine.data.sync.timeout.retry = -1 (default)
2019-10-04 20:09:17,153 [pool-227-thread-1] INFO  server.RaftServerConfigKeys (ConfUtils.java:logGet(43)) - raft.server.log.force.sync.num = 128 (default)
2019-10-04 20:09:17,153 [pool-207-thread-1] INFO  server.RaftServerConfigKeys (ConfUtils.java:logGet(43)) - raft.server.log.statemachine.data.caching.enabled = true (custom)
2019-10-04 20:09:17,153 [pool-217-thread-1] INFO  server.RaftServerConfigKeys (ConfUtils.java:logGet(43)) - raft.server.retrycache.expirytime = 600000ms (custom)
2019-10-04 20:09:17,153 [pool-227-thread-1] INFO  server.RaftServerConfigKeys (ConfUtils.java:logGet(43)) - raft.server.log.statemachine.data.sync = true (default)
2019-10-04 20:09:17,153 [pool-207-thread-1] INFO  segmented.SegmentedRaftLogWorker (SegmentedRaftLogWorker.java:lambda$new$0(128)) - e35642a6-94a5-4a62-8e65-3cae1ee4cc2c@group-445DFB4D7286-SegmentedRaftLogWorker: flushIndex: setUnconditionally 0 -> -1
2019-10-04 20:09:17,153 [pool-227-thread-1] INFO  server.RaftServerConfigKeys (ConfUtils.java:logGet(43)) - raft.server.log.statemachine.data.sync.timeout = 10s (default)
2019-10-04 20:09:17,154 [pool-207-thread-1] INFO  server.RaftServerConfigKeys (ConfUtils.java:logGet(43)) - raft.server.snapshot.auto.trigger.enabled = true (custom)
2019-10-04 20:09:17,154 [pool-227-thread-1] INFO  server.RaftServerConfigKeys (ConfUtils.java:logGet(43)) - raft.server.log.statemachine.data.sync.timeout.retry = -1 (default)
2019-10-04 20:09:17,154 [pool-207-thread-1] INFO  server.RaftServerConfigKeys (ConfUtils.java:logGet(43)) - raft.server.snapshot.auto.trigger.threshold = 10000 (custom)
2019-10-04 20:09:17,154 [pool-227-thread-1] INFO  server.RaftServerConfigKeys (ConfUtils.java:logGet(43)) - raft.server.log.statemachine.data.caching.enabled = true (custom)
2019-10-04 20:09:17,154 [pool-207-thread-1] INFO  server.RaftServerConfigKeys (ConfUtils.java:logGet(43)) - raft.server.snapshot.retention.file.num = 5 (custom)
2019-10-04 20:09:17,154 [pool-207-thread-1] INFO  server.RaftServerConfigKeys (ConfUtils.java:logGet(43)) - raft.server.retrycache.expirytime = 600000ms (custom)
2019-10-04 20:09:17,154 [pool-227-thread-1] INFO  segmented.SegmentedRaftLogWorker (SegmentedRaftLogWorker.java:lambda$new$0(128)) - f90ae9ec-d3b4-4df5-bc2a-3643578826ae@group-445DFB4D7286-SegmentedRaftLogWorker: flushIndex: setUnconditionally 0 -> -1
2019-10-04 20:09:17,155 [pool-217-thread-1] INFO  impl.RaftServerImpl (RaftServerImpl.java:start(181)) - 35896a73-53a8-4e65-9327-fe2195b86350@group-445DFB4D7286: start as a follower, conf=-1: [f90ae9ec-d3b4-4df5-bc2a-3643578826ae:192.168.30.33:42538, 35896a73-53a8-4e65-9327-fe2195b86350:192.168.30.33:40530, e35642a6-94a5-4a62-8e65-3cae1ee4cc2c:192.168.30.33:38365], old=null
2019-10-04 20:09:17,155 [pool-227-thread-1] INFO  server.RaftServerConfigKeys (ConfUtils.java:logGet(43)) - raft.server.snapshot.auto.trigger.enabled = true (custom)
2019-10-04 20:09:17,155 [pool-217-thread-1] INFO  impl.RaftServerImpl (RaftServerImpl.java:setRole(170)) - 35896a73-53a8-4e65-9327-fe2195b86350@group-445DFB4D7286: changes role from      null to FOLLOWER at term 0 for startAsFollower
2019-10-04 20:09:17,155 [pool-227-thread-1] INFO  server.RaftServerConfigKeys (ConfUtils.java:logGet(43)) - raft.server.snapshot.auto.trigger.threshold = 10000 (custom)
2019-10-04 20:09:17,155 [pool-217-thread-1] INFO  impl.RoleInfo (RoleInfo.java:updateAndGet(143)) - 35896a73-53a8-4e65-9327-fe2195b86350: start FollowerState
2019-10-04 20:09:17,155 [pool-227-thread-1] INFO  server.RaftServerConfigKeys (ConfUtils.java:logGet(43)) - raft.server.snapshot.retention.file.num = 5 (custom)
2019-10-04 20:09:17,155 [pool-227-thread-1] INFO  server.RaftServerConfigKeys (ConfUtils.java:logGet(43)) - raft.server.retrycache.expirytime = 600000ms (custom)
2019-10-04 20:09:17,156 [pool-217-thread-1] INFO  util.JmxRegister (JmxRegister.java:tryRegister(44)) - Successfully registered JMX Bean with object name Ratis:service=RaftServer,group=group-445DFB4D7286,id=35896a73-53a8-4e65-9327-fe2195b86350
2019-10-04 20:09:17,156 [pool-207-thread-1] INFO  impl.RaftServerImpl (RaftServerImpl.java:start(181)) - e35642a6-94a5-4a62-8e65-3cae1ee4cc2c@group-445DFB4D7286: start as a follower, conf=-1: [f90ae9ec-d3b4-4df5-bc2a-3643578826ae:192.168.30.33:42538, 35896a73-53a8-4e65-9327-fe2195b86350:192.168.30.33:40530, e35642a6-94a5-4a62-8e65-3cae1ee4cc2c:192.168.30.33:38365], old=null
2019-10-04 20:09:17,156 [pool-207-thread-1] INFO  impl.RaftServerImpl (RaftServerImpl.java:setRole(170)) - e35642a6-94a5-4a62-8e65-3cae1ee4cc2c@group-445DFB4D7286: changes role from      null to FOLLOWER at term 0 for startAsFollower
2019-10-04 20:09:17,156 [pool-207-thread-1] INFO  impl.RoleInfo (RoleInfo.java:updateAndGet(143)) - e35642a6-94a5-4a62-8e65-3cae1ee4cc2c: start FollowerState
2019-10-04 20:09:17,156 [pool-207-thread-1] INFO  util.JmxRegister (JmxRegister.java:tryRegister(44)) - Successfully registered JMX Bean with object name Ratis:service=RaftServer,group=group-445DFB4D7286,id=e35642a6-94a5-4a62-8e65-3cae1ee4cc2c
2019-10-04 20:09:17,159 [pool-227-thread-1] INFO  impl.RaftServerImpl (RaftServerImpl.java:start(181)) - f90ae9ec-d3b4-4df5-bc2a-3643578826ae@group-445DFB4D7286: start as a follower, conf=-1: [f90ae9ec-d3b4-4df5-bc2a-3643578826ae:192.168.30.33:42538, 35896a73-53a8-4e65-9327-fe2195b86350:192.168.30.33:40530, e35642a6-94a5-4a62-8e65-3cae1ee4cc2c:192.168.30.33:38365], old=null
2019-10-04 20:09:17,159 [pool-227-thread-1] INFO  impl.RaftServerImpl (RaftServerImpl.java:setRole(170)) - f90ae9ec-d3b4-4df5-bc2a-3643578826ae@group-445DFB4D7286: changes role from      null to FOLLOWER at term 0 for startAsFollower
2019-10-04 20:09:17,159 [pool-227-thread-1] INFO  impl.RoleInfo (RoleInfo.java:updateAndGet(143)) - f90ae9ec-d3b4-4df5-bc2a-3643578826ae: start FollowerState
2019-10-04 20:09:17,160 [pool-227-thread-1] INFO  util.JmxRegister (JmxRegister.java:tryRegister(44)) - Successfully registered JMX Bean with object name Ratis:service=RaftServer,group=group-445DFB4D7286,id=f90ae9ec-d3b4-4df5-bc2a-3643578826ae
2019-10-04 20:09:17,183 [RatisPipelineUtilsThread] INFO  pipeline.PipelineStateManager (PipelineStateManager.java:addPipeline(56)) - Created pipeline Pipeline[ Id: 114f494d-c253-47cb-bcc2-445dfb4d7286, Nodes: e35642a6-94a5-4a62-8e65-3cae1ee4cc2c{ip: 192.168.30.33, host: pr-hdds-2239-ctfdh-543981580, networkLocation: /default-rack, certSerialId: null}f90ae9ec-d3b4-4df5-bc2a-3643578826ae{ip: 192.168.30.33, host: pr-hdds-2239-ctfdh-543981580, networkLocation: /default-rack, certSerialId: null}35896a73-53a8-4e65-9327-fe2195b86350{ip: 192.168.30.33, host: pr-hdds-2239-ctfdh-543981580, networkLocation: /default-rack, certSerialId: null}, Type:RATIS, Factor:THREE, State:OPEN]
2019-10-04 20:09:17,200 [IPC Server handler 3 on 36262] INFO  net.NetworkTopology (NetworkTopologyImpl.java:add(111)) - Added a new node: /default-rack/d07450a8-d601-4bdf-9380-0e39503cc500
2019-10-04 20:09:17,201 [IPC Server handler 3 on 36262] INFO  node.SCMNodeManager (SCMNodeManager.java:register(268)) - Registered Data node : d07450a8-d601-4bdf-9380-0e39503cc500{ip: 192.168.30.33, host: pr-hdds-2239-ctfdh-543981580, networkLocation: /default-rack, certSerialId: null}
2019-10-04 20:09:17,214 [grpc-default-executor-4] INFO  impl.RaftServerProxy (RaftServerProxy.java:addNew(89)) - d07450a8-d601-4bdf-9380-0e39503cc500: addNew group-B6FD20DE699A:[d07450a8-d601-4bdf-9380-0e39503cc500:192.168.30.33:46808] returns group-B6FD20DE699A:java.util.concurrent.CompletableFuture@76342078[Not completed]
2019-10-04 20:09:17,217 [pool-247-thread-1] INFO  impl.RaftServerImpl (RaftServerImpl.java:<init>(95)) - d07450a8-d601-4bdf-9380-0e39503cc500: new RaftServerImpl for group-B6FD20DE699A:[d07450a8-d601-4bdf-9380-0e39503cc500:192.168.30.33:46808] with ContainerStateMachine:uninitialized
2019-10-04 20:09:17,217 [pool-247-thread-1] INFO  server.RaftServerConfigKeys (ConfUtils.java:logGet(43)) - raft.server.rpc.timeout.min = 5s (custom)
2019-10-04 20:09:17,218 [pool-247-thread-1] INFO  server.RaftServerConfigKeys (ConfUtils.java:logGet(43)) - raft.server.rpc.timeout.max = 5200ms (custom)
2019-10-04 20:09:17,218 [pool-247-thread-1] INFO  server.RaftServerConfigKeys (ConfUtils.java:logGet(43)) - raft.server.rpcslowness.timeout = 120s (custom)
2019-10-04 20:09:17,218 [pool-247-thread-1] INFO  server.RaftServerConfigKeys (ConfUtils.java:logGet(43)) - raft.server.sleep.deviation.threshold = 300 (default)
2019-10-04 20:09:17,218 [pool-247-thread-1] INFO  server.RaftServerConfigKeys (ConfUtils.java:logGet(43)) - raft.server.log.appender.install.snapshot.enabled = false (custom)
2019-10-04 20:09:17,218 [pool-247-thread-1] INFO  impl.RaftServerImpl (ServerState.java:<init>(103)) - d07450a8-d601-4bdf-9380-0e39503cc500@group-B6FD20DE699A: ConfigurationManager, init=-1: [d07450a8-d601-4bdf-9380-0e39503cc500:192.168.30.33:46808], old=null, confs=<EMPTY_MAP>
2019-10-04 20:09:17,218 [pool-247-thread-1] INFO  server.RaftServerConfigKeys (ConfUtils.java:logGet(43)) - raft.server.storage.dir = [/workdir/hadoop-ozone/integration-test/target/test-dir/MiniOzoneClusterImpl-3e0866ea-37f1-4ee5-98b1-1080ecf2132c/datanode-4/data/ratis] (custom)
2019-10-04 20:09:17,218 [pool-247-thread-1] INFO  server.RaftServerConfigKeys (ConfUtils.java:logGet(43)) - raft.server.log.corruption.policy = EXCEPTION (default)
2019-10-04 20:09:17,219 [pool-247-thread-1] INFO  storage.RaftStorageDirectory (RaftStorageDirectory.java:analyzeStorage(246)) - The storage directory /workdir/hadoop-ozone/integration-test/target/test-dir/MiniOzoneClusterImpl-3e0866ea-37f1-4ee5-98b1-1080ecf2132c/datanode-4/data/ratis/6cae12b9-15f6-40d7-a664-b6fd20de699a does not exist. Creating ...
2019-10-04 20:09:17,247 [pool-247-thread-1] INFO  storage.RaftStorageDirectory (RaftStorageDirectory.java:tryLock(328)) - Lock on /workdir/hadoop-ozone/integration-test/target/test-dir/MiniOzoneClusterImpl-3e0866ea-37f1-4ee5-98b1-1080ecf2132c/datanode-4/data/ratis/6cae12b9-15f6-40d7-a664-b6fd20de699a/in_use.lock acquired by nodename 12932@pr-hdds-2239-ctfdh-543981580
2019-10-04 20:09:17,270 [IPC Server handler 4 on 36262] INFO  net.NetworkTopology (NetworkTopologyImpl.java:add(111)) - Added a new node: /default-rack/3b32de6e-1077-4f98-9df9-673b0518360a
2019-10-04 20:09:17,270 [IPC Server handler 4 on 36262] INFO  node.SCMNodeManager (SCMNodeManager.java:register(268)) - Registered Data node : 3b32de6e-1077-4f98-9df9-673b0518360a{ip: 192.168.30.33, host: pr-hdds-2239-ctfdh-543981580, networkLocation: /default-rack, certSerialId: null}
2019-10-04 20:09:17,272 [pool-247-thread-1] INFO  storage.RaftStorage (RaftStorage.java:format(84)) - Storage directory /workdir/hadoop-ozone/integration-test/target/test-dir/MiniOzoneClusterImpl-3e0866ea-37f1-4ee5-98b1-1080ecf2132c/datanode-4/data/ratis/6cae12b9-15f6-40d7-a664-b6fd20de699a has been successfully formatted.
2019-10-04 20:09:17,272 [pool-247-thread-1] INFO  ratis.ContainerStateMachine (ContainerStateMachine.java:loadSnapshot(230)) - group-B6FD20DE699A: The snapshot info is null. Setting the last applied indexto:(t:0, i:~)
2019-10-04 20:09:17,273 [pool-247-thread-1] INFO  server.RaftServerConfigKeys (ConfUtils.java:logGet(43)) - raft.server.notification.no-leader.timeout = 120s (custom)
2019-10-04 20:09:17,273 [pool-247-thread-1] INFO  server.RaftServerConfigKeys (ConfUtils.java:logGet(43)) - raft.server.log.use.memory = false (default)
2019-10-04 20:09:17,273 [pool-247-thread-1] INFO  server.RaftServerConfigKeys (ConfUtils.java:logGet(43)) - raft.server.log.purge.gap = 1000000 (custom)
2019-10-04 20:09:17,273 [pool-247-thread-1] INFO  server.RaftServerConfigKeys (ConfUtils.java:logGet(43)) - raft.server.log.appender.buffer.byte-limit = 33554432 (custom)
2019-10-04 20:09:17,273 [pool-247-thread-1] INFO  server.RaftServerConfigKeys (ConfUtils.java:logGet(43)) - raft.server.log.segment.size.max = 1048576 (custom)
2019-10-04 20:09:17,275 [pool-247-thread-1] INFO  server.RaftServerConfigKeys (ConfUtils.java:logGet(43)) - raft.server.log.segment.cache.num.max = 2 (custom)
2019-10-04 20:09:17,275 [pool-247-thread-1] INFO  segmented.SegmentedRaftLogWorker (SegmentedRaftLogWorker.java:<init>(173)) - new d07450a8-d601-4bdf-9380-0e39503cc500@group-B6FD20DE699A-SegmentedRaftLogWorker for RaftStorage:Storage Directory /workdir/hadoop-ozone/integration-test/target/test-dir/MiniOzoneClusterImpl-3e0866ea-37f1-4ee5-98b1-1080ecf2132c/datanode-4/data/ratis/6cae12b9-15f6-40d7-a664-b6fd20de699a
2019-10-04 20:09:17,275 [pool-247-thread-1] INFO  server.RaftServerConfigKeys (ConfUtils.java:logGet(43)) - raft.server.log.queue.byte-limit = 2147483647 (custom)
2019-10-04 20:09:17,275 [pool-247-thread-1] INFO  server.RaftServerConfigKeys (ConfUtils.java:logGet(43)) - raft.server.log.queue.element-limit = 1024 (custom)
2019-10-04 20:09:17,275 [pool-247-thread-1] INFO  server.RaftServerConfigKeys (ConfUtils.java:logGet(43)) - raft.server.log.segment.size.max = 1048576 (custom)
2019-10-04 20:09:17,275 [pool-247-thread-1] INFO  server.RaftServerConfigKeys (ConfUtils.java:logGet(43)) - raft.server.log.preallocated.size = 16384 (custom)
2019-10-04 20:09:17,275 [pool-247-thread-1] INFO  server.RaftServerConfigKeys (ConfUtils.java:logGet(43)) - raft.server.log.write.buffer.size = 33554432 (custom)
2019-10-04 20:09:17,276 [pool-247-thread-1] INFO  server.RaftServerConfigKeys (ConfUtils.java:logGet(43)) - raft.server.log.force.sync.num = 128 (default)
2019-10-04 20:09:17,276 [pool-247-thread-1] INFO  server.RaftServerConfigKeys (ConfUtils.java:logGet(43)) - raft.server.log.statemachine.data.sync = true (default)
2019-10-04 20:09:17,276 [pool-247-thread-1] INFO  server.RaftServerConfigKeys (ConfUtils.java:logGet(43)) - raft.server.log.statemachine.data.sync.timeout = 10s (default)
2019-10-04 20:09:17,276 [pool-247-thread-1] INFO  server.RaftServerConfigKeys (ConfUtils.java:logGet(43)) - raft.server.log.statemachine.data.sync.timeout.retry = -1 (default)
2019-10-04 20:09:17,276 [pool-247-thread-1] INFO  server.RaftServerConfigKeys (ConfUtils.java:logGet(43)) - raft.server.log.statemachine.data.caching.enabled = true (custom)
2019-10-04 20:09:17,276 [pool-247-thread-1] INFO  segmented.SegmentedRaftLogWorker (SegmentedRaftLogWorker.java:lambda$new$0(128)) - d07450a8-d601-4bdf-9380-0e39503cc500@group-B6FD20DE699A-SegmentedRaftLogWorker: flushIndex: setUnconditionally 0 -> -1
2019-10-04 20:09:17,277 [pool-247-thread-1] INFO  server.RaftServerConfigKeys (ConfUtils.java:logGet(43)) - raft.server.snapshot.auto.trigger.enabled = true (custom)
2019-10-04 20:09:17,277 [pool-247-thread-1] INFO  server.RaftServerConfigKeys (ConfUtils.java:logGet(43)) - raft.server.snapshot.auto.trigger.threshold = 10000 (custom)
2019-10-04 20:09:17,277 [pool-247-thread-1] INFO  server.RaftServerConfigKeys (ConfUtils.java:logGet(43)) - raft.server.snapshot.retention.file.num = 5 (custom)
2019-10-04 20:09:17,277 [pool-247-thread-1] INFO  server.RaftServerConfigKeys (ConfUtils.java:logGet(43)) - raft.server.retrycache.expirytime = 600000ms (custom)
2019-10-04 20:09:17,278 [pool-247-thread-1] INFO  impl.RaftServerImpl (RaftServerImpl.java:start(181)) - d07450a8-d601-4bdf-9380-0e39503cc500@group-B6FD20DE699A: start as a follower, conf=-1: [d07450a8-d601-4bdf-9380-0e39503cc500:192.168.30.33:46808], old=null
2019-10-04 20:09:17,278 [pool-247-thread-1] INFO  impl.RaftServerImpl (RaftServerImpl.java:setRole(170)) - d07450a8-d601-4bdf-9380-0e39503cc500@group-B6FD20DE699A: changes role from      null to FOLLOWER at term 0 for startAsFollower
2019-10-04 20:09:17,279 [pool-247-thread-1] INFO  impl.RoleInfo (RoleInfo.java:updateAndGet(143)) - d07450a8-d601-4bdf-9380-0e39503cc500: start FollowerState
2019-10-04 20:09:17,279 [pool-247-thread-1] INFO  util.JmxRegister (JmxRegister.java:tryRegister(44)) - Successfully registered JMX Bean with object name Ratis:service=RaftServer,group=group-B6FD20DE699A,id=d07450a8-d601-4bdf-9380-0e39503cc500
2019-10-04 20:09:17,292 [RatisPipelineUtilsThread] INFO  pipeline.PipelineStateManager (PipelineStateManager.java:addPipeline(56)) - Created pipeline Pipeline[ Id: 6cae12b9-15f6-40d7-a664-b6fd20de699a, Nodes: d07450a8-d601-4bdf-9380-0e39503cc500{ip: 192.168.30.33, host: pr-hdds-2239-ctfdh-543981580, networkLocation: /default-rack, certSerialId: null}, Type:RATIS, Factor:ONE, State:OPEN]
2019-10-04 20:09:17,301 [grpc-default-executor-4] INFO  impl.RaftServerProxy (RaftServerProxy.java:addNew(89)) - 3b32de6e-1077-4f98-9df9-673b0518360a: addNew group-EEA0E18FE436:[3b32de6e-1077-4f98-9df9-673b0518360a:192.168.30.33:33394] returns group-EEA0E18FE436:java.util.concurrent.CompletableFuture@9a118a1[Not completed]
2019-10-04 20:09:17,302 [pool-257-thread-1] INFO  impl.RaftServerImpl (RaftServerImpl.java:<init>(95)) - 3b32de6e-1077-4f98-9df9-673b0518360a: new RaftServerImpl for group-EEA0E18FE436:[3b32de6e-1077-4f98-9df9-673b0518360a:192.168.30.33:33394] with ContainerStateMachine:uninitialized
2019-10-04 20:09:17,303 [pool-257-thread-1] INFO  server.RaftServerConfigKeys (ConfUtils.java:logGet(43)) - raft.server.rpc.timeout.min = 5s (custom)
2019-10-04 20:09:17,303 [pool-257-thread-1] INFO  server.RaftServerConfigKeys (ConfUtils.java:logGet(43)) - raft.server.rpc.timeout.max = 5200ms (custom)
2019-10-04 20:09:17,303 [pool-257-thread-1] INFO  server.RaftServerConfigKeys (ConfUtils.java:logGet(43)) - raft.server.rpcslowness.timeout = 120s (custom)
2019-10-04 20:09:17,303 [pool-257-thread-1] INFO  server.RaftServerConfigKeys (ConfUtils.java:logGet(43)) - raft.server.sleep.deviation.threshold = 300 (default)
2019-10-04 20:09:17,303 [pool-257-thread-1] INFO  server.RaftServerConfigKeys (ConfUtils.java:logGet(43)) - raft.server.log.appender.install.snapshot.enabled = false (custom)
2019-10-04 20:09:17,303 [pool-257-thread-1] INFO  impl.RaftServerImpl (ServerState.java:<init>(103)) - 3b32de6e-1077-4f98-9df9-673b0518360a@group-EEA0E18FE436: ConfigurationManager, init=-1: [3b32de6e-1077-4f98-9df9-673b0518360a:192.168.30.33:33394], old=null, confs=<EMPTY_MAP>
2019-10-04 20:09:17,303 [pool-257-thread-1] INFO  server.RaftServerConfigKeys (ConfUtils.java:logGet(43)) - raft.server.storage.dir = [/workdir/hadoop-ozone/integration-test/target/test-dir/MiniOzoneClusterImpl-3e0866ea-37f1-4ee5-98b1-1080ecf2132c/datanode-5/data/ratis] (custom)
2019-10-04 20:09:17,303 [pool-257-thread-1] INFO  server.RaftServerConfigKeys (ConfUtils.java:logGet(43)) - raft.server.log.corruption.policy = EXCEPTION (default)
2019-10-04 20:09:17,304 [pool-257-thread-1] INFO  storage.RaftStorageDirectory (RaftStorageDirectory.java:analyzeStorage(246)) - The storage directory /workdir/hadoop-ozone/integration-test/target/test-dir/MiniOzoneClusterImpl-3e0866ea-37f1-4ee5-98b1-1080ecf2132c/datanode-5/data/ratis/d301ace2-528e-413a-b1f2-eea0e18fe436 does not exist. Creating ...
2019-10-04 20:09:17,331 [pool-257-thread-1] INFO  storage.RaftStorageDirectory (RaftStorageDirectory.java:tryLock(328)) - Lock on /workdir/hadoop-ozone/integration-test/target/test-dir/MiniOzoneClusterImpl-3e0866ea-37f1-4ee5-98b1-1080ecf2132c/datanode-5/data/ratis/d301ace2-528e-413a-b1f2-eea0e18fe436/in_use.lock acquired by nodename 12932@pr-hdds-2239-ctfdh-543981580
2019-10-04 20:09:17,356 [pool-257-thread-1] INFO  storage.RaftStorage (RaftStorage.java:format(84)) - Storage directory /workdir/hadoop-ozone/integration-test/target/test-dir/MiniOzoneClusterImpl-3e0866ea-37f1-4ee5-98b1-1080ecf2132c/datanode-5/data/ratis/d301ace2-528e-413a-b1f2-eea0e18fe436 has been successfully formatted.
2019-10-04 20:09:17,357 [pool-257-thread-1] INFO  ratis.ContainerStateMachine (ContainerStateMachine.java:loadSnapshot(230)) - group-EEA0E18FE436: The snapshot info is null. Setting the last applied indexto:(t:0, i:~)
2019-10-04 20:09:17,357 [pool-257-thread-1] INFO  server.RaftServerConfigKeys (ConfUtils.java:logGet(43)) - raft.server.notification.no-leader.timeout = 120s (custom)
2019-10-04 20:09:17,357 [pool-257-thread-1] INFO  server.RaftServerConfigKeys (ConfUtils.java:logGet(43)) - raft.server.log.use.memory = false (default)
2019-10-04 20:09:17,357 [pool-257-thread-1] INFO  server.RaftServerConfigKeys (ConfUtils.java:logGet(43)) - raft.server.log.purge.gap = 1000000 (custom)
2019-10-04 20:09:17,357 [pool-257-thread-1] INFO  server.RaftServerConfigKeys (ConfUtils.java:logGet(43)) - raft.server.log.appender.buffer.byte-limit = 33554432 (custom)
2019-10-04 20:09:17,358 [pool-257-thread-1] INFO  server.RaftServerConfigKeys (ConfUtils.java:logGet(43)) - raft.server.log.segment.size.max = 1048576 (custom)
2019-10-04 20:09:17,359 [main] INFO  ozone.MiniOzoneClusterImpl (MiniOzoneClusterImpl.java:lambda$waitForClusterToBeReady$0(147)) - Waiting for cluster to be ready. Got 6 of 7 DN Heartbeats.
2019-10-04 20:09:17,360 [pool-257-thread-1] INFO  server.RaftServerConfigKeys (ConfUtils.java:logGet(43)) - raft.server.log.segment.cache.num.max = 2 (custom)
2019-10-04 20:09:17,360 [pool-257-thread-1] INFO  segmented.SegmentedRaftLogWorker (SegmentedRaftLogWorker.java:<init>(173)) - new 3b32de6e-1077-4f98-9df9-673b0518360a@group-EEA0E18FE436-SegmentedRaftLogWorker for RaftStorage:Storage Directory /workdir/hadoop-ozone/integration-test/target/test-dir/MiniOzoneClusterImpl-3e0866ea-37f1-4ee5-98b1-1080ecf2132c/datanode-5/data/ratis/d301ace2-528e-413a-b1f2-eea0e18fe436
2019-10-04 20:09:17,360 [IPC Server handler 5 on 36262] INFO  net.NetworkTopology (NetworkTopologyImpl.java:add(111)) - Added a new node: /default-rack/e9a8cedd-f5bd-449d-89d0-4c8f341d7f6f
2019-10-04 20:09:17,360 [pool-257-thread-1] INFO  server.RaftServerConfigKeys (ConfUtils.java:logGet(43)) - raft.server.log.queue.byte-limit = 2147483647 (custom)
2019-10-04 20:09:17,360 [IPC Server handler 5 on 36262] INFO  node.SCMNodeManager (SCMNodeManager.java:register(268)) - Registered Data node : e9a8cedd-f5bd-449d-89d0-4c8f341d7f6f{ip: 192.168.30.33, host: pr-hdds-2239-ctfdh-543981580, networkLocation: /default-rack, certSerialId: null}
2019-10-04 20:09:17,360 [pool-257-thread-1] INFO  server.RaftServerConfigKeys (ConfUtils.java:logGet(43)) - raft.server.log.queue.element-limit = 1024 (custom)
2019-10-04 20:09:17,361 [pool-257-thread-1] INFO  server.RaftServerConfigKeys (ConfUtils.java:logGet(43)) - raft.server.log.segment.size.max = 1048576 (custom)
2019-10-04 20:09:17,361 [pool-257-thread-1] INFO  server.RaftServerConfigKeys (ConfUtils.java:logGet(43)) - raft.server.log.preallocated.size = 16384 (custom)
2019-10-04 20:09:17,361 [pool-257-thread-1] INFO  server.RaftServerConfigKeys (ConfUtils.java:logGet(43)) - raft.server.log.write.buffer.size = 33554432 (custom)
2019-10-04 20:09:17,361 [pool-257-thread-1] INFO  server.RaftServerConfigKeys (ConfUtils.java:logGet(43)) - raft.server.log.force.sync.num = 128 (default)
2019-10-04 20:09:17,361 [pool-257-thread-1] INFO  server.RaftServerConfigKeys (ConfUtils.java:logGet(43)) - raft.server.log.statemachine.data.sync = true (default)
2019-10-04 20:09:17,361 [pool-257-thread-1] INFO  server.RaftServerConfigKeys (ConfUtils.java:logGet(43)) - raft.server.log.statemachine.data.sync.timeout = 10s (default)
2019-10-04 20:09:17,362 [pool-257-thread-1] INFO  server.RaftServerConfigKeys (ConfUtils.java:logGet(43)) - raft.server.log.statemachine.data.sync.timeout.retry = -1 (default)
2019-10-04 20:09:17,362 [pool-257-thread-1] INFO  server.RaftServerConfigKeys (ConfUtils.java:logGet(43)) - raft.server.log.statemachine.data.caching.enabled = true (custom)
2019-10-04 20:09:17,362 [pool-257-thread-1] INFO  segmented.SegmentedRaftLogWorker (SegmentedRaftLogWorker.java:lambda$new$0(128)) - 3b32de6e-1077-4f98-9df9-673b0518360a@group-EEA0E18FE436-SegmentedRaftLogWorker: flushIndex: setUnconditionally 0 -> -1
2019-10-04 20:09:17,363 [pool-257-thread-1] INFO  server.RaftServerConfigKeys (ConfUtils.java:logGet(43)) - raft.server.snapshot.auto.trigger.enabled = true (custom)
2019-10-04 20:09:17,363 [pool-257-thread-1] INFO  server.RaftServerConfigKeys (ConfUtils.java:logGet(43)) - raft.server.snapshot.auto.trigger.threshold = 10000 (custom)
2019-10-04 20:09:17,363 [pool-257-thread-1] INFO  server.RaftServerConfigKeys (ConfUtils.java:logGet(43)) - raft.server.snapshot.retention.file.num = 5 (custom)
2019-10-04 20:09:17,363 [pool-257-thread-1] INFO  server.RaftServerConfigKeys (ConfUtils.java:logGet(43)) - raft.server.retrycache.expirytime = 600000ms (custom)
2019-10-04 20:09:17,365 [pool-257-thread-1] INFO  impl.RaftServerImpl (RaftServerImpl.java:start(181)) - 3b32de6e-1077-4f98-9df9-673b0518360a@group-EEA0E18FE436: start as a follower, conf=-1: [3b32de6e-1077-4f98-9df9-673b0518360a:192.168.30.33:33394], old=null
2019-10-04 20:09:17,365 [pool-257-thread-1] INFO  impl.RaftServerImpl (RaftServerImpl.java:setRole(170)) - 3b32de6e-1077-4f98-9df9-673b0518360a@group-EEA0E18FE436: changes role from      null to FOLLOWER at term 0 for startAsFollower
2019-10-04 20:09:17,366 [pool-257-thread-1] INFO  impl.RoleInfo (RoleInfo.java:updateAndGet(143)) - 3b32de6e-1077-4f98-9df9-673b0518360a: start FollowerState
2019-10-04 20:09:17,366 [pool-257-thread-1] INFO  util.JmxRegister (JmxRegister.java:tryRegister(44)) - Successfully registered JMX Bean with object name Ratis:service=RaftServer,group=group-EEA0E18FE436,id=3b32de6e-1077-4f98-9df9-673b0518360a
2019-10-04 20:09:17,375 [RatisPipelineUtilsThread] INFO  pipeline.PipelineStateManager (PipelineStateManager.java:addPipeline(56)) - Created pipeline Pipeline[ Id: d301ace2-528e-413a-b1f2-eea0e18fe436, Nodes: 3b32de6e-1077-4f98-9df9-673b0518360a{ip: 192.168.30.33, host: pr-hdds-2239-ctfdh-543981580, networkLocation: /default-rack, certSerialId: null}, Type:RATIS, Factor:ONE, State:OPEN]
2019-10-04 20:09:17,395 [grpc-default-executor-4] INFO  impl.RaftServerProxy (RaftServerProxy.java:addNew(89)) - e9a8cedd-f5bd-449d-89d0-4c8f341d7f6f: addNew group-582F40FCE46F:[e9a8cedd-f5bd-449d-89d0-4c8f341d7f6f:192.168.30.33:41512] returns group-582F40FCE46F:java.util.concurrent.CompletableFuture@1ca70d1e[Not completed]
2019-10-04 20:09:17,397 [pool-267-thread-1] INFO  impl.RaftServerImpl (RaftServerImpl.java:<init>(95)) - e9a8cedd-f5bd-449d-89d0-4c8f341d7f6f: new RaftServerImpl for group-582F40FCE46F:[e9a8cedd-f5bd-449d-89d0-4c8f341d7f6f:192.168.30.33:41512] with ContainerStateMachine:uninitialized
2019-10-04 20:09:17,397 [pool-267-thread-1] INFO  server.RaftServerConfigKeys (ConfUtils.java:logGet(43)) - raft.server.rpc.timeout.min = 5s (custom)
2019-10-04 20:09:17,397 [pool-267-thread-1] INFO  server.RaftServerConfigKeys (ConfUtils.java:logGet(43)) - raft.server.rpc.timeout.max = 5200ms (custom)
2019-10-04 20:09:17,397 [pool-267-thread-1] INFO  server.RaftServerConfigKeys (ConfUtils.java:logGet(43)) - raft.server.rpcslowness.timeout = 120s (custom)
2019-10-04 20:09:17,397 [pool-267-thread-1] INFO  server.RaftServerConfigKeys (ConfUtils.java:logGet(43)) - raft.server.sleep.deviation.threshold = 300 (default)
2019-10-04 20:09:17,397 [pool-267-thread-1] INFO  server.RaftServerConfigKeys (ConfUtils.java:logGet(43)) - raft.server.log.appender.install.snapshot.enabled = false (custom)
2019-10-04 20:09:17,397 [pool-267-thread-1] INFO  impl.RaftServerImpl (ServerState.java:<init>(103)) - e9a8cedd-f5bd-449d-89d0-4c8f341d7f6f@group-582F40FCE46F: ConfigurationManager, init=-1: [e9a8cedd-f5bd-449d-89d0-4c8f341d7f6f:192.168.30.33:41512], old=null, confs=<EMPTY_MAP>
2019-10-04 20:09:17,397 [pool-267-thread-1] INFO  server.RaftServerConfigKeys (ConfUtils.java:logGet(43)) - raft.server.storage.dir = [/workdir/hadoop-ozone/integration-test/target/test-dir/MiniOzoneClusterImpl-3e0866ea-37f1-4ee5-98b1-1080ecf2132c/datanode-6/data/ratis] (custom)
2019-10-04 20:09:17,398 [pool-267-thread-1] INFO  server.RaftServerConfigKeys (ConfUtils.java:logGet(43)) - raft.server.log.corruption.policy = EXCEPTION (default)
2019-10-04 20:09:17,398 [pool-267-thread-1] INFO  storage.RaftStorageDirectory (RaftStorageDirectory.java:analyzeStorage(246)) - The storage directory /workdir/hadoop-ozone/integration-test/target/test-dir/MiniOzoneClusterImpl-3e0866ea-37f1-4ee5-98b1-1080ecf2132c/datanode-6/data/ratis/4126854d-66f7-4c70-9a23-582f40fce46f does not exist. Creating ...
2019-10-04 20:09:17,423 [pool-267-thread-1] INFO  storage.RaftStorageDirectory (RaftStorageDirectory.java:tryLock(328)) - Lock on /workdir/hadoop-ozone/integration-test/target/test-dir/MiniOzoneClusterImpl-3e0866ea-37f1-4ee5-98b1-1080ecf2132c/datanode-6/data/ratis/4126854d-66f7-4c70-9a23-582f40fce46f/in_use.lock acquired by nodename 12932@pr-hdds-2239-ctfdh-543981580
2019-10-04 20:09:17,449 [pool-267-thread-1] INFO  storage.RaftStorage (RaftStorage.java:format(84)) - Storage directory /workdir/hadoop-ozone/integration-test/target/test-dir/MiniOzoneClusterImpl-3e0866ea-37f1-4ee5-98b1-1080ecf2132c/datanode-6/data/ratis/4126854d-66f7-4c70-9a23-582f40fce46f has been successfully formatted.
2019-10-04 20:09:17,449 [pool-267-thread-1] INFO  ratis.ContainerStateMachine (ContainerStateMachine.java:loadSnapshot(230)) - group-582F40FCE46F: The snapshot info is null. Setting the last applied indexto:(t:0, i:~)
2019-10-04 20:09:17,450 [pool-267-thread-1] INFO  server.RaftServerConfigKeys (ConfUtils.java:logGet(43)) - raft.server.notification.no-leader.timeout = 120s (custom)
2019-10-04 20:09:17,450 [pool-267-thread-1] INFO  server.RaftServerConfigKeys (ConfUtils.java:logGet(43)) - raft.server.log.use.memory = false (default)
2019-10-04 20:09:17,450 [pool-267-thread-1] INFO  server.RaftServerConfigKeys (ConfUtils.java:logGet(43)) - raft.server.log.purge.gap = 1000000 (custom)
2019-10-04 20:09:17,450 [pool-267-thread-1] INFO  server.RaftServerConfigKeys (ConfUtils.java:logGet(43)) - raft.server.log.appender.buffer.byte-limit = 33554432 (custom)
2019-10-04 20:09:17,450 [pool-267-thread-1] INFO  server.RaftServerConfigKeys (ConfUtils.java:logGet(43)) - raft.server.log.segment.size.max = 1048576 (custom)
2019-10-04 20:09:17,452 [pool-267-thread-1] INFO  server.RaftServerConfigKeys (ConfUtils.java:logGet(43)) - raft.server.log.segment.cache.num.max = 2 (custom)
2019-10-04 20:09:17,452 [pool-267-thread-1] INFO  segmented.SegmentedRaftLogWorker (SegmentedRaftLogWorker.java:<init>(173)) - new e9a8cedd-f5bd-449d-89d0-4c8f341d7f6f@group-582F40FCE46F-SegmentedRaftLogWorker for RaftStorage:Storage Directory /workdir/hadoop-ozone/integration-test/target/test-dir/MiniOzoneClusterImpl-3e0866ea-37f1-4ee5-98b1-1080ecf2132c/datanode-6/data/ratis/4126854d-66f7-4c70-9a23-582f40fce46f
2019-10-04 20:09:17,452 [pool-267-thread-1] INFO  server.RaftServerConfigKeys (ConfUtils.java:logGet(43)) - raft.server.log.queue.byte-limit = 2147483647 (custom)
2019-10-04 20:09:17,452 [pool-267-thread-1] INFO  server.RaftServerConfigKeys (ConfUtils.java:logGet(43)) - raft.server.log.queue.element-limit = 1024 (custom)
2019-10-04 20:09:17,452 [pool-267-thread-1] INFO  server.RaftServerConfigKeys (ConfUtils.java:logGet(43)) - raft.server.log.segment.size.max = 1048576 (custom)
2019-10-04 20:09:17,452 [pool-267-thread-1] INFO  server.RaftServerConfigKeys (ConfUtils.java:logGet(43)) - raft.server.log.preallocated.size = 16384 (custom)
2019-10-04 20:09:17,452 [pool-267-thread-1] INFO  server.RaftServerConfigKeys (ConfUtils.java:logGet(43)) - raft.server.log.write.buffer.size = 33554432 (custom)
2019-10-04 20:09:17,452 [pool-267-thread-1] INFO  server.RaftServerConfigKeys (ConfUtils.java:logGet(43)) - raft.server.log.force.sync.num = 128 (default)
2019-10-04 20:09:17,453 [pool-267-thread-1] INFO  server.RaftServerConfigKeys (ConfUtils.java:logGet(43)) - raft.server.log.statemachine.data.sync = true (default)
2019-10-04 20:09:17,453 [pool-267-thread-1] INFO  server.RaftServerConfigKeys (ConfUtils.java:logGet(43)) - raft.server.log.statemachine.data.sync.timeout = 10s (default)
2019-10-04 20:09:17,453 [pool-267-thread-1] INFO  server.RaftServerConfigKeys (ConfUtils.java:logGet(43)) - raft.server.log.statemachine.data.sync.timeout.retry = -1 (default)
2019-10-04 20:09:17,453 [pool-267-thread-1] INFO  server.RaftServerConfigKeys (ConfUtils.java:logGet(43)) - raft.server.log.statemachine.data.caching.enabled = true (custom)
2019-10-04 20:09:17,454 [pool-267-thread-1] INFO  segmented.SegmentedRaftLogWorker (SegmentedRaftLogWorker.java:lambda$new$0(128)) - e9a8cedd-f5bd-449d-89d0-4c8f341d7f6f@group-582F40FCE46F-SegmentedRaftLogWorker: flushIndex: setUnconditionally 0 -> -1
2019-10-04 20:09:17,454 [pool-267-thread-1] INFO  server.RaftServerConfigKeys (ConfUtils.java:logGet(43)) - raft.server.snapshot.auto.trigger.enabled = true (custom)
2019-10-04 20:09:17,454 [pool-267-thread-1] INFO  server.RaftServerConfigKeys (ConfUtils.java:logGet(43)) - raft.server.snapshot.auto.trigger.threshold = 10000 (custom)
2019-10-04 20:09:17,454 [pool-267-thread-1] INFO  server.RaftServerConfigKeys (ConfUtils.java:logGet(43)) - raft.server.snapshot.retention.file.num = 5 (custom)
2019-10-04 20:09:17,454 [pool-267-thread-1] INFO  server.RaftServerConfigKeys (ConfUtils.java:logGet(43)) - raft.server.retrycache.expirytime = 600000ms (custom)
2019-10-04 20:09:17,456 [pool-267-thread-1] INFO  impl.RaftServerImpl (RaftServerImpl.java:start(181)) - e9a8cedd-f5bd-449d-89d0-4c8f341d7f6f@group-582F40FCE46F: start as a follower, conf=-1: [e9a8cedd-f5bd-449d-89d0-4c8f341d7f6f:192.168.30.33:41512], old=null
2019-10-04 20:09:17,456 [pool-267-thread-1] INFO  impl.RaftServerImpl (RaftServerImpl.java:setRole(170)) - e9a8cedd-f5bd-449d-89d0-4c8f341d7f6f@group-582F40FCE46F: changes role from      null to FOLLOWER at term 0 for startAsFollower
2019-10-04 20:09:17,456 [pool-267-thread-1] INFO  impl.RoleInfo (RoleInfo.java:updateAndGet(143)) - e9a8cedd-f5bd-449d-89d0-4c8f341d7f6f: start FollowerState
2019-10-04 20:09:17,456 [pool-267-thread-1] INFO  util.JmxRegister (JmxRegister.java:tryRegister(44)) - Successfully registered JMX Bean with object name Ratis:service=RaftServer,group=group-582F40FCE46F,id=e9a8cedd-f5bd-449d-89d0-4c8f341d7f6f
2019-10-04 20:09:17,463 [RatisPipelineUtilsThread] INFO  pipeline.PipelineStateManager (PipelineStateManager.java:addPipeline(56)) - Created pipeline Pipeline[ Id: 4126854d-66f7-4c70-9a23-582f40fce46f, Nodes: e9a8cedd-f5bd-449d-89d0-4c8f341d7f6f{ip: 192.168.30.33, host: pr-hdds-2239-ctfdh-543981580, networkLocation: /default-rack, certSerialId: null}, Type:RATIS, Factor:ONE, State:OPEN]
2019-10-04 20:09:17,468 [grpc-default-executor-4] INFO  impl.RaftServerProxy (RaftServerProxy.java:addNew(89)) - 87b3241b-db91-4463-b9c2-5df63382e6f1: addNew group-1A90ACFCA9A9:[87b3241b-db91-4463-b9c2-5df63382e6f1:192.168.30.33:46530] returns group-1A90ACFCA9A9:java.util.concurrent.CompletableFuture@5023b2a9[Not completed]
2019-10-04 20:09:17,469 [pool-237-thread-1] INFO  impl.RaftServerImpl (RaftServerImpl.java:<init>(95)) - 87b3241b-db91-4463-b9c2-5df63382e6f1: new RaftServerImpl for group-1A90ACFCA9A9:[87b3241b-db91-4463-b9c2-5df63382e6f1:192.168.30.33:46530] with ContainerStateMachine:uninitialized
2019-10-04 20:09:17,469 [pool-237-thread-1] INFO  server.RaftServerConfigKeys (ConfUtils.java:logGet(43)) - raft.server.rpc.timeout.min = 5s (custom)
2019-10-04 20:09:17,469 [pool-237-thread-1] INFO  server.RaftServerConfigKeys (ConfUtils.java:logGet(43)) - raft.server.rpc.timeout.max = 5200ms (custom)
2019-10-04 20:09:17,469 [pool-237-thread-1] INFO  server.RaftServerConfigKeys (ConfUtils.java:logGet(43)) - raft.server.rpcslowness.timeout = 120s (custom)
2019-10-04 20:09:17,470 [pool-237-thread-1] INFO  server.RaftServerConfigKeys (ConfUtils.java:logGet(43)) - raft.server.sleep.deviation.threshold = 300 (default)
2019-10-04 20:09:17,470 [pool-237-thread-1] INFO  server.RaftServerConfigKeys (ConfUtils.java:logGet(43)) - raft.server.log.appender.install.snapshot.enabled = false (custom)
2019-10-04 20:09:17,470 [pool-237-thread-1] INFO  impl.RaftServerImpl (ServerState.java:<init>(103)) - 87b3241b-db91-4463-b9c2-5df63382e6f1@group-1A90ACFCA9A9: ConfigurationManager, init=-1: [87b3241b-db91-4463-b9c2-5df63382e6f1:192.168.30.33:46530], old=null, confs=<EMPTY_MAP>
2019-10-04 20:09:17,470 [pool-237-thread-1] INFO  server.RaftServerConfigKeys (ConfUtils.java:logGet(43)) - raft.server.storage.dir = [/workdir/hadoop-ozone/integration-test/target/test-dir/MiniOzoneClusterImpl-3e0866ea-37f1-4ee5-98b1-1080ecf2132c/datanode-3/data/ratis] (custom)
2019-10-04 20:09:17,470 [pool-237-thread-1] INFO  server.RaftServerConfigKeys (ConfUtils.java:logGet(43)) - raft.server.log.corruption.policy = EXCEPTION (default)
2019-10-04 20:09:17,471 [pool-237-thread-1] INFO  storage.RaftStorageDirectory (RaftStorageDirectory.java:analyzeStorage(246)) - The storage directory /workdir/hadoop-ozone/integration-test/target/test-dir/MiniOzoneClusterImpl-3e0866ea-37f1-4ee5-98b1-1080ecf2132c/datanode-3/data/ratis/02313d17-7116-443e-a6d0-1a90acfca9a9 does not exist. Creating ...
2019-10-04 20:09:17,516 [pool-237-thread-1] INFO  storage.RaftStorageDirectory (RaftStorageDirectory.java:tryLock(328)) - Lock on /workdir/hadoop-ozone/integration-test/target/test-dir/MiniOzoneClusterImpl-3e0866ea-37f1-4ee5-98b1-1080ecf2132c/datanode-3/data/ratis/02313d17-7116-443e-a6d0-1a90acfca9a9/in_use.lock acquired by nodename 12932@pr-hdds-2239-ctfdh-543981580
2019-10-04 20:09:17,542 [pool-237-thread-1] INFO  storage.RaftStorage (RaftStorage.java:format(84)) - Storage directory /workdir/hadoop-ozone/integration-test/target/test-dir/MiniOzoneClusterImpl-3e0866ea-37f1-4ee5-98b1-1080ecf2132c/datanode-3/data/ratis/02313d17-7116-443e-a6d0-1a90acfca9a9 has been successfully formatted.
2019-10-04 20:09:17,542 [pool-237-thread-1] INFO  ratis.ContainerStateMachine (ContainerStateMachine.java:loadSnapshot(230)) - group-1A90ACFCA9A9: The snapshot info is null. Setting the last applied indexto:(t:0, i:~)
2019-10-04 20:09:17,542 [pool-237-thread-1] INFO  server.RaftServerConfigKeys (ConfUtils.java:logGet(43)) - raft.server.notification.no-leader.timeout = 120s (custom)
2019-10-04 20:09:17,542 [pool-237-thread-1] INFO  server.RaftServerConfigKeys (ConfUtils.java:logGet(43)) - raft.server.log.use.memory = false (default)
2019-10-04 20:09:17,543 [pool-237-thread-1] INFO  server.RaftServerConfigKeys (ConfUtils.java:logGet(43)) - raft.server.log.purge.gap = 1000000 (custom)
2019-10-04 20:09:17,543 [pool-237-thread-1] INFO  server.RaftServerConfigKeys (ConfUtils.java:logGet(43)) - raft.server.log.appender.buffer.byte-limit = 33554432 (custom)
2019-10-04 20:09:17,543 [pool-237-thread-1] INFO  server.RaftServerConfigKeys (ConfUtils.java:logGet(43)) - raft.server.log.segment.size.max = 1048576 (custom)
2019-10-04 20:09:17,545 [pool-237-thread-1] INFO  server.RaftServerConfigKeys (ConfUtils.java:logGet(43)) - raft.server.log.segment.cache.num.max = 2 (custom)
2019-10-04 20:09:17,545 [pool-237-thread-1] INFO  segmented.SegmentedRaftLogWorker (SegmentedRaftLogWorker.java:<init>(173)) - new 87b3241b-db91-4463-b9c2-5df63382e6f1@group-1A90ACFCA9A9-SegmentedRaftLogWorker for RaftStorage:Storage Directory /workdir/hadoop-ozone/integration-test/target/test-dir/MiniOzoneClusterImpl-3e0866ea-37f1-4ee5-98b1-1080ecf2132c/datanode-3/data/ratis/02313d17-7116-443e-a6d0-1a90acfca9a9
2019-10-04 20:09:17,545 [pool-237-thread-1] INFO  server.RaftServerConfigKeys (ConfUtils.java:logGet(43)) - raft.server.log.queue.byte-limit = 2147483647 (custom)
2019-10-04 20:09:17,546 [pool-237-thread-1] INFO  server.RaftServerConfigKeys (ConfUtils.java:logGet(43)) - raft.server.log.queue.element-limit = 1024 (custom)
2019-10-04 20:09:17,546 [pool-237-thread-1] INFO  server.RaftServerConfigKeys (ConfUtils.java:logGet(43)) - raft.server.log.segment.size.max = 1048576 (custom)
2019-10-04 20:09:17,546 [pool-237-thread-1] INFO  server.RaftServerConfigKeys (ConfUtils.java:logGet(43)) - raft.server.log.preallocated.size = 16384 (custom)
2019-10-04 20:09:17,546 [pool-237-thread-1] INFO  server.RaftServerConfigKeys (ConfUtils.java:logGet(43)) - raft.server.log.write.buffer.size = 33554432 (custom)
2019-10-04 20:09:17,546 [pool-237-thread-1] INFO  server.RaftServerConfigKeys (ConfUtils.java:logGet(43)) - raft.server.log.force.sync.num = 128 (default)
2019-10-04 20:09:17,546 [pool-237-thread-1] INFO  server.RaftServerConfigKeys (ConfUtils.java:logGet(43)) - raft.server.log.statemachine.data.sync = true (default)
2019-10-04 20:09:17,546 [pool-237-thread-1] INFO  server.RaftServerConfigKeys (ConfUtils.java:logGet(43)) - raft.server.log.statemachine.data.sync.timeout = 10s (default)
2019-10-04 20:09:17,547 [pool-237-thread-1] INFO  server.RaftServerConfigKeys (ConfUtils.java:logGet(43)) - raft.server.log.statemachine.data.sync.timeout.retry = -1 (default)
2019-10-04 20:09:17,547 [pool-237-thread-1] INFO  server.RaftServerConfigKeys (ConfUtils.java:logGet(43)) - raft.server.log.statemachine.data.caching.enabled = true (custom)
2019-10-04 20:09:17,547 [pool-237-thread-1] INFO  segmented.SegmentedRaftLogWorker (SegmentedRaftLogWorker.java:lambda$new$0(128)) - 87b3241b-db91-4463-b9c2-5df63382e6f1@group-1A90ACFCA9A9-SegmentedRaftLogWorker: flushIndex: setUnconditionally 0 -> -1
2019-10-04 20:09:17,548 [pool-237-thread-1] INFO  server.RaftServerConfigKeys (ConfUtils.java:logGet(43)) - raft.server.snapshot.auto.trigger.enabled = true (custom)
2019-10-04 20:09:17,548 [pool-237-thread-1] INFO  server.RaftServerConfigKeys (ConfUtils.java:logGet(43)) - raft.server.snapshot.auto.trigger.threshold = 10000 (custom)
2019-10-04 20:09:17,548 [pool-237-thread-1] INFO  server.RaftServerConfigKeys (ConfUtils.java:logGet(43)) - raft.server.snapshot.retention.file.num = 5 (custom)
2019-10-04 20:09:17,548 [pool-237-thread-1] INFO  server.RaftServerConfigKeys (ConfUtils.java:logGet(43)) - raft.server.retrycache.expirytime = 600000ms (custom)
2019-10-04 20:09:17,550 [pool-237-thread-1] INFO  impl.RaftServerImpl (RaftServerImpl.java:start(181)) - 87b3241b-db91-4463-b9c2-5df63382e6f1@group-1A90ACFCA9A9: start as a follower, conf=-1: [87b3241b-db91-4463-b9c2-5df63382e6f1:192.168.30.33:46530], old=null
2019-10-04 20:09:17,550 [pool-237-thread-1] INFO  impl.RaftServerImpl (RaftServerImpl.java:setRole(170)) - 87b3241b-db91-4463-b9c2-5df63382e6f1@group-1A90ACFCA9A9: changes role from      null to FOLLOWER at term 0 for startAsFollower
2019-10-04 20:09:17,551 [pool-237-thread-1] INFO  impl.RoleInfo (RoleInfo.java:updateAndGet(143)) - 87b3241b-db91-4463-b9c2-5df63382e6f1: start FollowerState
2019-10-04 20:09:17,551 [pool-237-thread-1] INFO  util.JmxRegister (JmxRegister.java:tryRegister(44)) - Successfully registered JMX Bean with object name Ratis:service=RaftServer,group=group-1A90ACFCA9A9,id=87b3241b-db91-4463-b9c2-5df63382e6f1
2019-10-04 20:09:17,559 [RatisPipelineUtilsThread] INFO  pipeline.PipelineStateManager (PipelineStateManager.java:addPipeline(56)) - Created pipeline Pipeline[ Id: 02313d17-7116-443e-a6d0-1a90acfca9a9, Nodes: 87b3241b-db91-4463-b9c2-5df63382e6f1{ip: 192.168.30.33, host: pr-hdds-2239-ctfdh-543981580, networkLocation: /default-rack, certSerialId: null}, Type:RATIS, Factor:ONE, State:OPEN]
2019-10-04 20:09:17,579 [grpc-default-executor-2] INFO  impl.RaftServerProxy (RaftServerProxy.java:addNew(89)) - d07450a8-d601-4bdf-9380-0e39503cc500: addNew group-F7DD6F04748D:[d07450a8-d601-4bdf-9380-0e39503cc500:192.168.30.33:46808, e9a8cedd-f5bd-449d-89d0-4c8f341d7f6f:192.168.30.33:41512, 3b32de6e-1077-4f98-9df9-673b0518360a:192.168.30.33:33394] returns group-F7DD6F04748D:java.util.concurrent.CompletableFuture@6868bcaa[Not completed]
2019-10-04 20:09:17,579 [grpc-default-executor-5] INFO  impl.RaftServerProxy (RaftServerProxy.java:addNew(89)) - e9a8cedd-f5bd-449d-89d0-4c8f341d7f6f: addNew group-F7DD6F04748D:[d07450a8-d601-4bdf-9380-0e39503cc500:192.168.30.33:46808, e9a8cedd-f5bd-449d-89d0-4c8f341d7f6f:192.168.30.33:41512, 3b32de6e-1077-4f98-9df9-673b0518360a:192.168.30.33:33394] returns group-F7DD6F04748D:java.util.concurrent.CompletableFuture@214df502[Not completed]
2019-10-04 20:09:17,579 [grpc-default-executor-4] INFO  impl.RaftServerProxy (RaftServerProxy.java:addNew(89)) - 3b32de6e-1077-4f98-9df9-673b0518360a: addNew group-F7DD6F04748D:[d07450a8-d601-4bdf-9380-0e39503cc500:192.168.30.33:46808, e9a8cedd-f5bd-449d-89d0-4c8f341d7f6f:192.168.30.33:41512, 3b32de6e-1077-4f98-9df9-673b0518360a:192.168.30.33:33394] returns group-F7DD6F04748D:java.util.concurrent.CompletableFuture@7a55354e[Not completed]
2019-10-04 20:09:17,581 [pool-257-thread-1] INFO  impl.RaftServerImpl (RaftServerImpl.java:<init>(95)) - 3b32de6e-1077-4f98-9df9-673b0518360a: new RaftServerImpl for group-F7DD6F04748D:[d07450a8-d601-4bdf-9380-0e39503cc500:192.168.30.33:46808, e9a8cedd-f5bd-449d-89d0-4c8f341d7f6f:192.168.30.33:41512, 3b32de6e-1077-4f98-9df9-673b0518360a:192.168.30.33:33394] with ContainerStateMachine:uninitialized
2019-10-04 20:09:17,581 [pool-257-thread-1] INFO  server.RaftServerConfigKeys (ConfUtils.java:logGet(43)) - raft.server.rpc.timeout.min = 5s (custom)
2019-10-04 20:09:17,581 [pool-257-thread-1] INFO  server.RaftServerConfigKeys (ConfUtils.java:logGet(43)) - raft.server.rpc.timeout.max = 5200ms (custom)
2019-10-04 20:09:17,581 [pool-257-thread-1] INFO  server.RaftServerConfigKeys (ConfUtils.java:logGet(43)) - raft.server.rpcslowness.timeout = 120s (custom)
2019-10-04 20:09:17,581 [pool-257-thread-1] INFO  server.RaftServerConfigKeys (ConfUtils.java:logGet(43)) - raft.server.sleep.deviation.threshold = 300 (default)
2019-10-04 20:09:17,581 [pool-257-thread-1] INFO  server.RaftServerConfigKeys (ConfUtils.java:logGet(43)) - raft.server.log.appender.install.snapshot.enabled = false (custom)
2019-10-04 20:09:17,581 [pool-257-thread-1] INFO  impl.RaftServerImpl (ServerState.java:<init>(103)) - 3b32de6e-1077-4f98-9df9-673b0518360a@group-F7DD6F04748D: ConfigurationManager, init=-1: [d07450a8-d601-4bdf-9380-0e39503cc500:192.168.30.33:46808, e9a8cedd-f5bd-449d-89d0-4c8f341d7f6f:192.168.30.33:41512, 3b32de6e-1077-4f98-9df9-673b0518360a:192.168.30.33:33394], old=null, confs=<EMPTY_MAP>
2019-10-04 20:09:17,581 [pool-247-thread-1] INFO  impl.RaftServerImpl (RaftServerImpl.java:<init>(95)) - d07450a8-d601-4bdf-9380-0e39503cc500: new RaftServerImpl for group-F7DD6F04748D:[d07450a8-d601-4bdf-9380-0e39503cc500:192.168.30.33:46808, e9a8cedd-f5bd-449d-89d0-4c8f341d7f6f:192.168.30.33:41512, 3b32de6e-1077-4f98-9df9-673b0518360a:192.168.30.33:33394] with ContainerStateMachine:uninitialized
2019-10-04 20:09:17,581 [pool-257-thread-1] INFO  server.RaftServerConfigKeys (ConfUtils.java:logGet(43)) - raft.server.storage.dir = [/workdir/hadoop-ozone/integration-test/target/test-dir/MiniOzoneClusterImpl-3e0866ea-37f1-4ee5-98b1-1080ecf2132c/datanode-5/data/ratis] (custom)
2019-10-04 20:09:17,582 [pool-247-thread-1] INFO  server.RaftServerConfigKeys (ConfUtils.java:logGet(43)) - raft.server.rpc.timeout.min = 5s (custom)
2019-10-04 20:09:17,582 [pool-257-thread-1] INFO  server.RaftServerConfigKeys (ConfUtils.java:logGet(43)) - raft.server.log.corruption.policy = EXCEPTION (default)
2019-10-04 20:09:17,582 [pool-247-thread-1] INFO  server.RaftServerConfigKeys (ConfUtils.java:logGet(43)) - raft.server.rpc.timeout.max = 5200ms (custom)
2019-10-04 20:09:17,582 [pool-257-thread-1] INFO  storage.RaftStorageDirectory (RaftStorageDirectory.java:analyzeStorage(246)) - The storage directory /workdir/hadoop-ozone/integration-test/target/test-dir/MiniOzoneClusterImpl-3e0866ea-37f1-4ee5-98b1-1080ecf2132c/datanode-5/data/ratis/0adf2fe7-41cb-4b5d-b189-f7dd6f04748d does not exist. Creating ...
2019-10-04 20:09:17,582 [pool-247-thread-1] INFO  server.RaftServerConfigKeys (ConfUtils.java:logGet(43)) - raft.server.rpcslowness.timeout = 120s (custom)
2019-10-04 20:09:17,582 [pool-267-thread-1] INFO  impl.RaftServerImpl (RaftServerImpl.java:<init>(95)) - e9a8cedd-f5bd-449d-89d0-4c8f341d7f6f: new RaftServerImpl for group-F7DD6F04748D:[d07450a8-d601-4bdf-9380-0e39503cc500:192.168.30.33:46808, e9a8cedd-f5bd-449d-89d0-4c8f341d7f6f:192.168.30.33:41512, 3b32de6e-1077-4f98-9df9-673b0518360a:192.168.30.33:33394] with ContainerStateMachine:uninitialized
2019-10-04 20:09:17,582 [pool-247-thread-1] INFO  server.RaftServerConfigKeys (ConfUtils.java:logGet(43)) - raft.server.sleep.deviation.threshold = 300 (default)
2019-10-04 20:09:17,582 [pool-267-thread-1] INFO  server.RaftServerConfigKeys (ConfUtils.java:logGet(43)) - raft.server.rpc.timeout.min = 5s (custom)
2019-10-04 20:09:17,582 [pool-247-thread-1] INFO  server.RaftServerConfigKeys (ConfUtils.java:logGet(43)) - raft.server.log.appender.install.snapshot.enabled = false (custom)
2019-10-04 20:09:17,583 [pool-267-thread-1] INFO  server.RaftServerConfigKeys (ConfUtils.java:logGet(43)) - raft.server.rpc.timeout.max = 5200ms (custom)
2019-10-04 20:09:17,583 [pool-247-thread-1] INFO  impl.RaftServerImpl (ServerState.java:<init>(103)) - d07450a8-d601-4bdf-9380-0e39503cc500@group-F7DD6F04748D: ConfigurationManager, init=-1: [d07450a8-d601-4bdf-9380-0e39503cc500:192.168.30.33:46808, e9a8cedd-f5bd-449d-89d0-4c8f341d7f6f:192.168.30.33:41512, 3b32de6e-1077-4f98-9df9-673b0518360a:192.168.30.33:33394], old=null, confs=<EMPTY_MAP>
2019-10-04 20:09:17,583 [pool-267-thread-1] INFO  server.RaftServerConfigKeys (ConfUtils.java:logGet(43)) - raft.server.rpcslowness.timeout = 120s (custom)
2019-10-04 20:09:17,583 [pool-247-thread-1] INFO  server.RaftServerConfigKeys (ConfUtils.java:logGet(43)) - raft.server.storage.dir = [/workdir/hadoop-ozone/integration-test/target/test-dir/MiniOzoneClusterImpl-3e0866ea-37f1-4ee5-98b1-1080ecf2132c/datanode-4/data/ratis] (custom)
2019-10-04 20:09:17,583 [pool-267-thread-1] INFO  server.RaftServerConfigKeys (ConfUtils.java:logGet(43)) - raft.server.sleep.deviation.threshold = 300 (default)
2019-10-04 20:09:17,583 [pool-267-thread-1] INFO  server.RaftServerConfigKeys (ConfUtils.java:logGet(43)) - raft.server.log.appender.install.snapshot.enabled = false (custom)
2019-10-04 20:09:17,583 [pool-247-thread-1] INFO  server.RaftServerConfigKeys (ConfUtils.java:logGet(43)) - raft.server.log.corruption.policy = EXCEPTION (default)
2019-10-04 20:09:17,583 [pool-267-thread-1] INFO  impl.RaftServerImpl (ServerState.java:<init>(103)) - e9a8cedd-f5bd-449d-89d0-4c8f341d7f6f@group-F7DD6F04748D: ConfigurationManager, init=-1: [d07450a8-d601-4bdf-9380-0e39503cc500:192.168.30.33:46808, e9a8cedd-f5bd-449d-89d0-4c8f341d7f6f:192.168.30.33:41512, 3b32de6e-1077-4f98-9df9-673b0518360a:192.168.30.33:33394], old=null, confs=<EMPTY_MAP>
2019-10-04 20:09:17,584 [pool-247-thread-1] INFO  storage.RaftStorageDirectory (RaftStorageDirectory.java:analyzeStorage(246)) - The storage directory /workdir/hadoop-ozone/integration-test/target/test-dir/MiniOzoneClusterImpl-3e0866ea-37f1-4ee5-98b1-1080ecf2132c/datanode-4/data/ratis/0adf2fe7-41cb-4b5d-b189-f7dd6f04748d does not exist. Creating ...
2019-10-04 20:09:17,584 [pool-267-thread-1] INFO  server.RaftServerConfigKeys (ConfUtils.java:logGet(43)) - raft.server.storage.dir = [/workdir/hadoop-ozone/integration-test/target/test-dir/MiniOzoneClusterImpl-3e0866ea-37f1-4ee5-98b1-1080ecf2132c/datanode-6/data/ratis] (custom)
2019-10-04 20:09:17,584 [pool-267-thread-1] INFO  server.RaftServerConfigKeys (ConfUtils.java:logGet(43)) - raft.server.log.corruption.policy = EXCEPTION (default)
2019-10-04 20:09:17,584 [pool-267-thread-1] INFO  storage.RaftStorageDirectory (RaftStorageDirectory.java:analyzeStorage(246)) - The storage directory /workdir/hadoop-ozone/integration-test/target/test-dir/MiniOzoneClusterImpl-3e0866ea-37f1-4ee5-98b1-1080ecf2132c/datanode-6/data/ratis/0adf2fe7-41cb-4b5d-b189-f7dd6f04748d does not exist. Creating ...
2019-10-04 20:09:17,609 [pool-257-thread-1] INFO  storage.RaftStorageDirectory (RaftStorageDirectory.java:tryLock(328)) - Lock on /workdir/hadoop-ozone/integration-test/target/test-dir/MiniOzoneClusterImpl-3e0866ea-37f1-4ee5-98b1-1080ecf2132c/datanode-5/data/ratis/0adf2fe7-41cb-4b5d-b189-f7dd6f04748d/in_use.lock acquired by nodename 12932@pr-hdds-2239-ctfdh-543981580
2019-10-04 20:09:17,609 [pool-267-thread-1] INFO  storage.RaftStorageDirectory (RaftStorageDirectory.java:tryLock(328)) - Lock on /workdir/hadoop-ozone/integration-test/target/test-dir/MiniOzoneClusterImpl-3e0866ea-37f1-4ee5-98b1-1080ecf2132c/datanode-6/data/ratis/0adf2fe7-41cb-4b5d-b189-f7dd6f04748d/in_use.lock acquired by nodename 12932@pr-hdds-2239-ctfdh-543981580
2019-10-04 20:09:17,609 [pool-247-thread-1] INFO  storage.RaftStorageDirectory (RaftStorageDirectory.java:tryLock(328)) - Lock on /workdir/hadoop-ozone/integration-test/target/test-dir/MiniOzoneClusterImpl-3e0866ea-37f1-4ee5-98b1-1080ecf2132c/datanode-4/data/ratis/0adf2fe7-41cb-4b5d-b189-f7dd6f04748d/in_use.lock acquired by nodename 12932@pr-hdds-2239-ctfdh-543981580
2019-10-04 20:09:17,635 [pool-257-thread-1] INFO  storage.RaftStorage (RaftStorage.java:format(84)) - Storage directory /workdir/hadoop-ozone/integration-test/target/test-dir/MiniOzoneClusterImpl-3e0866ea-37f1-4ee5-98b1-1080ecf2132c/datanode-5/data/ratis/0adf2fe7-41cb-4b5d-b189-f7dd6f04748d has been successfully formatted.
2019-10-04 20:09:17,635 [pool-247-thread-1] INFO  storage.RaftStorage (RaftStorage.java:format(84)) - Storage directory /workdir/hadoop-ozone/integration-test/target/test-dir/MiniOzoneClusterImpl-3e0866ea-37f1-4ee5-98b1-1080ecf2132c/datanode-4/data/ratis/0adf2fe7-41cb-4b5d-b189-f7dd6f04748d has been successfully formatted.
2019-10-04 20:09:17,635 [pool-267-thread-1] INFO  storage.RaftStorage (RaftStorage.java:format(84)) - Storage directory /workdir/hadoop-ozone/integration-test/target/test-dir/MiniOzoneClusterImpl-3e0866ea-37f1-4ee5-98b1-1080ecf2132c/datanode-6/data/ratis/0adf2fe7-41cb-4b5d-b189-f7dd6f04748d has been successfully formatted.
2019-10-04 20:09:17,635 [pool-257-thread-1] INFO  ratis.ContainerStateMachine (ContainerStateMachine.java:loadSnapshot(230)) - group-F7DD6F04748D: The snapshot info is null. Setting the last applied indexto:(t:0, i:~)
2019-10-04 20:09:17,635 [pool-267-thread-1] INFO  ratis.ContainerStateMachine (ContainerStateMachine.java:loadSnapshot(230)) - group-F7DD6F04748D: The snapshot info is null. Setting the last applied indexto:(t:0, i:~)
2019-10-04 20:09:17,635 [pool-247-thread-1] INFO  ratis.ContainerStateMachine (ContainerStateMachine.java:loadSnapshot(230)) - group-F7DD6F04748D: The snapshot info is null. Setting the last applied indexto:(t:0, i:~)
2019-10-04 20:09:17,636 [pool-267-thread-1] INFO  server.RaftServerConfigKeys (ConfUtils.java:logGet(43)) - raft.server.notification.no-leader.timeout = 120s (custom)
2019-10-04 20:09:17,635 [pool-257-thread-1] INFO  server.RaftServerConfigKeys (ConfUtils.java:logGet(43)) - raft.server.notification.no-leader.timeout = 120s (custom)
2019-10-04 20:09:17,636 [pool-267-thread-1] INFO  server.RaftServerConfigKeys (ConfUtils.java:logGet(43)) - raft.server.log.use.memory = false (default)
2019-10-04 20:09:17,636 [pool-247-thread-1] INFO  server.RaftServerConfigKeys (ConfUtils.java:logGet(43)) - raft.server.notification.no-leader.timeout = 120s (custom)
2019-10-04 20:09:17,636 [pool-267-thread-1] INFO  server.RaftServerConfigKeys (ConfUtils.java:logGet(43)) - raft.server.log.purge.gap = 1000000 (custom)
2019-10-04 20:09:17,636 [pool-257-thread-1] INFO  server.RaftServerConfigKeys (ConfUtils.java:logGet(43)) - raft.server.log.use.memory = false (default)
2019-10-04 20:09:17,636 [pool-267-thread-1] INFO  server.RaftServerConfigKeys (ConfUtils.java:logGet(43)) - raft.server.log.appender.buffer.byte-limit = 33554432 (custom)
2019-10-04 20:09:17,636 [pool-247-thread-1] INFO  server.RaftServerConfigKeys (ConfUtils.java:logGet(43)) - raft.server.log.use.memory = false (default)
2019-10-04 20:09:17,637 [pool-267-thread-1] INFO  server.RaftServerConfigKeys (ConfUtils.java:logGet(43)) - raft.server.log.segment.size.max = 1048576 (custom)
2019-10-04 20:09:17,637 [pool-257-thread-1] INFO  server.RaftServerConfigKeys (ConfUtils.java:logGet(43)) - raft.server.log.purge.gap = 1000000 (custom)
2019-10-04 20:09:17,637 [pool-267-thread-1] INFO  server.RaftServerConfigKeys (ConfUtils.java:logGet(43)) - raft.server.log.segment.cache.num.max = 2 (custom)
2019-10-04 20:09:17,637 [pool-247-thread-1] INFO  server.RaftServerConfigKeys (ConfUtils.java:logGet(43)) - raft.server.log.purge.gap = 1000000 (custom)
2019-10-04 20:09:17,637 [pool-267-thread-1] INFO  segmented.SegmentedRaftLogWorker (SegmentedRaftLogWorker.java:<init>(173)) - new e9a8cedd-f5bd-449d-89d0-4c8f341d7f6f@group-F7DD6F04748D-SegmentedRaftLogWorker for RaftStorage:Storage Directory /workdir/hadoop-ozone/integration-test/target/test-dir/MiniOzoneClusterImpl-3e0866ea-37f1-4ee5-98b1-1080ecf2132c/datanode-6/data/ratis/0adf2fe7-41cb-4b5d-b189-f7dd6f04748d
2019-10-04 20:09:17,637 [pool-257-thread-1] INFO  server.RaftServerConfigKeys (ConfUtils.java:logGet(43)) - raft.server.log.appender.buffer.byte-limit = 33554432 (custom)
2019-10-04 20:09:17,638 [pool-267-thread-1] INFO  server.RaftServerConfigKeys (ConfUtils.java:logGet(43)) - raft.server.log.queue.byte-limit = 2147483647 (custom)
2019-10-04 20:09:17,637 [pool-247-thread-1] INFO  server.RaftServerConfigKeys (ConfUtils.java:logGet(43)) - raft.server.log.appender.buffer.byte-limit = 33554432 (custom)
2019-10-04 20:09:17,638 [pool-267-thread-1] INFO  server.RaftServerConfigKeys (ConfUtils.java:logGet(43)) - raft.server.log.queue.element-limit = 1024 (custom)
2019-10-04 20:09:17,638 [pool-257-thread-1] INFO  server.RaftServerConfigKeys (ConfUtils.java:logGet(43)) - raft.server.log.segment.size.max = 1048576 (custom)
2019-10-04 20:09:17,638 [pool-267-thread-1] INFO  server.RaftServerConfigKeys (ConfUtils.java:logGet(43)) - raft.server.log.segment.size.max = 1048576 (custom)
2019-10-04 20:09:17,638 [pool-247-thread-1] INFO  server.RaftServerConfigKeys (ConfUtils.java:logGet(43)) - raft.server.log.segment.size.max = 1048576 (custom)
2019-10-04 20:09:17,638 [pool-267-thread-1] INFO  server.RaftServerConfigKeys (ConfUtils.java:logGet(43)) - raft.server.log.preallocated.size = 16384 (custom)
2019-10-04 20:09:17,638 [pool-257-thread-1] INFO  server.RaftServerConfigKeys (ConfUtils.java:logGet(43)) - raft.server.log.segment.cache.num.max = 2 (custom)
2019-10-04 20:09:17,639 [pool-267-thread-1] INFO  server.RaftServerConfigKeys (ConfUtils.java:logGet(43)) - raft.server.log.write.buffer.size = 33554432 (custom)
2019-10-04 20:09:17,639 [pool-247-thread-1] INFO  server.RaftServerConfigKeys (ConfUtils.java:logGet(43)) - raft.server.log.segment.cache.num.max = 2 (custom)
2019-10-04 20:09:17,639 [pool-267-thread-1] INFO  server.RaftServerConfigKeys (ConfUtils.java:logGet(43)) - raft.server.log.force.sync.num = 128 (default)
2019-10-04 20:09:17,639 [pool-257-thread-1] INFO  segmented.SegmentedRaftLogWorker (SegmentedRaftLogWorker.java:<init>(173)) - new 3b32de6e-1077-4f98-9df9-673b0518360a@group-F7DD6F04748D-SegmentedRaftLogWorker for RaftStorage:Storage Directory /workdir/hadoop-ozone/integration-test/target/test-dir/MiniOzoneClusterImpl-3e0866ea-37f1-4ee5-98b1-1080ecf2132c/datanode-5/data/ratis/0adf2fe7-41cb-4b5d-b189-f7dd6f04748d
2019-10-04 20:09:17,639 [pool-267-thread-1] INFO  server.RaftServerConfigKeys (ConfUtils.java:logGet(43)) - raft.server.log.statemachine.data.sync = true (default)
2019-10-04 20:09:17,639 [pool-247-thread-1] INFO  segmented.SegmentedRaftLogWorker (SegmentedRaftLogWorker.java:<init>(173)) - new d07450a8-d601-4bdf-9380-0e39503cc500@group-F7DD6F04748D-SegmentedRaftLogWorker for RaftStorage:Storage Directory /workdir/hadoop-ozone/integration-test/target/test-dir/MiniOzoneClusterImpl-3e0866ea-37f1-4ee5-98b1-1080ecf2132c/datanode-4/data/ratis/0adf2fe7-41cb-4b5d-b189-f7dd6f04748d
2019-10-04 20:09:17,640 [pool-267-thread-1] INFO  server.RaftServerConfigKeys (ConfUtils.java:logGet(43)) - raft.server.log.statemachine.data.sync.timeout = 10s (default)
2019-10-04 20:09:17,639 [pool-257-thread-1] INFO  server.RaftServerConfigKeys (ConfUtils.java:logGet(43)) - raft.server.log.queue.byte-limit = 2147483647 (custom)
2019-10-04 20:09:17,640 [pool-267-thread-1] INFO  server.RaftServerConfigKeys (ConfUtils.java:logGet(43)) - raft.server.log.statemachine.data.sync.timeout.retry = -1 (default)
2019-10-04 20:09:17,640 [pool-247-thread-1] INFO  server.RaftServerConfigKeys (ConfUtils.java:logGet(43)) - raft.server.log.queue.byte-limit = 2147483647 (custom)
2019-10-04 20:09:17,640 [pool-267-thread-1] INFO  server.RaftServerConfigKeys (ConfUtils.java:logGet(43)) - raft.server.log.statemachine.data.caching.enabled = true (custom)
2019-10-04 20:09:17,640 [pool-257-thread-1] INFO  server.RaftServerConfigKeys (ConfUtils.java:logGet(43)) - raft.server.log.queue.element-limit = 1024 (custom)
2019-10-04 20:09:17,640 [pool-247-thread-1] INFO  server.RaftServerConfigKeys (ConfUtils.java:logGet(43)) - raft.server.log.queue.element-limit = 1024 (custom)
2019-10-04 20:09:17,641 [pool-267-thread-1] INFO  segmented.SegmentedRaftLogWorker (SegmentedRaftLogWorker.java:lambda$new$0(128)) - e9a8cedd-f5bd-449d-89d0-4c8f341d7f6f@group-F7DD6F04748D-SegmentedRaftLogWorker: flushIndex: setUnconditionally 0 -> -1
2019-10-04 20:09:17,641 [pool-257-thread-1] INFO  server.RaftServerConfigKeys (ConfUtils.java:logGet(43)) - raft.server.log.segment.size.max = 1048576 (custom)
2019-10-04 20:09:17,641 [pool-247-thread-1] INFO  server.RaftServerConfigKeys (ConfUtils.java:logGet(43)) - raft.server.log.segment.size.max = 1048576 (custom)
2019-10-04 20:09:17,641 [pool-267-thread-1] INFO  server.RaftServerConfigKeys (ConfUtils.java:logGet(43)) - raft.server.snapshot.auto.trigger.enabled = true (custom)
2019-10-04 20:09:17,641 [pool-257-thread-1] INFO  server.RaftServerConfigKeys (ConfUtils.java:logGet(43)) - raft.server.log.preallocated.size = 16384 (custom)
2019-10-04 20:09:17,641 [pool-267-thread-1] INFO  server.RaftServerConfigKeys (ConfUtils.java:logGet(43)) - raft.server.snapshot.auto.trigger.threshold = 10000 (custom)
2019-10-04 20:09:17,641 [pool-247-thread-1] INFO  server.RaftServerConfigKeys (ConfUtils.java:logGet(43)) - raft.server.log.preallocated.size = 16384 (custom)
2019-10-04 20:09:17,642 [pool-267-thread-1] INFO  server.RaftServerConfigKeys (ConfUtils.java:logGet(43)) - raft.server.snapshot.retention.file.num = 5 (custom)
2019-10-04 20:09:17,642 [pool-257-thread-1] INFO  server.RaftServerConfigKeys (ConfUtils.java:logGet(43)) - raft.server.log.write.buffer.size = 33554432 (custom)
2019-10-04 20:09:17,642 [pool-267-thread-1] INFO  server.RaftServerConfigKeys (ConfUtils.java:logGet(43)) - raft.server.retrycache.expirytime = 600000ms (custom)
2019-10-04 20:09:17,642 [pool-247-thread-1] INFO  server.RaftServerConfigKeys (ConfUtils.java:logGet(43)) - raft.server.log.write.buffer.size = 33554432 (custom)
2019-10-04 20:09:17,642 [pool-257-thread-1] INFO  server.RaftServerConfigKeys (ConfUtils.java:logGet(43)) - raft.server.log.force.sync.num = 128 (default)
2019-10-04 20:09:17,642 [pool-247-thread-1] INFO  server.RaftServerConfigKeys (ConfUtils.java:logGet(43)) - raft.server.log.force.sync.num = 128 (default)
2019-10-04 20:09:17,643 [pool-257-thread-1] INFO  server.RaftServerConfigKeys (ConfUtils.java:logGet(43)) - raft.server.log.statemachine.data.sync = true (default)
2019-10-04 20:09:17,643 [pool-247-thread-1] INFO  server.RaftServerConfigKeys (ConfUtils.java:logGet(43)) - raft.server.log.statemachine.data.sync = true (default)
2019-10-04 20:09:17,643 [pool-257-thread-1] INFO  server.RaftServerConfigKeys (ConfUtils.java:logGet(43)) - raft.server.log.statemachine.data.sync.timeout = 10s (default)
2019-10-04 20:09:17,643 [pool-247-thread-1] INFO  server.RaftServerConfigKeys (ConfUtils.java:logGet(43)) - raft.server.log.statemachine.data.sync.timeout = 10s (default)
2019-10-04 20:09:17,643 [pool-257-thread-1] INFO  server.RaftServerConfigKeys (ConfUtils.java:logGet(43)) - raft.server.log.statemachine.data.sync.timeout.retry = -1 (default)
2019-10-04 20:09:17,643 [pool-247-thread-1] INFO  server.RaftServerConfigKeys (ConfUtils.java:logGet(43)) - raft.server.log.statemachine.data.sync.timeout.retry = -1 (default)
2019-10-04 20:09:17,644 [pool-257-thread-1] INFO  server.RaftServerConfigKeys (ConfUtils.java:logGet(43)) - raft.server.log.statemachine.data.caching.enabled = true (custom)
2019-10-04 20:09:17,644 [pool-247-thread-1] INFO  server.RaftServerConfigKeys (ConfUtils.java:logGet(43)) - raft.server.log.statemachine.data.caching.enabled = true (custom)
2019-10-04 20:09:17,644 [pool-257-thread-1] INFO  segmented.SegmentedRaftLogWorker (SegmentedRaftLogWorker.java:lambda$new$0(128)) - 3b32de6e-1077-4f98-9df9-673b0518360a@group-F7DD6F04748D-SegmentedRaftLogWorker: flushIndex: setUnconditionally 0 -> -1
2019-10-04 20:09:17,644 [pool-247-thread-1] INFO  segmented.SegmentedRaftLogWorker (SegmentedRaftLogWorker.java:lambda$new$0(128)) - d07450a8-d601-4bdf-9380-0e39503cc500@group-F7DD6F04748D-SegmentedRaftLogWorker: flushIndex: setUnconditionally 0 -> -1
2019-10-04 20:09:17,644 [pool-257-thread-1] INFO  server.RaftServerConfigKeys (ConfUtils.java:logGet(43)) - raft.server.snapshot.auto.trigger.enabled = true (custom)
2019-10-04 20:09:17,644 [pool-257-thread-1] INFO  server.RaftServerConfigKeys (ConfUtils.java:logGet(43)) - raft.server.snapshot.auto.trigger.threshold = 10000 (custom)
2019-10-04 20:09:17,644 [pool-247-thread-1] INFO  server.RaftServerConfigKeys (ConfUtils.java:logGet(43)) - raft.server.snapshot.auto.trigger.enabled = true (custom)
2019-10-04 20:09:17,644 [pool-267-thread-1] INFO  impl.RaftServerImpl (RaftServerImpl.java:start(181)) - e9a8cedd-f5bd-449d-89d0-4c8f341d7f6f@group-F7DD6F04748D: start as a follower, conf=-1: [d07450a8-d601-4bdf-9380-0e39503cc500:192.168.30.33:46808, e9a8cedd-f5bd-449d-89d0-4c8f341d7f6f:192.168.30.33:41512, 3b32de6e-1077-4f98-9df9-673b0518360a:192.168.30.33:33394], old=null
2019-10-04 20:09:17,645 [pool-247-thread-1] INFO  server.RaftServerConfigKeys (ConfUtils.java:logGet(43)) - raft.server.snapshot.auto.trigger.threshold = 10000 (custom)
2019-10-04 20:09:17,644 [pool-257-thread-1] INFO  server.RaftServerConfigKeys (ConfUtils.java:logGet(43)) - raft.server.snapshot.retention.file.num = 5 (custom)
2019-10-04 20:09:17,645 [pool-247-thread-1] INFO  server.RaftServerConfigKeys (ConfUtils.java:logGet(43)) - raft.server.snapshot.retention.file.num = 5 (custom)
2019-10-04 20:09:17,645 [pool-267-thread-1] INFO  impl.RaftServerImpl (RaftServerImpl.java:setRole(170)) - e9a8cedd-f5bd-449d-89d0-4c8f341d7f6f@group-F7DD6F04748D: changes role from      null to FOLLOWER at term 0 for startAsFollower
2019-10-04 20:09:17,645 [pool-247-thread-1] INFO  server.RaftServerConfigKeys (ConfUtils.java:logGet(43)) - raft.server.retrycache.expirytime = 600000ms (custom)
2019-10-04 20:09:17,645 [pool-257-thread-1] INFO  server.RaftServerConfigKeys (ConfUtils.java:logGet(43)) - raft.server.retrycache.expirytime = 600000ms (custom)
2019-10-04 20:09:17,645 [pool-267-thread-1] INFO  impl.RoleInfo (RoleInfo.java:updateAndGet(143)) - e9a8cedd-f5bd-449d-89d0-4c8f341d7f6f: start FollowerState
2019-10-04 20:09:17,646 [pool-267-thread-1] INFO  util.JmxRegister (JmxRegister.java:tryRegister(44)) - Successfully registered JMX Bean with object name Ratis:service=RaftServer,group=group-F7DD6F04748D,id=e9a8cedd-f5bd-449d-89d0-4c8f341d7f6f
2019-10-04 20:09:17,649 [pool-247-thread-1] INFO  impl.RaftServerImpl (RaftServerImpl.java:start(181)) - d07450a8-d601-4bdf-9380-0e39503cc500@group-F7DD6F04748D: start as a follower, conf=-1: [d07450a8-d601-4bdf-9380-0e39503cc500:192.168.30.33:46808, e9a8cedd-f5bd-449d-89d0-4c8f341d7f6f:192.168.30.33:41512, 3b32de6e-1077-4f98-9df9-673b0518360a:192.168.30.33:33394], old=null
2019-10-04 20:09:17,649 [pool-247-thread-1] INFO  impl.RaftServerImpl (RaftServerImpl.java:setRole(170)) - d07450a8-d601-4bdf-9380-0e39503cc500@group-F7DD6F04748D: changes role from      null to FOLLOWER at term 0 for startAsFollower
2019-10-04 20:09:17,649 [pool-257-thread-1] INFO  impl.RaftServerImpl (RaftServerImpl.java:start(181)) - 3b32de6e-1077-4f98-9df9-673b0518360a@group-F7DD6F04748D: start as a follower, conf=-1: [d07450a8-d601-4bdf-9380-0e39503cc500:192.168.30.33:46808, e9a8cedd-f5bd-449d-89d0-4c8f341d7f6f:192.168.30.33:41512, 3b32de6e-1077-4f98-9df9-673b0518360a:192.168.30.33:33394], old=null
2019-10-04 20:09:17,649 [pool-247-thread-1] INFO  impl.RoleInfo (RoleInfo.java:updateAndGet(143)) - d07450a8-d601-4bdf-9380-0e39503cc500: start FollowerState
2019-10-04 20:09:17,649 [pool-257-thread-1] INFO  impl.RaftServerImpl (RaftServerImpl.java:setRole(170)) - 3b32de6e-1077-4f98-9df9-673b0518360a@group-F7DD6F04748D: changes role from      null to FOLLOWER at term 0 for startAsFollower
2019-10-04 20:09:17,649 [pool-257-thread-1] INFO  impl.RoleInfo (RoleInfo.java:updateAndGet(143)) - 3b32de6e-1077-4f98-9df9-673b0518360a: start FollowerState
2019-10-04 20:09:17,649 [pool-247-thread-1] INFO  util.JmxRegister (JmxRegister.java:tryRegister(44)) - Successfully registered JMX Bean with object name Ratis:service=RaftServer,group=group-F7DD6F04748D,id=d07450a8-d601-4bdf-9380-0e39503cc500
2019-10-04 20:09:17,650 [pool-257-thread-1] INFO  util.JmxRegister (JmxRegister.java:tryRegister(44)) - Successfully registered JMX Bean with object name Ratis:service=RaftServer,group=group-F7DD6F04748D,id=3b32de6e-1077-4f98-9df9-673b0518360a
2019-10-04 20:09:17,665 [RatisPipelineUtilsThread] INFO  pipeline.PipelineStateManager (PipelineStateManager.java:addPipeline(56)) - Created pipeline Pipeline[ Id: 0adf2fe7-41cb-4b5d-b189-f7dd6f04748d, Nodes: 3b32de6e-1077-4f98-9df9-673b0518360a{ip: 192.168.30.33, host: pr-hdds-2239-ctfdh-543981580, networkLocation: /default-rack, certSerialId: null}d07450a8-d601-4bdf-9380-0e39503cc500{ip: 192.168.30.33, host: pr-hdds-2239-ctfdh-543981580, networkLocation: /default-rack, certSerialId: null}e9a8cedd-f5bd-449d-89d0-4c8f341d7f6f{ip: 192.168.30.33, host: pr-hdds-2239-ctfdh-543981580, networkLocation: /default-rack, certSerialId: null}, Type:RATIS, Factor:THREE, State:OPEN]
2019-10-04 20:09:18,360 [main] INFO  ozone.MiniOzoneClusterImpl (MiniOzoneClusterImpl.java:lambda$waitForClusterToBeReady$0(147)) - Cluster is ready. Got 7 of 7 DN Heartbeats.
2019-10-04 20:09:18,397 [main] INFO  rpc.RpcClient (RpcClient.java:createVolume(277)) - Creating Volume: watchforcommithandlingtest, with jenkins1000 as owner.
2019-10-04 20:09:18,401 [IPC Server handler 2 on 38407] INFO  volume.OMVolumeCreateRequest (OMVolumeCreateRequest.java:validateAndUpdateCache(193)) - created volume:watchforcommithandlingtest for user:jenkins1000
2019-10-04 20:09:18,427 [main] INFO  rpc.RpcClient (RpcClient.java:createBucket(416)) - Creating Bucket: watchforcommithandlingtest/watchforcommithandlingtest, with Versioning false and Storage Type set to DISK and Encryption set to false 
2019-10-04 20:09:18,432 [main] INFO  ozone.MiniOzoneClusterImpl (MiniOzoneClusterImpl.java:getStorageContainerLocationClient(234)) - Creating StorageContainerLocationProtocol RPC client with address /0.0.0.0:35563
2019-10-04 20:09:19,884 [Thread-1380] INFO  container.ReplicationManager (ReplicationManager.java:start(162)) - Starting Replication Monitor Thread.
2019-10-04 20:09:19,888 [ReplicationMonitor] INFO  container.ReplicationManager (ReplicationManager.java:run(225)) - Replication Monitor Thread took 0 milliseconds for processing 1 containers.
2019-10-04 20:09:21,953 [Thread-1382] INFO  impl.FollowerState (FollowerState.java:run(108)) - e35642a6-94a5-4a62-8e65-3cae1ee4cc2c@group-D1B3B4671D43-FollowerState: change to CANDIDATE, lastRpcTime:5011ms, electionTimeout:5011ms
2019-10-04 20:09:21,953 [Thread-1382] INFO  impl.RoleInfo (RoleInfo.java:shutdownFollowerState(121)) - e35642a6-94a5-4a62-8e65-3cae1ee4cc2c: shutdown FollowerState
2019-10-04 20:09:21,953 [Thread-1382] INFO  impl.RaftServerImpl (RaftServerImpl.java:setRole(170)) - e35642a6-94a5-4a62-8e65-3cae1ee4cc2c@group-D1B3B4671D43: changes role from  FOLLOWER to CANDIDATE at term 0 for changeToCandidate
2019-10-04 20:09:21,954 [Thread-1382] INFO  impl.RoleInfo (RoleInfo.java:updateAndGet(143)) - e35642a6-94a5-4a62-8e65-3cae1ee4cc2c: start LeaderElection
2019-10-04 20:09:22,050 [e35642a6-94a5-4a62-8e65-3cae1ee4cc2c@group-D1B3B4671D43-LeaderElection49] INFO  impl.LeaderElection (LeaderElection.java:askForVotes(178)) - e35642a6-94a5-4a62-8e65-3cae1ee4cc2c@group-D1B3B4671D43-LeaderElection49: begin an election at term 1 for -1: [e35642a6-94a5-4a62-8e65-3cae1ee4cc2c:192.168.30.33:38365], old=null
2019-10-04 20:09:22,050 [e35642a6-94a5-4a62-8e65-3cae1ee4cc2c@group-D1B3B4671D43-LeaderElection49] INFO  impl.RoleInfo (RoleInfo.java:shutdownLeaderElection(134)) - e35642a6-94a5-4a62-8e65-3cae1ee4cc2c: shutdown LeaderElection
2019-10-04 20:09:22,051 [e35642a6-94a5-4a62-8e65-3cae1ee4cc2c@group-D1B3B4671D43-LeaderElection49] INFO  impl.RaftServerImpl (RaftServerImpl.java:setRole(170)) - e35642a6-94a5-4a62-8e65-3cae1ee4cc2c@group-D1B3B4671D43: changes role from CANDIDATE to LEADER at term 1 for changeToLeader
2019-10-04 20:09:22,051 [e35642a6-94a5-4a62-8e65-3cae1ee4cc2c@group-D1B3B4671D43-LeaderElection49] INFO  impl.RaftServerImpl (ServerState.java:setLeader(255)) - e35642a6-94a5-4a62-8e65-3cae1ee4cc2c@group-D1B3B4671D43: change Leader from null to e35642a6-94a5-4a62-8e65-3cae1ee4cc2c at term 1 for becomeLeader, leader elected after 5118ms
2019-10-04 20:09:22,051 [e35642a6-94a5-4a62-8e65-3cae1ee4cc2c@group-D1B3B4671D43-LeaderElection49] INFO  server.RaftServerConfigKeys (ConfUtils.java:logGet(43)) - raft.server.staging.catchup.gap = 1000 (default)
2019-10-04 20:09:22,051 [e35642a6-94a5-4a62-8e65-3cae1ee4cc2c@group-D1B3B4671D43-LeaderElection49] INFO  server.RaftServerConfigKeys (ConfUtils.java:logGet(43)) - raft.server.rpc.sleep.time = 25ms (default)
2019-10-04 20:09:22,051 [e35642a6-94a5-4a62-8e65-3cae1ee4cc2c@group-D1B3B4671D43-LeaderElection49] INFO  server.RaftServerConfigKeys (ConfUtils.java:logGet(43)) - raft.server.write.element-limit = 4096 (default)
2019-10-04 20:09:22,051 [e35642a6-94a5-4a62-8e65-3cae1ee4cc2c@group-D1B3B4671D43-LeaderElection49] INFO  server.RaftServerConfigKeys (ConfUtils.java:logGet(43)) - raft.server.watch.timeout = 10s (default)
2019-10-04 20:09:22,051 [e35642a6-94a5-4a62-8e65-3cae1ee4cc2c@group-D1B3B4671D43-LeaderElection49] INFO  server.RaftServerConfigKeys (ConfUtils.java:logGet(43)) - raft.server.watch.timeout.denomination = 1s (default)
2019-10-04 20:09:22,052 [e35642a6-94a5-4a62-8e65-3cae1ee4cc2c@group-D1B3B4671D43-LeaderElection49] INFO  server.RaftServerConfigKeys (ConfUtils.java:logGet(43)) - raft.server.watch.element-limit = 65536 (default)
2019-10-04 20:09:22,054 [e35642a6-94a5-4a62-8e65-3cae1ee4cc2c@group-D1B3B4671D43-LeaderElection49] INFO  impl.RoleInfo (RoleInfo.java:updateAndGet(143)) - e35642a6-94a5-4a62-8e65-3cae1ee4cc2c: start LeaderState
2019-10-04 20:09:22,054 [e35642a6-94a5-4a62-8e65-3cae1ee4cc2c@group-D1B3B4671D43-LeaderElection49] INFO  segmented.SegmentedRaftLogWorker (SegmentedRaftLogWorker.java:startLogSegment(385)) - e35642a6-94a5-4a62-8e65-3cae1ee4cc2c@group-D1B3B4671D43-SegmentedRaftLogWorker: Starting segment from index:0
2019-10-04 20:09:22,055 [e35642a6-94a5-4a62-8e65-3cae1ee4cc2c@group-D1B3B4671D43-LeaderElection49] INFO  impl.RaftServerImpl (ServerState.java:setRaftConf(356)) - e35642a6-94a5-4a62-8e65-3cae1ee4cc2c@group-D1B3B4671D43: set configuration 0: [e35642a6-94a5-4a62-8e65-3cae1ee4cc2c:192.168.30.33:38365], old=null at 0
2019-10-04 20:09:22,093 [e35642a6-94a5-4a62-8e65-3cae1ee4cc2c@group-D1B3B4671D43-SegmentedRaftLogWorker] INFO  segmented.SegmentedRaftLogWorker (SegmentedRaftLogWorker.java:execute(574)) - e35642a6-94a5-4a62-8e65-3cae1ee4cc2c@group-D1B3B4671D43-SegmentedRaftLogWorker: created new log segment /workdir/hadoop-ozone/integration-test/target/test-dir/MiniOzoneClusterImpl-3e0866ea-37f1-4ee5-98b1-1080ecf2132c/datanode-0/data/ratis/68204808-5487-43b3-a09f-d1b3b4671d43/current/log_inprogress_0
2019-10-04 20:09:22,182 [Thread-1385] INFO  impl.FollowerState (FollowerState.java:run(108)) - 35896a73-53a8-4e65-9327-fe2195b86350@group-6AB49C77CDD9-FollowerState: change to CANDIDATE, lastRpcTime:5169ms, electionTimeout:5169ms
2019-10-04 20:09:22,182 [Thread-1385] INFO  impl.RoleInfo (RoleInfo.java:shutdownFollowerState(121)) - 35896a73-53a8-4e65-9327-fe2195b86350: shutdown FollowerState
2019-10-04 20:09:22,182 [Thread-1385] INFO  impl.RaftServerImpl (RaftServerImpl.java:setRole(170)) - 35896a73-53a8-4e65-9327-fe2195b86350@group-6AB49C77CDD9: changes role from  FOLLOWER to CANDIDATE at term 0 for changeToCandidate
2019-10-04 20:09:22,183 [Thread-1385] INFO  impl.RoleInfo (RoleInfo.java:updateAndGet(143)) - 35896a73-53a8-4e65-9327-fe2195b86350: start LeaderElection
2019-10-04 20:09:22,187 [Thread-1395] INFO  impl.FollowerState (FollowerState.java:run(108)) - 35896a73-53a8-4e65-9327-fe2195b86350@group-445DFB4D7286-FollowerState: change to CANDIDATE, lastRpcTime:5031ms, electionTimeout:5029ms
2019-10-04 20:09:22,189 [Thread-1395] INFO  impl.RoleInfo (RoleInfo.java:shutdownFollowerState(121)) - 35896a73-53a8-4e65-9327-fe2195b86350: shutdown FollowerState
2019-10-04 20:09:22,189 [Thread-1395] INFO  impl.RaftServerImpl (RaftServerImpl.java:setRole(170)) - 35896a73-53a8-4e65-9327-fe2195b86350@group-445DFB4D7286: changes role from  FOLLOWER to CANDIDATE at term 0 for changeToCandidate
2019-10-04 20:09:22,189 [Thread-1395] INFO  impl.RoleInfo (RoleInfo.java:updateAndGet(143)) - 35896a73-53a8-4e65-9327-fe2195b86350: start LeaderElection
2019-10-04 20:09:22,211 [35896a73-53a8-4e65-9327-fe2195b86350@group-6AB49C77CDD9-LeaderElection50] INFO  impl.LeaderElection (LeaderElection.java:askForVotes(178)) - 35896a73-53a8-4e65-9327-fe2195b86350@group-6AB49C77CDD9-LeaderElection50: begin an election at term 1 for -1: [35896a73-53a8-4e65-9327-fe2195b86350:192.168.30.33:40530], old=null
2019-10-04 20:09:22,211 [35896a73-53a8-4e65-9327-fe2195b86350@group-445DFB4D7286-LeaderElection51] INFO  impl.LeaderElection (LeaderElection.java:askForVotes(178)) - 35896a73-53a8-4e65-9327-fe2195b86350@group-445DFB4D7286-LeaderElection51: begin an election at term 1 for -1: [f90ae9ec-d3b4-4df5-bc2a-3643578826ae:192.168.30.33:42538, 35896a73-53a8-4e65-9327-fe2195b86350:192.168.30.33:40530, e35642a6-94a5-4a62-8e65-3cae1ee4cc2c:192.168.30.33:38365], old=null
2019-10-04 20:09:22,211 [35896a73-53a8-4e65-9327-fe2195b86350@group-6AB49C77CDD9-LeaderElection50] INFO  impl.RoleInfo (RoleInfo.java:shutdownLeaderElection(134)) - 35896a73-53a8-4e65-9327-fe2195b86350: shutdown LeaderElection
2019-10-04 20:09:22,212 [35896a73-53a8-4e65-9327-fe2195b86350@group-6AB49C77CDD9-LeaderElection50] INFO  impl.RaftServerImpl (RaftServerImpl.java:setRole(170)) - 35896a73-53a8-4e65-9327-fe2195b86350@group-6AB49C77CDD9: changes role from CANDIDATE to LEADER at term 1 for changeToLeader
2019-10-04 20:09:22,212 [35896a73-53a8-4e65-9327-fe2195b86350@group-6AB49C77CDD9-LeaderElection50] INFO  impl.RaftServerImpl (ServerState.java:setLeader(255)) - 35896a73-53a8-4e65-9327-fe2195b86350@group-6AB49C77CDD9: change Leader from null to 35896a73-53a8-4e65-9327-fe2195b86350 at term 1 for becomeLeader, leader elected after 5206ms
2019-10-04 20:09:22,212 [35896a73-53a8-4e65-9327-fe2195b86350@group-6AB49C77CDD9-LeaderElection50] INFO  server.RaftServerConfigKeys (ConfUtils.java:logGet(43)) - raft.server.staging.catchup.gap = 1000 (default)
2019-10-04 20:09:22,212 [35896a73-53a8-4e65-9327-fe2195b86350@group-6AB49C77CDD9-LeaderElection50] INFO  server.RaftServerConfigKeys (ConfUtils.java:logGet(43)) - raft.server.rpc.sleep.time = 25ms (default)
2019-10-04 20:09:22,212 [35896a73-53a8-4e65-9327-fe2195b86350@group-6AB49C77CDD9-LeaderElection50] INFO  server.RaftServerConfigKeys (ConfUtils.java:logGet(43)) - raft.server.write.element-limit = 4096 (default)
2019-10-04 20:09:22,212 [35896a73-53a8-4e65-9327-fe2195b86350@group-6AB49C77CDD9-LeaderElection50] INFO  server.RaftServerConfigKeys (ConfUtils.java:logGet(43)) - raft.server.watch.timeout = 10s (default)
2019-10-04 20:09:22,213 [35896a73-53a8-4e65-9327-fe2195b86350@group-6AB49C77CDD9-LeaderElection50] INFO  server.RaftServerConfigKeys (ConfUtils.java:logGet(43)) - raft.server.watch.timeout.denomination = 1s (default)
2019-10-04 20:09:22,213 [35896a73-53a8-4e65-9327-fe2195b86350@group-6AB49C77CDD9-LeaderElection50] INFO  server.RaftServerConfigKeys (ConfUtils.java:logGet(43)) - raft.server.watch.element-limit = 65536 (default)
2019-10-04 20:09:22,217 [35896a73-53a8-4e65-9327-fe2195b86350@group-6AB49C77CDD9-LeaderElection50] INFO  impl.RoleInfo (RoleInfo.java:updateAndGet(143)) - 35896a73-53a8-4e65-9327-fe2195b86350: start LeaderState
2019-10-04 20:09:22,217 [35896a73-53a8-4e65-9327-fe2195b86350@group-6AB49C77CDD9-LeaderElection50] INFO  segmented.SegmentedRaftLogWorker (SegmentedRaftLogWorker.java:startLogSegment(385)) - 35896a73-53a8-4e65-9327-fe2195b86350@group-6AB49C77CDD9-SegmentedRaftLogWorker: Starting segment from index:0
2019-10-04 20:09:22,218 [35896a73-53a8-4e65-9327-fe2195b86350@group-6AB49C77CDD9-LeaderElection50] INFO  impl.RaftServerImpl (ServerState.java:setRaftConf(356)) - 35896a73-53a8-4e65-9327-fe2195b86350@group-6AB49C77CDD9: set configuration 0: [35896a73-53a8-4e65-9327-fe2195b86350:192.168.30.33:40530], old=null at 0
2019-10-04 20:09:22,218 [grpc-default-executor-2] INFO  impl.RaftServerImpl (RaftServerImpl.java:setRole(170)) - f90ae9ec-d3b4-4df5-bc2a-3643578826ae@group-445DFB4D7286: changes role from  FOLLOWER to FOLLOWER at term 1 for recognizeCandidate:35896a73-53a8-4e65-9327-fe2195b86350
2019-10-04 20:09:22,218 [grpc-default-executor-4] INFO  impl.RaftServerImpl (RaftServerImpl.java:setRole(170)) - e35642a6-94a5-4a62-8e65-3cae1ee4cc2c@group-445DFB4D7286: changes role from  FOLLOWER to FOLLOWER at term 1 for recognizeCandidate:35896a73-53a8-4e65-9327-fe2195b86350
2019-10-04 20:09:22,219 [grpc-default-executor-2] INFO  impl.RoleInfo (RoleInfo.java:shutdownFollowerState(121)) - f90ae9ec-d3b4-4df5-bc2a-3643578826ae: shutdown FollowerState
2019-10-04 20:09:22,219 [grpc-default-executor-4] INFO  impl.RoleInfo (RoleInfo.java:shutdownFollowerState(121)) - e35642a6-94a5-4a62-8e65-3cae1ee4cc2c: shutdown FollowerState
2019-10-04 20:09:22,219 [Thread-1398] INFO  impl.FollowerState (FollowerState.java:run(117)) - f90ae9ec-d3b4-4df5-bc2a-3643578826ae@group-445DFB4D7286-FollowerState was interrupted: java.lang.InterruptedException: sleep interrupted
2019-10-04 20:09:22,219 [grpc-default-executor-2] INFO  impl.RoleInfo (RoleInfo.java:updateAndGet(143)) - f90ae9ec-d3b4-4df5-bc2a-3643578826ae: start FollowerState
2019-10-04 20:09:22,219 [Thread-1397] INFO  impl.FollowerState (FollowerState.java:run(117)) - e35642a6-94a5-4a62-8e65-3cae1ee4cc2c@group-445DFB4D7286-FollowerState was interrupted: java.lang.InterruptedException: sleep interrupted
2019-10-04 20:09:22,219 [grpc-default-executor-4] INFO  impl.RoleInfo (RoleInfo.java:updateAndGet(143)) - e35642a6-94a5-4a62-8e65-3cae1ee4cc2c: start FollowerState
2019-10-04 20:09:22,263 [Thread-1388] INFO  impl.FollowerState (FollowerState.java:run(108)) - f90ae9ec-d3b4-4df5-bc2a-3643578826ae@group-6560EB4A000E-FollowerState: change to CANDIDATE, lastRpcTime:5195ms, electionTimeout:5195ms
2019-10-04 20:09:22,263 [Thread-1388] INFO  impl.RoleInfo (RoleInfo.java:shutdownFollowerState(121)) - f90ae9ec-d3b4-4df5-bc2a-3643578826ae: shutdown FollowerState
2019-10-04 20:09:22,264 [Thread-1388] INFO  impl.RaftServerImpl (RaftServerImpl.java:setRole(170)) - f90ae9ec-d3b4-4df5-bc2a-3643578826ae@group-6560EB4A000E: changes role from  FOLLOWER to CANDIDATE at term 0 for changeToCandidate
2019-10-04 20:09:22,264 [Thread-1388] INFO  impl.RoleInfo (RoleInfo.java:updateAndGet(143)) - f90ae9ec-d3b4-4df5-bc2a-3643578826ae: start LeaderElection
2019-10-04 20:09:22,275 [35896a73-53a8-4e65-9327-fe2195b86350@group-6AB49C77CDD9-SegmentedRaftLogWorker] INFO  segmented.SegmentedRaftLogWorker (SegmentedRaftLogWorker.java:execute(574)) - 35896a73-53a8-4e65-9327-fe2195b86350@group-6AB49C77CDD9-SegmentedRaftLogWorker: created new log segment /workdir/hadoop-ozone/integration-test/target/test-dir/MiniOzoneClusterImpl-3e0866ea-37f1-4ee5-98b1-1080ecf2132c/datanode-1/data/ratis/423b7a75-8731-4c32-ad3b-6ab49c77cdd9/current/log_inprogress_0
2019-10-04 20:09:22,293 [f90ae9ec-d3b4-4df5-bc2a-3643578826ae@group-6560EB4A000E-LeaderElection52] INFO  impl.LeaderElection (LeaderElection.java:askForVotes(178)) - f90ae9ec-d3b4-4df5-bc2a-3643578826ae@group-6560EB4A000E-LeaderElection52: begin an election at term 1 for -1: [f90ae9ec-d3b4-4df5-bc2a-3643578826ae:192.168.30.33:42538], old=null
2019-10-04 20:09:22,293 [f90ae9ec-d3b4-4df5-bc2a-3643578826ae@group-6560EB4A000E-LeaderElection52] INFO  impl.RoleInfo (RoleInfo.java:shutdownLeaderElection(134)) - f90ae9ec-d3b4-4df5-bc2a-3643578826ae: shutdown LeaderElection
2019-10-04 20:09:22,293 [f90ae9ec-d3b4-4df5-bc2a-3643578826ae@group-6560EB4A000E-LeaderElection52] INFO  impl.RaftServerImpl (RaftServerImpl.java:setRole(170)) - f90ae9ec-d3b4-4df5-bc2a-3643578826ae@group-6560EB4A000E: changes role from CANDIDATE to LEADER at term 1 for changeToLeader
2019-10-04 20:09:22,293 [35896a73-53a8-4e65-9327-fe2195b86350@group-445DFB4D7286-LeaderElection51] INFO  impl.LeaderElection (LeaderElection.java:logAndReturn(56)) - 35896a73-53a8-4e65-9327-fe2195b86350@group-445DFB4D7286-LeaderElection51: Election PASSED; received 1 response(s) [35896a73-53a8-4e65-9327-fe2195b86350<-f90ae9ec-d3b4-4df5-bc2a-3643578826ae#0:OK-t1] and 0 exception(s); 35896a73-53a8-4e65-9327-fe2195b86350@group-445DFB4D7286:t1, leader=null, voted=35896a73-53a8-4e65-9327-fe2195b86350, raftlog=35896a73-53a8-4e65-9327-fe2195b86350@group-445DFB4D7286-SegmentedRaftLog:OPENED:c-1,f-1,i0, conf=-1: [f90ae9ec-d3b4-4df5-bc2a-3643578826ae:192.168.30.33:42538, 35896a73-53a8-4e65-9327-fe2195b86350:192.168.30.33:40530, e35642a6-94a5-4a62-8e65-3cae1ee4cc2c:192.168.30.33:38365], old=null
2019-10-04 20:09:22,293 [f90ae9ec-d3b4-4df5-bc2a-3643578826ae@group-6560EB4A000E-LeaderElection52] INFO  impl.RaftServerImpl (ServerState.java:setLeader(255)) - f90ae9ec-d3b4-4df5-bc2a-3643578826ae@group-6560EB4A000E: change Leader from null to f90ae9ec-d3b4-4df5-bc2a-3643578826ae at term 1 for becomeLeader, leader elected after 5230ms
2019-10-04 20:09:22,293 [35896a73-53a8-4e65-9327-fe2195b86350@group-445DFB4D7286-LeaderElection51] INFO  impl.RoleInfo (RoleInfo.java:shutdownLeaderElection(134)) - 35896a73-53a8-4e65-9327-fe2195b86350: shutdown LeaderElection
2019-10-04 20:09:22,294 [f90ae9ec-d3b4-4df5-bc2a-3643578826ae@group-6560EB4A000E-LeaderElection52] INFO  server.RaftServerConfigKeys (ConfUtils.java:logGet(43)) - raft.server.staging.catchup.gap = 1000 (default)
2019-10-04 20:09:22,296 [35896a73-53a8-4e65-9327-fe2195b86350@group-445DFB4D7286-LeaderElection51] INFO  impl.RaftServerImpl (RaftServerImpl.java:setRole(170)) - 35896a73-53a8-4e65-9327-fe2195b86350@group-445DFB4D7286: changes role from CANDIDATE to LEADER at term 1 for changeToLeader
2019-10-04 20:09:22,296 [f90ae9ec-d3b4-4df5-bc2a-3643578826ae@group-6560EB4A000E-LeaderElection52] INFO  server.RaftServerConfigKeys (ConfUtils.java:logGet(43)) - raft.server.rpc.sleep.time = 25ms (default)
2019-10-04 20:09:22,296 [35896a73-53a8-4e65-9327-fe2195b86350@group-445DFB4D7286-LeaderElection51] INFO  impl.RaftServerImpl (ServerState.java:setLeader(255)) - 35896a73-53a8-4e65-9327-fe2195b86350@group-445DFB4D7286: change Leader from null to 35896a73-53a8-4e65-9327-fe2195b86350 at term 1 for becomeLeader, leader elected after 5149ms
2019-10-04 20:09:22,297 [f90ae9ec-d3b4-4df5-bc2a-3643578826ae@group-6560EB4A000E-LeaderElection52] INFO  server.RaftServerConfigKeys (ConfUtils.java:logGet(43)) - raft.server.write.element-limit = 4096 (default)
2019-10-04 20:09:22,297 [35896a73-53a8-4e65-9327-fe2195b86350@group-445DFB4D7286-LeaderElection51] INFO  server.RaftServerConfigKeys (ConfUtils.java:logGet(43)) - raft.server.staging.catchup.gap = 1000 (default)
2019-10-04 20:09:22,297 [f90ae9ec-d3b4-4df5-bc2a-3643578826ae@group-6560EB4A000E-LeaderElection52] INFO  server.RaftServerConfigKeys (ConfUtils.java:logGet(43)) - raft.server.watch.timeout = 10s (default)
2019-10-04 20:09:22,297 [35896a73-53a8-4e65-9327-fe2195b86350@group-445DFB4D7286-LeaderElection51] INFO  server.RaftServerConfigKeys (ConfUtils.java:logGet(43)) - raft.server.rpc.sleep.time = 25ms (default)
2019-10-04 20:09:22,297 [f90ae9ec-d3b4-4df5-bc2a-3643578826ae@group-6560EB4A000E-LeaderElection52] INFO  server.RaftServerConfigKeys (ConfUtils.java:logGet(43)) - raft.server.watch.timeout.denomination = 1s (default)
2019-10-04 20:09:22,297 [35896a73-53a8-4e65-9327-fe2195b86350@group-445DFB4D7286-LeaderElection51] INFO  server.RaftServerConfigKeys (ConfUtils.java:logGet(43)) - raft.server.write.element-limit = 4096 (default)
2019-10-04 20:09:22,297 [f90ae9ec-d3b4-4df5-bc2a-3643578826ae@group-6560EB4A000E-LeaderElection52] INFO  server.RaftServerConfigKeys (ConfUtils.java:logGet(43)) - raft.server.watch.element-limit = 65536 (default)
2019-10-04 20:09:22,297 [35896a73-53a8-4e65-9327-fe2195b86350@group-445DFB4D7286-LeaderElection51] INFO  server.RaftServerConfigKeys (ConfUtils.java:logGet(43)) - raft.server.watch.timeout = 10s (default)
2019-10-04 20:09:22,298 [35896a73-53a8-4e65-9327-fe2195b86350@group-445DFB4D7286-LeaderElection51] INFO  server.RaftServerConfigKeys (ConfUtils.java:logGet(43)) - raft.server.watch.timeout.denomination = 1s (default)
2019-10-04 20:09:22,298 [35896a73-53a8-4e65-9327-fe2195b86350@group-445DFB4D7286-LeaderElection51] INFO  server.RaftServerConfigKeys (ConfUtils.java:logGet(43)) - raft.server.watch.element-limit = 65536 (default)
2019-10-04 20:09:22,299 [f90ae9ec-d3b4-4df5-bc2a-3643578826ae@group-6560EB4A000E-LeaderElection52] INFO  impl.RoleInfo (RoleInfo.java:updateAndGet(143)) - f90ae9ec-d3b4-4df5-bc2a-3643578826ae: start LeaderState
2019-10-04 20:09:22,299 [f90ae9ec-d3b4-4df5-bc2a-3643578826ae@group-6560EB4A000E-LeaderElection52] INFO  segmented.SegmentedRaftLogWorker (SegmentedRaftLogWorker.java:startLogSegment(385)) - f90ae9ec-d3b4-4df5-bc2a-3643578826ae@group-6560EB4A000E-SegmentedRaftLogWorker: Starting segment from index:0
2019-10-04 20:09:22,300 [35896a73-53a8-4e65-9327-fe2195b86350@group-445DFB4D7286-LeaderElection51] INFO  server.RaftServerConfigKeys (ConfUtils.java:logGet(43)) - raft.server.log.appender.snapshot.chunk.size.max = 16MB (=16777216) (default)
2019-10-04 20:09:22,300 [f90ae9ec-d3b4-4df5-bc2a-3643578826ae@group-6560EB4A000E-LeaderElection52] INFO  impl.RaftServerImpl (ServerState.java:setRaftConf(356)) - f90ae9ec-d3b4-4df5-bc2a-3643578826ae@group-6560EB4A000E: set configuration 0: [f90ae9ec-d3b4-4df5-bc2a-3643578826ae:192.168.30.33:42538], old=null at 0
2019-10-04 20:09:22,300 [35896a73-53a8-4e65-9327-fe2195b86350@group-445DFB4D7286-LeaderElection51] INFO  server.RaftServerConfigKeys (ConfUtils.java:logGet(43)) - raft.server.log.appender.buffer.byte-limit = 33554432 (custom)
2019-10-04 20:09:22,301 [35896a73-53a8-4e65-9327-fe2195b86350@group-445DFB4D7286-LeaderElection51] INFO  server.RaftServerConfigKeys (ConfUtils.java:logGet(43)) - raft.server.log.appender.buffer.element-limit = 1 (custom)
2019-10-04 20:09:22,301 [35896a73-53a8-4e65-9327-fe2195b86350@group-445DFB4D7286-LeaderElection51] INFO  grpc.GrpcConfigKeys$Server (ConfUtils.java:logGet(43)) - raft.grpc.server.leader.outstanding.appends.max = 128 (default)
2019-10-04 20:09:22,301 [35896a73-53a8-4e65-9327-fe2195b86350@group-445DFB4D7286-LeaderElection51] INFO  server.RaftServerConfigKeys (ConfUtils.java:logGet(43)) - raft.server.rpc.request.timeout = 3000ms (default)
2019-10-04 20:09:22,301 [35896a73-53a8-4e65-9327-fe2195b86350@group-445DFB4D7286-LeaderElection51] INFO  server.RaftServerConfigKeys (ConfUtils.java:logGet(43)) - raft.server.log.appender.install.snapshot.enabled = false (custom)
2019-10-04 20:09:22,302 [35896a73-53a8-4e65-9327-fe2195b86350@group-445DFB4D7286-LeaderElection51] INFO  server.RaftServerConfigKeys (ConfUtils.java:logGet(43)) - raft.server.log.appender.snapshot.chunk.size.max = 16MB (=16777216) (default)
2019-10-04 20:09:22,302 [35896a73-53a8-4e65-9327-fe2195b86350@group-445DFB4D7286-LeaderElection51] INFO  server.RaftServerConfigKeys (ConfUtils.java:logGet(43)) - raft.server.log.appender.buffer.byte-limit = 33554432 (custom)
2019-10-04 20:09:22,302 [35896a73-53a8-4e65-9327-fe2195b86350@group-445DFB4D7286-LeaderElection51] INFO  server.RaftServerConfigKeys (ConfUtils.java:logGet(43)) - raft.server.log.appender.buffer.element-limit = 1 (custom)
2019-10-04 20:09:22,302 [35896a73-53a8-4e65-9327-fe2195b86350@group-445DFB4D7286-LeaderElection51] INFO  grpc.GrpcConfigKeys$Server (ConfUtils.java:logGet(43)) - raft.grpc.server.leader.outstanding.appends.max = 128 (default)
2019-10-04 20:09:22,302 [35896a73-53a8-4e65-9327-fe2195b86350@group-445DFB4D7286-LeaderElection51] INFO  server.RaftServerConfigKeys (ConfUtils.java:logGet(43)) - raft.server.rpc.request.timeout = 3000ms (default)
2019-10-04 20:09:22,303 [35896a73-53a8-4e65-9327-fe2195b86350@group-445DFB4D7286-LeaderElection51] INFO  server.RaftServerConfigKeys (ConfUtils.java:logGet(43)) - raft.server.log.appender.install.snapshot.enabled = false (custom)
2019-10-04 20:09:22,303 [35896a73-53a8-4e65-9327-fe2195b86350@group-445DFB4D7286-LeaderElection51] INFO  impl.RoleInfo (RoleInfo.java:updateAndGet(143)) - 35896a73-53a8-4e65-9327-fe2195b86350: start LeaderState
2019-10-04 20:09:22,303 [35896a73-53a8-4e65-9327-fe2195b86350@group-445DFB4D7286-LeaderElection51] INFO  segmented.SegmentedRaftLogWorker (SegmentedRaftLogWorker.java:startLogSegment(385)) - 35896a73-53a8-4e65-9327-fe2195b86350@group-445DFB4D7286-SegmentedRaftLogWorker: Starting segment from index:0
2019-10-04 20:09:22,304 [35896a73-53a8-4e65-9327-fe2195b86350@group-445DFB4D7286-LeaderElection51] INFO  impl.RaftServerImpl (ServerState.java:setRaftConf(356)) - 35896a73-53a8-4e65-9327-fe2195b86350@group-445DFB4D7286: set configuration 0: [f90ae9ec-d3b4-4df5-bc2a-3643578826ae:192.168.30.33:42538, 35896a73-53a8-4e65-9327-fe2195b86350:192.168.30.33:40530, e35642a6-94a5-4a62-8e65-3cae1ee4cc2c:192.168.30.33:38365], old=null at 0
2019-10-04 20:09:22,343 [grpc-default-executor-4] INFO  impl.RaftServerImpl (ServerState.java:setLeader(255)) - f90ae9ec-d3b4-4df5-bc2a-3643578826ae@group-445DFB4D7286: change Leader from null to 35896a73-53a8-4e65-9327-fe2195b86350 at term 1 for appendEntries, leader elected after 5196ms
2019-10-04 20:09:22,344 [Thread-1403] INFO  impl.FollowerState (FollowerState.java:run(108)) - d07450a8-d601-4bdf-9380-0e39503cc500@group-B6FD20DE699A-FollowerState: change to CANDIDATE, lastRpcTime:5065ms, electionTimeout:5045ms
2019-10-04 20:09:22,343 [grpc-default-executor-2] INFO  impl.RaftServerImpl (ServerState.java:setLeader(255)) - e35642a6-94a5-4a62-8e65-3cae1ee4cc2c@group-445DFB4D7286: change Leader from null to 35896a73-53a8-4e65-9327-fe2195b86350 at term 1 for appendEntries, leader elected after 5196ms
2019-10-04 20:09:22,344 [Thread-1403] INFO  impl.RoleInfo (RoleInfo.java:shutdownFollowerState(121)) - d07450a8-d601-4bdf-9380-0e39503cc500: shutdown FollowerState
2019-10-04 20:09:22,344 [Thread-1403] INFO  impl.RaftServerImpl (RaftServerImpl.java:setRole(170)) - d07450a8-d601-4bdf-9380-0e39503cc500@group-B6FD20DE699A: changes role from  FOLLOWER to CANDIDATE at term 0 for changeToCandidate
2019-10-04 20:09:22,344 [Thread-1403] INFO  impl.RoleInfo (RoleInfo.java:updateAndGet(143)) - d07450a8-d601-4bdf-9380-0e39503cc500: start LeaderElection
2019-10-04 20:09:22,352 [grpc-default-executor-4] INFO  impl.RaftServerImpl (ServerState.java:setRaftConf(356)) - f90ae9ec-d3b4-4df5-bc2a-3643578826ae@group-445DFB4D7286: set configuration 0: [f90ae9ec-d3b4-4df5-bc2a-3643578826ae:192.168.30.33:42538, 35896a73-53a8-4e65-9327-fe2195b86350:192.168.30.33:40530, e35642a6-94a5-4a62-8e65-3cae1ee4cc2c:192.168.30.33:38365], old=null at 0
2019-10-04 20:09:22,352 [grpc-default-executor-2] INFO  impl.RaftServerImpl (ServerState.java:setRaftConf(356)) - e35642a6-94a5-4a62-8e65-3cae1ee4cc2c@group-445DFB4D7286: set configuration 0: [f90ae9ec-d3b4-4df5-bc2a-3643578826ae:192.168.30.33:42538, 35896a73-53a8-4e65-9327-fe2195b86350:192.168.30.33:40530, e35642a6-94a5-4a62-8e65-3cae1ee4cc2c:192.168.30.33:38365], old=null at 0
2019-10-04 20:09:22,353 [grpc-default-executor-4] INFO  segmented.SegmentedRaftLogWorker (SegmentedRaftLogWorker.java:startLogSegment(385)) - f90ae9ec-d3b4-4df5-bc2a-3643578826ae@group-445DFB4D7286-SegmentedRaftLogWorker: Starting segment from index:0
2019-10-04 20:09:22,353 [grpc-default-executor-2] INFO  segmented.SegmentedRaftLogWorker (SegmentedRaftLogWorker.java:startLogSegment(385)) - e35642a6-94a5-4a62-8e65-3cae1ee4cc2c@group-445DFB4D7286-SegmentedRaftLogWorker: Starting segment from index:0
2019-10-04 20:09:22,366 [f90ae9ec-d3b4-4df5-bc2a-3643578826ae@group-6560EB4A000E-SegmentedRaftLogWorker] INFO  segmented.SegmentedRaftLogWorker (SegmentedRaftLogWorker.java:execute(574)) - f90ae9ec-d3b4-4df5-bc2a-3643578826ae@group-6560EB4A000E-SegmentedRaftLogWorker: created new log segment /workdir/hadoop-ozone/integration-test/target/test-dir/MiniOzoneClusterImpl-3e0866ea-37f1-4ee5-98b1-1080ecf2132c/datanode-2/data/ratis/22b882ad-8769-4853-860f-6560eb4a000e/current/log_inprogress_0
2019-10-04 20:09:22,366 [d07450a8-d601-4bdf-9380-0e39503cc500@group-B6FD20DE699A-LeaderElection53] INFO  impl.LeaderElection (LeaderElection.java:askForVotes(178)) - d07450a8-d601-4bdf-9380-0e39503cc500@group-B6FD20DE699A-LeaderElection53: begin an election at term 1 for -1: [d07450a8-d601-4bdf-9380-0e39503cc500:192.168.30.33:46808], old=null
2019-10-04 20:09:22,366 [35896a73-53a8-4e65-9327-fe2195b86350@group-445DFB4D7286-SegmentedRaftLogWorker] INFO  segmented.SegmentedRaftLogWorker (SegmentedRaftLogWorker.java:execute(574)) - 35896a73-53a8-4e65-9327-fe2195b86350@group-445DFB4D7286-SegmentedRaftLogWorker: created new log segment /workdir/hadoop-ozone/integration-test/target/test-dir/MiniOzoneClusterImpl-3e0866ea-37f1-4ee5-98b1-1080ecf2132c/datanode-1/data/ratis/114f494d-c253-47cb-bcc2-445dfb4d7286/current/log_inprogress_0
2019-10-04 20:09:22,367 [d07450a8-d601-4bdf-9380-0e39503cc500@group-B6FD20DE699A-LeaderElection53] INFO  impl.RoleInfo (RoleInfo.java:shutdownLeaderElection(134)) - d07450a8-d601-4bdf-9380-0e39503cc500: shutdown LeaderElection
2019-10-04 20:09:22,367 [d07450a8-d601-4bdf-9380-0e39503cc500@group-B6FD20DE699A-LeaderElection53] INFO  impl.RaftServerImpl (RaftServerImpl.java:setRole(170)) - d07450a8-d601-4bdf-9380-0e39503cc500@group-B6FD20DE699A: changes role from CANDIDATE to LEADER at term 1 for changeToLeader
2019-10-04 20:09:22,367 [d07450a8-d601-4bdf-9380-0e39503cc500@group-B6FD20DE699A-LeaderElection53] INFO  impl.RaftServerImpl (ServerState.java:setLeader(255)) - d07450a8-d601-4bdf-9380-0e39503cc500@group-B6FD20DE699A: change Leader from null to d07450a8-d601-4bdf-9380-0e39503cc500 at term 1 for becomeLeader, leader elected after 5094ms
2019-10-04 20:09:22,367 [d07450a8-d601-4bdf-9380-0e39503cc500@group-B6FD20DE699A-LeaderElection53] INFO  server.RaftServerConfigKeys (ConfUtils.java:logGet(43)) - raft.server.staging.catchup.gap = 1000 (default)
2019-10-04 20:09:22,367 [d07450a8-d601-4bdf-9380-0e39503cc500@group-B6FD20DE699A-LeaderElection53] INFO  server.RaftServerConfigKeys (ConfUtils.java:logGet(43)) - raft.server.rpc.sleep.time = 25ms (default)
2019-10-04 20:09:22,368 [d07450a8-d601-4bdf-9380-0e39503cc500@group-B6FD20DE699A-LeaderElection53] INFO  server.RaftServerConfigKeys (ConfUtils.java:logGet(43)) - raft.server.write.element-limit = 4096 (default)
2019-10-04 20:09:22,368 [d07450a8-d601-4bdf-9380-0e39503cc500@group-B6FD20DE699A-LeaderElection53] INFO  server.RaftServerConfigKeys (ConfUtils.java:logGet(43)) - raft.server.watch.timeout = 10s (default)
2019-10-04 20:09:22,368 [d07450a8-d601-4bdf-9380-0e39503cc500@group-B6FD20DE699A-LeaderElection53] INFO  server.RaftServerConfigKeys (ConfUtils.java:logGet(43)) - raft.server.watch.timeout.denomination = 1s (default)
2019-10-04 20:09:22,368 [d07450a8-d601-4bdf-9380-0e39503cc500@group-B6FD20DE699A-LeaderElection53] INFO  server.RaftServerConfigKeys (ConfUtils.java:logGet(43)) - raft.server.watch.element-limit = 65536 (default)
2019-10-04 20:09:22,370 [d07450a8-d601-4bdf-9380-0e39503cc500@group-B6FD20DE699A-LeaderElection53] INFO  impl.RoleInfo (RoleInfo.java:updateAndGet(143)) - d07450a8-d601-4bdf-9380-0e39503cc500: start LeaderState
2019-10-04 20:09:22,371 [d07450a8-d601-4bdf-9380-0e39503cc500@group-B6FD20DE699A-LeaderElection53] INFO  segmented.SegmentedRaftLogWorker (SegmentedRaftLogWorker.java:startLogSegment(385)) - d07450a8-d601-4bdf-9380-0e39503cc500@group-B6FD20DE699A-SegmentedRaftLogWorker: Starting segment from index:0
2019-10-04 20:09:22,371 [d07450a8-d601-4bdf-9380-0e39503cc500@group-B6FD20DE699A-LeaderElection53] INFO  impl.RaftServerImpl (ServerState.java:setRaftConf(356)) - d07450a8-d601-4bdf-9380-0e39503cc500@group-B6FD20DE699A: set configuration 0: [d07450a8-d601-4bdf-9380-0e39503cc500:192.168.30.33:46808], old=null at 0
2019-10-04 20:09:22,403 [e35642a6-94a5-4a62-8e65-3cae1ee4cc2c@group-445DFB4D7286-SegmentedRaftLogWorker] INFO  segmented.SegmentedRaftLogWorker (SegmentedRaftLogWorker.java:execute(574)) - e35642a6-94a5-4a62-8e65-3cae1ee4cc2c@group-445DFB4D7286-SegmentedRaftLogWorker: created new log segment /workdir/hadoop-ozone/integration-test/target/test-dir/MiniOzoneClusterImpl-3e0866ea-37f1-4ee5-98b1-1080ecf2132c/datanode-0/data/ratis/114f494d-c253-47cb-bcc2-445dfb4d7286/current/log_inprogress_0
2019-10-04 20:09:22,403 [f90ae9ec-d3b4-4df5-bc2a-3643578826ae@group-445DFB4D7286-SegmentedRaftLogWorker] INFO  segmented.SegmentedRaftLogWorker (SegmentedRaftLogWorker.java:execute(574)) - f90ae9ec-d3b4-4df5-bc2a-3643578826ae@group-445DFB4D7286-SegmentedRaftLogWorker: created new log segment /workdir/hadoop-ozone/integration-test/target/test-dir/MiniOzoneClusterImpl-3e0866ea-37f1-4ee5-98b1-1080ecf2132c/datanode-2/data/ratis/114f494d-c253-47cb-bcc2-445dfb4d7286/current/log_inprogress_0
2019-10-04 20:09:22,426 [d07450a8-d601-4bdf-9380-0e39503cc500@group-B6FD20DE699A-SegmentedRaftLogWorker] INFO  segmented.SegmentedRaftLogWorker (SegmentedRaftLogWorker.java:execute(574)) - d07450a8-d601-4bdf-9380-0e39503cc500@group-B6FD20DE699A-SegmentedRaftLogWorker: created new log segment /workdir/hadoop-ozone/integration-test/target/test-dir/MiniOzoneClusterImpl-3e0866ea-37f1-4ee5-98b1-1080ecf2132c/datanode-4/data/ratis/6cae12b9-15f6-40d7-a664-b6fd20de699a/current/log_inprogress_0
2019-10-04 20:09:22,548 [Thread-1409] INFO  impl.FollowerState (FollowerState.java:run(108)) - e9a8cedd-f5bd-449d-89d0-4c8f341d7f6f@group-582F40FCE46F-FollowerState: change to CANDIDATE, lastRpcTime:5092ms, electionTimeout:5092ms
2019-10-04 20:09:22,548 [Thread-1409] INFO  impl.RoleInfo (RoleInfo.java:shutdownFollowerState(121)) - e9a8cedd-f5bd-449d-89d0-4c8f341d7f6f: shutdown FollowerState
2019-10-04 20:09:22,549 [Thread-1409] INFO  impl.RaftServerImpl (RaftServerImpl.java:setRole(170)) - e9a8cedd-f5bd-449d-89d0-4c8f341d7f6f@group-582F40FCE46F: changes role from  FOLLOWER to CANDIDATE at term 0 for changeToCandidate
2019-10-04 20:09:22,549 [Thread-1409] INFO  impl.RoleInfo (RoleInfo.java:updateAndGet(143)) - e9a8cedd-f5bd-449d-89d0-4c8f341d7f6f: start LeaderElection
2019-10-04 20:09:22,557 [Thread-1406] INFO  impl.FollowerState (FollowerState.java:run(108)) - 3b32de6e-1077-4f98-9df9-673b0518360a@group-EEA0E18FE436-FollowerState: change to CANDIDATE, lastRpcTime:5191ms, electionTimeout:5189ms
2019-10-04 20:09:22,557 [Thread-1406] INFO  impl.RoleInfo (RoleInfo.java:shutdownFollowerState(121)) - 3b32de6e-1077-4f98-9df9-673b0518360a: shutdown FollowerState
2019-10-04 20:09:22,557 [Thread-1406] INFO  impl.RaftServerImpl (RaftServerImpl.java:setRole(170)) - 3b32de6e-1077-4f98-9df9-673b0518360a@group-EEA0E18FE436: changes role from  FOLLOWER to CANDIDATE at term 0 for changeToCandidate
2019-10-04 20:09:22,557 [Thread-1406] INFO  impl.RoleInfo (RoleInfo.java:updateAndGet(143)) - 3b32de6e-1077-4f98-9df9-673b0518360a: start LeaderElection
2019-10-04 20:09:22,578 [Thread-1412] INFO  impl.FollowerState (FollowerState.java:run(108)) - 87b3241b-db91-4463-b9c2-5df63382e6f1@group-1A90ACFCA9A9-FollowerState: change to CANDIDATE, lastRpcTime:5027ms, electionTimeout:5027ms
2019-10-04 20:09:22,578 [Thread-1412] INFO  impl.RoleInfo (RoleInfo.java:shutdownFollowerState(121)) - 87b3241b-db91-4463-b9c2-5df63382e6f1: shutdown FollowerState
2019-10-04 20:09:22,578 [Thread-1412] INFO  impl.RaftServerImpl (RaftServerImpl.java:setRole(170)) - 87b3241b-db91-4463-b9c2-5df63382e6f1@group-1A90ACFCA9A9: changes role from  FOLLOWER to CANDIDATE at term 0 for changeToCandidate
2019-10-04 20:09:22,579 [Thread-1412] INFO  impl.RoleInfo (RoleInfo.java:updateAndGet(143)) - 87b3241b-db91-4463-b9c2-5df63382e6f1: start LeaderElection
2019-10-04 20:09:22,588 [e9a8cedd-f5bd-449d-89d0-4c8f341d7f6f@group-582F40FCE46F-LeaderElection54] INFO  impl.LeaderElection (LeaderElection.java:askForVotes(178)) - e9a8cedd-f5bd-449d-89d0-4c8f341d7f6f@group-582F40FCE46F-LeaderElection54: begin an election at term 1 for -1: [e9a8cedd-f5bd-449d-89d0-4c8f341d7f6f:192.168.30.33:41512], old=null
2019-10-04 20:09:22,588 [3b32de6e-1077-4f98-9df9-673b0518360a@group-EEA0E18FE436-LeaderElection55] INFO  impl.LeaderElection (LeaderElection.java:askForVotes(178)) - 3b32de6e-1077-4f98-9df9-673b0518360a@group-EEA0E18FE436-LeaderElection55: begin an election at term 1 for -1: [3b32de6e-1077-4f98-9df9-673b0518360a:192.168.30.33:33394], old=null
2019-10-04 20:09:22,589 [e9a8cedd-f5bd-449d-89d0-4c8f341d7f6f@group-582F40FCE46F-LeaderElection54] INFO  impl.RoleInfo (RoleInfo.java:shutdownLeaderElection(134)) - e9a8cedd-f5bd-449d-89d0-4c8f341d7f6f: shutdown LeaderElection
2019-10-04 20:09:22,589 [3b32de6e-1077-4f98-9df9-673b0518360a@group-EEA0E18FE436-LeaderElection55] INFO  impl.RoleInfo (RoleInfo.java:shutdownLeaderElection(134)) - 3b32de6e-1077-4f98-9df9-673b0518360a: shutdown LeaderElection
2019-10-04 20:09:22,589 [e9a8cedd-f5bd-449d-89d0-4c8f341d7f6f@group-582F40FCE46F-LeaderElection54] INFO  impl.RaftServerImpl (RaftServerImpl.java:setRole(170)) - e9a8cedd-f5bd-449d-89d0-4c8f341d7f6f@group-582F40FCE46F: changes role from CANDIDATE to LEADER at term 1 for changeToLeader
2019-10-04 20:09:22,589 [3b32de6e-1077-4f98-9df9-673b0518360a@group-EEA0E18FE436-LeaderElection55] INFO  impl.RaftServerImpl (RaftServerImpl.java:setRole(170)) - 3b32de6e-1077-4f98-9df9-673b0518360a@group-EEA0E18FE436: changes role from CANDIDATE to LEADER at term 1 for changeToLeader
2019-10-04 20:09:22,589 [e9a8cedd-f5bd-449d-89d0-4c8f341d7f6f@group-582F40FCE46F-LeaderElection54] INFO  impl.RaftServerImpl (ServerState.java:setLeader(255)) - e9a8cedd-f5bd-449d-89d0-4c8f341d7f6f@group-582F40FCE46F: change Leader from null to e9a8cedd-f5bd-449d-89d0-4c8f341d7f6f at term 1 for becomeLeader, leader elected after 5139ms
2019-10-04 20:09:22,589 [3b32de6e-1077-4f98-9df9-673b0518360a@group-EEA0E18FE436-LeaderElection55] INFO  impl.RaftServerImpl (ServerState.java:setLeader(255)) - 3b32de6e-1077-4f98-9df9-673b0518360a@group-EEA0E18FE436: change Leader from null to 3b32de6e-1077-4f98-9df9-673b0518360a at term 1 for becomeLeader, leader elected after 5232ms
2019-10-04 20:09:22,589 [e9a8cedd-f5bd-449d-89d0-4c8f341d7f6f@group-582F40FCE46F-LeaderElection54] INFO  server.RaftServerConfigKeys (ConfUtils.java:logGet(43)) - raft.server.staging.catchup.gap = 1000 (default)
2019-10-04 20:09:22,589 [3b32de6e-1077-4f98-9df9-673b0518360a@group-EEA0E18FE436-LeaderElection55] INFO  server.RaftServerConfigKeys (ConfUtils.java:logGet(43)) - raft.server.staging.catchup.gap = 1000 (default)
2019-10-04 20:09:22,589 [e9a8cedd-f5bd-449d-89d0-4c8f341d7f6f@group-582F40FCE46F-LeaderElection54] INFO  server.RaftServerConfigKeys (ConfUtils.java:logGet(43)) - raft.server.rpc.sleep.time = 25ms (default)
2019-10-04 20:09:22,590 [3b32de6e-1077-4f98-9df9-673b0518360a@group-EEA0E18FE436-LeaderElection55] INFO  server.RaftServerConfigKeys (ConfUtils.java:logGet(43)) - raft.server.rpc.sleep.time = 25ms (default)
2019-10-04 20:09:22,590 [e9a8cedd-f5bd-449d-89d0-4c8f341d7f6f@group-582F40FCE46F-LeaderElection54] INFO  server.RaftServerConfigKeys (ConfUtils.java:logGet(43)) - raft.server.write.element-limit = 4096 (default)
2019-10-04 20:09:22,590 [3b32de6e-1077-4f98-9df9-673b0518360a@group-EEA0E18FE436-LeaderElection55] INFO  server.RaftServerConfigKeys (ConfUtils.java:logGet(43)) - raft.server.write.element-limit = 4096 (default)
2019-10-04 20:09:22,590 [e9a8cedd-f5bd-449d-89d0-4c8f341d7f6f@group-582F40FCE46F-LeaderElection54] INFO  server.RaftServerConfigKeys (ConfUtils.java:logGet(43)) - raft.server.watch.timeout = 10s (default)
2019-10-04 20:09:22,590 [3b32de6e-1077-4f98-9df9-673b0518360a@group-EEA0E18FE436-LeaderElection55] INFO  server.RaftServerConfigKeys (ConfUtils.java:logGet(43)) - raft.server.watch.timeout = 10s (default)
2019-10-04 20:09:22,590 [e9a8cedd-f5bd-449d-89d0-4c8f341d7f6f@group-582F40FCE46F-LeaderElection54] INFO  server.RaftServerConfigKeys (ConfUtils.java:logGet(43)) - raft.server.watch.timeout.denomination = 1s (default)
2019-10-04 20:09:22,590 [3b32de6e-1077-4f98-9df9-673b0518360a@group-EEA0E18FE436-LeaderElection55] INFO  server.RaftServerConfigKeys (ConfUtils.java:logGet(43)) - raft.server.watch.timeout.denomination = 1s (default)
2019-10-04 20:09:22,591 [e9a8cedd-f5bd-449d-89d0-4c8f341d7f6f@group-582F40FCE46F-LeaderElection54] INFO  server.RaftServerConfigKeys (ConfUtils.java:logGet(43)) - raft.server.watch.element-limit = 65536 (default)
2019-10-04 20:09:22,591 [3b32de6e-1077-4f98-9df9-673b0518360a@group-EEA0E18FE436-LeaderElection55] INFO  server.RaftServerConfigKeys (ConfUtils.java:logGet(43)) - raft.server.watch.element-limit = 65536 (default)
2019-10-04 20:09:22,598 [e9a8cedd-f5bd-449d-89d0-4c8f341d7f6f@group-582F40FCE46F-LeaderElection54] INFO  impl.RoleInfo (RoleInfo.java:updateAndGet(143)) - e9a8cedd-f5bd-449d-89d0-4c8f341d7f6f: start LeaderState
2019-10-04 20:09:22,598 [e9a8cedd-f5bd-449d-89d0-4c8f341d7f6f@group-582F40FCE46F-LeaderElection54] INFO  segmented.SegmentedRaftLogWorker (SegmentedRaftLogWorker.java:startLogSegment(385)) - e9a8cedd-f5bd-449d-89d0-4c8f341d7f6f@group-582F40FCE46F-SegmentedRaftLogWorker: Starting segment from index:0
2019-10-04 20:09:22,598 [3b32de6e-1077-4f98-9df9-673b0518360a@group-EEA0E18FE436-LeaderElection55] INFO  impl.RoleInfo (RoleInfo.java:updateAndGet(143)) - 3b32de6e-1077-4f98-9df9-673b0518360a: start LeaderState
2019-10-04 20:09:22,600 [3b32de6e-1077-4f98-9df9-673b0518360a@group-EEA0E18FE436-LeaderElection55] INFO  segmented.SegmentedRaftLogWorker (SegmentedRaftLogWorker.java:startLogSegment(385)) - 3b32de6e-1077-4f98-9df9-673b0518360a@group-EEA0E18FE436-SegmentedRaftLogWorker: Starting segment from index:0
2019-10-04 20:09:22,600 [e9a8cedd-f5bd-449d-89d0-4c8f341d7f6f@group-582F40FCE46F-LeaderElection54] INFO  impl.RaftServerImpl (ServerState.java:setRaftConf(356)) - e9a8cedd-f5bd-449d-89d0-4c8f341d7f6f@group-582F40FCE46F: set configuration 0: [e9a8cedd-f5bd-449d-89d0-4c8f341d7f6f:192.168.30.33:41512], old=null at 0
2019-10-04 20:09:22,607 [3b32de6e-1077-4f98-9df9-673b0518360a@group-EEA0E18FE436-LeaderElection55] INFO  impl.RaftServerImpl (ServerState.java:setRaftConf(356)) - 3b32de6e-1077-4f98-9df9-673b0518360a@group-EEA0E18FE436: set configuration 0: [3b32de6e-1077-4f98-9df9-673b0518360a:192.168.30.33:33394], old=null at 0
2019-10-04 20:09:22,611 [87b3241b-db91-4463-b9c2-5df63382e6f1@group-1A90ACFCA9A9-LeaderElection56] INFO  impl.LeaderElection (LeaderElection.java:askForVotes(178)) - 87b3241b-db91-4463-b9c2-5df63382e6f1@group-1A90ACFCA9A9-LeaderElection56: begin an election at term 1 for -1: [87b3241b-db91-4463-b9c2-5df63382e6f1:192.168.30.33:46530], old=null
2019-10-04 20:09:22,611 [87b3241b-db91-4463-b9c2-5df63382e6f1@group-1A90ACFCA9A9-LeaderElection56] INFO  impl.RoleInfo (RoleInfo.java:shutdownLeaderElection(134)) - 87b3241b-db91-4463-b9c2-5df63382e6f1: shutdown LeaderElection
2019-10-04 20:09:22,611 [87b3241b-db91-4463-b9c2-5df63382e6f1@group-1A90ACFCA9A9-LeaderElection56] INFO  impl.RaftServerImpl (RaftServerImpl.java:setRole(170)) - 87b3241b-db91-4463-b9c2-5df63382e6f1@group-1A90ACFCA9A9: changes role from CANDIDATE to LEADER at term 1 for changeToLeader
2019-10-04 20:09:22,611 [87b3241b-db91-4463-b9c2-5df63382e6f1@group-1A90ACFCA9A9-LeaderElection56] INFO  impl.RaftServerImpl (ServerState.java:setLeader(255)) - 87b3241b-db91-4463-b9c2-5df63382e6f1@group-1A90ACFCA9A9: change Leader from null to 87b3241b-db91-4463-b9c2-5df63382e6f1 at term 1 for becomeLeader, leader elected after 5068ms
2019-10-04 20:09:22,611 [87b3241b-db91-4463-b9c2-5df63382e6f1@group-1A90ACFCA9A9-LeaderElection56] INFO  server.RaftServerConfigKeys (ConfUtils.java:logGet(43)) - raft.server.staging.catchup.gap = 1000 (default)
2019-10-04 20:09:22,611 [87b3241b-db91-4463-b9c2-5df63382e6f1@group-1A90ACFCA9A9-LeaderElection56] INFO  server.RaftServerConfigKeys (ConfUtils.java:logGet(43)) - raft.server.rpc.sleep.time = 25ms (default)
2019-10-04 20:09:22,612 [87b3241b-db91-4463-b9c2-5df63382e6f1@group-1A90ACFCA9A9-LeaderElection56] INFO  server.RaftServerConfigKeys (ConfUtils.java:logGet(43)) - raft.server.write.element-limit = 4096 (default)
2019-10-04 20:09:22,612 [87b3241b-db91-4463-b9c2-5df63382e6f1@group-1A90ACFCA9A9-LeaderElection56] INFO  server.RaftServerConfigKeys (ConfUtils.java:logGet(43)) - raft.server.watch.timeout = 10s (default)
2019-10-04 20:09:22,612 [87b3241b-db91-4463-b9c2-5df63382e6f1@group-1A90ACFCA9A9-LeaderElection56] INFO  server.RaftServerConfigKeys (ConfUtils.java:logGet(43)) - raft.server.watch.timeout.denomination = 1s (default)
2019-10-04 20:09:22,612 [87b3241b-db91-4463-b9c2-5df63382e6f1@group-1A90ACFCA9A9-LeaderElection56] INFO  server.RaftServerConfigKeys (ConfUtils.java:logGet(43)) - raft.server.watch.element-limit = 65536 (default)
2019-10-04 20:09:22,613 [87b3241b-db91-4463-b9c2-5df63382e6f1@group-1A90ACFCA9A9-LeaderElection56] INFO  impl.RoleInfo (RoleInfo.java:updateAndGet(143)) - 87b3241b-db91-4463-b9c2-5df63382e6f1: start LeaderState
2019-10-04 20:09:22,614 [87b3241b-db91-4463-b9c2-5df63382e6f1@group-1A90ACFCA9A9-LeaderElection56] INFO  segmented.SegmentedRaftLogWorker (SegmentedRaftLogWorker.java:startLogSegment(385)) - 87b3241b-db91-4463-b9c2-5df63382e6f1@group-1A90ACFCA9A9-SegmentedRaftLogWorker: Starting segment from index:0
2019-10-04 20:09:22,614 [87b3241b-db91-4463-b9c2-5df63382e6f1@group-1A90ACFCA9A9-LeaderElection56] INFO  impl.RaftServerImpl (ServerState.java:setRaftConf(356)) - 87b3241b-db91-4463-b9c2-5df63382e6f1@group-1A90ACFCA9A9: set configuration 0: [87b3241b-db91-4463-b9c2-5df63382e6f1:192.168.30.33:46530], old=null at 0
2019-10-04 20:09:22,674 [e9a8cedd-f5bd-449d-89d0-4c8f341d7f6f@group-582F40FCE46F-SegmentedRaftLogWorker] INFO  segmented.SegmentedRaftLogWorker (SegmentedRaftLogWorker.java:execute(574)) - e9a8cedd-f5bd-449d-89d0-4c8f341d7f6f@group-582F40FCE46F-SegmentedRaftLogWorker: created new log segment /workdir/hadoop-ozone/integration-test/target/test-dir/MiniOzoneClusterImpl-3e0866ea-37f1-4ee5-98b1-1080ecf2132c/datanode-6/data/ratis/4126854d-66f7-4c70-9a23-582f40fce46f/current/log_inprogress_0
2019-10-04 20:09:22,674 [3b32de6e-1077-4f98-9df9-673b0518360a@group-EEA0E18FE436-SegmentedRaftLogWorker] INFO  segmented.SegmentedRaftLogWorker (SegmentedRaftLogWorker.java:execute(574)) - 3b32de6e-1077-4f98-9df9-673b0518360a@group-EEA0E18FE436-SegmentedRaftLogWorker: created new log segment /workdir/hadoop-ozone/integration-test/target/test-dir/MiniOzoneClusterImpl-3e0866ea-37f1-4ee5-98b1-1080ecf2132c/datanode-5/data/ratis/d301ace2-528e-413a-b1f2-eea0e18fe436/current/log_inprogress_0
2019-10-04 20:09:22,674 [87b3241b-db91-4463-b9c2-5df63382e6f1@group-1A90ACFCA9A9-SegmentedRaftLogWorker] INFO  segmented.SegmentedRaftLogWorker (SegmentedRaftLogWorker.java:execute(574)) - 87b3241b-db91-4463-b9c2-5df63382e6f1@group-1A90ACFCA9A9-SegmentedRaftLogWorker: created new log segment /workdir/hadoop-ozone/integration-test/target/test-dir/MiniOzoneClusterImpl-3e0866ea-37f1-4ee5-98b1-1080ecf2132c/datanode-3/data/ratis/02313d17-7116-443e-a6d0-1a90acfca9a9/current/log_inprogress_0
2019-10-04 20:09:22,710 [Thread-1418] INFO  impl.FollowerState (FollowerState.java:run(108)) - d07450a8-d601-4bdf-9380-0e39503cc500@group-F7DD6F04748D-FollowerState: change to CANDIDATE, lastRpcTime:5060ms, electionTimeout:5060ms
2019-10-04 20:09:22,710 [Thread-1418] INFO  impl.RoleInfo (RoleInfo.java:shutdownFollowerState(121)) - d07450a8-d601-4bdf-9380-0e39503cc500: shutdown FollowerState
2019-10-04 20:09:22,710 [Thread-1418] INFO  impl.RaftServerImpl (RaftServerImpl.java:setRole(170)) - d07450a8-d601-4bdf-9380-0e39503cc500@group-F7DD6F04748D: changes role from  FOLLOWER to CANDIDATE at term 0 for changeToCandidate
2019-10-04 20:09:22,710 [Thread-1418] INFO  impl.RoleInfo (RoleInfo.java:updateAndGet(143)) - d07450a8-d601-4bdf-9380-0e39503cc500: start LeaderElection
2019-10-04 20:09:22,735 [d07450a8-d601-4bdf-9380-0e39503cc500@group-F7DD6F04748D-LeaderElection57] INFO  impl.LeaderElection (LeaderElection.java:askForVotes(178)) - d07450a8-d601-4bdf-9380-0e39503cc500@group-F7DD6F04748D-LeaderElection57: begin an election at term 1 for -1: [d07450a8-d601-4bdf-9380-0e39503cc500:192.168.30.33:46808, e9a8cedd-f5bd-449d-89d0-4c8f341d7f6f:192.168.30.33:41512, 3b32de6e-1077-4f98-9df9-673b0518360a:192.168.30.33:33394], old=null
2019-10-04 20:09:22,742 [grpc-default-executor-2] INFO  impl.RaftServerImpl (RaftServerImpl.java:setRole(170)) - e9a8cedd-f5bd-449d-89d0-4c8f341d7f6f@group-F7DD6F04748D: changes role from  FOLLOWER to FOLLOWER at term 1 for recognizeCandidate:d07450a8-d601-4bdf-9380-0e39503cc500
2019-10-04 20:09:22,742 [grpc-default-executor-4] INFO  impl.RaftServerImpl (RaftServerImpl.java:setRole(170)) - 3b32de6e-1077-4f98-9df9-673b0518360a@group-F7DD6F04748D: changes role from  FOLLOWER to FOLLOWER at term 1 for recognizeCandidate:d07450a8-d601-4bdf-9380-0e39503cc500
2019-10-04 20:09:22,742 [grpc-default-executor-4] INFO  impl.RoleInfo (RoleInfo.java:shutdownFollowerState(121)) - 3b32de6e-1077-4f98-9df9-673b0518360a: shutdown FollowerState
2019-10-04 20:09:22,742 [grpc-default-executor-2] INFO  impl.RoleInfo (RoleInfo.java:shutdownFollowerState(121)) - e9a8cedd-f5bd-449d-89d0-4c8f341d7f6f: shutdown FollowerState
2019-10-04 20:09:22,742 [Thread-1419] INFO  impl.FollowerState (FollowerState.java:run(117)) - 3b32de6e-1077-4f98-9df9-673b0518360a@group-F7DD6F04748D-FollowerState was interrupted: java.lang.InterruptedException: sleep interrupted
2019-10-04 20:09:22,742 [grpc-default-executor-4] INFO  impl.RoleInfo (RoleInfo.java:updateAndGet(143)) - 3b32de6e-1077-4f98-9df9-673b0518360a: start FollowerState
2019-10-04 20:09:22,744 [Thread-1417] INFO  impl.FollowerState (FollowerState.java:run(117)) - e9a8cedd-f5bd-449d-89d0-4c8f341d7f6f@group-F7DD6F04748D-FollowerState was interrupted: java.lang.InterruptedException: sleep interrupted
2019-10-04 20:09:22,742 [grpc-default-executor-2] INFO  impl.RoleInfo (RoleInfo.java:updateAndGet(143)) - e9a8cedd-f5bd-449d-89d0-4c8f341d7f6f: start FollowerState
2019-10-04 20:09:22,776 [d07450a8-d601-4bdf-9380-0e39503cc500@group-F7DD6F04748D-LeaderElection57] INFO  impl.LeaderElection (LeaderElection.java:logAndReturn(56)) - d07450a8-d601-4bdf-9380-0e39503cc500@group-F7DD6F04748D-LeaderElection57: Election PASSED; received 1 response(s) [d07450a8-d601-4bdf-9380-0e39503cc500<-3b32de6e-1077-4f98-9df9-673b0518360a#0:OK-t1] and 0 exception(s); d07450a8-d601-4bdf-9380-0e39503cc500@group-F7DD6F04748D:t1, leader=null, voted=d07450a8-d601-4bdf-9380-0e39503cc500, raftlog=d07450a8-d601-4bdf-9380-0e39503cc500@group-F7DD6F04748D-SegmentedRaftLog:OPENED:c-1,f-1,i0, conf=-1: [d07450a8-d601-4bdf-9380-0e39503cc500:192.168.30.33:46808, e9a8cedd-f5bd-449d-89d0-4c8f341d7f6f:192.168.30.33:41512, 3b32de6e-1077-4f98-9df9-673b0518360a:192.168.30.33:33394], old=null
2019-10-04 20:09:22,776 [d07450a8-d601-4bdf-9380-0e39503cc500@group-F7DD6F04748D-LeaderElection57] INFO  impl.RoleInfo (RoleInfo.java:shutdownLeaderElection(134)) - d07450a8-d601-4bdf-9380-0e39503cc500: shutdown LeaderElection
2019-10-04 20:09:22,777 [d07450a8-d601-4bdf-9380-0e39503cc500@group-F7DD6F04748D-LeaderElection57] INFO  impl.RaftServerImpl (RaftServerImpl.java:setRole(170)) - d07450a8-d601-4bdf-9380-0e39503cc500@group-F7DD6F04748D: changes role from CANDIDATE to LEADER at term 1 for changeToLeader
2019-10-04 20:09:22,777 [d07450a8-d601-4bdf-9380-0e39503cc500@group-F7DD6F04748D-LeaderElection57] INFO  impl.RaftServerImpl (ServerState.java:setLeader(255)) - d07450a8-d601-4bdf-9380-0e39503cc500@group-F7DD6F04748D: change Leader from null to d07450a8-d601-4bdf-9380-0e39503cc500 at term 1 for becomeLeader, leader elected after 5141ms
2019-10-04 20:09:22,777 [d07450a8-d601-4bdf-9380-0e39503cc500@group-F7DD6F04748D-LeaderElection57] INFO  server.RaftServerConfigKeys (ConfUtils.java:logGet(43)) - raft.server.staging.catchup.gap = 1000 (default)
2019-10-04 20:09:22,777 [d07450a8-d601-4bdf-9380-0e39503cc500@group-F7DD6F04748D-LeaderElection57] INFO  server.RaftServerConfigKeys (ConfUtils.java:logGet(43)) - raft.server.rpc.sleep.time = 25ms (default)
2019-10-04 20:09:22,777 [d07450a8-d601-4bdf-9380-0e39503cc500@group-F7DD6F04748D-LeaderElection57] INFO  server.RaftServerConfigKeys (ConfUtils.java:logGet(43)) - raft.server.write.element-limit = 4096 (default)
2019-10-04 20:09:22,777 [d07450a8-d601-4bdf-9380-0e39503cc500@group-F7DD6F04748D-LeaderElection57] INFO  server.RaftServerConfigKeys (ConfUtils.java:logGet(43)) - raft.server.watch.timeout = 10s (default)
2019-10-04 20:09:22,778 [d07450a8-d601-4bdf-9380-0e39503cc500@group-F7DD6F04748D-LeaderElection57] INFO  server.RaftServerConfigKeys (ConfUtils.java:logGet(43)) - raft.server.watch.timeout.denomination = 1s (default)
2019-10-04 20:09:22,778 [d07450a8-d601-4bdf-9380-0e39503cc500@group-F7DD6F04748D-LeaderElection57] INFO  server.RaftServerConfigKeys (ConfUtils.java:logGet(43)) - raft.server.watch.element-limit = 65536 (default)
2019-10-04 20:09:22,780 [d07450a8-d601-4bdf-9380-0e39503cc500@group-F7DD6F04748D-LeaderElection57] INFO  server.RaftServerConfigKeys (ConfUtils.java:logGet(43)) - raft.server.log.appender.snapshot.chunk.size.max = 16MB (=16777216) (default)
2019-10-04 20:09:22,780 [d07450a8-d601-4bdf-9380-0e39503cc500@group-F7DD6F04748D-LeaderElection57] INFO  server.RaftServerConfigKeys (ConfUtils.java:logGet(43)) - raft.server.log.appender.buffer.byte-limit = 33554432 (custom)
2019-10-04 20:09:22,781 [d07450a8-d601-4bdf-9380-0e39503cc500@group-F7DD6F04748D-LeaderElection57] INFO  server.RaftServerConfigKeys (ConfUtils.java:logGet(43)) - raft.server.log.appender.buffer.element-limit = 1 (custom)
2019-10-04 20:09:22,781 [d07450a8-d601-4bdf-9380-0e39503cc500@group-F7DD6F04748D-LeaderElection57] INFO  grpc.GrpcConfigKeys$Server (ConfUtils.java:logGet(43)) - raft.grpc.server.leader.outstanding.appends.max = 128 (default)
2019-10-04 20:09:22,781 [d07450a8-d601-4bdf-9380-0e39503cc500@group-F7DD6F04748D-LeaderElection57] INFO  server.RaftServerConfigKeys (ConfUtils.java:logGet(43)) - raft.server.rpc.request.timeout = 3000ms (default)
2019-10-04 20:09:22,781 [d07450a8-d601-4bdf-9380-0e39503cc500@group-F7DD6F04748D-LeaderElection57] INFO  server.RaftServerConfigKeys (ConfUtils.java:logGet(43)) - raft.server.log.appender.install.snapshot.enabled = false (custom)
2019-10-04 20:09:22,782 [d07450a8-d601-4bdf-9380-0e39503cc500@group-F7DD6F04748D-LeaderElection57] INFO  server.RaftServerConfigKeys (ConfUtils.java:logGet(43)) - raft.server.log.appender.snapshot.chunk.size.max = 16MB (=16777216) (default)
2019-10-04 20:09:22,782 [d07450a8-d601-4bdf-9380-0e39503cc500@group-F7DD6F04748D-LeaderElection57] INFO  server.RaftServerConfigKeys (ConfUtils.java:logGet(43)) - raft.server.log.appender.buffer.byte-limit = 33554432 (custom)
2019-10-04 20:09:22,782 [d07450a8-d601-4bdf-9380-0e39503cc500@group-F7DD6F04748D-LeaderElection57] INFO  server.RaftServerConfigKeys (ConfUtils.java:logGet(43)) - raft.server.log.appender.buffer.element-limit = 1 (custom)
2019-10-04 20:09:22,782 [d07450a8-d601-4bdf-9380-0e39503cc500@group-F7DD6F04748D-LeaderElection57] INFO  grpc.GrpcConfigKeys$Server (ConfUtils.java:logGet(43)) - raft.grpc.server.leader.outstanding.appends.max = 128 (default)
2019-10-04 20:09:22,782 [d07450a8-d601-4bdf-9380-0e39503cc500@group-F7DD6F04748D-LeaderElection57] INFO  server.RaftServerConfigKeys (ConfUtils.java:logGet(43)) - raft.server.rpc.request.timeout = 3000ms (default)
2019-10-04 20:09:22,783 [d07450a8-d601-4bdf-9380-0e39503cc500@group-F7DD6F04748D-LeaderElection57] INFO  server.RaftServerConfigKeys (ConfUtils.java:logGet(43)) - raft.server.log.appender.install.snapshot.enabled = false (custom)
2019-10-04 20:09:22,783 [d07450a8-d601-4bdf-9380-0e39503cc500@group-F7DD6F04748D-LeaderElection57] INFO  impl.RoleInfo (RoleInfo.java:updateAndGet(143)) - d07450a8-d601-4bdf-9380-0e39503cc500: start LeaderState
2019-10-04 20:09:22,783 [d07450a8-d601-4bdf-9380-0e39503cc500@group-F7DD6F04748D-LeaderElection57] INFO  segmented.SegmentedRaftLogWorker (SegmentedRaftLogWorker.java:startLogSegment(385)) - d07450a8-d601-4bdf-9380-0e39503cc500@group-F7DD6F04748D-SegmentedRaftLogWorker: Starting segment from index:0
2019-10-04 20:09:22,784 [d07450a8-d601-4bdf-9380-0e39503cc500@group-F7DD6F04748D-LeaderElection57] INFO  impl.RaftServerImpl (ServerState.java:setRaftConf(356)) - d07450a8-d601-4bdf-9380-0e39503cc500@group-F7DD6F04748D: set configuration 0: [d07450a8-d601-4bdf-9380-0e39503cc500:192.168.30.33:46808, e9a8cedd-f5bd-449d-89d0-4c8f341d7f6f:192.168.30.33:41512, 3b32de6e-1077-4f98-9df9-673b0518360a:192.168.30.33:33394], old=null at 0
2019-10-04 20:09:22,785 [grpc-default-executor-2] INFO  impl.RaftServerImpl (ServerState.java:setLeader(255)) - e9a8cedd-f5bd-449d-89d0-4c8f341d7f6f@group-F7DD6F04748D: change Leader from null to d07450a8-d601-4bdf-9380-0e39503cc500 at term 1 for appendEntries, leader elected after 5149ms
2019-10-04 20:09:22,816 [grpc-default-executor-4] INFO  impl.RaftServerImpl (ServerState.java:setLeader(255)) - 3b32de6e-1077-4f98-9df9-673b0518360a@group-F7DD6F04748D: change Leader from null to d07450a8-d601-4bdf-9380-0e39503cc500 at term 1 for appendEntries, leader elected after 5180ms
2019-10-04 20:09:22,824 [grpc-default-executor-4] INFO  impl.RaftServerImpl (ServerState.java:setRaftConf(356)) - e9a8cedd-f5bd-449d-89d0-4c8f341d7f6f@group-F7DD6F04748D: set configuration 0: [d07450a8-d601-4bdf-9380-0e39503cc500:192.168.30.33:46808, e9a8cedd-f5bd-449d-89d0-4c8f341d7f6f:192.168.30.33:41512, 3b32de6e-1077-4f98-9df9-673b0518360a:192.168.30.33:33394], old=null at 0
2019-10-04 20:09:22,824 [grpc-default-executor-2] INFO  impl.RaftServerImpl (ServerState.java:setRaftConf(356)) - 3b32de6e-1077-4f98-9df9-673b0518360a@group-F7DD6F04748D: set configuration 0: [d07450a8-d601-4bdf-9380-0e39503cc500:192.168.30.33:46808, e9a8cedd-f5bd-449d-89d0-4c8f341d7f6f:192.168.30.33:41512, 3b32de6e-1077-4f98-9df9-673b0518360a:192.168.30.33:33394], old=null at 0
2019-10-04 20:09:22,824 [grpc-default-executor-4] INFO  segmented.SegmentedRaftLogWorker (SegmentedRaftLogWorker.java:startLogSegment(385)) - e9a8cedd-f5bd-449d-89d0-4c8f341d7f6f@group-F7DD6F04748D-SegmentedRaftLogWorker: Starting segment from index:0
2019-10-04 20:09:22,824 [grpc-default-executor-2] INFO  segmented.SegmentedRaftLogWorker (SegmentedRaftLogWorker.java:startLogSegment(385)) - 3b32de6e-1077-4f98-9df9-673b0518360a@group-F7DD6F04748D-SegmentedRaftLogWorker: Starting segment from index:0
2019-10-04 20:09:22,842 [d07450a8-d601-4bdf-9380-0e39503cc500@group-F7DD6F04748D-SegmentedRaftLogWorker] INFO  segmented.SegmentedRaftLogWorker (SegmentedRaftLogWorker.java:execute(574)) - d07450a8-d601-4bdf-9380-0e39503cc500@group-F7DD6F04748D-SegmentedRaftLogWorker: created new log segment /workdir/hadoop-ozone/integration-test/target/test-dir/MiniOzoneClusterImpl-3e0866ea-37f1-4ee5-98b1-1080ecf2132c/datanode-4/data/ratis/0adf2fe7-41cb-4b5d-b189-f7dd6f04748d/current/log_inprogress_0
2019-10-04 20:09:22,896 [e9a8cedd-f5bd-449d-89d0-4c8f341d7f6f@group-F7DD6F04748D-SegmentedRaftLogWorker] INFO  segmented.SegmentedRaftLogWorker (SegmentedRaftLogWorker.java:execute(574)) - e9a8cedd-f5bd-449d-89d0-4c8f341d7f6f@group-F7DD6F04748D-SegmentedRaftLogWorker: created new log segment /workdir/hadoop-ozone/integration-test/target/test-dir/MiniOzoneClusterImpl-3e0866ea-37f1-4ee5-98b1-1080ecf2132c/datanode-6/data/ratis/0adf2fe7-41cb-4b5d-b189-f7dd6f04748d/current/log_inprogress_0
2019-10-04 20:09:22,896 [3b32de6e-1077-4f98-9df9-673b0518360a@group-F7DD6F04748D-SegmentedRaftLogWorker] INFO  segmented.SegmentedRaftLogWorker (SegmentedRaftLogWorker.java:execute(574)) - 3b32de6e-1077-4f98-9df9-673b0518360a@group-F7DD6F04748D-SegmentedRaftLogWorker: created new log segment /workdir/hadoop-ozone/integration-test/target/test-dir/MiniOzoneClusterImpl-3e0866ea-37f1-4ee5-98b1-1080ecf2132c/datanode-5/data/ratis/0adf2fe7-41cb-4b5d-b189-f7dd6f04748d/current/log_inprogress_0
2019-10-04 20:09:22,918 [Datanode State Machine Thread - 0] INFO  statemachine.DatanodeStateMachine (DatanodeStateMachine.java:lambda$startDaemon$0(350)) - Ozone container server started.
2019-10-04 20:09:27,890 [main] INFO  ozoneimpl.OzoneContainer (OzoneContainer.java:stop(231)) - Attempting to stop container services.
2019-10-04 20:09:27,891 [main] INFO  impl.RaftServerProxy (RaftServerProxy.java:lambda$close$4(314)) - e35642a6-94a5-4a62-8e65-3cae1ee4cc2c: close
2019-10-04 20:09:27,892 [main] INFO  impl.RaftServerImpl (RaftServerImpl.java:lambda$shutdown$3(247)) - e35642a6-94a5-4a62-8e65-3cae1ee4cc2c@group-D1B3B4671D43: shutdown
2019-10-04 20:09:27,892 [ForkJoinPool.commonPool-worker-0] INFO  impl.RaftServerImpl (RaftServerImpl.java:lambda$shutdown$3(247)) - e35642a6-94a5-4a62-8e65-3cae1ee4cc2c@group-445DFB4D7286: shutdown
2019-10-04 20:09:27,893 [main] INFO  util.JmxRegister (JmxRegister.java:unregister(73)) - Successfully un-registered JMX Bean with object name Ratis:service=RaftServer,group=group-D1B3B4671D43,id=e35642a6-94a5-4a62-8e65-3cae1ee4cc2c
2019-10-04 20:09:27,893 [ForkJoinPool.commonPool-worker-0] INFO  util.JmxRegister (JmxRegister.java:unregister(73)) - Successfully un-registered JMX Bean with object name Ratis:service=RaftServer,group=group-445DFB4D7286,id=e35642a6-94a5-4a62-8e65-3cae1ee4cc2c
2019-10-04 20:09:27,893 [main] INFO  impl.RoleInfo (RoleInfo.java:shutdownLeaderState(104)) - e35642a6-94a5-4a62-8e65-3cae1ee4cc2c: shutdown LeaderState
2019-10-04 20:09:27,893 [ForkJoinPool.commonPool-worker-0] INFO  impl.RoleInfo (RoleInfo.java:shutdownFollowerState(121)) - e35642a6-94a5-4a62-8e65-3cae1ee4cc2c: shutdown FollowerState
2019-10-04 20:09:27,894 [main] INFO  impl.PendingRequests (PendingRequests.java:sendNotLeaderResponses(202)) - e35642a6-94a5-4a62-8e65-3cae1ee4cc2c@group-D1B3B4671D43-PendingRequests: sendNotLeaderResponses
2019-10-04 20:09:27,894 [e35642a6-94a5-4a62-8e65-3cae1ee4cc2c@group-445DFB4D7286-StateMachineUpdater] INFO  ratis.ContainerStateMachine (ContainerStateMachine.java:takeSnapshot(293)) - group-445DFB4D7286: Taking a snapshot at:(t:1, i:1) file /workdir/hadoop-ozone/integration-test/target/test-dir/MiniOzoneClusterImpl-3e0866ea-37f1-4ee5-98b1-1080ecf2132c/datanode-0/data/ratis/114f494d-c253-47cb-bcc2-445dfb4d7286/sm/snapshot.1_1
2019-10-04 20:09:27,895 [main] INFO  impl.StateMachineUpdater (StateMachineUpdater.java:stopAndJoin(136)) - e35642a6-94a5-4a62-8e65-3cae1ee4cc2c@group-D1B3B4671D43-StateMachineUpdater: set stopIndex = 0
2019-10-04 20:09:27,895 [main] INFO  impl.RaftServerImpl (ServerState.java:close(387)) - e35642a6-94a5-4a62-8e65-3cae1ee4cc2c@group-D1B3B4671D43: closes. applyIndex: 0
2019-10-04 20:09:27,894 [Thread-1455] INFO  impl.FollowerState (FollowerState.java:run(117)) - e35642a6-94a5-4a62-8e65-3cae1ee4cc2c@group-445DFB4D7286-FollowerState was interrupted: java.lang.InterruptedException: sleep interrupted
2019-10-04 20:09:27,894 [ForkJoinPool.commonPool-worker-0] INFO  impl.StateMachineUpdater (StateMachineUpdater.java:stopAndJoin(136)) - e35642a6-94a5-4a62-8e65-3cae1ee4cc2c@group-445DFB4D7286-StateMachineUpdater: set stopIndex = 2
2019-10-04 20:09:27,901 [e35642a6-94a5-4a62-8e65-3cae1ee4cc2c@group-D1B3B4671D43-SegmentedRaftLogWorker] INFO  segmented.SegmentedRaftLogWorker (SegmentedRaftLogWorker.java:run(316)) - e35642a6-94a5-4a62-8e65-3cae1ee4cc2c@group-D1B3B4671D43-SegmentedRaftLogWorker was interrupted, exiting. There are 0 tasks remaining in the queue.
2019-10-04 20:09:27,904 [main] INFO  segmented.SegmentedRaftLogWorker (SegmentedRaftLogWorker.java:close(224)) - e35642a6-94a5-4a62-8e65-3cae1ee4cc2c@group-D1B3B4671D43-SegmentedRaftLogWorker close()
2019-10-04 20:09:27,917 [e35642a6-94a5-4a62-8e65-3cae1ee4cc2c@group-445DFB4D7286-StateMachineUpdater] INFO  ratis.ContainerStateMachine (ContainerStateMachine.java:takeSnapshot(304)) - group-445DFB4D7286: Finished taking a snapshot at:(t:1, i:1) file:/workdir/hadoop-ozone/integration-test/target/test-dir/MiniOzoneClusterImpl-3e0866ea-37f1-4ee5-98b1-1080ecf2132c/datanode-0/data/ratis/114f494d-c253-47cb-bcc2-445dfb4d7286/sm/snapshot.1_1 time:23
2019-10-04 20:09:27,917 [e35642a6-94a5-4a62-8e65-3cae1ee4cc2c@group-445DFB4D7286-StateMachineUpdater] INFO  impl.StateMachineUpdater (StateMachineUpdater.java:takeSnapshot(269)) - e35642a6-94a5-4a62-8e65-3cae1ee4cc2c@group-445DFB4D7286-StateMachineUpdater: Took a snapshot at index 1
2019-10-04 20:09:27,918 [e35642a6-94a5-4a62-8e65-3cae1ee4cc2c@group-445DFB4D7286-StateMachineUpdater] INFO  impl.StateMachineUpdater (StateMachineUpdater.java:lambda$new$0(84)) - e35642a6-94a5-4a62-8e65-3cae1ee4cc2c@group-445DFB4D7286-StateMachineUpdater: snapshotIndex: updateIncreasingly -1 -> 1
2019-10-04 20:09:27,918 [e35642a6-94a5-4a62-8e65-3cae1ee4cc2c@group-445DFB4D7286-StateMachineUpdater] INFO  ratis.ContainerStateMachine (ContainerStateMachine.java:takeSnapshot(293)) - group-445DFB4D7286: Taking a snapshot at:(t:1, i:1) file /workdir/hadoop-ozone/integration-test/target/test-dir/MiniOzoneClusterImpl-3e0866ea-37f1-4ee5-98b1-1080ecf2132c/datanode-0/data/ratis/114f494d-c253-47cb-bcc2-445dfb4d7286/sm/snapshot.1_1
2019-10-04 20:09:27,934 [e35642a6-94a5-4a62-8e65-3cae1ee4cc2c@group-445DFB4D7286-StateMachineUpdater] INFO  ratis.ContainerStateMachine (ContainerStateMachine.java:takeSnapshot(304)) - group-445DFB4D7286: Finished taking a snapshot at:(t:1, i:1) file:/workdir/hadoop-ozone/integration-test/target/test-dir/MiniOzoneClusterImpl-3e0866ea-37f1-4ee5-98b1-1080ecf2132c/datanode-0/data/ratis/114f494d-c253-47cb-bcc2-445dfb4d7286/sm/snapshot.1_1 time:16
2019-10-04 20:09:27,935 [e35642a6-94a5-4a62-8e65-3cae1ee4cc2c@group-445DFB4D7286-StateMachineUpdater] INFO  impl.StateMachineUpdater (StateMachineUpdater.java:takeSnapshot(269)) - e35642a6-94a5-4a62-8e65-3cae1ee4cc2c@group-445DFB4D7286-StateMachineUpdater: Took a snapshot at index 1
2019-10-04 20:09:27,935 [e35642a6-94a5-4a62-8e65-3cae1ee4cc2c@group-445DFB4D7286-StateMachineUpdater] INFO  impl.StateMachineUpdater (StateMachineUpdater.java:lambda$new$0(84)) - e35642a6-94a5-4a62-8e65-3cae1ee4cc2c@group-445DFB4D7286-StateMachineUpdater: snapshotIndex: updateIncreasingly 1 -> 1
2019-10-04 20:09:27,935 [ForkJoinPool.commonPool-worker-0] INFO  impl.RaftServerImpl (ServerState.java:close(387)) - e35642a6-94a5-4a62-8e65-3cae1ee4cc2c@group-445DFB4D7286: closes. applyIndex: 2
2019-10-04 20:09:27,936 [e35642a6-94a5-4a62-8e65-3cae1ee4cc2c@group-445DFB4D7286-SegmentedRaftLogWorker] INFO  segmented.SegmentedRaftLogWorker (SegmentedRaftLogWorker.java:run(316)) - e35642a6-94a5-4a62-8e65-3cae1ee4cc2c@group-445DFB4D7286-SegmentedRaftLogWorker was interrupted, exiting. There are 0 tasks remaining in the queue.
2019-10-04 20:09:27,939 [ForkJoinPool.commonPool-worker-0] INFO  segmented.SegmentedRaftLogWorker (SegmentedRaftLogWorker.java:close(224)) - e35642a6-94a5-4a62-8e65-3cae1ee4cc2c@group-445DFB4D7286-SegmentedRaftLogWorker close()
2019-10-04 20:09:27,945 [main] INFO  server.GrpcService (GrpcService.java:closeImpl(164)) - e35642a6-94a5-4a62-8e65-3cae1ee4cc2c: shutdown server with port 38365 now
2019-10-04 20:09:27,946 [grpc-default-executor-4] WARN  server.GrpcServerProtocolService (LogUtils.java:warn(134)) - e35642a6-94a5-4a62-8e65-3cae1ee4cc2c: installSnapshot onError, lastRequest: 35896a73-53a8-4e65-9327-fe2195b86350->e35642a6-94a5-4a62-8e65-3cae1ee4cc2c#5-t1, previous=(t:1, i:2), leaderCommit=2, initializing? false, entries: <empty>: org.apache.ratis.thirdparty.io.grpc.StatusRuntimeException: CANCELLED: cancelled before receiving half close
2019-10-04 20:09:27,946 [main] INFO  server.GrpcService (GrpcService.java:closeImpl(172)) - e35642a6-94a5-4a62-8e65-3cae1ee4cc2c: shutdown server with port 38365 successfully
2019-10-04 20:09:27,946 [grpc-default-executor-5] WARN  server.GrpcLogAppender (LogUtils.java:warn(134)) - 35896a73-53a8-4e65-9327-fe2195b86350@group-445DFB4D7286->e35642a6-94a5-4a62-8e65-3cae1ee4cc2c-AppendLogResponseHandler: Failed appendEntries: org.apache.ratis.thirdparty.io.grpc.StatusRuntimeException: CANCELLED: HTTP/2 error code: CANCEL
Received Rst Stream
2019-10-04 20:09:27,947 [grpc-default-executor-5] INFO  impl.FollowerInfo (FollowerInfo.java:lambda$new$0(51)) - 35896a73-53a8-4e65-9327-fe2195b86350@group-445DFB4D7286->e35642a6-94a5-4a62-8e65-3cae1ee4cc2c: nextIndex: updateUnconditionally 3 -> 2
2019-10-04 20:09:27,949 [refreshUsed-/workdir/hadoop-ozone/integration-test/target/test-dir/MiniOzoneClusterImpl-3e0866ea-37f1-4ee5-98b1-1080ecf2132c/datanode-0/data/containers] WARN  fs.CachingGetSpaceUsed (CachingGetSpaceUsed.java:run(183)) - Thread Interrupted waiting to refresh disk information: sleep interrupted
2019-10-04 20:09:27,970 [main] INFO  utils.BackgroundService (BackgroundService.java:shutdown(148)) - Shutting down service BlockDeletingService
2019-10-04 20:09:27,981 [main] INFO  statemachine.DatanodeStateMachine (DatanodeStateMachine.java:stopDaemon(395)) - Ozone container server stopped.
2019-10-04 20:09:27,982 [main] INFO  handler.ContextHandler (ContextHandler.java:doStop(910)) - Stopped o.e.j.w.WebAppContext@8aeab9e{/,null,UNAVAILABLE}{/hddsDatanode}
2019-10-04 20:09:27,985 [main] INFO  server.AbstractConnector (AbstractConnector.java:doStop(318)) - Stopped ServerConnector@2a2dc0a{HTTP/1.1,[http/1.1]}{0.0.0.0:0}
2019-10-04 20:09:27,986 [main] INFO  handler.ContextHandler (ContextHandler.java:doStop(910)) - Stopped o.e.j.s.ServletContextHandler@1f87607c{/static,jar:file:/home/user/.m2/repository/org/apache/hadoop/hadoop-hdds-container-service/0.5.0-SNAPSHOT/hadoop-hdds-container-service-0.5.0-SNAPSHOT.jar!/webapps/static,UNAVAILABLE}
2019-10-04 20:09:27,986 [main] INFO  handler.ContextHandler (ContextHandler.java:doStop(910)) - Stopped o.e.j.s.ServletContextHandler@7d42542{/logs,file:///workdir/hadoop-ozone/integration-test/target/log,UNAVAILABLE}
2019-10-04 20:09:28,921 [Datanode State Machine Thread - 0] INFO  statemachine.DatanodeStateMachine (DatanodeStateMachine.java:lambda$startDaemon$0(350)) - Ozone container server started.
2019-10-04 20:09:30,151 [grpc-default-executor-2] WARN  server.GrpcLogAppender (LogUtils.java:warn(134)) - 35896a73-53a8-4e65-9327-fe2195b86350@group-445DFB4D7286->e35642a6-94a5-4a62-8e65-3cae1ee4cc2c-AppendLogResponseHandler: Failed appendEntries: org.apache.ratis.thirdparty.io.grpc.StatusRuntimeException: UNAVAILABLE: io exception
2019-10-04 20:09:30,151 [grpc-default-executor-2] INFO  impl.FollowerInfo (FollowerInfo.java:lambda$new$0(51)) - 35896a73-53a8-4e65-9327-fe2195b86350@group-445DFB4D7286->e35642a6-94a5-4a62-8e65-3cae1ee4cc2c: nextIndex: updateUnconditionally 2 -> 1
2019-10-04 20:09:32,656 [grpc-default-executor-4] WARN  server.GrpcLogAppender (LogUtils.java:warn(134)) - 35896a73-53a8-4e65-9327-fe2195b86350@group-445DFB4D7286->e35642a6-94a5-4a62-8e65-3cae1ee4cc2c-AppendLogResponseHandler: Failed appendEntries: org.apache.ratis.thirdparty.io.grpc.StatusRuntimeException: UNAVAILABLE: io exception
2019-10-04 20:09:32,657 [grpc-default-executor-4] INFO  impl.FollowerInfo (FollowerInfo.java:lambda$new$0(51)) - 35896a73-53a8-4e65-9327-fe2195b86350@group-445DFB4D7286->e35642a6-94a5-4a62-8e65-3cae1ee4cc2c: nextIndex: updateUnconditionally 1 -> 0
2019-10-04 20:09:32,988 [main] INFO  ozoneimpl.OzoneContainer (OzoneContainer.java:stop(231)) - Attempting to stop container services.
2019-10-04 20:09:32,989 [main] INFO  impl.RaftServerProxy (RaftServerProxy.java:lambda$close$4(314)) - f90ae9ec-d3b4-4df5-bc2a-3643578826ae: close
2019-10-04 20:09:32,990 [main] INFO  impl.RaftServerImpl (RaftServerImpl.java:lambda$shutdown$3(247)) - f90ae9ec-d3b4-4df5-bc2a-3643578826ae@group-6560EB4A000E: shutdown
2019-10-04 20:09:32,990 [ForkJoinPool.commonPool-worker-1] INFO  impl.RaftServerImpl (RaftServerImpl.java:lambda$shutdown$3(247)) - f90ae9ec-d3b4-4df5-bc2a-3643578826ae@group-445DFB4D7286: shutdown
2019-10-04 20:09:32,990 [main] INFO  util.JmxRegister (JmxRegister.java:unregister(73)) - Successfully un-registered JMX Bean with object name Ratis:service=RaftServer,group=group-6560EB4A000E,id=f90ae9ec-d3b4-4df5-bc2a-3643578826ae
2019-10-04 20:09:32,991 [ForkJoinPool.commonPool-worker-1] INFO  util.JmxRegister (JmxRegister.java:unregister(73)) - Successfully un-registered JMX Bean with object name Ratis:service=RaftServer,group=group-445DFB4D7286,id=f90ae9ec-d3b4-4df5-bc2a-3643578826ae
2019-10-04 20:09:32,991 [main] INFO  impl.RoleInfo (RoleInfo.java:shutdownLeaderState(104)) - f90ae9ec-d3b4-4df5-bc2a-3643578826ae: shutdown LeaderState
2019-10-04 20:09:32,991 [ForkJoinPool.commonPool-worker-1] INFO  impl.RoleInfo (RoleInfo.java:shutdownFollowerState(121)) - f90ae9ec-d3b4-4df5-bc2a-3643578826ae: shutdown FollowerState
2019-10-04 20:09:32,992 [main] INFO  impl.PendingRequests (PendingRequests.java:sendNotLeaderResponses(202)) - f90ae9ec-d3b4-4df5-bc2a-3643578826ae@group-6560EB4A000E-PendingRequests: sendNotLeaderResponses
2019-10-04 20:09:32,992 [f90ae9ec-d3b4-4df5-bc2a-3643578826ae@group-445DFB4D7286-StateMachineUpdater] INFO  ratis.ContainerStateMachine (ContainerStateMachine.java:takeSnapshot(293)) - group-445DFB4D7286: Taking a snapshot at:(t:1, i:1) file /workdir/hadoop-ozone/integration-test/target/test-dir/MiniOzoneClusterImpl-3e0866ea-37f1-4ee5-98b1-1080ecf2132c/datanode-2/data/ratis/114f494d-c253-47cb-bcc2-445dfb4d7286/sm/snapshot.1_1
2019-10-04 20:09:32,992 [Thread-1454] INFO  impl.FollowerState (FollowerState.java:run(117)) - f90ae9ec-d3b4-4df5-bc2a-3643578826ae@group-445DFB4D7286-FollowerState was interrupted: java.lang.InterruptedException: sleep interrupted
2019-10-04 20:09:32,992 [ForkJoinPool.commonPool-worker-1] INFO  impl.StateMachineUpdater (StateMachineUpdater.java:stopAndJoin(136)) - f90ae9ec-d3b4-4df5-bc2a-3643578826ae@group-445DFB4D7286-StateMachineUpdater: set stopIndex = 2
2019-10-04 20:09:32,996 [main] INFO  impl.StateMachineUpdater (StateMachineUpdater.java:stopAndJoin(136)) - f90ae9ec-d3b4-4df5-bc2a-3643578826ae@group-6560EB4A000E-StateMachineUpdater: set stopIndex = 0
2019-10-04 20:09:32,997 [main] INFO  impl.RaftServerImpl (ServerState.java:close(387)) - f90ae9ec-d3b4-4df5-bc2a-3643578826ae@group-6560EB4A000E: closes. applyIndex: 0
2019-10-04 20:09:32,998 [f90ae9ec-d3b4-4df5-bc2a-3643578826ae@group-6560EB4A000E-SegmentedRaftLogWorker] INFO  segmented.SegmentedRaftLogWorker (SegmentedRaftLogWorker.java:run(316)) - f90ae9ec-d3b4-4df5-bc2a-3643578826ae@group-6560EB4A000E-SegmentedRaftLogWorker was interrupted, exiting. There are 0 tasks remaining in the queue.
2019-10-04 20:09:33,004 [main] INFO  segmented.SegmentedRaftLogWorker (SegmentedRaftLogWorker.java:close(224)) - f90ae9ec-d3b4-4df5-bc2a-3643578826ae@group-6560EB4A000E-SegmentedRaftLogWorker close()
2019-10-04 20:09:33,017 [f90ae9ec-d3b4-4df5-bc2a-3643578826ae@group-445DFB4D7286-StateMachineUpdater] INFO  ratis.ContainerStateMachine (ContainerStateMachine.java:takeSnapshot(304)) - group-445DFB4D7286: Finished taking a snapshot at:(t:1, i:1) file:/workdir/hadoop-ozone/integration-test/target/test-dir/MiniOzoneClusterImpl-3e0866ea-37f1-4ee5-98b1-1080ecf2132c/datanode-2/data/ratis/114f494d-c253-47cb-bcc2-445dfb4d7286/sm/snapshot.1_1 time:25
2019-10-04 20:09:33,017 [f90ae9ec-d3b4-4df5-bc2a-3643578826ae@group-445DFB4D7286-StateMachineUpdater] INFO  impl.StateMachineUpdater (StateMachineUpdater.java:takeSnapshot(269)) - f90ae9ec-d3b4-4df5-bc2a-3643578826ae@group-445DFB4D7286-StateMachineUpdater: Took a snapshot at index 1
2019-10-04 20:09:33,017 [f90ae9ec-d3b4-4df5-bc2a-3643578826ae@group-445DFB4D7286-StateMachineUpdater] INFO  impl.StateMachineUpdater (StateMachineUpdater.java:lambda$new$0(84)) - f90ae9ec-d3b4-4df5-bc2a-3643578826ae@group-445DFB4D7286-StateMachineUpdater: snapshotIndex: updateIncreasingly -1 -> 1
2019-10-04 20:09:33,018 [f90ae9ec-d3b4-4df5-bc2a-3643578826ae@group-445DFB4D7286-StateMachineUpdater] INFO  ratis.ContainerStateMachine (ContainerStateMachine.java:takeSnapshot(293)) - group-445DFB4D7286: Taking a snapshot at:(t:1, i:1) file /workdir/hadoop-ozone/integration-test/target/test-dir/MiniOzoneClusterImpl-3e0866ea-37f1-4ee5-98b1-1080ecf2132c/datanode-2/data/ratis/114f494d-c253-47cb-bcc2-445dfb4d7286/sm/snapshot.1_1
2019-10-04 20:09:33,029 [f90ae9ec-d3b4-4df5-bc2a-3643578826ae@group-445DFB4D7286-StateMachineUpdater] INFO  ratis.ContainerStateMachine (ContainerStateMachine.java:takeSnapshot(304)) - group-445DFB4D7286: Finished taking a snapshot at:(t:1, i:1) file:/workdir/hadoop-ozone/integration-test/target/test-dir/MiniOzoneClusterImpl-3e0866ea-37f1-4ee5-98b1-1080ecf2132c/datanode-2/data/ratis/114f494d-c253-47cb-bcc2-445dfb4d7286/sm/snapshot.1_1 time:12
2019-10-04 20:09:33,029 [f90ae9ec-d3b4-4df5-bc2a-3643578826ae@group-445DFB4D7286-StateMachineUpdater] INFO  impl.StateMachineUpdater (StateMachineUpdater.java:takeSnapshot(269)) - f90ae9ec-d3b4-4df5-bc2a-3643578826ae@group-445DFB4D7286-StateMachineUpdater: Took a snapshot at index 1
2019-10-04 20:09:33,029 [f90ae9ec-d3b4-4df5-bc2a-3643578826ae@group-445DFB4D7286-StateMachineUpdater] INFO  impl.StateMachineUpdater (StateMachineUpdater.java:lambda$new$0(84)) - f90ae9ec-d3b4-4df5-bc2a-3643578826ae@group-445DFB4D7286-StateMachineUpdater: snapshotIndex: updateIncreasingly 1 -> 1
2019-10-04 20:09:33,029 [ForkJoinPool.commonPool-worker-1] INFO  impl.RaftServerImpl (ServerState.java:close(387)) - f90ae9ec-d3b4-4df5-bc2a-3643578826ae@group-445DFB4D7286: closes. applyIndex: 2
2019-10-04 20:09:33,030 [f90ae9ec-d3b4-4df5-bc2a-3643578826ae@group-445DFB4D7286-SegmentedRaftLogWorker] INFO  segmented.SegmentedRaftLogWorker (SegmentedRaftLogWorker.java:run(316)) - f90ae9ec-d3b4-4df5-bc2a-3643578826ae@group-445DFB4D7286-SegmentedRaftLogWorker was interrupted, exiting. There are 0 tasks remaining in the queue.
2019-10-04 20:09:33,032 [ForkJoinPool.commonPool-worker-1] INFO  segmented.SegmentedRaftLogWorker (SegmentedRaftLogWorker.java:close(224)) - f90ae9ec-d3b4-4df5-bc2a-3643578826ae@group-445DFB4D7286-SegmentedRaftLogWorker close()
2019-10-04 20:09:33,036 [main] INFO  server.GrpcService (GrpcService.java:closeImpl(164)) - f90ae9ec-d3b4-4df5-bc2a-3643578826ae: shutdown server with port 42538 now
2019-10-04 20:09:33,037 [grpc-default-executor-4] WARN  server.GrpcServerProtocolService (LogUtils.java:warn(134)) - f90ae9ec-d3b4-4df5-bc2a-3643578826ae: installSnapshot onError, lastRequest: 35896a73-53a8-4e65-9327-fe2195b86350->f90ae9ec-d3b4-4df5-bc2a-3643578826ae#7-t1, previous=(t:1, i:2), leaderCommit=2, initializing? false, entries: <empty>: org.apache.ratis.thirdparty.io.grpc.StatusRuntimeException: CANCELLED: cancelled before receiving half close
2019-10-04 20:09:33,037 [main] INFO  server.GrpcService (GrpcService.java:closeImpl(172)) - f90ae9ec-d3b4-4df5-bc2a-3643578826ae: shutdown server with port 42538 successfully
2019-10-04 20:09:33,038 [grpc-default-executor-5] WARN  server.GrpcLogAppender (LogUtils.java:warn(134)) - 35896a73-53a8-4e65-9327-fe2195b86350@group-445DFB4D7286->f90ae9ec-d3b4-4df5-bc2a-3643578826ae-AppendLogResponseHandler: Failed appendEntries: org.apache.ratis.thirdparty.io.grpc.StatusRuntimeException: CANCELLED: HTTP/2 error code: CANCEL
Received Rst Stream
2019-10-04 20:09:33,038 [grpc-default-executor-5] INFO  impl.FollowerInfo (FollowerInfo.java:lambda$new$0(51)) - 35896a73-53a8-4e65-9327-fe2195b86350@group-445DFB4D7286->f90ae9ec-d3b4-4df5-bc2a-3643578826ae: nextIndex: updateUnconditionally 3 -> 2
2019-10-04 20:09:33,039 [refreshUsed-/workdir/hadoop-ozone/integration-test/target/test-dir/MiniOzoneClusterImpl-3e0866ea-37f1-4ee5-98b1-1080ecf2132c/datanode-2/data/containers] WARN  fs.CachingGetSpaceUsed (CachingGetSpaceUsed.java:run(183)) - Thread Interrupted waiting to refresh disk information: sleep interrupted
2019-10-04 20:09:33,055 [main] INFO  utils.BackgroundService (BackgroundService.java:shutdown(148)) - Shutting down service BlockDeletingService
2019-10-04 20:09:33,070 [main] INFO  statemachine.DatanodeStateMachine (DatanodeStateMachine.java:stopDaemon(395)) - Ozone container server stopped.
2019-10-04 20:09:33,072 [main] INFO  handler.ContextHandler (ContextHandler.java:doStop(910)) - Stopped o.e.j.w.WebAppContext@7fda2001{/,null,UNAVAILABLE}{/hddsDatanode}
2019-10-04 20:09:33,072 [main] INFO  server.AbstractConnector (AbstractConnector.java:doStop(318)) - Stopped ServerConnector@162c1dfb{HTTP/1.1,[http/1.1]}{0.0.0.0:0}
2019-10-04 20:09:33,073 [main] INFO  handler.ContextHandler (ContextHandler.java:doStop(910)) - Stopped o.e.j.s.ServletContextHandler@7741771e{/static,jar:file:/home/user/.m2/repository/org/apache/hadoop/hadoop-hdds-container-service/0.5.0-SNAPSHOT/hadoop-hdds-container-service-0.5.0-SNAPSHOT.jar!/webapps/static,UNAVAILABLE}
2019-10-04 20:09:33,073 [main] INFO  handler.ContextHandler (ContextHandler.java:doStop(910)) - Stopped o.e.j.s.ServletContextHandler@cfd1075{/logs,file:///workdir/hadoop-ozone/integration-test/target/log,UNAVAILABLE}
2019-10-04 20:09:35,155 [grpc-default-executor-2] WARN  server.GrpcLogAppender (LogUtils.java:warn(134)) - 35896a73-53a8-4e65-9327-fe2195b86350@group-445DFB4D7286->e35642a6-94a5-4a62-8e65-3cae1ee4cc2c-AppendLogResponseHandler: Failed appendEntries: org.apache.ratis.thirdparty.io.grpc.StatusRuntimeException: UNAVAILABLE: io exception
2019-10-04 20:09:35,155 [grpc-default-executor-2] INFO  impl.FollowerInfo (FollowerInfo.java:lambda$new$0(51)) - 35896a73-53a8-4e65-9327-fe2195b86350@group-445DFB4D7286->e35642a6-94a5-4a62-8e65-3cae1ee4cc2c: nextIndex: updateUnconditionally 0 -> 0
2019-10-04 20:09:35,159 [grpc-default-executor-2] WARN  server.GrpcLogAppender (LogUtils.java:warn(134)) - 35896a73-53a8-4e65-9327-fe2195b86350@group-445DFB4D7286->f90ae9ec-d3b4-4df5-bc2a-3643578826ae-AppendLogResponseHandler: Failed appendEntries: org.apache.ratis.thirdparty.io.grpc.StatusRuntimeException: UNAVAILABLE: io exception
2019-10-04 20:09:35,159 [grpc-default-executor-2] INFO  impl.FollowerInfo (FollowerInfo.java:lambda$new$0(51)) - 35896a73-53a8-4e65-9327-fe2195b86350@group-445DFB4D7286->f90ae9ec-d3b4-4df5-bc2a-3643578826ae: nextIndex: updateUnconditionally 2 -> 1
2019-10-04 20:09:37,661 [grpc-default-executor-4] WARN  server.GrpcLogAppender (LogUtils.java:warn(134)) - 35896a73-53a8-4e65-9327-fe2195b86350@group-445DFB4D7286->e35642a6-94a5-4a62-8e65-3cae1ee4cc2c-AppendLogResponseHandler: Failed appendEntries: org.apache.ratis.thirdparty.io.grpc.StatusRuntimeException: UNAVAILABLE: io exception
2019-10-04 20:09:37,661 [grpc-default-executor-2] WARN  server.GrpcLogAppender (LogUtils.java:warn(134)) - 35896a73-53a8-4e65-9327-fe2195b86350@group-445DFB4D7286->f90ae9ec-d3b4-4df5-bc2a-3643578826ae-AppendLogResponseHandler: Failed appendEntries: org.apache.ratis.thirdparty.io.grpc.StatusRuntimeException: UNAVAILABLE: io exception
2019-10-04 20:09:37,662 [grpc-default-executor-4] INFO  impl.FollowerInfo (FollowerInfo.java:lambda$new$0(51)) - 35896a73-53a8-4e65-9327-fe2195b86350@group-445DFB4D7286->e35642a6-94a5-4a62-8e65-3cae1ee4cc2c: nextIndex: updateUnconditionally 0 -> 0
2019-10-04 20:09:37,662 [grpc-default-executor-2] INFO  impl.FollowerInfo (FollowerInfo.java:lambda$new$0(51)) - 35896a73-53a8-4e65-9327-fe2195b86350@group-445DFB4D7286->f90ae9ec-d3b4-4df5-bc2a-3643578826ae: nextIndex: updateUnconditionally 1 -> 0
2019-10-04 20:09:40,162 [grpc-default-executor-6] WARN  server.GrpcLogAppender (LogUtils.java:warn(134)) - 35896a73-53a8-4e65-9327-fe2195b86350@group-445DFB4D7286->f90ae9ec-d3b4-4df5-bc2a-3643578826ae-AppendLogResponseHandler: Failed appendEntries: org.apache.ratis.thirdparty.io.grpc.StatusRuntimeException: UNAVAILABLE: io exception
2019-10-04 20:09:40,162 [grpc-default-executor-7] WARN  server.GrpcLogAppender (LogUtils.java:warn(134)) - 35896a73-53a8-4e65-9327-fe2195b86350@group-445DFB4D7286->e35642a6-94a5-4a62-8e65-3cae1ee4cc2c-AppendLogResponseHandler: Failed appendEntries: org.apache.ratis.thirdparty.io.grpc.StatusRuntimeException: UNAVAILABLE: io exception
2019-10-04 20:09:40,163 [grpc-default-executor-6] INFO  impl.FollowerInfo (FollowerInfo.java:lambda$new$0(51)) - 35896a73-53a8-4e65-9327-fe2195b86350@group-445DFB4D7286->f90ae9ec-d3b4-4df5-bc2a-3643578826ae: nextIndex: updateUnconditionally 0 -> 0
2019-10-04 20:09:40,163 [grpc-default-executor-7] INFO  impl.FollowerInfo (FollowerInfo.java:lambda$new$0(51)) - 35896a73-53a8-4e65-9327-fe2195b86350@group-445DFB4D7286->e35642a6-94a5-4a62-8e65-3cae1ee4cc2c: nextIndex: updateUnconditionally 0 -> 0
2019-10-04 20:09:42,664 [grpc-default-executor-4] WARN  server.GrpcLogAppender (LogUtils.java:warn(134)) - 35896a73-53a8-4e65-9327-fe2195b86350@group-445DFB4D7286->f90ae9ec-d3b4-4df5-bc2a-3643578826ae-AppendLogResponseHandler: Failed appendEntries: org.apache.ratis.thirdparty.io.grpc.StatusRuntimeException: UNAVAILABLE: io exception
2019-10-04 20:09:42,664 [grpc-default-executor-6] WARN  server.GrpcLogAppender (LogUtils.java:warn(134)) - 35896a73-53a8-4e65-9327-fe2195b86350@group-445DFB4D7286->e35642a6-94a5-4a62-8e65-3cae1ee4cc2c-AppendLogResponseHandler: Failed appendEntries: org.apache.ratis.thirdparty.io.grpc.StatusRuntimeException: UNAVAILABLE: io exception
2019-10-04 20:09:42,665 [grpc-default-executor-4] INFO  impl.FollowerInfo (FollowerInfo.java:lambda$new$0(51)) - 35896a73-53a8-4e65-9327-fe2195b86350@group-445DFB4D7286->f90ae9ec-d3b4-4df5-bc2a-3643578826ae: nextIndex: updateUnconditionally 0 -> 0
2019-10-04 20:09:42,665 [grpc-default-executor-6] INFO  impl.FollowerInfo (FollowerInfo.java:lambda$new$0(51)) - 35896a73-53a8-4e65-9327-fe2195b86350@group-445DFB4D7286->e35642a6-94a5-4a62-8e65-3cae1ee4cc2c: nextIndex: updateUnconditionally 0 -> 0
2019-10-04 20:09:43,563 [Thread-1529] INFO  client.GrpcClientProtocolService (GrpcClientProtocolService.java:lambda$processClientRequest$0(278)) - Failed RaftClientRequest:client-80E16D6CA2ED->35896a73-53a8-4e65-9327-fe2195b86350@group-445DFB4D7286, cid=67, seq=0, Watch-ALL_COMMITTED(29), Message:<EMPTY>, reply=RaftClientReply:client-80E16D6CA2ED->35896a73-53a8-4e65-9327-fe2195b86350@group-445DFB4D7286, cid=67, FAILED org.apache.ratis.protocol.NotReplicatedException: Request with call Id 67 and log index 29 is not yet replicated to ALL_COMMITTED, logIndex=29, commits[35896a73-53a8-4e65-9327-fe2195b86350:c2, f90ae9ec-d3b4-4df5-bc2a-3643578826ae:c2, e35642a6-94a5-4a62-8e65-3cae1ee4cc2c:c2]
2019-10-04 20:09:45,164 [grpc-default-executor-2] WARN  server.GrpcLogAppender (LogUtils.java:warn(134)) - 35896a73-53a8-4e65-9327-fe2195b86350@group-445DFB4D7286->f90ae9ec-d3b4-4df5-bc2a-3643578826ae-AppendLogResponseHandler: Failed appendEntries: org.apache.ratis.thirdparty.io.grpc.StatusRuntimeException: UNAVAILABLE: io exception
2019-10-04 20:09:45,164 [grpc-default-executor-5] WARN  server.GrpcLogAppender (LogUtils.java:warn(134)) - 35896a73-53a8-4e65-9327-fe2195b86350@group-445DFB4D7286->e35642a6-94a5-4a62-8e65-3cae1ee4cc2c-AppendLogResponseHandler: Failed appendEntries: org.apache.ratis.thirdparty.io.grpc.StatusRuntimeException: UNAVAILABLE: io exception
2019-10-04 20:09:45,167 [grpc-default-executor-2] INFO  impl.FollowerInfo (FollowerInfo.java:lambda$new$0(51)) - 35896a73-53a8-4e65-9327-fe2195b86350@group-445DFB4D7286->f90ae9ec-d3b4-4df5-bc2a-3643578826ae: nextIndex: updateUnconditionally 0 -> 0
2019-10-04 20:09:45,167 [grpc-default-executor-5] INFO  impl.FollowerInfo (FollowerInfo.java:lambda$new$0(51)) - 35896a73-53a8-4e65-9327-fe2195b86350@group-445DFB4D7286->e35642a6-94a5-4a62-8e65-3cae1ee4cc2c: nextIndex: updateUnconditionally 0 -> 0
2019-10-04 20:09:47,668 [grpc-default-executor-5] WARN  server.GrpcLogAppender (LogUtils.java:warn(134)) - 35896a73-53a8-4e65-9327-fe2195b86350@group-445DFB4D7286->e35642a6-94a5-4a62-8e65-3cae1ee4cc2c-AppendLogResponseHandler: Failed appendEntries: org.apache.ratis.thirdparty.io.grpc.StatusRuntimeException: UNAVAILABLE: io exception
2019-10-04 20:09:47,668 [grpc-default-executor-2] WARN  server.GrpcLogAppender (LogUtils.java:warn(134)) - 35896a73-53a8-4e65-9327-fe2195b86350@group-445DFB4D7286->f90ae9ec-d3b4-4df5-bc2a-3643578826ae-AppendLogResponseHandler: Failed appendEntries: org.apache.ratis.thirdparty.io.grpc.StatusRuntimeException: UNAVAILABLE: io exception
2019-10-04 20:09:47,668 [grpc-default-executor-5] INFO  impl.FollowerInfo (FollowerInfo.java:lambda$new$0(51)) - 35896a73-53a8-4e65-9327-fe2195b86350@group-445DFB4D7286->e35642a6-94a5-4a62-8e65-3cae1ee4cc2c: nextIndex: updateUnconditionally 0 -> 0
2019-10-04 20:09:47,668 [grpc-default-executor-2] INFO  impl.FollowerInfo (FollowerInfo.java:lambda$new$0(51)) - 35896a73-53a8-4e65-9327-fe2195b86350@group-445DFB4D7286->f90ae9ec-d3b4-4df5-bc2a-3643578826ae: nextIndex: updateUnconditionally 0 -> 0
2019-10-04 20:09:50,169 [grpc-default-executor-5] WARN  server.GrpcLogAppender (LogUtils.java:warn(134)) - 35896a73-53a8-4e65-9327-fe2195b86350@group-445DFB4D7286->e35642a6-94a5-4a62-8e65-3cae1ee4cc2c-AppendLogResponseHandler: Failed appendEntries: org.apache.ratis.thirdparty.io.grpc.StatusRuntimeException: UNAVAILABLE: io exception
2019-10-04 20:09:50,169 [grpc-default-executor-4] WARN  server.GrpcLogAppender (LogUtils.java:warn(134)) - 35896a73-53a8-4e65-9327-fe2195b86350@group-445DFB4D7286->f90ae9ec-d3b4-4df5-bc2a-3643578826ae-AppendLogResponseHandler: Failed appendEntries: org.apache.ratis.thirdparty.io.grpc.StatusRuntimeException: UNAVAILABLE: io exception
2019-10-04 20:09:50,169 [grpc-default-executor-5] INFO  impl.FollowerInfo (FollowerInfo.java:lambda$new$0(51)) - 35896a73-53a8-4e65-9327-fe2195b86350@group-445DFB4D7286->e35642a6-94a5-4a62-8e65-3cae1ee4cc2c: nextIndex: updateUnconditionally 0 -> 0
2019-10-04 20:09:50,170 [grpc-default-executor-4] INFO  impl.FollowerInfo (FollowerInfo.java:lambda$new$0(51)) - 35896a73-53a8-4e65-9327-fe2195b86350@group-445DFB4D7286->f90ae9ec-d3b4-4df5-bc2a-3643578826ae: nextIndex: updateUnconditionally 0 -> 0
2019-10-04 20:09:52,676 [grpc-default-executor-2] WARN  server.GrpcLogAppender (LogUtils.java:warn(134)) - 35896a73-53a8-4e65-9327-fe2195b86350@group-445DFB4D7286->f90ae9ec-d3b4-4df5-bc2a-3643578826ae-AppendLogResponseHandler: Failed appendEntries: org.apache.ratis.thirdparty.io.grpc.StatusRuntimeException: UNAVAILABLE: io exception
2019-10-04 20:09:52,676 [grpc-default-executor-4] WARN  server.GrpcLogAppender (LogUtils.java:warn(134)) - 35896a73-53a8-4e65-9327-fe2195b86350@group-445DFB4D7286->e35642a6-94a5-4a62-8e65-3cae1ee4cc2c-AppendLogResponseHandler: Failed appendEntries: org.apache.ratis.thirdparty.io.grpc.StatusRuntimeException: UNAVAILABLE: io exception
2019-10-04 20:09:52,677 [grpc-default-executor-2] INFO  impl.FollowerInfo (FollowerInfo.java:lambda$new$0(51)) - 35896a73-53a8-4e65-9327-fe2195b86350@group-445DFB4D7286->f90ae9ec-d3b4-4df5-bc2a-3643578826ae: nextIndex: updateUnconditionally 0 -> 0
2019-10-04 20:09:52,677 [grpc-default-executor-4] INFO  impl.FollowerInfo (FollowerInfo.java:lambda$new$0(51)) - 35896a73-53a8-4e65-9327-fe2195b86350@group-445DFB4D7286->e35642a6-94a5-4a62-8e65-3cae1ee4cc2c: nextIndex: updateUnconditionally 0 -> 0
2019-10-04 20:09:53,076 [main] WARN  scm.XceiverClientRatis (XceiverClientRatis.java:watchForCommit(292)) - 3 way commit failed on pipeline Pipeline[ Id: 114f494d-c253-47cb-bcc2-445dfb4d7286, Nodes: e35642a6-94a5-4a62-8e65-3cae1ee4cc2c{ip: 192.168.30.33, host: pr-hdds-2239-ctfdh-543981580, networkLocation: /default-rack, certSerialId: null}f90ae9ec-d3b4-4df5-bc2a-3643578826ae{ip: 192.168.30.33, host: pr-hdds-2239-ctfdh-543981580, networkLocation: /default-rack, certSerialId: null}35896a73-53a8-4e65-9327-fe2195b86350{ip: 192.168.30.33, host: pr-hdds-2239-ctfdh-543981580, networkLocation: /default-rack, certSerialId: null}, Type:RATIS, Factor:THREE, State:OPEN]
java.util.concurrent.TimeoutException
	at java.util.concurrent.CompletableFuture.timedGet(CompletableFuture.java:1771)
	at java.util.concurrent.CompletableFuture.get(CompletableFuture.java:1915)
	at org.apache.hadoop.hdds.scm.XceiverClientRatis.watchForCommit(XceiverClientRatis.java:289)
	at org.apache.hadoop.ozone.client.rpc.TestWatchForCommit.testWatchForCommitForRetryfailure(TestWatchForCommit.java:345)
	at sun.reflect.NativeMethodAccessorImpl.invoke0(Native Method)
	at sun.reflect.NativeMethodAccessorImpl.invoke(NativeMethodAccessorImpl.java:62)
	at sun.reflect.DelegatingMethodAccessorImpl.invoke(DelegatingMethodAccessorImpl.java:43)
	at java.lang.reflect.Method.invoke(Method.java:498)
	at org.junit.runners.model.FrameworkMethod$1.runReflectiveCall(FrameworkMethod.java:47)
	at org.junit.internal.runners.model.ReflectiveCallable.run(ReflectiveCallable.java:12)
	at org.junit.runners.model.FrameworkMethod.invokeExplosively(FrameworkMethod.java:44)
	at org.junit.internal.runners.statements.InvokeMethod.evaluate(InvokeMethod.java:17)
	at org.junit.runners.ParentRunner.runLeaf(ParentRunner.java:271)
	at org.junit.runners.BlockJUnit4ClassRunner.runChild(BlockJUnit4ClassRunner.java:70)
	at org.junit.runners.BlockJUnit4ClassRunner.runChild(BlockJUnit4ClassRunner.java:50)
	at org.junit.runners.ParentRunner$3.run(ParentRunner.java:238)
	at org.junit.runners.ParentRunner$1.schedule(ParentRunner.java:63)
	at org.junit.runners.ParentRunner.runChildren(ParentRunner.java:236)
	at org.junit.runners.ParentRunner.access$000(ParentRunner.java:53)
	at org.junit.runners.ParentRunner$2.evaluate(ParentRunner.java:229)
	at org.junit.runners.ParentRunner.run(ParentRunner.java:309)
	at org.apache.maven.surefire.junit4.JUnit4Provider.execute(JUnit4Provider.java:365)
	at org.apache.maven.surefire.junit4.JUnit4Provider.executeWithRerun(JUnit4Provider.java:273)
	at org.apache.maven.surefire.junit4.JUnit4Provider.executeTestSet(JUnit4Provider.java:238)
	at org.apache.maven.surefire.junit4.JUnit4Provider.invoke(JUnit4Provider.java:159)
	at org.apache.maven.surefire.booter.ForkedBooter.invokeProviderInSameClassLoader(ForkedBooter.java:384)
	at org.apache.maven.surefire.booter.ForkedBooter.runSuitesInProcess(ForkedBooter.java:345)
	at org.apache.maven.surefire.booter.ForkedBooter.execute(ForkedBooter.java:126)
	at org.apache.maven.surefire.booter.ForkedBooter.main(ForkedBooter.java:418)
2019-10-04 20:09:55,173 [grpc-default-executor-2] WARN  server.GrpcLogAppender (LogUtils.java:warn(134)) - 35896a73-53a8-4e65-9327-fe2195b86350@group-445DFB4D7286->f90ae9ec-d3b4-4df5-bc2a-3643578826ae-AppendLogResponseHandler: Failed appendEntries: org.apache.ratis.thirdparty.io.grpc.StatusRuntimeException: UNAVAILABLE: io exception
2019-10-04 20:09:55,174 [grpc-default-executor-5] WARN  server.GrpcLogAppender (LogUtils.java:warn(134)) - 35896a73-53a8-4e65-9327-fe2195b86350@group-445DFB4D7286->e35642a6-94a5-4a62-8e65-3cae1ee4cc2c-AppendLogResponseHandler: Failed appendEntries: org.apache.ratis.thirdparty.io.grpc.StatusRuntimeException: UNAVAILABLE: io exception
2019-10-04 20:09:55,177 [grpc-default-executor-2] INFO  impl.FollowerInfo (FollowerInfo.java:lambda$new$0(51)) - 35896a73-53a8-4e65-9327-fe2195b86350@group-445DFB4D7286->f90ae9ec-d3b4-4df5-bc2a-3643578826ae: nextIndex: updateUnconditionally 0 -> 0
2019-10-04 20:09:55,177 [grpc-default-executor-5] INFO  impl.FollowerInfo (FollowerInfo.java:lambda$new$0(51)) - 35896a73-53a8-4e65-9327-fe2195b86350@group-445DFB4D7286->e35642a6-94a5-4a62-8e65-3cae1ee4cc2c: nextIndex: updateUnconditionally 0 -> 0
2019-10-04 20:09:56,563 [Thread-1554] INFO  client.GrpcClientProtocolService (GrpcClientProtocolService.java:lambda$processClientRequest$0(278)) - Failed RaftClientRequest:client-80E16D6CA2ED->35896a73-53a8-4e65-9327-fe2195b86350@group-445DFB4D7286, cid=67, seq=0, Watch-ALL_COMMITTED(29), Message:<EMPTY>, reply=RaftClientReply:client-80E16D6CA2ED->35896a73-53a8-4e65-9327-fe2195b86350@group-445DFB4D7286, cid=67, FAILED org.apache.ratis.protocol.NotReplicatedException: Request with call Id 67 and log index 29 is not yet replicated to ALL_COMMITTED, logIndex=29, commits[35896a73-53a8-4e65-9327-fe2195b86350:c2, f90ae9ec-d3b4-4df5-bc2a-3643578826ae:c2, e35642a6-94a5-4a62-8e65-3cae1ee4cc2c:c2]
2019-10-04 20:09:57,676 [grpc-default-executor-6] WARN  server.GrpcLogAppender (LogUtils.java:warn(134)) - 35896a73-53a8-4e65-9327-fe2195b86350@group-445DFB4D7286->e35642a6-94a5-4a62-8e65-3cae1ee4cc2c-AppendLogResponseHandler: Failed appendEntries: org.apache.ratis.thirdparty.io.grpc.StatusRuntimeException: UNAVAILABLE: io exception
2019-10-04 20:09:57,676 [grpc-default-executor-4] WARN  server.GrpcLogAppender (LogUtils.java:warn(134)) - 35896a73-53a8-4e65-9327-fe2195b86350@group-445DFB4D7286->f90ae9ec-d3b4-4df5-bc2a-3643578826ae-AppendLogResponseHandler: Failed appendEntries: org.apache.ratis.thirdparty.io.grpc.StatusRuntimeException: UNAVAILABLE: io exception
2019-10-04 20:09:57,680 [grpc-default-executor-4] INFO  impl.FollowerInfo (FollowerInfo.java:lambda$new$0(51)) - 35896a73-53a8-4e65-9327-fe2195b86350@group-445DFB4D7286->f90ae9ec-d3b4-4df5-bc2a-3643578826ae: nextIndex: updateUnconditionally 0 -> 0
2019-10-04 20:09:57,680 [grpc-default-executor-6] INFO  impl.FollowerInfo (FollowerInfo.java:lambda$new$0(51)) - 35896a73-53a8-4e65-9327-fe2195b86350@group-445DFB4D7286->e35642a6-94a5-4a62-8e65-3cae1ee4cc2c: nextIndex: updateUnconditionally 0 -> 0
2019-10-04 20:10:00,182 [grpc-default-executor-5] WARN  server.GrpcLogAppender (LogUtils.java:warn(134)) - 35896a73-53a8-4e65-9327-fe2195b86350@group-445DFB4D7286->e35642a6-94a5-4a62-8e65-3cae1ee4cc2c-AppendLogResponseHandler: Failed appendEntries: org.apache.ratis.thirdparty.io.grpc.StatusRuntimeException: UNAVAILABLE: io exception
2019-10-04 20:10:00,182 [grpc-default-executor-6] WARN  server.GrpcLogAppender (LogUtils.java:warn(134)) - 35896a73-53a8-4e65-9327-fe2195b86350@group-445DFB4D7286->f90ae9ec-d3b4-4df5-bc2a-3643578826ae-AppendLogResponseHandler: Failed appendEntries: org.apache.ratis.thirdparty.io.grpc.StatusRuntimeException: UNAVAILABLE: io exception
2019-10-04 20:10:00,183 [grpc-default-executor-5] INFO  impl.FollowerInfo (FollowerInfo.java:lambda$new$0(51)) - 35896a73-53a8-4e65-9327-fe2195b86350@group-445DFB4D7286->e35642a6-94a5-4a62-8e65-3cae1ee4cc2c: nextIndex: updateUnconditionally 0 -> 0
2019-10-04 20:10:00,183 [grpc-default-executor-6] INFO  impl.FollowerInfo (FollowerInfo.java:lambda$new$0(51)) - 35896a73-53a8-4e65-9327-fe2195b86350@group-445DFB4D7286->f90ae9ec-d3b4-4df5-bc2a-3643578826ae: nextIndex: updateUnconditionally 0 -> 0
2019-10-04 20:10:02,687 [grpc-default-executor-6] WARN  server.GrpcLogAppender (LogUtils.java:warn(134)) - 35896a73-53a8-4e65-9327-fe2195b86350@group-445DFB4D7286->e35642a6-94a5-4a62-8e65-3cae1ee4cc2c-AppendLogResponseHandler: Failed appendEntries: org.apache.ratis.thirdparty.io.grpc.StatusRuntimeException: UNAVAILABLE: io exception
2019-10-04 20:10:02,687 [grpc-default-executor-5] WARN  server.GrpcLogAppender (LogUtils.java:warn(134)) - 35896a73-53a8-4e65-9327-fe2195b86350@group-445DFB4D7286->f90ae9ec-d3b4-4df5-bc2a-3643578826ae-AppendLogResponseHandler: Failed appendEntries: org.apache.ratis.thirdparty.io.grpc.StatusRuntimeException: UNAVAILABLE: io exception
2019-10-04 20:10:02,688 [grpc-default-executor-5] INFO  impl.FollowerInfo (FollowerInfo.java:lambda$new$0(51)) - 35896a73-53a8-4e65-9327-fe2195b86350@group-445DFB4D7286->f90ae9ec-d3b4-4df5-bc2a-3643578826ae: nextIndex: updateUnconditionally 0 -> 0
2019-10-04 20:10:02,688 [grpc-default-executor-6] INFO  impl.FollowerInfo (FollowerInfo.java:lambda$new$0(51)) - 35896a73-53a8-4e65-9327-fe2195b86350@group-445DFB4D7286->e35642a6-94a5-4a62-8e65-3cae1ee4cc2c: nextIndex: updateUnconditionally 0 -> 0
2019-10-04 20:10:05,187 [grpc-default-executor-7] WARN  server.GrpcLogAppender (LogUtils.java:warn(134)) - 35896a73-53a8-4e65-9327-fe2195b86350@group-445DFB4D7286->f90ae9ec-d3b4-4df5-bc2a-3643578826ae-AppendLogResponseHandler: Failed appendEntries: org.apache.ratis.thirdparty.io.grpc.StatusRuntimeException: UNAVAILABLE: io exception
2019-10-04 20:10:05,187 [grpc-default-executor-2] WARN  server.GrpcLogAppender (LogUtils.java:warn(134)) - 35896a73-53a8-4e65-9327-fe2195b86350@group-445DFB4D7286->e35642a6-94a5-4a62-8e65-3cae1ee4cc2c-AppendLogResponseHandler: Failed appendEntries: org.apache.ratis.thirdparty.io.grpc.StatusRuntimeException: UNAVAILABLE: io exception
2019-10-04 20:10:05,187 [grpc-default-executor-7] INFO  impl.FollowerInfo (FollowerInfo.java:lambda$new$0(51)) - 35896a73-53a8-4e65-9327-fe2195b86350@group-445DFB4D7286->f90ae9ec-d3b4-4df5-bc2a-3643578826ae: nextIndex: updateUnconditionally 0 -> 0
2019-10-04 20:10:05,188 [grpc-default-executor-2] INFO  impl.FollowerInfo (FollowerInfo.java:lambda$new$0(51)) - 35896a73-53a8-4e65-9327-fe2195b86350@group-445DFB4D7286->e35642a6-94a5-4a62-8e65-3cae1ee4cc2c: nextIndex: updateUnconditionally 0 -> 0
2019-10-04 20:10:07,688 [grpc-default-executor-5] WARN  server.GrpcLogAppender (LogUtils.java:warn(134)) - 35896a73-53a8-4e65-9327-fe2195b86350@group-445DFB4D7286->f90ae9ec-d3b4-4df5-bc2a-3643578826ae-AppendLogResponseHandler: Failed appendEntries: org.apache.ratis.thirdparty.io.grpc.StatusRuntimeException: UNAVAILABLE: io exception
2019-10-04 20:10:07,688 [grpc-default-executor-6] WARN  server.GrpcLogAppender (LogUtils.java:warn(134)) - 35896a73-53a8-4e65-9327-fe2195b86350@group-445DFB4D7286->e35642a6-94a5-4a62-8e65-3cae1ee4cc2c-AppendLogResponseHandler: Failed appendEntries: org.apache.ratis.thirdparty.io.grpc.StatusRuntimeException: UNAVAILABLE: io exception
2019-10-04 20:10:07,689 [grpc-default-executor-5] INFO  impl.FollowerInfo (FollowerInfo.java:lambda$new$0(51)) - 35896a73-53a8-4e65-9327-fe2195b86350@group-445DFB4D7286->f90ae9ec-d3b4-4df5-bc2a-3643578826ae: nextIndex: updateUnconditionally 0 -> 0
2019-10-04 20:10:07,689 [grpc-default-executor-6] INFO  impl.FollowerInfo (FollowerInfo.java:lambda$new$0(51)) - 35896a73-53a8-4e65-9327-fe2195b86350@group-445DFB4D7286->e35642a6-94a5-4a62-8e65-3cae1ee4cc2c: nextIndex: updateUnconditionally 0 -> 0
2019-10-04 20:10:08,564 [Thread-1574] INFO  client.GrpcClientProtocolService (GrpcClientProtocolService.java:lambda$processClientRequest$0(278)) - Failed RaftClientRequest:client-80E16D6CA2ED->35896a73-53a8-4e65-9327-fe2195b86350@group-445DFB4D7286, cid=67, seq=0, Watch-ALL_COMMITTED(29), Message:<EMPTY>, reply=RaftClientReply:client-80E16D6CA2ED->35896a73-53a8-4e65-9327-fe2195b86350@group-445DFB4D7286, cid=67, FAILED org.apache.ratis.protocol.NotReplicatedException: Request with call Id 67 and log index 29 is not yet replicated to ALL_COMMITTED, logIndex=29, commits[35896a73-53a8-4e65-9327-fe2195b86350:c2, f90ae9ec-d3b4-4df5-bc2a-3643578826ae:c2, e35642a6-94a5-4a62-8e65-3cae1ee4cc2c:c2]
2019-10-04 20:10:08,567 [Thread-1575] INFO  client.GrpcClientProtocolService (GrpcClientProtocolService.java:lambda$processClientRequest$0(278)) - Failed RaftClientRequest:client-80E16D6CA2ED->35896a73-53a8-4e65-9327-fe2195b86350@group-445DFB4D7286, cid=68, seq=0, Watch-MAJORITY_COMMITTED(29), Message:<EMPTY>, reply=RaftClientReply:client-80E16D6CA2ED->35896a73-53a8-4e65-9327-fe2195b86350@group-445DFB4D7286, cid=68, FAILED org.apache.ratis.protocol.NotReplicatedException: Request with call Id 68 and log index 29 is not yet replicated to MAJORITY_COMMITTED, logIndex=29, commits[35896a73-53a8-4e65-9327-fe2195b86350:c2, f90ae9ec-d3b4-4df5-bc2a-3643578826ae:c2, e35642a6-94a5-4a62-8e65-3cae1ee4cc2c:c2]
2019-10-04 20:10:10,199 [grpc-default-executor-4] WARN  server.GrpcLogAppender (LogUtils.java:warn(134)) - 35896a73-53a8-4e65-9327-fe2195b86350@group-445DFB4D7286->e35642a6-94a5-4a62-8e65-3cae1ee4cc2c-AppendLogResponseHandler: Failed appendEntries: org.apache.ratis.thirdparty.io.grpc.StatusRuntimeException: UNAVAILABLE: io exception
2019-10-04 20:10:10,202 [grpc-default-executor-5] WARN  server.GrpcLogAppender (LogUtils.java:warn(134)) - 35896a73-53a8-4e65-9327-fe2195b86350@group-445DFB4D7286->f90ae9ec-d3b4-4df5-bc2a-3643578826ae-AppendLogResponseHandler: Failed appendEntries: org.apache.ratis.thirdparty.io.grpc.StatusRuntimeException: UNAVAILABLE: io exception
2019-10-04 20:10:10,204 [grpc-default-executor-4] INFO  impl.FollowerInfo (FollowerInfo.java:lambda$new$0(51)) - 35896a73-53a8-4e65-9327-fe2195b86350@group-445DFB4D7286->e35642a6-94a5-4a62-8e65-3cae1ee4cc2c: nextIndex: updateUnconditionally 0 -> 0
2019-10-04 20:10:10,204 [grpc-default-executor-5] INFO  impl.FollowerInfo (FollowerInfo.java:lambda$new$0(51)) - 35896a73-53a8-4e65-9327-fe2195b86350@group-445DFB4D7286->f90ae9ec-d3b4-4df5-bc2a-3643578826ae: nextIndex: updateUnconditionally 0 -> 0
2019-10-04 20:10:12,700 [grpc-default-executor-5] WARN  server.GrpcLogAppender (LogUtils.java:warn(134)) - 35896a73-53a8-4e65-9327-fe2195b86350@group-445DFB4D7286->e35642a6-94a5-4a62-8e65-3cae1ee4cc2c-AppendLogResponseHandler: Failed appendEntries: org.apache.ratis.thirdparty.io.grpc.StatusRuntimeException: UNAVAILABLE: io exception
2019-10-04 20:10:12,700 [grpc-default-executor-2] WARN  server.GrpcLogAppender (LogUtils.java:warn(134)) - 35896a73-53a8-4e65-9327-fe2195b86350@group-445DFB4D7286->f90ae9ec-d3b4-4df5-bc2a-3643578826ae-AppendLogResponseHandler: Failed appendEntries: org.apache.ratis.thirdparty.io.grpc.StatusRuntimeException: UNAVAILABLE: io exception
2019-10-04 20:10:12,700 [grpc-default-executor-5] INFO  impl.FollowerInfo (FollowerInfo.java:lambda$new$0(51)) - 35896a73-53a8-4e65-9327-fe2195b86350@group-445DFB4D7286->e35642a6-94a5-4a62-8e65-3cae1ee4cc2c: nextIndex: updateUnconditionally 0 -> 0
2019-10-04 20:10:12,701 [grpc-default-executor-2] INFO  impl.FollowerInfo (FollowerInfo.java:lambda$new$0(51)) - 35896a73-53a8-4e65-9327-fe2195b86350@group-445DFB4D7286->f90ae9ec-d3b4-4df5-bc2a-3643578826ae: nextIndex: updateUnconditionally 0 -> 0
]]></system-out>
    <system-err><![CDATA[Oct 04, 2019 8:09:27 PM org.apache.ratis.thirdparty.io.grpc.internal.SerializingExecutor run
SEVERE: Exception while executing runnable org.apache.ratis.thirdparty.io.grpc.internal.ServerImpl$JumpToApplicationThreadServerStreamListener$1Closed@158ee3f1
org.apache.ratis.thirdparty.io.grpc.StatusRuntimeException: CANCELLED: call already cancelled
	at org.apache.ratis.thirdparty.io.grpc.Status.asRuntimeException(Status.java:517)
	at org.apache.ratis.thirdparty.io.grpc.stub.ServerCalls$ServerCallStreamObserverImpl.onCompleted(ServerCalls.java:356)
	at org.apache.ratis.grpc.server.GrpcServerProtocolService$ServerRequestStreamObserver.onError(GrpcServerProtocolService.java:121)
	at org.apache.ratis.thirdparty.io.grpc.stub.ServerCalls$StreamingServerCallHandler$StreamingServerCallListener.onCancel(ServerCalls.java:269)
	at org.apache.ratis.thirdparty.io.grpc.internal.ServerCallImpl$ServerStreamListenerImpl.closed(ServerCallImpl.java:293)
	at org.apache.ratis.thirdparty.io.grpc.internal.ServerImpl$JumpToApplicationThreadServerStreamListener$1Closed.runInContext(ServerImpl.java:741)
	at org.apache.ratis.thirdparty.io.grpc.internal.ContextRunnable.run(ContextRunnable.java:37)
	at org.apache.ratis.thirdparty.io.grpc.internal.SerializingExecutor.run(SerializingExecutor.java:123)
	at java.util.concurrent.ThreadPoolExecutor.runWorker(ThreadPoolExecutor.java:1149)
	at java.util.concurrent.ThreadPoolExecutor$Worker.run(ThreadPoolExecutor.java:624)
	at java.lang.Thread.run(Thread.java:748)

Oct 04, 2019 8:09:33 PM org.apache.ratis.thirdparty.io.grpc.internal.SerializingExecutor run
SEVERE: Exception while executing runnable org.apache.ratis.thirdparty.io.grpc.internal.ServerImpl$JumpToApplicationThreadServerStreamListener$1Closed@1af57197
org.apache.ratis.thirdparty.io.grpc.StatusRuntimeException: CANCELLED: call already cancelled
	at org.apache.ratis.thirdparty.io.grpc.Status.asRuntimeException(Status.java:517)
	at org.apache.ratis.thirdparty.io.grpc.stub.ServerCalls$ServerCallStreamObserverImpl.onCompleted(ServerCalls.java:356)
	at org.apache.ratis.grpc.server.GrpcServerProtocolService$ServerRequestStreamObserver.onError(GrpcServerProtocolService.java:121)
	at org.apache.ratis.thirdparty.io.grpc.stub.ServerCalls$StreamingServerCallHandler$StreamingServerCallListener.onCancel(ServerCalls.java:269)
	at org.apache.ratis.thirdparty.io.grpc.internal.ServerCallImpl$ServerStreamListenerImpl.closed(ServerCallImpl.java:293)
	at org.apache.ratis.thirdparty.io.grpc.internal.ServerImpl$JumpToApplicationThreadServerStreamListener$1Closed.runInContext(ServerImpl.java:741)
	at org.apache.ratis.thirdparty.io.grpc.internal.ContextRunnable.run(ContextRunnable.java:37)
	at org.apache.ratis.thirdparty.io.grpc.internal.SerializingExecutor.run(SerializingExecutor.java:123)
	at java.util.concurrent.ThreadPoolExecutor.runWorker(ThreadPoolExecutor.java:1149)
	at java.util.concurrent.ThreadPoolExecutor$Worker.run(ThreadPoolExecutor.java:624)
	at java.lang.Thread.run(Thread.java:748)

]]></system-err>
  </testcase>
  <testcase name="testWatchForCommitForGroupMismatchException" classname="org.apache.hadoop.ozone.client.rpc.TestWatchForCommit" time="33.885"/>
  <testcase name="test2WayCommitForTimeoutException" classname="org.apache.hadoop.ozone.client.rpc.TestWatchForCommit" time="23.864">
    <error type="java.util.concurrent.TimeoutException">java.util.concurrent.TimeoutException
	at java.util.concurrent.CompletableFuture.timedGet(CompletableFuture.java:1771)
	at java.util.concurrent.CompletableFuture.get(CompletableFuture.java:1915)
	at org.apache.hadoop.hdds.scm.XceiverClientRatis.watchForCommit(XceiverClientRatis.java:298)
	at org.apache.hadoop.ozone.client.rpc.TestWatchForCommit.test2WayCommitForTimeoutException(TestWatchForCommit.java:391)
	at sun.reflect.NativeMethodAccessorImpl.invoke0(Native Method)
	at sun.reflect.NativeMethodAccessorImpl.invoke(NativeMethodAccessorImpl.java:62)
	at sun.reflect.DelegatingMethodAccessorImpl.invoke(DelegatingMethodAccessorImpl.java:43)
	at java.lang.reflect.Method.invoke(Method.java:498)
	at org.junit.runners.model.FrameworkMethod$1.runReflectiveCall(FrameworkMethod.java:47)
	at org.junit.internal.runners.model.ReflectiveCallable.run(ReflectiveCallable.java:12)
	at org.junit.runners.model.FrameworkMethod.invokeExplosively(FrameworkMethod.java:44)
	at org.junit.internal.runners.statements.InvokeMethod.evaluate(InvokeMethod.java:17)
	at org.junit.runners.ParentRunner.runLeaf(ParentRunner.java:271)
	at org.junit.runners.BlockJUnit4ClassRunner.runChild(BlockJUnit4ClassRunner.java:70)
	at org.junit.runners.BlockJUnit4ClassRunner.runChild(BlockJUnit4ClassRunner.java:50)
	at org.junit.runners.ParentRunner$3.run(ParentRunner.java:238)
	at org.junit.runners.ParentRunner$1.schedule(ParentRunner.java:63)
	at org.junit.runners.ParentRunner.runChildren(ParentRunner.java:236)
	at org.junit.runners.ParentRunner.access$000(ParentRunner.java:53)
	at org.junit.runners.ParentRunner$2.evaluate(ParentRunner.java:229)
	at org.junit.runners.ParentRunner.run(ParentRunner.java:309)
	at org.apache.maven.surefire.junit4.JUnit4Provider.execute(JUnit4Provider.java:365)
	at org.apache.maven.surefire.junit4.JUnit4Provider.executeWithRerun(JUnit4Provider.java:273)
	at org.apache.maven.surefire.junit4.JUnit4Provider.executeTestSet(JUnit4Provider.java:238)
	at org.apache.maven.surefire.junit4.JUnit4Provider.invoke(JUnit4Provider.java:159)
	at org.apache.maven.surefire.booter.ForkedBooter.invokeProviderInSameClassLoader(ForkedBooter.java:384)
	at org.apache.maven.surefire.booter.ForkedBooter.runSuitesInProcess(ForkedBooter.java:345)
	at org.apache.maven.surefire.booter.ForkedBooter.execute(ForkedBooter.java:126)
	at org.apache.maven.surefire.booter.ForkedBooter.main(ForkedBooter.java:418)
</error>
    <system-out><![CDATA[2019-10-04 20:10:46,995 [main] WARN  server.ServerUtils (ServerUtils.java:getScmDbDir(145)) - ozone.scm.db.dirs is not configured. We recommend adding this setting. Falling back to ozone.metadata.dirs instead.
2019-10-04 20:10:47,017 [main] WARN  server.ServerUtils (ServerUtils.java:getScmDbDir(145)) - ozone.scm.db.dirs is not configured. We recommend adding this setting. Falling back to ozone.metadata.dirs instead.
2019-10-04 20:10:47,017 [main] WARN  server.ServerUtils (ServerUtils.java:getScmDbDir(145)) - ozone.scm.db.dirs is not configured. We recommend adding this setting. Falling back to ozone.metadata.dirs instead.
2019-10-04 20:10:47,018 [main] INFO  db.DBStoreBuilder (DBStoreBuilder.java:addTable(117)) - using custom profile for table: deletedBlocks
2019-10-04 20:10:47,018 [main] INFO  db.DBStoreBuilder (DBStoreBuilder.java:processTables(168)) - Using default column profile:DBProfile.DISK for Table:deletedBlocks
2019-10-04 20:10:47,018 [main] INFO  db.DBStoreBuilder (DBStoreBuilder.java:addTable(117)) - using custom profile for table: validCerts
2019-10-04 20:10:47,018 [main] INFO  db.DBStoreBuilder (DBStoreBuilder.java:processTables(168)) - Using default column profile:DBProfile.DISK for Table:validCerts
2019-10-04 20:10:47,019 [main] INFO  db.DBStoreBuilder (DBStoreBuilder.java:addTable(117)) - using custom profile for table: revokedCerts
2019-10-04 20:10:47,019 [main] INFO  db.DBStoreBuilder (DBStoreBuilder.java:processTables(168)) - Using default column profile:DBProfile.DISK for Table:revokedCerts
2019-10-04 20:10:47,019 [main] INFO  db.DBStoreBuilder (DBStoreBuilder.java:addTable(117)) - using custom profile for table: default
2019-10-04 20:10:47,019 [main] INFO  db.DBStoreBuilder (DBStoreBuilder.java:processTables(174)) - Using default column profile:DBProfile.DISK for Table:default
2019-10-04 20:10:47,019 [main] INFO  db.DBStoreBuilder (DBStoreBuilder.java:getDbProfile(205)) - Using default options. DBProfile.DISK
2019-10-04 20:10:47,298 [main] INFO  net.NodeSchemaLoader (NodeSchemaLoader.java:loadSchemaFromFile(125)) - Loading file from sun.misc.CompoundEnumeration@8c43966
2019-10-04 20:10:47,298 [main] INFO  net.NodeSchemaLoader (NodeSchemaLoader.java:loadSchema(171)) - Loading network topology layer schema file
2019-10-04 20:10:47,302 [main] WARN  server.ServerUtils (ServerUtils.java:sanitizeUserArgs(70)) - ozone.scm.stale.node.interval value = 300000 is larger than max = 100000 based on the key value of ozone.scm.heartbeat.thread.interval, reset to the max value 100000.
2019-10-04 20:10:47,302 [main] WARN  server.ServerUtils (ServerUtils.java:sanitizeUserArgs(70)) - ozone.scm.stale.node.interval value = 300000 is larger than max = 100000 based on the key value of ozone.scm.heartbeat.thread.interval, reset to the max value 100000.
2019-10-04 20:10:47,302 [main] INFO  node.SCMNodeManager (SCMNodeManager.java:<init>(116)) - Entering startup safe mode.
2019-10-04 20:10:47,303 [main] INFO  algorithms.ContainerPlacementPolicyFactory (ContainerPlacementPolicyFactory.java:getPolicy(57)) - Create container placement policy of type org.apache.hadoop.hdds.scm.container.placement.algorithms.SCMContainerPlacementRandom
2019-10-04 20:10:47,303 [main] WARN  server.ServerUtils (ServerUtils.java:getScmDbDir(145)) - ozone.scm.db.dirs is not configured. We recommend adding this setting. Falling back to ozone.metadata.dirs instead.
2019-10-04 20:10:47,441 [main] INFO  pipeline.SCMPipelineManager (SCMPipelineManager.java:initializePipelineState(132)) - No pipeline exists in current db
2019-10-04 20:10:47,441 [main] WARN  server.ServerUtils (ServerUtils.java:getScmDbDir(145)) - ozone.scm.db.dirs is not configured. We recommend adding this setting. Falling back to ozone.metadata.dirs instead.
2019-10-04 20:10:47,569 [main] WARN  events.EventQueue (EventQueue.java:fireEvent(183)) - No event handler registered for event TypedEvent{payloadType=SafeModeStatus, name='SafeModeStatus'}
2019-10-04 20:10:47,570 [main] INFO  ipc.CallQueueManager (CallQueueManager.java:<init>(84)) - Using callQueue: class java.util.concurrent.LinkedBlockingQueue, queueCapacity: 2000, scheduler: class org.apache.hadoop.ipc.DefaultRpcScheduler, ipcBackoff: false.
2019-10-04 20:10:47,571 [Socket Reader #1 for port 44939] INFO  ipc.Server (Server.java:run(1074)) - Starting Socket Reader #1 for port 44939
2019-10-04 20:10:47,574 [main] INFO  ipc.CallQueueManager (CallQueueManager.java:<init>(84)) - Using callQueue: class java.util.concurrent.LinkedBlockingQueue, queueCapacity: 2000, scheduler: class org.apache.hadoop.ipc.DefaultRpcScheduler, ipcBackoff: false.
2019-10-04 20:10:47,575 [Socket Reader #1 for port 45085] INFO  ipc.Server (Server.java:run(1074)) - Starting Socket Reader #1 for port 45085
2019-10-04 20:10:47,577 [main] INFO  ipc.CallQueueManager (CallQueueManager.java:<init>(84)) - Using callQueue: class java.util.concurrent.LinkedBlockingQueue, queueCapacity: 2000, scheduler: class org.apache.hadoop.ipc.DefaultRpcScheduler, ipcBackoff: false.
2019-10-04 20:10:47,577 [Socket Reader #1 for port 37627] INFO  ipc.Server (Server.java:run(1074)) - Starting Socket Reader #1 for port 37627
2019-10-04 20:10:47,581 [main] INFO  hdfs.DFSUtil (DFSUtil.java:httpServerTemplateForNNAndJN(1641)) - Starting Web-server for scm at: http://0.0.0.0:0
2019-10-04 20:10:47,583 [main] INFO  server.AuthenticationFilter (AuthenticationFilter.java:constructSecretProvider(240)) - Unable to initialize FileSignerSecretProvider, falling back to use random secrets.
2019-10-04 20:10:47,584 [main] WARN  http.HttpRequestLog (HttpRequestLog.java:getRequestLog(97)) - Jetty request log can only be enabled using Log4j
2019-10-04 20:10:47,586 [main] INFO  http.HttpServer2 (HttpServer2.java:addGlobalFilter(975)) - Added global filter 'safety' (class=org.apache.hadoop.http.HttpServer2$QuotingInputFilter)
2019-10-04 20:10:47,586 [main] INFO  http.HttpServer2 (HttpServer2.java:addFilter(948)) - Added filter static_user_filter (class=org.apache.hadoop.http.lib.StaticUserWebFilter$StaticUserFilter) to context scm
2019-10-04 20:10:47,587 [main] INFO  http.HttpServer2 (HttpServer2.java:addFilter(958)) - Added filter static_user_filter (class=org.apache.hadoop.http.lib.StaticUserWebFilter$StaticUserFilter) to context logs
2019-10-04 20:10:47,587 [main] INFO  http.HttpServer2 (HttpServer2.java:addFilter(958)) - Added filter static_user_filter (class=org.apache.hadoop.http.lib.StaticUserWebFilter$StaticUserFilter) to context static
2019-10-04 20:10:47,589 [main] INFO  server.StorageContainerManager (StorageContainerManager.java:start(770)) - StorageContainerLocationProtocol RPC server is listening at /0.0.0.0:37627
2019-10-04 20:10:47,591 [main] WARN  impl.MetricsConfig (MetricsConfig.java:loadFirst(134)) - Cannot locate configuration: tried hadoop-metrics2-storagecontainermanager.properties,hadoop-metrics2.properties
2019-10-04 20:10:47,591 [main] INFO  impl.MetricsSystemImpl (MetricsSystemImpl.java:startTimer(374)) - Scheduled Metric snapshot period at 10 second(s).
2019-10-04 20:10:47,592 [main] INFO  impl.MetricsSystemImpl (MetricsSystemImpl.java:start(191)) - StorageContainerManager metrics system started
2019-10-04 20:10:47,711 [grpc-default-executor-2] WARN  server.GrpcLogAppender (LogUtils.java:warn(134)) - 35896a73-53a8-4e65-9327-fe2195b86350@group-445DFB4D7286->f90ae9ec-d3b4-4df5-bc2a-3643578826ae-AppendLogResponseHandler: Failed appendEntries: org.apache.ratis.thirdparty.io.grpc.StatusRuntimeException: UNAVAILABLE: io exception
2019-10-04 20:10:47,711 [grpc-default-executor-7] WARN  server.GrpcLogAppender (LogUtils.java:warn(134)) - 35896a73-53a8-4e65-9327-fe2195b86350@group-445DFB4D7286->e35642a6-94a5-4a62-8e65-3cae1ee4cc2c-AppendLogResponseHandler: Failed appendEntries: org.apache.ratis.thirdparty.io.grpc.StatusRuntimeException: UNAVAILABLE: io exception
2019-10-04 20:10:47,712 [grpc-default-executor-2] INFO  impl.FollowerInfo (FollowerInfo.java:lambda$new$0(51)) - 35896a73-53a8-4e65-9327-fe2195b86350@group-445DFB4D7286->f90ae9ec-d3b4-4df5-bc2a-3643578826ae: nextIndex: updateUnconditionally 0 -> 0
2019-10-04 20:10:47,712 [grpc-default-executor-7] INFO  impl.FollowerInfo (FollowerInfo.java:lambda$new$0(51)) - 35896a73-53a8-4e65-9327-fe2195b86350@group-445DFB4D7286->e35642a6-94a5-4a62-8e65-3cae1ee4cc2c: nextIndex: updateUnconditionally 0 -> 0
2019-10-04 20:10:47,855 [main] WARN  impl.MetricsSystemImpl (MetricsSystemImpl.java:register(276)) - Sink prometheus already exists!
2019-10-04 20:10:48,140 [main] INFO  server.SCMClientProtocolServer (SCMClientProtocolServer.java:start(159)) - RPC server for Client  is listening at /0.0.0.0:37627
2019-10-04 20:10:48,141 [IPC Server Responder] INFO  ipc.Server (Server.java:run(1314)) - IPC Server Responder: starting
2019-10-04 20:10:48,141 [IPC Server listener on 37627] INFO  ipc.Server (Server.java:run(1153)) - IPC Server listener on 37627: starting
2019-10-04 20:10:48,155 [main] INFO  server.StorageContainerManager (StorageContainerManager.java:start(780)) - ScmBlockLocationProtocol RPC server is listening at /0.0.0.0:45085
2019-10-04 20:10:48,156 [main] INFO  server.SCMBlockProtocolServer (SCMBlockProtocolServer.java:start(146)) - RPC server for Block Protocol is listening at /0.0.0.0:45085
2019-10-04 20:10:48,156 [IPC Server Responder] INFO  ipc.Server (Server.java:run(1314)) - IPC Server Responder: starting
2019-10-04 20:10:48,156 [IPC Server listener on 45085] INFO  ipc.Server (Server.java:run(1153)) - IPC Server listener on 45085: starting
2019-10-04 20:10:48,160 [main] INFO  server.StorageContainerManager (StorageContainerManager.java:start(784)) - ScmDatanodeProtocl RPC server is listening at /0.0.0.0:44939
2019-10-04 20:10:48,161 [main] INFO  server.SCMDatanodeProtocolServer (SCMDatanodeProtocolServer.java:start(169)) - RPC server for DataNodes is listening at /0.0.0.0:44939
2019-10-04 20:10:48,161 [IPC Server Responder] INFO  ipc.Server (Server.java:run(1314)) - IPC Server Responder: starting
2019-10-04 20:10:48,161 [IPC Server listener on 44939] INFO  ipc.Server (Server.java:run(1153)) - IPC Server listener on 44939: starting
2019-10-04 20:10:48,168 [main] INFO  http.HttpServer2 (HttpServer2.java:bindListener(1191)) - Jetty bound to port 41773
2019-10-04 20:10:48,168 [main] INFO  server.Server (Server.java:doStart(351)) - jetty-9.3.25.v20180904, build timestamp: 2018-09-04T21:11:46Z, git hash: 3ce520221d0240229c862b122d2b06c12a625732
2019-10-04 20:10:48,169 [main] INFO  handler.ContextHandler (ContextHandler.java:doStart(781)) - Started o.e.j.s.ServletContextHandler@11c88cca{/logs,file:///workdir/hadoop-ozone/integration-test/target/log,AVAILABLE}
2019-10-04 20:10:48,170 [main] INFO  handler.ContextHandler (ContextHandler.java:doStart(781)) - Started o.e.j.s.ServletContextHandler@4a216eb4{/static,file:///workdir/hadoop-ozone/integration-test/target/test-classes/webapps/static,AVAILABLE}
2019-10-04 20:10:48,174 [main] INFO  handler.ContextHandler (ContextHandler.java:doStart(781)) - Started o.e.j.w.WebAppContext@5b1c32e4{/,file:///workdir/hadoop-ozone/integration-test/target/test-classes/webapps/scm/,AVAILABLE}{/scm}
2019-10-04 20:10:48,174 [main] INFO  server.AbstractConnector (AbstractConnector.java:doStart(278)) - Started ServerConnector@2bab618{HTTP/1.1,[http/1.1]}{0.0.0.0:41773}
2019-10-04 20:10:48,177 [main] INFO  server.Server (Server.java:doStart(419)) - Started @201582ms
2019-10-04 20:10:48,177 [main] WARN  impl.MetricsSystemImpl (MetricsSystemImpl.java:register(276)) - Sink prometheus already exists!
2019-10-04 20:10:48,178 [main] INFO  server.BaseHttpServer (BaseHttpServer.java:updateConnectorAddress(215)) - HTTP server of SCM is listening at http://0.0.0.0:41773
2019-10-04 20:10:48,178 [main] WARN  server.ServerUtils (ServerUtils.java:getDBPath(222)) - ozone.om.db.dirs is not configured. We recommend adding this setting. Falling back to ozone.metadata.dirs instead.
2019-10-04 20:10:48,178 [org.apache.hadoop.util.JvmPauseMonitor$Monitor@1eca3ea7] INFO  util.JvmPauseMonitor (JvmPauseMonitor.java:run(188)) - Starting JVM pause monitor
2019-10-04 20:10:48,216 [main] INFO  ha.OMHANodeDetails (OMHANodeDetails.java:loadOMHAConfig(190)) - Configuration either no ozone.om.address set. Falling back to the default OM address /127.0.0.1:0
2019-10-04 20:10:48,216 [main] INFO  ha.OMHANodeDetails (OMHANodeDetails.java:getOMNodeDetails(220)) - OM Service ID is not set. Setting it to the default ID: omServiceIdDefault
2019-10-04 20:10:48,217 [main] WARN  server.ServerUtils (ServerUtils.java:getDBPath(222)) - ozone.om.db.dirs is not configured. We recommend adding this setting. Falling back to ozone.metadata.dirs instead.
2019-10-04 20:10:48,217 [main] WARN  server.ServerUtils (ServerUtils.java:getDBPath(222)) - ozone.om.db.dirs is not configured. We recommend adding this setting. Falling back to ozone.metadata.dirs instead.
2019-10-04 20:10:48,235 [main] WARN  server.ServerUtils (ServerUtils.java:getDBPath(222)) - ozone.om.db.dirs is not configured. We recommend adding this setting. Falling back to ozone.metadata.dirs instead.
2019-10-04 20:10:48,235 [main] INFO  db.DBStoreBuilder (DBStoreBuilder.java:addTable(117)) - using custom profile for table: userTable
2019-10-04 20:10:48,236 [main] INFO  db.DBStoreBuilder (DBStoreBuilder.java:processTables(168)) - Using default column profile:DBProfile.DISK for Table:userTable
2019-10-04 20:10:48,236 [main] INFO  db.DBStoreBuilder (DBStoreBuilder.java:addTable(117)) - using custom profile for table: volumeTable
2019-10-04 20:10:48,236 [main] INFO  db.DBStoreBuilder (DBStoreBuilder.java:processTables(168)) - Using default column profile:DBProfile.DISK for Table:volumeTable
2019-10-04 20:10:48,236 [main] INFO  db.DBStoreBuilder (DBStoreBuilder.java:addTable(117)) - using custom profile for table: bucketTable
2019-10-04 20:10:48,236 [main] INFO  db.DBStoreBuilder (DBStoreBuilder.java:processTables(168)) - Using default column profile:DBProfile.DISK for Table:bucketTable
2019-10-04 20:10:48,237 [main] INFO  db.DBStoreBuilder (DBStoreBuilder.java:addTable(117)) - using custom profile for table: keyTable
2019-10-04 20:10:48,237 [main] INFO  db.DBStoreBuilder (DBStoreBuilder.java:processTables(168)) - Using default column profile:DBProfile.DISK for Table:keyTable
2019-10-04 20:10:48,237 [main] INFO  db.DBStoreBuilder (DBStoreBuilder.java:addTable(117)) - using custom profile for table: deletedTable
2019-10-04 20:10:48,237 [main] INFO  db.DBStoreBuilder (DBStoreBuilder.java:processTables(168)) - Using default column profile:DBProfile.DISK for Table:deletedTable
2019-10-04 20:10:48,237 [main] INFO  db.DBStoreBuilder (DBStoreBuilder.java:addTable(117)) - using custom profile for table: openKeyTable
2019-10-04 20:10:48,237 [main] INFO  db.DBStoreBuilder (DBStoreBuilder.java:processTables(168)) - Using default column profile:DBProfile.DISK for Table:openKeyTable
2019-10-04 20:10:48,237 [main] INFO  db.DBStoreBuilder (DBStoreBuilder.java:addTable(117)) - using custom profile for table: s3Table
2019-10-04 20:10:48,238 [main] INFO  db.DBStoreBuilder (DBStoreBuilder.java:processTables(168)) - Using default column profile:DBProfile.DISK for Table:s3Table
2019-10-04 20:10:48,238 [main] INFO  db.DBStoreBuilder (DBStoreBuilder.java:addTable(117)) - using custom profile for table: multipartInfoTable
2019-10-04 20:10:48,238 [main] INFO  db.DBStoreBuilder (DBStoreBuilder.java:processTables(168)) - Using default column profile:DBProfile.DISK for Table:multipartInfoTable
2019-10-04 20:10:48,238 [main] INFO  db.DBStoreBuilder (DBStoreBuilder.java:addTable(117)) - using custom profile for table: dTokenTable
2019-10-04 20:10:48,238 [main] INFO  db.DBStoreBuilder (DBStoreBuilder.java:processTables(168)) - Using default column profile:DBProfile.DISK for Table:dTokenTable
2019-10-04 20:10:48,238 [main] INFO  db.DBStoreBuilder (DBStoreBuilder.java:addTable(117)) - using custom profile for table: s3SecretTable
2019-10-04 20:10:48,239 [main] INFO  db.DBStoreBuilder (DBStoreBuilder.java:processTables(168)) - Using default column profile:DBProfile.DISK for Table:s3SecretTable
2019-10-04 20:10:48,239 [main] INFO  db.DBStoreBuilder (DBStoreBuilder.java:addTable(117)) - using custom profile for table: prefixTable
2019-10-04 20:10:48,239 [main] INFO  db.DBStoreBuilder (DBStoreBuilder.java:processTables(168)) - Using default column profile:DBProfile.DISK for Table:prefixTable
2019-10-04 20:10:48,239 [main] INFO  db.DBStoreBuilder (DBStoreBuilder.java:addTable(117)) - using custom profile for table: default
2019-10-04 20:10:48,239 [main] INFO  db.DBStoreBuilder (DBStoreBuilder.java:processTables(174)) - Using default column profile:DBProfile.DISK for Table:default
2019-10-04 20:10:48,239 [main] INFO  db.DBStoreBuilder (DBStoreBuilder.java:getDbProfile(205)) - Using default options. DBProfile.DISK
2019-10-04 20:10:49,034 [main] INFO  ipc.CallQueueManager (CallQueueManager.java:<init>(84)) - Using callQueue: class java.util.concurrent.LinkedBlockingQueue, queueCapacity: 2000, scheduler: class org.apache.hadoop.ipc.DefaultRpcScheduler, ipcBackoff: false.
2019-10-04 20:10:49,035 [Socket Reader #1 for port 40314] INFO  ipc.Server (Server.java:run(1074)) - Starting Socket Reader #1 for port 40314
2019-10-04 20:10:49,051 [main] INFO  om.OzoneManager (OzoneManager.java:start(1069)) - OzoneManager RPC server is listening at localhost/127.0.0.1:40314
2019-10-04 20:10:49,051 [main] INFO  impl.MetricsSystemImpl (MetricsSystemImpl.java:init(158)) - OzoneManager metrics system started (again)
2019-10-04 20:10:49,055 [IPC Server Responder] INFO  ipc.Server (Server.java:run(1314)) - IPC Server Responder: starting
2019-10-04 20:10:49,057 [IPC Server listener on 40314] INFO  ipc.Server (Server.java:run(1153)) - IPC Server listener on 40314: starting
2019-10-04 20:10:49,063 [main] INFO  hdfs.DFSUtil (DFSUtil.java:httpServerTemplateForNNAndJN(1641)) - Starting Web-server for ozoneManager at: http://0.0.0.0:0
2019-10-04 20:10:49,064 [main] INFO  server.AuthenticationFilter (AuthenticationFilter.java:constructSecretProvider(240)) - Unable to initialize FileSignerSecretProvider, falling back to use random secrets.
2019-10-04 20:10:49,065 [main] WARN  http.HttpRequestLog (HttpRequestLog.java:getRequestLog(97)) - Jetty request log can only be enabled using Log4j
2019-10-04 20:10:49,066 [main] INFO  http.HttpServer2 (HttpServer2.java:addGlobalFilter(975)) - Added global filter 'safety' (class=org.apache.hadoop.http.HttpServer2$QuotingInputFilter)
2019-10-04 20:10:49,067 [main] INFO  http.HttpServer2 (HttpServer2.java:addFilter(948)) - Added filter static_user_filter (class=org.apache.hadoop.http.lib.StaticUserWebFilter$StaticUserFilter) to context ozoneManager
2019-10-04 20:10:49,067 [main] INFO  http.HttpServer2 (HttpServer2.java:addFilter(958)) - Added filter static_user_filter (class=org.apache.hadoop.http.lib.StaticUserWebFilter$StaticUserFilter) to context static
2019-10-04 20:10:49,067 [main] INFO  http.HttpServer2 (HttpServer2.java:addFilter(958)) - Added filter static_user_filter (class=org.apache.hadoop.http.lib.StaticUserWebFilter$StaticUserFilter) to context logs
2019-10-04 20:10:49,068 [main] INFO  http.HttpServer2 (HttpServer2.java:bindListener(1191)) - Jetty bound to port 34420
2019-10-04 20:10:49,068 [main] INFO  server.Server (Server.java:doStart(351)) - jetty-9.3.25.v20180904, build timestamp: 2018-09-04T21:11:46Z, git hash: 3ce520221d0240229c862b122d2b06c12a625732
2019-10-04 20:10:49,069 [main] INFO  handler.ContextHandler (ContextHandler.java:doStart(781)) - Started o.e.j.s.ServletContextHandler@6ddd1c51{/logs,file:///workdir/hadoop-ozone/integration-test/target/log,AVAILABLE}
2019-10-04 20:10:49,069 [main] INFO  handler.ContextHandler (ContextHandler.java:doStart(781)) - Started o.e.j.s.ServletContextHandler@15605d83{/static,file:///workdir/hadoop-ozone/integration-test/target/test-classes/webapps/static,AVAILABLE}
2019-10-04 20:10:49,073 [main] INFO  handler.ContextHandler (ContextHandler.java:doStart(781)) - Started o.e.j.w.WebAppContext@6d0e45a5{/,file:///workdir/hadoop-ozone/integration-test/target/test-classes/webapps/ozoneManager/,AVAILABLE}{/ozoneManager}
2019-10-04 20:10:49,073 [main] INFO  server.AbstractConnector (AbstractConnector.java:doStart(278)) - Started ServerConnector@7e7740a5{HTTP/1.1,[http/1.1]}{0.0.0.0:34420}
2019-10-04 20:10:49,075 [main] INFO  server.Server (Server.java:doStart(419)) - Started @202480ms
2019-10-04 20:10:49,075 [main] WARN  impl.MetricsSystemImpl (MetricsSystemImpl.java:register(276)) - Sink prometheus already exists!
2019-10-04 20:10:49,075 [main] INFO  server.BaseHttpServer (BaseHttpServer.java:updateConnectorAddress(215)) - HTTP server of OZONEMANAGER is listening at http://0.0.0.0:34420
2019-10-04 20:10:49,088 [main] INFO  impl.MetricsSystemImpl (MetricsSystemImpl.java:init(158)) - HddsDatanode metrics system started (again)
2019-10-04 20:10:49,105 [main] INFO  ozone.HddsDatanodeService (HddsDatanodeService.java:start(184)) - HddsDatanodeService host:pr-hdds-2239-ctfdh-543981580 ip:192.168.30.33
2019-10-04 20:10:49,115 [main] INFO  volume.HddsVolume (HddsVolume.java:<init>(176)) - Creating Volume: /workdir/hadoop-ozone/integration-test/target/test-dir/MiniOzoneClusterImpl-390a7ef6-be58-4e63-a9d8-0723f2b752f8/datanode-0/data/containers/hdds of  storage type : DISK and capacity : 1482555576320
2019-10-04 20:10:49,115 [main] INFO  volume.VolumeSet (VolumeSet.java:initializeVolumeSet(170)) - Added Volume : /workdir/hadoop-ozone/integration-test/target/test-dir/MiniOzoneClusterImpl-390a7ef6-be58-4e63-a9d8-0723f2b752f8/datanode-0/data/containers/hdds to VolumeSet
2019-10-04 20:10:49,115 [main] INFO  volume.ThrottledAsyncChecker (ThrottledAsyncChecker.java:schedule(139)) - Scheduling a check for org.apache.hadoop.ozone.container.common.volume.HddsVolume@6de7778f
2019-10-04 20:10:49,116 [main] INFO  volume.HddsVolumeChecker (HddsVolumeChecker.java:checkAllVolumes(202)) - Scheduled health check for volume org.apache.hadoop.ozone.container.common.volume.HddsVolume@6de7778f
2019-10-04 20:10:49,130 [main] INFO  impl.RaftServerProxy (ConfUtils.java:logGet(43)) - raft.rpc.type = GRPC (default)
2019-10-04 20:10:49,130 [main] INFO  grpc.GrpcFactory (GrpcFactory.java:checkPooledByteBufAllocatorUseCacheForAllThreads(45)) - PERFORMANCE WARNING: useCacheForAllThreads is true that may cause Netty to create a lot garbage objects and, as a result, trigger GC.
	It is recommended to disable useCacheForAllThreads by setting -Dorg.apache.ratis.thirdparty.io.netty.allocator.useCacheForAllThreads=false in command line.
2019-10-04 20:10:49,131 [main] INFO  grpc.GrpcConfigKeys$Server (ConfUtils.java:logGet(43)) - raft.grpc.server.port = 0 (default)
2019-10-04 20:10:49,131 [main] INFO  server.GrpcService (ConfUtils.java:logGet(43)) - raft.grpc.message.size.max = 33570816 (custom)
2019-10-04 20:10:49,131 [main] INFO  server.RaftServerConfigKeys (ConfUtils.java:logGet(43)) - raft.server.log.appender.buffer.byte-limit = 33554432 (custom)
2019-10-04 20:10:49,131 [main] INFO  server.GrpcService (ConfUtils.java:logGet(43)) - raft.grpc.flow.control.window = 1MB (=1048576) (default)
2019-10-04 20:10:49,131 [main] INFO  server.RaftServerConfigKeys (ConfUtils.java:logGet(43)) - raft.server.rpc.request.timeout = 3000ms (default)
2019-10-04 20:10:49,132 [main] INFO  server.RaftServerConfigKeys (ConfUtils.java:logGet(43)) - raft.server.storage.dir = [/workdir/hadoop-ozone/integration-test/target/test-dir/MiniOzoneClusterImpl-390a7ef6-be58-4e63-a9d8-0723f2b752f8/datanode-0/data/ratis] (custom)
2019-10-04 20:10:49,133 [main] INFO  hdfs.DFSUtil (DFSUtil.java:httpServerTemplateForNNAndJN(1641)) - Starting Web-server for hddsDatanode at: http://0.0.0.0:0
2019-10-04 20:10:49,134 [main] INFO  server.AuthenticationFilter (AuthenticationFilter.java:constructSecretProvider(240)) - Unable to initialize FileSignerSecretProvider, falling back to use random secrets.
2019-10-04 20:10:49,135 [main] WARN  http.HttpRequestLog (HttpRequestLog.java:getRequestLog(97)) - Jetty request log can only be enabled using Log4j
2019-10-04 20:10:49,136 [main] INFO  http.HttpServer2 (HttpServer2.java:addGlobalFilter(975)) - Added global filter 'safety' (class=org.apache.hadoop.http.HttpServer2$QuotingInputFilter)
2019-10-04 20:10:49,136 [main] INFO  http.HttpServer2 (HttpServer2.java:addFilter(948)) - Added filter static_user_filter (class=org.apache.hadoop.http.lib.StaticUserWebFilter$StaticUserFilter) to context hddsDatanode
2019-10-04 20:10:49,136 [main] INFO  http.HttpServer2 (HttpServer2.java:addFilter(958)) - Added filter static_user_filter (class=org.apache.hadoop.http.lib.StaticUserWebFilter$StaticUserFilter) to context static
2019-10-04 20:10:49,136 [main] INFO  http.HttpServer2 (HttpServer2.java:addFilter(958)) - Added filter static_user_filter (class=org.apache.hadoop.http.lib.StaticUserWebFilter$StaticUserFilter) to context logs
2019-10-04 20:10:49,137 [main] INFO  http.HttpServer2 (HttpServer2.java:bindListener(1191)) - Jetty bound to port 37507
2019-10-04 20:10:49,137 [main] INFO  server.Server (Server.java:doStart(351)) - jetty-9.3.25.v20180904, build timestamp: 2018-09-04T21:11:46Z, git hash: 3ce520221d0240229c862b122d2b06c12a625732
2019-10-04 20:10:49,139 [main] INFO  handler.ContextHandler (ContextHandler.java:doStart(781)) - Started o.e.j.s.ServletContextHandler@3dfd6220{/logs,file:///workdir/hadoop-ozone/integration-test/target/log,AVAILABLE}
2019-10-04 20:10:49,139 [main] INFO  handler.ContextHandler (ContextHandler.java:doStart(781)) - Started o.e.j.s.ServletContextHandler@6de43bc1{/static,jar:file:/home/user/.m2/repository/org/apache/hadoop/hadoop-hdds-container-service/0.5.0-SNAPSHOT/hadoop-hdds-container-service-0.5.0-SNAPSHOT.jar!/webapps/static,AVAILABLE}
2019-10-04 20:10:49,178 [main] INFO  handler.ContextHandler (ContextHandler.java:doStart(781)) - Started o.e.j.w.WebAppContext@5a592c70{/,file:///tmp/jetty-0.0.0.0-37507-hddsDatanode-_-any-4899809479757350694.dir/webapp/,AVAILABLE}{/hddsDatanode}
2019-10-04 20:10:49,178 [main] INFO  server.AbstractConnector (AbstractConnector.java:doStart(278)) - Started ServerConnector@252ec02e{HTTP/1.1,[http/1.1]}{0.0.0.0:37507}
2019-10-04 20:10:49,182 [main] INFO  server.Server (Server.java:doStart(419)) - Started @202588ms
2019-10-04 20:10:49,183 [main] WARN  impl.MetricsSystemImpl (MetricsSystemImpl.java:register(276)) - Sink prometheus already exists!
2019-10-04 20:10:49,184 [main] INFO  server.BaseHttpServer (BaseHttpServer.java:updateConnectorAddress(215)) - HTTP server of HDDSDATANODE is listening at http://0.0.0.0:37507
2019-10-04 20:10:49,184 [main] INFO  impl.MetricsSystemImpl (MetricsSystemImpl.java:init(158)) - HddsDatanode metrics system started (again)
2019-10-04 20:10:49,200 [org.apache.hadoop.util.JvmPauseMonitor$Monitor@1ae6c946] INFO  util.JvmPauseMonitor (JvmPauseMonitor.java:run(188)) - Starting JVM pause monitor
2019-10-04 20:10:49,202 [main] INFO  ozone.HddsDatanodeService (HddsDatanodeService.java:start(184)) - HddsDatanodeService host:pr-hdds-2239-ctfdh-543981580 ip:192.168.30.33
2019-10-04 20:10:49,202 [Datanode State Machine Thread - 0] INFO  datanode.InitDatanodeState (InitDatanodeState.java:persistContainerDatanodeDetails(140)) - DatanodeDetails is persisted to /workdir/hadoop-ozone/integration-test/target/test-dir/MiniOzoneClusterImpl-390a7ef6-be58-4e63-a9d8-0723f2b752f8/datanode-0/meta/datanode.id
2019-10-04 20:10:49,212 [main] INFO  volume.HddsVolume (HddsVolume.java:<init>(176)) - Creating Volume: /workdir/hadoop-ozone/integration-test/target/test-dir/MiniOzoneClusterImpl-390a7ef6-be58-4e63-a9d8-0723f2b752f8/datanode-1/data/containers/hdds of  storage type : DISK and capacity : 1482555576320
2019-10-04 20:10:49,212 [main] INFO  volume.VolumeSet (VolumeSet.java:initializeVolumeSet(170)) - Added Volume : /workdir/hadoop-ozone/integration-test/target/test-dir/MiniOzoneClusterImpl-390a7ef6-be58-4e63-a9d8-0723f2b752f8/datanode-1/data/containers/hdds to VolumeSet
2019-10-04 20:10:49,212 [main] INFO  volume.ThrottledAsyncChecker (ThrottledAsyncChecker.java:schedule(139)) - Scheduling a check for org.apache.hadoop.ozone.container.common.volume.HddsVolume@bbb6f0
2019-10-04 20:10:49,213 [main] INFO  volume.HddsVolumeChecker (HddsVolumeChecker.java:checkAllVolumes(202)) - Scheduled health check for volume org.apache.hadoop.ozone.container.common.volume.HddsVolume@bbb6f0
2019-10-04 20:10:49,230 [main] INFO  impl.RaftServerProxy (ConfUtils.java:logGet(43)) - raft.rpc.type = GRPC (default)
2019-10-04 20:10:49,231 [main] INFO  grpc.GrpcFactory (GrpcFactory.java:checkPooledByteBufAllocatorUseCacheForAllThreads(45)) - PERFORMANCE WARNING: useCacheForAllThreads is true that may cause Netty to create a lot garbage objects and, as a result, trigger GC.
	It is recommended to disable useCacheForAllThreads by setting -Dorg.apache.ratis.thirdparty.io.netty.allocator.useCacheForAllThreads=false in command line.
2019-10-04 20:10:49,231 [main] INFO  grpc.GrpcConfigKeys$Server (ConfUtils.java:logGet(43)) - raft.grpc.server.port = 0 (default)
2019-10-04 20:10:49,231 [main] INFO  server.GrpcService (ConfUtils.java:logGet(43)) - raft.grpc.message.size.max = 33570816 (custom)
2019-10-04 20:10:49,231 [main] INFO  server.RaftServerConfigKeys (ConfUtils.java:logGet(43)) - raft.server.log.appender.buffer.byte-limit = 33554432 (custom)
2019-10-04 20:10:49,231 [main] INFO  server.GrpcService (ConfUtils.java:logGet(43)) - raft.grpc.flow.control.window = 1MB (=1048576) (default)
2019-10-04 20:10:49,232 [main] INFO  server.RaftServerConfigKeys (ConfUtils.java:logGet(43)) - raft.server.rpc.request.timeout = 3000ms (default)
2019-10-04 20:10:49,232 [main] INFO  server.RaftServerConfigKeys (ConfUtils.java:logGet(43)) - raft.server.storage.dir = [/workdir/hadoop-ozone/integration-test/target/test-dir/MiniOzoneClusterImpl-390a7ef6-be58-4e63-a9d8-0723f2b752f8/datanode-1/data/ratis] (custom)
2019-10-04 20:10:49,233 [main] INFO  hdfs.DFSUtil (DFSUtil.java:httpServerTemplateForNNAndJN(1641)) - Starting Web-server for hddsDatanode at: http://0.0.0.0:0
2019-10-04 20:10:49,234 [main] INFO  server.AuthenticationFilter (AuthenticationFilter.java:constructSecretProvider(240)) - Unable to initialize FileSignerSecretProvider, falling back to use random secrets.
2019-10-04 20:10:49,236 [main] WARN  http.HttpRequestLog (HttpRequestLog.java:getRequestLog(97)) - Jetty request log can only be enabled using Log4j
2019-10-04 20:10:49,237 [main] INFO  http.HttpServer2 (HttpServer2.java:addGlobalFilter(975)) - Added global filter 'safety' (class=org.apache.hadoop.http.HttpServer2$QuotingInputFilter)
2019-10-04 20:10:49,238 [main] INFO  http.HttpServer2 (HttpServer2.java:addFilter(948)) - Added filter static_user_filter (class=org.apache.hadoop.http.lib.StaticUserWebFilter$StaticUserFilter) to context hddsDatanode
2019-10-04 20:10:49,238 [main] INFO  http.HttpServer2 (HttpServer2.java:addFilter(958)) - Added filter static_user_filter (class=org.apache.hadoop.http.lib.StaticUserWebFilter$StaticUserFilter) to context logs
2019-10-04 20:10:49,238 [main] INFO  http.HttpServer2 (HttpServer2.java:addFilter(958)) - Added filter static_user_filter (class=org.apache.hadoop.http.lib.StaticUserWebFilter$StaticUserFilter) to context static
2019-10-04 20:10:49,239 [main] INFO  http.HttpServer2 (HttpServer2.java:bindListener(1191)) - Jetty bound to port 46603
2019-10-04 20:10:49,239 [main] INFO  server.Server (Server.java:doStart(351)) - jetty-9.3.25.v20180904, build timestamp: 2018-09-04T21:11:46Z, git hash: 3ce520221d0240229c862b122d2b06c12a625732
2019-10-04 20:10:49,240 [main] INFO  handler.ContextHandler (ContextHandler.java:doStart(781)) - Started o.e.j.s.ServletContextHandler@6314df3c{/logs,file:///workdir/hadoop-ozone/integration-test/target/log,AVAILABLE}
2019-10-04 20:10:49,241 [main] INFO  handler.ContextHandler (ContextHandler.java:doStart(781)) - Started o.e.j.s.ServletContextHandler@10b8b900{/static,jar:file:/home/user/.m2/repository/org/apache/hadoop/hadoop-hdds-container-service/0.5.0-SNAPSHOT/hadoop-hdds-container-service-0.5.0-SNAPSHOT.jar!/webapps/static,AVAILABLE}
2019-10-04 20:10:49,280 [main] INFO  handler.ContextHandler (ContextHandler.java:doStart(781)) - Started o.e.j.w.WebAppContext@476fde05{/,file:///tmp/jetty-0.0.0.0-46603-hddsDatanode-_-any-229818544141714811.dir/webapp/,AVAILABLE}{/hddsDatanode}
2019-10-04 20:10:49,281 [main] INFO  server.AbstractConnector (AbstractConnector.java:doStart(278)) - Started ServerConnector@5111de7c{HTTP/1.1,[http/1.1]}{0.0.0.0:46603}
2019-10-04 20:10:49,285 [main] INFO  server.Server (Server.java:doStart(419)) - Started @202691ms
2019-10-04 20:10:49,286 [main] WARN  impl.MetricsSystemImpl (MetricsSystemImpl.java:register(276)) - Sink prometheus already exists!
2019-10-04 20:10:49,287 [main] INFO  server.BaseHttpServer (BaseHttpServer.java:updateConnectorAddress(215)) - HTTP server of HDDSDATANODE is listening at http://0.0.0.0:46603
2019-10-04 20:10:49,287 [main] INFO  impl.MetricsSystemImpl (MetricsSystemImpl.java:init(158)) - HddsDatanode metrics system started (again)
2019-10-04 20:10:49,307 [org.apache.hadoop.util.JvmPauseMonitor$Monitor@2ec78131] INFO  util.JvmPauseMonitor (JvmPauseMonitor.java:run(188)) - Starting JVM pause monitor
2019-10-04 20:10:49,314 [Datanode State Machine Thread - 0] INFO  datanode.InitDatanodeState (InitDatanodeState.java:persistContainerDatanodeDetails(140)) - DatanodeDetails is persisted to /workdir/hadoop-ozone/integration-test/target/test-dir/MiniOzoneClusterImpl-390a7ef6-be58-4e63-a9d8-0723f2b752f8/datanode-1/meta/datanode.id
2019-10-04 20:10:49,315 [main] INFO  ozone.HddsDatanodeService (HddsDatanodeService.java:start(184)) - HddsDatanodeService host:pr-hdds-2239-ctfdh-543981580 ip:192.168.30.33
2019-10-04 20:10:49,324 [main] INFO  volume.HddsVolume (HddsVolume.java:<init>(176)) - Creating Volume: /workdir/hadoop-ozone/integration-test/target/test-dir/MiniOzoneClusterImpl-390a7ef6-be58-4e63-a9d8-0723f2b752f8/datanode-2/data/containers/hdds of  storage type : DISK and capacity : 1482555576320
2019-10-04 20:10:49,324 [main] INFO  volume.VolumeSet (VolumeSet.java:initializeVolumeSet(170)) - Added Volume : /workdir/hadoop-ozone/integration-test/target/test-dir/MiniOzoneClusterImpl-390a7ef6-be58-4e63-a9d8-0723f2b752f8/datanode-2/data/containers/hdds to VolumeSet
2019-10-04 20:10:49,324 [main] INFO  volume.ThrottledAsyncChecker (ThrottledAsyncChecker.java:schedule(139)) - Scheduling a check for org.apache.hadoop.ozone.container.common.volume.HddsVolume@14f060b8
2019-10-04 20:10:49,325 [main] INFO  volume.HddsVolumeChecker (HddsVolumeChecker.java:checkAllVolumes(202)) - Scheduled health check for volume org.apache.hadoop.ozone.container.common.volume.HddsVolume@14f060b8
2019-10-04 20:10:49,339 [main] INFO  impl.RaftServerProxy (ConfUtils.java:logGet(43)) - raft.rpc.type = GRPC (default)
2019-10-04 20:10:49,339 [main] INFO  grpc.GrpcFactory (GrpcFactory.java:checkPooledByteBufAllocatorUseCacheForAllThreads(45)) - PERFORMANCE WARNING: useCacheForAllThreads is true that may cause Netty to create a lot garbage objects and, as a result, trigger GC.
	It is recommended to disable useCacheForAllThreads by setting -Dorg.apache.ratis.thirdparty.io.netty.allocator.useCacheForAllThreads=false in command line.
2019-10-04 20:10:49,340 [main] INFO  grpc.GrpcConfigKeys$Server (ConfUtils.java:logGet(43)) - raft.grpc.server.port = 0 (default)
2019-10-04 20:10:49,340 [main] INFO  server.GrpcService (ConfUtils.java:logGet(43)) - raft.grpc.message.size.max = 33570816 (custom)
2019-10-04 20:10:49,340 [main] INFO  server.RaftServerConfigKeys (ConfUtils.java:logGet(43)) - raft.server.log.appender.buffer.byte-limit = 33554432 (custom)
2019-10-04 20:10:49,340 [main] INFO  server.GrpcService (ConfUtils.java:logGet(43)) - raft.grpc.flow.control.window = 1MB (=1048576) (default)
2019-10-04 20:10:49,340 [main] INFO  server.RaftServerConfigKeys (ConfUtils.java:logGet(43)) - raft.server.rpc.request.timeout = 3000ms (default)
2019-10-04 20:10:49,341 [main] INFO  server.RaftServerConfigKeys (ConfUtils.java:logGet(43)) - raft.server.storage.dir = [/workdir/hadoop-ozone/integration-test/target/test-dir/MiniOzoneClusterImpl-390a7ef6-be58-4e63-a9d8-0723f2b752f8/datanode-2/data/ratis] (custom)
2019-10-04 20:10:49,342 [main] INFO  hdfs.DFSUtil (DFSUtil.java:httpServerTemplateForNNAndJN(1641)) - Starting Web-server for hddsDatanode at: http://0.0.0.0:0
2019-10-04 20:10:49,344 [main] INFO  server.AuthenticationFilter (AuthenticationFilter.java:constructSecretProvider(240)) - Unable to initialize FileSignerSecretProvider, falling back to use random secrets.
2019-10-04 20:10:49,345 [main] WARN  http.HttpRequestLog (HttpRequestLog.java:getRequestLog(97)) - Jetty request log can only be enabled using Log4j
2019-10-04 20:10:49,347 [main] INFO  http.HttpServer2 (HttpServer2.java:addGlobalFilter(975)) - Added global filter 'safety' (class=org.apache.hadoop.http.HttpServer2$QuotingInputFilter)
2019-10-04 20:10:49,348 [main] INFO  http.HttpServer2 (HttpServer2.java:addFilter(948)) - Added filter static_user_filter (class=org.apache.hadoop.http.lib.StaticUserWebFilter$StaticUserFilter) to context hddsDatanode
2019-10-04 20:10:49,348 [main] INFO  http.HttpServer2 (HttpServer2.java:addFilter(958)) - Added filter static_user_filter (class=org.apache.hadoop.http.lib.StaticUserWebFilter$StaticUserFilter) to context logs
2019-10-04 20:10:49,348 [main] INFO  http.HttpServer2 (HttpServer2.java:addFilter(958)) - Added filter static_user_filter (class=org.apache.hadoop.http.lib.StaticUserWebFilter$StaticUserFilter) to context static
2019-10-04 20:10:49,349 [main] INFO  http.HttpServer2 (HttpServer2.java:bindListener(1191)) - Jetty bound to port 37282
2019-10-04 20:10:49,350 [main] INFO  server.Server (Server.java:doStart(351)) - jetty-9.3.25.v20180904, build timestamp: 2018-09-04T21:11:46Z, git hash: 3ce520221d0240229c862b122d2b06c12a625732
2019-10-04 20:10:49,352 [main] INFO  handler.ContextHandler (ContextHandler.java:doStart(781)) - Started o.e.j.s.ServletContextHandler@7e3d2ebd{/logs,file:///workdir/hadoop-ozone/integration-test/target/log,AVAILABLE}
2019-10-04 20:10:49,352 [main] INFO  handler.ContextHandler (ContextHandler.java:doStart(781)) - Started o.e.j.s.ServletContextHandler@3a4a5f3c{/static,jar:file:/home/user/.m2/repository/org/apache/hadoop/hadoop-hdds-container-service/0.5.0-SNAPSHOT/hadoop-hdds-container-service-0.5.0-SNAPSHOT.jar!/webapps/static,AVAILABLE}
2019-10-04 20:10:49,397 [main] INFO  handler.ContextHandler (ContextHandler.java:doStart(781)) - Started o.e.j.w.WebAppContext@353c6da1{/,file:///tmp/jetty-0.0.0.0-37282-hddsDatanode-_-any-4897079981645721797.dir/webapp/,AVAILABLE}{/hddsDatanode}
2019-10-04 20:10:49,397 [main] INFO  server.AbstractConnector (AbstractConnector.java:doStart(278)) - Started ServerConnector@36c07c75{HTTP/1.1,[http/1.1]}{0.0.0.0:37282}
2019-10-04 20:10:49,402 [main] INFO  server.Server (Server.java:doStart(419)) - Started @202807ms
2019-10-04 20:10:49,402 [main] WARN  impl.MetricsSystemImpl (MetricsSystemImpl.java:register(276)) - Sink prometheus already exists!
2019-10-04 20:10:49,403 [main] INFO  server.BaseHttpServer (BaseHttpServer.java:updateConnectorAddress(215)) - HTTP server of HDDSDATANODE is listening at http://0.0.0.0:37282
2019-10-04 20:10:49,404 [main] INFO  impl.MetricsSystemImpl (MetricsSystemImpl.java:init(158)) - HddsDatanode metrics system started (again)
2019-10-04 20:10:49,424 [org.apache.hadoop.util.JvmPauseMonitor$Monitor@25303c22] INFO  util.JvmPauseMonitor (JvmPauseMonitor.java:run(188)) - Starting JVM pause monitor
2019-10-04 20:10:49,425 [Datanode State Machine Thread - 0] INFO  datanode.InitDatanodeState (InitDatanodeState.java:persistContainerDatanodeDetails(140)) - DatanodeDetails is persisted to /workdir/hadoop-ozone/integration-test/target/test-dir/MiniOzoneClusterImpl-390a7ef6-be58-4e63-a9d8-0723f2b752f8/datanode-2/meta/datanode.id
2019-10-04 20:10:49,426 [main] INFO  ozone.HddsDatanodeService (HddsDatanodeService.java:start(184)) - HddsDatanodeService host:pr-hdds-2239-ctfdh-543981580 ip:192.168.30.33
2019-10-04 20:10:49,437 [main] INFO  volume.HddsVolume (HddsVolume.java:<init>(176)) - Creating Volume: /workdir/hadoop-ozone/integration-test/target/test-dir/MiniOzoneClusterImpl-390a7ef6-be58-4e63-a9d8-0723f2b752f8/datanode-3/data/containers/hdds of  storage type : DISK and capacity : 1482555576320
2019-10-04 20:10:49,437 [main] INFO  volume.VolumeSet (VolumeSet.java:initializeVolumeSet(170)) - Added Volume : /workdir/hadoop-ozone/integration-test/target/test-dir/MiniOzoneClusterImpl-390a7ef6-be58-4e63-a9d8-0723f2b752f8/datanode-3/data/containers/hdds to VolumeSet
2019-10-04 20:10:49,438 [main] INFO  volume.ThrottledAsyncChecker (ThrottledAsyncChecker.java:schedule(139)) - Scheduling a check for org.apache.hadoop.ozone.container.common.volume.HddsVolume@6b4a4e40
2019-10-04 20:10:49,438 [main] INFO  volume.HddsVolumeChecker (HddsVolumeChecker.java:checkAllVolumes(202)) - Scheduled health check for volume org.apache.hadoop.ozone.container.common.volume.HddsVolume@6b4a4e40
2019-10-04 20:10:49,458 [main] INFO  impl.RaftServerProxy (ConfUtils.java:logGet(43)) - raft.rpc.type = GRPC (default)
2019-10-04 20:10:49,458 [main] INFO  grpc.GrpcFactory (GrpcFactory.java:checkPooledByteBufAllocatorUseCacheForAllThreads(45)) - PERFORMANCE WARNING: useCacheForAllThreads is true that may cause Netty to create a lot garbage objects and, as a result, trigger GC.
	It is recommended to disable useCacheForAllThreads by setting -Dorg.apache.ratis.thirdparty.io.netty.allocator.useCacheForAllThreads=false in command line.
2019-10-04 20:10:49,458 [main] INFO  grpc.GrpcConfigKeys$Server (ConfUtils.java:logGet(43)) - raft.grpc.server.port = 0 (default)
2019-10-04 20:10:49,459 [main] INFO  server.GrpcService (ConfUtils.java:logGet(43)) - raft.grpc.message.size.max = 33570816 (custom)
2019-10-04 20:10:49,459 [main] INFO  server.RaftServerConfigKeys (ConfUtils.java:logGet(43)) - raft.server.log.appender.buffer.byte-limit = 33554432 (custom)
2019-10-04 20:10:49,459 [main] INFO  server.GrpcService (ConfUtils.java:logGet(43)) - raft.grpc.flow.control.window = 1MB (=1048576) (default)
2019-10-04 20:10:49,459 [main] INFO  server.RaftServerConfigKeys (ConfUtils.java:logGet(43)) - raft.server.rpc.request.timeout = 3000ms (default)
2019-10-04 20:10:49,459 [main] INFO  server.RaftServerConfigKeys (ConfUtils.java:logGet(43)) - raft.server.storage.dir = [/workdir/hadoop-ozone/integration-test/target/test-dir/MiniOzoneClusterImpl-390a7ef6-be58-4e63-a9d8-0723f2b752f8/datanode-3/data/ratis] (custom)
2019-10-04 20:10:49,460 [main] INFO  hdfs.DFSUtil (DFSUtil.java:httpServerTemplateForNNAndJN(1641)) - Starting Web-server for hddsDatanode at: http://0.0.0.0:0
2019-10-04 20:10:49,462 [main] INFO  server.AuthenticationFilter (AuthenticationFilter.java:constructSecretProvider(240)) - Unable to initialize FileSignerSecretProvider, falling back to use random secrets.
2019-10-04 20:10:49,462 [main] WARN  http.HttpRequestLog (HttpRequestLog.java:getRequestLog(97)) - Jetty request log can only be enabled using Log4j
2019-10-04 20:10:49,463 [main] INFO  http.HttpServer2 (HttpServer2.java:addGlobalFilter(975)) - Added global filter 'safety' (class=org.apache.hadoop.http.HttpServer2$QuotingInputFilter)
2019-10-04 20:10:49,464 [main] INFO  http.HttpServer2 (HttpServer2.java:addFilter(948)) - Added filter static_user_filter (class=org.apache.hadoop.http.lib.StaticUserWebFilter$StaticUserFilter) to context hddsDatanode
2019-10-04 20:10:49,464 [main] INFO  http.HttpServer2 (HttpServer2.java:addFilter(958)) - Added filter static_user_filter (class=org.apache.hadoop.http.lib.StaticUserWebFilter$StaticUserFilter) to context static
2019-10-04 20:10:49,464 [main] INFO  http.HttpServer2 (HttpServer2.java:addFilter(958)) - Added filter static_user_filter (class=org.apache.hadoop.http.lib.StaticUserWebFilter$StaticUserFilter) to context logs
2019-10-04 20:10:49,464 [main] INFO  http.HttpServer2 (HttpServer2.java:bindListener(1191)) - Jetty bound to port 43056
2019-10-04 20:10:49,465 [main] INFO  server.Server (Server.java:doStart(351)) - jetty-9.3.25.v20180904, build timestamp: 2018-09-04T21:11:46Z, git hash: 3ce520221d0240229c862b122d2b06c12a625732
2019-10-04 20:10:49,466 [main] INFO  handler.ContextHandler (ContextHandler.java:doStart(781)) - Started o.e.j.s.ServletContextHandler@5bb8e6fc{/logs,file:///workdir/hadoop-ozone/integration-test/target/log,AVAILABLE}
2019-10-04 20:10:49,467 [main] INFO  handler.ContextHandler (ContextHandler.java:doStart(781)) - Started o.e.j.s.ServletContextHandler@72c9ebfa{/static,jar:file:/home/user/.m2/repository/org/apache/hadoop/hadoop-hdds-container-service/0.5.0-SNAPSHOT/hadoop-hdds-container-service-0.5.0-SNAPSHOT.jar!/webapps/static,AVAILABLE}
2019-10-04 20:10:49,506 [main] INFO  handler.ContextHandler (ContextHandler.java:doStart(781)) - Started o.e.j.w.WebAppContext@52ecc989{/,file:///tmp/jetty-0.0.0.0-43056-hddsDatanode-_-any-3710467200691611656.dir/webapp/,AVAILABLE}{/hddsDatanode}
2019-10-04 20:10:49,507 [main] INFO  server.AbstractConnector (AbstractConnector.java:doStart(278)) - Started ServerConnector@756808cc{HTTP/1.1,[http/1.1]}{0.0.0.0:43056}
2019-10-04 20:10:49,513 [main] INFO  server.Server (Server.java:doStart(419)) - Started @202918ms
2019-10-04 20:10:49,513 [main] WARN  impl.MetricsSystemImpl (MetricsSystemImpl.java:register(276)) - Sink prometheus already exists!
2019-10-04 20:10:49,514 [main] INFO  server.BaseHttpServer (BaseHttpServer.java:updateConnectorAddress(215)) - HTTP server of HDDSDATANODE is listening at http://0.0.0.0:43056
2019-10-04 20:10:49,514 [main] INFO  impl.MetricsSystemImpl (MetricsSystemImpl.java:init(158)) - HddsDatanode metrics system started (again)
2019-10-04 20:10:49,538 [org.apache.hadoop.util.JvmPauseMonitor$Monitor@268c0daf] INFO  util.JvmPauseMonitor (JvmPauseMonitor.java:run(188)) - Starting JVM pause monitor
2019-10-04 20:10:49,539 [Datanode State Machine Thread - 0] INFO  datanode.InitDatanodeState (InitDatanodeState.java:persistContainerDatanodeDetails(140)) - DatanodeDetails is persisted to /workdir/hadoop-ozone/integration-test/target/test-dir/MiniOzoneClusterImpl-390a7ef6-be58-4e63-a9d8-0723f2b752f8/datanode-3/meta/datanode.id
2019-10-04 20:10:49,541 [main] INFO  ozone.HddsDatanodeService (HddsDatanodeService.java:start(184)) - HddsDatanodeService host:pr-hdds-2239-ctfdh-543981580 ip:192.168.30.33
2019-10-04 20:10:49,551 [main] INFO  volume.HddsVolume (HddsVolume.java:<init>(176)) - Creating Volume: /workdir/hadoop-ozone/integration-test/target/test-dir/MiniOzoneClusterImpl-390a7ef6-be58-4e63-a9d8-0723f2b752f8/datanode-4/data/containers/hdds of  storage type : DISK and capacity : 1482555576320
2019-10-04 20:10:49,552 [main] INFO  volume.VolumeSet (VolumeSet.java:initializeVolumeSet(170)) - Added Volume : /workdir/hadoop-ozone/integration-test/target/test-dir/MiniOzoneClusterImpl-390a7ef6-be58-4e63-a9d8-0723f2b752f8/datanode-4/data/containers/hdds to VolumeSet
2019-10-04 20:10:49,552 [main] INFO  volume.ThrottledAsyncChecker (ThrottledAsyncChecker.java:schedule(139)) - Scheduling a check for org.apache.hadoop.ozone.container.common.volume.HddsVolume@238291d4
2019-10-04 20:10:49,553 [main] INFO  volume.HddsVolumeChecker (HddsVolumeChecker.java:checkAllVolumes(202)) - Scheduled health check for volume org.apache.hadoop.ozone.container.common.volume.HddsVolume@238291d4
2019-10-04 20:10:49,568 [main] INFO  impl.RaftServerProxy (ConfUtils.java:logGet(43)) - raft.rpc.type = GRPC (default)
2019-10-04 20:10:49,568 [main] INFO  grpc.GrpcFactory (GrpcFactory.java:checkPooledByteBufAllocatorUseCacheForAllThreads(45)) - PERFORMANCE WARNING: useCacheForAllThreads is true that may cause Netty to create a lot garbage objects and, as a result, trigger GC.
	It is recommended to disable useCacheForAllThreads by setting -Dorg.apache.ratis.thirdparty.io.netty.allocator.useCacheForAllThreads=false in command line.
2019-10-04 20:10:49,568 [main] INFO  grpc.GrpcConfigKeys$Server (ConfUtils.java:logGet(43)) - raft.grpc.server.port = 0 (default)
2019-10-04 20:10:49,568 [main] INFO  server.GrpcService (ConfUtils.java:logGet(43)) - raft.grpc.message.size.max = 33570816 (custom)
2019-10-04 20:10:49,569 [main] INFO  server.RaftServerConfigKeys (ConfUtils.java:logGet(43)) - raft.server.log.appender.buffer.byte-limit = 33554432 (custom)
2019-10-04 20:10:49,569 [main] INFO  server.GrpcService (ConfUtils.java:logGet(43)) - raft.grpc.flow.control.window = 1MB (=1048576) (default)
2019-10-04 20:10:49,569 [main] INFO  server.RaftServerConfigKeys (ConfUtils.java:logGet(43)) - raft.server.rpc.request.timeout = 3000ms (default)
2019-10-04 20:10:49,569 [main] INFO  server.RaftServerConfigKeys (ConfUtils.java:logGet(43)) - raft.server.storage.dir = [/workdir/hadoop-ozone/integration-test/target/test-dir/MiniOzoneClusterImpl-390a7ef6-be58-4e63-a9d8-0723f2b752f8/datanode-4/data/ratis] (custom)
2019-10-04 20:10:49,571 [main] INFO  hdfs.DFSUtil (DFSUtil.java:httpServerTemplateForNNAndJN(1641)) - Starting Web-server for hddsDatanode at: http://0.0.0.0:0
2019-10-04 20:10:49,572 [main] INFO  server.AuthenticationFilter (AuthenticationFilter.java:constructSecretProvider(240)) - Unable to initialize FileSignerSecretProvider, falling back to use random secrets.
2019-10-04 20:10:49,572 [main] WARN  http.HttpRequestLog (HttpRequestLog.java:getRequestLog(97)) - Jetty request log can only be enabled using Log4j
2019-10-04 20:10:49,574 [main] INFO  http.HttpServer2 (HttpServer2.java:addGlobalFilter(975)) - Added global filter 'safety' (class=org.apache.hadoop.http.HttpServer2$QuotingInputFilter)
2019-10-04 20:10:49,574 [main] INFO  http.HttpServer2 (HttpServer2.java:addFilter(948)) - Added filter static_user_filter (class=org.apache.hadoop.http.lib.StaticUserWebFilter$StaticUserFilter) to context hddsDatanode
2019-10-04 20:10:49,574 [main] INFO  http.HttpServer2 (HttpServer2.java:addFilter(958)) - Added filter static_user_filter (class=org.apache.hadoop.http.lib.StaticUserWebFilter$StaticUserFilter) to context static
2019-10-04 20:10:49,574 [main] INFO  http.HttpServer2 (HttpServer2.java:addFilter(958)) - Added filter static_user_filter (class=org.apache.hadoop.http.lib.StaticUserWebFilter$StaticUserFilter) to context logs
2019-10-04 20:10:49,575 [main] INFO  http.HttpServer2 (HttpServer2.java:bindListener(1191)) - Jetty bound to port 46405
2019-10-04 20:10:49,575 [main] INFO  server.Server (Server.java:doStart(351)) - jetty-9.3.25.v20180904, build timestamp: 2018-09-04T21:11:46Z, git hash: 3ce520221d0240229c862b122d2b06c12a625732
2019-10-04 20:10:49,577 [main] INFO  handler.ContextHandler (ContextHandler.java:doStart(781)) - Started o.e.j.s.ServletContextHandler@755b5f30{/logs,file:///workdir/hadoop-ozone/integration-test/target/log,AVAILABLE}
2019-10-04 20:10:49,577 [main] INFO  handler.ContextHandler (ContextHandler.java:doStart(781)) - Started o.e.j.s.ServletContextHandler@272778ae{/static,jar:file:/home/user/.m2/repository/org/apache/hadoop/hadoop-hdds-container-service/0.5.0-SNAPSHOT/hadoop-hdds-container-service-0.5.0-SNAPSHOT.jar!/webapps/static,AVAILABLE}
2019-10-04 20:10:49,605 [main] INFO  handler.ContextHandler (ContextHandler.java:doStart(781)) - Started o.e.j.w.WebAppContext@77083e41{/,file:///tmp/jetty-0.0.0.0-46405-hddsDatanode-_-any-7166953369730109983.dir/webapp/,AVAILABLE}{/hddsDatanode}
2019-10-04 20:10:49,606 [main] INFO  server.AbstractConnector (AbstractConnector.java:doStart(278)) - Started ServerConnector@231df705{HTTP/1.1,[http/1.1]}{0.0.0.0:46405}
2019-10-04 20:10:49,610 [main] INFO  server.Server (Server.java:doStart(419)) - Started @203015ms
2019-10-04 20:10:49,610 [main] WARN  impl.MetricsSystemImpl (MetricsSystemImpl.java:register(276)) - Sink prometheus already exists!
2019-10-04 20:10:49,611 [main] INFO  server.BaseHttpServer (BaseHttpServer.java:updateConnectorAddress(215)) - HTTP server of HDDSDATANODE is listening at http://0.0.0.0:46405
2019-10-04 20:10:49,611 [main] INFO  impl.MetricsSystemImpl (MetricsSystemImpl.java:init(158)) - HddsDatanode metrics system started (again)
2019-10-04 20:10:49,642 [org.apache.hadoop.util.JvmPauseMonitor$Monitor@48217c43] INFO  util.JvmPauseMonitor (JvmPauseMonitor.java:run(188)) - Starting JVM pause monitor
2019-10-04 20:10:49,644 [Datanode State Machine Thread - 0] INFO  datanode.InitDatanodeState (InitDatanodeState.java:persistContainerDatanodeDetails(140)) - DatanodeDetails is persisted to /workdir/hadoop-ozone/integration-test/target/test-dir/MiniOzoneClusterImpl-390a7ef6-be58-4e63-a9d8-0723f2b752f8/datanode-4/meta/datanode.id
2019-10-04 20:10:49,645 [main] INFO  ozone.HddsDatanodeService (HddsDatanodeService.java:start(184)) - HddsDatanodeService host:pr-hdds-2239-ctfdh-543981580 ip:192.168.30.33
2019-10-04 20:10:49,657 [main] INFO  volume.HddsVolume (HddsVolume.java:<init>(176)) - Creating Volume: /workdir/hadoop-ozone/integration-test/target/test-dir/MiniOzoneClusterImpl-390a7ef6-be58-4e63-a9d8-0723f2b752f8/datanode-5/data/containers/hdds of  storage type : DISK and capacity : 1482555576320
2019-10-04 20:10:49,658 [main] INFO  volume.VolumeSet (VolumeSet.java:initializeVolumeSet(170)) - Added Volume : /workdir/hadoop-ozone/integration-test/target/test-dir/MiniOzoneClusterImpl-390a7ef6-be58-4e63-a9d8-0723f2b752f8/datanode-5/data/containers/hdds to VolumeSet
2019-10-04 20:10:49,658 [main] INFO  volume.ThrottledAsyncChecker (ThrottledAsyncChecker.java:schedule(139)) - Scheduling a check for org.apache.hadoop.ozone.container.common.volume.HddsVolume@111cba40
2019-10-04 20:10:49,658 [main] INFO  volume.HddsVolumeChecker (HddsVolumeChecker.java:checkAllVolumes(202)) - Scheduled health check for volume org.apache.hadoop.ozone.container.common.volume.HddsVolume@111cba40
2019-10-04 20:10:49,677 [main] INFO  impl.RaftServerProxy (ConfUtils.java:logGet(43)) - raft.rpc.type = GRPC (default)
2019-10-04 20:10:49,677 [main] INFO  grpc.GrpcFactory (GrpcFactory.java:checkPooledByteBufAllocatorUseCacheForAllThreads(45)) - PERFORMANCE WARNING: useCacheForAllThreads is true that may cause Netty to create a lot garbage objects and, as a result, trigger GC.
	It is recommended to disable useCacheForAllThreads by setting -Dorg.apache.ratis.thirdparty.io.netty.allocator.useCacheForAllThreads=false in command line.
2019-10-04 20:10:49,677 [main] INFO  grpc.GrpcConfigKeys$Server (ConfUtils.java:logGet(43)) - raft.grpc.server.port = 0 (default)
2019-10-04 20:10:49,677 [main] INFO  server.GrpcService (ConfUtils.java:logGet(43)) - raft.grpc.message.size.max = 33570816 (custom)
2019-10-04 20:10:49,678 [main] INFO  server.RaftServerConfigKeys (ConfUtils.java:logGet(43)) - raft.server.log.appender.buffer.byte-limit = 33554432 (custom)
2019-10-04 20:10:49,678 [main] INFO  server.GrpcService (ConfUtils.java:logGet(43)) - raft.grpc.flow.control.window = 1MB (=1048576) (default)
2019-10-04 20:10:49,678 [main] INFO  server.RaftServerConfigKeys (ConfUtils.java:logGet(43)) - raft.server.rpc.request.timeout = 3000ms (default)
2019-10-04 20:10:49,679 [main] INFO  server.RaftServerConfigKeys (ConfUtils.java:logGet(43)) - raft.server.storage.dir = [/workdir/hadoop-ozone/integration-test/target/test-dir/MiniOzoneClusterImpl-390a7ef6-be58-4e63-a9d8-0723f2b752f8/datanode-5/data/ratis] (custom)
2019-10-04 20:10:49,680 [main] INFO  hdfs.DFSUtil (DFSUtil.java:httpServerTemplateForNNAndJN(1641)) - Starting Web-server for hddsDatanode at: http://0.0.0.0:0
2019-10-04 20:10:49,682 [main] INFO  server.AuthenticationFilter (AuthenticationFilter.java:constructSecretProvider(240)) - Unable to initialize FileSignerSecretProvider, falling back to use random secrets.
2019-10-04 20:10:49,683 [main] WARN  http.HttpRequestLog (HttpRequestLog.java:getRequestLog(97)) - Jetty request log can only be enabled using Log4j
2019-10-04 20:10:49,685 [main] INFO  http.HttpServer2 (HttpServer2.java:addGlobalFilter(975)) - Added global filter 'safety' (class=org.apache.hadoop.http.HttpServer2$QuotingInputFilter)
2019-10-04 20:10:49,686 [main] INFO  http.HttpServer2 (HttpServer2.java:addFilter(948)) - Added filter static_user_filter (class=org.apache.hadoop.http.lib.StaticUserWebFilter$StaticUserFilter) to context hddsDatanode
2019-10-04 20:10:49,686 [main] INFO  http.HttpServer2 (HttpServer2.java:addFilter(958)) - Added filter static_user_filter (class=org.apache.hadoop.http.lib.StaticUserWebFilter$StaticUserFilter) to context logs
2019-10-04 20:10:49,686 [main] INFO  http.HttpServer2 (HttpServer2.java:addFilter(958)) - Added filter static_user_filter (class=org.apache.hadoop.http.lib.StaticUserWebFilter$StaticUserFilter) to context static
2019-10-04 20:10:49,687 [main] INFO  http.HttpServer2 (HttpServer2.java:bindListener(1191)) - Jetty bound to port 34981
2019-10-04 20:10:49,687 [main] INFO  server.Server (Server.java:doStart(351)) - jetty-9.3.25.v20180904, build timestamp: 2018-09-04T21:11:46Z, git hash: 3ce520221d0240229c862b122d2b06c12a625732
2019-10-04 20:10:49,690 [main] INFO  handler.ContextHandler (ContextHandler.java:doStart(781)) - Started o.e.j.s.ServletContextHandler@75bd28d{/logs,file:///workdir/hadoop-ozone/integration-test/target/log,AVAILABLE}
2019-10-04 20:10:49,690 [main] INFO  handler.ContextHandler (ContextHandler.java:doStart(781)) - Started o.e.j.s.ServletContextHandler@11810917{/static,jar:file:/home/user/.m2/repository/org/apache/hadoop/hadoop-hdds-container-service/0.5.0-SNAPSHOT/hadoop-hdds-container-service-0.5.0-SNAPSHOT.jar!/webapps/static,AVAILABLE}
2019-10-04 20:10:49,734 [main] INFO  handler.ContextHandler (ContextHandler.java:doStart(781)) - Started o.e.j.w.WebAppContext@5fb54740{/,file:///tmp/jetty-0.0.0.0-34981-hddsDatanode-_-any-1044917979567933567.dir/webapp/,AVAILABLE}{/hddsDatanode}
2019-10-04 20:10:49,735 [main] INFO  server.AbstractConnector (AbstractConnector.java:doStart(278)) - Started ServerConnector@325162e9{HTTP/1.1,[http/1.1]}{0.0.0.0:34981}
2019-10-04 20:10:49,738 [main] INFO  server.Server (Server.java:doStart(419)) - Started @203144ms
2019-10-04 20:10:49,738 [main] WARN  impl.MetricsSystemImpl (MetricsSystemImpl.java:register(276)) - Sink prometheus already exists!
2019-10-04 20:10:49,739 [main] INFO  server.BaseHttpServer (BaseHttpServer.java:updateConnectorAddress(215)) - HTTP server of HDDSDATANODE is listening at http://0.0.0.0:34981
2019-10-04 20:10:49,740 [main] INFO  impl.MetricsSystemImpl (MetricsSystemImpl.java:init(158)) - HddsDatanode metrics system started (again)
2019-10-04 20:10:49,764 [org.apache.hadoop.util.JvmPauseMonitor$Monitor@1dc40099] INFO  util.JvmPauseMonitor (JvmPauseMonitor.java:run(188)) - Starting JVM pause monitor
2019-10-04 20:10:49,766 [Datanode State Machine Thread - 0] INFO  datanode.InitDatanodeState (InitDatanodeState.java:persistContainerDatanodeDetails(140)) - DatanodeDetails is persisted to /workdir/hadoop-ozone/integration-test/target/test-dir/MiniOzoneClusterImpl-390a7ef6-be58-4e63-a9d8-0723f2b752f8/datanode-5/meta/datanode.id
2019-10-04 20:10:49,766 [main] INFO  ozone.HddsDatanodeService (HddsDatanodeService.java:start(184)) - HddsDatanodeService host:pr-hdds-2239-ctfdh-543981580 ip:192.168.30.33
2019-10-04 20:10:49,776 [main] INFO  volume.HddsVolume (HddsVolume.java:<init>(176)) - Creating Volume: /workdir/hadoop-ozone/integration-test/target/test-dir/MiniOzoneClusterImpl-390a7ef6-be58-4e63-a9d8-0723f2b752f8/datanode-6/data/containers/hdds of  storage type : DISK and capacity : 1482555576320
2019-10-04 20:10:49,776 [main] INFO  volume.VolumeSet (VolumeSet.java:initializeVolumeSet(170)) - Added Volume : /workdir/hadoop-ozone/integration-test/target/test-dir/MiniOzoneClusterImpl-390a7ef6-be58-4e63-a9d8-0723f2b752f8/datanode-6/data/containers/hdds to VolumeSet
2019-10-04 20:10:49,776 [main] INFO  volume.ThrottledAsyncChecker (ThrottledAsyncChecker.java:schedule(139)) - Scheduling a check for org.apache.hadoop.ozone.container.common.volume.HddsVolume@37775bb1
2019-10-04 20:10:49,777 [main] INFO  volume.HddsVolumeChecker (HddsVolumeChecker.java:checkAllVolumes(202)) - Scheduled health check for volume org.apache.hadoop.ozone.container.common.volume.HddsVolume@37775bb1
2019-10-04 20:10:49,791 [main] INFO  impl.RaftServerProxy (ConfUtils.java:logGet(43)) - raft.rpc.type = GRPC (default)
2019-10-04 20:10:49,792 [main] INFO  grpc.GrpcFactory (GrpcFactory.java:checkPooledByteBufAllocatorUseCacheForAllThreads(45)) - PERFORMANCE WARNING: useCacheForAllThreads is true that may cause Netty to create a lot garbage objects and, as a result, trigger GC.
	It is recommended to disable useCacheForAllThreads by setting -Dorg.apache.ratis.thirdparty.io.netty.allocator.useCacheForAllThreads=false in command line.
2019-10-04 20:10:49,792 [main] INFO  grpc.GrpcConfigKeys$Server (ConfUtils.java:logGet(43)) - raft.grpc.server.port = 0 (default)
2019-10-04 20:10:49,792 [main] INFO  server.GrpcService (ConfUtils.java:logGet(43)) - raft.grpc.message.size.max = 33570816 (custom)
2019-10-04 20:10:49,792 [main] INFO  server.RaftServerConfigKeys (ConfUtils.java:logGet(43)) - raft.server.log.appender.buffer.byte-limit = 33554432 (custom)
2019-10-04 20:10:49,792 [main] INFO  server.GrpcService (ConfUtils.java:logGet(43)) - raft.grpc.flow.control.window = 1MB (=1048576) (default)
2019-10-04 20:10:49,792 [main] INFO  server.RaftServerConfigKeys (ConfUtils.java:logGet(43)) - raft.server.rpc.request.timeout = 3000ms (default)
2019-10-04 20:10:49,793 [main] INFO  server.RaftServerConfigKeys (ConfUtils.java:logGet(43)) - raft.server.storage.dir = [/workdir/hadoop-ozone/integration-test/target/test-dir/MiniOzoneClusterImpl-390a7ef6-be58-4e63-a9d8-0723f2b752f8/datanode-6/data/ratis] (custom)
2019-10-04 20:10:49,794 [main] INFO  hdfs.DFSUtil (DFSUtil.java:httpServerTemplateForNNAndJN(1641)) - Starting Web-server for hddsDatanode at: http://0.0.0.0:0
2019-10-04 20:10:49,796 [main] INFO  server.AuthenticationFilter (AuthenticationFilter.java:constructSecretProvider(240)) - Unable to initialize FileSignerSecretProvider, falling back to use random secrets.
2019-10-04 20:10:49,797 [main] WARN  http.HttpRequestLog (HttpRequestLog.java:getRequestLog(97)) - Jetty request log can only be enabled using Log4j
2019-10-04 20:10:49,799 [main] INFO  http.HttpServer2 (HttpServer2.java:addGlobalFilter(975)) - Added global filter 'safety' (class=org.apache.hadoop.http.HttpServer2$QuotingInputFilter)
2019-10-04 20:10:49,799 [main] INFO  http.HttpServer2 (HttpServer2.java:addFilter(948)) - Added filter static_user_filter (class=org.apache.hadoop.http.lib.StaticUserWebFilter$StaticUserFilter) to context hddsDatanode
2019-10-04 20:10:49,800 [main] INFO  http.HttpServer2 (HttpServer2.java:addFilter(958)) - Added filter static_user_filter (class=org.apache.hadoop.http.lib.StaticUserWebFilter$StaticUserFilter) to context logs
2019-10-04 20:10:49,800 [main] INFO  http.HttpServer2 (HttpServer2.java:addFilter(958)) - Added filter static_user_filter (class=org.apache.hadoop.http.lib.StaticUserWebFilter$StaticUserFilter) to context static
2019-10-04 20:10:49,801 [main] INFO  http.HttpServer2 (HttpServer2.java:bindListener(1191)) - Jetty bound to port 46330
2019-10-04 20:10:49,801 [main] INFO  server.Server (Server.java:doStart(351)) - jetty-9.3.25.v20180904, build timestamp: 2018-09-04T21:11:46Z, git hash: 3ce520221d0240229c862b122d2b06c12a625732
2019-10-04 20:10:49,803 [main] INFO  handler.ContextHandler (ContextHandler.java:doStart(781)) - Started o.e.j.s.ServletContextHandler@39652a30{/logs,file:///workdir/hadoop-ozone/integration-test/target/log,AVAILABLE}
2019-10-04 20:10:49,804 [main] INFO  handler.ContextHandler (ContextHandler.java:doStart(781)) - Started o.e.j.s.ServletContextHandler@40c8067{/static,jar:file:/home/user/.m2/repository/org/apache/hadoop/hadoop-hdds-container-service/0.5.0-SNAPSHOT/hadoop-hdds-container-service-0.5.0-SNAPSHOT.jar!/webapps/static,AVAILABLE}
2019-10-04 20:10:49,847 [main] INFO  handler.ContextHandler (ContextHandler.java:doStart(781)) - Started o.e.j.w.WebAppContext@76a362a4{/,file:///tmp/jetty-0.0.0.0-46330-hddsDatanode-_-any-1654998906301670459.dir/webapp/,AVAILABLE}{/hddsDatanode}
2019-10-04 20:10:49,847 [main] INFO  server.AbstractConnector (AbstractConnector.java:doStart(278)) - Started ServerConnector@61da0413{HTTP/1.1,[http/1.1]}{0.0.0.0:46330}
2019-10-04 20:10:49,851 [main] INFO  server.Server (Server.java:doStart(419)) - Started @203256ms
2019-10-04 20:10:49,851 [main] WARN  impl.MetricsSystemImpl (MetricsSystemImpl.java:register(276)) - Sink prometheus already exists!
2019-10-04 20:10:49,852 [main] INFO  server.BaseHttpServer (BaseHttpServer.java:updateConnectorAddress(215)) - HTTP server of HDDSDATANODE is listening at http://0.0.0.0:46330
2019-10-04 20:10:49,852 [main] INFO  ozone.MiniOzoneClusterImpl (MiniOzoneClusterImpl.java:lambda$waitForClusterToBeReady$0(147)) - Waiting for cluster to be ready. Got 0 of 7 DN Heartbeats.
2019-10-04 20:10:49,854 [org.apache.hadoop.util.JvmPauseMonitor$Monitor@1ccfd4df] INFO  util.JvmPauseMonitor (JvmPauseMonitor.java:run(188)) - Starting JVM pause monitor
2019-10-04 20:10:49,855 [Datanode State Machine Thread - 0] INFO  datanode.InitDatanodeState (InitDatanodeState.java:persistContainerDatanodeDetails(140)) - DatanodeDetails is persisted to /workdir/hadoop-ozone/integration-test/target/test-dir/MiniOzoneClusterImpl-390a7ef6-be58-4e63-a9d8-0723f2b752f8/datanode-6/meta/datanode.id
2019-10-04 20:10:50,214 [grpc-default-executor-6] WARN  server.GrpcLogAppender (LogUtils.java:warn(134)) - 35896a73-53a8-4e65-9327-fe2195b86350@group-445DFB4D7286->f90ae9ec-d3b4-4df5-bc2a-3643578826ae-AppendLogResponseHandler: Failed appendEntries: org.apache.ratis.thirdparty.io.grpc.StatusRuntimeException: UNAVAILABLE: io exception
2019-10-04 20:10:50,214 [grpc-default-executor-2] WARN  server.GrpcLogAppender (LogUtils.java:warn(134)) - 35896a73-53a8-4e65-9327-fe2195b86350@group-445DFB4D7286->e35642a6-94a5-4a62-8e65-3cae1ee4cc2c-AppendLogResponseHandler: Failed appendEntries: org.apache.ratis.thirdparty.io.grpc.StatusRuntimeException: UNAVAILABLE: io exception
2019-10-04 20:10:50,215 [grpc-default-executor-6] INFO  impl.FollowerInfo (FollowerInfo.java:lambda$new$0(51)) - 35896a73-53a8-4e65-9327-fe2195b86350@group-445DFB4D7286->f90ae9ec-d3b4-4df5-bc2a-3643578826ae: nextIndex: updateUnconditionally 0 -> 0
2019-10-04 20:10:50,215 [grpc-default-executor-2] INFO  impl.FollowerInfo (FollowerInfo.java:lambda$new$0(51)) - 35896a73-53a8-4e65-9327-fe2195b86350@group-445DFB4D7286->e35642a6-94a5-4a62-8e65-3cae1ee4cc2c: nextIndex: updateUnconditionally 0 -> 0
2019-10-04 20:10:50,853 [main] INFO  ozone.MiniOzoneClusterImpl (MiniOzoneClusterImpl.java:lambda$waitForClusterToBeReady$0(147)) - Waiting for cluster to be ready. Got 0 of 7 DN Heartbeats.
2019-10-04 20:10:51,307 [Datanode State Machine Thread - 0] INFO  ozoneimpl.OzoneContainer (OzoneContainer.java:start(217)) - Attempting to start container services.
2019-10-04 20:10:51,314 [Datanode State Machine Thread - 0] INFO  ozoneimpl.OzoneContainer (OzoneContainer.java:startContainerScrub(179)) - Background container scanner has been disabled.
2019-10-04 20:10:51,314 [Datanode State Machine Thread - 0] INFO  ratis.XceiverServerRatis (XceiverServerRatis.java:start(417)) - Starting XceiverServerRatis e04b99d0-8bbc-4c1c-a9de-5944076146fd at port 0
2019-10-04 20:10:51,322 [Datanode State Machine Thread - 0] INFO  impl.RaftServerProxy (RaftServerProxy.java:lambda$start$3(299)) - e04b99d0-8bbc-4c1c-a9de-5944076146fd: start RPC server
2019-10-04 20:10:51,324 [Datanode State Machine Thread - 0] INFO  server.GrpcService (GrpcService.java:startImpl(158)) - e04b99d0-8bbc-4c1c-a9de-5944076146fd: GrpcService started, listening on 0.0.0.0/0.0.0.0:34788
2019-10-04 20:10:51,324 [Datanode State Machine Thread - 0] INFO  ratis.XceiverServerRatis (XceiverServerRatis.java:start(427)) - XceiverServerRatis e04b99d0-8bbc-4c1c-a9de-5944076146fd is started using port 34788
2019-10-04 20:10:51,328 [Datanode State Machine Thread - 0] INFO  server.XceiverServerGrpc (XceiverServerGrpc.java:start(149)) - XceiverServerGrpc e04b99d0-8bbc-4c1c-a9de-5944076146fd is started using port 40697
2019-10-04 20:10:51,337 [Datanode State Machine Thread - 0] INFO  ozoneimpl.OzoneContainer (OzoneContainer.java:start(217)) - Attempting to start container services.
2019-10-04 20:10:51,337 [Datanode State Machine Thread - 0] INFO  ozoneimpl.OzoneContainer (OzoneContainer.java:startContainerScrub(179)) - Background container scanner has been disabled.
2019-10-04 20:10:51,337 [Datanode State Machine Thread - 0] INFO  ratis.XceiverServerRatis (XceiverServerRatis.java:start(417)) - Starting XceiverServerRatis 5e400295-ce64-4c28-8c48-4b33f1a0ac86 at port 0
2019-10-04 20:10:51,345 [Datanode State Machine Thread - 0] INFO  impl.RaftServerProxy (RaftServerProxy.java:lambda$start$3(299)) - 5e400295-ce64-4c28-8c48-4b33f1a0ac86: start RPC server
2019-10-04 20:10:51,349 [Datanode State Machine Thread - 0] INFO  server.GrpcService (GrpcService.java:startImpl(158)) - 5e400295-ce64-4c28-8c48-4b33f1a0ac86: GrpcService started, listening on 0.0.0.0/0.0.0.0:38513
2019-10-04 20:10:51,349 [Datanode State Machine Thread - 0] INFO  ratis.XceiverServerRatis (XceiverServerRatis.java:start(427)) - XceiverServerRatis 5e400295-ce64-4c28-8c48-4b33f1a0ac86 is started using port 38513
2019-10-04 20:10:51,352 [Datanode State Machine Thread - 0] INFO  server.XceiverServerGrpc (XceiverServerGrpc.java:start(149)) - XceiverServerGrpc 5e400295-ce64-4c28-8c48-4b33f1a0ac86 is started using port 34938
2019-10-04 20:10:51,449 [Datanode State Machine Thread - 0] INFO  ozoneimpl.OzoneContainer (OzoneContainer.java:start(217)) - Attempting to start container services.
2019-10-04 20:10:51,449 [Datanode State Machine Thread - 0] INFO  ozoneimpl.OzoneContainer (OzoneContainer.java:startContainerScrub(179)) - Background container scanner has been disabled.
2019-10-04 20:10:51,449 [Datanode State Machine Thread - 0] INFO  ratis.XceiverServerRatis (XceiverServerRatis.java:start(417)) - Starting XceiverServerRatis dab34357-35b3-485b-984e-dcae7cbc0f49 at port 0
2019-10-04 20:10:51,457 [Datanode State Machine Thread - 0] INFO  impl.RaftServerProxy (RaftServerProxy.java:lambda$start$3(299)) - dab34357-35b3-485b-984e-dcae7cbc0f49: start RPC server
2019-10-04 20:10:51,458 [Datanode State Machine Thread - 0] INFO  server.GrpcService (GrpcService.java:startImpl(158)) - dab34357-35b3-485b-984e-dcae7cbc0f49: GrpcService started, listening on 0.0.0.0/0.0.0.0:43420
2019-10-04 20:10:51,458 [Datanode State Machine Thread - 0] INFO  ratis.XceiverServerRatis (XceiverServerRatis.java:start(427)) - XceiverServerRatis dab34357-35b3-485b-984e-dcae7cbc0f49 is started using port 43420
2019-10-04 20:10:51,459 [Datanode State Machine Thread - 0] INFO  server.XceiverServerGrpc (XceiverServerGrpc.java:start(149)) - XceiverServerGrpc dab34357-35b3-485b-984e-dcae7cbc0f49 is started using port 39207
2019-10-04 20:10:51,571 [Datanode State Machine Thread - 0] INFO  ozoneimpl.OzoneContainer (OzoneContainer.java:start(217)) - Attempting to start container services.
2019-10-04 20:10:51,571 [Datanode State Machine Thread - 0] INFO  ozoneimpl.OzoneContainer (OzoneContainer.java:startContainerScrub(179)) - Background container scanner has been disabled.
2019-10-04 20:10:51,571 [Datanode State Machine Thread - 0] INFO  ratis.XceiverServerRatis (XceiverServerRatis.java:start(417)) - Starting XceiverServerRatis eca600cc-6500-4eb0-aeab-eb1b376d64b0 at port 0
2019-10-04 20:10:51,577 [Datanode State Machine Thread - 0] INFO  impl.RaftServerProxy (RaftServerProxy.java:lambda$start$3(299)) - eca600cc-6500-4eb0-aeab-eb1b376d64b0: start RPC server
2019-10-04 20:10:51,578 [Datanode State Machine Thread - 0] INFO  server.GrpcService (GrpcService.java:startImpl(158)) - eca600cc-6500-4eb0-aeab-eb1b376d64b0: GrpcService started, listening on 0.0.0.0/0.0.0.0:36384
2019-10-04 20:10:51,578 [Datanode State Machine Thread - 0] INFO  ratis.XceiverServerRatis (XceiverServerRatis.java:start(427)) - XceiverServerRatis eca600cc-6500-4eb0-aeab-eb1b376d64b0 is started using port 36384
2019-10-04 20:10:51,578 [Datanode State Machine Thread - 0] INFO  server.XceiverServerGrpc (XceiverServerGrpc.java:start(149)) - XceiverServerGrpc eca600cc-6500-4eb0-aeab-eb1b376d64b0 is started using port 42714
2019-10-04 20:10:51,667 [Datanode State Machine Thread - 0] INFO  ozoneimpl.OzoneContainer (OzoneContainer.java:start(217)) - Attempting to start container services.
2019-10-04 20:10:51,667 [Datanode State Machine Thread - 0] INFO  ozoneimpl.OzoneContainer (OzoneContainer.java:startContainerScrub(179)) - Background container scanner has been disabled.
2019-10-04 20:10:51,667 [Datanode State Machine Thread - 0] INFO  ratis.XceiverServerRatis (XceiverServerRatis.java:start(417)) - Starting XceiverServerRatis c926f757-4d63-4e51-8c13-9b2f012e731b at port 0
2019-10-04 20:10:51,673 [Datanode State Machine Thread - 0] INFO  impl.RaftServerProxy (RaftServerProxy.java:lambda$start$3(299)) - c926f757-4d63-4e51-8c13-9b2f012e731b: start RPC server
2019-10-04 20:10:51,679 [Datanode State Machine Thread - 0] INFO  server.GrpcService (GrpcService.java:startImpl(158)) - c926f757-4d63-4e51-8c13-9b2f012e731b: GrpcService started, listening on 0.0.0.0/0.0.0.0:42130
2019-10-04 20:10:51,679 [Datanode State Machine Thread - 0] INFO  ratis.XceiverServerRatis (XceiverServerRatis.java:start(427)) - XceiverServerRatis c926f757-4d63-4e51-8c13-9b2f012e731b is started using port 42130
2019-10-04 20:10:51,680 [Datanode State Machine Thread - 0] INFO  server.XceiverServerGrpc (XceiverServerGrpc.java:start(149)) - XceiverServerGrpc c926f757-4d63-4e51-8c13-9b2f012e731b is started using port 37760
2019-10-04 20:10:51,789 [Datanode State Machine Thread - 0] INFO  ozoneimpl.OzoneContainer (OzoneContainer.java:start(217)) - Attempting to start container services.
2019-10-04 20:10:51,789 [Datanode State Machine Thread - 0] INFO  ozoneimpl.OzoneContainer (OzoneContainer.java:startContainerScrub(179)) - Background container scanner has been disabled.
2019-10-04 20:10:51,790 [Datanode State Machine Thread - 0] INFO  ratis.XceiverServerRatis (XceiverServerRatis.java:start(417)) - Starting XceiverServerRatis b1a6d1b0-b1b8-4529-b4d0-3d0a4d4e7c30 at port 0
2019-10-04 20:10:51,797 [Datanode State Machine Thread - 0] INFO  impl.RaftServerProxy (RaftServerProxy.java:lambda$start$3(299)) - b1a6d1b0-b1b8-4529-b4d0-3d0a4d4e7c30: start RPC server
2019-10-04 20:10:51,798 [Datanode State Machine Thread - 0] INFO  server.GrpcService (GrpcService.java:startImpl(158)) - b1a6d1b0-b1b8-4529-b4d0-3d0a4d4e7c30: GrpcService started, listening on 0.0.0.0/0.0.0.0:45312
2019-10-04 20:10:51,798 [Datanode State Machine Thread - 0] INFO  ratis.XceiverServerRatis (XceiverServerRatis.java:start(427)) - XceiverServerRatis b1a6d1b0-b1b8-4529-b4d0-3d0a4d4e7c30 is started using port 45312
2019-10-04 20:10:51,799 [Datanode State Machine Thread - 0] INFO  server.XceiverServerGrpc (XceiverServerGrpc.java:start(149)) - XceiverServerGrpc b1a6d1b0-b1b8-4529-b4d0-3d0a4d4e7c30 is started using port 41110
2019-10-04 20:10:51,854 [main] INFO  ozone.MiniOzoneClusterImpl (MiniOzoneClusterImpl.java:lambda$waitForClusterToBeReady$0(147)) - Waiting for cluster to be ready. Got 0 of 7 DN Heartbeats.
2019-10-04 20:10:51,878 [Datanode State Machine Thread - 0] INFO  ozoneimpl.OzoneContainer (OzoneContainer.java:start(217)) - Attempting to start container services.
2019-10-04 20:10:51,878 [Datanode State Machine Thread - 0] INFO  ozoneimpl.OzoneContainer (OzoneContainer.java:startContainerScrub(179)) - Background container scanner has been disabled.
2019-10-04 20:10:51,879 [Datanode State Machine Thread - 0] INFO  ratis.XceiverServerRatis (XceiverServerRatis.java:start(417)) - Starting XceiverServerRatis acece99d-3a95-4ab6-b9d5-9d8b1a423547 at port 0
2019-10-04 20:10:51,887 [Datanode State Machine Thread - 0] INFO  impl.RaftServerProxy (RaftServerProxy.java:lambda$start$3(299)) - acece99d-3a95-4ab6-b9d5-9d8b1a423547: start RPC server
2019-10-04 20:10:51,888 [Datanode State Machine Thread - 0] INFO  server.GrpcService (GrpcService.java:startImpl(158)) - acece99d-3a95-4ab6-b9d5-9d8b1a423547: GrpcService started, listening on 0.0.0.0/0.0.0.0:41156
2019-10-04 20:10:51,888 [Datanode State Machine Thread - 0] INFO  ratis.XceiverServerRatis (XceiverServerRatis.java:start(427)) - XceiverServerRatis acece99d-3a95-4ab6-b9d5-9d8b1a423547 is started using port 41156
2019-10-04 20:10:51,888 [Datanode State Machine Thread - 0] INFO  server.XceiverServerGrpc (XceiverServerGrpc.java:start(149)) - XceiverServerGrpc acece99d-3a95-4ab6-b9d5-9d8b1a423547 is started using port 45360
2019-10-04 20:10:52,715 [grpc-default-executor-7] WARN  server.GrpcLogAppender (LogUtils.java:warn(134)) - 35896a73-53a8-4e65-9327-fe2195b86350@group-445DFB4D7286->f90ae9ec-d3b4-4df5-bc2a-3643578826ae-AppendLogResponseHandler: Failed appendEntries: org.apache.ratis.thirdparty.io.grpc.StatusRuntimeException: UNAVAILABLE: io exception
2019-10-04 20:10:52,715 [grpc-default-executor-6] WARN  server.GrpcLogAppender (LogUtils.java:warn(134)) - 35896a73-53a8-4e65-9327-fe2195b86350@group-445DFB4D7286->e35642a6-94a5-4a62-8e65-3cae1ee4cc2c-AppendLogResponseHandler: Failed appendEntries: org.apache.ratis.thirdparty.io.grpc.StatusRuntimeException: UNAVAILABLE: io exception
2019-10-04 20:10:52,716 [grpc-default-executor-7] INFO  impl.FollowerInfo (FollowerInfo.java:lambda$new$0(51)) - 35896a73-53a8-4e65-9327-fe2195b86350@group-445DFB4D7286->f90ae9ec-d3b4-4df5-bc2a-3643578826ae: nextIndex: updateUnconditionally 0 -> 0
2019-10-04 20:10:52,716 [grpc-default-executor-6] INFO  impl.FollowerInfo (FollowerInfo.java:lambda$new$0(51)) - 35896a73-53a8-4e65-9327-fe2195b86350@group-445DFB4D7286->e35642a6-94a5-4a62-8e65-3cae1ee4cc2c: nextIndex: updateUnconditionally 0 -> 0
2019-10-04 20:10:52,854 [main] INFO  ozone.MiniOzoneClusterImpl (MiniOzoneClusterImpl.java:lambda$waitForClusterToBeReady$0(147)) - Waiting for cluster to be ready. Got 0 of 7 DN Heartbeats.
2019-10-04 20:10:53,207 [IPC Server handler 0 on 44939] INFO  net.NetworkTopology (NetworkTopologyImpl.java:add(111)) - Added a new node: /default-rack/e04b99d0-8bbc-4c1c-a9de-5944076146fd
2019-10-04 20:10:53,210 [IPC Server handler 0 on 44939] INFO  node.SCMNodeManager (SCMNodeManager.java:register(268)) - Registered Data node : e04b99d0-8bbc-4c1c-a9de-5944076146fd{ip: 192.168.30.33, host: pr-hdds-2239-ctfdh-543981580, networkLocation: /default-rack, certSerialId: null}
2019-10-04 20:10:53,211 [EventQueue-NodeRegistrationContainerReportForDataNodeSafeModeRule] INFO  safemode.SCMSafeModeManager (DataNodeSafeModeRule.java:process(71)) - SCM in safe mode. 1 DataNodes registered, 1 required.
2019-10-04 20:10:53,214 [EventQueue-NodeRegistrationContainerReportForDataNodeSafeModeRule] INFO  safemode.SCMSafeModeManager (SCMSafeModeManager.java:validateSafeModeExitRules(177)) - ScmSafeModeManager, all rules are successfully validated
2019-10-04 20:10:53,214 [EventQueue-NodeRegistrationContainerReportForDataNodeSafeModeRule] INFO  safemode.SCMSafeModeManager (SCMSafeModeManager.java:exitSafeMode(193)) - SCM exiting safe mode.
2019-10-04 20:10:53,222 [grpc-default-executor-6] INFO  impl.RaftServerProxy (RaftServerProxy.java:addNew(89)) - e04b99d0-8bbc-4c1c-a9de-5944076146fd: addNew group-610E6D044675:[e04b99d0-8bbc-4c1c-a9de-5944076146fd:192.168.30.33:34788] returns group-610E6D044675:java.util.concurrent.CompletableFuture@4ea84da1[Not completed]
2019-10-04 20:10:53,225 [pool-383-thread-1] INFO  impl.RaftServerImpl (RaftServerImpl.java:<init>(95)) - e04b99d0-8bbc-4c1c-a9de-5944076146fd: new RaftServerImpl for group-610E6D044675:[e04b99d0-8bbc-4c1c-a9de-5944076146fd:192.168.30.33:34788] with ContainerStateMachine:uninitialized
2019-10-04 20:10:53,225 [pool-383-thread-1] INFO  server.RaftServerConfigKeys (ConfUtils.java:logGet(43)) - raft.server.rpc.timeout.min = 5s (custom)
2019-10-04 20:10:53,225 [pool-383-thread-1] INFO  server.RaftServerConfigKeys (ConfUtils.java:logGet(43)) - raft.server.rpc.timeout.max = 5200ms (custom)
2019-10-04 20:10:53,225 [pool-383-thread-1] INFO  server.RaftServerConfigKeys (ConfUtils.java:logGet(43)) - raft.server.rpcslowness.timeout = 120s (custom)
2019-10-04 20:10:53,226 [pool-383-thread-1] INFO  server.RaftServerConfigKeys (ConfUtils.java:logGet(43)) - raft.server.sleep.deviation.threshold = 300 (default)
2019-10-04 20:10:53,226 [pool-383-thread-1] INFO  server.RaftServerConfigKeys (ConfUtils.java:logGet(43)) - raft.server.log.appender.install.snapshot.enabled = false (custom)
2019-10-04 20:10:53,226 [pool-383-thread-1] INFO  impl.RaftServerImpl (ServerState.java:<init>(103)) - e04b99d0-8bbc-4c1c-a9de-5944076146fd@group-610E6D044675: ConfigurationManager, init=-1: [e04b99d0-8bbc-4c1c-a9de-5944076146fd:192.168.30.33:34788], old=null, confs=<EMPTY_MAP>
2019-10-04 20:10:53,226 [pool-383-thread-1] INFO  server.RaftServerConfigKeys (ConfUtils.java:logGet(43)) - raft.server.storage.dir = [/workdir/hadoop-ozone/integration-test/target/test-dir/MiniOzoneClusterImpl-390a7ef6-be58-4e63-a9d8-0723f2b752f8/datanode-0/data/ratis] (custom)
2019-10-04 20:10:53,226 [pool-383-thread-1] INFO  server.RaftServerConfigKeys (ConfUtils.java:logGet(43)) - raft.server.log.corruption.policy = EXCEPTION (default)
2019-10-04 20:10:53,227 [pool-383-thread-1] INFO  storage.RaftStorageDirectory (RaftStorageDirectory.java:analyzeStorage(246)) - The storage directory /workdir/hadoop-ozone/integration-test/target/test-dir/MiniOzoneClusterImpl-390a7ef6-be58-4e63-a9d8-0723f2b752f8/datanode-0/data/ratis/7b5ae146-ee0e-4f50-b82c-610e6d044675 does not exist. Creating ...
2019-10-04 20:10:53,251 [pool-383-thread-1] INFO  storage.RaftStorageDirectory (RaftStorageDirectory.java:tryLock(328)) - Lock on /workdir/hadoop-ozone/integration-test/target/test-dir/MiniOzoneClusterImpl-390a7ef6-be58-4e63-a9d8-0723f2b752f8/datanode-0/data/ratis/7b5ae146-ee0e-4f50-b82c-610e6d044675/in_use.lock acquired by nodename 12932@pr-hdds-2239-ctfdh-543981580
2019-10-04 20:10:53,290 [pool-383-thread-1] INFO  storage.RaftStorage (RaftStorage.java:format(84)) - Storage directory /workdir/hadoop-ozone/integration-test/target/test-dir/MiniOzoneClusterImpl-390a7ef6-be58-4e63-a9d8-0723f2b752f8/datanode-0/data/ratis/7b5ae146-ee0e-4f50-b82c-610e6d044675 has been successfully formatted.
2019-10-04 20:10:53,290 [pool-383-thread-1] INFO  ratis.ContainerStateMachine (ContainerStateMachine.java:loadSnapshot(230)) - group-610E6D044675: The snapshot info is null. Setting the last applied indexto:(t:0, i:~)
2019-10-04 20:10:53,290 [pool-383-thread-1] INFO  server.RaftServerConfigKeys (ConfUtils.java:logGet(43)) - raft.server.notification.no-leader.timeout = 120s (custom)
2019-10-04 20:10:53,290 [pool-383-thread-1] INFO  server.RaftServerConfigKeys (ConfUtils.java:logGet(43)) - raft.server.log.use.memory = false (default)
2019-10-04 20:10:53,290 [pool-383-thread-1] INFO  server.RaftServerConfigKeys (ConfUtils.java:logGet(43)) - raft.server.log.purge.gap = 1000000 (custom)
2019-10-04 20:10:53,291 [pool-383-thread-1] INFO  server.RaftServerConfigKeys (ConfUtils.java:logGet(43)) - raft.server.log.appender.buffer.byte-limit = 33554432 (custom)
2019-10-04 20:10:53,291 [pool-383-thread-1] INFO  server.RaftServerConfigKeys (ConfUtils.java:logGet(43)) - raft.server.log.segment.size.max = 1048576 (custom)
2019-10-04 20:10:53,293 [pool-383-thread-1] INFO  server.RaftServerConfigKeys (ConfUtils.java:logGet(43)) - raft.server.log.segment.cache.num.max = 2 (custom)
2019-10-04 20:10:53,293 [pool-383-thread-1] INFO  segmented.SegmentedRaftLogWorker (SegmentedRaftLogWorker.java:<init>(173)) - new e04b99d0-8bbc-4c1c-a9de-5944076146fd@group-610E6D044675-SegmentedRaftLogWorker for RaftStorage:Storage Directory /workdir/hadoop-ozone/integration-test/target/test-dir/MiniOzoneClusterImpl-390a7ef6-be58-4e63-a9d8-0723f2b752f8/datanode-0/data/ratis/7b5ae146-ee0e-4f50-b82c-610e6d044675
2019-10-04 20:10:53,293 [pool-383-thread-1] INFO  server.RaftServerConfigKeys (ConfUtils.java:logGet(43)) - raft.server.log.queue.byte-limit = 2147483647 (custom)
2019-10-04 20:10:53,293 [pool-383-thread-1] INFO  server.RaftServerConfigKeys (ConfUtils.java:logGet(43)) - raft.server.log.queue.element-limit = 1024 (custom)
2019-10-04 20:10:53,293 [pool-383-thread-1] INFO  server.RaftServerConfigKeys (ConfUtils.java:logGet(43)) - raft.server.log.segment.size.max = 1048576 (custom)
2019-10-04 20:10:53,293 [pool-383-thread-1] INFO  server.RaftServerConfigKeys (ConfUtils.java:logGet(43)) - raft.server.log.preallocated.size = 16384 (custom)
2019-10-04 20:10:53,293 [pool-383-thread-1] INFO  server.RaftServerConfigKeys (ConfUtils.java:logGet(43)) - raft.server.log.write.buffer.size = 33554432 (custom)
2019-10-04 20:10:53,293 [pool-383-thread-1] INFO  server.RaftServerConfigKeys (ConfUtils.java:logGet(43)) - raft.server.log.force.sync.num = 128 (default)
2019-10-04 20:10:53,294 [pool-383-thread-1] INFO  server.RaftServerConfigKeys (ConfUtils.java:logGet(43)) - raft.server.log.statemachine.data.sync = true (default)
2019-10-04 20:10:53,294 [pool-383-thread-1] INFO  server.RaftServerConfigKeys (ConfUtils.java:logGet(43)) - raft.server.log.statemachine.data.sync.timeout = 10s (default)
2019-10-04 20:10:53,294 [pool-383-thread-1] INFO  server.RaftServerConfigKeys (ConfUtils.java:logGet(43)) - raft.server.log.statemachine.data.sync.timeout.retry = -1 (default)
2019-10-04 20:10:53,294 [pool-383-thread-1] INFO  server.RaftServerConfigKeys (ConfUtils.java:logGet(43)) - raft.server.log.statemachine.data.caching.enabled = true (custom)
2019-10-04 20:10:53,295 [pool-383-thread-1] INFO  segmented.SegmentedRaftLogWorker (SegmentedRaftLogWorker.java:lambda$new$0(128)) - e04b99d0-8bbc-4c1c-a9de-5944076146fd@group-610E6D044675-SegmentedRaftLogWorker: flushIndex: setUnconditionally 0 -> -1
2019-10-04 20:10:53,295 [pool-383-thread-1] INFO  server.RaftServerConfigKeys (ConfUtils.java:logGet(43)) - raft.server.snapshot.auto.trigger.enabled = true (custom)
2019-10-04 20:10:53,295 [pool-383-thread-1] INFO  server.RaftServerConfigKeys (ConfUtils.java:logGet(43)) - raft.server.snapshot.auto.trigger.threshold = 10000 (custom)
2019-10-04 20:10:53,295 [pool-383-thread-1] INFO  server.RaftServerConfigKeys (ConfUtils.java:logGet(43)) - raft.server.snapshot.retention.file.num = 5 (custom)
2019-10-04 20:10:53,295 [pool-383-thread-1] INFO  server.RaftServerConfigKeys (ConfUtils.java:logGet(43)) - raft.server.retrycache.expirytime = 600000ms (custom)
2019-10-04 20:10:53,297 [pool-383-thread-1] INFO  impl.RaftServerImpl (RaftServerImpl.java:start(181)) - e04b99d0-8bbc-4c1c-a9de-5944076146fd@group-610E6D044675: start as a follower, conf=-1: [e04b99d0-8bbc-4c1c-a9de-5944076146fd:192.168.30.33:34788], old=null
2019-10-04 20:10:53,297 [pool-383-thread-1] INFO  impl.RaftServerImpl (RaftServerImpl.java:setRole(170)) - e04b99d0-8bbc-4c1c-a9de-5944076146fd@group-610E6D044675: changes role from      null to FOLLOWER at term 0 for startAsFollower
2019-10-04 20:10:53,297 [pool-383-thread-1] INFO  impl.RoleInfo (RoleInfo.java:updateAndGet(143)) - e04b99d0-8bbc-4c1c-a9de-5944076146fd: start FollowerState
2019-10-04 20:10:53,297 [pool-383-thread-1] INFO  util.JmxRegister (JmxRegister.java:tryRegister(44)) - Successfully registered JMX Bean with object name Ratis:service=RaftServer,group=group-610E6D044675,id=e04b99d0-8bbc-4c1c-a9de-5944076146fd
2019-10-04 20:10:53,309 [IPC Server handler 1 on 44939] INFO  net.NetworkTopology (NetworkTopologyImpl.java:add(111)) - Added a new node: /default-rack/5e400295-ce64-4c28-8c48-4b33f1a0ac86
2019-10-04 20:10:53,309 [IPC Server handler 1 on 44939] INFO  node.SCMNodeManager (SCMNodeManager.java:register(268)) - Registered Data node : 5e400295-ce64-4c28-8c48-4b33f1a0ac86{ip: 192.168.30.33, host: pr-hdds-2239-ctfdh-543981580, networkLocation: /default-rack, certSerialId: null}
2019-10-04 20:10:53,325 [RatisPipelineUtilsThread] INFO  pipeline.PipelineStateManager (PipelineStateManager.java:addPipeline(56)) - Created pipeline Pipeline[ Id: 7b5ae146-ee0e-4f50-b82c-610e6d044675, Nodes: e04b99d0-8bbc-4c1c-a9de-5944076146fd{ip: 192.168.30.33, host: pr-hdds-2239-ctfdh-543981580, networkLocation: /default-rack, certSerialId: null}, Type:RATIS, Factor:ONE, State:OPEN]
2019-10-04 20:10:53,333 [grpc-default-executor-6] INFO  impl.RaftServerProxy (RaftServerProxy.java:addNew(89)) - 5e400295-ce64-4c28-8c48-4b33f1a0ac86: addNew group-17BEF0334103:[5e400295-ce64-4c28-8c48-4b33f1a0ac86:192.168.30.33:38513] returns group-17BEF0334103:java.util.concurrent.CompletableFuture@569d78b5[Not completed]
2019-10-04 20:10:53,334 [pool-393-thread-1] INFO  impl.RaftServerImpl (RaftServerImpl.java:<init>(95)) - 5e400295-ce64-4c28-8c48-4b33f1a0ac86: new RaftServerImpl for group-17BEF0334103:[5e400295-ce64-4c28-8c48-4b33f1a0ac86:192.168.30.33:38513] with ContainerStateMachine:uninitialized
2019-10-04 20:10:53,334 [pool-393-thread-1] INFO  server.RaftServerConfigKeys (ConfUtils.java:logGet(43)) - raft.server.rpc.timeout.min = 5s (custom)
2019-10-04 20:10:53,335 [pool-393-thread-1] INFO  server.RaftServerConfigKeys (ConfUtils.java:logGet(43)) - raft.server.rpc.timeout.max = 5200ms (custom)
2019-10-04 20:10:53,335 [pool-393-thread-1] INFO  server.RaftServerConfigKeys (ConfUtils.java:logGet(43)) - raft.server.rpcslowness.timeout = 120s (custom)
2019-10-04 20:10:53,335 [pool-393-thread-1] INFO  server.RaftServerConfigKeys (ConfUtils.java:logGet(43)) - raft.server.sleep.deviation.threshold = 300 (default)
2019-10-04 20:10:53,335 [pool-393-thread-1] INFO  server.RaftServerConfigKeys (ConfUtils.java:logGet(43)) - raft.server.log.appender.install.snapshot.enabled = false (custom)
2019-10-04 20:10:53,335 [pool-393-thread-1] INFO  impl.RaftServerImpl (ServerState.java:<init>(103)) - 5e400295-ce64-4c28-8c48-4b33f1a0ac86@group-17BEF0334103: ConfigurationManager, init=-1: [5e400295-ce64-4c28-8c48-4b33f1a0ac86:192.168.30.33:38513], old=null, confs=<EMPTY_MAP>
2019-10-04 20:10:53,335 [pool-393-thread-1] INFO  server.RaftServerConfigKeys (ConfUtils.java:logGet(43)) - raft.server.storage.dir = [/workdir/hadoop-ozone/integration-test/target/test-dir/MiniOzoneClusterImpl-390a7ef6-be58-4e63-a9d8-0723f2b752f8/datanode-1/data/ratis] (custom)
2019-10-04 20:10:53,335 [pool-393-thread-1] INFO  server.RaftServerConfigKeys (ConfUtils.java:logGet(43)) - raft.server.log.corruption.policy = EXCEPTION (default)
2019-10-04 20:10:53,336 [pool-393-thread-1] INFO  storage.RaftStorageDirectory (RaftStorageDirectory.java:analyzeStorage(246)) - The storage directory /workdir/hadoop-ozone/integration-test/target/test-dir/MiniOzoneClusterImpl-390a7ef6-be58-4e63-a9d8-0723f2b752f8/datanode-1/data/ratis/ef9c05fb-8bca-4f77-8782-17bef0334103 does not exist. Creating ...
2019-10-04 20:10:53,365 [pool-393-thread-1] INFO  storage.RaftStorageDirectory (RaftStorageDirectory.java:tryLock(328)) - Lock on /workdir/hadoop-ozone/integration-test/target/test-dir/MiniOzoneClusterImpl-390a7ef6-be58-4e63-a9d8-0723f2b752f8/datanode-1/data/ratis/ef9c05fb-8bca-4f77-8782-17bef0334103/in_use.lock acquired by nodename 12932@pr-hdds-2239-ctfdh-543981580
2019-10-04 20:10:53,390 [pool-393-thread-1] INFO  storage.RaftStorage (RaftStorage.java:format(84)) - Storage directory /workdir/hadoop-ozone/integration-test/target/test-dir/MiniOzoneClusterImpl-390a7ef6-be58-4e63-a9d8-0723f2b752f8/datanode-1/data/ratis/ef9c05fb-8bca-4f77-8782-17bef0334103 has been successfully formatted.
2019-10-04 20:10:53,391 [pool-393-thread-1] INFO  ratis.ContainerStateMachine (ContainerStateMachine.java:loadSnapshot(230)) - group-17BEF0334103: The snapshot info is null. Setting the last applied indexto:(t:0, i:~)
2019-10-04 20:10:53,391 [pool-393-thread-1] INFO  server.RaftServerConfigKeys (ConfUtils.java:logGet(43)) - raft.server.notification.no-leader.timeout = 120s (custom)
2019-10-04 20:10:53,391 [pool-393-thread-1] INFO  server.RaftServerConfigKeys (ConfUtils.java:logGet(43)) - raft.server.log.use.memory = false (default)
2019-10-04 20:10:53,391 [pool-393-thread-1] INFO  server.RaftServerConfigKeys (ConfUtils.java:logGet(43)) - raft.server.log.purge.gap = 1000000 (custom)
2019-10-04 20:10:53,391 [pool-393-thread-1] INFO  server.RaftServerConfigKeys (ConfUtils.java:logGet(43)) - raft.server.log.appender.buffer.byte-limit = 33554432 (custom)
2019-10-04 20:10:53,391 [pool-393-thread-1] INFO  server.RaftServerConfigKeys (ConfUtils.java:logGet(43)) - raft.server.log.segment.size.max = 1048576 (custom)
2019-10-04 20:10:53,392 [pool-393-thread-1] INFO  server.RaftServerConfigKeys (ConfUtils.java:logGet(43)) - raft.server.log.segment.cache.num.max = 2 (custom)
2019-10-04 20:10:53,393 [pool-393-thread-1] INFO  segmented.SegmentedRaftLogWorker (SegmentedRaftLogWorker.java:<init>(173)) - new 5e400295-ce64-4c28-8c48-4b33f1a0ac86@group-17BEF0334103-SegmentedRaftLogWorker for RaftStorage:Storage Directory /workdir/hadoop-ozone/integration-test/target/test-dir/MiniOzoneClusterImpl-390a7ef6-be58-4e63-a9d8-0723f2b752f8/datanode-1/data/ratis/ef9c05fb-8bca-4f77-8782-17bef0334103
2019-10-04 20:10:53,393 [pool-393-thread-1] INFO  server.RaftServerConfigKeys (ConfUtils.java:logGet(43)) - raft.server.log.queue.byte-limit = 2147483647 (custom)
2019-10-04 20:10:53,393 [pool-393-thread-1] INFO  server.RaftServerConfigKeys (ConfUtils.java:logGet(43)) - raft.server.log.queue.element-limit = 1024 (custom)
2019-10-04 20:10:53,393 [pool-393-thread-1] INFO  server.RaftServerConfigKeys (ConfUtils.java:logGet(43)) - raft.server.log.segment.size.max = 1048576 (custom)
2019-10-04 20:10:53,393 [pool-393-thread-1] INFO  server.RaftServerConfigKeys (ConfUtils.java:logGet(43)) - raft.server.log.preallocated.size = 16384 (custom)
2019-10-04 20:10:53,393 [pool-393-thread-1] INFO  server.RaftServerConfigKeys (ConfUtils.java:logGet(43)) - raft.server.log.write.buffer.size = 33554432 (custom)
2019-10-04 20:10:53,393 [pool-393-thread-1] INFO  server.RaftServerConfigKeys (ConfUtils.java:logGet(43)) - raft.server.log.force.sync.num = 128 (default)
2019-10-04 20:10:53,393 [pool-393-thread-1] INFO  server.RaftServerConfigKeys (ConfUtils.java:logGet(43)) - raft.server.log.statemachine.data.sync = true (default)
2019-10-04 20:10:53,393 [pool-393-thread-1] INFO  server.RaftServerConfigKeys (ConfUtils.java:logGet(43)) - raft.server.log.statemachine.data.sync.timeout = 10s (default)
2019-10-04 20:10:53,393 [pool-393-thread-1] INFO  server.RaftServerConfigKeys (ConfUtils.java:logGet(43)) - raft.server.log.statemachine.data.sync.timeout.retry = -1 (default)
2019-10-04 20:10:53,394 [pool-393-thread-1] INFO  server.RaftServerConfigKeys (ConfUtils.java:logGet(43)) - raft.server.log.statemachine.data.caching.enabled = true (custom)
2019-10-04 20:10:53,394 [pool-393-thread-1] INFO  segmented.SegmentedRaftLogWorker (SegmentedRaftLogWorker.java:lambda$new$0(128)) - 5e400295-ce64-4c28-8c48-4b33f1a0ac86@group-17BEF0334103-SegmentedRaftLogWorker: flushIndex: setUnconditionally 0 -> -1
2019-10-04 20:10:53,394 [pool-393-thread-1] INFO  server.RaftServerConfigKeys (ConfUtils.java:logGet(43)) - raft.server.snapshot.auto.trigger.enabled = true (custom)
2019-10-04 20:10:53,394 [pool-393-thread-1] INFO  server.RaftServerConfigKeys (ConfUtils.java:logGet(43)) - raft.server.snapshot.auto.trigger.threshold = 10000 (custom)
2019-10-04 20:10:53,394 [pool-393-thread-1] INFO  server.RaftServerConfigKeys (ConfUtils.java:logGet(43)) - raft.server.snapshot.retention.file.num = 5 (custom)
2019-10-04 20:10:53,394 [pool-393-thread-1] INFO  server.RaftServerConfigKeys (ConfUtils.java:logGet(43)) - raft.server.retrycache.expirytime = 600000ms (custom)
2019-10-04 20:10:53,395 [pool-393-thread-1] INFO  impl.RaftServerImpl (RaftServerImpl.java:start(181)) - 5e400295-ce64-4c28-8c48-4b33f1a0ac86@group-17BEF0334103: start as a follower, conf=-1: [5e400295-ce64-4c28-8c48-4b33f1a0ac86:192.168.30.33:38513], old=null
2019-10-04 20:10:53,395 [pool-393-thread-1] INFO  impl.RaftServerImpl (RaftServerImpl.java:setRole(170)) - 5e400295-ce64-4c28-8c48-4b33f1a0ac86@group-17BEF0334103: changes role from      null to FOLLOWER at term 0 for startAsFollower
2019-10-04 20:10:53,396 [pool-393-thread-1] INFO  impl.RoleInfo (RoleInfo.java:updateAndGet(143)) - 5e400295-ce64-4c28-8c48-4b33f1a0ac86: start FollowerState
2019-10-04 20:10:53,396 [pool-393-thread-1] INFO  util.JmxRegister (JmxRegister.java:tryRegister(44)) - Successfully registered JMX Bean with object name Ratis:service=RaftServer,group=group-17BEF0334103,id=5e400295-ce64-4c28-8c48-4b33f1a0ac86
2019-10-04 20:10:53,399 [RatisPipelineUtilsThread] INFO  pipeline.PipelineStateManager (PipelineStateManager.java:addPipeline(56)) - Created pipeline Pipeline[ Id: ef9c05fb-8bca-4f77-8782-17bef0334103, Nodes: 5e400295-ce64-4c28-8c48-4b33f1a0ac86{ip: 192.168.30.33, host: pr-hdds-2239-ctfdh-543981580, networkLocation: /default-rack, certSerialId: null}, Type:RATIS, Factor:ONE, State:OPEN]
2019-10-04 20:10:53,434 [IPC Server handler 3 on 44939] INFO  net.NetworkTopology (NetworkTopologyImpl.java:add(111)) - Added a new node: /default-rack/dab34357-35b3-485b-984e-dcae7cbc0f49
2019-10-04 20:10:53,434 [IPC Server handler 3 on 44939] INFO  node.SCMNodeManager (SCMNodeManager.java:register(268)) - Registered Data node : dab34357-35b3-485b-984e-dcae7cbc0f49{ip: 192.168.30.33, host: pr-hdds-2239-ctfdh-543981580, networkLocation: /default-rack, certSerialId: null}
2019-10-04 20:10:53,441 [grpc-default-executor-6] INFO  impl.RaftServerProxy (RaftServerProxy.java:addNew(89)) - dab34357-35b3-485b-984e-dcae7cbc0f49: addNew group-F2FD2242974F:[dab34357-35b3-485b-984e-dcae7cbc0f49:192.168.30.33:43420] returns group-F2FD2242974F:java.util.concurrent.CompletableFuture@7c054755[Not completed]
2019-10-04 20:10:53,442 [pool-403-thread-1] INFO  impl.RaftServerImpl (RaftServerImpl.java:<init>(95)) - dab34357-35b3-485b-984e-dcae7cbc0f49: new RaftServerImpl for group-F2FD2242974F:[dab34357-35b3-485b-984e-dcae7cbc0f49:192.168.30.33:43420] with ContainerStateMachine:uninitialized
2019-10-04 20:10:53,442 [pool-403-thread-1] INFO  server.RaftServerConfigKeys (ConfUtils.java:logGet(43)) - raft.server.rpc.timeout.min = 5s (custom)
2019-10-04 20:10:53,443 [pool-403-thread-1] INFO  server.RaftServerConfigKeys (ConfUtils.java:logGet(43)) - raft.server.rpc.timeout.max = 5200ms (custom)
2019-10-04 20:10:53,443 [pool-403-thread-1] INFO  server.RaftServerConfigKeys (ConfUtils.java:logGet(43)) - raft.server.rpcslowness.timeout = 120s (custom)
2019-10-04 20:10:53,443 [pool-403-thread-1] INFO  server.RaftServerConfigKeys (ConfUtils.java:logGet(43)) - raft.server.sleep.deviation.threshold = 300 (default)
2019-10-04 20:10:53,443 [pool-403-thread-1] INFO  server.RaftServerConfigKeys (ConfUtils.java:logGet(43)) - raft.server.log.appender.install.snapshot.enabled = false (custom)
2019-10-04 20:10:53,443 [pool-403-thread-1] INFO  impl.RaftServerImpl (ServerState.java:<init>(103)) - dab34357-35b3-485b-984e-dcae7cbc0f49@group-F2FD2242974F: ConfigurationManager, init=-1: [dab34357-35b3-485b-984e-dcae7cbc0f49:192.168.30.33:43420], old=null, confs=<EMPTY_MAP>
2019-10-04 20:10:53,443 [pool-403-thread-1] INFO  server.RaftServerConfigKeys (ConfUtils.java:logGet(43)) - raft.server.storage.dir = [/workdir/hadoop-ozone/integration-test/target/test-dir/MiniOzoneClusterImpl-390a7ef6-be58-4e63-a9d8-0723f2b752f8/datanode-2/data/ratis] (custom)
2019-10-04 20:10:53,443 [pool-403-thread-1] INFO  server.RaftServerConfigKeys (ConfUtils.java:logGet(43)) - raft.server.log.corruption.policy = EXCEPTION (default)
2019-10-04 20:10:53,444 [pool-403-thread-1] INFO  storage.RaftStorageDirectory (RaftStorageDirectory.java:analyzeStorage(246)) - The storage directory /workdir/hadoop-ozone/integration-test/target/test-dir/MiniOzoneClusterImpl-390a7ef6-be58-4e63-a9d8-0723f2b752f8/datanode-2/data/ratis/9d101921-11cf-4745-bc39-f2fd2242974f does not exist. Creating ...
2019-10-04 20:10:53,466 [pool-403-thread-1] INFO  storage.RaftStorageDirectory (RaftStorageDirectory.java:tryLock(328)) - Lock on /workdir/hadoop-ozone/integration-test/target/test-dir/MiniOzoneClusterImpl-390a7ef6-be58-4e63-a9d8-0723f2b752f8/datanode-2/data/ratis/9d101921-11cf-4745-bc39-f2fd2242974f/in_use.lock acquired by nodename 12932@pr-hdds-2239-ctfdh-543981580
2019-10-04 20:10:53,491 [pool-403-thread-1] INFO  storage.RaftStorage (RaftStorage.java:format(84)) - Storage directory /workdir/hadoop-ozone/integration-test/target/test-dir/MiniOzoneClusterImpl-390a7ef6-be58-4e63-a9d8-0723f2b752f8/datanode-2/data/ratis/9d101921-11cf-4745-bc39-f2fd2242974f has been successfully formatted.
2019-10-04 20:10:53,492 [pool-403-thread-1] INFO  ratis.ContainerStateMachine (ContainerStateMachine.java:loadSnapshot(230)) - group-F2FD2242974F: The snapshot info is null. Setting the last applied indexto:(t:0, i:~)
2019-10-04 20:10:53,492 [pool-403-thread-1] INFO  server.RaftServerConfigKeys (ConfUtils.java:logGet(43)) - raft.server.notification.no-leader.timeout = 120s (custom)
2019-10-04 20:10:53,492 [pool-403-thread-1] INFO  server.RaftServerConfigKeys (ConfUtils.java:logGet(43)) - raft.server.log.use.memory = false (default)
2019-10-04 20:10:53,492 [pool-403-thread-1] INFO  server.RaftServerConfigKeys (ConfUtils.java:logGet(43)) - raft.server.log.purge.gap = 1000000 (custom)
2019-10-04 20:10:53,492 [pool-403-thread-1] INFO  server.RaftServerConfigKeys (ConfUtils.java:logGet(43)) - raft.server.log.appender.buffer.byte-limit = 33554432 (custom)
2019-10-04 20:10:53,492 [pool-403-thread-1] INFO  server.RaftServerConfigKeys (ConfUtils.java:logGet(43)) - raft.server.log.segment.size.max = 1048576 (custom)
2019-10-04 20:10:53,494 [pool-403-thread-1] INFO  server.RaftServerConfigKeys (ConfUtils.java:logGet(43)) - raft.server.log.segment.cache.num.max = 2 (custom)
2019-10-04 20:10:53,494 [pool-403-thread-1] INFO  segmented.SegmentedRaftLogWorker (SegmentedRaftLogWorker.java:<init>(173)) - new dab34357-35b3-485b-984e-dcae7cbc0f49@group-F2FD2242974F-SegmentedRaftLogWorker for RaftStorage:Storage Directory /workdir/hadoop-ozone/integration-test/target/test-dir/MiniOzoneClusterImpl-390a7ef6-be58-4e63-a9d8-0723f2b752f8/datanode-2/data/ratis/9d101921-11cf-4745-bc39-f2fd2242974f
2019-10-04 20:10:53,494 [pool-403-thread-1] INFO  server.RaftServerConfigKeys (ConfUtils.java:logGet(43)) - raft.server.log.queue.byte-limit = 2147483647 (custom)
2019-10-04 20:10:53,494 [pool-403-thread-1] INFO  server.RaftServerConfigKeys (ConfUtils.java:logGet(43)) - raft.server.log.queue.element-limit = 1024 (custom)
2019-10-04 20:10:53,494 [pool-403-thread-1] INFO  server.RaftServerConfigKeys (ConfUtils.java:logGet(43)) - raft.server.log.segment.size.max = 1048576 (custom)
2019-10-04 20:10:53,494 [pool-403-thread-1] INFO  server.RaftServerConfigKeys (ConfUtils.java:logGet(43)) - raft.server.log.preallocated.size = 16384 (custom)
2019-10-04 20:10:53,494 [pool-403-thread-1] INFO  server.RaftServerConfigKeys (ConfUtils.java:logGet(43)) - raft.server.log.write.buffer.size = 33554432 (custom)
2019-10-04 20:10:53,494 [pool-403-thread-1] INFO  server.RaftServerConfigKeys (ConfUtils.java:logGet(43)) - raft.server.log.force.sync.num = 128 (default)
2019-10-04 20:10:53,494 [pool-403-thread-1] INFO  server.RaftServerConfigKeys (ConfUtils.java:logGet(43)) - raft.server.log.statemachine.data.sync = true (default)
2019-10-04 20:10:53,495 [pool-403-thread-1] INFO  server.RaftServerConfigKeys (ConfUtils.java:logGet(43)) - raft.server.log.statemachine.data.sync.timeout = 10s (default)
2019-10-04 20:10:53,495 [pool-403-thread-1] INFO  server.RaftServerConfigKeys (ConfUtils.java:logGet(43)) - raft.server.log.statemachine.data.sync.timeout.retry = -1 (default)
2019-10-04 20:10:53,495 [pool-403-thread-1] INFO  server.RaftServerConfigKeys (ConfUtils.java:logGet(43)) - raft.server.log.statemachine.data.caching.enabled = true (custom)
2019-10-04 20:10:53,495 [pool-403-thread-1] INFO  segmented.SegmentedRaftLogWorker (SegmentedRaftLogWorker.java:lambda$new$0(128)) - dab34357-35b3-485b-984e-dcae7cbc0f49@group-F2FD2242974F-SegmentedRaftLogWorker: flushIndex: setUnconditionally 0 -> -1
2019-10-04 20:10:53,495 [pool-403-thread-1] INFO  server.RaftServerConfigKeys (ConfUtils.java:logGet(43)) - raft.server.snapshot.auto.trigger.enabled = true (custom)
2019-10-04 20:10:53,496 [pool-403-thread-1] INFO  server.RaftServerConfigKeys (ConfUtils.java:logGet(43)) - raft.server.snapshot.auto.trigger.threshold = 10000 (custom)
2019-10-04 20:10:53,496 [pool-403-thread-1] INFO  server.RaftServerConfigKeys (ConfUtils.java:logGet(43)) - raft.server.snapshot.retention.file.num = 5 (custom)
2019-10-04 20:10:53,496 [pool-403-thread-1] INFO  server.RaftServerConfigKeys (ConfUtils.java:logGet(43)) - raft.server.retrycache.expirytime = 600000ms (custom)
2019-10-04 20:10:53,497 [pool-403-thread-1] INFO  impl.RaftServerImpl (RaftServerImpl.java:start(181)) - dab34357-35b3-485b-984e-dcae7cbc0f49@group-F2FD2242974F: start as a follower, conf=-1: [dab34357-35b3-485b-984e-dcae7cbc0f49:192.168.30.33:43420], old=null
2019-10-04 20:10:53,497 [pool-403-thread-1] INFO  impl.RaftServerImpl (RaftServerImpl.java:setRole(170)) - dab34357-35b3-485b-984e-dcae7cbc0f49@group-F2FD2242974F: changes role from      null to FOLLOWER at term 0 for startAsFollower
2019-10-04 20:10:53,497 [pool-403-thread-1] INFO  impl.RoleInfo (RoleInfo.java:updateAndGet(143)) - dab34357-35b3-485b-984e-dcae7cbc0f49: start FollowerState
2019-10-04 20:10:53,498 [pool-403-thread-1] INFO  util.JmxRegister (JmxRegister.java:tryRegister(44)) - Successfully registered JMX Bean with object name Ratis:service=RaftServer,group=group-F2FD2242974F,id=dab34357-35b3-485b-984e-dcae7cbc0f49
2019-10-04 20:10:53,502 [RatisPipelineUtilsThread] INFO  pipeline.PipelineStateManager (PipelineStateManager.java:addPipeline(56)) - Created pipeline Pipeline[ Id: 9d101921-11cf-4745-bc39-f2fd2242974f, Nodes: dab34357-35b3-485b-984e-dcae7cbc0f49{ip: 192.168.30.33, host: pr-hdds-2239-ctfdh-543981580, networkLocation: /default-rack, certSerialId: null}, Type:RATIS, Factor:ONE, State:OPEN]
2019-10-04 20:10:53,544 [IPC Server handler 4 on 44939] INFO  net.NetworkTopology (NetworkTopologyImpl.java:add(111)) - Added a new node: /default-rack/eca600cc-6500-4eb0-aeab-eb1b376d64b0
2019-10-04 20:10:53,544 [IPC Server handler 4 on 44939] INFO  node.SCMNodeManager (SCMNodeManager.java:register(268)) - Registered Data node : eca600cc-6500-4eb0-aeab-eb1b376d64b0{ip: 192.168.30.33, host: pr-hdds-2239-ctfdh-543981580, networkLocation: /default-rack, certSerialId: null}
2019-10-04 20:10:53,548 [grpc-default-executor-4] INFO  impl.RaftServerProxy (RaftServerProxy.java:addNew(89)) - dab34357-35b3-485b-984e-dcae7cbc0f49: addNew group-66E1E1AA8B41:[e04b99d0-8bbc-4c1c-a9de-5944076146fd:192.168.30.33:34788, 5e400295-ce64-4c28-8c48-4b33f1a0ac86:192.168.30.33:38513, dab34357-35b3-485b-984e-dcae7cbc0f49:192.168.30.33:43420] returns group-66E1E1AA8B41:java.util.concurrent.CompletableFuture@50c1fe20[Not completed]
2019-10-04 20:10:53,549 [grpc-default-executor-7] INFO  impl.RaftServerProxy (RaftServerProxy.java:addNew(89)) - e04b99d0-8bbc-4c1c-a9de-5944076146fd: addNew group-66E1E1AA8B41:[e04b99d0-8bbc-4c1c-a9de-5944076146fd:192.168.30.33:34788, 5e400295-ce64-4c28-8c48-4b33f1a0ac86:192.168.30.33:38513, dab34357-35b3-485b-984e-dcae7cbc0f49:192.168.30.33:43420] returns group-66E1E1AA8B41:java.util.concurrent.CompletableFuture@1c3e7bb2[Not completed]
2019-10-04 20:10:53,549 [grpc-default-executor-4] INFO  impl.RaftServerProxy (RaftServerProxy.java:addNew(89)) - 5e400295-ce64-4c28-8c48-4b33f1a0ac86: addNew group-66E1E1AA8B41:[e04b99d0-8bbc-4c1c-a9de-5944076146fd:192.168.30.33:34788, 5e400295-ce64-4c28-8c48-4b33f1a0ac86:192.168.30.33:38513, dab34357-35b3-485b-984e-dcae7cbc0f49:192.168.30.33:43420] returns group-66E1E1AA8B41:java.util.concurrent.CompletableFuture@2ea18c7[Not completed]
2019-10-04 20:10:53,549 [pool-403-thread-1] INFO  impl.RaftServerImpl (RaftServerImpl.java:<init>(95)) - dab34357-35b3-485b-984e-dcae7cbc0f49: new RaftServerImpl for group-66E1E1AA8B41:[e04b99d0-8bbc-4c1c-a9de-5944076146fd:192.168.30.33:34788, 5e400295-ce64-4c28-8c48-4b33f1a0ac86:192.168.30.33:38513, dab34357-35b3-485b-984e-dcae7cbc0f49:192.168.30.33:43420] with ContainerStateMachine:uninitialized
2019-10-04 20:10:53,550 [pool-403-thread-1] INFO  server.RaftServerConfigKeys (ConfUtils.java:logGet(43)) - raft.server.rpc.timeout.min = 5s (custom)
2019-10-04 20:10:53,550 [pool-403-thread-1] INFO  server.RaftServerConfigKeys (ConfUtils.java:logGet(43)) - raft.server.rpc.timeout.max = 5200ms (custom)
2019-10-04 20:10:53,550 [pool-403-thread-1] INFO  server.RaftServerConfigKeys (ConfUtils.java:logGet(43)) - raft.server.rpcslowness.timeout = 120s (custom)
2019-10-04 20:10:53,550 [pool-393-thread-1] INFO  impl.RaftServerImpl (RaftServerImpl.java:<init>(95)) - 5e400295-ce64-4c28-8c48-4b33f1a0ac86: new RaftServerImpl for group-66E1E1AA8B41:[e04b99d0-8bbc-4c1c-a9de-5944076146fd:192.168.30.33:34788, 5e400295-ce64-4c28-8c48-4b33f1a0ac86:192.168.30.33:38513, dab34357-35b3-485b-984e-dcae7cbc0f49:192.168.30.33:43420] with ContainerStateMachine:uninitialized
2019-10-04 20:10:53,550 [pool-403-thread-1] INFO  server.RaftServerConfigKeys (ConfUtils.java:logGet(43)) - raft.server.sleep.deviation.threshold = 300 (default)
2019-10-04 20:10:53,550 [pool-393-thread-1] INFO  server.RaftServerConfigKeys (ConfUtils.java:logGet(43)) - raft.server.rpc.timeout.min = 5s (custom)
2019-10-04 20:10:53,550 [pool-383-thread-1] INFO  impl.RaftServerImpl (RaftServerImpl.java:<init>(95)) - e04b99d0-8bbc-4c1c-a9de-5944076146fd: new RaftServerImpl for group-66E1E1AA8B41:[e04b99d0-8bbc-4c1c-a9de-5944076146fd:192.168.30.33:34788, 5e400295-ce64-4c28-8c48-4b33f1a0ac86:192.168.30.33:38513, dab34357-35b3-485b-984e-dcae7cbc0f49:192.168.30.33:43420] with ContainerStateMachine:uninitialized
2019-10-04 20:10:53,550 [pool-393-thread-1] INFO  server.RaftServerConfigKeys (ConfUtils.java:logGet(43)) - raft.server.rpc.timeout.max = 5200ms (custom)
2019-10-04 20:10:53,550 [pool-403-thread-1] INFO  server.RaftServerConfigKeys (ConfUtils.java:logGet(43)) - raft.server.log.appender.install.snapshot.enabled = false (custom)
2019-10-04 20:10:53,551 [pool-393-thread-1] INFO  server.RaftServerConfigKeys (ConfUtils.java:logGet(43)) - raft.server.rpcslowness.timeout = 120s (custom)
2019-10-04 20:10:53,550 [pool-383-thread-1] INFO  server.RaftServerConfigKeys (ConfUtils.java:logGet(43)) - raft.server.rpc.timeout.min = 5s (custom)
2019-10-04 20:10:53,551 [pool-393-thread-1] INFO  server.RaftServerConfigKeys (ConfUtils.java:logGet(43)) - raft.server.sleep.deviation.threshold = 300 (default)
2019-10-04 20:10:53,551 [pool-403-thread-1] INFO  impl.RaftServerImpl (ServerState.java:<init>(103)) - dab34357-35b3-485b-984e-dcae7cbc0f49@group-66E1E1AA8B41: ConfigurationManager, init=-1: [e04b99d0-8bbc-4c1c-a9de-5944076146fd:192.168.30.33:34788, 5e400295-ce64-4c28-8c48-4b33f1a0ac86:192.168.30.33:38513, dab34357-35b3-485b-984e-dcae7cbc0f49:192.168.30.33:43420], old=null, confs=<EMPTY_MAP>
2019-10-04 20:10:53,551 [pool-393-thread-1] INFO  server.RaftServerConfigKeys (ConfUtils.java:logGet(43)) - raft.server.log.appender.install.snapshot.enabled = false (custom)
2019-10-04 20:10:53,551 [pool-383-thread-1] INFO  server.RaftServerConfigKeys (ConfUtils.java:logGet(43)) - raft.server.rpc.timeout.max = 5200ms (custom)
2019-10-04 20:10:53,551 [pool-393-thread-1] INFO  impl.RaftServerImpl (ServerState.java:<init>(103)) - 5e400295-ce64-4c28-8c48-4b33f1a0ac86@group-66E1E1AA8B41: ConfigurationManager, init=-1: [e04b99d0-8bbc-4c1c-a9de-5944076146fd:192.168.30.33:34788, 5e400295-ce64-4c28-8c48-4b33f1a0ac86:192.168.30.33:38513, dab34357-35b3-485b-984e-dcae7cbc0f49:192.168.30.33:43420], old=null, confs=<EMPTY_MAP>
2019-10-04 20:10:53,551 [pool-403-thread-1] INFO  server.RaftServerConfigKeys (ConfUtils.java:logGet(43)) - raft.server.storage.dir = [/workdir/hadoop-ozone/integration-test/target/test-dir/MiniOzoneClusterImpl-390a7ef6-be58-4e63-a9d8-0723f2b752f8/datanode-2/data/ratis] (custom)
2019-10-04 20:10:53,552 [pool-393-thread-1] INFO  server.RaftServerConfigKeys (ConfUtils.java:logGet(43)) - raft.server.storage.dir = [/workdir/hadoop-ozone/integration-test/target/test-dir/MiniOzoneClusterImpl-390a7ef6-be58-4e63-a9d8-0723f2b752f8/datanode-1/data/ratis] (custom)
2019-10-04 20:10:53,551 [pool-383-thread-1] INFO  server.RaftServerConfigKeys (ConfUtils.java:logGet(43)) - raft.server.rpcslowness.timeout = 120s (custom)
2019-10-04 20:10:53,552 [pool-403-thread-1] INFO  server.RaftServerConfigKeys (ConfUtils.java:logGet(43)) - raft.server.log.corruption.policy = EXCEPTION (default)
2019-10-04 20:10:53,552 [pool-393-thread-1] INFO  server.RaftServerConfigKeys (ConfUtils.java:logGet(43)) - raft.server.log.corruption.policy = EXCEPTION (default)
2019-10-04 20:10:53,552 [pool-403-thread-1] INFO  storage.RaftStorageDirectory (RaftStorageDirectory.java:analyzeStorage(246)) - The storage directory /workdir/hadoop-ozone/integration-test/target/test-dir/MiniOzoneClusterImpl-390a7ef6-be58-4e63-a9d8-0723f2b752f8/datanode-2/data/ratis/40718854-0525-4be0-93ad-66e1e1aa8b41 does not exist. Creating ...
2019-10-04 20:10:53,552 [pool-383-thread-1] INFO  server.RaftServerConfigKeys (ConfUtils.java:logGet(43)) - raft.server.sleep.deviation.threshold = 300 (default)
2019-10-04 20:10:53,552 [pool-393-thread-1] INFO  storage.RaftStorageDirectory (RaftStorageDirectory.java:analyzeStorage(246)) - The storage directory /workdir/hadoop-ozone/integration-test/target/test-dir/MiniOzoneClusterImpl-390a7ef6-be58-4e63-a9d8-0723f2b752f8/datanode-1/data/ratis/40718854-0525-4be0-93ad-66e1e1aa8b41 does not exist. Creating ...
2019-10-04 20:10:53,552 [pool-383-thread-1] INFO  server.RaftServerConfigKeys (ConfUtils.java:logGet(43)) - raft.server.log.appender.install.snapshot.enabled = false (custom)
2019-10-04 20:10:53,553 [pool-383-thread-1] INFO  impl.RaftServerImpl (ServerState.java:<init>(103)) - e04b99d0-8bbc-4c1c-a9de-5944076146fd@group-66E1E1AA8B41: ConfigurationManager, init=-1: [e04b99d0-8bbc-4c1c-a9de-5944076146fd:192.168.30.33:34788, 5e400295-ce64-4c28-8c48-4b33f1a0ac86:192.168.30.33:38513, dab34357-35b3-485b-984e-dcae7cbc0f49:192.168.30.33:43420], old=null, confs=<EMPTY_MAP>
2019-10-04 20:10:53,553 [pool-383-thread-1] INFO  server.RaftServerConfigKeys (ConfUtils.java:logGet(43)) - raft.server.storage.dir = [/workdir/hadoop-ozone/integration-test/target/test-dir/MiniOzoneClusterImpl-390a7ef6-be58-4e63-a9d8-0723f2b752f8/datanode-0/data/ratis] (custom)
2019-10-04 20:10:53,553 [pool-383-thread-1] INFO  server.RaftServerConfigKeys (ConfUtils.java:logGet(43)) - raft.server.log.corruption.policy = EXCEPTION (default)
2019-10-04 20:10:53,553 [pool-383-thread-1] INFO  storage.RaftStorageDirectory (RaftStorageDirectory.java:analyzeStorage(246)) - The storage directory /workdir/hadoop-ozone/integration-test/target/test-dir/MiniOzoneClusterImpl-390a7ef6-be58-4e63-a9d8-0723f2b752f8/datanode-0/data/ratis/40718854-0525-4be0-93ad-66e1e1aa8b41 does not exist. Creating ...
2019-10-04 20:10:53,575 [pool-393-thread-1] INFO  storage.RaftStorageDirectory (RaftStorageDirectory.java:tryLock(328)) - Lock on /workdir/hadoop-ozone/integration-test/target/test-dir/MiniOzoneClusterImpl-390a7ef6-be58-4e63-a9d8-0723f2b752f8/datanode-1/data/ratis/40718854-0525-4be0-93ad-66e1e1aa8b41/in_use.lock acquired by nodename 12932@pr-hdds-2239-ctfdh-543981580
2019-10-04 20:10:53,575 [pool-403-thread-1] INFO  storage.RaftStorageDirectory (RaftStorageDirectory.java:tryLock(328)) - Lock on /workdir/hadoop-ozone/integration-test/target/test-dir/MiniOzoneClusterImpl-390a7ef6-be58-4e63-a9d8-0723f2b752f8/datanode-2/data/ratis/40718854-0525-4be0-93ad-66e1e1aa8b41/in_use.lock acquired by nodename 12932@pr-hdds-2239-ctfdh-543981580
2019-10-04 20:10:53,575 [pool-383-thread-1] INFO  storage.RaftStorageDirectory (RaftStorageDirectory.java:tryLock(328)) - Lock on /workdir/hadoop-ozone/integration-test/target/test-dir/MiniOzoneClusterImpl-390a7ef6-be58-4e63-a9d8-0723f2b752f8/datanode-0/data/ratis/40718854-0525-4be0-93ad-66e1e1aa8b41/in_use.lock acquired by nodename 12932@pr-hdds-2239-ctfdh-543981580
2019-10-04 20:10:53,601 [pool-383-thread-1] INFO  storage.RaftStorage (RaftStorage.java:format(84)) - Storage directory /workdir/hadoop-ozone/integration-test/target/test-dir/MiniOzoneClusterImpl-390a7ef6-be58-4e63-a9d8-0723f2b752f8/datanode-0/data/ratis/40718854-0525-4be0-93ad-66e1e1aa8b41 has been successfully formatted.
2019-10-04 20:10:53,601 [pool-393-thread-1] INFO  storage.RaftStorage (RaftStorage.java:format(84)) - Storage directory /workdir/hadoop-ozone/integration-test/target/test-dir/MiniOzoneClusterImpl-390a7ef6-be58-4e63-a9d8-0723f2b752f8/datanode-1/data/ratis/40718854-0525-4be0-93ad-66e1e1aa8b41 has been successfully formatted.
2019-10-04 20:10:53,601 [pool-403-thread-1] INFO  storage.RaftStorage (RaftStorage.java:format(84)) - Storage directory /workdir/hadoop-ozone/integration-test/target/test-dir/MiniOzoneClusterImpl-390a7ef6-be58-4e63-a9d8-0723f2b752f8/datanode-2/data/ratis/40718854-0525-4be0-93ad-66e1e1aa8b41 has been successfully formatted.
2019-10-04 20:10:53,601 [pool-393-thread-1] INFO  ratis.ContainerStateMachine (ContainerStateMachine.java:loadSnapshot(230)) - group-66E1E1AA8B41: The snapshot info is null. Setting the last applied indexto:(t:0, i:~)
2019-10-04 20:10:53,601 [pool-403-thread-1] INFO  ratis.ContainerStateMachine (ContainerStateMachine.java:loadSnapshot(230)) - group-66E1E1AA8B41: The snapshot info is null. Setting the last applied indexto:(t:0, i:~)
2019-10-04 20:10:53,601 [pool-383-thread-1] INFO  ratis.ContainerStateMachine (ContainerStateMachine.java:loadSnapshot(230)) - group-66E1E1AA8B41: The snapshot info is null. Setting the last applied indexto:(t:0, i:~)
2019-10-04 20:10:53,602 [pool-403-thread-1] INFO  server.RaftServerConfigKeys (ConfUtils.java:logGet(43)) - raft.server.notification.no-leader.timeout = 120s (custom)
2019-10-04 20:10:53,601 [pool-393-thread-1] INFO  server.RaftServerConfigKeys (ConfUtils.java:logGet(43)) - raft.server.notification.no-leader.timeout = 120s (custom)
2019-10-04 20:10:53,602 [pool-403-thread-1] INFO  server.RaftServerConfigKeys (ConfUtils.java:logGet(43)) - raft.server.log.use.memory = false (default)
2019-10-04 20:10:53,602 [pool-383-thread-1] INFO  server.RaftServerConfigKeys (ConfUtils.java:logGet(43)) - raft.server.notification.no-leader.timeout = 120s (custom)
2019-10-04 20:10:53,602 [pool-403-thread-1] INFO  server.RaftServerConfigKeys (ConfUtils.java:logGet(43)) - raft.server.log.purge.gap = 1000000 (custom)
2019-10-04 20:10:53,602 [pool-393-thread-1] INFO  server.RaftServerConfigKeys (ConfUtils.java:logGet(43)) - raft.server.log.use.memory = false (default)
2019-10-04 20:10:53,602 [pool-403-thread-1] INFO  server.RaftServerConfigKeys (ConfUtils.java:logGet(43)) - raft.server.log.appender.buffer.byte-limit = 33554432 (custom)
2019-10-04 20:10:53,602 [pool-383-thread-1] INFO  server.RaftServerConfigKeys (ConfUtils.java:logGet(43)) - raft.server.log.use.memory = false (default)
2019-10-04 20:10:53,602 [pool-403-thread-1] INFO  server.RaftServerConfigKeys (ConfUtils.java:logGet(43)) - raft.server.log.segment.size.max = 1048576 (custom)
2019-10-04 20:10:53,602 [pool-393-thread-1] INFO  server.RaftServerConfigKeys (ConfUtils.java:logGet(43)) - raft.server.log.purge.gap = 1000000 (custom)
2019-10-04 20:10:53,602 [pool-403-thread-1] INFO  server.RaftServerConfigKeys (ConfUtils.java:logGet(43)) - raft.server.log.segment.cache.num.max = 2 (custom)
2019-10-04 20:10:53,602 [pool-383-thread-1] INFO  server.RaftServerConfigKeys (ConfUtils.java:logGet(43)) - raft.server.log.purge.gap = 1000000 (custom)
2019-10-04 20:10:53,603 [pool-403-thread-1] INFO  segmented.SegmentedRaftLogWorker (SegmentedRaftLogWorker.java:<init>(173)) - new dab34357-35b3-485b-984e-dcae7cbc0f49@group-66E1E1AA8B41-SegmentedRaftLogWorker for RaftStorage:Storage Directory /workdir/hadoop-ozone/integration-test/target/test-dir/MiniOzoneClusterImpl-390a7ef6-be58-4e63-a9d8-0723f2b752f8/datanode-2/data/ratis/40718854-0525-4be0-93ad-66e1e1aa8b41
2019-10-04 20:10:53,603 [pool-393-thread-1] INFO  server.RaftServerConfigKeys (ConfUtils.java:logGet(43)) - raft.server.log.appender.buffer.byte-limit = 33554432 (custom)
2019-10-04 20:10:53,603 [pool-403-thread-1] INFO  server.RaftServerConfigKeys (ConfUtils.java:logGet(43)) - raft.server.log.queue.byte-limit = 2147483647 (custom)
2019-10-04 20:10:53,603 [pool-383-thread-1] INFO  server.RaftServerConfigKeys (ConfUtils.java:logGet(43)) - raft.server.log.appender.buffer.byte-limit = 33554432 (custom)
2019-10-04 20:10:53,603 [pool-403-thread-1] INFO  server.RaftServerConfigKeys (ConfUtils.java:logGet(43)) - raft.server.log.queue.element-limit = 1024 (custom)
2019-10-04 20:10:53,603 [pool-393-thread-1] INFO  server.RaftServerConfigKeys (ConfUtils.java:logGet(43)) - raft.server.log.segment.size.max = 1048576 (custom)
2019-10-04 20:10:53,603 [pool-403-thread-1] INFO  server.RaftServerConfigKeys (ConfUtils.java:logGet(43)) - raft.server.log.segment.size.max = 1048576 (custom)
2019-10-04 20:10:53,603 [pool-383-thread-1] INFO  server.RaftServerConfigKeys (ConfUtils.java:logGet(43)) - raft.server.log.segment.size.max = 1048576 (custom)
2019-10-04 20:10:53,603 [pool-403-thread-1] INFO  server.RaftServerConfigKeys (ConfUtils.java:logGet(43)) - raft.server.log.preallocated.size = 16384 (custom)
2019-10-04 20:10:53,603 [pool-393-thread-1] INFO  server.RaftServerConfigKeys (ConfUtils.java:logGet(43)) - raft.server.log.segment.cache.num.max = 2 (custom)
2019-10-04 20:10:53,604 [pool-403-thread-1] INFO  server.RaftServerConfigKeys (ConfUtils.java:logGet(43)) - raft.server.log.write.buffer.size = 33554432 (custom)
2019-10-04 20:10:53,604 [pool-383-thread-1] INFO  server.RaftServerConfigKeys (ConfUtils.java:logGet(43)) - raft.server.log.segment.cache.num.max = 2 (custom)
2019-10-04 20:10:53,604 [pool-403-thread-1] INFO  server.RaftServerConfigKeys (ConfUtils.java:logGet(43)) - raft.server.log.force.sync.num = 128 (default)
2019-10-04 20:10:53,604 [pool-393-thread-1] INFO  segmented.SegmentedRaftLogWorker (SegmentedRaftLogWorker.java:<init>(173)) - new 5e400295-ce64-4c28-8c48-4b33f1a0ac86@group-66E1E1AA8B41-SegmentedRaftLogWorker for RaftStorage:Storage Directory /workdir/hadoop-ozone/integration-test/target/test-dir/MiniOzoneClusterImpl-390a7ef6-be58-4e63-a9d8-0723f2b752f8/datanode-1/data/ratis/40718854-0525-4be0-93ad-66e1e1aa8b41
2019-10-04 20:10:53,604 [pool-403-thread-1] INFO  server.RaftServerConfigKeys (ConfUtils.java:logGet(43)) - raft.server.log.statemachine.data.sync = true (default)
2019-10-04 20:10:53,604 [pool-383-thread-1] INFO  segmented.SegmentedRaftLogWorker (SegmentedRaftLogWorker.java:<init>(173)) - new e04b99d0-8bbc-4c1c-a9de-5944076146fd@group-66E1E1AA8B41-SegmentedRaftLogWorker for RaftStorage:Storage Directory /workdir/hadoop-ozone/integration-test/target/test-dir/MiniOzoneClusterImpl-390a7ef6-be58-4e63-a9d8-0723f2b752f8/datanode-0/data/ratis/40718854-0525-4be0-93ad-66e1e1aa8b41
2019-10-04 20:10:53,604 [pool-403-thread-1] INFO  server.RaftServerConfigKeys (ConfUtils.java:logGet(43)) - raft.server.log.statemachine.data.sync.timeout = 10s (default)
2019-10-04 20:10:53,604 [pool-393-thread-1] INFO  server.RaftServerConfigKeys (ConfUtils.java:logGet(43)) - raft.server.log.queue.byte-limit = 2147483647 (custom)
2019-10-04 20:10:53,604 [pool-403-thread-1] INFO  server.RaftServerConfigKeys (ConfUtils.java:logGet(43)) - raft.server.log.statemachine.data.sync.timeout.retry = -1 (default)
2019-10-04 20:10:53,604 [pool-383-thread-1] INFO  server.RaftServerConfigKeys (ConfUtils.java:logGet(43)) - raft.server.log.queue.byte-limit = 2147483647 (custom)
2019-10-04 20:10:53,605 [pool-403-thread-1] INFO  server.RaftServerConfigKeys (ConfUtils.java:logGet(43)) - raft.server.log.statemachine.data.caching.enabled = true (custom)
2019-10-04 20:10:53,605 [pool-393-thread-1] INFO  server.RaftServerConfigKeys (ConfUtils.java:logGet(43)) - raft.server.log.queue.element-limit = 1024 (custom)
2019-10-04 20:10:53,605 [pool-383-thread-1] INFO  server.RaftServerConfigKeys (ConfUtils.java:logGet(43)) - raft.server.log.queue.element-limit = 1024 (custom)
2019-10-04 20:10:53,605 [pool-393-thread-1] INFO  server.RaftServerConfigKeys (ConfUtils.java:logGet(43)) - raft.server.log.segment.size.max = 1048576 (custom)
2019-10-04 20:10:53,605 [pool-403-thread-1] INFO  segmented.SegmentedRaftLogWorker (SegmentedRaftLogWorker.java:lambda$new$0(128)) - dab34357-35b3-485b-984e-dcae7cbc0f49@group-66E1E1AA8B41-SegmentedRaftLogWorker: flushIndex: setUnconditionally 0 -> -1
2019-10-04 20:10:53,605 [pool-393-thread-1] INFO  server.RaftServerConfigKeys (ConfUtils.java:logGet(43)) - raft.server.log.preallocated.size = 16384 (custom)
2019-10-04 20:10:53,605 [pool-383-thread-1] INFO  server.RaftServerConfigKeys (ConfUtils.java:logGet(43)) - raft.server.log.segment.size.max = 1048576 (custom)
2019-10-04 20:10:53,605 [pool-403-thread-1] INFO  server.RaftServerConfigKeys (ConfUtils.java:logGet(43)) - raft.server.snapshot.auto.trigger.enabled = true (custom)
2019-10-04 20:10:53,605 [pool-393-thread-1] INFO  server.RaftServerConfigKeys (ConfUtils.java:logGet(43)) - raft.server.log.write.buffer.size = 33554432 (custom)
2019-10-04 20:10:53,606 [pool-403-thread-1] INFO  server.RaftServerConfigKeys (ConfUtils.java:logGet(43)) - raft.server.snapshot.auto.trigger.threshold = 10000 (custom)
2019-10-04 20:10:53,605 [pool-383-thread-1] INFO  server.RaftServerConfigKeys (ConfUtils.java:logGet(43)) - raft.server.log.preallocated.size = 16384 (custom)
2019-10-04 20:10:53,606 [pool-403-thread-1] INFO  server.RaftServerConfigKeys (ConfUtils.java:logGet(43)) - raft.server.snapshot.retention.file.num = 5 (custom)
2019-10-04 20:10:53,606 [pool-393-thread-1] INFO  server.RaftServerConfigKeys (ConfUtils.java:logGet(43)) - raft.server.log.force.sync.num = 128 (default)
2019-10-04 20:10:53,606 [pool-403-thread-1] INFO  server.RaftServerConfigKeys (ConfUtils.java:logGet(43)) - raft.server.retrycache.expirytime = 600000ms (custom)
2019-10-04 20:10:53,606 [pool-383-thread-1] INFO  server.RaftServerConfigKeys (ConfUtils.java:logGet(43)) - raft.server.log.write.buffer.size = 33554432 (custom)
2019-10-04 20:10:53,606 [pool-393-thread-1] INFO  server.RaftServerConfigKeys (ConfUtils.java:logGet(43)) - raft.server.log.statemachine.data.sync = true (default)
2019-10-04 20:10:53,606 [pool-383-thread-1] INFO  server.RaftServerConfigKeys (ConfUtils.java:logGet(43)) - raft.server.log.force.sync.num = 128 (default)
2019-10-04 20:10:53,606 [pool-393-thread-1] INFO  server.RaftServerConfigKeys (ConfUtils.java:logGet(43)) - raft.server.log.statemachine.data.sync.timeout = 10s (default)
2019-10-04 20:10:53,606 [pool-383-thread-1] INFO  server.RaftServerConfigKeys (ConfUtils.java:logGet(43)) - raft.server.log.statemachine.data.sync = true (default)
2019-10-04 20:10:53,607 [pool-393-thread-1] INFO  server.RaftServerConfigKeys (ConfUtils.java:logGet(43)) - raft.server.log.statemachine.data.sync.timeout.retry = -1 (default)
2019-10-04 20:10:53,607 [pool-383-thread-1] INFO  server.RaftServerConfigKeys (ConfUtils.java:logGet(43)) - raft.server.log.statemachine.data.sync.timeout = 10s (default)
2019-10-04 20:10:53,607 [pool-393-thread-1] INFO  server.RaftServerConfigKeys (ConfUtils.java:logGet(43)) - raft.server.log.statemachine.data.caching.enabled = true (custom)
2019-10-04 20:10:53,607 [pool-383-thread-1] INFO  server.RaftServerConfigKeys (ConfUtils.java:logGet(43)) - raft.server.log.statemachine.data.sync.timeout.retry = -1 (default)
2019-10-04 20:10:53,607 [pool-383-thread-1] INFO  server.RaftServerConfigKeys (ConfUtils.java:logGet(43)) - raft.server.log.statemachine.data.caching.enabled = true (custom)
2019-10-04 20:10:53,607 [pool-393-thread-1] INFO  segmented.SegmentedRaftLogWorker (SegmentedRaftLogWorker.java:lambda$new$0(128)) - 5e400295-ce64-4c28-8c48-4b33f1a0ac86@group-66E1E1AA8B41-SegmentedRaftLogWorker: flushIndex: setUnconditionally 0 -> -1
2019-10-04 20:10:53,607 [pool-403-thread-1] INFO  impl.RaftServerImpl (RaftServerImpl.java:start(181)) - dab34357-35b3-485b-984e-dcae7cbc0f49@group-66E1E1AA8B41: start as a follower, conf=-1: [e04b99d0-8bbc-4c1c-a9de-5944076146fd:192.168.30.33:34788, 5e400295-ce64-4c28-8c48-4b33f1a0ac86:192.168.30.33:38513, dab34357-35b3-485b-984e-dcae7cbc0f49:192.168.30.33:43420], old=null
2019-10-04 20:10:53,607 [pool-383-thread-1] INFO  segmented.SegmentedRaftLogWorker (SegmentedRaftLogWorker.java:lambda$new$0(128)) - e04b99d0-8bbc-4c1c-a9de-5944076146fd@group-66E1E1AA8B41-SegmentedRaftLogWorker: flushIndex: setUnconditionally 0 -> -1
2019-10-04 20:10:53,608 [pool-393-thread-1] INFO  server.RaftServerConfigKeys (ConfUtils.java:logGet(43)) - raft.server.snapshot.auto.trigger.enabled = true (custom)
2019-10-04 20:10:53,608 [pool-383-thread-1] INFO  server.RaftServerConfigKeys (ConfUtils.java:logGet(43)) - raft.server.snapshot.auto.trigger.enabled = true (custom)
2019-10-04 20:10:53,608 [pool-403-thread-1] INFO  impl.RaftServerImpl (RaftServerImpl.java:setRole(170)) - dab34357-35b3-485b-984e-dcae7cbc0f49@group-66E1E1AA8B41: changes role from      null to FOLLOWER at term 0 for startAsFollower
2019-10-04 20:10:53,608 [pool-383-thread-1] INFO  server.RaftServerConfigKeys (ConfUtils.java:logGet(43)) - raft.server.snapshot.auto.trigger.threshold = 10000 (custom)
2019-10-04 20:10:53,608 [pool-393-thread-1] INFO  server.RaftServerConfigKeys (ConfUtils.java:logGet(43)) - raft.server.snapshot.auto.trigger.threshold = 10000 (custom)
2019-10-04 20:10:53,608 [pool-383-thread-1] INFO  server.RaftServerConfigKeys (ConfUtils.java:logGet(43)) - raft.server.snapshot.retention.file.num = 5 (custom)
2019-10-04 20:10:53,608 [pool-403-thread-1] INFO  impl.RoleInfo (RoleInfo.java:updateAndGet(143)) - dab34357-35b3-485b-984e-dcae7cbc0f49: start FollowerState
2019-10-04 20:10:53,608 [pool-383-thread-1] INFO  server.RaftServerConfigKeys (ConfUtils.java:logGet(43)) - raft.server.retrycache.expirytime = 600000ms (custom)
2019-10-04 20:10:53,608 [pool-393-thread-1] INFO  server.RaftServerConfigKeys (ConfUtils.java:logGet(43)) - raft.server.snapshot.retention.file.num = 5 (custom)
2019-10-04 20:10:53,609 [pool-403-thread-1] INFO  util.JmxRegister (JmxRegister.java:tryRegister(44)) - Successfully registered JMX Bean with object name Ratis:service=RaftServer,group=group-66E1E1AA8B41,id=dab34357-35b3-485b-984e-dcae7cbc0f49
2019-10-04 20:10:53,609 [pool-393-thread-1] INFO  server.RaftServerConfigKeys (ConfUtils.java:logGet(43)) - raft.server.retrycache.expirytime = 600000ms (custom)
2019-10-04 20:10:53,611 [pool-383-thread-1] INFO  impl.RaftServerImpl (RaftServerImpl.java:start(181)) - e04b99d0-8bbc-4c1c-a9de-5944076146fd@group-66E1E1AA8B41: start as a follower, conf=-1: [e04b99d0-8bbc-4c1c-a9de-5944076146fd:192.168.30.33:34788, 5e400295-ce64-4c28-8c48-4b33f1a0ac86:192.168.30.33:38513, dab34357-35b3-485b-984e-dcae7cbc0f49:192.168.30.33:43420], old=null
2019-10-04 20:10:53,611 [pool-383-thread-1] INFO  impl.RaftServerImpl (RaftServerImpl.java:setRole(170)) - e04b99d0-8bbc-4c1c-a9de-5944076146fd@group-66E1E1AA8B41: changes role from      null to FOLLOWER at term 0 for startAsFollower
2019-10-04 20:10:53,611 [pool-383-thread-1] INFO  impl.RoleInfo (RoleInfo.java:updateAndGet(143)) - e04b99d0-8bbc-4c1c-a9de-5944076146fd: start FollowerState
2019-10-04 20:10:53,612 [pool-383-thread-1] INFO  util.JmxRegister (JmxRegister.java:tryRegister(44)) - Successfully registered JMX Bean with object name Ratis:service=RaftServer,group=group-66E1E1AA8B41,id=e04b99d0-8bbc-4c1c-a9de-5944076146fd
2019-10-04 20:10:53,612 [pool-393-thread-1] INFO  impl.RaftServerImpl (RaftServerImpl.java:start(181)) - 5e400295-ce64-4c28-8c48-4b33f1a0ac86@group-66E1E1AA8B41: start as a follower, conf=-1: [e04b99d0-8bbc-4c1c-a9de-5944076146fd:192.168.30.33:34788, 5e400295-ce64-4c28-8c48-4b33f1a0ac86:192.168.30.33:38513, dab34357-35b3-485b-984e-dcae7cbc0f49:192.168.30.33:43420], old=null
2019-10-04 20:10:53,612 [pool-393-thread-1] INFO  impl.RaftServerImpl (RaftServerImpl.java:setRole(170)) - 5e400295-ce64-4c28-8c48-4b33f1a0ac86@group-66E1E1AA8B41: changes role from      null to FOLLOWER at term 0 for startAsFollower
2019-10-04 20:10:53,612 [pool-393-thread-1] INFO  impl.RoleInfo (RoleInfo.java:updateAndGet(143)) - 5e400295-ce64-4c28-8c48-4b33f1a0ac86: start FollowerState
2019-10-04 20:10:53,613 [pool-393-thread-1] INFO  util.JmxRegister (JmxRegister.java:tryRegister(44)) - Successfully registered JMX Bean with object name Ratis:service=RaftServer,group=group-66E1E1AA8B41,id=5e400295-ce64-4c28-8c48-4b33f1a0ac86
2019-10-04 20:10:53,617 [RatisPipelineUtilsThread] INFO  pipeline.PipelineStateManager (PipelineStateManager.java:addPipeline(56)) - Created pipeline Pipeline[ Id: 40718854-0525-4be0-93ad-66e1e1aa8b41, Nodes: 5e400295-ce64-4c28-8c48-4b33f1a0ac86{ip: 192.168.30.33, host: pr-hdds-2239-ctfdh-543981580, networkLocation: /default-rack, certSerialId: null}dab34357-35b3-485b-984e-dcae7cbc0f49{ip: 192.168.30.33, host: pr-hdds-2239-ctfdh-543981580, networkLocation: /default-rack, certSerialId: null}e04b99d0-8bbc-4c1c-a9de-5944076146fd{ip: 192.168.30.33, host: pr-hdds-2239-ctfdh-543981580, networkLocation: /default-rack, certSerialId: null}, Type:RATIS, Factor:THREE, State:OPEN]
2019-10-04 20:10:53,643 [IPC Server handler 5 on 44939] INFO  net.NetworkTopology (NetworkTopologyImpl.java:add(111)) - Added a new node: /default-rack/c926f757-4d63-4e51-8c13-9b2f012e731b
2019-10-04 20:10:53,648 [IPC Server handler 5 on 44939] INFO  node.SCMNodeManager (SCMNodeManager.java:register(268)) - Registered Data node : c926f757-4d63-4e51-8c13-9b2f012e731b{ip: 192.168.30.33, host: pr-hdds-2239-ctfdh-543981580, networkLocation: /default-rack, certSerialId: null}
2019-10-04 20:10:53,654 [grpc-default-executor-4] INFO  impl.RaftServerProxy (RaftServerProxy.java:addNew(89)) - eca600cc-6500-4eb0-aeab-eb1b376d64b0: addNew group-C9F98A5F087F:[eca600cc-6500-4eb0-aeab-eb1b376d64b0:192.168.30.33:36384] returns group-C9F98A5F087F:java.util.concurrent.CompletableFuture@3fa52dfd[Not completed]
2019-10-04 20:10:53,656 [pool-413-thread-1] INFO  impl.RaftServerImpl (RaftServerImpl.java:<init>(95)) - eca600cc-6500-4eb0-aeab-eb1b376d64b0: new RaftServerImpl for group-C9F98A5F087F:[eca600cc-6500-4eb0-aeab-eb1b376d64b0:192.168.30.33:36384] with ContainerStateMachine:uninitialized
2019-10-04 20:10:53,656 [pool-413-thread-1] INFO  server.RaftServerConfigKeys (ConfUtils.java:logGet(43)) - raft.server.rpc.timeout.min = 5s (custom)
2019-10-04 20:10:53,656 [pool-413-thread-1] INFO  server.RaftServerConfigKeys (ConfUtils.java:logGet(43)) - raft.server.rpc.timeout.max = 5200ms (custom)
2019-10-04 20:10:53,656 [pool-413-thread-1] INFO  server.RaftServerConfigKeys (ConfUtils.java:logGet(43)) - raft.server.rpcslowness.timeout = 120s (custom)
2019-10-04 20:10:53,656 [pool-413-thread-1] INFO  server.RaftServerConfigKeys (ConfUtils.java:logGet(43)) - raft.server.sleep.deviation.threshold = 300 (default)
2019-10-04 20:10:53,656 [pool-413-thread-1] INFO  server.RaftServerConfigKeys (ConfUtils.java:logGet(43)) - raft.server.log.appender.install.snapshot.enabled = false (custom)
2019-10-04 20:10:53,657 [pool-413-thread-1] INFO  impl.RaftServerImpl (ServerState.java:<init>(103)) - eca600cc-6500-4eb0-aeab-eb1b376d64b0@group-C9F98A5F087F: ConfigurationManager, init=-1: [eca600cc-6500-4eb0-aeab-eb1b376d64b0:192.168.30.33:36384], old=null, confs=<EMPTY_MAP>
2019-10-04 20:10:53,657 [pool-413-thread-1] INFO  server.RaftServerConfigKeys (ConfUtils.java:logGet(43)) - raft.server.storage.dir = [/workdir/hadoop-ozone/integration-test/target/test-dir/MiniOzoneClusterImpl-390a7ef6-be58-4e63-a9d8-0723f2b752f8/datanode-3/data/ratis] (custom)
2019-10-04 20:10:53,657 [pool-413-thread-1] INFO  server.RaftServerConfigKeys (ConfUtils.java:logGet(43)) - raft.server.log.corruption.policy = EXCEPTION (default)
2019-10-04 20:10:53,657 [pool-413-thread-1] INFO  storage.RaftStorageDirectory (RaftStorageDirectory.java:analyzeStorage(246)) - The storage directory /workdir/hadoop-ozone/integration-test/target/test-dir/MiniOzoneClusterImpl-390a7ef6-be58-4e63-a9d8-0723f2b752f8/datanode-3/data/ratis/49ad2beb-6798-4b62-ac67-c9f98a5f087f does not exist. Creating ...
2019-10-04 20:10:53,680 [pool-413-thread-1] INFO  storage.RaftStorageDirectory (RaftStorageDirectory.java:tryLock(328)) - Lock on /workdir/hadoop-ozone/integration-test/target/test-dir/MiniOzoneClusterImpl-390a7ef6-be58-4e63-a9d8-0723f2b752f8/datanode-3/data/ratis/49ad2beb-6798-4b62-ac67-c9f98a5f087f/in_use.lock acquired by nodename 12932@pr-hdds-2239-ctfdh-543981580
2019-10-04 20:10:53,703 [pool-413-thread-1] INFO  storage.RaftStorage (RaftStorage.java:format(84)) - Storage directory /workdir/hadoop-ozone/integration-test/target/test-dir/MiniOzoneClusterImpl-390a7ef6-be58-4e63-a9d8-0723f2b752f8/datanode-3/data/ratis/49ad2beb-6798-4b62-ac67-c9f98a5f087f has been successfully formatted.
2019-10-04 20:10:53,704 [pool-413-thread-1] INFO  ratis.ContainerStateMachine (ContainerStateMachine.java:loadSnapshot(230)) - group-C9F98A5F087F: The snapshot info is null. Setting the last applied indexto:(t:0, i:~)
2019-10-04 20:10:53,704 [pool-413-thread-1] INFO  server.RaftServerConfigKeys (ConfUtils.java:logGet(43)) - raft.server.notification.no-leader.timeout = 120s (custom)
2019-10-04 20:10:53,704 [pool-413-thread-1] INFO  server.RaftServerConfigKeys (ConfUtils.java:logGet(43)) - raft.server.log.use.memory = false (default)
2019-10-04 20:10:53,704 [pool-413-thread-1] INFO  server.RaftServerConfigKeys (ConfUtils.java:logGet(43)) - raft.server.log.purge.gap = 1000000 (custom)
2019-10-04 20:10:53,704 [pool-413-thread-1] INFO  server.RaftServerConfigKeys (ConfUtils.java:logGet(43)) - raft.server.log.appender.buffer.byte-limit = 33554432 (custom)
2019-10-04 20:10:53,704 [pool-413-thread-1] INFO  server.RaftServerConfigKeys (ConfUtils.java:logGet(43)) - raft.server.log.segment.size.max = 1048576 (custom)
2019-10-04 20:10:53,706 [pool-413-thread-1] INFO  server.RaftServerConfigKeys (ConfUtils.java:logGet(43)) - raft.server.log.segment.cache.num.max = 2 (custom)
2019-10-04 20:10:53,706 [pool-413-thread-1] INFO  segmented.SegmentedRaftLogWorker (SegmentedRaftLogWorker.java:<init>(173)) - new eca600cc-6500-4eb0-aeab-eb1b376d64b0@group-C9F98A5F087F-SegmentedRaftLogWorker for RaftStorage:Storage Directory /workdir/hadoop-ozone/integration-test/target/test-dir/MiniOzoneClusterImpl-390a7ef6-be58-4e63-a9d8-0723f2b752f8/datanode-3/data/ratis/49ad2beb-6798-4b62-ac67-c9f98a5f087f
2019-10-04 20:10:53,706 [pool-413-thread-1] INFO  server.RaftServerConfigKeys (ConfUtils.java:logGet(43)) - raft.server.log.queue.byte-limit = 2147483647 (custom)
2019-10-04 20:10:53,706 [pool-413-thread-1] INFO  server.RaftServerConfigKeys (ConfUtils.java:logGet(43)) - raft.server.log.queue.element-limit = 1024 (custom)
2019-10-04 20:10:53,706 [pool-413-thread-1] INFO  server.RaftServerConfigKeys (ConfUtils.java:logGet(43)) - raft.server.log.segment.size.max = 1048576 (custom)
2019-10-04 20:10:53,706 [pool-413-thread-1] INFO  server.RaftServerConfigKeys (ConfUtils.java:logGet(43)) - raft.server.log.preallocated.size = 16384 (custom)
2019-10-04 20:10:53,706 [pool-413-thread-1] INFO  server.RaftServerConfigKeys (ConfUtils.java:logGet(43)) - raft.server.log.write.buffer.size = 33554432 (custom)
2019-10-04 20:10:53,706 [pool-413-thread-1] INFO  server.RaftServerConfigKeys (ConfUtils.java:logGet(43)) - raft.server.log.force.sync.num = 128 (default)
2019-10-04 20:10:53,707 [pool-413-thread-1] INFO  server.RaftServerConfigKeys (ConfUtils.java:logGet(43)) - raft.server.log.statemachine.data.sync = true (default)
2019-10-04 20:10:53,707 [pool-413-thread-1] INFO  server.RaftServerConfigKeys (ConfUtils.java:logGet(43)) - raft.server.log.statemachine.data.sync.timeout = 10s (default)
2019-10-04 20:10:53,707 [pool-413-thread-1] INFO  server.RaftServerConfigKeys (ConfUtils.java:logGet(43)) - raft.server.log.statemachine.data.sync.timeout.retry = -1 (default)
2019-10-04 20:10:53,707 [pool-413-thread-1] INFO  server.RaftServerConfigKeys (ConfUtils.java:logGet(43)) - raft.server.log.statemachine.data.caching.enabled = true (custom)
2019-10-04 20:10:53,708 [pool-413-thread-1] INFO  segmented.SegmentedRaftLogWorker (SegmentedRaftLogWorker.java:lambda$new$0(128)) - eca600cc-6500-4eb0-aeab-eb1b376d64b0@group-C9F98A5F087F-SegmentedRaftLogWorker: flushIndex: setUnconditionally 0 -> -1
2019-10-04 20:10:53,708 [pool-413-thread-1] INFO  server.RaftServerConfigKeys (ConfUtils.java:logGet(43)) - raft.server.snapshot.auto.trigger.enabled = true (custom)
2019-10-04 20:10:53,708 [pool-413-thread-1] INFO  server.RaftServerConfigKeys (ConfUtils.java:logGet(43)) - raft.server.snapshot.auto.trigger.threshold = 10000 (custom)
2019-10-04 20:10:53,708 [pool-413-thread-1] INFO  server.RaftServerConfigKeys (ConfUtils.java:logGet(43)) - raft.server.snapshot.retention.file.num = 5 (custom)
2019-10-04 20:10:53,708 [pool-413-thread-1] INFO  server.RaftServerConfigKeys (ConfUtils.java:logGet(43)) - raft.server.retrycache.expirytime = 600000ms (custom)
2019-10-04 20:10:53,710 [pool-413-thread-1] INFO  impl.RaftServerImpl (RaftServerImpl.java:start(181)) - eca600cc-6500-4eb0-aeab-eb1b376d64b0@group-C9F98A5F087F: start as a follower, conf=-1: [eca600cc-6500-4eb0-aeab-eb1b376d64b0:192.168.30.33:36384], old=null
2019-10-04 20:10:53,710 [pool-413-thread-1] INFO  impl.RaftServerImpl (RaftServerImpl.java:setRole(170)) - eca600cc-6500-4eb0-aeab-eb1b376d64b0@group-C9F98A5F087F: changes role from      null to FOLLOWER at term 0 for startAsFollower
2019-10-04 20:10:53,710 [pool-413-thread-1] INFO  impl.RoleInfo (RoleInfo.java:updateAndGet(143)) - eca600cc-6500-4eb0-aeab-eb1b376d64b0: start FollowerState
2019-10-04 20:10:53,711 [pool-413-thread-1] INFO  util.JmxRegister (JmxRegister.java:tryRegister(44)) - Successfully registered JMX Bean with object name Ratis:service=RaftServer,group=group-C9F98A5F087F,id=eca600cc-6500-4eb0-aeab-eb1b376d64b0
2019-10-04 20:10:53,715 [RatisPipelineUtilsThread] INFO  pipeline.PipelineStateManager (PipelineStateManager.java:addPipeline(56)) - Created pipeline Pipeline[ Id: 49ad2beb-6798-4b62-ac67-c9f98a5f087f, Nodes: eca600cc-6500-4eb0-aeab-eb1b376d64b0{ip: 192.168.30.33, host: pr-hdds-2239-ctfdh-543981580, networkLocation: /default-rack, certSerialId: null}, Type:RATIS, Factor:ONE, State:OPEN]
2019-10-04 20:10:53,725 [grpc-default-executor-4] INFO  impl.RaftServerProxy (RaftServerProxy.java:addNew(89)) - c926f757-4d63-4e51-8c13-9b2f012e731b: addNew group-6598669FDD4A:[c926f757-4d63-4e51-8c13-9b2f012e731b:192.168.30.33:42130] returns group-6598669FDD4A:java.util.concurrent.CompletableFuture@2c434cb9[Not completed]
2019-10-04 20:10:53,727 [pool-423-thread-1] INFO  impl.RaftServerImpl (RaftServerImpl.java:<init>(95)) - c926f757-4d63-4e51-8c13-9b2f012e731b: new RaftServerImpl for group-6598669FDD4A:[c926f757-4d63-4e51-8c13-9b2f012e731b:192.168.30.33:42130] with ContainerStateMachine:uninitialized
2019-10-04 20:10:53,727 [pool-423-thread-1] INFO  server.RaftServerConfigKeys (ConfUtils.java:logGet(43)) - raft.server.rpc.timeout.min = 5s (custom)
2019-10-04 20:10:53,728 [pool-423-thread-1] INFO  server.RaftServerConfigKeys (ConfUtils.java:logGet(43)) - raft.server.rpc.timeout.max = 5200ms (custom)
2019-10-04 20:10:53,728 [pool-423-thread-1] INFO  server.RaftServerConfigKeys (ConfUtils.java:logGet(43)) - raft.server.rpcslowness.timeout = 120s (custom)
2019-10-04 20:10:53,728 [pool-423-thread-1] INFO  server.RaftServerConfigKeys (ConfUtils.java:logGet(43)) - raft.server.sleep.deviation.threshold = 300 (default)
2019-10-04 20:10:53,728 [pool-423-thread-1] INFO  server.RaftServerConfigKeys (ConfUtils.java:logGet(43)) - raft.server.log.appender.install.snapshot.enabled = false (custom)
2019-10-04 20:10:53,728 [pool-423-thread-1] INFO  impl.RaftServerImpl (ServerState.java:<init>(103)) - c926f757-4d63-4e51-8c13-9b2f012e731b@group-6598669FDD4A: ConfigurationManager, init=-1: [c926f757-4d63-4e51-8c13-9b2f012e731b:192.168.30.33:42130], old=null, confs=<EMPTY_MAP>
2019-10-04 20:10:53,729 [pool-423-thread-1] INFO  server.RaftServerConfigKeys (ConfUtils.java:logGet(43)) - raft.server.storage.dir = [/workdir/hadoop-ozone/integration-test/target/test-dir/MiniOzoneClusterImpl-390a7ef6-be58-4e63-a9d8-0723f2b752f8/datanode-4/data/ratis] (custom)
2019-10-04 20:10:53,729 [pool-423-thread-1] INFO  server.RaftServerConfigKeys (ConfUtils.java:logGet(43)) - raft.server.log.corruption.policy = EXCEPTION (default)
2019-10-04 20:10:53,729 [pool-423-thread-1] INFO  storage.RaftStorageDirectory (RaftStorageDirectory.java:analyzeStorage(246)) - The storage directory /workdir/hadoop-ozone/integration-test/target/test-dir/MiniOzoneClusterImpl-390a7ef6-be58-4e63-a9d8-0723f2b752f8/datanode-4/data/ratis/8555c903-b05a-4f23-808b-6598669fdd4a does not exist. Creating ...
2019-10-04 20:10:53,752 [pool-423-thread-1] INFO  storage.RaftStorageDirectory (RaftStorageDirectory.java:tryLock(328)) - Lock on /workdir/hadoop-ozone/integration-test/target/test-dir/MiniOzoneClusterImpl-390a7ef6-be58-4e63-a9d8-0723f2b752f8/datanode-4/data/ratis/8555c903-b05a-4f23-808b-6598669fdd4a/in_use.lock acquired by nodename 12932@pr-hdds-2239-ctfdh-543981580
2019-10-04 20:10:53,765 [IPC Server handler 6 on 44939] INFO  net.NetworkTopology (NetworkTopologyImpl.java:add(111)) - Added a new node: /default-rack/b1a6d1b0-b1b8-4529-b4d0-3d0a4d4e7c30
2019-10-04 20:10:53,766 [IPC Server handler 6 on 44939] INFO  node.SCMNodeManager (SCMNodeManager.java:register(268)) - Registered Data node : b1a6d1b0-b1b8-4529-b4d0-3d0a4d4e7c30{ip: 192.168.30.33, host: pr-hdds-2239-ctfdh-543981580, networkLocation: /default-rack, certSerialId: null}
2019-10-04 20:10:53,776 [pool-423-thread-1] INFO  storage.RaftStorage (RaftStorage.java:format(84)) - Storage directory /workdir/hadoop-ozone/integration-test/target/test-dir/MiniOzoneClusterImpl-390a7ef6-be58-4e63-a9d8-0723f2b752f8/datanode-4/data/ratis/8555c903-b05a-4f23-808b-6598669fdd4a has been successfully formatted.
2019-10-04 20:10:53,776 [pool-423-thread-1] INFO  ratis.ContainerStateMachine (ContainerStateMachine.java:loadSnapshot(230)) - group-6598669FDD4A: The snapshot info is null. Setting the last applied indexto:(t:0, i:~)
2019-10-04 20:10:53,776 [pool-423-thread-1] INFO  server.RaftServerConfigKeys (ConfUtils.java:logGet(43)) - raft.server.notification.no-leader.timeout = 120s (custom)
2019-10-04 20:10:53,776 [pool-423-thread-1] INFO  server.RaftServerConfigKeys (ConfUtils.java:logGet(43)) - raft.server.log.use.memory = false (default)
2019-10-04 20:10:53,777 [pool-423-thread-1] INFO  server.RaftServerConfigKeys (ConfUtils.java:logGet(43)) - raft.server.log.purge.gap = 1000000 (custom)
2019-10-04 20:10:53,777 [pool-423-thread-1] INFO  server.RaftServerConfigKeys (ConfUtils.java:logGet(43)) - raft.server.log.appender.buffer.byte-limit = 33554432 (custom)
2019-10-04 20:10:53,777 [pool-423-thread-1] INFO  server.RaftServerConfigKeys (ConfUtils.java:logGet(43)) - raft.server.log.segment.size.max = 1048576 (custom)
2019-10-04 20:10:53,779 [pool-423-thread-1] INFO  server.RaftServerConfigKeys (ConfUtils.java:logGet(43)) - raft.server.log.segment.cache.num.max = 2 (custom)
2019-10-04 20:10:53,779 [pool-423-thread-1] INFO  segmented.SegmentedRaftLogWorker (SegmentedRaftLogWorker.java:<init>(173)) - new c926f757-4d63-4e51-8c13-9b2f012e731b@group-6598669FDD4A-SegmentedRaftLogWorker for RaftStorage:Storage Directory /workdir/hadoop-ozone/integration-test/target/test-dir/MiniOzoneClusterImpl-390a7ef6-be58-4e63-a9d8-0723f2b752f8/datanode-4/data/ratis/8555c903-b05a-4f23-808b-6598669fdd4a
2019-10-04 20:10:53,780 [pool-423-thread-1] INFO  server.RaftServerConfigKeys (ConfUtils.java:logGet(43)) - raft.server.log.queue.byte-limit = 2147483647 (custom)
2019-10-04 20:10:53,780 [pool-423-thread-1] INFO  server.RaftServerConfigKeys (ConfUtils.java:logGet(43)) - raft.server.log.queue.element-limit = 1024 (custom)
2019-10-04 20:10:53,780 [pool-423-thread-1] INFO  server.RaftServerConfigKeys (ConfUtils.java:logGet(43)) - raft.server.log.segment.size.max = 1048576 (custom)
2019-10-04 20:10:53,780 [pool-423-thread-1] INFO  server.RaftServerConfigKeys (ConfUtils.java:logGet(43)) - raft.server.log.preallocated.size = 16384 (custom)
2019-10-04 20:10:53,780 [pool-423-thread-1] INFO  server.RaftServerConfigKeys (ConfUtils.java:logGet(43)) - raft.server.log.write.buffer.size = 33554432 (custom)
2019-10-04 20:10:53,780 [pool-423-thread-1] INFO  server.RaftServerConfigKeys (ConfUtils.java:logGet(43)) - raft.server.log.force.sync.num = 128 (default)
2019-10-04 20:10:53,781 [pool-423-thread-1] INFO  server.RaftServerConfigKeys (ConfUtils.java:logGet(43)) - raft.server.log.statemachine.data.sync = true (default)
2019-10-04 20:10:53,781 [pool-423-thread-1] INFO  server.RaftServerConfigKeys (ConfUtils.java:logGet(43)) - raft.server.log.statemachine.data.sync.timeout = 10s (default)
2019-10-04 20:10:53,781 [pool-423-thread-1] INFO  server.RaftServerConfigKeys (ConfUtils.java:logGet(43)) - raft.server.log.statemachine.data.sync.timeout.retry = -1 (default)
2019-10-04 20:10:53,781 [pool-423-thread-1] INFO  server.RaftServerConfigKeys (ConfUtils.java:logGet(43)) - raft.server.log.statemachine.data.caching.enabled = true (custom)
2019-10-04 20:10:53,782 [pool-423-thread-1] INFO  segmented.SegmentedRaftLogWorker (SegmentedRaftLogWorker.java:lambda$new$0(128)) - c926f757-4d63-4e51-8c13-9b2f012e731b@group-6598669FDD4A-SegmentedRaftLogWorker: flushIndex: setUnconditionally 0 -> -1
2019-10-04 20:10:53,782 [pool-423-thread-1] INFO  server.RaftServerConfigKeys (ConfUtils.java:logGet(43)) - raft.server.snapshot.auto.trigger.enabled = true (custom)
2019-10-04 20:10:53,782 [pool-423-thread-1] INFO  server.RaftServerConfigKeys (ConfUtils.java:logGet(43)) - raft.server.snapshot.auto.trigger.threshold = 10000 (custom)
2019-10-04 20:10:53,782 [pool-423-thread-1] INFO  server.RaftServerConfigKeys (ConfUtils.java:logGet(43)) - raft.server.snapshot.retention.file.num = 5 (custom)
2019-10-04 20:10:53,782 [pool-423-thread-1] INFO  server.RaftServerConfigKeys (ConfUtils.java:logGet(43)) - raft.server.retrycache.expirytime = 600000ms (custom)
2019-10-04 20:10:53,784 [pool-423-thread-1] INFO  impl.RaftServerImpl (RaftServerImpl.java:start(181)) - c926f757-4d63-4e51-8c13-9b2f012e731b@group-6598669FDD4A: start as a follower, conf=-1: [c926f757-4d63-4e51-8c13-9b2f012e731b:192.168.30.33:42130], old=null
2019-10-04 20:10:53,784 [pool-423-thread-1] INFO  impl.RaftServerImpl (RaftServerImpl.java:setRole(170)) - c926f757-4d63-4e51-8c13-9b2f012e731b@group-6598669FDD4A: changes role from      null to FOLLOWER at term 0 for startAsFollower
2019-10-04 20:10:53,784 [pool-423-thread-1] INFO  impl.RoleInfo (RoleInfo.java:updateAndGet(143)) - c926f757-4d63-4e51-8c13-9b2f012e731b: start FollowerState
2019-10-04 20:10:53,785 [pool-423-thread-1] INFO  util.JmxRegister (JmxRegister.java:tryRegister(44)) - Successfully registered JMX Bean with object name Ratis:service=RaftServer,group=group-6598669FDD4A,id=c926f757-4d63-4e51-8c13-9b2f012e731b
2019-10-04 20:10:53,789 [RatisPipelineUtilsThread] INFO  pipeline.PipelineStateManager (PipelineStateManager.java:addPipeline(56)) - Created pipeline Pipeline[ Id: 8555c903-b05a-4f23-808b-6598669fdd4a, Nodes: c926f757-4d63-4e51-8c13-9b2f012e731b{ip: 192.168.30.33, host: pr-hdds-2239-ctfdh-543981580, networkLocation: /default-rack, certSerialId: null}, Type:RATIS, Factor:ONE, State:OPEN]
2019-10-04 20:10:53,799 [grpc-default-executor-4] INFO  impl.RaftServerProxy (RaftServerProxy.java:addNew(89)) - b1a6d1b0-b1b8-4529-b4d0-3d0a4d4e7c30: addNew group-98F0160DBAE7:[b1a6d1b0-b1b8-4529-b4d0-3d0a4d4e7c30:192.168.30.33:45312] returns group-98F0160DBAE7:java.util.concurrent.CompletableFuture@2f3b449d[Not completed]
2019-10-04 20:10:53,800 [pool-433-thread-1] INFO  impl.RaftServerImpl (RaftServerImpl.java:<init>(95)) - b1a6d1b0-b1b8-4529-b4d0-3d0a4d4e7c30: new RaftServerImpl for group-98F0160DBAE7:[b1a6d1b0-b1b8-4529-b4d0-3d0a4d4e7c30:192.168.30.33:45312] with ContainerStateMachine:uninitialized
2019-10-04 20:10:53,800 [pool-433-thread-1] INFO  server.RaftServerConfigKeys (ConfUtils.java:logGet(43)) - raft.server.rpc.timeout.min = 5s (custom)
2019-10-04 20:10:53,800 [pool-433-thread-1] INFO  server.RaftServerConfigKeys (ConfUtils.java:logGet(43)) - raft.server.rpc.timeout.max = 5200ms (custom)
2019-10-04 20:10:53,800 [pool-433-thread-1] INFO  server.RaftServerConfigKeys (ConfUtils.java:logGet(43)) - raft.server.rpcslowness.timeout = 120s (custom)
2019-10-04 20:10:53,801 [pool-433-thread-1] INFO  server.RaftServerConfigKeys (ConfUtils.java:logGet(43)) - raft.server.sleep.deviation.threshold = 300 (default)
2019-10-04 20:10:53,801 [pool-433-thread-1] INFO  server.RaftServerConfigKeys (ConfUtils.java:logGet(43)) - raft.server.log.appender.install.snapshot.enabled = false (custom)
2019-10-04 20:10:53,801 [pool-433-thread-1] INFO  impl.RaftServerImpl (ServerState.java:<init>(103)) - b1a6d1b0-b1b8-4529-b4d0-3d0a4d4e7c30@group-98F0160DBAE7: ConfigurationManager, init=-1: [b1a6d1b0-b1b8-4529-b4d0-3d0a4d4e7c30:192.168.30.33:45312], old=null, confs=<EMPTY_MAP>
2019-10-04 20:10:53,801 [pool-433-thread-1] INFO  server.RaftServerConfigKeys (ConfUtils.java:logGet(43)) - raft.server.storage.dir = [/workdir/hadoop-ozone/integration-test/target/test-dir/MiniOzoneClusterImpl-390a7ef6-be58-4e63-a9d8-0723f2b752f8/datanode-5/data/ratis] (custom)
2019-10-04 20:10:53,801 [pool-433-thread-1] INFO  server.RaftServerConfigKeys (ConfUtils.java:logGet(43)) - raft.server.log.corruption.policy = EXCEPTION (default)
2019-10-04 20:10:53,802 [pool-433-thread-1] INFO  storage.RaftStorageDirectory (RaftStorageDirectory.java:analyzeStorage(246)) - The storage directory /workdir/hadoop-ozone/integration-test/target/test-dir/MiniOzoneClusterImpl-390a7ef6-be58-4e63-a9d8-0723f2b752f8/datanode-5/data/ratis/2a5fac3b-eae7-4ab7-83a9-98f0160dbae7 does not exist. Creating ...
2019-10-04 20:10:53,825 [pool-433-thread-1] INFO  storage.RaftStorageDirectory (RaftStorageDirectory.java:tryLock(328)) - Lock on /workdir/hadoop-ozone/integration-test/target/test-dir/MiniOzoneClusterImpl-390a7ef6-be58-4e63-a9d8-0723f2b752f8/datanode-5/data/ratis/2a5fac3b-eae7-4ab7-83a9-98f0160dbae7/in_use.lock acquired by nodename 12932@pr-hdds-2239-ctfdh-543981580
2019-10-04 20:10:53,842 [pool-433-thread-1] INFO  storage.RaftStorage (RaftStorage.java:format(84)) - Storage directory /workdir/hadoop-ozone/integration-test/target/test-dir/MiniOzoneClusterImpl-390a7ef6-be58-4e63-a9d8-0723f2b752f8/datanode-5/data/ratis/2a5fac3b-eae7-4ab7-83a9-98f0160dbae7 has been successfully formatted.
2019-10-04 20:10:53,842 [pool-433-thread-1] INFO  ratis.ContainerStateMachine (ContainerStateMachine.java:loadSnapshot(230)) - group-98F0160DBAE7: The snapshot info is null. Setting the last applied indexto:(t:0, i:~)
2019-10-04 20:10:53,843 [pool-433-thread-1] INFO  server.RaftServerConfigKeys (ConfUtils.java:logGet(43)) - raft.server.notification.no-leader.timeout = 120s (custom)
2019-10-04 20:10:53,843 [pool-433-thread-1] INFO  server.RaftServerConfigKeys (ConfUtils.java:logGet(43)) - raft.server.log.use.memory = false (default)
2019-10-04 20:10:53,843 [pool-433-thread-1] INFO  server.RaftServerConfigKeys (ConfUtils.java:logGet(43)) - raft.server.log.purge.gap = 1000000 (custom)
2019-10-04 20:10:53,843 [pool-433-thread-1] INFO  server.RaftServerConfigKeys (ConfUtils.java:logGet(43)) - raft.server.log.appender.buffer.byte-limit = 33554432 (custom)
2019-10-04 20:10:53,843 [pool-433-thread-1] INFO  server.RaftServerConfigKeys (ConfUtils.java:logGet(43)) - raft.server.log.segment.size.max = 1048576 (custom)
2019-10-04 20:10:53,845 [pool-433-thread-1] INFO  server.RaftServerConfigKeys (ConfUtils.java:logGet(43)) - raft.server.log.segment.cache.num.max = 2 (custom)
2019-10-04 20:10:53,845 [pool-433-thread-1] INFO  segmented.SegmentedRaftLogWorker (SegmentedRaftLogWorker.java:<init>(173)) - new b1a6d1b0-b1b8-4529-b4d0-3d0a4d4e7c30@group-98F0160DBAE7-SegmentedRaftLogWorker for RaftStorage:Storage Directory /workdir/hadoop-ozone/integration-test/target/test-dir/MiniOzoneClusterImpl-390a7ef6-be58-4e63-a9d8-0723f2b752f8/datanode-5/data/ratis/2a5fac3b-eae7-4ab7-83a9-98f0160dbae7
2019-10-04 20:10:53,845 [pool-433-thread-1] INFO  server.RaftServerConfigKeys (ConfUtils.java:logGet(43)) - raft.server.log.queue.byte-limit = 2147483647 (custom)
2019-10-04 20:10:53,845 [pool-433-thread-1] INFO  server.RaftServerConfigKeys (ConfUtils.java:logGet(43)) - raft.server.log.queue.element-limit = 1024 (custom)
2019-10-04 20:10:53,846 [pool-433-thread-1] INFO  server.RaftServerConfigKeys (ConfUtils.java:logGet(43)) - raft.server.log.segment.size.max = 1048576 (custom)
2019-10-04 20:10:53,846 [pool-433-thread-1] INFO  server.RaftServerConfigKeys (ConfUtils.java:logGet(43)) - raft.server.log.preallocated.size = 16384 (custom)
2019-10-04 20:10:53,846 [pool-433-thread-1] INFO  server.RaftServerConfigKeys (ConfUtils.java:logGet(43)) - raft.server.log.write.buffer.size = 33554432 (custom)
2019-10-04 20:10:53,846 [pool-433-thread-1] INFO  server.RaftServerConfigKeys (ConfUtils.java:logGet(43)) - raft.server.log.force.sync.num = 128 (default)
2019-10-04 20:10:53,846 [pool-433-thread-1] INFO  server.RaftServerConfigKeys (ConfUtils.java:logGet(43)) - raft.server.log.statemachine.data.sync = true (default)
2019-10-04 20:10:53,846 [pool-433-thread-1] INFO  server.RaftServerConfigKeys (ConfUtils.java:logGet(43)) - raft.server.log.statemachine.data.sync.timeout = 10s (default)
2019-10-04 20:10:53,846 [pool-433-thread-1] INFO  server.RaftServerConfigKeys (ConfUtils.java:logGet(43)) - raft.server.log.statemachine.data.sync.timeout.retry = -1 (default)
2019-10-04 20:10:53,847 [pool-433-thread-1] INFO  server.RaftServerConfigKeys (ConfUtils.java:logGet(43)) - raft.server.log.statemachine.data.caching.enabled = true (custom)
2019-10-04 20:10:53,847 [pool-433-thread-1] INFO  segmented.SegmentedRaftLogWorker (SegmentedRaftLogWorker.java:lambda$new$0(128)) - b1a6d1b0-b1b8-4529-b4d0-3d0a4d4e7c30@group-98F0160DBAE7-SegmentedRaftLogWorker: flushIndex: setUnconditionally 0 -> -1
2019-10-04 20:10:53,848 [pool-433-thread-1] INFO  server.RaftServerConfigKeys (ConfUtils.java:logGet(43)) - raft.server.snapshot.auto.trigger.enabled = true (custom)
2019-10-04 20:10:53,848 [pool-433-thread-1] INFO  server.RaftServerConfigKeys (ConfUtils.java:logGet(43)) - raft.server.snapshot.auto.trigger.threshold = 10000 (custom)
2019-10-04 20:10:53,848 [pool-433-thread-1] INFO  server.RaftServerConfigKeys (ConfUtils.java:logGet(43)) - raft.server.snapshot.retention.file.num = 5 (custom)
2019-10-04 20:10:53,848 [pool-433-thread-1] INFO  server.RaftServerConfigKeys (ConfUtils.java:logGet(43)) - raft.server.retrycache.expirytime = 600000ms (custom)
2019-10-04 20:10:53,850 [pool-433-thread-1] INFO  impl.RaftServerImpl (RaftServerImpl.java:start(181)) - b1a6d1b0-b1b8-4529-b4d0-3d0a4d4e7c30@group-98F0160DBAE7: start as a follower, conf=-1: [b1a6d1b0-b1b8-4529-b4d0-3d0a4d4e7c30:192.168.30.33:45312], old=null
2019-10-04 20:10:53,850 [pool-433-thread-1] INFO  impl.RaftServerImpl (RaftServerImpl.java:setRole(170)) - b1a6d1b0-b1b8-4529-b4d0-3d0a4d4e7c30@group-98F0160DBAE7: changes role from      null to FOLLOWER at term 0 for startAsFollower
2019-10-04 20:10:53,850 [pool-433-thread-1] INFO  impl.RoleInfo (RoleInfo.java:updateAndGet(143)) - b1a6d1b0-b1b8-4529-b4d0-3d0a4d4e7c30: start FollowerState
2019-10-04 20:10:53,851 [pool-433-thread-1] INFO  util.JmxRegister (JmxRegister.java:tryRegister(44)) - Successfully registered JMX Bean with object name Ratis:service=RaftServer,group=group-98F0160DBAE7,id=b1a6d1b0-b1b8-4529-b4d0-3d0a4d4e7c30
2019-10-04 20:10:53,855 [RatisPipelineUtilsThread] INFO  pipeline.PipelineStateManager (PipelineStateManager.java:addPipeline(56)) - Created pipeline Pipeline[ Id: 2a5fac3b-eae7-4ab7-83a9-98f0160dbae7, Nodes: b1a6d1b0-b1b8-4529-b4d0-3d0a4d4e7c30{ip: 192.168.30.33, host: pr-hdds-2239-ctfdh-543981580, networkLocation: /default-rack, certSerialId: null}, Type:RATIS, Factor:ONE, State:OPEN]
2019-10-04 20:10:53,855 [main] INFO  ozone.MiniOzoneClusterImpl (MiniOzoneClusterImpl.java:lambda$waitForClusterToBeReady$0(147)) - Waiting for cluster to be ready. Got 6 of 7 DN Heartbeats.
2019-10-04 20:10:53,855 [IPC Server handler 7 on 44939] INFO  net.NetworkTopology (NetworkTopologyImpl.java:add(111)) - Added a new node: /default-rack/acece99d-3a95-4ab6-b9d5-9d8b1a423547
2019-10-04 20:10:53,855 [IPC Server handler 7 on 44939] INFO  node.SCMNodeManager (SCMNodeManager.java:register(268)) - Registered Data node : acece99d-3a95-4ab6-b9d5-9d8b1a423547{ip: 192.168.30.33, host: pr-hdds-2239-ctfdh-543981580, networkLocation: /default-rack, certSerialId: null}
2019-10-04 20:10:53,864 [grpc-default-executor-6] INFO  impl.RaftServerProxy (RaftServerProxy.java:addNew(89)) - eca600cc-6500-4eb0-aeab-eb1b376d64b0: addNew group-E6E361785220:[b1a6d1b0-b1b8-4529-b4d0-3d0a4d4e7c30:192.168.30.33:45312, acece99d-3a95-4ab6-b9d5-9d8b1a423547:192.168.30.33:41156, eca600cc-6500-4eb0-aeab-eb1b376d64b0:192.168.30.33:36384] returns group-E6E361785220:java.util.concurrent.CompletableFuture@d22b802[Not completed]
2019-10-04 20:10:53,869 [grpc-default-executor-7] INFO  impl.RaftServerProxy (RaftServerProxy.java:addNew(89)) - acece99d-3a95-4ab6-b9d5-9d8b1a423547: addNew group-E6E361785220:[b1a6d1b0-b1b8-4529-b4d0-3d0a4d4e7c30:192.168.30.33:45312, acece99d-3a95-4ab6-b9d5-9d8b1a423547:192.168.30.33:41156, eca600cc-6500-4eb0-aeab-eb1b376d64b0:192.168.30.33:36384] returns group-E6E361785220:java.util.concurrent.CompletableFuture@5303737[Not completed]
2019-10-04 20:10:53,869 [grpc-default-executor-4] INFO  impl.RaftServerProxy (RaftServerProxy.java:addNew(89)) - b1a6d1b0-b1b8-4529-b4d0-3d0a4d4e7c30: addNew group-E6E361785220:[b1a6d1b0-b1b8-4529-b4d0-3d0a4d4e7c30:192.168.30.33:45312, acece99d-3a95-4ab6-b9d5-9d8b1a423547:192.168.30.33:41156, eca600cc-6500-4eb0-aeab-eb1b376d64b0:192.168.30.33:36384] returns group-E6E361785220:java.util.concurrent.CompletableFuture@59c4c165[Not completed]
2019-10-04 20:10:53,869 [pool-413-thread-1] INFO  impl.RaftServerImpl (RaftServerImpl.java:<init>(95)) - eca600cc-6500-4eb0-aeab-eb1b376d64b0: new RaftServerImpl for group-E6E361785220:[b1a6d1b0-b1b8-4529-b4d0-3d0a4d4e7c30:192.168.30.33:45312, acece99d-3a95-4ab6-b9d5-9d8b1a423547:192.168.30.33:41156, eca600cc-6500-4eb0-aeab-eb1b376d64b0:192.168.30.33:36384] with ContainerStateMachine:uninitialized
2019-10-04 20:10:53,870 [pool-413-thread-1] INFO  server.RaftServerConfigKeys (ConfUtils.java:logGet(43)) - raft.server.rpc.timeout.min = 5s (custom)
2019-10-04 20:10:53,870 [pool-413-thread-1] INFO  server.RaftServerConfigKeys (ConfUtils.java:logGet(43)) - raft.server.rpc.timeout.max = 5200ms (custom)
2019-10-04 20:10:53,870 [pool-413-thread-1] INFO  server.RaftServerConfigKeys (ConfUtils.java:logGet(43)) - raft.server.rpcslowness.timeout = 120s (custom)
2019-10-04 20:10:53,870 [pool-413-thread-1] INFO  server.RaftServerConfigKeys (ConfUtils.java:logGet(43)) - raft.server.sleep.deviation.threshold = 300 (default)
2019-10-04 20:10:53,870 [pool-413-thread-1] INFO  server.RaftServerConfigKeys (ConfUtils.java:logGet(43)) - raft.server.log.appender.install.snapshot.enabled = false (custom)
2019-10-04 20:10:53,870 [pool-413-thread-1] INFO  impl.RaftServerImpl (ServerState.java:<init>(103)) - eca600cc-6500-4eb0-aeab-eb1b376d64b0@group-E6E361785220: ConfigurationManager, init=-1: [b1a6d1b0-b1b8-4529-b4d0-3d0a4d4e7c30:192.168.30.33:45312, acece99d-3a95-4ab6-b9d5-9d8b1a423547:192.168.30.33:41156, eca600cc-6500-4eb0-aeab-eb1b376d64b0:192.168.30.33:36384], old=null, confs=<EMPTY_MAP>
2019-10-04 20:10:53,870 [pool-413-thread-1] INFO  server.RaftServerConfigKeys (ConfUtils.java:logGet(43)) - raft.server.storage.dir = [/workdir/hadoop-ozone/integration-test/target/test-dir/MiniOzoneClusterImpl-390a7ef6-be58-4e63-a9d8-0723f2b752f8/datanode-3/data/ratis] (custom)
2019-10-04 20:10:53,870 [pool-413-thread-1] INFO  server.RaftServerConfigKeys (ConfUtils.java:logGet(43)) - raft.server.log.corruption.policy = EXCEPTION (default)
2019-10-04 20:10:53,870 [pool-443-thread-1] INFO  impl.RaftServerImpl (RaftServerImpl.java:<init>(95)) - acece99d-3a95-4ab6-b9d5-9d8b1a423547: new RaftServerImpl for group-E6E361785220:[b1a6d1b0-b1b8-4529-b4d0-3d0a4d4e7c30:192.168.30.33:45312, acece99d-3a95-4ab6-b9d5-9d8b1a423547:192.168.30.33:41156, eca600cc-6500-4eb0-aeab-eb1b376d64b0:192.168.30.33:36384] with ContainerStateMachine:uninitialized
2019-10-04 20:10:53,870 [pool-413-thread-1] INFO  storage.RaftStorageDirectory (RaftStorageDirectory.java:analyzeStorage(246)) - The storage directory /workdir/hadoop-ozone/integration-test/target/test-dir/MiniOzoneClusterImpl-390a7ef6-be58-4e63-a9d8-0723f2b752f8/datanode-3/data/ratis/cc4fceb6-df23-4792-a543-e6e361785220 does not exist. Creating ...
2019-10-04 20:10:53,871 [pool-443-thread-1] INFO  server.RaftServerConfigKeys (ConfUtils.java:logGet(43)) - raft.server.rpc.timeout.min = 5s (custom)
2019-10-04 20:10:53,871 [pool-443-thread-1] INFO  server.RaftServerConfigKeys (ConfUtils.java:logGet(43)) - raft.server.rpc.timeout.max = 5200ms (custom)
2019-10-04 20:10:53,871 [pool-443-thread-1] INFO  server.RaftServerConfigKeys (ConfUtils.java:logGet(43)) - raft.server.rpcslowness.timeout = 120s (custom)
2019-10-04 20:10:53,871 [pool-433-thread-1] INFO  impl.RaftServerImpl (RaftServerImpl.java:<init>(95)) - b1a6d1b0-b1b8-4529-b4d0-3d0a4d4e7c30: new RaftServerImpl for group-E6E361785220:[b1a6d1b0-b1b8-4529-b4d0-3d0a4d4e7c30:192.168.30.33:45312, acece99d-3a95-4ab6-b9d5-9d8b1a423547:192.168.30.33:41156, eca600cc-6500-4eb0-aeab-eb1b376d64b0:192.168.30.33:36384] with ContainerStateMachine:uninitialized
2019-10-04 20:10:53,871 [pool-443-thread-1] INFO  server.RaftServerConfigKeys (ConfUtils.java:logGet(43)) - raft.server.sleep.deviation.threshold = 300 (default)
2019-10-04 20:10:53,871 [pool-433-thread-1] INFO  server.RaftServerConfigKeys (ConfUtils.java:logGet(43)) - raft.server.rpc.timeout.min = 5s (custom)
2019-10-04 20:10:53,871 [pool-443-thread-1] INFO  server.RaftServerConfigKeys (ConfUtils.java:logGet(43)) - raft.server.log.appender.install.snapshot.enabled = false (custom)
2019-10-04 20:10:53,871 [pool-433-thread-1] INFO  server.RaftServerConfigKeys (ConfUtils.java:logGet(43)) - raft.server.rpc.timeout.max = 5200ms (custom)
2019-10-04 20:10:53,871 [pool-443-thread-1] INFO  impl.RaftServerImpl (ServerState.java:<init>(103)) - acece99d-3a95-4ab6-b9d5-9d8b1a423547@group-E6E361785220: ConfigurationManager, init=-1: [b1a6d1b0-b1b8-4529-b4d0-3d0a4d4e7c30:192.168.30.33:45312, acece99d-3a95-4ab6-b9d5-9d8b1a423547:192.168.30.33:41156, eca600cc-6500-4eb0-aeab-eb1b376d64b0:192.168.30.33:36384], old=null, confs=<EMPTY_MAP>
2019-10-04 20:10:53,872 [pool-433-thread-1] INFO  server.RaftServerConfigKeys (ConfUtils.java:logGet(43)) - raft.server.rpcslowness.timeout = 120s (custom)
2019-10-04 20:10:53,872 [pool-443-thread-1] INFO  server.RaftServerConfigKeys (ConfUtils.java:logGet(43)) - raft.server.storage.dir = [/workdir/hadoop-ozone/integration-test/target/test-dir/MiniOzoneClusterImpl-390a7ef6-be58-4e63-a9d8-0723f2b752f8/datanode-6/data/ratis] (custom)
2019-10-04 20:10:53,872 [pool-433-thread-1] INFO  server.RaftServerConfigKeys (ConfUtils.java:logGet(43)) - raft.server.sleep.deviation.threshold = 300 (default)
2019-10-04 20:10:53,872 [pool-433-thread-1] INFO  server.RaftServerConfigKeys (ConfUtils.java:logGet(43)) - raft.server.log.appender.install.snapshot.enabled = false (custom)
2019-10-04 20:10:53,872 [pool-443-thread-1] INFO  server.RaftServerConfigKeys (ConfUtils.java:logGet(43)) - raft.server.log.corruption.policy = EXCEPTION (default)
2019-10-04 20:10:53,872 [pool-433-thread-1] INFO  impl.RaftServerImpl (ServerState.java:<init>(103)) - b1a6d1b0-b1b8-4529-b4d0-3d0a4d4e7c30@group-E6E361785220: ConfigurationManager, init=-1: [b1a6d1b0-b1b8-4529-b4d0-3d0a4d4e7c30:192.168.30.33:45312, acece99d-3a95-4ab6-b9d5-9d8b1a423547:192.168.30.33:41156, eca600cc-6500-4eb0-aeab-eb1b376d64b0:192.168.30.33:36384], old=null, confs=<EMPTY_MAP>
2019-10-04 20:10:53,872 [pool-443-thread-1] INFO  storage.RaftStorageDirectory (RaftStorageDirectory.java:analyzeStorage(246)) - The storage directory /workdir/hadoop-ozone/integration-test/target/test-dir/MiniOzoneClusterImpl-390a7ef6-be58-4e63-a9d8-0723f2b752f8/datanode-6/data/ratis/cc4fceb6-df23-4792-a543-e6e361785220 does not exist. Creating ...
2019-10-04 20:10:53,872 [pool-433-thread-1] INFO  server.RaftServerConfigKeys (ConfUtils.java:logGet(43)) - raft.server.storage.dir = [/workdir/hadoop-ozone/integration-test/target/test-dir/MiniOzoneClusterImpl-390a7ef6-be58-4e63-a9d8-0723f2b752f8/datanode-5/data/ratis] (custom)
2019-10-04 20:10:53,873 [pool-433-thread-1] INFO  server.RaftServerConfigKeys (ConfUtils.java:logGet(43)) - raft.server.log.corruption.policy = EXCEPTION (default)
2019-10-04 20:10:53,873 [pool-433-thread-1] INFO  storage.RaftStorageDirectory (RaftStorageDirectory.java:analyzeStorage(246)) - The storage directory /workdir/hadoop-ozone/integration-test/target/test-dir/MiniOzoneClusterImpl-390a7ef6-be58-4e63-a9d8-0723f2b752f8/datanode-5/data/ratis/cc4fceb6-df23-4792-a543-e6e361785220 does not exist. Creating ...
2019-10-04 20:10:53,893 [pool-413-thread-1] INFO  storage.RaftStorageDirectory (RaftStorageDirectory.java:tryLock(328)) - Lock on /workdir/hadoop-ozone/integration-test/target/test-dir/MiniOzoneClusterImpl-390a7ef6-be58-4e63-a9d8-0723f2b752f8/datanode-3/data/ratis/cc4fceb6-df23-4792-a543-e6e361785220/in_use.lock acquired by nodename 12932@pr-hdds-2239-ctfdh-543981580
2019-10-04 20:10:53,893 [pool-443-thread-1] INFO  storage.RaftStorageDirectory (RaftStorageDirectory.java:tryLock(328)) - Lock on /workdir/hadoop-ozone/integration-test/target/test-dir/MiniOzoneClusterImpl-390a7ef6-be58-4e63-a9d8-0723f2b752f8/datanode-6/data/ratis/cc4fceb6-df23-4792-a543-e6e361785220/in_use.lock acquired by nodename 12932@pr-hdds-2239-ctfdh-543981580
2019-10-04 20:10:53,893 [pool-433-thread-1] INFO  storage.RaftStorageDirectory (RaftStorageDirectory.java:tryLock(328)) - Lock on /workdir/hadoop-ozone/integration-test/target/test-dir/MiniOzoneClusterImpl-390a7ef6-be58-4e63-a9d8-0723f2b752f8/datanode-5/data/ratis/cc4fceb6-df23-4792-a543-e6e361785220/in_use.lock acquired by nodename 12932@pr-hdds-2239-ctfdh-543981580
2019-10-04 20:10:53,930 [pool-413-thread-1] INFO  storage.RaftStorage (RaftStorage.java:format(84)) - Storage directory /workdir/hadoop-ozone/integration-test/target/test-dir/MiniOzoneClusterImpl-390a7ef6-be58-4e63-a9d8-0723f2b752f8/datanode-3/data/ratis/cc4fceb6-df23-4792-a543-e6e361785220 has been successfully formatted.
2019-10-04 20:10:53,930 [pool-433-thread-1] INFO  storage.RaftStorage (RaftStorage.java:format(84)) - Storage directory /workdir/hadoop-ozone/integration-test/target/test-dir/MiniOzoneClusterImpl-390a7ef6-be58-4e63-a9d8-0723f2b752f8/datanode-5/data/ratis/cc4fceb6-df23-4792-a543-e6e361785220 has been successfully formatted.
2019-10-04 20:10:53,930 [pool-443-thread-1] INFO  storage.RaftStorage (RaftStorage.java:format(84)) - Storage directory /workdir/hadoop-ozone/integration-test/target/test-dir/MiniOzoneClusterImpl-390a7ef6-be58-4e63-a9d8-0723f2b752f8/datanode-6/data/ratis/cc4fceb6-df23-4792-a543-e6e361785220 has been successfully formatted.
2019-10-04 20:10:53,930 [pool-433-thread-1] INFO  ratis.ContainerStateMachine (ContainerStateMachine.java:loadSnapshot(230)) - group-E6E361785220: The snapshot info is null. Setting the last applied indexto:(t:0, i:~)
2019-10-04 20:10:53,930 [pool-413-thread-1] INFO  ratis.ContainerStateMachine (ContainerStateMachine.java:loadSnapshot(230)) - group-E6E361785220: The snapshot info is null. Setting the last applied indexto:(t:0, i:~)
2019-10-04 20:10:53,930 [pool-433-thread-1] INFO  server.RaftServerConfigKeys (ConfUtils.java:logGet(43)) - raft.server.notification.no-leader.timeout = 120s (custom)
2019-10-04 20:10:53,930 [pool-443-thread-1] INFO  ratis.ContainerStateMachine (ContainerStateMachine.java:loadSnapshot(230)) - group-E6E361785220: The snapshot info is null. Setting the last applied indexto:(t:0, i:~)
2019-10-04 20:10:53,930 [pool-433-thread-1] INFO  server.RaftServerConfigKeys (ConfUtils.java:logGet(43)) - raft.server.log.use.memory = false (default)
2019-10-04 20:10:53,930 [pool-413-thread-1] INFO  server.RaftServerConfigKeys (ConfUtils.java:logGet(43)) - raft.server.notification.no-leader.timeout = 120s (custom)
2019-10-04 20:10:53,931 [pool-433-thread-1] INFO  server.RaftServerConfigKeys (ConfUtils.java:logGet(43)) - raft.server.log.purge.gap = 1000000 (custom)
2019-10-04 20:10:53,931 [pool-443-thread-1] INFO  server.RaftServerConfigKeys (ConfUtils.java:logGet(43)) - raft.server.notification.no-leader.timeout = 120s (custom)
2019-10-04 20:10:53,931 [pool-433-thread-1] INFO  server.RaftServerConfigKeys (ConfUtils.java:logGet(43)) - raft.server.log.appender.buffer.byte-limit = 33554432 (custom)
2019-10-04 20:10:53,931 [pool-413-thread-1] INFO  server.RaftServerConfigKeys (ConfUtils.java:logGet(43)) - raft.server.log.use.memory = false (default)
2019-10-04 20:10:53,931 [pool-433-thread-1] INFO  server.RaftServerConfigKeys (ConfUtils.java:logGet(43)) - raft.server.log.segment.size.max = 1048576 (custom)
2019-10-04 20:10:53,931 [pool-443-thread-1] INFO  server.RaftServerConfigKeys (ConfUtils.java:logGet(43)) - raft.server.log.use.memory = false (default)
2019-10-04 20:10:53,931 [pool-433-thread-1] INFO  server.RaftServerConfigKeys (ConfUtils.java:logGet(43)) - raft.server.log.segment.cache.num.max = 2 (custom)
2019-10-04 20:10:53,931 [pool-413-thread-1] INFO  server.RaftServerConfigKeys (ConfUtils.java:logGet(43)) - raft.server.log.purge.gap = 1000000 (custom)
2019-10-04 20:10:53,932 [pool-433-thread-1] INFO  segmented.SegmentedRaftLogWorker (SegmentedRaftLogWorker.java:<init>(173)) - new b1a6d1b0-b1b8-4529-b4d0-3d0a4d4e7c30@group-E6E361785220-SegmentedRaftLogWorker for RaftStorage:Storage Directory /workdir/hadoop-ozone/integration-test/target/test-dir/MiniOzoneClusterImpl-390a7ef6-be58-4e63-a9d8-0723f2b752f8/datanode-5/data/ratis/cc4fceb6-df23-4792-a543-e6e361785220
2019-10-04 20:10:53,932 [pool-443-thread-1] INFO  server.RaftServerConfigKeys (ConfUtils.java:logGet(43)) - raft.server.log.purge.gap = 1000000 (custom)
2019-10-04 20:10:53,932 [pool-433-thread-1] INFO  server.RaftServerConfigKeys (ConfUtils.java:logGet(43)) - raft.server.log.queue.byte-limit = 2147483647 (custom)
2019-10-04 20:10:53,932 [pool-433-thread-1] INFO  server.RaftServerConfigKeys (ConfUtils.java:logGet(43)) - raft.server.log.queue.element-limit = 1024 (custom)
2019-10-04 20:10:53,932 [pool-413-thread-1] INFO  server.RaftServerConfigKeys (ConfUtils.java:logGet(43)) - raft.server.log.appender.buffer.byte-limit = 33554432 (custom)
2019-10-04 20:10:53,932 [pool-433-thread-1] INFO  server.RaftServerConfigKeys (ConfUtils.java:logGet(43)) - raft.server.log.segment.size.max = 1048576 (custom)
2019-10-04 20:10:53,932 [pool-443-thread-1] INFO  server.RaftServerConfigKeys (ConfUtils.java:logGet(43)) - raft.server.log.appender.buffer.byte-limit = 33554432 (custom)
2019-10-04 20:10:53,933 [pool-433-thread-1] INFO  server.RaftServerConfigKeys (ConfUtils.java:logGet(43)) - raft.server.log.preallocated.size = 16384 (custom)
2019-10-04 20:10:53,933 [pool-433-thread-1] INFO  server.RaftServerConfigKeys (ConfUtils.java:logGet(43)) - raft.server.log.write.buffer.size = 33554432 (custom)
2019-10-04 20:10:53,932 [pool-413-thread-1] INFO  server.RaftServerConfigKeys (ConfUtils.java:logGet(43)) - raft.server.log.segment.size.max = 1048576 (custom)
2019-10-04 20:10:53,933 [pool-433-thread-1] INFO  server.RaftServerConfigKeys (ConfUtils.java:logGet(43)) - raft.server.log.force.sync.num = 128 (default)
2019-10-04 20:10:53,933 [pool-433-thread-1] INFO  server.RaftServerConfigKeys (ConfUtils.java:logGet(43)) - raft.server.log.statemachine.data.sync = true (default)
2019-10-04 20:10:53,933 [pool-443-thread-1] INFO  server.RaftServerConfigKeys (ConfUtils.java:logGet(43)) - raft.server.log.segment.size.max = 1048576 (custom)
2019-10-04 20:10:53,933 [pool-433-thread-1] INFO  server.RaftServerConfigKeys (ConfUtils.java:logGet(43)) - raft.server.log.statemachine.data.sync.timeout = 10s (default)
2019-10-04 20:10:53,933 [pool-413-thread-1] INFO  server.RaftServerConfigKeys (ConfUtils.java:logGet(43)) - raft.server.log.segment.cache.num.max = 2 (custom)
2019-10-04 20:10:53,934 [pool-433-thread-1] INFO  server.RaftServerConfigKeys (ConfUtils.java:logGet(43)) - raft.server.log.statemachine.data.sync.timeout.retry = -1 (default)
2019-10-04 20:10:53,934 [pool-413-thread-1] INFO  segmented.SegmentedRaftLogWorker (SegmentedRaftLogWorker.java:<init>(173)) - new eca600cc-6500-4eb0-aeab-eb1b376d64b0@group-E6E361785220-SegmentedRaftLogWorker for RaftStorage:Storage Directory /workdir/hadoop-ozone/integration-test/target/test-dir/MiniOzoneClusterImpl-390a7ef6-be58-4e63-a9d8-0723f2b752f8/datanode-3/data/ratis/cc4fceb6-df23-4792-a543-e6e361785220
2019-10-04 20:10:53,934 [pool-433-thread-1] INFO  server.RaftServerConfigKeys (ConfUtils.java:logGet(43)) - raft.server.log.statemachine.data.caching.enabled = true (custom)
2019-10-04 20:10:53,934 [pool-413-thread-1] INFO  server.RaftServerConfigKeys (ConfUtils.java:logGet(43)) - raft.server.log.queue.byte-limit = 2147483647 (custom)
2019-10-04 20:10:53,934 [pool-413-thread-1] INFO  server.RaftServerConfigKeys (ConfUtils.java:logGet(43)) - raft.server.log.queue.element-limit = 1024 (custom)
2019-10-04 20:10:53,934 [pool-433-thread-1] INFO  segmented.SegmentedRaftLogWorker (SegmentedRaftLogWorker.java:lambda$new$0(128)) - b1a6d1b0-b1b8-4529-b4d0-3d0a4d4e7c30@group-E6E361785220-SegmentedRaftLogWorker: flushIndex: setUnconditionally 0 -> -1
2019-10-04 20:10:53,934 [pool-413-thread-1] INFO  server.RaftServerConfigKeys (ConfUtils.java:logGet(43)) - raft.server.log.segment.size.max = 1048576 (custom)
2019-10-04 20:10:53,934 [pool-413-thread-1] INFO  server.RaftServerConfigKeys (ConfUtils.java:logGet(43)) - raft.server.log.preallocated.size = 16384 (custom)
2019-10-04 20:10:53,935 [pool-433-thread-1] INFO  server.RaftServerConfigKeys (ConfUtils.java:logGet(43)) - raft.server.snapshot.auto.trigger.enabled = true (custom)
2019-10-04 20:10:53,935 [pool-413-thread-1] INFO  server.RaftServerConfigKeys (ConfUtils.java:logGet(43)) - raft.server.log.write.buffer.size = 33554432 (custom)
2019-10-04 20:10:53,935 [pool-433-thread-1] INFO  server.RaftServerConfigKeys (ConfUtils.java:logGet(43)) - raft.server.snapshot.auto.trigger.threshold = 10000 (custom)
2019-10-04 20:10:53,935 [pool-413-thread-1] INFO  server.RaftServerConfigKeys (ConfUtils.java:logGet(43)) - raft.server.log.force.sync.num = 128 (default)
2019-10-04 20:10:53,935 [pool-433-thread-1] INFO  server.RaftServerConfigKeys (ConfUtils.java:logGet(43)) - raft.server.snapshot.retention.file.num = 5 (custom)
2019-10-04 20:10:53,935 [pool-413-thread-1] INFO  server.RaftServerConfigKeys (ConfUtils.java:logGet(43)) - raft.server.log.statemachine.data.sync = true (default)
2019-10-04 20:10:53,935 [pool-433-thread-1] INFO  server.RaftServerConfigKeys (ConfUtils.java:logGet(43)) - raft.server.retrycache.expirytime = 600000ms (custom)
2019-10-04 20:10:53,935 [pool-443-thread-1] INFO  server.RaftServerConfigKeys (ConfUtils.java:logGet(43)) - raft.server.log.segment.cache.num.max = 2 (custom)
2019-10-04 20:10:53,935 [pool-413-thread-1] INFO  server.RaftServerConfigKeys (ConfUtils.java:logGet(43)) - raft.server.log.statemachine.data.sync.timeout = 10s (default)
2019-10-04 20:10:53,936 [pool-443-thread-1] INFO  segmented.SegmentedRaftLogWorker (SegmentedRaftLogWorker.java:<init>(173)) - new acece99d-3a95-4ab6-b9d5-9d8b1a423547@group-E6E361785220-SegmentedRaftLogWorker for RaftStorage:Storage Directory /workdir/hadoop-ozone/integration-test/target/test-dir/MiniOzoneClusterImpl-390a7ef6-be58-4e63-a9d8-0723f2b752f8/datanode-6/data/ratis/cc4fceb6-df23-4792-a543-e6e361785220
2019-10-04 20:10:53,936 [pool-413-thread-1] INFO  server.RaftServerConfigKeys (ConfUtils.java:logGet(43)) - raft.server.log.statemachine.data.sync.timeout.retry = -1 (default)
2019-10-04 20:10:53,936 [pool-443-thread-1] INFO  server.RaftServerConfigKeys (ConfUtils.java:logGet(43)) - raft.server.log.queue.byte-limit = 2147483647 (custom)
2019-10-04 20:10:53,936 [pool-413-thread-1] INFO  server.RaftServerConfigKeys (ConfUtils.java:logGet(43)) - raft.server.log.statemachine.data.caching.enabled = true (custom)
2019-10-04 20:10:53,936 [pool-443-thread-1] INFO  server.RaftServerConfigKeys (ConfUtils.java:logGet(43)) - raft.server.log.queue.element-limit = 1024 (custom)
2019-10-04 20:10:53,936 [pool-413-thread-1] INFO  segmented.SegmentedRaftLogWorker (SegmentedRaftLogWorker.java:lambda$new$0(128)) - eca600cc-6500-4eb0-aeab-eb1b376d64b0@group-E6E361785220-SegmentedRaftLogWorker: flushIndex: setUnconditionally 0 -> -1
2019-10-04 20:10:53,936 [pool-443-thread-1] INFO  server.RaftServerConfigKeys (ConfUtils.java:logGet(43)) - raft.server.log.segment.size.max = 1048576 (custom)
2019-10-04 20:10:53,936 [pool-413-thread-1] INFO  server.RaftServerConfigKeys (ConfUtils.java:logGet(43)) - raft.server.snapshot.auto.trigger.enabled = true (custom)
2019-10-04 20:10:53,936 [pool-443-thread-1] INFO  server.RaftServerConfigKeys (ConfUtils.java:logGet(43)) - raft.server.log.preallocated.size = 16384 (custom)
2019-10-04 20:10:53,937 [pool-413-thread-1] INFO  server.RaftServerConfigKeys (ConfUtils.java:logGet(43)) - raft.server.snapshot.auto.trigger.threshold = 10000 (custom)
2019-10-04 20:10:53,937 [pool-443-thread-1] INFO  server.RaftServerConfigKeys (ConfUtils.java:logGet(43)) - raft.server.log.write.buffer.size = 33554432 (custom)
2019-10-04 20:10:53,937 [pool-413-thread-1] INFO  server.RaftServerConfigKeys (ConfUtils.java:logGet(43)) - raft.server.snapshot.retention.file.num = 5 (custom)
2019-10-04 20:10:53,937 [pool-443-thread-1] INFO  server.RaftServerConfigKeys (ConfUtils.java:logGet(43)) - raft.server.log.force.sync.num = 128 (default)
2019-10-04 20:10:53,937 [pool-433-thread-1] INFO  impl.RaftServerImpl (RaftServerImpl.java:start(181)) - b1a6d1b0-b1b8-4529-b4d0-3d0a4d4e7c30@group-E6E361785220: start as a follower, conf=-1: [b1a6d1b0-b1b8-4529-b4d0-3d0a4d4e7c30:192.168.30.33:45312, acece99d-3a95-4ab6-b9d5-9d8b1a423547:192.168.30.33:41156, eca600cc-6500-4eb0-aeab-eb1b376d64b0:192.168.30.33:36384], old=null
2019-10-04 20:10:53,937 [pool-413-thread-1] INFO  server.RaftServerConfigKeys (ConfUtils.java:logGet(43)) - raft.server.retrycache.expirytime = 600000ms (custom)
2019-10-04 20:10:53,937 [pool-433-thread-1] INFO  impl.RaftServerImpl (RaftServerImpl.java:setRole(170)) - b1a6d1b0-b1b8-4529-b4d0-3d0a4d4e7c30@group-E6E361785220: changes role from      null to FOLLOWER at term 0 for startAsFollower
2019-10-04 20:10:53,937 [pool-443-thread-1] INFO  server.RaftServerConfigKeys (ConfUtils.java:logGet(43)) - raft.server.log.statemachine.data.sync = true (default)
2019-10-04 20:10:53,937 [pool-433-thread-1] INFO  impl.RoleInfo (RoleInfo.java:updateAndGet(143)) - b1a6d1b0-b1b8-4529-b4d0-3d0a4d4e7c30: start FollowerState
2019-10-04 20:10:53,938 [pool-443-thread-1] INFO  server.RaftServerConfigKeys (ConfUtils.java:logGet(43)) - raft.server.log.statemachine.data.sync.timeout = 10s (default)
2019-10-04 20:10:53,938 [pool-443-thread-1] INFO  server.RaftServerConfigKeys (ConfUtils.java:logGet(43)) - raft.server.log.statemachine.data.sync.timeout.retry = -1 (default)
2019-10-04 20:10:53,938 [pool-433-thread-1] INFO  util.JmxRegister (JmxRegister.java:tryRegister(44)) - Successfully registered JMX Bean with object name Ratis:service=RaftServer,group=group-E6E361785220,id=b1a6d1b0-b1b8-4529-b4d0-3d0a4d4e7c30
2019-10-04 20:10:53,938 [pool-443-thread-1] INFO  server.RaftServerConfigKeys (ConfUtils.java:logGet(43)) - raft.server.log.statemachine.data.caching.enabled = true (custom)
2019-10-04 20:10:53,938 [pool-413-thread-1] INFO  impl.RaftServerImpl (RaftServerImpl.java:start(181)) - eca600cc-6500-4eb0-aeab-eb1b376d64b0@group-E6E361785220: start as a follower, conf=-1: [b1a6d1b0-b1b8-4529-b4d0-3d0a4d4e7c30:192.168.30.33:45312, acece99d-3a95-4ab6-b9d5-9d8b1a423547:192.168.30.33:41156, eca600cc-6500-4eb0-aeab-eb1b376d64b0:192.168.30.33:36384], old=null
2019-10-04 20:10:53,938 [pool-413-thread-1] INFO  impl.RaftServerImpl (RaftServerImpl.java:setRole(170)) - eca600cc-6500-4eb0-aeab-eb1b376d64b0@group-E6E361785220: changes role from      null to FOLLOWER at term 0 for startAsFollower
2019-10-04 20:10:53,938 [pool-443-thread-1] INFO  segmented.SegmentedRaftLogWorker (SegmentedRaftLogWorker.java:lambda$new$0(128)) - acece99d-3a95-4ab6-b9d5-9d8b1a423547@group-E6E361785220-SegmentedRaftLogWorker: flushIndex: setUnconditionally 0 -> -1
2019-10-04 20:10:53,939 [pool-413-thread-1] INFO  impl.RoleInfo (RoleInfo.java:updateAndGet(143)) - eca600cc-6500-4eb0-aeab-eb1b376d64b0: start FollowerState
2019-10-04 20:10:53,939 [pool-443-thread-1] INFO  server.RaftServerConfigKeys (ConfUtils.java:logGet(43)) - raft.server.snapshot.auto.trigger.enabled = true (custom)
2019-10-04 20:10:53,939 [pool-443-thread-1] INFO  server.RaftServerConfigKeys (ConfUtils.java:logGet(43)) - raft.server.snapshot.auto.trigger.threshold = 10000 (custom)
2019-10-04 20:10:53,939 [pool-413-thread-1] INFO  util.JmxRegister (JmxRegister.java:tryRegister(44)) - Successfully registered JMX Bean with object name Ratis:service=RaftServer,group=group-E6E361785220,id=eca600cc-6500-4eb0-aeab-eb1b376d64b0
2019-10-04 20:10:53,939 [pool-443-thread-1] INFO  server.RaftServerConfigKeys (ConfUtils.java:logGet(43)) - raft.server.snapshot.retention.file.num = 5 (custom)
2019-10-04 20:10:53,939 [pool-443-thread-1] INFO  server.RaftServerConfigKeys (ConfUtils.java:logGet(43)) - raft.server.retrycache.expirytime = 600000ms (custom)
2019-10-04 20:10:53,942 [pool-443-thread-1] INFO  impl.RaftServerImpl (RaftServerImpl.java:start(181)) - acece99d-3a95-4ab6-b9d5-9d8b1a423547@group-E6E361785220: start as a follower, conf=-1: [b1a6d1b0-b1b8-4529-b4d0-3d0a4d4e7c30:192.168.30.33:45312, acece99d-3a95-4ab6-b9d5-9d8b1a423547:192.168.30.33:41156, eca600cc-6500-4eb0-aeab-eb1b376d64b0:192.168.30.33:36384], old=null
2019-10-04 20:10:53,942 [pool-443-thread-1] INFO  impl.RaftServerImpl (RaftServerImpl.java:setRole(170)) - acece99d-3a95-4ab6-b9d5-9d8b1a423547@group-E6E361785220: changes role from      null to FOLLOWER at term 0 for startAsFollower
2019-10-04 20:10:53,942 [pool-443-thread-1] INFO  impl.RoleInfo (RoleInfo.java:updateAndGet(143)) - acece99d-3a95-4ab6-b9d5-9d8b1a423547: start FollowerState
2019-10-04 20:10:53,942 [pool-443-thread-1] INFO  util.JmxRegister (JmxRegister.java:tryRegister(44)) - Successfully registered JMX Bean with object name Ratis:service=RaftServer,group=group-E6E361785220,id=acece99d-3a95-4ab6-b9d5-9d8b1a423547
2019-10-04 20:10:53,946 [RatisPipelineUtilsThread] INFO  pipeline.PipelineStateManager (PipelineStateManager.java:addPipeline(56)) - Created pipeline Pipeline[ Id: cc4fceb6-df23-4792-a543-e6e361785220, Nodes: b1a6d1b0-b1b8-4529-b4d0-3d0a4d4e7c30{ip: 192.168.30.33, host: pr-hdds-2239-ctfdh-543981580, networkLocation: /default-rack, certSerialId: null}eca600cc-6500-4eb0-aeab-eb1b376d64b0{ip: 192.168.30.33, host: pr-hdds-2239-ctfdh-543981580, networkLocation: /default-rack, certSerialId: null}acece99d-3a95-4ab6-b9d5-9d8b1a423547{ip: 192.168.30.33, host: pr-hdds-2239-ctfdh-543981580, networkLocation: /default-rack, certSerialId: null}, Type:RATIS, Factor:THREE, State:OPEN]
2019-10-04 20:10:54,855 [main] INFO  ozone.MiniOzoneClusterImpl (MiniOzoneClusterImpl.java:lambda$waitForClusterToBeReady$0(147)) - Cluster is ready. Got 7 of 7 DN Heartbeats.
2019-10-04 20:10:54,917 [main] INFO  rpc.RpcClient (RpcClient.java:createVolume(277)) - Creating Volume: watchforcommithandlingtest, with jenkins1000 as owner.
2019-10-04 20:10:54,920 [IPC Server handler 2 on 40314] INFO  volume.OMVolumeCreateRequest (OMVolumeCreateRequest.java:validateAndUpdateCache(193)) - created volume:watchforcommithandlingtest for user:jenkins1000
2019-10-04 20:10:54,948 [main] INFO  rpc.RpcClient (RpcClient.java:createBucket(416)) - Creating Bucket: watchforcommithandlingtest/watchforcommithandlingtest, with Versioning false and Storage Type set to DISK and Encryption set to false 
2019-10-04 20:10:54,956 [main] INFO  ozone.MiniOzoneClusterImpl (MiniOzoneClusterImpl.java:getStorageContainerLocationClient(234)) - Creating StorageContainerLocationProtocol RPC client with address /0.0.0.0:37627
2019-10-04 20:10:55,215 [grpc-default-executor-5] WARN  server.GrpcLogAppender (LogUtils.java:warn(134)) - 35896a73-53a8-4e65-9327-fe2195b86350@group-445DFB4D7286->f90ae9ec-d3b4-4df5-bc2a-3643578826ae-AppendLogResponseHandler: Failed appendEntries: org.apache.ratis.thirdparty.io.grpc.StatusRuntimeException: UNAVAILABLE: io exception
2019-10-04 20:10:55,215 [grpc-default-executor-4] WARN  server.GrpcLogAppender (LogUtils.java:warn(134)) - 35896a73-53a8-4e65-9327-fe2195b86350@group-445DFB4D7286->e35642a6-94a5-4a62-8e65-3cae1ee4cc2c-AppendLogResponseHandler: Failed appendEntries: org.apache.ratis.thirdparty.io.grpc.StatusRuntimeException: UNAVAILABLE: io exception
2019-10-04 20:10:55,216 [grpc-default-executor-5] INFO  impl.FollowerInfo (FollowerInfo.java:lambda$new$0(51)) - 35896a73-53a8-4e65-9327-fe2195b86350@group-445DFB4D7286->f90ae9ec-d3b4-4df5-bc2a-3643578826ae: nextIndex: updateUnconditionally 0 -> 0
2019-10-04 20:10:55,216 [grpc-default-executor-4] INFO  impl.FollowerInfo (FollowerInfo.java:lambda$new$0(51)) - 35896a73-53a8-4e65-9327-fe2195b86350@group-445DFB4D7286->e35642a6-94a5-4a62-8e65-3cae1ee4cc2c: nextIndex: updateUnconditionally 0 -> 0
2019-10-04 20:10:56,215 [Thread-2276] INFO  container.ReplicationManager (ReplicationManager.java:start(162)) - Starting Replication Monitor Thread.
2019-10-04 20:10:56,221 [ReplicationMonitor] INFO  container.ReplicationManager (ReplicationManager.java:run(225)) - Replication Monitor Thread took 0 milliseconds for processing 1 containers.
2019-10-04 20:10:56,563 [Thread-2324] INFO  client.GrpcClientProtocolService (GrpcClientProtocolService.java:lambda$processClientRequest$0(278)) - Failed RaftClientRequest:client-80E16D6CA2ED->35896a73-53a8-4e65-9327-fe2195b86350@group-445DFB4D7286, cid=68, seq=0, Watch-MAJORITY_COMMITTED(29), Message:<EMPTY>, reply=RaftClientReply:client-80E16D6CA2ED->35896a73-53a8-4e65-9327-fe2195b86350@group-445DFB4D7286, cid=68, FAILED org.apache.ratis.protocol.NotReplicatedException: Request with call Id 68 and log index 29 is not yet replicated to MAJORITY_COMMITTED, logIndex=29, commits[35896a73-53a8-4e65-9327-fe2195b86350:c2, f90ae9ec-d3b4-4df5-bc2a-3643578826ae:c2, e35642a6-94a5-4a62-8e65-3cae1ee4cc2c:c2]
2019-10-04 20:10:56,563 [Thread-2325] INFO  client.GrpcClientProtocolService (GrpcClientProtocolService.java:lambda$processClientRequest$0(278)) - Failed RaftClientRequest:client-80E16D6CA2ED->35896a73-53a8-4e65-9327-fe2195b86350@group-445DFB4D7286, cid=67, seq=0, Watch-ALL_COMMITTED(29), Message:<EMPTY>, reply=RaftClientReply:client-80E16D6CA2ED->35896a73-53a8-4e65-9327-fe2195b86350@group-445DFB4D7286, cid=67, FAILED org.apache.ratis.protocol.NotReplicatedException: Request with call Id 67 and log index 29 is not yet replicated to ALL_COMMITTED, logIndex=29, commits[35896a73-53a8-4e65-9327-fe2195b86350:c2, f90ae9ec-d3b4-4df5-bc2a-3643578826ae:c2, e35642a6-94a5-4a62-8e65-3cae1ee4cc2c:c2]
2019-10-04 20:10:57,721 [grpc-default-executor-5] WARN  server.GrpcLogAppender (LogUtils.java:warn(134)) - 35896a73-53a8-4e65-9327-fe2195b86350@group-445DFB4D7286->f90ae9ec-d3b4-4df5-bc2a-3643578826ae-AppendLogResponseHandler: Failed appendEntries: org.apache.ratis.thirdparty.io.grpc.StatusRuntimeException: UNAVAILABLE: io exception
2019-10-04 20:10:57,721 [grpc-default-executor-4] WARN  server.GrpcLogAppender (LogUtils.java:warn(134)) - 35896a73-53a8-4e65-9327-fe2195b86350@group-445DFB4D7286->e35642a6-94a5-4a62-8e65-3cae1ee4cc2c-AppendLogResponseHandler: Failed appendEntries: org.apache.ratis.thirdparty.io.grpc.StatusRuntimeException: UNAVAILABLE: io exception
2019-10-04 20:10:57,722 [grpc-default-executor-5] INFO  impl.FollowerInfo (FollowerInfo.java:lambda$new$0(51)) - 35896a73-53a8-4e65-9327-fe2195b86350@group-445DFB4D7286->f90ae9ec-d3b4-4df5-bc2a-3643578826ae: nextIndex: updateUnconditionally 0 -> 0
2019-10-04 20:10:57,722 [grpc-default-executor-4] INFO  impl.FollowerInfo (FollowerInfo.java:lambda$new$0(51)) - 35896a73-53a8-4e65-9327-fe2195b86350@group-445DFB4D7286->e35642a6-94a5-4a62-8e65-3cae1ee4cc2c: nextIndex: updateUnconditionally 0 -> 0
2019-10-04 20:10:58,395 [Thread-2278] INFO  impl.FollowerState (FollowerState.java:run(108)) - e04b99d0-8bbc-4c1c-a9de-5944076146fd@group-610E6D044675-FollowerState: change to CANDIDATE, lastRpcTime:5097ms, electionTimeout:5097ms
2019-10-04 20:10:58,395 [Thread-2278] INFO  impl.RoleInfo (RoleInfo.java:shutdownFollowerState(121)) - e04b99d0-8bbc-4c1c-a9de-5944076146fd: shutdown FollowerState
2019-10-04 20:10:58,395 [Thread-2278] INFO  impl.RaftServerImpl (RaftServerImpl.java:setRole(170)) - e04b99d0-8bbc-4c1c-a9de-5944076146fd@group-610E6D044675: changes role from  FOLLOWER to CANDIDATE at term 0 for changeToCandidate
2019-10-04 20:10:58,395 [Thread-2278] INFO  impl.RoleInfo (RoleInfo.java:updateAndGet(143)) - e04b99d0-8bbc-4c1c-a9de-5944076146fd: start LeaderElection
2019-10-04 20:10:58,430 [e04b99d0-8bbc-4c1c-a9de-5944076146fd@group-610E6D044675-LeaderElection73] INFO  impl.LeaderElection (LeaderElection.java:askForVotes(178)) - e04b99d0-8bbc-4c1c-a9de-5944076146fd@group-610E6D044675-LeaderElection73: begin an election at term 1 for -1: [e04b99d0-8bbc-4c1c-a9de-5944076146fd:192.168.30.33:34788], old=null
2019-10-04 20:10:58,431 [e04b99d0-8bbc-4c1c-a9de-5944076146fd@group-610E6D044675-LeaderElection73] INFO  impl.RoleInfo (RoleInfo.java:shutdownLeaderElection(134)) - e04b99d0-8bbc-4c1c-a9de-5944076146fd: shutdown LeaderElection
2019-10-04 20:10:58,431 [e04b99d0-8bbc-4c1c-a9de-5944076146fd@group-610E6D044675-LeaderElection73] INFO  impl.RaftServerImpl (RaftServerImpl.java:setRole(170)) - e04b99d0-8bbc-4c1c-a9de-5944076146fd@group-610E6D044675: changes role from CANDIDATE to LEADER at term 1 for changeToLeader
2019-10-04 20:10:58,431 [e04b99d0-8bbc-4c1c-a9de-5944076146fd@group-610E6D044675-LeaderElection73] INFO  impl.RaftServerImpl (ServerState.java:setLeader(255)) - e04b99d0-8bbc-4c1c-a9de-5944076146fd@group-610E6D044675: change Leader from null to e04b99d0-8bbc-4c1c-a9de-5944076146fd at term 1 for becomeLeader, leader elected after 5140ms
2019-10-04 20:10:58,431 [e04b99d0-8bbc-4c1c-a9de-5944076146fd@group-610E6D044675-LeaderElection73] INFO  server.RaftServerConfigKeys (ConfUtils.java:logGet(43)) - raft.server.staging.catchup.gap = 1000 (default)
2019-10-04 20:10:58,431 [e04b99d0-8bbc-4c1c-a9de-5944076146fd@group-610E6D044675-LeaderElection73] INFO  server.RaftServerConfigKeys (ConfUtils.java:logGet(43)) - raft.server.rpc.sleep.time = 25ms (default)
2019-10-04 20:10:58,431 [e04b99d0-8bbc-4c1c-a9de-5944076146fd@group-610E6D044675-LeaderElection73] INFO  server.RaftServerConfigKeys (ConfUtils.java:logGet(43)) - raft.server.write.element-limit = 4096 (default)
2019-10-04 20:10:58,431 [e04b99d0-8bbc-4c1c-a9de-5944076146fd@group-610E6D044675-LeaderElection73] INFO  server.RaftServerConfigKeys (ConfUtils.java:logGet(43)) - raft.server.watch.timeout = 10s (default)
2019-10-04 20:10:58,432 [e04b99d0-8bbc-4c1c-a9de-5944076146fd@group-610E6D044675-LeaderElection73] INFO  server.RaftServerConfigKeys (ConfUtils.java:logGet(43)) - raft.server.watch.timeout.denomination = 1s (default)
2019-10-04 20:10:58,432 [e04b99d0-8bbc-4c1c-a9de-5944076146fd@group-610E6D044675-LeaderElection73] INFO  server.RaftServerConfigKeys (ConfUtils.java:logGet(43)) - raft.server.watch.element-limit = 65536 (default)
2019-10-04 20:10:58,434 [e04b99d0-8bbc-4c1c-a9de-5944076146fd@group-610E6D044675-LeaderElection73] INFO  impl.RoleInfo (RoleInfo.java:updateAndGet(143)) - e04b99d0-8bbc-4c1c-a9de-5944076146fd: start LeaderState
2019-10-04 20:10:58,434 [e04b99d0-8bbc-4c1c-a9de-5944076146fd@group-610E6D044675-LeaderElection73] INFO  segmented.SegmentedRaftLogWorker (SegmentedRaftLogWorker.java:startLogSegment(385)) - e04b99d0-8bbc-4c1c-a9de-5944076146fd@group-610E6D044675-SegmentedRaftLogWorker: Starting segment from index:0
2019-10-04 20:10:58,434 [e04b99d0-8bbc-4c1c-a9de-5944076146fd@group-610E6D044675-LeaderElection73] INFO  impl.RaftServerImpl (ServerState.java:setRaftConf(356)) - e04b99d0-8bbc-4c1c-a9de-5944076146fd@group-610E6D044675: set configuration 0: [e04b99d0-8bbc-4c1c-a9de-5944076146fd:192.168.30.33:34788], old=null at 0
2019-10-04 20:10:58,487 [e04b99d0-8bbc-4c1c-a9de-5944076146fd@group-610E6D044675-SegmentedRaftLogWorker] INFO  segmented.SegmentedRaftLogWorker (SegmentedRaftLogWorker.java:execute(574)) - e04b99d0-8bbc-4c1c-a9de-5944076146fd@group-610E6D044675-SegmentedRaftLogWorker: created new log segment /workdir/hadoop-ozone/integration-test/target/test-dir/MiniOzoneClusterImpl-390a7ef6-be58-4e63-a9d8-0723f2b752f8/datanode-0/data/ratis/7b5ae146-ee0e-4f50-b82c-610e6d044675/current/log_inprogress_0
2019-10-04 20:10:58,580 [Thread-2281] INFO  impl.FollowerState (FollowerState.java:run(108)) - 5e400295-ce64-4c28-8c48-4b33f1a0ac86@group-17BEF0334103-FollowerState: change to CANDIDATE, lastRpcTime:5184ms, electionTimeout:5184ms
2019-10-04 20:10:58,580 [Thread-2281] INFO  impl.RoleInfo (RoleInfo.java:shutdownFollowerState(121)) - 5e400295-ce64-4c28-8c48-4b33f1a0ac86: shutdown FollowerState
2019-10-04 20:10:58,580 [Thread-2281] INFO  impl.RaftServerImpl (RaftServerImpl.java:setRole(170)) - 5e400295-ce64-4c28-8c48-4b33f1a0ac86@group-17BEF0334103: changes role from  FOLLOWER to CANDIDATE at term 0 for changeToCandidate
2019-10-04 20:10:58,581 [Thread-2281] INFO  impl.RoleInfo (RoleInfo.java:updateAndGet(143)) - 5e400295-ce64-4c28-8c48-4b33f1a0ac86: start LeaderElection
2019-10-04 20:10:58,618 [5e400295-ce64-4c28-8c48-4b33f1a0ac86@group-17BEF0334103-LeaderElection74] INFO  impl.LeaderElection (LeaderElection.java:askForVotes(178)) - 5e400295-ce64-4c28-8c48-4b33f1a0ac86@group-17BEF0334103-LeaderElection74: begin an election at term 1 for -1: [5e400295-ce64-4c28-8c48-4b33f1a0ac86:192.168.30.33:38513], old=null
2019-10-04 20:10:58,618 [5e400295-ce64-4c28-8c48-4b33f1a0ac86@group-17BEF0334103-LeaderElection74] INFO  impl.RoleInfo (RoleInfo.java:shutdownLeaderElection(134)) - 5e400295-ce64-4c28-8c48-4b33f1a0ac86: shutdown LeaderElection
2019-10-04 20:10:58,618 [5e400295-ce64-4c28-8c48-4b33f1a0ac86@group-17BEF0334103-LeaderElection74] INFO  impl.RaftServerImpl (RaftServerImpl.java:setRole(170)) - 5e400295-ce64-4c28-8c48-4b33f1a0ac86@group-17BEF0334103: changes role from CANDIDATE to LEADER at term 1 for changeToLeader
2019-10-04 20:10:58,618 [5e400295-ce64-4c28-8c48-4b33f1a0ac86@group-17BEF0334103-LeaderElection74] INFO  impl.RaftServerImpl (ServerState.java:setLeader(255)) - 5e400295-ce64-4c28-8c48-4b33f1a0ac86@group-17BEF0334103: change Leader from null to 5e400295-ce64-4c28-8c48-4b33f1a0ac86 at term 1 for becomeLeader, leader elected after 5227ms
2019-10-04 20:10:58,618 [5e400295-ce64-4c28-8c48-4b33f1a0ac86@group-17BEF0334103-LeaderElection74] INFO  server.RaftServerConfigKeys (ConfUtils.java:logGet(43)) - raft.server.staging.catchup.gap = 1000 (default)
2019-10-04 20:10:58,619 [5e400295-ce64-4c28-8c48-4b33f1a0ac86@group-17BEF0334103-LeaderElection74] INFO  server.RaftServerConfigKeys (ConfUtils.java:logGet(43)) - raft.server.rpc.sleep.time = 25ms (default)
2019-10-04 20:10:58,619 [5e400295-ce64-4c28-8c48-4b33f1a0ac86@group-17BEF0334103-LeaderElection74] INFO  server.RaftServerConfigKeys (ConfUtils.java:logGet(43)) - raft.server.write.element-limit = 4096 (default)
2019-10-04 20:10:58,619 [5e400295-ce64-4c28-8c48-4b33f1a0ac86@group-17BEF0334103-LeaderElection74] INFO  server.RaftServerConfigKeys (ConfUtils.java:logGet(43)) - raft.server.watch.timeout = 10s (default)
2019-10-04 20:10:58,619 [5e400295-ce64-4c28-8c48-4b33f1a0ac86@group-17BEF0334103-LeaderElection74] INFO  server.RaftServerConfigKeys (ConfUtils.java:logGet(43)) - raft.server.watch.timeout.denomination = 1s (default)
2019-10-04 20:10:58,619 [5e400295-ce64-4c28-8c48-4b33f1a0ac86@group-17BEF0334103-LeaderElection74] INFO  server.RaftServerConfigKeys (ConfUtils.java:logGet(43)) - raft.server.watch.element-limit = 65536 (default)
2019-10-04 20:10:58,621 [5e400295-ce64-4c28-8c48-4b33f1a0ac86@group-17BEF0334103-LeaderElection74] INFO  impl.RoleInfo (RoleInfo.java:updateAndGet(143)) - 5e400295-ce64-4c28-8c48-4b33f1a0ac86: start LeaderState
2019-10-04 20:10:58,622 [5e400295-ce64-4c28-8c48-4b33f1a0ac86@group-17BEF0334103-LeaderElection74] INFO  segmented.SegmentedRaftLogWorker (SegmentedRaftLogWorker.java:startLogSegment(385)) - 5e400295-ce64-4c28-8c48-4b33f1a0ac86@group-17BEF0334103-SegmentedRaftLogWorker: Starting segment from index:0
2019-10-04 20:10:58,623 [5e400295-ce64-4c28-8c48-4b33f1a0ac86@group-17BEF0334103-LeaderElection74] INFO  impl.RaftServerImpl (ServerState.java:setRaftConf(356)) - 5e400295-ce64-4c28-8c48-4b33f1a0ac86@group-17BEF0334103: set configuration 0: [5e400295-ce64-4c28-8c48-4b33f1a0ac86:192.168.30.33:38513], old=null at 0
2019-10-04 20:10:58,659 [Thread-2290] INFO  impl.FollowerState (FollowerState.java:run(108)) - e04b99d0-8bbc-4c1c-a9de-5944076146fd@group-66E1E1AA8B41-FollowerState: change to CANDIDATE, lastRpcTime:5047ms, electionTimeout:5047ms
2019-10-04 20:10:58,659 [Thread-2290] INFO  impl.RoleInfo (RoleInfo.java:shutdownFollowerState(121)) - e04b99d0-8bbc-4c1c-a9de-5944076146fd: shutdown FollowerState
2019-10-04 20:10:58,659 [Thread-2290] INFO  impl.RaftServerImpl (RaftServerImpl.java:setRole(170)) - e04b99d0-8bbc-4c1c-a9de-5944076146fd@group-66E1E1AA8B41: changes role from  FOLLOWER to CANDIDATE at term 0 for changeToCandidate
2019-10-04 20:10:58,659 [Thread-2290] INFO  impl.RoleInfo (RoleInfo.java:updateAndGet(143)) - e04b99d0-8bbc-4c1c-a9de-5944076146fd: start LeaderElection
2019-10-04 20:10:58,680 [5e400295-ce64-4c28-8c48-4b33f1a0ac86@group-17BEF0334103-SegmentedRaftLogWorker] INFO  segmented.SegmentedRaftLogWorker (SegmentedRaftLogWorker.java:execute(574)) - 5e400295-ce64-4c28-8c48-4b33f1a0ac86@group-17BEF0334103-SegmentedRaftLogWorker: created new log segment /workdir/hadoop-ozone/integration-test/target/test-dir/MiniOzoneClusterImpl-390a7ef6-be58-4e63-a9d8-0723f2b752f8/datanode-1/data/ratis/ef9c05fb-8bca-4f77-8782-17bef0334103/current/log_inprogress_0
2019-10-04 20:10:58,689 [Thread-2284] INFO  impl.FollowerState (FollowerState.java:run(108)) - dab34357-35b3-485b-984e-dcae7cbc0f49@group-F2FD2242974F-FollowerState: change to CANDIDATE, lastRpcTime:5191ms, electionTimeout:5191ms
2019-10-04 20:10:58,689 [Thread-2284] INFO  impl.RoleInfo (RoleInfo.java:shutdownFollowerState(121)) - dab34357-35b3-485b-984e-dcae7cbc0f49: shutdown FollowerState
2019-10-04 20:10:58,689 [Thread-2284] INFO  impl.RaftServerImpl (RaftServerImpl.java:setRole(170)) - dab34357-35b3-485b-984e-dcae7cbc0f49@group-F2FD2242974F: changes role from  FOLLOWER to CANDIDATE at term 0 for changeToCandidate
2019-10-04 20:10:58,689 [Thread-2284] INFO  impl.RoleInfo (RoleInfo.java:updateAndGet(143)) - dab34357-35b3-485b-984e-dcae7cbc0f49: start LeaderElection
2019-10-04 20:10:58,705 [e04b99d0-8bbc-4c1c-a9de-5944076146fd@group-66E1E1AA8B41-LeaderElection75] INFO  impl.LeaderElection (LeaderElection.java:askForVotes(178)) - e04b99d0-8bbc-4c1c-a9de-5944076146fd@group-66E1E1AA8B41-LeaderElection75: begin an election at term 1 for -1: [e04b99d0-8bbc-4c1c-a9de-5944076146fd:192.168.30.33:34788, 5e400295-ce64-4c28-8c48-4b33f1a0ac86:192.168.30.33:38513, dab34357-35b3-485b-984e-dcae7cbc0f49:192.168.30.33:43420], old=null
2019-10-04 20:10:58,709 [grpc-default-executor-5] INFO  impl.RaftServerImpl (RaftServerImpl.java:setRole(170)) - dab34357-35b3-485b-984e-dcae7cbc0f49@group-66E1E1AA8B41: changes role from  FOLLOWER to FOLLOWER at term 1 for recognizeCandidate:e04b99d0-8bbc-4c1c-a9de-5944076146fd
2019-10-04 20:10:58,709 [grpc-default-executor-5] INFO  impl.RoleInfo (RoleInfo.java:shutdownFollowerState(121)) - dab34357-35b3-485b-984e-dcae7cbc0f49: shutdown FollowerState
2019-10-04 20:10:58,709 [grpc-default-executor-4] INFO  impl.RaftServerImpl (RaftServerImpl.java:setRole(170)) - 5e400295-ce64-4c28-8c48-4b33f1a0ac86@group-66E1E1AA8B41: changes role from  FOLLOWER to FOLLOWER at term 1 for recognizeCandidate:e04b99d0-8bbc-4c1c-a9de-5944076146fd
2019-10-04 20:10:58,709 [grpc-default-executor-4] INFO  impl.RoleInfo (RoleInfo.java:shutdownFollowerState(121)) - 5e400295-ce64-4c28-8c48-4b33f1a0ac86: shutdown FollowerState
2019-10-04 20:10:58,709 [Thread-2287] INFO  impl.FollowerState (FollowerState.java:run(117)) - dab34357-35b3-485b-984e-dcae7cbc0f49@group-66E1E1AA8B41-FollowerState was interrupted: java.lang.InterruptedException: sleep interrupted
2019-10-04 20:10:58,710 [Thread-2292] INFO  impl.FollowerState (FollowerState.java:run(117)) - 5e400295-ce64-4c28-8c48-4b33f1a0ac86@group-66E1E1AA8B41-FollowerState was interrupted: java.lang.InterruptedException: sleep interrupted
2019-10-04 20:10:58,709 [grpc-default-executor-5] INFO  impl.RoleInfo (RoleInfo.java:updateAndGet(143)) - dab34357-35b3-485b-984e-dcae7cbc0f49: start FollowerState
2019-10-04 20:10:58,714 [Thread-2296] INFO  impl.FollowerState (FollowerState.java:run(108)) - eca600cc-6500-4eb0-aeab-eb1b376d64b0@group-C9F98A5F087F-FollowerState: change to CANDIDATE, lastRpcTime:5004ms, electionTimeout:5000ms
2019-10-04 20:10:58,710 [grpc-default-executor-4] INFO  impl.RoleInfo (RoleInfo.java:updateAndGet(143)) - 5e400295-ce64-4c28-8c48-4b33f1a0ac86: start FollowerState
2019-10-04 20:10:58,719 [Thread-2296] INFO  impl.RoleInfo (RoleInfo.java:shutdownFollowerState(121)) - eca600cc-6500-4eb0-aeab-eb1b376d64b0: shutdown FollowerState
2019-10-04 20:10:58,719 [Thread-2296] INFO  impl.RaftServerImpl (RaftServerImpl.java:setRole(170)) - eca600cc-6500-4eb0-aeab-eb1b376d64b0@group-C9F98A5F087F: changes role from  FOLLOWER to CANDIDATE at term 0 for changeToCandidate
2019-10-04 20:10:58,720 [Thread-2296] INFO  impl.RoleInfo (RoleInfo.java:updateAndGet(143)) - eca600cc-6500-4eb0-aeab-eb1b376d64b0: start LeaderElection
2019-10-04 20:10:58,732 [dab34357-35b3-485b-984e-dcae7cbc0f49@group-F2FD2242974F-LeaderElection76] INFO  impl.LeaderElection (LeaderElection.java:askForVotes(178)) - dab34357-35b3-485b-984e-dcae7cbc0f49@group-F2FD2242974F-LeaderElection76: begin an election at term 1 for -1: [dab34357-35b3-485b-984e-dcae7cbc0f49:192.168.30.33:43420], old=null
2019-10-04 20:10:58,733 [dab34357-35b3-485b-984e-dcae7cbc0f49@group-F2FD2242974F-LeaderElection76] INFO  impl.RoleInfo (RoleInfo.java:shutdownLeaderElection(134)) - dab34357-35b3-485b-984e-dcae7cbc0f49: shutdown LeaderElection
2019-10-04 20:10:58,733 [dab34357-35b3-485b-984e-dcae7cbc0f49@group-F2FD2242974F-LeaderElection76] INFO  impl.RaftServerImpl (RaftServerImpl.java:setRole(170)) - dab34357-35b3-485b-984e-dcae7cbc0f49@group-F2FD2242974F: changes role from CANDIDATE to LEADER at term 1 for changeToLeader
2019-10-04 20:10:58,733 [dab34357-35b3-485b-984e-dcae7cbc0f49@group-F2FD2242974F-LeaderElection76] INFO  impl.RaftServerImpl (ServerState.java:setLeader(255)) - dab34357-35b3-485b-984e-dcae7cbc0f49@group-F2FD2242974F: change Leader from null to dab34357-35b3-485b-984e-dcae7cbc0f49 at term 1 for becomeLeader, leader elected after 5241ms
2019-10-04 20:10:58,733 [dab34357-35b3-485b-984e-dcae7cbc0f49@group-F2FD2242974F-LeaderElection76] INFO  server.RaftServerConfigKeys (ConfUtils.java:logGet(43)) - raft.server.staging.catchup.gap = 1000 (default)
2019-10-04 20:10:58,733 [dab34357-35b3-485b-984e-dcae7cbc0f49@group-F2FD2242974F-LeaderElection76] INFO  server.RaftServerConfigKeys (ConfUtils.java:logGet(43)) - raft.server.rpc.sleep.time = 25ms (default)
2019-10-04 20:10:58,733 [dab34357-35b3-485b-984e-dcae7cbc0f49@group-F2FD2242974F-LeaderElection76] INFO  server.RaftServerConfigKeys (ConfUtils.java:logGet(43)) - raft.server.write.element-limit = 4096 (default)
2019-10-04 20:10:58,733 [dab34357-35b3-485b-984e-dcae7cbc0f49@group-F2FD2242974F-LeaderElection76] INFO  server.RaftServerConfigKeys (ConfUtils.java:logGet(43)) - raft.server.watch.timeout = 10s (default)
2019-10-04 20:10:58,734 [dab34357-35b3-485b-984e-dcae7cbc0f49@group-F2FD2242974F-LeaderElection76] INFO  server.RaftServerConfigKeys (ConfUtils.java:logGet(43)) - raft.server.watch.timeout.denomination = 1s (default)
2019-10-04 20:10:58,734 [dab34357-35b3-485b-984e-dcae7cbc0f49@group-F2FD2242974F-LeaderElection76] INFO  server.RaftServerConfigKeys (ConfUtils.java:logGet(43)) - raft.server.watch.element-limit = 65536 (default)
2019-10-04 20:10:58,736 [dab34357-35b3-485b-984e-dcae7cbc0f49@group-F2FD2242974F-LeaderElection76] INFO  impl.RoleInfo (RoleInfo.java:updateAndGet(143)) - dab34357-35b3-485b-984e-dcae7cbc0f49: start LeaderState
2019-10-04 20:10:58,736 [dab34357-35b3-485b-984e-dcae7cbc0f49@group-F2FD2242974F-LeaderElection76] INFO  segmented.SegmentedRaftLogWorker (SegmentedRaftLogWorker.java:startLogSegment(385)) - dab34357-35b3-485b-984e-dcae7cbc0f49@group-F2FD2242974F-SegmentedRaftLogWorker: Starting segment from index:0
2019-10-04 20:10:58,737 [dab34357-35b3-485b-984e-dcae7cbc0f49@group-F2FD2242974F-LeaderElection76] INFO  impl.RaftServerImpl (ServerState.java:setRaftConf(356)) - dab34357-35b3-485b-984e-dcae7cbc0f49@group-F2FD2242974F: set configuration 0: [dab34357-35b3-485b-984e-dcae7cbc0f49:192.168.30.33:43420], old=null at 0
2019-10-04 20:10:58,755 [eca600cc-6500-4eb0-aeab-eb1b376d64b0@group-C9F98A5F087F-LeaderElection77] INFO  impl.LeaderElection (LeaderElection.java:askForVotes(178)) - eca600cc-6500-4eb0-aeab-eb1b376d64b0@group-C9F98A5F087F-LeaderElection77: begin an election at term 1 for -1: [eca600cc-6500-4eb0-aeab-eb1b376d64b0:192.168.30.33:36384], old=null
2019-10-04 20:10:58,755 [eca600cc-6500-4eb0-aeab-eb1b376d64b0@group-C9F98A5F087F-LeaderElection77] INFO  impl.RoleInfo (RoleInfo.java:shutdownLeaderElection(134)) - eca600cc-6500-4eb0-aeab-eb1b376d64b0: shutdown LeaderElection
2019-10-04 20:10:58,756 [eca600cc-6500-4eb0-aeab-eb1b376d64b0@group-C9F98A5F087F-LeaderElection77] INFO  impl.RaftServerImpl (RaftServerImpl.java:setRole(170)) - eca600cc-6500-4eb0-aeab-eb1b376d64b0@group-C9F98A5F087F: changes role from CANDIDATE to LEADER at term 1 for changeToLeader
2019-10-04 20:10:58,756 [eca600cc-6500-4eb0-aeab-eb1b376d64b0@group-C9F98A5F087F-LeaderElection77] INFO  impl.RaftServerImpl (ServerState.java:setLeader(255)) - eca600cc-6500-4eb0-aeab-eb1b376d64b0@group-C9F98A5F087F: change Leader from null to eca600cc-6500-4eb0-aeab-eb1b376d64b0 at term 1 for becomeLeader, leader elected after 5052ms
2019-10-04 20:10:58,756 [eca600cc-6500-4eb0-aeab-eb1b376d64b0@group-C9F98A5F087F-LeaderElection77] INFO  server.RaftServerConfigKeys (ConfUtils.java:logGet(43)) - raft.server.staging.catchup.gap = 1000 (default)
2019-10-04 20:10:58,756 [eca600cc-6500-4eb0-aeab-eb1b376d64b0@group-C9F98A5F087F-LeaderElection77] INFO  server.RaftServerConfigKeys (ConfUtils.java:logGet(43)) - raft.server.rpc.sleep.time = 25ms (default)
2019-10-04 20:10:58,756 [eca600cc-6500-4eb0-aeab-eb1b376d64b0@group-C9F98A5F087F-LeaderElection77] INFO  server.RaftServerConfigKeys (ConfUtils.java:logGet(43)) - raft.server.write.element-limit = 4096 (default)
2019-10-04 20:10:58,756 [e04b99d0-8bbc-4c1c-a9de-5944076146fd@group-66E1E1AA8B41-LeaderElection75] INFO  impl.LeaderElection (LeaderElection.java:logAndReturn(56)) - e04b99d0-8bbc-4c1c-a9de-5944076146fd@group-66E1E1AA8B41-LeaderElection75: Election PASSED; received 1 response(s) [e04b99d0-8bbc-4c1c-a9de-5944076146fd<-5e400295-ce64-4c28-8c48-4b33f1a0ac86#0:OK-t1] and 0 exception(s); e04b99d0-8bbc-4c1c-a9de-5944076146fd@group-66E1E1AA8B41:t1, leader=null, voted=e04b99d0-8bbc-4c1c-a9de-5944076146fd, raftlog=e04b99d0-8bbc-4c1c-a9de-5944076146fd@group-66E1E1AA8B41-SegmentedRaftLog:OPENED:c-1,f-1,i0, conf=-1: [e04b99d0-8bbc-4c1c-a9de-5944076146fd:192.168.30.33:34788, 5e400295-ce64-4c28-8c48-4b33f1a0ac86:192.168.30.33:38513, dab34357-35b3-485b-984e-dcae7cbc0f49:192.168.30.33:43420], old=null
2019-10-04 20:10:58,756 [eca600cc-6500-4eb0-aeab-eb1b376d64b0@group-C9F98A5F087F-LeaderElection77] INFO  server.RaftServerConfigKeys (ConfUtils.java:logGet(43)) - raft.server.watch.timeout = 10s (default)
2019-10-04 20:10:58,757 [e04b99d0-8bbc-4c1c-a9de-5944076146fd@group-66E1E1AA8B41-LeaderElection75] INFO  impl.RoleInfo (RoleInfo.java:shutdownLeaderElection(134)) - e04b99d0-8bbc-4c1c-a9de-5944076146fd: shutdown LeaderElection
2019-10-04 20:10:58,757 [eca600cc-6500-4eb0-aeab-eb1b376d64b0@group-C9F98A5F087F-LeaderElection77] INFO  server.RaftServerConfigKeys (ConfUtils.java:logGet(43)) - raft.server.watch.timeout.denomination = 1s (default)
2019-10-04 20:10:58,757 [e04b99d0-8bbc-4c1c-a9de-5944076146fd@group-66E1E1AA8B41-LeaderElection75] INFO  impl.RaftServerImpl (RaftServerImpl.java:setRole(170)) - e04b99d0-8bbc-4c1c-a9de-5944076146fd@group-66E1E1AA8B41: changes role from CANDIDATE to LEADER at term 1 for changeToLeader
2019-10-04 20:10:58,757 [eca600cc-6500-4eb0-aeab-eb1b376d64b0@group-C9F98A5F087F-LeaderElection77] INFO  server.RaftServerConfigKeys (ConfUtils.java:logGet(43)) - raft.server.watch.element-limit = 65536 (default)
2019-10-04 20:10:58,757 [e04b99d0-8bbc-4c1c-a9de-5944076146fd@group-66E1E1AA8B41-LeaderElection75] INFO  impl.RaftServerImpl (ServerState.java:setLeader(255)) - e04b99d0-8bbc-4c1c-a9de-5944076146fd@group-66E1E1AA8B41: change Leader from null to e04b99d0-8bbc-4c1c-a9de-5944076146fd at term 1 for becomeLeader, leader elected after 5155ms
2019-10-04 20:10:58,757 [e04b99d0-8bbc-4c1c-a9de-5944076146fd@group-66E1E1AA8B41-LeaderElection75] INFO  server.RaftServerConfigKeys (ConfUtils.java:logGet(43)) - raft.server.staging.catchup.gap = 1000 (default)
2019-10-04 20:10:58,758 [e04b99d0-8bbc-4c1c-a9de-5944076146fd@group-66E1E1AA8B41-LeaderElection75] INFO  server.RaftServerConfigKeys (ConfUtils.java:logGet(43)) - raft.server.rpc.sleep.time = 25ms (default)
2019-10-04 20:10:58,758 [e04b99d0-8bbc-4c1c-a9de-5944076146fd@group-66E1E1AA8B41-LeaderElection75] INFO  server.RaftServerConfigKeys (ConfUtils.java:logGet(43)) - raft.server.write.element-limit = 4096 (default)
2019-10-04 20:10:58,758 [e04b99d0-8bbc-4c1c-a9de-5944076146fd@group-66E1E1AA8B41-LeaderElection75] INFO  server.RaftServerConfigKeys (ConfUtils.java:logGet(43)) - raft.server.watch.timeout = 10s (default)
2019-10-04 20:10:58,758 [e04b99d0-8bbc-4c1c-a9de-5944076146fd@group-66E1E1AA8B41-LeaderElection75] INFO  server.RaftServerConfigKeys (ConfUtils.java:logGet(43)) - raft.server.watch.timeout.denomination = 1s (default)
2019-10-04 20:10:58,758 [e04b99d0-8bbc-4c1c-a9de-5944076146fd@group-66E1E1AA8B41-LeaderElection75] INFO  server.RaftServerConfigKeys (ConfUtils.java:logGet(43)) - raft.server.watch.element-limit = 65536 (default)
2019-10-04 20:10:58,759 [eca600cc-6500-4eb0-aeab-eb1b376d64b0@group-C9F98A5F087F-LeaderElection77] INFO  impl.RoleInfo (RoleInfo.java:updateAndGet(143)) - eca600cc-6500-4eb0-aeab-eb1b376d64b0: start LeaderState
2019-10-04 20:10:58,760 [eca600cc-6500-4eb0-aeab-eb1b376d64b0@group-C9F98A5F087F-LeaderElection77] INFO  segmented.SegmentedRaftLogWorker (SegmentedRaftLogWorker.java:startLogSegment(385)) - eca600cc-6500-4eb0-aeab-eb1b376d64b0@group-C9F98A5F087F-SegmentedRaftLogWorker: Starting segment from index:0
2019-10-04 20:10:58,760 [eca600cc-6500-4eb0-aeab-eb1b376d64b0@group-C9F98A5F087F-LeaderElection77] INFO  impl.RaftServerImpl (ServerState.java:setRaftConf(356)) - eca600cc-6500-4eb0-aeab-eb1b376d64b0@group-C9F98A5F087F: set configuration 0: [eca600cc-6500-4eb0-aeab-eb1b376d64b0:192.168.30.33:36384], old=null at 0
2019-10-04 20:10:58,761 [e04b99d0-8bbc-4c1c-a9de-5944076146fd@group-66E1E1AA8B41-LeaderElection75] INFO  server.RaftServerConfigKeys (ConfUtils.java:logGet(43)) - raft.server.log.appender.snapshot.chunk.size.max = 16MB (=16777216) (default)
2019-10-04 20:10:58,761 [e04b99d0-8bbc-4c1c-a9de-5944076146fd@group-66E1E1AA8B41-LeaderElection75] INFO  server.RaftServerConfigKeys (ConfUtils.java:logGet(43)) - raft.server.log.appender.buffer.byte-limit = 33554432 (custom)
2019-10-04 20:10:58,761 [e04b99d0-8bbc-4c1c-a9de-5944076146fd@group-66E1E1AA8B41-LeaderElection75] INFO  server.RaftServerConfigKeys (ConfUtils.java:logGet(43)) - raft.server.log.appender.buffer.element-limit = 1 (custom)
2019-10-04 20:10:58,761 [e04b99d0-8bbc-4c1c-a9de-5944076146fd@group-66E1E1AA8B41-LeaderElection75] INFO  grpc.GrpcConfigKeys$Server (ConfUtils.java:logGet(43)) - raft.grpc.server.leader.outstanding.appends.max = 128 (default)
2019-10-04 20:10:58,762 [e04b99d0-8bbc-4c1c-a9de-5944076146fd@group-66E1E1AA8B41-LeaderElection75] INFO  server.RaftServerConfigKeys (ConfUtils.java:logGet(43)) - raft.server.rpc.request.timeout = 3000ms (default)
2019-10-04 20:10:58,762 [e04b99d0-8bbc-4c1c-a9de-5944076146fd@group-66E1E1AA8B41-LeaderElection75] INFO  server.RaftServerConfigKeys (ConfUtils.java:logGet(43)) - raft.server.log.appender.install.snapshot.enabled = false (custom)
2019-10-04 20:10:58,762 [e04b99d0-8bbc-4c1c-a9de-5944076146fd@group-66E1E1AA8B41-LeaderElection75] INFO  server.RaftServerConfigKeys (ConfUtils.java:logGet(43)) - raft.server.log.appender.snapshot.chunk.size.max = 16MB (=16777216) (default)
2019-10-04 20:10:58,762 [e04b99d0-8bbc-4c1c-a9de-5944076146fd@group-66E1E1AA8B41-LeaderElection75] INFO  server.RaftServerConfigKeys (ConfUtils.java:logGet(43)) - raft.server.log.appender.buffer.byte-limit = 33554432 (custom)
2019-10-04 20:10:58,762 [e04b99d0-8bbc-4c1c-a9de-5944076146fd@group-66E1E1AA8B41-LeaderElection75] INFO  server.RaftServerConfigKeys (ConfUtils.java:logGet(43)) - raft.server.log.appender.buffer.element-limit = 1 (custom)
2019-10-04 20:10:58,763 [e04b99d0-8bbc-4c1c-a9de-5944076146fd@group-66E1E1AA8B41-LeaderElection75] INFO  grpc.GrpcConfigKeys$Server (ConfUtils.java:logGet(43)) - raft.grpc.server.leader.outstanding.appends.max = 128 (default)
2019-10-04 20:10:58,763 [e04b99d0-8bbc-4c1c-a9de-5944076146fd@group-66E1E1AA8B41-LeaderElection75] INFO  server.RaftServerConfigKeys (ConfUtils.java:logGet(43)) - raft.server.rpc.request.timeout = 3000ms (default)
2019-10-04 20:10:58,763 [e04b99d0-8bbc-4c1c-a9de-5944076146fd@group-66E1E1AA8B41-LeaderElection75] INFO  server.RaftServerConfigKeys (ConfUtils.java:logGet(43)) - raft.server.log.appender.install.snapshot.enabled = false (custom)
2019-10-04 20:10:58,763 [e04b99d0-8bbc-4c1c-a9de-5944076146fd@group-66E1E1AA8B41-LeaderElection75] INFO  impl.RoleInfo (RoleInfo.java:updateAndGet(143)) - e04b99d0-8bbc-4c1c-a9de-5944076146fd: start LeaderState
2019-10-04 20:10:58,764 [e04b99d0-8bbc-4c1c-a9de-5944076146fd@group-66E1E1AA8B41-LeaderElection75] INFO  segmented.SegmentedRaftLogWorker (SegmentedRaftLogWorker.java:startLogSegment(385)) - e04b99d0-8bbc-4c1c-a9de-5944076146fd@group-66E1E1AA8B41-SegmentedRaftLogWorker: Starting segment from index:0
2019-10-04 20:10:58,764 [e04b99d0-8bbc-4c1c-a9de-5944076146fd@group-66E1E1AA8B41-LeaderElection75] INFO  impl.RaftServerImpl (ServerState.java:setRaftConf(356)) - e04b99d0-8bbc-4c1c-a9de-5944076146fd@group-66E1E1AA8B41: set configuration 0: [e04b99d0-8bbc-4c1c-a9de-5944076146fd:192.168.30.33:34788, 5e400295-ce64-4c28-8c48-4b33f1a0ac86:192.168.30.33:38513, dab34357-35b3-485b-984e-dcae7cbc0f49:192.168.30.33:43420], old=null at 0
2019-10-04 20:10:58,766 [grpc-default-executor-5] INFO  impl.RaftServerImpl (ServerState.java:setLeader(255)) - dab34357-35b3-485b-984e-dcae7cbc0f49@group-66E1E1AA8B41: change Leader from null to e04b99d0-8bbc-4c1c-a9de-5944076146fd at term 1 for appendEntries, leader elected after 5164ms
2019-10-04 20:10:58,838 [Thread-2299] INFO  impl.FollowerState (FollowerState.java:run(108)) - c926f757-4d63-4e51-8c13-9b2f012e731b@group-6598669FDD4A-FollowerState: change to CANDIDATE, lastRpcTime:5053ms, electionTimeout:5052ms
2019-10-04 20:10:58,838 [grpc-default-executor-7] INFO  impl.RaftServerImpl (ServerState.java:setLeader(255)) - 5e400295-ce64-4c28-8c48-4b33f1a0ac86@group-66E1E1AA8B41: change Leader from null to e04b99d0-8bbc-4c1c-a9de-5944076146fd at term 1 for appendEntries, leader elected after 5236ms
2019-10-04 20:10:58,838 [Thread-2299] INFO  impl.RoleInfo (RoleInfo.java:shutdownFollowerState(121)) - c926f757-4d63-4e51-8c13-9b2f012e731b: shutdown FollowerState
2019-10-04 20:10:58,843 [Thread-2299] INFO  impl.RaftServerImpl (RaftServerImpl.java:setRole(170)) - c926f757-4d63-4e51-8c13-9b2f012e731b@group-6598669FDD4A: changes role from  FOLLOWER to CANDIDATE at term 0 for changeToCandidate
2019-10-04 20:10:58,843 [Thread-2299] INFO  impl.RoleInfo (RoleInfo.java:updateAndGet(143)) - c926f757-4d63-4e51-8c13-9b2f012e731b: start LeaderElection
2019-10-04 20:10:58,856 [grpc-default-executor-7] INFO  impl.RaftServerImpl (ServerState.java:setRaftConf(356)) - 5e400295-ce64-4c28-8c48-4b33f1a0ac86@group-66E1E1AA8B41: set configuration 0: [e04b99d0-8bbc-4c1c-a9de-5944076146fd:192.168.30.33:34788, 5e400295-ce64-4c28-8c48-4b33f1a0ac86:192.168.30.33:38513, dab34357-35b3-485b-984e-dcae7cbc0f49:192.168.30.33:43420], old=null at 0
2019-10-04 20:10:58,856 [grpc-default-executor-5] INFO  impl.RaftServerImpl (ServerState.java:setRaftConf(356)) - dab34357-35b3-485b-984e-dcae7cbc0f49@group-66E1E1AA8B41: set configuration 0: [e04b99d0-8bbc-4c1c-a9de-5944076146fd:192.168.30.33:34788, 5e400295-ce64-4c28-8c48-4b33f1a0ac86:192.168.30.33:38513, dab34357-35b3-485b-984e-dcae7cbc0f49:192.168.30.33:43420], old=null at 0
2019-10-04 20:10:58,856 [grpc-default-executor-7] INFO  segmented.SegmentedRaftLogWorker (SegmentedRaftLogWorker.java:startLogSegment(385)) - 5e400295-ce64-4c28-8c48-4b33f1a0ac86@group-66E1E1AA8B41-SegmentedRaftLogWorker: Starting segment from index:0
2019-10-04 20:10:58,856 [grpc-default-executor-5] INFO  segmented.SegmentedRaftLogWorker (SegmentedRaftLogWorker.java:startLogSegment(385)) - dab34357-35b3-485b-984e-dcae7cbc0f49@group-66E1E1AA8B41-SegmentedRaftLogWorker: Starting segment from index:0
2019-10-04 20:10:58,868 [e04b99d0-8bbc-4c1c-a9de-5944076146fd@group-66E1E1AA8B41-SegmentedRaftLogWorker] INFO  segmented.SegmentedRaftLogWorker (SegmentedRaftLogWorker.java:execute(574)) - e04b99d0-8bbc-4c1c-a9de-5944076146fd@group-66E1E1AA8B41-SegmentedRaftLogWorker: created new log segment /workdir/hadoop-ozone/integration-test/target/test-dir/MiniOzoneClusterImpl-390a7ef6-be58-4e63-a9d8-0723f2b752f8/datanode-0/data/ratis/40718854-0525-4be0-93ad-66e1e1aa8b41/current/log_inprogress_0
2019-10-04 20:10:58,868 [dab34357-35b3-485b-984e-dcae7cbc0f49@group-F2FD2242974F-SegmentedRaftLogWorker] INFO  segmented.SegmentedRaftLogWorker (SegmentedRaftLogWorker.java:execute(574)) - dab34357-35b3-485b-984e-dcae7cbc0f49@group-F2FD2242974F-SegmentedRaftLogWorker: created new log segment /workdir/hadoop-ozone/integration-test/target/test-dir/MiniOzoneClusterImpl-390a7ef6-be58-4e63-a9d8-0723f2b752f8/datanode-2/data/ratis/9d101921-11cf-4745-bc39-f2fd2242974f/current/log_inprogress_0
2019-10-04 20:10:58,868 [eca600cc-6500-4eb0-aeab-eb1b376d64b0@group-C9F98A5F087F-SegmentedRaftLogWorker] INFO  segmented.SegmentedRaftLogWorker (SegmentedRaftLogWorker.java:execute(574)) - eca600cc-6500-4eb0-aeab-eb1b376d64b0@group-C9F98A5F087F-SegmentedRaftLogWorker: created new log segment /workdir/hadoop-ozone/integration-test/target/test-dir/MiniOzoneClusterImpl-390a7ef6-be58-4e63-a9d8-0723f2b752f8/datanode-3/data/ratis/49ad2beb-6798-4b62-ac67-c9f98a5f087f/current/log_inprogress_0
2019-10-04 20:10:58,893 [c926f757-4d63-4e51-8c13-9b2f012e731b@group-6598669FDD4A-LeaderElection78] INFO  impl.LeaderElection (LeaderElection.java:askForVotes(178)) - c926f757-4d63-4e51-8c13-9b2f012e731b@group-6598669FDD4A-LeaderElection78: begin an election at term 1 for -1: [c926f757-4d63-4e51-8c13-9b2f012e731b:192.168.30.33:42130], old=null
2019-10-04 20:10:58,894 [c926f757-4d63-4e51-8c13-9b2f012e731b@group-6598669FDD4A-LeaderElection78] INFO  impl.RoleInfo (RoleInfo.java:shutdownLeaderElection(134)) - c926f757-4d63-4e51-8c13-9b2f012e731b: shutdown LeaderElection
2019-10-04 20:10:58,894 [c926f757-4d63-4e51-8c13-9b2f012e731b@group-6598669FDD4A-LeaderElection78] INFO  impl.RaftServerImpl (RaftServerImpl.java:setRole(170)) - c926f757-4d63-4e51-8c13-9b2f012e731b@group-6598669FDD4A: changes role from CANDIDATE to LEADER at term 1 for changeToLeader
2019-10-04 20:10:58,894 [c926f757-4d63-4e51-8c13-9b2f012e731b@group-6598669FDD4A-LeaderElection78] INFO  impl.RaftServerImpl (ServerState.java:setLeader(255)) - c926f757-4d63-4e51-8c13-9b2f012e731b@group-6598669FDD4A: change Leader from null to c926f757-4d63-4e51-8c13-9b2f012e731b at term 1 for becomeLeader, leader elected after 5117ms
2019-10-04 20:10:58,894 [c926f757-4d63-4e51-8c13-9b2f012e731b@group-6598669FDD4A-LeaderElection78] INFO  server.RaftServerConfigKeys (ConfUtils.java:logGet(43)) - raft.server.staging.catchup.gap = 1000 (default)
2019-10-04 20:10:58,894 [c926f757-4d63-4e51-8c13-9b2f012e731b@group-6598669FDD4A-LeaderElection78] INFO  server.RaftServerConfigKeys (ConfUtils.java:logGet(43)) - raft.server.rpc.sleep.time = 25ms (default)
2019-10-04 20:10:58,894 [c926f757-4d63-4e51-8c13-9b2f012e731b@group-6598669FDD4A-LeaderElection78] INFO  server.RaftServerConfigKeys (ConfUtils.java:logGet(43)) - raft.server.write.element-limit = 4096 (default)
2019-10-04 20:10:58,894 [c926f757-4d63-4e51-8c13-9b2f012e731b@group-6598669FDD4A-LeaderElection78] INFO  server.RaftServerConfigKeys (ConfUtils.java:logGet(43)) - raft.server.watch.timeout = 10s (default)
2019-10-04 20:10:58,894 [c926f757-4d63-4e51-8c13-9b2f012e731b@group-6598669FDD4A-LeaderElection78] INFO  server.RaftServerConfigKeys (ConfUtils.java:logGet(43)) - raft.server.watch.timeout.denomination = 1s (default)
2019-10-04 20:10:58,894 [c926f757-4d63-4e51-8c13-9b2f012e731b@group-6598669FDD4A-LeaderElection78] INFO  server.RaftServerConfigKeys (ConfUtils.java:logGet(43)) - raft.server.watch.element-limit = 65536 (default)
2019-10-04 20:10:58,896 [c926f757-4d63-4e51-8c13-9b2f012e731b@group-6598669FDD4A-LeaderElection78] INFO  impl.RoleInfo (RoleInfo.java:updateAndGet(143)) - c926f757-4d63-4e51-8c13-9b2f012e731b: start LeaderState
2019-10-04 20:10:58,896 [c926f757-4d63-4e51-8c13-9b2f012e731b@group-6598669FDD4A-LeaderElection78] INFO  segmented.SegmentedRaftLogWorker (SegmentedRaftLogWorker.java:startLogSegment(385)) - c926f757-4d63-4e51-8c13-9b2f012e731b@group-6598669FDD4A-SegmentedRaftLogWorker: Starting segment from index:0
2019-10-04 20:10:58,896 [c926f757-4d63-4e51-8c13-9b2f012e731b@group-6598669FDD4A-LeaderElection78] INFO  impl.RaftServerImpl (ServerState.java:setRaftConf(356)) - c926f757-4d63-4e51-8c13-9b2f012e731b@group-6598669FDD4A: set configuration 0: [c926f757-4d63-4e51-8c13-9b2f012e731b:192.168.30.33:42130], old=null at 0
2019-10-04 20:10:58,902 [dab34357-35b3-485b-984e-dcae7cbc0f49@group-66E1E1AA8B41-SegmentedRaftLogWorker] INFO  segmented.SegmentedRaftLogWorker (SegmentedRaftLogWorker.java:execute(574)) - dab34357-35b3-485b-984e-dcae7cbc0f49@group-66E1E1AA8B41-SegmentedRaftLogWorker: created new log segment /workdir/hadoop-ozone/integration-test/target/test-dir/MiniOzoneClusterImpl-390a7ef6-be58-4e63-a9d8-0723f2b752f8/datanode-2/data/ratis/40718854-0525-4be0-93ad-66e1e1aa8b41/current/log_inprogress_0
2019-10-04 20:10:58,919 [5e400295-ce64-4c28-8c48-4b33f1a0ac86@group-66E1E1AA8B41-SegmentedRaftLogWorker] INFO  segmented.SegmentedRaftLogWorker (SegmentedRaftLogWorker.java:execute(574)) - 5e400295-ce64-4c28-8c48-4b33f1a0ac86@group-66E1E1AA8B41-SegmentedRaftLogWorker: created new log segment /workdir/hadoop-ozone/integration-test/target/test-dir/MiniOzoneClusterImpl-390a7ef6-be58-4e63-a9d8-0723f2b752f8/datanode-1/data/ratis/40718854-0525-4be0-93ad-66e1e1aa8b41/current/log_inprogress_0
2019-10-04 20:10:58,932 [Thread-2302] INFO  impl.FollowerState (FollowerState.java:run(108)) - b1a6d1b0-b1b8-4529-b4d0-3d0a4d4e7c30@group-98F0160DBAE7-FollowerState: change to CANDIDATE, lastRpcTime:5081ms, electionTimeout:5081ms
2019-10-04 20:10:58,932 [Thread-2302] INFO  impl.RoleInfo (RoleInfo.java:shutdownFollowerState(121)) - b1a6d1b0-b1b8-4529-b4d0-3d0a4d4e7c30: shutdown FollowerState
2019-10-04 20:10:58,932 [Thread-2302] INFO  impl.RaftServerImpl (RaftServerImpl.java:setRole(170)) - b1a6d1b0-b1b8-4529-b4d0-3d0a4d4e7c30@group-98F0160DBAE7: changes role from  FOLLOWER to CANDIDATE at term 0 for changeToCandidate
2019-10-04 20:10:58,932 [Thread-2302] INFO  impl.RoleInfo (RoleInfo.java:updateAndGet(143)) - b1a6d1b0-b1b8-4529-b4d0-3d0a4d4e7c30: start LeaderElection
2019-10-04 20:10:58,944 [c926f757-4d63-4e51-8c13-9b2f012e731b@group-6598669FDD4A-SegmentedRaftLogWorker] INFO  segmented.SegmentedRaftLogWorker (SegmentedRaftLogWorker.java:execute(574)) - c926f757-4d63-4e51-8c13-9b2f012e731b@group-6598669FDD4A-SegmentedRaftLogWorker: created new log segment /workdir/hadoop-ozone/integration-test/target/test-dir/MiniOzoneClusterImpl-390a7ef6-be58-4e63-a9d8-0723f2b752f8/datanode-4/data/ratis/8555c903-b05a-4f23-808b-6598669fdd4a/current/log_inprogress_0
2019-10-04 20:10:58,994 [b1a6d1b0-b1b8-4529-b4d0-3d0a4d4e7c30@group-98F0160DBAE7-LeaderElection79] INFO  impl.LeaderElection (LeaderElection.java:askForVotes(178)) - b1a6d1b0-b1b8-4529-b4d0-3d0a4d4e7c30@group-98F0160DBAE7-LeaderElection79: begin an election at term 1 for -1: [b1a6d1b0-b1b8-4529-b4d0-3d0a4d4e7c30:192.168.30.33:45312], old=null
2019-10-04 20:10:58,994 [b1a6d1b0-b1b8-4529-b4d0-3d0a4d4e7c30@group-98F0160DBAE7-LeaderElection79] INFO  impl.RoleInfo (RoleInfo.java:shutdownLeaderElection(134)) - b1a6d1b0-b1b8-4529-b4d0-3d0a4d4e7c30: shutdown LeaderElection
2019-10-04 20:10:58,995 [b1a6d1b0-b1b8-4529-b4d0-3d0a4d4e7c30@group-98F0160DBAE7-LeaderElection79] INFO  impl.RaftServerImpl (RaftServerImpl.java:setRole(170)) - b1a6d1b0-b1b8-4529-b4d0-3d0a4d4e7c30@group-98F0160DBAE7: changes role from CANDIDATE to LEADER at term 1 for changeToLeader
2019-10-04 20:10:58,995 [b1a6d1b0-b1b8-4529-b4d0-3d0a4d4e7c30@group-98F0160DBAE7-LeaderElection79] INFO  impl.RaftServerImpl (ServerState.java:setLeader(255)) - b1a6d1b0-b1b8-4529-b4d0-3d0a4d4e7c30@group-98F0160DBAE7: change Leader from null to b1a6d1b0-b1b8-4529-b4d0-3d0a4d4e7c30 at term 1 for becomeLeader, leader elected after 5152ms
2019-10-04 20:10:58,995 [b1a6d1b0-b1b8-4529-b4d0-3d0a4d4e7c30@group-98F0160DBAE7-LeaderElection79] INFO  server.RaftServerConfigKeys (ConfUtils.java:logGet(43)) - raft.server.staging.catchup.gap = 1000 (default)
2019-10-04 20:10:58,995 [b1a6d1b0-b1b8-4529-b4d0-3d0a4d4e7c30@group-98F0160DBAE7-LeaderElection79] INFO  server.RaftServerConfigKeys (ConfUtils.java:logGet(43)) - raft.server.rpc.sleep.time = 25ms (default)
2019-10-04 20:10:58,995 [b1a6d1b0-b1b8-4529-b4d0-3d0a4d4e7c30@group-98F0160DBAE7-LeaderElection79] INFO  server.RaftServerConfigKeys (ConfUtils.java:logGet(43)) - raft.server.write.element-limit = 4096 (default)
2019-10-04 20:10:58,995 [b1a6d1b0-b1b8-4529-b4d0-3d0a4d4e7c30@group-98F0160DBAE7-LeaderElection79] INFO  server.RaftServerConfigKeys (ConfUtils.java:logGet(43)) - raft.server.watch.timeout = 10s (default)
2019-10-04 20:10:58,995 [b1a6d1b0-b1b8-4529-b4d0-3d0a4d4e7c30@group-98F0160DBAE7-LeaderElection79] INFO  server.RaftServerConfigKeys (ConfUtils.java:logGet(43)) - raft.server.watch.timeout.denomination = 1s (default)
2019-10-04 20:10:58,995 [b1a6d1b0-b1b8-4529-b4d0-3d0a4d4e7c30@group-98F0160DBAE7-LeaderElection79] INFO  server.RaftServerConfigKeys (ConfUtils.java:logGet(43)) - raft.server.watch.element-limit = 65536 (default)
2019-10-04 20:10:58,996 [b1a6d1b0-b1b8-4529-b4d0-3d0a4d4e7c30@group-98F0160DBAE7-LeaderElection79] INFO  impl.RoleInfo (RoleInfo.java:updateAndGet(143)) - b1a6d1b0-b1b8-4529-b4d0-3d0a4d4e7c30: start LeaderState
2019-10-04 20:10:58,997 [b1a6d1b0-b1b8-4529-b4d0-3d0a4d4e7c30@group-98F0160DBAE7-LeaderElection79] INFO  segmented.SegmentedRaftLogWorker (SegmentedRaftLogWorker.java:startLogSegment(385)) - b1a6d1b0-b1b8-4529-b4d0-3d0a4d4e7c30@group-98F0160DBAE7-SegmentedRaftLogWorker: Starting segment from index:0
2019-10-04 20:10:58,997 [b1a6d1b0-b1b8-4529-b4d0-3d0a4d4e7c30@group-98F0160DBAE7-LeaderElection79] INFO  impl.RaftServerImpl (ServerState.java:setRaftConf(356)) - b1a6d1b0-b1b8-4529-b4d0-3d0a4d4e7c30@group-98F0160DBAE7: set configuration 0: [b1a6d1b0-b1b8-4529-b4d0-3d0a4d4e7c30:192.168.30.33:45312], old=null at 0
2019-10-04 20:10:59,010 [Thread-2307] INFO  impl.FollowerState (FollowerState.java:run(108)) - eca600cc-6500-4eb0-aeab-eb1b376d64b0@group-E6E361785220-FollowerState: change to CANDIDATE, lastRpcTime:5071ms, electionTimeout:5071ms
2019-10-04 20:10:59,010 [Thread-2307] INFO  impl.RoleInfo (RoleInfo.java:shutdownFollowerState(121)) - eca600cc-6500-4eb0-aeab-eb1b376d64b0: shutdown FollowerState
2019-10-04 20:10:59,011 [Thread-2307] INFO  impl.RaftServerImpl (RaftServerImpl.java:setRole(170)) - eca600cc-6500-4eb0-aeab-eb1b376d64b0@group-E6E361785220: changes role from  FOLLOWER to CANDIDATE at term 0 for changeToCandidate
2019-10-04 20:10:59,011 [Thread-2307] INFO  impl.RoleInfo (RoleInfo.java:updateAndGet(143)) - eca600cc-6500-4eb0-aeab-eb1b376d64b0: start LeaderElection
2019-10-04 20:10:59,053 [b1a6d1b0-b1b8-4529-b4d0-3d0a4d4e7c30@group-98F0160DBAE7-SegmentedRaftLogWorker] INFO  segmented.SegmentedRaftLogWorker (SegmentedRaftLogWorker.java:execute(574)) - b1a6d1b0-b1b8-4529-b4d0-3d0a4d4e7c30@group-98F0160DBAE7-SegmentedRaftLogWorker: created new log segment /workdir/hadoop-ozone/integration-test/target/test-dir/MiniOzoneClusterImpl-390a7ef6-be58-4e63-a9d8-0723f2b752f8/datanode-5/data/ratis/2a5fac3b-eae7-4ab7-83a9-98f0160dbae7/current/log_inprogress_0
2019-10-04 20:10:59,053 [eca600cc-6500-4eb0-aeab-eb1b376d64b0@group-E6E361785220-LeaderElection80] INFO  impl.LeaderElection (LeaderElection.java:askForVotes(178)) - eca600cc-6500-4eb0-aeab-eb1b376d64b0@group-E6E361785220-LeaderElection80: begin an election at term 1 for -1: [b1a6d1b0-b1b8-4529-b4d0-3d0a4d4e7c30:192.168.30.33:45312, acece99d-3a95-4ab6-b9d5-9d8b1a423547:192.168.30.33:41156, eca600cc-6500-4eb0-aeab-eb1b376d64b0:192.168.30.33:36384], old=null
2019-10-04 20:10:59,065 [grpc-default-executor-7] INFO  impl.RaftServerImpl (RaftServerImpl.java:setRole(170)) - b1a6d1b0-b1b8-4529-b4d0-3d0a4d4e7c30@group-E6E361785220: changes role from  FOLLOWER to FOLLOWER at term 1 for recognizeCandidate:eca600cc-6500-4eb0-aeab-eb1b376d64b0
2019-10-04 20:10:59,065 [grpc-default-executor-7] INFO  impl.RoleInfo (RoleInfo.java:shutdownFollowerState(121)) - b1a6d1b0-b1b8-4529-b4d0-3d0a4d4e7c30: shutdown FollowerState
2019-10-04 20:10:59,065 [grpc-default-executor-7] INFO  impl.RoleInfo (RoleInfo.java:updateAndGet(143)) - b1a6d1b0-b1b8-4529-b4d0-3d0a4d4e7c30: start FollowerState
2019-10-04 20:10:59,065 [Thread-2306] INFO  impl.FollowerState (FollowerState.java:run(117)) - b1a6d1b0-b1b8-4529-b4d0-3d0a4d4e7c30@group-E6E361785220-FollowerState was interrupted: java.lang.InterruptedException: sleep interrupted
2019-10-04 20:10:59,072 [grpc-default-executor-4] INFO  impl.RaftServerImpl (RaftServerImpl.java:setRole(170)) - acece99d-3a95-4ab6-b9d5-9d8b1a423547@group-E6E361785220: changes role from  FOLLOWER to FOLLOWER at term 1 for recognizeCandidate:eca600cc-6500-4eb0-aeab-eb1b376d64b0
2019-10-04 20:10:59,072 [grpc-default-executor-4] INFO  impl.RoleInfo (RoleInfo.java:shutdownFollowerState(121)) - acece99d-3a95-4ab6-b9d5-9d8b1a423547: shutdown FollowerState
2019-10-04 20:10:59,072 [grpc-default-executor-4] INFO  impl.RoleInfo (RoleInfo.java:updateAndGet(143)) - acece99d-3a95-4ab6-b9d5-9d8b1a423547: start FollowerState
2019-10-04 20:10:59,072 [Thread-2311] INFO  impl.FollowerState (FollowerState.java:run(117)) - acece99d-3a95-4ab6-b9d5-9d8b1a423547@group-E6E361785220-FollowerState was interrupted: java.lang.InterruptedException: sleep interrupted
2019-10-04 20:10:59,105 [eca600cc-6500-4eb0-aeab-eb1b376d64b0@group-E6E361785220-LeaderElection80] INFO  impl.LeaderElection (LeaderElection.java:logAndReturn(56)) - eca600cc-6500-4eb0-aeab-eb1b376d64b0@group-E6E361785220-LeaderElection80: Election PASSED; received 1 response(s) [eca600cc-6500-4eb0-aeab-eb1b376d64b0<-b1a6d1b0-b1b8-4529-b4d0-3d0a4d4e7c30#0:OK-t1] and 0 exception(s); eca600cc-6500-4eb0-aeab-eb1b376d64b0@group-E6E361785220:t1, leader=null, voted=eca600cc-6500-4eb0-aeab-eb1b376d64b0, raftlog=eca600cc-6500-4eb0-aeab-eb1b376d64b0@group-E6E361785220-SegmentedRaftLog:OPENED:c-1,f-1,i0, conf=-1: [b1a6d1b0-b1b8-4529-b4d0-3d0a4d4e7c30:192.168.30.33:45312, acece99d-3a95-4ab6-b9d5-9d8b1a423547:192.168.30.33:41156, eca600cc-6500-4eb0-aeab-eb1b376d64b0:192.168.30.33:36384], old=null
2019-10-04 20:10:59,106 [eca600cc-6500-4eb0-aeab-eb1b376d64b0@group-E6E361785220-LeaderElection80] INFO  impl.RoleInfo (RoleInfo.java:shutdownLeaderElection(134)) - eca600cc-6500-4eb0-aeab-eb1b376d64b0: shutdown LeaderElection
2019-10-04 20:10:59,106 [eca600cc-6500-4eb0-aeab-eb1b376d64b0@group-E6E361785220-LeaderElection80] INFO  impl.RaftServerImpl (RaftServerImpl.java:setRole(170)) - eca600cc-6500-4eb0-aeab-eb1b376d64b0@group-E6E361785220: changes role from CANDIDATE to LEADER at term 1 for changeToLeader
2019-10-04 20:10:59,106 [eca600cc-6500-4eb0-aeab-eb1b376d64b0@group-E6E361785220-LeaderElection80] INFO  impl.RaftServerImpl (ServerState.java:setLeader(255)) - eca600cc-6500-4eb0-aeab-eb1b376d64b0@group-E6E361785220: change Leader from null to eca600cc-6500-4eb0-aeab-eb1b376d64b0 at term 1 for becomeLeader, leader elected after 5175ms
2019-10-04 20:10:59,106 [eca600cc-6500-4eb0-aeab-eb1b376d64b0@group-E6E361785220-LeaderElection80] INFO  server.RaftServerConfigKeys (ConfUtils.java:logGet(43)) - raft.server.staging.catchup.gap = 1000 (default)
2019-10-04 20:10:59,106 [eca600cc-6500-4eb0-aeab-eb1b376d64b0@group-E6E361785220-LeaderElection80] INFO  server.RaftServerConfigKeys (ConfUtils.java:logGet(43)) - raft.server.rpc.sleep.time = 25ms (default)
2019-10-04 20:10:59,106 [eca600cc-6500-4eb0-aeab-eb1b376d64b0@group-E6E361785220-LeaderElection80] INFO  server.RaftServerConfigKeys (ConfUtils.java:logGet(43)) - raft.server.write.element-limit = 4096 (default)
2019-10-04 20:10:59,107 [eca600cc-6500-4eb0-aeab-eb1b376d64b0@group-E6E361785220-LeaderElection80] INFO  server.RaftServerConfigKeys (ConfUtils.java:logGet(43)) - raft.server.watch.timeout = 10s (default)
2019-10-04 20:10:59,107 [eca600cc-6500-4eb0-aeab-eb1b376d64b0@group-E6E361785220-LeaderElection80] INFO  server.RaftServerConfigKeys (ConfUtils.java:logGet(43)) - raft.server.watch.timeout.denomination = 1s (default)
2019-10-04 20:10:59,107 [eca600cc-6500-4eb0-aeab-eb1b376d64b0@group-E6E361785220-LeaderElection80] INFO  server.RaftServerConfigKeys (ConfUtils.java:logGet(43)) - raft.server.watch.element-limit = 65536 (default)
2019-10-04 20:10:59,109 [eca600cc-6500-4eb0-aeab-eb1b376d64b0@group-E6E361785220-LeaderElection80] INFO  server.RaftServerConfigKeys (ConfUtils.java:logGet(43)) - raft.server.log.appender.snapshot.chunk.size.max = 16MB (=16777216) (default)
2019-10-04 20:10:59,109 [eca600cc-6500-4eb0-aeab-eb1b376d64b0@group-E6E361785220-LeaderElection80] INFO  server.RaftServerConfigKeys (ConfUtils.java:logGet(43)) - raft.server.log.appender.buffer.byte-limit = 33554432 (custom)
2019-10-04 20:10:59,109 [eca600cc-6500-4eb0-aeab-eb1b376d64b0@group-E6E361785220-LeaderElection80] INFO  server.RaftServerConfigKeys (ConfUtils.java:logGet(43)) - raft.server.log.appender.buffer.element-limit = 1 (custom)
2019-10-04 20:10:59,109 [eca600cc-6500-4eb0-aeab-eb1b376d64b0@group-E6E361785220-LeaderElection80] INFO  grpc.GrpcConfigKeys$Server (ConfUtils.java:logGet(43)) - raft.grpc.server.leader.outstanding.appends.max = 128 (default)
2019-10-04 20:10:59,109 [eca600cc-6500-4eb0-aeab-eb1b376d64b0@group-E6E361785220-LeaderElection80] INFO  server.RaftServerConfigKeys (ConfUtils.java:logGet(43)) - raft.server.rpc.request.timeout = 3000ms (default)
2019-10-04 20:10:59,109 [eca600cc-6500-4eb0-aeab-eb1b376d64b0@group-E6E361785220-LeaderElection80] INFO  server.RaftServerConfigKeys (ConfUtils.java:logGet(43)) - raft.server.log.appender.install.snapshot.enabled = false (custom)
2019-10-04 20:10:59,110 [eca600cc-6500-4eb0-aeab-eb1b376d64b0@group-E6E361785220-LeaderElection80] INFO  server.RaftServerConfigKeys (ConfUtils.java:logGet(43)) - raft.server.log.appender.snapshot.chunk.size.max = 16MB (=16777216) (default)
2019-10-04 20:10:59,110 [eca600cc-6500-4eb0-aeab-eb1b376d64b0@group-E6E361785220-LeaderElection80] INFO  server.RaftServerConfigKeys (ConfUtils.java:logGet(43)) - raft.server.log.appender.buffer.byte-limit = 33554432 (custom)
2019-10-04 20:10:59,110 [eca600cc-6500-4eb0-aeab-eb1b376d64b0@group-E6E361785220-LeaderElection80] INFO  server.RaftServerConfigKeys (ConfUtils.java:logGet(43)) - raft.server.log.appender.buffer.element-limit = 1 (custom)
2019-10-04 20:10:59,110 [eca600cc-6500-4eb0-aeab-eb1b376d64b0@group-E6E361785220-LeaderElection80] INFO  grpc.GrpcConfigKeys$Server (ConfUtils.java:logGet(43)) - raft.grpc.server.leader.outstanding.appends.max = 128 (default)
2019-10-04 20:10:59,110 [eca600cc-6500-4eb0-aeab-eb1b376d64b0@group-E6E361785220-LeaderElection80] INFO  server.RaftServerConfigKeys (ConfUtils.java:logGet(43)) - raft.server.rpc.request.timeout = 3000ms (default)
2019-10-04 20:10:59,110 [eca600cc-6500-4eb0-aeab-eb1b376d64b0@group-E6E361785220-LeaderElection80] INFO  server.RaftServerConfigKeys (ConfUtils.java:logGet(43)) - raft.server.log.appender.install.snapshot.enabled = false (custom)
2019-10-04 20:10:59,111 [eca600cc-6500-4eb0-aeab-eb1b376d64b0@group-E6E361785220-LeaderElection80] INFO  impl.RoleInfo (RoleInfo.java:updateAndGet(143)) - eca600cc-6500-4eb0-aeab-eb1b376d64b0: start LeaderState
2019-10-04 20:10:59,111 [eca600cc-6500-4eb0-aeab-eb1b376d64b0@group-E6E361785220-LeaderElection80] INFO  segmented.SegmentedRaftLogWorker (SegmentedRaftLogWorker.java:startLogSegment(385)) - eca600cc-6500-4eb0-aeab-eb1b376d64b0@group-E6E361785220-SegmentedRaftLogWorker: Starting segment from index:0
2019-10-04 20:10:59,112 [eca600cc-6500-4eb0-aeab-eb1b376d64b0@group-E6E361785220-LeaderElection80] INFO  impl.RaftServerImpl (ServerState.java:setRaftConf(356)) - eca600cc-6500-4eb0-aeab-eb1b376d64b0@group-E6E361785220: set configuration 0: [b1a6d1b0-b1b8-4529-b4d0-3d0a4d4e7c30:192.168.30.33:45312, acece99d-3a95-4ab6-b9d5-9d8b1a423547:192.168.30.33:41156, eca600cc-6500-4eb0-aeab-eb1b376d64b0:192.168.30.33:36384], old=null at 0
2019-10-04 20:10:59,112 [grpc-default-executor-4] INFO  impl.RaftServerImpl (ServerState.java:setLeader(255)) - acece99d-3a95-4ab6-b9d5-9d8b1a423547@group-E6E361785220: change Leader from null to eca600cc-6500-4eb0-aeab-eb1b376d64b0 at term 1 for appendEntries, leader elected after 5181ms
2019-10-04 20:10:59,112 [grpc-default-executor-7] INFO  impl.RaftServerImpl (ServerState.java:setLeader(255)) - b1a6d1b0-b1b8-4529-b4d0-3d0a4d4e7c30@group-E6E361785220: change Leader from null to eca600cc-6500-4eb0-aeab-eb1b376d64b0 at term 1 for appendEntries, leader elected after 5182ms
2019-10-04 20:10:59,146 [grpc-default-executor-7] INFO  impl.RaftServerImpl (ServerState.java:setRaftConf(356)) - acece99d-3a95-4ab6-b9d5-9d8b1a423547@group-E6E361785220: set configuration 0: [b1a6d1b0-b1b8-4529-b4d0-3d0a4d4e7c30:192.168.30.33:45312, acece99d-3a95-4ab6-b9d5-9d8b1a423547:192.168.30.33:41156, eca600cc-6500-4eb0-aeab-eb1b376d64b0:192.168.30.33:36384], old=null at 0
2019-10-04 20:10:59,146 [grpc-default-executor-4] INFO  impl.RaftServerImpl (ServerState.java:setRaftConf(356)) - b1a6d1b0-b1b8-4529-b4d0-3d0a4d4e7c30@group-E6E361785220: set configuration 0: [b1a6d1b0-b1b8-4529-b4d0-3d0a4d4e7c30:192.168.30.33:45312, acece99d-3a95-4ab6-b9d5-9d8b1a423547:192.168.30.33:41156, eca600cc-6500-4eb0-aeab-eb1b376d64b0:192.168.30.33:36384], old=null at 0
2019-10-04 20:10:59,146 [grpc-default-executor-7] INFO  segmented.SegmentedRaftLogWorker (SegmentedRaftLogWorker.java:startLogSegment(385)) - acece99d-3a95-4ab6-b9d5-9d8b1a423547@group-E6E361785220-SegmentedRaftLogWorker: Starting segment from index:0
2019-10-04 20:10:59,146 [grpc-default-executor-4] INFO  segmented.SegmentedRaftLogWorker (SegmentedRaftLogWorker.java:startLogSegment(385)) - b1a6d1b0-b1b8-4529-b4d0-3d0a4d4e7c30@group-E6E361785220-SegmentedRaftLogWorker: Starting segment from index:0
2019-10-04 20:10:59,180 [eca600cc-6500-4eb0-aeab-eb1b376d64b0@group-E6E361785220-SegmentedRaftLogWorker] INFO  segmented.SegmentedRaftLogWorker (SegmentedRaftLogWorker.java:execute(574)) - eca600cc-6500-4eb0-aeab-eb1b376d64b0@group-E6E361785220-SegmentedRaftLogWorker: created new log segment /workdir/hadoop-ozone/integration-test/target/test-dir/MiniOzoneClusterImpl-390a7ef6-be58-4e63-a9d8-0723f2b752f8/datanode-3/data/ratis/cc4fceb6-df23-4792-a543-e6e361785220/current/log_inprogress_0
2019-10-04 20:10:59,198 [b1a6d1b0-b1b8-4529-b4d0-3d0a4d4e7c30@group-E6E361785220-SegmentedRaftLogWorker] INFO  segmented.SegmentedRaftLogWorker (SegmentedRaftLogWorker.java:execute(574)) - b1a6d1b0-b1b8-4529-b4d0-3d0a4d4e7c30@group-E6E361785220-SegmentedRaftLogWorker: created new log segment /workdir/hadoop-ozone/integration-test/target/test-dir/MiniOzoneClusterImpl-390a7ef6-be58-4e63-a9d8-0723f2b752f8/datanode-5/data/ratis/cc4fceb6-df23-4792-a543-e6e361785220/current/log_inprogress_0
2019-10-04 20:10:59,198 [acece99d-3a95-4ab6-b9d5-9d8b1a423547@group-E6E361785220-SegmentedRaftLogWorker] INFO  segmented.SegmentedRaftLogWorker (SegmentedRaftLogWorker.java:execute(574)) - acece99d-3a95-4ab6-b9d5-9d8b1a423547@group-E6E361785220-SegmentedRaftLogWorker: created new log segment /workdir/hadoop-ozone/integration-test/target/test-dir/MiniOzoneClusterImpl-390a7ef6-be58-4e63-a9d8-0723f2b752f8/datanode-6/data/ratis/cc4fceb6-df23-4792-a543-e6e361785220/current/log_inprogress_0
2019-10-04 20:11:00,219 [grpc-default-executor-0] WARN  server.GrpcLogAppender (LogUtils.java:warn(134)) - 35896a73-53a8-4e65-9327-fe2195b86350@group-445DFB4D7286->f90ae9ec-d3b4-4df5-bc2a-3643578826ae-AppendLogResponseHandler: Failed appendEntries: org.apache.ratis.thirdparty.io.grpc.StatusRuntimeException: UNAVAILABLE: io exception
2019-10-04 20:11:00,219 [grpc-default-executor-2] WARN  server.GrpcLogAppender (LogUtils.java:warn(134)) - 35896a73-53a8-4e65-9327-fe2195b86350@group-445DFB4D7286->e35642a6-94a5-4a62-8e65-3cae1ee4cc2c-AppendLogResponseHandler: Failed appendEntries: org.apache.ratis.thirdparty.io.grpc.StatusRuntimeException: UNAVAILABLE: io exception
2019-10-04 20:11:00,220 [grpc-default-executor-0] INFO  impl.FollowerInfo (FollowerInfo.java:lambda$new$0(51)) - 35896a73-53a8-4e65-9327-fe2195b86350@group-445DFB4D7286->f90ae9ec-d3b4-4df5-bc2a-3643578826ae: nextIndex: updateUnconditionally 0 -> 0
2019-10-04 20:11:00,220 [grpc-default-executor-2] INFO  impl.FollowerInfo (FollowerInfo.java:lambda$new$0(51)) - 35896a73-53a8-4e65-9327-fe2195b86350@group-445DFB4D7286->e35642a6-94a5-4a62-8e65-3cae1ee4cc2c: nextIndex: updateUnconditionally 0 -> 0
2019-10-04 20:11:00,383 [Datanode State Machine Thread - 0] INFO  statemachine.DatanodeStateMachine (DatanodeStateMachine.java:lambda$startDaemon$0(350)) - Ozone container server started.
2019-10-04 20:11:02,721 [grpc-default-executor-0] WARN  server.GrpcLogAppender (LogUtils.java:warn(134)) - 35896a73-53a8-4e65-9327-fe2195b86350@group-445DFB4D7286->e35642a6-94a5-4a62-8e65-3cae1ee4cc2c-AppendLogResponseHandler: Failed appendEntries: org.apache.ratis.thirdparty.io.grpc.StatusRuntimeException: UNAVAILABLE: io exception
2019-10-04 20:11:02,721 [grpc-default-executor-2] WARN  server.GrpcLogAppender (LogUtils.java:warn(134)) - 35896a73-53a8-4e65-9327-fe2195b86350@group-445DFB4D7286->f90ae9ec-d3b4-4df5-bc2a-3643578826ae-AppendLogResponseHandler: Failed appendEntries: org.apache.ratis.thirdparty.io.grpc.StatusRuntimeException: UNAVAILABLE: io exception
2019-10-04 20:11:02,721 [grpc-default-executor-0] INFO  impl.FollowerInfo (FollowerInfo.java:lambda$new$0(51)) - 35896a73-53a8-4e65-9327-fe2195b86350@group-445DFB4D7286->e35642a6-94a5-4a62-8e65-3cae1ee4cc2c: nextIndex: updateUnconditionally 0 -> 0
2019-10-04 20:11:02,721 [grpc-default-executor-2] INFO  impl.FollowerInfo (FollowerInfo.java:lambda$new$0(51)) - 35896a73-53a8-4e65-9327-fe2195b86350@group-445DFB4D7286->f90ae9ec-d3b4-4df5-bc2a-3643578826ae: nextIndex: updateUnconditionally 0 -> 0
2019-10-04 20:11:02,949 [EventQueue-StaleNodeForStaleNodeHandler] INFO  node.StaleNodeHandler (StaleNodeHandler.java:onMessage(58)) - Datanode e35642a6-94a5-4a62-8e65-3cae1ee4cc2c{ip: 192.168.30.33, host: pr-hdds-2239-ctfdh-543981580, networkLocation: /default-rack, certSerialId: null} moved to stale state. Finalizing its pipelines [PipelineID=68204808-5487-43b3-a09f-d1b3b4671d43, PipelineID=114f494d-c253-47cb-bcc2-445dfb4d7286]
2019-10-04 20:11:02,949 [EventQueue-StaleNodeForStaleNodeHandler] INFO  pipeline.SCMPipelineManager (SCMPipelineManager.java:finalizeAndDestroyPipeline(315)) - destroying pipeline:Pipeline[ Id: 68204808-5487-43b3-a09f-d1b3b4671d43, Nodes: e35642a6-94a5-4a62-8e65-3cae1ee4cc2c{ip: 192.168.30.33, host: pr-hdds-2239-ctfdh-543981580, networkLocation: /default-rack, certSerialId: null}, Type:RATIS, Factor:ONE, State:OPEN]
2019-10-04 20:11:02,949 [EventQueue-StaleNodeForStaleNodeHandler] INFO  pipeline.PipelineStateManager (PipelineStateManager.java:finalizePipeline(123)) - Pipeline Pipeline[ Id: 68204808-5487-43b3-a09f-d1b3b4671d43, Nodes: e35642a6-94a5-4a62-8e65-3cae1ee4cc2c{ip: 192.168.30.33, host: pr-hdds-2239-ctfdh-543981580, networkLocation: /default-rack, certSerialId: null}, Type:RATIS, Factor:ONE, State:CLOSED] moved to CLOSED state
2019-10-04 20:11:02,950 [EventQueue-StaleNodeForStaleNodeHandler] INFO  pipeline.SCMPipelineManager (SCMPipelineManager.java:finalizeAndDestroyPipeline(315)) - destroying pipeline:Pipeline[ Id: 114f494d-c253-47cb-bcc2-445dfb4d7286, Nodes: e35642a6-94a5-4a62-8e65-3cae1ee4cc2c{ip: 192.168.30.33, host: pr-hdds-2239-ctfdh-543981580, networkLocation: /default-rack, certSerialId: null}f90ae9ec-d3b4-4df5-bc2a-3643578826ae{ip: 192.168.30.33, host: pr-hdds-2239-ctfdh-543981580, networkLocation: /default-rack, certSerialId: null}35896a73-53a8-4e65-9327-fe2195b86350{ip: 192.168.30.33, host: pr-hdds-2239-ctfdh-543981580, networkLocation: /default-rack, certSerialId: null}, Type:RATIS, Factor:THREE, State:OPEN]
2019-10-04 20:11:02,950 [EventQueue-StaleNodeForStaleNodeHandler] INFO  pipeline.PipelineStateManager (PipelineStateManager.java:finalizePipeline(123)) - Pipeline Pipeline[ Id: 114f494d-c253-47cb-bcc2-445dfb4d7286, Nodes: e35642a6-94a5-4a62-8e65-3cae1ee4cc2c{ip: 192.168.30.33, host: pr-hdds-2239-ctfdh-543981580, networkLocation: /default-rack, certSerialId: null}f90ae9ec-d3b4-4df5-bc2a-3643578826ae{ip: 192.168.30.33, host: pr-hdds-2239-ctfdh-543981580, networkLocation: /default-rack, certSerialId: null}35896a73-53a8-4e65-9327-fe2195b86350{ip: 192.168.30.33, host: pr-hdds-2239-ctfdh-543981580, networkLocation: /default-rack, certSerialId: null}, Type:RATIS, Factor:THREE, State:CLOSED] moved to CLOSED state
2019-10-04 20:11:02,950 [EventQueue-CloseContainerForCloseContainerEventHandler] INFO  container.CloseContainerEventHandler (CloseContainerEventHandler.java:onMessage(61)) - Close container Event triggered for container : #1
2019-10-04 20:11:04,407 [main] INFO  ozoneimpl.OzoneContainer (OzoneContainer.java:stop(231)) - Attempting to stop container services.
2019-10-04 20:11:04,409 [main] INFO  impl.RaftServerProxy (RaftServerProxy.java:lambda$close$4(314)) - 5e400295-ce64-4c28-8c48-4b33f1a0ac86: close
2019-10-04 20:11:04,410 [main] INFO  impl.RaftServerImpl (RaftServerImpl.java:lambda$shutdown$3(247)) - 5e400295-ce64-4c28-8c48-4b33f1a0ac86@group-17BEF0334103: shutdown
2019-10-04 20:11:04,411 [main] INFO  util.JmxRegister (JmxRegister.java:unregister(73)) - Successfully un-registered JMX Bean with object name Ratis:service=RaftServer,group=group-17BEF0334103,id=5e400295-ce64-4c28-8c48-4b33f1a0ac86
2019-10-04 20:11:04,411 [main] INFO  impl.RoleInfo (RoleInfo.java:shutdownLeaderState(104)) - 5e400295-ce64-4c28-8c48-4b33f1a0ac86: shutdown LeaderState
2019-10-04 20:11:04,412 [main] INFO  impl.PendingRequests (PendingRequests.java:sendNotLeaderResponses(202)) - 5e400295-ce64-4c28-8c48-4b33f1a0ac86@group-17BEF0334103-PendingRequests: sendNotLeaderResponses
2019-10-04 20:11:04,412 [main] INFO  impl.StateMachineUpdater (StateMachineUpdater.java:stopAndJoin(136)) - 5e400295-ce64-4c28-8c48-4b33f1a0ac86@group-17BEF0334103-StateMachineUpdater: set stopIndex = 0
2019-10-04 20:11:04,413 [main] INFO  impl.RaftServerImpl (ServerState.java:close(387)) - 5e400295-ce64-4c28-8c48-4b33f1a0ac86@group-17BEF0334103: closes. applyIndex: 0
2019-10-04 20:11:04,414 [5e400295-ce64-4c28-8c48-4b33f1a0ac86@group-17BEF0334103-SegmentedRaftLogWorker] INFO  segmented.SegmentedRaftLogWorker (SegmentedRaftLogWorker.java:run(316)) - 5e400295-ce64-4c28-8c48-4b33f1a0ac86@group-17BEF0334103-SegmentedRaftLogWorker was interrupted, exiting. There are 0 tasks remaining in the queue.
2019-10-04 20:11:04,419 [main] INFO  segmented.SegmentedRaftLogWorker (SegmentedRaftLogWorker.java:close(224)) - 5e400295-ce64-4c28-8c48-4b33f1a0ac86@group-17BEF0334103-SegmentedRaftLogWorker close()
2019-10-04 20:11:04,428 [main] INFO  impl.RaftServerImpl (RaftServerImpl.java:lambda$shutdown$3(247)) - 5e400295-ce64-4c28-8c48-4b33f1a0ac86@group-66E1E1AA8B41: shutdown
2019-10-04 20:11:04,428 [main] INFO  util.JmxRegister (JmxRegister.java:unregister(73)) - Successfully un-registered JMX Bean with object name Ratis:service=RaftServer,group=group-66E1E1AA8B41,id=5e400295-ce64-4c28-8c48-4b33f1a0ac86
2019-10-04 20:11:04,429 [main] INFO  impl.RoleInfo (RoleInfo.java:shutdownFollowerState(121)) - 5e400295-ce64-4c28-8c48-4b33f1a0ac86: shutdown FollowerState
2019-10-04 20:11:04,429 [main] INFO  impl.StateMachineUpdater (StateMachineUpdater.java:stopAndJoin(136)) - 5e400295-ce64-4c28-8c48-4b33f1a0ac86@group-66E1E1AA8B41-StateMachineUpdater: set stopIndex = 2
2019-10-04 20:11:04,429 [Thread-2343] INFO  impl.FollowerState (FollowerState.java:run(117)) - 5e400295-ce64-4c28-8c48-4b33f1a0ac86@group-66E1E1AA8B41-FollowerState was interrupted: java.lang.InterruptedException: sleep interrupted
2019-10-04 20:11:04,430 [5e400295-ce64-4c28-8c48-4b33f1a0ac86@group-66E1E1AA8B41-StateMachineUpdater] INFO  ratis.ContainerStateMachine (ContainerStateMachine.java:takeSnapshot(293)) - group-66E1E1AA8B41: Taking a snapshot at:(t:1, i:1) file /workdir/hadoop-ozone/integration-test/target/test-dir/MiniOzoneClusterImpl-390a7ef6-be58-4e63-a9d8-0723f2b752f8/datanode-1/data/ratis/40718854-0525-4be0-93ad-66e1e1aa8b41/sm/snapshot.1_1
2019-10-04 20:11:04,455 [5e400295-ce64-4c28-8c48-4b33f1a0ac86@group-66E1E1AA8B41-StateMachineUpdater] INFO  ratis.ContainerStateMachine (ContainerStateMachine.java:takeSnapshot(304)) - group-66E1E1AA8B41: Finished taking a snapshot at:(t:1, i:1) file:/workdir/hadoop-ozone/integration-test/target/test-dir/MiniOzoneClusterImpl-390a7ef6-be58-4e63-a9d8-0723f2b752f8/datanode-1/data/ratis/40718854-0525-4be0-93ad-66e1e1aa8b41/sm/snapshot.1_1 time:26
2019-10-04 20:11:04,456 [5e400295-ce64-4c28-8c48-4b33f1a0ac86@group-66E1E1AA8B41-StateMachineUpdater] INFO  impl.StateMachineUpdater (StateMachineUpdater.java:takeSnapshot(269)) - 5e400295-ce64-4c28-8c48-4b33f1a0ac86@group-66E1E1AA8B41-StateMachineUpdater: Took a snapshot at index 1
2019-10-04 20:11:04,456 [5e400295-ce64-4c28-8c48-4b33f1a0ac86@group-66E1E1AA8B41-StateMachineUpdater] INFO  impl.StateMachineUpdater (StateMachineUpdater.java:lambda$new$0(84)) - 5e400295-ce64-4c28-8c48-4b33f1a0ac86@group-66E1E1AA8B41-StateMachineUpdater: snapshotIndex: updateIncreasingly -1 -> 1
2019-10-04 20:11:04,457 [5e400295-ce64-4c28-8c48-4b33f1a0ac86@group-66E1E1AA8B41-StateMachineUpdater] INFO  ratis.ContainerStateMachine (ContainerStateMachine.java:takeSnapshot(293)) - group-66E1E1AA8B41: Taking a snapshot at:(t:1, i:1) file /workdir/hadoop-ozone/integration-test/target/test-dir/MiniOzoneClusterImpl-390a7ef6-be58-4e63-a9d8-0723f2b752f8/datanode-1/data/ratis/40718854-0525-4be0-93ad-66e1e1aa8b41/sm/snapshot.1_1
2019-10-04 20:11:04,479 [5e400295-ce64-4c28-8c48-4b33f1a0ac86@group-66E1E1AA8B41-StateMachineUpdater] INFO  ratis.ContainerStateMachine (ContainerStateMachine.java:takeSnapshot(304)) - group-66E1E1AA8B41: Finished taking a snapshot at:(t:1, i:1) file:/workdir/hadoop-ozone/integration-test/target/test-dir/MiniOzoneClusterImpl-390a7ef6-be58-4e63-a9d8-0723f2b752f8/datanode-1/data/ratis/40718854-0525-4be0-93ad-66e1e1aa8b41/sm/snapshot.1_1 time:22
2019-10-04 20:11:04,479 [5e400295-ce64-4c28-8c48-4b33f1a0ac86@group-66E1E1AA8B41-StateMachineUpdater] INFO  impl.StateMachineUpdater (StateMachineUpdater.java:takeSnapshot(269)) - 5e400295-ce64-4c28-8c48-4b33f1a0ac86@group-66E1E1AA8B41-StateMachineUpdater: Took a snapshot at index 1
2019-10-04 20:11:04,480 [5e400295-ce64-4c28-8c48-4b33f1a0ac86@group-66E1E1AA8B41-StateMachineUpdater] INFO  impl.StateMachineUpdater (StateMachineUpdater.java:lambda$new$0(84)) - 5e400295-ce64-4c28-8c48-4b33f1a0ac86@group-66E1E1AA8B41-StateMachineUpdater: snapshotIndex: updateIncreasingly 1 -> 1
2019-10-04 20:11:04,480 [main] INFO  impl.RaftServerImpl (ServerState.java:close(387)) - 5e400295-ce64-4c28-8c48-4b33f1a0ac86@group-66E1E1AA8B41: closes. applyIndex: 2
2019-10-04 20:11:04,481 [5e400295-ce64-4c28-8c48-4b33f1a0ac86@group-66E1E1AA8B41-SegmentedRaftLogWorker] INFO  segmented.SegmentedRaftLogWorker (SegmentedRaftLogWorker.java:run(316)) - 5e400295-ce64-4c28-8c48-4b33f1a0ac86@group-66E1E1AA8B41-SegmentedRaftLogWorker was interrupted, exiting. There are 0 tasks remaining in the queue.
2019-10-04 20:11:04,486 [main] INFO  segmented.SegmentedRaftLogWorker (SegmentedRaftLogWorker.java:close(224)) - 5e400295-ce64-4c28-8c48-4b33f1a0ac86@group-66E1E1AA8B41-SegmentedRaftLogWorker close()
2019-10-04 20:11:04,495 [main] INFO  server.GrpcService (GrpcService.java:closeImpl(164)) - 5e400295-ce64-4c28-8c48-4b33f1a0ac86: shutdown server with port 38513 now
2019-10-04 20:11:04,497 [grpc-default-executor-2] WARN  server.GrpcServerProtocolService (LogUtils.java:warn(134)) - 5e400295-ce64-4c28-8c48-4b33f1a0ac86: installSnapshot onError, lastRequest: e04b99d0-8bbc-4c1c-a9de-5944076146fd->5e400295-ce64-4c28-8c48-4b33f1a0ac86#5-t1, previous=(t:1, i:2), leaderCommit=2, initializing? false, entries: <empty>: org.apache.ratis.thirdparty.io.grpc.StatusRuntimeException: CANCELLED: cancelled before receiving half close
2019-10-04 20:11:04,497 [grpc-default-executor-5] WARN  server.GrpcLogAppender (LogUtils.java:warn(134)) - e04b99d0-8bbc-4c1c-a9de-5944076146fd@group-66E1E1AA8B41->5e400295-ce64-4c28-8c48-4b33f1a0ac86-AppendLogResponseHandler: Failed appendEntries: org.apache.ratis.thirdparty.io.grpc.StatusRuntimeException: CANCELLED: HTTP/2 error code: CANCEL
Received Rst Stream
2019-10-04 20:11:04,497 [main] INFO  server.GrpcService (GrpcService.java:closeImpl(172)) - 5e400295-ce64-4c28-8c48-4b33f1a0ac86: shutdown server with port 38513 successfully
2019-10-04 20:11:04,498 [grpc-default-executor-5] INFO  impl.FollowerInfo (FollowerInfo.java:lambda$new$0(51)) - e04b99d0-8bbc-4c1c-a9de-5944076146fd@group-66E1E1AA8B41->5e400295-ce64-4c28-8c48-4b33f1a0ac86: nextIndex: updateUnconditionally 3 -> 2
2019-10-04 20:11:04,500 [refreshUsed-/workdir/hadoop-ozone/integration-test/target/test-dir/MiniOzoneClusterImpl-390a7ef6-be58-4e63-a9d8-0723f2b752f8/datanode-1/data/containers] WARN  fs.CachingGetSpaceUsed (CachingGetSpaceUsed.java:run(183)) - Thread Interrupted waiting to refresh disk information: sleep interrupted
2019-10-04 20:11:04,522 [main] INFO  utils.BackgroundService (BackgroundService.java:shutdown(148)) - Shutting down service BlockDeletingService
2019-10-04 20:11:04,535 [main] INFO  statemachine.DatanodeStateMachine (DatanodeStateMachine.java:stopDaemon(395)) - Ozone container server stopped.
2019-10-04 20:11:04,537 [main] INFO  handler.ContextHandler (ContextHandler.java:doStop(910)) - Stopped o.e.j.w.WebAppContext@476fde05{/,null,UNAVAILABLE}{/hddsDatanode}
2019-10-04 20:11:04,538 [main] INFO  server.AbstractConnector (AbstractConnector.java:doStop(318)) - Stopped ServerConnector@5111de7c{HTTP/1.1,[http/1.1]}{0.0.0.0:0}
2019-10-04 20:11:04,538 [main] INFO  handler.ContextHandler (ContextHandler.java:doStop(910)) - Stopped o.e.j.s.ServletContextHandler@10b8b900{/static,jar:file:/home/user/.m2/repository/org/apache/hadoop/hadoop-hdds-container-service/0.5.0-SNAPSHOT/hadoop-hdds-container-service-0.5.0-SNAPSHOT.jar!/webapps/static,UNAVAILABLE}
2019-10-04 20:11:04,539 [main] INFO  handler.ContextHandler (ContextHandler.java:doStop(910)) - Stopped o.e.j.s.ServletContextHandler@6314df3c{/logs,file:///workdir/hadoop-ozone/integration-test/target/log,UNAVAILABLE}
2019-10-04 20:11:04,558 [grpc-default-executor-0] WARN  server.GrpcLogAppender (LogUtils.java:warn(134)) - e04b99d0-8bbc-4c1c-a9de-5944076146fd@group-66E1E1AA8B41->5e400295-ce64-4c28-8c48-4b33f1a0ac86-AppendLogResponseHandler: Failed appendEntries: org.apache.ratis.thirdparty.io.grpc.StatusRuntimeException: UNAVAILABLE: io exception
2019-10-04 20:11:04,558 [grpc-default-executor-0] INFO  impl.FollowerInfo (FollowerInfo.java:lambda$new$0(51)) - e04b99d0-8bbc-4c1c-a9de-5944076146fd@group-66E1E1AA8B41->5e400295-ce64-4c28-8c48-4b33f1a0ac86: nextIndex: updateUnconditionally 3 -> 2
2019-10-04 20:11:04,571 [grpc-default-executor-2] WARN  server.GrpcLogAppender (LogUtils.java:warn(134)) - e04b99d0-8bbc-4c1c-a9de-5944076146fd@group-66E1E1AA8B41->5e400295-ce64-4c28-8c48-4b33f1a0ac86-AppendLogResponseHandler: Failed appendEntries: org.apache.ratis.thirdparty.io.grpc.StatusRuntimeException: UNAVAILABLE: io exception
2019-10-04 20:11:04,571 [grpc-default-executor-2] INFO  impl.FollowerInfo (FollowerInfo.java:lambda$new$0(51)) - e04b99d0-8bbc-4c1c-a9de-5944076146fd@group-66E1E1AA8B41->5e400295-ce64-4c28-8c48-4b33f1a0ac86: nextIndex: updateUnconditionally 3 -> 2
2019-10-04 20:11:04,573 [grpc-default-executor-0] WARN  server.GrpcLogAppender (LogUtils.java:warn(134)) - e04b99d0-8bbc-4c1c-a9de-5944076146fd@group-66E1E1AA8B41->5e400295-ce64-4c28-8c48-4b33f1a0ac86-AppendLogResponseHandler: Failed appendEntries: org.apache.ratis.thirdparty.io.grpc.StatusRuntimeException: UNAVAILABLE: io exception
2019-10-04 20:11:04,574 [grpc-default-executor-0] INFO  impl.FollowerInfo (FollowerInfo.java:lambda$new$0(51)) - e04b99d0-8bbc-4c1c-a9de-5944076146fd@group-66E1E1AA8B41->5e400295-ce64-4c28-8c48-4b33f1a0ac86: nextIndex: updateUnconditionally 3 -> 2
2019-10-04 20:11:04,588 [EventQueue-IncrementalContainerReportForIncrementalContainerReportHandler] WARN  container.IncrementalContainerReportHandler (AbstractContainerReportHandler.java:updateContainerState(143)) - Container #1 is in OPEN state, but the datanode dab34357-35b3-485b-984e-dcae7cbc0f49{ip: 192.168.30.33, host: pr-hdds-2239-ctfdh-543981580, networkLocation: /default-rack, certSerialId: null} reports an CLOSING replica.
2019-10-04 20:11:04,588 [EventQueue-IncrementalContainerReportForIncrementalContainerReportHandler] WARN  container.IncrementalContainerReportHandler (AbstractContainerReportHandler.java:updateContainerState(143)) - Container #1 is in OPEN state, but the datanode e04b99d0-8bbc-4c1c-a9de-5944076146fd{ip: 192.168.30.33, host: pr-hdds-2239-ctfdh-543981580, networkLocation: /default-rack, certSerialId: null} reports an CLOSING replica.
2019-10-04 20:11:04,664 [RatisApplyTransactionExecutor 1] INFO  interfaces.Container (KeyValueContainer.java:flushAndSyncDB(386)) - Container 1 is synced with bcsId 0.
2019-10-04 20:11:04,742 [RatisApplyTransactionExecutor 1] INFO  interfaces.Container (KeyValueContainer.java:flushAndSyncDB(386)) - Container 1 is synced with bcsId 0.
2019-10-04 20:11:04,758 [RatisApplyTransactionExecutor 1] INFO  interfaces.Container (KeyValueContainer.java:flushAndSyncDB(386)) - Container 1 is synced with bcsId 0.
2019-10-04 20:11:04,758 [RatisApplyTransactionExecutor 1] INFO  interfaces.Container (KeyValueContainer.java:flushAndSyncDB(386)) - Container 1 is synced with bcsId 0.
2019-10-04 20:11:04,775 [RatisApplyTransactionExecutor 1] INFO  interfaces.Container (KeyValueContainer.java:close(335)) - Container 1 is closed with bcsId 0.
2019-10-04 20:11:04,775 [RatisApplyTransactionExecutor 1] INFO  interfaces.Container (KeyValueContainer.java:close(335)) - Container 1 is closed with bcsId 0.
2019-10-04 20:11:04,789 [EventQueue-IncrementalContainerReportForIncrementalContainerReportHandler] WARN  container.IncrementalContainerReportHandler (AbstractContainerReportHandler.java:updateContainerState(143)) - Container #1 is in OPEN state, but the datanode dab34357-35b3-485b-984e-dcae7cbc0f49{ip: 192.168.30.33, host: pr-hdds-2239-ctfdh-543981580, networkLocation: /default-rack, certSerialId: null} reports an CLOSED replica.
2019-10-04 20:11:04,789 [EventQueue-IncrementalContainerReportForIncrementalContainerReportHandler] WARN  container.IncrementalContainerReportHandler (AbstractContainerReportHandler.java:updateContainerState(143)) - Container #1 is in OPEN state, but the datanode e04b99d0-8bbc-4c1c-a9de-5944076146fd{ip: 192.168.30.33, host: pr-hdds-2239-ctfdh-543981580, networkLocation: /default-rack, certSerialId: null} reports an CLOSED replica.
2019-10-04 20:11:04,959 [grpc-default-executor-0] WARN  server.GrpcLogAppender (LogUtils.java:warn(134)) - 35896a73-53a8-4e65-9327-fe2195b86350@group-445DFB4D7286->e35642a6-94a5-4a62-8e65-3cae1ee4cc2c-AppendLogResponseHandler: Failed appendEntries: org.apache.ratis.thirdparty.io.grpc.StatusRuntimeException: UNAVAILABLE: io exception
2019-10-04 20:11:04,959 [grpc-default-executor-4] WARN  server.GrpcLogAppender (LogUtils.java:warn(134)) - 35896a73-53a8-4e65-9327-fe2195b86350@group-445DFB4D7286->f90ae9ec-d3b4-4df5-bc2a-3643578826ae-AppendLogResponseHandler: Failed appendEntries: org.apache.ratis.thirdparty.io.grpc.StatusRuntimeException: UNAVAILABLE: io exception
2019-10-04 20:11:04,960 [grpc-default-executor-0] INFO  impl.FollowerInfo (FollowerInfo.java:lambda$new$0(51)) - 35896a73-53a8-4e65-9327-fe2195b86350@group-445DFB4D7286->e35642a6-94a5-4a62-8e65-3cae1ee4cc2c: nextIndex: updateUnconditionally 1 -> 0
2019-10-04 20:11:04,960 [grpc-default-executor-4] INFO  impl.FollowerInfo (FollowerInfo.java:lambda$new$0(51)) - 35896a73-53a8-4e65-9327-fe2195b86350@group-445DFB4D7286->f90ae9ec-d3b4-4df5-bc2a-3643578826ae: nextIndex: updateUnconditionally 1 -> 0
2019-10-04 20:11:05,562 [Thread-2407] INFO  client.GrpcClientProtocolService (GrpcClientProtocolService.java:lambda$processClientRequest$0(278)) - Failed RaftClientRequest:client-80E16D6CA2ED->35896a73-53a8-4e65-9327-fe2195b86350@group-445DFB4D7286, cid=68, seq=0, Watch-MAJORITY_COMMITTED(29), Message:<EMPTY>, reply=RaftClientReply:client-80E16D6CA2ED->35896a73-53a8-4e65-9327-fe2195b86350@group-445DFB4D7286, cid=68, FAILED org.apache.ratis.protocol.NotReplicatedException: Request with call Id 68 and log index 29 is not yet replicated to MAJORITY_COMMITTED, logIndex=29, commits[35896a73-53a8-4e65-9327-fe2195b86350:c2, f90ae9ec-d3b4-4df5-bc2a-3643578826ae:c2, e35642a6-94a5-4a62-8e65-3cae1ee4cc2c:c2]
2019-10-04 20:11:05,563 [Thread-2408] INFO  client.GrpcClientProtocolService (GrpcClientProtocolService.java:lambda$processClientRequest$0(278)) - Failed RaftClientRequest:client-80E16D6CA2ED->35896a73-53a8-4e65-9327-fe2195b86350@group-445DFB4D7286, cid=67, seq=0, Watch-ALL_COMMITTED(29), Message:<EMPTY>, reply=RaftClientReply:client-80E16D6CA2ED->35896a73-53a8-4e65-9327-fe2195b86350@group-445DFB4D7286, cid=67, FAILED org.apache.ratis.protocol.NotReplicatedException: Request with call Id 67 and log index 29 is not yet replicated to ALL_COMMITTED, logIndex=29, commits[35896a73-53a8-4e65-9327-fe2195b86350:c2, f90ae9ec-d3b4-4df5-bc2a-3643578826ae:c2, e35642a6-94a5-4a62-8e65-3cae1ee4cc2c:c2]
2019-10-04 20:11:07,075 [grpc-default-executor-4] WARN  server.GrpcLogAppender (LogUtils.java:warn(134)) - e04b99d0-8bbc-4c1c-a9de-5944076146fd@group-66E1E1AA8B41->5e400295-ce64-4c28-8c48-4b33f1a0ac86-AppendLogResponseHandler: Failed appendEntries: org.apache.ratis.thirdparty.io.grpc.StatusRuntimeException: UNAVAILABLE: io exception
2019-10-04 20:11:07,076 [grpc-default-executor-4] INFO  impl.FollowerInfo (FollowerInfo.java:lambda$new$0(51)) - e04b99d0-8bbc-4c1c-a9de-5944076146fd@group-66E1E1AA8B41->5e400295-ce64-4c28-8c48-4b33f1a0ac86: nextIndex: updateUnconditionally 2 -> 1
2019-10-04 20:11:07,459 [grpc-default-executor-2] WARN  server.GrpcLogAppender (LogUtils.java:warn(134)) - 35896a73-53a8-4e65-9327-fe2195b86350@group-445DFB4D7286->f90ae9ec-d3b4-4df5-bc2a-3643578826ae-AppendLogResponseHandler: Failed appendEntries: org.apache.ratis.thirdparty.io.grpc.StatusRuntimeException: UNAVAILABLE: io exception
2019-10-04 20:11:07,459 [grpc-default-executor-0] WARN  server.GrpcLogAppender (LogUtils.java:warn(134)) - 35896a73-53a8-4e65-9327-fe2195b86350@group-445DFB4D7286->e35642a6-94a5-4a62-8e65-3cae1ee4cc2c-AppendLogResponseHandler: Failed appendEntries: org.apache.ratis.thirdparty.io.grpc.StatusRuntimeException: UNAVAILABLE: io exception
2019-10-04 20:11:07,460 [grpc-default-executor-2] INFO  impl.FollowerInfo (FollowerInfo.java:lambda$new$0(51)) - 35896a73-53a8-4e65-9327-fe2195b86350@group-445DFB4D7286->f90ae9ec-d3b4-4df5-bc2a-3643578826ae: nextIndex: updateUnconditionally 0 -> 0
2019-10-04 20:11:07,460 [grpc-default-executor-0] INFO  impl.FollowerInfo (FollowerInfo.java:lambda$new$0(51)) - 35896a73-53a8-4e65-9327-fe2195b86350@group-445DFB4D7286->e35642a6-94a5-4a62-8e65-3cae1ee4cc2c: nextIndex: updateUnconditionally 0 -> 0
2019-10-04 20:11:07,826 [main] WARN  scm.XceiverClientRatis (XceiverClientRatis.java:watchForCommit(292)) - 3 way commit failed on pipeline Pipeline[ Id: 40718854-0525-4be0-93ad-66e1e1aa8b41, Nodes: 5e400295-ce64-4c28-8c48-4b33f1a0ac86{ip: 192.168.30.33, host: pr-hdds-2239-ctfdh-543981580, networkLocation: /default-rack, certSerialId: null}dab34357-35b3-485b-984e-dcae7cbc0f49{ip: 192.168.30.33, host: pr-hdds-2239-ctfdh-543981580, networkLocation: /default-rack, certSerialId: null}e04b99d0-8bbc-4c1c-a9de-5944076146fd{ip: 192.168.30.33, host: pr-hdds-2239-ctfdh-543981580, networkLocation: /default-rack, certSerialId: null}, Type:RATIS, Factor:THREE, State:OPEN]
java.util.concurrent.TimeoutException
	at java.util.concurrent.CompletableFuture.timedGet(CompletableFuture.java:1771)
	at java.util.concurrent.CompletableFuture.get(CompletableFuture.java:1915)
	at org.apache.hadoop.hdds.scm.XceiverClientRatis.watchForCommit(XceiverClientRatis.java:289)
	at org.apache.hadoop.ozone.client.rpc.TestWatchForCommit.test2WayCommitForTimeoutException(TestWatchForCommit.java:391)
	at sun.reflect.NativeMethodAccessorImpl.invoke0(Native Method)
	at sun.reflect.NativeMethodAccessorImpl.invoke(NativeMethodAccessorImpl.java:62)
	at sun.reflect.DelegatingMethodAccessorImpl.invoke(DelegatingMethodAccessorImpl.java:43)
	at java.lang.reflect.Method.invoke(Method.java:498)
	at org.junit.runners.model.FrameworkMethod$1.runReflectiveCall(FrameworkMethod.java:47)
	at org.junit.internal.runners.model.ReflectiveCallable.run(ReflectiveCallable.java:12)
	at org.junit.runners.model.FrameworkMethod.invokeExplosively(FrameworkMethod.java:44)
	at org.junit.internal.runners.statements.InvokeMethod.evaluate(InvokeMethod.java:17)
	at org.junit.runners.ParentRunner.runLeaf(ParentRunner.java:271)
	at org.junit.runners.BlockJUnit4ClassRunner.runChild(BlockJUnit4ClassRunner.java:70)
	at org.junit.runners.BlockJUnit4ClassRunner.runChild(BlockJUnit4ClassRunner.java:50)
	at org.junit.runners.ParentRunner$3.run(ParentRunner.java:238)
	at org.junit.runners.ParentRunner$1.schedule(ParentRunner.java:63)
	at org.junit.runners.ParentRunner.runChildren(ParentRunner.java:236)
	at org.junit.runners.ParentRunner.access$000(ParentRunner.java:53)
	at org.junit.runners.ParentRunner$2.evaluate(ParentRunner.java:229)
	at org.junit.runners.ParentRunner.run(ParentRunner.java:309)
	at org.apache.maven.surefire.junit4.JUnit4Provider.execute(JUnit4Provider.java:365)
	at org.apache.maven.surefire.junit4.JUnit4Provider.executeWithRerun(JUnit4Provider.java:273)
	at org.apache.maven.surefire.junit4.JUnit4Provider.executeTestSet(JUnit4Provider.java:238)
	at org.apache.maven.surefire.junit4.JUnit4Provider.invoke(JUnit4Provider.java:159)
	at org.apache.maven.surefire.booter.ForkedBooter.invokeProviderInSameClassLoader(ForkedBooter.java:384)
	at org.apache.maven.surefire.booter.ForkedBooter.runSuitesInProcess(ForkedBooter.java:345)
	at org.apache.maven.surefire.booter.ForkedBooter.execute(ForkedBooter.java:126)
	at org.apache.maven.surefire.booter.ForkedBooter.main(ForkedBooter.java:418)
2019-10-04 20:11:07,958 [EventQueue-StaleNodeForStaleNodeHandler] INFO  node.StaleNodeHandler (StaleNodeHandler.java:onMessage(58)) - Datanode f90ae9ec-d3b4-4df5-bc2a-3643578826ae{ip: 192.168.30.33, host: pr-hdds-2239-ctfdh-543981580, networkLocation: /default-rack, certSerialId: null} moved to stale state. Finalizing its pipelines [PipelineID=22b882ad-8769-4853-860f-6560eb4a000e, PipelineID=114f494d-c253-47cb-bcc2-445dfb4d7286]
2019-10-04 20:11:07,958 [EventQueue-StaleNodeForStaleNodeHandler] INFO  pipeline.SCMPipelineManager (SCMPipelineManager.java:finalizeAndDestroyPipeline(315)) - destroying pipeline:Pipeline[ Id: 22b882ad-8769-4853-860f-6560eb4a000e, Nodes: f90ae9ec-d3b4-4df5-bc2a-3643578826ae{ip: 192.168.30.33, host: pr-hdds-2239-ctfdh-543981580, networkLocation: /default-rack, certSerialId: null}, Type:RATIS, Factor:ONE, State:OPEN]
2019-10-04 20:11:07,958 [EventQueue-StaleNodeForStaleNodeHandler] INFO  pipeline.PipelineStateManager (PipelineStateManager.java:finalizePipeline(123)) - Pipeline Pipeline[ Id: 22b882ad-8769-4853-860f-6560eb4a000e, Nodes: f90ae9ec-d3b4-4df5-bc2a-3643578826ae{ip: 192.168.30.33, host: pr-hdds-2239-ctfdh-543981580, networkLocation: /default-rack, certSerialId: null}, Type:RATIS, Factor:ONE, State:CLOSED] moved to CLOSED state
2019-10-04 20:11:07,959 [EventQueue-StaleNodeForStaleNodeHandler] INFO  pipeline.SCMPipelineManager (SCMPipelineManager.java:finalizeAndDestroyPipeline(315)) - destroying pipeline:Pipeline[ Id: 114f494d-c253-47cb-bcc2-445dfb4d7286, Nodes: e35642a6-94a5-4a62-8e65-3cae1ee4cc2c{ip: 192.168.30.33, host: pr-hdds-2239-ctfdh-543981580, networkLocation: /default-rack, certSerialId: null}f90ae9ec-d3b4-4df5-bc2a-3643578826ae{ip: 192.168.30.33, host: pr-hdds-2239-ctfdh-543981580, networkLocation: /default-rack, certSerialId: null}35896a73-53a8-4e65-9327-fe2195b86350{ip: 192.168.30.33, host: pr-hdds-2239-ctfdh-543981580, networkLocation: /default-rack, certSerialId: null}, Type:RATIS, Factor:THREE, State:CLOSED]
2019-10-04 20:11:09,577 [grpc-default-executor-5] WARN  server.GrpcLogAppender (LogUtils.java:warn(134)) - e04b99d0-8bbc-4c1c-a9de-5944076146fd@group-66E1E1AA8B41->5e400295-ce64-4c28-8c48-4b33f1a0ac86-AppendLogResponseHandler: Failed appendEntries: org.apache.ratis.thirdparty.io.grpc.StatusRuntimeException: UNAVAILABLE: io exception
2019-10-04 20:11:09,578 [grpc-default-executor-5] INFO  impl.FollowerInfo (FollowerInfo.java:lambda$new$0(51)) - e04b99d0-8bbc-4c1c-a9de-5944076146fd@group-66E1E1AA8B41->5e400295-ce64-4c28-8c48-4b33f1a0ac86: nextIndex: updateUnconditionally 1 -> 0
2019-10-04 20:11:09,961 [grpc-default-executor-0] WARN  server.GrpcLogAppender (LogUtils.java:warn(134)) - 35896a73-53a8-4e65-9327-fe2195b86350@group-445DFB4D7286->e35642a6-94a5-4a62-8e65-3cae1ee4cc2c-AppendLogResponseHandler: Failed appendEntries: org.apache.ratis.thirdparty.io.grpc.StatusRuntimeException: UNAVAILABLE: io exception
2019-10-04 20:11:09,961 [grpc-default-executor-5] WARN  server.GrpcLogAppender (LogUtils.java:warn(134)) - 35896a73-53a8-4e65-9327-fe2195b86350@group-445DFB4D7286->f90ae9ec-d3b4-4df5-bc2a-3643578826ae-AppendLogResponseHandler: Failed appendEntries: org.apache.ratis.thirdparty.io.grpc.StatusRuntimeException: UNAVAILABLE: io exception
2019-10-04 20:11:09,961 [grpc-default-executor-0] INFO  impl.FollowerInfo (FollowerInfo.java:lambda$new$0(51)) - 35896a73-53a8-4e65-9327-fe2195b86350@group-445DFB4D7286->e35642a6-94a5-4a62-8e65-3cae1ee4cc2c: nextIndex: updateUnconditionally 0 -> 0
2019-10-04 20:11:09,961 [grpc-default-executor-5] INFO  impl.FollowerInfo (FollowerInfo.java:lambda$new$0(51)) - 35896a73-53a8-4e65-9327-fe2195b86350@group-445DFB4D7286->f90ae9ec-d3b4-4df5-bc2a-3643578826ae: nextIndex: updateUnconditionally 0 -> 0
]]></system-out>
    <system-err><![CDATA[Oct 04, 2019 8:11:04 PM org.apache.ratis.thirdparty.io.grpc.internal.SerializingExecutor run
SEVERE: Exception while executing runnable org.apache.ratis.thirdparty.io.grpc.internal.ServerImpl$JumpToApplicationThreadServerStreamListener$1Closed@1f883716
org.apache.ratis.thirdparty.io.grpc.StatusRuntimeException: CANCELLED: call already cancelled
	at org.apache.ratis.thirdparty.io.grpc.Status.asRuntimeException(Status.java:517)
	at org.apache.ratis.thirdparty.io.grpc.stub.ServerCalls$ServerCallStreamObserverImpl.onCompleted(ServerCalls.java:356)
	at org.apache.ratis.grpc.server.GrpcServerProtocolService$ServerRequestStreamObserver.onError(GrpcServerProtocolService.java:121)
	at org.apache.ratis.thirdparty.io.grpc.stub.ServerCalls$StreamingServerCallHandler$StreamingServerCallListener.onCancel(ServerCalls.java:269)
	at org.apache.ratis.thirdparty.io.grpc.internal.ServerCallImpl$ServerStreamListenerImpl.closed(ServerCallImpl.java:293)
	at org.apache.ratis.thirdparty.io.grpc.internal.ServerImpl$JumpToApplicationThreadServerStreamListener$1Closed.runInContext(ServerImpl.java:741)
	at org.apache.ratis.thirdparty.io.grpc.internal.ContextRunnable.run(ContextRunnable.java:37)
	at org.apache.ratis.thirdparty.io.grpc.internal.SerializingExecutor.run(SerializingExecutor.java:123)
	at java.util.concurrent.ThreadPoolExecutor.runWorker(ThreadPoolExecutor.java:1149)
	at java.util.concurrent.ThreadPoolExecutor$Worker.run(ThreadPoolExecutor.java:624)
	at java.lang.Thread.run(Thread.java:748)

]]></system-err>
  </testcase>
</testsuite>