<?xml version="1.0" encoding="UTF-8"?>
<testsuite xmlns:xsi="http://www.w3.org/2001/XMLSchema-instance" xsi:noNamespaceSchemaLocation="https://maven.apache.org/surefire/maven-surefire-plugin/xsd/surefire-test-report.xsd" name="org.apache.hadoop.ozone.client.rpc.TestOzoneClientRetriesOnException" time="167.08" tests="2" errors="1" skipped="0" failures="0">
  <properties>
    <property name="awt.toolkit" value="sun.awt.X11.XToolkit"/>
    <property name="file.encoding.pkg" value="sun.io"/>
    <property name="java.specification.version" value="1.8"/>
    <property name="sun.cpu.isalist" value=""/>
    <property name="sun.jnu.encoding" value="UTF-8"/>
    <property name="java.class.path" value="/workdir/hadoop-ozone/integration-test/target/test-classes:/workdir/hadoop-ozone/integration-test/target/classes:/home/user/.m2/repository/org/apache/hadoop/hadoop-ozone-common/0.5.0-SNAPSHOT/hadoop-ozone-common-0.5.0-SNAPSHOT.jar:/home/user/.m2/repository/org/apache/commons/commons-compress/1.4.1/commons-compress-1.4.1.jar:/home/user/.m2/repository/org/tukaani/xz/1.0/xz-1.0.jar:/home/user/.m2/repository/org/apache/hadoop/hadoop-common/3.2.0/hadoop-common-3.2.0.jar:/home/user/.m2/repository/org/apache/hadoop/hadoop-hdfs/3.2.0/hadoop-hdfs-3.2.0.jar:/home/user/.m2/repository/org/apache/hadoop/hadoop-hdfs-client/3.2.0/hadoop-hdfs-client-3.2.0.jar:/home/user/.m2/repository/com/fasterxml/jackson/core/jackson-annotations/2.9.9/jackson-annotations-2.9.9.jar:/home/user/.m2/repository/org/apache/hadoop/hadoop-hdds-common/0.5.0-SNAPSHOT/hadoop-hdds-common-0.5.0-SNAPSHOT.jar:/home/user/.m2/repository/javax/annotation/javax.annotation-api/1.2/javax.annotation-api-1.2.jar:/home/user/.m2/repository/org/apache/ratis/ratis-server/0.5.0-201fc85-SNAPSHOT/ratis-server-0.5.0-201fc85-SNAPSHOT.jar:/home/user/.m2/repository/org/apache/ratis/ratis-thirdparty-misc/0.2.0/ratis-thirdparty-misc-0.2.0.jar:/home/user/.m2/repository/org/apache/ratis/ratis-proto/0.5.0-201fc85-SNAPSHOT/ratis-proto-0.5.0-201fc85-SNAPSHOT.jar:/home/user/.m2/repository/org/apache/ratis/ratis-common/0.5.0-201fc85-SNAPSHOT/ratis-common-0.5.0-201fc85-SNAPSHOT.jar:/home/user/.m2/repository/org/apache/ratis/ratis-client/0.5.0-201fc85-SNAPSHOT/ratis-client-0.5.0-201fc85-SNAPSHOT.jar:/home/user/.m2/repository/org/apache/ratis/ratis-metrics/0.5.0-201fc85-SNAPSHOT/ratis-metrics-0.5.0-201fc85-SNAPSHOT.jar:/home/user/.m2/repository/com/github/joshelser/dropwizard-metrics-hadoop-metrics2-reporter/0.1.2/dropwizard-metrics-hadoop-metrics2-reporter-0.1.2.jar:/home/user/.m2/repository/io/dropwizard/metrics/metrics-jvm/3.2.5/metrics-jvm-3.2.5.jar:/home/user/.m2/repository/io/dropwizard/metrics/metrics-ganglia/3.2.5/metrics-ganglia-3.2.5.jar:/home/user/.m2/repository/info/ganglia/gmetric4j/gmetric4j/1.0.7/gmetric4j-1.0.7.jar:/home/user/.m2/repository/org/apache/ratis/ratis-netty/0.5.0-201fc85-SNAPSHOT/ratis-netty-0.5.0-201fc85-SNAPSHOT.jar:/home/user/.m2/repository/org/apache/ratis/ratis-grpc/0.5.0-201fc85-SNAPSHOT/ratis-grpc-0.5.0-201fc85-SNAPSHOT.jar:/home/user/.m2/repository/org/rocksdb/rocksdbjni/6.0.1/rocksdbjni-6.0.1.jar:/home/user/.m2/repository/org/apache/logging/log4j/log4j-api/2.11.0/log4j-api-2.11.0.jar:/home/user/.m2/repository/org/apache/logging/log4j/log4j-core/2.11.0/log4j-core-2.11.0.jar:/home/user/.m2/repository/com/lmax/disruptor/3.4.2/disruptor-3.4.2.jar:/home/user/.m2/repository/org/apache/commons/commons-pool2/2.6.0/commons-pool2-2.6.0.jar:/home/user/.m2/repository/org/bouncycastle/bcpkix-jdk15on/1.60/bcpkix-jdk15on-1.60.jar:/home/user/.m2/repository/commons-validator/commons-validator/1.6/commons-validator-1.6.jar:/home/user/.m2/repository/commons-digester/commons-digester/1.8.1/commons-digester-1.8.1.jar:/home/user/.m2/repository/io/jaegertracing/jaeger-client/0.34.0/jaeger-client-0.34.0.jar:/home/user/.m2/repository/io/jaegertracing/jaeger-thrift/0.34.0/jaeger-thrift-0.34.0.jar:/home/user/.m2/repository/org/apache/thrift/libthrift/0.12.0/libthrift-0.12.0.jar:/home/user/.m2/repository/com/squareup/okhttp3/okhttp/3.9.0/okhttp-3.9.0.jar:/home/user/.m2/repository/com/squareup/okio/okio/1.13.0/okio-1.13.0.jar:/home/user/.m2/repository/io/jaegertracing/jaeger-core/0.34.0/jaeger-core-0.34.0.jar:/home/user/.m2/repository/io/jaegertracing/jaeger-tracerresolver/0.34.0/jaeger-tracerresolver-0.34.0.jar:/home/user/.m2/repository/io/opentracing/contrib/opentracing-tracerresolver/0.1.5/opentracing-tracerresolver-0.1.5.jar:/home/user/.m2/repository/io/opentracing/opentracing-util/0.31.0/opentracing-util-0.31.0.jar:/home/user/.m2/repository/io/opentracing/opentracing-api/0.31.0/opentracing-api-0.31.0.jar:/home/user/.m2/repository/io/opentracing/opentracing-noop/0.31.0/opentracing-noop-0.31.0.jar:/home/user/.m2/repository/org/apache/hadoop/hadoop-hdds-server-framework/0.5.0-SNAPSHOT/hadoop-hdds-server-framework-0.5.0-SNAPSHOT.jar:/home/user/.m2/repository/org/apache/hadoop/hadoop-hdds-container-service/0.5.0-SNAPSHOT/hadoop-hdds-container-service-0.5.0-SNAPSHOT.jar:/home/user/.m2/repository/org/apache/hadoop/hadoop-hdds-client/0.5.0-SNAPSHOT/hadoop-hdds-client-0.5.0-SNAPSHOT.jar:/home/user/.m2/repository/org/apache/hadoop/hadoop-hdds-tools/0.5.0-SNAPSHOT/hadoop-hdds-tools-0.5.0-SNAPSHOT.jar:/home/user/.m2/repository/org/apache/hadoop/hadoop-hdds-server-scm/0.5.0-SNAPSHOT/hadoop-hdds-server-scm-0.5.0-SNAPSHOT.jar:/home/user/.m2/repository/org/apache/hadoop/hadoop-hdds-docs/0.5.0-SNAPSHOT/hadoop-hdds-docs-0.5.0-SNAPSHOT.jar:/home/user/.m2/repository/io/dropwizard/metrics/metrics-core/3.2.4/metrics-core-3.2.4.jar:/home/user/.m2/repository/org/hamcrest/hamcrest-all/1.3/hamcrest-all-1.3.jar:/home/user/.m2/repository/org/bouncycastle/bcprov-jdk15on/1.60/bcprov-jdk15on-1.60.jar:/home/user/.m2/repository/info/picocli/picocli/3.9.6/picocli-3.9.6.jar:/home/user/.m2/repository/com/google/protobuf/protobuf-java/2.5.0/protobuf-java-2.5.0.jar:/home/user/.m2/repository/com/google/guava/guava/11.0.2/guava-11.0.2.jar:/home/user/.m2/repository/org/apache/hadoop/hadoop-ozone-ozone-manager/0.5.0-SNAPSHOT/hadoop-ozone-ozone-manager-0.5.0-SNAPSHOT.jar:/home/user/.m2/repository/org/apache/hadoop/hadoop-minikdc/3.2.0/hadoop-minikdc-3.2.0.jar:/home/user/.m2/repository/commons-io/commons-io/2.5/commons-io-2.5.jar:/home/user/.m2/repository/org/apache/kerby/kerb-simplekdc/1.0.1/kerb-simplekdc-1.0.1.jar:/home/user/.m2/repository/org/apache/kerby/kerb-client/1.0.1/kerb-client-1.0.1.jar:/home/user/.m2/repository/org/apache/kerby/kerby-config/1.0.1/kerby-config-1.0.1.jar:/home/user/.m2/repository/org/apache/kerby/kerb-core/1.0.1/kerb-core-1.0.1.jar:/home/user/.m2/repository/org/apache/kerby/kerby-pkix/1.0.1/kerby-pkix-1.0.1.jar:/home/user/.m2/repository/org/apache/kerby/kerby-asn1/1.0.1/kerby-asn1-1.0.1.jar:/home/user/.m2/repository/org/apache/kerby/kerby-util/1.0.1/kerby-util-1.0.1.jar:/home/user/.m2/repository/org/apache/kerby/kerb-common/1.0.1/kerb-common-1.0.1.jar:/home/user/.m2/repository/org/apache/kerby/kerb-crypto/1.0.1/kerb-crypto-1.0.1.jar:/home/user/.m2/repository/org/apache/kerby/kerb-util/1.0.1/kerb-util-1.0.1.jar:/home/user/.m2/repository/org/apache/kerby/token-provider/1.0.1/token-provider-1.0.1.jar:/home/user/.m2/repository/org/apache/kerby/kerb-admin/1.0.1/kerb-admin-1.0.1.jar:/home/user/.m2/repository/org/apache/kerby/kerb-server/1.0.1/kerb-server-1.0.1.jar:/home/user/.m2/repository/org/apache/kerby/kerb-identity/1.0.1/kerb-identity-1.0.1.jar:/home/user/.m2/repository/org/apache/kerby/kerby-xdr/1.0.1/kerby-xdr-1.0.1.jar:/home/user/.m2/repository/org/slf4j/slf4j-log4j12/1.7.25/slf4j-log4j12-1.7.25.jar:/home/user/.m2/repository/org/apache/hadoop/hadoop-ozone-s3gateway/0.5.0-SNAPSHOT/hadoop-ozone-s3gateway-0.5.0-SNAPSHOT.jar:/home/user/.m2/repository/org/jboss/weld/servlet/weld-servlet/2.4.7.Final/weld-servlet-2.4.7.Final.jar:/home/user/.m2/repository/org/glassfish/jersey/containers/jersey-container-servlet-core/2.27/jersey-container-servlet-core-2.27.jar:/home/user/.m2/repository/org/glassfish/hk2/external/javax.inject/2.5.0-b42/javax.inject-2.5.0-b42.jar:/home/user/.m2/repository/org/glassfish/jersey/core/jersey-common/2.27/jersey-common-2.27.jar:/home/user/.m2/repository/org/glassfish/hk2/osgi-resource-locator/1.0.1/osgi-resource-locator-1.0.1.jar:/home/user/.m2/repository/javax/ws/rs/javax.ws.rs-api/2.1/javax.ws.rs-api-2.1.jar:/home/user/.m2/repository/org/glassfish/jersey/ext/cdi/jersey-cdi1x/2.27/jersey-cdi1x-2.27.jar:/home/user/.m2/repository/org/glassfish/jersey/inject/jersey-hk2/2.27/jersey-hk2-2.27.jar:/home/user/.m2/repository/org/glassfish/hk2/hk2-locator/2.5.0-b42/hk2-locator-2.5.0-b42.jar:/home/user/.m2/repository/org/javassist/javassist/3.22.0-CR2/javassist-3.22.0-CR2.jar:/home/user/.m2/repository/org/glassfish/hk2/hk2-api/2.5.0/hk2-api-2.5.0.jar:/home/user/.m2/repository/org/glassfish/hk2/external/jakarta.inject/2.5.0/jakarta.inject-2.5.0.jar:/home/user/.m2/repository/org/glassfish/hk2/hk2-utils/2.5.0/hk2-utils-2.5.0.jar:/home/user/.m2/repository/jakarta/annotation/jakarta.annotation-api/1.3.4/jakarta.annotation-api-1.3.4.jar:/home/user/.m2/repository/org/glassfish/hk2/external/aopalliance-repackaged/2.5.0/aopalliance-repackaged-2.5.0.jar:/home/user/.m2/repository/com/fasterxml/jackson/dataformat/jackson-dataformat-xml/2.9.0/jackson-dataformat-xml-2.9.0.jar:/home/user/.m2/repository/com/fasterxml/jackson/core/jackson-core/2.9.9/jackson-core-2.9.9.jar:/home/user/.m2/repository/com/fasterxml/jackson/module/jackson-module-jaxb-annotations/2.9.9/jackson-module-jaxb-annotations-2.9.9.jar:/home/user/.m2/repository/javax/enterprise/cdi-api/1.2/cdi-api-1.2.jar:/home/user/.m2/repository/javax/el/javax.el-api/3.0.0/javax.el-api-3.0.0.jar:/home/user/.m2/repository/javax/interceptor/javax.interceptor-api/1.2/javax.interceptor-api-1.2.jar:/home/user/.m2/repository/javax/inject/javax.inject/1/javax.inject-1.jar:/home/user/.m2/repository/com/sun/xml/bind/jaxb-impl/2.3.0.1/jaxb-impl-2.3.0.1.jar:/home/user/.m2/repository/com/sun/xml/bind/jaxb-core/2.3.0.1/jaxb-core-2.3.0.1.jar:/home/user/.m2/repository/javax/xml/bind/jaxb-api/2.3.0/jaxb-api-2.3.0.jar:/home/user/.m2/repository/javax/activation/activation/1.1.1/activation-1.1.1.jar:/home/user/.m2/repository/org/apache/hadoop/hadoop-ozone-csi/0.5.0-SNAPSHOT/hadoop-ozone-csi-0.5.0-SNAPSHOT.jar:/home/user/.m2/repository/com/google/protobuf/protobuf-java-util/3.5.1/protobuf-java-util-3.5.1.jar:/home/user/.m2/repository/org/apache/hadoop/hadoop-hdds-config/0.5.0-SNAPSHOT/hadoop-hdds-config-0.5.0-SNAPSHOT.jar:/home/user/.m2/repository/io/grpc/grpc-netty/1.17.1/grpc-netty-1.17.1.jar:/home/user/.m2/repository/io/grpc/grpc-core/1.17.1/grpc-core-1.17.1.jar:/home/user/.m2/repository/io/grpc/grpc-context/1.17.1/grpc-context-1.17.1.jar:/home/user/.m2/repository/com/google/errorprone/error_prone_annotations/2.2.0/error_prone_annotations-2.2.0.jar:/home/user/.m2/repository/org/codehaus/mojo/animal-sniffer-annotations/1.17/animal-sniffer-annotations-1.17.jar:/home/user/.m2/repository/io/opencensus/opencensus-api/0.17.0/opencensus-api-0.17.0.jar:/home/user/.m2/repository/io/opencensus/opencensus-contrib-grpc-metrics/0.17.0/opencensus-contrib-grpc-metrics-0.17.0.jar:/home/user/.m2/repository/io/netty/netty-codec-http2/4.1.30.Final/netty-codec-http2-4.1.30.Final.jar:/home/user/.m2/repository/io/netty/netty-codec-http/4.1.30.Final/netty-codec-http-4.1.30.Final.jar:/home/user/.m2/repository/io/netty/netty-codec/4.1.30.Final/netty-codec-4.1.30.Final.jar:/home/user/.m2/repository/io/netty/netty-handler/4.1.30.Final/netty-handler-4.1.30.Final.jar:/home/user/.m2/repository/io/netty/netty-handler-proxy/4.1.30.Final/netty-handler-proxy-4.1.30.Final.jar:/home/user/.m2/repository/io/netty/netty-codec-socks/4.1.30.Final/netty-codec-socks-4.1.30.Final.jar:/home/user/.m2/repository/io/netty/netty-transport-native-epoll/4.1.30.Final/netty-transport-native-epoll-4.1.30.Final.jar:/home/user/.m2/repository/io/netty/netty-common/4.1.30.Final/netty-common-4.1.30.Final.jar:/home/user/.m2/repository/io/netty/netty-buffer/4.1.30.Final/netty-buffer-4.1.30.Final.jar:/home/user/.m2/repository/io/netty/netty-transport/4.1.30.Final/netty-transport-4.1.30.Final.jar:/home/user/.m2/repository/io/netty/netty-resolver/4.1.30.Final/netty-resolver-4.1.30.Final.jar:/home/user/.m2/repository/io/netty/netty-transport-native-unix-common/4.1.30.Final/netty-transport-native-unix-common-4.1.30.Final.jar:/home/user/.m2/repository/io/grpc/grpc-protobuf/1.17.1/grpc-protobuf-1.17.1.jar:/home/user/.m2/repository/com/google/api/grpc/proto-google-common-protos/1.0.0/proto-google-common-protos-1.0.0.jar:/home/user/.m2/repository/io/grpc/grpc-protobuf-lite/1.17.1/grpc-protobuf-lite-1.17.1.jar:/home/user/.m2/repository/io/grpc/grpc-stub/1.17.1/grpc-stub-1.17.1.jar:/home/user/.m2/repository/org/apache/hadoop/hadoop-ozone-recon/0.5.0-SNAPSHOT/hadoop-ozone-recon-0.5.0-SNAPSHOT.jar:/home/user/.m2/repository/org/apache/hadoop/hadoop-ozone-reconcodegen/0.5.0-SNAPSHOT/hadoop-ozone-reconcodegen-0.5.0-SNAPSHOT.jar:/home/user/.m2/repository/com/google/inject/extensions/guice-multibindings/4.0/guice-multibindings-4.0.jar:/home/user/.m2/repository/com/google/inject/guice/4.0/guice-4.0.jar:/home/user/.m2/repository/aopalliance/aopalliance/1.0/aopalliance-1.0.jar:/home/user/.m2/repository/com/google/inject/extensions/guice-servlet/4.0/guice-servlet-4.0.jar:/home/user/.m2/repository/org/glassfish/jersey/containers/jersey-container-servlet/2.27/jersey-container-servlet-2.27.jar:/home/user/.m2/repository/org/glassfish/hk2/guice-bridge/2.5.0/guice-bridge-2.5.0.jar:/home/user/.m2/repository/org/glassfish/jersey/core/jersey-server/2.27/jersey-server-2.27.jar:/home/user/.m2/repository/org/glassfish/jersey/core/jersey-client/2.27/jersey-client-2.27.jar:/home/user/.m2/repository/org/glassfish/jersey/media/jersey-media-jaxb/2.27/jersey-media-jaxb-2.27.jar:/home/user/.m2/repository/javax/validation/validation-api/1.1.0.Final/validation-api-1.1.0.Final.jar:/home/user/.m2/repository/org/glassfish/jersey/media/jersey-media-json-jackson/2.27/jersey-media-json-jackson-2.27.jar:/home/user/.m2/repository/org/glassfish/jersey/ext/jersey-entity-filtering/2.27/jersey-entity-filtering-2.27.jar:/home/user/.m2/repository/com/google/inject/extensions/guice-assistedinject/4.0/guice-assistedinject-4.0.jar:/home/user/.m2/repository/org/jooq/jooq/3.11.10/jooq-3.11.10.jar:/home/user/.m2/repository/org/jooq/jooq-meta/3.11.10/jooq-meta-3.11.10.jar:/home/user/.m2/repository/org/jooq/jooq-codegen/3.11.10/jooq-codegen-3.11.10.jar:/home/user/.m2/repository/com/jolbox/bonecp/0.8.0.RELEASE/bonecp-0.8.0.RELEASE.jar:/home/user/.m2/repository/org/xerial/sqlite-jdbc/3.25.2/sqlite-jdbc-3.25.2.jar:/home/user/.m2/repository/org/springframework/spring-jdbc/5.1.3.RELEASE/spring-jdbc-5.1.3.RELEASE.jar:/home/user/.m2/repository/org/springframework/spring-beans/5.1.3.RELEASE/spring-beans-5.1.3.RELEASE.jar:/home/user/.m2/repository/org/springframework/spring-core/5.1.3.RELEASE/spring-core-5.1.3.RELEASE.jar:/home/user/.m2/repository/org/springframework/spring-jcl/5.1.3.RELEASE/spring-jcl-5.1.3.RELEASE.jar:/home/user/.m2/repository/org/springframework/spring-tx/5.1.3.RELEASE/spring-tx-5.1.3.RELEASE.jar:/home/user/.m2/repository/org/apache/hadoop/hadoop-ozone-client/0.5.0-SNAPSHOT/hadoop-ozone-client-0.5.0-SNAPSHOT.jar:/home/user/.m2/repository/commons-lang/commons-lang/2.6/commons-lang-2.6.jar:/home/user/.m2/repository/org/apache/hadoop/hadoop-ozone-ozone-manager/0.5.0-SNAPSHOT/hadoop-ozone-ozone-manager-0.5.0-SNAPSHOT-tests.jar:/home/user/.m2/repository/junit/junit/4.11/junit-4.11.jar:/home/user/.m2/repository/org/hamcrest/hamcrest-core/1.3/hamcrest-core-1.3.jar:/home/user/.m2/repository/org/openjdk/jmh/jmh-core/1.19/jmh-core-1.19.jar:/home/user/.m2/repository/net/sf/jopt-simple/jopt-simple/4.6/jopt-simple-4.6.jar:/home/user/.m2/repository/org/apache/commons/commons-math3/3.1.1/commons-math3-3.1.1.jar:/home/user/.m2/repository/org/openjdk/jmh/jmh-generator-annprocess/1.19/jmh-generator-annprocess-1.19.jar:/home/user/.m2/repository/org/mockito/mockito-all/1.8.5/mockito-all-1.8.5.jar:/home/user/.m2/repository/org/apache/hadoop/hadoop-kms/3.2.0/hadoop-kms-3.2.0.jar:/home/user/.m2/repository/org/apache/hadoop/hadoop-auth/3.2.0/hadoop-auth-3.2.0.jar:/home/user/.m2/repository/com/nimbusds/nimbus-jose-jwt/4.41.1/nimbus-jose-jwt-4.41.1.jar:/home/user/.m2/repository/com/github/stephenc/jcip/jcip-annotations/1.0-1/jcip-annotations-1.0-1.jar:/home/user/.m2/repository/net/minidev/json-smart/2.3/json-smart-2.3.jar:/home/user/.m2/repository/net/minidev/accessors-smart/1.2/accessors-smart-1.2.jar:/home/user/.m2/repository/org/ow2/asm/asm/5.0.4/asm-5.0.4.jar:/home/user/.m2/repository/org/apache/curator/curator-framework/2.12.0/curator-framework-2.12.0.jar:/home/user/.m2/repository/com/sun/jersey/jersey-core/1.19/jersey-core-1.19.jar:/home/user/.m2/repository/javax/ws/rs/jsr311-api/1.1.1/jsr311-api-1.1.1.jar:/home/user/.m2/repository/com/sun/jersey/jersey-server/1.19/jersey-server-1.19.jar:/home/user/.m2/repository/javax/servlet/javax.servlet-api/3.1.0/javax.servlet-api-3.1.0.jar:/home/user/.m2/repository/org/eclipse/jetty/jetty-server/9.3.25.v20180904/jetty-server-9.3.25.v20180904.jar:/home/user/.m2/repository/org/eclipse/jetty/jetty-http/9.3.25.v20180904/jetty-http-9.3.25.v20180904.jar:/home/user/.m2/repository/org/eclipse/jetty/jetty-io/9.3.25.v20180904/jetty-io-9.3.25.v20180904.jar:/home/user/.m2/repository/org/eclipse/jetty/jetty-webapp/9.3.25.v20180904/jetty-webapp-9.3.25.v20180904.jar:/home/user/.m2/repository/org/eclipse/jetty/jetty-xml/9.3.25.v20180904/jetty-xml-9.3.25.v20180904.jar:/home/user/.m2/repository/log4j/log4j/1.2.17/log4j-1.2.17.jar:/home/user/.m2/repository/org/slf4j/slf4j-api/1.7.25/slf4j-api-1.7.25.jar:/home/user/.m2/repository/org/slf4j/jul-to-slf4j/1.7.25/jul-to-slf4j-1.7.25.jar:/home/user/.m2/repository/org/eclipse/jetty/jetty-util/9.3.25.v20180904/jetty-util-9.3.25.v20180904.jar:/home/user/.m2/repository/com/fasterxml/jackson/core/jackson-databind/2.9.9/jackson-databind-2.9.9.jar:/home/user/.m2/repository/org/apache/hadoop/hadoop-kms/3.2.0/hadoop-kms-3.2.0-tests.jar:/home/user/.m2/repository/org/apache/hadoop/hadoop-hdds-server-scm/0.5.0-SNAPSHOT/hadoop-hdds-server-scm-0.5.0-SNAPSHOT-tests.jar:/home/user/.m2/repository/org/apache/hadoop/hadoop-hdds-container-service/0.5.0-SNAPSHOT/hadoop-hdds-container-service-0.5.0-SNAPSHOT-tests.jar:/home/user/.m2/repository/org/yaml/snakeyaml/1.16/snakeyaml-1.16.jar:/home/user/.m2/repository/org/apache/hadoop/hadoop-common/3.2.0/hadoop-common-3.2.0-tests.jar:/home/user/.m2/repository/org/apache/hadoop/hadoop-annotations/3.2.0/hadoop-annotations-3.2.0.jar:/usr/lib/jvm/java-1.8-openjdk/jre/../lib/tools.jar:/home/user/.m2/repository/commons-cli/commons-cli/1.2/commons-cli-1.2.jar:/home/user/.m2/repository/org/apache/httpcomponents/httpclient/4.5.2/httpclient-4.5.2.jar:/home/user/.m2/repository/org/apache/httpcomponents/httpcore/4.4.4/httpcore-4.4.4.jar:/home/user/.m2/repository/commons-codec/commons-codec/1.11/commons-codec-1.11.jar:/home/user/.m2/repository/commons-net/commons-net/3.6/commons-net-3.6.jar:/home/user/.m2/repository/commons-collections/commons-collections/3.2.2/commons-collections-3.2.2.jar:/home/user/.m2/repository/org/eclipse/jetty/jetty-servlet/9.3.25.v20180904/jetty-servlet-9.3.25.v20180904.jar:/home/user/.m2/repository/org/eclipse/jetty/jetty-security/9.3.25.v20180904/jetty-security-9.3.25.v20180904.jar:/home/user/.m2/repository/javax/servlet/jsp/jsp-api/2.1/jsp-api-2.1.jar:/home/user/.m2/repository/com/sun/jersey/jersey-servlet/1.19/jersey-servlet-1.19.jar:/home/user/.m2/repository/com/sun/jersey/jersey-json/1.19/jersey-json-1.19.jar:/home/user/.m2/repository/org/codehaus/jettison/jettison/1.1/jettison-1.1.jar:/home/user/.m2/repository/org/codehaus/jackson/jackson-core-asl/1.9.13/jackson-core-asl-1.9.13.jar:/home/user/.m2/repository/org/codehaus/jackson/jackson-mapper-asl/1.9.13/jackson-mapper-asl-1.9.13.jar:/home/user/.m2/repository/org/codehaus/jackson/jackson-jaxrs/1.9.13/jackson-jaxrs-1.9.13.jar:/home/user/.m2/repository/org/codehaus/jackson/jackson-xc/1.9.13/jackson-xc-1.9.13.jar:/home/user/.m2/repository/commons-logging/commons-logging/1.1.3/commons-logging-1.1.3.jar:/home/user/.m2/repository/commons-beanutils/commons-beanutils/1.9.4/commons-beanutils-1.9.4.jar:/home/user/.m2/repository/org/apache/commons/commons-configuration2/2.1.1/commons-configuration2-2.1.1.jar:/home/user/.m2/repository/org/apache/commons/commons-lang3/3.7/commons-lang3-3.7.jar:/home/user/.m2/repository/org/apache/commons/commons-text/1.4/commons-text-1.4.jar:/home/user/.m2/repository/org/apache/avro/avro/1.7.7/avro-1.7.7.jar:/home/user/.m2/repository/com/thoughtworks/paranamer/paranamer/2.3/paranamer-2.3.jar:/home/user/.m2/repository/org/xerial/snappy/snappy-java/1.0.5/snappy-java-1.0.5.jar:/home/user/.m2/repository/com/google/re2j/re2j/1.1/re2j-1.1.jar:/home/user/.m2/repository/com/google/code/gson/gson/2.2.4/gson-2.2.4.jar:/home/user/.m2/repository/com/jcraft/jsch/0.1.54/jsch-0.1.54.jar:/home/user/.m2/repository/org/apache/curator/curator-client/2.12.0/curator-client-2.12.0.jar:/home/user/.m2/repository/org/apache/curator/curator-recipes/2.12.0/curator-recipes-2.12.0.jar:/home/user/.m2/repository/com/google/code/findbugs/jsr305/3.0.0/jsr305-3.0.0.jar:/home/user/.m2/repository/org/apache/htrace/htrace-core4/4.1.0-incubating/htrace-core4-4.1.0-incubating.jar:/home/user/.m2/repository/org/apache/zookeeper/zookeeper/3.4.13/zookeeper-3.4.13.jar:/home/user/.m2/repository/jline/jline/0.9.94/jline-0.9.94.jar:/home/user/.m2/repository/org/apache/yetus/audience-annotations/0.5.0/audience-annotations-0.5.0.jar:/home/user/.m2/repository/org/codehaus/woodstox/stax2-api/3.1.4/stax2-api-3.1.4.jar:/home/user/.m2/repository/com/fasterxml/woodstox/woodstox-core/5.0.3/woodstox-core-5.0.3.jar:/home/user/.m2/repository/dnsjava/dnsjava/2.1.7/dnsjava-2.1.7.jar:/home/user/.m2/repository/org/apache/hadoop/hadoop-hdfs/3.2.0/hadoop-hdfs-3.2.0-tests.jar:/home/user/.m2/repository/org/eclipse/jetty/jetty-util-ajax/9.3.25.v20180904/jetty-util-ajax-9.3.25.v20180904.jar:/home/user/.m2/repository/commons-daemon/commons-daemon/1.0.13/commons-daemon-1.0.13.jar:/home/user/.m2/repository/io/netty/netty/3.10.5.Final/netty-3.10.5.Final.jar:/home/user/.m2/repository/io/netty/netty-all/4.0.52.Final/netty-all-4.0.52.Final.jar:/home/user/.m2/repository/org/fusesource/leveldbjni/leveldbjni-all/1.8/leveldbjni-all-1.8.jar:"/>
    <property name="java.vm.vendor" value="IcedTea"/>
    <property name="sun.arch.data.model" value="64"/>
    <property name="test.build.dir" value="/workdir/hadoop-ozone/integration-test/target/test-dir"/>
    <property name="test.cache.data" value=""/>
    <property name="java.vendor.url" value="https://icedtea.classpath.org"/>
    <property name="user.timezone" value=""/>
    <property name="java.vm.specification.version" value="1.8"/>
    <property name="os.name" value="Linux"/>
    <property name="test.build.data" value="/workdir/hadoop-ozone/integration-test/target/test-dir"/>
    <property name="user.country" value="US"/>
    <property name="sun.java.launcher" value="SUN_STANDARD"/>
    <property name="sun.boot.library.path" value="/usr/lib/jvm/java-1.8-openjdk/jre/lib/amd64"/>
    <property name="sun.java.command" value="/workdir/hadoop-ozone/integration-test/target/surefire/surefirebooter4800953379831525733.jar /workdir/hadoop-ozone/integration-test/target/surefire 2019-10-04T18-57-19_561-jvmRun1 surefire1714672130531575517tmp surefire_442276159686849728184tmp"/>
    <property name="test" value="!TestMiniChaosOzoneCluster"/>
    <property name="surefire.test.class.path" value="/workdir/hadoop-ozone/integration-test/target/test-classes:/workdir/hadoop-ozone/integration-test/target/classes:/home/user/.m2/repository/org/apache/hadoop/hadoop-ozone-common/0.5.0-SNAPSHOT/hadoop-ozone-common-0.5.0-SNAPSHOT.jar:/home/user/.m2/repository/org/apache/commons/commons-compress/1.4.1/commons-compress-1.4.1.jar:/home/user/.m2/repository/org/tukaani/xz/1.0/xz-1.0.jar:/home/user/.m2/repository/org/apache/hadoop/hadoop-common/3.2.0/hadoop-common-3.2.0.jar:/home/user/.m2/repository/org/apache/hadoop/hadoop-hdfs/3.2.0/hadoop-hdfs-3.2.0.jar:/home/user/.m2/repository/org/apache/hadoop/hadoop-hdfs-client/3.2.0/hadoop-hdfs-client-3.2.0.jar:/home/user/.m2/repository/com/fasterxml/jackson/core/jackson-annotations/2.9.9/jackson-annotations-2.9.9.jar:/home/user/.m2/repository/org/apache/hadoop/hadoop-hdds-common/0.5.0-SNAPSHOT/hadoop-hdds-common-0.5.0-SNAPSHOT.jar:/home/user/.m2/repository/javax/annotation/javax.annotation-api/1.2/javax.annotation-api-1.2.jar:/home/user/.m2/repository/org/apache/ratis/ratis-server/0.5.0-201fc85-SNAPSHOT/ratis-server-0.5.0-201fc85-SNAPSHOT.jar:/home/user/.m2/repository/org/apache/ratis/ratis-thirdparty-misc/0.2.0/ratis-thirdparty-misc-0.2.0.jar:/home/user/.m2/repository/org/apache/ratis/ratis-proto/0.5.0-201fc85-SNAPSHOT/ratis-proto-0.5.0-201fc85-SNAPSHOT.jar:/home/user/.m2/repository/org/apache/ratis/ratis-common/0.5.0-201fc85-SNAPSHOT/ratis-common-0.5.0-201fc85-SNAPSHOT.jar:/home/user/.m2/repository/org/apache/ratis/ratis-client/0.5.0-201fc85-SNAPSHOT/ratis-client-0.5.0-201fc85-SNAPSHOT.jar:/home/user/.m2/repository/org/apache/ratis/ratis-metrics/0.5.0-201fc85-SNAPSHOT/ratis-metrics-0.5.0-201fc85-SNAPSHOT.jar:/home/user/.m2/repository/com/github/joshelser/dropwizard-metrics-hadoop-metrics2-reporter/0.1.2/dropwizard-metrics-hadoop-metrics2-reporter-0.1.2.jar:/home/user/.m2/repository/io/dropwizard/metrics/metrics-jvm/3.2.5/metrics-jvm-3.2.5.jar:/home/user/.m2/repository/io/dropwizard/metrics/metrics-ganglia/3.2.5/metrics-ganglia-3.2.5.jar:/home/user/.m2/repository/info/ganglia/gmetric4j/gmetric4j/1.0.7/gmetric4j-1.0.7.jar:/home/user/.m2/repository/org/apache/ratis/ratis-netty/0.5.0-201fc85-SNAPSHOT/ratis-netty-0.5.0-201fc85-SNAPSHOT.jar:/home/user/.m2/repository/org/apache/ratis/ratis-grpc/0.5.0-201fc85-SNAPSHOT/ratis-grpc-0.5.0-201fc85-SNAPSHOT.jar:/home/user/.m2/repository/org/rocksdb/rocksdbjni/6.0.1/rocksdbjni-6.0.1.jar:/home/user/.m2/repository/org/apache/logging/log4j/log4j-api/2.11.0/log4j-api-2.11.0.jar:/home/user/.m2/repository/org/apache/logging/log4j/log4j-core/2.11.0/log4j-core-2.11.0.jar:/home/user/.m2/repository/com/lmax/disruptor/3.4.2/disruptor-3.4.2.jar:/home/user/.m2/repository/org/apache/commons/commons-pool2/2.6.0/commons-pool2-2.6.0.jar:/home/user/.m2/repository/org/bouncycastle/bcpkix-jdk15on/1.60/bcpkix-jdk15on-1.60.jar:/home/user/.m2/repository/commons-validator/commons-validator/1.6/commons-validator-1.6.jar:/home/user/.m2/repository/commons-digester/commons-digester/1.8.1/commons-digester-1.8.1.jar:/home/user/.m2/repository/io/jaegertracing/jaeger-client/0.34.0/jaeger-client-0.34.0.jar:/home/user/.m2/repository/io/jaegertracing/jaeger-thrift/0.34.0/jaeger-thrift-0.34.0.jar:/home/user/.m2/repository/org/apache/thrift/libthrift/0.12.0/libthrift-0.12.0.jar:/home/user/.m2/repository/com/squareup/okhttp3/okhttp/3.9.0/okhttp-3.9.0.jar:/home/user/.m2/repository/com/squareup/okio/okio/1.13.0/okio-1.13.0.jar:/home/user/.m2/repository/io/jaegertracing/jaeger-core/0.34.0/jaeger-core-0.34.0.jar:/home/user/.m2/repository/io/jaegertracing/jaeger-tracerresolver/0.34.0/jaeger-tracerresolver-0.34.0.jar:/home/user/.m2/repository/io/opentracing/contrib/opentracing-tracerresolver/0.1.5/opentracing-tracerresolver-0.1.5.jar:/home/user/.m2/repository/io/opentracing/opentracing-util/0.31.0/opentracing-util-0.31.0.jar:/home/user/.m2/repository/io/opentracing/opentracing-api/0.31.0/opentracing-api-0.31.0.jar:/home/user/.m2/repository/io/opentracing/opentracing-noop/0.31.0/opentracing-noop-0.31.0.jar:/home/user/.m2/repository/org/apache/hadoop/hadoop-hdds-server-framework/0.5.0-SNAPSHOT/hadoop-hdds-server-framework-0.5.0-SNAPSHOT.jar:/home/user/.m2/repository/org/apache/hadoop/hadoop-hdds-container-service/0.5.0-SNAPSHOT/hadoop-hdds-container-service-0.5.0-SNAPSHOT.jar:/home/user/.m2/repository/org/apache/hadoop/hadoop-hdds-client/0.5.0-SNAPSHOT/hadoop-hdds-client-0.5.0-SNAPSHOT.jar:/home/user/.m2/repository/org/apache/hadoop/hadoop-hdds-tools/0.5.0-SNAPSHOT/hadoop-hdds-tools-0.5.0-SNAPSHOT.jar:/home/user/.m2/repository/org/apache/hadoop/hadoop-hdds-server-scm/0.5.0-SNAPSHOT/hadoop-hdds-server-scm-0.5.0-SNAPSHOT.jar:/home/user/.m2/repository/org/apache/hadoop/hadoop-hdds-docs/0.5.0-SNAPSHOT/hadoop-hdds-docs-0.5.0-SNAPSHOT.jar:/home/user/.m2/repository/io/dropwizard/metrics/metrics-core/3.2.4/metrics-core-3.2.4.jar:/home/user/.m2/repository/org/hamcrest/hamcrest-all/1.3/hamcrest-all-1.3.jar:/home/user/.m2/repository/org/bouncycastle/bcprov-jdk15on/1.60/bcprov-jdk15on-1.60.jar:/home/user/.m2/repository/info/picocli/picocli/3.9.6/picocli-3.9.6.jar:/home/user/.m2/repository/com/google/protobuf/protobuf-java/2.5.0/protobuf-java-2.5.0.jar:/home/user/.m2/repository/com/google/guava/guava/11.0.2/guava-11.0.2.jar:/home/user/.m2/repository/org/apache/hadoop/hadoop-ozone-ozone-manager/0.5.0-SNAPSHOT/hadoop-ozone-ozone-manager-0.5.0-SNAPSHOT.jar:/home/user/.m2/repository/org/apache/hadoop/hadoop-minikdc/3.2.0/hadoop-minikdc-3.2.0.jar:/home/user/.m2/repository/commons-io/commons-io/2.5/commons-io-2.5.jar:/home/user/.m2/repository/org/apache/kerby/kerb-simplekdc/1.0.1/kerb-simplekdc-1.0.1.jar:/home/user/.m2/repository/org/apache/kerby/kerb-client/1.0.1/kerb-client-1.0.1.jar:/home/user/.m2/repository/org/apache/kerby/kerby-config/1.0.1/kerby-config-1.0.1.jar:/home/user/.m2/repository/org/apache/kerby/kerb-core/1.0.1/kerb-core-1.0.1.jar:/home/user/.m2/repository/org/apache/kerby/kerby-pkix/1.0.1/kerby-pkix-1.0.1.jar:/home/user/.m2/repository/org/apache/kerby/kerby-asn1/1.0.1/kerby-asn1-1.0.1.jar:/home/user/.m2/repository/org/apache/kerby/kerby-util/1.0.1/kerby-util-1.0.1.jar:/home/user/.m2/repository/org/apache/kerby/kerb-common/1.0.1/kerb-common-1.0.1.jar:/home/user/.m2/repository/org/apache/kerby/kerb-crypto/1.0.1/kerb-crypto-1.0.1.jar:/home/user/.m2/repository/org/apache/kerby/kerb-util/1.0.1/kerb-util-1.0.1.jar:/home/user/.m2/repository/org/apache/kerby/token-provider/1.0.1/token-provider-1.0.1.jar:/home/user/.m2/repository/org/apache/kerby/kerb-admin/1.0.1/kerb-admin-1.0.1.jar:/home/user/.m2/repository/org/apache/kerby/kerb-server/1.0.1/kerb-server-1.0.1.jar:/home/user/.m2/repository/org/apache/kerby/kerb-identity/1.0.1/kerb-identity-1.0.1.jar:/home/user/.m2/repository/org/apache/kerby/kerby-xdr/1.0.1/kerby-xdr-1.0.1.jar:/home/user/.m2/repository/org/slf4j/slf4j-log4j12/1.7.25/slf4j-log4j12-1.7.25.jar:/home/user/.m2/repository/org/apache/hadoop/hadoop-ozone-s3gateway/0.5.0-SNAPSHOT/hadoop-ozone-s3gateway-0.5.0-SNAPSHOT.jar:/home/user/.m2/repository/org/jboss/weld/servlet/weld-servlet/2.4.7.Final/weld-servlet-2.4.7.Final.jar:/home/user/.m2/repository/org/glassfish/jersey/containers/jersey-container-servlet-core/2.27/jersey-container-servlet-core-2.27.jar:/home/user/.m2/repository/org/glassfish/hk2/external/javax.inject/2.5.0-b42/javax.inject-2.5.0-b42.jar:/home/user/.m2/repository/org/glassfish/jersey/core/jersey-common/2.27/jersey-common-2.27.jar:/home/user/.m2/repository/org/glassfish/hk2/osgi-resource-locator/1.0.1/osgi-resource-locator-1.0.1.jar:/home/user/.m2/repository/javax/ws/rs/javax.ws.rs-api/2.1/javax.ws.rs-api-2.1.jar:/home/user/.m2/repository/org/glassfish/jersey/ext/cdi/jersey-cdi1x/2.27/jersey-cdi1x-2.27.jar:/home/user/.m2/repository/org/glassfish/jersey/inject/jersey-hk2/2.27/jersey-hk2-2.27.jar:/home/user/.m2/repository/org/glassfish/hk2/hk2-locator/2.5.0-b42/hk2-locator-2.5.0-b42.jar:/home/user/.m2/repository/org/javassist/javassist/3.22.0-CR2/javassist-3.22.0-CR2.jar:/home/user/.m2/repository/org/glassfish/hk2/hk2-api/2.5.0/hk2-api-2.5.0.jar:/home/user/.m2/repository/org/glassfish/hk2/external/jakarta.inject/2.5.0/jakarta.inject-2.5.0.jar:/home/user/.m2/repository/org/glassfish/hk2/hk2-utils/2.5.0/hk2-utils-2.5.0.jar:/home/user/.m2/repository/jakarta/annotation/jakarta.annotation-api/1.3.4/jakarta.annotation-api-1.3.4.jar:/home/user/.m2/repository/org/glassfish/hk2/external/aopalliance-repackaged/2.5.0/aopalliance-repackaged-2.5.0.jar:/home/user/.m2/repository/com/fasterxml/jackson/dataformat/jackson-dataformat-xml/2.9.0/jackson-dataformat-xml-2.9.0.jar:/home/user/.m2/repository/com/fasterxml/jackson/core/jackson-core/2.9.9/jackson-core-2.9.9.jar:/home/user/.m2/repository/com/fasterxml/jackson/module/jackson-module-jaxb-annotations/2.9.9/jackson-module-jaxb-annotations-2.9.9.jar:/home/user/.m2/repository/javax/enterprise/cdi-api/1.2/cdi-api-1.2.jar:/home/user/.m2/repository/javax/el/javax.el-api/3.0.0/javax.el-api-3.0.0.jar:/home/user/.m2/repository/javax/interceptor/javax.interceptor-api/1.2/javax.interceptor-api-1.2.jar:/home/user/.m2/repository/javax/inject/javax.inject/1/javax.inject-1.jar:/home/user/.m2/repository/com/sun/xml/bind/jaxb-impl/2.3.0.1/jaxb-impl-2.3.0.1.jar:/home/user/.m2/repository/com/sun/xml/bind/jaxb-core/2.3.0.1/jaxb-core-2.3.0.1.jar:/home/user/.m2/repository/javax/xml/bind/jaxb-api/2.3.0/jaxb-api-2.3.0.jar:/home/user/.m2/repository/javax/activation/activation/1.1.1/activation-1.1.1.jar:/home/user/.m2/repository/org/apache/hadoop/hadoop-ozone-csi/0.5.0-SNAPSHOT/hadoop-ozone-csi-0.5.0-SNAPSHOT.jar:/home/user/.m2/repository/com/google/protobuf/protobuf-java-util/3.5.1/protobuf-java-util-3.5.1.jar:/home/user/.m2/repository/org/apache/hadoop/hadoop-hdds-config/0.5.0-SNAPSHOT/hadoop-hdds-config-0.5.0-SNAPSHOT.jar:/home/user/.m2/repository/io/grpc/grpc-netty/1.17.1/grpc-netty-1.17.1.jar:/home/user/.m2/repository/io/grpc/grpc-core/1.17.1/grpc-core-1.17.1.jar:/home/user/.m2/repository/io/grpc/grpc-context/1.17.1/grpc-context-1.17.1.jar:/home/user/.m2/repository/com/google/errorprone/error_prone_annotations/2.2.0/error_prone_annotations-2.2.0.jar:/home/user/.m2/repository/org/codehaus/mojo/animal-sniffer-annotations/1.17/animal-sniffer-annotations-1.17.jar:/home/user/.m2/repository/io/opencensus/opencensus-api/0.17.0/opencensus-api-0.17.0.jar:/home/user/.m2/repository/io/opencensus/opencensus-contrib-grpc-metrics/0.17.0/opencensus-contrib-grpc-metrics-0.17.0.jar:/home/user/.m2/repository/io/netty/netty-codec-http2/4.1.30.Final/netty-codec-http2-4.1.30.Final.jar:/home/user/.m2/repository/io/netty/netty-codec-http/4.1.30.Final/netty-codec-http-4.1.30.Final.jar:/home/user/.m2/repository/io/netty/netty-codec/4.1.30.Final/netty-codec-4.1.30.Final.jar:/home/user/.m2/repository/io/netty/netty-handler/4.1.30.Final/netty-handler-4.1.30.Final.jar:/home/user/.m2/repository/io/netty/netty-handler-proxy/4.1.30.Final/netty-handler-proxy-4.1.30.Final.jar:/home/user/.m2/repository/io/netty/netty-codec-socks/4.1.30.Final/netty-codec-socks-4.1.30.Final.jar:/home/user/.m2/repository/io/netty/netty-transport-native-epoll/4.1.30.Final/netty-transport-native-epoll-4.1.30.Final.jar:/home/user/.m2/repository/io/netty/netty-common/4.1.30.Final/netty-common-4.1.30.Final.jar:/home/user/.m2/repository/io/netty/netty-buffer/4.1.30.Final/netty-buffer-4.1.30.Final.jar:/home/user/.m2/repository/io/netty/netty-transport/4.1.30.Final/netty-transport-4.1.30.Final.jar:/home/user/.m2/repository/io/netty/netty-resolver/4.1.30.Final/netty-resolver-4.1.30.Final.jar:/home/user/.m2/repository/io/netty/netty-transport-native-unix-common/4.1.30.Final/netty-transport-native-unix-common-4.1.30.Final.jar:/home/user/.m2/repository/io/grpc/grpc-protobuf/1.17.1/grpc-protobuf-1.17.1.jar:/home/user/.m2/repository/com/google/api/grpc/proto-google-common-protos/1.0.0/proto-google-common-protos-1.0.0.jar:/home/user/.m2/repository/io/grpc/grpc-protobuf-lite/1.17.1/grpc-protobuf-lite-1.17.1.jar:/home/user/.m2/repository/io/grpc/grpc-stub/1.17.1/grpc-stub-1.17.1.jar:/home/user/.m2/repository/org/apache/hadoop/hadoop-ozone-recon/0.5.0-SNAPSHOT/hadoop-ozone-recon-0.5.0-SNAPSHOT.jar:/home/user/.m2/repository/org/apache/hadoop/hadoop-ozone-reconcodegen/0.5.0-SNAPSHOT/hadoop-ozone-reconcodegen-0.5.0-SNAPSHOT.jar:/home/user/.m2/repository/com/google/inject/extensions/guice-multibindings/4.0/guice-multibindings-4.0.jar:/home/user/.m2/repository/com/google/inject/guice/4.0/guice-4.0.jar:/home/user/.m2/repository/aopalliance/aopalliance/1.0/aopalliance-1.0.jar:/home/user/.m2/repository/com/google/inject/extensions/guice-servlet/4.0/guice-servlet-4.0.jar:/home/user/.m2/repository/org/glassfish/jersey/containers/jersey-container-servlet/2.27/jersey-container-servlet-2.27.jar:/home/user/.m2/repository/org/glassfish/hk2/guice-bridge/2.5.0/guice-bridge-2.5.0.jar:/home/user/.m2/repository/org/glassfish/jersey/core/jersey-server/2.27/jersey-server-2.27.jar:/home/user/.m2/repository/org/glassfish/jersey/core/jersey-client/2.27/jersey-client-2.27.jar:/home/user/.m2/repository/org/glassfish/jersey/media/jersey-media-jaxb/2.27/jersey-media-jaxb-2.27.jar:/home/user/.m2/repository/javax/validation/validation-api/1.1.0.Final/validation-api-1.1.0.Final.jar:/home/user/.m2/repository/org/glassfish/jersey/media/jersey-media-json-jackson/2.27/jersey-media-json-jackson-2.27.jar:/home/user/.m2/repository/org/glassfish/jersey/ext/jersey-entity-filtering/2.27/jersey-entity-filtering-2.27.jar:/home/user/.m2/repository/com/google/inject/extensions/guice-assistedinject/4.0/guice-assistedinject-4.0.jar:/home/user/.m2/repository/org/jooq/jooq/3.11.10/jooq-3.11.10.jar:/home/user/.m2/repository/org/jooq/jooq-meta/3.11.10/jooq-meta-3.11.10.jar:/home/user/.m2/repository/org/jooq/jooq-codegen/3.11.10/jooq-codegen-3.11.10.jar:/home/user/.m2/repository/com/jolbox/bonecp/0.8.0.RELEASE/bonecp-0.8.0.RELEASE.jar:/home/user/.m2/repository/org/xerial/sqlite-jdbc/3.25.2/sqlite-jdbc-3.25.2.jar:/home/user/.m2/repository/org/springframework/spring-jdbc/5.1.3.RELEASE/spring-jdbc-5.1.3.RELEASE.jar:/home/user/.m2/repository/org/springframework/spring-beans/5.1.3.RELEASE/spring-beans-5.1.3.RELEASE.jar:/home/user/.m2/repository/org/springframework/spring-core/5.1.3.RELEASE/spring-core-5.1.3.RELEASE.jar:/home/user/.m2/repository/org/springframework/spring-jcl/5.1.3.RELEASE/spring-jcl-5.1.3.RELEASE.jar:/home/user/.m2/repository/org/springframework/spring-tx/5.1.3.RELEASE/spring-tx-5.1.3.RELEASE.jar:/home/user/.m2/repository/org/apache/hadoop/hadoop-ozone-client/0.5.0-SNAPSHOT/hadoop-ozone-client-0.5.0-SNAPSHOT.jar:/home/user/.m2/repository/commons-lang/commons-lang/2.6/commons-lang-2.6.jar:/home/user/.m2/repository/org/apache/hadoop/hadoop-ozone-ozone-manager/0.5.0-SNAPSHOT/hadoop-ozone-ozone-manager-0.5.0-SNAPSHOT-tests.jar:/home/user/.m2/repository/junit/junit/4.11/junit-4.11.jar:/home/user/.m2/repository/org/hamcrest/hamcrest-core/1.3/hamcrest-core-1.3.jar:/home/user/.m2/repository/org/openjdk/jmh/jmh-core/1.19/jmh-core-1.19.jar:/home/user/.m2/repository/net/sf/jopt-simple/jopt-simple/4.6/jopt-simple-4.6.jar:/home/user/.m2/repository/org/apache/commons/commons-math3/3.1.1/commons-math3-3.1.1.jar:/home/user/.m2/repository/org/openjdk/jmh/jmh-generator-annprocess/1.19/jmh-generator-annprocess-1.19.jar:/home/user/.m2/repository/org/mockito/mockito-all/1.8.5/mockito-all-1.8.5.jar:/home/user/.m2/repository/org/apache/hadoop/hadoop-kms/3.2.0/hadoop-kms-3.2.0.jar:/home/user/.m2/repository/org/apache/hadoop/hadoop-auth/3.2.0/hadoop-auth-3.2.0.jar:/home/user/.m2/repository/com/nimbusds/nimbus-jose-jwt/4.41.1/nimbus-jose-jwt-4.41.1.jar:/home/user/.m2/repository/com/github/stephenc/jcip/jcip-annotations/1.0-1/jcip-annotations-1.0-1.jar:/home/user/.m2/repository/net/minidev/json-smart/2.3/json-smart-2.3.jar:/home/user/.m2/repository/net/minidev/accessors-smart/1.2/accessors-smart-1.2.jar:/home/user/.m2/repository/org/ow2/asm/asm/5.0.4/asm-5.0.4.jar:/home/user/.m2/repository/org/apache/curator/curator-framework/2.12.0/curator-framework-2.12.0.jar:/home/user/.m2/repository/com/sun/jersey/jersey-core/1.19/jersey-core-1.19.jar:/home/user/.m2/repository/javax/ws/rs/jsr311-api/1.1.1/jsr311-api-1.1.1.jar:/home/user/.m2/repository/com/sun/jersey/jersey-server/1.19/jersey-server-1.19.jar:/home/user/.m2/repository/javax/servlet/javax.servlet-api/3.1.0/javax.servlet-api-3.1.0.jar:/home/user/.m2/repository/org/eclipse/jetty/jetty-server/9.3.25.v20180904/jetty-server-9.3.25.v20180904.jar:/home/user/.m2/repository/org/eclipse/jetty/jetty-http/9.3.25.v20180904/jetty-http-9.3.25.v20180904.jar:/home/user/.m2/repository/org/eclipse/jetty/jetty-io/9.3.25.v20180904/jetty-io-9.3.25.v20180904.jar:/home/user/.m2/repository/org/eclipse/jetty/jetty-webapp/9.3.25.v20180904/jetty-webapp-9.3.25.v20180904.jar:/home/user/.m2/repository/org/eclipse/jetty/jetty-xml/9.3.25.v20180904/jetty-xml-9.3.25.v20180904.jar:/home/user/.m2/repository/log4j/log4j/1.2.17/log4j-1.2.17.jar:/home/user/.m2/repository/org/slf4j/slf4j-api/1.7.25/slf4j-api-1.7.25.jar:/home/user/.m2/repository/org/slf4j/jul-to-slf4j/1.7.25/jul-to-slf4j-1.7.25.jar:/home/user/.m2/repository/org/eclipse/jetty/jetty-util/9.3.25.v20180904/jetty-util-9.3.25.v20180904.jar:/home/user/.m2/repository/com/fasterxml/jackson/core/jackson-databind/2.9.9/jackson-databind-2.9.9.jar:/home/user/.m2/repository/org/apache/hadoop/hadoop-kms/3.2.0/hadoop-kms-3.2.0-tests.jar:/home/user/.m2/repository/org/apache/hadoop/hadoop-hdds-server-scm/0.5.0-SNAPSHOT/hadoop-hdds-server-scm-0.5.0-SNAPSHOT-tests.jar:/home/user/.m2/repository/org/apache/hadoop/hadoop-hdds-container-service/0.5.0-SNAPSHOT/hadoop-hdds-container-service-0.5.0-SNAPSHOT-tests.jar:/home/user/.m2/repository/org/yaml/snakeyaml/1.16/snakeyaml-1.16.jar:/home/user/.m2/repository/org/apache/hadoop/hadoop-common/3.2.0/hadoop-common-3.2.0-tests.jar:/home/user/.m2/repository/org/apache/hadoop/hadoop-annotations/3.2.0/hadoop-annotations-3.2.0.jar:/usr/lib/jvm/java-1.8-openjdk/jre/../lib/tools.jar:/home/user/.m2/repository/commons-cli/commons-cli/1.2/commons-cli-1.2.jar:/home/user/.m2/repository/org/apache/httpcomponents/httpclient/4.5.2/httpclient-4.5.2.jar:/home/user/.m2/repository/org/apache/httpcomponents/httpcore/4.4.4/httpcore-4.4.4.jar:/home/user/.m2/repository/commons-codec/commons-codec/1.11/commons-codec-1.11.jar:/home/user/.m2/repository/commons-net/commons-net/3.6/commons-net-3.6.jar:/home/user/.m2/repository/commons-collections/commons-collections/3.2.2/commons-collections-3.2.2.jar:/home/user/.m2/repository/org/eclipse/jetty/jetty-servlet/9.3.25.v20180904/jetty-servlet-9.3.25.v20180904.jar:/home/user/.m2/repository/org/eclipse/jetty/jetty-security/9.3.25.v20180904/jetty-security-9.3.25.v20180904.jar:/home/user/.m2/repository/javax/servlet/jsp/jsp-api/2.1/jsp-api-2.1.jar:/home/user/.m2/repository/com/sun/jersey/jersey-servlet/1.19/jersey-servlet-1.19.jar:/home/user/.m2/repository/com/sun/jersey/jersey-json/1.19/jersey-json-1.19.jar:/home/user/.m2/repository/org/codehaus/jettison/jettison/1.1/jettison-1.1.jar:/home/user/.m2/repository/org/codehaus/jackson/jackson-core-asl/1.9.13/jackson-core-asl-1.9.13.jar:/home/user/.m2/repository/org/codehaus/jackson/jackson-mapper-asl/1.9.13/jackson-mapper-asl-1.9.13.jar:/home/user/.m2/repository/org/codehaus/jackson/jackson-jaxrs/1.9.13/jackson-jaxrs-1.9.13.jar:/home/user/.m2/repository/org/codehaus/jackson/jackson-xc/1.9.13/jackson-xc-1.9.13.jar:/home/user/.m2/repository/commons-logging/commons-logging/1.1.3/commons-logging-1.1.3.jar:/home/user/.m2/repository/commons-beanutils/commons-beanutils/1.9.4/commons-beanutils-1.9.4.jar:/home/user/.m2/repository/org/apache/commons/commons-configuration2/2.1.1/commons-configuration2-2.1.1.jar:/home/user/.m2/repository/org/apache/commons/commons-lang3/3.7/commons-lang3-3.7.jar:/home/user/.m2/repository/org/apache/commons/commons-text/1.4/commons-text-1.4.jar:/home/user/.m2/repository/org/apache/avro/avro/1.7.7/avro-1.7.7.jar:/home/user/.m2/repository/com/thoughtworks/paranamer/paranamer/2.3/paranamer-2.3.jar:/home/user/.m2/repository/org/xerial/snappy/snappy-java/1.0.5/snappy-java-1.0.5.jar:/home/user/.m2/repository/com/google/re2j/re2j/1.1/re2j-1.1.jar:/home/user/.m2/repository/com/google/code/gson/gson/2.2.4/gson-2.2.4.jar:/home/user/.m2/repository/com/jcraft/jsch/0.1.54/jsch-0.1.54.jar:/home/user/.m2/repository/org/apache/curator/curator-client/2.12.0/curator-client-2.12.0.jar:/home/user/.m2/repository/org/apache/curator/curator-recipes/2.12.0/curator-recipes-2.12.0.jar:/home/user/.m2/repository/com/google/code/findbugs/jsr305/3.0.0/jsr305-3.0.0.jar:/home/user/.m2/repository/org/apache/htrace/htrace-core4/4.1.0-incubating/htrace-core4-4.1.0-incubating.jar:/home/user/.m2/repository/org/apache/zookeeper/zookeeper/3.4.13/zookeeper-3.4.13.jar:/home/user/.m2/repository/jline/jline/0.9.94/jline-0.9.94.jar:/home/user/.m2/repository/org/apache/yetus/audience-annotations/0.5.0/audience-annotations-0.5.0.jar:/home/user/.m2/repository/org/codehaus/woodstox/stax2-api/3.1.4/stax2-api-3.1.4.jar:/home/user/.m2/repository/com/fasterxml/woodstox/woodstox-core/5.0.3/woodstox-core-5.0.3.jar:/home/user/.m2/repository/dnsjava/dnsjava/2.1.7/dnsjava-2.1.7.jar:/home/user/.m2/repository/org/apache/hadoop/hadoop-hdfs/3.2.0/hadoop-hdfs-3.2.0-tests.jar:/home/user/.m2/repository/org/eclipse/jetty/jetty-util-ajax/9.3.25.v20180904/jetty-util-ajax-9.3.25.v20180904.jar:/home/user/.m2/repository/commons-daemon/commons-daemon/1.0.13/commons-daemon-1.0.13.jar:/home/user/.m2/repository/io/netty/netty/3.10.5.Final/netty-3.10.5.Final.jar:/home/user/.m2/repository/io/netty/netty-all/4.0.52.Final/netty-all-4.0.52.Final.jar:/home/user/.m2/repository/org/fusesource/leveldbjni/leveldbjni-all/1.8/leveldbjni-all-1.8.jar:"/>
    <property name="sun.cpu.endian" value="little"/>
    <property name="user.home" value="/home/user"/>
    <property name="user.language" value="en"/>
    <property name="java.specification.vendor" value="Oracle Corporation"/>
    <property name="java.home" value="/usr/lib/jvm/java-1.8-openjdk/jre"/>
    <property name="java.security.krb5.conf" value="/workdir/hadoop-ozone/integration-test/target/test-classes/krb5.conf"/>
    <property name="basedir" value="/workdir/hadoop-ozone/integration-test"/>
    <property name="file.separator" value="/"/>
    <property name="line.separator" value="&#10;"/>
    <property name="java.vm.specification.vendor" value="Oracle Corporation"/>
    <property name="java.specification.name" value="Java Platform API Specification"/>
    <property name="java.awt.graphicsenv" value="sun.awt.X11GraphicsEnvironment"/>
    <property name="surefire.real.class.path" value="/workdir/hadoop-ozone/integration-test/target/surefire/surefirebooter4800953379831525733.jar"/>
    <property name="hadoop.log.dir" value="/workdir/hadoop-ozone/integration-test/target/log"/>
    <property name="sun.boot.class.path" value="/usr/lib/jvm/java-1.8-openjdk/jre/lib/resources.jar:/usr/lib/jvm/java-1.8-openjdk/jre/lib/rt.jar:/usr/lib/jvm/java-1.8-openjdk/jre/lib/sunrsasign.jar:/usr/lib/jvm/java-1.8-openjdk/jre/lib/jsse.jar:/usr/lib/jvm/java-1.8-openjdk/jre/lib/jce.jar:/usr/lib/jvm/java-1.8-openjdk/jre/lib/charsets.jar:/usr/lib/jvm/java-1.8-openjdk/jre/lib/jfr.jar:/usr/lib/jvm/java-1.8-openjdk/jre/classes"/>
    <property name="sun.management.compiler" value="HotSpot 64-Bit Tiered Compilers"/>
    <property name="java.runtime.version" value="1.8.0_212-b04"/>
    <property name="java.net.preferIPv4Stack" value="true"/>
    <property name="user.name" value="jenkins1000"/>
    <property name="path.separator" value=":"/>
    <property name="java.security.egd" value="file:///dev/urandom"/>
    <property name="os.version" value="3.10.0-957.12.2.el7.x86_64"/>
    <property name="java.endorsed.dirs" value="/usr/lib/jvm/java-1.8-openjdk/jre/lib/endorsed"/>
    <property name="java.runtime.name" value="OpenJDK Runtime Environment"/>
    <property name="file.encoding" value="UTF-8"/>
    <property name="java.vm.name" value="OpenJDK 64-Bit Server VM"/>
    <property name="test.build.webapps" value=""/>
    <property name="localRepository" value="/home/user/.m2/repository"/>
    <property name="java.vendor.url.bug" value="https://icedtea.classpath.org/bugzilla"/>
    <property name="java.io.tmpdir" value="/tmp"/>
    <property name="require.test.libhadoop" value=""/>
    <property name="java.version" value="1.8.0_212"/>
    <property name="user.dir" value="/workdir/hadoop-ozone/integration-test"/>
    <property name="os.arch" value="amd64"/>
    <property name="java.vm.specification.name" value="Java Virtual Machine Specification"/>
    <property name="test.build.classes" value="/workdir/hadoop-ozone/integration-test/target/test-classes"/>
    <property name="java.awt.printerjob" value="sun.print.PSPrinterJob"/>
    <property name="sun.os.patch.level" value="unknown"/>
    <property name="hadoop.tmp.dir" value="/workdir/hadoop-ozone/integration-test/target/tmp"/>
    <property name="java.library.path" value="/usr/lib/jvm/java-1.8-openjdk/jre/lib/amd64/server:/usr/lib/jvm/java-1.8-openjdk/jre/lib/amd64:/usr/lib/jvm/java-1.8-openjdk/jre/../lib/amd64:/workdir/hadoop-ozone/integration-test/target/native/target/usr/local/lib:/workdir/hadoop-ozone/integration-test/../../hadoop-common-project/hadoop-common/target/native/target/usr/local/lib:/usr/java/packages/lib/amd64:/usr/lib64:/lib64:/lib:/usr/lib"/>
    <property name="java.vm.info" value="mixed mode"/>
    <property name="java.vendor" value="IcedTea"/>
    <property name="java.vm.version" value="25.212-b04"/>
    <property name="java.ext.dirs" value="/usr/lib/jvm/java-1.8-openjdk/jre/lib/ext:/usr/java/packages/lib/ext"/>
    <property name="sun.io.unicode.encoding" value="UnicodeLittle"/>
    <property name="java.class.version" value="52.0"/>
  </properties>
  <testcase name="testGroupMismatchExceptionHandling" classname="org.apache.hadoop.ozone.client.rpc.TestOzoneClientRetriesOnException" time="40.943"/>
  <testcase name="testMaxRetriesByOzoneClient" classname="org.apache.hadoop.ozone.client.rpc.TestOzoneClientRetriesOnException" time="125.898">
    <error message="Failed to command cmdType: CreateContainer&#10;containerID: 1&#10;datanodeUuid: &quot;9177c858-a268-40f9-9002-b55f0938111c&quot;&#10;createContainer {&#10;}&#10;" type="java.io.IOException">java.io.IOException: 
Failed to command cmdType: CreateContainer
containerID: 1
datanodeUuid: "9177c858-a268-40f9-9002-b55f0938111c"
createContainer {
}

	at org.apache.hadoop.hdds.scm.XceiverClientSpi.sendCommand(XceiverClientSpi.java:113)
	at org.apache.hadoop.ozone.client.rpc.TestOzoneClientRetriesOnException.testMaxRetriesByOzoneClient(TestOzoneClientRetriesOnException.java:190)
	at sun.reflect.NativeMethodAccessorImpl.invoke0(Native Method)
	at sun.reflect.NativeMethodAccessorImpl.invoke(NativeMethodAccessorImpl.java:62)
	at sun.reflect.DelegatingMethodAccessorImpl.invoke(DelegatingMethodAccessorImpl.java:43)
	at java.lang.reflect.Method.invoke(Method.java:498)
	at org.junit.runners.model.FrameworkMethod$1.runReflectiveCall(FrameworkMethod.java:47)
	at org.junit.internal.runners.model.ReflectiveCallable.run(ReflectiveCallable.java:12)
	at org.junit.runners.model.FrameworkMethod.invokeExplosively(FrameworkMethod.java:44)
	at org.junit.internal.runners.statements.InvokeMethod.evaluate(InvokeMethod.java:17)
	at org.junit.internal.runners.statements.RunBefores.evaluate(RunBefores.java:26)
	at org.junit.internal.runners.statements.RunAfters.evaluate(RunAfters.java:27)
	at org.junit.runners.ParentRunner.runLeaf(ParentRunner.java:271)
	at org.junit.runners.BlockJUnit4ClassRunner.runChild(BlockJUnit4ClassRunner.java:70)
	at org.junit.runners.BlockJUnit4ClassRunner.runChild(BlockJUnit4ClassRunner.java:50)
	at org.junit.runners.ParentRunner$3.run(ParentRunner.java:238)
	at org.junit.runners.ParentRunner$1.schedule(ParentRunner.java:63)
	at org.junit.runners.ParentRunner.runChildren(ParentRunner.java:236)
	at org.junit.runners.ParentRunner.access$000(ParentRunner.java:53)
	at org.junit.runners.ParentRunner$2.evaluate(ParentRunner.java:229)
	at org.junit.runners.ParentRunner.run(ParentRunner.java:309)
	at org.apache.maven.surefire.junit4.JUnit4Provider.execute(JUnit4Provider.java:365)
	at org.apache.maven.surefire.junit4.JUnit4Provider.executeWithRerun(JUnit4Provider.java:273)
	at org.apache.maven.surefire.junit4.JUnit4Provider.executeTestSet(JUnit4Provider.java:238)
	at org.apache.maven.surefire.junit4.JUnit4Provider.invoke(JUnit4Provider.java:159)
	at org.apache.maven.surefire.booter.ForkedBooter.invokeProviderInSameClassLoader(ForkedBooter.java:384)
	at org.apache.maven.surefire.booter.ForkedBooter.runSuitesInProcess(ForkedBooter.java:345)
	at org.apache.maven.surefire.booter.ForkedBooter.execute(ForkedBooter.java:126)
	at org.apache.maven.surefire.booter.ForkedBooter.main(ForkedBooter.java:418)
Caused by: java.util.concurrent.ExecutionException: org.apache.ratis.protocol.RaftRetryFailureException: Failed RaftClientRequest:client-A82660B408F9->9177c858-a268-40f9-9002-b55f0938111c@group-F53942A52B17, cid=45, seq=4*, RW, org.apache.hadoop.hdds.scm.XceiverClientRatis$$Lambda$364/1387511555@3f2f0d55 for 180 attempts with RetryLimited(maxAttempts=180, sleepTime=1000ms)
	at java.util.concurrent.CompletableFuture.reportGet(CompletableFuture.java:357)
	at java.util.concurrent.CompletableFuture.get(CompletableFuture.java:1895)
	at org.apache.hadoop.hdds.scm.XceiverClientSpi.sendCommand(XceiverClientSpi.java:110)
	... 28 more
Caused by: org.apache.ratis.protocol.RaftRetryFailureException: Failed RaftClientRequest:client-A82660B408F9->9177c858-a268-40f9-9002-b55f0938111c@group-F53942A52B17, cid=45, seq=4*, RW, org.apache.hadoop.hdds.scm.XceiverClientRatis$$Lambda$364/1387511555@3f2f0d55 for 180 attempts with RetryLimited(maxAttempts=180, sleepTime=1000ms)
	at org.apache.ratis.client.impl.RaftClientImpl.noMoreRetries(RaftClientImpl.java:271)
	at org.apache.ratis.client.impl.OrderedAsync.handleAsyncRetryFailure(OrderedAsync.java:138)
	at org.apache.ratis.client.impl.OrderedAsync.lambda$sendRequest$10(OrderedAsync.java:230)
	at java.util.concurrent.CompletableFuture.uniExceptionally(CompletableFuture.java:870)
	at java.util.concurrent.CompletableFuture$UniExceptionally.tryFire(CompletableFuture.java:852)
	at java.util.concurrent.CompletableFuture.postComplete(CompletableFuture.java:474)
	at java.util.concurrent.CompletableFuture.completeExceptionally(CompletableFuture.java:1977)
	at org.apache.ratis.grpc.client.GrpcClientProtocolClient$AsyncStreamObservers.completeReplyExceptionally(GrpcClientProtocolClient.java:345)
	at org.apache.ratis.grpc.client.GrpcClientProtocolClient$AsyncStreamObservers.access$000(GrpcClientProtocolClient.java:261)
	at org.apache.ratis.grpc.client.GrpcClientProtocolClient$AsyncStreamObservers$1.onNext(GrpcClientProtocolClient.java:273)
	at org.apache.ratis.grpc.client.GrpcClientProtocolClient$AsyncStreamObservers$1.onNext(GrpcClientProtocolClient.java:264)
	at org.apache.ratis.thirdparty.io.grpc.stub.ClientCalls$StreamObserverToCallListenerAdapter.onMessage(ClientCalls.java:421)
	at org.apache.ratis.thirdparty.io.grpc.ForwardingClientCallListener.onMessage(ForwardingClientCallListener.java:33)
	at org.apache.ratis.thirdparty.io.grpc.ForwardingClientCallListener.onMessage(ForwardingClientCallListener.java:33)
	at org.apache.ratis.thirdparty.io.grpc.internal.ClientCallImpl$ClientStreamListenerImpl$1MessagesAvailable.runInContext(ClientCallImpl.java:519)
	at org.apache.ratis.thirdparty.io.grpc.internal.ContextRunnable.run(ContextRunnable.java:37)
	at org.apache.ratis.thirdparty.io.grpc.internal.SerializingExecutor.run(SerializingExecutor.java:123)
	at java.util.concurrent.ThreadPoolExecutor.runWorker(ThreadPoolExecutor.java:1149)
	at java.util.concurrent.ThreadPoolExecutor$Worker.run(ThreadPoolExecutor.java:624)
	at java.lang.Thread.run(Thread.java:748)
Caused by: org.apache.ratis.protocol.NotLeaderException: Server 9177c858-a268-40f9-9002-b55f0938111c@group-F53942A52B17 is not the leader 2cd22177-8dc0-4d5f-89f9-7752b425b8cc:192.168.30.33:46866
	at org.apache.ratis.client.impl.ClientProtoUtils.toRaftClientReply(ClientProtoUtils.java:243)
	at org.apache.ratis.grpc.client.GrpcClientProtocolClient$AsyncStreamObservers$1.onNext(GrpcClientProtocolClient.java:269)
	... 10 more
</error>
    <system-out><![CDATA[2019-10-04 19:32:40,147 [main] WARN  server.ServerUtils (ServerUtils.java:getScmDbDir(145)) - ozone.scm.db.dirs is not configured. We recommend adding this setting. Falling back to ozone.metadata.dirs instead.
2019-10-04 19:32:40,171 [main] WARN  server.ServerUtils (ServerUtils.java:getScmDbDir(145)) - ozone.scm.db.dirs is not configured. We recommend adding this setting. Falling back to ozone.metadata.dirs instead.
2019-10-04 19:32:40,171 [main] WARN  server.ServerUtils (ServerUtils.java:getScmDbDir(145)) - ozone.scm.db.dirs is not configured. We recommend adding this setting. Falling back to ozone.metadata.dirs instead.
2019-10-04 19:32:40,172 [main] INFO  db.DBStoreBuilder (DBStoreBuilder.java:addTable(117)) - using custom profile for table: deletedBlocks
2019-10-04 19:32:40,172 [main] INFO  db.DBStoreBuilder (DBStoreBuilder.java:processTables(168)) - Using default column profile:DBProfile.DISK for Table:deletedBlocks
2019-10-04 19:32:40,173 [main] INFO  db.DBStoreBuilder (DBStoreBuilder.java:addTable(117)) - using custom profile for table: validCerts
2019-10-04 19:32:40,173 [main] INFO  db.DBStoreBuilder (DBStoreBuilder.java:processTables(168)) - Using default column profile:DBProfile.DISK for Table:validCerts
2019-10-04 19:32:40,173 [main] INFO  db.DBStoreBuilder (DBStoreBuilder.java:addTable(117)) - using custom profile for table: revokedCerts
2019-10-04 19:32:40,173 [main] INFO  db.DBStoreBuilder (DBStoreBuilder.java:processTables(168)) - Using default column profile:DBProfile.DISK for Table:revokedCerts
2019-10-04 19:32:40,174 [main] INFO  db.DBStoreBuilder (DBStoreBuilder.java:addTable(117)) - using custom profile for table: default
2019-10-04 19:32:40,174 [main] INFO  db.DBStoreBuilder (DBStoreBuilder.java:processTables(174)) - Using default column profile:DBProfile.DISK for Table:default
2019-10-04 19:32:40,174 [main] INFO  db.DBStoreBuilder (DBStoreBuilder.java:getDbProfile(205)) - Using default options. DBProfile.DISK
2019-10-04 19:32:40,554 [main] INFO  net.NodeSchemaLoader (NodeSchemaLoader.java:loadSchemaFromFile(125)) - Loading file from sun.misc.CompoundEnumeration@63cf9de0
2019-10-04 19:32:40,555 [main] INFO  net.NodeSchemaLoader (NodeSchemaLoader.java:loadSchema(171)) - Loading network topology layer schema file
2019-10-04 19:32:40,562 [main] WARN  server.ServerUtils (ServerUtils.java:sanitizeUserArgs(70)) - ozone.scm.stale.node.interval value = 300000 is larger than max = 100000 based on the key value of ozone.scm.heartbeat.thread.interval, reset to the max value 100000.
2019-10-04 19:32:40,562 [main] WARN  server.ServerUtils (ServerUtils.java:sanitizeUserArgs(70)) - ozone.scm.stale.node.interval value = 300000 is larger than max = 100000 based on the key value of ozone.scm.heartbeat.thread.interval, reset to the max value 100000.
2019-10-04 19:32:40,563 [main] INFO  node.SCMNodeManager (SCMNodeManager.java:<init>(116)) - Entering startup safe mode.
2019-10-04 19:32:40,564 [main] INFO  algorithms.ContainerPlacementPolicyFactory (ContainerPlacementPolicyFactory.java:getPolicy(57)) - Create container placement policy of type org.apache.hadoop.hdds.scm.container.placement.algorithms.SCMContainerPlacementRandom
2019-10-04 19:32:40,564 [main] WARN  server.ServerUtils (ServerUtils.java:getScmDbDir(145)) - ozone.scm.db.dirs is not configured. We recommend adding this setting. Falling back to ozone.metadata.dirs instead.
2019-10-04 19:32:40,697 [main] INFO  pipeline.SCMPipelineManager (SCMPipelineManager.java:initializePipelineState(132)) - No pipeline exists in current db
2019-10-04 19:32:40,697 [main] WARN  server.ServerUtils (ServerUtils.java:getScmDbDir(145)) - ozone.scm.db.dirs is not configured. We recommend adding this setting. Falling back to ozone.metadata.dirs instead.
2019-10-04 19:32:40,840 [main] WARN  events.EventQueue (EventQueue.java:fireEvent(183)) - No event handler registered for event TypedEvent{payloadType=SafeModeStatus, name='SafeModeStatus'}
2019-10-04 19:32:40,840 [main] INFO  ipc.CallQueueManager (CallQueueManager.java:<init>(84)) - Using callQueue: class java.util.concurrent.LinkedBlockingQueue, queueCapacity: 2000, scheduler: class org.apache.hadoop.ipc.DefaultRpcScheduler, ipcBackoff: false.
2019-10-04 19:32:40,841 [Socket Reader #1 for port 43231] INFO  ipc.Server (Server.java:run(1074)) - Starting Socket Reader #1 for port 43231
2019-10-04 19:32:40,843 [main] INFO  ipc.CallQueueManager (CallQueueManager.java:<init>(84)) - Using callQueue: class java.util.concurrent.LinkedBlockingQueue, queueCapacity: 2000, scheduler: class org.apache.hadoop.ipc.DefaultRpcScheduler, ipcBackoff: false.
2019-10-04 19:32:40,844 [Socket Reader #1 for port 41928] INFO  ipc.Server (Server.java:run(1074)) - Starting Socket Reader #1 for port 41928
2019-10-04 19:32:40,845 [main] INFO  ipc.CallQueueManager (CallQueueManager.java:<init>(84)) - Using callQueue: class java.util.concurrent.LinkedBlockingQueue, queueCapacity: 2000, scheduler: class org.apache.hadoop.ipc.DefaultRpcScheduler, ipcBackoff: false.
2019-10-04 19:32:40,845 [Socket Reader #1 for port 41596] INFO  ipc.Server (Server.java:run(1074)) - Starting Socket Reader #1 for port 41596
2019-10-04 19:32:40,847 [main] INFO  hdfs.DFSUtil (DFSUtil.java:httpServerTemplateForNNAndJN(1641)) - Starting Web-server for scm at: http://0.0.0.0:0
2019-10-04 19:32:40,850 [main] INFO  server.AuthenticationFilter (AuthenticationFilter.java:constructSecretProvider(240)) - Unable to initialize FileSignerSecretProvider, falling back to use random secrets.
2019-10-04 19:32:40,851 [main] WARN  http.HttpRequestLog (HttpRequestLog.java:getRequestLog(97)) - Jetty request log can only be enabled using Log4j
2019-10-04 19:32:40,854 [main] INFO  http.HttpServer2 (HttpServer2.java:addGlobalFilter(975)) - Added global filter 'safety' (class=org.apache.hadoop.http.HttpServer2$QuotingInputFilter)
2019-10-04 19:32:40,855 [main] INFO  http.HttpServer2 (HttpServer2.java:addFilter(948)) - Added filter static_user_filter (class=org.apache.hadoop.http.lib.StaticUserWebFilter$StaticUserFilter) to context scm
2019-10-04 19:32:40,855 [main] INFO  http.HttpServer2 (HttpServer2.java:addFilter(958)) - Added filter static_user_filter (class=org.apache.hadoop.http.lib.StaticUserWebFilter$StaticUserFilter) to context static
2019-10-04 19:32:40,855 [main] INFO  http.HttpServer2 (HttpServer2.java:addFilter(958)) - Added filter static_user_filter (class=org.apache.hadoop.http.lib.StaticUserWebFilter$StaticUserFilter) to context logs
2019-10-04 19:32:40,858 [main] INFO  server.StorageContainerManager (StorageContainerManager.java:start(770)) - StorageContainerLocationProtocol RPC server is listening at /0.0.0.0:41596
2019-10-04 19:32:40,861 [main] WARN  impl.MetricsConfig (MetricsConfig.java:loadFirst(134)) - Cannot locate configuration: tried hadoop-metrics2-storagecontainermanager.properties,hadoop-metrics2.properties
2019-10-04 19:32:40,862 [main] INFO  impl.MetricsSystemImpl (MetricsSystemImpl.java:startTimer(374)) - Scheduled Metric snapshot period at 10 second(s).
2019-10-04 19:32:40,862 [main] INFO  impl.MetricsSystemImpl (MetricsSystemImpl.java:start(191)) - StorageContainerManager metrics system started
2019-10-04 19:32:40,897 [main] WARN  impl.MetricsSystemImpl (MetricsSystemImpl.java:register(276)) - Sink prometheus already exists!
2019-10-04 19:32:40,904 [main] INFO  server.SCMClientProtocolServer (SCMClientProtocolServer.java:start(159)) - RPC server for Client  is listening at /0.0.0.0:41596
2019-10-04 19:32:40,904 [IPC Server Responder] INFO  ipc.Server (Server.java:run(1314)) - IPC Server Responder: starting
2019-10-04 19:32:40,904 [IPC Server listener on 41596] INFO  ipc.Server (Server.java:run(1153)) - IPC Server listener on 41596: starting
2019-10-04 19:32:40,908 [main] INFO  server.StorageContainerManager (StorageContainerManager.java:start(780)) - ScmBlockLocationProtocol RPC server is listening at /0.0.0.0:41928
2019-10-04 19:32:40,908 [main] INFO  server.SCMBlockProtocolServer (SCMBlockProtocolServer.java:start(146)) - RPC server for Block Protocol is listening at /0.0.0.0:41928
2019-10-04 19:32:40,908 [IPC Server Responder] INFO  ipc.Server (Server.java:run(1314)) - IPC Server Responder: starting
2019-10-04 19:32:40,908 [IPC Server listener on 41928] INFO  ipc.Server (Server.java:run(1153)) - IPC Server listener on 41928: starting
2019-10-04 19:32:40,912 [main] INFO  server.StorageContainerManager (StorageContainerManager.java:start(784)) - ScmDatanodeProtocl RPC server is listening at /0.0.0.0:43231
2019-10-04 19:32:40,912 [main] INFO  server.SCMDatanodeProtocolServer (SCMDatanodeProtocolServer.java:start(169)) - RPC server for DataNodes is listening at /0.0.0.0:43231
2019-10-04 19:32:40,912 [IPC Server Responder] INFO  ipc.Server (Server.java:run(1314)) - IPC Server Responder: starting
2019-10-04 19:32:40,913 [IPC Server listener on 43231] INFO  ipc.Server (Server.java:run(1153)) - IPC Server listener on 43231: starting
2019-10-04 19:32:40,916 [main] INFO  http.HttpServer2 (HttpServer2.java:bindListener(1191)) - Jetty bound to port 43801
2019-10-04 19:32:40,917 [main] INFO  server.Server (Server.java:doStart(351)) - jetty-9.3.25.v20180904, build timestamp: 2018-09-04T21:11:46Z, git hash: 3ce520221d0240229c862b122d2b06c12a625732
2019-10-04 19:32:40,919 [main] INFO  handler.ContextHandler (ContextHandler.java:doStart(781)) - Started o.e.j.s.ServletContextHandler@7c2924d7{/logs,file:///workdir/hadoop-ozone/integration-test/target/log,AVAILABLE}
2019-10-04 19:32:40,920 [main] INFO  handler.ContextHandler (ContextHandler.java:doStart(781)) - Started o.e.j.s.ServletContextHandler@6587305a{/static,file:///workdir/hadoop-ozone/integration-test/target/test-classes/webapps/static,AVAILABLE}
2019-10-04 19:32:40,924 [main] INFO  handler.ContextHandler (ContextHandler.java:doStart(781)) - Started o.e.j.w.WebAppContext@3c66b7d8{/,file:///workdir/hadoop-ozone/integration-test/target/test-classes/webapps/scm/,AVAILABLE}{/scm}
2019-10-04 19:32:40,925 [main] INFO  server.AbstractConnector (AbstractConnector.java:doStart(278)) - Started ServerConnector@37e69c43{HTTP/1.1,[http/1.1]}{0.0.0.0:43801}
2019-10-04 19:32:40,926 [main] INFO  server.Server (Server.java:doStart(419)) - Started @42380ms
2019-10-04 19:32:40,926 [main] WARN  impl.MetricsSystemImpl (MetricsSystemImpl.java:register(276)) - Sink prometheus already exists!
2019-10-04 19:32:40,927 [main] INFO  server.BaseHttpServer (BaseHttpServer.java:updateConnectorAddress(215)) - HTTP server of SCM is listening at http://0.0.0.0:43801
2019-10-04 19:32:40,928 [main] WARN  server.ServerUtils (ServerUtils.java:getDBPath(222)) - ozone.om.db.dirs is not configured. We recommend adding this setting. Falling back to ozone.metadata.dirs instead.
2019-10-04 19:32:40,928 [org.apache.hadoop.util.JvmPauseMonitor$Monitor@345d053b] INFO  util.JvmPauseMonitor (JvmPauseMonitor.java:run(188)) - Starting JVM pause monitor
2019-10-04 19:32:40,964 [main] INFO  ha.OMHANodeDetails (OMHANodeDetails.java:loadOMHAConfig(190)) - Configuration either no ozone.om.address set. Falling back to the default OM address /127.0.0.1:0
2019-10-04 19:32:40,964 [main] INFO  ha.OMHANodeDetails (OMHANodeDetails.java:getOMNodeDetails(220)) - OM Service ID is not set. Setting it to the default ID: omServiceIdDefault
2019-10-04 19:32:40,964 [main] WARN  server.ServerUtils (ServerUtils.java:getDBPath(222)) - ozone.om.db.dirs is not configured. We recommend adding this setting. Falling back to ozone.metadata.dirs instead.
2019-10-04 19:32:40,965 [main] WARN  server.ServerUtils (ServerUtils.java:getDBPath(222)) - ozone.om.db.dirs is not configured. We recommend adding this setting. Falling back to ozone.metadata.dirs instead.
2019-10-04 19:32:40,972 [main] WARN  server.ServerUtils (ServerUtils.java:getDBPath(222)) - ozone.om.db.dirs is not configured. We recommend adding this setting. Falling back to ozone.metadata.dirs instead.
2019-10-04 19:32:40,973 [main] INFO  db.DBStoreBuilder (DBStoreBuilder.java:addTable(117)) - using custom profile for table: userTable
2019-10-04 19:32:40,973 [main] INFO  db.DBStoreBuilder (DBStoreBuilder.java:processTables(168)) - Using default column profile:DBProfile.DISK for Table:userTable
2019-10-04 19:32:40,973 [main] INFO  db.DBStoreBuilder (DBStoreBuilder.java:addTable(117)) - using custom profile for table: volumeTable
2019-10-04 19:32:40,973 [main] INFO  db.DBStoreBuilder (DBStoreBuilder.java:processTables(168)) - Using default column profile:DBProfile.DISK for Table:volumeTable
2019-10-04 19:32:40,974 [main] INFO  db.DBStoreBuilder (DBStoreBuilder.java:addTable(117)) - using custom profile for table: bucketTable
2019-10-04 19:32:40,974 [main] INFO  db.DBStoreBuilder (DBStoreBuilder.java:processTables(168)) - Using default column profile:DBProfile.DISK for Table:bucketTable
2019-10-04 19:32:40,974 [main] INFO  db.DBStoreBuilder (DBStoreBuilder.java:addTable(117)) - using custom profile for table: keyTable
2019-10-04 19:32:40,974 [main] INFO  db.DBStoreBuilder (DBStoreBuilder.java:processTables(168)) - Using default column profile:DBProfile.DISK for Table:keyTable
2019-10-04 19:32:40,975 [main] INFO  db.DBStoreBuilder (DBStoreBuilder.java:addTable(117)) - using custom profile for table: deletedTable
2019-10-04 19:32:40,975 [main] INFO  db.DBStoreBuilder (DBStoreBuilder.java:processTables(168)) - Using default column profile:DBProfile.DISK for Table:deletedTable
2019-10-04 19:32:40,975 [main] INFO  db.DBStoreBuilder (DBStoreBuilder.java:addTable(117)) - using custom profile for table: openKeyTable
2019-10-04 19:32:40,975 [main] INFO  db.DBStoreBuilder (DBStoreBuilder.java:processTables(168)) - Using default column profile:DBProfile.DISK for Table:openKeyTable
2019-10-04 19:32:40,975 [main] INFO  db.DBStoreBuilder (DBStoreBuilder.java:addTable(117)) - using custom profile for table: s3Table
2019-10-04 19:32:40,976 [main] INFO  db.DBStoreBuilder (DBStoreBuilder.java:processTables(168)) - Using default column profile:DBProfile.DISK for Table:s3Table
2019-10-04 19:32:40,976 [main] INFO  db.DBStoreBuilder (DBStoreBuilder.java:addTable(117)) - using custom profile for table: multipartInfoTable
2019-10-04 19:32:40,976 [main] INFO  db.DBStoreBuilder (DBStoreBuilder.java:processTables(168)) - Using default column profile:DBProfile.DISK for Table:multipartInfoTable
2019-10-04 19:32:40,976 [main] INFO  db.DBStoreBuilder (DBStoreBuilder.java:addTable(117)) - using custom profile for table: dTokenTable
2019-10-04 19:32:40,976 [main] INFO  db.DBStoreBuilder (DBStoreBuilder.java:processTables(168)) - Using default column profile:DBProfile.DISK for Table:dTokenTable
2019-10-04 19:32:40,976 [main] INFO  db.DBStoreBuilder (DBStoreBuilder.java:addTable(117)) - using custom profile for table: s3SecretTable
2019-10-04 19:32:40,977 [main] INFO  db.DBStoreBuilder (DBStoreBuilder.java:processTables(168)) - Using default column profile:DBProfile.DISK for Table:s3SecretTable
2019-10-04 19:32:40,977 [main] INFO  db.DBStoreBuilder (DBStoreBuilder.java:addTable(117)) - using custom profile for table: prefixTable
2019-10-04 19:32:40,977 [main] INFO  db.DBStoreBuilder (DBStoreBuilder.java:processTables(168)) - Using default column profile:DBProfile.DISK for Table:prefixTable
2019-10-04 19:32:40,977 [main] INFO  db.DBStoreBuilder (DBStoreBuilder.java:addTable(117)) - using custom profile for table: default
2019-10-04 19:32:40,977 [main] INFO  db.DBStoreBuilder (DBStoreBuilder.java:processTables(174)) - Using default column profile:DBProfile.DISK for Table:default
2019-10-04 19:32:40,978 [main] INFO  db.DBStoreBuilder (DBStoreBuilder.java:getDbProfile(205)) - Using default options. DBProfile.DISK
2019-10-04 19:32:41,885 [main] INFO  ipc.CallQueueManager (CallQueueManager.java:<init>(84)) - Using callQueue: class java.util.concurrent.LinkedBlockingQueue, queueCapacity: 2000, scheduler: class org.apache.hadoop.ipc.DefaultRpcScheduler, ipcBackoff: false.
2019-10-04 19:32:41,886 [Socket Reader #1 for port 33195] INFO  ipc.Server (Server.java:run(1074)) - Starting Socket Reader #1 for port 33195
2019-10-04 19:32:41,915 [main] INFO  om.OzoneManager (OzoneManager.java:start(1069)) - OzoneManager RPC server is listening at localhost/127.0.0.1:33195
2019-10-04 19:32:41,916 [main] INFO  impl.MetricsSystemImpl (MetricsSystemImpl.java:init(158)) - OzoneManager metrics system started (again)
2019-10-04 19:32:41,917 [IPC Server Responder] INFO  ipc.Server (Server.java:run(1314)) - IPC Server Responder: starting
2019-10-04 19:32:41,918 [IPC Server listener on 33195] INFO  ipc.Server (Server.java:run(1153)) - IPC Server listener on 33195: starting
2019-10-04 19:32:41,923 [main] INFO  hdfs.DFSUtil (DFSUtil.java:httpServerTemplateForNNAndJN(1641)) - Starting Web-server for ozoneManager at: http://0.0.0.0:0
2019-10-04 19:32:41,924 [main] INFO  server.AuthenticationFilter (AuthenticationFilter.java:constructSecretProvider(240)) - Unable to initialize FileSignerSecretProvider, falling back to use random secrets.
2019-10-04 19:32:41,925 [main] WARN  http.HttpRequestLog (HttpRequestLog.java:getRequestLog(97)) - Jetty request log can only be enabled using Log4j
2019-10-04 19:32:41,927 [main] INFO  http.HttpServer2 (HttpServer2.java:addGlobalFilter(975)) - Added global filter 'safety' (class=org.apache.hadoop.http.HttpServer2$QuotingInputFilter)
2019-10-04 19:32:41,928 [main] INFO  http.HttpServer2 (HttpServer2.java:addFilter(948)) - Added filter static_user_filter (class=org.apache.hadoop.http.lib.StaticUserWebFilter$StaticUserFilter) to context ozoneManager
2019-10-04 19:32:41,928 [main] INFO  http.HttpServer2 (HttpServer2.java:addFilter(958)) - Added filter static_user_filter (class=org.apache.hadoop.http.lib.StaticUserWebFilter$StaticUserFilter) to context static
2019-10-04 19:32:41,928 [main] INFO  http.HttpServer2 (HttpServer2.java:addFilter(958)) - Added filter static_user_filter (class=org.apache.hadoop.http.lib.StaticUserWebFilter$StaticUserFilter) to context logs
2019-10-04 19:32:41,929 [main] INFO  http.HttpServer2 (HttpServer2.java:bindListener(1191)) - Jetty bound to port 35158
2019-10-04 19:32:41,929 [main] INFO  server.Server (Server.java:doStart(351)) - jetty-9.3.25.v20180904, build timestamp: 2018-09-04T21:11:46Z, git hash: 3ce520221d0240229c862b122d2b06c12a625732
2019-10-04 19:32:41,931 [main] INFO  handler.ContextHandler (ContextHandler.java:doStart(781)) - Started o.e.j.s.ServletContextHandler@77fa9381{/logs,file:///workdir/hadoop-ozone/integration-test/target/log,AVAILABLE}
2019-10-04 19:32:41,932 [main] INFO  handler.ContextHandler (ContextHandler.java:doStart(781)) - Started o.e.j.s.ServletContextHandler@7cac93fe{/static,file:///workdir/hadoop-ozone/integration-test/target/test-classes/webapps/static,AVAILABLE}
2019-10-04 19:32:41,937 [main] INFO  handler.ContextHandler (ContextHandler.java:doStart(781)) - Started o.e.j.w.WebAppContext@55fee662{/,file:///workdir/hadoop-ozone/integration-test/target/test-classes/webapps/ozoneManager/,AVAILABLE}{/ozoneManager}
2019-10-04 19:32:41,937 [main] INFO  server.AbstractConnector (AbstractConnector.java:doStart(278)) - Started ServerConnector@54089484{HTTP/1.1,[http/1.1]}{0.0.0.0:35158}
2019-10-04 19:32:41,938 [main] INFO  server.Server (Server.java:doStart(419)) - Started @43393ms
2019-10-04 19:32:41,939 [main] WARN  impl.MetricsSystemImpl (MetricsSystemImpl.java:register(276)) - Sink prometheus already exists!
2019-10-04 19:32:41,939 [main] INFO  server.BaseHttpServer (BaseHttpServer.java:updateConnectorAddress(215)) - HTTP server of OZONEMANAGER is listening at http://0.0.0.0:35158
2019-10-04 19:32:41,959 [main] INFO  impl.MetricsSystemImpl (MetricsSystemImpl.java:init(158)) - HddsDatanode metrics system started (again)
2019-10-04 19:32:41,962 [main] INFO  ozone.HddsDatanodeService (HddsDatanodeService.java:start(184)) - HddsDatanodeService host:pr-hdds-2239-ctfdh-543981580 ip:192.168.30.33
2019-10-04 19:32:41,967 [main] INFO  volume.HddsVolume (HddsVolume.java:<init>(176)) - Creating Volume: /workdir/hadoop-ozone/integration-test/target/test-dir/MiniOzoneClusterImpl-0502f5f3-ae85-49d0-a1df-b910b6e75f44/datanode-0/data/containers/hdds of  storage type : DISK and capacity : 1482555576320
2019-10-04 19:32:41,968 [main] INFO  volume.VolumeSet (VolumeSet.java:initializeVolumeSet(170)) - Added Volume : /workdir/hadoop-ozone/integration-test/target/test-dir/MiniOzoneClusterImpl-0502f5f3-ae85-49d0-a1df-b910b6e75f44/datanode-0/data/containers/hdds to VolumeSet
2019-10-04 19:32:41,968 [main] INFO  volume.ThrottledAsyncChecker (ThrottledAsyncChecker.java:schedule(139)) - Scheduling a check for org.apache.hadoop.ozone.container.common.volume.HddsVolume@46039a21
2019-10-04 19:32:41,969 [main] INFO  volume.HddsVolumeChecker (HddsVolumeChecker.java:checkAllVolumes(202)) - Scheduled health check for volume org.apache.hadoop.ozone.container.common.volume.HddsVolume@46039a21
2019-10-04 19:32:41,985 [main] INFO  impl.RaftServerProxy (ConfUtils.java:logGet(43)) - raft.rpc.type = GRPC (default)
2019-10-04 19:32:41,985 [main] INFO  grpc.GrpcFactory (GrpcFactory.java:checkPooledByteBufAllocatorUseCacheForAllThreads(45)) - PERFORMANCE WARNING: useCacheForAllThreads is true that may cause Netty to create a lot garbage objects and, as a result, trigger GC.
	It is recommended to disable useCacheForAllThreads by setting -Dorg.apache.ratis.thirdparty.io.netty.allocator.useCacheForAllThreads=false in command line.
2019-10-04 19:32:41,985 [main] INFO  grpc.GrpcConfigKeys$Server (ConfUtils.java:logGet(43)) - raft.grpc.server.port = 0 (default)
2019-10-04 19:32:41,985 [main] INFO  server.GrpcService (ConfUtils.java:logGet(43)) - raft.grpc.message.size.max = 33570816 (custom)
2019-10-04 19:32:41,986 [main] INFO  server.RaftServerConfigKeys (ConfUtils.java:logGet(43)) - raft.server.log.appender.buffer.byte-limit = 33554432 (custom)
2019-10-04 19:32:41,986 [main] INFO  server.GrpcService (ConfUtils.java:logGet(43)) - raft.grpc.flow.control.window = 1MB (=1048576) (default)
2019-10-04 19:32:41,986 [main] INFO  server.RaftServerConfigKeys (ConfUtils.java:logGet(43)) - raft.server.rpc.request.timeout = 3000ms (default)
2019-10-04 19:32:41,987 [main] INFO  server.RaftServerConfigKeys (ConfUtils.java:logGet(43)) - raft.server.storage.dir = [/workdir/hadoop-ozone/integration-test/target/test-dir/MiniOzoneClusterImpl-0502f5f3-ae85-49d0-a1df-b910b6e75f44/datanode-0/data/ratis] (custom)
2019-10-04 19:32:41,989 [main] INFO  hdfs.DFSUtil (DFSUtil.java:httpServerTemplateForNNAndJN(1641)) - Starting Web-server for hddsDatanode at: http://0.0.0.0:0
2019-10-04 19:32:41,991 [main] INFO  server.AuthenticationFilter (AuthenticationFilter.java:constructSecretProvider(240)) - Unable to initialize FileSignerSecretProvider, falling back to use random secrets.
2019-10-04 19:32:41,991 [main] WARN  http.HttpRequestLog (HttpRequestLog.java:getRequestLog(97)) - Jetty request log can only be enabled using Log4j
2019-10-04 19:32:41,992 [main] INFO  http.HttpServer2 (HttpServer2.java:addGlobalFilter(975)) - Added global filter 'safety' (class=org.apache.hadoop.http.HttpServer2$QuotingInputFilter)
2019-10-04 19:32:41,993 [main] INFO  http.HttpServer2 (HttpServer2.java:addFilter(948)) - Added filter static_user_filter (class=org.apache.hadoop.http.lib.StaticUserWebFilter$StaticUserFilter) to context hddsDatanode
2019-10-04 19:32:41,993 [main] INFO  http.HttpServer2 (HttpServer2.java:addFilter(958)) - Added filter static_user_filter (class=org.apache.hadoop.http.lib.StaticUserWebFilter$StaticUserFilter) to context logs
2019-10-04 19:32:41,993 [main] INFO  http.HttpServer2 (HttpServer2.java:addFilter(958)) - Added filter static_user_filter (class=org.apache.hadoop.http.lib.StaticUserWebFilter$StaticUserFilter) to context static
2019-10-04 19:32:41,994 [main] INFO  http.HttpServer2 (HttpServer2.java:bindListener(1191)) - Jetty bound to port 42705
2019-10-04 19:32:41,994 [main] INFO  server.Server (Server.java:doStart(351)) - jetty-9.3.25.v20180904, build timestamp: 2018-09-04T21:11:46Z, git hash: 3ce520221d0240229c862b122d2b06c12a625732
2019-10-04 19:32:41,996 [main] INFO  handler.ContextHandler (ContextHandler.java:doStart(781)) - Started o.e.j.s.ServletContextHandler@17e9bc9e{/logs,file:///workdir/hadoop-ozone/integration-test/target/log,AVAILABLE}
2019-10-04 19:32:41,996 [main] INFO  handler.ContextHandler (ContextHandler.java:doStart(781)) - Started o.e.j.s.ServletContextHandler@4130955c{/static,jar:file:/home/user/.m2/repository/org/apache/hadoop/hadoop-hdds-container-service/0.5.0-SNAPSHOT/hadoop-hdds-container-service-0.5.0-SNAPSHOT.jar!/webapps/static,AVAILABLE}
2019-10-04 19:32:42,023 [main] INFO  handler.ContextHandler (ContextHandler.java:doStart(781)) - Started o.e.j.w.WebAppContext@1c3259fa{/,file:///tmp/jetty-0.0.0.0-42705-hddsDatanode-_-any-3820716693918173848.dir/webapp/,AVAILABLE}{/hddsDatanode}
2019-10-04 19:32:42,024 [main] INFO  server.AbstractConnector (AbstractConnector.java:doStart(278)) - Started ServerConnector@217bf99e{HTTP/1.1,[http/1.1]}{0.0.0.0:42705}
2019-10-04 19:32:42,025 [main] INFO  server.Server (Server.java:doStart(419)) - Started @43480ms
2019-10-04 19:32:42,025 [main] WARN  impl.MetricsSystemImpl (MetricsSystemImpl.java:register(276)) - Sink prometheus already exists!
2019-10-04 19:32:42,025 [main] INFO  server.BaseHttpServer (BaseHttpServer.java:updateConnectorAddress(215)) - HTTP server of HDDSDATANODE is listening at http://0.0.0.0:42705
2019-10-04 19:32:42,026 [main] INFO  impl.MetricsSystemImpl (MetricsSystemImpl.java:init(158)) - HddsDatanode metrics system started (again)
2019-10-04 19:32:42,029 [org.apache.hadoop.util.JvmPauseMonitor$Monitor@4cd18512] INFO  util.JvmPauseMonitor (JvmPauseMonitor.java:run(188)) - Starting JVM pause monitor
2019-10-04 19:32:42,030 [main] INFO  ozone.HddsDatanodeService (HddsDatanodeService.java:start(184)) - HddsDatanodeService host:pr-hdds-2239-ctfdh-543981580 ip:192.168.30.33
2019-10-04 19:32:42,031 [Datanode State Machine Thread - 0] INFO  datanode.InitDatanodeState (InitDatanodeState.java:persistContainerDatanodeDetails(140)) - DatanodeDetails is persisted to /workdir/hadoop-ozone/integration-test/target/test-dir/MiniOzoneClusterImpl-0502f5f3-ae85-49d0-a1df-b910b6e75f44/datanode-0/meta/datanode.id
2019-10-04 19:32:42,035 [main] INFO  volume.HddsVolume (HddsVolume.java:<init>(176)) - Creating Volume: /workdir/hadoop-ozone/integration-test/target/test-dir/MiniOzoneClusterImpl-0502f5f3-ae85-49d0-a1df-b910b6e75f44/datanode-1/data/containers/hdds of  storage type : DISK and capacity : 1482555576320
2019-10-04 19:32:42,036 [main] INFO  volume.VolumeSet (VolumeSet.java:initializeVolumeSet(170)) - Added Volume : /workdir/hadoop-ozone/integration-test/target/test-dir/MiniOzoneClusterImpl-0502f5f3-ae85-49d0-a1df-b910b6e75f44/datanode-1/data/containers/hdds to VolumeSet
2019-10-04 19:32:42,036 [main] INFO  volume.ThrottledAsyncChecker (ThrottledAsyncChecker.java:schedule(139)) - Scheduling a check for org.apache.hadoop.ozone.container.common.volume.HddsVolume@58fbd02e
2019-10-04 19:32:42,038 [main] INFO  volume.HddsVolumeChecker (HddsVolumeChecker.java:checkAllVolumes(202)) - Scheduled health check for volume org.apache.hadoop.ozone.container.common.volume.HddsVolume@58fbd02e
2019-10-04 19:32:42,056 [main] INFO  impl.RaftServerProxy (ConfUtils.java:logGet(43)) - raft.rpc.type = GRPC (default)
2019-10-04 19:32:42,056 [main] INFO  grpc.GrpcFactory (GrpcFactory.java:checkPooledByteBufAllocatorUseCacheForAllThreads(45)) - PERFORMANCE WARNING: useCacheForAllThreads is true that may cause Netty to create a lot garbage objects and, as a result, trigger GC.
	It is recommended to disable useCacheForAllThreads by setting -Dorg.apache.ratis.thirdparty.io.netty.allocator.useCacheForAllThreads=false in command line.
2019-10-04 19:32:42,056 [main] INFO  grpc.GrpcConfigKeys$Server (ConfUtils.java:logGet(43)) - raft.grpc.server.port = 0 (default)
2019-10-04 19:32:42,057 [main] INFO  server.GrpcService (ConfUtils.java:logGet(43)) - raft.grpc.message.size.max = 33570816 (custom)
2019-10-04 19:32:42,057 [main] INFO  server.RaftServerConfigKeys (ConfUtils.java:logGet(43)) - raft.server.log.appender.buffer.byte-limit = 33554432 (custom)
2019-10-04 19:32:42,057 [main] INFO  server.GrpcService (ConfUtils.java:logGet(43)) - raft.grpc.flow.control.window = 1MB (=1048576) (default)
2019-10-04 19:32:42,057 [main] INFO  server.RaftServerConfigKeys (ConfUtils.java:logGet(43)) - raft.server.rpc.request.timeout = 3000ms (default)
2019-10-04 19:32:42,058 [main] INFO  server.RaftServerConfigKeys (ConfUtils.java:logGet(43)) - raft.server.storage.dir = [/workdir/hadoop-ozone/integration-test/target/test-dir/MiniOzoneClusterImpl-0502f5f3-ae85-49d0-a1df-b910b6e75f44/datanode-1/data/ratis] (custom)
2019-10-04 19:32:42,059 [main] INFO  hdfs.DFSUtil (DFSUtil.java:httpServerTemplateForNNAndJN(1641)) - Starting Web-server for hddsDatanode at: http://0.0.0.0:0
2019-10-04 19:32:42,060 [main] INFO  server.AuthenticationFilter (AuthenticationFilter.java:constructSecretProvider(240)) - Unable to initialize FileSignerSecretProvider, falling back to use random secrets.
2019-10-04 19:32:42,061 [main] WARN  http.HttpRequestLog (HttpRequestLog.java:getRequestLog(97)) - Jetty request log can only be enabled using Log4j
2019-10-04 19:32:42,062 [main] INFO  http.HttpServer2 (HttpServer2.java:addGlobalFilter(975)) - Added global filter 'safety' (class=org.apache.hadoop.http.HttpServer2$QuotingInputFilter)
2019-10-04 19:32:42,063 [main] INFO  http.HttpServer2 (HttpServer2.java:addFilter(948)) - Added filter static_user_filter (class=org.apache.hadoop.http.lib.StaticUserWebFilter$StaticUserFilter) to context hddsDatanode
2019-10-04 19:32:42,063 [main] INFO  http.HttpServer2 (HttpServer2.java:addFilter(958)) - Added filter static_user_filter (class=org.apache.hadoop.http.lib.StaticUserWebFilter$StaticUserFilter) to context logs
2019-10-04 19:32:42,063 [main] INFO  http.HttpServer2 (HttpServer2.java:addFilter(958)) - Added filter static_user_filter (class=org.apache.hadoop.http.lib.StaticUserWebFilter$StaticUserFilter) to context static
2019-10-04 19:32:42,064 [main] INFO  http.HttpServer2 (HttpServer2.java:bindListener(1191)) - Jetty bound to port 35531
2019-10-04 19:32:42,064 [main] INFO  server.Server (Server.java:doStart(351)) - jetty-9.3.25.v20180904, build timestamp: 2018-09-04T21:11:46Z, git hash: 3ce520221d0240229c862b122d2b06c12a625732
2019-10-04 19:32:42,066 [main] INFO  handler.ContextHandler (ContextHandler.java:doStart(781)) - Started o.e.j.s.ServletContextHandler@65a9ea3c{/logs,file:///workdir/hadoop-ozone/integration-test/target/log,AVAILABLE}
2019-10-04 19:32:42,066 [main] INFO  handler.ContextHandler (ContextHandler.java:doStart(781)) - Started o.e.j.s.ServletContextHandler@46911148{/static,jar:file:/home/user/.m2/repository/org/apache/hadoop/hadoop-hdds-container-service/0.5.0-SNAPSHOT/hadoop-hdds-container-service-0.5.0-SNAPSHOT.jar!/webapps/static,AVAILABLE}
2019-10-04 19:32:42,096 [main] INFO  handler.ContextHandler (ContextHandler.java:doStart(781)) - Started o.e.j.w.WebAppContext@7b61bf11{/,file:///tmp/jetty-0.0.0.0-35531-hddsDatanode-_-any-7405099474850936233.dir/webapp/,AVAILABLE}{/hddsDatanode}
2019-10-04 19:32:42,097 [main] INFO  server.AbstractConnector (AbstractConnector.java:doStart(278)) - Started ServerConnector@40247d48{HTTP/1.1,[http/1.1]}{0.0.0.0:35531}
2019-10-04 19:32:42,098 [main] INFO  server.Server (Server.java:doStart(419)) - Started @43553ms
2019-10-04 19:32:42,099 [main] WARN  impl.MetricsSystemImpl (MetricsSystemImpl.java:register(276)) - Sink prometheus already exists!
2019-10-04 19:32:42,099 [main] INFO  server.BaseHttpServer (BaseHttpServer.java:updateConnectorAddress(215)) - HTTP server of HDDSDATANODE is listening at http://0.0.0.0:35531
2019-10-04 19:32:42,099 [main] INFO  impl.MetricsSystemImpl (MetricsSystemImpl.java:init(158)) - HddsDatanode metrics system started (again)
2019-10-04 19:32:42,103 [org.apache.hadoop.util.JvmPauseMonitor$Monitor@3f56316e] INFO  util.JvmPauseMonitor (JvmPauseMonitor.java:run(188)) - Starting JVM pause monitor
2019-10-04 19:32:42,104 [main] INFO  ozone.HddsDatanodeService (HddsDatanodeService.java:start(184)) - HddsDatanodeService host:pr-hdds-2239-ctfdh-543981580 ip:192.168.30.33
2019-10-04 19:32:42,105 [Datanode State Machine Thread - 0] INFO  datanode.InitDatanodeState (InitDatanodeState.java:persistContainerDatanodeDetails(140)) - DatanodeDetails is persisted to /workdir/hadoop-ozone/integration-test/target/test-dir/MiniOzoneClusterImpl-0502f5f3-ae85-49d0-a1df-b910b6e75f44/datanode-1/meta/datanode.id
2019-10-04 19:32:42,109 [main] INFO  volume.HddsVolume (HddsVolume.java:<init>(176)) - Creating Volume: /workdir/hadoop-ozone/integration-test/target/test-dir/MiniOzoneClusterImpl-0502f5f3-ae85-49d0-a1df-b910b6e75f44/datanode-2/data/containers/hdds of  storage type : DISK and capacity : 1482555576320
2019-10-04 19:32:42,110 [main] INFO  volume.VolumeSet (VolumeSet.java:initializeVolumeSet(170)) - Added Volume : /workdir/hadoop-ozone/integration-test/target/test-dir/MiniOzoneClusterImpl-0502f5f3-ae85-49d0-a1df-b910b6e75f44/datanode-2/data/containers/hdds to VolumeSet
2019-10-04 19:32:42,110 [main] INFO  volume.ThrottledAsyncChecker (ThrottledAsyncChecker.java:schedule(139)) - Scheduling a check for org.apache.hadoop.ozone.container.common.volume.HddsVolume@29c17c3d
2019-10-04 19:32:42,110 [main] INFO  volume.HddsVolumeChecker (HddsVolumeChecker.java:checkAllVolumes(202)) - Scheduled health check for volume org.apache.hadoop.ozone.container.common.volume.HddsVolume@29c17c3d
2019-10-04 19:32:42,123 [main] INFO  impl.RaftServerProxy (ConfUtils.java:logGet(43)) - raft.rpc.type = GRPC (default)
2019-10-04 19:32:42,123 [main] INFO  grpc.GrpcFactory (GrpcFactory.java:checkPooledByteBufAllocatorUseCacheForAllThreads(45)) - PERFORMANCE WARNING: useCacheForAllThreads is true that may cause Netty to create a lot garbage objects and, as a result, trigger GC.
	It is recommended to disable useCacheForAllThreads by setting -Dorg.apache.ratis.thirdparty.io.netty.allocator.useCacheForAllThreads=false in command line.
2019-10-04 19:32:42,123 [main] INFO  grpc.GrpcConfigKeys$Server (ConfUtils.java:logGet(43)) - raft.grpc.server.port = 0 (default)
2019-10-04 19:32:42,124 [main] INFO  server.GrpcService (ConfUtils.java:logGet(43)) - raft.grpc.message.size.max = 33570816 (custom)
2019-10-04 19:32:42,124 [main] INFO  server.RaftServerConfigKeys (ConfUtils.java:logGet(43)) - raft.server.log.appender.buffer.byte-limit = 33554432 (custom)
2019-10-04 19:32:42,124 [main] INFO  server.GrpcService (ConfUtils.java:logGet(43)) - raft.grpc.flow.control.window = 1MB (=1048576) (default)
2019-10-04 19:32:42,124 [main] INFO  server.RaftServerConfigKeys (ConfUtils.java:logGet(43)) - raft.server.rpc.request.timeout = 3000ms (default)
2019-10-04 19:32:42,125 [main] INFO  server.RaftServerConfigKeys (ConfUtils.java:logGet(43)) - raft.server.storage.dir = [/workdir/hadoop-ozone/integration-test/target/test-dir/MiniOzoneClusterImpl-0502f5f3-ae85-49d0-a1df-b910b6e75f44/datanode-2/data/ratis] (custom)
2019-10-04 19:32:42,126 [main] INFO  hdfs.DFSUtil (DFSUtil.java:httpServerTemplateForNNAndJN(1641)) - Starting Web-server for hddsDatanode at: http://0.0.0.0:0
2019-10-04 19:32:42,127 [main] INFO  server.AuthenticationFilter (AuthenticationFilter.java:constructSecretProvider(240)) - Unable to initialize FileSignerSecretProvider, falling back to use random secrets.
2019-10-04 19:32:42,127 [main] WARN  http.HttpRequestLog (HttpRequestLog.java:getRequestLog(97)) - Jetty request log can only be enabled using Log4j
2019-10-04 19:32:42,129 [main] INFO  http.HttpServer2 (HttpServer2.java:addGlobalFilter(975)) - Added global filter 'safety' (class=org.apache.hadoop.http.HttpServer2$QuotingInputFilter)
2019-10-04 19:32:42,130 [main] INFO  http.HttpServer2 (HttpServer2.java:addFilter(948)) - Added filter static_user_filter (class=org.apache.hadoop.http.lib.StaticUserWebFilter$StaticUserFilter) to context hddsDatanode
2019-10-04 19:32:42,130 [main] INFO  http.HttpServer2 (HttpServer2.java:addFilter(958)) - Added filter static_user_filter (class=org.apache.hadoop.http.lib.StaticUserWebFilter$StaticUserFilter) to context static
2019-10-04 19:32:42,131 [main] INFO  http.HttpServer2 (HttpServer2.java:addFilter(958)) - Added filter static_user_filter (class=org.apache.hadoop.http.lib.StaticUserWebFilter$StaticUserFilter) to context logs
2019-10-04 19:32:42,131 [main] INFO  http.HttpServer2 (HttpServer2.java:bindListener(1191)) - Jetty bound to port 41663
2019-10-04 19:32:42,131 [main] INFO  server.Server (Server.java:doStart(351)) - jetty-9.3.25.v20180904, build timestamp: 2018-09-04T21:11:46Z, git hash: 3ce520221d0240229c862b122d2b06c12a625732
2019-10-04 19:32:42,133 [main] INFO  handler.ContextHandler (ContextHandler.java:doStart(781)) - Started o.e.j.s.ServletContextHandler@6088451e{/logs,file:///workdir/hadoop-ozone/integration-test/target/log,AVAILABLE}
2019-10-04 19:32:42,133 [main] INFO  handler.ContextHandler (ContextHandler.java:doStart(781)) - Started o.e.j.s.ServletContextHandler@2f10f633{/static,jar:file:/home/user/.m2/repository/org/apache/hadoop/hadoop-hdds-container-service/0.5.0-SNAPSHOT/hadoop-hdds-container-service-0.5.0-SNAPSHOT.jar!/webapps/static,AVAILABLE}
2019-10-04 19:32:42,163 [main] INFO  handler.ContextHandler (ContextHandler.java:doStart(781)) - Started o.e.j.w.WebAppContext@3f6bf8aa{/,file:///tmp/jetty-0.0.0.0-41663-hddsDatanode-_-any-9119079669949518672.dir/webapp/,AVAILABLE}{/hddsDatanode}
2019-10-04 19:32:42,164 [main] INFO  server.AbstractConnector (AbstractConnector.java:doStart(278)) - Started ServerConnector@13c8ac77{HTTP/1.1,[http/1.1]}{0.0.0.0:41663}
2019-10-04 19:32:42,164 [main] INFO  server.Server (Server.java:doStart(419)) - Started @43619ms
2019-10-04 19:32:42,164 [main] WARN  impl.MetricsSystemImpl (MetricsSystemImpl.java:register(276)) - Sink prometheus already exists!
2019-10-04 19:32:42,165 [main] INFO  server.BaseHttpServer (BaseHttpServer.java:updateConnectorAddress(215)) - HTTP server of HDDSDATANODE is listening at http://0.0.0.0:41663
2019-10-04 19:32:42,165 [main] INFO  impl.MetricsSystemImpl (MetricsSystemImpl.java:init(158)) - HddsDatanode metrics system started (again)
2019-10-04 19:32:42,169 [org.apache.hadoop.util.JvmPauseMonitor$Monitor@4b00094a] INFO  util.JvmPauseMonitor (JvmPauseMonitor.java:run(188)) - Starting JVM pause monitor
2019-10-04 19:32:42,169 [main] INFO  ozone.HddsDatanodeService (HddsDatanodeService.java:start(184)) - HddsDatanodeService host:pr-hdds-2239-ctfdh-543981580 ip:192.168.30.33
2019-10-04 19:32:42,170 [Datanode State Machine Thread - 0] INFO  datanode.InitDatanodeState (InitDatanodeState.java:persistContainerDatanodeDetails(140)) - DatanodeDetails is persisted to /workdir/hadoop-ozone/integration-test/target/test-dir/MiniOzoneClusterImpl-0502f5f3-ae85-49d0-a1df-b910b6e75f44/datanode-2/meta/datanode.id
2019-10-04 19:32:42,174 [main] INFO  volume.HddsVolume (HddsVolume.java:<init>(176)) - Creating Volume: /workdir/hadoop-ozone/integration-test/target/test-dir/MiniOzoneClusterImpl-0502f5f3-ae85-49d0-a1df-b910b6e75f44/datanode-3/data/containers/hdds of  storage type : DISK and capacity : 1482555576320
2019-10-04 19:32:42,175 [main] INFO  volume.VolumeSet (VolumeSet.java:initializeVolumeSet(170)) - Added Volume : /workdir/hadoop-ozone/integration-test/target/test-dir/MiniOzoneClusterImpl-0502f5f3-ae85-49d0-a1df-b910b6e75f44/datanode-3/data/containers/hdds to VolumeSet
2019-10-04 19:32:42,175 [main] INFO  volume.ThrottledAsyncChecker (ThrottledAsyncChecker.java:schedule(139)) - Scheduling a check for org.apache.hadoop.ozone.container.common.volume.HddsVolume@7885776b
2019-10-04 19:32:42,175 [main] INFO  volume.HddsVolumeChecker (HddsVolumeChecker.java:checkAllVolumes(202)) - Scheduled health check for volume org.apache.hadoop.ozone.container.common.volume.HddsVolume@7885776b
2019-10-04 19:32:42,192 [main] INFO  impl.RaftServerProxy (ConfUtils.java:logGet(43)) - raft.rpc.type = GRPC (default)
2019-10-04 19:32:42,192 [main] INFO  grpc.GrpcFactory (GrpcFactory.java:checkPooledByteBufAllocatorUseCacheForAllThreads(45)) - PERFORMANCE WARNING: useCacheForAllThreads is true that may cause Netty to create a lot garbage objects and, as a result, trigger GC.
	It is recommended to disable useCacheForAllThreads by setting -Dorg.apache.ratis.thirdparty.io.netty.allocator.useCacheForAllThreads=false in command line.
2019-10-04 19:32:42,192 [main] INFO  grpc.GrpcConfigKeys$Server (ConfUtils.java:logGet(43)) - raft.grpc.server.port = 0 (default)
2019-10-04 19:32:42,192 [main] INFO  server.GrpcService (ConfUtils.java:logGet(43)) - raft.grpc.message.size.max = 33570816 (custom)
2019-10-04 19:32:42,193 [main] INFO  server.RaftServerConfigKeys (ConfUtils.java:logGet(43)) - raft.server.log.appender.buffer.byte-limit = 33554432 (custom)
2019-10-04 19:32:42,193 [main] INFO  server.GrpcService (ConfUtils.java:logGet(43)) - raft.grpc.flow.control.window = 1MB (=1048576) (default)
2019-10-04 19:32:42,193 [main] INFO  server.RaftServerConfigKeys (ConfUtils.java:logGet(43)) - raft.server.rpc.request.timeout = 3000ms (default)
2019-10-04 19:32:42,193 [main] INFO  server.RaftServerConfigKeys (ConfUtils.java:logGet(43)) - raft.server.storage.dir = [/workdir/hadoop-ozone/integration-test/target/test-dir/MiniOzoneClusterImpl-0502f5f3-ae85-49d0-a1df-b910b6e75f44/datanode-3/data/ratis] (custom)
2019-10-04 19:32:42,194 [main] INFO  hdfs.DFSUtil (DFSUtil.java:httpServerTemplateForNNAndJN(1641)) - Starting Web-server for hddsDatanode at: http://0.0.0.0:0
2019-10-04 19:32:42,195 [main] INFO  server.AuthenticationFilter (AuthenticationFilter.java:constructSecretProvider(240)) - Unable to initialize FileSignerSecretProvider, falling back to use random secrets.
2019-10-04 19:32:42,196 [main] WARN  http.HttpRequestLog (HttpRequestLog.java:getRequestLog(97)) - Jetty request log can only be enabled using Log4j
2019-10-04 19:32:42,197 [main] INFO  http.HttpServer2 (HttpServer2.java:addGlobalFilter(975)) - Added global filter 'safety' (class=org.apache.hadoop.http.HttpServer2$QuotingInputFilter)
2019-10-04 19:32:42,198 [main] INFO  http.HttpServer2 (HttpServer2.java:addFilter(948)) - Added filter static_user_filter (class=org.apache.hadoop.http.lib.StaticUserWebFilter$StaticUserFilter) to context hddsDatanode
2019-10-04 19:32:42,198 [main] INFO  http.HttpServer2 (HttpServer2.java:addFilter(958)) - Added filter static_user_filter (class=org.apache.hadoop.http.lib.StaticUserWebFilter$StaticUserFilter) to context logs
2019-10-04 19:32:42,198 [main] INFO  http.HttpServer2 (HttpServer2.java:addFilter(958)) - Added filter static_user_filter (class=org.apache.hadoop.http.lib.StaticUserWebFilter$StaticUserFilter) to context static
2019-10-04 19:32:42,198 [main] INFO  http.HttpServer2 (HttpServer2.java:bindListener(1191)) - Jetty bound to port 44632
2019-10-04 19:32:42,199 [main] INFO  server.Server (Server.java:doStart(351)) - jetty-9.3.25.v20180904, build timestamp: 2018-09-04T21:11:46Z, git hash: 3ce520221d0240229c862b122d2b06c12a625732
2019-10-04 19:32:42,200 [main] INFO  handler.ContextHandler (ContextHandler.java:doStart(781)) - Started o.e.j.s.ServletContextHandler@6af90849{/logs,file:///workdir/hadoop-ozone/integration-test/target/log,AVAILABLE}
2019-10-04 19:32:42,201 [main] INFO  handler.ContextHandler (ContextHandler.java:doStart(781)) - Started o.e.j.s.ServletContextHandler@4fa4f485{/static,jar:file:/home/user/.m2/repository/org/apache/hadoop/hadoop-hdds-container-service/0.5.0-SNAPSHOT/hadoop-hdds-container-service-0.5.0-SNAPSHOT.jar!/webapps/static,AVAILABLE}
2019-10-04 19:32:42,229 [main] INFO  handler.ContextHandler (ContextHandler.java:doStart(781)) - Started o.e.j.w.WebAppContext@66a5755{/,file:///tmp/jetty-0.0.0.0-44632-hddsDatanode-_-any-8897907198861356353.dir/webapp/,AVAILABLE}{/hddsDatanode}
2019-10-04 19:32:42,229 [main] INFO  server.AbstractConnector (AbstractConnector.java:doStart(278)) - Started ServerConnector@771a7d53{HTTP/1.1,[http/1.1]}{0.0.0.0:44632}
2019-10-04 19:32:42,231 [main] INFO  server.Server (Server.java:doStart(419)) - Started @43686ms
2019-10-04 19:32:42,232 [main] WARN  impl.MetricsSystemImpl (MetricsSystemImpl.java:register(276)) - Sink prometheus already exists!
2019-10-04 19:32:42,232 [main] INFO  server.BaseHttpServer (BaseHttpServer.java:updateConnectorAddress(215)) - HTTP server of HDDSDATANODE is listening at http://0.0.0.0:44632
2019-10-04 19:32:42,233 [main] INFO  impl.MetricsSystemImpl (MetricsSystemImpl.java:init(158)) - HddsDatanode metrics system started (again)
2019-10-04 19:32:42,238 [org.apache.hadoop.util.JvmPauseMonitor$Monitor@5c05dcce] INFO  util.JvmPauseMonitor (JvmPauseMonitor.java:run(188)) - Starting JVM pause monitor
2019-10-04 19:32:42,239 [main] INFO  ozone.HddsDatanodeService (HddsDatanodeService.java:start(184)) - HddsDatanodeService host:pr-hdds-2239-ctfdh-543981580 ip:192.168.30.33
2019-10-04 19:32:42,240 [Datanode State Machine Thread - 0] INFO  datanode.InitDatanodeState (InitDatanodeState.java:persistContainerDatanodeDetails(140)) - DatanodeDetails is persisted to /workdir/hadoop-ozone/integration-test/target/test-dir/MiniOzoneClusterImpl-0502f5f3-ae85-49d0-a1df-b910b6e75f44/datanode-3/meta/datanode.id
2019-10-04 19:32:42,245 [main] INFO  volume.HddsVolume (HddsVolume.java:<init>(176)) - Creating Volume: /workdir/hadoop-ozone/integration-test/target/test-dir/MiniOzoneClusterImpl-0502f5f3-ae85-49d0-a1df-b910b6e75f44/datanode-4/data/containers/hdds of  storage type : DISK and capacity : 1482555576320
2019-10-04 19:32:42,245 [main] INFO  volume.VolumeSet (VolumeSet.java:initializeVolumeSet(170)) - Added Volume : /workdir/hadoop-ozone/integration-test/target/test-dir/MiniOzoneClusterImpl-0502f5f3-ae85-49d0-a1df-b910b6e75f44/datanode-4/data/containers/hdds to VolumeSet
2019-10-04 19:32:42,245 [main] INFO  volume.ThrottledAsyncChecker (ThrottledAsyncChecker.java:schedule(139)) - Scheduling a check for org.apache.hadoop.ozone.container.common.volume.HddsVolume@6274670b
2019-10-04 19:32:42,246 [main] INFO  volume.HddsVolumeChecker (HddsVolumeChecker.java:checkAllVolumes(202)) - Scheduled health check for volume org.apache.hadoop.ozone.container.common.volume.HddsVolume@6274670b
2019-10-04 19:32:42,263 [main] INFO  impl.RaftServerProxy (ConfUtils.java:logGet(43)) - raft.rpc.type = GRPC (default)
2019-10-04 19:32:42,263 [main] INFO  grpc.GrpcFactory (GrpcFactory.java:checkPooledByteBufAllocatorUseCacheForAllThreads(45)) - PERFORMANCE WARNING: useCacheForAllThreads is true that may cause Netty to create a lot garbage objects and, as a result, trigger GC.
	It is recommended to disable useCacheForAllThreads by setting -Dorg.apache.ratis.thirdparty.io.netty.allocator.useCacheForAllThreads=false in command line.
2019-10-04 19:32:42,264 [main] INFO  grpc.GrpcConfigKeys$Server (ConfUtils.java:logGet(43)) - raft.grpc.server.port = 0 (default)
2019-10-04 19:32:42,264 [main] INFO  server.GrpcService (ConfUtils.java:logGet(43)) - raft.grpc.message.size.max = 33570816 (custom)
2019-10-04 19:32:42,264 [main] INFO  server.RaftServerConfigKeys (ConfUtils.java:logGet(43)) - raft.server.log.appender.buffer.byte-limit = 33554432 (custom)
2019-10-04 19:32:42,264 [main] INFO  server.GrpcService (ConfUtils.java:logGet(43)) - raft.grpc.flow.control.window = 1MB (=1048576) (default)
2019-10-04 19:32:42,265 [main] INFO  server.RaftServerConfigKeys (ConfUtils.java:logGet(43)) - raft.server.rpc.request.timeout = 3000ms (default)
2019-10-04 19:32:42,265 [main] INFO  server.RaftServerConfigKeys (ConfUtils.java:logGet(43)) - raft.server.storage.dir = [/workdir/hadoop-ozone/integration-test/target/test-dir/MiniOzoneClusterImpl-0502f5f3-ae85-49d0-a1df-b910b6e75f44/datanode-4/data/ratis] (custom)
2019-10-04 19:32:42,267 [main] INFO  hdfs.DFSUtil (DFSUtil.java:httpServerTemplateForNNAndJN(1641)) - Starting Web-server for hddsDatanode at: http://0.0.0.0:0
2019-10-04 19:32:42,268 [main] INFO  server.AuthenticationFilter (AuthenticationFilter.java:constructSecretProvider(240)) - Unable to initialize FileSignerSecretProvider, falling back to use random secrets.
2019-10-04 19:32:42,269 [main] WARN  http.HttpRequestLog (HttpRequestLog.java:getRequestLog(97)) - Jetty request log can only be enabled using Log4j
2019-10-04 19:32:42,271 [main] INFO  http.HttpServer2 (HttpServer2.java:addGlobalFilter(975)) - Added global filter 'safety' (class=org.apache.hadoop.http.HttpServer2$QuotingInputFilter)
2019-10-04 19:32:42,271 [main] INFO  http.HttpServer2 (HttpServer2.java:addFilter(948)) - Added filter static_user_filter (class=org.apache.hadoop.http.lib.StaticUserWebFilter$StaticUserFilter) to context hddsDatanode
2019-10-04 19:32:42,272 [main] INFO  http.HttpServer2 (HttpServer2.java:addFilter(958)) - Added filter static_user_filter (class=org.apache.hadoop.http.lib.StaticUserWebFilter$StaticUserFilter) to context logs
2019-10-04 19:32:42,272 [main] INFO  http.HttpServer2 (HttpServer2.java:addFilter(958)) - Added filter static_user_filter (class=org.apache.hadoop.http.lib.StaticUserWebFilter$StaticUserFilter) to context static
2019-10-04 19:32:42,273 [main] INFO  http.HttpServer2 (HttpServer2.java:bindListener(1191)) - Jetty bound to port 33689
2019-10-04 19:32:42,273 [main] INFO  server.Server (Server.java:doStart(351)) - jetty-9.3.25.v20180904, build timestamp: 2018-09-04T21:11:46Z, git hash: 3ce520221d0240229c862b122d2b06c12a625732
2019-10-04 19:32:42,275 [main] INFO  handler.ContextHandler (ContextHandler.java:doStart(781)) - Started o.e.j.s.ServletContextHandler@5649d11a{/logs,file:///workdir/hadoop-ozone/integration-test/target/log,AVAILABLE}
2019-10-04 19:32:42,276 [main] INFO  handler.ContextHandler (ContextHandler.java:doStart(781)) - Started o.e.j.s.ServletContextHandler@27443560{/static,jar:file:/home/user/.m2/repository/org/apache/hadoop/hadoop-hdds-container-service/0.5.0-SNAPSHOT/hadoop-hdds-container-service-0.5.0-SNAPSHOT.jar!/webapps/static,AVAILABLE}
2019-10-04 19:32:42,309 [main] INFO  handler.ContextHandler (ContextHandler.java:doStart(781)) - Started o.e.j.w.WebAppContext@2abbd0d9{/,file:///tmp/jetty-0.0.0.0-33689-hddsDatanode-_-any-3430956385801347444.dir/webapp/,AVAILABLE}{/hddsDatanode}
2019-10-04 19:32:42,309 [main] INFO  server.AbstractConnector (AbstractConnector.java:doStart(278)) - Started ServerConnector@b61edb9{HTTP/1.1,[http/1.1]}{0.0.0.0:33689}
2019-10-04 19:32:42,310 [main] INFO  server.Server (Server.java:doStart(419)) - Started @43765ms
2019-10-04 19:32:42,310 [main] WARN  impl.MetricsSystemImpl (MetricsSystemImpl.java:register(276)) - Sink prometheus already exists!
2019-10-04 19:32:42,311 [main] INFO  server.BaseHttpServer (BaseHttpServer.java:updateConnectorAddress(215)) - HTTP server of HDDSDATANODE is listening at http://0.0.0.0:33689
2019-10-04 19:32:42,311 [main] INFO  impl.MetricsSystemImpl (MetricsSystemImpl.java:init(158)) - HddsDatanode metrics system started (again)
2019-10-04 19:32:42,317 [main] INFO  ozone.HddsDatanodeService (HddsDatanodeService.java:start(184)) - HddsDatanodeService host:pr-hdds-2239-ctfdh-543981580 ip:192.168.30.33
2019-10-04 19:32:42,317 [org.apache.hadoop.util.JvmPauseMonitor$Monitor@5c396ead] INFO  util.JvmPauseMonitor (JvmPauseMonitor.java:run(188)) - Starting JVM pause monitor
2019-10-04 19:32:42,319 [Datanode State Machine Thread - 0] INFO  datanode.InitDatanodeState (InitDatanodeState.java:persistContainerDatanodeDetails(140)) - DatanodeDetails is persisted to /workdir/hadoop-ozone/integration-test/target/test-dir/MiniOzoneClusterImpl-0502f5f3-ae85-49d0-a1df-b910b6e75f44/datanode-4/meta/datanode.id
2019-10-04 19:32:42,323 [main] INFO  volume.HddsVolume (HddsVolume.java:<init>(176)) - Creating Volume: /workdir/hadoop-ozone/integration-test/target/test-dir/MiniOzoneClusterImpl-0502f5f3-ae85-49d0-a1df-b910b6e75f44/datanode-5/data/containers/hdds of  storage type : DISK and capacity : 1482555576320
2019-10-04 19:32:42,323 [main] INFO  volume.VolumeSet (VolumeSet.java:initializeVolumeSet(170)) - Added Volume : /workdir/hadoop-ozone/integration-test/target/test-dir/MiniOzoneClusterImpl-0502f5f3-ae85-49d0-a1df-b910b6e75f44/datanode-5/data/containers/hdds to VolumeSet
2019-10-04 19:32:42,324 [main] INFO  volume.ThrottledAsyncChecker (ThrottledAsyncChecker.java:schedule(139)) - Scheduling a check for org.apache.hadoop.ozone.container.common.volume.HddsVolume@889a8a8
2019-10-04 19:32:42,324 [main] INFO  volume.HddsVolumeChecker (HddsVolumeChecker.java:checkAllVolumes(202)) - Scheduled health check for volume org.apache.hadoop.ozone.container.common.volume.HddsVolume@889a8a8
2019-10-04 19:32:42,339 [main] INFO  impl.RaftServerProxy (ConfUtils.java:logGet(43)) - raft.rpc.type = GRPC (default)
2019-10-04 19:32:42,339 [main] INFO  grpc.GrpcFactory (GrpcFactory.java:checkPooledByteBufAllocatorUseCacheForAllThreads(45)) - PERFORMANCE WARNING: useCacheForAllThreads is true that may cause Netty to create a lot garbage objects and, as a result, trigger GC.
	It is recommended to disable useCacheForAllThreads by setting -Dorg.apache.ratis.thirdparty.io.netty.allocator.useCacheForAllThreads=false in command line.
2019-10-04 19:32:42,339 [main] INFO  grpc.GrpcConfigKeys$Server (ConfUtils.java:logGet(43)) - raft.grpc.server.port = 0 (default)
2019-10-04 19:32:42,340 [main] INFO  server.GrpcService (ConfUtils.java:logGet(43)) - raft.grpc.message.size.max = 33570816 (custom)
2019-10-04 19:32:42,340 [main] INFO  server.RaftServerConfigKeys (ConfUtils.java:logGet(43)) - raft.server.log.appender.buffer.byte-limit = 33554432 (custom)
2019-10-04 19:32:42,340 [main] INFO  server.GrpcService (ConfUtils.java:logGet(43)) - raft.grpc.flow.control.window = 1MB (=1048576) (default)
2019-10-04 19:32:42,340 [main] INFO  server.RaftServerConfigKeys (ConfUtils.java:logGet(43)) - raft.server.rpc.request.timeout = 3000ms (default)
2019-10-04 19:32:42,341 [main] INFO  server.RaftServerConfigKeys (ConfUtils.java:logGet(43)) - raft.server.storage.dir = [/workdir/hadoop-ozone/integration-test/target/test-dir/MiniOzoneClusterImpl-0502f5f3-ae85-49d0-a1df-b910b6e75f44/datanode-5/data/ratis] (custom)
2019-10-04 19:32:42,342 [main] INFO  hdfs.DFSUtil (DFSUtil.java:httpServerTemplateForNNAndJN(1641)) - Starting Web-server for hddsDatanode at: http://0.0.0.0:0
2019-10-04 19:32:42,343 [main] INFO  server.AuthenticationFilter (AuthenticationFilter.java:constructSecretProvider(240)) - Unable to initialize FileSignerSecretProvider, falling back to use random secrets.
2019-10-04 19:32:42,344 [main] WARN  http.HttpRequestLog (HttpRequestLog.java:getRequestLog(97)) - Jetty request log can only be enabled using Log4j
2019-10-04 19:32:42,345 [main] INFO  http.HttpServer2 (HttpServer2.java:addGlobalFilter(975)) - Added global filter 'safety' (class=org.apache.hadoop.http.HttpServer2$QuotingInputFilter)
2019-10-04 19:32:42,346 [main] INFO  http.HttpServer2 (HttpServer2.java:addFilter(948)) - Added filter static_user_filter (class=org.apache.hadoop.http.lib.StaticUserWebFilter$StaticUserFilter) to context hddsDatanode
2019-10-04 19:32:42,346 [main] INFO  http.HttpServer2 (HttpServer2.java:addFilter(958)) - Added filter static_user_filter (class=org.apache.hadoop.http.lib.StaticUserWebFilter$StaticUserFilter) to context static
2019-10-04 19:32:42,346 [main] INFO  http.HttpServer2 (HttpServer2.java:addFilter(958)) - Added filter static_user_filter (class=org.apache.hadoop.http.lib.StaticUserWebFilter$StaticUserFilter) to context logs
2019-10-04 19:32:42,347 [main] INFO  http.HttpServer2 (HttpServer2.java:bindListener(1191)) - Jetty bound to port 44211
2019-10-04 19:32:42,347 [main] INFO  server.Server (Server.java:doStart(351)) - jetty-9.3.25.v20180904, build timestamp: 2018-09-04T21:11:46Z, git hash: 3ce520221d0240229c862b122d2b06c12a625732
2019-10-04 19:32:42,349 [main] INFO  handler.ContextHandler (ContextHandler.java:doStart(781)) - Started o.e.j.s.ServletContextHandler@7f9e8421{/logs,file:///workdir/hadoop-ozone/integration-test/target/log,AVAILABLE}
2019-10-04 19:32:42,350 [main] INFO  handler.ContextHandler (ContextHandler.java:doStart(781)) - Started o.e.j.s.ServletContextHandler@168b4cb0{/static,jar:file:/home/user/.m2/repository/org/apache/hadoop/hadoop-hdds-container-service/0.5.0-SNAPSHOT/hadoop-hdds-container-service-0.5.0-SNAPSHOT.jar!/webapps/static,AVAILABLE}
2019-10-04 19:32:42,379 [main] INFO  handler.ContextHandler (ContextHandler.java:doStart(781)) - Started o.e.j.w.WebAppContext@640cc04b{/,file:///tmp/jetty-0.0.0.0-44211-hddsDatanode-_-any-6481929049104619383.dir/webapp/,AVAILABLE}{/hddsDatanode}
2019-10-04 19:32:42,379 [main] INFO  server.AbstractConnector (AbstractConnector.java:doStart(278)) - Started ServerConnector@630bf683{HTTP/1.1,[http/1.1]}{0.0.0.0:44211}
2019-10-04 19:32:42,380 [main] INFO  server.Server (Server.java:doStart(419)) - Started @43835ms
2019-10-04 19:32:42,381 [main] WARN  impl.MetricsSystemImpl (MetricsSystemImpl.java:register(276)) - Sink prometheus already exists!
2019-10-04 19:32:42,381 [main] INFO  server.BaseHttpServer (BaseHttpServer.java:updateConnectorAddress(215)) - HTTP server of HDDSDATANODE is listening at http://0.0.0.0:44211
2019-10-04 19:32:42,381 [main] INFO  impl.MetricsSystemImpl (MetricsSystemImpl.java:init(158)) - HddsDatanode metrics system started (again)
2019-10-04 19:32:42,387 [org.apache.hadoop.util.JvmPauseMonitor$Monitor@106e4bb9] INFO  util.JvmPauseMonitor (JvmPauseMonitor.java:run(188)) - Starting JVM pause monitor
2019-10-04 19:32:42,387 [main] INFO  ozone.HddsDatanodeService (HddsDatanodeService.java:start(184)) - HddsDatanodeService host:pr-hdds-2239-ctfdh-543981580 ip:192.168.30.33
2019-10-04 19:32:42,389 [Datanode State Machine Thread - 0] INFO  datanode.InitDatanodeState (InitDatanodeState.java:persistContainerDatanodeDetails(140)) - DatanodeDetails is persisted to /workdir/hadoop-ozone/integration-test/target/test-dir/MiniOzoneClusterImpl-0502f5f3-ae85-49d0-a1df-b910b6e75f44/datanode-5/meta/datanode.id
2019-10-04 19:32:42,393 [main] INFO  volume.HddsVolume (HddsVolume.java:<init>(176)) - Creating Volume: /workdir/hadoop-ozone/integration-test/target/test-dir/MiniOzoneClusterImpl-0502f5f3-ae85-49d0-a1df-b910b6e75f44/datanode-6/data/containers/hdds of  storage type : DISK and capacity : 1482555576320
2019-10-04 19:32:42,394 [main] INFO  volume.VolumeSet (VolumeSet.java:initializeVolumeSet(170)) - Added Volume : /workdir/hadoop-ozone/integration-test/target/test-dir/MiniOzoneClusterImpl-0502f5f3-ae85-49d0-a1df-b910b6e75f44/datanode-6/data/containers/hdds to VolumeSet
2019-10-04 19:32:42,394 [main] INFO  volume.ThrottledAsyncChecker (ThrottledAsyncChecker.java:schedule(139)) - Scheduling a check for org.apache.hadoop.ozone.container.common.volume.HddsVolume@10b687f2
2019-10-04 19:32:42,394 [main] INFO  volume.HddsVolumeChecker (HddsVolumeChecker.java:checkAllVolumes(202)) - Scheduled health check for volume org.apache.hadoop.ozone.container.common.volume.HddsVolume@10b687f2
2019-10-04 19:32:42,411 [main] INFO  impl.RaftServerProxy (ConfUtils.java:logGet(43)) - raft.rpc.type = GRPC (default)
2019-10-04 19:32:42,411 [main] INFO  grpc.GrpcFactory (GrpcFactory.java:checkPooledByteBufAllocatorUseCacheForAllThreads(45)) - PERFORMANCE WARNING: useCacheForAllThreads is true that may cause Netty to create a lot garbage objects and, as a result, trigger GC.
	It is recommended to disable useCacheForAllThreads by setting -Dorg.apache.ratis.thirdparty.io.netty.allocator.useCacheForAllThreads=false in command line.
2019-10-04 19:32:42,412 [main] INFO  grpc.GrpcConfigKeys$Server (ConfUtils.java:logGet(43)) - raft.grpc.server.port = 0 (default)
2019-10-04 19:32:42,412 [main] INFO  server.GrpcService (ConfUtils.java:logGet(43)) - raft.grpc.message.size.max = 33570816 (custom)
2019-10-04 19:32:42,412 [main] INFO  server.RaftServerConfigKeys (ConfUtils.java:logGet(43)) - raft.server.log.appender.buffer.byte-limit = 33554432 (custom)
2019-10-04 19:32:42,412 [main] INFO  server.GrpcService (ConfUtils.java:logGet(43)) - raft.grpc.flow.control.window = 1MB (=1048576) (default)
2019-10-04 19:32:42,413 [main] INFO  server.RaftServerConfigKeys (ConfUtils.java:logGet(43)) - raft.server.rpc.request.timeout = 3000ms (default)
2019-10-04 19:32:42,413 [main] INFO  server.RaftServerConfigKeys (ConfUtils.java:logGet(43)) - raft.server.storage.dir = [/workdir/hadoop-ozone/integration-test/target/test-dir/MiniOzoneClusterImpl-0502f5f3-ae85-49d0-a1df-b910b6e75f44/datanode-6/data/ratis] (custom)
2019-10-04 19:32:42,414 [main] INFO  hdfs.DFSUtil (DFSUtil.java:httpServerTemplateForNNAndJN(1641)) - Starting Web-server for hddsDatanode at: http://0.0.0.0:0
2019-10-04 19:32:42,415 [main] INFO  server.AuthenticationFilter (AuthenticationFilter.java:constructSecretProvider(240)) - Unable to initialize FileSignerSecretProvider, falling back to use random secrets.
2019-10-04 19:32:42,416 [main] WARN  http.HttpRequestLog (HttpRequestLog.java:getRequestLog(97)) - Jetty request log can only be enabled using Log4j
2019-10-04 19:32:42,417 [main] INFO  http.HttpServer2 (HttpServer2.java:addGlobalFilter(975)) - Added global filter 'safety' (class=org.apache.hadoop.http.HttpServer2$QuotingInputFilter)
2019-10-04 19:32:42,417 [main] INFO  http.HttpServer2 (HttpServer2.java:addFilter(948)) - Added filter static_user_filter (class=org.apache.hadoop.http.lib.StaticUserWebFilter$StaticUserFilter) to context hddsDatanode
2019-10-04 19:32:42,417 [main] INFO  http.HttpServer2 (HttpServer2.java:addFilter(958)) - Added filter static_user_filter (class=org.apache.hadoop.http.lib.StaticUserWebFilter$StaticUserFilter) to context static
2019-10-04 19:32:42,418 [main] INFO  http.HttpServer2 (HttpServer2.java:addFilter(958)) - Added filter static_user_filter (class=org.apache.hadoop.http.lib.StaticUserWebFilter$StaticUserFilter) to context logs
2019-10-04 19:32:42,418 [main] INFO  http.HttpServer2 (HttpServer2.java:bindListener(1191)) - Jetty bound to port 33498
2019-10-04 19:32:42,418 [main] INFO  server.Server (Server.java:doStart(351)) - jetty-9.3.25.v20180904, build timestamp: 2018-09-04T21:11:46Z, git hash: 3ce520221d0240229c862b122d2b06c12a625732
2019-10-04 19:32:42,420 [main] INFO  handler.ContextHandler (ContextHandler.java:doStart(781)) - Started o.e.j.s.ServletContextHandler@78ec89a6{/logs,file:///workdir/hadoop-ozone/integration-test/target/log,AVAILABLE}
2019-10-04 19:32:42,421 [main] INFO  handler.ContextHandler (ContextHandler.java:doStart(781)) - Started o.e.j.s.ServletContextHandler@7237f3c1{/static,jar:file:/home/user/.m2/repository/org/apache/hadoop/hadoop-hdds-container-service/0.5.0-SNAPSHOT/hadoop-hdds-container-service-0.5.0-SNAPSHOT.jar!/webapps/static,AVAILABLE}
2019-10-04 19:32:42,449 [main] INFO  handler.ContextHandler (ContextHandler.java:doStart(781)) - Started o.e.j.w.WebAppContext@388623ad{/,file:///tmp/jetty-0.0.0.0-33498-hddsDatanode-_-any-2825347514307099803.dir/webapp/,AVAILABLE}{/hddsDatanode}
2019-10-04 19:32:42,449 [main] INFO  server.AbstractConnector (AbstractConnector.java:doStart(278)) - Started ServerConnector@91f565d{HTTP/1.1,[http/1.1]}{0.0.0.0:33498}
2019-10-04 19:32:42,451 [main] INFO  server.Server (Server.java:doStart(419)) - Started @43905ms
2019-10-04 19:32:42,451 [main] WARN  impl.MetricsSystemImpl (MetricsSystemImpl.java:register(276)) - Sink prometheus already exists!
2019-10-04 19:32:42,452 [main] INFO  server.BaseHttpServer (BaseHttpServer.java:updateConnectorAddress(215)) - HTTP server of HDDSDATANODE is listening at http://0.0.0.0:33498
2019-10-04 19:32:42,452 [main] INFO  ozone.MiniOzoneClusterImpl (MiniOzoneClusterImpl.java:lambda$waitForClusterToBeReady$0(147)) - Waiting for cluster to be ready. Got 0 of 7 DN Heartbeats.
2019-10-04 19:32:42,455 [org.apache.hadoop.util.JvmPauseMonitor$Monitor@4fe66771] INFO  util.JvmPauseMonitor (JvmPauseMonitor.java:run(188)) - Starting JVM pause monitor
2019-10-04 19:32:42,457 [Datanode State Machine Thread - 0] INFO  datanode.InitDatanodeState (InitDatanodeState.java:persistContainerDatanodeDetails(140)) - DatanodeDetails is persisted to /workdir/hadoop-ozone/integration-test/target/test-dir/MiniOzoneClusterImpl-0502f5f3-ae85-49d0-a1df-b910b6e75f44/datanode-6/meta/datanode.id
2019-10-04 19:32:43,452 [main] INFO  ozone.MiniOzoneClusterImpl (MiniOzoneClusterImpl.java:lambda$waitForClusterToBeReady$0(147)) - Waiting for cluster to be ready. Got 0 of 7 DN Heartbeats.
2019-10-04 19:32:44,078 [Datanode State Machine Thread - 0] INFO  ozoneimpl.OzoneContainer (OzoneContainer.java:start(217)) - Attempting to start container services.
2019-10-04 19:32:44,082 [Datanode State Machine Thread - 0] INFO  ozoneimpl.OzoneContainer (OzoneContainer.java:startContainerScrub(179)) - Background container scanner has been disabled.
2019-10-04 19:32:44,082 [Datanode State Machine Thread - 0] INFO  ratis.XceiverServerRatis (XceiverServerRatis.java:start(417)) - Starting XceiverServerRatis 49a1584d-cd37-4302-b096-0558ad6a536d at port 0
2019-10-04 19:32:44,091 [Datanode State Machine Thread - 0] INFO  impl.RaftServerProxy (RaftServerProxy.java:lambda$start$3(299)) - 49a1584d-cd37-4302-b096-0558ad6a536d: start RPC server
2019-10-04 19:32:44,096 [Datanode State Machine Thread - 0] INFO  server.GrpcService (GrpcService.java:startImpl(158)) - 49a1584d-cd37-4302-b096-0558ad6a536d: GrpcService started, listening on 0.0.0.0/0.0.0.0:44155
2019-10-04 19:32:44,096 [Datanode State Machine Thread - 0] INFO  ratis.XceiverServerRatis (XceiverServerRatis.java:start(427)) - XceiverServerRatis 49a1584d-cd37-4302-b096-0558ad6a536d is started using port 44155
2019-10-04 19:32:44,097 [Datanode State Machine Thread - 0] INFO  server.XceiverServerGrpc (XceiverServerGrpc.java:start(149)) - XceiverServerGrpc 49a1584d-cd37-4302-b096-0558ad6a536d is started using port 45547
2019-10-04 19:32:44,128 [Datanode State Machine Thread - 0] INFO  ozoneimpl.OzoneContainer (OzoneContainer.java:start(217)) - Attempting to start container services.
2019-10-04 19:32:44,131 [Datanode State Machine Thread - 0] INFO  ozoneimpl.OzoneContainer (OzoneContainer.java:startContainerScrub(179)) - Background container scanner has been disabled.
2019-10-04 19:32:44,132 [Datanode State Machine Thread - 0] INFO  ratis.XceiverServerRatis (XceiverServerRatis.java:start(417)) - Starting XceiverServerRatis 5ac861b3-07c8-4be4-9e5d-d11ab006ec66 at port 0
2019-10-04 19:32:44,141 [Datanode State Machine Thread - 0] INFO  impl.RaftServerProxy (RaftServerProxy.java:lambda$start$3(299)) - 5ac861b3-07c8-4be4-9e5d-d11ab006ec66: start RPC server
2019-10-04 19:32:44,142 [Datanode State Machine Thread - 0] INFO  server.GrpcService (GrpcService.java:startImpl(158)) - 5ac861b3-07c8-4be4-9e5d-d11ab006ec66: GrpcService started, listening on 0.0.0.0/0.0.0.0:40871
2019-10-04 19:32:44,142 [Datanode State Machine Thread - 0] INFO  ratis.XceiverServerRatis (XceiverServerRatis.java:start(427)) - XceiverServerRatis 5ac861b3-07c8-4be4-9e5d-d11ab006ec66 is started using port 40871
2019-10-04 19:32:44,144 [Datanode State Machine Thread - 0] INFO  server.XceiverServerGrpc (XceiverServerGrpc.java:start(149)) - XceiverServerGrpc 5ac861b3-07c8-4be4-9e5d-d11ab006ec66 is started using port 41725
2019-10-04 19:32:44,203 [Datanode State Machine Thread - 0] INFO  ozoneimpl.OzoneContainer (OzoneContainer.java:start(217)) - Attempting to start container services.
2019-10-04 19:32:44,215 [Datanode State Machine Thread - 0] INFO  ozoneimpl.OzoneContainer (OzoneContainer.java:startContainerScrub(179)) - Background container scanner has been disabled.
2019-10-04 19:32:44,215 [Datanode State Machine Thread - 0] INFO  ratis.XceiverServerRatis (XceiverServerRatis.java:start(417)) - Starting XceiverServerRatis 5c1618f3-71c2-48a0-8463-ff7ec92ae88c at port 0
2019-10-04 19:32:44,222 [Datanode State Machine Thread - 0] INFO  impl.RaftServerProxy (RaftServerProxy.java:lambda$start$3(299)) - 5c1618f3-71c2-48a0-8463-ff7ec92ae88c: start RPC server
2019-10-04 19:32:44,223 [Datanode State Machine Thread - 0] INFO  server.GrpcService (GrpcService.java:startImpl(158)) - 5c1618f3-71c2-48a0-8463-ff7ec92ae88c: GrpcService started, listening on 0.0.0.0/0.0.0.0:41803
2019-10-04 19:32:44,223 [Datanode State Machine Thread - 0] INFO  ratis.XceiverServerRatis (XceiverServerRatis.java:start(427)) - XceiverServerRatis 5c1618f3-71c2-48a0-8463-ff7ec92ae88c is started using port 41803
2019-10-04 19:32:44,235 [Datanode State Machine Thread - 0] INFO  server.XceiverServerGrpc (XceiverServerGrpc.java:start(149)) - XceiverServerGrpc 5c1618f3-71c2-48a0-8463-ff7ec92ae88c is started using port 35503
2019-10-04 19:32:44,262 [Datanode State Machine Thread - 0] INFO  ozoneimpl.OzoneContainer (OzoneContainer.java:start(217)) - Attempting to start container services.
2019-10-04 19:32:44,263 [Datanode State Machine Thread - 0] INFO  ozoneimpl.OzoneContainer (OzoneContainer.java:startContainerScrub(179)) - Background container scanner has been disabled.
2019-10-04 19:32:44,263 [Datanode State Machine Thread - 0] INFO  ratis.XceiverServerRatis (XceiverServerRatis.java:start(417)) - Starting XceiverServerRatis 9177c858-a268-40f9-9002-b55f0938111c at port 0
2019-10-04 19:32:44,270 [Datanode State Machine Thread - 0] INFO  impl.RaftServerProxy (RaftServerProxy.java:lambda$start$3(299)) - 9177c858-a268-40f9-9002-b55f0938111c: start RPC server
2019-10-04 19:32:44,271 [Datanode State Machine Thread - 0] INFO  server.GrpcService (GrpcService.java:startImpl(158)) - 9177c858-a268-40f9-9002-b55f0938111c: GrpcService started, listening on 0.0.0.0/0.0.0.0:45809
2019-10-04 19:32:44,271 [Datanode State Machine Thread - 0] INFO  ratis.XceiverServerRatis (XceiverServerRatis.java:start(427)) - XceiverServerRatis 9177c858-a268-40f9-9002-b55f0938111c is started using port 45809
2019-10-04 19:32:44,271 [Datanode State Machine Thread - 0] INFO  server.XceiverServerGrpc (XceiverServerGrpc.java:start(149)) - XceiverServerGrpc 9177c858-a268-40f9-9002-b55f0938111c is started using port 38451
2019-10-04 19:32:44,342 [Datanode State Machine Thread - 0] INFO  ozoneimpl.OzoneContainer (OzoneContainer.java:start(217)) - Attempting to start container services.
2019-10-04 19:32:44,343 [Datanode State Machine Thread - 0] INFO  ozoneimpl.OzoneContainer (OzoneContainer.java:startContainerScrub(179)) - Background container scanner has been disabled.
2019-10-04 19:32:44,343 [Datanode State Machine Thread - 0] INFO  ratis.XceiverServerRatis (XceiverServerRatis.java:start(417)) - Starting XceiverServerRatis 2cd22177-8dc0-4d5f-89f9-7752b425b8cc at port 0
2019-10-04 19:32:44,352 [Datanode State Machine Thread - 0] INFO  impl.RaftServerProxy (RaftServerProxy.java:lambda$start$3(299)) - 2cd22177-8dc0-4d5f-89f9-7752b425b8cc: start RPC server
2019-10-04 19:32:44,353 [Datanode State Machine Thread - 0] INFO  server.GrpcService (GrpcService.java:startImpl(158)) - 2cd22177-8dc0-4d5f-89f9-7752b425b8cc: GrpcService started, listening on 0.0.0.0/0.0.0.0:46866
2019-10-04 19:32:44,353 [Datanode State Machine Thread - 0] INFO  ratis.XceiverServerRatis (XceiverServerRatis.java:start(427)) - XceiverServerRatis 2cd22177-8dc0-4d5f-89f9-7752b425b8cc is started using port 46866
2019-10-04 19:32:44,356 [Datanode State Machine Thread - 0] INFO  server.XceiverServerGrpc (XceiverServerGrpc.java:start(149)) - XceiverServerGrpc 2cd22177-8dc0-4d5f-89f9-7752b425b8cc is started using port 35437
2019-10-04 19:32:44,412 [Datanode State Machine Thread - 0] INFO  ozoneimpl.OzoneContainer (OzoneContainer.java:start(217)) - Attempting to start container services.
2019-10-04 19:32:44,412 [Datanode State Machine Thread - 0] INFO  ozoneimpl.OzoneContainer (OzoneContainer.java:startContainerScrub(179)) - Background container scanner has been disabled.
2019-10-04 19:32:44,412 [Datanode State Machine Thread - 0] INFO  ratis.XceiverServerRatis (XceiverServerRatis.java:start(417)) - Starting XceiverServerRatis 25bfc741-568a-4d04-9521-21e487846d14 at port 0
2019-10-04 19:32:44,420 [Datanode State Machine Thread - 0] INFO  impl.RaftServerProxy (RaftServerProxy.java:lambda$start$3(299)) - 25bfc741-568a-4d04-9521-21e487846d14: start RPC server
2019-10-04 19:32:44,423 [Datanode State Machine Thread - 0] INFO  server.GrpcService (GrpcService.java:startImpl(158)) - 25bfc741-568a-4d04-9521-21e487846d14: GrpcService started, listening on 0.0.0.0/0.0.0.0:43253
2019-10-04 19:32:44,424 [Datanode State Machine Thread - 0] INFO  ratis.XceiverServerRatis (XceiverServerRatis.java:start(427)) - XceiverServerRatis 25bfc741-568a-4d04-9521-21e487846d14 is started using port 43253
2019-10-04 19:32:44,426 [Datanode State Machine Thread - 0] INFO  server.XceiverServerGrpc (XceiverServerGrpc.java:start(149)) - XceiverServerGrpc 25bfc741-568a-4d04-9521-21e487846d14 is started using port 41347
2019-10-04 19:32:44,453 [main] INFO  ozone.MiniOzoneClusterImpl (MiniOzoneClusterImpl.java:lambda$waitForClusterToBeReady$0(147)) - Waiting for cluster to be ready. Got 0 of 7 DN Heartbeats.
2019-10-04 19:32:44,494 [Datanode State Machine Thread - 0] INFO  ozoneimpl.OzoneContainer (OzoneContainer.java:start(217)) - Attempting to start container services.
2019-10-04 19:32:44,494 [Datanode State Machine Thread - 0] INFO  ozoneimpl.OzoneContainer (OzoneContainer.java:startContainerScrub(179)) - Background container scanner has been disabled.
2019-10-04 19:32:44,494 [Datanode State Machine Thread - 0] INFO  ratis.XceiverServerRatis (XceiverServerRatis.java:start(417)) - Starting XceiverServerRatis 0e6ee192-a7f4-44ec-89ed-1c5f71555c9e at port 0
2019-10-04 19:32:44,502 [Datanode State Machine Thread - 0] INFO  impl.RaftServerProxy (RaftServerProxy.java:lambda$start$3(299)) - 0e6ee192-a7f4-44ec-89ed-1c5f71555c9e: start RPC server
2019-10-04 19:32:44,505 [Datanode State Machine Thread - 0] INFO  server.GrpcService (GrpcService.java:startImpl(158)) - 0e6ee192-a7f4-44ec-89ed-1c5f71555c9e: GrpcService started, listening on 0.0.0.0/0.0.0.0:46134
2019-10-04 19:32:44,505 [Datanode State Machine Thread - 0] INFO  ratis.XceiverServerRatis (XceiverServerRatis.java:start(427)) - XceiverServerRatis 0e6ee192-a7f4-44ec-89ed-1c5f71555c9e is started using port 46134
2019-10-04 19:32:44,506 [Datanode State Machine Thread - 0] INFO  server.XceiverServerGrpc (XceiverServerGrpc.java:start(149)) - XceiverServerGrpc 0e6ee192-a7f4-44ec-89ed-1c5f71555c9e is started using port 43295
2019-10-04 19:32:45,454 [main] INFO  ozone.MiniOzoneClusterImpl (MiniOzoneClusterImpl.java:lambda$waitForClusterToBeReady$0(147)) - Waiting for cluster to be ready. Got 0 of 7 DN Heartbeats.
2019-10-04 19:32:46,037 [IPC Server handler 0 on 43231] INFO  net.NetworkTopology (NetworkTopologyImpl.java:add(111)) - Added a new node: /default-rack/49a1584d-cd37-4302-b096-0558ad6a536d
2019-10-04 19:32:46,038 [IPC Server handler 0 on 43231] INFO  node.SCMNodeManager (SCMNodeManager.java:register(268)) - Registered Data node : 49a1584d-cd37-4302-b096-0558ad6a536d{ip: 192.168.30.33, host: pr-hdds-2239-ctfdh-543981580, networkLocation: /default-rack, certSerialId: null}
2019-10-04 19:32:46,039 [EventQueue-NodeRegistrationContainerReportForDataNodeSafeModeRule] INFO  safemode.SCMSafeModeManager (DataNodeSafeModeRule.java:process(71)) - SCM in safe mode. 1 DataNodes registered, 1 required.
2019-10-04 19:32:46,041 [EventQueue-NodeRegistrationContainerReportForDataNodeSafeModeRule] INFO  safemode.SCMSafeModeManager (SCMSafeModeManager.java:validateSafeModeExitRules(177)) - ScmSafeModeManager, all rules are successfully validated
2019-10-04 19:32:46,041 [EventQueue-NodeRegistrationContainerReportForDataNodeSafeModeRule] INFO  safemode.SCMSafeModeManager (SCMSafeModeManager.java:exitSafeMode(193)) - SCM exiting safe mode.
2019-10-04 19:32:46,055 [grpc-default-executor-1] INFO  impl.RaftServerProxy (RaftServerProxy.java:addNew(89)) - 49a1584d-cd37-4302-b096-0558ad6a536d: addNew group-A4DA1BB6CEC6:[49a1584d-cd37-4302-b096-0558ad6a536d:192.168.30.33:44155] returns group-A4DA1BB6CEC6:java.util.concurrent.CompletableFuture@37dbee68[Not completed]
2019-10-04 19:32:46,057 [pool-119-thread-1] INFO  impl.RaftServerImpl (RaftServerImpl.java:<init>(95)) - 49a1584d-cd37-4302-b096-0558ad6a536d: new RaftServerImpl for group-A4DA1BB6CEC6:[49a1584d-cd37-4302-b096-0558ad6a536d:192.168.30.33:44155] with ContainerStateMachine:uninitialized
2019-10-04 19:32:46,057 [pool-119-thread-1] INFO  server.RaftServerConfigKeys (ConfUtils.java:logGet(43)) - raft.server.rpc.timeout.min = 5s (custom)
2019-10-04 19:32:46,057 [pool-119-thread-1] INFO  server.RaftServerConfigKeys (ConfUtils.java:logGet(43)) - raft.server.rpc.timeout.max = 5200ms (custom)
2019-10-04 19:32:46,057 [pool-119-thread-1] INFO  server.RaftServerConfigKeys (ConfUtils.java:logGet(43)) - raft.server.rpcslowness.timeout = 120s (custom)
2019-10-04 19:32:46,058 [pool-119-thread-1] INFO  server.RaftServerConfigKeys (ConfUtils.java:logGet(43)) - raft.server.sleep.deviation.threshold = 300 (default)
2019-10-04 19:32:46,058 [pool-119-thread-1] INFO  server.RaftServerConfigKeys (ConfUtils.java:logGet(43)) - raft.server.log.appender.install.snapshot.enabled = false (custom)
2019-10-04 19:32:46,058 [pool-119-thread-1] INFO  impl.RaftServerImpl (ServerState.java:<init>(103)) - 49a1584d-cd37-4302-b096-0558ad6a536d@group-A4DA1BB6CEC6: ConfigurationManager, init=-1: [49a1584d-cd37-4302-b096-0558ad6a536d:192.168.30.33:44155], old=null, confs=<EMPTY_MAP>
2019-10-04 19:32:46,058 [pool-119-thread-1] INFO  server.RaftServerConfigKeys (ConfUtils.java:logGet(43)) - raft.server.storage.dir = [/workdir/hadoop-ozone/integration-test/target/test-dir/MiniOzoneClusterImpl-0502f5f3-ae85-49d0-a1df-b910b6e75f44/datanode-0/data/ratis] (custom)
2019-10-04 19:32:46,058 [pool-119-thread-1] INFO  server.RaftServerConfigKeys (ConfUtils.java:logGet(43)) - raft.server.log.corruption.policy = EXCEPTION (default)
2019-10-04 19:32:46,059 [pool-119-thread-1] INFO  storage.RaftStorageDirectory (RaftStorageDirectory.java:analyzeStorage(246)) - The storage directory /workdir/hadoop-ozone/integration-test/target/test-dir/MiniOzoneClusterImpl-0502f5f3-ae85-49d0-a1df-b910b6e75f44/datanode-0/data/ratis/54abe58c-daac-4b1f-931c-a4da1bb6cec6 does not exist. Creating ...
2019-10-04 19:32:46,078 [pool-119-thread-1] INFO  storage.RaftStorageDirectory (RaftStorageDirectory.java:tryLock(328)) - Lock on /workdir/hadoop-ozone/integration-test/target/test-dir/MiniOzoneClusterImpl-0502f5f3-ae85-49d0-a1df-b910b6e75f44/datanode-0/data/ratis/54abe58c-daac-4b1f-931c-a4da1bb6cec6/in_use.lock acquired by nodename 29583@pr-hdds-2239-ctfdh-543981580
2019-10-04 19:32:46,103 [pool-119-thread-1] INFO  storage.RaftStorage (RaftStorage.java:format(84)) - Storage directory /workdir/hadoop-ozone/integration-test/target/test-dir/MiniOzoneClusterImpl-0502f5f3-ae85-49d0-a1df-b910b6e75f44/datanode-0/data/ratis/54abe58c-daac-4b1f-931c-a4da1bb6cec6 has been successfully formatted.
2019-10-04 19:32:46,103 [pool-119-thread-1] INFO  ratis.ContainerStateMachine (ContainerStateMachine.java:loadSnapshot(230)) - group-A4DA1BB6CEC6: The snapshot info is null. Setting the last applied indexto:(t:0, i:~)
2019-10-04 19:32:46,103 [pool-119-thread-1] INFO  server.RaftServerConfigKeys (ConfUtils.java:logGet(43)) - raft.server.notification.no-leader.timeout = 120s (custom)
2019-10-04 19:32:46,103 [pool-119-thread-1] INFO  server.RaftServerConfigKeys (ConfUtils.java:logGet(43)) - raft.server.log.use.memory = false (default)
2019-10-04 19:32:46,104 [pool-119-thread-1] INFO  server.RaftServerConfigKeys (ConfUtils.java:logGet(43)) - raft.server.log.purge.gap = 1000000 (custom)
2019-10-04 19:32:46,104 [pool-119-thread-1] INFO  server.RaftServerConfigKeys (ConfUtils.java:logGet(43)) - raft.server.log.appender.buffer.byte-limit = 33554432 (custom)
2019-10-04 19:32:46,104 [pool-119-thread-1] INFO  server.RaftServerConfigKeys (ConfUtils.java:logGet(43)) - raft.server.log.segment.size.max = 1048576 (custom)
2019-10-04 19:32:46,104 [IPC Server handler 1 on 43231] INFO  net.NetworkTopology (NetworkTopologyImpl.java:add(111)) - Added a new node: /default-rack/5ac861b3-07c8-4be4-9e5d-d11ab006ec66
2019-10-04 19:32:46,104 [IPC Server handler 1 on 43231] INFO  node.SCMNodeManager (SCMNodeManager.java:register(268)) - Registered Data node : 5ac861b3-07c8-4be4-9e5d-d11ab006ec66{ip: 192.168.30.33, host: pr-hdds-2239-ctfdh-543981580, networkLocation: /default-rack, certSerialId: null}
2019-10-04 19:32:46,107 [pool-119-thread-1] INFO  server.RaftServerConfigKeys (ConfUtils.java:logGet(43)) - raft.server.log.segment.cache.num.max = 2 (custom)
2019-10-04 19:32:46,107 [pool-119-thread-1] INFO  segmented.SegmentedRaftLogWorker (SegmentedRaftLogWorker.java:<init>(173)) - new 49a1584d-cd37-4302-b096-0558ad6a536d@group-A4DA1BB6CEC6-SegmentedRaftLogWorker for RaftStorage:Storage Directory /workdir/hadoop-ozone/integration-test/target/test-dir/MiniOzoneClusterImpl-0502f5f3-ae85-49d0-a1df-b910b6e75f44/datanode-0/data/ratis/54abe58c-daac-4b1f-931c-a4da1bb6cec6
2019-10-04 19:32:46,107 [pool-119-thread-1] INFO  server.RaftServerConfigKeys (ConfUtils.java:logGet(43)) - raft.server.log.queue.byte-limit = 2147483647 (custom)
2019-10-04 19:32:46,107 [pool-119-thread-1] INFO  server.RaftServerConfigKeys (ConfUtils.java:logGet(43)) - raft.server.log.queue.element-limit = 1024 (custom)
2019-10-04 19:32:46,107 [pool-119-thread-1] INFO  server.RaftServerConfigKeys (ConfUtils.java:logGet(43)) - raft.server.log.segment.size.max = 1048576 (custom)
2019-10-04 19:32:46,108 [pool-119-thread-1] INFO  server.RaftServerConfigKeys (ConfUtils.java:logGet(43)) - raft.server.log.preallocated.size = 16384 (custom)
2019-10-04 19:32:46,108 [pool-119-thread-1] INFO  server.RaftServerConfigKeys (ConfUtils.java:logGet(43)) - raft.server.log.write.buffer.size = 33554432 (custom)
2019-10-04 19:32:46,108 [pool-119-thread-1] INFO  server.RaftServerConfigKeys (ConfUtils.java:logGet(43)) - raft.server.log.force.sync.num = 128 (default)
2019-10-04 19:32:46,108 [pool-119-thread-1] INFO  server.RaftServerConfigKeys (ConfUtils.java:logGet(43)) - raft.server.log.statemachine.data.sync = true (default)
2019-10-04 19:32:46,108 [pool-119-thread-1] INFO  server.RaftServerConfigKeys (ConfUtils.java:logGet(43)) - raft.server.log.statemachine.data.sync.timeout = 10s (default)
2019-10-04 19:32:46,108 [pool-119-thread-1] INFO  server.RaftServerConfigKeys (ConfUtils.java:logGet(43)) - raft.server.log.statemachine.data.sync.timeout.retry = -1 (default)
2019-10-04 19:32:46,109 [pool-119-thread-1] INFO  server.RaftServerConfigKeys (ConfUtils.java:logGet(43)) - raft.server.log.statemachine.data.caching.enabled = true (custom)
2019-10-04 19:32:46,110 [pool-119-thread-1] INFO  segmented.SegmentedRaftLogWorker (SegmentedRaftLogWorker.java:lambda$new$0(128)) - 49a1584d-cd37-4302-b096-0558ad6a536d@group-A4DA1BB6CEC6-SegmentedRaftLogWorker: flushIndex: setUnconditionally 0 -> -1
2019-10-04 19:32:46,110 [pool-119-thread-1] INFO  server.RaftServerConfigKeys (ConfUtils.java:logGet(43)) - raft.server.snapshot.auto.trigger.enabled = true (custom)
2019-10-04 19:32:46,110 [pool-119-thread-1] INFO  server.RaftServerConfigKeys (ConfUtils.java:logGet(43)) - raft.server.snapshot.auto.trigger.threshold = 10000 (custom)
2019-10-04 19:32:46,111 [pool-119-thread-1] INFO  server.RaftServerConfigKeys (ConfUtils.java:logGet(43)) - raft.server.snapshot.retention.file.num = 5 (custom)
2019-10-04 19:32:46,111 [pool-119-thread-1] INFO  server.RaftServerConfigKeys (ConfUtils.java:logGet(43)) - raft.server.retrycache.expirytime = 600000ms (custom)
2019-10-04 19:32:46,114 [pool-119-thread-1] INFO  impl.RaftServerImpl (RaftServerImpl.java:start(181)) - 49a1584d-cd37-4302-b096-0558ad6a536d@group-A4DA1BB6CEC6: start as a follower, conf=-1: [49a1584d-cd37-4302-b096-0558ad6a536d:192.168.30.33:44155], old=null
2019-10-04 19:32:46,114 [pool-119-thread-1] INFO  impl.RaftServerImpl (RaftServerImpl.java:setRole(170)) - 49a1584d-cd37-4302-b096-0558ad6a536d@group-A4DA1BB6CEC6: changes role from      null to FOLLOWER at term 0 for startAsFollower
2019-10-04 19:32:46,114 [pool-119-thread-1] INFO  impl.RoleInfo (RoleInfo.java:updateAndGet(143)) - 49a1584d-cd37-4302-b096-0558ad6a536d: start FollowerState
2019-10-04 19:32:46,115 [pool-119-thread-1] INFO  util.JmxRegister (JmxRegister.java:tryRegister(44)) - Successfully registered JMX Bean with object name Ratis:service=RaftServer,group=group-A4DA1BB6CEC6,id=49a1584d-cd37-4302-b096-0558ad6a536d
2019-10-04 19:32:46,121 [RatisPipelineUtilsThread] INFO  pipeline.PipelineStateManager (PipelineStateManager.java:addPipeline(56)) - Created pipeline Pipeline[ Id: 54abe58c-daac-4b1f-931c-a4da1bb6cec6, Nodes: 49a1584d-cd37-4302-b096-0558ad6a536d{ip: 192.168.30.33, host: pr-hdds-2239-ctfdh-543981580, networkLocation: /default-rack, certSerialId: null}, Type:RATIS, Factor:ONE, State:OPEN]
2019-10-04 19:32:46,129 [grpc-default-executor-1] INFO  impl.RaftServerProxy (RaftServerProxy.java:addNew(89)) - 5ac861b3-07c8-4be4-9e5d-d11ab006ec66: addNew group-3965C6050932:[5ac861b3-07c8-4be4-9e5d-d11ab006ec66:192.168.30.33:40871] returns group-3965C6050932:java.util.concurrent.CompletableFuture@252e4b4a[Not completed]
2019-10-04 19:32:46,131 [pool-129-thread-1] INFO  impl.RaftServerImpl (RaftServerImpl.java:<init>(95)) - 5ac861b3-07c8-4be4-9e5d-d11ab006ec66: new RaftServerImpl for group-3965C6050932:[5ac861b3-07c8-4be4-9e5d-d11ab006ec66:192.168.30.33:40871] with ContainerStateMachine:uninitialized
2019-10-04 19:32:46,131 [pool-129-thread-1] INFO  server.RaftServerConfigKeys (ConfUtils.java:logGet(43)) - raft.server.rpc.timeout.min = 5s (custom)
2019-10-04 19:32:46,132 [pool-129-thread-1] INFO  server.RaftServerConfigKeys (ConfUtils.java:logGet(43)) - raft.server.rpc.timeout.max = 5200ms (custom)
2019-10-04 19:32:46,132 [pool-129-thread-1] INFO  server.RaftServerConfigKeys (ConfUtils.java:logGet(43)) - raft.server.rpcslowness.timeout = 120s (custom)
2019-10-04 19:32:46,132 [pool-129-thread-1] INFO  server.RaftServerConfigKeys (ConfUtils.java:logGet(43)) - raft.server.sleep.deviation.threshold = 300 (default)
2019-10-04 19:32:46,132 [pool-129-thread-1] INFO  server.RaftServerConfigKeys (ConfUtils.java:logGet(43)) - raft.server.log.appender.install.snapshot.enabled = false (custom)
2019-10-04 19:32:46,132 [pool-129-thread-1] INFO  impl.RaftServerImpl (ServerState.java:<init>(103)) - 5ac861b3-07c8-4be4-9e5d-d11ab006ec66@group-3965C6050932: ConfigurationManager, init=-1: [5ac861b3-07c8-4be4-9e5d-d11ab006ec66:192.168.30.33:40871], old=null, confs=<EMPTY_MAP>
2019-10-04 19:32:46,133 [pool-129-thread-1] INFO  server.RaftServerConfigKeys (ConfUtils.java:logGet(43)) - raft.server.storage.dir = [/workdir/hadoop-ozone/integration-test/target/test-dir/MiniOzoneClusterImpl-0502f5f3-ae85-49d0-a1df-b910b6e75f44/datanode-1/data/ratis] (custom)
2019-10-04 19:32:46,133 [pool-129-thread-1] INFO  server.RaftServerConfigKeys (ConfUtils.java:logGet(43)) - raft.server.log.corruption.policy = EXCEPTION (default)
2019-10-04 19:32:46,133 [pool-129-thread-1] INFO  storage.RaftStorageDirectory (RaftStorageDirectory.java:analyzeStorage(246)) - The storage directory /workdir/hadoop-ozone/integration-test/target/test-dir/MiniOzoneClusterImpl-0502f5f3-ae85-49d0-a1df-b910b6e75f44/datanode-1/data/ratis/e7585c43-db95-46e1-b561-3965c6050932 does not exist. Creating ...
2019-10-04 19:32:46,153 [pool-129-thread-1] INFO  storage.RaftStorageDirectory (RaftStorageDirectory.java:tryLock(328)) - Lock on /workdir/hadoop-ozone/integration-test/target/test-dir/MiniOzoneClusterImpl-0502f5f3-ae85-49d0-a1df-b910b6e75f44/datanode-1/data/ratis/e7585c43-db95-46e1-b561-3965c6050932/in_use.lock acquired by nodename 29583@pr-hdds-2239-ctfdh-543981580
2019-10-04 19:32:46,169 [IPC Server handler 2 on 43231] INFO  net.NetworkTopology (NetworkTopologyImpl.java:add(111)) - Added a new node: /default-rack/5c1618f3-71c2-48a0-8463-ff7ec92ae88c
2019-10-04 19:32:46,169 [IPC Server handler 2 on 43231] INFO  node.SCMNodeManager (SCMNodeManager.java:register(268)) - Registered Data node : 5c1618f3-71c2-48a0-8463-ff7ec92ae88c{ip: 192.168.30.33, host: pr-hdds-2239-ctfdh-543981580, networkLocation: /default-rack, certSerialId: null}
2019-10-04 19:32:46,179 [pool-129-thread-1] INFO  storage.RaftStorage (RaftStorage.java:format(84)) - Storage directory /workdir/hadoop-ozone/integration-test/target/test-dir/MiniOzoneClusterImpl-0502f5f3-ae85-49d0-a1df-b910b6e75f44/datanode-1/data/ratis/e7585c43-db95-46e1-b561-3965c6050932 has been successfully formatted.
2019-10-04 19:32:46,179 [pool-129-thread-1] INFO  ratis.ContainerStateMachine (ContainerStateMachine.java:loadSnapshot(230)) - group-3965C6050932: The snapshot info is null. Setting the last applied indexto:(t:0, i:~)
2019-10-04 19:32:46,179 [pool-129-thread-1] INFO  server.RaftServerConfigKeys (ConfUtils.java:logGet(43)) - raft.server.notification.no-leader.timeout = 120s (custom)
2019-10-04 19:32:46,179 [pool-129-thread-1] INFO  server.RaftServerConfigKeys (ConfUtils.java:logGet(43)) - raft.server.log.use.memory = false (default)
2019-10-04 19:32:46,179 [pool-129-thread-1] INFO  server.RaftServerConfigKeys (ConfUtils.java:logGet(43)) - raft.server.log.purge.gap = 1000000 (custom)
2019-10-04 19:32:46,180 [pool-129-thread-1] INFO  server.RaftServerConfigKeys (ConfUtils.java:logGet(43)) - raft.server.log.appender.buffer.byte-limit = 33554432 (custom)
2019-10-04 19:32:46,180 [pool-129-thread-1] INFO  server.RaftServerConfigKeys (ConfUtils.java:logGet(43)) - raft.server.log.segment.size.max = 1048576 (custom)
2019-10-04 19:32:46,182 [pool-129-thread-1] INFO  server.RaftServerConfigKeys (ConfUtils.java:logGet(43)) - raft.server.log.segment.cache.num.max = 2 (custom)
2019-10-04 19:32:46,182 [pool-129-thread-1] INFO  segmented.SegmentedRaftLogWorker (SegmentedRaftLogWorker.java:<init>(173)) - new 5ac861b3-07c8-4be4-9e5d-d11ab006ec66@group-3965C6050932-SegmentedRaftLogWorker for RaftStorage:Storage Directory /workdir/hadoop-ozone/integration-test/target/test-dir/MiniOzoneClusterImpl-0502f5f3-ae85-49d0-a1df-b910b6e75f44/datanode-1/data/ratis/e7585c43-db95-46e1-b561-3965c6050932
2019-10-04 19:32:46,182 [pool-129-thread-1] INFO  server.RaftServerConfigKeys (ConfUtils.java:logGet(43)) - raft.server.log.queue.byte-limit = 2147483647 (custom)
2019-10-04 19:32:46,183 [pool-129-thread-1] INFO  server.RaftServerConfigKeys (ConfUtils.java:logGet(43)) - raft.server.log.queue.element-limit = 1024 (custom)
2019-10-04 19:32:46,183 [pool-129-thread-1] INFO  server.RaftServerConfigKeys (ConfUtils.java:logGet(43)) - raft.server.log.segment.size.max = 1048576 (custom)
2019-10-04 19:32:46,183 [pool-129-thread-1] INFO  server.RaftServerConfigKeys (ConfUtils.java:logGet(43)) - raft.server.log.preallocated.size = 16384 (custom)
2019-10-04 19:32:46,183 [pool-129-thread-1] INFO  server.RaftServerConfigKeys (ConfUtils.java:logGet(43)) - raft.server.log.write.buffer.size = 33554432 (custom)
2019-10-04 19:32:46,183 [pool-129-thread-1] INFO  server.RaftServerConfigKeys (ConfUtils.java:logGet(43)) - raft.server.log.force.sync.num = 128 (default)
2019-10-04 19:32:46,183 [pool-129-thread-1] INFO  server.RaftServerConfigKeys (ConfUtils.java:logGet(43)) - raft.server.log.statemachine.data.sync = true (default)
2019-10-04 19:32:46,183 [pool-129-thread-1] INFO  server.RaftServerConfigKeys (ConfUtils.java:logGet(43)) - raft.server.log.statemachine.data.sync.timeout = 10s (default)
2019-10-04 19:32:46,184 [pool-129-thread-1] INFO  server.RaftServerConfigKeys (ConfUtils.java:logGet(43)) - raft.server.log.statemachine.data.sync.timeout.retry = -1 (default)
2019-10-04 19:32:46,184 [pool-129-thread-1] INFO  server.RaftServerConfigKeys (ConfUtils.java:logGet(43)) - raft.server.log.statemachine.data.caching.enabled = true (custom)
2019-10-04 19:32:46,185 [pool-129-thread-1] INFO  segmented.SegmentedRaftLogWorker (SegmentedRaftLogWorker.java:lambda$new$0(128)) - 5ac861b3-07c8-4be4-9e5d-d11ab006ec66@group-3965C6050932-SegmentedRaftLogWorker: flushIndex: setUnconditionally 0 -> -1
2019-10-04 19:32:46,185 [pool-129-thread-1] INFO  server.RaftServerConfigKeys (ConfUtils.java:logGet(43)) - raft.server.snapshot.auto.trigger.enabled = true (custom)
2019-10-04 19:32:46,185 [pool-129-thread-1] INFO  server.RaftServerConfigKeys (ConfUtils.java:logGet(43)) - raft.server.snapshot.auto.trigger.threshold = 10000 (custom)
2019-10-04 19:32:46,185 [pool-129-thread-1] INFO  server.RaftServerConfigKeys (ConfUtils.java:logGet(43)) - raft.server.snapshot.retention.file.num = 5 (custom)
2019-10-04 19:32:46,186 [pool-129-thread-1] INFO  server.RaftServerConfigKeys (ConfUtils.java:logGet(43)) - raft.server.retrycache.expirytime = 600000ms (custom)
2019-10-04 19:32:46,188 [pool-129-thread-1] INFO  impl.RaftServerImpl (RaftServerImpl.java:start(181)) - 5ac861b3-07c8-4be4-9e5d-d11ab006ec66@group-3965C6050932: start as a follower, conf=-1: [5ac861b3-07c8-4be4-9e5d-d11ab006ec66:192.168.30.33:40871], old=null
2019-10-04 19:32:46,189 [pool-129-thread-1] INFO  impl.RaftServerImpl (RaftServerImpl.java:setRole(170)) - 5ac861b3-07c8-4be4-9e5d-d11ab006ec66@group-3965C6050932: changes role from      null to FOLLOWER at term 0 for startAsFollower
2019-10-04 19:32:46,189 [pool-129-thread-1] INFO  impl.RoleInfo (RoleInfo.java:updateAndGet(143)) - 5ac861b3-07c8-4be4-9e5d-d11ab006ec66: start FollowerState
2019-10-04 19:32:46,189 [pool-129-thread-1] INFO  util.JmxRegister (JmxRegister.java:tryRegister(44)) - Successfully registered JMX Bean with object name Ratis:service=RaftServer,group=group-3965C6050932,id=5ac861b3-07c8-4be4-9e5d-d11ab006ec66
2019-10-04 19:32:46,195 [RatisPipelineUtilsThread] INFO  pipeline.PipelineStateManager (PipelineStateManager.java:addPipeline(56)) - Created pipeline Pipeline[ Id: e7585c43-db95-46e1-b561-3965c6050932, Nodes: 5ac861b3-07c8-4be4-9e5d-d11ab006ec66{ip: 192.168.30.33, host: pr-hdds-2239-ctfdh-543981580, networkLocation: /default-rack, certSerialId: null}, Type:RATIS, Factor:ONE, State:OPEN]
2019-10-04 19:32:46,205 [grpc-default-executor-1] INFO  impl.RaftServerProxy (RaftServerProxy.java:addNew(89)) - 5c1618f3-71c2-48a0-8463-ff7ec92ae88c: addNew group-0D2383FC21FB:[5c1618f3-71c2-48a0-8463-ff7ec92ae88c:192.168.30.33:41803] returns group-0D2383FC21FB:java.util.concurrent.CompletableFuture@7542a32f[Not completed]
2019-10-04 19:32:46,211 [pool-139-thread-1] INFO  impl.RaftServerImpl (RaftServerImpl.java:<init>(95)) - 5c1618f3-71c2-48a0-8463-ff7ec92ae88c: new RaftServerImpl for group-0D2383FC21FB:[5c1618f3-71c2-48a0-8463-ff7ec92ae88c:192.168.30.33:41803] with ContainerStateMachine:uninitialized
2019-10-04 19:32:46,211 [pool-139-thread-1] INFO  server.RaftServerConfigKeys (ConfUtils.java:logGet(43)) - raft.server.rpc.timeout.min = 5s (custom)
2019-10-04 19:32:46,211 [pool-139-thread-1] INFO  server.RaftServerConfigKeys (ConfUtils.java:logGet(43)) - raft.server.rpc.timeout.max = 5200ms (custom)
2019-10-04 19:32:46,211 [pool-139-thread-1] INFO  server.RaftServerConfigKeys (ConfUtils.java:logGet(43)) - raft.server.rpcslowness.timeout = 120s (custom)
2019-10-04 19:32:46,211 [pool-139-thread-1] INFO  server.RaftServerConfigKeys (ConfUtils.java:logGet(43)) - raft.server.sleep.deviation.threshold = 300 (default)
2019-10-04 19:32:46,211 [pool-139-thread-1] INFO  server.RaftServerConfigKeys (ConfUtils.java:logGet(43)) - raft.server.log.appender.install.snapshot.enabled = false (custom)
2019-10-04 19:32:46,212 [pool-139-thread-1] INFO  impl.RaftServerImpl (ServerState.java:<init>(103)) - 5c1618f3-71c2-48a0-8463-ff7ec92ae88c@group-0D2383FC21FB: ConfigurationManager, init=-1: [5c1618f3-71c2-48a0-8463-ff7ec92ae88c:192.168.30.33:41803], old=null, confs=<EMPTY_MAP>
2019-10-04 19:32:46,212 [pool-139-thread-1] INFO  server.RaftServerConfigKeys (ConfUtils.java:logGet(43)) - raft.server.storage.dir = [/workdir/hadoop-ozone/integration-test/target/test-dir/MiniOzoneClusterImpl-0502f5f3-ae85-49d0-a1df-b910b6e75f44/datanode-2/data/ratis] (custom)
2019-10-04 19:32:46,212 [pool-139-thread-1] INFO  server.RaftServerConfigKeys (ConfUtils.java:logGet(43)) - raft.server.log.corruption.policy = EXCEPTION (default)
2019-10-04 19:32:46,212 [pool-139-thread-1] INFO  storage.RaftStorageDirectory (RaftStorageDirectory.java:analyzeStorage(246)) - The storage directory /workdir/hadoop-ozone/integration-test/target/test-dir/MiniOzoneClusterImpl-0502f5f3-ae85-49d0-a1df-b910b6e75f44/datanode-2/data/ratis/03125d42-cc8f-4f3e-bcaf-0d2383fc21fb does not exist. Creating ...
2019-10-04 19:32:46,238 [pool-139-thread-1] INFO  storage.RaftStorageDirectory (RaftStorageDirectory.java:tryLock(328)) - Lock on /workdir/hadoop-ozone/integration-test/target/test-dir/MiniOzoneClusterImpl-0502f5f3-ae85-49d0-a1df-b910b6e75f44/datanode-2/data/ratis/03125d42-cc8f-4f3e-bcaf-0d2383fc21fb/in_use.lock acquired by nodename 29583@pr-hdds-2239-ctfdh-543981580
2019-10-04 19:32:46,239 [IPC Server handler 3 on 43231] INFO  net.NetworkTopology (NetworkTopologyImpl.java:add(111)) - Added a new node: /default-rack/9177c858-a268-40f9-9002-b55f0938111c
2019-10-04 19:32:46,239 [IPC Server handler 3 on 43231] INFO  node.SCMNodeManager (SCMNodeManager.java:register(268)) - Registered Data node : 9177c858-a268-40f9-9002-b55f0938111c{ip: 192.168.30.33, host: pr-hdds-2239-ctfdh-543981580, networkLocation: /default-rack, certSerialId: null}
2019-10-04 19:32:46,263 [pool-139-thread-1] INFO  storage.RaftStorage (RaftStorage.java:format(84)) - Storage directory /workdir/hadoop-ozone/integration-test/target/test-dir/MiniOzoneClusterImpl-0502f5f3-ae85-49d0-a1df-b910b6e75f44/datanode-2/data/ratis/03125d42-cc8f-4f3e-bcaf-0d2383fc21fb has been successfully formatted.
2019-10-04 19:32:46,263 [pool-139-thread-1] INFO  ratis.ContainerStateMachine (ContainerStateMachine.java:loadSnapshot(230)) - group-0D2383FC21FB: The snapshot info is null. Setting the last applied indexto:(t:0, i:~)
2019-10-04 19:32:46,264 [pool-139-thread-1] INFO  server.RaftServerConfigKeys (ConfUtils.java:logGet(43)) - raft.server.notification.no-leader.timeout = 120s (custom)
2019-10-04 19:32:46,264 [pool-139-thread-1] INFO  server.RaftServerConfigKeys (ConfUtils.java:logGet(43)) - raft.server.log.use.memory = false (default)
2019-10-04 19:32:46,264 [pool-139-thread-1] INFO  server.RaftServerConfigKeys (ConfUtils.java:logGet(43)) - raft.server.log.purge.gap = 1000000 (custom)
2019-10-04 19:32:46,264 [pool-139-thread-1] INFO  server.RaftServerConfigKeys (ConfUtils.java:logGet(43)) - raft.server.log.appender.buffer.byte-limit = 33554432 (custom)
2019-10-04 19:32:46,264 [pool-139-thread-1] INFO  server.RaftServerConfigKeys (ConfUtils.java:logGet(43)) - raft.server.log.segment.size.max = 1048576 (custom)
2019-10-04 19:32:46,266 [pool-139-thread-1] INFO  server.RaftServerConfigKeys (ConfUtils.java:logGet(43)) - raft.server.log.segment.cache.num.max = 2 (custom)
2019-10-04 19:32:46,266 [pool-139-thread-1] INFO  segmented.SegmentedRaftLogWorker (SegmentedRaftLogWorker.java:<init>(173)) - new 5c1618f3-71c2-48a0-8463-ff7ec92ae88c@group-0D2383FC21FB-SegmentedRaftLogWorker for RaftStorage:Storage Directory /workdir/hadoop-ozone/integration-test/target/test-dir/MiniOzoneClusterImpl-0502f5f3-ae85-49d0-a1df-b910b6e75f44/datanode-2/data/ratis/03125d42-cc8f-4f3e-bcaf-0d2383fc21fb
2019-10-04 19:32:46,266 [pool-139-thread-1] INFO  server.RaftServerConfigKeys (ConfUtils.java:logGet(43)) - raft.server.log.queue.byte-limit = 2147483647 (custom)
2019-10-04 19:32:46,267 [pool-139-thread-1] INFO  server.RaftServerConfigKeys (ConfUtils.java:logGet(43)) - raft.server.log.queue.element-limit = 1024 (custom)
2019-10-04 19:32:46,267 [pool-139-thread-1] INFO  server.RaftServerConfigKeys (ConfUtils.java:logGet(43)) - raft.server.log.segment.size.max = 1048576 (custom)
2019-10-04 19:32:46,267 [pool-139-thread-1] INFO  server.RaftServerConfigKeys (ConfUtils.java:logGet(43)) - raft.server.log.preallocated.size = 16384 (custom)
2019-10-04 19:32:46,267 [pool-139-thread-1] INFO  server.RaftServerConfigKeys (ConfUtils.java:logGet(43)) - raft.server.log.write.buffer.size = 33554432 (custom)
2019-10-04 19:32:46,267 [pool-139-thread-1] INFO  server.RaftServerConfigKeys (ConfUtils.java:logGet(43)) - raft.server.log.force.sync.num = 128 (default)
2019-10-04 19:32:46,267 [pool-139-thread-1] INFO  server.RaftServerConfigKeys (ConfUtils.java:logGet(43)) - raft.server.log.statemachine.data.sync = true (default)
2019-10-04 19:32:46,267 [pool-139-thread-1] INFO  server.RaftServerConfigKeys (ConfUtils.java:logGet(43)) - raft.server.log.statemachine.data.sync.timeout = 10s (default)
2019-10-04 19:32:46,267 [pool-139-thread-1] INFO  server.RaftServerConfigKeys (ConfUtils.java:logGet(43)) - raft.server.log.statemachine.data.sync.timeout.retry = -1 (default)
2019-10-04 19:32:46,268 [pool-139-thread-1] INFO  server.RaftServerConfigKeys (ConfUtils.java:logGet(43)) - raft.server.log.statemachine.data.caching.enabled = true (custom)
2019-10-04 19:32:46,268 [pool-139-thread-1] INFO  segmented.SegmentedRaftLogWorker (SegmentedRaftLogWorker.java:lambda$new$0(128)) - 5c1618f3-71c2-48a0-8463-ff7ec92ae88c@group-0D2383FC21FB-SegmentedRaftLogWorker: flushIndex: setUnconditionally 0 -> -1
2019-10-04 19:32:46,269 [pool-139-thread-1] INFO  server.RaftServerConfigKeys (ConfUtils.java:logGet(43)) - raft.server.snapshot.auto.trigger.enabled = true (custom)
2019-10-04 19:32:46,269 [pool-139-thread-1] INFO  server.RaftServerConfigKeys (ConfUtils.java:logGet(43)) - raft.server.snapshot.auto.trigger.threshold = 10000 (custom)
2019-10-04 19:32:46,269 [pool-139-thread-1] INFO  server.RaftServerConfigKeys (ConfUtils.java:logGet(43)) - raft.server.snapshot.retention.file.num = 5 (custom)
2019-10-04 19:32:46,269 [pool-139-thread-1] INFO  server.RaftServerConfigKeys (ConfUtils.java:logGet(43)) - raft.server.retrycache.expirytime = 600000ms (custom)
2019-10-04 19:32:46,271 [pool-139-thread-1] INFO  impl.RaftServerImpl (RaftServerImpl.java:start(181)) - 5c1618f3-71c2-48a0-8463-ff7ec92ae88c@group-0D2383FC21FB: start as a follower, conf=-1: [5c1618f3-71c2-48a0-8463-ff7ec92ae88c:192.168.30.33:41803], old=null
2019-10-04 19:32:46,271 [pool-139-thread-1] INFO  impl.RaftServerImpl (RaftServerImpl.java:setRole(170)) - 5c1618f3-71c2-48a0-8463-ff7ec92ae88c@group-0D2383FC21FB: changes role from      null to FOLLOWER at term 0 for startAsFollower
2019-10-04 19:32:46,271 [pool-139-thread-1] INFO  impl.RoleInfo (RoleInfo.java:updateAndGet(143)) - 5c1618f3-71c2-48a0-8463-ff7ec92ae88c: start FollowerState
2019-10-04 19:32:46,272 [pool-139-thread-1] INFO  util.JmxRegister (JmxRegister.java:tryRegister(44)) - Successfully registered JMX Bean with object name Ratis:service=RaftServer,group=group-0D2383FC21FB,id=5c1618f3-71c2-48a0-8463-ff7ec92ae88c
2019-10-04 19:32:46,277 [RatisPipelineUtilsThread] INFO  pipeline.PipelineStateManager (PipelineStateManager.java:addPipeline(56)) - Created pipeline Pipeline[ Id: 03125d42-cc8f-4f3e-bcaf-0d2383fc21fb, Nodes: 5c1618f3-71c2-48a0-8463-ff7ec92ae88c{ip: 192.168.30.33, host: pr-hdds-2239-ctfdh-543981580, networkLocation: /default-rack, certSerialId: null}, Type:RATIS, Factor:ONE, State:OPEN]
2019-10-04 19:32:46,285 [grpc-default-executor-1] INFO  impl.RaftServerProxy (RaftServerProxy.java:addNew(89)) - 9177c858-a268-40f9-9002-b55f0938111c: addNew group-BBD2C5C4BF9E:[9177c858-a268-40f9-9002-b55f0938111c:192.168.30.33:45809] returns group-BBD2C5C4BF9E:java.util.concurrent.CompletableFuture@f9505c3[Not completed]
2019-10-04 19:32:46,291 [pool-149-thread-1] INFO  impl.RaftServerImpl (RaftServerImpl.java:<init>(95)) - 9177c858-a268-40f9-9002-b55f0938111c: new RaftServerImpl for group-BBD2C5C4BF9E:[9177c858-a268-40f9-9002-b55f0938111c:192.168.30.33:45809] with ContainerStateMachine:uninitialized
2019-10-04 19:32:46,292 [pool-149-thread-1] INFO  server.RaftServerConfigKeys (ConfUtils.java:logGet(43)) - raft.server.rpc.timeout.min = 5s (custom)
2019-10-04 19:32:46,292 [pool-149-thread-1] INFO  server.RaftServerConfigKeys (ConfUtils.java:logGet(43)) - raft.server.rpc.timeout.max = 5200ms (custom)
2019-10-04 19:32:46,292 [pool-149-thread-1] INFO  server.RaftServerConfigKeys (ConfUtils.java:logGet(43)) - raft.server.rpcslowness.timeout = 120s (custom)
2019-10-04 19:32:46,292 [pool-149-thread-1] INFO  server.RaftServerConfigKeys (ConfUtils.java:logGet(43)) - raft.server.sleep.deviation.threshold = 300 (default)
2019-10-04 19:32:46,292 [pool-149-thread-1] INFO  server.RaftServerConfigKeys (ConfUtils.java:logGet(43)) - raft.server.log.appender.install.snapshot.enabled = false (custom)
2019-10-04 19:32:46,292 [pool-149-thread-1] INFO  impl.RaftServerImpl (ServerState.java:<init>(103)) - 9177c858-a268-40f9-9002-b55f0938111c@group-BBD2C5C4BF9E: ConfigurationManager, init=-1: [9177c858-a268-40f9-9002-b55f0938111c:192.168.30.33:45809], old=null, confs=<EMPTY_MAP>
2019-10-04 19:32:46,293 [pool-149-thread-1] INFO  server.RaftServerConfigKeys (ConfUtils.java:logGet(43)) - raft.server.storage.dir = [/workdir/hadoop-ozone/integration-test/target/test-dir/MiniOzoneClusterImpl-0502f5f3-ae85-49d0-a1df-b910b6e75f44/datanode-3/data/ratis] (custom)
2019-10-04 19:32:46,293 [pool-149-thread-1] INFO  server.RaftServerConfigKeys (ConfUtils.java:logGet(43)) - raft.server.log.corruption.policy = EXCEPTION (default)
2019-10-04 19:32:46,293 [pool-149-thread-1] INFO  storage.RaftStorageDirectory (RaftStorageDirectory.java:analyzeStorage(246)) - The storage directory /workdir/hadoop-ozone/integration-test/target/test-dir/MiniOzoneClusterImpl-0502f5f3-ae85-49d0-a1df-b910b6e75f44/datanode-3/data/ratis/115c0853-033d-4e81-a7f7-bbd2c5c4bf9e does not exist. Creating ...
2019-10-04 19:32:46,319 [IPC Server handler 5 on 43231] INFO  net.NetworkTopology (NetworkTopologyImpl.java:add(111)) - Added a new node: /default-rack/2cd22177-8dc0-4d5f-89f9-7752b425b8cc
2019-10-04 19:32:46,319 [IPC Server handler 5 on 43231] INFO  node.SCMNodeManager (SCMNodeManager.java:register(268)) - Registered Data node : 2cd22177-8dc0-4d5f-89f9-7752b425b8cc{ip: 192.168.30.33, host: pr-hdds-2239-ctfdh-543981580, networkLocation: /default-rack, certSerialId: null}
2019-10-04 19:32:46,322 [pool-149-thread-1] INFO  storage.RaftStorageDirectory (RaftStorageDirectory.java:tryLock(328)) - Lock on /workdir/hadoop-ozone/integration-test/target/test-dir/MiniOzoneClusterImpl-0502f5f3-ae85-49d0-a1df-b910b6e75f44/datanode-3/data/ratis/115c0853-033d-4e81-a7f7-bbd2c5c4bf9e/in_use.lock acquired by nodename 29583@pr-hdds-2239-ctfdh-543981580
2019-10-04 19:32:46,348 [pool-149-thread-1] INFO  storage.RaftStorage (RaftStorage.java:format(84)) - Storage directory /workdir/hadoop-ozone/integration-test/target/test-dir/MiniOzoneClusterImpl-0502f5f3-ae85-49d0-a1df-b910b6e75f44/datanode-3/data/ratis/115c0853-033d-4e81-a7f7-bbd2c5c4bf9e has been successfully formatted.
2019-10-04 19:32:46,348 [pool-149-thread-1] INFO  ratis.ContainerStateMachine (ContainerStateMachine.java:loadSnapshot(230)) - group-BBD2C5C4BF9E: The snapshot info is null. Setting the last applied indexto:(t:0, i:~)
2019-10-04 19:32:46,348 [pool-149-thread-1] INFO  server.RaftServerConfigKeys (ConfUtils.java:logGet(43)) - raft.server.notification.no-leader.timeout = 120s (custom)
2019-10-04 19:32:46,348 [pool-149-thread-1] INFO  server.RaftServerConfigKeys (ConfUtils.java:logGet(43)) - raft.server.log.use.memory = false (default)
2019-10-04 19:32:46,348 [pool-149-thread-1] INFO  server.RaftServerConfigKeys (ConfUtils.java:logGet(43)) - raft.server.log.purge.gap = 1000000 (custom)
2019-10-04 19:32:46,349 [pool-149-thread-1] INFO  server.RaftServerConfigKeys (ConfUtils.java:logGet(43)) - raft.server.log.appender.buffer.byte-limit = 33554432 (custom)
2019-10-04 19:32:46,349 [pool-149-thread-1] INFO  server.RaftServerConfigKeys (ConfUtils.java:logGet(43)) - raft.server.log.segment.size.max = 1048576 (custom)
2019-10-04 19:32:46,350 [pool-149-thread-1] INFO  server.RaftServerConfigKeys (ConfUtils.java:logGet(43)) - raft.server.log.segment.cache.num.max = 2 (custom)
2019-10-04 19:32:46,350 [pool-149-thread-1] INFO  segmented.SegmentedRaftLogWorker (SegmentedRaftLogWorker.java:<init>(173)) - new 9177c858-a268-40f9-9002-b55f0938111c@group-BBD2C5C4BF9E-SegmentedRaftLogWorker for RaftStorage:Storage Directory /workdir/hadoop-ozone/integration-test/target/test-dir/MiniOzoneClusterImpl-0502f5f3-ae85-49d0-a1df-b910b6e75f44/datanode-3/data/ratis/115c0853-033d-4e81-a7f7-bbd2c5c4bf9e
2019-10-04 19:32:46,351 [pool-149-thread-1] INFO  server.RaftServerConfigKeys (ConfUtils.java:logGet(43)) - raft.server.log.queue.byte-limit = 2147483647 (custom)
2019-10-04 19:32:46,351 [pool-149-thread-1] INFO  server.RaftServerConfigKeys (ConfUtils.java:logGet(43)) - raft.server.log.queue.element-limit = 1024 (custom)
2019-10-04 19:32:46,351 [pool-149-thread-1] INFO  server.RaftServerConfigKeys (ConfUtils.java:logGet(43)) - raft.server.log.segment.size.max = 1048576 (custom)
2019-10-04 19:32:46,351 [pool-149-thread-1] INFO  server.RaftServerConfigKeys (ConfUtils.java:logGet(43)) - raft.server.log.preallocated.size = 16384 (custom)
2019-10-04 19:32:46,351 [pool-149-thread-1] INFO  server.RaftServerConfigKeys (ConfUtils.java:logGet(43)) - raft.server.log.write.buffer.size = 33554432 (custom)
2019-10-04 19:32:46,351 [pool-149-thread-1] INFO  server.RaftServerConfigKeys (ConfUtils.java:logGet(43)) - raft.server.log.force.sync.num = 128 (default)
2019-10-04 19:32:46,351 [pool-149-thread-1] INFO  server.RaftServerConfigKeys (ConfUtils.java:logGet(43)) - raft.server.log.statemachine.data.sync = true (default)
2019-10-04 19:32:46,351 [pool-149-thread-1] INFO  server.RaftServerConfigKeys (ConfUtils.java:logGet(43)) - raft.server.log.statemachine.data.sync.timeout = 10s (default)
2019-10-04 19:32:46,351 [pool-149-thread-1] INFO  server.RaftServerConfigKeys (ConfUtils.java:logGet(43)) - raft.server.log.statemachine.data.sync.timeout.retry = -1 (default)
2019-10-04 19:32:46,352 [pool-149-thread-1] INFO  server.RaftServerConfigKeys (ConfUtils.java:logGet(43)) - raft.server.log.statemachine.data.caching.enabled = true (custom)
2019-10-04 19:32:46,352 [pool-149-thread-1] INFO  segmented.SegmentedRaftLogWorker (SegmentedRaftLogWorker.java:lambda$new$0(128)) - 9177c858-a268-40f9-9002-b55f0938111c@group-BBD2C5C4BF9E-SegmentedRaftLogWorker: flushIndex: setUnconditionally 0 -> -1
2019-10-04 19:32:46,352 [pool-149-thread-1] INFO  server.RaftServerConfigKeys (ConfUtils.java:logGet(43)) - raft.server.snapshot.auto.trigger.enabled = true (custom)
2019-10-04 19:32:46,352 [pool-149-thread-1] INFO  server.RaftServerConfigKeys (ConfUtils.java:logGet(43)) - raft.server.snapshot.auto.trigger.threshold = 10000 (custom)
2019-10-04 19:32:46,352 [pool-149-thread-1] INFO  server.RaftServerConfigKeys (ConfUtils.java:logGet(43)) - raft.server.snapshot.retention.file.num = 5 (custom)
2019-10-04 19:32:46,353 [pool-149-thread-1] INFO  server.RaftServerConfigKeys (ConfUtils.java:logGet(43)) - raft.server.retrycache.expirytime = 600000ms (custom)
2019-10-04 19:32:46,354 [pool-149-thread-1] INFO  impl.RaftServerImpl (RaftServerImpl.java:start(181)) - 9177c858-a268-40f9-9002-b55f0938111c@group-BBD2C5C4BF9E: start as a follower, conf=-1: [9177c858-a268-40f9-9002-b55f0938111c:192.168.30.33:45809], old=null
2019-10-04 19:32:46,355 [pool-149-thread-1] INFO  impl.RaftServerImpl (RaftServerImpl.java:setRole(170)) - 9177c858-a268-40f9-9002-b55f0938111c@group-BBD2C5C4BF9E: changes role from      null to FOLLOWER at term 0 for startAsFollower
2019-10-04 19:32:46,355 [pool-149-thread-1] INFO  impl.RoleInfo (RoleInfo.java:updateAndGet(143)) - 9177c858-a268-40f9-9002-b55f0938111c: start FollowerState
2019-10-04 19:32:46,363 [pool-149-thread-1] INFO  util.JmxRegister (JmxRegister.java:tryRegister(44)) - Successfully registered JMX Bean with object name Ratis:service=RaftServer,group=group-BBD2C5C4BF9E,id=9177c858-a268-40f9-9002-b55f0938111c
2019-10-04 19:32:46,374 [RatisPipelineUtilsThread] INFO  pipeline.PipelineStateManager (PipelineStateManager.java:addPipeline(56)) - Created pipeline Pipeline[ Id: 115c0853-033d-4e81-a7f7-bbd2c5c4bf9e, Nodes: 9177c858-a268-40f9-9002-b55f0938111c{ip: 192.168.30.33, host: pr-hdds-2239-ctfdh-543981580, networkLocation: /default-rack, certSerialId: null}, Type:RATIS, Factor:ONE, State:OPEN]
2019-10-04 19:32:46,381 [grpc-default-executor-1] INFO  impl.RaftServerProxy (RaftServerProxy.java:addNew(89)) - 2cd22177-8dc0-4d5f-89f9-7752b425b8cc: addNew group-A47CCC533C41:[2cd22177-8dc0-4d5f-89f9-7752b425b8cc:192.168.30.33:46866] returns group-A47CCC533C41:java.util.concurrent.CompletableFuture@115b1828[Not completed]
2019-10-04 19:32:46,385 [pool-159-thread-1] INFO  impl.RaftServerImpl (RaftServerImpl.java:<init>(95)) - 2cd22177-8dc0-4d5f-89f9-7752b425b8cc: new RaftServerImpl for group-A47CCC533C41:[2cd22177-8dc0-4d5f-89f9-7752b425b8cc:192.168.30.33:46866] with ContainerStateMachine:uninitialized
2019-10-04 19:32:46,385 [pool-159-thread-1] INFO  server.RaftServerConfigKeys (ConfUtils.java:logGet(43)) - raft.server.rpc.timeout.min = 5s (custom)
2019-10-04 19:32:46,385 [pool-159-thread-1] INFO  server.RaftServerConfigKeys (ConfUtils.java:logGet(43)) - raft.server.rpc.timeout.max = 5200ms (custom)
2019-10-04 19:32:46,385 [pool-159-thread-1] INFO  server.RaftServerConfigKeys (ConfUtils.java:logGet(43)) - raft.server.rpcslowness.timeout = 120s (custom)
2019-10-04 19:32:46,385 [pool-159-thread-1] INFO  server.RaftServerConfigKeys (ConfUtils.java:logGet(43)) - raft.server.sleep.deviation.threshold = 300 (default)
2019-10-04 19:32:46,385 [pool-159-thread-1] INFO  server.RaftServerConfigKeys (ConfUtils.java:logGet(43)) - raft.server.log.appender.install.snapshot.enabled = false (custom)
2019-10-04 19:32:46,385 [pool-159-thread-1] INFO  impl.RaftServerImpl (ServerState.java:<init>(103)) - 2cd22177-8dc0-4d5f-89f9-7752b425b8cc@group-A47CCC533C41: ConfigurationManager, init=-1: [2cd22177-8dc0-4d5f-89f9-7752b425b8cc:192.168.30.33:46866], old=null, confs=<EMPTY_MAP>
2019-10-04 19:32:46,385 [pool-159-thread-1] INFO  server.RaftServerConfigKeys (ConfUtils.java:logGet(43)) - raft.server.storage.dir = [/workdir/hadoop-ozone/integration-test/target/test-dir/MiniOzoneClusterImpl-0502f5f3-ae85-49d0-a1df-b910b6e75f44/datanode-4/data/ratis] (custom)
2019-10-04 19:32:46,386 [pool-159-thread-1] INFO  server.RaftServerConfigKeys (ConfUtils.java:logGet(43)) - raft.server.log.corruption.policy = EXCEPTION (default)
2019-10-04 19:32:46,386 [pool-159-thread-1] INFO  storage.RaftStorageDirectory (RaftStorageDirectory.java:analyzeStorage(246)) - The storage directory /workdir/hadoop-ozone/integration-test/target/test-dir/MiniOzoneClusterImpl-0502f5f3-ae85-49d0-a1df-b910b6e75f44/datanode-4/data/ratis/8d148be5-85ab-4e78-9a8a-a47ccc533c41 does not exist. Creating ...
2019-10-04 19:32:46,388 [IPC Server handler 6 on 43231] INFO  net.NetworkTopology (NetworkTopologyImpl.java:add(111)) - Added a new node: /default-rack/25bfc741-568a-4d04-9521-21e487846d14
2019-10-04 19:32:46,388 [IPC Server handler 6 on 43231] INFO  node.SCMNodeManager (SCMNodeManager.java:register(268)) - Registered Data node : 25bfc741-568a-4d04-9521-21e487846d14{ip: 192.168.30.33, host: pr-hdds-2239-ctfdh-543981580, networkLocation: /default-rack, certSerialId: null}
2019-10-04 19:32:46,415 [pool-159-thread-1] INFO  storage.RaftStorageDirectory (RaftStorageDirectory.java:tryLock(328)) - Lock on /workdir/hadoop-ozone/integration-test/target/test-dir/MiniOzoneClusterImpl-0502f5f3-ae85-49d0-a1df-b910b6e75f44/datanode-4/data/ratis/8d148be5-85ab-4e78-9a8a-a47ccc533c41/in_use.lock acquired by nodename 29583@pr-hdds-2239-ctfdh-543981580
2019-10-04 19:32:46,448 [pool-159-thread-1] INFO  storage.RaftStorage (RaftStorage.java:format(84)) - Storage directory /workdir/hadoop-ozone/integration-test/target/test-dir/MiniOzoneClusterImpl-0502f5f3-ae85-49d0-a1df-b910b6e75f44/datanode-4/data/ratis/8d148be5-85ab-4e78-9a8a-a47ccc533c41 has been successfully formatted.
2019-10-04 19:32:46,449 [pool-159-thread-1] INFO  ratis.ContainerStateMachine (ContainerStateMachine.java:loadSnapshot(230)) - group-A47CCC533C41: The snapshot info is null. Setting the last applied indexto:(t:0, i:~)
2019-10-04 19:32:46,449 [pool-159-thread-1] INFO  server.RaftServerConfigKeys (ConfUtils.java:logGet(43)) - raft.server.notification.no-leader.timeout = 120s (custom)
2019-10-04 19:32:46,449 [pool-159-thread-1] INFO  server.RaftServerConfigKeys (ConfUtils.java:logGet(43)) - raft.server.log.use.memory = false (default)
2019-10-04 19:32:46,449 [pool-159-thread-1] INFO  server.RaftServerConfigKeys (ConfUtils.java:logGet(43)) - raft.server.log.purge.gap = 1000000 (custom)
2019-10-04 19:32:46,449 [pool-159-thread-1] INFO  server.RaftServerConfigKeys (ConfUtils.java:logGet(43)) - raft.server.log.appender.buffer.byte-limit = 33554432 (custom)
2019-10-04 19:32:46,450 [pool-159-thread-1] INFO  server.RaftServerConfigKeys (ConfUtils.java:logGet(43)) - raft.server.log.segment.size.max = 1048576 (custom)
2019-10-04 19:32:46,452 [pool-159-thread-1] INFO  server.RaftServerConfigKeys (ConfUtils.java:logGet(43)) - raft.server.log.segment.cache.num.max = 2 (custom)
2019-10-04 19:32:46,452 [pool-159-thread-1] INFO  segmented.SegmentedRaftLogWorker (SegmentedRaftLogWorker.java:<init>(173)) - new 2cd22177-8dc0-4d5f-89f9-7752b425b8cc@group-A47CCC533C41-SegmentedRaftLogWorker for RaftStorage:Storage Directory /workdir/hadoop-ozone/integration-test/target/test-dir/MiniOzoneClusterImpl-0502f5f3-ae85-49d0-a1df-b910b6e75f44/datanode-4/data/ratis/8d148be5-85ab-4e78-9a8a-a47ccc533c41
2019-10-04 19:32:46,453 [pool-159-thread-1] INFO  server.RaftServerConfigKeys (ConfUtils.java:logGet(43)) - raft.server.log.queue.byte-limit = 2147483647 (custom)
2019-10-04 19:32:46,453 [pool-159-thread-1] INFO  server.RaftServerConfigKeys (ConfUtils.java:logGet(43)) - raft.server.log.queue.element-limit = 1024 (custom)
2019-10-04 19:32:46,453 [pool-159-thread-1] INFO  server.RaftServerConfigKeys (ConfUtils.java:logGet(43)) - raft.server.log.segment.size.max = 1048576 (custom)
2019-10-04 19:32:46,453 [pool-159-thread-1] INFO  server.RaftServerConfigKeys (ConfUtils.java:logGet(43)) - raft.server.log.preallocated.size = 16384 (custom)
2019-10-04 19:32:46,453 [pool-159-thread-1] INFO  server.RaftServerConfigKeys (ConfUtils.java:logGet(43)) - raft.server.log.write.buffer.size = 33554432 (custom)
2019-10-04 19:32:46,453 [pool-159-thread-1] INFO  server.RaftServerConfigKeys (ConfUtils.java:logGet(43)) - raft.server.log.force.sync.num = 128 (default)
2019-10-04 19:32:46,454 [pool-159-thread-1] INFO  server.RaftServerConfigKeys (ConfUtils.java:logGet(43)) - raft.server.log.statemachine.data.sync = true (default)
2019-10-04 19:32:46,454 [pool-159-thread-1] INFO  server.RaftServerConfigKeys (ConfUtils.java:logGet(43)) - raft.server.log.statemachine.data.sync.timeout = 10s (default)
2019-10-04 19:32:46,454 [pool-159-thread-1] INFO  server.RaftServerConfigKeys (ConfUtils.java:logGet(43)) - raft.server.log.statemachine.data.sync.timeout.retry = -1 (default)
2019-10-04 19:32:46,454 [pool-159-thread-1] INFO  server.RaftServerConfigKeys (ConfUtils.java:logGet(43)) - raft.server.log.statemachine.data.caching.enabled = true (custom)
2019-10-04 19:32:46,454 [main] INFO  ozone.MiniOzoneClusterImpl (MiniOzoneClusterImpl.java:lambda$waitForClusterToBeReady$0(147)) - Waiting for cluster to be ready. Got 6 of 7 DN Heartbeats.
2019-10-04 19:32:46,455 [pool-159-thread-1] INFO  segmented.SegmentedRaftLogWorker (SegmentedRaftLogWorker.java:lambda$new$0(128)) - 2cd22177-8dc0-4d5f-89f9-7752b425b8cc@group-A47CCC533C41-SegmentedRaftLogWorker: flushIndex: setUnconditionally 0 -> -1
2019-10-04 19:32:46,455 [pool-159-thread-1] INFO  server.RaftServerConfigKeys (ConfUtils.java:logGet(43)) - raft.server.snapshot.auto.trigger.enabled = true (custom)
2019-10-04 19:32:46,455 [pool-159-thread-1] INFO  server.RaftServerConfigKeys (ConfUtils.java:logGet(43)) - raft.server.snapshot.auto.trigger.threshold = 10000 (custom)
2019-10-04 19:32:46,456 [pool-159-thread-1] INFO  server.RaftServerConfigKeys (ConfUtils.java:logGet(43)) - raft.server.snapshot.retention.file.num = 5 (custom)
2019-10-04 19:32:46,456 [pool-159-thread-1] INFO  server.RaftServerConfigKeys (ConfUtils.java:logGet(43)) - raft.server.retrycache.expirytime = 600000ms (custom)
2019-10-04 19:32:46,456 [IPC Server handler 4 on 43231] INFO  net.NetworkTopology (NetworkTopologyImpl.java:add(111)) - Added a new node: /default-rack/0e6ee192-a7f4-44ec-89ed-1c5f71555c9e
2019-10-04 19:32:46,456 [IPC Server handler 4 on 43231] INFO  node.SCMNodeManager (SCMNodeManager.java:register(268)) - Registered Data node : 0e6ee192-a7f4-44ec-89ed-1c5f71555c9e{ip: 192.168.30.33, host: pr-hdds-2239-ctfdh-543981580, networkLocation: /default-rack, certSerialId: null}
2019-10-04 19:32:46,459 [pool-159-thread-1] INFO  impl.RaftServerImpl (RaftServerImpl.java:start(181)) - 2cd22177-8dc0-4d5f-89f9-7752b425b8cc@group-A47CCC533C41: start as a follower, conf=-1: [2cd22177-8dc0-4d5f-89f9-7752b425b8cc:192.168.30.33:46866], old=null
2019-10-04 19:32:46,459 [pool-159-thread-1] INFO  impl.RaftServerImpl (RaftServerImpl.java:setRole(170)) - 2cd22177-8dc0-4d5f-89f9-7752b425b8cc@group-A47CCC533C41: changes role from      null to FOLLOWER at term 0 for startAsFollower
2019-10-04 19:32:46,459 [pool-159-thread-1] INFO  impl.RoleInfo (RoleInfo.java:updateAndGet(143)) - 2cd22177-8dc0-4d5f-89f9-7752b425b8cc: start FollowerState
2019-10-04 19:32:46,460 [pool-159-thread-1] INFO  util.JmxRegister (JmxRegister.java:tryRegister(44)) - Successfully registered JMX Bean with object name Ratis:service=RaftServer,group=group-A47CCC533C41,id=2cd22177-8dc0-4d5f-89f9-7752b425b8cc
2019-10-04 19:32:46,465 [RatisPipelineUtilsThread] INFO  pipeline.PipelineStateManager (PipelineStateManager.java:addPipeline(56)) - Created pipeline Pipeline[ Id: 8d148be5-85ab-4e78-9a8a-a47ccc533c41, Nodes: 2cd22177-8dc0-4d5f-89f9-7752b425b8cc{ip: 192.168.30.33, host: pr-hdds-2239-ctfdh-543981580, networkLocation: /default-rack, certSerialId: null}, Type:RATIS, Factor:ONE, State:OPEN]
2019-10-04 19:32:46,472 [grpc-default-executor-1] INFO  impl.RaftServerProxy (RaftServerProxy.java:addNew(89)) - 25bfc741-568a-4d04-9521-21e487846d14: addNew group-A09D9D1BF5E5:[25bfc741-568a-4d04-9521-21e487846d14:192.168.30.33:43253] returns group-A09D9D1BF5E5:java.util.concurrent.CompletableFuture@462ea6fe[Not completed]
2019-10-04 19:32:46,478 [pool-169-thread-1] INFO  impl.RaftServerImpl (RaftServerImpl.java:<init>(95)) - 25bfc741-568a-4d04-9521-21e487846d14: new RaftServerImpl for group-A09D9D1BF5E5:[25bfc741-568a-4d04-9521-21e487846d14:192.168.30.33:43253] with ContainerStateMachine:uninitialized
2019-10-04 19:32:46,478 [pool-169-thread-1] INFO  server.RaftServerConfigKeys (ConfUtils.java:logGet(43)) - raft.server.rpc.timeout.min = 5s (custom)
2019-10-04 19:32:46,478 [pool-169-thread-1] INFO  server.RaftServerConfigKeys (ConfUtils.java:logGet(43)) - raft.server.rpc.timeout.max = 5200ms (custom)
2019-10-04 19:32:46,478 [pool-169-thread-1] INFO  server.RaftServerConfigKeys (ConfUtils.java:logGet(43)) - raft.server.rpcslowness.timeout = 120s (custom)
2019-10-04 19:32:46,478 [pool-169-thread-1] INFO  server.RaftServerConfigKeys (ConfUtils.java:logGet(43)) - raft.server.sleep.deviation.threshold = 300 (default)
2019-10-04 19:32:46,478 [pool-169-thread-1] INFO  server.RaftServerConfigKeys (ConfUtils.java:logGet(43)) - raft.server.log.appender.install.snapshot.enabled = false (custom)
2019-10-04 19:32:46,479 [pool-169-thread-1] INFO  impl.RaftServerImpl (ServerState.java:<init>(103)) - 25bfc741-568a-4d04-9521-21e487846d14@group-A09D9D1BF5E5: ConfigurationManager, init=-1: [25bfc741-568a-4d04-9521-21e487846d14:192.168.30.33:43253], old=null, confs=<EMPTY_MAP>
2019-10-04 19:32:46,479 [pool-169-thread-1] INFO  server.RaftServerConfigKeys (ConfUtils.java:logGet(43)) - raft.server.storage.dir = [/workdir/hadoop-ozone/integration-test/target/test-dir/MiniOzoneClusterImpl-0502f5f3-ae85-49d0-a1df-b910b6e75f44/datanode-5/data/ratis] (custom)
2019-10-04 19:32:46,479 [pool-169-thread-1] INFO  server.RaftServerConfigKeys (ConfUtils.java:logGet(43)) - raft.server.log.corruption.policy = EXCEPTION (default)
2019-10-04 19:32:46,479 [pool-169-thread-1] INFO  storage.RaftStorageDirectory (RaftStorageDirectory.java:analyzeStorage(246)) - The storage directory /workdir/hadoop-ozone/integration-test/target/test-dir/MiniOzoneClusterImpl-0502f5f3-ae85-49d0-a1df-b910b6e75f44/datanode-5/data/ratis/f777e3bd-edf1-4a86-a58b-a09d9d1bf5e5 does not exist. Creating ...
2019-10-04 19:32:46,507 [pool-169-thread-1] INFO  storage.RaftStorageDirectory (RaftStorageDirectory.java:tryLock(328)) - Lock on /workdir/hadoop-ozone/integration-test/target/test-dir/MiniOzoneClusterImpl-0502f5f3-ae85-49d0-a1df-b910b6e75f44/datanode-5/data/ratis/f777e3bd-edf1-4a86-a58b-a09d9d1bf5e5/in_use.lock acquired by nodename 29583@pr-hdds-2239-ctfdh-543981580
2019-10-04 19:32:46,533 [pool-169-thread-1] INFO  storage.RaftStorage (RaftStorage.java:format(84)) - Storage directory /workdir/hadoop-ozone/integration-test/target/test-dir/MiniOzoneClusterImpl-0502f5f3-ae85-49d0-a1df-b910b6e75f44/datanode-5/data/ratis/f777e3bd-edf1-4a86-a58b-a09d9d1bf5e5 has been successfully formatted.
2019-10-04 19:32:46,533 [pool-169-thread-1] INFO  ratis.ContainerStateMachine (ContainerStateMachine.java:loadSnapshot(230)) - group-A09D9D1BF5E5: The snapshot info is null. Setting the last applied indexto:(t:0, i:~)
2019-10-04 19:32:46,533 [pool-169-thread-1] INFO  server.RaftServerConfigKeys (ConfUtils.java:logGet(43)) - raft.server.notification.no-leader.timeout = 120s (custom)
2019-10-04 19:32:46,533 [pool-169-thread-1] INFO  server.RaftServerConfigKeys (ConfUtils.java:logGet(43)) - raft.server.log.use.memory = false (default)
2019-10-04 19:32:46,533 [pool-169-thread-1] INFO  server.RaftServerConfigKeys (ConfUtils.java:logGet(43)) - raft.server.log.purge.gap = 1000000 (custom)
2019-10-04 19:32:46,534 [pool-169-thread-1] INFO  server.RaftServerConfigKeys (ConfUtils.java:logGet(43)) - raft.server.log.appender.buffer.byte-limit = 33554432 (custom)
2019-10-04 19:32:46,534 [pool-169-thread-1] INFO  server.RaftServerConfigKeys (ConfUtils.java:logGet(43)) - raft.server.log.segment.size.max = 1048576 (custom)
2019-10-04 19:32:46,536 [pool-169-thread-1] INFO  server.RaftServerConfigKeys (ConfUtils.java:logGet(43)) - raft.server.log.segment.cache.num.max = 2 (custom)
2019-10-04 19:32:46,536 [pool-169-thread-1] INFO  segmented.SegmentedRaftLogWorker (SegmentedRaftLogWorker.java:<init>(173)) - new 25bfc741-568a-4d04-9521-21e487846d14@group-A09D9D1BF5E5-SegmentedRaftLogWorker for RaftStorage:Storage Directory /workdir/hadoop-ozone/integration-test/target/test-dir/MiniOzoneClusterImpl-0502f5f3-ae85-49d0-a1df-b910b6e75f44/datanode-5/data/ratis/f777e3bd-edf1-4a86-a58b-a09d9d1bf5e5
2019-10-04 19:32:46,536 [pool-169-thread-1] INFO  server.RaftServerConfigKeys (ConfUtils.java:logGet(43)) - raft.server.log.queue.byte-limit = 2147483647 (custom)
2019-10-04 19:32:46,536 [pool-169-thread-1] INFO  server.RaftServerConfigKeys (ConfUtils.java:logGet(43)) - raft.server.log.queue.element-limit = 1024 (custom)
2019-10-04 19:32:46,536 [pool-169-thread-1] INFO  server.RaftServerConfigKeys (ConfUtils.java:logGet(43)) - raft.server.log.segment.size.max = 1048576 (custom)
2019-10-04 19:32:46,537 [pool-169-thread-1] INFO  server.RaftServerConfigKeys (ConfUtils.java:logGet(43)) - raft.server.log.preallocated.size = 16384 (custom)
2019-10-04 19:32:46,537 [pool-169-thread-1] INFO  server.RaftServerConfigKeys (ConfUtils.java:logGet(43)) - raft.server.log.write.buffer.size = 33554432 (custom)
2019-10-04 19:32:46,537 [pool-169-thread-1] INFO  server.RaftServerConfigKeys (ConfUtils.java:logGet(43)) - raft.server.log.force.sync.num = 128 (default)
2019-10-04 19:32:46,537 [pool-169-thread-1] INFO  server.RaftServerConfigKeys (ConfUtils.java:logGet(43)) - raft.server.log.statemachine.data.sync = true (default)
2019-10-04 19:32:46,537 [pool-169-thread-1] INFO  server.RaftServerConfigKeys (ConfUtils.java:logGet(43)) - raft.server.log.statemachine.data.sync.timeout = 10s (default)
2019-10-04 19:32:46,537 [pool-169-thread-1] INFO  server.RaftServerConfigKeys (ConfUtils.java:logGet(43)) - raft.server.log.statemachine.data.sync.timeout.retry = -1 (default)
2019-10-04 19:32:46,538 [pool-169-thread-1] INFO  server.RaftServerConfigKeys (ConfUtils.java:logGet(43)) - raft.server.log.statemachine.data.caching.enabled = true (custom)
2019-10-04 19:32:46,538 [pool-169-thread-1] INFO  segmented.SegmentedRaftLogWorker (SegmentedRaftLogWorker.java:lambda$new$0(128)) - 25bfc741-568a-4d04-9521-21e487846d14@group-A09D9D1BF5E5-SegmentedRaftLogWorker: flushIndex: setUnconditionally 0 -> -1
2019-10-04 19:32:46,539 [pool-169-thread-1] INFO  server.RaftServerConfigKeys (ConfUtils.java:logGet(43)) - raft.server.snapshot.auto.trigger.enabled = true (custom)
2019-10-04 19:32:46,539 [pool-169-thread-1] INFO  server.RaftServerConfigKeys (ConfUtils.java:logGet(43)) - raft.server.snapshot.auto.trigger.threshold = 10000 (custom)
2019-10-04 19:32:46,539 [pool-169-thread-1] INFO  server.RaftServerConfigKeys (ConfUtils.java:logGet(43)) - raft.server.snapshot.retention.file.num = 5 (custom)
2019-10-04 19:32:46,539 [pool-169-thread-1] INFO  server.RaftServerConfigKeys (ConfUtils.java:logGet(43)) - raft.server.retrycache.expirytime = 600000ms (custom)
2019-10-04 19:32:46,542 [pool-169-thread-1] INFO  impl.RaftServerImpl (RaftServerImpl.java:start(181)) - 25bfc741-568a-4d04-9521-21e487846d14@group-A09D9D1BF5E5: start as a follower, conf=-1: [25bfc741-568a-4d04-9521-21e487846d14:192.168.30.33:43253], old=null
2019-10-04 19:32:46,542 [pool-169-thread-1] INFO  impl.RaftServerImpl (RaftServerImpl.java:setRole(170)) - 25bfc741-568a-4d04-9521-21e487846d14@group-A09D9D1BF5E5: changes role from      null to FOLLOWER at term 0 for startAsFollower
2019-10-04 19:32:46,542 [pool-169-thread-1] INFO  impl.RoleInfo (RoleInfo.java:updateAndGet(143)) - 25bfc741-568a-4d04-9521-21e487846d14: start FollowerState
2019-10-04 19:32:46,542 [pool-169-thread-1] INFO  util.JmxRegister (JmxRegister.java:tryRegister(44)) - Successfully registered JMX Bean with object name Ratis:service=RaftServer,group=group-A09D9D1BF5E5,id=25bfc741-568a-4d04-9521-21e487846d14
2019-10-04 19:32:46,548 [RatisPipelineUtilsThread] INFO  pipeline.PipelineStateManager (PipelineStateManager.java:addPipeline(56)) - Created pipeline Pipeline[ Id: f777e3bd-edf1-4a86-a58b-a09d9d1bf5e5, Nodes: 25bfc741-568a-4d04-9521-21e487846d14{ip: 192.168.30.33, host: pr-hdds-2239-ctfdh-543981580, networkLocation: /default-rack, certSerialId: null}, Type:RATIS, Factor:ONE, State:OPEN]
2019-10-04 19:32:46,555 [grpc-default-executor-1] INFO  impl.RaftServerProxy (RaftServerProxy.java:addNew(89)) - 0e6ee192-a7f4-44ec-89ed-1c5f71555c9e: addNew group-69EFFB1866E2:[0e6ee192-a7f4-44ec-89ed-1c5f71555c9e:192.168.30.33:46134] returns group-69EFFB1866E2:java.util.concurrent.CompletableFuture@df951b5[Not completed]
2019-10-04 19:32:46,560 [pool-179-thread-1] INFO  impl.RaftServerImpl (RaftServerImpl.java:<init>(95)) - 0e6ee192-a7f4-44ec-89ed-1c5f71555c9e: new RaftServerImpl for group-69EFFB1866E2:[0e6ee192-a7f4-44ec-89ed-1c5f71555c9e:192.168.30.33:46134] with ContainerStateMachine:uninitialized
2019-10-04 19:32:46,560 [pool-179-thread-1] INFO  server.RaftServerConfigKeys (ConfUtils.java:logGet(43)) - raft.server.rpc.timeout.min = 5s (custom)
2019-10-04 19:32:46,560 [pool-179-thread-1] INFO  server.RaftServerConfigKeys (ConfUtils.java:logGet(43)) - raft.server.rpc.timeout.max = 5200ms (custom)
2019-10-04 19:32:46,560 [pool-179-thread-1] INFO  server.RaftServerConfigKeys (ConfUtils.java:logGet(43)) - raft.server.rpcslowness.timeout = 120s (custom)
2019-10-04 19:32:46,560 [pool-179-thread-1] INFO  server.RaftServerConfigKeys (ConfUtils.java:logGet(43)) - raft.server.sleep.deviation.threshold = 300 (default)
2019-10-04 19:32:46,561 [pool-179-thread-1] INFO  server.RaftServerConfigKeys (ConfUtils.java:logGet(43)) - raft.server.log.appender.install.snapshot.enabled = false (custom)
2019-10-04 19:32:46,561 [pool-179-thread-1] INFO  impl.RaftServerImpl (ServerState.java:<init>(103)) - 0e6ee192-a7f4-44ec-89ed-1c5f71555c9e@group-69EFFB1866E2: ConfigurationManager, init=-1: [0e6ee192-a7f4-44ec-89ed-1c5f71555c9e:192.168.30.33:46134], old=null, confs=<EMPTY_MAP>
2019-10-04 19:32:46,561 [pool-179-thread-1] INFO  server.RaftServerConfigKeys (ConfUtils.java:logGet(43)) - raft.server.storage.dir = [/workdir/hadoop-ozone/integration-test/target/test-dir/MiniOzoneClusterImpl-0502f5f3-ae85-49d0-a1df-b910b6e75f44/datanode-6/data/ratis] (custom)
2019-10-04 19:32:46,561 [pool-179-thread-1] INFO  server.RaftServerConfigKeys (ConfUtils.java:logGet(43)) - raft.server.log.corruption.policy = EXCEPTION (default)
2019-10-04 19:32:46,561 [pool-179-thread-1] INFO  storage.RaftStorageDirectory (RaftStorageDirectory.java:analyzeStorage(246)) - The storage directory /workdir/hadoop-ozone/integration-test/target/test-dir/MiniOzoneClusterImpl-0502f5f3-ae85-49d0-a1df-b910b6e75f44/datanode-6/data/ratis/c4764020-a2bc-4ac7-9df3-69effb1866e2 does not exist. Creating ...
2019-10-04 19:32:46,583 [pool-179-thread-1] INFO  storage.RaftStorageDirectory (RaftStorageDirectory.java:tryLock(328)) - Lock on /workdir/hadoop-ozone/integration-test/target/test-dir/MiniOzoneClusterImpl-0502f5f3-ae85-49d0-a1df-b910b6e75f44/datanode-6/data/ratis/c4764020-a2bc-4ac7-9df3-69effb1866e2/in_use.lock acquired by nodename 29583@pr-hdds-2239-ctfdh-543981580
2019-10-04 19:32:46,608 [pool-179-thread-1] INFO  storage.RaftStorage (RaftStorage.java:format(84)) - Storage directory /workdir/hadoop-ozone/integration-test/target/test-dir/MiniOzoneClusterImpl-0502f5f3-ae85-49d0-a1df-b910b6e75f44/datanode-6/data/ratis/c4764020-a2bc-4ac7-9df3-69effb1866e2 has been successfully formatted.
2019-10-04 19:32:46,609 [pool-179-thread-1] INFO  ratis.ContainerStateMachine (ContainerStateMachine.java:loadSnapshot(230)) - group-69EFFB1866E2: The snapshot info is null. Setting the last applied indexto:(t:0, i:~)
2019-10-04 19:32:46,609 [pool-179-thread-1] INFO  server.RaftServerConfigKeys (ConfUtils.java:logGet(43)) - raft.server.notification.no-leader.timeout = 120s (custom)
2019-10-04 19:32:46,609 [pool-179-thread-1] INFO  server.RaftServerConfigKeys (ConfUtils.java:logGet(43)) - raft.server.log.use.memory = false (default)
2019-10-04 19:32:46,609 [pool-179-thread-1] INFO  server.RaftServerConfigKeys (ConfUtils.java:logGet(43)) - raft.server.log.purge.gap = 1000000 (custom)
2019-10-04 19:32:46,609 [pool-179-thread-1] INFO  server.RaftServerConfigKeys (ConfUtils.java:logGet(43)) - raft.server.log.appender.buffer.byte-limit = 33554432 (custom)
2019-10-04 19:32:46,610 [pool-179-thread-1] INFO  server.RaftServerConfigKeys (ConfUtils.java:logGet(43)) - raft.server.log.segment.size.max = 1048576 (custom)
2019-10-04 19:32:46,612 [pool-179-thread-1] INFO  server.RaftServerConfigKeys (ConfUtils.java:logGet(43)) - raft.server.log.segment.cache.num.max = 2 (custom)
2019-10-04 19:32:46,612 [pool-179-thread-1] INFO  segmented.SegmentedRaftLogWorker (SegmentedRaftLogWorker.java:<init>(173)) - new 0e6ee192-a7f4-44ec-89ed-1c5f71555c9e@group-69EFFB1866E2-SegmentedRaftLogWorker for RaftStorage:Storage Directory /workdir/hadoop-ozone/integration-test/target/test-dir/MiniOzoneClusterImpl-0502f5f3-ae85-49d0-a1df-b910b6e75f44/datanode-6/data/ratis/c4764020-a2bc-4ac7-9df3-69effb1866e2
2019-10-04 19:32:46,613 [pool-179-thread-1] INFO  server.RaftServerConfigKeys (ConfUtils.java:logGet(43)) - raft.server.log.queue.byte-limit = 2147483647 (custom)
2019-10-04 19:32:46,613 [pool-179-thread-1] INFO  server.RaftServerConfigKeys (ConfUtils.java:logGet(43)) - raft.server.log.queue.element-limit = 1024 (custom)
2019-10-04 19:32:46,613 [pool-179-thread-1] INFO  server.RaftServerConfigKeys (ConfUtils.java:logGet(43)) - raft.server.log.segment.size.max = 1048576 (custom)
2019-10-04 19:32:46,613 [pool-179-thread-1] INFO  server.RaftServerConfigKeys (ConfUtils.java:logGet(43)) - raft.server.log.preallocated.size = 16384 (custom)
2019-10-04 19:32:46,613 [pool-179-thread-1] INFO  server.RaftServerConfigKeys (ConfUtils.java:logGet(43)) - raft.server.log.write.buffer.size = 33554432 (custom)
2019-10-04 19:32:46,614 [pool-179-thread-1] INFO  server.RaftServerConfigKeys (ConfUtils.java:logGet(43)) - raft.server.log.force.sync.num = 128 (default)
2019-10-04 19:32:46,614 [pool-179-thread-1] INFO  server.RaftServerConfigKeys (ConfUtils.java:logGet(43)) - raft.server.log.statemachine.data.sync = true (default)
2019-10-04 19:32:46,614 [pool-179-thread-1] INFO  server.RaftServerConfigKeys (ConfUtils.java:logGet(43)) - raft.server.log.statemachine.data.sync.timeout = 10s (default)
2019-10-04 19:32:46,614 [pool-179-thread-1] INFO  server.RaftServerConfigKeys (ConfUtils.java:logGet(43)) - raft.server.log.statemachine.data.sync.timeout.retry = -1 (default)
2019-10-04 19:32:46,615 [pool-179-thread-1] INFO  server.RaftServerConfigKeys (ConfUtils.java:logGet(43)) - raft.server.log.statemachine.data.caching.enabled = true (custom)
2019-10-04 19:32:46,615 [pool-179-thread-1] INFO  segmented.SegmentedRaftLogWorker (SegmentedRaftLogWorker.java:lambda$new$0(128)) - 0e6ee192-a7f4-44ec-89ed-1c5f71555c9e@group-69EFFB1866E2-SegmentedRaftLogWorker: flushIndex: setUnconditionally 0 -> -1
2019-10-04 19:32:46,616 [pool-179-thread-1] INFO  server.RaftServerConfigKeys (ConfUtils.java:logGet(43)) - raft.server.snapshot.auto.trigger.enabled = true (custom)
2019-10-04 19:32:46,616 [pool-179-thread-1] INFO  server.RaftServerConfigKeys (ConfUtils.java:logGet(43)) - raft.server.snapshot.auto.trigger.threshold = 10000 (custom)
2019-10-04 19:32:46,616 [pool-179-thread-1] INFO  server.RaftServerConfigKeys (ConfUtils.java:logGet(43)) - raft.server.snapshot.retention.file.num = 5 (custom)
2019-10-04 19:32:46,616 [pool-179-thread-1] INFO  server.RaftServerConfigKeys (ConfUtils.java:logGet(43)) - raft.server.retrycache.expirytime = 600000ms (custom)
2019-10-04 19:32:46,619 [pool-179-thread-1] INFO  impl.RaftServerImpl (RaftServerImpl.java:start(181)) - 0e6ee192-a7f4-44ec-89ed-1c5f71555c9e@group-69EFFB1866E2: start as a follower, conf=-1: [0e6ee192-a7f4-44ec-89ed-1c5f71555c9e:192.168.30.33:46134], old=null
2019-10-04 19:32:46,619 [pool-179-thread-1] INFO  impl.RaftServerImpl (RaftServerImpl.java:setRole(170)) - 0e6ee192-a7f4-44ec-89ed-1c5f71555c9e@group-69EFFB1866E2: changes role from      null to FOLLOWER at term 0 for startAsFollower
2019-10-04 19:32:46,620 [pool-179-thread-1] INFO  impl.RoleInfo (RoleInfo.java:updateAndGet(143)) - 0e6ee192-a7f4-44ec-89ed-1c5f71555c9e: start FollowerState
2019-10-04 19:32:46,620 [pool-179-thread-1] INFO  util.JmxRegister (JmxRegister.java:tryRegister(44)) - Successfully registered JMX Bean with object name Ratis:service=RaftServer,group=group-69EFFB1866E2,id=0e6ee192-a7f4-44ec-89ed-1c5f71555c9e
2019-10-04 19:32:46,625 [RatisPipelineUtilsThread] INFO  pipeline.PipelineStateManager (PipelineStateManager.java:addPipeline(56)) - Created pipeline Pipeline[ Id: c4764020-a2bc-4ac7-9df3-69effb1866e2, Nodes: 0e6ee192-a7f4-44ec-89ed-1c5f71555c9e{ip: 192.168.30.33, host: pr-hdds-2239-ctfdh-543981580, networkLocation: /default-rack, certSerialId: null}, Type:RATIS, Factor:ONE, State:OPEN]
2019-10-04 19:32:46,641 [grpc-default-executor-2] INFO  impl.RaftServerProxy (RaftServerProxy.java:addNew(89)) - 5ac861b3-07c8-4be4-9e5d-d11ab006ec66: addNew group-A54F85138403:[5ac861b3-07c8-4be4-9e5d-d11ab006ec66:192.168.30.33:40871, 25bfc741-568a-4d04-9521-21e487846d14:192.168.30.33:43253, 49a1584d-cd37-4302-b096-0558ad6a536d:192.168.30.33:44155] returns group-A54F85138403:java.util.concurrent.CompletableFuture@2bbbf5d3[Not completed]
2019-10-04 19:32:46,641 [grpc-default-executor-5] INFO  impl.RaftServerProxy (RaftServerProxy.java:addNew(89)) - 49a1584d-cd37-4302-b096-0558ad6a536d: addNew group-A54F85138403:[5ac861b3-07c8-4be4-9e5d-d11ab006ec66:192.168.30.33:40871, 25bfc741-568a-4d04-9521-21e487846d14:192.168.30.33:43253, 49a1584d-cd37-4302-b096-0558ad6a536d:192.168.30.33:44155] returns group-A54F85138403:java.util.concurrent.CompletableFuture@5f3d5d60[Not completed]
2019-10-04 19:32:46,642 [grpc-default-executor-2] INFO  impl.RaftServerProxy (RaftServerProxy.java:addNew(89)) - 25bfc741-568a-4d04-9521-21e487846d14: addNew group-A54F85138403:[5ac861b3-07c8-4be4-9e5d-d11ab006ec66:192.168.30.33:40871, 25bfc741-568a-4d04-9521-21e487846d14:192.168.30.33:43253, 49a1584d-cd37-4302-b096-0558ad6a536d:192.168.30.33:44155] returns group-A54F85138403:java.util.concurrent.CompletableFuture@6b08be62[Not completed]
2019-10-04 19:32:46,643 [pool-119-thread-1] INFO  impl.RaftServerImpl (RaftServerImpl.java:<init>(95)) - 49a1584d-cd37-4302-b096-0558ad6a536d: new RaftServerImpl for group-A54F85138403:[5ac861b3-07c8-4be4-9e5d-d11ab006ec66:192.168.30.33:40871, 25bfc741-568a-4d04-9521-21e487846d14:192.168.30.33:43253, 49a1584d-cd37-4302-b096-0558ad6a536d:192.168.30.33:44155] with ContainerStateMachine:uninitialized
2019-10-04 19:32:46,643 [pool-119-thread-1] INFO  server.RaftServerConfigKeys (ConfUtils.java:logGet(43)) - raft.server.rpc.timeout.min = 5s (custom)
2019-10-04 19:32:46,643 [pool-119-thread-1] INFO  server.RaftServerConfigKeys (ConfUtils.java:logGet(43)) - raft.server.rpc.timeout.max = 5200ms (custom)
2019-10-04 19:32:46,644 [pool-119-thread-1] INFO  server.RaftServerConfigKeys (ConfUtils.java:logGet(43)) - raft.server.rpcslowness.timeout = 120s (custom)
2019-10-04 19:32:46,644 [pool-169-thread-1] INFO  impl.RaftServerImpl (RaftServerImpl.java:<init>(95)) - 25bfc741-568a-4d04-9521-21e487846d14: new RaftServerImpl for group-A54F85138403:[5ac861b3-07c8-4be4-9e5d-d11ab006ec66:192.168.30.33:40871, 25bfc741-568a-4d04-9521-21e487846d14:192.168.30.33:43253, 49a1584d-cd37-4302-b096-0558ad6a536d:192.168.30.33:44155] with ContainerStateMachine:uninitialized
2019-10-04 19:32:46,644 [pool-119-thread-1] INFO  server.RaftServerConfigKeys (ConfUtils.java:logGet(43)) - raft.server.sleep.deviation.threshold = 300 (default)
2019-10-04 19:32:46,644 [pool-169-thread-1] INFO  server.RaftServerConfigKeys (ConfUtils.java:logGet(43)) - raft.server.rpc.timeout.min = 5s (custom)
2019-10-04 19:32:46,644 [pool-119-thread-1] INFO  server.RaftServerConfigKeys (ConfUtils.java:logGet(43)) - raft.server.log.appender.install.snapshot.enabled = false (custom)
2019-10-04 19:32:46,644 [pool-169-thread-1] INFO  server.RaftServerConfigKeys (ConfUtils.java:logGet(43)) - raft.server.rpc.timeout.max = 5200ms (custom)
2019-10-04 19:32:46,644 [pool-119-thread-1] INFO  impl.RaftServerImpl (ServerState.java:<init>(103)) - 49a1584d-cd37-4302-b096-0558ad6a536d@group-A54F85138403: ConfigurationManager, init=-1: [5ac861b3-07c8-4be4-9e5d-d11ab006ec66:192.168.30.33:40871, 25bfc741-568a-4d04-9521-21e487846d14:192.168.30.33:43253, 49a1584d-cd37-4302-b096-0558ad6a536d:192.168.30.33:44155], old=null, confs=<EMPTY_MAP>
2019-10-04 19:32:46,644 [pool-169-thread-1] INFO  server.RaftServerConfigKeys (ConfUtils.java:logGet(43)) - raft.server.rpcslowness.timeout = 120s (custom)
2019-10-04 19:32:46,645 [pool-119-thread-1] INFO  server.RaftServerConfigKeys (ConfUtils.java:logGet(43)) - raft.server.storage.dir = [/workdir/hadoop-ozone/integration-test/target/test-dir/MiniOzoneClusterImpl-0502f5f3-ae85-49d0-a1df-b910b6e75f44/datanode-0/data/ratis] (custom)
2019-10-04 19:32:46,645 [pool-169-thread-1] INFO  server.RaftServerConfigKeys (ConfUtils.java:logGet(43)) - raft.server.sleep.deviation.threshold = 300 (default)
2019-10-04 19:32:46,645 [pool-169-thread-1] INFO  server.RaftServerConfigKeys (ConfUtils.java:logGet(43)) - raft.server.log.appender.install.snapshot.enabled = false (custom)
2019-10-04 19:32:46,645 [pool-119-thread-1] INFO  server.RaftServerConfigKeys (ConfUtils.java:logGet(43)) - raft.server.log.corruption.policy = EXCEPTION (default)
2019-10-04 19:32:46,645 [pool-169-thread-1] INFO  impl.RaftServerImpl (ServerState.java:<init>(103)) - 25bfc741-568a-4d04-9521-21e487846d14@group-A54F85138403: ConfigurationManager, init=-1: [5ac861b3-07c8-4be4-9e5d-d11ab006ec66:192.168.30.33:40871, 25bfc741-568a-4d04-9521-21e487846d14:192.168.30.33:43253, 49a1584d-cd37-4302-b096-0558ad6a536d:192.168.30.33:44155], old=null, confs=<EMPTY_MAP>
2019-10-04 19:32:46,645 [pool-119-thread-1] INFO  storage.RaftStorageDirectory (RaftStorageDirectory.java:analyzeStorage(246)) - The storage directory /workdir/hadoop-ozone/integration-test/target/test-dir/MiniOzoneClusterImpl-0502f5f3-ae85-49d0-a1df-b910b6e75f44/datanode-0/data/ratis/5fa133ee-9a26-466e-96c0-a54f85138403 does not exist. Creating ...
2019-10-04 19:32:46,645 [pool-129-thread-1] INFO  impl.RaftServerImpl (RaftServerImpl.java:<init>(95)) - 5ac861b3-07c8-4be4-9e5d-d11ab006ec66: new RaftServerImpl for group-A54F85138403:[5ac861b3-07c8-4be4-9e5d-d11ab006ec66:192.168.30.33:40871, 25bfc741-568a-4d04-9521-21e487846d14:192.168.30.33:43253, 49a1584d-cd37-4302-b096-0558ad6a536d:192.168.30.33:44155] with ContainerStateMachine:uninitialized
2019-10-04 19:32:46,645 [pool-169-thread-1] INFO  server.RaftServerConfigKeys (ConfUtils.java:logGet(43)) - raft.server.storage.dir = [/workdir/hadoop-ozone/integration-test/target/test-dir/MiniOzoneClusterImpl-0502f5f3-ae85-49d0-a1df-b910b6e75f44/datanode-5/data/ratis] (custom)
2019-10-04 19:32:46,646 [pool-129-thread-1] INFO  server.RaftServerConfigKeys (ConfUtils.java:logGet(43)) - raft.server.rpc.timeout.min = 5s (custom)
2019-10-04 19:32:46,646 [pool-169-thread-1] INFO  server.RaftServerConfigKeys (ConfUtils.java:logGet(43)) - raft.server.log.corruption.policy = EXCEPTION (default)
2019-10-04 19:32:46,646 [pool-129-thread-1] INFO  server.RaftServerConfigKeys (ConfUtils.java:logGet(43)) - raft.server.rpc.timeout.max = 5200ms (custom)
2019-10-04 19:32:46,646 [pool-169-thread-1] INFO  storage.RaftStorageDirectory (RaftStorageDirectory.java:analyzeStorage(246)) - The storage directory /workdir/hadoop-ozone/integration-test/target/test-dir/MiniOzoneClusterImpl-0502f5f3-ae85-49d0-a1df-b910b6e75f44/datanode-5/data/ratis/5fa133ee-9a26-466e-96c0-a54f85138403 does not exist. Creating ...
2019-10-04 19:32:46,646 [pool-129-thread-1] INFO  server.RaftServerConfigKeys (ConfUtils.java:logGet(43)) - raft.server.rpcslowness.timeout = 120s (custom)
2019-10-04 19:32:46,647 [pool-129-thread-1] INFO  server.RaftServerConfigKeys (ConfUtils.java:logGet(43)) - raft.server.sleep.deviation.threshold = 300 (default)
2019-10-04 19:32:46,647 [pool-129-thread-1] INFO  server.RaftServerConfigKeys (ConfUtils.java:logGet(43)) - raft.server.log.appender.install.snapshot.enabled = false (custom)
2019-10-04 19:32:46,647 [pool-129-thread-1] INFO  impl.RaftServerImpl (ServerState.java:<init>(103)) - 5ac861b3-07c8-4be4-9e5d-d11ab006ec66@group-A54F85138403: ConfigurationManager, init=-1: [5ac861b3-07c8-4be4-9e5d-d11ab006ec66:192.168.30.33:40871, 25bfc741-568a-4d04-9521-21e487846d14:192.168.30.33:43253, 49a1584d-cd37-4302-b096-0558ad6a536d:192.168.30.33:44155], old=null, confs=<EMPTY_MAP>
2019-10-04 19:32:46,647 [pool-129-thread-1] INFO  server.RaftServerConfigKeys (ConfUtils.java:logGet(43)) - raft.server.storage.dir = [/workdir/hadoop-ozone/integration-test/target/test-dir/MiniOzoneClusterImpl-0502f5f3-ae85-49d0-a1df-b910b6e75f44/datanode-1/data/ratis] (custom)
2019-10-04 19:32:46,647 [pool-129-thread-1] INFO  server.RaftServerConfigKeys (ConfUtils.java:logGet(43)) - raft.server.log.corruption.policy = EXCEPTION (default)
2019-10-04 19:32:46,648 [pool-129-thread-1] INFO  storage.RaftStorageDirectory (RaftStorageDirectory.java:analyzeStorage(246)) - The storage directory /workdir/hadoop-ozone/integration-test/target/test-dir/MiniOzoneClusterImpl-0502f5f3-ae85-49d0-a1df-b910b6e75f44/datanode-1/data/ratis/5fa133ee-9a26-466e-96c0-a54f85138403 does not exist. Creating ...
2019-10-04 19:32:46,668 [pool-169-thread-1] INFO  storage.RaftStorageDirectory (RaftStorageDirectory.java:tryLock(328)) - Lock on /workdir/hadoop-ozone/integration-test/target/test-dir/MiniOzoneClusterImpl-0502f5f3-ae85-49d0-a1df-b910b6e75f44/datanode-5/data/ratis/5fa133ee-9a26-466e-96c0-a54f85138403/in_use.lock acquired by nodename 29583@pr-hdds-2239-ctfdh-543981580
2019-10-04 19:32:46,668 [pool-119-thread-1] INFO  storage.RaftStorageDirectory (RaftStorageDirectory.java:tryLock(328)) - Lock on /workdir/hadoop-ozone/integration-test/target/test-dir/MiniOzoneClusterImpl-0502f5f3-ae85-49d0-a1df-b910b6e75f44/datanode-0/data/ratis/5fa133ee-9a26-466e-96c0-a54f85138403/in_use.lock acquired by nodename 29583@pr-hdds-2239-ctfdh-543981580
2019-10-04 19:32:46,668 [pool-129-thread-1] INFO  storage.RaftStorageDirectory (RaftStorageDirectory.java:tryLock(328)) - Lock on /workdir/hadoop-ozone/integration-test/target/test-dir/MiniOzoneClusterImpl-0502f5f3-ae85-49d0-a1df-b910b6e75f44/datanode-1/data/ratis/5fa133ee-9a26-466e-96c0-a54f85138403/in_use.lock acquired by nodename 29583@pr-hdds-2239-ctfdh-543981580
2019-10-04 19:32:46,696 [pool-129-thread-1] INFO  storage.RaftStorage (RaftStorage.java:format(84)) - Storage directory /workdir/hadoop-ozone/integration-test/target/test-dir/MiniOzoneClusterImpl-0502f5f3-ae85-49d0-a1df-b910b6e75f44/datanode-1/data/ratis/5fa133ee-9a26-466e-96c0-a54f85138403 has been successfully formatted.
2019-10-04 19:32:46,696 [pool-119-thread-1] INFO  storage.RaftStorage (RaftStorage.java:format(84)) - Storage directory /workdir/hadoop-ozone/integration-test/target/test-dir/MiniOzoneClusterImpl-0502f5f3-ae85-49d0-a1df-b910b6e75f44/datanode-0/data/ratis/5fa133ee-9a26-466e-96c0-a54f85138403 has been successfully formatted.
2019-10-04 19:32:46,696 [pool-169-thread-1] INFO  storage.RaftStorage (RaftStorage.java:format(84)) - Storage directory /workdir/hadoop-ozone/integration-test/target/test-dir/MiniOzoneClusterImpl-0502f5f3-ae85-49d0-a1df-b910b6e75f44/datanode-5/data/ratis/5fa133ee-9a26-466e-96c0-a54f85138403 has been successfully formatted.
2019-10-04 19:32:46,696 [pool-129-thread-1] INFO  ratis.ContainerStateMachine (ContainerStateMachine.java:loadSnapshot(230)) - group-A54F85138403: The snapshot info is null. Setting the last applied indexto:(t:0, i:~)
2019-10-04 19:32:46,697 [pool-169-thread-1] INFO  ratis.ContainerStateMachine (ContainerStateMachine.java:loadSnapshot(230)) - group-A54F85138403: The snapshot info is null. Setting the last applied indexto:(t:0, i:~)
2019-10-04 19:32:46,697 [pool-119-thread-1] INFO  ratis.ContainerStateMachine (ContainerStateMachine.java:loadSnapshot(230)) - group-A54F85138403: The snapshot info is null. Setting the last applied indexto:(t:0, i:~)
2019-10-04 19:32:46,697 [pool-169-thread-1] INFO  server.RaftServerConfigKeys (ConfUtils.java:logGet(43)) - raft.server.notification.no-leader.timeout = 120s (custom)
2019-10-04 19:32:46,697 [pool-169-thread-1] INFO  server.RaftServerConfigKeys (ConfUtils.java:logGet(43)) - raft.server.log.use.memory = false (default)
2019-10-04 19:32:46,697 [pool-129-thread-1] INFO  server.RaftServerConfigKeys (ConfUtils.java:logGet(43)) - raft.server.notification.no-leader.timeout = 120s (custom)
2019-10-04 19:32:46,697 [pool-169-thread-1] INFO  server.RaftServerConfigKeys (ConfUtils.java:logGet(43)) - raft.server.log.purge.gap = 1000000 (custom)
2019-10-04 19:32:46,697 [pool-119-thread-1] INFO  server.RaftServerConfigKeys (ConfUtils.java:logGet(43)) - raft.server.notification.no-leader.timeout = 120s (custom)
2019-10-04 19:32:46,698 [pool-169-thread-1] INFO  server.RaftServerConfigKeys (ConfUtils.java:logGet(43)) - raft.server.log.appender.buffer.byte-limit = 33554432 (custom)
2019-10-04 19:32:46,698 [pool-169-thread-1] INFO  server.RaftServerConfigKeys (ConfUtils.java:logGet(43)) - raft.server.log.segment.size.max = 1048576 (custom)
2019-10-04 19:32:46,697 [pool-129-thread-1] INFO  server.RaftServerConfigKeys (ConfUtils.java:logGet(43)) - raft.server.log.use.memory = false (default)
2019-10-04 19:32:46,698 [pool-169-thread-1] INFO  server.RaftServerConfigKeys (ConfUtils.java:logGet(43)) - raft.server.log.segment.cache.num.max = 2 (custom)
2019-10-04 19:32:46,698 [pool-119-thread-1] INFO  server.RaftServerConfigKeys (ConfUtils.java:logGet(43)) - raft.server.log.use.memory = false (default)
2019-10-04 19:32:46,698 [pool-169-thread-1] INFO  segmented.SegmentedRaftLogWorker (SegmentedRaftLogWorker.java:<init>(173)) - new 25bfc741-568a-4d04-9521-21e487846d14@group-A54F85138403-SegmentedRaftLogWorker for RaftStorage:Storage Directory /workdir/hadoop-ozone/integration-test/target/test-dir/MiniOzoneClusterImpl-0502f5f3-ae85-49d0-a1df-b910b6e75f44/datanode-5/data/ratis/5fa133ee-9a26-466e-96c0-a54f85138403
2019-10-04 19:32:46,698 [pool-169-thread-1] INFO  server.RaftServerConfigKeys (ConfUtils.java:logGet(43)) - raft.server.log.queue.byte-limit = 2147483647 (custom)
2019-10-04 19:32:46,698 [pool-129-thread-1] INFO  server.RaftServerConfigKeys (ConfUtils.java:logGet(43)) - raft.server.log.purge.gap = 1000000 (custom)
2019-10-04 19:32:46,699 [pool-169-thread-1] INFO  server.RaftServerConfigKeys (ConfUtils.java:logGet(43)) - raft.server.log.queue.element-limit = 1024 (custom)
2019-10-04 19:32:46,698 [pool-119-thread-1] INFO  server.RaftServerConfigKeys (ConfUtils.java:logGet(43)) - raft.server.log.purge.gap = 1000000 (custom)
2019-10-04 19:32:46,699 [pool-169-thread-1] INFO  server.RaftServerConfigKeys (ConfUtils.java:logGet(43)) - raft.server.log.segment.size.max = 1048576 (custom)
2019-10-04 19:32:46,699 [pool-129-thread-1] INFO  server.RaftServerConfigKeys (ConfUtils.java:logGet(43)) - raft.server.log.appender.buffer.byte-limit = 33554432 (custom)
2019-10-04 19:32:46,699 [pool-169-thread-1] INFO  server.RaftServerConfigKeys (ConfUtils.java:logGet(43)) - raft.server.log.preallocated.size = 16384 (custom)
2019-10-04 19:32:46,699 [pool-119-thread-1] INFO  server.RaftServerConfigKeys (ConfUtils.java:logGet(43)) - raft.server.log.appender.buffer.byte-limit = 33554432 (custom)
2019-10-04 19:32:46,699 [pool-169-thread-1] INFO  server.RaftServerConfigKeys (ConfUtils.java:logGet(43)) - raft.server.log.write.buffer.size = 33554432 (custom)
2019-10-04 19:32:46,699 [pool-129-thread-1] INFO  server.RaftServerConfigKeys (ConfUtils.java:logGet(43)) - raft.server.log.segment.size.max = 1048576 (custom)
2019-10-04 19:32:46,700 [pool-169-thread-1] INFO  server.RaftServerConfigKeys (ConfUtils.java:logGet(43)) - raft.server.log.force.sync.num = 128 (default)
2019-10-04 19:32:46,700 [pool-119-thread-1] INFO  server.RaftServerConfigKeys (ConfUtils.java:logGet(43)) - raft.server.log.segment.size.max = 1048576 (custom)
2019-10-04 19:32:46,700 [pool-169-thread-1] INFO  server.RaftServerConfigKeys (ConfUtils.java:logGet(43)) - raft.server.log.statemachine.data.sync = true (default)
2019-10-04 19:32:46,700 [pool-169-thread-1] INFO  server.RaftServerConfigKeys (ConfUtils.java:logGet(43)) - raft.server.log.statemachine.data.sync.timeout = 10s (default)
2019-10-04 19:32:46,700 [pool-129-thread-1] INFO  server.RaftServerConfigKeys (ConfUtils.java:logGet(43)) - raft.server.log.segment.cache.num.max = 2 (custom)
2019-10-04 19:32:46,700 [pool-169-thread-1] INFO  server.RaftServerConfigKeys (ConfUtils.java:logGet(43)) - raft.server.log.statemachine.data.sync.timeout.retry = -1 (default)
2019-10-04 19:32:46,700 [pool-119-thread-1] INFO  server.RaftServerConfigKeys (ConfUtils.java:logGet(43)) - raft.server.log.segment.cache.num.max = 2 (custom)
2019-10-04 19:32:46,701 [pool-169-thread-1] INFO  server.RaftServerConfigKeys (ConfUtils.java:logGet(43)) - raft.server.log.statemachine.data.caching.enabled = true (custom)
2019-10-04 19:32:46,700 [pool-129-thread-1] INFO  segmented.SegmentedRaftLogWorker (SegmentedRaftLogWorker.java:<init>(173)) - new 5ac861b3-07c8-4be4-9e5d-d11ab006ec66@group-A54F85138403-SegmentedRaftLogWorker for RaftStorage:Storage Directory /workdir/hadoop-ozone/integration-test/target/test-dir/MiniOzoneClusterImpl-0502f5f3-ae85-49d0-a1df-b910b6e75f44/datanode-1/data/ratis/5fa133ee-9a26-466e-96c0-a54f85138403
2019-10-04 19:32:46,701 [pool-119-thread-1] INFO  segmented.SegmentedRaftLogWorker (SegmentedRaftLogWorker.java:<init>(173)) - new 49a1584d-cd37-4302-b096-0558ad6a536d@group-A54F85138403-SegmentedRaftLogWorker for RaftStorage:Storage Directory /workdir/hadoop-ozone/integration-test/target/test-dir/MiniOzoneClusterImpl-0502f5f3-ae85-49d0-a1df-b910b6e75f44/datanode-0/data/ratis/5fa133ee-9a26-466e-96c0-a54f85138403
2019-10-04 19:32:46,701 [pool-169-thread-1] INFO  segmented.SegmentedRaftLogWorker (SegmentedRaftLogWorker.java:lambda$new$0(128)) - 25bfc741-568a-4d04-9521-21e487846d14@group-A54F85138403-SegmentedRaftLogWorker: flushIndex: setUnconditionally 0 -> -1
2019-10-04 19:32:46,701 [pool-119-thread-1] INFO  server.RaftServerConfigKeys (ConfUtils.java:logGet(43)) - raft.server.log.queue.byte-limit = 2147483647 (custom)
2019-10-04 19:32:46,701 [pool-129-thread-1] INFO  server.RaftServerConfigKeys (ConfUtils.java:logGet(43)) - raft.server.log.queue.byte-limit = 2147483647 (custom)
2019-10-04 19:32:46,701 [pool-119-thread-1] INFO  server.RaftServerConfigKeys (ConfUtils.java:logGet(43)) - raft.server.log.queue.element-limit = 1024 (custom)
2019-10-04 19:32:46,701 [pool-169-thread-1] INFO  server.RaftServerConfigKeys (ConfUtils.java:logGet(43)) - raft.server.snapshot.auto.trigger.enabled = true (custom)
2019-10-04 19:32:46,702 [pool-119-thread-1] INFO  server.RaftServerConfigKeys (ConfUtils.java:logGet(43)) - raft.server.log.segment.size.max = 1048576 (custom)
2019-10-04 19:32:46,702 [pool-129-thread-1] INFO  server.RaftServerConfigKeys (ConfUtils.java:logGet(43)) - raft.server.log.queue.element-limit = 1024 (custom)
2019-10-04 19:32:46,702 [pool-119-thread-1] INFO  server.RaftServerConfigKeys (ConfUtils.java:logGet(43)) - raft.server.log.preallocated.size = 16384 (custom)
2019-10-04 19:32:46,702 [pool-169-thread-1] INFO  server.RaftServerConfigKeys (ConfUtils.java:logGet(43)) - raft.server.snapshot.auto.trigger.threshold = 10000 (custom)
2019-10-04 19:32:46,702 [pool-119-thread-1] INFO  server.RaftServerConfigKeys (ConfUtils.java:logGet(43)) - raft.server.log.write.buffer.size = 33554432 (custom)
2019-10-04 19:32:46,702 [pool-129-thread-1] INFO  server.RaftServerConfigKeys (ConfUtils.java:logGet(43)) - raft.server.log.segment.size.max = 1048576 (custom)
2019-10-04 19:32:46,703 [pool-119-thread-1] INFO  server.RaftServerConfigKeys (ConfUtils.java:logGet(43)) - raft.server.log.force.sync.num = 128 (default)
2019-10-04 19:32:46,703 [pool-119-thread-1] INFO  server.RaftServerConfigKeys (ConfUtils.java:logGet(43)) - raft.server.log.statemachine.data.sync = true (default)
2019-10-04 19:32:46,702 [pool-169-thread-1] INFO  server.RaftServerConfigKeys (ConfUtils.java:logGet(43)) - raft.server.snapshot.retention.file.num = 5 (custom)
2019-10-04 19:32:46,703 [pool-119-thread-1] INFO  server.RaftServerConfigKeys (ConfUtils.java:logGet(43)) - raft.server.log.statemachine.data.sync.timeout = 10s (default)
2019-10-04 19:32:46,703 [pool-129-thread-1] INFO  server.RaftServerConfigKeys (ConfUtils.java:logGet(43)) - raft.server.log.preallocated.size = 16384 (custom)
2019-10-04 19:32:46,703 [pool-119-thread-1] INFO  server.RaftServerConfigKeys (ConfUtils.java:logGet(43)) - raft.server.log.statemachine.data.sync.timeout.retry = -1 (default)
2019-10-04 19:32:46,703 [pool-169-thread-1] INFO  server.RaftServerConfigKeys (ConfUtils.java:logGet(43)) - raft.server.retrycache.expirytime = 600000ms (custom)
2019-10-04 19:32:46,703 [pool-129-thread-1] INFO  server.RaftServerConfigKeys (ConfUtils.java:logGet(43)) - raft.server.log.write.buffer.size = 33554432 (custom)
2019-10-04 19:32:46,704 [pool-119-thread-1] INFO  server.RaftServerConfigKeys (ConfUtils.java:logGet(43)) - raft.server.log.statemachine.data.caching.enabled = true (custom)
2019-10-04 19:32:46,704 [pool-129-thread-1] INFO  server.RaftServerConfigKeys (ConfUtils.java:logGet(43)) - raft.server.log.force.sync.num = 128 (default)
2019-10-04 19:32:46,704 [pool-129-thread-1] INFO  server.RaftServerConfigKeys (ConfUtils.java:logGet(43)) - raft.server.log.statemachine.data.sync = true (default)
2019-10-04 19:32:46,704 [pool-119-thread-1] INFO  segmented.SegmentedRaftLogWorker (SegmentedRaftLogWorker.java:lambda$new$0(128)) - 49a1584d-cd37-4302-b096-0558ad6a536d@group-A54F85138403-SegmentedRaftLogWorker: flushIndex: setUnconditionally 0 -> -1
2019-10-04 19:32:46,704 [pool-129-thread-1] INFO  server.RaftServerConfigKeys (ConfUtils.java:logGet(43)) - raft.server.log.statemachine.data.sync.timeout = 10s (default)
2019-10-04 19:32:46,704 [pool-129-thread-1] INFO  server.RaftServerConfigKeys (ConfUtils.java:logGet(43)) - raft.server.log.statemachine.data.sync.timeout.retry = -1 (default)
2019-10-04 19:32:46,705 [pool-119-thread-1] INFO  server.RaftServerConfigKeys (ConfUtils.java:logGet(43)) - raft.server.snapshot.auto.trigger.enabled = true (custom)
2019-10-04 19:32:46,705 [pool-129-thread-1] INFO  server.RaftServerConfigKeys (ConfUtils.java:logGet(43)) - raft.server.log.statemachine.data.caching.enabled = true (custom)
2019-10-04 19:32:46,705 [pool-119-thread-1] INFO  server.RaftServerConfigKeys (ConfUtils.java:logGet(43)) - raft.server.snapshot.auto.trigger.threshold = 10000 (custom)
2019-10-04 19:32:46,705 [pool-129-thread-1] INFO  segmented.SegmentedRaftLogWorker (SegmentedRaftLogWorker.java:lambda$new$0(128)) - 5ac861b3-07c8-4be4-9e5d-d11ab006ec66@group-A54F85138403-SegmentedRaftLogWorker: flushIndex: setUnconditionally 0 -> -1
2019-10-04 19:32:46,705 [pool-119-thread-1] INFO  server.RaftServerConfigKeys (ConfUtils.java:logGet(43)) - raft.server.snapshot.retention.file.num = 5 (custom)
2019-10-04 19:32:46,705 [pool-129-thread-1] INFO  server.RaftServerConfigKeys (ConfUtils.java:logGet(43)) - raft.server.snapshot.auto.trigger.enabled = true (custom)
2019-10-04 19:32:46,705 [pool-119-thread-1] INFO  server.RaftServerConfigKeys (ConfUtils.java:logGet(43)) - raft.server.retrycache.expirytime = 600000ms (custom)
2019-10-04 19:32:46,706 [pool-169-thread-1] INFO  impl.RaftServerImpl (RaftServerImpl.java:start(181)) - 25bfc741-568a-4d04-9521-21e487846d14@group-A54F85138403: start as a follower, conf=-1: [5ac861b3-07c8-4be4-9e5d-d11ab006ec66:192.168.30.33:40871, 25bfc741-568a-4d04-9521-21e487846d14:192.168.30.33:43253, 49a1584d-cd37-4302-b096-0558ad6a536d:192.168.30.33:44155], old=null
2019-10-04 19:32:46,705 [pool-129-thread-1] INFO  server.RaftServerConfigKeys (ConfUtils.java:logGet(43)) - raft.server.snapshot.auto.trigger.threshold = 10000 (custom)
2019-10-04 19:32:46,706 [pool-169-thread-1] INFO  impl.RaftServerImpl (RaftServerImpl.java:setRole(170)) - 25bfc741-568a-4d04-9521-21e487846d14@group-A54F85138403: changes role from      null to FOLLOWER at term 0 for startAsFollower
2019-10-04 19:32:46,706 [pool-129-thread-1] INFO  server.RaftServerConfigKeys (ConfUtils.java:logGet(43)) - raft.server.snapshot.retention.file.num = 5 (custom)
2019-10-04 19:32:46,706 [pool-169-thread-1] INFO  impl.RoleInfo (RoleInfo.java:updateAndGet(143)) - 25bfc741-568a-4d04-9521-21e487846d14: start FollowerState
2019-10-04 19:32:46,706 [pool-129-thread-1] INFO  server.RaftServerConfigKeys (ConfUtils.java:logGet(43)) - raft.server.retrycache.expirytime = 600000ms (custom)
2019-10-04 19:32:46,706 [pool-169-thread-1] INFO  util.JmxRegister (JmxRegister.java:tryRegister(44)) - Successfully registered JMX Bean with object name Ratis:service=RaftServer,group=group-A54F85138403,id=25bfc741-568a-4d04-9521-21e487846d14
2019-10-04 19:32:46,710 [pool-119-thread-1] INFO  impl.RaftServerImpl (RaftServerImpl.java:start(181)) - 49a1584d-cd37-4302-b096-0558ad6a536d@group-A54F85138403: start as a follower, conf=-1: [5ac861b3-07c8-4be4-9e5d-d11ab006ec66:192.168.30.33:40871, 25bfc741-568a-4d04-9521-21e487846d14:192.168.30.33:43253, 49a1584d-cd37-4302-b096-0558ad6a536d:192.168.30.33:44155], old=null
2019-10-04 19:32:46,710 [pool-119-thread-1] INFO  impl.RaftServerImpl (RaftServerImpl.java:setRole(170)) - 49a1584d-cd37-4302-b096-0558ad6a536d@group-A54F85138403: changes role from      null to FOLLOWER at term 0 for startAsFollower
2019-10-04 19:32:46,710 [pool-119-thread-1] INFO  impl.RoleInfo (RoleInfo.java:updateAndGet(143)) - 49a1584d-cd37-4302-b096-0558ad6a536d: start FollowerState
2019-10-04 19:32:46,710 [pool-119-thread-1] INFO  util.JmxRegister (JmxRegister.java:tryRegister(44)) - Successfully registered JMX Bean with object name Ratis:service=RaftServer,group=group-A54F85138403,id=49a1584d-cd37-4302-b096-0558ad6a536d
2019-10-04 19:32:46,710 [pool-129-thread-1] INFO  impl.RaftServerImpl (RaftServerImpl.java:start(181)) - 5ac861b3-07c8-4be4-9e5d-d11ab006ec66@group-A54F85138403: start as a follower, conf=-1: [5ac861b3-07c8-4be4-9e5d-d11ab006ec66:192.168.30.33:40871, 25bfc741-568a-4d04-9521-21e487846d14:192.168.30.33:43253, 49a1584d-cd37-4302-b096-0558ad6a536d:192.168.30.33:44155], old=null
2019-10-04 19:32:46,711 [pool-129-thread-1] INFO  impl.RaftServerImpl (RaftServerImpl.java:setRole(170)) - 5ac861b3-07c8-4be4-9e5d-d11ab006ec66@group-A54F85138403: changes role from      null to FOLLOWER at term 0 for startAsFollower
2019-10-04 19:32:46,711 [pool-129-thread-1] INFO  impl.RoleInfo (RoleInfo.java:updateAndGet(143)) - 5ac861b3-07c8-4be4-9e5d-d11ab006ec66: start FollowerState
2019-10-04 19:32:46,712 [pool-129-thread-1] INFO  util.JmxRegister (JmxRegister.java:tryRegister(44)) - Successfully registered JMX Bean with object name Ratis:service=RaftServer,group=group-A54F85138403,id=5ac861b3-07c8-4be4-9e5d-d11ab006ec66
2019-10-04 19:32:46,717 [RatisPipelineUtilsThread] INFO  pipeline.PipelineStateManager (PipelineStateManager.java:addPipeline(56)) - Created pipeline Pipeline[ Id: 5fa133ee-9a26-466e-96c0-a54f85138403, Nodes: 49a1584d-cd37-4302-b096-0558ad6a536d{ip: 192.168.30.33, host: pr-hdds-2239-ctfdh-543981580, networkLocation: /default-rack, certSerialId: null}5ac861b3-07c8-4be4-9e5d-d11ab006ec66{ip: 192.168.30.33, host: pr-hdds-2239-ctfdh-543981580, networkLocation: /default-rack, certSerialId: null}25bfc741-568a-4d04-9521-21e487846d14{ip: 192.168.30.33, host: pr-hdds-2239-ctfdh-543981580, networkLocation: /default-rack, certSerialId: null}, Type:RATIS, Factor:THREE, State:OPEN]
2019-10-04 19:32:46,738 [grpc-default-executor-2] INFO  impl.RaftServerProxy (RaftServerProxy.java:addNew(89)) - 5c1618f3-71c2-48a0-8463-ff7ec92ae88c: addNew group-F53942A52B17:[9177c858-a268-40f9-9002-b55f0938111c:192.168.30.33:45809, 2cd22177-8dc0-4d5f-89f9-7752b425b8cc:192.168.30.33:46866, 5c1618f3-71c2-48a0-8463-ff7ec92ae88c:192.168.30.33:41803] returns group-F53942A52B17:java.util.concurrent.CompletableFuture@7172a17b[Not completed]
2019-10-04 19:32:46,738 [grpc-default-executor-1] INFO  impl.RaftServerProxy (RaftServerProxy.java:addNew(89)) - 9177c858-a268-40f9-9002-b55f0938111c: addNew group-F53942A52B17:[9177c858-a268-40f9-9002-b55f0938111c:192.168.30.33:45809, 2cd22177-8dc0-4d5f-89f9-7752b425b8cc:192.168.30.33:46866, 5c1618f3-71c2-48a0-8463-ff7ec92ae88c:192.168.30.33:41803] returns group-F53942A52B17:java.util.concurrent.CompletableFuture@62065e8f[Not completed]
2019-10-04 19:32:46,740 [grpc-default-executor-5] INFO  impl.RaftServerProxy (RaftServerProxy.java:addNew(89)) - 2cd22177-8dc0-4d5f-89f9-7752b425b8cc: addNew group-F53942A52B17:[9177c858-a268-40f9-9002-b55f0938111c:192.168.30.33:45809, 2cd22177-8dc0-4d5f-89f9-7752b425b8cc:192.168.30.33:46866, 5c1618f3-71c2-48a0-8463-ff7ec92ae88c:192.168.30.33:41803] returns group-F53942A52B17:java.util.concurrent.CompletableFuture@315afad6[Not completed]
2019-10-04 19:32:46,742 [pool-139-thread-1] INFO  impl.RaftServerImpl (RaftServerImpl.java:<init>(95)) - 5c1618f3-71c2-48a0-8463-ff7ec92ae88c: new RaftServerImpl for group-F53942A52B17:[9177c858-a268-40f9-9002-b55f0938111c:192.168.30.33:45809, 2cd22177-8dc0-4d5f-89f9-7752b425b8cc:192.168.30.33:46866, 5c1618f3-71c2-48a0-8463-ff7ec92ae88c:192.168.30.33:41803] with ContainerStateMachine:uninitialized
2019-10-04 19:32:46,742 [pool-139-thread-1] INFO  server.RaftServerConfigKeys (ConfUtils.java:logGet(43)) - raft.server.rpc.timeout.min = 5s (custom)
2019-10-04 19:32:46,742 [pool-139-thread-1] INFO  server.RaftServerConfigKeys (ConfUtils.java:logGet(43)) - raft.server.rpc.timeout.max = 5200ms (custom)
2019-10-04 19:32:46,742 [pool-139-thread-1] INFO  server.RaftServerConfigKeys (ConfUtils.java:logGet(43)) - raft.server.rpcslowness.timeout = 120s (custom)
2019-10-04 19:32:46,742 [pool-139-thread-1] INFO  server.RaftServerConfigKeys (ConfUtils.java:logGet(43)) - raft.server.sleep.deviation.threshold = 300 (default)
2019-10-04 19:32:46,742 [pool-139-thread-1] INFO  server.RaftServerConfigKeys (ConfUtils.java:logGet(43)) - raft.server.log.appender.install.snapshot.enabled = false (custom)
2019-10-04 19:32:46,742 [pool-159-thread-1] INFO  impl.RaftServerImpl (RaftServerImpl.java:<init>(95)) - 2cd22177-8dc0-4d5f-89f9-7752b425b8cc: new RaftServerImpl for group-F53942A52B17:[9177c858-a268-40f9-9002-b55f0938111c:192.168.30.33:45809, 2cd22177-8dc0-4d5f-89f9-7752b425b8cc:192.168.30.33:46866, 5c1618f3-71c2-48a0-8463-ff7ec92ae88c:192.168.30.33:41803] with ContainerStateMachine:uninitialized
2019-10-04 19:32:46,742 [pool-139-thread-1] INFO  impl.RaftServerImpl (ServerState.java:<init>(103)) - 5c1618f3-71c2-48a0-8463-ff7ec92ae88c@group-F53942A52B17: ConfigurationManager, init=-1: [9177c858-a268-40f9-9002-b55f0938111c:192.168.30.33:45809, 2cd22177-8dc0-4d5f-89f9-7752b425b8cc:192.168.30.33:46866, 5c1618f3-71c2-48a0-8463-ff7ec92ae88c:192.168.30.33:41803], old=null, confs=<EMPTY_MAP>
2019-10-04 19:32:46,743 [pool-159-thread-1] INFO  server.RaftServerConfigKeys (ConfUtils.java:logGet(43)) - raft.server.rpc.timeout.min = 5s (custom)
2019-10-04 19:32:46,743 [pool-139-thread-1] INFO  server.RaftServerConfigKeys (ConfUtils.java:logGet(43)) - raft.server.storage.dir = [/workdir/hadoop-ozone/integration-test/target/test-dir/MiniOzoneClusterImpl-0502f5f3-ae85-49d0-a1df-b910b6e75f44/datanode-2/data/ratis] (custom)
2019-10-04 19:32:46,743 [pool-149-thread-1] INFO  impl.RaftServerImpl (RaftServerImpl.java:<init>(95)) - 9177c858-a268-40f9-9002-b55f0938111c: new RaftServerImpl for group-F53942A52B17:[9177c858-a268-40f9-9002-b55f0938111c:192.168.30.33:45809, 2cd22177-8dc0-4d5f-89f9-7752b425b8cc:192.168.30.33:46866, 5c1618f3-71c2-48a0-8463-ff7ec92ae88c:192.168.30.33:41803] with ContainerStateMachine:uninitialized
2019-10-04 19:32:46,743 [pool-159-thread-1] INFO  server.RaftServerConfigKeys (ConfUtils.java:logGet(43)) - raft.server.rpc.timeout.max = 5200ms (custom)
2019-10-04 19:32:46,743 [pool-149-thread-1] INFO  server.RaftServerConfigKeys (ConfUtils.java:logGet(43)) - raft.server.rpc.timeout.min = 5s (custom)
2019-10-04 19:32:46,743 [pool-139-thread-1] INFO  server.RaftServerConfigKeys (ConfUtils.java:logGet(43)) - raft.server.log.corruption.policy = EXCEPTION (default)
2019-10-04 19:32:46,743 [pool-149-thread-1] INFO  server.RaftServerConfigKeys (ConfUtils.java:logGet(43)) - raft.server.rpc.timeout.max = 5200ms (custom)
2019-10-04 19:32:46,743 [pool-159-thread-1] INFO  server.RaftServerConfigKeys (ConfUtils.java:logGet(43)) - raft.server.rpcslowness.timeout = 120s (custom)
2019-10-04 19:32:46,744 [pool-149-thread-1] INFO  server.RaftServerConfigKeys (ConfUtils.java:logGet(43)) - raft.server.rpcslowness.timeout = 120s (custom)
2019-10-04 19:32:46,744 [pool-139-thread-1] INFO  storage.RaftStorageDirectory (RaftStorageDirectory.java:analyzeStorage(246)) - The storage directory /workdir/hadoop-ozone/integration-test/target/test-dir/MiniOzoneClusterImpl-0502f5f3-ae85-49d0-a1df-b910b6e75f44/datanode-2/data/ratis/b3344d58-b70e-4bac-9981-f53942a52b17 does not exist. Creating ...
2019-10-04 19:32:46,744 [pool-149-thread-1] INFO  server.RaftServerConfigKeys (ConfUtils.java:logGet(43)) - raft.server.sleep.deviation.threshold = 300 (default)
2019-10-04 19:32:46,744 [pool-149-thread-1] INFO  server.RaftServerConfigKeys (ConfUtils.java:logGet(43)) - raft.server.log.appender.install.snapshot.enabled = false (custom)
2019-10-04 19:32:46,744 [pool-159-thread-1] INFO  server.RaftServerConfigKeys (ConfUtils.java:logGet(43)) - raft.server.sleep.deviation.threshold = 300 (default)
2019-10-04 19:32:46,744 [pool-149-thread-1] INFO  impl.RaftServerImpl (ServerState.java:<init>(103)) - 9177c858-a268-40f9-9002-b55f0938111c@group-F53942A52B17: ConfigurationManager, init=-1: [9177c858-a268-40f9-9002-b55f0938111c:192.168.30.33:45809, 2cd22177-8dc0-4d5f-89f9-7752b425b8cc:192.168.30.33:46866, 5c1618f3-71c2-48a0-8463-ff7ec92ae88c:192.168.30.33:41803], old=null, confs=<EMPTY_MAP>
2019-10-04 19:32:46,744 [pool-159-thread-1] INFO  server.RaftServerConfigKeys (ConfUtils.java:logGet(43)) - raft.server.log.appender.install.snapshot.enabled = false (custom)
2019-10-04 19:32:46,745 [pool-149-thread-1] INFO  server.RaftServerConfigKeys (ConfUtils.java:logGet(43)) - raft.server.storage.dir = [/workdir/hadoop-ozone/integration-test/target/test-dir/MiniOzoneClusterImpl-0502f5f3-ae85-49d0-a1df-b910b6e75f44/datanode-3/data/ratis] (custom)
2019-10-04 19:32:46,745 [pool-159-thread-1] INFO  impl.RaftServerImpl (ServerState.java:<init>(103)) - 2cd22177-8dc0-4d5f-89f9-7752b425b8cc@group-F53942A52B17: ConfigurationManager, init=-1: [9177c858-a268-40f9-9002-b55f0938111c:192.168.30.33:45809, 2cd22177-8dc0-4d5f-89f9-7752b425b8cc:192.168.30.33:46866, 5c1618f3-71c2-48a0-8463-ff7ec92ae88c:192.168.30.33:41803], old=null, confs=<EMPTY_MAP>
2019-10-04 19:32:46,745 [pool-149-thread-1] INFO  server.RaftServerConfigKeys (ConfUtils.java:logGet(43)) - raft.server.log.corruption.policy = EXCEPTION (default)
2019-10-04 19:32:46,745 [pool-159-thread-1] INFO  server.RaftServerConfigKeys (ConfUtils.java:logGet(43)) - raft.server.storage.dir = [/workdir/hadoop-ozone/integration-test/target/test-dir/MiniOzoneClusterImpl-0502f5f3-ae85-49d0-a1df-b910b6e75f44/datanode-4/data/ratis] (custom)
2019-10-04 19:32:46,745 [pool-149-thread-1] INFO  storage.RaftStorageDirectory (RaftStorageDirectory.java:analyzeStorage(246)) - The storage directory /workdir/hadoop-ozone/integration-test/target/test-dir/MiniOzoneClusterImpl-0502f5f3-ae85-49d0-a1df-b910b6e75f44/datanode-3/data/ratis/b3344d58-b70e-4bac-9981-f53942a52b17 does not exist. Creating ...
2019-10-04 19:32:46,745 [pool-159-thread-1] INFO  server.RaftServerConfigKeys (ConfUtils.java:logGet(43)) - raft.server.log.corruption.policy = EXCEPTION (default)
2019-10-04 19:32:46,746 [pool-159-thread-1] INFO  storage.RaftStorageDirectory (RaftStorageDirectory.java:analyzeStorage(246)) - The storage directory /workdir/hadoop-ozone/integration-test/target/test-dir/MiniOzoneClusterImpl-0502f5f3-ae85-49d0-a1df-b910b6e75f44/datanode-4/data/ratis/b3344d58-b70e-4bac-9981-f53942a52b17 does not exist. Creating ...
2019-10-04 19:32:46,767 [pool-139-thread-1] INFO  storage.RaftStorageDirectory (RaftStorageDirectory.java:tryLock(328)) - Lock on /workdir/hadoop-ozone/integration-test/target/test-dir/MiniOzoneClusterImpl-0502f5f3-ae85-49d0-a1df-b910b6e75f44/datanode-2/data/ratis/b3344d58-b70e-4bac-9981-f53942a52b17/in_use.lock acquired by nodename 29583@pr-hdds-2239-ctfdh-543981580
2019-10-04 19:32:46,767 [pool-159-thread-1] INFO  storage.RaftStorageDirectory (RaftStorageDirectory.java:tryLock(328)) - Lock on /workdir/hadoop-ozone/integration-test/target/test-dir/MiniOzoneClusterImpl-0502f5f3-ae85-49d0-a1df-b910b6e75f44/datanode-4/data/ratis/b3344d58-b70e-4bac-9981-f53942a52b17/in_use.lock acquired by nodename 29583@pr-hdds-2239-ctfdh-543981580
2019-10-04 19:32:46,767 [pool-149-thread-1] INFO  storage.RaftStorageDirectory (RaftStorageDirectory.java:tryLock(328)) - Lock on /workdir/hadoop-ozone/integration-test/target/test-dir/MiniOzoneClusterImpl-0502f5f3-ae85-49d0-a1df-b910b6e75f44/datanode-3/data/ratis/b3344d58-b70e-4bac-9981-f53942a52b17/in_use.lock acquired by nodename 29583@pr-hdds-2239-ctfdh-543981580
2019-10-04 19:32:46,791 [pool-139-thread-1] INFO  storage.RaftStorage (RaftStorage.java:format(84)) - Storage directory /workdir/hadoop-ozone/integration-test/target/test-dir/MiniOzoneClusterImpl-0502f5f3-ae85-49d0-a1df-b910b6e75f44/datanode-2/data/ratis/b3344d58-b70e-4bac-9981-f53942a52b17 has been successfully formatted.
2019-10-04 19:32:46,791 [pool-149-thread-1] INFO  storage.RaftStorage (RaftStorage.java:format(84)) - Storage directory /workdir/hadoop-ozone/integration-test/target/test-dir/MiniOzoneClusterImpl-0502f5f3-ae85-49d0-a1df-b910b6e75f44/datanode-3/data/ratis/b3344d58-b70e-4bac-9981-f53942a52b17 has been successfully formatted.
2019-10-04 19:32:46,791 [pool-159-thread-1] INFO  storage.RaftStorage (RaftStorage.java:format(84)) - Storage directory /workdir/hadoop-ozone/integration-test/target/test-dir/MiniOzoneClusterImpl-0502f5f3-ae85-49d0-a1df-b910b6e75f44/datanode-4/data/ratis/b3344d58-b70e-4bac-9981-f53942a52b17 has been successfully formatted.
2019-10-04 19:32:46,791 [pool-149-thread-1] INFO  ratis.ContainerStateMachine (ContainerStateMachine.java:loadSnapshot(230)) - group-F53942A52B17: The snapshot info is null. Setting the last applied indexto:(t:0, i:~)
2019-10-04 19:32:46,791 [pool-139-thread-1] INFO  ratis.ContainerStateMachine (ContainerStateMachine.java:loadSnapshot(230)) - group-F53942A52B17: The snapshot info is null. Setting the last applied indexto:(t:0, i:~)
2019-10-04 19:32:46,791 [pool-149-thread-1] INFO  server.RaftServerConfigKeys (ConfUtils.java:logGet(43)) - raft.server.notification.no-leader.timeout = 120s (custom)
2019-10-04 19:32:46,791 [pool-159-thread-1] INFO  ratis.ContainerStateMachine (ContainerStateMachine.java:loadSnapshot(230)) - group-F53942A52B17: The snapshot info is null. Setting the last applied indexto:(t:0, i:~)
2019-10-04 19:32:46,792 [pool-149-thread-1] INFO  server.RaftServerConfigKeys (ConfUtils.java:logGet(43)) - raft.server.log.use.memory = false (default)
2019-10-04 19:32:46,791 [pool-139-thread-1] INFO  server.RaftServerConfigKeys (ConfUtils.java:logGet(43)) - raft.server.notification.no-leader.timeout = 120s (custom)
2019-10-04 19:32:46,792 [pool-149-thread-1] INFO  server.RaftServerConfigKeys (ConfUtils.java:logGet(43)) - raft.server.log.purge.gap = 1000000 (custom)
2019-10-04 19:32:46,792 [pool-149-thread-1] INFO  server.RaftServerConfigKeys (ConfUtils.java:logGet(43)) - raft.server.log.appender.buffer.byte-limit = 33554432 (custom)
2019-10-04 19:32:46,792 [pool-159-thread-1] INFO  server.RaftServerConfigKeys (ConfUtils.java:logGet(43)) - raft.server.notification.no-leader.timeout = 120s (custom)
2019-10-04 19:32:46,792 [pool-149-thread-1] INFO  server.RaftServerConfigKeys (ConfUtils.java:logGet(43)) - raft.server.log.segment.size.max = 1048576 (custom)
2019-10-04 19:32:46,792 [pool-139-thread-1] INFO  server.RaftServerConfigKeys (ConfUtils.java:logGet(43)) - raft.server.log.use.memory = false (default)
2019-10-04 19:32:46,793 [pool-149-thread-1] INFO  server.RaftServerConfigKeys (ConfUtils.java:logGet(43)) - raft.server.log.segment.cache.num.max = 2 (custom)
2019-10-04 19:32:46,793 [pool-159-thread-1] INFO  server.RaftServerConfigKeys (ConfUtils.java:logGet(43)) - raft.server.log.use.memory = false (default)
2019-10-04 19:32:46,793 [pool-149-thread-1] INFO  segmented.SegmentedRaftLogWorker (SegmentedRaftLogWorker.java:<init>(173)) - new 9177c858-a268-40f9-9002-b55f0938111c@group-F53942A52B17-SegmentedRaftLogWorker for RaftStorage:Storage Directory /workdir/hadoop-ozone/integration-test/target/test-dir/MiniOzoneClusterImpl-0502f5f3-ae85-49d0-a1df-b910b6e75f44/datanode-3/data/ratis/b3344d58-b70e-4bac-9981-f53942a52b17
2019-10-04 19:32:46,793 [pool-139-thread-1] INFO  server.RaftServerConfigKeys (ConfUtils.java:logGet(43)) - raft.server.log.purge.gap = 1000000 (custom)
2019-10-04 19:32:46,793 [pool-149-thread-1] INFO  server.RaftServerConfigKeys (ConfUtils.java:logGet(43)) - raft.server.log.queue.byte-limit = 2147483647 (custom)
2019-10-04 19:32:46,793 [pool-159-thread-1] INFO  server.RaftServerConfigKeys (ConfUtils.java:logGet(43)) - raft.server.log.purge.gap = 1000000 (custom)
2019-10-04 19:32:46,793 [pool-149-thread-1] INFO  server.RaftServerConfigKeys (ConfUtils.java:logGet(43)) - raft.server.log.queue.element-limit = 1024 (custom)
2019-10-04 19:32:46,793 [pool-139-thread-1] INFO  server.RaftServerConfigKeys (ConfUtils.java:logGet(43)) - raft.server.log.appender.buffer.byte-limit = 33554432 (custom)
2019-10-04 19:32:46,794 [pool-149-thread-1] INFO  server.RaftServerConfigKeys (ConfUtils.java:logGet(43)) - raft.server.log.segment.size.max = 1048576 (custom)
2019-10-04 19:32:46,794 [pool-159-thread-1] INFO  server.RaftServerConfigKeys (ConfUtils.java:logGet(43)) - raft.server.log.appender.buffer.byte-limit = 33554432 (custom)
2019-10-04 19:32:46,794 [pool-149-thread-1] INFO  server.RaftServerConfigKeys (ConfUtils.java:logGet(43)) - raft.server.log.preallocated.size = 16384 (custom)
2019-10-04 19:32:46,794 [pool-139-thread-1] INFO  server.RaftServerConfigKeys (ConfUtils.java:logGet(43)) - raft.server.log.segment.size.max = 1048576 (custom)
2019-10-04 19:32:46,794 [pool-149-thread-1] INFO  server.RaftServerConfigKeys (ConfUtils.java:logGet(43)) - raft.server.log.write.buffer.size = 33554432 (custom)
2019-10-04 19:32:46,794 [pool-159-thread-1] INFO  server.RaftServerConfigKeys (ConfUtils.java:logGet(43)) - raft.server.log.segment.size.max = 1048576 (custom)
2019-10-04 19:32:46,795 [pool-149-thread-1] INFO  server.RaftServerConfigKeys (ConfUtils.java:logGet(43)) - raft.server.log.force.sync.num = 128 (default)
2019-10-04 19:32:46,795 [pool-139-thread-1] INFO  server.RaftServerConfigKeys (ConfUtils.java:logGet(43)) - raft.server.log.segment.cache.num.max = 2 (custom)
2019-10-04 19:32:46,795 [pool-149-thread-1] INFO  server.RaftServerConfigKeys (ConfUtils.java:logGet(43)) - raft.server.log.statemachine.data.sync = true (default)
2019-10-04 19:32:46,795 [pool-159-thread-1] INFO  server.RaftServerConfigKeys (ConfUtils.java:logGet(43)) - raft.server.log.segment.cache.num.max = 2 (custom)
2019-10-04 19:32:46,795 [pool-149-thread-1] INFO  server.RaftServerConfigKeys (ConfUtils.java:logGet(43)) - raft.server.log.statemachine.data.sync.timeout = 10s (default)
2019-10-04 19:32:46,795 [pool-139-thread-1] INFO  segmented.SegmentedRaftLogWorker (SegmentedRaftLogWorker.java:<init>(173)) - new 5c1618f3-71c2-48a0-8463-ff7ec92ae88c@group-F53942A52B17-SegmentedRaftLogWorker for RaftStorage:Storage Directory /workdir/hadoop-ozone/integration-test/target/test-dir/MiniOzoneClusterImpl-0502f5f3-ae85-49d0-a1df-b910b6e75f44/datanode-2/data/ratis/b3344d58-b70e-4bac-9981-f53942a52b17
2019-10-04 19:32:46,796 [pool-149-thread-1] INFO  server.RaftServerConfigKeys (ConfUtils.java:logGet(43)) - raft.server.log.statemachine.data.sync.timeout.retry = -1 (default)
2019-10-04 19:32:46,795 [pool-159-thread-1] INFO  segmented.SegmentedRaftLogWorker (SegmentedRaftLogWorker.java:<init>(173)) - new 2cd22177-8dc0-4d5f-89f9-7752b425b8cc@group-F53942A52B17-SegmentedRaftLogWorker for RaftStorage:Storage Directory /workdir/hadoop-ozone/integration-test/target/test-dir/MiniOzoneClusterImpl-0502f5f3-ae85-49d0-a1df-b910b6e75f44/datanode-4/data/ratis/b3344d58-b70e-4bac-9981-f53942a52b17
2019-10-04 19:32:46,796 [pool-139-thread-1] INFO  server.RaftServerConfigKeys (ConfUtils.java:logGet(43)) - raft.server.log.queue.byte-limit = 2147483647 (custom)
2019-10-04 19:32:46,796 [pool-149-thread-1] INFO  server.RaftServerConfigKeys (ConfUtils.java:logGet(43)) - raft.server.log.statemachine.data.caching.enabled = true (custom)
2019-10-04 19:32:46,796 [pool-159-thread-1] INFO  server.RaftServerConfigKeys (ConfUtils.java:logGet(43)) - raft.server.log.queue.byte-limit = 2147483647 (custom)
2019-10-04 19:32:46,796 [pool-139-thread-1] INFO  server.RaftServerConfigKeys (ConfUtils.java:logGet(43)) - raft.server.log.queue.element-limit = 1024 (custom)
2019-10-04 19:32:46,797 [pool-149-thread-1] INFO  segmented.SegmentedRaftLogWorker (SegmentedRaftLogWorker.java:lambda$new$0(128)) - 9177c858-a268-40f9-9002-b55f0938111c@group-F53942A52B17-SegmentedRaftLogWorker: flushIndex: setUnconditionally 0 -> -1
2019-10-04 19:32:46,796 [pool-159-thread-1] INFO  server.RaftServerConfigKeys (ConfUtils.java:logGet(43)) - raft.server.log.queue.element-limit = 1024 (custom)
2019-10-04 19:32:46,797 [pool-139-thread-1] INFO  server.RaftServerConfigKeys (ConfUtils.java:logGet(43)) - raft.server.log.segment.size.max = 1048576 (custom)
2019-10-04 19:32:46,797 [pool-149-thread-1] INFO  server.RaftServerConfigKeys (ConfUtils.java:logGet(43)) - raft.server.snapshot.auto.trigger.enabled = true (custom)
2019-10-04 19:32:46,797 [pool-159-thread-1] INFO  server.RaftServerConfigKeys (ConfUtils.java:logGet(43)) - raft.server.log.segment.size.max = 1048576 (custom)
2019-10-04 19:32:46,797 [pool-149-thread-1] INFO  server.RaftServerConfigKeys (ConfUtils.java:logGet(43)) - raft.server.snapshot.auto.trigger.threshold = 10000 (custom)
2019-10-04 19:32:46,797 [pool-139-thread-1] INFO  server.RaftServerConfigKeys (ConfUtils.java:logGet(43)) - raft.server.log.preallocated.size = 16384 (custom)
2019-10-04 19:32:46,798 [pool-149-thread-1] INFO  server.RaftServerConfigKeys (ConfUtils.java:logGet(43)) - raft.server.snapshot.retention.file.num = 5 (custom)
2019-10-04 19:32:46,797 [pool-159-thread-1] INFO  server.RaftServerConfigKeys (ConfUtils.java:logGet(43)) - raft.server.log.preallocated.size = 16384 (custom)
2019-10-04 19:32:46,798 [pool-149-thread-1] INFO  server.RaftServerConfigKeys (ConfUtils.java:logGet(43)) - raft.server.retrycache.expirytime = 600000ms (custom)
2019-10-04 19:32:46,798 [pool-139-thread-1] INFO  server.RaftServerConfigKeys (ConfUtils.java:logGet(43)) - raft.server.log.write.buffer.size = 33554432 (custom)
2019-10-04 19:32:46,798 [pool-159-thread-1] INFO  server.RaftServerConfigKeys (ConfUtils.java:logGet(43)) - raft.server.log.write.buffer.size = 33554432 (custom)
2019-10-04 19:32:46,798 [pool-139-thread-1] INFO  server.RaftServerConfigKeys (ConfUtils.java:logGet(43)) - raft.server.log.force.sync.num = 128 (default)
2019-10-04 19:32:46,798 [pool-139-thread-1] INFO  server.RaftServerConfigKeys (ConfUtils.java:logGet(43)) - raft.server.log.statemachine.data.sync = true (default)
2019-10-04 19:32:46,798 [pool-159-thread-1] INFO  server.RaftServerConfigKeys (ConfUtils.java:logGet(43)) - raft.server.log.force.sync.num = 128 (default)
2019-10-04 19:32:46,799 [pool-139-thread-1] INFO  server.RaftServerConfigKeys (ConfUtils.java:logGet(43)) - raft.server.log.statemachine.data.sync.timeout = 10s (default)
2019-10-04 19:32:46,799 [pool-159-thread-1] INFO  server.RaftServerConfigKeys (ConfUtils.java:logGet(43)) - raft.server.log.statemachine.data.sync = true (default)
2019-10-04 19:32:46,799 [pool-139-thread-1] INFO  server.RaftServerConfigKeys (ConfUtils.java:logGet(43)) - raft.server.log.statemachine.data.sync.timeout.retry = -1 (default)
2019-10-04 19:32:46,799 [pool-159-thread-1] INFO  server.RaftServerConfigKeys (ConfUtils.java:logGet(43)) - raft.server.log.statemachine.data.sync.timeout = 10s (default)
2019-10-04 19:32:46,799 [pool-139-thread-1] INFO  server.RaftServerConfigKeys (ConfUtils.java:logGet(43)) - raft.server.log.statemachine.data.caching.enabled = true (custom)
2019-10-04 19:32:46,799 [pool-159-thread-1] INFO  server.RaftServerConfigKeys (ConfUtils.java:logGet(43)) - raft.server.log.statemachine.data.sync.timeout.retry = -1 (default)
2019-10-04 19:32:46,800 [pool-139-thread-1] INFO  segmented.SegmentedRaftLogWorker (SegmentedRaftLogWorker.java:lambda$new$0(128)) - 5c1618f3-71c2-48a0-8463-ff7ec92ae88c@group-F53942A52B17-SegmentedRaftLogWorker: flushIndex: setUnconditionally 0 -> -1
2019-10-04 19:32:46,800 [pool-159-thread-1] INFO  server.RaftServerConfigKeys (ConfUtils.java:logGet(43)) - raft.server.log.statemachine.data.caching.enabled = true (custom)
2019-10-04 19:32:46,800 [pool-139-thread-1] INFO  server.RaftServerConfigKeys (ConfUtils.java:logGet(43)) - raft.server.snapshot.auto.trigger.enabled = true (custom)
2019-10-04 19:32:46,800 [pool-139-thread-1] INFO  server.RaftServerConfigKeys (ConfUtils.java:logGet(43)) - raft.server.snapshot.auto.trigger.threshold = 10000 (custom)
2019-10-04 19:32:46,800 [pool-159-thread-1] INFO  segmented.SegmentedRaftLogWorker (SegmentedRaftLogWorker.java:lambda$new$0(128)) - 2cd22177-8dc0-4d5f-89f9-7752b425b8cc@group-F53942A52B17-SegmentedRaftLogWorker: flushIndex: setUnconditionally 0 -> -1
2019-10-04 19:32:46,800 [pool-139-thread-1] INFO  server.RaftServerConfigKeys (ConfUtils.java:logGet(43)) - raft.server.snapshot.retention.file.num = 5 (custom)
2019-10-04 19:32:46,800 [pool-149-thread-1] INFO  impl.RaftServerImpl (RaftServerImpl.java:start(181)) - 9177c858-a268-40f9-9002-b55f0938111c@group-F53942A52B17: start as a follower, conf=-1: [9177c858-a268-40f9-9002-b55f0938111c:192.168.30.33:45809, 2cd22177-8dc0-4d5f-89f9-7752b425b8cc:192.168.30.33:46866, 5c1618f3-71c2-48a0-8463-ff7ec92ae88c:192.168.30.33:41803], old=null
2019-10-04 19:32:46,801 [pool-159-thread-1] INFO  server.RaftServerConfigKeys (ConfUtils.java:logGet(43)) - raft.server.snapshot.auto.trigger.enabled = true (custom)
2019-10-04 19:32:46,801 [pool-139-thread-1] INFO  server.RaftServerConfigKeys (ConfUtils.java:logGet(43)) - raft.server.retrycache.expirytime = 600000ms (custom)
2019-10-04 19:32:46,801 [pool-159-thread-1] INFO  server.RaftServerConfigKeys (ConfUtils.java:logGet(43)) - raft.server.snapshot.auto.trigger.threshold = 10000 (custom)
2019-10-04 19:32:46,801 [pool-149-thread-1] INFO  impl.RaftServerImpl (RaftServerImpl.java:setRole(170)) - 9177c858-a268-40f9-9002-b55f0938111c@group-F53942A52B17: changes role from      null to FOLLOWER at term 0 for startAsFollower
2019-10-04 19:32:46,801 [pool-159-thread-1] INFO  server.RaftServerConfigKeys (ConfUtils.java:logGet(43)) - raft.server.snapshot.retention.file.num = 5 (custom)
2019-10-04 19:32:46,802 [pool-149-thread-1] INFO  impl.RoleInfo (RoleInfo.java:updateAndGet(143)) - 9177c858-a268-40f9-9002-b55f0938111c: start FollowerState
2019-10-04 19:32:46,802 [pool-159-thread-1] INFO  server.RaftServerConfigKeys (ConfUtils.java:logGet(43)) - raft.server.retrycache.expirytime = 600000ms (custom)
2019-10-04 19:32:46,802 [pool-149-thread-1] INFO  util.JmxRegister (JmxRegister.java:tryRegister(44)) - Successfully registered JMX Bean with object name Ratis:service=RaftServer,group=group-F53942A52B17,id=9177c858-a268-40f9-9002-b55f0938111c
2019-10-04 19:32:46,805 [pool-139-thread-1] INFO  impl.RaftServerImpl (RaftServerImpl.java:start(181)) - 5c1618f3-71c2-48a0-8463-ff7ec92ae88c@group-F53942A52B17: start as a follower, conf=-1: [9177c858-a268-40f9-9002-b55f0938111c:192.168.30.33:45809, 2cd22177-8dc0-4d5f-89f9-7752b425b8cc:192.168.30.33:46866, 5c1618f3-71c2-48a0-8463-ff7ec92ae88c:192.168.30.33:41803], old=null
2019-10-04 19:32:46,805 [pool-139-thread-1] INFO  impl.RaftServerImpl (RaftServerImpl.java:setRole(170)) - 5c1618f3-71c2-48a0-8463-ff7ec92ae88c@group-F53942A52B17: changes role from      null to FOLLOWER at term 0 for startAsFollower
2019-10-04 19:32:46,805 [pool-139-thread-1] INFO  impl.RoleInfo (RoleInfo.java:updateAndGet(143)) - 5c1618f3-71c2-48a0-8463-ff7ec92ae88c: start FollowerState
2019-10-04 19:32:46,806 [pool-139-thread-1] INFO  util.JmxRegister (JmxRegister.java:tryRegister(44)) - Successfully registered JMX Bean with object name Ratis:service=RaftServer,group=group-F53942A52B17,id=5c1618f3-71c2-48a0-8463-ff7ec92ae88c
2019-10-04 19:32:46,807 [pool-159-thread-1] INFO  impl.RaftServerImpl (RaftServerImpl.java:start(181)) - 2cd22177-8dc0-4d5f-89f9-7752b425b8cc@group-F53942A52B17: start as a follower, conf=-1: [9177c858-a268-40f9-9002-b55f0938111c:192.168.30.33:45809, 2cd22177-8dc0-4d5f-89f9-7752b425b8cc:192.168.30.33:46866, 5c1618f3-71c2-48a0-8463-ff7ec92ae88c:192.168.30.33:41803], old=null
2019-10-04 19:32:46,807 [pool-159-thread-1] INFO  impl.RaftServerImpl (RaftServerImpl.java:setRole(170)) - 2cd22177-8dc0-4d5f-89f9-7752b425b8cc@group-F53942A52B17: changes role from      null to FOLLOWER at term 0 for startAsFollower
2019-10-04 19:32:46,807 [pool-159-thread-1] INFO  impl.RoleInfo (RoleInfo.java:updateAndGet(143)) - 2cd22177-8dc0-4d5f-89f9-7752b425b8cc: start FollowerState
2019-10-04 19:32:46,808 [pool-159-thread-1] INFO  util.JmxRegister (JmxRegister.java:tryRegister(44)) - Successfully registered JMX Bean with object name Ratis:service=RaftServer,group=group-F53942A52B17,id=2cd22177-8dc0-4d5f-89f9-7752b425b8cc
2019-10-04 19:32:46,816 [RatisPipelineUtilsThread] INFO  pipeline.PipelineStateManager (PipelineStateManager.java:addPipeline(56)) - Created pipeline Pipeline[ Id: b3344d58-b70e-4bac-9981-f53942a52b17, Nodes: 9177c858-a268-40f9-9002-b55f0938111c{ip: 192.168.30.33, host: pr-hdds-2239-ctfdh-543981580, networkLocation: /default-rack, certSerialId: null}2cd22177-8dc0-4d5f-89f9-7752b425b8cc{ip: 192.168.30.33, host: pr-hdds-2239-ctfdh-543981580, networkLocation: /default-rack, certSerialId: null}5c1618f3-71c2-48a0-8463-ff7ec92ae88c{ip: 192.168.30.33, host: pr-hdds-2239-ctfdh-543981580, networkLocation: /default-rack, certSerialId: null}, Type:RATIS, Factor:THREE, State:OPEN]
2019-10-04 19:32:47,455 [main] INFO  ozone.MiniOzoneClusterImpl (MiniOzoneClusterImpl.java:lambda$waitForClusterToBeReady$0(147)) - Cluster is ready. Got 7 of 7 DN Heartbeats.
2019-10-04 19:32:47,503 [main] INFO  rpc.RpcClient (RpcClient.java:createVolume(277)) - Creating Volume: testblockoutputstreamwithretries, with jenkins1000 as owner.
2019-10-04 19:32:47,508 [IPC Server handler 0 on 33195] INFO  volume.OMVolumeCreateRequest (OMVolumeCreateRequest.java:validateAndUpdateCache(193)) - created volume:testblockoutputstreamwithretries for user:jenkins1000
2019-10-04 19:32:47,523 [main] INFO  rpc.RpcClient (RpcClient.java:createBucket(416)) - Creating Bucket: testblockoutputstreamwithretries/testblockoutputstreamwithretries, with Versioning false and Storage Type set to DISK and Encryption set to false 
2019-10-04 19:32:49,045 [Thread-665] INFO  container.ReplicationManager (ReplicationManager.java:start(162)) - Starting Replication Monitor Thread.
2019-10-04 19:32:49,049 [ReplicationMonitor] INFO  container.ReplicationManager (ReplicationManager.java:run(225)) - Replication Monitor Thread took 0 milliseconds for processing 3 containers.
2019-10-04 19:32:51,204 [Thread-670] INFO  impl.FollowerState (FollowerState.java:run(108)) - 5ac861b3-07c8-4be4-9e5d-d11ab006ec66@group-3965C6050932-FollowerState: change to CANDIDATE, lastRpcTime:5015ms, electionTimeout:5015ms
2019-10-04 19:32:51,205 [Thread-670] INFO  impl.RoleInfo (RoleInfo.java:shutdownFollowerState(121)) - 5ac861b3-07c8-4be4-9e5d-d11ab006ec66: shutdown FollowerState
2019-10-04 19:32:51,205 [Thread-670] INFO  impl.RaftServerImpl (RaftServerImpl.java:setRole(170)) - 5ac861b3-07c8-4be4-9e5d-d11ab006ec66@group-3965C6050932: changes role from  FOLLOWER to CANDIDATE at term 0 for changeToCandidate
2019-10-04 19:32:51,206 [Thread-670] INFO  impl.RoleInfo (RoleInfo.java:updateAndGet(143)) - 5ac861b3-07c8-4be4-9e5d-d11ab006ec66: start LeaderElection
2019-10-04 19:32:51,255 [5ac861b3-07c8-4be4-9e5d-d11ab006ec66@group-3965C6050932-LeaderElection14] INFO  impl.LeaderElection (LeaderElection.java:askForVotes(178)) - 5ac861b3-07c8-4be4-9e5d-d11ab006ec66@group-3965C6050932-LeaderElection14: begin an election at term 1 for -1: [5ac861b3-07c8-4be4-9e5d-d11ab006ec66:192.168.30.33:40871], old=null
2019-10-04 19:32:51,256 [5ac861b3-07c8-4be4-9e5d-d11ab006ec66@group-3965C6050932-LeaderElection14] INFO  impl.RoleInfo (RoleInfo.java:shutdownLeaderElection(134)) - 5ac861b3-07c8-4be4-9e5d-d11ab006ec66: shutdown LeaderElection
2019-10-04 19:32:51,256 [5ac861b3-07c8-4be4-9e5d-d11ab006ec66@group-3965C6050932-LeaderElection14] INFO  impl.RaftServerImpl (RaftServerImpl.java:setRole(170)) - 5ac861b3-07c8-4be4-9e5d-d11ab006ec66@group-3965C6050932: changes role from CANDIDATE to LEADER at term 1 for changeToLeader
2019-10-04 19:32:51,256 [5ac861b3-07c8-4be4-9e5d-d11ab006ec66@group-3965C6050932-LeaderElection14] INFO  impl.RaftServerImpl (ServerState.java:setLeader(255)) - 5ac861b3-07c8-4be4-9e5d-d11ab006ec66@group-3965C6050932: change Leader from null to 5ac861b3-07c8-4be4-9e5d-d11ab006ec66 at term 1 for becomeLeader, leader elected after 5077ms
2019-10-04 19:32:51,260 [5ac861b3-07c8-4be4-9e5d-d11ab006ec66@group-3965C6050932-LeaderElection14] INFO  server.RaftServerConfigKeys (ConfUtils.java:logGet(43)) - raft.server.staging.catchup.gap = 1000 (default)
2019-10-04 19:32:51,261 [5ac861b3-07c8-4be4-9e5d-d11ab006ec66@group-3965C6050932-LeaderElection14] INFO  server.RaftServerConfigKeys (ConfUtils.java:logGet(43)) - raft.server.rpc.sleep.time = 25ms (default)
2019-10-04 19:32:51,261 [5ac861b3-07c8-4be4-9e5d-d11ab006ec66@group-3965C6050932-LeaderElection14] INFO  server.RaftServerConfigKeys (ConfUtils.java:logGet(43)) - raft.server.write.element-limit = 4096 (default)
2019-10-04 19:32:51,261 [5ac861b3-07c8-4be4-9e5d-d11ab006ec66@group-3965C6050932-LeaderElection14] INFO  server.RaftServerConfigKeys (ConfUtils.java:logGet(43)) - raft.server.watch.timeout = 10s (default)
2019-10-04 19:32:51,261 [5ac861b3-07c8-4be4-9e5d-d11ab006ec66@group-3965C6050932-LeaderElection14] INFO  server.RaftServerConfigKeys (ConfUtils.java:logGet(43)) - raft.server.watch.timeout.denomination = 1s (default)
2019-10-04 19:32:51,262 [5ac861b3-07c8-4be4-9e5d-d11ab006ec66@group-3965C6050932-LeaderElection14] INFO  server.RaftServerConfigKeys (ConfUtils.java:logGet(43)) - raft.server.watch.element-limit = 65536 (default)
2019-10-04 19:32:51,265 [5ac861b3-07c8-4be4-9e5d-d11ab006ec66@group-3965C6050932-LeaderElection14] INFO  impl.RoleInfo (RoleInfo.java:updateAndGet(143)) - 5ac861b3-07c8-4be4-9e5d-d11ab006ec66: start LeaderState
2019-10-04 19:32:51,266 [5ac861b3-07c8-4be4-9e5d-d11ab006ec66@group-3965C6050932-LeaderElection14] INFO  segmented.SegmentedRaftLogWorker (SegmentedRaftLogWorker.java:startLogSegment(385)) - 5ac861b3-07c8-4be4-9e5d-d11ab006ec66@group-3965C6050932-SegmentedRaftLogWorker: Starting segment from index:0
2019-10-04 19:32:51,267 [5ac861b3-07c8-4be4-9e5d-d11ab006ec66@group-3965C6050932-LeaderElection14] INFO  impl.RaftServerImpl (ServerState.java:setRaftConf(356)) - 5ac861b3-07c8-4be4-9e5d-d11ab006ec66@group-3965C6050932: set configuration 0: [5ac861b3-07c8-4be4-9e5d-d11ab006ec66:192.168.30.33:40871], old=null at 0
2019-10-04 19:32:51,304 [Thread-667] INFO  impl.FollowerState (FollowerState.java:run(108)) - 49a1584d-cd37-4302-b096-0558ad6a536d@group-A4DA1BB6CEC6-FollowerState: change to CANDIDATE, lastRpcTime:5189ms, electionTimeout:5187ms
2019-10-04 19:32:51,304 [Thread-667] INFO  impl.RoleInfo (RoleInfo.java:shutdownFollowerState(121)) - 49a1584d-cd37-4302-b096-0558ad6a536d: shutdown FollowerState
2019-10-04 19:32:51,304 [Thread-667] INFO  impl.RaftServerImpl (RaftServerImpl.java:setRole(170)) - 49a1584d-cd37-4302-b096-0558ad6a536d@group-A4DA1BB6CEC6: changes role from  FOLLOWER to CANDIDATE at term 0 for changeToCandidate
2019-10-04 19:32:51,305 [Thread-667] INFO  impl.RoleInfo (RoleInfo.java:updateAndGet(143)) - 49a1584d-cd37-4302-b096-0558ad6a536d: start LeaderElection
2019-10-04 19:32:51,322 [5ac861b3-07c8-4be4-9e5d-d11ab006ec66@group-3965C6050932-SegmentedRaftLogWorker] INFO  segmented.SegmentedRaftLogWorker (SegmentedRaftLogWorker.java:execute(574)) - 5ac861b3-07c8-4be4-9e5d-d11ab006ec66@group-3965C6050932-SegmentedRaftLogWorker: created new log segment /workdir/hadoop-ozone/integration-test/target/test-dir/MiniOzoneClusterImpl-0502f5f3-ae85-49d0-a1df-b910b6e75f44/datanode-1/data/ratis/e7585c43-db95-46e1-b561-3965c6050932/current/log_inprogress_0
2019-10-04 19:32:51,339 [49a1584d-cd37-4302-b096-0558ad6a536d@group-A4DA1BB6CEC6-LeaderElection15] INFO  impl.LeaderElection (LeaderElection.java:askForVotes(178)) - 49a1584d-cd37-4302-b096-0558ad6a536d@group-A4DA1BB6CEC6-LeaderElection15: begin an election at term 1 for -1: [49a1584d-cd37-4302-b096-0558ad6a536d:192.168.30.33:44155], old=null
2019-10-04 19:32:51,340 [49a1584d-cd37-4302-b096-0558ad6a536d@group-A4DA1BB6CEC6-LeaderElection15] INFO  impl.RoleInfo (RoleInfo.java:shutdownLeaderElection(134)) - 49a1584d-cd37-4302-b096-0558ad6a536d: shutdown LeaderElection
2019-10-04 19:32:51,340 [49a1584d-cd37-4302-b096-0558ad6a536d@group-A4DA1BB6CEC6-LeaderElection15] INFO  impl.RaftServerImpl (RaftServerImpl.java:setRole(170)) - 49a1584d-cd37-4302-b096-0558ad6a536d@group-A4DA1BB6CEC6: changes role from CANDIDATE to LEADER at term 1 for changeToLeader
2019-10-04 19:32:51,340 [49a1584d-cd37-4302-b096-0558ad6a536d@group-A4DA1BB6CEC6-LeaderElection15] INFO  impl.RaftServerImpl (ServerState.java:setLeader(255)) - 49a1584d-cd37-4302-b096-0558ad6a536d@group-A4DA1BB6CEC6: change Leader from null to 49a1584d-cd37-4302-b096-0558ad6a536d at term 1 for becomeLeader, leader elected after 5236ms
2019-10-04 19:32:51,346 [49a1584d-cd37-4302-b096-0558ad6a536d@group-A4DA1BB6CEC6-LeaderElection15] INFO  server.RaftServerConfigKeys (ConfUtils.java:logGet(43)) - raft.server.staging.catchup.gap = 1000 (default)
2019-10-04 19:32:51,347 [49a1584d-cd37-4302-b096-0558ad6a536d@group-A4DA1BB6CEC6-LeaderElection15] INFO  server.RaftServerConfigKeys (ConfUtils.java:logGet(43)) - raft.server.rpc.sleep.time = 25ms (default)
2019-10-04 19:32:51,347 [49a1584d-cd37-4302-b096-0558ad6a536d@group-A4DA1BB6CEC6-LeaderElection15] INFO  server.RaftServerConfigKeys (ConfUtils.java:logGet(43)) - raft.server.write.element-limit = 4096 (default)
2019-10-04 19:32:51,347 [49a1584d-cd37-4302-b096-0558ad6a536d@group-A4DA1BB6CEC6-LeaderElection15] INFO  server.RaftServerConfigKeys (ConfUtils.java:logGet(43)) - raft.server.watch.timeout = 10s (default)
2019-10-04 19:32:51,348 [49a1584d-cd37-4302-b096-0558ad6a536d@group-A4DA1BB6CEC6-LeaderElection15] INFO  server.RaftServerConfigKeys (ConfUtils.java:logGet(43)) - raft.server.watch.timeout.denomination = 1s (default)
2019-10-04 19:32:51,348 [49a1584d-cd37-4302-b096-0558ad6a536d@group-A4DA1BB6CEC6-LeaderElection15] INFO  server.RaftServerConfigKeys (ConfUtils.java:logGet(43)) - raft.server.watch.element-limit = 65536 (default)
2019-10-04 19:32:51,352 [49a1584d-cd37-4302-b096-0558ad6a536d@group-A4DA1BB6CEC6-LeaderElection15] INFO  impl.RoleInfo (RoleInfo.java:updateAndGet(143)) - 49a1584d-cd37-4302-b096-0558ad6a536d: start LeaderState
2019-10-04 19:32:51,352 [49a1584d-cd37-4302-b096-0558ad6a536d@group-A4DA1BB6CEC6-LeaderElection15] INFO  segmented.SegmentedRaftLogWorker (SegmentedRaftLogWorker.java:startLogSegment(385)) - 49a1584d-cd37-4302-b096-0558ad6a536d@group-A4DA1BB6CEC6-SegmentedRaftLogWorker: Starting segment from index:0
2019-10-04 19:32:51,352 [49a1584d-cd37-4302-b096-0558ad6a536d@group-A4DA1BB6CEC6-LeaderElection15] INFO  impl.RaftServerImpl (ServerState.java:setRaftConf(356)) - 49a1584d-cd37-4302-b096-0558ad6a536d@group-A4DA1BB6CEC6: set configuration 0: [49a1584d-cd37-4302-b096-0558ad6a536d:192.168.30.33:44155], old=null at 0
2019-10-04 19:32:51,398 [49a1584d-cd37-4302-b096-0558ad6a536d@group-A4DA1BB6CEC6-SegmentedRaftLogWorker] INFO  segmented.SegmentedRaftLogWorker (SegmentedRaftLogWorker.java:execute(574)) - 49a1584d-cd37-4302-b096-0558ad6a536d@group-A4DA1BB6CEC6-SegmentedRaftLogWorker: created new log segment /workdir/hadoop-ozone/integration-test/target/test-dir/MiniOzoneClusterImpl-0502f5f3-ae85-49d0-a1df-b910b6e75f44/datanode-0/data/ratis/54abe58c-daac-4b1f-931c-a4da1bb6cec6/current/log_inprogress_0
2019-10-04 19:32:51,447 [Thread-673] INFO  impl.FollowerState (FollowerState.java:run(108)) - 5c1618f3-71c2-48a0-8463-ff7ec92ae88c@group-0D2383FC21FB-FollowerState: change to CANDIDATE, lastRpcTime:5175ms, electionTimeout:5175ms
2019-10-04 19:32:51,447 [Thread-673] INFO  impl.RoleInfo (RoleInfo.java:shutdownFollowerState(121)) - 5c1618f3-71c2-48a0-8463-ff7ec92ae88c: shutdown FollowerState
2019-10-04 19:32:51,447 [Thread-673] INFO  impl.RaftServerImpl (RaftServerImpl.java:setRole(170)) - 5c1618f3-71c2-48a0-8463-ff7ec92ae88c@group-0D2383FC21FB: changes role from  FOLLOWER to CANDIDATE at term 0 for changeToCandidate
2019-10-04 19:32:51,448 [Thread-673] INFO  impl.RoleInfo (RoleInfo.java:updateAndGet(143)) - 5c1618f3-71c2-48a0-8463-ff7ec92ae88c: start LeaderElection
2019-10-04 19:32:51,466 [5c1618f3-71c2-48a0-8463-ff7ec92ae88c@group-0D2383FC21FB-LeaderElection16] INFO  impl.LeaderElection (LeaderElection.java:askForVotes(178)) - 5c1618f3-71c2-48a0-8463-ff7ec92ae88c@group-0D2383FC21FB-LeaderElection16: begin an election at term 1 for -1: [5c1618f3-71c2-48a0-8463-ff7ec92ae88c:192.168.30.33:41803], old=null
2019-10-04 19:32:51,466 [5c1618f3-71c2-48a0-8463-ff7ec92ae88c@group-0D2383FC21FB-LeaderElection16] INFO  impl.RoleInfo (RoleInfo.java:shutdownLeaderElection(134)) - 5c1618f3-71c2-48a0-8463-ff7ec92ae88c: shutdown LeaderElection
2019-10-04 19:32:51,466 [5c1618f3-71c2-48a0-8463-ff7ec92ae88c@group-0D2383FC21FB-LeaderElection16] INFO  impl.RaftServerImpl (RaftServerImpl.java:setRole(170)) - 5c1618f3-71c2-48a0-8463-ff7ec92ae88c@group-0D2383FC21FB: changes role from CANDIDATE to LEADER at term 1 for changeToLeader
2019-10-04 19:32:51,466 [5c1618f3-71c2-48a0-8463-ff7ec92ae88c@group-0D2383FC21FB-LeaderElection16] INFO  impl.RaftServerImpl (ServerState.java:setLeader(255)) - 5c1618f3-71c2-48a0-8463-ff7ec92ae88c@group-0D2383FC21FB: change Leader from null to 5c1618f3-71c2-48a0-8463-ff7ec92ae88c at term 1 for becomeLeader, leader elected after 5202ms
2019-10-04 19:32:51,469 [5c1618f3-71c2-48a0-8463-ff7ec92ae88c@group-0D2383FC21FB-LeaderElection16] INFO  server.RaftServerConfigKeys (ConfUtils.java:logGet(43)) - raft.server.staging.catchup.gap = 1000 (default)
2019-10-04 19:32:51,469 [Thread-676] INFO  impl.FollowerState (FollowerState.java:run(108)) - 9177c858-a268-40f9-9002-b55f0938111c@group-BBD2C5C4BF9E-FollowerState: change to CANDIDATE, lastRpcTime:5113ms, electionTimeout:5113ms
2019-10-04 19:32:51,469 [5c1618f3-71c2-48a0-8463-ff7ec92ae88c@group-0D2383FC21FB-LeaderElection16] INFO  server.RaftServerConfigKeys (ConfUtils.java:logGet(43)) - raft.server.rpc.sleep.time = 25ms (default)
2019-10-04 19:32:51,469 [Thread-676] INFO  impl.RoleInfo (RoleInfo.java:shutdownFollowerState(121)) - 9177c858-a268-40f9-9002-b55f0938111c: shutdown FollowerState
2019-10-04 19:32:51,469 [5c1618f3-71c2-48a0-8463-ff7ec92ae88c@group-0D2383FC21FB-LeaderElection16] INFO  server.RaftServerConfigKeys (ConfUtils.java:logGet(43)) - raft.server.write.element-limit = 4096 (default)
2019-10-04 19:32:51,469 [Thread-676] INFO  impl.RaftServerImpl (RaftServerImpl.java:setRole(170)) - 9177c858-a268-40f9-9002-b55f0938111c@group-BBD2C5C4BF9E: changes role from  FOLLOWER to CANDIDATE at term 0 for changeToCandidate
2019-10-04 19:32:51,469 [5c1618f3-71c2-48a0-8463-ff7ec92ae88c@group-0D2383FC21FB-LeaderElection16] INFO  server.RaftServerConfigKeys (ConfUtils.java:logGet(43)) - raft.server.watch.timeout = 10s (default)
2019-10-04 19:32:51,470 [Thread-676] INFO  impl.RoleInfo (RoleInfo.java:updateAndGet(143)) - 9177c858-a268-40f9-9002-b55f0938111c: start LeaderElection
2019-10-04 19:32:51,470 [5c1618f3-71c2-48a0-8463-ff7ec92ae88c@group-0D2383FC21FB-LeaderElection16] INFO  server.RaftServerConfigKeys (ConfUtils.java:logGet(43)) - raft.server.watch.timeout.denomination = 1s (default)
2019-10-04 19:32:51,470 [5c1618f3-71c2-48a0-8463-ff7ec92ae88c@group-0D2383FC21FB-LeaderElection16] INFO  server.RaftServerConfigKeys (ConfUtils.java:logGet(43)) - raft.server.watch.element-limit = 65536 (default)
2019-10-04 19:32:51,480 [5c1618f3-71c2-48a0-8463-ff7ec92ae88c@group-0D2383FC21FB-LeaderElection16] INFO  impl.RoleInfo (RoleInfo.java:updateAndGet(143)) - 5c1618f3-71c2-48a0-8463-ff7ec92ae88c: start LeaderState
2019-10-04 19:32:51,481 [5c1618f3-71c2-48a0-8463-ff7ec92ae88c@group-0D2383FC21FB-LeaderElection16] INFO  segmented.SegmentedRaftLogWorker (SegmentedRaftLogWorker.java:startLogSegment(385)) - 5c1618f3-71c2-48a0-8463-ff7ec92ae88c@group-0D2383FC21FB-SegmentedRaftLogWorker: Starting segment from index:0
2019-10-04 19:32:51,481 [5c1618f3-71c2-48a0-8463-ff7ec92ae88c@group-0D2383FC21FB-LeaderElection16] INFO  impl.RaftServerImpl (ServerState.java:setRaftConf(356)) - 5c1618f3-71c2-48a0-8463-ff7ec92ae88c@group-0D2383FC21FB: set configuration 0: [5c1618f3-71c2-48a0-8463-ff7ec92ae88c:192.168.30.33:41803], old=null at 0
2019-10-04 19:32:51,491 [9177c858-a268-40f9-9002-b55f0938111c@group-BBD2C5C4BF9E-LeaderElection17] INFO  impl.LeaderElection (LeaderElection.java:askForVotes(178)) - 9177c858-a268-40f9-9002-b55f0938111c@group-BBD2C5C4BF9E-LeaderElection17: begin an election at term 1 for -1: [9177c858-a268-40f9-9002-b55f0938111c:192.168.30.33:45809], old=null
2019-10-04 19:32:51,492 [9177c858-a268-40f9-9002-b55f0938111c@group-BBD2C5C4BF9E-LeaderElection17] INFO  impl.RoleInfo (RoleInfo.java:shutdownLeaderElection(134)) - 9177c858-a268-40f9-9002-b55f0938111c: shutdown LeaderElection
2019-10-04 19:32:51,492 [9177c858-a268-40f9-9002-b55f0938111c@group-BBD2C5C4BF9E-LeaderElection17] INFO  impl.RaftServerImpl (RaftServerImpl.java:setRole(170)) - 9177c858-a268-40f9-9002-b55f0938111c@group-BBD2C5C4BF9E: changes role from CANDIDATE to LEADER at term 1 for changeToLeader
2019-10-04 19:32:51,492 [9177c858-a268-40f9-9002-b55f0938111c@group-BBD2C5C4BF9E-LeaderElection17] INFO  impl.RaftServerImpl (ServerState.java:setLeader(255)) - 9177c858-a268-40f9-9002-b55f0938111c@group-BBD2C5C4BF9E: change Leader from null to 9177c858-a268-40f9-9002-b55f0938111c at term 1 for becomeLeader, leader elected after 5143ms
2019-10-04 19:32:51,512 [9177c858-a268-40f9-9002-b55f0938111c@group-BBD2C5C4BF9E-LeaderElection17] INFO  server.RaftServerConfigKeys (ConfUtils.java:logGet(43)) - raft.server.staging.catchup.gap = 1000 (default)
2019-10-04 19:32:51,513 [9177c858-a268-40f9-9002-b55f0938111c@group-BBD2C5C4BF9E-LeaderElection17] INFO  server.RaftServerConfigKeys (ConfUtils.java:logGet(43)) - raft.server.rpc.sleep.time = 25ms (default)
2019-10-04 19:32:51,513 [9177c858-a268-40f9-9002-b55f0938111c@group-BBD2C5C4BF9E-LeaderElection17] INFO  server.RaftServerConfigKeys (ConfUtils.java:logGet(43)) - raft.server.write.element-limit = 4096 (default)
2019-10-04 19:32:51,513 [9177c858-a268-40f9-9002-b55f0938111c@group-BBD2C5C4BF9E-LeaderElection17] INFO  server.RaftServerConfigKeys (ConfUtils.java:logGet(43)) - raft.server.watch.timeout = 10s (default)
2019-10-04 19:32:51,513 [9177c858-a268-40f9-9002-b55f0938111c@group-BBD2C5C4BF9E-LeaderElection17] INFO  server.RaftServerConfigKeys (ConfUtils.java:logGet(43)) - raft.server.watch.timeout.denomination = 1s (default)
2019-10-04 19:32:51,513 [9177c858-a268-40f9-9002-b55f0938111c@group-BBD2C5C4BF9E-LeaderElection17] INFO  server.RaftServerConfigKeys (ConfUtils.java:logGet(43)) - raft.server.watch.element-limit = 65536 (default)
2019-10-04 19:32:51,515 [9177c858-a268-40f9-9002-b55f0938111c@group-BBD2C5C4BF9E-LeaderElection17] INFO  impl.RoleInfo (RoleInfo.java:updateAndGet(143)) - 9177c858-a268-40f9-9002-b55f0938111c: start LeaderState
2019-10-04 19:32:51,515 [9177c858-a268-40f9-9002-b55f0938111c@group-BBD2C5C4BF9E-LeaderElection17] INFO  segmented.SegmentedRaftLogWorker (SegmentedRaftLogWorker.java:startLogSegment(385)) - 9177c858-a268-40f9-9002-b55f0938111c@group-BBD2C5C4BF9E-SegmentedRaftLogWorker: Starting segment from index:0
2019-10-04 19:32:51,516 [9177c858-a268-40f9-9002-b55f0938111c@group-BBD2C5C4BF9E-LeaderElection17] INFO  impl.RaftServerImpl (ServerState.java:setRaftConf(356)) - 9177c858-a268-40f9-9002-b55f0938111c@group-BBD2C5C4BF9E: set configuration 0: [9177c858-a268-40f9-9002-b55f0938111c:192.168.30.33:45809], old=null at 0
2019-10-04 19:32:51,552 [5c1618f3-71c2-48a0-8463-ff7ec92ae88c@group-0D2383FC21FB-SegmentedRaftLogWorker] INFO  segmented.SegmentedRaftLogWorker (SegmentedRaftLogWorker.java:execute(574)) - 5c1618f3-71c2-48a0-8463-ff7ec92ae88c@group-0D2383FC21FB-SegmentedRaftLogWorker: created new log segment /workdir/hadoop-ozone/integration-test/target/test-dir/MiniOzoneClusterImpl-0502f5f3-ae85-49d0-a1df-b910b6e75f44/datanode-2/data/ratis/03125d42-cc8f-4f3e-bcaf-0d2383fc21fb/current/log_inprogress_0
2019-10-04 19:32:51,575 [9177c858-a268-40f9-9002-b55f0938111c@group-BBD2C5C4BF9E-SegmentedRaftLogWorker] INFO  segmented.SegmentedRaftLogWorker (SegmentedRaftLogWorker.java:execute(574)) - 9177c858-a268-40f9-9002-b55f0938111c@group-BBD2C5C4BF9E-SegmentedRaftLogWorker: created new log segment /workdir/hadoop-ozone/integration-test/target/test-dir/MiniOzoneClusterImpl-0502f5f3-ae85-49d0-a1df-b910b6e75f44/datanode-3/data/ratis/115c0853-033d-4e81-a7f7-bbd2c5c4bf9e/current/log_inprogress_0
2019-10-04 19:32:51,621 [Thread-679] INFO  impl.FollowerState (FollowerState.java:run(108)) - 2cd22177-8dc0-4d5f-89f9-7752b425b8cc@group-A47CCC533C41-FollowerState: change to CANDIDATE, lastRpcTime:5161ms, electionTimeout:5161ms
2019-10-04 19:32:51,621 [Thread-679] INFO  impl.RoleInfo (RoleInfo.java:shutdownFollowerState(121)) - 2cd22177-8dc0-4d5f-89f9-7752b425b8cc: shutdown FollowerState
2019-10-04 19:32:51,621 [Thread-679] INFO  impl.RaftServerImpl (RaftServerImpl.java:setRole(170)) - 2cd22177-8dc0-4d5f-89f9-7752b425b8cc@group-A47CCC533C41: changes role from  FOLLOWER to CANDIDATE at term 0 for changeToCandidate
2019-10-04 19:32:51,622 [Thread-679] INFO  impl.RoleInfo (RoleInfo.java:updateAndGet(143)) - 2cd22177-8dc0-4d5f-89f9-7752b425b8cc: start LeaderElection
2019-10-04 19:32:51,651 [2cd22177-8dc0-4d5f-89f9-7752b425b8cc@group-A47CCC533C41-LeaderElection18] INFO  impl.LeaderElection (LeaderElection.java:askForVotes(178)) - 2cd22177-8dc0-4d5f-89f9-7752b425b8cc@group-A47CCC533C41-LeaderElection18: begin an election at term 1 for -1: [2cd22177-8dc0-4d5f-89f9-7752b425b8cc:192.168.30.33:46866], old=null
2019-10-04 19:32:51,651 [2cd22177-8dc0-4d5f-89f9-7752b425b8cc@group-A47CCC533C41-LeaderElection18] INFO  impl.RoleInfo (RoleInfo.java:shutdownLeaderElection(134)) - 2cd22177-8dc0-4d5f-89f9-7752b425b8cc: shutdown LeaderElection
2019-10-04 19:32:51,651 [2cd22177-8dc0-4d5f-89f9-7752b425b8cc@group-A47CCC533C41-LeaderElection18] INFO  impl.RaftServerImpl (RaftServerImpl.java:setRole(170)) - 2cd22177-8dc0-4d5f-89f9-7752b425b8cc@group-A47CCC533C41: changes role from CANDIDATE to LEADER at term 1 for changeToLeader
2019-10-04 19:32:51,651 [2cd22177-8dc0-4d5f-89f9-7752b425b8cc@group-A47CCC533C41-LeaderElection18] INFO  impl.RaftServerImpl (ServerState.java:setLeader(255)) - 2cd22177-8dc0-4d5f-89f9-7752b425b8cc@group-A47CCC533C41: change Leader from null to 2cd22177-8dc0-4d5f-89f9-7752b425b8cc at term 1 for becomeLeader, leader elected after 5202ms
2019-10-04 19:32:51,655 [2cd22177-8dc0-4d5f-89f9-7752b425b8cc@group-A47CCC533C41-LeaderElection18] INFO  server.RaftServerConfigKeys (ConfUtils.java:logGet(43)) - raft.server.staging.catchup.gap = 1000 (default)
2019-10-04 19:32:51,655 [2cd22177-8dc0-4d5f-89f9-7752b425b8cc@group-A47CCC533C41-LeaderElection18] INFO  server.RaftServerConfigKeys (ConfUtils.java:logGet(43)) - raft.server.rpc.sleep.time = 25ms (default)
2019-10-04 19:32:51,655 [2cd22177-8dc0-4d5f-89f9-7752b425b8cc@group-A47CCC533C41-LeaderElection18] INFO  server.RaftServerConfigKeys (ConfUtils.java:logGet(43)) - raft.server.write.element-limit = 4096 (default)
2019-10-04 19:32:51,655 [2cd22177-8dc0-4d5f-89f9-7752b425b8cc@group-A47CCC533C41-LeaderElection18] INFO  server.RaftServerConfigKeys (ConfUtils.java:logGet(43)) - raft.server.watch.timeout = 10s (default)
2019-10-04 19:32:51,655 [2cd22177-8dc0-4d5f-89f9-7752b425b8cc@group-A47CCC533C41-LeaderElection18] INFO  server.RaftServerConfigKeys (ConfUtils.java:logGet(43)) - raft.server.watch.timeout.denomination = 1s (default)
2019-10-04 19:32:51,656 [2cd22177-8dc0-4d5f-89f9-7752b425b8cc@group-A47CCC533C41-LeaderElection18] INFO  server.RaftServerConfigKeys (ConfUtils.java:logGet(43)) - raft.server.watch.element-limit = 65536 (default)
2019-10-04 19:32:51,658 [2cd22177-8dc0-4d5f-89f9-7752b425b8cc@group-A47CCC533C41-LeaderElection18] INFO  impl.RoleInfo (RoleInfo.java:updateAndGet(143)) - 2cd22177-8dc0-4d5f-89f9-7752b425b8cc: start LeaderState
2019-10-04 19:32:51,659 [2cd22177-8dc0-4d5f-89f9-7752b425b8cc@group-A47CCC533C41-LeaderElection18] INFO  segmented.SegmentedRaftLogWorker (SegmentedRaftLogWorker.java:startLogSegment(385)) - 2cd22177-8dc0-4d5f-89f9-7752b425b8cc@group-A47CCC533C41-SegmentedRaftLogWorker: Starting segment from index:0
2019-10-04 19:32:51,660 [2cd22177-8dc0-4d5f-89f9-7752b425b8cc@group-A47CCC533C41-LeaderElection18] INFO  impl.RaftServerImpl (ServerState.java:setRaftConf(356)) - 2cd22177-8dc0-4d5f-89f9-7752b425b8cc@group-A47CCC533C41: set configuration 0: [2cd22177-8dc0-4d5f-89f9-7752b425b8cc:192.168.30.33:46866], old=null at 0
2019-10-04 19:32:51,689 [Thread-685] INFO  impl.FollowerState (FollowerState.java:run(108)) - 0e6ee192-a7f4-44ec-89ed-1c5f71555c9e@group-69EFFB1866E2-FollowerState: change to CANDIDATE, lastRpcTime:5069ms, electionTimeout:5058ms
2019-10-04 19:32:51,689 [Thread-685] INFO  impl.RoleInfo (RoleInfo.java:shutdownFollowerState(121)) - 0e6ee192-a7f4-44ec-89ed-1c5f71555c9e: shutdown FollowerState
2019-10-04 19:32:51,690 [Thread-685] INFO  impl.RaftServerImpl (RaftServerImpl.java:setRole(170)) - 0e6ee192-a7f4-44ec-89ed-1c5f71555c9e@group-69EFFB1866E2: changes role from  FOLLOWER to CANDIDATE at term 0 for changeToCandidate
2019-10-04 19:32:51,690 [Thread-685] INFO  impl.RoleInfo (RoleInfo.java:updateAndGet(143)) - 0e6ee192-a7f4-44ec-89ed-1c5f71555c9e: start LeaderElection
2019-10-04 19:32:51,697 [Thread-682] INFO  impl.FollowerState (FollowerState.java:run(108)) - 25bfc741-568a-4d04-9521-21e487846d14@group-A09D9D1BF5E5-FollowerState: change to CANDIDATE, lastRpcTime:5154ms, electionTimeout:5154ms
2019-10-04 19:32:51,697 [Thread-682] INFO  impl.RoleInfo (RoleInfo.java:shutdownFollowerState(121)) - 25bfc741-568a-4d04-9521-21e487846d14: shutdown FollowerState
2019-10-04 19:32:51,697 [Thread-682] INFO  impl.RaftServerImpl (RaftServerImpl.java:setRole(170)) - 25bfc741-568a-4d04-9521-21e487846d14@group-A09D9D1BF5E5: changes role from  FOLLOWER to CANDIDATE at term 0 for changeToCandidate
2019-10-04 19:32:51,697 [Thread-682] INFO  impl.RoleInfo (RoleInfo.java:updateAndGet(143)) - 25bfc741-568a-4d04-9521-21e487846d14: start LeaderElection
2019-10-04 19:32:51,718 [2cd22177-8dc0-4d5f-89f9-7752b425b8cc@group-A47CCC533C41-SegmentedRaftLogWorker] INFO  segmented.SegmentedRaftLogWorker (SegmentedRaftLogWorker.java:execute(574)) - 2cd22177-8dc0-4d5f-89f9-7752b425b8cc@group-A47CCC533C41-SegmentedRaftLogWorker: created new log segment /workdir/hadoop-ozone/integration-test/target/test-dir/MiniOzoneClusterImpl-0502f5f3-ae85-49d0-a1df-b910b6e75f44/datanode-4/data/ratis/8d148be5-85ab-4e78-9a8a-a47ccc533c41/current/log_inprogress_0
2019-10-04 19:32:51,719 [0e6ee192-a7f4-44ec-89ed-1c5f71555c9e@group-69EFFB1866E2-LeaderElection19] INFO  impl.LeaderElection (LeaderElection.java:askForVotes(178)) - 0e6ee192-a7f4-44ec-89ed-1c5f71555c9e@group-69EFFB1866E2-LeaderElection19: begin an election at term 1 for -1: [0e6ee192-a7f4-44ec-89ed-1c5f71555c9e:192.168.30.33:46134], old=null
2019-10-04 19:32:51,721 [0e6ee192-a7f4-44ec-89ed-1c5f71555c9e@group-69EFFB1866E2-LeaderElection19] INFO  impl.RoleInfo (RoleInfo.java:shutdownLeaderElection(134)) - 0e6ee192-a7f4-44ec-89ed-1c5f71555c9e: shutdown LeaderElection
2019-10-04 19:32:51,722 [0e6ee192-a7f4-44ec-89ed-1c5f71555c9e@group-69EFFB1866E2-LeaderElection19] INFO  impl.RaftServerImpl (RaftServerImpl.java:setRole(170)) - 0e6ee192-a7f4-44ec-89ed-1c5f71555c9e@group-69EFFB1866E2: changes role from CANDIDATE to LEADER at term 1 for changeToLeader
2019-10-04 19:32:51,722 [0e6ee192-a7f4-44ec-89ed-1c5f71555c9e@group-69EFFB1866E2-LeaderElection19] INFO  impl.RaftServerImpl (ServerState.java:setLeader(255)) - 0e6ee192-a7f4-44ec-89ed-1c5f71555c9e@group-69EFFB1866E2: change Leader from null to 0e6ee192-a7f4-44ec-89ed-1c5f71555c9e at term 1 for becomeLeader, leader elected after 5112ms
2019-10-04 19:32:51,725 [0e6ee192-a7f4-44ec-89ed-1c5f71555c9e@group-69EFFB1866E2-LeaderElection19] INFO  server.RaftServerConfigKeys (ConfUtils.java:logGet(43)) - raft.server.staging.catchup.gap = 1000 (default)
2019-10-04 19:32:51,725 [0e6ee192-a7f4-44ec-89ed-1c5f71555c9e@group-69EFFB1866E2-LeaderElection19] INFO  server.RaftServerConfigKeys (ConfUtils.java:logGet(43)) - raft.server.rpc.sleep.time = 25ms (default)
2019-10-04 19:32:51,725 [0e6ee192-a7f4-44ec-89ed-1c5f71555c9e@group-69EFFB1866E2-LeaderElection19] INFO  server.RaftServerConfigKeys (ConfUtils.java:logGet(43)) - raft.server.write.element-limit = 4096 (default)
2019-10-04 19:32:51,725 [0e6ee192-a7f4-44ec-89ed-1c5f71555c9e@group-69EFFB1866E2-LeaderElection19] INFO  server.RaftServerConfigKeys (ConfUtils.java:logGet(43)) - raft.server.watch.timeout = 10s (default)
2019-10-04 19:32:51,726 [0e6ee192-a7f4-44ec-89ed-1c5f71555c9e@group-69EFFB1866E2-LeaderElection19] INFO  server.RaftServerConfigKeys (ConfUtils.java:logGet(43)) - raft.server.watch.timeout.denomination = 1s (default)
2019-10-04 19:32:51,726 [0e6ee192-a7f4-44ec-89ed-1c5f71555c9e@group-69EFFB1866E2-LeaderElection19] INFO  server.RaftServerConfigKeys (ConfUtils.java:logGet(43)) - raft.server.watch.element-limit = 65536 (default)
2019-10-04 19:32:51,729 [0e6ee192-a7f4-44ec-89ed-1c5f71555c9e@group-69EFFB1866E2-LeaderElection19] INFO  impl.RoleInfo (RoleInfo.java:updateAndGet(143)) - 0e6ee192-a7f4-44ec-89ed-1c5f71555c9e: start LeaderState
2019-10-04 19:32:51,730 [0e6ee192-a7f4-44ec-89ed-1c5f71555c9e@group-69EFFB1866E2-LeaderElection19] INFO  segmented.SegmentedRaftLogWorker (SegmentedRaftLogWorker.java:startLogSegment(385)) - 0e6ee192-a7f4-44ec-89ed-1c5f71555c9e@group-69EFFB1866E2-SegmentedRaftLogWorker: Starting segment from index:0
2019-10-04 19:32:51,730 [Thread-693] INFO  impl.FollowerState (FollowerState.java:run(108)) - 5ac861b3-07c8-4be4-9e5d-d11ab006ec66@group-A54F85138403-FollowerState: change to CANDIDATE, lastRpcTime:5018ms, electionTimeout:5018ms
2019-10-04 19:32:51,730 [Thread-693] INFO  impl.RoleInfo (RoleInfo.java:shutdownFollowerState(121)) - 5ac861b3-07c8-4be4-9e5d-d11ab006ec66: shutdown FollowerState
2019-10-04 19:32:51,730 [Thread-693] INFO  impl.RaftServerImpl (RaftServerImpl.java:setRole(170)) - 5ac861b3-07c8-4be4-9e5d-d11ab006ec66@group-A54F85138403: changes role from  FOLLOWER to CANDIDATE at term 0 for changeToCandidate
2019-10-04 19:32:51,731 [Thread-693] INFO  impl.RoleInfo (RoleInfo.java:updateAndGet(143)) - 5ac861b3-07c8-4be4-9e5d-d11ab006ec66: start LeaderElection
2019-10-04 19:32:51,731 [0e6ee192-a7f4-44ec-89ed-1c5f71555c9e@group-69EFFB1866E2-LeaderElection19] INFO  impl.RaftServerImpl (ServerState.java:setRaftConf(356)) - 0e6ee192-a7f4-44ec-89ed-1c5f71555c9e@group-69EFFB1866E2: set configuration 0: [0e6ee192-a7f4-44ec-89ed-1c5f71555c9e:192.168.30.33:46134], old=null at 0
2019-10-04 19:32:51,743 [25bfc741-568a-4d04-9521-21e487846d14@group-A09D9D1BF5E5-LeaderElection20] INFO  impl.LeaderElection (LeaderElection.java:askForVotes(178)) - 25bfc741-568a-4d04-9521-21e487846d14@group-A09D9D1BF5E5-LeaderElection20: begin an election at term 1 for -1: [25bfc741-568a-4d04-9521-21e487846d14:192.168.30.33:43253], old=null
2019-10-04 19:32:51,743 [25bfc741-568a-4d04-9521-21e487846d14@group-A09D9D1BF5E5-LeaderElection20] INFO  impl.RoleInfo (RoleInfo.java:shutdownLeaderElection(134)) - 25bfc741-568a-4d04-9521-21e487846d14: shutdown LeaderElection
2019-10-04 19:32:51,744 [25bfc741-568a-4d04-9521-21e487846d14@group-A09D9D1BF5E5-LeaderElection20] INFO  impl.RaftServerImpl (RaftServerImpl.java:setRole(170)) - 25bfc741-568a-4d04-9521-21e487846d14@group-A09D9D1BF5E5: changes role from CANDIDATE to LEADER at term 1 for changeToLeader
2019-10-04 19:32:51,744 [25bfc741-568a-4d04-9521-21e487846d14@group-A09D9D1BF5E5-LeaderElection20] INFO  impl.RaftServerImpl (ServerState.java:setLeader(255)) - 25bfc741-568a-4d04-9521-21e487846d14@group-A09D9D1BF5E5: change Leader from null to 25bfc741-568a-4d04-9521-21e487846d14 at term 1 for becomeLeader, leader elected after 5210ms
2019-10-04 19:32:51,774 [25bfc741-568a-4d04-9521-21e487846d14@group-A09D9D1BF5E5-LeaderElection20] INFO  server.RaftServerConfigKeys (ConfUtils.java:logGet(43)) - raft.server.staging.catchup.gap = 1000 (default)
2019-10-04 19:32:51,774 [25bfc741-568a-4d04-9521-21e487846d14@group-A09D9D1BF5E5-LeaderElection20] INFO  server.RaftServerConfigKeys (ConfUtils.java:logGet(43)) - raft.server.rpc.sleep.time = 25ms (default)
2019-10-04 19:32:51,775 [5ac861b3-07c8-4be4-9e5d-d11ab006ec66@group-A54F85138403-LeaderElection21] INFO  impl.LeaderElection (LeaderElection.java:askForVotes(178)) - 5ac861b3-07c8-4be4-9e5d-d11ab006ec66@group-A54F85138403-LeaderElection21: begin an election at term 1 for -1: [5ac861b3-07c8-4be4-9e5d-d11ab006ec66:192.168.30.33:40871, 25bfc741-568a-4d04-9521-21e487846d14:192.168.30.33:43253, 49a1584d-cd37-4302-b096-0558ad6a536d:192.168.30.33:44155], old=null
2019-10-04 19:32:51,775 [25bfc741-568a-4d04-9521-21e487846d14@group-A09D9D1BF5E5-LeaderElection20] INFO  server.RaftServerConfigKeys (ConfUtils.java:logGet(43)) - raft.server.write.element-limit = 4096 (default)
2019-10-04 19:32:51,775 [Thread-691] INFO  impl.FollowerState (FollowerState.java:run(108)) - 49a1584d-cd37-4302-b096-0558ad6a536d@group-A54F85138403-FollowerState: change to CANDIDATE, lastRpcTime:5064ms, electionTimeout:5036ms
2019-10-04 19:32:51,775 [25bfc741-568a-4d04-9521-21e487846d14@group-A09D9D1BF5E5-LeaderElection20] INFO  server.RaftServerConfigKeys (ConfUtils.java:logGet(43)) - raft.server.watch.timeout = 10s (default)
2019-10-04 19:32:51,775 [Thread-691] INFO  impl.RoleInfo (RoleInfo.java:shutdownFollowerState(121)) - 49a1584d-cd37-4302-b096-0558ad6a536d: shutdown FollowerState
2019-10-04 19:32:51,775 [25bfc741-568a-4d04-9521-21e487846d14@group-A09D9D1BF5E5-LeaderElection20] INFO  server.RaftServerConfigKeys (ConfUtils.java:logGet(43)) - raft.server.watch.timeout.denomination = 1s (default)
2019-10-04 19:32:51,775 [Thread-691] INFO  impl.RaftServerImpl (RaftServerImpl.java:setRole(170)) - 49a1584d-cd37-4302-b096-0558ad6a536d@group-A54F85138403: changes role from  FOLLOWER to CANDIDATE at term 0 for changeToCandidate
2019-10-04 19:32:51,775 [25bfc741-568a-4d04-9521-21e487846d14@group-A09D9D1BF5E5-LeaderElection20] INFO  server.RaftServerConfigKeys (ConfUtils.java:logGet(43)) - raft.server.watch.element-limit = 65536 (default)
2019-10-04 19:32:51,776 [Thread-691] INFO  impl.RoleInfo (RoleInfo.java:updateAndGet(143)) - 49a1584d-cd37-4302-b096-0558ad6a536d: start LeaderElection
2019-10-04 19:32:51,784 [25bfc741-568a-4d04-9521-21e487846d14@group-A09D9D1BF5E5-LeaderElection20] INFO  impl.RoleInfo (RoleInfo.java:updateAndGet(143)) - 25bfc741-568a-4d04-9521-21e487846d14: start LeaderState
2019-10-04 19:32:51,787 [25bfc741-568a-4d04-9521-21e487846d14@group-A09D9D1BF5E5-LeaderElection20] INFO  segmented.SegmentedRaftLogWorker (SegmentedRaftLogWorker.java:startLogSegment(385)) - 25bfc741-568a-4d04-9521-21e487846d14@group-A09D9D1BF5E5-SegmentedRaftLogWorker: Starting segment from index:0
2019-10-04 19:32:51,787 [25bfc741-568a-4d04-9521-21e487846d14@group-A09D9D1BF5E5-LeaderElection20] INFO  impl.RaftServerImpl (ServerState.java:setRaftConf(356)) - 25bfc741-568a-4d04-9521-21e487846d14@group-A09D9D1BF5E5: set configuration 0: [25bfc741-568a-4d04-9521-21e487846d14:192.168.30.33:43253], old=null at 0
2019-10-04 19:32:51,792 [grpc-default-executor-5] INFO  impl.RaftServerImpl (RaftServerImpl.java:setRole(170)) - 25bfc741-568a-4d04-9521-21e487846d14@group-A54F85138403: changes role from  FOLLOWER to FOLLOWER at term 1 for recognizeCandidate:5ac861b3-07c8-4be4-9e5d-d11ab006ec66
2019-10-04 19:32:51,792 [grpc-default-executor-5] INFO  impl.RoleInfo (RoleInfo.java:shutdownFollowerState(121)) - 25bfc741-568a-4d04-9521-21e487846d14: shutdown FollowerState
2019-10-04 19:32:51,793 [grpc-default-executor-5] INFO  impl.RoleInfo (RoleInfo.java:updateAndGet(143)) - 25bfc741-568a-4d04-9521-21e487846d14: start FollowerState
2019-10-04 19:32:51,793 [Thread-689] INFO  impl.FollowerState (FollowerState.java:run(117)) - 25bfc741-568a-4d04-9521-21e487846d14@group-A54F85138403-FollowerState was interrupted: java.lang.InterruptedException: sleep interrupted
2019-10-04 19:32:51,802 [0e6ee192-a7f4-44ec-89ed-1c5f71555c9e@group-69EFFB1866E2-SegmentedRaftLogWorker] INFO  segmented.SegmentedRaftLogWorker (SegmentedRaftLogWorker.java:execute(574)) - 0e6ee192-a7f4-44ec-89ed-1c5f71555c9e@group-69EFFB1866E2-SegmentedRaftLogWorker: created new log segment /workdir/hadoop-ozone/integration-test/target/test-dir/MiniOzoneClusterImpl-0502f5f3-ae85-49d0-a1df-b910b6e75f44/datanode-6/data/ratis/c4764020-a2bc-4ac7-9df3-69effb1866e2/current/log_inprogress_0
2019-10-04 19:32:51,803 [49a1584d-cd37-4302-b096-0558ad6a536d@group-A54F85138403-LeaderElection22] INFO  impl.LeaderElection (LeaderElection.java:askForVotes(178)) - 49a1584d-cd37-4302-b096-0558ad6a536d@group-A54F85138403-LeaderElection22: begin an election at term 1 for -1: [5ac861b3-07c8-4be4-9e5d-d11ab006ec66:192.168.30.33:40871, 25bfc741-568a-4d04-9521-21e487846d14:192.168.30.33:43253, 49a1584d-cd37-4302-b096-0558ad6a536d:192.168.30.33:44155], old=null
2019-10-04 19:32:51,833 [Thread-701] INFO  impl.FollowerState (FollowerState.java:run(108)) - 2cd22177-8dc0-4d5f-89f9-7752b425b8cc@group-F53942A52B17-FollowerState: change to CANDIDATE, lastRpcTime:5025ms, electionTimeout:5021ms
2019-10-04 19:32:51,834 [Thread-701] INFO  impl.RoleInfo (RoleInfo.java:shutdownFollowerState(121)) - 2cd22177-8dc0-4d5f-89f9-7752b425b8cc: shutdown FollowerState
2019-10-04 19:32:51,834 [Thread-701] INFO  impl.RaftServerImpl (RaftServerImpl.java:setRole(170)) - 2cd22177-8dc0-4d5f-89f9-7752b425b8cc@group-F53942A52B17: changes role from  FOLLOWER to CANDIDATE at term 0 for changeToCandidate
2019-10-04 19:32:51,834 [Thread-701] INFO  impl.RoleInfo (RoleInfo.java:updateAndGet(143)) - 2cd22177-8dc0-4d5f-89f9-7752b425b8cc: start LeaderElection
2019-10-04 19:32:51,840 [5ac861b3-07c8-4be4-9e5d-d11ab006ec66@group-A54F85138403-LeaderElection21] INFO  impl.LeaderElection (LeaderElection.java:logAndReturn(56)) - 5ac861b3-07c8-4be4-9e5d-d11ab006ec66@group-A54F85138403-LeaderElection21: Election PASSED; received 2 response(s) [5ac861b3-07c8-4be4-9e5d-d11ab006ec66<-25bfc741-568a-4d04-9521-21e487846d14#0:OK-t1, 5ac861b3-07c8-4be4-9e5d-d11ab006ec66<-49a1584d-cd37-4302-b096-0558ad6a536d#0:FAIL-t1] and 0 exception(s); 5ac861b3-07c8-4be4-9e5d-d11ab006ec66@group-A54F85138403:t1, leader=null, voted=5ac861b3-07c8-4be4-9e5d-d11ab006ec66, raftlog=5ac861b3-07c8-4be4-9e5d-d11ab006ec66@group-A54F85138403-SegmentedRaftLog:OPENED:c-1,f-1,i0, conf=-1: [5ac861b3-07c8-4be4-9e5d-d11ab006ec66:192.168.30.33:40871, 25bfc741-568a-4d04-9521-21e487846d14:192.168.30.33:43253, 49a1584d-cd37-4302-b096-0558ad6a536d:192.168.30.33:44155], old=null
2019-10-04 19:32:51,840 [5ac861b3-07c8-4be4-9e5d-d11ab006ec66@group-A54F85138403-LeaderElection21] INFO  impl.RoleInfo (RoleInfo.java:shutdownLeaderElection(134)) - 5ac861b3-07c8-4be4-9e5d-d11ab006ec66: shutdown LeaderElection
2019-10-04 19:32:51,841 [5ac861b3-07c8-4be4-9e5d-d11ab006ec66@group-A54F85138403-LeaderElection21] INFO  impl.RaftServerImpl (RaftServerImpl.java:setRole(170)) - 5ac861b3-07c8-4be4-9e5d-d11ab006ec66@group-A54F85138403: changes role from CANDIDATE to LEADER at term 1 for changeToLeader
2019-10-04 19:32:51,841 [5ac861b3-07c8-4be4-9e5d-d11ab006ec66@group-A54F85138403-LeaderElection21] INFO  impl.RaftServerImpl (ServerState.java:setLeader(255)) - 5ac861b3-07c8-4be4-9e5d-d11ab006ec66@group-A54F85138403: change Leader from null to 5ac861b3-07c8-4be4-9e5d-d11ab006ec66 at term 1 for becomeLeader, leader elected after 5144ms
2019-10-04 19:32:51,841 [5ac861b3-07c8-4be4-9e5d-d11ab006ec66@group-A54F85138403-LeaderElection21] INFO  server.RaftServerConfigKeys (ConfUtils.java:logGet(43)) - raft.server.staging.catchup.gap = 1000 (default)
2019-10-04 19:32:51,841 [5ac861b3-07c8-4be4-9e5d-d11ab006ec66@group-A54F85138403-LeaderElection21] INFO  server.RaftServerConfigKeys (ConfUtils.java:logGet(43)) - raft.server.rpc.sleep.time = 25ms (default)
2019-10-04 19:32:51,842 [5ac861b3-07c8-4be4-9e5d-d11ab006ec66@group-A54F85138403-LeaderElection21] INFO  server.RaftServerConfigKeys (ConfUtils.java:logGet(43)) - raft.server.write.element-limit = 4096 (default)
2019-10-04 19:32:51,842 [5ac861b3-07c8-4be4-9e5d-d11ab006ec66@group-A54F85138403-LeaderElection21] INFO  server.RaftServerConfigKeys (ConfUtils.java:logGet(43)) - raft.server.watch.timeout = 10s (default)
2019-10-04 19:32:51,842 [5ac861b3-07c8-4be4-9e5d-d11ab006ec66@group-A54F85138403-LeaderElection21] INFO  server.RaftServerConfigKeys (ConfUtils.java:logGet(43)) - raft.server.watch.timeout.denomination = 1s (default)
2019-10-04 19:32:51,842 [5ac861b3-07c8-4be4-9e5d-d11ab006ec66@group-A54F85138403-LeaderElection21] INFO  server.RaftServerConfigKeys (ConfUtils.java:logGet(43)) - raft.server.watch.element-limit = 65536 (default)
2019-10-04 19:32:51,851 [5ac861b3-07c8-4be4-9e5d-d11ab006ec66@group-A54F85138403-LeaderElection21] INFO  server.RaftServerConfigKeys (ConfUtils.java:logGet(43)) - raft.server.log.appender.snapshot.chunk.size.max = 16MB (=16777216) (default)
2019-10-04 19:32:51,852 [5ac861b3-07c8-4be4-9e5d-d11ab006ec66@group-A54F85138403-LeaderElection21] INFO  server.RaftServerConfigKeys (ConfUtils.java:logGet(43)) - raft.server.log.appender.buffer.byte-limit = 33554432 (custom)
2019-10-04 19:32:51,852 [5ac861b3-07c8-4be4-9e5d-d11ab006ec66@group-A54F85138403-LeaderElection21] INFO  server.RaftServerConfigKeys (ConfUtils.java:logGet(43)) - raft.server.log.appender.buffer.element-limit = 1 (custom)
2019-10-04 19:32:51,852 [5ac861b3-07c8-4be4-9e5d-d11ab006ec66@group-A54F85138403-LeaderElection21] INFO  grpc.GrpcConfigKeys$Server (ConfUtils.java:logGet(43)) - raft.grpc.server.leader.outstanding.appends.max = 128 (default)
2019-10-04 19:32:51,852 [5ac861b3-07c8-4be4-9e5d-d11ab006ec66@group-A54F85138403-LeaderElection21] INFO  server.RaftServerConfigKeys (ConfUtils.java:logGet(43)) - raft.server.rpc.request.timeout = 3000ms (default)
2019-10-04 19:32:51,853 [5ac861b3-07c8-4be4-9e5d-d11ab006ec66@group-A54F85138403-LeaderElection21] INFO  server.RaftServerConfigKeys (ConfUtils.java:logGet(43)) - raft.server.log.appender.install.snapshot.enabled = false (custom)
2019-10-04 19:32:51,853 [5ac861b3-07c8-4be4-9e5d-d11ab006ec66@group-A54F85138403-LeaderElection21] INFO  server.RaftServerConfigKeys (ConfUtils.java:logGet(43)) - raft.server.log.appender.snapshot.chunk.size.max = 16MB (=16777216) (default)
2019-10-04 19:32:51,853 [5ac861b3-07c8-4be4-9e5d-d11ab006ec66@group-A54F85138403-LeaderElection21] INFO  server.RaftServerConfigKeys (ConfUtils.java:logGet(43)) - raft.server.log.appender.buffer.byte-limit = 33554432 (custom)
2019-10-04 19:32:51,853 [5ac861b3-07c8-4be4-9e5d-d11ab006ec66@group-A54F85138403-LeaderElection21] INFO  server.RaftServerConfigKeys (ConfUtils.java:logGet(43)) - raft.server.log.appender.buffer.element-limit = 1 (custom)
2019-10-04 19:32:51,853 [5ac861b3-07c8-4be4-9e5d-d11ab006ec66@group-A54F85138403-LeaderElection21] INFO  grpc.GrpcConfigKeys$Server (ConfUtils.java:logGet(43)) - raft.grpc.server.leader.outstanding.appends.max = 128 (default)
2019-10-04 19:32:51,854 [5ac861b3-07c8-4be4-9e5d-d11ab006ec66@group-A54F85138403-LeaderElection21] INFO  server.RaftServerConfigKeys (ConfUtils.java:logGet(43)) - raft.server.rpc.request.timeout = 3000ms (default)
2019-10-04 19:32:51,854 [5ac861b3-07c8-4be4-9e5d-d11ab006ec66@group-A54F85138403-LeaderElection21] INFO  server.RaftServerConfigKeys (ConfUtils.java:logGet(43)) - raft.server.log.appender.install.snapshot.enabled = false (custom)
2019-10-04 19:32:51,854 [5ac861b3-07c8-4be4-9e5d-d11ab006ec66@group-A54F85138403-LeaderElection21] INFO  impl.RoleInfo (RoleInfo.java:updateAndGet(143)) - 5ac861b3-07c8-4be4-9e5d-d11ab006ec66: start LeaderState
2019-10-04 19:32:51,854 [5ac861b3-07c8-4be4-9e5d-d11ab006ec66@group-A54F85138403-LeaderElection21] INFO  segmented.SegmentedRaftLogWorker (SegmentedRaftLogWorker.java:startLogSegment(385)) - 5ac861b3-07c8-4be4-9e5d-d11ab006ec66@group-A54F85138403-SegmentedRaftLogWorker: Starting segment from index:0
2019-10-04 19:32:51,855 [5ac861b3-07c8-4be4-9e5d-d11ab006ec66@group-A54F85138403-LeaderElection21] INFO  impl.RaftServerImpl (ServerState.java:setRaftConf(356)) - 5ac861b3-07c8-4be4-9e5d-d11ab006ec66@group-A54F85138403: set configuration 0: [5ac861b3-07c8-4be4-9e5d-d11ab006ec66:192.168.30.33:40871, 25bfc741-568a-4d04-9521-21e487846d14:192.168.30.33:43253, 49a1584d-cd37-4302-b096-0558ad6a536d:192.168.30.33:44155], old=null at 0
2019-10-04 19:32:51,894 [Thread-698] INFO  impl.FollowerState (FollowerState.java:run(108)) - 9177c858-a268-40f9-9002-b55f0938111c@group-F53942A52B17-FollowerState: change to CANDIDATE, lastRpcTime:5092ms, electionTimeout:5088ms
2019-10-04 19:32:51,896 [25bfc741-568a-4d04-9521-21e487846d14@group-A09D9D1BF5E5-SegmentedRaftLogWorker] INFO  segmented.SegmentedRaftLogWorker (SegmentedRaftLogWorker.java:execute(574)) - 25bfc741-568a-4d04-9521-21e487846d14@group-A09D9D1BF5E5-SegmentedRaftLogWorker: created new log segment /workdir/hadoop-ozone/integration-test/target/test-dir/MiniOzoneClusterImpl-0502f5f3-ae85-49d0-a1df-b910b6e75f44/datanode-5/data/ratis/f777e3bd-edf1-4a86-a58b-a09d9d1bf5e5/current/log_inprogress_0
2019-10-04 19:32:51,896 [2cd22177-8dc0-4d5f-89f9-7752b425b8cc@group-F53942A52B17-LeaderElection23] INFO  impl.LeaderElection (LeaderElection.java:askForVotes(178)) - 2cd22177-8dc0-4d5f-89f9-7752b425b8cc@group-F53942A52B17-LeaderElection23: begin an election at term 1 for -1: [9177c858-a268-40f9-9002-b55f0938111c:192.168.30.33:45809, 2cd22177-8dc0-4d5f-89f9-7752b425b8cc:192.168.30.33:46866, 5c1618f3-71c2-48a0-8463-ff7ec92ae88c:192.168.30.33:41803], old=null
2019-10-04 19:32:51,896 [grpc-default-executor-5] INFO  impl.RaftServerImpl (RaftServerImpl.java:requestVote(754)) - 5ac861b3-07c8-4be4-9e5d-d11ab006ec66@group-A54F85138403-   LEADER: Withhold vote from candidate 49a1584d-cd37-4302-b096-0558ad6a536d with term 1. State: leader=5ac861b3-07c8-4be4-9e5d-d11ab006ec66, term=1, lastRpcElapsed=null
2019-10-04 19:32:51,896 [Thread-698] INFO  impl.RoleInfo (RoleInfo.java:shutdownFollowerState(121)) - 9177c858-a268-40f9-9002-b55f0938111c: shutdown FollowerState
2019-10-04 19:32:51,897 [Thread-698] INFO  impl.RaftServerImpl (RaftServerImpl.java:setRole(170)) - 9177c858-a268-40f9-9002-b55f0938111c@group-F53942A52B17: changes role from  FOLLOWER to CANDIDATE at term 0 for changeToCandidate
2019-10-04 19:32:51,897 [Thread-698] INFO  impl.RoleInfo (RoleInfo.java:updateAndGet(143)) - 9177c858-a268-40f9-9002-b55f0938111c: start LeaderElection
2019-10-04 19:32:51,901 [49a1584d-cd37-4302-b096-0558ad6a536d@group-A54F85138403-LeaderElection22] INFO  impl.LeaderElection (LeaderElection.java:logAndReturn(56)) - 49a1584d-cd37-4302-b096-0558ad6a536d@group-A54F85138403-LeaderElection22: Election REJECTED; received 2 response(s) [49a1584d-cd37-4302-b096-0558ad6a536d<-5ac861b3-07c8-4be4-9e5d-d11ab006ec66#0:FAIL-t1, 49a1584d-cd37-4302-b096-0558ad6a536d<-25bfc741-568a-4d04-9521-21e487846d14#0:FAIL-t1] and 0 exception(s); 49a1584d-cd37-4302-b096-0558ad6a536d@group-A54F85138403:t1, leader=null, voted=49a1584d-cd37-4302-b096-0558ad6a536d, raftlog=49a1584d-cd37-4302-b096-0558ad6a536d@group-A54F85138403-SegmentedRaftLog:OPENED:c-1,f-1,i0, conf=-1: [5ac861b3-07c8-4be4-9e5d-d11ab006ec66:192.168.30.33:40871, 25bfc741-568a-4d04-9521-21e487846d14:192.168.30.33:43253, 49a1584d-cd37-4302-b096-0558ad6a536d:192.168.30.33:44155], old=null
2019-10-04 19:32:51,901 [49a1584d-cd37-4302-b096-0558ad6a536d@group-A54F85138403-LeaderElection22] INFO  impl.RaftServerImpl (RaftServerImpl.java:setRole(170)) - 49a1584d-cd37-4302-b096-0558ad6a536d@group-A54F85138403: changes role from CANDIDATE to FOLLOWER at term 1 for DISCOVERED_A_NEW_TERM
2019-10-04 19:32:51,901 [grpc-default-executor-1] INFO  impl.RaftServerImpl (ServerState.java:setLeader(255)) - 25bfc741-568a-4d04-9521-21e487846d14@group-A54F85138403: change Leader from null to 5ac861b3-07c8-4be4-9e5d-d11ab006ec66 at term 1 for appendEntries, leader elected after 5204ms
2019-10-04 19:32:51,901 [49a1584d-cd37-4302-b096-0558ad6a536d@group-A54F85138403-LeaderElection22] INFO  impl.RoleInfo (RoleInfo.java:shutdownLeaderElection(134)) - 49a1584d-cd37-4302-b096-0558ad6a536d: shutdown LeaderElection
2019-10-04 19:32:51,904 [49a1584d-cd37-4302-b096-0558ad6a536d@group-A54F85138403-LeaderElection22] INFO  impl.RoleInfo (RoleInfo.java:updateAndGet(143)) - 49a1584d-cd37-4302-b096-0558ad6a536d: start FollowerState
2019-10-04 19:32:51,904 [grpc-default-executor-3] INFO  impl.RaftServerImpl (ServerState.java:setLeader(255)) - 49a1584d-cd37-4302-b096-0558ad6a536d@group-A54F85138403: change Leader from null to 5ac861b3-07c8-4be4-9e5d-d11ab006ec66 at term 1 for appendEntries, leader elected after 5207ms
2019-10-04 19:32:51,907 [grpc-default-executor-3] INFO  impl.RaftServerImpl (RaftServerImpl.java:setRole(170)) - 5c1618f3-71c2-48a0-8463-ff7ec92ae88c@group-F53942A52B17: changes role from  FOLLOWER to FOLLOWER at term 1 for recognizeCandidate:2cd22177-8dc0-4d5f-89f9-7752b425b8cc
2019-10-04 19:32:51,907 [grpc-default-executor-3] INFO  impl.RoleInfo (RoleInfo.java:shutdownFollowerState(121)) - 5c1618f3-71c2-48a0-8463-ff7ec92ae88c: shutdown FollowerState
2019-10-04 19:32:51,907 [grpc-default-executor-3] INFO  impl.RoleInfo (RoleInfo.java:updateAndGet(143)) - 5c1618f3-71c2-48a0-8463-ff7ec92ae88c: start FollowerState
2019-10-04 19:32:51,907 [Thread-700] INFO  impl.FollowerState (FollowerState.java:run(117)) - 5c1618f3-71c2-48a0-8463-ff7ec92ae88c@group-F53942A52B17-FollowerState was interrupted: java.lang.InterruptedException: sleep interrupted
2019-10-04 19:32:51,910 [grpc-default-executor-5] INFO  impl.RaftServerImpl (ServerState.java:setRaftConf(356)) - 25bfc741-568a-4d04-9521-21e487846d14@group-A54F85138403: set configuration 0: [5ac861b3-07c8-4be4-9e5d-d11ab006ec66:192.168.30.33:40871, 25bfc741-568a-4d04-9521-21e487846d14:192.168.30.33:43253, 49a1584d-cd37-4302-b096-0558ad6a536d:192.168.30.33:44155], old=null at 0
2019-10-04 19:32:51,910 [grpc-default-executor-2] INFO  impl.RaftServerImpl (ServerState.java:setRaftConf(356)) - 49a1584d-cd37-4302-b096-0558ad6a536d@group-A54F85138403: set configuration 0: [5ac861b3-07c8-4be4-9e5d-d11ab006ec66:192.168.30.33:40871, 25bfc741-568a-4d04-9521-21e487846d14:192.168.30.33:43253, 49a1584d-cd37-4302-b096-0558ad6a536d:192.168.30.33:44155], old=null at 0
2019-10-04 19:32:51,911 [grpc-default-executor-5] INFO  segmented.SegmentedRaftLogWorker (SegmentedRaftLogWorker.java:startLogSegment(385)) - 25bfc741-568a-4d04-9521-21e487846d14@group-A54F85138403-SegmentedRaftLogWorker: Starting segment from index:0
2019-10-04 19:32:51,911 [grpc-default-executor-2] INFO  segmented.SegmentedRaftLogWorker (SegmentedRaftLogWorker.java:startLogSegment(385)) - 49a1584d-cd37-4302-b096-0558ad6a536d@group-A54F85138403-SegmentedRaftLogWorker: Starting segment from index:0
2019-10-04 19:32:51,921 [5ac861b3-07c8-4be4-9e5d-d11ab006ec66@group-A54F85138403-SegmentedRaftLogWorker] INFO  segmented.SegmentedRaftLogWorker (SegmentedRaftLogWorker.java:execute(574)) - 5ac861b3-07c8-4be4-9e5d-d11ab006ec66@group-A54F85138403-SegmentedRaftLogWorker: created new log segment /workdir/hadoop-ozone/integration-test/target/test-dir/MiniOzoneClusterImpl-0502f5f3-ae85-49d0-a1df-b910b6e75f44/datanode-1/data/ratis/5fa133ee-9a26-466e-96c0-a54f85138403/current/log_inprogress_0
2019-10-04 19:32:51,929 [9177c858-a268-40f9-9002-b55f0938111c@group-F53942A52B17-LeaderElection24] INFO  impl.LeaderElection (LeaderElection.java:askForVotes(178)) - 9177c858-a268-40f9-9002-b55f0938111c@group-F53942A52B17-LeaderElection24: begin an election at term 1 for -1: [9177c858-a268-40f9-9002-b55f0938111c:192.168.30.33:45809, 2cd22177-8dc0-4d5f-89f9-7752b425b8cc:192.168.30.33:46866, 5c1618f3-71c2-48a0-8463-ff7ec92ae88c:192.168.30.33:41803], old=null
2019-10-04 19:32:51,952 [2cd22177-8dc0-4d5f-89f9-7752b425b8cc@group-F53942A52B17-LeaderElection23] INFO  impl.LeaderElection (LeaderElection.java:logAndReturn(56)) - 2cd22177-8dc0-4d5f-89f9-7752b425b8cc@group-F53942A52B17-LeaderElection23: Election PASSED; received 2 response(s) [2cd22177-8dc0-4d5f-89f9-7752b425b8cc<-9177c858-a268-40f9-9002-b55f0938111c#0:FAIL-t1, 2cd22177-8dc0-4d5f-89f9-7752b425b8cc<-5c1618f3-71c2-48a0-8463-ff7ec92ae88c#0:OK-t1] and 0 exception(s); 2cd22177-8dc0-4d5f-89f9-7752b425b8cc@group-F53942A52B17:t1, leader=null, voted=2cd22177-8dc0-4d5f-89f9-7752b425b8cc, raftlog=2cd22177-8dc0-4d5f-89f9-7752b425b8cc@group-F53942A52B17-SegmentedRaftLog:OPENED:c-1,f-1,i0, conf=-1: [9177c858-a268-40f9-9002-b55f0938111c:192.168.30.33:45809, 2cd22177-8dc0-4d5f-89f9-7752b425b8cc:192.168.30.33:46866, 5c1618f3-71c2-48a0-8463-ff7ec92ae88c:192.168.30.33:41803], old=null
2019-10-04 19:32:51,952 [2cd22177-8dc0-4d5f-89f9-7752b425b8cc@group-F53942A52B17-LeaderElection23] INFO  impl.RoleInfo (RoleInfo.java:shutdownLeaderElection(134)) - 2cd22177-8dc0-4d5f-89f9-7752b425b8cc: shutdown LeaderElection
2019-10-04 19:32:51,952 [2cd22177-8dc0-4d5f-89f9-7752b425b8cc@group-F53942A52B17-LeaderElection23] INFO  impl.RaftServerImpl (RaftServerImpl.java:setRole(170)) - 2cd22177-8dc0-4d5f-89f9-7752b425b8cc@group-F53942A52B17: changes role from CANDIDATE to LEADER at term 1 for changeToLeader
2019-10-04 19:32:51,952 [9177c858-a268-40f9-9002-b55f0938111c@group-F53942A52B17-LeaderElection24] INFO  impl.LeaderElection (LeaderElection.java:logAndReturn(56)) - 9177c858-a268-40f9-9002-b55f0938111c@group-F53942A52B17-LeaderElection24: Election REJECTED; received 2 response(s) [9177c858-a268-40f9-9002-b55f0938111c<-2cd22177-8dc0-4d5f-89f9-7752b425b8cc#0:FAIL-t1, 9177c858-a268-40f9-9002-b55f0938111c<-5c1618f3-71c2-48a0-8463-ff7ec92ae88c#0:FAIL-t1] and 0 exception(s); 9177c858-a268-40f9-9002-b55f0938111c@group-F53942A52B17:t1, leader=null, voted=9177c858-a268-40f9-9002-b55f0938111c, raftlog=9177c858-a268-40f9-9002-b55f0938111c@group-F53942A52B17-SegmentedRaftLog:OPENED:c-1,f-1,i0, conf=-1: [9177c858-a268-40f9-9002-b55f0938111c:192.168.30.33:45809, 2cd22177-8dc0-4d5f-89f9-7752b425b8cc:192.168.30.33:46866, 5c1618f3-71c2-48a0-8463-ff7ec92ae88c:192.168.30.33:41803], old=null
2019-10-04 19:32:51,952 [2cd22177-8dc0-4d5f-89f9-7752b425b8cc@group-F53942A52B17-LeaderElection23] INFO  impl.RaftServerImpl (ServerState.java:setLeader(255)) - 2cd22177-8dc0-4d5f-89f9-7752b425b8cc@group-F53942A52B17: change Leader from null to 2cd22177-8dc0-4d5f-89f9-7752b425b8cc at term 1 for becomeLeader, leader elected after 5160ms
2019-10-04 19:32:51,961 [9177c858-a268-40f9-9002-b55f0938111c@group-F53942A52B17-LeaderElection24] INFO  impl.RaftServerImpl (RaftServerImpl.java:setRole(170)) - 9177c858-a268-40f9-9002-b55f0938111c@group-F53942A52B17: changes role from CANDIDATE to FOLLOWER at term 1 for DISCOVERED_A_NEW_TERM
2019-10-04 19:32:51,963 [2cd22177-8dc0-4d5f-89f9-7752b425b8cc@group-F53942A52B17-LeaderElection23] INFO  server.RaftServerConfigKeys (ConfUtils.java:logGet(43)) - raft.server.staging.catchup.gap = 1000 (default)
2019-10-04 19:32:51,965 [9177c858-a268-40f9-9002-b55f0938111c@group-F53942A52B17-LeaderElection24] INFO  impl.RoleInfo (RoleInfo.java:shutdownLeaderElection(134)) - 9177c858-a268-40f9-9002-b55f0938111c: shutdown LeaderElection
2019-10-04 19:32:51,965 [2cd22177-8dc0-4d5f-89f9-7752b425b8cc@group-F53942A52B17-LeaderElection23] INFO  server.RaftServerConfigKeys (ConfUtils.java:logGet(43)) - raft.server.rpc.sleep.time = 25ms (default)
2019-10-04 19:32:51,965 [9177c858-a268-40f9-9002-b55f0938111c@group-F53942A52B17-LeaderElection24] INFO  impl.RoleInfo (RoleInfo.java:updateAndGet(143)) - 9177c858-a268-40f9-9002-b55f0938111c: start FollowerState
2019-10-04 19:32:51,965 [2cd22177-8dc0-4d5f-89f9-7752b425b8cc@group-F53942A52B17-LeaderElection23] INFO  server.RaftServerConfigKeys (ConfUtils.java:logGet(43)) - raft.server.write.element-limit = 4096 (default)
2019-10-04 19:32:51,966 [2cd22177-8dc0-4d5f-89f9-7752b425b8cc@group-F53942A52B17-LeaderElection23] INFO  server.RaftServerConfigKeys (ConfUtils.java:logGet(43)) - raft.server.watch.timeout = 10s (default)
2019-10-04 19:32:51,966 [2cd22177-8dc0-4d5f-89f9-7752b425b8cc@group-F53942A52B17-LeaderElection23] INFO  server.RaftServerConfigKeys (ConfUtils.java:logGet(43)) - raft.server.watch.timeout.denomination = 1s (default)
2019-10-04 19:32:51,966 [2cd22177-8dc0-4d5f-89f9-7752b425b8cc@group-F53942A52B17-LeaderElection23] INFO  server.RaftServerConfigKeys (ConfUtils.java:logGet(43)) - raft.server.watch.element-limit = 65536 (default)
2019-10-04 19:32:51,968 [2cd22177-8dc0-4d5f-89f9-7752b425b8cc@group-F53942A52B17-LeaderElection23] INFO  server.RaftServerConfigKeys (ConfUtils.java:logGet(43)) - raft.server.log.appender.snapshot.chunk.size.max = 16MB (=16777216) (default)
2019-10-04 19:32:51,968 [2cd22177-8dc0-4d5f-89f9-7752b425b8cc@group-F53942A52B17-LeaderElection23] INFO  server.RaftServerConfigKeys (ConfUtils.java:logGet(43)) - raft.server.log.appender.buffer.byte-limit = 33554432 (custom)
2019-10-04 19:32:51,968 [2cd22177-8dc0-4d5f-89f9-7752b425b8cc@group-F53942A52B17-LeaderElection23] INFO  server.RaftServerConfigKeys (ConfUtils.java:logGet(43)) - raft.server.log.appender.buffer.element-limit = 1 (custom)
2019-10-04 19:32:51,968 [2cd22177-8dc0-4d5f-89f9-7752b425b8cc@group-F53942A52B17-LeaderElection23] INFO  grpc.GrpcConfigKeys$Server (ConfUtils.java:logGet(43)) - raft.grpc.server.leader.outstanding.appends.max = 128 (default)
2019-10-04 19:32:51,969 [2cd22177-8dc0-4d5f-89f9-7752b425b8cc@group-F53942A52B17-LeaderElection23] INFO  server.RaftServerConfigKeys (ConfUtils.java:logGet(43)) - raft.server.rpc.request.timeout = 3000ms (default)
2019-10-04 19:32:51,969 [2cd22177-8dc0-4d5f-89f9-7752b425b8cc@group-F53942A52B17-LeaderElection23] INFO  server.RaftServerConfigKeys (ConfUtils.java:logGet(43)) - raft.server.log.appender.install.snapshot.enabled = false (custom)
2019-10-04 19:32:51,969 [2cd22177-8dc0-4d5f-89f9-7752b425b8cc@group-F53942A52B17-LeaderElection23] INFO  server.RaftServerConfigKeys (ConfUtils.java:logGet(43)) - raft.server.log.appender.snapshot.chunk.size.max = 16MB (=16777216) (default)
2019-10-04 19:32:51,969 [2cd22177-8dc0-4d5f-89f9-7752b425b8cc@group-F53942A52B17-LeaderElection23] INFO  server.RaftServerConfigKeys (ConfUtils.java:logGet(43)) - raft.server.log.appender.buffer.byte-limit = 33554432 (custom)
2019-10-04 19:32:51,969 [2cd22177-8dc0-4d5f-89f9-7752b425b8cc@group-F53942A52B17-LeaderElection23] INFO  server.RaftServerConfigKeys (ConfUtils.java:logGet(43)) - raft.server.log.appender.buffer.element-limit = 1 (custom)
2019-10-04 19:32:51,969 [2cd22177-8dc0-4d5f-89f9-7752b425b8cc@group-F53942A52B17-LeaderElection23] INFO  grpc.GrpcConfigKeys$Server (ConfUtils.java:logGet(43)) - raft.grpc.server.leader.outstanding.appends.max = 128 (default)
2019-10-04 19:32:51,969 [2cd22177-8dc0-4d5f-89f9-7752b425b8cc@group-F53942A52B17-LeaderElection23] INFO  server.RaftServerConfigKeys (ConfUtils.java:logGet(43)) - raft.server.rpc.request.timeout = 3000ms (default)
2019-10-04 19:32:51,969 [2cd22177-8dc0-4d5f-89f9-7752b425b8cc@group-F53942A52B17-LeaderElection23] INFO  server.RaftServerConfigKeys (ConfUtils.java:logGet(43)) - raft.server.log.appender.install.snapshot.enabled = false (custom)
2019-10-04 19:32:51,970 [2cd22177-8dc0-4d5f-89f9-7752b425b8cc@group-F53942A52B17-LeaderElection23] INFO  impl.RoleInfo (RoleInfo.java:updateAndGet(143)) - 2cd22177-8dc0-4d5f-89f9-7752b425b8cc: start LeaderState
2019-10-04 19:32:51,970 [2cd22177-8dc0-4d5f-89f9-7752b425b8cc@group-F53942A52B17-LeaderElection23] INFO  segmented.SegmentedRaftLogWorker (SegmentedRaftLogWorker.java:startLogSegment(385)) - 2cd22177-8dc0-4d5f-89f9-7752b425b8cc@group-F53942A52B17-SegmentedRaftLogWorker: Starting segment from index:0
2019-10-04 19:32:51,971 [2cd22177-8dc0-4d5f-89f9-7752b425b8cc@group-F53942A52B17-LeaderElection23] INFO  impl.RaftServerImpl (ServerState.java:setRaftConf(356)) - 2cd22177-8dc0-4d5f-89f9-7752b425b8cc@group-F53942A52B17: set configuration 0: [9177c858-a268-40f9-9002-b55f0938111c:192.168.30.33:45809, 2cd22177-8dc0-4d5f-89f9-7752b425b8cc:192.168.30.33:46866, 5c1618f3-71c2-48a0-8463-ff7ec92ae88c:192.168.30.33:41803], old=null at 0
2019-10-04 19:32:51,972 [grpc-default-executor-5] INFO  impl.RaftServerImpl (ServerState.java:setLeader(255)) - 5c1618f3-71c2-48a0-8463-ff7ec92ae88c@group-F53942A52B17: change Leader from null to 2cd22177-8dc0-4d5f-89f9-7752b425b8cc at term 1 for appendEntries, leader elected after 5180ms
2019-10-04 19:32:51,972 [grpc-default-executor-1] INFO  impl.RaftServerImpl (ServerState.java:setLeader(255)) - 9177c858-a268-40f9-9002-b55f0938111c@group-F53942A52B17: change Leader from null to 2cd22177-8dc0-4d5f-89f9-7752b425b8cc at term 1 for appendEntries, leader elected after 5181ms
2019-10-04 19:32:51,975 [grpc-default-executor-5] INFO  impl.RaftServerImpl (ServerState.java:setRaftConf(356)) - 5c1618f3-71c2-48a0-8463-ff7ec92ae88c@group-F53942A52B17: set configuration 0: [9177c858-a268-40f9-9002-b55f0938111c:192.168.30.33:45809, 2cd22177-8dc0-4d5f-89f9-7752b425b8cc:192.168.30.33:46866, 5c1618f3-71c2-48a0-8463-ff7ec92ae88c:192.168.30.33:41803], old=null at 0
2019-10-04 19:32:51,975 [grpc-default-executor-5] INFO  segmented.SegmentedRaftLogWorker (SegmentedRaftLogWorker.java:startLogSegment(385)) - 5c1618f3-71c2-48a0-8463-ff7ec92ae88c@group-F53942A52B17-SegmentedRaftLogWorker: Starting segment from index:0
2019-10-04 19:32:51,975 [grpc-default-executor-5] INFO  impl.RaftServerImpl (ServerState.java:setRaftConf(356)) - 9177c858-a268-40f9-9002-b55f0938111c@group-F53942A52B17: set configuration 0: [9177c858-a268-40f9-9002-b55f0938111c:192.168.30.33:45809, 2cd22177-8dc0-4d5f-89f9-7752b425b8cc:192.168.30.33:46866, 5c1618f3-71c2-48a0-8463-ff7ec92ae88c:192.168.30.33:41803], old=null at 0
2019-10-04 19:32:51,976 [grpc-default-executor-5] INFO  segmented.SegmentedRaftLogWorker (SegmentedRaftLogWorker.java:startLogSegment(385)) - 9177c858-a268-40f9-9002-b55f0938111c@group-F53942A52B17-SegmentedRaftLogWorker: Starting segment from index:0
2019-10-04 19:32:51,988 [25bfc741-568a-4d04-9521-21e487846d14@group-A54F85138403-SegmentedRaftLogWorker] INFO  segmented.SegmentedRaftLogWorker (SegmentedRaftLogWorker.java:execute(574)) - 25bfc741-568a-4d04-9521-21e487846d14@group-A54F85138403-SegmentedRaftLogWorker: created new log segment /workdir/hadoop-ozone/integration-test/target/test-dir/MiniOzoneClusterImpl-0502f5f3-ae85-49d0-a1df-b910b6e75f44/datanode-5/data/ratis/5fa133ee-9a26-466e-96c0-a54f85138403/current/log_inprogress_0
2019-10-04 19:32:51,988 [49a1584d-cd37-4302-b096-0558ad6a536d@group-A54F85138403-SegmentedRaftLogWorker] INFO  segmented.SegmentedRaftLogWorker (SegmentedRaftLogWorker.java:execute(574)) - 49a1584d-cd37-4302-b096-0558ad6a536d@group-A54F85138403-SegmentedRaftLogWorker: created new log segment /workdir/hadoop-ozone/integration-test/target/test-dir/MiniOzoneClusterImpl-0502f5f3-ae85-49d0-a1df-b910b6e75f44/datanode-0/data/ratis/5fa133ee-9a26-466e-96c0-a54f85138403/current/log_inprogress_0
2019-10-04 19:32:52,030 [2cd22177-8dc0-4d5f-89f9-7752b425b8cc@group-F53942A52B17-SegmentedRaftLogWorker] INFO  segmented.SegmentedRaftLogWorker (SegmentedRaftLogWorker.java:execute(574)) - 2cd22177-8dc0-4d5f-89f9-7752b425b8cc@group-F53942A52B17-SegmentedRaftLogWorker: created new log segment /workdir/hadoop-ozone/integration-test/target/test-dir/MiniOzoneClusterImpl-0502f5f3-ae85-49d0-a1df-b910b6e75f44/datanode-4/data/ratis/b3344d58-b70e-4bac-9981-f53942a52b17/current/log_inprogress_0
2019-10-04 19:32:52,030 [5c1618f3-71c2-48a0-8463-ff7ec92ae88c@group-F53942A52B17-SegmentedRaftLogWorker] INFO  segmented.SegmentedRaftLogWorker (SegmentedRaftLogWorker.java:execute(574)) - 5c1618f3-71c2-48a0-8463-ff7ec92ae88c@group-F53942A52B17-SegmentedRaftLogWorker: created new log segment /workdir/hadoop-ozone/integration-test/target/test-dir/MiniOzoneClusterImpl-0502f5f3-ae85-49d0-a1df-b910b6e75f44/datanode-2/data/ratis/b3344d58-b70e-4bac-9981-f53942a52b17/current/log_inprogress_0
2019-10-04 19:32:52,030 [9177c858-a268-40f9-9002-b55f0938111c@group-F53942A52B17-SegmentedRaftLogWorker] INFO  segmented.SegmentedRaftLogWorker (SegmentedRaftLogWorker.java:execute(574)) - 9177c858-a268-40f9-9002-b55f0938111c@group-F53942A52B17-SegmentedRaftLogWorker: created new log segment /workdir/hadoop-ozone/integration-test/target/test-dir/MiniOzoneClusterImpl-0502f5f3-ae85-49d0-a1df-b910b6e75f44/datanode-3/data/ratis/b3344d58-b70e-4bac-9981-f53942a52b17/current/log_inprogress_0
2019-10-04 19:32:53,562 [RatisApplyTransactionExecutor 1] ERROR ratis.ContainerStateMachine (ContainerStateMachine.java:lambda$applyTransaction$6(725)) - gid group-F53942A52B17 : ApplyTransaction failed. cmd CreateContainer logIndex 7 exception {}
java.lang.IllegalArgumentException
	at com.google.common.base.Preconditions.checkArgument(Preconditions.java:72)
	at org.apache.hadoop.ozone.container.keyvalue.KeyValueHandler.handleCreateContainer(KeyValueHandler.java:215)
	at org.apache.hadoop.ozone.container.keyvalue.KeyValueHandler.handle(KeyValueHandler.java:152)
	at org.apache.hadoop.ozone.container.common.impl.HddsDispatcher.dispatchRequest(HddsDispatcher.java:275)
	at org.apache.hadoop.ozone.container.common.impl.HddsDispatcher.dispatch(HddsDispatcher.java:150)
	at org.apache.hadoop.ozone.container.common.transport.server.ratis.ContainerStateMachine.dispatchCommand(ContainerStateMachine.java:405)
	at org.apache.hadoop.ozone.container.common.transport.server.ratis.ContainerStateMachine.runCommand(ContainerStateMachine.java:413)
	at org.apache.hadoop.ozone.container.common.transport.server.ratis.ContainerStateMachine.lambda$applyTransaction$6(ContainerStateMachine.java:723)
	at java.util.concurrent.CompletableFuture$AsyncSupply.run(CompletableFuture.java:1590)
	at java.util.concurrent.ThreadPoolExecutor.runWorker(ThreadPoolExecutor.java:1149)
	at java.util.concurrent.ThreadPoolExecutor$Worker.run(ThreadPoolExecutor.java:624)
	at java.lang.Thread.run(Thread.java:748)
2019-10-04 19:32:53,578 [RatisApplyTransactionExecutor 1] ERROR ratis.ContainerStateMachine (ContainerStateMachine.java:lambda$applyTransaction$6(725)) - gid group-F53942A52B17 : ApplyTransaction failed. cmd CreateContainer logIndex 7 exception {}
java.lang.IllegalArgumentException
	at com.google.common.base.Preconditions.checkArgument(Preconditions.java:72)
	at org.apache.hadoop.ozone.container.keyvalue.KeyValueHandler.handleCreateContainer(KeyValueHandler.java:215)
	at org.apache.hadoop.ozone.container.keyvalue.KeyValueHandler.handle(KeyValueHandler.java:152)
	at org.apache.hadoop.ozone.container.common.impl.HddsDispatcher.dispatchRequest(HddsDispatcher.java:275)
	at org.apache.hadoop.ozone.container.common.impl.HddsDispatcher.dispatch(HddsDispatcher.java:150)
	at org.apache.hadoop.ozone.container.common.transport.server.ratis.ContainerStateMachine.dispatchCommand(ContainerStateMachine.java:405)
	at org.apache.hadoop.ozone.container.common.transport.server.ratis.ContainerStateMachine.runCommand(ContainerStateMachine.java:413)
	at org.apache.hadoop.ozone.container.common.transport.server.ratis.ContainerStateMachine.lambda$applyTransaction$6(ContainerStateMachine.java:723)
	at java.util.concurrent.CompletableFuture$AsyncSupply.run(CompletableFuture.java:1590)
	at java.util.concurrent.ThreadPoolExecutor.runWorker(ThreadPoolExecutor.java:1149)
	at java.util.concurrent.ThreadPoolExecutor$Worker.run(ThreadPoolExecutor.java:624)
	at java.lang.Thread.run(Thread.java:748)
2019-10-04 19:32:53,586 [RatisApplyTransactionExecutor 1] ERROR ratis.ContainerStateMachine (ContainerStateMachine.java:lambda$applyTransaction$6(725)) - gid group-F53942A52B17 : ApplyTransaction failed. cmd CreateContainer logIndex 7 exception {}
java.lang.IllegalArgumentException
	at com.google.common.base.Preconditions.checkArgument(Preconditions.java:72)
	at org.apache.hadoop.ozone.container.keyvalue.KeyValueHandler.handleCreateContainer(KeyValueHandler.java:215)
	at org.apache.hadoop.ozone.container.keyvalue.KeyValueHandler.handle(KeyValueHandler.java:152)
	at org.apache.hadoop.ozone.container.common.impl.HddsDispatcher.dispatchRequest(HddsDispatcher.java:275)
	at org.apache.hadoop.ozone.container.common.impl.HddsDispatcher.dispatch(HddsDispatcher.java:150)
	at org.apache.hadoop.ozone.container.common.transport.server.ratis.ContainerStateMachine.dispatchCommand(ContainerStateMachine.java:405)
	at org.apache.hadoop.ozone.container.common.transport.server.ratis.ContainerStateMachine.runCommand(ContainerStateMachine.java:413)
	at org.apache.hadoop.ozone.container.common.transport.server.ratis.ContainerStateMachine.lambda$applyTransaction$6(ContainerStateMachine.java:723)
	at java.util.concurrent.CompletableFuture$AsyncSupply.run(CompletableFuture.java:1590)
	at java.util.concurrent.ThreadPoolExecutor.runWorker(ThreadPoolExecutor.java:1149)
	at java.util.concurrent.ThreadPoolExecutor$Worker.run(ThreadPoolExecutor.java:624)
	at java.lang.Thread.run(Thread.java:748)
2019-10-04 19:34:25,522 [main] INFO  ozone.MiniOzoneClusterImpl (MiniOzoneClusterImpl.java:shutdown(314)) - Shutting down the Mini Ozone Cluster
2019-10-04 19:34:25,524 [main] INFO  ozone.MiniOzoneClusterImpl (MiniOzoneClusterImpl.java:stop(330)) - Stopping the Mini Ozone Cluster
2019-10-04 19:34:25,524 [main] INFO  ozone.MiniOzoneClusterImpl (MiniOzoneClusterImpl.java:stopOM(400)) - Stopping the OzoneManager
2019-10-04 19:34:25,524 [main] INFO  ipc.Server (Server.java:stop(3082)) - Stopping server on 33195
2019-10-04 19:34:25,548 [IPC Server listener on 33195] INFO  ipc.Server (Server.java:run(1185)) - Stopping IPC Server listener on 33195
2019-10-04 19:34:25,551 [main] INFO  ratis.OzoneManagerDoubleBuffer (OzoneManagerDoubleBuffer.java:stop(248)) - Stopping OMDoubleBuffer flush thread
2019-10-04 19:34:25,554 [IPC Server Responder] INFO  ipc.Server (Server.java:run(1319)) - Stopping IPC Server Responder
2019-10-04 19:34:25,578 [OMDoubleBufferFlushThread] INFO  ratis.OzoneManagerDoubleBuffer (OzoneManagerDoubleBuffer.java:flushTransactions(191)) - OMDoubleBuffer flush thread OMDoubleBufferFlushThread is interrupted and will exit. OMDoubleBufferFlushThread
2019-10-04 19:34:25,579 [main] INFO  utils.BackgroundService (BackgroundService.java:shutdown(148)) - Shutting down service KeyDeletingService
2019-10-04 19:34:25,581 [main] INFO  handler.ContextHandler (ContextHandler.java:doStop(910)) - Stopped o.e.j.w.WebAppContext@55fee662{/,null,UNAVAILABLE}{/ozoneManager}
2019-10-04 19:34:25,582 [main] INFO  server.AbstractConnector (AbstractConnector.java:doStop(318)) - Stopped ServerConnector@54089484{HTTP/1.1,[http/1.1]}{0.0.0.0:0}
2019-10-04 19:34:25,583 [main] INFO  handler.ContextHandler (ContextHandler.java:doStop(910)) - Stopped o.e.j.s.ServletContextHandler@7cac93fe{/static,file:///workdir/hadoop-ozone/integration-test/target/test-classes/webapps/static,UNAVAILABLE}
2019-10-04 19:34:25,584 [main] INFO  handler.ContextHandler (ContextHandler.java:doStop(910)) - Stopped o.e.j.s.ServletContextHandler@77fa9381{/logs,file:///workdir/hadoop-ozone/integration-test/target/log,UNAVAILABLE}
2019-10-04 19:34:25,588 [main] INFO  ozone.MiniOzoneClusterImpl (MiniOzoneClusterImpl.java:stopDatanodes(377)) - Stopping the HddsDatanodes
2019-10-04 19:34:26,127 [Datanode State Machine Thread - 0] INFO  statemachine.DatanodeStateMachine (DatanodeStateMachine.java:lambda$startDaemon$0(350)) - Ozone container server started.
2019-10-04 19:34:26,581 [Datanode State Machine Thread - 0] INFO  statemachine.DatanodeStateMachine (DatanodeStateMachine.java:lambda$startDaemon$0(350)) - Ozone container server started.
2019-10-04 19:34:30,590 [main] INFO  ozoneimpl.OzoneContainer (OzoneContainer.java:stop(231)) - Attempting to stop container services.
2019-10-04 19:34:30,600 [ForkJoinPool.commonPool-worker-0] INFO  ozoneimpl.OzoneContainer (OzoneContainer.java:stop(231)) - Attempting to stop container services.
2019-10-04 19:34:30,600 [main] INFO  impl.RaftServerProxy (RaftServerProxy.java:lambda$close$4(314)) - 2cd22177-8dc0-4d5f-89f9-7752b425b8cc: close
2019-10-04 19:34:30,601 [ForkJoinPool.commonPool-worker-0] INFO  impl.RaftServerProxy (RaftServerProxy.java:lambda$close$4(314)) - 5ac861b3-07c8-4be4-9e5d-d11ab006ec66: close
2019-10-04 19:34:30,601 [main] INFO  impl.RaftServerImpl (RaftServerImpl.java:lambda$shutdown$3(247)) - 2cd22177-8dc0-4d5f-89f9-7752b425b8cc@group-F53942A52B17: shutdown
2019-10-04 19:34:30,601 [ForkJoinPool.commonPool-worker-0] INFO  impl.RaftServerImpl (RaftServerImpl.java:lambda$shutdown$3(247)) - 5ac861b3-07c8-4be4-9e5d-d11ab006ec66@group-A54F85138403: shutdown
2019-10-04 19:34:30,602 [main] INFO  util.JmxRegister (JmxRegister.java:unregister(73)) - Successfully un-registered JMX Bean with object name Ratis:service=RaftServer,group=group-F53942A52B17,id=2cd22177-8dc0-4d5f-89f9-7752b425b8cc
2019-10-04 19:34:30,602 [ForkJoinPool.commonPool-worker-0] INFO  util.JmxRegister (JmxRegister.java:unregister(73)) - Successfully un-registered JMX Bean with object name Ratis:service=RaftServer,group=group-A54F85138403,id=5ac861b3-07c8-4be4-9e5d-d11ab006ec66
2019-10-04 19:34:30,602 [main] INFO  impl.RoleInfo (RoleInfo.java:shutdownLeaderState(104)) - 2cd22177-8dc0-4d5f-89f9-7752b425b8cc: shutdown LeaderState
2019-10-04 19:34:30,602 [ForkJoinPool.commonPool-worker-0] INFO  impl.RoleInfo (RoleInfo.java:shutdownLeaderState(104)) - 5ac861b3-07c8-4be4-9e5d-d11ab006ec66: shutdown LeaderState
2019-10-04 19:34:30,608 [main] INFO  impl.PendingRequests (PendingRequests.java:sendNotLeaderResponses(202)) - 2cd22177-8dc0-4d5f-89f9-7752b425b8cc@group-F53942A52B17-PendingRequests: sendNotLeaderResponses
2019-10-04 19:34:30,612 [org.apache.ratis.server.impl.LogAppender$AppenderDaemon$$Lambda$505/1873562465@406e1f27] WARN  server.GrpcLogAppender (GrpcLogAppender.java:mayWait(143)) - 5ac861b3-07c8-4be4-9e5d-d11ab006ec66@group-A54F85138403->49a1584d-cd37-4302-b096-0558ad6a536d-GrpcLogAppender: Wait interrupted by java.lang.InterruptedException
2019-10-04 19:34:30,612 [ForkJoinPool.commonPool-worker-0] INFO  impl.PendingRequests (PendingRequests.java:sendNotLeaderResponses(202)) - 5ac861b3-07c8-4be4-9e5d-d11ab006ec66@group-A54F85138403-PendingRequests: sendNotLeaderResponses
2019-10-04 19:34:30,608 [org.apache.ratis.server.impl.LogAppender$AppenderDaemon$$Lambda$505/1873562465@901fb96] WARN  server.GrpcLogAppender (GrpcLogAppender.java:mayWait(143)) - 2cd22177-8dc0-4d5f-89f9-7752b425b8cc@group-F53942A52B17->5c1618f3-71c2-48a0-8463-ff7ec92ae88c-GrpcLogAppender: Wait interrupted by java.lang.InterruptedException
2019-10-04 19:34:30,608 [org.apache.ratis.server.impl.LogAppender$AppenderDaemon$$Lambda$505/1873562465@245223e3] WARN  server.GrpcLogAppender (GrpcLogAppender.java:mayWait(143)) - 2cd22177-8dc0-4d5f-89f9-7752b425b8cc@group-F53942A52B17->9177c858-a268-40f9-9002-b55f0938111c-GrpcLogAppender: Wait interrupted by java.lang.InterruptedException
2019-10-04 19:34:30,617 [ForkJoinPool.commonPool-worker-0] INFO  impl.StateMachineUpdater (StateMachineUpdater.java:stopAndJoin(136)) - 5ac861b3-07c8-4be4-9e5d-d11ab006ec66@group-A54F85138403-StateMachineUpdater: set stopIndex = 0
2019-10-04 19:34:30,617 [main] INFO  impl.StateMachineUpdater (StateMachineUpdater.java:stopAndJoin(136)) - 2cd22177-8dc0-4d5f-89f9-7752b425b8cc@group-F53942A52B17-StateMachineUpdater: set stopIndex = 8
2019-10-04 19:34:30,612 [org.apache.ratis.server.impl.LogAppender$AppenderDaemon$$Lambda$505/1873562465@fbb072e] WARN  server.GrpcLogAppender (GrpcLogAppender.java:mayWait(143)) - 5ac861b3-07c8-4be4-9e5d-d11ab006ec66@group-A54F85138403->25bfc741-568a-4d04-9521-21e487846d14-GrpcLogAppender: Wait interrupted by java.lang.InterruptedException
2019-10-04 19:34:30,618 [2cd22177-8dc0-4d5f-89f9-7752b425b8cc@group-F53942A52B17-StateMachineUpdater] INFO  ratis.ContainerStateMachine (ContainerStateMachine.java:takeSnapshot(293)) - group-F53942A52B17: Taking a snapshot at:(t:1, i:6) file /workdir/hadoop-ozone/integration-test/target/test-dir/MiniOzoneClusterImpl-0502f5f3-ae85-49d0-a1df-b910b6e75f44/datanode-4/data/ratis/b3344d58-b70e-4bac-9981-f53942a52b17/sm/snapshot.1_6
2019-10-04 19:34:30,619 [ForkJoinPool.commonPool-worker-0] INFO  impl.RaftServerImpl (ServerState.java:close(387)) - 5ac861b3-07c8-4be4-9e5d-d11ab006ec66@group-A54F85138403: closes. applyIndex: 0
2019-10-04 19:34:30,619 [grpc-default-executor-1] INFO  server.GrpcServerProtocolService (GrpcServerProtocolService.java:onCompleted(113)) - 9177c858-a268-40f9-9002-b55f0938111c: Completed APPEND_ENTRIES, lastRequest: 2cd22177-8dc0-4d5f-89f9-7752b425b8cc->9177c858-a268-40f9-9002-b55f0938111c#47-t1, previous=(t:1, i:8), leaderCommit=8, initializing? false, entries: <empty>
2019-10-04 19:34:30,619 [grpc-default-executor-5] INFO  server.GrpcServerProtocolService (GrpcServerProtocolService.java:onCompleted(113)) - 25bfc741-568a-4d04-9521-21e487846d14: Completed APPEND_ENTRIES, lastRequest: 5ac861b3-07c8-4be4-9e5d-d11ab006ec66->25bfc741-568a-4d04-9521-21e487846d14#40-t1, previous=(t:1, i:0), leaderCommit=0, initializing? false, entries: <empty>
2019-10-04 19:34:30,619 [grpc-default-executor-3] INFO  server.GrpcServerProtocolService (GrpcServerProtocolService.java:onCompleted(113)) - 49a1584d-cd37-4302-b096-0558ad6a536d: Completed APPEND_ENTRIES, lastRequest: 5ac861b3-07c8-4be4-9e5d-d11ab006ec66->49a1584d-cd37-4302-b096-0558ad6a536d#40-t1, previous=(t:1, i:0), leaderCommit=0, initializing? false, entries: <empty>
2019-10-04 19:34:30,620 [5ac861b3-07c8-4be4-9e5d-d11ab006ec66@group-A54F85138403-SegmentedRaftLogWorker] INFO  segmented.SegmentedRaftLogWorker (SegmentedRaftLogWorker.java:run(316)) - 5ac861b3-07c8-4be4-9e5d-d11ab006ec66@group-A54F85138403-SegmentedRaftLogWorker was interrupted, exiting. There are 0 tasks remaining in the queue.
2019-10-04 19:34:30,623 [grpc-default-executor-6] INFO  server.GrpcServerProtocolService (GrpcServerProtocolService.java:onCompleted(113)) - 5c1618f3-71c2-48a0-8463-ff7ec92ae88c: Completed APPEND_ENTRIES, lastRequest: 2cd22177-8dc0-4d5f-89f9-7752b425b8cc->5c1618f3-71c2-48a0-8463-ff7ec92ae88c#47-t1, previous=(t:1, i:8), leaderCommit=8, initializing? false, entries: <empty>
2019-10-04 19:34:30,623 [ForkJoinPool.commonPool-worker-0] INFO  segmented.SegmentedRaftLogWorker (SegmentedRaftLogWorker.java:close(224)) - 5ac861b3-07c8-4be4-9e5d-d11ab006ec66@group-A54F85138403-SegmentedRaftLogWorker close()
2019-10-04 19:34:30,624 [grpc-default-executor-1] INFO  server.GrpcLogAppender (GrpcLogAppender.java:onCompleted(293)) - 5ac861b3-07c8-4be4-9e5d-d11ab006ec66@group-A54F85138403->49a1584d-cd37-4302-b096-0558ad6a536d-AppendLogResponseHandler: follower responses appendEntries COMPLETED
2019-10-04 19:34:30,624 [grpc-default-executor-6] INFO  server.GrpcLogAppender (GrpcLogAppender.java:onCompleted(293)) - 5ac861b3-07c8-4be4-9e5d-d11ab006ec66@group-A54F85138403->25bfc741-568a-4d04-9521-21e487846d14-AppendLogResponseHandler: follower responses appendEntries COMPLETED
2019-10-04 19:34:30,629 [grpc-default-executor-5] INFO  server.GrpcLogAppender (GrpcLogAppender.java:onCompleted(293)) - 2cd22177-8dc0-4d5f-89f9-7752b425b8cc@group-F53942A52B17->5c1618f3-71c2-48a0-8463-ff7ec92ae88c-AppendLogResponseHandler: follower responses appendEntries COMPLETED
2019-10-04 19:34:30,627 [grpc-default-executor-3] INFO  server.GrpcLogAppender (GrpcLogAppender.java:onCompleted(293)) - 2cd22177-8dc0-4d5f-89f9-7752b425b8cc@group-F53942A52B17->9177c858-a268-40f9-9002-b55f0938111c-AppendLogResponseHandler: follower responses appendEntries COMPLETED
2019-10-04 19:34:30,629 [ForkJoinPool.commonPool-worker-0] INFO  impl.RaftServerImpl (RaftServerImpl.java:lambda$shutdown$3(247)) - 5ac861b3-07c8-4be4-9e5d-d11ab006ec66@group-3965C6050932: shutdown
2019-10-04 19:34:30,630 [ForkJoinPool.commonPool-worker-0] INFO  util.JmxRegister (JmxRegister.java:unregister(73)) - Successfully un-registered JMX Bean with object name Ratis:service=RaftServer,group=group-3965C6050932,id=5ac861b3-07c8-4be4-9e5d-d11ab006ec66
2019-10-04 19:34:30,630 [ForkJoinPool.commonPool-worker-0] INFO  impl.RoleInfo (RoleInfo.java:shutdownLeaderState(104)) - 5ac861b3-07c8-4be4-9e5d-d11ab006ec66: shutdown LeaderState
2019-10-04 19:34:30,630 [grpc-default-executor-1] INFO  impl.FollowerInfo (FollowerInfo.java:lambda$new$0(51)) - 5ac861b3-07c8-4be4-9e5d-d11ab006ec66@group-A54F85138403->49a1584d-cd37-4302-b096-0558ad6a536d: nextIndex: updateUnconditionally 1 -> 0
2019-10-04 19:34:30,630 [grpc-default-executor-5] INFO  impl.FollowerInfo (FollowerInfo.java:lambda$new$0(51)) - 2cd22177-8dc0-4d5f-89f9-7752b425b8cc@group-F53942A52B17->5c1618f3-71c2-48a0-8463-ff7ec92ae88c: nextIndex: updateUnconditionally 9 -> 8
2019-10-04 19:34:30,631 [grpc-default-executor-6] INFO  impl.FollowerInfo (FollowerInfo.java:lambda$new$0(51)) - 5ac861b3-07c8-4be4-9e5d-d11ab006ec66@group-A54F85138403->25bfc741-568a-4d04-9521-21e487846d14: nextIndex: updateUnconditionally 1 -> 0
2019-10-04 19:34:30,631 [ForkJoinPool.commonPool-worker-0] INFO  impl.PendingRequests (PendingRequests.java:sendNotLeaderResponses(202)) - 5ac861b3-07c8-4be4-9e5d-d11ab006ec66@group-3965C6050932-PendingRequests: sendNotLeaderResponses
2019-10-04 19:34:30,631 [grpc-default-executor-3] INFO  impl.FollowerInfo (FollowerInfo.java:lambda$new$0(51)) - 2cd22177-8dc0-4d5f-89f9-7752b425b8cc@group-F53942A52B17->9177c858-a268-40f9-9002-b55f0938111c: nextIndex: updateUnconditionally 9 -> 8
2019-10-04 19:34:30,632 [ForkJoinPool.commonPool-worker-0] INFO  impl.StateMachineUpdater (StateMachineUpdater.java:stopAndJoin(136)) - 5ac861b3-07c8-4be4-9e5d-d11ab006ec66@group-3965C6050932-StateMachineUpdater: set stopIndex = 0
2019-10-04 19:34:30,632 [ForkJoinPool.commonPool-worker-0] INFO  impl.RaftServerImpl (ServerState.java:close(387)) - 5ac861b3-07c8-4be4-9e5d-d11ab006ec66@group-3965C6050932: closes. applyIndex: 0
2019-10-04 19:34:30,633 [5ac861b3-07c8-4be4-9e5d-d11ab006ec66@group-3965C6050932-SegmentedRaftLogWorker] INFO  segmented.SegmentedRaftLogWorker (SegmentedRaftLogWorker.java:run(316)) - 5ac861b3-07c8-4be4-9e5d-d11ab006ec66@group-3965C6050932-SegmentedRaftLogWorker was interrupted, exiting. There are 0 tasks remaining in the queue.
2019-10-04 19:34:30,646 [ForkJoinPool.commonPool-worker-0] INFO  segmented.SegmentedRaftLogWorker (SegmentedRaftLogWorker.java:close(224)) - 5ac861b3-07c8-4be4-9e5d-d11ab006ec66@group-3965C6050932-SegmentedRaftLogWorker close()
2019-10-04 19:34:30,649 [2cd22177-8dc0-4d5f-89f9-7752b425b8cc@group-F53942A52B17-StateMachineUpdater] INFO  ratis.ContainerStateMachine (ContainerStateMachine.java:takeSnapshot(304)) - group-F53942A52B17: Finished taking a snapshot at:(t:1, i:6) file:/workdir/hadoop-ozone/integration-test/target/test-dir/MiniOzoneClusterImpl-0502f5f3-ae85-49d0-a1df-b910b6e75f44/datanode-4/data/ratis/b3344d58-b70e-4bac-9981-f53942a52b17/sm/snapshot.1_6 time:30
2019-10-04 19:34:30,649 [ForkJoinPool.commonPool-worker-0] INFO  server.GrpcService (GrpcService.java:closeImpl(164)) - 5ac861b3-07c8-4be4-9e5d-d11ab006ec66: shutdown server with port 40871 now
2019-10-04 19:34:30,650 [2cd22177-8dc0-4d5f-89f9-7752b425b8cc@group-F53942A52B17-StateMachineUpdater] INFO  impl.StateMachineUpdater (StateMachineUpdater.java:takeSnapshot(269)) - 2cd22177-8dc0-4d5f-89f9-7752b425b8cc@group-F53942A52B17-StateMachineUpdater: Took a snapshot at index 6
2019-10-04 19:34:30,650 [2cd22177-8dc0-4d5f-89f9-7752b425b8cc@group-F53942A52B17-StateMachineUpdater] INFO  impl.StateMachineUpdater (StateMachineUpdater.java:lambda$new$0(84)) - 2cd22177-8dc0-4d5f-89f9-7752b425b8cc@group-F53942A52B17-StateMachineUpdater: snapshotIndex: updateIncreasingly -1 -> 6
2019-10-04 19:34:30,651 [2cd22177-8dc0-4d5f-89f9-7752b425b8cc@group-F53942A52B17-StateMachineUpdater] INFO  ratis.ContainerStateMachine (ContainerStateMachine.java:takeSnapshot(293)) - group-F53942A52B17: Taking a snapshot at:(t:1, i:6) file /workdir/hadoop-ozone/integration-test/target/test-dir/MiniOzoneClusterImpl-0502f5f3-ae85-49d0-a1df-b910b6e75f44/datanode-4/data/ratis/b3344d58-b70e-4bac-9981-f53942a52b17/sm/snapshot.1_6
2019-10-04 19:34:30,651 [ForkJoinPool.commonPool-worker-0] INFO  server.GrpcService (GrpcService.java:closeImpl(172)) - 5ac861b3-07c8-4be4-9e5d-d11ab006ec66: shutdown server with port 40871 successfully
2019-10-04 19:34:30,653 [refreshUsed-/workdir/hadoop-ozone/integration-test/target/test-dir/MiniOzoneClusterImpl-0502f5f3-ae85-49d0-a1df-b910b6e75f44/datanode-1/data/containers] WARN  fs.CachingGetSpaceUsed (CachingGetSpaceUsed.java:run(183)) - Thread Interrupted waiting to refresh disk information: sleep interrupted
2019-10-04 19:34:30,669 [ForkJoinPool.commonPool-worker-0] INFO  utils.BackgroundService (BackgroundService.java:shutdown(148)) - Shutting down service BlockDeletingService
2019-10-04 19:34:30,674 [2cd22177-8dc0-4d5f-89f9-7752b425b8cc@group-F53942A52B17-StateMachineUpdater] INFO  ratis.ContainerStateMachine (ContainerStateMachine.java:takeSnapshot(304)) - group-F53942A52B17: Finished taking a snapshot at:(t:1, i:6) file:/workdir/hadoop-ozone/integration-test/target/test-dir/MiniOzoneClusterImpl-0502f5f3-ae85-49d0-a1df-b910b6e75f44/datanode-4/data/ratis/b3344d58-b70e-4bac-9981-f53942a52b17/sm/snapshot.1_6 time:23
2019-10-04 19:34:30,675 [ForkJoinPool.commonPool-worker-0] INFO  statemachine.DatanodeStateMachine (DatanodeStateMachine.java:stopDaemon(395)) - Ozone container server stopped.
2019-10-04 19:34:30,676 [2cd22177-8dc0-4d5f-89f9-7752b425b8cc@group-F53942A52B17-StateMachineUpdater] INFO  impl.StateMachineUpdater (StateMachineUpdater.java:takeSnapshot(269)) - 2cd22177-8dc0-4d5f-89f9-7752b425b8cc@group-F53942A52B17-StateMachineUpdater: Took a snapshot at index 6
2019-10-04 19:34:30,676 [2cd22177-8dc0-4d5f-89f9-7752b425b8cc@group-F53942A52B17-StateMachineUpdater] INFO  impl.StateMachineUpdater (StateMachineUpdater.java:lambda$new$0(84)) - 2cd22177-8dc0-4d5f-89f9-7752b425b8cc@group-F53942A52B17-StateMachineUpdater: snapshotIndex: updateIncreasingly 6 -> 6
2019-10-04 19:34:30,679 [main] INFO  impl.RaftServerImpl (ServerState.java:close(387)) - 2cd22177-8dc0-4d5f-89f9-7752b425b8cc@group-F53942A52B17: closes. applyIndex: 8
2019-10-04 19:34:30,680 [2cd22177-8dc0-4d5f-89f9-7752b425b8cc@group-F53942A52B17-SegmentedRaftLogWorker] INFO  segmented.SegmentedRaftLogWorker (SegmentedRaftLogWorker.java:run(316)) - 2cd22177-8dc0-4d5f-89f9-7752b425b8cc@group-F53942A52B17-SegmentedRaftLogWorker was interrupted, exiting. There are 0 tasks remaining in the queue.
2019-10-04 19:34:30,681 [main] INFO  segmented.SegmentedRaftLogWorker (SegmentedRaftLogWorker.java:close(224)) - 2cd22177-8dc0-4d5f-89f9-7752b425b8cc@group-F53942A52B17-SegmentedRaftLogWorker close()
2019-10-04 19:34:30,683 [ForkJoinPool.commonPool-worker-0] INFO  handler.ContextHandler (ContextHandler.java:doStop(910)) - Stopped o.e.j.w.WebAppContext@7b61bf11{/,null,UNAVAILABLE}{/hddsDatanode}
2019-10-04 19:34:30,686 [main] INFO  impl.RaftServerImpl (RaftServerImpl.java:lambda$shutdown$3(247)) - 2cd22177-8dc0-4d5f-89f9-7752b425b8cc@group-A47CCC533C41: shutdown
2019-10-04 19:34:30,686 [main] INFO  util.JmxRegister (JmxRegister.java:unregister(73)) - Successfully un-registered JMX Bean with object name Ratis:service=RaftServer,group=group-A47CCC533C41,id=2cd22177-8dc0-4d5f-89f9-7752b425b8cc
2019-10-04 19:34:30,687 [ForkJoinPool.commonPool-worker-0] INFO  server.AbstractConnector (AbstractConnector.java:doStop(318)) - Stopped ServerConnector@40247d48{HTTP/1.1,[http/1.1]}{0.0.0.0:0}
2019-10-04 19:34:30,687 [main] INFO  impl.RoleInfo (RoleInfo.java:shutdownLeaderState(104)) - 2cd22177-8dc0-4d5f-89f9-7752b425b8cc: shutdown LeaderState
2019-10-04 19:34:30,688 [ForkJoinPool.commonPool-worker-0] INFO  handler.ContextHandler (ContextHandler.java:doStop(910)) - Stopped o.e.j.s.ServletContextHandler@46911148{/static,jar:file:/home/user/.m2/repository/org/apache/hadoop/hadoop-hdds-container-service/0.5.0-SNAPSHOT/hadoop-hdds-container-service-0.5.0-SNAPSHOT.jar!/webapps/static,UNAVAILABLE}
2019-10-04 19:34:30,689 [main] INFO  impl.PendingRequests (PendingRequests.java:sendNotLeaderResponses(202)) - 2cd22177-8dc0-4d5f-89f9-7752b425b8cc@group-A47CCC533C41-PendingRequests: sendNotLeaderResponses
2019-10-04 19:34:30,690 [ForkJoinPool.commonPool-worker-0] INFO  handler.ContextHandler (ContextHandler.java:doStop(910)) - Stopped o.e.j.s.ServletContextHandler@65a9ea3c{/logs,file:///workdir/hadoop-ozone/integration-test/target/log,UNAVAILABLE}
2019-10-04 19:34:30,690 [main] INFO  impl.StateMachineUpdater (StateMachineUpdater.java:stopAndJoin(136)) - 2cd22177-8dc0-4d5f-89f9-7752b425b8cc@group-A47CCC533C41-StateMachineUpdater: set stopIndex = 0
2019-10-04 19:34:30,691 [main] INFO  impl.RaftServerImpl (ServerState.java:close(387)) - 2cd22177-8dc0-4d5f-89f9-7752b425b8cc@group-A47CCC533C41: closes. applyIndex: 0
2019-10-04 19:34:30,692 [2cd22177-8dc0-4d5f-89f9-7752b425b8cc@group-A47CCC533C41-SegmentedRaftLogWorker] INFO  segmented.SegmentedRaftLogWorker (SegmentedRaftLogWorker.java:run(316)) - 2cd22177-8dc0-4d5f-89f9-7752b425b8cc@group-A47CCC533C41-SegmentedRaftLogWorker was interrupted, exiting. There are 0 tasks remaining in the queue.
2019-10-04 19:34:30,693 [main] INFO  segmented.SegmentedRaftLogWorker (SegmentedRaftLogWorker.java:close(224)) - 2cd22177-8dc0-4d5f-89f9-7752b425b8cc@group-A47CCC533C41-SegmentedRaftLogWorker close()
2019-10-04 19:34:30,705 [main] INFO  server.GrpcService (GrpcService.java:closeImpl(164)) - 2cd22177-8dc0-4d5f-89f9-7752b425b8cc: shutdown server with port 46866 now
2019-10-04 19:34:30,706 [main] INFO  server.GrpcService (GrpcService.java:closeImpl(172)) - 2cd22177-8dc0-4d5f-89f9-7752b425b8cc: shutdown server with port 46866 successfully
2019-10-04 19:34:30,711 [refreshUsed-/workdir/hadoop-ozone/integration-test/target/test-dir/MiniOzoneClusterImpl-0502f5f3-ae85-49d0-a1df-b910b6e75f44/datanode-4/data/containers] WARN  fs.CachingGetSpaceUsed (CachingGetSpaceUsed.java:run(183)) - Thread Interrupted waiting to refresh disk information: sleep interrupted
2019-10-04 19:34:30,724 [main] INFO  utils.BackgroundService (BackgroundService.java:shutdown(148)) - Shutting down service BlockDeletingService
2019-10-04 19:34:30,729 [main] INFO  statemachine.DatanodeStateMachine (DatanodeStateMachine.java:stopDaemon(395)) - Ozone container server stopped.
2019-10-04 19:34:30,730 [main] INFO  handler.ContextHandler (ContextHandler.java:doStop(910)) - Stopped o.e.j.w.WebAppContext@2abbd0d9{/,null,UNAVAILABLE}{/hddsDatanode}
2019-10-04 19:34:30,730 [main] INFO  server.AbstractConnector (AbstractConnector.java:doStop(318)) - Stopped ServerConnector@b61edb9{HTTP/1.1,[http/1.1]}{0.0.0.0:0}
2019-10-04 19:34:30,731 [main] INFO  handler.ContextHandler (ContextHandler.java:doStop(910)) - Stopped o.e.j.s.ServletContextHandler@27443560{/static,jar:file:/home/user/.m2/repository/org/apache/hadoop/hadoop-hdds-container-service/0.5.0-SNAPSHOT/hadoop-hdds-container-service-0.5.0-SNAPSHOT.jar!/webapps/static,UNAVAILABLE}
2019-10-04 19:34:30,731 [main] INFO  handler.ContextHandler (ContextHandler.java:doStop(910)) - Stopped o.e.j.s.ServletContextHandler@5649d11a{/logs,file:///workdir/hadoop-ozone/integration-test/target/log,UNAVAILABLE}
2019-10-04 19:34:31,610 [Datanode State Machine Thread - 0] INFO  statemachine.DatanodeStateMachine (DatanodeStateMachine.java:lambda$startDaemon$0(350)) - Ozone container server started.
2019-10-04 19:34:31,664 [Datanode State Machine Thread - 0] INFO  statemachine.DatanodeStateMachine (DatanodeStateMachine.java:lambda$startDaemon$0(350)) - Ozone container server started.
2019-10-04 19:34:33,937 [Thread-755] INFO  impl.FollowerState (FollowerState.java:run(108)) - 9177c858-a268-40f9-9002-b55f0938111c@group-F53942A52B17-FollowerState: change to CANDIDATE, lastRpcTime:5222ms, electionTimeout:5013ms
2019-10-04 19:34:33,938 [Thread-755] INFO  impl.RoleInfo (RoleInfo.java:shutdownFollowerState(121)) - 9177c858-a268-40f9-9002-b55f0938111c: shutdown FollowerState
2019-10-04 19:34:33,939 [Thread-755] INFO  impl.RaftServerImpl (RaftServerImpl.java:setRole(170)) - 9177c858-a268-40f9-9002-b55f0938111c@group-F53942A52B17: changes role from  FOLLOWER to CANDIDATE at term 1 for changeToCandidate
2019-10-04 19:34:33,939 [Thread-755] INFO  impl.RoleInfo (RoleInfo.java:updateAndGet(143)) - 9177c858-a268-40f9-9002-b55f0938111c: start LeaderElection
2019-10-04 19:34:33,944 [9177c858-a268-40f9-9002-b55f0938111c@group-F53942A52B17-LeaderElection25] INFO  impl.RaftServerImpl (ServerState.java:setLeader(255)) - 9177c858-a268-40f9-9002-b55f0938111c@group-F53942A52B17: change Leader from 2cd22177-8dc0-4d5f-89f9-7752b425b8cc to null at term 1 for initElection
2019-10-04 19:34:33,958 [9177c858-a268-40f9-9002-b55f0938111c@group-F53942A52B17-LeaderElection25] INFO  impl.LeaderElection (LeaderElection.java:askForVotes(178)) - 9177c858-a268-40f9-9002-b55f0938111c@group-F53942A52B17-LeaderElection25: begin an election at term 2 for 0: [9177c858-a268-40f9-9002-b55f0938111c:192.168.30.33:45809, 2cd22177-8dc0-4d5f-89f9-7752b425b8cc:192.168.30.33:46866, 5c1618f3-71c2-48a0-8463-ff7ec92ae88c:192.168.30.33:41803], old=null
2019-10-04 19:34:33,964 [9177c858-a268-40f9-9002-b55f0938111c@group-F53942A52B17-LeaderElection25] INFO  impl.LeaderElection (LogUtils.java:infoOrTrace(149)) - 9177c858-a268-40f9-9002-b55f0938111c@group-F53942A52B17-LeaderElection25 got exception when requesting votes: {}
java.util.concurrent.ExecutionException: org.apache.ratis.thirdparty.io.grpc.StatusRuntimeException: UNAVAILABLE: io exception
	at java.util.concurrent.FutureTask.report(FutureTask.java:122)
	at java.util.concurrent.FutureTask.get(FutureTask.java:192)
	at org.apache.ratis.server.impl.LeaderElection.waitForResults(LeaderElection.java:259)
	at org.apache.ratis.server.impl.LeaderElection.askForVotes(LeaderElection.java:197)
	at org.apache.ratis.server.impl.LeaderElection.run(LeaderElection.java:133)
	at java.lang.Thread.run(Thread.java:748)
Caused by: org.apache.ratis.thirdparty.io.grpc.StatusRuntimeException: UNAVAILABLE: io exception
	at org.apache.ratis.thirdparty.io.grpc.stub.ClientCalls.toStatusRuntimeException(ClientCalls.java:233)
	at org.apache.ratis.thirdparty.io.grpc.stub.ClientCalls.getUnchecked(ClientCalls.java:214)
	at org.apache.ratis.thirdparty.io.grpc.stub.ClientCalls.blockingUnaryCall(ClientCalls.java:139)
	at org.apache.ratis.proto.grpc.RaftServerProtocolServiceGrpc$RaftServerProtocolServiceBlockingStub.requestVote(RaftServerProtocolServiceGrpc.java:265)
	at org.apache.ratis.grpc.server.GrpcServerProtocolClient.requestVote(GrpcServerProtocolClient.java:99)
	at org.apache.ratis.grpc.server.GrpcService.requestVote(GrpcService.java:204)
	at org.apache.ratis.server.impl.LeaderElection.lambda$submitRequests$1(LeaderElection.java:234)
	at java.util.concurrent.FutureTask.run(FutureTask.java:266)
	at java.util.concurrent.Executors$RunnableAdapter.call(Executors.java:511)
	at java.util.concurrent.FutureTask.run(FutureTask.java:266)
	at java.util.concurrent.ThreadPoolExecutor.runWorker(ThreadPoolExecutor.java:1149)
	at java.util.concurrent.ThreadPoolExecutor$Worker.run(ThreadPoolExecutor.java:624)
	... 1 more
Caused by: org.apache.ratis.thirdparty.io.netty.channel.AbstractChannel$AnnotatedConnectException: Connection refused: /192.168.30.33:46866
	at sun.nio.ch.SocketChannelImpl.checkConnect(Native Method)
	at sun.nio.ch.SocketChannelImpl.finishConnect(SocketChannelImpl.java:717)
	at org.apache.ratis.thirdparty.io.netty.channel.socket.nio.NioSocketChannel.doFinishConnect(NioSocketChannel.java:327)
	at org.apache.ratis.thirdparty.io.netty.channel.nio.AbstractNioChannel$AbstractNioUnsafe.finishConnect(AbstractNioChannel.java:340)
	at org.apache.ratis.thirdparty.io.netty.channel.nio.NioEventLoop.processSelectedKey(NioEventLoop.java:632)
	at org.apache.ratis.thirdparty.io.netty.channel.nio.NioEventLoop.processSelectedKeysOptimized(NioEventLoop.java:579)
	at org.apache.ratis.thirdparty.io.netty.channel.nio.NioEventLoop.processSelectedKeys(NioEventLoop.java:496)
	at org.apache.ratis.thirdparty.io.netty.channel.nio.NioEventLoop.run(NioEventLoop.java:458)
	at org.apache.ratis.thirdparty.io.netty.util.concurrent.SingleThreadEventExecutor$5.run(SingleThreadEventExecutor.java:897)
	at org.apache.ratis.thirdparty.io.netty.util.concurrent.FastThreadLocalRunnable.run(FastThreadLocalRunnable.java:30)
	... 1 more
Caused by: java.net.ConnectException: Connection refused
	... 11 more
2019-10-04 19:34:33,968 [grpc-default-executor-3] INFO  impl.RaftServerImpl (ServerState.java:setLeader(255)) - 5c1618f3-71c2-48a0-8463-ff7ec92ae88c@group-F53942A52B17: change Leader from 2cd22177-8dc0-4d5f-89f9-7752b425b8cc to null at term 2 for updateCurrentTerm
2019-10-04 19:34:33,969 [grpc-default-executor-3] INFO  impl.RaftServerImpl (RaftServerImpl.java:setRole(170)) - 5c1618f3-71c2-48a0-8463-ff7ec92ae88c@group-F53942A52B17: changes role from  FOLLOWER to FOLLOWER at term 2 for recognizeCandidate:9177c858-a268-40f9-9002-b55f0938111c
2019-10-04 19:34:33,969 [grpc-default-executor-3] INFO  impl.RoleInfo (RoleInfo.java:shutdownFollowerState(121)) - 5c1618f3-71c2-48a0-8463-ff7ec92ae88c: shutdown FollowerState
2019-10-04 19:34:33,969 [grpc-default-executor-3] INFO  impl.RoleInfo (RoleInfo.java:updateAndGet(143)) - 5c1618f3-71c2-48a0-8463-ff7ec92ae88c: start FollowerState
2019-10-04 19:34:33,969 [Thread-752] INFO  impl.FollowerState (FollowerState.java:run(117)) - 5c1618f3-71c2-48a0-8463-ff7ec92ae88c@group-F53942A52B17-FollowerState was interrupted: java.lang.InterruptedException: sleep interrupted
2019-10-04 19:34:33,987 [9177c858-a268-40f9-9002-b55f0938111c@group-F53942A52B17-LeaderElection25] INFO  impl.LeaderElection (LeaderElection.java:logAndReturn(56)) - 9177c858-a268-40f9-9002-b55f0938111c@group-F53942A52B17-LeaderElection25: Election PASSED; received 1 response(s) [9177c858-a268-40f9-9002-b55f0938111c<-5c1618f3-71c2-48a0-8463-ff7ec92ae88c#0:OK-t2] and 1 exception(s); 9177c858-a268-40f9-9002-b55f0938111c@group-F53942A52B17:t2, leader=null, voted=9177c858-a268-40f9-9002-b55f0938111c, raftlog=9177c858-a268-40f9-9002-b55f0938111c@group-F53942A52B17-SegmentedRaftLog:OPENED:c8,f8,i8, conf=0: [9177c858-a268-40f9-9002-b55f0938111c:192.168.30.33:45809, 2cd22177-8dc0-4d5f-89f9-7752b425b8cc:192.168.30.33:46866, 5c1618f3-71c2-48a0-8463-ff7ec92ae88c:192.168.30.33:41803], old=null
2019-10-04 19:34:33,987 [9177c858-a268-40f9-9002-b55f0938111c@group-F53942A52B17-LeaderElection25] INFO  impl.LeaderElection (LogUtils.java:infoOrTrace(149)) -   Exception 0: {}
java.util.concurrent.ExecutionException: org.apache.ratis.thirdparty.io.grpc.StatusRuntimeException: UNAVAILABLE: io exception
	at java.util.concurrent.FutureTask.report(FutureTask.java:122)
	at java.util.concurrent.FutureTask.get(FutureTask.java:192)
	at org.apache.ratis.server.impl.LeaderElection.waitForResults(LeaderElection.java:259)
	at org.apache.ratis.server.impl.LeaderElection.askForVotes(LeaderElection.java:197)
	at org.apache.ratis.server.impl.LeaderElection.run(LeaderElection.java:133)
	at java.lang.Thread.run(Thread.java:748)
Caused by: org.apache.ratis.thirdparty.io.grpc.StatusRuntimeException: UNAVAILABLE: io exception
	at org.apache.ratis.thirdparty.io.grpc.stub.ClientCalls.toStatusRuntimeException(ClientCalls.java:233)
	at org.apache.ratis.thirdparty.io.grpc.stub.ClientCalls.getUnchecked(ClientCalls.java:214)
	at org.apache.ratis.thirdparty.io.grpc.stub.ClientCalls.blockingUnaryCall(ClientCalls.java:139)
	at org.apache.ratis.proto.grpc.RaftServerProtocolServiceGrpc$RaftServerProtocolServiceBlockingStub.requestVote(RaftServerProtocolServiceGrpc.java:265)
	at org.apache.ratis.grpc.server.GrpcServerProtocolClient.requestVote(GrpcServerProtocolClient.java:99)
	at org.apache.ratis.grpc.server.GrpcService.requestVote(GrpcService.java:204)
	at org.apache.ratis.server.impl.LeaderElection.lambda$submitRequests$1(LeaderElection.java:234)
	at java.util.concurrent.FutureTask.run(FutureTask.java:266)
	at java.util.concurrent.Executors$RunnableAdapter.call(Executors.java:511)
	at java.util.concurrent.FutureTask.run(FutureTask.java:266)
	at java.util.concurrent.ThreadPoolExecutor.runWorker(ThreadPoolExecutor.java:1149)
	at java.util.concurrent.ThreadPoolExecutor$Worker.run(ThreadPoolExecutor.java:624)
	... 1 more
Caused by: org.apache.ratis.thirdparty.io.netty.channel.AbstractChannel$AnnotatedConnectException: Connection refused: /192.168.30.33:46866
	at sun.nio.ch.SocketChannelImpl.checkConnect(Native Method)
	at sun.nio.ch.SocketChannelImpl.finishConnect(SocketChannelImpl.java:717)
	at org.apache.ratis.thirdparty.io.netty.channel.socket.nio.NioSocketChannel.doFinishConnect(NioSocketChannel.java:327)
	at org.apache.ratis.thirdparty.io.netty.channel.nio.AbstractNioChannel$AbstractNioUnsafe.finishConnect(AbstractNioChannel.java:340)
	at org.apache.ratis.thirdparty.io.netty.channel.nio.NioEventLoop.processSelectedKey(NioEventLoop.java:632)
	at org.apache.ratis.thirdparty.io.netty.channel.nio.NioEventLoop.processSelectedKeysOptimized(NioEventLoop.java:579)
	at org.apache.ratis.thirdparty.io.netty.channel.nio.NioEventLoop.processSelectedKeys(NioEventLoop.java:496)
	at org.apache.ratis.thirdparty.io.netty.channel.nio.NioEventLoop.run(NioEventLoop.java:458)
	at org.apache.ratis.thirdparty.io.netty.util.concurrent.SingleThreadEventExecutor$5.run(SingleThreadEventExecutor.java:897)
	at org.apache.ratis.thirdparty.io.netty.util.concurrent.FastThreadLocalRunnable.run(FastThreadLocalRunnable.java:30)
	... 1 more
Caused by: java.net.ConnectException: Connection refused
	... 11 more
2019-10-04 19:34:33,987 [9177c858-a268-40f9-9002-b55f0938111c@group-F53942A52B17-LeaderElection25] INFO  impl.RoleInfo (RoleInfo.java:shutdownLeaderElection(134)) - 9177c858-a268-40f9-9002-b55f0938111c: shutdown LeaderElection
2019-10-04 19:34:33,988 [9177c858-a268-40f9-9002-b55f0938111c@group-F53942A52B17-LeaderElection25] INFO  impl.RaftServerImpl (RaftServerImpl.java:setRole(170)) - 9177c858-a268-40f9-9002-b55f0938111c@group-F53942A52B17: changes role from CANDIDATE to LEADER at term 2 for changeToLeader
2019-10-04 19:34:33,988 [9177c858-a268-40f9-9002-b55f0938111c@group-F53942A52B17-LeaderElection25] INFO  impl.RaftServerImpl (ServerState.java:setLeader(255)) - 9177c858-a268-40f9-9002-b55f0938111c@group-F53942A52B17: change Leader from null to 9177c858-a268-40f9-9002-b55f0938111c at term 2 for becomeLeader, leader elected after 44ms
2019-10-04 19:34:33,988 [9177c858-a268-40f9-9002-b55f0938111c@group-F53942A52B17-LeaderElection25] INFO  server.RaftServerConfigKeys (ConfUtils.java:logGet(43)) - raft.server.staging.catchup.gap = 1000 (default)
2019-10-04 19:34:33,988 [9177c858-a268-40f9-9002-b55f0938111c@group-F53942A52B17-LeaderElection25] INFO  server.RaftServerConfigKeys (ConfUtils.java:logGet(43)) - raft.server.rpc.sleep.time = 25ms (default)
2019-10-04 19:34:33,989 [9177c858-a268-40f9-9002-b55f0938111c@group-F53942A52B17-LeaderElection25] INFO  server.RaftServerConfigKeys (ConfUtils.java:logGet(43)) - raft.server.write.element-limit = 4096 (default)
2019-10-04 19:34:33,989 [9177c858-a268-40f9-9002-b55f0938111c@group-F53942A52B17-LeaderElection25] INFO  server.RaftServerConfigKeys (ConfUtils.java:logGet(43)) - raft.server.watch.timeout = 10s (default)
2019-10-04 19:34:33,989 [9177c858-a268-40f9-9002-b55f0938111c@group-F53942A52B17-LeaderElection25] INFO  server.RaftServerConfigKeys (ConfUtils.java:logGet(43)) - raft.server.watch.timeout.denomination = 1s (default)
2019-10-04 19:34:33,989 [9177c858-a268-40f9-9002-b55f0938111c@group-F53942A52B17-LeaderElection25] INFO  server.RaftServerConfigKeys (ConfUtils.java:logGet(43)) - raft.server.watch.element-limit = 65536 (default)
2019-10-04 19:34:33,992 [9177c858-a268-40f9-9002-b55f0938111c@group-F53942A52B17-LeaderElection25] INFO  server.RaftServerConfigKeys (ConfUtils.java:logGet(43)) - raft.server.log.appender.snapshot.chunk.size.max = 16MB (=16777216) (default)
2019-10-04 19:34:33,992 [9177c858-a268-40f9-9002-b55f0938111c@group-F53942A52B17-LeaderElection25] INFO  server.RaftServerConfigKeys (ConfUtils.java:logGet(43)) - raft.server.log.appender.buffer.byte-limit = 33554432 (custom)
2019-10-04 19:34:33,992 [9177c858-a268-40f9-9002-b55f0938111c@group-F53942A52B17-LeaderElection25] INFO  server.RaftServerConfigKeys (ConfUtils.java:logGet(43)) - raft.server.log.appender.buffer.element-limit = 1 (custom)
2019-10-04 19:34:33,992 [9177c858-a268-40f9-9002-b55f0938111c@group-F53942A52B17-LeaderElection25] INFO  grpc.GrpcConfigKeys$Server (ConfUtils.java:logGet(43)) - raft.grpc.server.leader.outstanding.appends.max = 128 (default)
2019-10-04 19:34:33,993 [9177c858-a268-40f9-9002-b55f0938111c@group-F53942A52B17-LeaderElection25] INFO  server.RaftServerConfigKeys (ConfUtils.java:logGet(43)) - raft.server.rpc.request.timeout = 3000ms (default)
2019-10-04 19:34:33,993 [9177c858-a268-40f9-9002-b55f0938111c@group-F53942A52B17-LeaderElection25] INFO  server.RaftServerConfigKeys (ConfUtils.java:logGet(43)) - raft.server.log.appender.install.snapshot.enabled = false (custom)
2019-10-04 19:34:33,993 [9177c858-a268-40f9-9002-b55f0938111c@group-F53942A52B17-LeaderElection25] INFO  server.RaftServerConfigKeys (ConfUtils.java:logGet(43)) - raft.server.log.appender.snapshot.chunk.size.max = 16MB (=16777216) (default)
2019-10-04 19:34:33,993 [9177c858-a268-40f9-9002-b55f0938111c@group-F53942A52B17-LeaderElection25] INFO  server.RaftServerConfigKeys (ConfUtils.java:logGet(43)) - raft.server.log.appender.buffer.byte-limit = 33554432 (custom)
2019-10-04 19:34:33,993 [9177c858-a268-40f9-9002-b55f0938111c@group-F53942A52B17-LeaderElection25] INFO  server.RaftServerConfigKeys (ConfUtils.java:logGet(43)) - raft.server.log.appender.buffer.element-limit = 1 (custom)
2019-10-04 19:34:33,993 [9177c858-a268-40f9-9002-b55f0938111c@group-F53942A52B17-LeaderElection25] INFO  grpc.GrpcConfigKeys$Server (ConfUtils.java:logGet(43)) - raft.grpc.server.leader.outstanding.appends.max = 128 (default)
2019-10-04 19:34:33,993 [9177c858-a268-40f9-9002-b55f0938111c@group-F53942A52B17-LeaderElection25] INFO  server.RaftServerConfigKeys (ConfUtils.java:logGet(43)) - raft.server.rpc.request.timeout = 3000ms (default)
2019-10-04 19:34:33,994 [9177c858-a268-40f9-9002-b55f0938111c@group-F53942A52B17-LeaderElection25] INFO  server.RaftServerConfigKeys (ConfUtils.java:logGet(43)) - raft.server.log.appender.install.snapshot.enabled = false (custom)
2019-10-04 19:34:33,994 [9177c858-a268-40f9-9002-b55f0938111c@group-F53942A52B17-LeaderElection25] INFO  impl.RoleInfo (RoleInfo.java:updateAndGet(143)) - 9177c858-a268-40f9-9002-b55f0938111c: start LeaderState
2019-10-04 19:34:33,994 [9177c858-a268-40f9-9002-b55f0938111c@group-F53942A52B17-LeaderElection25] INFO  segmented.SegmentedRaftLogWorker (SegmentedRaftLogWorker.java:rollLogSegment(390)) - 9177c858-a268-40f9-9002-b55f0938111c@group-F53942A52B17-SegmentedRaftLogWorker: Rolling segment log-0_8 to index:8
2019-10-04 19:34:33,997 [9177c858-a268-40f9-9002-b55f0938111c@group-F53942A52B17-LeaderElection25] INFO  impl.RaftServerImpl (ServerState.java:setRaftConf(356)) - 9177c858-a268-40f9-9002-b55f0938111c@group-F53942A52B17: set configuration 9: [9177c858-a268-40f9-9002-b55f0938111c:192.168.30.33:45809, 2cd22177-8dc0-4d5f-89f9-7752b425b8cc:192.168.30.33:46866, 5c1618f3-71c2-48a0-8463-ff7ec92ae88c:192.168.30.33:41803], old=null at 9
2019-10-04 19:34:33,998 [grpc-default-executor-3] WARN  server.GrpcLogAppender (LogUtils.java:warn(134)) - 9177c858-a268-40f9-9002-b55f0938111c@group-F53942A52B17->2cd22177-8dc0-4d5f-89f9-7752b425b8cc-AppendLogResponseHandler: Failed appendEntries: org.apache.ratis.thirdparty.io.grpc.StatusRuntimeException: UNAVAILABLE: io exception
2019-10-04 19:34:34,003 [grpc-default-executor-3] INFO  impl.FollowerInfo (FollowerInfo.java:lambda$new$0(51)) - 9177c858-a268-40f9-9002-b55f0938111c@group-F53942A52B17->2cd22177-8dc0-4d5f-89f9-7752b425b8cc: nextIndex: updateUnconditionally 9 -> 1
2019-10-04 19:34:34,004 [grpc-default-executor-6] INFO  impl.RaftServerImpl (ServerState.java:setLeader(255)) - 5c1618f3-71c2-48a0-8463-ff7ec92ae88c@group-F53942A52B17: change Leader from null to 9177c858-a268-40f9-9002-b55f0938111c at term 2 for appendEntries, leader elected after 35ms
2019-10-04 19:34:34,005 [9177c858-a268-40f9-9002-b55f0938111c@group-F53942A52B17-SegmentedRaftLogWorker] INFO  segmented.SegmentedRaftLogWorker (SegmentedRaftLogWorker.java:execute(531)) - 9177c858-a268-40f9-9002-b55f0938111c@group-F53942A52B17-SegmentedRaftLogWorker: Rolled log segment from /workdir/hadoop-ozone/integration-test/target/test-dir/MiniOzoneClusterImpl-0502f5f3-ae85-49d0-a1df-b910b6e75f44/datanode-3/data/ratis/b3344d58-b70e-4bac-9981-f53942a52b17/current/log_inprogress_0 to /workdir/hadoop-ozone/integration-test/target/test-dir/MiniOzoneClusterImpl-0502f5f3-ae85-49d0-a1df-b910b6e75f44/datanode-3/data/ratis/b3344d58-b70e-4bac-9981-f53942a52b17/current/log_0-8
2019-10-04 19:34:34,008 [grpc-default-executor-6] INFO  impl.RaftServerImpl (ServerState.java:setRaftConf(356)) - 5c1618f3-71c2-48a0-8463-ff7ec92ae88c@group-F53942A52B17: set configuration 9: [9177c858-a268-40f9-9002-b55f0938111c:192.168.30.33:45809, 2cd22177-8dc0-4d5f-89f9-7752b425b8cc:192.168.30.33:46866, 5c1618f3-71c2-48a0-8463-ff7ec92ae88c:192.168.30.33:41803], old=null at 9
2019-10-04 19:34:34,008 [grpc-default-executor-6] INFO  segmented.SegmentedRaftLogWorker (SegmentedRaftLogWorker.java:rollLogSegment(390)) - 5c1618f3-71c2-48a0-8463-ff7ec92ae88c@group-F53942A52B17-SegmentedRaftLogWorker: Rolling segment log-0_8 to index:8
2019-10-04 19:34:34,009 [5c1618f3-71c2-48a0-8463-ff7ec92ae88c@group-F53942A52B17-SegmentedRaftLogWorker] INFO  segmented.SegmentedRaftLogWorker (SegmentedRaftLogWorker.java:execute(531)) - 5c1618f3-71c2-48a0-8463-ff7ec92ae88c@group-F53942A52B17-SegmentedRaftLogWorker: Rolled log segment from /workdir/hadoop-ozone/integration-test/target/test-dir/MiniOzoneClusterImpl-0502f5f3-ae85-49d0-a1df-b910b6e75f44/datanode-2/data/ratis/b3344d58-b70e-4bac-9981-f53942a52b17/current/log_inprogress_0 to /workdir/hadoop-ozone/integration-test/target/test-dir/MiniOzoneClusterImpl-0502f5f3-ae85-49d0-a1df-b910b6e75f44/datanode-2/data/ratis/b3344d58-b70e-4bac-9981-f53942a52b17/current/log_0-8
2019-10-04 19:34:34,048 [9177c858-a268-40f9-9002-b55f0938111c@group-F53942A52B17-SegmentedRaftLogWorker] INFO  segmented.SegmentedRaftLogWorker (SegmentedRaftLogWorker.java:execute(574)) - 9177c858-a268-40f9-9002-b55f0938111c@group-F53942A52B17-SegmentedRaftLogWorker: created new log segment /workdir/hadoop-ozone/integration-test/target/test-dir/MiniOzoneClusterImpl-0502f5f3-ae85-49d0-a1df-b910b6e75f44/datanode-3/data/ratis/b3344d58-b70e-4bac-9981-f53942a52b17/current/log_inprogress_9
2019-10-04 19:34:34,090 [5c1618f3-71c2-48a0-8463-ff7ec92ae88c@group-F53942A52B17-SegmentedRaftLogWorker] INFO  segmented.SegmentedRaftLogWorker (SegmentedRaftLogWorker.java:execute(574)) - 5c1618f3-71c2-48a0-8463-ff7ec92ae88c@group-F53942A52B17-SegmentedRaftLogWorker: created new log segment /workdir/hadoop-ozone/integration-test/target/test-dir/MiniOzoneClusterImpl-0502f5f3-ae85-49d0-a1df-b910b6e75f44/datanode-2/data/ratis/b3344d58-b70e-4bac-9981-f53942a52b17/current/log_inprogress_9
2019-10-04 19:34:34,109 [grpc-default-executor-3] WARN  server.GrpcLogAppender (LogUtils.java:warn(134)) - 9177c858-a268-40f9-9002-b55f0938111c@group-F53942A52B17->2cd22177-8dc0-4d5f-89f9-7752b425b8cc-AppendLogResponseHandler: Failed appendEntries: org.apache.ratis.thirdparty.io.grpc.StatusRuntimeException: UNAVAILABLE: io exception
2019-10-04 19:34:34,109 [grpc-default-executor-3] INFO  impl.FollowerInfo (FollowerInfo.java:lambda$new$0(51)) - 9177c858-a268-40f9-9002-b55f0938111c@group-F53942A52B17->2cd22177-8dc0-4d5f-89f9-7752b425b8cc: nextIndex: updateUnconditionally 2 -> 1
2019-10-04 19:34:34,111 [grpc-default-executor-5] WARN  server.GrpcLogAppender (LogUtils.java:warn(134)) - 9177c858-a268-40f9-9002-b55f0938111c@group-F53942A52B17->2cd22177-8dc0-4d5f-89f9-7752b425b8cc-AppendLogResponseHandler: Failed appendEntries: org.apache.ratis.thirdparty.io.grpc.StatusRuntimeException: UNAVAILABLE: io exception
2019-10-04 19:34:34,111 [grpc-default-executor-5] INFO  impl.FollowerInfo (FollowerInfo.java:lambda$new$0(51)) - 9177c858-a268-40f9-9002-b55f0938111c@group-F53942A52B17->2cd22177-8dc0-4d5f-89f9-7752b425b8cc: nextIndex: updateUnconditionally 2 -> 1
2019-10-04 19:34:35,693 [ForkJoinPool.commonPool-worker-0] INFO  ozoneimpl.OzoneContainer (OzoneContainer.java:stop(231)) - Attempting to stop container services.
2019-10-04 19:34:35,694 [ForkJoinPool.commonPool-worker-0] INFO  impl.RaftServerProxy (RaftServerProxy.java:lambda$close$4(314)) - 5c1618f3-71c2-48a0-8463-ff7ec92ae88c: close
2019-10-04 19:34:35,695 [ForkJoinPool.commonPool-worker-0] INFO  impl.RaftServerImpl (RaftServerImpl.java:lambda$shutdown$3(247)) - 5c1618f3-71c2-48a0-8463-ff7ec92ae88c@group-F53942A52B17: shutdown
2019-10-04 19:34:35,695 [ForkJoinPool.commonPool-worker-0] INFO  util.JmxRegister (JmxRegister.java:unregister(73)) - Successfully un-registered JMX Bean with object name Ratis:service=RaftServer,group=group-F53942A52B17,id=5c1618f3-71c2-48a0-8463-ff7ec92ae88c
2019-10-04 19:34:35,696 [ForkJoinPool.commonPool-worker-0] INFO  impl.RoleInfo (RoleInfo.java:shutdownFollowerState(121)) - 5c1618f3-71c2-48a0-8463-ff7ec92ae88c: shutdown FollowerState
2019-10-04 19:34:35,696 [ForkJoinPool.commonPool-worker-0] INFO  impl.StateMachineUpdater (StateMachineUpdater.java:stopAndJoin(136)) - 5c1618f3-71c2-48a0-8463-ff7ec92ae88c@group-F53942A52B17-StateMachineUpdater: set stopIndex = 9
2019-10-04 19:34:35,696 [Thread-1323] INFO  impl.FollowerState (FollowerState.java:run(117)) - 5c1618f3-71c2-48a0-8463-ff7ec92ae88c@group-F53942A52B17-FollowerState was interrupted: java.lang.InterruptedException: sleep interrupted
2019-10-04 19:34:35,697 [5c1618f3-71c2-48a0-8463-ff7ec92ae88c@group-F53942A52B17-StateMachineUpdater] INFO  ratis.ContainerStateMachine (ContainerStateMachine.java:takeSnapshot(293)) - group-F53942A52B17: Taking a snapshot at:(t:1, i:6) file /workdir/hadoop-ozone/integration-test/target/test-dir/MiniOzoneClusterImpl-0502f5f3-ae85-49d0-a1df-b910b6e75f44/datanode-2/data/ratis/b3344d58-b70e-4bac-9981-f53942a52b17/sm/snapshot.1_6
2019-10-04 19:34:35,725 [5c1618f3-71c2-48a0-8463-ff7ec92ae88c@group-F53942A52B17-StateMachineUpdater] INFO  ratis.ContainerStateMachine (ContainerStateMachine.java:takeSnapshot(304)) - group-F53942A52B17: Finished taking a snapshot at:(t:1, i:6) file:/workdir/hadoop-ozone/integration-test/target/test-dir/MiniOzoneClusterImpl-0502f5f3-ae85-49d0-a1df-b910b6e75f44/datanode-2/data/ratis/b3344d58-b70e-4bac-9981-f53942a52b17/sm/snapshot.1_6 time:29
2019-10-04 19:34:35,727 [5c1618f3-71c2-48a0-8463-ff7ec92ae88c@group-F53942A52B17-StateMachineUpdater] INFO  impl.StateMachineUpdater (StateMachineUpdater.java:takeSnapshot(269)) - 5c1618f3-71c2-48a0-8463-ff7ec92ae88c@group-F53942A52B17-StateMachineUpdater: Took a snapshot at index 6
2019-10-04 19:34:35,727 [5c1618f3-71c2-48a0-8463-ff7ec92ae88c@group-F53942A52B17-StateMachineUpdater] INFO  impl.StateMachineUpdater (StateMachineUpdater.java:lambda$new$0(84)) - 5c1618f3-71c2-48a0-8463-ff7ec92ae88c@group-F53942A52B17-StateMachineUpdater: snapshotIndex: updateIncreasingly -1 -> 6
2019-10-04 19:34:35,728 [5c1618f3-71c2-48a0-8463-ff7ec92ae88c@group-F53942A52B17-StateMachineUpdater] INFO  ratis.ContainerStateMachine (ContainerStateMachine.java:takeSnapshot(293)) - group-F53942A52B17: Taking a snapshot at:(t:1, i:6) file /workdir/hadoop-ozone/integration-test/target/test-dir/MiniOzoneClusterImpl-0502f5f3-ae85-49d0-a1df-b910b6e75f44/datanode-2/data/ratis/b3344d58-b70e-4bac-9981-f53942a52b17/sm/snapshot.1_6
2019-10-04 19:34:35,733 [main] INFO  ozoneimpl.OzoneContainer (OzoneContainer.java:stop(231)) - Attempting to stop container services.
2019-10-04 19:34:35,736 [main] INFO  impl.RaftServerProxy (RaftServerProxy.java:lambda$close$4(314)) - 9177c858-a268-40f9-9002-b55f0938111c: close
2019-10-04 19:34:35,736 [main] INFO  impl.RaftServerImpl (RaftServerImpl.java:lambda$shutdown$3(247)) - 9177c858-a268-40f9-9002-b55f0938111c@group-F53942A52B17: shutdown
2019-10-04 19:34:35,737 [main] INFO  util.JmxRegister (JmxRegister.java:unregister(73)) - Successfully un-registered JMX Bean with object name Ratis:service=RaftServer,group=group-F53942A52B17,id=9177c858-a268-40f9-9002-b55f0938111c
2019-10-04 19:34:35,737 [main] INFO  impl.RoleInfo (RoleInfo.java:shutdownLeaderState(104)) - 9177c858-a268-40f9-9002-b55f0938111c: shutdown LeaderState
2019-10-04 19:34:35,741 [org.apache.ratis.server.impl.LogAppender$AppenderDaemon$$Lambda$505/1873562465@ca16a2b] WARN  server.GrpcLogAppender (GrpcLogAppender.java:mayWait(143)) - 9177c858-a268-40f9-9002-b55f0938111c@group-F53942A52B17->5c1618f3-71c2-48a0-8463-ff7ec92ae88c-GrpcLogAppender: Wait interrupted by java.lang.InterruptedException
2019-10-04 19:34:35,741 [org.apache.ratis.server.impl.LogAppender$AppenderDaemon$$Lambda$505/1873562465@1244f995] WARN  server.GrpcLogAppender (GrpcLogAppender.java:mayWait(143)) - 9177c858-a268-40f9-9002-b55f0938111c@group-F53942A52B17->2cd22177-8dc0-4d5f-89f9-7752b425b8cc-GrpcLogAppender: Wait interrupted by java.lang.InterruptedException
2019-10-04 19:34:35,741 [main] INFO  impl.PendingRequests (PendingRequests.java:sendNotLeaderResponses(202)) - 9177c858-a268-40f9-9002-b55f0938111c@group-F53942A52B17-PendingRequests: sendNotLeaderResponses
2019-10-04 19:34:35,745 [main] INFO  impl.StateMachineUpdater (StateMachineUpdater.java:stopAndJoin(136)) - 9177c858-a268-40f9-9002-b55f0938111c@group-F53942A52B17-StateMachineUpdater: set stopIndex = 10
2019-10-04 19:34:35,745 [grpc-default-executor-5] INFO  server.GrpcServerProtocolService (GrpcServerProtocolService.java:onCompleted(113)) - 5c1618f3-71c2-48a0-8463-ff7ec92ae88c: Completed APPEND_ENTRIES, lastRequest: 9177c858-a268-40f9-9002-b55f0938111c->5c1618f3-71c2-48a0-8463-ff7ec92ae88c#2-t2, previous=(t:2, i:9), leaderCommit=9, initializing? false, entries: size=1, first=(t:2, i:10), METADATAENTRY(c9)
2019-10-04 19:34:35,745 [9177c858-a268-40f9-9002-b55f0938111c@group-F53942A52B17-StateMachineUpdater] INFO  ratis.ContainerStateMachine (ContainerStateMachine.java:takeSnapshot(293)) - group-F53942A52B17: Taking a snapshot at:(t:1, i:6) file /workdir/hadoop-ozone/integration-test/target/test-dir/MiniOzoneClusterImpl-0502f5f3-ae85-49d0-a1df-b910b6e75f44/datanode-3/data/ratis/b3344d58-b70e-4bac-9981-f53942a52b17/sm/snapshot.1_6
2019-10-04 19:34:35,746 [grpc-default-executor-3] INFO  server.GrpcLogAppender (GrpcLogAppender.java:onCompleted(293)) - 9177c858-a268-40f9-9002-b55f0938111c@group-F53942A52B17->5c1618f3-71c2-48a0-8463-ff7ec92ae88c-AppendLogResponseHandler: follower responses appendEntries COMPLETED
2019-10-04 19:34:35,747 [grpc-default-executor-3] INFO  impl.FollowerInfo (FollowerInfo.java:lambda$new$0(51)) - 9177c858-a268-40f9-9002-b55f0938111c@group-F53942A52B17->5c1618f3-71c2-48a0-8463-ff7ec92ae88c: nextIndex: updateUnconditionally 11 -> 10
2019-10-04 19:34:35,761 [5c1618f3-71c2-48a0-8463-ff7ec92ae88c@group-F53942A52B17-StateMachineUpdater] INFO  ratis.ContainerStateMachine (ContainerStateMachine.java:takeSnapshot(304)) - group-F53942A52B17: Finished taking a snapshot at:(t:1, i:6) file:/workdir/hadoop-ozone/integration-test/target/test-dir/MiniOzoneClusterImpl-0502f5f3-ae85-49d0-a1df-b910b6e75f44/datanode-2/data/ratis/b3344d58-b70e-4bac-9981-f53942a52b17/sm/snapshot.1_6 time:33
2019-10-04 19:34:35,762 [5c1618f3-71c2-48a0-8463-ff7ec92ae88c@group-F53942A52B17-StateMachineUpdater] INFO  impl.StateMachineUpdater (StateMachineUpdater.java:takeSnapshot(269)) - 5c1618f3-71c2-48a0-8463-ff7ec92ae88c@group-F53942A52B17-StateMachineUpdater: Took a snapshot at index 6
2019-10-04 19:34:35,762 [5c1618f3-71c2-48a0-8463-ff7ec92ae88c@group-F53942A52B17-StateMachineUpdater] INFO  impl.StateMachineUpdater (StateMachineUpdater.java:lambda$new$0(84)) - 5c1618f3-71c2-48a0-8463-ff7ec92ae88c@group-F53942A52B17-StateMachineUpdater: snapshotIndex: updateIncreasingly 6 -> 6
2019-10-04 19:34:35,762 [ForkJoinPool.commonPool-worker-0] INFO  impl.RaftServerImpl (ServerState.java:close(387)) - 5c1618f3-71c2-48a0-8463-ff7ec92ae88c@group-F53942A52B17: closes. applyIndex: 9
2019-10-04 19:34:35,763 [5c1618f3-71c2-48a0-8463-ff7ec92ae88c@group-F53942A52B17-SegmentedRaftLogWorker] INFO  segmented.SegmentedRaftLogWorker (SegmentedRaftLogWorker.java:run(316)) - 5c1618f3-71c2-48a0-8463-ff7ec92ae88c@group-F53942A52B17-SegmentedRaftLogWorker was interrupted, exiting. There are 0 tasks remaining in the queue.
2019-10-04 19:34:35,770 [ForkJoinPool.commonPool-worker-0] INFO  segmented.SegmentedRaftLogWorker (SegmentedRaftLogWorker.java:close(224)) - 5c1618f3-71c2-48a0-8463-ff7ec92ae88c@group-F53942A52B17-SegmentedRaftLogWorker close()
2019-10-04 19:34:35,772 [ForkJoinPool.commonPool-worker-0] INFO  impl.RaftServerImpl (RaftServerImpl.java:lambda$shutdown$3(247)) - 5c1618f3-71c2-48a0-8463-ff7ec92ae88c@group-0D2383FC21FB: shutdown
2019-10-04 19:34:35,772 [ForkJoinPool.commonPool-worker-0] INFO  util.JmxRegister (JmxRegister.java:unregister(73)) - Successfully un-registered JMX Bean with object name Ratis:service=RaftServer,group=group-0D2383FC21FB,id=5c1618f3-71c2-48a0-8463-ff7ec92ae88c
2019-10-04 19:34:35,772 [ForkJoinPool.commonPool-worker-0] INFO  impl.RoleInfo (RoleInfo.java:shutdownLeaderState(104)) - 5c1618f3-71c2-48a0-8463-ff7ec92ae88c: shutdown LeaderState
2019-10-04 19:34:35,773 [ForkJoinPool.commonPool-worker-0] INFO  impl.PendingRequests (PendingRequests.java:sendNotLeaderResponses(202)) - 5c1618f3-71c2-48a0-8463-ff7ec92ae88c@group-0D2383FC21FB-PendingRequests: sendNotLeaderResponses
2019-10-04 19:34:35,773 [ForkJoinPool.commonPool-worker-0] INFO  impl.StateMachineUpdater (StateMachineUpdater.java:stopAndJoin(136)) - 5c1618f3-71c2-48a0-8463-ff7ec92ae88c@group-0D2383FC21FB-StateMachineUpdater: set stopIndex = 0
2019-10-04 19:34:35,774 [ForkJoinPool.commonPool-worker-0] INFO  impl.RaftServerImpl (ServerState.java:close(387)) - 5c1618f3-71c2-48a0-8463-ff7ec92ae88c@group-0D2383FC21FB: closes. applyIndex: 0
2019-10-04 19:34:35,774 [5c1618f3-71c2-48a0-8463-ff7ec92ae88c@group-0D2383FC21FB-SegmentedRaftLogWorker] INFO  segmented.SegmentedRaftLogWorker (SegmentedRaftLogWorker.java:run(316)) - 5c1618f3-71c2-48a0-8463-ff7ec92ae88c@group-0D2383FC21FB-SegmentedRaftLogWorker was interrupted, exiting. There are 0 tasks remaining in the queue.
2019-10-04 19:34:35,776 [ForkJoinPool.commonPool-worker-0] INFO  segmented.SegmentedRaftLogWorker (SegmentedRaftLogWorker.java:close(224)) - 5c1618f3-71c2-48a0-8463-ff7ec92ae88c@group-0D2383FC21FB-SegmentedRaftLogWorker close()
2019-10-04 19:34:35,778 [9177c858-a268-40f9-9002-b55f0938111c@group-F53942A52B17-StateMachineUpdater] INFO  ratis.ContainerStateMachine (ContainerStateMachine.java:takeSnapshot(304)) - group-F53942A52B17: Finished taking a snapshot at:(t:1, i:6) file:/workdir/hadoop-ozone/integration-test/target/test-dir/MiniOzoneClusterImpl-0502f5f3-ae85-49d0-a1df-b910b6e75f44/datanode-3/data/ratis/b3344d58-b70e-4bac-9981-f53942a52b17/sm/snapshot.1_6 time:33
2019-10-04 19:34:35,778 [ForkJoinPool.commonPool-worker-0] INFO  server.GrpcService (GrpcService.java:closeImpl(164)) - 5c1618f3-71c2-48a0-8463-ff7ec92ae88c: shutdown server with port 41803 now
2019-10-04 19:34:35,779 [9177c858-a268-40f9-9002-b55f0938111c@group-F53942A52B17-StateMachineUpdater] INFO  impl.StateMachineUpdater (StateMachineUpdater.java:takeSnapshot(269)) - 9177c858-a268-40f9-9002-b55f0938111c@group-F53942A52B17-StateMachineUpdater: Took a snapshot at index 6
2019-10-04 19:34:35,779 [ForkJoinPool.commonPool-worker-0] INFO  server.GrpcService (GrpcService.java:closeImpl(172)) - 5c1618f3-71c2-48a0-8463-ff7ec92ae88c: shutdown server with port 41803 successfully
2019-10-04 19:34:35,779 [9177c858-a268-40f9-9002-b55f0938111c@group-F53942A52B17-StateMachineUpdater] INFO  impl.StateMachineUpdater (StateMachineUpdater.java:lambda$new$0(84)) - 9177c858-a268-40f9-9002-b55f0938111c@group-F53942A52B17-StateMachineUpdater: snapshotIndex: updateIncreasingly -1 -> 6
2019-10-04 19:34:35,779 [9177c858-a268-40f9-9002-b55f0938111c@group-F53942A52B17-StateMachineUpdater] INFO  ratis.ContainerStateMachine (ContainerStateMachine.java:takeSnapshot(293)) - group-F53942A52B17: Taking a snapshot at:(t:1, i:6) file /workdir/hadoop-ozone/integration-test/target/test-dir/MiniOzoneClusterImpl-0502f5f3-ae85-49d0-a1df-b910b6e75f44/datanode-3/data/ratis/b3344d58-b70e-4bac-9981-f53942a52b17/sm/snapshot.1_6
2019-10-04 19:34:35,786 [refreshUsed-/workdir/hadoop-ozone/integration-test/target/test-dir/MiniOzoneClusterImpl-0502f5f3-ae85-49d0-a1df-b910b6e75f44/datanode-2/data/containers] WARN  fs.CachingGetSpaceUsed (CachingGetSpaceUsed.java:run(183)) - Thread Interrupted waiting to refresh disk information: sleep interrupted
2019-10-04 19:34:35,804 [9177c858-a268-40f9-9002-b55f0938111c@group-F53942A52B17-StateMachineUpdater] INFO  ratis.ContainerStateMachine (ContainerStateMachine.java:takeSnapshot(304)) - group-F53942A52B17: Finished taking a snapshot at:(t:1, i:6) file:/workdir/hadoop-ozone/integration-test/target/test-dir/MiniOzoneClusterImpl-0502f5f3-ae85-49d0-a1df-b910b6e75f44/datanode-3/data/ratis/b3344d58-b70e-4bac-9981-f53942a52b17/sm/snapshot.1_6 time:25
2019-10-04 19:34:35,804 [9177c858-a268-40f9-9002-b55f0938111c@group-F53942A52B17-StateMachineUpdater] INFO  impl.StateMachineUpdater (StateMachineUpdater.java:takeSnapshot(269)) - 9177c858-a268-40f9-9002-b55f0938111c@group-F53942A52B17-StateMachineUpdater: Took a snapshot at index 6
2019-10-04 19:34:35,805 [9177c858-a268-40f9-9002-b55f0938111c@group-F53942A52B17-StateMachineUpdater] INFO  impl.StateMachineUpdater (StateMachineUpdater.java:lambda$new$0(84)) - 9177c858-a268-40f9-9002-b55f0938111c@group-F53942A52B17-StateMachineUpdater: snapshotIndex: updateIncreasingly 6 -> 6
2019-10-04 19:34:35,805 [main] INFO  impl.RaftServerImpl (ServerState.java:close(387)) - 9177c858-a268-40f9-9002-b55f0938111c@group-F53942A52B17: closes. applyIndex: 10
2019-10-04 19:34:35,806 [9177c858-a268-40f9-9002-b55f0938111c@group-F53942A52B17-SegmentedRaftLogWorker] INFO  segmented.SegmentedRaftLogWorker (SegmentedRaftLogWorker.java:run(316)) - 9177c858-a268-40f9-9002-b55f0938111c@group-F53942A52B17-SegmentedRaftLogWorker was interrupted, exiting. There are 0 tasks remaining in the queue.
2019-10-04 19:34:35,806 [ForkJoinPool.commonPool-worker-0] INFO  utils.BackgroundService (BackgroundService.java:shutdown(148)) - Shutting down service BlockDeletingService
2019-10-04 19:34:35,808 [main] INFO  segmented.SegmentedRaftLogWorker (SegmentedRaftLogWorker.java:close(224)) - 9177c858-a268-40f9-9002-b55f0938111c@group-F53942A52B17-SegmentedRaftLogWorker close()
2019-10-04 19:34:35,812 [main] INFO  impl.RaftServerImpl (RaftServerImpl.java:lambda$shutdown$3(247)) - 9177c858-a268-40f9-9002-b55f0938111c@group-BBD2C5C4BF9E: shutdown
2019-10-04 19:34:35,813 [ForkJoinPool.commonPool-worker-0] INFO  statemachine.DatanodeStateMachine (DatanodeStateMachine.java:stopDaemon(395)) - Ozone container server stopped.
2019-10-04 19:34:35,813 [main] INFO  util.JmxRegister (JmxRegister.java:unregister(73)) - Successfully un-registered JMX Bean with object name Ratis:service=RaftServer,group=group-BBD2C5C4BF9E,id=9177c858-a268-40f9-9002-b55f0938111c
2019-10-04 19:34:35,815 [main] INFO  impl.RoleInfo (RoleInfo.java:shutdownLeaderState(104)) - 9177c858-a268-40f9-9002-b55f0938111c: shutdown LeaderState
2019-10-04 19:34:35,817 [main] INFO  impl.PendingRequests (PendingRequests.java:sendNotLeaderResponses(202)) - 9177c858-a268-40f9-9002-b55f0938111c@group-BBD2C5C4BF9E-PendingRequests: sendNotLeaderResponses
2019-10-04 19:34:35,818 [main] INFO  impl.StateMachineUpdater (StateMachineUpdater.java:stopAndJoin(136)) - 9177c858-a268-40f9-9002-b55f0938111c@group-BBD2C5C4BF9E-StateMachineUpdater: set stopIndex = 0
2019-10-04 19:34:35,818 [main] INFO  impl.RaftServerImpl (ServerState.java:close(387)) - 9177c858-a268-40f9-9002-b55f0938111c@group-BBD2C5C4BF9E: closes. applyIndex: 0
2019-10-04 19:34:35,820 [ForkJoinPool.commonPool-worker-0] INFO  handler.ContextHandler (ContextHandler.java:doStop(910)) - Stopped o.e.j.w.WebAppContext@3f6bf8aa{/,null,UNAVAILABLE}{/hddsDatanode}
2019-10-04 19:34:35,820 [9177c858-a268-40f9-9002-b55f0938111c@group-BBD2C5C4BF9E-SegmentedRaftLogWorker] INFO  segmented.SegmentedRaftLogWorker (SegmentedRaftLogWorker.java:run(316)) - 9177c858-a268-40f9-9002-b55f0938111c@group-BBD2C5C4BF9E-SegmentedRaftLogWorker was interrupted, exiting. There are 0 tasks remaining in the queue.
2019-10-04 19:34:35,822 [main] INFO  segmented.SegmentedRaftLogWorker (SegmentedRaftLogWorker.java:close(224)) - 9177c858-a268-40f9-9002-b55f0938111c@group-BBD2C5C4BF9E-SegmentedRaftLogWorker close()
2019-10-04 19:34:35,824 [main] INFO  server.GrpcService (GrpcService.java:closeImpl(164)) - 9177c858-a268-40f9-9002-b55f0938111c: shutdown server with port 45809 now
2019-10-04 19:34:35,825 [ForkJoinPool.commonPool-worker-0] INFO  server.AbstractConnector (AbstractConnector.java:doStop(318)) - Stopped ServerConnector@13c8ac77{HTTP/1.1,[http/1.1]}{0.0.0.0:0}
2019-10-04 19:34:35,825 [main] INFO  server.GrpcService (GrpcService.java:closeImpl(172)) - 9177c858-a268-40f9-9002-b55f0938111c: shutdown server with port 45809 successfully
2019-10-04 19:34:35,827 [ForkJoinPool.commonPool-worker-0] INFO  handler.ContextHandler (ContextHandler.java:doStop(910)) - Stopped o.e.j.s.ServletContextHandler@2f10f633{/static,jar:file:/home/user/.m2/repository/org/apache/hadoop/hadoop-hdds-container-service/0.5.0-SNAPSHOT/hadoop-hdds-container-service-0.5.0-SNAPSHOT.jar!/webapps/static,UNAVAILABLE}
2019-10-04 19:34:35,829 [ForkJoinPool.commonPool-worker-0] INFO  handler.ContextHandler (ContextHandler.java:doStop(910)) - Stopped o.e.j.s.ServletContextHandler@6088451e{/logs,file:///workdir/hadoop-ozone/integration-test/target/log,UNAVAILABLE}
2019-10-04 19:34:35,843 [refreshUsed-/workdir/hadoop-ozone/integration-test/target/test-dir/MiniOzoneClusterImpl-0502f5f3-ae85-49d0-a1df-b910b6e75f44/datanode-3/data/containers] WARN  fs.CachingGetSpaceUsed (CachingGetSpaceUsed.java:run(183)) - Thread Interrupted waiting to refresh disk information: sleep interrupted
2019-10-04 19:34:35,858 [main] INFO  utils.BackgroundService (BackgroundService.java:shutdown(148)) - Shutting down service BlockDeletingService
2019-10-04 19:34:35,863 [main] INFO  statemachine.DatanodeStateMachine (DatanodeStateMachine.java:stopDaemon(395)) - Ozone container server stopped.
2019-10-04 19:34:35,864 [main] INFO  handler.ContextHandler (ContextHandler.java:doStop(910)) - Stopped o.e.j.w.WebAppContext@66a5755{/,null,UNAVAILABLE}{/hddsDatanode}
2019-10-04 19:34:35,865 [main] INFO  server.AbstractConnector (AbstractConnector.java:doStop(318)) - Stopped ServerConnector@771a7d53{HTTP/1.1,[http/1.1]}{0.0.0.0:0}
2019-10-04 19:34:35,865 [main] INFO  handler.ContextHandler (ContextHandler.java:doStop(910)) - Stopped o.e.j.s.ServletContextHandler@4fa4f485{/static,jar:file:/home/user/.m2/repository/org/apache/hadoop/hadoop-hdds-container-service/0.5.0-SNAPSHOT/hadoop-hdds-container-service-0.5.0-SNAPSHOT.jar!/webapps/static,UNAVAILABLE}
2019-10-04 19:34:35,865 [main] INFO  handler.ContextHandler (ContextHandler.java:doStop(910)) - Stopped o.e.j.s.ServletContextHandler@6af90849{/logs,file:///workdir/hadoop-ozone/integration-test/target/log,UNAVAILABLE}
2019-10-04 19:34:36,096 [Datanode State Machine Thread - 0] INFO  statemachine.DatanodeStateMachine (DatanodeStateMachine.java:lambda$startDaemon$0(350)) - Ozone container server started.
2019-10-04 19:34:36,499 [Datanode State Machine Thread - 0] INFO  statemachine.DatanodeStateMachine (DatanodeStateMachine.java:lambda$startDaemon$0(350)) - Ozone container server started.
2019-10-04 19:34:38,866 [Thread-737] INFO  impl.FollowerState (FollowerState.java:run(108)) - 25bfc741-568a-4d04-9521-21e487846d14@group-A54F85138403-FollowerState: change to CANDIDATE, lastRpcTime:9235ms, electionTimeout:5149ms
2019-10-04 19:34:38,867 [Thread-737] INFO  impl.RoleInfo (RoleInfo.java:shutdownFollowerState(121)) - 25bfc741-568a-4d04-9521-21e487846d14: shutdown FollowerState
2019-10-04 19:34:38,868 [Thread-737] INFO  impl.RaftServerImpl (RaftServerImpl.java:setRole(170)) - 25bfc741-568a-4d04-9521-21e487846d14@group-A54F85138403: changes role from  FOLLOWER to CANDIDATE at term 1 for changeToCandidate
2019-10-04 19:34:38,868 [Thread-737] INFO  impl.RoleInfo (RoleInfo.java:updateAndGet(143)) - 25bfc741-568a-4d04-9521-21e487846d14: start LeaderElection
2019-10-04 19:34:38,871 [25bfc741-568a-4d04-9521-21e487846d14@group-A54F85138403-LeaderElection26] INFO  impl.RaftServerImpl (ServerState.java:setLeader(255)) - 25bfc741-568a-4d04-9521-21e487846d14@group-A54F85138403: change Leader from 5ac861b3-07c8-4be4-9e5d-d11ab006ec66 to null at term 1 for initElection
2019-10-04 19:34:38,897 [25bfc741-568a-4d04-9521-21e487846d14@group-A54F85138403-LeaderElection26] INFO  impl.LeaderElection (LeaderElection.java:askForVotes(178)) - 25bfc741-568a-4d04-9521-21e487846d14@group-A54F85138403-LeaderElection26: begin an election at term 2 for 0: [5ac861b3-07c8-4be4-9e5d-d11ab006ec66:192.168.30.33:40871, 25bfc741-568a-4d04-9521-21e487846d14:192.168.30.33:43253, 49a1584d-cd37-4302-b096-0558ad6a536d:192.168.30.33:44155], old=null
2019-10-04 19:34:38,905 [25bfc741-568a-4d04-9521-21e487846d14@group-A54F85138403-LeaderElection26] INFO  impl.LeaderElection (LogUtils.java:infoOrTrace(149)) - 25bfc741-568a-4d04-9521-21e487846d14@group-A54F85138403-LeaderElection26 got exception when requesting votes: {}
java.util.concurrent.ExecutionException: org.apache.ratis.thirdparty.io.grpc.StatusRuntimeException: UNAVAILABLE: io exception
	at java.util.concurrent.FutureTask.report(FutureTask.java:122)
	at java.util.concurrent.FutureTask.get(FutureTask.java:192)
	at org.apache.ratis.server.impl.LeaderElection.waitForResults(LeaderElection.java:259)
	at org.apache.ratis.server.impl.LeaderElection.askForVotes(LeaderElection.java:197)
	at org.apache.ratis.server.impl.LeaderElection.run(LeaderElection.java:133)
	at java.lang.Thread.run(Thread.java:748)
Caused by: org.apache.ratis.thirdparty.io.grpc.StatusRuntimeException: UNAVAILABLE: io exception
	at org.apache.ratis.thirdparty.io.grpc.stub.ClientCalls.toStatusRuntimeException(ClientCalls.java:233)
	at org.apache.ratis.thirdparty.io.grpc.stub.ClientCalls.getUnchecked(ClientCalls.java:214)
	at org.apache.ratis.thirdparty.io.grpc.stub.ClientCalls.blockingUnaryCall(ClientCalls.java:139)
	at org.apache.ratis.proto.grpc.RaftServerProtocolServiceGrpc$RaftServerProtocolServiceBlockingStub.requestVote(RaftServerProtocolServiceGrpc.java:265)
	at org.apache.ratis.grpc.server.GrpcServerProtocolClient.requestVote(GrpcServerProtocolClient.java:99)
	at org.apache.ratis.grpc.server.GrpcService.requestVote(GrpcService.java:204)
	at org.apache.ratis.server.impl.LeaderElection.lambda$submitRequests$1(LeaderElection.java:234)
	at java.util.concurrent.FutureTask.run(FutureTask.java:266)
	at java.util.concurrent.Executors$RunnableAdapter.call(Executors.java:511)
	at java.util.concurrent.FutureTask.run(FutureTask.java:266)
	at java.util.concurrent.ThreadPoolExecutor.runWorker(ThreadPoolExecutor.java:1149)
	at java.util.concurrent.ThreadPoolExecutor$Worker.run(ThreadPoolExecutor.java:624)
	... 1 more
Caused by: org.apache.ratis.thirdparty.io.netty.channel.AbstractChannel$AnnotatedConnectException: Connection refused: /192.168.30.33:40871
	at sun.nio.ch.SocketChannelImpl.checkConnect(Native Method)
	at sun.nio.ch.SocketChannelImpl.finishConnect(SocketChannelImpl.java:717)
	at org.apache.ratis.thirdparty.io.netty.channel.socket.nio.NioSocketChannel.doFinishConnect(NioSocketChannel.java:327)
	at org.apache.ratis.thirdparty.io.netty.channel.nio.AbstractNioChannel$AbstractNioUnsafe.finishConnect(AbstractNioChannel.java:340)
	at org.apache.ratis.thirdparty.io.netty.channel.nio.NioEventLoop.processSelectedKey(NioEventLoop.java:632)
	at org.apache.ratis.thirdparty.io.netty.channel.nio.NioEventLoop.processSelectedKeysOptimized(NioEventLoop.java:579)
	at org.apache.ratis.thirdparty.io.netty.channel.nio.NioEventLoop.processSelectedKeys(NioEventLoop.java:496)
	at org.apache.ratis.thirdparty.io.netty.channel.nio.NioEventLoop.run(NioEventLoop.java:458)
	at org.apache.ratis.thirdparty.io.netty.util.concurrent.SingleThreadEventExecutor$5.run(SingleThreadEventExecutor.java:897)
	at org.apache.ratis.thirdparty.io.netty.util.concurrent.FastThreadLocalRunnable.run(FastThreadLocalRunnable.java:30)
	... 1 more
Caused by: java.net.ConnectException: Connection refused
	... 11 more
2019-10-04 19:34:38,910 [grpc-default-executor-3] INFO  impl.RaftServerImpl (ServerState.java:setLeader(255)) - 49a1584d-cd37-4302-b096-0558ad6a536d@group-A54F85138403: change Leader from 5ac861b3-07c8-4be4-9e5d-d11ab006ec66 to null at term 2 for updateCurrentTerm
2019-10-04 19:34:38,910 [grpc-default-executor-3] INFO  impl.RaftServerImpl (RaftServerImpl.java:setRole(170)) - 49a1584d-cd37-4302-b096-0558ad6a536d@group-A54F85138403: changes role from  FOLLOWER to FOLLOWER at term 2 for recognizeCandidate:25bfc741-568a-4d04-9521-21e487846d14
2019-10-04 19:34:38,910 [grpc-default-executor-3] INFO  impl.RoleInfo (RoleInfo.java:shutdownFollowerState(121)) - 49a1584d-cd37-4302-b096-0558ad6a536d: shutdown FollowerState
2019-10-04 19:34:38,910 [grpc-default-executor-3] INFO  impl.RoleInfo (RoleInfo.java:updateAndGet(143)) - 49a1584d-cd37-4302-b096-0558ad6a536d: start FollowerState
2019-10-04 19:34:38,911 [Thread-750] INFO  impl.FollowerState (FollowerState.java:run(117)) - 49a1584d-cd37-4302-b096-0558ad6a536d@group-A54F85138403-FollowerState was interrupted: java.lang.InterruptedException: sleep interrupted
2019-10-04 19:34:38,940 [25bfc741-568a-4d04-9521-21e487846d14@group-A54F85138403-LeaderElection26] INFO  impl.LeaderElection (LeaderElection.java:logAndReturn(56)) - 25bfc741-568a-4d04-9521-21e487846d14@group-A54F85138403-LeaderElection26: Election PASSED; received 1 response(s) [25bfc741-568a-4d04-9521-21e487846d14<-49a1584d-cd37-4302-b096-0558ad6a536d#0:OK-t2] and 1 exception(s); 25bfc741-568a-4d04-9521-21e487846d14@group-A54F85138403:t2, leader=null, voted=25bfc741-568a-4d04-9521-21e487846d14, raftlog=25bfc741-568a-4d04-9521-21e487846d14@group-A54F85138403-SegmentedRaftLog:OPENED:c0,f0,i0, conf=0: [5ac861b3-07c8-4be4-9e5d-d11ab006ec66:192.168.30.33:40871, 25bfc741-568a-4d04-9521-21e487846d14:192.168.30.33:43253, 49a1584d-cd37-4302-b096-0558ad6a536d:192.168.30.33:44155], old=null
2019-10-04 19:34:38,940 [25bfc741-568a-4d04-9521-21e487846d14@group-A54F85138403-LeaderElection26] INFO  impl.LeaderElection (LogUtils.java:infoOrTrace(149)) -   Exception 0: {}
java.util.concurrent.ExecutionException: org.apache.ratis.thirdparty.io.grpc.StatusRuntimeException: UNAVAILABLE: io exception
	at java.util.concurrent.FutureTask.report(FutureTask.java:122)
	at java.util.concurrent.FutureTask.get(FutureTask.java:192)
	at org.apache.ratis.server.impl.LeaderElection.waitForResults(LeaderElection.java:259)
	at org.apache.ratis.server.impl.LeaderElection.askForVotes(LeaderElection.java:197)
	at org.apache.ratis.server.impl.LeaderElection.run(LeaderElection.java:133)
	at java.lang.Thread.run(Thread.java:748)
Caused by: org.apache.ratis.thirdparty.io.grpc.StatusRuntimeException: UNAVAILABLE: io exception
	at org.apache.ratis.thirdparty.io.grpc.stub.ClientCalls.toStatusRuntimeException(ClientCalls.java:233)
	at org.apache.ratis.thirdparty.io.grpc.stub.ClientCalls.getUnchecked(ClientCalls.java:214)
	at org.apache.ratis.thirdparty.io.grpc.stub.ClientCalls.blockingUnaryCall(ClientCalls.java:139)
	at org.apache.ratis.proto.grpc.RaftServerProtocolServiceGrpc$RaftServerProtocolServiceBlockingStub.requestVote(RaftServerProtocolServiceGrpc.java:265)
	at org.apache.ratis.grpc.server.GrpcServerProtocolClient.requestVote(GrpcServerProtocolClient.java:99)
	at org.apache.ratis.grpc.server.GrpcService.requestVote(GrpcService.java:204)
	at org.apache.ratis.server.impl.LeaderElection.lambda$submitRequests$1(LeaderElection.java:234)
	at java.util.concurrent.FutureTask.run(FutureTask.java:266)
	at java.util.concurrent.Executors$RunnableAdapter.call(Executors.java:511)
	at java.util.concurrent.FutureTask.run(FutureTask.java:266)
	at java.util.concurrent.ThreadPoolExecutor.runWorker(ThreadPoolExecutor.java:1149)
	at java.util.concurrent.ThreadPoolExecutor$Worker.run(ThreadPoolExecutor.java:624)
	... 1 more
Caused by: org.apache.ratis.thirdparty.io.netty.channel.AbstractChannel$AnnotatedConnectException: Connection refused: /192.168.30.33:40871
	at sun.nio.ch.SocketChannelImpl.checkConnect(Native Method)
	at sun.nio.ch.SocketChannelImpl.finishConnect(SocketChannelImpl.java:717)
	at org.apache.ratis.thirdparty.io.netty.channel.socket.nio.NioSocketChannel.doFinishConnect(NioSocketChannel.java:327)
	at org.apache.ratis.thirdparty.io.netty.channel.nio.AbstractNioChannel$AbstractNioUnsafe.finishConnect(AbstractNioChannel.java:340)
	at org.apache.ratis.thirdparty.io.netty.channel.nio.NioEventLoop.processSelectedKey(NioEventLoop.java:632)
	at org.apache.ratis.thirdparty.io.netty.channel.nio.NioEventLoop.processSelectedKeysOptimized(NioEventLoop.java:579)
	at org.apache.ratis.thirdparty.io.netty.channel.nio.NioEventLoop.processSelectedKeys(NioEventLoop.java:496)
	at org.apache.ratis.thirdparty.io.netty.channel.nio.NioEventLoop.run(NioEventLoop.java:458)
	at org.apache.ratis.thirdparty.io.netty.util.concurrent.SingleThreadEventExecutor$5.run(SingleThreadEventExecutor.java:897)
	at org.apache.ratis.thirdparty.io.netty.util.concurrent.FastThreadLocalRunnable.run(FastThreadLocalRunnable.java:30)
	... 1 more
Caused by: java.net.ConnectException: Connection refused
	... 11 more
2019-10-04 19:34:38,941 [25bfc741-568a-4d04-9521-21e487846d14@group-A54F85138403-LeaderElection26] INFO  impl.RoleInfo (RoleInfo.java:shutdownLeaderElection(134)) - 25bfc741-568a-4d04-9521-21e487846d14: shutdown LeaderElection
2019-10-04 19:34:38,941 [25bfc741-568a-4d04-9521-21e487846d14@group-A54F85138403-LeaderElection26] INFO  impl.RaftServerImpl (RaftServerImpl.java:setRole(170)) - 25bfc741-568a-4d04-9521-21e487846d14@group-A54F85138403: changes role from CANDIDATE to LEADER at term 2 for changeToLeader
2019-10-04 19:34:38,941 [25bfc741-568a-4d04-9521-21e487846d14@group-A54F85138403-LeaderElection26] INFO  impl.RaftServerImpl (ServerState.java:setLeader(255)) - 25bfc741-568a-4d04-9521-21e487846d14@group-A54F85138403: change Leader from null to 25bfc741-568a-4d04-9521-21e487846d14 at term 2 for becomeLeader, leader elected after 70ms
2019-10-04 19:34:38,942 [25bfc741-568a-4d04-9521-21e487846d14@group-A54F85138403-LeaderElection26] INFO  server.RaftServerConfigKeys (ConfUtils.java:logGet(43)) - raft.server.staging.catchup.gap = 1000 (default)
2019-10-04 19:34:38,942 [25bfc741-568a-4d04-9521-21e487846d14@group-A54F85138403-LeaderElection26] INFO  server.RaftServerConfigKeys (ConfUtils.java:logGet(43)) - raft.server.rpc.sleep.time = 25ms (default)
2019-10-04 19:34:38,942 [25bfc741-568a-4d04-9521-21e487846d14@group-A54F85138403-LeaderElection26] INFO  server.RaftServerConfigKeys (ConfUtils.java:logGet(43)) - raft.server.write.element-limit = 4096 (default)
2019-10-04 19:34:38,943 [25bfc741-568a-4d04-9521-21e487846d14@group-A54F85138403-LeaderElection26] INFO  server.RaftServerConfigKeys (ConfUtils.java:logGet(43)) - raft.server.watch.timeout = 10s (default)
2019-10-04 19:34:38,943 [25bfc741-568a-4d04-9521-21e487846d14@group-A54F85138403-LeaderElection26] INFO  server.RaftServerConfigKeys (ConfUtils.java:logGet(43)) - raft.server.watch.timeout.denomination = 1s (default)
2019-10-04 19:34:38,943 [25bfc741-568a-4d04-9521-21e487846d14@group-A54F85138403-LeaderElection26] INFO  server.RaftServerConfigKeys (ConfUtils.java:logGet(43)) - raft.server.watch.element-limit = 65536 (default)
2019-10-04 19:34:38,949 [25bfc741-568a-4d04-9521-21e487846d14@group-A54F85138403-LeaderElection26] INFO  server.RaftServerConfigKeys (ConfUtils.java:logGet(43)) - raft.server.log.appender.snapshot.chunk.size.max = 16MB (=16777216) (default)
2019-10-04 19:34:38,950 [25bfc741-568a-4d04-9521-21e487846d14@group-A54F85138403-LeaderElection26] INFO  server.RaftServerConfigKeys (ConfUtils.java:logGet(43)) - raft.server.log.appender.buffer.byte-limit = 33554432 (custom)
2019-10-04 19:34:38,950 [25bfc741-568a-4d04-9521-21e487846d14@group-A54F85138403-LeaderElection26] INFO  server.RaftServerConfigKeys (ConfUtils.java:logGet(43)) - raft.server.log.appender.buffer.element-limit = 1 (custom)
2019-10-04 19:34:38,950 [25bfc741-568a-4d04-9521-21e487846d14@group-A54F85138403-LeaderElection26] INFO  grpc.GrpcConfigKeys$Server (ConfUtils.java:logGet(43)) - raft.grpc.server.leader.outstanding.appends.max = 128 (default)
2019-10-04 19:34:38,950 [25bfc741-568a-4d04-9521-21e487846d14@group-A54F85138403-LeaderElection26] INFO  server.RaftServerConfigKeys (ConfUtils.java:logGet(43)) - raft.server.rpc.request.timeout = 3000ms (default)
2019-10-04 19:34:38,950 [25bfc741-568a-4d04-9521-21e487846d14@group-A54F85138403-LeaderElection26] INFO  server.RaftServerConfigKeys (ConfUtils.java:logGet(43)) - raft.server.log.appender.install.snapshot.enabled = false (custom)
2019-10-04 19:34:38,951 [25bfc741-568a-4d04-9521-21e487846d14@group-A54F85138403-LeaderElection26] INFO  server.RaftServerConfigKeys (ConfUtils.java:logGet(43)) - raft.server.log.appender.snapshot.chunk.size.max = 16MB (=16777216) (default)
2019-10-04 19:34:38,951 [25bfc741-568a-4d04-9521-21e487846d14@group-A54F85138403-LeaderElection26] INFO  server.RaftServerConfigKeys (ConfUtils.java:logGet(43)) - raft.server.log.appender.buffer.byte-limit = 33554432 (custom)
2019-10-04 19:34:38,951 [25bfc741-568a-4d04-9521-21e487846d14@group-A54F85138403-LeaderElection26] INFO  server.RaftServerConfigKeys (ConfUtils.java:logGet(43)) - raft.server.log.appender.buffer.element-limit = 1 (custom)
2019-10-04 19:34:38,951 [25bfc741-568a-4d04-9521-21e487846d14@group-A54F85138403-LeaderElection26] INFO  grpc.GrpcConfigKeys$Server (ConfUtils.java:logGet(43)) - raft.grpc.server.leader.outstanding.appends.max = 128 (default)
2019-10-04 19:34:38,951 [25bfc741-568a-4d04-9521-21e487846d14@group-A54F85138403-LeaderElection26] INFO  server.RaftServerConfigKeys (ConfUtils.java:logGet(43)) - raft.server.rpc.request.timeout = 3000ms (default)
2019-10-04 19:34:38,952 [25bfc741-568a-4d04-9521-21e487846d14@group-A54F85138403-LeaderElection26] INFO  server.RaftServerConfigKeys (ConfUtils.java:logGet(43)) - raft.server.log.appender.install.snapshot.enabled = false (custom)
2019-10-04 19:34:38,952 [25bfc741-568a-4d04-9521-21e487846d14@group-A54F85138403-LeaderElection26] INFO  impl.RoleInfo (RoleInfo.java:updateAndGet(143)) - 25bfc741-568a-4d04-9521-21e487846d14: start LeaderState
2019-10-04 19:34:38,953 [25bfc741-568a-4d04-9521-21e487846d14@group-A54F85138403-LeaderElection26] INFO  segmented.SegmentedRaftLogWorker (SegmentedRaftLogWorker.java:rollLogSegment(390)) - 25bfc741-568a-4d04-9521-21e487846d14@group-A54F85138403-SegmentedRaftLogWorker: Rolling segment log-0_0 to index:0
2019-10-04 19:34:38,954 [25bfc741-568a-4d04-9521-21e487846d14@group-A54F85138403-LeaderElection26] INFO  impl.RaftServerImpl (ServerState.java:setRaftConf(356)) - 25bfc741-568a-4d04-9521-21e487846d14@group-A54F85138403: set configuration 1: [5ac861b3-07c8-4be4-9e5d-d11ab006ec66:192.168.30.33:40871, 25bfc741-568a-4d04-9521-21e487846d14:192.168.30.33:43253, 49a1584d-cd37-4302-b096-0558ad6a536d:192.168.30.33:44155], old=null at 1
2019-10-04 19:34:38,954 [25bfc741-568a-4d04-9521-21e487846d14@group-A54F85138403-SegmentedRaftLogWorker] INFO  segmented.SegmentedRaftLogWorker (SegmentedRaftLogWorker.java:execute(531)) - 25bfc741-568a-4d04-9521-21e487846d14@group-A54F85138403-SegmentedRaftLogWorker: Rolled log segment from /workdir/hadoop-ozone/integration-test/target/test-dir/MiniOzoneClusterImpl-0502f5f3-ae85-49d0-a1df-b910b6e75f44/datanode-5/data/ratis/5fa133ee-9a26-466e-96c0-a54f85138403/current/log_inprogress_0 to /workdir/hadoop-ozone/integration-test/target/test-dir/MiniOzoneClusterImpl-0502f5f3-ae85-49d0-a1df-b910b6e75f44/datanode-5/data/ratis/5fa133ee-9a26-466e-96c0-a54f85138403/current/log_0-0
2019-10-04 19:34:38,954 [grpc-default-executor-3] WARN  server.GrpcLogAppender (LogUtils.java:warn(134)) - 25bfc741-568a-4d04-9521-21e487846d14@group-A54F85138403->5ac861b3-07c8-4be4-9e5d-d11ab006ec66-AppendLogResponseHandler: Failed appendEntries: org.apache.ratis.thirdparty.io.grpc.StatusRuntimeException: UNAVAILABLE: io exception
2019-10-04 19:34:38,957 [grpc-default-executor-3] INFO  impl.FollowerInfo (FollowerInfo.java:lambda$new$0(51)) - 25bfc741-568a-4d04-9521-21e487846d14@group-A54F85138403->5ac861b3-07c8-4be4-9e5d-d11ab006ec66: nextIndex: updateUnconditionally 1 -> 0
2019-10-04 19:34:38,958 [grpc-default-executor-5] INFO  impl.RaftServerImpl (ServerState.java:setLeader(255)) - 49a1584d-cd37-4302-b096-0558ad6a536d@group-A54F85138403: change Leader from null to 25bfc741-568a-4d04-9521-21e487846d14 at term 2 for appendEntries, leader elected after 47ms
2019-10-04 19:34:38,996 [grpc-default-executor-5] INFO  impl.RaftServerImpl (ServerState.java:setRaftConf(356)) - 49a1584d-cd37-4302-b096-0558ad6a536d@group-A54F85138403: set configuration 1: [5ac861b3-07c8-4be4-9e5d-d11ab006ec66:192.168.30.33:40871, 25bfc741-568a-4d04-9521-21e487846d14:192.168.30.33:43253, 49a1584d-cd37-4302-b096-0558ad6a536d:192.168.30.33:44155], old=null at 1
2019-10-04 19:34:38,996 [grpc-default-executor-5] INFO  segmented.SegmentedRaftLogWorker (SegmentedRaftLogWorker.java:rollLogSegment(390)) - 49a1584d-cd37-4302-b096-0558ad6a536d@group-A54F85138403-SegmentedRaftLogWorker: Rolling segment log-0_0 to index:0
2019-10-04 19:34:38,998 [49a1584d-cd37-4302-b096-0558ad6a536d@group-A54F85138403-SegmentedRaftLogWorker] INFO  segmented.SegmentedRaftLogWorker (SegmentedRaftLogWorker.java:execute(531)) - 49a1584d-cd37-4302-b096-0558ad6a536d@group-A54F85138403-SegmentedRaftLogWorker: Rolled log segment from /workdir/hadoop-ozone/integration-test/target/test-dir/MiniOzoneClusterImpl-0502f5f3-ae85-49d0-a1df-b910b6e75f44/datanode-0/data/ratis/5fa133ee-9a26-466e-96c0-a54f85138403/current/log_inprogress_0 to /workdir/hadoop-ozone/integration-test/target/test-dir/MiniOzoneClusterImpl-0502f5f3-ae85-49d0-a1df-b910b6e75f44/datanode-0/data/ratis/5fa133ee-9a26-466e-96c0-a54f85138403/current/log_0-0
2019-10-04 19:34:39,006 [25bfc741-568a-4d04-9521-21e487846d14@group-A54F85138403-SegmentedRaftLogWorker] INFO  segmented.SegmentedRaftLogWorker (SegmentedRaftLogWorker.java:execute(574)) - 25bfc741-568a-4d04-9521-21e487846d14@group-A54F85138403-SegmentedRaftLogWorker: created new log segment /workdir/hadoop-ozone/integration-test/target/test-dir/MiniOzoneClusterImpl-0502f5f3-ae85-49d0-a1df-b910b6e75f44/datanode-5/data/ratis/5fa133ee-9a26-466e-96c0-a54f85138403/current/log_inprogress_1
2019-10-04 19:34:39,048 [49a1584d-cd37-4302-b096-0558ad6a536d@group-A54F85138403-SegmentedRaftLogWorker] INFO  segmented.SegmentedRaftLogWorker (SegmentedRaftLogWorker.java:execute(574)) - 49a1584d-cd37-4302-b096-0558ad6a536d@group-A54F85138403-SegmentedRaftLogWorker: created new log segment /workdir/hadoop-ozone/integration-test/target/test-dir/MiniOzoneClusterImpl-0502f5f3-ae85-49d0-a1df-b910b6e75f44/datanode-0/data/ratis/5fa133ee-9a26-466e-96c0-a54f85138403/current/log_inprogress_1
2019-10-04 19:34:39,065 [grpc-default-executor-3] WARN  server.GrpcLogAppender (LogUtils.java:warn(134)) - 25bfc741-568a-4d04-9521-21e487846d14@group-A54F85138403->5ac861b3-07c8-4be4-9e5d-d11ab006ec66-AppendLogResponseHandler: Failed appendEntries: org.apache.ratis.thirdparty.io.grpc.StatusRuntimeException: UNAVAILABLE: io exception
2019-10-04 19:34:39,065 [grpc-default-executor-3] INFO  impl.FollowerInfo (FollowerInfo.java:lambda$new$0(51)) - 25bfc741-568a-4d04-9521-21e487846d14@group-A54F85138403->5ac861b3-07c8-4be4-9e5d-d11ab006ec66: nextIndex: updateUnconditionally 1 -> 0
2019-10-04 19:34:39,077 [grpc-default-executor-3] WARN  server.GrpcLogAppender (LogUtils.java:warn(134)) - 25bfc741-568a-4d04-9521-21e487846d14@group-A54F85138403->5ac861b3-07c8-4be4-9e5d-d11ab006ec66-AppendLogResponseHandler: Failed appendEntries: org.apache.ratis.thirdparty.io.grpc.StatusRuntimeException: UNAVAILABLE: io exception
2019-10-04 19:34:39,077 [grpc-default-executor-3] INFO  impl.FollowerInfo (FollowerInfo.java:lambda$new$0(51)) - 25bfc741-568a-4d04-9521-21e487846d14@group-A54F85138403->5ac861b3-07c8-4be4-9e5d-d11ab006ec66: nextIndex: updateUnconditionally 1 -> 0
2019-10-04 19:34:40,832 [ForkJoinPool.commonPool-worker-0] INFO  ozoneimpl.OzoneContainer (OzoneContainer.java:stop(231)) - Attempting to stop container services.
2019-10-04 19:34:40,833 [ForkJoinPool.commonPool-worker-0] INFO  impl.RaftServerProxy (RaftServerProxy.java:lambda$close$4(314)) - 49a1584d-cd37-4302-b096-0558ad6a536d: close
2019-10-04 19:34:40,834 [ForkJoinPool.commonPool-worker-0] INFO  impl.RaftServerImpl (RaftServerImpl.java:lambda$shutdown$3(247)) - 49a1584d-cd37-4302-b096-0558ad6a536d@group-A4DA1BB6CEC6: shutdown
2019-10-04 19:34:40,834 [ForkJoinPool.commonPool-worker-0] INFO  util.JmxRegister (JmxRegister.java:unregister(73)) - Successfully un-registered JMX Bean with object name Ratis:service=RaftServer,group=group-A4DA1BB6CEC6,id=49a1584d-cd37-4302-b096-0558ad6a536d
2019-10-04 19:34:40,834 [ForkJoinPool.commonPool-worker-0] INFO  impl.RoleInfo (RoleInfo.java:shutdownLeaderState(104)) - 49a1584d-cd37-4302-b096-0558ad6a536d: shutdown LeaderState
2019-10-04 19:34:40,835 [ForkJoinPool.commonPool-worker-0] INFO  impl.PendingRequests (PendingRequests.java:sendNotLeaderResponses(202)) - 49a1584d-cd37-4302-b096-0558ad6a536d@group-A4DA1BB6CEC6-PendingRequests: sendNotLeaderResponses
2019-10-04 19:34:40,835 [ForkJoinPool.commonPool-worker-0] INFO  impl.StateMachineUpdater (StateMachineUpdater.java:stopAndJoin(136)) - 49a1584d-cd37-4302-b096-0558ad6a536d@group-A4DA1BB6CEC6-StateMachineUpdater: set stopIndex = 0
2019-10-04 19:34:40,836 [ForkJoinPool.commonPool-worker-0] INFO  impl.RaftServerImpl (ServerState.java:close(387)) - 49a1584d-cd37-4302-b096-0558ad6a536d@group-A4DA1BB6CEC6: closes. applyIndex: 0
2019-10-04 19:34:40,836 [49a1584d-cd37-4302-b096-0558ad6a536d@group-A4DA1BB6CEC6-SegmentedRaftLogWorker] INFO  segmented.SegmentedRaftLogWorker (SegmentedRaftLogWorker.java:run(316)) - 49a1584d-cd37-4302-b096-0558ad6a536d@group-A4DA1BB6CEC6-SegmentedRaftLogWorker was interrupted, exiting. There are 0 tasks remaining in the queue.
2019-10-04 19:34:40,838 [ForkJoinPool.commonPool-worker-0] INFO  segmented.SegmentedRaftLogWorker (SegmentedRaftLogWorker.java:close(224)) - 49a1584d-cd37-4302-b096-0558ad6a536d@group-A4DA1BB6CEC6-SegmentedRaftLogWorker close()
2019-10-04 19:34:40,840 [ForkJoinPool.commonPool-worker-0] INFO  impl.RaftServerImpl (RaftServerImpl.java:lambda$shutdown$3(247)) - 49a1584d-cd37-4302-b096-0558ad6a536d@group-A54F85138403: shutdown
2019-10-04 19:34:40,840 [ForkJoinPool.commonPool-worker-0] INFO  util.JmxRegister (JmxRegister.java:unregister(73)) - Successfully un-registered JMX Bean with object name Ratis:service=RaftServer,group=group-A54F85138403,id=49a1584d-cd37-4302-b096-0558ad6a536d
2019-10-04 19:34:40,841 [ForkJoinPool.commonPool-worker-0] INFO  impl.RoleInfo (RoleInfo.java:shutdownFollowerState(121)) - 49a1584d-cd37-4302-b096-0558ad6a536d: shutdown FollowerState
2019-10-04 19:34:40,841 [ForkJoinPool.commonPool-worker-0] INFO  impl.StateMachineUpdater (StateMachineUpdater.java:stopAndJoin(136)) - 49a1584d-cd37-4302-b096-0558ad6a536d@group-A54F85138403-StateMachineUpdater: set stopIndex = 1
2019-10-04 19:34:40,841 [Thread-1335] INFO  impl.FollowerState (FollowerState.java:run(117)) - 49a1584d-cd37-4302-b096-0558ad6a536d@group-A54F85138403-FollowerState was interrupted: java.lang.InterruptedException: sleep interrupted
2019-10-04 19:34:40,841 [ForkJoinPool.commonPool-worker-0] INFO  impl.RaftServerImpl (ServerState.java:close(387)) - 49a1584d-cd37-4302-b096-0558ad6a536d@group-A54F85138403: closes. applyIndex: 1
2019-10-04 19:34:40,843 [49a1584d-cd37-4302-b096-0558ad6a536d@group-A54F85138403-SegmentedRaftLogWorker] INFO  segmented.SegmentedRaftLogWorker (SegmentedRaftLogWorker.java:run(316)) - 49a1584d-cd37-4302-b096-0558ad6a536d@group-A54F85138403-SegmentedRaftLogWorker was interrupted, exiting. There are 0 tasks remaining in the queue.
2019-10-04 19:34:40,845 [ForkJoinPool.commonPool-worker-0] INFO  segmented.SegmentedRaftLogWorker (SegmentedRaftLogWorker.java:close(224)) - 49a1584d-cd37-4302-b096-0558ad6a536d@group-A54F85138403-SegmentedRaftLogWorker close()
2019-10-04 19:34:40,853 [ForkJoinPool.commonPool-worker-0] INFO  server.GrpcService (GrpcService.java:closeImpl(164)) - 49a1584d-cd37-4302-b096-0558ad6a536d: shutdown server with port 44155 now
2019-10-04 19:34:40,855 [grpc-default-executor-5] WARN  server.GrpcServerProtocolService (LogUtils.java:warn(134)) - 49a1584d-cd37-4302-b096-0558ad6a536d: installSnapshot onError, lastRequest: 25bfc741-568a-4d04-9521-21e487846d14->49a1584d-cd37-4302-b096-0558ad6a536d#2-t2, previous=(t:2, i:1), leaderCommit=1, initializing? false, entries: size=1, first=(t:2, i:2), METADATAENTRY(c1): org.apache.ratis.thirdparty.io.grpc.StatusRuntimeException: CANCELLED: cancelled before receiving half close
2019-10-04 19:34:40,855 [ForkJoinPool.commonPool-worker-0] INFO  server.GrpcService (GrpcService.java:closeImpl(172)) - 49a1584d-cd37-4302-b096-0558ad6a536d: shutdown server with port 44155 successfully
2019-10-04 19:34:40,855 [grpc-default-executor-6] WARN  server.GrpcLogAppender (LogUtils.java:warn(134)) - 25bfc741-568a-4d04-9521-21e487846d14@group-A54F85138403->49a1584d-cd37-4302-b096-0558ad6a536d-AppendLogResponseHandler: Failed appendEntries: org.apache.ratis.thirdparty.io.grpc.StatusRuntimeException: CANCELLED: HTTP/2 error code: CANCEL
Received Rst Stream
2019-10-04 19:34:40,855 [grpc-default-executor-6] INFO  impl.FollowerInfo (FollowerInfo.java:lambda$new$0(51)) - 25bfc741-568a-4d04-9521-21e487846d14@group-A54F85138403->49a1584d-cd37-4302-b096-0558ad6a536d: nextIndex: updateUnconditionally 3 -> 2
2019-10-04 19:34:40,858 [refreshUsed-/workdir/hadoop-ozone/integration-test/target/test-dir/MiniOzoneClusterImpl-0502f5f3-ae85-49d0-a1df-b910b6e75f44/datanode-0/data/containers] WARN  fs.CachingGetSpaceUsed (CachingGetSpaceUsed.java:run(183)) - Thread Interrupted waiting to refresh disk information: sleep interrupted
2019-10-04 19:34:40,867 [main] INFO  ozoneimpl.OzoneContainer (OzoneContainer.java:stop(231)) - Attempting to stop container services.
2019-10-04 19:34:40,868 [main] INFO  impl.RaftServerProxy (RaftServerProxy.java:lambda$close$4(314)) - 0e6ee192-a7f4-44ec-89ed-1c5f71555c9e: close
2019-10-04 19:34:40,869 [main] INFO  impl.RaftServerImpl (RaftServerImpl.java:lambda$shutdown$3(247)) - 0e6ee192-a7f4-44ec-89ed-1c5f71555c9e@group-69EFFB1866E2: shutdown
2019-10-04 19:34:40,869 [main] INFO  util.JmxRegister (JmxRegister.java:unregister(73)) - Successfully un-registered JMX Bean with object name Ratis:service=RaftServer,group=group-69EFFB1866E2,id=0e6ee192-a7f4-44ec-89ed-1c5f71555c9e
2019-10-04 19:34:40,870 [main] INFO  impl.RoleInfo (RoleInfo.java:shutdownLeaderState(104)) - 0e6ee192-a7f4-44ec-89ed-1c5f71555c9e: shutdown LeaderState
2019-10-04 19:34:40,870 [main] INFO  impl.PendingRequests (PendingRequests.java:sendNotLeaderResponses(202)) - 0e6ee192-a7f4-44ec-89ed-1c5f71555c9e@group-69EFFB1866E2-PendingRequests: sendNotLeaderResponses
2019-10-04 19:34:40,871 [main] INFO  impl.StateMachineUpdater (StateMachineUpdater.java:stopAndJoin(136)) - 0e6ee192-a7f4-44ec-89ed-1c5f71555c9e@group-69EFFB1866E2-StateMachineUpdater: set stopIndex = 0
2019-10-04 19:34:40,871 [main] INFO  impl.RaftServerImpl (ServerState.java:close(387)) - 0e6ee192-a7f4-44ec-89ed-1c5f71555c9e@group-69EFFB1866E2: closes. applyIndex: 0
2019-10-04 19:34:40,872 [0e6ee192-a7f4-44ec-89ed-1c5f71555c9e@group-69EFFB1866E2-SegmentedRaftLogWorker] INFO  segmented.SegmentedRaftLogWorker (SegmentedRaftLogWorker.java:run(316)) - 0e6ee192-a7f4-44ec-89ed-1c5f71555c9e@group-69EFFB1866E2-SegmentedRaftLogWorker was interrupted, exiting. There are 0 tasks remaining in the queue.
2019-10-04 19:34:40,872 [main] INFO  segmented.SegmentedRaftLogWorker (SegmentedRaftLogWorker.java:close(224)) - 0e6ee192-a7f4-44ec-89ed-1c5f71555c9e@group-69EFFB1866E2-SegmentedRaftLogWorker close()
2019-10-04 19:34:40,873 [main] INFO  server.GrpcService (GrpcService.java:closeImpl(164)) - 0e6ee192-a7f4-44ec-89ed-1c5f71555c9e: shutdown server with port 46134 now
2019-10-04 19:34:40,875 [main] INFO  server.GrpcService (GrpcService.java:closeImpl(172)) - 0e6ee192-a7f4-44ec-89ed-1c5f71555c9e: shutdown server with port 46134 successfully
2019-10-04 19:34:40,876 [refreshUsed-/workdir/hadoop-ozone/integration-test/target/test-dir/MiniOzoneClusterImpl-0502f5f3-ae85-49d0-a1df-b910b6e75f44/datanode-6/data/containers] WARN  fs.CachingGetSpaceUsed (CachingGetSpaceUsed.java:run(183)) - Thread Interrupted waiting to refresh disk information: sleep interrupted
2019-10-04 19:34:40,881 [ForkJoinPool.commonPool-worker-0] INFO  utils.BackgroundService (BackgroundService.java:shutdown(148)) - Shutting down service BlockDeletingService
2019-10-04 19:34:40,884 [ForkJoinPool.commonPool-worker-0] INFO  statemachine.DatanodeStateMachine (DatanodeStateMachine.java:stopDaemon(395)) - Ozone container server stopped.
2019-10-04 19:34:40,889 [ForkJoinPool.commonPool-worker-0] INFO  handler.ContextHandler (ContextHandler.java:doStop(910)) - Stopped o.e.j.w.WebAppContext@1c3259fa{/,null,UNAVAILABLE}{/hddsDatanode}
2019-10-04 19:34:40,890 [ForkJoinPool.commonPool-worker-0] INFO  server.AbstractConnector (AbstractConnector.java:doStop(318)) - Stopped ServerConnector@217bf99e{HTTP/1.1,[http/1.1]}{0.0.0.0:0}
2019-10-04 19:34:40,894 [ForkJoinPool.commonPool-worker-0] INFO  handler.ContextHandler (ContextHandler.java:doStop(910)) - Stopped o.e.j.s.ServletContextHandler@4130955c{/static,jar:file:/home/user/.m2/repository/org/apache/hadoop/hadoop-hdds-container-service/0.5.0-SNAPSHOT/hadoop-hdds-container-service-0.5.0-SNAPSHOT.jar!/webapps/static,UNAVAILABLE}
2019-10-04 19:34:40,894 [ForkJoinPool.commonPool-worker-0] INFO  handler.ContextHandler (ContextHandler.java:doStop(910)) - Stopped o.e.j.s.ServletContextHandler@17e9bc9e{/logs,file:///workdir/hadoop-ozone/integration-test/target/log,UNAVAILABLE}
2019-10-04 19:34:40,898 [main] INFO  utils.BackgroundService (BackgroundService.java:shutdown(148)) - Shutting down service BlockDeletingService
2019-10-04 19:34:40,902 [main] INFO  statemachine.DatanodeStateMachine (DatanodeStateMachine.java:stopDaemon(395)) - Ozone container server stopped.
2019-10-04 19:34:40,903 [main] INFO  handler.ContextHandler (ContextHandler.java:doStop(910)) - Stopped o.e.j.w.WebAppContext@388623ad{/,null,UNAVAILABLE}{/hddsDatanode}
2019-10-04 19:34:40,903 [main] INFO  server.AbstractConnector (AbstractConnector.java:doStop(318)) - Stopped ServerConnector@91f565d{HTTP/1.1,[http/1.1]}{0.0.0.0:0}
2019-10-04 19:34:40,904 [main] INFO  handler.ContextHandler (ContextHandler.java:doStop(910)) - Stopped o.e.j.s.ServletContextHandler@7237f3c1{/static,jar:file:/home/user/.m2/repository/org/apache/hadoop/hadoop-hdds-container-service/0.5.0-SNAPSHOT/hadoop-hdds-container-service-0.5.0-SNAPSHOT.jar!/webapps/static,UNAVAILABLE}
2019-10-04 19:34:40,904 [main] INFO  handler.ContextHandler (ContextHandler.java:doStop(910)) - Stopped o.e.j.s.ServletContextHandler@78ec89a6{/logs,file:///workdir/hadoop-ozone/integration-test/target/log,UNAVAILABLE}
2019-10-04 19:34:41,402 [Datanode State Machine Thread - 0] INFO  statemachine.DatanodeStateMachine (DatanodeStateMachine.java:lambda$startDaemon$0(350)) - Ozone container server started.
2019-10-04 19:34:41,579 [grpc-default-executor-1] WARN  server.GrpcLogAppender (LogUtils.java:warn(134)) - 25bfc741-568a-4d04-9521-21e487846d14@group-A54F85138403->49a1584d-cd37-4302-b096-0558ad6a536d-AppendLogResponseHandler: Failed appendEntries: org.apache.ratis.thirdparty.io.grpc.StatusRuntimeException: UNAVAILABLE: io exception
2019-10-04 19:34:41,579 [grpc-default-executor-3] WARN  server.GrpcLogAppender (LogUtils.java:warn(134)) - 25bfc741-568a-4d04-9521-21e487846d14@group-A54F85138403->5ac861b3-07c8-4be4-9e5d-d11ab006ec66-AppendLogResponseHandler: Failed appendEntries: org.apache.ratis.thirdparty.io.grpc.StatusRuntimeException: UNAVAILABLE: io exception
2019-10-04 19:34:41,579 [grpc-default-executor-1] INFO  impl.FollowerInfo (FollowerInfo.java:lambda$new$0(51)) - 25bfc741-568a-4d04-9521-21e487846d14@group-A54F85138403->49a1584d-cd37-4302-b096-0558ad6a536d: nextIndex: updateUnconditionally 2 -> 1
2019-10-04 19:34:41,579 [grpc-default-executor-3] INFO  impl.FollowerInfo (FollowerInfo.java:lambda$new$0(51)) - 25bfc741-568a-4d04-9521-21e487846d14@group-A54F85138403->5ac861b3-07c8-4be4-9e5d-d11ab006ec66: nextIndex: updateUnconditionally 0 -> 0
2019-10-04 19:34:44,093 [grpc-default-executor-3] WARN  server.GrpcLogAppender (LogUtils.java:warn(134)) - 25bfc741-568a-4d04-9521-21e487846d14@group-A54F85138403->49a1584d-cd37-4302-b096-0558ad6a536d-AppendLogResponseHandler: Failed appendEntries: org.apache.ratis.thirdparty.io.grpc.StatusRuntimeException: UNAVAILABLE: io exception
2019-10-04 19:34:44,093 [grpc-default-executor-1] WARN  server.GrpcLogAppender (LogUtils.java:warn(134)) - 25bfc741-568a-4d04-9521-21e487846d14@group-A54F85138403->5ac861b3-07c8-4be4-9e5d-d11ab006ec66-AppendLogResponseHandler: Failed appendEntries: org.apache.ratis.thirdparty.io.grpc.StatusRuntimeException: UNAVAILABLE: io exception
2019-10-04 19:34:44,095 [grpc-default-executor-3] INFO  impl.FollowerInfo (FollowerInfo.java:lambda$new$0(51)) - 25bfc741-568a-4d04-9521-21e487846d14@group-A54F85138403->49a1584d-cd37-4302-b096-0558ad6a536d: nextIndex: updateUnconditionally 1 -> 0
2019-10-04 19:34:44,095 [grpc-default-executor-1] INFO  impl.FollowerInfo (FollowerInfo.java:lambda$new$0(51)) - 25bfc741-568a-4d04-9521-21e487846d14@group-A54F85138403->5ac861b3-07c8-4be4-9e5d-d11ab006ec66: nextIndex: updateUnconditionally 0 -> 0
2019-10-04 19:34:45,897 [ForkJoinPool.commonPool-worker-0] INFO  ozoneimpl.OzoneContainer (OzoneContainer.java:stop(231)) - Attempting to stop container services.
2019-10-04 19:34:45,898 [ForkJoinPool.commonPool-worker-0] INFO  impl.RaftServerProxy (RaftServerProxy.java:lambda$close$4(314)) - 25bfc741-568a-4d04-9521-21e487846d14: close
2019-10-04 19:34:45,899 [ForkJoinPool.commonPool-worker-0] INFO  impl.RaftServerImpl (RaftServerImpl.java:lambda$shutdown$3(247)) - 25bfc741-568a-4d04-9521-21e487846d14@group-A09D9D1BF5E5: shutdown
2019-10-04 19:34:45,899 [ForkJoinPool.commonPool-worker-0] INFO  util.JmxRegister (JmxRegister.java:unregister(73)) - Successfully un-registered JMX Bean with object name Ratis:service=RaftServer,group=group-A09D9D1BF5E5,id=25bfc741-568a-4d04-9521-21e487846d14
2019-10-04 19:34:45,900 [ForkJoinPool.commonPool-worker-0] INFO  impl.RoleInfo (RoleInfo.java:shutdownLeaderState(104)) - 25bfc741-568a-4d04-9521-21e487846d14: shutdown LeaderState
2019-10-04 19:34:45,900 [ForkJoinPool.commonPool-worker-0] INFO  impl.PendingRequests (PendingRequests.java:sendNotLeaderResponses(202)) - 25bfc741-568a-4d04-9521-21e487846d14@group-A09D9D1BF5E5-PendingRequests: sendNotLeaderResponses
2019-10-04 19:34:45,901 [ForkJoinPool.commonPool-worker-0] INFO  impl.StateMachineUpdater (StateMachineUpdater.java:stopAndJoin(136)) - 25bfc741-568a-4d04-9521-21e487846d14@group-A09D9D1BF5E5-StateMachineUpdater: set stopIndex = 0
2019-10-04 19:34:45,902 [ForkJoinPool.commonPool-worker-0] INFO  impl.RaftServerImpl (ServerState.java:close(387)) - 25bfc741-568a-4d04-9521-21e487846d14@group-A09D9D1BF5E5: closes. applyIndex: 0
2019-10-04 19:34:45,903 [25bfc741-568a-4d04-9521-21e487846d14@group-A09D9D1BF5E5-SegmentedRaftLogWorker] INFO  segmented.SegmentedRaftLogWorker (SegmentedRaftLogWorker.java:run(316)) - 25bfc741-568a-4d04-9521-21e487846d14@group-A09D9D1BF5E5-SegmentedRaftLogWorker was interrupted, exiting. There are 0 tasks remaining in the queue.
2019-10-04 19:34:45,904 [ForkJoinPool.commonPool-worker-0] INFO  segmented.SegmentedRaftLogWorker (SegmentedRaftLogWorker.java:close(224)) - 25bfc741-568a-4d04-9521-21e487846d14@group-A09D9D1BF5E5-SegmentedRaftLogWorker close()
2019-10-04 19:34:45,904 [ForkJoinPool.commonPool-worker-0] INFO  impl.RaftServerImpl (RaftServerImpl.java:lambda$shutdown$3(247)) - 25bfc741-568a-4d04-9521-21e487846d14@group-A54F85138403: shutdown
2019-10-04 19:34:45,904 [ForkJoinPool.commonPool-worker-0] INFO  util.JmxRegister (JmxRegister.java:unregister(73)) - Successfully un-registered JMX Bean with object name Ratis:service=RaftServer,group=group-A54F85138403,id=25bfc741-568a-4d04-9521-21e487846d14
2019-10-04 19:34:45,904 [ForkJoinPool.commonPool-worker-0] INFO  impl.RoleInfo (RoleInfo.java:shutdownLeaderState(104)) - 25bfc741-568a-4d04-9521-21e487846d14: shutdown LeaderState
2019-10-04 19:34:45,907 [ForkJoinPool.commonPool-worker-0] INFO  impl.PendingRequests (PendingRequests.java:sendNotLeaderResponses(202)) - 25bfc741-568a-4d04-9521-21e487846d14@group-A54F85138403-PendingRequests: sendNotLeaderResponses
2019-10-04 19:34:45,907 [org.apache.ratis.server.impl.LogAppender$AppenderDaemon$$Lambda$505/1873562465@6445550] WARN  server.GrpcLogAppender (GrpcLogAppender.java:mayWait(143)) - 25bfc741-568a-4d04-9521-21e487846d14@group-A54F85138403->5ac861b3-07c8-4be4-9e5d-d11ab006ec66-GrpcLogAppender: Wait interrupted by java.lang.InterruptedException
2019-10-04 19:34:45,909 [org.apache.ratis.server.impl.LogAppender$AppenderDaemon$$Lambda$505/1873562465@532d1638] WARN  server.GrpcLogAppender (GrpcLogAppender.java:mayWait(143)) - 25bfc741-568a-4d04-9521-21e487846d14@group-A54F85138403->49a1584d-cd37-4302-b096-0558ad6a536d-GrpcLogAppender: Wait interrupted by java.lang.InterruptedException
2019-10-04 19:34:45,910 [ForkJoinPool.commonPool-worker-0] INFO  impl.StateMachineUpdater (StateMachineUpdater.java:stopAndJoin(136)) - 25bfc741-568a-4d04-9521-21e487846d14@group-A54F85138403-StateMachineUpdater: set stopIndex = 2
2019-10-04 19:34:45,910 [ForkJoinPool.commonPool-worker-0] INFO  impl.RaftServerImpl (ServerState.java:close(387)) - 25bfc741-568a-4d04-9521-21e487846d14@group-A54F85138403: closes. applyIndex: 2
2019-10-04 19:34:45,910 [25bfc741-568a-4d04-9521-21e487846d14@group-A54F85138403-SegmentedRaftLogWorker] INFO  segmented.SegmentedRaftLogWorker (SegmentedRaftLogWorker.java:run(316)) - 25bfc741-568a-4d04-9521-21e487846d14@group-A54F85138403-SegmentedRaftLogWorker was interrupted, exiting. There are 0 tasks remaining in the queue.
2019-10-04 19:34:45,911 [ForkJoinPool.commonPool-worker-0] INFO  segmented.SegmentedRaftLogWorker (SegmentedRaftLogWorker.java:close(224)) - 25bfc741-568a-4d04-9521-21e487846d14@group-A54F85138403-SegmentedRaftLogWorker close()
2019-10-04 19:34:45,911 [ForkJoinPool.commonPool-worker-0] INFO  server.GrpcService (GrpcService.java:closeImpl(164)) - 25bfc741-568a-4d04-9521-21e487846d14: shutdown server with port 43253 now
2019-10-04 19:34:45,912 [ForkJoinPool.commonPool-worker-0] INFO  server.GrpcService (GrpcService.java:closeImpl(172)) - 25bfc741-568a-4d04-9521-21e487846d14: shutdown server with port 43253 successfully
2019-10-04 19:34:45,917 [refreshUsed-/workdir/hadoop-ozone/integration-test/target/test-dir/MiniOzoneClusterImpl-0502f5f3-ae85-49d0-a1df-b910b6e75f44/datanode-5/data/containers] WARN  fs.CachingGetSpaceUsed (CachingGetSpaceUsed.java:run(183)) - Thread Interrupted waiting to refresh disk information: sleep interrupted
2019-10-04 19:34:45,935 [ForkJoinPool.commonPool-worker-0] INFO  utils.BackgroundService (BackgroundService.java:shutdown(148)) - Shutting down service BlockDeletingService
2019-10-04 19:34:45,938 [ForkJoinPool.commonPool-worker-0] INFO  statemachine.DatanodeStateMachine (DatanodeStateMachine.java:stopDaemon(395)) - Ozone container server stopped.
2019-10-04 19:34:45,940 [ForkJoinPool.commonPool-worker-0] INFO  handler.ContextHandler (ContextHandler.java:doStop(910)) - Stopped o.e.j.w.WebAppContext@640cc04b{/,null,UNAVAILABLE}{/hddsDatanode}
2019-10-04 19:34:45,942 [ForkJoinPool.commonPool-worker-0] INFO  server.AbstractConnector (AbstractConnector.java:doStop(318)) - Stopped ServerConnector@630bf683{HTTP/1.1,[http/1.1]}{0.0.0.0:0}
2019-10-04 19:34:45,942 [ForkJoinPool.commonPool-worker-0] INFO  handler.ContextHandler (ContextHandler.java:doStop(910)) - Stopped o.e.j.s.ServletContextHandler@168b4cb0{/static,jar:file:/home/user/.m2/repository/org/apache/hadoop/hadoop-hdds-container-service/0.5.0-SNAPSHOT/hadoop-hdds-container-service-0.5.0-SNAPSHOT.jar!/webapps/static,UNAVAILABLE}
2019-10-04 19:34:45,942 [ForkJoinPool.commonPool-worker-0] INFO  handler.ContextHandler (ContextHandler.java:doStop(910)) - Stopped o.e.j.s.ServletContextHandler@7f9e8421{/logs,file:///workdir/hadoop-ozone/integration-test/target/log,UNAVAILABLE}
2019-10-04 19:34:45,943 [main] INFO  ozone.MiniOzoneClusterImpl (MiniOzoneClusterImpl.java:stopSCM(392)) - Stopping the StorageContainerManager
2019-10-04 19:34:45,944 [main] INFO  server.StorageContainerManager (StorageContainerManager.java:stop(808)) - Stopping Replication Manager Service.
2019-10-04 19:34:45,944 [main] INFO  container.ReplicationManager (ReplicationManager.java:stop(203)) - Stopping Replication Monitor Thread.
2019-10-04 19:34:45,944 [main] INFO  server.StorageContainerManager (StorageContainerManager.java:stop(815)) - Stopping Lease Manager of the command watchers
2019-10-04 19:34:45,945 [main] INFO  server.StorageContainerManager (StorageContainerManager.java:stop(822)) - Stopping datanode service RPC server
2019-10-04 19:34:45,945 [main] INFO  server.SCMDatanodeProtocolServer (SCMDatanodeProtocolServer.java:stop(346)) - Stopping the RPC server for DataNodes
2019-10-04 19:34:45,945 [main] INFO  ipc.Server (Server.java:stop(3082)) - Stopping server on 43231
2019-10-04 19:34:45,948 [IPC Server listener on 43231] INFO  ipc.Server (Server.java:run(1185)) - Stopping IPC Server listener on 43231
2019-10-04 19:34:45,948 [IPC Server Responder] INFO  ipc.Server (Server.java:run(1319)) - Stopping IPC Server Responder
2019-10-04 19:34:45,965 [SCM Heartbeat Processing Thread - 0] WARN  node.NodeStateManager (NodeStateManager.java:scheduleNextHealthCheck(646)) - Current Thread is interrupted, shutting down HB processing thread for Node Manager.
2019-10-04 19:34:45,966 [main] INFO  server.StorageContainerManager (StorageContainerManager.java:stop(830)) - Stopping block service RPC server
2019-10-04 19:34:45,966 [main] INFO  server.SCMBlockProtocolServer (SCMBlockProtocolServer.java:stop(155)) - Stopping the RPC server for Block Protocol
2019-10-04 19:34:45,966 [main] INFO  ipc.Server (Server.java:stop(3082)) - Stopping server on 41928
2019-10-04 19:34:45,968 [IPC Server listener on 41928] INFO  ipc.Server (Server.java:run(1185)) - Stopping IPC Server listener on 41928
2019-10-04 19:34:45,968 [main] INFO  server.StorageContainerManager (StorageContainerManager.java:stop(837)) - Stopping the StorageContainerLocationProtocol RPC server
2019-10-04 19:34:45,968 [IPC Server Responder] INFO  ipc.Server (Server.java:run(1319)) - Stopping IPC Server Responder
2019-10-04 19:34:45,969 [main] INFO  server.SCMClientProtocolServer (SCMClientProtocolServer.java:stop(168)) - Stopping the RPC server for Client Protocol
2019-10-04 19:34:45,969 [main] INFO  ipc.Server (Server.java:stop(3082)) - Stopping server on 41596
2019-10-04 19:34:45,971 [IPC Server listener on 41596] INFO  ipc.Server (Server.java:run(1185)) - Stopping IPC Server listener on 41596
2019-10-04 19:34:45,971 [main] INFO  server.StorageContainerManager (StorageContainerManager.java:stop(844)) - Stopping Storage Container Manager HTTP server.
2019-10-04 19:34:45,971 [IPC Server Responder] INFO  ipc.Server (Server.java:run(1319)) - Stopping IPC Server Responder
2019-10-04 19:34:45,973 [main] INFO  handler.ContextHandler (ContextHandler.java:doStop(910)) - Stopped o.e.j.w.WebAppContext@3c66b7d8{/,null,UNAVAILABLE}{/scm}
2019-10-04 19:34:45,973 [main] INFO  server.AbstractConnector (AbstractConnector.java:doStop(318)) - Stopped ServerConnector@37e69c43{HTTP/1.1,[http/1.1]}{0.0.0.0:0}
2019-10-04 19:34:45,974 [main] INFO  handler.ContextHandler (ContextHandler.java:doStop(910)) - Stopped o.e.j.s.ServletContextHandler@6587305a{/static,file:///workdir/hadoop-ozone/integration-test/target/test-classes/webapps/static,UNAVAILABLE}
2019-10-04 19:34:45,974 [main] INFO  handler.ContextHandler (ContextHandler.java:doStop(910)) - Stopped o.e.j.s.ServletContextHandler@7c2924d7{/logs,file:///workdir/hadoop-ozone/integration-test/target/log,UNAVAILABLE}
2019-10-04 19:34:45,975 [main] INFO  server.StorageContainerManager (StorageContainerManager.java:stop(855)) - Stopping Block Manager Service.
2019-10-04 19:34:45,975 [main] INFO  utils.BackgroundService (BackgroundService.java:shutdown(148)) - Shutting down service SCMBlockDeletingService
2019-10-04 19:34:45,976 [main] INFO  utils.BackgroundService (BackgroundService.java:shutdown(148)) - Shutting down service SCMBlockDeletingService
2019-10-04 19:34:45,976 [main] INFO  server.StorageContainerManager (StorageContainerManager.java:stop(877)) - Stopping SCM Event Queue.
2019-10-04 19:34:45,980 [main] INFO  impl.MetricsSystemImpl (MetricsSystemImpl.java:stop(210)) - Stopping HddsDatanode metrics system...
2019-10-04 19:34:45,993 [main] INFO  impl.MetricsSystemImpl (MetricsSystemImpl.java:stop(216)) - HddsDatanode metrics system stopped.
]]></system-out>
    <system-err><![CDATA[Oct 04, 2019 7:34:40 PM org.apache.ratis.thirdparty.io.grpc.internal.SerializingExecutor run
SEVERE: Exception while executing runnable org.apache.ratis.thirdparty.io.grpc.internal.ServerImpl$JumpToApplicationThreadServerStreamListener$1Closed@5b7a4e6
org.apache.ratis.thirdparty.io.grpc.StatusRuntimeException: CANCELLED: call already cancelled
	at org.apache.ratis.thirdparty.io.grpc.Status.asRuntimeException(Status.java:517)
	at org.apache.ratis.thirdparty.io.grpc.stub.ServerCalls$ServerCallStreamObserverImpl.onCompleted(ServerCalls.java:356)
	at org.apache.ratis.grpc.server.GrpcServerProtocolService$ServerRequestStreamObserver.onError(GrpcServerProtocolService.java:121)
	at org.apache.ratis.thirdparty.io.grpc.stub.ServerCalls$StreamingServerCallHandler$StreamingServerCallListener.onCancel(ServerCalls.java:269)
	at org.apache.ratis.thirdparty.io.grpc.internal.ServerCallImpl$ServerStreamListenerImpl.closed(ServerCallImpl.java:293)
	at org.apache.ratis.thirdparty.io.grpc.internal.ServerImpl$JumpToApplicationThreadServerStreamListener$1Closed.runInContext(ServerImpl.java:741)
	at org.apache.ratis.thirdparty.io.grpc.internal.ContextRunnable.run(ContextRunnable.java:37)
	at org.apache.ratis.thirdparty.io.grpc.internal.SerializingExecutor.run(SerializingExecutor.java:123)
	at java.util.concurrent.ThreadPoolExecutor.runWorker(ThreadPoolExecutor.java:1149)
	at java.util.concurrent.ThreadPoolExecutor$Worker.run(ThreadPoolExecutor.java:624)
	at java.lang.Thread.run(Thread.java:748)

]]></system-err>
  </testcase>
</testsuite>